TRXV5
3
4
4
9
string Extension=J
integer IsArchMeasurement=1
integer IsSpherical=1
string Generator=SPM
string GeneratorVersion=1.3.1 Dev
double ArchRadius=0.449999988079071
integer FrequencyAxisIndex=0
integer AzimuthAxisIndex=1
integer ElevationAxisIndex=2
Frequency
5 377 1710000000 2650000000 LIN
Azimuth
7 8 0 2.74889357189107 LIN
Elevation
7 15 -2.74889357189107 2.74889357189107 LIN
Polar H Real Part
13
Polar H Imaginary Part
14
Polar V Real Part
13
Polar V Imaginary Part
14
Polar H Magnitude (dB)
12 0xC0000002 0 1
Polar H Phase
7 0xC0000003 0 1
Polar V Magnitude (dB)
12 0xC0000002 2 3
Polar V Phase
7 0xC0000003 2 3
0.0103198703804768 0.0317672253379932 -0.457108592337724 -0.107824091795986
-0.00506915882991279 0.0271485695242127 -0.0798542934760092 -0.28887219585337
-0.0206605326543714 0.0195815098300937 0.194924102332622 -0.1516540867423
-0.0164570780508661 -0.0354049916679284 0.110471463720363 0.161540021624535
0.0511624845397359 -0.0366112403471799 -0.0508608099932402 0.138599042286709
0.0820055802657458 -0.0115770157585664 0.0564751685144638 0.101937343629202
0.0652745387901459 0.0266838903533828 0.122552129607776 0.417809965416227
0.0455029924337177 0.0319556920421081 0.155678917720868 0.662712825110071
0.0457609081226262 0.00317844607712035 0.339882177935502 0.542258219160718
0.0409638201431998 -0.00750763972492333 0.395072758445802 0.159313124981185
0.0403156423310221 -0.00337362314038938 0.245235501353017 -0.131726917868363
-0.0015867507559661 -0.0123008457007207 0.055726921424557 -0.19306431140154
-0.000932866078207384 0.0198935486070019 -0.168154266933721 -0.139461844592395
-0.00457552511948182 0.0449517249193465 -0.142310167754841 0.0276642122258134
0.0131043623354099 0.0304656838567681 -0.102775068817139 -0.078952765498746
-0.0972768523198718 -0.0402060718344771 -0.423066710117528 -0.116989587926944
-0.0429377125222067 -0.11572268412296 -0.0460670799283969 -0.281542000124342
0.0727379110803132 -0.0586265986439726 0.214296747331445 -0.110236707073573
0.0773258048966776 0.0428855368600052 0.0862342353675984 0.184751020161088
-0.0416730394135162 0.0720975030442515 -0.0640301778140919 0.13425880512024
-0.0888407103854508 -0.0736465785134331 0.046843639279713 0.10447845119906
-0.0397847176479318 -0.175751160534815 0.103937335783767 0.404503262805478
-0.0163891791158168 -0.217299696441711 0.159642513870317 0.621417562016107
-0.0771104811872581 -0.18625783051921 0.372104158857705 0.481569973657053
-0.0996890898335826 -0.0369818402891859 0.406111537722704 0.0913865943128056
0.0211221844563987 0.064170405451241 0.206152238714741 -0.184525142521585
0.0411622476982181 -0.0213502881421812 -0.00244219533930142 -0.185787829472741
-0.0135746649252608 -0.0492042697963238 -0.171907457615752 -0.0915912983463431
-0.0868076386723848 -0.0245146764100569 -0.122303729257135 0.0440984532392248
-0.0961735125414881 0.0175468451094615 -0.0812863729548612 -0.08173258089818
-0.183408905294216 -0.112584069214385 -0.356693150651747 -0.0920898942481258
-0.0585015220853547 -0.250336788566682 -0.0218058560695737 -0.231656755490784
0.179991258778997 -0.119724597702853 0.206613049763478 -0.0537622630743399
0.159455995506049 0.146151481682865 0.0569594082393282 0.200012803889466
-0.159187798316314 0.174286557154458 -0.0900431520217303 0.132981624242648
-0.2593354888028 -0.156463739755782 0.0083432862606598 0.0750966963876297
-0.126933071740849 -0.372128075973603 0.0665309367048896 0.315851043774644
-0.0761784468823372 -0.433834391576045 0.1380164681263 0.489832412010547
-0.220835295550773 -0.332742844039797 0.357921879508436 0.367259486500373
-0.26658117005024 -0.0172828949956089 0.373722624091848 0.0118110586235446
-0.00184520915914649 0.178661166849665 0.118213674844352 -0.223415648677866
0.117850454008352 -0.00796143634612225 -0.079081228706432 -0.129371120350448
-0.00246566427383097 -0.13664022695462 -0.136815725961847 -0.0148200192136995
-0.164746028947194 -0.107995329804233 -0.0699131159992553 0.0508933087953108
-0.198399710628336 0.00355184762192623 -0.0225715850199896 -0.0907481286179959
-0.237137346196723 -0.160644721681424 -0.26532146602909 -0.0419884871342521
-0.0642809205024063 -0.345054382756872 -0.0147694784406399 -0.147975131126692
0.269077514124429 -0.15781751019168 0.153272148206876 0.00430963218614163
0.226419352394726 0.249688291899407 0.00394549076703989 0.182845151539924
-0.270202855670344 0.270529555281634 -0.128998125039521 0.111568014524537
-0.407264930420354 -0.229491083698869 -0.0525465732305685 0.00932760325727457
-0.193086642966668 -0.524839624699955 0.0133777783862742 0.154048926834978
-0.123563853969641 -0.583638565233146 0.0953151176285581 0.285966051258616
-0.349684487980895 -0.418842382981973 0.282833683876508 0.223395434197838
-0.414893744474583 0.0506745520228955 0.297145868294452 -0.0270255380066294
0.00934122315167452 0.332670763746956 0.0599410010781253 -0.18895041073911
0.247531582820034 0.00425141848575142 -0.0874082760938224 -0.052799144805743
0.0296410827385738 -0.249261131715808 -0.0681020959267141 0.0462391144104339
-0.227768860652568 -0.204603484245866 -0.00141130833983375 0.0553570059703393
-0.278406879036659 -0.0180296352397342 0.0683310466211604 -0.096135959851457
-0.258325610869837 -0.170961973476521 -0.161417932199678 0.0154948091000179
-0.0764759063589917 -0.369472547447796 -0.0121319862670421 -0.0637339607366587
0.281808345287665 -0.164369388789766 0.0791892457890346 0.0313553420110703
0.238576081612606 0.294356892475011 -0.0405088800892072 0.118231474365433
-0.330443495412932 0.313184016422627 -0.148192304099522 0.0753720536722331
-0.489939462735513 -0.262116452921684 -0.125075845006169 -0.073070949105928
-0.227959686198411 -0.591639327802492 -0.0526372955673346 -0.0540497030026735
-0.155892895853453 -0.647067473166939 0.0333456716095406 0.0385650510142588
-0.419331158890096 -0.448452017657882 0.159612122622838 0.0678825883894461
-0.490115063919795 0.105428547488097 0.210384535545379 -0.0257605751937431
0.0317603611229757 0.42443702906077 0.0743911833490419 -0.15994580490055
0.350116189802592 0.00523158310735362 -0.0685117599137416 -0.0598204429565024
0.0643156074957179 -0.336954941067004 -0.03934309079793 0.0737668241999092
-0.255335825491693 -0.283120085608603 0.0620530324484525 0.0784657057838835
-0.320990640980638 -0.0465479112029443 0.182458605047488 -0.0886270077802601
-0.241696995948505 -0.147881200509007 -0.057030792759665 0.0589157923793533
-0.0920696129356206 -0.319019895653406 0.014856395159432 -0.0105214020660069
0.205191830855718 -0.152680377902423 0.0629220163919597 0.0445314286646187
0.19126194007942 0.231911835969568 -0.0276343388385775 0.0869048625264641
-0.293573533435667 0.259433373884232 -0.151273084390747 0.0803863882145401
-0.449110324834533 -0.239759453538439 -0.203615478269953 -0.13786040992273
-0.225563308977174 -0.550099164144257 -0.126761730642101 -0.263348629973384
-0.159615902601183 -0.608708133252584 -0.0332650839144985 -0.214161060950808
-0.401199831570515 -0.422176612433856 0.0254505611201421 -0.0876802147416418
-0.473615864485636 0.0907814869665174 0.119101512061332 -0.0301336890794762
0.00132888771809596 0.408224137039446 0.0795996652545001 -0.169822449714482
0.354203793951502 0.0280895313892753 -0.102686482817906 -0.10618144937532
0.0953508306787585 -0.339416597971517 -0.0743135378182865 0.113550539994741
-0.230371948159118 -0.312944907245684 0.108711122897129 0.136852779607701
-0.312840049766669 -0.0742815180449879 0.301863369019646 -0.0595505848211505
-0.189877435336333 -0.104508226894203 0.0340942345340892 0.0808302954683184
-0.0887518150196005 -0.224958419250753 0.0706386867075977 0.0107813054978072
0.0946152952840348 -0.123514772517314 0.101029887509049 0.0925508426757995
0.119609372821746 0.110726078851195 -0.0304315969705243 0.136383537747873
-0.17912087049782 0.160139960170902 -0.194678251339684 0.10564659179322
-0.319405559344328 -0.16346229477285 -0.277902106431481 -0.176159421923214
-0.187630493152993 -0.410576404871852 -0.19688660831129 -0.430219386724649
-0.139828855798132 -0.475833188040653 -0.0962988221353445 -0.433745674050516
-0.310058533530345 -0.338530392171301 -0.0831584448126673 -0.233014972350413
-0.381461538137197 0.034886462246744 0.0239121373025908 -0.0505288634408006
-0.0601776832167623 0.304154272385517 0.0609953398131266 -0.163961863668487
0.262489818968691 0.0700123491795276 -0.137852064365365 -0.134181700110544
0.105616073520882 -0.252843081404612 -0.127857881185587 0.159821322467076
-0.159628505627481 -0.272898633809693 0.131280108707891 0.210945251171456
-0.249728297386974 -0.0841047525300631 0.402879938815146 -0.0107718580859439
-0.112569688658635 -0.0615057724022787 0.0950456835694246 0.083806027489397
-0.0530373596138594 -0.125482320751823 0.123216497632058 0.00895813377483508
0.0200636990329041 -0.0758496553722875 0.134237827044578 0.139664404545869
0.0535328427013536 0.0288234638477489 -0.0665570730444784 0.176230999511847
-0.0808642028452553 0.0745694462460461 -0.240756668729149 0.0987529929912657
-0.174958191274197 -0.0710993894670897 -0.326472683073793 -0.183847999492598
-0.125083069229503 -0.217089724130095 -0.263295197142014 -0.522421530746206
-0.0981238970273132 -0.272016261262095 -0.142965880398877 -0.586047031502855
-0.182645225842839 -0.201606988621004 -0.145406728231145 -0.346744513625548
-0.236315049327183 -0.00469072670683971 -0.0497699206270834 -0.0789692542645193
-0.0882944432015563 0.164429498935132 0.0504793218485225 -0.138841883813653
0.131464021304874 0.0809289047334003 -0.134071845083204 -0.155716989549927
0.0832446631691088 -0.128760692773964 -0.173447238512726 0.173041048827206
-0.0697604848685178 -0.174784644546159 0.12523211503263 0.271093248836006
-0.143209620170279 -0.0681664759624275 0.460435131698147 0.043677677824959
0.0116114250234147 0.0311474970792354 -0.461194163076403 -0.102262281509908
-0.00573605935574251 0.027667530786044 -0.0850397666194911 -0.290479676850203
-0.020517979682909 0.0208241256958884 0.19368431008148 -0.158140692935477
-0.0191072969128815 -0.0353744712089486 0.112462695878177 0.160791455499888
0.0519606148388214 -0.0380708874995189 -0.0498533619675103 0.13710571979839
0.0821498514345977 -0.0127939187532357 0.0622377035286429 0.0998817553823002
0.0658349390863068 0.0266372727771905 0.138308159594983 0.420775478925154
0.0460343670698503 0.0317637526386501 0.171802067675385 0.668990713945434
0.0457065491113182 0.00270065809652245 0.355458173726451 0.547650559101382
0.0418933137337389 -0.00752433322963083 0.405849308838796 0.157647836816185
0.0418292222571765 -0.00488894980878934 0.249742541622027 -0.134683278578308
-0.00229297132608165 -0.0135748568375803 0.0555520805237028 -0.200935186155005
-0.00138339669010561 0.0195686194861629 -0.176662070713285 -0.139932149640928
-0.00289947402628764 0.0444487986811191 -0.144027187650146 0.0327373936199791
0.0128401368623331 0.0307898828013494 -0.10648550507396 -0.0755461818168685
-0.0992260058713797 -0.0401619619806093 -0.426622390336722 -0.112362165015028
-0.0466992158127155 -0.116722507326517 -0.0502075705752142 -0.283278527316791
0.072915209114454 -0.06170341481905 0.213580305418549 -0.114988521992776
0.0791710816000841 0.0423882060516122 0.0893214816630028 0.185218467031449
-0.0395359585823437 0.0750213460108434 -0.0626741082952283 0.132891952026769
-0.0935309711204532 -0.0712337008353401 0.0526665214914448 0.102053751369867
-0.0460262074338864 -0.176996128023584 0.117849837152955 0.409184433864184
-0.0223274693538216 -0.220296001647829 0.1738574870565 0.630667997634874
-0.0830331248692492 -0.189264524980295 0.386937841555849 0.485541021268955
-0.10329871848976 -0.0355720658559671 0.417077130103784 0.0874549098696402
0.0219759222547171 0.0617345446053796 0.210443354067149 -0.188942953667161
0.0398765720361231 -0.0211883902922693 -0.00298949666120982 -0.192124025297012
-0.0157011993092238 -0.0482573642586547 -0.179315588261455 -0.0916333719101414
-0.0865073585550739 -0.0225934294905314 -0.123486474445852 0.0485269656327928
-0.0964564275561316 0.0187532905838496 -0.0855938038469939 -0.0796458944694385
-0.188110657087714 -0.111241685963895 -0.358560444751307 -0.0875911008749057
-0.0640100159150733 -0.253831525763965 -0.024466055297751 -0.232783752045891
0.182046105210783 -0.126593098116645 0.20673934613067 -0.0575200565172902
0.166124946107338 0.144872182679254 0.0598484651638796 0.201292319462468
-0.155744250126982 0.183026635614332 -0.0899489592887804 0.132731752421249
-0.268064761054584 -0.151814711608719 0.0126251063249156 0.0737895130599669
-0.138581452466525 -0.374551160609609 0.0782039399561038 0.319735557632267
-0.0864222602023609 -0.439877634234886 0.150896026665244 0.496009620219314
-0.23288273203438 -0.335723759887327 0.369382017897319 0.367738402529783
-0.273954933559006 -0.0129459706651773 0.381794364003706 0.00666490349072432
-0.000474986353316567 0.179992730674512 0.118472168612798 -0.226733074850205
0.117490482414079 -0.00661322264657937 -0.0812122354301317 -0.133626744291951
-0.00544699471866552 -0.135597691639904 -0.142210980328324 -0.0132136508453412
-0.166984945043185 -0.105045256245052 -0.070304675081676 0.0533896335395714
-0.198357852975523 0.00658520777756645 -0.0273836632498321 -0.089050540892642
-0.243152248691018 -0.158994775059256 -0.263785138106584 -0.0376212134894005
-0.0716816030720263 -0.349526457343429 -0.0140112650915965 -0.146958066188437
0.271983467253762 -0.166683181589608 0.153681177096555 0.00442341913115239
0.236801500923461 0.24979026816181 0.00388585963875433 0.186625441712391
-0.266805576090959 0.283103708166168 -0.130082551623885 0.112250881970002
-0.422153117250544 -0.221500377231168 -0.0500597024551884 0.00849481981452054
-0.20979734576524 -0.528395584217731 0.0206061753827296 0.156739397636305
-0.142530707017142 -0.592645582074446 0.102201350854565 0.289510945032823
-0.366414104839669 -0.421000091544984 0.289020735349856 0.222642066860065
-0.42588221947165 0.0610268997561043 0.302042295375764 -0.0301320207475307
0.0142270603977074 0.338388034050748 0.0582662539052264 -0.190424848504998
0.251072797612796 0.00398558196210422 -0.0875229447156594 -0.0542859410617879
0.0258517465640355 -0.250670289106522 -0.0693682231829532 0.0457876176456414
-0.23342855352248 -0.201979125783505 -0.00198489292309634 0.0557995360355992
-0.279541410309707 -0.0138140743393064 0.0638078451409609 -0.0976691667451169
-0.263303070061226 -0.168998211198403 -0.15913643905217 0.0182721128450946
-0.0824852803277797 -0.37181805788819 -0.0104673686017041 -0.0606686456951286
0.285780051707755 -0.172054768768087 0.0791623829750657 0.0341618285351051
0.249928988706704 0.296870077342261 -0.0443762639982361 0.121362272738725
-0.328867870680355 0.328321922565323 -0.150450206358981 0.0750455148481585
-0.506050158424089 -0.254412960810254 -0.126646828240001 -0.0733091569627447
-0.247394731688351 -0.597528319847254 -0.0519496646204118 -0.0530172485140765
-0.174119055355402 -0.653680374305619 0.0342372709461421 0.0395393002425945
-0.438050764524833 -0.448651988405761 0.16075597169815 0.0677123160739656
-0.498942111781088 0.118133341626869 0.212878185120611 -0.0257666148078009
0.0404216355766963 0.433244316649063 0.0759747132154118 -0.161149653095648
0.359647318401177 0.00164370314706492 -0.0674552791248905 -0.0621382897574351
0.0593503185203867 -0.341408888400938 -0.0389796371254853 0.0714870450207719
-0.263457264786352 -0.281329470243539 0.0615842711924458 0.0774061455563461
-0.322546456134588 -0.0422383402038834 0.17896894109178 -0.0911020622342488
-0.24666044722267 -0.145220156869753 -0.0527891464371838 0.0603390630254088
-0.0978368180307836 -0.319032088969466 0.017224557030537 -0.00967540249046448
0.206378211406614 -0.155311742402228 0.0634267149822197 0.0465020538616096
0.197508092586002 0.23467587253824 -0.0304147279766331 0.0897704176597604
-0.294813014779596 0.271144984966552 -0.152310052258904 0.0803781675174761
-0.46518054812211 -0.236128086238976 -0.20901965101926 -0.138273175876871
-0.242555486985165 -0.555863303907567 -0.132212559972529 -0.266215831193382
-0.177575888491806 -0.61612274642858 -0.0394381105731453 -0.216668750679931
-0.418509735192422 -0.42196890637563 0.020254614590199 -0.0878679181777736
-0.481287284449663 0.103205740123248 0.118897878000066 -0.0279531882279523
0.0117990469252677 0.41696307239892 0.0809287569024039 -0.171262004282546
0.36401765291949 0.0212300799679197 -0.103783752199007 -0.108989648452969
0.0901279332861221 -0.346679985417968 -0.0742173602046305 0.113063421615242
-0.239275578299969 -0.31097721111719 0.109277826113388 0.135337755328709
-0.316355424106675 -0.0698419953455036 0.299267835526676 -0.0644686764214674
-0.192509837326099 -0.101267439029088 0.0377657183056992 0.0789085631820498
-0.0919800180400007 -0.223891236698982 0.0728746952806531 0.00969298579490247
0.0939699190331789 -0.122093740436716 0.105056392225411 0.09389210959703
0.120932883576747 0.111074255578665 -0.0307492375486233 0.141064900578353
-0.181656177362989 0.164799617490634 -0.19695489744657 0.109403608382814
-0.329991117066015 -0.162392351133025 -0.285031483414146 -0.178185496988613
-0.199550945268497 -0.41686749682923 -0.208964599342304 -0.434433931567083
-0.153098865804277 -0.481317591214141 -0.107511597147778 -0.439600266393637
-0.323951210698513 -0.339347999851265 -0.0936144314079514 -0.233804967034579
-0.387545314385361 0.043548379058311 0.0215861849598091 -0.0468242208437337
-0.0524413270969019 0.313173448557144 0.0610448375566362 -0.164072241763856
0.270197366948693 0.0644833258638141 -0.140068981807397 -0.134440098275715
0.101594742129408 -0.258986442943477 -0.126717285081886 0.16155679041847
-0.168067921905809 -0.272601846090974 0.134626232460582 0.21078928337236
-0.253756805063362 -0.0801326414411095 0.401667686528779 -0.0172802031291921
-0.113136833280619 -0.0596260745364805 0.0986521515243341 0.0804556318221023
-0.0545018051197811 -0.124211894587414 0.12651154781212 0.00518105358795991
0.0177991747780267 -0.0734126489301598 0.140786773908864 0.141181558323368
0.0525256589744946 0.027586492509707 -0.0674789257221819 0.183418903249933
-0.0824406255872126 0.0760010462094432 -0.246757460012124 0.102481342756241
-0.180403387192112 -0.0708391850775841 -0.334304672403059 -0.186293113288921
-0.12990192227222 -0.220609669987888 -0.275899927467864 -0.529519574696808
-0.104637031399354 -0.274929512395304 -0.158870723612215 -0.592337058191149
-0.18953692142925 -0.202653550658578 -0.15925505858877 -0.348694418915938
-0.240345696324093 0.000101578572349415 -0.0554424714371903 -0.0733010227973791
-0.0846543347856752 0.169979890537573 0.0510436513825141 -0.138264105354582
0.137258227655477 0.0786707769201951 -0.137115447496736 -0.154182473735692
0.0813866691253513 -0.132360033264016 -0.171089036850696 0.176160471400496
-0.074861245071263 -0.17356706863676 0.129217367769909 0.271728761863279
-0.145385108412374 -0.0666342385543544 0.463841088150826 0.0372126370908387
0.0242232473556125 0.020173910854381 -0.46220091877195 0.121472288460829
0.00913722186236992 0.0287468584652709 -0.210268947997704 -0.222802867491904
-0.00717513538286508 0.0292625347023575 0.097794770279823 -0.231599208621199
-0.035456835122956 -0.0206533010336194 0.174606286840305 0.091793717660333
0.0287320815320789 -0.0603897422966529 0.0166652563020785 0.142608455883682
0.0691620197252421 -0.0495488179441323 0.105087277903971 0.0567358454456602
0.0719729677145324 -0.00471205264751944 0.328987824823498 0.309409718932794
0.0570489264970571 0.00843820732993367 0.474466038033866 0.525071023489593
0.042264161318413 -0.0174343753449735 0.582859254275695 0.327843377618732
0.0353959004132706 -0.0259141037568152 0.445460669746735 -0.0485430077559318
0.0363432414106896 -0.0274399829936946 0.167200820522709 -0.239635179271482
-0.00929736129753328 -0.0122376563916972 -0.0429902286025021 -0.213389729311954
0.00569436358113289 0.0173476692915025 -0.229775112982468 -0.0422428739745132
0.0174106096883452 0.0409616286277915 -0.114222310077859 0.0996034874335137
0.0238271948365572 0.0236362437877731 -0.132132846090862 -0.0167106622737306
-0.111214583332641 0.00680619001375522 -0.435409401496548 0.095535191505124
-0.0969438427414352 -0.0850277331367917 -0.174245585690307 -0.231108185955557
0.0387952266444784 -0.0906000863808391 0.138066276082444 -0.202299373275378
0.0906037283362487 0.00228936028700675 0.163255793107232 0.125625768447178
0.000727610023736529 0.0871025531214542 0.00352722791096135 0.144943574496444
-0.120419583829948 -0.0186113752674312 0.0998606966743597 0.0633021592201253
-0.128441928894693 -0.137566050122647 0.305536180385742 0.308240643601932
-0.127405640068913 -0.187766316086463 0.458547291405748 0.488443109159631
-0.166796066201936 -0.130350482930662 0.581175921786125 0.254699459260115
-0.111050960411164 0.0159301828770153 0.42309478508054 -0.117371305081464
0.0483739669581656 0.0424249352544269 0.104506688351052 -0.269257311938341
0.0229002272278962 -0.0367399842254437 -0.0951049283582162 -0.178160108246167
-0.0388195894979121 -0.0336511419639819 -0.20878573169334 0.00346935857675373
-0.0879648623798976 0.0214569539564743 -0.0879658014677488 0.103297879811211
-0.0794260230270136 0.0629350078697818 -0.11465687988725 -0.0298152920495628
-0.226033403902239 -0.0163278471769018 -0.360320727916141 0.0853922413974102
-0.179156091546644 -0.201493516185648 -0.125616742165741 -0.197982275818063
0.107866235267223 -0.20173792716818 0.160411628778217 -0.144708755938333
0.219480162315045 0.0538358382646649 0.144443669179072 0.15502124927764
-0.0543918721673535 0.241832926082209 -0.021628072472911 0.156558917804525
-0.320004553469073 -0.00773067801410039 0.0505984305817243 0.0575975754740832
-0.309689580326608 -0.274080762536964 0.228089734747415 0.248754331701268
-0.292424807109842 -0.357116575815842 0.375074171688408 0.377383462016283
-0.374618844319263 -0.192916131355176 0.50834170431275 0.156968645560024
-0.257495135697942 0.11906382668172 0.351861042810755 -0.174908337040821
0.083206119381646 0.161039544206654 0.00177283652635651 -0.260471558222925
0.102325381446277 -0.0586289880736009 -0.138314197179374 -0.0860976709185811
-0.0693585229980751 -0.115482798204689 -0.136997969107992 0.0549499815654547
-0.19708448060227 -0.0153394500442285 -0.0381499595022034 0.0826419584180451
-0.176204212986892 0.0976958668001137 -0.0683266235306599 -0.0649233388777425
-0.298645942074728 -0.0331528843903979 -0.251044424647401 0.0854056081232088
-0.230511108683002 -0.287413451193711 -0.0743734966084793 -0.123859441889694
0.171691957772226 -0.281016136558643 0.142689765779134 -0.0625175758240009
0.336492290306039 0.115652489254514 0.0856161661825774 0.169545078004417
-0.107491233986204 0.387872313846694 -0.0685919421625463 0.156708588569847
-0.49664257318278 0.00228752821328729 -0.037193689778085 0.0281596393927477
-0.445892236877333 -0.3812929600978 0.0987354107930199 0.12908109873169
-0.414898699036652 -0.470270424462338 0.232230759875688 0.212928975609857
-0.536062002805897 -0.20587289620279 0.36647426286086 0.0645773930635719
-0.359977402718626 0.260879176687374 0.260059831327771 -0.168579199202543
0.17596243792769 0.30020600209308 -0.0340052042120656 -0.197291426742514
0.230039791240194 -0.112689098230459 -0.104382257647454 -0.0114934314578025
-0.0932678283414348 -0.235179305984481 -0.0426473186980547 0.0726866820948386
-0.301722838000144 -0.0707377612854782 0.0228369631911006 0.0519337373122132
-0.258045730940042 0.114706062332999 0.00971772688038817 -0.113212180020265
-0.320806173371331 -0.0324169648053088 -0.129553342114393 0.0876271488723114
-0.250675830349816 -0.300888225722965 -0.0307390082657124 -0.0489663190025055
0.182884395293012 -0.29197915112971 0.0885409731855125 -0.000441289557323965
0.372455547116507 0.155488581832298 0.0115749664785428 0.133880432423118
-0.144457038467903 0.459787421751199 -0.105670898688628 0.132369222711447
-0.590478035814174 0.011013942606454 -0.145817046442774 -0.0108199970165798
-0.517009480777072 -0.428634055884197 -0.0677707852853413 -0.0243487788628531
-0.474251988568055 -0.511745712267594 0.052581530793536 0.018741445268153
-0.613855336055162 -0.197525665587033 0.175402909613592 -0.0143478743175577
-0.397662418115405 0.350043076380441 0.180655667834161 -0.121810721783318
0.247630677935229 0.372765686943907 -0.00386882505535071 -0.178962322858318
0.32728403043468 -0.170367649009917 -0.0891107149317245 -0.0276587093685535
-0.106752618534927 -0.334628329570137 -0.00381881104780393 0.0798641856948068
-0.367912296307244 -0.129275618836686 0.0885990300594572 0.0411461339481178
-0.311117843041881 0.108244095029182 0.115486084459948 -0.161235714766836
-0.292501656469259 -0.0171766622530258 -0.0155533528063091 0.0753478502649559
-0.237186350333896 -0.244316140698138 0.0166807894992505 -0.0162010298352161
0.118985824821359 -0.236868282709843 0.0796885314203458 0.0164464635543012
0.29214315243843 0.123741115149647 0.0102546067122658 0.0976376803516468
-0.143031923769695 0.389846273821426 -0.1039489355361 0.140034733999233
-0.545468877482809 0.00638853280547172 -0.251647489061201 -0.0304328449144134
-0.49150416977583 -0.393838610824774 -0.242694515048719 -0.177428795139734
-0.460314500850216 -0.473818896059691 -0.136622010398563 -0.178396317211388
-0.580989316260695 -0.182617094207003 -0.0264943443197086 -0.087901172946976
-0.385733239001051 0.3265510887779 0.0944669547912786 -0.0768040124031451
0.215997675771845 0.370912387582673 -0.00367804556320681 -0.19094941323091
0.34078237144779 -0.1559143342158 -0.144783802445854 -0.0529317270700411
-0.0837426790880372 -0.352454124785839 -0.0169753571636744 0.133361881972168
-0.360304576979678 -0.167973338188081 0.158580543173469 0.0712623524956373
-0.317853782126823 0.0786759081786705 0.23788564000943 -0.193384747437097
-0.222414208728241 -0.00190771608280205 0.0734932138462197 0.0503248247696361
-0.187938149858133 -0.158979441882604 0.0738927457267053 -0.0264352263443366
0.0301545145848744 -0.150791515551404 0.140101118052985 0.0377159921258437
0.160437622905491 0.0463501826134246 0.0367779176184924 0.145883798319214
-0.0908246157311909 0.236108204576546 -0.130268197306482 0.188315672393108
-0.384155524912204 0.00790750663986088 -0.342906279817739 -0.0295081461589
-0.384041287506739 -0.288430254188733 -0.39178909718435 -0.294094670342542
-0.371494213338955 -0.364512227673029 -0.305804487598952 -0.347808824900892
-0.455782970044665 -0.152082245344732 -0.199473112272723 -0.163878806076743
-0.330658316697515 0.226791365241495 -0.00295398682175422 -0.0467466100175447
0.106556775426176 0.307005622479652 -0.0196969500452351 -0.175272412555714
0.275986263244829 -0.0742782023112988 -0.18852274645011 -0.0559432479816507
-0.0320434938431848 -0.279314449344718 -0.0394506160437003 0.203539288454691
-0.277036184477951 -0.165812151908278 0.216857495158708 0.127302393169822
-0.265165369166885 0.0392704503125463 0.352796190181629 -0.198820420198323
-0.13014329433936 -0.00050812329766376 0.126758719364324 0.0227948796369184
-0.107856272806735 -0.0863537447573775 0.117849360914326 -0.0563133353425457
-0.017000803680026 -0.0702752001043434 0.196193362300574 0.0617337097451297
0.0582219585576258 0.000741759545825491 0.0249384817945156 0.20166932933977
-0.0414828739646 0.106672418322017 -0.179385119760476 0.207340036648845
-0.201085433506458 0.0195567192394277 -0.395070536905426 -0.0149150931796234
-0.224738197451087 -0.142902089731753 -0.500184068274686 -0.35076615341382
-0.227481727878068 -0.200168334567161 -0.427386066540603 -0.464414678600292
-0.270054468390252 -0.0936614779015602 -0.313351611729007 -0.236708988537443
-0.217601746089446 0.115640165712763 -0.0865691306083929 -0.0334024497960256
0.00763158799351271 0.195113475722015 -0.0159145761524426 -0.145949132826511
0.160841741839982 0.00330857685221868 -0.195590774725959 -0.0742236910842669
0.00943248617503054 -0.155272551479405 -0.0713169026940943 0.238580802426741
-0.145841758966918 -0.120190458543045 0.241088427486584 0.185119532212544
-0.160974868173006 0.00232219090848957 0.436064946836635 -0.179788815003455
0.0248226734225329 0.0178387070133164 -0.45443430547471 0.14449715789972
0.010661201787996 0.0290189522981453 -0.223592889172664 -0.21349698755839
-0.005459526278737 0.0304156279495203 0.0844685094640755 -0.236947156393144
-0.0369633599193657 -0.0168344504688186 0.177877395855669 0.0825636740331589
0.0258771090365612 -0.0623426272655632 0.0224464659844858 0.138899969587185
0.0661603564861324 -0.0528060734879348 0.111102573152826 0.0465245418204627
0.0718718113705017 -0.00787930173023266 0.352894482266259 0.288108302906656
0.0577453567421364 0.00591950422951644 0.512017964605519 0.502213462237514
0.0416310780872911 -0.0191942033004636 0.605049672118587 0.298989369808408
0.0351826624258799 -0.0269327157601839 0.450193917954352 -0.0729747509104187
0.0349318075572172 -0.0315616447299377 0.160172317814001 -0.250144668715622
-0.0108266706500443 -0.0113053867021304 -0.0549604962942114 -0.217444509609367
0.00709284178184299 0.0168979636897699 -0.237080316075748 -0.0289650815282581
0.0189628268788267 0.0390945061711956 -0.108782328010508 0.108081376376354
0.0247436991358154 0.0224310365149924 -0.133201338586292 -0.00713865089596392
-0.112356296507135 0.0122126976065116 -0.429258606746356 0.117080591684507
-0.102958732098923 -0.0790919153584274 -0.187647842924808 -0.22350330856313
0.0332300618221443 -0.0938472974691308 0.126021649349625 -0.20957620719476
0.0916641031871882 -0.00268031523487637 0.169135125785976 0.116928689607441
0.00717410579491689 0.0875838327862382 0.0096555922243557 0.141937965476144
-0.122630551659157 -0.00897453021507132 0.105316305112992 0.0535087513108819
-0.138376190818382 -0.128619410593726 0.32971679577708 0.289723886846386
-0.140626992157292 -0.181340083422234 0.492815144260601 0.466031369987342
-0.177356693584496 -0.12155982848557 0.600289089174981 0.22631577371742
-0.112598033627321 0.022769479876128 0.422704836945442 -0.140818679642416
0.0486318086807618 0.0374205501147876 0.0954246847474022 -0.277145821621501
0.0196959118997199 -0.0359547836473761 -0.105542357398199 -0.179106053430273
-0.0404443157978774 -0.0298310905852611 -0.213553798146257 0.0151854699617419
-0.0859068575739943 0.0260554762232168 -0.0824940187293635 0.110494966753642
-0.0751844408320021 0.0669135849400918 -0.116792051698388 -0.0203348092323176
-0.228418522184634 -0.00348148937111338 -0.354126292276445 0.10238066736579
-0.191644243824542 -0.192418916804967 -0.134345706410077 -0.192025853531883
0.0963923917549032 -0.210829686989959 0.153756535518898 -0.153335165388
0.226206724699012 0.0420910430255715 0.15208304499205 0.148717076115929
-0.0383363706937729 0.246702502537253 -0.0146712411649081 0.155898338733214
-0.323291072765321 0.0140491591331803 0.0569864242971085 0.0516613450452785
-0.328865523064902 -0.256215999135086 0.248186504874095 0.234803471544946
-0.318007152162914 -0.341928801387398 0.401151340577066 0.359791833766802
-0.391341475730456 -0.172926929099964 0.521885857412817 0.132083066269124
-0.256537253475539 0.135534862743619 0.347142687814961 -0.194225324799951
0.0893774208410204 0.15781583187127 -0.00858567197901118 -0.263166892375911
0.0997197524269461 -0.0606400713308821 -0.144917143927574 -0.0829700176846801
-0.0741871573020386 -0.109649131656613 -0.137644172175028 0.0636177640136729
-0.196599322359073 -0.00379492593746125 -0.0341130972645299 0.0859653325184559
-0.169861568877324 0.106514771716514 -0.0727834138605392 -0.0579534255927559
-0.302478385778993 -0.0170191383077785 -0.243720561618234 0.097151197940029
-0.247482630490553 -0.275574183827721 -0.0781450390261389 -0.120503141482779
0.158358680528244 -0.294937541765045 0.140180309335963 -0.068806422328644
0.348477592152951 0.0973393886311872 0.0942484861851301 0.16889636070431
-0.083237325846023 0.397563569760461 -0.0627687450495926 0.15949429921118
-0.500062086033462 0.0362284649710321 -0.0339585959892375 0.0279077423192726
-0.475849838571952 -0.356972983187732 0.109885409754053 0.123079266220615
-0.449320110107797 -0.448953440016489 0.247437493697833 0.200991955774205
-0.556045040882025 -0.176260401829497 0.371977307804583 0.0457133599948395
-0.351952058559395 0.284706585643452 0.253653950670933 -0.183018532680882
0.192871241592203 0.293625765399206 -0.0418766625150403 -0.195772022310979
0.229432237660064 -0.123365117742695 -0.105479198490236 -0.0079331079355221
-0.104504548939671 -0.229273060880756 -0.0413834385111118 0.0733814020903849
-0.305633867660684 -0.0539297662084925 0.0245495274971113 0.0512390909206094
-0.250506293871475 0.127210355859305 0.00137290017138289 -0.110661223563781
-0.324045851565053 -0.0151634203339208 -0.122157458428274 0.0923734291410364
-0.267605224326023 -0.288040928252007 -0.0303198967701868 -0.0458076989101823
0.170682534625266 -0.302905440319711 0.0886549047752955 -0.00201124548634566
0.386182731663146 0.135800540089834 0.0153935574027356 0.137467487027216
-0.117949814269244 0.474004456904951 -0.101620283442069 0.136312574173837
-0.597125240719868 0.0513659265995619 -0.145911526449715 -0.00484556383443054
-0.544833444218557 -0.400101277005538 -0.0678162218834035 -0.0214892040573138
-0.511168681557747 -0.488968814659677 0.0532195868876483 0.0159362174578022
-0.634322267248381 -0.160961597043376 0.17349745358325 -0.0219516592890672
-0.382300791790197 0.378247468514066 0.176518557963887 -0.128323036253955
0.2734673853873 0.363839994682107 -0.00886272684654929 -0.179198662165987
0.324800002652497 -0.188328915162327 -0.0898320813246734 -0.0275474494271498
-0.125124165256167 -0.330375962757482 -0.00217800898564946 0.077058136441182
-0.375590149488592 -0.108650253807959 0.0883854783065165 0.0377836457226401
-0.304316156791651 0.123155066824859 0.104027467210422 -0.16427425282921
-0.293171491537581 -0.000856521853143719 -0.00952538803061864 0.0744017704805148
-0.250115215918123 -0.231171170570617 0.0182003219167463 -0.0164628722886544
0.109831587762745 -0.242345012042155 0.0809298893453363 0.0147118083737964
0.301160225548797 0.111889373392667 0.0133546041100493 0.100160011282131
-0.123300461835803 0.40236917842361 -0.0997357848537236 0.143992339030324
-0.552703471970409 0.0406469659843623 -0.25575136652166 -0.0180938904088764
-0.519230393501387 -0.371680544991906 -0.253911770024017 -0.165086089266174
-0.492152838550753 -0.452375822996542 -0.149340692620562 -0.171901210735741
-0.601243523051806 -0.147428519944973 -0.0347444653710275 -0.083127000942687
-0.371627370374734 0.355171616958675 0.0924476789117188 -0.0789615981409789
0.240741115109186 0.362457600499111 -0.010438815646223 -0.191718245233486
0.336526821898664 -0.17875726722661 -0.148333491398213 -0.0485216976826208
-0.103828262985508 -0.350613096580248 -0.0130582269198266 0.131831362871461
-0.372207329092747 -0.146646380590302 0.159655584172985 0.0629313137074548
-0.313584001701615 0.0958921738317925 0.224323305936892 -0.202914087476887
-0.220961197978573 0.0105465805508975 0.0772801207597032 0.0437847785330039
-0.195243666489341 -0.147556544184771 0.074099980731362 -0.0311615999629921
0.0247041088887118 -0.149838756782656 0.144391296071958 0.0302935880941673
0.160793617444421 0.0408038697679628 0.0455919903731056 0.147790371485021
-0.0802839054934854 0.242614730382754 -0.123155315770589 0.196729663568174
-0.389390186622317 0.0291267078250578 -0.348842737305873 -0.0135646907637321
-0.406362801408264 -0.270983289292329 -0.412492003586208 -0.275286232289066
-0.395790727314432 -0.346981506496053 -0.330224627029446 -0.33401297667294
-0.472356613343235 -0.126046129497352 -0.214500707964695 -0.150717439834867
-0.320207532678105 0.249803537679819 -0.00504642959637985 -0.0421282983200772
0.128346944220344 0.303105150555479 -0.0251513717672232 -0.173937311517142
0.273944981099439 -0.0923603044230125 -0.192356171974501 -0.0478936240651453
-0.048960891520076 -0.279214078324314 -0.0303617215843663 0.204366088635008
-0.287905963992938 -0.149413695087355 0.222464291376746 0.116686487468605
-0.263974979709617 0.0535009425670989 0.34005409632645 -0.215965370512194
-0.12809060259703 0.0063795344574964 0.127996574909186 0.0135508515877173
-0.111835682106812 -0.0796795650762234 0.116616137849295 -0.0646793311429106
-0.0177453675951346 -0.0661172017070824 0.203493788362592 0.0506128933848759
0.0553025682055006 -0.000614671015530723 0.0362789226141141 0.20616592273122
-0.0380874441068108 0.109497315552987 -0.173319699265252 0.219130315887084
-0.202946487672683 0.0311772106939308 -0.401476331188991 0.00417464807772804
-0.236465402869182 -0.132585596228218 -0.525436555380398 -0.324702081209374
-0.242024410267626 -0.189175939419775 -0.456280352934042 -0.445002331396871
-0.279078466116889 -0.0788892251154978 -0.333814199181242 -0.21677192374477
-0.213653675992467 0.130206028167495 -0.0888803503111909 -0.0223962559341289
0.0218257476577941 0.196396230176664 -0.0216126784675344 -0.143492888676378
0.162982665178304 -0.00786017144221429 -0.198589655727994 -0.064470671479427
-0.000251696705670804 -0.156330304794235 -0.0594691241779102 0.241190574098861
-0.153015568850587 -0.111678725216249 0.251602551405175 0.173954064408931
-0.161248242798601 0.011460613013221 0.424117117823925 -0.200986819840624
0.0239370396338013 0.0160470989766976 -0.438201901198606 0.159281506091717
0.0127613802835441 0.0287038681398805 -0.228408841972757 -0.20119168081907
-0.00439834569158472 0.0306196465002153 0.070241016761112 -0.235739408981182
-0.0361987148633916 -0.0134653809417738 0.176521774365688 0.0736623010310594
0.0224382015606036 -0.0629331961033429 0.0263063481547977 0.132567644722599
0.0624136056081172 -0.0533159556993531 0.113012970355164 0.0350208193506623
0.0697547749044047 -0.00969384586661489 0.365339698210058 0.262910904322028
0.0562765501283285 0.00462276348777792 0.528793845002856 0.471172093702695
0.0394479645606174 -0.0199703819331401 0.612116709097317 0.266973681515335
0.0342182896249167 -0.0271557941381325 0.443475075486659 -0.0929898712613908
0.0328205187394735 -0.0343124729535017 0.151475437774003 -0.252591757070708
-0.011639822366433 -0.0107128629883034 -0.0628126271705094 -0.217132398307703
0.00680841542043558 0.0157317857247242 -0.239190622581234 -0.0173660159694348
0.0195176723882403 0.0360241781550903 -0.101324453191203 0.112820512765379
0.0252566380691425 0.021175203752946 -0.130488045328218 0.001653565102755
-0.111178802298664 0.0173284265433858 -0.414510305893268 0.130490710441653
-0.105309946665785 -0.073094282403377 -0.192883802069288 -0.212936592381816
0.0279860013937433 -0.0941654429952086 0.113676820059936 -0.210437165194468
0.0910326261783564 -0.00626552822806453 0.169706609505672 0.107479197817299
0.0123124990160289 0.0854243529886895 0.0139904094460894 0.134676120754733
-0.121187337559055 -3.04753915572539E-05 0.108868734446646 0.043042825004114
-0.14317316845501 -0.118599981337371 0.343275748925439 0.266344729450608
-0.148910953014848 -0.171504304383637 0.509906673533555 0.437556706003919
-0.182661056752881 -0.112134148640818 0.603351185681704 0.196079710388726
-0.11109722092125 0.0288341121106954 0.413749862180676 -0.159103160191956
0.0467462248701336 0.0334426093231649 0.0858765755787905 -0.278861536277824
0.0164480417909042 -0.0346372668719382 -0.113533280310377 -0.176786614511406
-0.0410380336038603 -0.0248942284391726 -0.212774663631552 0.026213565194918
-0.0816887020563211 0.0299989473245287 -0.0753999139697661 0.113521601237848
-0.0703379261970211 0.0684375323696177 -0.114453041976447 -0.0125342705956214
-0.226029337257636 0.00632876259901154 -0.340107210794219 0.112366521646397
-0.19823660535669 -0.180823248756229 -0.138352388088583 -0.183522103158149
0.0849023830680967 -0.213483438249852 0.145040469016818 -0.15615448155598
0.226324067096513 0.0304449857300498 0.155911431138974 0.13989576781314
-0.0230559541816689 0.246038883710144 -0.00922488450533915 0.150928411481684
-0.318978527832571 0.0334609873246236 0.0600206971211087 0.0445907207296284
-0.337729491790687 -0.234145350385574 0.258744795838242 0.216679649189119
-0.332193774944289 -0.322256869522012 0.412771066521123 0.335837365227561
-0.397749057527143 -0.151956256743635 0.520521264330419 0.107477213432549
-0.249490508858022 0.147434795115221 0.335905861113158 -0.208167443798395
0.0919460015448885 0.151390368669234 -0.0179218357433339 -0.259202068298202
0.094594550877247 -0.059928770761035 -0.148445908764283 -0.0786385976806389
-0.076648776022091 -0.101156580403917 -0.134985164119527 0.0695869360401015
-0.191141081518206 0.00581159187619879 -0.0298441573929974 0.0863686603173864
-0.160584825081695 0.109968616253922 -0.0744307802782415 -0.0514594289483903
-0.298316445077853 -0.00313413513336937 -0.231923050647918 0.103058487193574
-0.256703932279583 -0.259942093948956 -0.0794247586983696 -0.114570073489057
0.141905631669062 -0.299818174845717 0.136342049326429 -0.0712207963077233
0.350611293364732 0.0796068430289879 0.098143861082151 0.163437568136731
-0.0602616668797168 0.398062662596361 -0.0572507545077812 0.156673755042622
-0.491825998537003 0.0638066714077183 -0.0300048907302616 0.0263099099539696
-0.488946654644543 -0.326425643287444 0.115552283502761 0.115174986566138
-0.467377189167649 -0.420519939860202 0.253710435882801 0.187074754910768
-0.560564148987623 -0.146775978533403 0.368347104159848 0.0297789884658006
-0.33694857706653 0.302572836551921 0.243062219630889 -0.190472930757365
0.202241090394015 0.282901827611375 -0.0470723020968849 -0.19103321884353
0.222810301565592 -0.12845019307073 -0.104970976194905 -0.00653396316540011
-0.111392600562114 -0.219360563370669 -0.039143458170571 0.0728128153608795
-0.300391131976062 -0.0394644211706727 0.0246556043517897 0.0489240527243778
-0.239323316188187 0.133107227469324 -0.00478819718991906 -0.105679171121049
-0.318460957147477 -0.000157527374471423 -0.112808558194402 0.0936926447926791
-0.274365799431926 -0.269990539967502 -0.0287428286522536 -0.0441549246697623
0.157113531297774 -0.308549309704498 0.087877456979579 -0.00228412529387348
0.390238791608663 0.118431001921509 0.0191132795521074 0.137382250174935
-0.0923062888408585 0.475952909386636 -0.0975569197348696 0.13609577368684
-0.587825158249374 0.080770084664395 -0.142983848363243 -0.000681439547138814
-0.562512105272809 -0.36593566457356 -0.0663711982984146 -0.0185389237907524
-0.530064655003215 -0.457488882778149 0.0534989064578729 0.0129415969886137
-0.636613814290619 -0.127895586522392 0.169027431273907 -0.0272823055572182
-0.36015088300925 0.396988229124441 0.170074463838603 -0.13286249289819
0.289201350844211 0.346719761343585 -0.0122446352505013 -0.175885198550742
0.313795209177452 -0.200595126471947 -0.0884946431419483 -0.0268855463724469
-0.13647058488979 -0.318623338769597 -0.00177122780032053 0.0725982545645806
-0.373623155618207 -0.0898868936372202 0.086934160384042 0.0332865244418177
-0.291060261073961 0.133003616489883 0.0922607852610144 -0.162639669762932
-0.286216113925794 0.0115005039219925 -0.00437562580383595 0.0710243865846218
-0.253287201510316 -0.21414391141242 0.0192903392682025 -0.0167283271062018
0.100852729296123 -0.242291557945848 0.0801983452849909 0.0131241591151863
0.302135068656959 0.100010821861224 0.0157164734276111 0.0993543132662553
-0.104153796773557 0.404753145549987 -0.093947759250098 0.144115906011481
-0.545824241692799 0.069047983103382 -0.252855404512006 -0.00888199969182571
-0.533004276643677 -0.338847790706143 -0.256594472068413 -0.151442884184485
-0.509743255509413 -0.42123310758197 -0.15680215063388 -0.162015157617978
-0.600033334518815 -0.114910883482232 -0.0403089293023776 -0.0772474555387627
-0.35055422561759 0.372745108934031 0.0895977290350665 -0.0787762090081637
0.26012873488431 0.344434307298067 -0.0143587658607988 -0.188150862551479
0.326355782465734 -0.193970135075306 -0.147480844534032 -0.0448332430137173
-0.118794468417322 -0.340305703511687 -0.0100999287155078 0.127459936780658
-0.372103019902183 -0.127258289697442 0.157409018850789 0.0556773166949657
-0.301737137459216 0.106417759385083 0.208019062177124 -0.205530345833964
-0.214284983713064 0.0193867565907086 0.0778532813161794 0.0374383440337855
-0.19556920229389 -0.133515690330788 0.0726234719699221 -0.0351819964051887
0.0208451615926467 -0.145434188152102 0.145688634296679 0.022545906841289
0.158942195508163 0.0366202365550288 0.0511198181449062 0.145547663229428
-0.0708155876246589 0.242877614097708 -0.115082603300206 0.19894204142547
-0.385941574014914 0.0475022267709218 -0.345919241165492 0.00173512180234677
-0.415352750341721 -0.248676734255146 -0.420497995359191 -0.25374993308519
-0.408410890029317 -0.322685798286828 -0.344082115609226 -0.314531619866359
-0.473634138776735 -0.0998807999186865 -0.221401804365773 -0.135154496681191
-0.304381974650071 0.265479235243449 -0.00609267439439938 -0.0361384725108761
0.14488863001358 0.29283776709939 -0.0292718466453627 -0.168584431519546
0.267627321369923 -0.106709426441788 -0.191078262771897 -0.0407321786843939
-0.0618323785677097 -0.272628155974365 -0.0230444639652676 0.199868714598647
-0.290455725541127 -0.132639230407807 0.221417987581963 0.105539625498701
-0.256193602393248 0.0639754617912459 0.320353713197329 -0.223702180584925
-0.124014024245719 0.0122266229416953 0.125094794389374 0.00560690712894479
-0.11260431558904 -0.0708910166861251 0.112143727109175 -0.0711432298784893
-0.0187955744257588 -0.0622121243665807 0.205121625899066 0.0395724274270601
0.0523942255681379 -0.00201070606331382 0.0461405061972147 0.204969461702967
-0.0344554835188588 0.108930357190093 -0.165086309927257 0.222899131207217
-0.200526619815245 0.0392746394619151 -0.397647108239603 0.0200810222899604
-0.241484094402484 -0.121770851363951 -0.534825788269594 -0.297561392085795
-0.247587918794108 -0.175512444329546 -0.474810966235042 -0.416411041943027
-0.279402992315251 -0.0643940741512294 -0.343546153061779 -0.193359282877639
-0.203910863662432 0.139773481846184 -0.0879395919830901 -0.0113950363394873
0.0335737439484839 0.193066781433029 -0.0241839405204992 -0.138464185130754
0.160680930324159 -0.0176879128834371 -0.196354415612059 -0.0551370019362134
-0.00813088688231558 -0.153475921139532 -0.0472558435302385 0.237699373750047
-0.155603853022463 -0.100953620734142 0.254269672337632 0.160418451925724
-0.157419486498907 0.0187414030011832 0.404811001465572 -0.213842518299584
0.0228454483076341 0.0153094703949282 -0.425138103604238 0.16352134799545
0.013719589808823 0.0279398010898171 -0.22989947162383 -0.192512811766522
-0.00274175423591429 0.030398630452519 0.0628100988123792 -0.232606859225551
-0.0360244834949827 -0.0108138390314141 0.173164565612664 0.0685157765521835
0.0198872788848382 -0.0633193972422445 0.0273249157062325 0.125652059891305
0.060036275335588 -0.0530651358323461 0.113182381599801 0.026928204889069
0.0676762788954208 -0.0108276865289713 0.370591100716605 0.246228744129698
0.0546052317760762 0.0035083967246355 0.538401505360442 0.448529845673519
0.0379375386433741 -0.0201432597237923 0.610274752891344 0.249714019613439
0.0341897481218439 -0.0269162984667326 0.438618614457846 -0.101067300670779
0.0300906684834122 -0.0357753701736808 0.148592445761224 -0.253133050428257
-0.0124749686718976 -0.00947303978547464 -0.0676724799885802 -0.217973258388916
0.00653791287834552 0.0152106798439208 -0.23857399972404 -0.0105229532274298
0.0190114727983069 0.0338018950143367 -0.0966649482496138 0.11573034986264
0.0245926264347324 0.0199485408988899 -0.126529996817644 0.00763690191270438
-0.109853191637004 0.0199440223387781 -0.40244991839589 0.135783939684755
-0.105692573905018 -0.0697609526939059 -0.194800762407262 -0.205650450883905
0.02438337161232 -0.0944461587043671 0.105355262912657 -0.209617890016721
0.0903285723642135 -0.00845058208889818 0.168785533212996 0.101149475774416
0.0154523160274129 0.0834776484719902 0.0157724572512269 0.128670507208072
-0.119808278233731 0.00624011959095214 0.110720896416911 0.0359847209834176
-0.145940387342886 -0.111407338657617 0.34874453665337 0.251317818579478
-0.153273823453057 -0.163442257481047 0.516720480764106 0.418850640833072
-0.185718337016418 -0.104763310977889 0.598326138409229 0.178424016049234
-0.109950303456649 0.0316656376282343 0.406335243366635 -0.167788711808896
0.0442317461466596 0.0299389855888706 0.0829375904515064 -0.277362486660161
0.0141593205643743 -0.0325577558625813 -0.116996506018314 -0.176636235679988
-0.0409697896298735 -0.0220212275979751 -0.211379881805302 0.031758836265077
-0.0789268852251611 0.0318590083943355 -0.070593868300769 0.11524646221377
-0.0668720426393035 0.0680675886658183 -0.111589267726492 -0.00657220387912412
-0.223273061395503 0.012115755651434 -0.328516647152252 0.116073885737333
-0.200259489425849 -0.173708466887 -0.139572534337288 -0.177826753838318
0.077724360902717 -0.215018138001435 0.138644283592093 -0.155802735662693
0.224890117788202 0.023201757692353 0.155864103987794 0.135112001392688
-0.0137360429734505 0.243455189174393 -0.00610473909802304 0.145165249752041
-0.313168419692682 0.045768581418841 0.0629353309599089 0.038459694081312
-0.342108905727814 -0.220425752410257 0.264554173925447 0.204474730682883
-0.339045107342108 -0.306913266779457 0.41930570632106 0.320676341441375
-0.399316209334666 -0.139160955518582 0.516360677940055 0.0946282165529353
-0.244840366087291 0.154037782120864 0.327726385307247 -0.213045081856363
0.0909738019887544 0.147475812650338 -0.0205308842120882 -0.255215549254938
0.0928242576478034 -0.0579506403467524 -0.14966491476979 -0.0773091070124485
-0.0763286584269456 -0.0952216024646224 -0.132972218011889 0.0724683265571006
-0.185763768049235 0.0117110451711103 -0.0267117046431489 0.0865054840475882
-0.153833238860214 0.110337134494044 -0.0730738741291909 -0.0457883961723785
-0.295188200710472 0.00384216046994478 -0.221675253255623 0.103221768980097
-0.259533628906682 -0.249152800554001 -0.0768494331568954 -0.111232128747822
0.132839826723252 -0.301594118896181 0.133785448307901 -0.070445084589858
0.350660297095827 0.068554679208593 0.0994546267535466 0.160560049976596
-0.0454938447830154 0.394818041818188 -0.0545705235726614 0.153747935785242
-0.483712191560384 0.0815902168206813 -0.0268566697757188 0.0234020667428815
-0.492298072630593 -0.3076388916476 0.120524248704654 0.107665505859926
-0.475252186264349 -0.401555017321828 0.257285480371731 0.178354518429343
-0.561880874089069 -0.12814677455808 0.36384383989091 0.0214798177934832
-0.326942105052432 0.311529176895396 0.236146428808804 -0.192796446718635
0.20684405931544 0.275812180787495 -0.0472075412167751 -0.186170925741448
0.219513713785458 -0.129120637840736 -0.102961603011733 -0.00715604680880726
-0.113195222588857 -0.211738676235634 -0.0392128694912477 0.071938297203842
-0.294710680780685 -0.0302505826397435 0.0245403642683543 0.0477402702534278
-0.230331465366932 0.135234517570917 -0.00809896959452888 -0.100427332952947
-0.312824674267666 0.00634389876503867 -0.105873343603692 0.0921365345776605
-0.27474229331526 -0.258489214149923 -0.0250964625986926 -0.0417207572029559
0.149399825424682 -0.309585083970158 0.0872788252680504 -0.00103943971023058
0.391142224429349 0.107544002055731 0.0201674325091598 0.13697184596288
-0.0776293297987006 0.473899740260622 -0.0958838417152869 0.134642116702978
-0.578627946598574 0.10125852278554 -0.139537748451446 0.000324544687377952
-0.56576650764224 -0.347159172398238 -0.0637375639059437 -0.0177166877772551
-0.536678141691573 -0.433288182202393 0.0529113522689402 0.0121879210696268
-0.634672257706882 -0.107597687967351 0.164740369783796 -0.0290788546526387
-0.346521145524923 0.405916916348045 0.166361748248395 -0.132593868348021
0.297873444867144 0.335774931925686 -0.0117601741998729 -0.172628718591209
0.308181258848174 -0.20724387445464 -0.0876300822482819 -0.0285907651518391
-0.141133344453687 -0.31068580944756 -0.0030163359823505 0.068700087164481
-0.369406902069435 -0.0777498127179679 0.0836572768845023 0.030253670618236
-0.283069466423321 0.135254154681375 0.0846756644621332 -0.158496191737357
-0.279679267291667 0.0174357650562182 7.60167754418472E-05 0.067710490614166
-0.252275907508658 -0.202682659813636 0.0207921240134331 -0.0163038867779343
0.0961294628966051 -0.24031758047267 0.079857302337945 0.0128830177969955
0.301433018068688 0.0940521519859635 0.0158752640437991 0.0989208163598772
-0.0940390477579411 0.403585688676354 -0.0913783808973932 0.142347513192394
-0.538849115159774 0.084259714041111 -0.249818802589751 -0.00475405417959511
-0.540188371975654 -0.319723021071039 -0.257065465951494 -0.143897372160873
-0.515969141657189 -0.400116155589159 -0.160809084710198 -0.155874991362565
-0.599725957157001 -0.0956418302504343 -0.0438150375749552 -0.0725033748566163
-0.335669163007915 0.380891921883114 0.0880408090922624 -0.0761617085909785
0.26844770639419 0.332898558090974 -0.0148515359590102 -0.18547887491647
0.318176537155912 -0.202660557563789 -0.146090411108171 -0.0437102244964283
-0.125510566265337 -0.332324583879264 -0.0101428498284722 0.123048600332747
-0.370343457563201 -0.113712119333953 0.153060699518775 0.0516544902522785
-0.294559245411821 0.110323721864358 0.196472287766062 -0.202541007828508
-0.207818779052187 0.0235843935718129 0.0784369462415759 0.0328555195349542
-0.193226331543938 -0.123583704796821 0.0718681739462822 -0.0371987657832545
0.0188632855445032 -0.141306146176331 0.144960528941474 0.0188646201652146
0.155475437160122 0.0351381038569178 0.0541921435940111 0.144175350609248
-0.0666603878087959 0.241447912079978 -0.112390511430959 0.19861368764308
-0.381981552884158 0.057204897389005 -0.342736705637312 0.00771282055968344
-0.419355571131141 -0.23462645930841 -0.421980507437289 -0.239694209655346
-0.413727143849265 -0.307439834008426 -0.350118743122908 -0.300086364769867
-0.472341404356453 -0.084817523373877 -0.224934450310517 -0.123281958244474
-0.292822847651526 0.272149953391898 -0.00473327136834577 -0.0305760924544581
0.15432543064391 0.285121692435587 -0.0296504096956173 -0.164990392486969
0.261784257981178 -0.114524866580503 -0.187576432943257 -0.0364146365465619
-0.0683170710759875 -0.267377688436501 -0.019576935943577 0.195445628945342
-0.289666271528759 -0.122248704022548 0.219293723633075 0.100103291017751
-0.250079292393142 0.0685584674895182 0.306506942876002 -0.224214312347611
-0.119327744692222 0.0141580179920745 0.122715823657773 0.00124712391584052
-0.11101140217098 -0.0641791669642104 0.109291123165757 -0.0748855227189647
-0.0180842203780996 -0.0587460337113144 0.205024797305218 0.0338177630920513
0.0493474848097711 -0.000542937816505733 0.0509056774510175 0.205099086582042
-0.0332173451594832 0.107367721985923 -0.16227660686216 0.225629343077385
-0.197743924732391 0.0434305642746613 -0.394654952541874 0.0266244862187094
-0.242970444470994 -0.115192218440104 -0.536223861232602 -0.280051676698381
-0.249371056344062 -0.166637908658157 -0.483249779907689 -0.396878147052021
-0.279542442664016 -0.0553525352709691 -0.347010556410489 -0.177334212049714
-0.198040943091317 0.144832042231376 -0.0864132379354319 -0.00281031278212905
0.0410004827023341 0.189028519393575 -0.0247777269673987 -0.134442359009195
0.158654035858797 -0.0233805557148257 -0.192769676855447 -0.0501631816117364
-0.0128284260259075 -0.150937206422898 -0.0413775725290617 0.233082567441015
-0.155674872385655 -0.09523096305237 0.25349678932108 0.153259581917869
-0.154802711522054 0.0222394558803164 0.389242038149208 -0.217654034109497
0.0200558377868718 0.0224137305789922 -0.442918337563208 0.091769704487222
0.00836921678866429 0.0316707411694748 -0.196461457457263 -0.226098440917631
-0.00855272772820018 0.0297549240841355 0.0969025690080453 -0.218286909644828
-0.0335838820517265 -0.0168142959158201 0.158043013318115 0.0941509220228478
0.0293461715625351 -0.0606340038997888 0.00532390174693961 0.124071254586008
0.0680648548160012 -0.0428484600655965 0.111603239638932 0.0394221544446956
0.0699909894092277 -0.000298093837385078 0.334548627204278 0.297344292315283
0.0558956498227804 0.0113042460575775 0.469909066458938 0.532123509135152
0.0406507291154499 -0.0134323662583016 0.570898012188712 0.344350910213796
0.0380866426513155 -0.0220165711171425 0.454795114610753 -0.0327722346367439
0.0336958400894439 -0.0322187653632126 0.191873207964331 -0.228657221735036
-0.0118997418760025 -0.0103845814459607 -0.0323109655704946 -0.233531132458684
0.0032279831441335 0.0159564341543857 -0.238320314896895 -0.0458913917642634
0.0124338582266127 0.0356487569400685 -0.112326000779683 0.100119081170993
0.0197266701740748 0.0234061823935588 -0.124277242759529 -0.0100390702340617
-0.111714962550435 0.00472916970751327 -0.415413435471273 0.067110653316897
-0.0951417145150186 -0.0841676959897196 -0.157792234612566 -0.233809942059613
0.038313338471205 -0.0911244566654208 0.137216268932278 -0.188699350018027
0.0913626788012003 0.00446450814633273 0.149035098579486 0.125998371822384
0.00345723829352603 0.0845372558793404 -0.00642021003650542 0.126005817625549
-0.119886873061465 -0.0113775200940485 0.107904777183661 0.0486869994372258
-0.128187362370573 -0.13303352575768 0.312227218258747 0.299721843815427
-0.125448036904788 -0.186904698981846 0.453877582392236 0.49571085829223
-0.168446741849791 -0.134735808657345 0.568423766771438 0.278306115351319
-0.115622959313883 0.0127703131397634 0.433627407631116 -0.10282435502416
0.0352788979907128 0.0343967610534567 0.129862506883902 -0.263684034436836
0.0185112994306844 -0.0278847102516491 -0.0897160884506078 -0.198857611094643
-0.0369586532441327 -0.0250047849993019 -0.217176394482833 -6.88681555608278E-05
-0.081424118011066 0.0187612623689614 -0.0864269846269634 0.103987157188842
-0.076421974545893 0.0553776783616249 -0.107683823841835 -0.0209278956425674
-0.222833469268979 -0.0207922232974703 -0.339111669588817 0.0591429225735487
-0.173343085059821 -0.203064371569515 -0.106862336497434 -0.197551442752102
0.110327465417959 -0.20260650251731 0.161940190705022 -0.130669669104044
0.220982352033213 0.0561505860967627 0.131365931646623 0.156761364069317
-0.049794974720301 0.238617867563249 -0.030243863481073 0.140558691734184
-0.318619518406104 -1.77331338617739E-05 0.0608394328552386 0.0447595009777743
-0.304929986841258 -0.270002216589194 0.234374165676502 0.24272160629698
-0.28899848766334 -0.357443323512826 0.369497639985123 0.385095237163044
-0.376543996052177 -0.201864290651379 0.4996225330634 0.177970051692016
-0.270529633021185 0.113236210633811 0.361587318759416 -0.160626668732612
0.0628304522525781 0.160873221636118 0.022570919862515 -0.258006186569841
0.101219571676211 -0.0375595264807103 -0.139433385758449 -0.104382195014997
-0.0585187691848998 -0.102336189388252 -0.145944752885442 0.0523699829035931
-0.1811177444762 -0.0179937315676528 -0.0394554146998268 0.0824228325387449
-0.168508508096946 0.0822198201409851 -0.0646741860163617 -0.0525961330719604
-0.291776052261715 -0.0423608819871497 -0.231808815561912 0.0643748736010976
-0.218051312856964 -0.287852951559214 -0.054173235729793 -0.120962315538485
0.180515828957808 -0.280614691156055 0.144775426470216 -0.0462486274971083
0.340653834227056 0.121703602709944 0.0718105514144607 0.17570997538141
-0.104666795391696 0.387363838099112 -0.0800672047758769 0.142144986805771
-0.495925721675442 0.00923118773737996 -0.0272996696662564 0.0165075580683975
-0.444018806189526 -0.379773664627961 0.105697178442776 0.125942675638035
-0.410756793144818 -0.47220836237805 0.229188882922023 0.219414540315879
-0.540063389655772 -0.216613384254987 0.357565543189105 0.0822394709555307
-0.376698870880066 0.258517863460365 0.267433153143193 -0.152844659218188
0.158620455774946 0.308025075587943 -0.0138648361223109 -0.19211157578383
0.241172834844883 -0.089391690199631 -0.10230665203014 -0.0266743602869497
-0.0747910653779447 -0.223320069352204 -0.0523378388669434 0.0642680802931249
-0.281480825107542 -0.0764941801877917 0.0164234013255906 0.0528566987525708
-0.247685398951242 0.093559938731748 0.00766727335853151 -0.0956709565109799
-0.309046245049814 -0.0438186429291782 -0.114943343573666 0.0713871106077403
-0.230841212621774 -0.299737883892306 -0.0137433959670082 -0.044300081198445
0.198771012838623 -0.284505592004818 0.087535980046336 0.0164187511386593
0.374159776636975 0.169545713114095 -0.00530973969059689 0.140990753920714
-0.148140671864894 0.462194538578201 -0.119229245487909 0.116243209468244
-0.594362672710857 0.0135396500593534 -0.136578614813396 -0.0239965257896685
-0.512652897107063 -0.428912175202329 -0.0594912588466181 -0.0267540727737417
-0.471594071142714 -0.514591475295921 0.0493313340649444 0.0223135939573669
-0.617163436347012 -0.204571451933866 0.167039623249376 0.00217605004143782
-0.408874049389297 0.351998808527233 0.189858605894416 -0.101752275508798
0.243953182384831 0.380478724061687 0.0210539350647646 -0.174603457102673
0.341812570019625 -0.154645808744367 -0.0832676490289767 -0.0472003132821073
-0.0875491371997428 -0.326232490492264 -0.018010244841484 0.0648612142746094
-0.348501757036301 -0.135926182589996 0.0753670825539425 0.0446020254271766
-0.300996104920794 0.0855212296536462 0.107436352817426 -0.13681173456263
-0.27719319503449 -0.0285334151834757 -0.00788741044918636 0.0644635196252262
-0.215484566146951 -0.238794415815091 0.0266050269579892 -0.0124012657713824
0.136160412783668 -0.2223192365034 0.0765730975390045 0.0272635054109593
0.285007434133194 0.143671129344751 -0.00250401898211704 0.101962985687682
-0.157505437253791 0.388904819511276 -0.115544200969343 0.124747875567724
-0.553379354825601 0.00255695277726482 -0.248071835529972 -0.0444984588346242
-0.490096409269285 -0.401004032956265 -0.232689812720348 -0.181008662922685
-0.4540031630588 -0.476698838171116 -0.13766894526899 -0.178900455120568
-0.585125494587344 -0.187084757887042 -0.0347833806527077 -0.0727808068621331
-0.393491509454127 0.328421758552946 0.102959793997063 -0.0570247995066329
0.21741517966964 0.372120444808394 0.0190501956913611 -0.186893733406881
0.349799620248779 -0.150023417243882 -0.139546268918022 -0.0702509852967167
-0.070102654805058 -0.346082717613852 -0.0328885495604202 0.118600114954318
-0.344551646698365 -0.169585840493047 0.140653359561997 0.0768954936644083
-0.307803401250276 0.0598415276078927 0.224828064136628 -0.163331321025188
-0.20716984815808 -0.0115231702838715 0.0737853409570421 0.0426335741210336
-0.169575166056351 -0.150642996035681 0.0787464781492022 -0.026893190917581
0.0429045147289311 -0.134762882312321 0.141512652802448 0.0419791391852168
0.147409320757677 0.0619127386718599 0.0303130994821868 0.153931886612661
-0.106152131914616 0.228227390808462 -0.14513029137911 0.17866259721402
-0.392663074110215 -0.00144247578844727 -0.343608047985022 -0.0465493998579786
-0.384849371526761 -0.298397021741598 -0.38276255451005 -0.303018992525897
-0.366958927944266 -0.368745554058178 -0.306061630878508 -0.352124087074385
-0.457904114645944 -0.157262120484189 -0.207840316652386 -0.151922380638551
-0.332629686144662 0.226337941895584 0.00222833642728436 -0.0248768270665581
0.111784822909476 0.305804423611679 -0.000185936579105865 -0.167202037172088
0.27825300488442 -0.0745967858298982 -0.180972211058485 -0.067327164748205
-0.0246521395891972 -0.273483374643839 -0.0521557898537865 0.188887504065426
-0.263964393479394 -0.165465712859776 0.19841050988007 0.134136252652116
-0.258095585153885 0.0272858255126104 0.337961381411349 -0.169180797515718
-0.118443084758927 -0.00712975122042069 0.121137653581838 0.0187623062368416
-0.098602732094537 -0.0792541441924571 0.119941766410281 -0.0594046859363638
-0.00808227288913387 -0.0601500732302216 0.199546265574046 0.0649371300459715
0.0474073428484311 0.00849167467822428 0.0179731995901644 0.214929980433641
-0.0509540868633921 0.100397831250884 -0.201498404869994 0.199315740181269
-0.204812552379457 0.0124052829149525 -0.399916904038606 -0.0370060446532818
-0.227184336959594 -0.151179502677497 -0.491049162185721 -0.362814335936714
-0.2247268454935 -0.203185694254682 -0.423390368630984 -0.472402212097319
-0.270992919434447 -0.0979906805789834 -0.320894485435375 -0.225156868391576
-0.218991127134894 0.113275358361597 -0.0844905347703116 -0.00923280119155098
0.0145827392390494 0.193331611632092 -0.00126195121632611 -0.135491724809268
0.160549661309662 0.000635310430782535 -0.182270582645491 -0.0796849245782366
0.0118176054056372 -0.149177796619719 -0.0765097631745475 0.222307901455355
-0.136765750190226 -0.118542360342602 0.225371696900534 0.191055029684591
-0.156631407913369 -0.00377791300803972 0.417171348754206 -0.149137822439708
0.0207117476656045 0.0223358279044464 -0.44504838577706 0.102211243685693
0.00895088726852319 0.0311082654481127 -0.204673125581477 -0.224652376583447
-0.00690988461306538 0.0311104277341956 0.0911220374510465 -0.222801126316974
-0.0342850394551907 -0.0154037401454828 0.16092743372376 0.0908489963293617
0.0269472059156467 -0.0627255221807782 0.00687865274255237 0.121399353198548
0.0679061983415715 -0.0450259466380781 0.116159187047792 0.0320472864877607
0.0704984345678864 -0.00151613757626742 0.354640660162458 0.288102128655481
0.0564106631014705 0.0105296890224994 0.496665264560883 0.526142529184111
0.0415985451206401 -0.0147705544470532 0.59134750889674 0.337059645249369
0.0389311070668882 -0.0224509893549254 0.463413787604635 -0.0455120831110617
0.0320093584557969 -0.0357770124593923 0.194550285725917 -0.236896448028786
-0.0126141183092687 -0.0108168560568729 -0.0393836608281814 -0.241707573116794
0.0036851964727984 0.0153599777322951 -0.24680020008224 -0.0384854738082436
0.0128180288297735 0.0341492565193596 -0.110896301289433 0.106859560854239
0.020091794277165 0.0229450251742346 -0.125089286196216 -0.00403624068146152
-0.114946143282803 0.00824158533386802 -0.417620716124313 0.0753567448716407
-0.100494618842864 -0.083601298557703 -0.166394700553538 -0.233722548263071
0.0367461515541605 -0.0954407459587935 0.132883567587424 -0.194200714127251
0.0935768012952895 0.00207743661267344 0.152794371324938 0.122966745939469
0.00691972125394886 0.0859310405444617 -0.00392887613423912 0.12379932430679
-0.122568825963824 -0.00561954068960131 0.113842319259847 0.0416504055409291
-0.136017512851466 -0.129181150339857 0.330784581072161 0.292964834141905
-0.136683837472887 -0.186249815940279 0.482477008069889 0.49221741150438
-0.17791517962763 -0.131382868761154 0.58800875038079 0.263880519773231
-0.118648668722744 0.0168802688410079 0.441014647741411 -0.116273475338535
0.0338014609498147 0.0328354202580428 0.129166265349842 -0.272011889013173
0.0167980362942892 -0.0266862819511038 -0.0991095079130622 -0.205182902616405
-0.0382411077030709 -0.0219865434263822 -0.223982594425792 0.00731710924210325
-0.0803701442005076 0.0217468877018544 -0.0846497283464975 0.109519767875901
-0.0759874526016593 0.0572172297649969 -0.108385748489356 -0.01531963624707
-0.228199676374957 -0.0154729450722519 -0.3408229684146 0.0666113155018287
-0.182512997294632 -0.203141426460463 -0.112279898671981 -0.197482516002035
0.105625936953893 -0.212109235269516 0.161321531481872 -0.135650246573168
0.228455624826885 0.0500092504321035 0.136810619682165 0.156418232633727
-0.0411776968649096 0.245553430954025 -0.0281992647911265 0.139505684598874
-0.324629395318209 0.0129210934404368 0.0656403466132103 0.040006665149058
-0.322340283109477 -0.26302628873296 0.249920047554206 0.237100141047038
-0.308521416899255 -0.355166302701818 0.391779125220034 0.380925770366227
-0.393926925648035 -0.193770931577692 0.514309074608707 0.167600527057014
-0.275407513334783 0.1247609573062 0.365752120091205 -0.173297172450885
0.0654805765732684 0.16195788265126 0.0200519345132122 -0.262244213425177
0.102396741790313 -0.0384008610206911 -0.145885426858325 -0.10565911529485
-0.0612697458539185 -0.098900347495451 -0.148801436613686 0.0572580078649003
-0.181096643741354 -0.0118046588495519 -0.0380912521775793 0.0853211779206134
-0.168113922685837 0.0862419713602748 -0.0669565925486033 -0.0487391302455437
-0.298155960253047 -0.0346029009919801 -0.229816008867014 0.0696438648858185
-0.230331413826626 -0.286669518295078 -0.0549901991936634 -0.121044167088137
0.17555429262894 -0.294393298026917 0.147294764086407 -0.0484694015280219
0.352984234304867 0.113428328012719 0.0758335514965274 0.178061704510603
-0.0914987203573477 0.398920398305343 -0.0798971840056508 0.143823382549081
-0.504831287156639 0.0289965436057382 -0.0250757533937692 0.0141369516736618
-0.465992669876516 -0.370445046819165 0.114284692286795 0.123224724978323
-0.436359797013819 -0.466640148313509 0.240459513839889 0.216653280985087
-0.56135188522096 -0.201348577907911 0.365445493809256 0.0755705052719578
-0.378787487805102 0.278896394122533 0.269389487336148 -0.160796702968454
0.170928749343436 0.310783654063428 -0.0159046604794854 -0.194108034416406
0.245027033323731 -0.0950512847859542 -0.104526761125992 -0.0269880643299614
-0.0801417573802197 -0.222638149384747 -0.0527035459510507 0.0651463685196207
-0.284944198778583 -0.0680306804894773 0.0162804935471106 0.0525957549968631
-0.248168730882377 0.100507713860374 0.0038930488681186 -0.0940481786817292
-0.314583588108042 -0.0362110166808785 -0.110516546459567 0.0732550559378252
-0.241492981468832 -0.297590451740424 -0.0121317050352066 -0.0435783269261039
0.195477583633626 -0.296895418527791 0.0895847657993942 0.0173979505435929
0.387617409985257 0.162407302636677 -0.00469418571663391 0.145509859847157
-0.135260849585653 0.476766585587149 -0.120286817785428 0.119391334327391
-0.608410000216903 0.0382472586309902 -0.138565664625846 -0.0237734197331223
-0.539837566445213 -0.420253577103522 -0.0591303190947466 -0.0254752665312607
-0.498306484629674 -0.508734209496246 0.0511705854917631 0.0205460939944272
-0.638145362049946 -0.186647504259808 0.168196396294126 -0.00114775492575191
-0.406068736644419 0.375091766588486 0.191558696901684 -0.105980581315884
0.261374311671052 0.381814193348973 0.020616101528092 -0.177413230387975
0.346124397785157 -0.167386488749653 -0.0845006551692136 -0.0498473657918274
-0.0963171011797607 -0.329115937726441 -0.0189893820129643 0.063921660742131
-0.356444233369091 -0.127175543824395 0.0750680813010033 0.0432163127766024
-0.302304105836406 0.0931032651111787 0.103368022154552 -0.138194057862844
-0.281213220926442 -0.0214742822173491 -0.00319571914815021 0.0633462956077723
-0.221939293106484 -0.234493903580667 0.028909238802921 -0.0128879862754101
0.134166015211988 -0.228032091277077 0.0788594580984287 0.0275036808833502
0.29500283915921 0.141251381247939 -0.00237054151031869 0.105180860992669
-0.148813462764445 0.401903517801359 -0.116063947463203 0.128078462051692
-0.567916966086634 0.0219538857860328 -0.253947693848525 -0.0401532053063784
-0.513967596081409 -0.393043705391732 -0.240300380006071 -0.178164868560656
-0.47966120449587 -0.472236263945503 -0.148381824219619 -0.177931786835582
-0.604548317730846 -0.170143920988901 -0.0406012224683446 -0.0699135615259592
-0.388459882046988 0.350211782218754 0.104676088736831 -0.0571847740180472
0.236895300212161 0.371607334468449 0.0182377650027636 -0.190400142275407
0.353796751549276 -0.166647121244762 -0.143721918044397 -0.0706761249452632
-0.0810244265885596 -0.350450947678971 -0.0338814547764794 0.118437088107242
-0.354667841829179 -0.163284976335789 0.142129565000511 0.0747604210273553
-0.308919494927684 0.0686816875900698 0.220803670164014 -0.168813357247296
-0.208891279144383 -0.00612877559794371 0.0772395223893445 0.0392508237452871
-0.172821785815795 -0.145492605044338 0.0802004839975944 -0.0300049938968181
0.0414879115684801 -0.13522089692118 0.146122724067358 0.0391684448311506
0.149616996285495 0.0619412713118319 0.034648612473102 0.157972732173592
-0.104290265405453 0.236450189196023 -0.143471052503653 0.18567242976959
-0.402213483999095 0.0107092031379463 -0.353033448497433 -0.0397891689925724
-0.402722533247373 -0.292333310457107 -0.400484438175133 -0.29881654879267
-0.386457656290471 -0.362424985501504 -0.324857083694432 -0.350111540037491
-0.474185203188406 -0.142711055445417 -0.219333987045602 -0.143846147213754
-0.331375929803097 0.243311003851164 0.00204150077796554 -0.0209360293242843
0.127068304638047 0.305758253826392 -0.00286594404595392 -0.168041748717789
0.282033670780095 -0.0867582947813968 -0.185149009365266 -0.0645966551177135
-0.0344854641479454 -0.276690524683956 -0.0497621548227196 0.190524928004305
-0.273805165436644 -0.159120912578392 0.203692553156074 0.131524403775239
-0.261130823004111 0.0336027868994958 0.334048853747759 -0.176587516433148
-0.11869197257664 -0.00548252126334397 0.123019503010961 0.0139664909318309
-0.100354118025093 -0.0747994406966032 0.120626338333341 -0.0660826077039989
-0.00961748125200265 -0.0589308799290031 0.206917349771453 0.0592965356128362
0.046675583850286 0.00957321860958211 0.0243390991681422 0.222625271414816
-0.0509897713185542 0.103731686743701 -0.203253905422407 0.20876356022481
-0.209328442135681 0.0182554506063695 -0.412486842149947 -0.0281612368069293
-0.237175885446418 -0.148372519598736 -0.510930239466541 -0.356079986332186
-0.235407622138254 -0.200359861254685 -0.44997357022578 -0.467133971374606
-0.280698589593263 -0.0903402768021117 -0.338177328251291 -0.214908239657109
-0.218327761581413 0.123348985412169 -0.0854637570422983 -0.000206197852216175
0.0234722746751398 0.194843282961464 -0.00206323749480589 -0.134349365276644
0.163752867282013 -0.00636713891990348 -0.185668095522967 -0.0758724352233493
0.00676763949577863 -0.152410691637092 -0.0714627979479581 0.225677604971862
-0.142870426567839 -0.115609646141806 0.23357621941668 0.18941787569966
-0.15868280803183 0.00123737409175889 0.416532373306525 -0.15916680657271
0.0215170339830155 0.0209465024269064 -0.442575981636113 0.121596960713785
0.0104290699629813 0.0299320975688058 -0.217271192979978 -0.21816931288027
-0.00485050863278214 0.0308423412614747 0.0795520505008468 -0.227944287099241
-0.0343448646096945 -0.0127323492219497 0.163587782288386 0.0840949078629046
0.023612822968036 -0.0651381261925562 0.00985864240119919 0.118065217973268
0.0662207162686687 -0.0485166965736409 0.120949061013626 0.0217624721255381
0.0711624388058921 -0.00410185881619133 0.37652957487879 0.270210208328229
0.0567500807454462 0.00838570216676723 0.531943620848448 0.510874538498529
0.0402374197249881 -0.0164967646895604 0.614756842261489 0.312024137482337
0.0394574040617779 -0.023809013750783 0.46813887083303 -0.0673153207799066
0.0293868542784431 -0.038132659328528 0.192215148147338 -0.247373891076106
-0.0136275707595747 -0.01024414189752 -0.0508823146289253 -0.247729646686343
0.00413806215268683 0.0155300779764919 -0.254197951233396 -0.0266259006635791
0.0138823300058344 0.0328363285789382 -0.10746690940355 0.115382074663022
0.0203410256641757 0.0222674304170147 -0.124025613983772 0.00438885891787977
-0.116562415753248 0.0138072927998189 -0.41481422307753 0.0936697938633664
-0.106356398737666 -0.0797472261596011 -0.179432018656276 -0.228934288295055
0.0320000652452789 -0.0988023511639833 0.124106770153774 -0.201527802573901
0.096761218155066 -0.00175862178757308 0.157297695527906 0.116779014693518
0.0111439544169211 0.0855783139429822 0.000323675921834376 0.120895435725652
-0.123858698999948 0.00238943977627915 0.11963919057694 0.0319046040452535
-0.14484457688469 -0.121324862780149 0.354404063147476 0.275630175295083
-0.148296852268452 -0.179981883234478 0.514881224945072 0.473257571351393
-0.188356377739702 -0.123010149980772 0.608427720325822 0.240686428673794
-0.119091508625765 0.0227304631335052 0.442477878165541 -0.137105486508278
0.0324156476877945 0.0307005074470931 0.124502864123961 -0.281652307143832
0.0147338449615518 -0.0265276028165995 -0.110486702341638 -0.207968957406624
-0.0388856970973175 -0.0179255300288503 -0.229240257168858 0.019331659178103
-0.0786067070209962 0.0255397480868788 -0.0810264699468347 0.115691942305793
-0.0738369544823366 0.0606300310265363 -0.10891199079984 -0.00828568163221462
-0.232740524907766 -0.00469615317947358 -0.337213473852834 0.0792759579897429
-0.196151079873686 -0.196306264021017 -0.119793537676681 -0.19489749972932
0.0958840699975259 -0.221849500622247 0.157102911865934 -0.14382457802243
0.235898799439269 0.0389196456512166 0.14354423960551 0.15151768260675
-0.0272986260541544 0.249061431891314 -0.0230190697197255 0.139085784649561
-0.327465175862086 0.0324125836483793 0.0708231024713023 0.0328405735411418
-0.340856731834372 -0.247020856385383 0.267770162752359 0.224921239294488
-0.3324197794942 -0.341943188464475 0.416467128491479 0.366506230275077
-0.411456127207664 -0.174620066491656 0.528674045577433 0.145512495180918
-0.273461166612989 0.140983421710304 0.361509262913422 -0.191142727400587
0.0696848276158202 0.161484433450528 0.0111188921569145 -0.268315506375348
0.101510369898503 -0.0404255633217981 -0.154569509390542 -0.102613068517858
-0.0642516586735041 -0.0939426840989025 -0.149889307525068 0.0659180612366946
-0.18045471917679 -0.00338689207953849 -0.035599280186319 0.0882648976685762
-0.165199188910429 0.0936238469291551 -0.0690179338364348 -0.0438307577409155
-0.303275953308236 -0.0211690251354216 -0.225153903098309 0.076811669883603
-0.246216854433112 -0.279371744943402 -0.0582637633290126 -0.119616072049829
0.163704403892716 -0.30800691532485 0.147661880737938 -0.0536635174346039
0.367224716902056 0.0975470444839575 0.0830435084930569 0.178316885846375
-0.069098025579671 0.408366251773984 -0.0757739102832083 0.146881645449416
-0.508920433752377 0.0594681436046519 -0.0229531681431442 0.0115064264993479
-0.493323443297862 -0.347488859688449 0.12455151041443 0.117394625677387
-0.46779841615554 -0.448427113494797 0.255963092191507 0.206430354122648
-0.580276069017852 -0.173072387162896 0.372373985211716 0.0591210821454786
-0.370410947093647 0.303946851903921 0.264409829416096 -0.174259248365942
0.186820580132086 0.308299522990266 -0.0209795402174586 -0.194662466052474
0.245016830792222 -0.104896365257215 -0.107157167101752 -0.0251910568108584
-0.088309190064052 -0.219111926220777 -0.052700767098042 0.0673545891782985
-0.287686074452221 -0.0550976010141518 0.0169996601319676 0.0519621979262472
-0.244495536215115 0.109736676177171 -0.00106535951863501 -0.0919693409195556
-0.318420759805986 -0.0214866551918692 -0.105121687742822 0.0757359545651277
-0.256357842493541 -0.288069103558445 -0.0104884269995576 -0.0420847090543144
0.18589561927772 -0.310485048211587 0.0921372923286043 0.0166504446722789
0.405456715926547 0.14722353967658 -0.00172083721602022 0.150227329137691
-0.112257695841828 0.492407466390293 -0.118797136658711 0.124420404920369
-0.613859886735828 0.0720629049295526 -0.140824964410936 -0.0193247689949096
-0.5697614824088 -0.395049557329456 -0.0593029324451655 -0.0242925026767363
-0.529616859040137 -0.486434308680944 0.0525270251047551 0.0191293011668154
-0.659104785461774 -0.152309957757791 0.168174311356916 -0.00674840116187746
-0.392489533918987 0.403501586482309 0.189633180917508 -0.114388993316619
0.286878664692642 0.373377734866894 0.0172303506708278 -0.179707963475147
0.345619371342236 -0.18672384007995 -0.0877776596829885 -0.049720744355269
-0.112283848780054 -0.328324126976387 -0.0204145513690824 0.062650175783796
-0.364368232093315 -0.111311004000066 0.0750381254011368 0.0402016617606769
-0.299465823565343 0.106296310348003 0.0955891763753207 -0.14140471514821
-0.283386962169524 -0.0101692996750899 0.00119698038122566 0.061687642261103
-0.231918444683049 -0.225028495957625 0.0309218805792979 -0.0138806181698818
0.127131284153753 -0.234784729399713 0.0802443751411659 0.0264077608391532
0.306653707513962 0.132100125492306 -0.000194580882693932 0.108124934734706
-0.132217925614344 0.414645450646318 -0.112761822242754 0.132804911780273
-0.575339166873019 0.0529683181912837 -0.2577974456997 -0.031270443711613
-0.542351655961675 -0.370419449742985 -0.251688807673608 -0.168538319876371
-0.511475964186866 -0.450264259756106 -0.160246879401102 -0.171196801700831
-0.621499488401584 -0.135023320266952 -0.0470808747358907 -0.0655607783941607
-0.374783121420092 0.37597510853249 0.104634862009628 -0.0594156108941933
0.261974232225076 0.363352137251045 0.0131834163020624 -0.192182902653551
0.350629471166859 -0.18826113604609 -0.148178104253923 -0.0675131417766121
-0.0992892475469055 -0.351538143492737 -0.0325039093468114 0.118435631294747
-0.365607905017787 -0.145681280688765 0.144435309164555 0.0696736043904053
-0.31014411712241 0.082510824400467 0.211522261106457 -0.175867709879365
-0.209570100568293 0.00232414730548999 0.0813177241624177 0.0342104559618039
-0.177244163310516 -0.136104046889934 0.0809593705689195 -0.0352789641501529
0.0370464084190668 -0.135327652197073 0.150538524490154 0.0323953112982603
0.152543118992925 0.0590068648247689 0.0424064189445029 0.161142490118926
-0.0963725169780641 0.243478280166094 -0.138270319388885 0.193674695584658
-0.407351980692524 0.0305284391540539 -0.360137510587578 -0.0245521419928296
-0.424258252360324 -0.276029040095082 -0.419388702413699 -0.282385370587863
-0.409463679301614 -0.348357226046665 -0.348434421837983 -0.337207767054137
-0.4878825446591 -0.118312955139706 -0.233185275519763 -0.130700265362778
-0.320876043829999 0.264321461781578 0.00247787790119393 -0.0158602913197938
0.147514395574692 0.300897380689579 -0.0073748785947639 -0.169117231955467
0.281025023186238 -0.105315103394382 -0.188822072783523 -0.0574251653359267
-0.0492131382712211 -0.278588599066117 -0.0440641278400498 0.193563533474115
-0.284814628258097 -0.146402530341629 0.209515223890132 0.125057591380382
-0.262268720236375 0.0462673610501312 0.325827926691647 -0.188829680422811
-0.11900739817677 0.000244660559515717 0.125331141161106 0.00557925616219184
-0.101565998961553 -0.06978800909176 0.118783993528025 -0.0742769222024044
-0.0115448789999954 -0.0564499628191331 0.214433047570243 0.0501053715115069
0.045344855611192 0.00910537131616082 0.0362949835254044 0.228552767109242
-0.0492298194928578 0.107038875281965 -0.198888113332362 0.221747928821211
-0.211719095820832 0.028399566672115 -0.422192968293626 -0.0113958523902216
-0.248963602590812 -0.139011377598822 -0.538623820616632 -0.334696831021536
-0.247676082854831 -0.191188540579266 -0.481788160850398 -0.449579826300564
-0.289270392198868 -0.0750641432272293 -0.357370569617113 -0.196369033210211
-0.215329531597159 0.136564289409932 -0.0853689653119297 0.00988683975403583
0.0367537101551305 0.193669129683022 -0.00657983920809493 -0.133294669636487
0.165368918725871 -0.016623132309585 -0.188300583278958 -0.0673652904758858
-0.00102353964618194 -0.153728400052154 -0.06328070481025 0.229782334399024
-0.149646300459363 -0.109399753633861 0.244709029948893 0.182058269663
-0.159791044933398 0.00844929670393061 0.409458229365656 -0.176778790226136
0.0216531329132322 0.0200178199165655 -0.430852873617401 0.136720728661975
0.0114887541436908 0.0291719444716676 -0.225274178341439 -0.204878890865131
-0.00250134809917877 0.0304498404495726 0.0667853954929853 -0.227425467071236
-0.0330184817592859 -0.0109180057498802 0.163303498125148 0.0755252175061432
0.0190921579660688 -0.0660750683332431 0.0120165173081255 0.111974795637044
0.0632345321554027 -0.0505504609162567 0.1218713573918 0.00962149622617734
0.0699186356274674 -0.00661653561199574 0.389481089305528 0.244590137012243
0.0559648138490939 0.00557400674136649 0.556887014640843 0.476209778819659
0.0384976364258546 -0.0172256506922161 0.622836615974927 0.281186181121985
0.0393482759658679 -0.0251507790799922 0.460571620003251 -0.0878936502389656
0.0262276803590537 -0.0396900108662852 0.184496925447254 -0.253409201360822
-0.013741185636502 -0.00843933148514758 -0.06326644868719 -0.248660209140028
0.00493181188823253 0.0142117438960826 -0.25680033713707 -0.0122953521329731
0.0140146205366793 0.0308641279923262 -0.100540848331151 0.120590494154154
0.0199345443083827 0.0207164507593085 -0.120482271244526 0.0111247462611024
-0.115404819726609 0.0190617477102603 -0.404869948042785 0.109232395654941
-0.110166498992861 -0.0739906887292641 -0.187346378353512 -0.217993939935731
0.026490423719432 -0.101430447091367 0.112184107529489 -0.204542772729144
0.0968256233582988 -0.00730270529343582 0.159128445260751 0.108131062732749
0.0154527216213151 0.0829819931213032 0.0036392674697526 0.115160508184758
-0.121307506048848 0.0103602386244895 0.121970589321081 0.0207394866533642
-0.149833756639931 -0.110986096938281 0.366317251550625 0.25137195064172
-0.157999081358657 -0.169892169167002 0.535705029388449 0.443990993006137
-0.194205194777866 -0.111543962919348 0.614317319869694 0.209448667130329
-0.116842843346051 0.0286178109746366 0.432507072139027 -0.156055241016751
0.0304557634778062 0.0277033809658892 0.11469800220788 -0.286495759621077
0.0121732371033354 -0.0250613260772316 -0.121642183220933 -0.204782583689295
-0.0389828779256886 -0.0142818467204571 -0.228638260043443 0.0313157549910004
-0.0746446843405207 0.0288161764049057 -0.0747094169802499 0.119480313866253
-0.0703243170737726 0.062639543116395 -0.105720196624053 -0.00186567339047229
-0.231233009015818 0.00653092712348466 -0.327916482886787 0.0920217351281487
-0.203904531443237 -0.184512961323556 -0.126111963358123 -0.187226704835113
0.0829524490675466 -0.226483769404499 0.148277440411182 -0.149217512095923
0.238079071732408 0.0269362435020596 0.147534975971897 0.143226444640096
-0.0124119893078609 0.247783523868528 -0.0180161423566474 0.135332923709242
-0.321722996260114 0.0515118979958338 0.0733694081587837 0.0250147543089712
-0.350713625972128 -0.224699894912888 0.279934563323648 0.205068879434654
-0.348935958099741 -0.321027111931526 0.433420122706607 0.341809359836899
-0.418397147337157 -0.150614399587882 0.529286154924597 0.120150739745265
-0.265691719422426 0.154235858648093 0.350425223849909 -0.205409476757443
0.0733086024292182 0.156983875275729 0.00128894716046308 -0.26648420493717
0.0994727316157749 -0.0411405734561949 -0.159593520921841 -0.0974502961689907
-0.0652669668205523 -0.0865102613521254 -0.146853303241836 0.0726190976423869
-0.175632293175911 0.00607783334902307 -0.0316495294260035 0.0891842658159143
-0.157700212752156 0.09878459403712 -0.0702143785672636 -0.0381246145319058
-0.301284656994499 -0.00595372657080807 -0.215869594988702 0.0832172065187548
-0.257886395949404 -0.265286508830409 -0.0598435682315518 -0.115095380191663
0.147363993950563 -0.314211430755422 0.144681725838831 -0.0585406481237796
0.37187139562495 0.0774878774939283 0.0887734622938048 0.17395978586833
-0.0457860949084493 0.408377621732368 -0.0696816741405819 0.146216713843661
-0.49948889952272 0.0879543250974847 -0.0205874106696258 0.00901401100915309
-0.506911721859639 -0.317477683295468 0.131777251841783 0.107214868761554
-0.488488742530048 -0.419151399492855 0.264486935709523 0.192007938361919
-0.586963992679407 -0.139181955898262 0.371006205926158 0.0429415415955782
-0.35352293417279 0.323099622178724 0.254012572930393 -0.18250242742691
0.199012031770727 0.297623727390025 -0.0262642423973203 -0.192226296486489
0.241489767135584 -0.113241223608483 -0.107332438850665 -0.0227644352650372
-0.0949689756716274 -0.211114418540008 -0.0513098232232896 0.0674655229773743
-0.284169898890956 -0.0409600194372526 0.0174988373358953 0.0498595214712462
-0.236386587919765 0.117986894280687 -0.00592602654953527 -0.0881199369794667
-0.316496704239622 -0.00698912288510362 -0.0969587944320209 0.077124169045151
-0.26525671160819 -0.27309974693003 -0.00838706662771791 -0.0406563833251967
0.170370623938372 -0.316514567802625 0.0919136429425633 0.016438987059862
0.411956490820149 0.126229915054195 0.00240189597669594 0.151708656657529
-0.0846223613275984 0.493248312077722 -0.114029345665105 0.125563530700508
-0.603144350520613 0.103926343297207 -0.139876747274315 -0.0159004988026171
-0.584678923660044 -0.358868962643467 -0.0576342511303715 -0.0220472160342552
-0.551864614898838 -0.45225234202322 0.0527771136856927 0.0162723090250551
-0.661421583419239 -0.113715514259496 0.164735022924267 -0.0124959953792823
-0.367048273596611 0.423424134254782 0.183131644182542 -0.119202198613203
0.304161949410723 0.355167787581231 0.0131902426552436 -0.178921920724115
0.334732013502015 -0.201904255209535 -0.0889291217133197 -0.048737432514304
-0.125398340740719 -0.318659656520169 -0.0205740577755103 0.0601138935093423
-0.363504409612016 -0.0912258779160011 0.0732242760305662 0.036126052585293
-0.289613743696227 0.116831595192773 0.0855453058357525 -0.139393626626766
-0.279896958842914 0.00342636617600894 0.00636104940864815 0.0579815478432103
-0.236755350696253 -0.210129354628189 0.0322977176371253 -0.0145864080616878
0.117091873348576 -0.236977712113895 0.0802551613590266 0.0247267588590124
0.311052476487885 0.119962465450734 0.00259792169775209 0.109146700528184
-0.112050090131634 0.419499978306368 -0.107247755951143 0.134645042602184
-0.567468860877508 0.0816432689450976 -0.256567571582984 -0.0207560959956731
-0.556219557100819 -0.339393075653888 -0.256487380100019 -0.155764354478958
-0.528136080255421 -0.418103130401651 -0.168967408080053 -0.160232007643491
-0.623762262857469 -0.100521109806326 -0.0522473045030677 -0.059205953269316
-0.350252645636428 0.396112957982833 0.102040015920588 -0.0601620807496209
0.280396481825163 0.344590969803385 0.00732227712861944 -0.191357949706079
0.339095879770677 -0.205263440461893 -0.149524421602128 -0.0631226599402692
-0.114689060573043 -0.342496851867379 -0.0305892696069207 0.116917168762831
-0.368534842200604 -0.126785681171666 0.143382112507757 0.0620810581595962
-0.301328329355731 0.0948276165397737 0.198555617294766 -0.17958685425753
-0.20608941498734 0.0116006223958047 0.0818846943685498 0.0273095935448643
-0.17836985416601 -0.124293113954595 0.0790632694147526 -0.0388604723732944
0.0318876234305058 -0.132371024725714 0.150980724038225 0.0254464391016365
0.152666191168856 0.0552915016945676 0.0496945680970522 0.160129382817851
-0.0864068249109534 0.246921565455844 -0.130420428260484 0.197741026129378
-0.403323469957802 0.0493244145012847 -0.35882203049471 -0.00765645733571898
-0.434433240956184 -0.251820146733089 -0.427920254992016 -0.260308780132309
-0.424039524810477 -0.324213563422935 -0.365850895576182 -0.315223387592081
-0.489255949419376 -0.0892947930931913 -0.239772180129012 -0.113678756053544
-0.302838842067553 0.28084385036324 0.00283393770131938 -0.0125222680667574
0.164370110731875 0.287102424224789 -0.0126204880983533 -0.164974823863465
0.273536040466556 -0.11978752858472 -0.188244860469562 -0.049027379106249
-0.0623970828312771 -0.272664690543938 -0.0370224081196695 0.191834813339771
-0.288694027516292 -0.130445059909382 0.212026744618326 0.113619017579114
-0.256158936145669 0.0583901173831986 0.310270935535859 -0.197830314932543
-0.116473637258554 0.00539056907192027 0.123551171057533 -0.00255341127567043
-0.100730591505621 -0.0623206371992066 0.114458183866411 -0.081319525359719
-0.0131829657262616 -0.0523870304844462 0.216355840777628 0.0387602804063956
0.0437157763490597 0.00941133466654362 0.047379455914076 0.229118787884022
-0.0458628752865168 0.107541839841713 -0.190147892506362 0.229608083307729
-0.208551928051333 0.0370895007412036 -0.420701653812261 0.00778483680157919
-0.253636275790973 -0.125845740910834 -0.550785420034121 -0.307861401689742
-0.254636178054772 -0.177122199660469 -0.503572470114657 -0.418723681325189
-0.290700476042776 -0.0584935480981514 -0.365844480546617 -0.171369477002774
-0.20522456812264 0.147324162206677 -0.0831521116732728 0.0192240216161206
0.0480412460055735 0.18738743632421 -0.0109201523409787 -0.128119015214113
0.16199588244342 -0.0266228789139754 -0.187191957027229 -0.0575751618024364
-0.0085350224966121 -0.152368131365408 -0.053087927841253 0.229225878067563
-0.153181130248692 -0.0997589904327051 0.250484470972981 0.168596493159262
-0.157073969641915 0.0168629198655075 0.392452144567939 -0.189652071319467
0.0107933649739268 0.0232769776992739 -0.438082174801973 -0.025988539123102
0.00242601123301575 0.029259830410404 -0.134320850214249 -0.263727932887259
-0.0110010174414945 0.0274967353296111 0.13737105922977 -0.183629808665538
-0.0273428681565409 -0.0196037177064614 0.120543551966539 0.123430635840565
0.0387536726509045 -0.0550933673992317 -0.0274487606788273 0.102263699805184
0.0755590688008008 -0.0243481083247434 0.113377070489822 0.0459331369974611
0.0653013892275594 0.0193349177535049 0.282050919708513 0.352096290709393
0.0483660916500799 0.0261075832315714 0.359292207199484 0.627553640745646
0.0404234374095258 -0.000397326321218142 0.479947647162031 0.468499949077332
0.0460651980750316 -0.00807488676104061 0.455488292534798 0.0757236777361094
0.0373212715932391 -0.0270971865078351 0.262060571960624 -0.169890327853448
-0.00762201018101887 -0.0119952420910451 0.0261417132628906 -0.256714345189347
0.00016258798122545 0.0123900760813089 -0.234143058492643 -0.0988565191116716
0.000836258290836355 0.0304908278570781 -0.134008824786732 0.0770194046894577
0.010528767822751 0.0246832626633594 -0.113286554497832 -0.0293323809191177
-0.11621120893779 -0.0242984408906499 -0.404690163900983 -0.0426647943207869
-0.0757653062589149 -0.107886470489439 -0.0948865873845439 -0.263156571372572
0.0598292271716662 -0.0851122804372295 0.170786043179897 -0.147527655250861
0.0918441025904498 0.0269421196423202 0.105776620265843 0.150861039220303
-0.0138227980599641 0.082327215326265 -0.0356345024628972 0.102879924289563
-0.117637138912543 -0.0286287248734041 0.110038185061054 0.0548654482203776
-0.103884475678573 -0.150490101012233 0.258985975489429 0.350217738843882
-0.0915168094969265 -0.209681483017326 0.349576526487633 0.588464052048602
-0.145120218722383 -0.166704553936305 0.493904590954118 0.400821475231821
-0.118347119399235 -0.0109775803534338 0.452756891340475 0.000954085978241652
0.0176141913339061 0.0361369972907125 0.207009613698783 -0.224502293764267
0.0207803044386079 -0.0174449588022794 -0.043494517105844 -0.234846061611815
-0.0300993356315687 -0.0251301862670301 -0.223158308647666 -0.0489314118573135
-0.0777706977058703 3.77284329147816E-05 -0.109923414950126 0.0842279617962561
-0.0858964042027138 0.0327836866174684 -0.0960522674791684 -0.0373749452782406
-0.21841180207844 -0.0764211241285848 -0.327236488167939 -0.0325295626302824
-0.124577031458523 -0.242290216139043 -0.048991413999082 -0.214905464258791
0.155303995327857 -0.181404964713536 0.187599812644879 -0.0850150481181386
0.211059939048341 0.104977713640023 0.0845398169252266 0.180693977023793
-0.0952623427880013 0.225636411354371 -0.0625668263537588 0.115103452651605
-0.317312745490774 -0.0568698278749526 0.0626923450084077 0.04354039785803
-0.252417373051596 -0.32325769303661 0.193463368264037 0.27964306078396
-0.218729953245216 -0.414014383276734 0.288168655153356 0.459736446550052
-0.341038975190152 -0.277644904111888 0.448589285172779 0.287603993357472
-0.300214820215561 0.0553237144858659 0.392702946025671 -0.0718413356640927
0.0128659860937924 0.170586829358818 0.095168114193534 -0.244626298688293
0.106731365313276 -0.00294576078947662 -0.114866708250009 -0.146358714000759
-0.0300016910529435 -0.0986718920222579 -0.161565244934477 0.0168377804974651
-0.15999408175575 -0.0540573314024567 -0.0605430548654969 0.0696210539947558
-0.177458537404451 0.035978095122844 -0.0514661357006273 -0.0576206061146688
-0.27725799432186 -0.112233446497082 -0.223589915708418 -0.00136084485896901
-0.146965686225424 -0.335435311791288 -0.0113813822822243 -0.126404658838584
0.24482497216368 -0.241431633948083 0.153914116498975 -0.0014451569823724
0.318279965235789 0.199362973513286 0.0200108238170794 0.192371012507566
-0.180662052345543 0.364036595008212 -0.11553733679484 0.109389899330639
-0.497770839609037 -0.0841385583570811 -0.020176272923231 -0.00240367590896151
-0.366993452569897 -0.462475939708239 0.0883366874484929 0.141099045951137
-0.31589469487978 -0.552504943039307 0.182336331764313 0.264203355751723
-0.502235453865952 -0.32539252025896 0.326445155708555 0.161838168871873
-0.437476665710765 0.184775406013484 0.295499332547747 -0.0820987063010531
0.0846348323640683 0.345150319689546 0.0429252391221621 -0.183873078997647
0.263768693870879 -0.0210464566798681 -0.0898629225275539 -0.0581135624192388
-0.0131234700589551 -0.2224616709112 -0.0699905580603155 0.0415453342858273
-0.24308177966888 -0.13256819818449 -0.00333477050695258 0.0491627458489651
-0.25603855833798 0.0270910418708529 0.0230024166685137 -0.0811648618623693
-0.290211449251158 -0.11796175496245 -0.112965682660532 0.0338449111083158
-0.148953383920789 -0.343908611152213 0.00978985614496378 -0.0401986647729059
0.267947095378819 -0.23285010509496 0.0795634354654088 0.0495997359406736
0.339276120125742 0.259983441683792 -0.0528691649347849 0.143065427756756
-0.247089185222508 0.430690685005739 -0.151420443043246 0.075120671327991
-0.600509378220775 -0.10381154909413 -0.12304408288688 -0.0650821913075512
-0.421483111254112 -0.531392954162133 -0.0452323935263577 -0.0410061402268075
-0.363419045886898 -0.606751376450924 0.0436313284705685 0.0305221299513157
-0.577421394994814 -0.323725330856259 0.153263114911213 0.0425762596262831
-0.484416005533696 0.273356008188786 0.20747364360684 -0.0458858793638324
0.165458281881247 0.433119271323023 0.076395213237954 -0.157457758565245
0.381790541779472 -0.0738320621855606 -0.0619945008817011 -0.0769024165795124
-0.00491455554677971 -0.33322316565133 -0.0404569798009635 0.043218891892296
-0.300297699917315 -0.206732341139687 0.0515133537843626 0.054857342431437
-0.304970908066904 0.00871600979738096 0.124042415050429 -0.095962715224565
-0.258774054542063 -0.0936450898412147 -0.0128951791546546 0.052739754715417
-0.143751977531762 -0.273833755130504 0.0365572610594662 -0.00241167482355789
0.191270766940267 -0.175420035930343 0.0643799409042674 0.0518525750639225
0.246057643509419 0.22091989269967 -0.0371965905489362 0.102956525251799
-0.248981636936077 0.351008073280625 -0.14626128404269 0.0844649355699223
-0.560097570787445 -0.116459970482652 -0.230440955883442 -0.107012616374425
-0.404373596409032 -0.502334052632541 -0.184922722296065 -0.230010679079284
-0.350972600688933 -0.569388263226391 -0.103600170880012 -0.206140058483241
-0.544669995958156 -0.298576250217439 -0.0321124400922702 -0.0719979218460569
-0.457712432578426 0.252413983883648 0.112658227255632 -0.0191688706122831
0.149428073506656 0.413999748140145 0.0741601705907432 -0.17014701725597
0.386320094805541 -0.0792484666857189 -0.114472188349633 -0.109995698174993
0.010293639839415 -0.352988820552228 -0.0695339927224038 0.0919414631246435
-0.295451829656076 -0.239481932089824 0.106471888998318 0.103287228465937
-0.307839566535844 -0.0133340719873087 0.240164566157494 -0.093695499019708
-0.191660764362737 -0.060109186958522 0.0652502079033217 0.0510600972792153
-0.118929148527017 -0.172799627663662 0.086163317057237 -0.0102649642848074
0.075204069172119 -0.10561069344414 0.130592761260722 0.0757683130868581
0.118133539718688 0.106610772033479 -0.00923728729307818 0.166903858889614
-0.168637532806367 0.197995044690636 -0.189888752378217 0.136549863929393
-0.394438563191666 -0.0939774767376376 -0.330747138565442 -0.128687276947917
-0.320211230721977 -0.3825176490757 -0.309611726191164 -0.38458083983988
-0.284496379463428 -0.444730308477084 -0.234323816054302 -0.413784119861325
-0.426664941235194 -0.246307991115851 -0.187767181926505 -0.18339265689683
-0.376010880381746 0.161126835026779 0.00517134949127521 -0.00695760090367513
0.0603961112956113 0.320997524156487 0.0450765774536014 -0.152397735253229
0.295460961322431 -0.0226392275299906 -0.154675540728191 -0.108126754937044
0.0343933902122744 -0.271704652880712 -0.0990668982716008 0.159317541827282
-0.22300909925132 -0.216106542132215 0.153177706411886 0.174387921295707
-0.255011440537189 -0.0307549612131888 0.349579661332032 -0.0716044612051619
-0.107249905036731 -0.0346553079279506 0.112337231163 0.038119637488173
-0.0687118729063469 -0.0886397599558879 0.132403741399995 -0.0369867552926629
0.00564153268590463 -0.0478630679956305 0.186510744186129 0.110047483534732
0.0327182436592092 0.0253264727755749 -0.0351495113259299 0.229404036373308
-0.0818268330965997 0.0831210207843224 -0.257258244750904 0.14612449380204
-0.207710122982838 -0.0403174684028773 -0.393316189174116 -0.136109557672113
-0.192585098941225 -0.205644346885457 -0.40630175857813 -0.466560950110946
-0.175763781278845 -0.251825575256592 -0.327213253035594 -0.558328404784144
-0.250065231435351 -0.150940872238884 -0.284482163929381 -0.278693152178268
-0.239681227393033 0.0690730121851793 -0.0840964907634599 -0.00515972957963321
-0.0142641676036375 0.18882954975814 0.0333699173531667 -0.118028830174018
0.160403981518622 0.0269647448547818 -0.150387425797999 -0.114779823156719
0.0418198197083266 -0.14213226276762 -0.125759241956445 0.189348889648616
-0.108514232592156 -0.142384627905998 0.169517834513566 0.238372150717294
-0.148843155785111 -0.0332968862691822 0.422282315126858 -0.0352206008073416
0.0114232831846928 0.0229284912645422 -0.434709538678856 -0.0226136546269643
0.00217221440798956 0.0291276598996479 -0.137276466097408 -0.262052487426921
-0.0106758169468164 0.0271878866618891 0.133585270631696 -0.18334001951459
-0.0265001915705147 -0.0192838877575389 0.11810256735289 0.119496977206104
0.0371894711575309 -0.0555431419883247 -0.0278231238880582 0.0970867542726759
0.0753361649679394 -0.0244898970556219 0.116299388775489 0.0387192896318382
0.064470620504876 0.0199276123517215 0.290289595686329 0.345199071547487
0.0475969416884336 0.0252911483895247 0.370835657926069 0.620003294751062
0.0400492127387878 -0.000432220942247024 0.482598122394346 0.466147452948613
0.0471700694405223 -0.00748953266719607 0.456218075663589 0.0731352387299397
0.0354269671325303 -0.0275076879563608 0.265877671766703 -0.170936282317956
-0.0078893167774249 -0.0115336964910037 0.0248258117619779 -0.26189495606249
-0.000110651687099443 0.0118651466190666 -0.236827156562263 -0.0952264465317532
0.00071771051071334 0.0294355136603152 -0.13373366332401 0.0805249916628188
0.00952501729855841 0.0249789339378934 -0.112452028669869 -0.0263964277647644
-0.116179820483052 -0.0234032920931783 -0.400767232452224 -0.0414776377126421
-0.0785933663441042 -0.106348981822222 -0.0975874454752158 -0.26190755386716
0.0583018679426351 -0.0864058745227347 0.166955042209685 -0.148575917311104
0.0928631802274043 0.025271252914836 0.104971408044968 0.147464398926935
-0.0125122915351981 0.08232036758479 -0.0349912066857061 0.0982123474854332
-0.117957523171997 -0.0248581342884819 0.112683302110557 0.0488050456790209
-0.106469789403817 -0.147221568032527 0.265823771781011 0.343327734141006
-0.0964708340841636 -0.206948259476624 0.360033610585267 0.581284543184362
-0.148550011406511 -0.164996124268897 0.498757104181094 0.396500211536629
-0.11847243520221 -0.0105848872185061 0.451825141983269 -0.000547339427697956
0.014958301217042 0.0352727487743804 0.210457788096141 -0.226914017715429
0.018859228869871 -0.0163650804746487 -0.0462323118314299 -0.238909607734439
-0.0298894596536643 -0.0227685869762515 -0.225867012677035 -0.0463298621464329
-0.075654533279627 0.00181597061793102 -0.109626192196019 0.0859451835464731
-0.0851690066472227 0.0336823408478272 -0.0954849100173471 -0.0337528620569968
-0.219364713184145 -0.0735473911576356 -0.323800201454997 -0.0304118567981975
-0.128697802717493 -0.241503708048261 -0.0491873028739769 -0.214236074677244
0.152112192845148 -0.185989980021022 0.184854655003926 -0.0855015055749849
0.215512848835366 0.102004662908816 0.084629212859669 0.178876374802503
-0.091177406203459 0.226975432747504 -0.0614115307207906 0.111567519767327
-0.318414308085346 -0.0497375438317284 0.0658840184254715 0.0387907419636491
-0.257351839074116 -0.316336378536079 0.200006048422656 0.274081971149067
-0.226995817299805 -0.408838899894209 0.296787249124148 0.453841102828823
-0.346805506322915 -0.272348035946587 0.449782597115009 0.283426294018447
-0.300432252401348 0.0592184892880861 0.390512913387491 -0.0741219721168153
0.0106279442437673 0.170617301882588 0.0963147531277652 -0.24526804887979
0.105645250703267 -0.000347567880565896 -0.117383688668536 -0.148052126714189
-0.0293413346027428 -0.0947029692540812 -0.162890779433701 0.0181350816809813
-0.156835280931022 -0.0504615477356352 -0.0605514036496321 0.0699696645175856
-0.176144293796038 0.0383104909475611 -0.0522076909905684 -0.0549531822648689
-0.27819531624942 -0.108559833441081 -0.218693144338978 -0.00168161793003473
-0.15055764644785 -0.332410452711462 -0.00950328812569738 -0.125316798538006
0.242150022892636 -0.245924555134664 0.153225000724511 -0.0010186900777492
0.324500781794481 0.193691715658086 0.019288102451066 0.192419137203632
-0.173189125259759 0.367727959562156 -0.114911730092593 0.106580395665106
-0.498469936534544 -0.0738187171840211 -0.0183587308990216 -0.00565174954289666
-0.374064734923742 -0.455496236695938 0.092038502670945 0.138335659504216
-0.325286538032148 -0.546056607173692 0.186155830379253 0.260213509531065
-0.507919753468528 -0.315717419698673 0.325814581442609 0.159487529712713
-0.436245405599611 0.192816990522621 0.293118077656943 -0.0829014631329083
0.0857102181966068 0.345006310322113 0.0454059639272938 -0.182588471571743
0.264094241952387 -0.0209534320225161 -0.0899825310251759 -0.0595630939030985
-0.0136711998551593 -0.21983270596886 -0.0710148400132316 0.0404710782405153
-0.240751322932473 -0.127797297533189 -0.00453537851752272 0.0485340916053537
-0.253529010184497 0.0298379184228161 0.0203028088743528 -0.0791225436875683
-0.290780008819742 -0.114381215319601 -0.108809274844674 0.0335590813535948
-0.151595943347762 -0.339809895892943 0.012399786466566 -0.0389209536939275
0.267191784029341 -0.23637460999511 0.079357146978351 0.0524104032514555
0.345962613526596 0.257132050961002 -0.0540787804778025 0.14485909793104
-0.240715057857409 0.43513641967049 -0.150576259190796 0.0729810277359983
-0.601930521741267 -0.0921879579263291 -0.12185623512658 -0.0657819841977532
-0.430306004574919 -0.518845197443658 -0.0439974991007326 -0.0417847802916236
-0.373678494635202 -0.597631031148726 0.0430791418156778 0.0302019770006091
-0.584568105558972 -0.314265384281332 0.151903766446006 0.0421954743863033
-0.480623830151373 0.283374351239657 0.206593044868341 -0.0443611914255968
0.171838925148714 0.431788833179168 0.0790683184004304 -0.15695738060696
0.383093602052459 -0.076704978908289 -0.061153674234478 -0.0793028685561855
-0.00718737114875177 -0.331461097454438 -0.042379298170573 0.040289353174572
-0.299830915711801 -0.200018709734883 0.0485526062664753 0.0533140288849992
-0.302973719224186 0.0108950747694438 0.119559006817504 -0.0942283449153548
-0.257428825247729 -0.0906986145727541 -0.00950608326181309 0.0508696183660463
-0.143720101662664 -0.268499585521485 0.0385405665196275 -0.001949388977566
0.19186920864759 -0.174565496520558 0.0639948046559314 0.0542925016760095
0.24799348397356 0.220316482218919 -0.038647276298277 0.103677085837381
-0.247501791460155 0.354540789752579 -0.146279290600871 0.0824871491588838
-0.562048097735791 -0.108492361598981 -0.229749211488231 -0.106619693233769
-0.410766220740177 -0.494016069033574 -0.186467086472761 -0.227554012989232
-0.360314040476499 -0.560473961988343 -0.106967258234371 -0.203941810551099
-0.550651237852792 -0.289064993991757 -0.0356402157009371 -0.0684204573945618
-0.452514927183805 0.262017254750331 0.112617031936562 -0.0166440065141958
0.156905268553385 0.409729356813881 0.0760501445580229 -0.170417269074844
0.386984576006862 -0.0850849451095896 -0.113890869865149 -0.110862756989869
0.00649990310569808 -0.353261618726897 -0.0712286445055032 0.0895051434240079
-0.295886194108474 -0.233530696401742 0.104370947851456 0.101517919035221
-0.307133488572955 -0.0109973586536959 0.23446858270782 -0.091573231120518
-0.190028984735289 -0.0575273296736393 0.0673087580370622 0.0479676642943477
-0.117424849366395 -0.168732802302161 0.0866878840267912 -0.0115262831497843
0.0749241150351988 -0.102671404492753 0.13071483746421 0.0743743375577714
0.117533495074624 0.108332984637798 -0.00801949899477848 0.168473120669004
-0.168482531280963 0.198531207054024 -0.189435675011481 0.135992629293472
-0.395542583756893 -0.0895332038018853 -0.330609294597689 -0.127120072747083
-0.324564289451064 -0.377557420333187 -0.313496151267157 -0.379969232611102
-0.291154239155082 -0.439728330690601 -0.242312961805786 -0.409498484522019
-0.429924109162224 -0.236584168864776 -0.192569805476128 -0.176852875637615
-0.371967604696381 0.167789890750372 0.004995063040692 -0.00262244766062014
0.066820792457246 0.318265284416278 0.0457836399549645 -0.149632493983101
0.295546763644392 -0.028521377192678 -0.153355741567057 -0.106354560584375
0.0300383071354026 -0.272340207528182 -0.0989182957961512 0.158397651871134
-0.224648470662747 -0.212266681400507 0.15251656550523 0.172073880086315
-0.253168245665709 -0.0279283134067976 0.343652729196397 -0.071389858123654
-0.10645498201416 -0.0328179581550616 0.113280352735133 0.0342361611502188
-0.0678115913908196 -0.0850653482063101 0.132237622894038 -0.0404287775232436
0.00517096272519838 -0.0438087324036539 0.189436051756403 0.107951884350581
0.0307476222512549 0.0271643933742213 -0.0323926887190752 0.233888420665548
-0.0826952367831193 0.083783136538998 -0.259410440517385 0.147654817449673
-0.20756466390552 -0.0388857773210855 -0.395864632674428 -0.132835342549043
-0.195731578544626 -0.203698110627334 -0.409214768693733 -0.462228620065033
-0.179308522651684 -0.249408627635349 -0.339233020936868 -0.551955589077919
-0.251975002813941 -0.145517831774539 -0.291107600002949 -0.270470034787203
-0.237433394749519 0.0735377816465381 -0.0847311309143236 0.000306596632810677
-0.00994730391154151 0.186985750544474 0.0333054510147128 -0.113933705050385
0.160993230138397 0.0235539458868872 -0.148065887179373 -0.112209857056698
0.0390880710876539 -0.142362663494452 -0.123019126276249 0.188576439500113
-0.10993430915859 -0.140175782580124 0.171292617749665 0.235924725762773
-0.148376227599976 -0.0313005859198788 0.416927418401644 -0.0357763191757321
0.0118684020925557 0.0229405934433607 -0.440235760894922 -0.0167138712456469
0.00257811376391725 0.0297822713150187 -0.146362598072111 -0.264413495832979
-0.00980559351804695 0.0276660374315565 0.130888320237036 -0.188327822897245
-0.026982800760663 -0.0192909424607475 0.119074807840587 0.118389351683354
0.0350990528116036 -0.0581350968706806 -0.026939999808618 0.0952666051119401
0.0755702251827573 -0.026042468969341 0.121963581325045 0.0317301987485731
0.0656844864160523 0.0203689129096925 0.307308767267004 0.341364866247537
0.0478882001267396 0.0259116430872105 0.392262570472626 0.623954397469284
0.0394241949631462 -0.000929683949184423 0.502832847318767 0.465809238135548
0.0494046551453211 -0.00856269229813791 0.4660204142669 0.0702106131547372
0.0344771413939078 -0.0287010575869458 0.276198467666005 -0.178855196483207
-0.00804707850908386 -0.0109169451846532 0.0207989771907147 -0.273676110940842
0.000220881815579044 0.0113107203062277 -0.247047083799915 -0.092544944805283
9.21919274533725E-05 0.0281524141648753 -0.134944252195341 0.0864660018821011
0.00917444384098685 0.0260399374665166 -0.113510129766742 -0.0226995886246207
-0.119886217745549 -0.0215658355651581 -0.406900961743593 -0.0361194037403826
-0.083102660486301 -0.10656482015374 -0.104430802012801 -0.265277702750842
0.0562420251110973 -0.0905943290298841 0.166150206868473 -0.153398955800791
0.0970329672686976 0.0226941903813561 0.106708641150278 0.146459984602869
-0.0115556380650119 0.0837521446587619 -0.03347414583991 0.0957478864792774
-0.120547137672508 -0.0208279787459045 0.118819962328761 0.0429606281611573
-0.112778985614895 -0.145842110465026 0.282543847064194 0.342089284278627
-0.104950487252299 -0.20743690973153 0.383879370833924 0.5839377609654
-0.157037526412293 -0.163562040462764 0.518201540527544 0.396742869864829
-0.120886997593982 -0.00883567593772699 0.461003118029705 -0.00855760941551136
0.0121867262215554 0.0346637880093007 0.217864352361886 -0.236021458222066
0.0173824710149955 -0.0157737797960337 -0.0515678878351198 -0.247682084237223
-0.0312819591809584 -0.0200349417399151 -0.23380074108651 -0.0428768315170096
-0.0761312651850284 0.00339395167009575 -0.110963479427652 0.0920643475264808
-0.0861702709149894 0.0363785878876215 -0.0966627723381928 -0.0310227752577826
-0.22559312992539 -0.0704507288826085 -0.326550065422462 -0.0277641719940693
-0.139117154894039 -0.242481350284802 -0.0530002218447006 -0.217311990326701
0.149800720901343 -0.194586757871912 0.187049482506266 -0.089718014851916
0.224010219256364 0.0977107141187591 0.0880648314550689 0.180058174318248
-0.0876377529556205 0.233439796492518 -0.0596027030681553 0.110577073959144
-0.325761572988661 -0.041146176406733 0.0719718995850545 0.0342867177547917
-0.271426754879594 -0.315360474198 0.212809915268069 0.2738529759338
-0.242779365493544 -0.409616389364434 0.314347473039805 0.456531063144986
-0.362826030124961 -0.269375530456913 0.464207666525441 0.282646941513168
-0.307564410108348 0.0666466509741103 0.398851013480788 -0.0819286693440039
0.010582944909272 0.174370436415845 0.098426036609531 -0.25293540271158
0.107173001643478 0.000627404460611339 -0.124620205839545 -0.152006037882883
-0.030718844649952 -0.0920911563536763 -0.167805747631751 0.0218214051249521
-0.157881315784124 -0.0475700940489048 -0.0621458103315005 0.0731980104793954
-0.177794223176876 0.0423815131635264 -0.0542335576853981 -0.0530279997111311
-0.286415391918463 -0.105065927030831 -0.219222467766458 0.000682904449354163
-0.161141626126775 -0.335310491850759 -0.00966520092202967 -0.126721617171102
0.242482217199858 -0.257981363138256 0.15720653484756 -0.00113246424227816
0.338986531682384 0.190105476278262 0.0218187730146358 0.197068801576298
-0.167909925405002 0.37963989241253 -0.115437439740241 0.107298284232649
-0.510220858300061 -0.0611255094562384 -0.0165763763061117 -0.00822612530532939
-0.392403906629296 -0.451120686275981 0.100180547265443 0.137974079390943
-0.34719483439447 -0.546552668130024 0.196580109122469 0.262215578874562
-0.52946490759949 -0.30999188494396 0.336277669620845 0.159023349498766
-0.44409919624717 0.20682720174141 0.298357037939197 -0.0870659188870689
0.0924525287718521 0.351891435296269 0.0464088801858014 -0.186408116300995
0.270959279899862 -0.0230434906534768 -0.0918928844088397 -0.0617118993879879
-0.0163351731307074 -0.220415215774682 -0.0734205666487434 0.041222076245107
-0.245030074171847 -0.125694919557612 -0.00611178809462263 0.0492462681768607
-0.25662108748411 0.0349078800298612 0.0174416597665311 -0.0783573780970399
-0.297177357026545 -0.109689806874669 -0.106534042614258 0.0344901448430433
-0.160345344847041 -0.341619556294425 0.014721802908515 -0.0377037331357796
0.269319323328438 -0.246754264846975 0.0818894227843759 0.056108315752018
0.362170909979763 0.255867319118409 -0.0563498033891748 0.150485960425795
-0.235312484769157 0.451394380050468 -0.153801803980128 0.073039362150851
-0.61633053742533 -0.0768484564498259 -0.124100221253945 -0.067404303897757
-0.453214590738596 -0.519085636700729 -0.0429973880833418 -0.0425288568283994
-0.395943143606418 -0.598650700405208 0.0445331733516135 0.0303695137383786
-0.606202340551153 -0.303678867791037 0.153769476049204 0.042647602993626
-0.485729586612668 0.301578909889728 0.21085400380137 -0.0466904311847657
0.18510825862334 0.438101873118674 0.0826034255182287 -0.160999971294826
0.392014826753078 -0.085587713188859 -0.0620983739847073 -0.0834745923910563
-0.0119945540456356 -0.337774868964368 -0.0450251654213195 0.0386741559122974
-0.307647326105855 -0.197674995930067 0.0474576532949593 0.0531216993711341
-0.307111532701501 0.0170009376658859 0.11719747754545 -0.0943510194043378
-0.262805057126189 -0.0872976355621587 -0.00598710996377398 0.0503536201188615
-0.148925541372994 -0.267674314123556 0.0409765745941739 -0.00171444772828195
0.194169762849614 -0.178709642235256 0.0656061226100636 0.0571300358973559
0.259027698350039 0.223740367908756 -0.0404547916751247 0.107208791455394
-0.247399109401931 0.369441252101803 -0.149556024157648 0.082366495319835
-0.576735408817206 -0.096118408486224 -0.235216717092684 -0.106486330124103
-0.432930444438603 -0.495964617690574 -0.193608004612674 -0.228776620489131
-0.381779004798083 -0.562059473822184 -0.115821727143036 -0.204956286392157
-0.569399410079499 -0.279863895173428 -0.0407536517743351 -0.0665637949380863
-0.456438632904675 0.279370863383163 0.114763566589962 -0.0153332338282843
0.171765831405404 0.41492357281284 0.0780308206819083 -0.173443227409199
0.394383845722272 -0.0960170608986925 -0.115945499697594 -0.114076526767907
-0.000280548272415155 -0.360937487970634 -0.0736757991564939 0.0902507330231558
-0.305395336294504 -0.231469617108083 0.105001116212679 0.100970176858641
-0.312209519796525 -0.00487179069336271 0.233322549931905 -0.0948716567306043
-0.193223247228449 -0.0545712534907689 0.0701390586651375 0.0455272320512904
-0.119377073616428 -0.166705731963765 0.0897724254220303 -0.0139493266875091
0.0758428038316364 -0.101846855360239 0.136157320905796 0.074312397420173
0.119934721446202 0.111634567460413 -0.00475524091754311 0.173679517447934
-0.170574928534933 0.206217026070632 -0.192672563799894 0.140437136474501
-0.40605806295356 -0.084261857595573 -0.339698318345835 -0.125546003738653
-0.341391884013357 -0.37940447903804 -0.328309351605532 -0.380882007093159
-0.308342273038686 -0.441059393869176 -0.259220162020305 -0.411180380567144
-0.444378398240736 -0.228995891475582 -0.203769319737821 -0.173746879781338
-0.375439431448881 0.182168189442897 0.00444235820810843 0.000874926530673866
0.0777423618258521 0.32150868480568 0.0461918679099121 -0.150813871481782
0.301733498344096 -0.0374299938001515 -0.156535407681064 -0.10725409569517
0.024196313879204 -0.278656301802608 -0.100875833888375 0.161851537152166
-0.233536417073421 -0.21088212132803 0.156167116850076 0.172838946804549
-0.25850566583535 -0.0225607632072212 0.344070092762959 -0.0751960981894572
-0.107378445844816 -0.031329918137657 0.115984636931115 0.0302934006567905
-0.0685176634642451 -0.0832766495559971 0.134899592851576 -0.0461213110154173
0.00533760799463859 -0.041320263835771 0.197677850550906 0.106510388278483
0.0301784405187732 0.0296181985772568 -0.0287153543858386 0.242544112810176
-0.0846592132999203 0.0866322834516838 -0.264560600785882 0.156078557942455
-0.213503902301375 -0.0361890025199963 -0.407057313280313 -0.130466100667097
-0.204770272219765 -0.203881931055605 -0.430218924989208 -0.464865922857993
-0.189407262907572 -0.250473195801388 -0.36113380720642 -0.555513377499865
-0.26131328466959 -0.142489034758411 -0.306056331665412 -0.266615358819874
-0.240444234948767 0.0822768304330473 -0.0870980072567404 0.00678539179535397
-0.00487417116976379 0.189142605234589 0.0328486035683517 -0.112421399486159
0.165530321900928 0.0187736388683933 -0.149975514861308 -0.111048895946913
0.0371127544282976 -0.145514071207309 -0.122109897428631 0.193879947932034
-0.115027287913708 -0.139687283826843 0.179233977176548 0.237212914359531
-0.151811477220224 -0.0282661828238716 0.420631456340103 -0.0412126736712089
0.0128425088882002 0.0223599969792689 -0.447159405847518 0.00120535362929779
0.00438744880229869 0.0300442631020185 -0.161377341568691 -0.262508574965618
-0.00847019248758026 0.0286365186072547 0.122764242949496 -0.196394989943503
-0.0280599045741015 -0.0181955796553068 0.123652511540744 0.114171472206614
0.0315402846165207 -0.0613027931386836 -0.0241278073373665 0.0929683886817689
0.0755963443458691 -0.0297533102764592 0.128338301570199 0.0209487097729965
0.0682951630715088 0.0180921888711405 0.333245588701127 0.32980521549262
0.0493758970123981 0.0254660966137702 0.434141642858325 0.615531251501831
0.0397562074064181 -0.00173181121777785 0.535272588689689 0.457389955160115
0.0512048925562842 -0.0116995516152064 0.4808785745068 0.052462906585321
0.0327075129435021 -0.0299969037578828 0.280266357163043 -0.194860346364298
-0.00903805849060162 -0.010306189660886 0.00963207060010763 -0.285887246555194
0.000644657290448195 0.0104405114773608 -0.258907436668035 -0.0829331662616634
4.62705024268056E-05 0.0280189453214491 -0.134780141864609 0.0972237846757557
0.0104424000527476 0.0264740059635294 -0.115412724712046 -0.0165400286956924
-0.125016821268408 -0.0166634356110145 -0.413648811866098 -0.0204972394992791
-0.0907464307175051 -0.105022712093834 -0.119591038584115 -0.265524374822731
0.0521351879288746 -0.0958960453461217 0.161685602238164 -0.163262922955449
0.10134957496734 0.0177383906230987 0.112617839900703 0.143405890067061
-0.00817491167063254 0.0858921066362321 -0.0309296295025874 0.0942411090829127
-0.12391627874986 -0.0133626624922619 0.12628516069455 0.0336013646217276
-0.123461563824196 -0.140715524562746 0.308568211930016 0.331649073012771
-0.119600741541388 -0.205151981011395 0.423014203526923 0.578634315607996
-0.169960882787438 -0.158679424053994 0.550947300220669 0.384462308075211
-0.123936795459244 -0.00437436709860719 0.473046215400965 -0.0263644978740337
0.010775287261117 0.0343974783964229 0.217235456536758 -0.251515026712498
0.0149508418576141 -0.01531530326405 -0.0648046261163555 -0.254521658216295
-0.0320725915731766 -0.0170283695995612 -0.243827687848636 -0.0321204848708162
-0.0760547977457061 0.0067135796968564 -0.109086156109021 0.10076673161535
-0.0859175811069279 0.0415873560742149 -0.0990336187985156 -0.0251498581210014
-0.2348276858812 -0.0609934548505191 -0.330510660410744 -0.0155713187320974
-0.153768941346902 -0.24070920007959 -0.0638251536341555 -0.218477841918674
0.142717882583804 -0.207354058217321 0.186582060460308 -0.098314545821752
0.234873180371212 0.087322888672214 0.096052236091449 0.179574629879163
-0.0778795446604719 0.242971757254812 -0.0555276480129198 0.111720308808721
-0.333861547501487 -0.0226188039682502 0.0768346149252531 0.0279905918389015
-0.292203939742989 -0.304657705222535 0.233354426496441 0.266690610977479
-0.270095450748829 -0.40455908640364 0.34488897894247 0.449388578414866
-0.387008498517644 -0.257015061761821 0.489264630962169 0.270105348177291
-0.31321834814705 0.0828366307857612 0.402673749801007 -0.0989953529820731
0.0140056942592699 0.179131489885357 0.0927794999065654 -0.263634689616018
0.109943006325079 -0.000906110671294148 -0.135477850649673 -0.152628961027599
-0.0339454426922332 -0.0890841385065336 -0.171829495301887 0.0302239301165538
-0.159762371749927 -0.0411069959984204 -0.060623734251685 0.0783445899300722
-0.178221736107008 0.0510563659142696 -0.0575733759153722 -0.0496012377382959
-0.297734571255288 -0.0927186739677186 -0.21928489482503 0.00902974248464091
-0.180776900150918 -0.334111133931984 -0.0128385274676148 -0.127049743439955
0.234831593979774 -0.277097518073561 0.161143515448338 -0.00555520225664792
0.358837806018496 0.176739161725613 0.0291486131631322 0.201848313324463
-0.150817157310853 0.396373323578633 -0.114281887581273 0.112149186244168
-0.524810638119572 -0.0332827329518902 -0.0160477960467777 -0.0109655518851045
-0.422261639856523 -0.439507051457025 0.110815997839361 0.133524756566011
-0.382387137690446 -0.539006625209608 0.213899765814516 0.257028740865746
-0.557902158985715 -0.288265435949868 0.349759735838672 0.14741206782845
-0.4468092906606 0.233527668914074 0.30157539043834 -0.0988023702238774
0.108334938020975 0.358201345189188 0.0434103116385001 -0.19188130896291
0.278227578474429 -0.0330573208219124 -0.0959737795216985 -0.0612089477780924
-0.0244823390067105 -0.2216764583573 -0.0745968075052256 0.0442109141986667
-0.25190413048348 -0.116064293907228 -0.00591277656370971 0.0499261067840896
-0.258865257770238 0.0464863315147961 0.0126218481665349 -0.077866781229013
-0.308320226728977 -0.09819002057044 -0.102761777023043 0.0380315290691085
-0.178078533379371 -0.340350551176687 0.0165261946829065 -0.0377420438735859
0.266317221512749 -0.264730217212039 0.085990239597483 0.0577682522949905
0.384548326153816 0.244896896665222 -0.0540800818947646 0.158692407031941
-0.218713264345051 0.473600495866145 -0.156403147340384 0.0788300174037054
-0.635383738235762 -0.0472702626725993 -0.128342688047939 -0.0659347847631355
-0.489101811153773 -0.50710441553242 -0.0443691502645077 -0.0418252227916179
-0.43568267468777 -0.592950132580477 0.0466669493530531 0.0294625200518152
-0.63580570197446 -0.279987415976238 0.156463242276631 0.0382694872102073
-0.483699510743746 0.334139465018007 0.214454188192235 -0.0529387449527581
0.211374679456958 0.441420733817564 0.0813760130488476 -0.166928789842508
0.400025594456148 -0.105917906499089 -0.0657132127664767 -0.0864413938456139
-0.0275068441989875 -0.343058788100356 -0.0472192162898148 0.0385321842180131
-0.320787870104143 -0.18709951509911 0.0480218181599878 0.0511800408512752
-0.311661470981999 0.0307813320920658 0.112232453988193 -0.0989767669803495
-0.270968652817435 -0.0766096142703536 -0.00137628457875048 0.0497565727186728
-0.161370119481478 -0.264079656509826 0.0449288471165482 -0.0014198416233097
0.191841478248412 -0.189387675654641 0.0693695621915002 0.0583882661878386
0.275967150636288 0.218845666209528 -0.0391042980119518 0.113317752566105
-0.236737507707718 0.389839928210733 -0.150538534363804 0.0877999730892881
-0.595235920762565 -0.0700620751923121 -0.244263085008782 -0.0996480339489504
-0.467008349498171 -0.484910124385505 -0.20805345335446 -0.224638520144727
-0.417451234553552 -0.556762185119497 -0.129173081788156 -0.201839393782445
-0.596233544062979 -0.256157031911838 -0.047786765495885 -0.0628554191747046
-0.452638998739281 0.311254452764061 0.117389943137977 -0.0169601525800168
0.197081244525903 0.414555814459714 0.0760768021142859 -0.179955197099823
0.400673015562365 -0.118546823683486 -0.122804513640083 -0.113365313746425
-0.0183430389054339 -0.368779155858696 -0.0748242540365275 0.0933363541096456
-0.322626430951621 -0.220408913155347 0.10851775905481 0.0987395045974404
-0.318165329032107 0.00859743054604278 0.231011190037687 -0.103384501954369
-0.19881432224438 -0.0468726649357735 0.0753234414461404 0.0409771544329189
-0.125597492928744 -0.16093469804415 0.0920994892006199 -0.0192255827413645
0.0744995037656629 -0.103341755250984 0.142972255809183 0.0707246612467981
0.12661706605487 0.111632353956039 0.00281396779577746 0.179512165827943
-0.168308513675316 0.218557119546551 -0.191600612792943 0.151494655491943
-0.420100390500153 -0.0678149983077538 -0.352421463823013 -0.113805361134072
-0.367043479431911 -0.370728349650291 -0.353165274973367 -0.373544621226608
-0.337066858367649 -0.435002101847326 -0.286364799518128 -0.405383561689528
-0.464751384626073 -0.211525500582688 -0.22060634918935 -0.163837212470685
-0.374117697678091 0.207104667152783 0.00529580631331882 0.00563505039363072
0.0974098728609599 0.322880542730184 0.0430183655776342 -0.15372891593834
0.307443392059286 -0.0552863558244195 -0.162443949382414 -0.102623829836993
0.0109559091940197 -0.286610374883098 -0.096999464480227 0.168296668340152
-0.247024841424529 -0.203172027654721 0.165812960687166 0.16946132001294
-0.264517800045056 -0.0114088103611189 0.343905565442329 -0.089101782284431
-0.109827196883603 -0.0269962282407933 0.119230991271035 0.0224378007763899
-0.0715111043192847 -0.0793724086500045 0.135671912878151 -0.0558582433677624
0.00420565147662785 -0.0395857043682727 0.20919767956824 0.10073231282278
0.0301238285931499 0.0313292475193701 -0.0165002402803742 0.252827171028251
-0.0836386578872197 0.0924138255936226 -0.267866448547874 0.171469295076302
-0.220779505615245 -0.0298741841794916 -0.423611191778844 -0.117414714804177
-0.218264665949441 -0.199806883929132 -0.462452839691998 -0.454032826404949
-0.204564149009718 -0.24732596684074 -0.39876455767056 -0.547733436068439
-0.273383837235235 -0.131176499933951 -0.329216692099944 -0.253334402485566
-0.241795165296357 0.096595483326197 -0.089010650507588 0.0155065840379794
0.00610312846099559 0.191210387233079 0.0300533442690628 -0.112027490651324
0.169824490421599 0.00889751088278582 -0.153976096742656 -0.105530755953988
0.0298225177360761 -0.149908027928475 -0.115575211976279 0.20201037042647
-0.123545999581834 -0.137534843017053 0.192441777884165 0.234626712115857
-0.15555568690392 -0.021449584458172 0.424363597628195 -0.0573184047710617
0.0201547983012068 0.0132581074456749 -0.394249169939894 0.20350595570342
0.0188590726229241 0.023274572530389 -0.262106237534115 -0.157186361376568
0.00763444150229924 0.029142462974509 0.0183337893631212 -0.228918356670267
-0.0341018911213974 -0.00187319563788074 0.158917944531925 0.0456163309509298
-0.00350219737894262 -0.068305150532361 0.0180538304170298 0.0894773424410832
0.0527116355559004 -0.0617842600896174 0.121284067681676 -0.0479825798516632
0.0681501766260166 -0.0154426419127453 0.447852291761741 0.125778727996683
0.0546865682395415 0.000239386889788766 0.675627442756933 0.331550173843536
0.033101446952588 -0.0184977238475494 0.683956967432746 0.148121886956612
0.0384130168224974 -0.0349517184758089 0.448059301383994 -0.177091395637408
0.0142081852946201 -0.0397127177172476 0.16105928133171 -0.306334326404265
-0.0121010052069553 -0.00474752015899149 -0.129984198088109 -0.25963956561863
0.00519440050088404 0.00872294687751637 -0.269942221953365 0.0493194161602092
0.0109795150716845 0.024285630470332 -0.0735781157663525 0.150052156238296
0.0216962032004584 0.0193136201147556 -0.108263969806825 0.0405040855374385
-0.119004288175069 0.0442825088104115 -0.373798594163976 0.170341034116213
-0.129006652086219 -0.0504020422269509 -0.227325187639867 -0.177769894820774
0.000517406431450891 -0.110250382150456 0.0663446911236124 -0.217541508407367
0.0969457757980081 -0.0323554132930571 0.162761943590749 0.0743745538871301
0.0322476354783889 0.0806765050792373 0.0155035646267512 0.0924706200901013
-0.114180747494155 0.0498579675758626 0.127469999315795 -0.0350393664005182
-0.175224467033749 -0.0622359665952642 0.426442412631676 0.141842604111022
-0.204987740927684 -0.121978917390844 0.645264744592886 0.30770405128329
-0.225822202706698 -0.0556750213583151 0.65992584644698 0.0806252292656042
-0.113877871903653 0.0561876306222229 0.402636720717294 -0.242300691206245
0.0242451083574436 0.0275338998221481 0.0759390617024135 -0.326142205522028
0.00621410744133713 -0.0193490364452271 -0.181002317499402 -0.195982909949481
-0.0351349500338477 0.00198958011352988 -0.232932969657064 0.0877939844525383
-0.0628450402797089 0.0410011139409007 -0.0493018390790043 0.141879797462645
-0.0545113602137678 0.0770901483047821 -0.0975297807296481 0.0249501350816245
-0.237767671108033 0.057669370975151 -0.298481509155257 0.138085734185834
-0.249570512659915 -0.139699377781654 -0.155697132551707 -0.162323696568149
0.0272031829075346 -0.252349100367952 0.119145853570607 -0.172023374498252
0.249532229724391 -0.0359307728891377 0.165299625428689 0.112085495581497
0.0479184419517717 0.251442763670052 0.00325181964180737 0.120648081174232
-0.302714211023574 0.143663123414359 0.0829038872478053 -0.0148288555286721
-0.4031742294645 -0.124824316591716 0.330997948143905 0.12265121337615
-0.434586209817451 -0.22473278235533 0.516460266057966 0.231375227826113
-0.461346702764749 -0.0365802379361334 0.55133969112169 0.0101895714745148
-0.23766425583463 0.2254083246673 0.308532245919067 -0.273741454362534
0.0958003648350354 0.152277093414368 -0.0397825087834624 -0.277819871718245
0.0963192218088408 -0.0505322082267664 -0.192434209325951 -0.0716890310987823
-0.0682272833188156 -0.0599305723001523 -0.139626458155646 0.108856143718058
-0.15759424474668 0.0374614334927 -0.0174853186390678 0.0991327972413028
-0.130681419563852 0.128811347395133 -0.072442973564673 -0.0150053769777489
-0.307488703176479 0.0576478895172289 -0.187925667197399 0.107957790153568
-0.317232602814594 -0.209918059055823 -0.0685790952681904 -0.105262633639798
0.0759366475692206 -0.358954271586164 0.140355710064544 -0.0777277631001478
0.402294818492283 -0.0177341680847948 0.117503181929005 0.163875276727858
0.0586515303315121 0.421553177762059 -0.0465750714814976 0.148898305579244
-0.475688439008317 0.226178768544795 -0.0156336500961117 -0.00312984829435988
-0.581436093764615 -0.18047984401758 0.161211417962677 0.067185287380286
-0.598241005811427 -0.287862818506109 0.308503249586328 0.127435092862992
-0.625617947446649 0.0191150975413851 0.37302821516707 -0.0298586278844388
-0.2797029990973 0.422501430982428 0.220776671190391 -0.224603888390613
0.267318457361248 0.262880436381782 -0.0473016131257464 -0.191151537158541
0.230179099652001 -0.162133734671197 -0.113493572444534 -0.0107766749027513
-0.123481519948945 -0.183272171986779 -0.0478183016998237 0.07357312012791
-0.274014913097892 0.0161011464657883 0.0163536684592101 0.0488469130546657
-0.203895877681038 0.16234863142726 -0.023915503950099 -0.072209599314206
-0.317415635887447 0.0576527000032847 -0.0720138217800136 0.0810536568107208
-0.317088215298595 -0.216625185745875 -0.000954246899141002 -0.0386588179200373
0.109969085545547 -0.362750105058334 0.102743717467397 0.0140013504730025
0.458286888803028 0.0307330310803704 0.0245300897457552 0.16481623598297
0.0363705467245892 0.524057548257885 -0.0996989998482606 0.140514890125014
-0.579806449699294 0.267341967307387 -0.141505262118291 0.00353992591534287
-0.672517326974674 -0.209276946840477 -0.0569178487849699 -0.0109243320783389
-0.668669132509617 -0.309815593661139 0.0536506160430162 0.00811538704768119
-0.688464057837758 0.062672322709859 0.153680544619038 -0.0326160279824297
-0.260383061717412 0.528798774331455 0.166969649750987 -0.142437526380421
0.398614994670553 0.282661972413649 -0.000948460714441844 -0.18831243818441
0.301951840542128 -0.286553852501024 -0.0981772150632814 -0.0489903165152231
-0.184163147206805 -0.289654999789998 -0.0281014133119981 0.05632694320025
-0.368870803041676 -0.0140642508641043 0.0636263721940097 0.0256812075066348
-0.259100351418977 0.174748319644557 0.055231167052955 -0.135705341636539
-0.274731117508132 0.0598378748861616 0.0224661955241887 0.0445085611435142
-0.262784765503748 -0.157488838333233 0.0387168852089999 -0.0199228188232584
0.0830895206251784 -0.258928412332049 0.0875896090068197 0.021723375351887
0.349518621311155 0.0635596761326377 0.016739431329276 0.117782219376837
-0.0236632707234147 0.459323815795669 -0.090683470022082 0.146527961512532
-0.558556934267828 0.226550152178743 -0.259375984930891 0.029574978081263
-0.642814329394412 -0.201074897650539 -0.286679686125263 -0.0925800454232166
-0.634471705734638 -0.288286060916213 -0.210690064242428 -0.110458094063697
-0.643082379097871 0.0649773297862745 -0.0727527959937271 -0.0241930239231478
-0.245464693687302 0.492718177112676 0.0994617133249023 -0.0656596273798291
0.374554865321545 0.264805225835278 -0.0126971841031498 -0.195425650488744
0.294094653512378 -0.301039142652675 -0.161600677368552 -0.0456619346993243
-0.190373078982176 -0.316156119176224 -0.0279735055435063 0.118097564905153
-0.38886485285875 -0.0418886931308292 0.139710121928606 0.0397557066872249
-0.274908706371691 0.157900310646355 0.158160110128312 -0.194206835117027
-0.19626505868336 0.0517039514208349 0.0847981520396659 0.00154394374019345
-0.18247277433351 -0.0815762025486105 0.0714110923791068 -0.0585936692393941
0.0200508462207229 -0.124130657803104 0.15930448985371 -0.00244075307719527
0.16437043130344 0.0422228665485358 0.0863802401559319 0.158548969573472
-0.0456493928912361 0.274277854684646 -0.098498704284914 0.223702852932638
-0.405921260446439 0.141001097403395 -0.362634406479673 0.068897638622988
-0.499619337947649 -0.149848431017318 -0.4839429424687 -0.156132876862932
-0.50514966344691 -0.221675364197896 -0.445697833595074 -0.214132836404999
-0.50584675135169 0.0383220386351702 -0.269967354248302 -0.0310098886752739
-0.225267490971769 0.362334004374354 0.0103479386859036 0.00663976009933522
0.241194216764451 0.232692338680452 -0.0295192214020175 -0.154170108493302
0.241081334969254 -0.199868929352925 -0.190413026755574 -0.0156292433293398
-0.126795873767437 -0.256223355251163 -0.00956105861067676 0.19510888033061
-0.314411902687909 -0.0620713387682321 0.224192647311828 0.0747998568672747
-0.236820095857174 0.115982212021568 0.265701031207944 -0.234264578111462
-0.108655677273752 0.0272614268399199 0.114299057641437 -0.0352885131287815
-0.0971786119881201 -0.034447422196178 0.0928286015090584 -0.112894132214822
-0.0127088124129294 -0.0341517581854329 0.233761977556825 -0.00756715715775634
0.0395142455873452 0.0160431034871897 0.103383189332017 0.233807413348029
-0.031247085405883 0.120423829084785 -0.158063935659885 0.279095744103482
-0.20984171651365 0.0774158979736456 -0.428013008369922 0.098725581003665
-0.287253799163302 -0.0723221912853836 -0.617835452710042 -0.177842863498256
-0.298516511257956 -0.1203749982532 -0.608962223768205 -0.285293473786262
-0.300816301063108 0.0157895543510993 -0.407635336091816 -0.0601216640904173
-0.162537017386569 0.20073745436218 -0.0680183839939383 0.0603183108301357
0.097834989390406 0.161314476056021 -0.0222272007114278 -0.108145751570327
0.15114211707714 -0.076744504184629 -0.182297629624032 -0.021464217306549
-0.0451474147921093 -0.146080063768533 -0.00860493857817794 0.231861094275277
-0.174844673533739 -0.062103033476855 0.280158332441055 0.118781679196144
-0.146940756841847 0.0545534882813533 0.350882828888067 -0.244286789201958
0.0196756699439538 0.0115600581979648 -0.375430429146817 0.211302530417777
0.0191287880071735 0.021705944071572 -0.261383060403537 -0.140552470997602
0.0086945393035124 0.0275247590156129 0.00779992386615241 -0.223160105601277
-0.0337443952046224 -0.000682690533162379 0.153508456597817 0.0394190875145753
-0.00736442144696917 -0.0647564518974996 0.0175489784818207 0.0825601881119257
0.0490192524972038 -0.0622563109484862 0.115600725388502 -0.0571476785877207
0.0665937440735598 -0.017206988674044 0.441460419823641 0.099508273198848
0.0529801425988216 -0.0014013291185495 0.675193297041231 0.293476427669534
0.031634586009264 -0.0185516109575351 0.675657779490266 0.117264093317427
0.0360649587657269 -0.0366161067040807 0.432603881456296 -0.188054306224048
0.0120432745671682 -0.0382717817052341 0.149903080678964 -0.310171938085119
-0.011020761858794 -0.0043823823994919 -0.139575177350944 -0.253765565979313
0.0049339271162283 0.0071920115356741 -0.264231742679478 0.0608540072590863
0.0102429903077051 0.0235293489900357 -0.0653310234719846 0.152285859994194
0.0213270852185415 0.0179318625852069 -0.102121051280314 0.0450636749900223
-0.114534438787031 0.0482042882340102 -0.355738233595733 0.176704079109546
-0.128424055499085 -0.043480749194419 -0.228628613263369 -0.162437066746743
-0.00470320781762181 -0.108610995836377 0.0554330924218425 -0.213863662215019
0.0939841991091008 -0.0369449715200314 0.158187701154562 0.0670255469461979
0.0348581863353705 0.0776107393635111 0.0157561598699788 0.0851914336446247
-0.108177447292879 0.053161546062833 0.123072352808133 -0.043804051274989
-0.172589429685579 -0.0527570238345411 0.422434785240059 0.117138793808504
-0.204568732686849 -0.108308483740248 0.642159384643404 0.269475573235275
-0.224246569937804 -0.0433301868944501 0.650939468893094 0.0539541035651485
-0.110248889154296 0.0590943010760821 0.387264713978026 -0.251688063452467
0.0218338357205943 0.0275712827392424 0.0658929741312636 -0.327533093306505
0.00516430340793401 -0.0169905799292464 -0.187910068813857 -0.18861545760884
-0.0318227197975923 0.0045540268840214 -0.225792939601869 0.0972462463131572
-0.0587674355290159 0.0429128020566782 -0.0421034208330763 0.142879193504957
-0.0487651862260825 0.0770897146658824 -0.092899489080714 0.0293438660521257
-0.229002862199815 0.0669167894309344 -0.283936217583426 0.143108226383223
-0.250391566788532 -0.125405646483455 -0.156669123346247 -0.151409141306534
0.013216298778252 -0.248844181402382 0.109476550172336 -0.17317154421192
0.242674979629227 -0.0479741783379578 0.163847663334293 0.102527379852119
0.0583343011779969 0.243382554205779 0.0063859184797008 0.112968716686706
-0.287946295882334 0.154190603659445 0.0808450983877803 -0.0215568751209435
-0.39744016753447 -0.104376276398672 0.328281305966308 0.102528227248726
-0.432920811867486 -0.198229138526556 0.513402497246097 0.203742197727275
-0.45398493787219 -0.0144512782388828 0.540853744128024 -0.0130841096051388
-0.226128556442548 0.231147080553798 0.292504055726385 -0.277968561019727
0.0973526936013417 0.148175573986267 -0.0475820862642005 -0.273199566564159
0.0934927673665657 -0.0508086300169331 -0.192835103483864 -0.0638949051714519
-0.0651425459514445 -0.0536516514749949 -0.132745200627093 0.113827213703713
-0.148860761378201 0.0415150809774146 -0.0138927293055417 0.0989005571894748
-0.121190368701481 0.12932911252741 -0.0702058551564336 -0.00981217635247831
-0.297977480357372 0.0697201047765226 -0.17729921673697 0.109612210725018
-0.317407618140293 -0.191579528639611 -0.0677781089504933 -0.099694502192064
0.0568537585309328 -0.355514285369269 0.135336380054163 -0.0799077332806096
0.392883144217317 -0.0382646022175545 0.120503845634323 0.156595026051445
0.077156623825196 0.411022169205037 -0.0419362370563053 0.145334851181906
-0.452098133914661 0.243124762545939 -0.0158925033639762 -0.00542270349997261
-0.574847256528709 -0.150872911063862 0.161085308872284 0.0564204076656246
-0.595015047233367 -0.255049045357137 0.306621186464798 0.109621995059921
-0.611532126473246 0.0486870680012857 0.364540231133978 -0.0422855143592356
-0.258656082961291 0.428712498347653 0.208446917730737 -0.22677709919102
0.272209978282421 0.248800910201698 -0.0507403976659724 -0.185883132799064
0.222268091556675 -0.167345071797534 -0.111698188205456 -0.00774980721644996
-0.12372313261643 -0.173067153943878 -0.0459828057943654 0.0741276665172569
-0.263624377473771 0.0246763856216252 0.016308163282211 0.0483070580193158
-0.191593025324012 0.165293374316924 -0.025441319836553 -0.0659569113299355
-0.30765818355432 0.0702430994120112 -0.0652529247820976 0.0783501814925642
-0.315660844602708 -0.198879442688821 0.00072348023071155 -0.0381127865488772
0.0936000368524687 -0.360796884171476 0.102793551206165 0.0125506558416976
0.451825751677107 0.00901601608626082 0.0282457579396091 0.164507588781101
0.0585006285586365 0.510733215052488 -0.0958100771032282 0.139179163062891
-0.554994451868054 0.286913525067444 -0.137488498567054 0.00702365334283115
-0.66565517152396 -0.172581693565076 -0.0548777280101799 -0.00937036562927367
-0.664394541772678 -0.271995000613678 0.0529674753120807 0.00649799346458181
-0.670506316749158 0.0950256494196724 0.148556995318916 -0.03604915835628
-0.231843579209118 0.531774891241469 0.160245115176667 -0.143463977432472
0.403484834298603 0.260855844591805 -0.00463104529857094 -0.185720932071108
0.285574988067376 -0.295618397968114 -0.0984924522290764 -0.0471388636945859
-0.189732610182109 -0.276191406732776 -0.0291177398834842 0.0554968609048124
-0.358420964930855 0.000151846093376161 0.0608655869472161 0.024054539704734
-0.245084156504438 0.177954706656235 0.0479166786187466 -0.130834710230259
-0.263424198140458 0.0685555970834163 0.0248302346348003 0.04063885785095
-0.258072460279328 -0.143401896486854 0.0393927803420036 -0.0214957850226117
0.0736679938256472 -0.255208695057211 0.0877040962584151 0.0204449184291099
0.346152948382217 0.0484313958011792 0.0194034505330914 0.117152308298067
-0.00373883169681972 0.450667323268714 -0.0859194432443034 0.145120573673455
-0.537005235355987 0.244051942973369 -0.252128992031453 0.037405567303072
-0.634725532973157 -0.169549471645311 -0.282495201802209 -0.0788406412620803
-0.632178921589585 -0.251392574470099 -0.210980766217704 -0.0971444605467587
-0.62662155257256 0.0939649053439744 -0.0719985084838073 -0.016367032911251
-0.215957871350593 0.494462796763952 0.0968029814506815 -0.0650927728072122
0.379968091592175 0.240159127833718 -0.0168365927420031 -0.19209896133509
0.27412276886744 -0.308974512845165 -0.160740916483942 -0.0414154752659535
-0.198993824154383 -0.300867227101548 -0.0259613778319015 0.116416467584334
-0.379958965476946 -0.0256548612365826 0.135308019969964 0.0350173850324717
-0.260788842024204 0.16468629942473 0.146739586335447 -0.191523592086867
-0.18726711739208 0.0579735819928629 0.0825551448909618 -0.00387487396702078
-0.176322026262193 -0.0719887094684955 0.0677628027204834 -0.0605932602444957
0.0183437076682751 -0.120526800759183 0.157857378398528 -0.00926961222194887
0.161805954839443 0.036547094615173 0.0913956902352858 0.152760509738168
-0.0360294074065735 0.270077351090733 -0.0898924428363921 0.223233780364776
-0.393302720165698 0.154077325126604 -0.351307291293341 0.0805551041419056
-0.496136856781287 -0.126952420145922 -0.478229003885075 -0.132263058192878
-0.502700381499405 -0.19503616342789 -0.445058513673398 -0.188152538357784
-0.492226622991292 0.0612736949586008 -0.265185969197993 -0.0129490897438806
-0.201884096258488 0.365742122385789 0.0123481426455705 0.0103155833250541
0.246546712135775 0.214572258772999 -0.0323386321420459 -0.148087324207735
0.225872876404157 -0.208162152214515 -0.185611833423861 -0.00944686480579511
-0.135701657812874 -0.245156367300557 -0.00407864816998419 0.189917207621446
-0.310275178265213 -0.0464481540449981 0.221030120913302 0.0655286497735073
-0.226599426494355 0.122065117949514 0.249347458738361 -0.23382122263858
-0.102913593026885 0.0300521602408753 0.108556654966937 -0.0407887246413317
-0.0931953759927012 -0.0292989911013914 0.0842596096354011 -0.115397567325535
-0.0110330547363982 -0.030949838154468 0.230799136545966 -0.018388437983418
0.0386822857376025 0.0151925771611325 0.112656966518506 0.227097205327466
-0.0262913394453908 0.118236914931236 -0.146288505738874 0.280176974711363
-0.203321990243053 0.0831639888779049 -0.416375193268712 0.111972208656317
-0.284420638289225 -0.0594044710053001 -0.610556533694919 -0.148224360243765
-0.296303329271764 -0.106067131259346 -0.609191018289668 -0.249863191759041
-0.29171587869433 0.029506239695333 -0.401271915864659 -0.0359149054795341
-0.148710069397214 0.204184728706989 -0.0620486843814834 0.0660543066964715
0.10242340816663 0.151444767265194 -0.0223140460515148 -0.102118496062294
0.143181447249106 -0.0834522968103151 -0.176467382058427 -0.0156990625066619
-0.0503800401707704 -0.140535223829933 0.000612705845834745 0.226353742213658
-0.173104825364837 -0.0539535223558769 0.277674058825164 0.103833938382502
-0.140083720791357 0.0599254440938262 0.330632332458108 -0.247769643242694
0.0194535770427799 0.0106835306955744 -0.362996540680669 0.207956976327329
0.0190006813982159 0.0206112350154625 -0.257269149748121 -0.133697659376216
0.00909627237687863 0.0261182132712723 0.00245975787112473 -0.216438597601007
-0.0323772274208245 0.000158445725817657 0.147638866519528 0.0380754691382826
-0.00919567338594266 -0.0622212715771134 0.0147442582309699 0.0772045711674488
0.0466705317179836 -0.0618019376732182 0.111691110654919 -0.0624953703897851
0.0655952921660435 -0.0170262171944037 0.435792462901576 0.0870858533095324
0.0516682374068465 -0.000662816146337883 0.668980592396808 0.272981223680588
0.030080321809363 -0.0181153105297353 0.665606697908284 0.105434337595361
0.0343243165644036 -0.0374363316251126 0.424759942049491 -0.189924053772762
0.0112546656197151 -0.0367828995783216 0.147511361636772 -0.310504713108247
-0.00983078158946906 -0.00361189094405373 -0.143468798623712 -0.251045442384977
0.00459515973520271 0.00540599861974142 -0.259759077727059 0.0659371692108419
0.00903004906614301 0.0236699532374178 -0.0609193326855682 0.152460932392118
0.0206733585482458 0.0176238410867139 -0.0967750825623842 0.0459206175697616
-0.11106919011056 0.0492181448866374 -0.345393322383621 0.175979943647629
-0.1269268246709 -0.0401586593717317 -0.224213260783368 -0.155635439703332
-0.00792312025838908 -0.10594459662337 0.0494800199212471 -0.208460428205176
0.0912252336236304 -0.0387707723725582 0.15335483536776 0.0642349129516436
0.0351524602401451 0.0770533140653698 0.013263814645432 0.0789792272723894
-0.104301398981013 0.0544563708333547 0.119586871186293 -0.0489943595278755
-0.169930792700668 -0.0482096693547997 0.415963120650869 0.104635812557783
-0.203883184703067 -0.101252880518799 0.635824068471856 0.24967196133062
-0.220909796756473 -0.0374058768035592 0.639835979860849 0.0421382689166311
-0.109482825036355 0.0591289977727997 0.379047709747777 -0.249848457445566
0.0201538988320035 0.0275865963160856 0.0633135164523027 -0.326631553977066
0.00521609780003422 -0.015628360632197 -0.190223537897803 -0.185050411082098
-0.0289161777197141 0.0053094568935501 -0.221734166125726 0.101971910765027
-0.0555240278598497 0.0419719461718217 -0.0383954805763222 0.142972152712173
-0.0464747824726554 0.0753640822487088 -0.0882907295755029 0.0306185699424574
-0.223572627401868 0.0691762283963363 -0.274812468660609 0.139566013931401
-0.247613850702212 -0.119213769899363 -0.152571758728179 -0.146041183100463
0.00725330869685988 -0.244582359198059 0.104394391587373 -0.170184816595612
0.237230034989241 -0.0545135607251148 0.15941815364711 0.0995193786989069
0.0628417497467792 0.238479946717069 0.0046504125576075 0.106775639698147
-0.27754472176209 0.156583789014199 0.078857636216705 -0.0262962169772299
-0.389971785550223 -0.0934450236274052 0.32350998924717 0.0922724188521379
-0.428773156780768 -0.184740323304039 0.507162230687907 0.188509490623003
-0.445741743840363 -0.00466124103198853 0.531097618498301 -0.0203130051502104
-0.220240360169846 0.231746869467155 0.285260855502388 -0.274757372077857
0.096067723741437 0.147585170374702 -0.0483640503306979 -0.270019985371443
0.0926853622185482 -0.0486866204343669 -0.193453708172891 -0.0612288049885339
-0.060314002969136 -0.0507952374361737 -0.13003156956632 0.114980120682469
-0.142545194523869 0.0422379136534031 -0.0121883318912469 0.0990009970503475
-0.11619377492232 0.127259742441749 -0.0676807686893296 -0.00668065409654258
-0.28876568553713 0.0720090672289627 -0.169942172893064 0.105816694420991
-0.313726077558814 -0.183918956626887 -0.0641400590899433 -0.0973223982301784
0.0488326210937801 -0.35164545867688 0.133488782339257 -0.079406725251584
0.385502713814436 -0.0482742796614817 0.119539938317582 0.154550439688753
0.0847986728004896 0.400528320895908 -0.042389759292456 0.140206576289513
-0.43740867124504 0.246952297342475 -0.0162770589604479 -0.0075405476107664
-0.565526596981935 -0.136022778137599 0.159174439825288 0.0514511902226759
-0.587115116132781 -0.2366014136663 0.30212468428376 0.102808363690119
-0.598979629953199 0.0609123343597467 0.3562728136856 -0.0457380177817723
-0.245994787468414 0.427992756338772 0.203074336985408 -0.222538550081299
0.272044723843979 0.242690851169261 -0.0495882599267526 -0.182914974313461
0.218945400477754 -0.16651375077189 -0.109753400820365 -0.00848565030093556
-0.119525452026332 -0.167254001736767 -0.0455115028316258 0.0730506887034092
-0.254445183785972 0.0264111903944918 0.0151352972759189 0.0480504065206419
-0.183872855601071 0.163043206579209 -0.0257130572468701 -0.0611894275217753
-0.297717095191248 0.0731667863661395 -0.0612540977245138 0.0740882523738391
-0.30792643540877 -0.191319880480561 0.00395679604249222 -0.0374910827032662
0.0881858767367579 -0.355745143964507 0.103598835786791 0.0136271181630804
0.446325335317843 -0.000239762212665105 0.0284536384072883 0.165161705714628
0.0670319114868474 0.502421025336708 -0.0953937211484646 0.137064245090877
-0.536528891340164 0.291145470122408 -0.135230314420224 0.00579977833381385
-0.653796491379541 -0.159221616611662 -0.053293002370601 -0.00936546301829595
-0.656035752244112 -0.253574572225241 0.0516917656710627 0.00605607325210251
-0.655935407592517 0.104799912208324 0.145184526133317 -0.0336440732639452
-0.216055630311763 0.529866465340763 0.15792847106845 -0.140418601353823
0.402469261572456 0.249093948756335 -0.00349110290998719 -0.18400532644152
0.277776611600859 -0.295770526837382 -0.0980887186631104 -0.0497935560577032
-0.189063439352753 -0.267809491377409 -0.0310528535828629 0.0547867674111514
-0.349985884132241 0.00415001378173944 0.0569382117806787 0.0256050385388515
-0.236120716193828 0.176101408326565 0.0449396253356063 -0.125029112948828
-0.25411476002725 0.0704793843487503 0.0254638073943561 0.0366066528064856
-0.25065480479558 -0.138036418265299 0.0403023590114412 -0.0210628992257728
0.0714138830176839 -0.251793494249915 0.0874864115204682 0.0207538219684531
0.342358227857641 0.0432609421258068 0.01778548479406 0.116995010743143
0.00326521986534521 0.44386392085772 -0.0864389242734675 0.142333781578247
-0.523612046077787 0.248851202357912 -0.247619663073497 0.03810979718839
-0.623242996225435 -0.15449510888751 -0.276928186049192 -0.0737107760905021
-0.623345325887337 -0.234633124665994 -0.208021074350756 -0.0900753732884475
-0.611136151850832 0.104230926543001 -0.0707302074285764 -0.0104833380244918
-0.200954488066012 0.491362732864488 0.0963263100071115 -0.0622795331899047
0.377962841570009 0.227248766097653 -0.0159611401055456 -0.189248275702267
0.264951672864341 -0.310507573900904 -0.159274858477638 -0.0417186636206063
-0.199958180260958 -0.292625710691786 -0.0271620569161754 0.115385486470316
-0.37230679012529 -0.0192049371087924 0.130525366370738 0.0346477828403208
-0.252486796727189 0.163915138837875 0.139772154197687 -0.183963474845456
-0.1798292516104 0.0590271708638673 0.0795816690413004 -0.00628759274871675
-0.169450356978812 -0.0686387256912187 0.0654703748676052 -0.060646008771515
0.0193471931945753 -0.116589967321463 0.155484602208623 -0.0112911080183345
0.160093539987628 0.0360724532486583 0.0920850975435053 0.150486493499257
-0.0325164424754703 0.266380633998808 -0.0883656432769397 0.220774463594101
-0.38458260077962 0.156511334808631 -0.344311979306876 0.0806515937847075
-0.487188547880614 -0.117363518005698 -0.470960863016857 -0.122757274105604
-0.49682581037021 -0.181094510655204 -0.439395558631691 -0.174297092411251
-0.480965299781501 0.0711104682531107 -0.260235445091298 -0.00384295474542249
-0.189087822786576 0.363660418344 0.0137400955073292 0.0132254140708462
0.246326755534789 0.20330053020518 -0.0298007132081304 -0.143705595296549
0.217196492971158 -0.210672932452653 -0.181402444984427 -0.00920651890258883
-0.136825358522883 -0.237353296137022 -0.00313935233828299 0.186546064649852
-0.304994999767829 -0.0402661084422657 0.21662790675788 0.0621615531386202
-0.218115571288678 0.122129658265113 0.239860290615606 -0.227722386781294
-0.0991342147563213 0.0302937727921958 0.103361585129735 -0.042957036650466
-0.0871858368692906 -0.0271757345337072 0.079485682454666 -0.115084660245902
-0.00904640212790294 -0.0283219754960975 0.227435668422124 -0.023539291144696
0.0376916615774615 0.0161946910143196 0.114938969367154 0.224084323866751
-0.0254285963991314 0.116193760696005 -0.1429228424118 0.279594239758768
-0.199459695625045 0.0837500944957155 -0.408103789625708 0.112867097597429
-0.280442554280634 -0.05450733362386 -0.599511199959277 -0.135379055450549
-0.29280027364649 -0.0980649755320991 -0.602454692766031 -0.232608205258927
-0.285682044191032 0.0353007593171771 -0.394125448126227 -0.022825104605534
-0.139969338426673 0.202958882619811 -0.0587632126553659 0.0695239343597111
0.103464676212224 0.144589056867743 -0.0190859067300511 -0.0965931965145629
0.137914953282547 -0.0851508509744269 -0.1710685810839 -0.0146537626134734
-0.0512182234971679 -0.136452737398199 0.0035931080897576 0.220808797174754
-0.171294893046318 -0.0497839920819177 0.273777415411459 0.0972728766317015
-0.135211213266383 0.0602723534874775 0.319696438415957 -0.241621283515806
0.0187604108482681 0.0101495913785284 -0.362622149255599 0.207799953918487
0.0184901703310875 0.0208921375511886 -0.257843484353666 -0.132603801910402
0.00933519617396398 0.0255363612540313 -0.000552799178735748 -0.214774140244767
-0.0324109821972299 0.000233673489681035 0.145597578175749 0.0392470467606438
-0.0106230322671052 -0.060669581996539 0.0112001878087 0.0729492097189127
0.0463479322511699 -0.0622095446756841 0.11185346738368 -0.0678663003085337
0.0665003696291211 -0.0167924509291866 0.44046201412539 0.0812404299797659
0.0520636230551071 0.000324180026123317 0.674159990918552 0.268359017753727
0.0312109835620034 -0.0183605145332704 0.671534117522428 0.103915323234506
0.0338453867252048 -0.0382323287370531 0.429706184346957 -0.189089544181447
0.0116744737275 -0.0364622749021518 0.151402823743417 -0.318043067201729
-0.00873111436743395 -0.00445956863547322 -0.149582249811549 -0.256763969903498
0.00317485192594843 0.00434340116478812 -0.263387780615665 0.0695820754341302
0.00857686927289838 0.0244088169050716 -0.0595796460498536 0.156512910007582
0.0208638099816142 0.0177588653552808 -0.0950697134884815 0.0467711973368215
-0.112316542866503 0.0498448838411973 -0.345216865913221 0.174056801843027
-0.128705032676052 -0.0396256739326248 -0.224819645841222 -0.154385285606608
-0.00974548496773135 -0.10711054757953 0.0475233394986555 -0.209460550314176
0.0910090622985049 -0.0408011906318211 0.150388269286426 0.0658983549563118
0.0361668678480487 0.0783574623677098 0.0108185796563736 0.074689068763066
-0.104207308889403 0.0558612220302245 0.119991449090648 -0.0550638938158253
-0.170559312352674 -0.0454999774325318 0.420730975748843 0.0992122577499165
-0.205777477426146 -0.0976791325527127 0.644258486309771 0.246118116527462
-0.223791158469678 -0.0353756125266198 0.646194434917342 0.0387504474420399
-0.111763063849236 0.0611967076418357 0.383581059513149 -0.251335539519579
0.0188671155806637 0.0296826435862565 0.0645880893790548 -0.334263568538821
0.00555962808722941 -0.0143820408768801 -0.195528812821919 -0.189181826522604
-0.0277164051530023 0.00533033444418244 -0.223641950875788 0.105886060109249
-0.0545826389459229 0.041911615953534 -0.0371718638902021 0.14643125637277
-0.0454736566071464 0.0755708281673945 -0.0871566627007235 0.0324837337437868
-0.224108478453142 0.070154967387181 -0.274901448465516 0.137629691535276
-0.249849835542235 -0.118041283670231 -0.152314002437579 -0.146355427849592
0.00393230258992968 -0.247343972123417 0.104690098027141 -0.170667741866881
0.237325312337238 -0.0587414782556377 0.158854964563467 0.101083867833065
0.0665306251486212 0.239205117783564 0.00212262704434459 0.103595253761991
-0.276660250200017 0.160763178000108 0.0795899088817575 -0.030922708928556
-0.392871048040445 -0.091089376930882 0.326669722274603 0.0883064255203603
-0.432794316198814 -0.179866087278366 0.512598818661161 0.185998502991516
-0.450789412386546 0.000371321262886273 0.535623430459549 -0.0221686628109886
-0.222845965665493 0.237713635349053 0.288194877317993 -0.276449598977379
0.0955266171644763 0.150659457940937 -0.0483480733355248 -0.27520075937583
0.095377827586274 -0.0475800764394195 -0.196744085206854 -0.0617464031714267
-0.0566969583864075 -0.0503971384487498 -0.130745612859154 0.118459171950976
-0.140801187050188 0.0413722130641666 -0.0122411890494864 0.101335167910136
-0.114298038387485 0.12742937734058 -0.0673162344636443 -0.00495548163888317
-0.289110736295085 0.074786741816818 -0.169188957938422 0.101989483460226
-0.316315228023159 -0.182404605425493 -0.0612253542458052 -0.0979607782295999
0.0472425953700767 -0.355620590175576 0.135157662532649 -0.0785916400344011
0.388598552960609 -0.0545086933603585 0.119365104338842 0.158493961195901
0.0900652079111114 0.403183317351935 -0.0453782667894886 0.139005663308824
-0.435936377113407 0.253096121105344 -0.0160598198671602 -0.011301838151648
-0.56808971466553 -0.133688280426161 0.16124090797522 0.0485497259226679
-0.591796942516206 -0.231169270012608 0.304143771608707 0.100556194080442
-0.603213271793184 0.0681406653537785 0.358982926409307 -0.0461693443596543
-0.245188017409803 0.437470252759678 0.206035699986899 -0.223400808375254
0.275807513230249 0.246097345810041 -0.0487756113372234 -0.185712266912762
0.223478544228 -0.169134606302883 -0.111219546979607 -0.0102875680430268
-0.117647921845015 -0.168602912204843 -0.0468201501295858 0.0739024801675778
-0.253256236946006 0.0250647232690363 0.0136545492681758 0.0499489141961386
-0.182429006534734 0.162996649787016 -0.025771458323438 -0.0590693372324239
-0.297776987961071 0.0739415474342506 -0.0602623868377552 0.071471668460199
-0.309336344298252 -0.191763056032842 0.00795288257761336 -0.0378856332104846
0.0873003387900513 -0.361112026048849 0.106278777164371 0.0156948831721816
0.450819194804664 -0.00547240639124023 0.0270026065066603 0.17037665374011
0.0741876438303638 0.505160950955491 -0.100157434203033 0.13653627430732
-0.538900135070496 0.298569950433967 -0.137411640641457 0.00259929358247
-0.658259825524829 -0.153755504902134 -0.0525221684304968 -0.0107411648308429
-0.66286487226752 -0.250390809886762 0.0517117912449431 0.006949464028445
-0.658080803042569 0.11582140174416 0.145792909515694 -0.0315303256455382
-0.2121382665559 0.538760610838995 0.160881536641498 -0.139249924656165
0.41001194964439 0.248076593841719 -0.000833722099807885 -0.187388766089748
0.281114238636934 -0.30183041072471 -0.0997477825531041 -0.0532032817933516
-0.189222294915527 -0.268917701207175 -0.0344587214039281 0.0548163484233457
-0.349554663887856 0.00469634764235779 0.0548701122448388 0.026351663345539
-0.236341866664561 0.176891252840138 0.0437888577550871 -0.120716663620121
-0.252459168824048 0.0707662355621604 0.026577949713228 0.0344183126926375
-0.248994549017882 -0.138647232713474 0.0424855353907815 -0.0212497671050071
0.0739776440144801 -0.253465601014441 0.0894898877639982 0.0223866281004312
0.346004702737552 0.0419597605399835 0.0165035262281052 0.120734783176088
0.00466593250388686 0.447981723821747 -0.0892862683350044 0.141342882778054
-0.527287137058794 0.253544653791102 -0.24943011834745 0.0366247532168137
-0.629213478244848 -0.152401374028066 -0.278872834865903 -0.0732002182854422
-0.629074517507544 -0.23054578472596 -0.210596247100662 -0.0874897948547082
-0.611669457704955 0.113825747521961 -0.0711310297419973 -0.00587551960016335
-0.195150600901881 0.49864418547574 0.0991112560287994 -0.0606089704500084
0.385172752890339 0.224311362092641 -0.0143673415549838 -0.191972897639759
0.265182217462011 -0.31757469138049 -0.16172184747515 -0.0440911546685981
-0.20223182268023 -0.293437273941443 -0.0298122084688469 0.116498790419463
-0.373946055663007 -0.0174468397948319 0.129348686765145 0.0362281601873109
-0.251403527879691 0.164770500662777 0.139095859384786 -0.181140060625414
-0.178397881079597 0.0588816681754472 0.0796122768937336 -0.00852606940392231
-0.165966257941543 -0.0687263038157793 0.0652766390489991 -0.0617959624163872
0.0219684636486091 -0.116117456316852 0.158110937465103 -0.0125998446168804
0.160729219072281 0.037447920935681 0.0928432336840147 0.153358619314964
-0.0328026432154089 0.268445991053841 -0.0896602912939611 0.222547472432621
-0.388640187736727 0.158915545859302 -0.347821537723037 0.0805743214909193
-0.493114344543215 -0.11521110562988 -0.473829379570552 -0.121570214042872
-0.501299197117108 -0.179733498541212 -0.44336250558075 -0.171215485037987
-0.482108175717129 0.0770720888380053 -0.261803840782223 0.00279689846184208
-0.185293914211794 0.368590838009048 0.0152016560164433 0.016734884117505
0.251187985478211 0.200849210378154 -0.0271846313909661 -0.143979012615696
0.215624697780699 -0.215585182623909 -0.18235969279141 -0.0102174378563281
-0.139641070894797 -0.238735485333247 -0.00344988904562215 0.188350425846845
-0.30697727767778 -0.0383745241314477 0.216683396642562 0.0626888683891391
-0.218360831865326 0.123918112018809 0.239219509808397 -0.224783562182619
-0.0972664730445887 0.0307191015872598 0.101093211815062 -0.0443514380662684
-0.0844903629545284 -0.0270964312711377 0.0776319065547103 -0.117235132473748
-0.00698340930835071 -0.0271996134604082 0.230775170196518 -0.0262562571754938
0.0374564945155397 0.0185915411728213 0.117638143318137 0.227295886495854
-0.0258312822759662 0.115406494006767 -0.146675283885602 0.284846707690188
-0.201785555983516 0.0839434961046337 -0.412938117429807 0.11421583044047
-0.283192944092827 -0.0540716804391886 -0.604917783698872 -0.134930489799172
-0.294716714899213 -0.0978814276735777 -0.608808009954086 -0.226755963430983
-0.285491685748314 0.0379364995301115 -0.397182998760292 -0.0158658525521041
-0.137901722988479 0.205064206279944 -0.0572336340758922 0.0744288424246785
0.105678905747224 0.143002291375241 -0.0157331975627678 -0.094009168905489
0.136805844757338 -0.0884430587827533 -0.169402656028316 -0.0152367259638537
-0.0525264426723408 -0.136644582596896 0.00410960018617616 0.220934030748017
-0.173654808705203 -0.04907459676743 0.275520272399287 0.0962241848009501
-0.133943802255485 0.060529403209249 0.319118241086084 -0.239547620764177
0.0186843766145078 0.0057492769377835 -0.291814419998578 0.312293983367615
0.0241841904199458 0.0128563607032735 -0.291858707716204 -0.0517698235647185
0.0183190412010962 0.0201441759413158 -0.0678547443101774 -0.208170312321851
-0.0312234843934204 0.0118968402058299 0.152978650212035 -0.00370425914612156
-0.0301141138940356 -0.0537228775346269 0.0283850592024523 0.0644433817619814
0.0255126404269649 -0.0753063266262159 0.0845283419906775 -0.105273489553124
0.0595520714227388 -0.0359599340082305 0.447609544671489 -0.0648907568699134
0.0508799272902761 -0.0135238577374699 0.739683247868587 0.0415811824245606
0.0243133467341004 -0.0233203590734391 0.687512798255665 -0.109566682123703
0.0224260315363587 -0.0457709745249959 0.361770947402686 -0.316549602208077
0.002335864088548 -0.0384849883258104 0.0515658729723908 -0.361401519671403
-0.0074569379128475 -0.00366829148189152 -0.230226330502926 -0.205183331047912
0.00293775615665262 0.00080350944197244 -0.237238044022519 0.153349290244666
0.0135660732576819 0.0217411537781091 -0.00832601115535833 0.174037208686153
0.0250604768015195 0.0103275551724789 -0.0778319952775701 0.0760377121652412
-0.0974626320225036 0.0867812305434251 -0.284314493027475 0.273209103118792
-0.139538977738538 0.000484186315732099 -0.265978394681627 -0.0834406514814037
-0.0437931996204954 -0.103366157722403 -0.0186514617401888 -0.217205212621553
0.0760367537476128 -0.068275326634944 0.166032637154073 0.0200873418331761
0.060859717663219 0.0660150727655869 0.0281014091812794 0.0656937501001153
-0.081741530374219 0.0883240103317836 0.098222831122292 -0.0971441573405104
-0.178295443259844 0.0115107709347172 0.435965312870109 -0.0406798049054483
-0.231703629764397 -0.0258184648730002 0.700763986885757 0.0303445483717777
-0.228845944656974 0.0397787513919642 0.640769891211833 -0.163375308957675
-0.0888885921964266 0.0963860747835226 0.297058165066825 -0.365058736642796
0.0287339207294255 0.0237259542700252 -0.0398901112176073 -0.350155745101315
0.00266925640323241 -0.0164405196582902 -0.254011472704872 -0.12525576963382
-0.0241975321739395 0.0125446393593076 -0.186950903913156 0.175850294052504
-0.0404156206349353 0.0571711070055015 0.00988060311462685 0.156270873466013
-0.0196982912494303 0.0868965154617859 -0.0745409793836099 0.0575339627896388
-0.199891078436597 0.141633107816342 -0.224785450704777 0.214223075117472
-0.283784977068149 -0.0381518592717255 -0.18990478910336 -0.0979705976980781
-0.0762581287605763 -0.243625246954546 0.0499304384424357 -0.196966729088749
0.213304487296886 -0.13456998038564 0.185295116583539 0.0532618589976439
0.14272866795814 0.212558983522802 0.0299744067124388 0.0964549424955443
-0.215649573215243 0.245728040578704 0.0660671977724085 -0.0612728450666378
-0.409000560787983 0.0388663073249669 0.343885922329679 -0.022047652027349
-0.476988651034452 -0.0321659066630811 0.55565321920598 0.0137407795517498
-0.437555967221189 0.147667547022142 0.514390809403957 -0.19033740838389
-0.140458692353736 0.305277588678889 0.195913627160392 -0.35990916283176
0.141929994232833 0.118984725574016 -0.1323420278275 -0.25465442472073
0.0794164881514726 -0.0764362118800655 -0.21355751410142 0.00132791493450042
-0.0688050022783831 -0.0333592782485758 -0.0904341679291602 0.158357913413149
-0.123809250034996 0.0824657393527434 0.0204544810443201 0.102892017235093
-0.0696168660546882 0.157873463766037 -0.0672606624684599 0.0149126635363516
-0.261148117705198 0.165223579011901 -0.132330312500258 0.148007768450466
-0.368317491160263 -0.0804270984807948 -0.0846437660815531 -0.0799776183512475
-0.0685684889405325 -0.364131272057516 0.110870134850038 -0.116474292588616
0.362876433700121 -0.178451810749734 0.164375193687716 0.122373506522003
0.219220224198269 0.363346230715649 -0.00527780314620079 0.147427063606837
-0.341842423820879 0.387640331366689 -0.0200441185064904 -0.0122564263460819
-0.592956414065153 0.0541006110898328 0.173670430466906 -0.00828497415980848
-0.6503658428387 -0.0309507263010214 0.328566428443662 -0.00128214549949551
-0.564857793074194 0.25921379518472 0.335729854776298 -0.157315528853038
-0.0966243269065164 0.506137173727543 0.131550497090244 -0.281733619229258
0.349152558643201 0.152906933544418 -0.104565717190264 -0.166540049982742
0.166699755481468 -0.237729901713565 -0.112024717279477 0.0253599981670665
-0.164951501521431 -0.129679780078498 -0.0215660519436133 0.0873619690342073
-0.238310491106117 0.101505731712148 0.0293403040663781 0.0429776484097856
-0.12542905803748 0.215052746917966 -0.0441093487933753 -0.0502214006478843
-0.267966444841636 0.166051458173553 -0.0341097437124264 0.0843390480126287
-0.361618708484856 -0.0919285343896191 0.00218655829564875 -0.0415364070983235
-0.0282867486588413 -0.382701061726066 0.11276553335187 -0.0129772932614423
0.43995918579692 -0.14909350025781 0.0774328751381458 0.164749352023691
0.234365927417008 0.470990024532956 -0.0604892067479674 0.161696923627315
-0.429721814800673 0.465365622382391 -0.132883541597465 0.0406861854799241
-0.685619384990822 0.0602774926281464 -0.0495882238340545 0.0034410193187634
-0.721931431773243 -0.028016772698693 0.0534290630371806 -0.0112968970574197
-0.603558577203804 0.321304069330677 0.133120167362519 -0.0755779529717298
-0.0299669669565596 0.592297238119584 0.113649279738881 -0.186787654288886
0.481451060605699 0.109616666635257 -0.0587848654117803 -0.182912092408016
0.179732464766756 -0.387663720130345 -0.113873674200778 -0.0203526504566961
-0.268450564286811 -0.205048696841354 -0.0161457422433933 0.0641059083362174
-0.339199225041569 0.113867081615584 0.0618300495790108 0.007159486113478
-0.172414019135122 0.245802363083661 0.00546004920525525 -0.133391864575687
-0.223928195179907 0.14827924721341 0.037809617672792 0.0221340364928708
-0.284450496386484 -0.059515006753899 0.0393085969528379 -0.034739177396858
-0.00497125505263952 -0.272086960395316 0.0965689272312901 -0.00240233699000994
0.353084735416615 -0.0670268895638096 0.0519130832415796 0.118318230780306
0.14786881238736 0.438504879274876 -0.0478058015208665 0.163756853006344
-0.434940072187471 0.41785779372165 -0.230544517595758 0.107692202195987
-0.661623544476471 0.0524567464545333 -0.286683214411674 0.0152487376377014
-0.684807735746665 -0.0227993114757253 -0.229807026540856 -0.0183718565079497
-0.557441056980456 0.303863473564467 -0.0679428949865491 0.0185552427304118
-0.0259961017395139 0.548529177594942 0.0782561431579518 -0.0904821966934501
0.448434132543912 0.0921408303948022 -0.0733303038190157 -0.182450825572713
0.154607390349754 -0.397694821561888 -0.171517806503879 0.00909572446346373
-0.292760417591341 -0.22373444923059 0.0085142704891996 0.123912105172982
-0.371006633642127 0.102970356323938 0.139063005539537 -0.00661140004035888
-0.191602169814943 0.239739461074498 0.0796723507073542 -0.221223238360261
-0.153804381885796 0.112592563199642 0.0752279049211259 -0.0351358621229491
-0.179947986678005 -0.0162709833056992 0.0466857984383206 -0.0812113995147537
-0.0105662294465552 -0.119585200023494 0.151399921846626 -0.0619373104558186
0.169568314853464 -0.0100931818399261 0.138846778405744 0.121797997060064
0.0502653235368992 0.27284705811523 -0.0205856234493794 0.244758659299695
-0.332541954375833 0.279672072470594 -0.311557247643474 0.184094089140762
-0.517666941858621 0.0434799295400866 -0.490633347200892 0.0318579050674598
-0.542793700059945 -0.0132140401884252 -0.48190952291452 -0.0229023974222389
-0.44282886403459 0.226047581934234 -0.249433253904616 0.0867421088591699
-0.05992415687667 0.416547652658731 0.0212716743720877 0.0121931118526311
0.30963089348852 0.110929486660655 -0.069898997393801 -0.129956772495296
0.139360066721235 -0.282392422212183 -0.179311248010338 0.0471885224189323
-0.214407429159222 -0.189442259526703 0.0572080115272576 0.185232179633349
-0.31320861896483 0.0621984044282553 0.232497753554087 -0.00827931777483104
-0.170936334418563 0.190819630080859 0.165436913247931 -0.295550632236576
-0.0836277897244733 0.0586760067504864 0.0840251601748505 -0.0746788103123334
-0.0870007964208618 -0.00166091365747413 0.0392987101726245 -0.139908482854271
-0.0109193631211142 -0.0228286795754122 0.218990773973289 -0.0999081667736278
0.0422080283863664 0.0104950836661298 0.18836109419216 0.188272471072275
0.0075577709273439 0.120401082099212 -0.054545385455329 0.327361346411506
-0.173948210279421 0.145108937050638 -0.367207162619224 0.240077572879568
-0.293804803565242 0.035257117299172 -0.62376718464496 0.0596296196052994
-0.318186432892044 -0.00185155696438092 -0.659898825508202 -0.0240658419498292
-0.265312239068549 0.125880439910466 -0.387948833721835 0.112025658165529
-0.0674292783458953 0.242645457762937 -0.0309822025620387 0.0928732634554761
0.148252596958668 0.103796396648514 -0.0410690546470092 -0.0840296425670626
0.102067914762121 -0.131675773413033 -0.167831287732294 0.0368696542648576
-0.0954961204788202 -0.117858572804521 0.074529746457239 0.214180693424445
-0.186789294999395 0.0106070232738902 0.301579252094788 0.00633505285860484
-0.109477529155448 0.102735924236404 0.24204481448374 -0.334266495061464
0.0187481606678632 0.00492954339881457 -0.280323378586579 0.329756730790335
0.0248581225276194 0.011831631882106 -0.299418265494489 -0.0372820121967994
0.019117541095452 0.0190710679726419 -0.0796858183164291 -0.204591656411671
-0.0307891276323845 0.0129610875130548 0.153125479515709 -0.00889577117040907
-0.0329167611759107 -0.05118348109216 0.0259168504890627 0.0622971313503333
0.0211667167933202 -0.0776082647516792 0.0785651538266819 -0.117260204273796
0.058817649271019 -0.0400274847237281 0.451368862927914 -0.092453572462336
0.0514638010133596 -0.0157250491070387 0.755183303224851 -9.74048019898361E-05
0.0237625787755972 -0.0245849953163238 0.694917680384505 -0.145957127111288
0.019931697650835 -0.0475347351492106 0.356211709938451 -0.341862025937946
0.00129080247384478 -0.0392112597582972 0.0361618569540762 -0.377305486455007
-0.00763101234994241 -0.00494048698214799 -0.249708140965784 -0.19988785585021
0.00110521292296014 0.000469085921006196 -0.235499033281292 0.170981800853272
0.0150805977827675 0.0216897656557827 0.00262178390427184 0.179574521270292
0.0260544852066342 0.00937383984776682 -0.0732005685881404 0.0813644770843449
-0.094548002398417 0.0932212598818735 -0.275675471901552 0.288462206374106
-0.142539874683484 0.00847737371662699 -0.27391092109843 -0.0722104714994018
-0.0515673894675387 -0.102514979484775 -0.0315182520958502 -0.217255589020484
0.0728977476131304 -0.0746892373867748 0.167718571136294 0.0136052148006169
0.0665706838116736 0.0646283648484521 0.0261134984656022 0.0625101055251391
-0.0785096402708692 0.0941209426545572 0.0932846226176697 -0.108571977476694
-0.180786945537447 0.0218656867724724 0.440357324346089 -0.0684031621421399
-0.235776568109541 -0.0121250742379786 0.715814748534564 -0.00725783307224242
-0.23049455548431 0.0548704634844694 0.643683375711045 -0.200290997940044
-0.0862559508597199 0.10459909093674 0.286732302017336 -0.386722993595343
0.0300482941269761 0.0239881695543754 -0.0577851888241304 -0.35869152840914
0.0013963711884022 -0.0153713115240197 -0.269544676335421 -0.114588236488245
-0.0231098817608835 0.0132740915511243 -0.182038338127019 0.191679693278137
-0.0368695098928491 0.0595563172642369 0.0204306981392139 0.160512092523057
-0.0152430744684467 0.0875008446146983 -0.0711534548522754 0.0630078515054665
-0.195537127416187 0.154034112586818 -0.218890861830135 0.226602076421746
-0.290817202857909 -0.0225636185720435 -0.197158791034543 -0.0922783962059128
-0.0925692374757652 -0.244248930783526 0.041261734648175 -0.202037531495351
0.208496135829085 -0.150901496507498 0.189879780948345 0.0458995002453021
0.159234419984537 0.207453069062979 0.0304680054146751 0.0938505904655877
-0.205925664318224 0.261858329847633 0.0627536876427704 -0.0692038044203728
-0.413198138761781 0.0620016109776307 0.347228011335102 -0.0426765243455391
-0.486867841900923 -0.00576342226640893 0.565847853140748 -0.0174128509680861
-0.437518090614227 0.174765495923936 0.514882076441946 -0.219838955236978
-0.127807363015213 0.320879934561382 0.183923034763586 -0.375900291394067
0.150554198901971 0.11653982484105 -0.148181803705224 -0.255125362517534
0.0798080918719679 -0.0805556842138724 -0.219831727657124 0.0130438117521057
-0.0675756982720849 -0.0320559561820954 -0.0842771639917786 0.167221217702444
-0.120343442000307 0.0873055676939123 0.0260063185538091 0.105560374645566
-0.06186542428204 0.161840776561805 -0.0667678976269637 0.0195819132836302
-0.257423570811118 0.18168452790865 -0.127241381649571 0.152896534135553
-0.378268060035983 -0.0635331928970439 -0.0878284396674269 -0.0796667509760413
-0.0901922650338339 -0.36801007854874 0.109053760532453 -0.122673521965315
0.36003195532115 -0.203827996331616 0.174603943358718 0.120463272366378
0.243995238688206 0.357643058391989 -0.00218779796316313 0.149880393008108
-0.324368952670718 0.414135426047254 -0.0233121706507955 -0.0136056273715507
-0.597968243429615 0.0865224626789849 0.176528934000164 -0.0195684809514169
-0.661243262649055 0.00300195554230296 0.332399480378874 -0.0179327310882986
-0.558198816084602 0.297202172985621 0.333791850633699 -0.177037242736476
-0.069610420162786 0.524626028613024 0.122372320711681 -0.292461264233472
0.36645909175473 0.138873626341088 -0.113889777558185 -0.166119859273341
0.15985614249918 -0.251490794468988 -0.113468767038193 0.0295146692061119
-0.170734705343732 -0.125897747333801 -0.0191717556519276 0.0896623552395416
-0.235861871997151 0.112894951942855 0.0310227185468452 0.0446727476297327
-0.115888978601126 0.222204949045727 -0.0457827918704253 -0.0464536465292499
-0.262927583163238 0.181012801812595 -0.0301594813347548 0.0838088336612888
-0.372106798189869 -0.0767544679505977 0.00247213203151606 -0.044476558830682
-0.0489986151561311 -0.388937570865008 0.116791939816176 -0.0169082919530323
0.441072251960269 -0.177990447554925 0.0879698508587305 0.168952114036416
0.265692881495992 0.466388893999166 -0.0584149558757567 0.168341516219225
-0.409215136931709 0.499350981837786 -0.135601940322316 0.0458093429793947
-0.695391098175021 0.0984693803770709 -0.0504482201465539 0.00496733592640261
-0.732612772880062 0.0118112987600195 0.0540310745566601 -0.0134920589299596
-0.594208237061706 0.362612944490419 0.132296174642246 -0.0813595953522807
0.00336195020602382 0.60625117666928 0.109160944817508 -0.195351162956695
0.497406245200084 0.0833198027798167 -0.0678825552687131 -0.186497940403486
0.162632201593387 -0.407052461436104 -0.12004997241813 -0.0186079839696
-0.28302284271412 -0.19729318978274 -0.0160549578495617 0.0669520990541634
-0.338671450216659 0.131916122468683 0.061912024065724 0.00680130181662693
-0.162281442531721 0.256144680680596 0.000300286449107191 -0.131078137471992
-0.218230679483308 0.160304396173057 0.039541680658697 0.0182932464146667
-0.288938113307573 -0.0481508804874707 0.0398687910124381 -0.0385742187140275
-0.0160916396095563 -0.277934117860998 0.0995539809134025 -0.00598180330320097
0.358328426875798 -0.0856444298345028 0.059023456831081 0.121297270213691
0.172601744542057 0.438348103318609 -0.0449232351688229 0.169349389571746
-0.421368542528681 0.450597629540875 -0.231481825815196 0.120352015974431
-0.669726563409026 0.089964264460944 -0.291538199939181 0.0300426605136874
-0.697016002125085 0.0152218795008225 -0.234806350833933 -0.00405545057652135
-0.548417294733541 0.341267261655042 -0.0662390765323449 0.0259201089818774
0.0056844366251834 0.558142154381208 0.0776362388232773 -0.094198737127774
0.461051290955946 0.0662598722164404 -0.0813108959455349 -0.184649753778998
0.13471935899044 -0.41530347246048 -0.176989060675245 0.0146678681582774
-0.308682779136892 -0.212911976519957 0.0112563128571174 0.127657406211647
-0.371767998186742 0.124341345311335 0.138527851925547 -0.0116151158853589
-0.181335285635496 0.252363835508437 0.0716268762042496 -0.223917538991934
-0.149026559713152 0.12017226554196 0.0735010169680094 -0.0402327247963045
-0.179894554290139 -0.00960622147214772 0.0435497508186883 -0.0855921252088664
-0.0130905294520769 -0.120276283758533 0.15143678249709 -0.0713802851704714
0.174064785249852 -0.016067010635191 0.14812232506503 0.119847741403444
0.062765352094645 0.276458136921791 -0.0105306878981721 0.251667097327514
-0.325568444463867 0.303142119008923 -0.310026930438475 0.202946818374545
-0.524352986067105 0.0714554753865822 -0.497609767858655 0.0564547811272766
-0.553523508356624 0.0142128178994871 -0.491886797330701 0.00540378902973456
-0.435543781015916 0.255224626060789 -0.246829324293162 0.105887860241875
-0.0347818854317572 0.426065428876644 0.024125350503377 0.0145007634289441
0.321028392353525 0.0935105672620276 -0.0737656059631044 -0.128594012469116
0.123514001384488 -0.296019869530157 -0.180777427328777 0.0551810570319902
-0.227903628347725 -0.181119892709487 0.0660609975311489 0.186852882892736
-0.315242256833179 0.0815974439971326 0.235147054076821 -0.0198585328897655
-0.16304347187986 0.201749875692056 0.156100371584628 -0.302323706304211
-0.0805460414254562 0.062482098924111 0.0793837966499146 -0.0808998905290261
-0.0855135303763152 0.00160390486114916 0.0316912566871795 -0.14542962214066
-0.00893717376396019 -0.0217053656390117 0.218713505433836 -0.115112597389321
0.0448202694120134 0.0111179008949375 0.203857106436702 0.184928039192213
0.0117221503147054 0.122569613327474 -0.0404955491846682 0.339472701726009
-0.171431136727904 0.157637718443025 -0.365217599580298 0.263201778296833
-0.297913468796158 0.0515748260000755 -0.632309437406649 0.0923094655503789
-0.323991641544255 0.014415396235312 -0.670970092534961 0.0126417392940307
-0.26084007602866 0.142664343549956 -0.386261116865059 0.139291307258971
-0.0537094940378818 0.249278586011941 -0.0250772708369628 0.0995489259653156
0.156183113954312 0.0951989171374444 -0.0405088202188157 -0.0822537869109572
0.0951746173901926 -0.13918158489426 -0.167442560089521 0.0444095221992777
-0.1038599240364 -0.114850364118079 0.0867251420192988 0.212960103274256
-0.189462221192727 0.0224904987765503 0.305840364690666 -0.00962210323624429
-0.105567656923449 0.109052562555744 0.229682872387721 -0.346547766768516
0.0177659811305556 0.00360273326194715 -0.260152735260842 0.33731428054759
0.025012165436216 0.00902846717502217 -0.297297950468459 -0.0206142114128771
0.019515403521084 0.0176781627501511 -0.0905437704321331 -0.194808598602417
-0.0301256122780929 0.0139826689846994 0.150187651698993 -0.0155132619208812
-0.0344672529833326 -0.0475872706630779 0.0219883854452721 0.0587894578479983
0.0166827829271604 -0.0774520657488914 0.0688520273236338 -0.125622422628467
0.0564597453116387 -0.0432955260944429 0.439976365141721 -0.120132961251315
0.0499401948284333 -0.0181140152062838 0.745922367070444 -0.0437858597988805
0.0215727452925376 -0.0243907203116012 0.679777609684025 -0.184139211643786
0.0170731313963312 -0.0482665625053892 0.336408307949418 -0.357391701928569
0.000112293649580397 -0.0382352126419667 0.0154903663340745 -0.380882837746878
-0.00747029085923818 -0.00563073246797815 -0.262754759186849 -0.186156884850419
-0.0019413762279677 -0.00010670262021688 -0.222934022258036 0.184748976221048
0.0151240581494552 0.0215055080466932 0.0153579355890703 0.178973734383764
0.0262459955657695 0.00826899946384522 -0.0661979171394764 0.0837467851930605
-0.0888284628510028 0.0980955392146539 -0.256396127409858 0.298437793311977
-0.140742663661885 0.0171498944231866 -0.274318949056305 -0.0564756885374534
-0.0580485255541581 -0.098266562277268 -0.0429631687591784 -0.209857734500969
0.0664875072600065 -0.078895789690011 0.165632923543644 0.0070653395168661
0.0706506887499648 0.0602041839645914 0.0226508235191837 0.0585589043528195
-0.071439964691185 0.0980385603049181 0.0847996089184263 -0.118009736264946
-0.176778996064999 0.0322147411419253 0.432276959370134 -0.0943892437882351
-0.233923646723467 0.00257402710533621 0.705752409205518 -0.0500029934613994
-0.224820824902378 0.0685254408610196 0.626105488272607 -0.234596682116779
-0.08064549667624 0.109397487321984 0.264842839062696 -0.398176708185625
0.030176263854155 0.0231732436161759 -0.0768639828649471 -0.356699857441861
0.00161591404703951 -0.0147381821798058 -0.277805458554453 -0.100145856953992
-0.0210226907139551 0.0145760695427242 -0.169995648186558 0.202525693895242
-0.0327828873108718 0.0598214082161426 0.0314723385339874 0.158999009512523
-0.0103453092416054 0.0863987862991142 -0.0654939739632181 0.0666727745594643
-0.184921990542454 0.163544437275335 -0.203786280925391 0.232059442068605
-0.289986620463133 -0.005695069866246 -0.198826641978318 -0.0819193734542577
-0.107368162697781 -0.235024551537099 0.0294383107163517 -0.200480676755538
0.195813106850255 -0.162280936727205 0.190693708507396 0.0365147434059462
0.170233389404453 0.196092819391349 0.030203572167126 0.0903630994754513
-0.186992462479177 0.272056307028961 0.0564775899761066 -0.0753835271981493
-0.404641535654177 0.0860033174708085 0.34203115305281 -0.0641604471859776
-0.481485275974688 0.0255676603515593 0.556805081786547 -0.0510407408428651
-0.421330619477416 0.199309450789416 0.496206008251045 -0.245429393143836
-0.10819863988736 0.327642102784876 0.162371753392613 -0.381456130985232
0.155661549242333 0.108927591001228 -0.161319367060291 -0.246445784643631
0.075963358064194 -0.0838608937883699 -0.219266811945776 0.0247224235168588
-0.0658889221597603 -0.0286296991281219 -0.0739542296385859 0.17230905428491
-0.113221701534546 0.0914577629346195 0.0332186536944984 0.104073314849777
-0.05266829246604 0.161299375877826 -0.0630871062817819 0.0249961141616175
-0.243649373772847 0.192667916192336 -0.116479953811044 0.15420968847892
-0.378502297319778 -0.0416716104566934 -0.0889491794196224 -0.0766400611754778
-0.112060289038596 -0.358953906611015 0.103566339649728 -0.126579920698056
0.34326141217088 -0.224714757306175 0.180933468267468 0.11228516335052
0.26481010468982 0.337862486835167 0.00161614655158637 0.148012474125668
-0.296099664214776 0.42708317383703 -0.0257032396810372 -0.0143944335779614
-0.586353585743262 0.121271146707572 0.173172090273819 -0.030213510411125
-0.652449894815345 0.0438111541384535 0.327962777064548 -0.0374445272233568
-0.533324847432817 0.32832079951507 0.320431481239058 -0.191530770534293
-0.0377365961238041 0.526751622265927 0.107982229819288 -0.295404058833481
0.370823766818657 0.11776633147619 -0.119661947872251 -0.159814455805998
0.146704784816891 -0.258751538152754 -0.111655736997556 0.0342595681628129
-0.172422847254493 -0.117780545123012 -0.0152475564663679 0.0908133810006544
-0.225649643750353 0.121681810704727 0.0319579479225415 0.0439414264092195
-0.102403325656496 0.222688935501207 -0.0468875175685979 -0.0401214542711108
-0.249153275632084 0.192242778023846 -0.0254669092890776 0.0805960338293088
-0.37072157847311 -0.0584074797367055 0.00274334633084625 -0.0466262435157726
-0.06850244685507 -0.384485949273633 0.118005207154542 -0.0208778668146583
0.428313054784928 -0.203217921849037 0.0980702286435898 0.166071064697917
0.290689049016683 0.444080936525333 -0.0532652804597292 0.171021385399423
-0.375537876001119 0.51686129142743 -0.133763504330355 0.0513615759615863
-0.679991780094265 0.137203580753774 -0.049508427771151 0.00674768804707911
-0.722811498248999 0.0539045823160394 0.0518542224784193 -0.0152632927333307
-0.563762502865586 0.394129274164163 0.127898486948517 -0.0854362490901338
0.0433572613034323 0.601940125192909 0.100259317191392 -0.19844340741649
0.498289205749092 0.0536249564198377 -0.0749941330329418 -0.183714049294286
0.138478077850719 -0.413842712660582 -0.12245835987426 -0.0149123961837949
-0.2900149530553 -0.180960967593716 -0.0155927630325111 0.0675654010497334
-0.326750505034525 0.147665022614429 0.0600022189951287 0.00563738006153798
-0.146796132760676 0.259662836790423 -0.00520295672659566 -0.125613051267534
-0.205411016477493 0.167962575223407 0.0399721734957247 0.0127567426594604
-0.285592710738972 -0.0344188567463092 0.0389005823088612 -0.0417858039817828
-0.0277526428605428 -0.274484276042846 0.0999939828943281 -0.0090753273594369
0.353009414400807 -0.104238126934422 0.0642404992527076 0.11944371522835
0.19550448945798 0.426548419834283 -0.039269659044312 0.169634100042549
-0.390745668169642 0.470995645074263 -0.22443555959218 0.130117671456136
-0.659044377437706 0.128742809522144 -0.28575296942092 0.045022644219997
-0.68836300007773 0.0542658247680676 -0.231588585397447 0.0106489620013316
-0.520038498803027 0.370803006922686 -0.0621145427864038 0.0318847489338316
0.0413921331907643 0.553220066095247 0.0745480377463794 -0.0958000250280833
0.461198707788279 0.0363923092397619 -0.0886841338039392 -0.180556778384394
0.108527288017109 -0.421844888340398 -0.177045896427565 0.0224769980219304
-0.318621418866241 -0.194979746635802 0.0153163508965123 0.127485882668017
-0.360874724395964 0.142701928810697 0.135938114951477 -0.01669807392939
-0.166431522055385 0.257814752465607 0.0606355655270562 -0.220173313361011
-0.138932862677494 0.124577444420762 0.0690768739470259 -0.0445936796992989
-0.174582374868934 -0.00123489407679378 0.03872780584915 -0.0876372375233654
-0.0155571592660725 -0.11840393208269 0.145991591864509 -0.0791640428894832
0.173182551933399 -0.0225991702955991 0.15479259528726 0.110659849426761
0.0749031542144144 0.272028968737599 0.00142358813010985 0.250074295612332
-0.307404627098798 0.319274571500231 -0.298828686965848 0.217209364941397
-0.515140950887108 0.101097906209692 -0.489387917928152 0.0829545309023381
-0.546227725707553 0.0465273714728427 -0.484194990385949 0.0354274163315499
-0.41245528675679 0.278063968428705 -0.235558990619424 0.122641822817031
-0.00827103749528534 0.422896358850848 0.0274691608483903 0.0159141562015137
0.322969467418315 0.0713448540087697 -0.0770669732035029 -0.123859105514475
0.103082546565823 -0.300738781117474 -0.17564446842597 0.0636801337046395
-0.237124607415774 -0.166712237607964 0.0746022134005286 0.181744856457423
-0.307317962717667 0.0989431115199209 0.229515657252104 -0.0305565849054745
-0.150091412255182 0.206741464312549 0.139372510282066 -0.303008385779043
-0.0752535479967135 0.0645713581941217 0.0721361625291314 -0.0837981686275805
-0.0813441757567387 0.00493819162740339 0.0218862882398683 -0.14599921825864
-0.0072511685904816 -0.0199465710395117 0.21128826329351 -0.128079710352376
0.0457410010629923 0.00970417849909552 0.215501230733714 0.173718843211164
0.0156115688970851 0.121311373957319 -0.0210844215389411 0.340403173030362
-0.162626076135711 0.165780832631415 -0.349876501820943 0.282167138043243
-0.292983470687446 0.0680426023870189 -0.619546911676755 0.127068281417539
-0.320872853581022 0.0327584549867912 -0.663471989319384 0.0543711195338955
-0.2486279615824 0.155280600815602 -0.370698268041519 0.164437755071941
-0.0373580059694896 0.248879602534872 -0.0167303397533726 0.104527579382465
0.158677118356443 0.0836140345707207 -0.0393394163251633 -0.078310714888283
0.0844442401064951 -0.144295655369117 -0.162455590416902 0.0507651344930524
-0.109443585024025 -0.108262079853494 0.0973074479226926 0.20450370133961
-0.186047119030136 0.0338314405836757 0.299892531114551 -0.0265625847980447
-0.097784236459017 0.113538665527167 0.210351273156809 -0.351265992071251
0.0168807730928936 0.00308453584142853 -0.244452723454041 0.334828990176324
0.025195690511661 0.00796090643912377 -0.291057422972425 -0.0106679761292359
0.0187265844743564 0.0164431770172084 -0.0939532321826445 -0.1841374160532
-0.0291073382802864 0.0146994914738733 0.144977486873696 -0.0175770214127578
-0.0349225671902122 -0.0437884194714029 0.0174442818901392 0.0575857946258333
0.0125373269487658 -0.0755816366226261 0.0604268463672774 -0.130615745741837
0.0543352586225035 -0.0439957797931772 0.426984708347119 -0.133941240853546
0.0490732212915019 -0.0189169807982131 0.728284028949838 -0.072255058463146
0.020628341946561 -0.0236885306551437 0.660194365237345 -0.201065753189274
0.0147183286354812 -0.0483097478978163 0.322456718618575 -0.360963522946071
-2.18423383603634E-05 -0.0373306300977215 0.00536348672453974 -0.378956665296664
-0.0072218578590863 -0.00671481042407825 -0.268060722626906 -0.174131809499963
-0.0038432486247422 0.000436884400291045 -0.211955919035603 0.190600302975836
0.0149637525060227 0.0213360647080915 0.0228620500457913 0.176881337570249
0.0251203065822459 0.00727510322120576 -0.0604571221251903 0.0843451673754732
-0.0844068385203035 0.0987814080615141 -0.241569269384317 0.296365963358125
-0.137816964121564 0.0214846602555857 -0.270132414448488 -0.0468951784429774
-0.0616212915876301 -0.0937655742344051 -0.0488637037714631 -0.201112601618527
0.0612407676806201 -0.0804755049964776 0.161773675045306 0.00319572746100071
0.072511287337267 0.0569099153818152 0.0182409360138711 0.0555718718823285
-0.0666216375095246 0.0987474091764784 0.0767248631643988 -0.122597021201391
-0.17248794927234 0.0383275464245702 0.418906565351826 -0.10926135960533
-0.228260771864653 0.0118847407455686 0.689434791448216 -0.0755854198833255
-0.218182623525582 0.0757152002694253 0.605269965818335 -0.250183826394425
-0.0759301590292978 0.110434342608869 0.250457777711222 -0.396732435402029
0.0296095013083319 0.0231909506518103 -0.0879879395881058 -0.349754989115668
0.00197505230392016 -0.0136838551348962 -0.278957386183037 -0.089524912742922
-0.0198543104568564 0.0151415571098053 -0.159542394195199 0.206721841558913
-0.0298619745947517 0.0592501157391094 0.0381681427636546 0.156547938519804
-0.00709610592361443 0.0832717774283344 -0.0601899644930496 0.0675784755008468
-0.175585589720175 0.166005323101832 -0.1921455941816 0.230363002860127
-0.284254471483022 0.00492697011538896 -0.196454015141782 -0.0759476297961048
-0.115159153260482 -0.227052384894828 0.0228389471213263 -0.19593991462205
0.185195280532385 -0.167060592683161 0.186898720269027 0.0303928055438973
0.175248470364374 0.18459217149733 0.0273853190703987 0.0862620185121377
-0.172715607017054 0.272925543075023 0.051795389107201 -0.0788657273975441
-0.391787919825401 0.0990985173329565 0.331846906897381 -0.0755838336974699
-0.470637480998603 0.0416320234025354 0.544798550919785 -0.0685755622120607
-0.405471145087367 0.21223267306405 0.478315187651417 -0.256597696748223
-0.0951432251635398 0.327097167990837 0.150066571154923 -0.377366745804983
0.156408127806683 0.104053813123891 -0.165509522368939 -0.23830411787579
0.0736216586104275 -0.083815627807119 -0.215716430799518 0.0309668430902559
-0.0633217673749451 -0.0274106125633484 -0.067286242789984 0.172136677589266
-0.105983551466889 0.0902254061500034 0.036780424397389 0.103051342017238
-0.0456874147660393 0.157048641499731 -0.0594659267467017 0.027562817021168
-0.232295755032798 0.195381124839296 -0.109079945788083 0.151108765465462
-0.371872804774347 -0.0292720299847878 -0.0871685543736838 -0.0750140083677495
-0.123132992706858 -0.348764243470893 0.0995690964576704 -0.12666613150321
0.327209296406339 -0.234746761534494 0.182432966203394 0.106628939377685
0.272753000431974 0.320483027540221 0.00292274884718389 0.14607251483499
-0.272945425560081 0.430948144443267 -0.0272578019387452 -0.0145695236110163
-0.568037586912812 0.139402924402624 0.168139171822245 -0.0363812293303253
-0.63637346411161 0.0670466311601275 0.319514137538341 -0.0483622157440044
-0.508561171772435 0.340294726363119 0.306950894480774 -0.195906049380782
-0.0163453030783737 0.520686456694802 0.0996654366318569 -0.291488421830019
0.369321931554141 0.104028841699237 -0.120328857884354 -0.155667565525306
0.138075547743497 -0.259669353769687 -0.110167766220162 0.0348688142728507
-0.171162627012258 -0.111328722833835 -0.0136307068328734 0.089323233830386
-0.216015414461778 0.123907284193684 0.0325021352453151 0.044317726417529
-0.0934866104681052 0.218199005118529 -0.0449316018582905 -0.0354073391771447
-0.237102765679406 0.194341227765852 -0.0215308863337621 0.0761626661194219
-0.362947986512532 -0.0470364461312468 0.00353001000277824 -0.0473929818292972
-0.0797070399777971 -0.37565405787741 0.118127829737378 -0.0221039815138575
0.413009710804278 -0.215435725979342 0.102887529093217 0.16409950701965
0.302177130888575 0.425671032447371 -0.0510814330299503 0.170669543303457
-0.34983721938946 0.521555334422632 -0.131773658416273 0.0539472011832409
-0.662647532484908 0.15843006538943 -0.0478950869825394 0.0071466667643281
-0.707628869592632 0.0796986965592676 0.0507705394834221 -0.0156553061159888
-0.534727306606115 0.407650380438721 0.123763606419144 -0.0853951636605763
0.0665536894105479 0.589302477728891 0.095336352406607 -0.195912383787711
0.491048204089073 0.0339142544046434 -0.0769313697669441 -0.181245330025976
0.122967427681724 -0.412791869852589 -0.123418305446312 -0.0129270882048793
-0.289071750696238 -0.169656581648318 -0.0173116462503386 0.0684202266430601
-0.315123185941131 0.153243075094104 0.0572307410631184 0.00634755756962281
-0.135509779394604 0.256525252979298 -0.00744702866182948 -0.118447058372362
-0.19593633967546 0.169755330221053 0.0399568819665131 0.00823852714341246
-0.277810284468364 -0.026760502332299 0.0389337330476324 -0.0430201575000725
-0.0335777665007597 -0.270718509533992 0.0992915824694506 -0.0101521003507413
0.344417965188284 -0.112699270887974 0.0676165721512386 0.117793627087044
0.205501824629456 0.413900103070533 -0.0373370650063287 0.167878196580244
-0.366610085222063 0.476909072460904 -0.218395129270096 0.134188710577731
-0.642392856581425 0.147471349525711 -0.277466959881824 0.0525538703861205
-0.669229227180361 0.0782133680401027 -0.22567313641223 0.0201520015208158
-0.493792937689788 0.382154437778472 -0.0573858845090292 0.0362733820213841
0.064220908331176 0.540385510987235 0.0739676861836969 -0.0950774697935088
0.452431093416043 0.0160824309879002 -0.0904200917374266 -0.17593028547057
0.0918274317525623 -0.418627200883347 -0.174937643804426 0.0261835671400255
-0.318168781900558 -0.179777393588615 0.0164783294961637 0.125867378159159
-0.347869390378718 0.152231679029111 0.13069969865738 -0.0177939751025595
-0.155411775468682 0.255720799951245 0.0550238855159312 -0.212291923005261
-0.130201044352649 0.124134569590314 0.0655470594150036 -0.0470295087136416
-0.167241450723425 0.00173951188323394 0.0355676086654317 -0.0877644779768973
-0.0151688064115921 -0.115194560568466 0.140773725933192 -0.0831754556570532
0.170728189427597 -0.0259522273185208 0.1568277773754 0.10563981415969
0.0798669006477289 0.266584112305701 0.00739115435342163 0.246158679730464
-0.290779177102921 0.324611597860958 -0.288147235999775 0.221573976472338
-0.502912433863416 0.116025228145103 -0.475940153861292 0.095859396014052
-0.533448579635519 0.0642141617632343 -0.472634422997814 0.0534585634960679
-0.391162083239048 0.286794699548427 -0.224431340859434 0.130026851180788
0.00914988770466746 0.414620959659569 0.0305931072172578 0.0180464729885255
0.317380365533186 0.055988002274089 -0.0753347805351729 -0.119472954130754
0.088347111817567 -0.298359434072303 -0.171012313033804 0.0665307794441755
-0.238611172790259 -0.154589783577159 0.0780015575677559 0.175782085382054
-0.296644437188074 0.109463532748343 0.222543203763932 -0.0365208927506059
-0.140264742160437 0.2067401767848 0.1296725547993 -0.295982995444511
-0.0705910419587086 0.0638509206290679 0.0662155192182855 -0.0842743940359711
-0.0763621497175698 0.00563721562420538 0.0153852521604322 -0.145268176696292
-0.0041208613660109 -0.0192177846634653 0.203609670882994 -0.134721678610944
0.0461638544681115 0.0101690498566345 0.219435406084868 0.165222788051194
0.0166128728176639 0.118800838489242 -0.0110570475855151 0.337145106227406
-0.154291344452024 0.167611659854609 -0.336797598400374 0.287428075597235
-0.284821501375147 0.0764564618755644 -0.603118692844226 0.142041441504277
-0.313024105273708 0.0442762210160454 -0.644982570286312 0.0798413695216312
-0.235074562571517 0.160603086728143 -0.35529666264289 0.175806105930957
-0.026475511200353 0.244124569359433 -0.00986957931082007 0.106757527704408
0.157778429403984 0.0740044855920622 -0.0347973638257537 -0.0742509984204307
0.0756360046452833 -0.142570737410363 -0.156011062009399 0.0524766457291866
-0.111336354303721 -0.102390566330163 0.10234130997443 0.195325206601057
-0.180613266324846 0.0414179396386848 0.291488295589125 -0.0363098271562051
-0.0914888101529418 0.113458859755097 0.197236929540498 -0.346830426101818
0.0155431309917869 0.0110500004903027 -0.3411144799224 0.228113036251683
0.0199131570256984 0.0148045404691065 -0.268506013021782 -0.109705394080037
0.0115263047355372 0.0210199556457548 -0.025831059951391 -0.200492555947417
-0.0321079878331173 0.0043926275404739 0.139044424680718 0.0338902933372456
-0.0178828238954433 -0.0510411284359383 -0.00774919235975986 0.0572464529650535
0.0350823329726244 -0.066488887495895 0.0977823922803321 -0.105937427987997
0.065000072388238 -0.0232186170372951 0.438032310607425 0.0152239365554556
0.0529693706986672 0.000896803275716538 0.697620698441434 0.170545831896791
0.0296093589049411 -0.0118441959752727 0.679719311791139 0.0309598632122719
0.0314441877335824 -0.0397154444850131 0.423308982568842 -0.227975521250971
0.0140917955861866 -0.036967998647886 0.133946514275394 -0.35454288187607
-0.00576550685438052 -0.0124815390415321 -0.196033220854542 -0.254141063692152
-0.00823708429165849 -8.06570247347078E-05 -0.264010860938635 0.110250210069143
0.00511118743054894 0.0270614609224119 -0.0358185924772343 0.17612817828804
0.0199834020407348 0.016039207712179 -0.0834630465407681 0.0603885201811883
-0.111170898027437 0.0679375478611069 -0.326602209661762 0.193778617860307
-0.136806349515181 -0.0250702178661427 -0.235413785643977 -0.135797949898669
-0.0290079257943209 -0.10686804058389 0.0221521799853777 -0.202950640875839
0.0827486878197901 -0.0554284042510053 0.148092933140933 0.0571699151279052
0.0499765010558888 0.0763812980930823 -0.00650642312597626 0.0559735785227215
-0.0942217163734332 0.0715462726881679 0.110100768066555 -0.0931525053337564
-0.171193666942096 -0.0197702594104237 0.422224523746805 0.0368800017907596
-0.215100175340508 -0.0608464712641204 0.662384412131047 0.155959204570138
-0.226325058354035 0.00339711736641092 0.644303605525264 -0.0300173595294756
-0.105225133524626 0.0790211364614261 0.368341839748245 -0.28604649122993
0.0203597598857244 0.0292767837036241 0.0378920384714341 -0.359488623661197
0.00455230151648581 -0.0133211585008338 -0.234990159632149 -0.177915387077945
-0.0248607347026053 0.00892214778460385 -0.219935333396546 0.14287219916535
-0.0469906294505435 0.0467356450974686 -0.0149658390989191 0.16116454756705
-0.0341361988726797 0.0750081086963148 -0.078533952995464 0.0447858810991832
-0.218519347932627 0.0997539279771329 -0.257824965855332 0.146607945877618
-0.269204866361945 -0.0876374232937229 -0.156284606246773 -0.139603826699029
-0.0369639256181312 -0.248511312003735 0.0883881729887149 -0.175259718332779
0.225081124510284 -0.0981367496749371 0.164291024328561 0.092308788215849
0.105243708848431 0.22736662504901 -0.00620691811861077 0.0885093086639415
-0.248305006532504 0.19958844412422 0.0721164229461621 -0.059551848922099
-0.394389654984262 -0.0348384616214483 0.330895294377577 0.0392340283510884
-0.45005448742906 -0.111443978317485 0.523774756315756 0.115714906923958
-0.444937706572868 0.0684566584346266 0.528262979653112 -0.0780542893295003
-0.193525071511963 0.277122993621365 0.265423594160651 -0.301390403112369
0.112136627078839 0.147749631968015 -0.0738045941565686 -0.278254682590327
0.0959475025805609 -0.0530601143578923 -0.214478662469682 -0.0423165006084021
-0.0479793753212105 -0.0456030059977082 -0.12055904600284 0.13999273312691
-0.128384642915036 0.049470114929205 0.000151763494705261 0.108551412838656
-0.0940492886265045 0.12973092518746 -0.0653456170143007 0.00777449484566002
-0.281309379355868 0.107443817108669 -0.152914685870505 0.100043014875934
-0.339588393306782 -0.148327393730524 -0.0544768573539455 -0.103049980689053
-0.00376829231413654 -0.366488743106347 0.139261908178769 -0.0836689913374299
0.380653437580255 -0.115112281041997 0.136084625977073 0.16230485948638
0.154324260222173 0.385677360694976 -0.0499572585655754 0.137230697581211
-0.391332668824534 0.313712760191222 -0.0230699089146713 -0.0260237491992246
-0.571829735183477 -0.0545086550955955 0.167233493919446 0.0204843706181115
-0.611528573322449 -0.143949253580287 0.308898039765003 0.061371444839961
-0.584369688557757 0.153116046223529 0.347939157806481 -0.0785398316449595
-0.180964834054566 0.482495952528626 0.18971170974711 -0.236436542130717
0.313313023409747 0.216688160636414 -0.0572212266978648 -0.184037361628978
0.215144145966292 -0.199429855541292 -0.11342289157113 -0.00490626878541546
-0.121375005379667 -0.161375424148471 -0.0428028834003948 0.0773849945985275
-0.243150816032669 0.0444083189671447 0.0139178558401077 0.0508797301616877
-0.158528832810194 0.17163283795693 -0.0318572094347258 -0.0466122038907275
-0.28463627850934 0.10414809725906 -0.0446587968604166 0.0598601579206991
-0.324069805471482 -0.16272197362313 0.021970116043576 -0.0454831021887143
0.0479447099812891 -0.378234332730771 0.12224946602139 0.0207872939011415
0.456253921863887 -0.0679046516255067 0.042284784760505 0.191431520589151
0.145742702025184 0.494988653178067 -0.108969328564143 0.14276792130437
-0.492394897686092 0.374183717101381 -0.14277614516557 0.00379371298052649
-0.667519557873603 -0.0671443606159364 -0.0464345256263009 -0.0111366649678384
-0.683108736892615 -0.154287753410919 0.0495930362430714 0.00339648435632007
-0.630380047327213 0.20707068163952 0.141830933238346 -0.035340395596758
-0.125231963355266 0.572446429225779 0.154793848572889 -0.148080102263977
0.4510716929389 0.187885114839403 -0.00614887795759407 -0.194808303287604
0.248493005925757 -0.350414741506671 -0.108795385339165 -0.0552545432994811
-0.214346837696592 -0.255633678568843 -0.0399779786766924 0.0553405838330951
-0.345223740967078 0.0404809652299093 0.0487519756243555 0.023208197106933
-0.211061760754222 0.193659202658345 0.0318640669385049 -0.11167350884782
-0.236702380582283 0.0935345420087208 0.0347784387222769 0.0185268247746663
-0.248506752372521 -0.116771509196747 0.0527409794412304 -0.0280125626875139
0.0585810722536579 -0.263914890746635 0.0979521800522818 0.0255013863889312
0.35905404099846 0.00746652995387711 0.0235068199978726 0.135812780837712
0.0577184485900489 0.453679641570541 -0.0956029117592783 0.144166802263361
-0.497847646855031 0.326255486089556 -0.248903133661345 0.0497557181890659
-0.643159231053364 -0.0726319994338626 -0.272842329589662 -0.0457097495122041
-0.648972443760463 -0.144406671755066 -0.217597604869852 -0.0545395447160905
-0.583691582112955 0.198497696342492 -0.0662615843327328 0.0179974049737414
-0.110577958687904 0.524070948095895 0.100254115302911 -0.0604728269429419
0.419627904058993 0.157127559460703 -0.0220105452157841 -0.194502928081322
0.218273439016533 -0.365375774802848 -0.171612185924526 -0.0348211581610811
-0.241001659613056 -0.27367366925512 -0.0273906759922598 0.121320491524089
-0.375726017672073 0.0316165090746735 0.125772255596227 0.0247947372892857
-0.227485204000974 0.186852511754138 0.12086775395677 -0.179102460302606
-0.161749204807947 0.071532216927949 0.0764891599983271 -0.0238269494877484
-0.152838269940746 -0.053330250440841 0.0630617966253838 -0.0717333320988213
0.0265935333189612 -0.112008839432801 0.160736712260177 -0.0301171257215221
0.167748287484637 0.0332281192854056 0.112650870474196 0.152665627954415
-0.013893229079651 0.27436371816633 -0.078261870512188 0.231872700613965
-0.378434877263734 0.21016085955494 -0.342738297440052 0.10804128394985
-0.505722448753211 -0.0562013204572635 -0.469993068442852 -0.0713231981537091
-0.517355777924121 -0.113403811590283 -0.455465619719224 -0.104219364040577
-0.459303607301107 0.139237602028417 -0.251331200363798 0.0498934856835881
-0.121910956865842 0.389374588817948 0.0233046076811568 0.0307742571248019
0.279905632216179 0.150277014401886 -0.0262494298576489 -0.134149079261875
0.176033551540271 -0.252982168517433 -0.179868490674078 0.00515157928500321
-0.174620578914107 -0.223230950672078 0.0158542042369127 0.188612607903013
-0.312813021370309 0.00869772787915503 0.218473605854815 0.038611827592754
-0.196657855024375 0.145054866554846 0.219686569076305 -0.232837440326791
-0.0867571755580224 0.0346856083344183 0.0898438226401713 -0.0574502311875511
-0.0701602007493468 -0.0200574091441974 0.0629508678364312 -0.132256037771666
0.00515593505110857 -0.0187209519784342 0.237781678843284 -0.0582008830916517
0.0390243636649031 0.0260298684815063 0.15125412567656 0.229925784817738
-0.0245540236538725 0.116310145544282 -0.124551981972148 0.312180803736005
-0.200344478673144 0.105800274807274 -0.408856278599735 0.153570745764216
-0.290807753939959 -0.0222024229611536 -0.60401380086253 -0.0721023529572236
-0.305410658123314 -0.0625006212806468 -0.624039344022485 -0.137114509766616
-0.272324539523338 0.071606871169057 -0.38871516860292 0.0493749999599333
-0.102591078935761 0.219152239463661 -0.0437182815631789 0.101365523127935
0.12385150961074 0.11776411982748 -0.00240586591245206 -0.0779281295153125
0.11448957512376 -0.110104961469723 -0.160147443920982 -0.0036157562350498
-0.0715748860018835 -0.131949853036345 0.0319988322826862 0.214633556406323
-0.181625657081045 -0.0170759409287931 0.28395112057079 0.0614448374483375
-0.120209485884112 0.0730711867604212 0.300321492724171 -0.257555679956045
0.0147950597033567 0.0103612850316285 -0.341576114024546 0.233444702733376
0.0201530249933327 0.0137114917002264 -0.273485214375745 -0.105192449664036
0.0118227912323078 0.0206948082437793 -0.030766275778147 -0.198741067873779
-0.0324511532381495 0.00541962462305461 0.139460958150584 0.0325658226244805
-0.0187482371570964 -0.050551895908231 -0.0116972579796621 0.056497163798881
0.0330775544974169 -0.0669580208529678 0.0954894654561866 -0.1139466154814
0.0653840013177761 -0.025020776980296 0.443440801860603 0.00323968335554511
0.053322727108133 -0.000270240318396291 0.711257542999 0.155848830497729
0.0293436219548671 -0.0122811717889576 0.690662916700938 0.0200799691057826
0.0307477066122979 -0.0410833237001127 0.428077336809247 -0.236150825423781
0.0150451712655449 -0.0377258454077068 0.131315343898734 -0.367416181822162
-0.00614575092439782 -0.0146846115573542 -0.207197353670798 -0.257407403521481
-0.0105295929581036 0.000344881779306979 -0.265914120048503 0.118425315942664
0.00587936436600193 0.0277893386519013 -0.0315558530482039 0.181781749103147
0.0199354608757742 0.0150560021209997 -0.0808429822276387 0.0634705130472715
-0.111118366441843 0.0705961396454068 -0.32600789089556 0.19800940493518
-0.139579973598589 -0.0215217799240426 -0.24022325336807 -0.133710029136044
-0.0324935662747111 -0.107039405359019 0.0171419587675462 -0.20273577665809
0.0819135975537111 -0.0586266362568503 0.149306574203649 0.0558211214708874
0.0532704270259933 0.0758701453517316 -0.00958419598953655 0.0543159367909374
-0.0933383121891607 0.0754641783829437 0.108598446891176 -0.100736032711045
-0.17261629813948 -0.0156619758735195 0.429933861451538 0.0272654919699948
-0.217571032923459 -0.055775333495725 0.672917167645629 0.139759257626333
-0.228282674617846 0.00849065694986705 0.65172557960461 -0.041948843126056
-0.105794793749332 0.0827516415227253 0.370717304048654 -0.295727003362295
0.0202795267870571 0.0305543718555232 0.0337515072609679 -0.368340680867775
0.00467542865085288 -0.0132392348822299 -0.245514195341749 -0.177645064241408
-0.0246891196799599 0.00994020786100589 -0.220919066153051 0.150402602451417
-0.0452653169731071 0.0480753475738364 -0.0113403101516701 0.165394066335082
-0.0323500375510186 0.0750206574387905 -0.0764529833696501 0.048015960948823
-0.219435404536952 0.105634060315745 -0.257094361231228 0.149345171027724
-0.275314776556702 -0.0829747294479978 -0.159821790736368 -0.139545744849782
-0.043451969161619 -0.250657967619689 0.0865779858087056 -0.176851392133606
0.225103658287283 -0.105857158695043 0.168050936031617 0.0899445944257202
0.113489628019561 0.226862560306635 -0.00789214887139969 0.087600453379619
-0.244768419029748 0.207633279213547 0.0716047624047714 -0.0653152295669527
-0.400743243952503 -0.025533230092988 0.336116751693992 0.0307344839364369
-0.456465773911998 -0.101027118282265 0.532614005333266 0.103970726571262
-0.44833970124889 0.0787151220566947 0.532035570656166 -0.0865134243650993
-0.189919283085708 0.285214950417305 0.26654133292741 -0.306389343447491
0.114432267848341 0.149253508907956 -0.0792386566328319 -0.281848162107485
0.0974367883535217 -0.054222359211938 -0.219312582463253 -0.039740961675664
-0.0473360318016923 -0.0454996073869166 -0.119674408268865 0.145347241298964
-0.12642817972063 0.051268533856152 0.00276128072762363 0.11140991136997
-0.0924068067839327 0.130608327152242 -0.0638909317584391 0.010486251344056
-0.282570288020324 0.114086113091122 -0.151105791467251 0.0997097003210591
-0.347442852282903 -0.143143776498934 -0.0546586453410759 -0.105284299477936
-0.0128776267274489 -0.372422800496285 0.142069286810438 -0.0860898440777881
0.383781822038944 -0.128763829165061 0.14207396016402 0.16296007689401
0.165638277912524 0.385594019176841 -0.0505675105149713 0.139880237493919
-0.387434756081317 0.326850410581426 -0.0243796942315866 -0.0275504142186765
-0.580466520479572 -0.043033022887689 0.170544341520957 0.0159210253794044
-0.621133623800182 -0.130388430455964 0.312890903631961 0.0554650002032971
-0.587509233600429 0.170802592809034 0.351533651880026 -0.0832984724797814
-0.171602495439937 0.494090367124933 0.190069600091832 -0.240744980229328
0.321825251397865 0.215130526725528 -0.058653415233853 -0.187080346263242
0.217611627549843 -0.206573201307996 -0.115438062891919 -0.0044924665680003
-0.122953190533757 -0.162583736810458 -0.043726338304414 0.0793560661911363
-0.242290703066674 0.0475883253481298 0.0131467858553003 0.0527580739777942
-0.157124826722073 0.173538628018568 -0.031507081274013 -0.0426219467348641
-0.285075255186934 0.109797198145473 -0.0428890039427599 0.0568811935538064
-0.329984918934395 -0.159886763098186 0.0247629100848372 -0.0471994882850924
0.0417802571456312 -0.385298961928362 0.127168576235334 0.0219786842356732
0.462416631278976 -0.0807137307646552 0.0466525987658767 0.19670896793466
0.160249107130752 0.498962210451691 -0.112995007381749 0.14694136602569
-0.491071488643677 0.390870656931278 -0.146187504055817 0.0053698307182968
-0.676056273484569 -0.0535853115245065 -0.0462710558343439 -0.0117669107378591
-0.692949481822911 -0.139581669658313 0.0504730803911439 0.00337566446476498
-0.63235229329188 0.223803062981343 0.143098273696329 -0.0365786375387473
-0.112595095599181 0.584193036270789 0.157901487171733 -0.150587918322926
0.461822453821601 0.180327971265346 -0.00683506352994867 -0.199973072666329
0.246331768444467 -0.360843857941341 -0.113440869619624 -0.0584451424608824
-0.220987886943858 -0.256458249199285 -0.0421169804051474 0.0566882829470546
-0.346489169625911 0.0462623952349419 0.0476032827256666 0.0240893877734636
-0.209279222592713 0.197254637227929 0.0307869864095418 -0.109387630389621
-0.235536106161159 0.0980215178408387 0.0358966805868528 0.0152887016648875
-0.249442033372893 -0.113989070282734 0.0548558479765496 -0.0293251537727119
0.0580789216153548 -0.268020234115057 0.100675061146257 0.0260212735623763
0.365379046491335 0.00138311280416078 0.0252046286695812 0.138852739740444
0.0674777491670964 0.459483109582603 -0.0986979592125717 0.147372078174804
-0.497512564123138 0.343053555825636 -0.253566054697661 0.0527968473795286
-0.652345967251761 -0.0594525022620851 -0.276277391085073 -0.0427273921282872
-0.658587917333764 -0.133582884997185 -0.220552595213145 -0.0487796703505948
-0.583522675104995 0.210719151050434 -0.0658943333097773 0.0224770060319988
-0.0983354189666173 0.53371118189363 0.103847428131241 -0.0603804449825559
0.428185946601361 0.147541793613173 -0.0227841257387895 -0.198167593511218
0.213462265335689 -0.376543725340497 -0.176249112106182 -0.0343038454408062
-0.249278012099105 -0.274615447577053 -0.0284570288528637 0.123657279330642
-0.377579549527122 0.0391238997065305 0.125819259229533 0.024916486488078
-0.226839128061298 0.190974936489364 0.119852860270429 -0.178737111148242
-0.160182721238332 0.0738245969515698 0.0761786748763449 -0.0265462487010672
-0.151580078410463 -0.052650330674026 0.0628094225185999 -0.0747062563552842
0.028897322877064 -0.113406563442487 0.162849223930939 -0.0338353362249633
0.171228264994987 0.0327176663226735 0.11751047792095 0.153682329532944
-0.0105533691796508 0.280999811739047 -0.0774834006621761 0.236945194664955
-0.38172982733398 0.219057676780489 -0.346653037340379 0.115309423307003
-0.513503636353451 -0.0467112363525235 -0.477758455271921 -0.0644351796799812
-0.52520036295434 -0.103707854321141 -0.463604218291506 -0.0936146573146788
-0.458375448666188 0.150718121638577 -0.251888055262425 0.0587138829871712
-0.113461048883075 0.397193915015518 0.026545454224822 0.0353730583684995
0.286077638796806 0.143755398854924 -0.0254658809948524 -0.134644856011721
0.172806902917274 -0.261108704240337 -0.181753199600092 0.00640955800573695
-0.182295229671121 -0.222930126024684 0.0176719500617465 0.190145743774409
-0.315324088191699 0.0166517383247861 0.220959379630991 0.0358422677027033
-0.196227410354698 0.150041049071618 0.219132644273916 -0.235276886323716
-0.0865694877824068 0.0362759374125514 0.0874791179059392 -0.0600789947965826
-0.06778486281092 -0.0193568375408988 0.0596758026723105 -0.136828546717851
0.00800279170700478 -0.0178439387379829 0.241113228032312 -0.0663899293276998
0.0393563102494751 0.0266632953319922 0.160640513936629 0.23198260203718
-0.0246034959924921 0.119284475976973 -0.123466552251284 0.320696901611387
-0.202220786672327 0.111192047377272 -0.415125008069748 0.164016565078431
-0.296895122012642 -0.0167173884933413 -0.612789241294575 -0.0619888387384047
-0.310708337382191 -0.0566876952754973 -0.632136185250757 -0.125297853292965
-0.272470285420984 0.077696506089274 -0.390625140821589 0.0607083679534261
-0.0984382521906583 0.2236420111183 -0.0401946473775816 0.107808761726263
0.126989950271847 0.114284078293897 0.00208001868121169 -0.0764359385075057
0.112246482798875 -0.113944036525453 -0.160525187941767 -0.00193626521098091
-0.0759644602240663 -0.133052060163513 0.0360971304904932 0.214679389401437
-0.183222780449098 -0.0110801761497518 0.28716892777523 0.0570866390504385
-0.11934249570581 0.0764089434831296 0.300815059990603 -0.261387205287658
0.0148876106602525 0.0091056654270495 -0.335415734803985 0.244931326320965
0.0213634628192898 0.0132153111003126 -0.28081479636726 -0.0961503076675088
0.0130968412143833 0.0200343181239266 -0.0384649500226455 -0.197446238281471
-0.0324094313271848 0.00729275502203639 0.140073842009224 0.0293051532163178
-0.0204036363606062 -0.0491040616563903 -0.0143558606584175 0.0556166756798551
0.0302228132313276 -0.0680363831646987 0.0900942764890788 -0.123507931213887
0.066032491881759 -0.0283047791426959 0.449714490667272 -0.0169535571425994
0.0537865260699073 -0.00225867192732588 0.725579575877947 0.123888188029679
0.0289735914249008 -0.0128596313004216 0.699403740033079 -0.00435324545327096
0.0290341582520042 -0.0426198846406534 0.427423104592144 -0.255280483754965
0.0149943384530306 -0.038639203842515 0.120817511424483 -0.380259914277112
-0.00658182071292931 -0.0162044842753447 -0.224148164282087 -0.254719862350208
-0.012423636137195 0.00138130998338847 -0.267202933359837 0.131624711011196
0.00631711984427095 0.028244911072796 -0.0223620637725101 0.187568602052672
0.0201056632450003 0.0148245581195069 -0.0774498685122706 0.067883328428347
-0.110117908693451 0.076192150363235 -0.322003800282088 0.208083845069366
-0.142555128826559 -0.0152687100571358 -0.247815168354149 -0.125923458945321
-0.0380061455801184 -0.107031943747488 0.00871938390950552 -0.203624008528944
0.0803992608929533 -0.0636216234803852 0.151028208239021 0.0508606810739988
0.0585168769908576 0.0744542264400746 -0.0123473875335203 0.0533433756142726
-0.0916994036398653 0.0815881395803106 0.10521393743564 -0.111106740729824
-0.175352007962987 -0.00876444154132399 0.436247640161104 0.00630119405031362
-0.222510416300155 -0.0457466858177574 0.685509917387002 0.112153453210263
-0.231928724441027 0.0186123627919329 0.659540912592524 -0.0671336779893704
-0.105394587801922 0.0880677704000177 0.368655357286036 -0.313006701900564
0.0207019504373297 0.0306761606793191 0.020698487611448 -0.378293793791751
0.00414165065692527 -0.0130597161316648 -0.259777789225686 -0.172110214644736
-0.0241061580278111 0.0122746105227442 -0.218494551380674 0.164150681457676
-0.0420536075605775 0.0502802988294328 -0.0029594622357924 0.170319391662097
-0.0289706610859507 0.0757966732988087 -0.0732122012136867 0.0521291566906311
-0.217793426572658 0.116053469924011 -0.253331130460286 0.157651754957196
-0.28184460346028 -0.0718863424582515 -0.166275489056294 -0.135423194232503
-0.0559096910123432 -0.251895352113078 0.0813950840074077 -0.18142900602712
0.22296631568249 -0.118048087574344 0.17242798372986 0.0843603273886931
0.125300832701391 0.224169421632749 -0.00786353049035908 0.0871755959862888
-0.238435531839075 0.22188689338559 0.069462744971647 -0.0718066863432496
-0.404720327258327 -0.00833834964547724 0.342450388856239 0.0153324047271176
-0.465501329495336 -0.0828628828260029 0.54200562269531 0.0832469429714291
-0.451310785034019 0.099753468962968 0.536125303174696 -0.107047533776134
-0.182410024070556 0.297673372785558 0.260125502223994 -0.319187323508787
0.120993784144268 0.148794941658497 -0.0894165454212024 -0.284309671312559
0.0986899243171244 -0.0571614769290273 -0.227131159414461 -0.0320056014895975
-0.0459466486470726 -0.0440285031187815 -0.116321909070893 0.153143338708026
-0.123019608852289 0.05561631266096 0.00777264601094488 0.11495228223774
-0.0876751076589978 0.133789656917492 -0.0626066859290512 0.0157629489808486
-0.280415114282016 0.126300918249658 -0.148505967369198 0.102241054456145
-0.357743787641076 -0.131118941208941 -0.057374842905045 -0.105791194591604
-0.0284932184288679 -0.377493726216289 0.141992586932556 -0.092037392481327
0.381735181849961 -0.147496537768396 0.15060415450535 0.161349840384869
0.186900299602147 0.381513053854538 -0.0493262839727101 0.143821371290211
-0.376551245363213 0.348547879364017 -0.0264723197806377 -0.0281158490287453
-0.588673688180033 -0.0164199339623806 0.173252569720596 0.00753303236149256
-0.633203369814177 -0.104430360818221 0.319048976392592 0.0437090793173684
-0.586246243036336 0.196982456186755 0.352677873200863 -0.0969882636182222
-0.152808573414785 0.508913619532223 0.187449585843071 -0.249658091804697
0.335576529570949 0.206863950215888 -0.0636360117716845 -0.188590019593873
0.214760155773323 -0.217787404659408 -0.117816641712196 -0.00254972663477634
-0.127437440529477 -0.160830932074136 -0.0422163881231578 0.0810494714727818
-0.240717266560466 0.0555665158578554 0.0146006648859062 0.0544061638482401
-0.152149637274422 0.180425427865131 -0.0326715853828054 -0.0390488817205231
-0.282553242723078 0.122360643611184 -0.0401550269298443 0.0551305258538308
-0.338855754069508 -0.149538670591997 0.0258998860018851 -0.050268234705269
0.0274513212245755 -0.393916442581001 0.131481340344919 0.0202442416670671
0.464975983048841 -0.102885319638527 0.0546118316186234 0.20171964610908
0.183344849325932 0.499005282627895 -0.11289956233995 0.154993720959316
-0.477785555634314 0.417413301867476 -0.148810959038556 0.0100240944840214
-0.685824938862693 -0.0231536199128556 -0.0467152843362887 -0.0112095445308816
-0.70685647350864 -0.111971077554102 0.0506996921579454 0.00179444624031416
-0.63049233168906 0.252362648731151 0.143707820201884 -0.0398541550866527
-0.0877576091816068 0.597064698288006 0.157527330170351 -0.156699876706882
0.475957384532267 0.163152911034901 -0.0112793713246656 -0.205123900169555
0.238634756111381 -0.377910056716433 -0.119189933653954 -0.0582190076446464
-0.231884406557328 -0.250752324938648 -0.0434410154317523 0.0586164063719917
-0.347349376871987 0.0596209357264362 0.0455057936890967 0.0254339118338397
-0.2047210478506 0.206204736207239 0.0281601127468974 -0.107364435045575
-0.232575683372503 0.10782489807909 0.0375344341375427 0.0115949740706831
-0.252751594166748 -0.107690223747165 0.0567447234903006 -0.0321457742465672
0.0509710927416986 -0.274992755760305 0.10431308973631 0.0247693675509781
0.371039629300573 -0.0123663150314151 0.0291632523587805 0.143169692669651
0.0871752747685278 0.464005370610328 -0.098793090738608 0.153741101276382
-0.489431959372628 0.37111831280613 -0.255209261734614 0.0630877503200749
-0.663962267333432 -0.0309960468597773 -0.281157435895757 -0.0331804070865758
-0.671847964335557 -0.10586127052911 -0.224955285721165 -0.0387062097846505
-0.579629502058019 0.238567744704072 -0.0647095966748607 0.0276162866172569
-0.0752012085710512 0.544485771081672 0.106030333721297 -0.0629548605139463
0.439587253724229 0.129205044922918 -0.0286080161444422 -0.202157050165397
0.201019689524274 -0.392600557027002 -0.182031872740568 -0.0303980648058488
-0.263547441397554 -0.267620177505524 -0.0269560509620249 0.126624131045834
-0.378840316143206 0.0549428648389904 0.125324758352506 0.0228835127308226
-0.22221904333658 0.201415412680317 0.116674425930767 -0.179621503890166
-0.156569877386253 0.0809905320893431 0.0751879715000524 -0.0316006657570704
-0.150747128162171 -0.0487763602106475 0.0606327013005144 -0.0790848011615218
0.0281669823157472 -0.11498278890139 0.163208903672262 -0.0401243433959095
0.175008374531084 0.0284861978726487 0.125577665959715 0.152353085747909
-0.00208537251725327 0.285015779030072 -0.0716806614791223 0.244434219964585
-0.379116196920366 0.239251338262057 -0.348078299644248 0.130035603068977
-0.522712637219776 -0.0248212994428804 -0.486645920191567 -0.0471947851176052
-0.535527120003077 -0.0816461447772252 -0.470521876804141 -0.0739499437713344
-0.457127068617231 0.17105123668607 -0.251397474850535 0.0714798756144826
-0.0951170137638124 0.404667345696522 0.0309344222056248 0.0384089946334792
0.29442801322429 0.131214942306627 -0.0273221280869042 -0.135511397195674
0.161354270420669 -0.273387458917839 -0.183606921565776 0.0128163196282684
-0.193890974875376 -0.218516030013707 0.0242289311893369 0.191244275274708
-0.317345498953873 0.0312250084214803 0.222035890381712 0.0293710551236778
-0.192729811388783 0.158649499179516 0.214059428807862 -0.240289417040012
-0.0843361252261145 0.0397145294335629 0.084896188881157 -0.0644056451042661
-0.0664425343745535 -0.0183066964910401 0.0536164355405353 -0.142842474527828
0.0101515265925246 -0.0189278134256833 0.242160085374844 -0.0781718027768725
0.0406991258580936 0.0268959830247232 0.174163782111473 0.231477194933271
-0.0222322521641306 0.121077149342776 -0.114148585194194 0.332579014717315
-0.20218314825928 0.120064891858749 -0.415105207995979 0.182386498227677
-0.300945167096223 -0.00453829463307594 -0.622986514134597 -0.0389691931971457
-0.315815963325388 -0.0441394741704845 -0.643445751014331 -0.0974074253073039
-0.271261776187028 0.0889963026898977 -0.391616628679098 0.0802010302566692
-0.088647473564465 0.229192048691318 -0.0341350815410732 0.115437482623495
0.132126600626962 0.108882432082288 0.00471525346385428 -0.0760712821413211
0.10809289805855 -0.12081485786945 -0.159446951648077 0.00225323766168954
-0.0834661099587069 -0.131884780828059 0.0449608528958721 0.213735221897565
-0.185261555694904 -0.00355973047317237 0.291057572941348 0.0459825922656383
-0.117731267619462 0.0815064130681243 0.295741278052451 -0.271645073892402
0.0151223695083017 0.0081558289283952 -0.323125141339332 0.256929898904954
0.021356351066763 0.0118618966852202 -0.284817840319774 -0.0810192316522578
0.0139235203497966 0.0193299281124049 -0.0485748816014548 -0.19122268995057
-0.0316574689280446 0.00903714683587378 0.138354512221036 0.0232709644801937
-0.0225933238035724 -0.0464316433676526 -0.0161479674543672 0.0542430493781977
0.0257618700230713 -0.0687654788479647 0.0812400735055276 -0.13328600755924
0.0643846732495252 -0.0320300231931582 0.448289467246854 -0.044570950686645
0.0534455748353016 -0.0040577936868008 0.72685644308599 0.0821772032769769
0.028776421111469 -0.0135273409699447 0.699297113074735 -0.0387580503088994
0.0258520723759734 -0.0441574656873755 0.418626653591286 -0.274077685954786
0.014262368907955 -0.0400054047326963 0.105499149368956 -0.390706642450198
-0.00726066186962654 -0.0168329735841396 -0.239460531190852 -0.245854829541134
-0.0137818743051249 0.00366507187761569 -0.261420788550387 0.145737603163361
0.00842888953580722 0.0282725744450805 -0.0108845226342148 0.191225992427294
0.0205348687421591 0.0134257383148531 -0.0708619620291107 0.0714291526105361
-0.106919658753294 0.0812768694427812 -0.310575127489682 0.219266000184485
-0.142589958353984 -0.00790589142466462 -0.253006960480258 -0.112403765945252
-0.0434684311292912 -0.103611050235089 -0.00204816978247442 -0.199881629095656
0.0763175824559329 -0.0678696607450423 0.150073508935444 0.0427919723144508
0.0630571769488761 0.0719047560518395 -0.0140557917454541 0.0513349470660725
-0.0870627937105971 0.087077735657174 0.0989461075377086 -0.119579337730303
-0.173961944634239 0.000906201929271661 0.43649690952013 -0.0175165514927182
-0.224220131318802 -0.0331749088421469 0.689526535616189 0.0747196401664083
-0.230369323995328 0.0313232519897831 0.654794477937579 -0.0974521073923207
-0.102741580916194 0.0940047166104745 0.355066691309623 -0.329387017671688
0.0203336513951137 0.0301892454220489 0.00360529392878852 -0.383540978854737
0.00299369725688062 -0.0124737136107203 -0.271823182735369 -0.160148553907364
-0.0222814790413961 0.0143340509442512 -0.209854403114197 0.176913704566285
-0.0371186795161319 0.0507991667949513 0.00743211843959059 0.172998549805066
-0.0257973360255714 0.0757070150721282 -0.0680885922694807 0.0562698887117423
-0.211068802873559 0.127231946387059 -0.244397620667267 0.164473728753496
-0.285746398192337 -0.055710278573432 -0.17138858558631 -0.127689173265783
-0.0689735395020661 -0.248746213755905 0.0711756515627927 -0.184040732243481
0.215174161447678 -0.131181149861233 0.175479041923561 0.0743148063211916
0.138594186488558 0.215832053509609 -0.00678477694743205 0.0852569811950479
-0.224948647610791 0.235034233641949 0.0653065655375668 -0.07859220449023
-0.403783275589508 0.0137290486107773 0.342571583994565 -0.00339832725542914
-0.467174305283308 -0.0562054283258813 0.544141717005951 0.053516255656294
-0.445662466568386 0.12338143372163 0.528950036493061 -0.13125396312689
-0.167887939513181 0.308218753285106 0.248818277249939 -0.330857550496326
0.126784536522898 0.144862211695708 -0.101974190616636 -0.283091673718137
0.0971420402184827 -0.0611274378061074 -0.229884167294569 -0.0216928415399254
-0.0453570223161988 -0.0416940952194736 -0.108548796735433 0.158940273312722
-0.116920891035121 0.0598933621191147 0.014014112773424 0.115666529486322
-0.080178208841832 0.136020469786021 -0.0602680282063005 0.0189062700626007
-0.272855787000292 0.140778448297936 -0.141903882872258 0.105050210650587
-0.363015781082214 -0.112455778366919 -0.0600903774435593 -0.10366448847421
-0.0477099409314982 -0.375852999980549 0.139439701795513 -0.0970777931615145
0.37357522701837 -0.169228642238949 0.159075177707398 0.154832078129079
0.207447876282443 0.370113889436334 -0.0447207812454073 0.146235760880235
-0.357045812717936 0.368561688234789 -0.0284691682512795 -0.0276995758673472
-0.586753883579606 0.0150669545463662 0.173477518134156 -0.00328374848429103
-0.637796003340311 -0.0692285424918923 0.320391484856853 0.0269905351479186
-0.57631060416748 0.226237877826693 0.346759796882124 -0.11194871741754
-0.127490155569681 0.518902828881281 0.178426216191162 -0.256020547472898
0.344905092683021 0.191826518885128 -0.0705828923927708 -0.187746064769882
0.207736776152895 -0.229389569146813 -0.118424700543089 0.00128798180489902
-0.131774073932766 -0.156054841016244 -0.0405451580003839 0.0823193860453064
-0.23483892363955 0.0650027006997921 0.0159298248466048 0.0557035230841229
-0.142884803663155 0.184782217688321 -0.0323283073555825 -0.0352241947575928
-0.273693311331946 0.134906552520363 -0.0369905017510425 0.0532455484463479
-0.343712970122599 -0.133236711663472 0.0261014253122901 -0.052225172951393
0.00933758873097386 -0.396515166883025 0.1355655349208 0.0155908007464994
0.460491723853176 -0.126304540948249 0.0648676154634543 0.201762463745697
0.211549139671306 0.488383589881519 -0.109965820097603 0.161178293508285
-0.453720964675072 0.444131652921229 -0.149343107606025 0.0166279129044059
-0.6843117384396 0.0125872828989027 -0.0467028656858575 -0.0103111365206012
-0.708572627919878 -0.0759512213247231 0.0513454145695038 0.000270520158195422
-0.613817485179596 0.284767490248956 0.142598215535659 -0.0443507783470436
-0.054042887300752 0.601952651248324 0.153754088906006 -0.163655663287814
0.485254290953269 0.138965904414954 -0.0196480387985052 -0.208126549511349
0.220469059588538 -0.391646078491372 -0.124469390913988 -0.055500141704828
-0.243015222160115 -0.241552222991705 -0.0445751646495183 0.0609925924894672
-0.341403428839083 0.0757138043164927 0.0442612073956233 0.0253801882204341
-0.195161346823395 0.213803482472604 0.0247246872205707 -0.104493424940343
-0.224090067349142 0.11712557659139 0.0374660452928013 0.0066189910382869
-0.254556980119019 -0.0970603324171938 0.0572506955392242 -0.0359640909654137
0.0402805680821883 -0.278024718990671 0.10636016832394 0.0221540688551326
0.372095322570434 -0.0310894238090043 0.0357425389138525 0.144017159905267
0.110503174532871 0.461150309914102 -0.0949152844467249 0.159066891389541
-0.469205390762635 0.395743672170533 -0.253139236464003 0.07399983052122
-0.662684136407672 0.00475367098420317 -0.282582290833731 -0.0204838110481359
-0.677093179746552 -0.0713740456243056 -0.224720934495499 -0.0263658329266489
-0.564996386531756 0.267533580799649 -0.0619410840404441 0.0329028661916549
-0.0443479526449251 0.547899507015087 0.106287016556122 -0.0657117136522363
0.446282701586413 0.105278219972244 -0.0364799830702916 -0.203811523393679
0.180075551825891 -0.40553532737705 -0.185196742632477 -0.0235519598865244
-0.277550766425336 -0.255166098369333 -0.0232527507897433 0.128505323001632
-0.374190637384256 0.0734086979100581 0.123007110395078 0.0194686088958359
-0.211757525191559 0.210909843043341 0.108800398548275 -0.180683288746737
-0.150265615857626 0.0865923020751008 0.07327056524871 -0.0366188926805682
-0.147883808565243 -0.0429419942603491 0.0571738877325504 -0.0831057694282973
0.0255706839669827 -0.117249678851214 0.16161367496287 -0.0489296401920922
0.176305491649173 0.0220816978409852 0.133865071299571 0.147994842538498
0.0109715235127607 0.285645577041662 -0.0617778180590204 0.248032348053206
-0.36581492325645 0.257934411369472 -0.34293686964775 0.145943350976733
-0.523223222351906 0.00287683261659114 -0.48816302498436 -0.0233972365538001
-0.537416871288622 -0.0549146740145885 -0.471458337961273 -0.0481946165400594
-0.446024596824852 0.194525319388493 -0.245828026405414 0.0859962187863179
-0.0723520395423945 0.410207932931424 0.0357828505849851 0.0400711506930878
0.299478190842328 0.113703333310868 -0.0296857060723762 -0.134162259313512
0.145967220570727 -0.282800263448293 -0.182936946540703 0.0204447118035278
-0.20685568783105 -0.209161505710789 0.0318465736348707 0.189613151994582
-0.313340680857071 0.0471758238867459 0.221059200883428 0.0199925907869179
-0.183913551694463 0.168303896464903 0.202638231655078 -0.24549957399912
-0.0800208496786868 0.04273907763924 0.0796693203493806 -0.0686425768371943
-0.0638215281662814 -0.015825327690323 0.0441682566275179 -0.146981805229203
0.0116137723017111 -0.0186366568794381 0.239384516543406 -0.0927587777037148
0.0415492567849942 0.0272801356164906 0.187894432473341 0.225498209253255
-0.0186822254932002 0.122388081083066 -0.0994550277187461 0.340448814583164
-0.196462624667055 0.12948679254479 -0.408471888408204 0.200867274592024
-0.30041364552372 0.0117198437242144 -0.624461523916639 -0.00855569691198261
-0.316716786379675 -0.0290904053501073 -0.646691110665296 -0.0604949807438705
-0.265377669924106 0.102253705293098 -0.386675990660813 0.102154563842779
-0.0755533320736058 0.232274412693709 -0.026152908984867 0.121070608655698
0.136232573163654 0.100429059718159 0.00639240043889292 -0.0754214560307237
0.10032241113437 -0.126505002499501 -0.157295520507959 0.00746904370616328
-0.0913261753830246 -0.127140057332566 0.0555342748159774 0.209617295582608
-0.183582481610786 0.00695731135549702 0.290834311386683 0.0310951672959202
-0.112701878433144 0.0874238629458333 0.282789892962398 -0.280640995459612
0.011037167041871 0.0170788364783185 -0.398415778965754 0.0884132863285261
0.0134706663404727 0.0195629743132222 -0.219556596823118 -0.19363678918192
0.00395741992403739 0.022416611146934 0.0367299417376679 -0.189228327410376
-0.0305770938617701 -0.00473844596325346 0.109706291970387 0.0799663543371852
-0.000284139663989744 -0.048099812091862 -0.0413674139301087 0.0370586306024996
0.0509112935134326 -0.0481121903818396 0.128862017013737 -0.0882597876637563
0.0709122537403147 -0.00105622125305992 0.415411609581831 0.152026606228699
0.050699302949373 0.0211063560921539 0.608768015092058 0.38256128148476
0.0346139809835947 0.00385628926561058 0.631777959277409 0.265628072464259
0.044587374738431 -0.0288248077377703 0.487976030453874 -0.0602507026323204
0.0313688538338214 -0.0313059612103674 0.262942561953879 -0.303876983406755
0.000739252664246168 -0.0209901759217055 -0.109466614801736 -0.320617927732766
-0.0166558735312975 -0.00158247521153739 -0.29695526539327 0.0202186145413004
-0.00491810451486396 0.0297641237436238 -0.0896381340910886 0.16915470386455
0.0115091732301143 0.0216799767880754 -0.0921390883875604 0.0338679623967642
-0.127037772637963 0.0316878467722208 -0.369795576615002 0.0609416436882219
-0.125736959386091 -0.0655466327953049 -0.177351163232902 -0.209819395570561
0.0033600880158239 -0.111628932949937 0.0821370163134808 -0.178869681610759
0.0968869276023856 -0.0290505852777626 0.112542268758911 0.101683147428419
0.0267549313802766 0.0908280558879861 -0.0374665516076047 0.0347241440048582
-0.113175581326667 0.0422022265245599 0.138908448707529 -0.0691335913974422
-0.153437394761846 -0.0715618756361698 0.394282602596653 0.169788999811477
-0.182153529841285 -0.120455939841739 0.575473107975846 0.359981577375358
-0.213222741137354 -0.066462138048619 0.616097141453455 0.1957221664558
-0.127495680100919 0.0374484556162407 0.4543545897006 -0.136663183680944
0.00479951946477085 0.0336810986260008 0.167731584688367 -0.340109715125691
0.00774602879856272 -0.00999760476871757 -0.174189549484617 -0.258394610825964
-0.0267958587020066 0.00509970715442352 -0.263895404186207 0.0687545197108197
-0.0521633837443636 0.031626055446229 -0.0650368159520699 0.159628135694259
-0.0543473241938815 0.0558572951083029 -0.0833443907898702 0.022667408390357
-0.23891189699759 0.0280959705996477 -0.286013576557559 0.0389220981934393
-0.232264189148934 -0.167807018807218 -0.0955118253582082 -0.189624334566013
0.039697211662143 -0.250066326006678 0.142103068076408 -0.133406665298236
0.246132456108176 -0.027917967099605 0.122779298016021 0.140346257997597
0.0340344746989996 0.247673983611258 -0.0449730331946641 0.0693460212555872
-0.296427556819979 0.115855513768376 0.0931416313475686 -0.0454420329318464
-0.35996665869427 -0.15692412269901 0.30530090238062 0.141772202746823
-0.38783402571079 -0.245116895041766 0.456966253133186 0.279911927271219
-0.44147532307469 -0.0754933114009909 0.520266403260052 0.111230833372265
-0.276676608454652 0.200483781404618 0.359778566879813 -0.18432542131492
0.0485975967288086 0.180974563466122 0.0316838937118998 -0.293055286448946
0.111146318780607 -0.0116780283509454 -0.195090536107605 -0.117532492024097
-0.0214684802978743 -0.0541054797406569 -0.164302385479034 0.0953828357254558
-0.125798466354771 0.00450068969929134 -0.0368722799183915 0.110156820624829
-0.126225280985942 0.0856124760527889 -0.0613006561988999 -0.00715351693081043
-0.299331364503885 0.0125618870789471 -0.169222844639261 0.0283780121568307
-0.27613435647927 -0.250434251847961 -0.00502469686326191 -0.120166827250061
0.113374908062631 -0.355702880554831 0.168591667732462 -0.0269425556065672
0.403437177894104 0.00328680208291145 0.0751765094142249 0.20811481319862
0.0323778818018491 0.41386884057409 -0.104502423757377 0.10880790910438
-0.467800571220012 0.178914664335243 -0.0122398416031536 -0.0401409223411617
-0.522662648755872 -0.23209733836033 0.156396137369607 0.0702588951874185
-0.532183829723091 -0.329621351667672 0.26985597045317 0.161843655603878
-0.600091400216891 -0.0396398889624052 0.351074008620685 0.0512773976627426
-0.326919341282217 0.405270243291507 0.266508462843651 -0.146907130065728
0.224203823673729 0.313699344624387 0.0206450611436519 -0.194262913348758
0.279822468627191 -0.116399326043986 -0.103087193257012 -0.0508546847702662
-0.0501043544475429 -0.192753267499049 -0.0707702477887674 0.0529882929412682
-0.232483204530145 -0.0400781786692401 -0.0115163850974391 0.0550831026663855
-0.20148359023083 0.102520980067239 -0.0157980680044703 -0.0431288847258652
-0.298236007347339 0.00497431320035069 -0.0530098331987408 0.0269760892951216
-0.247673326378597 -0.262801440549132 0.0500700867012036 -0.0369024716796955
0.176324636292299 -0.350422937279119 0.117264657237119 0.075620854638471
0.464222296534827 0.0798575984828202 -0.0306730825072151 0.211074761809061
-0.0154767645453248 0.521545023315893 -0.170014236773666 0.0953612818120589
-0.585979848879804 0.205870625309175 -0.138395420396645 -0.0530085817209925
-0.610220698538117 -0.277066909546915 -0.0336789755909939 -0.0304444894620046
-0.595074264360205 -0.36446674617569 0.0449639217023222 0.0237772076158117
-0.659346409050285 -0.00515937066691593 0.142231321788284 0.0243982398076209
-0.296492608933705 0.509033277626892 0.205333416545326 -0.0754245358224178
0.37013389464767 0.32363823172021 0.0750892621323696 -0.192555721775534
0.358772517405628 -0.256743351792197 -0.0839610724879232 -0.105336308572751
-0.11478006696958 -0.315808833410229 -0.0669588661147213 0.0301246999923434
-0.331907659819669 -0.0755837969486559 0.0242841642795582 0.0400123856952773
-0.260390487334921 0.106129287816625 0.0637167932393504 -0.0799081067123509
-0.2453855317354 0.00928567780578486 0.0333775320969585 0.0187711741574944
-0.180725299678699 -0.192524243718325 0.0689411115501464 -0.0079961804597639
0.155024889465195 -0.230471030492309 0.086796073786316 0.0680319809213131
0.344550541288249 0.130512987364918 -0.0322872308864818 0.145848444060088
-0.0950069114547858 0.455829208617414 -0.155400703647771 0.0986827415935329
-0.58268448556683 0.156384527681496 -0.255120123753236 -0.0462090068787851
-0.588631073329696 -0.2771648171322 -0.237518843830302 -0.139769523070123
-0.570830960623293 -0.347767527693167 -0.187977490140965 -0.11790428006901
-0.609338264154831 0.00039965222883062 -0.0692854478124163 0.00501925649313557
-0.264270857693563 0.465762542660998 0.122262945179108 -0.0100731093815722
0.349790087148272 0.275574248894866 0.0578158568534669 -0.195481942232955
0.327801537958009 -0.284556657052219 -0.152496628328044 -0.101255442684258
-0.142407038996683 -0.341895239171333 -0.0766010098754308 0.100255295475825
-0.361824032268258 -0.0906467840886087 0.0969203420375542 0.0673294226178364
-0.274541990693795 0.0959641899459496 0.170497592992801 -0.111386792804366
-0.167053703629373 0.0129995435317721 0.0812224425993149 -0.00336706276456956
-0.109519779046811 -0.100479117827367 0.0867265689524067 -0.0517908626693352
0.0748641622693337 -0.0923410641261282 0.166122226728429 0.0256635860167812
0.146148500475918 0.0959049374998748 0.0562041705948124 0.190722855398898
-0.112304839249988 0.258239682735848 -0.163088110554583 0.193290315383672
-0.43484508672446 0.0753847853452954 -0.365683889068098 -0.0196920935308192
-0.464100508476671 -0.218644441116298 -0.417672720442242 -0.231630707427178
-0.454521243501834 -0.276878949084961 -0.394574529193381 -0.242244701792262
-0.474663786505442 -0.0157049915875537 -0.254784862994638 -0.0266606382227195
-0.232240025517711 0.330960701455717 0.0149941087231346 0.053850412471021
0.216717735504808 0.222338904457274 0.0344549527258572 -0.129102725999833
0.245245238395681 -0.190294320025475 -0.166949067932609 -0.0599324267725284
-0.0991307215268011 -0.270981218289416 -0.051572726230688 0.178549614560752
-0.297529890995792 -0.0870980974241698 0.184502330762522 0.10881571140127
-0.231998852665833 0.0689587247223534 0.283026320629653 -0.128546351756507
-0.0875378908543438 0.00335639771265344 0.100440799971887 -0.0289873476362646
-0.04668571875357 -0.0417999143312652 0.100299174964633 -0.114588987367213
0.0201627521554319 -0.0120006315491596 0.256626799464643 0.0185950322688864
0.0248187720062757 0.0437548705698724 0.0720582561110453 0.284726611067165
-0.0705498627132228 0.0995557596165145 -0.236905524509569 0.261105670205819
-0.231958319268333 0.0323812236705857 -0.447855493143184 0.00307876820677535
-0.271257573549613 -0.118025725731687 -0.543549279681427 -0.27941314536177
-0.269722513338942 -0.161443480163572 -0.542777246906514 -0.326100226131412
-0.278940485112946 -0.0223925178886427 -0.384427068605385 -0.0730927274724343
-0.161908117781308 0.173884347845477 -0.0745894362841474 0.100022739395201
0.0773829039432701 0.143520128032869 0.0417546129636515 -0.0596274755972027
0.13896889748985 -0.0714866554645035 -0.138668503655491 -0.0604842960781302
-0.0303912163505009 -0.150463051767945 -0.0371925139793538 0.206187799922016
-0.165390397941239 -0.068241304186329 0.242303915075772 0.14959422639996
-0.134682541581314 0.0271084730286047 0.36959740433438 -0.125898532629574
0.0103284167896523 0.0164683003723776 -0.392389379938956 0.0892979765135714
0.012538522731115 0.0184451455912959 -0.220383448347009 -0.188941081492112
0.00480362569507411 0.0218333780086612 0.0317212142938599 -0.185188254275843
-0.0306999960417442 -0.00400593035076569 0.106671381667657 0.077672733302918
-0.000730534276179042 -0.0464807259883996 -0.0441301647350425 0.0326877853866688
0.0489784852901884 -0.0476239493567692 0.127253846864557 -0.0955495135938476
0.0705401659231122 -0.00236649675192259 0.417523338580732 0.141047097930657
0.0500159176964996 0.0211194353622334 0.610105664021322 0.364551162367456
0.033677879787616 0.00390749438270941 0.632179590277745 0.252381581982958
0.0427860162929949 -0.0290538141580722 0.489972887259753 -0.0667235226453103
0.0322367896691788 -0.0309458451598972 0.26053619490416 -0.309734010874374
-0.000195627000149567 -0.0231165137171116 -0.117446170358717 -0.321064111624136
-0.0180292587150411 -0.000651269826483907 -0.296981591088358 0.0246586209078747
-0.0044349658209763 0.0298482743619365 -0.0837935035265443 0.172432775753176
0.0107086324758115 0.0218469610195875 -0.0891096439920125 0.0358295744227947
-0.12611764096078 0.0341785353085399 -0.365399474782712 0.0614830665276075
-0.126664991963788 -0.0625924996121632 -0.179704379773024 -0.205818243392978
0.00221069241302131 -0.111237437724612 0.0770091191845219 -0.175580964070576
0.0950174163149928 -0.031324261609532 0.109913897045156 0.097852030176877
0.0293739994587979 0.0904578054156853 -0.0399080231326367 0.031431377914176
-0.111865698815845 0.0456117400852648 0.139432073334217 -0.0752657015878434
-0.152266706906507 -0.0679834471274975 0.395573795238079 0.159745431038009
-0.183294146231669 -0.115877300753704 0.579022797544773 0.343285524021068
-0.21431869002233 -0.0613787087906354 0.617275999887439 0.184224505275699
-0.127838391413851 0.0404494935542954 0.453061127869259 -0.140568468760661
0.003961934049786 0.0336538120503582 0.164095489740076 -0.34509495208966
0.00660417416658746 -0.00995218882235474 -0.181633149383817 -0.256744261720578
-0.025779881726983 0.00770409398449929 -0.262944162808226 0.0735934048077741
-0.0489545395096487 0.0318078568888905 -0.0607335011084424 0.161962599665822
-0.0527662094106448 0.0560189704356688 -0.080837978904468 0.0238018015862623
-0.237303003465505 0.0314068464241453 -0.281397532619268 0.0385837233309615
-0.234135911269923 -0.162345739580308 -0.0963982196544031 -0.187638591227515
0.0346628428418685 -0.24987018025405 0.138548901416125 -0.132759298310795
0.243314535329826 -0.0334438035930641 0.12301991256294 0.136231068997716
0.0391177201470833 0.246044112032935 -0.0448827244503885 0.0661281234212024
-0.291915393964601 0.122142008132764 0.0924566983627973 -0.0495089918002496
-0.360091688158199 -0.148682739242037 0.307350960471874 0.134735396140083
-0.389654032471141 -0.234595366553406 0.458236994385768 0.269399593010902
-0.44185159266613 -0.0671206973756046 0.518398329245273 0.105218635924656
-0.273019908142665 0.205552063828329 0.358178418697641 -0.186279883344429
0.0496863609736026 0.181122107412566 0.0286105977841627 -0.294316036997099
0.111345249620837 -0.0115736380558977 -0.19717070031941 -0.114343733222159
-0.0192582037691635 -0.0522703892445176 -0.162987056715338 0.0982373118064654
-0.121034161795934 0.005166388377573 -0.0339040312970774 0.111837514464816
-0.123603096681397 0.0854493386132678 -0.060027420499083 -0.00454918391648812
-0.296499473777606 0.0181664505073687 -0.165059721699551 0.0271258587241274
-0.278690496197236 -0.24501479668738 -0.00344289297153072 -0.121156583821089
0.105786488423464 -0.356855849045647 0.168838978436175 -0.027275099118293
0.400470218426974 -0.00566461789164989 0.0786519424715071 0.205967605221524
0.0395929252729147 0.409498766290184 -0.104205039524083 0.108813127399504
-0.460710524318743 0.187821770378223 -0.0120424970871659 -0.0417487895083777
-0.522654970830545 -0.221384061457123 0.157803112122868 0.066598496539345
-0.535654353919096 -0.314308676557262 0.270313599891179 0.155705135398013
-0.599886789818828 -0.0282895758290019 0.350004293107817 0.0484820660698734
-0.317964646312884 0.410570731953909 0.265282009191039 -0.147495173877377
0.227782895345822 0.311774641562192 0.0208455086717988 -0.195103837534174
0.278328161680256 -0.118566153166396 -0.102137758937966 -0.0511458985449837
-0.0488567018485148 -0.191386695352971 -0.0706066827672116 0.0520083550196156
-0.228742827019626 -0.038607932807066 -0.012366782176216 0.0564175781271243
-0.1982608704801 0.102613211326921 -0.0155506611595955 -0.0402621794026353
-0.293696346274558 0.00890447793961713 -0.0502835683904725 0.0244159783863498
-0.247447198972566 -0.256917446091267 0.0533984154104319 -0.0367441672711575
0.170559263069447 -0.352549154641912 0.120288840316797 0.0772259560212304
0.462907247519464 0.070252144339392 -0.0289761260794914 0.213489860110482
-0.00519630601519389 0.51820824377853 -0.17086835313983 0.0971707309219725
-0.57881969202183 0.216851547133303 -0.138595374863582 -0.0516443864313666
-0.610964218985919 -0.262270191995482 -0.0338657927327298 -0.0309738229234599
-0.600239598745141 -0.35163780376074 0.0456497039812225 0.0233591211223716
-0.655431053801597 0.00948118264251309 0.14218451062217 0.0243580093590122
-0.283914166603801 0.51347332922791 0.207482665587113 -0.0759551183981115
0.375011614895608 0.314537283066513 0.0759005718941076 -0.195191331494229
0.355129890328566 -0.264293429045046 -0.0854943266623044 -0.107379284065609
-0.115877719960852 -0.312447316577166 -0.0693658839084028 0.0295530744339197
-0.329285721688587 -0.0720861695564217 0.0222935108093206 0.0410913697567284
-0.257744555420929 0.107542659172056 0.0626284809684853 -0.0770532982862539
-0.241409139432923 0.0124561919269703 0.0344411876698751 0.0152662067969656
-0.178150583626295 -0.1892239067837 0.0709141247662383 -0.00877323576302217
0.153441215057885 -0.231559443308613 0.0882849280964312 0.0694819434906939
0.344239965983326 0.125531355310363 -0.0327058517232833 0.147135285804
-0.0879792386401697 0.455142770532757 -0.15653236002473 0.0993223866227656
-0.577089115901827 0.167117618964504 -0.254506304007447 -0.0443034713028222
-0.589064725128867 -0.264785598124943 -0.238036005278713 -0.136511249837009
-0.571575336572189 -0.337070604854588 -0.187183028420586 -0.112424572853162
-0.606025134577718 0.0119341346735137 -0.0686169673989585 0.00844477959289922
-0.251246973019827 0.468232804278518 0.124577250279185 -0.00929690123801236
0.353032124946756 0.266340531145264 0.0568040794614022 -0.196816927589052
0.320401383941681 -0.292472850587988 -0.154238335410707 -0.100251751380271
-0.147740048179935 -0.339052175243816 -0.0785904613888204 0.100321385797899
-0.360522006087431 -0.0832903699423916 0.0937019295385552 0.0670129674803825
-0.271451426244246 0.098851117839421 0.167909149007988 -0.108358194195342
-0.163035234982181 0.0145897274038613 0.0811400530870085 -0.00664089370541147
-0.105405184128923 -0.0980831955134396 0.0845550769244806 -0.0537456521076346
0.0753005245574691 -0.0914240502145345 0.167909887884877 0.023182438598262
0.145736033043934 0.0953486704284443 0.0587715899780083 0.189166828629073
-0.111683479597325 0.257824326124093 -0.160541490061258 0.193987531778878
-0.433488231468141 0.0829623176778388 -0.363832279768972 -0.0162112697804969
-0.46443336121466 -0.209575610242079 -0.417595798500491 -0.22424810455141
-0.455825706189077 -0.265964725142161 -0.395123448398912 -0.231290751685908
-0.471968877345734 -0.00687829404319664 -0.253128696020452 -0.0205624987653561
-0.222057872118122 0.334145148886803 0.0168458292345512 0.0578812534835514
0.219577153040125 0.21560000298163 0.0350993489141756 -0.128152498088417
0.237888632395087 -0.197537354462817 -0.165661938243967 -0.0581147227738449
-0.105725586400795 -0.267861597219222 -0.0492031865211499 0.177883884123638
-0.297243616157969 -0.0807802013533974 0.182245205753937 0.106544930854105
-0.228664994963736 0.0720804620540555 0.279122645293156 -0.127539100839561
-0.0843797216521335 0.00400401473456768 0.0978777604091145 -0.0317949336454681
-0.043559807315563 -0.0406041871032086 0.0962177564012477 -0.117137905331336
0.0215366442847661 -0.0113480132231459 0.257595901599993 0.0124677803544722
0.023330093145235 0.0456138961729798 0.0778934357375153 0.283836688913155
-0.0710975240816063 0.0992971516020085 -0.232442029572101 0.264682689399693
-0.230366816525351 0.0345354504575623 -0.446340354363438 0.00855218087013754
-0.270920813054577 -0.111975727094658 -0.546594216064167 -0.268645657478476
-0.270846553909255 -0.155378005396009 -0.543445213539515 -0.31347501067568
-0.277142437008614 -0.0174073021839261 -0.383604877213869 -0.0636409900557252
-0.156659889227274 0.175975974830142 -0.0717447523851621 0.104910414906011
0.0782613016541805 0.140426863248654 0.0445840666993301 -0.0567623223509876
0.135209203580585 -0.0749255477921113 -0.136334569842879 -0.0582607502926339
-0.0341418591032912 -0.149287744337415 -0.0329168300934923 0.20356802665571
-0.164919224600624 -0.0645664727714198 0.241497232739827 0.143884747830963
-0.132607167107267 0.0289855424889037 0.366248003655744 -0.125121834252103
0.00966372038072084 0.0162939871455613 -0.395263825289292 0.0910877543562113
0.012484562237303 0.0188285951664006 -0.226205873611965 -0.18845095012622
0.00549872250999356 0.0219944795266442 0.0278821363187803 -0.184490478791001
-0.0306176705866056 -0.00303308966738548 0.106178320579289 0.0765120781739298
-0.000794300911435833 -0.0452547565038366 -0.0481786744432769 0.0299217862859469
0.0472128704034441 -0.0476566364769645 0.127930504461678 -0.10418693835055
0.0708787057243349 -0.00452731443265283 0.426227862948768 0.133610016458765
0.0508716623150642 0.0218942583613887 0.622420633571382 0.356170310317661
0.0346324984125659 0.00474341899758679 0.645093728621247 0.248090501746559
0.0423019116884932 -0.0293941584215508 0.498895185925723 -0.0721613342880294
0.0346615559188803 -0.033322314265917 0.261947895934376 -0.323234003059528
0.000332515372483717 -0.02440943478679 -0.127463678120146 -0.326923248797148
-0.0193816178526542 0.000479461297022944 -0.303059400611181 0.0297855653795549
-0.00380157427457467 0.0297204519446171 -0.080005633022625 0.17898941800352
0.0108562542444863 0.022081098420058 -0.0883801002725149 0.0374960561407045
-0.127523589226576 0.0358930326721079 -0.366920709802368 0.0622324081511347
-0.130010659585174 -0.060737079984232 -0.183162485398604 -0.205646959898694
-0.000679558127410293 -0.11326626711312 0.0737398253251813 -0.176362589292748
0.0948173387224036 -0.0338386904943839 0.109959826747583 0.0967034482485847
0.0316908252853403 0.0913281188373044 -0.0419287356706684 0.0276824251502593
-0.112340495992749 0.0494161008475169 0.140921639393788 -0.083174029102628
-0.155422770745187 -0.0664393581404212 0.405796120567892 0.153986067469394
-0.187460348408848 -0.112349704397165 0.590314108284743 0.335996634914069
-0.21899036528987 -0.0564911296760374 0.629310191807201 0.178932977400055
-0.13073305644628 0.0432746968523049 0.462279848963432 -0.147707396474436
0.00288280241801321 0.034013878713634 0.16444836078257 -0.355499763951447
0.00534539152698148 -0.00970667323238897 -0.190335836956801 -0.260064491099852
-0.0260045555957882 0.00942511427599966 -0.267467646110049 0.0795911088117863
-0.0469529167952117 0.0319193608636455 -0.0564794062764222 0.168454856876977
-0.0517553652791501 0.0566430205586762 -0.0790718532508614 0.0260831418204979
-0.239654461682448 0.0349767775500538 -0.282994155907774 0.0379232960731554
-0.241109324238173 -0.159331886498132 -0.0988915404402084 -0.18958107649631
0.0304393887740727 -0.255005301033814 0.137607244311008 -0.135176508695597
0.244513000449154 -0.0391034434387562 0.124633543654254 0.134828821380043
0.0458114752183717 0.246696663042924 -0.0459769014366511 0.0645098691532358
-0.292021785131682 0.130265124987501 0.0953795185715269 -0.0546258664902707
-0.36671688199449 -0.143590414150867 0.313678265291416 0.130253889961381
-0.397950593661667 -0.229424364907761 0.467235491949906 0.263602403875244
-0.449662258721606 -0.0582531861033637 0.529585036066067 0.0981393797521555
-0.274421743819855 0.214787163012082 0.364516364076586 -0.192399319932929
0.0513843891668357 0.184677987357109 0.0266631405439445 -0.301550580825675
0.113024289259142 -0.0118671211570718 -0.203751340527261 -0.114013580715706
-0.0172053316658722 -0.0513288125474578 -0.164486286736631 0.102625768725934
-0.120203664948019 0.00551218074670863 -0.0315674612751122 0.115921712970488
-0.123180571466363 0.0863259039655581 -0.0597648803169859 -0.00193262970758365
-0.299500566253401 0.0204765907605439 -0.164075581636286 0.0252002821330586
-0.2848340717381 -0.243034987813151 -0.00208007418976583 -0.12319572955352
0.100764875009221 -0.365372390449812 0.172842357657246 -0.0273041830379263
0.405334148924582 -0.0145632521566499 0.0820424442982366 0.208363926287969
0.0496101467594219 0.412024092213272 -0.105173076789272 0.110818379618649
-0.461725892740599 0.200199418717908 -0.0113501960252309 -0.0439563202237799
-0.531695029436414 -0.213850572543 0.161583898544646 0.0631220401297414
-0.546493601556513 -0.310029497841674 0.276454395114654 0.152805986318387
-0.607095110115186 -0.0166714053406754 0.35526910797205 0.0457788508161769
-0.315085271964428 0.424961433309938 0.270821968251142 -0.151590107348421
0.235332887478466 0.314496540518915 0.0211403933214316 -0.198959220035189
0.28363171683337 -0.125258497342073 -0.104168308599242 -0.0521938879885357
-0.048162385144446 -0.193055469090531 -0.0726530004409647 0.0526496828535616
-0.229036818275458 -0.0381646746598886 -0.0129594181764237 0.0586743202709991
-0.199789845173719 0.104751752670019 -0.0153034708958403 -0.037833986853253
-0.296224649373482 0.0129555654363292 -0.0476909237439958 0.0215230694768958
-0.25199668929602 -0.257788407767892 0.0570122393646927 -0.037947986283561
0.168199199972619 -0.361657547081078 0.125039023315649 0.0795723996354994
0.471322871798303 0.0635067249396958 -0.0278918894966759 0.219703890536495
0.00543997373326742 0.524034275689096 -0.175109207492265 0.100131553709768
-0.579881047856326 0.228862129153057 -0.141400492717985 -0.0530546640443275
-0.621901178382187 -0.251946191390343 -0.0343031459470729 -0.0315102861376562
-0.610467832082567 -0.343993457167618 0.0465242242534222 0.0242147447264057
-0.664640876261762 0.02100510669201 0.145149991532737 0.0245960246057674
-0.276696265391725 0.527857603520858 0.213614994888176 -0.0780967106828946
0.386317622220044 0.314095625587935 0.0775228378464082 -0.201107721043045
0.359203313321108 -0.276213490962562 -0.0882192439083263 -0.112158098479421
-0.120910988010026 -0.316987142875297 -0.0731843486350072 0.0287354442690269
-0.332463387614172 -0.0690549802327723 0.0201108829867423 0.0429256199912093
-0.259035344141618 0.111053002022744 0.0621335595188795 -0.0745792917479275
-0.240743230026498 0.0144151612477733 0.0365993124012118 0.0114777473432554
-0.178634316449147 -0.190783471434622 0.0732160027656081 -0.00972629659401867
0.153828243276632 -0.237023384213006 0.0914483333259954 0.072075018780928
0.350353177846855 0.122799344974245 -0.0329223026824958 0.15134280084104
-0.0825298909903467 0.46189902875129 -0.160348952640958 0.101376694824422
-0.582295928661605 0.17921848807805 -0.25850304171519 -0.043475279673388
-0.602546571891716 -0.257170575403185 -0.242120092354635 -0.135258218801279
-0.582181430100709 -0.327468455879491 -0.190423557081953 -0.109568108252674
-0.615386919220572 0.0242419623000038 -0.0690112082274886 0.0121277112757207
-0.243839381418804 0.480058826882495 0.129020433304564 -0.008460059469279
0.364415085437752 0.262959213107639 0.0571764614120557 -0.20104753266078
0.320671754011989 -0.305758863185572 -0.159680002042342 -0.102116726818549
-0.154858367393207 -0.341463084125767 -0.0809435891547971 0.101589748945254
-0.365889106074978 -0.079418378913366 0.0930659218190251 0.0691678041502961
-0.273866281697925 0.102332839142486 0.167930419860303 -0.107461634498476
-0.161106272249956 0.0158245078023562 0.0825871661353409 -0.00915881024351319
-0.102799706473356 -0.098671621844943 0.0846082647907731 -0.0564929267119918
0.0763361480217944 -0.0934900999407277 0.171433573236854 0.0209220236765421
0.147426689745408 0.0975075330232488 0.0620105364852175 0.192843679950536
-0.113081494025735 0.262935358985983 -0.160746248179698 0.19871629807388
-0.437896278263629 0.0897795767234897 -0.369483729621943 -0.0135790961285957
-0.474203665896691 -0.204466657188051 -0.42656015783023 -0.222940254400882
-0.466057729082776 -0.262367226350733 -0.402779249508219 -0.226851637021324
-0.476295435396336 0.00334958446242777 -0.256578119112169 -0.0145407411221268
-0.21661576955918 0.342569900319801 0.0202888042695099 0.0621123649734461
0.225639490381838 0.21359397515462 0.0366299472452965 -0.129152358021432
0.237029920247621 -0.206112905958663 -0.169409141568413 -0.0566509900124282
-0.113749238274162 -0.270705641464039 -0.0479144210040638 0.179126940847638
-0.301962535069345 -0.0773677313300599 0.183826936424159 0.107810686937384
-0.230014718706017 0.0762606829630999 0.282183193626027 -0.12781235411901
-0.0841582738797796 0.00441557791485383 0.0980350895145034 -0.0348434389552067
-0.0412135926176055 -0.0407294672287247 0.0937652897880915 -0.120436615431195
0.0226563621378855 -0.0104690484204586 0.264700649390654 0.00722131117559694
0.0236313258543059 0.0477159328913726 0.0845655303308254 0.290660544610865
-0.0745799108879115 0.101339615311278 -0.233349321583201 0.272487757205875
-0.234182235214496 0.0385789079648956 -0.452559118098022 0.0130520393898413
-0.276687349284677 -0.110447621199658 -0.558851303473536 -0.263798744637585
-0.277149726386204 -0.153770307685641 -0.552086621797535 -0.30509073846403
-0.280288128430821 -0.0124303898370589 -0.38868624813713 -0.0551583295818261
-0.153704509883339 0.180443857577322 -0.0705547553208931 0.113042599911623
0.0815241947214883 0.139850410047538 0.0486831404531986 -0.0542413889592021
0.133964969555356 -0.0790480038453491 -0.136425803302239 -0.0575966872864746
-0.0387321108171664 -0.151754645042045 -0.029405625974512 0.204764577516403
-0.168782878005234 -0.0622145881753379 0.244946047926633 0.143450196064506
-0.133793468952585 0.0312041536545231 0.369525571671182 -0.127245542447212
0.00907840391671925 0.0160067245670264 -0.399357112110138 0.10536682651573
0.0131319045330743 0.0191876015589674 -0.239513777074859 -0.182837442505564
0.00638168591542529 0.02086222780762 0.0201745142770087 -0.186350154261573
-0.0309385589271452 -0.00190442345334853 0.108465117938118 0.073686811401982
-0.00171194241604111 -0.0449958045693126 -0.0522280425049458 0.0280383254883304
0.0454178722913634 -0.0493754913660341 0.125737050378833 -0.116560849157422
0.0714063930866488 -0.00793951378622559 0.444498484772769 0.114089986163383
0.052735952644331 0.0207033104507094 0.649676174978504 0.335428577185847
0.0349301567685765 0.00399009079221698 0.673752722694651 0.225268139890077
0.0404896497859105 -0.0315569078394108 0.513056860382707 -0.0936695872174124
0.035449240323654 -0.0364460607686817 0.256707282565919 -0.347887273801936
-0.00178037235415948 -0.0269059633182633 -0.146486400561937 -0.332544751581428
-0.020555891377096 0.00282621818087488 -0.312222847635539 0.0446647117753264
-0.00306381672313334 0.0303558962188424 -0.0719674382997292 0.189563058982815
0.0115687105794802 0.0222723345581617 -0.0870975777627273 0.0427932139425974
-0.130212603245606 0.0419350027788142 -0.371324560936302 0.0744868088766878
-0.137052187621074 -0.0553190361656957 -0.196420883787537 -0.203911198770701
-0.00653136420362426 -0.1160941681239 0.0669389168479798 -0.179842147180189
0.0949344497608043 -0.0389331791134295 0.113115620088654 0.0929997032873274
0.0372940128847899 0.0930074520732065 -0.0451465173431418 0.0254536419973108
-0.112844914969498 0.0568325002464607 0.141855442633917 -0.096167988452838
-0.162506307043478 -0.0613618298023103 0.423730490633891 0.13796374023211
-0.196860979692654 -0.105037897837204 0.61744373525917 0.316537030681175
-0.228657282494734 -0.0471115523050027 0.652490201838024 0.156021491727234
-0.133818417166435 0.051171375795902 0.471437595570858 -0.172847138443181
0.0035818204180338 0.0344846506828916 0.153794510778373 -0.375237438776561
0.0040799127660841 -0.00993805278578921 -0.21089799650193 -0.261796264379268
-0.0254348942678388 0.0128248820033987 -0.272609803900216 0.0950838259859164
-0.0452253173491447 0.0333520631169789 -0.048425506725897 0.177031768314056
-0.0505981547961163 0.059776051406078 -0.0789759672096528 0.0313322138362491
-0.244249689390081 0.0465218205368661 -0.286296010742401 0.0462653435693796
-0.253568438785616 -0.15171953037459 -0.106822784919233 -0.191598767309715
0.0169274028193347 -0.263859998032094 0.135430080302525 -0.141626016538888
0.247007069398694 -0.0523958886898856 0.131321104928176 0.130822922258124
0.0592153169492451 0.249414698345152 -0.0453023783207825 0.0638958133804068
-0.291728733588339 0.147286238713457 0.0971853037590485 -0.0633620919409382
-0.381080946062934 -0.129945406599373 0.327579483245838 0.117851541061023
-0.416544947439172 -0.214918202181683 0.488430789460222 0.248017666840999
-0.465638198965574 -0.0374833938443962 0.546178833564429 0.0791736486005431
-0.273296965129217 0.235635407057327 0.368930050579373 -0.212453771669497
0.0579240959762 0.189253972904661 0.013590423692 -0.311355655001651
0.114794776768577 -0.01568879335198 -0.215571715606231 -0.109093652681673
-0.0174394818926782 -0.0511655085610572 -0.165947721514788 0.111901147001305
-0.119908630308682 0.00853479401130771 -0.0258080064850235 0.121370145992186
-0.120936976223858 0.0927716514968934 -0.0601391235282628 0.00202109184027451
-0.304893124682046 0.0346271863244625 -0.165503355392957 0.0284385334560306
-0.301248571467046 -0.236377426038749 -0.00402832570960476 -0.12712599122336
0.0863217934102585 -0.380678225420958 0.17746556813983 -0.0328078932831107
0.413246798738977 -0.0351303801161701 0.093053397463919 0.2105119896309
0.070444360547294 0.418068621565121 -0.104680078610095 0.11597629482403
-0.460124015636595 0.226496511499381 -0.0124201470277603 -0.0454615897743203
-0.553416823193059 -0.194101209596509 0.168266285533827 0.0562282273415256
-0.572020678263029 -0.288893338361362 0.289055973020181 0.144790541843024
-0.624483344304885 0.0132372947083295 0.365942166777027 0.0329711331931778
-0.30420798541678 0.450387799915768 0.274740720084161 -0.165783581506281
0.256618398450162 0.314139561731372 0.0163951983555033 -0.206583780657579
0.287140784809136 -0.142233180785674 -0.10892906044269 -0.0523409069963983
-0.0547374592321039 -0.196624112904195 -0.0739578969317529 0.0560940898216149
-0.23398019613387 -0.031224745238638 -0.0115250722756228 0.0618283603384156
-0.198995138806097 0.114465674152986 -0.0177673606525356 -0.035583000307203
-0.299895891958077 0.0254950638234087 -0.0469876975249909 0.0193486983220747
-0.265758448096434 -0.254411095508409 0.0605121173102435 -0.0413764890314283
0.157545231445996 -0.379491731879998 0.134351300518726 0.0807197693188944
0.486232793081143 0.0425873876970757 -0.0202101946552631 0.229101497334883
0.0303357467112559 0.535733275842702 -0.178891171752075 0.108826196361317
-0.582033120205886 0.263341921478198 -0.146692687767096 -0.0501513136920922
-0.646105406176565 -0.233163641660645 -0.0362292823349863 -0.0317015318905599
-0.638637614992665 -0.323213344759794 0.0488855965065807 0.0225023029982975
-0.67909521726799 0.0547659408375435 0.149599358722933 0.0218378850223177
-0.256616058764822 0.554103879561985 0.219164735941198 -0.0880338043580823
0.412833250179719 0.304936681451836 0.0737026119335623 -0.211652911449662
0.356554015259338 -0.302722357617149 -0.0969478126088258 -0.11522227823104
-0.136138772764795 -0.320337449351397 -0.0775879756104937 0.0314477695853318
-0.343069928850627 -0.0588932122559781 0.0195242472038853 0.0451738014692693
-0.260837261576807 0.123975405749456 0.0597698956107484 -0.0752836626516042
-0.242790514876892 0.0246080241492729 0.0387447725189063 0.00755757708205223
-0.185803015087889 -0.188889315588464 0.0770230921145033 -0.0124481551997568
0.14911382899215 -0.250287193641311 0.0976281047651393 0.0732186190253682
0.364741457861699 0.113127834142715 -0.0300542397909511 0.158243600700274
-0.0669612852517675 0.479026440330214 -0.163541876292706 0.109059831480289
-0.586351117137665 0.211331475402333 -0.26617751157075 -0.0369494053208101
-0.627821265950513 -0.235505145953253 -0.25264287039848 -0.12830677721385
-0.610974342036965 -0.30715413483602 -0.198250197503959 -0.101793674151973
-0.62911117391384 0.05482272372182 -0.0703995763921112 0.0185821098859113
-0.224059129705692 0.505328429612456 0.135211354755402 -0.0132845605073717
0.387035465350538 0.250973247245374 0.0516980788383198 -0.21134531024769
0.313794087796547 -0.332120463565691 -0.169549069485486 -0.100392774841495
-0.175660500981322 -0.344198436773738 -0.0814896041906007 0.107854746074341
-0.377524264876963 -0.0668737826947601 0.0956591141353172 0.0702072369724043
-0.27578764541805 0.116515323502188 0.16871434590155 -0.112959942792715
-0.161671911737839 0.0215968219720231 0.0844903577024482 -0.0153501361490427
-0.10519774283542 -0.0981836750666869 0.0842147004251709 -0.0614142457720717
0.0756207364999469 -0.0976227698557285 0.177120724345522 0.0134159008518102
0.153728910520232 0.0960019437497824 0.0715341738529786 0.196393642419911
-0.108413063190082 0.274974413236146 -0.15766802630033 0.209743432564041
-0.446458971435303 0.112680095593032 -0.378861696236941 0.000749034225086322
-0.495709732064761 -0.187759551827998 -0.445999633926178 -0.209633341948518
-0.488867469556375 -0.245225699162256 -0.419095123108463 -0.212749820352585
-0.489688855082854 0.0257800604149786 -0.263930001572618 -0.0012618049423306
-0.203582049848025 0.360116624043692 0.0254154567337122 0.0662186782808743
0.242157637395129 0.206428760770727 0.0348133399337743 -0.132703344072743
0.230458318120892 -0.225842189346712 -0.175352672605541 -0.0506897714273665
-0.130317059527056 -0.272053021629014 -0.0423052947057576 0.185185209421151
-0.313197033946019 -0.0646851050829498 0.191190103893956 0.103963402695291
-0.232895996986508 0.0882005011754658 0.28474025852606 -0.139137751575399
-0.0839795184214598 0.00746409865280241 0.0979808970502475 -0.04119976350966
-0.0403143283219406 -0.0414306493963049 0.0892026809702176 -0.128285161048832
0.023821152758669 -0.0103220839438387 0.272834964301192 -0.00695861011749528
0.0242993912923898 0.0498788188205004 0.101143302260239 0.297457054766982
-0.0757656648269359 0.107267897693771 -0.229307110340169 0.28975350000946
-0.23870102256145 0.0489955339515365 -0.463663419126802 0.0307569117677674
-0.288625306193108 -0.0996194768935546 -0.582275890439401 -0.24765042026861
-0.290429600384421 -0.143751323271602 -0.575598241825265 -0.287678972122984
-0.287094782300352 0.000137319947292537 -0.402260291752841 -0.0366885583758045
-0.146840895407803 0.190960570274921 -0.0668820967187872 0.124163670219999
0.0896395311073596 0.13807279699098 0.0534469405511951 -0.0547867765162983
0.13193721874311 -0.0879133275967061 -0.1397827738951 -0.0534939279682969
-0.0484166823357805 -0.15440501500939 -0.0208208953597003 0.208960653395221
-0.176336115054191 -0.0544472928723054 0.256383014759627 0.136179444266422
-0.135328088497452 0.0373869031392308 0.375081248486786 -0.142067923960293
0.0138718741907849 0.0121550996485478 -0.389066001042059 0.153544638306329
0.0180871737602736 0.017076820245507 -0.264147938755378 -0.1536607302115
0.00939818532717533 0.0204495110737651 -0.00409974937936554 -0.184760977811647
-0.031608180958929 0.00280989544947162 0.114300261646922 0.0604127381785643
-0.00609452937506551 -0.0430520191266037 -0.0538495213794275 0.0307768410238216
0.0396164040715432 -0.0516105111693806 0.112049194683967 -0.136360026197093
0.0676609499697004 -0.0159074552659307 0.4568560682641 0.0592357488141903
0.0551923901493058 0.0155182906998856 0.687770033469276 0.254998391254661
0.0364483014870534 0.00158999213351487 0.703995566647582 0.153716195279358
0.0376434385165088 -0.0337691507590743 0.509821801314308 -0.151372617308061
0.0328735296603789 -0.0420553704031271 0.224284824065548 -0.38208621539244
-0.0065512254079359 -0.0295914329038503 -0.186483656166419 -0.322919557529304
-0.0220642184270961 0.00846753501142407 -0.312666837931727 0.0820066083136338
0.00012348732194642 0.0309782032773301 -0.0475600934303293 0.200678907537834
0.0136508699656289 0.0222187392493 -0.0811315332287293 0.0536389189790969
-0.120367552784735 0.0556499044583506 -0.364706441180026 0.12029928698721
-0.13951242927092 -0.0371273114267108 -0.224594890428561 -0.182232104806972
-0.0214214367592009 -0.114175369645342 0.0434227157987454 -0.186255089228275
0.0878064103180045 -0.0494642526840519 0.121913184759557 0.0783775630488987
0.0495251409783815 0.0868540843061648 -0.0460696608544787 0.0271038751632734
-0.104003475541947 0.0723780503870803 0.129877099401214 -0.117683288511846
-0.16985169960609 -0.040327947252313 0.439212276486656 0.0853763457381699
-0.208584938461651 -0.079709192545041 0.652145586602268 0.242117326710927
-0.23223659284751 -0.0206719517935119 0.675783621017667 0.088801290219011
-0.128899829835858 0.0659864287115906 0.460226147708932 -0.223081239249501
0.00573133889765077 0.0326319798906957 0.116198009575787 -0.399111084451902
0.000692029867063066 -0.0107099011534977 -0.242597491811223 -0.242297758515093
-0.0232175416872174 0.0188001129152166 -0.266990720072285 0.128477435165027
-0.0389225596127413 0.0382367809950343 -0.0256935381976286 0.185439804746812
-0.0418240876985053 0.0645219832653675 -0.0746430403735604 0.041606430796928
-0.233940365628353 0.0738015783238386 -0.282447938141497 0.0774245947965228
-0.267833232432524 -0.118169633374264 -0.13194466521129 -0.183031412994915
-0.0161117414091251 -0.263526473616178 0.11870006971723 -0.159517802029188
0.236776847587559 -0.0831071451102795 0.145952363064025 0.114381140100434
0.0883408687316987 0.239154216187378 -0.0404427342397315 0.0667842410016163
-0.269343352448658 0.182440162910188 0.0889841643326785 -0.0786287412132678
-0.393823116656014 -0.0840230271325341 0.341328527289016 0.0778717418638704
-0.441907277535498 -0.161754500653345 0.517232078060596 0.190431986871584
-0.46822919767489 0.0158848660615693 0.557868720416042 0.0246556860838277
-0.247959144363554 0.264659343568869 0.351426511536423 -0.25088448304499
0.0767518138193648 0.182083707882344 -0.0169555320354022 -0.317012282007869
0.111643060336996 -0.0264543812473131 -0.230317986933372 -0.0874824727598624
-0.0202487150993186 -0.0471068889376775 -0.155875328850144 0.133732431153723
-0.114416181655472 0.0213147504938516 -0.0121830516052184 0.126185972848104
-0.107772342786211 0.103061732055751 -0.0600089330252321 0.0115218006756248
-0.295784963294561 0.0695592327924612 -0.16323979286987 0.0430263958767638
-0.326653495117948 -0.197009225681266 -0.0182933920077615 -0.132279659401911
0.0361877668737432 -0.388469840508729 0.178663877358412 -0.0560134517495697
0.403653205056243 -0.0880194932606871 0.120248276687771 0.201420194015286
0.121638201181758 0.401992731108799 -0.0928181774023557 0.128986362092911
-0.427023376176576 0.279772430317601 -0.0193312246742428 -0.0472910412620962
-0.571444878675801 -0.124206098240395 0.17540480535964 0.0359698609764575
-0.603638623820533 -0.216462136563895 0.307008002997538 0.111396628605405
-0.620627215655682 0.0848442494388741 0.372226541540893 -0.00206806339609706
-0.252093753410969 0.485816624237952 0.261700915019924 -0.193608459453606
0.289335939931354 0.284859923653537 -0.00136559818581957 -0.210946908948347
0.270370415241367 -0.172542244024619 -0.113368443362007 -0.0448211340511624
-0.0742206796139421 -0.188936797419949 -0.0710587942986369 0.062940033787625
-0.233501196524918 -0.00432964817694885 -0.0070325744827061 0.0643183195232105
-0.18233190099613 0.133221421297842 -0.0212487379955049 -0.0295906553297392
-0.293340852934511 0.0594099291636539 -0.0449321644778182 0.0203736027962451
-0.293403170159658 -0.220496776430849 0.0585294837780886 -0.0531639323390522
0.10866497014909 -0.39704848988563 0.150987769232086 0.0647157924336288
0.486731922895832 -0.0193370890262471 0.0089315879287887 0.238988830863763
0.0938409937201742 0.526223846981461 -0.171235309446516 0.133502535676417
-0.542215871388979 0.330635683935847 -0.155229922726717 -0.0357359177498584
-0.666299289645476 -0.155488661244724 -0.0377598837189613 -0.0296173651741037
-0.677954615760539 -0.24197431540621 0.0524795798699508 0.0184242069025693
-0.669496674494715 0.132397548027004 0.154193243767247 0.00985262892684534
-0.193184034186533 0.581408782454711 0.216001782551573 -0.110322504098935
0.444635799315624 0.254908057797141 0.0564050540932633 -0.225963762390889
0.320085070856397 -0.344247208278718 -0.111184534117609 -0.112343904012604
-0.171698249170725 -0.303446620383329 -0.0804552462468608 0.0376803095978747
-0.344839324830616 -0.0180532568631014 0.019622546195178 0.0450934654202965
-0.242804256674415 0.149444316118908 0.0509653537942904 -0.0764930168892062
-0.236401940188536 0.0515360199700587 0.039558936419322 -0.0013491966893987
-0.203706212233448 -0.166308752394867 0.076943661483765 -0.0243263207759785
0.118585212034836 -0.266292119851333 0.110870831447547 0.0624628833427101
0.375187385470263 0.0683437283602422 -0.0113552756845657 0.167762628165425
-0.0109078836034528 0.482918977569261 -0.155779985729177 0.129368477747132
-0.556925617138498 0.279317358936234 -0.274794107634759 -0.00872086156716898
-0.647069237768875 -0.159565117033554 -0.265088647911707 -0.100602659743435
-0.648630551327845 -0.231261465687864 -0.210220974207202 -0.0778527745795937
-0.619674468648734 0.12757417829854 -0.0677583420395253 0.0299029689108029
-0.166738856771976 0.526442435651775 0.139153192980499 -0.0254206149610735
0.412442876106945 0.20452974090879 0.0332757641492078 -0.221152857950251
0.271046549785629 -0.367585763622892 -0.183251305109199 -0.0863935813939336
-0.215663390290046 -0.321053870256887 -0.0750752804555552 0.115748495742592
-0.381606898082291 -0.0195044905110376 0.0979446470291737 0.0621950487368446
-0.25853733154391 0.143867564563878 0.155641225819576 -0.12540346376349
-0.156750883032846 0.0394290558475246 0.0813741885974973 -0.02879684301243
-0.112000204683768 -0.0853364448427128 0.076175524192324 -0.073392939652552
0.0637269552303891 -0.103692430599176 0.182307729960561 -0.0112141221025384
0.162841449522945 0.0802963602927071 0.0968646208212106 0.190417077450953
-0.0791498534799346 0.284821791631231 -0.135957323504069 0.229725243285788
-0.428758072203813 0.164395660412249 -0.380459372476099 0.0421581942873054
-0.512357552891925 -0.129588893089551 -0.468105476072431 -0.160026581336236
-0.516339167801256 -0.184319637513775 -0.443920243048366 -0.161921460816604
-0.482403804264612 0.0812654335637303 -0.264688545208106 0.0316836581796362
-0.161481247024835 0.380255125096418 0.0360101679894031 0.0677845401400559
0.26307225652047 0.175373987564851 0.0259528047576183 -0.137105292919788
0.200195962486639 -0.250411718020884 -0.180492861513968 -0.0344373461839476
-0.16339388732897 -0.252370173121932 -0.0239273779783643 0.189511094419842
-0.317099567270564 -0.0248216549769357 0.200205334319436 0.0848462804197173
-0.218826988475032 0.111656785926537 0.269839975115479 -0.165445184900131
-0.0811719398144949 0.0160969067214929 0.0914982458356334 -0.0565667903843437
-0.0423934994810227 -0.0356518384670064 0.0718540421881212 -0.141558820922519
0.0227233613997062 -0.0104851811904972 0.276187552477966 -0.045084570651412
0.0265674836790231 0.0485580993415338 0.139913991918035 0.288534070205729
-0.0667250504742454 0.114711963281218 -0.196128451078977 0.319420405279723
-0.232435926258983 0.0741404051217014 -0.46170070265599 0.0831144806780646
-0.296756406108663 -0.0678845843679599 -0.608892273317765 -0.18231860698271
-0.307048143105611 -0.107903060296306 -0.608708419688707 -0.219307197412331
-0.285140865014701 0.032569112888903 -0.408327049698113 0.0107855628659116
-0.124948389926085 0.205101662085408 -0.0516760648283504 0.136999576581458
0.103375830649229 0.126121624446945 0.0537946755670263 -0.0583073385893572
0.117991381332762 -0.103267477996169 -0.143361935975759 -0.0400460176656893
-0.0674145902345905 -0.14534136326166 0.00314411935256379 0.209003689430378
-0.180036051672761 -0.0304682881185026 0.27010625826529 0.108798988064013
-0.12859675959565 0.0499305112418342 0.361343837070479 -0.181213470862122
0.0138484544519264 0.0115422280478307 -0.36999161304597 0.168459339489077
0.0191856211888279 0.015102611051366 -0.266976819696042 -0.134176727177283
0.0106056367154277 0.0181432780119901 -0.0146359681762404 -0.175648478317287
-0.0301644143134199 0.00488123754932417 0.110974964955051 0.0525853835579077
-0.00699645575010681 -0.0412278820061776 -0.0560918634725484 0.0296654412789857
0.0356722879041726 -0.051521522408445 0.100451257592617 -0.144542433302511
0.0632006578260097 -0.0189133071559006 0.448902315176507 0.0283353706155437
0.0547019742797655 0.0121840252716757 0.681028442921908 0.20382024766945
0.0366169754210372 0.000310090503644438 0.691589077328529 0.106925685998683
0.0343060248849616 -0.0345056762129198 0.491663549533658 -0.17730471778832
0.0298259483967345 -0.0449281965494363 0.195576801585335 -0.389946483714399
-0.00996584428071414 -0.0300541724016353 -0.204380524681042 -0.305645844058582
-0.0218145497786729 0.0103997316727069 -0.303721471270552 0.100874737752737
0.00154527436612775 0.0303515869337984 -0.0311762427708405 0.199972213726601
0.0146310880550938 0.0214673081149136 -0.074258985078722 0.0577120962255044
-0.113988097109303 0.0614866020350938 -0.349289912693453 0.132711981488057
-0.138196091938054 -0.02748925858577 -0.22938844624464 -0.163650357931333
-0.0291376310088343 -0.110600251889905 0.0315455379003356 -0.180138385198211
0.0824079603908833 -0.0543437855063646 0.119701962887724 0.0694156001338756
0.0542587379970238 0.0814053032617575 -0.0472250008855641 0.0250421013814228
-0.0963766194634673 0.0778725126782681 0.120571670525013 -0.127467437376591
-0.167478551705512 -0.0293303757945115 0.43314042419834 0.0560216697779099
-0.206694648716001 -0.0639007733828895 0.64685267047548 0.193366317901765
-0.226767563276898 -0.00422629752430569 0.661087534416705 0.0450844757069465
-0.122649903935899 0.0734590123437035 0.435536591109922 -0.243536143509452
0.00599469801775817 0.0313816477553757 0.0908070671730522 -0.397493742414713
-0.00117362947758423 -0.0088100229143356 -0.253792653803935 -0.22251941096993
-0.020246553519772 0.0209821854499139 -0.2548279007882 0.14446093620819
-0.0344414613223223 0.038812673337123 -0.0111404243006368 0.183970428369738
-0.0364245299031579 0.064043356207348 -0.0688945217466216 0.0462762467331089
-0.221940285093044 0.0858332207030623 -0.271154301542459 0.0871802759575258
-0.267586820107475 -0.0988407369025018 -0.139019524728126 -0.171987630027426
-0.0338599206399888 -0.256244747621525 0.108112982947552 -0.160067440143365
0.224726433169029 -0.0955086737986032 0.146114108715787 0.102821583649015
0.10166940363568 0.225790032885358 -0.0382400092326547 0.064223653014434
-0.249856111051466 0.194608560465841 0.0837888665675189 -0.0860687452149917
-0.388290040084116 -0.0571088114642332 0.339115357547299 0.0541260278939628
-0.43755401611979 -0.129552477469088 0.514606988330162 0.154224791698036
-0.452768257248029 0.0454093485843359 0.543228884277865 -0.00835031131710432
-0.225658163190876 0.274656192191064 0.329962844478318 -0.265192833669006
0.0837915121189115 0.174977055403141 -0.0346000830809837 -0.308470143204063
0.108245443931382 -0.0309307225263779 -0.231237535388702 -0.0716491948206786
-0.019026802136829 -0.0448277252921518 -0.144852808007252 0.14063432495869
-0.108575020096247 0.0263093354606037 -0.00235220632661332 0.124285822561132
-0.0982141621091168 0.10489959914016 -0.0563813193721161 0.0162054414296561
-0.282857380385453 0.0845690541792496 -0.156003140471655 0.0466866231823833
-0.328329046994949 -0.173772214670858 -0.0230458816693383 -0.129455352494237
0.0113290719891523 -0.383076727051326 0.175074917566323 -0.0631757742141823
0.387842420398684 -0.109930792756983 0.128717725360477 0.190898510561043
0.142263146273576 0.38271880242137 -0.0852480398962929 0.129796005942208
-0.396454702245241 0.298250644561415 -0.02162240592036 -0.0476512075752069
-0.562717964758106 -0.0891025892147089 0.173095692643842 0.0232342348544475
-0.598915400780333 -0.175254836413645 0.304794487661263 0.0904133287006122
-0.59683941926233 0.122025473756119 0.362280979612519 -0.022527440982584
-0.21360917299423 0.490951853908186 0.247386984123161 -0.203337880773961
0.300335993033334 0.261017132918914 -0.0110988123025847 -0.206741034082787
0.25492757678812 -0.185003050536059 -0.113860339398639 -0.0395592908404458
-0.0800125324820546 -0.181845851267299 -0.0670319573868915 0.0647938348263641
-0.225630746876775 0.00715572766268307 -0.00336791669147594 0.064382421831915
-0.168984373247729 0.137743359896194 -0.0225536807575137 -0.0244912435672057
-0.280352645903433 0.0730295364752208 -0.0418830254757083 0.0181117537890573
-0.296205893367362 -0.200154349117007 0.0576766089096066 -0.0562792799634408
0.0814701278190459 -0.395903636097152 0.154794448679719 0.0576859860287566
0.474429958606165 -0.0469790614570515 0.0226391408036831 0.236285335672418
0.123425032054828 0.506897456307958 -0.162721065097974 0.140606603042059
-0.50794001445604 0.354785487374588 -0.15413567191928 -0.0285017422394412
-0.658783032350344 -0.108864124284578 -0.0376595647207111 -0.0273950831485105
-0.672706733287189 -0.195117308282849 0.05272414865764 0.0154527062498203
-0.64302409692617 0.170420426793502 0.151487115184732 0.00211797578045179
-0.148897224647684 0.578204386997607 0.206948637085595 -0.119725582775678
0.451672935200156 0.220620534538154 0.0439819394751385 -0.225169215356026
0.291479200672726 -0.355313661437854 -0.115468801843023 -0.105984343248142
-0.184003382827558 -0.287666553080677 -0.079759699729914 0.0414075686519722
-0.33521551376097 0.00182427709843862 0.0196284274637894 0.0449441458209542
-0.227594432175857 0.157304760863047 0.0459107272282292 -0.0735346204517976
-0.223950452638154 0.0607000193503109 0.0387692031803587 -0.00620112736570084
-0.20459992572694 -0.153172040827535 0.0762759757302521 -0.0280928559022351
0.10108874016314 -0.265693141754415 0.112719361154047 0.0569694011299579
0.370126428644042 0.0467980264928809 -0.003519495934997 0.16748570543484
0.0164006652629011 0.470990599032271 -0.148215320201779 0.134766186102542
-0.523009056108916 0.305451126691409 -0.268388777521481 0.005637754930537
-0.639516025991481 -0.117394182351686 -0.262304125460635 -0.0841592881516801
-0.641851343088115 -0.185024496016088 -0.207174765010867 -0.0621778896387503
-0.591678542230901 0.162882361026484 -0.0630967607422075 0.0352138531224877
-0.125767899789787 0.522600757550103 0.13721925838098 -0.0326595968018512
0.414810296740124 0.169993160430015 0.0202690829369688 -0.218960780824042
0.239558282231667 -0.376970828019298 -0.185429340302527 -0.0750167808330981
-0.2307567455546 -0.300075684842791 -0.0699969968228095 0.117513567483544
-0.371709957519284 0.0033604998641219 0.0969261143471159 0.0579509013909839
-0.243758773467525 0.154330297872542 0.145213929179746 -0.127449537994444
-0.147942474511727 0.0455432726128678 0.0772443372031094 -0.0350041232776076
-0.109906691125243 -0.0792893612417742 0.0696710186468289 -0.0761925281628505
0.0582267692117926 -0.102181181108463 0.177744395922521 -0.0214816591371004
0.161962102119749 0.0720874814931026 0.106062719690023 0.182351823648236
-0.0635809423616611 0.283140197761862 -0.120684201585306 0.231294250075739
-0.408662122791356 0.184506246055546 -0.37038005511686 0.0615314796100987
-0.505137234646764 -0.0957703112896859 -0.464106015158831 -0.129626572207516
-0.51505595745324 -0.148063691594334 -0.438498462163255 -0.130939618750479
-0.462409044349487 0.108470751879983 -0.25586347847179 0.0498121727878096
-0.131891786709028 0.378133739465023 0.0412109625222648 0.0663293065083024
0.266399585526094 0.153441065513107 0.0202952667540662 -0.134467930882126
0.17549574881877 -0.257596783378006 -0.177373798021065 -0.0236487511630437
-0.176498824682706 -0.23516504154604 -0.0130628657347057 0.184898297661176
-0.310693782325715 -0.00408916799793241 0.198474872122341 0.0725339879761326
-0.20585231595723 0.121080946977779 0.254929547337486 -0.173450519961547
-0.0772951334344844 0.0187820348660722 0.0838230832722595 -0.0610351712954766
-0.040274779702927 -0.0347825584382427 0.0603973812065676 -0.142109435364518
0.0226710391883726 -0.0102629873837841 0.266804257023502 -0.0627056170253058
0.0279281321634957 0.0486960307529854 0.154930843855688 0.278369034245917
-0.0612135686076952 0.116221433325583 -0.176267279300436 0.324321981638258
-0.222182442044254 0.0854728669154789 -0.447687162891786 0.106365558642962
-0.293212392878743 -0.0481787016246205 -0.602036558440382 -0.142552215845085
-0.30601790428035 -0.0869319627105012 -0.599016011116798 -0.17704338326089
-0.274714930139523 0.0483887499308896 -0.397019859046186 0.0392562822591805
-0.107107067148378 0.204948834236274 -0.0404249900545023 0.14080734872627
0.108559227564133 0.115632086327545 0.0546162351532189 -0.0584263821110247
0.106536346058395 -0.107828469551388 -0.139048828151028 -0.0305219379992044
-0.0770298903071438 -0.13647879933057 0.0159754231042338 0.200806233447894
-0.176366329027803 -0.017096810437175 0.269171472195057 0.0909994515256615
-0.122314383466464 0.0554732938197796 0.343530126158391 -0.194944639824723
0.0128609023806551 0.0105733467823667 -0.356073269092841 0.167274950086345
0.0189713166215608 0.0137995100024882 -0.261090917926576 -0.123540423438334
0.00960185504441161 0.0176160085700135 -0.017290638923285 -0.165916583658692
-0.0286819803053061 0.00555151398879803 0.104380591914616 0.0489637231287319
-0.00638278217174071 -0.0385571779907166 -0.0580847657058751 0.026789099002939
0.0322536540786385 -0.0485589945115114 0.092877586712834 -0.14695587086947
0.0601954605153562 -0.0199515309568303 0.434931923413726 0.0138996632193869
0.0527546945375248 0.0110544515497246 0.659428150543344 0.180165797237836
0.0345061859777192 6.61000338184267E-05 0.66709858206069 0.0868468632816175
0.0320889948069569 -0.0328810059162666 0.473609829951086 -0.182793757441292
0.0284716202095422 -0.0455874295799004 0.181161390821021 -0.384428808278098
-0.0111573160771175 -0.0299944034683803 -0.206010054138976 -0.291771629092417
-0.0206629240481451 0.0118581987047179 -0.293660998425013 0.106541830028551
0.00110381323157252 0.0293171195777363 -0.0225502375220552 0.195822748479946
0.0146451664648363 0.020618419698146 -0.0688524737174221 0.0588350540068331
-0.109796551239696 0.062674591022249 -0.333927140781139 0.13210455913436
-0.133854185139748 -0.0233750707802418 -0.225783407367536 -0.154259540186863
-0.032863855628728 -0.106325680886034 0.027007127442181 -0.172099442663452
0.0783964780858981 -0.0545615945788702 0.112667898834763 0.0634335575021905
0.0552984269954397 0.0779333009003176 -0.04967430831225 0.0221344410272448
-0.0904938773685253 0.0793644395439566 0.113799024926584 -0.131118581760454
-0.16398671472443 -0.0235509136716825 0.420670345393691 0.0414141201951577
-0.201173950058936 -0.0559039969750892 0.627632397412225 0.17339094888064
-0.218318082850018 0.00337478435727369 0.636550432198627 0.0291788046321255
-0.117055836748335 0.0751671943041065 0.419463057343358 -0.247458786772504
0.00477164333782722 0.0302070157455613 0.0775140062075027 -0.390018235748312
-0.00270982185522082 -0.00812239837094868 -0.254215232455258 -0.210208683433423
-0.0178412736862929 0.0216716351119239 -0.244444459423749 0.147993412076648
-0.0313916772602165 0.0371768591476417 -0.00365511203941991 0.178895684448478
-0.0336180991653102 0.0608207715719952 -0.062962681105621 0.0467648347668454
-0.2129232301997 0.0869918038921711 -0.259769314311206 0.0859456880360052
-0.260551025539268 -0.0894899398195095 -0.137335784050624 -0.164392093061075
-0.0411643083458407 -0.247159006024376 0.101029872212383 -0.15592497016676
0.214194756005845 -0.0987628517352088 0.140782683033542 0.0948852096602713
0.103283735647707 0.215599312516006 -0.0382313825437093 0.0596338873790641
-0.234693008702986 0.194619438528349 0.0799183437144113 -0.0889617812806643
-0.37596009066266 -0.046224684753417 0.328094564508954 0.0435214359222211
-0.424251196659511 -0.113560023509858 0.497330853047132 0.136847253369047
-0.435005305359669 0.0576818538902824 0.523556590043024 -0.0208748285742298
-0.210880674800399 0.272123284100195 0.315150070483477 -0.26288794425379
0.0838274337927901 0.168979450502883 -0.0411313043131088 -0.297596751610974
0.104344697845767 -0.030847195229722 -0.226554695582786 -0.0645224638937915
-0.0166384478107254 -0.0422174984794397 -0.137816650145229 0.141329557934625
-0.101523926481965 0.0256722760480886 0.00170544346591794 0.121183305701772
-0.0911374426488984 0.100711244474521 -0.0523796373274026 0.0186595401532571
-0.270905218759109 0.0870104280385285 -0.149483227120284 0.0436325233760031
-0.322357245405893 -0.161812276068008 -0.0222829035365277 -0.127287561666526
-0.00138958513382404 -0.370951423991495 0.170324683814731 -0.065699997098366
0.372280226710642 -0.117214392344532 0.127460429725031 0.183193004292596
0.147236189926986 0.365183427564921 -0.0812018639029201 0.12707310311619
-0.372944082302761 0.298440510962214 -0.0206527967667831 -0.0480657727232182
-0.545310634517098 -0.0701759459737136 0.168567503169101 0.0179276621390758
-0.580393159682144 -0.152439716357298 0.295216334614842 0.0805608880547307
-0.572170817577236 0.1348120970972 0.349862296284329 -0.0281818423940497
-0.193167528879482 0.479729844780985 0.237762604064074 -0.201511696488357
0.296400388781791 0.246085523007055 -0.0129004951852268 -0.199983737112977
0.24278364746406 -0.184666094544392 -0.11038600345999 -0.0389527222314631
-0.0785053733078302 -0.175056543447984 -0.0657402990024844 0.0635646675362062
-0.215529828677802 0.00991082506063957 -0.00290361724535979 0.0630574308600491
-0.159453730722674 0.135463578079686 -0.0202845898694475 -0.0204726133744792
-0.267670251339467 0.0740485038578479 -0.0397126078718181 0.0147246492554333
-0.288419718322502 -0.190073387609894 0.0581661389579538 -0.056658293882228
0.0708484377185893 -0.385215410182708 0.154781624832732 0.0538079336763024
0.458494851469356 -0.0579867592716614 0.0252436514366036 0.232012632998319
0.130697622951431 0.486470181017859 -0.156971186424209 0.139500018664529
-0.47960011544064 0.353322688550044 -0.149641202259462 -0.0258506174912859
-0.639785178863619 -0.0873169285245654 -0.0366019841050216 -0.0265597263957079
-0.6511712918088 -0.171431226385341 0.0513080538828235 0.013748958066879
-0.612202773480591 0.183180933150367 0.146636741388069 0.000712850230448101
-0.125671280027059 0.561605183953824 0.200135751526934 -0.120562251520124
0.441199161120922 0.202437831696236 0.0396851054867628 -0.22090357124051
0.272472832646714 -0.351151793015918 -0.116625797378474 -0.103057225903245
-0.18326727293709 -0.275311426990188 -0.0809746268744558 0.0411597081050355
-0.323208129197251 0.00818326478601606 0.0175157697602894 0.045630862619228
-0.215899236228606 0.156517987283357 0.0435726068925311 -0.0682227207294283
-0.213445711142878 0.0613475980745044 0.0368791424881995 -0.00966061472059433
-0.198046752861902 -0.146605817848536 0.0754408174555006 -0.0286233127731743
0.0937642559963503 -0.259238599482314 0.112252042012459 0.0538140060289963
0.3601808909966 0.0389547455109442 -0.00115621807382569 0.165388575062253
0.0250012618603409 0.456422772839287 -0.143840273744622 0.132989395307631
-0.497655277602316 0.307316829559345 -0.260330186950276 0.00890763117276374
-0.6195298658 -0.097966170942475 -0.255770973514234 -0.0775595416708789
-0.622964850481621 -0.161380984169459 -0.201538823136431 -0.0546957449738061
-0.563132401192625 0.171047612497852 -0.0593555372211148 0.0376065932493139
-0.105401965275746 0.504892271509512 0.13423951430909 -0.034221267789828
0.405226320512161 0.151345934393108 0.0160445367356246 -0.213422451821066
0.219569907376955 -0.371885903912772 -0.182230155282123 -0.0694378932181437
-0.230974418462012 -0.284098208627807 -0.0682314764955008 0.116098711734413
-0.359027406855395 0.0123444882875757 0.092890903203211 0.0562038138365802
-0.230978247229902 0.154523069176349 0.138526152632676 -0.122001474696494
-0.139687831082458 0.0446053382571926 0.0722731019111969 -0.0371236383497043
-0.104154406172924 -0.0771922968123768 0.0654554916752476 -0.0744977414978238
0.0559065769168913 -0.0985318610525006 0.171586277909435 -0.0262744952736729
0.15833387101391 0.0695520146553026 0.10690166651503 0.175771699766778
-0.0583885741793495 0.27675454935586 -0.113693322777752 0.226096671443818
-0.390864844735417 0.187794324100409 -0.357326229640274 0.065719877893504
-0.489690426654344 -0.0805527809240829 -0.449500048499796 -0.117582384576379
-0.499760701763039 -0.129102855774653 -0.424545074551509 -0.115830109019847
-0.440850620391478 0.117630767561844 -0.244632129485205 0.0556200531581244
-0.115869109822974 0.365895893260718 0.0433998924186186 0.0661211890428618
0.261043647819693 0.1392199249016 0.0194928176066953 -0.129629673315395
0.160337783902272 -0.254133401328328 -0.171075102768018 -0.017901570755221
-0.17807077409694 -0.222699662651763 -0.00980816660414596 0.177773140158856
-0.299798904217604 0.00481936341909757 0.192068836165452 0.067868783078373
-0.196155668044394 0.120365730589954 0.244574732153947 -0.169354384443813
-0.0730409630031025 0.0186278949824577 0.0766364103613941 -0.061635003507171
-0.0376015138645661 -0.033903284367967 0.0550996089908106 -0.139741975758926
0.022713233752808 -0.00854804939378753 0.257844722064274 -0.0691697863836514
0.026810212899745 0.0492605529074944 0.159365299658649 0.268393471703287
-0.0592549154794818 0.114202221476361 -0.165713858298535 0.319273337263117
-0.213476624145983 0.0872949057508955 -0.433202827139128 0.111308272866181
-0.283547523936832 -0.0412426747364491 -0.585412636220599 -0.128199226567628
-0.295964084345499 -0.0760339929724224 -0.58230206701193 -0.15704298667704
-0.262547598886197 0.0533202842030919 -0.380398724789215 0.0509325307811692
-0.0977580358892497 0.199177036277346 -0.0344499556107553 0.141429304212545
0.107099157228768 0.107040981514594 0.0566964370018063 -0.055841033739681
0.0981269761325067 -0.106352946542594 -0.131974900520872 -0.0270069908244447
-0.0798026750648212 -0.129734397258613 0.0191643309041401 0.18987892831581
-0.16961852626994 -0.0113724450266211 0.260634249873875 0.0830922869910439
-0.117130523358515 0.0557050500320047 0.32896406426412 -0.192343320508721
0.0115937882727123 0.0106495761549658 -0.349120260086654 0.163500793985008
0.0180550127537018 0.0130612734158541 -0.258883208694296 -0.119121936743204
0.0086622403450189 0.0178384341717272 -0.0170241859366035 -0.159667911992567
-0.0278305582972055 0.00572961005278756 0.0985656308966251 0.0481786411411237
-0.00576304771186114 -0.0369573108839382 -0.0621959846957303 0.0240658265901352
0.0323012951758059 -0.046693890905068 0.0896539583580946 -0.150857334833533
0.0582182241182846 -0.0188555604882782 0.428705468357266 0.00853890785024903
0.0525108714814596 0.0108974433620848 0.648385880114358 0.169375941441457
0.0345552371023541 0.000675740747455043 0.65790464047196 0.0807795713779282
0.0313711452697067 -0.0310937097673717 0.466748833517247 -0.184578537607544
0.0287652644568417 -0.0466692745561782 0.176405839318944 -0.384014315398844
-0.0119601574190591 -0.0296314192172599 -0.208291596447156 -0.288510290726764
-0.0204309635277008 0.0126043734650364 -0.291443827538744 0.110012696907075
0.000688054289146385 0.0290555270533831 -0.0180146828045818 0.193969060163685
0.0146803470079959 0.0203914071238288 -0.0648563670226151 0.0591538504050906
-0.108634093207702 0.0618759675744915 -0.32952722795154 0.127973171841083
-0.132149757577864 -0.02243370251081 -0.22330712643046 -0.149703664604718
-0.0357257847188975 -0.103910542628614 0.0257226153161574 -0.167355068219613
0.076583443280284 -0.0546592858800221 0.107423872043219 0.062083554047977
0.056408434965214 0.0764389446230983 -0.052860910127631 0.0180619179552918
-0.0878260374548408 0.0799603855840141 0.110793532997099 -0.135507564436312
-0.16184318128403 -0.0203420391339563 0.416284950202954 0.0353019337688708
-0.197909882001839 -0.0524708535991693 0.616400649845503 0.164451839451973
-0.214283069150808 0.00706337691181844 0.626928407677186 0.0252466541365941
-0.115593581409286 0.0758740417645387 0.413475267666026 -0.245015440149049
0.00376213308474374 0.0298337858692135 0.0742188710512635 -0.387576475611154
-0.00371490692011059 -0.00686836633676061 -0.25529306083262 -0.206453969385312
-0.0159376914508598 0.0233555682053069 -0.242187062952531 0.149577590178245
-0.0287371262012168 0.0363017188813512 0.000157257159922014 0.176708431861338
-0.0316265576698475 0.0589320527836284 -0.0597285916994097 0.0476752033405395
-0.209841092183378 0.0869910843566765 -0.256340318360993 0.0820079288136773
-0.258393975107166 -0.0876538001050481 -0.136281417450131 -0.162036667057129
-0.0455682995224175 -0.242795312413607 0.10031415425517 -0.153938070857477
0.209270712483777 -0.0991411131109284 0.13664093044142 0.0924424774820558
0.104286073789977 0.210165387648308 -0.0393177904919504 0.0560513194685031
-0.228510734776757 0.193738530374015 0.078471483929696 -0.092607833785351
-0.370460635859041 -0.0413802370768971 0.325987010444831 0.0392755185857303
-0.417297538923692 -0.106696031915249 0.490514905030877 0.130841752311874
-0.426858839654768 0.0622644003663505 0.514211469279481 -0.0219696863974465
-0.20582042630046 0.271230656704277 0.310163641737642 -0.260788821553853
0.0828750352182557 0.168375638365271 -0.0414813178789438 -0.293506374100654
0.10254078649331 -0.0296705636354751 -0.224959525170329 -0.0631467836163185
-0.0142429562336989 -0.0419131950408493 -0.134412506839883 0.141384765842582
-0.0976999846876417 0.0239697546661816 0.00457992949377826 0.120264858790189
-0.0883084505642433 0.0976737862176368 -0.0499156604793849 0.020196832357391
-0.266135923731282 0.0859866123618776 -0.147194899647542 0.0398646245336154
-0.31919578644531 -0.158388849359527 -0.0209359905146896 -0.126780007658091
-0.00661511398089265 -0.367850198704008 0.169968775541877 -0.065315493213689
0.365667224617552 -0.120035246918726 0.126839578724149 0.181190453189939
0.148530209606917 0.358809945043206 -0.0818313915789496 0.124531893708534
-0.363116596164434 0.296511152785977 -0.0205163373659882 -0.0502120067065671
-0.535072165360906 -0.0645296667010789 0.166973732879042 0.0152782004296351
-0.572205908254098 -0.144410634238856 0.291608469903213 0.0776289122197634
-0.559807140117637 0.139567235903214 0.3436216211561 -0.0280735141514472
-0.185279396186404 0.476115714655932 0.234909486963395 -0.199587161227912
0.293444781336898 0.241858449080169 -0.0110761830905091 -0.197377344239889
0.238662154923297 -0.183292364468768 -0.109424862184961 -0.0400222413285366
-0.0756149306297437 -0.173836318340622 -0.0666680596002563 0.0629460230878925
-0.210243949720412 0.00938749202333965 -0.0034889129758019 0.0630231903015715
-0.155800506942603 0.131420973034195 -0.0197575883090249 -0.0178077538399498
-0.263335792549822 0.0734207122224715 -0.0385042566449921 0.0113178303565309
-0.284371022185142 -0.187801558718102 0.0599354261063569 -0.0576727506376024
0.06670034548769 -0.382462094279302 0.156081048770292 0.0541745520234424
0.452365365476228 -0.0618450859185732 0.0261174671938322 0.233266887510818
0.132537866770786 0.48025976086957 -0.157857750715645 0.139845914368628
-0.464374305867708 0.353532528980861 -0.148818683293358 -0.0262716660630942
-0.629410973949298 -0.0817843074233309 -0.035312187314839 -0.0272901789876359
-0.639951291262238 -0.159544742661811 0.0511075364681082 0.0138335226715442
-0.600307102530769 0.186349307774566 0.145293006403899 0.00153280851546497
-0.117325935531875 0.555689196547055 0.198895818184376 -0.119800704078863
0.436904794572646 0.193184529853697 0.0398073171439117 -0.22109289131959
0.265307317566919 -0.351585547684323 -0.117307953035423 -0.104795140257554
-0.182012474141336 -0.271486204890833 -0.0834274402798342 0.0401785434592758
-0.316965232744955 0.00950182147744935 0.0153427375631743 0.0468068589384397
-0.212092231207292 0.154212110955193 0.0437529643068572 -0.0648369968112533
-0.20769851214538 0.0585305234496916 0.0367705155019536 -0.0123239033856254
-0.192854175833498 -0.146482639508914 0.075535653197921 -0.0292679689244256
0.0921687000440111 -0.255540317979535 0.111504279122373 0.0540980590967144
0.356970058116136 0.0384287390819252 -0.00132147087138292 0.166941374687389
0.0264417948211384 0.452487527745044 -0.144765979797218 0.13241483371163
-0.48868594954957 0.307836756314011 -0.257945547767273 0.00979525467916555
-0.61163894935368 -0.0904186194981024 -0.252121236336981 -0.0758716953883226
-0.613177911325899 -0.153201826948811 -0.197329411735111 -0.0532518476026904
-0.549917047526734 0.172932551934425 -0.0571762458629575 0.0396205843841496
-0.0968572562819312 0.496681343773386 0.1343029426766 -0.0342558545793448
0.399729971647251 0.144019316119331 0.0165167079653438 -0.210790452788738
0.210839477802573 -0.369374999912263 -0.181608343237221 -0.0687936233761934
-0.230632338277181 -0.278917758636566 -0.0701878096543659 0.114577168276824
-0.352500687750062 0.0147981059156126 0.0904980507007762 0.0568526914337218
-0.226866569592959 0.153142303588835 0.137774724737236 -0.117489327639919
-0.136322451961203 0.0421822730051573 0.0700061157679196 -0.0384138237098827
-0.0996377114573411 -0.078687201886068 0.0646843107439602 -0.0731778219398978
0.0569782624106162 -0.0958491982939998 0.167941772557529 -0.0279248391744872
0.156375493459119 0.0707140057053992 0.107540881649212 0.174494069451951
-0.0593936014538906 0.276522967774148 -0.113358149511581 0.223432887843287
-0.385314528419437 0.187639296746508 -0.354053372146966 0.0658413932028649
-0.48389053771377 -0.077240359389655 -0.443917517330179 -0.113963424259399
-0.49086305734918 -0.123469260325861 -0.417227094519109 -0.110485426099453
-0.430512186338288 0.11869488022416 -0.239041570107808 0.0596635096901731
-0.107767364136386 0.359389780891885 0.0448999550274658 0.0670196247627206
0.257398817549907 0.132155625496964 0.0215055276978258 -0.126341656577179
0.153051344818482 -0.251350648894918 -0.166612836741026 -0.0173031139906323
-0.17875060270859 -0.21607676551703 -0.00989780785649195 0.174356514587835
-0.294262099793295 0.00974698456429981 0.188445344782185 0.0673417190581025
-0.191975159374956 0.119829869240754 0.240562111289769 -0.165127974320082
-0.0706937147424713 0.0169333340992204 0.0724398826431599 -0.0611942200333257
-0.0347744158313801 -0.0351401954535267 0.0512988763950408 -0.138062179470878
0.0245622861613601 -0.00639686790965959 0.254339841119125 -0.07298274237592
0.02701466997129 0.0510809546023339 0.160353191987053 0.267398084395226
-0.0602169614500142 0.114985883121231 -0.163899655307399 0.317696962135402
-0.210315890878872 0.0871584158175429 -0.428139833640679 0.111915289108039
-0.280497088849561 -0.0390169040447216 -0.577721431575054 -0.124363571767281
-0.291038779545144 -0.0725630949634189 -0.573491370675475 -0.151391246911899
-0.256786778623536 0.053291974154299 -0.371916937440153 0.0550235153608288
-0.0940754278148151 0.195800188184301 -0.0315949715374636 0.142843786626404
0.106443671530802 0.103496583156293 0.0609028533004892 -0.0533388730774141
0.0939486597802776 -0.104867196167839 -0.126772035546276 -0.025645303070296
-0.0816891668158979 -0.12545812738717 0.020788882398221 0.185059299537939
-0.16694968946562 -0.00829977476041408 0.25779368642406 0.0805670008753658
-0.11471704644893 0.0557781515053438 0.322565889619738 -0.189259801393231
0.00927297261982941 0.0131099374519125 -0.377110158700636 0.0951664737181193
0.0143749700337127 0.0148832791011869 -0.236666224877119 -0.165358855724851
0.00493381567773742 0.0183623096643187 0.0124701065160419 -0.159619471786415
-0.0281967749593247 0.00169909086066274 0.0836582198377186 0.0661392859739521
0.00242827161958095 -0.0370990041962481 -0.0707601486761515 0.00803340109232681
0.0412044004081502 -0.0393726616222512 0.117681887278733 -0.138448911969586
0.061282918887855 -0.00581418339881748 0.424974176634917 0.0854352144994834
0.0517390560986421 0.0231271595981268 0.610300282783111 0.290170021860756
0.0377163750913068 0.0103737136206195 0.646324144194816 0.203418954525416
0.0390017082012816 -0.0246073881094807 0.507819043520868 -0.100235039065382
0.0394994474973574 -0.044574284661478 0.24940448690381 -0.360434021703515
-0.0071576739744236 -0.0350871044763873 -0.160913001218812 -0.331964141226339
-0.0234395670952737 0.00951165297244278 -0.317721181950914 0.0612951206959795
-0.00632267810426492 0.0291231404796163 -0.0509408992496201 0.193615151089013
0.00983011021008634 0.0230654571595166 -0.0731464931620168 0.0484047586883923
-0.117862528569145 0.0424999478403364 -0.351486994490331 0.0642174758720021
-0.126902511884645 -0.0455845274360215 -0.19766859087673 -0.189603203609237
-0.0182112719461967 -0.108755561814419 0.0552051823105383 -0.159873487754649
0.0852227160563351 -0.0388136986508427 0.0908492917598954 0.0800507469292475
0.0418090787110842 0.0853972079047196 -0.0596410531561379 0.00416803854204662
-0.100216589138691 0.0635887500451486 0.135862964576487 -0.11818376428901
-0.154888302580097 -0.0489011389652758 0.408489403720724 0.110745656178061
-0.183776996249906 -0.0855784901683823 0.582172134347878 0.277946448099311
-0.213447564519862 -0.0307727463367481 0.627398937185032 0.143034568552381
-0.129421744440255 0.0542370817287838 0.46704842648407 -0.17175013290323
-0.00246612508576474 0.0281504653124288 0.14766563421936 -0.381573279088366
-0.00451569785300012 -0.00812495032001932 -0.224193791085776 -0.256801067409097
-0.0198458059657305 0.0222642257857586 -0.273137316145834 0.112363641226307
-0.0348087460444453 0.0290631714008092 -0.0287644533431848 0.179505392147451
-0.0423305602126178 0.0511192445691802 -0.0659899063883272 0.0383399088266257
-0.222925146112245 0.0482963311718081 -0.269019419632111 0.0310997478728672
-0.239476759534363 -0.131266759811332 -0.107553372475249 -0.187842835510036
-0.00360789244396923 -0.248109962236187 0.126318455294838 -0.136560971806081
0.224468690724904 -0.0600314409237598 0.11718667985868 0.114854287972793
0.0655090305227861 0.226437403697115 -0.051609512919994 0.044971477585931
-0.259558193224686 0.149760815921353 0.0958952518447978 -0.0804998077228244
-0.35814091242588 -0.107430673710176 0.317586928534381 0.0985859882048939
-0.392736314186414 -0.180729462433676 0.462652220071138 0.221281107242027
-0.437164413657462 -0.0147004995914697 0.523916248524244 0.0767157516593573
-0.256945489888359 0.232398517266105 0.365133844674086 -0.203994848282436
0.0486691747297809 0.18350247981652 0.0134869898509694 -0.306069085277516
0.106231190037964 -0.00771896546711889 -0.217673381741663 -0.104673426362891
-0.00402304648508857 -0.0425010268705317 -0.162829285427219 0.120035787905521
-0.0983192543004552 0.0045340731833177 -0.0163334420569896 0.122768323162504
-0.104416104948283 0.0764400588448178 -0.0522901193291552 0.0142362033524423
-0.277480222917356 0.0365782205944722 -0.153816893234286 0.0087810729458094
-0.285752136087948 -0.213936279948912 0.00288085228692255 -0.132023598043811
0.0583907745354781 -0.363970920381884 0.182641266597342 -0.0362376846152596
0.381623315509655 -0.0526933877277181 0.0944399222389148 0.204169627874608
0.0817188277874715 0.381702019544466 -0.105453491287357 0.108933930767771
-0.411726970516186 0.227365533341769 -0.0119664753491495 -0.0554693418850441
-0.517405191168595 -0.163178107738371 0.164712840957385 0.0459853814539836
-0.539440317589748 -0.24680608569892 0.275491076614629 0.132981307324474
-0.584002260296743 0.037486556928917 0.352736995341021 0.0393004588430801
-0.274342507427783 0.440805115794803 0.278572449935255 -0.156358893266947
0.24759229180994 0.297933487822431 0.0297174812698729 -0.205010205408
0.274038520361262 -0.137506282296302 -0.103178846373942 -0.0646924298348169
-0.0396340338581266 -0.186988957984099 -0.0818517219192561 0.0497415218329792
-0.206424954326323 -0.0329980103960915 -0.0177495385507636 0.0645089833478327
-0.177683887940423 0.0964960687720206 -0.0161867402759626 -0.0166633783481495
-0.271139280596817 0.0240275027025246 -0.0405484342898873 4.07223146406596E-05
-0.245055208324568 -0.238870261173114 0.072542272690281 -0.0476379051490498
0.134981588264163 -0.365022649671595 0.147585829510705 0.0826289648158842
0.458668768189594 0.0229164113862545 -0.0160113699027362 0.241723768606739
0.044079092285582 0.499285138947163 -0.185439924732573 0.111407318322585
-0.527737854961274 0.26505693854706 -0.145409524579216 -0.0552332165003483
-0.603469355321618 -0.198499167175279 -0.0279562875334584 -0.034891401615719
-0.605348045045096 -0.275066127663921 0.0486824139798829 0.0248690286693138
-0.632464695368897 0.0758343668581503 0.148419934391795 0.0328096972984353
-0.218573472903506 0.531348925563668 0.228606938691913 -0.0838236723634887
0.401413656067467 0.274947033518873 0.0830833109438532 -0.221907139617182
0.330593274416681 -0.302656689744716 -0.101790499616632 -0.134196909224676
-0.12688544180279 -0.304094696335327 -0.0985593824887861 0.0243781993605087
-0.31303267131001 -0.0527322998063332 0.00175798315105214 0.0535304863925624
-0.238197620535513 0.107770142541478 0.0550206892370791 -0.0495595862792552
-0.214647951262413 0.0192815176043049 0.0381312727408221 -0.00768631733517478
-0.16052231284237 -0.181776805190514 0.0819656850268195 -0.014579097409956
0.140607684620223 -0.234311207907701 0.102174950066505 0.0754698275389768
0.345438138677559 0.104732321701015 -0.0316267064992721 0.169079559093951
-0.0603389924032333 0.455444890293234 -0.170364480837868 0.104964468024216
-0.541158104702961 0.214722942644928 -0.260251496368677 -0.0413272271145744
-0.587125104428727 -0.205753413883153 -0.23430743005145 -0.123864743498068
-0.581295034886554 -0.263573559344452 -0.185760098830796 -0.0864669936816617
-0.582650083257551 0.0721252834422666 -0.0631065359810657 0.0334824015642519
-0.186772206660071 0.476654201069991 0.146581429112587 -0.00888426696150306
0.373191508771512 0.215504303559718 0.0571976901537474 -0.215063294896318
0.276596762360051 -0.330937200507989 -0.173219770412454 -0.105699804465159
-0.177631206797109 -0.319064228014502 -0.0984509566565948 0.103535510894561
-0.350492092298009 -0.0519902662760163 0.0748731382417192 0.0790107399180651
-0.253079728555656 0.105017933543951 0.158384015046659 -0.0854014902494519
-0.139531564977355 0.016129802172268 0.074744653846876 -0.0259793415232614
-0.0808102983238633 -0.0967490774807375 0.0771465366554911 -0.0606602013411278
0.0761130905865227 -0.0812196226560581 0.17279102650721 0.00167734704736748
0.140963533789911 0.102384269352679 0.0755021058327426 0.195556325961671
-0.112867489647058 0.264788348990641 -0.15536527638932 0.202036107335861
-0.418580475462081 0.114027004518833 -0.364999943451519 -0.00327536546720813
-0.465595488958582 -0.168268447962095 -0.418122894018192 -0.198053070024071
-0.464689547480836 -0.212118019030192 -0.393318407235632 -0.186301187629812
-0.453605263726467 0.037457058688864 -0.250748749638029 0.0197869779745154
-0.174109419239589 0.338557425510254 0.0365455880021774 0.0784068245208518
0.232091251984514 0.176493414408878 0.0479548018433284 -0.124789204162377
0.19535335873093 -0.223071500547752 -0.165269296986085 -0.048098167347083
-0.138907259750653 -0.246335908168984 -0.0448497143148441 0.173137523841323
-0.291612175784341 -0.0448425128982579 0.173295908515852 0.105697033820566
-0.211860155914299 0.0804812983138401 0.270297642445332 -0.114885107331786
-0.0718524992986542 0.00384254193640549 0.0811482561949591 -0.047990201278755
-0.0251404754500145 -0.0421350130105274 0.0750804186324592 -0.129119530363505
0.0282272896458259 0.000609546229349135 0.267124980099436 -0.0294748927742926
0.0169477272401152 0.0602592019993748 0.113453041975875 0.299616922344372
-0.0847712150979747 0.104736650311645 -0.223625226204989 0.28849716683221
-0.228091627143233 0.0461682297016685 -0.448468861196887 0.0296593584815897
-0.271012098969566 -0.0934672872093051 -0.550150130707197 -0.233502098716499
-0.276138541831908 -0.126422114138071 -0.539540816015787 -0.254731556749351
-0.267614387242151 0.00534949602404255 -0.385129684611856 -0.0088046401381894
-0.13033289367016 0.176754701543299 -0.0562239229437218 0.143550644977122
0.0862325383070719 0.121878042911351 0.0760532044836643 -0.0414111473834212
0.110903994740119 -0.0873661243693666 -0.120807395026127 -0.0495467916027726
-0.0590628576819719 -0.138042291122434 -0.012787563003794 0.186564635161042
-0.163744068640403 -0.0365954917311742 0.242163202269929 0.128378216485578
-0.122983826090098 0.0327416101009225 0.357862352527853 -0.125666092510823
0.00909008378757328 0.0137780474661332 -0.380624780520122 0.107959222714757
0.0153627359875583 0.0147872761765038 -0.248764111333847 -0.15912226051966
0.0054853525676564 0.0189986940544666 0.00666482290188802 -0.16010255849432
-0.0278638942683024 0.0028095152819792 0.0830138132674845 0.0645780074300443
0.00164224244285492 -0.0373662658288067 -0.0769031971040655 0.00662353074002784
0.0397580198922091 -0.0406350423494282 0.114009544343772 -0.150895871385924
0.0612471834631684 -0.00799139466976699 0.436346147449541 0.0676384747471635
0.0532920579519473 0.0215461027807598 0.628140035221358 0.267829473130783
0.0386722510696298 0.010272061147223 0.662159797228689 0.180887138496708
0.039442734383283 -0.0247426896981188 0.514129181235175 -0.121025554483059
0.038903992333524 -0.0488175548425789 0.241569367134671 -0.38023425289058
-0.0100224548014611 -0.0362123668382135 -0.179581246184807 -0.336290693859274
-0.0229161575940478 0.0111385687758148 -0.324604225907965 0.0786200781884853
-0.00522418514805648 0.0298131230668066 -0.0406632318004745 0.200456271074129
0.0113826861217424 0.0230040576465308 -0.0700758540162297 0.0532828600410061
-0.11924554151422 0.048653543053176 -0.355494497863281 0.075420471880455
-0.131800636385493 -0.0401784123882839 -0.209953130086506 -0.185308285187646
-0.0247380207283366 -0.108741135679056 0.0498171215819321 -0.163389490911509
0.0848841023897366 -0.0432338421268386 0.0906212459272152 0.0777987551165507
0.0473097857994628 0.0856917295290622 -0.0639816372875446 0.00250267732765045
-0.0988916373378867 0.0700954932748431 0.133725251140351 -0.13183306792805
-0.160294563271393 -0.0429666524077745 0.421496336950497 0.0930828314776274
-0.190097998881321 -0.0783829341301679 0.599348882392299 0.256409560177297
-0.217208357104112 -0.020743641172531 0.641951407023063 0.121701627804169
-0.129434899053946 0.0612279426789803 0.46939046821476 -0.192384669490348
-0.0036751880435199 0.0282633540964584 0.135308944670142 -0.396675352760784
-0.00620673142048612 -0.00634235573241274 -0.241512741476431 -0.253870209310733
-0.018511466708969 0.0247451020325691 -0.275561528540826 0.127554616708309
-0.0317104642283463 0.0307545603292249 -0.0198717854729936 0.184665686117741
-0.0395286911964596 0.0526111714461213 -0.0629426567131383 0.0430355213462408
-0.225021387502161 0.0588317585908576 -0.273207773900926 0.0375611753232624
-0.251320863535648 -0.123807196148649 -0.116629595094214 -0.187323757650496
-0.0167595872920917 -0.251235868182146 0.123310898494252 -0.143768474344062
0.225500460374761 -0.0709994497919858 0.121341538145478 0.111685611429967
0.077176849799801 0.227971792284262 -0.0524519768907373 0.0437915639924173
-0.257485425616359 0.164229313252868 0.0952504080361174 -0.0900566179355236
-0.367664562332265 -0.0948460116735276 0.328846567246286 0.0858892791744463
-0.405085565733727 -0.166750395955213 0.479045211450245 0.205965379088364
-0.444254437167815 0.00389446782482262 0.534915024051156 0.058621585609098
-0.252411932210123 0.248224713922079 0.365945523480459 -0.221736933975294
0.0546231194991042 0.186711608905737 0.00418007010890832 -0.313340499479824
0.108537418267141 -0.00979109461715778 -0.227033982830446 -0.0993079002268429
-0.00244925970143519 -0.0428443458221177 -0.161708135411222 0.130619323326549
-0.0962968363897285 0.00672664150925731 -0.0104776348172765 0.125763566124255
-0.10256083315765 0.0794586381404112 -0.0509349946816211 0.0174312819424535
-0.281489417807053 0.0477889215445934 -0.154799513987236 0.0105849662043176
-0.299852423596742 -0.206757035593191 0.00051426209525309 -0.13644394763021
0.042718043617934 -0.373702857711728 0.186422721819865 -0.0441591995675589
0.388494681873541 -0.0705496118258181 0.105264345525538 0.205863414561329
0.0995369937136211 0.384280609320115 -0.104154970578725 0.114168540357139
-0.407747289912765 0.249265397598127 -0.0141688359524036 -0.058735546598501
-0.531495721426776 -0.142585340080031 0.171091844275036 0.0385569487639589
-0.555596982191221 -0.228458831665228 0.285149048539098 0.12310490009479
-0.592561314271315 0.0635659889500717 0.360755529977454 0.0276207224721001
-0.258981380896283 0.46036053161281 0.28071376183791 -0.167918791149954
0.263450312329504 0.294785465563374 0.0257327178993385 -0.210345547099475
0.274114035497181 -0.150654361008729 -0.10768830920473 -0.0657998818241013
-0.0449872845118577 -0.190018741787354 -0.0831557463674374 0.0523773727876985
-0.208101500351375 -0.0272738359414819 -0.016554245832515 0.0668038580876082
-0.177330918817556 0.103157734891443 -0.016172468412654 -0.0141005784498867
-0.273312206168227 0.0326308862112874 -0.0396301233021699 -0.00195287159305871
-0.257735641258062 -0.235827292328945 0.0752901124399245 -0.0520383655637381
0.122514335566883 -0.377974055340024 0.156298840268688 0.0810080091994578
0.469257423475816 0.00370569410193227 -0.00567889807709744 0.252144341016049
0.0658534634821474 0.508483758550472 -0.187714308642548 0.121174629326451
-0.524883152165005 0.293617415203606 -0.15108437372447 -0.0531876543066405
-0.624173983742696 -0.175728670529241 -0.0293338609585424 -0.0363236051747955
-0.623460832592134 -0.252794394615465 0.0513256952275456 0.0240780176398356
-0.638875055528317 0.101776602242696 0.152636203573945 0.0295028321158767
-0.19889647692845 0.550212928847849 0.232536682906158 -0.0942614118311944
0.419370165667962 0.262123938913863 0.0802485363123267 -0.232225940331945
0.324094432397606 -0.32274907798164 -0.110874604088013 -0.136767034677007
-0.141135565129715 -0.304967951711478 -0.102914709445852 0.027734157604454
-0.317852931992073 -0.0422488417751231 0.000507112740880938 0.0555299077901146
-0.238239949355997 0.117889281673327 0.0550919377784105 -0.0492848031801207
-0.216059657405538 0.025965603936421 0.039047122715328 -0.0119912252117149
-0.168647962845887 -0.18153735270134 0.0855964472857125 -0.0167880508087444
0.135154971817239 -0.242892828489491 0.107419600181635 0.0754983624799779
0.357870851032138 0.0950799966400232 -0.0277610904651947 0.176944526799858
-0.0442995472074984 0.467652651180301 -0.173367171518512 0.112983615126493
-0.541510469887242 0.241588860216817 -0.268315241387208 -0.0330081460866142
-0.607355888782564 -0.183908021210994 -0.242697952129839 -0.118627573816414
-0.600193267431642 -0.243903555603706 -0.191474621800341 -0.0809676946450176
-0.587190441338604 0.0969021637313618 -0.0622987353334351 0.0382196416330743
-0.167818816570903 0.491474481479633 0.149916940813958 -0.0143561869727667
0.388587585143829 0.200843765488222 0.0502873185461457 -0.222488230542624
0.265558302538788 -0.349040968924631 -0.181851377061537 -0.101196263229785
-0.195249974979066 -0.316812921794485 -0.0993825109520493 0.108871999923952
-0.357378566707904 -0.038156369187616 0.0768624459146532 0.0797406117550158
-0.252604466361995 0.116037778147949 0.157758286448093 -0.0882266517146697
-0.139128351032514 0.0199595255747247 0.0744833560620962 -0.0311509022797736
-0.0830539013709661 -0.0977859134051582 0.0772221283018214 -0.0646998423792948
0.0765784199684223 -0.0836763925228742 0.174903438842324 -0.00569281100499913
0.147354607328134 0.103219767193869 0.086429594926824 0.198079489763997
-0.10808534114539 0.277310690145778 -0.152815108392163 0.210999754796845
-0.421188617026178 0.133083705208831 -0.373763605821163 0.0110637914619079
-0.480995661384096 -0.153807008826446 -0.434179972653986 -0.186611298572732
-0.480251888600905 -0.194501844623169 -0.406986627368552 -0.173981990947723
-0.456746025145126 0.0557627821927442 -0.25405714044906 0.0331844167973048
-0.162571030653269 0.34941578708719 0.0417213636760037 0.0807715066797763
0.243209398559131 0.167467340165922 0.046196539572667 -0.127030662617695
0.18796012122715 -0.234388211179572 -0.167699399978381 -0.0423541023204947
-0.153234530707791 -0.244083007386994 -0.0389744635130652 0.1768512376189
-0.296571310804223 -0.0319005232775042 0.17918682471439 0.103156719735474
-0.21245424906174 0.089303233058644 0.272032999912297 -0.124098768439306
-0.0717742917066941 0.00531676992779136 0.0783744201071237 -0.0525209774749482
-0.0252641774568675 -0.0436571885626179 0.0706398560124852 -0.13549500628788
0.0300690769181078 0.00113161298549703 0.270851254520213 -0.0425778873723792
0.0191052218396551 0.0636676812161836 0.131633235117093 0.304255310070016
-0.0844647443503284 0.111950950686287 -0.218426223233128 0.305253914780946
-0.231133742410395 0.0541171645877073 -0.457314034749223 0.0474707745774853
-0.279565681935995 -0.0860853470209455 -0.571538551713317 -0.215091045825157
-0.285478533021301 -0.117447115971401 -0.559938203067353 -0.239043990201121
-0.269920588072854 0.0152890677707622 -0.39140634252207 0.0094829566763182
-0.124879392985382 0.182927982944651 -0.0507220712883199 0.153186107750895
0.0940443094692629 0.118693083700166 0.0806021202941402 -0.042390593743988
0.107844428770872 -0.0924304087470404 -0.120813342699799 -0.0454669754903775
-0.0672038226916058 -0.136250697818202 -0.00475649715298649 0.188537623264054
-0.166211084365271 -0.0293731205114357 0.251504178299085 0.121353367125953
-0.12423307657417 0.0379121184141865 0.360210034226028 -0.137776854039891
0.00947941323533875 0.0140381174702058 -0.377473655574805 0.12267344755181
0.01615516627403 0.014126308805847 -0.257985282912201 -0.144782030904527
0.00664402369965722 0.0193424333214668 -0.00085918908868885 -0.158075530098812
-0.0269287141923094 0.00487670349796008 0.0811223808265535 0.0615095687139457
0.00116709901741528 -0.0377283199230297 -0.0820947098496497 0.00831895033307832
0.0386373043135573 -0.0408985147168784 0.10534447184674 -0.16194981113699
0.0600502595797781 -0.0104583930038769 0.440630528275482 0.0411634305470083
0.0547210900142562 0.0193601673087446 0.640180993695817 0.237043344115178
0.0395839801642856 0.00902632699276342 0.668002545598671 0.148341160337998
0.0387385959766399 -0.0246637268794923 0.511989463634871 -0.147987590054922
0.0364971478963898 -0.0517769157917464 0.224670682914288 -0.394264857601787
-0.0128704751436023 -0.0367520423963014 -0.19889672987959 -0.328353786155267
-0.0221422524168784 0.0132544575615944 -0.322500018242861 0.097927227070116
-0.00415524678265673 0.0300671645221851 -0.027761149328626 0.203454035956442
0.0119490135662403 0.0233247086575493 -0.0646195765050782 0.0570535123726099
-0.117186386908382 0.0559066841990458 -0.352062931894544 0.0888519294628557
-0.134907590947859 -0.0336487435919195 -0.219343888891074 -0.174163526769678
-0.0314564566117371 -0.10551599923941 0.0406971319858756 -0.164188425746395
0.0827558659283881 -0.0477797734411518 0.0900291929077347 0.0727587861392403
0.0529186876393739 0.0836033078980369 -0.0678751623770447 0.00102980191138498
-0.0944141578035453 0.0768773459233439 0.127109840395672 -0.143682489672579
-0.161686596750105 -0.0335994905448194 0.4268875073204 0.0698383563224472
-0.193424103328815 -0.0673595769215918 0.611578485803644 0.224955521715268
-0.216963748406259 -0.00956994008365506 0.645140037868521 0.0905321965683883
-0.127507525765864 0.0689917175211538 0.462853127820304 -0.215050859347892
-0.00412238570449957 0.0287230493649148 0.118689748694293 -0.406022706244591
-0.00732515470171799 -0.00448491481978434 -0.25685696287563 -0.244103659393834
-0.0148199025634597 0.0280763744756193 -0.270245686325362 0.144757472176524
-0.0282333618000482 0.0313936698797088 -0.00800269587742976 0.186154117697096
-0.0367124138719825 0.0524188467070076 -0.0583034933747359 0.0461182417053317
-0.221797302639927 0.0708066489882526 -0.271115982098 0.0468256599160015
-0.258297981187328 -0.109894584090453 -0.125744247296815 -0.182459406891716
-0.0314362163228065 -0.249125439288021 0.115142982556736 -0.149506961405553
0.223127377701914 -0.0828116505965871 0.123478929410939 0.104537986846956
0.0895424593927298 0.223100349142115 -0.0527638342089703 0.0432520366308954
-0.247265372992898 0.177969975219287 0.0910425817403812 -0.0985025972184903
-0.371691137804178 -0.0740990906209065 0.335374567047504 0.0666753913921961
-0.411581231141021 -0.144227572732759 0.486879532766754 0.181564076496064
-0.441517818175835 0.0264677462527704 0.536233161800017 0.034126808539272
-0.241486293882045 0.262093369246533 0.357713412689439 -0.238822976022533
0.0614979744203738 0.185892284651738 -0.0102387397565512 -0.313756029792103
0.108719684271893 -0.012754091880134 -0.233348770299406 -0.0898518053220668
-0.00166299242949695 -0.0416208499419975 -0.154817761781877 0.14029571061245
-0.0925430157457527 0.00934457264122962 -0.00345490281013997 0.126549250678231
-0.0979587413777737 0.0827216601640699 -0.0482470415750882 0.0213052068154922
-0.278877586850789 0.0620697538544593 -0.153848171088068 0.0133809544880665
-0.312285970475594 -0.192486943160062 -0.00342528071454985 -0.138621926510571
0.0210988088435882 -0.376008623538714 0.186258957638491 -0.0535658378987195
0.384535820852859 -0.0918946764964315 0.115965955244531 0.201659191186656
0.120423379371149 0.378726775311137 -0.0996733038969025 0.118409516419731
-0.392878500948141 0.269993427284436 -0.016382872160908 -0.0600941996950142
-0.538022966894486 -0.113955132924068 0.173673575917713 0.0279254887824397
-0.565360072961588 -0.197352216647691 0.290581122290489 0.109346160007393
-0.585705179264495 0.0939620007803629 0.361372515057496 0.0128776127430612
-0.236861170513685 0.474314386774537 0.275165909631024 -0.181171132247251
0.276894821976985 0.284069094917763 0.0191394624462638 -0.212793055105244
0.268835930630068 -0.162681866796237 -0.110286059183423 -0.0634665935283361
-0.0505627172764276 -0.188882787820278 -0.0820734555487814 0.0558978184253149
-0.206095299547319 -0.0196442028000959 -0.0144316730374368 0.06841691371632
-0.1710182243323 0.109899756662352 -0.015835072731986 -0.0103331025642562
-0.271567521991607 0.0460627690303908 -0.0388757031774911 -0.00364464146396675
-0.269156536749966 -0.224652740288354 0.0767105855570785 -0.0568168190288228
0.104470506508573 -0.385399946489452 0.163134727344736 0.0753684308500148
0.47263888066871 -0.0213931614551786 0.00719788450477542 0.256868711457192
0.0913579997528529 0.504656343764516 -0.185300849054395 0.131866573958637
-0.507731693629554 0.3210323364834 -0.154788564897214 -0.0467351252650257
-0.630399316963239 -0.143267914883207 -0.030980703323827 -0.0358866249476629
-0.633909921973291 -0.218906444360514 0.0523539181565161 0.0217794174812325
-0.63192619460615 0.13640809883379 0.153967114030898 0.023848097654343
-0.169601796732531 0.558401336272267 0.229744380825368 -0.105296537263517
0.433076590304899 0.240328758507462 0.0715169308733195 -0.238992334042874
0.309085780569379 -0.339047854809195 -0.118671543231154 -0.135802296153796
-0.154946693695186 -0.299879003479563 -0.105858260270725 0.0323039573652501
-0.318453971883798 -0.0280588661900425 0.000518406286781272 0.0575555797966292
-0.231825431504827 0.128014814611792 0.0535916691072746 -0.0484852754081994
-0.212114128736081 0.034589343601878 0.0393735303966973 -0.0167762169456191
-0.174744508732361 -0.176458881778852 0.0878333466164918 -0.0211256363794593
0.124901328682975 -0.24996802581581 0.11165767521386 0.0733425174705547
0.364938873226882 0.0792803406856036 -0.0191548756188978 0.181214585866842
-0.0212197301428208 0.474219575885623 -0.171842850676286 0.120989808664645
-0.528517759267416 0.271456268126523 -0.270661677284719 -0.0216036118328092
-0.613482664325152 -0.151406510570125 -0.248004241750853 -0.107336649658625
-0.607509706117865 -0.210285554800899 -0.194780402058596 -0.0705498434359416
-0.578607483755735 0.124557136526559 -0.0593195838882162 0.0437907116524235
-0.142899605682058 0.497948850133521 0.151425050745145 -0.0208573465180677
0.397226928672134 0.178894757418762 0.040252207373552 -0.225403543961436
0.246782328926114 -0.363041101389678 -0.188921636511165 -0.0941012771019012
-0.211649853022762 -0.306308949729196 -0.0975756597761048 0.1149039180941
-0.357244446561612 -0.0208107120125737 0.0775992106161131 0.0785782293063357
-0.247022078227486 0.127235978880863 0.154884523569173 -0.0919321098274256
-0.136059502655267 0.0251448461723734 0.0725011465965372 -0.0362428911830659
-0.084443656095213 -0.0960492447880028 0.0741133750611127 -0.0684507701060512
0.0753915561998504 -0.0856539594854743 0.174038937741172 -0.0145836685986686
0.153697869531147 0.0993118558401032 0.0978772663808248 0.196415419760059
-0.0967392807652767 0.284303616067255 -0.144557875900601 0.219495538903998
-0.416150013788047 0.15320207984077 -0.374368398698934 0.0274168735291047
-0.488888901250604 -0.129877050179138 -0.442920876585382 -0.166016495171525
-0.486836750481053 -0.16935275543293 -0.41495919605504 -0.152461135016324
-0.451052034252367 0.0779914342382994 -0.251652355634266 0.047920310001605
-0.142967502461758 0.35560519700588 0.0467934680279735 0.0815372225201145
0.250751633463336 0.152896998345573 0.0430361492071842 -0.127839387883832
0.174307129466218 -0.243450362388496 -0.168305677335857 -0.0341764626093166
-0.167141530104112 -0.233539901065003 -0.0319071889006449 0.179103529878839
-0.297039287088449 -0.0151417420101358 0.183308667713179 0.0951445211362192
-0.207903168298318 0.0994691567928886 0.265246553589139 -0.132075287457611
-0.0697355410435226 0.0084119011194025 0.0740801352498328 -0.0564642679880375
-0.0256368601991533 -0.0441231060850253 0.0639073633273843 -0.140096769995584
0.0331922259400192 0.00189776054150132 0.268655025643409 -0.0575677342221524
0.0226494104910505 0.0652716908368003 0.15010566979944 0.302192155368375
-0.0801999608886247 0.118098495559128 -0.20606601335503 0.319158961270609
-0.229331024943931 0.06511876280243 -0.458155717343401 0.0697866861754378
-0.28419747795658 -0.0719472250532903 -0.580586624852349 -0.188284642443363
-0.290009389381145 -0.102436487660841 -0.569031568401332 -0.210634093802696
-0.267941905490263 0.0278822359349674 -0.389068819948408 0.0309359714797606
-0.11510990331813 0.187099518702127 -0.0431001790114646 0.159905864286542
0.0983553764353033 0.11287256565727 0.0825783444045583 -0.0437888536579875
0.102229289190832 -0.0970518309073446 -0.117783841366006 -0.0403374028725795
-0.0751928717028226 -0.130655297411635 0.00366330096833261 0.185534110991333
-0.16649960685681 -0.0193579350905259 0.256747748509001 0.10931432371066
-0.122462999245532 0.0442087316581235 0.353549894577688 -0.151960855983418
0.00951281437469241 0.0137819181162602 -0.364152110953121 0.131429075264782
0.0156350598427812 0.0135184658940127 -0.25881212978064 -0.129141854753984
0.00781092500676649 0.0190305275369896 -0.0074254074432242 -0.152372069614381
-0.0249160074711621 0.00582434349510098 0.0771633752713264 0.0579674124015963
0.000346630068378503 -0.036534343747334 -0.085629681840053 0.00796914846199117
0.0358643658308897 -0.0403675496110705 0.0950950245470936 -0.167832461411275
0.057427578349139 -0.0112705764245092 0.433898308794374 0.0206092457291618
0.0536906388479193 0.0180158922502436 0.632831161396856 0.204351530853715
0.040187434842954 0.00836838984559569 0.656679964370397 0.120165316978705
0.0378857752524907 -0.0248354589186794 0.496844466010124 -0.164591543176673
0.0336142604648633 -0.0541517271343581 0.205439216721718 -0.397202186156342
-0.014679863179193 -0.0368302352936959 -0.209936814416061 -0.318107085901241
-0.0204334522419913 0.0141332105757762 -0.314495447444281 0.111834393599945
-0.0032729663860052 0.0293461475125833 -0.017248106225163 0.201833308691785
0.0128064604575959 0.0215946083589668 -0.0585982540426943 0.0583336057335711
-0.112424798771837 0.0600362529787778 -0.341987686806623 0.0971539704422871
-0.134003653466083 -0.0259683519384967 -0.223181536126342 -0.16039856358374
-0.0350743644730408 -0.100301047916247 0.0322249482746527 -0.160342984700301
0.0792222867842049 -0.0499916832421181 0.0850642559698737 0.0680979476630642
0.0563939320291265 0.0789020607284166 -0.0708469359154825 0.000206253294156782
-0.0888907000960868 0.0797860415931011 0.11759030715219 -0.149833299624911
-0.159705476168922 -0.0253012855959996 0.421486238734497 0.0467999523051268
-0.190857707074539 -0.0554973858861317 0.604482284065024 0.196179887764756
-0.211792212762995 0.000250914011731703 0.636146788329496 0.0655660792641142
-0.122061918891819 0.0741641488302445 0.447631078814185 -0.228644752552951
-0.00577630146329354 0.0283714614645362 0.101013271729309 -0.404862962799638
-0.00810952342530481 -0.00278773079394689 -0.262966068533992 -0.230991212513875
-0.0113570456023339 0.0290120371295119 -0.26085240467451 0.156246835439423
-0.0243521336619237 0.0300469998325297 0.00152642693149479 0.183275487291062
-0.0330655096230151 0.0518803746051706 -0.0521750031026006 0.0475634842113603
-0.214552204305341 0.0786054254683006 -0.263948827911566 0.0526297817898118
-0.258331270670066 -0.0963564471716379 -0.129761607461849 -0.173681013820319
-0.0431886254693148 -0.24103932705846 0.106111036878267 -0.150134878742001
0.214020347497539 -0.0921231344007625 0.122466294550076 0.0963499724551534
0.0973498159612967 0.214000187517741 -0.0519753238303286 0.0407734199092388
-0.233409076253363 0.18503027532438 0.0848789508793373 -0.103633539489666
-0.364519781028294 -0.0567301895866556 0.330576736786966 0.0500602922007646
-0.408121495972046 -0.121489630818283 0.483464972259593 0.156727212855716
-0.428272842376393 0.0456197950365804 0.525804441981198 0.0140402840674361
-0.225848950087982 0.268705423237335 0.344145485822196 -0.246958793922966
0.0649848203682143 0.182321428395017 -0.0197831590058223 -0.307909240686395
0.106540365429825 -0.0136625510747208 -0.232990981394137 -0.0796001943909239
-0.000258297240788789 -0.0397733638249475 -0.146768378409728 0.145037831104972
-0.0873619123907329 0.0103214529142465 0.00349469027183444 0.123407017664109
-0.0916971142370626 0.0826547376073312 -0.0447541864140625 0.0239463207656387
-0.270493637242973 0.0710065309934007 -0.149453911715248 0.015026031659488
-0.313943124423142 -0.17671630726335 -0.0063838600447695 -0.13666203049242
0.00323988455025372 -0.367945060070043 0.181810514246639 -0.0587095902167794
0.372779736202792 -0.109495901856756 0.122472158479761 0.193720683933676
0.133855104160148 0.364326307896361 -0.0940497207826808 0.120009633257779
-0.371752478087817 0.28097379904374 -0.0187629183081509 -0.0603572266607647
-0.528761202144118 -0.0884599566063753 0.171427865352843 0.0189278092750109
-0.558074388902477 -0.167576234471271 0.287646686828382 0.0949292887263846
-0.566724606014481 0.116522017897699 0.35482634018357 0.000197478565606059
-0.213058595988319 0.475965890797802 0.264946131383373 -0.187110119579216
0.282374786774036 0.269358264460174 0.013828136749344 -0.210919662431084
0.259022754431296 -0.168352706523197 -0.110831956863396 -0.0615478565231078
-0.054338146162719 -0.182468797354384 -0.0795083863948692 0.0567409672706379
-0.199532313919867 -0.0135340563000507 -0.0126291549578544 0.0680571162553498
-0.162490260407822 0.112227825128338 -0.0151350241108176 -0.00755429596983062
-0.262733262790279 0.0537528557727581 -0.0373082580708071 -0.0055318809757441
-0.272598812245578 -0.211920641788042 0.0770851412227941 -0.0596116935121299
0.0855654350652678 -0.382240000689121 0.166741463477861 0.071045320047227
0.46216958425185 -0.0414331010705365 0.0192549326713329 0.25489349601864
0.111151326652585 0.490808758231701 -0.178296955790066 0.137302526591235
-0.480803207123545 0.336977336086276 -0.154014417992333 -0.0410638804394399
-0.620182826150321 -0.112942689982539 -0.0316038157490615 -0.0347853312183919
-0.626634217462632 -0.187637005458092 0.0525926380110583 0.0188570058862713
-0.609218876998145 0.157138753431252 0.153436448231979 0.0195549976049525
-0.142396083582984 0.554463748429892 0.223760549095686 -0.111510987861582
0.432745668917827 0.219225863246587 0.0628798364381175 -0.238549587148961
0.289340524756052 -0.344881741737625 -0.123521567707512 -0.132077786517657
-0.161929760861174 -0.287302044199775 -0.105915616550306 0.035562396514041
-0.310375437740718 -0.0168903449215715 8.7084944173972E-05 0.0580443667133298
-0.222121292608662 0.132355955890565 0.0508492198645391 -0.045335296521965
-0.204579240482886 0.0402279737236005 0.0383484340253998 -0.020070044158742
-0.175993009608253 -0.168468614429642 0.0887731985513721 -0.0234815312825302
0.115328458038107 -0.249273272867996 0.113435821486409 0.0716912839043528
0.362319829988897 0.0642388414730872 -0.0121223094795635 0.181495064279509
-0.00257295267637341 0.467166408326899 -0.166862474229427 0.124635289092258
-0.5046690352681 0.286442396675243 -0.266538675534264 -0.0113795219562057
-0.604842778905282 -0.123278069090281 -0.247531698711444 -0.096758396362302
-0.600557213118234 -0.181357180625311 -0.192763705310818 -0.0602643596870865
-0.557434039587655 0.143687188264259 -0.0554880760477189 0.0472763310870189
-0.118895012145683 0.49227900671327 0.149471199189116 -0.0260902993222575
0.39628054582587 0.157725940129376 0.0326343172512746 -0.223429662863059
0.226112265353927 -0.36554288051386 -0.189493505584756 -0.0863478648325781
-0.220083949574538 -0.2913575135061 -0.0936559267024302 0.116892844617794
-0.348363041039915 -0.00605650402486063 0.0773867306810255 0.0769626765384984
-0.237090289746704 0.133969421765009 0.149068839382506 -0.0917581397188709
-0.129695975915722 0.028419891142387 0.0691401048957992 -0.0392329182347854
-0.0848664718000628 -0.092626244905897 0.0712631510716542 -0.0698304610055034
0.0746192016910656 -0.0847668384751063 0.169492225605935 -0.019906425903638
0.155371517130741 0.0944733947236516 0.104811877260617 0.188831961665231
-0.085240874305284 0.285387199773749 -0.135338516962421 0.219898357400126
-0.400900914619186 0.166164124282825 -0.365624430278112 0.0416431898896948
-0.483606008611358 -0.107517735147535 -0.441188215082819 -0.145690634983082
-0.480384816480467 -0.145465906280824 -0.410653946289207 -0.131968026379491
-0.436912970843168 0.0920975396740518 -0.243154723219159 0.0580414207266571
-0.125832350373211 0.351873874900522 0.0499735588367991 0.0799959652955855
0.25125081913777 0.137712218512602 0.0394347483478023 -0.12470670262034
0.159036703855968 -0.244554233256508 -0.1633692092657 -0.0266920831068945
-0.173456863822131 -0.220219697477579 -0.0255714245317447 0.17529933962221
-0.290278585373483 -0.00266434485643039 0.182381147283144 0.0877929230710723
-0.19974755319841 0.10605483555891 0.255657470555099 -0.136092234303693
-0.0654787977719636 0.0100424265334633 0.067303276296832 -0.0585877169092353
-0.0245281364199907 -0.0434456641790483 0.0553579434741835 -0.141149475908733
0.0350461739547272 0.00193944114376851 0.262265478271364 -0.0683648285669008
0.0250545079086809 0.066056368867044 0.164031792383881 0.2926126170772
-0.0757314616300324 0.120358115619011 -0.190293835813868 0.322754361263643
-0.22308351201336 0.0719805300128642 -0.445768487847452 0.0863445213563847
-0.281497134210048 -0.0586746155510263 -0.576450309536149 -0.163058213292888
-0.286183560837536 -0.0876842440539087 -0.563995250331714 -0.182377471493077
-0.260165228320177 0.0372961554053197 -0.378038702164183 0.0476090720598746
-0.104431902967174 0.186377814936724 -0.034910655681708 0.162352512776688
0.0996419379712355 0.105632345617842 0.0845613286896242 -0.0434388416458506
0.0958133706294319 -0.0976236696781587 -0.112954248204878 -0.0353227049965648
-0.0800201065790726 -0.123083843664227 0.0115786236513274 0.178992065117672
-0.162536638989741 -0.0111409933726908 0.255711227177614 0.0972311039613369
-0.11791761379124 0.0480948849156252 0.340596744630083 -0.158809736880628
0.0125414274043553 0.00840220713968894 -0.310125031346206 0.227711008124332
0.0193541368085002 0.00631005875154155 -0.284098873798577 -0.0451547978146311
0.0136314780493456 0.0160490994918891 -0.0508387702048723 -0.139179928986988
-0.0216715460654578 0.0124323713987718 0.0853116011764036 0.036229697585665
-0.00818608832749605 -0.0345809879802055 -0.0840726263250998 0.0309554391446663
0.0234561834876337 -0.0468847756410893 0.0404071411233493 -0.190871210712501
0.0524218145626001 -0.0243498174965897 0.414463784601604 -0.106772102567994
0.0574778607612505 0.00372996717674191 0.656802943820676 0.0119463539243115
0.0428866317194476 -0.00277646501378255 0.654343979364479 -0.0788900296876288
0.0327116546911578 -0.0329083534432786 0.423412622394203 -0.303528974840139
0.0164237118227097 -0.0632182845886866 0.0760419904156456 -0.439845435179064
-0.0270102294107633 -0.0327623623147565 -0.294930858731468 -0.239813805418895
-0.015859158248494 0.020509037025019 -0.265321902282079 0.205667510656757
0.00451512065098278 0.0298473730121222 0.0479996468212779 0.196231346245317
0.0175680536380807 0.0177213767951061 -0.0352188266114525 0.071103481366886
-0.0901481968815843 0.0857206155599708 -0.299090296033966 0.189333221308157
-0.132644005827533 0.0107108221312011 -0.258077208637674 -0.0847070447826173
-0.0606584351815431 -0.0843034163569357 -0.0167990983360483 -0.158221187044008
0.0603310219277797 -0.069351242040565 0.0961794659263376 0.0401767633953339
0.076270360510567 0.058445560093531 -0.0718037045348373 0.0183371018714134
-0.0608489622517834 0.101245671078073 0.0666088066705808 -0.178830746156384
-0.157640701795461 0.022026795197454 0.411957313945322 -0.0786127520676819
-0.194587385780243 0.00227647362485541 0.628517760802949 0.0126270981922765
-0.19641200977662 0.0640300126802533 0.618209431595204 -0.122899595483255
-0.091928786694551 0.10579352367818 0.356128499111968 -0.348694759066474
0.00145948282390253 0.0284650315659836 -0.0259868154263803 -0.416521979177973
-0.0103903379343155 0.000377905791750328 -0.320992522385026 -0.139379388591146
-0.000829461069377568 0.0328118173148307 -0.198928732782894 0.230909380674946
-0.0137482068928348 0.0337548011833808 0.0594908212972641 0.172871517721331
-0.0172412136123909 0.0563912346124543 -0.0326315996553194 0.0604467334941076
-0.182097724451055 0.131943210382996 -0.237321077080577 0.124392840552145
-0.270285424204066 -0.0200769306165672 -0.174229705019565 -0.126480633809824
-0.10742619199009 -0.2133714560071 0.0552169114173178 -0.171906072556159
0.175768431931274 -0.147702563358164 0.14121062017125 0.0542706656204407
0.152840304382908 0.174549940683531 -0.0396930856552512 0.0511614404764843
-0.167686956968083 0.240494941158443 0.04918418654821 -0.124736950357225
-0.360593232687718 0.0501172405668484 0.328237458537277 -0.0500404753936797
-0.416467410201407 0.00304597079798756 0.501901136831405 0.0101063641612581
-0.389691747394034 0.168625194235905 0.501432994044881 -0.139328381118314
-0.133974689203547 0.318582498121324 0.254207127512712 -0.334582959513226
0.110819582692912 0.15608786469269 -0.109112890152781 -0.287022627909884
0.0972620206218376 -0.0411273676443242 -0.24465274683946 -0.00628583795613895
-0.00832740318949862 -0.0373084852108071 -0.0943723674260758 0.183307214089697
-0.0768196680478908 0.0306997736422495 0.0405261809124505 0.115327795913824
-0.0645232856003703 0.09986751178213 -0.0328734997021162 0.0368467751131386
-0.236567817577513 0.140041532047865 -0.139676294178726 0.0554860099189685
-0.344841397338674 -0.0803022327263974 -0.0453944340971615 -0.129804938697402
-0.100016974266139 -0.348215604043929 0.154885136818273 -0.109847955859655
0.320202412416528 -0.208290089753096 0.174962369070944 0.145735378946115
0.229652785240326 0.305811558413841 -0.0534478746557748 0.14038428974583
-0.271969400243411 0.368904100308674 -0.0363812966087406 -0.0508296298575606
-0.52552815858586 0.0642368657921933 0.166965077540303 -0.0324493177659648
-0.573563015860719 0.00103815903457668 0.300247162318505 0.0075233595884765
-0.497913224654826 0.274272720095225 0.337310151490363 -0.102157397485067
-0.0610034546228224 0.510631202746052 0.198342593700924 -0.25540559601523
0.343820202759537 0.176766851738958 -0.0454267608329218 -0.205871854334636
0.197279888640842 -0.232183497186724 -0.123949953057924 -0.0295000385071598
-0.100058839406662 -0.159714296582067 -0.0622487403991219 0.0774847421359851
-0.189941844843926 0.0389763466709006 0.00579202286311598 0.0707676153601737
-0.12372465028876 0.147133898223334 -0.0129463789474749 0.000702152566980648
-0.233363150347342 0.121002428079306 -0.0384559584869775 0.00310601600978918
-0.316479178038482 -0.127144188569864 0.0585107567976377 -0.0804019793607884
-0.0241393155873367 -0.38558867806233 0.180830918839043 0.0190062614064487
0.426906108627871 -0.169642672059886 0.0967481789561789 0.236332284424387
0.243490375426753 0.432638222787322 -0.128528269855352 0.184934501063835
-0.360604863800821 0.449802718606245 -0.16014785190667 0.00725503703575026
-0.618900780581525 0.0654456494968939 -0.0409935272296724 -0.0255812798199397
-0.644700820462527 0.00147030704895295 0.0557131867779697 0.0030506763737495
-0.524730061545367 0.322527337739932 0.151678423364369 -0.0244605965987901
0.0265145773650144 0.563109135541054 0.180742808625588 -0.172166519247714
0.47182207410705 0.0813472844455108 -0.00963852506375982 -0.2482946679439
0.173692956446048 -0.407809866113246 -0.160134714010253 -0.0929700787072761
-0.233313654829771 -0.227128291821586 -0.0970153598202159 0.0671547716864332
-0.294673078388302 0.0674544761813927 0.0143631814853206 0.061072515193249
-0.173776030429949 0.183809007933366 0.0380591459365742 -0.0528389359735608
-0.181712849433675 0.0916711514586783 0.0292431916210629 -0.0311367177198444
-0.212052107898836 -0.113720723901779 0.0785698525886082 -0.0486321914451623
0.0430122554767019 -0.267171896516625 0.13075570207307 0.0361538694883471
0.36241501002453 -0.0379552631866153 0.042812293633331 0.176927811163881
0.12828300631093 0.445974128136241 -0.123925757731926 0.168521180520681
-0.398522653957429 0.412799181333573 -0.258890912755811 0.065940874666225
-0.610370775424722 0.0511261645039921 -0.263484422355864 -0.0224785770896527
-0.616466907291194 0.000962781634878956 -0.199681696003706 -0.0014649195855509
-0.48208647864573 0.294923429736288 -0.0368102831358616 0.0632342133818855
0.0313062975845458 0.497394838098039 0.135349536189112 -0.0690539914454051
0.417531694218019 0.0352498215438583 -0.0348550093437301 -0.222484018017137
0.106486774917026 -0.408777096618237 -0.206607232501171 -0.0278232012657652
-0.288657066708913 -0.212544203162838 -0.059902416366302 0.14264132113893
-0.327499483906277 0.0910660450877835 0.0937845382560507 0.0566550667160167
-0.186897480307104 0.189738061382115 0.117420625628925 -0.12429497573263
-0.113099509358617 0.059907714872712 0.0522029775316586 -0.0567430490167748
-0.103453112341062 -0.0667908125618956 0.0471716940139325 -0.0872226265807718
0.0515000238200207 -0.0984398119802039 0.155817009595562 -0.0686236793059574
0.175036651821858 0.0487440434361678 0.157225414660745 0.149304271729826
-0.00267065825230924 0.297250095473502 -0.0657207150943188 0.249500037918793
-0.335890023767674 0.27036284729723 -0.337109856105249 0.144612630400295
-0.489831137978294 0.0323762037862297 -0.460898359641468 -0.0131712330196961
-0.496712628536899 -0.00294546284569314 -0.426651624004875 -0.00566457595465122
-0.383802862046596 0.212976417489518 -0.211335734876196 0.129504694151457
-0.0164722241503321 0.366811761753127 0.0725063549816812 0.063136729103409
0.2758419747642 0.0565178293722322 0.00403500746408774 -0.128863739400617
0.0779230238585648 -0.275135436744414 -0.160957447007275 0.0216400265120058
-0.225123527828426 -0.15620863602489 0.0247514810265827 0.174415797951961
-0.270593755403335 0.0789566931019555 0.197463606815786 0.0334433642170532
-0.159508926554074 0.153379383938567 0.205302068509329 -0.19753808064366
-0.0573855483574119 0.0254512592318644 0.0456068890595567 -0.0742470762276192
-0.0335128745997185 -0.0361606445931215 0.0103267338835449 -0.151258669339011
0.0376342222395084 -0.00597138842794179 0.228866602335651 -0.143154785225934
0.041838640420942 0.0577996509570697 0.24597400555948 0.230509618885264
-0.0401833669981128 0.136235003451134 -0.0870274350007125 0.36523292383365
-0.193888432968763 0.130304533755119 -0.400191672727221 0.209623484613788
-0.285457445338352 0.0194482162109664 -0.59689641306134 0.0106613136305328
-0.296351976789592 -0.00536331657927227 -0.587153499428154 -0.00988618096104
-0.235688169465347 0.109400692369648 -0.341679064205647 0.15899922648518
-0.0460262773588441 0.206668469237027 0.0184022866421271 0.168205262287533
0.123969927402136 0.0703409701915543 0.0728402002045184 -0.065347499761241
0.0602866198549229 -0.11924412449996 -0.112470491133612 -0.00199066016158565
-0.10992640559237 -0.0919821111111974 0.0624099411100907 0.163006000898414
-0.153260269908285 0.0354222527282961 0.269421522762195 0.0160674883854978
-0.0974515386713245 0.0774069924354146 0.278595137830379 -0.24639576703315
0.0123970680026004 0.00828513956076134 -0.309870074312346 0.231797965677072
0.019658972685234 0.00584818460857516 -0.284556389099771 -0.0391161444853176
0.0140626638281873 0.015568010382734 -0.0532490144251018 -0.13573942637601
-0.0211782733029891 0.0121516511642833 0.0822950856758958 0.0379775693735083
-0.00868246123508409 -0.0347937514003588 -0.0891667484575469 0.0311353803391929
0.0231735929181723 -0.0463247139185113 0.0352324118757321 -0.196261576896535
0.0516649668589679 -0.0243316950067022 0.415047714542259 -0.117109095232382
0.0577370605225518 0.00354589447786413 0.656258631861726 0.000900624959966322
0.0433759555577403 -0.00284016533606554 0.65566924575533 -0.0879142767839449
0.0341026263577629 -0.033363399392331 0.423732799344426 -0.313540196232777
0.0143779159236699 -0.0652586755962245 0.0684294258009607 -0.448758559202644
-0.0296058678455294 -0.0319013241016624 -0.305446061009242 -0.239544884125256
-0.0152826599064018 0.0203790328345101 -0.26448575422832 0.213751829794836
0.0038660570261561 0.0299715120896306 0.0532249188445296 0.197052625665105
0.0175861616082665 0.0171060047766283 -0.0314738674434845 0.0703938853113003
-0.0898401795791085 0.08775272223467 -0.298834692482917 0.192800074707638
-0.133381960320495 0.0135151872700609 -0.259734469110401 -0.0793807025884806
-0.0617868454669973 -0.0824573530529903 -0.019716452045283 -0.155448176410533
0.0598706538077517 -0.071653469219663 0.0922583344639954 0.0405898467439658
0.0783497810153454 0.0565024652051235 -0.0768686044521045 0.0176176706736869
-0.0576939875109274 0.103701585533762 0.0629236995892118 -0.184785619563246
-0.158055467666104 0.0261066945568879 0.41123845652509 -0.0889669454850408
-0.194051403373801 0.00716821775504536 0.627553647995108 0.000906727703336893
-0.195918427959045 0.0675022441668895 0.618583664768186 -0.130339288469944
-0.0895166337904644 0.10967446522293 0.354842927407432 -0.35765833850164
-0.000620797594190707 0.0296680129403594 -0.0341910632705506 -0.422110302450928
-0.0112718031646226 0.00174271111334908 -0.329768728286428 -0.137406365873366
0.002091777499463 0.0326784121037441 -0.195624857427368 0.238294976329323
-0.0123460842690725 0.0324060624979903 0.0643730180605532 0.172454904017611
-0.0165157054502688 0.0555786300186456 -0.0295975137799221 0.0594560057018966
-0.180444603077846 0.13505773945201 -0.238596381626226 0.124461455992707
-0.271909109720056 -0.0151326798134595 -0.177254566785525 -0.125366530459771
-0.112537904982096 -0.211370507291729 0.0527613894690034 -0.172146221416425
0.173442733239895 -0.151809736197133 0.139449530475093 0.0517867371999009
0.156751664154325 0.172209840057212 -0.0418302048109768 0.0492786230685175
-0.163331155969633 0.244783127392147 0.0477283042336523 -0.129386999072835
-0.361060926390061 0.0572096309523534 0.328084188169323 -0.0575323766228893
-0.417039786319908 0.00960733453429265 0.501981410144866 0.00160767688521213
-0.387249514317262 0.176515762440238 0.50341309453821 -0.146622131928888
-0.12981576647218 0.324805269745231 0.251685360741877 -0.341902668711567
0.113508622515656 0.158695135906657 -0.112577213066911 -0.288378290057535
0.0986172137664788 -0.041994768947495 -0.24902922104444 -0.00314211819877915
-0.00539108872928168 -0.0376146420617855 -0.0909117194625119 0.186728087537319
-0.0751254485480674 0.0279743513220299 0.0431575301412043 0.115682130834273
-0.0634816265761223 0.0989657162264107 -0.0302867248479694 0.0380289847284773
-0.234522146367763 0.143089244844199 -0.140074342909009 0.0536752984919122
-0.348927839849543 -0.0754187265274907 -0.0458745421591878 -0.132011375396275
-0.107109846434143 -0.348190270553714 0.156793077604765 -0.112434296282264
0.317435924425931 -0.216972449188247 0.178195703762003 0.143563907931721
0.237579200381515 0.301168069759135 -0.0515217983655524 0.140571139775145
-0.264012022969775 0.375227856255905 -0.0374485149786079 -0.0519167134354586
-0.524699952211032 0.0746636821642244 0.167008509207457 -0.0364062470031366
-0.57124068066514 0.0131874848451502 0.301039565824448 0.0027459595896582
-0.494640339568919 0.284104609716392 0.338578601737449 -0.10759692030797
-0.0524403294196213 0.515190179093793 0.198474179897172 -0.260286044883973
0.349213244372184 0.17434118532749 -0.0462191352663402 -0.209125527067322
0.197520214403103 -0.237187614127369 -0.127665313106016 -0.0312859305301188
-0.100396692916063 -0.160634738916555 -0.0631473189696994 0.0788019670336804
-0.187735655465829 0.0373239801830483 0.00575478208540902 0.0722516249153394
-0.122788837637217 0.147185930138008 -0.0122092937604974 0.00290989447016816
-0.231918901674677 0.123229949111728 -0.0391752514947032 0.000117647420722242
-0.319632539155489 -0.12494251522286 0.0610368601324687 -0.0843452071834358
-0.030275293069839 -0.389235692624147 0.187129165683091 0.0172069126271643
0.424875171200306 -0.180044860907471 0.103779331210793 0.238542899590853
0.253680422137091 0.430408061563478 -0.12782462220484 0.189242825304886
-0.348928018361652 0.45973153543889 -0.161754941902129 0.00953029220808212
-0.619067843409653 0.0768152721461777 -0.0417240464971332 -0.0257248600847245
-0.642649863068399 0.0137178326144894 0.0558360379672434 0.00261817464039273
-0.520630771583767 0.334826758638937 0.153850010875165 -0.0256208499772651
0.03772312367332 0.565345615988771 0.181865018319688 -0.176796571227471
0.476551214428786 0.074032208159797 -0.011151501941607 -0.252787974930437
0.168689427424553 -0.416193280962816 -0.16555301404669 -0.0943246026554994
-0.235737974433822 -0.226539699158503 -0.100142865291471 0.0704424902770734
-0.294154366394638 0.0698974080700461 0.0132941715149296 0.0656223138339663
-0.171369487019308 0.186105908589048 0.0396577752336387 -0.050901633017835
-0.179238647735876 0.0917999307652925 0.0285003242997251 -0.0340102524331114
-0.213069732406615 -0.113947035760847 0.0822721422014809 -0.0510622740350733
0.0420832052475072 -0.271165695688091 0.134704972048507 0.0363294739106091
0.366094492291415 -0.0437728161213051 0.0457883559635764 0.180481036914252
0.137262290644131 0.448557738977735 -0.125140981520179 0.1716925443565
-0.390825966278924 0.421640637596584 -0.259886891945499 0.0701220641681008
-0.610447157442731 0.0625489082012254 -0.264907968740485 -0.0190841387471613
-0.61726760671386 0.0120428396820709 -0.199588694315551 0.00156145698373433
-0.478408185853923 0.305547933840867 -0.0347442377062539 0.0655407822418557
0.0396466920838406 0.49783368584375 0.135905462426259 -0.0701144618545038
0.42040039054935 0.0257844491027207 -0.037180714905397 -0.223140722957822
0.0995028626163691 -0.413737878141861 -0.209326382384457 -0.0254449609879017
-0.292890334976012 -0.208548979053196 -0.0601558332216758 0.146115689865469
-0.326820112287262 0.0955052861822303 0.0938983100338831 0.0595980842866591
-0.184950688558407 0.191982856350992 0.118188588527847 -0.122648307676703
-0.110573280289933 0.0585824241834795 0.0506770993115946 -0.0591960914194534
-0.102659244954346 -0.0685016665560742 0.0467205436824341 -0.0892140512443405
0.0549541634285954 -0.0998645918977639 0.155220748715232 -0.0716285659549001
0.178251193579295 0.0485315810193051 0.161571393944752 0.147495808422105
0.00108467127923804 0.301964731267839 -0.0635052552245461 0.252059479770074
-0.334636817966301 0.275896261871692 -0.337540253549197 0.150144352582752
-0.491441062773904 0.0405298833580491 -0.464681932485051 -0.00682819407575874
-0.49516500896254 0.00530542807092728 -0.427737531229729 0.000527167405921495
-0.381435845913549 0.219893728074742 -0.208446116931509 0.135581871665519
-0.00966345678288988 0.368156380203132 0.0755333869136643 0.06457342081923
0.276062291161801 0.0511458304857311 0.00542312670582566 -0.129218850972059
0.0731464564421319 -0.277887700763762 -0.158638568244928 0.023535974832557
-0.229187397928252 -0.1521044778223 0.0262143818609614 0.174555168446272
-0.269227920331354 0.0831483095189496 0.198900229175098 0.0328053933629631
-0.157179486011014 0.155450956376302 0.206218566117796 -0.198356336247297
-0.0564639798023919 0.0247189001912998 0.0424021239793953 -0.0744648643676931
-0.0323422918195192 -0.0374963415570501 0.00573125102411682 -0.153148670327479
0.0412210503819358 -0.00691208061764742 0.228455724122027 -0.15075342370454
0.0450704702669479 0.0590163021269798 0.255406695352324 0.227646241877623
-0.0388175309580267 0.140415697384226 -0.0819083983778776 0.372091591672121
-0.194637675209733 0.134420262246003 -0.399803324763578 0.217566567947902
-0.286898647959073 0.0245418845270852 -0.597824606612333 0.0201978702553853
-0.295412446196894 -0.00148333215011577 -0.588365381749114 -0.000814140018319822
-0.234429436530283 0.112182856052804 -0.33950209987587 0.166165637738541
-0.0426674667309773 0.206816580704052 0.0222202015351801 0.173193380649046
0.125526250318297 0.0672576161134757 0.0778324355443336 -0.0660562225597607
0.0584595912867291 -0.121366309616592 -0.108938141665171 -0.00322951214625868
-0.112864575163693 -0.0884599487849135 0.0636747198293609 0.160224573084355
-0.151448795417534 0.0381076265887004 0.270604423257825 0.01233351320487
-0.0970863544698564 0.0788492301450517 0.279711348908065 -0.247953385619722
0.012495808624389 0.00778606262596102 -0.309141708642693 0.243598987996272
0.0196379079885325 0.00472068926706369 -0.290532063390274 -0.0279070744060258
0.0153114714583238 0.0145271626509591 -0.0578559373416505 -0.132655995338917
-0.0209554839764452 0.0132603394815642 0.0816789609376124 0.0403163239199656
-0.00855853918108706 -0.0358796022935421 -0.0953490361254813 0.0335069406642125
0.02312286818644 -0.045931310319138 0.0275727830586365 -0.206034339935283
0.0524597402706049 -0.0259439523168385 0.419611811028952 -0.136570087363022
0.0596320159793607 0.00220121456294763 0.66483193079288 -0.0191874883067566
0.0449177617070641 -0.00392219862829726 0.665545139766479 -0.105913726297112
0.0358342690428149 -0.0348514903035868 0.422094395925839 -0.336639611925741
0.0113213706758173 -0.068491125802119 0.0548662321405797 -0.465193348031456
-0.0335163349074759 -0.0318340381762513 -0.326060980320673 -0.237863159453598
-0.0141888963695013 0.021596218767678 -0.262755094021822 0.231986163321259
0.00434006058390788 0.0308305459353951 0.0647578536037218 0.199077940260851
0.0188809255775966 0.0174520882455848 -0.0273610331370857 0.0715979117131207
-0.0884541772215537 0.0932029795702814 -0.299539560340977 0.203401962425447
-0.135822193393496 0.0189968362237843 -0.266737267805838 -0.0712669558690867
-0.0664991515680053 -0.0814185223430199 -0.0245603396164185 -0.154152046704093
0.0580389131292667 -0.0758768647162621 0.0911768157838937 0.0412296370848881
0.0827263000791399 0.0546267660801713 -0.0825119017121582 0.017890769690925
-0.0538290606339263 0.109212432877489 0.0568967872779459 -0.194766035228591
-0.15967758189726 0.0327754676125127 0.41721418624882 -0.107192182302911
-0.194894989197509 0.0147812475034697 0.637592153959268 -0.0190216389813222
-0.19717978160774 0.0767191466471912 0.627293312270225 -0.153598151441816
-0.0863298159099747 0.115920685850633 0.351604264887809 -0.380010359084205
-0.00124256873414131 0.0324864077761507 -0.0486377335719256 -0.433526279412607
-0.0122225847221306 0.00435352494570112 -0.345892707935395 -0.128763479598835
0.00638347049890303 0.0340126833463407 -0.191054404021262 0.252784899952467
-0.0110103899709351 0.0310351942747921 0.0738838492388425 0.173072872942863
-0.0155817456135093 0.0548638391274117 -0.0264980386480729 0.0608400709896462
-0.179099897921281 0.144076276009521 -0.240390196680019 0.132117498017346
-0.278027029017265 -0.00524743553516987 -0.18331965862486 -0.123157691707902
-0.123194744015547 -0.211066086441183 0.0489560409151051 -0.176002290502156
0.169642373404532 -0.162156808604125 0.140015175710568 0.0484940366123567
0.166329361259063 0.167712890522947 -0.0440230958123489 0.0481794012690707
-0.156658411635048 0.255891138084284 0.0452070388877041 -0.136071970425522
-0.36428651101684 0.0716358883830808 0.331186132523008 -0.0729436593423846
-0.421630332555423 0.0246952530712574 0.510072126252326 -0.015346849782884
-0.387310577143788 0.194165056955409 0.509344750439317 -0.166433031927135
-0.120878237764035 0.337530356804797 0.247888247220794 -0.3580286593928
0.12053120229263 0.162640512343465 -0.123947365271028 -0.292774356028743
0.100863130308413 -0.0443126915157007 -0.255601486361293 0.00520989567778369
-0.00305311417075426 -0.039179610259768 -0.0860240743047987 0.194177336527955
-0.0745555698382519 0.0272458944408435 0.0476278178882735 0.115647228488737
-0.0618384333937504 0.0997305645932691 -0.0276927475756874 0.0392078158894011
-0.235388814651876 0.15252284582733 -0.141727592112292 0.0559843779771395
-0.360315395801452 -0.0659313880890878 -0.0494666952494564 -0.13692677453916
-0.123552788139555 -0.352380598811922 0.158929382233066 -0.12018751604195
0.31403180238936 -0.23509482670968 0.187854583988496 0.139231036035924
0.253175452352589 0.297630639716289 -0.0479939726748824 0.14446398581345
-0.254512845461613 0.390943731052623 -0.0389192883774374 -0.0537499132892127
-0.529663253136963 0.0942349335244039 0.169325891956962 -0.0444063762060628
-0.5787541313987 0.0330025884288206 0.30617772103154 -0.00778540425570995
-0.492129616183727 0.307672197342564 0.342144871106239 -0.119147502532051
-0.033499568832646 0.527984999852864 0.197353229199886 -0.271953911830628
0.365093561998169 0.168779103359162 -0.0518010812229789 -0.214382787094589
0.195444657200574 -0.249451564291197 -0.133110532362818 -0.0300461459277545
-0.104890827078558 -0.163626356721724 -0.0643580795672407 0.0820107862891948
-0.190796434770523 0.0401943513452759 0.00643040021503297 0.0746983710915585
-0.120208476643684 0.151033157982243 -0.0106807887537211 0.00456804949579337
-0.231683211605368 0.130911379832654 -0.0409707939895036 -0.0022860183702714
-0.331136401714062 -0.118447028009935 0.0638532399889836 -0.0917025862490146
-0.0437444611429294 -0.397652480946841 0.196975190086506 0.0115996418735231
0.428602162306998 -0.199894016308408 0.115338622423578 0.242971452296967
0.274789313623094 0.429910331380351 -0.125210364860646 0.198532171357418
-0.339187687158941 0.479450471762539 -0.163945122706009 0.0144162658706744
-0.625743095737245 0.10120859860186 -0.0440576794847782 -0.025031192423482
-0.653700331317685 0.0343165546378804 0.057696518143366 0.00115253511381537
-0.517849147486807 0.359804180948107 0.158019174044764 -0.0297803433270684
0.0599291858917203 0.575938884367242 0.182622524526681 -0.186929996973639
0.490978455441035 0.0594358090912936 -0.018879985385255 -0.262061277088656
0.157595345055452 -0.433095850173022 -0.176638669600253 -0.0935694255214888
-0.248319875838413 -0.225649178793741 -0.104331353635372 0.0755946790860483
-0.297547375100279 0.075529630178839 0.0138189584184056 0.0699004371243888
-0.16897944970227 0.192449225958562 0.0405085568931654 -0.0501437198968627
-0.178451696271075 0.0968460539345241 0.0269859508184294 -0.0380282382389027
-0.220505727959327 -0.112943387420165 0.0854719501097927 -0.0565526168615756
0.0378399544953297 -0.279437663496772 0.142379685364788 0.0338931920074625
0.374004012043577 -0.0570819534962303 0.0530222200249152 0.185942709074874
0.155930973254699 0.454459580132919 -0.12621298668556 0.180572728552031
-0.383468103746313 0.443905031291059 -0.263223279075116 0.0795363349086304
-0.618915608691368 0.0864154700917811 -0.271228683971585 -0.00956078329513693
-0.624257616096737 0.031270049118328 -0.202135703371815 0.00990042211701859
-0.476516796880629 0.327020935414993 -0.0318635251831304 0.0690524552034828
0.0597194023710056 0.5058907861347 0.137083530596798 -0.0766527285321007
0.429770142720789 0.010120158784885 -0.0450680745326132 -0.228296757045206
0.0856050879739128 -0.42854730153728 -0.217108146382962 -0.0188735605842527
-0.305622786342993 -0.203452044535537 -0.0594508227418319 0.153414773753693
-0.328605328168808 0.105237959322318 0.0969927553818423 0.0623596484729837
-0.183554334983545 0.201810571158003 0.119599030432168 -0.12554386961117
-0.109952943282396 0.0600355887074972 0.047949795949707 -0.0619068239965245
-0.105424491626297 -0.069699336259066 0.044815153276434 -0.0933691760836872
0.0571996227094114 -0.104464226370046 0.156514405932302 -0.0797998044862338
0.186416590164314 0.0457573421735448 0.171694545998841 0.145358288902082
0.0120209740360918 0.311070697589653 -0.0582244143120632 0.260783457085805
-0.331361240593976 0.294081807037181 -0.339305627992027 0.163331659326168
-0.499047558251957 0.0605291422025687 -0.473916186955388 0.00902942924932526
-0.501770874956897 0.0208724889739187 -0.435739554519202 0.0154098936215166
-0.381880962355527 0.236374384028845 -0.206816573469829 0.146548918201836
0.00381618548293323 0.375860769894179 0.0804516886001409 0.0666560760223635
0.282988430783585 0.0409587763934778 0.00499367241285105 -0.131750093666889
0.0630665647207123 -0.286626041877786 -0.159420402249981 0.02841369257857
-0.239217841625468 -0.146289788791224 0.031072032198141 0.178772790258452
-0.270224514067985 0.0933655897835269 0.204124571617963 0.0300431919689087
-0.155627749151144 0.164047804728977 0.206097562141226 -0.206719827374615
-0.0555372124588835 0.0244615499932096 0.0385474716636108 -0.0762949465514042
-0.0333842927747971 -0.038964336929861 -0.000777534571751746 -0.156970139150882
0.0453933065504816 -0.00897702662364384 0.228349137095104 -0.164684233779582
0.0494920916919112 0.0605362287209042 0.273530864485806 0.224674815584595
-0.034719659494632 0.146001071303826 -0.0722955178915285 0.384620624604697
-0.195440959432691 0.14369309242468 -0.40179663504445 0.235748049058851
-0.29188902243294 0.0351767368251188 -0.610399553441128 0.0406125046389378
-0.300139923805071 0.0077844071989142 -0.597480091871903 0.019435369008463
-0.235085322504171 0.121867321701219 -0.339912988353393 0.183443708749051
-0.037449716475054 0.212665470090144 0.0307252415692335 0.180946527846542
0.129170180286807 0.0641675743811592 0.0833552891874157 -0.0692044925086906
0.0546045711749676 -0.12620007923432 -0.10702268884253 -0.0024183812908309
-0.1184740407043 -0.0850883921160108 0.0701347159538267 0.159138536124458
-0.152402469885616 0.0438195969688632 0.276755885312036 0.00333435864585975
-0.0965090625433678 0.0835256779067267 0.279169794169552 -0.260917014562537
0.0124093241171584 0.00774487400960028 -0.298715768906742 0.259256937002942
0.0193245646922311 0.0034470807344967 -0.292824652217294 -0.00981983832275976
0.0165052829067436 0.0135138626409939 -0.0649035585717383 -0.127128001626459
-0.020835123219027 0.0134038004453738 0.0806371774539513 0.0388898880590246
-0.0101933895382689 -0.0357983097346281 -0.0998388614751686 0.0376227725703749
0.0220169810688727 -0.045928174205886 0.0134405407166286 -0.213771239696646
0.0513457858088725 -0.0282227386489069 0.410735131095051 -0.161791137606558
0.0597756020519392 -0.000690804303160794 0.663874787217136 -0.054876227271233
0.0452725914443564 -0.00569854403273898 0.663657080781444 -0.14490206098007
0.0356487577930907 -0.0375320435581949 0.406523456095994 -0.36551840074906
0.00598788940078896 -0.0703823119898939 0.028145642670114 -0.474520485164837
-0.0370500979340086 -0.0297650945923027 -0.34774241849747 -0.221585100346454
-0.0127984535881022 0.0226343371160959 -0.251331943291184 0.251969204628519
0.00580997237371386 0.0314339714892196 0.0791726550798487 0.196417531725661
0.0199179068565552 0.0164593818140872 -0.0204988550622931 0.0713768340822431
-0.0832553891498523 0.0987590771270958 -0.290438842422656 0.217868452425086
-0.135841870308225 0.0275329360553818 -0.27088864058977 -0.0560626376541966
-0.0712241114312862 -0.0774125094519431 -0.0330040279821557 -0.150953887791992
0.0527892202034937 -0.0798697980381347 0.0887968398167061 0.0387530842333716
0.086852355349881 0.0487476649444777 -0.0868332015995542 0.0195146847494784
-0.0458276245126243 0.113332524157145 0.0452849492736462 -0.20437273777475
-0.157695703815015 0.0424960433408808 0.409973095339207 -0.133315696612891
-0.193542298774904 0.0265317888737837 0.636771134794971 -0.0561044640602904
-0.191378379800721 0.0890998017065818 0.621962497169828 -0.19103223810197
-0.0800057280011165 0.121525218272127 0.334853152397471 -0.404107620600901
-0.00126353910252119 0.0344669724779959 -0.0749988473533273 -0.43701752956125
-0.0128284773119882 0.00752480845951168 -0.36084713387419 -0.110440734759606
0.0113402193810824 0.0332140600161481 -0.177315105982142 0.268383373938833
-0.0091646889165665 0.0298731503212761 0.0863704826098359 0.169288966351207
-0.0130586058138828 0.0546619788670325 -0.0194277424133662 0.0606935832691096
-0.172016499330793 0.154077822461689 -0.234181102789776 0.142227998909839
-0.280578062021801 0.0117503282245214 -0.189659798394981 -0.114659399013326
-0.136441657945555 -0.204084034924074 0.0394597210453842 -0.17842302678073
0.158869127145147 -0.174402014480114 0.139587837635577 0.0407500512293138
0.177290872037972 0.158163798288589 -0.0445685476366569 0.0474832981807317
-0.139439915907399 0.265579655324466 0.0377869243756436 -0.143480327014954
-0.359723939562538 0.0928955520703448 0.328356353131993 -0.0937539358397502
-0.418649209721236 0.0492560676541237 0.508891351539019 -0.0438758856541138
-0.374785892685312 0.218605554191221 0.503003081700429 -0.194552115366715
-0.101169216093665 0.348978883251985 0.230543823725296 -0.375201198786458
0.130719707262633 0.160771435820445 -0.141578589319565 -0.289266430179509
0.100663621868928 -0.0488878197351096 -0.258660707298233 0.0202070365051378
-0.00103240688730945 -0.0411202311577615 -0.0744469046247278 0.201260458696393
-0.072407972001139 0.0275331096997542 0.0552469962365473 0.113349839012588
-0.0573267834225579 0.101240022294695 -0.0231795539054455 0.0408591323985289
-0.226797894747307 0.165166273268858 -0.140876843103733 0.0605042429385203
-0.365660804077908 -0.0454951788015104 -0.0552945691620781 -0.138906378673293
-0.145740736934035 -0.346838961893288 0.155296853106818 -0.131436453244988
0.29974524200129 -0.257110660481638 0.195670668434345 0.129040876602177
0.271322049677222 0.282176285130922 -0.0412545450681855 0.145982568261438
-0.229474810570519 0.406136547156735 -0.0413970857613824 -0.0532068711955593
-0.524096021560475 0.125855666444604 0.167370532092495 -0.0546482731504259
-0.576202135273336 0.0653767933597274 0.306016671798898 -0.0237783898173905
-0.474690438983118 0.340078147554325 0.33861714384078 -0.13901260734547
-0.0025120322869225 0.534474057964525 0.185296241129668 -0.286352294153695
0.37827319870536 0.15204883461 -0.0610682507821737 -0.216117991183664
0.18342295639132 -0.263081051118617 -0.137461307420642 -0.0252405616264059
-0.112289329625024 -0.161699836139089 -0.0605924270382258 0.0859882262735155
-0.188550425137203 0.0459239381551617 0.00964127258689607 0.0771794279931753
-0.113651321085777 0.156000472648353 -0.00819865479665083 0.00696610888054465
-0.224851054139812 0.141434326678955 -0.0414268111901698 -0.00292701241453046
-0.340018005615796 -0.103467594104907 0.0616190085264813 -0.100072712088125
-0.0666609695584122 -0.398851639981674 0.204078856512366 0.000974940944072676
0.416983901173592 -0.228414807140395 0.131816944977378 0.239824822547478
0.303211037191721 0.415506281112168 -0.116538234840629 0.208806894402807
-0.308577174977034 0.499417870116838 -0.163766645836704 0.0227849006987864
-0.619204385920035 0.137866075806348 -0.0446909845467425 -0.0230421919504777
-0.648302220014234 0.0706264447841549 0.0584417845663277 -0.000992184738805856
-0.49697612231464 0.391086918737333 0.158707314584612 -0.0383464715851289
0.096174677495522 0.574854698367287 0.174764953383043 -0.199716130697405
0.498294094193016 0.0299398298887777 -0.0329876106530061 -0.266537546907551
0.13273405118134 -0.447711197099667 -0.187483302766387 -0.0863671027510414
-0.26222420788586 -0.214612139613759 -0.103797970950769 0.084519103134795
-0.295033730879663 0.0897909619172703 0.0168654427630655 0.0743955319830893
-0.159224163467388 0.201614850662047 0.0407770645207561 -0.0483248739291667
-0.173076382718403 0.102228299213288 0.0247258099775664 -0.0417078707204395
-0.227639155120717 -0.103582469803514 0.0846841291258623 -0.064204228295071
0.0253710005434764 -0.285151682762778 0.148024271545716 0.0271986027934027
0.374248529074162 -0.0793969690978921 0.0641042254547626 0.186553426818351
0.185382629052684 0.45087459628008 -0.120143334811798 0.189793540635357
-0.357476409929117 0.46767114519041 -0.261177703334787 0.093244481068013
-0.61630784257357 0.121344357105563 -0.273242579474387 0.00576492196202534
-0.621323593395397 0.0677999284271631 -0.2012836046231 0.0217091628003014
-0.458703785907151 0.355945476229075 -0.0267097204587781 0.0725488380767218
0.090842122730251 0.502899252477742 0.134752355584232 -0.0842970128438584
0.432453877077353 -0.0166399304213789 -0.0576021659659996 -0.227612221463597
0.0581047289696831 -0.438770940800432 -0.220868129741897 -0.00679934732218688
-0.319962596171014 -0.187534694523714 -0.0528124917310666 0.160440425695755
-0.324750527147962 0.12238880344754 0.101852444709819 0.0618207706932331
-0.173217919060175 0.212080429807589 0.115855257016248 -0.129399974312801
-0.105965264652159 0.0623548651411626 0.0440211804737694 -0.0651626900322837
-0.108339398948341 -0.0654466760446917 0.0402265267442718 -0.0966248343859798
0.0561568705888213 -0.110040896413921 0.151967354558543 -0.0899061708138213
0.190946036492329 0.0369717569796235 0.183182753860353 0.135723039134914
0.0309211055733103 0.31391778064014 -0.0449219284792663 0.266053668436728
-0.315957851286128 0.314795122900206 -0.331113969927124 0.182372238422164
-0.498480820207268 0.0909874569417134 -0.475095198236681 0.0368054356059055
-0.500548956500865 0.0497266445007942 -0.434490267880524 0.0417583045631485
-0.366723915855482 0.25903235057034 -0.198114526384075 0.160550883388633
0.025530867148399 0.37620751993467 0.0855560360464868 0.065570429792006
0.286742924346646 0.0231375698392577 0.00109599820504983 -0.132248653355535
0.0448571687751888 -0.292592756042433 -0.154964076657937 0.0365235577680083
-0.248858719528499 -0.131955996079565 0.0402618258854145 0.177884595536561
-0.265284421803386 0.108348052979134 0.207053064416422 0.0201785239962997
-0.147432730553435 0.173268201591722 0.198424757241863 -0.214833352641164
-0.0537145000314936 0.0256886850141475 0.0326962416007029 -0.0765167346872728
-0.0344607095419117 -0.0387165193758635 -0.011898929786835 -0.158012435288501
0.0483561216911373 -0.0134888922881791 0.219209747131048 -0.18179493058458
0.0543543398161182 0.0589712774620824 0.292966872664359 0.209455074107148
-0.0254957510353448 0.150607807497666 -0.0502525492767812 0.393236059162136
-0.188939706767026 0.156280704350314 -0.390002940561695 0.259624688622989
-0.291753026489673 0.0533117317023921 -0.609703349509697 0.0780095457663155
-0.300648477535577 0.0245716532522397 -0.597476613893412 0.0538636415921564
-0.227780984351908 0.135232841581682 -0.329700271200226 0.204527906449257
-0.0250910744019702 0.215612141434268 0.0442571311530592 0.184955231609692
0.133725167819878 0.0556624447014257 0.0858225608621044 -0.0746042332024446
0.046058996330808 -0.130082470574998 -0.102634703209012 -2.61097893425177E-07
-0.123766655535397 -0.0765859804671857 0.0778229136442481 0.153677822645883
-0.148571937761827 0.0521863581878115 0.276828577208987 -0.0113134448770912
-0.0922779264415179 0.0894781347545752 0.268560503385255 -0.275339924227099
0.0115358663521505 0.00440733564965075 -0.242701443446211 0.302608407931111
0.0181603159750032 -0.00211290125493263 -0.282183314674231 0.0462468609679904
0.01880723348752 0.00941641621910391 -0.0828890974213004 -0.107834364275598
-0.0174194340296346 0.0169220229919488 0.0815718420853372 0.0271921134132634
-0.0159843454416103 -0.0336532619786052 -0.0951501844205157 0.0543518027098333
0.0136711960090878 -0.0478288414414708 -0.0275362931916073 -0.21319414775609
0.0451898377239913 -0.0357575129720167 0.365702033499489 -0.231354133992245
0.0583123936158027 -0.0126324623767256 0.627210283335121 -0.174773095644645
0.0443141223709909 -0.0157456282906784 0.612293789881913 -0.255744960332798
0.0284171515225646 -0.0463223617511979 0.325405098227723 -0.42718908758486
-0.0103999648265754 -0.0700504566373232 -0.0620455670797853 -0.464962621505895
-0.044239399782318 -0.0208836490316005 -0.380031649524591 -0.150026223816955
-0.00809686546243994 0.0250550053510979 -0.191402086026679 0.294932833396522
0.0112419033442637 0.0311921930298847 0.1160733163152 0.173426669347601
0.0216728356979526 0.013305315384115 -0.00463206106661698 0.0697944089726926
-0.0647830522349691 0.10965973064773 -0.241020378105337 0.26158769461429
-0.127764810826176 0.0499239298616056 -0.271862490012825 -0.00105794293605108
-0.0829564998959158 -0.0620836465600238 -0.0585697857191962 -0.136290093742773
0.0359577233347878 -0.0870277731958029 0.087700812504649 0.024498072179844
0.0930414375428878 0.0305219131973 -0.085899909912355 0.0317370617989893
-0.0232343297512261 0.11899380150661 0.00578365939639436 -0.209331707771126
-0.145360927321661 0.0691755190951484 0.370130733428786 -0.203735547094272
-0.181835368472043 0.0591429384013057 0.600039013411291 -0.168847339835177
-0.167202251476573 0.117951650735857 0.56332090412975 -0.29358680021905
-0.0556728542471865 0.130323710078162 0.248924068764039 -0.450435621907151
0.00112479608409983 0.0359659726540973 -0.153380660901799 -0.410099352805616
-0.0128454220333679 0.0125146022716298 -0.370356511477165 -0.0394457120678079
0.019203977095787 0.0309857763605225 -0.11527118578476 0.294265152562047
-0.00255391230663069 0.0297223499890949 0.116957324867886 0.146617485424151
-0.00455194397707146 0.0546882976465362 -0.0055185222172979 0.0602193223308781
-0.140869578684962 0.178819700057062 -0.200548135668611 0.178941446394658
-0.270651901281522 0.0612699032649572 -0.204691019943712 -0.0740705910536156
-0.169192514434792 -0.173021127840251 0.00455602003602606 -0.177659951478914
0.120542636870318 -0.197486205877357 0.13719246561163 0.0136667083991875
0.20027653467623 0.119489775637983 -0.0377480025992952 0.0496900362663736
-0.0868699688978985 0.284108812422142 0.0114319556943252 -0.147992388005299
-0.332917876079009 0.153341134733478 0.298641592099857 -0.149951386010255
-0.395657711971855 0.122474156146699 0.48221321740778 -0.135192914193843
-0.322014909429048 0.275416250342084 0.450009442307654 -0.276867632869075
-0.0360479803434016 0.35364940168542 0.155258944262738 -0.402895505952335
0.154434260210267 0.136637925178193 -0.188145608233336 -0.255034308868434
0.0885069210170748 -0.0619594977073209 -0.24756096567724 0.0679465097515807
-0.00540508065297739 -0.0410084781280732 -0.0312250680552557 0.209141605707793
-0.0647429459652059 0.0355184637795234 0.0749315220813681 0.0995019705491463
-0.0408532488595922 0.105843738148416 -0.0130397629554537 0.0432059145209891
-0.19314521292078 0.198600962924795 -0.124841601459484 0.0818367466497523
-0.364990609792296 0.0213185180097832 -0.0786681183930416 -0.124130298131348
-0.204098520180306 -0.310748804202218 0.124645412438496 -0.155075044073727
0.241599563783025 -0.304960629509628 0.210100377301694 0.0858517151517687
0.315048572530595 0.222896504411381 -0.0129850649019581 0.144681031670345
-0.150409942165539 0.436114500248987 -0.0478592435088617 -0.0441711355854937
-0.486299063440295 0.214708701353289 0.15158631202622 -0.083114474458864
-0.543710272469432 0.165812845590489 0.290463213267313 -0.0782127657642273
-0.396266565918336 0.407816752103359 0.303701640733037 -0.192384142376637
0.0945359000511412 0.515106253376724 0.128410451392826 -0.308956984362601
0.392694253055348 0.0823350880961944 -0.0966388086119636 -0.201015782895692
0.132992156391986 -0.286437066925407 -0.139848816485908 -0.0023867054935254
-0.135606796955241 -0.139305926482409 -0.0456892821774619 0.0951036284046139
-0.174678491376093 0.0729269320803837 0.0229385629024216 0.0756908682900521
-0.0862826309736992 0.168576870643376 -0.00307841286460723 0.00996146861223588
-0.195219016568288 0.173759063702025 -0.0409531085531166 0.00345028653579962
-0.35052741255423 -0.0408286209813084 0.0423149067057314 -0.108728439856191
-0.136116301507426 -0.377758737879722 0.198106804427193 -0.0370993038443718
0.363485749838572 -0.298745770705631 0.171627478748658 0.205398065686808
0.369628440374042 0.347354759982916 -0.0736086446395504 0.22323223907672
-0.209765198631513 0.539801970198296 -0.153867720316472 0.0532752757602887
-0.575939222637232 0.24181608935782 -0.0471179679503794 -0.0141705360382353
-0.610438759656703 0.184634666552876 0.0569000513991852 -0.0103356435766618
-0.408861811472781 0.466192666147194 0.147814427194323 -0.0637391105402481
0.196425758877734 0.535773705390343 0.133666164915802 -0.224865844677718
0.484989604101579 -0.0586155383043494 -0.0801518811882614 -0.25456601973369
0.0486509345709056 -0.455924100247403 -0.200952538049352 -0.050909971263317
-0.291548453071856 -0.164076059943731 -0.0885158868903517 0.105295552639008
-0.269499267202082 0.135207251347277 0.0301886685307637 0.0740411232290836
-0.123994071480947 0.22127974894583 0.0339759954617601 -0.0512747664824208
-0.151149678356978 0.126172690367194 0.0160126292728204 -0.0447857458796253
-0.239390093785517 -0.0638403648851143 0.0712155580351461 -0.0782173240319167
-0.0246638578399303 -0.283515245339297 0.147397353919433 0.000420561706776958
0.35110045578873 -0.143943005507683 0.0963074028309207 0.168195166076848
0.262655939288669 0.40358935093269 -0.0824721347442737 0.206522477648242
-0.263474265890426 0.518021571217995 -0.235356577900485 0.138427679463914
-0.574385732150963 0.229954286109786 -0.262207935624191 0.0544051398282056
-0.585721792461425 0.176513812300576 -0.188597588553521 0.0586722871321979
-0.378648789328588 0.423830621647533 -0.0102050506770334 0.0767045487088146
0.178620581346121 0.467597955784054 0.115414343078405 -0.105774056718549
0.41293992108099 -0.09481393885609 -0.096401630689729 -0.210685342511686
-0.0226868142150325 -0.431967141020742 -0.216367776641232 0.0323772944760872
-0.342993672236688 -0.124033314037259 -0.023455249407094 0.169202540492859
-0.291837360752157 0.173183664742598 0.109770011547021 0.0458991029154659
-0.133679120139654 0.232053526771752 0.0927497884363976 -0.142136953415499
-0.0916453895386746 0.0754759587425179 0.0308934986391388 -0.0696372539853432
-0.115688926604369 -0.0482577384243782 0.0208423756307317 -0.100695935783597
0.0384192946508001 -0.118100331842441 0.12790779905474 -0.114395500273694
0.194031019904881 0.00318125749510351 0.201992092473308 0.0960533171102291
0.0871295893778021 0.302205915332625 0.00407544102435111 0.267019475628676
-0.252086255888559 0.363481293127069 -0.288997766183891 0.236259185831122
-0.467784812952765 0.176087184285071 -0.450598266871579 0.121230675358763
-0.474704197680336 0.137252555318208 -0.40782552573082 0.120593702669875
-0.309929411781138 0.31284375279156 -0.159925741714389 0.193073434489454
0.0923710787420064 0.357398652283815 0.0971134472790855 0.0499058769648891
0.277955033993923 -0.0295743787491292 -0.0192724199604715 -0.128179141978629
-0.0105689985563228 -0.288405671247682 -0.141199167772177 0.0602064670644751
-0.264330535960979 -0.0809696747309115 0.0713245255906879 0.164164817186894
-0.235448158260422 0.149853522698182 0.203560064827183 -0.016751747728261
-0.113535158290033 0.189866444510707 0.157241882084717 -0.241049042314303
-0.0471267625298287 0.0317078449801901 0.0171999492834699 -0.0775670600117742
-0.0390341122528665 -0.0327715682511536 -0.043654466069516 -0.150371068749734
0.0479967429717827 -0.0228034766791461 0.175818538291468 -0.217928306442186
0.0639315649771702 0.0496209315393059 0.324973283469173 0.145451200253209
0.00144126886596796 0.150769354788133 0.0237442154112682 0.39027832749425
-0.157169969786548 0.187140513502109 -0.331375264050684 0.322001070605902
-0.273783311727603 0.10339939951296 -0.575745614005506 0.182863980954813
-0.287033853958896 0.0773455617801218 -0.564388463057672 0.16196277942999
-0.195520201081782 0.170413151091539 -0.278013347285244 0.25826445836345
0.0144851563690512 0.212501232030152 0.080104295149092 0.174928741197674
0.137430165200053 0.0289085711015179 0.0745538998660436 -0.0882236835413802
0.0200034946366056 -0.13253403023555 -0.0958078465096591 0.0134561426626012
-0.132588040402217 -0.0505290363474461 0.102082556049332 0.131124631570378
-0.132317325234433 0.0758348205205197 0.262859930400994 -0.0631698749116547
-0.0739010954627077 0.100048923008203 0.21264833921393 -0.311268834285523
0.0106147505959934 0.00377813922243521 -0.227911436080076 0.299184426456284
0.0166758721116014 -0.00245138997039234 -0.269968601295452 0.0560410887896153
0.018247953582947 0.00820422776531315 -0.0808742806046235 -0.0995471909273275
-0.0162200088507216 0.0174322916200971 0.0767900391213642 0.0279586783298542
-0.0174362700192247 -0.0321868846730785 -0.0963898286818558 0.0550253446291998
0.0130900521906481 -0.0456601989145168 -0.0377547464836779 -0.20945564787082
0.0425650583094486 -0.0360658656609121 0.344604063385387 -0.237795525776856
0.0562206421179062 -0.0131945936533956 0.599456669071028 -0.187304293622693
0.0427988827837995 -0.0160501665112619 0.580017214835976 -0.267456387950674
0.0268615061246965 -0.0463400664009528 0.298234645044022 -0.425096510137811
-0.0139781488242058 -0.0674154444672947 -0.0774562773119677 -0.450608161147425
-0.0448393471051709 -0.0169558261712557 -0.377975665136699 -0.130919692580434
-0.00696258412049883 0.0241440982296871 -0.17416450739027 0.295495889746341
0.0116429233584658 0.0305838429232595 0.12161130643146 0.162521160191984
0.0210337851734055 0.0118990415282261 -0.000588602737546271 0.0652360432792114
-0.0606309559204665 0.107142564018101 -0.227703386253732 0.256431643073075
-0.122285707541358 0.0534358559492591 -0.261935432283569 0.00866589113218005
-0.0827685865538048 -0.0570439730384362 -0.0603565331166451 -0.127309956526327
0.0306527159740953 -0.0845152203885399 0.0825684912877703 0.0240837651076398
0.0909915427429013 0.0253616888218162 -0.0881892675811999 0.0330658814102399
-0.0172481224072784 0.11627208589635 -0.00395160033541233 -0.207280897658077
-0.137528657285285 0.0727118232052522 0.350245627746209 -0.209557247851335
-0.171959089037996 0.0626098417063762 0.57508013016039 -0.182197666689193
-0.156483887073729 0.119776855019746 0.534219598243655 -0.301512082723943
-0.0484194844800447 0.127545724060239 0.223388263745915 -0.445871065377966
0.00219444597422952 0.0370173424493109 -0.165957398891697 -0.392513001557161
-0.0114471407987018 0.0146033452513032 -0.362155410964397 -0.0224916454709119
0.0214418508318554 0.0271482824512005 -0.100325804455578 0.290883941223234
-0.00187611264144245 0.0271838899949087 0.121294049849563 0.13661140905911
-0.00338475908971788 0.0518414075401902 -0.0017094031086 0.0562162319347993
-0.131320109977343 0.176871061966976 -0.190907429916961 0.175168015312071
-0.259863741418961 0.0692141200508719 -0.200927588359018 -0.0663711971966538
-0.1709172038745 -0.160662118496446 -0.00157226471170761 -0.171216248558854
0.107162580443055 -0.195413551411196 0.129143512696409 0.01054570584902
0.197823964463571 0.10699222779125 -0.0390461726391164 0.0467129919420816
-0.0728842274397501 0.276233006155157 0.00522905095172672 -0.148098852297207
-0.314725159230256 0.159157060605332 0.283123881108697 -0.156134542065683
-0.375630761084695 0.130074365231789 0.460544865683222 -0.146229181725724
-0.299171180604389 0.27806315788531 0.424751770912617 -0.280535143996241
-0.0208531735002744 0.344087028236702 0.136815276671293 -0.396263966011894
0.155426130451155 0.130990845090195 -0.190072187806104 -0.241599792067089
0.0865864429614273 -0.0612025909465546 -0.238244741259422 0.0763478887306791
-0.00425147689266718 -0.0426417360040323 -0.0216937329312257 0.202791085746236
-0.0618109154387475 0.0328542854994318 0.0761102721104116 0.0939256808660746
-0.0378832382075684 0.101789335705691 -0.00905310746935958 0.0415810233957243
-0.180333916410225 0.196224589467968 -0.119474014449733 0.0794327449212858
-0.353397185310612 0.031926776809968 -0.0809326121233629 -0.12078130807522
-0.209816345845085 -0.294079161348101 0.117994481319685 -0.155096189995523
0.22023508036612 -0.303173175864511 0.205768496418974 0.075020140007755
0.31047708839507 0.202170249556375 -0.00879930287532179 0.139035738209515
-0.129255731575618 0.423137949534947 -0.0474932130031036 -0.0436914409295915
-0.459794673982483 0.221652641314993 0.143113574207482 -0.0855759072886085
-0.516257316466297 0.175903699843683 0.278628196189634 -0.0842698011980131
-0.365442184775223 0.40776252416363 0.287419679278886 -0.195743902496203
0.11199072863525 0.494273983702819 0.11582054466288 -0.303421160182154
0.386200810128652 0.0670795430922069 -0.0984718447887635 -0.194355006721218
0.119649507419918 -0.283170497972352 -0.137695963142524 0.0012017813391696
-0.134896192636654 -0.134190638865708 -0.0422024093109951 0.0939511224196529
-0.167290124156838 0.0722286364449966 0.024648427521948 0.0740601640290007
-0.0794387175377982 0.163742916576454 -0.000753741869214856 0.0109977380620639
-0.184264157178241 0.17170682500825 -0.0405386706911677 0.00111424467057816
-0.340187109476865 -0.0294582633001259 0.0380642040790944 -0.111434593069646
-0.146225675773871 -0.362307666202499 0.194415394580478 -0.0428880338668787
0.338936431940478 -0.302204625642961 0.175597468656267 0.194597958460668
0.371164596921038 0.321781172460055 -0.0656839425432585 0.220341926129439
-0.182442638499737 0.528888151042934 -0.147725255996269 0.0558710460374924
-0.545583327031257 0.252928798382474 -0.0466657926406058 -0.012254118002066
-0.581446538812814 0.19735767682533 0.0552259628726565 -0.0119508657292468
-0.375310382843711 0.460922642264454 0.14207857927162 -0.0660266505876664
0.210031086411795 0.508606645957898 0.123350379031447 -0.222351177784222
0.468804625748493 -0.0768758804379917 -0.0863261714519913 -0.247397781981865
0.030695130137472 -0.444758103718435 -0.200526544271582 -0.0433759038022456
-0.288174115526251 -0.152072026262657 -0.0847508907065184 0.10734803919865
-0.25737271154302 0.136404189919735 0.0321020781165468 0.0754055123731383
-0.113245625290728 0.216636518782566 0.0348728640607526 -0.0481962941409106
-0.142442798748314 0.123986170938506 0.0140696378312497 -0.0462619591076281
-0.232914002996597 -0.0559187918114003 0.0682625600163788 -0.0809469836470868
-0.031338532023257 -0.275991931776636 0.145491623573618 -0.00352127651206122
0.335447613927334 -0.152529719757574 0.0994022012667382 0.161518835469284
0.269818229674364 0.381853396908171 -0.0756540711071481 0.205804395881769
-0.236118123534742 0.50725655889936 -0.224616325284587 0.139663991942488
-0.544461166359449 0.240987605173822 -0.250047700702425 0.0612721924619403
-0.558343194183228 0.186718733041898 -0.178066510874014 0.0627357245975127
-0.348855823764362 0.41990867746527 -0.00515225682644979 0.0744633310443556
0.191551518682978 0.443221186761242 0.108940308733652 -0.104862140199654
0.393141146497061 -0.107481686185515 -0.100056855470733 -0.200908656322151
-0.0381962844900582 -0.417480973543511 -0.209918753013627 0.0388821531281687
-0.336249055708159 -0.108608249654773 -0.0180829698606333 0.167191772662384
-0.275957268641862 0.175523775996682 0.109224936868634 0.0450569606018947
-0.122547111095794 0.228107616569881 0.0893510175461086 -0.138027553491735
-0.0873234797129377 0.072000637399671 0.0264835806740484 -0.0687976439311812
-0.111956862439298 -0.0450390899162772 0.0162959086070057 -0.0988479490318573
0.036088538179108 -0.11912736422204 0.119661024192459 -0.114164193603609
0.189006628252163 -0.00242701183248581 0.198924090945156 0.085625340278077
0.094592731475714 0.289796373154003 0.0117331654986613 0.259087985836865
-0.231137901370482 0.360340493897143 -0.271956142854031 0.23656559168009
-0.445041799636734 0.187144997318242 -0.431716051605381 0.131624676782218
-0.45144878405451 0.146625464710968 -0.389373648948752 0.128965900640884
-0.287251842707058 0.311994046021052 -0.145901320980514 0.192475567782519
0.10335667055772 0.340196283206723 0.0973621307466486 0.047892799103508
0.266268382207068 -0.0407732686119844 -0.0194136489888014 -0.123493337717402
-0.0217994228700774 -0.278086934916993 -0.132201080831744 0.06071498905468
-0.258483647091815 -0.068318116837348 0.0731576291446164 0.157239373687343
-0.222097322975567 0.152947084684314 0.197064407876404 -0.0214185315226548
-0.104059279699773 0.187671635959761 0.148376170512418 -0.235886168476385
-0.0449300997025001 0.029845912522245 0.0127584348270239 -0.0744565759607448
-0.0374287729231847 -0.0326818897651219 -0.0499411988193528 -0.143977784288148
0.046602548813607 -0.0259065663034134 0.161980109181898 -0.217949421924644
0.0641920984774185 0.0468627075973008 0.323364180728342 0.127977793248253
0.00588815699566177 0.146439370204494 0.0369584827112288 0.380239054650561
-0.145839972490795 0.186645425225793 -0.310587407324902 0.318759875881379
-0.261050264661667 0.110347604600119 -0.549998675317438 0.194963551053527
-0.273847302612112 0.0830062413280707 -0.537971480395443 0.174422218858945
-0.182822335943314 0.169480270880137 -0.258881341719064 0.260626189182717
0.0217671587376214 0.204537588712738 0.0878094828984749 0.169005975595644
0.133071237898361 0.0215973310810586 0.0745413628141554 -0.0896945291218311
0.0133244589038279 -0.127759987006802 -0.0887715142709209 0.0117401096832631
-0.129919102031397 -0.0422429398282453 0.101823286478398 0.120515442609558
-0.124031698579094 0.0777264498692859 0.251426568462026 -0.0705812329032891
-0.0670777881066524 0.0996429481025975 0.197348968636649 -0.306206963917148
0.00950405042418059 0.00378838574305294 -0.22213097406278 0.292971144380995
0.0155455401406684 -0.00258099130410155 -0.26213196637959 0.0598296707643527
0.0180899347434573 0.00743749089120483 -0.0800877004964357 -0.0937989423700024
-0.0150481652782826 0.0174235207727537 0.0729212055196864 0.0310338472085876
-0.0168930265816932 -0.0309492344427329 -0.0999353927302732 0.0549436952362454
0.0133675549465552 -0.044319242177158 -0.0434976866649382 -0.208148712720195
0.0405570541788894 -0.0357643098914751 0.332681702562781 -0.238616529462204
0.0549951855984316 -0.0146330494921306 0.579145217773089 -0.1916840366375
0.0413462098290749 -0.0174011641435771 0.561965070871971 -0.269654881234703
0.0262955737174623 -0.047082221522236 0.283412665448282 -0.424308525833689
-0.01591347782458 -0.0655907262163056 -0.0864489632262076 -0.441445678762999
-0.0446556621830861 -0.0150839047213359 -0.378207179645289 -0.12017951692741
-0.00655190015385048 0.0228197695685144 -0.165211096041573 0.297734429021572
0.011778138003049 0.0309246086488104 0.125152593148005 0.157642924529076
0.0203981167695883 0.0112134876718929 0.00181437465125082 0.0607770553060048
-0.0579964391489006 0.107058382339212 -0.222064392428222 0.251432083052142
-0.118744418860885 0.054998155101497 -0.254859123447814 0.0142668444005226
-0.0824662863781577 -0.0541324008636749 -0.0597792845518273 -0.121246546048625
0.0280293345403979 -0.0833252704799651 0.0768582665704747 0.0270234315639329
0.0890280872112757 0.0225401362264615 -0.0925372308447629 0.0320524341080477
-0.0132049433788693 0.11429514690596 -0.00947539111029179 -0.207878686744081
-0.13310903664574 0.0733436850732938 0.337768412264447 -0.212157783226879
-0.165669677639863 0.0639334208315961 0.557219806317926 -0.1864747418897
-0.149466644489051 0.119639445184831 0.516907055690186 -0.300786137682124
-0.0450649755393001 0.12518685067578 0.210458726388989 -0.440833966181141
0.00202117220843311 0.0386597296271348 -0.172101236065107 -0.382749939930035
-0.0102836934766236 0.0168269361567359 -0.359863332479863 -0.0134942710608757
0.0230340550696652 0.0250788349825153 -0.0909759775659067 0.289617915664019
-0.00152633173546237 0.024782413672494 0.123866901281261 0.132363158011377
-0.00352913374635789 0.0497304003284792 0.000428390769827238 0.0521153980584508
-0.127208611859067 0.175123960266677 -0.187314170270091 0.170780336193931
-0.254459240108995 0.072858804877732 -0.197608869112519 -0.0622119023640227
-0.171211924367237 -0.153903425052262 -0.00407588152357 -0.166602319437843
0.100137713078392 -0.192689317618026 0.122576702569252 0.0100861915507508
0.194446460130536 0.100863979744461 -0.0419894648884496 0.0440562467214746
-0.0644557123251349 0.27112719464246 0.00139640906994266 -0.148648687754233
-0.304082137811039 0.160887636836902 0.273398601690388 -0.157603855692911
-0.362624919678889 0.132112024805301 0.448578080052621 -0.148370496448775
-0.285909049269877 0.277523415571224 0.410610232480521 -0.280786253654174
-0.0123803059742189 0.337599860208366 0.128353961820312 -0.38979854572085
0.15654162288614 0.128420633514558 -0.190652658211311 -0.233471036998716
0.0857696349226879 -0.060847431444484 -0.232817501767884 0.0800571241486554
-0.00278496480399294 -0.0448465427065603 -0.0167516026346301 0.199610455099955
-0.0610733762718707 0.0291169328433218 0.0766326510282798 0.0910455381063666
-0.0369109740042327 0.0979221445743112 -0.00669269946801518 0.0390233580981186
-0.17567160077657 0.194251017437947 -0.119125045604426 0.0750203656251885
-0.345625553611588 0.0378221355027852 -0.0813624940881512 -0.120372432684937
-0.213900899882489 -0.284027791686491 0.114628469511097 -0.155892953207585
0.208379635759816 -0.301069092469309 0.202348517039902 0.0704647750664208
0.307901426152535 0.190452990163739 -0.00823712958285687 0.135858556359678
-0.116648910904977 0.415717459589726 -0.0471988620209494 -0.0440478876591631
-0.44466831697591 0.224772279265679 0.13832157089128 -0.0859390051322303
-0.499191792243463 0.179663072586009 0.271329348806621 -0.0865240710127922
-0.348941422770346 0.404403865086711 0.279094021402488 -0.195660032656801
0.120684934869745 0.482285640389061 0.110766679514271 -0.300021435218709
0.381872359208354 0.0594888312736827 -0.0980876837775818 -0.192143392136473
0.11286941255118 -0.281357882263953 -0.136631710934924 0.00265932967805948
-0.133690072052677 -0.132864191410612 -0.0418846361452049 0.0928324776494131
-0.16388557770626 0.0694889243474622 0.0247210667874275 0.0749219429244238
-0.0767026322087245 0.159453895323424 0.00175873708170744 0.0119468163244507
-0.178890534677661 0.168835700263883 -0.0416196426638756 -0.00196782609055375
-0.334975745255434 -0.0246267468115566 0.0373258181592879 -0.113196739913808
-0.151311333915688 -0.355860957674831 0.194386443602107 -0.0467645191880583
0.326199997044268 -0.302901871997668 0.178538348506944 0.189620036610241
0.369059718861032 0.306262383801814 -0.0612864250760334 0.21959296329508
-0.167478976451878 0.516568537865225 -0.14337809249846 0.0560911063151503
-0.529483117100488 0.256377895872358 -0.0456107420817562 -0.011573938313779
-0.563037538249557 0.201783928331914 0.0543334739520312 -0.0123246374985121
-0.357959698313461 0.455739163228043 0.140187039534992 -0.0665538410643265
0.217187029153801 0.492746580445884 0.118444371159157 -0.220832346316868
0.458251934405283 -0.0853057065450163 -0.0894795488933431 -0.243816133005762
0.0202634717214271 -0.438358002542046 -0.202187120699044 -0.0400240858819608
-0.285493473018513 -0.146316942229379 -0.0846663866250217 0.109190959684459
-0.252405817236206 0.134455697331638 0.0331844928796758 0.0772354754877584
-0.108026156361456 0.212194341576277 0.036702941544239 -0.0461126485449329
-0.139353403361509 0.119228821452396 0.0113899939658576 -0.0482255450429892
-0.228846875943653 -0.0545442745429093 0.0673079729250699 -0.0827065984341298
-0.0341336707637337 -0.274207269165516 0.145912857095818 -0.00423891703868613
0.32816453034647 -0.153805748064998 0.100494898123993 0.160317006116627
0.273927017021616 0.369624574546726 -0.0728681280862034 0.205779012391899
-0.220781457518747 0.501628095866188 -0.219115327200917 0.140400436557396
-0.528167421823447 0.244682025529151 -0.243989128020998 0.0627491099291683
-0.540734099622199 0.19119231563579 -0.171838017982245 0.0647092639079938
-0.331914388905041 0.413208683393066 -0.00198293024760285 0.074114061997607
0.195511060768994 0.428593363968826 0.105472224630497 -0.104152896355026
0.383415898917351 -0.115112256407838 -0.101897824460095 -0.195955284148486
-0.0493494229953201 -0.408982001735549 -0.205770218657708 0.0425526782576018
-0.332551277143005 -0.100859479108418 -0.0163272732649704 0.167369816962503
-0.269105162962302 0.175656285975072 0.109300204291872 0.046075099362522
-0.115900481863122 0.226001061288802 0.0889175243956558 -0.134154575649722
-0.0854482159248959 0.0693123521477962 0.0236767173022409 -0.0685645768812163
-0.108856288971324 -0.0458261896414841 0.013842948912589 -0.09764090136838
0.0356234912793164 -0.119589233259937 0.115463898207065 -0.113793492551054
0.186845094542613 -0.00433779433789219 0.197680237805582 0.0803139458444111
0.0982537673250636 0.282704869365183 0.0153373770018041 0.256267699823493
-0.220280741348431 0.359249413669981 -0.263781932747619 0.234471550816503
-0.429748613997617 0.191144319292404 -0.419832822779862 0.136073583785453
-0.438560488147336 0.148996664674496 -0.377246359276326 0.132646967100602
-0.275613055737872 0.308139046417376 -0.137939695851991 0.19180269837046
0.108641606043603 0.329760056776918 0.0990398192001568 0.0472849022942114
0.258071836728769 -0.0462760318788049 -0.0175925122085422 -0.120617582941405
-0.0299143303321161 -0.271843928284819 -0.127491471875612 0.059245729544663
-0.254823413164404 -0.0602167657160311 0.0737376921291496 0.152530167965744
-0.215061970590411 0.152877018524476 0.193330637490806 -0.0226874446580303
-0.0985102861308798 0.186105003140538 0.145476374409224 -0.231046926875737
-0.0434711669935065 0.0283442659447844 0.0105870214552662 -0.0716459582600811
-0.0362769379415893 -0.0338029606389 -0.0542449408351986 -0.140146592150078
0.0465198761228951 -0.0283918301441216 0.155046827387533 -0.21802240753025
0.065075620807575 0.0460075069350938 0.322527905005068 0.117479514230776
0.00806161796302111 0.144402196845222 0.0447095842177486 0.374437741559447
-0.140420908326874 0.186632972561659 -0.300468097164575 0.317821852779989
-0.251742485844722 0.112555660083315 -0.535149074110535 0.202136375264608
-0.267188191073568 0.0842970025743562 -0.522059182164557 0.179022345076662
-0.176469569202444 0.16787925826512 -0.247750485411705 0.259107548337665
0.025985556103279 0.199298113142024 0.093783829772456 0.167338066783628
0.129969471914217 0.0176971373345674 0.0766293957297479 -0.0899853931449505
0.0101390155617363 -0.125263770015898 -0.0832423557883002 0.00754319978633809
-0.127822697334386 -0.0369982053048373 0.100013749984281 0.114694902564292
-0.120764469850858 0.0782131112412944 0.245424419875912 -0.0727195416924512
-0.0635572145670464 0.0989654867737271 0.192511732907987 -0.302752274734397
0.00868333721168549 0.00505600637489035 -0.219817445062834 0.293143074092598
0.0143441539036575 -0.00295396377991019 -0.257382029740372 0.0658816752606518
0.0185208937713573 0.00604528045318257 -0.0789687322053939 -0.0895220400478779
-0.014247337929937 0.0176325168699029 0.070226583052248 0.0350479059730935
-0.0178008080189767 -0.0300548117470687 -0.105518941655803 0.0569938079388898
0.0150679901130876 -0.0439149305546881 -0.0500429552712858 -0.210016775071763
0.0403944507664543 -0.0361870148963301 0.326558035703518 -0.243689541774933
0.0547709369973434 -0.01468745637727 0.575035762096282 -0.195838644836407
0.0407695616254058 -0.017872947508075 0.554717691653815 -0.272802138999003
0.0258652315739551 -0.048815069384639 0.272930876028085 -0.425207442373614
-0.0182517968562567 -0.0648637793310944 -0.0950821365027826 -0.437862491694515
-0.0453955883011926 -0.0140521286136125 -0.38247048074467 -0.110675229079018
-0.00601513114941228 0.0221306108176801 -0.157326170225789 0.301211815659555
0.0123954785581754 0.0304646544177047 0.1311681126189 0.153040798133367
0.0203091046266958 0.0105655611200858 0.00369728920028813 0.0578823896496952
-0.0569118301496526 0.107897296235692 -0.220407283695952 0.252534338991431
-0.117073371899997 0.0573162832229917 -0.251703476064922 0.0197307316560925
-0.08313095271274 -0.0521412645974641 -0.0612984778550209 -0.117497076537394
0.0270934106110665 -0.0829585382867724 0.0734074675154963 0.0299673810147139
0.0881782992339976 0.0205323880918142 -0.0978136754375288 0.032236204417137
-0.00885643668036945 0.112957907320938 -0.0153102442978719 -0.210070796955094
-0.131111257283439 0.0754477639802017 0.331512775951924 -0.216672821629923
-0.162635166951236 0.0655132121203515 0.548777705678057 -0.191818871596766
-0.146020535409836 0.119961161486324 0.507153759193279 -0.305118043255832
-0.0414595682158341 0.124345343393345 0.200694517343282 -0.441096969333962
0.00283083603139366 0.0401835329776936 -0.17895610901238 -0.378330315003501
-0.00926079584567409 0.0188495790147572 -0.361392523853371 -0.00494508296173885
0.0250849998506513 0.0226920354992056 -0.08457198841117 0.291917362960451
-0.000648371220551164 0.0230803453969335 0.127930615726648 0.129195617545693
-0.00335166632701147 0.0483790442740392 0.00227744564012506 0.0489639587892049
-0.125109897943554 0.176886955188339 -0.186668199191769 0.169475663931142
-0.251598675888652 0.0786047195464856 -0.197273917893164 -0.0592966874909809
-0.174098311594158 -0.148357059560714 -0.00729471611578534 -0.164968971638126
0.0958543383961318 -0.192509104247209 0.118373686720693 0.0100519675708901
0.194606337812841 0.0949271981357635 -0.0458518423206608 0.0428465889667241
-0.0584273289466056 0.268579146166223 -0.00169499594614491 -0.150769391739126
-0.299133429139214 0.16450735778086 0.268684119740611 -0.161777637348268
-0.356216955294431 0.135555067163845 0.4408566297023 -0.153619624470231
-0.276557927350928 0.276940954992442 0.403632019981626 -0.283827068524064
-0.00477110164827138 0.33462795294727 0.120965413415617 -0.388679355026
0.160196575601562 0.127150338669012 -0.19373841509687 -0.229668967474013
0.0863973640565046 -0.0606572180338182 -0.230658581814845 0.0854191487641035
-0.00175909884097344 -0.0472924625061826 -0.0123592060530354 0.199288169224417
-0.0608445851171089 0.0263748332839709 0.0790837873027551 0.0895546787009711
-0.03632588107223 0.0961298286273069 -0.00479783179668536 0.0386051828989916
-0.17303192977068 0.195715770776609 -0.120393129457561 0.0729602531892411
-0.343735435794308 0.0434164008916279 -0.0835935486500835 -0.121561244062754
-0.220109825663581 -0.279908054978034 0.112969985601747 -0.158466647680936
0.199629206734043 -0.303119972858074 0.202176578593937 0.0664402513189044
0.308224591334393 0.182469049910225 -0.00736250592232879 0.133806737959965
-0.106822173406538 0.413153645507384 -0.0479916705086381 -0.0450286164936346
-0.436596166023849 0.229175349535306 0.135636173257048 -0.0885307690488549
-0.491017236851804 0.184364000807385 0.267184949289779 -0.0904570997402396
-0.335820176859252 0.405030666055902 0.274352139317902 -0.19745805705037
0.130489252390108 0.474934487602703 0.106850131576423 -0.300346319806701
0.383717731529579 0.0523257097761243 -0.0993511651786363 -0.192823084512624
0.108643203371375 -0.282531115323356 -0.138421751388675 0.00358433581470924
-0.134563972622609 -0.133368293500967 -0.0416065870894013 0.0925178048452353
-0.163474790055478 0.0674129837034549 0.0262049780734131 0.0767226014562448
-0.0755483233066945 0.158300458154676 0.00369987128505063 0.0125978976065837
-0.177308681569537 0.168679222975945 -0.0429215395588827 -0.00512213890027571
-0.333503748638625 -0.0215739743000757 0.0365639705537788 -0.116772985471969
-0.157920814566942 -0.352974071774648 0.196958678672932 -0.0515806418373197
0.319316488029481 -0.308600006977778 0.18296192603057 0.1871540033935
0.372449354118298 0.296742003344307 -0.0574768335705604 0.222466394366941
-0.155109398959659 0.514165473646699 -0.14337165540891 0.0575506685964569
-0.517836070147241 0.263026119551057 -0.0448594665942236 -0.0111712540337892
-0.553193123332581 0.206918894448261 0.0541679358215443 -0.0136292509467777
-0.344097195038755 0.456423635406106 0.138279052239296 -0.0677804482565947
0.226117970762834 0.483300271963305 0.114759911986872 -0.222412654579023
0.453453367313168 -0.0941354047424542 -0.0936771752774688 -0.244539477243969
0.0110759003353123 -0.437244149719145 -0.205605063927676 -0.0358520188235702
-0.287781349441748 -0.143463917974698 -0.0849729100479543 0.112297472131014
-0.25017361215686 0.134601870315675 0.0350746542725251 0.0809426965816883
-0.106208958307359 0.211363352778447 0.0387519357480658 -0.0443904497643723
-0.137593726553114 0.118572042400756 0.00895966963810348 -0.050194896197733
-0.22764781351725 -0.0536694707857028 0.0674831234455777 -0.0852700585055888
-0.0383091544293213 -0.275288439003174 0.147626016724792 -0.00650384235074276
0.324601450311455 -0.159517900748042 0.103412376297593 0.161542693981668
0.278702163365692 0.363110806137799 -0.071036212386222 0.209525313497431
-0.209039884517876 0.500251603659474 -0.216466726585015 0.140994831101912
-0.51732591943126 0.253919307470717 -0.24178121097015 0.0668016184888417
-0.530552652682546 0.194878470606918 -0.168842094755064 0.0658615751997647
-0.320482903487385 0.415129097286832 -0.000180591851023905 0.0731796396938707
0.202856241660419 0.418983186959829 0.104147883346769 -0.104349233870628
0.376604086225386 -0.122495596949119 -0.103566729912927 -0.191903959591923
-0.0581463676391832 -0.405384203500925 -0.205761064670665 0.0453966262073222
-0.333757182240493 -0.0939395777150433 -0.0142986866569039 0.169398880657353
-0.265458659411558 0.17746269151973 0.110975500813951 0.0471761117257661
-0.112028435464625 0.224908699507885 0.0898624127657356 -0.13283709922615
-0.0837064418376589 0.0673587691395909 0.0218271763609754 -0.0685426452330015
-0.107626651422645 -0.0477072695475341 0.0112717595310441 -0.0978968441111737
0.0350430770685333 -0.12213945234949 0.112904143547528 -0.114555708833816
0.187247602760059 -0.00628937815547259 0.197883675065991 0.0759186838537425
0.102735620191332 0.28004601225257 0.0187282693285951 0.255371928338893
-0.212157262013205 0.359368315397839 -0.259670248474712 0.236055721328727
-0.421101450029545 0.198340340344839 -0.414735333377792 0.142017934195059
-0.431802091122108 0.153928173290337 -0.372161506646386 0.135729606836817
-0.266793338011711 0.308355019667144 -0.131956377833229 0.19277259392698
0.114735739164482 0.323833050642246 0.101615518703285 0.0472574471238403
0.253008430799587 -0.0522917873809628 -0.0157390963769219 -0.118592561427682
-0.0366663422063308 -0.268739804571495 -0.123050592866901 0.0584509774425702
-0.254109853879646 -0.0542265294628853 0.075184438573402 0.150793211064022
-0.211583784699279 0.155304358552602 0.192980768467506 -0.0238753638810802
-0.0945036846600623 0.1859375973819 0.143650737931571 -0.230166564942466
-0.04240693676344 0.0265192304931828 0.00793825550384082 -0.0697843651550197
-0.0354956775421574 -0.0347817868932036 -0.0586550247595101 -0.137772771590481
0.0462552703123134 -0.030167069299272 0.149310704590325 -0.222553129091163
0.0664755945619463 0.0463505919571227 0.325654910485831 0.110658874127049
0.00937368026267291 0.143140238125226 0.0523897239159027 0.374504426279957
-0.136310169817019 0.188496531862018 -0.293916492807383 0.320368369472803
-0.2473158955185 0.116623534504362 -0.526806623736404 0.20999445665593
-0.263490031694347 0.0868982379426218 -0.515240653186674 0.185005507326299
-0.171441598986206 0.167932091905835 -0.239293471608584 0.262161460146429
0.0294610817581881 0.195938978662326 0.10035508636012 0.167861973399628
0.128266241471752 0.013383266026013 0.0805483892992167 -0.0917200357117098
0.0060064869404923 -0.124347622768718 -0.0807572035254144 0.00420258504297568
-0.126974676916952 -0.0331369225954742 0.0996693163990306 0.109539912363134
-0.118587788501062 0.0796995980143026 0.242018143196202 -0.0775999065869983
-0.0610803279061125 0.0992132721927565 0.189408979113215 -0.300957900889562
0.00892558792073687 0.00275066578098966 -0.0979926013509379 0.354852276259799
0.0110612737900252 -0.00805838966365329 -0.211201273624219 0.158546364460571
0.0187090719064612 -0.0025607477963693 -0.104639202935523 -0.0509554803434954
-0.00589153278703769 0.0216350747591655 0.0788400113441978 0.0115508386680814
-0.0277536121421074 -0.0214593272219626 -0.082097413077857 0.0957620479806089
-0.00178626491222348 -0.0478973653925676 -0.131093853070594 -0.178197657034061
0.0266535802515788 -0.0486162091951037 0.209756342783948 -0.349655938659692
0.0464413624786726 -0.0337115232647503 0.452536122076284 -0.395785243161209
0.0344067520908036 -0.033400150044989 0.408798564621979 -0.460625204298908
0.00586242418864952 -0.0573848711716139 0.0881605866402364 -0.49634047797339
-0.0443902055115796 -0.053293977687769 -0.257192173400593 -0.371185968439341
-0.0508446068234365 0.00704286675838151 -0.400340826252827 0.0449853555927255
0.00331813386983402 0.0246459472034592 -0.0255892222190001 0.338928324538949
0.0245090716298615 0.023256890043999 0.181035699731901 0.0885880091799677
0.0227173328154376 0.00262888538931884 0.0236126410078617 0.0481002055220629
-0.0113605060021752 0.122492969101864 -0.112799222945637 0.316838321156703
-0.0867095452347209 0.0981734231204136 -0.222325664035105 0.113069057840294
-0.0955695427448058 -0.0163744365728176 -0.0983234510109041 -0.0820460011889407
-0.00637266423129301 -0.085655268962848 0.077262119064584 0.00673239434711278
0.0877325909153502 -0.0155053888524688 -0.085204976619732 0.0687974823498668
0.0357946819383744 0.10654348451405 -0.0972063562423144 -0.191914994405577
-0.0898161141371831 0.118913716252983 0.224876174975297 -0.326083801511406
-0.12249570867931 0.121139504749695 0.432933282331877 -0.381485440708905
-0.0846390418293318 0.164099483895099 0.35379760507639 -0.4729438181416
0.0104562155390055 0.128319681785791 0.0173920469819716 -0.484767219396559
0.0163900325617217 0.0374634311199642 -0.311124656874852 -0.281761108282424
-0.00241858870105601 0.0240091805194526 -0.337737722975343 0.136260966283411
0.0340504090262127 0.0115292149443162 0.0374656078577118 0.301075032188684
0.00889688086894463 0.0192685927457428 0.168706554667264 0.0677784374549062
0.013337232014729 0.0452850519944287 0.0190807074418843 0.0417895296668515
-0.0487767401698975 0.210428814450747 -0.11224445371954 0.225747604578818
-0.201331416397072 0.167113715469336 -0.203432188505493 0.0202186123923327
-0.215014887050341 -0.0692713116054636 -0.0692517894762959 -0.147216741454986
0.014508867920835 -0.211746446419416 0.109073193012731 -0.0311643149007456
0.212013894402727 0.0130486433056972 -0.0332806083767829 0.0562121229980883
0.0489499952580401 0.267429224287778 -0.0603627788841147 -0.142960403316821
-0.211501683224139 0.263951275877078 0.186606396989766 -0.250991208990849
-0.272715521718867 0.258328566115576 0.348355960682597 -0.307003761000994
-0.147137405270559 0.35910341988334 0.266626581272139 -0.415476575271638
0.124887575005205 0.308513221196319 -0.0363009159465854 -0.406509004940051
0.198246017465955 0.0573994008852486 -0.267406674475642 -0.140246261802399
0.0580418062569086 -0.0869814844849629 -0.181653822204452 0.16681866927959
-0.0171229663182707 -0.0446933300453407 0.065636433467708 0.187914619974241
-0.0470189845086662 0.0439552223403377 0.108630014363224 0.0520508418362224
-0.000344092211922164 0.101941275903443 0.00986514261402622 0.0357372549979303
-0.0868991179553464 0.24589042073373 -0.0860049765852464 0.110091482197653
-0.298733632459278 0.169743524487272 -0.121131329071986 -0.0825681305447519
-0.307375060973528 -0.170801193324655 0.0454121177697393 -0.188493558168988
0.0680527905455109 -0.3520910003005 0.208593361852813 -0.0133757645907166
0.349588423850052 0.0498718848244639 0.0407255443227743 0.125067953265933
0.0580109763089079 0.41691131289656 -0.0609206861159935 -0.0267453164003486
-0.313600926982344 0.374955916332127 0.0930673361228048 -0.133810305216252
-0.380365343800649 0.353649497910641 0.212444426611648 -0.18426498220984
-0.152666917981516 0.498663173816865 0.181451599076479 -0.287779202419015
0.302832713598779 0.384593312165612 -0.0150724983408486 -0.319738337836003
0.376675757242122 -0.0992678775802948 -0.167252660582699 -0.144579337821692
-0.00654569168460428 -0.303325299249354 -0.130062492088368 0.0552267620085876
-0.175544302711101 -0.0748807209882925 -0.00507767296153866 0.103397827214083
-0.128019347719302 0.120220103579065 0.0543730255444131 0.0627476782652942
-0.0139162440641697 0.173195635319656 0.0105852911552492 0.00953809709369758
-0.100396074284347 0.220990877836779 -0.0436287518409857 0.00852821830751844
-0.315008869994806 0.104920829410448 -0.00786122820498268 -0.124904315174677
-0.278762802519399 -0.262890543787833 0.166248777271712 -0.121591734294013
0.174483126956335 -0.402607242413328 0.23942134525632 0.105572800082401
0.453276504095146 0.129326559884651 0.0292323520732165 0.227235723863068
0.0500220047539566 0.530251930403066 -0.109790981392894 0.104801018700518
-0.377042112385816 0.43487214433718 -0.0448784049554442 0.00470902835007558
-0.428497909890777 0.395946259441318 0.0464434178591282 -0.0347014910281191
-0.14307523324575 0.550660300007212 0.10600338607178 -0.117165826685298
0.393253576042126 0.356185640511279 0.0211801079197028 -0.25042657460322
0.381094356213227 -0.262250809846926 -0.182232952622063 -0.192438911690075
-0.159122184217436 -0.408708588689905 -0.209489546403693 0.0462839632617573
-0.319925871559007 -0.0240857687882923 -0.0369862843229515 0.141105877437177
-0.183082739532967 0.216052399845441 0.0654577319641091 0.064545554600952
-0.0218053355530734 0.234261959201876 0.0242405264397083 -0.0554089260607055
-0.08384713214231 0.158401304905601 -0.0103136960038617 -0.0522294889345387
-0.229954223319184 0.0328012061239 0.0330417175005839 -0.105447361475885
-0.138640387115009 -0.239489586788986 0.137212325114456 -0.0596540411495121
0.237620613092093 -0.268131350370112 0.154795918997222 0.111725012204378
0.39292141532007 0.226774104483597 0.0106563245387218 0.221509371307192
-0.00405302860251659 0.541097954294648 -0.147717793593046 0.211218264000416
-0.381775269310064 0.427695483971559 -0.196693289430754 0.150159636134042
-0.414281595662511 0.378720336399169 -0.128891760458267 0.121267536665698
-0.138115650525086 0.504015615473067 0.0311513990289321 0.065953229284494
0.347899091719678 0.305187147751104 0.0564054122437775 -0.137003893665854
0.297882567357583 -0.259497772682847 -0.169847028240843 -0.139319082770349
-0.211049219906828 -0.350739542093784 -0.17474302464054 0.121636876050644
-0.342270011173919 0.0408143032426625 0.0522556857104728 0.165279027371309
-0.179261529706346 0.261181553348221 0.122813443541376 0.0043005711255513
-0.02336873628387 0.248674045341437 0.0394738316722995 -0.155681885656915
-0.0532614396699215 0.0909042323872236 -0.00624777686674598 -0.0716552139452928
-0.116769203579339 -0.0074977230799852 -0.0262705679772599 -0.0943463151262372
-0.0130649440412412 -0.126666148804682 0.0614309236983442 -0.148095635501091
0.171202695146474 -0.0742208127802947 0.210828724912345 -0.00550207419290455
0.199309527721246 0.221337008637857 0.113882921805589 0.227258251781852
-0.0616043133663908 0.413949642973833 -0.152277070764035 0.31537025955144
-0.31401281870315 0.340037030552176 -0.327323310786222 0.285237856148214
-0.339803120537434 0.302599131836549 -0.288028801525042 0.262440353873044
-0.129646617190395 0.386042774602909 -0.0461215390421662 0.227568658159107
0.229107384878396 0.252529979379161 0.114238531662118 0.00558645760344749
0.211394008580543 -0.14576150300584 -0.0569196756765595 -0.105331182022341
-0.137365577341169 -0.231233443142269 -0.0915956663809256 0.0975880460785941
-0.252179382428425 0.0477519418599853 0.12675165042829 0.111931953850247
-0.136019915081735 0.221002841244339 0.170342682878772 -0.0934617056915567
-0.020872757029015 0.204777019920081 0.0524055815844233 -0.267395527337664
-0.0293848671447859 0.0379433517667566 -0.0190442606653464 -0.0663055022457905
-0.0461912561947077 -0.0217178838028204 -0.108632852569999 -0.101946404014431
0.0330940281309035 -0.0450792901322755 0.052281125980376 -0.263262748809775
0.0797416587806803 0.0193855934112823 0.344907024342942 -0.0237146989810128
0.060965603080461 0.130567153497314 0.191106375354624 0.326729581591361
-0.0555507997438924 0.227797218309097 -0.152108526480393 0.407477315607062
-0.186006919226256 0.198649157586855 -0.404957637090864 0.389766719336477
-0.212064578565707 0.178826386153612 -0.402586736153452 0.363146495556416
-0.0963069174513974 0.222162770791066 -0.119442110013143 0.333992345308014
0.103277757478075 0.16929328638377 0.161264145942858 0.117290616192146
0.121912214597219 -0.0368195622387661 0.044056722327817 -0.119391888941696
-0.042967542075244 -0.11587400195835 -0.0735116764485668 0.0283429181811082
-0.126690583117622 0.0190035072225183 0.130356561314784 0.0619144399858489
-0.0781354101103403 0.115144941624864 0.191837866622624 -0.160881138631865
-0.022304097993395 0.111008486409766 0.0676064490652246 -0.349709590205681
0.00925183405691514 0.00374328140764284 -0.0881184404866881 0.353060607155776
0.00975858833373205 -0.00680562085370247 -0.200682505281642 0.162791383828456
0.0176993533849617 -0.00375589265873681 -0.101719576026077 -0.0442053046050492
-0.00486971952894466 0.020628231116905 0.0783192738778439 0.0149949724605545
-0.0275285305735033 -0.0196196590895342 -0.083889520220196 0.0999993001059417
-0.00218113013824505 -0.0474531161118285 -0.138788645644853 -0.172622702642555
0.0237160977342431 -0.0486106542567021 0.19452573472122 -0.350623596170635
0.0444910240090105 -0.0339811615165855 0.433183124063494 -0.401361786528654
0.0326138774371599 -0.0339245876237155 0.387791666855816 -0.462019514619249
0.00382681622416853 -0.0579789511344563 0.0711586340702917 -0.488400122688282
-0.0459427671737181 -0.0504036479473156 -0.265696851778532 -0.357218302136051
-0.0496681954589208 0.00924134131038909 -0.396727980465044 0.0603141615755623
0.00316189098527503 0.0242038811546765 -0.0112701654474239 0.338364176595223
0.0255803485727257 0.0225831972600982 0.183776386721763 0.0787166973934289
0.0221516527377886 0.00231015499750221 0.0229848556246194 0.0444667729495822
-0.0070312065705103 0.121621391876019 -0.105718359729171 0.314050483162007
-0.0819726693862203 0.0994555165821623 -0.213033359736705 0.118115037842062
-0.094759126769859 -0.0122138606778875 -0.0981565007137847 -0.0745958603445363
-0.00906410639204465 -0.0846319146684289 0.0753405030688142 0.0094775292156832
0.085884977428382 -0.0177917944165522 -0.0886905085800788 0.0735478323993673
0.0394272652843865 0.101426003505512 -0.105350426709077 -0.187713390781478
-0.0840021505652957 0.119164200264978 0.210386290858868 -0.328204689317992
-0.116317231456615 0.121538082614769 0.412329190642613 -0.388074012946454
-0.077447591577777 0.163782531356177 0.335221940610251 -0.474050707164983
0.0142426792508584 0.12586336214254 0.000482216022944518 -0.474667756449875
0.0183101953426069 0.0372305724947373 -0.317071819175709 -0.268424622008411
-0.00039175401125578 0.0251577789206702 -0.329704021883808 0.148323645917366
0.0346333356801935 0.00883977958964613 0.0491311511356159 0.297243918085485
0.00837154292030623 0.0165059744376392 0.16998179221396 0.0585787567698425
0.0129699491389849 0.042943783060182 0.0194287383734539 0.0382349385468614
-0.0404944385406655 0.209686603134728 -0.10814535131065 0.226256496984232
-0.191804906958555 0.171754794726025 -0.198818340718618 0.0252450699385719
-0.214952080759716 -0.0593645496327529 -0.0727581999265009 -0.140395580726497
0.00635036569685034 -0.209087514353782 0.104538890817302 -0.0301882547125116
0.208199233936887 0.00509193304640321 -0.0360523323946915 0.0566340627623107
0.05763115922946 0.258807751231913 -0.0663183652514367 -0.141726973783547
-0.198257658285572 0.265363586454468 0.175230335702869 -0.253033109178913
-0.25967746432753 0.261083315678476 0.331790693200174 -0.310311415991068
-0.131485733190032 0.355854783257843 0.250651263964578 -0.41453657522763
0.133064338467312 0.298456120648985 -0.0471768631727981 -0.397750255523242
0.199402879462097 0.049831548539388 -0.266805975949925 -0.131325415473115
0.0569117622925871 -0.0884995294297584 -0.172818346179841 0.17110439654563
-0.018180550866901 -0.0468686647808897 0.0720284049492361 0.182427386784223
-0.0468843256716677 0.0415801953119174 0.109531803071145 0.0468380661663682
0.000816762480884694 0.0993135920457284 0.0114095910277183 0.03415092071508
-0.0771259887873102 0.244362502987377 -0.0854729551697519 0.109828183655234
-0.289218301612038 0.176762730403414 -0.123683613327033 -0.0807675862082332
-0.310404741291049 -0.155943765841322 0.0379130368897912 -0.18885089772889
0.0536494771706517 -0.34822225210735 0.203877319380176 -0.0196299732800008
0.344513076660924 0.0367506170834942 0.0419930058729034 0.12107148726098
0.0713011182144733 0.406139010197744 -0.0616965747529011 -0.0259368714531652
-0.294801902540923 0.376179110408648 0.0875808991488473 -0.134756292817041
-0.361645065213691 0.356403050157206 0.203197810201066 -0.187256461268086
-0.133296262210566 0.493112087221255 0.170134678418917 -0.287524928422853
0.31142830688538 0.367874034758612 -0.0229814885542587 -0.314791656124372
0.367974640707124 -0.110771160471476 -0.169209267001139 -0.140656013648997
-0.0157953666510329 -0.299457214318187 -0.128881689406705 0.0580752251649931
-0.176449919589353 -0.0710830190114719 -0.00377900194676168 0.103004064497127
-0.125029204135094 0.11968378430579 0.0564244063794169 0.0615602070405106
-0.010784470546128 0.169914764635766 0.0126915160868528 0.00907424376513799
-0.0928805951846293 0.219006848962802 -0.045832134871641 0.00834702022451538
-0.308072815991119 0.111134175079632 -0.0118140207656295 -0.127328077187545
-0.284990469898669 -0.250040173789748 0.162205060303401 -0.128601470218926
0.157801104689499 -0.402934596178217 0.241829193917355 0.0979708159479447
0.449678351057544 0.111412408041413 0.0370946859491716 0.224790299492785
0.0669852952200657 0.516757476579533 -0.106135045782197 0.106191659922025
-0.355772470800032 0.438690699666073 -0.0441984404800322 0.00592131592101307
-0.407883364710111 0.398874894453535 0.0447641014161078 -0.0359123450192672
-0.121395713778127 0.542419761799433 0.100791516110446 -0.118976484260833
0.398684137977597 0.335149483914954 0.014341300171781 -0.248042643974364
0.366043126099191 -0.271177976201655 -0.188197268009824 -0.18580362171292
-0.171622701361795 -0.397735374968933 -0.208982913547459 0.0538808035114262
-0.317573933807435 -0.0155677224164036 -0.0331954081857237 0.143006221493091
-0.175796656235996 0.217891643738553 0.0688400429892491 0.0639097672678772
-0.0159688074257646 0.23020539952328 0.0250474957537831 -0.0548956963625389
-0.0799345943333031 0.155735212388058 -0.0145630393071759 -0.0524252364609211
-0.22696241067408 0.0361964610410609 0.0289825562690877 -0.108274686988399
-0.1447686198092 -0.232597650392044 0.136126799494294 -0.0644474207505798
0.225630408634015 -0.272072655542219 0.157866514154543 0.108115908188259
0.395199512130613 0.210522475866755 0.0182072888060868 0.220017749078909
0.0146232388141137 0.529482151852299 -0.139971309810599 0.212308418787165
-0.357984497660867 0.42947584149735 -0.188439161420757 0.153390441899753
-0.395675893217985 0.382580298587305 -0.122744002183133 0.12248401009742
-0.119275536762283 0.497485850771571 0.0335791291590993 0.0637717791760247
0.350822326964511 0.288239753516326 0.0521398175909964 -0.135910346111127
0.281890155478673 -0.2635971284745 -0.171928347434514 -0.131275740380983
-0.22081717993182 -0.336480281191588 -0.169271448760099 0.125993463646044
-0.336247605651788 0.0523520003975156 0.0568817967767579 0.163464284256943
-0.170005924805671 0.262748867874544 0.124508122201477 0.00268124374877716
-0.0151156304106753 0.245169942316946 0.0384956582709256 -0.154793744196887
-0.0511729119854507 0.0880450339303559 -0.00958881659753513 -0.0700402637397489
-0.116608727383654 -0.00636670599610762 -0.0282936883300479 -0.0914655327702639
-0.016285781871447 -0.125425971746736 0.0549581882996771 -0.148458644510568
0.168595056248897 -0.0783913676497829 0.206636955817691 -0.0122507859048536
0.203193963869962 0.211334145523489 0.11905564215401 0.221992952401821
-0.0451854869325867 0.41007390850025 -0.140719692056057 0.314527495453038
-0.295613349358144 0.342807366249245 -0.311460436961878 0.29095348771342
-0.324466089806862 0.30669227678756 -0.274385457525888 0.266221007189439
-0.116208463664336 0.382351501033391 -0.0368834210889979 0.224005681234727
0.233595279848321 0.239330559209044 0.115511600936094 0.00325527904565487
0.200463728504023 -0.149763953539469 -0.0553332509798518 -0.102908208015028
-0.144077471020243 -0.22193216025733 -0.0863049044247973 0.0956232326512175
-0.24557555971986 0.0568800863451421 0.127993373337137 0.105144944684785
-0.126935166009603 0.222302696986236 0.165351296809429 -0.0968713261551116
-0.0151396968954392 0.201720949395413 0.0474037167020755 -0.264331033401446
-0.0287640398638188 0.0350336837684957 -0.020311433235712 -0.0624799632345654
-0.0464864652118984 -0.0221009700956213 -0.110752168866546 -0.0939401385065912
0.0311767177837128 -0.0462427878177382 0.0411137728682996 -0.26414095690541
0.0808556781503049 0.0167906927908907 0.340940088824649 -0.0385212041477788
0.0641292142457019 0.127339192590908 0.200734945287604 0.316389743977904
-0.0460626999720273 0.226319640151062 -0.137307067397059 0.40704932605988
-0.174589269059921 0.201032894055663 -0.385087452019188 0.396326254797131
-0.203297391500607 0.182005598489084 -0.38446587222185 0.367898794011705
-0.0880649977201043 0.221140734572502 -0.106192045260632 0.330214247481738
0.106171676723496 0.161703621966608 0.166555010028098 0.111065380392464
0.116676047167489 -0.0419047911996836 0.0448279079278548 -0.12124757161132
-0.0470732887365657 -0.111677502275694 -0.0710530832707108 0.0239961430560279
-0.122197762337898 0.0238793414368546 0.12831047894604 0.054804857271982
-0.0723236384151438 0.116541621630613 0.182940285219969 -0.163969785003624
-0.0185087596664937 0.109441667594138 0.0593437440878428 -0.346197882575814
0.0100581278866242 0.00446176270520999 -0.0831105446588243 0.34752382285857
0.010412629208691 -0.00630282413108895 -0.191068917328374 0.16191210354573
0.0161826550275799 -0.00441322261578868 -0.0973491024066661 -0.0389450447792489
-0.00368314739686221 0.0195752390368295 0.0768446773746183 0.0182527527497763
-0.0266270139561006 -0.0183370897357264 -0.0860150391821813 0.104035936866062
-0.00235530203202236 -0.0469760088713792 -0.143821198092291 -0.169149735996358
0.0214134276662417 -0.0478957474264786 0.182431602109828 -0.348088493186544
0.0435971557351539 -0.0347385250061917 0.416689861607073 -0.39777993560579
0.0310289867609631 -0.0336935492954317 0.372523786185386 -0.455637075310359
0.00244821295615885 -0.0579009304029539 0.0608366685608958 -0.474769075953754
-0.0468039821763716 -0.0480159001346323 -0.268214512061802 -0.345181945316352
-0.0485591699763304 0.0105289959142538 -0.389584882925725 0.0693129159439256
0.00291661124370082 0.0231833961446529 -0.00127715088693198 0.332951529724985
0.0250649271891126 0.0216712978838324 0.184592206837136 0.0703446370706657
0.0210464431724036 0.00203936885359289 0.0222910178910609 0.0413830374773834
-0.00335715851916185 0.120078666414223 -0.100656622780738 0.311421196284823
-0.0766232603037178 0.100129758938158 -0.204941772126708 0.119390024376617
-0.0934496654339751 -0.00891726742925919 -0.0956131262564312 -0.0685703971546635
-0.0116687706360775 -0.0826491121958381 0.0727526687859437 0.0143246921578093
0.0835339367284312 -0.019239895809568 -0.0915325598138364 0.076966173485464
0.0411043068389085 0.0969411888139724 -0.11027570881493 -0.184793476303807
-0.0803397513103404 0.116997303494838 0.198600568193576 -0.325372414786942
-0.111173793771887 0.1202816853594 0.396336446660064 -0.382799280369293
-0.0727428577146157 0.160624207965706 0.319965628323787 -0.464168208557122
0.0160170197514594 0.121548710897029 -0.00608702342489885 -0.462889822782144
0.018547137349339 0.0374542007824345 -0.315751896572516 -0.255863933550577
0.00174794961949155 0.0256621402736037 -0.321377576089932 0.153295728883394
0.0341973880113284 0.00668586641160329 0.0564653004933408 0.290736862584742
0.00765495803333728 0.0144812175963204 0.169957119755823 0.0515293420052602
0.0116922189312207 0.0414050721849342 0.0183071464946392 0.0362439657897134
-0.034819835573956 0.206447159484301 -0.105625416233078 0.223159536764833
-0.184453748260392 0.172291748881492 -0.194377650267826 0.0276639926667982
-0.212683622048204 -0.0514519800629623 -0.0736451071781262 -0.133664372798251
5.28084208404754E-06 -0.204995909260852 0.0988743156971627 -0.0278443355541294
0.202805747683956 0.000293037372465485 -0.0394666245444007 0.0575215512100055
0.0607004321345652 0.250032983677324 -0.0697729669451888 -0.140277595195475
-0.188460700855388 0.260596068464163 0.166956200152275 -0.250912135673592
-0.248818844088719 0.257968765348218 0.318043109636488 -0.308668613810518
-0.121099306039311 0.346813564785221 0.238929636928378 -0.407376368969416
0.135980127847854 0.289050624347507 -0.0504327673055574 -0.387016609266244
0.197626746251065 0.0463389383920857 -0.262801510426508 -0.125002918903123
0.0557208806543621 -0.0871818641806022 -0.166300368309238 0.17116835395433
-0.0185957056930651 -0.0484976839617495 0.073683904293837 0.177130924980009
-0.0472826968262314 0.0385974824211972 0.108783896046169 0.0429220387742941
0.000389016506345323 0.0962153961438829 0.0117188273714237 0.0323965708011728
-0.0717948803357735 0.241028283741158 -0.0852020742370873 0.107833790122453
-0.279598865486202 0.179330749487917 -0.123640066595756 -0.0794909767291429
-0.308985528251777 -0.144361259075021 0.0330904440221396 -0.186731363604111
0.0427328601016767 -0.342475774459799 0.198035562604245 -0.0240475974828107
0.334623949190273 0.0278918328129465 0.0421419645622448 0.117099737518419
0.0772498155340552 0.392963880474577 -0.0615105421450466 -0.0270155356067898
-0.280108903788902 0.369546732813284 0.0822996806284243 -0.133444984848785
-0.345668764740487 0.352982724958039 0.194755754220226 -0.184829033356243
-0.12021527316204 0.481506912954074 0.162764047907922 -0.282710232054164
0.312002600874499 0.351456847205655 -0.0255254429248031 -0.308203022516924
0.360792015707044 -0.116553822181085 -0.168087507990697 -0.137791870246383
-0.0203544614441004 -0.294047741818589 -0.127711032792213 0.0589276488660963
-0.174140551719586 -0.0694423793751361 -0.00390969089070487 0.102657324680714
-0.123807339254532 0.116555388398473 0.0571367484229865 0.0603021821108466
-0.00976747161914855 0.165562981797967 0.0144705577158083 0.00940411635446594
-0.0890857756464579 0.214689080425587 -0.047202403516084 0.00687362604733457
-0.300819048492838 0.113395891671377 -0.015355754477964 -0.128601869394085
-0.2858557725549 -0.23855587109827 0.157872153032955 -0.132574004000764
0.144959004155023 -0.398209518507259 0.241178903773817 0.0913276070909842
0.441334550540553 0.0983773734250107 0.0414127032706333 0.221407644320581
0.0765970517717901 0.500967152504068 -0.102440875287316 0.105419913228277
-0.336407377169772 0.431027583867921 -0.0429345725256952 0.0060287457423434
-0.390461417772834 0.394911195101238 0.0423114863265794 -0.0354052400192754
-0.109645913759406 0.528982813293397 0.0971142520176685 -0.117634172166595
0.395322979253548 0.316371199036635 0.0115424199655027 -0.243712447508304
0.352697697053536 -0.273381688304131 -0.18875051024221 -0.179734337858926
-0.176538212057366 -0.384976585893469 -0.206606746553027 0.0578358451353221
-0.313047082324817 -0.00912990043353286 -0.0322152021093632 0.144440052740196
-0.170779179280188 0.214341565843044 0.0707982164272242 0.0644063838387296
-0.0131135289190427 0.22487862271371 0.0274618914978447 -0.0537978267628963
-0.0769930322304237 0.150917494202256 -0.0176502388581726 -0.0520182596212433
-0.223565316352505 0.0366248121586326 0.0273528249305911 -0.109417797222894
-0.146548948321287 -0.226610311075508 0.134389520717328 -0.0655254012401344
0.215847877390359 -0.271544078086911 0.157998229927925 0.104514157018847
0.391433376024508 0.197044537571923 0.0213514710073449 0.21751986979314
0.0240618266071564 0.516239498357706 -0.134963029429699 0.209483216144515
-0.340549943542151 0.422684014485022 -0.181202806709956 0.152565412012775
-0.379611969853931 0.378040176937066 -0.117542821384073 0.121030188620862
-0.10909342560673 0.486491659518293 0.0348580306263001 0.0612852878790179
0.347942318824106 0.270874796526725 0.0492620880895546 -0.132411044396253
0.267550047488962 -0.263127472081268 -0.168751962500909 -0.125242643309462
-0.224547056538803 -0.322965771621127 -0.163440319138078 0.126933909995534
-0.328050092960426 0.0570919076902169 0.0584824511484755 0.161668754202723
-0.162991592039169 0.260933849030604 0.124077819467388 0.0029013176601399
-0.0117611770892718 0.240180373660786 0.0393429240103326 -0.151884684721152
-0.0506453111623932 0.0836618892123524 -0.0113645453336735 -0.068044442801969
-0.115317755338576 -0.00753907433764201 -0.0297212739193167 -0.0889976651099803
-0.0174818112546314 -0.123982743296725 0.0507974804356886 -0.145956060033954
0.164294576697617 -0.0796758917530826 0.202933213099858 -0.016029000116481
0.203115025651124 0.20398784845104 0.120517651370564 0.215197839808355
-0.0353883230805122 0.400531747189896 -0.134217563766909 0.309912741445464
-0.281161074635522 0.339441833272531 -0.298451627372037 0.287772691304677
-0.312973974064589 0.304452319828955 -0.263579561359154 0.26467564470767
-0.106169577796049 0.374256058170997 -0.0319103769069184 0.218693783084217
0.231911587888535 0.227689911274815 0.115849626445208 0.00260027115303136
0.190141838260491 -0.150803556739197 -0.0518386105451891 -0.1017577461318
-0.146610028702577 -0.211934806828553 -0.0819685600084813 0.0912398088375985
-0.238575638649118 0.0614863853303949 0.126874244111558 0.100207765295517
-0.120299819229532 0.22005772457393 0.161110879012698 -0.0964857141281239
-0.0106964117335345 0.1979140819765 0.0468078874217026 -0.260284685699318
-0.028828413349035 0.0329507032408515 -0.0204531929650432 -0.0589445426629122
-0.0457848216593661 -0.0222518196030474 -0.111483861000212 -0.0882859468187934
0.0304955445502626 -0.0465743803913336 0.0317601092494391 -0.260821955707259
0.0804080218978132 0.0155014933577381 0.334768398241284 -0.0471119857337583
0.0645158431165994 0.125170619095668 0.20576072088534 0.306703173373374
-0.0395463787442663 0.222544384588653 -0.127506578861702 0.398782361042696
-0.166176605069096 0.197765305463897 -0.367702894983554 0.390791451484087
-0.196790723035177 0.1811258009189 -0.368384793684551 0.366121509970506
-0.08205052590939 0.216516959743063 -0.0968350147538923 0.323156394252972
0.106140007754547 0.155244693961272 0.169349422844877 0.106628216028332
0.111116904207699 -0.0426079289064736 0.0468884025941288 -0.122738614051611
-0.0490266446911353 -0.107003575598005 -0.0691059204329749 0.0192166306581767
-0.117882289216054 0.0271249300048219 0.123823121262706 0.0501906335240377
-0.0681342683837914 0.115911787172071 0.175206506521407 -0.163895051084408
-0.015788636947431 0.108518510133094 0.0565251671930338 -0.339900415917564
0.0107867881547742 0.00451914652178122 -0.0845123221664404 0.34530012938945
0.0100859218094159 -0.00627008793936899 -0.187325177793303 0.160578425524208
0.0159968331904361 -0.00451449785260849 -0.0932387128119496 -0.0361322885511973
-0.00346245736700208 0.0189086108515655 0.0760289897642568 0.0235368140109147
-0.0251860538771298 -0.0183545495636385 -0.0908759422249831 0.107874704836342
-0.00208096528522462 -0.0475353858044336 -0.14802828488833 -0.16888192350222
0.0205929004687991 -0.0472386087633034 0.178623466088375 -0.34620680964466
0.043697949407809 -0.033747331679489 0.413591283784529 -0.394076626372168
0.0305386648790483 -0.0328686975675806 0.371299621537609 -0.446401683177626
0.00136702553996607 -0.0574751640651408 0.061829421046591 -0.468997309919999
-0.0468633678760711 -0.0473141478448657 -0.267383307855499 -0.343098147613381
-0.0481193506432243 0.0110471448183166 -0.389233033636747 0.0726890310592517
0.00204428974113441 0.0231214538123616 0.00237131490067608 0.333798788581317
0.0248827817085443 0.021500081804585 0.184777464976046 0.0657873993224119
0.0210061648188919 0.0024394087038258 0.0215213535732824 0.0393182480791732
-0.00225817308602102 0.11944063050168 -0.102365010298431 0.308659133206301
-0.0752822185946415 0.100547059195713 -0.202462180454311 0.119019966210336
-0.092330777604185 -0.00781008474129125 -0.0923450146710159 -0.0644889793866888
-0.0120305476728813 -0.0822946641657924 0.0705451934223284 0.0197297970699585
0.0828938768065423 -0.0186954637531504 -0.0965556606853936 0.0790947463774502
0.0411438018985882 0.094287668217859 -0.113705741653637 -0.185783822030461
-0.0790563088535236 0.115646871157752 0.195613805057981 -0.322454363277291
-0.109012605355324 0.118707778154144 0.391261107877999 -0.37819683890405
-0.0718848442288085 0.158156696175807 0.318888124689125 -0.457227781659927
0.0160835279496369 0.120017263996025 -0.00482422021570799 -0.457387589033766
0.0190148639355897 0.0380366941634426 -0.315601230222419 -0.252585260440932
0.00421059214331291 0.0257069032708894 -0.320203615547617 0.155227500835533
0.0347220169467275 0.00493451696955132 0.0590944213579993 0.290020937171495
0.00599736373225269 0.0127899268485664 0.170028284489967 0.0477984163503376
0.00976926530983968 0.0408642778774414 0.0176710701752593 0.0343351628112679
-0.0337368430485868 0.204887669837337 -0.108551668565991 0.220344806032758
-0.180367097423914 0.172572084240293 -0.193158327640016 0.0269905253974749
-0.211647397542386 -0.0480517531167227 -0.0727505980191133 -0.130282332658738
-0.00203912464921836 -0.202462388147278 0.0952778724092959 -0.0239352207431799
0.200475767268252 0.000461682620908079 -0.0443694963431002 0.0577038826281581
0.0610602478938097 0.244758310752575 -0.0723271473067243 -0.142479511240308
-0.186621068590851 0.257207570155917 0.164578599127605 -0.248188724436438
-0.245009220059657 0.254244550580574 0.314449485189688 -0.303957683108379
-0.119130741392857 0.343687210382583 0.238447156654071 -0.400634814619563
0.136219171553565 0.285102633677621 -0.0480561426725769 -0.383257497792242
0.19861374022588 0.0466260679076601 -0.260547940286456 -0.124329470284734
0.0578926968263242 -0.086686536400561 -0.165009114031794 0.170711525919474
-0.0180104178993012 -0.0503254037755386 0.073361069949894 0.175357879392261
-0.0493551960222678 0.0353643982188316 0.108197349713466 0.0406555930770709
-0.0019058262975782 0.0941173354688623 0.0117677202468564 0.032372966836383
-0.0712852182458574 0.237676669937122 -0.0882856297861825 0.106502306878861
-0.277036788605764 0.177869412890832 -0.124381169211227 -0.0807585696523022
-0.308226396482892 -0.139275249879215 0.0320140675518366 -0.186750853809247
0.0376326947413981 -0.339850933983612 0.195211964189038 -0.0246109112410114
0.332365755824674 0.0261058066514569 0.0400646865190821 0.115925258937081
0.0773953234506677 0.384310997909283 -0.0618029309510483 -0.02927621015297
-0.276935452111038 0.365222764947868 0.0809738523172309 -0.132399479872734
-0.340490478288313 0.347819007257919 0.191951359439348 -0.182978773608832
-0.118739036817222 0.473546718951208 0.162765319610491 -0.279244032091061
0.30957168087705 0.346539761485496 -0.0232563911366074 -0.30626658629335
0.358220863055341 -0.117325893401107 -0.166556661311322 -0.139953162622961
-0.0194665063085229 -0.291289249352149 -0.129341607381452 0.0580293160462179
-0.173922947057178 -0.0709300956992095 -0.00621686709876405 0.102916496686438
-0.125920471198857 0.113702262445955 0.0578549542803791 0.0612907512604119
-0.0114748006350752 0.162956336113918 0.0159946400249694 0.00955895130759693
-0.0892067989208491 0.211896954860622 -0.0502184316559927 0.00558533143660271
-0.300741670745025 0.112659167363122 -0.0169517754533794 -0.132179981294502
-0.286128138989413 -0.235595950672809 0.158656891618667 -0.133755646731746
0.140423552816866 -0.39613188897522 0.242550543039667 0.0888667209876694
0.437347397123716 0.0945233382183766 0.0434591077189274 0.221596372711713
0.0769381024633736 0.492566371046002 -0.102701393913468 0.103810248237564
-0.33140014524815 0.425733285566635 -0.0428801999791985 0.00618560985938165
-0.387251312902837 0.389929083111531 0.0419082702577236 -0.0358287197102693
-0.106889480956875 0.521403940901891 0.0974867612667107 -0.116993339901684
0.391128155306627 0.310966160049989 0.0123406360439867 -0.241834479076618
0.348565075719027 -0.273595427046406 -0.189826629649743 -0.18139784673776
-0.176463624914411 -0.381687541124707 -0.209147404873078 0.0593646913338031
-0.312707288442109 -0.0101262462481747 -0.032690541449545 0.147530895826146
-0.170809463472713 0.212063791230885 0.0726130758791404 0.0661524548452177
-0.0144633595254696 0.222593138225467 0.030219887243367 -0.0532298049355175
-0.0796198873429535 0.147367642689301 -0.0195092895384895 -0.0529111598489159
-0.223126326526915 0.0338443129226819 0.0265693385794108 -0.112223046675866
-0.146363360684907 -0.226356541776818 0.13689685222073 -0.0662948107946299
0.213237518340857 -0.271161827123545 0.159334671739926 0.105800223587333
0.38771143787509 0.193347003065869 0.021466863219641 0.217773745311051
0.0278176197618211 0.509053052946653 -0.134745029978759 0.207431534792545
-0.334953878671932 0.416570585214784 -0.178712541031513 0.150643482438212
-0.375510885636457 0.374284483974658 -0.116421050455015 0.119623851976804
-0.106705473275016 0.479838783708026 0.0351216186384973 0.0602688452228505
0.342995128321797 0.266596380186885 0.0504239089535743 -0.130029064705896
0.262454321388396 -0.260921022813981 -0.16579362049944 -0.12519517887764
-0.22400126451192 -0.319168027201613 -0.163144875484438 0.12697098864725
-0.325823756927162 0.0579729540573495 0.0593394503952941 0.16264954770455
-0.161794930611822 0.259489654091781 0.126644443405965 0.00431014536473678
-0.0124829455046369 0.237854192341309 0.0435302988769133 -0.15065109378504
-0.0530179695351066 0.0805298401740674 -0.0106734781657032 -0.0663816231382811
-0.115245692934997 -0.0109903628172993 -0.0301394599165419 -0.088973752517323
-0.0165006033744739 -0.124321576352512 0.0497751531909587 -0.144562421823151
0.16403256619861 -0.0783216300692866 0.200650428528939 -0.0170059903334903
0.202150779619802 0.202950294197386 0.120121302145088 0.214151854747645
-0.0320995944476091 0.396667306561339 -0.133511973701273 0.305040247633102
-0.276146706355101 0.33380136146825 -0.293647339726309 0.284380491009415
-0.309573748088396 0.302009831890596 -0.259071931826539 0.262539954019479
-0.106163849924581 0.36935893637821 -0.030757546751951 0.216384690999284
0.228666352721755 0.222824150036275 0.118048654827157 0.00458463409762878
0.185353235753034 -0.148821131262891 -0.0475641443487837 -0.102487663035693
-0.145619185429092 -0.20825332852794 -0.0812951431898458 0.0871969363183562
-0.235240788774915 0.0635036905047764 0.125250544302255 0.100103251622073
-0.118529281839198 0.219615740882555 0.160287303399023 -0.0956494552218983
-0.0110266261684902 0.196816292441102 0.0497090989486085 -0.258701294736472
-0.0305844297319129 0.0304939024609636 -0.019534317823184 -0.0556345136844018
-0.0457509088525738 -0.0242606415965228 -0.111255946007517 -0.0853087679137283
0.031580146749015 -0.0473951727576166 0.026982629119157 -0.260202896826209
0.0806770836246689 0.0155936094524566 0.333718277088257 -0.0509918343343032
0.0644785319361285 0.125528393320611 0.205976278961409 0.303947487467299
-0.0381825094010125 0.220036837878805 -0.126456899064057 0.395757731355649
-0.163908209515072 0.194399069332268 -0.363000702883589 0.387473306985695
-0.195120623298311 0.181062908101475 -0.36332060721809 0.363369596146057
-0.0814996944523455 0.214036862918475 -0.0957484844363224 0.320025393129499
0.105698491214943 0.152624350953351 0.17274331062849 0.106215006136434
0.108738541222948 -0.0419931871937756 0.0516911911447398 -0.125044218971843
-0.0499431767268094 -0.104030704748059 -0.069381651719358 0.0118051862479529
-0.115153379898917 0.0275908638506247 0.120007917188868 0.04703255004072
-0.0663132821994311 0.115402963391265 0.171967539504743 -0.16100453294709
-0.0145233266820329 0.106962394110059 0.0587322276423552 -0.338356539301035
0.0111452252515489 0.00830951576938803 -0.142743627434387 0.336233802241352
0.011618159354141 -0.00418217859697075 -0.212319430684049 0.133322933541261
0.0150486776810034 -0.00242623567676207 -0.0846271594150265 -0.048642752947037
-0.0060554498313252 0.0176334959175983 0.072623384737142 0.041801551550688
-0.0214701009515594 -0.022896806138719 -0.113350091115847 0.0972950590690918
0.00522293221332214 -0.0479670270078647 -0.127895772483728 -0.196360716788109
0.0285219380060586 -0.0443837428853018 0.231537905958393 -0.320740874267136
0.0489388255733954 -0.0271765707096328 0.470882779100303 -0.330669187472382
0.0356641665598657 -0.0302785523011834 0.434646804010951 -0.390525317588822
0.00786772148900014 -0.0580769381457177 0.127377539954413 -0.455718296687085
-0.0416993369842686 -0.0525130565629665 -0.218767424617753 -0.383408367615342
-0.0507068377393658 0.00768789181709398 -0.40381113478037 0.0186599157351912
0.000866996741173243 0.0248573089530813 -0.0432539804355316 0.334453897502797
0.0220841881775544 0.0244376543726535 0.175657216941097 0.0902845783011205
0.0201012511864488 0.00599677397574774 0.0139582822045501 0.0406956016998646
-0.0210984791447167 0.1198550802424 -0.153648699314599 0.294893681613436
-0.0909907106812362 0.0893461907814182 -0.219768503241692 0.0890077929142474
-0.0916465786680798 -0.0221437201237876 -0.0801199428410513 -0.075490049646637
0.00134124579793529 -0.0840016077092479 0.0662352172763183 0.0370660112900601
0.085693246778075 -0.00612491864780619 -0.115273645889784 0.0669517642914785
0.0264665106873392 0.100246577974479 -0.0899062275091368 -0.209383269528939
-0.0968796862352475 0.103202159959432 0.244382558175788 -0.294347278754575
-0.126503918965449 0.101436498789764 0.44736766321131 -0.317923318455283
-0.0939727065477725 0.144430970188641 0.382792465560384 -0.407421949952728
-0.00373712741243636 0.121043771222646 0.0619039160573413 -0.453463092981416
0.0125588480110325 0.0439512443167839 -0.280234838442363 -0.298510127626249
0.000891408844419198 0.0304584716285326 -0.344874392546684 0.11164133651697
0.0377048041128972 0.00948152284902444 0.0191662890115161 0.298428198590632
0.00430408109975465 0.0106859075121313 0.164004265487904 0.0706263314672884
0.00266373920757872 0.0419165265099234 0.0120159513179283 0.0352119930748589
-0.0673961431199158 0.200224888737591 -0.145238116430012 0.204562690504826
-0.208621530107554 0.144535892519664 -0.19768992376688 -0.00296754631811678
-0.202592387934591 -0.0803000877892008 -0.0515577261842054 -0.138785418574119
0.0296610972189057 -0.202074486910772 0.095495639235844 -0.0049665607534937
0.198726829348788 0.0322015326588608 -0.0589813727273293 0.0496393998911827
0.0227918386013154 0.253165725527917 -0.0533083051161421 -0.158810815946651
-0.226162027383153 0.228608731647394 0.201808525001775 -0.224915784027704
-0.281820415577273 0.215874407671977 0.360376193303605 -0.25535134957035
-0.168611224080686 0.321050684749847 0.295823447325455 -0.363258597924549
0.0925576976818625 0.303380906586476 0.00828604179205039 -0.386983146059757
0.192726606458172 0.0771543379633083 -0.242227225383585 -0.162711709844585
0.0737236417784159 -0.0758715278776129 -0.189794116242613 0.146838995425713
-0.00645049213360986 -0.0563262923966656 0.0483352706082814 0.185092226177268
-0.0566933345313526 0.0239008253767911 0.101744585103011 0.0552159932775849
-0.0193137544951055 0.0933485244883803 0.00807010697076839 0.0333318848623719
-0.111082827909487 0.226814989866745 -0.106453191699942 0.0898652244120538
-0.307731623478139 0.134641385353788 -0.113236615674419 -0.103855895481424
-0.285298769395949 -0.187287410206547 0.0618832887172264 -0.182002385232865
0.0909264168529398 -0.332575394345234 0.196765991002497 0.00652098872173366
0.325021322288415 0.0774932606378818 0.0208630926684096 0.118782272322419
0.0160841328392844 0.39568433513246 -0.0575726249348061 -0.0423362202451672
-0.333411756194196 0.321381542461398 0.101054792017589 -0.120919548617299
-0.393753179767275 0.294844626020026 0.219712470881297 -0.153390941201263
-0.187032688975296 0.451428615862723 0.202804463883793 -0.254631422380901
0.258583426232094 0.389640574203316 0.0227607544995318 -0.309093532824895
0.37707622036917 -0.0643985451944825 -0.146251629167828 -0.168036413968268
0.0253472272766709 -0.294666784557527 -0.139533722239899 0.0382451635726927
-0.161544369775253 -0.100392099581328 -0.0237182526274551 0.103350849084179
-0.146195679441031 0.0906390133258137 0.0480783417558839 0.0712303263781661
-0.0404487759062959 0.162125978552957 0.0169949414782184 0.0122892159788188
-0.127068012586164 0.195358388426127 -0.052391113511152 -0.00530506031463168
-0.319926152239743 0.0624867511245339 0.00523171923484047 -0.138809968428936
-0.249859449556144 -0.281343202828605 0.184144765554979 -0.111382474932915
0.202043819062275 -0.372905523927149 0.230939786171065 0.127945866451775
0.420537157103631 0.161533956716298 0.0100486457284169 0.226741836985312
-0.0013351351234625 0.502784376284683 -0.11907936589352 0.0865216800006976
-0.396020366516923 0.373228963732402 -0.0438622923885796 -0.00160648273901051
-0.444940075534996 0.328030701107561 0.0475248806193804 -0.0297421284205023
-0.183380358834484 0.500929660952272 0.115343423462051 -0.103155959211162
0.342830182510641 0.364338360358809 0.0479022887849649 -0.239695581400168
0.387324382283275 -0.221745029120592 -0.163622518773348 -0.211044494815718
-0.121274897840403 -0.406952143365879 -0.220080529724933 0.0288662815479998
-0.310582999255734 -0.0591529711953988 -0.0557940673949584 0.146792059208633
-0.207766196622244 0.184511014489894 0.0636678590140692 0.0801896701277798
-0.0517902271758984 0.221090677466337 0.0425571803167182 -0.0483836780820075
-0.105844697395901 0.131382922828677 -0.010940236509731 -0.0580468110494065
-0.230958670179732 -0.00527222907815051 0.0462455157434054 -0.110683242423527
-0.108508274953203 -0.250810938032662 0.150199759375353 -0.0441803597648518
0.257564644230671 -0.235350773123999 0.143718123295796 0.133368452756386
0.355619552436529 0.254194160414706 -0.0114460671317844 0.221573378848474
-0.0519536029388456 0.51375252354461 -0.167468731122721 0.187140383638971
-0.398528179040926 0.363128674743425 -0.201636639795426 0.121674167010386
-0.432182496442495 0.314603733902592 -0.132986543161817 0.100496006513628
-0.177486088371727 0.460218923606063 0.0282976151644084 0.0632698803379355
0.301299433068569 0.312875445437455 0.0697400107853478 -0.120354693659259
0.297883666992395 -0.222700714280511 -0.146520673978072 -0.147981304248339
-0.179012580561796 -0.349332786666199 -0.181522275095796 0.10201655393211
-0.334954003756797 0.00707127434282444 0.0350543678749847 0.174259918677173
-0.204519235547746 0.233728713299855 0.126818267796044 0.0252559597137719
-0.0542799958265056 0.237145201634546 0.0726457280073832 -0.144879633793517
-0.0691268085619033 0.0684959706684398 -0.000659614548931914 -0.0685660822618208
-0.115190605441136 -0.0317396709672946 -0.0159388939583355 -0.0934314778371764
0.00575947879838399 -0.128613153511586 0.0713254430619472 -0.136517277099119
0.177812992192691 -0.0499188146921474 0.204029032246851 0.0129875382837644
0.168198420556363 0.236925964512214 0.0879407738152544 0.231696911969419
-0.0941694531111291 0.390770876508077 -0.181148190154751 0.285633594890429
-0.327897382484695 0.289766928486239 -0.337142122624721 0.238707423046944
-0.354981943855232 0.253201131035243 -0.297357349486083 0.220732839446792
-0.15928376041223 0.352429461253584 -0.059834415683614 0.210599247162933
0.193878375507844 0.253113145940086 0.120277568948096 0.0231074850345079
0.204752785718072 -0.12135326820004 -0.0273835383571112 -0.110251795236869
-0.116093745941711 -0.227434460586489 -0.092960865756285 0.0710587084633591
-0.242596457539105 0.0276807766842134 0.109622384484171 0.118526805054677
-0.152859498599343 0.199415109721281 0.175227373824261 -0.0682682411531783
-0.0463783756645399 0.195350484989725 0.0953809698882895 -0.252592760192293
-0.0380266840658976 0.0231274293498996 -0.00980097934166758 -0.0577769422788478
-0.0429298069249916 -0.0335385121001538 -0.100016949725263 -0.101660230585516
0.0413248258542698 -0.0434089855888072 0.0639077428685201 -0.259379671019285
0.0793758708487301 0.0310121782433502 0.345345907348324 -0.00300993034761205
0.0432457848802371 0.137618445868462 0.163645516842866 0.336700007979523
-0.0721956286229645 0.213424440949178 -0.188819154254135 0.377326669325871
-0.195503937437704 0.167560024136906 -0.421182982053706 0.33061202559113
-0.222979689763059 0.150486142064061 -0.415848530087325 0.306483948922533
-0.111933044677739 0.201191206752493 -0.140596896357295 0.304791791388224
0.0833652940697951 0.165383347824186 0.161471559558606 0.132075191087969
0.112460876290187 -0.0268427234741479 0.0751968001214889 -0.1203210144505
-0.0352890939722584 -0.109876756501526 -0.0706197617868758 -0.00424256269572074
-0.117221463644928 0.0103224274186539 0.109747326134408 0.0629919392411606
-0.0839161002787931 0.103666420292566 0.194832734585181 -0.133638959247472
-0.0357708311950651 0.104363564400427 0.115677106720751 -0.331106584589809
0.0121855350107619 0.00801269598266537 -0.138521958611012 0.345867918869462
0.0121462536119139 -0.00428926521341169 -0.209661867456105 0.143301051747338
0.0146739314781058 -0.00330326960883456 -0.0843595034355671 -0.0449671463173146
-0.00462501528046828 0.0169712329846734 0.0752266985644108 0.0471766679506842
-0.0223362298121652 -0.0229276822917371 -0.118849528754046 0.106124242321861
0.00441857845171302 -0.0493761494753932 -0.142048327525707 -0.199167044664782
0.0262232502310785 -0.0454858825686029 0.224732229604749 -0.335201265550218
0.0495204671705691 -0.0291180757030876 0.469597951807048 -0.350196998688042
0.0354436574301541 -0.0312770715030885 0.434202461665953 -0.407801452507055
0.00647213474374827 -0.0604975869506419 0.117736216997823 -0.466004495676301
-0.0449860868508339 -0.0517230921731356 -0.236997758977483 -0.38615220633703
-0.0516943677696733 0.00921742290148977 -0.414792014689538 0.0346401712579249
0.000634413103379065 0.0254125740599834 -0.0296938905955295 0.345396512451994
0.0230635528432626 0.0247427205990438 0.184229476604144 0.083214607341172
0.0199244781844144 0.00606398175337522 0.0156633301463103 0.0393478708354876
-0.0176609935024233 0.122815783515843 -0.15137667682698 0.304393733975102
-0.0886214027691943 0.0936412613755556 -0.220277234254373 0.0978458909046753
-0.0935001738383694 -0.0189047036097418 -0.0807636623047528 -0.0707423880377366
-0.00162906383250262 -0.0860137806159488 0.067547798988795 0.0422957324490125
0.0875109760936947 -0.00939671348855704 -0.122840547719553 0.0739183557531504
0.0298797568596328 0.10059689372971 -0.102859050877382 -0.213481957232294
-0.0960600060391443 0.108095214480807 0.240067059792792 -0.307229801652273
-0.125054961952655 0.106108738159459 0.444980576006874 -0.334380039467195
-0.0916337485263767 0.149911165791346 0.381082371050028 -0.423274076227418
0.00027438013623388 0.12324406421659 0.0496277973870862 -0.462624016591356
0.0138270855667331 0.0456522828436526 -0.295709946963825 -0.298962521165643
0.00355775696906161 0.0319834988038109 -0.350155647449749 0.128178154465772
0.0394141721679916 0.00656177207700486 0.0311999386371425 0.305193568158606
0.00272712083897424 0.00906974226630995 0.170853612739739 0.0641546529321917
0.00187621167896785 0.0423633534913218 0.0125856628542782 0.0337570382452934
-0.0620659986776655 0.205885067771137 -0.144940603991778 0.211879821045755
-0.206658568454519 0.154090511441543 -0.202204964826691 0.00191247882186518
-0.209301078783542 -0.0724132141001115 -0.0570753459963649 -0.137566594177484
0.0222272153509857 -0.206077928050591 0.0941494090325711 -0.00360529240206882
0.202716509027092 0.0252163200530761 -0.0644851761177361 0.0520102896956616
0.0315377253373042 0.255499071758 -0.0616646074296472 -0.163807439682078
-0.223298146905129 0.237286713589016 0.198981440971161 -0.234784282467152
-0.280693698141365 0.225129577055798 0.357505264709698 -0.268117765612095
-0.161559624031227 0.330828920327538 0.293082767144928 -0.375925875760721
0.10416259115526 0.306309214041544 -0.000531739806251243 -0.394256123992424
0.200768249781603 0.074378765934857 -0.251347017938476 -0.16093735302057
0.0751793323586735 -0.0793971119717045 -0.189415789566396 0.15637690926523
-0.00749331825046128 -0.0605418318793788 0.0550622106129306 0.187368118140485
-0.0594192610711757 0.0228123628463568 0.106513618471623 0.0530433306921371
-0.0190816785964005 0.0950088441931374 0.00919738428933071 0.03296511809045
-0.10691850401762 0.233779752187998 -0.109375135122131 0.0926313068980829
-0.309532032292778 0.146395793727583 -0.120027832293053 -0.104670509644648
-0.297585111488361 -0.179153029985577 0.0573066875336986 -0.188271271716925
0.0797949029598155 -0.3407937821985 0.199069598325478 -0.000280214307225384
0.332745567202352 0.067905780722103 0.0231355536903539 0.118050221205017
0.0280374302176092 0.399286196760997 -0.0616365754258809 -0.0438351967821824
-0.329079998675404 0.335435881254186 0.0997444701756074 -0.126079732645931
-0.390247316889015 0.308545517793371 0.218921005184123 -0.161093900559243
-0.176907000773693 0.462833353065378 0.201428877785082 -0.264634581639128
0.275960966729026 0.387585552341652 0.0163373577240193 -0.316975208696185
0.384028969192095 -0.0774665547933212 -0.154969528915971 -0.170603057575633
0.0177799548501054 -0.302973980450272 -0.143774541156354 0.0417255518327601
-0.168883987681846 -0.100574920079527 -0.0238514879672247 0.107460534144306
-0.149653812467152 0.0941493266579019 0.0521570142775538 0.0727084308552761
-0.0391251971930945 0.164836662247126 0.0205898372205124 0.0123942832241874
-0.125363464424381 0.200606927794052 -0.0562562105386706 -0.00716291544954153
-0.326937857836746 0.0719517042847073 -0.000540000404659153 -0.146512579272373
-0.264268136792623 -0.27878905439933 0.186456174150372 -0.1222466871298
0.191710691675921 -0.385883534864379 0.241917657269525 0.122817471072171
0.431990716360825 0.149855222615278 0.0178912439641809 0.231523392007159
0.0136872882975507 0.508676469231594 -0.119821844444869 0.0918661314621148
-0.390924394004024 0.39009423167951 -0.0443490365096183 -0.000339970461552726
-0.443414186243574 0.344589388969399 0.0475790706580343 -0.0316088870655031
-0.172595169337894 0.514821129064159 0.115834570147576 -0.108246204456124
0.360553224739639 0.360277383149252 0.0421388925022762 -0.247173431951185
0.387053142596049 -0.239374258999738 -0.175581345603437 -0.213464219293536
-0.137236603887515 -0.412927625100688 -0.228175681803127 0.0384772696044076
-0.320798044465553 -0.0532975430614426 -0.0543617665279414 0.155002987906186
-0.209027479870506 0.192506031809848 0.0700752737963423 0.0829616638620565
-0.0492682825990036 0.226082752803727 0.0458368225909447 -0.0498109216257805
-0.107661837015389 0.134628859723368 -0.0146902658033055 -0.0607113172918518
-0.237772375275037 -0.00153700777459867 0.0439146991348206 -0.117141452945616
-0.118513904272354 -0.252919749836631 0.155267821706241 -0.0494561747156437
0.255921819387671 -0.24778448763212 0.153067681415792 0.133548298957381
0.370591337491125 0.248254262246866 -0.00602365116036131 0.228738971863859
-0.0368583299532819 0.521196377521368 -0.167581592215473 0.194951019833968
-0.391470463036019 0.379368445367961 -0.200710477434756 0.129781680087566
-0.429540946953221 0.32995840378178 -0.132892707627121 0.105396194589395
-0.168441490697118 0.4733048286305 0.03072256711078 0.0648546249158686
0.316453793533511 0.308719763485503 0.0697318758362283 -0.124124920792096
0.295561217897683 -0.235864894068705 -0.152599797787488 -0.147291278380786
-0.194699171542918 -0.349282924766438 -0.182508798589108 0.110690127618672
-0.342097982413451 0.0178504540762938 0.0418543290892059 0.179407835577917
-0.202225589416514 0.243553194836954 0.133647574764213 0.0252242398333165
-0.0488232705344756 0.243241457664275 0.0733100219526473 -0.149952091024424
-0.0703094013284002 0.0693251864077163 -0.00265564296518428 -0.0698626176067067
-0.118669961119439 -0.0323726234977966 -0.0191902062147309 -0.0948511840512759
0.00319195709924917 -0.132869359437638 0.0678287512304438 -0.140073732792366
0.180944152306114 -0.0542950634785413 0.207999608387981 0.00634422188693915
0.178345316565004 0.23710828418955 0.0960715264356117 0.233330078003236
-0.0826079851622366 0.398950436118735 -0.178598341141756 0.294858151070782
-0.323261225086773 0.302711032035065 -0.334370576621119 0.250730051278682
-0.353355099668916 0.26725221477451 -0.295336219678152 0.232503274581486
-0.151231811417436 0.362095469463112 -0.0554605484012028 0.216213196585062
0.204655615543638 0.250699220851515 0.126042921344837 0.0225413157083748
0.202379440450552 -0.129377700527281 -0.0257421509612606 -0.113601957637203
-0.126801348313242 -0.226489677515974 -0.0915042778452532 0.0714929611976665
-0.246772187555378 0.03675812839989 0.115159654268943 0.116524379733555
-0.149310702869365 0.208948889204733 0.178666834709819 -0.0742140897372222
-0.0411116479376385 0.200720931302344 0.0938792499543594 -0.260918151489734
-0.0393544428865352 0.0228995929515496 -0.0101405538880277 -0.0567070223178872
-0.0445933263157819 -0.034725756513049 -0.106852237825373 -0.0991842970321646
0.0416964945294836 -0.0464211005428986 0.0545686754645707 -0.266002471206488
0.0826964556321464 0.031134339699847 0.353322754612305 -0.0181648240389061
0.0481855832908648 0.140022956563691 0.179612331578721 0.337346228812004
-0.0665056344214062 0.218620001563469 -0.180567855681984 0.389479260153991
-0.193889163438965 0.175032939995552 -0.417105162971447 0.347971692947115
-0.221227095403671 0.16046749408722 -0.411992200955423 0.324334736140724
-0.108299116386242 0.207610570655791 -0.134758095439704 0.314487742550712
0.0893649647673078 0.164862426803296 0.173126342485463 0.132904579747262
0.111512498595726 -0.0308939351675618 0.079931338124656 -0.128838945449573
-0.040121942443254 -0.10959540776283 -0.0735460042037459 -0.00938785011639173
-0.118296868620707 0.0150205374884092 0.110437377536851 0.0581610592258156
-0.08152132714289 0.107724042457096 0.194438364611528 -0.141443394701757
-0.0324981198750018 0.1068233930662 0.111304142591909 -0.341199010733399
0.0130486754573628 0.00736433400599554 -0.125170261587897 0.353575832711219
0.0118137442501324 -0.00576769212741591 -0.201907778478513 0.15355532968588
0.0137785220154145 -0.00433870295303365 -0.0831974860711739 -0.0386193430501297
-0.00375097627980765 0.0164809411006891 0.0785360047734964 0.0494536851262532
-0.0225457762649741 -0.0221424103150907 -0.120689340468072 0.116567273135547
0.002684140790486 -0.0494024716959019 -0.157324712739833 -0.195423110593959
0.0234045386684195 -0.0454183210296519 0.208361457394552 -0.346906774455424
0.0484163699814001 -0.0314092943967293 0.451780769693545 -0.372082258168504
0.0337310057087412 -0.0324642874661377 0.420111217893655 -0.427314942718417
0.00353553157957094 -0.0611172837845771 0.0984943143855961 -0.472665077475246
-0.0476850625489559 -0.0487571661844952 -0.258141303165424 -0.376441927522701
-0.0517641214811871 0.0118451550214853 -0.419489250344511 0.0583827752464345
0.00150960331079493 0.025393116868966 -0.00957010210073128 0.350585547134383
0.0246688359991829 0.0244868474391461 0.191278423072812 0.0705341572624026
0.0202056392305938 0.00526468944837687 0.0159603115866229 0.0362422851445723
-0.0111982099893895 0.123740221617249 -0.140682771345894 0.311359858722269
-0.0837652497687917 0.0981410640504767 -0.214519590070714 0.108875014628887
-0.0942014778008614 -0.0128344834436593 -0.0823742552850904 -0.0643066899583919
-0.00691423654345767 -0.0860342001690544 0.0687135991922722 0.0451056889394087
0.0872348812661384 -0.0141097782576413 -0.126374096521277 0.0829244931611458
0.0355205997236889 0.0991511036444662 -0.118127419058631 -0.212243067141411
-0.091444735017292 0.112913451501871 0.226546313705113 -0.320511707124599
-0.119515805828424 0.111518205538954 0.430058644038352 -0.353227484231251
-0.0844662104954643 0.153766458009545 0.365094785062582 -0.44081171334572
0.00499369143797875 0.123527359756388 0.0314462201771206 -0.4651550095156
0.0165442633757287 0.0468783136611853 -0.312950658296304 -0.284325456856519
0.00639290145595361 0.0327193952700325 -0.346861467077472 0.149514875949698
0.0408251176665443 0.00323349638225993 0.0499100360617495 0.306383708780935
0.00243974838334175 0.00718637000023062 0.175899047901239 0.0529532277328134
0.00298968537171347 0.0421798986417377 0.0129763077839661 0.0311450567310276
-0.0525556048368615 0.208944904034143 -0.13990155996728 0.216407062737414
-0.199561767675226 0.164890109631923 -0.203173967246721 0.0117471160849336
-0.212924579072698 -0.0604730604586784 -0.0637271859229777 -0.132985564439265
0.0106019219508827 -0.206604278947847 0.0907712344178703 -0.00389592194702481
0.203444940370545 0.0166220684570856 -0.0679329479132734 0.0555498951270849
0.0428573752288304 0.253494651181483 -0.0728626715210891 -0.164547509724217
-0.213773685333468 0.247671209090605 0.18862297761186 -0.243874773378902
-0.270144036228897 0.237787689816114 0.344864786730195 -0.284099088741189
-0.146017298833441 0.33713737660381 0.278694316947368 -0.389772539399834
0.120088916668876 0.301676955716228 -0.0161332817548392 -0.395173684470816
0.206983156160985 0.0661544618414211 -0.260643325477914 -0.151155444248094
0.0747434672651462 -0.0838762686766717 -0.18210981088988 0.167278187526765
-0.00888208407867894 -0.0640369465637114 0.0659915971499326 0.185810528809553
-0.0615177581478426 0.0226730356966895 0.108699936788761 0.046684121694874
-0.0174422980302792 0.0951608225059117 0.0115059998552795 0.0314960622492544
-0.0981230616935847 0.238061104147328 -0.108951039145166 0.0956145731123637
-0.303336664373595 0.161851210458798 -0.127207791383952 -0.101240254314355
-0.307399430374331 -0.162732054233145 0.0476274712119591 -0.192385745806374
0.0610773832295608 -0.344399884480784 0.1980176800882 -0.00888916443199647
0.334543519630567 0.0507949757413474 0.0261466065163938 0.115590048840551
0.0459129838950407 0.395970472576602 -0.0651820605746316 -0.0426372846182871
-0.313498953128917 0.347946692665043 0.0939257767203493 -0.13064546387988
-0.37546983196979 0.323834645197162 0.211278638882993 -0.169924803016157
-0.155185876989059 0.471092967794135 0.19162758686307 -0.273595607521577
0.296023075670723 0.374805970391748 0.00421952984970416 -0.32074707850706
0.383466068232895 -0.0963017308681339 -0.164903469617997 -0.168617876174093
0.00413730316495362 -0.30653425683979 -0.144869548867446 0.047900325429063
-0.174799412793038 -0.0970088562783668 -0.0193969919037711 0.110883836366382
-0.149201171176847 0.0991793708149852 0.0560164391193896 0.071759782475127
-0.0350454724262618 0.165929672385178 0.0229814634101086 0.0111376421931401
-0.11919534325296 0.20628415549021 -0.0600314166630397 -0.00752118224815195
-0.326163145288711 0.0865661533282869 -0.00827053995616834 -0.151216511035644
-0.279109766572622 -0.266424727667632 0.183626451034598 -0.134761665489396
0.171771693868346 -0.396280401886828 0.250183036931225 0.111887280702408
0.438541694416084 0.128191529542181 0.030105391784996 0.231615096513818
0.0385990996132333 0.505552987524503 -0.116124888057305 0.0974771461563873
-0.372572610944572 0.40557358764878 -0.0439066560309734 0.00145088657802505
-0.426060170944898 0.362068215179424 0.0458646474289012 -0.0327393336583803
-0.147620373734774 0.521536437842274 0.112794306874907 -0.114110904297608
0.379392932854866 0.342650069784732 0.0333266206300886 -0.252136019838589
0.376226624622354 -0.259991422644829 -0.188785378926728 -0.207758071389743
-0.15903532005908 -0.407327691515761 -0.231057575664199 0.0508418766891261
-0.326009557627625 -0.0397524856639174 -0.0481547856798815 0.162602703091884
-0.203561306236876 0.202429637718077 0.0769011738834016 0.0827091875800644
-0.0409057325912751 0.227954443952493 0.0470298717029945 -0.0521077493051434
-0.105061554214853 0.137038166212158 -0.0189244164315801 -0.0615598725951458
-0.240007792586895 0.00805383666891651 0.038708177522285 -0.121799614363649
-0.13108878153653 -0.249339617191183 0.156993806885003 -0.0572994805815401
0.243526033391428 -0.259090223467668 0.16187410824315 0.128828381383302
0.383387440594349 0.229954128203199 0.00402187473720274 0.231374817176524
-0.0115035251034917 0.51962564113754 -0.160954677027816 0.203347213128626
-0.374676441775586 0.39525739547091 -0.194264622543001 0.138173414795855
-0.414394766736242 0.348442431987556 -0.126719155462849 0.111691967006573
-0.146138764578326 0.480626002206213 0.0349329601261725 0.0626422487373972
0.330413921078754 0.292603018892191 0.0660726416129709 -0.127192216922231
0.282084651076098 -0.252226776865962 -0.159055143512122 -0.140801339885652
-0.214337954411455 -0.34103442821132 -0.179173965269468 0.120669870478074
-0.343336380370265 0.0355586139286715 0.0514910989519753 0.180977021651284
-0.193852160993524 0.255445972706452 0.139273611940906 0.0213760150009976
-0.0393133198010168 0.245642650419802 0.0705658750086922 -0.153622173709375
-0.0701942197737785 0.069861991923422 -0.00509383567780374 -0.0695561943118407
-0.121348194995995 -0.0288753115291283 -0.0236629539026176 -0.0934337970720915
-0.0021127535240608 -0.135707499108585 0.0608513882131097 -0.142326082629471
0.181471625202989 -0.0621431233824157 0.208442048549075 -0.00478001290586803
0.189837159460122 0.230810060983227 0.105525145365627 0.228907285454966
-0.0640638551370723 0.401458099926299 -0.165867371779723 0.304016089662175
-0.307461763017653 0.314432739503685 -0.321027247344403 0.265239888015024
-0.340416153317082 0.283136897477285 -0.284004471537476 0.24588542456282
-0.1358614961344 0.369507541467565 -0.0448211785434582 0.21943683979624
0.215841340347482 0.240475430171126 0.132253964107265 0.0186073501590597
0.194671899085248 -0.139157604467521 -0.0255020041830561 -0.115123262547851
-0.139412035679372 -0.22018532233014 -0.0887175572520815 0.0716236993095088
-0.244249629093259 0.0497705607872897 0.121541309132284 0.110279755286548
-0.140010659965686 0.21619607060803 0.176457335504418 -0.0818946551520251
-0.0319015431236162 0.202565377214365 0.0858757055237586 -0.265648126458602
-0.0402652301959713 0.0227216867106218 -0.0119023394802293 -0.0555484183400276
-0.0458997909872793 -0.034471867829223 -0.112444336439117 -0.0913362670476147
0.0406699536781078 -0.0500037152379744 0.0389215010782799 -0.270488998837645
0.0861239303607175 0.0282032129352891 0.35386089433724 -0.0389107586889627
0.0550295370853103 0.138997816285575 0.197574102891164 0.328538586332576
-0.0558047708193887 0.220934136369858 -0.164263089497046 0.399158137677125
-0.185193180359622 0.182958945657163 -0.399434650677178 0.365616680072277
-0.214595057348398 0.17084725378824 -0.395355515938864 0.34359046378593
-0.0992592616732285 0.212426634087526 -0.120580633640687 0.322257973729021
0.0975823877484707 0.160755978946081 0.185620729398409 0.12644238131055
0.108637225023035 -0.0360047501806258 0.0803107170012308 -0.138088700679815
-0.046111977795289 -0.106396061419511 -0.0742480599040318 -0.0121819071824803
-0.117499444835924 0.0211131195938062 0.110585549501577 0.0504413323214642
-0.0762307120514572 0.111994717791969 0.187249421428416 -0.150707980978371
-0.0275303956381929 0.108497643865092 0.0994447711179154 -0.347645015422462
0.0136860244964273 0.00665267333336826 -0.114017366575527 0.35297298157291
0.0112859761515563 -0.00638442512103725 -0.190173624268225 0.159095110821242
0.0131763701634806 -0.0040357570389509 -0.0795180170042626 -0.0328277421487502
-0.00284389314265053 0.0152907194414741 0.0800821927744083 0.0521442414582252
-0.0225159384519353 -0.0207822091947553 -0.120555900555162 0.123938096156368
0.00169572448760418 -0.0485788832231488 -0.167290681516638 -0.187622582377034
0.0203584782798054 -0.0439016603221238 0.19289175923838 -0.349105268861322
0.0459735297169381 -0.0319988629032927 0.429042914848141 -0.380683637536418
0.0322221034965748 -0.0329339321360709 0.397981499817955 -0.435058283045321
0.000953651586119024 -0.0605565317207628 0.0808575618017144 -0.466439944358279
-0.048939692687696 -0.0457295681906681 -0.271358218642759 -0.362910868385465
-0.0504007807848966 0.0145779572389417 -0.413086151056038 0.0776789205994999
0.0021688900200881 0.0250242354477297 0.00912516653936158 0.346299423525097
0.0248836822357275 0.0229368794740768 0.190959558825712 0.0584032642611197
0.01995206829711 0.00592255982644048 0.0150804028430995 0.032313408528701
-0.00556525149195181 0.122156978083242 -0.13168878627054 0.310019139300914
-0.0772884471317329 0.0997492988892085 -0.205106817690705 0.114871663292163
-0.0928150962033559 -0.00836614472813261 -0.0803293921864151 -0.0573860014986663
-0.00981031678893878 -0.0845569309071057 0.0681682598666889 0.0487398718059612
0.0851229958124389 -0.0164759816617149 -0.127496734004171 0.0896611417127402
0.0390533675386409 0.0952981613688756 -0.130089198673597 -0.206606565468939
-0.0867597649924358 0.114169116000728 0.210709122549512 -0.323531559603224
-0.113312549887282 0.11292023606016 0.4081083617119 -0.361131127012784
-0.0768325667328659 0.154461509617698 0.347303005885675 -0.44500346275069
0.0106707878693183 0.121428696917915 0.0143389748827635 -0.458697779847283
0.0191517672899135 0.047204437644315 -0.32052119571702 -0.268347991146241
0.0096116373806185 0.0328616873963625 -0.337704909698756 0.164488724160361
0.0403093404468166 -0.00108523411900424 0.0645459766097738 0.300436821409907
0.00137752419113097 0.00537915951478798 0.17567972143246 0.041167842716847
0.00262027013559791 0.0405897699883376 0.0127290797085235 0.0282747003321242
-0.0456013156046468 0.207418379052376 -0.134127247137222 0.217690449586109
-0.188737438598412 0.170156447279994 -0.199560255039167 0.0186911710458911
-0.211193183343713 -0.0491349819334012 -0.0675716257738057 -0.125416844233894
0.00117448646912221 -0.20279287532016 0.0860360449383661 -0.00232801871693754
0.200325865363369 0.00836756832465439 -0.0715397318575253 0.05794758153012
0.0502001449684565 0.246518330641701 -0.080801167837111 -0.162144407030584
-0.201160959783479 0.25031265079509 0.176571049299475 -0.246997588426142
-0.255225008636403 0.241567012043576 0.327081219817476 -0.28812679652185
-0.131126190980564 0.33546704036695 0.262724760432766 -0.393488357614726
0.130492324459971 0.291385901178672 -0.0286769325845478 -0.388978323510517
0.207217477210076 0.0574729578869829 -0.261760697165984 -0.139467282256666
0.0732478959752284 -0.0858483908859781 -0.173184625104393 0.172338555878305
-0.0107404813674251 -0.0664913234551999 0.0726818514957083 0.179031188717365
-0.0628134001119709 0.0222007342549568 0.108502169419894 0.0406574677921422
-0.0160944771118371 0.0937631008980056 0.0121216654486899 0.0304593534294184
-0.0891779564849099 0.236473944432874 -0.108808028162922 0.0956287834858062
-0.292813907236766 0.170743979552503 -0.130832137985873 -0.0966792978889489
-0.308312343325449 -0.145981000789258 0.0384228106232632 -0.191998601732252
0.0442983701980478 -0.338827448963448 0.192114981149051 -0.0158250597071961
0.328447952541939 0.0363155969081092 0.0275081116680117 0.111459809230508
0.058333076290569 0.385027812888714 -0.0672601405604558 -0.0411672542577175
-0.295078827489943 0.352227560061741 0.0885262981179913 -0.131660426892398
-0.356931505108697 0.33055498302631 0.201104631144959 -0.172940621455703
-0.134754493200159 0.46653029445324 0.180046081949231 -0.276340347018706
0.30605957754963 0.355698626937809 -0.0043698154307791 -0.31618042017446
0.375430337007723 -0.111106352940163 -0.169360332185004 -0.163749360774723
-0.00549990614946836 -0.303654786035308 -0.144636173156008 0.0520995775794457
-0.177003056053365 -0.0921117039229375 -0.0167010494859516 0.111400582558722
-0.147017484706499 0.101624274996835 0.0580969273855738 0.0704829441659795
-0.0300855973156696 0.164167278924562 0.0249369680576467 0.00956503944882092
-0.112076772491921 0.205157764829946 -0.0630064273969056 -0.00784023263524158
-0.31995215100973 0.0971315893979076 -0.0151224278050473 -0.151475676899774
-0.285963011473409 -0.25125488671867 0.177862834273944 -0.142216723710292
0.151970205713963 -0.395644752461305 0.252750647647873 0.100775632852346
0.433611756319889 0.106686710730197 0.0394154221874205 0.226887626364568
0.0567892887320926 0.491409995830206 -0.111105036916069 0.100735334771305
-0.350649943885062 0.408587691990523 -0.0426172085570735 0.00257483170186737
-0.405410174554191 0.370716864751844 0.0439968180865611 -0.034186736141044
-0.126384839571968 0.515914409512138 0.108182144091679 -0.116682550970674
0.386531868302457 0.320002629346476 0.0243033042240061 -0.25013310187142
0.359666962873189 -0.272248245066863 -0.195023530149223 -0.199674945549889
-0.174751081537053 -0.395383101337378 -0.230369744074588 0.0611539689141274
-0.32481977439252 -0.0276570464890032 -0.0411275975535989 0.166029518484486
-0.197122338710486 0.206733909015937 0.0810371323609819 0.081707821326251
-0.0343145487669388 0.224879034263514 0.0476896973893735 -0.0530556829947235
-0.102118381843049 0.13651916260836 -0.0230690553140201 -0.0613750027040516
-0.237216649378069 0.0138852363309689 0.0341190824941208 -0.124061622026043
-0.138615008772487 -0.243352699620962 0.155830085859051 -0.0632030188034508
0.231396769848693 -0.26457643340284 0.166374900587941 0.123611756582363
0.385352637154854 0.211057969202878 0.0117210052216918 0.229121564008601
0.00888017065414145 0.508784634881475 -0.15140532896348 0.207185761379028
-0.351089641931815 0.398647864414917 -0.184366662232853 0.140985755083617
-0.393104912401339 0.357046486302971 -0.121387780630485 0.11418595140322
-0.124468486250702 0.476285875680956 0.0370817262594972 0.0603549631251598
0.3364151404239 0.272319190549209 0.0619237408383799 -0.126772512295028
0.266785699724022 -0.258580985916672 -0.159976074937062 -0.133219587248787
-0.226261707566826 -0.326170415171749 -0.172716968208516 0.127323136654267
-0.337324267127578 0.0484946504316001 0.0586882154489526 0.17807942594795
-0.181940122821953 0.259756254226958 0.140549078316702 0.0169260809343059
-0.0308963284954351 0.243062780349531 0.0681717682369324 -0.154021030835776
-0.0694209930527345 0.0685642516186997 -0.007775194433105 -0.0685274331077489
-0.12057960034897 -0.0268880254428188 -0.0270600098255193 -0.0906428454800819
-0.00629655002197208 -0.134783370676749 0.0544174650558565 -0.141708746947833
0.177295643402708 -0.0667577274864957 0.204707215872737 -0.0113773665839984
0.195603818942057 0.220144420679559 0.111927117256803 0.221347812899211
-0.0479173465237358 0.395621771607439 -0.153509475259193 0.304681483098382
-0.290568555112239 0.317327198693122 -0.304809491607432 0.269273297698443
-0.323837771943624 0.288923322443 -0.268382401392968 0.250862228548589
-0.119522259177494 0.366954380554762 -0.0351975636864544 0.21791485097597
0.220751399539624 0.226095430884214 0.134008619424957 0.0155333798068781
0.183416201116499 -0.143821321818475 -0.0248718035234738 -0.115321142712572
-0.147344353949336 -0.209440956515742 -0.0845751920340943 0.0709698142167767
-0.239071042326755 0.05915270197881 0.123088640969195 0.103169356576083
-0.128243834326434 0.219541137421622 0.172536359364144 -0.0864563778891869
-0.0247178112915046 0.200376897956562 0.0784259328114781 -0.265286875858869
-0.0403425833500634 0.0218366265407621 -0.0118861459871532 -0.05245612669782
-0.0458233908083385 -0.0342050128092849 -0.115143769406957 -0.083437356415208
0.0392597932902489 -0.0513045990623625 0.0260604082642405 -0.266707229812012
0.0871906783099675 0.0252086462784932 0.347364930754527 -0.0552404023972206
0.058832676722371 0.135454928870214 0.207928745397972 0.315018239840798
-0.0470145395505634 0.217501647522646 -0.148004936467375 0.396671139493588
-0.174937705698309 0.184632990541603 -0.377200400590741 0.368629447521877
-0.203841838447866 0.175287311849498 -0.373471134517292 0.348577355229575
-0.090342048297617 0.211494899096393 -0.107229280700338 0.323112585807392
0.101291478247425 0.153247458577381 0.192552936041817 0.118758111050756
0.103224787981876 -0.0387891809748543 0.0802092111170755 -0.144424876086158
-0.05097809763449 -0.101378535049379 -0.0754305263846724 -0.0158816721733659
-0.113383379725371 0.0262036449361782 0.107489750292268 0.0439454282616966
-0.0697716395109827 0.113311775205629 0.178163823237177 -0.154783869276426
-0.0219104981732503 0.107108047267541 0.0889462457111599 -0.347322866906097
0.0138182368267608 0.0114256857357112 -0.133989584160838 0.345347477361805
0.0105939370478594 -0.00464525709904223 -0.194548790690699 0.147394418923187
0.0123265839024044 -0.00368733109814576 -0.0738389320635689 -0.0345038730844722
-0.00304553131847586 0.0136376813919577 0.0771079259792017 0.06223273601356
-0.0193522429205545 -0.0210042478563896 -0.130425758012477 0.12077749781065
0.00416829581197289 -0.0473554653099311 -0.161070832636718 -0.195433396740635
0.0220564081037994 -0.0423080233653212 0.206708027494108 -0.333591479869923
0.0478999613185592 -0.0302985666666871 0.441188078706006 -0.349631492774658
0.0345722980847075 -0.0313366670532907 0.417672447194436 -0.39903039570802
0.00441879780945853 -0.0595524545730046 0.10753619372295 -0.447399068648048
-0.0460324166453591 -0.0471226668346781 -0.246242454078304 -0.372476711749189
-0.0511757180028296 0.01265472302418 -0.412736810763741 0.0565277329435928
0.000559098169251484 0.0243998956189996 -0.00598868286245709 0.341571856909045
0.0230314708429051 0.0242688400909151 0.186091044761499 0.0648937178062227
0.0192442209002627 0.00765018544722997 0.0103458244490973 0.0312311019699981
-0.0126327083947112 0.122449241578576 -0.148970093561339 0.301967705178987
-0.0824444884793464 0.0952690257745757 -0.205854554456952 0.10475501749117
-0.0902655564829566 -0.0125551872968874 -0.0731459982809207 -0.0570508597487244
-0.00535823822672498 -0.0834268307771057 0.0639942927223008 0.0586970846353434
0.0845686182554124 -0.0110388224412702 -0.137253447908099 0.0853868505389897
0.0324646021908467 0.0951284147671795 -0.121603340462097 -0.213839239016036
-0.0909659731123132 0.107387271171347 0.224588150859926 -0.30615426177757
-0.115300379242616 0.102948031185673 0.419945312657559 -0.32948199363417
-0.0828224398298599 0.144841622058709 0.365904735069812 -0.412131115118757
0.00362758188729591 0.118441636499836 0.0441230675263443 -0.443531189074739
0.0158478145156928 0.0492840986208237 -0.298429410847379 -0.281662058710947
0.00945323223464615 0.0351735710872269 -0.341992041154025 0.144257478406033
0.0406792643647935 -0.000800060808935836 0.049944738765229 0.298165591912912
-0.00116423854558772 0.00333950579482978 0.171385801392952 0.0478249986208009
-0.00106623894069939 0.0406520992876576 0.00883305730986298 0.0270494929238001
-0.0562546030981688 0.20321054480619 -0.146086066187167 0.206903108902972
-0.196071961933748 0.157476192796274 -0.197618080482819 0.00773258153228503
-0.203773731896924 -0.0590392704922648 -0.058777766924046 -0.123587235296668
0.0120107645718775 -0.198336192643423 0.0823043881188066 0.00697268615584521
0.19550932367771 0.0190531826225281 -0.0791149834063883 0.052831261605327
0.0346936537578259 0.244261245690402 -0.0741807430663199 -0.166660446093439
-0.210440135667092 0.234231841975447 0.18665040733803 -0.232494303820871
-0.261567179109803 0.221581729173185 0.337092181426257 -0.263926541590639
-0.146541667583427 0.318275397912175 0.280650839281709 -0.365265695258148
0.111427604161041 0.292352597529628 -0.00108597009287147 -0.380094292364411
0.203724486340267 0.0696554926436381 -0.248042660241039 -0.153502516245265
0.0796925917922158 -0.0797213009058724 -0.180484965267417 0.158399521674548
-0.00699357107055333 -0.0705441428943114 0.0626434456069067 0.178493786878575
-0.0672702640410126 0.015480229372317 0.104356745144715 0.0456262829385501
-0.024384292670418 0.0920368514203131 0.0100324437375568 0.0296789942947079
-0.102504937323497 0.229526890937754 -0.115562619123134 0.0863870244897598
-0.298413849076933 0.152198738229703 -0.124504997782725 -0.104756758728576
-0.294764925195295 -0.160136141664725 0.0484636882374447 -0.186142711102668
0.0608788825487118 -0.329775902861176 0.187572949294437 -0.00371589966645675
0.318561830359321 0.0537644759431858 0.0189463891078519 0.108871708723347
0.0350740560820777 0.379259790095298 -0.0644560255021692 -0.0461861514554364
-0.309840880990657 0.327840902719846 0.0935757559279587 -0.124039220784084
-0.366265332013022 0.303180375513662 0.206324237715497 -0.157525608277595
-0.158550305865003 0.444768758476128 0.194489065782062 -0.25812007975668
0.280016974068145 0.363944577805074 0.0172922390031289 -0.310038212154544
0.377164267343443 -0.0879825501061797 -0.155687533246141 -0.174347771423007
0.0134343097538698 -0.299471212587785 -0.147824705737331 0.0401624819366917
-0.171226696534691 -0.104923076277693 -0.0255808646841668 0.110359601482395
-0.156122486813816 0.0883256178332762 0.053373607185164 0.075057743717255
-0.042902238965003 0.160885103809543 0.0265664639497179 0.0115702940655034
-0.125690522115993 0.19508433349874 -0.0648847000278447 -0.0135250797829324
-0.321850780593122 0.0747989444211186 -0.00687728535725835 -0.154594746347506
-0.265415426458623 -0.262822428885699 0.185276597970046 -0.132699592857235
0.170491485073224 -0.380115067181569 0.246718250052553 0.112383783668537
0.417776503243726 0.128417874131127 0.0267467530952774 0.225510608982732
0.0272470229277702 0.483711057450216 -0.115040039682122 0.0942314447919005
-0.364685816708687 0.380945698042636 -0.0424149226546315 0.000760270033954568
-0.416405232914438 0.339418759989857 0.0450059872079789 -0.0303090394494663
-0.15376983285622 0.492920949674966 0.113468377348579 -0.107513558251809
0.359616043135708 0.33337393488281 0.0408036569612436 -0.242785991957043
0.368347731696555 -0.24677774005067 -0.181058544234434 -0.210388313402851
-0.149705031586143 -0.398536652704759 -0.234539901249896 0.0470426132858222
-0.321058195310412 -0.0494270311969216 -0.0527204693671322 0.16598339579489
-0.211413902834411 0.191772525982697 0.0776400787927674 0.0882231963646671
-0.0511284018071001 0.223079465107829 0.0544637617762679 -0.0493431930350045
-0.111440091122687 0.125779063839116 -0.0210547006570429 -0.0633194812370242
-0.235854088896333 -0.00289847679291212 0.041555941954417 -0.122575188834017
-0.121141012450002 -0.24863855531852 0.160946301437635 -0.0536119435975271
0.243961469994066 -0.244797924968989 0.158672643906654 0.133072135493678
0.36507697384709 0.227890428948652 -0.00168391315487079 0.227887563134797
-0.0196007258627439 0.498725421415463 -0.161419068410088 0.196474079800271
-0.365100336181104 0.369853262679167 -0.188551200066188 0.127678148321993
-0.4041681430579 0.327533530322452 -0.124857854530358 0.10495080520114
-0.151638087732288 0.456232951340296 0.0334566510503261 0.0604195892190432
0.312016634303226 0.28488717275665 0.070503806056904 -0.118372192958527
0.27383820119694 -0.238301934242847 -0.146679909510557 -0.14011388521492
-0.20486171433071 -0.334179282901766 -0.177617518955039 0.114650313886195
-0.338606804188381 0.0281854060319016 0.0487891818014389 0.181182718559522
-0.198017565861301 0.246644986797673 0.140541268751384 0.0281414680247566
-0.0485762625721336 0.241062247159419 0.0822960060745714 -0.149163204961446
-0.0750823171981059 0.0604449711063771 -0.00454596504210337 -0.0677367319874783
-0.117188995442389 -0.0373786901676 -0.0213293887159995 -0.0900158987078438
0.00275882131525245 -0.134553335698729 0.0612688916509331 -0.135312746242002
0.181629377508101 -0.054346755821289 0.201995411063131 -0.00180992424423998
0.178769148425886 0.228861825642017 0.0975579709363181 0.224034293978525
-0.0681804424377926 0.384262020554724 -0.169126071697329 0.292179199614163
-0.302659151500511 0.295315073363767 -0.314333376505531 0.246157264748828
-0.331658103296852 0.266399057502408 -0.27528010412109 0.231437296054384
-0.139459724117522 0.351288222886955 -0.0476349103472103 0.21033404749391
0.201538595292352 0.232388285587454 0.134137393484129 0.0255848328143559
0.18648416545167 -0.130601732061732 -0.0123551990030204 -0.116761799328827
-0.133142711263018 -0.212261992992141 -0.0876530944438929 0.0595700990500856
-0.239256870956171 0.0452522607813398 0.113663975989779 0.107767533020911
-0.14098380436392 0.209411682803547 0.176365043292684 -0.0729528192270158
-0.0398747494307089 0.199708282340715 0.0990305270600334 -0.259167687246879
-0.0434160115006356 0.0168721142434579 -0.00771021307375247 -0.0516132769651648
-0.0432209543002205 -0.0392360722729709 -0.110639698943052 -0.0851063424459916
0.0426400743711118 -0.0503114595290905 0.0348629775157548 -0.26204397161431
0.088248176507515 0.0302952834676758 0.347084345695512 -0.0405658960058606
0.0502335666163604 0.137954508185315 0.191178808984868 0.322293043759421
-0.058356019973927 0.212214411864088 -0.16670549633076 0.383673920912269
-0.183863173696051 0.17185763581132 -0.389678807154692 0.337504612656493
-0.209845014915965 0.161881394695076 -0.38356688079578 0.322440093760221
-0.101096261589474 0.202014707028133 -0.123835990647322 0.309243905934575
0.0903090863243087 0.153877235871587 0.186417474325794 0.129039746381522
0.101840995436956 -0.0325436319241458 0.0928032774146036 -0.141963831765788
-0.0440129856957382 -0.100942699984321 -0.0747718809523108 -0.0274822160712198
-0.112806660442014 0.0197335322577343 0.0983815529261911 0.0476668168633823
-0.076445058904522 0.108138436670209 0.183398093450271 -0.141009306967491
-0.0306708238921769 0.106226414409655 0.112438601938101 -0.339869663185764
0.0148661285944198 0.0108083954084189 -0.135036689611442 0.347630592573187
0.010074511021345 -0.0052012841263477 -0.190893824529049 0.150429727108624
0.01223703459915 -0.00395104622878167 -0.070534959447052 -0.0309821362146205
-0.0029644727460857 0.0132364783637786 0.0791186554165289 0.0682630831885695
-0.0188554684554605 -0.021462140240872 -0.135774163787353 0.127416723639961
0.0047241850644345 -0.0476143169768671 -0.170474747772822 -0.196682212727506
0.0210837543492252 -0.0401786434629432 0.203924607810702 -0.338215289998309
0.0480703211063364 -0.0301569443077813 0.437081759759705 -0.355490323152723
0.0344649207190883 -0.030973627119948 0.413948897077532 -0.404410551993475
0.0033651880245447 -0.0605718499944497 0.104525264149942 -0.449299635860514
-0.0465051698457674 -0.0466331877932845 -0.255079154826692 -0.371368989524089
-0.0516512324722244 0.0140848825448367 -0.4183285255242 0.0672436450896153
0.000476184173548292 0.0245513682027189 0.00126417147619926 0.344937710698448
0.0239918787452447 0.0236605560587745 0.188593679084242 0.0586820550019482
0.0193730073584525 0.00819753655051058 0.00912513134943547 0.0302734990932691
-0.0111310783376875 0.123072772941014 -0.151568045304034 0.304871345656249
-0.0804621106956709 0.0966767210185535 -0.204146016096751 0.106029314793686
-0.0903835070777136 -0.0107613040538428 -0.071209118965805 -0.0536965435874094
-0.00668771369745367 -0.0837831198447386 0.0646523822134503 0.0651083197123977
0.0857186157439417 -0.0127066608694296 -0.143162520789619 0.0904843139668674
0.0338530273724664 0.0949398698579799 -0.129506316320205 -0.215719684617134
-0.0904967942629691 0.110414402651226 0.22341805740376 -0.310331076664076
-0.113711076520538 0.103656288816518 0.416799152406343 -0.33342754964385
-0.0814534489750498 0.146214415365512 0.365122818351537 -0.417387426840088
0.0044966914196335 0.118082796287979 0.0402973682031699 -0.444742219880042
0.0178027470009644 0.0505567072835832 -0.306229005609053 -0.278744078376113
0.0119052467901199 0.0360095806327098 -0.34370567153392 0.152826349954141
0.0411683156554995 -0.00329965442225262 0.0570011136417174 0.298716378086255
-0.002998008585378 0.00221894994354312 0.173280400370721 0.0419929664419354
-0.00247115907372312 0.0400574350663309 0.007685010032387 0.0266372689769034
-0.0556884608154742 0.204637365460589 -0.151322184951866 0.209321702364933
-0.194225544734704 0.159912964943649 -0.198617694482936 0.00920891519073109
-0.204254660581797 -0.0551534807465891 -0.0595835968086266 -0.120353154152963
0.00831044309862805 -0.198590330696861 0.0801815617117627 0.0110517968533603
0.195771159056206 0.016550986253313 -0.0845173189351711 0.0548235966910993
0.036808416981604 0.243353465209671 -0.0777390868088048 -0.168947935200645
-0.208877549412061 0.236858281249386 0.187160584044709 -0.235804030450391
-0.259901406625272 0.223383806352274 0.334640123434013 -0.265525442564034
-0.142733203707384 0.318851019006387 0.279756615688309 -0.368561829522225
0.11649624881344 0.289714537797493 -0.00285551873509227 -0.380266896458507
0.207023878176778 0.0677282410505211 -0.250828971430171 -0.1516443001106
0.082058641468553 -0.0820413249250094 -0.179208030537032 0.162503773204077
-0.00817993527310712 -0.0744723917054328 0.06501426692743 0.17774489693505
-0.0708443630607449 0.0136754491145984 0.104909558358359 0.0433289332274619
-0.0262360728160299 0.0917734733322036 0.0102638218996876 0.0298601583849934
-0.102611290929614 0.230553180535089 -0.121362067659506 0.086514927213357
-0.298965664787515 0.156090075213474 -0.128350357754761 -0.106346188333514
-0.29724702959649 -0.155867999762404 0.045623260684485 -0.187923562146636
0.0555244500882448 -0.330113335216178 0.186728314224907 -0.00620198223091822
0.319318648142101 0.0506752392466144 0.0180845899068718 0.107139467361868
0.0377235434791228 0.377558614796523 -0.0649058590718337 -0.0474580118514701
-0.307434568476849 0.331016674678452 0.0942383209457516 -0.124621455006753
-0.361715194891776 0.305739164828632 0.204659676054751 -0.158229802930743
-0.154259153193394 0.446546587487943 0.193471837678178 -0.261044040590912
0.286668282878672 0.360149389661234 0.0163936723983598 -0.313805078619152
0.378936346207443 -0.094887758628418 -0.159871454359212 -0.176922956070859
0.0102466138089319 -0.302997712351427 -0.152083770960562 0.0416391455619594
-0.174865093167457 -0.106602155157873 -0.0270131685767977 0.112479469115637
-0.16025732776493 0.0886724793147115 0.0546298158548173 0.0763176681537319
-0.0442978441184352 0.161572578613552 0.0278727062527472 0.0118139724032028
-0.126402011338266 0.195269486906358 -0.070430562352724 -0.0147445098366049
-0.323788658777732 0.078220540842708 -0.00986880549222465 -0.15869864689119
-0.271908955911612 -0.261159643158203 0.187855730056297 -0.138997326893535
0.165946777272251 -0.382402589808177 0.250863528776577 0.109627660883162
0.41867733224926 0.121467305295047 0.0304997759861585 0.225959839466895
0.0311211131860377 0.482071838337832 -0.114542193963199 0.0958254398005813
-0.360244767922141 0.381768504841538 -0.0417638332101086 0.00072796859795509
-0.412727745421578 0.341949487054759 0.044233716624463 -0.0300598795330941
-0.149092364707299 0.495213865309267 0.114082698454158 -0.109488436604025
0.365747852068507 0.326551347935132 0.0396598863791446 -0.245955311290753
0.366016340710601 -0.253814557485135 -0.187569147682721 -0.210250041302536
-0.156429611008725 -0.399435151530012 -0.239051253270421 0.0537045321518334
-0.326230867189946 -0.0465511778015103 -0.0516758242341554 0.171848896247148
-0.212316464398393 0.194694359325921 0.0810608434183493 0.09023056244561
-0.0508592579921965 0.223641377045644 0.0576545829868452 -0.04930069404433
-0.114475274375554 0.124717394434103 -0.0238555347167893 -0.0651566802866881
-0.238381503915389 -0.00333550866246396 0.0397563612588575 -0.126310460466523
-0.12426931316234 -0.250146532965547 0.164551942683651 -0.0557292745877233
0.242437802369664 -0.248491529347721 0.163077682934496 0.13504555492796
0.367807413190874 0.224865946243514 -6.45046161463703E-06 0.231166041668684
-0.0147965784511614 0.497419747848217 -0.160691309799433 0.198640728999384
-0.36133341475656 0.371194156744729 -0.188103027114771 0.127861516730165
-0.400611076060125 0.328989859732216 -0.12353247090491 0.107068952964622
-0.145530184916749 0.458039268028755 0.0351695359266709 0.0603674765150991
0.316442266274209 0.278771938391475 0.0706554827759127 -0.117840020678342
0.26980503019653 -0.242914251670826 -0.148010080269828 -0.140209397498452
-0.21269642612156 -0.330783909996556 -0.178480976901515 0.119072416742522
-0.340254679877165 0.0341220508522607 0.0518247336541783 0.183842947934044
-0.196693828079966 0.250590382023994 0.144770202563119 0.0284596908228859
-0.0470647270890426 0.242148152362331 0.0854374262778149 -0.150442378258515
-0.0782903769502158 0.058405488591408 -0.00492948975014454 -0.068986017082152
-0.119158419096278 -0.0399892678416863 -0.0227381671027342 -0.0895536852667601
0.00319409873870598 -0.136676305943854 0.0602885773220154 -0.135117223905258
0.183881890320507 -0.0552023694180495 0.201938286216841 -0.00334867481653565
0.182434114497771 0.229714716225812 0.0998599761903053 0.22455024080529
-0.0647427638118083 0.384437608036213 -0.167940763713426 0.294504126403003
-0.300099785166515 0.296320949302991 -0.312338692993921 0.246451979518572
-0.330109578007287 0.26804838761279 -0.2730569098076 0.233858995991231
-0.135541423079418 0.353852354175508 -0.0445823286631103 0.212428010177473
0.204407215476862 0.229186186715876 0.13899951504267 0.0263647396951916
0.182794203795472 -0.131496252045711 -0.00839641209044464 -0.120955883549913
-0.137551760513473 -0.209816626357336 -0.0879919717885529 0.0572870837925605
-0.238715920773278 0.0506058066443561 0.114093888854998 0.106062429034544
-0.138144532981997 0.213185450845821 0.177281882471784 -0.0747072717015665
-0.0370619892163066 0.201595847348154 0.101239847151655 -0.262329788619203
-0.0457747165051379 0.0145476820842701 -0.00729843400825328 -0.0510719662307939
-0.0444775536823138 -0.0414747703274547 -0.112561036035427 -0.08189904884017
0.0439204489015513 -0.0522908481317141 0.0304117796767504 -0.263494973392618
0.0910419643392247 0.0303361180182194 0.348492973615811 -0.0480334991456751
0.0520827800238962 0.139951642270198 0.196728014521135 0.31970409564326
-0.0576626950297454 0.211439056062676 -0.16466278541745 0.385990146493511
-0.183602285977394 0.172901359655431 -0.389065304933686 0.339932748062963
-0.20738096980466 0.164436102521958 -0.38026131430247 0.325352215784697
-0.0999800345142227 0.202145388064326 -0.120963881759559 0.313136846228681
0.0916771509881894 0.151747754767211 0.19377631724909 0.129166335849493
0.098826896658096 -0.0339895425369354 0.0967208252293487 -0.149143257359934
-0.0462353582084177 -0.0996981238318798 -0.0773554535746065 -0.0326546209579011
-0.111713894308721 0.0221318824455856 0.095212893734227 0.0447702412802832
-0.0743687189588529 0.110299144789489 0.182685532351119 -0.143317329640204
-0.0295841947107947 0.106725526008006 0.113437746106008 -0.343728152630639
0.0162198412183564 0.0107891216077498 -0.132099570000364 0.361283118205206
0.0101025509907392 -0.00592583851022193 -0.187776680436759 0.158582362534516
0.011665092060143 -0.00428328913878995 -0.0689030228457505 -0.0276644321429187
-0.00309922553620103 0.0123376519464505 0.0829947532869724 0.0746592116494934
-0.0182858454259766 -0.021526384372883 -0.140163213829591 0.138533931990316
0.00386645288765197 -0.0484344745353563 -0.185494026081133 -0.196958540345617
0.0204874939610321 -0.0397794868236274 0.198156413628469 -0.352155567367695
0.0484779834739922 -0.0312225925206996 0.432506139114376 -0.373098766241443
0.034853584518404 -0.0321144733872466 0.410788510388961 -0.425466857234718
0.000936402797848249 -0.0618506574055942 0.0947850272280084 -0.4590793497347
-0.048869475627756 -0.0451802011527727 -0.274149230112897 -0.372030940715753
-0.0515928027765047 0.0163511298513805 -0.426217141606403 0.0874296824868286
0.000439821044247217 0.0256325814478368 0.0165732591867807 0.352055707826727
0.0244907459782766 0.0234202598708085 0.194374505832475 0.0501947628875636
0.0204299229747022 0.00828129397887549 0.00743709195106184 0.0295797641427973
-0.00776289150389685 0.12527872724673 -0.151922223756726 0.316943163682226
-0.0791305165103597 0.100292019638263 -0.204099673690506 0.113833072474848
-0.0920504827709324 -0.00786545894955795 -0.0702212126008288 -0.0492931758654039
-0.00986517284680584 -0.0849706170130668 0.0672414295176956 0.0716677178700462
0.0874568114534398 -0.015797728824154 -0.149679417711406 0.0999370100308405
0.0371564358015415 0.0958511862687899 -0.142581878127981 -0.219108241002807
-0.0898853947202852 0.116080364844248 0.220089125554459 -0.324464600495025
-0.11207640752906 0.10874879962885 0.414497723412877 -0.350661716350172
-0.0769052003784482 0.151057916944225 0.360744149358078 -0.435861516367288
0.0082453552274112 0.119525876774931 0.0293238666142809 -0.452823999153301
0.0206131026862957 0.0516315511186706 -0.322073260695207 -0.274141987547957
0.0156045996068163 0.0364636290458162 -0.346164553836498 0.171139037616068
0.0414843903658333 -0.00651579362518799 0.071006982764109 0.30315729703156
-0.00520183871786183 0.0019281526498238 0.17891510447117 0.0342791439066065
-0.00310698639623247 0.0408671816629564 0.00607264035868139 0.0255637529296954
-0.0519602371831634 0.21085138850797 -0.154631531064141 0.21676872921553
-0.193376491659404 0.169728502963088 -0.202535609558556 0.0155847023581726
-0.208043760492067 -0.0480775087153067 -0.0636274628285221 -0.117688241317952
0.00135217552513511 -0.201123535849232 0.079310047708951 0.0147160259434815
0.200359504644488 0.0107335455238104 -0.0907863095931735 0.058163230086637
0.0433239423683836 0.246503835945275 -0.0874382339361597 -0.173538392942122
-0.206374060759455 0.248020854083612 0.185691924848159 -0.245512550464461
-0.256478654161241 0.233142942599558 0.333582611706906 -0.277780522492244
-0.134254074055005 0.328516318625925 0.275869350341765 -0.384161026629637
0.127593568717932 0.290011586331454 -0.0115205689243963 -0.387504371294663
0.215031380667969 0.0622407091031189 -0.259892319813597 -0.147686498406794
0.0837367251294605 -0.0870902996277561 -0.177654168936377 0.17079306767169
-0.0113452368700388 -0.0793211710146043 0.0722121715650525 0.178538688721669
-0.0751419495435668 0.0150219840230283 0.108508850189114 0.0401167449062503
-0.0268826241458167 0.0937624836349627 0.00995792515558918 0.0291515024706455
-0.0996576066019242 0.237552152491025 -0.12893324201071 0.0908603068443098
-0.30135878885885 0.1680875800249 -0.136601694831023 -0.106769516980687
-0.307682400753576 -0.14714379698224 0.0411317681305309 -0.19331156443502
0.0441245198418079 -0.336289348818318 0.187741741937142 -0.0116480286581211
0.3246530363819 0.0395313510888423 0.0187184541793739 0.105950027819716
0.0473179289508313 0.382760488685871 -0.067396109650444 -0.0480800483848253
-0.302385853814142 0.344840931785925 0.0931569648765329 -0.130670284651035
-0.359785321949773 0.318501272011873 0.203965270039569 -0.166051352888339
-0.142270235591101 0.456677526841022 0.190167536752732 -0.27212644314615
0.303706700435501 0.353264049200434 0.0097707745484138 -0.320897832991918
0.383775010840121 -0.111084514939505 -0.170189263617866 -0.179054448955603
0.000629497467224703 -0.31122660993502 -0.156424457843369 0.0468741526701722
-0.183500685440723 -0.107167003223885 -0.0261553280190782 0.117636344356206
-0.165089613736277 0.0948313289981608 0.0581507858208985 0.0773395322509426
-0.0438990975605989 0.164945034771619 0.0312593581216735 0.0118457028161952
-0.127850588308534 0.202354120496008 -0.0766147393425639 -0.01526680955901
-0.330186644031327 0.0881495809899082 -0.0160785738613687 -0.165404287727078
-0.285515776188085 -0.258830772534674 0.1890996940473 -0.149967614552312
0.156594653844998 -0.394050784890186 0.260960973799698 0.104550304081199
0.428675318844387 0.110172495699505 0.0386370485293408 0.228548130718596
0.043156596856446 0.488115625962015 -0.113131155573993 0.10002019317171
-0.356561192907051 0.396800508003558 -0.0423664993299436 0.00075235413076639
-0.408314163230949 0.356398466835749 0.0438919773521792 -0.0312251286943239
-0.135150604057138 0.506658768524527 0.113103128241701 -0.115876812130923
0.381062735707487 0.318528061654438 0.0334894490659464 -0.252882304967101
0.363577130183298 -0.271476967373406 -0.201057302224331 -0.210051959698011
-0.174694317637654 -0.403263104244529 -0.245617481231516 0.0658051181098228
-0.335966906084553 -0.0378374353276544 -0.0489484144263989 0.181683407479136
-0.214187054487677 0.205924846000644 0.088173638573167 0.0930043621480361
-0.0488604230285737 0.229152936994446 0.0609754498825501 -0.0524481912810786
-0.117484276494337 0.12895774865505 -0.0286708695936724 -0.0676235255870432
-0.245314195756379 -0.00016649632206174 0.0370917541193408 -0.132818012484522
-0.134358744589451 -0.253406733130952 0.170082598925262 -0.0627314605466366
0.241591123006102 -0.260945514155354 0.172656574085386 0.135390286972662
0.381070034102164 0.217819547747284 0.00572372425716113 0.237555483975364
-0.00118173004188379 0.506026435546328 -0.159371167977392 0.20803287719904
-0.357292005616128 0.385377041910201 -0.188784362360493 0.134667433856805
-0.399253623040745 0.344734922624464 -0.122837747395884 0.111541331256738
-0.133668089691031 0.470801926369184 0.0376322049133993 0.0598960394127394
0.329107677888333 0.271550579390825 0.0699205942973023 -0.121240896400563
0.264234701143277 -0.256055663808618 -0.153835819648501 -0.137965508657115
-0.229573296251555 -0.329470975518813 -0.178675657457148 0.128983457941204
-0.34736251720118 0.0460711434150212 0.0587645889546808 0.188053261994215
-0.193031111988218 0.263198896712033 0.151632973750605 0.0264469413266526
-0.0430095754368737 0.249433430381242 0.0870677801818051 -0.155899109523228
-0.0825557403843924 0.0595382299786606 -0.00666350569102241 -0.0705405097946568
-0.123507380980794 -0.0415435089852896 -0.0248838050783625 -0.0907680474349239
0.000261357748128884 -0.141379362101828 0.0573682933778659 -0.138822217302404
0.188584309207337 -0.0612249338672547 0.205820662989646 -0.00888091807999873
0.193358261818709 0.229362572195397 0.106744749849286 0.225840243679873
-0.0556369779362138 0.392703010610008 -0.16366415586747 0.303278856854837
-0.296593387525135 0.307398852790232 -0.310419867713072 0.25745618654871
-0.326436263640453 0.280432720212373 -0.270783241107087 0.244332253319037
-0.127567750884903 0.362236321861125 -0.0396550688769108 0.217587696312142
0.214225272034494 0.224644538643202 0.147744230834168 0.0241401171452745
0.180174413915313 -0.139833100765646 -0.007889951354572 -0.125702268699381
-0.148750986534896 -0.207210552878226 -0.0873302207443545 0.0578358452700301
-0.24178280417023 0.0603621992441536 0.118397105428551 0.104196045399307
-0.133155497848418 0.222280740411914 0.179698571639664 -0.0812857728182925
-0.0324883071046436 0.206051881195013 0.100021492296174 -0.270529067164404
-0.0492344648636695 0.0152503832347914 -0.00692456594549276 -0.0509521531493546
-0.0470399254203877 -0.0441176223347759 -0.117722101882022 -0.0778915346562975
0.0444886907094128 -0.0564703073810947 0.0212314511559675 -0.269930108090074
0.0956448008984439 0.0290641181794036 0.354412756261221 -0.0628360578501016
0.0574528837123443 0.14175064410152 0.210161277369403 0.320253269226138
-0.0530663245809486 0.216225723107364 -0.155628982417126 0.396253129142241
-0.182670730114123 0.180115646607254 -0.385082594837054 0.35449221673211
-0.205218806723889 0.172124862760039 -0.374523752551216 0.339044980053469
-0.0958185509753086 0.208553547596433 -0.11355487710349 0.324129702111421
0.0967206609845888 0.149805952425269 0.207664386417108 0.126618386599535
0.098619446957333 -0.0362327715556498 0.0991846512916691 -0.161151848360923
-0.0513169521765677 -0.0978613665571268 -0.0818577406731439 -0.0367719574529809
-0.111728431341332 0.0272343761396086 0.0944821039875941 0.0421385932947839
-0.0708600116048825 0.114929290691912 0.180431593398981 -0.150474556826437
-0.0267173648368067 0.109486577111294 0.108470242925528 -0.355008991361002
0.0170428229044293 0.00943830832938527 -0.119353844526324 0.373987434828751
0.00971073820488074 -0.00649114913454222 -0.178492884745687 0.169595298726349
0.0106009756017503 -0.00561597375176312 -0.0657678771927896 -0.0229384702094662
-0.00283669649312986 0.0117641349379244 0.0905443756904963 0.0771321574760001
-0.0184824611104079 -0.0214849290924204 -0.139815943846675 0.152900666413432
0.00179422996741228 -0.0493890481208208 -0.202988492488073 -0.190603208356672
0.0193213503972918 -0.0389685715945076 0.181420654551878 -0.36809092177022
0.0472225491342125 -0.0337172703552586 0.41471092973386 -0.396486440274086
0.0339996102211892 -0.0330858039297087 0.391312304263646 -0.449829472948839
-0.00310342215887169 -0.0621123245979526 0.0722550794407947 -0.466898977861043
-0.0523191455890004 -0.0424438082502419 -0.301140634056685 -0.359268295952423
-0.05110235026395 0.0200431866636796 -0.427695992310622 0.116371533288565
0.00086200567900983 0.0271579204933851 0.0395916142712068 0.35362028522668
0.0256770590378633 0.0236751356034789 0.198074426475954 0.0347026331197115
0.0211517469485324 0.00749406753510876 0.00690484103576148 0.0289424007266902
-0.000954411592897641 0.127891640963149 -0.140861187732989 0.328628573785912
-0.0738665856387229 0.104645299229619 -0.197551370700775 0.126178691383766
-0.0926702765957197 -0.0027204917289619 -0.0703097554913963 -0.042442501724547
-0.0155352695940477 -0.085518742784801 0.0717463734193349 0.0757497497210949
0.0887377346275304 -0.0213803462582101 -0.152726151900409 0.112396653080462
0.0430262948289728 0.0943234093980837 -0.160982555088083 -0.215630213051229
-0.0830050289467788 0.123217981594722 0.204479751739324 -0.340248300584068
-0.106587722100848 0.115019885021783 0.397211860546174 -0.374194419626326
-0.0675093987056687 0.156757165251175 0.341231551949014 -0.459480360452216
0.0146142645357229 0.119787866273878 0.0072187844620559 -0.457252481448219
0.0239165931229983 0.0516663153469126 -0.342197583422791 -0.258037992937507
0.0196234795686426 0.0362938352123084 -0.339396515107343 0.196506293555213
0.0412986672488833 -0.0103409133699219 0.0916809270287425 0.300551236018197
-0.00646183568300747 0.00118415008137619 0.181546145975426 0.0208347258194161
-0.00195231868918036 0.0412808014397212 0.00529214180683591 0.0251230319514689
-0.041047671976617 0.214952445939156 -0.150289702108721 0.228151953616165
-0.18542175838904 0.182168676229375 -0.204675261958131 0.0266128662502221
-0.212673356973562 -0.0364871330056506 -0.0692879789610035 -0.112409075424213
-0.0106688553069377 -0.201979203902763 0.0779142372402034 0.0159699989501734
0.201357527698615 -0.00126830766359704 -0.0951285296885175 0.0639509685000737
0.0562802326628799 0.24589478082288 -0.100368440644294 -0.174277770969165
-0.194250630399565 0.261171515337498 0.174330613540744 -0.259379287182774
-0.24393552475657 0.246252343986234 0.321110376853336 -0.295140489979929
-0.115222260298474 0.336196550452576 0.257079051751466 -0.401996691421861
0.144819240636462 0.283769528262062 -0.0296754200669377 -0.390210014728007
0.221796465833158 0.0500720447435798 -0.269933213314524 -0.135181638832042
0.0819026602076711 -0.0934273389787894 -0.169607207213417 0.182718332384196
-0.0163075237864882 -0.0821986199819009 0.0828694687548466 0.175077925622251
-0.0780920931978537 0.0185285299564833 0.110715422984561 0.0326983654103279
-0.0240473242348703 0.0959019064871467 0.0121167742983105 0.0302114123815167
-0.0906918187223475 0.245660892686666 -0.130702758699347 0.0972441960822816
-0.294321175545809 0.185505212751957 -0.146953722848386 -0.1017968562434
-0.319273166237393 -0.130971534627266 0.030145764745458 -0.197337661085479
0.0250357584962383 -0.340374608341732 0.185045100513343 -0.0209512992642556
0.327262569491295 0.0217976908771262 0.0207394926297213 0.102433725322067
0.0659610751586337 0.38244391883489 -0.0705158583788589 -0.0480210485135813
-0.285712545301138 0.362399757742321 0.088089990051778 -0.137953142977195
-0.343431623350754 0.337869081006335 0.196823059917112 -0.176460032838783
-0.11559770677299 0.465064249447063 0.177738470645204 -0.284957597898829
0.32518834355559 0.335658705096381 -0.00672974432012811 -0.32598092890093
0.381491582807258 -0.134699036583846 -0.182701029764873 -0.174877344669818
-0.0156664153592028 -0.3160206156485 -0.158150214785725 0.0563806279365955
-0.193654946055375 -0.100906573898269 -0.0222862270542379 0.121940560040528
-0.164633775237928 0.104469453296047 0.0635200738667469 0.0769531883388706
-0.0378170266209324 0.16859392661548 0.0332588911794017 0.0101503669726941
-0.122577024607291 0.209613460607257 -0.0829670756844626 -0.0120130087799314
-0.33041756391354 0.104790034917503 -0.0275112441419009 -0.169320754720746
-0.30425148183762 -0.244731841878905 0.184728927719915 -0.164127211428214
0.13541087173884 -0.405418373715654 0.272063043582639 0.0896664165712119
0.435689219097968 0.0863476809721334 0.0513177067234138 0.227989131627135
0.0690101813891939 0.487394001641853 -0.10765981906372 0.106604637236124
-0.337150492378706 0.415214815456361 -0.0425221406656603 0.00280379289823279
-0.393244384652408 0.37872230348966 0.0423036805803301 -0.0324137364014368
-0.108192211786832 0.514626388102299 0.108086027337907 -0.123114929511117
0.399651182833071 0.295018219274289 0.0206660467420606 -0.257953367044825
0.349597487092419 -0.295000906594936 -0.216938396250307 -0.201680309415629
-0.200189032867085 -0.396936105657505 -0.246564754446113 0.0844802223819507
-0.34362189729088 -0.0196771583324668 -0.0391225552185826 0.19003729408753
-0.206481004879595 0.220379133056499 0.0960405143422738 0.0924718943158065
-0.0387422909419144 0.233758863645498 0.0617267963961082 -0.056132461145244
-0.117035416473475 0.135197544035576 -0.0348812254695536 -0.0673187256733105
-0.250098280712081 0.00937522842094724 0.0304448120941057 -0.13926617946642
-0.148440668263883 -0.24967902097975 0.172038953609595 -0.074519029431413
0.231217993171764 -0.2757902106841 0.184305650567092 0.129326125509798
0.394783451321951 0.197711806256227 0.0177304423559877 0.242608843492769
0.0254740336148332 0.507233645749104 -0.150064937513588 0.218602673556729
-0.337948754815686 0.403782880765772 -0.182807408248519 0.144726917088216
-0.381713637612093 0.366685214784392 -0.117039674722756 0.11833581106689
-0.109122726656505 0.477632458150273 0.0414632744287521 0.058265488930321
0.344513304456249 0.251659752180736 0.0665389547103215 -0.124579115203885
0.249660309012404 -0.27286005185362 -0.16125548298873 -0.129953472796248
-0.252077078724942 -0.316288284101387 -0.171331116148645 0.141085767005084
-0.348871112619665 0.066784518509007 0.071708818993091 0.188878992014893
-0.180935757960986 0.277535089024563 0.157768211299641 0.0196081528377276
-0.0313551321234759 0.254194158130574 0.0832411430237331 -0.163109186434617
-0.0853305689521888 0.0625283165958656 -0.0110598669003127 -0.0711110241841024
-0.128102762375018 -0.0394206446636562 -0.0299193503486195 -0.0894753538458033
-0.005452769106225 -0.144604790083667 0.0509285887179576 -0.1419498055929
0.189386319031453 -0.071598903634907 0.206369927445168 -0.018750006566751
0.206969152330553 0.222082395482853 0.118595751887793 0.222562995924861
-0.0353720313840079 0.396842026638189 -0.149997996882992 0.314358787613908
-0.283004539847597 0.323734779539844 -0.299614180189701 0.273518488557962
-0.314009713813955 0.299295528729972 -0.258330097385325 0.258131959332161
-0.107333858705381 0.370437528397795 -0.0278697145137175 0.221972737020791
0.226299990767228 0.212174094336454 0.154798743894478 0.0179461515714761
0.1712381467153 -0.149757418221393 -0.0102014187697434 -0.129709779839509
-0.162367730750354 -0.197959384566527 -0.0849634794998492 0.0589980386459505
-0.238847152205677 0.075472497356241 0.123740991918274 0.0976153690744584
-0.120614938627599 0.232510550323459 0.179463643445145 -0.0914178989834698
-0.0217001667416267 0.210642556809951 0.0893722852519715 -0.279857371554565
-0.0518568003965482 0.0165248279288255 -0.00856671052362592 -0.0508031085015344
-0.0509187608163628 -0.0455028294140569 -0.123092647803014 -0.0689303444317247
0.0430798191705749 -0.0606638892076497 0.00451614335765913 -0.272452102743798
0.0994110465873684 0.0241587818499782 0.354041537209877 -0.0857898674713499
0.0666204875279344 0.140712213481813 0.232310633508867 0.309954110303291
-0.0429336331474648 0.221032230497045 -0.137525334221324 0.406183078093799
-0.175484630686428 0.189750972432199 -0.370375014790825 0.373612044695636
-0.196602906943733 0.18392214705715 -0.356577230178929 0.359291086700371
-0.0845766489001344 0.214368619677011 -0.0970151728465275 0.333409958430507
0.104525949397188 0.144476827566033 0.22309212278116 0.116799374047356
0.0951248858276625 -0.0416785102818462 0.0959728514612339 -0.174137064359411
-0.0576073132336935 -0.0942914736381584 -0.08757767083879 -0.0389492538825322
-0.110082100633833 0.0338833292537893 0.0927430149330714 0.0357653283747675
-0.063420025277965 0.119779722065115 0.173364600363196 -0.161695802326836
-0.020559686177901 0.112056803926255 0.0939759607762847 -0.366664079280727
0.0207237726448933 0.000614381594030783 0.0836499060588273 0.377170249500283
0.00464584598520101 -0.00895174794568934 -0.0641203197240496 0.231566591325552
0.00546376684962921 -0.00932562944424369 -0.0616647268672642 0.0120951226976092
0.00306424951977649 0.0109590381697951 0.120150576752857 0.0252414945967811
-0.0252889762747846 -0.00891343790657842 -0.0467560918855783 0.205393735950217
-0.0221871478160052 -0.0418518662107256 -0.271672345618977 -0.0601834197347597
-0.000524849121847695 -0.0414926385185399 -0.0261281215056553 -0.401527222970049
0.0241309918636205 -0.0513608291581233 0.156108306373989 -0.53462901992168
0.0136942754929008 -0.0473602226535775 0.113401914100032 -0.57252592311277
-0.033919105865478 -0.0521841244396347 -0.164496581199585 -0.429406213872533
-0.0661577395060493 -0.009347593002457 -0.434636794627737 -0.155923289727988
-0.0336589766856827 0.0448569922879154 -0.301562831233785 0.31748768019987
0.0143540937674407 0.0220681076174405 0.212887100685535 0.277147172194977
0.0340837271572721 0.00849369335265966 0.183287322294327 -0.0720746879225073
0.0218696490049723 -0.00319504146906791 0.0181340053060804 0.0220897245813885
0.0616198088559751 0.111271746191263 0.0407980521358691 0.350618550310758
-0.0127609453026705 0.12555354610871 -0.103883737050444 0.202175211488315
-0.0801378260640813 0.0426148392947419 -0.0744998880660338 -0.00132321779712298
-0.0529784417712546 -0.0654751066821035 0.102864923264568 0.0353129601479592
0.0643453682976273 -0.0598185076570849 -0.078664130009631 0.176903943892474
0.0811852189479768 0.061083185447017 -0.248633407366885 -0.103382964397502
-0.0106541121458752 0.145348439261735 0.00707731048786576 -0.389277461974575
-0.0348255563731848 0.146838222642343 0.154392647551244 -0.507508340920589
0.018034680126677 0.163143425656019 0.0662954072206921 -0.556016181751202
0.0681066094609193 0.0957135073955388 -0.216099068572074 -0.391736278610677
0.0465541382070411 0.0338618273367094 -0.417676667264539 -0.0488783391812135
0.0371375710946237 0.0224699195714244 -0.19044459591492 0.338474467187236
0.0300015518714723 -0.031229754602673 0.229140200172631 0.206793774686231
-0.00615040742006853 0.00498754851369168 0.16155597232549 -0.0750419412618073
0.01727378060978 0.0383718953807849 0.0158213473260391 0.0200375437646435
0.068392691592438 0.205957235860744 -0.018879026942727 0.270711924794335
-0.0691570999973486 0.24518460196091 -0.160600354446545 0.121191947807724
-0.19766378440117 0.0705730839889617 -0.109531722308743 -0.0597651084651748
-0.105658840533531 -0.165904772445432 0.0755876963787162 -0.01747054678364
0.170844583072459 -0.0962545978323328 -0.0575092152774405 0.105860275626886
0.165201982242812 0.183751049305041 -0.174764569870693 -0.100674149666748
-0.0397008536195655 0.315372096610693 0.0211581906623056 -0.306427105129157
-0.0882968864484387 0.324294921058691 0.127781393240659 -0.403826829304758
0.0642510007195923 0.341166654300154 0.0230170706333761 -0.4691773796683
0.25984672266395 0.171360001012961 -0.215048519315451 -0.318272112103863
0.215164756180841 -0.0653281458114075 -0.297228167612194 0.0167186714842203
0.0281533010789953 -0.122200748534172 -0.053164921848089 0.240949360091672
-0.0556471475390712 -0.0658010969651051 0.156907601307138 0.106631434829418
-0.0611712827924278 0.0543435422319919 0.109545101865908 -0.0272214780120868
0.0236586199227456 0.0963627074725257 0.0250667718886227 0.0191537820990048
0.0388765496533047 0.256438167994603 -0.0675629261456987 0.148871375568735
-0.163648131630418 0.30183315634706 -0.178615588733093 -0.0172010762351148
-0.334550519227227 0.0411577894716458 -0.0698022282742447 -0.182929006520578
-0.142575728122856 -0.30093175522026 0.146732797318746 -0.104894831352313
0.288557167519831 -0.136622150759688 0.0604334233655296 0.0783129886337713
0.239541039948653 0.29461431778009 -0.0865395975024498 -0.00935128603295167
-0.0700137733760368 0.443659203519809 0.00754240808613497 -0.161728090434674
-0.129329314093921 0.44868546999489 0.081486886246212 -0.244998633446168
0.125102561737633 0.450736530023857 0.0112748536735158 -0.330584475778673
0.43875276871174 0.128552627606773 -0.167286698923359 -0.276811592764009
0.259578177863005 -0.302059031815994 -0.245247011005238 -0.057736867680769
-0.165357856918696 -0.264772514443133 -0.109762068100812 0.128665850168656
-0.217306944565704 0.00562347295864418 0.0419993479982482 0.118458406714835
-0.0940884960558859 0.171782325016639 0.0939187726733591 0.0356171499401135
0.0471041945278642 0.167543077649523 0.0357193068231569 -0.0100741940713919
-0.00743456603657707 0.240714216452927 -0.0816307020156783 0.0303857671170782
-0.234752419337984 0.248407671986533 -0.110298926753306 -0.134709249532942
-0.377320132945897 -0.0658104771241035 0.0776481371016946 -0.235005893619719
-0.0767626028597249 -0.411147047655454 0.274700369359373 -0.0565689483989098
0.412676899961725 -0.132731513732534 0.151255245999 0.170031942753964
0.292045525754858 0.380789413643155 -0.0407925437861834 0.140838356921787
-0.0882464766616439 0.513004386782097 -0.0347556813530656 0.0203708725479112
-0.152826002537035 0.50741496744486 0.020308047614239 -0.049959260078184
0.15510023623223 0.49086082815357 0.0300083884041447 -0.160855504235173
0.482305410390737 0.0577341246959681 -0.11120633676271 -0.23104232902943
0.152747183683265 -0.423181112191232 -0.287569475652631 -0.0613650994475007
-0.364668646646137 -0.241864070545115 -0.168256625143582 0.200012963735095
-0.306746007677299 0.149177272210027 0.0664235279474033 0.185616096276965
-0.0726323361843466 0.29235677018268 0.132549425967336 0.030352219219413
0.0790615238664451 0.225404305194242 0.0283708135271291 -0.0826567597004265
-0.0397914178062364 0.173604166168391 -0.0660250130404735 -0.0406219810393033
-0.212948090029995 0.125955565907684 -0.043552920963364 -0.137331689523995
-0.247351136736994 -0.144769454090685 0.114459241891536 -0.149825473329515
0.068474078017069 -0.347084863972901 0.222824652919713 0.0217079421005492
0.432046628594775 -0.0182380356024465 0.131172709684241 0.200214416178883
0.265593270144153 0.419327271277817 -0.0226907722000865 0.25678390754454
-0.0952868800105014 0.503022536822957 -0.0858116254960882 0.20952684435893
-0.148880880000226 0.491827248770223 -0.0404080178247017 0.155216459573097
0.136849463936399 0.459976344216129 0.0613484810772022 0.0260212727480043
0.414031966473408 0.0485353187928124 -0.0044708084149389 -0.13885737053657
0.078038642203167 -0.354256945617381 -0.200331224988586 -0.0299628639555643
-0.369915176673961 -0.146963621831283 -0.0730215322131759 0.207012752772494
-0.267393741119057 0.227852960163957 0.158546484569741 0.125243508045236
-0.0200813312061183 0.328691393053685 0.148291296735359 -0.0629140314009688
0.0966380389594416 0.238301997259292 -0.00640574259827085 -0.18597892724954
-0.046934513965991 0.0959810858679838 -0.0449354581923073 -0.0559443348021263
-0.132156712898763 0.0263428178226898 -0.0669229507587414 -0.0613293856967993
-0.0734513041576744 -0.1246452485651 -0.0233604424970944 -0.143302389446658
0.131131072359123 -0.154389402795308 0.163828566405242 -0.116035794778368
0.285486570151868 0.0922401998135901 0.206675970664339 0.131223722171441
0.160581587709614 0.356301898085105 0.0241563402986038 0.338020848502976
-0.0860905807740824 0.409604154561038 -0.121909088531692 0.374766482035237
-0.121983506330056 0.401935633042835 -0.0921671731183711 0.339790150488118
0.0864562975189683 0.368630317602084 0.0837486576217629 0.20129313526739
0.294645785313697 0.0712284765965367 0.143951555951532 -0.0616140561899337
0.0710015638719661 -0.210052106481066 -0.0710528822912549 -0.110030622698034
-0.235610912524088 -0.0889725261003058 -0.0451242906143473 0.0894838320146642
-0.166652583340729 0.181475698396037 0.153503417060274 0.0211112991742913
0.0106876436848366 0.259112287087645 0.108878038902522 -0.167263469326808
0.0842857814848713 0.195285738486733 -0.0619276780223111 -0.289982336960266
-0.039254269781688 0.0404555836203521 -0.0309408612746448 -0.0400012374578305
-0.0680012798452697 -0.0150290629880792 -0.135917202341569 0.00477809402734096
0.00770073750937181 -0.0754472521829323 -0.130190572188182 -0.229541141836449
0.100895921815379 -0.0291745654244974 0.254114881419905 -0.249691085701719
0.126653289352532 0.0895952509376705 0.347865912206118 0.14752526568718
0.0697386789243129 0.210368228242394 0.0799108412859048 0.409236280969791
-0.058709258665621 0.246481428168871 -0.133227879899007 0.494546035183637
-0.0784607021859833 0.250105820911738 -0.128652360448778 0.474370674576905
0.0303368627213146 0.225091383663589 0.0814251343365882 0.331374272941087
0.157998004480571 0.0717211483963509 0.25134821107507 -0.0125947782888929
0.0584984272283169 -0.0803533057552301 -0.00353300246618769 -0.202695567279945
-0.09483987068841 -0.0507650236371283 -0.0988624245849977 0.00745433138013148
-0.0767587698617767 0.0817798615836998 0.0929428456799656 -0.0142850092439749
0.00473160003398932 0.133858075454919 0.0676589432977879 -0.222406091454775
0.0354693880089518 0.107798039091658 -0.101365168920874 -0.364703559886999
0.0196335413127984 -0.000450998631289773 0.0921507581577681 0.363946561844331
0.00363028619585183 -0.00859011650938246 -0.0532773461923482 0.223315636792731
0.0044250374715251 -0.00894729038067845 -0.0542378026008669 0.0126101920879098
0.00275936378925478 0.010256000200319 0.121475935661128 0.024276523048113
-0.0246675368637151 -0.00861163744320713 -0.0393964738549705 0.207406629485789
-0.0223674960893641 -0.0394271119640091 -0.269107138221386 -0.0460361494591286
-0.000538909799800123 -0.0393756280054486 -0.040615703679295 -0.387800430148447
0.0216814386930896 -0.0503659683639042 0.131602157482485 -0.516237655501135
0.0123891982149344 -0.0455160331189222 0.0894543697176968 -0.552862713911635
-0.0345636484948531 -0.0484609714189648 -0.170662030714743 -0.407427583331767
-0.0640297190207747 -0.00575233540198182 -0.4258599951107 -0.132164188809239
-0.0304244457619034 0.0447490575222281 -0.277008731325019 0.321180425964573
0.014959814163232 0.0213318339888699 0.217523127447535 0.257153449417837
0.0334182558632255 0.00784171860311921 0.172190474400199 -0.0785038443422676
0.0207517366204322 -0.00315460133631705 0.0162507984949383 0.0213318886146168
0.0627662693045662 0.10507877485004 0.0494875638921295 0.341038537796728
-0.0073430774117824 0.12191606589424 -0.0922941520383664 0.198474586127355
-0.0749352980536751 0.0440638902920676 -0.0655582359210865 -0.000157368942761886
-0.0534808631490664 -0.0606286629395092 0.10490028039251 0.0357593314382623
0.0611119495328199 -0.0601558920305306 -0.0727076318127333 0.181605059935217
0.0803402272638852 0.0557549812695066 -0.248677181510471 -0.0913248433528044
-0.00416863702501965 0.141423422346238 -0.00792923498909769 -0.377879875459603
-0.0287550667396475 0.141388388599279 0.132740393855829 -0.490214267212032
0.0240486320964625 0.154975788073605 0.0439768214478117 -0.534894778030702
0.0688845771590378 0.0894249360628429 -0.218210699639702 -0.369036920547336
0.0465987387278893 0.032403700056813 -0.404310566829369 -0.0310621288428206
0.0380595508574466 0.0198377677923054 -0.166995978756039 0.336026987742096
0.0270687233179542 -0.0322156196067568 0.229698910139696 0.1889481867767
-0.00697538136455422 0.00511139593731228 0.15063650113709 -0.0801326625834283
0.0168160862403589 0.0370540253092876 0.0148273041239261 0.0191551855727039
0.0720843561883424 0.197496579290039 -0.0120386248224057 0.265681507545863
-0.0586892145829697 0.23890936391229 -0.15215665988523 0.123020910922781
-0.186551797503991 0.0755334309778827 -0.103455370930504 -0.0525892406034522
-0.107189949059515 -0.154696147293309 0.0736699654309014 -0.0139189508675352
0.16084018881758 -0.0980937562892873 -0.0574524837849706 0.109541946349144
0.165164006877069 0.171795854294772 -0.177316352967586 -0.093148411655535
-0.0266896122422091 0.304124213612918 0.00913840952954697 -0.297481935312597
-0.0749062206651817 0.312200675782429 0.110368067995764 -0.392228307100216
0.0726989573608801 0.322612335779825 0.00719031236737726 -0.451887398680362
0.255165665711728 0.155069358266957 -0.215784162661379 -0.300611369368915
0.205650734553112 -0.0709874301496716 -0.285833841640285 0.0257029465910768
0.0237510936037754 -0.120298729633116 -0.0426050766067888 0.233791600163947
-0.0588364317452262 -0.063684731125959 0.154434324466036 0.0962057111949674
-0.0596837867402683 0.0555058585008407 0.103140979497229 -0.0312973398790145
0.0241289817806589 0.0935231529668709 0.0248214631248551 0.0171941068869871
0.044471856229529 0.248086208396774 -0.0643670160068737 0.148704953460639
-0.147437806700656 0.298353906636298 -0.174690874926201 -0.00978023651871489
-0.32045434385432 0.0529374380916449 -0.0734908833654506 -0.173389878969581
-0.146864066982426 -0.283388478635122 0.135356921033576 -0.103423271603189
0.271399354108998 -0.141944306917463 0.0563254053903051 0.0747540368391489
0.239344646685351 0.274674239146055 -0.0859480681140418 -0.00874670992775408
-0.0523080738001738 0.427371927569102 0.00138579903050044 -0.156061707726506
-0.109638258672194 0.433724043875867 0.0706681539200971 -0.237150412187933
0.133425620508429 0.426544958201446 0.000288715922206445 -0.319568438849565
0.423834146996608 0.105710490730056 -0.168688795932106 -0.263158327228722
0.238325027091221 -0.300734148199702 -0.241966533534326 -0.0491883635308557
-0.170201020308724 -0.250468374993145 -0.102902184911803 0.129462663509099
-0.212742825880612 0.0114790363144387 0.0444098718993143 0.116089104808898
-0.087371624428642 0.169840573024201 0.0934912643228076 0.0313882520457446
0.0484278597123548 0.161487273038058 0.0360213267222363 -0.0107309074778254
-0.00107646734903643 0.234950382394849 -0.0821734546740097 0.0349412729414301
-0.219553281085929 0.248540736312135 -0.115304743208775 -0.128074975149115
-0.366484243063775 -0.0495579723969824 0.0666110846841461 -0.232992101287247
-0.0882205771754989 -0.392713350570431 0.264986294066428 -0.0660492355685595
0.389948251485189 -0.14192480518216 0.152208302159201 0.158194797741102
0.292894675983345 0.355311076775421 -0.0344089816198313 0.136222450793969
-0.0695258324168231 0.493093937177344 -0.0337716097057603 0.0204912124404645
-0.129353807652665 0.489637915205226 0.0190859573789861 -0.0477779641583433
0.164211331685062 0.462619988711178 0.0228440764181775 -0.1560524254054
0.462387622996873 0.0364849119726042 -0.115370719166458 -0.218480053577003
0.129989786787737 -0.411615855971552 -0.281414367474707 -0.0476898255734839
-0.360786235793433 -0.21858162293573 -0.153756002715853 0.202933782222691
-0.292625316959171 0.155556394273516 0.0720704508862669 0.180218833226155
-0.0607118387362623 0.285541502038115 0.132243596275509 0.0254050218265977
0.0818610884868819 0.215072807564387 0.0273601893969931 -0.0816715363160639
-0.0354905795223826 0.170531068622104 -0.0675883651295632 -0.0363127016943699
-0.204218749468181 0.128660191036295 -0.0473310458045084 -0.133084450093292
-0.244401876035927 -0.133146774638837 0.107515628356281 -0.151524292002785
0.0538872893401495 -0.338031800305847 0.218793288238537 0.0136659271848576
0.415944701044057 -0.0331785873792656 0.134241200749528 0.191152908443333
0.267624541943819 0.39255307218236 -0.014013365708293 0.248340885945792
-0.0756585654456331 0.485129368024143 -0.0767362243576869 0.203481307887303
-0.12712240536452 0.475377972130807 -0.0344092487999267 0.15016156146034
0.145657367794582 0.435257379019834 0.0592663497919893 0.0229513067853762
0.395875805359699 0.0301820548366415 -0.00647050864128521 -0.132482772742858
0.0613640637628953 -0.340041200924575 -0.191870348202678 -0.0229858074837118
-0.36173869778674 -0.125534400549994 -0.0616498814685514 0.202250597751131
-0.248079128147614 0.230016551163549 0.158681197415619 0.115566574712287
-0.00621822270477506 0.317127798149775 0.144701189849544 -0.0677946863068353
0.100893807743804 0.2275724064517 -0.00969064396213895 -0.182143616256542
-0.0457362981030262 0.0943648620496915 -0.0455661315721954 -0.052916869576965
-0.130318008943668 0.0278168632863415 -0.0663294159373938 -0.0571435052294059
-0.075167211399709 -0.12020928900217 -0.0255253376185738 -0.137409473993784
0.12399522357265 -0.154641201616716 0.153644130995346 -0.117209966593251
0.27946434031721 0.0795611262218142 0.202634597867266 0.120370579469289
0.166356880402567 0.336275678313271 0.0323258893520292 0.323983931661579
-0.0693263237043181 0.395568574914991 -0.10656594111105 0.362555341717331
-0.103763094603847 0.389580730525218 -0.0774514636663315 0.328817112731813
0.0943656190882719 0.350343232091419 0.0867663920691711 0.190889559548082
0.2824656375302 0.0579172492531506 0.1411760624826 -0.0661152644111496
0.060272649341587 -0.202004162011242 -0.0704092570678175 -0.108765723745959
-0.228074248307526 -0.0741116205558525 -0.0425876445422085 0.0847359195202558
-0.152858298080127 0.181116737215609 0.146556828037386 0.0151665411400478
0.0217005774803636 0.248093606594533 0.100256141611439 -0.165233583385598
0.0879747641891587 0.184825963411736 -0.0667590976628181 -0.281116724889755
-0.0385107443149607 0.0402914066105903 -0.0301326808443682 -0.0378294127491553
-0.068013019360621 -0.0133603048695335 -0.129006741693385 0.0118390835265417
0.00466138737336408 -0.0754912048738417 -0.135369849807713 -0.216687665457219
0.0981321992581378 -0.0336100281105321 0.234807627072655 -0.251809505563132
0.126084834311654 0.0820788320724059 0.339951623226597 0.128787363101575
0.073081225192586 0.199053364094646 0.0888172925175506 0.391207348727421
-0.0494316890744009 0.238999357488004 -0.113817134317702 0.478121450393843
-0.0679615140347018 0.241733694566223 -0.106609221191289 0.456851733988671
0.0362868614526375 0.214315556443075 0.0899849251186873 0.316622579816461
0.153160215374078 0.0624692117547502 0.24647365754357 -0.0231689416846319
0.0520543520253317 -0.0774164604791492 -0.0102708193121983 -0.201942351016364
-0.0926317784206288 -0.0438703630949502 -0.0996770337601521 0.00744805098638698
-0.0703630051295163 0.0815822024381981 0.0845844938324243 -0.0154230293050324
0.0101465578365969 0.127520127385416 0.0561484019062913 -0.216037514301783
0.0379243612296745 0.102515625071071 -0.109565460342134 -0.351299471232312
0.0188135051548902 8.3394176248929E-05 0.0927090026821559 0.35778275674774
0.0029636622732295 -0.00744313525788438 -0.0478935137100623 0.214873517239089
0.00360144699150645 -0.00824560030085159 -0.0484157909305625 0.010623103340519
0.00231729231933338 0.00968841106943838 0.125048991300701 0.0260061434588673
-0.0233378698616582 -0.00931397744754007 -0.0373484503277968 0.211021634090118
-0.0212016657172748 -0.0383502551594998 -0.267758854674498 -0.040693220927442
-0.000132720036849819 -0.0373741276476621 -0.0448759561213661 -0.377534972387082
0.0206878836715219 -0.0486402967174041 0.123259438544641 -0.499235666478685
0.0122588022039658 -0.0444886934085543 0.0827406354114441 -0.535428480604825
-0.0337253112149945 -0.0460541608847013 -0.164921814030195 -0.393832607571487
-0.0619576682714305 -0.00394072898809896 -0.416381446890585 -0.121688382464107
-0.0295270549353334 0.0442254314241673 -0.263999159063196 0.318039615704752
0.0149503757168695 0.0216231404855597 0.21752631423075 0.246094389311732
0.0331886248908818 0.00707259728568897 0.162644669723732 -0.0807358166222748
0.0199117303032802 -0.00215475916299902 0.0142155808695791 0.0218964759044809
0.0619105435677758 0.102916068101338 0.0505100401009626 0.33650945378534
-0.00572593606933491 0.119051868076986 -0.0864560528264712 0.192093922010247
-0.0723799224286784 0.0439115851708233 -0.0593011036656457 0.000407672644051293
-0.0528916357864733 -0.0575251630047569 0.107576936046218 0.0385625907296025
0.0584152762498307 -0.0600164740988251 -0.0707777072384407 0.185884345604639
0.0795852498475731 0.0535736185602096 -0.24929602259336 -0.0861157368471013
-0.00206301984701164 0.137858565886765 -0.013031792129004 -0.369256534146632
-0.027099001718707 0.137174573391367 0.124565119362617 -0.476011051628742
0.0249308769118388 0.149039295010271 0.0410973985063527 -0.519757882758766
0.0674200387098186 0.08622282746205 -0.211490613346801 -0.356576241739116
0.0466059722416765 0.0320237621327678 -0.392741112574001 -0.0265689159566715
0.0378318691397931 0.0180964117857616 -0.156700043508453 0.331753162697187
0.0250748487629749 -0.0323429331865671 0.227154242904683 0.178631187156099
-0.00797933283025504 0.00507130344572106 0.14244535000615 -0.0815779493518602
0.0149490809133911 0.0373517687959631 0.0132793180811107 0.0201471337879425
0.0723990099419216 0.193296053675319 -0.0116543820785269 0.261874402157311
-0.0533971395916826 0.234488427332983 -0.146406896520937 0.121770671325645
-0.179813777614523 0.0763125756547146 -0.0984816860749878 -0.0493746147131668
-0.105680537039294 -0.148097679995812 0.0728594788048959 -0.00728647585652814
0.154949744949528 -0.0968226024907764 -0.0587985689685496 0.113650934031666
0.162357750352311 0.165424407903345 -0.178430075211477 -0.0910522212459576
-0.023546114423898 0.295518149471286 0.00599885299226794 -0.290337944413624
-0.0696596330904005 0.302672855188884 0.1055274425439 -0.380223990988645
0.0746455607921283 0.310104967470815 0.00372983675063056 -0.436967816705956
0.247160216290823 0.147333958917991 -0.209981687191409 -0.291929266710332
0.200053114903438 -0.0710828678948296 -0.27661354422279 0.0266607666824132
0.0225922521793689 -0.119981646473107 -0.0385599251134892 0.227060222807031
-0.0599824887734711 -0.0629693998825538 0.14984847426497 0.0920226923452174
-0.0595647405020129 0.0548246142537033 0.0981293807302406 -0.0313407898595607
0.0220564884100822 0.0924105242698928 0.024867429583032 0.0174325179785045
0.0454760006747524 0.24319824360751 -0.0657603487226276 0.148830141273681
-0.140536691739403 0.292564146147831 -0.172559355563389 -0.00700842690840453
-0.311061598613562 0.0564906099914279 -0.0732991976798289 -0.168293327836354
-0.146485636364544 -0.272238407004515 0.128787154910385 -0.0989553477829558
0.261589816748261 -0.139291795180551 0.050728582688334 0.0738923777929612
0.233849319869543 0.265263120269238 -0.0865665698733502 -0.0104435893313688
-0.0473870670290015 0.41420603758314 -0.000224814174572784 -0.153506581539049
-0.103746808958305 0.418703338266971 0.0689391639930356 -0.229725121235476
0.134597462548597 0.40958882015403 -0.00118653281691975 -0.309063204323706
0.409521384190135 0.095523298751027 -0.165140335668921 -0.257452264329787
0.227605533728263 -0.295423399669092 -0.238872840314049 -0.0476241795758099
-0.167425943262025 -0.243593758496546 -0.10156203567023 0.129040872087
-0.209947442509098 0.0117299816112597 0.0439668253438441 0.114805905790537
-0.0853683173398527 0.166135148082311 0.0926772658132645 0.0310349733525667
0.0464558831920575 0.15854665972665 0.0368174195950449 -0.0109392339670954
-0.00170770803075184 0.231257284512691 -0.0828888482419895 0.0361269654351279
-0.212443592336614 0.24585128478229 -0.116662923151637 -0.125137061492589
-0.358936484074027 -0.043087269040407 0.0611277581046565 -0.231451443488683
-0.0909212339974287 -0.380523445014465 0.256687154690055 -0.0687085494299922
0.375800729371294 -0.141983776317577 0.149470064127073 0.15274682410547
0.285334295156079 0.341822313970761 -0.0334086360833514 0.131276905186211
-0.0647449471411531 0.478208687840042 -0.0320519514540966 0.0197061851830078
-0.121501417026574 0.47371058308197 0.018672224065993 -0.046923554037475
0.163380270142206 0.444469269104296 0.0200007663680748 -0.151431123975446
0.444940382245555 0.0300844404970524 -0.113379607571527 -0.212469479799756
0.12118575233015 -0.400772398509204 -0.276474811637753 -0.0424874739435335
-0.353028996331539 -0.208680666097573 -0.146507596840937 0.202607746746728
-0.28594960532213 0.155640212484384 0.0744151696244926 0.178829816140182
-0.0571996320747876 0.277921558238726 0.131994778152091 0.0235077868600539
0.0792915908668619 0.21119913166721 0.0291236364866491 -0.0813014428271989
-0.0371322798354076 0.169368444293344 -0.067956406444546 -0.0348861405219257
-0.200460719965219 0.126669628093854 -0.0498650702761938 -0.130797420675568
-0.240598453146052 -0.128013376794037 0.104709385669061 -0.152054462969621
0.0501966409361366 -0.330459206609993 0.216168341750786 0.0107032985833773
0.402823916107074 -0.0361787877335489 0.134427506872586 0.186652423709089
0.262514258917181 0.376181472709622 -0.0121815777738096 0.241285091429849
-0.0703872898932545 0.468800745881391 -0.0732707205420407 0.197066070511746
-0.120315114028913 0.460710898735388 -0.0314860287101698 0.145663267215396
0.144312903503797 0.418496659439085 0.0571164228602907 0.022683187381503
0.381858596348487 0.0248709265356868 -0.0054081368596241 -0.128969374635473
0.0546816021904534 -0.328132724075723 -0.185096649305933 -0.0212586599851245
-0.351736865379116 -0.116034809173668 -0.0561492428159425 0.197139262983807
-0.237920356875021 0.226915794935205 0.15688305836131 0.112329080788323
-0.00149220733558414 0.307907124727127 0.142653683285618 -0.0669692090189279
0.100052079900904 0.22169885200157 -0.00815497962893006 -0.179716771739284
-0.0469372648184292 0.0945117131184734 -0.0448259520963912 -0.0514703120243742
-0.129150443643537 0.0263019765243307 -0.0635894490621392 -0.0549211940078422
-0.0751487681734894 -0.118596817709745 -0.0248301490389725 -0.132705059183482
0.120647734313553 -0.15350873493312 0.147459478569063 -0.114466832368514
0.27374945146727 0.0736921720823005 0.197237957487754 0.116544553634873
0.163122172441619 0.324337442619176 0.0319845902162341 0.314202880766184
-0.0666050373390055 0.383856508592884 -0.101733610916977 0.352556019427865
-0.0977828261666811 0.376529633733256 -0.0722368963068029 0.318853351122644
0.0936248001269572 0.336854219907102 0.0859022937207857 0.185808849387674
0.272363856560934 0.0526632185010727 0.14084497607253 -0.0668994002054495
0.0545204848335926 -0.194168433511062 -0.0678984663599434 -0.110185761576551
-0.221617449388632 -0.0686087986995041 -0.0427845140593456 0.0799875318208259
-0.144946144690065 0.178074060362809 0.140558296443559 0.0140764614347479
0.0249776769101738 0.240153559533811 0.0968520178469201 -0.161220010675698
0.0875127792015513 0.178558210925922 -0.0652437618634978 -0.275936007647535
-0.0395685578185788 0.0406516267316411 -0.028842274751783 -0.0378289707303423
-0.0687452639695897 -0.0134730335967515 -0.123209904612857 0.0146239271160673
0.00353574964483499 -0.0755178687353221 -0.134854827691795 -0.209450605866056
0.0960094148597194 -0.035088411976426 0.222386413092581 -0.250106779109862
0.1237038778123 0.0784553008826854 0.333057376230788 0.118801358310596
0.0722172644645755 0.193324788322983 0.0875573353069763 0.378600500469598
-0.0461031290366041 0.231612657063372 -0.107394226676381 0.463248497442587
-0.0630583336574082 0.233845216768393 -0.10014142348622 0.442211470044252
0.035901957984385 0.206086117330933 0.0902402842122594 0.307653573183179
0.146636738852995 0.0592411137372035 0.244274071011271 -0.028217874144269
0.049605195986481 -0.0737903197587616 -0.0122238604870929 -0.203068489692865
-0.0889978028354226 -0.0407241643920915 -0.101757867033286 0.00527707886596191
-0.0658459498244225 0.0800621340690862 0.0782303010248568 -0.0122572161123856
0.0120210336842841 0.121990419702344 0.052555629506325 -0.209546728412542
0.038117913802431 0.0983883462487352 -0.108028174003257 -0.343183568130858
0.0188670272592189 8.05591555018769E-05 0.0936157319221187 0.359036765682246
0.00268991376466574 -0.00677735924561424 -0.0445092988994539 0.211989263242254
0.00328753263060556 -0.00745736610561063 -0.0437934334119552 0.00880345507058104
0.00192923859392561 0.00969701071505093 0.129679113716668 0.0275698928582072
-0.0227381202170643 -0.00989955698056144 -0.0355665444710507 0.217279217659673
-0.0205127351185271 -0.0378539599732287 -0.27240037310021 -0.0362485652516611
0.000955276398457684 -0.0356363379446277 -0.0484269589428512 -0.375647453872138
0.0206741447340767 -0.0481025325517068 0.117853253637341 -0.493472772840903
0.0124922579209902 -0.044123542907373 0.0809138516521911 -0.530745229279008
-0.0336688296078447 -0.0453467927554575 -0.16325794414113 -0.391136302089937
-0.0608455950042172 -0.00285750117458998 -0.413858978119247 -0.116951769151723
-0.0282083079284726 0.0442437991385434 -0.256870208663148 0.32116850706751
0.0143048236117611 0.0217014496242303 0.218720878049294 0.240321376276643
0.0333006619563662 0.00714549902220142 0.157927875209024 -0.0832259168844186
0.0202000547577237 -0.00131150379673346 0.0133920071425486 0.0226196033411726
0.0622144787005502 0.102561220631546 0.0516847939505596 0.336913369638107
-0.00398841197324681 0.118118898681611 -0.0826206571713075 0.190499765398579
-0.0706747858105987 0.0443076540824422 -0.0537334536875472 -0.000321843072120367
-0.0529848516162316 -0.0565931773484084 0.112756263788194 0.0429184472727446
0.0582959275914391 -0.0605430521028186 -0.0713910596530646 0.192212640250218
0.0796696855954776 0.0529316228001157 -0.254251940767289 -0.0822493274446259
-0.000753693111378774 0.137440131413341 -0.015958794102915 -0.368031653513317
-0.0258282350556515 0.134789742440417 0.12247943389822 -0.470357242634925
0.0256093994977714 0.144991601757025 0.0392656912318243 -0.514295897084986
0.0667134741051016 0.0855526212191007 -0.208528978189818 -0.352905771168387
0.0474719838041508 0.0316392038341677 -0.388555947160413 -0.0221424761590309
0.0389556524320461 0.0168265441997782 -0.149944651218198 0.332047485769269
0.0234438859029808 -0.0326647516556737 0.227605518035278 0.173878306654904
-0.00894467397945195 0.00525570889311972 0.138119436993369 -0.0838691058193209
0.0138777592805726 0.0375111448774046 0.0126090619652574 0.0204708038768916
0.0738382663016983 0.193331459358597 -0.0121994029931406 0.265677656359465
-0.0507026662219686 0.232980903829803 -0.145302633298576 0.121433559878941
-0.176991216243552 0.0783654477073153 -0.0949284010812189 -0.0469958413168051
-0.106007947142645 -0.145510106740518 0.0735467335844877 -0.00226775430406054
0.152898819461079 -0.0979085622194792 -0.062130984139633 0.119101774526622
0.16108218207565 0.16395056312577 -0.183752474057877 -0.0894370315447957
-0.0221784982098284 0.293537310934592 0.00405250470170121 -0.290270526001165
-0.0689188650269839 0.298171472799215 0.10331037477328 -0.376741208728013
0.0737922592506244 0.303667003491396 0.00394992916354673 -0.4322580542429
0.24508119924515 0.142842043308157 -0.207075073463801 -0.290360875695277
0.198777643639582 -0.0718344052550574 -0.274817009326717 0.0269242514126542
0.0229393840814902 -0.121452418893776 -0.0364991131147597 0.225459568612771
-0.0627209255719648 -0.0639617959929436 0.148849023432585 0.0898299479025047
-0.0615531443706127 0.0547367958664015 0.0959793307068745 -0.0311490895717784
0.0194755398090621 0.0931242463873297 0.0245152596068049 0.0181073836285644
0.0461681674631636 0.243802433630306 -0.067683342208213 0.152422642284033
-0.136339007134173 0.292312115359037 -0.17489385189995 -0.00558130863218306
-0.306721334426777 0.0601084668041683 -0.0746049458357756 -0.167351629265691
-0.147229194172463 -0.267155811678705 0.125591962073929 -0.0956968537648676
0.256941514286989 -0.139074538866879 0.0473389849480149 0.0737201635821528
0.23181453347949 0.261292458583072 -0.0889752415164659 -0.0121242691970507
-0.0466575353665942 0.409928632839321 -0.00132490148707686 -0.152402061719633
-0.101122044285772 0.411552720549364 0.0682406123560478 -0.227739648667919
0.132360442372836 0.400962336874734 -0.00235825521662053 -0.306616378938475
0.404043214552747 0.0909790419900273 -0.164900488559786 -0.256790498479832
0.224340074926666 -0.293544973886553 -0.240299808040075 -0.0461788550043037
-0.167727733054042 -0.24214266814496 -0.1026934583251 0.130352823414963
-0.211899045513399 0.0129144538517807 0.0437590113779319 0.117512755277202
-0.0867871294511957 0.165793948240075 0.0938661474557179 0.0319681266620201
0.044372339041431 0.159415180659394 0.0378182561432728 -0.0127079576474009
-0.00184631006861401 0.233101282956013 -0.086053458172732 0.0386099937653778
-0.211257234275421 0.245385154927369 -0.120820474063218 -0.124637682549185
-0.357482904483084 -0.039643367188967 0.0577858419145087 -0.234405006756033
-0.0941647578033825 -0.375899909776984 0.255128304749084 -0.0701676208591831
0.368613359042326 -0.142641723682167 0.149689547372504 0.149563534288397
0.282742246171462 0.336241682540011 -0.0325752316821294 0.129170928226064
-0.0622691806160422 0.47116875446379 -0.0326591754495066 0.0196245201909632
-0.119114892549396 0.467150523165101 0.0187170171068296 -0.0454936720337728
0.161568779111262 0.43530300422583 0.0182068658254358 -0.149593439245962
0.438200142781272 0.0258813052611196 -0.114323666722603 -0.21116194028115
0.117039152158416 -0.396868427434167 -0.275166950569453 -0.0374450670781355
-0.353068571918224 -0.204399932003715 -0.143633241510246 0.205694534236141
-0.284872837712556 0.157498311067877 0.0781095081050412 0.179866952458893
-0.0554941700484815 0.276937766285587 0.135414770388727 0.0229112958630632
0.0789223761868414 0.210187778983429 0.0311141250329328 -0.0827422126068623
-0.0388878419111533 0.169826660512238 -0.0702043519521983 -0.0331034419883822
-0.201932819395077 0.126400185398492 -0.0519490026494541 -0.132045865080969
-0.240579971543874 -0.127215648304165 0.104551479992248 -0.155932486756269
0.0500271773371516 -0.329664472906206 0.217792149536747 0.0101338459953614
0.398601663785755 -0.0391403565304139 0.135163077180419 0.185461878201182
0.260407634081485 0.369596912142551 -0.0120389487984285 0.239984857466372
-0.0688187998923806 0.462904467864079 -0.0722821180415703 0.195326631600293
-0.11611898852346 0.453332774199453 -0.0295242663544361 0.143552799802876
0.142821173535394 0.411406596719726 0.055824438400288 0.0230772567471761
0.37443773076439 0.0235896475549813 -0.00312027345182846 -0.126944564146449
0.0518203440065717 -0.322972783054056 -0.181668284048381 -0.0213172136691846
-0.350313298123919 -0.110548127757817 -0.0528963312078236 0.195680468883389
-0.235257176410763 0.228469864070947 0.158923477582762 0.110674289955883
0.000130662200671362 0.30530907368695 0.143820836819197 -0.0687855610922171
0.0992492607546598 0.220065055530913 -0.00644733235904297 -0.181317065846557
-0.0494449882387659 0.095702057970504 -0.0454194716800941 -0.051067290003475
-0.131936394226777 0.0252145171573589 -0.0616120623819675 -0.0551493506972698
-0.074802143864944 -0.12038473559284 -0.0237587646871626 -0.132398001065142
0.121155935289588 -0.154782213559947 0.145505966521603 -0.11350383173114
0.272625735385947 0.071759156651496 0.196558628540867 0.115159541923252
0.161423113056031 0.318944453037667 0.0315066376156664 0.311507773781295
-0.0637375672617356 0.378528457160464 -0.100435757285677 0.348096579194018
-0.0956691858185576 0.371150763487258 -0.0692615285694176 0.314285265359827
0.0930151083833941 0.331681922478752 0.0865537493597709 0.185291238071308
0.26677052655305 0.0506266278101456 0.144156107314378 -0.0678667812906873
0.0530141466960168 -0.191337802592243 -0.0661318767935918 -0.114591558505876
-0.220303922681961 -0.0639839016533667 -0.0449946886190432 0.0764885669852054
-0.140624724034556 0.178253284937597 0.138686613296381 0.013335304819819
0.0272256243339809 0.236139656194287 0.0966627245660761 -0.16142784609642
0.0873063475346532 0.177072813330102 -0.064257559899434 -0.275400557851426
-0.0411479896841884 0.041416304967694 -0.0273428247623951 -0.0379019356017748
-0.0705219103894866 -0.013725370827174 -0.120706422209148 0.016008427796001
0.00158329089415146 -0.0774848830206296 -0.136440610109972 -0.206078660428437
0.0960239688792767 -0.0369938790334726 0.2161388461605 -0.250934674391459
0.12312314470017 0.0768096589891547 0.329515881373292 0.112521603931068
0.0720756404138733 0.190919058848384 0.0862407122261339 0.374676613893646
-0.0446017012762202 0.229715407295331 -0.106209633864385 0.458755497992795
-0.0615196458938834 0.230461427789706 -0.0978531917466959 0.435336587311908
0.0352546881321338 0.203356204194522 0.0912368761971605 0.306425602716415
0.143463061560745 0.0573707416971127 0.247684025100769 -0.0316471046426828
0.0480232442019395 -0.0706047487642184 -0.0128974918745266 -0.208492553595958
-0.0876130653078083 -0.0383816772564784 -0.105628886875003 0.00257831237676396
-0.0632368300519645 0.0785323147122404 0.0740681146383207 -0.0111763064772936
0.0140304213077873 0.119681538738377 0.0507025756355351 -0.2070819853151
0.037651223966521 0.0972744035016255 -0.107671248265951 -0.343500471125409
0.0228942683931545 0.00285212178324548 0.0666436393436282 0.367185127551959
0.00416488650606903 -0.00461736534399861 -0.0582421505951998 0.20669882401378
0.00304500673849159 -0.0065276521477703 -0.0399008703089912 0.00379677060630283
0.00151548778958774 0.00890062043598838 0.13242252928849 0.0405893580197291
-0.0203161574949563 -0.0113713031292127 -0.0534017768104847 0.222585847162075
-0.0183572933282769 -0.0385623569747796 -0.274661303362882 -0.0540860160130774
0.00348944650637341 -0.0364263293741586 -0.0197193043740462 -0.378742879383108
0.0240833332131812 -0.0482908021804526 0.15696655398737 -0.477634121840034
0.0146956626505641 -0.0453479089741679 0.119025254196576 -0.518575143123165
-0.0318253613595341 -0.0476613251606043 -0.129350591951755 -0.398389570299655
-0.0612693979735602 -0.00670569507685491 -0.405972345575701 -0.143207682098596
-0.0286351797840702 0.0457293139688238 -0.276653732427373 0.306598489705482
0.0137159266706854 0.0224650586220503 0.204576698553747 0.251555508574385
0.0323155276939638 0.00860678787209196 0.160684050497187 -0.0737383399458708
0.0210913556506019 0.000767686279314213 0.0111077012550417 0.0251459913464075
0.058211177398583 0.111201554090567 0.0250129201951293 0.343498926631543
-0.0124501676563257 0.119950290226738 -0.0954182460734488 0.182629696996907
-0.0755720063337165 0.0394956598993471 -0.0487808348614794 -0.00631603689226093
-0.0476508598562089 -0.0612735643627852 0.114037924459831 0.0553970469688604
0.0638343466761735 -0.0547269326834935 -0.0875742286571072 0.194360987769659
0.0746569341786667 0.0613319550484097 -0.253821904883323 -0.10121936109772
-0.0124022370391357 0.136189612962574 0.011057947839399 -0.368303842363126
-0.0379389694196782 0.129039368893418 0.159129231428605 -0.454424821456015
0.0125210252716397 0.143833722743842 0.0772436793807437 -0.507174343202617
0.0575110566061042 0.089807039003785 -0.179673252077866 -0.367132601483007
0.0450803412852971 0.036640358774085 -0.386676415711273 -0.0474389825543765
0.0425894916419085 0.0204218505741587 -0.169472635027113 0.322928468365435
0.0255489299029477 -0.034021138930162 0.217326836101978 0.18717592841569
-0.0109492318140342 0.00334004062049825 0.140589809461691 -0.0755407645528926
0.0104042638157305 0.0407278289529355 0.0101400529292429 0.0225485755041836
0.0608986919438562 0.20431271436732 -0.0345179407510975 0.266775897907399
-0.0703815949973743 0.232811835536959 -0.155944768624288 0.110414782576654
-0.184404313738283 0.0638988006829767 -0.0878317659585205 -0.0550541339061987
-0.093209906005969 -0.153854334419253 0.0768826210703722 0.00921900216722394
0.162221267403049 -0.0836543782514872 -0.0756690897764579 0.120391015357353
0.148153228253796 0.179131156394591 -0.182765026498608 -0.105481391959921
-0.047068734954569 0.290021199745488 0.024621251421522 -0.290089499651775
-0.0948809540387433 0.286253243108093 0.133203487649748 -0.363957052048391
0.0474356360718039 0.304190882753421 0.0364057759571211 -0.428988851334644
0.230867205906399 0.159799486251528 -0.183157812969668 -0.303740241838721
0.204156902897171 -0.0573843015584829 -0.275579746225552 0.00700473633415975
0.0340067017568556 -0.120882473828958 -0.0513479086358426 0.22235333339454
-0.060217119534075 -0.0709078740962323 0.141673338483076 0.0992720072875711
-0.0693073263605621 0.0500049496832227 0.0961430917936762 -0.024224972897823
0.0121785335090006 0.097564003238788 0.0237799578337847 0.0204264348425582
0.0268324444701725 0.254042249419111 -0.0842880807940519 0.149362335506662
-0.163776978795042 0.284413449282241 -0.178978649648548 -0.0210699687398506
-0.314760042583189 0.0341653722505231 -0.0624042910736179 -0.174535291035463
-0.124728389026852 -0.281584344047513 0.133127355198399 -0.0825901951290458
0.269463289836488 -0.116170754623971 0.036701267263852 0.0802771566387139
0.211006318269791 0.282811323437891 -0.0914730881341812 -0.0206682735107858
-0.0823292220596344 0.402631373053846 0.00984878059312901 -0.153362584627436
-0.137278983743224 0.39940548483897 0.0857241345989124 -0.221459038186007
0.0980231481833283 0.40610006725582 0.019286345037542 -0.30487648653456
0.391362146953383 0.120798518951588 -0.14703535554356 -0.267714598713291
0.24435858474729 -0.278567976857407 -0.238538931187086 -0.063457210694145
-0.150663557389904 -0.255270887614159 -0.113693687217066 0.124457910448697
-0.215895696458206 -0.00425210914383104 0.0358894159450042 0.122970888315429
-0.102740233525826 0.160557383042791 0.0920520657583773 0.0403881871862669
0.0316957505447037 0.166664162891805 0.040534069566442 -0.0106943853269013
-0.0237702556613105 0.238249227512608 -0.0939173414298618 0.0326783271101242
-0.237019921956543 0.229428305881838 -0.116867207651753 -0.138508714360427
-0.35779050028431 -0.0717762092941442 0.0763412191451499 -0.236654282850711
-0.0602298789769002 -0.388241748576944 0.263045689402124 -0.0513937511813848
0.385323514158654 -0.109791745701841 0.136750845692712 0.163115897358691
0.254659779528607 0.359076628170581 -0.0442735217939939 0.125860182296914
-0.102924562032117 0.461882509990501 -0.0354668011129302 0.0162907848701362
-0.160199442337034 0.451715545667822 0.0213850544546921 -0.0448497151412459
0.125092073713506 0.443436810661284 0.0274054110594999 -0.146338208276747
0.430266010874637 0.0582631568096785 -0.0997143202741346 -0.21701051249427
0.142869737932052 -0.386878476671633 -0.271899360363505 -0.0562343841531347
-0.337656867997734 -0.227981585634581 -0.156830579601718 0.197740138539474
-0.298003293494027 0.136029714401572 0.0700168617293768 0.187494543015316
-0.0789993436494719 0.274196171126113 0.136404067773867 0.0328703527134889
0.0641253517163147 0.221391592095782 0.0394567876020063 -0.0847818155895389
-0.0583757846490517 0.171167921198531 -0.0707964204224179 -0.0388705326872567
-0.219300875688957 0.1078264439256 -0.0434810789577183 -0.140695403841547
-0.230752913721896 -0.152873301696298 0.120236352569237 -0.15306656375451
0.0813764412350173 -0.330061535332653 0.221599250725104 0.0288139750594598
0.405950783649572 -0.00290542288765723 0.121145497927872 0.200108327751006
0.230814288196831 0.392514293448239 -0.0326488033290566 0.240377094395486
-0.108620841034213 0.453768580003864 -0.0912328895154369 0.187616350078603
-0.154566059428788 0.439494079232193 -0.0423099443501338 0.138772488428061
0.10899333029664 0.419659538481554 0.0513562780778706 0.0279097927266685
0.368884938889232 0.0515000708581188 0.00729914272356339 -0.124891379026639
0.0735272711646437 -0.317744799241941 -0.175493346875937 -0.0346811348446127
-0.340655707416583 -0.133193597950249 -0.0643833659811971 0.189308849999201
-0.251989047117907 0.212065120825741 0.153287815667972 0.121517566168531
-0.0231159880959705 0.306233461002985 0.15135248163406 -0.0600494695564643
0.0852482572493126 0.232345200052217 0.00817533656192635 -0.187141372953443
-0.0619148014578512 0.0941861438859418 -0.0435844926412742 -0.0558906810455807
-0.138942179807788 0.0129199540735009 -0.0565406636706056 -0.0616348535886063
-0.0659768419324096 -0.131348965268656 -0.0119691664408349 -0.13507512170396
0.137616272383683 -0.147967999817925 0.154158408927117 -0.0985864895738685
0.269485023500386 0.0959937395776698 0.185165615492999 0.132468772897128
0.136424302268747 0.336258485431351 0.00375133197091284 0.314199708003725
-0.0958107044329971 0.373095654463201 -0.131548758468831 0.336956423699086
-0.125969642898188 0.359153102793166 -0.0951426255274624 0.303072401784357
0.0670087493300115 0.336243501089465 0.0701658630885952 0.191610029417371
0.261290660336549 0.0702499596468529 0.151940059730244 -0.0576144683694297
0.0652635766666854 -0.18520096390993 -0.0556586526140096 -0.124044750449011
-0.214517534403134 -0.0784727285239749 -0.0518085801665828 0.069334990389599
-0.153589039343524 0.167472483883808 0.135592810253788 0.0229211511527519
0.00806470431767392 0.238239578224992 0.108956047237333 -0.154641697895021
0.0745250006459626 0.188452875958757 -0.0452366604345708 -0.286065794436912
-0.0474945132329243 0.0392965274518132 -0.0251968161422048 -0.0408985980348699
-0.0721195764217959 -0.020383199069947 -0.119255778049 0.00713314116472365
0.00686884372957666 -0.0793207951870053 -0.122533975270622 -0.214848043441915
0.102180289758205 -0.0332853498241872 0.23291783008722 -0.234393232289591
0.119933732379918 0.0874076384624334 0.320422432764601 0.138044464394765
0.0572844104737726 0.201078897933988 0.0537705531528038 0.381611950145727
-0.0633740353343079 0.227471241676385 -0.145507967037633 0.445454863005089
-0.0797751610109958 0.224095253083583 -0.133201562524258 0.420245078299597
0.0197310384486436 0.206158376653068 0.0688765048158339 0.313071827550948
0.137960890202973 0.0673376664435032 0.252051785655604 -0.0150992740684647
0.051630389993134 -0.0666572570154611 0.00224894504012887 -0.215345387521167
-0.0844274953727755 -0.043067614985888 -0.111010733019635 -0.00793144832018699
-0.0684882595510175 0.073838070472034 0.0706167829647096 -0.00493650320257258
0.0041659378399265 0.120398886330938 0.0651180996632209 -0.202547407461434
0.029784043460894 0.104188818340704 -0.0847646057327338 -0.355193129863509
0.0231075462265659 0.00279014203240847 0.0784435272212635 0.366150791180125
0.00465971680417209 -0.00443425701601784 -0.0490290387910403 0.205419430676028
0.00249299024124048 -0.0061544971298317 -0.0353260531423427 0.00352389674734008
0.00181626166280146 0.0091316340177734 0.138223992062042 0.039385034305589
-0.0199841454784367 -0.0117729397611769 -0.0450393418658788 0.231459049933535
-0.0179647127999945 -0.0374623670734972 -0.280207516675545 -0.0437533976271841
0.00373001380678125 -0.0349365913962278 -0.0324255949964812 -0.377268731948238
0.0232813488356912 -0.0480660600818292 0.142109785483202 -0.47490091374378
0.0137896560818006 -0.0451664447889518 0.103518548153698 -0.517662106953946
-0.0331330054465369 -0.0458426249804847 -0.137941207350441 -0.39491723402179
-0.0615441005383369 -0.0041878380349075 -0.40919837476846 -0.126605033412775
-0.0268557062110993 0.0471199816676997 -0.261821634909055 0.318138207093731
0.0145837446421528 0.0224040057748926 0.214052952907018 0.241421525469266
0.0333243682740791 0.0077444987895878 0.154493232509735 -0.0803608497795052
0.0215853403950077 0.00116820997283659 0.0113932630771535 0.0258788065873685
0.0622725082732994 0.110240001057956 0.0361337441191473 0.344293505495876
-0.00774401249162924 0.120392587525817 -0.0874118320806398 0.183664928636378
-0.0726769380348273 0.0418866801880517 -0.044482467298773 -0.00592629732008615
-0.0490445664379969 -0.0599111868830665 0.119271330416158 0.0564781349094045
0.0619825995002756 -0.0573403877977872 -0.083127819454706 0.203947329804928
0.0770528636471016 0.0586568439425554 -0.262422339526732 -0.0912646196178885
-0.00716293984207019 0.136235338848476 -0.00132150058359891 -0.367961037106527
-0.0339649706355861 0.127862004134927 0.144243243628891 -0.455249953517709
0.0166827177874916 0.140765771007945 0.0628634761549952 -0.503954088131778
0.0603349987103059 0.0876618011039798 -0.186266275483696 -0.360674091161817
0.0464108543384475 0.0361394400653774 -0.385322324894907 -0.0341879563029937
0.0433878602608773 0.0189658164887509 -0.15474271503139 0.328440140835211
0.0236931861872584 -0.035099057399006 0.224011262654142 0.17574531631588
-0.0118656941198213 0.00364089404927317 0.135025614268528 -0.0806024050931921
0.00982637817907089 0.0414434357794447 0.0114865591137867 0.0232599478290477
0.0682836674548177 0.203657204489209 -0.0288856121396543 0.270127400173231
-0.0604738992977335 0.233627366890749 -0.151661561707575 0.114237040304908
-0.17972679109241 0.0705547158223336 -0.0860744174137448 -0.0512502797612118
-0.0972578537376478 -0.1497660716971 0.0787607220206743 0.0135598477123612
0.15847918907053 -0.0888519516511851 -0.0759899518464546 0.127129028419189
0.153100781964194 0.17368653830067 -0.19100750932208 -0.0992026648518785
-0.0369476998049375 0.28924468813742 0.0156582690408906 -0.289866708633762
-0.0869058810342736 0.285776678747481 0.122074435251392 -0.364714771946569
0.0564686973877093 0.298163617246244 0.024127308955628 -0.427023270877249
0.232904681178473 0.151593200844904 -0.188589357319512 -0.300072875087463
0.202797191533332 -0.0626971188548936 -0.273985725968793 0.0145392523388594
0.0307843518559448 -0.123619592179717 -0.0432529132148792 0.221907510115464
-0.0652130090915333 -0.0701183237502384 0.143601116317423 0.093618281330319
-0.0704276281536642 0.0523482507657482 0.0931839816838159 -0.0271223927972395
0.0130406969696893 0.0988565701964196 0.0253173424892863 0.0199961741221113
0.0347996583774429 0.254621131109867 -0.0816491087109049 0.154132581120875
-0.152732502379799 0.28945195238041 -0.181764678344545 -0.0143856930928682
-0.312595586621713 0.0451555216418995 -0.0690613443411751 -0.171061333900197
-0.133934314154715 -0.273621323227272 0.127890751985426 -0.0828825278599263
0.263195195839897 -0.123474864206805 0.0345284368617744 0.0799027071547642
0.217010219462191 0.275010221774764 -0.095536087293496 -0.019951011207329
-0.0693929590297394 0.4021726353571 0.00498045017434876 -0.152423757782879
-0.12398831014462 0.39663205675306 0.0793343017234538 -0.222022169489068
0.107844562165707 0.396844869622666 0.0104641288471056 -0.302698932831063
0.390766435972612 0.107030447106081 -0.15313583603642 -0.264519843537929
0.234416882897258 -0.285749926091984 -0.241685965853244 -0.0557610168343217
-0.157525026896324 -0.250994697135799 -0.11103880344892 0.12837989033958
-0.217819648774048 0.00203338219042212 0.0399994123577674 0.124639087523443
-0.100944209832632 0.164090247172864 0.0942352998370342 0.0378825398534301
0.0348297513253313 0.16738524987349 0.0417642334571616 -0.0133275855051597
-0.0173201545844758 0.241818868380688 -0.096396920810273 0.0376960026077002
-0.230715863352819 0.236661796211281 -0.12487691112581 -0.134851019663388
-0.358979600864027 -0.0592856713896855 0.0650111413682973 -0.240652024446953
-0.0731159488870581 -0.38301322870862 0.259783667092136 -0.0602186935820226
0.376809424967176 -0.120654456415677 0.140953226151081 0.156727801266614
0.26338629306387 0.347580670247111 -0.0411425346352677 0.125352872212133
-0.0895621050977485 0.460468213279286 -0.035387030173098 0.0172489116178726
-0.144223315628937 0.451279899425923 0.0211024347018285 -0.0458834597781747
0.135159864987233 0.434862627943193 0.022582126743233 -0.145545505837802
0.426191413911404 0.0447431331704634 -0.105947021018548 -0.212954279562482
0.129035955042428 -0.388288771860429 -0.27466378360649 -0.0454651807259329
-0.343693774159875 -0.216010983410723 -0.149016770043787 0.204317529866837
-0.293907281456515 0.146855583213657 0.078076527690064 0.187296093870021
-0.0723601152624457 0.276819640703176 0.139919524949665 0.0283278504243556
0.0687664974789728 0.220771865217216 0.0388623482858311 -0.0869946129114835
-0.0546810805523137 0.174893387182881 -0.0755594646390872 -0.0364424668581087
-0.218785428268881 0.11376767273612 -0.0496479816617428 -0.140851760874639
-0.236284504177534 -0.145456350264002 0.11623580502784 -0.160401771889619
0.0704731444071274 -0.332169163334561 0.224404118389892 0.0225828644216098
0.402707660836532 -0.0177292902110955 0.12769666479096 0.196911721921396
0.239452138830498 0.380952283688214 -0.0268934933153537 0.240152351468402
-0.0961535749002803 0.452094997731269 -0.0852368988580104 0.188420792627344
-0.141087921190746 0.436977706538371 -0.037959601310704 0.138112684521031
0.120111806935579 0.411479974258758 0.0508219539909987 0.0273290611904411
0.36488090974479 0.0401976816515642 0.0066066934578941 -0.124684004396422
0.063267468649907 -0.316290345829534 -0.173840606777438 -0.0297694247838043
-0.342574645009455 -0.119194324456753 -0.0563645946935077 0.18957445708781
-0.242982525175435 0.221456070214517 0.158860938156823 0.116521362759105
-0.0140735920994248 0.304969579090709 0.15217938187281 -0.0647633317247129
0.0917678058727404 0.230822363422729 0.0041660425696569 -0.189608223821542
-0.0613291678846042 0.0976796988519242 -0.045810056439684 -0.054900998392764
-0.142418727717812 0.0159287091951367 -0.0578889455422658 -0.0613955585242317
-0.0706650022933178 -0.13066293696432 -0.0161458612417695 -0.13494157486506
0.133644941809156 -0.153012749468678 0.149745664532919 -0.101256614638808
0.271857941926704 0.0859089067799237 0.186679750330518 0.126901628635665
0.145599472247717 0.328851884107543 0.0113254292199525 0.312039139314526
-0.0840864472769988 0.37143492264007 -0.122711209301116 0.336913332782363
-0.114392704742169 0.358432133529752 -0.0865177547742226 0.301390779682372
0.0742104930012176 0.330404108253686 0.0758896504282039 0.189664850131275
0.259260049831663 0.0622406665195575 0.154396409955591 -0.063187518303673
0.0592179596726068 -0.183629361815556 -0.0575748904468324 -0.127595623863997
-0.215003810819545 -0.0688680632696647 -0.05209676586576 0.0665980511945922
-0.145197147936562 0.171486979437801 0.134057016332254 0.0187052330506671
0.0167493225296878 0.236078791543458 0.104335354430264 -0.157209509434645
0.0802683294793571 0.185785370011624 -0.0515823356503715 -0.28662268584215
-0.047586489108037 0.0419307457569368 -0.0258619554974719 -0.0404727301930879
-0.0745930763531882 -0.0179181557377526 -0.116671374045139 0.0120260438888082
0.00261244843370067 -0.0818783708520827 -0.132028130940471 -0.207721985637323
0.101025593284956 -0.0373801517107025 0.221859948059703 -0.241037764796229
0.121965616509687 0.0828365803736831 0.322265192451964 0.123395666563079
0.0637316020137308 0.19808367739036 0.063170861540131 0.377618662089003
-0.05558950185078 0.227053499992802 -0.133671226311518 0.44683670681992
-0.072592895406113 0.223975947992451 -0.119884154404199 0.417420288321306
0.0244998303224253 0.203915220481858 0.0786269452750791 0.31105241004814
0.13736960137181 0.0626080071854874 0.25568703695042 -0.0257321062287831
0.0489369918943341 -0.0659983106981704 -0.00596565691746755 -0.22108921912868
-0.0851872719674388 -0.0383633315835414 -0.116219155250598 -0.00763236074212585
-0.0644530265272558 0.0751148704742993 0.0658661140285275 -0.00414175303644485
0.00793044923671228 0.118628970049939 0.0575291498439459 -0.202210533040905
0.0335730441189688 0.102630065473797 -0.0942041333372336 -0.353274827470506
0.0233994950754001 0.00226532593680991 0.0846615323344401 0.361376043363775
0.0041264177736263 -0.00498017889972069 -0.0412717078900216 0.201067091149561
0.00144947302523004 -0.00533427481418635 -0.0303975392983348 0.00230778320111617
0.0013862753255083 0.00797842315321222 0.14243708808203 0.0391717492593432
-0.0201887550120661 -0.0123120339199094 -0.0386330797133613 0.235749508577942
-0.0176902637357407 -0.0368780581923253 -0.281472096284255 -0.0337985477883317
0.00468727721012459 -0.0335615538908335 -0.0420339368471072 -0.370165620835515
0.0216806658084563 -0.0478530498765736 0.127833869353013 -0.465050335951747
0.0134938809755841 -0.0451418884701001 0.0905270224595515 -0.507652386570176
-0.0335022480168631 -0.0444450700697016 -0.141686622945868 -0.385771201283846
-0.0598742362950429 -0.00246329586535257 -0.40570405475414 -0.112397253585871
-0.0258219339822375 0.0475277280235719 -0.24627253718725 0.321720065262485
0.0151327571844599 0.0223643970061278 0.217613883973598 0.229069792653471
0.0327965990458695 0.00661659577038951 0.147520626128873 -0.0838887684644848
0.0222923039474479 0.00153505464648751 0.0116945462962397 0.0256507511358103
0.0649218168339239 0.107621541287963 0.0426077594118638 0.340558464435407
-0.00475392603539584 0.117792501889956 -0.0801496735488197 0.180955377682268
-0.0696045634976365 0.0433679139971155 -0.0395550393531171 -0.0057048501323244
-0.0503206688283259 -0.0568684299821605 0.124790435088357 0.057377418549722
0.0594296814817233 -0.0585756103452325 -0.0780886004686354 0.2100412505963
0.0787825992156922 0.0558523425173584 -0.26555710308276 -0.0810746663531152
-0.00271867772509737 0.134699778952076 -0.011187953487605 -0.362844264970806
-0.0305765480376184 0.125344569415082 0.132394737928371 -0.446987190650443
0.0192957654121179 0.136128408832474 0.0521740621862348 -0.494261370720441
0.0610226807107958 0.0848447921509559 -0.188598639857856 -0.350941862639625
0.0484678379092999 0.0351132980063974 -0.37955800238642 -0.0228346658538787
0.043910034250767 0.0166209308439016 -0.141298358927457 0.328448070564827
0.0216943463874625 -0.0350279582580696 0.225603334497862 0.165368320506557
-0.0129645379673735 0.00364668298633004 0.127004665663139 -0.0837849537213813
0.0103160829727593 0.0415859206590714 0.0113315353095153 0.024100335046014
0.0723295496496954 0.199573571426593 -0.0234774537671738 0.270316145457234
-0.052372957786898 0.231379595295324 -0.145673324556007 0.116033830647529
-0.173486662386787 0.0750381304364078 -0.082637123446139 -0.0462724205758354
-0.0996976216921525 -0.143871816988375 0.0793648840056389 0.0179215821234953
0.15263212815608 -0.0909924475218233 -0.0761711760513308 0.132537604206994
0.155241392393987 0.167204124519586 -0.19565202332665 -0.0938690558654878
-0.0297958997834535 0.284395119290037 0.00774597578286986 -0.286197295672385
-0.0787373831950956 0.279634393168894 0.11233781586808 -0.359513474050851
0.0605874330422958 0.289900020132429 0.0155248073453636 -0.42011015013148
0.231422229461913 0.143408718769531 -0.190330495072599 -0.292904211473586
0.198702620650272 -0.0670416322336339 -0.26906321509812 0.01918693004957
0.0285273131779527 -0.124562225755552 -0.0376657098595989 0.219443664093692
-0.0681667770146856 -0.0684124030859693 0.142694386781921 0.0886351004357209
-0.0706596907236757 0.0536731118104251 0.089410960846167 -0.0276041899466178
0.0137473714586714 0.0987744636005967 0.0264890960369939 0.0192932833910028
0.0411261074995529 0.252594655338086 -0.0811471753239041 0.157945878085965
-0.143711048114169 0.289287139650712 -0.182185668282297 -0.00891672243723569
-0.304099903470758 0.0550667037380227 -0.0724266793420751 -0.165022171098627
-0.138628705644553 -0.264501754609141 0.121786638122937 -0.0796580172386334
0.253983116000023 -0.126805160910131 0.0302907615094247 0.0792488456690869
0.218901572278356 0.264602198296971 -0.097874108150071 -0.0197313679135362
-0.0600084515212759 0.395248084584826 0.0015821673418055 -0.150197904837261
-0.114272838598357 0.389386273223006 0.0729897733696471 -0.218946196293604
0.113384088803058 0.386139581958595 0.004597728976717 -0.297101189633264
0.383872228448848 0.0965860154489336 -0.156412229275433 -0.259344885526473
0.222263827322796 -0.284954556909606 -0.242697552627065 -0.0503658983913361
-0.162507902359631 -0.24478183369387 -0.108152583680028 0.131646592693844
-0.217433359162103 0.00683582563566191 0.042336918491715 0.124506694146332
-0.0982424635621831 0.164828752871998 0.0953869909167208 0.0371038299970096
0.0372596901616208 0.165986403030425 0.0433459470790277 -0.0149799029896688
-0.0121627766613935 0.240718377411505 -0.0979565158364818 0.0411329522684543
-0.223080760439425 0.239060772151564 -0.130558303889174 -0.131012655299667
-0.355074731035721 -0.0481973796976722 0.0566488608134343 -0.240931476175728
-0.0811520352720504 -0.373716502691882 0.254827373711672 -0.0648873554491099
0.364606774634451 -0.128386483637121 0.1413480334883 0.150326533289669
0.263925565593814 0.334447758206316 -0.0390714929008035 0.122397360958188
-0.0802512854144835 0.45110629915411 -0.0350964478139936 0.0172312123372114
-0.133905260338337 0.441804087227678 0.0200320155437754 -0.0458156358054033
0.139424297260216 0.421595733030947 0.0181492870486339 -0.143336255893629
0.417167494513162 0.0349778411245364 -0.107854081087522 -0.207282275444416
0.117973938864793 -0.38362626938633 -0.271691202419012 -0.0361678685415241
-0.345316891729953 -0.202799329556222 -0.141418701320626 0.207703577048176
-0.287843417148214 0.152850720969695 0.0841690894393365 0.185832951867141
-0.0660757037782201 0.275331136815814 0.142460891390247 0.025637819792848
0.0721238481890042 0.218193311875416 0.0390277639888799 -0.0889109137448167
-0.0518994193605964 0.176426476010095 -0.077341065354479 -0.0343342989626643
-0.216854404013913 0.117908501516563 -0.0546937784420695 -0.139705333583159
-0.23752574548835 -0.138899935570955 0.109654547818298 -0.163039625932727
0.061988457209601 -0.329320588626188 0.223667892866599 0.0167803158335148
0.393572461866765 -0.0267561480061307 0.130944446803393 0.191817091514988
0.242227113723851 0.366543037856879 -0.0215636571881968 0.235900559987147
-0.0858676428526936 0.441775155726275 -0.0811109822943205 0.186457865916581
-0.130200381335347 0.428642339539276 -0.0340938569566421 0.134175743138167
0.124089732748445 0.398768685088882 0.0502126280804741 0.0273311298664645
0.356871873150254 0.0319162316692977 0.00608345565183764 -0.121990974484557
0.0535848347777956 -0.310368215730438 -0.16920850842932 -0.0266152887899791
-0.340719877358759 -0.107279542357424 -0.0503588895105365 0.185274076816517
-0.233336026468622 0.225553650117345 0.160563854956511 0.110693254373972
-0.00689077248872163 0.300999705323501 0.150945675367803 -0.0682798810134471
0.0958279358131916 0.226071620866234 0.00204096113322393 -0.189343116236372
-0.0602828805587077 0.0995056651750801 -0.0478646011292746 -0.0530556668212118
-0.143004875535261 0.0186480195725811 -0.0579648353648968 -0.0601328601659198
-0.0741825366407003 -0.128893692109495 -0.0187719455911241 -0.131890742731582
0.128534212341683 -0.155155105980602 0.144530248455953 -0.101147552330873
0.268126950410204 0.0776819218604271 0.186290161227719 0.120695657159341
0.149090468926015 0.318202762100254 0.0149100833528468 0.30631935470596
-0.0753019698268353 0.364325686436874 -0.114763917207803 0.332354350090511
-0.106000213296182 0.351826072059049 -0.0793279100251526 0.294607020509193
0.0789423224519739 0.32292280667956 0.0790853161180568 0.187057831200553
0.253493971037179 0.0562157172106404 0.154928607102969 -0.0674852227458775
0.0532682002915537 -0.179981968515129 -0.0585984653772324 -0.129370003424565
-0.211985615832522 -0.0600052345877404 -0.0524149446739559 0.0634609390294881
-0.137079972181293 0.172966118943174 0.13024821142751 0.0154526265671154
0.0223870272442057 0.231114871688606 0.100310979842476 -0.158473903347721
0.0842545059170659 0.181143881842686 -0.0555913832208204 -0.284168352550033
-0.0468393097993188 0.0435442865190772 -0.0265235725282346 -0.0397639992140283
-0.0748545384111805 -0.0162114519633025 -0.112865085945058 0.0152666370474676
-0.000882844569031655 -0.0818178076062493 -0.136411161589932 -0.198865500328872
0.0995676929826134 -0.0409133262187522 0.210265745864975 -0.243239600891166
0.120824677240899 0.0784845896453937 0.317515467857513 0.112190315788657
0.0668517972293177 0.193411344926439 0.0688706290088534 0.368993988121927
-0.0497722950712261 0.223814752107454 -0.122953527504036 0.438913832802786
-0.0670604455453936 0.219367556841993 -0.111038044341652 0.409497221601462
0.0264104139794148 0.198785216226551 0.0871366257400834 0.305607326929983
0.135250397571866 0.0585615132504321 0.255031477106257 -0.0352090183839465
0.04686059898846 -0.0642477788403861 -0.0106404756152306 -0.223975786346175
-0.0826245740349982 -0.0341255156041525 -0.119854915921239 -0.00709358241091169
-0.0601096052696961 0.0756810577765657 0.0613314905561725 -0.00262809813274845
0.0113402914627451 0.114989390540465 0.0511266900723338 -0.198791876872228
0.0348100417575419 0.100036969114546 -0.101051089417864 -0.348094907419724
0.0229284403323852 0.00270453912979067 0.0859788843040899 0.357941307865877
0.00401305978188257 -0.00444318781463853 -0.0374003646140671 0.195243077510364
0.00157427939106541 -0.0044839311783481 -0.0253199041666555 0.000976784022095419
0.00103031740787227 0.00756180698078155 0.145885853934309 0.0407944736893695
-0.0200491516727757 -0.0130271016260426 -0.0362619969601374 0.240497200686282
-0.016670147950896 -0.0364610561888289 -0.282923562336281 -0.0290993191412233
0.0061542764363654 -0.0325025024166928 -0.0457421980378615 -0.365980103759018
0.021507502460977 -0.0465379206364407 0.12503928751723 -0.454347490073537
0.0129736563893894 -0.0446874633224049 0.0886803305457919 -0.498656243485225
-0.0320972718187161 -0.0431393278444901 -0.140141074419377 -0.379794009681889
-0.0584524483237744 -0.0013526141081603 -0.401617653059775 -0.105150769265282
-0.0249017090248585 0.0479554979081879 -0.236705765808447 0.322195628891778
0.0154290589124138 0.0229327933764045 0.218806465121721 0.221614109363821
0.031915364016999 0.00599160993662917 0.141562225648243 -0.084221222517078
0.0227699819221121 0.00265753338279255 0.0115806145165824 0.0266802756858537
0.0662240433770438 0.106712222428799 0.0439842432680331 0.338528279711152
-0.00306450905554172 0.115929077182723 -0.0764608705045442 0.177491121599428
-0.0679434728932308 0.0433103376038722 -0.0339286494671429 -0.00564679674728622
-0.0502759402365584 -0.0556231184973973 0.128166416582438 0.0608216031937013
0.0577522883245073 -0.0589242998258552 -0.0759576440687243 0.214831379723432
0.0784169685092164 0.0537742799160074 -0.268284946953057 -0.0765923924274978
-0.00119708717090463 0.13240379046337 -0.0150379511758899 -0.358204066165454
-0.0303960186554609 0.122508912754614 0.12904467960649 -0.437895658826145
0.0195246849927277 0.133009255411068 0.0480136355471461 -0.486679411826871
0.0603728886673571 0.0832226761086139 -0.185502017786724 -0.347950688596021
0.0492620819317406 0.0347607830920144 -0.375081992336285 -0.019642123173559
0.0438894951916368 0.0158396275181767 -0.133540734682108 0.326524091316394
0.0205110797417237 -0.0348552290457867 0.224195418917433 0.158277852868756
-0.014093837483483 0.0040137229130098 0.122176261033783 -0.0838847003768078
0.00955021567498547 0.0426732638462543 0.0114208746764857 0.0244474758820128
0.0742423904739695 0.197916415494387 -0.021785598965547 0.270150459307546
-0.0499971096692355 0.22889964557009 -0.143663192455743 0.115723685900444
-0.169162232813735 0.0751095746518161 -0.0783617853528928 -0.0435588349645089
-0.0996416790654453 -0.139294335149311 0.0822184323581522 0.0243178775765944
0.148591479724748 -0.0909078208241092 -0.0783495693561967 0.137361504042273
0.154930970603065 0.163516453197199 -0.19908242082613 -0.0913023285374597
-0.0277960065975946 0.28019563601801 0.00563762246169071 -0.282349828577975
-0.0769497990897184 0.273575706169234 0.109266875827166 -0.352630348532204
0.0589803315778668 0.282309303895362 0.0136233878240896 -0.413334931187435
0.227799739654463 0.139565016719111 -0.188054747688457 -0.291213298641084
0.19637811550061 -0.0679535446409936 -0.264289622972165 0.0194372767715358
0.0270378950612971 -0.124689262333899 -0.0348967638529724 0.215817822701978
-0.0694589112520692 -0.0679773367614834 0.141612741781999 0.0854666231106837
-0.0715710282521528 0.0541057076383549 0.0873682630066703 -0.0271346314552998
0.0117005849909892 0.0987158607526518 0.0269292043012455 0.0187637843907341
0.0428778219437726 0.250971881506434 -0.0818987581968703 0.159522132403157
-0.139664877319731 0.286819671558971 -0.181989556881319 -0.00605944528490881
-0.298685939309573 0.0590295906699595 -0.072306796368941 -0.160662366925172
-0.138264522469288 -0.257166044486691 0.119181352313091 -0.0753671652653421
0.247506322149602 -0.124990835924163 0.0254708118340587 0.079815629864212
0.216359918930699 0.258453307288314 -0.100388841117208 -0.0214060842993957
-0.0581852755193922 0.387796808401611 0.000642611586867945 -0.148537133892584
-0.11240891402567 0.379949409911444 0.0714285870109879 -0.215528129624936
0.111333177206693 0.377245640645098 0.00317216601098047 -0.291219015024105
0.376379739814732 0.0911972068835128 -0.156571261652393 -0.256883783480553
0.217141706320595 -0.283269737219667 -0.242150476850389 -0.0486721886135421
-0.163452397654676 -0.241638842596901 -0.107951753612343 0.131456151364882
-0.216160114051299 0.00827372838394011 0.0425787687372165 0.125134035137321
-0.0989264980859397 0.165167314094338 0.0961356634245426 0.0378134944821013
0.03580308486345 0.166037207958286 0.0445219716289883 -0.0153624384750934
-0.0110485603861341 0.239904197720269 -0.0995748816863849 0.0437075356715986
-0.220817650254077 0.239146333804011 -0.133618420205472 -0.129159694438435
-0.351494918869494 -0.0431712190834634 0.0525304173505746 -0.24025046145988
-0.0829863616237112 -0.366485751964818 0.250825170662847 -0.0666965823646531
0.356170736739373 -0.126192125420074 0.138618915331004 0.146591526608442
0.259546359853271 0.325350330825502 -0.0389967347873854 0.119767294784692
-0.0787521660501522 0.441678781040803 -0.0339684058605975 0.0172354137916512
-0.130920698396746 0.431588858307934 0.0193087328827376 -0.0452477212514318
0.137003923953004 0.412266130917288 0.0173243225546374 -0.140096119103718
0.407241657361649 0.0312832424384788 -0.109622385829228 -0.204604042876161
0.112316705438326 -0.377085524576151 -0.268900672824024 -0.0317395139826819
-0.342195862214282 -0.196697889536925 -0.135500424706105 0.208407529843738
-0.283254975428742 0.154007369579251 0.0871119822070418 0.185996726342924
-0.0653691332547752 0.273494010195522 0.14430521654055 0.0238864446471093
0.0719129220731468 0.2175219744794 0.0405069630051273 -0.0910289536007945
-0.0510405087178752 0.177190445687869 -0.0794693254520853 -0.0325384521772018
-0.216687182536985 0.118368713944937 -0.0582906151000685 -0.139996455664454
-0.237308207947328 -0.136273911413074 0.107552714252931 -0.165230734689257
0.0591192736458657 -0.325486726857986 0.223248679530456 0.014776236631264
0.385302497829085 -0.0289085371941413 0.13031004976671 0.189377514389783
0.237926632574782 0.357680299287141 -0.0220399171336871 0.232289116159143
-0.0837041118371208 0.43312716923374 -0.080100749283446 0.184008705197784
-0.127010440774663 0.420870525261856 -0.0334921487486289 0.130651093073469
0.120776176942605 0.391325533029 0.050055183004384 0.028867684738555
0.3491746192908 0.0299044068239751 0.00806370741832296 -0.120476817982795
0.0507177787790025 -0.304645830004914 -0.164984920251029 -0.0266398272196187
-0.335955648651231 -0.100272529219475 -0.0465427863562436 0.181585275831537
-0.228086900771753 0.225548366706811 0.160882841081017 0.108490330234669
-0.0048612287754981 0.297179295693876 0.151437494288753 -0.0699562511991899
0.095542909512397 0.223778497960475 0.00340145130672323 -0.190457119960309
-0.0603680571680471 0.101152734025569 -0.0481321279434413 -0.0524668335806128
-0.144048738187067 0.01988204196448 -0.056511652191425 -0.0603029689054957
-0.0747342399100538 -0.128047112553729 -0.0185942376141083 -0.128878051302071
0.127147116659207 -0.15478468435435 0.142957531784388 -0.0993149489289685
0.264328166509683 0.0745485147895213 0.181943724894919 0.118653927260081
0.147587186279008 0.311438446006882 0.0141425693172434 0.302528370740471
-0.0724823396630934 0.356919608807079 -0.113224274602927 0.328160238797037
-0.10363152965365 0.343434018327303 -0.0772703397211576 0.287007536244335
0.0772104672866906 0.315958247153381 0.0804079851915061 0.184616341413307
0.248616973630471 0.0548296057802023 0.156818438344172 -0.0691197974695731
0.0516090204717031 -0.175662876861918 -0.0571807331590892 -0.132548537516898
-0.208075857383658 -0.0556732123490603 -0.054416992587864 0.0597776733874391
-0.131668154994366 0.171629052758672 0.127141229170759 0.0150653634781388
0.0245309328142004 0.227641235476218 0.0993540775678354 -0.157844285728296
0.0848430819530633 0.179061572655311 -0.0557884651787074 -0.283192363331939
-0.046989049644338 0.0438238268480973 -0.0255814534067606 -0.0395311852848304
-0.076378269637791 -0.0162651374183412 -0.110168348175211 0.0161787263238964
-0.00204668344469171 -0.0818775718593482 -0.137684367724137 -0.191987800494521
0.0988539132888555 -0.0426141557284636 0.202535903035234 -0.241387120425928
0.118903651239832 0.0764964020704853 0.310795712373959 0.10665731131389
0.0666858062162009 0.190464321367134 0.0671313330192025 0.364259371462173
-0.0473041395003907 0.219871027954972 -0.121213768220628 0.433872730292882
-0.0653263527967343 0.21440817963821 -0.109027368589119 0.399948243011326
0.0260864676502337 0.196026454755568 0.0886053471212894 0.301627016265444
0.131368111589237 0.0575491064110435 0.256189032027684 -0.0381783346038772
0.0445149549669988 -0.0616430026730677 -0.013128643863332 -0.227733127170802
-0.0803153374376786 -0.0314047925949498 -0.123885309830816 -0.0095163959066461
-0.0574999204441747 0.0743624306353451 0.0566768359474641 0.000118589244621352
0.0127928541561363 0.112820223491136 0.0483186742393732 -0.196849504337149
0.0351846619767845 0.0982094570609132 -0.100990350923391 -0.346449673053328
0.0257816029265604 0.00428286738418019 0.0330786322878002 0.368525254855462
0.00484289847245727 -0.00449054576696826 -0.0633601940856766 0.186291100637109
0.00195769869408222 -0.0039277936846817 -0.0206541420458418 -0.00402469180433997
-0.000408327453858125 0.00667920042311616 0.145232816154648 0.0652100932944898
-0.0167480736092442 -0.0160640693026273 -0.0706690563700229 0.241610311531635
-0.0113303239108501 -0.0381572175968924 -0.283659594541378 -0.0676118950282686
0.0112637359658117 -0.0309384808324106 0.00921635092426896 -0.371519940577579
0.0272090224936615 -0.0442498459900884 0.193004350079755 -0.426168286770927
0.0192850456953343 -0.0436415551560259 0.162369586467509 -0.476733013191496
-0.0271597492811561 -0.0473649837348375 -0.0780780199513448 -0.396885611464308
-0.0582986433838865 -0.00760755061403514 -0.381967156680326 -0.161168420728037
-0.0288506073952143 0.0440577098003938 -0.277899086739058 0.286763079905488
0.0115818638388024 0.0243025758308614 0.187641807684583 0.247280052970916
0.0306134929836232 0.0112295552607215 0.150733515554444 -0.0639215363799193
0.0230652049556843 0.00611733037877409 0.00801162238545669 0.0287448982499445
0.053740605969006 0.115726619527085 -0.00533819076088884 0.343500630305531
-0.0186729610541609 0.116329131240497 -0.100217528429758 0.163090462717046
-0.0741594210650029 0.0338609374845175 -0.0276145972402868 -0.0117951922492315
-0.0416266918347694 -0.0634673038746561 0.124601432363257 0.0834751393127472
0.0671940392978458 -0.0502058859213334 -0.109194004844022 0.211170389304254
0.071141421528868 0.0663204934284506 -0.262387946067138 -0.113567236668225
-0.0201912898635586 0.131908695552847 0.0380427400577591 -0.358904976961523
-0.0501137266580799 0.114186084305998 0.192640768754862 -0.412331567282635
-0.00252599869564437 0.13199717798248 0.123342024891482 -0.472470308042073
0.0452581395563383 0.0921818164391482 -0.127567241037654 -0.370901830428884
0.0447736507986579 0.043875285995797 -0.366429033214865 -0.0720791135076017
0.0449013958593113 0.0206074778079989 -0.177412593734803 0.304665317020005
0.0242329826943942 -0.0335269605258955 0.200726545401248 0.184839723725031
-0.0164689980203191 0.00162008393224467 0.130206596855147 -0.065732255482592
0.00201944446616101 0.044985523599737 0.00842885232225756 0.0265944371062489
0.0497737342637693 0.210454714320836 -0.0638072834092149 0.26733047693
-0.0815439748949022 0.223777778594327 -0.160332202796346 0.0942485001645068
-0.179137633219339 0.0521395024751219 -0.0678061269124182 -0.0548648325167072
-0.0784454292903346 -0.152537347940508 0.0818890565383901 0.041260347384396
0.1632000216088 -0.0679626781820505 -0.102636481162265 0.131943338882975
0.132299345708496 0.186522184860108 -0.191400348705269 -0.11944835437133
-0.0693597919166023 0.274294037290935 0.0476962068318866 -0.279605395085702
-0.119215746108646 0.256897964264709 0.160931432102631 -0.331374146233195
0.0136829989767554 0.286118348495376 0.0774456102617338 -0.404626970220591
0.201780072220689 0.171809940374124 -0.139333963747666 -0.316382762477577
0.206612782147646 -0.0369870734282281 -0.264208030233654 -0.0211308636228542
0.0469680603618277 -0.12195564316421 -0.0663827902147791 0.207173217621878
-0.0623362807394041 -0.0794583285357899 0.126308219062723 0.103447536955333
-0.082361021182062 0.0443280515607616 0.0886629670456401 -0.0130036462508877
-0.00390063187563713 0.10277162884184 0.0261038032236548 0.0226309885820685
0.00956796957180476 0.260571731232795 -0.107962023049128 0.149127475063531
-0.181370319966874 0.269604482131184 -0.184448788438453 -0.0335676813807062
-0.308052941346374 0.0159612274436785 -0.0486761693991936 -0.171235411300443
-0.100984121627831 -0.276494802647766 0.130054971528511 -0.0541805873638622
0.265518884989189 -0.087204823908633 0.00847349958417918 0.085764762491125
0.179301495503322 0.288880250351935 -0.100702809745466 -0.0367249674052055
-0.116995674669689 0.376190475077838 0.0230980124201316 -0.147488191655632
-0.170828354485018 0.357392942597999 0.102403593301625 -0.201191253929295
0.0497041342239402 0.387572895859078 0.0476050394264227 -0.28750683495947
0.355221601975352 0.147454129677458 -0.114936163468469 -0.278575997710254
0.257269124357053 -0.24882647905482 -0.233988671496779 -0.0843508456214291
-0.126519817787558 -0.265560746967751 -0.130075447401062 0.115566889249604
-0.220984634576463 -0.0253211257431867 0.0246932950476561 0.134069537770423
-0.126822808025421 0.151537914109487 0.0919153796648051 0.0530489311492807
0.0104025495704765 0.174376834389468 0.0485806012624327 -0.0109634665225659
-0.0457835149584192 0.243878812411564 -0.109522712720526 0.0293474119303777
-0.259842920836136 0.210001212012092 -0.119369446136978 -0.149978821491323
-0.347742927331449 -0.0945380038164227 0.0856796161633712 -0.236447618778927
-0.0301590302809012 -0.381166876950804 0.261526394733534 -0.0324497891993129
0.375207038673388 -0.0738336554731974 0.117376950433223 0.167190482026981
0.21233591863893 0.36238798749644 -0.0577515951909519 0.11230249969727
-0.144079269035412 0.427278502049803 -0.0370016596862596 0.0119598179722897
-0.19684776360475 0.407282563142341 0.0247894572305698 -0.0416661731427974
0.0715683763248238 0.427315947377544 0.0372567477855134 -0.134956467847907
0.395336141947718 0.0934330977461697 -0.076122923252626 -0.217907227782093
0.166473061941052 -0.356382820875803 -0.261666174275597 -0.0703166834558623
-0.309433942318355 -0.24489479747348 -0.16571034172462 0.188247256676132
-0.307224777966524 0.112802747664383 0.0635181163368631 0.199660694626358
-0.107990677831997 0.265021592663503 0.144278961592402 0.0454065318942052
0.0407211767325755 0.23161319126927 0.0564002690082745 -0.0871092473615702
-0.0794354635752681 0.174270371241894 -0.0777926107007105 -0.043962913402714
-0.23936480931515 0.0877069642060977 -0.039290868225171 -0.151339939916981
-0.218662235215448 -0.173296727139756 0.133417005164194 -0.152923137032374
0.108820761436036 -0.318782797618427 0.225539109800698 0.0475004567766316
0.393468159817989 0.0280375626331888 0.103762157541925 0.210945610784918
0.186017432339009 0.3892827248448 -0.0573149900186444 0.228989187370574
-0.148509758057429 0.41669058124198 -0.108129123818491 0.17043579309518
-0.191381244172601 0.395982380892204 -0.0545363564839602 0.123541802905942
0.0596232062759634 0.405938016502179 0.0433680482152253 0.0366204092406517
0.340351152366406 0.0825833248014541 0.0295245411384268 -0.116725180174932
0.0945388561612954 -0.292919983150482 -0.155473241041278 -0.0527090800895144
-0.318540198664488 -0.148014484230761 -0.0735497040937385 0.171350113266163
-0.260074856677079 0.191656167235499 0.145966261203199 0.130332964905791
-0.0493839899496104 0.29832828173175 0.164074713271432 -0.0484174859885748
0.0641162562471663 0.241600740104276 0.032091247914455 -0.192995116965433
-0.0788921283296905 0.0943666222016706 -0.0415556745994495 -0.0600733683592702
-0.150682530821682 -0.00129699737854988 -0.0475483772698588 -0.069885731424629
-0.0571230795026697 -0.141889611027832 0.0018137360324115 -0.13036962046839
0.150825500805504 -0.139049420910298 0.157893332412839 -0.0745112342938166
0.25502046616637 0.112094959295337 0.161878051479643 0.14646415146512
0.104098814534172 0.33254254443313 -0.033239520234096 0.302927726653407
-0.123398931852738 0.343833343017623 -0.163603184919301 0.307742546723612
-0.154462177136312 0.323532382341686 -0.122230466796413 0.270818823234888
0.0273374126891853 0.325425481236955 0.0512431449683507 0.196798695822941
0.23672980338234 0.0908438339491851 0.170283414390378 -0.0451572962395416
0.0758730020924996 -0.165370832323448 -0.0350661713662673 -0.145388553473553
-0.197982881819011 -0.0834389254623988 -0.0668355588159584 0.0466160328289404
-0.154859195642654 0.152452543204562 0.121366346104888 0.0335073134882959
-0.00868549862197484 0.231361180462425 0.121857505630536 -0.14209164478237
0.0591967149384866 0.193596110140832 -0.0152316773531067 -0.294022168403976
-0.0548799006252339 0.0385099491019814 -0.0197493931529913 -0.0433265657411474
-0.0752104326467797 -0.0265607113978557 -0.109958014670903 0.00149613625496081
0.00798284371396485 -0.0826963422276121 -0.110322265509337 -0.209423216167005
0.105373263480398 -0.0313112438052244 0.235686789973257 -0.211182818198517
0.109355581218879 0.0939102123985328 0.293006470094161 0.149805079876906
0.0422310859488987 0.200055698494137 0.0101804568072325 0.371810646753666
-0.0774447043220879 0.212032360950464 -0.186359250400335 0.409699389803633
-0.0957712913656983 0.20159290890553 -0.170770176477497 0.376091719801384
-0.00331476869043486 0.199790170514864 0.0439647341003605 0.313510943974468
0.12000694526176 0.0765823806582958 0.263692542545179 -0.00282444549156975
0.0521207356306348 -0.0526484236849859 0.0210231929580292 -0.234367611125656
-0.0734256449897536 -0.0411085171386376 -0.127083984556092 -0.0312194345080422
-0.0669848520440351 0.0656442108311829 0.0527039027006682 0.0101773690302546
-0.00386301874181535 0.115179421616047 0.0753656344759829 -0.187573693613109
0.0207973645223773 0.106565673221322 -0.0526461011412851 -0.361014018842816
0.0268143230032899 0.00450883552104801 0.0391794530324693 0.377710288524043
0.00492853092740649 -0.00492871663342687 -0.0606161434043395 0.188962836661649
0.00182631322312117 -0.00360014163709435 -0.0153527004323018 -0.00592810346035219
-0.00110274974164549 0.00654867566287207 0.155604307020902 0.068085976266801
-0.0166493922433526 -0.016964009595263 -0.067605363494597 0.255198655469983
-0.010996168387709 -0.0394873787427701 -0.295672084778321 -0.0636668825409258
0.0121587229875852 -0.0315436093435225 0.00213880675699288 -0.381031088401794
0.0270269441394602 -0.0449073787297285 0.19204295214826 -0.43180436340248
0.0193405531117582 -0.044526677770153 0.158211547623644 -0.48512752131654
-0.0283363167379222 -0.0477939778606708 -0.0834955883205063 -0.403618071742163
-0.0584701244541126 -0.00660595330824879 -0.391895389405166 -0.153324250545843
-0.028721428872917 0.0462052729414525 -0.274713207872794 0.301765508004322
0.012725309785978 0.0255294986305187 0.197214906731283 0.246020699192706
0.0314709852224631 0.0112508314554863 0.150613073323183 -0.0686075671766014
0.0240778977182283 0.0055274758414231 0.00854401671349688 0.0291419013028634
0.0585487780801316 0.118112310114785 -0.00120395637034705 0.353808708824138
-0.0168165050811809 0.118565847057854 -0.0982664929965945 0.166056074790098
-0.0745152339187877 0.0354782236676216 -0.023125458165678 -0.0121610572413295
-0.0434905653622643 -0.063692722249706 0.134434290909395 0.0889972960675197
0.067798133308759 -0.052740787058876 -0.109011480237168 0.224815419685824
0.0745255967324612 0.0654936673015408 -0.275238761467214 -0.109847176981979
-0.0170558076415874 0.13511997515871 0.0324120391858167 -0.367126267413085
-0.0507636664028248 0.11582146688841 0.189505282587406 -0.418053570009956
-0.000725556080070801 0.132815441868016 0.117585359428955 -0.480033862605675
0.0473989667575181 0.0932147698638243 -0.134167498095349 -0.377524916507233
0.0477584820469634 0.0444134728885668 -0.373657515541257 -0.0663151867043398
0.0465363196605517 0.0196860011644504 -0.171602776165838 0.315727985201021
0.023368933044798 -0.0347392027958029 0.209574109663261 0.182121518125046
-0.0182983361578029 0.00208968296383414 0.128678759928689 -0.0695274866564993
0.0021992825336736 0.0464410993274081 0.00944338322671925 0.0270436839399484
0.0548962380652797 0.215805173064931 -0.0628797443953727 0.276610932240833
-0.0784616036305109 0.229671348074746 -0.162581168278902 0.0988127688727902
-0.179894062668533 0.0559992148140075 -0.0661751899087425 -0.0529555382871492
-0.0826198533701328 -0.15423966356724 0.0869691199520002 0.0480562637900137
0.164618793673973 -0.071458235117341 -0.106897699105515 0.142690089818772
0.137416432155861 0.187233297137472 -0.203180160967073 -0.119084950967224
-0.0651606968055862 0.280450006557331 0.0444530790434785 -0.286489912300029
-0.11946450082941 0.261529988738364 0.15925959673534 -0.337047535685874
0.0175491991405801 0.288654856082144 0.0728718573171334 -0.411495130931512
0.208156799155062 0.170958536493724 -0.144301328420799 -0.322483923438495
0.210389135410844 -0.0412692177175639 -0.269160846798101 -0.0172767826352568
0.0456794748835884 -0.126969887784998 -0.0633054429718592 0.211454308826479
-0.0666397720192353 -0.0808208967934309 0.129530241269118 0.102498937983472
-0.0855584674144386 0.0475715979624719 0.0892537699383761 -0.0138216999309253
-0.0041956619728454 0.106726587536447 0.0275102558858544 0.0226920776134883
0.0143445813942165 0.268478769926668 -0.110745202251213 0.156111356026927
-0.180219400827509 0.280764312148651 -0.19135953559817 -0.0303218345082199
-0.312966926025855 0.0230519088569122 -0.0529740051453668 -0.17253358839101
-0.107643667582158 -0.278286695753175 0.131021703429076 -0.0535924726026124
0.26864609650807 -0.0912747979204604 0.00500808646420602 0.0887326299676226
0.186340720628572 0.29164432868574 -0.106712091810088 -0.0383768795911914
-0.1147240075467 0.382893474466736 0.0216665028919929 -0.151691332582279
-0.170864515127882 0.363525637266262 0.101691804649769 -0.20559021749385
0.0554602631243264 0.391420471553161 0.0447197985830197 -0.293098368767599
0.360454880130861 0.142705804581233 -0.121545998631438 -0.283918144550148
0.257993747448171 -0.258120523473156 -0.242826058756243 -0.0826822466183632
-0.134267169682365 -0.269279406706045 -0.132638402730175 0.121034554302582
-0.228341873776869 -0.0215420003233595 0.0273941467388438 0.138801381687152
-0.129851094979287 0.15860975716906 0.0972597038090544 0.0553194394602595
0.0112726706684778 0.181253718013221 0.0523665433112042 -0.013249982632186
-0.0431978911821899 0.252146025047583 -0.114676498841767 0.0331198597425008
-0.264008985038067 0.219396043966425 -0.129386850579832 -0.151808057383742
-0.356839152406399 -0.0898903809955456 0.0826362453109542 -0.245004041678466
-0.0374206309851733 -0.38571919988197 0.267242998805237 -0.0375330321820366
0.378455718520561 -0.0801099066759031 0.120816814956693 0.167011491193643
0.219659354510268 0.363199971494661 -0.057849038958593 0.113848903973082
-0.141983514213523 0.434064034940806 -0.0370782813959314 0.0130618718922624
-0.196060478863209 0.414166662786783 0.0249542529043817 -0.0433721379748266
0.0758875899572948 0.432628958209144 0.0352731357719987 -0.137029142025755
0.40155238119127 0.088765092777819 -0.0813380016234977 -0.220249079251464
0.162588661565816 -0.366652398407674 -0.268466319470895 -0.0648748889319962
-0.32240690160244 -0.24280068091727 -0.165122445030019 0.197930896558337
-0.313324596032332 0.121940053852197 0.0719031475980286 0.205066196077954
-0.107583217474232 0.273489914275727 0.15121702929972 0.0443593133184497
0.0431274306019166 0.238041800330933 0.0590336863298534 -0.0925905509473091
-0.0809795564407686 0.18158857836589 -0.0818397398682576 -0.0435053643348055
-0.246170372984652 0.0940426496195582 -0.0451182181011902 -0.155684211678197
-0.22697985579447 -0.174326253505567 0.13434495488611 -0.161039537239808
0.106203156494251 -0.328335179807821 0.234693928221491 0.045584161299792
0.398214832542781 0.0227069695201901 0.108801060385191 0.214603086635554
0.192365624638469 0.39167453670631 -0.0562154153178169 0.233641363472551
-0.145790381243661 0.424463944175723 -0.108389280659741 0.17542749048088
-0.189999937745803 0.402503123112772 -0.0546034105120177 0.125007799820874
0.0644521619057242 0.410663802609641 0.0446553090481585 0.0381940687622801
0.343676928373815 0.0799988743842149 0.0314780162200467 -0.11893890388765
0.0915740591246248 -0.299081848637554 -0.156205913133473 -0.0528156551806099
-0.327835563945233 -0.141420320445693 -0.0703128783249728 0.173852404093729
-0.260910773813089 0.201171078994883 0.152606613270023 0.130265273239287
-0.0453012097812738 0.305639257699556 0.169386945646866 -0.0538945738192793
0.0692201817859063 0.247209859971378 0.0325622742305143 -0.200636070366779
-0.0807327734086501 0.0991316227264261 -0.0441230856132525 -0.0616165222208338
-0.156693074511245 0.000905422162120987 -0.0495292834500641 -0.0716506894675916
-0.0616748677382633 -0.145301900174484 0.0012448425784749 -0.133616529613137
0.153223231515913 -0.145355735928891 0.160867375514268 -0.0777911408904264
0.260080841573585 0.111246773154718 0.165045592258411 0.14675874071434
0.109106884665061 0.335610252480298 -0.0327809479587644 0.310245353242647
-0.122061384692201 0.350038998450661 -0.161807263261266 0.314913114234653
-0.154246080138404 0.327418525680379 -0.122070885644252 0.273963928844201
0.0315353546205479 0.331140495302578 0.0560770349826612 0.201055335066219
0.240263930905508 0.0907393783389857 0.178564927237361 -0.0510470531305514
0.0742102159368996 -0.168679106226025 -0.036750395043752 -0.154429106946138
-0.20185368138582 -0.0789202407702319 -0.0703961356089509 0.0450770483616701
-0.154299146501573 0.158546059989586 0.122494313443234 0.0323593031175906
-0.00447981771880593 0.234851573612904 0.123188874999733 -0.14841347919698
0.0646273258530399 0.197846580844302 -0.0183387998266938 -0.301943662960842
-0.057168218304085 0.0408327573660027 -0.0204585207608095 -0.0446730265341683
-0.0781689399536858 -0.0268271723182239 -0.111255935758069 0.00364941025747398
0.00562386025659967 -0.0852850737541973 -0.117032142502901 -0.209400613435907
0.107597310642361 -0.0345457556928952 0.234444662697042 -0.220507333352873
0.112202978783532 0.0941774606512728 0.298009487042566 0.146403269575336
0.0460047369243667 0.202971807575514 0.0144634644689396 0.379546066258058
-0.0750548100574068 0.215446036896767 -0.184241754989259 0.419370404405687
-0.0957371961808626 0.205343028166728 -0.170929222314786 0.382445688939985
-0.000820099456203149 0.202552488991897 0.0512382004426348 0.319911668284602
0.121816028297856 0.0761434064140019 0.274667014437612 -0.00995088277629895
0.0520845328646649 -0.0521742963820541 0.016899867840226 -0.246880825179686
-0.0748815209435243 -0.0388764499432581 -0.136063313900343 -0.0320653265780679
-0.0659671878311408 0.0676424203823759 0.0507087072284723 0.0118890993315601
-0.00137984236073427 0.11609586925489 0.0722886130591106 -0.191759399953703
0.0233792111569011 0.108432243677493 -0.058166585177363 -0.369729197144317
0.0277847365635272 0.00292839269856486 0.0534022653756404 0.386390900732347
0.0039682008205952 -0.00540868854553702 -0.0535782650290024 0.191171777234419
0.00143617169550361 -0.00307630994624455 -0.0109887103020477 -0.00765616034305577
-0.00163943624176569 0.00646153436958375 0.168056224510835 0.0671755272991909
-0.0178162039712812 -0.0176274938041637 -0.0588074100184609 0.270639744625076
-0.0116322431227787 -0.0397146161043708 -0.308073340141314 -0.0506978566104463
0.0125872100829309 -0.0326618256481822 -0.014355925024463 -0.388527265162813
0.0254721474203525 -0.0458785067936615 0.181250228635808 -0.439275977607022
0.0185018774844437 -0.0470259657074693 0.144235211104374 -0.492900946859175
-0.0298150682960844 -0.0468719769116585 -0.0967336810432288 -0.406821152686869
-0.0596014193372602 -0.00427308957192336 -0.403052825351971 -0.138810556932633
-0.027723702250559 0.0478414494977908 -0.262828246159432 0.319286849928879
0.0137476896481481 0.0263102029858704 0.210965147490539 0.239292813025247
0.0317963909447485 0.0102554271482338 0.14838888583796 -0.0749487700553879
0.0254026324077949 0.00587290545136125 0.00953340171574882 0.0291864157732543
0.0646869938927302 0.117997052801286 0.0110875988737154 0.362388694284143
-0.0121842361455375 0.120490158108861 -0.0912560519530998 0.171724688806655
-0.0740978757812023 0.039509552831237 -0.0186863306832807 -0.0130662502609186
-0.0468051715402352 -0.0631281145119861 0.146581117887667 0.0891384630196578
0.066481935496776 -0.0561405664865992 -0.102685960420401 0.240630384844019
0.0788275528231267 0.0636094020115432 -0.29073294510928 -0.0997748772607264
-0.0111270465262018 0.137768728457425 0.0186485677007888 -0.374786603526494
-0.0486574978943395 0.118542387154922 0.179952073393466 -0.426063634915706
0.00391729459873649 0.13332611764773 0.10279937564129 -0.487663619644387
0.0516785370605056 0.0932314775842726 -0.147298292870866 -0.379577609845677
0.0515525265987327 0.0433526170635413 -0.379654524694015 -0.0504690132593901
0.0480429259855163 0.0177029475017575 -0.15739501513881 0.327655962871883
0.0217880323130307 -0.0360204274982074 0.219911537859464 0.174220149334599
-0.0200298661689203 0.00188470577816484 0.126239236287364 -0.0745194895131479
0.00259796807586868 0.0497725381172386 0.0112427954668411 0.0269264109220857
0.0655101221616451 0.218650603252742 -0.0549492859485305 0.287099016643049
-0.0698277654881919 0.235893573233504 -0.160471730796112 0.107069363869316
-0.180089310420448 0.0644961909814331 -0.0641431641119908 -0.0502786242983238
-0.0898543535820645 -0.152806481750468 0.0950426136023884 0.0518093603364541
0.163518958245218 -0.0783323146976866 -0.10741135212295 0.155204690257445
0.146537686811788 0.184535196696286 -0.216411649215385 -0.114262269019676
-0.0558193293619437 0.286476953437261 0.033914670072122 -0.293363602065666
-0.114451423426904 0.266254452037814 0.15130439237131 -0.345399686260474
0.0277131737926331 0.289246870661835 0.0611341108058855 -0.417980752400256
0.215065828080136 0.165437284416419 -0.156878910801897 -0.32395595069944
0.21327439920915 -0.0501036307658369 -0.273294202014996 -0.00911181030609449
0.0413887520089978 -0.132002341235188 -0.056450045794697 0.216198665421269
-0.0730149024205 -0.0802552428423711 0.133962412743213 0.0980249389102823
-0.0884466363284048 0.0514005965660869 0.0898004304637074 -0.0152163636381444
-0.00253302666547195 0.112166623251809 0.0307275350351596 0.0216606278649073
0.0253154053213923 0.273209570176075 -0.110856930094571 0.165999350668402
-0.171843752860022 0.291850907933571 -0.198356469792374 -0.0219353905618324
-0.315976911206558 0.0377733404516945 -0.0584792249089822 -0.172251086805784
-0.119715852472567 -0.276629934040102 0.130665302352958 -0.054079801218439
0.268383301780551 -0.101285789702457 0.00309952438222417 0.0922120465206049
0.197991510129326 0.288934839141193 -0.114104385550344 -0.0375601465674948
-0.103327384360783 0.39068578325902 0.0176802995567016 -0.155045826280253
-0.163571394977361 0.370705434220526 0.0971110902498497 -0.210705137425317
0.0668417856616498 0.391397472012099 0.0354460634860556 -0.297432909671702
0.367987460734099 0.131727021076782 -0.134027430208387 -0.286253080105295
0.2523466066707 -0.272232234869807 -0.25164668169605 -0.0741607558651984
-0.146877619296437 -0.268415527143375 -0.133051078315106 0.130717946620128
-0.236252866801766 -0.0122826923218211 0.0340724397038023 0.143224778297181
-0.129578490147627 0.167593630828093 0.103123894478609 0.0543025508554512
0.017242660867023 0.186341098123244 0.0549918864502403 -0.016425025674094
-0.0351790705706782 0.261075432831097 -0.11954121470577 0.0401215983100161
-0.263136679213618 0.235841416404678 -0.141030307127579 -0.149251293093471
-0.366802684741024 -0.0765257336390386 0.0726531261113107 -0.254747664915541
-0.0525460485910919 -0.390289906424921 0.269934460239137 -0.048958972406318
0.379991225455327 -0.0942080574665233 0.12728997576463 0.163606241614039
0.2323384431256 0.359256575809668 -0.0571153945806822 0.116077806687264
-0.130449468576235 0.442272850311723 -0.0367627518893576 0.0143423394109161
-0.188681149039236 0.422540384105203 0.0243393980525467 -0.0450200267591659
0.0902862466750348 0.433998379789265 0.0314651894014392 -0.139597653996645
0.406263033600552 0.076495818770123 -0.0902656420147694 -0.220201078511754
0.150316165439456 -0.376356791882278 -0.274102103480982 -0.053505045903801
-0.337121984225443 -0.233125896995475 -0.1588283287292 0.209153268068078
-0.315934116319663 0.136606894317894 0.0836831967766529 0.207799235275969
-0.101218406412892 0.283862612136412 0.159991253231793 0.0391330153005942
0.0529475571856871 0.243765339262673 0.0595721524510413 -0.0984105824869006
-0.0768314845538523 0.190941863669165 -0.0884175925258011 -0.0417623358957866
-0.25090158676694 0.106327821878199 -0.0541993211636939 -0.158903164645451
-0.239054656499036 -0.169532898487498 0.131740560901719 -0.172770032250601
0.0961484796849685 -0.338722734040322 0.243804735371861 0.0373603186944822
0.403451156285471 0.00796745253952031 0.118895802752605 0.214190589279153
0.206246298458997 0.389929173779113 -0.0513650443682209 0.240081065807673
-0.133701242662453 0.432208106938683 -0.104403924300104 0.181699136508129
-0.181429603663286 0.410918782649763 -0.0514639143737751 0.127402339266482
0.0772277423895721 0.413499844469866 0.0473953041061204 0.0388693390105765
0.349491668857017 0.0699542449502857 0.0308457631658734 -0.122387762464074
0.0809047072381449 -0.305316839093493 -0.157590562389977 -0.0501429599483644
-0.336707969230328 -0.129149520769409 -0.0636126726518267 0.177365854430167
-0.256936965110878 0.216916238340025 0.161443963707556 0.126064542447213
-0.0345750981484808 0.313264485628904 0.172426807301494 -0.0627842189203205
0.0806391787410746 0.251634531041873 0.029029059396014 -0.208105311425895
-0.0808805640392952 0.105612026887192 -0.0485761710530729 -0.0620418376279151
-0.162185736437849 0.00585006517597086 -0.0525923358712868 -0.0724525502178629
-0.0691812477732217 -0.147119076524441 -0.00353232948294663 -0.134579791002726
0.151000529635401 -0.154892711529092 0.162130923291393 -0.0829629295087802
0.266188688608181 0.103460382816933 0.170677582921641 0.144343808060848
0.122447103690865 0.335415171196588 -0.0249721385116098 0.317056602722516
-0.111021295552005 0.356824712656221 -0.15424331738757 0.324847884710119
-0.148259247915543 0.335710000555474 -0.116706432908049 0.280570588637007
0.0421762357547525 0.334274139828123 0.0664910620509275 0.203913437358024
0.245165290662775 0.0836101408574751 0.18403547388109 -0.0611652092741404
0.0683443189090195 -0.171099947406501 -0.0413781539329124 -0.161102935279317
-0.205968861009279 -0.0695163287916707 -0.0734505364171582 0.0446097573952605
-0.148824856601395 0.167096371088474 0.123659178862347 0.0289971401223048
0.00476729263721827 0.239175229575431 0.119964117426616 -0.156265897269563
0.0736096731766316 0.199467585786287 -0.0282423306953047 -0.309617221699122
-0.0579502728589949 0.0439667261550794 -0.0220684935384063 -0.0454321632771551
-0.0813564703752905 -0.0248458177746585 -0.111425421166262 0.00825887020645219
0.00209384240994792 -0.0878165801461277 -0.127563097410127 -0.20593542207496
0.108332308606374 -0.0400648232934227 0.228006553983506 -0.233615889210682
0.116057915476752 0.0929905509437442 0.305240214722621 0.135302054990015
0.0530817166957622 0.203737242538062 0.0261255202615123 0.384732738248865
-0.0690472222776293 0.220874696534179 -0.172828947645714 0.430702655191359
-0.0911040687728138 0.209395344201168 -0.162904211359891 0.391675730605565
0.00548125093438097 0.206204004740261 0.0656451085136949 0.323735003534083
0.12486407175971 0.0728298317094451 0.283914675564138 -0.0238757284069399
0.0508859671126205 -0.0534700331919496 0.00793955037284035 -0.258309607107339
-0.0757508826757824 -0.0352029027637887 -0.145816830105333 -0.0307906903538668
-0.0638219538489022 0.0711106995872007 0.0473746980404435 0.0131490559492926
0.00372450511476655 0.117907835652441 0.0654382802984979 -0.196685267006846
0.0280279210602301 0.108614647812089 -0.0714174495283364 -0.376817845877311
0.0282821849621879 0.00190175664936405 0.068405849948005 0.387212775185685
0.00313497463783662 -0.00537275285094142 -0.0442230629799873 0.191359281331209
0.000926004994710386 -0.00343442211053053 -0.00620445470317261 -0.0103287608648152
-0.00210117548622991 0.00601940583391822 0.177465337198182 0.0612524262425044
-0.0176485810790508 -0.0181154139042984 -0.0451558235577936 0.280079155194289
-0.0119796164535722 -0.0402481794956429 -0.31563747951027 -0.03460970150521
0.0137117845995873 -0.0327857298529455 -0.0308784615726933 -0.388127410466957
0.0240634970981325 -0.0470751091093815 0.166687305789354 -0.440853801622142
0.0168108194908488 -0.0481444143654644 0.126092618731032 -0.491271389990946
-0.0305227078887762 -0.0456592122790531 -0.111097524464188 -0.401953523147501
-0.0582814507790319 -0.00114267758236112 -0.405481579533729 -0.11633577137952
-0.0252015317359823 0.0494262051639544 -0.244221019292479 0.330138636374159
0.0155344624624618 0.0262454331725574 0.220758625844395 0.226408371446721
0.03249421278073 0.00826478673721932 0.142743605945456 -0.0814874393273381
0.0264862821226742 0.00560799201348777 0.0109248865268685 0.0294710991740937
0.0705633064472071 0.115457075200008 0.0260761530951246 0.364365029509655
-0.00722055671421088 0.120076451625686 -0.0833731356082493 0.173450405147363
-0.072311532719366 0.042740696075981 -0.0134194057362923 -0.0140159163991865
-0.049925370208253 -0.0609156102321044 0.157501787661926 0.086956602153551
0.0644188150354524 -0.0589316033860684 -0.0924681649913622 0.252082375052853
0.0820413668335031 0.0597223291601246 -0.29910363660955 -0.0846960100431132
-0.00456868108239159 0.1371034435144 0.000992599407603505 -0.376480286230534
-0.0453791321446314 0.119237244950281 0.16610709333815 -0.427373795512334
0.00821851900416601 0.130558818154454 0.0840455864782028 -0.486601351440689
0.0545828516146873 0.0905660613724344 -0.158611152681294 -0.373026204580841
0.053878427109026 0.0410632155501511 -0.37755757943843 -0.0340956642080621
0.0490239342260531 0.0149591759872279 -0.139204475639422 0.332713758147699
0.0199920535255191 -0.0370940292423296 0.226099523912338 0.161782368825985
-0.020822513147943 0.00281062601011263 0.120865818018304 -0.0787170112026568
0.00390053244578258 0.0506956263827295 0.0124799147130935 0.0270932059765599
0.0764274950783694 0.215802118475028 -0.0445060998010074 0.292497277028114
-0.0593065270862974 0.239137698806865 -0.156130518359281 0.113979719534356
-0.176207323471098 0.0724643717565595 -0.0612980383024736 -0.0466772522578507
-0.0956826685778373 -0.147148372208325 0.100978124587854 0.0533435580916152
0.159777672329717 -0.0841002674403205 -0.103725304415776 0.166464569588873
0.153976757808553 0.177969345075724 -0.227096955442187 -0.103863583209067
-0.0440272846534835 0.286516907448727 0.0210918985240356 -0.295245659977711
-0.106674506169273 0.267532656203804 0.138634183637372 -0.346506666510757
0.036821673496007 0.282915037801011 0.045482580127563 -0.417711811898795
0.218982313628675 0.155928754043952 -0.16782476542225 -0.318772320166246
0.210361672491204 -0.0595811752354834 -0.271107617911147 0.000507305031472788
0.0356251104838489 -0.134131354812398 -0.0465019409594244 0.217112404873162
-0.0781851316101587 -0.0763112370761934 0.136267810801835 0.0916811450883421
-0.0876102104875141 0.0554833287111122 0.0883633659087091 -0.0171158244271677
0.00118676234796586 0.114025951265721 0.0323580671111269 0.0196109525585592
0.038239283475033 0.274053005985146 -0.105720528506495 0.173373445475628
-0.160800911645851 0.301145488720195 -0.201144410400328 -0.0124248442525829
-0.31265201174499 0.0512189478234327 -0.0652842517813402 -0.16900498022038
-0.130684427864642 -0.269504894602303 0.128773690359193 -0.0559596661483101
0.26242695445502 -0.110707147392076 0.0024543582007551 0.0943595381690191
0.208596528413382 0.279713157199767 -0.119070123503557 -0.0341243525118114
-0.0878964947883383 0.391613378423102 0.011328612753933 -0.155993065264994
-0.152156709420457 0.373247210594448 0.090040407276755 -0.211819814805458
0.0788546148660437 0.38519227106122 0.0248438670632378 -0.296260453223039
0.368576328367949 0.116783207367513 -0.145939928715954 -0.281251499884749
0.23888780487071 -0.281137018156354 -0.254538945562956 -0.0637371602982208
-0.159475859883876 -0.261462518269077 -0.129509835831315 0.137226346344498
-0.238411595864135 -0.0024450608636422 0.0398095893206465 0.144730730153136
-0.124604331352881 0.173306970655809 0.108024310846274 0.0511275813658472
0.0241308214582572 0.188261967979599 0.0564509704496832 -0.0198162938633743
-0.0244811784856453 0.264254406764435 -0.12140471240174 0.0471550942050573
-0.254380908765579 0.248941505627963 -0.150496776142618 -0.143686616320592
-0.370122611122927 -0.059412704372412 0.0603022788586727 -0.26029768461284
-0.0687993025462183 -0.386675682527868 0.267697884633979 -0.0606274897271998
0.372053794094109 -0.10782817553153 0.13153592087271 0.157230623394128
0.242158473205543 0.347776053691413 -0.0529636008079111 0.116073366857945
-0.115320301986583 0.442931911680697 -0.0354880170209959 0.0154860442449012
-0.174370662525309 0.424830951471497 0.0222311967665437 -0.0457754102439703
0.102501162033121 0.425742442508166 0.0261297572669961 -0.138178743688156
0.402712119561499 0.0617828153476254 -0.0989519370599331 -0.21552055383839
0.134018904817101 -0.379732829555582 -0.273965221793161 -0.0409503087147218
-0.345466257566599 -0.21556392115734 -0.148794913894673 0.216527704023404
-0.310597755672389 0.150823320699635 0.0959286537273793 0.205524993797739
-0.0907731551826245 0.289500699223383 0.165350940476434 0.0319055513228405
0.0625067875613868 0.243485598782819 0.0580915647937748 -0.103631940267272
-0.0708668882351416 0.195773375682226 -0.0927918243173395 -0.0375969377491791
-0.249123091263787 0.117390280702861 -0.0637826160007704 -0.158054798345843
-0.246351054532851 -0.159953046092939 0.124503621104371 -0.180310965531633
0.0812833291185636 -0.342392326904935 0.248264830952658 0.0265303065653725
0.399588385869014 -0.00699077656974168 0.127118504741766 0.210249155292654
0.21844347748767 0.378471584151067 -0.0430114877158748 0.241977060539448
-0.119435970223654 0.432439540716631 -0.0972528595935632 0.184985485457459
-0.16951733504576 0.413251135534068 -0.047480052562795 0.127994624607722
0.0903769848935082 0.406345285685167 0.0498513197232841 0.0393638575398786
0.34841539853359 0.0563372520732515 0.0294395120733101 -0.123500928603575
0.0669435831575726 -0.305608025752519 -0.155537601612129 -0.0452433265396398
-0.339676769602891 -0.110893953082091 -0.0557019927539565 0.17577073142728
-0.245421419532403 0.227590996932197 0.166830067476566 0.119430453972084
-0.0207579693448662 0.31372147564489 0.172956117556427 -0.0722644802366729
0.0906905513591392 0.248919056522205 0.0218474039445664 -0.212396903163461
-0.078000383343671 0.11019341332102 -0.0528509351354504 -0.0603443285976364
-0.163924046114852 0.0130164761793074 -0.0562113232872847 -0.0717666197493148
-0.0761329122664123 -0.144725746105547 -0.0073710778671139 -0.13321502691842
0.145444988769739 -0.163066951055172 0.15984774774167 -0.0886615221525726
0.269033013591763 0.0935546163031526 0.174569252730312 0.138412203043747
0.133821839997122 0.328646545306915 -0.0149165289610961 0.317292590988649
-0.0967956654918283 0.355953449165669 -0.141683158797599 0.328934222906816
-0.136310131262755 0.337463434707777 -0.10782118719792 0.281889034615569
0.0545340402228475 0.329942103874603 0.0752492185114667 0.201382399475471
0.245465898345188 0.0740109126482059 0.185518025968663 -0.0706292301192218
0.060578022901016 -0.171571682143618 -0.0475110700294981 -0.164810704437814
-0.206160409829131 -0.0584446537220901 -0.0752842912197838 0.0435134331590384
-0.139281462247402 0.17277794359 0.121421450548492 0.0245182383490476
0.0162321560129689 0.238116937059284 0.114051053587906 -0.162204308510701
0.0826309231714862 0.196389522073892 -0.0396557508498371 -0.311168806292158
-0.0573995031071387 0.0470724804269815 -0.0235924810208652 -0.0446373644213435
-0.0829093949142487 -0.0226380286744386 -0.109816862309736 0.0130935902695793
-0.00217647814104366 -0.0877675143297969 -0.137094224828739 -0.198100677829523
0.106027831699794 -0.0458865984567267 0.216169318208416 -0.243168911742514
0.118747994491236 0.0882164762883928 0.30625200178621 0.121227083556276
0.0618882375839706 0.199710049689197 0.0393083332772851 0.382923535360598
-0.0594480392051776 0.220256019899214 -0.156300175728361 0.433887462522613
-0.0849334494365375 0.210995964602531 -0.150058623854505 0.393080670931498
0.0127166735467901 0.204376038684464 0.0812580825428353 0.319488938702678
0.125322315319671 0.0690618913214165 0.286341884680637 -0.0389881946083763
0.0489072543157022 -0.0533389024817217 -0.0034817522994831 -0.265161914945133
-0.0751054073677625 -0.0317243114099042 -0.152558284436887 -0.0269377505447838
-0.0589252141495285 0.0727523336786869 0.0450594660248756 0.0143369944015439
0.00838537853448404 0.116408420467836 0.0555550269120067 -0.197388912871012
0.0331529110091216 0.107130016213944 -0.0860110949219272 -0.374678982057238
0.0281819352795499 0.00517352675836404 -0.00775695980188658 0.388668410637077
0.00286117879825572 -0.00501972376064394 -0.0778528976862758 0.175055920615567
0.00144933587992635 -0.00231182505492383 0.00131520248240879 -0.0127884114416849
-0.00382027935038313 0.00579116094612656 0.166192001636383 0.096607421620059
-0.0134831116052503 -0.0224102018040935 -0.0957420710842507 0.270603193960808
-0.0027141133134467 -0.0413281052633987 -0.304756464123117 -0.0917750125593909
0.0224008368371267 -0.0295827811458551 0.0436510939686961 -0.38276978677411
0.0323621389628342 -0.0397814153933287 0.25174762247892 -0.388430348828631
0.0252044258194526 -0.0441882200779908 0.219509270077058 -0.447027530276896
-0.0203817603256773 -0.049341650150148 -0.0264889543740559 -0.410295205444418
-0.0551099186839909 -0.0124977487824639 -0.369900407201404 -0.189222242631455
-0.0338541570127588 0.0416876746499044 -0.295775931112736 0.274873558738511
0.00828055469169353 0.0283670251039654 0.170474993064455 0.258214838288792
0.0292362112714307 0.015918973761816 0.151289840162648 -0.0508128892889698
0.0254296620146452 0.0106013304097991 0.00391562672387397 0.0304873919188642
0.0480482398149738 0.124443318982053 -0.0470567886869968 0.359215700772997
-0.0303891517415392 0.115383693567576 -0.113391150686439 0.149891808441635
-0.0787776322179122 0.0278667140207476 -0.00459435024353856 -0.0180764606171767
-0.0369597304098275 -0.0692792996978804 0.141446478118689 0.117396866026108
0.0749468239479385 -0.0462485920152661 -0.138431449305671 0.23515528353233
0.0687467233302781 0.073466027961551 -0.279491524869651 -0.136605477441718
-0.0295419117614001 0.131936511950891 0.0737521869293327 -0.364479031993095
-0.0688665461424487 0.106920537942288 0.246534260527051 -0.376786320449957
-0.0182739948021909 0.127377911558289 0.179196002432957 -0.451472369286554
0.035178506052762 0.100017156576642 -0.0790534331740088 -0.392350390387435
0.0482255012216466 0.0501090854939227 -0.357726510639795 -0.105153907187031
0.0459208393209425 0.0212054097556 -0.196117864238773 0.296477524627409
0.0240165491411249 -0.0325643411255625 0.186679837952896 0.195455045799655
-0.0226150458157104 -0.000597682892701097 0.129312218619627 -0.0514891034670033
-0.00615749879789095 0.0527562297867428 0.0077624464100211 0.0279973265713193
0.035170472876915 0.226431629315994 -0.102624825988676 0.275883419386634
-0.103701603470408 0.221765600810951 -0.174647608898632 0.0798648648758899
-0.185615626055294 0.0366397149941649 -0.0461444394692672 -0.0566044904274834
-0.0643846029267948 -0.161263994468517 0.0908640256085144 0.0759089750180791
0.172896107952818 -0.0508485071225917 -0.135809129910478 0.148994474553433
0.115011392346429 0.202518894103839 -0.205353152363685 -0.143763469895482
-0.0995870617186863 0.26820541921182 0.077688939132859 -0.28185061430684
-0.15844424331889 0.237258337964056 0.204359236918947 -0.305631715232512
-0.0224855154840408 0.281488389915476 0.1262372355238 -0.394594145942587
0.181512699447293 0.195460684906235 -0.0975350950729032 -0.343555782979103
0.218817870295045 -0.0189120144501204 -0.261434736079694 -0.0539704052344339
0.0606416372860136 -0.127193885201849 -0.0879322462480065 0.199716173568405
-0.0649968889404753 -0.0907383018510787 0.111949629956028 0.114324015434585
-0.10012847059607 0.0379417687011452 0.0882213891137098 0.00327860759340678
-0.0218504926922242 0.11428314193846 0.028875880065642 0.0255279658012084
-0.014961918666117 0.276597147868271 -0.140096439293772 0.149933418512259
-0.214578679362708 0.262833197256438 -0.196664720669683 -0.0496597598264148
-0.315520064430394 -0.00910769325914491 -0.0309397027517375 -0.177351482297151
-0.074864247077568 -0.287443308810753 0.135600735781456 -0.0270906097023492
0.277241894534664 -0.0561052524482664 -0.0209969457102383 0.0951317267664173
0.146573628850797 0.311671494480066 -0.112961523985227 -0.0573785229583197
-0.164659445025464 0.361198514137122 0.0412757343191943 -0.149145031233237
-0.225229448264634 0.328647107790578 0.128638042227525 -0.186433598452726
-0.00177686308524593 0.387907154470865 0.0812745231930126 -0.282652911298145
0.333089206078603 0.186911435473545 -0.0852108098159777 -0.30252240779672
0.287424723173273 -0.22949278891737 -0.236486256115129 -0.112991315790999
-0.104763853163205 -0.28908545481186 -0.15510989908655 0.110642228939022
-0.236034952666811 -0.0490116419093989 0.0109444313073495 0.1499205183098
-0.16061552126555 0.147338249034151 0.0972558382851114 0.0727044325999302
-0.0134038388038081 0.19310786224486 0.0611044422373924 -0.0105564443697567
-0.076077825520118 0.256632440500895 -0.130803640042909 0.0229357728676692
-0.298873763433917 0.195117820227134 -0.124149294155196 -0.170282834833254
-0.350953427423832 -0.129761856287463 0.106587743242766 -0.245370917070556
0.00898228509904153 -0.39004187848139 0.273660497516621 -0.00944757164701768
0.383258000310377 -0.0316730292206383 0.0969591145328107 0.177457271080168
0.164968163487933 0.383988245585271 -0.0748030090045371 0.100959635945012
-0.201492395375261 0.402846936361599 -0.0375961869488769 0.00747316857891154
-0.256179189465553 0.374118222861372 0.0301257680910512 -0.0395793964170065
0.0137471110369173 0.434197122586874 0.0516697618132573 -0.12730177247173
0.379236819383479 0.138664647067639 -0.0524544188987972 -0.227269619131699
0.203751489092239 -0.345738639755176 -0.257336807067505 -0.092069838291907
-0.295721089706018 -0.279221863544107 -0.185744723734563 0.184888793957138
-0.336145845503605 0.0879439961580909 0.05668997699805 0.219442962868391
-0.149445832337653 0.269148644809781 0.158500036925616 0.0630398711559463
0.0154688017137355 0.255250108731074 0.0786733599448726 -0.0917906574759533
-0.108975272571982 0.180191070413868 -0.0861390742100597 -0.0550501499834507
-0.270055347153629 0.0672524378793474 -0.0346782753910593 -0.169338518439132
-0.211239036379187 -0.206350874350908 0.157318769891985 -0.155080938361164
0.148153843898369 -0.319981935632432 0.241612990329467 0.073357786929724
0.389797146138297 0.0711775010778671 0.0831729324339881 0.231378929147847
0.136483235384583 0.407803941231322 -0.0895823924145594 0.226150412554854
-0.204278579521321 0.391991049536199 -0.130493749465854 0.158840677255216
-0.248870216291489 0.363465552907054 -0.0737780179306581 0.112947210125725
0.00619009191927529 0.412408167042465 0.039717521483903 0.0489124303742552
0.324599175025016 0.124410680187731 0.0562456299638956 -0.112882942277321
0.123719085314627 -0.28529508265218 -0.138949377871984 -0.0759373916398965
-0.30906761712031 -0.172447952824533 -0.0886315588107618 0.157960000539547
-0.28619227312239 0.176809822088986 0.140916299670921 0.146831968173264
-0.0827751569454559 0.305552290681888 0.184088513345347 -0.0375156849585681
0.0453902180740397 0.266033895453848 0.0639446697054072 -0.204857479873841
-0.0997957696278727 0.0945869924334573 -0.0408128234821309 -0.0691793763734102
-0.165214673770992 -0.0200935097988583 -0.0406114368968261 -0.0822612248343258
-0.0464026954520454 -0.157266114849741 0.0208957797930809 -0.131126129592706
0.174066559552277 -0.131534941949371 0.173965174094702 -0.0531139738978827
0.243034758291883 0.143733649237967 0.139714225742939 0.170398108799331
0.0652607335489141 0.343607541333328 -0.0775337576842941 0.305412312326348
-0.167075577794546 0.321499620339098 -0.202711292853498 0.288138252468721
-0.201647699694249 0.296887049680188 -0.163471293418758 0.249702528510763
-0.0143384151949093 0.332412336070603 0.0339782342227589 0.211944953717571
0.22241298383027 0.121520351350019 0.199341290836155 -0.0333281305239538
0.091918170654114 -0.154866090861435 -0.0107956847562744 -0.175498466357738
-0.187128852787714 -0.0954936456919168 -0.0846136507506759 0.0244705606059714
-0.169059690253732 0.143047719167066 0.111439180653598 0.0475082159484433
-0.0295123689070877 0.237342796676228 0.142115284653673 -0.134761780857828
0.047198006031349 0.212423228430213 0.0221878388240788 -0.31180567965097
-0.0660648408492738 0.0344985276398744 -0.0147067792022774 -0.048678700324414
-0.0769805539470526 -0.0383478311969132 -0.107845957935579 -0.00827105367434194
0.0146002546230957 -0.0865573608345545 -0.0939477155512461 -0.214618722163742
0.111825555620312 -0.0257078311608678 0.25437444976469 -0.194130985263304
0.0979618244866209 0.110717222401331 0.270509683254397 0.17533849590748
0.0213233750332267 0.204423709482617 -0.0376036333623025 0.378478373012786
-0.102605723834004 0.198243024353342 -0.236863105686496 0.385822777918065
-0.124352334270413 0.184953042487143 -0.226995669364534 0.348669526270062
-0.0280210818021751 0.201538916966817 0.0178116035357803 0.326974580072187
0.107015161496044 0.0913347743595709 0.290834474029702 0.0158482739220365
0.0581701536662019 -0.040130460269073 0.0478905902076615 -0.265331622260008
-0.0647739874505414 -0.0446963042516293 -0.148678884229623 -0.058623638908744
-0.0708067938157317 0.0596633127234979 0.0364973020500937 0.025107931023146
-0.0124905215063583 0.116484185284826 0.0913887535222892 -0.17880859515138
0.0156381272953421 0.115606925721701 -0.0117991331342744 -0.380183993439296
0.0287839666722882 0.00445006421784168 -0.00245254728757796 0.393441225930889
0.00117294266671381 -0.00606637921746322 -0.0726929476551946 0.175290993679526
0.0010844583505075 -0.00200446086710383 0.00639944833070343 -0.0159545178017124
-0.00381903158639983 0.00566729352551297 0.172942579114038 0.0964035727882043
-0.0129956224909509 -0.0235409968110735 -0.0894998829980856 0.279938237492368
-0.00310822103793841 -0.0417159954280192 -0.313553470352025 -0.0837725861485848
0.0228161241943202 -0.0297584329114442 0.0343636293396611 -0.385622516838677
0.0323409169960073 -0.0393979124939807 0.246353578492068 -0.388942491721377
0.0244225969599968 -0.0443716117847651 0.21203407206812 -0.446521704113867
-0.0202271354425715 -0.0494664932497507 -0.030731900503281 -0.40941088000017
-0.0541286036338939 -0.0118403915272151 -0.371110908323205 -0.179536162897867
-0.0323670083245603 0.0425856233004382 -0.287767052448259 0.281139358823643
0.00968992284749619 0.0287974796261796 0.175713687260083 0.252261327422169
0.0294089511131863 0.0156675884424502 0.14925262581079 -0.0531970662964773
0.0265622402425089 0.0105509731772241 0.00386089761527273 0.0308608954016239
0.0525680000064213 0.124628368243586 -0.0415576816777398 0.363304622809406
-0.0279587110633583 0.115453290736491 -0.109504161504318 0.152086070021198
-0.0772729339504774 0.0299796975112659 0.000656661729486579 -0.0195420215830956
-0.0377983970814924 -0.0677615559231187 0.14970398448862 0.119734875451453
0.0745519966356684 -0.0480707246003297 -0.135882209911977 0.246221149016802
0.071537141974787 0.0723725452572568 -0.288415046217501 -0.129761223402283
-0.0267034542471958 0.132038368330116 0.0654728607672607 -0.367570394379867
-0.067365346039043 0.106686754060096 0.241831804342241 -0.377364348186727
-0.0167197861211895 0.125132734253861 0.173379356884099 -0.450685301156622
0.0372259071095772 0.099013336007162 -0.0825234690245057 -0.392519763939136
0.0496332445087686 0.0487331738827302 -0.358051381792644 -0.0973297464378404
0.0471487061227716 0.020259078734922 -0.187402724963333 0.299387065049356
0.0238018363171559 -0.0330494940873177 0.189744868217153 0.190066251113642
-0.0243914939706936 -0.00113616252247938 0.127013120036988 -0.0535286805237007
-0.00545162947395351 0.0543810892352415 0.0078097922424237 0.0287731244103147
0.0410228734768928 0.225611719283866 -0.0986712723168081 0.280970560939633
-0.0981698458098721 0.22426793167018 -0.172441374882071 0.0852012888745049
-0.183659542489331 0.0412323455436038 -0.0425693012763048 -0.0556093697866786
-0.067119608311061 -0.158857391508832 0.0957840437963223 0.0797544138871481
0.171880921126098 -0.0537617106465261 -0.137900027375588 0.158500523000157
0.11981379463618 0.200179031190445 -0.215188773327186 -0.139647239678446
-0.0955067432868556 0.269108307487421 0.0735142880596582 -0.284909083420955
-0.15701599166161 0.237387060524123 0.199921004813605 -0.305675069547214
-0.0211772485779595 0.278272154995578 0.122659026897307 -0.393610040687215
0.182291206323595 0.191661772463358 -0.101317921799258 -0.344534381026281
0.218843616747397 -0.0237401802828142 -0.261788007249921 -0.0507392799320055
0.0586059880803922 -0.128734756292451 -0.0855207913904226 0.200404632535431
-0.0670475035344635 -0.0895644882784508 0.112679891557564 0.1125143849357
-0.101665240703995 0.0391530507191401 0.0884987282125056 0.00350454134387536
-0.0214044162207062 0.117045437433338 0.0310409722127014 0.0248661131255023
-0.00841718678174435 0.278918854118974 -0.141068352640324 0.155264612492752
-0.209165220405796 0.269689109223424 -0.200083903727391 -0.0444588889925289
-0.314717489168393 -0.00117727310584789 -0.0333176784229147 -0.175404791440967
-0.0809050458600049 -0.283985055520247 0.135052188466044 -0.024932013184474
0.27488762945064 -0.0601515272872154 -0.0245844016164934 0.0967116828090184
0.150391787789792 0.30758109985856 -0.118129993037458 -0.0571065484365982
-0.160622590581662 0.3608666127214 0.0393797187401623 -0.151471683694977
-0.223110636743166 0.330461286341045 0.125900206772541 -0.187057898707558
0.00112337810531495 0.384371788224861 0.078773500595598 -0.282103724504445
0.332349930118785 0.180752616302659 -0.0898553735753844 -0.301385691874594
0.282976731571922 -0.234305253472327 -0.23897760181696 -0.108925539450541
-0.110373144803624 -0.286571175067336 -0.155321398381656 0.115102986677313
-0.2400948552827 -0.0456703777255961 0.0136868869771101 0.152698140600588
-0.160144069359965 0.152275830722684 0.101309086686447 0.0729199900109782
-0.010852828921765 0.195207752890039 0.0625625470897503 -0.0117283527091593
-0.0720986231496223 0.261073080273271 -0.134403916199635 0.0268763363480476
-0.296656968447078 0.203194429027382 -0.130969847745053 -0.168057003676258
-0.354489759901265 -0.121938880074878 0.101206832287359 -0.249864198225308
0.000723313145676412 -0.389940901219815 0.274159180591699 -0.0159577150104373
0.380120587937034 -0.0369510008192158 0.0968940730857648 0.174224904396852
0.167325891457324 0.37875335259126 -0.074538305946703 0.101277108273668
-0.198536504329154 0.403979636247026 -0.0361989356908405 0.00754938603544835
-0.252443793195812 0.375138064716455 0.0291872487213208 -0.0400283242700864
0.0166476168297063 0.429528683855071 0.0506682234939162 -0.126239867885716
0.377067815901553 0.13518368950866 -0.0551335519516231 -0.225267752931644
0.197196489010043 -0.348609921163352 -0.256683589080396 -0.0865513515492915
-0.300266625715319 -0.272595428968841 -0.181663343339483 0.188902200540852
-0.335775266562901 0.0958157900231513 0.0636898170033027 0.221287023667397
-0.145248527249601 0.273000738937099 0.164589285162992 0.0602167314102699
0.0208068572080235 0.25827908274546 0.0801248754634217 -0.096139430519333
-0.108455517203226 0.184707889589045 -0.0917132772183015 -0.0530853639636338
-0.271065529184121 0.073212605156863 -0.0405233693903532 -0.170437369685932
-0.216933375118669 -0.202570037561654 0.155456223142448 -0.161670235226423
0.142392027122313 -0.32356374077568 0.246249734628617 0.068408520888025
0.388190490634943 0.0644084130244496 0.0882649330819226 0.231006355512909
0.138737296522864 0.403963373700252 -0.0875658910100572 0.228697901715524
-0.200050386716079 0.391299369402429 -0.126918144752115 0.160397845226456
-0.244531213142285 0.36513882281675 -0.0734413448240495 0.113170959837577
0.0102941744386027 0.411045520060016 0.0403009616469913 0.0501366165610996
0.32356321984919 0.120964583814361 0.0577394900493181 -0.11330614496466
0.117817456918275 -0.285334564091503 -0.134426077055161 -0.0761806756048604
-0.310540565332483 -0.165373353304176 -0.0849300752802838 0.157206161315812
-0.282388568848722 0.182606532481792 0.144820087626259 0.144481866869546
-0.0773479214247951 0.308102509784854 0.186074075584547 -0.0422953822339042
0.0499875094105464 0.266711094097507 0.0637046321649863 -0.20920426365179
-0.100250894886532 0.0971748178146438 -0.0445293631695108 -0.0689177754243031
-0.167230591229717 -0.0185105030114574 -0.0431576621953828 -0.0827252605406548
-0.0498090835490483 -0.157582989499508 0.0210609579599661 -0.130376659066925
0.172686332060912 -0.135756609125 0.174247490320226 -0.0558245414954861
0.243426046272165 0.140490423821104 0.139898050191325 0.169286515961818
0.0693331709197416 0.339134107526899 -0.0758443797773072 0.30787966615233
-0.162227308614553 0.319803265123096 -0.198396611320264 0.290421915860169
-0.198447827323354 0.298098381739421 -0.159829597670647 0.250318715739655
-0.00996290391823123 0.330969085009547 0.0379408749458992 0.211504003574841
0.222107571449666 0.118828716895752 0.203286454951687 -0.0378388794624179
0.0888810127741894 -0.153636417260322 -0.0110793989083989 -0.180981019866035
-0.186515331281847 -0.0909444987070655 -0.0884225236737835 0.0211692771612165
-0.164691361894293 0.145724775915391 0.109082834437419 0.0472292033376436
-0.0242024272916745 0.236762886708278 0.139982327672262 -0.138387816594378
0.0525529996847868 0.21250521305615 0.0196823673521923 -0.314674516600864
-0.0668273800805245 0.0363239151388332 -0.0150772124819482 -0.049107666352325
-0.0780603379898797 -0.0381728303824162 -0.106996367432528 -0.00506752376681249
0.0122974569448659 -0.0873703468511252 -0.0985621722551292 -0.211812422244557
0.111833966684002 -0.0287494220234282 0.2489267336038 -0.199775010112768
0.0990941954719171 0.109799987712477 0.270753125782534 0.169884806887245
0.0243246793437804 0.203263580087734 -0.0324680102285106 0.377910117855401
-0.0990260594681625 0.197452762852127 -0.231609345675897 0.387267860543893
-0.122604498485443 0.18549755660501 -0.222000117663256 0.349266485985481
-0.0252719480449355 0.200889719598487 0.0234372772851466 0.32776388304379
0.105799577396125 0.0911768774355003 0.294720750745122 0.00718740586280521
0.0569553539591071 -0.039432946316757 0.0428191197792582 -0.272447193078753
-0.0626812346061827 -0.0431580796401989 -0.155545094057249 -0.0591221469113257
-0.0691254475912891 0.0608549836881584 0.0342337918635903 0.0276451780999468
-0.00913569168836406 0.115414628193058 0.0857056777642101 -0.178746268159722
0.0185264279341356 0.11569664038298 -0.015964323049694 -0.38287898082785
0.0293129286704453 0.00353443148791441 0.0094686870497549 0.401291925261525
0.000250907093243938 -0.00543673364390934 -0.0659103988715587 0.177965328191411
0.00149468198691811 -0.00191672867485848 0.0107463116263984 -0.0194127032742465
-0.00419030663930391 0.00586807071524387 0.185462996834675 0.0947390698308513
-0.0134638459844265 -0.0247214356241696 -0.081844093275244 0.29432817464739
-0.00296726787409097 -0.0428274927068501 -0.325377657353967 -0.0727487473897586
0.0232715002501314 -0.0309254952081318 0.0220064651808457 -0.393904307253043
0.0316590514020328 -0.0407485071633599 0.243121513162496 -0.395100064423321
0.0238141884823132 -0.0454299953625703 0.206838874135587 -0.451566610974246
-0.0212893991126821 -0.0489666308625787 -0.039097462705319 -0.413240829658214
-0.0544162947505488 -0.0105521707536186 -0.379084690188421 -0.167802971150384
-0.0317303698370703 0.0452407925714755 -0.279897180317135 0.295036578733054
0.0111633560556928 0.0291928072728778 0.18559454892047 0.248685499806903
0.0296727952069276 0.0146045823189093 0.148257790389435 -0.0583998781439122
0.0285529249814017 0.0101287200258628 0.00374438215826862 0.0309050320078119
0.0578702747038093 0.125205974647247 -0.0329850566034282 0.373315458960591
-0.0256761333758782 0.11795868699907 -0.103837542410588 0.156385818304876
-0.0765584778566928 0.0330790105350115 0.00570825500497869 -0.0222218062357249
-0.0414633923827602 -0.0676824167015435 0.161742865858698 0.119995529126288
0.0742769293596818 -0.0515160300966418 -0.130162157686816 0.261133699368754
0.0755315488164138 0.0707525609715548 -0.301958305292147 -0.121888686186349
-0.0226072313856131 0.134596241780492 0.0546144415821655 -0.376329856918524
-0.0662915734459526 0.109776375319166 0.237289123707032 -0.383690543081733
-0.0154178903782173 0.126183774281123 0.167034478497411 -0.456806486699864
0.0399743268673108 0.0987475677571377 -0.0905166744167772 -0.395315317094229
0.0522591716328034 0.0473695662636164 -0.36205308487065 -0.0882920491801895
0.0483608657718467 0.0188657948055742 -0.179575055387008 0.308547070675081
0.0226480767569122 -0.0339465448071326 0.197997156138981 0.184803569113346
-0.0262861376873336 -0.00121421103498045 0.126352330875457 -0.0570034581878948
-0.004261722698262 0.056388224228195 0.00896443341977395 0.0294096805893815
0.0497994915595132 0.229999452886094 -0.095356271521267 0.29304216743132
-0.091509706622005 0.230303561329841 -0.171432582551571 0.0930454958090455
-0.183484567859018 0.0485395306630002 -0.0401238770337343 -0.0549133131060291
-0.072745200386838 -0.158406052766015 0.104174479111853 0.0847761239646933
0.172138884255931 -0.059582866692759 -0.138138776258183 0.171075914855844
0.127902742925278 0.198960388488363 -0.228325077185937 -0.136057774698414
-0.0901345703737967 0.275031157524984 0.0665475130173429 -0.292910756514463
-0.153988454401828 0.244477221225961 0.194874791464275 -0.311664377556355
-0.0158270155670606 0.2803722427067 0.116080718492691 -0.399611530162487
0.188144485640524 0.189408194570604 -0.109474361752436 -0.34886764753056
0.221152682848001 -0.0304121271937077 -0.265215887366288 -0.0458534727128512
0.0564670285898479 -0.132394826025344 -0.0804826965285474 0.204233503737644
-0.0721023341841736 -0.0897478206595621 0.115144070247849 0.111121066962929
-0.104105635511773 0.0430924883027068 0.0904750854648964 0.00283524322663249
-0.018649946563339 0.120957117555217 0.0331007190108554 0.0242858248834375
0.000277105178505609 0.284182398873752 -0.141499154692019 0.165036354892117
-0.203825366407377 0.280849943456909 -0.206104585278365 -0.0365439798410793
-0.317881114994998 0.0102544745656965 -0.0378637516750974 -0.175802396596118
-0.0904941722035231 -0.283939370717234 0.135586075446519 -0.0252859391599033
0.275988895284666 -0.067423114535895 -0.0273072816155362 0.101346990251824
0.159286454144239 0.308425886521306 -0.126012700676775 -0.0569014577930771
-0.154475015057585 0.369457263064598 0.0367201266277678 -0.155077068633434
-0.219013812585802 0.3376990435193 0.12414048869569 -0.19170678795462
0.0071215737831786 0.385993015812939 0.0733719030977388 -0.286650223697867
0.338525499307954 0.176345648369727 -0.0989210910631698 -0.306365024681422
0.280371630021154 -0.245198770449542 -0.246146537314737 -0.105584760524736
-0.118709802014211 -0.28822872161075 -0.156818132524602 0.122708228458133
-0.245623306793823 -0.0381011222213242 0.0192400955530052 0.157349826206476
-0.160935133813892 0.159399989841427 0.107788401905459 0.0725954570279819
-0.00582516209217053 0.200808264869179 0.0662982784039143 -0.0149048725945232
-0.0658553732183823 0.269511661907129 -0.139794724631237 0.0338486554919494
-0.296733864673604 0.216580317099372 -0.141787550171021 -0.165430078871796
-0.363736694367622 -0.111589045740976 0.092906597589025 -0.258576360730728
-0.0110359798676223 -0.395136575011635 0.276682727426149 -0.0257042166299293
0.381389215343089 -0.0467225325563058 0.102204939893378 0.174089747838512
0.178187395385964 0.378000962667681 -0.0737689636980249 0.102865888923993
-0.193051517060563 0.411997993315749 -0.0355391484948701 0.00837289751838866
-0.248882829623989 0.384852682390493 0.0284144793262084 -0.0418159912718432
0.0242182127570204 0.433694693700927 0.0482746613389239 -0.128180550222817
0.381193962212675 0.128864664911033 -0.0616032419837151 -0.22621083781954
0.188732857568497 -0.356522578915941 -0.260962661172381 -0.07970503010661
-0.311947039104383 -0.265811904987477 -0.17749690268606 0.198267046698264
-0.339539398339179 0.108212345438138 0.0734017031182843 0.223950374866483
-0.141396165689219 0.282015743301661 0.17291327265956 0.0561699002026024
0.0285819694958617 0.262647490367421 0.0827155455654916 -0.101928138554961
-0.105748807824239 0.192668581536459 -0.0975008602284477 -0.0500952654478004
-0.275996343906129 0.0832143338950397 -0.0490908656133254 -0.17306036010974
-0.227254191916859 -0.199691436986207 0.154619281784329 -0.171347647875277
0.134346078150014 -0.33366447077379 0.255592523149861 0.0609172574463086
0.392908280982819 0.0559579988892934 0.0952386625128394 0.233611790549435
0.148846560541626 0.402997940354963 -0.0836119452515012 0.23455913070068
-0.194592802134668 0.397632413162212 -0.123620860408451 0.166301482539482
-0.241145724670079 0.373337781857482 -0.0714058890098606 0.115865306403246
0.0172535051009285 0.414859109116469 0.0436614620248299 0.0508835627143769
0.329094482588781 0.115451284855093 0.059546702686338 -0.116348114264842
0.109729674846435 -0.290836506172716 -0.135426246449089 -0.0765852312215132
-0.316962616301423 -0.157506335309666 -0.0815164738608398 0.158236366832279
-0.278624412244127 0.195226219340183 0.151601705678455 0.141905254140139
-0.0694951331678895 0.314591043580316 0.190492072311601 -0.0510411392560427
0.0596243706650283 0.270304358971202 0.0623281220415245 -0.21787988021879
-0.101038644502573 0.103175051356384 -0.0487351911647456 -0.0681836063526824
-0.17152401477756 -0.0146295767728984 -0.0462235198348658 -0.0825385432659949
-0.0550753228637629 -0.160150261799791 0.0190915229992962 -0.132363922869588
0.170579137353776 -0.144209390214497 0.176099398576272 -0.0611335920218356
0.248902404634156 0.137692045765884 0.145187499020055 0.169942602166194
0.0779988732034764 0.342033684968788 -0.0696906806616375 0.315828715236769
-0.157166050284252 0.326369959457154 -0.192865523921695 0.298594520164186
-0.196483110061059 0.304029261522156 -0.157564144021809 0.255823257151232
-0.0039344785897312 0.334950233065727 0.0449251183566419 0.215021026196108
0.225788546321723 0.116290222321506 0.210068515782766 -0.0461333646237901
0.0851611214403481 -0.156687696563577 -0.0145244413026809 -0.188929545165816
-0.189750971598344 -0.0861058129482025 -0.0932574639930581 0.0205608413538679
-0.160360217333224 0.153502892409796 0.109614472133225 0.0458867971192494
-0.0181629044361305 0.240801970161859 0.138038789122592 -0.145274496443105
0.0597157622409647 0.213393454186167 0.0132129489841174 -0.32321309238721
-0.0682536079227588 0.0388003614038294 -0.0171380708211005 -0.0495124674983211
-0.0813202172939443 -0.0375620907153951 -0.108090376057889 -0.00136600317183666
0.00997616425085554 -0.0886796231951274 -0.106650015751078 -0.210064229262731
0.112149561337733 -0.0334018495822153 0.24400091834568 -0.211558830998149
0.102838013525121 0.110642668016253 0.276125079162812 0.16366865394909
0.0304445988925214 0.204119612238265 -0.0240756473899083 0.385323471527232
-0.0952867459227128 0.199879339548594 -0.223291771866052 0.395723621164419
-0.120823696505397 0.18904264287401 -0.218472420635674 0.356920095011607
-0.0220233501909855 0.204040165492263 0.0346443088534936 0.33094833232368
0.107606885520105 0.0906543488630021 0.303928571428704 -0.00262430783459096
0.0567599491868455 -0.040022048501433 0.0350535187239895 -0.283668123237702
-0.0632316663761959 -0.041852405895583 -0.165620291914266 -0.0577193487380562
-0.0671092446271237 0.0636757992142387 0.0321364490039569 0.0295365437247971
-0.00627476440215318 0.116647759340261 0.0805079411698889 -0.182732835215035
0.0221018874523976 0.116367088757494 -0.025179735225689 -0.391814162504493
0.0304378457515803 0.00201247205010902 0.0289080280587431 0.406712043524932
-0.00106812051283688 -0.00422649731713035 -0.0565916014611472 0.180085102749016
0.00158670319875295 -0.00217554908942744 0.014442008956485 -0.0236061580735157
-0.00393531317424667 0.00633133300832804 0.198282064174962 0.088348640057127
-0.0136292883434008 -0.0264926263981428 -0.0656105373008678 0.307271583369987
-0.00351009978188274 -0.0439995579528091 -0.33882992418035 -0.0541983840671105
0.0237939370270782 -0.0320583582467872 0.00124537645126031 -0.398678560937171
0.0305998609587278 -0.041381967557947 0.230596890594422 -0.406238046858947
0.0221254261087962 -0.0470112691811056 0.190185647496868 -0.460223191267765
-0.0224428495130283 -0.049213459857106 -0.055692130823564 -0.415249354418264
-0.0547586233470502 -0.00842794587875436 -0.386767905441767 -0.150606033101221
-0.0301717598385183 0.0481985846829674 -0.264796353130202 0.311043038676118
0.0129489065343528 0.0289861137604403 0.199053955986478 0.240074727369468
0.0302655288783189 0.0132900980687631 0.146260461513702 -0.0662092773466119
0.0310391622450565 0.00931220971493229 0.00477015841706465 0.0312145689690735
0.0658161954487387 0.123451304520545 -0.0142347240041849 0.381404790849958
-0.0199661418601811 0.120702039553693 -0.0954107364369173 0.161898536375282
-0.0750052447421946 0.0374453671951061 0.0090953570338347 -0.0247355543780593
-0.0447117325924127 -0.0659048853343614 0.1757063106971 0.115719166939533
0.0726841221686222 -0.0569243459781044 -0.117817411051306 0.276134808631696
0.0804502795533954 0.0671639190955892 -0.316629854869776 -0.104811817609325
-0.0158939767045888 0.136147086891455 0.0354265326159472 -0.382727108563873
-0.0625407323185708 0.11358705872403 0.222857029940261 -0.394951928981178
-0.0107808069834054 0.125627419238328 0.149714767628111 -0.46381252646667
0.0451821452236532 0.0976515374409829 -0.106689349008203 -0.3952039438261
0.0563136109115882 0.044959984967126 -0.367499885725594 -0.0719128518784655
0.050579114484322 0.0176165592560506 -0.16293783062315 0.318611433670064
0.0225324309897757 -0.0364842090500464 0.206190337749784 0.174913893741881
-0.0282628130704084 0.000252629889455278 0.123671574071782 -0.0631771236784914
-0.00175376032797605 0.0585397898158316 0.0101014947449363 0.0290518396962132
0.0632091399340273 0.229851038728164 -0.0827829280669663 0.302891552057062
-0.0810626350392179 0.23730488692151 -0.166997985059844 0.102562730694029
-0.181756186950974 0.0587025777404893 -0.0380588661787307 -0.0528967986071313
-0.0811438888919527 -0.154825837324133 0.113290640970317 0.0853543431573536
0.171167542299025 -0.0678101589125895 -0.134176312653927 0.185715472856112
0.139002584752295 0.193808779842476 -0.242744681179075 -0.124478631743932
-0.0792716069676337 0.280146288970248 0.0521717937107693 -0.299995046752898
-0.146113258285542 0.251347783317338 0.185600356469535 -0.320137621074161
-0.0052770291829854 0.280289555897609 0.100189742633273 -0.405330792756503
0.197056559187979 0.181619874191517 -0.124856042513517 -0.347889233546112
0.222009214207515 -0.0406053696645711 -0.267349305764613 -0.0370915208404782
0.0510532405495545 -0.137350327713579 -0.0712937820124622 0.207619661710925
-0.0776192833643442 -0.0871923530349439 0.118819739955288 0.106256821754951
-0.105455593202179 0.0485678751842382 0.0914852197218012 -0.000482134282089724
-0.0142126689162148 0.12503631034494 0.0363502532523854 0.0218693489241555
0.0158214530608293 0.287936964675555 -0.137835152347488 0.177044792372645
-0.191377670322161 0.296531776677502 -0.210792713029927 -0.0250503925252617
-0.31866375332965 0.0274837896248415 -0.0459700682464866 -0.174227927655421
-0.10444805330192 -0.280376089100177 0.135157347440306 -0.0282406867118427
0.274386294485814 -0.0795164913345291 -0.0276490182756075 0.106661369750329
0.173739141312645 0.301760359429137 -0.134351822696457 -0.0525298591466935
-0.141160236492113 0.377747090261746 0.0301495418283986 -0.160040341446837
-0.207692146102986 0.349028324936947 0.117058183127548 -0.197798053879197
0.0207823283143802 0.385978058802081 0.063142144414757 -0.292139546758066
0.345369077967321 0.162524048909878 -0.113884553994805 -0.306234768107534
0.27001165305798 -0.259443316495674 -0.253471491218226 -0.095885526891903
-0.134444765284965 -0.284820482934404 -0.154566770408065 0.133083380119911
-0.252134295797784 -0.0271309006417009 0.0261542256287896 0.161493392231969
-0.157851429444392 0.170112468598647 0.115386760722858 0.0682663821137098
0.00312320575514968 0.205525265610459 0.0685169582105772 -0.0202484834118965
-0.0534557873579375 0.277318970865191 -0.143779088447037 0.0432281501603406
-0.289541682559256 0.237061961399119 -0.154564525179895 -0.159567777668817
-0.372007244313199 -0.0922801115905438 0.0780988063826176 -0.267338316681689
-0.0305494599948455 -0.396846805516464 0.278278219205538 -0.0408245385786627
0.380889723759306 -0.0641234218188548 0.108775254024584 0.169794497440203
0.193643819297462 0.37304065519593 -0.0718166599680959 0.105772453870872
-0.178546887029604 0.420517304210744 -0.0337788035435587 0.00873985765133296
-0.237146024372544 0.395111713759809 0.0271459714748847 -0.0425291117815719
0.0389674855879235 0.434530885532272 0.0438769263487621 -0.130789664739497
0.387107431941862 0.115354623067941 -0.0712506755561318 -0.225349959661888
0.173841547363127 -0.366955667123604 -0.264164912107432 -0.0688548466023816
-0.326018962590898 -0.253345100477465 -0.168912257301022 0.209509862823736
-0.337961693659986 0.126304999128722 0.0874854007700446 0.224307482550202
-0.130625488524543 0.293451355837804 0.181075394702161 0.0469833659365479
0.0424292738511019 0.265600070456635 0.0827827743470888 -0.11045370972646
-0.0989489299024231 0.20297986875962 -0.10416968509344 -0.0448273873805972
-0.276664758571265 0.0979629040561751 -0.0601786892316893 -0.172886580425423
-0.240023239626371 -0.189809814780519 0.14759814518806 -0.183622076201137
0.118266832962938 -0.343941553377517 0.26430045742206 0.0470874678614998
0.396092597468289 0.0397817258496173 0.1071379907328 0.23210754517983
0.166481686440632 0.397638934147466 -0.0748802985660043 0.241605139939418
-0.179946518844667 0.40704666375746 -0.116456597256403 0.172801696757178
-0.229402188108881 0.384083333283132 -0.0670828867344935 0.119752535660929
0.032345597018185 0.415937669103314 0.0464616478799651 0.0518400891079489
0.334113787589949 0.104823488558044 0.0584375574936045 -0.120025378420124
0.0973972703028145 -0.296556864503044 -0.135594451346965 -0.0750622358533735
-0.3263552928476 -0.142054003059913 -0.0743626780917278 0.160257282444396
-0.270903864993109 0.211422365227909 0.160096694236713 0.134893227045166
-0.0554324588577777 0.321245619585608 0.19149307081222 -0.0621889827350152
0.074972794012572 0.270686011089842 0.0547598657627544 -0.226916944987393
-0.0990524829506584 0.110976367077154 -0.0540340527709253 -0.0669292017871616
-0.17669629168071 -0.00705332487881933 -0.0509183601466225 -0.0813236432555554
-0.0641444928478798 -0.159695941774116 0.0149688019290045 -0.134351752713671
0.166111732238687 -0.155184576369504 0.175176333074456 -0.0700039140642998
0.256680135105046 0.128640290553686 0.152203088747063 0.166438451405425
0.0941108669740573 0.338994782978863 -0.056775312248012 0.322825359502613
-0.145005005142052 0.332088417452602 -0.179719386231516 0.307912791844328
-0.186575982140212 0.312244677331993 -0.149426777791611 0.263184338026586
0.00966554807858032 0.338039844766487 0.0568838615046211 0.216090510508859
0.232058978800991 0.109582608372633 0.214482786234987 -0.0585284246152357
0.0782959343454485 -0.159841288078808 -0.0220728938160396 -0.196722916699609
-0.192537878912739 -0.077488196460361 -0.0972340468885136 0.0211374343486228
-0.153207474584847 0.162309280200344 0.110470990734295 0.042103708332429
-0.00473359650248974 0.242769400446502 0.131994003307488 -0.153119525620197
0.0719570608044965 0.212903462375195 0.00046038772516385 -0.331475657181662
-0.0680403125037795 0.0430085579885649 -0.0198526301751145 -0.049264393518554
-0.0852730067139259 -0.0362324546858943 -0.107607010759518 0.00516467928915364
0.00596450168865788 -0.0901043032999787 -0.117679891399797 -0.204817544049532
0.111310648486404 -0.0404561530171027 0.23406440688407 -0.227379061294236
0.109457426576474 0.108111047995764 0.2833174398323 0.151437065541753
0.0397045160863058 0.202396175499634 -0.00717667762064163 0.388992972381105
-0.0874185678328546 0.203774543723496 -0.209354438452846 0.406214722924936
-0.1142839048977 0.194940852698607 -0.206456054687016 0.367284408100406
-0.0137563317293956 0.206071280785249 0.0506942190292958 0.332637207776878
0.112079754216167 0.087873846921953 0.311204519348909 -0.0196292184261589
0.0562639401270933 -0.040968789427747 0.0218681775220045 -0.295974906240549
-0.0636969025625023 -0.0397138939859284 -0.175628812159664 -0.0530608997341382
-0.0626036208677436 0.0671340892023222 0.0306380326086938 0.0312250635391384
0.000170492673923165 0.117355199071953 0.0706892997658764 -0.185305704649692
0.0285251760241498 0.115752954971689 -0.043972801037312 -0.396796748151311
0.0258724493169463 0.0184699441206229 -0.210786500241477 0.346715421663344
0.000398299108405548 -0.00326952468840307 -0.145756647200143 0.111993603385804
0.00221888712592377 -0.00112803904937895 0.0303823995317243 -0.0109652137514633
-0.00645439054785119 0.00181915136004882 0.113151345942518 0.188884527953319
0.00621001077549584 -0.0294907937873352 -0.229407324072096 0.218460543774736
0.0241596773912202 -0.0365989724669535 -0.249733372558231 -0.235525764978038
0.0384267849547242 -0.0108613886350766 0.22747930697549 -0.3228854642899
0.0478795685423096 -0.0147738983959406 0.4181906168255 -0.191472225222355
0.0438187076338541 -0.0259349839381112 0.414636556653897 -0.257823013129817
0.00940062130626821 -0.0523233183257366 0.191807639685612 -0.362764286203761
-0.0385531406438075 -0.0376188789224417 -0.225910893013173 -0.335300319275734
-0.0505534989295821 0.0239201930186903 -0.385188239422848 0.102669755152796
-0.00575970947834331 0.0328254108165118 0.0258444082755351 0.301404849981257
0.0183279483320921 0.0290576404022024 0.154314688993981 0.0290026749490442
0.0204669684790574 0.0256936650017329 -0.0155700628188101 0.0279590219189103
-0.0151637215535259 0.138539697973506 -0.231708852720726 0.300649281743411
-0.0862500832437363 0.0874336174266808 -0.166573336349318 0.0754183283683132
-0.0823183599220971 -0.0125283023205265 0.0269677621096138 -0.0141799220340243
0.00251344094477153 -0.0792836450701025 0.0795184834178443 0.197919063227259
0.0931366407188709 -0.00330349497858126 -0.254267136436219 0.162406928821352
0.028754590630266 0.101095487937856 -0.202674711301975 -0.264234512315702
-0.0917631831839807 0.10103430746606 0.247743235210805 -0.289071421087333
-0.116697382330799 0.0547175534204759 0.406383584390591 -0.185523688789975
-0.0813300171742126 0.0937981542087949 0.381920711393657 -0.284739872518056
-0.0201201571278265 0.104337649020879 0.140780915473738 -0.376384549969057
0.0209749466643892 0.0688379724965909 -0.252776164847094 -0.26330777191036
0.0320275059747016 0.0434189146318265 -0.307117059987637 0.164171416896605
0.0386039734918321 -0.0166306869199563 0.0666633711036369 0.255014114882202
-0.0239549537534051 -0.0168416755814013 0.134180399766361 0.0199296692626602
-0.0359276911807194 0.0470879259566623 -0.00806523089707737 0.0288689339980197
-0.0784251935521079 0.225165128011054 -0.244620308979915 0.199361402912691
-0.201695134929902 0.146974659558739 -0.193817323689466 -0.0112428978339237
-0.180241782315536 -0.0562927993928908 0.00188366452151305 -0.0636636557730287
0.0255677820204579 -0.171295833754043 0.0443069255659268 0.137871140677447
0.178349864782383 0.0448347466661614 -0.218283437019518 0.0791089810004309
0.00141869378162179 0.237130718465702 -0.130286626277952 -0.23933245029083
-0.226481351448327 0.179657905729928 0.21340721309675 -0.212388564483931
-0.263170496739907 0.11601722753673 0.332127880465016 -0.148958128794367
-0.166143005765265 0.219049330067646 0.310813220269697 -0.266937316001733
0.0524019010617411 0.258087561655732 0.100021219647845 -0.349071542849794
0.202476934461746 0.0912344589272699 -0.191696060345332 -0.182875445064503
0.120095071792038 -0.0827668795905038 -0.175143131242725 0.124372054220563
-0.0142044407084479 -0.115750404453928 0.0341539023118669 0.151937131076087
-0.115470829601315 -0.0218856942444719 0.073269148748677 0.0534900175860594
-0.0847086585138025 0.0954653905347623 0.0179810419491812 0.0380415340575153
-0.153706200039488 0.246763827364834 -0.217859904386495 0.0653100715079747
-0.326144584844194 0.131529347891754 -0.159640593845374 -0.140286957680427
-0.274858026213651 -0.160724014941268 0.0605137211811774 -0.167486379247939
0.0782704799717261 -0.285323635156502 0.123603524367473 0.054541309308007
0.266959667479524 0.0943005492954509 -0.0867905900038789 0.070631756472417
-0.0335290139902728 0.343224631121326 -0.0807444321991323 -0.120755963698488
-0.33495664104708 0.220101019316169 0.116578400078774 -0.110458345766861
-0.369323436172736 0.157301309687212 0.206217618183057 -0.0899098893574787
-0.206480949864274 0.319683187674669 0.214421898397597 -0.195753234803838
0.181761904929857 0.328168685567057 0.0848606675042588 -0.310757476572925
0.363703749856317 -0.0572831668939295 -0.149442568464855 -0.222972686521592
0.0543759517330978 -0.306593816438358 -0.202543352286628 0.0196114685855359
-0.193324688478881 -0.166258566191252 -0.0708718126925749 0.147609797377308
-0.228862798689066 0.0500038142386509 0.0559573320911843 0.123628227811993
-0.114836550137302 0.171154960215961 0.0697449431696639 0.0223411231427147
-0.205431010779029 0.196908568646786 -0.146300490713687 -0.0466247137963014
-0.373979475088491 0.0243342311860203 -0.0375183305265506 -0.219777725923269
-0.24930741981699 -0.290826569382223 0.214865441602852 -0.176570018279187
0.204007474410198 -0.339121933004561 0.248750590429448 0.121262986748253
0.344010748785443 0.1670772249902 -0.00727622288806822 0.197380007005042
-0.0602243634417689 0.408067615674312 -0.116937683137762 0.0445941752563792
-0.388339711217843 0.231474420863902 -0.0317863156255006 -0.0109327968813789
-0.419524854997189 0.176850166532153 0.0443182300472781 -0.0178775934428334
-0.216993842722962 0.369142729940495 0.107692486091612 -0.0776967602421721
0.243008070341406 0.313785443975451 0.0725868641452136 -0.219256101276228
0.343815232336661 -0.199161648591239 -0.172178564767094 -0.205228314088866
-0.119807459825836 -0.39058147357927 -0.255017670209563 0.0746391918421749
-0.350815803759017 -0.0886626275968543 -0.0545809506126703 0.232901045243444
-0.277666169481397 0.166488430575761 0.121987813645125 0.14260582588077
-0.116479189037433 0.24256505910667 0.132498781754943 -0.0434820132029414
-0.199762691517722 0.109114810059774 -0.0625651740173759 -0.0960526795875318
-0.284508930772712 -0.0822763155184582 0.0478279786334961 -0.178145020156957
-0.084420018679397 -0.294670841366689 0.226153055556745 -0.0691549526813403
0.29670338752628 -0.210674605937352 0.191520596420578 0.187020352318746
0.29707346593667 0.260466046105017 -0.041768711285359 0.251421645171097
-0.0947020184228651 0.41352939557807 -0.197531897006444 0.153998925973503
-0.380457139516533 0.219852859781252 -0.191272462640882 0.0728748636827924
-0.40717827425144 0.171448776372049 -0.124561600162362 0.0583391579916007
-0.213078045581553 0.352137115764249 0.0072440041172115 0.070195138667252
0.20703984053187 0.275908340236794 0.119201050767984 -0.0602025115308364
0.243129494915755 -0.184281502273737 -0.061570425515355 -0.138851750283329
-0.183012868262184 -0.298391680770875 -0.150277486290934 0.0849314936432776
-0.341533526986721 0.0195265405952395 0.0531531931552132 0.200881233709018
-0.229701724545792 0.23320659627243 0.192129024987049 0.0591432946827521
-0.0912080930957234 0.264066918021943 0.176619781185691 -0.15353683149372
-0.146914327990476 0.0327175439622261 -0.00745616302929341 -0.0851934865983135
-0.141329632988215 -0.110847348376241 0.00600820415444196 -0.096442294120365
0.0403246754232557 -0.167163717339442 0.0913461378446471 -0.100095842022663
0.224290358220211 -0.0308415907411922 0.182278827862456 0.0435010769872206
0.133343616732716 0.253548332670976 0.028243264184706 0.222571533196514
-0.116359547545023 0.32393019059056 -0.230759731418529 0.229825417844847
-0.307238548101837 0.178834419465785 -0.320565068686054 0.144158105831263
-0.328857133267803 0.140888659492977 -0.272496109162983 0.125609734611047
-0.185467096826948 0.276261755325798 -0.0780531433437438 0.20871861020288
0.122476045278029 0.219432566662801 0.210801778036364 0.0770268048562231
0.15167310211964 -0.0836857462486996 0.100131381085519 -0.176056374414743
-0.110454488480615 -0.17053589934955 -0.0929168550596387 -0.0435521654221406
-0.215123758901004 0.0467136448549222 0.0636699997597832 0.0964750906811113
-0.141110543172865 0.195643530346418 0.193044969785142 -0.0470918355866756
-0.0604163114409996 0.213709724141088 0.191023171991374 -0.26763664879502
-0.0816288031873635 -0.00531854918407624 0.013624386700576 -0.0509127546732625
-0.0488163125751166 -0.080434022816732 -0.0891084466904006 -0.0565622959081006
0.0564879080422586 -0.0700281255635624 0.0205616974941523 -0.231754540014249
0.112679863067964 0.0290383458782756 0.317377991902958 -0.0517500855908671
0.0277198312655383 0.151833512298378 0.142222064922616 0.280393396500481
-0.081645654261 0.183548731115434 -0.227728644105878 0.308873668117247
-0.18745583505639 0.109091578247765 -0.399578509612947 0.205406783209982
-0.203760404454648 0.0882370186623722 -0.378685858978863 0.174681348516366
-0.1283777314567 0.15738689381401 -0.147391588386367 0.297289214383105
0.0379809597390758 0.133609888179448 0.267039240208342 0.160594194333149
0.0670983905063069 -0.000707835500382142 0.187303309602915 -0.232918425659038
-0.0280056228279472 -0.0676289353423818 -0.115074543683507 -0.146355130124594
-0.0875689369174549 0.0195139623448484 0.00316940516421044 0.0439290929374841
-0.0646795564055853 0.0953614150577144 0.160339178993427 -0.107373369198559
-0.0406142629469322 0.110028234472018 0.191658751728705 -0.345407744890182
0.0265461788700122 0.0162996580697462 -0.191719347961648 0.344574567551927
-0.00057927675524836 -0.00233504424137613 -0.133791279726737 0.112022956617401
0.00231718701027517 -0.000880919478125332 0.035101742573895 -0.0123869996085874
-0.00558262024541313 0.00215662039285789 0.121969014295303 0.181463990965446
0.00579819489020577 -0.0293159409927203 -0.214420553242534 0.225774850423841
0.0230710867448602 -0.0363075736573404 -0.257001199646612 -0.2185292243033
0.0379711431180384 -0.0114230300819706 0.205739241932071 -0.322701836652876
0.0459800716857812 -0.0149417806302568 0.397903409521954 -0.195135125506939
0.0416791751838089 -0.0252931097915481 0.391533400901604 -0.257108230670325
0.00834346587257775 -0.0510378130179767 0.173934202681508 -0.356568011528045
-0.0381394562219684 -0.0348144120961357 -0.229025543033567 -0.312627751505958
-0.0482343828867438 0.0264541115937298 -0.365783214452462 0.115835345277846
-0.00403453937405946 0.0321947103850828 0.036155283817344 0.28853794908398
0.0179740797672427 0.0274773583276433 0.149936768386564 0.0210579759016041
0.0218117338287464 0.0250517048983369 -0.0143189684885222 0.0278427081278996
-0.00747607269104777 0.13467590086054 -0.21456750590239 0.301806574121412
-0.07961093244554 0.087457109102233 -0.154546269271725 0.0786183027284368
-0.0794041558568571 -0.00766684902038452 0.0309285126771283 -0.0146707201536575
-0.000911609764628236 -0.076948161287646 0.0884507754428528 0.192041341173018
0.0902669934369778 -0.00699981440938975 -0.241615089286095 0.173051320578095
0.032354602528263 0.0965358075365449 -0.212628892326883 -0.24825571341393
-0.0834756127678866 0.101032380497864 0.226848172960128 -0.291445772884324
-0.110476356664542 0.0559005842133404 0.386079653744988 -0.188588848395987
-0.0751222236610222 0.0916437068205433 0.360341882010322 -0.283643544328861
-0.0152998370774852 0.101860702685952 0.125504416612977 -0.368325491971105
0.0230147196100596 0.0652588857977854 -0.252444767204875 -0.24442923592273
0.0322787973133311 0.0419006863144694 -0.288825213621069 0.170862293275835
0.0371125520569151 -0.0176271608374228 0.0745306770184618 0.240681928842859
-0.0255699795845778 -0.0161279386859946 0.129582514228964 0.0143411248440526
-0.0327146334281744 0.0489537596298646 -0.00761478159106514 0.0285729337620203
-0.066086527550004 0.221514400720243 -0.230802447390018 0.20401057322374
-0.187896692307507 0.151062106276187 -0.186007735230397 -0.0026204303144373
-0.175514293338843 -0.0452823414527722 0.00387003152387781 -0.059248974265812
0.0162293669604922 -0.165853318438757 0.0488182732451844 0.136876200726214
0.174408031482387 0.0369854741768664 -0.214096107676872 0.0887379900642834
0.0106604069179255 0.227861845550287 -0.140028002277168 -0.227610590757398
-0.211359650842136 0.18166034908475 0.199113391437614 -0.215296871631083
-0.250933106923254 0.11934400021893 0.316034669737895 -0.152568760949405
-0.153766132353125 0.213114338686648 0.291272387542385 -0.265913184069117
0.0586697526255011 0.247535631580435 0.0871199882610623 -0.342712898589777
0.199817408961626 0.0813559067378743 -0.189889861502296 -0.171406305893693
0.113208527679874 -0.0843648015840535 -0.164193923863414 0.125640670460945
-0.0183730733339624 -0.112097718729206 0.036195564898675 0.144643046965188
-0.115220530623301 -0.017208728293517 0.0725156081520685 0.0503595638626285
-0.0797788199978848 0.0964401935146282 0.0196394155895357 0.0364732847315312
-0.137489478389537 0.246012269331554 -0.211422799798242 0.0738131206230853
-0.309016905793649 0.141004445575085 -0.161056509871824 -0.127993640072923
-0.272144433339065 -0.142611403859008 0.0528207650180927 -0.161711260516407
0.0622630975504782 -0.277334846616218 0.118383235466536 0.0504770904515328
0.259772812002675 0.0820168223809944 -0.0866344506472972 0.071582998406693
-0.0211823244428554 0.330918482883275 -0.0849883564665561 -0.115637033725611
-0.314211883775909 0.223864097187466 0.109636328962817 -0.112812427156514
-0.351241113910353 0.162004966386568 0.196111518649746 -0.0928939391621596
-0.190645695600411 0.31205133491889 0.201470055516048 -0.195096123891823
0.184892739402161 0.30970981608553 0.0714922440907605 -0.303660745775248
0.348735620028035 -0.0691358198568608 -0.152812020953651 -0.212407288862104
0.0408327123001826 -0.300648119013887 -0.197322981253251 0.0270367812472146
-0.194481499751913 -0.153965990535926 -0.0642497204924583 0.147389753079954
-0.222296263512165 0.0573395136856532 0.0613568673918844 0.119512714701522
-0.105853893445581 0.171840024036219 0.0710176507780007 0.0180787810226732
-0.19126155463619 0.199582084094395 -0.147496209608914 -0.0393907500414219
-0.36165971314781 0.0400334305730495 -0.0476718494821445 -0.212569087142181
-0.253238416677187 -0.268990351402336 0.199323061803879 -0.180751277178745
0.18086112165259 -0.334983052913176 0.244863011808523 0.106099223660305
0.334596250139605 0.14990577953035 -0.00107333947378092 0.188951740245239
-0.0452039563982309 0.394029322922589 -0.112126142444994 0.0454840447884233
-0.368932429843673 0.23480960887115 -0.0295702193979304 -0.0101327971664693
-0.400874237900266 0.182627053934852 0.0431320800030239 -0.0179497425304842
-0.201236795808294 0.360708069512885 0.101264654066522 -0.076906206759717
0.243134950476845 0.295917510805187 0.0641677218999762 -0.213421350368258
0.32481086560228 -0.203954752298501 -0.172493255631732 -0.19140237445815
-0.131110012683202 -0.373007727078218 -0.244304053650163 0.082805364278247
-0.342470832607924 -0.0710249407341048 -0.0423730821020287 0.230452003722874
-0.263952841921027 0.173443728302714 0.12720449769219 0.134080783815766
-0.103550157602791 0.241001494166457 0.130495043586513 -0.0478353958511589
-0.191161949125279 0.113759009414269 -0.0665734768170285 -0.0907675618477142
-0.279987265147827 -0.0684474088239709 0.0386241917768365 -0.176204728755467
-0.0945814765529608 -0.281317206689225 0.217596595921004 -0.0771192242417527
0.276579459379192 -0.21561128024084 0.195118765172015 0.172383066477085
0.294135690864343 0.240073936852212 -0.0324884212563658 0.24480521519317
-0.0768700930971037 0.399192966745362 -0.185226639598656 0.156595373434774
-0.359977604988842 0.220720120987601 -0.181169176742418 0.0763476596236736
-0.38631261959553 0.17630100777685 -0.119508336658874 0.0589203980874769
-0.195336290883557 0.344963729988361 0.00934788413573357 0.0697727161583889
0.207364503392361 0.259150394662368 0.116043012738393 -0.06024941479224
0.227088299548608 -0.186100993573348 -0.0590974294900638 -0.13371456413808
-0.188232175646329 -0.281011887480688 -0.141129186211233 0.0841321352345079
-0.328708279306536 0.0338970261360474 0.0595359067846269 0.192411301838659
-0.211585531039034 0.234670952661014 0.189962300073733 0.0492341502086218
-0.0774165007500297 0.260347090443162 0.169525088280648 -0.157214958746899
-0.143377733598693 0.0372811872369262 -0.0109594165031397 -0.0827333994718362
-0.142062424956512 -0.103220272913759 0.00253958936485748 -0.0940903356035464
0.0332304505930065 -0.163338445755405 0.0858411402351487 -0.0991055921044035
0.214268107926765 -0.0399633324860231 0.178398143318599 0.0354316889029063
0.137221997499086 0.240292562632485 0.0327867158318307 0.213192934418661
-0.101750039753282 0.3132030364675 -0.214076319891824 0.229725646235947
-0.290247901567866 0.179692919146525 -0.30340381619229 0.148500202028304
-0.314284639625795 0.145113405325912 -0.259870000737793 0.1281849033321
-0.170614075650597 0.272232434764743 -0.0677221629670132 0.205534757167578
0.125156205154183 0.208616853758165 0.212391190301435 0.0672610359119869
0.141915360734769 -0.0847925676178956 0.0939737693154062 -0.179702093682051
-0.112831042395755 -0.160111491300483 -0.0933085714768776 -0.0448524192342747
-0.203305349954924 0.0537692946246319 0.0629703099097632 0.0908630137250934
-0.127871029794531 0.194752610381669 0.184621323428312 -0.0538291828118135
-0.0494538733741643 0.210020713309198 0.177105729758799 -0.269003804991429
-0.0800252999934465 -0.00199902968920286 0.0112183374618129 -0.0503138548671013
-0.0499662716922078 -0.0768381868895197 -0.0870611334658079 -0.0493770024842044
0.0515475865386952 -0.0697891814809562 0.0103410502582128 -0.222950872946224
0.108835544981231 0.0226377929862459 0.301133453753951 -0.0651134281257881
0.0317540958118843 0.145721863874914 0.142842058259286 0.263754122495696
-0.0725609855565924 0.178014876043894 -0.207354469339575 0.304715854406202
-0.176871166930199 0.110169551892927 -0.378099129534529 0.209597958072425
-0.193544478853741 0.0899326326871822 -0.361054651038295 0.178736537187509
-0.119114420648017 0.155586976500239 -0.130763392833042 0.29311466562346
0.0400401973437451 0.129055900675454 0.2700653078836 0.146197795332427
0.0645259892702315 -0.000940348612663677 0.176128363055766 -0.238744641228023
-0.028416755545697 -0.0644179084320569 -0.121150904999883 -0.14275561689984
-0.0824893108289482 0.0223388826656048 0.0010285693225067 0.043508068939452
-0.0585053304145462 0.0942809004497939 0.148666236087382 -0.108363226987974
-0.0341211432959786 0.107606122349735 0.173818858428813 -0.343019037158726
0.0258502606749425 0.0159202085253771 -0.181103641314556 0.338907367749733
-0.00195874859039301 -0.00183950402225145 -0.124049008206306 0.108872010393645
0.00142950208035547 -0.00142446433293223 0.039665510023779 -0.0145247961427522
-0.00484092689819232 0.00232747588546164 0.125092400133405 0.177189576911401
0.00585752387626881 -0.0309322161132143 -0.204738221863125 0.227621574855402
0.0231979560593882 -0.0355612945151702 -0.259824138936924 -0.207119373096857
0.0376675711307774 -0.0109914857880816 0.194455288832776 -0.317916061769785
0.0441661512412339 -0.0149030543934146 0.384845373174424 -0.188944661553521
0.0401784524120847 -0.0257225186807487 0.37640485171095 -0.249948959858629
0.00816999531342788 -0.0486982418197768 0.166785978332439 -0.346197584571035
-0.0368850345809258 -0.0336144278472251 -0.225354444649473 -0.295858542421921
-0.0464424128861633 0.0278181547614443 -0.350308087644263 0.119577793934717
-0.00314327075405562 0.0322356163725748 0.040075392635781 0.277593901662317
0.0179749152258966 0.0259314596020384 0.145895889950479 0.01723618920795
0.0218193608434222 0.0243329300309044 -0.0151130703850442 0.0276219816525163
-0.00369899644121534 0.130782528483648 -0.204505295274648 0.297408841246423
-0.0760703871461911 0.0877543331536597 -0.145969831708602 0.0773369485329571
-0.0757134318491307 -0.00643477386091539 0.035404651447595 -0.0147666463558449
-0.00304609608024017 -0.0731482260408042 0.0910574959272402 0.188700006827997
0.0879237728048602 -0.00922018414165589 -0.234457226362434 0.176506418523111
0.0339960854800147 0.0930577514559584 -0.21454207878612 -0.237291055915952
-0.0791480045909106 0.100247806228026 0.214624516476937 -0.287378668874757
-0.106802609563219 0.0554199692205303 0.371211593987271 -0.183427188512964
-0.0722365798991141 0.0886986254078819 0.345841800438562 -0.27580186066205
-0.0130191221237199 0.0990504862570997 0.119650619524729 -0.358346110510139
0.022963395994161 0.0623929928864699 -0.245924514570415 -0.232525668197073
0.0326499713936081 0.0409123983663226 -0.275104573419464 0.170147082427031
0.0356005582425724 -0.017563416623875 0.0751439878781262 0.2302392229255
-0.0261501784724792 -0.0160319551265654 0.125306527110454 0.0109696587886623
-0.0320251882490352 0.0486285515919798 -0.0079205368624624 0.0277851150676088
-0.0586898461048507 0.215840820624969 -0.222890734237396 0.204091158668519
-0.179446412348516 0.150148595609481 -0.179606539726889 0.000148498604356634
-0.169044270790125 -0.0397718140585654 0.00721535535742596 -0.0563333783991604
0.0124849549121674 -0.15991475216858 0.0502661241472969 0.1377771992441
0.169343989433904 0.0332236369356502 -0.209770756205503 0.0937014806561543
0.0139016495194491 0.22043051055316 -0.144122232701132 -0.220656960959811
-0.202268093807247 0.178524893488684 0.190014482643725 -0.213133345972259
-0.242673887743192 0.116049435745523 0.303623061366465 -0.149274724334518
-0.148067374373797 0.206996194016809 0.279635124229491 -0.258801990072377
0.0598930085646073 0.239098466502331 0.0816206954211889 -0.334717490392782
0.19382295640031 0.0760079044044579 -0.184672110747898 -0.166055821483129
0.109143489719256 -0.0835010277703374 -0.156813589409054 0.122999306913287
-0.0206129196098405 -0.109476325868573 0.0357123070080271 0.139405352454182
-0.11423951140929 -0.0164567426187983 0.0713326528317427 0.048701215018789
-0.0771434837126265 0.0962048197277568 0.0206059714613995 0.0353378520873871
-0.129593862537596 0.241242008136166 -0.208273473958752 0.0761007597600603
-0.296884926354773 0.143358933478471 -0.159235717517154 -0.12064006451414
-0.265117079632801 -0.129837527251648 0.0491434108483639 -0.15761819923582
0.0544525420553991 -0.269015061692595 0.112549956328956 0.0501289007902049
0.252660885709146 0.0767529672718386 -0.0891408817037455 0.0703991299703092
-0.0167554449464234 0.320845015221704 -0.0866768244500327 -0.11324735213163
-0.304556984705586 0.218695139510096 0.106309507673229 -0.111718155901667
-0.339548699100187 0.159135095460389 0.189019713005914 -0.0903420190791791
-0.182907006082246 0.302045148044406 0.193346758322061 -0.189883200294421
0.181005268282824 0.298772618217145 0.0668387919849902 -0.297152542373528
0.334879743524359 -0.0728077873487848 -0.151426720174844 -0.205423104866234
0.0344670967763789 -0.292088515563174 -0.193514590743572 0.0296327883691261
-0.192817209190263 -0.14670689714101 -0.0612551229081211 0.146959235799951
-0.217115375793205 0.0587938218166378 0.0635199188915321 0.115861333704471
-0.102200903761223 0.169331534065052 0.0722895037197317 0.0167528168687023
-0.182728234049178 0.198305543759795 -0.147084640865589 -0.0353661738559199
-0.350463164647644 0.0449869886192135 -0.0526075223417018 -0.206360047137685
-0.250526765907511 -0.254865567411006 0.189781786325721 -0.18085630164908
0.169009088779938 -0.327374368468867 0.238518887587092 0.0975326884921943
0.324377680026143 0.141326461213325 -0.000942952109777292 0.181701451019305
-0.0405767497199121 0.380176010488242 -0.108256941051819 0.0439761971880269
-0.355454240948103 0.229175590818405 -0.0272761734670676 -0.0103334400084038
-0.386316462798619 0.177046004045309 0.0407705418141088 -0.0181022882065268
-0.192994600867405 0.34964944474074 0.0976993514081003 -0.0747405238738196
0.236786916909534 0.284541396546367 0.0595848641607562 -0.207715936951747
0.309845259875899 -0.201618668362283 -0.16842696894312 -0.182121663577403
-0.132026285462241 -0.359407202878736 -0.235434858138369 0.0856443235142297
-0.335060715430571 -0.0637266409838551 -0.0353705884190809 0.227303413600904
-0.25559213684309 0.17282958571254 0.129539875982974 0.128700474659885
-0.0976292315834848 0.236646110187776 0.12964018955479 -0.0498198908988019
-0.185517474934128 0.115208624957654 -0.06964482831264 -0.0869997888411665
-0.275136077101537 -0.0620543799838966 0.0336366819747579 -0.173379580907355
-0.0951823906323137 -0.270248017580344 0.212036176711416 -0.080001570443645
0.263621204374598 -0.21357260556472 0.193975843403225 0.164471958794661
0.285461210392735 0.22801925794165 -0.0280599032087798 0.238027260234237
-0.0702863696133754 0.384420111843969 -0.177958661834243 0.15363992335792
-0.34686790188482 0.214706002197029 -0.173372946934911 0.0748456854738811
-0.374375705635073 0.173640233915923 -0.11509591708746 0.0577335608091211
-0.186858726922026 0.335838700672878 0.0101176118303843 0.0695605300013677
0.203935963971996 0.251524592975017 0.115796809040515 -0.0584141220330029
0.216035963613181 -0.182641231713871 -0.0538219019865536 -0.13101711540712
-0.186552194965631 -0.269389585969383 -0.135072266912449 0.0802313648713725
-0.31650951649535 0.0386199848500344 0.0620718218622909 0.185806839472182
-0.202212894637097 0.231801540911404 0.188382121731848 0.0442362753190303
-0.0713686561988376 0.254185469575862 0.166204664852877 -0.156959623043135
-0.140152108682557 0.0388164284434375 -0.0129747479052931 -0.0808712164695587
-0.141515576714168 -0.0988965244775026 0.00110008658235379 -0.0918380345979267
0.0299418818886843 -0.160006333367548 0.0836497465649503 -0.096674288831835
0.204893605105034 -0.0421399867795295 0.172896253902038 0.0315231332571315
0.134583894417924 0.231344549184591 0.0318681758567003 0.206627590140013
-0.0948430908920084 0.301507963145132 -0.205492860411288 0.225799836484721
-0.278490970565866 0.174818375877521 -0.290310159223571 0.145264571460987
-0.30383808720041 0.141727925271232 -0.250126352398335 0.125003659291369
-0.163157621022829 0.2645306073095 -0.0620572908637337 0.202432453272776
0.122183507786505 0.201534975314557 0.212753542596317 0.0628011514610921
0.136225197387984 -0.0829854583265869 0.0943307199424977 -0.181938176619829
-0.11226812784705 -0.153351490691564 -0.0934173845469682 -0.0467406411529798
-0.195277440010614 0.0561963740735907 0.0602785313242468 0.0876070110336948
-0.119582190179571 0.190808331671676 0.178599299728356 -0.0555525887945734
-0.0441870218302769 0.204374673831609 0.171276490074533 -0.266877060913954
-0.0787469727394869 -0.00190233990391966 0.0104431537868467 -0.0502468087820966
-0.0500746224078015 -0.0753217294889363 -0.0841539201312783 -0.0455272137342031
0.0493326661819591 -0.0681141673313388 0.00595854271422316 -0.214316918800284
0.104084013086666 0.0207926827275402 0.28800575454638 -0.068810493631226
0.0324130147409621 0.141690070985755 0.140448006316446 0.251402567148439
-0.0685318917300419 0.172089185926352 -0.197125477380877 0.29701958226685
-0.169045260372126 0.106648411381038 -0.361506942071625 0.204602839087725
-0.187674386670091 0.0877741921499829 -0.347339911318024 0.174891668586907
-0.114485495203012 0.153104826077736 -0.122831983229442 0.288303467944448
0.0395077675872272 0.125421918262093 0.270412053412591 0.137082014858313
0.0624940203879939 -0.000226417789056748 0.168965997994337 -0.240860823726073
-0.0279134449291247 -0.0619414802618075 -0.12453150934318 -0.14135041689208
-0.0786207625926711 0.0225720247454759 -0.00157974684699563 0.0433372227334118
-0.0541596829706382 0.092200712090243 0.139766379297433 -0.105702596752888
-0.0312024138995574 0.104759669738377 0.165861200676092 -0.339212557299076
0.0251400377596341 0.0153312520389476 -0.180073687310938 0.336584440040283
-0.0022514481504257 -0.000102804482554914 -0.120293636204816 0.105450680284566
0.000498442224067827 -0.00129002372742175 0.0441262874414881 -0.0160558777596368
-0.00474149457802157 0.00243297991473004 0.127302635380524 0.178542948000883
0.00644959819209761 -0.0315052480252448 -0.203057475460106 0.229940884470661
0.0237205987715418 -0.0351939221623381 -0.263400003559679 -0.204356951639175
0.0387449750250949 -0.0109542348201793 0.190277278664726 -0.31689000187349
0.0440176462709511 -0.0133818795615315 0.382208370310904 -0.181324837897758
0.0398199258214188 -0.024400518149123 0.374544793152296 -0.240668076869613
0.00876475266651317 -0.0491388519171203 0.165932734941505 -0.341878907938628
-0.035727546506207 -0.0328441315329571 -0.221235975491146 -0.289883808517658
-0.0459350791067419 0.0289767212208562 -0.344199274693607 0.119464338118031
-0.00223380615895083 0.0326531232519698 0.0394358819592187 0.272827972594621
0.0175065409305505 0.0263915565316465 0.14475889294054 0.0154332916817687
0.0225493766918111 0.0237443132408816 -0.0153654910395234 0.0278630889684828
-0.00319127227380572 0.129341904871393 -0.202682385496955 0.29636616088398
-0.0745913141399667 0.0867991980025357 -0.142524229574362 0.0758387154117713
-0.0742984284293837 -0.00561846796630007 0.0401086857004478 -0.015709085073163
-0.00346496978525287 -0.0723124995091488 0.09277901258065 0.190378596946042
0.0882718329528818 -0.00980368628422765 -0.233571401132397 0.180370117254009
0.034334454652414 0.0920757312145391 -0.218555701553212 -0.23528024014786
-0.0773837469169261 0.0986382616014043 0.212223666571259 -0.286313893607955
-0.106756602455601 0.0534233871697014 0.368538159238967 -0.176391070820083
-0.0721416519058863 0.0863834644359266 0.344378399673517 -0.267931394986188
-0.0126699113673001 0.0971401586880044 0.119446757317362 -0.354442449866855
0.0229772238215845 0.0621450350186882 -0.240452312154182 -0.22823120373564
0.0321908279200535 0.0408706653726942 -0.270073225579595 0.166832516771535
0.035602030349233 -0.0172806189494436 0.0745724238728421 0.226032208109712
-0.0276867834838794 -0.0165651680088621 0.12436294902608 0.0106653021136934
-0.0318452155746108 0.048691888162656 -0.00789580169936014 0.0286288123741479
-0.0566056064320868 0.214541877178976 -0.222114429146048 0.204411184071472
-0.175358343437403 0.149617884649966 -0.175987255792002 0.000502393669965847
-0.165956440275768 -0.0371174868723078 0.0117684124516878 -0.0550969182308163
0.0113879662785885 -0.156349652935413 0.0499383230954039 0.140868912499075
0.167618482518365 0.0322258944560701 -0.212519681249255 0.0965284231002144
0.0135664012877229 0.217644596159165 -0.146600982500544 -0.219082375436111
-0.200935050822085 0.175903420571235 0.188438300651344 -0.211554806138794
-0.24141104000659 0.112788436698085 0.30203354522706 -0.143839529457433
-0.148508766247851 0.201717523281747 0.27874310017677 -0.253289961101431
0.0567836616037754 0.23573123779179 0.0832660608258383 -0.332069585322687
0.191380062347713 0.0756668157780381 -0.181241369611953 -0.165843215987961
0.108852244905055 -0.08315181200612 -0.154978503006623 0.119714187837918
-0.0208966670827727 -0.108228136805294 0.0342053828016714 0.137912196249068
-0.115753175802914 -0.0176637646500124 0.0717655814168452 0.0487503772267189
-0.0777732858985359 0.0965069657047102 0.0216261148957544 0.0350168634630172
-0.128133483717637 0.239955205498081 -0.209067127385198 0.0781237511679939
-0.292692533066352 0.142347640438579 -0.158347501273068 -0.118270677017273
-0.260605967614794 -0.126178306508985 0.0492400451672413 -0.154895287101135
0.0526592088337072 -0.263347455490015 0.108675131293443 0.0535613920251136
0.248077160964633 0.0766348632022526 -0.093783939385435 0.0700672615917791
-0.0183904144560742 0.316882759148213 -0.0885078862489272 -0.114670495673763
-0.302196631045839 0.214305814178833 0.107082842072278 -0.111556409521887
-0.337925017178952 0.153025351701745 0.187641405283475 -0.0869823795101268
-0.184226234531009 0.296079166806467 0.193445237169468 -0.187191835290732
0.175982705965882 0.295517226095982 0.0673285778139711 -0.295238124692337
0.330857367986723 -0.0709629839406984 -0.149801588312431 -0.205713314824682
0.0337260579252632 -0.290241797884034 -0.193748367444021 0.0300873376414456
-0.192506674025674 -0.146080577215107 -0.0606146489370593 0.14853703817102
-0.217408797830066 0.0577332235029377 0.065498102401496 0.116744442759722
-0.103088576727868 0.169633048437316 0.0748930649156375 0.0161652872107235
-0.182118173420384 0.19718698799271 -0.14893710851297 -0.0334282502034931
-0.347125480788972 0.0455138873912394 -0.0546712461015703 -0.204240822229805
-0.24768904471082 -0.250773674071707 0.186648646973721 -0.179783334665509
0.164538896500484 -0.321772054764026 0.232873242831479 0.0958815926296902
0.317758062922546 0.13920800051863 -0.00348415695335686 0.177937945616961
-0.0433917944816908 0.374083311287158 -0.10762000544828 0.0412280177571523
-0.353155613770753 0.222988162383379 -0.0252054905847347 -0.0103442896810454
-0.383866703997325 0.171495993244555 0.0400596090503079 -0.0169526998265338
-0.194040441529764 0.343885912807171 0.0963619130977092 -0.0718237538893216
0.232083133828176 0.282517892765924 0.0610265505078557 -0.204421983065723
0.305689426745406 -0.19880517188025 -0.165697857756554 -0.180628555861584
-0.132357047753967 -0.356836431364536 -0.233146906948932 0.0861927017446028
-0.333893810185365 -0.0610893405528424 -0.032738189154952 0.227959357779788
-0.25378531137381 0.172100123190968 0.132186934944282 0.127702200519534
-0.0976535600200826 0.236067516128042 0.132684635548264 -0.0512502005747218
-0.18520686630704 0.11448877150718 -0.0706142855289005 -0.0864975527118372
-0.27431463458596 -0.0622701668100235 0.0310622490279234 -0.174005531162573
-0.0945874936886428 -0.268612315908652 0.211321690774727 -0.0808256249068285
0.258359086933048 -0.2108469244528 0.194258029024733 0.161900504459038
0.279207070532343 0.227602342119699 -0.0286374213414997 0.235877644877811
-0.0730544036061008 0.375854269902907 -0.176057249628787 0.15163298675091
-0.343974851501552 0.206703913166293 -0.169670836802714 0.0725931278742967
-0.372019356312436 0.167334462663772 -0.114516973074841 0.0561100782898053
-0.188573274828478 0.330363084553949 0.0100102527779211 0.0714113757824611
0.200143742219288 0.249731453137319 0.118007328282836 -0.056221450104413
0.212001699734605 -0.178893877762684 -0.0481211270184561 -0.131637703571998
-0.184105865813048 -0.265336050530335 -0.132541115850158 0.0765282074460325
-0.314030757257324 0.0396499028676202 0.0625906475016929 0.183610861284513
-0.199633781025893 0.229858650732706 0.188145552141608 0.0429603055574337
-0.070435308712556 0.253668364754318 0.167833479630315 -0.158384949354946
-0.14056867421511 0.0385134378259437 -0.0137744706280692 -0.0809781684610048
-0.140298786642405 -0.100369294038169 0.00157586210980108 -0.0917689453463486
0.030393702389457 -0.157742474418221 0.0846414315991614 -0.0953860338344292
0.202160210735755 -0.0410659781884681 0.170316996056826 0.0321056522193513
0.131850390709776 0.229803111535633 0.0282364847704113 0.204774279663875
-0.0942243404442553 0.294798131442417 -0.203667619871854 0.222285974168092
-0.276167048374816 0.167510868338282 -0.286292949809906 0.139731860992906
-0.301060309752591 0.136630967175688 -0.249933474443767 0.121113305161148
-0.163876644748588 0.260898368553517 -0.0601342379178353 0.202071723027827
0.120113116412101 0.200617728396417 0.216563856745664 0.0623758229367325
0.133077156665836 -0.0804257749982572 0.0967918228797164 -0.185812950086031
-0.110676056653862 -0.1505585792606 -0.0951783457980609 -0.0515502986475173
-0.192553990690543 0.0561269202382058 0.0581002123307337 0.0863232028443473
-0.118238389780065 0.189089818216692 0.176620472008468 -0.0543827480703822
-0.0431885980501201 0.203194179644821 0.172652719951348 -0.266843598583623
-0.0797073470032732 -0.00239289486593922 0.0109095150306095 -0.0506904331282401
-0.0506723038006243 -0.0764090127866041 -0.0819728247880409 -0.0444092374210481
0.0486674198472648 -0.0675656364937459 0.00528582224084558 -0.210441376178265
0.102109577584877 0.0196863268857699 0.28249401047197 -0.0696492313448906
0.0322854882082539 0.141335388462326 0.134433535495214 0.247067807046892
-0.0673639514264288 0.167497077129127 -0.196368015852582 0.290478608713888
-0.168150317635052 0.102068498366389 -0.357024405160431 0.196915669818919
-0.186209070219937 0.0844791411924574 -0.345682862922412 0.168326546120783
-0.113593816381482 0.149967059919549 -0.1194029039801 0.286918075768102
0.0375009219065823 0.124046674802639 0.273418152286468 0.135673432580533
0.0611226727300977 0.00206199040240545 0.169732603550933 -0.24533705409564
-0.0274874373608123 -0.0613759481521677 -0.12825876861014 -0.144743318181191
-0.0767019555342978 0.0225525573781177 -0.00503436838151058 0.0438753123996392
-0.0530671674434755 0.0914659220821009 0.136312296349983 -0.102978747373122
-0.0303372096908715 0.103317064421504 0.165974786762964 -0.337450602779667
0.0309705602173822 0.00422520102459263 -0.0692810920493622 0.380706862893462
-0.00170844232264478 0.00181047877559106 -0.0817397430404086 0.135505830531457
-5.49058528958851E-05 -0.000870972107805112 0.0410352975099079 -0.0329979950706239
-0.00318244227398906 0.00183105302897574 0.182463780035259 0.134142561966866
-0.00179678525499537 -0.0324883544439703 -0.120699517044458 0.287984937971614
0.0120144581535835 -0.0410732197451444 -0.319196570945315 -0.109366923192861
0.0343736409844497 -0.0228055326073512 0.0814432632732326 -0.361991656090005
0.0384615686627386 -0.0263076601514271 0.311973108946227 -0.288262389926768
0.030229667617993 -0.0356787023648667 0.286990637219009 -0.339289283556031
-0.00664966426121659 -0.0502290149098386 0.0565969763894018 -0.375313275407845
-0.0455255889106252 -0.0205700399697437 -0.296036912125483 -0.205448905855642
-0.0344198128043813 0.0431456277407518 -0.288755825460599 0.219967971289168
0.00944521788258154 0.0333619916460332 0.12206407170991 0.245143141102008
0.0251645576151264 0.0190420303707611 0.141231636789958 -0.03066600376024
0.0303439675980925 0.0156134328200942 -0.00710701860172689 0.0331163157558788
0.0408022833702788 0.123220221688829 -0.104132845981564 0.349704974735315
-0.0427047544862985 0.108799107162387 -0.111851145900748 0.114946878777421
-0.0733649190523515 0.0189345835664918 0.0373835183051647 -0.0303479486934846
-0.0246189861165964 -0.0690855907110546 0.151851053793605 0.157549615412263
0.0827714793776096 -0.0372053881184902 -0.166505306936899 0.250269637656387
0.061373415527645 0.0772395709711052 -0.28511511353823 -0.15376749103012
-0.0430957911362012 0.117691677900756 0.113768737704814 -0.340615756362314
-0.0864622428482225 0.0835388885784393 0.300855516853263 -0.27854550614942
-0.0431687481454941 0.103039153842631 0.248997631662031 -0.357352703424162
0.0174779181165807 0.0958490398693942 0.00949420978623998 -0.37476418281268
0.0407272895635751 0.0513517920635423 -0.297194399965798 -0.14352903567895
0.0442380029643546 0.0298269126383144 -0.202659422252384 0.241687265852015
0.0291761413189525 -0.026816499718735 0.13979784534062 0.189668945057601
-0.032360724145293 -0.00781129119493636 0.120863944427006 -0.0278163551491112
-0.0148873250409256 0.057950274513551 0.00113288074122068 0.0290862889103914
0.0164264167277658 0.223503976889293 -0.152897060026803 0.268479120857044
-0.118713012502765 0.201653099546843 -0.16926645065673 0.0563002732985553
-0.171634904326568 0.0180318926508631 -0.00366350607228078 -0.0561191402462545
-0.0379607784050555 -0.153827923541266 0.0927318431143804 0.124973737569802
0.172030909720902 -0.0224642082945787 -0.17593876178718 0.16360068000413
0.0801775248072067 0.204262725802552 -0.211451249382471 -0.162704429494878
-0.138805955509015 0.229590908086321 0.114831821686228 -0.262175118017986
-0.198371499002676 0.180986680436427 0.246339518079169 -0.227500780874006
-0.0824305931540434 0.236337707645738 0.191649810456273 -0.324728757741988
0.126099696111901 0.206200084748967 -0.0194882705605105 -0.343637462065928
0.204411341356545 0.0108689370002089 -0.222264297362044 -0.105428707426194
0.0773890580322677 -0.111939951991583 -0.111167424968583 0.160278990149705
-0.0551170676699995 -0.0968268435914823 0.0739016871532865 0.120700529795586
-0.118335134024262 0.0200114252667201 0.0830478978890338 0.024743791396684
-0.0441870453599346 0.118741335803471 0.0317890103940698 0.0263983908392459
-0.0431324905719019 0.273280604168005 -0.180394766954248 0.142993620613984
-0.234187183252319 0.233616413640539 -0.191000270070447 -0.0628842177548646
-0.291831500167304 -0.035424475945914 -0.00132471151685632 -0.163800004842273
-0.0333281372350137 -0.269392196580336 0.118008966953865 0.0212906911697233
0.261371164114603 -0.00472515209388254 -0.0715330426504612 0.0975501455555896
0.07925716076508 0.307615249035215 -0.121291024274029 -0.0842369120176641
-0.225277127867269 0.298101858243859 0.0687422424120257 -0.140593287338126
-0.278202755244224 0.24917615341904 0.153570949350832 -0.138948097697306
-0.0900319907742748 0.337196585789542 0.128097201758749 -0.236262926679667
0.257509886860212 0.227997742357271 -0.0252995502738976 -0.303661525013329
0.290171599491197 -0.170638028834759 -0.206458498421501 -0.15062265906785
-0.0580322867380958 -0.286889411568425 -0.177037213885873 0.0894496952851204
-0.231835313744332 -0.0769546800552819 -0.0105948009372789 0.162325556804468
-0.192393335349404 0.126175647153493 0.100842178364011 0.0911244932248595
-0.0435862707680058 0.195321893664231 0.0764156431544711 -0.00928620753535347
-0.112190111184847 0.252120781338823 -0.158773875243185 0.0164268045858213
-0.321388702383928 0.158828346057755 -0.120704599404081 -0.180358736099102
-0.321860874158604 -0.161002329262975 0.120223139205048 -0.233700401935607
0.0554110165029758 -0.363400836024845 0.252525465107408 0.0183074382167056
0.347435587847641 0.034810955717338 0.0507298841110816 0.168949639695836
0.0720742194399977 0.369958558458319 -0.0890177200054618 0.070157158922755
-0.273511307161882 0.321547460624848 -0.0257878712117159 -0.00380314310926192
-0.317350695493738 0.281001392851261 0.0330014610923975 -0.0280373962575785
-0.084150186015124 0.387184106930802 0.0715030261279673 -0.0966158496959608
0.30690489644532 0.199774228437591 -0.00261559029199719 -0.212353551629832
0.225754269489078 -0.282791248327626 -0.210969294634886 -0.122414793179606
-0.238171012256646 -0.296981179793956 -0.194952610776635 0.154110582225857
-0.339631599063614 0.0501290805744274 0.0413862263721048 0.227396444102341
-0.187942582092053 0.248038106053165 0.168099195357472 0.0797245561359934
-0.0167705886582582 0.256526875778023 0.112233911721883 -0.0924639512477539
-0.142750136699031 0.173323924019223 -0.0987223702177479 -0.0610052987527587
-0.286954231008088 0.0293296510073008 -0.0266716068151027 -0.178852396154667
-0.179988271485572 -0.229095039089443 0.17748643043315 -0.149123934499795
0.182651361423475 -0.286804809458792 0.238289499609124 0.092371540292146
0.338702402677061 0.130498291253674 0.0473146854484699 0.234978937759093
0.0446955985469391 0.380527747856769 -0.12060229472641 0.19780017928408
-0.268402901141134 0.301913896479284 -0.138540578121643 0.119790804903221
-0.307594147405659 0.273122463952122 -0.0922866608364338 0.0890068555528658
-0.0816561029471948 0.373991859151858 0.0318764115266897 0.0667324855763337
0.265678511446655 0.17776728959066 0.100266436802161 -0.0888353140337896
0.144644882159263 -0.234244950373055 -0.0825145335375878 -0.114437756045434
-0.259045165826615 -0.193586864199895 -0.10297061550919 0.110523262973015
-0.286121293224867 0.140349690260259 0.117317872771577 0.153551180754213
-0.115780978404744 0.284016822607724 0.19384581129601 -0.0183611643979434
0.0156606146866285 0.262494336979739 0.113018308982623 -0.205711431691033
-0.126476753219982 0.0846036896446501 -0.0399943512927366 -0.0742845794822033
-0.171300094915043 -0.0515916928202436 -0.0275270630180374 -0.0913755316856352
-0.0228769345029428 -0.162515585417102 0.0536881026566146 -0.11995366592714
0.180347679819138 -0.104224039094837 0.173541772436115 -0.022002291732871
0.199435169012428 0.17893364454653 0.0893583398583972 0.188524535245818
-0.000300543357334133 0.308256428830632 -0.125934002744577 0.272709274002685
-0.214519526285051 0.242874472512126 -0.230445216826581 0.219017258269352
-0.249154269097411 0.223531932454139 -0.201867455713685 0.191980148283159
-0.0781474890811365 0.300048835284435 0.00550161829631868 0.213087939796043
0.175389152572795 0.155184555238443 0.231150712510296 -0.00800977503065297
0.100764667550872 -0.116069625896654 0.0378997396565049 -0.212830732174177
-0.152258610995797 -0.108797448763086 -0.110694267517379 -0.0236858838458347
-0.163999362153311 0.115444779683931 0.0791034599879757 0.0633577077745543
-0.0504164319762516 0.215943541661869 0.150589675195729 -0.106947739122746
0.0243130733381192 0.205486945700206 0.0835407328275615 -0.310164194391571
-0.0795659049604054 0.0240214351973351 -0.00588264095758799 -0.0535211724431834
-0.0750856703556336 -0.0581874474354069 -0.0915847449636354 -0.0177120195873811
0.0248556003844054 -0.0806604903195559 -0.0602013781637799 -0.203854681448688
0.103635201409061 -0.0132068185097699 0.247199913515281 -0.153456591569243
0.0764742733936893 0.124080260951819 0.203014928359452 0.194648959817312
-0.0132556369664999 0.179176646626253 -0.0979685763253079 0.333711800781374
-0.131245332398491 0.147982069419899 -0.281177664365493 0.294773090847971
-0.153357597209475 0.138317919902557 -0.28012375572398 0.266758443232477
-0.0634186193893785 0.178525619865919 -0.0259238135841073 0.310221172497485
0.0727155293687894 0.108774517020812 0.30845767164697 0.0423667533859764
0.0596727589457536 -0.0166789028553111 0.0858500965917896 -0.292999650838341
-0.0457500579610033 -0.0501595297003685 -0.172334823277545 -0.101065059161878
-0.0655111152474473 0.046176492993625 0.00618047920974391 0.0443086289945456
-0.0197734831857097 0.10186944897312 0.0973856254480744 -0.137769254043168
0.00470266852108156 0.105247137118256 0.0557320357633287 -0.375456997878337
0.0307296718060237 0.00352358434777206 -0.0609862758513075 0.386511833394844
-0.00214293836101408 0.00226636038060464 -0.0761889025339988 0.13627689196823
-0.000275855073900209 -0.000505432332150791 0.0438775528410083 -0.0376317139663565
-0.00308799785710522 0.00198829968794513 0.191144236628867 0.132160692453889
-0.00317902269536039 -0.0348615279178912 -0.112044558483229 0.297558224202919
0.0122116075896192 -0.0411591476796345 -0.32930460416346 -0.0987448703339767
0.0346547063085186 -0.0231719378258027 0.0695443009160034 -0.366051686639449
0.0381171862891682 -0.0265014369571173 0.310258017965035 -0.293778443787976
0.0297199103521208 -0.0370970268151644 0.282550543000774 -0.343971997878295
-0.00686659986378925 -0.050128454337442 0.0485767264516764 -0.376858894451954
-0.0462203315377076 -0.0202645205833794 -0.299928786779996 -0.196999573627421
-0.0319563927777733 0.0451338867863162 -0.280199038766502 0.226999980085533
0.0113174965428047 0.0328322299326748 0.128991406650469 0.242094476403423
0.0253483909119687 0.0185595663723988 0.140057320021176 -0.0354897632076099
0.0316136661568754 0.014685404045341 -0.00675123682004175 0.0339996910924704
0.0447480936930307 0.122916626197184 -0.095670701655325 0.357383219882265
-0.0394186740570841 0.110139126737694 -0.10750420899768 0.116614624391467
-0.0719759044051656 0.0212174014912262 0.0402383744070373 -0.0338184540730397
-0.0266314652759794 -0.0684179643803322 0.161807086362609 0.156677410996322
0.0819869762346997 -0.0412528787308558 -0.160660690613811 0.26089939449125
0.0645231088101927 0.0753230193107085 -0.29562212025862 -0.145080378851476
-0.0406143393086555 0.118572025606903 0.103651495728792 -0.344265223857802
-0.0855784543980807 0.085602163771871 0.298353677606606 -0.284230035892451
-0.0418701536132619 0.102876855429659 0.242839717871533 -0.361279231790555
0.0199627710087299 0.0942921398029647 0.00209538892083364 -0.375489716683162
0.0419662968434987 0.0506369484779159 -0.299026574825306 -0.135585664612838
0.0461166590631386 0.0295645265684807 -0.195269167859995 0.246688259858967
0.0285060683139332 -0.0289252543632195 0.14421501432234 0.186369307713165
-0.0350923602212775 -0.00772726174507915 0.120044857429905 -0.0322136631045789
-0.0145502939209209 0.0594815507263272 0.00219530331669914 0.0306733493608559
0.0240727447871507 0.224275822808062 -0.147336737267917 0.276177864798891
-0.113269384713666 0.205036036614313 -0.166971727429903 0.0605436157879015
-0.170377843785728 0.0233455043658657 -0.0018730985492841 -0.0571998676551946
-0.0418364384613601 -0.152711989521753 0.100160249334499 0.128576351225827
0.17186930565368 -0.0266207332067046 -0.174340726032067 0.174451728839402
0.0865014858460121 0.202630613854866 -0.221626366660077 -0.157606467753177
-0.134226496386447 0.234096580334478 0.108167308267549 -0.266928766817751
-0.195528924720283 0.184471850530393 0.243494601529964 -0.23153276630002
-0.0787545849840363 0.236858982184223 0.185135032532711 -0.328954602288906
0.130330988420819 0.203712228388935 -0.0258494714726027 -0.345551258680769
0.204980894642427 0.00515090479496157 -0.22474575201697 -0.100694690912525
0.0754818020277033 -0.114965834444787 -0.10710166419624 0.161585027916483
-0.0584516926730884 -0.0963420577789005 0.0763211936525655 0.119557320892224
-0.121918070142349 0.0235363617687357 0.0852832975635662 0.0233202594572334
-0.0422552071514339 0.122098395503781 0.0342467270904774 0.0252119688081995
-0.0362596609331642 0.276908724146929 -0.179801513720081 0.151487026907849
-0.228606708852698 0.241597349173775 -0.194552544028506 -0.0570229166490756
-0.292425283028821 -0.0268390727673317 -0.0059961256283686 -0.163116723026102
-0.0404684741033849 -0.267385788291372 0.119327793734197 0.0236090121597108
0.261795777822907 -0.0112126253257741 -0.074741887517179 0.102336303783097
0.0859487543252068 0.306497327498232 -0.128270543703451 -0.0830370617769843
-0.220492601208205 0.304341477903524 0.0663520091642654 -0.145007139934679
-0.276684096050604 0.253678304665185 0.152849787346825 -0.141366277186759
-0.0851773266347666 0.33846434111418 0.123580163337535 -0.239024985765081
0.26019243960951 0.222091806789083 -0.0328218064544239 -0.305183464152249
0.285021759474635 -0.17789951179458 -0.212596278203637 -0.14827291759102
-0.0671431558312329 -0.287287895415797 -0.176835707467737 0.0955693920487533
-0.236757168281623 -0.0698032718822204 -0.00682290234177133 0.165527784085858
-0.192302565823284 0.133354729002422 0.106119910891034 0.0891333880567348
-0.0397453366831039 0.198730023918283 0.0790946056699138 -0.0124965892002509
-0.105897908876067 0.258336609675522 -0.161692453467251 0.0223372044239005
-0.320323116466467 0.169151588891486 -0.128089597945449 -0.177092910123265
-0.326179432420278 -0.150356410480268 0.111661669783547 -0.238155058050978
0.044387310815526 -0.364186861253093 0.252347551828556 0.0109388370975925
0.347637361092968 0.0271577981715696 0.0532715016275373 0.167755885921655
0.0792992863256944 0.369310250440014 -0.0893249413363084 0.0704908258595551
-0.269404768665551 0.327605527455127 -0.0246274524361196 -0.00422185183382121
-0.315259617216542 0.286805782224635 0.0336672181425172 -0.0280721891541684
-0.0792712219310925 0.389862235758252 0.069585777553866 -0.0977767193240506
0.31052565747202 0.193427652398292 -0.00748104580181969 -0.212649902628158
0.217557747863675 -0.288474496160221 -0.213260994085138 -0.117281632661274
-0.248524378378955 -0.292096460126647 -0.189829483261989 0.161614732590136
-0.339595031644417 0.0611817988048706 0.0509361389736973 0.228628445026607
-0.183901377409281 0.25616456662416 0.174143877272936 0.0748468123228299
-0.00885218145067099 0.259460469253449 0.114084749533859 -0.0987019400606744
-0.141192927788045 0.179757592383702 -0.103014553946228 -0.0584052996009037
-0.290246043250162 0.0365334094074845 -0.0333886555387883 -0.180400442131101
-0.184977933714376 -0.22531748100875 0.175332222604317 -0.156678817194359
0.174765121979879 -0.290998957629511 0.243350451672613 0.0856819396153364
0.341450372254061 0.123336900824713 0.0533513111531922 0.236115354886354
0.0504985955347873 0.37806393977105 -0.116107140716337 0.200778133924535
-0.26524938389422 0.307291813378351 -0.135553548830977 0.12216058885501
-0.304253746872292 0.278981211991706 -0.0912371456548441 0.0911358829499419
-0.0750527863481648 0.377137477639284 0.0351954340432149 0.066674092336319
0.270261517846433 0.173102789786075 0.102447957466968 -0.0924777381088507
0.137422448593947 -0.237011791845544 -0.0815283869613191 -0.117638935855135
-0.265345613538302 -0.186293553272453 -0.100870920126861 0.11034212976894
-0.282714996136482 0.149099421443843 0.123158583635099 0.150462642301427
-0.108211132683344 0.288890892523703 0.196109930905758 -0.0249480553096087
0.0229325452253508 0.263842471322084 0.110632048307337 -0.21368660732259
-0.126889145181095 0.0893668054299172 -0.0431359615667158 -0.0742016268471233
-0.175834424038195 -0.0488634150391804 -0.0294265918819108 -0.0917655752822068
-0.0259489233788949 -0.163027036827022 0.0523392862053455 -0.123060713204968
0.179482227165742 -0.108457334416626 0.173125551612622 -0.0249418599147432
0.203214907232579 0.17604207722606 0.0926729111694489 0.189102172680132
0.00422275629760714 0.308132562891816 -0.120165075227504 0.275923098640569
-0.212623569004878 0.244771853600477 -0.226114984421266 0.221813732940007
-0.245888561606251 0.227861308567136 -0.200152985468792 0.195940492289897
-0.0723055608806677 0.303013777384813 0.0122910825719885 0.214614514548544
0.179569308587385 0.152476482273032 0.236931281704971 -0.0168529630052956
0.0979809233371307 -0.117292109916174 0.0332052498537406 -0.223288239569107
-0.155899574602062 -0.103607374730424 -0.115890968698225 -0.0242341498788335
-0.160641677472306 0.120261418237195 0.0796835877370464 0.0621172391347781
-0.0435758960550339 0.217970662454136 0.148896394022863 -0.110645745192586
0.0316533336279502 0.205927193956693 0.0772484166085538 -0.317055592359378
-0.0815147778800761 0.0275224233382035 -0.00768188659634427 -0.0540367335425933
-0.0784570360852097 -0.057747678753938 -0.091269435891427 -0.015718081246003
0.0231203892475629 -0.0816964926813954 -0.0655046182531977 -0.201866117761735
0.103556464354342 -0.0154027060124122 0.241265977029725 -0.159992836354186
0.0802498474152289 0.122448903018725 0.204006528536318 0.191098465736592
-0.0108274531074833 0.178067753122084 -0.0926076652676342 0.335914801271181
-0.129005196952773 0.148620335848014 -0.274856612224352 0.299004610495583
-0.151813305496099 0.140899627711273 -0.277405240377032 0.272603174300744
-0.0599081429199748 0.180931264361222 -0.0159183187309325 0.312117470273169
0.0752301184246579 0.107970198934284 0.315977295905137 0.0307784831144299
0.0606963583432876 -0.0169542441718797 0.0774588021475405 -0.302577991806805
-0.0473201884612813 -0.0492738254710451 -0.182013801259572 -0.0981408665107084
-0.0635003113984755 0.0480297489251456 0.00414573440034448 0.0466202800109175
-0.0166658249395466 0.101862135937257 0.0938409288070517 -0.139103915602924
0.00714315538415985 0.104887186527004 0.0470478987275557 -0.380743753153948
0.0303137513008924 0.00326565966838875 -0.048425391458657 0.387029901953052
-0.0024913882915964 0.0030472294197733 -0.069857297245606 0.133858710410064
-0.00111824524806153 -0.000801196694422871 0.0454285575551679 -0.0418982931776419
-0.00270996822208872 0.000960982723077672 0.199372032972361 0.127412801293214
-0.005227546228457 -0.0358215931019586 -0.102522575885802 0.303210735895785
0.0111665376038703 -0.0417845117848562 -0.335798125904318 -0.0841619400392073
0.0341277328540795 -0.0243222120042536 0.0578520572808422 -0.365385701832818
0.0378720411647295 -0.0271610309681258 0.303699830227385 -0.296091919844709
0.0290704367840178 -0.0375974270458675 0.273185721869559 -0.344099992870732
-0.0078567059771519 -0.0505172536666111 0.0393388230355645 -0.373739780170011
-0.0458841586117295 -0.0180828037593272 -0.298509376001896 -0.18428041936993
-0.0290758911732575 0.0464149101322806 -0.267467544681214 0.233963578973653
0.0132715607434941 0.0328911602793964 0.13470901906141 0.234781743755007
0.0243318830851382 0.0178760745532971 0.136400098476407 -0.0408509933367101
0.0319605392520846 0.0137796607641121 -0.00476158491205777 0.034328376791575
0.0483255530386682 0.121376285470288 -0.0855355398040338 0.358910919219045
-0.0359553288979654 0.110404461598829 -0.101268319743916 0.116807103211713
-0.0707494632130618 0.0230768130867584 0.0423661276159245 -0.0367839498986565
-0.0289822158054121 -0.0672178589916298 0.16932832344659 0.154366995035095
0.0799765375409081 -0.0449129714888507 -0.152149454080928 0.268359316707563
0.0669282233709781 0.0724579498250616 -0.302201071850332 -0.131986284527939
-0.0363167220830883 0.119234712748201 0.0915319681027496 -0.344373857451614
-0.0832826094852972 0.0861384031176083 0.291795963532466 -0.286360700175141
-0.0390047801297095 0.100871087954341 0.233842623206527 -0.360918695140802
0.0216593308832422 0.0916952702780121 -0.00672845011286227 -0.372007755723169
0.0426366436486514 0.0483107444309243 -0.298433335429087 -0.124838045208332
0.0478493550250662 0.0278726057712639 -0.18399331054033 0.247822670280785
0.0282132789719113 -0.0295611116993683 0.146565342268316 0.179338900025933
-0.0370797249314265 -0.00611710196452436 0.11796412907182 -0.0353209156300591
-0.0115795167659153 0.0596331772588318 0.00395507132922744 0.0310880314559199
0.0315732316344921 0.222795954135235 -0.138634767037598 0.281382097109698
-0.105515883991541 0.206947715019836 -0.161800022141997 0.0652122359132338
-0.166357227187962 0.0287473580756978 0.000145081181798124 -0.0565067822034937
-0.0454908047361552 -0.148869163020996 0.106319552789982 0.129945440497397
0.169236899491576 -0.0327898443709664 -0.170607441294291 0.183940619889827
0.0918823352665696 0.197992260869632 -0.228914395146365 -0.148794528517008
-0.127642881903159 0.234157514614361 0.0988074509109047 -0.268403951190603
-0.190287346990304 0.187567951666003 0.238388369504481 -0.233283733266914
-0.0742867806356405 0.234919584621797 0.17573382294503 -0.327848329300279
0.13306681505362 0.197364399497393 -0.0328528203017589 -0.34151298667609
0.202180308980014 -0.00029197071151481 -0.224909074556236 -0.0964233392737004
0.0714280412584168 -0.116261573709633 -0.102717931553479 0.16162435113251
-0.0617779807037062 -0.0947533694166214 0.0765185785596009 0.117570237705859
-0.123470656148383 0.0273843377661376 0.0858312271701263 0.0218067454956094
-0.0391077066048862 0.123157844426753 0.0360334759773899 0.0243481603562817
-0.0264260031100303 0.276365491124466 -0.1756784620481 0.157909564540427
-0.219262271182772 0.246162720805992 -0.193917410253274 -0.0492456052810277
-0.288953445305734 -0.0163015831738197 -0.0102126336786176 -0.159573498459264
-0.0474562752733261 -0.2627354359575 0.118845398043712 0.0251675171128742
0.25800432216947 -0.0170123592155558 -0.0762491735469308 0.106819367114968
0.0920637401464544 0.302081878124624 -0.131373654028924 -0.0806898469269401
-0.21248060227977 0.307542613878339 0.0617615722245074 -0.146402483743603
-0.270810147080575 0.257257451064122 0.148575851135997 -0.143075591334824
-0.077804389671888 0.335825018695582 0.116323890393015 -0.238588100549634
0.261966192287363 0.215067002574609 -0.0395453598122946 -0.300978054332909
0.27589772161105 -0.184086680452553 -0.216169484010293 -0.141170132486819
-0.0755272126340673 -0.283715421778383 -0.173784228496347 0.101221481060158
-0.238600091444324 -0.0632151942333748 -0.00102099480669031 0.167293667863287
-0.190281979550391 0.13842247361637 0.110436966243492 0.0854611041561437
-0.0340748005824729 0.200905876167744 0.0805283754758287 -0.0160316814810246
-0.0974369801962692 0.261448535911302 -0.162432868584781 0.0291958479981786
-0.312677842960935 0.178010740219438 -0.134227198940439 -0.170649424663876
-0.32696280200639 -0.138094547165792 0.102160241661065 -0.239408328005889
0.0348057837147236 -0.359624204446983 0.249869070482078 0.00477364744295446
0.341990816913747 0.0201760590117274 0.0551139210970494 0.164672035958057
0.0852304846330973 0.361822769132829 -0.0874651211294037 0.0707760071471969
-0.259682561380798 0.330202322477988 -0.0235986598615205 -0.00581817894980512
-0.308382646382928 0.29043072792704 0.032928132618936 -0.0276753711638598
-0.0700267230153424 0.38883942720144 0.067149632533437 -0.0973058559040029
0.311844631813278 0.18491235321682 -0.0115511483130888 -0.210461617166449
0.206130528270175 -0.290419492087565 -0.213204273514341 -0.111034738847669
-0.255179450357001 -0.280544642809368 -0.183115379699424 0.166514524497189
-0.336030565350922 0.071785240067781 0.0597044436028047 0.225649388154239
-0.176312606602967 0.260028248575126 0.178673969526695 0.0679945924690103
-0.00193063205121331 0.259507349015257 0.111740542821954 -0.104460033213256
-0.136412971389331 0.184334211121105 -0.105887055420003 -0.0541340152528236
-0.289958438957025 0.0448477732653394 -0.0402591165564435 -0.179303145690068
-0.190023574183276 -0.217565469382507 0.169441934305006 -0.163108559904562
0.164441917877371 -0.291480341113326 0.24527112560188 0.0784131558710721
0.339097932695907 0.115285218189872 0.059866303023391 0.23340957635004
0.0566254026427409 0.372067944402759 -0.110181665596141 0.201816861943138
-0.258524463420828 0.307417824653013 -0.130675757100909 0.122508236214813
-0.298215472579893 0.282221489123989 -0.0884095332538598 0.0924000259515526
-0.0662993722581599 0.37504472502086 0.0384302704610324 0.0669217648019327
0.271540588825573 0.165389466346115 0.102805736364862 -0.0950257832660555
0.12951629665233 -0.236459260607041 -0.0811036489989257 -0.118447242478055
-0.268456319022666 -0.17473374258769 -0.0974614252219876 0.109758961189114
-0.275008767907403 0.157487848507713 0.127103716310632 0.144885435138804
-0.0989790293565918 0.290256285250762 0.195864708690882 -0.0320397766265219
0.0313550243047539 0.2620536237284 0.105618933476291 -0.21871966090412
-0.125741888606474 0.0943786280605926 -0.0467326202968785 -0.0726633971197598
-0.178427348409425 -0.0437480498687547 -0.0318359086472011 -0.0905124239514749
-0.0303101390401524 -0.16164639564557 0.0495039029155143 -0.124285008342979
0.17510487778729 -0.111134007504613 0.170169338923742 -0.0273276256015747
0.205479377616595 0.169184347661223 0.0939775973179532 0.185791731702828
0.00894624189096765 0.30341709972562 -0.113766317661048 0.275263538612998
-0.207513474832745 0.246282299066799 -0.218010993535117 0.222393603558751
-0.241458994081281 0.229872411867767 -0.195147260923504 0.199020028885359
-0.0644854731999149 0.301985395999852 0.019542069611199 0.212383371940812
0.180353026924135 0.147186844182863 0.239812382605384 -0.025890848569445
0.0940558120588206 -0.117411883682639 0.0269616999616676 -0.229143361089364
-0.157351273882946 -0.0976251371638592 -0.120729567509243 -0.0240221773926486
-0.154943603113798 0.124729267636796 0.0790303210413939 0.059995369715316
-0.0354557201802965 0.217426514369925 0.144874851502644 -0.11417136113403
0.0380412801028191 0.202446091835398 0.0672396860023892 -0.320173762438283
-0.0822551698360542 0.0299602723806638 -0.0102690882331548 -0.0543389166147429
-0.0800016860495984 -0.0563266559448997 -0.089820637114893 -0.012213540625789
0.0210384851585413 -0.0811584621551664 -0.0710546858088345 -0.196084658078416
0.102011987592446 -0.0178541285315989 0.231477509855658 -0.164487616158801
0.0823402112821535 0.120028667957803 0.205331937424874 0.184603731748643
-0.00782980304831286 0.176017509571125 -0.0850252493298678 0.33320324306216
-0.12685593307107 0.149505067297613 -0.266430056382433 0.298489211300121
-0.147688496149971 0.14230790404431 -0.270843817192069 0.274536640525937
-0.0541361480748653 0.180681077299396 -0.00665592482909595 0.31071645675694
0.0764189191382656 0.105739795496663 0.318834430355027 0.0169172387357564
0.0597085138290449 -0.0173573124777529 0.0660738746528885 -0.308444723174258
-0.0486544743706292 -0.0467444642263087 -0.18855362663006 -0.0929383332424158
-0.0606540975237583 0.0496675339970572 0.00301310335129381 0.0484630238099502
-0.0123882804835099 0.10103633540745 0.0886290210262923 -0.138243055101773
0.0108249094690564 0.103217761159972 0.0349836438090043 -0.381849699381627
0.0307366269895762 0.00229807903149876 -0.043354132931646 0.386258873562912
-0.00233450248515266 0.00507537547905453 -0.0662326001690962 0.130742357269714
-0.0011860492100949 -0.000249919503774302 0.0475107609801465 -0.0458110207966047
-0.0033898412266915 0.000106188053831054 0.204557060696269 0.124587753043291
-0.0059096617333271 -0.0374313637089927 -0.0954714633119078 0.306924891824844
0.0114273214344543 -0.0422686050759779 -0.337920790171787 -0.0740171713482826
0.0347912192249032 -0.02433731433625 0.0497837978530826 -0.361814585629594
0.0376581435786209 -0.0268939071627841 0.301446526994469 -0.294673121159925
0.0274717872413847 -0.0372043894800709 0.268848181916085 -0.340626707484329
-0.008571887403286 -0.0499539956839248 0.0363796427625203 -0.368589245614925
-0.0458826823671379 -0.0182633777555656 -0.294151426052665 -0.176043367285289
-0.0266625197462507 0.0467419205510393 -0.258295490939073 0.234254131672719
0.0137572123454798 0.0319098298364815 0.135251160576056 0.230077123087295
0.0241141000222105 0.0176521382425055 0.134060877413937 -0.0427945476370167
0.0327573581515939 0.0135118207426131 -0.00399022337538644 0.0354034523310277
0.0508718646554046 0.119309364903797 -0.0788804966955953 0.358195228587439
-0.0337147404866846 0.110389408617367 -0.0958910003256735 0.115089922234821
-0.0693487765636154 0.024259264504896 0.0453679283933973 -0.0390106742208684
-0.0295594453944766 -0.0663439465318857 0.175316789489297 0.154033731850114
0.07759668378434 -0.0467800732219332 -0.147272131706391 0.272949785562814
0.0682687021191966 0.0704678237513264 -0.305407329756488 -0.123562247656946
-0.0341663732316377 0.118561980819802 0.0849214124885244 -0.343482738934223
-0.0823249111035655 0.0865578793026803 0.289168079829719 -0.283807612070522
-0.0389615728889417 0.0994414586600646 0.229254068507623 -0.355570121965232
0.0221810259501045 0.0900780144986918 -0.00788671646437407 -0.367640201305714
0.0422618582396424 0.0474041292740879 -0.293310344262568 -0.11918703322357
0.0484968360238258 0.0269747740523365 -0.176682338867489 0.245979369711012
0.0271990713088618 -0.0301622925851726 0.147044650964446 0.175391859999126
-0.0393195379376198 -0.00540737702076876 0.115311029401555 -0.0374156147934851
-0.0113422123610734 0.0605787052928265 0.00455152249502786 0.0313895710653798
0.0352850051507672 0.2203978315514 -0.134215229851887 0.28197177877271
-0.100550568478936 0.206333007531041 -0.157491244117641 0.066722249624335
-0.163160324664122 0.0304522252776985 0.00280290227043733 -0.0555634629028982
-0.0470814380736975 -0.14619357551339 0.110045759439377 0.133058032941286
0.166276469347709 -0.0349060611920244 -0.168990914090782 0.190384167956637
0.094194061450877 0.194222620056624 -0.234220155407229 -0.144164478273454
-0.124368364355695 0.235225806033673 0.0948703218172346 -0.268339657608115
-0.189086534425895 0.186266878532632 0.236060780464378 -0.231126693526767
-0.0728647135714522 0.231351243862541 0.171016559150865 -0.3244308593234
0.133333593703134 0.192907577272687 -0.0366625336625375 -0.338768953334987
0.198690575455846 -0.00256436953986623 -0.222733541743253 -0.093773618064386
0.0696186841963989 -0.116352463962514 -0.0997401692283054 0.159703049597292
-0.0630226784343652 -0.0926081716290909 0.0768896634850477 0.116175256591914
-0.124497331267551 0.0297542924206615 0.0864447225985279 0.0210973577075286
-0.0383268436203945 0.124907240562171 0.0378132506574585 0.0236959785981545
-0.0207921885935009 0.275510304956231 -0.173222332788729 0.162267592852114
-0.213273611030123 0.248447799379019 -0.192485103757758 -0.0452089397285077
-0.284388283997568 -0.0115314252599765 -0.0114787417636655 -0.15616128050194
-0.0510926136173809 -0.257733323993461 0.117469494700695 0.0286441870052072
0.254750681815633 -0.0196485829338995 -0.078477372040076 0.110042369372221
0.0949161534865973 0.297672611784596 -0.13520140096197 -0.0798254489869015
-0.208274463082242 0.306945366382243 0.0600522087670645 -0.147214817438341
-0.267777909737837 0.255555375866565 0.147739921837334 -0.142250154306804
-0.0769077619098704 0.331735900835403 0.114176870050559 -0.235867334700751
0.260407574099463 0.208646436306799 -0.0417127268321362 -0.298525368526212
0.269806632900356 -0.184366807088736 -0.216752573714704 -0.137943464805576
-0.0797435210340181 -0.277865802359724 -0.171739458841845 0.104220226906254
-0.238986730515759 -0.0590133846746526 0.00318368757973205 0.168273811088758
-0.188773167828461 0.141678642050758 0.113092543836605 0.083382279970866
-0.0309905357722897 0.201696622322261 0.0818895433570958 -0.0178924078183685
-0.0925648065883118 0.262349993924256 -0.163135119748629 0.0334905285198241
-0.308817835549343 0.1816640165117 -0.137375941612599 -0.168350842297679
-0.325273957615614 -0.130785671693288 0.0969334797164886 -0.239494537586184
0.0281355074641977 -0.355307093736526 0.247767721359474 0.00167224216190527
0.337469589695726 0.0177104467178225 0.0539841389807439 0.16325403211175
0.0862876392314647 0.358633466160835 -0.0868681550475469 0.0691612554571995
-0.257547578350041 0.329271247591592 -0.0226929237642798 -0.00670958081730597
-0.304906883373776 0.289537974633864 0.0326508468601325 -0.0274322463848144
-0.067690855573702 0.384615340444727 0.0661131986486142 -0.0958536960333565
0.309324222867792 0.180353319021842 -0.0118917106383277 -0.207108799012935
0.199159180645246 -0.287609011956174 -0.210886700599214 -0.107474942847518
-0.258411040803301 -0.2732935010178 -0.177976154566141 0.168661718325604
-0.332597960744888 0.0776166363334126 0.0658075360044855 0.22369350125978
-0.170744017094918 0.262713230558597 0.180290611950989 0.0636279135138632
0.00187273298811961 0.258782617536119 0.112167646891898 -0.107395080419068
-0.133513468813321 0.187090684098019 -0.109099181862994 -0.0503650327856978
-0.28959381103998 0.0484203885171434 -0.0445711751217339 -0.178202829048244
-0.192246181796935 -0.213321103595938 0.165784716125113 -0.166340131397796
0.159525099920794 -0.290508822845939 0.245610287910241 0.0728725832014494
0.336170949516551 0.111173821533161 0.0619090719632046 0.231371561988441
0.0558767720824615 0.365369166751994 -0.108089195694394 0.201260592043229
-0.254901469628099 0.306047083417966 -0.127626371398606 0.120838185834637
-0.295469037096767 0.281998900385865 -0.0872235533671951 0.0926458453465578
-0.0630258782176289 0.371943452847803 0.0396189860687159 0.067291396287234
0.270138156838524 0.161123856003842 0.105337131086481 -0.0958482742083908
0.12415065990856 -0.233669389625854 -0.0784792395453519 -0.120903148499626
-0.267839412109762 -0.167775116706256 -0.0959602319573743 0.106835327026662
-0.269605117247473 0.160874923625945 0.12856137312144 0.141169389158157
-0.0924887248772861 0.290035956025308 0.194624709976771 -0.0365237020987072
0.035812145121311 0.259395523079574 0.103624481025858 -0.22126589981737
-0.124586948025614 0.0959232289308519 -0.0485363158866142 -0.0714956491876793
-0.179618635456291 -0.0418754079281626 -0.0328756883389822 -0.0900470351405435
-0.030584215268344 -0.161532907927993 0.0491001663560764 -0.124352210433715
0.172154902692089 -0.111355783551767 0.167580179635519 -0.0270309788535345
0.204607523596976 0.165995253906165 0.0939343976705487 0.18534447750053
0.0093919077126362 0.297457411601628 -0.110579884068414 0.274468698514717
-0.204709158569634 0.244468765269913 -0.214475925584286 0.220720983323967
-0.238060805149817 0.228051382153888 -0.192725283081893 0.198370200626008
-0.0607877622595842 0.299174748104713 0.0240402073899569 0.210701140851749
0.180404048678239 0.143456360555562 0.242036909295612 -0.0318188012411082
0.0915491569013736 -0.115366622761807 0.0237557734801256 -0.233033715448844
-0.156479089011795 -0.0934512167361968 -0.123858881595817 -0.0244196529929026
-0.149444183857483 0.125550549416419 0.0773047623385492 0.0584682324698229
-0.0322903528650237 0.214873104444589 0.141832736590701 -0.114928588933867
0.0413900364384619 0.199752186613776 0.0641728346444716 -0.321270417842761
-0.0822287280799211 0.0317077772769952 -0.0108060010592555 -0.0538574726261072
-0.0824460691656947 -0.0558510160568809 -0.0872560590955612 -0.0104572802371179
0.0198334996629185 -0.0816574617396213 -0.0735919533418749 -0.192620152771094
0.100668411123036 -0.0189038357084177 0.224885871714166 -0.164690130563843
0.0827416967577879 0.117777773388728 0.202109108619927 0.180624436483722
-0.00794541745918423 0.172822902595162 -0.0820647493246012 0.329728539600979
-0.126035738483379 0.147976028605134 -0.262366644878809 0.295073525664183
-0.14602478890134 0.140669960426353 -0.266020518538163 0.273370847390953
-0.0522469356897633 0.179165402954212 0.000173703675034853 0.307290608767548
0.0766615541324559 0.105280759556567 0.32098699410388 0.00871191975701078
0.0596657278733366 -0.017724041141366 0.0586340647992036 -0.312464316106832
-0.0483867248236801 -0.0458935469653774 -0.193869259942813 -0.0908412270572076
-0.0585192726110372 0.0497420861166988 0.000536880740833588 0.0490831873245301
-0.0102637331668975 0.0992932560482342 0.0848799483801396 -0.136693441861181
0.0114328358613309 0.10176034492208 0.0298837353926641 -0.381181061771212
0.0309472612386873 -0.00302566254757624 0.0032977725325115 0.392171218312994
-0.000502390785105913 0.00608196382688381 -0.0478534520864824 0.136051404011425
-0.00163110918903838 0.00017004125662704 0.0443238636932568 -0.0543915318270136
-0.00404745664649452 -0.000396435971354475 0.22494201149236 0.0987274647295485
-0.0103286595484329 -0.0374421480283201 -0.0542743803196858 0.320120079983557
0.00719031683761449 -0.0446225535528142 -0.34606147776587 -0.0265440558903001
0.0326761650042766 -0.0292353157800366 0.00292937076642321 -0.365105627183648
0.0355193940029842 -0.0309229242699357 0.266422265136818 -0.328226475502328
0.0234507451696049 -0.0415574268724735 0.228403212788641 -0.370039644208218
-0.0138223328492488 -0.0494351397487927 -0.00701629767136409 -0.3701441356045
-0.0480250717766175 -0.0120788849870693 -0.310821905455854 -0.138308988166199
-0.0194115400105607 0.0496015751917181 -0.226014042195669 0.2651216850595
0.018287466857615 0.0296155418412123 0.163001145645287 0.211121253542298
0.0257019084006401 0.0161053764412562 0.126693521995672 -0.0602292746380208
0.0345228505390918 0.00859246759205243 0.0012111394662106 0.0366073538187892
0.0675342774998695 0.111081393135729 -0.036532700368673 0.370186132162905
-0.0186229853864905 0.11490396488055 -0.0804161678750737 0.125004588695224
-0.0654806504797117 0.0327991751909597 0.0442179910394899 -0.046657054055423
-0.0380376341753236 -0.0628095696842636 0.199461347788275 0.13339087470016
0.0710129844818558 -0.0571289092938426 -0.11050632248833 0.294197731744742
0.0769691206830185 0.0598338454882154 -0.320688766518828 -0.0826859666573026
-0.0188964890305606 0.122458372253195 0.0404881096086944 -0.351346388059288
-0.0721387328702598 0.0952553484181893 0.255985450799198 -0.315966778697441
-0.0272886733178804 0.102879061660257 0.187436371390535 -0.379977813499081
0.0339543029106719 0.0862876960071104 -0.0525787686605692 -0.365335748227646
0.0483357599947896 0.0412791445560925 -0.303032226689143 -0.0815667170653149
0.0536571290349194 0.0207445381162746 -0.14357916602187 0.266216918911022
0.0219811547043032 -0.0346646725700171 0.167146399835732 0.155111123770838
-0.0415954000659762 0.00188515345781123 0.1097934224848 -0.0506139746968041
-0.00322889346103014 0.0626753151887809 0.00804197229897337 0.0307574341724104
0.0659135758233339 0.214551071135249 -0.0995821560097511 0.30263252344802
-0.0719965468786271 0.218895566965262 -0.14768688194501 0.0862867397333777
-0.158228254735174 0.0510017158089111 -0.000615503370975715 -0.0546807029566639
-0.0659176514326087 -0.140435057147863 0.131990448406762 0.123566629331038
0.161081176805039 -0.0557239132064847 -0.144574732179939 0.214479458990365
0.116749868794306 0.180549215413984 -0.252780394314159 -0.112748676864473
-0.0949341159911795 0.249024040971925 0.0606639622476102 -0.278614532853786
-0.166866100713068 0.207573254570304 0.207920886291328 -0.256367288780908
-0.0464330087610457 0.239035197742976 0.132573209054713 -0.342540135542847
0.155259752370197 0.175267220875736 -0.0767556563856879 -0.334351900645666
0.19691244002155 -0.0276641090101419 -0.233029593111514 -0.0675034391718937
0.0557632788349033 -0.126169026625732 -0.0807594328252197 0.171249904945133
-0.0764614616907794 -0.0848549811150874 0.0893886219422702 0.106447303435422
-0.122961206523973 0.0485205799996261 0.0886322813411578 0.0105598359064021
-0.0208414963889257 0.13103513705129 0.0408286048383819 0.0190151342193683
0.0172755441698635 0.278814590947005 -0.155107378740104 0.187227252745523
-0.180033433354063 0.276026972839953 -0.19915993726512 -0.0199366304586022
-0.284843508936092 0.0262218419438546 -0.0300921035784583 -0.150958262627341
-0.0834434747011996 -0.251095111213901 0.12114644240228 0.0188651792687024
0.250718326062597 -0.050762171531392 -0.0685390021068249 0.122025966281289
0.129694927801412 0.284831625740552 -0.146846408045397 -0.0636658443583074
-0.171120675112666 0.33100050428613 0.0417815519523486 -0.156191618677846
-0.237765441366146 0.286295319367668 0.129942754279932 -0.158428911283273
-0.038313174763166 0.341388710956074 0.0842331537849149 -0.248003934462888
0.284746781209148 0.175931561827209 -0.0800328405425306 -0.292454347412075
0.24382102658882 -0.216750466402254 -0.233080229633833 -0.111511485330287
-0.114561935610406 -0.268713528067852 -0.159485772263583 0.126165718057071
-0.247384667516672 -0.0248078651409058 0.0239705936166553 0.167396922909235
-0.170004626428819 0.170705918549037 0.124205727617064 0.0687463618853189
-0.00372750828008806 0.206073905364846 0.0790078086632655 -0.0293941425102271
-0.0573460311391638 0.276813677228036 -0.161873585406316 0.0570805078045177
-0.285997746609792 0.224169866102534 -0.160983206511229 -0.149300922575456
-0.340288317656639 -0.0896172266950071 0.0637490544040761 -0.249892164349528
-0.0165063094336864 -0.359223393648116 0.243819479708002 -0.0287582376109539
0.338021023705131 -0.0223331644691157 0.0710655192047821 0.153409810611072
0.123700596100822 0.344738953353729 -0.0789927278433195 0.0762967050299413
-0.218867775006534 0.359153722797993 -0.0224794868180988 -0.00605888114657573
-0.27122683387409 0.324498013062779 0.0295106699505363 -0.0305015785427788
-0.0235404001318515 0.393257663456881 0.053819519690754 -0.102327425084955
0.330337974802363 0.142372642661976 -0.0355573766462018 -0.204705565397352
0.15987202200901 -0.3106481623605 -0.22126439104098 -0.0810700801483667
-0.293510897395917 -0.239275140399099 -0.155434201878983 0.188641769829136
-0.322217723389794 0.124548487521936 0.0945110793209079 0.213121470202431
-0.135169731460429 0.288493399573156 0.188789940187359 0.0398417983929764
0.0401198120756995 0.258129054374632 0.0981624199582064 -0.122675244504445
-0.108568251071505 0.207335448554936 -0.118401771614898 -0.0357887253684041
-0.285701249044842 0.0876250596645222 -0.0701362727548502 -0.172924158569103
-0.218585269987772 -0.189691927958774 0.142895706286303 -0.188708657709051
0.12346362174381 -0.311105597234739 0.253088082528059 0.040955378817534
0.348473269126992 0.0707338327219805 0.0898464358902669 0.221371019558092
0.0956219614482277 0.355884009136403 -0.0827300418803196 0.21011863945608
-0.221061340243374 0.335521696073682 -0.111196702819278 0.132666869251154
-0.261762000982128 0.314086956632191 -0.0760441807946963 0.102812763661008
-0.0186112468378044 0.380877158923595 0.0490318909798333 0.063231006901077
0.289757409663503 0.128070010221614 0.096971376382031 -0.109063031238777
0.092651844630148 -0.246865240848013 -0.0907679817457357 -0.115377329871065
-0.290856080056002 -0.131782157454702 -0.0836047139292743 0.114669997777406
-0.245051919637066 0.199454674247165 0.143973902491169 0.122587651334409
-0.0525622829808905 0.302581294737968 0.189433304422451 -0.0613706847005636
0.0737823073652246 0.252983989776726 0.0760716140711888 -0.235700956313016
-0.113248094076913 0.115335834855958 -0.0591443932872596 -0.0653633859468753
-0.188511938310028 -0.0183913737337887 -0.044756842718264 -0.0868047196777081
-0.0515322696409917 -0.158462649528787 0.0336495730760162 -0.130719663009057
0.159000788729789 -0.133758664049675 0.164692584778028 -0.0467124801232365
0.224531428961211 0.139989004497904 0.115126784436563 0.173520552437974
0.0420623533899243 0.293326829625429 -0.0788934659116567 0.282813579580433
-0.17839387050876 0.266303676932981 -0.186635431262368 0.241204926212876
-0.21169490025922 0.255220817924164 -0.166372785537984 0.219454904251949
-0.023959203156206 0.306663027575018 0.0512812490256968 0.207913966456762
0.198690851582147 0.122153620026902 0.24105051620843 -0.0655620146480177
0.0761478087096188 -0.126644203800459 -0.00580580604291089 -0.242510510800844
-0.168486855647946 -0.0719815783211431 -0.132382877380935 -0.0109202694485442
-0.129985275271069 0.145655893660999 0.0816387345711122 0.048555010123148
-0.000713182386817822 0.21877384035505 0.126251690285426 -0.131500832667736
0.069795900793206 0.192975684816835 0.0239944306132332 -0.329579512544186
-0.0790942949577198 0.043143860556327 -0.0187251596341332 -0.0523403255205705
-0.0907568275766188 -0.0459952194089303 -0.0873873385406851 -0.000201905073088012
0.00988704514724647 -0.0844286974795472 -0.0973460433972408 -0.181472341471842
0.0981690649964361 -0.0317772751351747 0.202208887051864 -0.190984454644573
0.0972811517182033 0.106510186646782 0.220545463896758 0.15482376646434
0.0101326855403614 0.171829713383199 -0.0459549568328187 0.333439794598473
-0.10871497480372 0.162623927061441 -0.225888996712193 0.320144160295959
-0.130132016090744 0.157661683135827 -0.232560523226981 0.303231844832245
-0.0300410306707235 0.185236198045558 0.0397906631085394 0.305803534428408
0.0898448406820326 0.0971409972428915 0.324111531111833 -0.037754841844084
0.0576503258569799 -0.0247512563827417 0.0167287876604833 -0.325596172189698
-0.054032142622525 -0.0403950613920002 -0.21076903911162 -0.0663550708072408
-0.0505836100660619 0.0575501804684326 0.00502710784862885 0.0510763169482346
0.00484418916506034 0.100072955182144 0.0674312729452972 -0.14303313248457
0.0260439679768985 0.0996828542167749 -0.0175753628063025 -0.384109178394096
0.0326226841890554 -0.00341645378937081 0.0123153322357544 0.402495717643098
-0.000981954859005344 0.007123628897578 -0.045744114784301 0.135741266315126
-0.00248733590776801 0.000268241546645809 0.0459810812426159 -0.0603171636189598
-0.00435357317584314 -0.00134012790385756 0.237768110435616 0.0975467813147159
-0.0119593519334851 -0.0393439394785346 -0.0471902582974736 0.332593847433527
0.00758039861851111 -0.0461202185008953 -0.358125230342763 -0.014048052521996
0.0337530087107431 -0.0305470593296826 -0.00655928983668699 -0.372949434039493
0.0360331128472807 -0.0322612560447457 0.269665903070071 -0.338335118141962
0.0236591433185313 -0.042197543897943 0.231563144001688 -0.377697285059272
-0.0151323159206166 -0.0508673125818096 -0.010469383821473 -0.37707588990926
-0.0499330304151745 -0.0108659576483146 -0.31502519011159 -0.135525250666906
-0.0178237123650517 0.0511989437492065 -0.22312451735912 0.272942008086005
0.0194291005616725 0.029620284094413 0.170821202733455 0.211721664465237
0.0260372339056215 0.0168555269321017 0.126875394084649 -0.0645291173484435
0.0360185158372326 0.00778125417073809 0.00193211368627904 0.0378337400279397
0.0723995790385134 0.112116276812097 -0.0287216700440909 0.380393096591832
-0.0159744323581111 0.117478762689521 -0.0773752946919081 0.125904664845048
-0.0657191752956462 0.0346870718474567 0.0471080172785819 -0.051295295194826
-0.0402736475880715 -0.0630884625205464 0.212823575247201 0.134688687229959
0.0700535277071656 -0.060504353577493 -0.104835847862715 0.3081355602789
0.0804043178441752 0.0589181967005055 -0.334365866670405 -0.0729798631313302
-0.0161985165498367 0.12482480374424 0.0334021942641521 -0.35957081562176
-0.0726759258379913 0.0985947558355467 0.259678429696705 -0.32433132579544
-0.0279017532432691 0.103855692452566 0.18879468647298 -0.388358275936348
0.035195372815545 0.0864280621324824 -0.0554560367055835 -0.371697560829756
0.0494566370648197 0.0417879711406156 -0.307214435811255 -0.0790880540236546
0.0564260847121931 0.0198862238633891 -0.14037232668365 0.27286296972875
0.0220069401600277 -0.0356952426976133 0.171746066073587 0.155276704942799
-0.044327932933777 0.00335671933161531 0.11045832634543 -0.0540211894057432
-0.00299534185320179 0.0642027846660525 0.0108631042161149 0.031508862294507
0.0731537898671273 0.217574988346518 -0.0957281002177253 0.314087087700416
-0.0686834625329714 0.225040394658846 -0.147551170715098 0.0903219809875373
-0.159019406306995 0.055716271581835 0.00242546833226643 -0.0566384127896791
-0.0699319815040556 -0.14095217866992 0.141866938961349 0.128261173237174
0.16222253691175 -0.0610529410556266 -0.144122505443792 0.228899728872806
0.122466104690967 0.18181430652578 -0.264817378221257 -0.108104576548484
-0.0922263666341105 0.256412911356313 0.0551757290068197 -0.287482899498239
-0.168788350339693 0.214181458142928 0.21032711757702 -0.264598663488189
-0.0461539421310101 0.243345736390695 0.132610238712801 -0.350068765595438
0.159898199946925 0.176243036647186 -0.0823055053249406 -0.341444067520014
0.200070717102334 -0.0312995973177697 -0.237489033679767 -0.0665165251929879
0.0549264319706337 -0.130314685570583 -0.0812429860031341 0.174391429348636
-0.0802510603576075 -0.0849224665091528 0.0924705281250646 0.107737740580603
-0.126818243829387 0.0536767967378579 0.091355171576139 0.00899563800086013
-0.0189253745342449 0.135892472933503 0.0438728991853353 0.0184427435114365
0.025015363631454 0.285610250450096 -0.156085396647205 0.197804450119043
-0.177365466786211 0.286587925410539 -0.203560703725675 -0.0147891890166717
-0.287963079226172 0.032827670575003 -0.0316708943453309 -0.151863984971409
-0.0897585619449323 -0.25292907856092 0.125250196966387 0.0218625872735426
0.254692745172709 -0.0554309728631855 -0.0706200600368434 0.129944704017216
0.13532736740645 0.287880218924043 -0.155920909092026 -0.0624714792548006
-0.170096562333348 0.341185499429775 0.0391583029044341 -0.161224439213416
-0.240369283633016 0.296435054291451 0.131303828504309 -0.162694781795695
-0.0372778837899193 0.348817922539172 0.0839003094775186 -0.252711038160582
0.291639345394462 0.176313807602348 -0.0862734762942226 -0.298643324199381
0.244056971818189 -0.223887802239603 -0.24178719190902 -0.109681104681729
-0.123057973807594 -0.271907859729716 -0.162059937626806 0.13333589935413
-0.254788659426595 -0.0195481739253428 0.0292059043781655 0.173262591318603
-0.172172128131977 0.179115165212563 0.131043966955189 0.0680815530194227
0.00075335365349611 0.213014897730164 0.0822583318594356 -0.0330888309587344
-0.050908445577767 0.284519065614965 -0.166271278587498 0.0647002857020696
-0.28862531397768 0.236267341218278 -0.170315222833005 -0.14860769822266
-0.348587795219495 -0.0830403736167087 0.059167664186575 -0.256020463211404
-0.0242199575491757 -0.363658333243471 0.247355539659249 -0.0344371367594293
0.343095802214992 -0.0272147309346421 0.0730577082063358 0.155612709315416
0.130661843792585 0.352175542644107 -0.0810739816728436 0.0778273068324562
-0.219541940043074 0.369780790485208 -0.0229427696381365 -0.00840458522976495
-0.275877351821102 0.334093296484338 0.0301292864423173 -0.0314467913346135
-0.0195652120404593 0.402053911479211 0.0545637181564717 -0.104244978867728
0.33814371282135 0.142059923168206 -0.0382119100178396 -0.208076020857296
0.15807174185918 -0.317211100179147 -0.225317292105906 -0.080252435267589
-0.305119039782305 -0.237208199165622 -0.154016214449922 0.196616371148602
-0.326948576348267 0.135745291812883 0.104271893122888 0.215546350275287
-0.132191004491109 0.299162918486677 0.196703116770902 0.0345066515042758
0.0460381445618852 0.263710735366146 0.0999270017835772 -0.129895097509385
-0.107877889968651 0.216751836696792 -0.12358006286791 -0.0320686895382972
-0.293360325414321 0.0961150672699734 -0.0771089658238947 -0.175481557754081
-0.227087525969841 -0.191129456431921 0.14249460660039 -0.198970213950328
0.119873784752825 -0.319438847123137 0.261701060562344 0.0357760565525979
0.35653761151175 0.0688807905076041 0.096718397647087 0.225336904427033
0.0994472783530929 0.3616229177364 -0.0818988916321873 0.215605228729377
-0.222118466054041 0.344440549479446 -0.111254929132291 0.135281589442415
-0.265494545453726 0.324079513389931 -0.0754604988181371 0.106726546223953
-0.0139047337431188 0.39055521197596 0.0524112864702502 0.0645915820711314
0.297264857104649 0.126931526175911 0.10159420369149 -0.114955104979546
0.091058425499592 -0.252349507829607 -0.0923128623977437 -0.121916604873031
-0.299182414543398 -0.127828442777244 -0.0855327426113982 0.115099719780628
-0.246042436247609 0.20940046644966 0.150209462149881 0.12114522205769
-0.0454868719531886 0.310524756745084 0.193279004464743 -0.0677359364017684
0.080464977715784 0.257930921207315 0.0738806678118802 -0.2467369924551
-0.114932910058573 0.121921258902477 -0.0629961136555657 -0.0649806694166404
-0.195493862399903 -0.0148815260910879 -0.0472453416041273 -0.089563473675778
-0.0563546682495268 -0.162591401654704 0.0323182464991368 -0.134399876720939
0.159936155792113 -0.139458993903205 0.168094881799761 -0.0489240963774016
0.230551467438744 0.140652865011918 0.119565674692845 0.179243275137265
0.043630533254176 0.298413835655496 -0.0771049608610801 0.29022651461996
-0.179472146187611 0.273241351171364 -0.188127054196883 0.247831243004577
-0.214187476925527 0.263939523731158 -0.168809984772736 0.226444108275317
-0.0213323339297718 0.31391841854456 0.0580476304480755 0.211515726969275
0.204133356820058 0.121286858109102 0.249697042706237 -0.0760729932508007
0.076442058815503 -0.129036881827166 -0.01094281476468 -0.254260485489312
-0.172582350453167 -0.0694024482297655 -0.141203099720985 -0.0107310124522805
-0.128177615948613 0.151351451173371 0.0820343316701854 0.0491840424025304
0.00474464344039076 0.223275377940294 0.126153578198435 -0.136534348771153
0.0757304214437391 0.195112569362444 0.0193058105535462 -0.341345607945923
-0.0814258579027708 0.0468340228575712 -0.0207004563628802 -0.053602474783165
-0.0951296240549795 -0.0449566805767784 -0.0882562938610366 0.00129716328873435
0.00871382326212519 -0.0867967305432241 -0.103065109224443 -0.181662026957117
0.0996136847517935 -0.034524599656991 0.20098939753146 -0.197817614087117
0.100246796225292 0.106455118905941 0.226695478499814 0.15612804936276
0.0115025695308528 0.174259676351442 -0.0443352206682966 0.340877555583297
-0.110269493508997 0.166933047246251 -0.227706672715341 0.32782100427012
-0.131150725584845 0.16278370235063 -0.233834422117439 0.313275916680157
-0.0282163637388634 0.18952431409276 0.0464258394636194 0.312034150573514
0.0935230823271638 0.0986379196029142 0.333435002480748 -0.0498385279330871
0.0592862349422837 -0.0262530542058231 0.00717668530435375 -0.336362718180596
-0.0553491422656869 -0.0392262162565329 -0.221237874528272 -0.0640488074198415
-0.0494362830081368 0.0594443871148932 0.00329955991692083 0.0545595600097578
0.00780711974777132 0.101467846640984 0.0655513010573909 -0.144819023268985
0.0287267105499161 0.100548724143292 -0.0255941364794235 -0.394815724420533
0.0330622171073265 -0.00549660374774882 0.0295755856128843 0.412468731486167
-6.96945637707908E-05 0.00775629395317717 -0.0399108993733752 0.136068916336496
-0.00280108987050309 0.00075901949550469 0.0466850580882042 -0.0675297300936838
-0.0053681889855238 -0.0013895166117132 0.251622486249596 0.0881974014246902
-0.015866261221329 -0.0401089548401027 -0.0301249490056519 0.344684629046083
0.00595700755813446 -0.048554166874984 -0.367520663843866 0.00697313056944824
0.0341991220353246 -0.0330623323550894 -0.0245049833679238 -0.377773257897242
0.0354468863655943 -0.0345435351044261 0.26464813296808 -0.356215796210045
0.0222657233877464 -0.0434854736321256 0.224747111887574 -0.39008130760587
-0.0176871040345429 -0.0516537706654566 -0.0227948848869206 -0.380799218186869
-0.0499626179556835 -0.00950442372723615 -0.320220623062534 -0.124858359578841
-0.0133066913608954 0.0510526337149083 -0.212371455695944 0.285705726140684
0.0210794192375053 0.0290115020702796 0.182963717711843 0.207992213581013
0.0274962817265717 0.0173975460926755 0.124281015600548 -0.0726641841681128
0.0369995549183991 0.006198499694345 0.00451399371634642 0.0388885397498665
0.0801834700448402 0.109783763702622 -0.0126464757760628 0.39162809072198
-0.009717193510323 0.120076058498451 -0.0715190638257744 0.128239616820177
-0.0647864006246675 0.0379304646964856 0.0489165376360598 -0.0575920431732516
-0.044083030333457 -0.061996331604477 0.227526732951438 0.127897207210218
0.0677726026532733 -0.0657567469325475 -0.0907217955564649 0.323366711205082
0.0844519506886952 0.0552404820519691 -0.346553637379552 -0.0557822702103028
-0.010150217581469 0.127676976189103 0.0162285590571405 -0.367154856286333
-0.0704693633619631 0.103183713294502 0.253929646204707 -0.340254847858249
-0.0260483065879189 0.106112946068325 0.180259593853473 -0.399948168636136
0.0384990828588286 0.0848068576583079 -0.0689434579811277 -0.376665421204528
0.0516131476434847 0.0406781156419153 -0.311599501098554 -0.0686701132385037
0.0595693651125945 0.0169160935304024 -0.130300946767606 0.281416516378439
0.0209848797262911 -0.0379351074316369 0.180636074036739 0.150142867253424
-0.0466034871489713 0.0072581547464804 0.109241091774499 -0.061029162219245
3.59087289934512E-05 0.0668853384650029 0.0129953076499298 0.0328799532793904
0.0865956118604976 0.217968803139045 -0.0841574150243261 0.326855231664853
-0.0582031479404705 0.23080196744898 -0.144268407547927 0.0972530822226927
-0.157642870776065 0.0638864911777441 0.0038628925522782 -0.0580308507047845
-0.0771453619944949 -0.139390700670934 0.155059887758312 0.127092179283353
0.161366540601635 -0.069242298325032 -0.137483708267188 0.244799704184247
0.133734784416184 0.179008552489719 -0.27812447749985 -0.0960852401262713
-0.0823769055437762 0.264067425141348 0.042076504029904 -0.295065151833435
-0.166161225606001 0.224464037457911 0.206779030861375 -0.277088814079376
-0.0398278889222172 0.248917174053198 0.123729757437529 -0.358193608670059
0.169227114841088 0.172203187494365 -0.0952821294380666 -0.345368920718195
0.201552962541209 -0.0398942333646932 -0.244401272149112 -0.0605138985786874
0.0516917366642851 -0.135178445810272 -0.0770908888353967 0.179409312578633
-0.0861162238404813 -0.0831131080780306 0.0975780683675776 0.107282663225498
-0.128943247218312 0.0607420870551847 0.0946410000600475 0.00628914833874644
-0.0139218766480875 0.141481827886341 0.0469452930598306 0.0163761137944962
0.0398687349098687 0.288982698462911 -0.150849839125267 0.212638692419369
-0.165574994071769 0.299410357272386 -0.20802158475753 -0.00619752325339064
-0.289721784715441 0.0472823293896092 -0.0373033056132842 -0.151712475713099
-0.101996958142204 -0.25088074666966 0.130339869817619 0.0213136892753441
0.255260792725301 -0.0661694272534873 -0.069505789005983 0.140093683306645
0.149589916427484 0.287485254453053 -0.16399387717105 -0.0578659097771893
-0.159149560151527 0.354868542812737 0.0324591036076564 -0.167321153317298
-0.235790736467071 0.310271169170904 0.128798768480618 -0.170592396472676
-0.0272985217772704 0.356117426633877 0.0760683971555032 -0.259731089677059
0.301467413739516 0.167968977199034 -0.0981692058810952 -0.300009148199824
0.238671451951877 -0.236080161091696 -0.250171563104379 -0.102246094051061
-0.135718348300993 -0.271011597917147 -0.160917557945303 0.145300574879019
-0.261116487171906 -0.00942291544323274 0.0382900201302095 0.177303025772403
-0.169064387282909 0.191995808377319 0.138368529805151 0.0632377868568298
0.00939894840119028 0.219303000438903 0.0846037259250692 -0.0386506172866369
-0.0396353265503031 0.294610413717804 -0.168328983185126 0.0763591243473884
-0.283963723488883 0.254665882950707 -0.182342231249335 -0.142641890156078
-0.358437406174217 -0.0688732542712494 0.0483280457407555 -0.262985896388087
-0.0401491923954634 -0.367599290483744 0.24979070681096 -0.045477937777742
0.346898536817909 -0.0397731684617985 0.0787996794731909 0.156562728218268
0.146038100419409 0.352219030516263 -0.0815116593568828 0.0810488562917283
-0.209698149474831 0.385137677029274 -0.024140745237712 -0.00953398836211535
-0.269607963040416 0.352265136532141 0.0300588095885988 -0.0329482073384495
-0.00748698799081412 0.410209937881989 0.0537593402225288 -0.107115067369805
0.348417096116895 0.132072288679436 -0.0455049998839117 -0.210032094456853
0.147367969287296 -0.327032538687289 -0.230754819633819 -0.0729161375170159
-0.319663263660907 -0.226455546950872 -0.147324046251926 0.20790132422743
-0.327218626849706 0.153685925931739 0.117700522340167 0.215179140189682
-0.121280750196456 0.311808295609721 0.203887938538939 0.0242441715826687
0.0587397649726935 0.268350607318768 0.0978218318843772 -0.140154481338707
-0.100974209387965 0.226974003002622 -0.128520436436317 -0.0258984587117225
-0.296190300296236 0.112965837296758 -0.0888603394977196 -0.1753631276567
-0.240388834138829 -0.185185926066376 0.13494636733025 -0.21135123109082
0.108843321515814 -0.32867193500481 0.26903698920563 0.0240807321031003
0.362672965284951 0.0570183620506868 0.108309467429381 0.226222637595267
0.112917002363919 0.36344462229982 -0.0737164551999909 0.222374750325059
-0.21486526047867 0.359712075904091 -0.108503317359409 0.140652414202066
-0.259475110327509 0.340208099196813 -0.0725829014429527 0.111194335418434
-0.0010026854075471 0.396806551069944 0.0573866208054919 0.0643692721885774
0.307459476349845 0.11783983727744 0.102036655437577 -0.123086826978326
0.0812665454177827 -0.25850824218861 -0.0976668291049324 -0.125001372150946
-0.308322649002201 -0.116145039194565 -0.0840037261332136 0.119286565437413
-0.239498869688586 0.224272141015225 0.157489039375871 0.115556169726587
-0.0318299737628618 0.318691243286305 0.194941382939297 -0.0790045636882136
0.0942676924905522 0.259183308147441 0.0645194766800037 -0.257946765693283
-0.11292252803611 0.131057405765979 -0.0692903424686839 -0.0629393891413494
-0.202091358451275 -0.00646083624157783 -0.0520105834803144 -0.0895915438476302
-0.0640951412176908 -0.164207368053733 0.0279248911645987 -0.139135375659052
0.157883991654822 -0.14762402069756 0.170442268511327 -0.0543544845551934
0.239887957087329 0.133935187065339 0.129947947905129 0.180472804484004
0.0544873399341474 0.301837345013733 -0.067648233534239 0.29782026540714
-0.173471733634353 0.284343290129 -0.182182336002582 0.256389850426998
-0.209709110883552 0.275517346183061 -0.163350543868169 0.237746736783944
-0.00970418332111269 0.320156449593053 0.0684954001918409 0.213113997096667
0.212363245609385 0.117148095568395 0.254788554315395 -0.0908708564239473
0.0723590024451079 -0.133659160509561 -0.023250464952813 -0.263681239044174
-0.177414911910216 -0.0620426792194485 -0.148910544452071 -0.00597106074881917
-0.123306957843953 0.158804655835306 0.0829681595643487 0.0470899838445915
0.014810223167738 0.225322173109809 0.122455673882287 -0.144043978612637
0.0858321463170721 0.195444605915242 0.00416819598366369 -0.351196700392689
-0.0811474669088497 0.0522025442057754 -0.0236448000928845 -0.0536213518957914
-0.100813892003535 -0.0426913315484349 -0.0891540241235917 0.00475898114532873
0.00571766215324154 -0.0897396180555544 -0.112150466997506 -0.17876405290417
0.100082542989278 -0.0389480809512237 0.194130589478123 -0.208776476495418
0.106137526335701 0.104257200335259 0.235520914519377 0.150780046534627
0.0165210431328424 0.176530730715516 -0.0334930966570638 0.34865600206782
-0.10654127072737 0.173391017362677 -0.220914696421478 0.339591817061868
-0.127997302014228 0.169424676743097 -0.22712737529331 0.328635659660112
-0.0217479841647978 0.192885526594515 0.0604433480640311 0.315160373105819
0.0990585389924113 0.0972850593505097 0.340088119132905 -0.0690588633146499
0.0597058708570516 -0.0289563526763406 -0.00962883943136467 -0.348866770567172
-0.0583939360911436 -0.0376073854713815 -0.234020634832103 -0.0540432956056312
-0.0470954431787992 0.0623297420051576 0.00336166573165497 0.057841058946654
0.0137994901040132 0.101491854351531 0.0607213872249086 -0.14775335986625
0.0339111791612061 0.100940527553019 -0.0437345162044337 -0.402754749997643
0.032666545882896 -0.00791170346567732 0.0529458382959907 0.411267892698588
0.000789402111692182 0.008397086982283 -0.0324438608534586 0.134070342409785
-0.0028150845758758 0.00141813839346624 0.0446063662761388 -0.0737823080711328
-0.00586476058105306 -0.000816568503377271 0.259895633618546 0.0722537206166151
-0.0191264149571952 -0.0391619744727937 -0.00849012981312146 0.349577590593512
0.00334655932364822 -0.0504154231995716 -0.367522468571315 0.0325136277307035
0.0330668719191947 -0.0349758629239511 -0.0471042856821425 -0.374727578471947
0.0340410689056036 -0.0355477081063469 0.248814702233248 -0.368238854016951
0.0194876781729491 -0.0441317334165031 0.210485671258541 -0.3991060902187
-0.0203845020052535 -0.0509042678732387 -0.0387422963884629 -0.377049863893066
-0.0498002761247449 -0.00686839367196931 -0.320767601249575 -0.108381536464361
-0.00965385665531115 0.0518615664344317 -0.195195365706951 0.293977388082268
0.0232504247569924 0.0274740470339412 0.193517083303583 0.19697062790768
0.0289086904204558 0.0167623266867322 0.118723854610515 -0.0793389983249379
0.0370047450587669 0.00389534439722005 0.00693445265817243 0.0386733925127902
0.0861163471549169 0.104001998095472 0.00961016417507559 0.392793680628046
-0.00289948115319736 0.120454974481788 -0.0639329111673554 0.128672668945066
-0.062061421924196 0.0419137929923887 0.0486279462195889 -0.0631794840065549
-0.0474043150717999 -0.0590946375437104 0.239073950778784 0.115593374950996
0.0631900867075086 -0.0695790366607555 -0.0703250832087662 0.331682633333925
0.0880018254090982 0.0492013643803088 -0.351513138019985 -0.03249885976124
-0.00264705313452276 0.127855239579806 -0.00508059534087665 -0.366989083064177
-0.0658509866231182 0.106653756450317 0.239937112389372 -0.351823304674084
-0.0216588393738368 0.10640267968932 0.164762639311064 -0.404827037990419
0.040940478425574 0.0823286561596964 -0.0845563176943213 -0.371202877871456
0.0536308495496893 0.0376310568528037 -0.310925052891642 -0.0544540222345758
0.0612510233400742 0.0131986289804483 -0.114903666234833 0.284898224923701
0.0197854134127286 -0.0388140326000788 0.187437677730774 0.140361995930853
-0.0471827224061723 0.0110726445186306 0.105139057869826 -0.0665103160624416
0.00349994082934397 0.0675541085389915 0.0161576131954107 0.0309323941991126
0.0990631717666126 0.211656231209525 -0.0652994773614108 0.333929813991139
-0.0447852306144876 0.232572128605776 -0.13673441400347 0.102920479734203
-0.152119830797515 0.0726866232957662 0.00494666812193975 -0.0593734799612825
-0.0841699806315389 -0.133756460710521 0.167127512036781 0.12122283658565
0.15632506510215 -0.0779449301807216 -0.123112120828717 0.257759659784632
0.142463726530612 0.170088329628364 -0.286434350623862 -0.0787094103111756
-0.0675434460646363 0.268702960310282 0.0249855702200556 -0.296590090279418
-0.155409915444505 0.232635924767812 0.195103285335429 -0.286356461348111
-0.0300986869520411 0.249833502174756 0.108462814458526 -0.362183600248164
0.175029986092108 0.16382528695611 -0.111410579703762 -0.341053493563417
0.198674592765797 -0.0493134132374216 -0.245532799232941 -0.0506215744649072
0.04527034249613 -0.137218775727709 -0.0698647078785147 0.182228699727187
-0.0909888241393461 -0.0784052502202703 0.101976276098286 0.103617700890001
-0.127571286556272 0.0699254244546898 0.095406474624323 0.00078250701703684
-0.00650666038499983 0.144235390201193 0.0495879553837993 0.0132984013564227
0.0568383234134975 0.286330554186538 -0.139884835189463 0.223714029305752
-0.148387906522484 0.30652486796231 -0.207155760517888 0.00640957136541724
-0.283712057318196 0.0636658173721363 -0.0434411604619735 -0.148754134100251
-0.114820593478493 -0.242471881710871 0.133016506213396 0.0183154146792061
0.250171641364437 -0.0786863032978711 -0.0647285768441781 0.146855251157023
0.163578456756844 0.278745238474455 -0.171916532808844 -0.0490284260943018
-0.140816814440441 0.361726471914016 0.0226758471211992 -0.170356558706437
-0.221944264718158 0.32196149749055 0.120722578959177 -0.176324060733449
-0.011668380433175 0.356230099610243 0.0661850181040627 -0.260912437590282
0.307289675306468 0.154715720151352 -0.112033747886483 -0.295058308627995
0.226580855859755 -0.245651990839595 -0.256456974481334 -0.0915231790726232
-0.148368965887537 -0.262460782227671 -0.154187456467501 0.154595625593379
-0.261534048980619 0.00617461550916946 0.0493510940947521 0.177244118147125
-0.160431772154731 0.202598314025241 0.143776149967489 0.0543580803535568
0.0224807769174142 0.220358268157839 0.0850782549043749 -0.0457041667693392
-0.0222812638806006 0.296764662098518 -0.165966540541407 0.0878650438026539
-0.269305378450025 0.269868483598493 -0.192069039562305 -0.131226841976685
-0.359841829637669 -0.0485004512324482 0.0318534706568208 -0.265174278779317
-0.0589463358665539 -0.362555378323986 0.244823645206495 -0.0573601017680547
0.342707734063543 -0.0570103701508931 0.0844374136934877 0.152416870136719
0.160082344139089 0.343755733369831 -0.0787862344317766 0.0836551810539384
-0.190121714572025 0.39553084015003 -0.0250862661626715 -0.00932425392959864
-0.254286900784401 0.365099348479632 0.0294149513683232 -0.0331620384516333
0.0102962648390441 0.409728922216218 0.0491866092179483 -0.109325615435799
0.352711411410782 0.115174304823541 -0.0535583960352081 -0.207226894711482
0.130222513637047 -0.332230811256122 -0.232616374400699 -0.0636067572753042
-0.330842766091037 -0.208025494402473 -0.135555774791541 0.214641478623726
-0.318775235701942 0.172539655295611 0.130302476042496 0.207241390902436
-0.104175863285846 0.318447077564736 0.206782088421489 0.0113137971802121
0.0740970219121914 0.265689956835045 0.0919630153015939 -0.147968705680562
-0.0882265219457789 0.234238075548342 -0.13251518121498 -0.0170928097813141
-0.291185690494897 0.130037663636456 -0.100651844120123 -0.170217309675991
-0.250167260234894 -0.172006772562172 0.123199689234683 -0.21974414999224
0.0924498103039261 -0.332656202266399 0.270367450340874 0.00876522354497166
0.364367093913368 0.039082702799705 0.122190775306343 0.221539296014633
0.127186027289061 0.356245459083314 -0.0624716895651803 0.224875270366383
-0.197354823372567 0.36773583991209 -0.102032683879475 0.143759379354122
-0.244884380539506 0.35173846459236 -0.0674325266463723 0.114740878524373
0.0172671497161538 0.396339952397184 0.062421913374035 0.062286624887576
0.312389993361741 0.104248303218989 0.0994614771553933 -0.129674685326883
0.0684617896285767 -0.260301657566527 -0.10228260306818 -0.125649958129377
-0.313772721725434 -0.0979533017115484 -0.0807828376797097 0.121099603804015
-0.226161623218874 0.238198908413265 0.163072676891589 0.105760496500347
-0.0142031416907349 0.319439940328875 0.190797216551804 -0.0913157649666937
0.108755765795548 0.254903943944185 0.0517041281758945 -0.264688037962085
-0.105566653377606 0.13868107384388 -0.0738613032023023 -0.0583964589608424
-0.204700326327388 0.00415255549689342 -0.0578947225444318 -0.087493133133852
-0.0734550989257673 -0.161461707584672 0.021144826627255 -0.140243366049534
0.150192059616177 -0.155400004168206 0.169284646727873 -0.0625762494291384
0.245125470650607 0.122309383565636 0.139138871521512 0.174528212671793
0.066158733219571 0.297733481937536 -0.0539309383387211 0.300183241078031
-0.160502084826229 0.29129294856969 -0.170480120542954 0.262593767272397
-0.197711593814028 0.285195345457869 -0.151959842092144 0.243914234185036
0.00597701720228351 0.320171760248689 0.0805124566814005 0.209753985364775
0.217766488357643 0.106672028980188 0.252390167361825 -0.108739588414247
0.0670678112994539 -0.136141129028786 -0.0394145576537171 -0.268507099751368
-0.179697106308089 -0.0519515918021728 -0.155031332645008 0.001482907626621
-0.11269830448184 0.165393452814559 0.0833073308581975 0.043551471907567
0.0289739608455012 0.222561888754051 0.113916576074818 -0.149256928242719
0.0977543188335514 0.189590377523026 -0.015518803789685 -0.354151432964991
-0.0792594687580217 0.0576012900454626 -0.0269870730035334 -0.0520806584854632
-0.104666838203678 -0.036943784777906 -0.0877828616860296 0.009257302489836
0.000772678623919085 -0.0902671518786598 -0.121162756532185 -0.169360005124108
0.0981306607821533 -0.0433932037093467 0.181962655249835 -0.217009402944158
0.111351032402679 0.0986170067212844 0.24047872577331 0.139102185474115
0.0233974741198696 0.17629288615269 -0.0175025250971894 0.347535853714749
-0.0981323126660339 0.177662520196532 -0.205265941353492 0.347032409523458
-0.120811825484625 0.175244810081861 -0.212524259612121 0.33674490375274
-0.0125425554148958 0.192932725074923 0.0766630689164042 0.311513382739384
0.103728256560223 0.0932833006099593 0.338111971588452 -0.0919196174496371
0.0587355956158358 -0.031793490799838 -0.0309853580360032 -0.351413654250139
-0.06069011220214 -0.0334462597251948 -0.24040882863953 -0.0403788014162052
-0.042005096380267 0.0643531801034037 0.00357711947908705 0.0610146609113843
0.019567108050446 0.0983043992583264 0.0525933307849242 -0.148331491044647
0.0395987086895365 0.0985900167993724 -0.0671818659748497 -0.401961956617114
0.0284273624917778 -0.0167708477001565 0.147635968083263 0.383723489325543
0.00255031436168201 0.0082127678709126 -0.00118548997879943 0.132176860019657
-0.00228656994130367 0.00218112097934573 0.0269397617146517 -0.0849721098226888
-0.00741762981380257 -0.000577553145851069 0.270526096484043 0.00796871261881065
-0.0270196722899063 -0.0338997464121765 0.0733562280024795 0.337385481025066
-0.0084005853219475 -0.0501804764520468 -0.344223144419912 0.117533583122343
0.0243353401450397 -0.0416293932187399 -0.128349094952512 -0.346439364361248
0.0249076817784576 -0.0420994967580715 0.157886600085738 -0.4071578520893
0.00942568276063487 -0.0463814065856058 0.113911435960882 -0.424560388503852
-0.0312242890758181 -0.0448222084252421 -0.117050743670707 -0.349055907893547
-0.0483132331342961 0.00373095430520994 -0.324525035371956 -0.0330240413955796
0.00201664555973252 0.0500586895992941 -0.118624360955489 0.320914028999553
0.0279135564751795 0.0209250057947847 0.229149920615543 0.143349312634325
0.0322131208970657 0.0108072605323597 0.0939893320579507 -0.102376171288959
0.0360093596698253 -0.0045857027784174 0.0166216888900658 0.0358669035663441
0.106594653418094 0.0771340795415067 0.101986452281493 0.377426696085002
0.0243102140967076 0.115181889886093 -0.0312507643872413 0.135632375101546
-0.0495965381198465 0.0542019947256931 0.0334256586149826 -0.0751082116983795
-0.0594093566942555 -0.0460525826716264 0.260424870579102 0.0543656998453032
0.0443624965051098 -0.0807294428587005 0.0116758606432699 0.33517961726553
0.0936466849353368 0.0273768360054545 -0.34356206144783 0.0506979982128914
0.0251759892546789 0.121236404856476 -0.086513759040673 -0.349300832507485
-0.041345352276095 0.116648146431049 0.154935377908939 -0.389411437825916
0.000688409005185784 0.10534138976612 0.0702034401254154 -0.420042394703834
0.0557892434201036 0.0689334751587782 -0.16151022668023 -0.334355463167949
0.058753488594861 0.0234431473471954 -0.303923378022606 0.0168198829529336
0.0613093511652226 -0.00173865743112881 -0.0450936070329468 0.294310009053961
0.00973317520354383 -0.0404310100426135 0.209153767922945 0.0912529087794578
-0.0423407076951081 0.0224093208857894 0.0840822037318365 -0.0874348467637053
0.0182532500118723 0.0639986477389228 0.0231860811773841 0.0270862574311409
0.145093196866731 0.177845372728851 0.0161562405528915 0.339267622142924
0.0115323405936458 0.232278326418959 -0.106437767726104 0.131185509736565
-0.128108881599461 0.10389625503965 -0.0062498105781348 -0.0594871112527991
-0.110609726640249 -0.108862754005223 0.192627932341006 0.0795940514524798
0.13169946871666 -0.109420185271139 -0.0575299325687374 0.278236851487078
0.173022232955129 0.132043571599475 -0.294477894419071 -0.00886018811760815
-0.00706436812277068 0.272153313203361 -0.0430897068963746 -0.289883737209635
-0.10090722272319 0.256726941373906 0.124861826736847 -0.316536428455634
0.0235147188780118 0.244786256451636 0.0260676821275094 -0.366543715654094
0.200619401721641 0.117082512278871 -0.180856006548143 -0.300429457065993
0.176278888763633 -0.0901658571329712 -0.244910818889625 0.00563685415811512
0.0118652726194757 -0.14201356411966 -0.0262901807879077 0.188723026241115
-0.104002624313537 -0.0536769923017797 0.119104675306336 0.0769645037264617
-0.106536908553505 0.0974441297005939 0.0908295824787925 -0.0209392153811887
0.0264808882595412 0.139860726336833 0.051416160728702 0.000881574160507384
0.122869298466496 0.260902643575748 -0.0813452379862834 0.25230445575143
-0.0710976256898093 0.327672463509899 -0.197328578270655 0.057795741671667
-0.25639490557657 0.124929749528403 -0.0742097560464648 -0.130023225552387
-0.163768613662994 -0.206618908405351 0.133342436571066 -0.00920067498366256
0.222583455898274 -0.129542927095444 -0.0298682026255886 0.159846465131621
0.215993953376895 0.232992410264796 -0.179276019556761 -0.0074956708165302
-0.0584004426345014 0.378094145164391 -0.0175419241347391 -0.168563945184382
-0.145914011671235 0.357275887850925 0.0786337630838917 -0.195690310225687
0.0642753770214484 0.345444705443129 0.00524988011102111 -0.261637995682214
0.325271087778643 0.0807670992017837 -0.17263918990004 -0.255043540335763
0.159874801501506 -0.281605467657424 -0.264230774225848 -0.0283311073594655
-0.201100968870303 -0.216552782657403 -0.112053186557964 0.183800507683724
-0.246882992639489 0.0656902454854824 0.0877379675422765 0.158655562229804
-0.107592808365769 0.231366600153665 0.150208785041228 0.0180484262960054
0.0710663087279337 0.205312853400492 0.0715868124220451 -0.0636969738035399
0.0494883364683649 0.291116497319825 -0.138344909820892 0.128869412757745
-0.19530135584398 0.322148422600906 -0.217769964059353 -0.0764593646862165
-0.355286118957856 0.0371985384897997 -0.0325697189507514 -0.259038050344611
-0.13893019771565 -0.334404104387822 0.219428305667054 -0.110090165913133
0.316887226624076 -0.127476862998385 0.112458165178786 0.126370641802938
0.224983878369917 0.297638094824843 -0.0603217004256079 0.0962738642472668
-0.10088375442283 0.42215114326118 -0.027934318612986 -0.00590583943773577
-0.169085628223903 0.404470269959934 0.0211985678837919 -0.0393677854374301
0.098348678746984 0.390613551781454 0.022815199309256 -0.113007973550021
0.361596756406329 0.0331308168841839 -0.0949646275795024 -0.18333270387475
0.0498232986177045 -0.343318810353525 -0.232229101434037 -0.00975307966536473
-0.361936802537998 -0.123915710288398 -0.0804482854130242 0.233479807547205
-0.262878841222591 0.238078607748613 0.171682755283851 0.167336626171766
-0.0263794867428527 0.32811721974421 0.200518744072726 -0.0369680553917452
0.131179747178544 0.236233780301489 0.0550272778252049 -0.164631414409737
-0.029395714089254 0.247141108056147 -0.133243282580908 0.018383985491799
-0.250842085435606 0.193329933080089 -0.13993237332759 -0.138375940100083
-0.280480793170131 -0.108978919787554 0.0643986447072348 -0.23978440736123
0.0126810414281062 -0.341574143045512 0.261698127663213 -0.0561763461710887
0.357488199344475 -0.0413608676019603 0.166089549850695 0.182949880118595
0.194895573540266 0.317909788711415 -0.0122329459559948 0.227710078889162
-0.114442871719086 0.396360579246388 -0.0676213274972662 0.157397195317507
-0.161997285241597 0.391945343664305 -0.0395329796977135 0.124745070426601
0.103012024252013 0.376435838146914 0.0739455591195161 0.0452538848005562
0.320116313693867 0.0302836054230448 0.0685913710244729 -0.147596982622154
0.00844455156400476 -0.260698589270168 -0.125309036003867 -0.101962442486328
-0.319794578278837 -0.0213973411222069 -0.0522027421997397 0.131701981736699
-0.159585463438891 0.277723295809944 0.176416228471218 0.0629180317731454
0.0609779898314605 0.306129311305692 0.160249918084737 -0.129992409568133
0.162511966734172 0.215371663200708 -0.010081821747586 -0.266542815224235
-0.0692451296241793 0.159863563875592 -0.0865357518827815 -0.0369344179234335
-0.198209565316924 0.0519960140467522 -0.0780473693795944 -0.0706734882014332
-0.107469345019734 -0.13954178398419 -0.011804789892953 -0.140213961501791
0.108927028479684 -0.183935018759227 0.148827456308056 -0.0984405510099626
0.26167105637278 0.0636806102727986 0.171656503115483 0.136675376319011
0.123888181211849 0.273265392495128 0.0110121264719124 0.298464482801737
-0.0952844406878375 0.31465502756242 -0.108166980108259 0.285847135360042
-0.13088214995466 0.316900884710691 -0.0928826391178299 0.26674653747859
0.0765803408093603 0.304880757121106 0.123469000170206 0.181014351483573
0.231578667783876 0.0540300293643391 0.217398130725297 -0.16431172512325
0.0331332483394639 -0.142235391614203 -0.101736064796755 -0.251686880368742
-0.181312157093663 -0.0089804349730315 -0.152006082729595 0.0373574211281379
-0.067529028307373 0.181744939028217 0.086332352456154 0.0254077700324521
0.0795334322764526 0.202744735794124 0.074450562843073 -0.166934934109686
0.137822657840532 0.155806573158998 -0.0963248908802693 -0.336863117697873
-0.0631102947912376 0.0744877621313574 -0.0390453196762722 -0.0430606062488226
-0.109873941683158 -0.0118110745058208 -0.0834482008878219 0.0288800776589067
-0.0205563471284447 -0.0865207619686842 -0.152911578164329 -0.133209427149891
0.0832231399805612 -0.0637444070089636 0.1227895496381 -0.24817881912321
0.127446489098472 0.0701174861964738 0.258248983120701 0.0792653632922433
0.0582914066954114 0.166589497892702 0.0548935796289694 0.33686841173896
-0.0574382424724232 0.193021364886886 -0.124256647230724 0.37421770932673
-0.0788720671985835 0.194777943149378 -0.129970611159897 0.367414482241999
0.0302725356666771 0.187220292109487 0.143432329377724 0.277390445193568
0.120224787099755 0.0663155348564318 0.300358642318647 -0.168840730511486
0.0491540417518604 -0.0438251614955343 -0.114945622709794 -0.329094531353866
-0.0655889604672129 -0.0191915765000386 -0.242553966113214 0.0189370958219972
-0.0245454527576596 0.0704666512545498 0.0157284849828042 0.0605151641022819
0.0422828644964412 0.087228909895898 0.0173563176400983 -0.15073036288963
0.0619142909845774 0.0834227479918889 -0.155064631368064 -0.370340716731543
0.0270427012325689 -0.0174047914368378 0.156662598128766 0.374868527256232
0.00310283536682167 0.00910254817521021 0.00165319380719633 0.126981107597726
-0.00209726462909998 0.00291839053636187 0.0235723859986073 -0.0884906589498023
-0.0073349495378374 -1.30498095189183E-05 0.269101050361341 -0.00156317549152511
-0.0289872087441745 -0.0328017680615799 0.0847343321001982 0.330529442623339
-0.0101911806503391 -0.049784820055681 -0.33375165298148 0.129284348367335
0.0232061636465461 -0.0422087236404574 -0.135440256672977 -0.336006400284902
0.024113617465019 -0.041452127037779 0.148382079357772 -0.403056312875502
0.00794051557050457 -0.0460313654375072 0.108122141801762 -0.419138023313183
-0.0318545705142836 -0.0438767923576349 -0.118959697922966 -0.340263058929953
-0.0473252439808373 0.00437878870157441 -0.315415298685113 -0.0272496510779054
0.0039140021127432 0.0481991322408703 -0.107165700665297 0.315855139263366
0.0284110540297517 0.0199178354752914 0.228492374216239 0.134144794914853
0.0324578086982706 0.0105180444339881 0.0880213024857013 -0.102570813213388
0.0356372960295016 -0.00573827026716351 0.0180629863304401 0.0345283280256004
0.107019588853263 0.0716651829025346 0.110584889064294 0.369268856153684
0.0272133525232699 0.11265482520977 -0.0282327156173 0.130319081588376
-0.0464205063938804 0.0531385196544856 0.0337095229886402 -0.0787008427908769
-0.0589502820555581 -0.0434183032860029 0.262156674683392 0.0454974790633475
0.0401803534926437 -0.0804283252701055 0.0228404490848839 0.332227046051871
0.0923584436153083 0.0237508823197268 -0.336330842350405 0.0636670468709414
0.0280136229458514 0.118397413512749 -0.0951606689717634 -0.33890183927635
-0.038144600604128 0.115594881705643 0.144938843361899 -0.385249875317021
0.00141934343083344 0.103637599850351 0.0640507740391221 -0.414474065123316
0.0553595510782911 0.0657923313782247 -0.163548346834411 -0.326187554166325
0.0583318617032697 0.022593291598565 -0.295285937786049 0.0204112456374668
0.060600163707304 -0.00437762887765632 -0.0373388173007249 0.289392782760257
0.00831635112053766 -0.0409049275759755 0.206962665695333 0.0842380594844915
-0.0412162168705602 0.0249196223736348 0.0787378434502847 -0.0881050226608444
0.0202930243319237 0.0637308173881619 0.0249102597263053 0.0254330228125836
0.147596108235704 0.169094450693642 0.0260883060898677 0.33448317236067
0.0175091719925766 0.227065678490331 -0.0996292189787737 0.129974204018517
-0.122066055388174 0.104334944044035 -0.00432499504032364 -0.0612129299783392
-0.110099348170746 -0.103004941771561 0.196829300293629 0.0744583799582618
0.125565078437127 -0.109495148683173 -0.0470692579701769 0.27970478924713
0.17288531807142 0.124091025071493 -0.292299128390225 0.00264996689124814
7.79737334157554E-05 0.266382651846676 -0.0500770343692633 -0.282799917597903
-0.0941131558899531 0.254684806598504 0.116969346349487 -0.314296900025289
0.0260963830445483 0.240052451891256 0.0203702180277029 -0.361534518466037
0.197865646436713 0.111278481713407 -0.183434308558097 -0.293167923287647
0.171582706796396 -0.0917849502591385 -0.240648787494723 0.0082432279485117
0.00948987652650213 -0.140510140943682 -0.0230098139674079 0.185435677659987
-0.104006042840209 -0.0499316418590842 0.118880415434573 0.0744988532138861
-0.103571402584518 0.100515579204492 0.0892973168753437 -0.0224522934236163
0.0308251391342513 0.13814722563481 0.0519677819296782 -0.00255363284140164
0.127521595641448 0.252739465870854 -0.0725479490102345 0.252392812498441
-0.0601557473449116 0.323964212541574 -0.191345301645362 0.0620533493691051
-0.246166124032484 0.129186681401824 -0.0734203687946987 -0.124925154726326
-0.164373093067687 -0.197041217351344 0.133027409961335 -0.00920706625161028
0.21439603072889 -0.131550449804581 -0.0267783066051465 0.162502248333663
0.216329227159205 0.223059809938342 -0.179923689996934 -0.00120376668333897
-0.0491878198170513 0.371663701648784 -0.0226371096094737 -0.166589781681302
-0.137599723014135 0.354059253092636 0.0744569688274443 -0.193560085759295
0.0672251725529329 0.338183265567464 0.0011502463152467 -0.256434515071213
0.319139944289689 0.0744475628251543 -0.17529594813455 -0.248340758288484
0.151097541134719 -0.279698740038957 -0.262240683461325 -0.022601608464988
-0.202552489046348 -0.209273587505393 -0.105158051006587 0.185210573882141
-0.241574801807741 0.0722218083002678 0.0912999358603218 0.15437670475729
-0.0995888754039647 0.231612585873561 0.149205606248174 0.0130624719512163
0.0763441172690737 0.201613205424143 0.0700212490266593 -0.0666951659423929
0.0579611372287656 0.285077672949765 -0.134397433477016 0.13339598029835
-0.183688626305881 0.322158425195059 -0.217224789338729 -0.0677654000380101
-0.34614013288046 0.0455487641550241 -0.039598350164166 -0.252770296501136
-0.143125141984507 -0.322823575455973 0.211269334615597 -0.112255301122232
0.306742634628362 -0.130425591683951 0.111258178863863 0.12237750848723
0.224658279724419 0.287605455088487 -0.0590550570689524 0.0956698031534893
-0.0903044578034407 0.414933532861489 -0.0281241288367395 -0.00663737296355878
-0.15811804940449 0.401407579987478 0.0203395737977931 -0.038278061421478
0.103152654867083 0.382991866765961 0.0219199433329065 -0.111354643134154
0.356128129028943 0.0263117846041697 -0.0959247287973939 -0.180497797848445
0.0414460577564479 -0.336178133613044 -0.229153624221559 -0.00629625063560117
-0.357998021537589 -0.112607686287083 -0.0713637083930792 0.232313193205579
-0.25062944578935 0.241153749596062 0.175842710804709 0.158631787002411
-0.0165078726565798 0.323755387647627 0.196944795792587 -0.0440843056306681
0.135979217083479 0.228568754432934 0.0501004315321511 -0.166879821212351
-0.0211567681859625 0.244111753141044 -0.13164439863132 0.0240898451053892
-0.241990598418974 0.1972949079367 -0.143431098959668 -0.131628192047074
-0.27721363321507 -0.0986650701666185 0.0555188143226225 -0.237503542279413
0.00470052714021775 -0.334664771374863 0.255720690454332 -0.0621455397396315
0.348844435951224 -0.0467194248043778 0.168280377385711 0.176093363485489
0.194081690703253 0.306809639542833 -0.0076736198370677 0.223490150911554
-0.105257085947523 0.391397537875588 -0.0644028288189443 0.15419259914992
-0.152118441785347 0.388734887982296 -0.0356716175242922 0.122695103523975
0.109041464289213 0.367150918643164 0.0751052727401948 0.0431134785183123
0.315327822312163 0.0227860626497862 0.0664915823546867 -0.149725034817162
0.00190341939900281 -0.254774541229096 -0.126932607002592 -0.102249838238592
-0.313448000125275 -0.0121018936179425 -0.0506020503520065 0.130180222636269
-0.146456755373425 0.277033535740699 0.174028232577449 0.0570831752628116
0.0685475015724575 0.298936968718201 0.154072449482192 -0.134161180639118
0.166758333853164 0.206793309039777 -0.0179079866982456 -0.265355589142073
-0.063233909639201 0.160295105279622 -0.086859892431576 -0.0327144759867783
-0.194924293100296 0.057564932556106 -0.07965354179835 -0.0675816475229295
-0.109363438267232 -0.133860377586965 -0.0139679183229388 -0.137947242465037
0.103076934807153 -0.182994752890111 0.144819773099378 -0.0993960053278546
0.256962637258261 0.0567785858218001 0.171508334426458 0.132525294964768
0.125041344297744 0.265302876961018 0.0153041926926348 0.292539243248414
-0.0868438322543378 0.310189275040632 -0.102081605356011 0.281651062594666
-0.123892927917491 0.313766639030202 -0.0854398900903134 0.2638144802456
0.0807735997180788 0.297280149388645 0.126689170541343 0.174246123080574
0.228637027672523 0.0477784700648277 0.210817311962242 -0.171712486890197
0.030010083546869 -0.139862076166063 -0.110441844216862 -0.25012757223367
-0.178334795663501 -0.00318309262304259 -0.152575264333938 0.0421942207113793
-0.059557470285775 0.179423095689196 0.0829808294934807 0.0245288623034335
0.0842016172662651 0.194638898293285 0.0682697891961631 -0.165487819664197
0.139409889353836 0.149574992408243 -0.103950155469121 -0.330882789425455
-0.0602484459793413 0.0751527725166957 -0.0404799416148345 -0.04086617300607
-0.110208828257904 -0.00927911818506011 -0.0799934576765074 0.0302762697202851
-0.0217117261341918 -0.0850150235834822 -0.152421164454877 -0.125516530017006
0.079679025565915 -0.0641002594943774 0.112894021258468 -0.244481022465963
0.126604143902219 0.0663308664095129 0.252977372556251 0.073899309278813
0.0593074336828356 0.162218289454595 0.0593226091547867 0.328111500781822
-0.0533474162726619 0.190097618753949 -0.117363024761438 0.369374492267375
-0.074871248552679 0.192351801287037 -0.1219887333968 0.363066171416543
0.0328399009899774 0.18220384338458 0.148525749159941 0.269365704222932
0.120506269568297 0.0633470365951705 0.291647212506234 -0.179198899779197
0.0471753892617047 -0.0440250827774244 -0.125172889400076 -0.322715956882619
-0.0649244485086775 -0.0169284273052276 -0.241540273104148 0.0276815303922441
-0.0212552668682209 0.0681647845089729 0.0154525447329481 0.0627168888098845
0.0432526259645445 0.0824979203099231 0.0144508128323958 -0.146496049278131
0.0636928702104914 0.0796296772994872 -0.163192384531392 -0.362016793595076
0.0262653565673656 -0.0176156584710035 0.163814313744433 0.370232434221217
0.00333183406640978 0.00947233200581353 0.00270716572700315 0.122337823446077
-0.00206008377238625 0.00360784305213052 0.0224206301021817 -0.0925566900769934
-0.00800017755617045 0.000356087928374133 0.270392819516041 -0.00959252980987559
-0.02982176690903 -0.031629306106698 0.0955335989359719 0.328562088117565
-0.0112243071762312 -0.0502044807089422 -0.326373513659002 0.140419846246015
0.0224144984617135 -0.0429201139066448 -0.142268082157186 -0.329294463442593
0.0231725144377206 -0.0422611866469424 0.142683664902722 -0.402426383747566
0.0075618687939094 -0.0448996918663431 0.103666829385178 -0.41809579550394
-0.0329385244418741 -0.0433003024859332 -0.120899886562354 -0.336377914979168
-0.0466418829289936 0.00553362465849426 -0.309787278192738 -0.0250006341436545
0.00546055218994526 0.0461886974641992 -0.0998135180122302 0.314095331779729
0.0283633174743643 0.0187393145092718 0.230089451889277 0.128201835960723
0.033042398532144 0.0100411908941588 0.083467284209878 -0.103507157101281
0.0344615928479705 -0.00645821777867252 0.0195302616696785 0.0335548435381685
0.107492302120143 0.0690375984765327 0.119040782140654 0.365390985103659
0.0295161627388617 0.110892828478731 -0.0248931766856233 0.126901216178249
-0.0439707888384919 0.0536211461448169 0.0329829358495792 -0.0824144711305535
-0.0593981719820259 -0.0412681554881755 0.264966490826706 0.0379080262353673
0.036921022005806 -0.0797025806924968 0.0334489927210974 0.331702627768344
0.0919631429875453 0.0200959708050432 -0.334246248962362 0.0749899896821377
0.0308171566017156 0.115630339361149 -0.102103752074983 -0.333850875202966
-0.036306895683968 0.114988276001499 0.13996784502805 -0.384801954930284
0.00205273179550099 0.103595443457111 0.0601735116733731 -0.4126877750028
0.0552086711865006 0.0646819923331745 -0.165580525100384 -0.322355219139712
0.0581552292334782 0.0216975481565411 -0.290446645594996 0.0220875110944798
0.0604760356211129 -0.00660264459980475 -0.0307992418041546 0.286379059180501
0.00742665851598717 -0.0410677945598573 0.206726411154498 0.0799481082518853
-0.0406587573071936 0.0269503744030632 0.0755308099308381 -0.0890054742967442
0.021553395651854 0.0632845367533877 0.0263183555383014 0.023628937450157
0.150727884923248 0.164286940914184 0.0332424001468906 0.334040991879006
0.0223811277913164 0.224099526442223 -0.0954129592108947 0.128741677925373
-0.117272287286393 0.105111212623802 -0.00225383252771484 -0.0625838704493904
-0.109955648187602 -0.098939656759525 0.201715117599579 0.0699611486201037
0.121920236963106 -0.110781274828257 -0.0390037105950053 0.282465115434888
0.173038494185027 0.119403926175011 -0.292719003193568 0.0123536993830066
0.00662353960845411 0.263353649263357 -0.0571483357668061 -0.279631434689395
-0.0906488800313881 0.254129554444482 0.113282150555762 -0.314064363191139
0.0278539614697018 0.239156698917653 0.0170132206350446 -0.359580543348835
0.196721181967224 0.107810395068699 -0.186352858593557 -0.289984313045207
0.168243448495928 -0.0933218473949605 -0.240118289501417 0.00945002206731898
0.00670194714643088 -0.141282342476801 -0.0219723408540876 0.185251759628592
-0.104477711372766 -0.0476547959961906 0.119017149446008 0.0729103144276282
-0.102062431366013 0.103977148213235 0.0888691115531599 -0.0239784373651982
0.0342704778935645 0.137994420086339 0.0532895327887128 -0.0049220073518559
0.133668476781297 0.248136559047856 -0.0680825898189243 0.255349678665075
-0.0529480557276364 0.322573785273239 -0.187560120706437 0.0662478419668628
-0.239383149058322 0.132892165087766 -0.0729699227230506 -0.122133878754205
-0.166339617062742 -0.190662121160754 0.135036583673163 -0.00798675633274148
0.208881752595089 -0.132735389173232 -0.0242223726743127 0.165332594817856
0.21713784681654 0.217683782479158 -0.182051117551317 0.00392439994251523
-0.0418033857566492 0.368767599321599 -0.0265645093529977 -0.165018727155418
-0.13153021881629 0.353984376368428 0.0706374337350709 -0.193354930754507
0.0699126632861235 0.335285676142563 -0.0022330920803629 -0.255731196027988
0.316492803516429 0.0685707773155881 -0.17793989805249 -0.244461391114701
0.144868233981708 -0.278382018907723 -0.261686135502556 -0.0181478394187169
-0.205399344472043 -0.203681631885116 -0.101217347315011 0.187995030554281
-0.238221378018991 0.0771802895721622 0.0965558080321744 0.153521368626404
-0.0953813740802819 0.234464714780105 0.150131633685994 0.00907838079587497
0.081249346658383 0.199495017125626 0.0697030495537833 -0.0712333631378489
0.0644832025315049 0.281845788461231 -0.130660845380971 0.138399082090272
-0.175187381214559 0.325625272294271 -0.217499988961092 -0.0614586978831138
-0.340896157829519 0.051829478861411 -0.0458050752629076 -0.248684871818621
-0.147763392742469 -0.315175286204898 0.206401116645206 -0.11382013331356
0.301122368561107 -0.133282337836135 0.110099163899025 0.120213747370291
0.225769983853031 0.281563950431209 -0.059626605691763 0.0953719794582898
-0.0841521198284457 0.412969895667809 -0.0295267812816906 -0.0072538100216069
-0.152645732549872 0.401787193815654 0.0200608549335394 -0.039199651877358
0.107578031981639 0.379810163848399 0.0212081211805997 -0.110855817042011
0.353634206541694 0.0214826694586883 -0.0959281691232736 -0.177975399157182
0.0364871853059351 -0.333677474726365 -0.227830937875986 -0.00364052838898575
-0.358639609397517 -0.103285911751869 -0.0656472327594557 0.232268517101007
-0.243056494412677 0.245928674055424 0.178407950372638 0.153233406959499
-0.00940245618827655 0.323704986201398 0.195787459245661 -0.0501099446220828
0.141955107919199 0.225403328399853 0.0471777089504004 -0.170892500201942
-0.0151685462483996 0.244435437179361 -0.131452956920242 0.0294819100321721
-0.23848802991647 0.202395949902539 -0.146468533306389 -0.125555861406038
-0.277193609157682 -0.0924416546191806 0.0485786193667234 -0.238125913269198
-0.00205662658867139 -0.330841954212676 0.252290890342031 -0.0679664183913989
0.343584378330658 -0.0522546812081817 0.169861146048165 0.171622513700782
0.194911163784029 0.301980014044712 -0.00532568272888895 0.220693136258962
-0.0994809519077274 0.388276674088745 -0.062086876324672 0.153240836421784
-0.146004692365322 0.386985568970906 -0.0332568887655449 0.122045711126736
0.113817698665399 0.363796836007368 0.0765227482676206 0.0425550703995671
0.313620751218485 0.0174581575648567 0.0665050550776218 -0.153298992142678
-0.00105418783805678 -0.252183895806881 -0.130286245037273 -0.104585033085277
-0.3106265897566 -0.00445266199952782 -0.0509840972437435 0.129032206348219
-0.137830517310534 0.27803751223626 0.173185683792809 0.0532808041302289
0.0748310139681814 0.293394707207056 0.149876616912662 -0.137657603046799
0.171125202227491 0.201405474659325 -0.0237517301060431 -0.26646419016638
-0.0599959056607407 0.162197730192063 -0.0886080415678596 -0.0288218579367851
-0.194232892427503 0.0616947465174442 -0.0807660141214539 -0.0662321568455216
-0.110773511642307 -0.131301440553251 -0.0150461715973759 -0.136653596687477
0.0989496602389154 -0.183040382216299 0.142908730461962 -0.100679963595363
0.255276370329741 0.0529859794803265 0.172667900982694 0.1303241644499
0.125539423509981 0.260940662382816 0.0175893630359821 0.291437775099837
-0.0827659919213153 0.307445394841924 -0.098270489062547 0.280340175977883
-0.117885593919577 0.31372133518746 -0.0819026173264929 0.261817968389992
0.0836957612994389 0.292979506403803 0.131384147647811 0.171324241662858
0.227500951577753 0.0430472174440249 0.207796382273026 -0.179196025696584
0.0272958057351176 -0.13944553300499 -0.11856315858395 -0.251366803716794
-0.176427384879125 0.000721249982019328 -0.155448736827734 0.0459677295306338
-0.0536357840224743 0.178341719763636 0.0811819971385301 0.0256934982018057
0.0873429047323466 0.190045426792083 0.0648672015145686 -0.165107628445147
0.142630590227857 0.144623648520501 -0.11082727743047 -0.329981507116193
-0.0591350414756301 0.0769260766121785 -0.041805148030005 -0.0396722852444804
-0.110865252468638 -0.00645248224696289 -0.078333041863218 0.0314146263298865
-0.0230442477642833 -0.0844647956443101 -0.152651999102641 -0.120664046744247
0.0784782283176992 -0.0644910757485951 0.106241030907271 -0.242632944312546
0.125591274420284 0.0645135747773707 0.249527742366136 0.0699080165102119
0.0614109709842304 0.160505922762828 0.0599145079171659 0.325641014903737
-0.0495159161680439 0.188188033487057 -0.112903936658847 0.366769701501835
-0.0720489617626964 0.19142462594617 -0.115800561731324 0.361297274872639
0.0348044078917606 0.180296768328859 0.153942707489684 0.265759536194562
0.121458635125009 0.0606873370709989 0.286895975481925 -0.189189163963027
0.046989974927634 -0.0450531177671518 -0.135824816046254 -0.321242017523569
-0.0641743402995971 -0.0151397079141123 -0.243975844884043 0.0341916920569194
-0.0183488427307824 0.0671168811698558 0.0149466745950616 0.0662427547481219
0.0437725805500451 0.0792089092431967 0.0122597375096799 -0.143553372014841
0.06504847807133 0.0768284719458899 -0.170901244775583 -0.356478128365078
0.0254941494682193 -0.0181498810284281 0.175682066768708 0.365270335997667
0.00381745784506136 0.00958016696521086 0.00573051047711618 0.118108054543505
-0.00161053327171823 0.00391455834662449 0.0189420887285585 -0.0965285756544099
-0.00892695377449327 2.67323594195677E-05 0.272764911852204 -0.0200682648222692
-0.0312430313481788 -0.0309371911477527 0.109297588204028 0.325464257348465
-0.0123563648176531 -0.0501400248606009 -0.319900496659454 0.155225738402038
0.0212200792639196 -0.0437162149806841 -0.152708792203348 -0.322095290601267
0.0219578712404789 -0.0426416973514746 0.131939478211184 -0.406230832843214
0.00633365246526949 -0.04442370218019 0.0945298639566014 -0.420513685718193
-0.0344298563791263 -0.041607045899613 -0.126672241368326 -0.332539487171298
-0.0459916066351951 0.00715752256256842 -0.306965965399473 -0.0179861247524996
0.00700114278895358 0.0450446829524398 -0.0887509936178107 0.314263011866813
0.0281608836866565 0.0168910165390984 0.233331349696583 0.11982943171706
0.0341963447127562 0.00945862368561473 0.078591307707387 -0.105292974510767
0.0356948853036503 -0.00767894582579754 0.0208597044673656 0.0326406766537814
0.109364349773555 0.0648609815028512 0.13098793147105 0.362359730945742
0.0333977443628802 0.109830718701176 -0.022264289567146 0.123401304420491
-0.0414249436075861 0.0544578767014869 0.0322586454016318 -0.087336975067473
-0.0599764321583316 -0.0389637682325151 0.268827900436184 0.0274306508730743
0.0332723685879511 -0.0804521455141066 0.0456239266912383 0.331534932057553
0.0911816847395338 0.0158195440381275 -0.331345514007896 0.0891754415309697
0.0343276329352626 0.113383519414212 -0.113434039813747 -0.328516271445948
-0.0337107718027 0.116231912564451 0.131198228986802 -0.388353404683124
0.0041637915388322 0.103131747119811 0.0529048818362944 -0.413686316658544
0.0551443021877726 0.0628640268183924 -0.171866385480093 -0.317134566077636
0.0585476184461146 0.0203526213887075 -0.286758796798203 0.0276007704030276
0.0604588651313765 -0.00993850193402255 -0.0222676603322321 0.28438562519787
0.00638399873130595 -0.0420383415030602 0.2089410426474 0.0733746842243215
-0.0400502680588926 0.0297261974489677 0.0719034780513188 -0.090766924475654
0.0239402591540493 0.0628164302760612 0.0283348162298626 0.0220170753512101
0.15667865746427 0.158366956049163 0.0439351747634392 0.333506624277743
0.0293591326774071 0.222031742509772 -0.0908962372187799 0.128285345902153
-0.111769460979157 0.107774419872377 -0.00136826284591167 -0.0652828419257458
-0.11215224461247 -0.0942262141660725 0.208370745531647 0.0644923266732996
0.116787528143572 -0.113535172552447 -0.0281880213395229 0.285345005180717
0.175631029051231 0.112966463955217 -0.292990797326655 0.0250815779764604
0.0138875020239635 0.260174625817979 -0.0662594275239191 -0.2765702205643
-0.0838898840799221 0.256271775098161 0.105070313836995 -0.315284847637868
0.0319308531745565 0.237985114353709 0.00980442326915438 -0.358469053708142
0.198326789912248 0.10185757985249 -0.193968812015485 -0.286340436099117
0.165256667166553 -0.0968259140069243 -0.238391553263771 0.013964988206617
0.00204479670622044 -0.141387646391676 -0.0172924770680982 0.185507192722706
-0.10559604320862 -0.0446019280164969 0.122360195922136 0.0715459662762219
-0.0999145794566254 0.109706185964877 0.087574235853193 -0.0268721429162871
0.0397767883063451 0.137766203453431 0.0535593369109138 -0.00862197539715488
0.142596511678309 0.241805065311902 -0.0584702692847213 0.259477693877301
-0.042292103546209 0.322906625709168 -0.184614104428894 0.0716024211400441
-0.230882239034719 0.139489461037547 -0.0737963815832245 -0.119454238030888
-0.16913754103493 -0.183021843554215 0.137053342494414 -0.00858310255438922
0.204047959974322 -0.137273988556997 -0.0198336148184197 0.170005801399846
0.222383805536397 0.209015467497039 -0.184446870168199 0.0113664225530926
-0.02996205563168 0.367782185581017 -0.032804596398481 -0.163697450698189
-0.122818988816743 0.356592669423911 0.066580880408234 -0.195532090803877
0.0780854229791225 0.333951620085338 -0.0073657332947494 -0.254185771096634
0.318322893795101 0.0612764042196655 -0.185205389170515 -0.239592393332709
0.136858577340016 -0.280972402887954 -0.262782689616727 -0.0105812097522361
-0.211757009599458 -0.196831126874114 -0.0949228788610038 0.19371794353299
-0.234815378281084 0.0843352327541726 0.103872130812122 0.151701838659337
-0.0877618799410505 0.239155395072738 0.151515540585442 0.00284993565466602
0.0891111584156422 0.197878949839662 0.06877065584408 -0.0760541680006171
0.0756231113136668 0.27889688116089 -0.125010019763069 0.145383861571391
-0.165322938657942 0.33012389917591 -0.219112457230478 -0.0519985870181349
-0.335877413387049 0.0638753587799219 -0.0535316087269781 -0.246113372481959
-0.155169291481261 -0.308451770213036 0.201534550820527 -0.117127420490107
0.296550385233365 -0.139428353568502 0.111638770668218 0.117873203046865
0.230620022473511 0.2739069429717 -0.0590400775315968 0.0972567062857188
-0.0718718386152365 0.411745944239477 -0.030208657352147 -0.0074375163168369
-0.140494767906007 0.404679896957244 0.0199626079636693 -0.0394851924806955
0.117906893089823 0.377512042089479 0.0193397534209259 -0.110646230701149
0.353503010655812 0.0115137772900759 -0.100551473632832 -0.176272140975072
0.0268535963054144 -0.332650335120458 -0.226578266504667 0.00190063717288386
-0.359878014984419 -0.0905835989382371 -0.0570977569966839 0.233979646371555
-0.23255898687916 0.252812686283043 0.18458223872055 0.146993848759746
0.00125682225252241 0.322760333665579 0.19425124430145 -0.057911629920794
0.150315947182284 0.219499229889115 0.0410590566598948 -0.174475699494324
-0.0059762638487224 0.245232367234849 -0.130397849368146 0.0367833202073814
-0.232473690015024 0.210597904186815 -0.151289387921236 -0.119474968894346
-0.277888410763739 -0.083664154034018 0.0403333124501266 -0.239839904328283
-0.0117742057798279 -0.329479600431367 0.249281553774829 -0.0758852214732546
0.339444118687639 -0.0594695589334196 0.174540641120026 0.165902345409481
0.198996186832514 0.294692607202655 0.000273667294034545 0.220405197839093
-0.0891130807233878 0.387834515719093 -0.0592082029518343 0.153534930055944
-0.135754824115004 0.390476763569006 -0.0298090422711778 0.121990642138201
0.122550470295725 0.360490281493685 0.0791472700572412 0.0398940678925362
0.312687355944175 0.00940370135171073 0.0638071410572915 -0.158993013564151
-0.00870618166438365 -0.251090139151168 -0.134464551953906 -0.105674527140238
-0.308700950971419 0.00703575580116227 -0.0495467975904304 0.129700440118084
-0.125971303357763 0.280783023918578 0.173406143064898 0.0476095845126177
0.0852064078911996 0.289356117495891 0.144575786708465 -0.143513981176284
0.178566256604286 0.194714192189464 -0.0339469196735658 -0.268279975249678
-0.0544505968941951 0.164430438088165 -0.0905678388504835 -0.024383590086157
-0.193655161795916 0.068785905549169 -0.0833388175731423 -0.062898885563552
-0.113650160010789 -0.127485688154595 -0.0184216101075704 -0.136536958606952
0.0926952920613861 -0.185238139655948 0.140220803858887 -0.103910934203588
0.253832252189248 0.0458712721987906 0.175357038806086 0.126792290327482
0.13050772579024 0.256514412945225 0.0238743517861087 0.290101768937708
-0.0759601896045535 0.306831942110009 -0.092992655068458 0.280376500575569
-0.110413442383716 0.315952933054518 -0.0753009037912566 0.262398850833741
0.0911986212265507 0.289720343120777 0.137370647368647 0.166892554610792
0.228301051148301 0.0375089654184589 0.202539439576517 -0.190299421775841
0.0237057829294244 -0.138855888532388 -0.131129437777269 -0.250778820197272
-0.175238832290225 0.00775364563767608 -0.157562892378602 0.0526523633973835
-0.0458639099827359 0.17853842103099 0.0803742640585964 0.0251618653199008
0.0923108899002437 0.184015584295333 0.0592766122159279 -0.165660393293744
0.148494602991025 0.138614676620225 -0.122997977389687 -0.327250770509134
-0.0569464399975629 0.0790080656328866 -0.0430631027465862 -0.037547428519892
-0.111734065940429 -0.00239177848221693 -0.0761318864296815 0.0326384072585877
-0.0255202924744471 -0.0838453232918834 -0.153658361213496 -0.114133848332097
0.0762577138402792 -0.0661654663935445 0.096506687074641 -0.241828048816613
0.125629218949249 0.060463497438969 0.249861730057206 0.064474373662335
0.065231169582301 0.158425385591489 0.0662811341126995 0.324352198515601
-0.0447234620354361 0.187109065250844 -0.104778627494972 0.367124922413611
-0.0670327762899048 0.191742534669803 -0.107136596051117 0.363419374409204
0.0392832497589975 0.178572638313816 0.161991670514223 0.260035916229551
0.122766034488149 0.0575405910639653 0.278326278470357 -0.202791570456301
0.0451005379369995 -0.0465534336232431 -0.150933376035836 -0.318167859589789
-0.0646830898424872 -0.0115594729803774 -0.245119286159257 0.0450617208353339
-0.0151234275061157 0.0661448266831811 0.0167954852599923 0.0695397161364992
0.0464257244033601 0.075292472240376 0.00829791269286626 -0.14097614657548
0.0676778807607717 0.0741276831335304 -0.183217918756687 -0.350454413168056
0.026997568055723 -0.00726865420510554 0.0103599401609336 0.398626632375734
-0.000251166742176879 0.0104569189247915 -0.0438227774210301 0.1045783585191
-0.00361292479364315 0.00311377581401941 0.0576468622036757 -0.081668996668757
-0.0093194137702606 -0.00405067345968653 0.255164295342722 0.0932651886027269
-0.0151216392701247 -0.0412460281882216 -0.0351216454735682 0.337172907690768
0.0111562813259974 -0.0513231725856702 -0.349843890673803 0.00828053382186109
0.0388631173134659 -0.0299645979806649 -0.000788966026606251 -0.350944465495641
0.0377166411728694 -0.027185865646139 0.290606973658489 -0.305131137283267
0.0243661477838035 -0.0356677539720435 0.266239856503628 -0.329030075544112
-0.0132043625856494 -0.0503114254412693 0.0339545648342227 -0.347564969883599
-0.0426611470609609 -0.0122379901098033 -0.259767720412058 -0.14815636641914
-0.0109317384416521 0.0403164145844829 -0.211276497771658 0.240122189804844
0.0176851116623406 0.0254713037161656 0.158664882756215 0.202962170511883
0.0258225326045599 0.0234589338159647 0.112853824369558 -0.0606227208084816
0.035114986270204 0.00877962761381636 0.00630207962342127 0.038073503285069
0.0694656447725537 0.0997763671501848 -0.0269207200881459 0.378105407351294
-0.0147962210822013 0.110996199351783 -0.0700914636096432 0.0992874374379916
-0.0592588525233512 0.0314357152887681 0.0663651386040066 -0.0671829642251922
-0.038083382194417 -0.0601817084804059 0.232832714127473 0.136210805383149
0.0633910719141247 -0.0576489086770869 -0.0944295431960241 0.316590713703179
0.0760816539875273 0.052303060430273 -0.334310576847576 -0.0548417147694402
-0.0162349457026406 0.115633754140451 0.0375186873146871 -0.339359287227564
-0.0805406416393583 0.0911186640705491 0.282753671237388 -0.289031838325083
-0.04232873151562 0.0935045213245138 0.226133575677205 -0.343187153551911
0.0212434632672071 0.0803704395911669 -0.0137208620514918 -0.355302827055153
0.0436228262003344 0.0445128623775108 -0.262295655782371 -0.0993506554409747
0.0594156944905321 0.0155158805938201 -0.139559499465347 0.241245880935747
0.0225736508175677 -0.0368934735195381 0.154698538132055 0.15250106873329
-0.0491250895610079 0.0109167552401093 0.100265664840409 -0.0508192122621374
-0.00506277186203279 0.0668542190638073 0.0166657287998522 0.0316491047490352
0.0739580437778382 0.202122582551446 -0.0931976741646036 0.319767730210285
-0.0640964127668109 0.208316809920596 -0.132485450822106 0.0769856882701184
-0.142040426994614 0.0493977955723537 0.0293907235175167 -0.0589709748792067
-0.0614458831232636 -0.12976451199162 0.163136908757933 0.145765607787042
0.150948363832627 -0.0515785686657268 -0.143722412845914 0.246735229530668
0.109263080428886 0.174280422513789 -0.274861471329199 -0.0967979430784281
-0.0980770684419387 0.238410570486945 0.0558922380980913 -0.274448237271358
-0.185210346413071 0.194515902713218 0.228286619356422 -0.235936604764428
-0.075094785421888 0.225062507205094 0.164819062437127 -0.312410571434193
0.129871180455793 0.177188024682113 -0.0479243695356967 -0.337568720798097
0.187545897800269 -0.0136616235328635 -0.217283080233109 -0.0914599971952409
0.0630979366882128 -0.126113503323969 -0.0968468569592887 0.156358762697071
-0.0755395378566436 -0.0849993872346791 0.078110349211824 0.1158628338792
-0.136589959414877 0.0572035069783313 0.0895508534422808 0.0134579071831807
-0.0224481567670421 0.140194917759047 0.0538916851660628 0.0140757824277909
0.0297538154657862 0.271988051880912 -0.156584834881401 0.213356564818532
-0.169795844572281 0.269034230186354 -0.193234542326846 -0.00818855849995859
-0.261456632849987 0.0288136278999308 -0.0154436250055515 -0.134870909159183
-0.0753201717797879 -0.232434461996621 0.127204871701484 0.0531925943699779
0.240212308315466 -0.036565414139028 -0.0918095519465194 0.145347662018403
0.109181400687823 0.281851581107343 -0.172539132403513 -0.0662043579483035
-0.183291772180309 0.314463263077979 0.0391380048415971 -0.160772508039846
-0.263338525545025 0.268133352300525 0.142891370155478 -0.144739606347275
-0.0760436113327452 0.33119434016319 0.104309190346475 -0.227444033729568
0.255219370387333 0.191834072381099 -0.060176438719111 -0.292801100234212
0.240620469432736 -0.188439688426718 -0.229612268289712 -0.122773491085065
-0.10315401271444 -0.265528345178204 -0.16816618173808 0.132398715351628
-0.244102926772106 -0.0244865274909081 0.0298354093409774 0.180485867036092
-0.181637584867235 0.177483558211874 0.136139225192805 0.0671181483341146
-0.00521504344728348 0.215321051507166 0.0961504310097346 -0.0424160319530615
-0.0453769121694097 0.279261004217772 -0.172242092504473 0.08380488519381
-0.282810373872162 0.227843210705458 -0.17779754478182 -0.130961283034168
-0.323392857544681 -0.0815211042362835 0.0509293333916668 -0.238999103214598
-0.0114069984488861 -0.339207831175608 0.226442725542731 -0.0205377102020576
0.322715911651138 0.000670669430990277 0.0468641191017985 0.150140478117782
0.0863552328255162 0.343486020829931 -0.0958529009147079 0.0608397404289182
-0.242156275391379 0.335728659666443 -0.0252467936680465 -0.0209677677651678
-0.300841465876263 0.30110569737279 0.0345405779432066 -0.0269839848654085
-0.0595259275238906 0.385769906561697 0.0650060524379532 -0.0889403878247145
0.307636843205233 0.16353692407162 -0.0113486337438869 -0.199185947278671
0.166055962954351 -0.281243235546089 -0.200920006848274 -0.0965395587434188
-0.28026449318566 -0.233655900449867 -0.149940432661973 0.184834453518698
-0.312116742026205 0.126813142842891 0.105645332529963 0.208834647057592
-0.136109276450056 0.28833543997005 0.199776223835141 0.0295213815847481
0.039729436992241 0.2603639704536 0.113318852697032 -0.143441349812026
-0.104724162287002 0.217044254731955 -0.133434787946695 -0.016664898598921
-0.294836687107874 0.0939236212550555 -0.0904814418365415 -0.167207680392534
-0.212795202088143 -0.189089186377996 0.132027071304432 -0.19818220740198
0.125617052887502 -0.29826358738117 0.253413587688262 0.0341551044363944
0.327921015702666 0.0895107029983388 0.0851707454450298 0.219891678990617
0.0484467741310292 0.349960848663069 -0.0944702520815546 0.195609052794169
-0.247027420995552 0.306271738124829 -0.118175681470505 0.109177695902663
-0.288191152816941 0.289872574617413 -0.0781344725483015 0.0956485443487358
-0.0464268492966327 0.372789901320839 0.0544983464392818 0.0699640350509302
0.273921066354947 0.142601406629862 0.127400557747738 -0.115367111053482
0.0987658688910054 -0.223973563851669 -0.0742776491675915 -0.155230891962229
-0.276510656641168 -0.124507978980574 -0.100802472595682 0.0934644089222365
-0.227692258227637 0.19535983733747 0.133746453551472 0.11593797691719
-0.0466970428404111 0.292398504985625 0.190623180004037 -0.0663782697643533
0.0767282846079746 0.249706060673195 0.0843839406944156 -0.259060594998663
-0.114592708653192 0.125494682577842 -0.0729984600695061 -0.0561670910061298
-0.201147700882069 -0.0180593143232809 -0.0510943031165106 -0.0907787909778084
-0.0469516857330247 -0.160866627797964 0.0405707184420063 -0.129567712715955
0.159149462251585 -0.125703749026686 0.168171367444086 -0.0343204292466429
0.206652097926971 0.148226165572202 0.103046655727605 0.186721162606897
0.00551207821340483 0.283860541339687 -0.103318538550246 0.268505570873384
-0.199195086361481 0.23986496783189 -0.202355281368821 0.208259458972011
-0.233923191208922 0.2341314621093 -0.179404790326262 0.201347782105849
-0.043161056025768 0.29657619512288 0.0514986075907869 0.206491696081549
0.185879984843027 0.131738661194061 0.2633552647526 -0.0867144114749316
0.0796152068683283 -0.112007133490534 -0.0121636788218792 -0.283274470601041
-0.157072723424943 -0.0659427864409604 -0.166787620928346 -0.020213932094929
-0.113246179404659 0.137858677165642 0.0586321737209516 0.0587631505795447
0.00513127292808887 0.200557214840478 0.123168104749915 -0.121708498213208
0.0741342005398457 0.185795749275702 0.0277668929360105 -0.34885007903643
-0.0833978468334509 0.0480133089437068 -0.0251897930649437 -0.0501599314184277
-0.0995129216341788 -0.0493396730638292 -0.0820008174572652 -0.00156061615050404
0.0134242707192037 -0.0849740758993524 -0.0897070861871354 -0.164047019425641
0.0952188247891966 -0.027342235361356 0.18243932019444 -0.174155409541701
0.0861314544580077 0.106174214580596 0.192260518204711 0.161423558805169
-0.0107442686536338 0.167471401200415 -0.0801935329806708 0.317754741167561
-0.121131263846561 0.145851160113982 -0.251242275301301 0.279721211856462
-0.142259793015345 0.141341177839542 -0.250443860930193 0.2773842874069
-0.0422032187521129 0.174248160629294 0.0332702054167924 0.299571029583166
0.0831895394280209 0.104341070967961 0.3343395298164 -0.0666000404223261
0.0596112700597724 -0.0204323805362619 -0.00205996487471944 -0.348066046789574
-0.0511689073933377 -0.0371061047778431 -0.240650565592709 -0.0627617684799335
-0.0393526515128762 0.0514848958161273 -0.0159462641099385 0.0722261960191545
0.00878768071849512 0.0846836722522119 0.0674470482121819 -0.120242182263212
0.029060880382581 0.0961637380350156 -0.0176355745990486 -0.395413025769771
0.0265451424088206 -0.00789419542376699 0.0208613331754928 0.38780932108641
0.000728047458400997 0.0109937357870096 -0.0405905173008991 0.0985817333637987
-0.00283226608492807 0.00353495823201663 0.0545518895785135 -0.0827558118202527
-0.0102578065389679 -0.00344632341838546 0.253265913314647 0.083953542515226
-0.0159047763294824 -0.03945691074535 -0.0240660761036636 0.329155456556289
0.00908744009145184 -0.0503922741067728 -0.338893361575123 0.0211953545489771
0.0371452079426601 -0.0305473475981226 -0.0098752230758644 -0.339695044746476
0.0357654103735564 -0.0277772039537176 0.276704592343743 -0.301090032274913
0.0230707253429947 -0.0344723852107931 0.253209995052066 -0.325444048119402
-0.0143902531366763 -0.0480730027835021 0.0289825766958067 -0.33675949233283
-0.0410629252066677 -0.0106080754214486 -0.251404072246728 -0.139549373260442
-0.00866687562462956 0.0385718621477616 -0.195968845634884 0.237020092478669
0.017636037710079 0.023433933742327 0.15909692906258 0.191320330942326
0.0258345788081048 0.0232376346451329 0.106195304173157 -0.0618220086212968
0.034119617216315 0.00756683726359498 0.00841107007141109 0.0368802853826864
0.0697042083511158 0.0944861439727768 -0.0169573277260421 0.370252646175955
-0.0111629744722343 0.108048273499242 -0.0650728741768832 0.0946470706099549
-0.0552327706219246 0.0314025106355677 0.0646698562173819 -0.0696334502465069
-0.0387841275011706 -0.0565972019354583 0.233867497150701 0.127090322061734
0.058972819601322 -0.0574924470147054 -0.0821134637238974 0.310983533172472
0.0747217737329344 0.0476408813913217 -0.325909987711928 -0.0401502080030769
-0.0128450891337798 0.111947529579952 0.027388857234074 -0.329016308395257
-0.0766263636977178 0.0890790766036753 0.269369555851566 -0.2845003016574
-0.0400397859639933 0.091027950513155 0.214973163371494 -0.335606667356398
0.0209942183000259 0.0769897962501394 -0.0187065720773442 -0.344180124244466
0.0432490030334963 0.042445360693292 -0.253431917094581 -0.0928007419612581
0.0581862881363419 0.0123724398730817 -0.128877517108929 0.235800765596041
0.0207825323548525 -0.0367195399308685 0.153290770058571 0.143686116743095
-0.0478566362204751 0.0131060712989418 0.0953374016726274 -0.0518068660921687
-0.00404566360366502 0.0650900336503584 0.0187851845834014 0.0290609297373251
0.0780162367142213 0.193063288236462 -0.082290911888811 0.313598554040397
-0.0569561430009065 0.20382828924129 -0.124911556159478 0.0770553431647897
-0.134878660136624 0.0508683227024344 0.0304992204126901 -0.0593323884279701
-0.0619374313350539 -0.123499177577052 0.165808535028303 0.140179819552078
0.143881139008656 -0.0535626694600969 -0.133440819068782 0.246729024379168
0.109910425509077 0.165655317576649 -0.270845648879687 -0.0842592370518066
-0.0896495854265494 0.231421355438644 0.0477768614214726 -0.266924159231615
-0.176249863271898 0.19232818205527 0.218369657605929 -0.232132419017374
-0.0694403253015024 0.218642384036018 0.154366418577876 -0.305877431298491
0.129097197093322 0.168915856842803 -0.0528912466484562 -0.327130044677253
0.180971223928428 -0.0164395609750593 -0.212680797931518 -0.0862939446370524
0.0582956952388146 -0.123727705208668 -0.0902822965864856 0.152972610728929
-0.0751902925316838 -0.0817322460059802 0.0783790776901693 0.1112749317343
-0.133202566579971 0.0608239753263328 0.0881223172491846 0.0112376079558858
-0.0177822456074763 0.137738431221779 0.053977442012932 0.0103954397318748
0.0366169369605082 0.262579355821578 -0.145581154185466 0.213859373908483
-0.156792353613597 0.265627552449355 -0.187971451979892 -0.00256399738482967
-0.24944004298812 0.0340867063659806 -0.0148847193309062 -0.12956013403086
-0.0779311848407219 -0.220761132188554 0.125671117351821 0.0528291293056107
0.230798396738534 -0.0397940935244091 -0.088449938450846 0.146251950589924
0.109803728346802 0.270132577902334 -0.172206831570085 -0.0590917399941239
-0.171466906065171 0.307524661230352 0.0330529902331601 -0.15712033472083
-0.25110799192564 0.26291586131283 0.135466940352458 -0.142723043335994
-0.0678989791968685 0.322227816165638 0.0967776905447676 -0.222247248180917
0.250203127429235 0.181847108217901 -0.0654646952036611 -0.281976624834718
0.227804304631359 -0.186296523946519 -0.226591644496432 -0.11315061133197
-0.105855183127276 -0.254059896883308 -0.15903225031538 0.133759648857328
-0.237827881547533 -0.0172905705241492 0.034576898335686 0.175957357231454
-0.173285022779856 0.17851094471696 0.135059859890573 0.0613605008062413
0.00146928041739856 0.209649581517081 0.0937926101707572 -0.0456265681803023
-0.0364041893939507 0.271482759658947 -0.165859446352446 0.0888023667555551
-0.268707373415768 0.228870989297979 -0.176843765158082 -0.121530533031773
-0.312357541183315 -0.0701404971472872 0.0427596448401023 -0.231859313716582
-0.0187267378298465 -0.325413057295095 0.217226801941486 -0.023294572902973
0.310983226325995 -0.00454931083139509 0.0466539029303006 0.145422661280474
0.089078555319618 0.331707311782702 -0.0936513808646848 0.0605857992810793
-0.227568778096715 0.329015883604142 -0.0254532493989541 -0.0210239479781662
-0.286241361041852 0.296819655900666 0.0335647837097539 -0.0268081578245308
-0.049667491644939 0.375284967656525 0.0622072721011643 -0.0870357647270358
0.300786882795194 0.151634023756404 -0.0146373233390998 -0.192384871914499
0.153763018351802 -0.274202960543229 -0.195663174454485 -0.0892583245162984
-0.276844749352284 -0.218210840596038 -0.139533934048701 0.182418905208517
-0.298891121581771 0.131733811094367 0.108200054956551 0.19945061847508
-0.12455942390738 0.284788872368553 0.19611001928708 0.0222781476944029
0.046809486531994 0.251069496907734 0.106942612051821 -0.144967230669587
-0.0949658480844878 0.21269397694822 -0.131513891740067 -0.0102326027316585
-0.284348689146939 0.100174348702459 -0.0931833103258488 -0.158742720097791
-0.208807173323275 -0.177533126557957 0.123005551671408 -0.196022575131245
0.114503738194302 -0.290731913017014 0.247026940141178 0.0265834841656974
0.3167731514532 0.0820408592706642 0.0864285329495745 0.210870106620258
0.0514229180200885 0.337404192208744 -0.0889276552476466 0.191060702289414
-0.233942620596267 0.298501346992644 -0.112603960188876 0.107029518911173
-0.275071081260281 0.286955302141084 -0.0743738607166874 0.094181161013347
-0.0364938308697982 0.36155280213193 0.0558132612843632 0.0667681520284518
0.267728354610857 0.131804864157185 0.123264969647193 -0.116666299896512
0.0897440665731911 -0.218566670254561 -0.0765240904603833 -0.152842330771017
-0.269701336266553 -0.110820112135791 -0.0975147032136957 0.0912881850115574
-0.213816272507389 0.195738509191604 0.131174683064736 0.108544168989041
-0.0374070530402608 0.283762331859552 0.182976251803909 -0.071011256615222
0.0825682618323858 0.238186515503817 0.0747038376486048 -0.256139219308412
-0.107844583226399 0.124716281029741 -0.0730007716863599 -0.0514477966841938
-0.197342536429943 -0.0121799725674475 -0.051965314618976 -0.0863797229908642
-0.0480789990680914 -0.155262719900601 0.0373389066634281 -0.126978927799128
0.151590158500116 -0.124924004885877 0.162913973932461 -0.0356619261763503
0.201049355434142 0.139839686483145 0.103157533160938 0.180367495983165
0.0087562367933948 0.273532595485706 -0.0964198388576712 0.263533418100628
-0.189843802811185 0.233250992029079 -0.19318604462511 0.203523356434221
-0.221651748705669 0.231818208395771 -0.170710319435402 0.198524397864978
-0.0364202327497964 0.287212139007721 0.0559175021676131 0.198655983401318
0.183544362791675 0.122939157432903 0.255413790575828 -0.0948501006754675
0.0747197450843409 -0.110457563602158 -0.0218290955943029 -0.27837582921556
-0.152548050389334 -0.0581481908304977 -0.16670853452356 -0.0159109921951619
-0.10419075269362 0.135622519094394 0.0559556614742485 0.0572509107092019
0.010205091537072 0.193817857742427 0.11574965711689 -0.119948594526752
0.0772474550594287 0.17767649530193 0.0153664453759228 -0.341541609486813
-0.0800764329836255 0.0487714202575983 -0.0261782549756885 -0.0468922823630672
-0.0989908697278111 -0.045559244036097 -0.0793639606190769 -0.000385259859454998
0.0122294179333438 -0.082629972845356 -0.0895380113710271 -0.154945537310615
0.0926375671988275 -0.0285523857558678 0.171730368788845 -0.17026143324955
0.0846985085329163 0.101356316106229 0.186942486018897 0.154052197720022
-0.0076149502810201 0.162711534737126 -0.0739283770527131 0.309628770911949
-0.11422203778894 0.141789680495469 -0.239623677178044 0.274502380764823
-0.135453952790562 0.139503807605113 -0.238292559621364 0.271590940902541
-0.0377447701080083 0.169450513154755 0.0406657869086451 0.289643960378432
0.0840626338526303 0.0992315644652141 0.322789339938175 -0.0770672890256912
0.0572805174869588 -0.021827286182104 -0.0139435445841161 -0.340773431401169
-0.0505756481957694 -0.03329139912821 -0.238797477258563 -0.0535490158096922
-0.035391900032613 0.0504673518879483 -0.0156305841559179 0.0735430494312944
0.0105930814043222 0.0804505499430989 0.0626397361179534 -0.115580526144004
0.0313944178488912 0.0907458573626783 -0.0272909970917573 -0.382715101110974
0.0264543233504769 -0.00823864006906118 0.020512686852001 0.380246262875561
0.000979816281403119 0.0106909538004572 -0.0407266299948581 0.0934938118746187
-0.00346781510033523 0.00384127655802097 0.0557583930845396 -0.084252086084571
-0.0103349136729229 -0.00367393708907585 0.250310612127872 0.0814144492969327
-0.0159680144187191 -0.0388740508952772 -0.0221178698978059 0.321159923067698
0.00946089997279554 -0.0496551738824453 -0.330363174578194 0.0220292262479018
0.0359233286990481 -0.0298883747590167 -0.00841855456893377 -0.329278064314495
0.0351848883127661 -0.0256714879764735 0.272910048330108 -0.290065755809004
0.0225161757971808 -0.0336078584080801 0.250058513231101 -0.313807791253283
-0.0142828645382293 -0.0469204854764893 0.0324939946935348 -0.328254714002679
-0.039242105426981 -0.0110711950061884 -0.241660683752117 -0.138577433953374
-0.00837772517652228 0.0363031485424761 -0.18959469410303 0.228104049250011
0.0171892384916784 0.0225917543743553 0.154577589556403 0.186324235512936
0.0259901120665639 0.023906490461893 0.102653415852223 -0.0596992641196226
0.0334687132295177 0.00708696836819507 0.00875489488235219 0.0356149546224919
0.0680977279043286 0.0914817177765702 -0.0152516783918856 0.362218106970092
-0.0113248712826847 0.105590452536916 -0.063272989953274 0.0891518570837505
-0.0545088197482368 0.0300692560173571 0.0655266230502247 -0.0703200070203577
-0.0375865387499982 -0.0548884469528754 0.230693015345321 0.124562805609036
0.0573832580849814 -0.0561911978320408 -0.0798489725732662 0.305406015219591
0.0727609875868803 0.0461596152851695 -0.31776710460126 -0.0378698899669569
-0.0128553542355784 0.107925110055766 0.02744225934634 -0.321018754048079
-0.075248711189852 0.087322782025929 0.266613194051915 -0.276452440337783
-0.0411410362792916 0.089151104760008 0.213203842238605 -0.324910073776436
0.0196274069737959 0.0746903057219191 -0.0139391480687303 -0.3360469863049
0.0424631457451772 0.0419205116035863 -0.243781752412766 -0.0929403047210805
0.0567909027732269 0.0118453749166258 -0.124498362387648 0.22778984685043
0.0211799629768336 -0.0358896246195909 0.149686976066623 0.14021147334416
-0.047107723575692 0.014220276768242 0.0923490075519647 -0.049586572184051
-0.00294676782987241 0.0641047782685231 0.0188857608127872 0.0279420957056944
0.076779576623949 0.186820938244126 -0.0809515112952267 0.30785097801208
-0.0563232889690617 0.198067541662906 -0.120850585075473 0.0728720469562469
-0.130489375230442 0.0484379697569801 0.0336785878333852 -0.0596011455988364
-0.0598735242465278 -0.118417564603308 0.164908189096787 0.139123394329495
0.139716149600103 -0.0507336869419935 -0.130603981843878 0.243562614601013
0.106028121089522 0.161628874107249 -0.26609941844983 -0.0808074961796167
-0.0881620447644408 0.224024422521961 0.0471249642221437 -0.260173550978761
-0.173855344980266 0.186081109717786 0.215892425702288 -0.224824212081627
-0.0699224540016997 0.213034128040151 0.153937205703639 -0.295789731091531
0.122703414998602 0.164458981632332 -0.0494205860386805 -0.320371404807471
0.175664044264694 -0.0149477942431191 -0.206467203668896 -0.0872498985138812
0.0565099843919763 -0.121335960065378 -0.0892661388618667 0.148536883140608
-0.0730293919386692 -0.0808140497328185 0.0758763954985335 0.110267527463831
-0.130585509903584 0.0612242755156499 0.0865922489492729 0.0114558807660604
-0.0174995447268156 0.135296620430237 0.0541630664670687 0.00888817284879734
0.0368757805130157 0.254504250960092 -0.143457316277289 0.210227770204867
-0.153646536693038 0.259147734825184 -0.182757068242524 -0.00278578019286252
-0.241344456700369 0.0320036626826243 -0.0115406906001379 -0.125791296550925
-0.0740786271915787 -0.214503630244724 0.124319729287662 0.0561969575738838
0.22438492371384 -0.0362151693271745 -0.0890101532317164 0.146458845287397
0.105721159950759 0.263086131765712 -0.170802447020257 -0.0577631558052684
-0.169729342217004 0.29742681298128 0.0324881351668322 -0.153832822458809
-0.247465270248283 0.254960707868309 0.134149229264172 -0.138213961406577
-0.0688073521089466 0.314076669085176 0.096714222808369 -0.214867304391729
0.241289501634102 0.178526237019184 -0.0626281385160515 -0.27614911933678
0.222120992218194 -0.17960163672192 -0.220573749970501 -0.110729815436143
-0.102527661809756 -0.24746132975578 -0.155609216508407 0.131994183769718
-0.231602256166596 -0.0172977077117347 0.0354234963762874 0.172724176400201
-0.16953025267501 0.175860680072821 0.133832273109969 0.0598543145468355
0.00243568193832627 0.205664497053749 0.0925141178763224 -0.0472248768297953
-0.0344149007779119 0.264556307025665 -0.16304045867279 0.0888845470882174
-0.262884973626791 0.223821545088284 -0.172592476046469 -0.118018728034401
-0.30300930043386 -0.0697405107483758 0.0426274600494135 -0.224987718662971
-0.0169087058312501 -0.31537341569383 0.210592642631955 -0.019576549338689
0.301132935485918 -0.00131622429463942 0.0412056777417553 0.142712382274305
0.0819727442953372 0.323191583778254 -0.0945296487382947 0.0575922014837917
-0.224585092919868 0.317315260784216 -0.0259690807339381 -0.0212355604249724
-0.28185432220283 0.287512423911922 0.0332677594517996 -0.0248813528692383
-0.0514345893199597 0.364798373333594 0.061209856985624 -0.0838929710723924
0.292075672062971 0.149286753869539 -0.0124046156361615 -0.187987046699117
0.14981083579925 -0.266160673962824 -0.189209913495868 -0.0886446841022278
-0.269825673731058 -0.210950985898877 -0.134365380239964 0.176459247209999
-0.29141404827989 0.127914147526512 0.107350057321956 0.19444761533015
-0.121685509473751 0.278222441084972 0.193125617149472 0.0200892965903808
0.0461310652432436 0.245887202591902 0.104384705510818 -0.145045604343549
-0.0925460640367331 0.2088315888978 -0.129385536396342 -0.00864787266574333
-0.278583925899877 0.0979319688761371 -0.0920929496057473 -0.154609686542874
-0.202375968166072 -0.173398784719284 0.120194183937383 -0.191404348345235
0.113899894898519 -0.281727402532282 0.241110325165132 0.026271692597661
0.307237133608276 0.0835578657178809 0.0837508228739918 0.206338328014463
0.0451913418128657 0.328387839788138 -0.0892658386448139 0.185557201768175
-0.23140196679139 0.28842806505856 -0.111177595473613 0.102754723378239
-0.270691203478878 0.276714416779766 -0.0729300452659762 0.0910033499136415
-0.0374870564817201 0.351667030935426 0.0548468605575732 0.0653883848665317
0.259698351138648 0.130058126776563 0.122633444446363 -0.115679810468639
0.0881381405061009 -0.211695609451197 -0.0737865708972847 -0.154216669434363
-0.261589232620539 -0.106602824074776 -0.0965129033893541 0.0871605674028872
-0.20620728872433 0.189859939640296 0.126628240860862 0.105828284605668
-0.0363970339957322 0.276125974537111 0.178112986427568 -0.069422934032137
0.0818919094992274 0.232112245878754 0.0724821504458012 -0.253854700823992
-0.106357086627817 0.122946537059887 -0.0725928467559288 -0.0492439249096116
-0.193737887313923 -0.0126537738562775 -0.051360055871613 -0.0846699021762691
-0.0444842114202134 -0.152929143633311 0.0381119967413482 -0.124581492621843
0.148945766835144 -0.120221717661017 0.158927505019267 -0.0326377499822108
0.19313166123003 0.138309806946929 0.0986403168194555 0.177907896639464
0.00470642959733736 0.266713915017849 -0.0968195605372748 0.256096496408873
-0.186985158609632 0.223141615506105 -0.191859502130004 0.195625284991691
-0.21837226505455 0.222965324400515 -0.167993929967186 0.191295341627985
-0.0366192594837303 0.279004304093899 0.054174737464933 0.193293736036471
0.177372391498105 0.120939912163813 0.250000379025919 -0.0962817683659036
0.0725892149849892 -0.105913891372274 -0.023877537543967 -0.275994315149041
-0.148430606918665 -0.0559863205744808 -0.165860278964282 -0.0158500961838818
-0.0993791426241128 0.131012140701009 0.0517134731305255 0.0580568237823144
0.00923669038871125 0.186956850387023 0.112993526036114 -0.11634764825085
0.0765071302130154 0.171912053562357 0.0153132242661503 -0.334169695499379
-0.0780489530116266 0.0485530409231932 -0.0259142745282658 -0.0456856589083173
-0.0976830606903994 -0.0448204921024766 -0.0763374395251672 -3.99205480632986E-05
0.0127097864687946 -0.0814797984584816 -0.0851002642138666 -0.150320013205447
0.090085534070484 -0.0277966382034326 0.165872276036008 -0.162566912815067
0.0805326416981399 0.0998398329348577 0.178766131295891 0.151738663285953
-0.00881852518686702 0.158072994812564 -0.0774584998261839 0.300872052870558
-0.112693589214057 0.135712785622299 -0.2365361082112 0.263520046839208
-0.133381504795063 0.133555283602636 -0.236532376846253 0.263198255154878
-0.0374690672641754 0.164267632498559 0.0404433705926405 0.281915456427053
0.0816479154668142 0.0975385349451707 0.315476415505306 -0.0803408745017776
0.0551886913346489 -0.0210039132710654 -0.0171917242137635 -0.334051415045836
-0.0491586550390906 -0.031456559673954 -0.235909435273845 -0.0514052582666375
-0.0331365463593226 0.0476026698385295 -0.0169648395330349 0.0744664531809262
0.00968087484785348 0.0771894294739435 0.0620842042908227 -0.110635751691046
0.0317795215324288 0.0876510238459685 -0.0280323129208774 -0.375136808663545
0.0259910120119709 -0.00802422652386027 0.0164097902189426 0.381931024400171
0.00119112756867539 0.011657291415297 -0.0430524091393889 0.0907824908567381
-0.00362030667015018 0.00413693286656819 0.0571569317208224 -0.0866849199806515
-0.0107989319423597 -0.00299185592329336 0.253136307979999 0.0837550260092811
-0.0161422025080659 -0.0391185819552866 -0.0251522438176975 0.32442284470365
0.0094523073366047 -0.0499345068616387 -0.330077284193051 0.0221356425703174
0.0367473418432936 -0.0296293700099366 -0.00542247346137215 -0.330438577342673
0.0354729909852392 -0.0248835573280829 0.280459152510086 -0.28617115003542
0.0234092533815372 -0.0319021709632909 0.257240449043679 -0.31003662538778
-0.0138685036095143 -0.0469987080643782 0.0404063831699309 -0.326289870463644
-0.0380927482783144 -0.0111316405070337 -0.236602336636754 -0.143955575037872
-0.00838384742184818 0.0353920659786048 -0.191027781056031 0.224331223703213
0.0168743051068669 0.0220459085812155 0.153189562232026 0.18712023757198
0.0268769428739253 0.024556909570891 0.102273929807562 -0.0581462409330288
0.0335867241760589 0.00752402001174788 0.00916828722272584 0.0353552410516547
0.0675797248914463 0.0916588253457004 -0.0200722839214452 0.363582073738636
-0.0117380615874563 0.105714657702308 -0.065014801039188 0.0858348056408845
-0.054702919423238 0.0295096454135028 0.0690337865313758 -0.0738254594824237
-0.0373477489650613 -0.0546028879602811 0.233079953387514 0.128739571818414
0.0565812522475719 -0.0549607784056994 -0.0820038705190822 0.307205980269578
0.0716030205419224 0.0463763378325647 -0.318836628677181 -0.0389644127563565
-0.0144628006776203 0.107100758058827 0.029893801759491 -0.320620289619722
-0.0778981994499749 0.0861629437738118 0.271751257482002 -0.271967576677546
-0.04273216441617 0.0885310594190983 0.21977170055823 -0.320901995659413
0.0176832953660791 0.0750184764114098 -0.00774147830904646 -0.336018161767097
0.0422438345691425 0.0425227983957826 -0.239520915813406 -0.098521820802509
0.0568774135049234 0.011854133745716 -0.127201521599451 0.224802149663985
0.0209693929294879 -0.0363034205105423 0.147755424187047 0.142252756162161
-0.0469179364994821 0.0159482707606715 0.0919270222949764 -0.0477228903135953
-0.0034941029922936 0.0649015493771084 0.0199585168097203 0.0273263192880413
0.075011983043138 0.186701316840122 -0.084583869212471 0.309907652858424
-0.0577658913786564 0.198150018881484 -0.121723177498303 0.0702106967995605
-0.12935305077711 0.0461501175827262 0.0376941527132028 -0.0617312934526957
-0.0574954446897715 -0.118848376272721 0.168433506573717 0.144213198941641
0.139145299430364 -0.0485137267289719 -0.134947777139348 0.246499358212081
0.103328414618138 0.161541300754482 -0.267619089315529 -0.081139195737786
-0.0919713837569392 0.222218875034107 0.0497881276605195 -0.260542950367547
-0.177232555004068 0.183253044287416 0.221558307125133 -0.220344061864691
-0.0746767253709798 0.210891350951896 0.159170685327707 -0.292599948142795
0.118903608047197 0.165737912197463 -0.0435178312939111 -0.321558899935768
0.176207789643891 -0.0103317058573081 -0.205436858894881 -0.0922076294644298
0.0582579078984763 -0.12044796018194 -0.092746168139483 0.147067309776953
-0.0725506046120088 -0.0816943227915507 0.074760785461846 0.112365747705761
-0.131515671675261 0.0619974814624787 0.0862094076864361 0.0128107521756999
-0.0184187863927575 0.135475156712638 0.055056297751714 0.00756256721699794
0.034558358719002 0.255836360400021 -0.147368878845628 0.211746920414408
-0.156618383355338 0.257775185057348 -0.182126138874913 -0.00479976998299777
-0.240489940294055 0.028435180906207 -0.00782498506570006 -0.12599181081304
-0.0701679524428053 -0.213766945621453 0.125655293612723 0.0618512331328623
0.224220227898779 -0.0320831128910922 -0.0941112116037784 0.148998255172581
0.100998250578413 0.264761372201623 -0.173522564218162 -0.0590458845578596
-0.174214279729808 0.294161696890528 0.0344117058864141 -0.153819685312114
-0.251914339113538 0.251465089853133 0.13719239661551 -0.135697120657839
-0.0755600388445935 0.313023365266246 0.10036033403762 -0.212502210927275
0.236857931149239 0.182250829025743 -0.0588813682486039 -0.277917367733621
0.22402780812993 -0.174400698409288 -0.219828180595655 -0.114992034655215
-0.10156592442442 -0.248526927193051 -0.157351824563532 0.130956271085861
-0.232301988168701 -0.0205413395610875 0.0350217143814175 0.174001274675788
-0.173361600571427 0.177788797622282 0.134041916513342 0.0602621757376429
0.000609980147406031 0.206844511675716 0.0950398205715526 -0.0486364959013376
-0.0374429471947794 0.264592448580245 -0.165226121623243 0.0895652820163149
-0.265731018524073 0.221993726194182 -0.172102912525606 -0.118854705480776
-0.301482793098051 -0.0740919239858402 0.0466143080073273 -0.224825885451719
-0.0116088637422435 -0.314817277501299 0.210152826605079 -0.0141198977963762
0.300572499064541 0.0057426614644006 0.0370624058437024 0.143784500164599
0.074809367198907 0.324711336140949 -0.0967788943241368 0.0553941010156374
-0.23120938953304 0.311455532594418 -0.0259180994824595 -0.0226686797804398
-0.286868996744317 0.28259128341614 0.0336989693700736 -0.0247562970346605
-0.0573696361795653 0.364672025803081 0.0633814868819131 -0.0828348608816104
0.288554917035212 0.154078601173597 -0.00820837187421763 -0.187910371084713
0.152910325354023 -0.262123837360175 -0.187051800514637 -0.0933000811752956
-0.266815273437465 -0.212314607231232 -0.135462906496372 0.174294815924384
-0.291460391964951 0.125449508390158 0.10555709315808 0.196040714788671
-0.124999023486442 0.278059061895066 0.193919595342242 0.0204255728391352
0.0449232005082065 0.246235682861346 0.108057643773176 -0.146370426843435
-0.0952596231678279 0.208591211676056 -0.1317776940335 -0.00853687192074643
-0.281319720258666 0.0957555230383935 -0.0905817034655101 -0.155191172368772
-0.19834752723475 -0.178242396746772 0.122876895326543 -0.192115226459672
0.118564760395222 -0.27858943509269 0.240494881839191 0.0296191727245434
0.303638252006262 0.0906770496227911 0.0801489639632304 0.207989471429751
0.0370731644151773 0.329508405236151 -0.0932579059378735 0.183522600292028
-0.237211551042726 0.28251460860226 -0.113723533756548 0.0997854668131655
-0.275887322276034 0.271277823155211 -0.0751341460152316 0.0896847354582097
-0.0433618452571914 0.351035276784479 0.0547508562297892 0.0664504611809448
0.25774279695724 0.13359827516589 0.12624898629079 -0.115812236534475
0.0903460132564832 -0.207874646416022 -0.0723284542060798 -0.159796573435798
-0.259537313087416 -0.107134364259914 -0.0992854934926144 0.0835090712764974
-0.206870112191475 0.187185381531054 0.124096942831414 0.106635893066028
-0.0396725017319536 0.275453789636421 0.18086609996503 -0.0676011250056421
0.0792457000512861 0.231719792390158 0.0755971909298654 -0.255231313774563
-0.107833196908986 0.122231349519526 -0.07394621375688 -0.0491692433205158
-0.195983197273511 -0.0144571573145185 -0.0505506419853493 -0.0858308549896003
-0.0414436546895371 -0.15502094849844 0.0413818248826225 -0.125502926341796
0.150752174463399 -0.117252362219742 0.160389497161654 -0.0293603618472593
0.189473639695029 0.142617946919549 0.0948538003991977 0.181025174378375
-0.00201796350717876 0.266524990158194 -0.103118475006354 0.255612718490806
-0.193335535124246 0.219240776328309 -0.196006593910904 0.191323787634866
-0.222420798376112 0.218578759099511 -0.173285902570592 0.187734765264265
-0.0411915170953757 0.277650559154239 0.0527793130701267 0.194231712307854
0.17659538638235 0.123303815521009 0.253254303843053 -0.0973650855458307
0.0740718770324028 -0.10363799048694 -0.023351361373794 -0.280354767213916
-0.146069544438616 -0.056040769668217 -0.169599657335792 -0.0182293806940706
-0.0995936790062039 0.128655969549906 0.0491004308977149 0.0605139795498288
0.0075565361895243 0.186662912623788 0.114510732571906 -0.114316563725918
0.0754301170328421 0.172019193388133 0.0178549270904503 -0.336393228459254
-0.0796340589019393 0.0481177922575419 -0.0268420788459247 -0.0456885489048982
-0.0977246932934905 -0.0466562670581184 -0.0766024067573128 -0.00134992158768088
0.0149677760579029 -0.082503542495797 -0.0829031567252335 -0.151450952454296
0.0900116074343242 -0.0258348463173896 0.167293720102434 -0.158038070865897
0.077991094346582 0.102129242021614 0.173931277677933 0.156200497396065
-0.0117023693082829 0.157527373919658 -0.0841584059220588 0.299980846051565
-0.116093644197178 0.132024993410756 -0.243436356567286 0.256893876040488
-0.135949395953748 0.130625364654722 -0.243018882570762 0.257896785781505
-0.0415227683357185 0.162776394464252 0.0376352624778481 0.281794943352531
0.0807531146923611 0.0988307374678467 0.315153072410916 -0.0797931820611769
0.0561008694762537 -0.0203252603267972 -0.0160202520046962 -0.336539009882855
-0.0481681971176235 -0.0307141901031732 -0.23909945904366 -0.0531332725023374
-0.0320716337792655 0.0467825312275181 -0.0200691393917122 0.0777672967127876
0.00880204470696762 0.0758391742230724 0.0628362711731147 -0.108071335321143
0.0311353656219041 0.0879431745630317 -0.0249104522227253 -0.375935528138878
0.0160718626284385 -0.0123902464968253 0.12326350969616 0.366890699612809
0.00397486845632487 0.0110834872577292 -0.0181466046438453 0.0977453090774896
-0.000513759497380261 0.00520596542395304 0.0322611842594142 -0.104153745573788
-0.0113102334000509 0.00250346634819964 0.2728169781598 0.0116997591018893
-0.0277121895860855 -0.0349148453582647 0.0638265770248505 0.32758790117472
-0.00537207664289419 -0.0543313565909805 -0.320652516383916 0.111396248691564
0.0286899025346511 -0.0405317383230228 -0.0935298380965217 -0.324263076413876
0.0281772901422825 -0.0338789171838615 0.203555456355203 -0.355603552407308
0.0148637023135631 -0.0390224758767291 0.177902314947106 -0.37401883501383
-0.0266050698926401 -0.0422350788845315 -0.039934218707654 -0.337471892116174
-0.0406179893553142 -0.000532125618152245 -0.27150737725789 -0.0854296080857255
0.000991697909735539 0.0383725114969404 -0.131435558614991 0.271575159027578
0.0231685543227444 0.0174375161517291 0.19986341698604 0.142721579114812
0.03424125301252 0.016738121168164 0.084845791687338 -0.0841417947123478
0.0361308956878191 -0.00162075422243499 0.0193308382621147 0.0320006388698298
0.0844196410586382 0.073495625092887 0.0823655437360578 0.359737235908014
0.0156747297793872 0.106858069880558 -0.0390791450050267 0.0997994978459274
-0.0443139214062636 0.0431150483454841 0.0482847153711639 -0.0938889823988431
-0.0512167950089106 -0.0414398667935996 0.268482347275057 0.0611865951099261
0.039432254651144 -0.0693041578571602 0.00437767487635936 0.326521649207104
0.0816190302404463 0.0245185347439067 -0.325341895379334 0.0498683706836344
0.0143546576158171 0.108373712196697 -0.054834966500285 -0.323977068839197
-0.0531854631731761 0.106032584754137 0.199339369468787 -0.340341096336901
-0.0202629724759237 0.0976123051980612 0.138707641496186 -0.377536739982487
0.0349059681690223 0.0699997034175719 -0.0902308499540471 -0.334143708530572
0.0529256677425384 0.0325967347216151 -0.262764517392433 -0.0402065800498509
0.0598028034826654 -0.00166704714866657 -0.069281795332891 0.254621348890777
0.0117055193571351 -0.0413831375154569 0.182361108898455 0.101352986995527
-0.0411754905572689 0.0277563320416411 0.0777467108107685 -0.0705644239241402
0.0136703420064887 0.0660576303971594 0.0278438221853102 0.0205076416904142
0.118352874040786 0.162762533574151 0.0059000180068571 0.325218844589421
-0.00447923263550482 0.20914602724499 -0.0971932410374193 0.10183030857997
-0.11388712705158 0.0791887979049385 0.022690751415901 -0.0724094114366889
-0.0876386352775539 -0.0996314089154708 0.208234738926957 0.0980719858778784
0.123147193953908 -0.0851022807164449 -0.065037269636667 0.283008534808869
0.144548397754091 0.131390700318353 -0.287546572354931 -0.00703256091267613
-0.0316690990665058 0.243647895377321 -0.0197887028663377 -0.270577635489274
-0.127521882426582 0.227642216555782 0.162363414448419 -0.275556149241107
-0.0210964585472864 0.229748862757902 0.0850752043910708 -0.33400721425372
0.159529518977905 0.13434137628365 -0.124358051142492 -0.311141018307074
0.171469511654633 -0.0542943313364272 -0.227350557858283 -0.0424765074963274
0.0265899570652296 -0.134236080387605 -0.056674352653147 0.170142283849385
-0.0930033314186748 -0.0618669724464534 0.103393516303216 0.0924954059713705
-0.113658241900302 0.0974380139579931 0.0898607614545131 -0.00817235252159736
0.0180694457142939 0.140023696291721 0.0589258651673445 -0.00909132069317421
0.0984429424188519 0.239413772349928 -0.0803649756493047 0.248964570847684
-0.084714780496939 0.294422027116314 -0.175754856226159 0.0479680294322757
-0.228138735556091 0.0919586339288465 -0.0391425197022041 -0.119987196612739
-0.125510457261058 -0.190428133856328 0.143162312584807 0.0311148965638525
0.212868415824369 -0.0909639282069002 -0.0540157395979116 0.175631237971817
0.169291691801626 0.235906967771794 -0.189014204398324 -0.0105086239305992
-0.096032441386646 0.337472338588509 -0.00830112447173269 -0.160397345426567
-0.183637829950095 0.31514469771987 0.100537143415908 -0.16978280530438
0.00628429245114736 0.331081964247005 0.0464152653109586 -0.237714704741877
0.281927568079414 0.120185138382742 -0.128925961909516 -0.262609749059198
0.176798718416454 -0.229502039335428 -0.250265013656134 -0.0593207951978648
-0.165313306812908 -0.218908937079178 -0.125768695009123 0.172978800610794
-0.234267659761903 0.0411776510537999 0.0812740958742053 0.166221807425997
-0.122680658786278 0.220961773607341 0.151973153130649 0.025733656961577
0.0556066409242266 0.205196796550578 0.0840774967739129 -0.0756916448864908
0.0338408953160456 0.2686343540766 -0.133401715704289 0.136041963318992
-0.20136055968974 0.289564718818529 -0.199581081721457 -0.0648912928131767
-0.31384945227519 0.00622046593615544 -0.0165661512137295 -0.23073939415635
-0.0935966266895152 -0.305409487121997 0.202200753877777 -0.069659005789575
0.298628760619389 -0.0732088439619848 0.0719200153224008 0.13308080640322
0.15882900436478 0.306229734151339 -0.0832607502697431 0.0806519862978145
-0.148215318543254 0.371360129412367 -0.032084654391053 -0.0158276389082503
-0.210669640204581 0.355411670655581 0.0267792087692603 -0.0338899169076852
0.038532410992623 0.377918677640333 0.0428453109930765 -0.0975361931858751
0.326639550229657 0.0786151962170885 -0.0533571915426979 -0.186451240136953
0.0829163751211165 -0.297412181430568 -0.210668704559591 -0.0471848032460955
-0.320204385456148 -0.139206324446421 -0.0910865691196088 0.209461865966157
-0.25306122148054 0.200831111091734 0.157303903221838 0.166179203191664
-0.0494369557524414 0.307992966201441 0.200673961183908 -0.0306424919572904
0.109735302596305 0.232252518118899 0.0699713594406079 -0.178123627167967
-0.0368385672813823 0.229414072211659 -0.129460937528842 0.030932813554959
-0.251554695608122 0.169363677388111 -0.132846878231515 -0.123089859428451
-0.241397054911257 -0.123227867946163 0.0666950326708783 -0.22173117051901
0.0425324836063896 -0.305507848598004 0.245155317467649 -0.03739880969403
0.32410963991127 0.0111183807626306 0.13535861740904 0.183363742964486
0.121100524226641 0.320527378896993 -0.0448385861012911 0.207421597893138
-0.164230915109856 0.343363290085804 -0.0877810710203164 0.127294035979354
-0.202831521621595 0.341784601844544 -0.0514646638727796 0.107914438217812
0.0496381508082097 0.360305639730064 0.0727859111141618 0.0531417699693399
0.291143050128403 0.0653418128548529 0.0994360139794449 -0.15201986952664
0.0350041298428258 -0.228920572580399 -0.115626863288629 -0.145863541472207
-0.285947499195877 -0.0371550978160631 -0.081594782544076 0.110039286157151
-0.152085163670293 0.238331874154253 0.150536631998524 0.0746587667620637
0.0352318931924919 0.280451150753787 0.162533320809609 -0.115253737346703
0.140594556263923 0.208239720739249 0.00833660802136325 -0.278230001155842
-0.0726663965782827 0.14897426726503 -0.0843388792855107 -0.024650654519393
-0.197213498671286 0.0381928164220702 -0.074131688860066 -0.0680102781387652
-0.0806839022165549 -0.144521621648257 0.0063914345450934 -0.135045225730436
0.118831599756788 -0.155157970428916 0.150687390687084 -0.0716184903943538
0.224806697549726 0.0945824375566583 0.142086375959633 0.154659462387995
0.0652278590630255 0.268178519528889 -0.0370650161607302 0.282346344704145
-0.138099305563173 0.266838276597641 -0.145776285361346 0.238767801518905
-0.164125088485775 0.275918120515988 -0.123585126179355 0.230606256099192
0.0328265489318138 0.287422672994023 0.103832759720784 0.179815024696627
0.206899176021851 0.076311123967266 0.228501743184667 -0.165846132606916
0.0455333457652296 -0.121971524444583 -0.0988806082198479 -0.2778453484671
-0.160345788739295 -0.0158548815995506 -0.17834251991458 0.0283613091934771
-0.0613893714930983 0.151270028523591 0.0634219152140757 0.049541302192837
0.0567291502064234 0.179873448614439 0.0849878852373282 -0.14262886869949
0.119567986509158 0.148564924240676 -0.070047988561595 -0.343012303105985
-0.0646021493705399 0.0687169718330828 -0.0390546988456001 -0.0357274815452704
-0.110938553315584 -0.0196914840582719 -0.0756286694019321 0.0201945327956126
-0.00571240802283758 -0.0876394264688954 -0.121227278221494 -0.125015997059291
0.0844007168354096 -0.0487066927236579 0.121939988724171 -0.197958089740267
0.103353651356258 0.0832367036163091 0.211525131017898 0.10887852222655
0.0268916874722411 0.161176096431158 -0.00615544485594915 0.321945550040339
-0.082726763304173 0.162394982624114 -0.176816527088625 0.316578545122437
-0.100977338981212 0.165713744911578 -0.174092685382173 0.318187101533911
0.00230416430304412 0.173812995500924 0.111633204464256 0.271612244947826
0.107526491721014 0.0764999938277403 0.292784929030534 -0.166275807807959
0.0487190348721515 -0.0347140800177565 -0.106446534043487 -0.33224160074969
-0.0576446970023081 -0.0156633757997836 -0.25572834118769 0.0107847988863221
-0.0182774351039344 0.0529393820724885 0.000171906120939819 0.0854782268995276
0.0287059100467451 0.0710454618232595 0.0361176858191892 -0.122032297765575
0.0536721787984546 0.076649349227231 -0.123784649394781 -0.36922239284021
0.0147239807914253 -0.0130608582352091 0.140160036061433 0.373662710950589
0.00500502548247529 0.0114601033045747 -0.0164170295284632 0.0984242577293818
-2.92020119887231E-05 0.00542459251013651 0.0296870420319572 -0.109660444342804
-0.0119258671408991 0.00323358562482866 0.284246137206517 0.00116409717445697
-0.0304287613322221 -0.0350101680035058 0.0788448580379601 0.334617533771017
-0.00796739630457081 -0.0560083669800841 -0.32345945357039 0.127210004984613
0.0280280309243555 -0.0425147402877024 -0.107811700506912 -0.327880533389745
0.0288493684680485 -0.0350807120959317 0.199780002448168 -0.370653962271023
0.0147992027225253 -0.0393763497383048 0.173247489400367 -0.386821860390042
-0.0285526538982768 -0.0417366496803926 -0.0477558487752794 -0.345375662212188
-0.0410228429328842 -0.000383560678570651 -0.277504468798605 -0.0812103197790761
0.00239835097426927 0.0382656405761109 -0.123532238407804 0.280842897326886
0.0238938246714536 0.0175173916147629 0.209958756307327 0.138450051945638
0.036503614390967 0.0164473529685071 0.0828983372424306 -0.0876433295370783
0.0370451500963112 -0.00258659722133016 0.0213370857403347 0.0307035284541252
0.088860377091869 0.0718753092676838 0.0991221858254739 0.365782328820029
0.0211920177740203 0.109056050963388 -0.0380412933180545 0.100815386243495
-0.043270433817494 0.0453588584239098 0.047454467891912 -0.101220043442387
-0.0540394830378757 -0.0403276528689529 0.280797815863424 0.0530133214924166
0.0377950463494642 -0.0721046857845011 0.0181317285741923 0.335710856094073
0.0844869232199353 0.020801374150872 -0.331504930411775 0.0648538398568003
0.0181083890056296 0.110278034850459 -0.0676518088716494 -0.330202913915407
-0.051414349324192 0.109941990972095 0.196500618005755 -0.355290412315006
-0.0189629028778836 0.100421623516517 0.133474156335004 -0.390592850865026
0.0362755490411956 0.0710434052293999 -0.10011829332549 -0.339479634044629
0.055113167301496 0.0321669349642708 -0.267851674640793 -0.0370084540533619
0.0609816036738359 -0.00426829473446965 -0.0618018913093289 0.260686356733855
0.0107518809111194 -0.0429458000212628 0.189980092513312 0.0976739610195504
-0.0409124493362589 0.0303068231897121 0.0763162149540687 -0.0745122371432509
0.0165393593877724 0.0664881115046534 0.02972252367915 0.0186567004519854
0.127763794285914 0.162399885911608 0.0185405823694076 0.334657647483471
0.00317901190597173 0.214708138798459 -0.0956316335656668 0.104612530924711
-0.11377467257746 0.0844515124249919 0.0234703294957044 -0.0778450841663446
-0.0924227701802727 -0.0986168201903673 0.22223725269943 0.0935079044531542
0.122731491941718 -0.0906259438109821 -0.0553887782421389 0.294705887690355
0.150629179142252 0.128326813569072 -0.296395974492001 0.00672174607640253
-0.0253752635724465 0.250128580092908 -0.030204200483464 -0.275852768511638
-0.124392668467557 0.237233982323314 0.160349335575097 -0.28695291891968
-0.0163387808247171 0.235428296139858 0.0791112798113373 -0.34410322522126
0.165533127063755 0.133181749390219 -0.135754457815408 -0.315211341247174
0.173546087922175 -0.0596358565799497 -0.235353982573587 -0.0390165587550161
0.0232531603505672 -0.138762221400142 -0.0536193024685332 0.175171275565455
-0.0980068771949251 -0.0606320015934776 0.108510280682134 0.0921437548370895
-0.112119977014077 0.104944409771472 0.0922479836713436 -0.0114359234261575
0.0236949730463454 0.143514532912349 0.0606325734424424 -0.0139439749176158
0.109723248299334 0.241734209163286 -0.0736445698243194 0.259688270436988
-0.0768115487169764 0.304801130021867 -0.177828631698235 0.0548021143228906
-0.229034576019156 0.100405143743752 -0.0409117490754657 -0.12230289403441
-0.13343038832617 -0.189649226912299 0.151149100779923 0.0305880295634677
0.21445428314033 -0.0984036190726875 -0.0503826835357982 0.185186569881639
0.179312810288337 0.236209874135841 -0.196752396326564 -0.00305787902395803
-0.0886923352683453 0.348475628334303 -0.0138687591745202 -0.164486916797156
-0.179474515454008 0.327788056182201 0.0987353490755252 -0.176515888813846
0.0150372335319729 0.338849541562508 0.0412083277843478 -0.2447528592535
0.290501006710665 0.115780885574871 -0.138821880700271 -0.264773876855425
0.173641682747569 -0.238039389959242 -0.258099153502592 -0.0536436958076642
-0.175149946524517 -0.218095317151349 -0.122514124032198 0.182216407247838
-0.240269130251248 0.0502339474155701 0.0906246720560797 0.167696261016992
-0.11874424502446 0.232446490262219 0.156947642586047 0.019630198929887
0.0638182260122778 0.208607693244128 0.0838447915206188 -0.0846378028889892
0.0438386674878742 0.274724670032216 -0.133137422647276 0.146588956109829
-0.195694647176632 0.305976826586281 -0.206293570815814 -0.0583963112129266
-0.319713951820784 0.0165725286432167 -0.023784792111741 -0.235214297339975
-0.105783713752783 -0.309377056793902 0.205294001350131 -0.0751686002541028
0.303897870804587 -0.0817130259464626 0.0758701052769107 0.135345398180785
0.169356717710755 0.308636290059928 -0.0848798150961965 0.0857467858324382
-0.142603561093362 0.384733732056782 -0.0345639175882498 -0.0159172533271238
-0.205966662552157 0.369315639260218 0.0271583790144552 -0.0355921223832797
0.0507247753052437 0.386097508700977 0.0413148428998029 -0.100776851163689
0.335503485476279 0.0703702462592826 -0.0596228936802885 -0.19043817616979
0.076150426812668 -0.304949340456779 -0.216655870666024 -0.0428135080674859
-0.331166848529126 -0.129842870279727 -0.0862650678462787 0.216571963318697
-0.252879842346097 0.214772112009792 0.167728706658277 0.163864969298143
-0.0395967228647004 0.317840783029842 0.205090929141326 -0.0398425426275009
0.121399971804368 0.233515447454841 0.0655760290477727 -0.188353879200086
-0.0300189710148628 0.237412815596676 -0.132682985747907 0.0391543426941002
-0.253256866678253 0.184621736985926 -0.140446058741825 -0.121499239784315
-0.25035665470246 -0.12008099846241 0.0596667201344708 -0.23070832482948
0.0337437327996345 -0.312693609265956 0.249767288260769 -0.046806300423425
0.33157656879429 0.0045432469412556 0.143920148078341 0.183389838466435
0.130549405656109 0.326489639092861 -0.040986815336318 0.214470017270129
-0.161048609866515 0.355372536387878 -0.0864774207575024 0.13182057289639
-0.199050150208293 0.355138796301459 -0.0497625475587727 0.112049828758504
0.0606710855906043 0.368170284678078 0.0769949816134613 0.0514999707777647
0.29890055238037 0.0577255839869414 0.0985061649879653 -0.161679018227975
0.027939343913711 -0.233561156229084 -0.123570628444505 -0.149602584947683
-0.291311188288424 -0.0269485318519169 -0.0819607164629586 0.113758723733951
-0.145386767295856 0.249010399569361 0.156061065557802 0.0719600773768171
0.0456891738233244 0.286251194906136 0.162247823704618 -0.12352000876839
0.15149812221642 0.206838688824201 -0.00267231887196149 -0.287744993272911
-0.0700071309256979 0.155997060629878 -0.0881635052560217 -0.0210917853935673
-0.202512137057605 0.0468686601380064 -0.0779995351297429 -0.0679750867994127
-0.0876611630695104 -0.146699327766779 0.00310456369466175 -0.139348247890738
0.117448363392857 -0.161835293847106 0.152953347311236 -0.076896174373634
0.231574022337696 0.0920277783102123 0.151388864030936 0.155778944944673
0.0729440331404862 0.27279332215964 -0.0297073634081404 0.291829272076483
-0.135042034923613 0.277144835881476 -0.143667629700736 0.248269629424545
-0.161777561149338 0.286625521324158 -0.120738740115121 0.240135701917187
0.0413142787110222 0.293350307648577 0.112271671465556 0.180261461604678
0.214048935421685 0.0720374100883334 0.227871771430821 -0.181416983434546
0.0423980133624577 -0.125420595153109 -0.115030808371706 -0.28392415355888
-0.163007109874693 -0.00932697621327444 -0.185411334619539 0.0361345768200881
-0.0570983877854182 0.155370073912525 0.0644256690168617 0.0512551509898967
0.0639242886491833 0.180004366573196 0.0818679546985118 -0.148187336089145
0.127868266112246 0.147995787121302 -0.0847297789998044 -0.350316214023795
-0.0646140101711615 0.0730420782586875 -0.0412648435743374 -0.0347277445227033
-0.115857458265157 -0.0157420161115772 -0.0760452126637261 0.0225553021881787
-0.0100783454458586 -0.0912067594448133 -0.126613428921927 -0.124348426089187
0.0840098468672704 -0.0523463718522329 0.118938505743391 -0.203821946693792
0.108501084631332 0.0829252934726313 0.218513234719718 0.106360838962909
0.0317083233007062 0.164224996430045 0.00138750692123235 0.331419363354393
-0.0819002101566611 0.167871110321835 -0.173534689700524 0.32770838370766
-0.0999160335912405 0.172056339743706 -0.170252401164533 0.331952556907174
0.00689407992917009 0.177545270090903 0.123656891302475 0.27358642045798
0.111993542168366 0.0750630937379158 0.291319781541106 -0.181933647795477
0.0481933798757556 -0.0361540822948083 -0.122067293010846 -0.337826856203435
-0.0578168334319061 -0.0130082570614775 -0.264133736687085 0.0215420560378703
-0.016281473985141 0.053780976306126 0.00177103933559753 0.0913125502386863
0.031929918319068 0.070576983929941 0.0340429056558034 -0.124538826040681
0.0579450056806691 0.0759756199217419 -0.140185516184822 -0.374073469097911
0.0143022849533104 -0.013355800561785 0.159776619862461 0.367192391005644
0.00544146630823917 0.0108837623731453 -0.0135672451199866 0.0972736768469086
0.000513288072572447 0.00606333166581675 0.024982310280197 -0.113899651541846
-0.0120275603913627 0.00401485715367345 0.28770947815855 -0.014254451405892
-0.0324687328438868 -0.0327010437314953 0.0971607850259235 0.332700308120061
-0.0109729834986902 -0.0557181506292019 -0.316628536450867 0.143983325465231
0.0265320336333917 -0.0429483231689405 -0.123744354727776 -0.32359100370319
0.0276596901302514 -0.0353067478595838 0.184065750541239 -0.379038793723732
0.0137944634334507 -0.0396860998814949 0.158754439977298 -0.393642314288018
-0.0304271343716674 -0.04014647046532 -0.0573124604037716 -0.344837912765968
-0.0401997506213644 0.000840586732290976 -0.279484677317223 -0.0733252960657477
0.00326526753787368 0.0361528882371447 -0.111926959791047 0.283730111416376
0.0246344807776015 0.0159705607586878 0.214586644163824 0.126973456061979
0.0383348618653361 0.0149791611359087 0.0787746220561448 -0.09101455781541
0.0367428056304657 -0.00485698123348802 0.0225830271203126 0.0294241150607869
0.0926124842019533 0.0676641620359929 0.117348654957058 0.363726089424281
0.0259646381102397 0.107928017883667 -0.0343614865092833 0.0999264987724682
-0.0412401165130951 0.0468732092543079 0.0442079741742078 -0.10584801777351
-0.0550741483309195 -0.0380316648284213 0.287498618011626 0.0386910267328886
0.0337430861672249 -0.0727785431071798 0.0344956623709291 0.338050848706623
0.0846385340968004 0.0165279566794284 -0.328443619076003 0.0833408458496937
0.0225499817227439 0.109265185748449 -0.083986829263 -0.326211697066308
-0.0476431710019481 0.112798700119691 0.183074161046608 -0.363889220485348
-0.0152385757236728 0.100766961900965 0.11760913169891 -0.395209959452787
0.0386286352748934 0.0691790594454015 -0.112094056338753 -0.337101782387462
0.056890528851898 0.0301709268753205 -0.26779793668635 -0.0286356686107168
0.0612421059332005 -0.00773469871288815 -0.0511036591548813 0.261040423345415
0.00800249966100893 -0.0438807928390182 0.19446959959373 0.0877101220026565
-0.039141825496044 0.0326935853781117 0.0724279026990943 -0.0773354909168663
0.0192307471331221 0.0662652389016321 0.0316647010857479 0.0157214069300288
0.135752383444385 0.156345759181961 0.036000799256863 0.336370552021654
0.0148482659845359 0.214493125176799 -0.0909546636546111 0.107544435523732
-0.109475777419291 0.0891367467529192 0.0228621991059142 -0.0810718011524358
-0.0962105068892926 -0.0944866010009273 0.233295086432833 0.0835931318008148
0.118180608714631 -0.0953616757178979 -0.0397989298540283 0.300720081811407
0.156629142019336 0.120900488605066 -0.297333727508163 0.0220873284130416
-0.014944245683186 0.250961819623789 -0.0429091185368406 -0.274846731513541
-0.115638020177893 0.243705305335593 0.148579332821164 -0.294056398249761
-0.00882486382384496 0.236482318630869 0.0663265108194997 -0.347407632035437
0.168920567512209 0.127030043566185 -0.148095114862834 -0.310367344117563
0.171503981985113 -0.0662437262287673 -0.237122981395473 -0.0316734404961477
0.0173522835430312 -0.139168934304397 -0.0479753066813344 0.177127660484181
-0.101321317095143 -0.0564273895382818 0.113519338476555 0.0878466636865604
-0.107763079836697 0.110984345118481 0.092553939778114 -0.0162967003765274
0.0306715924173847 0.14212930376437 0.0606404500027388 -0.018906576288336
0.12201857103998 0.2354986262599 -0.0611146249806858 0.266916935726024
-0.0623053602601665 0.309650488538508 -0.174256938436233 0.0617874655109762
-0.224016123199406 0.110360752723647 -0.0443596824033025 -0.121323664688294
-0.140712015725628 -0.183833389066818 0.156972452023309 0.0259199982427251
0.210498839736719 -0.107941807233293 -0.0426846454097407 0.191878574797386
0.189051475010968 0.228418216297046 -0.19904974735109 0.00764949717312199
-0.0750375479042684 0.352148905282204 -0.0219351320802465 -0.164569915675603
-0.167077416093973 0.336293368643295 0.0927064856898801 -0.181232300162416
0.0281301811231198 0.338393482590037 0.0321277623841281 -0.245472812068427
0.293652693852473 0.104315567991903 -0.150029579649485 -0.258707705276057
0.164772959634935 -0.242922773159982 -0.260912170351339 -0.0431137426295736
-0.183052553339552 -0.20979252167131 -0.115118748998339 0.188673506807604
-0.237784480415432 0.0612825043434896 0.0999586245828792 0.163914939065831
-0.108032323880035 0.240150893558289 0.159641229884129 0.0118070411256022
0.0753109849627414 0.206018850963646 0.0804284625489616 -0.0912547703662053
0.0575213803408212 0.272843449049791 -0.126796553055851 0.156513592495008
-0.182012745596336 0.315553848644604 -0.209004950694419 -0.0481624928523155
-0.319763691628219 0.0310905415137821 -0.0349145485150208 -0.233998904676789
-0.118043163178565 -0.302967165317914 0.203152015668038 -0.0834823410517773
0.300368137893544 -0.092757485508626 0.0797782355376561 0.133377553033836
0.18229003305551 0.303740882473221 -0.0829280877993368 0.0899948421209073
-0.12824841593652 0.390482605981986 -0.0349262323925624 -0.0152123259167776
-0.191227590325729 0.379782076342438 0.0262672266271078 -0.0365932222554253
0.0646730165324279 0.38548696020384 0.0382738542167439 -0.102344338221624
0.337674362977566 0.0585067073263102 -0.0653528661841891 -0.188489440775958
0.0641310841343921 -0.306868615104926 -0.218415380045825 -0.0357859636515902
-0.33474798163308 -0.115473502867841 -0.0764408310969807 0.218652599682002
-0.242319206736429 0.22756793177509 0.17632845085465 0.156246706346403
-0.0248728523160666 0.320698570578409 0.20455617755393 -0.0513003965733593
0.132937583932382 0.227953953898853 0.0560278574210827 -0.195091768478972
-0.0187488271408637 0.240036126450598 -0.131845410803985 0.0477383006067294
-0.24563236958831 0.197404625660274 -0.146954625656212 -0.115673522404777
-0.257730793288219 -0.1104243381047 0.0494033102815734 -0.235431518904207
0.0208637620131026 -0.314678042076335 0.249694345179705 -0.0574357373256742
0.332317011895909 -0.00709057459192232 0.151900452511863 0.177212354204196
0.143141667256203 0.321153460661453 -0.0319736808887431 0.216759862917041
-0.149397344712823 0.362531976453303 -0.0818082586305367 0.135222707462594
-0.185545584233642 0.363470931965871 -0.0452438597993629 0.113607584654403
0.0748078284692576 0.365773246717573 0.0798659113566565 0.0490891439753549
0.300908294179919 0.0459012345633074 0.0930345553930842 -0.168417766950773
0.0186977408218202 -0.2329809376736 -0.13213339763029 -0.148202024506602
-0.290254648610332 -0.0126983526828537 -0.079247699202697 0.116756719170681
-0.132698379429126 0.254909552211422 0.157654415865033 0.0648489674130981
0.0587267837913636 0.282577265201992 0.156319664311853 -0.13255354849172
0.162575905538071 0.199952432286147 -0.0168772582377053 -0.290094126052241
-0.062239894920149 0.161064615635382 -0.0907142000634682 -0.0152814268216492
-0.201766616282082 0.0578379672642581 -0.081344312393579 -0.0654069894611309
-0.0956873125858021 -0.145070880519108 -0.00247693963945461 -0.141352634377272
0.111092196623197 -0.166500487670295 0.151677663078645 -0.0832578777074219
0.23581994645173 0.084425311722665 0.158223582934754 0.15034713729005
0.0827846569155579 0.269714704172894 -0.0181758028167296 0.294127658029031
-0.12706959527354 0.282358503214084 -0.135846498689619 0.252262417825401
-0.152212010479713 0.293416408807708 -0.111766834599018 0.245259297857188
0.0529608138660733 0.292447423603996 0.120249000368772 0.175849245051093
0.216633011901644 0.0629256851346994 0.219586945480492 -0.194935608753684
0.037093677834867 -0.125627705314128 -0.130934700115626 -0.28167869372459
-0.161542316404034 -0.000458918600615974 -0.186534544744665 0.0451065020745623
-0.049621052053843 0.156476312314577 0.0660005688473507 0.0504293773003523
0.0727453979689101 0.176170175608897 0.0760045256119663 -0.150667632319692
0.135955030645739 0.14076211479104 -0.102582204936405 -0.348207859228142
-0.0619714665700371 0.0764363908216991 -0.0437006433678646 -0.0316940341569272
-0.118149661823939 -0.00991564528062626 -0.0749784587763719 0.0257761518126562
-0.014095237705972 -0.0915365232449746 -0.13101389330703 -0.118009953847033
0.0823654921476875 -0.0553774115201453 0.110756915841452 -0.207824488685137
0.112001861204917 0.079798363876303 0.222084962289029 0.0984340431625987
0.038562481298324 0.162081887440253 0.0152379990766717 0.332601979455947
-0.0766013921118114 0.170060137214121 -0.162704762688426 0.33389712221388
-0.093572519567386 0.175413533891119 -0.156849714473832 0.338985725964377
0.0127284883872259 0.178125608314061 0.135835081901612 0.267710612163763
0.115165112269808 0.0701023887765741 0.281468257600608 -0.197958155584718
0.0454510681375635 -0.0376493962257289 -0.140854217391632 -0.333123044644633
-0.0573960905348577 -0.00937361713960663 -0.266058147632127 0.0349123056109587
-0.0133017080973792 0.0535003053273016 0.00535945824305524 0.0950661679408174
0.0339343430678992 0.0679851380863996 0.0287341039341435 -0.124940622011314
0.0619754409063713 0.0723185070273277 -0.158339815853041 -0.36795591365531
0.0134236913068621 -0.0131079327453885 0.17125018777017 0.356062675742458
0.00597985914213939 0.0110068190141234 -0.0123750402304754 0.0941612691112359
0.000761594992765143 0.00588941180416402 0.021736367126637 -0.115755873897927
-0.011193102343059 0.00462768609986023 0.285836378844142 -0.0252086173422593
-0.0336748431976507 -0.0318144589297841 0.107576994354717 0.325841078895117
-0.0128835203300858 -0.0550627871245517 -0.306361124700129 0.153771238452074
0.0249957777204397 -0.0426209405055304 -0.132231046200213 -0.313292347302107
0.0267701040366534 -0.0356722165997046 0.173179782463137 -0.378441883838791
0.013299690095171 -0.0390955312990238 0.147648358964064 -0.390102487485488
-0.0308115661920552 -0.0379087598143634 -0.0610463203329654 -0.338389617373234
-0.0387735237738895 0.000973242373518598 -0.274945252141169 -0.0680909364323083
0.00377903139858451 0.0346799911570499 -0.101606955247521 0.27984679239212
0.0242200989226769 0.0147536863489855 0.215030928260571 0.11729790669602
0.0391139192615275 0.0130180318869294 0.0732171897249293 -0.090868877864295
0.0367471637089874 -0.00598023040487956 0.0234484029516318 0.0268991317439886
0.0929676367982421 0.0624247010188982 0.127878912916 0.354712892803854
0.0302516878412235 0.105431049427272 -0.0318603192015672 0.0970883916739516
-0.0385229915292075 0.0473592815518618 0.041290700146303 -0.109311688974625
-0.0546016271656904 -0.0352917647061137 0.288117483897136 0.0266841608924496
0.0307312171293974 -0.0729666741442514 0.0469047787373002 0.332109868904704
0.0824625508492297 0.0132047168841938 -0.32131133392336 0.0943801325685361
0.02595514708717 0.106773785241252 -0.0932459757281445 -0.318752143955638
-0.0436719276866338 0.113005705866835 0.170799109233165 -0.364413761044902
-0.0130034216301096 0.100738811152235 0.109486540475825 -0.392584064555061
0.038820817771584 0.067708257975054 -0.114758251654347 -0.329277561304028
0.0571270890797444 0.0283073542880953 -0.263829201562269 -0.0248436912262794
0.0596298882668316 -0.00949823395394383 -0.0442412247109102 0.257050467308869
0.00625331711220852 -0.0434808342783918 0.193936562102327 0.0801813955843236
-0.0376937733679675 0.0328728411143513 0.0688532941890163 -0.077498127507479
0.0216219498708176 0.065341248837178 0.0309230689487974 0.0133578880361886
0.139213566953577 0.148755596820457 0.0475266954820383 0.331028351609833
0.0210672650719241 0.209780948120726 -0.086381248975624 0.106561751990799
-0.104629188488736 0.0899963610578627 0.0225905949549278 -0.0833741152107732
-0.0961626629736062 -0.0905938973142036 0.23694935948773 0.0753671117158225
0.113535740287083 -0.0965751836879472 -0.0288218342729262 0.299747094563702
0.156416132365882 0.113552856356111 -0.292796631509037 0.0337438961168717
-0.00798706739507693 0.246666110723636 -0.0516576809491318 -0.268474879839669
-0.108091176732889 0.242985693340465 0.140041710804356 -0.29416170928091
-0.00326641714927777 0.232420606197961 0.0583758910436139 -0.34359917828701
0.168083576793189 0.121462760588008 -0.152668162918666 -0.302871911718918
0.167110211619488 -0.0680368647183851 -0.236287465882511 -0.0275854388955974
0.013616504952154 -0.137167479761325 -0.0436045760347198 0.176341882372735
-0.102280912928679 -0.0528478210574794 0.114738205417772 0.084405729989036
-0.10215064442699 0.113838223150013 0.0914688086492827 -0.0180161837528414
0.0348951436601984 0.139708916200156 0.0587037893554736 -0.02288086920747
0.127958745671756 0.227295373415775 -0.0506590767518569 0.267317338966034
-0.0498280822343062 0.305902108101735 -0.16979887221039 0.0660635837546145
-0.215335482222459 0.116376131818315 -0.0451071460927337 -0.118514165694498
-0.143274703257018 -0.176405608873041 0.159236464773447 0.0236641436551262
0.204039479738232 -0.109737018590908 -0.0370244207752033 0.194978161420698
0.191639971338328 0.218460487304042 -0.197803817786407 0.0159877459234718
-0.0641495561548056 0.348531059923896 -0.0270497048485732 -0.161382617040801
-0.156772940496891 0.335161559243286 0.0873583765301601 -0.180827614463826
0.0336940497916563 0.333145128546399 0.0256777743455646 -0.242297643761102
0.289773900526129 0.0963192102887894 -0.153426982439293 -0.251077011616123
0.156321327154354 -0.242433649980831 -0.258455987230336 -0.0366273260300922
-0.185168279293966 -0.200967223031455 -0.107769852879512 0.189612322547921
-0.232850521702657 0.0676475784447556 0.104700380013303 0.158597312015342
-0.099226136298402 0.242072278753683 0.158812982741666 0.0060985317487067
0.0820343764170641 0.200490936285603 0.0755521252349656 -0.0954095087150588
0.0659584543218626 0.265898104482107 -0.119138237420389 0.160950556839485
-0.169072870042542 0.318426989512563 -0.208038998134455 -0.0406769367362975
-0.312954344370115 0.039655882500468 -0.04111522520321 -0.229192418196297
-0.125183506254291 -0.294249888138757 0.197619252570827 -0.0862049886806058
0.293733621605588 -0.0983173116018081 0.0800184127509558 0.130525858020668
0.186724632931329 0.293961653586647 -0.0808424201834369 0.0912148913961602
-0.117752836691234 0.387690391064507 -0.0359713872987297 -0.0145656153416182
-0.17952798841726 0.379083936634554 0.0253265459003769 -0.0367625426972283
0.0711948576091439 0.376761265848765 0.0369608304280649 -0.10096335612674
0.332670781762383 0.0489255058868018 -0.0669601022211157 -0.183112535170373
0.0561130237915635 -0.302007346267595 -0.21421323084097 -0.031696299822228
-0.331325254448104 -0.102171179446003 -0.0682211639215245 0.216473233131823
-0.232086284063706 0.231715210481547 0.178546379885493 0.147856374323408
-0.0136420380510508 0.318128694899036 0.199985150480023 -0.0584320139694116
0.13842747381319 0.219887919710998 0.0483606065939979 -0.196889954523347
-0.01088701176927 0.237831992081065 -0.128074970642812 0.0536988857213737
-0.236960680225138 0.204668450477627 -0.149164881790904 -0.108831866430387
-0.257480674380044 -0.10181736567744 0.040655108944385 -0.234424627204049
0.0123898668250965 -0.309658865536635 0.244612124250157 -0.065718117812888
0.326590116463086 -0.0142844384493197 0.153813621397702 0.169413603335013
0.147663450954223 0.31360198814011 -0.0252700852398478 0.21391177975171
-0.13901717496784 0.360527963380757 -0.0783673402914858 0.133083731408142
-0.173842352679965 0.362981096896359 -0.0414457544458388 0.11314789045818
0.0819615997069658 0.356557895412889 0.0801642684910099 0.045684849319314
0.296964225478839 0.0388615287535702 0.088585330458155 -0.170459903393171
0.0123424614882004 -0.228215798866132 -0.136394763457013 -0.146062516177499
-0.283958805919588 -0.00283741881778153 -0.0773859730519208 0.115673606116624
-0.122518734378109 0.254025701117164 0.155654545719477 0.0602880937880005
0.0675556964256235 0.276785251311252 0.150840408272623 -0.135783953860325
0.167300696870735 0.190058275948655 -0.0274631759944912 -0.288432820515206
-0.0566430441259852 0.160778698336919 -0.090074320649293 -0.0101103578457705
-0.1981516269809 0.0639839809932914 -0.0833952986559843 -0.0622925163016121
-0.0997382823901039 -0.141114850681095 -0.00572099048423219 -0.14024710695239
0.104958881479038 -0.165839572559266 0.148397049440531 -0.0854282772281599
0.234833758559746 0.0783065813594362 0.160307377351954 0.144696370648558
0.0872342115892879 0.26284461025869 -0.00964327553931698 0.290823764107192
-0.119673213340131 0.280639121953775 -0.128545846370503 0.251482274116804
-0.142581753370665 0.29191158818488 -0.104324979615196 0.244666120512564
0.0588885757109384 0.285904544274603 0.124385607606793 0.168758873853915
0.214434296522766 0.0562272715328048 0.209807643248634 -0.200387186560195
0.0326886548849038 -0.12397750476654 -0.140730777113033 -0.27688654738204
-0.15725962099772 0.00467914953579561 -0.186154591788886 0.0515217514374889
-0.0429025924065788 0.154230617310035 0.0647493337555455 0.0510463281341322
0.0762701120451183 0.170001860354416 0.0705557096136277 -0.149328518366671
0.139242934519702 0.132752740318621 -0.112737938397051 -0.339812264719629
-0.0583043875303693 0.0781541517840438 -0.044101783843111 -0.0285770381639673
-0.118201609454252 -0.00600497801087937 -0.0733104420473978 0.0270133333136239
-0.0183880876131175 -0.0893412980216074 -0.131065136988377 -0.11270071281721
0.0786036556874032 -0.0565235357683058 0.103156725560073 -0.204895155452173
0.112409028658732 0.0766660038705777 0.220312055562826 0.093054771918611
0.0406507549817238 0.158597287791981 0.0232711207932455 0.327627087512504
-0.0723132806207487 0.168936462144152 -0.152997755182869 0.332979495116576
-0.0880106264363647 0.175367188497407 -0.146711437447483 0.3376981699549
0.0162078952202671 0.174986455947389 0.141486719325437 0.258969574138667
0.115483246561411 0.0658683085978256 0.268265147067873 -0.205368779809673
0.0437903957496735 -0.0375253220914725 -0.150173160344981 -0.324137451209651
-0.0553127200616179 -0.00667099543919047 -0.262743260741447 0.0435557017190853
-0.0112509744885785 0.051415488163345 0.00839932209983867 0.0967491325173089
0.0351014770734359 0.064985934283902 0.0258410379004237 -0.122018409045898
0.0638814437236706 0.067688204173793 -0.168521229867305 -0.357656233680303
0.0123784674783058 0.00860505710421054 -0.293082659316441 0.256222428893156
-0.00850808295869999 0.00849760270242484 -0.0907777210884751 0.0107474695815324
-0.00500208181727735 0.00238133510277902 0.118582612527911 -0.0104497981487974
-0.00676032520516864 -0.00922221296186222 0.101488732022753 0.266286463158962
0.0225075743837786 -0.0409666161899521 -0.283851349812935 0.189620765992601
0.0496050802256173 -0.0286568086199714 -0.229623406653841 -0.254185653835075
0.0489860067095007 0.0129115568148122 0.265668362788605 -0.209165181968671
0.0415591364675003 0.0170521598452481 0.407707479339563 0.0687420754229158
0.0419964859405244 0.000900154873221982 0.412280839703084 0.0399947646997019
0.0289293714144997 -0.0404470203620161 0.311469681270238 -0.146303227505615
-0.0108016550289936 -0.0368756481577417 -0.00538965249333987 -0.281022989217167
-0.0317424237979142 0.0129449478695718 -0.292939745846153 -0.0229677100867882
-0.00835030534287485 0.0280877122125938 -0.0547722946082962 0.233303510889557
-0.00132964732004682 0.0402328296633364 0.105220018713693 0.0458106749592032
0.0156473372281676 0.0341091718241851 -0.0192724535371111 0.0295889822620942
-0.0389825902041881 0.104574844738078 -0.301616920204476 0.214907500296898
-0.0918834000711748 0.0553699530954215 -0.0991220199576456 -0.00659961017607724
-0.0547999855720456 -0.0251101781812392 0.117593651514234 0.0121715244818644
0.0191550305012131 -0.061923264701431 0.0527032282100564 0.284199879895126
0.0781977113902402 0.0106985264442184 -0.306695940726646 0.133801079772267
0.00892797813632065 0.0811348860793555 -0.176293458056978 -0.282231804781418
-0.0947643549577609 0.0523668944526548 0.279944857543832 -0.17335300521252
-0.119224066175266 -0.0129650225631345 0.393981702423315 0.0704284350593836
-0.100012766610564 0.0113172950304551 0.403135820519601 0.00213123811365934
-0.0554681190857163 0.0518122814557551 0.288602160463132 -0.195373768645694
-0.0133370134725999 0.061535244387164 -0.0427762248785802 -0.260017321046063
0.0242285265158662 0.0556029678122657 -0.256088304052805 0.0247424954801294
0.0436517788718375 -0.00482149582936674 -0.0249671472885123 0.203907171940385
-0.0401832083838733 -0.0276647335714846 0.0909490168321329 0.0453518974785546
-0.0577398778717185 0.0378753354893988 -0.00329933597813292 0.0325098417360305
-0.107821668384072 0.170163254580415 -0.30179373230491 0.132131989309383
-0.194178350494586 0.0743809267812481 -0.120846636985287 -0.0543509616319621
-0.112018710475551 -0.0765277045185334 0.089387704809002 0.00126349942717656
0.061905245522208 -0.115785553033108 -0.00838739237110471 0.250751714826146
0.123097966005626 0.0844196289892216 -0.297373020694831 0.0528907316347481
-0.0682669520435164 0.179100999178549 -0.112094812266284 -0.272755655253778
-0.238487403663187 0.0570876761141975 0.24275347654794 -0.120513236753555
-0.260470182274908 -0.0417386359857241 0.31804776640548 0.0586586313726656
-0.223899759657719 0.0543892573657439 0.344134969006722 -0.0332755256920475
-0.074280016778297 0.188356286070102 0.251268614557415 -0.225621164419768
0.106522072415181 0.141990242799509 -0.0333057369955322 -0.235131650511796
0.135088780727154 -0.0213238407699522 -0.181289599619535 0.00224336738958571
0.0241945965503355 -0.110314693047223 -0.0504599381016292 0.130826390316979
-0.134831351529851 -0.0692724568645879 0.0406647816961122 0.0834927242914059
-0.125936282923463 0.0697321523709193 0.0391624976946486 0.0501183819177333
-0.18543341478244 0.180359871985419 -0.26770159113591 0.0236166912565575
-0.304931442501438 0.0311193481072952 -0.105804556497667 -0.142290126360363
-0.164450473532466 -0.17612609427011 0.102493202139743 -0.0706170833120562
0.132785418882967 -0.181519649177917 0.0184711460368605 0.162397008242824
0.158825572605978 0.167559129653301 -0.200347627217751 0.0150597914655374
-0.163545331440422 0.241793189815757 -0.0689613624548897 -0.187613248821464
-0.351145732412818 0.0274582592225987 0.146832062220274 -0.0694452952384643
-0.361946145124392 -0.0655477462233547 0.196503425492047 0.0362625570596426
-0.309815398068457 0.116833564384059 0.237371681386457 -0.0382630276737468
-0.0180972197693017 0.299186839485268 0.199420774446296 -0.213400569088643
0.268619140518445 0.0878423621856159 -0.0337635006408038 -0.259223699271939
0.144411571711786 -0.22836166976669 -0.212254885143929 -0.0529974269669364
-0.125829559317364 -0.203911066834995 -0.123534693891978 0.14249151174092
-0.25609423368996 -0.0329890888400716 0.0375862371540848 0.154774426142913
-0.171848235218243 0.130422971053596 0.114678786775501 0.0455659575187621
-0.237865682890413 0.130833656311166 -0.184291468848276 -0.0689588766284145
-0.348432170758826 -0.0801044830191882 -0.0162032616461664 -0.207548779340483
-0.118165602253018 -0.289391282180687 0.206700898046528 -0.0977820324811389
0.249554486570577 -0.194992524388615 0.132039193185716 0.166625175178326
0.168292333740432 0.258187734189522 -0.106295834109876 0.108457239434137
-0.237746021934484 0.255463051377847 -0.110030476938152 -0.0549036267005006
-0.403680640183095 -0.0145192801916834 0.00469914021904579 -0.040958072214672
-0.409698637957708 -0.0767914727053706 0.0420605546860072 0.0133088866472091
-0.342110487733975 0.166246084693452 0.104363414507767 0.00772850771905224
0.0378869299789864 0.329924091856417 0.159708875838042 -0.11095295385673
0.299368424134897 -0.0241599040759067 -0.0242463065555459 -0.214919095924953
0.0102042962933244 -0.340279293777603 -0.22466633864116 -0.00803782669311605
-0.280067702557599 -0.159086608892699 -0.0924130949047645 0.209190166128745
-0.305269379142986 0.0672559501223686 0.11060141275256 0.176721842336092
-0.175465466891831 0.190302221183638 0.204536228831298 -0.00936466579459146
-0.229525830882674 0.0509079253394393 -0.0857263734188667 -0.105739738263435
-0.257840864105887 -0.173235184255818 0.0634705879554899 -0.170801647308044
0.03200547139963 -0.273483904887528 0.233881920662498 -0.0229520636518607
0.298943803089694 -0.0672216553445234 0.126412890060281 0.216285753425328
0.0962204396818053 0.311215107060732 -0.122750027567839 0.190353283292717
-0.267460117400614 0.221721256762453 -0.214006952096209 0.0304448164843218
-0.384221014279685 -0.0435216801123036 -0.147995935667829 -0.0440053774767543
-0.392696822436204 -0.076577875670615 -0.119623980181854 -0.0127700677087781
-0.321025576522399 0.172127904249016 -0.0241511434351928 0.0889460477002574
0.0408877028372623 0.294042755645843 0.189918423620938 0.0404139752578951
0.218192434609035 -0.0474146792416651 0.106440516987149 -0.172707397483094
-0.0727372711886004 -0.26935830656674 -0.132118901973149 -0.0452069357624127
-0.272544264839807 -0.0499165232564181 -0.0170904375031001 0.164017157058008
-0.244486759836447 0.133677751117973 0.169401873548962 0.108100528049488
-0.139071807329311 0.207699658541741 0.271551792510853 -0.105855464010948
-0.169115658240366 -0.013009058670169 -0.0146143064514462 -0.0872061783474879
-0.113711659030209 -0.174596784858314 0.0367286350799042 -0.0957084502207221
0.110365921886393 -0.13181211478233 0.133213898560127 -0.0410087618672113
0.18588128949103 0.0582191390891601 0.120826800854677 0.121201823445083
-0.0168511086979967 0.246675337964928 -0.0985519411106424 0.19006452682448
-0.234672504387529 0.150220407098089 -0.283432135828638 0.065449345081174
-0.303595196388982 -0.0453305818846101 -0.273467296508514 -0.0626774090340852
-0.318389595399632 -0.0621876366580616 -0.261129724011988 -0.0380261298659284
-0.25741421751461 0.131483511005453 -0.12984513271246 0.163742780728827
0.00339082975607393 0.219987969690362 0.250726676425885 0.147286687518219
0.124859224198966 -0.002527768085409 0.228744386127038 -0.21264995263817
-0.0472825330238163 -0.146518365968103 -0.100736156137068 -0.166253620267503
-0.156312920912351 -0.000298884669194486 -0.0343216040826685 0.0754746914820495
-0.141070440630665 0.113376295131905 0.161573898116245 0.0287554712963945
-0.0898946335873609 0.164771870069158 0.296399194530531 -0.201407841539483
-0.0896912479407632 -0.0359899488361199 0.0145640121764689 -0.0488685728846087
-0.0257229057985593 -0.115021978338722 -0.0443080728519603 -0.0627093932971439
0.0815321803185569 -0.0394565701027714 0.0730967070682304 -0.153015816272554
0.0737206842931529 0.0616288508202214 0.222037277757342 0.0463858059220608
-0.0453807751092527 0.128816895218343 -0.033858579305719 0.232872027068813
-0.143048512904474 0.0789707312517648 -0.311332465561326 0.105571352284086
-0.18268905196095 -0.028324456086804 -0.358400668329974 -0.0652040644768287
-0.19200697050058 -0.0409143942686843 -0.362264364555952 -0.0554349805888354
-0.16263674908261 0.0617451413856707 -0.210648574493003 0.205456444810256
-0.0314233353372493 0.12789534915764 0.26927637924294 0.200527226000186
0.0451246246792416 0.0293221928403634 0.27079875117397 -0.232874538019824
-0.00992313430597297 -0.0527151673689667 -0.114640683817576 -0.241236082408632
-0.0509734589119758 0.00295327886063731 -0.0934726776085777 0.0344844033801675
-0.0518339670052417 0.0473987712437133 0.121956908895866 -0.00555636814882634
-0.0482639800119087 0.0751644210775599 0.297661051381173 -0.258502897525965
0.0132436233777253 0.00981420560057454 -0.294588849509165 0.263530040781896
-0.00909751435441973 0.00882500480153359 -0.0914355738244496 0.00899016722576544
-0.00500342039727499 0.00338403833005708 0.123984339308509 -0.0129520169666471
-0.00772009961857482 -0.00925818990925205 0.109054983519322 0.270513704088989
0.022517541266864 -0.041859231575802 -0.285092291330757 0.197095213935292
0.0498296084098594 -0.0295536248634859 -0.235345259604548 -0.253746784007053
0.0493999396828776 0.0138150354385124 0.265599671057487 -0.215870120912007
0.0416749870608721 0.0174585852917276 0.412903675955581 0.0682589710035042
0.0423582622648206 0.00212300187724679 0.417952997444689 0.0408366448892041
0.0288291123183231 -0.0401879906818238 0.31732901323253 -0.145920244301431
-0.0105935670929104 -0.0367398867755901 -0.00385533532373418 -0.28540449867479
-0.0316083468429546 0.0124030152553488 -0.294598689905178 -0.0221207458491934
-0.0081525084490309 0.0282973843822392 -0.0523735629098927 0.235608158722631
-0.000145838955181784 0.0418009811323424 0.106113589699889 0.0448618826043296
0.0162343704576391 0.0342031573188767 -0.0184080344952601 0.0306998201973402
-0.0366781825113364 0.106876070651653 -0.302994523404615 0.223081393055921
-0.092353298634346 0.0577237245669588 -0.099012366134754 -0.00778026430894776
-0.0550121926557677 -0.0245782676117677 0.1237833347785 0.00976890787019027
0.0189515986927594 -0.0616184164388631 0.0589456797788459 0.2898223662955
0.0792981063566952 0.0102009411390957 -0.310484427492468 0.1408675545313
0.0100063740482979 0.0815272365202581 -0.183271170758311 -0.283962613806025
-0.0951573116122576 0.0541216709624251 0.281297403025264 -0.179031321768892
-0.120980090558604 -0.0123206615982547 0.399774375050936 0.0695636828995261
-0.100941652734701 0.0109766577724222 0.409878990390004 0.00181789835870911
-0.056661471134275 0.0519687610074337 0.294520810139896 -0.196975669787748
-0.012194911739327 0.0631744339153945 -0.0416661714481074 -0.264501636421244
0.0260656303925927 0.0556701405072801 -0.25871077326824 0.025575910694794
0.0449088390796167 -0.00527862778899972 -0.0234084772742738 0.206883196670855
-0.0415530901898866 -0.0276415786898879 0.0917518011043515 0.0453788933025171
-0.0581132867653784 0.0392348130115354 -0.00254181517503229 0.0335867934309312
-0.10619161471536 0.173617595313585 -0.30490582079409 0.138996653828804
-0.195003554808553 0.0779256848781707 -0.122278948414898 -0.054734490236758
-0.113402569924911 -0.076174305288372 0.0948655507117751 0.00182665286602686
0.0618960420394574 -0.116669137598649 -0.00336051452706757 0.257679197163239
0.124126522969491 0.0846601897301305 -0.303820515578557 0.059456837132193
-0.0677131878135479 0.181108215958796 -0.118307550458259 -0.275127667225838
-0.240994136164655 0.0600156571544721 0.244641243831636 -0.124407579636522
-0.264415865183646 -0.0413331454675457 0.323330480212414 0.0574544273059767
-0.227909341417437 0.0546682243019593 0.34912405708158 -0.0347353037877847
-0.0754185518915449 0.190444388796163 0.255677253145424 -0.229510958972881
0.108323957765263 0.144627178785802 -0.0335097994076715 -0.240970622562711
0.137543923441801 -0.0225289166251155 -0.184375270554208 0.00304387840704334
0.0232823545004505 -0.112260058395137 -0.0514025302504459 0.133117389993489
-0.138285871606125 -0.068661095793447 0.0424719024857602 0.0842239690063635
-0.126954779490767 0.0730680526575968 0.042171615016886 0.0497849546797188
-0.184870344879083 0.185549578017256 -0.272417276512454 0.0291933918128998
-0.309313180147508 0.035601780949916 -0.10844801359657 -0.143406715581633
-0.167808601808078 -0.176141948134231 0.104800880618455 -0.0712450579156547
0.132294441649738 -0.18445770553832 0.019274284847237 0.168529223135946
0.161432643404493 0.169345185061721 -0.207427084381873 0.0176934920703299
-0.16420722613877 0.245023935410271 -0.0730585203894038 -0.190802414296119
-0.356709138140203 0.0312225905624405 0.148218093422277 -0.0731018522690959
-0.367473504977566 -0.0644067951173126 0.199468327519225 0.0351855040932106
-0.315664212246392 0.118801116037848 0.241444877148622 -0.0396245428280555
-0.0197934135430603 0.304029260444486 0.203218713072554 -0.216738375461709
0.271296644520165 0.0901089430414083 -0.0352840193699183 -0.262961889384431
0.144935624278551 -0.231958972055119 -0.216542161163701 -0.0519789791626725
-0.129993708955136 -0.205695851193291 -0.124309608181526 0.148003380027917
-0.261527690127816 -0.0308544488773215 0.0407321483715662 0.157199429000817
-0.173192411100198 0.134665452453308 0.119535159564175 0.0436334201240724
-0.238872569833249 0.135634854753382 -0.191235260374564 -0.0659401183526689
-0.355764855032296 -0.0761126307461306 -0.0194699575237136 -0.209751803704489
-0.12230591495791 -0.291527110923025 0.209499664750042 -0.100750483766015
0.250541472547015 -0.198227980302735 0.133392938708205 0.168680179010962
0.171255772672091 0.260176655696498 -0.110145276703374 0.109134994714579
-0.241888583893961 0.259570589006217 -0.11240178470727 -0.057010715173014
-0.41008565222604 -0.011485720981258 0.00479998868557323 -0.0423156067528901
-0.415710998359359 -0.0788715645257029 0.0434051041008584 0.013085745715185
-0.348045606975889 0.169523238419749 0.106009922054264 0.00833303719487351
0.0384755184886423 0.334627314631668 0.162476912289296 -0.113153849280692
0.301726226639056 -0.0243986026972695 -0.0242761813421404 -0.217322604606293
0.00717698208968872 -0.344071158564881 -0.227454345987972 -0.00747718672654961
-0.286192282490973 -0.157048493446437 -0.0905780878585245 0.212856195298581
-0.310029671096962 0.0709326830560623 0.115170656145341 0.177593378217864
-0.174310714056091 0.195014568592515 0.210314481294261 -0.0130716677771309
-0.232517246567022 0.0548221282420653 -0.0910558941186708 -0.105829803873645
-0.265564833727014 -0.173797363312432 0.0622715033832838 -0.174335853172145
0.0315787455086577 -0.277800266580296 0.238813811898488 -0.0267630082154912
0.301242183707729 -0.0695544112767088 0.131253100700502 0.218017812269227
0.0975649616553169 0.316016197371622 -0.123628724189931 0.193541980387468
-0.271324833857285 0.224736873911682 -0.216620459737298 0.0312084902550127
-0.389313944418246 -0.0426913717542224 -0.14938299939157 -0.0445597485184012
-0.400297509718507 -0.0761469173018094 -0.120935031862977 -0.012366780471163
-0.324961214657086 0.174731726296878 -0.0236968117492813 0.092064949057593
0.0416254323272563 0.297806972768428 0.195548255939158 0.0407973865689552
0.220737819801194 -0.0482893179780014 0.109876389838164 -0.178111709537094
-0.0753548627895193 -0.270402213495388 -0.134047940205164 -0.0484274479790609
-0.275721135648069 -0.04630768223698 -0.0174340653918583 0.164726423975513
-0.247492825400687 0.137802267737009 0.173711986464949 0.108102689009404
-0.137830858630963 0.211968870809349 0.274807831641979 -0.112015987951715
-0.171751157714111 -0.0107308260609967 -0.017304918827182 -0.087738854119651
-0.118717279344071 -0.177044078857823 0.0365672859310453 -0.0990965432926326
0.110548160240215 -0.135747164734436 0.137213864742703 -0.042896760038015
0.187719821340028 0.059151447252454 0.123270394162797 0.123476282679886
-0.0177452591574503 0.250392644310258 -0.0995815527304956 0.193697659109085
-0.236748526704876 0.15209304851518 -0.288004375862287 0.0675871271166896
-0.30671363821515 -0.0451159959767465 -0.27774637241439 -0.0647339028805843
-0.322190636177549 -0.062351902134061 -0.264991868165424 -0.0379761175863426
-0.260937348418646 0.13369228586799 -0.131356723854236 0.16827667194497
0.00470557003957135 0.22361988702499 0.257701361265062 0.146020425400746
0.125665791916256 -0.00305398202835209 0.231105759957756 -0.22052593852524
-0.0488255812004345 -0.146129567073464 -0.105420022726975 -0.171594554244622
-0.158037314662234 0.00153251451072063 -0.0374793612848936 0.0768890938110417
-0.141178125096532 0.115476738517341 0.163558918158421 0.028714205977519
-0.088060316664992 0.168592301103622 0.299340748320857 -0.209281392032922
-0.091394803004243 -0.0357288870524104 0.012984611605266 -0.0494136549069212
-0.0279437002989632 -0.117291210910526 -0.045649726398316 -0.0640156036215496
0.081893569513857 -0.0411492953540255 0.0735337273107422 -0.154150663492425
0.0745057536473823 0.0614932379059636 0.223534112117702 0.0466343546023824
-0.0464086734858114 0.130858934826433 -0.0348899117823773 0.234992748688409
-0.144745526571703 0.0795180346375244 -0.315347629631395 0.107785381355986
-0.185714711064723 -0.0284826162165718 -0.364457790891175 -0.0655621349240998
-0.194276200946671 -0.0415912379436837 -0.367517525917709 -0.0551140156700562
-0.165869148953706 0.0629406857524239 -0.212186461959261 0.209834126185223
-0.0302098745204401 0.129912699675059 0.276197927375569 0.200135519634295
0.044556344124579 0.0294078598924579 0.272285319997548 -0.241581826661501
-0.0103172143966719 -0.0520647774528863 -0.119615267070113 -0.245874772611695
-0.0501836756565261 0.00383053806900192 -0.0976253937555654 0.0368607875435365
-0.0517010643084669 0.0475930099397486 0.122670120324354 -0.00528982044845435
-0.0466844498597286 0.0759104738805287 0.299886364036841 -0.266229673859951
0.0131950194611821 0.0101794594124745 -0.290998010432774 0.280126889305244
-0.00954883663061301 0.00954669958403741 -0.0921225740810506 0.00963861876802051
-0.00450635932874246 0.0033644229081981 0.129768791777276 -0.0178451540855442
-0.00782335924282598 -0.00925959842888137 0.122333604464751 0.274853608327395
0.0211268927394759 -0.0433953704811433 -0.286127632713368 0.212779999271864
0.0496081279047653 -0.0317718322328055 -0.25179069655462 -0.252150260138444
0.0508451044089539 0.0131194559636479 0.263881006605488 -0.22889525845505
0.0427084617620165 0.0181759843638295 0.424508273737598 0.0587041855819103
0.0431413948624335 0.00204009785986964 0.428938168752096 0.0329624521144537
0.0275678181330982 -0.0412530022399569 0.326492733068062 -0.155655659123904
-0.0105068154534345 -0.0375264758458017 -0.00907884450660822 -0.292611809017812
-0.0314735705870056 0.0133414202906052 -0.303098132034721 -0.0141563777113435
-0.00734029121290147 0.029292523911229 -0.0452945312539678 0.242581379802425
0.00180092377969815 0.0429584601709533 0.108902892294923 0.0420385833142145
0.0176065650951456 0.0347985737060168 -0.0165932737171789 0.0316385465931808
-0.0341067851926141 0.110618423406049 -0.303477020296253 0.238323451451794
-0.0926967657840988 0.061822396123155 -0.100205023782273 -0.00788418290073986
-0.057230797740768 -0.0231513531012986 0.131274851287935 0.00436788684239594
0.0172179229307495 -0.0635130042067545 0.0712524824945871 0.296329730663504
0.0809053667845551 0.00790961015915907 -0.313916767865973 0.156136033231652
0.0124070239866659 0.0824420110167772 -0.199253841301665 -0.284181226287376
-0.0960476505696454 0.0587607869190798 0.281420650353051 -0.191594896546068
-0.12502289311249 -0.00871910269118854 0.411526053508818 0.0612801196972246
-0.104548868655764 0.0136910076945492 0.42000700754273 -0.00716211422262793
-0.0579237023663748 0.0548788114581501 0.298614246758469 -0.207618124677568
-0.0107396369151718 0.0651937486528606 -0.0464988842113599 -0.270779064425193
0.0280288077114026 0.056643120458168 -0.264114469078139 0.0329450407063713
0.0456125323575613 -0.0062633041881649 -0.0177618721826729 0.210731067066871
-0.0436641838209467 -0.0267142626609271 0.0947007115841657 0.0428175912238586
-0.058493180700386 0.042866659640181 -0.000464372535445451 0.0345531390723907
-0.101663009030981 0.181129902852258 -0.306736999600765 0.154066054886318
-0.197077890911782 0.0863229030390937 -0.125669761627405 -0.0535783661214007
-0.117973017438059 -0.0739458227471751 0.101136968662928 -0.00109606947583362
0.0597765912143181 -0.120574538602051 0.00699160725244934 0.268116487436041
0.129165268423352 0.0828594604619611 -0.310999778346956 0.07159602796337
-0.0642356716956862 0.18649501473106 -0.13269035920488 -0.277536726492033
-0.243735121194743 0.0690883903258607 0.246321762891938 -0.136542924234406
-0.273148664738871 -0.0354563262226666 0.333184301979974 0.0508243789340894
-0.234008832642 0.0623541828422745 0.357376551679287 -0.0443249458086792
-0.0748326662495345 0.196893840466255 0.258778085291168 -0.241538632869025
0.113747672967976 0.146453369799007 -0.0396229898044401 -0.247027017831452
0.141350303151612 -0.0262440236271705 -0.190543766472579 0.00592732404715437
0.0205388697776705 -0.116261462990607 -0.0485235782142747 0.137708948225927
-0.145392626945473 -0.0660537003964348 0.0460590072008047 0.0857740794984335
-0.128379461709932 0.079366808229219 0.0458831119551198 0.0491440080909946
-0.182979007078122 0.197177343887045 -0.278450563926059 0.0401383994777916
-0.315880678971308 0.0469613084393651 -0.115711447579739 -0.14359050524159
-0.176858657326559 -0.174078054230466 0.107845245980841 -0.0738145290769403
0.129747040601986 -0.191480148013241 0.0246681264599542 0.176255539081774
0.168454370814201 0.169371007843839 -0.215468760296259 0.0247686755383503
-0.161739637337097 0.254908852513962 -0.0834207211119689 -0.195015314071316
-0.362880676856316 0.0413698430255808 0.14896079242464 -0.0800204400400297
-0.378760310707374 -0.0578777453124706 0.20522608624511 0.031334996760879
-0.323301032621724 0.129231043171001 0.245655524228223 -0.045442831648821
-0.0141662416384628 0.31145280116481 0.203551907187519 -0.226691878993673
0.279846502738579 0.0855425219933573 -0.0431548080371345 -0.269446276887829
0.14233192188508 -0.242241467524066 -0.224947809071862 -0.0470904576708523
-0.139748389642334 -0.206960427846198 -0.122917690884693 0.155512716610025
-0.272015500187874 -0.0223666467842676 0.0483290594493152 0.160636947389416
-0.172475326690462 0.14436275248975 0.126317572152311 0.0400348078100317
-0.240021696823999 0.147559294780102 -0.199752768775064 -0.0597576228504921
-0.367317057084174 -0.065481720169071 -0.0283960610586555 -0.215638462446145
-0.133852559906474 -0.293958116250855 0.210752017259467 -0.110029994249061
0.249561359870963 -0.209852649610955 0.140292104837711 0.170189546196249
0.180930709503885 0.262719440449242 -0.111708660486394 0.113355316175632
-0.241313636843211 0.271307179030983 -0.117423076167631 -0.0565665997874173
-0.419730883332107 -0.00354409980850351 0.00391384428227157 -0.0448043968354377
-0.427854377523946 -0.0698838855258574 0.0443701996735554 0.0120008603584754
-0.353499499665887 0.181843218498435 0.108291936154487 0.00632932591122917
0.0466950024627654 0.342180812868093 0.16573203529644 -0.117771704533122
0.308713489033073 -0.0316964561635275 -0.0285027154265015 -0.223621610115177
-0.00257576924781497 -0.35172058892635 -0.232436573007012 -0.000740093387948144
-0.299078632097854 -0.150952079584129 -0.0855775308357584 0.221327227102928
-0.316733869732886 0.0837956819006523 0.125863782225458 0.17876574840969
-0.172368603517032 0.206596281022849 0.217382905683789 -0.0220551549131576
-0.236444050417552 0.0639649551014701 -0.0988316515344892 -0.104405027656646
-0.278985130361354 -0.168415092680804 0.0571639991425674 -0.182370759051905
0.0228117715319664 -0.285368783627933 0.24379622047777 -0.0363777167102652
0.305980825938221 -0.0783409440853811 0.140817054340489 0.219170719315793
0.10658656342362 0.321865009064428 -0.120867229879078 0.201338060727087
-0.273425951021386 0.235861565161549 -0.220885207818131 0.0371080110946301
-0.39918080561238 -0.0354289316296751 -0.154084303614071 -0.0437073005237824
-0.411258471672832 -0.069104154562864 -0.123052418401219 -0.0100163966792485
-0.330876475967359 0.187865482496542 -0.0213402606949817 0.095523818352214
0.0505435197395962 0.30344996034186 0.205247266038796 0.0375016512301527
0.223723860354544 -0.05497850383876 0.11127737167415 -0.189028844583858
-0.0859426642117527 -0.272349313115404 -0.139549135187369 -0.0487912258690222
-0.282824946851461 -0.0381976015408959 -0.0143135920247711 0.168410170396577
-0.248541598822153 0.148140964541559 0.18297029561707 0.104682097935781
-0.13195847835774 0.222568464984188 0.280913889372011 -0.125805305709028
-0.176206140471627 -0.00545273465156153 -0.0229818923833017 -0.0889332677945772
-0.129336086539853 -0.177467980084468 0.0345148262237234 -0.104538750823617
0.11022343615294 -0.142707673493311 0.141542995107162 -0.0480898878217081
0.193796613672072 0.0569066674594862 0.1303090391247 0.123714684161481
-0.0116371676018177 0.257370494190082 -0.0974277871890152 0.200204223749102
-0.239202226290023 0.159622751132057 -0.292780901245314 0.0762321549552716
-0.314413087831021 -0.0403962875582398 -0.285888663346911 -0.060384296653741
-0.330920436850213 -0.0567664228591691 -0.27213279663593 -0.0328531659241711
-0.265098666897552 0.143028831943602 -0.129040247153083 0.176686595218823
0.0105415248749944 0.228626556031169 0.272861886450078 0.141724137322114
0.12758304928277 -0.00589507095115555 0.231833248200493 -0.236501913395521
-0.0539033447635645 -0.146379689433562 -0.115601648055383 -0.176132517959878
-0.159521855097315 0.00735580953202883 -0.0392093290072028 0.0799191237781323
-0.140768271860628 0.121826509579529 0.168241205106773 0.0245930780424017
-0.0833539540168769 0.174053709372583 0.300782172378961 -0.224571029100493
-0.0948363239500023 -0.0341074153281148 0.0106286885532609 -0.0504208334867876
-0.0332505740465833 -0.119357579497835 -0.0482971295649027 -0.0644457201235792
0.0827647345884444 -0.0441926772380803 0.0721312057437535 -0.158449909554816
0.0777607678489296 0.0608108916944909 0.229265587028479 0.0420841456558242
-0.0435787191040961 0.134717461333501 -0.0320457850172179 0.240354535664437
-0.146024031807696 0.0835467224514969 -0.319554142704223 0.118140765502698
-0.18988711152929 -0.0254254864993725 -0.374185665314865 -0.0599759163729355
-0.198466436233896 -0.0382156189237046 -0.376279419180493 -0.0462835342003875
-0.169122538362118 0.0686744849221163 -0.210090128065688 0.222815403819143
-0.0278722229216893 0.13366186627927 0.289806401317302 0.194849422546502
0.0458327870463407 0.0292226030303837 0.271380035348233 -0.25761240100846
-0.0119650668245728 -0.0512196173692404 -0.133062214440787 -0.250498845771811
-0.0501293496980792 0.00522363350290832 -0.102401081488763 0.0418590114262374
-0.0515792668905429 0.0490507554490922 0.12556105444331 -0.00764235038295209
-0.044472939197737 0.078996816983415 0.297774973457137 -0.282976132863373
0.0135882439245287 0.00968496411542243 -0.278763955829104 0.297782460790255
-0.00949762490754053 0.0108190313891815 -0.0920429236134719 0.0121916460069445
-0.00392431733332938 0.00388544589534647 0.132637799525125 -0.0273409764579997
-0.00798791800646764 -0.00876278230663068 0.140443292399811 0.27159389367011
0.0186971348555937 -0.0449429111353518 -0.277495059005631 0.231655469189454
0.0478971961268943 -0.0343780250646421 -0.268764665894716 -0.239400578795797
0.0523181073887914 0.0107772399130387 0.251368931675988 -0.246039490812072
0.0439769271612911 0.0171151449642349 0.430100882084859 0.0404082938041368
0.0436417915225581 0.00102798989618424 0.434374888995156 0.0149342563281936
0.0260543829315792 -0.0417812479322298 0.32476699468967 -0.171880630090042
-0.0107022177351068 -0.0381501320099031 -0.0218947619419876 -0.29595841458104
-0.0312326349745383 0.0138711160359088 -0.304450205843847 0.00129909350486109
-0.0060074801321763 0.0300276215597892 -0.0321063925269602 0.244693974154449
0.00343615153065943 0.0435518467715244 0.111518929864273 0.0363124908336253
0.0200140627796682 0.0343809536150751 -0.0138865815482758 0.0329713304945586
-0.027280226699094 0.113768969249946 -0.291127844934307 0.258158972090021
-0.0895240293626718 0.0677116653219161 -0.10020291963499 -0.00435150385357662
-0.0579731846186606 -0.0196685154483372 0.13579875180478 -0.00424822556753417
0.0145663935323342 -0.0640850459170155 0.0906227226782766 0.296418200691552
0.0808746344803708 0.00359093109489185 -0.308113812174284 0.176463279745018
0.0166110245312985 0.0815948451978022 -0.2180838263892 -0.274818408760202
-0.0928084709958498 0.063477586187814 0.271028267024487 -0.209428006467628
-0.126714641458563 -0.00247066809389647 0.417529317996003 0.0417888380392273
-0.105656519887225 0.0197924658722238 0.423899808294024 -0.0262183437570037
-0.0565137856892557 0.0579678543251982 0.295485615667343 -0.223995852823824
-0.00712372174620684 0.0671318919671404 -0.057589891408275 -0.27244706846349
0.0322167219573863 0.0556553294845197 -0.263887243215548 0.0458186978922466
0.0458797389754295 -0.00904265980377748 -0.00707654977062557 0.212378444489572
-0.0458753863979688 -0.0252147587731462 0.096360047431007 0.0384164849324999
-0.0573201818117206 0.0468191858360729 0.00340309044554638 0.0342173312079226
-0.090867338151481 0.188553996387967 -0.301073715722013 0.172908742629822
-0.194355967165319 0.0982601077808804 -0.128701261011656 -0.047971380038588
-0.121631492441479 -0.0676812614118639 0.105867664231712 -0.00706215968644826
0.0534161569515539 -0.123994303305802 0.0223199550589508 0.273907334761078
0.133617272378824 0.0769003837565395 -0.311832473229164 0.0919102607653495
-0.0554530334390062 0.189999963095112 -0.150883992394402 -0.272656062974449
-0.240701368255788 0.0804250568675652 0.240375624535567 -0.150348166419719
-0.277114789327699 -0.0231450047688251 0.339547839380186 0.0346488112954791
-0.234977680278553 0.0729970665007752 0.359277599866495 -0.0603867659463039
-0.0670830604704715 0.201307812671161 0.250587524101987 -0.257046631803874
0.122559181612309 0.143660063145455 -0.0508234952475234 -0.250407654337503
0.141149134482067 -0.0331340570640817 -0.193886544848384 0.0146752044167011
0.015092644450698 -0.117852595393981 -0.042754255062752 0.141908943466759
-0.151933239109346 -0.0595717566232426 0.0513835333591337 0.0850454687155507
-0.125172957863061 0.0871793334832107 0.0510841561070647 0.0460214800265174
-0.171906936711264 0.208483487431397 -0.280641307461201 0.0566863439526292
-0.316676821101457 0.0652632776749652 -0.123361776909287 -0.138802950953748
-0.185979204728212 -0.164341559849451 0.106891784076709 -0.0797188393550166
0.119852561314449 -0.198458176166098 0.0331444404297913 0.180402505440406
0.177499845679059 0.162588963168824 -0.219754808196791 0.0374519957442171
-0.15005472766828 0.264036684593329 -0.0964480231389249 -0.192127516696963
-0.362755480515734 0.0591605746992063 0.145581321491083 -0.0889556476623819
-0.384169683743855 -0.0402028923730236 0.208114120877159 0.0217662008641865
-0.319533265764345 0.146004632487785 0.246106832993753 -0.0578452238333234
-0.00145106190033802 0.315191104590048 0.195383334428431 -0.239795593702653
0.286953097425086 0.0748270399928965 -0.0572118496582084 -0.271326095086286
0.131852486154519 -0.250735590647851 -0.230765187741979 -0.0353372670799223
-0.15204602639574 -0.200208837689347 -0.115672353666578 0.164504588840059
-0.276474052983194 -0.00742591644246266 0.0593726777997234 0.159826074147226
-0.166577857308356 0.156927735114649 0.131730966909925 0.0323790694822285
-0.232655795595605 0.162725733478899 -0.206648728018682 -0.0477822279714756
-0.375221655781666 -0.0451437339858181 -0.0406390423828338 -0.215956674186838
-0.14998557138308 -0.287114103586656 0.207722725030675 -0.122427002235633
0.240195952602294 -0.223622704342446 0.148738184491863 0.166006727162723
0.193374736998251 0.257161544963978 -0.108893447482576 0.11843839452441
-0.231746486826549 0.285208267227329 -0.121960062367751 -0.0529694160408435
-0.423020947012969 0.0161627206162585 0.00259461913689425 -0.0458691914815989
-0.43479358792255 -0.0509176519792437 0.0460421614638978 0.0104777110292301
-0.348986245589137 0.202163525103117 0.11003971870644 0.00212971867914459
0.063452091681342 0.343645903885629 0.163468239395543 -0.126535893941287
0.309102996154137 -0.0463754566631348 -0.0382959985561245 -0.223904850064928
-0.0206540976839988 -0.354489168834403 -0.233952639400401 0.0101001222660909
-0.309168409913367 -0.13480274617815 -0.0746823129756928 0.228310532906166
-0.317400683934258 0.102539725593367 0.138385366789145 0.173487219606496
-0.160779901385877 0.218182434081242 0.22101066423616 -0.0357988401498691
-0.235109087599762 0.0779993027766746 -0.107625475656138 -0.0984989231727423
-0.292394112287294 -0.154947027534366 0.0469186570603958 -0.188043130553081
0.00817565737101124 -0.289809858282448 0.246279631762357 -0.0510427400808153
0.304392877712601 -0.0945873687521142 0.154095311719818 0.21257102046092
0.121061120358201 0.318947020831548 -0.11157925281586 0.207642165500159
-0.266044888164576 0.248948954786114 -0.220466918315999 0.0485127724834193
-0.404315889711872 -0.0174561428954652 -0.156167374831804 -0.0370597553310858
-0.418956864673901 -0.0505545273377265 -0.124403157919416 -0.00382662725467895
-0.323517402666726 0.205925334648083 -0.0166233416493814 0.0992928067276165
0.0658211067832112 0.304267046835255 0.213239295347964 0.0269723586504385
0.222454197481279 -0.0656475233128786 0.104318166693997 -0.200700266335024
-0.10131442702649 -0.268943587394142 -0.14389789592017 -0.0446469266437804
-0.28692338358469 -0.021368198458836 -0.00675329047457919 0.170447540008443
-0.244129067325653 0.162835166134672 0.1909965101225 0.0951502645240005
-0.11977190322489 0.231043376693265 0.277126836237638 -0.143790082688271
-0.178062329007823 0.00370934257093567 -0.0293575643130731 -0.0878195691349902
-0.142317894510057 -0.171939675319203 0.0291196059965024 -0.107038093481533
0.104066177119628 -0.150230630828266 0.142607692068875 -0.0570795202994169
0.198611726496971 0.0480400265831519 0.13755724280442 0.118857065489718
-0.00194646826236919 0.260922055797808 -0.0890151155351466 0.206925142715103
-0.234138883092358 0.170045090061072 -0.29174925875759 0.0907338565710909
-0.319375393151646 -0.026798889799144 -0.291061623177344 -0.0484247341489471
-0.337277649613922 -0.0419019347534268 -0.275353240611056 -0.0205094518088258
-0.261886382284399 0.15811859944613 -0.12012477999257 0.186453325892851
0.0213716036166562 0.230648607401474 0.286274671161061 0.128414919016937
0.126884675678109 -0.0119061751296445 0.22289192829114 -0.254610916817317
-0.0623744747386239 -0.143729257635928 -0.127804757021286 -0.174235586104256
-0.158953293650765 0.0161808287172405 -0.0386479158781032 0.0833042569230651
-0.135931386253521 0.130222996194537 0.170778713458566 0.0154887822892258
-0.0727253732500267 0.179212855249928 0.293605236453089 -0.244891143862171
-0.098127511984481 -0.0297520844606829 0.0076670689741863 -0.0508206181060578
-0.0417624910431469 -0.1190800586005 -0.0529488476966487 -0.063178684015853
0.0812508910624503 -0.0487519283501954 0.0664845506801941 -0.163736308601189
0.0811241784521068 0.0579745194087086 0.232466036202907 0.0316919292834389
-0.0383924340158377 0.138303120085158 -0.0229507945670588 0.243729285253694
-0.143061531509265 0.0909451166472652 -0.317119024464453 0.133067408083664
-0.192444909311328 -0.0179301452382922 -0.379059072089978 -0.0452299799384073
-0.203212318913477 -0.0295841283289464 -0.381773259905094 -0.0319985332503153
-0.168208873149214 0.0772365117798612 -0.200243814183697 0.236454827131383
-0.021099465158869 0.136183987406254 0.304710054099513 0.180921936667344
0.0459253554516379 0.0273612827117662 0.260992531097891 -0.277945732197233
-0.0144573060476928 -0.0503696428854304 -0.150621576900137 -0.248220335245064
-0.0488611432066331 0.00799766903518721 -0.103406299999242 0.0500016067974259
-0.0494472155105196 0.0514372505830267 0.124530832849602 -0.013286781199384
-0.0402045302242168 0.080810561830532 0.286571938665563 -0.302418963155105
0.0136306341999562 -0.00365281298095301 0.0361092342352475 0.40110562528495
0.00059416051187875 0.0144079008999512 -0.0523328294708604 0.073726747924142
0.000436988519667649 0.00651480200030885 0.067532299898706 -0.118574442143289
-0.0130857306887425 0.000651171611669379 0.294026413423563 0.0720909822217434
-0.022372581541775 -0.0457031139398684 -0.0102685616637988 0.358138863271946
0.0065012829145336 -0.0585892128085515 -0.355759270287789 0.0445228746398188
0.0435506327049838 -0.0305136096177496 -0.0162815302938459 -0.344913380488823
0.0414996023876183 -0.0191855582572735 0.311485836877687 -0.288547261418073
0.0296568308538314 -0.0298918815495706 0.296253116772115 -0.303438206249582
-0.0127850293337685 -0.0451890616467746 0.0910628794970702 -0.351741160349742
-0.0323143634522971 -0.0175696040318166 -0.227588403382189 -0.179408002673764
-0.0112261869308939 0.0294045078624798 -0.197203251225512 0.221108933477177
0.016053155513834 0.0241746391691666 0.156595766677423 0.181794216568925
0.0346096857205847 0.0266922209651551 0.0991232160296923 -0.0556536207495145
0.038422646243629 0.00875099922348601 0.0160938025190074 0.0299278086688975
0.0624840767936436 0.0939436657275601 -0.0019306125560549 0.381957100035255
-0.00987176921563474 0.110124749029228 -0.0684947041543468 0.0690384308855512
-0.0525497049755858 0.0291346472838075 0.0883252794580116 -0.106099745658234
-0.039059993697377 -0.0528052502141707 0.28189801385354 0.125769025467
0.0545461938809761 -0.0592488395371156 -0.0713543127390397 0.343848867889321
0.071431946580492 0.0411974861282657 -0.346740206935588 -0.0163329422399871
-0.0133567500023904 0.110601246563457 0.0229675840978464 -0.335430081721356
-0.0852438978115928 0.092662451787121 0.305243187517653 -0.277114062987494
-0.0565739791621679 0.0908192556756146 0.260267289279391 -0.322180042676364
0.00468891473342137 0.0807399291788668 0.0345196111044347 -0.363747281710589
0.0453104375960537 0.0490303070651445 -0.234292093505162 -0.139452999758295
0.0613503207500693 0.0109504720544897 -0.139141384171827 0.220368636201457
0.0229926960485229 -0.0389599146905727 0.149384387546437 0.142762406728523
-0.050063838962571 0.018319138524912 0.0907856658222644 -0.0434938101988112
-0.0044504606003164 0.0740053514520909 0.0286050597793773 0.0188770814803388
0.0763945643243201 0.189181113280027 -0.0699054293227607 0.334185822580712
-0.0549960020340035 0.205745880233291 -0.118207627431914 0.0619615611481916
-0.129705279786731 0.0447496902513572 0.0673324680040938 -0.084717597028791
-0.0573106069228962 -0.120624327181603 0.219890291244724 0.163383809682715
0.144126791042955 -0.0496198916501912 -0.136605881682499 0.293154561155731
0.105106335948434 0.16686636800036 -0.301262242233754 -0.0653603964881149
-0.0994488224190071 0.230616768408925 0.0463170758435891 -0.273783296699815
-0.200684256651805 0.188053445640623 0.248383515065291 -0.223869752222577
-0.102973611216785 0.219368253678769 0.193578516728191 -0.298500641585202
0.10076795949952 0.182825334149046 -0.0193069692515592 -0.35363960895522
0.186470480762938 0.00725065644844083 -0.21522309798459 -0.13127471816711
0.0693058895198027 -0.125564665890821 -0.117940795172705 0.149968674715829
-0.0768648177355006 -0.0883152099778516 0.0747268203027489 0.124631551392236
-0.145790880791081 0.0733911830266129 0.0952319998160861 0.0194883841433201
-0.0185926353352455 0.152261180054428 0.069401289566263 -0.009588779911161
0.0392418251602762 0.261309971119755 -0.13974266647509 0.243813768399973
-0.158442090796804 0.274282802607842 -0.180247582648582 0.000467248552852159
-0.242620983196097 0.0273463622431786 0.0141403435588179 -0.130338489864145
-0.0671300483650407 -0.217943965779032 0.157127419340271 0.0972499538073032
0.237098791801167 -0.0244376230075406 -0.119307173133274 0.190030999526535
0.096640751262945 0.286549031317365 -0.206673727460271 -0.0551584098864047
-0.196773340157275 0.304637194591952 0.031071476342245 -0.163349129396235
-0.285020218628367 0.254474213087791 0.153113310811815 -0.136477862633138
-0.106535000244261 0.329567349780849 0.121668872746653 -0.214451709079694
0.226742804217251 0.210981324376961 -0.04392926574225 -0.299693265458891
0.245521041676381 -0.15701214966899 -0.235423883888428 -0.13904489161108
-0.0943042531277574 -0.262067994828499 -0.179622574332046 0.14632647825641
-0.247934666197747 -0.0203313887068297 0.0441419156248758 0.193325963098727
-0.191674085227729 0.199446434487929 0.156491353243646 0.0622892123517117
0.0051046762292266 0.227005596213168 0.111526811206685 -0.0783217128731846
-0.033960486625286 0.275926129840149 -0.16883296960842 0.122654637575986
-0.278556447004247 0.246135750553995 -0.183471107822809 -0.109210089701216
-0.308757068018711 -0.0804133895614097 0.0454640079617369 -0.230398865294912
-0.00590906893655221 -0.321607335041361 0.217266021462266 0.000914409115130158
0.317222098322955 0.0273534953605189 0.0122948260463216 0.157642537685999
0.0566898831774313 0.36151534161006 -0.118106485709036 0.0544242883805395
-0.268536723233333 0.321451178432087 -0.0310674261892462 -0.0306441169436521
-0.325809853255933 0.28451392412014 0.0383309212881181 -0.0254626247670635
-0.0845231770417195 0.385859866438474 0.0755025506890667 -0.07574753436764
0.290567237294413 0.182784018153332 0.0195282565426754 -0.203659965315938
0.173030344945827 -0.252236358624601 -0.187983251201225 -0.122627907421395
-0.270018620328578 -0.219496366756882 -0.147930158221235 0.177101786288518
-0.301828035920869 0.136996223685997 0.116861689083072 0.205520135128875
-0.13760291333977 0.301459090918701 0.218902679668852 0.0128843341841193
0.0543320596089462 0.264396747406656 0.118238977578448 -0.188504738338291
-0.097547083370512 0.222454235228055 -0.141165493634427 0.0158262162771803
-0.3065750236603 0.114386480273495 -0.108017390324444 -0.155899896620791
-0.205277539408528 -0.198061053477605 0.1228875975264 -0.214949169688372
0.132049198987294 -0.284177000656603 0.257061415700753 0.0250616565582448
0.314109090595197 0.123090001896699 0.0786537001186086 0.217441978414396
0.00615032573422869 0.363517094135235 -0.106480068575605 0.193440392899629
-0.282849742890906 0.283626409914844 -0.128963653166536 0.0908934611804897
-0.315162823677604 0.271825746294906 -0.0840798931529313 0.0902653236975711
-0.0653680834550139 0.371587239478936 0.0631431116913955 0.0799348759546506
0.264043873001099 0.154140745119427 0.163899591838604 -0.141117632348521
0.0997145205604838 -0.20198141374144 -0.0786728112304755 -0.212591086154905
-0.260182933067367 -0.102907546412145 -0.130352485527483 0.0749511249640851
-0.203687482265223 0.194207200328165 0.118297653780535 0.118642088498103
-0.0435319177207009 0.287118805540193 0.195071606708855 -0.0762376003507142
0.0923268951723855 0.242971580339441 0.0761632037901307 -0.300556710610275
-0.115053760289305 0.132961437202 -0.0818176308691791 -0.0342031285264993
-0.220441856755945 -0.00835531368493104 -0.0614222000863428 -0.0904371921077048
-0.0399995073891742 -0.175782677469558 0.0517712271967756 -0.14465376653095
0.166164598281711 -0.112974864192406 0.178975701854573 -0.022879790462345
0.190202183349405 0.17485612978302 0.0931733378443864 0.202348526242637
-0.0308966434966656 0.286539846052874 -0.122298079677114 0.275416076264884
-0.234094526147476 0.215233910133528 -0.227201305926979 0.18287955186227
-0.255229969393101 0.21773577133731 -0.195734509404286 0.189789585881937
-0.0586639421981273 0.293930634633257 0.0582637104975836 0.211508109376486
0.181853402435525 0.136935357677797 0.282759545073033 -0.127678549830824
0.0748585216060883 -0.0972853835209056 -0.0427974593353766 -0.332923841086118
-0.142438586121358 -0.0492595136518759 -0.215120720941472 -0.0196386858994159
-0.0919219342873096 0.125311437852099 0.0345302340766515 0.0854221433037933
0.0044953151263435 0.185735133028743 0.124453131712188 -0.11207221057933
0.0868241837279174 0.174407392261558 0.0122362552038942 -0.376725119148739
-0.0876800807890795 0.0513817852020745 -0.031212248963403 -0.0375378130230173
-0.114329176167434 -0.0479291113119849 -0.082155742070557 -0.00137014578959191
0.0191522215987483 -0.0920065715293263 -0.0760648141404137 -0.157125897185691
0.0958376425161611 -0.0192090906698457 0.175462985459962 -0.14907299165689
0.0742034437529027 0.120332964985871 0.163314255315388 0.177662825215709
-0.0292157288952592 0.164895056964754 -0.110400910823676 0.322379207765705
-0.14164848699922 0.127673780629938 -0.283593013368271 0.248075956019299
-0.156795520462055 0.127159508152057 -0.27321868351957 0.259260413496515
-0.0556522562242444 0.172398947774021 0.0415132489145149 0.3010717381332
0.0838468441003919 0.106306836230116 0.331392257188702 -0.107432084163731
0.0499613353391245 -0.0117516121360657 -0.0319437332991982 -0.37348702280426
-0.0427578904086292 -0.0229671298022546 -0.281403624521049 -0.0525542539606564
-0.025683543110548 0.0391382308097931 -0.0325280152462939 0.110733645798631
0.00420359366705358 0.0708957637136269 0.0726301323119101 -0.0978617594129894
0.0353770430510127 0.0849552801093488 -0.0331246301398446 -0.408709328463635
0.0127026383893702 -0.00484925047127046 0.0472348830906973 0.387234882278753
0.00146495341356273 0.014178677309843 -0.0479654607051542 0.0712420692288659
0.000566395776621951 0.0059885914498713 0.0617521590669883 -0.120489279738766
-0.0131406514506318 0.00103802139529712 0.289863390842372 0.0603025927873514
-0.0232194899755613 -0.0435267881114915 0.00297047249076703 0.350070037213342
0.00459380627505925 -0.0565687971837361 -0.344979295707859 0.0554711817652531
0.0416404282096146 -0.0304697927019538 -0.0274673826852079 -0.33419270432786
0.040987837612545 -0.0188556970806852 0.296183290430376 -0.286747183151672
0.0293490702925876 -0.0293103419578863 0.282287852366381 -0.301422157550119
-0.012560956292807 -0.042596644519788 0.0819680669064748 -0.34813041891812
-0.0318046885989904 -0.0173229270231019 -0.22601412113514 -0.170152181482859
-0.01089492586864 0.028101144354622 -0.185018693111069 0.219649449898068
0.0165838966422095 0.0223728940667682 0.156693204153442 0.171364781864906
0.0344822481001929 0.0249447971601238 0.0947084031557469 -0.0559326838936007
0.0382203796150871 0.00757624185957563 0.0166896494371226 0.0270813853812228
0.0637367873366711 0.0881265820647552 0.0105539277752966 0.372058005998661
-0.00496630769105609 0.107537760069804 -0.0644117954525738 0.0684581615407716
-0.0500777437974381 0.030373123520267 0.0834194628429375 -0.108774781107887
-0.0397362054511346 -0.0494749370615958 0.280937886957709 0.11325371887336
0.0510997609092051 -0.058947566744127 -0.058670021913089 0.338509457718666
0.0711476950874927 0.0379543058745846 -0.337818948733267 -0.00356657209232296
-0.00991398183472704 0.107702435990126 0.0125203722532183 -0.326357397529093
-0.0811143024094255 0.0928910347095659 0.290653463956273 -0.276818322676751
-0.0521862646231563 0.0896394743548327 0.245736350975321 -0.320551365477464
0.00577351393272931 0.0789468442573801 0.0268604997694862 -0.357096841175294
0.0449895024382444 0.0459895293161823 -0.231487683610908 -0.132352497604083
0.06030735917481 0.00890655378019697 -0.129405565422079 0.218370327755266
0.0218991877025325 -0.039103931522607 0.148873331595277 0.134335226675792
-0.048088691814743 0.0197917997513518 0.0870557215429037 -0.0443128886715317
-0.00151686497391443 0.0718848395164161 0.0298633948400772 0.0156912821279395
0.0797781448416938 0.179919386846738 -0.0574392354786692 0.327969080579944
-0.047247491558102 0.202042902503372 -0.112765570179607 0.0620328037598289
-0.124262603439178 0.0472068538953345 0.0650757012983611 -0.0875098135930185
-0.0587187469548638 -0.113970352544249 0.221876605664282 0.153621650550051
0.138268521406803 -0.052093686779613 -0.123902990372747 0.291367682274138
0.105307673097416 0.158880420772751 -0.295356958319129 -0.0531249113681874
-0.0910092538241037 0.225987362252034 0.036335143311455 -0.266231637457519
-0.191155039176437 0.188185388947775 0.236782739398911 -0.222653580754944
-0.0959721924478542 0.216469955999609 0.181565197518599 -0.295098911950473
0.101131033736871 0.176583255753029 -0.0267314150599621 -0.345304095896809
0.181280710910281 0.00257453247832595 -0.21489855380816 -0.124622297464824
0.0640254415723326 -0.124543230235784 -0.112393477064194 0.149559339422242
-0.0771327620387089 -0.084712232045029 0.0753240522340004 0.119361470417068
-0.140550315637326 0.0774502020614884 0.0944082386756342 0.0165519587816968
-0.0133924781758977 0.148281209338312 0.0681309036492379 -0.0131646192085048
0.04611464550663 0.251441397264209 -0.128723460220407 0.243450499161463
-0.146678092763003 0.273027189002593 -0.175507181695238 0.00545252308559092
-0.234441672762716 0.0331182813579576 0.0119005699516086 -0.127166943103298
-0.0716501828452868 -0.209480873143351 0.158362467842334 0.092887437454081
0.229757911347637 -0.0293821928513423 -0.112026454749468 0.190860044204147
0.101091878423621 0.27647598905564 -0.203435713769511 -0.0464990305594638
-0.183605522547849 0.300332778936723 0.0252391443996346 -0.160310953881329
-0.272033962238433 0.255997073753225 0.146382506073603 -0.136145449115841
-0.0964432794802606 0.323733852321358 0.113482591459281 -0.21087593180582
0.225587952095441 0.200495818761399 -0.0496784077418703 -0.292194193951384
0.235354481989353 -0.158569657920648 -0.233845529320518 -0.129848794319188
-0.0991021252688664 -0.252540442793512 -0.171272812440039 0.14987691496051
-0.241116505603156 -0.012666799293238 0.0490226376521142 0.187720277336694
-0.181650440730974 0.202134129984316 0.156094489171067 0.0556008577128477
0.0121544025548011 0.220707135380898 0.106563168315265 -0.0824707166432225
-0.0253530721771031 0.268931436303452 -0.160118988048878 0.125660963386215
-0.262799577001115 0.24925560464105 -0.18247177512462 -0.100373176060013
-0.301589926067091 -0.070647018323744 0.0376726492166371 -0.225289272399905
-0.0140969976929201 -0.310990233727971 0.212184337085784 -0.00369611928737204
0.308461573206019 0.0195702182124594 0.0134785510716022 0.155520540447819
0.06298144244148 0.350349999452457 -0.114544412188347 0.0547055229469573
-0.25420080342756 0.317846156660127 -0.0314805525855574 -0.0294619861382419
-0.311465979737076 0.284673805181336 0.0374418725470431 -0.0260733073241498
-0.0734679036929984 0.378607152409267 0.0729233867803351 -0.0748259332521563
0.28767910985582 0.171573156647526 0.0156367940858839 -0.200218441104571
0.161199340420233 -0.249372217617949 -0.184926294206244 -0.116087261532244
-0.269057175366338 -0.204668702247905 -0.139004373253145 0.175490935561265
-0.288642751232261 0.142199637717869 0.120878108943961 0.195218192321341
-0.12347973844706 0.298941130946172 0.214190583740106 0.00409025842293501
0.0614140872933163 0.255110434402316 0.109933184349931 -0.190414108872064
-0.0889493637489069 0.218076130292941 -0.137081298241189 0.0221892027214523
-0.294471252985204 0.121591626780898 -0.11138644889185 -0.147541578602079
-0.20593782697022 -0.188113507450963 0.1124515057025 -0.214157132650255
0.119997552579581 -0.278387038724765 0.251926008758737 0.018100708043881
0.308576041183006 0.113888840305002 0.0814436095667561 0.209165932397636
0.0117216377473131 0.353104184431927 -0.0993771101526247 0.190371366191821
-0.269196928372115 0.282235645962976 -0.124578447100933 0.0913967563463518
-0.300486973389799 0.27117108887121 -0.0797795128341466 0.0896055133931569
-0.0546404507774099 0.363970118402532 0.0646919207821453 0.0755794070416639
0.260630254255643 0.142997052877653 0.157706815014199 -0.144505597133441
0.0905519154131734 -0.198092305587379 -0.0830358801586824 -0.208867999124971
-0.254635044686971 -0.0926742117581773 -0.126211928073739 0.0752674616783634
-0.191399448951859 0.194627940977736 0.117899816454152 0.113045099045728
-0.0336104225834682 0.281724007500846 0.188042704233792 -0.0804957851364812
0.0975461813075646 0.232018551918783 0.0649941554310252 -0.298122979340944
-0.109251424564536 0.131916567428354 -0.08109006504408 -0.0297492059907328
-0.214840336175278 -0.00160371001914478 -0.0635898706831616 -0.0861136937186074
-0.0446661603147399 -0.170885224914774 0.0463526042563741 -0.143367201730301
0.158849787401956 -0.112795935873924 0.174737437870304 -0.0264549720829803
0.187801152638708 0.167868021980734 0.0953683021974687 0.195527877336625
-0.0259095727895281 0.278853025096897 -0.112617823129587 0.271050036795563
-0.224031229248532 0.213864489298655 -0.217238457923248 0.181959279641129
-0.244176849755303 0.216796993305615 -0.185738590981803 0.189143833303686
-0.0491422399864034 0.288503978268066 0.0639288841518307 0.204038217159813
0.18015823265924 0.128309384144894 0.271829133508083 -0.135992637103927
0.0697073733841797 -0.0952375758457144 -0.0536422846703201 -0.325868492170547
-0.138757524366685 -0.0433190098758084 -0.214166158075801 -0.0134712744146094
-0.0839814333892576 0.123161521231521 0.0352999452935288 0.0850959525097998
0.0101538593814481 0.180601607611337 0.117721478076331 -0.113289103860788
0.0896897327356022 0.165458769225889 0.000263324171911495 -0.369358423539107
-0.0841677193829801 0.0524419044166345 -0.03195540724455 -0.034652642575039
-0.113138527426546 -0.043311969795899 -0.0807439410975992 0.00186893114804424
0.0159757255199003 -0.0900795867384238 -0.0783849987048097 -0.15116589889742
0.0918344830656897 -0.020659895331923 0.167680490936101 -0.14845999086484
0.0746180726031442 0.115353429647923 0.161460453021898 0.169763285662012
-0.0260578776589884 0.160169613611462 -0.0992925644221765 0.316431869329966
-0.135439547144825 0.125797010892659 -0.273035887612864 0.245871364243918
-0.151035909350929 0.125617688293382 -0.260402584596935 0.257924632532655
-0.0499063680755737 0.170170399453168 0.0517448349004156 0.29092890197836
0.0839703102697784 0.101324495809786 0.31930180889864 -0.114864448165741
0.0478106856485012 -0.0106912182204902 -0.0445256703789921 -0.364507598932607
-0.0409798946684134 -0.0210005777835025 -0.278967217038871 -0.0412726635437171
-0.023417686356212 0.0371814246597565 -0.0287358909901685 0.111696065019935
0.00613062623577393 0.0683729654598452 0.0690673260742296 -0.0966924412356578
0.0370688215118534 0.0805480681290974 -0.0445546953253704 -0.397634589101891
0.0123964119220215 -0.00459284388693003 0.0506458006591945 0.381686966636063
0.000944030839062367 0.0148725832931596 -0.0467666833814687 0.0698115678295583
0.00106146048384321 0.00542197816476469 0.0603269167134485 -0.121759478623217
-0.0132492148443858 0.000598569870877446 0.289007075565905 0.0539905401088242
-0.0228776134906513 -0.0429551682007484 0.00826888723890663 0.345370511310274
0.00435634006586979 -0.0556701765223202 -0.337871550262654 0.0619310306374402
0.0417782612611271 -0.0300180283464456 -0.0319017722037371 -0.327940103581007
0.0412000671418552 -0.0188681116406246 0.291529530339054 -0.285249636571112
0.0294648864247383 -0.0290548696657424 0.275976087985282 -0.297949291865148
-0.0117031418838469 -0.0418947404607843 0.0790466759742601 -0.346520009415206
-0.0317682851105871 -0.0182772932265718 -0.222933296493402 -0.164866792046662
-0.0111208490950924 0.0272562906456184 -0.178883940518753 0.217826069901416
0.0158767682718705 0.0212989605752331 0.155401534555703 0.164880945712958
0.0339231700396771 0.0242999116244119 0.09276027923072 -0.0558790564792062
0.037560566987346 0.00632337748125202 0.01777762356498 0.0247957333190123
0.0637932716498305 0.0851189371804954 0.0144196801467847 0.366909760064528
-0.00314315747990651 0.106891238076527 -0.0634691881904089 0.065987575701704
-0.0484574922214491 0.0302648627449835 0.0810740997278726 -0.110869549042622
-0.039685370484447 -0.0478290013061967 0.279487061072693 0.107354686175149
0.0495893719698395 -0.0582356242164249 -0.0532115273317561 0.334078071745582
0.0688533146901695 0.0368666678066081 -0.332432775500158 0.00291952647385699
-0.00896311730553349 0.106208872244679 0.00824638533383242 -0.319879850111386
-0.0784380655393407 0.092609898492057 0.285015123996003 -0.274545675428239
-0.0503873332831829 0.0899398135169848 0.241101956359065 -0.316445691638715
0.00566168922945128 0.0784031717418306 0.0245707903061229 -0.35535125449144
0.0451216226636289 0.0445179269498668 -0.229482727243185 -0.130354685013221
0.0591006163062123 0.00768734373818576 -0.125036562783299 0.215321182210941
0.0210985800292658 -0.0398869618479839 0.148598595822826 0.129895444116785
-0.0479267650039244 0.0204035948744928 0.0849544681727067 -0.0439462713449234
-0.000322245919480098 0.0713583915365179 0.0299043590597137 0.0127805082304632
0.080134940027357 0.174814821461616 -0.0524122342422619 0.325466007214516
-0.0430596986705779 0.199521662330032 -0.109745900163386 0.061495550103458
-0.121633369989095 0.0475162917354733 0.0644384090827071 -0.0891578620946278
-0.0592097974684538 -0.112441918606921 0.225449877267393 0.148626366282602
0.135578837115545 -0.0515990619419705 -0.119575767186362 0.29139757217375
0.105340339837173 0.155151774418873 -0.292534743763531 -0.0470465201151314
-0.0872308556696606 0.222114079585105 0.0335753175789678 -0.262355957087902
-0.186876139017581 0.187489847048675 0.232899124690372 -0.221652065199742
-0.0925622859337948 0.214038306667467 0.177667033926006 -0.291810981069903
0.0998975567131958 0.173723940195395 -0.0295687939532482 -0.341771133254303
0.178116277134037 0.000237184908445976 -0.213624114275549 -0.122134710913471
0.0618482355145331 -0.12363547210288 -0.109502956107565 0.150042760083515
-0.0765537423035423 -0.0835973000679183 0.0753339696132974 0.117775229693438
-0.138564440159409 0.0789345753538502 0.094058495934678 0.0153772229745535
-0.0108404255571283 0.146325830315923 0.0672275929892174 -0.0165718942046911
0.0473396277880108 0.245441480587311 -0.123560669330182 0.242669790570417
-0.138992999887607 0.271010926677664 -0.171697689023096 0.00797744570965381
-0.228365659589909 0.0354889228809768 0.0128036732215211 -0.127019382282834
-0.0719593574129457 -0.205259074689362 0.160486621518504 0.0926493244894199
0.224676971985897 -0.0307513781846352 -0.110008004407088 0.193070888414026
0.100974524556786 0.27152559036546 -0.202042609303903 -0.0432271231311031
-0.178525324174622 0.297629753365552 0.0235471109656182 -0.157665242771353
-0.267954472584794 0.253138355132895 0.143288721743266 -0.134466512560821
-0.0921863848779521 0.320762303325581 0.110323222203656 -0.208687055630956
0.222552636579738 0.196699273767311 -0.0506009645685601 -0.28792474136799
0.231169164440659 -0.158158747806952 -0.232574921314503 -0.125686603276317
-0.0990676817266588 -0.247934534311118 -0.166970606358954 0.150618360564214
-0.236948848143039 -0.00973157548876879 0.0522496722193412 0.185284086845792
-0.17653896035381 0.203135830123462 0.155222514158494 0.0517891822342441
0.0160688038180349 0.21716023789338 0.104082261924316 -0.0855321238341867
-0.0213555169993745 0.265041576492544 -0.155457074608827 0.12879949149762
-0.255672832507069 0.250223648798176 -0.181496844108871 -0.0954788627023607
-0.297704907379736 -0.0655532652143257 0.0350609499894763 -0.221831482160801
-0.0161099687641629 -0.306667732965346 0.209530953401348 -0.00271023601609324
0.304002767144073 0.0177378892691569 0.0123780290615736 0.154644938029066
0.0633455598141365 0.345737705163199 -0.113647543659897 0.0550358024768291
-0.249263978120414 0.313965059254368 -0.0318803897380833 -0.0290824515892223
-0.306246486335782 0.28264559401184 0.0363713053035137 -0.0251016043652392
-0.0684489986434609 0.373168312346151 0.0720520441212599 -0.073657886213992
0.284404712700169 0.16658660574216 0.0148757993677866 -0.198830062206352
0.156762092004308 -0.247523492696917 -0.183505644788431 -0.114619832027915
-0.265235033762535 -0.197621927650656 -0.133992350453733 0.174402814053823
-0.281690493945172 0.144695795698347 0.122284168884067 0.190673634135261
-0.11861645244605 0.298145256810411 0.211719422291135 1.51630863342478E-05
0.0658177248353421 0.249557529853219 0.104969287116579 -0.191559631312234
-0.0858194546450348 0.216444494625647 -0.134902488662676 0.0256508677006089
-0.288264731695784 0.125611977204517 -0.112635230749464 -0.14373564711881
-0.206163717682663 -0.183066972863916 0.10788805153174 -0.214042538774447
0.115939831977214 -0.275280296148961 0.248745239531789 0.0150690230418938
0.304226569864689 0.111025123084275 0.0816049693471797 0.205276991060875
0.0127774002864294 0.348360200081143 -0.0968063324906364 0.188321250583834
-0.265843918855591 0.277881331896222 -0.122566107988744 0.0896785285430031
-0.296463358966834 0.270016610390989 -0.0767437591389207 0.0887398660207671
-0.0482803081667526 0.359177038779813 0.0656170530505786 0.0744160342180473
0.259293528793976 0.138770693041636 0.155395569296456 -0.146625004499936
0.0873975207119771 -0.195015859264127 -0.0849346627175961 -0.208208605229456
-0.250961251093668 -0.0868059738745831 -0.126415990422476 0.0747265971824691
-0.18396336163504 0.193522434043354 0.116747437890969 0.11051702794794
-0.0290127850122392 0.277940248279994 0.18509261522768 -0.0833201681211852
0.100430473820187 0.225710271796256 0.0593556765733818 -0.296352707264617
-0.107252446133802 0.13099195836218 -0.0802771782767684 -0.0265960345937001
-0.211745800325757 0.00173983881838927 -0.0646891273268831 -0.082979061920163
-0.0467431787111853 -0.168205793037848 0.04367923983839 -0.144439083446762
0.155409669504667 -0.112611280484377 0.173442591603834 -0.0272976442346115
0.186617337610031 0.164718866638737 0.0955364272777449 0.192274014416424
-0.0249132096975669 0.27318912718922 -0.109750198788264 0.267726447778326
-0.220150735286203 0.210391489416187 -0.214333803666723 0.179956594457928
-0.240773037351186 0.215374723858208 -0.182513590686409 0.187520711952563
-0.0464132294075999 0.283810896163671 0.0664247640940306 0.200849859928018
0.178914448113647 0.124264945770243 0.267604566606312 -0.141399942167946
0.067125118370267 -0.0934693772725759 -0.0591391255117387 -0.322069990875937
-0.135893394485056 -0.0399513782400037 -0.214066975480373 -0.00915477079393151
-0.0806383876309647 0.120718531476345 0.0351081645703741 0.086092608195844
0.012289437228137 0.177184776584022 0.1147345262426 -0.1123622684234
0.0901085326223079 0.15987089687659 -0.00602945195273005 -0.364575459453745
-0.0838281634331291 0.0522453097635222 -0.0314379032963256 -0.0327787034838662
-0.112395931093974 -0.0412976801479929 -0.0796036197321056 0.00352814646547058
0.0148641280123747 -0.0887064127842326 -0.0780848740703578 -0.148374034034589
0.0893254717182493 -0.0206602356034446 0.163686307028909 -0.145432265495748
0.074151707689035 0.114305376064851 0.159011044345303 0.166867748997325
-0.0256317034649774 0.157006619388327 -0.0964527522125539 0.312402560442118
-0.133853020673376 0.123500097348963 -0.267100166301222 0.244496879336352
-0.148914619002324 0.125021194248839 -0.25596360511186 0.256403396167809
-0.0483976826736795 0.168654720178547 0.0550836410768533 0.286144484750964
0.08450803858877 0.0985891941866574 0.31324360336377 -0.119897742134015
0.0469938954162952 -0.0108020153317027 -0.050463354319439 -0.359805940429236
-0.0400045708892887 -0.01949947688772 -0.278702907291182 -0.0358723228045057
-0.0221710074502037 0.0353249007680066 -0.0263586537096171 0.114100129056084
0.00634527708222431 0.0669387595187256 0.0664815181389013 -0.0939475214145562
0.0380389573089938 0.0773280202053159 -0.0497037057087243 -0.392203480594495
0.0114613106935234 -0.00471173286074105 0.0567179845514156 0.381992181117408
0.00245699581584326 0.0161128554175316 -0.0466929400193637 0.0679926052230801
0.000905361027453448 0.0045621158588457 0.0586582323099389 -0.125946640352178
-0.0135995897279513 0.000646868945680849 0.291185740331181 0.0498242848545418
-0.0232037061213944 -0.0433415066960947 0.0145864605714147 0.346452626381274
0.00390722136257799 -0.0554975721825554 -0.337450990258461 0.0682901986955439
0.0411737385973118 -0.0299365643925227 -0.0357976407427251 -0.326054375658521
0.0403535663299472 -0.0188755963730899 0.288841148771991 -0.286973756310352
0.0301967640050555 -0.0291798168781172 0.273152415007121 -0.298451837098556
-0.0123767843378749 -0.0414243680207995 0.0776465074325897 -0.349579295620421
-0.0324863182437208 -0.0193244533556113 -0.22410359892705 -0.164126517452196
-0.0110276234748069 0.0270880811385503 -0.173516232381929 0.219127844403028
0.0155198028276287 0.0214315745697859 0.15664675303746 0.161523755491941
0.0348625560939282 0.0243253573786686 0.092141412415231 -0.0562226422210474
0.0372890534189724 0.00538285185111324 0.0181279086281195 0.0225030757534437
0.0643714609603386 0.0830318332051878 0.0209044209683734 0.367611884236343
-0.00140222880522089 0.106821120337699 -0.0620487327482998 0.0656242618921632
-0.0473720262791852 0.0307517582579988 0.0804218648893627 -0.11555488033351
-0.0405436927388993 -0.047339795044119 0.28363525759547 0.102597541632275
0.0493975479406362 -0.0589791606845572 -0.0465715240480357 0.337982329606262
0.0690401839240175 0.0351731794560718 -0.332602712405508 0.00830893618548103
-0.00754865879633577 0.106134467804474 0.00344559444779341 -0.318718110706099
-0.0775916303894419 0.0933572922323463 0.282680200905292 -0.276708448497601
-0.0497318921226982 0.0899096152098828 0.237646354013697 -0.317282348545745
0.00617672722801122 0.0789953734236314 0.0216554805178813 -0.357000167746417
0.0452705631580398 0.0436648366515799 -0.230774231986231 -0.129294758447998
0.0585718839802484 0.00651538485111246 -0.121797548854727 0.216242127906152
0.0194756209036623 -0.0405612439150061 0.148828294750263 0.126390369969398
-0.0473405695350672 0.0223906814254661 0.085397973962608 -0.044655368529609
0.000759791784310394 0.070957989051835 0.0296223077883078 0.0102251015265648
0.0828050695332887 0.17217076655283 -0.0469230375684098 0.326518262019532
-0.0389007062989648 0.200352002233157 -0.108274383990842 0.061993620109343
-0.120220295318601 0.0492512323618745 0.064767723924041 -0.092788050426938
-0.0605436051086969 -0.110706284537194 0.231466708051836 0.147071377562831
0.133943910944089 -0.0527806008193262 -0.112940891909395 0.296339096588902
0.106217290012892 0.152992769528649 -0.293316102445773 -0.0407531378829463
-0.0847927022800985 0.22426169003468 0.0293357155274878 -0.261650261842955
-0.186363575455806 0.189097217504038 0.230747340991129 -0.222962792890292
-0.0904352077488234 0.215570674234812 0.175498977417881 -0.292591434365016
0.100348795839315 0.17401016857823 -0.0327760230554473 -0.343726721393604
0.178050727578765 -0.0012857702328886 -0.216696722216976 -0.12129033352272
0.0607690292405392 -0.125313504615323 -0.107472769503716 0.151585154663537
-0.0775408585913474 -0.0831007884674265 0.0766016697185206 0.117385404293922
-0.137366986776099 0.0826721194439738 0.0954654018672618 0.0147785432861158
-0.008986501710495 0.146214511193272 0.0672012034665843 -0.0197502877447662
0.0509260681277067 0.243749761647357 -0.118774866192832 0.247409877748928
-0.133756394656509 0.27362070974612 -0.170661120373335 0.0101608050704404
-0.227836560181248 0.0382383811328518 0.0122110778650034 -0.12743621802904
-0.0746497974487239 -0.20359749992619 0.164657644518471 0.0930227109786613
0.22481173311399 -0.0315320888145522 -0.109001787727443 0.198723055886191
0.10438345844887 0.271353211207769 -0.204493237868151 -0.0399115083537768
-0.176536516366379 0.298721390924221 0.0215693235610496 -0.157937725343224
-0.266040274437616 0.254716725859312 0.142480354393325 -0.135879788298664
-0.0878332109858302 0.321518398770321 0.108674463141061 -0.21015976422597
0.223627521702907 0.195308907509864 -0.0552404559097552 -0.289034027258055
0.229816013252764 -0.160093431387184 -0.234366672204688 -0.122559718595995
-0.102435197423204 -0.246701026509048 -0.164745272010717 0.154543737547948
-0.237457843924788 -0.00629057014340156 0.0554515030083816 0.185854642328396
-0.172844538818197 0.20816474065259 0.158350529665429 0.0485086968729964
0.0197788487452053 0.216378016763616 0.102653630807706 -0.0893436544313785
-0.0176466570030807 0.264537376731004 -0.153592564870049 0.133980805712464
-0.251183727416103 0.255220547262591 -0.183356150523453 -0.0925614143687105
-0.297152023874231 -0.060925918824847 0.0319700324917118 -0.222807739397614
-0.0204335710133157 -0.30484351364079 0.209807781851108 -0.00413438285422132
0.304011421301662 0.0158414273238623 0.0122295712921881 0.156942279695615
0.0661113638602014 0.345953645635622 -0.114667894687708 0.0562511683698342
-0.245986798556426 0.316781988826427 -0.0318738437909738 -0.0291283242896123
-0.304489773601932 0.284954152150173 0.0370698572876307 -0.0262812901870103
-0.0643064392617576 0.375047256405198 0.0724556196902956 -0.074147276128752
0.286170065304864 0.163858855175776 0.013156306884768 -0.199741891893977
0.153674415840423 -0.248276806976319 -0.184043651115336 -0.1137962744855
-0.266878622822592 -0.194714861534444 -0.131620439079532 0.175779110805981
-0.278203689626144 0.148583297150825 0.125972993692617 0.188991661937724
-0.113279985488425 0.302019529165316 0.21256319247966 -0.00494472833099768
0.0698870076242641 0.247496943662511 0.101898699043867 -0.195160928157846
-0.0834772003225989 0.216902005227196 -0.13457429420763 0.0303137676761179
-0.285716094821798 0.130470164127533 -0.116055368390332 -0.140928630091352
-0.209356358895852 -0.180259442717582 0.103364863682844 -0.217150727800543
0.112031956316108 -0.275985458998737 0.249490151658764 0.0107920566943585
0.305567359226273 0.110710405230198 0.0835676429090143 0.2054450242757
0.0146311680901922 0.348520131950584 -0.0952233169009778 0.188340360053541
-0.264744217215824 0.281141810468497 -0.122163650309807 0.0911496733673268
-0.295207801775258 0.272618606544473 -0.0763362993383902 0.0886613622631663
-0.0450624250308741 0.35872461025822 0.067896327313976 0.0743535233453385
0.260055370741011 0.135298567207684 0.15514761996946 -0.151026804605789
0.0851487666709388 -0.194164714540708 -0.0893546127556446 -0.21012265041574
-0.250091002716722 -0.0828624359774669 -0.127456393236418 0.0755856958635022
-0.178946664470655 0.195078039325372 0.117604297501264 0.109703885477684
-0.0237574162552859 0.277234719607306 0.183221397598629 -0.0862930323131017
0.103547553311643 0.222232664863463 0.0537173249882822 -0.298594871215254
-0.107000268856418 0.133409269688154 -0.0805049553617616 -0.0238264134209222
-0.212550377270949 0.00546561846029751 -0.066495851099397 -0.0812284706805833
-0.0500330244913684 -0.16723112081679 0.041500032088251 -0.145910993224148
0.153711668867211 -0.114510268288261 0.1751801677915 -0.0285053352528573
0.188033710825725 0.163886274152685 0.0963432481542337 0.193262222954066
-0.0238278146335366 0.273759558851679 -0.106991913707673 0.269365667329346
-0.220730960451755 0.210995830510466 -0.213165703312117 0.182075784229078
-0.238572583581171 0.21737735260053 -0.180187806983859 0.188175402863962
-0.0420976482781464 0.284282454899663 0.0703012299132017 0.199241572904632
0.180399680410043 0.120989855419381 0.26479673161178 -0.147436894947901
0.065890150062272 -0.0927189791062638 -0.0666119734170527 -0.325199006298485
-0.134608222109812 -0.0384600389849349 -0.216431992958732 -0.00576804114133433
-0.0774605705733651 0.119558181252975 0.0354294462999788 0.0880272129116665
0.0143500565619589 0.176424663281865 0.112766009274337 -0.11332727847886
0.092911814057344 0.156777206231842 -0.0123530347925476 -0.366625829454065
-0.0843399185135503 0.0537726018996972 -0.0312034899403011 -0.0304940350770268
-0.11299285522276 -0.0400164761612257 -0.0793509826234778 0.0056574561362889
0.0138034050380218 -0.0884925852516618 -0.0795321530143637 -0.147192627159781
0.088979672252518 -0.021972106802108 0.162488738898572 -0.146915142175971
0.0749868177802878 0.114192481930891 0.158664979375427 0.167171818007338
-0.0253459487248617 0.157018187057129 -0.0947895899960606 0.313135232698463
-0.133933248155952 0.124033028160116 -0.266676382079493 0.24610005719512
-0.149409790415834 0.125706663117388 -0.252809393789619 0.258054942396504
-0.0462740748633303 0.169528551811896 0.061214836598305 0.284739343304847
0.0851263767882032 0.0977952229563565 0.310353770963815 -0.125594859421856
0.0473353830441235 -0.00967555794129749 -0.0573791130320716 -0.36122819583459
-0.0391441665573587 -0.0192250141168067 -0.281650216642439 -0.0294498231802538
-0.0214177834913891 0.033865810753198 -0.0249715744911373 0.117046116595972
0.00674796525799026 0.0664919754280054 0.0655161954096473 -0.0941047607558403
0.0392239288588425 0.0753993138157973 -0.0567184115430295 -0.390679021613209
0.0121683100516676 -0.000772399364171877 0.0102934378214922 0.383308931251538
-0.00010680976437241 0.0177057123472131 -0.0539181476481325 0.0597366533116546
-2.91228638561987E-05 0.0039963877233557 0.0732371598552172 -0.120274294370438
-0.012590756775397 -0.00202242340755047 0.284014592114587 0.0811921733334587
-0.017570082475085 -0.0442414861556668 -0.0247824061874967 0.345240821376976
0.0066666689490448 -0.0539278639118249 -0.34313528971028 0.0326580359101519
0.0437193148461153 -0.0259536660083862 0.00184387263294172 -0.325283349437968
0.0433232622546858 -0.0153710195516569 0.321205035481435 -0.249938533934779
0.0336551585614779 -0.02676497157272 0.311107520774515 -0.262277011707382
-0.00710374149296005 -0.0427430404324921 0.118665468236387 -0.342393721381579
-0.0303080396163338 -0.0239467178980832 -0.204225771141519 -0.19151250410355
-0.0149438717698555 0.0241170363340425 -0.197937029590201 0.198277961320395
0.0126609876516109 0.0237553405514535 0.137508122935778 0.176843190969346
0.0332878976011728 0.0286280584468168 0.0987766255110408 -0.0440871092255759
0.0377019057394643 0.00963217062458247 0.015244708572473 0.0228021425732907
0.0560060288154759 0.0924802015383424 -0.0242198963579344 0.364808430675894
-0.0120816636147238 0.107205829671755 -0.0690705464926508 0.0551752600409042
-0.0507503660446644 0.0239175782141159 0.0945750975037859 -0.107725896533731
-0.0339180666627095 -0.0523398763355447 0.270146884647447 0.133787056552379
0.055374745511316 -0.0518959921402487 -0.0850831202758109 0.330186072758849
0.0624842850861836 0.0438329490825445 -0.33145405331017 -0.0270636494958584
-0.0201363496705756 0.103063010289613 0.0397633086231244 -0.313975561124713
-0.0872969890787392 0.0828475367640753 0.312864688268453 -0.240340180525007
-0.0602947115458877 0.0824148336936256 0.277134700956492 -0.287032346929219
-0.0037556015701134 0.0795191975033768 0.0643383650242533 -0.356409803013052
0.0398428397884363 0.0484517780416395 -0.214799972549414 -0.158508040688631
0.058229099896862 0.0116784573012908 -0.146333109159214 0.202846409686965
0.024220837554497 -0.0376398670652153 0.133391565261783 0.142396263436067
-0.0498529202839699 0.0181176207954936 0.0911735420073019 -0.0341530742924363
-0.00670998658310478 0.0725845390557666 0.027529530667326 0.0108551543244503
0.0639318975649501 0.184073695432931 -0.0870117822889223 0.317384840162641
-0.0602249773137928 0.195824454201221 -0.113280517025918 0.0463184052181619
-0.125468454208856 0.0350635617939766 0.0773559784480826 -0.0862903914392056
-0.0464336951874164 -0.117647401702152 0.214962323580173 0.17212688119221
0.139227626967531 -0.0369924690026803 -0.146535923140051 0.283140709304257
0.0882363959003268 0.165041955603539 -0.288657204340242 -0.073104285567758
-0.110412822038236 0.211672287971096 0.0595171754780893 -0.255154026996942
-0.206701332792634 0.165904980409428 0.254666721837252 -0.194247252456084
-0.116458241596677 0.203736289210231 0.21011023763204 -0.271067999084549
0.0782305955974724 0.18613259148238 0.00702718178266721 -0.348210155661359
0.178566879713526 0.0204502167745321 -0.203704034415042 -0.148528286370466
0.0748676044202531 -0.119721608723874 -0.12640531316006 0.141793898258303
-0.0684629758339964 -0.092206139867969 0.0636576011662763 0.125740703558419
-0.147359798496093 0.0706480743276789 0.0942330157578067 0.0254434384163698
-0.023810544569257 0.14708280986204 0.0684287338618038 -0.0159488463639732
0.0240991734325294 0.251531037160018 -0.148292078972152 0.229822567091773
-0.163702681425176 0.25896255968954 -0.169944078044562 -0.0112746404611799
-0.23161560877014 0.013070976379633 0.0300576246213402 -0.125352824939593
-0.0515323363157637 -0.21070424795519 0.15497763874416 0.114070120054823
0.227441157561504 -0.00737587906898553 -0.132501093243789 0.189342113436329
0.0735744698781508 0.28249594183064 -0.201118100089913 -0.0632498042369902
-0.209896580750581 0.276468628218473 0.040018207030622 -0.153703130652297
-0.294956158344396 0.223424957992451 0.156753684500097 -0.118042049864069
-0.12687083183764 0.310833459755276 0.132997399349436 -0.194529225861595
0.199142278756986 0.222341495662823 -0.0214328260400695 -0.294823671889594
0.247923860866465 -0.132647906861899 -0.221268248265439 -0.150551452788182
-0.0745384931098258 -0.260907928288551 -0.181597659061381 0.139202985218222
-0.235891444941477 -0.0323273608434418 0.0354806598070868 0.191027896219934
-0.196390266981702 0.193170990999877 0.151921249744374 0.064828656003957
-0.00212433940548009 0.22039181190701 0.111464988289192 -0.0811572070638096
-0.04863557666586 0.263824809680774 -0.167792135874736 0.112668696868906
-0.277947596844517 0.228410795049222 -0.170379613440006 -0.113305805630324
-0.291596351083864 -0.0959209933294472 0.0594335015457142 -0.216374741956839
0.0145214462416637 -0.305996066757608 0.208721869817723 0.023149280069269
0.302273858297811 0.0507159598989846 -0.00969299447410187 0.158977336543421
0.0278048965250377 0.355155185134886 -0.122328049057445 0.0400212412335264
-0.282837958945172 0.286473279192385 -0.0280838003953092 -0.0338907724275123
-0.338308941065333 0.24908428055239 0.0395430309278829 -0.0217412334321234
-0.106844546878763 0.366188602913033 0.0797939036087283 -0.064302703906947
0.267198493632577 0.196896395568034 0.0375590098293602 -0.198148883861076
0.182304729177672 -0.229584051006459 -0.170462811073721 -0.135192537091211
-0.246320449807824 -0.225205137910899 -0.149730461820341 0.16049205124703
-0.29365280134465 0.118691771820291 0.103884979001652 0.201567845141793
-0.14536497815272 0.292306505801423 0.212100472817193 0.0172997547459239
0.0465101927770922 0.256120397090307 0.121448490941864 -0.187339885275071
-0.109029291932142 0.208803643193204 -0.137074670458254 0.0136678146203388
-0.300878220871466 0.0989122336230876 -0.0981292451059197 -0.152697434714953
-0.189527782452142 -0.205416125644148 0.128353663238609 -0.203457472061817
0.145230032557043 -0.263573481177616 0.24649573358707 0.0409385984825834
0.293610041952201 0.144190346530634 0.0553898828809066 0.213652401125998
-0.0246892244848608 0.354258243430296 -0.117250095593249 0.173099034450597
-0.297307792792776 0.248402451556748 -0.131315405148272 0.0738661084793122
-0.326051141182896 0.236081494076551 -0.0863742018389828 0.0783543426696822
-0.0853989746754224 0.352272880583993 0.0585032052590047 0.0829341674517508
0.245339293433738 0.165286173898927 0.173529668327308 -0.135316890308247
0.107934011379401 -0.183650563677395 -0.0650032765335347 -0.223751863424681
-0.240423432437315 -0.111297008852711 -0.137570948925794 0.0608362122534213
-0.199726851691196 0.174783144778728 0.103087253101397 0.12292040370898
-0.0528639034406311 0.278638281965283 0.191349151235856 -0.0661023836882655
0.0845619884172317 0.234059095594487 0.0839287872006722 -0.295105292765822
-0.123451286026189 0.122470481830221 -0.0764880196406032 -0.033028175500167
-0.213933701252213 -0.0186009780834827 -0.0556659582218544 -0.0876021088264132
-0.030443976355927 -0.174415903999776 0.0584500577777172 -0.14091002847529
0.166924612333647 -0.0963093602683335 0.178977475057933 -0.00614239216023643
0.1715553770386 0.185270998751027 0.0710427997749409 0.204323954382379
-0.0556402805369277 0.274559601721925 -0.137655520422186 0.254057293445332
-0.246043206262465 0.186700236764587 -0.232565035626563 0.153085133386893
-0.264516591202866 0.189561967374663 -0.201456392523804 0.164443371894794
-0.0743153049284613 0.279141302651649 0.0472702130071415 0.208968567218988
0.167098341543363 0.141042112458865 0.28195397793148 -0.117983400234021
0.0757634652304631 -0.0837050636189759 -0.0295209509695085 -0.335428559040964
-0.129466709850663 -0.0528485120530828 -0.220514121371188 -0.0293417651752721
-0.0898742278137015 0.110209452998266 0.0239568595955454 0.0936065356131181
-0.00392374310979875 0.178989793035732 0.124490501455569 -0.0999465317059575
0.0790606117975214 0.16693862125971 0.0244573654214351 -0.36791134259792
-0.0929427221444014 0.0447745955870221 -0.0267115138014018 -0.0334142442688004
-0.108633720272893 -0.0527669740371009 -0.0786402823475517 -0.00290943664390605
0.0235502705226824 -0.0875315060600588 -0.0611552566568968 -0.155481099710522
0.0908950293106072 -0.0123571896564966 0.178602534100743 -0.124449650530983
0.0631173700150107 0.122554679219615 0.133882695254048 0.185649858510862
-0.0430889388042405 0.15671989634154 -0.131463282331375 0.298689858832944
-0.149084643332636 0.108842983094812 -0.294059926051264 0.210015560146377
-0.164331358994736 0.107888812085919 -0.281573363345808 0.225165614661041
-0.0640197580583617 0.164598993069629 0.0273505666633263 0.291981044075161
0.0741237587435647 0.106890560087662 0.324640261930794 -0.0912994564109302
0.0480496880698176 -0.00303817124677669 -0.0169328810155528 -0.369158300094342
-0.0351442995147585 -0.0244427522138573 -0.281213740475049 -0.060352183758061
-0.0249025095395712 0.0297634672127052 -0.0388099101286838 0.117029763938631
6.32387722525371E-05 0.0671571214729601 0.0757745779484858 -0.0846698504909841
0.0330033299843832 0.0789128320155566 -0.0135320314715347 -0.3974604611241
0.0118398044645486 -0.000782818552277105 0.0241342682836981 0.37846388882867
0.00159055393911913 0.0183790750129031 -0.0512032610189193 0.0589022561441426
-0.000952105907368959 0.00342520693752097 0.0683237808438138 -0.123477205974035
-0.0121987539090132 -0.00192293291889104 0.283398326726729 0.0682812813537735
-0.0190849056488152 -0.0433827033621228 -0.010884080121648 0.341724794311242
0.00537421252857439 -0.0533294635884638 -0.338105592473041 0.0459480299135407
0.0425464280549319 -0.0267451557892601 -0.00876679772324815 -0.320298340999234
0.0424174120863097 -0.0166025308997599 0.308975003233195 -0.255024546475959
0.0324173247634156 -0.0280910194733121 0.298953020861943 -0.266884111682752
-0.00718917661698132 -0.0410275511371468 0.106673770370148 -0.345176120360034
-0.0315445335313026 -0.023658928522803 -0.205444664096115 -0.182506656288988
-0.014597641776041 0.0237686466514868 -0.187507620564887 0.200634315897443
0.0126985569449327 0.0227766650720322 0.139621834889414 0.169324259798809
0.0342807126825903 0.0275487343339026 0.0968649206967326 -0.0467820918421412
0.0368707430509913 0.00807412340651716 0.0148107664419043 0.020056850925436
0.0578744160782 0.0888376720063901 -0.00979756518996744 0.361796102071041
-0.00695649103963712 0.106855407459534 -0.0654324171794507 0.0544907053701114
-0.0496954460930957 0.0259838774887952 0.088818764834203 -0.112332529963219
-0.0352254701881765 -0.0503058834614183 0.274768552154744 0.122023519038673
0.0527360072990683 -0.0536097060050348 -0.0700212107022773 0.330249461662763
0.0629918310901532 0.0407879169217472 -0.327780951300893 -0.0130725035681133
-0.0165099827341213 0.103445126835524 0.0283829786622147 -0.311154023142278
-0.0843398015066353 0.0851524821411705 0.301900587232708 -0.245892327147544
-0.0569042462453008 0.0825701655246102 0.265747110662045 -0.29014880978274
-0.00156743353296948 0.0789055750127519 0.0538990934868448 -0.35530820637626
0.0406228345829355 0.0459206994483835 -0.216580726691484 -0.151371227508856
0.0568700378126857 0.0100431599507178 -0.13614985441454 0.202795183823061
0.0223352325454761 -0.038943831572355 0.13607060189062 0.135575704835459
-0.0485509037674395 0.0198329882913195 0.0887898952004632 -0.0368136845164187
-0.00463743612375393 0.072371583790799 0.0271475773233899 0.00829287661003959
0.0693264782677851 0.178357303043391 -0.0734548239739512 0.318402575942083
-0.051121839600703 0.196441177484534 -0.109877758579689 0.0483299244475474
-0.121822498612015 0.0393679441633787 0.0746788310217589 -0.0909600972859134
-0.0499951523332164 -0.113663147731648 0.22228667003568 0.16348418054041
0.136540692275513 -0.0412027080518966 -0.135198028209698 0.287831323698368
0.092331501733715 0.159338277382434 -0.288246313949464 -0.0607957304533736
-0.101718341827634 0.212542769452409 0.050500406876489 -0.253644794985341
-0.199729276064933 0.170943144997782 0.246150446265863 -0.19997870164465
-0.108400777713194 0.203892039939156 0.197871944429137 -0.27249376970761
0.0821109369922203 0.182315945136929 -0.002492480589742 -0.34467821357574
0.176397561784766 0.0145816562216721 -0.205909216446186 -0.141753611743237
0.0690106346497615 -0.121295312129411 -0.120599629705355 0.144014820734171
-0.07105054965966 -0.0887555302205623 0.0667373436185156 0.122717294310887
-0.142108861679431 0.0763991518559761 0.0946651245196057 0.0210928249243169
-0.0184595117132075 0.145742690638392 0.0664570299026877 -0.0207585457910424
0.0330373240251215 0.246926723970012 -0.136727808303236 0.234554424661149
-0.150442168481461 0.26224865056946 -0.167260615151301 -0.00560350378133314
-0.227938127520943 0.0224087122120795 0.0270807339273782 -0.125528393224527
-0.0581988954545378 -0.204682094849648 0.160786044280437 0.110386559854384
0.224095894809763 -0.0141272196969763 -0.126119670060062 0.194517519619329
0.0817278715571972 0.27609150696167 -0.202032663993701 -0.0551140256870734
-0.198923765588578 0.27907773681363 0.0343470019241759 -0.153567145310627
-0.285571199686974 0.23051532499645 0.152004644557861 -0.121794856580962
-0.115450889454724 0.309927326074221 0.125387777385071 -0.196213800007759
0.202877671738928 0.213015907903681 -0.0302843990931021 -0.290817010750129
0.240654334792804 -0.137884920849667 -0.224011081130272 -0.140811248676152
-0.0840840390575107 -0.254900883521197 -0.173901024950614 0.144526181893366
-0.234471793145497 -0.0242160549566989 0.0421421515698945 0.188020251742663
-0.187072560804798 0.199254876299862 0.154155446617756 0.057583543255011
0.00743995198504445 0.216834104432577 0.106144670983801 -0.0868030803349747
-0.0387449674462386 0.263026814364335 -0.16192551533636 0.120589628505626
-0.265486589556361 0.236911883764507 -0.172442014652059 -0.104431125181116
-0.291398933134722 -0.0828210827716422 0.0504726718400795 -0.215897964430962
0.00314439703855388 -0.30141119859368 0.208510252558162 0.0180648970884107
0.299724363871841 0.0406155618168728 -0.00597241950285602 0.159095921054603
0.0390438116860943 0.35066742856407 -0.121071722976542 0.0429694501212977
-0.271040507820602 0.292375355868157 -0.028674767446037 -0.0339022803749019
-0.326986913652794 0.257829774101479 0.0381517391348639 -0.0231233629723634
-0.093915782517198 0.363041753785603 0.0772034173592166 -0.0648092031854789
0.268806778080906 0.186101086570556 0.0315069022809028 -0.197758271810292
0.172965794794604 -0.231090789914086 -0.171680958536218 -0.130080039057744
-0.250623661412367 -0.213902067050137 -0.142063807684928 0.163455731782445
-0.284537605030038 0.126686641385653 0.109712680960609 0.195847369069562
-0.132346089465002 0.295674839199751 0.210289653075941 0.00760785364711386
0.0559775390028749 0.250133516952377 0.111946669283729 -0.191044003264779
-0.100688460863614 0.210637658204997 -0.133964767126241 0.0200254990603508
-0.29424613072736 0.109878513312889 -0.103238577576063 -0.146702357564941
-0.195145915492097 -0.195089500097283 0.117757056850957 -0.206888738764005
0.134330263583997 -0.264528178898578 0.245462213029197 0.0319486266415132
0.295027911365908 0.135123812778806 0.0617802417412047 0.209928603486927
-0.0142763466308774 0.350051886209023 -0.110638958781073 0.174796371532087
-0.287459594171197 0.254173195450682 -0.127601470679053 0.0768270064962941
-0.315658475486278 0.244328193511097 -0.0831892023798829 0.0788575857353272
-0.0734604020571598 0.351579528348782 0.0611948776603705 0.0801841885623715
0.248199433011867 0.15383118616252 0.168350370924092 -0.141274321492366
0.0998822342435956 -0.183565130496227 -0.0722024372524716 -0.221399446596001
-0.240936804917134 -0.100933588507421 -0.136332981130749 0.0637157216338087
-0.189183093604244 0.17985927995097 0.105546465855567 0.119365294403951
-0.0413615977540549 0.277192727554624 0.186250383560068 -0.0727729609721254
0.0922559181628002 0.225642810889196 0.0706174241657052 -0.295916713677053
-0.118943133277686 0.125550764385042 -0.0769601385244844 -0.0283767584128866
-0.212683241758437 -0.0107101070588376 -0.0581300940817785 -0.0845245429596545
-0.0361309546944091 -0.170615304959343 0.0527048827866935 -0.142259507036841
0.162542916643058 -0.100888860052879 0.177074775352533 -0.0117474719560307
0.174246785924591 0.178557400659725 0.0755033556616518 0.200704416952833
-0.0479155849108778 0.272788815817746 -0.128462382059699 0.255070862512426
-0.238602159366823 0.191132621183851 -0.225129403650309 0.157791966016573
-0.254947888766908 0.193873029420561 -0.194067578147837 0.168273739128461
-0.0632803476918779 0.277643535049525 0.053894639299175 0.203941147578592
0.169272395134322 0.13272614811208 0.274964369163067 -0.129165354787888
0.0721125344674581 -0.0830969154586077 -0.0430123867267205 -0.331710520014838
-0.128361366647948 -0.0472341595638281 -0.22134568029567 -0.0203380921865374
-0.0836458613099238 0.11067682849438 0.0262394160267356 0.0943344478614578
0.0030091864981682 0.176723558612456 0.118719119371802 -0.10301993234588
0.0843236143812569 0.159022093483648 0.011424909098467 -0.36473585983873
-0.090932210699311 0.0486487966937363 -0.0273994051076549 -0.0315885628355366
-0.110882933952667 -0.0482290577002001 -0.0775320484146475 0.00134628742564583
0.021389489237763 -0.0869934006721231 -0.0647718608635879 -0.151663511406714
0.0890799511472277 -0.0144268471224009 0.171119374626542 -0.127125598118209
0.0669038236704358 0.119211650861889 0.13589136598822 0.181798032975755
-0.0386579459513556 0.155281580888006 -0.12049186466148 0.298624499927424
-0.145103040259079 0.111127181484351 -0.284981844657377 0.215021040863488
-0.159617535277672 0.111066414010729 -0.272463195248461 0.229382432212458
-0.0571321879705253 0.165193604825605 0.0388286151832779 0.285910532135263
0.0769785543708737 0.103041632334579 0.316018194179556 -0.103928676128292
0.0482152936926694 -0.00355035812194006 -0.031300147657749 -0.364926223734953
-0.0347026236918536 -0.0225740294397851 -0.282706162992897 -0.0468777169272857
-0.0234852249961235 0.0287979643428216 -0.033841433260191 0.119803815861703
0.00321136824216623 0.0664775780163197 0.0720529957468898 -0.0849996074891957
0.0352030211485095 0.0754624744866265 -0.0293862915680545 -0.392862017938693
0.0110786247420216 -0.00102557050905489 0.0334455405796278 0.370851432481972
0.00212620318677883 0.0179355294408939 -0.0492671572685978 0.0559179293364191
-0.00157808569919968 0.00364857539169781 0.0640734313521839 -0.124975237001892
-0.0129328995427238 -0.00176771323703633 0.280707238080465 0.0602720594642213
-0.0199726125380102 -0.0423890749000615 -0.00182980956814847 0.335255923834348
0.00405020603401422 -0.0517942619665375 -0.32899694291827 0.0544741578659756
0.0419027299913174 -0.0264068015980006 -0.0164605796429878 -0.312726989158222
0.0413253666644571 -0.0166503101820882 0.299159088328741 -0.25359372775833
0.0323350303110528 -0.0278247076331023 0.288863368175038 -0.26328580641372
-0.00763196911793232 -0.0401789996716019 0.0989390751621273 -0.341120551262296
-0.0309293376778945 -0.0230005970365927 -0.203801628127983 -0.173809221672092
-0.0147378296534366 0.0238953004547332 -0.177139603021557 0.198200531979262
0.0129530232185968 0.02189408349754 0.138867456393763 0.161900812921066
0.0350796651786849 0.0257440309333622 0.0947238825678619 -0.0478101721020798
0.0363458708989864 0.00785546148443493 0.0143249972441927 0.017883669981141
0.0580591168089015 0.0853863056395105 -0.000770074071746521 0.35600545791162
-0.00374627452362354 0.104327605679204 -0.0630626717670086 0.0529173128779796
-0.048147439765859 0.0259781066449264 0.085635314304222 -0.114537601944636
-0.0355157289675389 -0.0482553621436811 0.273626622109032 0.11318309369004
0.0505759494143685 -0.0534455191246568 -0.0606977570854816 0.325964734209765
0.0616619223129919 0.039298449724711 -0.321464418469455 -0.00375349275096538
-0.0133157573645785 0.101895146542769 0.0219493240784934 -0.305085569971092
-0.0806631754587565 0.0852381965006234 0.291674340165228 -0.246586651396745
-0.0539785148944021 0.0811541421825648 0.25406023459794 -0.285780634726138
-0.000518906471221905 0.0780048076159941 0.047845341427911 -0.351588126813111
0.0404171166751758 0.0442503345142989 -0.213859247638719 -0.144397810909471
0.0557380311257658 0.00785777987582793 -0.127932418889964 0.199903385325746
0.0208683941024947 -0.03895158917707 0.134139352604984 0.129069303440444
-0.0469240288600987 0.0214199557289365 0.0872748779135947 -0.0376355081617068
-0.00298876825236502 0.0711098453958473 0.0259374530631397 0.00544546881794628
0.0726014543211218 0.172835520231116 -0.0635375763759155 0.31421551965071
-0.0435061503772589 0.193356676748455 -0.105765640233023 0.0479024974116088
-0.118031526569706 0.042268415435435 0.0719823136347951 -0.0924276674735782
-0.0515350624745444 -0.109179604566502 0.225418322480097 0.155156408251895
0.132124269593054 -0.0433754272816728 -0.125143662235475 0.288382972790032
0.0936776855735102 0.154403285169019 -0.285015284369608 -0.0510221349920956
-0.0950960184851798 0.210105293844777 0.0448142310257292 -0.249896494775544
-0.192613685968881 0.171517585023522 0.238120701415582 -0.198756945044197
-0.10306546831548 0.200981861207717 0.190254552751552 -0.269721657820225
0.0820665977345053 0.177888091439299 -0.00817658207538457 -0.338583771874942
0.172399551030806 0.0107070442231803 -0.204795095987112 -0.135832140838877
0.065596541555369 -0.120199817548129 -0.115056863329059 0.143530226999954
-0.0716343647790223 -0.0855281252262497 0.0672867550880184 0.119294416916382
-0.137530750055802 0.0796379082359318 0.0951661563335437 0.0184421175067327
-0.0150462622275064 0.142951924096602 0.0641866919191557 -0.0237278735156137
0.0383005315098749 0.240878717214945 -0.128605519068032 0.234501576782002
-0.139295053642354 0.261026581776655 -0.162861400937245 -0.00249055751473457
-0.22106813111717 0.0264350178171297 0.025234621543015 -0.124077583619333
-0.0613936314305966 -0.198155281202266 0.162552955589186 0.106236658565855
0.218758210241947 -0.0171850802078092 -0.11958316459644 0.196554652943591
0.0854531375326731 0.26894569292803 -0.201232302549685 -0.0488182133689625
-0.189419801535193 0.277061797093345 0.0307641188010807 -0.151766290026763
-0.275662125277523 0.230838974609344 0.147082372019056 -0.121939596415231
-0.107533165503268 0.303669663874993 0.119568754622833 -0.193154031714338
0.201671505951186 0.207265307567812 -0.0344207765038868 -0.284379009809182
0.233299488046049 -0.13837476718608 -0.221980110515409 -0.134181294381828
-0.0870048126610524 -0.247432272822314 -0.167015733674382 0.145488829651603
-0.229888383487092 -0.0192612931399794 0.0463472426049907 0.184201281967024
-0.177798439371296 0.202401087263839 0.153150265862174 0.0513405904983187
0.0116785114592958 0.211525300238989 0.102316723164043 -0.0901097302184155
-0.0318244208597109 0.258370868332626 -0.154387838289242 0.12420698830586
-0.253178646138741 0.239666540544241 -0.171475553754316 -0.0975467318482645
-0.286287581043033 -0.073173424790466 0.0449779337518168 -0.212424236552624
-0.00333899218816349 -0.293967136891168 0.204637223235995 0.0147110602769963
0.293819302179118 0.0354986813966304 -0.00504436086059225 0.157331257210092
0.0443616144221236 0.343147251063363 -0.11942591877857 0.0443608135268257
-0.260259109764557 0.290134363815264 -0.0281114821969127 -0.0329596040899123
-0.316493814922954 0.256587557026149 0.03697220057581 -0.0236375287835518
-0.0856264117277844 0.35753921965666 0.0749431920971064 -0.0644110529431738
0.266428559912107 0.178459015785824 0.029489751169779 -0.194092625117837
0.165128869601748 -0.229435479020143 -0.168808779890628 -0.125353498557298
-0.248680995610968 -0.202054312837064 -0.13618191014988 0.161512256705084
-0.274341186305538 0.130227899126163 0.112502769427045 0.188966517180511
-0.12146518581867 0.293129181551682 0.205727455643841 0.00207898957472886
0.0594116271594656 0.242386794952112 0.105955070010529 -0.192603074491578
-0.0945738982793649 0.210299462921635 -0.13081128572181 0.0249172216732959
-0.285145159515356 0.114829685137047 -0.105141871272107 -0.140754025968652
-0.19497499810633 -0.185521709396024 0.110163234991807 -0.205989282116499
0.12590237593538 -0.260587736477087 0.241790351959971 0.0258021168394473
0.29098365129633 0.128561430221677 0.063625366569931 0.202832452132707
-0.00841227898991622 0.343347724456128 -0.105984393589405 0.173331885658441
-0.277396067865946 0.255159975187624 -0.12288908795738 0.0766746963636401
-0.304905434746211 0.244738640491159 -0.0794959154574943 0.0781497099107901
-0.0640598737134672 0.344228962347386 0.06145727527903 0.0780905697968338
0.244164153071979 0.145966386507731 0.163542257320267 -0.143545934848973
0.0940033533368032 -0.17989343069961 -0.0759170688775623 -0.218749285799916
-0.236788057689969 -0.0928884758881278 -0.134082905075744 0.0639268792750836
-0.179491261054904 0.17899737123592 0.105627751432525 0.115243519748122
-0.0320276247731482 0.271648435582097 0.179976205996577 -0.0763695268299681
0.0948801117840472 0.216936955304835 0.0614899926816435 -0.294078033055654
-0.114767270592773 0.126974964816684 -0.0763460529734554 -0.0244275735964651
-0.209203768839967 -0.00483694353185795 -0.0591260232215658 -0.0806237717707795
-0.0384539907530691 -0.165445318914209 0.0479100999567361 -0.14134946096237
0.156961217117672 -0.10154505176344 0.174927887537446 -0.0142396961760475
0.17443873375255 0.172511458431281 0.0773467949359936 0.196641498281965
-0.0438891704484574 0.267368522441125 -0.121276241063301 0.251564297653732
-0.231071745550952 0.190140383333069 -0.217409567315426 0.157341779036933
-0.248368177687759 0.195277632988009 -0.188344391662137 0.168387721895908
-0.05702050162283 0.271818913183414 0.0578821715046224 0.198976359866125
0.168049109029953 0.127019784553882 0.266416265320046 -0.134259228504481
0.068922021774326 -0.0819235784526981 -0.0518704812467344 -0.325439003308066
-0.125773784101428 -0.0435459988574352 -0.21888557259473 -0.0143796839942634
-0.0789936899666925 0.108204108385929 0.0270126495649903 0.0942521939085711
0.00851845983113055 0.172032306365598 0.113282008186854 -0.102013133939816
0.0863675604596836 0.151645597791176 0.00174984402130659 -0.3598866879481
-0.0888103082357455 0.0509350986497436 -0.0269074852195159 -0.028939564108339
-0.110376137898003 -0.0449631943676701 -0.0752759616488221 0.00376151210302091
0.0199533474056662 -0.0849984726337455 -0.0666902941617903 -0.147390986827367
0.0865571841081156 -0.0154696447474713 0.16604826268719 -0.127348267458654
0.0666481902032985 0.115943835715975 0.135268960813873 0.177567412741426
-0.0362465961637721 0.152435822738124 -0.113404732882887 0.295216879220115
-0.141382457125016 0.111104451826111 -0.276244368777362 0.215434002106677
-0.155216690042695 0.111280914502772 -0.264038995551517 0.229028806836979
-0.0530550986318717 0.161947099235021 0.0449270511480706 0.278518781971538
0.076937137118006 0.0986403489698723 0.308066453102256 -0.108943356301763
0.0473947826852241 -0.00267322635805603 -0.0401825059416492 -0.357574422002454
-0.0336488946149093 -0.0220313772565095 -0.278330946218904 -0.0396443076427592
-0.0232968281008912 0.0272533609997467 -0.030191967377428 0.120404014817595
0.0045967432299341 0.0654948681870507 0.0678038793858759 -0.083101135382761
0.0359269494789933 0.0711012721341434 -0.0374749572738692 -0.384497656830558
0.0104115266051787 -0.000126648282342731 0.036550030961549 0.365041416356319
0.00322121681830674 0.018362521296389 -0.04803218574109 0.0529207950208377
-0.00230585019986317 0.00334468893923475 0.0632270945396722 -0.125398675505631
-0.0131600688693345 -0.00215066755470219 0.279031120068888 0.0583375266737837
-0.019868602864459 -0.0421201349231604 0.00183049809843996 0.331328253967009
0.00439675500185584 -0.0505322259493018 -0.321938364412395 0.0572857851587741
0.0420995502525624 -0.0256827091764732 -0.0176586739577152 -0.308639620409622
0.0411270880615939 -0.0158665810128989 0.295777792957012 -0.248526212392414
0.0319953351681645 -0.0278184454914492 0.286128291581381 -0.257172362375175
-0.00701287099424757 -0.0395945268570802 0.0980037790417556 -0.337435545710246
-0.0309942770996973 -0.0237714343796867 -0.197993916823429 -0.173360224638485
-0.0160058489125371 0.0239996559347141 -0.172842100765948 0.193190151102062
0.0125753958261349 0.0216104011404183 0.135899969729834 0.157820646638289
0.0346097448443184 0.0249866692296345 0.0940543261904099 -0.0485667352368368
0.0357336863724381 0.00828184161934015 0.012998717528936 0.0171128209612795
0.0574806525157738 0.0827191464188865 0.00174976893187654 0.350106328541621
-0.0014255077751948 0.102901393391258 -0.0611081519342618 0.0505076924953025
-0.0475879448635282 0.0261922937166608 0.0832715679948258 -0.115482480613005
-0.0352107964220712 -0.0473957308544232 0.272716688657327 0.108599997839221
0.0494552618532929 -0.0528682499317695 -0.0580498315802781 0.322243810718967
0.0610328650461617 0.0376652908911098 -0.316850585010092 -0.000560849622001775
-0.0126905582171246 0.0998156726566745 0.0200704384628141 -0.300070529693084
-0.0790237224948501 0.0841131886319597 0.287414631821847 -0.241975831491037
-0.0533809285328412 0.079690258470996 0.250789512296206 -0.27963424446674
-0.000935584027966189 0.0766466503108873 0.0490006358943237 -0.348594180698543
0.0389595502913162 0.0429040674581558 -0.209998275544736 -0.143051380079129
0.053369307010671 0.00766900769458942 -0.125500973009492 0.195538851436299
0.0202302295965993 -0.0381819804694325 0.131524867323381 0.126363557212296
-0.0455786922928566 0.0217598407867521 0.0865140034341945 -0.0373904306666668
-0.00323200890172363 0.0701041889080773 0.024816368301924 0.00378411442052924
0.0720135200619091 0.168948688932942 -0.0601690908584161 0.311202413136948
-0.0404498435809374 0.189728257760785 -0.102921867547255 0.046804389911953
-0.11561590665659 0.0418144449216763 0.0718610765929293 -0.0925927306157352
-0.0514426823970641 -0.10681907561004 0.226670802973563 0.152123812604685
0.129392246025582 -0.0421418766882239 -0.121690652006113 0.285926233870705
0.0919136218155903 0.150189019942308 -0.2812385262471 -0.0477996741580634
-0.0934525323280681 0.206848792362577 0.0431775738563461 -0.246087151122089
-0.189887962114163 0.168848372319275 0.23531110977792 -0.196078599658412
-0.102251045538014 0.197302100815404 0.187468948246506 -0.263763698464372
0.0803319877293303 0.176409231637752 -0.00826285385767459 -0.335922415561864
0.169512384456113 0.0118199272579841 -0.203547973340648 -0.134637190410632
0.0635258668204698 -0.117215760128064 -0.113640955474131 0.141430108784273
-0.071031405412298 -0.0852401552431443 0.0663179053726745 0.118541057187542
-0.135240651400654 0.0798767679948275 0.0941047828018404 0.018156578222326
-0.0141247967223997 0.140475936892626 0.0626376623802701 -0.0253954728489028
0.0390377867654616 0.236927352074501 -0.123923217609274 0.233042257134437
-0.133815103121362 0.257858038697265 -0.159636695882113 -0.00139412649593272
-0.216861455278299 0.0283415108847095 0.0254996841245454 -0.122365111500565
-0.0608463739772465 -0.194495032601067 0.164958283241675 0.106335051115766
0.215144296486709 -0.0170863333423055 -0.118407246452209 0.196911575486786
0.0853632456317057 0.264038558710458 -0.199757794486451 -0.0466406608908288
-0.185617274564041 0.272635736504192 0.0311583891306696 -0.15083678973177
-0.272181890297131 0.229572681364349 0.144662004921833 -0.119872507299331
-0.10644336772544 0.298520793822309 0.117952728431756 -0.188897241139178
0.19726324152543 0.204815658202954 -0.0325350680691078 -0.279596766987439
0.230276231700366 -0.13516690846942 -0.218279007823507 -0.131955838648773
-0.0868104399634923 -0.243445108585739 -0.163470562032817 0.145361978919317
-0.225673085253477 -0.0185062739002134 0.0470204275075963 0.182088920457273
-0.173483405077407 0.201877165389193 0.151706198831437 0.0492800492056702
0.0117885552991812 0.207919114754191 0.0998807804998219 -0.0917063627793474
-0.0295879161280741 0.253681173364351 -0.150735371599079 0.125043797596953
-0.247290207318852 0.236660302529437 -0.169389286530125 -0.0951848762906605
-0.281350136603084 -0.0705494763501956 0.0430980947263687 -0.208669730443259
-0.00474914554716892 -0.288185778824178 0.203504011859189 0.0154065918601078
0.289689067052777 0.0356472398981938 -0.00614418647953968 0.156107846781098
0.0434044379139615 0.337872448198311 -0.118868972528229 0.0435271410080796
-0.257321874603532 0.286336996781131 -0.0276830810804331 -0.0338974060291657
-0.312389293499241 0.254015848578234 0.0373508977843198 -0.0233926924181012
-0.0836831673669215 0.350428532880525 0.0743577897592733 -0.0630175790922571
0.26115217869654 0.175437824346742 0.0310042189828818 -0.192094813174957
0.162316919757336 -0.223456320258722 -0.166248930594819 -0.124775266309456
-0.245430727421129 -0.198452656234787 -0.132633523014347 0.157941918451284
-0.269455629388384 0.129520622737202 0.111807723194552 0.186005744514728
-0.117019560254538 0.290602161755969 0.203163534659922 -0.00046683411342361
0.0603863696391645 0.236713471013329 0.102049736646363 -0.192097268379894
-0.0913821264741118 0.208245687873833 -0.128994721099399 0.0269802113946046
-0.280887763789173 0.115105736940442 -0.1050501381606 -0.137612440975088
-0.192999530937001 -0.181385458636187 0.105659897838645 -0.204329055244312
0.122885521691973 -0.25604084737205 0.239444302376032 0.0247175311285301
0.286626000890656 0.126569061838689 0.0616343450774538 0.200888541359338
-0.00936122766366802 0.337718707487021 -0.104661627652331 0.169640477417874
-0.274839868174037 0.250406951612641 -0.121326751072393 0.0743150959632687
-0.301385811881531 0.241390356242818 -0.078710932976695 0.0772397788345759
-0.0630322791789894 0.336513594295985 0.0621351373118771 0.0775951555598192
0.240752653236414 0.143672141965922 0.162039977207615 -0.144284389673923
0.0928994280001849 -0.176065731965712 -0.0760601773598152 -0.217941647797892
-0.231841382114347 -0.0901148438375866 -0.133664021968337 0.0616665445392618
-0.175502831095738 0.176128818304394 0.103475129058628 0.112873310765877
-0.0304123466971985 0.267707608010492 0.176307092858365 -0.075999488002603
0.0934849389170916 0.211751533703972 0.0593076846148574 -0.290763079062488
-0.112597735499199 0.127473690663903 -0.075066708910729 -0.0228894836874223
-0.206910807895218 -0.00335308548784255 -0.058774766879605 -0.0787953932105869
-0.0382356820553094 -0.162728500859819 0.0457649923901029 -0.140166886362979
0.152878245494135 -0.0993308800103558 0.173648376351475 -0.014758104452787
0.171310226221999 0.171338353661954 0.0756236877102089 0.194840211984447
-0.0444997920661481 0.262593882231042 -0.119473232675499 0.247975655150467
-0.229202947131739 0.187129082738656 -0.21533572653609 0.154402477929474
-0.244979318817746 0.191754133764206 -0.185131061067781 0.165308780508919
-0.0554257482455939 0.266885738839069 0.0587757053221339 0.195714283794536
0.165817606958291 0.123809947746048 0.263242906900504 -0.135190541230836
0.0674911938940224 -0.0785810128659948 -0.0536257248553043 -0.322956676926447
-0.123692933415854 -0.0414104967738012 -0.21773894281769 -0.0133036005877708
-0.0761707759185685 0.10621645689507 0.0266939157263537 0.0945416538975868
0.00943635418080264 0.16771391535727 0.110533412026194 -0.100635729802158
0.0851166405080799 0.14717074990464 -0.00080359723596551 -0.355538390456295
-0.0878447369523539 0.0515174532592274 -0.026187790650009 -0.0274991100090633
-0.109653160829444 -0.0434977557784007 -0.0742014892705979 0.00470019166492991
0.0197024958859092 -0.0844335613401271 -0.0662126589432796 -0.145226742238745
0.0839246828603438 -0.0142172150594965 0.163011810075321 -0.1251169243924
0.0651711122363042 0.114811973495781 0.131604669074834 0.176960112863218
-0.037488903416877 0.149368116749646 -0.112513557871004 0.28903472189607
-0.140020835424564 0.108723739434369 -0.273177813949353 0.211334677333068
-0.154198284272908 0.109657212535377 -0.260817916421773 0.225272985342015
-0.0530023132936267 0.158439976473432 0.0456681304523348 0.272921548083694
0.0757096794544106 0.0976354661251998 0.303284499670377 -0.109893964603919
0.047145855278431 -0.00192321964435676 -0.0436536291529425 -0.351810091477163
-0.0327067093411138 -0.0216181508315619 -0.276751711804222 -0.0362248066518982
-0.0228406569716096 0.0256098342016868 -0.0291703102506819 0.121422027442628
0.00540646161753807 0.0629369342190824 0.0665713658749692 -0.0806421968230321
0.0347840601566521 0.0680049597283704 -0.0393068534052806 -0.379321577647505
0.0135832906820704 -0.00381698123188383 0.224074900842451 0.291237545063197
0.0140292881378493 0.0145476141590301 -0.0140456738857996 0.0688394695584377
-0.00178921518650188 0.00416621019090653 -0.0144008167369285 -0.142804679342919
-0.0121134386846427 0.00424612128148375 0.266378240329308 -0.102176212783642
-0.0390468437157766 -0.0242838639476331 0.179651124385334 0.277071384267895
-0.0239480555352687 -0.0435612302574556 -0.238705049897898 0.223367133448971
0.0214318745194037 -0.0452330041168766 -0.180928879145334 -0.249364145516084
0.0259256666028191 -0.0349839324573895 0.117536949969752 -0.367850768212056
0.0114209859343805 -0.0400640002338525 0.104095976790867 -0.371278984629823
-0.0257656854670781 -0.0279671211714051 -0.103260989774795 -0.338202332780489
-0.0387923790588823 -0.0028293298601258 -0.259898755077587 -0.0391052898795098
-0.000553359989923509 0.0287649943460055 -0.0390220531669802 0.255887261663185
0.0211839466504646 0.0104835894243354 0.198434018562531 0.0595424652884553
0.0424537395232236 0.0015313766658116 0.05395260230249 -0.0916906833824578
0.0348873665959451 -0.0127199121226696 0.0196920142316998 0.00659501960936087
0.0991889039856109 0.0409749590993072 0.187143121576231 0.29644769536856
0.0556860879505608 0.0869328151235016 -0.0252571288672366 0.072308847109607
-0.0269403655955084 0.0471264404936811 0.00731751055446972 -0.144510939551621
-0.0550549618474669 -0.0211140677083666 0.289046110245393 -0.0568259921043079
0.0129219604735712 -0.0702423093641443 0.125155095695582 0.302126974325132
0.0714473737123496 0.000449471149166695 -0.26529578632115 0.171921673503441
0.0438854076356114 0.0911610453712823 -0.144713869108143 -0.264135871909992
-0.0221238086617016 0.11506481800645 0.114595146404247 -0.357152050083276
-0.00325581845227541 0.0971440851264383 0.0608908993783052 -0.371695868812691
0.0427739809812545 0.0676588573263765 -0.150752556939495 -0.320285851075662
0.0578950029765388 0.0161177281198944 -0.256343885854067 -0.00808955415904496
0.0488657061853211 -0.023058201911524 0.000948895497861653 0.232632640772521
-0.00528141224352429 -0.0447330823257745 0.178387003052798 0.0352368761156965
-0.0270173727606199 0.0431312489149989 0.053240339321786 -0.0789873545511222
0.0363114847021556 0.0620101070798143 0.02199520380931 -0.0100627739223263
0.157585998454693 0.104541855452072 0.113599630991894 0.295567591647413
0.0706641254162974 0.18251674891459 -0.0620303199376385 0.0923297413700373
-0.0747889954343127 0.0983705098865278 0.0111762275857452 -0.119877768038901
-0.101231110333047 -0.0626141446802187 0.275330947537122 0.0041097558311521
0.086796732624012 -0.105125496500249 0.0545539750854989 0.307388571468415
0.159344397972183 0.0775945060841468 -0.261910391459771 0.114358791381394
0.0327761793033175 0.22469897540275 -0.0959563602891303 -0.23163548622006
-0.0699759390294078 0.246754928024074 0.0932212282323699 -0.290108727223046
0.0197615605611514 0.223618372515056 0.0160501739224922 -0.323193223658285
0.164609439164747 0.10744100619352 -0.190940734164647 -0.278771748525908
0.15166809145698 -0.0813474197081273 -0.246333701718495 -0.00309513718405807
-0.0112172255516477 -0.134102417647438 -0.0173313110309048 0.181408814777361
-0.107270471943202 -0.0338509627680738 0.120648062600291 0.0643874246435054
-0.0694025349423041 0.141035656761849 0.0896627932205036 -0.0367331107150104
0.0657297295640576 0.127542822098349 0.0366253182249003 -0.0560162290768282
0.165755397483185 0.180340379690495 0.0203688258749802 0.263553959806363
0.028642543823633 0.291090847940717 -0.135257047329756 0.0841807679274065
-0.167420885468388 0.142239554988928 -0.041916042220059 -0.118665324305989
-0.156932282350748 -0.131307768284779 0.19877764347556 0.000278881622582912
0.172275163757759 -0.130096508340182 0.00799192542674798 0.232173216925766
0.216040398878213 0.176266506958531 -0.194203878099458 0.0696842757648347
-0.010121194012423 0.331170530542993 -0.0547803717472951 -0.144195750714459
-0.108522761208012 0.341632600067109 0.0591923598867273 -0.177512410079001
0.0720293159494491 0.309916018903632 -0.00125659813208423 -0.221613638237303
0.279946083386887 0.067303883169304 -0.181484312937086 -0.217734699901372
0.122792184460034 -0.238748754619375 -0.257252890127789 0.00802999550135332
-0.205069892752192 -0.156584406136253 -0.0569663768597914 0.212965272083855
-0.200653504821192 0.106932369109859 0.138780962836086 0.127771621274192
-0.0338088782081657 0.26398017390843 0.154513941640522 -0.0416470281469159
0.124569455340432 0.168465649120659 0.0324878591353106 -0.132517834193706
0.11647515488881 0.233003401897077 -0.0610800551142975 0.1862054003923
-0.0788504826124627 0.336101084121829 -0.192648171965367 0.0119928877156986
-0.277225028658015 0.0934413864065191 -0.0747015133896195 -0.198993878448269
-0.15959418361278 -0.240942409826469 0.179037684219445 -0.0957645229285744
0.264749885344865 -0.126462604275039 0.078564652813606 0.136607453818765
0.222044830316006 0.261352122660431 -0.0787446380351465 0.101317161078364
-0.0649899672996318 0.381194386709702 -0.041268137623233 -0.0141885945434918
-0.129674884098588 0.384495604794378 0.0190622821995966 -0.0384146655956228
0.118738419738701 0.341153137427301 0.0302554252900452 -0.0919519423905065
0.317610102983542 0.00621824173414229 -0.0792275891906878 -0.179302759711407
0.0174152359498433 -0.276831649667683 -0.208154259850088 -0.01610781195642
-0.314247521968895 -0.0307910511331707 -0.0256546133881332 0.204255150146852
-0.154480760429333 0.254540904899887 0.195320997302631 0.0955672076753217
0.0621196525280214 0.308777312391034 0.170075943797466 -0.110942329181245
0.180580182617867 0.164943293598556 -0.0213860621149787 -0.218496283852281
0.0366171046313308 0.228926913840544 -0.0936622904669631 0.0922364051294046
-0.174252256077769 0.251236741029677 -0.161994186840732 -0.0586885368093413
-0.262519478234386 -0.050743461703534 -0.0217201983873985 -0.229439369931667
-0.0350551533869692 -0.282746937972512 0.213511010473612 -0.109702433926016
0.312586521563748 -0.0478420275513548 0.16091383879933 0.13741027187879
0.177312242386031 0.292134019853481 0.00303126870642011 0.199043149597609
-0.0977580725472639 0.361582183444039 -0.0624230914113955 0.126736873889483
-0.126824374864927 0.366569010009222 -0.0253041834736269 0.1085720278036
0.129342251802479 0.318654008897262 0.0962259273906973 0.0328449794222934
0.280973709525189 -0.010430705606214 0.0578677065425157 -0.212529072543509
-0.0163850739710359 -0.196261767329902 -0.185376635714798 -0.144415651045338
-0.243630638394113 0.0531671315617237 -0.0807596341081895 0.124075218443327
-0.0508310448081699 0.242037861976527 0.148098947123449 0.0402920025927552
0.121420076108066 0.240280082487361 0.107023382369471 -0.158654935175793
0.195014117441723 0.125806590654068 -0.111267756708506 -0.276944149737384
-0.0260370905008839 0.171117686762646 -0.0747875196541089 0.0211137083966968
-0.178092129161589 0.11101887916167 -0.0916332102815551 -0.0342901396908636
-0.121765556118059 -0.118641366826761 -0.0379157313652945 -0.143799423531277
0.0763639244676195 -0.167169691290406 0.139205049361061 -0.108095985244618
0.238048970823071 0.0526521344979458 0.169155148771748 0.126587489507921
0.105464779714634 0.247534934160423 0.0320969717792983 0.273409676360443
-0.0934558220033223 0.282741218543869 -0.100306397821996 0.243525061633191
-0.10578347260367 0.295457818613357 -0.0681491184957008 0.239653886404109
0.0982562938051555 0.255162732505095 0.157698182411032 0.132611405623222
0.205645250353414 0.0153529282835369 0.146266870776521 -0.260117425176304
0.0163859012575815 -0.100092207386943 -0.224554200276938 -0.242779147094411
-0.124888530881027 0.0332073624537158 -0.192591600018714 0.109772858178804
-0.00637937689467129 0.12924009003054 0.074532917287505 0.0671160155038804
0.100774504157025 0.13512764415188 0.0399808025480834 -0.142841103854311
0.151104851091613 0.0759258555439389 -0.195768023656408 -0.297762831866517
-0.0470648942402019 0.0931267738698765 -0.0364895929635299 -0.00975530111866329
-0.116623780335823 0.0230835580867474 -0.0596411836996836 0.0443397007715102
-0.0295034431459158 -0.081811434622632 -0.134695650278825 -0.088069774980107
0.0629016741301407 -0.0577143218658602 0.0714571435087947 -0.193385296505423
0.118845304574218 0.0616077662892643 0.206247365074198 0.081585065431982
0.0501817181835189 0.147711085021602 0.0594175452165076 0.304664887529736
-0.0600357728937062 0.169050636404511 -0.119627102191767 0.32297972100994
-0.0729504506059386 0.17642060602102 -0.0995648039657706 0.331057463084968
0.0420449972778442 0.161710197651958 0.188187145690062 0.203555801449237
0.115879929164807 0.0422630707058197 0.192603497111158 -0.259239976143273
0.041461862413245 -0.0238028276124577 -0.230714387283722 -0.272882628285976
-0.0377898450684255 -0.000827725776517872 -0.253555780706625 0.123024818738834
-0.00615215900990936 0.0323866815130758 0.0425958132006312 0.12052202639242
0.0386375901118632 0.0494786130101808 0.0136424203965998 -0.102525247484226
0.0652279083098311 0.0396602152970307 -0.240657397867217 -0.298400438541018
0.0128291715140893 -0.00411593440902626 0.232746923891271 0.291140790742345
0.014954003925809 0.0150455950078647 -0.0145719956512342 0.067054506231438
-0.00224965182602059 0.004640903652739 -0.0186973575873347 -0.14545591111947
-0.0131173290263786 0.00430428369082299 0.270662119359952 -0.109826500166199
-0.0405841632370285 -0.0245702413770635 0.18722452248277 0.278483295643987
-0.0250202522952354 -0.0436244203198448 -0.237532133777099 0.23240935034146
0.0218801060262496 -0.045827654629277 -0.188022771787027 -0.249524848743909
0.0264870670088568 -0.0356621732382937 0.115490959111925 -0.374584079035688
0.0110330878967367 -0.0413447866886527 0.10409725790457 -0.376731023324719
-0.0255627382060622 -0.028217360664246 -0.108705381544639 -0.343601953618546
-0.0402405810902482 -0.0021820331379694 -0.26314120443672 -0.0378050183746747
-0.000492623393245933 0.0301148948638237 -0.0369352413044951 0.257654622053867
0.0213555763527422 0.0106455439748109 0.20108345368191 0.0581051643701379
0.0435382104012008 -5.05701527628549E-05 0.0538176207257322 -0.0955206799584096
0.0365435228553345 -0.0133868206300041 0.0192268774527689 0.00645134344130807
0.100026655508522 0.0396111063961511 0.196696342934221 0.297844952854498
0.0578848133883373 0.0871424829487253 -0.0257347061849367 0.0725937967111763
-0.0259943045738341 0.048574132002392 0.00547578458259695 -0.14851995402853
-0.0569432097358494 -0.0209083756909506 0.293945170388874 -0.0645143711028942
0.0124448735027929 -0.0711909715987046 0.134102301297781 0.304184895244153
0.071741417581439 -0.000975842467011479 -0.264888413181027 0.180373835633832
0.0456891113393026 0.0912535268352791 -0.150854667480605 -0.264595219747258
-0.0206102780032532 0.116636621989552 0.113117425777845 -0.363407833403287
-0.00260967319613153 0.0981995127474705 0.0607207945689587 -0.376902785620846
0.0442039295558758 0.0685627938456002 -0.156960053207375 -0.324284711141787
0.0579620175950316 0.0153587664172319 -0.259887512643965 -0.00664306469539811
0.0492945665447723 -0.0226443571539462 0.00300914992913634 0.234130852947038
-0.00616652951136307 -0.0447701647116883 0.180659801418257 0.0344330989485036
-0.026923315084051 0.0439369896640577 0.0542852419646821 -0.0812348049849193
0.0385599365918214 0.0624088923720054 0.0211621792302462 -0.0114275102930852
0.160700244016815 0.10271631362477 0.122806315541586 0.298656200761908
0.0744888810256045 0.181697720985415 -0.0617938759771776 0.0926550849407696
-0.0733330437475808 0.100845571111736 0.00936353807306759 -0.12334017791326
-0.103741471767284 -0.0610412203382285 0.281618311529503 -0.00146761665614572
0.0857168508337395 -0.10721281897476 0.0615368283680792 0.312962710751699
0.162093867456951 0.0757912224806153 -0.264572956385295 0.120386278413356
0.0359600649097641 0.227542897344499 -0.101621294274925 -0.233467272973371
-0.0675410934804157 0.251002801508077 0.0916597050583069 -0.294610434328641
0.0213860842705981 0.226803169092053 0.0144514676350309 -0.327045804213018
0.168767594308057 0.108119604214762 -0.196493283475283 -0.283476865243243
0.152992824467745 -0.0837597107836285 -0.251501837456687 -0.00189726539389905
-0.0125845460375819 -0.13555126422618 -0.0154802786544647 0.18508890284058
-0.110531788848453 -0.0334083421514998 0.123510692488377 0.0650293693071777
-0.0681149573922681 0.144784336705227 0.0909150063526552 -0.0396781744970002
0.0690990573396759 0.128185723365499 0.0353533019799523 -0.0584751610508188
0.171178705298661 0.179175720061429 0.0262570964721292 0.268149047892459
0.0343314390668586 0.293183513638729 -0.134965304128894 0.0857570475093201
-0.166249138832833 0.145692450011504 -0.0429837396529365 -0.120701573471147
-0.160228387349632 -0.129173388802194 0.205075564579659 -0.00283325898040575
0.173214181756388 -0.134310797788721 0.0125157705987041 0.238158938941954
0.221310667434991 0.175024465438175 -0.198654118886237 0.0753143030682332
-0.00715421698155769 0.335704372705253 -0.0583455943861114 -0.145602494389602
-0.105957569302925 0.348268312345395 0.0579438110328881 -0.180810351553495
0.0746653822871316 0.314574347225825 -0.00396275171433652 -0.224760962236054
0.285419447693196 0.0670626052669652 -0.185315986002961 -0.219448422524343
0.122656425195756 -0.244211065007776 -0.26091757889445 0.0115726036171477
-0.21023250639498 -0.156836008338861 -0.054143355989365 0.216032729919696
-0.202783651700663 0.111570575998353 0.144160421582692 0.127839517781615
-0.0300338322873441 0.269789842772674 0.156924269046081 -0.045807349098997
0.128558047107271 0.168830720113629 0.0292201483784541 -0.136543958398336
0.122837939912669 0.234556287591618 -0.0574767862277668 0.191283057548204
-0.0733044250409958 0.341062471736621 -0.194577955452999 0.0148642860385313
-0.277252864646146 0.0987759790622394 -0.0786715311577797 -0.19884630729736
-0.164870377702694 -0.240754790616622 0.181384408405355 -0.0992890858893206
0.267357790087609 -0.131686100752901 0.0798268875621859 0.140011952444726
0.228841033021836 0.26255784958433 -0.0796637656462843 0.104031331849058
-0.0617547688153978 0.387963154054093 -0.0427626486969614 -0.0147054989622903
-0.125734971916364 0.392380692951978 0.01880697049434 -0.0384931198632766
0.121851352463194 0.344919158448541 0.0308508721560623 -0.0931823132028069
0.32299225331954 0.00401668769136085 -0.0811684606979912 -0.183408876101571
0.0153762509510234 -0.281118299686779 -0.212428849660702 -0.0156819326811127
-0.318930977850626 -0.0263609916209732 -0.0235829982948586 0.207119720976585
-0.153110131229259 0.260697293291787 0.199828039953973 0.0929969465853822
0.0684850620916629 0.312037237665104 0.171401559995344 -0.115597731738481
0.185435574522256 0.163431847806603 -0.0270522622326679 -0.222963178687839
0.041662491145981 0.231940663877846 -0.0924810931119686 0.0960840474481087
-0.17383245911023 0.257727334976461 -0.165355489044933 -0.0556363324173131
-0.266121497459059 -0.0470340848019685 -0.0258208711923738 -0.230924431893355
-0.0392195139686949 -0.286054101185843 0.214768390313732 -0.115290799226525
0.316823336041868 -0.0528029265127882 0.163626875574639 0.137807011953064
0.182252793891948 0.294397560229415 0.0046757869417144 0.201874044760297
-0.0969893013816284 0.367636454379096 -0.0630224184023997 0.128025185289092
-0.124392084629273 0.374121011198448 -0.0246322248281325 0.111467614252542
0.133967177610579 0.320672781427271 0.0991032069053294 0.0327564413798694
0.285650183179358 -0.0135008104572686 0.0563674475533508 -0.218344586887206
-0.0180021862070474 -0.198829481563577 -0.19195734715663 -0.146002640176618
-0.243959716281021 0.0572161740359174 -0.0827872870270555 0.127489795313323
-0.0471355406520112 0.245404290975977 0.151779064074097 0.0392879423786738
0.127398783664634 0.241581914421012 0.106098837389388 -0.162667524517065
0.197778489364854 0.122575242548549 -0.118092181264169 -0.280596490819008
-0.0228298293653118 0.174556000729062 -0.074328509122773 0.0237866114316996
-0.179048834562126 0.116192565754481 -0.0933205842514238 -0.0319564372367177
-0.123910324106071 -0.119406664227133 -0.0412391998709342 -0.14536297207765
0.0756330104869223 -0.169023181116179 0.139973655340122 -0.112625328246704
0.243489649108349 0.0501762382488802 0.173691415098288 0.127658469401187
0.109117820410811 0.250655407813603 0.034687069224394 0.276856351691854
-0.0926204132801565 0.288287970816599 -0.100200676284622 0.247959468300305
-0.104785695910846 0.30017431359956 -0.0670378605676543 0.244843565374135
0.102138389016557 0.256813575159855 0.16338268280772 0.132667005630854
0.208686017456257 0.0129351268333979 0.144094014059237 -0.267815604211296
0.0167759712227237 -0.101471854117465 -0.234162611963075 -0.243970980606178
-0.124991821285149 0.0351789876925399 -0.196808061330085 0.116759310623905
-0.00511653610785177 0.130499857300738 0.0776536636554465 0.0692446773833698
0.103945838999647 0.134315294261313 0.0383939206718919 -0.14411406283062
0.153487932262527 0.0743422989920237 -0.204527640565441 -0.299748491527066
-0.0454469913066059 0.0956395395046512 -0.036872215839552 -0.00845425959737689
-0.117816500901491 0.0255571750980207 -0.0584759722353039 0.045911872835393
-0.0298933451265284 -0.0842939559252093 -0.139164462397249 -0.0869292907368034
0.0640255134123042 -0.0584671473060021 0.0692863861193863 -0.195353211070362
0.121154517140001 0.0606578452239957 0.210404839449026 0.0820468490601083
0.0512511374779766 0.150148778295029 0.0632244317114528 0.308459899522795
-0.0601444944703267 0.170597357494047 -0.118442835634553 0.326814324259648
-0.0734957957520151 0.179786829585115 -0.0981930822402066 0.337624541480103
0.0439595138845111 0.163075718468482 0.194811305699356 0.203831833591629
0.118073611886302 0.041510421969616 0.191328008974833 -0.267637571071162
0.0439439900633826 -0.0245671906997355 -0.239414782291635 -0.273476742492096
-0.0382124369779742 -0.000637742022778946 -0.25664491734052 0.130119926886887
-0.00616975700385827 0.0322806947050421 0.0469090774863109 0.123004207774779
0.0403214933082313 0.048501955296953 0.0137609944575832 -0.102286562128013
0.065967456955915 0.0394665225090791 -0.2515080650764 -0.298383941554784
0.0132171505153536 -0.00324184866509223 0.245562158551832 0.285441615586711
0.0165634149284499 0.0150699017516928 -0.0152571054298403 0.0666124952302534
-0.00247047825757201 0.00530113606635446 -0.0254036415596089 -0.14787231406136
-0.0135903456394542 0.00483405811237013 0.269326176357317 -0.120285221961916
-0.0416746569671796 -0.0238580747298196 0.198130595487557 0.273570479544417
-0.0260645398067869 -0.0432528174325094 -0.229223098635508 0.243173877499764
0.0208613413162601 -0.0477357922565042 -0.198139665294916 -0.244171068273173
0.0260018954517552 -0.0358037589853744 0.108618874925224 -0.380745726879103
0.0102001289038641 -0.0421313984892978 0.0970227622670422 -0.382166902437823
-0.0255833841828458 -0.0289906041324952 -0.120073957067146 -0.344445773453764
-0.0418374926403499 -0.00121500637009421 -0.264710181058402 -0.0320224629580646
3.47595959297956E-05 0.0323179289458086 -0.0303727570176407 0.258905072908281
0.021757152171719 0.0104326168797368 0.202677380751686 0.0529163805306794
0.0431910378225844 -0.00161741060629665 0.0518051746131532 -0.0989003890215044
0.0366443187175994 -0.0143905118078822 0.018759579726348 0.00584363236354224
0.10212998702115 0.0358185270592808 0.207516177607139 0.292346365482239
0.0614556953689867 0.0846811836630768 -0.0252979804070474 0.0706671325759707
-0.0244997835606836 0.0491526694106629 -0.000316574629829517 -0.151076702900594
-0.0577986057750329 -0.0179976409977989 0.294460614812504 -0.0753637334930003
0.00966080745898681 -0.0719051882518183 0.145015373844296 0.303038480890487
0.0723354984156763 -0.00298560770140602 -0.260438870569644 0.191211969010284
0.0494244957053509 0.0892569536140531 -0.161538180202029 -0.261651338655039
-0.0176287054346059 0.117732893120768 0.105077179457998 -0.367882414886582
-0.0011425536524276 0.0992648828135785 0.0525905367966534 -0.381129812345951
0.0463835246925193 0.0677015985139197 -0.168477256052294 -0.325371711204714
0.058382183202385 0.0145592395354653 -0.261955586047368 -0.000376140503846638
0.0493779848217758 -0.0237975390495066 0.00997258317611429 0.234593661146286
-0.00793919791940216 -0.0448723841826527 0.181968002270193 0.0294232593906589
-0.026021004183493 0.0444919282386418 0.0524332398164847 -0.0852648923290492
0.040884928937992 0.0627871961193002 0.0194986740132738 -0.012437998891417
0.16499021079116 0.0975609970117278 0.134701060370287 0.296952405358463
0.0813351887306039 0.178859432391711 -0.0596034815573983 0.0932239596597828
-0.0694697254172664 0.103117780452956 0.00607675249667804 -0.125974031614043
-0.107400831321052 -0.0578239268941561 0.285822422115701 -0.0132303271982142
0.0827856779747474 -0.110375462649292 0.0737168224551316 0.314141725174425
0.164166571470658 0.0710866209034132 -0.262127200741589 0.131935058813235
0.0431161341399272 0.226783677563705 -0.110299938981058 -0.231146580097673
-0.0605046647639424 0.255167776130624 0.0853675213319329 -0.299218810390178
0.0259604126004198 0.228015452450752 0.0066076806534305 -0.329792181695755
0.173142979366304 0.105937375811864 -0.208135878910026 -0.280561228797023
0.152101426085672 -0.0885771379430201 -0.254336997915145 0.00473297395498035
-0.0161417719465788 -0.135127499730622 -0.0100745052827715 0.186224590014156
-0.113329492928363 -0.0305064889205395 0.126311208243606 0.0621907709374772
-0.063922708415775 0.14809808937026 0.0911641785700954 -0.0434094059753005
0.0733825841035322 0.128032316555215 0.0316959304041396 -0.0609049388370245
0.178722884903812 0.173185397231537 0.0364026729390581 0.269242379278049
0.0448582942705661 0.292761883691979 -0.132682545225852 0.0890859787748207
-0.161310790948334 0.152245691568001 -0.0465500062811737 -0.12122718868196
-0.16530680041935 -0.123922781574362 0.209862585968451 -0.00945045954373491
0.16973152723321 -0.139691050997207 0.0217692958710698 0.242258798821219
0.226725430608877 0.170109924911331 -0.197341342369791 0.083158115882163
0.00229530366480593 0.338561450053192 -0.0640945073866972 -0.145839838256109
-0.0970341619727174 0.353099830591505 0.0537795610454815 -0.182518317291913
0.0822435302602868 0.315514280271591 -0.0084731252885645 -0.225121379192549
0.290653124384716 0.0609136184124923 -0.193278103340374 -0.216119074027358
0.11822808047796 -0.248688535552904 -0.262758463078306 0.0185736628464095
-0.216701372018701 -0.150765709489456 -0.0475583949412097 0.219416018348766
-0.201772092223244 0.1181403071424 0.150498580105285 0.124321423788998
-0.0208315816440489 0.274083314686151 0.15743992159408 -0.0518843259213089
0.1341996138934 0.166052220773197 0.0230184742724749 -0.140289897685381
0.131508330583131 0.230918861085722 -0.0502251816562133 0.196358032085047
-0.0616418656036719 0.346445387483667 -0.195484226650644 0.0220957605519997
-0.274369516046638 0.107480550763162 -0.0853170659919718 -0.197366859680443
-0.172901452302404 -0.236049166507462 0.180956542771672 -0.104503607885428
0.266071615071241 -0.139253698217285 0.0844873813076806 0.140729900866836
0.23675070562776 0.257029027209634 -0.0788251627262831 0.108155717689654
-0.0517062500814706 0.391473775464163 -0.0444934734576116 -0.0150884680854009
-0.115917489735548 0.397685292104049 0.0179567061574795 -0.0394118307403602
0.132191976392451 0.344353750260433 0.0291247402471109 -0.0946973381821893
0.326505487529874 -0.00536194635326352 -0.0856433555512665 -0.183444743513811
0.00940298657402578 -0.282996880137633 -0.214200797456047 -0.0116497382785542
-0.321371016032985 -0.0176778956752293 -0.0186997151834159 0.208907949846925
-0.146468944082348 0.265926348392687 0.204354705675471 0.0876767892491339
0.0809100081727456 0.312208993390583 0.169342687418743 -0.122693037188738
0.190472993847174 0.158803943011955 -0.0354619503517654 -0.225689690466033
0.0499974449261463 0.231648817652744 -0.0895162561352481 0.101873768452945
-0.164534190742131 0.265861840165943 -0.167566987943905 -0.0502076474674406
-0.26824971780089 -0.0398729608149421 -0.0354571488492714 -0.230376000598675
-0.0469058086357844 -0.286847488518228 0.213316301451519 -0.123031509224211
0.318111583359095 -0.0607050583784871 0.168727613736327 0.134718807276541
0.190428668830107 0.292544072212162 0.00954081644868428 0.202408983781566
-0.0884665593104931 0.372226687806675 -0.0609518225329846 0.129476842765322
-0.11549527775367 0.381465684600783 -0.0220448926067524 0.112423632900163
0.143470330971161 0.318481168805884 0.102032501781829 0.0295381657624387
0.287351170793676 -0.0226451719984679 0.050209922480184 -0.224240766617216
-0.022808499846681 -0.199279769280926 -0.201177105176829 -0.142702715388181
-0.244174339896631 0.0651785892296827 -0.0827047280937983 0.132549835437161
-0.0408651487118477 0.247318678077746 0.154109920627061 0.0366063522774757
0.136668041597014 0.238066985852152 0.101559559469727 -0.167073231422579
0.202437344587773 0.116821526563247 -0.130250275344123 -0.279448631051693
-0.0169041264820004 0.176354180626353 -0.0740495698398323 0.0272756298142499
-0.176206420448344 0.122715207854915 -0.0943812574841194 -0.0297523734628646
-0.128013968152036 -0.117144965810892 -0.0471310947517829 -0.143530675202266
0.072953929853785 -0.171808176199108 0.138681889342438 -0.117255781501757
0.247108551953562 0.0437534441929945 0.179682180663065 0.125214355386254
0.114602859956984 0.250653967994057 0.0411648974064542 0.27712210600391
-0.0871641497620939 0.292468345101561 -0.0955696574333982 0.251831141133966
-0.096709940465709 0.305480972729814 -0.0608420025501922 0.247679981256437
0.109610141666236 0.255547899394651 0.168939852006552 0.128693466764712
0.210557562522379 0.00604297675039966 0.135890474553305 -0.276760596787179
0.0151272921188171 -0.101769073806116 -0.245937107394018 -0.238809107196063
-0.124137316350176 0.0386792072976317 -0.19604462390949 0.125680950841851
-0.00156024409217031 0.129751386612744 0.0813546858935971 0.0689735135558559
0.1085459021993 0.130881893014597 0.0346727166248436 -0.145780815589186
0.155126533593916 0.0686204859503518 -0.217321575015025 -0.295385167945701
-0.0434277593190614 0.0983956662534901 -0.0369595748677052 -0.00616632332614413
-0.119405255547194 0.0296949149327599 -0.0561985093703467 0.0478680027040971
-0.0325719927795688 -0.0851933368831999 -0.141932623124366 -0.0827504138979878
0.0630884672644557 -0.0591736432522181 0.064670642254394 -0.198100521567085
0.123239549623801 0.0587310934514953 0.215220711204809 0.0796016209871762
0.0546154807248905 0.149879177499968 0.0698623815361549 0.308366631475592
-0.0572018570568906 0.173699364758887 -0.112722066121207 0.332392888484525
-0.0685493410109208 0.182713717440844 -0.0899730233745381 0.34258595701533
0.0498447020533595 0.163096709410822 0.201930513492711 0.197931775583733
0.120500317406625 0.0381908925853396 0.18235667334624 -0.277585156854024
0.0445573405358405 -0.0257850383301403 -0.251794847923849 -0.267839884481599
-0.0383719414774016 0.000293248347721658 -0.255924045275286 0.141981134599403
-0.00654837098166674 0.0325955402966865 0.0533557130997694 0.123709276413724
0.0418518207970002 0.0468881506959392 0.0115388183651358 -0.102025931692095
0.0665208555661404 0.0365482054927968 -0.262711657187159 -0.292659067124153
0.0143281188845757 -0.00313743954831703 0.252922329531878 0.275947842560799
0.0174696230400985 0.0142543157190102 -0.0150152564926089 0.0654755992376934
-0.00282248861720296 0.0057677789542584 -0.0308429462398119 -0.148434250126145
-0.0140611526026628 0.00539149334268308 0.264989204151615 -0.128111415021873
-0.0428032153836592 -0.0228675518384577 0.205105225330712 0.267678880352314
-0.0266510843425887 -0.0433972475201183 -0.220732534473588 0.248620388909487
0.0204777266866452 -0.0487813769454996 -0.204330200672747 -0.235953965510309
0.0253017502870139 -0.0368447785516866 0.100820426632427 -0.38228070413538
0.00897127325542758 -0.0423587068184269 0.0913936919473919 -0.382884844899737
-0.0261853083814012 -0.0289517536057513 -0.128472061795866 -0.33977476185263
-0.0430248675620399 -7.03889092452791E-05 -0.263694748894571 -0.0285394217342218
0.00184934858808107 0.0328077104538683 -0.0237318449154329 0.25621893773736
0.0213912848005712 0.00993523266129983 0.202158244470099 0.048400118184385
0.0433402746780898 -0.00282404920363252 0.0482331896033618 -0.101130149408785
0.0369504105025235 -0.0163284625105123 0.0189222010751371 0.00477854199083034
0.102182456045755 0.0331225937977596 0.217279001090315 0.285274761554775
0.0643433535094212 0.081297094019628 -0.0250937081089868 0.0703577635953011
-0.0225809449719578 0.0496200422294373 -0.0060703749334068 -0.151871529212201
-0.0588277679973844 -0.0162519083229706 0.291575704392911 -0.0846423512985884
0.00704396469469206 -0.0715889158471822 0.154917010476032 0.296043506269147
0.0716934262417953 -0.00578558473918678 -0.252528331252279 0.197679296856365
0.0522031925760881 0.0876186118870382 -0.169060566361596 -0.254585566794905
-0.0140059070851677 0.11794470027672 0.0974945575536363 -0.36948497696286
0.000817240410804963 0.098536983331802 0.0457841421135833 -0.380224340604773
0.0477041804336799 0.0656214722588187 -0.176233210263095 -0.321323721457451
0.0580709242342864 0.0136561380673752 -0.261975900110053 0.00347417375959562
0.0494574705627722 -0.0235527688075691 0.0149883058819435 0.232979098967417
-0.00894564777798285 -0.0440867361048118 0.182101039145627 0.0253604917366639
-0.0249375050344398 0.0455116285380491 0.049585335367011 -0.086933648908925
0.0439704178260671 0.0611737394854666 0.0178985022743189 -0.0139373999412634
0.165556482982213 0.0922688759190383 0.14411503323211 0.291169363847011
0.0863841737301711 0.174195967972969 -0.0582158944977243 0.0926508083806715
-0.065088656601501 0.103906376465994 0.00246731704266867 -0.128113840602747
-0.107648008492633 -0.0532599661992272 0.286175045726407 -0.0228513646120639
0.0792261557788606 -0.112339852243617 0.0847983442119032 0.311376497133987
0.165286126456808 0.0666462987548418 -0.256563713795057 0.13958678261838
0.0494518229358975 0.22330799485104 -0.116268659378435 -0.226818032311556
-0.0546973353400263 0.256383178329441 0.0791682557611814 -0.300089553097816
0.0310418205326648 0.226959424342554 -0.000676316079906112 -0.328659261900035
0.17493367823108 0.102805469184079 -0.213749145279495 -0.275638435024109
0.149451036856091 -0.091321977339447 -0.254173873957744 0.0111305091018258
-0.0193790155163821 -0.133915825701159 -0.00527303072539997 0.186834416048781
-0.114018377246563 -0.0270659149022579 0.128522473754985 0.0600178285131507
-0.0596724253926326 0.149742087245135 0.0904159811064943 -0.0471157344602181
0.0766343914497743 0.125877131609451 0.0290282521090286 -0.0628832326608876
0.1820231759636 0.166200447009505 0.0468440614674203 0.268323490737269
0.0539554964213025 0.288247262739116 -0.130748231374313 0.0924860868181843
-0.153609280077803 0.155620537097221 -0.0479924537300214 -0.11998627372221
-0.167625452253443 -0.11788674985779 0.211403153034294 -0.0161953047785073
0.166653950569117 -0.144004855798122 0.0295697409176383 0.244428554503826
0.230288353251612 0.162820857039131 -0.195880635357833 0.0900358055469889
0.0106628734439609 0.335248663512885 -0.0683837348407963 -0.143562210931658
-0.0881318603753948 0.354348943526679 0.0496520574853081 -0.183219579634045
0.0893656807051899 0.312451837418803 -0.0135227700027833 -0.224308936260385
0.292501714950121 0.0550653752582839 -0.197805251248102 -0.212322945983136
0.112176155485036 -0.251384494867609 -0.263522787025796 0.0254091850862928
-0.219813911431872 -0.145458473007159 -0.0401137653067709 0.221498541254471
-0.198805848602206 0.122992490115888 0.154638776703317 0.119766977413417
-0.0124641577356865 0.273579764983285 0.155399821940195 -0.0576323083586492
0.138150467992797 0.161940031162776 0.0171542461757392 -0.143039185671408
0.137306104001809 0.225437043312985 -0.0427122791179458 0.197810002745095
-0.0503721330946282 0.344715654774196 -0.193992888323598 0.0280818673480813
-0.268332040762899 0.114654602897334 -0.0894391314498084 -0.193588848529184
-0.17774018031338 -0.228839410631557 0.178917266849684 -0.10764764652485
0.262149237682125 -0.144509987285148 0.0877397782917927 0.142018053135017
0.241494238817698 0.250743074244169 -0.077716587241332 0.11026726160958
-0.0429190447736571 0.391367436328066 -0.0452851103367393 -0.0141124571216405
-0.106506913168442 0.399269829551875 0.0169369986332682 -0.0399702152974163
0.139497067191334 0.340615687412511 0.0280377367144729 -0.0940900316423924
0.325053948163312 -0.0125712934087767 -0.0898020470942112 -0.182831756496908
0.00123482512867984 -0.283398274679281 -0.215621096710407 -0.00821134759536118
-0.320224899380222 -0.0077551544195243 -0.0131923715378583 0.208342257675132
-0.138760992601572 0.269526062748277 0.207004098764848 0.0813906855347195
0.089679197509319 0.308577337470625 0.164607736952301 -0.128030770957322
0.193548237051134 0.15138405958585 -0.0439153856853656 -0.224948736966272
0.0568049393107176 0.229978529707721 -0.0853882581362966 0.105088792606107
-0.155440554954103 0.268658864673697 -0.168471589715986 -0.044129702876175
-0.267364293089707 -0.0332531819643568 -0.0415244675964877 -0.228656596102046
-0.053261396670111 -0.282458056717774 0.209293303944413 -0.127804120581507
0.316192940202041 -0.0679684649622041 0.171470351263101 0.131360352617545
0.196240360143356 0.28709307031607 0.013244352060356 0.201344026882699
-0.0800762069314876 0.37350808388986 -0.0588013733539072 0.128785457861106
-0.106164766414503 0.382283311490926 -0.0202201785263534 0.111840714203677
0.149871804644462 0.314183225509406 0.103698975575711 0.0266112738793156
0.285795776135511 -0.0302967913491978 0.0439592752103854 -0.227146474129712
-0.0271059515844739 -0.198167424617327 -0.206432530791499 -0.139554335900948
-0.240189603665973 0.0713554427525122 -0.0807368102381964 0.135167975933511
-0.0323351338298535 0.245551541640118 0.154993382722133 0.0330237457097739
0.142643019995965 0.231723840007627 0.0967739646180314 -0.169209591023324
0.203488391486375 0.109228201713549 -0.140068522084298 -0.276094482259419
-0.0117557058299471 0.176306188787284 -0.0723639065096997 0.0315547118033701
-0.172207100374217 0.127134518563345 -0.0950801800091911 -0.026906451476327
-0.130213903165579 -0.114779556712128 -0.0503705025898531 -0.14261677202795
0.0689944616851416 -0.172266783230512 0.135207112788679 -0.120737570196058
0.246075909637888 0.0377824112505273 0.182700531868606 0.122467534152286
0.118963135533431 0.247241154174608 0.0471338754232752 0.27396037664594
-0.0809106444995499 0.292180209304626 -0.0909310829541096 0.252077246665175
-0.0902085162044109 0.306053974500846 -0.0556049191095537 0.249254085696288
0.11587968795105 0.251142165678669 0.172904547894374 0.122151669880146
0.210331106128009 0.000885440278691118 0.126409296520865 -0.281074186885045
0.0135199766723762 -0.102165592565145 -0.25416719433089 -0.232818244790572
-0.120889415465287 0.0422129989818763 -0.194685644097459 0.133910935452836
0.00119315125551981 0.128661211704301 0.0840922098023266 0.0685373298165389
0.111834899779534 0.12535171206447 0.0309946261697523 -0.145011550760655
0.155875642252226 0.063627413566591 -0.226910313140995 -0.287537425337412
-0.0399932787027785 0.0996402094695678 -0.0364144741996245 -0.00391114547341752
-0.117982336275865 0.0326445184838898 -0.0540706715162336 0.0492044564314957
-0.0336726086226332 -0.0849745370594488 -0.143774056462115 -0.0775163449163552
0.0621006307384559 -0.060172497651451 0.0605148297575095 -0.197117090987977
0.124205011731686 0.0562154660709784 0.215776572107224 0.0750195663723683
0.0577763758939689 0.148670067433932 0.0751886764031301 0.305855966845506
-0.0530542329353336 0.174461203405973 -0.106233168476288 0.333934455443613
-0.0643753455399899 0.184296932864682 -0.0831644414262354 0.343806717447379
0.052740885961155 0.161191404402101 0.206227118688839 0.18937709086458
0.121266838333801 0.0349148492601474 0.173425732102114 -0.282427099904434
0.0453950153261925 -0.0273856949943365 -0.259618404802136 -0.260468163613964
-0.0375128508274799 0.00144149146302089 -0.252542935907684 0.149932886863673
-0.00717311886843966 0.0322961908706957 0.0581879396337934 0.123309611598158
0.04222693270464 0.0440131983068629 0.00967371472431552 -0.10060474107537
0.0669455626976301 0.03467872818995 -0.27083341550051 -0.283584181901337
0.0143555746220857 0.0100696808938215 0.0399451380867878 0.371774605280911
0.00673249639255226 0.0221490063885611 -0.0523484726512692 0.040907171138815
-0.00627620365183033 0.00311981889711932 0.0622825742410841 -0.139285872362779
-0.014176819080828 -0.00382562646756055 0.288791320892111 0.0525805546258334
-0.0199703573401743 -0.0428949062719798 0.00636196086419924 0.335565838365713
0.0039126759804846 -0.0488860758718701 -0.322602900966189 0.0704392242517224
0.0448897827057717 -0.0272843447484495 -0.0223886780240678 -0.307811662123732
0.0418360745797108 -0.0148366043557658 0.308906490120957 -0.243004143445083
0.0311939478276261 -0.0283999459340478 0.30090960132423 -0.248191907100129
-0.00394435411381651 -0.0396693006203908 0.0986135956382792 -0.345105064777433
-0.0349428138293814 -0.0253600485247888 -0.191181239019761 -0.180851068749333
-0.0175323290719175 0.0279386599224663 -0.171220305129431 0.187486314399685
0.0121204415202793 0.0213208160731505 0.129753423508925 0.16022082671645
0.0362693604070481 0.0224993448992062 0.100061869150419 -0.052345230709534
0.0405408235869969 0.00822518024882368 0.0112313588731346 0.0139533950002125
0.063275527632738 0.0896744009086772 0.00626149666197706 0.358152045122312
0.00363392366833051 0.102408667316895 -0.0615935130437978 0.0387881065663583
-0.0470706632684789 0.0252513226477067 0.0851103715387139 -0.126920066360277
-0.036661774479034 -0.046941705787864 0.285774693203206 0.102992697038243
0.048366927256863 -0.051694139914765 -0.0504517651842405 0.328940163088254
0.0601409867024106 0.039659368261912 -0.319159743316004 0.0116139101715398
-0.0113239197416908 0.0999155447534411 0.0162974889329492 -0.301001810263422
-0.0825278875623325 0.0849544098114053 0.29706238898368 -0.234905565591658
-0.0603580537766714 0.0789329856812913 0.264207226659165 -0.27180572064933
-0.00328090649776281 0.0806921964100222 0.0503654809191613 -0.359990375698974
0.0371691165371105 0.0463971778705212 -0.209946887466123 -0.154724633827905
0.0541443780416452 0.0117997898464015 -0.126636325405721 0.191763056430327
0.0196697327198692 -0.0409844636237383 0.128623028712525 0.129777406253275
-0.047252458025265 0.0204979831263112 0.0926454047485906 -0.0397480740991217
-0.000917003454689816 0.0759375104380886 0.0220629449095164 -0.000619536837450963
0.0795796105368378 0.173646265430816 -0.0564468846987338 0.320666493151668
-0.0334426922684661 0.189342092801861 -0.10125073097357 0.0387831343811898
-0.113747308308975 0.0440432909678946 0.0777244817862305 -0.102380932742849
-0.0537487309513165 -0.105088113941917 0.244419677565777 0.148758993204937
0.12921511559034 -0.0408979065505134 -0.113668388831031 0.300315354254574
0.0926726846074105 0.15140993421593 -0.288571485173555 -0.0379663959268261
-0.0949519874505585 0.20644880480631 0.0408385875895458 -0.24938316370845
-0.196934380219705 0.171527793912406 0.240795316285264 -0.19113716049252
-0.113909382560476 0.198387984265845 0.195254780912242 -0.258069697847048
0.0772829011637714 0.185712526776884 -0.00683836177813443 -0.345721363690067
0.173501540146647 0.0188883352167704 -0.208838286794315 -0.144270626116656
0.0656027275359415 -0.116015922044732 -0.116129522378424 0.144799472374346
-0.0737079837709542 -0.0898294004110169 0.0665843703093193 0.125887661269507
-0.136922893360787 0.0854454855869379 0.101015645094377 0.0171274055408556
-0.0136329497067801 0.147064345977764 0.0602017230943411 -0.0340803700006535
0.0483976653774916 0.24124602431517 -0.121176141816426 0.245716262189347
-0.127490280935743 0.262357003470701 -0.158865115522744 -0.00197492795712203
-0.214334129505448 0.0323350074233319 0.0327608724286664 -0.124902809740746
-0.0639392464883017 -0.191493557518863 0.180358180508792 0.11206630329724
0.217061983367671 -0.015966085141133 -0.118406748195852 0.215645702900565
0.0885995205575046 0.265097442448854 -0.210866326977146 -0.0406653300137958
-0.192222607635362 0.273693954424702 0.0294417052731373 -0.153062958877902
-0.283979525109161 0.230901505901023 0.147907261564949 -0.115231862780702
-0.118646835106495 0.301650313774516 0.123055472366405 -0.182540970669673
0.198855500532532 0.21921738737133 -0.0305481046971106 -0.286090380892225
0.239214584216835 -0.131072368735115 -0.224145971710136 -0.136804783950844
-0.0869988605869102 -0.244789702786677 -0.163205794349375 0.152007829212293
-0.231303900227561 -0.0193576328544747 0.0520653541517266 0.188864327104417
-0.170858890371264 0.212405260450194 0.158563870534969 0.0474189351896982
0.0145000181066189 0.211645377323907 0.0981586080423067 -0.106090935966979
-0.0221330686161109 0.262399133270379 -0.152045552053372 0.135477622062267
-0.244495679005091 0.24551076257329 -0.172831899570252 -0.0892762023228443
-0.282132054266942 -0.0693020733837625 0.0410092087325968 -0.207547468132983
-0.00591510090783062 -0.286510224891135 0.205309648381313 0.0173757612467093
0.295978353016014 0.0397006903272678 -0.0120313744293665 0.166371057015309
0.0460154378766142 0.34447337268059 -0.129099521850381 0.0446984310954565
-0.268008824294195 0.286214164780576 -0.0304408931725104 -0.0380519798779091
-0.324642034585793 0.255371379749671 0.0352177504187055 -0.0201348974310261
-0.0948731247982133 0.352067965982373 0.0790359564253476 -0.0545011012158849
0.26686486031011 0.183809984186913 0.0389647188617096 -0.198785584047287
0.171864814589322 -0.222543411652525 -0.163753299150649 -0.136315515638351
-0.248418653807627 -0.196618831448924 -0.134641791081 0.155862656970839
-0.269092237484155 0.132102076117386 0.11644983246611 0.188079950727262
-0.109022714376504 0.300051902697875 0.207744293549811 -0.00289725294944051
0.0647345498458472 0.23459373450799 0.0990915559474457 -0.208360057428143
-0.0901214819611333 0.218018926553129 -0.131698095493286 0.0369794439976592
-0.284924184606642 0.123099464384719 -0.110238198300549 -0.133362395338053
-0.194012418051816 -0.187535456347511 0.0980945346999201 -0.207938889617549
0.1260147004438 -0.254990211492806 0.242861041539112 0.0178522779877336
0.293438669713355 0.133794505881153 0.0609130518064937 0.208638927268057
-0.0123889412066843 0.348282382514199 -0.110400412614626 0.171064142697073
-0.28812620494756 0.250603263761103 -0.127339614767559 0.0674247782851624
-0.313876213870168 0.241678874884358 -0.0848350776983406 0.0791216366402813
-0.0683307973314775 0.33862934659445 0.0683992720216921 0.0852572218690266
0.24377953447874 0.14543778095918 0.17173036057913 -0.157667158059079
0.0964290363884516 -0.172460184897502 -0.0803650608308939 -0.23675521588496
-0.232946532820086 -0.0847619980704448 -0.14740558751767 0.0575436778603183
-0.170379297367136 0.176844846257962 0.102604668945717 0.119051073807371
-0.0220950058966825 0.270047896511349 0.178270708592045 -0.074803485172814
0.0963694983976119 0.206618967945539 0.0528742397489983 -0.304910420008774
-0.114236013284774 0.136226827888463 -0.0776085532566711 -0.01548007128417
-0.214243901121219 -0.000114472860801607 -0.061829613826163 -0.0775642558614549
-0.0350270065035254 -0.171077284392532 0.0421211931251018 -0.145692387886912
0.157694616907308 -0.0953470438968978 0.181547415627172 -0.0184036224499537
0.174846634580132 0.177294264712435 0.0757917778280967 0.209504140606507
-0.0504103329180203 0.269751915402311 -0.127128844379928 0.248392467378841
-0.240273604996888 0.1849185081322 -0.226514147870196 0.145394252850521
-0.255465296001559 0.190724795083421 -0.194686500602775 0.165878930696825
-0.0580751974374279 0.266858575117192 0.0664383265171612 0.199990388991148
0.166494166089967 0.124505272296291 0.267096238739708 -0.151846302861402
0.0721224833326282 -0.0712364803457722 -0.0658199941417451 -0.338644046397395
-0.120272034197482 -0.0369925640922487 -0.236650425663351 -0.00903087684872029
-0.0735399419272173 0.102657005442412 0.0254007481128868 0.107093994539732
0.0150542653274606 0.165438765128789 0.112160962956901 -0.0952229475699713
0.0845709121952742 0.142230386648942 -0.00934328538722373 -0.366806382102079
-0.0907278478005303 0.0570270211910621 -0.0270157904259848 -0.0230852206579297
-0.115315916768994 -0.043482997526759 -0.0730408986290935 0.00685911357855105
0.0228675532655632 -0.0895602546620224 -0.0697762053094087 -0.146972327168134
0.0866090525004304 -0.0104454271585463 0.164790545226836 -0.12233277171249
0.0661896917490628 0.119387803353986 0.128397385723967 0.191696052005788
-0.0415893878899648 0.15434390990867 -0.124227941039326 0.289690436997938
-0.146983201551663 0.107794214580111 -0.287111376096571 0.199151550801632
-0.16110358544595 0.110016880675275 -0.272830268517124 0.224877900064811
-0.0537064707182252 0.158301596822442 0.0525848946036929 0.273184543904453
0.0752892785517635 0.0994005483263321 0.303883686776133 -0.124490957553937
0.0535582030273765 0.0070336258430132 -0.0532953201700184 -0.36232614754925
-0.0297693123650156 -0.0208275705204887 -0.291480404712395 -0.0293973656861398
-0.024050304787158 0.0219003999033068 -0.0277240577964835 0.134805653166471
0.00760597173421254 0.0596696156139015 0.0686583451651514 -0.0723062579048552
0.0302976414773877 0.0674640247670364 -0.0477853301427234 -0.389538392504562
0.0150148135367227 0.0102661809589825 0.0462603579083619 0.374141817922979
0.00801218884388622 0.0218930248923066 -0.0531077567299182 0.0394713620275642
-0.0067473058650207 0.00387080018406007 0.0609803427938224 -0.143276243041642
-0.0148307969629907 -0.00299395129015177 0.293806853914712 0.0483950104822436
-0.0214297431885451 -0.0430726057961728 0.0105782333268988 0.337562934174578
0.00374540406043586 -0.0496311368407049 -0.32213585465114 0.0768626690681466
0.0454297462988656 -0.0285562042511962 -0.0278522887810499 -0.308700421433802
0.0423089617711537 -0.0148570638452632 0.310667728123003 -0.248784220406653
0.030928901797522 -0.0294488561903431 0.303737280683194 -0.252045005892311
-0.0035430842153039 -0.0401281811104685 0.0948727436358601 -0.35022051570825
-0.036029881217004 -0.0255200999273558 -0.192486990245684 -0.180694358813523
-0.0166956647952267 0.0291649515142319 -0.169571623275567 0.189396480973758
0.0124075916495882 0.0220425788433851 0.131684391781888 0.161454185895182
0.0366362266925297 0.0219721275901827 0.0998238694691791 -0.0550159971879223
0.0410590884971785 0.00757485282193097 0.0103072095023713 0.0134608944877004
0.0653360462347091 0.0897460766679083 0.0111427752989804 0.361508468715278
0.00614408673195717 0.102870486582934 -0.0625866790248385 0.0370819921973226
-0.0470807106773386 0.0270114771310676 0.0845767897439128 -0.131725763287953
-0.0381558906988379 -0.0453976632320369 0.290962656319154 0.0998100480769809
0.0478897750717083 -0.0525833425862649 -0.0458135712112757 0.332048402400561
0.0606119066588977 0.0389499618563708 -0.319984318443532 0.0167276337078371
-0.00945240205800733 0.0995937593035112 0.0109049354310087 -0.30334302321462
-0.082142290593924 0.087111291044831 0.298244826125636 -0.238766657855482
-0.0610327746462338 0.0794906163878273 0.263272311638802 -0.276438555287001
-0.00212146925394324 0.0813037057448647 0.0460997883134197 -0.365400854596954
0.0375120956960074 0.0467197070776921 -0.213424575300641 -0.154769079295512
0.054495041745064 0.0122001703712055 -0.124040135950568 0.193698812394927
0.0201350381288869 -0.0416866739283785 0.130736075503982 0.129453738287939
-0.0485389483946875 0.0215323777362392 0.0926370577150759 -0.0425126520251047
0.000629553881265182 0.0761991250738891 0.0213744047864375 -0.00202969738635978
0.0822925953914828 0.172555450639184 -0.051634758355158 0.324067188804954
-0.0302340655682235 0.190678741825442 -0.101187930616269 0.0387229267746364
-0.112877430920145 0.0466179019690436 0.078401836541552 -0.10596300125283
-0.0560656572338355 -0.102599072113342 0.251668702943059 0.146845452854095
0.1290522963864 -0.043780810118968 -0.110466369327466 0.305440334677084
0.0955320164237148 0.150499599321039 -0.291357616512358 -0.0314232280282742
-0.0924767722835586 0.209788386319037 0.036150620348627 -0.251293171810554
-0.197700205500515 0.174948643547227 0.2420225198679 -0.194101584857315
-0.112868478945184 0.200805143963785 0.195617945090968 -0.261280880419554
0.0793509744217885 0.188008175337025 -0.0115713260061776 -0.350926844563558
0.175986803820062 0.017672198035265 -0.213718984840361 -0.143911829879203
0.0664476183387962 -0.117755548385578 -0.116204867834445 0.147163597377445
-0.0762858499876796 -0.0902046636794682 0.0690544334248216 0.126902313685287
-0.137127990371287 0.0875112640633981 0.101533196167144 0.0151536251301907
-0.0114477342057535 0.149333460516078 0.0591949333384655 -0.0370154406971337
0.0523147604610136 0.242053233461228 -0.117484276854451 0.250167763420051
-0.12388304232147 0.265690997229862 -0.159881939148174 -0.000430416876727913
-0.213998009584279 0.036565680435199 0.0331480444287325 -0.126602057205986
-0.0666555902088696 -0.189630582696574 0.186111962157701 0.111272386236989
0.21854653614743 -0.0179600599452536 -0.116953993343835 0.22103200469122
0.0921368127015798 0.267382280550488 -0.215329327021735 -0.0368942869775947
-0.189378978458247 0.277809625872716 0.0267708268501576 -0.154961236134283
-0.283437898877458 0.236477565321018 0.147539109037914 -0.117199926820246
-0.117452419769434 0.304808494315686 0.122346494751458 -0.184836982348536
0.20249720428806 0.219636058628 -0.0337874082360557 -0.289311709995217
0.241311693767707 -0.134327946035423 -0.227295754259829 -0.136289243834587
-0.0899016300062004 -0.245728652562431 -0.16165008237413 0.155650107158723
-0.234291979620576 -0.0162814692681183 0.0563892390139584 0.189978935280851
-0.169993371121933 0.217600463690555 0.161573741509996 0.0441832049114813
0.0176058731250774 0.213170602519858 0.0970267321857566 -0.109594966113451
-0.0185239492408057 0.264837118565443 -0.150862027411438 0.141986054431545
-0.242569850759382 0.251576209562441 -0.175482053474181 -0.0877776099455018
-0.283488839411712 -0.0647591198547082 0.0392220385111236 -0.209083980568132
-0.00906689670042497 -0.286666787574286 0.209391358665367 0.0168362529181721
0.298594512258402 0.0374407506460976 -0.0120121031078232 0.169005692911557
0.0495931181984419 0.346771142930701 -0.130782540829254 0.0463967921292997
-0.267544669732859 0.292510678902929 -0.03199021700182 -0.0392613997768041
-0.324545929404736 0.26228325450308 0.0354907454683885 -0.0205898828556324
-0.0927693515323566 0.356497427312814 0.0803563986019842 -0.0556602446585076
0.272075965860513 0.183428451641377 0.0380233645581758 -0.20356349713706
0.170599651468051 -0.226576943231141 -0.167962484981051 -0.138352651717754
-0.253148904413094 -0.192803746575971 -0.134252015700151 0.159292523954156
-0.268942338909293 0.136500818423176 0.120120829380079 0.187388317524244
-0.104616397728188 0.305329480955524 0.210266864221262 -0.00658693474519133
0.0673156083746313 0.23713298213765 0.0956390301391509 -0.213353413203007
-0.0874018094434939 0.221172979647627 -0.131685241368067 0.04032377410066
-0.285710458752336 0.128642685025474 -0.114568270764043 -0.131926973950272
-0.197231660415428 -0.185938317021051 0.0963109984362389 -0.211984125814734
0.124705812670601 -0.257019920015348 0.244496670543744 0.0147817627020869
0.297105172086924 0.132803641966981 0.0633241173696307 0.209171970983222
-0.0108270780664432 0.350949256809209 -0.110440910345092 0.172099595012524
-0.288605228198668 0.255310673362884 -0.128410823260336 0.0676427876931887
-0.314699456147605 0.24730339844728 -0.0847412095075668 0.0808004796370598
-0.0655425807674437 0.341553738834462 0.0708403729325287 0.0857090748091141
0.248110815357607 0.143688078718635 0.171695648267797 -0.163908815073268
0.0954852565364162 -0.174399568228906 -0.0853577268841751 -0.242550008846504
-0.235672431667979 -0.080492484725024 -0.151265049599357 0.0604425232662668
-0.168950875923125 0.180452869459473 0.104324739540728 0.119615801014
-0.0176815724093921 0.271418374093996 0.178512938274166 -0.0787588770130796
0.100308608197689 0.206831367118863 0.0473095615613556 -0.310934845122641
-0.113087235495178 0.138985223759336 -0.0777495320400726 -0.0128033268236129
-0.216803026895065 0.00219885970066246 -0.0637290312960008 -0.0775924324974936
-0.0369954945033741 -0.172434701261405 0.0407662029164348 -0.147294349022201
0.159211815831229 -0.0952800979306197 0.183862569521576 -0.0202179423929323
0.177784058688438 0.178241914662843 0.0802778889493778 0.211808487584841
-0.0502186405187309 0.272723884845066 -0.127960980628249 0.250526494103563
-0.240266076481251 0.188351530942349 -0.227594648449223 0.147583571647684
-0.256072927191139 0.195730812646034 -0.194442536907477 0.16880376588821
-0.0553007465627409 0.268848619913867 0.0711578781722209 0.200099258258701
0.169028349984089 0.123055920515526 0.266782228259548 -0.158978596408882
0.07208269919773 -0.0718277600398256 -0.0722746982140104 -0.342969692135615
-0.121416736391884 -0.0344355100769668 -0.241526677525691 -0.00536915060228626
-0.0727821355992987 0.103758934939395 0.0272351597803355 0.109394683507273
0.0179627926359286 0.165132466617652 0.111228735010875 -0.096264447036972
0.0871801419941083 0.141090285859987 -0.0145059177062289 -0.371838318279345
-0.0904156545088125 0.0598734288347835 -0.0266112694840119 -0.0221100038452628
-0.117453038609208 -0.0423665506299694 -0.0736352818658945 0.00731361608063461
0.0232055693933047 -0.0909199687573651 -0.071512914356607 -0.146942130593855
0.0872308091524577 -0.00963719045211826 0.164713656319823 -0.123533572888006
0.067616418081494 0.119708289087472 0.131131716093056 0.193696005595496
-0.0405615380543114 0.156306648400758 -0.124623539784308 0.292021666577549
-0.147923534338927 0.109499826281481 -0.28908334905746 0.203222130159164
-0.162102040747163 0.112611515396162 -0.272427882785989 0.229057176051678
-0.0514785337013756 0.160333508795169 0.0579202854521858 0.273108043871427
0.0774042068849944 0.0998142218801849 0.304203067941093 -0.131319968897799
0.0559176162808952 0.00647060928022841 -0.0606580120795387 -0.365636736684282
-0.0301372790386548 -0.021027043014891 -0.297158020323232 -0.0244237788077189
-0.0248611618845045 0.0222047472187063 -0.0250208942637956 0.138112393087916
0.00939709175778468 0.0581535121944796 0.068241221817194 -0.0723549270822421
0.031678564238556 0.0669968324479427 -0.0536562164960238 -0.392367689530982
0.0161096810033977 0.0104914100050468 0.0585283519528242 0.378772199835449
0.00893545892761401 0.0218393659261897 -0.0542290231861683 0.038848553178888
-0.0072888655513076 0.00531935974414839 0.0563340420607553 -0.149829268904801
-0.0163808106911444 -0.00260757960353092 0.3014664838817 0.0400259238244616
-0.0229225241928058 -0.0437877557800228 0.0203099901452782 0.342148312375229
0.00270993113164611 -0.0505215291289527 -0.324654628194027 0.087323562119179
0.0458447884539491 -0.0298178444895029 -0.0367614055944519 -0.311032966736938
0.0427568067420894 -0.0159155806189409 0.310975038349818 -0.259708102819982
0.0304620008303101 -0.030508092880208 0.302856442852034 -0.260309289906695
-0.00471886013731906 -0.0414610024786058 0.0880730887875686 -0.358044281097289
-0.0380901353487001 -0.0249358201406355 -0.197415051360043 -0.178956023654187
-0.0152603635344747 0.0316001013325785 -0.167200847142488 0.194970806039046
0.0126026890666348 0.021835448504693 0.1372802692844 0.160245624359222
0.0373220638981376 0.0212496082368685 0.099526043695554 -0.0606999732723315
0.0422867671289324 0.00612737730698961 0.0104926633958594 0.0121900052501142
0.0688949662919709 0.0890738797570364 0.0232243745210551 0.365999185537883
0.00999203714801155 0.102563137720984 -0.0624817997979485 0.0369165030602507
-0.0468130198803421 0.0288576933793022 0.082303970895478 -0.137398322570791
-0.0402744605035665 -0.0440768618514448 0.300969586714879 0.0930852888154142
0.0466915558454646 -0.0552989535740627 -0.0360636411605226 0.340265187094038
0.0627047564822526 0.0366066061382631 -0.323555083754501 0.0271668808827576
-0.00592648707724438 0.102204616610954 0.00230487755318561 -0.305725067412738
-0.0808543302256056 0.0898637711843166 0.298514421286622 -0.249458306059694
-0.0601457358534465 0.0815989680588871 0.263424669844488 -0.285452851874073
-0.00023345925912063 0.0817965074532322 0.0368929140486178 -0.373383179405683
0.0384598801973636 0.0470879770109162 -0.218708638256612 -0.152130679014072
0.0568981021554201 0.0126125946149213 -0.121527153060557 0.199378647848161
0.0187086742857772 -0.0426463052921388 0.134935703746995 0.128665023936075
-0.0493575186152311 0.0239826744531243 0.0936149373881343 -0.0465553734627077
0.00222753777585545 0.078731840332982 0.0213786443720201 -0.00377844795538508
0.089081322544852 0.17297901066741 -0.040782129000167 0.331473862417401
-0.024673422569936 0.193239665558218 -0.101029460448075 0.0405433102978722
-0.111286748110724 0.0502005240737664 0.0779836214379257 -0.111913877554986
-0.0600483723937322 -0.101307991027781 0.262276450139197 0.141846883993945
0.129281288470345 -0.0481572664156155 -0.102510124256729 0.314948404642619
0.100077353074991 0.149862690663726 -0.297366012675834 -0.0230049841921261
-0.0878408277725841 0.213930042792208 0.0300866987047187 -0.256185524946828
-0.195591887297835 0.18303523439231 0.241457145047942 -0.201227579619535
-0.112037480313548 0.206845040182551 0.192375601327906 -0.269631356844474
0.0848048125783448 0.189192546462001 -0.0212148219645743 -0.357200591402927
0.178368823145045 0.014106441591294 -0.220662786201454 -0.142712791264846
0.0641005530382132 -0.121422107544319 -0.113109622286296 0.15241753010217
-0.0808478680381016 -0.0892494494665814 0.0742249582231301 0.127537144800809
-0.13772973684413 0.0932257650484058 0.104793512870558 0.0114729418232911
-0.0083072501383652 0.15334352364287 0.0583705746808632 -0.0405256257535063
0.0594093495407827 0.244047829315719 -0.111001483726982 0.258035349899078
-0.117626650222043 0.270693008844493 -0.161923473125089 0.00222304872139808
-0.213729426200494 0.0423298114305657 0.0324379542269881 -0.130504732126393
-0.0736936321970869 -0.190097140319917 0.194759125956753 0.109014397452551
0.221185750145754 -0.0240224006251972 -0.112074357890398 0.230929968118993
0.099427409559801 0.267677768498328 -0.221013782978193 -0.0309582913330987
-0.185478946362573 0.287016881858582 0.0221329526545301 -0.159201018124638
-0.282743565799927 0.245962768568409 0.147663913364444 -0.121397758698471
-0.113458702602602 0.311974633368201 0.119554289277857 -0.190151380161499
0.212745580657769 0.218847515511646 -0.0416652997741176 -0.295074881976985
0.243114765317737 -0.142093704965982 -0.234252803169894 -0.133401663868739
-0.0972463217845451 -0.246254725758596 -0.159343632843351 0.164007815522718
-0.23892478854726 -0.0100995157426451 0.064424864443107 0.191930849804154
-0.164734491096024 0.226245296727767 0.16704030211363 0.0398458670312143
0.0229231592750299 0.216941520677218 0.0938916463599288 -0.116713320397027
-0.0121539595402737 0.268997257679674 -0.147719864311481 0.148712002131219
-0.238362974617175 0.262983836580353 -0.179730135727899 -0.0845724465704974
-0.287501469347798 -0.0581523189722641 0.0349015775783916 -0.212761803543158
-0.0157742484340375 -0.288672304037915 0.214099600703295 0.0120817740223062
0.303888880428784 0.0302588225803852 -0.00935092761532635 0.17434613615655
0.0574044000847066 0.350807396480081 -0.133741098271478 0.0500440818164512
-0.265448350626374 0.302381148221695 -0.0338307301426923 -0.0405426313988625
-0.32470077132428 0.273887015047814 0.0352862338046176 -0.0214274123642938
-0.0853570678877235 0.365452904025247 0.0805485017821116 -0.0581515671259911
0.280866791540727 0.179011792332119 0.0342216149808181 -0.207879672014118
0.167740753742931 -0.234301925134883 -0.173583162336653 -0.138907825128899
-0.26281259198175 -0.189217958170759 -0.132032301087148 0.164377336372906
-0.269947049783987 0.147824800299439 0.128983292037733 0.186599731524518
-0.0972688756385992 0.312902628565891 0.213740135797351 -0.014066977276185
0.0741850460978936 0.23945761880202 0.090054436928265 -0.222712469553963
-0.082664724298207 0.228054580999163 -0.131713136286305 0.0468083957321451
-0.286778154576396 0.140007831992029 -0.119847685269928 -0.130699215066778
-0.203039398383411 -0.183999505275164 0.0907912447555588 -0.217483425425167
0.120251348173327 -0.262664900079122 0.250079147776644 0.007029283034736
0.304350025528323 0.127404451938973 0.0700059105091135 0.21148631812876
-0.00341225631637768 0.357277252029716 -0.109173780519761 0.176408837743152
-0.28676532868145 0.265053082768889 -0.129165922196745 0.0703056480437714
-0.314461878653887 0.259219995933734 -0.084292574010721 0.0831897416051106
-0.0585311518343862 0.347513174668186 0.0749064416477364 0.0841871336154198
0.255435253064524 0.138195868294672 0.170963614891751 -0.173110545554505
0.0926390049479432 -0.179528789135293 -0.0953789981665885 -0.247003358828244
-0.240249865915095 -0.0736001567073971 -0.153943836374066 0.0647757989190404
-0.165626293106602 0.187088249530837 0.10908625853375 0.118512669321335
-0.00959160633822638 0.275004460380977 0.179384963561335 -0.0854681328460779
0.106943878305949 0.206569925386836 0.0392395613817471 -0.318778061583722
-0.110587320138467 0.144996808642879 -0.0786268005998982 -0.0098681216024895
-0.220987876067288 0.00915012287744198 -0.0674131766968049 -0.0771565100121554
-0.041114707072305 -0.174702120258874 0.0372195628015979 -0.150996038663525
0.159101815526856 -0.0994356034209964 0.186273673466215 -0.0259138316370746
0.184093674248084 0.177273965355062 0.0873090055626101 0.213970455151704
-0.0462792354913673 0.278856921109928 -0.124823438047922 0.257593491629367
-0.240055163690105 0.19638142127545 -0.228043887236156 0.153718948551664
-0.255045277892177 0.20440906946099 -0.194184051670546 0.176914297671813
-0.0497202339908178 0.275385086073251 0.0785767342930127 0.200082876706334
0.173633038896062 0.119884344560692 0.267586795059156 -0.171301540989313
0.0728065952979945 -0.0737154109129716 -0.0857510395672922 -0.348511093452156
-0.123110674644293 -0.0306726119027344 -0.248723192288695 0.00279068619408237
-0.0707324658184427 0.107114547395907 0.0311653475454669 0.111903028927853
0.0231446094647759 0.166002345494335 0.11021463997654 -0.100395147633173
0.0920373594488151 0.140690485912063 -0.0269025694530735 -0.377452468056774
-0.0911157811487743 0.064008480245495 -0.0269047379434396 -0.0212987032761832
-0.120893286813376 -0.0400472970658279 -0.0743248602655569 0.0100105037859873
0.0211687554591092 -0.0933779309074563 -0.0761613173521084 -0.147211083940041
0.089627303646779 -0.0106232065250284 0.164605935913423 -0.128419303703758
0.071357628778275 0.120575620527055 0.137010317885543 0.194188101493704
-0.0386878503222336 0.160214653931901 -0.122005929061025 0.298259359053847
-0.148419641072842 0.114218102049891 -0.289689314178904 0.211173656394097
-0.162213627211925 0.117884154939679 -0.27185341884834 0.239104518921554
-0.0480590819264878 0.163398986164593 0.0662687345371696 0.273570090891613
0.0817503271548205 0.0998719871878988 0.305333140681169 -0.143689510417656
0.0581795409014435 0.0052120652844507 -0.0740315852753972 -0.370968086785354
-0.031472974758329 -0.0198920212253451 -0.304220250074298 -0.0139917059223974
-0.0257257958435371 0.0226816097658799 -0.0211641099886102 0.142247683847052
0.0109374893075272 0.0584104946247035 0.0677275726634084 -0.0737557068030046
0.0332635725270247 0.0668875595942006 -0.0689853100706355 -0.399212377617813
0.0168157648750511 0.010032265568486 0.0776641565601312 0.377827685925589
0.0107568702838678 0.0212167192314016 -0.05525906131234 0.0395564006549505
-0.00710958851415432 0.00630286080597952 0.0490361779592519 -0.154138018213122
-0.0177549814751862 -0.00147619927421143 0.305930808487405 0.0254426159316422
-0.0257900559801396 -0.0439783693317519 0.0365725076200833 0.343452884016746
0.000488705321910996 -0.0512996588463682 -0.321825539287531 0.104023522601616
0.0454452256292599 -0.0329820671795192 -0.0525211165074744 -0.308432452005999
0.0423736584974023 -0.0181171964951162 0.303281316553646 -0.273685447079313
0.02903275555396 -0.0318750056876372 0.295627648671339 -0.27399501723959
-0.00569166633460217 -0.0426109349130665 0.0713545028870009 -0.364211731587567
-0.0403113083007624 -0.0234884508853414 -0.204123567156159 -0.172184493023129
-0.0137001654020256 0.0332889251405131 -0.158333371522658 0.201163739029651
0.0136443180320207 0.021907604384899 0.145065574544525 0.155756645756017
0.0381089859163908 0.0193115529618516 0.0975271866237129 -0.0664526774631052
0.0433246498165404 0.0044372632066066 0.0103696299484862 0.0106129499074065
0.0735455584623903 0.0863287748191821 0.0409523724637343 0.366397463355358
0.0144782214282233 0.101558464509943 -0.0620466242616716 0.0381228747506794
-0.0450962998464322 0.0315961254848394 0.0755899412994142 -0.143787559435949
-0.0423917489564697 -0.0412699714801636 0.308310780349985 0.0776019905093094
0.043119117070291 -0.0581500652401737 -0.0211299479956848 0.343568025503634
0.0641334639341346 0.0341907029393625 -0.324702711950178 0.0429973614155419
-0.000727733476433758 0.10158631703022 -0.0130327841572385 -0.306019512927953
-0.0780199594034988 0.0944661286465569 0.290570148302968 -0.262825774014343
-0.0580617258592021 0.0853182313828238 0.253893266788127 -0.297732947249998
0.00322667312860263 0.0821443642991262 0.0206965149711695 -0.378082811727716
0.0398063718288933 0.0457965176647911 -0.225285969539677 -0.145334505232974
0.0583615518338745 0.0105180510636076 -0.111764494771646 0.2043766542217
0.0161707195677787 -0.0444172381407041 0.141965838067305 0.123727452504436
-0.0492084676992277 0.0259762996921472 0.0921683820337559 -0.0521967104845595
0.00634711628483082 0.0799862434334782 0.0201797752189724 -0.00595493172864963
0.0977009749111925 0.169089774985724 -0.0248709955106755 0.336168419348319
-0.0164375198579779 0.193677502980102 -0.100904722601529 0.0423085119200981
-0.108095592378477 0.0560876956389501 0.0740501589722679 -0.117464611319787
-0.0648813563544035 -0.0973800590109015 0.275390731328271 0.129551875446269
0.126219570218374 -0.0543631737511548 -0.0870626743350265 0.322915435403627
0.10635457103205 0.146020221313771 -0.300161685696401 -0.0088924397955139
-0.0776258206062287 0.21835045833551 0.017215729451553 -0.257735011781354
-0.188793754028058 0.191892595569114 0.234872514238171 -0.212316666308273
-0.104191230309557 0.214004908493126 0.181438975052435 -0.278274551143273
0.0936240081269828 0.187078936109423 -0.0367638696729212 -0.359345560278042
0.179845999918655 0.00725724058234983 -0.228506661835441 -0.133800786890754
0.0605224844408885 -0.123953747324926 -0.10689356974585 0.158508135986765
-0.0862675114215046 -0.0864314263230858 0.0811653462743439 0.125850418264947
-0.134810212862852 0.101721045024492 0.106917223624223 0.00482597466157858
-0.00112594370914117 0.155701711947636 0.0561095135205199 -0.0452468516468758
0.0712518947351125 0.241951392068726 -0.0988779960926381 0.265325305179816
-0.105764085545314 0.278626790194715 -0.163047499744049 0.00948638397575523
-0.210842190617108 0.0530730332237457 0.0281922773889849 -0.132401483912936
-0.0826781030561265 -0.185022624689089 0.204067129846472 0.101035090745221
0.220912505897778 -0.0340975618494369 -0.102133502431744 0.238924941553908
0.11135741944263 0.264809542282519 -0.224302898954987 -0.0208114657216749
-0.173818659811321 0.295268852330381 0.0145809290198142 -0.161250366126863
-0.272942145433828 0.259758317485941 0.143583163020084 -0.127533930199087
-0.10081559732623 0.320055451910397 0.112419808520183 -0.195926103598421
0.222881949502393 0.211617055403824 -0.0556505692918654 -0.294344282623713
0.238391428633103 -0.154177811037964 -0.241984003041392 -0.12360043493041
-0.109557401696079 -0.243015022828662 -0.151215925718097 0.171864651047716
-0.241200017509691 0.00112838957534927 0.0741428547347395 0.190891272727456
-0.156793775142922 0.237030419279717 0.17046519556379 0.0313981710213651
0.0328686023505854 0.218623100706594 0.0885722191591138 -0.124530606706654
0.000854202001133075 0.270850106307868 -0.140305067609475 0.159051547414713
-0.227343901237441 0.276227053222381 -0.186176998538582 -0.0762926219186521
-0.290013849823634 -0.044707555522325 0.0264758137132223 -0.215103601123609
-0.0292693700732914 -0.28744550235124 0.216513885554335 0.0032134897183817
0.30722444318242 0.0185377949710915 -0.00252140503617132 0.176912779536568
0.072798855111034 0.350890203316992 -0.133644321456219 0.0558206433038026
-0.252649099750161 0.315574785301627 -0.0360863693022743 -0.0399076161665635
-0.314316400726728 0.289825015727936 0.0347281839191312 -0.023296909251328
-0.0700221746412167 0.371683851097709 0.0790537507528901 -0.0610941447558278
0.290694579452891 0.167925593034787 0.0260612292490452 -0.213811216497134
0.159519305655931 -0.243755825097603 -0.180133118860316 -0.134044943895398
-0.272283768294704 -0.175842971869475 -0.124690574358865 0.170294733720449
-0.264637214332093 0.160875234616649 0.138704916281969 0.181262512225094
-0.0837125032841823 0.318926405220004 0.215429498278119 -0.025826573537845
0.0855241333401244 0.236948216155886 0.0785254730975416 -0.230842146041719
-0.0734356392438221 0.233280070723871 -0.12919651302545 0.0541628772689491
-0.282220134538336 0.154327062138923 -0.128067654360264 -0.126524993943318
-0.213009469159778 -0.175076817539041 0.0806068130786837 -0.222491416177089
0.110032348404713 -0.267592438931782 0.252066180488539 -0.00463318959411032
0.311591373990385 0.116050362964179 0.0790996402568137 0.209512279744457
0.0102192367862718 0.359689124052943 -0.10311485309616 0.181702920008193
-0.278957465430588 0.278183511721607 -0.127688324363793 0.0748628239001957
-0.305862714062306 0.272417360781323 -0.0810792856665176 0.0876315406930946
-0.0441895082848778 0.352652139616873 0.0808022395120196 0.0809473588376131
0.263464715416853 0.126958813801539 0.164691308804174 -0.185241124240072
0.0852723588186035 -0.184060238688429 -0.107916208988441 -0.246910572697018
-0.243887432317771 -0.0608615203233608 -0.153360005101761 0.0718969184881333
-0.157262335774994 0.19651875846116 0.115853290004802 0.11484394147066
0.00351773624947223 0.276478615766246 0.176232666706635 -0.0942257110049201
0.116686695967349 0.202773055358993 0.0228741422278126 -0.324483453556686
-0.106239347900544 0.1527185838932 -0.0782723085950536 -0.00548400933855568
-0.222900130762558 0.020994628895568 -0.0712591423017253 -0.0740423791347112
-0.0486932514174505 -0.174501411745323 0.0313044320413279 -0.154511915955915
0.156945787029414 -0.105343669689151 0.186807291120651 -0.0346089201718258
0.192185228561592 0.171584591933197 0.0973407891620825 0.212704566225633
-0.035974609747045 0.283107001666368 -0.115724810313878 0.263923524764919
-0.234743741711352 0.207607059015231 -0.223955787397285 0.162497418482087
-0.248715188947137 0.216431262620884 -0.187151257596995 0.185547657445969
-0.0380575124499617 0.277364664070404 0.0878844248932772 0.195864715088152
0.180341765333481 0.11309583649638 0.260355687708933 -0.186818095099434
0.0705064003562352 -0.07705774184617 -0.1041150459065 -0.348965988371825
-0.124670567350638 -0.0243272916513365 -0.251459686831894 0.0160523770717904
-0.0662937913591208 0.110680366626527 0.0372399899870475 0.111844636822623
0.031461317240097 0.164756355063913 0.106354834890677 -0.104571025656535
0.0984344984856931 0.135812920587649 -0.0456951635460402 -0.37964097307462
-0.0885938137647913 0.069485450422985 -0.0268505656439482 -0.018813926577178
-0.125325061332399 -0.0337854241669868 -0.0739544434128501 0.0137114757384396
0.0181636290057472 -0.0955160846200209 -0.0833994570096098 -0.144549470471859
0.0908127945470283 -0.0130435062179681 0.160081076436803 -0.135656946391901
0.0762940268019142 0.119575586299239 0.146045815503767 0.190338456372628
-0.0331987078223783 0.163162919562987 -0.110728180877431 0.306313514226354
-0.145365391951727 0.120138975942522 -0.28410964937827 0.223223112689634
-0.158874562810685 0.125820852742265 -0.264429615865767 0.251168011768991
-0.0412602393975418 0.166564465439012 0.0784597506593496 0.269815634564462
0.0859837667360757 0.0975736889094564 0.299535929478364 -0.160444178176544
0.0602861025400428 0.00235172320683255 -0.0932019207576947 -0.372167586682875
-0.0326570309666566 -0.0181983353420639 -0.308077269322199 0.00168713978170344
-0.0250321834871079 0.024720306667004 -0.0135418432098537 0.144988567234442
0.0129318554031252 0.0575680331281363 0.0644966023843471 -0.0757218717435139
0.0358520950192862 0.0646809282111469 -0.0877206881629654 -0.398524636875904
0.0173300928851448 0.00174793276901153 0.250212894768773 0.287944125671813
0.0188842215076383 0.0123566695840333 -0.0309113877154702 0.0596873789767338
-0.00178629668465179 0.00880759406020164 -0.0343672569720712 -0.156097784514156
-0.0149287347915139 0.00911151769243314 0.274699853906578 -0.127078389558994
-0.0444034473755073 -0.0230026607050844 0.195249189169628 0.276902941136087
-0.0248328497374075 -0.0430273887314557 -0.224719404661339 0.243548661325909
0.0224983456235217 -0.0502806543752736 -0.1895478513777 -0.241091611762161
0.0292626422306977 -0.0362608555286259 0.134456129635006 -0.378929809793771
0.0113718887910351 -0.0418252000690983 0.12978847623289 -0.375003582603167
-0.024242080468982 -0.0350013790901112 -0.107984876744508 -0.34546854143191
-0.0467613026464275 -0.00163662705409341 -0.255800093768065 -0.0553837967755427
0.00356921299614412 0.0359230365520806 -0.0438815935390013 0.245729977090686
0.0235489948560681 0.0130658841711423 0.197909646551201 0.0685494790154457
0.042509134539002 -0.00288517742218773 0.0526050902147779 -0.104898137822389
0.0392973985131644 -0.017786684136573 0.0129626307908831 0.00511078227073516
0.101644545803655 0.0388797269554179 0.213605717278722 0.2963934892457
0.0601132606577404 0.0799628814539688 -0.0378514034991152 0.061165096049622
-0.0224699254765995 0.0485798925452546 -0.00527085766641558 -0.16113387396633
-0.0546449253971079 -0.0126744226858725 0.30156819560876 -0.0828867862672634
0.00832952659980039 -0.0684753089029408 0.145871670717975 0.304139349189523
0.0706351343637491 -0.00123081082324689 -0.255496910610479 0.19149429960999
0.0467443286763197 0.0860536061423023 -0.154402527214785 -0.258001767840685
-0.0220235944575888 0.117395965641562 0.12974622935049 -0.362619781420582
-0.0103178746387635 0.101313764038612 0.083589202628683 -0.374402657254146
0.0418934177103236 0.0696369623474908 -0.159293573680702 -0.335847230442101
0.0556475039837175 0.0206407596428551 -0.263340094075019 -0.0219853510745285
0.0553601770922006 -0.0169874570409403 -0.00295023716782278 0.227395104666047
-0.00467101985171181 -0.0457883026773142 0.180704143093079 0.0417893184963487
-0.03072167702347 0.0463025546348348 0.055997327879968 -0.0900944212480118
0.044598103414416 0.0655312283771076 0.0137057662663599 -0.0150233455114503
0.161680398231349 0.0981697599798216 0.141631008341107 0.301861349608644
0.0773649147739724 0.173318638069413 -0.0667555965435331 0.0834994164276541
-0.064955576432423 0.0989558730755643 0.00697017394118977 -0.138562548975905
-0.100683390931262 -0.0502364317967693 0.29830164549788 -0.0216851411720459
0.0818801537077725 -0.104672374016573 0.079198752727402 0.318518361956612
0.159314254156209 0.0740200712456702 -0.261247939736706 0.137038819309255
0.0345455118791551 0.223316235006032 -0.105999037881723 -0.230585103324733
-0.0721701604637107 0.255001169000806 0.10500566303233 -0.293783906753894
0.00950318655156123 0.233677417863633 0.0300890255970107 -0.32513976242941
0.169903442592102 0.1189742081288 -0.201206620297828 -0.295370635670946
0.160098880202226 -0.078224022219696 -0.263649320494462 -0.0103029653612002
-0.00673516423382354 -0.13575221716842 -0.0193375443196719 0.188289560849557
-0.114097566549065 -0.0338116944300749 0.130351419423492 0.0724842119424973
-0.067833750174801 0.152115198000382 0.0975497792600267 -0.046635423821317
0.0740936448820969 0.135520387525426 0.0263904781662615 -0.0676280899657099
0.174227823472585 0.172480923807721 0.0451793039286839 0.278348007681572
0.0423024306497779 0.288004765547903 -0.135561672034811 0.0854085705255049
-0.154867932359579 0.145237055776001 -0.0375816942893041 -0.128764310053352
-0.156169575178898 -0.117069662205421 0.224995189437176 -0.0109327909517758
0.172244015945778 -0.132507188703763 0.0270543915454036 0.255265921411916
0.220057061746375 0.172134364506988 -0.204036999172468 0.0898839219260507
-0.0111515047309391 0.335182648705266 -0.062832281877543 -0.147441279607302
-0.113758768389767 0.35558510317288 0.0668089805811879 -0.178723966407614
0.0635716292670077 0.325676786832805 0.00827571450128027 -0.222613465869231
0.294145590564684 0.0786468761770826 -0.187201629210796 -0.231766254080477
0.134017142768297 -0.246228544250094 -0.269885691049913 0.00631519807894097
-0.210225047419962 -0.158702946275686 -0.0481877174096304 0.221175211219913
-0.208667224321814 0.116394475301355 0.157474502728694 0.129807520948503
-0.0214770716478435 0.278151572206045 0.165730988575943 -0.0557097590943069
0.133121893814591 0.172475741076744 0.0154038156314514 -0.152747657147668
0.129019381428718 0.231138458476722 -0.0431881422973691 0.205340812850237
-0.0638069884715328 0.344327435334562 -0.196378460372927 0.0246642326558432
-0.26937686017452 0.0978405303194456 -0.0803758834736129 -0.19726914447094
-0.157885998075784 -0.231733122867419 0.186751255349515 -0.0981850498155304
0.271695356641409 -0.128777873358075 0.0806586399174622 0.153496412335981
0.228788322216489 0.265909274519967 -0.0892949084141668 0.111803189726485
-0.0715718554901838 0.390552917466185 -0.0497952516737829 -0.0190959350227744
-0.13626080225919 0.398808559005575 0.0211330023135228 -0.0373413755354447
0.114272255363441 0.355433660653238 0.0415836571750598 -0.0926687334090852
0.331344276795705 0.00839481782286238 -0.0802452768328732 -0.200136044438874
0.0227564555575379 -0.286922725967569 -0.220447086008712 -0.0321435838860137
-0.319287527519301 -0.0233903416253016 -0.0266189187727235 0.206180919436767
-0.150271579025735 0.265752063656964 0.2078302390895 0.0905712558746256
0.081193843228289 0.314393032631414 0.178262691084283 -0.126039781935286
0.185983509617754 0.162617340834171 -0.0439895569806316 -0.240925127013486
0.0484907873397935 0.235664952718127 -0.0846828686475102 0.111037165760257
-0.168615899104765 0.267840828131735 -0.17060429727287 -0.0464920500636483
-0.265030668189305 -0.0515407794264461 -0.0376089808249776 -0.2299901359614
-0.028771200275916 -0.280248297884053 0.211006190296007 -0.125124817148624
0.322861405154116 -0.0449240757521786 0.167356898389199 0.140865084766926
0.178279640260335 0.304723897724171 -0.0032354490302556 0.204701679103739
-0.110707453637131 0.372483518920761 -0.0754932272563453 0.123762566697054
-0.135536640945353 0.380942611202636 -0.0276250464570412 0.112395655513831
0.127586624596436 0.326147163408428 0.110352629077029 0.0302193192734553
0.288102647069496 -0.0143669221922469 0.0530026515395541 -0.24110122579692
-0.0118594691078107 -0.200392894913045 -0.212461363272542 -0.165565473107137
-0.240644240430035 0.0633346946940416 -0.0991077695817911 0.134998488526353
-0.0410647074554372 0.244776951944245 0.155652934427727 0.0438296301881556
0.135981060626191 0.235244563126629 0.110912125659901 -0.166637093193186
0.196146830154171 0.116748895899691 -0.13649228465905 -0.294506355187961
-0.0180785843780321 0.181552286656662 -0.0695170247357158 0.0333717286745571
-0.182252633590052 0.125002196158094 -0.097649845341276 -0.0292958751641993
-0.124019706265117 -0.129573281689845 -0.0474958231971494 -0.147480211057722
0.0892959408055691 -0.163988719460799 0.142199734280827 -0.120115761461434
0.245580383416302 0.0583031910989 0.184796010489518 0.134630079143954
0.103643564731743 0.261377855350418 0.0246779391975389 0.281710453352851
-0.107419495457053 0.290586034149335 -0.118882209126769 0.24460557833548
-0.114062580591801 0.305898305609772 -0.073703561539316 0.246873443735941
0.0983825860995059 0.258614311092958 0.170259451921124 0.124933053812844
0.209163580855907 0.0130936526071473 0.134328604500448 -0.287366855909087
0.0253936557084216 -0.100711429962763 -0.257522601665269 -0.252926809145526
-0.120065509962327 0.0385732578856728 -0.21012793216583 0.134417504607874
-0.0040284285294032 0.127513679216846 0.0864114281422622 0.0795183334554374
0.104327231663635 0.125893540924335 0.0450139414295401 -0.141920958036845
0.147062388332415 0.068598484804163 -0.220912304839167 -0.309502239822532
-0.0424154259943573 0.102537618683694 -0.0321137182041135 -0.00380558231814585
-0.124118507008204 0.0313164602934442 -0.0563274080987154 0.0479208478790653
-0.0294454592661911 -0.0928480042566692 -0.1405925034834 -0.0847381056513396
0.0743072326499127 -0.0538781481284593 0.0724436223708901 -0.191675295084362
0.121827933575408 0.0687649522919445 0.216607883433522 0.0945530799201301
0.0489702136983413 0.15783537454332 0.0485338172656254 0.316974956616757
-0.0706303875320682 0.17286817884133 -0.143889594324186 0.324613420689838
-0.0801703713991025 0.184145014894841 -0.110506673526749 0.339751849436159
0.0418959468810971 0.164125014789456 0.194702358038096 0.193973130332805
0.121994069917648 0.044300183978617 0.179794967583744 -0.282929609801371
0.0550739334078213 -0.0280211912686286 -0.256440520703302 -0.277736649126874
-0.0389821245307063 -0.000878175510538204 -0.265484869301273 0.146724243211128
-0.0100568986148956 0.0345207036822057 0.0572785711950347 0.132520651588316
0.0384188115296971 0.041946061829917 0.0224912265247543 -0.0953864320838595
0.0593603736220858 0.0378598846171455 -0.265250800817101 -0.304457689540606
0.016834459020975 0.0012304594971678 0.251006999627165 0.274005294947189
0.0184611666524264 0.0113231605857699 -0.0309272859307152 0.0588645597168177
-0.000883837665704272 0.00820191889523898 -0.037680070333085 -0.151422805432411
-0.0138965571040977 0.0103716097696093 0.264487519009114 -0.132811200552866
-0.044342810302141 -0.0213644478345722 0.197045233607507 0.264271910457927
-0.0253956237178403 -0.0419287300999974 -0.211086073026154 0.243479281413406
0.0214552276672423 -0.0507311860650011 -0.189365617357799 -0.229549028330217
0.0284184175984666 -0.0350455627806363 0.124486433774405 -0.373617003405989
0.00916069989555237 -0.0402690349874799 0.120845280974937 -0.367685918034617
-0.0244151919401811 -0.0343785615316141 -0.111230829922032 -0.333433728829862
-0.0465101541808615 -0.000522150581575698 -0.248158854299588 -0.0515444846658938
0.00421785062917424 0.0351115392111455 -0.0370873602465118 0.239136812193835
0.02394422533354 0.0120623417764269 0.195442067422224 0.0621278742568902
0.0408680446184495 -0.00345453836624516 0.0472808380092041 -0.103769721686699
0.0382134200271579 -0.0192808258086784 0.0120771373397188 0.00417441556011799
0.0995734952745447 0.0352195939859871 0.216518793378064 0.282373007579523
0.0600316217568522 0.0750238425912437 -0.0378562846008229 0.0596122465814233
-0.020038077761574 0.0475690253738325 -0.00996731058716037 -0.157690996444698
-0.0529216025200646 -0.0102739126631839 0.291897243029597 -0.0901346514315428
0.00560038134641693 -0.0665845551027607 0.150930216976402 0.292436491922644
0.0679268164228866 -0.00263660991612632 -0.243460127380335 0.195435259893054
0.0472030459948312 0.0818869405743186 -0.155106171642438 -0.246704955227129
-0.0186878182432649 0.115082483063676 0.120298238174035 -0.357670801154042
-0.00855779515838532 0.098464732823013 0.0752115466518629 -0.365836414360592
0.0418475657532301 0.0665414192963792 -0.163559529694702 -0.324879365407265
0.0544056197911976 0.0197880760440884 -0.255272891234094 -0.0173886682490709
0.0547718111452381 -0.0179092628062027 0.00185857863929149 0.219969824164717
-0.00571570074561198 -0.0447323623547133 0.177644625199924 0.0370868176297549
-0.0286182639288804 0.0458544952104316 0.0526889236967454 -0.0896924845999009
0.0455777032525028 0.0621798673438564 0.0123326377630708 -0.0147722146247568
0.159680673532169 0.0907586393002318 0.148705679674627 0.291055248827522
0.0798906665857911 0.16626023103673 -0.0652475102313589 0.082550656834669
-0.0595750109410692 0.0973147238917574 0.00445966777739217 -0.136342003247248
-0.0977825396475274 -0.0447370394280102 0.291659551727667 -0.030976968089751
0.0757747700725061 -0.103634570488547 0.0872432263187085 0.307728619648516
0.156400576193817 0.0675921853055762 -0.250945649856297 0.141910163237535
0.0392047928223326 0.215715323926416 -0.108226504287261 -0.22048954652819
-0.0654255514416464 0.250785822761095 0.0974472751964386 -0.288604736474848
0.0146588816702084 0.2269549324406 0.0230236037713694 -0.316874669184122
0.16703647952355 0.112033608606347 -0.202704050081854 -0.284373912380633
0.153485602192061 -0.0791713296994773 -0.256764556383663 -0.00385057152956109
-0.00858189238027109 -0.131993582394274 -0.0148393646302432 0.183001905718577
-0.112395460099004 -0.0296660959094991 0.13010354640545 0.0680257137884645
-0.0621145929285067 0.151059688541615 0.0944506509335006 -0.0491453848353135
0.0756375082970978 0.130185780822467 0.022985509705167 -0.0678544474009501
0.173772293618853 0.163306626541174 0.0532072233865914 0.270178153466496
0.0488801337766827 0.280369734370784 -0.130248255586935 0.0859360973231753
-0.145807730327432 0.143764862212254 -0.0388659101648454 -0.12631244262335
-0.153697178202618 -0.108562444685693 0.220875912069504 -0.0163422789838748
0.163151602029866 -0.13331214896284 0.0333012479478576 0.250060073602546
0.217103981530852 0.162014699695466 -0.196322120870142 0.0949399649363102
-0.00458186954864454 0.325525835672195 -0.0650492257822387 -0.142471726483206
-0.10199606492907 0.347651955088093 0.0620987183645747 -0.175253574280985
0.0671424284302105 0.315956123320016 0.00356382009076264 -0.21629138396251
0.288276778831969 0.0699417057717387 -0.187778677090827 -0.221713308803267
0.125200053021377 -0.243369422350956 -0.261884642183343 0.0116776118268677
-0.208167398472201 -0.148599512146461 -0.0417339351324122 0.216539407179232
-0.200004377660238 0.118638030927348 0.158837560800857 0.121349187616989
-0.0124571152958361 0.271607664819437 0.160538896505408 -0.0595798294582736
0.133952659182564 0.165837748342711 0.00987846012063073 -0.150178591738513
0.130830516961726 0.221317850428182 -0.0353781482879381 0.201776244544129
-0.0522448750058258 0.337229964387448 -0.190255536921564 0.0295594880229835
-0.258939523580921 0.101480245885387 -0.0814311068702517 -0.191286226283839
-0.159181592361975 -0.220185143107259 0.180147379306339 -0.100086964532398
0.261472280370135 -0.131051869146186 0.0818734698787248 0.149193729406706
0.227777124208271 0.253810736976932 -0.0855290570310024 0.111743867040223
-0.0614607227481804 0.382799553316251 -0.0504822985285065 -0.0181074835374438
-0.124672535226951 0.392965525974873 0.0202017888538646 -0.0370982782420476
0.117025071291263 0.344476941084096 0.0394600748027317 -0.089908459544982
0.323269203652413 0.00105809219498429 -0.0812544533921883 -0.194079146317862
0.015544863481109 -0.279604856466517 -0.216586917184965 -0.0285357378529458
-0.310734351599662 -0.0138415003068678 -0.0220482479020447 0.200619049964584
-0.139416218039071 0.262511297897834 0.205420738101313 0.0813989984911363
0.0882582399197231 0.304374626626801 0.170697129568483 -0.128776097756966
0.184944753923488 0.154108001341368 -0.0499547409098933 -0.235065452715341
0.0530339995218913 0.22763582430934 -0.0786542854877163 0.110531680489137
-0.156789740280957 0.265944448393353 -0.167198118168873 -0.0402621059078562
-0.258510475299615 -0.0446880017518618 -0.0427219916150334 -0.223695442475073
-0.032101434921351 -0.272084095250801 0.202784908784481 -0.125989095269861
0.313116957140266 -0.0511948159358365 0.166060828524272 0.13310035854535
0.18061890347409 0.294068606848422 0.000623696195837167 0.19987976128134
-0.100906735307781 0.365774660247261 -0.0721719767739778 0.121017927031418
-0.124400722390673 0.376054117601665 -0.0241825616368744 0.109394138474309
0.130863829201325 0.314280962038935 0.108638404573352 0.0266787423904314
0.279393919852381 -0.0204005531534848 0.0452857075843371 -0.237661559787342
-0.0157767827425797 -0.194440757807741 -0.214089187825927 -0.158330680099166
-0.230724604004083 0.068181483622255 -0.0944400083872245 0.134919671407166
-0.0331900795482224 0.238308850989423 0.152583944032928 0.0394727602346555
0.138483581665541 0.225392692223077 0.103762728480556 -0.166271515466904
0.193573545720398 0.108975580557922 -0.141825032176798 -0.284719852764317
-0.0130613604791942 0.178911237894727 -0.0660137101478369 0.0345721333701433
-0.174257160476418 0.127281139312061 -0.0952902490538315 -0.0253458526297994
-0.123673335735679 -0.124152665195423 -0.0506408738161461 -0.143123082377233
0.0848421161343632 -0.161977477579184 0.136603018736155 -0.119735798873387
0.240625343629292 0.0531738016297438 0.183862682667731 0.127811499668715
0.10540623155302 0.253118404628406 0.0292537111835 0.274195471759353
-0.10024488416161 0.286627018623177 -0.112350969804321 0.239393715949335
-0.106042393734354 0.30057234298223 -0.0679822681708729 0.241649845221763
0.100609669746279 0.248373805298676 0.168734453358959 0.117252140213562
0.203578262360404 0.00822413689363297 0.120749389347677 -0.284751523586124
0.0239468740018483 -0.0988992619709306 -0.259778577693572 -0.240532592318202
-0.115263325609367 0.0399676795742152 -0.202669945115532 0.136891214481179
-0.000930590984108034 0.124065046844771 0.0866067672452531 0.0765836826726685
0.104217575500123 0.118947613536427 0.0407213398568164 -0.139290231331431
0.144591639650205 0.062286618223537 -0.225174982101362 -0.296554155698796
-0.0388377135875786 0.101392513240332 -0.0300449781754192 -0.00333669425773564
-0.121212645025781 0.0346974594808424 -0.0524711717641215 0.0479363297212133
-0.0308282639190234 -0.0913871059436856 -0.139113754313596 -0.0790011992766317
0.0724352929419891 -0.0541043189153921 0.0670411722808327 -0.187268917527366
0.120338279403358 0.0654285073134868 0.212768299236914 0.0885840816615765
0.0503440784002742 0.152624897138557 0.0527052529432186 0.308371583088731
-0.0658466977817982 0.170849820780542 -0.134557426930315 0.319025006532957
-0.0747873942102286 0.182050084077755 -0.101306604458557 0.333425925472617
0.0445373799406887 0.158597498303304 0.193591618823915 0.183712302738452
0.11979492238416 0.0399598304117657 0.167194566954939 -0.280486719089394
0.0530118117428101 -0.0289909244525686 -0.25902637959559 -0.263594222945354
-0.0379750947593552 0.000445995951508031 -0.255066438027723 0.151671304923647
-0.00938943865805532 0.0345603835160813 0.0598762927827713 0.127959771987937
0.0374203296034905 0.0394381458678783 0.0210346210486743 -0.0924030541568127
0.0575161049670863 0.0349024948779455 -0.267889825206176 -0.290466535278146
0.0168520128560345 0.00127204907969513 0.249484770532532 0.265848828633111
0.0187950622751703 0.0108719692759221 -0.0330288881905872 0.0582676534789927
-0.000404567947899586 0.00807838220930804 -0.0394140339315612 -0.1493511762635
-0.0134807797149039 0.0115051584926689 0.257937987337134 -0.13399303548919
-0.0444808787442744 -0.0206992387440988 0.195694410009239 0.260163897209671
-0.0250180145376808 -0.0413967061260044 -0.204923489327386 0.239998319895144
0.0198505136138017 -0.0507476066389384 -0.186682602722511 -0.22367258129789
0.0275385846188219 -0.0346138619287535 0.121428897693609 -0.367494029398095
0.00875094877238604 -0.0390206822335138 0.120345772761138 -0.359550889362997
-0.0246469035375369 -0.0344612391299214 -0.108921455817861 -0.327019270559305
-0.04531967548752 7.81399658963174E-05 -0.242335585408266 -0.0524979550759071
0.00581366996830801 0.0338371051158202 -0.0367505645218124 0.233299781869671
0.0233144183067353 0.0121478173890647 0.192015292252983 0.0618690977335964
0.0403450590308093 -0.0035584644094113 0.0451040942856481 -0.104233307337885
0.0378450233559918 -0.0193702094039616 0.0119486522870521 0.00451523354648241
0.0981219870557071 0.0342464761015686 0.215796404836141 0.275888581064867
0.0582620989750035 0.0727638529731293 -0.0390022613508443 0.0580147475987269
-0.019099206844567 0.0453192785751971 -0.0112201667166495 -0.155580613229507
-0.0518199489366093 -0.00897311955833137 0.286549407575092 -0.0915880505204929
0.00493505713987572 -0.0652647540276813 0.149812307807989 0.285699948686103
0.0661512718530484 -0.00345692577118799 -0.237197256906163 0.193582447382011
0.0465741281496067 0.0791107707994058 -0.154313616132011 -0.239326477000457
-0.0180824656021606 0.113089784441004 0.118371113447988 -0.350710800019276
-0.00906722843158453 0.0967366916927798 0.0762985147057943 -0.358658235974517
0.0407151449192556 0.0652978080880132 -0.16145150212668 -0.316594313463492
0.0531374115657185 0.019418013049803 -0.251223124744034 -0.0175664788257377
0.0542913592931274 -0.0185044922088995 0.000463350283769095 0.214957589081269
-0.00580726525054535 -0.0438622109522541 0.173966279770788 0.0364648045624754
-0.028248097950587 0.0464241887769254 0.0499450234753411 -0.0896696872287507
0.045294884104218 0.060642426718529 0.0112411452038769 -0.0145150433797516
0.157449296937738 0.0881285191651894 0.148717625617808 0.285161762868047
0.0796184542880811 0.162098890065254 -0.0645446315482021 0.0804478385346051
-0.0571881150660337 0.0946693883419497 0.00336328488654788 -0.135793974123981
-0.0947752163515588 -0.0419216214185015 0.286828938302884 -0.0340363800437006
0.073776831536243 -0.101274078275446 0.0890682093263256 0.303501423278065
0.152457880366965 0.0654328434839332 -0.245220375478514 0.141666692327831
0.0382374617291177 0.210720519681131 -0.10854366424467 -0.216313122782507
-0.0627188973245544 0.246136501700499 0.0959860141657916 -0.284422262866905
0.0123329948185749 0.222949486109706 0.0243450544366144 -0.309794728974254
0.164481446627311 0.109373500291908 -0.200875010904397 -0.278881611012233
0.152035256349725 -0.0780481869317636 -0.253286871418406 -0.00432074287820295
-0.00769444206788444 -0.130091543699475 -0.0143284045625719 0.179297419541226
-0.110601253436182 -0.0290141421778221 0.128863882169734 0.0669268335953414
-0.0605251411856721 0.14935925737612 0.0919764373255987 -0.0499657211050834
0.0770914915211004 0.127977369235475 0.0208272952652659 -0.0664738693408121
0.170514145991731 0.1589928991395 0.0549902583920945 0.264018203904125
0.0509387571067099 0.274959992904036 -0.12806926153038 0.0855667958123123
-0.140526711254275 0.140955581595436 -0.0385308328261853 -0.124571415343859
-0.149523007342979 -0.103989643219371 0.219772225666475 -0.0179918704759631
0.159691774873662 -0.130756502872279 0.0356518283322643 0.246993580663139
0.213677986357103 0.158128665176972 -0.193877107224263 0.0956866039103851
-0.00316269145944051 0.3199739393164 -0.0656922155804957 -0.138414717269263
-0.100774094468958 0.342785015624712 0.0612516952324338 -0.172501155768732
0.0661900404699008 0.30986721050193 0.00430872054189173 -0.210638660152617
0.283882737885011 0.0677324466089455 -0.185398930392456 -0.217941980877649
0.123133879502647 -0.238565283240257 -0.258177475695187 0.0125334751931267
-0.204413346243975 -0.146008801987575 -0.0399395576165518 0.213426129679519
-0.196173062527836 0.118024951301555 0.157033366973273 0.119218461864202
-0.0112186322956191 0.267973553726932 0.157625987453807 -0.0609151114860662
0.1329020132929 0.162897819128916 0.00741005126218103 -0.148338823823155
0.128989553209908 0.215661685540523 -0.0314907061283051 0.200008174337165
-0.0472402695387722 0.332215101389671 -0.18588339100952 0.0305669577508859
-0.252341685474844 0.100358698670792 -0.0805672493861074 -0.187634127250143
-0.15556175650955 -0.214884173952254 0.177225695446981 -0.0984518614370235
0.255551320271839 -0.129304759312301 0.0812743994781677 0.148187241003467
0.224010633684707 0.24937739327403 -0.0848541587651979 0.111905423105755
-0.0609476449018889 0.375721219417688 -0.0503189811810553 -0.0180211247407334
-0.121224931114757 0.387867460328865 0.0201057744386526 -0.0367171326448807
0.11523916432157 0.337158647362207 0.0400683597585481 -0.0880442491628917
0.316117399421522 -0.00134614127840627 -0.0812428818810712 -0.19220445734521
0.0138846767432745 -0.27464421623286 -0.213103906242345 -0.0297130468851173
-0.304202317564431 -0.0109586874812431 -0.0213858937863173 0.196472298301879
-0.135195947810961 0.258981502944115 0.20146036606911 0.0783600887235339
0.0896669489210387 0.299415826656318 0.165906088036313 -0.128499070760475
0.183441707046278 0.150486733804987 -0.0531972774535436 -0.231097004456622
0.0530310339781842 0.223658906119893 -0.0743963967453033 0.109746000903094
-0.151945354205718 0.262659297141739 -0.164932897535746 -0.0378572672028893
-0.25405570454675 -0.0441035384352296 -0.0434113338410218 -0.220483806329659
-0.030732681240982 -0.267079164168396 0.197323967800358 -0.125497028633833
0.307067196884401 -0.050291945384863 0.163936533345292 0.130745952163042
0.177844620478154 0.290137686069828 -0.000378032504375949 0.196781018119626
-0.10002210663304 0.358948906373881 -0.0717495810703986 0.118618181763563
-0.123608611883545 0.368822183950015 -0.0236816075587742 0.107023826814195
0.128955711776774 0.307526731962282 0.107646739380931 0.0259975108504056
0.273155536644071 -0.0216334052285976 0.0417057992799699 -0.236012401154744
-0.0162155391249247 -0.18951136401559 -0.213248488082012 -0.155720679179642
-0.224374683274389 0.0681995626764884 -0.0946542112340303 0.132797511954196
-0.0313017193604765 0.234643559081014 0.150346724417099 0.0382514890890001
0.137351928361744 0.219893730845332 0.101717773426763 -0.164395237058163
0.190077034494478 0.104810677367158 -0.143061368589236 -0.280227077415657
-0.0117120964926819 0.175886050577508 -0.0640363047416098 0.0348181056542229
-0.170490477307711 0.126895343432362 -0.0945672699951209 -0.0243488557072815
-0.122073582956136 -0.1235070796354 -0.0502545304146783 -0.141476661172052
0.0839118820893698 -0.159502168395591 0.133930616226019 -0.118433474688927
0.23600756642711 0.05304033815758 0.181629306695058 0.124968382427426
0.103118689999448 0.24973108136204 0.0281731394484753 0.270537137758246
-0.0984310094127744 0.281573266302719 -0.111096447055538 0.235832061830175
-0.103265839107902 0.295560293759738 -0.0653152343543117 0.237112994285735
0.099412492047591 0.242342881868611 0.166347691316526 0.114437945589344
0.199176068240495 0.00693419641597511 0.1163616116946 -0.281905103307141
0.0237913176247849 -0.0974018991512721 -0.258252422871186 -0.235186186344187
-0.111089302833001 0.0405212529070842 -0.19953030360429 0.137689997960035
0.000227880248709988 0.121443526601373 0.086586566575023 0.0755517151488251
0.103114462193369 0.115925937016513 0.0405379607145784 -0.136069191267213
0.140630698798877 0.0596303786119884 -0.224801686977712 -0.289877818528633
-0.0375695452529954 0.10080684550652 -0.0290978690409768 -0.00281712632268115
-0.119072492271834 0.0355427024720648 -0.0519692596161768 0.046956614164332
-0.0307665910603172 -0.0896732647562766 -0.136961176813635 -0.0775238707514762
0.0713824436002986 -0.0542050488154916 0.0673662430369135 -0.184148801294789
0.119379071482523 0.065329762377558 0.209675199142594 0.0872877046836102
0.0498011530921871 0.150664368865268 0.0510690999681768 0.304357196365287
-0.0658392891933699 0.168212992957101 -0.134109334905172 0.31321376350864
-0.0739361855750818 0.179774251130437 -0.0989223075284194 0.326821344080954
0.0433049866289268 0.155091964581731 0.18928453186413 0.178519673634762
0.117806996602324 0.0387423622780036 0.161583102040667 -0.277116510446488
0.0526761294962784 -0.0299787862750591 -0.255768798763798 -0.256045124908388
-0.0369470288532552 0.000605111505163522 -0.249704320017816 0.152454902564341
-0.00900450168722731 0.0345595749718699 0.0607568535764697 0.126054840634139
0.0368342264290878 0.0385005277494493 0.0216509518568539 -0.0898708585988352
0.0559955249879587 0.0327975704266717 -0.265908292841724 -0.282934803743743
0.0171703266489215 0.00131823421738753 0.251183872968191 0.264568573342323
0.0189971062032064 0.0113446210647627 -0.035274956007474 0.0584212236577775
-0.00043588455301478 0.00814558682488302 -0.0409061644596129 -0.148856829866169
-0.0126682122821613 0.0124483750494046 0.257214669382856 -0.134788252816504
-0.0443217561727408 -0.0205286411955286 0.196883555326441 0.260216671071441
-0.0259672939732571 -0.0412058938883399 -0.203498999044126 0.241691319427058
0.0196423916733575 -0.0515989798147592 -0.188525665494123 -0.221861444582795
0.0279051250181789 -0.0349112785727599 0.121618584261649 -0.368309692415304
0.00868515685087026 -0.0392293311510781 0.122754303917598 -0.359256666878091
-0.0248949360812784 -0.0348209631781614 -0.108908935224871 -0.326129315194075
-0.0456448215741184 0.000607421350324821 -0.241274923180826 -0.0547606162749181
0.00602497413126937 0.0336511703245678 -0.0374129826453568 0.23243751285735
0.0230747014212135 0.0119064871639789 0.193495569758751 0.0614744942390778
0.0408133329975085 -0.0040406058894316 0.0427681885322539 -0.104852983761714
0.0379283711692781 -0.0200981296221417 0.0115775958703382 0.00467825163527352
0.0975794479335492 0.0325092485543063 0.217634498178628 0.273503633150557
0.0595619619104431 0.0721944266331035 -0.0415262154451186 0.0575158017059796
-0.0182591019537061 0.044640009403325 -0.0124207129398181 -0.156353020379338
-0.0494607153028986 -0.00812691993968496 0.28620121853587 -0.0936497422982794
0.00352087354294835 -0.0647997194500584 0.150994127766722 0.285845331829463
0.0650105709883416 -0.00373396624288581 -0.235736716934168 0.195765372465488
0.0469482994956247 0.0783421020934097 -0.154929324396415 -0.238411141394074
-0.0178359268957224 0.113322468637737 0.119317178643347 -0.352419147916698
-0.00942237021423494 0.0969559864452012 0.0776115921264879 -0.357234657453688
0.0398784022801583 0.0646569481958061 -0.162180216613296 -0.316924383981546
0.0532864663647371 0.0202866424223366 -0.251186713366001 -0.0201239716792442
0.0554639106713487 -0.0188490197206378 0.000587858124073604 0.213267313580577
-0.00572474630474644 -0.0440671814845785 0.175332314140073 0.037229668529349
-0.0275797091113901 0.0467808713224946 0.0493196792236662 -0.0916622579734949
0.0471171633776783 0.0597519769841658 0.0115102451975554 -0.0149411924197747
0.15719470680398 0.0861516830849218 0.152263603909703 0.283052275554767
0.0804264148587851 0.160723802466673 -0.0662803048855335 0.0802553590151384
-0.056125456183446 0.0936926386704044 0.00194692611473553 -0.137473758391726
-0.092283568086885 -0.0406635325786928 0.288444448291131 -0.0354518426902481
0.0724125766917245 -0.101527751517494 0.0922069442810217 0.304952737357811
0.151307358616321 0.064247858140447 -0.243518345899635 0.145778146895483
0.0390170620146881 0.209900499244246 -0.109257520921868 -0.21480680298941
-0.0627684546955356 0.246110570698272 0.0956368488918423 -0.284820435314272
0.0116775465375895 0.224269031205239 0.0262994312430852 -0.308233515813994
0.164878197606226 0.110319468701616 -0.202445896040405 -0.278628770055426
0.152624269901653 -0.0781089414994555 -0.255158802689059 -0.00470471699090833
-0.00741701552717648 -0.130869875367814 -0.0155929307533325 0.178996838062361
-0.111474656466001 -0.0290043546131885 0.130307994130888 0.0666816687203974
-0.059878452392321 0.150795617762157 0.091728318692752 -0.0512268670806609
0.0781929184035555 0.127663128822415 0.0195580809353197 -0.0671061758000214
0.171731369102036 0.157493751630693 0.0586704084709138 0.264390398864164
0.0519860835149428 0.275298124723089 -0.128401163554295 0.0864035011979389
-0.139264517361397 0.140924113808061 -0.0377345453381196 -0.126043207981499
-0.148508831041943 -0.102919296922359 0.221500708611352 -0.0192666991980355
0.158654108536077 -0.131777114228826 0.038337075661655 0.248887846377744
0.21292112120692 0.157139820327331 -0.194031800020018 0.0987147917383847
-0.00247232499187895 0.319548317677294 -0.0672634427340135 -0.138641984801502
-0.10027170953307 0.343818485948014 0.0608928378062968 -0.172447659574221
0.065188886065746 0.311339933481536 0.00535664490428766 -0.209428600403014
0.283804913508858 0.0675818858577152 -0.186440219843194 -0.216780092848253
0.123188425095774 -0.2388299600309 -0.258515588815862 0.0115506559427481
-0.205313723988152 -0.144974111438648 -0.0395746770675326 0.213429424740301
-0.195529079165675 0.119459576247511 0.158727450650285 0.118086719278839
-0.00827794587700495 0.270095862057351 0.1576388783148 -0.0630493637730189
0.134239933603654 0.163171975774121 0.00515724579514059 -0.149502809137636
0.130751028007048 0.215992643144472 -0.0295986003271379 0.200155050985472
-0.0450350959625207 0.332928222648635 -0.186160452354305 0.0318958163012075
-0.25156640336384 0.100251844883863 -0.0815181173993181 -0.188113757356836
-0.153875427958682 -0.21345984644765 0.178004647516069 -0.0992603628376542
0.255346023955305 -0.130146660633243 0.0824166886662025 0.149414609776943
0.223957867135159 0.248951943017832 -0.0857937937973437 0.112706715119466
-0.059839898467547 0.377407181565469 -0.0517275572385186 -0.0185158291957561
-0.122039021777508 0.387334078437916 0.0203688934572577 -0.0371741691623543
0.115118688993263 0.337127513539632 0.0408001377457919 -0.0868727179808529
0.31693946837723 -0.00126018529547205 -0.0815898584853144 -0.193151693692564
0.0149933667663966 -0.274433521536169 -0.216112807371728 -0.030751376795506
-0.304569567684832 -0.00946682321002663 -0.0223939437850353 0.196060768482303
-0.133140723456251 0.260492462887469 0.20230330940344 0.0773736317210314
0.0921303615561579 0.299620136032055 0.165299008579198 -0.131303229174703
0.184301516113405 0.14989148425613 -0.0558255562432281 -0.232751375924713
0.0540363902353797 0.224870938246892 -0.0732688507857449 0.110176867176705
-0.149695237839732 0.263903488752262 -0.164627103670766 -0.0362536755775352
-0.254983570186615 -0.044248627232672 -0.0450838205016788 -0.220048483172191
-0.0307830973964641 -0.267050501437258 0.197885597289183 -0.126166440604332
0.306672529875362 -0.0493792658726687 0.163672778411594 0.130378394210351
0.176841656782063 0.290993689423856 -0.0012074733985204 0.197213955201999
-0.0995166014763018 0.359634669476627 -0.0734349453474173 0.118464167094948
-0.122485579987962 0.370387645915847 -0.0234319413291639 0.107356016693989
0.127179656174098 0.307692392019297 0.108872553230715 0.0255385915633561
0.27351540994968 -0.0222615258155026 0.0404828494630603 -0.238614284643883
-0.0166978211745855 -0.189106809059921 -0.217356636241688 -0.156933154240698
-0.222932320329769 0.0699444145666441 -0.0962218601527313 0.134997568455661
-0.0286091654431197 0.234458061123779 0.150684841831494 0.0379130141998084
0.138577188300698 0.21895347661052 0.100502255119389 -0.165669120988754
0.189382133339752 0.103752577349468 -0.146124523316512 -0.280778303830915
-0.0103579355832477 0.176450767061705 -0.0629958680918283 0.0353924315903409
-0.170372013170859 0.128895957491884 -0.0947232237284378 -0.0231228819584493
-0.122954075289998 -0.124016293867246 -0.0510555956792831 -0.142824505463325
0.0849533768123209 -0.160825925367193 0.134793642905147 -0.1189186773715
0.235121136455585 0.0547866848334552 0.182691682261915 0.124398534697075
0.103489625940117 0.250654141425446 0.0272788682022633 0.271090061379865
-0.099048220422205 0.281830645430392 -0.112566017080335 0.235276807501556
-0.103844944548223 0.296881065876618 -0.066635125447979 0.237019916628366
0.0981911049927021 0.243210990673752 0.167383804947094 0.113174607127545
0.199229531312136 0.0071083922514788 0.113599212887916 -0.28357578553259
0.0242644991685244 -0.0965428321959671 -0.262382203000305 -0.234939504973342
-0.110217807849628 0.0398140499118694 -0.200450313494846 0.14011329689003
0.000480426496688539 0.121431544266511 0.0869977496792947 0.0752879182548143
0.103436091878134 0.115148384540288 0.0403057086323285 -0.135904726101835
0.140314274405369 0.0573497730564133 -0.227106066304972 -0.290592820367826
-0.0370984629365505 0.101234365085667 -0.0280364825449954 -0.00255225373529173
-0.118724175386988 0.0369933718788954 -0.0512888739878582 0.0468815458115318
-0.032418281625918 -0.0912770040667602 -0.138039367187917 -0.0767715381682637
0.0722194425857584 -0.0542919656446853 0.0689582098970369 -0.182787730366238
0.118777149971041 0.0654993450668824 0.21028457677336 0.0887199949958696
0.049419410752554 0.151583023657335 0.0495229616732959 0.305990951864713
-0.0667013446605373 0.168322400562261 -0.135803254086274 0.314748839260421
-0.0738938669338206 0.181251070201563 -0.0992004498892985 0.327424322086547
0.0425359724266586 0.154626887880116 0.190056241523113 0.17794380850687
0.118669571513095 0.0380476389568149 0.158886657518092 -0.279527337890149
0.0533697322939051 -0.0307380501438846 -0.25810474919545 -0.255967284391044
-0.0365147901219073 0.00123233060003255 -0.249908990634044 0.154740918744639
-0.00853699542214248 0.0356854984804693 0.0622493863851521 0.12592076479268
0.0369075116029393 0.0380642279126581 0.0227863936996889 -0.0898280426828455
0.0551759301629691 0.0330327116618501 -0.26871520842142 -0.28210936247525
0.00805257269451996 0.0141480748925504 -0.0751788381699343 0.363904164731898
0.00195153892430424 0.0223203996190415 -0.0709295905175611 0.00262324067986624
-0.00664875296735597 0.00550184171900661 0.102102807812615 -0.119770671629347
-0.0178582627056384 -0.0019205446502683 0.259046530065569 0.137901909338058
-0.00783601243515856 -0.0494184877983313 -0.108420828606381 0.312884564038797
0.0215029666888308 -0.042064397779415 -0.316210855242448 -0.0340315853517343
0.053143662831222 -0.0111624058555911 0.0818928771016143 -0.282916067201139
0.0433782900137587 0.0051257575640176 0.381037850013106 -0.103467445176244
0.037393261731551 -0.0143718675250854 0.372422849556695 -0.0958359812183267
0.0154339939630553 -0.0394228731029545 0.211001602872595 -0.27195017536818
-0.025265350427553 -0.0372644715231883 -0.0877840313080474 -0.234800019404707
-0.0238353330011414 0.0237948147220707 -0.215182485501904 0.0964214832162285
0.00206481250555335 0.0260606999679219 0.0573891628927481 0.196469395360168
0.0255534748874652 0.0328184199028813 0.112013300896112 -0.0249594454476588
0.0388109379165529 0.0202419956027281 0.00345084933017723 0.0108624904212476
0.0276868996791203 0.0991470789178637 -0.102823210483285 0.342240103192857
-0.0263085221108144 0.0903727063993742 -0.0735555384997195 -0.00309932824697401
-0.0474840959849405 0.01072399388776 0.124002603997531 -0.100371479072973
-0.0214002352808614 -0.0446600613503123 0.241571991556275 0.18585156513552
0.0567753869549916 -0.0335447986839586 -0.155507281888206 0.28980104882231
0.0398198946020642 0.0544674627673685 -0.297105702247722 -0.0866147791531245
-0.0409780838372049 0.0830306732389733 0.11372056719245 -0.263557886472995
-0.106298938305805 0.0492412022386622 0.364126254176062 -0.0959622385518946
-0.0880040403737354 0.045112474030468 0.345804990969263 -0.131753023844728
-0.0332306312280049 0.0707144399808563 0.174199056571089 -0.311659502011196
0.0137783615395496 0.0574974321670199 -0.122812806301458 -0.223738986682932
0.047709369529269 0.0365286940152821 -0.177563770876913 0.11810205358366
0.0342279465679178 -0.0292929074186731 0.0674330952650904 0.167952229473918
-0.0557453682637348 0.00348647593803217 0.104065919386762 -0.0109682228926386
-0.0233605807003034 0.0732493091585876 0.0192932901057108 0.00025145684283953
0.0162195388153177 0.179175138558132 -0.149132192390919 0.292788482028108
-0.0878661106201184 0.157290797253498 -0.105255123335091 -0.0100944046495838
-0.108802213864124 0.00690172733004729 0.117390978547235 -0.0766936879568776
-0.0183996674160959 -0.0990216424116554 0.194988838675666 0.222022181892435
0.12562766319364 0.00430913978570218 -0.203710236625935 0.248523104971157
0.0313248608611459 0.164024684457275 -0.258992698088945 -0.12118464119543
-0.15572264035595 0.150852363192814 0.119586467486215 -0.210834030921949
-0.24413783840757 0.085661448547985 0.293521343555498 -0.0770319794080486
-0.18316519631799 0.135093475358715 0.274261412049838 -0.147167085513004
-0.00114794120784715 0.200776126042085 0.119044414648415 -0.327654980790846
0.15189008270479 0.0868167042724072 -0.138903038735043 -0.21879267748463
0.107807924088259 -0.0787525063024369 -0.160783157939614 0.086594257987594
-0.0370901205428425 -0.110424413315714 0.0161163246403166 0.147585490355598
-0.16112589053105 0.0336786617835552 0.096713684778456 0.0496780982515019
-0.0638511161909962 0.138603397828179 0.0690600420335924 -0.0232935996345308
-0.0335828824075642 0.231578959051699 -0.187119895688917 0.20425111860794
-0.197561914595383 0.19944871793156 -0.146307236713722 -0.0574117236505023
-0.195126742954562 -0.0369197136501745 0.0856213918723739 -0.103122741369296
0.0032546176496663 -0.180931872875529 0.141968276869366 0.176448046721272
0.198629734896706 0.0590714239059751 -0.189461006985597 0.173886090615916
-0.0131701096645742 0.267425026426699 -0.192729188850824 -0.106640488223867
-0.272180850387437 0.176129579375862 0.0796157078043635 -0.134123422140874
-0.347064204589908 0.109305856169376 0.179420286485254 -0.0438069251873898
-0.22671400709137 0.228535543188246 0.179678927477004 -0.109708024192731
0.100815624934923 0.278910309770259 0.0787891996037258 -0.278816805252144
0.272380034075489 -0.0268033185883597 -0.155442913210716 -0.211904142781931
0.0106194306584343 -0.254141057689275 -0.201745290700916 0.0870651360528828
-0.210359079325962 -0.0991016958606356 -0.00930913541959798 0.201870461991286
-0.232526805070405 0.14402755670542 0.145658700761807 0.0984269335398877
-0.0620162721279184 0.205539438302055 0.129310279248361 -0.0832737270011198
-0.106052194376231 0.23053713475368 -0.18453239793783 0.0934910996688431
-0.302163211867003 0.151919857078036 -0.134349724549667 -0.136798920288935
-0.224976694996202 -0.153907454089597 0.110215691340582 -0.175088676804406
0.0932228203438698 -0.247342911064657 0.181998058317219 0.0956442103242486
0.251284498673786 0.141577054863109 -0.0808847688939112 0.152478654567292
-0.0839322674839073 0.32763048586833 -0.143806005660161 -0.00936209193318126
-0.352939019330704 0.160268500967278 -0.0136354884993425 -0.0546855535497887
-0.396267726096793 0.116211523581461 0.0419656996109601 -0.00336481267872778
-0.220599714351697 0.28552868297564 0.0975919563433184 -0.0122248713684194
0.177286147333005 0.267084051322062 0.118409082295433 -0.178919354981012
0.239951193741026 -0.138311472251936 -0.0948786154197947 -0.202017540897931
-0.15944634397568 -0.262085863252743 -0.178786669335365 0.0927705120391799
-0.294111720285683 0.0325858900896575 0.0508335775616731 0.21459953456288
-0.202031545902625 0.243844094787489 0.207804654129686 0.0656239864402955
-0.0235683641610404 0.240216111753305 0.163927309047716 -0.182938557085802
-0.156013884951561 0.172377090595432 -0.135218466522131 0.00398202027289074
-0.305302066174889 0.0248405241642223 -0.065632219949769 -0.158459868310702
-0.105375108647998 -0.238603689079334 0.158529765608572 -0.164524588164416
0.208457401966464 -0.174836966259985 0.215570579947165 0.0933141712645749
0.213028819622392 0.229407390132695 -0.0182998690410763 0.208984254659662
-0.143770175936962 0.311312595959212 -0.166719575956923 0.109034416029722
-0.360863110274216 0.11741845412102 -0.140982436562944 0.00263500971802118
-0.380667534186301 0.10409025270603 -0.10435671401614 0.0394924100802069
-0.187822707605595 0.278845557889198 0.0419598101662085 0.106924740321233
0.169832560191924 0.217820686965996 0.22401795378972 -0.102848352857624
0.151306479715647 -0.11602039775441 0.00888252824082098 -0.275637211439828
-0.181829036226454 -0.148819815465034 -0.169333138807646 -0.00492111599688701
-0.21305234337682 0.106161666895489 0.053931261138875 0.14814221122965
-0.109214153869227 0.238263363940874 0.198823858843633 -0.00898248008735056
0.019255249182875 0.218603225219006 0.152088020974879 -0.286140517999458
-0.152937873332227 0.0914769285250827 -0.0669935072214507 -0.0319732386417376
-0.204431489931674 -0.0692157652640707 -0.0349428619308691 -0.0922791054377244
0.0354477425802427 -0.174058912531627 0.0894885615579523 -0.126631769923213
0.183968370423677 -0.0179382631453453 0.175888057253019 0.0457806861046691
0.0855063045959669 0.229941945520024 -0.00206071933842082 0.222916855456003
-0.151541715585112 0.227615162415323 -0.214127319572186 0.174729602760271
-0.293472695718667 0.0735916299815569 -0.263721360269482 0.0338712172393664
-0.30911649177768 0.0783225757939137 -0.237195407237531 0.0755786653890548
-0.149866181748158 0.218193467913481 0.000888228342840532 0.203683945005392
0.104109430147146 0.172236242437916 0.30206484216002 -0.0670432219679345
0.0962928060640764 -0.0305213679244072 0.0470991100376901 -0.356676002156184
-0.0940393330682085 -0.070579075241108 -0.232808132718072 -0.0873514293903582
-0.101559111429019 0.0682984391324283 -0.0143747871743488 0.117024535285103
-0.0396669047082059 0.1505542136936 0.139403194387427 -0.0424187297804874
0.0288666827246906 0.150820815084168 0.111598472145144 -0.359646885651764
-0.105542857902872 0.02731928852449 -0.0136526698265534 -0.024767875126437
-0.0982898879396473 -0.0782253649015668 -0.0690570932589818 -0.0159258042085287
0.0614223275036168 -0.0791187605834643 -0.0136914274635071 -0.159716300051298
0.0869129196814176 0.0305454846900759 0.192907481964147 -0.0453526855313654
0.0104498145723103 0.136866106932667 0.0428170213724151 0.227757819971649
-0.09771581295741 0.127541065193867 -0.230197262674816 0.210860032214505
-0.178401547034861 0.0383151061208267 -0.343681875628713 0.0586956610253677
-0.192943407494419 0.03863890675274 -0.333334134527589 0.0989617165960951
-0.105802595865602 0.122329930839606 -0.0416350647779076 0.258956563520247
0.0333284765074566 0.122467206316806 0.322860586104665 -0.0265639437374203
0.0566523002216537 0.0301224785129999 0.0668763534805891 -0.362568724426328
-0.0207186890156641 -0.0307382670458833 -0.271935669485832 -0.119579439467896
-0.0345330072936735 0.0130610931391046 -0.0702585900856402 0.123459541445818
-0.0116799654759107 0.0516190033061009 0.0889148321724117 -0.0297997943828932
0.00331296183812932 0.0667135761916471 0.0801650457824498 -0.387477382436033
0.00913810699536251 0.0150052761317059 -0.0635927346673468 0.366259633563957
0.00375364151768106 0.0228319773197151 -0.0725554462299404 0.00385125597514343
-0.00698167594048166 0.0056947185388081 0.0987369631389073 -0.123611174708516
-0.01819299877017 -0.000267572382180386 0.264692142265947 0.130517477706287
-0.00870348781294762 -0.0492108359229781 -0.100140359156548 0.316858695441322
0.0202093502242548 -0.0430243163533981 -0.316546707153221 -0.0235892265664219
0.0533185751530932 -0.0129204175824344 0.0726443164901495 -0.284656017300801
0.043816933187502 0.00447255654648226 0.379260124278132 -0.113310652135748
0.0357958374481594 -0.0143421820093242 0.371939416422858 -0.10288062977143
0.0152066766294678 -0.0407967199667288 0.206714523912541 -0.276599419120864
-0.0262099830492537 -0.0361596002922464 -0.0900997536993172 -0.2353324159259
-0.0219973007782438 0.0247137918173791 -0.212281077602783 0.100562659694987
0.00326418688834438 0.0267048962146501 0.063123608506938 0.197271021619373
0.0261180245022236 0.0324774478670342 0.111067959021856 -0.0300257613275371
0.0407128838253956 0.0188424390090764 0.00381419713518678 0.00965986001690757
0.0304174101805438 0.0986263630069273 -0.0921831668390887 0.345363399390065
-0.0228862694235028 0.0907033717450005 -0.0751471929114326 -0.00193061203314045
-0.0470406902330043 0.012304117936357 0.122538379548598 -0.104912768218264
-0.0223442570486194 -0.0430233510814542 0.248926931923816 0.179241161957694
0.0548777087153776 -0.0347073436575765 -0.148346159427282 0.294352949564161
0.04149226342691 0.0534842368032979 -0.299392999134663 -0.0766697779890496
-0.0381975785156895 0.084364496434735 0.106334271133329 -0.266797099867197
-0.105727901637511 0.0518938579651057 0.364816315495623 -0.105391915509945
-0.0882384159313214 0.0476687278988907 0.343680642805678 -0.138406261454211
-0.0317581071284867 0.0715440744148182 0.1674738927738 -0.317144295088476
0.0146170719575125 0.058692748356309 -0.127115243248521 -0.222840427113632
0.0495229378994919 0.0357207839841988 -0.175759449093624 0.121724010267962
0.0344787003711451 -0.0299439623648785 0.0723147051731787 0.166871028218378
-0.0558644325397176 0.00577571521727954 0.103814357833881 -0.0155758187325157
-0.0205834448591665 0.0742830565155237 0.0200157908669203 -0.00197117781300198
0.0220965318556711 0.178275746886125 -0.140260214745016 0.298785449931352
-0.0822436015126599 0.160291893887703 -0.106497653349234 -0.00808668088994661
-0.108732244216176 0.0113769423792202 0.11719982250481 -0.0808470099264863
-0.0208160553136151 -0.0973430250461826 0.203005819939573 0.217048244038801
0.124821403289347 0.000382306382435148 -0.197764878845319 0.256713000934671
0.0357784861635564 0.163500577440882 -0.264600823824411 -0.114033361528843
-0.151502219936052 0.154191437064003 0.113392271912602 -0.21468810989237
-0.242607111113968 0.0929651049004775 0.292632577026788 -0.0848048516196005
-0.181529703853109 0.138596427658279 0.270982591972949 -0.153592057161176
0.00304964735293183 0.201683680374526 0.111660302558574 -0.331927177894362
0.154766358822862 0.0840297542671625 -0.144747351122639 -0.216445142636556
0.107216790082953 -0.0817796098364994 -0.159260300799014 0.0904768420237575
-0.0395334605587837 -0.109581130672964 0.0211596206646707 0.148083064720992
-0.161468948477582 0.0393009110280621 0.0991756411848289 0.0459322056539752
-0.0594823835824361 0.140786302698666 0.0686648632400081 -0.0258983923077475
-0.0266780489211079 0.232619335531078 -0.180767083443367 0.211339608516654
-0.191888640442509 0.206173309713318 -0.148297054605918 -0.0536857990494959
-0.194576869552213 -0.0309170899162371 0.084248909894363 -0.105872181211898
-0.00182452362932222 -0.179915219825902 0.14924800766692 0.175164922635624
0.199882803523166 0.0531852302143621 -0.18609750499858 0.1799572065109
-0.00542701723201359 0.267828050031388 -0.198051169352597 -0.100795275112155
-0.267238132797293 0.182912666562909 0.0753478566628418 -0.13656712684755
-0.345277724037998 0.119067103756281 0.179025084106251 -0.0490109365151259
-0.222335604904699 0.235659537927308 0.177213976559581 -0.112736964992962
0.108896045202383 0.27750177751521 0.0717604439488889 -0.283621933080167
0.272686500643734 -0.0328669746843055 -0.161933453177955 -0.211013667770961
0.00450355914298943 -0.254858765641361 -0.200888773797733 0.0942542528000796
-0.213431899355196 -0.0937297107458437 -0.00254236903506176 0.203435256437631
-0.229929063897615 0.151603812471836 0.150211179562779 0.0938768757092888
-0.0558470305799916 0.208986411089513 0.127189711681323 -0.089487403168111
-0.100453439866154 0.233908834972301 -0.182850310087228 0.0997852822048313
-0.298394094204247 0.161888617441216 -0.138613595034434 -0.13282819046505
-0.227657798884099 -0.147477191253822 0.107041957346446 -0.178468933844554
0.0868511111978871 -0.250480181586367 0.185007293663271 0.0928944420616141
0.254259493982608 0.134227380274338 -0.0784976800856897 0.154918895204882
-0.0748750048830614 0.331742262522753 -0.146081917613914 -0.00582034669110143
-0.348045410444934 0.168801922939269 -0.015064272299696 -0.0566293842460091
-0.395342948460253 0.126460393864419 0.0424748523140633 -0.00489023146308123
-0.215540685674985 0.291730136546171 0.0979495989897336 -0.0126793323862189
0.185821789257074 0.264204704778179 0.115225208633643 -0.184004555783021
0.237391361342457 -0.145227413570918 -0.100004014088322 -0.202598438082679
-0.167377651146904 -0.25780362811027 -0.175765360373272 0.0966374971723476
-0.293895371523992 0.0419101645656155 0.0569645139626333 0.213443903198706
-0.195294675585821 0.25261489955428 0.212174325915465 0.0584157241820305
-0.0161885047321748 0.242811628196372 0.159559796731706 -0.191117910631228
-0.15215226695256 0.177774180503428 -0.134766432909353 0.00875148122681616
-0.305622797161323 0.0349937687907574 -0.0700705156778864 -0.15745761128596
-0.112267309354065 -0.236949417770309 0.154510136690356 -0.170219160611312
0.203961995950008 -0.179399016753393 0.219409206330601 0.0878683306518738
0.217384029855867 0.225970863485799 -0.012157400989317 0.209395301815009
-0.137086537357904 0.316704022118022 -0.165312826785192 0.113856372114419
-0.358202229020334 0.126485563037724 -0.14153697429659 0.00451317534598128
-0.381138775168413 0.115594193833326 -0.103426863718701 0.0419872110716495
-0.182366562045446 0.28429876153932 0.0449709616427605 0.106590207766755
0.175457104799117 0.214409569322894 0.224122598731103 -0.111289288076867
0.147989305487319 -0.120468948894606 0.0013055783931772 -0.280364040506357
-0.186112541747375 -0.143424096360044 -0.172115581812121 -0.00124643654230461
-0.210412290088082 0.113153008015548 0.0578958999647105 0.147815175528612
-0.101358718823723 0.24381761850534 0.199858682648733 -0.0151890010313579
0.0258832760491009 0.218034450273266 0.143008002708156 -0.294726745231038
-0.151548512256976 0.09722265319144 -0.0681981914949074 -0.0295546454990695
-0.206971380426623 -0.063269459608581 -0.0379790715203009 -0.0925465115565247
0.0323341720962269 -0.176774151512304 0.0867222405558984 -0.130296803401701
0.185547521268147 -0.0216374557503673 0.178402393818805 0.0415609670398549
0.0892422565083422 0.22998867298443 0.00385654417695985 0.223858125084599
-0.147515733179384 0.233171409744708 -0.210748686303405 0.180736478735966
-0.292838719310516 0.0807794547709398 -0.264002923144819 0.038835533001067
-0.308767504649855 0.0872610973196258 -0.236480689985182 0.081505722250284
-0.144928309398376 0.221334945868556 0.00668036431272896 0.204044504011119
0.108886279594376 0.169379020001993 0.301995378263912 -0.0774929830974456
0.096470296055566 -0.032455954598172 0.037787394124999 -0.36138574363868
-0.0963126255658883 -0.0674628784066014 -0.238205590392554 -0.0814623995377501
-0.0992681274718256 0.0716071776795764 -0.0109975292017961 0.118595337216792
-0.0349853795488696 0.152190350857339 0.13850181662429 -0.0458710726950133
0.0331835721224401 0.149776357140796 0.100868855756376 -0.36570597173581
-0.105698660987824 0.0300716977411148 -0.0136220748085827 -0.023972389030405
-0.10126706123728 -0.0750653264147141 -0.0701545142693334 -0.0141807200545354
0.0585293863287167 -0.0824654624108674 -0.018839414660858 -0.159611204367651
0.0881806668365915 0.0284321158249385 0.192360887329896 -0.0491938236670268
0.0127221190942938 0.138602939197134 0.0479567746798633 0.227155157373006
-0.0951934194393514 0.130131473479008 -0.22773975195525 0.217692648476695
-0.178481155831388 0.0424373378365898 -0.343655450482323 0.0654916251306117
-0.194104584492129 0.044747687493428 -0.331029670340085 0.106934687703434
-0.104472849505269 0.124124601193223 -0.03524420020275 0.25978004516142
0.0372651968661833 0.122621519053107 0.323307089931339 -0.0379420561656691
0.0586591593600503 0.0277842680783055 0.0558456553023799 -0.367718644986979
-0.0219480703098158 -0.0309964311457026 -0.276569143985294 -0.11278613908513
-0.034728933662624 0.0137583691722396 -0.0673212745170423 0.126445512551478
-0.00938961699915365 0.052457353060489 0.0874804002844801 -0.031208530070169
0.00469335250062305 0.0659506334995928 0.0670639382502284 -0.393821695614188
0.00870759487346581 0.0143047278309791 -0.0539750084792951 0.366673514377696
0.00439208533700907 0.0227372722961322 -0.0725202182814805 0.00476225584915759
-0.00779936530502023 0.00639643771629315 0.0960222626454545 -0.125467905961024
-0.0178066811924315 0.000920569237106711 0.266163268004319 0.123974520709154
-0.0104555655433684 -0.0496517262100781 -0.0925864670212993 0.318417951478404
0.0189905704342673 -0.0432607804860824 -0.315481684779292 -0.0156872810865941
0.0525508143757342 -0.0136622775708357 0.0661655273529517 -0.283102941098631
0.0428418870021726 0.00467479985068442 0.376589264383716 -0.120100522716276
0.034987876312402 -0.0137433303078057 0.370997472091394 -0.106215756860747
0.0135176030378489 -0.0412081836717303 0.200679413027128 -0.279156445003191
-0.0270953375642182 -0.0347281235278446 -0.0914646407640498 -0.234747068506878
-0.0206832477495752 0.025330158901907 -0.210350986376633 0.102884390659126
0.00427777894890129 0.0261650931755961 0.0673434761150015 0.19654787695355
0.0269737171010973 0.032401719172974 0.109917944834356 -0.0339548067643662
0.0406630545286995 0.0180432449075593 0.00401913122984689 0.00842751681324959
0.0321718754827653 0.0970371131993293 -0.0838057101000727 0.346327285141499
-0.0194799523022906 0.0909030036146225 -0.0758774477168436 -0.00146644204553563
-0.0460945235346476 0.0137096127549113 0.120662920413314 -0.107177637810904
-0.0233460922815772 -0.0414258684613668 0.250849679876882 0.173007023209211
0.0530904084710252 -0.0358395630559705 -0.140723859685213 0.29663846135054
0.0417728566847659 0.0525357662340735 -0.299461240937753 -0.0683698428114774
-0.0355691829216178 0.083770483959951 0.0996750121305019 -0.266414573006804
-0.104143183885845 0.0543710473449254 0.36109378161412 -0.110693457121266
-0.088105577783653 0.0495532060487768 0.341689628297523 -0.141411028772874
-0.0308608679494204 0.0717516200807498 0.160221992069485 -0.319854209270474
0.0155328415694532 0.0578572686859339 -0.128745786276209 -0.221683523659388
0.0507357071150469 0.0346753411788013 -0.172978558871631 0.123215801793779
0.0341348768323717 -0.0303067236605405 0.0757181466743819 0.164981506346196
-0.0566981474951838 0.00792023239695917 0.103073970522582 -0.0188984029383814
-0.0173450453331583 0.0744345222422892 0.0197280340195621 -0.00329616872814472
0.0260920055079322 0.176786429769611 -0.131595705976818 0.299472690121977
-0.0778761387161925 0.160670939400041 -0.10616860947343 -0.0068309786226174
-0.106599308633426 0.0130923688138024 0.116406239588161 -0.084096681818838
-0.021762920128522 -0.0950816302753092 0.208461943733219 0.213007335834409
0.122646901167243 -0.00211401451580461 -0.19046977235034 0.260537055668588
0.038564399139138 0.161276894817128 -0.266550997835567 -0.105283435876616
-0.146800720297942 0.156136866224903 0.107060619552596 -0.215564186694876
-0.240773058679334 0.096977646874563 0.290749435477802 -0.0887442506267015
-0.179490966898414 0.14309110629305 0.268549234313381 -0.154981673650474
0.00650790994124123 0.201609693560762 0.103841802630849 -0.333067761514658
0.155394866750456 0.0819043559523576 -0.148958010480824 -0.214410235362125
0.106147233481326 -0.0831420185660538 -0.157676187991167 0.0928456264510068
-0.0408272209803702 -0.10905579969556 0.0246792335634431 0.149159516476694
-0.159740636359772 0.0436640773254926 0.100278139100776 0.0423591036353229
-0.0546006072401888 0.141842387633887 0.0674238912393377 -0.0299146283008053
-0.0221306406486721 0.231830644584554 -0.174600364590518 0.215194756577994
-0.18524198511587 0.209721025284752 -0.148494446826568 -0.050685862745079
-0.19380582104105 -0.0256599504254316 0.0838275782356718 -0.107507789231917
-0.0054751406072087 -0.177429360555367 0.154444302603556 0.172408215675937
0.198801222646163 0.0490637868447238 -0.181642168739665 0.185208195813895
-0.000312123661814922 0.265972453638972 -0.200423949156176 -0.0955451005894804
-0.261294811598701 0.188137493019844 0.0711491679571843 -0.138649659544853
-0.340340710381611 0.125656003267176 0.177955281803717 -0.0517624837783809
-0.218280291472147 0.238487554238457 0.175636857959615 -0.113420478540862
0.113816472734412 0.275038519194286 0.0665370691668712 -0.284269637654096
0.270906974646197 -0.037831677505753 -0.164862122723954 -0.20762729101437
-0.000753032686877708 -0.254457142802687 -0.19770798349203 0.0971042816046459
-0.214273577697171 -0.0878155918392742 0.00216451646918019 0.203259747871948
-0.225337882988241 0.158311667662284 0.153245193749309 0.0882270615822543
-0.0499604270972189 0.209850529792091 0.125336297107074 -0.0944292475798279
-0.0945285188904216 0.236035738217291 -0.17860376407435 0.10440171386927
-0.29347923764715 0.16761058335331 -0.140741902857917 -0.1299455415476
-0.229697236386556 -0.142795074861187 0.103335151216209 -0.179685643989245
0.0818258618522348 -0.249208558782978 0.187096862584677 0.0895481244705301
0.254223419753066 0.129686088665346 -0.0770556661691449 0.15657974811586
-0.0673394058730326 0.330086371047949 -0.14693821876201 -0.00330693162733617
-0.343059758265503 0.175777723282417 -0.0162684790170248 -0.0568024254287211
-0.391428622804762 0.13475275773727 0.0418672445282039 -0.00584388739632498
-0.209478505929713 0.294468450326392 0.0988641582211567 -0.0141289255196398
0.190560139338605 0.259406467752039 0.11248144187395 -0.186073018169727
0.233742307512151 -0.149234820002522 -0.103033582974168 -0.20273976886316
-0.172671034536752 -0.25227339831176 -0.173380642313119 0.0985458376136001
-0.290171251052791 0.0485779475216185 0.0626800395300449 0.211360700326413
-0.188314220902515 0.257293671232854 0.213043031090415 0.051676345181494
-0.00911594846145092 0.241114375794833 0.153884570680412 -0.196476691540061
-0.148302616125064 0.181104805753222 -0.134640528341636 0.0118641692333891
-0.303320273325239 0.0429591832294773 -0.073138269300372 -0.155524565896153
-0.116125140410938 -0.233323708126285 0.150327523401562 -0.17398988928627
0.199954367681413 -0.182214007591911 0.219943970827425 0.083779906701729
0.218000322083046 0.221580765659264 -0.00889782195518578 0.207839078709869
-0.130950175904283 0.31897907851512 -0.162943937929687 0.115136406019346
-0.354047625744291 0.132061916259928 -0.14132011904973 0.00527484587056529
-0.376215526140358 0.121991801796845 -0.101932245512798 0.0428701513792608
-0.176422893644634 0.286092119897875 0.0486879130523664 0.106026699992945
0.179479741944846 0.209196435593233 0.222055149959998 -0.117642475135006
0.145390881602582 -0.122017539728665 -0.00616180796362365 -0.283822514598654
-0.188082880704157 -0.137179364907294 -0.172951451653299 0.00191711791165678
-0.205305161750653 0.118334704225987 0.0606329075507051 0.146375187866872
-0.0936770316373838 0.245551157330313 0.19926340286756 -0.019935437175825
0.0304517654184475 0.215519367515083 0.134392003345769 -0.299140412133535
-0.150102131233704 0.0998105352242231 -0.0676809984936972 -0.0272745188918792
-0.207754477326553 -0.0572221011726157 -0.0404816160938355 -0.091155464962644
0.029658956627504 -0.177592026959649 0.0833214666035089 -0.131751966309785
0.183577922196603 -0.0244058178204831 0.179679895990125 0.038388347637143
0.0913233054233269 0.228652549108867 0.00820903776297145 0.222918923159586
-0.142075578090186 0.234807349858096 -0.207248584347133 0.183869891409414
-0.290155044393414 0.0847796693659021 -0.262897600218747 0.041754852415919
-0.305741492602122 0.0925267220880199 -0.234319332606942 0.0842643552082274
-0.141802480465416 0.223562126941135 0.0115435888265702 0.203269595850463
0.11236205964757 0.166816784972348 0.29948757684285 -0.0862129077530189
0.095701433941832 -0.0339053352349954 0.0270063518345178 -0.363619259418243
-0.0966715129920992 -0.0632640093285335 -0.24139525707574 -0.0756377313946874
-0.0965488836046837 0.0735899596016056 -0.00824145824296659 0.119004374794072
-0.0305304350858048 0.152263587786758 0.136697993523616 -0.0485376097923882
0.0364548876331328 0.146980574790673 0.0892174788968196 -0.367531455609885
-0.105568347992672 0.031809050356776 -0.0145782754955366 -0.0229181534424427
-0.102918919841768 -0.0725926926968303 -0.0699470298500575 -0.0122957165208448
0.0563712213784439 -0.0840324740236801 -0.022181482097484 -0.158683386792214
0.0879719733984109 0.0263088704876328 0.191734877450661 -0.0517528140712579
0.0151442598334758 0.138496606478969 0.0510690375431796 0.225342592926284
-0.0927438538861121 0.131066278035044 -0.223515098106696 0.221831711905636
-0.177710064539494 0.0449489165789138 -0.342900474400737 0.0701153597761062
-0.192785961294457 0.047972095950077 -0.328433468300988 0.111277314679658
-0.100605291436336 0.125556790377414 -0.0292339292940804 0.258903905025379
0.0402529732281498 0.12169126133796 0.320759914920932 -0.0460427528627638
0.0593290005760354 0.0261072143808748 0.0473210958588723 -0.368277478311512
-0.0227934494196646 -0.0294758941772482 -0.278798184181261 -0.105446041229047
-0.0340079482691861 0.0156679194978438 -0.0641573553940466 0.128807750987477
-0.00853139675101635 0.052312945732527 0.0871928322294225 -0.030840399658887
0.00553003989950842 0.0648904286972076 0.0553520627998708 -0.392991864341543
0.00868344743783938 0.0146173310087396 -0.0479853720587392 0.365581649992996
0.00524959947677553 0.0229494371664564 -0.0722977027603928 0.00501399051699005
-0.00735620364811948 0.00753784453870378 0.0950210896088292 -0.127243550920978
-0.0174945443154619 0.00271672385087148 0.267909832643613 0.12027216970953
-0.012025894976224 -0.0497268226416754 -0.0873050676786838 0.319322381083263
0.0182987769787801 -0.0428918897901609 -0.314208687129579 -0.0101084511560683
0.0524256184049406 -0.0145714933479518 0.0623484103435049 -0.284393675653056
0.042883678169269 0.00503367755652099 0.37511307216761 -0.123921306874181
0.0341139054458864 -0.0130089819906094 0.371794589238809 -0.108726361663216
0.013311960641933 -0.0418455840851858 0.199374564533234 -0.280634904344251
-0.027966102163607 -0.0347885013530226 -0.0911271503894834 -0.235050593672281
-0.0187492553161671 0.02480105741451 -0.209697417711554 0.103852138043274
0.00434834997183927 0.0270573172804252 0.0713224294154515 0.196061520566497
0.0272179697218263 0.0319751077900993 0.108826533624 -0.036708325931514
0.0420093184976644 0.0164563173667823 0.00433414619596582 0.00718531136870196
0.0341207006834598 0.0969173241824818 -0.0764496073487228 0.346604927102243
-0.018258961437594 0.0906276806410618 -0.076135853755257 -0.00206309423746611
-0.0461267974229215 0.0142509260346915 0.120103049163295 -0.110153096311746
-0.0232050102783186 -0.0395349085161124 0.254592059120661 0.170111935196659
0.0516677865231724 -0.036090043503322 -0.136202080058939 0.298361817832955
0.04231995759377 0.0517936030999131 -0.299074184497842 -0.0635450991051255
-0.0339813682611793 0.0835213720407131 0.0945011222780936 -0.266648067878624
-0.104700476699968 0.0563630294802671 0.360412909083278 -0.113950258460461
-0.0889433800526782 0.0513368975889779 0.341462829547527 -0.143857619718806
-0.030622968809509 0.0711843742529353 0.157018642437576 -0.321646820489569
0.0159770395275567 0.0581726726902493 -0.128516203476843 -0.221749674078458
0.051959469847652 0.0344415556954547 -0.172003430244355 0.123426609812452
0.0345667622618682 -0.0312465091926703 0.0781487954107017 0.165106522804668
-0.0569364671644541 0.00904511694843124 0.102552640014218 -0.021722618814057
-0.0170951836348719 0.0733299253075168 0.0200980274319952 -0.00491686392294282
0.0283774774881518 0.176055109440342 -0.125598539833757 0.303040483143959
-0.0745904279217439 0.161675745033905 -0.106017596304246 -0.00674015512113894
-0.105071329216854 0.0148722169012205 0.116656740487548 -0.0862581199990402
-0.0232775239795319 -0.0931290164467248 0.213349336792925 0.210015518128581
0.121945717329389 -0.00278145116415494 -0.186507514929638 0.263477753672278
0.0402690303137883 0.160464064733636 -0.267243493001994 -0.099944463454652
-0.144243682999741 0.157589462310325 0.104137826146262 -0.217257175219351
-0.239319540185216 0.101048407221761 0.290069084159337 -0.0912084702133317
-0.177855854494826 0.144524570366656 0.267502124548992 -0.155088341236027
0.00876385864673913 0.201105874916561 0.0995581445222391 -0.335790525803908
0.155952858570192 0.080951979318974 -0.150137514587669 -0.215043307708887
0.106027823503966 -0.084257964587147 -0.156633555850705 0.0954675093456577
-0.0421073089940875 -0.108021159770234 0.0271837965308873 0.149261136691938
-0.159904206385283 0.0473266529310891 0.101757385471687 0.0393521166853905
-0.0521407181209886 0.142510697644311 0.0672913380820923 -0.0314245137097149
-0.0196489301401152 0.231196730226277 -0.169730454403152 0.218526876537395
-0.180812603470997 0.211766275701627 -0.148572333578538 -0.048764748955879
-0.192905493367496 -0.0239158778740346 0.0850270125746181 -0.108894025808493
-0.00783802230787526 -0.175853319809926 0.15799674805423 0.172666513185246
0.196632582290253 0.0464939815449332 -0.180276278779587 0.188705912096876
0.00288062263273792 0.265156441766767 -0.202814597084393 -0.0915832772943486
-0.258641173338941 0.190644488731024 0.0696266751887696 -0.139313140828235
-0.339452453821091 0.129292889193735 0.177881729394507 -0.0526602327291001
-0.216402885316341 0.241785953608187 0.174234872563184 -0.112990534744181
0.116799745202764 0.273362264511073 0.063122753861457 -0.286012139419743
0.271197267756835 -0.0416302031328979 -0.167336948068805 -0.206701009061979
-0.00361672526995937 -0.254103210380406 -0.196471958773125 0.101140411375661
-0.21594678564581 -0.0850602569516581 0.00621764707274213 0.204130090973747
-0.223329243979856 0.162482914693333 0.15531508234363 0.0849308315537664
-0.0463477203263338 0.209799970133025 0.12283446508368 -0.0982149932108595
-0.0921021372048375 0.235976216181054 -0.175709961648543 0.107446711750236
-0.289130686859473 0.172775432084457 -0.142867924733036 -0.12782413966918
-0.230660195601398 -0.140265815399168 0.102040356268393 -0.180702125616884
0.0782930456891578 -0.247186265609781 0.18781380794862 0.0887189962774348
0.253882398562124 0.126235458936539 -0.0756643293464301 0.157384578474137
-0.064375398162313 0.331391231946344 -0.148333351967955 -0.00178329351055866
-0.340465322137196 0.178610793959405 -0.0177009854942025 -0.0571796844216821
-0.388726064417589 0.14010662351917 0.0427996815373754 -0.00611515224870676
-0.207138300187447 0.297052936561907 0.0994948860141449 -0.0133007326380186
0.194313330408754 0.256020788551808 0.111254430972469 -0.189465111113239
0.230976125253929 -0.151545050515633 -0.104911178947699 -0.203455633165569
-0.176079333509621 -0.249009419163115 -0.172409397042939 0.0998394870447151
-0.290727604433679 0.0528905261924609 0.0656461438846747 0.210156268211804
-0.183600689206432 0.261180063493015 0.213945728701347 0.0471410703125595
-0.00579059586582609 0.240412100512974 0.150282821815927 -0.201203535407431
-0.147092254969386 0.182099268822609 -0.134264115096308 0.014685514810544
-0.301928005410116 0.0457004725896646 -0.0751375702912288 -0.154141535977401
-0.117152852726015 -0.233006366818839 0.148598484861547 -0.175584482820931
0.198711695740415 -0.182707811854934 0.221377338419176 0.0815288587455721
0.218853654168542 0.219822127896605 -0.00741802389834443 0.206396378546181
-0.12732476717429 0.319997725841131 -0.162531316931956 0.117371450638318
-0.352714884312685 0.135616792106491 -0.14261963849693 0.00522267430593638
-0.375085281191883 0.126596826052717 -0.100836091016607 0.043628869853149
-0.174091184874991 0.287115898575643 0.0510563498283031 0.106226376964922
0.181643078808234 0.206641970337288 0.221379740891461 -0.12302591060496
0.143213894849622 -0.123520587197442 -0.0103606285836821 -0.287639562936759
-0.189626459027574 -0.132940115225635 -0.175531955292065 0.00200781535338106
-0.202800978896872 0.120532202967839 0.0622849575095814 0.144833191224254
-0.0891815840247642 0.247148993553553 0.198615682039309 -0.0237875946799572
0.0332522323357586 0.213570372947373 0.129395784906169 -0.303802969790896
-0.149047824361109 0.101954166108399 -0.0681793970270611 -0.0255947994227578
-0.208001437493556 -0.0546669122477306 -0.0414443686339979 -0.0910542417102707
0.0266532193544722 -0.178515262982656 0.0819388699151726 -0.133772051915133
0.184302772232167 -0.025415315791151 0.181571088780762 0.0368148895298475
0.0922193772094888 0.228719309511595 0.00955650054859537 0.221341905721768
-0.140374522391654 0.235521528814511 -0.20608189667905 0.18657935868662
-0.289571120202721 0.0865694028171911 -0.262330658068782 0.0428055588143058
-0.304836783450524 0.0960907074143137 -0.232861299091143 0.0867789365295189
-0.138805133264766 0.223659130815459 0.0145531442972399 0.20306564126054
0.114659601713637 0.165162841505403 0.298751749468308 -0.0915941409165746
0.0953406289640704 -0.0350427827037947 0.0220140824151639 -0.366162596429252
-0.0970636981734763 -0.0613334511476429 -0.244608337293535 -0.0722988095695763
-0.0945947870197477 0.0750090076909428 -0.00686516186453752 0.120318937565859
-0.0275762409864687 0.152242620105539 0.136147059792561 -0.0497966913962949
0.0379140594741957 0.144846339964511 0.0824631485676729 -0.369974544570667
-0.105992779933341 0.0332240311771927 -0.0143037321957026 -0.0225467737865037
-0.103934861809639 -0.0715154301271312 -0.0703384556052035 -0.0111458243517818
0.0554184436288172 -0.0847935161242385 -0.0238042560946659 -0.158151778995346
0.0885408240492389 0.02666584177626 0.192823124657734 -0.0528618423928013
0.015042061748017 0.139740197325563 0.0526863277183375 0.225615466499081
-0.0913011733907998 0.131351206722295 -0.220948361164026 0.224587441936989
-0.177356734348149 0.0454267304945005 -0.342353280892198 0.0716559907651496
-0.192307440523726 0.0506481486198575 -0.326658884982831 0.114636372902535
-0.101075066208071 0.126176904950211 -0.0264618481360596 0.259090628082861
0.0425094452682807 0.121024080726306 0.320298557285235 -0.0521160030835028
0.0605741013098583 0.0243330226688356 0.0419443275488159 -0.368962351556256
-0.0241352889983073 -0.0287952476226381 -0.281182633063199 -0.100139702516357
-0.0347290336032314 0.0168278019189305 -0.0622541742534727 0.130746861978614
-0.00708734725725523 0.0512546725922958 0.0864860147950836 -0.0316530081274504
0.00585986024011174 0.0644870881137642 0.0486804727659468 -0.393104152932379
0.0143490759590609 0.00768339128733635 0.179539291695 0.326243552481991
0.0173240621442077 0.0152729666848801 -0.0578708462877788 0.0462944373828651
-0.00180335185462844 0.0104260022154722 0.00295251588971799 -0.161894271454876
-0.0113569330705168 0.0120685612389346 0.292760139102592 -0.0582282152039223
-0.0384400024755022 -0.0350049682469688 0.11581776461059 0.318001051619772
-0.00879574305771963 -0.0454401118018934 -0.265327819086305 0.175934370073155
0.0342884961317881 -0.041987940971945 -0.115208548634888 -0.273475937883953
0.039365551992196 -0.0198764834275568 0.241357232731063 -0.324058087125549
0.0219607200560085 -0.0307457677772898 0.251095411108857 -0.305223456309067
-0.0138301148214828 -0.0437503041989804 0.00348887933591462 -0.346132909016092
-0.0438337796141827 -0.0145484034736686 -0.212267172834671 -0.145980904787282
-0.00363344566010933 0.0325603206690676 -0.112848438015733 0.207343394228135
0.0207554850523154 0.0226566183111279 0.175816061092283 0.120086420886756
0.042387579041091 0.0117666883048589 0.0664329065039053 -0.0964403426664177
0.0434903306021075 -0.011062131851556 0.00744543105428446 0.00175842553118265
0.0819107705812378 0.0607595009722678 0.144782349080973 0.328453067962721
0.0378696835945986 0.0845285713892855 -0.0638249320462993 0.0424437900250114
-0.0293380867691999 0.039095758541094 0.03429613108382 -0.162897355726353
-0.0412101422753895 -0.0198408480665823 0.311094445645444 -0.0106143200285213
0.0220465102177642 -0.0601631587542549 0.0636034016914056 0.328152804831967
0.0668333502030368 0.0193093289564131 -0.283543967425747 0.12190369902156
0.0185914607557021 0.0889141475821027 -0.0756173909083065 -0.278141564413558
-0.0534195902828015 0.108148361357288 0.236554461300943 -0.30764705509952
-0.04546423020697 0.0936569230156826 0.20650365259803 -0.316202721235965
0.0142204117743502 0.076173987727926 -0.0557280377236082 -0.357091203093787
0.0460475117405795 0.0388245431887812 -0.23690495737088 -0.112086477719241
0.0628536231526823 0.000755916532663905 -0.0718594294810661 0.201624060868395
0.012751809955401 -0.0442213859313542 0.162034601489388 0.0901091598337801
-0.0409701906835169 0.0408585412893505 0.0717939513968628 -0.0798068026538202
0.0281516264986894 0.0704538443395465 0.0133484592884787 -0.0182021100560028
0.12426083345918 0.127491516795783 0.0785786551103002 0.321904630583235
0.0318600720410706 0.175409377212399 -0.0910923394670465 0.0559027841740762
-0.0777577147554372 0.0732158632435096 0.046508494435918 -0.141017553956617
-0.0717289932321972 -0.0641934201060464 0.301677050186489 0.0471755875738008
0.09883773368091 -0.0734765158176951 0.000406806725278654 0.329169848709521
0.126915248856376 0.109863408975183 -0.279762125130293 0.0737298555697191
-0.0301932566279125 0.214399154212086 -0.0401483766527831 -0.24318037965915
-0.14113860009711 0.223555600903671 0.190886221876786 -0.245581852646613
-0.0669189394370488 0.223051280812505 0.13724416609198 -0.283045093013679
0.121231717393344 0.1634022503965 -0.112617412938158 -0.335544657295753
0.176423610182353 -0.022923822473662 -0.251317433044073 -0.0923998213880493
0.0396619410411824 -0.130698995427363 -0.0758057858015439 0.171510859389553
-0.0964019767995875 -0.0655806236634201 0.111035249090391 0.108962981526139
-0.10574708219069 0.133100218684203 0.110082473691942 -0.0279643029246209
0.0396938739025598 0.148419575893622 0.0355429255694236 -0.0694175542061901
0.11791327482681 0.200124215770473 -0.00672008994448279 0.280113200449692
-0.0255731393896631 0.278333373544955 -0.149572010358364 0.0472029085042614
-0.172033665731152 0.0924835117008452 0.00744198220578567 -0.140505071808838
-0.107318311159325 -0.141122411767321 0.234509544315569 0.0511259354732793
0.190082881783358 -0.0750674465125024 -0.0390062803064496 0.2647165102385
0.157103466665601 0.217525944105642 -0.223089730232258 0.043237962737751
-0.106619260129543 0.309361073230236 -0.0232829426981785 -0.158928871135985
-0.208392923986391 0.306975111217523 0.117929614313147 -0.147860882471662
-0.043589482710995 0.325884081249356 0.0833739918076262 -0.194267001566808
0.254330407978891 0.160870696010194 -0.115572695416493 -0.274421121634877
0.203055450224348 -0.1915864797772 -0.261816918268328 -0.0746034432422705
-0.149634107779102 -0.2104836156129 -0.103375385195917 0.200012813289944
-0.228637814973499 0.0546930536906124 0.129646283482549 0.166669487465606
-0.0920393202178849 0.265300078037983 0.182462225118325 -0.0254613563353387
0.0841335037758759 0.200226698228858 0.0409232820078795 -0.158075704227956
0.0610325429602528 0.2480480707442 -0.0789197521150081 0.194193265016793
-0.138138818017791 0.309803123299577 -0.191272836454364 -0.0188257275699489
-0.271286418663577 0.0173775648172966 -0.0225681340821499 -0.208320848948616
-0.0792081074792415 -0.250654546862982 0.208353049291126 -0.0351570280719372
0.285481846575076 -0.0404254658232523 0.0261768056423758 0.176048491587637
0.138851419162762 0.31291261938486 -0.125310865491489 0.085071102544417
-0.181636784027801 0.347806499103163 -0.0492612722049356 -0.0398803629149593
-0.241699998537295 0.345087234230431 0.032152765161283 -0.0296298740492431
-0.00295870263369912 0.367932983961644 0.0789018013628022 -0.0684037722560945
0.309587392122945 0.1028789188995 -0.0185461560276613 -0.223293653491847
0.106907551747842 -0.26135704733562 -0.208870417594375 -0.109532089544452
-0.291329034123969 -0.106645951351579 -0.0831741629525212 0.184321531620282
-0.209898559083945 0.212003458371473 0.18260644934606 0.134727372137653
-0.000920524713850544 0.32374230641835 0.208745559546409 -0.0925621121736562
0.136005837190108 0.201734440073916 -0.00013271239042581 -0.258563102430298
-0.0154841105668561 0.235322690981478 -0.10022584158706 0.0936223287838447
-0.221192379009705 0.212739377141283 -0.153601280378813 -0.0811284128559429
-0.233539920516933 -0.125843228231175 0.0160960660411408 -0.232074739462615
0.0588173528015219 -0.266898940076657 0.230400112449445 -0.0625753515820989
0.310429717027968 0.0581489965453822 0.112978120591231 0.175558758538002
0.0799961896769504 0.339689305921194 -0.0676700188025079 0.190741338093367
-0.217910109806524 0.319471548297037 -0.117388248493546 0.0852556552735476
-0.240124593387931 0.326414368771516 -0.0593116217189788 0.0955047913720955
0.0196495525563176 0.340658363225109 0.105629715625313 0.0571053939326802
0.270745875424278 0.0671384513456663 0.110718675972923 -0.23297808406755
0.0506000566588696 -0.186872747129548 -0.180619530619257 -0.234247107161344
-0.235980136837758 -0.00199586067932759 -0.144239032308143 0.105810090384224
-0.0981707910080205 0.219372478407675 0.140391138398746 0.0823375532681114
0.0690375053164467 0.25740841667769 0.153075587327081 -0.141308660623777
0.151992230749068 0.155549283309126 -0.0789728916895236 -0.327986889899504
-0.0640110520400458 0.171192252615742 -0.0701527854735345 0.0213599847066576
-0.203774274608412 0.0753505667305991 -0.0886337518948203 -0.0487963292727526
-0.0824861906053139 -0.165660926171188 -0.0128951641832015 -0.158307104127758
0.13895386657574 -0.127824867252541 0.172387851311003 -0.0764503658686931
0.210528297890016 0.138897472079587 0.136645501243232 0.178135265300344
0.0200190994413629 0.277451258575728 -0.0637927877293666 0.274615531507533
-0.193466220629295 0.240245126510341 -0.196403409685253 0.188148490749616
-0.200083704892677 0.260075852720261 -0.145315930549964 0.208883910008927
0.0116210770173302 0.268184643019746 0.131016711782373 0.158743520488117
0.191558096784573 0.0714342450653324 0.192340445069203 -0.252892626984169
0.0616378148026788 -0.0865492885860742 -0.199909716458891 -0.317871349664437
-0.11939432370865 0.00462330472775944 -0.245075629127098 0.085153799855467
-0.0358051452500208 0.118650089049558 0.0677300581238787 0.103241309428757
0.0655968388551507 0.14094231679926 0.0845420542908918 -0.123029249979304
0.116699683453964 0.0951271816988464 -0.157063734865297 -0.354333757408841
-0.0682019868221811 0.0900702322349122 -0.0233044487291496 -0.0086349438203441
-0.12719100428083 0.00122388739278229 -0.0634652847588133 0.0334817292450951
-0.00432781880112622 -0.103581770239839 -0.113390534018283 -0.115383202843933
0.0874510570325862 -0.0294871994074782 0.12907282394453 -0.156682648241256
0.094804609841969 0.108621137718621 0.174574053787044 0.158076067450151
0.00180342275051803 0.161806397639005 -0.0546497364355574 0.316706184663899
-0.122955462993294 0.142133139228583 -0.246670255168538 0.259596295427986
-0.132238602389992 0.154904548105069 -0.206977510524544 0.287382383076635
-0.0121622269106906 0.165092424075149 0.128511492886053 0.230421598310484
0.106061448140948 0.0756194596488733 0.231524765128423 -0.230794297298059
0.0656586995045763 -0.0170849982681162 -0.184273889727362 -0.331343943004674
-0.039566448680149 -0.0106090100327737 -0.290937869651858 0.0820892802266058
-0.0192184965707349 0.0354211558621588 0.0273173224104087 0.144594697077881
0.0244514946813801 0.0454972069876723 0.0540980161682761 -0.0766829668702352
0.0442612010822786 0.0462246015481329 -0.198046238184479 -0.349548477408748
0.015204842150844 0.00813983710385876 0.19419082956268 0.325788763690025
0.019176471672376 0.0146067346960272 -0.0578330151829025 0.0487347006565315
-0.000589439705482643 0.0117415868867119 -0.00274022303144189 -0.166604880604779
-0.0105919121052584 0.0120619511787348 0.295384287546806 -0.070230380498159
-0.0414735612847967 -0.0347175574157462 0.130062734515272 0.319137812666405
-0.01057308147527 -0.0459729795818672 -0.262810533986198 0.186558345469306
0.0326529508832022 -0.0436930311456562 -0.125988157324275 -0.272524401773119
0.0401476199758446 -0.0215647826604176 0.235207436609527 -0.336098008538094
0.021782291518069 -0.0311155330732805 0.247606114703383 -0.31795144444881
-0.0162500915503497 -0.0445268382207966 -0.0053309323626224 -0.351094964493178
-0.0446854865154767 -0.0132245952944266 -0.219502442696791 -0.143872482025131
-0.00195110874692619 0.0320273213041643 -0.109510354054309 0.213596410546063
0.0216652601936165 0.0215998095457593 0.183500453006753 0.115470721157468
0.0438478836506542 0.0103369477762633 0.0628414300864591 -0.101120431130399
0.0431648971984565 -0.0130776558884219 0.00654702793688164 -0.000103888744324955
0.0859036035473059 0.0587607772461116 0.159266517888548 0.329043707122596
0.0406867726579115 0.0834505874729479 -0.0650841959320721 0.0449511559677969
-0.0278375773811578 0.0411294385845853 0.0295063562877264 -0.16827843473801
-0.0407276273038971 -0.0189846843962043 0.317497794788235 -0.0218935215891908
0.0199365478167747 -0.0614312796703407 0.0751445720680627 0.331590097027461
0.0677357576425239 0.0170367217941651 -0.284194214403294 0.135059772616153
0.0218052364441789 0.0890122170497732 -0.0871807610150813 -0.279547449434
-0.050015861997737 0.112113648307515 0.230733787261329 -0.320037557537475
-0.043323038169217 0.0979627918615502 0.20384619017288 -0.327940772555034
0.015821720190258 0.0765254428057031 -0.0681516736337101 -0.360858035437446
0.0472130295454768 0.0387222939203318 -0.243328607284433 -0.109035549658962
0.0648465762615725 -0.00223138166824086 -0.0665316250234716 0.206113633945937
0.0113741271849241 -0.046575489218138 0.168461679583456 0.0862419004864152
-0.0395149896795259 0.0432294099036395 0.0695035704512462 -0.0841805066306025
0.0305617177560625 0.0703646457183239 0.0113194168659546 -0.0196799438382363
0.130530780501733 0.124993357451434 0.0929860210102013 0.325614036006589
0.0394391149704384 0.176408561934399 -0.0913535014654214 0.0599728549299998
-0.0756159517772487 0.0768055720306034 0.0437958363950495 -0.147572724520418
-0.0738485716176501 -0.0625572144735473 0.31050117246489 0.0365606758635777
0.0981511102770199 -0.0761596654652303 0.0129655326716085 0.335797870242849
0.131714656825625 0.106203165178473 -0.281783410996086 0.0853223237398378
-0.0233305012956291 0.217446407981999 -0.0485502439244708 -0.24415130126487
-0.135030822795144 0.231853369432442 0.186730930661384 -0.255099652511972
-0.0622116478264085 0.230296257943832 0.13380198714412 -0.291211044048158
0.128279885246625 0.161705800387112 -0.126851811672737 -0.337715349014824
0.179315063095951 -0.0284745068541446 -0.259431661829574 -0.0877392722090806
0.0374356248204134 -0.134662002775934 -0.0719031740284779 0.176942193881345
-0.10101982839391 -0.0645813663759718 0.118243930373165 0.107442145950686
-0.103105932050998 0.139840106837349 0.110770164174618 -0.0340179987314647
0.0440505233200891 0.149349054228003 0.0321805731141953 -0.0726697983286704
0.12630380303389 0.199115942495654 0.00410072015082187 0.28567046411405
-0.0147916928827358 0.282661335174562 -0.151210404911807 0.0533603524516015
-0.1713909137505 0.0999455367952868 0.00371064177835331 -0.145268497068875
-0.113267143305375 -0.139381640884122 0.243471247012789 0.0439622666204973
0.190680236446587 -0.0812880914148867 -0.0313923175004461 0.271293932471548
0.166364157956816 0.216104851800418 -0.225553385935479 0.053082061933477
-0.0983674571905678 0.316711163189447 -0.029753604771489 -0.16003732506812
-0.201499212491301 0.320230362679988 0.115886745348365 -0.153212944370936
-0.0336759712779062 0.333376042931052 0.0813382199507315 -0.1984975268364
0.26378723578553 0.155193085739182 -0.127635507565682 -0.274416144614196
0.201193497369778 -0.201510785242134 -0.268434560719206 -0.0679836630663874
-0.159160848225165 -0.209353624982091 -0.0980742841201465 0.206734188515051
-0.231299980707625 0.0631309865121203 0.138463943760022 0.164875027983213
-0.0839653887814154 0.274295374136374 0.184703327903277 -0.0330046599890268
0.0922113610177549 0.200380514700671 0.0350866906703395 -0.162863595755657
0.0704972643717995 0.250352165434937 -0.0719919678104161 0.200892792744358
-0.128364392443761 0.317924947774485 -0.19538288655114 -0.0127031365458834
-0.275077886127731 0.0263055774331099 -0.0289678184081703 -0.212071713134184
-0.0881010819774881 -0.251955925078463 0.212874144241669 -0.0407758549897336
0.287859737744537 -0.0502565789553503 0.031300809968493 0.179927580183752
0.150725971981966 0.313407437586898 -0.125759433168467 0.0909719501620651
-0.172542704404393 0.358226860574776 -0.0520533415477339 -0.0389078331465847
-0.236039048863573 0.357808743627868 0.0319618414703875 -0.0317432332550234
0.00824774850351869 0.374838715581855 0.0790304006184059 -0.0723225184393237
0.318040389003314 0.0932878144489203 -0.0262684486910544 -0.226667617773342
0.099489736683419 -0.269942580492467 -0.2171996822395 -0.106398278517994
-0.299576125243904 -0.0968101482202296 -0.0801327301565936 0.190662952696535
-0.205618962398791 0.223810750789739 0.190285938416 0.129725731835647
0.0125816602273901 0.328933747593365 0.209312557249289 -0.102274217632119
0.144007087438287 0.199877912478101 -0.0108673663658682 -0.263831550109092
-0.00761500673960365 0.239897411249993 -0.097896156813588 0.100262476654445
-0.217822870855229 0.224224948750564 -0.159529713653333 -0.0766683039170621
-0.241798999222053 -0.121700001932364 0.00726712254678244 -0.236124908864545
0.0521943947912415 -0.273779982658576 0.232699497435057 -0.070384986677697
0.318158752508003 0.0517752642610941 0.118861541282914 0.175192835951512
0.0921773287070232 0.343300361992897 -0.0633333201575822 0.196097285574595
-0.211717098348578 0.329966640817055 -0.116946730119636 0.0902062363860653
-0.234100573738591 0.340451598387034 -0.0570997651952216 0.0979694904583464
0.0310416575536515 0.345139022036979 0.111141708665318 0.0541623304698015
0.276244831516568 0.0586311709732337 0.103311017446925 -0.242362611265296
0.0457177317223884 -0.191872850248363 -0.194170526664782 -0.234379595714502
-0.238396360811932 0.00780797799577986 -0.144847524774168 0.112780864382219
-0.0916243329678804 0.225202009474089 0.145462078076481 0.0783787166252835
0.0799405497248923 0.258041637938297 0.150695078893323 -0.149111552064082
0.159017150913279 0.151619979839312 -0.093290481432663 -0.330969383989906
-0.0596122656677229 0.176789966121699 -0.0694210819372657 0.0251831947646019
-0.206218901792974 0.0823286196266619 -0.0913753382162976 -0.0457318068466462
-0.0902122007828269 -0.166730427606854 -0.0187677019731636 -0.160814566080142
0.137737640765645 -0.134291224336363 0.173628912058402 -0.0835096357280154
0.218681199983908 0.136855742196314 0.14439366527115 0.177398483069786
0.0288743914184902 0.280475801066387 -0.0563271846296675 0.282207991732199
-0.191770273802215 0.250097577014034 -0.19470732449867 0.197732998187373
-0.193884065508562 0.270333078589045 -0.140430723115993 0.215047339020831
0.0205371983245747 0.271532091370381 0.139513539139788 0.156833244650907
0.196072638147653 0.064775015399155 0.184592910296274 -0.265615905253726
0.0600026659895095 -0.0902208989397957 -0.217633494545845 -0.316435700844495
-0.120227232116672 0.00982856515589368 -0.246940423881112 0.096826607968089
-0.0319711548313397 0.121584707483736 0.072288993545049 0.103267975353878
0.0723777714083495 0.140393515036966 0.0817060413366057 -0.127321198745226
0.120470294827117 0.0918826694396205 -0.173109241701197 -0.353647259816571
-0.0666730913733968 0.0943846434628169 -0.0231215802880511 -0.00689814444517867
-0.130511727838027 0.00515519844113283 -0.0629622296017488 0.0371177268356833
-0.00760703439130191 -0.105611869439204 -0.118388184624511 -0.112970351472875
0.088939758457307 -0.0323220723154888 0.127940513674731 -0.163672846046655
0.100977429474975 0.108812546443527 0.182042458705114 0.157197258657219
0.00664053141203793 0.164211877554346 -0.0457094289566618 0.325276392342378
-0.121145015164136 0.146921745433715 -0.244398264709224 0.271538139032535
-0.12975951137857 0.162204800526769 -0.20210532888575 0.30014900023583
-0.00765042600609706 0.16806209521735 0.139987587057549 0.229720761668928
0.111415339409231 0.0715427084127794 0.226094183990062 -0.24427227545417
0.0658507417265377 -0.0210088762380209 -0.198942415354578 -0.329934156387514
-0.0412318292209401 -0.00830795894069339 -0.292674469880844 0.0946012935039264
-0.0177462010534103 0.0374838839096623 0.0327031427326304 0.14595798949935
0.0262409198853266 0.0441765949113796 0.0532582114684583 -0.079124491922706
0.0452508894523061 0.0449273872147839 -0.214411058195502 -0.346932744021325
0.0161631725153637 0.0077694913626361 0.212775131609619 0.315980565425785
0.019985477068099 0.0135895657988354 -0.0559170311987504 0.0505630195860139
0.000387616306010036 0.0111129041699554 -0.0121915271111592 -0.168371456970552
-0.00891547191905034 0.0118781769303272 0.2927731058699 -0.0860088053062521
-0.0446473792538726 -0.0317944723924061 0.14793372643798 0.31290260154255
-0.0128263361529576 -0.0453275220212754 -0.252630742355586 0.200472355495548
0.0302095014388929 -0.0456409930810957 -0.139298164834134 -0.264921227446817
0.0396921933956368 -0.0234373699710541 0.218477610223506 -0.35006233811862
0.0208375796798497 -0.0311235574809517 0.234433940924596 -0.330479764203728
-0.0184471646861318 -0.0435163273288366 -0.0227979428255798 -0.353084242973289
-0.0454122710975384 -0.0103666830017995 -0.228131686577599 -0.136962252108474
-0.000140686769893531 0.0312514059822467 -0.0998270512683507 0.218510385700098
0.0229693535879682 0.0204874522737121 0.191318471663284 0.105740547316863
0.0447982799560139 0.00819453838207917 0.0561295978416585 -0.104811237282373
0.0417869904213873 -0.0157290490154007 0.00519509475523142 -0.000467216916329163
0.0896652770389363 0.0532965922715293 0.177537854975705 0.321253231775295
0.0455423554704587 0.0807488893611513 -0.0635362898681418 0.0476897370622911
-0.0252286190767324 0.0411945085483918 0.0202181032031928 -0.172729592596999
-0.041217537384437 -0.017013470164948 0.317013398859661 -0.0403245087930612
0.0163446203030487 -0.0621264089613282 0.0945053950765057 0.328482143976273
0.068309653567802 0.013100596630354 -0.276270652542988 0.149933803733993
0.0263237723966228 0.0875426392152257 -0.100776791661163 -0.273377178545855
-0.0441907044642632 0.114386655788379 0.215668022658192 -0.332858546338685
-0.0393098536119468 0.100344135783785 0.189714838773328 -0.338096002956715
0.0184954331495269 0.0760572366929102 -0.0864103209811319 -0.356786506207734
0.049499159077354 0.0371406373095673 -0.249939838255971 -0.0992654088507043
0.0659447346943498 -0.00637642515352034 -0.057237757918408 0.210181976612313
0.00904908693637016 -0.0479147893394349 0.174802057190947 0.0779003107115975
-0.0375115262250829 0.0459334674267587 0.063498839847511 -0.08904600069074
0.0336771564244273 0.0689518696065979 0.00939853171033281 -0.0209100576315806
0.138383470206289 0.117963686713951 0.111530118322661 0.319967560824413
0.0483333933143749 0.173294653645738 -0.0887278787876135 0.0643671749299225
-0.0703460248244505 0.0803776954519805 0.0353870135583195 -0.152272854269535
-0.0755558837736153 -0.0590877895027878 0.31547868715006 0.0196195291446321
0.0937908152031333 -0.0809117444279891 0.0310829284296326 0.335528534501576
0.137270971617657 0.0993666528897424 -0.276921622799484 0.102274431115484
-0.0124103719322839 0.217643642247968 -0.061508772340661 -0.241206044382631
-0.122311733998331 0.238906913037789 0.175302521950976 -0.264522230248702
-0.0503904002492613 0.233992468624393 0.121693090483077 -0.29777525345144
0.135345807953936 0.155628047511352 -0.144444011750151 -0.330905376896489
0.177883633996462 -0.0373694477515959 -0.266160992915352 -0.0758266814613008
0.0300506628846191 -0.137813543731543 -0.0636765960181904 0.180730087587676
-0.105146227771914 -0.0606263781647484 0.126315404103447 0.101094963061815
-0.095355537001234 0.145768176906097 0.108002141693049 -0.0410506078808318
0.0522990401386933 0.147277406144855 0.0276267016123165 -0.0757971905857148
0.138023711943797 0.193130326456742 0.0201533055819034 0.287415798185533
0.000833736523215436 0.28361228614562 -0.148866221658507 0.0614357956636361
-0.164938135246897 0.108206844520689 -0.00225322004354745 -0.146855858261321
-0.119194766295464 -0.133538078049528 0.248753054149623 0.0308256281162875
0.185875529128668 -0.0906396048483892 -0.0161222581759657 0.275799146608451
0.176878529304735 0.205857382311971 -0.223180530097349 0.0664477250862066
-0.0822990165669996 0.319872718605062 -0.0381909678417517 -0.158647844426154
-0.184515120222939 0.329334863720267 0.110147219762445 -0.15884651501493
-0.0172208427497366 0.335135812439334 0.0735391725744113 -0.202159207928976
0.272256100033677 0.141705966245024 -0.141829102605452 -0.267493476623712
0.191911766660103 -0.212861103003899 -0.273495567713435 -0.0547275016701306
-0.169570701081187 -0.201218432659072 -0.0878007481132631 0.2127026459452
-0.228527300539653 0.0753541090270957 0.149424375356584 0.157169160260476
-0.0678864356061131 0.280028485060907 0.182745731941012 -0.0441375785789013
0.103513771521477 0.196400081465592 0.0250591525431687 -0.166067324804724
0.0840335868626046 0.24619574612377 -0.0609238234318037 0.207147828845184
-0.110499517393674 0.326612218982394 -0.197085563581781 -0.00179694315515086
-0.274498614084936 0.0399973965255868 -0.0390732941658994 -0.211637892585542
-0.100292241714849 -0.248176055756098 0.212321107306046 -0.0509685820839452
0.285755757363371 -0.0624955310696248 0.0387996192551424 0.181258752025945
0.166288464988899 0.304438279757772 -0.122467074721538 0.0991314203626675
-0.155961302550766 0.366048640204486 -0.05511089528618 -0.0367587714459628
-0.218156637587676 0.369622353129961 0.0309121972982571 -0.0331559599148869
0.027763331280234 0.373507114247334 0.0775371295748179 -0.0752298209375526
0.323429725021985 0.0753797941299018 -0.0391565965328818 -0.227133200318278
0.087179682483069 -0.275119491009323 -0.225078223430226 -0.0973627055679448
-0.30421671294599 -0.0812776543249501 -0.0712880965695536 0.194556741899148
-0.194489358507 0.236055070166964 0.19856317215623 0.120339928652592
0.0314410374430152 0.329126846917451 0.203127187426383 -0.11557421555598
0.155151366454239 0.192307312161841 -0.026404184405806 -0.263896421217582
0.00473701601523044 0.242875681243423 -0.092028138241046 0.107399423797039
-0.207063038219748 0.236482240672086 -0.164180626090425 -0.0677197983350927
-0.250388690674906 -0.109893667897011 -0.0052286956436161 -0.237949211216876
0.0398637557257124 -0.277430493608743 0.229663826219933 -0.0834559357084593
0.322726631381785 0.0379649730567241 0.126049386899484 0.169479294574061
0.109012184973106 0.339084678715455 -0.0542991894236162 0.201164921613977
-0.196932882513873 0.341575113806246 -0.11397278565542 0.0958705746496449
-0.216104828848379 0.352796197780034 -0.052424134241255 0.10113403705515
0.0479875502060923 0.345430658503344 0.115548434357317 0.0480377303850774
0.280247667381146 0.0439294304492502 0.0901183856656021 -0.250244135309749
0.0360043685692976 -0.195240458755556 -0.209810876760476 -0.227350867340153
-0.237066336945853 0.0214642151498744 -0.141485191318358 0.122283792982325
-0.0789147363928716 0.230876652664192 0.149312136103657 0.0713976724499874
0.095424984990073 0.253301046883819 0.141921130383018 -0.158460398080756
0.167077743246329 0.144223500577971 -0.11320717896646 -0.327324630885969
-0.0513592998850177 0.18086157923163 -0.0675091833536655 0.0301330703853534
-0.203509548538907 0.0937389916352643 -0.0939340200225695 -0.0410426188642805
-0.099460048188962 -0.163477177420272 -0.028165236622676 -0.160063284805064
0.133519046770632 -0.14186747483883 0.171465449580541 -0.0940499122082622
0.228597004545462 0.12773125846143 0.152478825070108 0.171383459641722
0.0411319836924882 0.279716876454084 -0.0417309190989293 0.286893716431639
-0.179281378841262 0.260575147291387 -0.186141794594545 0.207286064455424
-0.181190662821669 0.280425143179589 -0.130112703468701 0.222935814556337
0.0350393599004586 0.270071908061003 0.148197191483352 0.149015728850257
0.199934033526103 0.0539022777129054 0.169319663428888 -0.276117895741575
0.0545726899029963 -0.0948567053651338 -0.23688804021091 -0.306524208650444
-0.118639648641523 0.0165172852035599 -0.243208402185738 0.112092719012366
-0.0247605105268271 0.123617431590135 0.0775960375660753 0.099936860230457
0.0796791674304925 0.134733439970996 0.0754893484058948 -0.131514216534826
0.124560296027672 0.0862737721386418 -0.194335190998908 -0.344516326668239
-0.0618092475631278 0.0974936055318435 -0.0223733017056983 -0.00596441839385712
-0.131279807264152 0.0118487922237039 -0.0612304180045505 0.0416561344778132
-0.0139977937950463 -0.106263840785709 -0.124535576694927 -0.107318502169979
0.088076560108069 -0.0370053142790758 0.121262253362526 -0.171043812691756
0.107638037258232 0.104625982678942 0.189778324417102 0.150630522155571
0.013511399514725 0.163212029015232 -0.0300309447027727 0.328320591248463
-0.115539924448425 0.153696955741873 -0.231687345942567 0.28231179837558
-0.121976339074762 0.1682227967792 -0.187426592302717 0.309368054272363
0.000428789946160645 0.16802550710073 0.1510741719466 0.22217492287965
0.115611953832359 0.0647486200499547 0.210433721426407 -0.256740038034968
0.0638676468037504 -0.0258264320048729 -0.218772669359425 -0.318446191901882
-0.041262848341385 -0.00539235845993593 -0.287987792875129 0.11208171064871
-0.0151757043256359 0.0390185479632546 0.0402866736597166 0.145088428047955
0.0282109244946099 0.0412513442070708 0.0504483382323081 -0.0809208898978994
0.0466928133033544 0.042808569375555 -0.234365914342657 -0.335504901848484
0.0169151592735019 0.0073421589077218 0.221763341065715 0.30061096433614
0.0205001679345533 0.0116098262156872 -0.0534894037851948 0.0519439624662559
0.00140417120844201 0.0110989065923023 -0.0186794938792934 -0.165063421952753
-0.0080252013131923 0.0113394918434929 0.282601366221569 -0.0980227282645449
-0.0453018706648018 -0.0292253939387906 0.156248850950331 0.298962469441949
-0.0144975967037925 -0.0431615799852635 -0.237982920599578 0.206272828323915
0.0277262693998157 -0.0452127713516454 -0.146128251326767 -0.251730059799687
0.0388111777094269 -0.0231442576541416 0.199983750314186 -0.349041677479805
0.0200895984783228 -0.0304639695814188 0.217720884268429 -0.334071700740045
-0.0204658876780336 -0.0420441811255262 -0.0341345075309311 -0.341864921230773
-0.0451965681454832 -0.00817373053963554 -0.228366718722073 -0.127933371503803
0.000531107938533536 0.0293163374167696 -0.0886035117754809 0.217603754340654
0.0227564794617865 0.0189390595675186 0.192501123196916 0.0947194192668485
0.0454060151847823 0.00550643702012351 0.0487136298714392 -0.104976925257589
0.0397195814228807 -0.0175009050327528 0.00377980813746581 -0.00221338748937076
0.0897824884360781 0.048515044589622 0.188632685960749 0.305891302427374
0.0477548711041792 0.076017524417652 -0.0613909869901302 0.0492440205141392
-0.0215029980410073 0.0424010936248312 0.0115454419855881 -0.170869594554
-0.0399375779257849 -0.0150827183824757 0.309661054806736 -0.0542039317512045
0.0134862705145368 -0.0604155605694008 0.103435417768201 0.31511691229777
0.0663156592745709 0.0100373407668417 -0.262248374998432 0.158872981418788
0.0285725193913652 0.0837201685035106 -0.109903397820324 -0.262210719104276
-0.0375795666557965 0.11325051683895 0.198102137358618 -0.332300816894596
-0.0344584716971242 0.100613211818734 0.174546496195642 -0.339331474583612
0.0206105864022346 0.0738870125701224 -0.09687788883542 -0.34300539079717
0.049824291155199 0.0353303526354185 -0.248333969923594 -0.0897689941650642
0.0648749556707532 -0.00955884407610988 -0.0474645337204221 0.207484803689479
0.00692288105950592 -0.0480695034058186 0.175316212860151 0.0687688497287556
-0.0341381455309055 0.0473618343874745 0.0570148832958311 -0.089874763118988
0.0359941730498246 0.0660597319331706 0.0069700010535501 -0.0217104323357075
0.139867074454004 0.109701775413449 0.124414929165292 0.307591098859113
0.0544882039598782 0.165967045983351 -0.0854046994567178 0.0669624835704762
-0.0646813934830202 0.0808924711679772 0.0289148887433841 -0.151718235890207
-0.0757970501179284 -0.0541202698348953 0.310511585787824 0.00529698684663919
0.087650236082844 -0.0818319429847099 0.0433259257889645 0.32691128967521
0.136816907422823 0.0902672652362199 -0.264954701353744 0.111726170966867
-0.00377303134226012 0.210744242167504 -0.070283699175803 -0.232037175426954
-0.109876357730066 0.237747195343148 0.163095240182003 -0.265791965099948
-0.0406922403007028 0.230037837741232 0.110235814317233 -0.29521783853312
0.137452870231208 0.146800539814903 -0.154309525154918 -0.316002658543651
0.172884305999725 -0.0434393844968336 -0.263452313851396 -0.0643407369249158
0.0246536228227551 -0.13646003800467 -0.0552271702366754 0.180425531676966
-0.104761763962258 -0.0555722624261959 0.128337862114445 0.09380697727023
-0.0861973219541795 0.147402662513675 0.102616485294076 -0.0453581648388251
0.057580305076403 0.142106070134591 0.022460232074484 -0.0758698769964846
0.143819800085875 0.182718447511374 0.0335612708331445 0.280075086703084
0.0129852199824007 0.27562055642971 -0.142653313207327 0.0666274218095544
-0.156829032013312 0.111688536404431 -0.00806515144275723 -0.145180420033559
-0.121475697754023 -0.12472225244021 0.248291704464617 0.0198469970875775
0.177519892015003 -0.095207733117133 -0.00619077106362935 0.271377875482213
0.179217428614948 0.19188115205634 -0.215105603503222 0.0758750514374642
-0.0679563965251379 0.313507401422715 -0.0445560229363072 -0.152493892233043
-0.166032321355906 0.32755960819021 0.101454816497086 -0.159567095943798
-0.0028794590733375 0.327878758292757 0.066725915248225 -0.199523720545375
0.271369972436264 0.125960424099794 -0.149309332751944 -0.25459407671203
0.178022037185647 -0.215750305852528 -0.270839797646437 -0.0434384678657268
-0.174386488191965 -0.18974944516176 -0.0760228735481515 0.211389937956342
-0.221014926279579 0.0832609457757529 0.154108203135408 0.146966901265716
-0.0533152907806381 0.276893795168433 0.176516876137349 -0.0522569577303064
0.108473281237283 0.187266428581619 0.016098839683724 -0.164688039950069
0.0927646387115435 0.238708252033262 -0.0497751120805378 0.205993876910763
-0.0948342976368843 0.323239186741712 -0.192645755470399 0.00717124654817679
-0.265468900003144 0.0502931634048188 -0.0464194122362665 -0.205739085681647
-0.107402649360144 -0.238354055927648 0.207956850984911 -0.0591971994750263
0.277192292407351 -0.0717301649097074 0.0433566307804055 0.17685069490702
0.174705895511846 0.288994846823892 -0.115453793261194 0.102619591831568
-0.138076581567972 0.362830159868939 -0.0563133089732176 -0.0336404878039548
-0.196591407668708 0.369745059710179 0.0291351807505946 -0.0331950925599695
0.0425259579763388 0.363668967759448 0.0740282154038448 -0.0764565527323726
0.318823578040025 0.059621588098636 -0.0474247648538002 -0.21927269160075
0.072722691543027 -0.272871166460857 -0.224581678811994 -0.0873897576486294
-0.298720471730372 -0.0658368010250524 -0.062342680466357 0.19247567728917
-0.17733790938988 0.238603481617647 0.199033945417273 0.10789456871813
0.0456874010964753 0.319363336171667 0.192507295654261 -0.122392187880881
0.159280353687354 0.180263010102806 -0.0391549203844877 -0.25856032799883
0.0146344961968591 0.237810403361579 -0.0849958196653021 0.110181220240313
-0.193867728290532 0.24085850962959 -0.163579569577957 -0.0582660795650547
-0.249466536707142 -0.098057393347698 -0.0149674555808862 -0.231725055242372
0.0293652369404539 -0.274020757796078 0.222620489603061 -0.0912651843258908
0.31890794567169 0.025915805134603 0.12857362620382 0.161785246813494
0.119020760397917 0.324802751547538 -0.0447485667529861 0.199001130869282
-0.179553971099725 0.339445540720642 -0.108863409947895 0.0974972982771032
-0.197340743130429 0.351453292170283 -0.0478196132975182 0.100755453912365
0.0614333019430841 0.334600380174489 0.114611343611771 0.0425050427109066
0.274470558584453 0.029654535958167 0.0773962672808617 -0.24961535383889
0.0260772364729056 -0.191761044362474 -0.218413162260027 -0.214319219887419
-0.229032893149713 0.0314875393329868 -0.135092507444215 0.126465813093089
-0.0656645003495044 0.228217304561908 0.14781911640398 0.0632717566773461
0.105057917767084 0.242033588849731 0.131552751224109 -0.160979647519934
0.167898191823659 0.133213389242847 -0.127649739659738 -0.314777841361367
-0.0431202414559634 0.180558610914928 -0.0627598189615205 0.0331049849716573
-0.195806042508383 0.100964359724622 -0.0939116699160464 -0.0349627653830152
-0.104269880008123 -0.157094403581615 -0.0349018061035517 -0.156076517091585
0.125707805033484 -0.145302238134219 0.164414118257905 -0.0990458103206399
0.230422397561457 0.117018344409319 0.154605146888074 0.162090171980866
0.0510773920795496 0.269562036621915 -0.0294315971683061 0.280865895473783
-0.167020694170404 0.26115120786083 -0.175670971785544 0.209287691774356
-0.164584539780164 0.280290688232349 -0.119259102569991 0.22293089591843
0.045056356449379 0.262870512791967 0.150827959226686 0.139415297762657
0.196686826200947 0.0431143131177811 0.151668267426251 -0.277281781591407
0.0491654609723894 -0.0946847138801637 -0.247878508556012 -0.290095943287404
-0.11369283680569 0.0225397873125396 -0.233501285913686 0.121743280694
-0.0174549774302365 0.121367118760508 0.0794921510239277 0.0954822960178035
0.0842139325958949 0.127199474996838 0.0683160642598182 -0.131211162996073
0.124609934234765 0.0788092090404739 -0.205537854873998 -0.327505564901809
-0.0573603098910697 0.0990284110012273 -0.0210038836615168 -0.00403801038821017
-0.128045383260827 0.017788846771024 -0.057723236574075 0.0435409969670828
-0.0180695924771603 -0.103903035901759 -0.125909989272288 -0.100349303444987
0.08519582345211 -0.0401997569821486 0.112553135497884 -0.172555300321917
0.110433753932606 0.0978985261204693 0.191764486460468 0.141068497938531
0.019608703752139 0.157526079880399 -0.0162747348375227 0.323081357600824
-0.107606241257965 0.153571089036897 -0.216258519202645 0.285027705741777
-0.111640358375919 0.168436425861133 -0.170721869781074 0.309889817655566
0.00709108702233273 0.163725751479522 0.157021887739592 0.210095140623157
0.115197688468803 0.056291165361043 0.192915004789896 -0.259745323715513
0.0604865177176687 -0.0279303114897562 -0.228802216313358 -0.301366574085594
-0.0399691928940546 -0.00284262733770319 -0.27548590377731 0.122923409648639
-0.0118329264759728 0.0384355481558947 0.0451652881152277 0.14075316908059
0.0291064091145089 0.0381042592829719 0.0466882696673446 -0.079816301625739
0.047729256636232 0.0400677408698122 -0.244019274885762 -0.316417988254913
0.019237962033612 0.0101174507854242 0.225362226036906 0.278061544780078
0.0199179477507536 0.0101346059270963 -0.0514046285122652 0.050003102316233
0.00144847476707912 0.00951573706674886 -0.0244989777157156 -0.158703116764948
-0.00581517725437547 0.00866153042641878 0.269982215746691 -0.10370133042348
-0.0437629952397482 -0.0254908651981265 0.16299911735777 0.282056733458036
-0.0150796601425672 -0.040968123468445 -0.222199389038201 0.207701871707147
0.025488302611233 -0.0438627166453186 -0.152238881846691 -0.239205813237303
0.0393953736313237 -0.0237104404791736 0.180762251643671 -0.347662148035386
0.0207481314020776 -0.0292026071138728 0.203634304516982 -0.331633627769862
-0.0186716768369861 -0.0405580425484797 -0.0423665169094947 -0.33050946697465
-0.0425488233406823 -0.00903330412417413 -0.228356107701362 -0.120433176315988
-5.28314852249903E-05 0.0278852267305433 -0.0791080035637916 0.215521952099382
0.0218646289780843 0.0192903695373875 0.192953157197834 0.0826303864195502
0.0456980877721265 0.00422481510936996 0.0410362442420602 -0.104621868223683
0.0376708310726317 -0.0180071911220181 0.00155597743470463 -0.00261830532229673
0.0905664845732369 0.0470466634583595 0.193899428133244 0.284860490009768
0.0475233518921345 0.0719304659188859 -0.0575330608105958 0.0478607626882737
-0.0197398494611389 0.0392476937247008 0.00588074597914291 -0.165193310638548
-0.0366498200777212 -0.0156813706765335 0.297162560443098 -0.0620160961146864
0.011842719748026 -0.0573873051811178 0.111222648967252 0.302452238931533
0.0639894277380926 0.00828682001940675 -0.247865296289561 0.16218969926026
0.0301307817768565 0.0807363409443255 -0.116062993965169 -0.251764471783132
-0.0316763205632725 0.113194657278148 0.17936641635387 -0.332526213823809
-0.0290756044967135 0.100934438918984 0.161182794299506 -0.336559189259509
0.0234735956820851 0.0716281281984567 -0.105334655494438 -0.329168251904668
0.0510534055823578 0.0312991972317238 -0.246916562565982 -0.0801773715762031
0.0621196667043895 -0.0117414544741747 -0.0404941257272762 0.204579042424297
0.00417793270615593 -0.0465554930709596 0.175108984747147 0.0590771154677167
-0.0308930195325826 0.0473243775236725 0.0500850996149052 -0.0915028009936654
0.0370688874647388 0.0633386803408107 0.00318975411349704 -0.0226391648408533
0.13944691707603 0.103041951404805 0.133271712848394 0.290104991063727
0.0566014310524152 0.15801380023048 -0.0793206784450862 0.0652872286538442
-0.0596636532380658 0.0777195396588731 0.0230872524963632 -0.148903208567002
-0.0721743384599459 -0.0505646940744664 0.301861541274499 -0.00584863704357866
0.0839916995241846 -0.0806157847521228 0.0530774666525349 0.31584196205677
0.13487986492072 0.0838925021309923 -0.25303609594269 0.119071928026521
0.00164823687640022 0.206636819984066 -0.0773794986739645 -0.22288590282678
-0.0973125444454836 0.235515430961382 0.148383891480312 -0.264160946312697
-0.0334262415085204 0.228562931838081 0.100015391731137 -0.29118199559622
0.140644064242381 0.139576786431334 -0.160790923257571 -0.300460953311353
0.170383705596424 -0.0490584599346514 -0.260991963153703 -0.0540652023835388
0.0205534156277286 -0.136037025326596 -0.0464536301464841 0.179466007112583
-0.106102447194021 -0.0511514292758081 0.132120017770611 0.0858996337275628
-0.0793250831308131 0.147376306607725 0.0970982373863633 -0.0506625587639778
0.0613641121354147 0.137611879459651 0.0145587153743484 -0.0760441290528967
0.143698793754916 0.173433069185184 0.0450043760231561 0.267710950585933
0.0190927215699622 0.265738746684287 -0.134391928633244 0.0686353895187264
-0.146880085318849 0.110653480322313 -0.0111739858143476 -0.140110114376284
-0.118341558065206 -0.116536524600932 0.241177645522811 0.0120427850804747
0.170803992744229 -0.0971326328494647 0.00417793001584695 0.265332887220766
0.180059789681944 0.180653380456802 -0.206197225831385 0.0824030596640617
-0.0563227748250221 0.308644239032958 -0.0502520873999444 -0.147324241171961
-0.148652610658662 0.32672839870261 0.0935431689182497 -0.158503116171412
0.00725334581204183 0.322840259817824 0.0602533886408943 -0.196430636224036
0.270913917455491 0.114975558694777 -0.154319737428048 -0.241465688135899
0.169546389443982 -0.219140048846512 -0.266492861971403 -0.0303466717765922
-0.177156211039934 -0.182806618407014 -0.0640551977207327 0.210352393004488
-0.214171386075218 0.0885042102440748 0.159110020975806 0.133377979472628
-0.0424725313530603 0.274423816759171 0.167536723845132 -0.0618945408156911
0.114002315986327 0.181313663799526 0.00213192286927779 -0.161316356675158
0.0954114747278377 0.227645931141196 -0.0375486844232281 0.200380104497131
-0.083111929093007 0.314157399549225 -0.183707727570989 0.0146969669334114
-0.256482757323996 0.0544136631563879 -0.0516833883275712 -0.195589024128645
-0.108878801658999 -0.22753409687319 0.198883638792116 -0.0605648879922705
0.267393417925551 -0.077560342705336 0.0454464691301676 0.172059953375809
0.177926909894024 0.275026429483522 -0.110325169137134 0.103283964636934
-0.123941098603138 0.358939548737864 -0.0580001792594375 -0.0316164314264796
-0.179097295573375 0.367481746799609 0.0275194818930032 -0.0329179832343943
0.0514508522219629 0.356111105464893 0.0714174115494358 -0.0776784470419255
0.31493126983744 0.0479380398420433 -0.0545756612903175 -0.212883314472093
0.0647178815859626 -0.272826795016752 -0.224254923562655 -0.0758877358964362
-0.297192808495091 -0.0561296601702357 -0.0516343805591094 0.188901715943827
-0.166425065959908 0.239980774725672 0.198499194766655 0.0920580411667554
0.0560916637856718 0.312190160640512 0.179646586857461 -0.130811702044983
0.164500224047954 0.172504579498082 -0.0575082163833055 -0.249197297455623
0.020100745223939 0.229944326571172 -0.0749279799966656 0.110701850575459
-0.181919062784454 0.238295190980687 -0.159466412122775 -0.0485489544361975
-0.245825020510704 -0.0903596416421707 -0.0238899820073923 -0.221229917226806
0.0220516457286999 -0.265940635169633 0.210533765568304 -0.0930723676667681
0.311834150705577 0.0158722683616669 0.126865695827149 0.153616564217368
0.124899380172672 0.311466494006625 -0.0374983298301078 0.194488501168465
-0.165413723005209 0.337741072385659 -0.104178569161062 0.0983523660303892
-0.179970417490684 0.350273318046264 -0.0422239105659987 0.100348997278741
0.0701369645358383 0.326755189617302 0.114893115361381 0.0361381660957948
0.270848184474687 0.0206817618151909 0.0640809135251026 -0.245446561169278
0.0224773764146408 -0.191646429487261 -0.224273922602168 -0.19934379356323
-0.223584140344142 0.0368164030505424 -0.127149560247068 0.129209843251945
-0.0565550866820448 0.225686104209114 0.14601449454357 0.0531798665494834
0.11169574605766 0.233425748587368 0.117699340572726 -0.164077745244347
0.172390122849666 0.12506704912986 -0.144826938055715 -0.298567184920528
-0.0369838051642808 0.175825975335883 -0.0568107425664209 0.0359328790821956
-0.188061446374831 0.105048101363086 -0.0914360855975792 -0.0296775059353824
-0.106202589694733 -0.150779212909993 -0.0392427283148836 -0.148582789748231
0.118708366562497 -0.144505724082186 0.155510925892161 -0.100468707507553
0.229921943131171 0.106331151699184 0.154320300126259 0.153784295878173
0.0568687903848392 0.260772808320968 -0.0199826977200693 0.27472248320783
-0.156093429861263 0.260022890918296 -0.165704350763811 0.209472829196002
-0.152443647741686 0.278174074930066 -0.107181502687633 0.221265268147338
0.0512988820679737 0.256822931116128 0.152164622611622 0.129415786663677
0.195854354650588 0.0372721597986179 0.135522209223926 -0.276907594538069
0.0486471559353338 -0.0980498099322483 -0.255714367768666 -0.270718637889796
-0.111527227663511 0.0237775648679099 -0.223791590425772 0.129955638256925
-0.0128020595020742 0.118686562389432 0.0801150088812554 0.0893458647812007
0.0873419718790726 0.120640126047964 0.0588406448275911 -0.130420354155246
0.128913216873504 0.0729386907535803 -0.221497124714611 -0.304765745373077
-0.0529100484678041 0.097298163248114 -0.0188293941663162 -0.00283835348856032
-0.124445408761376 0.0210243801074626 -0.0528434401912894 0.0448030791725314
-0.0215441357125187 -0.100169453871109 -0.125457062351443 -0.091576436980528
0.081241560697308 -0.0420503275949747 0.102604840744754 -0.170206329849987
0.113052061543885 0.0911449484957818 0.189315223892726 0.131544251411376
0.0233252616179418 0.15186424217988 -0.00676701488231308 0.314074048986178
-0.10075761709401 0.154019668953474 -0.2033513396014 0.285660866242186
-0.103811555977072 0.168447611692188 -0.153777227758851 0.308231616660334
0.0118593304714764 0.161832191452141 0.161630283892787 0.199553732033421
0.116843910568485 0.0527121463387683 0.175457324298291 -0.25891158470126
0.0610022415181687 -0.0323334418819622 -0.236554157571854 -0.284573624104425
-0.0405595966099508 -0.00364504746290133 -0.264476163134832 0.132475287691145
-0.0102754276109357 0.0378891412204948 0.0500775498906771 0.136438750641395
0.0293978444600273 0.0350493431468918 0.0420174328797275 -0.0793162990734482
0.0524567681937629 0.0364256188596701 -0.255455519435216 -0.291962487328614
0.0199403279100054 0.0102785911369459 0.224459132955745 0.271805742232728
0.0191264663169314 0.0101617036356481 -0.0516053035365061 0.0486107208382266
0.00136322890884518 0.00877412343408982 -0.0255029747660995 -0.15783031044671
-0.00609609951787547 0.00868033643934589 0.26537141386884 -0.104451658354766
-0.0437421496578274 -0.0234617472152241 0.160854400258122 0.279116726731381
-0.0158901358326073 -0.0386555057542219 -0.217848936747795 0.204691167646491
0.0249783631994721 -0.0430684583621217 -0.151360435111552 -0.2345495796825
0.038917955586585 -0.0229613142532998 0.177021543014865 -0.343260869321897
0.0215002478725255 -0.0278217968189338 0.201683699582369 -0.328351577514445
-0.0189468364740496 -0.0393968720991921 -0.0410766231559434 -0.324726008991217
-0.0417067139349768 -0.00770636574952378 -0.225989435641625 -0.120511534146218
0.00013514884969334 0.0264636601639502 -0.0781771213262892 0.211877505130605
0.0215873758929626 0.0198449950290088 0.19098220523092 0.0795120631203389
0.0452390371400213 0.00380118618623822 0.0374733966803611 -0.103048434477641
0.037019307408315 -0.017231153290787 -0.000555888375816097 -0.00325372956422434
0.0897989199577625 0.046397470394241 0.193804984085245 0.278937544820423
0.0462897716472268 0.0701352967874342 -0.058324293502618 0.0467650311697252
-0.0186902993540361 0.0383328768908479 0.00412443550093725 -0.164040665228667
-0.036584342473859 -0.0145777251596348 0.292220490052562 -0.0629932808448817
0.0114210360872936 -0.0555839427925186 0.110900567542894 0.296920132815187
0.0631407247560605 0.00844766437231053 -0.243217610997063 0.161067541025874
0.0297474293481876 0.0792251523131544 -0.115448760617878 -0.246763821856249
-0.0301685041777748 0.110858640136986 0.177209324135082 -0.328303905053197
-0.0282720516370391 0.100317522844548 0.161167590557352 -0.332027230945951
0.0224409432542109 0.071242409020626 -0.103640909573582 -0.323638985883075
0.0504996103978731 0.0318895021933067 -0.244750569709958 -0.0826312085667684
0.0621776414951132 -0.0120619113785828 -0.0396769956930587 0.200903745523124
0.00425375425624192 -0.0463849244776346 0.173925425270019 0.0563611210021339
-0.0302416471423523 0.0467990732994049 0.0475105926433242 -0.0902914225287347
0.0362459327642514 0.0626931627880225 0.0016552717977641 -0.0224890518577595
0.138368854970193 0.100727220272028 0.133373545187707 0.284035355578481
0.055797290851608 0.155713737514515 -0.0790255076837951 0.0648597504708381
-0.0571313573315298 0.0773941400164073 0.0216935596868379 -0.148755001582668
-0.0710902968076872 -0.04886357140017 0.298225656192861 -0.00816147290351673
0.0815899688957685 -0.0786671824349924 0.0542333440287187 0.311731111759558
0.132174998600068 0.0816123033037681 -0.247346837106526 0.118317108356052
0.00219736232519254 0.202712235852223 -0.0759044881257405 -0.218695768901824
-0.0948804816160931 0.232327715367355 0.145448841157596 -0.260584178095465
-0.0325864849168412 0.225565056846872 0.100934483441349 -0.287993239832672
0.137919483414491 0.137043376014274 -0.159294679530813 -0.29437247024875
0.16773936960111 -0.0481894496000218 -0.258662748761587 -0.0536572785885597
0.020741608649497 -0.134088302191057 -0.0455017787977927 0.177086871085449
-0.105035430217005 -0.0505297766874113 0.13155392487751 0.0825547745168467
-0.0776504938855442 0.146872798158806 0.0946268959752344 -0.0509729292794471
0.061719016920286 0.136152176308316 0.0114294306948192 -0.0758367906878427
0.144299091964132 0.169895726779707 0.0471408117238775 0.263323186761519
0.0207383021522539 0.261314801067628 -0.132456243554236 0.0679812218939001
-0.142768156279528 0.1085201228276 -0.01083048951855 -0.140056568090414
-0.116071290426928 -0.113600721643938 0.240694637337545 0.00999696715374752
0.167364892434186 -0.0952307752746027 0.00391904488820286 0.263992347603658
0.17598080271247 0.176550044367592 -0.202889904461916 0.0819864459458747
-0.0559331311218816 0.303009669699507 -0.0505096757975533 -0.144305423332995
-0.144960945367881 0.320367267759036 0.0922793634447917 -0.156739192249846
0.00643282720520886 0.318152887749815 0.0612785202140308 -0.194116704390414
0.266414379326533 0.112338886867513 -0.152850827428677 -0.236730161989344
0.167458686423941 -0.216190528894161 -0.263480653757022 -0.0298132237171658
-0.174032904118079 -0.179629058505204 -0.0619322559618754 0.206770642627533
-0.211285349728754 0.0888211614003245 0.158130283777158 0.129831213636919
-0.0399452285069535 0.270136941981543 0.164599827217714 -0.0624192418950996
0.113636592185509 0.17799119931994 -0.000449001716534242 -0.159759048871034
0.095634430827306 0.225483884398317 -0.0344600108233492 0.199011791272149
-0.0802790492038634 0.311168340661229 -0.181453715787741 0.0157373818813214
-0.252313022686737 0.0542473227014521 -0.0512776936336531 -0.192998747389106
-0.106725041840914 -0.222078685576321 0.197469737856575 -0.059975248698961
0.263537950153821 -0.0766083661206464 0.0440508100610255 0.172448179090128
0.175884768269911 0.268919434863084 -0.109960642781551 0.103272664611147
-0.121166339147229 0.352315591268855 -0.0582690919806671 -0.0303949967951382
-0.175333515438503 0.362280601738718 0.0269666610304933 -0.0324016071235602
0.0521834569302691 0.349606829396297 0.0717008015032961 -0.0759223740977304
0.308811201647088 0.0459883801609745 -0.0550619761551336 -0.209443513197946
0.0621499130335388 -0.267785858488052 -0.223497601261665 -0.0767642986585046
-0.291013026545136 -0.0537190305169944 -0.0510413277612136 0.1861952725727
-0.162758631922288 0.237895956261802 0.195780218512442 0.0893805887661961
0.0577608417022177 0.307419368479562 0.176192166964878 -0.130499129929619
0.163142397998516 0.16983569487757 -0.059553374892338 -0.245845483964092
0.0219444774342395 0.228317804028933 -0.0714617341139339 0.110449720041557
-0.178924671095971 0.237809887272019 -0.157786077011648 -0.0467411270710545
-0.241837576593691 -0.0890204709642073 -0.0249367373962882 -0.219064662820931
0.0222997344642189 -0.261585845638988 0.207970854160124 -0.0927498045173225
0.309127851684319 0.0145609778674114 0.123714002982247 0.153093159864731
0.121736274584297 0.30557593204479 -0.0373958888520384 0.191185215468424
-0.162034181250848 0.331921183142266 -0.104507863335915 0.0972389049736548
-0.17638934500609 0.34491097959606 -0.0419779478859174 0.0987815271031656
0.0694665201168228 0.321276290806918 0.113622530538005 0.0356987337430843
0.265294466565575 0.0189000528374489 0.0619263709270258 -0.24291228279591
0.0205024748736277 -0.188515847183771 -0.22409512875024 -0.197536179464364
-0.218178677411163 0.0383843029598209 -0.126546745435994 0.12908370288132
-0.053030068453007 0.222114040224064 0.14317917992598 0.0522963695701147
0.112666537835359 0.227630355592432 0.114915465949863 -0.162324031742066
0.17078989254553 0.12250356529041 -0.147043888155295 -0.293122227885588
-0.0347176638628777 0.1760547513804 -0.0552402739674756 0.035322221211389
-0.185228500888988 0.105429236518674 -0.0908957536943779 -0.0278444094381835
-0.106086262384489 -0.149487540398013 -0.0407149019813983 -0.146250341592406
0.117706096727564 -0.143946960427015 0.153056055077759 -0.0999687049853701
0.228344118481747 0.104901436628479 0.150216953058664 0.152141264749425
0.0551082577000867 0.2570487978629 -0.0195389746066319 0.269617711710157
-0.152362711947418 0.256371898325277 -0.163797814479988 0.206667199919773
-0.150072296744487 0.274480856816554 -0.105655018468016 0.218889314621706
0.0505480416279819 0.251652545117158 0.150500985707041 0.127135758269696
0.191176281318039 0.0353892291489669 0.130513243436087 -0.273097979740893
0.0463806904429734 -0.0965500703579894 -0.255423409939116 -0.265399128514494
-0.108075986855362 0.0245413171482896 -0.220120697908376 0.12950950986189
-0.010699420400782 0.116804512491152 0.0796405191452339 0.0882144165192505
0.0859863578979676 0.116280554750178 0.0572377319832836 -0.129170251716432
0.127595270226711 0.0702876451953577 -0.220292212865618 -0.299797306448146
-0.0515074911800529 0.0984051686322682 -0.0162725896538495 -0.00299703757730473
-0.122759735468064 0.0227416410140585 -0.0520988945741173 0.0442933750015165
-0.0218573496358364 -0.0996446233555843 -0.124086794640789 -0.0892901307825483
0.0797163718436873 -0.0418580384419169 0.101765535926683 -0.169184202664631
0.11187618120273 0.0888375935961138 0.186367718731407 0.130919356715465
0.0216371168249673 0.149659941065784 -0.00767160453688832 0.309978356712608
-0.100049965794155 0.151706342882442 -0.201802459461833 0.279793658894217
-0.102561743039558 0.165278383802536 -0.151107747558556 0.303284141338975
0.0111831519804892 0.158528608672906 0.158748914577167 0.196367059180343
0.115597429889421 0.0499709368155508 0.169855384352325 -0.25606064789042
0.0588183396884222 -0.0313571476160226 -0.233414436269052 -0.277309602206407
-0.03864443146211 -0.00170181175737292 -0.260415181649405 0.13204432019313
-0.00875064451959278 0.037005832314818 0.0492861001391789 0.135116294210073
0.0293382162026877 0.0336195689819672 0.0420700145791326 -0.0766967624065691
0.0513132668558587 0.0356611290363614 -0.253703513443327 -0.286463292644925
0.0210908664445386 0.0107195404748047 0.229289098144178 0.269562895052923
0.0190891039765338 0.0100060129112086 -0.0527759422960422 0.0486949730991952
0.00109939147023273 0.0091500170021725 -0.0276497263119313 -0.15933506404124
-0.00605503524804975 0.00921777003167322 0.265978719450607 -0.109028482581935
-0.0451674121583249 -0.0226697750942555 0.163886106991268 0.276676534056729
-0.0156863638327673 -0.0393339108816604 -0.216376135981357 0.207725583408086
0.0240131886989025 -0.0429268438789765 -0.153462982215729 -0.232407157770042
0.0394533962266559 -0.0223363202752485 0.175042910270052 -0.345392231563088
0.0223256597842803 -0.0266476633093104 0.201285445634 -0.331767757246226
-0.0199074500520872 -0.0385604560220047 -0.0425448445998547 -0.326386704702123
-0.0411943787319734 -0.00777240451240841 -0.229133952103522 -0.122582082819362
-0.00038922683425214 0.0259215049939396 -0.0761459117178397 0.212826298640229
0.0220961818433443 0.0195039437022232 0.194303808813781 0.0754935750662026
0.0461916421448236 0.00400230779910813 0.0354596103761488 -0.10417934625998
0.036176392565879 -0.0180087441512471 -0.00294017403650741 -0.00333906895217418
0.0915062250115541 0.0452388280889353 0.199455425762492 0.275980814311076
0.0475427957036217 0.0695983385476246 -0.0586158064658679 0.0466341830955075
-0.0180579409775936 0.0397441231111712 0.00159904039938643 -0.166280794962835
-0.035940889781375 -0.0136867173511533 0.293959027828553 -0.0680111564498219
0.00965677992803647 -0.0553187455245995 0.112730128054004 0.297081958677465
0.0619250089134675 0.00824201764066744 -0.241382293268107 0.164374996877324
0.0300243661764416 0.0798621017315279 -0.117634343228425 -0.245916337816591
-0.0285485659527613 0.11212140226795 0.174496102113075 -0.331851219282546
-0.0273306523758783 0.101213388882554 0.16104914291575 -0.334272277890987
0.022899384628334 0.0712782481830252 -0.104000812207198 -0.323524055299233
0.0514074631918144 0.0319073859496832 -0.246335076339161 -0.0844203904502341
0.0619757801645002 -0.0129406310135465 -0.0388454435337023 0.200403411180976
0.003694455431952 -0.0468899153023638 0.176058257304746 0.0531685825010932
-0.0295425882043471 0.0481139868142991 0.0458756740246421 -0.0917017249750059
0.0365822015916934 0.0633520134237803 -0.00060830722638342 -0.0241290968284889
0.142246815900635 0.0987626368610622 0.138223776009486 0.282059686321486
0.0585873837176574 0.154986924923646 -0.0793821578721334 0.0649371765741206
-0.0558817388858998 0.0774791868999821 0.0202128892083947 -0.151063378826326
-0.0703207377221499 -0.0481082469815171 0.300819635735917 -0.0132541168244758
0.081254097212526 -0.078769731245805 0.0569175402179128 0.312710719343632
0.131996911325828 0.0806572134964918 -0.247335628357625 0.122394260529159
0.00398884519700093 0.202288052901524 -0.0786387243339186 -0.218725295467596
-0.0933512968473573 0.232547606676098 0.144028913886959 -0.263786635497584
-0.0303615248149758 0.227048438582566 0.10113763665272 -0.289965970747813
0.138334379063967 0.136694769864025 -0.1606436751962 -0.293691032331564
0.168603599787508 -0.0491223516735218 -0.260907894846259 -0.0531642803250922
0.0201364134897728 -0.135097006546245 -0.0447808331916103 0.178234021812855
-0.106106116372688 -0.050038758498872 0.134224654558462 0.0806284381775404
-0.076006626627982 0.148962296987503 0.0940168943760271 -0.0529708857173405
0.0635238951693305 0.136539979966001 0.00976152702720984 -0.0769863136502413
0.147379181121365 0.168374961381258 0.0517122795429041 0.263779130832826
0.0248763552665786 0.262631926437461 -0.132767406630128 0.0701268392944275
-0.14054656850799 0.110892453813997 -0.0121950412246384 -0.141700475204106
-0.117359214716951 -0.111996299242651 0.244447545436831 0.00749123534190378
0.1661597379536 -0.096034088407959 0.00700521081608433 0.267433205389867
0.177101212894921 0.174125153114644 -0.20288355807813 0.0862119956868151
-0.0530759909628552 0.30255087845896 -0.0523706453299342 -0.144446329009436
-0.143051930512102 0.322937918146801 0.0919985221449254 -0.158497214369918
0.0086421174388189 0.31842260961148 0.0625746345368832 -0.194774068388897
0.266350993641622 0.109390846123144 -0.155685024530796 -0.234600460698955
0.166227779409768 -0.218024308214693 -0.264646516278047 -0.0297447487635311
-0.175790408614611 -0.178398019802776 -0.0605325746194077 0.208049515365986
-0.211381077682093 0.0919876506361497 0.16136037778791 0.127885366314489
-0.0363894010264683 0.27210337558896 0.163706950155528 -0.0659490688765518
0.116519062309252 0.177442435033597 -0.00457923989753446 -0.161519368309377
0.100953122896509 0.225337112863335 -0.0310827580956973 0.201253177380091
-0.0756596158025266 0.31487830607421 -0.182702441595923 0.0178690681143366
-0.252285179711729 0.0575855769254701 -0.0533943973654745 -0.193333066164185
-0.109092175777222 -0.221813978839928 0.199457754630533 -0.0626844730948091
0.265068373977741 -0.0779821165809883 0.0442162285459076 0.175408249031034
0.176672042377112 0.267572848603661 -0.108725546492681 0.105691116223421
-0.119060970395889 0.35275457954423 -0.059359411188031 -0.0307922288745433
-0.17068160919475 0.364669995730091 0.0273155966370156 -0.0334871032192271
0.054792532051791 0.349888189543471 0.0729148693750414 -0.0765933465932141
0.30965122279218 0.0422687643746219 -0.0566666152760649 -0.209670498914547
0.0600396432463935 -0.269350677663049 -0.224874230185425 -0.0759236001664707
-0.291019395989127 -0.0504662675510405 -0.0500263344750083 0.186547970251137
-0.158672207083644 0.240398930549512 0.19692786545065 0.0873443313484521
0.063192827945067 0.30671402038079 0.173758417755128 -0.135049713275996
0.166081840130012 0.167042282932371 -0.0654099361948636 -0.246758880685281
0.0258413743765209 0.23069144171979 -0.0687128323051653 0.111953380860118
-0.175890627470412 0.241675705643425 -0.160485682371083 -0.0443926882822442
-0.245163349801289 -0.086311586553396 -0.0293011527146106 -0.218866237404792
0.019294240439971 -0.264061584237632 0.207898557138625 -0.0950655073442458
0.311622765658758 0.0135086622880954 0.123735090919334 0.153026966681927
0.12430491182823 0.306579741289231 -0.0361741895645049 0.192051155324681
-0.161239202240453 0.333678850098931 -0.104527333727342 0.0979287708507204
-0.172595983127285 0.345545010860924 -0.0416510722578432 0.0988382010742192
0.0725597589651406 0.319462421470537 0.115227192434626 0.0346338905497555
0.265288935665849 0.0149683982892879 0.0589736608156672 -0.246298485688927
0.0181152160024678 -0.188698389327658 -0.230133315002963 -0.196308445904863
-0.216266704422422 0.0407888566169654 -0.127089039622955 0.131317821140867
-0.0492917040236383 0.223681614881493 0.143707042387563 0.0509081133075495
0.11601679493667 0.226482363920586 0.112934562167573 -0.164839961845448
0.172578724889646 0.120207250571583 -0.151842304032327 -0.293124520193012
-0.0321684337842043 0.178606046214976 -0.0538427151110853 0.0352049532248041
-0.184846433912041 0.109617532278137 -0.0915123045862609 -0.0271028892647838
-0.108710883357108 -0.148827838535792 -0.0435604332504167 -0.146061666305223
0.117331898408116 -0.146211148454945 0.15402242355861 -0.103754423625247
0.2314144440015 0.102970216017284 0.152926153483651 0.153412306693953
0.0551380462386593 0.256742346498884 -0.0171547058950827 0.271539482159325
-0.152577810375469 0.259125687801658 -0.164832627177105 0.207924453040343
-0.147118071544474 0.274792183745712 -0.104485095090489 0.219235913963729
0.0525295931433593 0.251812156263591 0.153556418953626 0.125175798381685
0.191640094521997 0.0316128226409409 0.127196602603718 -0.276073353787435
0.0450151553807881 -0.096605056442574 -0.26069980180409 -0.262689122322487
-0.106220963666584 0.0266169549831979 -0.22024202692431 0.132576403117432
-0.008206065486704 0.116348064486835 0.0803784710321329 0.0890969984320933
0.0873463658934568 0.114262620854633 0.0564565479914653 -0.129139725691316
0.129300643656555 0.0689374820950341 -0.226328137949383 -0.296376587413448
-0.0499155472058155 0.10017209666635 -0.0156833396366889 -0.00354399269823924
-0.122349295659003 0.0246665806375626 -0.0507895872800759 0.0455926335076111
-0.0236663091915178 -0.10027148864221 -0.125100422858297 -0.0875589852651466
0.0793293722346942 -0.043250517725759 0.101434170717331 -0.17143855710907
0.113841295942024 0.0891986208742511 0.188700943562611 0.131394599033216
0.0217183514419197 0.150324418279009 -0.0040642000572618 0.310460761310779
-0.0999694958439068 0.153205186427454 -0.200268773005054 0.281199147238319
-0.101637440117644 0.167086081377471 -0.149007402960515 0.30493982233109
0.0115886882179428 0.159784263311825 0.162183883635733 0.194457515504396
0.115390338994142 0.0472466828883204 0.166581752485306 -0.257682998204353
0.0580823104089516 -0.0319042157975332 -0.238834179826221 -0.275249305614557
-0.0375504116272757 -0.000303259785920699 -0.260165301894622 0.135203951595718
-0.00752696311023841 0.0376977417805085 0.052420557147681 0.136205172903964
0.0283645306308447 0.0317299346383462 0.0423781434473246 -0.076538185553944
0.0526958390911364 0.0345708835569302 -0.258181209548254 -0.28396089905005
0.02362211333182 0.0105175805788464 0.238779447247047 0.263358382495392
0.0189821992250524 0.00915067517161677 -0.052870707033423 0.0498431844460655
0.00118110397095875 0.00959594427561385 -0.0323195119592663 -0.159312391540731
-0.00549924687257858 0.00917442656763299 0.264266515619863 -0.117360691812102
-0.046945272974771 -0.0206911075205722 0.170954112549934 0.273484540368118
-0.0170480725044321 -0.0381946747050722 -0.211597393783739 0.214434338012764
0.0232360367005565 -0.0423589309626652 -0.159965963423188 -0.228471253661834
0.0396498925962656 -0.0220347916191848 0.16750291216273 -0.349240904138933
0.0236329062636084 -0.0269828964951079 0.196897527656191 -0.337223401385583
-0.0210466715099151 -0.0375820653223333 -0.0472720816708596 -0.326694044256318
-0.0418932038275026 -0.00608399480276804 -0.233527100841559 -0.120423371464608
-0.000704075034672617 0.0251260576693205 -0.0720880417834003 0.214499886731255
0.0210784168405363 0.0194673042812902 0.197607655898062 0.0693938660046309
0.0463027633163007 0.00171093078984146 0.0322220026934768 -0.10542319563249
0.0357300598176925 -0.0182590991177952 -0.00356307238572301 -0.00459761368184672
0.0943384696003506 0.0426300831284884 0.20808017840401 0.270438181370407
0.048657054345052 0.0687626452519376 -0.0591734813224944 0.0476842617665245
-0.0166510751223224 0.0400512844841137 -0.00330360534531824 -0.167752810712928
-0.0358764672668911 -0.012922888538444 0.293476605776949 -0.0781721577986082
0.00815796423862752 -0.0551407457380187 0.121115646926748 0.295405203736854
0.0620547943321216 0.00666969389282338 -0.237411244929739 0.171815599236814
0.0316309849754621 0.0789158846924456 -0.123944289334915 -0.242193178804589
-0.0260112626519441 0.114204757932344 0.166622755394859 -0.336249763547001
-0.0249324132263129 0.103430293639232 0.156551303315618 -0.341472743128212
0.0231041010946838 0.0716527265090321 -0.1104826643166 -0.322496012144091
0.0527600565893 0.0317183795897987 -0.252145186329445 -0.0809979905048626
0.0623465332228536 -0.0154490311752625 -0.0359722196981142 0.201838717659019
0.00171138641845259 -0.0479928686538936 0.178978707419181 0.047721481344791
-0.0283911033793986 0.0494235012402014 0.0425186552842662 -0.0933547481336458
0.0381888161196767 0.0633599733527442 -0.00293899609752366 -0.0242732267338166
0.145318329157656 0.0950643238937336 0.147231537947377 0.279134157577129
0.0627168435280023 0.153198311005451 -0.0785890886222836 0.067781046502569
-0.0528343793672545 0.0789746431582713 0.0168472927931858 -0.154744236609406
-0.0715365747330171 -0.0452257787436847 0.303857414150065 -0.0217364057024443
0.0790176196955721 -0.0807423450843727 0.064330662330537 0.314599974565913
0.132980868083642 0.0764805283964922 -0.242929901669263 0.128885035602897
0.00763045331699686 0.202423955052353 -0.0833871266587354 -0.217207739745008
-0.0872715793878095 0.235993245114485 0.139654938285162 -0.268789919521998
-0.0256649819563628 0.229004236193188 0.097109806437809 -0.294086273018824
0.141166632771075 0.134858225154298 -0.168523100612431 -0.291059175270602
0.168579326237034 -0.0524063896937424 -0.265484755290592 -0.0488661280045808
0.0170552948451387 -0.137169924106272 -0.0418965925312064 0.18033893022688
-0.108264457317805 -0.0477908785308478 0.137106212997695 0.0763682429992138
-0.0721759761905684 0.152898754730596 0.0931843557653978 -0.0567178980007499
0.067461623283803 0.135064088706431 0.00581358675091776 -0.0780403931086775
0.153701669569119 0.165069500675143 0.0601704682192097 0.263238906142018
0.0330405308228705 0.262731103478568 -0.131335411659814 0.073661219684985
-0.137896235448298 0.115730584504958 -0.0159440916050639 -0.143528610510443
-0.119000057943348 -0.107399476987229 0.247830130810036 8.26532061793953E-05
0.164112965812346 -0.10031496521185 0.0135905974794538 0.271345767875348
0.180037622980973 0.170312657324333 -0.201604400713727 0.0929794625807574
-0.0458303169492702 0.304261441002747 -0.0564198156372095 -0.143255692922771
-0.134744250766565 0.326039815913581 0.089365141145132 -0.16129096733896
0.0158355940139657 0.320346556100438 0.0604715474786721 -0.196979622370076
0.269415876848018 0.104123661204228 -0.160662963554 -0.232012022395578
0.162216432438111 -0.22295024602826 -0.267060377966728 -0.023767816368784
-0.179750894975229 -0.175148455656152 -0.0548189710789855 0.210793279280352
-0.209245684460523 0.0975663451741135 0.165997594998056 0.12338074292931
-0.029845558557798 0.275240759130142 0.162781990335457 -0.0723217296257418
0.123079881713628 0.175014200542452 -0.010438115112527 -0.163023568427174
0.108132032153604 0.223595314601977 -0.0243248916383026 0.202941948236057
-0.0667196293737977 0.319175522876698 -0.18320052758356 0.0241074637714959
-0.251252998104558 0.064526754928227 -0.0593682896614229 -0.19368086151649
-0.114355252987429 -0.219550083576076 0.20037869353554 -0.0675191051645356
0.264437906335225 -0.085641296467724 0.0484716385965515 0.178761972888767
0.181755843486111 0.263848750325062 -0.107227527508529 0.109007963025879
-0.112125817052377 0.356432673380967 -0.0612377684594623 -0.0291193697030753
-0.162634688314244 0.367910177770995 0.0262848449884964 -0.034125874284453
0.0637658332547668 0.350511489009328 0.0737529910174815 -0.0785301585525034
0.309699264018404 0.0338146154518072 -0.061608715301643 -0.210537118246921
0.0528821447505897 -0.271346484065448 -0.229298745624405 -0.0725041548459975
-0.292809272804839 -0.0438773141183084 -0.0471611451963137 0.188609231985388
-0.152433931068349 0.246394047702855 0.200503658181935 0.0814734986133551
0.0720390169146101 0.307673095662755 0.171430265764195 -0.141013226211562
0.171851012029763 0.164420437106118 -0.0734106957451136 -0.246198528619005
0.0336617577037835 0.232051349511781 -0.0649292528374495 0.114636288570292
-0.169171653923946 0.250186034056529 -0.161992539245699 -0.0392306071734282
-0.24880117637311 -0.080241874503672 -0.0357408653168648 -0.218494993570374
0.0134484440547253 -0.26623152886738 0.208174353001367 -0.101349054616528
0.314004891333973 0.00502228452787567 0.127353667786551 0.153623345223253
0.12920513638791 0.304781183990026 -0.0322330832019497 0.193169172125067
-0.155071385936756 0.339259771669259 -0.103294984792481 0.0995201552314339
-0.16479051946626 0.351313900852212 -0.0392139771530464 0.0995344233538515
0.0801546370636021 0.318992340018226 0.11830062321987 0.0317687367844082
0.264886388599816 0.00873009136250907 0.0521194953727666 -0.249757193718017
0.0137026356750068 -0.188479942208874 -0.238297601934257 -0.192358488717101
-0.214474634491146 0.0476083919254123 -0.125891916102067 0.135305478310436
-0.0414493693778436 0.224915623520391 0.144711061980836 0.0482905381432234
0.121927950664149 0.222741784363619 0.1087575056447 -0.169012478017293
0.177196069235992 0.115866069885142 -0.162478812671262 -0.289902455214728
-0.0264993847365965 0.18159851622462 -0.0515173117756398 0.0374092558113727
-0.183009288922662 0.116095450366643 -0.0923090967613706 -0.0247545172967741
-0.113299998600343 -0.14822906695738 -0.0483650441694806 -0.145257103103191
0.114575795023458 -0.150251229908871 0.153359002825197 -0.109275087513437
0.234432364353179 0.098359064008516 0.157752663893452 0.15266598466378
0.0592117472211376 0.257726800210832 -0.0117297061034009 0.27270573095602
-0.148139309788645 0.263670123347042 -0.160730285407271 0.211957363193605
-0.141635477253316 0.279832457760741 -0.0994702784114909 0.222381650249398
0.0580737280008106 0.250241429408229 0.15747635398135 0.122303013552782
0.191210198794941 0.0269086054707423 0.118566055601426 -0.281219670007955
0.0422168749866429 -0.0970928584671464 -0.270822108936163 -0.257570448727499
-0.104642600406851 0.0300077419161563 -0.218153373716106 0.140402097849862
-0.00358883009613422 0.116874457808114 0.0831787502388404 0.0877426118821776
0.0894807194137509 0.111616229222793 0.053782588744339 -0.130129326824542
0.131407064009601 0.0642536015551033 -0.235588678543786 -0.291823258391955
-0.0474394726508494 0.103091101443731 -0.0146597035734319 -0.00413430592950167
-0.123368460449524 0.0286631569122667 -0.0500653406238633 0.0469628611807209
-0.0265780490987182 -0.100223319980664 -0.129462499742384 -0.084467931820245
0.0782589769178376 -0.044146173117678 0.0973865582518244 -0.175511686267275
0.116394081242601 0.0859238658719003 0.192752886533412 0.130315644163486
0.0237737488875832 0.15010306721779 0.00215800290190463 0.312296519225689
-0.0978938449893982 0.156078548630168 -0.196442849199251 0.286389434745729
-0.0977355962386196 0.169408155515602 -0.14357817216048 0.307820812032999
0.015233977366168 0.160214432654824 0.168151069932292 0.191003020422445
0.115901120487371 0.0435824036762203 0.158147699989912 -0.262651633446564
0.0565123012311246 -0.0333805414732791 -0.245474682169533 -0.269742820195615
-0.0372268014224049 0.00174391123100602 -0.256638800892299 0.143082707965463
-0.00599736914814231 0.0375905444243262 0.0558922700637085 0.136041907781822
0.0281788862266791 0.0310209372494302 0.0414414184593752 -0.0768988632457015
0.0538350958909476 0.0325084894203169 -0.268253674757162 -0.276696788556536
0.0272548007635623 0.0133917102805344 0.172510725784509 0.296807621809556
0.0157728352981019 0.0140680450586016 -0.0623538383466664 0.0359773658695869
-0.00314602165730082 0.00851190051960493 0.00291517726613942 -0.160020522354465
-0.0075947716188453 0.004256421889622 0.277498986239847 -0.0584808003387493
-0.039011019806571 -0.0292686747932804 0.107859299774093 0.296720229371614
-0.00689546133758349 -0.0386947757666544 -0.244988286207027 0.163660344508572
0.0305039808477598 -0.0346281814720704 -0.109592006108854 -0.252428893272913
0.042896552205412 -0.0134707039978421 0.229526537757982 -0.305373197137985
0.0282810857031285 -0.0208158152565841 0.256347637267627 -0.288034178012524
-0.0137702093031376 -0.0385051673995875 0.0201847225349075 -0.325223201098924
-0.037608910959295 -0.0141918832349261 -0.205379265705502 -0.163490152229875
-0.00662476575517366 0.0216839200050121 -0.110564491153111 0.195505051605563
0.0147694307092769 0.0231129286383007 0.181212146778596 0.102553299700702
0.0440526703150161 0.0123519643335416 0.0492988515681134 -0.0968122806573837
0.0371240653973981 -0.0107674092536314 -0.00392920647280275 -0.00498061471705272
0.0895949277044249 0.0597036853932744 0.143180872459104 0.298614464493506
0.0327547258938823 0.07751068348036 -0.0673282476692927 0.0327846834777256
-0.0267571022541937 0.0337985056352115 0.0331039271684402 -0.162051904156047
-0.0311703708615134 -0.0230045945146925 0.29804386535011 -0.0147246139297431
0.0210701054796601 -0.0509212300578063 0.0557852284609368 0.307562555141209
0.0590055771185179 0.0212025217589692 -0.262278768877841 0.117322690503757
0.0136197629238744 0.0843242238521675 -0.0718983602819984 -0.258202427785754
-0.0473777123212764 0.105396168492747 0.226688633966679 -0.292513274938835
-0.0438569628942928 0.097374121465825 0.219413461780949 -0.299260203093794
0.00816617817950649 0.076516452460794 -0.0420489253128004 -0.332301478045751
0.0472151343759656 0.0414542152361769 -0.231086310240963 -0.127677128206903
0.0629403704194499 -0.00587636998313942 -0.0716496306087284 0.191283402452973
0.00828058166978513 -0.0461326143059261 0.167421993823043 0.0768262588416405
-0.0379423370308329 0.0441748428102622 0.0573340524868817 -0.0846304278503908
0.0244497577284507 0.0686646046465827 -0.000503195563411 -0.0247211814665488
0.127881739175744 0.121547320185463 0.0846019834984982 0.294133485162635
0.0292595517300239 0.164799059070443 -0.0892503704320424 0.0475587719402485
-0.0695443641718037 0.0636727099762531 0.0491231300579252 -0.144611114758805
-0.0576694384940651 -0.0623470560813764 0.297437707874454 0.0400434601640478
0.0945930856531873 -0.0615836999545607 -0.00105435059184006 0.315819005561019
0.113208142793523 0.103341204525143 -0.258967369245286 0.0762597508990607
-0.0343324882127401 0.198039636048927 -0.0385416915973652 -0.225396172400676
-0.131250429737429 0.211767848897401 0.187383667281823 -0.231257154995805
-0.070239294605016 0.218890546747737 0.153182780764474 -0.266280912564107
0.110059416825984 0.159972384987312 -0.105555969670485 -0.311202805052886
0.175988271712314 -0.0178405155435503 -0.250111417929278 -0.0963000343810439
0.043159394522948 -0.132617194435861 -0.0714219351068529 0.16840150118687
-0.0983628377491066 -0.0682991639128427 0.121820220402896 0.0968940972522243
-0.10103582426122 0.136463718030737 0.0991972850731577 -0.0405537159925197
0.0393994244508207 0.145611066170281 0.0163575651338858 -0.0749879188546201
0.120831812031226 0.192494163395174 0.00530383462173878 0.263310571989967
-0.0224090427602458 0.265025729083456 -0.139565502442419 0.0427743402798539
-0.1587059295044 0.0822267655728953 0.0167401215096521 -0.141127142695267
-0.0915621096564645 -0.130804261663235 0.240036870229045 0.0509424807671365
0.180447798949114 -0.0631496495055588 -0.0412516945409711 0.264857551061934
0.139092611320086 0.201829157069335 -0.211776671983305 0.0499569842847044
-0.107943780481914 0.285627276329908 -0.0267117082259511 -0.149327758643706
-0.193628289905783 0.287910033215928 0.117213870694072 -0.137065405133366
-0.0479888288659645 0.315542942177066 0.0982942712657055 -0.179044326758476
0.240640915622589 0.154038159915625 -0.111207104568236 -0.253318028885413
0.201291773817438 -0.18604703318852 -0.254619248994705 -0.0714492617144175
-0.142158774311128 -0.208636754491057 -0.0894669105192991 0.192773221810233
-0.224263953684672 0.0531367766661265 0.13875016510203 0.145589201822835
-0.0830839825670463 0.264255753448156 0.169836957011445 -0.0425651046710067
0.0865058984302676 0.195315218749716 0.0134601307749649 -0.159937220044996
0.0619876694260535 0.241587072901031 -0.0620789969359545 0.188821940679638
-0.131049976364701 0.299095103288311 -0.178716293085066 -0.0144204196223214
-0.260518401026281 0.0088881750328455 -0.0156012364860559 -0.196241237642521
-0.0651167206081579 -0.239150613677684 0.208450894087014 -0.0227730233348322
0.274236373400581 -0.0282361741534171 0.00991057090564771 0.183945276435606
0.12098067463234 0.292119282759641 -0.125565854830466 0.0841655200426557
-0.181998117063831 0.321874477892718 -0.0544569305138337 -0.0402719461028582
-0.229039068190832 0.324619936556376 0.0324292610454822 -0.0261988203166418
-0.00622542845903131 0.353290924807052 0.0876822959257362 -0.0625943027749433
0.293636922117832 0.0933090443412446 -0.0193557994593807 -0.213546412202337
0.105684881669158 -0.254434970934475 -0.208674739772685 -0.113769971919668
-0.277097824133836 -0.0991405996831242 -0.0795249856535405 0.171429526493529
-0.195573064562461 0.208943977363804 0.17648534891175 0.112626902734277
0.00918762750518205 0.313573427642913 0.189920517698071 -0.107624246968048
0.137094922312385 0.194760386051463 -0.0340695376422081 -0.251395244863109
-0.0147964535645286 0.23428680993855 -0.0833706458669921 0.0959411932129703
-0.218390983019606 0.209918495143305 -0.145834469076126 -0.0696288209567455
-0.229022660613411 -0.131746404637081 0.0108414216659598 -0.215227933688354
0.0695883337265345 -0.25824085970804 0.220947135935648 -0.0538351269931353
0.303289494687381 0.0678633389510411 0.0903985695152774 0.174964739573989
0.0623947109960214 0.320722212222384 -0.0692917628067384 0.180282134449563
-0.219187718272378 0.296941676567292 -0.121386271390679 0.0759634712876779
-0.227681422160252 0.306937803265261 -0.0570499439741609 0.0893663476891739
0.0151523592278187 0.324570882016561 0.109280541164985 0.0534524967053222
0.253140589239579 0.0597412335308936 0.0964241967561771 -0.230573507175025
0.0503825537980437 -0.180591197796085 -0.196648573988112 -0.231167241662053
-0.215745900787511 0.00537044658103348 -0.149496244742907 0.10588698828347
-0.0834427147008965 0.209426061872363 0.128305374157578 0.0727844356462241
0.0748474702798102 0.241047889407239 0.1338177637918 -0.144748065477558
0.153558202838952 0.149719697123513 -0.111741128261596 -0.308654372473491
-0.063013986981292 0.172539402475747 -0.0550948558486114 0.0257828083302854
-0.20329666246346 0.0777515993591466 -0.0830049709497066 -0.041065057031711
-0.0830803211542242 -0.168124010625211 -0.0165122885195628 -0.148079794756955
0.14114525180929 -0.12348890618913 0.171291824704369 -0.0736834624368973
0.208545755890835 0.140874387609915 0.120338818218698 0.179691338855126
0.00530208324398459 0.260205075253158 -0.0658902050561594 0.260502095749678
-0.198047684230244 0.224751165580314 -0.198169556637518 0.171881706482507
-0.191537060660408 0.242653431812736 -0.138761477080626 0.195223422815747
0.00765972811270764 0.253990338766322 0.13002836358458 0.147439730192776
0.179514333886798 0.0629612872905347 0.166687552740972 -0.248750347410749
0.0600112299788044 -0.0860495264271934 -0.217110136482165 -0.29908245444118
-0.105041132730921 0.00892853961378259 -0.239349184739364 0.0968212160683531
-0.0256408433922489 0.111601888170389 0.0629490606178252 0.101531955585319
0.0638379289804614 0.125980252953507 0.0751036478307551 -0.115763171849333
0.118841139232736 0.0907684120736579 -0.181921911383732 -0.322074643241888
-0.0671000496908134 0.0910174204868811 -0.0118054216203722 -0.00692239852393825
-0.124997669874621 0.00378717468029833 -0.0567290393378266 0.0347122131202132
-0.00726676606457364 -0.102518686464337 -0.105996727180356 -0.107397893601394
0.0825773991315203 -0.0275744849067663 0.131397540346713 -0.14864849280772
0.0957664417114033 0.104019293214563 0.158739908057761 0.165195479725374
-0.00630596139158555 0.149991757185379 -0.0611310732764268 0.301683005163664
-0.125505566048391 0.131912121895582 -0.248711806392388 0.2378966119597
-0.127475931706239 0.144795790449742 -0.196545243785734 0.26921008096569
-0.0172726039761059 0.15796559943105 0.127032656204965 0.215992165151877
0.103632166782251 0.0637658042838136 0.200284833295777 -0.222896837167195
0.0616715399899894 -0.0206140365012072 -0.190570924279707 -0.305680729346259
-0.0346860705062632 -0.00730512387825851 -0.277623020040943 0.0930948688584924
-0.0125851499854037 0.0339282761665776 0.0288230430020893 0.143496103488465
0.0193120672956117 0.0356051059760612 0.0554042532311913 -0.0666163183416593
0.050838817826041 0.0452840958758411 -0.214892252426275 -0.314644979749295
0.0285279901906147 0.0114476307990284 0.174993857568747 0.285162592575519
0.0143080408339568 0.0139615742179846 -0.0609954008119776 0.0363162227405845
-0.0030424783830023 0.00763043106174857 -9.42018960359634E-05 -0.157141292399195
-0.00654553030738732 0.00341543007290669 0.269923116495346 -0.0615412427370579
-0.0392551132854433 -0.0275519104646147 0.110149234151886 0.287429881507908
-0.00631453887224232 -0.0374724453884323 -0.235445078016336 0.164061641008444
0.029115158088047 -0.0333785413271782 -0.110998435471596 -0.242728549778334
0.0421756907151152 -0.0134567003848142 0.218538125844955 -0.300233910315257
0.0288416780903389 -0.0204937142187365 0.247678943774684 -0.284119061315048
-0.014321404167556 -0.0377604716363493 0.0162980957954137 -0.317574170090348
-0.0360328007063734 -0.0140381031776667 -0.204911232320966 -0.158759230580127
-0.00657191285832565 0.0203029867087675 -0.104533152300578 0.19272929658346
0.0152554392253827 0.0231019628067212 0.179769235982593 0.0945182810812986
0.0435256559950793 0.010578069895375 0.0457299396109989 -0.0946576367630843
0.0348622426028968 -0.01077338522302 -0.00569149615262549 -0.00451950765227308
0.0888619079501229 0.0559736965322097 0.145026286915627 0.287404808345662
0.0328454423279822 0.0750412893404054 -0.0658220046902338 0.0333344512999856
-0.0249883852661471 0.0330621553646479 0.0293582297561231 -0.159325264595654
-0.0302376277486044 -0.022327780062001 0.290763303447164 -0.0202816771847913
0.019323592475421 -0.0501968963120536 0.0593071999839438 0.30051046208423
0.0577549059174948 0.019354294097982 -0.252136870712923 0.119298821333599
0.0141026807157762 0.0812202718277985 -0.0744816524978432 -0.249435905246195
-0.0435320671443849 0.103428004150624 0.216706678201283 -0.288043792357415
-0.0402051761561061 0.095863374918418 0.209469142646379 -0.295424871683082
0.00725931540129264 0.0749574668630103 -0.043867201521196 -0.323524112195864
0.0471832096153182 0.0404402472301396 -0.228907404351741 -0.123331051360593
0.0616790080506477 -0.00785752751885422 -0.067511307772169 0.186888967469063
0.00714567826167128 -0.045813512082077 0.165665930436416 0.0721019937737207
-0.0355781251630515 0.0451220234385661 0.0529528190944189 -0.0829349051019484
0.0249931035580917 0.0666035017063033 -0.0028854602991796 -0.0242856914763878
0.127491645843102 0.114161362210729 0.0890865429812249 0.28447604601892
0.0314036554443223 0.159123072128765 -0.0865898004580958 0.048211372954543
-0.0649942420745066 0.063339030256381 0.04613894090526 -0.143980164988519
-0.0562693251081249 -0.0585857766618523 0.291218987229187 0.0321015546320963
0.0913988048334179 -0.0613574745816263 0.00511449725451583 0.309298193768095
0.110515144220789 0.0993106109016521 -0.251116554784368 0.0791743839111108
-0.0307328839350237 0.19148595277962 -0.0418948397616437 -0.21896296851429
-0.123036359796381 0.207786807808363 0.179147814056533 -0.227781506619038
-0.0646116835601887 0.215149008476839 0.147068758650966 -0.261449100776741
0.109446324905671 0.155448458206651 -0.106343643128347 -0.30225081923259
0.171735541150894 -0.0196857232785956 -0.247043933720564 -0.0910840367840808
0.0406790516365852 -0.131252901890469 -0.0678897902349101 0.166616581738358
-0.0978715340895892 -0.0649733702853262 0.121330904190534 0.0923800733530551
-0.0958048079139058 0.136426909883043 0.0947540536780873 -0.0413917002938589
0.04162515920811 0.14127637900801 0.012865667006879 -0.074674131360026
0.121870246721186 0.184469627159804 0.0127552368165926 0.255644868215724
-0.0151298652594363 0.2576074220856 -0.135491752020968 0.0456091008509771
-0.151737258075496 0.0824274770905503 0.0146675973093583 -0.138278423007038
-0.0907310321329817 -0.125369029769749 0.238652079285372 0.0446887735123218
0.173902220641512 -0.0649695757816953 -0.0354051064708347 0.262024838050978
0.137041446867018 0.19367372168297 -0.205383083817217 0.0536461110446041
-0.100295377225436 0.278612081210173 -0.0288148634263642 -0.14496510866524
-0.183861619652264 0.28238120294436 0.112810667596233 -0.134941449927024
-0.0403071773884201 0.307811792935106 0.0960251006793463 -0.175428803678898
0.236763607562955 0.146407595990825 -0.111208123243602 -0.245181958803158
0.193452531096998 -0.184903916322796 -0.250323924038799 -0.066711095166423
-0.142612289396292 -0.201361954492348 -0.0833092195766303 0.18956867159578
-0.21818376416255 0.0563928741514487 0.139649060755536 0.139380829783229
-0.076387714248166 0.260295655103273 0.164451155685538 -0.0458413821687339
0.0883668651634988 0.189796833419997 0.0076628111217532 -0.156543985437786
0.0654385779895018 0.233729483357752 -0.0561674267796073 0.185754099435554
-0.120791076276934 0.295398688494329 -0.174884316092905 -0.00876056033683114
-0.252798150886399 0.0135293936680677 -0.0182356829942944 -0.190572216632763
-0.0667095496124432 -0.23118969047582 0.203141276891578 -0.0250013798054939
0.26684138483428 -0.0334624699459579 0.0116880258698918 0.181842771391247
0.120503275706006 0.281436878458663 -0.120992867949226 0.084693657005682
-0.172026765459171 0.315820269545844 -0.0544834923075557 -0.0388122628634195
-0.216900909413382 0.318086574115885 0.0314165342817672 -0.0258132827773077
-0.00184359040920465 0.343375417193815 0.0867151801362976 -0.0619154338112867
0.28621605332975 0.0858581634851397 -0.0226608972943963 -0.208141940073529
0.0974848627201141 -0.249769468237843 -0.205850553023218 -0.108390694832351
-0.269841245655066 -0.0925040678317385 -0.0757741653002565 0.168542092721398
-0.185923363463493 0.207766815567967 0.174534778398814 0.106677512135096
0.0161336766657502 0.305882491302369 0.181797067204569 -0.109219003961746
0.139045976252292 0.186792542213834 -0.0402749957248313 -0.244863856950593
-0.0091534875555178 0.228473986901617 -0.0783654394541078 0.0962227507333285
-0.20847457930445 0.210464771703815 -0.143551300426045 -0.0637406483993115
-0.224718522267047 -0.124451708932762 0.00661940817173327 -0.209550741402629
0.0632962086329285 -0.253290240446804 0.215682705261246 -0.0568827445920713
0.296997557566118 0.0613174185735343 0.0901768538966997 0.17118243612247
0.0645794704639575 0.310286424967873 -0.0645781688246015 0.176126534472347
-0.209428778226636 0.292929755887614 -0.117594932894687 0.0766033028868044
-0.21680587130588 0.301573354152237 -0.0550042259995048 0.0885424881593045
0.0198303409468397 0.31439622388802 0.108916429612705 0.0503261668759368
0.24705059989519 0.053173356200524 0.0902705180883878 -0.228080590378194
0.0445336628794872 -0.17625601379004 -0.198880976528732 -0.222710316065936
-0.209243913758919 0.00909690301053465 -0.145406174630415 0.106763850241284
-0.0763430292417275 0.205376627572643 0.126081872376757 0.0691086574375809
0.0776910183272611 0.232442374704529 0.127816862457664 -0.142863458436935
0.152791948438846 0.141473431938712 -0.116865346087537 -0.29829745300583
-0.0570119866677677 0.169747802672168 -0.0525125247708984 0.0254047645213223
-0.196146493696551 0.0801449702573442 -0.0818214315277521 -0.0375879466241664
-0.0834718334277349 -0.163854694616573 -0.0193008124590864 -0.143730821206926
0.135938061946908 -0.123179838765461 0.165427472422244 -0.0764432339071359
0.205642910652406 0.134897796370545 0.120452365400137 0.175442722039765
0.00782135292886911 0.25414283826431 -0.0607052277290064 0.254957303554119
-0.189477213794555 0.221967225990986 -0.192814223941735 0.170155459975521
-0.182518048849003 0.238887998564147 -0.133164117789573 0.192597355321943
0.0108183388606105 0.246503983404634 0.130557315220831 0.141815608060672
0.174826989762813 0.057661232232042 0.157616102008214 -0.246254026388381
0.0567087647228033 -0.0835445336766549 -0.218143827180304 -0.287314106747145
-0.101252966417087 0.0109399010781243 -0.232827527724413 0.0993474676747248
-0.0219049571047803 0.10813078847482 0.0633206064428888 0.0986873776725025
0.0637068726968339 0.120897730219212 0.071899144548322 -0.113668399435976
0.117047995760085 0.0843291039834077 -0.183922125718617 -0.309915433485651
-0.0638776101106844 0.0905189111086594 -0.0100235707281184 -0.00617151468911182
-0.122416735015489 0.00601274342438293 -0.0548137046053314 0.0361491923614959
-0.00926697778622219 -0.100160139367401 -0.104838968084681 -0.102507623710376
0.0797539953399661 -0.0274246254037226 0.124598880980071 -0.148311797399183
0.0942354807715247 0.0992940362004467 0.157400465520339 0.160764085582484
-0.00505932714325296 0.146614103364246 -0.0558999982231838 0.29453214360949
-0.121670698466878 0.1295079679233 -0.240771695747014 0.234777220482771
-0.121949037860416 0.142020437311793 -0.188477960402956 0.264088011397729
-0.013959843510323 0.153775345623034 0.128445281718238 0.208689803962023
0.100429290334753 0.0590597313587544 0.190409720616714 -0.219961299473909
0.059257414841387 -0.020037247229252 -0.191193326671581 -0.294679742664511
-0.0328851706844673 -0.00597568347001416 -0.269179505130196 0.0951337268540238
-0.0104227152620842 0.0326815826706678 0.0308624511602182 0.140438163891523
0.0178699594784804 0.0337126794273194 0.054134879480942 -0.0646026699382252
0.0497826097250058 0.0418112717893864 -0.214812989794774 -0.302794462610359
0.0284643986625439 0.0109131657914449 0.17047003457013 0.279264203515377
0.0141218665833863 0.0129045072193343 -0.059830608214343 0.0354668347059735
-0.00325317881371847 0.00796540283967946 0.000189326877556889 -0.15491825587384
-0.00617199380071936 0.00289724577282684 0.265370064320225 -0.0585641190431294
-0.0383815395180032 -0.0267912886419628 0.106911889255553 0.283358594479679
-0.00594204365828511 -0.0369158974058379 -0.230439187786931 0.160085735146901
0.0299895825927342 -0.0317681576941097 -0.107663623864459 -0.237266758761438
0.0439673867041287 -0.0130632076268307 0.215893559104463 -0.292734104376859
0.0302230538359283 -0.0207727430201978 0.245684230403645 -0.277360371749374
-0.0136558100733555 -0.0368761852299594 0.0195515536612981 -0.311783002639877
-0.0357361318984401 -0.0147974510559536 -0.201999211775153 -0.159005552406929
-0.00695114927354819 0.019122176383768 -0.103481063976863 0.188217988340061
0.0146833421350519 0.0228399517503619 0.176672885059009 0.091580389194547
0.0430138967954105 0.0103297471784787 0.0436490851042721 -0.0920157635427414
0.0346405744582917 -0.0105266151366986 -0.00772269884400448 -0.00450663305387124
0.0874678708238441 0.0530246966000927 0.141877677341195 0.280303822606676
0.0322597459078154 0.0728800437600648 -0.0645178973541615 0.0331735624682279
-0.0238975982997642 0.0322733683686901 0.0292120718942929 -0.157742081875994
-0.0284599376716991 -0.0219513175408543 0.285530783696754 -0.019294628286177
0.0188286599142608 -0.0482968191444184 0.0583888501040994 0.295293713501858
0.057120327908705 0.0199399603565511 -0.247158213515326 0.116514025570397
0.0136602026062061 0.0796207005643549 -0.0730575945193573 -0.244468067767301
-0.041578886901852 0.100431808935254 0.213396817128746 -0.280540845742406
-0.0393192892873144 0.0940125929703195 0.209766549042068 -0.289367916295965
0.00665573619396314 0.0742230131916569 -0.0408550773044479 -0.317773743023983
0.0467879338269768 0.0399936300743973 -0.225905814621434 -0.124296275517829
0.0595673470417116 -0.00777891316728932 -0.0681469026949778 0.184522748619243
0.00703975331700664 -0.046998016379079 0.163167798103393 0.0695502961744819
-0.0340957931297835 0.0438561240793599 0.0515092851004256 -0.0809093092999492
0.0245311700206909 0.0664406533082741 -0.00445413677112165 -0.023642081959588
0.125294393531314 0.110466636040077 0.0876365275133318 0.27785766978371
0.0315162144284713 0.155550200364135 -0.0841181663944783 0.0472580212239235
-0.0629429572040639 0.0610185761004401 0.0447974124667302 -0.142005664600571
-0.0540998206526888 -0.0571495146459869 0.287065190151412 0.0323199472589761
0.0890189346637551 -0.0599382560378927 0.00482865576343145 0.305958560184759
0.107699996173001 0.0965018807543172 -0.24605924515018 0.077929942743678
-0.0311438202284628 0.187426213927786 -0.0406553756582567 -0.214376016528705
-0.120608109477483 0.202137927058775 0.176443030588749 -0.222700705052574
-0.0649345963089202 0.210514456798709 0.14807159994433 -0.255534170657673
0.105243569655716 0.152594205219858 -0.103245163501214 -0.296080329365427
0.170162839665851 -0.0183892874097517 -0.243300039518063 -0.0924375352995664
0.0412239754224073 -0.130077142592004 -0.0677730670154006 0.163265402665254
-0.0959753252041808 -0.0659192628735245 0.119767779560732 0.0894518419039262
-0.0929626628092884 0.134590012850803 0.0935413184717594 -0.0406609542090008
0.0411028080936586 0.138511129421001 0.01055571251102 -0.073034131438143
0.119632082627556 0.178720361165788 0.0123868830122656 0.250827130766952
-0.0137715605508362 0.252748749587059 -0.133036172913244 0.045539569832191
-0.14798086289531 0.0808610117154282 0.0152252444491468 -0.137135432838658
-0.0875712354973039 -0.121899747364367 0.234518305849674 0.044541347789793
0.171080325652138 -0.0618315394636877 -0.0357453492572396 0.260663540274618
0.133416050263022 0.190079603260972 -0.20172651373764 0.0520747413968018
-0.0996518303512812 0.271357614201012 -0.028865846183983 -0.1422529678648
-0.180391396177968 0.276192050896782 0.111802512123069 -0.131213796911474
-0.0417264991035697 0.300771578914521 0.0964879682839625 -0.172179318235255
0.230335075253644 0.14441065046555 -0.108250397937633 -0.23978077310788
0.191155679346101 -0.180939450362806 -0.2470474696624 -0.0676750753740641
-0.138876143368228 -0.199012135523074 -0.0831893517830369 0.187442037903352
-0.213547641289242 0.0542923689214873 0.137344951587759 0.135295453693941
-0.0736340447251621 0.256305749156662 0.160873554705779 -0.0452932100288078
0.0868468757974155 0.18588697918846 0.00565196835617984 -0.154636979245368
0.0640145291179749 0.228980592520413 -0.0536787163789711 0.183322654804165
-0.117129878866139 0.289023004412295 -0.17125415132102 -0.00722897378924756
-0.247171608469057 0.0130506145623276 -0.0173658277056633 -0.186774935877565
-0.0643734706231945 -0.22657411924645 0.201112529985644 -0.0231442776998639
0.261484598772688 -0.032215680235797 0.010591269685275 0.182137089413891
0.117063033957224 0.27526510762972 -0.119429478284962 0.0833030988923884
-0.170357526809503 0.308165816687858 -0.055095304883668 -0.0379023792302663
-0.213671983853746 0.309587656801966 0.0308576928256897 -0.0254105518804466
-0.00254189322640674 0.33597932598924 0.086765442832197 -0.0596856137970362
0.278820709813533 0.0833946636371789 -0.0210661653102156 -0.20468727046066
0.0963589527567847 -0.244652370276594 -0.204988774719579 -0.107809683709197
-0.263995519863349 -0.0907720792197825 -0.076109457538544 0.164517688006993
-0.18127237957532 0.203393988256327 0.170953325247923 0.105483096853329
0.0166530879804503 0.300685416825343 0.177989053664577 -0.108072086740978
0.135368242962584 0.183355074514811 -0.0413692382206882 -0.240550890606123
-0.00851484627478322 0.224855151019563 -0.0754259916691055 0.0953479312624023
-0.202839349156396 0.207057979813915 -0.141959310193274 -0.0618125049808214
-0.221239285598245 -0.123281331522558 0.00662207648328203 -0.204843339407427
0.063156599832974 -0.247904106656126 0.210394377379933 -0.0561795249602721
0.291770896490719 0.0613284718589865 0.0875458060695892 0.170526726645765
0.0611572307734836 0.304715178786571 -0.0652153192047908 0.172477992848776
-0.207221279390689 0.284428580768833 -0.118223871993372 0.0737071432214454
-0.213591520250698 0.292980495827747 -0.0543911139046303 0.0870400716031314
0.0180707665780238 0.307604438832185 0.107948813488164 0.0498096855846375
0.240277693505582 0.0522792028904665 0.0888993801046327 -0.223797511562173
0.0446166053515149 -0.17214914525339 -0.197685735172687 -0.22019089244255
-0.203496789596241 0.00761164848843971 -0.145303366713045 0.105301532559602
-0.0721625362892819 0.200822373807711 0.122836657677004 0.0689093340322874
0.0766995459967165 0.228045735597396 0.123921537413893 -0.140425711604124
0.150024993421132 0.136551253943472 -0.117038083973418 -0.293619146032394
-0.0564351178520697 0.167411436209393 -0.0498803293646554 0.0252827355360687
-0.192185828784305 0.0784634517207399 -0.0803629272046106 -0.0358765239814167
-0.0816738368801861 -0.161616192648811 -0.0182166942115428 -0.140984644686713
0.133484858574059 -0.120012277365298 0.163026073547628 -0.076311521735099
0.20069591558902 0.132963235140717 0.117746243186752 0.174721947953208
0.00599119368494642 0.249701216432787 -0.060284854881208 0.24930768004474
-0.187123070784056 0.216452206057453 -0.190685669369414 0.164878745664188
-0.179107127244391 0.231915607200654 -0.130049294056335 0.188347283398544
0.00879147094326211 0.240955848890049 0.129231098770382 0.139419814575566
0.170417014439938 0.0561461877669507 0.15361750373534 -0.241813312332861
0.0552803030690864 -0.0810934043615408 -0.21472613809028 -0.282672141053658
-0.0974775781990396 0.00984606468074957 -0.230292245639695 0.0976649667497652
-0.0197681209371929 0.10533942114377 0.0607014313009385 0.0978163244593103
0.0624114924648993 0.117659511914647 0.0703382572251608 -0.109997331852904
0.114861181472154 0.0806654385811263 -0.181503442943886 -0.30460123940589
-0.0619292343012069 0.0892825854945026 -0.00854883867235123 -0.00661046920668308
-0.120524538689302 0.00621642831769568 -0.0538482728822578 0.0358086960181395
-0.00823351294073538 -0.0985942920920363 -0.103342914637555 -0.100191083255721
0.0782264792315885 -0.0256902260593924 0.122226591224763 -0.145479463802046
0.0919325290412329 0.0971569563304426 0.154979421905818 0.160402858048145
-0.00623282564049142 0.142830427306575 -0.0562715488834617 0.290262556402204
-0.119984598646841 0.127451677850273 -0.237992763380017 0.229058280053358
-0.120130133524028 0.138238540445133 -0.184952757873878 0.257770161098235
-0.0146260898797688 0.150692541836618 0.126393979111619 0.204862021167096
0.0971557001228923 0.0571004957176161 0.185770337263767 -0.215295185515067
0.0580315101385741 -0.0190128108578692 -0.186238783407411 -0.289501920671343
-0.0308262688311507 -0.00505297870388685 -0.26501826660576 0.0932992149000775
-0.00875155189737639 0.0312454385283535 0.0301934436363667 0.139292976175418
0.0162949362468801 0.0326257901680807 0.0532169153443315 -0.0617344357235049
0.0485903509047434 0.040185838897268 -0.211730719671524 -0.295720441263969
0.0285918237257215 0.00977894626710254 0.168727329519884 0.281554229335458
0.0142881533613548 0.0137017089533279 -0.0608670464326319 0.0346058863535695
-0.00333753774417497 0.00806095711289319 0.000841524383572322 -0.157357119886573
-0.00596091436691485 0.00218389332704416 0.266874683902911 -0.0562803802374984
-0.0380470804166923 -0.0257980072492944 0.10405530601307 0.287662006056927
-0.00472647348582533 -0.0374455817589403 -0.233966388996061 0.159015657392485
0.0313841066077626 -0.0327188935522995 -0.107030114903633 -0.23864282241929
0.0457826336682098 -0.0129600527238822 0.219671233575241 -0.289682920337279
0.0320359824537358 -0.0198891244307277 0.251656288006296 -0.275692481173695
-0.0128068282931112 -0.0367882306520515 0.0248800179256364 -0.314185941280621
-0.0346742304771109 -0.0158007389555745 -0.203006027399593 -0.16407278619836
-0.00832781909894146 0.0190338328058217 -0.107325411075282 0.189075167604343
0.0144367008616414 0.0227224162774097 0.176812367449071 0.0920957464699997
0.0437910397545464 0.0105361969777102 0.0437461861184203 -0.0921764768617527
0.0355281231370109 -0.0105305530525937 -0.0103937949300198 -0.00435164176863375
0.0884316614454726 0.0529000362802917 0.140451870063646 0.282554654193874
0.0320160827593742 0.0731134373936991 -0.0653388414701173 0.0323719818090733
-0.0236521850583525 0.0309113089629682 0.0308021238652361 -0.160181347019928
-0.0272673884143695 -0.0230352365127453 0.287160955280357 -0.0165661810020431
0.019360308209537 -0.0474483673982268 0.0545977868419597 0.29929892918663
0.0568776790729671 0.0204042029858207 -0.248647477880891 0.115135358147126
0.0131658526030005 0.0800210770160199 -0.0711967366310027 -0.245883492865536
-0.0415102037258095 0.100192446665458 0.217764207047757 -0.280035596018916
-0.0400312762171439 0.0943404504902582 0.21521024320227 -0.288627364513754
0.00489321562400603 0.0749886778209246 -0.0363719813221893 -0.321071887809746
0.0473597211083517 0.0407519550152537 -0.22793365647265 -0.130253663749828
0.0615341673042635 -0.00795469814445098 -0.0711557969896849 0.184543499339715
0.0075449085140257 -0.0473647943898598 0.163191946700696 0.0706394173399939
-0.0335807887483773 0.0439526442938063 0.0516573866075249 -0.0811202758106411
0.0238909164358812 0.0675613840598712 -0.00674640463505621 -0.0239457435937057
0.124913480117539 0.110629263882666 0.0854010806126315 0.281132923665561
0.0305223218071058 0.156694757036492 -0.0852069376463742 0.0471583852110817
-0.0623056635168294 0.0606556284159104 0.0470655937434739 -0.144076276570796
-0.0524417361601446 -0.0580064175017702 0.290102992068142 0.0335693143402852
0.0902662500381596 -0.0583794938332238 0.00166723493834721 0.309229555561381
0.107230062402634 0.0985167750820504 -0.247786428710826 0.0769319050315481
-0.0326316287748428 0.18770858950885 -0.0389173286274711 -0.215175308739392
-0.121389473750256 0.200753057278656 0.179988901784603 -0.22122803126732
-0.066195883606451 0.211596681747575 0.153121070041403 -0.255862403921834
0.103217715899624 0.155413168024529 -0.0995455239549908 -0.299237694143361
0.172240557851559 -0.0156865632661362 -0.24649283307483 -0.096838559635223
0.044480737324301 -0.131327284838067 -0.071570679608606 0.164462892078349
-0.0962954330892324 -0.0686237405110705 0.119206706217191 0.0906454141246005
-0.0939328529291898 0.13559476862507 0.0932015241360236 -0.0406859743163541
0.0395656085170807 0.141010921716286 0.00905879343220006 -0.0738562889103712
0.11885136181236 0.179505892074028 0.0120841981795584 0.252630320247361
-0.0149040603828575 0.25507205437855 -0.133414613707597 0.0451210687909036
-0.147313183575421 0.0788262778468478 0.0172244578272867 -0.138415445733456
-0.0854252923242561 -0.122843873336066 0.237614630110159 0.0471212347634244
0.172534381690975 -0.0597443983450204 -0.0387323431557858 0.264531844660806
0.130738865795767 0.191544581310908 -0.203791053127846 0.0516798320794745
-0.103456345757729 0.269812616029011 -0.0285695742751703 -0.143592604337898
-0.182801678028323 0.273542240851416 0.113616580173167 -0.13124931918309
-0.04482404854292 0.302678392798728 0.100273330739007 -0.171502105511097
0.22973557112084 0.147661660051169 -0.105680720429055 -0.242071204206665
0.196186995656852 -0.179394906474564 -0.248297569372111 -0.0718067349179117
-0.137025138173949 -0.202508411478674 -0.0861128935700189 0.187764350202341
-0.21582691631429 0.0524666514856158 0.137370053416698 0.137026523086334
-0.0744058697398714 0.25754205876147 0.161848496232459 -0.0452509876160153
0.0881826895062623 0.187771520763754 0.00519793706421872 -0.156244566650583
0.0638837284016995 0.229486386289209 -0.0540225501048093 0.184226174928251
-0.11804803427124 0.290008750018619 -0.172400044463524 -0.00804066782961451
-0.247773001431613 0.0104376051349523 -0.015926006873082 -0.188230732794704
-0.061817823109259 -0.227535267160272 0.203478796245744 -0.0206245512975598
0.263759111371995 -0.0293970005566527 0.00731671944433038 0.185683711222881
0.113591763888901 0.277448463645648 -0.12119129613788 0.082444936747671
-0.174682131075216 0.307102699814921 -0.0555985769260746 -0.039072849867017
-0.216950230716523 0.307435282527798 0.0317385763704534 -0.0243777639502044
-0.00619738945369715 0.337118603193145 0.089827100550082 -0.0579940194824043
0.2790531770673 0.0871755762606431 -0.0186627813684892 -0.206045991383258
0.0990014344744418 -0.244685923995239 -0.205941947581072 -0.112553295366655
-0.263693698420962 -0.0941303531358235 -0.0798072473569035 0.165107374127057
-0.183011869194258 0.203851286776205 0.170657313819183 0.107543539104123
0.015950161040041 0.301424120252524 0.178948460558747 -0.107073691218813
0.136484324704048 0.184582917958904 -0.0411338280919715 -0.243013727142318
-0.0095457197182349 0.226024274706275 -0.0753580613024277 0.0960396265960378
-0.204748122331167 0.206493115854184 -0.142325327042884 -0.0624624401630374
-0.220419096582938 -0.12670870352848 0.00752887691849638 -0.205814577163289
0.0663201399771138 -0.249244470324873 0.212702551414951 -0.0548077017312192
0.29312842804293 0.0657826983433474 0.0853928764415572 0.174689307019655
0.0565724345353328 0.308273674613116 -0.0678203255981446 0.172080994811478
-0.21200991247731 0.2837597456435 -0.12136070055397 0.071845758013509
-0.215355931450307 0.29081091726339 -0.0553470232591726 0.0867203882005825
0.0142544916593101 0.308765956540843 0.109760952415108 0.0516088243356352
0.240050745386949 0.0534466739359991 0.0908151307658693 -0.225948118488302
0.0457267893690774 -0.171563802100176 -0.198923631680443 -0.224535108643876
-0.203322567764197 0.0064215658127478 -0.149192331350787 0.105659423051017
-0.0725597995064906 0.200211496286411 0.122028394631225 0.0712602267488062
0.0759410910564473 0.229966673958412 0.125160723024946 -0.14002482866104
0.149485341183 0.137750228336423 -0.116782386579933 -0.295575226666369
-0.0573179196431112 0.168105921578534 -0.0494815195383965 0.0257788767461658
-0.192571420166393 0.0775618857864012 -0.0815382106606012 -0.0354572564596046
-0.0804813093407834 -0.164862222406085 -0.0179904189820349 -0.141307515192604
0.136406765581127 -0.11876312159589 0.164186142696352 -0.075603826115488
0.200252289283518 0.136706939869573 0.115893832354499 0.178969204042511
0.00210753389725365 0.252160051250054 -0.0641742728509915 0.2496476688909
-0.190658468842273 0.214896115969635 -0.195703816251746 0.163830802254421
-0.183377008566682 0.229851490984722 -0.133440551336677 0.186747566213135
0.00638901315734124 0.241753916356659 0.128882306679794 0.141546858018677
0.1692643527904 0.0575037758198247 0.154967358091557 -0.241942674479261
0.0567703953182165 -0.0801171858796696 -0.216265057178327 -0.28586623840064
-0.0963043401872993 0.0101165672375394 -0.233794556928508 0.0974173817543604
-0.0191998278986145 0.105073420533207 0.0602165141321133 0.101139556515332
0.0613893456006805 0.11875275186749 0.0714116819638864 -0.109414075405946
0.114522523690369 0.0811402340280359 -0.182316961112678 -0.306677749536134
-0.0629123726353902 0.0897823062221843 -0.00732645803559309 -0.00777791374125342
-0.120255295312396 0.00532619676649238 -0.0547805266370871 0.0373546301689001
-0.00742954831429283 -0.0999883498213084 -0.102986957463682 -0.10115188670794
0.0797010642239675 -0.0234603220660285 0.124680295565449 -0.144906143697445
0.0912481240844504 0.0995473577861562 0.154103386921378 0.164496559490867
-0.00882060208721377 0.143708872556719 -0.0609069066607056 0.29096329799509
-0.122154238151648 0.126520353394917 -0.245250025167126 0.225237521067907
-0.122650009249686 0.136378122351416 -0.190305156861129 0.25623258923222
-0.0162749377585319 0.150046754741045 0.125612610421729 0.206799206884059
0.0962423386091281 0.057022463195384 0.187655622394805 -0.214963570867745
0.0577309554398293 -0.0174362545427624 -0.185398408776071 -0.292937526188837
-0.0305383073340665 -0.00499966121769761 -0.269195916467811 0.0922885126875751
-0.00743304119156262 0.0301106515463026 0.0289023232725112 0.141605376314973
0.0164529090773316 0.0330439011042948 0.0553421718108029 -0.0605832401996594
0.0479889746604464 0.0402105926817896 -0.211829377277395 -0.298717365307713
0.0347520862596067 0.00930968144331673 0.169882654507127 0.283866165927327
0.0148811710219643 0.01544021467304 -0.0625332427799742 0.0344357670436881
-0.00558718119040844 0.00669706014785435 0.000226009100662736 -0.159340232024246
-0.0047160483230617 -0.00116235428126928 0.271324806422592 -0.0575020331555353
-0.0360539813226072 -0.0255659879200947 0.106165630350107 0.292959117009927
-0.00339833164068983 -0.0372003526516016 -0.236632082298756 0.164484804225548
0.0328659752772518 -0.0338415975165523 -0.112337086576476 -0.24137165680964
0.0483828404415266 -0.014007161197985 0.220629932952266 -0.295419124019302
0.034833023375564 -0.0215888075798517 0.25334929653782 -0.282407147607328
-0.0128154885392869 -0.0370910203217592 0.0241414665017992 -0.320395161190429
-0.0343243266862955 -0.0177836522965275 -0.21089792545648 -0.16463901196071
-0.00748635140130474 0.0187464396567513 -0.106481158004961 0.194162463868761
0.0146275111280859 0.0224229291348884 0.182357859377026 0.0884181941794811
0.0456514844010945 0.00963274249548441 0.0420102335122449 -0.0941391645609111
0.0368502998505016 -0.0104181411524082 -0.0126813379149009 -0.00270650447340133
0.0957476760299027 0.0532962241048948 0.141189456438988 0.284327793232654
0.0334769501127122 0.0763065502101082 -0.0655213293810753 0.0319050407416196
-0.025321865441593 0.0303228063074878 0.0303086642600707 -0.162542799381304
-0.0260967688069364 -0.0266712046550355 0.292600325003132 -0.0187552424262316
0.0217310188185752 -0.0475777086499201 0.0565445710035381 0.303790193777402
0.0605124444986489 0.0220850102294174 -0.252706974309606 0.120402957913933
0.0141485020423358 0.081694547629141 -0.0762099273290299 -0.248497775180327
-0.039262184667439 0.100608627245951 0.217424642295615 -0.283569387349421
-0.0375314616081637 0.0968708480385259 0.217071087996209 -0.295018481766599
0.00554112395677586 0.0784363983953466 -0.0384126323435224 -0.324469625460958
0.0510385448493384 0.0411905808091312 -0.23679831888041 -0.129683137224937
0.0641897386711642 -0.00948436016207341 -0.0702101256544278 0.190759507021529
0.00632970298795579 -0.0506231284735364 0.169030981862504 0.065698995569838
-0.03420585186135 0.0460149106287634 0.0488475173793671 -0.0840521156437442
0.0266971680688337 0.0696205689497793 -0.0116102636206237 -0.023240362777767
0.13276095062543 0.113313771994067 0.0879703604297709 0.281652260459021
0.0337437831162264 0.161785961373323 -0.0852737335516904 0.046952015101782
-0.0636713333036018 0.0605956853883565 0.0475111989308089 -0.147743080947725
-0.0502811971736801 -0.061568628668022 0.295777730180925 0.0332556477803187
0.093292533962386 -0.0582465167635836 0.00346590407821243 0.316067863481914
0.110174757226108 0.101134596234004 -0.252312925258232 0.0810410087628476
-0.0327755686397742 0.191523297247329 -0.0431523986193797 -0.218599573670913
-0.120817918471751 0.203833668651345 0.181374789725711 -0.226171538013777
-0.0643626612197788 0.217937843431127 0.155006191032716 -0.261916826128148
0.107570613713064 0.160416126617366 -0.104005645078943 -0.300850042674213
0.17907229939493 -0.0191799364944234 -0.254056967146054 -0.0930376575828153
0.0437081680770029 -0.137704482774269 -0.0681251978367768 0.169855973785397
-0.100941683954251 -0.0707973496879682 0.124247839660849 0.087077899907717
-0.0950013362320791 0.142390653338877 0.0915038321044369 -0.0437958703086685
0.0451512254495428 0.14565811495135 0.00123328527026128 -0.0731243874075355
0.126452723399438 0.185121955533483 0.013589366147867 0.253953054730868
-0.0114184265011857 0.263362481911794 -0.133775224801324 0.0463644435864748
-0.150613594280485 0.0803033004404793 0.0178566317766891 -0.140769493232441
-0.0844724399947044 -0.126433993803182 0.243132434741824 0.0468622580820888
0.176189664457602 -0.0611612051973606 -0.0370727483693884 0.271515308436245
0.13479207918143 0.195005183480714 -0.20756716983139 0.0553444922438809
-0.1042287387784 0.27680461054433 -0.0316673574025463 -0.143895820928921
-0.183342496072779 0.278915508469044 0.115017159774652 -0.132311815856352
-0.0409545944967272 0.310864990042149 0.102052927622045 -0.175491954492111
0.236931767141376 0.151292746923605 -0.110036092907278 -0.242493677955285
0.200136460477109 -0.188883467101983 -0.253733011627772 -0.0673237828040785
-0.144003208720256 -0.209051033916662 -0.0828238473705128 0.190035339721222
-0.222430636447369 0.0571795330875117 0.140849468508007 0.133378976037405
-0.0737441012832855 0.269523228988422 0.160257095187755 -0.0512764201200629
0.0958191271814232 0.194219646789732 -0.00566733901315892 -0.155646635842354
0.0691788764325542 0.237951234477481 -0.0518706685340804 0.185864781058721
-0.119300704089979 0.301787466933729 -0.173337581587134 -0.00642991335178602
-0.256187555506694 0.0117514580734186 -0.0165201387867434 -0.189633055489009
-0.0625806140162051 -0.234308868435197 0.207805851073153 -0.0214105259165635
0.269103972793374 -0.0295404575314577 0.0078835416028748 0.191057804340637
0.116584184492896 0.284420005800814 -0.124546254243729 0.0856756819725875
-0.176022176475356 0.315063023987618 -0.0587843836471959 -0.036987957305734
-0.218269657637393 0.315193296302043 0.0320701674335962 -0.0228717479793119
-0.00222213945182751 0.346020300005605 0.09196714342609 -0.0606543743431261
0.28650290159447 0.086466284657094 -0.0208736771687418 -0.208371189500209
0.0995519961646249 -0.253255006612159 -0.211409786476893 -0.111550782475677
-0.271521069322281 -0.0938208104051568 -0.0797943840125764 0.165504560750354
-0.184620691410274 0.211988581295763 0.171290609349307 0.103403545967569
0.0214195593915878 0.314092879654994 0.175537616040851 -0.113713484777849
0.146341303414728 0.190258778683347 -0.0565910049798639 -0.242657838828173
-0.00650275186363279 0.234114288712509 -0.0740749879412794 0.0976311844933943
-0.209362824943136 0.214623752083345 -0.143887506073458 -0.0607347785980847
-0.230021128564661 -0.130580054447487 0.00671698238182597 -0.207889651334664
0.0694906459535887 -0.257761430052616 0.215999844092312 -0.0572217710745558
0.299646554711747 0.0654379844822137 0.0880051016104379 0.179257176824811
0.0592075593696876 0.314843470562048 -0.0687690915139004 0.176776726055933
-0.214453113952663 0.291769234236384 -0.125227833559503 0.0767965974196701
-0.217772841953342 0.29799396294336 -0.0553879623211084 0.0914306250879718
0.0185449924276207 0.317245472734286 0.113751569146346 0.0514596784877392
0.246348960875961 0.0527478239435405 0.089206486367936 -0.229864722645518
0.0458684249995365 -0.176959812333586 -0.20683284332502 -0.225773508755397
-0.206709144139944 0.0097748295154411 -0.153992191792727 0.109107721713117
-0.0690540853856136 0.206546181818622 0.121282373471002 0.0713385971204751
0.082043495204248 0.237032560008615 0.12185676487446 -0.144519980996944
0.159196739153501 0.141097873205732 -0.131380325713963 -0.293104006009107
-0.0575020909854606 0.174107198379022 -0.0480152545129165 0.0255370451974163
-0.197545446761241 0.0816287423900626 -0.0825344171088949 -0.0346601687064152
-0.0853566775500834 -0.171187919448844 -0.0189045090567752 -0.143506771292079
0.141322568049643 -0.123132799485421 0.166101779011902 -0.0777381511736299
0.206516227253744 0.139019351832353 0.119946378585859 0.18290478873343
0.00285508112685151 0.257795527793929 -0.0652683640750463 0.256154999150696
-0.194397382346476 0.222146127001978 -0.200691812663448 0.170059544121779
-0.184769454495763 0.235415459634766 -0.134889535217805 0.194015096201339
0.00908551119881214 0.246916224527568 0.133191393166308 0.142278081314886
0.172606567908456 0.0581260413615366 0.153188555392977 -0.246069763230919
0.0583775320207027 -0.0821947113475793 -0.225432258520349 -0.287178060060412
-0.096596244441141 0.0118497162106631 -0.239055423188263 0.103759061589049
-0.0159683827228281 0.106248490244639 0.0611452885946813 0.103899847475077
0.0654610736287176 0.121830198964682 0.0701090730084746 -0.110684734384095
0.122535442857829 0.0841243231977955 -0.196654155021844 -0.302545578329836
-0.0634740137354713 0.0923835939938086 -0.00698183832485029 -0.00855647874108991
-0.122894521049129 0.00762944350874225 -0.0547835374727579 0.0397148772822727
-0.00973848909715531 -0.103101630165802 -0.104634453542913 -0.101990869567579
0.0808537737751776 -0.0251141177807823 0.125512359159496 -0.147969720807562
0.0950551422491362 0.101198146978769 0.157592235820704 0.169375829661678
-0.00738062953936795 0.146979014040189 -0.0605277731684741 0.298012243830775
-0.124574339543244 0.13057536507415 -0.250113942807903 0.233441075178773
-0.124052339148108 0.140590941588194 -0.191999235264953 0.26247480390726
-0.014801211416975 0.156289985961713 0.130729622766867 0.20753323398824
0.0982888045904773 0.057485666072582 0.185756565382681 -0.218760851124169
0.0606123006029866 -0.0182133867880342 -0.194138854117445 -0.294281380712866
-0.0291893525599621 -0.00402251788430484 -0.272879182857927 0.0986135568813211
-0.00644441848616086 0.0297558051394731 0.0322337833314139 0.144635690549134
0.0171487449706748 0.0346213098194878 0.0553706649121673 -0.0613712253836108
0.0533827588053931 0.0425383869163145 -0.225409618012222 -0.295205980903116
0.0356920670338813 0.00733031882133405 0.181688548526477 0.282404992983247
0.0153618328821799 0.0152441965872583 -0.0634258661661774 0.0362307385455686
-0.00507795357795536 0.00652570244605302 -0.00529010077850559 -0.163131652916758
-0.00421244358549157 -0.00214946482693773 0.275487560691326 -0.0663665730589317
-0.0372748717308533 -0.0233821402478448 0.116493834089688 0.294903035274483
-0.00400087502917585 -0.0379153774985756 -0.235073681838529 0.174851024529751
0.0333046225461421 -0.0343814090267783 -0.121502268417218 -0.23952342951583
0.0495616286055416 -0.0157207078609309 0.214640742079677 -0.30539942116936
0.0364564778539502 -0.023359686387899 0.250629860567026 -0.293725210779406
-0.0141788677744442 -0.0371659069976038 0.0154580219384497 -0.326388309491869
-0.035284747048567 -0.0176333340917392 -0.22223353407468 -0.161899311080705
-0.00779507767524628 0.0185906740555977 -0.102377315844151 0.201412084979047
0.0149228644524291 0.0222211895948217 0.186624838289638 0.0825589422771716
0.0471744194212619 0.00759003030418964 0.0377984654041995 -0.0966630579593299
0.0382647206590291 -0.0114274913862163 -0.0158489163900878 -0.00104592195692123
0.0998479525404314 0.0495872037160355 0.152980126457718 0.283985560140631
0.0369416419344488 0.0764952165066043 -0.0671191075372901 0.0340485092522248
-0.0231298108666096 0.0309681627829051 0.0256709089705533 -0.166840035113639
-0.0265888260206745 -0.0269962478424782 0.297382539951034 -0.0273277506365258
0.0207612435785663 -0.0481378726102682 0.0663862361830316 0.308714951190286
0.0621163596911206 0.0196568778691332 -0.251907009022195 0.130774917986806
0.0171439970350742 0.0817664192569304 -0.0847114566633576 -0.248019149133425
-0.036456603273997 0.102727694577384 0.212400308147034 -0.293704658368116
-0.0336193664008706 0.0995551918625904 0.21151922187671 -0.306713837292552
0.00854569393127053 0.0801075458058937 -0.0486504901768608 -0.329267720483901
0.0529607766621731 0.0395778166433972 -0.247091061027366 -0.125725772105212
0.0650992539473745 -0.0122426858010638 -0.0658938970678121 0.196185752870817
0.0043680171424667 -0.0522824216532535 0.173004197871529 0.0600323540461006
-0.0314746969825794 0.0474676145576732 0.0456856831836397 -0.0865521457385495
0.0302961776929911 0.0701987628991814 -0.014573223991896 -0.0222280182636618
0.139581553116825 0.108531252232935 0.0980935005872511 0.282078688489624
0.0414726597529438 0.162899521755252 -0.0851874474650951 0.0503221835611699
-0.0611702476008944 0.061880590010544 0.0442948471436172 -0.15252787105939
-0.0518687074981568 -0.0609692158690393 0.302548104714241 0.0231772892071819
0.0929766253442887 -0.0611646886891864 0.014226063603665 0.322714096035268
0.115093027649865 0.0994208787761661 -0.252687499834953 0.0914185572228125
-0.0265021576049877 0.193643241343861 -0.0512680126178956 -0.219215371240054
-0.115720329276556 0.210475329935137 0.176050383316118 -0.233464550657787
-0.0568123678129373 0.223426252869141 0.149686199893835 -0.2713160755761
0.11404414845195 0.16085751490993 -0.115415722734143 -0.302032648884236
0.182211824920792 -0.0252720115626926 -0.263036499798206 -0.0886600401523896
0.040612536567744 -0.141791008880519 -0.0640429772432768 0.174851114481967
-0.105644084988822 -0.0694192367903321 0.128875673538581 0.0831043540673558
-0.0898973343141648 0.147812570979122 0.090916634494939 -0.047813866718874
0.0513230702345807 0.146518535824024 -0.00347158036797581 -0.0743645532680142
0.134610145011564 0.182881292162567 0.0227734261719541 0.257447681757486
-0.000400169444744735 0.266368723936644 -0.134279819504078 0.0514689265472259
-0.148150137539657 0.0861051580470868 0.0140982777945318 -0.14495977640375
-0.0887402174410964 -0.12567202350687 0.250426903041679 0.0395886556580849
0.177036678343595 -0.067351732203323 -0.0275147236421892 0.279828846507771
0.141229794960884 0.193578338510673 -0.20897378266311 0.0635598890899198
-0.0962861018907346 0.282719683991946 -0.0377307655371366 -0.145310486754729
-0.175293742555709 0.287246258461393 0.112947011482826 -0.137014321083166
-0.0308232263445917 0.316646132637025 0.100139857955062 -0.180786202825555
0.244625101660649 0.145922394402127 -0.118971891078662 -0.242160388598169
0.197834933352095 -0.197330962448299 -0.262269887315551 -0.0610337897444845
-0.153244306844444 -0.208059462785197 -0.077876380222497 0.195303394860088
-0.224075985250794 0.0650562922607018 0.147373113714242 0.130083398647965
-0.063743712482648 0.275968883155755 0.160000277165068 -0.0573432735595913
0.105141663926031 0.193778152914858 -0.0139829136114275 -0.15770391484345
0.0785809826993191 0.238912604534367 -0.0464961592280518 0.190417454054427
-0.106469495815511 0.309785352151797 -0.17651527231568 -0.00017647775524687
-0.257723551026558 0.0194142086989321 -0.0216113518454433 -0.192623053408392
-0.0701719092496758 -0.235154111461502 0.21177502093018 -0.0284110970774704
0.272168874807029 -0.0395822558092124 0.0148454839222968 0.197178303854581
0.12716244619467 0.284695982036954 -0.124260441667099 0.0910467836026614
-0.168647403028141 0.323220058401505 -0.0626196382637831 -0.036396561572608
-0.210073536126074 0.323820551061633 0.0321114768126223 -0.024421595789132
0.0101590247868082 0.350110708767983 0.0932302176033644 -0.0643401823419011
0.292838097882906 0.0785589257462013 -0.0273208436573503 -0.210997747389233
0.0921079217916105 -0.260222951526312 -0.220242477952581 -0.108005197817564
-0.279437944675377 -0.0859476297767764 -0.0767289256209269 0.171183530098244
-0.178698992540585 0.220361851975379 0.176354315083256 0.0996425807012661
0.0340604528115153 0.31866200241428 0.173847160317792 -0.121618450665384
0.155718934890386 0.186449673494202 -0.0673200400317081 -0.243310619695012
0.00215157021430936 0.238309276204392 -0.0716398759101461 0.101220686070869
-0.204149542728332 0.225657036535197 -0.148271493251939 -0.0555055918654585
-0.237791810227112 -0.125652095110016 -0.000734656897363583 -0.210709900066797
0.0627799617852182 -0.263038581294111 0.217105733500695 -0.0647077250661003
0.307026791019842 0.057337627349452 0.0947814462897459 0.180148335410718
0.0697013516648383 0.318244033503394 -0.0648945862700921 0.182003576020704
-0.209031104402754 0.302522973975448 -0.1255478081831 0.0809139710175309
-0.211599587579505 0.306470105064107 -0.0536731638691034 0.0933340839293636
0.0290163164042061 0.319085925563024 0.118156982873739 0.0478730513156407
0.249482678246137 0.045478752417675 0.0819439154492962 -0.237354895944775
0.0407697871425988 -0.179032714075865 -0.220414160556724 -0.222949635262809
-0.207969287251903 0.017830398012212 -0.154938719669807 0.116166213208537
-0.0621153253691781 0.211055157713072 0.124339722535201 0.0695300364984681
0.0925600481046857 0.237444864658478 0.117680096709832 -0.150095900543341
0.167474325151814 0.136509421571596 -0.146614888433416 -0.291860854392909
-0.0516222070043636 0.179133477112876 -0.0478950277429481 0.0267384631773658
-0.197437195738324 0.0902732011776915 -0.0853072677651216 -0.031724535398327
-0.0932157050125275 -0.172393308198002 -0.0249491874070966 -0.145228203092903
0.140684091286825 -0.128602473967281 0.166520790217575 -0.0841842695000144
0.215191786410902 0.135330948351602 0.128175799879635 0.182461100195343
0.0108360700910699 0.262272328885294 -0.0583473611662253 0.262716212431096
-0.190406885542044 0.230513595890234 -0.199378682768235 0.177990753368041
-0.181291958824398 0.243044265773761 -0.130571248784494 0.199446087090028
0.0165660252163276 0.250186952122984 0.141967490636715 0.138371423691862
0.176048880807819 0.0529149262622855 0.145597897699963 -0.255636630014685
0.0567612919085423 -0.0842175800586542 -0.242192298016898 -0.28346384479
-0.0957616719949999 0.015182422271815 -0.241319402420768 0.11376631095379
-0.010377405023345 0.106776529722181 0.065124817691942 0.104744668178482
0.0717070659022981 0.1210636838197 0.066863199952721 -0.113808798921441
0.12671943338571 0.0805292521210449 -0.211583937354214 -0.299878069396963
-0.0611940456969883 0.0962258848800474 -0.00658344438969194 -0.00895657086456512
-0.125226885335938 0.011683274246242 -0.0538647060548045 0.0428166944831465
-0.0131801837450058 -0.104920568322177 -0.109474975326216 -0.0991962812141047
0.0823830416369021 -0.0263131514992425 0.122280880691507 -0.153933720161801
0.0989583430197753 0.100515172664178 0.165895846278219 0.167288786155728
-0.00366437550594101 0.150157296763379 -0.0538201641587177 0.305051203920385
-0.122695590683704 0.13628225991639 -0.248885589902022 0.243114949721684
-0.121421326545699 0.145843002682942 -0.186347312656211 0.270472171575611
-0.0105364838978623 0.158735630528844 0.141157695012177 0.204410764839143
0.100108803607953 0.0547586731747986 0.179492406037753 -0.226829295536558
0.0610766337055268 -0.0188814025393254 -0.206734679965091 -0.292305862242401
-0.0279628677339479 -0.00286202511073098 -0.275544238769539 0.110473934453369
-0.00416045904141856 0.0291556266598984 0.0375420773653123 0.147970203733101
0.0185412392938881 0.0341358655508249 0.054427851769169 -0.0630829393607637
0.0550254063347118 0.0409794645902255 -0.240086975129885 -0.289922819121142
0.0353822459059975 0.0065402513964689 0.189800280001037 0.273037141876529
0.0163584502182529 0.014742678474171 -0.0625292365486419 0.0372550866224315
-0.00485750868378954 0.00723068278389354 -0.011349950405635 -0.162580176916047
-0.00412051212490992 -0.00265519789605081 0.27193664050617 -0.0745241476521855
-0.0374997999189311 -0.0216893032672829 0.12527151396877 0.289714776531589
-0.00438350811415743 -0.0378525135289247 -0.226211900316606 0.181148343728638
0.0322427790650092 -0.035503848199584 -0.12709415861161 -0.231357769633472
0.0501753667676673 -0.0179566833577832 0.203315253597013 -0.30736209597168
0.0366597510067033 -0.0244033894942872 0.239315016603228 -0.296409243538797
-0.014377596339128 -0.0358430230488164 0.00538269999171149 -0.324900704066295
-0.0359469413496707 -0.0170945559678044 -0.227432174523956 -0.154037523246099
-0.00721490152899208 0.0185031601373056 -0.094356733744564 0.202331901267404
0.0166280837239432 0.0221443459152415 0.186549147272984 0.0733578386516333
0.0474530091053899 0.00497092063392018 0.0338851792981555 -0.0960483107531048
0.0376618857295828 -0.0127579496812301 -0.0174343464262481 1.78797894694851E-05
0.100106267433421 0.0444922286351421 0.160669516326726 0.275524835424405
0.0398673386097765 0.0735818660076314 -0.0653378925307222 0.0349417012700223
-0.0222506357490184 0.0310860485079757 0.0192563485514005 -0.16766860507823
-0.0260425633256783 -0.0266225252483727 0.294867355012884 -0.038029656472745
0.0194439439695175 -0.046999110449383 0.0757572371436928 0.304279949288602
0.0611567951611428 0.0174793408332343 -0.24419040354617 0.137831232591821
0.0207514652530854 0.0799443291586233 -0.0928945176573805 -0.241328039778848
-0.0315272858558308 0.102379564601957 0.200490386165678 -0.295390144662173
-0.0286592425300862 0.0983127017852838 0.201139271907814 -0.310424186372707
0.010864569171345 0.0801493240095131 -0.0565484830486027 -0.325543720442141
0.0551696863426984 0.0378797778312587 -0.252433745663859 -0.117346259798001
0.0644664137547439 -0.0161089661516282 -0.0589450945374087 0.196367318931483
0.00244851496284375 -0.0524943791961522 0.173542626087217 0.0526241404068359
-0.0295380447230685 0.0477561180721178 0.0421438291984963 -0.0870544631003812
0.0325282544733317 0.0684681070931077 -0.0173183828011602 -0.0205344353812743
0.14259848484764 0.102312338324704 0.107189686958969 0.276165048656481
0.0471367873282638 0.158412633484547 -0.082343862472564 0.0511498188342111
-0.0572943021568058 0.0629816844600266 0.0386020820827225 -0.153693537140392
-0.0523190912355595 -0.0588155479427346 0.302195373466072 0.011937312610582
0.0898153140020867 -0.0635389939409089 0.0254087226953862 0.320469063755366
0.116327909818241 0.0941392541316339 -0.246753019147575 0.0991520751296514
-0.0198898057732764 0.191622421100258 -0.0591733137226474 -0.215269725984374
-0.107375150259959 0.210029064911093 0.167033039101966 -0.236337376478036
-0.048181350322629 0.22130959143683 0.140403907720501 -0.272979085106115
0.11710042668466 0.155306029097764 -0.123007728388042 -0.295431125641415
0.180433193939022 -0.030025173049083 -0.267078242465335 -0.0796944022568433
0.0360520972623624 -0.143536305106025 -0.0579682493806455 0.175095006285416
-0.107710706873816 -0.0652452553197588 0.131016013946011 0.0780967471799928
-0.0830945535955812 0.149982802166303 0.08823870450123 -0.0508747779042856
0.0564203929089154 0.143073089306364 -0.00762720359620122 -0.0723892520501332
0.140573574492131 0.175236753209157 0.0316124592700214 0.25393957229253
0.0100146782745577 0.263753718544353 -0.13028052112245 0.0560829585505983
-0.142602897404634 0.0898671089376849 0.0100643294362227 -0.145053833815161
-0.0909098223142066 -0.119793141391034 0.252389846278567 0.0307871735751118
0.173144380365547 -0.0718242953589397 -0.0177514508205599 0.280504957804581
0.145232624098913 0.186882880925118 -0.205080584590225 0.0712174033492086
-0.0878861161369465 0.281370734550548 -0.0431613602876658 -0.14308678888003
-0.164300103752034 0.287358172113788 0.107337549068165 -0.139076710884339
-0.0198913867773977 0.313509370142073 0.095244175880518 -0.182929509813257
0.246448955987579 0.136894232494759 -0.124879843316467 -0.234941331753878
0.190418949447048 -0.20204995014401 -0.263691891584734 -0.0520397292892753
-0.158423191766374 -0.201735233343527 -0.0696766689191337 0.1964808400343
-0.219072706150427 0.071702696553063 0.150316657180137 0.123763539580182
-0.0520952881478044 0.276421704572922 0.15628047849917 -0.0629139308052684
0.111613927160312 0.187098730222993 -0.0211181498820682 -0.154809093516918
0.0875268394975507 0.233033641359015 -0.0384892651828918 0.190244552133508
-0.0929808914465259 0.310562888268358 -0.174073400931667 0.00678798301831055
-0.252994547446035 0.027749796830526 -0.0279754554274362 -0.190887426709564
-0.0760429755872604 -0.230374926911479 0.210048246078857 -0.034463053066039
0.268532706083619 -0.0470188717290944 0.0210219789989886 0.197084714105451
0.133656625610492 0.277242526479033 -0.121126609644199 0.0941179845067416
-0.157520352814873 0.324168689653799 -0.0655039755763447 -0.0338635344243022
-0.197474576182778 0.325000568989592 0.0311370508659191 -0.0252794468153027
0.022098577667949 0.345525403944958 0.0913990737349513 -0.0678251660084015
0.290532566339494 0.0684293843189208 -0.0345994618149876 -0.208606533651765
0.0826881894348401 -0.260260868855724 -0.223795120820508 -0.100314490856127
-0.278058282597785 -0.075014959002462 -0.0718159885328738 0.171660625288591
-0.168115899386807 0.224175789603915 0.1771302557862 0.0921777028736291
0.046247820429033 0.313687817195387 0.166555891618484 -0.127193227869091
0.160684654209289 0.177768166901634 -0.0769548947304773 -0.237719997318159
0.0106220738931933 0.23629128939276 -0.0669221913642496 0.102018782391816
-0.191540818047518 0.230865901588434 -0.148946800398775 -0.0499893134428264
-0.239194710797084 -0.117564314412207 -0.00834860098190499 -0.209347973896085
0.0526438868860733 -0.262437123649195 0.21340190667106 -0.0714292223690053
0.306493377350324 0.0477834662582624 0.0993247128011791 0.177412721192663
0.0780619991749507 0.31222283586221 -0.0595180283061159 0.181222667820307
-0.196628114096426 0.30418818281826 -0.124134860627353 0.0834057383570443
-0.199200255125316 0.307931772057295 -0.0507773978469066 0.0936819398755858
0.0393991038938518 0.313295808068876 0.120013171302608 0.0422184980495883
0.24804099694283 0.0369290772016307 0.0720751639916049 -0.238335459270334
0.0337564445600084 -0.178507896440057 -0.229719515299781 -0.213818496497007
-0.203750163340205 0.0259366917991286 -0.152456047870685 0.121493096312385
-0.0513506602244171 0.209388798106601 0.124117235180198 0.0663519066216639
0.101788340353438 0.23005120304935 0.11100729324784 -0.15235197070874
0.169153679785093 0.128103219752346 -0.157463295758075 -0.283573644994217
-0.0449616745949138 0.179068756506066 -0.0463546780261607 0.0275672542743016
-0.193120044794338 0.096244532527939 -0.0858217943334831 -0.027818476535089
-0.0982593369646824 -0.168603228125089 -0.0296621644051994 -0.142743301525915
0.135426847986909 -0.131539615057665 0.162151161611782 -0.0906702125405415
0.216425346458783 0.128852661688324 0.133745405940022 0.178133273209653
0.0178800027190575 0.259815740237863 -0.0502140898639358 0.260281169657891
-0.181538655597933 0.23295576723612 -0.194572165598134 0.180829264004236
-0.17185070204787 0.24445306283144 -0.123502822437597 0.199496299362919
0.0239778166218893 0.245911092321549 0.145419789654012 0.131240865676437
0.174679580533793 0.045876481184681 0.132640969905476 -0.258766858747251
0.0542717755875435 -0.0835987011813005 -0.250211587812087 -0.272406169455595
-0.0928843594343537 0.0198063410763351 -0.236321596926442 0.121454908764966
-0.00563607326981841 0.104594032865339 0.0673728339217268 0.102610829678108
0.0750272568456692 0.117093450577724 0.0631444990240901 -0.113534987426333
0.127274060603783 0.0745462142580733 -0.221434481722772 -0.290241460566576
-0.0566864373654412 0.0969323084921553 -0.00656785699164713 -0.0100202138430525
-0.123589120107669 0.0159631855929068 -0.0520895728260597 0.0456355336634055
-0.0169503046856603 -0.103350881371896 -0.111753750112895 -0.0946883280154598
0.0818292934966567 -0.0267368287153351 0.116011089942152 -0.156771954736261
0.101027537394288 0.0964858474411355 0.170765185898711 0.161866784701137
0.000668818286585646 0.14941989847285 -0.0435364383271743 0.302902120677417
-0.117315428836393 0.138274129260095 -0.240306619894531 0.247602326448938
-0.115520084365108 0.146795056677366 -0.177297656497918 0.272406592921563
-0.00472809206090311 0.157476680685609 0.14710937901287 0.19676473238065
0.100369084449001 0.0501946084209802 0.167832222750202 -0.229522391163445
0.0597509533279043 -0.0196346529695671 -0.215693659135542 -0.283172700145632
-0.0266230039193176 -0.00122749595228886 -0.269443965418438 0.119249598593087
-0.00217300137160976 0.0274348195749004 0.0424177065555981 0.146061875014228
0.0196359276288636 0.0336627474405988 0.0528925895183943 -0.063517384106014
0.0560512312745102 0.03847702241517 -0.248481373082814 -0.277175851012525
0.0350063450905675 0.00484366215418095 0.190677061495908 0.267226137460266
0.0165962149415889 0.01486419163638 -0.0617487474270337 0.0364105220313946
-0.00504874230155046 0.00756354456117697 -0.0132070880848773 -0.160619195199162
-0.00458323146582321 -0.00351284297040464 0.268372098851792 -0.0783618574587063
-0.0359193173683481 -0.0206481637158203 0.126429063394386 0.285074739891168
-0.00568443702485367 -0.037484988195231 -0.220036735332487 0.180720389871276
0.0320058186735997 -0.0358922039719673 -0.128384047728362 -0.226400971178339
0.0493646629116106 -0.0187126947920737 0.198536794798522 -0.303017396004513
0.0370813366047478 -0.0241113785140521 0.233977183058234 -0.294971907018228
-0.0145207995260723 -0.0350888346729298 0.00362823839291804 -0.32095410457584
-0.0362878618719252 -0.0173382379949202 -0.227343364538348 -0.149944007458235
-0.00813694009613131 0.0175518114339126 -0.0906209231113351 0.200815587866628
0.0160685466232212 0.02205560858572 0.184079968609207 0.0689335762196814
0.0467922569777424 0.00355133677736988 0.0319887705559928 -0.0954931181570151
0.0376702191118957 -0.013042443206176 -0.0193591656094416 0.00219391872917488
0.099521244196444 0.0420429152848231 0.163129291869018 0.269290739685988
0.0402235332604134 0.0711409636386358 -0.0638199719343891 0.0342724630465291
-0.0208174370145766 0.0304711817753168 0.0173189903171058 -0.167152285829427
-0.0256766628925331 -0.0261483164537582 0.291651070731483 -0.0415448805168556
0.0189527989540308 -0.045235752169276 0.079178336826411 0.300700887899541
0.0609732955758228 0.0169996099409726 -0.238640467613168 0.138381832317726
0.0207709554869696 0.0768222620253568 -0.0934978965220949 -0.236535599666073
-0.029633792049932 0.0993801331064893 0.195205947827748 -0.292126706985352
-0.0269129092234777 0.0967681053921113 0.196058830971744 -0.306379274050686
0.0114057662056613 0.0796636289272191 -0.0588522186546796 -0.320723757795315
0.0554793303210949 0.0358493029216161 -0.252095849128579 -0.113916048785225
0.0623948582066513 -0.0167768509365884 -0.0563006374007927 0.194662590299735
0.000551498343048401 -0.052175608936347 0.170886812176627 0.0476227207538999
-0.0285550082521039 0.0462510810284148 0.0397877872714806 -0.0857041971868104
0.0335587877524386 0.0671208385856221 -0.0190040000003858 -0.0182676163304631
0.141586510144301 0.0973813736201462 0.109011521867712 0.270672924851183
0.049524805855849 0.155215460964656 -0.0804494183821235 0.0508014174182433
-0.0544231078571688 0.0613790506194969 0.0356425898166458 -0.15440587709536
-0.0514342586941254 -0.0572687610013569 0.30070052794164 0.00677419734094487
0.0874773877042035 -0.0621561787591265 0.0292708822261391 0.317219757214713
0.114572714796015 0.091733462003484 -0.241803819755108 0.100925206426504
-0.018756865219071 0.187993868467283 -0.0603083447242951 -0.21094680524349
-0.103679782239907 0.206388216327753 0.163852107700357 -0.23353103873714
-0.0448127317435981 0.218065215230632 0.136958661932979 -0.27084828894017
0.116992988105992 0.153803277119119 -0.122981458235523 -0.289246237006705
0.178678519608374 -0.0329262503158282 -0.266895244927922 -0.0753857738907673
0.033399924694515 -0.14309399630628 -0.0553729482783571 0.174285772388748
-0.107858350708848 -0.0641917693136201 0.129645928426107 0.074526937269908
-0.0799597318225955 0.149371273610198 0.0861617022035044 -0.0519431826269328
0.0581407864951135 0.13982951363311 -0.0094799999537988 -0.0703831084357008
0.140702371122215 0.169682240944805 0.0350124612001296 0.250213241238013
0.0152872473296342 0.258438769147914 -0.127558127127262 0.0563851289470567
-0.137656627105292 0.0891262577318332 0.00879382044598808 -0.145039514600963
-0.0902574145225312 -0.117156152932778 0.252273377855665 0.0252519980088751
0.168341471654938 -0.072604911660514 -0.0129520244156917 0.279623039109439
0.144115436175128 0.181812712629547 -0.201522730826795 0.0727897574907614
-0.0835124028610235 0.276033427365831 -0.0457060857511133 -0.140024782673161
-0.159647847502297 0.283531700967901 0.105628871579208 -0.138288491743461
-0.0155358290958064 0.307686937593496 0.093039836716082 -0.181573160475621
0.24337490832351 0.132767924816132 -0.125362554693394 -0.229835170864631
0.185913614477797 -0.201610130909351 -0.261808753800268 -0.0491898756338525
-0.158896572123896 -0.197598364356846 -0.0673819672416774 0.194422426294174
-0.215380846900603 0.0728397132481741 0.150145385501401 0.119295892618033
-0.0463694835420101 0.273275646977734 0.152864638841566 -0.065375053317099
0.112133428800471 0.181036298521782 -0.0243086438399899 -0.15182246039775
0.0898557024677362 0.228646350528926 -0.0349909810662876 0.189283390934008
-0.0855955370464162 0.306397637022114 -0.170264934288014 0.00929147597389009
-0.249672112761192 0.0303700104727586 -0.0295172243830564 -0.188750911034794
-0.0777586155314657 -0.225046485517084 0.208331647011617 -0.0366172136959459
0.262480010230786 -0.0488371388715986 0.0232257993181299 0.196313684191509
0.133478846260189 0.27098346558154 -0.118929336477702 0.0944820153339055
-0.152569531302201 0.319068036423156 -0.0657495534109529 -0.0326445300104933
-0.191648714676772 0.320284890691963 0.0304977529871222 -0.0250496719936112
0.0246625647229921 0.3380267028745 0.0921402497004683 -0.0679697682782181
0.286488876753421 0.0639580166185161 -0.0360485416310939 -0.205077066042504
0.0783334023526066 -0.257274232816586 -0.223735205994179 -0.097167652309407
-0.274081664549133 -0.0697003305053696 -0.0705595032191898 0.169729683491048
-0.161543076915362 0.222171976644089 0.175697852913329 0.0890450071991752
0.0517709622724185 0.308302958956235 0.16177730672249 -0.128310996100127
0.161022771536341 0.171653769661458 -0.0808103991233525 -0.232237826483578
0.0144895638822942 0.232493620000545 -0.0637126907883074 0.101552199741678
-0.186171755451827 0.230856349384337 -0.147935873206178 -0.0464859929110361
-0.238091495328061 -0.114294080242276 -0.010550448709331 -0.207394207043253
0.05135648565783 -0.259355625528781 0.209881961241131 -0.0739031066526782
0.301803055383018 0.0467735358880834 0.09925786405538 0.174767330660395
0.0790207658773375 0.308411409012761 -0.0576116692821197 0.178597640238964
-0.192063921430518 0.300160682300905 -0.123189787963238 0.0839060406233387
-0.193945569737873 0.304029432252432 -0.0479949480192658 0.0921438974499914
0.0411093289980334 0.307012836567752 0.120085818360857 0.0386045538916189
0.243088771615542 0.0342069804907618 0.0677455563284796 -0.2363070489859
0.0319472098673291 -0.174458638227132 -0.231810255384378 -0.207952196458481
-0.198884836374345 0.0276745436270573 -0.150694765445098 0.122531645964416
-0.0467616520389509 0.2047716686024 0.122744853661582 0.064797230209731
0.104173479603028 0.225705289964049 0.10730159259317 -0.151716507712592
0.167893439819249 0.123010170225965 -0.160799731782659 -0.276393575515023
-0.0423466877971477 0.178480513922471 -0.0449655119159986 0.0270100004455995
-0.188917360464561 0.0981422359854436 -0.0849305851206568 -0.0259960990497429
-0.0995751173005634 -0.165156436118397 -0.0316336679452285 -0.140235250466633
0.13409539500678 -0.13043160068725 0.15931319584569 -0.0917843073885502
0.214896127155304 0.126045331888617 0.134817283532079 0.175281468918927
0.0198242741549842 0.255551948079713 -0.0468712761139197 0.257209599029633
-0.177712468710292 0.231732267302524 -0.191570550492411 0.178923221061678
-0.16637914536095 0.241231390041256 -0.120433611264404 0.196635035644471
0.0255856049188144 0.242404393063349 0.14678260241969 0.12572918681261
0.171200141271425 0.0436089253310524 0.126462407466842 -0.256637496044603
0.0526631231988694 -0.0823095400797373 -0.250913575633797 -0.265344719223838
-0.0898524934024879 0.0204049370818621 -0.233412732278114 0.124524572680044
-0.00302482522249082 0.101559924856338 0.0677580558444206 0.102328543821746
0.0760083677980458 0.113220368679892 0.061393750649487 -0.112198456422339
0.125379539063478 0.0708706320370818 -0.222318183619643 -0.281471387901971
-0.0567977929046349 0.0982118501735918 -0.00619876013809592 -0.0111484327795717
-0.121666738999185 0.0182435991552412 -0.0495196133068802 0.0456491736961986
-0.018311515912264 -0.101722226733551 -0.112178402730223 -0.0920946484443972
0.0818457859994395 -0.0263751342248107 0.113123697429096 -0.156658849206378
0.0995775946765525 0.0957014134712403 0.169966029942779 0.157691493443108
0.000866662756105309 0.147120018032333 -0.0398054451820611 0.297281772707411
-0.114359830953439 0.13773260641991 -0.237229141536812 0.245288111788831
-0.113441003905197 0.145905350653887 -0.172767494337266 0.267972847109455
-0.00331233267548704 0.155201084728646 0.149227783062582 0.189863467891118
0.097380681889948 0.0487148664528675 0.162277338329799 -0.227641643786003
0.060304557015728 -0.0187579206233947 -0.21598790700782 -0.27695393927615
-0.025443657632012 -0.000550987421418263 -0.265135407942822 0.121350341181019
-0.00142347458375988 0.0255958862457306 0.0441720807677941 0.143574184992182
0.0185750478491091 0.0317638249116916 0.0531106643495595 -0.0619686226928129
0.0545035015364374 0.03664297235419 -0.247463641539943 -0.269215362544709
0.0353213591499193 0.00155352209515958 0.204733742097833 0.252868964031486
0.017797088670168 0.0137514474844152 -0.0595216462743123 0.0387311825419871
-0.00559331913307302 0.00888479581396066 -0.0217759317329998 -0.15942400498607
-0.00640194244370119 -0.00449895742712573 0.264760966527004 -0.092560017597128
-0.0362372732441148 -0.0201063423175188 0.141374737148315 0.27979256073199
-0.00509268207856937 -0.0388952046399299 -0.210010906132118 0.19390842538425
0.0302613865839737 -0.0370920617686198 -0.139382215851894 -0.217118106019268
0.0482510420897145 -0.0219595324817618 0.183531944701134 -0.310813405709754
0.0353792224266043 -0.0286424265932797 0.222997634285149 -0.304309549193785
-0.0172507820201078 -0.0345464486291301 -0.0105238637393887 -0.320685437923535
-0.0400084149536681 -0.0167787637054757 -0.233537316666045 -0.138899940151047
-0.00681957858417316 0.019314080142329 -0.0808871681436038 0.203586935795467
0.0184446954824551 0.0197535853092179 0.183864587000329 0.0572022743347453
0.0457425702186185 -0.000280240667066832 0.0261746094501007 -0.0960528352710818
0.0380697711247165 -0.0152424753422931 -0.0196451963202724 0.0056103807287247
0.100801715214002 0.0351169827734394 0.176794195872754 0.256467277585929
0.0445820030835852 0.0692043356587218 -0.0619421242481328 0.0359886316879754
-0.0192915850095985 0.0323427756756979 0.007372897647587 -0.166659001848043
-0.0278585411204749 -0.0268199114792076 0.28904639196364 -0.0579440897007838
0.0179813727857443 -0.0470470504838697 0.0952742365058159 0.295803745382015
0.0633823633467885 0.0143059572538111 -0.230971159176388 0.151963095481845
0.0244138486572701 0.0765517282156183 -0.105910374311068 -0.229199955240785
-0.0248695782159755 0.100367203106987 0.180697569913426 -0.299813150368932
-0.0215940553419679 0.0970049373074285 0.182645135138316 -0.316792808937376
0.0148517788354604 0.0810925253424436 -0.0726824431387529 -0.318219418742989
0.0561711381083152 0.0328493743492663 -0.256926046227299 -0.0997063658863037
0.0635504117667439 -0.0204916587563551 -0.0458483495079245 0.196319091148978
-0.00188533587108194 -0.0536641751639512 0.170859766738724 0.0369793396561193
-0.0279529108488197 0.0483773955607252 0.0340665620118472 -0.0878349409360412
0.037248576328805 0.065677706117154 -0.0212034503163783 -0.0146984163717979
0.145578426142321 0.0882564429895834 0.123281352529515 0.261704241151284
0.0581299943380575 0.151580373970778 -0.0771590130182446 0.0526132946434567
-0.0513318143865846 0.0644752039331395 0.0280459150796948 -0.155304795998663
-0.0545875181364373 -0.0565998699826605 0.300713127302294 -0.0113600998665552
0.0851208844614829 -0.0661550394550775 0.048445684707504 0.315979086060906
0.12040826304867 0.0850170317471965 -0.235321124411228 0.115984536359533
-0.00955022528083022 0.18883722710794 -0.0714926041017445 -0.205695132123001
-0.0936832168342436 0.208952389811777 0.150820986815338 -0.239562613514179
-0.034018489242875 0.221062042725211 0.12360601177332 -0.277998349450918
0.125409791872419 0.14955009327875 -0.135853406012295 -0.282192708091095
0.178427026846171 -0.0415443369752184 -0.268034724027829 -0.060205415425572
0.0266815531738502 -0.146883714093736 -0.0449340039030793 0.175443508024419
-0.112584468668359 -0.0601562217871567 0.131994654043708 0.0636057538569786
-0.0727670079129076 0.15425662060418 0.0811089534465249 -0.0565914324291953
0.0671201774559424 0.13704312847478 -0.0163759895423031 -0.065644084170058
0.149842252052583 0.16061921093507 0.0488141421512263 0.244635937676623
0.0302654458383738 0.256454464916245 -0.12243643022217 0.0612111733090184
-0.132987810915459 0.0955155793192379 0.00178659927120574 -0.145955530589263
-0.0955639560383373 -0.114640044446289 0.254352152268696 0.00995289478502248
0.165938833973258 -0.0800583633834478 0.00360796914539392 0.280489994744921
0.154329799106427 0.175404124326977 -0.198853770812487 0.0857399548060448
-0.0705813554488321 0.280532901615355 -0.0531657252137827 -0.135938108451664
-0.144719838015557 0.289104663211258 0.0988644455128114 -0.142144157318301
0.000134888141960668 0.309125731640719 0.0844039123222348 -0.187718810788958
0.252107757883053 0.120473310033922 -0.13429982186502 -0.221213932466792
0.175393822742075 -0.213939989094375 -0.26039117626201 -0.0353507550353214
-0.171708554930672 -0.190960234508596 -0.0562164086254103 0.194131888322186
-0.212149051004877 0.084812988522099 0.152405322403186 0.106893468700916
-0.0311319166911696 0.2786325087798 0.144986098215267 -0.0736230018132139
0.12292289856288 0.177095185997877 -0.0354935079783839 -0.144218935962616
0.101543595950881 0.223612598283856 -0.0237239357619063 0.188393740148978
-0.0689399765048856 0.309913946464969 -0.167703933236862 0.0183062601213088
-0.247388450264985 0.0423229172949824 -0.039460468265382 -0.185324125699112
-0.0882485301687833 -0.222940501497006 0.207530464305434 -0.0483902069139254
0.260522621274498 -0.0606484601005734 0.0342455883990486 0.197026309514425
0.147185622795387 0.265298518884747 -0.115424751969373 0.100887770065582
-0.136525139677266 0.327763732458913 -0.0681257451255338 -0.0280515001833373
-0.174551894002189 0.326951788942144 0.0296656093923363 -0.0258261393393639
0.0431277986878779 0.337025609438089 0.0887406566068636 -0.0739082519998148
0.291613473585432 0.0486371065449253 -0.0446408165474496 -0.200722979098085
0.0630176817838504 -0.262907499990623 -0.22567765585547 -0.0870164104052003
-0.281865790032127 -0.0545543465886133 -0.0636634364142418 0.168456314747042
-0.147300581648036 0.231842037679346 0.173956026318328 0.078428531598652
0.0711741001286331 0.307327878182608 0.150674792433984 -0.135196434991043
0.17053655923713 0.164653936386744 -0.095335525067496 -0.219983792973957
0.0252122440431094 0.233184644446951 -0.0570710272436335 0.103575228539804
-0.173246049959927 0.240083024566484 -0.148335896274683 -0.0371130072575635
-0.245431246241099 -0.102570578630314 -0.0222772207028112 -0.203830274562424
0.0384940523633646 -0.263361569466221 0.206386538162984 -0.0862225128532885
0.304081380459433 0.0316995515533282 0.109074787330789 0.170058352723175
0.0959368019216704 0.305058038830815 -0.049105014298489 0.182039930190162
-0.176631472437956 0.311349501383744 -0.118491890673991 0.090601394125391
-0.178124368234713 0.311726869105002 -0.0437999660664185 0.0952075589921846
0.0577155993755329 0.304906861540971 0.122311448479858 0.0316702799776089
0.245314794013588 0.020449901058869 0.0557846694254529 -0.237178911524924
0.0210287452503533 -0.17776096008241 -0.240493819413371 -0.19530336731492
-0.197952586396957 0.0409996227504732 -0.147089591283794 0.128013120130983
-0.032965924131863 0.206982052793067 0.122033071824121 0.0596343274916446
0.118435666552669 0.221675241727327 0.0966688016681761 -0.154697048157807
0.17420341558957 0.114879619372846 -0.172638565144562 -0.258678496107574
-0.0331260513811301 0.181400519410115 -0.0426294937456663 0.0289257771983202
-0.183528148853306 0.108011007151845 -0.0847057523979628 -0.0208904323354078
-0.109437282657112 -0.160904410151178 -0.0387951876547459 -0.137473452823087
0.12836214721533 -0.137078422535505 0.154524599621406 -0.101447899626454
0.221838610724329 0.116966130409916 0.143855841690144 0.16854422657916
0.0323488621564399 0.254542343000476 -0.03357728619576 0.259297937649469
-0.166038639132828 0.241588815180591 -0.182965992474649 0.189974182613606
-0.15519599303398 0.247913047881472 -0.10952102363065 0.202176324883381
0.0390460865864955 0.240502119237909 0.153304437990763 0.116853453983852
0.173822783614903 0.0345795551940496 0.113568221726772 -0.25999632971104
0.047247682947802 -0.0848692856580269 -0.262156921075884 -0.250504842327886
-0.0873046574193239 0.0284394842471307 -0.226943032663538 0.135768182726929
0.00428274252400075 0.0994159641191472 0.0716426547452908 0.0998859921469626
0.0825844943225609 0.108899668245609 0.0550413930292016 -0.113259089130107
0.128300534292133 0.0651803962121022 -0.233074590362834 -0.261840986832435
-0.0527535660544123 0.101699552099476 -0.00612470387898589 -0.0113672537968531
-0.120489067630976 0.0241766206608434 -0.0456665494244618 0.0485441450489751
-0.0240959168693793 -0.101111832987516 -0.115370019454741 -0.0849290901281318
0.0807508893498271 -0.0291600100539958 0.104696927064438 -0.163391460251778
0.103091282140479 0.0914838655048136 0.178104042062804 0.150333789147186
0.00838700463990236 0.145492657241983 -0.0246269939299223 0.301169714467216
-0.107745040414111 0.144185330173899 -0.225166783119991 0.256664103288819
-0.106499557713923 0.151236227613306 -0.159540471645424 0.275034190289837
0.00618364831556962 0.156351742565447 0.159158607222203 0.180885429245877
0.0996780927916553 0.0438002419258639 0.150190023090819 -0.232358625724048
0.0582355132150183 -0.0214157505627629 -0.227563903852485 -0.264435888075276
-0.0239780625605659 0.00287869618805786 -0.258174786868232 0.132921537998497
0.00157914161780517 0.0246651966762065 0.0510269264330135 0.139902009936425
0.0199514057295842 0.0304570432907522 0.0507374047960115 -0.0633866035598892
0.0550984025445229 0.034634888699744 -0.255896801645852 -0.248597726338499
0.0357309187839539 -2.29040009415663E-05 0.212515865904493 0.25665759898139
0.0183767284544032 0.0142565564459503 -0.0618256958068025 0.039209179996475
-0.00511898366937501 0.00939637171066846 -0.0240126288745265 -0.164116481139006
-0.00669451297203767 -0.00597645708487368 0.27282754355118 -0.0979011082818202
-0.0371574764929671 -0.0203422677587087 0.146794825964985 0.287188348869405
-0.00520063215603763 -0.0393388834406077 -0.213039949877131 0.199259232670385
0.0309926184041365 -0.0380882769944706 -0.143755076079302 -0.220048057889913
0.0499042813889604 -0.0236448150185093 0.189420890616296 -0.317307907717475
0.0365901073719417 -0.0315056804978812 0.229137710980873 -0.311649164244185
-0.0183537265660075 -0.0351773943741639 -0.0108629107790497 -0.329626743519923
-0.0413830870416072 -0.0177423652113177 -0.241641020264828 -0.140314082254472
-0.00768694867367851 0.0198029733408636 -0.0805553165132034 0.208724158848178
0.0189303745652975 0.0205974429675761 0.188876464101916 0.0570211583840617
0.0464364324222153 -0.00155203964629852 0.0262079617944929 -0.09844939344568
0.0385086721228428 -0.0164884283520795 -0.020697255770335 0.00713396931897425
0.102845383442349 0.0338960652135963 0.183223270414926 0.261915552507458
0.0455052254001632 0.0696917563371344 -0.0643146689266087 0.0359772879179854
-0.0196095061671764 0.0318921295699055 0.00661347757484444 -0.172090000309343
-0.0285479160606068 -0.0281381335055015 0.29723641843354 -0.06239944198414
0.0187778617839649 -0.0481473879393955 0.0987834090339093 0.303639307110601
0.0644677330156224 0.013743355712323 -0.235255884141764 0.156092270908472
0.0241898554846477 0.0778381329383076 -0.108538876414094 -0.23417820047971
-0.0250708216246544 0.101275336791285 0.183873040549288 -0.306831723502306
-0.0226198045405634 0.0985452401069442 0.18702146000971 -0.323091124598093
0.0157140579891082 0.0828136547792809 -0.0739057519186543 -0.325136112239206
0.0586573935099444 0.0336660471107468 -0.26621690259897 -0.100544083322998
0.0643222280748874 -0.0215300926519405 -0.046164195154223 0.20166041129314
-0.00323882753435379 -0.0558706211515505 0.174734179431772 0.0356371366869228
-0.0284415782844671 0.0487733495948781 0.0341120955493923 -0.0905604979448154
0.0385755848465588 0.0673602630708224 -0.0222165025587185 -0.0136522953836419
0.150036156670036 0.0882804400523305 0.128168625615436 0.266995864869806
0.0610338681973255 0.153449049197929 -0.0788066556312253 0.0543415881097443
-0.0514342644288002 0.0649514151523488 0.0277267041598416 -0.16154432590179
-0.0558529585284471 -0.0582429118844848 0.309444481314745 -0.0154796482556964
0.0878533134304462 -0.0678678224647284 0.0517550878319139 0.324977039258401
0.12332011659298 0.0864706448409812 -0.239424695926922 0.119872413768605
-0.00998787222495726 0.192850145696698 -0.0754733123295141 -0.209805013005129
-0.095222092920733 0.213718086911816 0.154666227388694 -0.245533007205213
-0.0333670263906658 0.224992519268331 0.127161579746135 -0.285526444805583
0.128766420239702 0.152997704294475 -0.13799821809083 -0.286716458778779
0.182648111365633 -0.0437929210252209 -0.277797423123855 -0.0590957742982309
0.0262138233760543 -0.151962728212959 -0.0452607917672707 0.181230450789016
-0.117612470741079 -0.0616131613874515 0.135369479024385 0.0646565835260231
-0.0742574947297581 0.158671525520501 0.0832398538186706 -0.059158671991813
0.0688726275800864 0.140903407397935 -0.0178313017385952 -0.066450922602426
0.154016079330196 0.162489128343922 0.0526593299471284 0.25104751602803
0.0344815023528592 0.261318153904696 -0.124699031730806 0.0631318479539543
-0.135020942908232 0.0978499272119542 0.000869653656306003 -0.150733262858754
-0.0978971681070579 -0.116639717440522 0.262827663001121 0.00697723046450106
0.169065718363661 -0.0821957401948285 0.0065369486122613 0.290000781535171
0.15695560220944 0.177919111133991 -0.202755335388899 0.0879522657605953
-0.0718088698381183 0.285609390302993 -0.0551371904650251 -0.13871059981975
-0.149228187506741 0.294994379482 0.101878178551277 -0.145809876604307
0.000802931116058245 0.314797014521617 0.0879365125061207 -0.192470835765555
0.257924412593091 0.12378852437933 -0.137321186128268 -0.225807187159185
0.178477162219231 -0.219573848893839 -0.267783406822387 -0.0337442919205809
-0.177366526354109 -0.194948637592925 -0.0558433946975431 0.199391933733052
-0.218178776293938 0.0873671550447481 0.15784293513275 0.108061198009229
-0.0285107076811076 0.286672460312772 0.147944908335884 -0.0775024711850315
0.126694914183239 0.181078790604333 -0.0380182570185262 -0.147727519971983
0.10595297513149 0.228831558912622 -0.0224859823567773 0.193391670530066
-0.0674220170629087 0.317087092372116 -0.171888794810898 0.0205214018963906
-0.253324388079011 0.044579135839999 -0.0412472331199487 -0.191222571170227
-0.0921647934737803 -0.228136469795885 0.213528054319892 -0.0520852429927396
0.266210253671566 -0.0633571423465158 0.0359015210573945 0.20283173236694
0.150558029512757 0.269816312353604 -0.119017609063479 0.104878498377075
-0.139841386716001 0.334235623309714 -0.0710244873733151 -0.028420233893638
-0.179335323201001 0.333866429972646 0.0306990452243904 -0.0266135454633316
0.0434345547750732 0.342949778141261 0.0921118613799072 -0.0769030912539541
0.29725406479052 0.0489387852485583 -0.0458485878949389 -0.205403503878423
0.0631022686255278 -0.270020873605815 -0.233355485424282 -0.0883655783036719
-0.288181383737392 -0.0532605193409364 -0.0655180469951273 0.173814642549275
-0.149052800228657 0.237208303820059 0.17965998339792 0.0799048908852578
0.0748432994829373 0.313847296220399 0.152805809003205 -0.140635219733225
0.175717679445133 0.166108353669508 -0.0995699904121667 -0.224327746617561
0.0279854004779525 0.239595679683079 -0.056887273762946 0.106646148338622
-0.17501830418007 0.247812697089847 -0.152170755446989 -0.0369358109417501
-0.253825322711348 -0.105034843700019 -0.0246376730616037 -0.209373627044894
0.0379915944003225 -0.270451578314494 0.210589358819345 -0.0910184096392793
0.312641702460922 0.0328269550064392 0.112692816592325 0.174787747822257
0.0976836733531358 0.310832039606187 -0.0511327626690751 0.185851723882505
-0.180373065753575 0.319086012357673 -0.122725970799879 0.0935999277065113
-0.182391260944143 0.319016739443934 -0.0445042186033606 0.096380722556396
0.0598554940423375 0.310033370456017 0.126505142023099 0.0297307198410349
0.249227480277687 0.019867964043369 0.0556614809738692 -0.244190191936419
0.0205001800159234 -0.180811512189655 -0.250161663653964 -0.1998652584166
-0.200847062084795 0.043391705151085 -0.15137399457524 0.133374897481742
-0.0311156256857553 0.21071573764654 0.125927699298716 0.061756324970408
0.12303082398134 0.223293327055731 0.0979883933051355 -0.158748453953305
0.178315854101655 0.116090409905752 -0.18044992011184 -0.264053062656832
-0.0342392522601847 0.187505997183172 -0.0427346010627453 0.0295767569664713
-0.187220450139525 0.113219460287339 -0.0866339918238371 -0.0187485862797069
-0.114507044638127 -0.165558565227 -0.0400066955872775 -0.141291028769066
0.131827796862077 -0.141508157821153 0.157133743917122 -0.10701025953256
0.227810554700691 0.119850640666616 0.149037418971639 0.172482088872497
0.0337968263087537 0.260977918842626 -0.0341000859321593 0.26560659251275
-0.169793406373316 0.247499775065734 -0.188227121854747 0.194234449684067
-0.158601545742599 0.254556490877336 -0.112309831003316 0.20602482661798
0.0407713886999792 0.245278740539666 0.158094016201856 0.115669861737436
0.175758525962803 0.0347185009263774 0.113317887850419 -0.265909835032312
0.0482976660955875 -0.0860458873527479 -0.272538738037152 -0.255501256632927
-0.087416621665517 0.0297408765713877 -0.233290122339332 0.141606594718112
0.00555818197690947 0.0998226894496536 0.075060463622772 0.102634320153914
0.0843842170305978 0.109605527778049 0.0560994369841363 -0.115935525882686
0.130477568068635 0.066039394756706 -0.242022605555731 -0.264190998604269
-0.0534395689033553 0.106798200138359 -0.00595505147597777 -0.0127314594137373
-0.123736439766429 0.0263650006799554 -0.0453209146532824 0.050679364529132
-0.0256631611764087 -0.103248468962468 -0.119293103462415 -0.0866546360274763
0.0838689705224054 -0.0293629495807137 0.1063794419054 -0.168330993083999
0.106024152612995 0.0949213903109473 0.183771400641298 0.154765782969929
0.00879910292195745 0.149916103020036 -0.0245594895445333 0.306701663279435
-0.110298488932295 0.147820321641792 -0.231453828305519 0.262090178412236
-0.109471902821093 0.154938345533451 -0.162267261454947 0.2808438691472
0.00634556834158907 0.159476071308318 0.164869074049569 0.180890047586642
0.0997214934318248 0.0441048082694212 0.152389462890678 -0.237746578523247
0.0605449911900314 -0.0214555195806877 -0.234673767706525 -0.269815100681959
-0.022784637876255 0.00367035445251635 -0.26427622642479 0.139196766185322
0.00106431718508426 0.0238969326503775 0.053798072674918 0.144274755273986
0.0193904571095576 0.0310630742382505 0.0535363128339979 -0.0640197280526133
0.0551539790227045 0.0348742851287893 -0.264111563908205 -0.253743510315968
0.0362789794937552 -0.000585875357481723 0.229139600412629 0.257957858801886
0.019178342310027 0.0138491898661361 -0.0641153219007355 0.0424510582412028
-0.00519198054410223 0.00990952012728421 -0.0314906056704972 -0.168561048869973
-0.00800271525732479 -0.00685116442425057 0.278349034071758 -0.111788120113584
-0.0377445611832639 -0.0191962992743078 0.161344463468775 0.291548153200585
-0.00688388461874558 -0.0409914083404386 -0.212290250939403 0.212739714493174
0.0306558735475761 -0.041153766503916 -0.153719540278392 -0.220704334685689
0.0506804187722117 -0.0272953625041982 0.186597316977312 -0.332430068135246
0.0373511445360179 -0.0344464370550489 0.228351229345079 -0.325764920058228
-0.0188808606426115 -0.0355416676598753 -0.0220405264963227 -0.33827646409675
-0.0444480731121711 -0.0165975711702048 -0.253031648545967 -0.136746937590934
-0.00830920650221641 0.0205950920506152 -0.0757031463311817 0.21660384608559
0.0200926441000627 0.0207403866189532 0.195817352198444 0.0509921410300168
0.0462824526267422 -0.00410799717046594 0.0229349291322062 -0.103212773426292
0.0391306399217648 -0.0197035138568336 -0.0223623391291247 0.00983050248820144
0.10628335578198 0.0305337961289554 0.19811088759014 0.26303987904142
0.0497366124650418 0.069497380982801 -0.0656383235129021 0.0381177597305617
-0.0183172236076838 0.0329546567076063 -3.016153377031E-05 -0.177582674697486
-0.0304317680668162 -0.029023452124597 0.305227667084489 -0.077145527150585
0.0182608708600684 -0.0496370663737044 0.11361659209383 0.311529423337092
0.0670830965332995 0.011395869581991 -0.235791163980357 0.168813666620875
0.0276003246939243 0.0790227186817963 -0.120456365614996 -0.235585544590411
-0.0228776019984533 0.104435657827372 0.182388960131664 -0.32150008666023
-0.0190144362228244 0.10058503334863 0.182859624811799 -0.338304503957812
0.0183651724924717 0.0852746566019764 -0.0858121599834254 -0.332433091974332
0.0605561262445059 0.0322024714761619 -0.278204342097344 -0.095306501497527
0.0654079315426857 -0.0252507481457046 -0.0410835507888462 0.208470318612273
-0.0060144593129654 -0.057703872352812 0.18029966297268 0.0296821544660726
-0.0284022152803029 0.0505685637363083 0.0317444781385861 -0.0940487070907384
0.0414752471711775 0.0688230130013869 -0.0242931464270696 -0.0115227548169575
0.155976824002257 0.0843683386008929 0.143590465043512 0.271086816753344
0.0683082604260321 0.154998913727581 -0.0800436068453263 0.0574773638038553
-0.0502344046234747 0.06759945803428 0.0222276005805166 -0.169610698999541
-0.0591072994315182 -0.0586359707045085 0.319307273076328 -0.0288258197261001
0.0881913811127177 -0.0720879767237851 0.0652821305670281 0.335403601970374
0.128654179546517 0.0845692188998456 -0.242140988348666 0.131872136939488
-0.00523342145940801 0.196562225458645 -0.0848559524282592 -0.212821651340007
-0.0912729647118463 0.221389074878798 0.152155037719763 -0.257571443450672
-0.0283845843296314 0.23092540077118 0.12341398923047 -0.296815812930508
0.136580588834431 0.154076407204181 -0.150485351157295 -0.29163292017859
0.188046329413328 -0.0511507759335964 -0.289815469929582 -0.0526165970880162
0.022060423310103 -0.157292492168329 -0.0411631411927977 0.188039587148385
-0.124962884030872 -0.0600532930357521 0.141475410053564 0.0609357964472394
-0.070610304688297 0.166093538876144 0.0830909137765386 -0.0642355738112909
0.0747331461783358 0.14360212832477 -0.0209903224929767 -0.0673278238238591
0.163718958146533 0.161033440684501 0.0640764032925344 0.256797880602841
0.046058891265443 0.26742315701736 -0.125682629858649 0.0686072110723907
-0.13415400985773 0.10461596387633 -0.00389838397755744 -0.156415813551743
-0.104751244882224 -0.117214334501275 0.272807005550944 -0.00249659221582492
0.171205913463046 -0.0893672063567632 0.0162895017022123 0.30104805788067
0.165908039437094 0.178756949853965 -0.206236485549535 0.0985631384898725
-0.065595993461417 0.295585129989739 -0.0633738077854059 -0.140192782093281
-0.143834214470547 0.306521413506455 0.100904855164721 -0.152280440915867
0.0109859467670419 0.321647253982788 0.0855040588511934 -0.201070327514126
0.268054139552733 0.11918713645983 -0.147054505655213 -0.227271276157567
0.177675752875389 -0.232462747906418 -0.278838591410219 -0.0263402161337182
-0.190846725004737 -0.195569535504587 -0.0514029452262698 0.207169369422684
-0.22211559443856 0.0976612197477792 0.165631002566241 0.106286721167547
-0.0193071497112043 0.295109142239134 0.149957314994698 -0.0845685806346235
0.135922512934843 0.181907928688548 -0.045189272981378 -0.15056357470062
0.117404734937724 0.231769454014774 -0.0147769332457991 0.200060146632088
-0.0563202881884209 0.328191990401704 -0.176022998068915 0.0270741539959779
-0.258897384944167 0.0542528760474503 -0.0482640531941517 -0.195011967774633
-0.102751366981398 -0.231643976872531 0.218817994430061 -0.0618512653021334
0.272413112757088 -0.0727235344460807 0.0434736701656449 0.211245204039448
0.162518837714603 0.273214590384077 -0.120886536110155 0.111933595973025
-0.134078280703421 0.348607173551266 -0.0747246227902042 -0.0263969245552866
-0.175245034326005 0.346929014694063 0.0316873189378228 -0.0286717596455696
0.0549286485921351 0.34884190201109 0.0944305528325794 -0.0834029516366422
0.30517406580884 0.0407469834480636 -0.052799662926629 -0.210195566986074
0.0567022058290559 -0.278330536639985 -0.244620009140546 -0.0842333069539737
-0.297412126154199 -0.0451378261664107 -0.0627865564097928 0.181639698325336
-0.145595556712383 0.249514200447115 0.187395408020236 0.0758244959738829
0.0897975972526896 0.320028005563758 0.152760902387274 -0.150017864415823
0.185661685585045 0.164303753218796 -0.112116929061091 -0.228485789719133
0.0373980213658829 0.247012727427419 -0.0542002265990383 0.112605343983531
-0.171123533445958 0.261906061546167 -0.158322467559115 -0.0309058845782154
-0.266151693674268 -0.099056328334747 -0.0320860288337095 -0.215047216346259
0.0299219627575921 -0.278691514595418 0.214083211466863 -0.101971059090702
0.322583063760031 0.023512252497688 0.121757495061556 0.178012441667774
0.109112034076084 0.317057012328842 -0.047195248070545 0.192552487027495
-0.176193442717731 0.333001157837713 -0.124958609204218 0.0997197011348478
-0.178582157490382 0.332029274599691 -0.0427310580080469 0.100273741087033
0.0707604179232331 0.316121988314281 0.133145029403531 0.0260055317594707
0.255098470797198 0.0121611061945467 0.0483735067308328 -0.253129740549621
0.0147997710302689 -0.185323012443594 -0.265029323488409 -0.198289976510249
-0.203275408773494 0.0517036614073902 -0.152464919250822 0.144373679332793
-0.0248179122563172 0.215835313396608 0.132174365767139 0.0597110436132939
0.134841007115174 0.224085707378314 0.0945548364323821 -0.166985942763684
0.186563858396964 0.113423001334565 -0.196076972978059 -0.266728197154851
-0.0281068250729149 0.195800029627173 -0.0432903884797344 0.0315179164207432
-0.189037945886384 0.122828695981387 -0.0894706179595137 -0.01624293904544
-0.12511814784219 -0.166670082343531 -0.0462759310748764 -0.143671653052932
0.132299461080253 -0.149248541253274 0.157375275875864 -0.11735619705762
0.23861364671816 0.118105597074709 0.159504435810561 0.174407505710027
0.0415771538412273 0.269292028879964 -0.0279059600440643 0.272749101190799
-0.167517598668158 0.258688721106753 -0.189797438076141 0.204678347424852
-0.157167331695731 0.267212789115872 -0.109350384822088 0.215227208931489
0.0481623857160534 0.250271920378344 0.166460660529028 0.112433232567582
0.179925410601453 0.0299868391575296 0.10788533140887 -0.276130876062275
0.0470360929528039 -0.0887368831408667 -0.290671390527656 -0.254668949277466
-0.086704706460789 0.0333018268565024 -0.235437464947493 0.155194807896618
0.00889836490605845 0.10092660797767 0.080904783238617 0.103595660620238
0.0903366116767839 0.108726545477916 0.0542506944568543 -0.121041928268426
0.135702517437224 0.0623936216385205 -0.258384770939038 -0.265475854913769
-0.0523693216451592 0.112514639892734 -0.00571440407864276 -0.0146599439564362
-0.127401359422555 0.0318523625136312 -0.0432282236636305 0.0543565874175766
-0.0302137066531562 -0.10600104943286 -0.124711319476713 -0.0855087436398692
0.0865592767597233 -0.032509789133608 0.103264562829175 -0.178294696833217
0.112662827433228 0.0949799315222807 0.195385006845377 0.153430841118466
0.0117078740643381 0.15483068240765 -0.0166087341958846 0.315269547994215
-0.10909684814033 0.155684225373667 -0.231990259844942 0.275875851678675
-0.108956773402907 0.163050422954865 -0.160706890005138 0.293117675822141
0.0106829895339201 0.163891174222547 0.174501801276683 0.178223930402439
0.101772013511105 0.0435231920007629 0.148332149499866 -0.24790876170879
0.0624521735381046 -0.0222032948792152 -0.250300446222736 -0.271377997637272
-0.0231120621552918 0.00440907304425605 -0.268349273822498 0.15268338720217
0.00115243728319356 0.0239841538939643 0.0611287077010369 0.146862555046708
0.0196404054205682 0.0307529531120583 0.0540828429062949 -0.0676901588362584
0.0568369603725586 0.0349639328369529 -0.280398804810739 -0.252288643921362
0.0367718903878494 -0.00311740052465967 0.246472146090221 0.246111572420575
0.0206119063261744 0.0126345071201182 -0.0633648745101565 0.0452360009813334
-0.00461585563488562 0.00998820462113167 -0.040752219904019 -0.169178663507191
-0.00924679132599035 -0.00778601927026838 0.27585302927351 -0.130520749765954
-0.0385752975721264 -0.017856176638045 0.179988249275106 0.287247410168569
-0.00904641302981595 -0.0407730959927823 -0.201525248994972 0.22571788390296
0.0292457462123473 -0.0435195080455474 -0.167725403697974 -0.213332066395668
0.0509657922411955 -0.030442694109553 0.172445610402592 -0.343567996832511
0.0366454295741946 -0.0384273421546383 0.215984430280575 -0.339524588540339
-0.0205310447693679 -0.034166635155975 -0.0396070780218307 -0.34039883554723
-0.0465221229832948 -0.0147353287962077 -0.265065186077908 -0.125602886816249
-0.00816850877609127 0.0216708735496001 -0.064838744531381 0.221363398663844
0.021137752262257 0.0205417342959513 0.198806588987034 0.0402313236818396
0.0462295174045929 -0.00701129208123303 0.016970365706674 -0.105049744292277
0.0375769844189917 -0.0220026125786432 -0.0216584966303394 0.0131671170250899
0.108659099712984 0.024240824321348 0.215398036045007 0.253973288174158
0.0536643554951693 0.0669482419905988 -0.0655445765708259 0.04040496822719
-0.0167866417188079 0.0333981953747465 -0.00907947657856365 -0.180587909547113
-0.0336045249170974 -0.0280998599836366 0.30308055417882 -0.0949251437333278
0.0170776748382093 -0.0507524054187344 0.132238920344159 0.309408136645799
0.0672832158117705 0.00864764057094975 -0.228088786123416 0.183516347872779
0.0322632093231814 0.0769572050637741 -0.133472378599702 -0.230381768368507
-0.0164071973635175 0.105361559869011 0.16722630061338 -0.331605119074768
-0.0140071564396977 0.100965676231442 0.168589790317594 -0.348721183181294
0.0234497990974645 0.0860062634560761 -0.103871865508752 -0.332249164148923
0.0633870555401416 0.0290152389735252 -0.288105161925745 -0.0815070341334836
0.0638918938864455 -0.0287391708529694 -0.0312522404500979 0.212888365767206
-0.00952266251287719 -0.0580209908688973 0.183372788049748 0.0191479675604448
-0.0263331559788468 0.0522264601251844 0.0254545922259642 -0.0972049934310422
0.0461204582881335 0.0669350510201266 -0.0265192054898398 -0.00921158917747582
0.161774094762231 0.0763861089553613 0.160830496199284 0.26543896507065
0.078211944365823 0.151684578268298 -0.0779738916791119 0.0616312547314362
-0.0455901881943671 0.0698357210683959 0.0142048061976014 -0.173115283527946
-0.0629293082657012 -0.0555454980175757 0.321022924675407 -0.0482632925179237
0.0854252660105106 -0.0775980134613317 0.0859967709295822 0.334923617336002
0.133635329617057 0.0789796921841784 -0.237250097278746 0.147872155815694
0.00511323622690143 0.198320616046281 -0.0978057475091472 -0.209485836052168
-0.080640201835208 0.227641332553572 0.140545755067755 -0.267585709951349
-0.0158095161821644 0.232066585109061 0.110757783398695 -0.305207888920877
0.146489718618284 0.148431089236216 -0.165366830004406 -0.286960313005714
0.187873008472924 -0.0624747156850832 -0.296805030903675 -0.0376691404776799
0.0134504529209624 -0.160821741073734 -0.0314526378242117 0.192959175665699
-0.131103843873392 -0.0541177722101747 0.146052366424715 0.0533863003421017
-0.0615229253726687 0.171226765328249 0.0803776939735402 -0.0693444647576578
0.0832522984588613 0.140746618562089 -0.0259175908322771 -0.0666364549003793
0.174750800923665 0.153594006865188 0.0802625982445309 0.255134474249107
0.062925480667066 0.264049152597713 -0.122875745979357 0.0761456914283823
-0.128166819368849 0.111693245582753 -0.0121026496748286 -0.159390190166517
-0.112265028118962 -0.110771552938151 0.276735042190316 -0.0197729107732203
0.167985295297454 -0.0992912364130688 0.0350555835831558 0.304854477058506
0.174992957665467 0.170164037892915 -0.203080583768458 0.111809890669415
-0.0511831957025371 0.30108153366123 -0.0723294962825475 -0.137414891283857
-0.129296296716774 0.315677459193075 0.0936552315507458 -0.15972860978195
0.0276615459143429 0.322955244991768 0.077451148737985 -0.208030524430543
0.275961786479428 0.106438088849226 -0.15794813365063 -0.221823012105389
0.166945600300559 -0.245261038929751 -0.283981571067767 -0.012041285555571
-0.201102478571529 -0.187450807769473 -0.0404747678638462 0.212629864230774
-0.219573570967577 0.111216848681042 0.174458733121976 0.0967856262880631
-0.00242678640203443 0.299441439714434 0.14640221881784 -0.095396769639264
0.147208267873672 0.175267075835318 -0.0546531934143964 -0.149869561624297
0.132582728354052 0.226744693627395 -0.0027857362466014 0.203090118971857
-0.0370594477525256 0.334056946613436 -0.17520776700618 0.038037500279266
-0.258639766672947 0.0688671327682348 -0.0584223498253103 -0.195209650531988
-0.116864340035259 -0.227021051236307 0.218303094500926 -0.0746414202620591
0.27011893162405 -0.0876237691845294 0.0555845861117271 0.213859519986114
0.176873291670303 0.266864934186785 -0.115818019555631 0.120511176934655
-0.117241090718618 0.356184656691247 -0.0788128225163913 -0.0219148606517735
-0.157457542565406 0.357444064671758 0.0305388164558853 -0.0312325039357401
0.0722180987314049 0.348309718207492 0.0913689342290717 -0.0901570348610449
0.309083824614552 0.024786822627331 -0.063617810310559 -0.210453059073623
0.0414111439928767 -0.283236193524601 -0.253155401298992 -0.0717631851395173
-0.302691604043829 -0.0290161819194805 -0.0551800649254459 0.18807233933599
-0.131995349675484 0.259051995149668 0.194306158514854 0.0662766850174928
0.111278256393867 0.316455904261683 0.145043507111481 -0.16174699521898
0.197087455453146 0.155253917781399 -0.127279508318901 -0.223568331419609
0.0528355607807692 0.247724737807616 -0.0482788173543132 0.117031029351124
-0.156687166979258 0.274095205438982 -0.160667319371806 -0.021905542437419
-0.275900103754001 -0.0858090747043334 -0.0444624359870669 -0.215266572084525
0.0147231390090881 -0.282799355571117 0.2092937144488 -0.116078719602097
0.328418009319943 0.0082140195895765 0.132528007786504 0.175923062109305
0.125737198692142 0.314003668583486 -0.0391898351438406 0.195864721935154
-0.161943273022642 0.343603203514348 -0.122057381435324 0.106720535384934
-0.164231868368077 0.343199370820569 -0.03842287626011 0.102681003006573
0.084966925951092 0.313948481730692 0.136090893837043 0.0169400588425586
0.255557424153964 -0.00118397661466732 0.0351196702937178 -0.258668203254253
0.00508428359225128 -0.186141658271411 -0.279667443078352 -0.185890838971582
-0.200565794213827 0.0638091797455043 -0.148207635665992 0.155668560563086
-0.0119355344761174 0.218518851799728 0.137358476600244 0.0540643037154357
0.14895273465601 0.216768384128183 0.0856440011851606 -0.173915558465174
0.193931714305604 0.10348026276311 -0.215162866208205 -0.257446057290969
-0.0162987454808255 0.200442496872583 -0.0406622559078399 0.033547222394197
-0.183934960576474 0.134903320867805 -0.0902810260315562 -0.0100455516902502
-0.13686159548113 -0.161077526590871 -0.0546487743388664 -0.143159014326874
0.12707422946931 -0.157487779077583 0.150717688564815 -0.127966927660384
0.249131925628606 0.107397175653008 0.171690007626029 0.168574689146845
0.0550447463176538 0.269192892488488 -0.015125122278866 0.275220367352126
-0.15577202328567 0.270710187034826 -0.182567384041917 0.216212378456802
-0.145381792731911 0.276904974345341 -0.100485213466592 0.221209567224975
0.0608559400744008 0.249039329201717 0.174654951859441 0.102068003720164
0.180908817139504 0.0217222778756759 0.0932022713031223 -0.284022662961384
0.0439706132887214 -0.0912019794125953 -0.308545893083394 -0.241209764810455
-0.0838107180864608 0.0375847637976557 -0.231304703678229 0.17103767519956
0.0152070570852583 0.0998929268232539 0.0879158098532448 0.102416128216095
0.0966602900262705 0.102438437103996 0.0492868588637071 -0.124381856687959
0.138628513550299 0.0563940051307253 -0.277019695789629 -0.253375255703797
-0.0464617334997023 0.117617394628274 -0.00633958061600338 -0.0152848780513521
-0.126260848661929 0.0392641986841185 -0.0389961481924039 0.0574200358277196
-0.0377559996615947 -0.104496702144295 -0.129804667513924 -0.0786465953776906
0.0869208023548687 -0.0369655727223875 0.0932921631199544 -0.186830233335963
0.119559056904639 0.0908934479114744 0.207233987424712 0.145310379549077
0.0192422911751854 0.155902712922727 -0.00156370104365161 0.318802028587233
-0.102996442647186 0.162831404893992 -0.223190934076269 0.2896510643882
-0.101465647159656 0.170097655379835 -0.14770534386543 0.302345792295261
0.0187303556779127 0.164430000437653 0.18596439635109 0.168216328421585
0.102960641972945 0.0398214446500128 0.137249210350797 -0.25655953527684
0.0619713024079883 -0.0248310160284168 -0.268839670704495 -0.260183448988876
-0.0219636842303326 0.00533145699740498 -0.263149584287174 0.169702657233368
0.00220001737000302 0.023302415387256 0.0705437494467311 0.145639154767767
0.0214359317104502 0.0296167393807202 0.0523953857610912 -0.0705978677291411
0.0583176373952679 0.0317723756106405 -0.297323709627995 -0.239417336911016
0.0325495122409281 -0.00572561413364821 0.263137420510797 0.219095172092762
0.0223617811785742 0.0105893335107695 -0.0601948963099098 0.0493183351358045
-0.00312825162152942 0.0117321061450241 -0.0543151390118774 -0.162061777109603
-0.0123298954233552 -0.00505368776850905 0.258412228662673 -0.153096126592603
-0.0403327710612887 -0.0167030287153726 0.200276032480339 0.265167959013499
-0.0113780575362873 -0.0410442088164905 -0.176020537344431 0.23963032207165
0.0258949433336528 -0.0448470714413877 -0.181800907236443 -0.192865051259545
0.0467507066269095 -0.0351545072899774 0.138823383453702 -0.347704151774964
0.0305944837466923 -0.0433936097550963 0.1828454916367 -0.349427356872793
-0.0247979844056436 -0.031784067819737 -0.0652276041238777 -0.327702268881726
-0.0493041004719293 -0.00845723342112006 -0.266577911199596 -0.0988173000931617
-0.00424614206783744 0.0236006002129825 -0.0449830060724645 0.219067364751571
0.0231188766519482 0.0167137074165423 0.192876999701379 0.0221220725054383
0.0430830716686081 -0.0111163113570964 0.00636670530010084 -0.10230836519367
0.0366559028287181 -0.0249163155162504 -0.020258024877151 0.0166752959552559
0.104938794114096 0.0144898836769348 0.234580320730632 0.229759673984256
0.0580866627130415 0.060950858144137 -0.0626147224928196 0.046162454777175
-0.0131905396066329 0.0341921486716799 -0.0242209901163211 -0.176635712716214
-0.0370815894991664 -0.0244798234616682 0.288337725293066 -0.121276042481879
0.0122496050291645 -0.0528239873132423 0.15683364494768 0.290511328845814
0.0687420013588973 0.00129145065310555 -0.205996036322745 0.200378907790744
0.0377376714980221 0.0735890763973749 -0.15021801269443 -0.211128497790442
-0.0077477004325584 0.102593746375386 0.136066233152227 -0.336353163394378
-0.00703103074073287 0.0984445406912742 0.13608370597429 -0.354226972042551
0.0296127360438007 0.0826260796200212 -0.127764287256477 -0.314309111504906
0.0638427460991385 0.0246454971461223 -0.286644823801362 -0.0544155631658107
0.0631727426786469 -0.0341909153239118 -0.0121310937642991 0.209253382357084
-0.0149075166230877 -0.0575250032428597 0.177001271736049 0.00378758274728264
-0.0235972310072774 0.0546719269734637 0.0152570068450321 -0.0962371355658423
0.0520920796604138 0.0632206767654217 -0.0274169945863996 -0.00486281711050728
0.162258412457352 0.0595058339161898 0.181674040530275 0.246241988469122
0.0902393954712269 0.141146428370376 -0.0719630629112867 0.0669494474938325
-0.0383253753745216 0.0722449723219664 -0.00134566989371284 -0.17197590116157
-0.0685351271735148 -0.0491002272497182 0.310919371884939 -0.0778192726285709
0.077299314568996 -0.0841749865023431 0.115180391523659 0.320294856398037
0.139971509964238 0.0650894560317224 -0.217678558369958 0.166344488271415
0.0218831832911498 0.195227874725348 -0.114868984283406 -0.193058939440284
-0.0592174507601088 0.226615843127814 0.114199538140938 -0.270936198420334
0.00298200951475992 0.228261038019646 0.0813665945045971 -0.306570663913956
0.156472259179475 0.134740100302289 -0.184537123318107 -0.264427804899169
0.178642795333758 -0.0763583304743687 -0.290484575313036 -0.0101842293863951
-0.00111679819610587 -0.159790872145902 -0.0148112127494186 0.189718346017207
-0.134878663764723 -0.0424965052561247 0.143061798006413 0.038730385016484
-0.0462746286776532 0.175432737819674 0.0698130235949613 -0.0745287861347459
0.0950739374948018 0.133049193927335 -0.0321067603872467 -0.0593874904116019
0.181598041119451 0.134578364594454 0.101850907150424 0.244306093282034
0.084587064316176 0.252205295659242 -0.11484854348694 0.0854219894795692
-0.116267272012384 0.120264926592209 -0.0252132236438296 -0.156322239822745
-0.120451065291363 -0.0995735042909078 0.270145303271263 -0.0457832457900022
0.156121169048433 -0.112238335755571 0.0629157938349574 0.297105269171642
0.187409058790723 0.150957024597982 -0.188324068017448 0.130560458063715
-0.0248858346737337 0.300035902608573 -0.0839818102837244 -0.126236310762751
-0.100720375102006 0.318818836572763 0.0780219345315849 -0.163738447662888
0.0549239513410742 0.312263728217811 0.0575067407093134 -0.209848666449589
0.279393411243276 0.0794321909888325 -0.170753260420492 -0.202076177381486
0.141535033884163 -0.253556684184262 -0.274428780254455 0.0122440277870398
-0.214980340360344 -0.164125057955332 -0.0227908099094664 0.207646790560924
-0.206783530441562 0.127953630808846 0.173598038692795 0.0794364611867632
0.0256248440505209 0.295708676797132 0.131204953056636 -0.104277993590557
0.161891028113643 0.161098455776753 -0.06617995560779 -0.135677628241942
0.148196563892565 0.210755593684825 0.0160417177625092 0.201375103472997
-0.00703812109740927 0.328715123986755 -0.169244357198775 0.0536302641996259
-0.24797235709148 0.0900541570232747 -0.0736126717184622 -0.186515988799211
-0.134942352205425 -0.210807920921556 0.207910012071208 -0.0933832864234178
0.257333572381634 -0.108105254144788 0.0742694174537427 0.206181177327882
0.197527291779733 0.247078422864238 -0.104669922012453 0.130923295221175
-0.0857477876303908 0.359536302316725 -0.080662631645242 -0.0140872764588094
-0.125889711748139 0.362966671332837 0.0268981043254441 -0.0330312193123756
0.101736008580195 0.33337707498332 0.0804638886776554 -0.0962400703154102
0.303159705641707 -0.00367020110812304 -0.0778179196767607 -0.197955956907167
0.0128347351346276 -0.280606800196737 -0.251074169062282 -0.049978316169118
-0.296955364874723 0.00108952508930248 -0.0396114267825028 0.185452183153753
-0.105732836884755 0.264943840715123 0.190162796419084 0.0489947296819225
0.136596451572249 0.300858230317156 0.123943088035389 -0.166521145620677
0.207917350780782 0.137046727495152 -0.14144117528459 -0.201209734170499
0.0729492417715847 0.238963668707688 -0.0363264162416009 0.119563831263998
-0.129874958215299 0.28106304863202 -0.160121966011399 -0.00669065205732019
-0.279740908156753 -0.0596748921128233 -0.0621531776081452 -0.208387812450836
-0.00866562327423368 -0.277635541831233 0.194170530888052 -0.132338610050109
0.322236929003773 -0.0187627449229813 0.145165276982504 0.162301446521624
0.150883038312681 0.297244203295955 -0.0226982960508247 0.196661378828101
-0.128437601912572 0.350976268168487 -0.11219776715396 0.115771448564084
-0.132474926967539 0.348791495853458 -0.0282776459600156 0.102122388995767
0.111590927901187 0.298746566027089 0.13260379873691 0.0033807786029622
0.249025195775052 -0.0240802843179458 0.0122863602130659 -0.253316141855727
-0.0143324875074662 -0.180587543917453 -0.288365883132525 -0.15598689834417
-0.188344402083544 0.0839028484339277 -0.132952699915227 0.164437250410669
0.00897558192784485 0.213450683621815 0.135527246771465 0.0434483160783422
0.166048899915986 0.199260574244725 0.0677617392824362 -0.173214723179478
0.199506790221948 0.0859386161850298 -0.225572557422395 -0.227196733130621
0.000680505768811639 0.199557380546027 -0.0369108950595161 0.0364962295914737
-0.169125600232012 0.148106579676086 -0.089570096983051 -0.00182405199666774
-0.148706056194067 -0.14739194306297 -0.0651734565799402 -0.136051807342471
0.112784896848923 -0.163743573658815 0.136877565001692 -0.138117835842625
0.251679748604497 0.0851618859040306 0.182774836430143 0.1517863439294
0.0772651629739641 0.258290330423261 0.00798683004864992 0.272206475605151
-0.129051706089993 0.277878784676978 -0.162458574797375 0.226540897573341
-0.118984939872664 0.282708400489783 -0.0793724534265141 0.222963886705978
0.082422682709108 0.237919550441854 0.177059376275796 0.0830930112524359
0.177231056173811 0.00543341335275856 0.0666185644078362 -0.282709467164305
0.0319881528040686 -0.090725733084886 -0.318534713534726 -0.208574071838894
-0.0753799594259407 0.0471384358891054 -0.211185138463159 0.185895220711525
0.0243532334839187 0.095172928961007 0.0929212768545105 0.0925396344034029
0.102270191355413 0.091915556360453 0.0381617651489503 -0.122515803938055
0.141752377368109 0.0453525391553086 -0.28436036928405 -0.21997603549956
-0.0355109927577688 0.121368282374163 -0.00826286736343518 -0.0158307851664552
-0.121457750051412 0.0487010391390738 -0.0319765375442458 0.0604945649792385
-0.0439307049706733 -0.0994350724648341 -0.132233222075465 -0.0671133727042333
0.0832919472027971 -0.0421801766146837 0.0746602781069325 -0.191275763093261
0.122322473157571 0.080283310772416 0.215387970146882 0.125350248744714
0.0318370324770404 0.150683793509508 0.0249252763835457 0.311503694175509
-0.0862719182179961 0.167718565398236 -0.195149938578106 0.302404647951882
-0.0853335719369407 0.175946490929466 -0.119693231074087 0.305704002429051
0.0349193836519426 0.158092543677424 0.194405178423339 0.145334391733222
0.102309688901381 0.030448878905811 0.112286332649373 -0.259265908375192
0.0573325149950691 -0.0286278141380141 -0.282240282429565 -0.229326782327718
-0.0184731934673385 0.0103618281730145 -0.241549397408975 0.186373092202385
0.0046625944860565 0.0203751480708012 0.078318571593477 0.134789058654407
0.0218461162078623 0.0274000058907049 0.0467936031851175 -0.0722046478684334
0.0602869457409574 0.029173639610055 -0.302292845511257 -0.206051505165594
0.0320200829240125 -0.00637300139096818 0.262171148542142 0.20532312215758
0.0224306018366325 0.00981721596339913 -0.0597014345501322 0.0489306077063827
-0.002348517649327 0.0118181428990446 -0.0567779074667927 -0.158439505581414
-0.0129039062637605 -0.00466198000063235 0.247542079935034 -0.157004614937507
-0.0389512155368992 -0.0154266691860715 0.203672726141871 0.254584031147242
-0.0117313962585368 -0.0395480081062656 -0.165994581684691 0.237010767663581
0.0241469730053202 -0.0439208394572013 -0.180891785343773 -0.18151122021999
0.0446312448155317 -0.0361704268051849 0.12866103166817 -0.342600941718451
0.0291533681577387 -0.0435792983875628 0.173845794758837 -0.343257980752831
-0.0236047982437499 -0.0308419341016651 -0.0705533629952112 -0.317694243498287
-0.0487841503836779 -0.0063810175896888 -0.263220494820627 -0.0911686495936672
-0.00327944427963253 0.0242849533817207 -0.0389891849090599 0.213861750289758
0.0237688851611116 0.0159462034510569 0.187035627184868 0.0160951716597589
0.0409386718937693 -0.0115265356753878 0.00219932410822445 -0.100502076660045
0.0349681250601052 -0.0251495881106326 -0.0199471232188318 0.018037709785602
0.102974474909769 0.0116208649907674 0.234930786139539 0.216328611975016
0.0588271909474694 0.0579423692965711 -0.061700174431705 0.0455770987797201
-0.0117316710053599 0.0342295303088015 -0.0278887877609441 -0.173140165490338
-0.0374954109966175 -0.0220063168389233 0.277309057759108 -0.127483728355914
0.0108086507685271 -0.052451836340749 0.160093614961158 0.280744676755767
0.067117244006686 0.000110016024060174 -0.194545560121977 0.200138703214567
0.0382979229207729 0.0708913111651959 -0.152152595423019 -0.200950395106429
-0.00552922127407907 0.098636590310497 0.124781336897237 -0.329306433187239
-0.0042401201372672 0.0949021438039432 0.125859796671154 -0.347299044804009
0.0313656527328627 0.0803680876863623 -0.131729851732997 -0.304279067250343
0.0623523974485872 0.0222871116530593 -0.282160802444614 -0.0464542166604156
0.0606050790305838 -0.0350678662344677 -0.00731094614755647 0.204077724604504
-0.0156214433351933 -0.0552240317796804 0.170816184990866 -0.00118149862283725
-0.021926097181511 0.0543156149802681 0.0117955762549373 -0.094425389483138
0.0529725662949435 0.0610468080180699 -0.0274558940991655 -0.00299817104531621
0.160420165773636 0.0540829982505506 0.18330077979849 0.234377045626019
0.0926660215357769 0.134144332287042 -0.0701229103669748 0.0658670633694014
-0.0344384914274457 0.0706423774925519 -0.00601693002420413 -0.169361363691131
-0.0675103678838177 -0.0452083619775232 0.299949471312254 -0.0863057272441079
0.0741649339334348 -0.0840821828781728 0.120809476956141 0.310980161319824
0.136858953188392 0.0609705751358276 -0.208125619690168 0.167723285748124
0.0242309699037229 0.188466510847152 -0.117193763232265 -0.184259869868398
-0.0539740999219916 0.221263538582135 0.105351493846809 -0.267806621078608
0.00848501765659363 0.220940995434011 0.0738380670088662 -0.301187344149765
0.155372952507059 0.128139285084852 -0.185050352052068 -0.254341298535016
0.172957918151501 -0.0786001781952391 -0.285253857600521 -0.00197979142574001
-0.00404819090109738 -0.156619546944771 -0.0102234696822357 0.184826933239109
-0.133013828063404 -0.037631505668221 0.140162710027004 0.0337716508544076
-0.0415648563332465 0.17261777611377 0.0650880305808816 -0.0749679019712243
0.0972101459884072 0.127915971223019 -0.034926564178646 -0.0562126583174889
0.181467811128781 0.125675114777786 0.106288291402366 0.235608791596002
0.0917130203330183 0.243092242421119 -0.110009446703324 0.0861055974937357
-0.109379786684452 0.118773526291959 -0.0285483825789904 -0.154274735250017
-0.119435804859909 -0.0922726533247591 0.262156522217611 -0.05211458043992
0.149548251787868 -0.112743308463569 0.0704955531952625 0.29008525836375
0.185073134077882 0.144135614278084 -0.182242781718542 0.132573949984811
-0.0184157934152029 0.291533441253373 -0.0866712430615503 -0.119048472164804
-0.0919458602736774 0.310067449459005 0.0726205187026558 -0.161288185781793
0.0582386414738266 0.30229192899433 0.0524683500208174 -0.206578440533905
0.2734697282367 0.0723332436907778 -0.170061646012669 -0.193340276422865
0.133063388932548 -0.250566402792212 -0.268284345999613 0.0189170260870836
-0.21405557405711 -0.154047567533832 -0.0167597405002187 0.203547875473823
-0.198369894630966 0.130152738343379 0.171543689659279 0.0714278718859869
0.0337634697448712 0.287700422781103 0.124111861794721 -0.105898961854692
0.161966181770437 0.152658322618278 -0.0692024486159344 -0.130484673140774
0.150152984467174 0.201131314443177 0.0215178436390739 0.195799312126491
0.00292379848822237 0.320240028177627 -0.162907921681592 0.0559756632777949
-0.240085711676017 0.093824879678625 -0.0772337337573658 -0.181529897456655
-0.135192245337466 -0.200460623787479 0.200087561236543 -0.0959946293474777
0.248079052700934 -0.110592849378721 0.0780702053705199 0.202928413408966
0.195904582676128 0.235849926405273 -0.0999257600129864 0.130674430986345
-0.0755119449108844 0.352254436191321 -0.0798984177706672 -0.0112188207200199
-0.114698753931819 0.354786631731104 0.025357053771155 -0.0335743260992018
0.105589188050542 0.321080194871024 0.0773027094105409 -0.0973252214227443
0.293694095075171 -0.00885627501070846 -0.0804199532006271 -0.192808328207651
0.00696099545539143 -0.27148338802362 -0.248230319499046 -0.044629502973533
-0.289934362134526 0.00960128369755028 -0.0351363701264613 0.183127091984181
-0.0947522259424796 0.260746823052115 0.186125756918624 0.0422832973110056
0.14208578066091 0.289474766223422 0.1157398353579 -0.165785841716302
0.205558581023603 0.128550027297919 -0.144584190066429 -0.191869162498149
0.0786203791225072 0.231103458711519 -0.031234360963259 0.117310948488381
-0.118231021714232 0.277192492632275 -0.155782018352695 -0.00248041017668431
-0.274953036889205 -0.0499471691217692 -0.0666595448186166 -0.201854542341686
-0.0135765261163846 -0.268594570838666 0.186153895602888 -0.134454840854331
0.31433439912839 -0.02478031078195 0.146366007266346 0.155612394998636
0.151578509455229 0.2855944637842 -0.0181727063302677 0.191804696492
-0.117927280400142 0.343539202295055 -0.109106768328494 0.114998061372728
-0.122539310625555 0.342578196683152 -0.0264983975749593 0.0992238897231706
0.113636228395126 0.288972058667192 0.129776165345386 -0.00160672688503459
0.240596755625132 -0.0276065351818113 0.00573056064894115 -0.248205363782391
-0.0170894512411886 -0.173734245607958 -0.286933889119003 -0.146637699738805
-0.179096196083841 0.0864616398796815 -0.12679718970495 0.165058381077215
0.015353823844589 0.20615276328967 0.133490064063201 0.0392197577988548
0.166574604932982 0.187807516322048 0.0610999645897592 -0.17020394811573
0.196110140107158 0.0797191025101498 -0.227938029756177 -0.21522965575198
0.00734494766496579 0.196284741130091 -0.0344463118507748 0.0360760442742291
-0.161074118582645 0.148952662639399 -0.0860692428027756 0.000514372347322344
-0.149131521096417 -0.138160408300018 -0.0679077175477819 -0.132222930083638
0.107990495394381 -0.162611425912073 0.128612386229034 -0.138514923807566
0.248488208392097 0.0777041323706834 0.183500727351406 0.144253922403194
0.0795537268310695 0.251385557682188 0.0136071113367984 0.263619623398932
-0.120136334843028 0.272830604065525 -0.155528411344477 0.224690846015688
-0.110450218901661 0.278285248837315 -0.0736731930682546 0.217934023961207
0.0842920951758307 0.229646227238516 0.174209255251924 0.0740439184220731
0.171315861519513 0.00290765645582945 0.0571110526759549 -0.277187451408938
0.0308802359248575 -0.0873819223277242 -0.31736644556195 -0.195327449495136
-0.0715026312542491 0.0473450430887683 -0.20265971967783 0.187650486128873
0.0267750552133216 0.0895965015788143 0.0929734850486994 0.0889532035653632
0.101315518453851 0.0862452587828228 0.0355448719462946 -0.119985891717659
0.138680545539264 0.0413804998764798 -0.284698720541483 -0.206224523076701
-0.0311265103257007 0.121017792918186 -0.00829245153630462 -0.0159209241136365
-0.117702176012253 0.0503514985051902 -0.0274673847027683 0.0597201082454456
-0.0454621685298863 -0.0957016065301921 -0.130244927559643 -0.0624026488388511
0.0816747727432773 -0.0422417477931248 0.0672847439086739 -0.188216288604904
0.122294741264528 0.0762651536802477 0.214400662426922 0.116263329209647
0.0333554221636029 0.14737479379828 0.0305088904612088 0.301601214490513
-0.0811290373944708 0.165723390560486 -0.18717114447126 0.300320080115371
-0.0796622519859726 0.173299812553064 -0.11122882774154 0.300671865303935
0.0367040478313891 0.154031968120059 0.191030932774274 0.13394157090075
0.100222476046191 0.0284352954095932 0.103607895860136 -0.254607087158918
0.0569771760975065 -0.0282129324659865 -0.282184324507895 -0.21772518446544
-0.0169062860373382 0.0103645946590356 -0.23163595051259 0.188868795211543
0.00476129509901986 0.0200204968728679 0.0804039191328145 0.129382364782009
0.0211889110168516 0.0266843585054327 0.0453006081185655 -0.0713895693673365
0.0593604799330042 0.0282355596902934 -0.301115006590833 -0.192549730763197
0.0321330675951855 -0.00556249912697622 0.260119540434744 0.198695995324339
0.0230541156478664 0.0101252489882758 -0.0600044038060001 0.0489038526955287
-0.00203675479770882 0.0125119557444345 -0.0584002383997624 -0.155736878496112
-0.0135199730628388 -0.00431960553999603 0.240314619160885 -0.158697423972102
-0.0383275291590769 -0.0159975814129718 0.204204132392625 0.248679435206846
-0.0113950472003797 -0.0382217018217445 -0.160275917654557 0.233887643277927
0.0240146571155974 -0.0435024716158613 -0.179877159578901 -0.176365843602685
0.0444638947092075 -0.0367075343580215 0.12454096365404 -0.339027345391648
0.028588468780831 -0.0437321123673108 0.171600068935778 -0.338852400710889
-0.0234191218721849 -0.0295466287185435 -0.0719496989880787 -0.312667903920847
-0.0486935727148432 -0.00568608207423952 -0.260358006033854 -0.0876370691085243
-0.00295481064747139 0.0246970234775987 -0.0364641486431995 0.209812780559875
0.0240708532514161 0.0165919505338757 0.183648974441896 0.0130135735623745
0.0385486231632858 -0.0110562420467015 -7.74181932572817E-05 -0.0989663586686174
0.0348775312696905 -0.0247485281435533 -0.020289624926915 0.0197664774766166
0.101323060878843 0.00991326978094231 0.233090212773448 0.20977740917306
0.0583717831759571 0.0558438706446099 -0.0613345856590035 0.0444909966775892
-0.0108464178033707 0.0339727858843195 -0.0299934486913205 -0.171133480036066
-0.0362870739114607 -0.0211024917924649 0.270494005730578 -0.128723632370753
0.0111739036729128 -0.0519247610300322 0.160444728893687 0.275344709698411
0.0661210507360674 0.00039719689565009 -0.190221841648096 0.198060927932498
0.0385724529127745 0.069379555904684 -0.150983311941827 -0.195043720487807
-0.00499801373082412 0.0963624317102401 0.121874640172198 -0.323890114131797
-0.00297776469696041 0.0919645424200614 0.124169589893995 -0.342384519393484
0.0316276933870902 0.0799386797436701 -0.131832023878885 -0.29879922648016
0.0613451904499785 0.0215959676108883 -0.279543209520753 -0.04309084704045
0.0596087604715335 -0.0342153370618639 -0.00593868778193513 0.200342146467401
-0.0161766052618308 -0.0541235552569252 0.166503010924541 -0.0036129104664273
-0.0220456698038253 0.0546891219201633 0.00987748353229103 -0.0933777109916128
0.0541561152016621 0.0603458248617627 -0.0284720370472776 -0.00161151558529177
0.157905027411642 0.0507256665573821 0.183714787453322 0.227283185450399
0.0930011857533342 0.129089715024225 -0.0686189361207824 0.0646971855883219
-0.0330557571947092 0.0690112885959657 -0.00835122837332273 -0.16814280308669
-0.0660728445744478 -0.043119156169961 0.293613789751389 -0.0874215449852661
0.0725450403167939 -0.083225010709111 0.123399307820165 0.306045833944641
0.134559876153852 0.0593307896692991 -0.202152202407621 0.167421529089911
0.0260060705051906 0.18453308094031 -0.118235347944398 -0.179582133262114
-0.0510465952385469 0.217207629863644 0.101125435806184 -0.263187856732788
0.0087093605727453 0.216489946945701 0.0711552218233437 -0.297028454123047
0.154102420204777 0.12574691345598 -0.183495470348163 -0.249972023806479
0.170814655767533 -0.0801713368022503 -0.282388734187343 0.0011582966505705
-0.00527536924597376 -0.154497763281763 -0.00866550887875747 0.183507318777388
-0.132165032220777 -0.0348677382739237 0.138228168256546 0.0315997537050578
-0.0379834027024373 0.171058028785459 0.0627875944620598 -0.0753511667919743
0.0984588138525595 0.126082805915138 -0.0351824788352875 -0.0541129647979141
0.17974222017245 0.122048840464632 0.107984107734594 0.229983209657471
0.0924042363405815 0.235835158114712 -0.107284980904771 0.0847479838626342
-0.104727441804949 0.117820870472841 -0.0301787742316746 -0.153377284270397
-0.116744535667216 -0.088771706542716 0.257951985915119 -0.0546185466647894
0.145943172109733 -0.111636751917437 0.0737060335914014 0.286963657932248
0.182309882624302 0.140671711206769 -0.176953332084353 0.132772243051159
-0.01661767968287 0.286252296749643 -0.0872350673289903 -0.115745989097833
-0.0882512857487873 0.304543264745039 0.0701239444294312 -0.159536925838396
0.0578998004959637 0.295947324125627 0.0501961526611703 -0.204513688902217
0.270448066394977 0.0699056841791746 -0.168604734143012 -0.189278708646927
0.128690320166451 -0.247708156639007 -0.265709591152575 0.0202283113472656
-0.212294061625652 -0.150540726196726 -0.015488926728991 0.200581291782618
-0.194428319017853 0.130880816583809 0.168748914131971 0.067987539592005
0.0371437900570967 0.283818088338229 0.120471236239965 -0.106376814997242
0.162026119025808 0.150185223304856 -0.07230702307042 -0.127367498017389
0.150456377263149 0.196588293975409 0.0256177722843463 0.192130720948713
0.00693110414293308 0.313739650333617 -0.159185472252064 0.0563487672687366
-0.234134895028724 0.0960732103529555 -0.078224437241895 -0.178941603304192
-0.134625190737307 -0.194944832550897 0.195928549762833 -0.096506201153065
0.243082881648102 -0.1101171829024 0.0802502334617175 0.200282856339281
0.193522028649116 0.231659503368537 -0.0991656213207231 0.129062764336799
-0.0726999576385367 0.346076958135111 -0.0805299113538894 -0.00971056052003078
-0.110428009628615 0.348232735802653 0.0247232283671334 -0.0346371952394364
0.103791335626077 0.314510999610955 0.0761180435663781 -0.0982633513239285
0.287824277067794 -0.00965507278822104 -0.0804705579567735 -0.190654402056264
0.00490153024230221 -0.26635917154717 -0.245294087537373 -0.0424129670816161
-0.283566060071963 0.0118378553520262 -0.0336181986431044 0.180308479283394
-0.0907373285102818 0.257488400517063 0.183631449291146 0.0393018435842003
0.143785724163191 0.282897827193611 0.111761292004899 -0.165143719604961
0.203318807094427 0.12537439557148 -0.146268462252793 -0.187592350062085
0.0800965150612602 0.228277371121284 -0.0287989513098911 0.115543182581839
-0.112936408175382 0.274599459768655 -0.152818421726293 0.000353425447595959
-0.270805108968544 -0.0453362736360451 -0.0676457776952562 -0.199033413153617
-0.0149641866323704 -0.264261664348109 0.180813011098791 -0.13387374801654
0.309487788681598 -0.026501561739253 0.145818797638716 0.153553526065853
0.151096157214897 0.281724896515197 -0.0190945561114674 0.187919541016852
-0.113802323521983 0.337998119365015 -0.108211916360066 0.114481658578609
-0.117957626520408 0.337587379171074 -0.0252099956757122 0.0971255627036023
0.111855546095085 0.28255985902034 0.128462511132966 -0.00498314530391588
0.234475409901986 -0.0276958308585448 0.00265672976313615 -0.24505000327959
-0.0185553405340902 -0.168689689410142 -0.286749184373851 -0.142416276486507
-0.174188932265256 0.0867839623555395 -0.124321317077473 0.165130858710299
0.017339007598112 0.201153482914945 0.131565028470179 0.0375182898259092
0.165707077775356 0.182710658449843 0.0580181138123883 -0.168495251110541
0.1933501180038 0.0770182620644456 -0.228370945110167 -0.209328270908997
0.0102762140649609 0.194596615491962 -0.0334798018280262 0.034428845512083
-0.156661541384322 0.148738260757227 -0.0834528166164359 0.00187367526539278
-0.149201796825027 -0.134731689379991 -0.0683234858522773 -0.130569757220119
0.105692048716477 -0.160704447262637 0.124694756414495 -0.137759183285071
0.245744327265076 0.0765690014201086 0.182701914462839 0.139969245880697
0.0792939800669691 0.247852784495562 0.0137835105019664 0.258347717386856
-0.116501399235899 0.26887903980941 -0.154064998940404 0.222709898526254
-0.10789933493284 0.275231065220908 -0.0715235446572519 0.214369366883316
0.0831258131498507 0.225444651807729 0.171710265616657 0.0688205871764233
0.167878075138854 0.00315229778690532 0.0537726807387744 -0.27404223692708
0.0302359768687383 -0.08576289287772 -0.315635763093687 -0.189053311560967
-0.0685904253501922 0.046622129956192 -0.197604068084037 0.188804100493886
0.0264249195275024 0.0875103551353626 0.0928168752420838 0.0862141059742792
0.100055030710211 0.0832481572791015 0.0344182940966403 -0.118330287106729
0.135931057414307 0.0394468857592828 -0.283127818412814 -0.200649723459279
-0.028220374093081 0.121725615072417 -0.00865634112313813 -0.0173359637299919
-0.115357783615326 0.0519904401205195 -0.0244184067796645 0.0578791866346835
-0.0460531087638395 -0.0931381575251299 -0.129475662610335 -0.0606099168666949
0.0820491186462921 -0.042348469258092 0.0630107485126785 -0.185299068925897
0.121765197752332 0.0756349478684315 0.212813288893063 0.113966996788171
0.0337868259655942 0.145018265431796 0.0301917052717878 0.295909237115186
-0.0784396836033011 0.164385065514913 -0.183406164701557 0.296539946859875
-0.0776686107298738 0.171349144316927 -0.107897375602062 0.295921911164476
0.0370011646586959 0.15089282990863 0.187978475132268 0.128245552879546
0.0978079175002856 0.0290504449681977 0.0991674427830866 -0.251916922314967
0.0577607025327871 -0.0282753206719315 -0.280287519819287 -0.213693350276544
-0.0149785810872525 0.00938215951089779 -0.226795534116319 0.189169546206995
0.00506189512858247 0.019375009226676 0.0801520801112517 0.126878080929698
0.0201492263633065 0.02632604635524 0.0455384435493584 -0.0703658325525255
0.0585973978919065 0.0276851307952151 -0.299960198350164 -0.187176207510788
0.0323229562494542 -0.00666003641492607 0.262883739147553 0.193195722689587
0.0233098174303788 0.00985311467242866 -0.0598308503279826 0.0497685952684647
-0.00192975584339892 0.0135692805106156 -0.0612935835453325 -0.15624166603967
-0.0137834095418693 -0.0036412103199808 0.236514556731569 -0.162301815808623
-0.0383832182423574 -0.0157908790267406 0.207664210230322 0.247178715931027
-0.0121836591213533 -0.0371611443991578 -0.156592050430873 0.235064025336012
0.0239465929809998 -0.0432319397442825 -0.181063626428423 -0.17359666829257
0.0439117235251919 -0.0377113958347081 0.121946603630133 -0.339045704622821
0.0273391166246924 -0.044614693050507 0.170630226565757 -0.3407397116331
-0.0228392485325656 -0.0288715150796738 -0.0743707573295264 -0.311288893510725
-0.0492540678137975 -0.00463826316949584 -0.261759616920879 -0.0845492874784303
-0.00265524806831432 0.0250126227940068 -0.034770341994603 0.208777097261808
0.0257814866793704 0.0162214318397931 0.181814625897776 0.00974614910388715
0.0381701003514962 -0.00989964311062156 -0.00280319672912202 -0.0987837799528731
0.0343645195491867 -0.0250719942953301 -0.0196787068972723 0.0208771630702888
0.102240676957903 0.00835163175471951 0.236536630607184 0.204940587880207
0.0598765855982775 0.0542688902592408 -0.0627514050970137 0.0444657394597532
-0.0105760469971732 0.0332459849725122 -0.0332050883625361 -0.172536593975378
-0.0362823406201158 -0.0204366523146742 0.268652792554471 -0.132858082000876
0.0110470973896118 -0.0521984093202789 0.16561741214745 0.273572286329229
0.0666069040665174 0.000763077746580666 -0.187460308679246 0.199124352556534
0.0390438303601854 0.0692107070709317 -0.152415318588196 -0.192272203909063
-0.00424509482159468 0.0945216564714063 0.118684457244907 -0.324552955200564
-0.0032216568814622 0.0912714943396415 0.12233589386814 -0.342049107790423
0.0329388628041586 0.0801103597323209 -0.13486455831737 -0.297667328534198
0.0611250309160306 0.021098939547192 -0.281038523986841 -0.040144313513491
0.0582708964778303 -0.0349213098170472 -0.00438626165242154 0.199405544896602
-0.0171296354491468 -0.0536458990168263 0.164905978432064 -0.00636284660467715
-0.0217965962050302 0.0561227747760945 0.00741591661412884 -0.0928748579112026
0.0556755204677506 0.0606345778124084 -0.0292518770469902 -0.000577474377313304
0.158139683384325 0.0483656097439486 0.18691138701448 0.223896757186556
0.0954195004915722 0.126524090427006 -0.0690372689710018 0.0648957905054128
-0.0306544958910059 0.068822893831473 -0.0112553816632509 -0.169524697258112
-0.0659232221593596 -0.0417686907374981 0.291797662448545 -0.0924102892297185
0.0716405002451992 -0.0833989452129492 0.127713969538763 0.304397896260532
0.135194110494409 0.0579579403937995 -0.200476381497521 0.170203635496792
0.0279049870635793 0.183346238854003 -0.120273671953512 -0.176059104278322
-0.0494876870319236 0.216103508734014 0.0986192291543544 -0.263102302736055
0.0100610803469725 0.214611988560989 0.070785435190646 -0.29768534946581
0.155559580172849 0.125215471632807 -0.186727360736369 -0.248492606794627
0.170688016303814 -0.0816241873514185 -0.284233249235432 0.00391295842620978
-0.00646392979043608 -0.154163116895607 -0.00751549270575442 0.183573147944573
-0.132910472239566 -0.0325411999819327 0.137148287397321 0.0294740637061101
-0.036053797326448 0.172280141931055 0.0610383886223605 -0.0766894337893008
0.100848248482118 0.125156343868004 -0.0373885129688185 -0.0529900958121827
0.181362233044707 0.118748700884367 0.111504560618969 0.227269784317272
0.0970690724139376 0.232610654195737 -0.105198936495392 0.0852091838032178
-0.10242889294543 0.117880796067069 -0.0327163609576203 -0.154286935552103
-0.116841553133707 -0.0861832985244526 0.257346894648902 -0.0590594894315145
0.143628145025679 -0.112648834065397 0.0787984451677105 0.287453423967782
0.183402393861188 0.139085103592532 -0.175654540979476 0.135468328906639
-0.0139855126653912 0.285235328082758 -0.0887215780535223 -0.113712339810493
-0.0863884998141275 0.304696517534525 0.0678418854822389 -0.160312399764279
0.0590714623409507 0.294108886743008 0.0503307953092818 -0.205152082237018
0.269033994178965 0.068100133467208 -0.169349726565995 -0.188168382096199
0.126599868429855 -0.249365086062618 -0.266642260114977 0.0237526283628091
-0.214338746816959 -0.147913515310951 -0.0118171348039685 0.201175699110427
-0.192786148789969 0.13383833256643 0.168950551269369 0.0651642604168272
0.0409398657284008 0.282510419941041 0.116847248829394 -0.108744059434349
0.163873558202862 0.147953736335373 -0.0744962080482702 -0.125564821223125
0.153547954639383 0.194923198279497 0.0287148994824287 0.190599076868799
0.0131841189077929 0.311397044682384 -0.157719531539764 0.0588985531805364
-0.231649116374749 0.0981316053614024 -0.0809227846175597 -0.178684807459773
-0.133954687429232 -0.191608237360048 0.196239358405156 -0.0990894889778564
0.241270263830165 -0.112446599325605 0.0839855562767859 0.201239737905624
0.195442760281649 0.228928269986995 -0.0973668904239538 0.13087857131466
-0.0693840705856543 0.344621440231499 -0.0813167869386848 -0.00760149492684262
-0.108187524582838 0.348251280273545 0.0238724691445729 -0.0345783357099054
0.105149557343776 0.313083430959369 0.0756190499956241 -0.10067470105222
0.286193922288889 -0.011981263045872 -0.0825750997856399 -0.190664918109141
0.00105769673160383 -0.266022908495227 -0.248520116465678 -0.039822397539501
-0.282806935179173 0.0158059960763195 -0.0314565512173474 0.181533195285725
-0.0861328348566835 0.256895270062764 0.183498474009521 0.0361610872211951
0.148106811739768 0.279137702097945 0.107396899803508 -0.167496077869288
0.205795976810262 0.123130910106135 -0.150377872966875 -0.185172321643241
0.084337301635185 0.227763395979133 -0.0264401420697689 0.1147829029056
-0.108527458369182 0.275069400934356 -0.151064727608993 0.0028352069961857
-0.272166486950592 -0.0408848600176462 -0.0711971321804363 -0.198124075074965
-0.0172487851049754 -0.262934885931917 0.178093872723562 -0.136828104539347
0.309385342599592 -0.0286708450470635 0.148960923970594 0.151828039973191
0.151783352059493 0.28026938155371 -0.0177012552952582 0.187083893381967
-0.110686412218308 0.337007925204222 -0.108731291478001 0.115965999216206
-0.114730438746693 0.338530795053851 -0.0245266875416467 0.0961724812149784
0.11259778969897 0.280961216854597 0.128276378127417 -0.00896844771271684
0.23193468384446 -0.0289499788919219 0.000179766489281954 -0.246212077121426
-0.0191963752322658 -0.167395880692574 -0.290602802749174 -0.138795823294691
-0.170992079141117 0.0882469067950138 -0.122766256346514 0.168312803951781
0.0209665483354592 0.199394555706726 0.132258811726966 0.0349797796785616
0.167723637482135 0.178696969414052 0.0559406666348898 -0.170005953749771
0.193886908212539 0.0747554909421335 -0.233038513327794 -0.205480689088391
0.0135272013327961 0.196021278385923 -0.0330167685276888 0.0335287931868797
-0.155055755506489 0.151038551299817 -0.0818611836519633 0.00272779317923719
-0.152166168247303 -0.131224215154683 -0.0701827803573762 -0.130190892108036
0.105515023955919 -0.162146515265883 0.122339719041168 -0.139638965703575
0.247224350063915 0.0736007983021386 0.185038113891859 0.136853815885955
0.0804443402040311 0.246361752766083 0.0147791541016334 0.257271780788467
-0.114244743801815 0.269289042797994 -0.153091738037388 0.224682412732249
-0.104707800833694 0.276143943387586 -0.0699524267257441 0.213296352413212
0.0845020732182281 0.223762129214094 0.171618438878287 0.0646693533801242
0.165974620162831 0.00313558869282624 0.0491308579614536 -0.274378753221075
0.0306335693774535 -0.0842193725424058 -0.319164595571216 -0.184631729878959
-0.065989550169788 0.0469933687027781 -0.19459909939271 0.192650504385553
0.0277895717754426 0.0849229151574934 0.0942807539329427 0.0850050590730988
0.098745986263409 0.0811036827980174 0.0338886013876808 -0.118545846061898
0.136132269978606 0.038176035952383 -0.28765835844691 -0.195483576853884
-0.0254370004095067 0.12345695221539 -0.00968496195919082 -0.0188884295854136
-0.114817028393958 0.0538863432078137 -0.0223801459704466 0.0575430387471331
-0.0468776228503493 -0.0920944778493363 -0.12998549564487 -0.0596415305575684
0.0826151832141167 -0.0429051026982884 0.0603896967805109 -0.185528094998723
0.122819959130995 0.0756309727542281 0.214497388395721 0.110267717103754
0.0348080259583545 0.145867331929282 0.0315616668620542 0.294201402843755
-0.0770279219048498 0.163965724990069 -0.183447375518964 0.299087560733426
-0.076825393217994 0.172398384763743 -0.106316730968083 0.295155818430827
0.0381320896230074 0.150463963736365 0.188333353912698 0.123404274874931
0.0983246237464463 0.029343562582045 0.0972039200522939 -0.253080036857083
0.0582098522125702 -0.0280033988554899 -0.28332850229024 -0.210070590502575
-0.0153421079493574 0.00976758977130757 -0.224465499833894 0.192933608637478
0.00406036391676282 0.0189528926714709 0.0826572470568173 0.125458911188576
0.0200016702562693 0.0264447937917453 0.0464957249739566 -0.0718151060692781
0.0582977738976572 0.0272853212887211 -0.301888836697456 -0.181099389430918
0.0275238382509769 -0.00432231254710252 0.226878307809956 0.234121685975558
0.0227482133729069 0.0116420725180735 -0.0696689159296125 0.038760457711732
-0.00188131887611998 0.0162863044655165 -0.0334400661293216 -0.165594986265303
-0.0172036490866443 -0.00365364066958768 0.259784048114958 -0.120959972956257
-0.0368880997834578 -0.0237808734927158 0.159523652317675 0.278997450233249
-0.00328471116901965 -0.0408014889184782 -0.191881496038347 0.203409958483676
0.0325506948394802 -0.0371464708952413 -0.147642548017078 -0.199782577712792
0.0487439798493952 -0.0301488569991174 0.179348454629764 -0.309868294023057
0.0331559696993307 -0.0415889487507515 0.228732987341936 -0.303027700204311
-0.0181583792293066 -0.0318148585768225 -0.016814859089617 -0.315333616562791
-0.0496051345798527 -0.0114002769656897 -0.239781356807206 -0.128216022156625
-0.00620503234379587 0.0249799283809566 -0.0709150112229115 0.196851157244813
0.0225384199799276 0.0200066688635086 0.173474058434388 0.0411789627110551
0.038508637146457 -0.0032259350712152 0.013200550395976 -0.0963211656147498
0.0388232613039771 -0.020162962116824 -0.0219469563971345 0.018036045223645
0.0924366575585835 0.0217939301684304 0.199345928425873 0.240950165429146
0.0505058684474262 0.061065207706586 -0.0704121497208697 0.0335763276310859
-0.0145035854782693 0.0338158306166092 -0.00210996385763941 -0.176098695862783
-0.0358484278858626 -0.0248050425779819 0.28556224789661 -0.0868667294450599
0.0189014063870732 -0.0515019755562192 0.114783305317966 0.297347823066939
0.0673472112342901 0.00915228055188125 -0.21557909572272 0.164282711788032
0.0286308383724967 0.0750205878541508 -0.117607720498196 -0.212427370847873
-0.021704997139543 0.0916794692714033 0.174880874190378 -0.295139210433759
-0.0204631310857383 0.0872654596028443 0.182051572580802 -0.31067793791335
0.0183338176597213 0.0847703914859472 -0.0762305220287732 -0.31296909762158
0.0560373327845423 0.0319364497955537 -0.265403050681838 -0.0869990537173732
0.0649334265802394 -0.0244616465912448 -0.0377436353380814 0.19311171650398
-0.00838623887785416 -0.0555700275058138 0.159631306334724 0.0224550617538746
-0.0317438399830939 0.0539604438504733 0.021312711503872 -0.0892253235549086
0.0467452594363297 0.0684139477991823 -0.0278795523009808 -0.00223057526764335
0.142996101859026 0.0681056546411512 0.149015548857873 0.252261126105925
0.074018154335104 0.137814306427773 -0.0784543143789134 0.0528142487018312
-0.0396911086448128 0.0642700823595436 0.0180593800387864 -0.170465258501948
-0.0608702457251748 -0.0504281737766882 0.302317775532464 -0.0433058381304473
0.0834214133058338 -0.072423775263566 0.0751208787965822 0.32075240069282
0.124784646504009 0.0773487579516277 -0.224093505657589 0.134225141080094
-0.00330705318694206 0.18646404534877 -0.0883939301515081 -0.19079098484651
-0.0872458859693524 0.203531203908938 0.142710755384623 -0.238167965726969
-0.028104763508061 0.211135701156751 0.121306768407813 -0.276849461442185
0.131253484563562 0.1507844138602 -0.135839535815079 -0.274355856440836
0.180486685669071 -0.0507683235240554 -0.274687072763236 -0.0454835092363301
0.0187221525308033 -0.153532308029511 -0.0378152100216182 0.175707652412359
-0.126750292229734 -0.054517749154878 0.126256367161048 0.0517486106966501
-0.0642797650091446 0.167088961412952 0.0698750798820374 -0.0627030016863978
0.0817492290954101 0.140717797680224 -0.0272973984507911 -0.0553161278729295
0.155709617090754 0.141467927038763 0.0747035656834397 0.244223321799011
0.058892696846321 0.23968190750618 -0.117549331576531 0.0678926267528997
-0.118126007330431 0.101402336235505 -0.00470005893117928 -0.158245999832441
-0.103043129186593 -0.102666920688513 0.263269869165283 -0.0151650936375729
0.15942243898222 -0.087693817177062 0.030222100595613 0.29613827497697
0.158736417021431 0.165188258388133 -0.194878133315321 0.105345224216986
-0.0607388473173727 0.278471895482156 -0.0690626452587383 -0.124479902960316
-0.138451199895422 0.284027177646853 0.0941421626847808 -0.144188216223489
0.00861157223725131 0.297060688746239 0.0844584869219195 -0.190801894763209
0.252754798728149 0.114025477660929 -0.128431527224788 -0.213199798035867
0.165679658046894 -0.223663912185915 -0.260609396003636 -0.0254942315660896
-0.185165026573687 -0.182364816012204 -0.048304157241178 0.191724768960592
-0.212129758632098 0.100472813666434 0.150059677231047 0.0938230336862958
-0.00430903771695442 0.289237699090088 0.131804311342505 -0.0838708735444155
0.141271149829153 0.173075749854199 -0.0507279810452532 -0.131411207766131
0.118060342520313 0.211942753112052 -0.000137827571758717 0.194843947054585
-0.0347306545266653 0.304746785862755 -0.164749099423672 0.0344619030657321
-0.241925375306806 0.0614635240214202 -0.0506307095280626 -0.189683710533255
-0.102747518620362 -0.208961919350136 0.209713744604619 -0.0666988566994587
0.254647508832402 -0.0706332360769784 0.0490880288031975 0.21398834429612
0.154700328099598 0.255545854613876 -0.118058073981652 0.114300357755602
-0.125906940003146 0.327033061072422 -0.0795392731352774 -0.0205627664162948
-0.167599030008046 0.323293386368481 0.0290268063717146 -0.0303117393915007
0.0507053204161203 0.324088114091591 0.0921242686405074 -0.0841825345509395
0.282506994078826 0.0364810199936445 -0.0437859192551668 -0.201355368332272
0.0449753031638001 -0.260009886772048 -0.234101981891083 -0.0860247668098551
-0.279893956142576 -0.0304014551735705 -0.066282629357175 0.170709897149666
-0.127976358132194 0.238997181391983 0.170652241770847 0.0705475638337934
0.102332487060041 0.301486276334548 0.132917867240415 -0.141696079125927
0.185004787913012 0.154918709952815 -0.111731356145706 -0.20119028713643
0.0463144205911461 0.235481859712558 -0.042951268944927 0.110960282058054
-0.149539775367982 0.25188958268228 -0.150251875547791 -0.0197219886912737
-0.260491662578311 -0.082015936601773 -0.0382118393828004 -0.207689766292303
0.0251667606417793 -0.259998352990487 0.198354040655406 -0.106105176245772
0.307299628368998 0.023845040805041 0.121521888279 0.175308377988272
0.103152086920378 0.299284189101507 -0.0499263373584523 0.183022097177257
-0.166155082056807 0.313393330552024 -0.127484892873527 0.0965162086805458
-0.17258760966982 0.312998062894188 -0.040971558309155 0.0891995656177639
0.0634136412503904 0.294747276084502 0.127340371353449 0.0136248495989694
0.23129603917685 0.0114951192852806 0.0437621119363823 -0.240893127751339
0.00851234294658516 -0.165097294110197 -0.25934256102342 -0.186381900634094
-0.18071444517684 0.0589331754694788 -0.151449299481108 0.143169204483236
-0.0121836014049124 0.198035864729157 0.122317530624589 0.0612175054143622
0.13649508644797 0.205344224952141 0.084139419912964 -0.152971473350282
0.182809151615871 0.104495144528542 -0.187898775139502 -0.235699513656961
-0.0168836037460155 0.194197196092749 -0.0376443814272391 0.0290700468190881
-0.176677032906463 0.122980741290858 -0.0815569042200204 -0.00943520622370904
-0.127063155711817 -0.152682366150189 -0.048671965306628 -0.141727404007292
0.130769936046469 -0.141322583067862 0.144899414928686 -0.118523225160616
0.229046125676121 0.114484178085357 0.158911407801826 0.166297252891228
0.0379166815720432 0.254642929683674 -0.0307682991997904 0.256006869394492
-0.158027655217011 0.24398225463989 -0.189679740284594 0.194637073695624
-0.152171657112999 0.253717925317456 -0.10661954449642 0.195771161580731
0.0453778758501459 0.233402661700896 0.156354719734512 0.0913073766592813
0.160822279215202 0.0321008759009227 0.0983519025446108 -0.258042106984217
0.0440979538426293 -0.0765074844743572 -0.278875870276492 -0.235898273164586
-0.0709567297040675 0.0357499215741223 -0.224179107920353 0.155024417585673
0.0121984408203512 0.0871309216498266 0.0774012372576172 0.101670332991648
0.0840841945295539 0.097035569558343 0.0553325073829412 -0.109020094257398
0.131080814019667 0.0581680655765777 -0.242590441362167 -0.235781533611915
-0.0446687937535672 0.118810352543999 -0.00680954608170555 -0.0193300681025485
-0.122197165934415 0.0335229352551938 -0.0311502999467627 0.0530479562120196
-0.0294351949400067 -0.098186047897249 -0.118728080156704 -0.0827775227726587
0.0885680061939098 -0.0264580113926864 0.091706397560918 -0.172238679892498
0.106195254588164 0.094936255688248 0.191118180690544 0.145658042171042
0.0091139844403568 0.146321276734542 -0.0207729073758118 0.29557133175221
-0.103517459935932 0.147374135690325 -0.232290291238646 0.262877488903253
-0.105449949408107 0.156351002806523 -0.156031881832816 0.269128442218222
0.0129524609646165 0.153810627586518 0.161260707446415 0.151659208101478
0.0899180590576776 0.0468952691789365 0.13992910435325 -0.228508663806202
0.0616034029989056 -0.0172308889918226 -0.237668072190348 -0.252422796848502
-0.0156656570460401 0.00691719157969891 -0.251635915065473 0.150227064741612
0.000374404807163575 0.0191931778208412 0.0578463247392076 0.137006436181049
0.0144858884066955 0.0301870372252576 0.0599031915895775 -0.0616781349879906
0.0555114722888338 0.0351829360037424 -0.260552722632372 -0.22569888646989
0.0272233961205902 -0.0050353665367448 0.229413973792259 0.226107276269886
0.0220040090989697 0.0109906149258988 -0.0688932542745483 0.0400396895314274
-0.000644137154602887 0.0160625661788106 -0.0369732575718199 -0.163200673921458
-0.0175877440159644 -0.00277874745313038 0.253549974913808 -0.12470880818724
-0.0370305138504609 -0.0239246916567336 0.165245987796913 0.270832557654157
-0.00391439243445251 -0.0397005730971034 -0.184950095816741 0.204401861
0.0316532907117516 -0.0379934152896435 -0.148623049176933 -0.193030046949927
0.0470364125695426 -0.0315977409578651 0.173326759631598 -0.307579793269406
0.0311325595545735 -0.0404888065753354 0.222837170908032 -0.302456317484031
-0.0183411360250463 -0.0314984253702725 -0.0205560176073392 -0.31108683114155
-0.0499040887772746 -0.0101514057729142 -0.238904836638625 -0.122801319396829
-0.00576644673815385 0.0254726443425507 -0.0653886395728417 0.193526744651572
0.0240070295368343 0.0192892602585812 0.170224548167597 0.0360014199408695
0.0374716422488325 -0.00250367499258788 0.0105644204856982 -0.0948857728225862
0.0375069486885277 -0.0206332278550206 -0.0214242979548154 0.0191101498315307
0.0919381433173513 0.0190769688096927 0.202790271185058 0.233742213296292
0.0509600961676946 0.0590962709322098 -0.0705258510451219 0.0339494195213532
-0.0128986052595137 0.0327442812317051 -0.00603439032851507 -0.175226235320001
-0.0360981535836084 -0.0226865367967577 0.280360678510715 -0.0908621741156172
0.0169806046720631 -0.0520248955159898 0.119355506228955 0.291076396565621
0.0669360824850738 0.0075941699697406 -0.209287820079979 0.16614076645746
0.0288748387609513 0.0727543812261093 -0.118910032323863 -0.207084857001191
-0.0203375915302913 0.0902254404263573 0.167602523368462 -0.294168878541417
-0.0199100462636523 0.0857737259026446 0.17570619160355 -0.310428039930661
0.0203109947728866 0.0836313279726265 -0.0815308804279138 -0.307609707061962
0.0554933677951381 0.0303520967650505 -0.264663093125987 -0.0800608371869357
0.0635294094709723 -0.0248944619627196 -0.033315103659252 0.191133100422071
-0.00921807623222158 -0.054873520591427 0.157511377491692 0.0176472598863255
-0.0312206121149485 0.0548440636745327 0.0184606130399933 -0.0878110518126219
0.0475116965374657 0.067021216225156 -0.0279719403900509 -0.00102611593793775
0.142056865779888 0.0635103604364557 0.152976076481997 0.24520413433783
0.0756172616278665 0.132886889832396 -0.0771493446983171 0.0533487290217371
-0.037176573528142 0.0630136913304331 0.0140785686746373 -0.169945952295045
-0.0604276047477456 -0.0480011414140369 0.297298283277418 -0.0485970776203301
0.0801200968262048 -0.0725887310172548 0.0813289586224304 0.316518377224979
0.124580024306762 0.073520381903294 -0.217579176511719 0.137470051266183
-0.000253011349530696 0.181658377428127 -0.0908991556255209 -0.184681795105393
-0.0830960615055663 0.200017180670574 0.137456175327133 -0.23672435105887
-0.0244669607081746 0.207466716977988 0.116732197586911 -0.274636528495254
0.133340114781689 0.146956697543238 -0.137531775669007 -0.26704864606921
0.177974101988834 -0.0539172354470161 -0.273421744307919 -0.0384467158613384
0.0159624099522061 -0.152738841380889 -0.0339720482996822 0.174799105312367
-0.125990551920076 -0.050872369416355 0.124696240588406 0.0482929181162865
-0.059869727253577 0.167612319477919 0.0678890614599344 -0.0636311604794064
0.0834574850307464 0.136986404421335 -0.0290967099151768 -0.0522557423449101
0.156787513635319 0.13494285610441 0.080162379121928 0.239626379519109
0.0638490422013529 0.233695111106332 -0.113959278720596 0.0699562733494445
-0.113108816186495 0.101212642331989 -0.00888898457003217 -0.158209904372226
-0.102577022104957 -0.0983142763709701 0.260877895072392 -0.020670940231127
0.153660454680176 -0.0892196306401317 0.0371024961363038 0.29285871752921
0.159060008431918 0.159144652840978 -0.190452057965905 0.108637614625419
-0.0564030211743286 0.273318732614629 -0.0717612493259847 -0.120661579924998
-0.132119311982678 0.281613797976241 0.0904685416855209 -0.143316468836618
0.0127112600526079 0.291811431293477 0.0820910244828572 -0.189576439280756
0.251089631696488 0.10774055100334 -0.129521838930387 -0.208709218177288
0.15996475140416 -0.223524415492998 -0.25975558216347 -0.0197434440937174
-0.188005296616382 -0.174757433424287 -0.0434418071168665 0.190537195653992
-0.208263029878894 0.103404709019047 0.150046975587738 0.0893988909249998
0.00254220491511057 0.285467440623735 0.126788986877758 -0.0854010475143971
0.143498750004232 0.167843219140972 -0.0543776457090943 -0.127547396762397
0.12165659573662 0.206788351791915 0.00383840222721243 0.19189161326455
-0.0274544077291856 0.30073919612341 -0.16161204757003 0.0370309333270914
-0.236861935739465 0.0657575384189412 -0.0534484249426676 -0.186950617508865
-0.104366653712148 -0.203315578127781 0.206053367942676 -0.0696528496223623
0.248509295768293 -0.0735627928195425 0.0534593705094613 0.211992023228275
0.155919363911239 0.249176395353001 -0.115351178811737 0.114970292198962
-0.118952706953269 0.323908347037065 -0.0803916278299519 -0.0179923566687236
-0.16031908908144 0.322831504634094 0.0282653113582694 -0.0304229162297287
0.0539825657415039 0.318608699524734 0.0901313936417846 -0.0866127101838502
0.278721899981226 0.0317941165552224 -0.046362942000091 -0.198089010817237
0.0388015725511648 -0.256040545084348 -0.235481663214284 -0.0801072945479756
-0.277216877640884 -0.0240048206103554 -0.0625599388003148 0.169348353617984
-0.121103417551302 0.237660329591055 0.169189491160148 0.0661910285401362
0.108360881659042 0.294454439333045 0.128098031608197 -0.143257952317829
0.187051299053288 0.148137474442122 -0.11637493110592 -0.195333415162005
0.0513803584946451 0.231428129716385 -0.0391439408866025 0.11064424956997
-0.142241851208095 0.249663990262091 -0.148168829230386 -0.0160787374926703
-0.258785278381888 -0.0748858037238298 -0.0429086616944518 -0.205030181962819
0.0207445312205601 -0.257592729806277 0.193709916441482 -0.10842807383398
0.303370393902585 0.0172237432129373 0.124070935909219 0.171423412763706
0.10542335153461 0.292851032924084 -0.0471604877983721 0.181513491580947
-0.159913324364668 0.309929240586171 -0.12492355908274 0.0983528816080308
-0.165754600914764 0.310681484449877 -0.038865267009616 0.0884498966536627
0.0654517651712077 0.288074672315374 0.126340217417328 0.00871268269427318
0.226591131344807 0.00879489021021871 0.0389339755653087 -0.238470722063262
0.00449634544308092 -0.162180668783794 -0.262560510856073 -0.179801558643512
-0.176508559694175 0.0617638552051065 -0.146381184061536 0.145939075381526
-0.00801642503102523 0.194095626671992 0.121503332618632 0.0576206407675511
0.138103926586774 0.197960878596058 0.0811130716630089 -0.152828227151261
0.183086810581764 0.0992557769347144 -0.192004942134902 -0.228031573136417
-0.0119260635499514 0.191999409192604 -0.0361366196435921 0.0286880181440967
-0.17252759820914 0.125042204286036 -0.0795986687696962 -0.00744273255355862
-0.12820508048307 -0.147535985763681 -0.0513889076041823 -0.139371138777371
0.126587088825664 -0.142825603139537 0.140500348217379 -0.120325752930266
0.227580538192348 0.109068031534281 0.161127945054367 0.161610440956146
0.0409021884284613 0.249760797712221 -0.0276347020744597 0.25224691797829
-0.152426245171985 0.241675881210607 -0.185316401307267 0.196597219814569
-0.14665299679942 0.252681923537327 -0.10057660052499 0.194015985850213
0.0472532881193448 0.22922232692016 0.156776373322786 0.0846479228301414
0.158889127650364 0.0292417301396118 0.0913538065322119 -0.256698855797084
0.0422180255221199 -0.0746634896594814 -0.282258805372016 -0.22674969340225
-0.0692270062356714 0.0361018325756275 -0.21815211854237 0.158812065496954
0.0135297117897253 0.0848500637450828 0.0785135987616905 0.0983971368968696
0.0838321565615175 0.093867840538227 0.0543518717435107 -0.108331781497146
0.130616648877714 0.053782682476825 -0.245569830354896 -0.226235989546344
-0.0397504563780315 0.118551156114731 -0.00717423413387594 -0.0197279956822209
-0.120074775986057 0.0362532383172681 -0.0276469585918627 0.0527432034509721
-0.0305386028348997 -0.0962236066600297 -0.11803692367803 -0.0790198260756229
0.0883094217943951 -0.0286859755349322 0.0869782463062596 -0.170144015304185
0.106718035702281 0.0920373790747347 0.191874941530864 0.141121829065384
0.0098179648676891 0.144534744831958 -0.0179230821292951 0.291724692510513
-0.100409837206254 0.145806341150449 -0.225679466290753 0.263886279175376
-0.102465239519417 0.15683714036966 -0.151309228117459 0.267682745945212
0.0141919346144058 0.151853295352353 0.16103798406741 0.144230970002981
0.0889763066518236 0.0449184925644229 0.13454865499937 -0.22791212487093
0.0613034384673127 -0.0191908982173712 -0.241736581009639 -0.244920275494441
-0.014604492544987 0.00745355516120162 -0.244934103057619 0.153880390548874
-0.000782237681003824 0.0189908305865176 0.0600297488956134 0.134980257780006
0.0140060834935503 0.0292479029633051 0.0593877623326424 -0.0618326263998335
0.0553330403655509 0.0330686730357881 -0.263345814665756 -0.215938049029635
0.0265499085538696 -0.00516618867119453 0.227389087184095 0.220859142714509
0.0222061536783099 0.0104848991239784 -0.069038722909221 0.0396441671027841
-0.000572656721085367 0.0160408442289791 -0.0372082925764526 -0.161451924173284
-0.0174880297499595 -0.00205752635180162 0.249437248630101 -0.124239425278275
-0.0374723907414111 -0.0235059016949975 0.164996024867897 0.266554815187896
-0.00347670849800979 -0.0393799954333475 -0.180673431210812 0.200546827651741
0.0313827983848586 -0.0376829503322815 -0.146290189951878 -0.187715777758044
0.0459202166370397 -0.0315915523870562 0.171917893757742 -0.303668745755316
0.030075271202412 -0.0409282676289894 0.22293700903127 -0.298214207993821
-0.0173247203733891 -0.0309634974619011 -0.0205557651689148 -0.305615577970718
-0.0502784809704289 -0.00902456527916924 -0.236661347400253 -0.120497179211715
-0.00538896839509561 0.0258999651890403 -0.0647040387152086 0.191849365048185
0.0241631244982927 0.0191836994432328 0.166572202347631 0.0353488104746457
0.0368663819145915 -0.000557243969559447 0.00888243980006535 -0.0930650293172521
0.0378220206964715 -0.0210743058294604 -0.020532353545042 0.0199417182360969
0.0914933984828147 0.016731435993669 0.201360684821927 0.228801136946869
0.0499417741768767 0.0565731046735453 -0.0698386809531415 0.0346152434567748
-0.0123287386421158 0.0323357973898615 -0.00762124719709174 -0.173689147372244
-0.0350705144838542 -0.022489088216149 0.275522595967197 -0.0915721602364754
0.0161690786835684 -0.0515120429391735 0.120681824581446 0.28751400530146
0.0654157809754496 0.00715461225916493 -0.204617887494247 0.163673423136643
0.028823934279033 0.0707185471550127 -0.117397483382113 -0.201008357230771
-0.0207183507667248 0.0876294424468293 0.166427207224876 -0.288761059660666
-0.0195401083879924 0.0839007358883421 0.176711192955419 -0.305463906150984
0.0206500137862957 0.0824496261751945 -0.0794557651939956 -0.302719260121985
0.0539040960621762 0.0306449273590244 -0.261941608383095 -0.0783776651480128
0.0631491232545366 -0.0246628157810894 -0.033191955520011 0.188521544548675
-0.00861940513246002 -0.0548096955821579 0.153804995056072 0.0162560370403001
-0.0299543769045663 0.0555639498987513 0.0177303256722577 -0.086501178927064
0.0479434500666246 0.065612398873208 -0.028161963051168 0.000473033873267401
0.140316362964206 0.0600829152325851 0.153125595590299 0.24007149219813
0.0753798550614759 0.128449615479359 -0.0772231700157062 0.0519980415109185
-0.0349872596570073 0.0609042462838218 0.0130104980159558 -0.168726925157875
-0.0588820858481354 -0.0468399499012589 0.293992505968226 -0.0490488583595646
0.0780072545303858 -0.0717640605075776 0.0828444525767208 0.311378596187726
0.122283443722157 0.0717362690575792 -0.21305836849758 0.135156998840001
-5.34322031121876E-05 0.177908812634374 -0.0897099866125625 -0.18094210650956
-0.081671113122808 0.196752685604444 0.135929888422213 -0.233025832099792
-0.0251407695803935 0.204033850940309 0.116983809334068 -0.269806974757443
0.131892808545208 0.144638259394448 -0.135504204795286 -0.263968692884566
0.175961411479641 -0.0548125508492402 -0.271497187551404 -0.0371117190542867
0.016057503764524 -0.151849843965912 -0.0327800498032983 0.172968084260253
-0.125336628638255 -0.0507619819481206 0.122374118073262 0.0472185462023665
-0.0581095522718286 0.16662296742433 0.0660413441876151 -0.0633668393892517
0.0831937067142098 0.134915577299779 -0.0295959797525516 -0.05033837641962
0.155240844557644 0.131698871113361 0.0809054859784938 0.235423549197806
0.0637752522865356 0.22901208187461 -0.112399854015735 0.0683274629967272
-0.110357808871572 0.0990818407429282 -0.00933111812601629 -0.156749375705472
-0.100628874301667 -0.0953871533526586 0.258182807849257 -0.0216646648316574
0.151220537370478 -0.0884058894960318 0.0398292129701437 0.29153739534018
0.155224305933961 0.155842232623442 -0.186688518649834 0.108664500605181
-0.0549851152305585 0.267932991354576 -0.0712916055020344 -0.116658846091701
-0.129768274354585 0.276086480890368 0.0897129816059522 -0.140447759206661
0.0113125726642483 0.2866668668401 0.0826923902283501 -0.187356929556889
0.248281557142454 0.106790121845683 -0.127471287196626 -0.205716099265753
0.156583450201986 -0.221213278171655 -0.257549228200613 -0.0185468243189359
-0.185018471054022 -0.17283599927294 -0.0425478297906814 0.188322746066909
-0.204411750728849 0.102908761815217 0.147389988801256 0.087226237072715
0.00442094974633243 0.282062983944639 0.124953974236227 -0.0857551264336534
0.142509044132301 0.164501076955285 -0.0551455055304332 -0.12372192159776
0.122024174572943 0.202333305262715 0.00686339225689543 0.189030511224766
-0.0254382779999996 0.295316611978912 -0.158352844160543 0.0369064867931794
-0.232231487668216 0.0654113294921412 -0.0537863950621301 -0.184993577662923
-0.102959565804889 -0.199255437658634 0.204245461669307 -0.0683309862246576
0.243770045199882 -0.0724041957078785 0.0540542148969806 0.211292628296433
0.152570141249836 0.245454949290058 -0.113290269719187 0.113712787243459
-0.117966596826948 0.316328828897928 -0.0800812677091335 -0.0163153050233631
-0.157557053577543 0.315826422202063 0.0285655530286486 -0.0301012720926552
0.0510453158294733 0.31213172134396 0.0902642226393572 -0.0865461140256576
0.273282446924265 0.0306708954479846 -0.0454431615226551 -0.196570517209864
0.0373456209180116 -0.251805208995353 -0.233673934182093 -0.0801031888042909
-0.271890744773578 -0.0218566574194074 -0.0616499548679555 0.167626493822091
-0.117459540559136 0.233228509600814 0.167015568894263 0.0640632474377
0.107793269024692 0.289352642698157 0.125125573375509 -0.141380249534934
0.184344637104046 0.145769359129264 -0.11715960148507 -0.191060391060427
0.0530562975822225 0.227590029404844 -0.0380641774659912 0.108421422989619
-0.138881036089524 0.247349245890077 -0.145229040696645 -0.0150043422754575
-0.255245176981932 -0.072894850381742 -0.043667052483789 -0.203002410113858
0.0202016308812691 -0.253967465945292 0.189983564823199 -0.108123429529492
0.29851538108977 0.0165401187077007 0.123181991127688 0.169393834807245
0.103258715993959 0.288153360633407 -0.0470199376473698 0.177931010079039
-0.159089069516703 0.30384296049197 -0.124210013987432 0.0978311695886492
-0.163707806191604 0.306250545901977 -0.0380841735329753 0.0863118371170736
0.0634758507067679 0.282745231015438 0.124993204058828 0.00607671899690757
0.22222830787115 0.00752232712707251 0.0375898973323524 -0.235659582354796
0.00341980167628239 -0.15841843070496 -0.261387752065893 -0.176098353409541
-0.172321955260016 0.0619771479944398 -0.144653747519535 0.146277627694434
-0.00705504628530155 0.189888076056849 0.120029090205684 0.0572265973970705
0.13683698433247 0.193643529262785 0.0793175127963988 -0.150358216299527
0.178271129366021 0.0960962641430225 -0.191184687297608 -0.222758037068542
-0.00982796479201824 0.190306683953649 -0.0353201983152218 0.0282753224342623
-0.169343100462374 0.123239597767358 -0.076524801793425 -0.00723138675490635
-0.126712354534536 -0.145249649082884 -0.0509714176801657 -0.136945012312903
0.124535732083587 -0.142456854958642 0.137364547523971 -0.118147177211489
0.225619298825494 0.107446739494381 0.160161120811037 0.159474709926221
0.0393803192134975 0.246397312740241 -0.0288306986470165 0.248454726894065
-0.150911688286542 0.237401377965213 -0.183155516742734 0.194446699023183
-0.144173443284876 0.24817560271998 -0.100409760914594 0.190761813551207
0.0454101658742603 0.224370861511656 0.153230232918891 0.0807729322155388
0.154981640074938 0.0298648556512009 0.0903108649485388 -0.25307290180069
0.0421724928148104 -0.0736754177622608 -0.279515738825152 -0.222263248039036
-0.0668801291703719 0.0356957444035938 -0.215709577832586 0.159567887153433
0.0126533040031093 0.0825458773964221 0.0784907227249756 0.0984913445891901
0.0817648737069605 0.0911116398560769 0.05471212635558 -0.107053190011157
0.126766856681968 0.0525913967038666 -0.243375737842976 -0.219709211268359
-0.0373578892935327 0.116991415995051 -0.00688667862820122 -0.0201132123129773
-0.118743768052111 0.0356314572709217 -0.0256746321826843 0.0507177588858412
-0.0298074854208216 -0.0956590709046763 -0.117386910199069 -0.0770269543005871
0.0871603066922684 -0.028815406304084 0.0851642512318795 -0.168316124363613
0.105178660225839 0.0906269729004548 0.18986573497185 0.13851412219761
0.00924251031402794 0.142571292325329 -0.0178338405843427 0.286664524603362
-0.0980346310627377 0.143316082195668 -0.223440344314502 0.261757247321812
-0.10183731026172 0.153852541947091 -0.148936504053967 0.263646007850895
0.0127588202634109 0.147874825407365 0.157822730838328 0.139110246801711
0.0885743749996099 0.0455031091236591 0.132559676208915 -0.224977136888072
0.0613682961813587 -0.0189882410234892 -0.239708344055345 -0.241222136634197
-0.014357310109772 0.00600433227952638 -0.240548744836382 0.153137086166321
-0.00102115102066079 0.0182212569425309 0.0602291195163694 0.132464168311001
0.0126207248231078 0.0290482987533531 0.0595543271722751 -0.060671568422278
0.0531871812192369 0.0320769289856435 -0.259580974029446 -0.210658211403376
0.0274599995966522 -0.00550515321229465 0.226320534828375 0.221720724537364
0.0217280909570668 0.0101865927337017 -0.07000052092348 0.0401627996079747
-6.76744385321405E-05 0.0160412591814746 -0.0360855496540684 -0.162349177894317
-0.0181956832849159 -0.00249662178558868 0.251263891425852 -0.122067049632033
-0.0377672852233901 -0.0243397206051412 0.165131769112221 0.268671217843398
-0.00251584763831319 -0.0395721355563633 -0.182152723204297 0.199298756731
0.0320108607050344 -0.0379478295096331 -0.145019505447396 -0.188319792701009
0.0450312512702977 -0.0314904958309161 0.175524332766221 -0.302370960566393
0.0301279397323874 -0.0399587859114419 0.227511938112431 -0.295847959627593
-0.0165929964940611 -0.0311812255243358 -0.0168917597438309 -0.306273330095407
-0.0504913492330601 -0.00924527303012646 -0.235838412624878 -0.122155059027604
-0.0047190745661297 0.0253071333731747 -0.06617548196125 0.190218525803566
0.0244038619153694 0.0185147758896995 0.165392830016086 0.0355321584640402
0.0365122185310436 0.0010381320289049 0.00834865744122571 -0.093864296215415
0.0370784836971479 -0.0202899736999909 -0.0212718981416005 0.0196729642993236
0.0907718185012133 0.0166914824372684 0.200553892835795 0.228389416397008
0.049360714432708 0.0572097333848165 -0.0715336918767663 0.0336560693355019
-0.0117780653118754 0.0312804089443059 -0.00550508826722057 -0.174806892234748
-0.0358906707960484 -0.0230733448490014 0.276478775560335 -0.0901940679671041
0.0166234448254447 -0.0510519786660384 0.119946578193746 0.287934496056439
0.0660779671173595 0.00764578835549905 -0.206308247074163 0.161100140910527
0.0275612733362473 0.07064873345647 -0.115698670257745 -0.201598450133785
-0.0221815130746312 0.0868323699098781 0.170437072255533 -0.28759664546851
-0.0215618463891607 0.0831966205755068 0.182399494707979 -0.303948040465354
0.0207686176621582 0.0834146032076747 -0.0772666429069582 -0.303460547779655
0.0532067301819408 0.0311634258046783 -0.262387511940505 -0.0807893239391144
0.0630899891024835 -0.0251190919593187 -0.0345423273937403 0.188015927480758
-0.00875190859096432 -0.0553736052765844 0.152246703152955 0.017092150987708
-0.0301291356219475 0.0572603108058763 0.0170814852502712 -0.0872395266132101
0.0483553770050461 0.0655503422709393 -0.0282222190985935 0.0017318600858347
0.140230244860729 0.0610705465852375 0.152229409849182 0.241119608826862
0.074415528384958 0.128475101962097 -0.0782139814414273 0.0515500715107035
-0.0347377156149083 0.0590808742051699 0.0144195003520602 -0.171248387537074
-0.0580420621737742 -0.0471381956524283 0.294668401934489 -0.0464934724029496
0.0788769246053188 -0.0708914479225464 0.0822579319542453 0.313416237271804
0.120855708876375 0.0729302226283789 -0.213879970818843 0.134719483063353
-0.00250117259372603 0.176463954846044 -0.0888646157527274 -0.178352286160459
-0.0845402684804761 0.19416380055861 0.139884948689345 -0.231259839404206
-0.0276968251853517 0.203239894336875 0.122148425800711 -0.269392432649439
0.131104978378855 0.145786152641831 -0.13321766748193 -0.265680339889928
0.176633270289612 -0.0534171847922032 -0.271555193990188 -0.0377673120380846
0.0171613499182594 -0.152443368074867 -0.0342015153729254 0.173113396897159
-0.125434360228325 -0.0515604524082978 0.121506242458486 0.0484627556916459
-0.0586254582376556 0.167042759691233 0.0662308025304769 -0.0631261058292225
0.0839035490359443 0.136147594751792 -0.0297713604486568 -0.0493421536460358
0.155164309091801 0.131194823780037 0.0807613525350651 0.235981860864584
0.0631508363239898 0.22740719379018 -0.112983560922997 0.0675242107905724
-0.109970713848476 0.0964010851644766 -0.00877136531114768 -0.158024035646555
-0.0991867800938576 -0.0957779274470306 0.259271346238271 -0.0205579085269617
0.151239500889419 -0.0865670334050234 0.040383037184585 0.293405069836324
0.153262280582215 0.157202710992512 -0.18771789621418 0.108547077186096
-0.0588179125895468 0.266373043696838 -0.0712128909842757 -0.115182561297902
-0.132914845501297 0.274442527680286 0.0923122568428395 -0.140290046357484
0.00894233369258048 0.287280468498827 0.0855904351265435 -0.188217278478582
0.246889475380369 0.108908872513933 -0.125344863901723 -0.207628246752853
0.158860973300124 -0.221531240171971 -0.258664065376156 -0.0195741388226657
-0.185626503169225 -0.174672550869701 -0.0437168284893017 0.188746616361549
-0.205745709043023 0.101455321079254 0.147293816947875 0.0890127991493656
0.00399952663052935 0.282530786701689 0.124942349754218 -0.0848119236587916
0.141336705843932 0.165675463562175 -0.0548939981546797 -0.124417981716036
0.121818992481281 0.202999894277129 0.006309716985514 0.189593611227156
-0.0271751301090437 0.29413514172183 -0.158312917594707 0.0369282111500715
-0.231963652948225 0.0633378720373268 -0.0531278122938875 -0.186127518606703
-0.10115547447398 -0.199834615520338 0.204155650883013 -0.0675532564486323
0.244856833782113 -0.0701257314931545 0.0542290155032771 0.214149819465241
0.149236299844955 0.245579966286989 -0.115806356365949 0.113930982213369
-0.122873820479007 0.314206107097212 -0.0812615651459895 -0.0152796518785687
-0.161243941791835 0.312964891714873 0.0291699238716885 -0.0296609668491323
0.0475773961225564 0.312253628739673 0.0920950721967793 -0.0874724630540924
0.2724149120723 0.0339293544844131 -0.043983233103975 -0.197476233380243
0.0392392976766813 -0.251156926102684 -0.236180072134435 -0.0813656531952489
-0.272863260404667 -0.0247898012536385 -0.061980511556879 0.16910419879491
-0.118637657054385 0.232246318987273 0.166126732601856 0.0656791465327061
0.106764410864237 0.28924228581932 0.125380745609218 -0.140282399646898
0.183898312367249 0.146867711162856 -0.117325168457953 -0.191490730214899
0.0527571188016118 0.22775820327486 -0.0377392814770448 0.108842495070093
-0.140480663366301 0.24571205584964 -0.145129717396949 -0.0155896938077466
-0.255152008157861 -0.0742950665914188 -0.0428632084297643 -0.202018400750715
0.022362343450875 -0.254885501062732 0.190586510226814 -0.106337904961955
0.298494744511109 0.0192433355484713 0.122588968673472 0.171931611871484
0.0991208374110231 0.289541449746966 -0.0508472651856443 0.177746652303424
-0.163158074055217 0.299951635710701 -0.125582980256164 0.0972385765534497
-0.167441262955411 0.304216275886649 -0.0393289986304493 0.0858374466809399
0.0591860954618275 0.283452357590047 0.12529394113653 0.00514953872240337
0.221350940536441 0.0104493114023539 0.0391418644307341 -0.236459751230021
0.00599626929893844 -0.157505024239009 -0.262123200302838 -0.177869757182999
-0.171605574099756 0.0604737503162144 -0.14690085967098 0.146805970405563
-0.00770147953081673 0.189424516608485 0.120754725076172 0.0593145257345341
0.135348105185402 0.193076313505416 0.080187405136833 -0.150746274062498
0.177609697250507 0.097153336377607 -0.190694883406304 -0.221914336180319
-0.00916511051714921 0.190095639114742 -0.0355114530674441 0.0283884929626287
-0.171110980232641 0.122144694965197 -0.0752916519023437 -0.00755130729475765
-0.125425556285555 -0.146700825002862 -0.0505953355299646 -0.137232303893121
0.127302449288852 -0.142165059271673 0.138022228333659 -0.116671155254021
0.226066118230252 0.109580859853159 0.159398640341233 0.159857856569174
0.0356322703552812 0.247451697657552 -0.0322412380169314 0.248122503928116
-0.154266599475799 0.235390208608029 -0.185844794804084 0.194244062323279
-0.147282276915974 0.246532951061638 -0.102733174980941 0.189138566872453
0.042094670286954 0.224514955829803 0.152680287091436 0.08021666846869
0.154167174490512 0.0317350151426579 0.0916126798740286 -0.254138921684077
0.0441788055161192 -0.0733080358201828 -0.280893682044006 -0.224423467831247
-0.0662191844039864 0.0341378983426142 -0.217020406131622 0.160115363041364
0.0118663579670461 0.081862674477334 0.0782862992884781 0.0992435671507169
0.080634362410619 0.0902045031292031 0.0563177795966361 -0.107121636649142
0.125444385488551 0.0528968913494265 -0.242580080226151 -0.220702781348537
-0.037725872286369 0.116709186261659 -0.00690753328818552 -0.0194058289598887
-0.11919557381724 0.03469281343639 -0.0247128273233744 0.0507243574883928
-0.0295622880406494 -0.09720035153792 -0.115755081678482 -0.0770218446372283
0.0878174724754201 -0.029158512848168 0.0861465393803612 -0.167746290394993
0.104831232212794 0.0924260395175335 0.189998180989949 0.140941727481794
0.00698703267131068 0.143232750672904 -0.022032186899776 0.287536517089464
-0.100333825236433 0.141999602431545 -0.227675192754171 0.260759224850869
-0.103597482830514 0.152800364764346 -0.15320137923104 0.263647361535827
0.0110710045901385 0.147464123255728 0.157109355827776 0.138818150268508
0.0868552592080514 0.046939217055371 0.135745427654187 -0.224723808671561
0.0623279066630218 -0.0195193234360251 -0.238875620938364 -0.243069903719659
-0.0142116003688803 0.00508062844761408 -0.242134989253537 0.153711378567769
-0.00141725336656156 0.0181140080731971 0.0586832722961413 0.134434673364463
0.0120605775785473 0.0284696975964162 0.0620221215483907 -0.0604061073170699
0.0522980353688685 0.0324150593458581 -0.259271653375648 -0.211162641031155
0.0247385059821542 -0.00976930493501933 0.255477847253454 0.199339940310717
0.0234207340611226 0.00736288931671925 -0.0678824702551551 0.0487612340122854
0.00326624816165462 0.0178096344314152 -0.0545910355982317 -0.164351047182903
-0.0203656813742953 0.00236242750989086 0.241442750380319 -0.151814201680588
-0.0425452951199747 -0.0207916207058204 0.19454186498083 0.256814517300251
-0.00727617167049459 -0.0424846473634579 -0.162791809012358 0.220551523726931
0.0306385617581912 -0.042233099185112 -0.16532281416388 -0.173497955743603
0.040789240512355 -0.0359630502990785 0.149220374220209 -0.322868540747377
0.0253624243219 -0.0428512656136862 0.205103107475292 -0.324200720537971
-0.0199908316460468 -0.0278496603780337 -0.0455421060249075 -0.309062302821519
-0.0525250058248846 -0.00241601390320257 -0.250342565775323 -0.101941087894787
-0.00198666777920544 0.0247304169819569 -0.0488284879350973 0.19897179394314
0.0255325930408032 0.0171444439430801 0.171267450789507 0.0192685089071264
0.0386701895662636 -0.00161097294280553 -0.00170209923537416 -0.0967425886407772
0.0346520737048985 -0.0251699005825704 -0.018810154755919 0.0228814679972635
0.091457610339173 0.00494654386661534 0.231194035937407 0.211450346226143
0.0567436624816695 0.051861353442272 -0.0700105277529621 0.0435497847827189
-0.00733088381256956 0.0339733606343834 -0.0250342612074064 -0.179169464506128
-0.0402676008804385 -0.0173982922228474 0.27115730796539 -0.121259981829634
0.0102796013953214 -0.0550556313488797 0.150446479797626 0.281118133357052
0.0679156727971265 -0.00154534775319465 -0.190756203950969 0.184845663230445
0.0368632379558508 0.0679845922423725 -0.137030749858562 -0.190324316087791
-0.0155255141478745 0.0913119751507736 0.146604739568325 -0.307587923901469
-0.0147827886039476 0.0877789432446124 0.158012533371065 -0.325887302214423
0.0303437531252635 0.0835931696873805 -0.104327277466594 -0.299417332691627
0.0576752719163367 0.0269259993996778 -0.271303426614865 -0.0564241034106872
0.062013653414624 -0.0335508808758154 -0.0161783796475279 0.192689791065315
-0.0156538108166473 -0.0541720088801703 0.154886105594302 0.00113106067969632
-0.0222435944626188 0.0638647392915684 0.00632836951876412 -0.0890580282389973
0.0557175366652849 0.0609453013887027 -0.0269596220080268 0.00561051206299574
0.14777829717787 0.0426717413127549 0.182838051514112 0.22804019847497
0.0903965047804379 0.120798976473482 -0.0740300151296228 0.0624304914878814
-0.0277809504574013 0.0647140696628588 -0.00482027239048188 -0.177572523569092
-0.0658119788371402 -0.0389687980167937 0.294235504451041 -0.0806169399757055
0.0723907080235263 -0.0814625346396762 0.11572841401107 0.310359642053259
0.131307651139887 0.0590945731522798 -0.201170051163791 0.160120181040866
0.0164423235151142 0.180673402458824 -0.108295593659909 -0.170200822027163
-0.0682462947956451 0.207334191000331 0.11931331373398 -0.245797057345056
-0.00828800407918728 0.209382771330835 0.0989095235969526 -0.283522853447927
0.148890951973216 0.136231901035282 -0.157987670157414 -0.258144682092312
0.173833345292797 -0.073053963848458 -0.277922094524089 -0.0137734228123387
0.0011862238247421 -0.157678195302489 -0.0178221363827379 0.177329830577542
-0.133869140719157 -0.0390838209024813 0.125800018106736 0.0372726990197214
-0.0391595637477349 0.177755830841107 0.0596409265123673 -0.0684176492355029
0.100800232641107 0.126907804433347 -0.0327472072802261 -0.0447537265020425
0.171464581821168 0.112602592079638 0.110526969658272 0.232760952290956
0.0901461027946212 0.221816789544655 -0.108294143755811 0.0827159750337378
-0.0992785333119409 0.110843863841767 -0.0264411507065301 -0.161943095738901
-0.112583867160602 -0.083899923580513 0.262586018898719 -0.0499803097356884
0.144080664555391 -0.103804694447395 0.0711122110324815 0.295230468073955
0.172396767141205 0.142231931820921 -0.178034034126814 0.131459449987071
-0.0326097089893872 0.276991191012437 -0.0836764177138941 -0.106577854847756
-0.109226126027199 0.292317910984184 0.0796703142949319 -0.150240789710773
0.0366970036598981 0.289994363992072 0.0691860014582341 -0.196789003549489
0.262220978789293 0.0851511002117227 -0.143605874531591 -0.199447639709189
0.137747680104145 -0.239416054333575 -0.26403409399356 0.00139821198084407
-0.206059962394781 -0.159256685435317 -0.0281548035408436 0.194639840262101
-0.198779921010896 0.124204933871922 0.156234665203007 0.0777781767558853
0.0368353581444501 0.288315409833254 0.118935854059153 -0.096525836884556
0.164520505645296 0.15094076292452 -0.065036132162336 -0.116417437905749
0.145835458421939 0.190333603517301 0.0290492523826475 0.194343592023707
0.00608265545949599 0.298973536990519 -0.15852509936099 0.0572657048598975
-0.228336258942681 0.0914788132295059 -0.0740468372677884 -0.184663207519868
-0.124401685663298 -0.189855093779723 0.201858223484884 -0.0917527988500984
0.241368976787533 -0.0973758465074571 0.0794626470234696 0.214133503759028
0.177060448434082 0.234382652022574 -0.105727065657491 0.130500970940087
-0.092717348942647 0.333287173225869 -0.084004822248887 -0.00432057225963555
-0.133934054716922 0.33515636290578 0.0274539151258455 -0.0326887111119286
0.0792501797869554 0.312240188313252 0.0859602775566008 -0.0964193925750242
0.27837382447118 0.00614822914300014 -0.0600575800556434 -0.198857037221728
0.0147857502237088 -0.256706961433341 -0.249513629088574 -0.0628526693241473
-0.277125966842038 0.00312095379865359 -0.0509188112992632 0.17997969545768
-0.0968977907547132 0.246719073453996 0.175959003712752 0.0539099346621257
0.141360810646291 0.283379233899574 0.115171711422886 -0.154615407029895
0.206036015435976 0.126376642214665 -0.134135095997771 -0.179289108693671
0.0808455601735711 0.224685765816679 -0.0257994079582703 0.116134259216174
-0.115078298554704 0.264027634130955 -0.150248191421363 0.00175902783058698
-0.267823992708161 -0.0460789777404022 -0.0673496099257094 -0.203193400231583
-0.00492284700345201 -0.260501535959129 0.183362970419281 -0.130118190269973
0.307092973698438 -0.0106447495462024 0.142436502553109 0.164812883565358
0.130305526840385 0.283683291342405 -0.0337646087088934 0.187956407453992
-0.135493749827594 0.322746536066606 -0.118190586997645 0.113412495611943
-0.141073120499843 0.326386132261807 -0.0305589782469135 0.0906285734407967
0.0874688903529208 0.281253259387511 0.128039147918277 -0.00692577248847087
0.223458827813958 -0.0101371961049965 0.0191692106459644 -0.245504994649591
-0.00907618145774611 -0.157196949905598 -0.28506835122242 -0.157101086447185
-0.165619365801718 0.0776638669580614 -0.136717514682256 0.167368640340006
0.0106898282401975 0.189883582835484 0.130032193955747 0.0504979992005263
0.159036215285124 0.18217204916468 0.0698140311051451 -0.159686770021682
0.195384015063534 0.0755293509361931 -0.212481461923162 -0.20367689805689
0.0125662223657576 0.19375651906247 -0.0327212090193175 0.0344928584369306
-0.160915243508925 0.143134286957745 -0.0782230092107217 0.00130346040385583
-0.143976972155813 -0.136581135915154 -0.0672814695025727 -0.135548755958889
0.115390676047106 -0.157592474996139 0.127868846587723 -0.133459953437101
0.240708120824505 0.0904295201092463 0.178652158757245 0.149870618116678
0.0605075696924956 0.247799253707075 -0.00837229751746935 0.257104871545451
-0.134474197206961 0.253546695905854 -0.169432700894588 0.216080140888532
-0.125998963581764 0.265495738906428 -0.0855118471670177 0.201455894752677
0.0648198461958704 0.222475457326439 0.161890832754359 0.0658430087689936
0.158483626535448 0.0189262094074425 0.069754334468209 -0.26670782359228
0.0388486795259216 -0.0772401446659315 -0.306446043293639 -0.200945773070223
-0.060728487821324 0.0390451567445467 -0.204276952075562 0.186736548301368
0.0195550721874029 0.0794562896623766 0.091269839078012 0.0950337429485349
0.0921622280357554 0.084153373671022 0.0486776533713666 -0.114814594138866
0.137818429726183 0.0354768132234449 -0.265882272123765 -0.196727195735856
-0.0238760775287142 0.122632060574233 -0.00944183532622554 -0.0185276224396479
-0.119082538073417 0.0469992463044437 -0.0193111994571233 0.0545310865390387
-0.039484075881735 -0.0972959525280899 -0.126946783024689 -0.0668111164353212
0.0875629800839714 -0.0381460517802414 0.0701067940780627 -0.178101979103647
0.116906474514776 0.0840669242418861 0.207664555032303 0.126834212390766
0.0212470260272834 0.144203613605881 0.00672106928744925 0.295314925399868
-0.0893301875026405 0.151639283488959 -0.205187091749214 0.287821534666127
-0.0903747841741223 0.16540138463536 -0.128900091128269 0.281746008899909
0.0258562512497728 0.147220828786415 0.171004941478546 0.124578918292967
0.0929030212956197 0.0409747087421521 0.116995894990649 -0.241226796627056
0.0632119341188845 -0.0256663873912941 -0.264969442927464 -0.222851631133792
-0.0119211403908531 0.00396956396212217 -0.229844647197384 0.182956406121703
-0.000886044237094702 0.018705893276971 0.0741029807306732 0.131424570739185
0.0148231139509613 0.0288278667148735 0.0580143597209043 -0.0685346016657142
0.0620871091155328 0.0223620014104169 -0.282846062608153 -0.183762105232235
0.0245740212654789 -0.0111809707224795 0.267546902651656 0.199220542175438
0.0246110407932775 0.00863768740585871 -0.068285309414245 0.0523939823871731
0.00467878923405801 0.0180402452083312 -0.06091915505944 -0.169126703634633
-0.0218569231493698 0.00370777660701708 0.244782965727511 -0.161759326550584
-0.0445586795041838 -0.0200632944886375 0.206253382170264 0.258868588920085
-0.00796451981683632 -0.0435472738204473 -0.161586908614069 0.228101688619242
0.0298824597324732 -0.044654317407107 -0.172666464054741 -0.174685341642803
0.0408806592395843 -0.0366924271452487 0.148247507123938 -0.335292332455619
0.0249339952333794 -0.044098640677129 0.207348608064332 -0.339093491863507
-0.0204696747317245 -0.029738025789432 -0.0518659290672298 -0.315893709154992
-0.0534208864233648 -0.000282248228101434 -0.259366287491964 -0.100572918596618
-0.00164295933431853 0.0263630859850295 -0.0461739576444676 0.204259291634725
0.0271780256744065 0.0158708604948972 0.175173211280115 0.0160750287505502
0.0408138920845973 -0.00082202357466828 -0.00512849164086495 -0.0988868720818102
0.0355311845962744 -0.0268465434972297 -0.0189086958018169 0.0248398382707475
0.0936902855594987 0.00179186536642046 0.241607844910448 0.210027796462056
0.0587731466629213 0.0517747914676895 -0.0704061186999179 0.0463841055491281
-0.00646350288855809 0.0348426061715468 -0.0302797015849612 -0.186027522682421
-0.0417196719305114 -0.0164473298948314 0.276082867547397 -0.131833073982902
0.00922731885496792 -0.0560197368757956 0.162984846764969 0.286156889140149
0.0701859991222818 -0.00271330882125365 -0.191789090516674 0.193955217826928
0.0391515784984257 0.0697958957138418 -0.143426782967607 -0.190766829890709
-0.0152638484058505 0.0938162045003234 0.146055968107871 -0.319004032873338
-0.0142802239482841 0.089672430760421 0.158422734148829 -0.339085657040404
0.0332416284814098 0.0848778555331202 -0.113112883309281 -0.306978998579065
0.0597945193574135 0.0267413627018553 -0.280314006968474 -0.0514333366866324
0.0623661228078664 -0.0362207066692693 -0.0118982737375739 0.198133652924245
-0.0175578536670525 -0.0563160568054659 0.157999395766406 -0.00235023863487597
-0.0207115143987909 0.0667433234783848 0.00450627731961181 -0.0913157119016792
0.0592817033678457 0.0610285716500524 -0.0276450561157995 0.00729351160764233
0.150865032020153 0.0396262170171276 0.194206588681896 0.229552746857777
0.0956036903952709 0.12058478362805 -0.0753230414465475 0.0655910964437813
-0.0257926496512816 0.0652991412005323 -0.00939634703637704 -0.184239209492869
-0.0669175288286461 -0.0385254133757994 0.300943803796038 -0.0900488301929835
0.0722997312723593 -0.0841452083075947 0.127633467448559 0.31582535462056
0.134656928066239 0.0583689176356881 -0.203855482346361 0.168764631542207
0.0194650628851025 0.184343228426098 -0.113802281380538 -0.170184064156697
-0.0666601277668563 0.213608235205539 0.119526924089403 -0.254142978377274
-0.00579528215195937 0.214598433156047 0.0991282805375164 -0.292610529373921
0.155782988434599 0.135990017774939 -0.166513155167129 -0.260781052914074
0.17604170918106 -0.0788496297308969 -0.286660901920565 -0.00811638370262878
-0.00320236646893571 -0.16342398064483 -0.0145427483013691 0.183484012176557
-0.138727725911475 -0.0368963019739435 0.129174215673484 0.0359312152416022
-0.0352488504917487 0.185133401444482 0.0588831747517476 -0.071940170711804
0.10669645468368 0.128810938749822 -0.0352792178491826 -0.0444087523572872
0.179136054196863 0.110369274567235 0.119200836795748 0.235912323620787
0.0983576817745461 0.22350228853809 -0.109194627601148 0.0878424171041659
-0.0984150955760946 0.114627229820126 -0.0312977744750347 -0.167403047863093
-0.116283454391901 -0.0827952499174376 0.269428942983609 -0.0570185442467323
0.145606155423905 -0.108985225001572 0.0817010995544555 0.302765456912188
0.178915879809236 0.141799902708799 -0.1799780114945 0.140314255959922
-0.0296107770576485 0.284252437539659 -0.0886381342066321 -0.106237975979106
-0.107232341858078 0.30173571761203 0.0796259719545519 -0.155666343601408
0.0419871871077901 0.296573413833469 0.0694518240598098 -0.204955537873099
0.270894065751987 0.0818401442701332 -0.151272913354765 -0.202332847771062
0.136846834322274 -0.249440272884443 -0.272903112373009 0.00669057698540613
-0.216523957456282 -0.158920870765236 -0.0246937558864568 0.200627841029256
-0.202992848960784 0.131698207060628 0.16188815771803 0.0772169413946673
0.0458897367699897 0.295630342831439 0.119538350199422 -0.102664394196107
0.172486036659878 0.151492765956792 -0.0699496272582609 -0.117320550674423
0.15546085232592 0.19083311587236 0.0349299447353539 0.198783946199989
0.013485956845767 0.305437944005233 -0.160911879958189 0.0619029404849364
-0.23262465706988 0.0985180502998656 -0.0813780071923287 -0.189334413989023
-0.131903158296955 -0.192429802030629 0.206813954555097 -0.0978284450550699
0.24517141236627 -0.104240396751799 0.0874159485450415 0.220541730139148
0.185331117241414 0.236432778289053 -0.10684368998734 0.137047270029119
-0.0909541626543888 0.343168793970245 -0.0863278474168058 -0.00171822755045172
-0.131948855318086 0.345765384288866 0.0279832174476789 -0.0345022875968341
0.086102810682564 0.3177176483863 0.0865717268080058 -0.101995299411884
0.284803382199448 0.000691834503606364 -0.0653583354094787 -0.203695380149653
0.00926231699582833 -0.26396205392059 -0.259588032060848 -0.0592533454909816
-0.284795927147699 0.0105021470606102 -0.0501933331229983 0.186246994634538
-0.0933088253898229 0.255054260319174 0.181939700025335 0.0511777509597046
0.152037814135957 0.286749826195741 0.114936994130882 -0.161492714191386
0.213847431119981 0.124504047059419 -0.142888193694323 -0.179429348808943
0.0887765525287097 0.227288579678899 -0.0228631293832693 0.119701701906505
-0.113391444133261 0.274399405972005 -0.152451053026784 0.00532551186744527
-0.276178762954843 -0.0414574768279466 -0.0737429978673441 -0.206864805714585
-0.00919783116005379 -0.268271705196234 0.185160129754797 -0.136427027868408
0.315518926054677 -0.0172840400408592 0.151500453115121 0.167578690305286
0.138411983910015 0.289698353636275 -0.0326603950493358 0.194883405140876
-0.134585875754522 0.332174885556965 -0.119817745883228 0.119415021481574
-0.138795487503649 0.336218617837788 -0.029517076304341 0.0932187810459632
0.0942668668108479 0.286273460807001 0.130899310256116 -0.0118546486646813
0.227673916324648 -0.0142056608073815 0.014509395865757 -0.253604596433966
-0.0117070286732799 -0.16059315067351 -0.298977318493302 -0.155273773835337
-0.166555732736829 0.0830263839630452 -0.137773680049063 0.177659529097429
0.0160167315870977 0.193308343976126 0.134696201193713 0.0496972929544743
0.166607913296955 0.182118359132838 0.0684317517131982 -0.167077438670879
0.201115190587289 0.0725131319315412 -0.223957520901494 -0.202217455578443
0.0174296207218169 0.198168648292725 -0.0319131830029075 0.0360228655552901
-0.163978650182799 0.150050166536886 -0.0793313174006159 0.00306721370468874
-0.151837245020511 -0.137721287593211 -0.0719976597778687 -0.137377594456198
0.114944014960161 -0.166231564442221 0.128042551973933 -0.138279960225715
0.249857635997177 0.0862104406291586 0.187044768703991 0.150170414506904
0.0663707084167868 0.253048232462018 -0.00426932553983583 0.265648984420786
-0.134701545996967 0.262339903073459 -0.171074713597336 0.225467088113668
-0.12446994497249 0.274406493021852 -0.0846509156450061 0.208444913090671
0.0696764867049207 0.227349632486898 0.166540675535493 0.0624138683040488
0.162633151359923 0.0169743772068337 0.0668116823855598 -0.274928771306007
0.0389382758306611 -0.0798950804486435 -0.321508339838927 -0.201138510363809
-0.060553188226306 0.0405383749319213 -0.20628949532817 0.198708790208266
0.0215174512387558 0.0803395122592826 0.0962513047840761 0.0965948355468853
0.095180577591574 0.083657177065872 0.0494503297467809 -0.119113288944268
0.141539104685873 0.032834272645091 -0.278183810377956 -0.194330211604424
-0.0221704577707581 0.126388011698852 -0.00910240630056903 -0.0194309998646659
-0.121650355404245 0.0506943929148795 -0.0173769103609194 0.0559773622262519
-0.0429486315338319 -0.10038665856452 -0.132216578975768 -0.0664581864628251
0.0895359928076668 -0.0423307325331194 0.0678770225980447 -0.183666853297171
0.122201218644716 0.083599999455248 0.215926196737962 0.125964461619639
0.0240350535085877 0.146757566450876 0.0114519776911755 0.304680884613534
-0.0888399353086801 0.156465313089923 -0.204976095627071 0.300624860416854
-0.0901623096006912 0.171733661771693 -0.127627298906981 0.291826578719196
0.0290419859783061 0.150472143206667 0.176076227016535 0.123051225591365
0.0967487234323235 0.0402079379338745 0.115117900681207 -0.250398824645156
0.0642979791113611 -0.0297243156089692 -0.278381953180931 -0.223832761753548
-0.0114846714344128 0.00364760582396476 -0.231502817200679 0.19378718742092
-0.000117156160968096 0.0181605678876793 0.0791730178838944 0.134986547015077
0.0159064401827012 0.0294303044280284 0.059804848216377 -0.0721640078259965
0.0630492300614785 0.021479567943391 -0.294964470439709 -0.180730139988233
0.0243641276024323 -0.012236816072707 0.280182359914777 0.189628011289459
0.025069812000023 0.00827772431282634 -0.0671351762669074 0.0544349315828242
0.00524449743615238 0.0182091811335434 -0.0690369357674327 -0.170349904323346
-0.0227589977002272 0.00536899219588133 0.242143095599096 -0.173590645869473
-0.0472303308683846 -0.0183988155921879 0.221459886709199 0.254703098128627
-0.00887533180990046 -0.0437383977404847 -0.156526625315906 0.236971927024989
0.0290043492706187 -0.0459807784800404 -0.180044241185058 -0.169559196931575
0.0388500799200293 -0.0377339590207078 0.140140521103136 -0.346135754692629
0.0237197871172379 -0.0452494289562334 0.199980002475256 -0.351354955064475
-0.0216986839506977 -0.0287627974927769 -0.0612301127810035 -0.319067109603054
-0.055351670020401 0.00295688912299984 -0.267571480213359 -0.0941277069672093
-0.000245246965260662 0.026543662695544 -0.0402064906657959 0.208667722560245
0.0283375880906034 0.015087972312168 0.177085389907826 0.00987624595512696
0.0425231237523954 -0.00187842490433579 -0.0103495388803966 -0.0998693428551157
0.0349706546596552 -0.0287683384963979 -0.0184606466296922 0.0266808498408225
0.0938933965896439 -0.0026510041937567 0.254237710443128 0.202012840180013
0.0616472279127131 0.0503932212634304 -0.0704357452784044 0.0493822173044617
-0.00489443124251941 0.0342813939627255 -0.0387588666105884 -0.188952245312755
-0.0430234979859128 -0.014824413715064 0.275508168902679 -0.143634179441821
0.00680359220069208 -0.0583802592403797 0.176828494233249 0.283516700097428
0.0708375108619349 -0.005835395008977 -0.186631165419678 0.202392161860176
0.0403205656676492 0.0687229196963427 -0.152087119841756 -0.187891153641112
-0.0133442813238056 0.0962960095836931 0.137916880680271 -0.32916373368271
-0.011974237536277 0.0917997573804017 0.152794697942133 -0.350106164024398
0.0370509801155403 0.0845428288738179 -0.125519705517552 -0.30691666851201
0.0609716181097824 0.0265600484330274 -0.286837423772617 -0.0433831463598238
0.0624845166608331 -0.0394503714845089 -0.00461632826392141 0.201189525631045
-0.0200127938544594 -0.0577541861272542 0.159380113471344 -0.00738489681760634
-0.0180088635144293 0.0693583060686235 0.000239498059447026 -0.0924361567163576
0.0625793105030993 0.0602533517705912 -0.0278879925810634 0.00965742548327477
0.154274866752816 0.0334035629366801 0.206431009251256 0.224304564967976
0.101326637131394 0.117889126574467 -0.0736161904346554 0.0689098422763049
-0.0237477740981247 0.0660093589932542 -0.017665257328814 -0.18811189986
-0.0687398000508374 -0.0363082099150756 0.303166533282707 -0.104110953082298
0.0701293793276821 -0.0870707399922288 0.141555581613884 0.317729392408877
0.138108408856578 0.0540608220772027 -0.198838333219325 0.178506436837968
0.0240666804801275 0.185482060256801 -0.120928571725172 -0.167032128036843
-0.0619450559674498 0.218112489766844 0.113551799204819 -0.263134286027976
0.000878909046748649 0.217189564051322 0.092444994681269 -0.300624173114489
0.163045818213995 0.131898351252394 -0.177822434079574 -0.259078771938767
0.175994917354138 -0.0850286324293502 -0.291391246975418 0.00316350902145333
-0.00910516793667188 -0.165341566027826 -0.00769773078737709 0.186636612606066
-0.143849737252883 -0.0333709640215462 0.132148855002165 0.0320224385336328
-0.0278678077050558 0.18995736452087 0.0558278438721421 -0.0753819022564342
0.114021982631465 0.127123898294032 -0.0377621905053159 -0.0434225865032343
0.185270874787581 0.103253705992107 0.130791431197022 0.233507941627938
0.108850995357622 0.221735423112575 -0.107714529626792 0.0928344220463099
-0.0946572404179818 0.118528919702584 -0.0388522999400719 -0.16965351304549
-0.119552478776048 -0.0793104976608184 0.2734831531487 -0.0686693855622151
0.142562069388177 -0.116220872419812 0.0982086897116435 0.306731583375612
0.185070579934203 0.136629270213353 -0.177744907047423 0.149302487212598
-0.0209108137619414 0.288309264201262 -0.0928203608328368 -0.102521091143417
-0.0980678803609815 0.308757612242311 0.0755613037227211 -0.161067923555365
0.0515061190810635 0.296741764559517 0.0644011500961619 -0.21101149288448
0.277930804215777 0.0736098522948722 -0.159134756392822 -0.201324411765477
0.129551379102393 -0.257480428713445 -0.277136750577127 0.0185047841719211
-0.225273462309485 -0.151639341628595 -0.0180840336603191 0.20548482190736
-0.200385151240025 0.141860921608765 0.167994777034508 0.0721253029594107
0.0593159460038253 0.297547237016253 0.11675119164181 -0.109480970269307
0.181220644952865 0.147975995291051 -0.076350279383258 -0.116226982153586
0.16604753293013 0.186942588928042 0.0450019588176268 0.200103966622816
0.025002760065379 0.308851914035454 -0.160168003291114 0.0702226279642774
-0.231476413468139 0.108496122916096 -0.0905172456113629 -0.18897542055421
-0.140253291398392 -0.189383626738891 0.207743178582616 -0.107679620640653
0.244173370984847 -0.114445072241967 0.0984612265708174 0.221782227568484
0.194549341378971 0.233302960148576 -0.104307350642754 0.144097567552632
-0.081439459539263 0.349230207650573 -0.0881621750621906 0.00291554243398189
-0.122369717109694 0.355250259942632 0.0271871268672506 -0.0361417550655852
0.0966335696539004 0.317820441159138 0.0848616400994628 -0.108911312224218
0.287960674477107 -0.00995411731788263 -0.0744161342277568 -0.205437204304948
-0.00183201605357781 -0.266341689021723 -0.267860328253473 -0.049612838664523
-0.287413187535972 0.0216745616511512 -0.0436576584229783 0.192147544147533
-0.0842873195172778 0.261235528356073 0.186437050961643 0.0462742111963159
0.165868805336175 0.285182238626668 0.110257518037465 -0.168430368858832
0.221662851517212 0.118311506103463 -0.15298704600008 -0.175746487368444
0.0992160321897924 0.22754850752496 -0.0176497690443696 0.122587101096464
-0.105493486888695 0.282413049532954 -0.154307951795267 0.0114004336728355
-0.282893218149716 -0.0324030702548448 -0.0834688193384637 -0.207134039437597
-0.0196721523457838 -0.272989416470695 0.183799943035977 -0.144013937904184
0.31969256536883 -0.029248639273961 0.160368047327819 0.165409940555785
0.148798563174059 0.289040554081084 -0.0277754516874864 0.199105957319937
-0.126739306167793 0.341329568677144 -0.117909890353378 0.126593687910326
-0.128356449789034 0.346544409500633 -0.0268107505633336 0.095693801626155
0.103282725320016 0.286039432770753 0.131764479950135 -0.0186577714378769
0.229729753439728 -0.0223008666770796 0.00463578494675839 -0.258389216695198
-0.0177158602105794 -0.161269807636614 -0.312048269238857 -0.145293319084605
-0.16475868165676 0.0902522115116171 -0.132525550175829 0.187696375459179
0.0241938631094276 0.193678994580732 0.139230970913386 0.0466933303168813
0.176186308151677 0.17669897203438 0.0634691148505117 -0.17212284618512
0.205866952117179 0.0660126989899531 -0.235672674607456 -0.195493131950807
0.0260692335373175 0.200339601161555 -0.030850556251877 0.0372369542295078
-0.161579536627686 0.160102276188525 -0.0799683947141409 0.00506018221361269
-0.160475834909677 -0.135769273620795 -0.0784573743456294 -0.136882127127642
0.11059564172569 -0.173406272755286 0.125598496627408 -0.144295301194582
0.257353654063812 0.0785136470948845 0.195463862037565 0.14651882712957
0.0765362557682438 0.255174980666405 0.00313720767482202 0.271131316598599
-0.128684362422938 0.268740461764789 -0.166405767938558 0.235689920120711
-0.117188281668403 0.283477397583098 -0.0782305736650507 0.21531052251815
0.0764206908189569 0.22712526736106 0.170961032250275 0.0556437966361636
0.164788934512822 0.0118086331048161 0.0579721389437551 -0.282477843762915
0.0377322454797118 -0.0827752177767703 -0.335696564776534 -0.18979802746188
-0.0593370690796003 0.0422507134881749 -0.201403236136878 0.212003367564254
0.0245611609340093 0.0787833495784694 0.102629411681948 0.0957545673667978
0.099048716651 0.0809159863677682 0.0456727496071793 -0.123522210328971
0.143135853706244 0.0286089776273946 -0.290011181187177 -0.184304417419687
-0.0175772260169095 0.128013962493012 -0.0100410822405213 -0.0200472739457863
-0.123510511153882 0.0570246014686655 -0.0141640746413397 0.0571626569495213
-0.0489559248559423 -0.101232308689212 -0.136558087433485 -0.0613970951785869
0.0896389119207187 -0.0470874923805951 0.0623576029626686 -0.186956014983772
0.127663686014286 0.0801985177152615 0.223865416389098 0.120404291631229
0.0294076469359415 0.148496329980301 0.0211597107832589 0.30960028366271
-0.0852484443641546 0.160461293928234 -0.199262473419529 0.313489548916376
-0.0857994963803461 0.177326402281837 -0.117896112240532 0.301368742074896
0.0329929341919734 0.149999091455422 0.180719628017731 0.116306128553285
0.0996099624448951 0.0373511800773918 0.107590993995512 -0.259298790520954
0.0641870419856451 -0.0340424517768254 -0.292175890933362 -0.216194093884953
-0.0122412722736089 0.00353157755712684 -0.226403509171987 0.207182356739583
-0.000175369014311646 0.0180239513309224 0.0860514561907658 0.134672416638276
0.0164654533332203 0.0285422840682277 0.0589596771442502 -0.0757954559655773
0.0637183722985686 0.0196432006755745 -0.305264759977902 -0.170262940030453
0.0229166902446415 -0.0134923306647973 0.288286316708725 0.177342410824332
0.0249677164418806 0.00757793394338952 -0.0655098142078463 0.0558435298751264
0.00530981629914798 0.0173749580843383 -0.0758687947327743 -0.16926372943071
-0.0225769716321509 0.00668204593920321 0.235024402962765 -0.182795124870121
-0.0479833573958667 -0.0159510622715857 0.230799742123586 0.246198720255658
-0.0110141267197948 -0.0437734554744103 -0.147316721293397 0.2414052248505
0.0262193491543977 -0.0472390834637934 -0.184190473098499 -0.16216752988324
0.0374015521065008 -0.0382261582928857 0.128356761948332 -0.352532512156152
0.0223348636189448 -0.0451966366535903 0.190263831834257 -0.361416865969821
-0.0227399679138346 -0.0286438221754417 -0.069619029134584 -0.317216073600775
-0.0552038904952765 0.00625269586807783 -0.270229355132118 -0.0861043197211048
-0.00048407838624044 0.0263184483397918 -0.031998994678358 0.209609889991034
0.0285096026076585 0.0138224691470328 0.176845256686193 0.00321400396633631
0.0427969917867394 -0.003261094568383 -0.014525193604432 -0.0985791153348618
0.0331908037982654 -0.0299796210349629 -0.0175958102256793 0.0285239666259625
0.0927356104416892 -0.00610486825291667 0.262360721028449 0.191272751942922
0.0633559990652455 0.0484537949203525 -0.0684980754530945 0.0506530215953813
-0.0043505312138347 0.0341029984216912 -0.0475660260828161 -0.189502071836717
-0.0433640226670937 -0.0131442645176917 0.270030770154674 -0.154391480241613
0.00472259210951245 -0.0574672983347343 0.187323399875727 0.277164669963032
0.0698296778614969 -0.00781498862897455 -0.179108589943181 0.209685760571754
0.0420021688731413 0.0665606286095771 -0.157350417589097 -0.181007028641325
-0.0109899889477547 0.0972062186073837 0.128692481827703 -0.333578275256778
-0.00932521247861111 0.0919499091613737 0.142348060342049 -0.354528682237887
0.0388495454065784 0.0834748180587791 -0.134060756122271 -0.302408251861528
0.0605740655967806 0.0245837220420332 -0.287592154030678 -0.0327139877662417
0.0611712918734421 -0.0418087870339233 0.0018915590709565 0.200394413752669
-0.0231080626266698 -0.0575459695351094 0.15788994877384 -0.0130903790037355
-0.0144975394073383 0.0696456218695831 -0.00387135730271866 -0.0921211320679285
0.0647831119364602 0.0575587766993611 -0.0270986796678034 0.0118511143458426
0.154439234123211 0.0259593709580096 0.214512034574553 0.214834126588092
0.105517365413267 0.112785796596227 -0.0710955211145103 0.070913022981006
-0.0216583953393991 0.0655646173736418 -0.0250366726146364 -0.189864867163898
-0.0686075474454945 -0.0330536586760014 0.299107027674975 -0.114718903552649
0.0660035514345796 -0.08956326404367 0.154775353019307 0.310930518889609
0.139172286053109 0.0491620871560891 -0.192340873170262 0.185087956258515
0.0289723603396244 0.183762754324592 -0.125564199627482 -0.161660008840543
-0.0543158652553233 0.219102868893174 0.10572258997691 -0.265483413694436
0.00675078101154616 0.216071283655827 0.0840270564429679 -0.305738021034152
0.167423099988187 0.126493583250325 -0.186027582939214 -0.252617025395848
0.171744280229534 -0.0919676792962452 -0.292655506117705 0.0141830769435399
-0.0160277549804155 -0.165677748347292 -0.000684097517807323 0.186512859112452
-0.146212380034367 -0.0277185785237715 0.133377804685364 0.0276066360525649
-0.018910750076719 0.190620313267493 0.0528569947843277 -0.0782569263413376
0.118954166483637 0.122628722695372 -0.0395909609852853 -0.0403015536346644
0.188606808992322 0.0955075942370068 0.141548749442508 0.227228621481066
0.115921226739812 0.215296954969458 -0.102315746346791 0.0962506285518202
-0.0898968901459953 0.121188116163928 -0.0452625441274165 -0.170198625822951
-0.121131867179646 -0.0737684124088366 0.271207830344412 -0.0793032993906943
0.13726494376451 -0.119888281649194 0.110705129681318 0.303399866185713
0.188371137449314 0.130175543799565 -0.172178195801398 0.157495045590898
-0.0140168087937681 0.287161169225252 -0.0965958572611203 -0.0979376761094892
-0.0878642150559985 0.311133467508576 0.0712037949513573 -0.163795004945094
0.0587154823933727 0.295316727914344 0.0582044393708704 -0.214144575048212
0.278616892233777 0.0637889798512215 -0.166112763318899 -0.195872106089199
0.118597275525902 -0.26190082816326 -0.276889449082244 0.028958527401177
-0.231717633814562 -0.14302560213616 -0.00965718234590972 0.20494277727457
-0.196210168118496 0.14863365756466 0.169997470168786 0.066119361853924
0.0702711557352152 0.295112797895272 0.111686629732687 -0.113520835312549
0.186907320900581 0.140550619779289 -0.0812860526806422 -0.111938062651845
0.171613869880873 0.179366943437533 0.0529493117509033 0.197998319485304
0.0361207260449684 0.306416534374804 -0.15573131516068 0.0758800333534241
-0.227392558629931 0.116143068042035 -0.0967579022625294 -0.185007635033238
-0.14654542801615 -0.183444969414337 0.205510251187758 -0.113897941976696
0.238533340396295 -0.122297290727733 0.109478156021453 0.221381251750144
0.201293420228671 0.225777505161382 -0.100080007287598 0.149038554039176
-0.0716516358205129 0.349955209844889 -0.0873512417693925 0.00661712456237084
-0.110899022361945 0.35736026580649 0.0259957310007451 -0.0376144627629835
0.103528675627971 0.313882537239609 0.0815346436145897 -0.112302149003088
0.286339548780504 -0.0187478923050277 -0.0804712686519019 -0.203718897709374
-0.0112083843186814 -0.264489341586602 -0.271278163907642 -0.0396480679277117
-0.285427954160821 0.031850864157919 -0.0374031263659834 0.194794580950813
-0.0743298229412285 0.263389460823233 0.188933369622277 0.0395382591901688
0.177711145124773 0.275682679107666 0.104160067379738 -0.172448685923122
0.225404380917255 0.109221562215447 -0.159678027474747 -0.168444015971526
0.10828532075086 0.22193057386639 -0.0124057921950431 0.122578695820944
-0.094993084455391 0.28648623983927 -0.152492867506318 0.0175780049602053
-0.283715223323468 -0.0220700866065382 -0.0914385109185234 -0.203646459010068
-0.0300176698584278 -0.272838511713215 0.178301667752956 -0.149479225453418
0.318701872250354 -0.0397198802016734 0.167033111939145 0.160639232130486
0.157420187055898 0.282944948481042 -0.022091257465779 0.201982598032786
-0.1164148684211 0.342685609130335 -0.113074843865096 0.131879609052954
-0.118134761217849 0.348447292252054 -0.0234440320027963 0.096375363619199
0.110486689982585 0.28110108341245 0.13093826738043 -0.0245206524608639
0.226974613389026 -0.0297627251665318 -0.00384305195118073 -0.259253567944475
-0.0230223110570629 -0.15911386338465 -0.319312620807368 -0.131644741951573
-0.159892666035941 0.0953329648741771 -0.126238610700718 0.194161940625802
0.0313834783468157 0.190662311999632 0.141708385936346 0.0426909945637828
0.182002385406543 0.167295789726039 0.0573651544202638 -0.174661123667598
0.207671523112823 0.0578747365802508 -0.243251805404389 -0.184096641078324
0.0332339473784859 0.198432621299687 -0.0292682917908127 0.038110135214548
-0.156869114110746 0.166564519883532 -0.0778497764172601 0.00834376478595904
-0.166493974938957 -0.131030304943396 -0.0825070788662766 -0.132506458115356
0.104936700882709 -0.179561236407725 0.120332664927428 -0.14685670816373
0.260476784232771 0.0688593245667281 0.200490221523955 0.140008243932106
0.0834460900261582 0.250669044906899 0.0116874839605415 0.271256220059339
-0.120744455756826 0.271847779006325 -0.159191225234832 0.241723653379207
-0.108307679105162 0.285598007097034 -0.0712068777857299 0.217718773523205
0.0824340673246405 0.223842308538599 0.170612176737228 0.0483116251095322
0.164725299096086 0.00701492951573341 0.0476000838508438 -0.28353140216424
0.0353853060372167 -0.0844162416805083 -0.342766263971898 -0.176519566218099
-0.0567506216823986 0.0432354786659001 -0.19176843086026 0.221429829855414
0.0270098463456213 0.0759746740601053 0.106512911266189 0.0942395395864075
0.100297393146053 0.0758404251357371 0.0416534452575339 -0.125199216112259
0.142888503322298 0.0223993315194867 -0.296217627636332 -0.172581894966163
-0.012753510987999 0.128716322243594 -0.0106583963036212 -0.0199767061636401
-0.121248198319863 0.0621330874047097 -0.0106944621756607 0.0567481126909696
-0.0539379377805578 -0.100794964626285 -0.137826435353561 -0.0563639145430116
0.0877296008749783 -0.0506397608381437 0.0566558068164455 -0.187446766256937
0.130368127594038 0.0758642733225327 0.228473445472296 0.113193874359983
0.0342357567068782 0.147372565063531 0.0304075111654407 0.308916332494695
-0.080664667835717 0.162654647271986 -0.188712814300672 0.321003529792254
-0.0810643445742071 0.180360957692961 -0.108592120479773 0.304758857270882
0.0376179315708636 0.148044619535518 0.183287426101971 0.109513335573008
0.10092699530403 0.0336514228248848 0.0983371305872947 -0.262648899011153
0.0636537332032734 -0.0374749649601366 -0.300658873344175 -0.204116795092013
-0.0121235468212371 0.00297507545131347 -0.217545038259329 0.216302598389826
0.000649868031919326 0.0173574773846836 0.0913313600506822 0.133312135938111
0.0171053661575675 0.0276702917092605 0.0571901187626679 -0.0781526856114408
0.0640532168662424 0.0174794112428906 -0.310524926492766 -0.157279813909578
0.0185610656199612 -0.0142958029443619 0.308076949812714 0.125645032524395
0.025836988145173 0.0037658766682815 -0.0559138932790249 0.06452382293827
0.00907397118464958 0.0172941339618344 -0.101254217191147 -0.154336627870321
-0.0209901764946465 0.0121757604630294 0.201466282213695 -0.215062303017076
-0.0523960869170563 -0.00651315303739973 0.263528412940346 0.206127826985227
-0.0204959537404224 -0.0426068653580368 -0.106037374855441 0.25804221405748
0.0196929050682753 -0.0511053580896042 -0.204330944750302 -0.129953015734766
0.0312506600319204 -0.041533740354355 0.0738989814783652 -0.365751977608563
0.0129189779970834 -0.0466360012761827 0.134148784589698 -0.386703248014679
-0.0263673061069373 -0.0218326312027127 -0.115060816095675 -0.302974256588754
-0.0511957948108804 0.0169457943649851 -0.279329309446879 -0.0460556215027252
0.00391617188413511 0.0230550783244524 -0.000864286031218456 0.211754235385121
0.0274975368015729 0.00921726738936932 0.174637140716492 -0.023133418828595
0.0430011972996945 -0.00879245349550393 -0.0303815588804565 -0.0961095936680968
0.0274579958516632 -0.0352234349491425 -0.012862199731256 0.0305338031715497
0.0865671497062682 -0.0192807065894179 0.285793497362622 0.145822792832028
0.0685284885749591 0.0361314995673356 -0.0594308371914291 0.0605308678909702
0.00203456182035288 0.0336463638869329 -0.0769095167454282 -0.180484496794039
-0.0443578868898427 -0.00345649225963048 0.241725866088604 -0.192858044830186
-0.00703023754072692 -0.0566541402405747 0.226286847383676 0.244738741691648
0.0650907792168912 -0.0214872185813593 -0.141883482452364 0.231846481276731
0.0521666065636687 0.0594384721074726 -0.179459620959979 -0.1536931317744
0.00368719280568684 0.0993766918631828 0.0778334594605466 -0.348775220660489
0.00306237906308961 0.0932895401016615 0.0893427410392409 -0.374387655847337
0.0526119988364982 0.0782106395239296 -0.174315250374745 -0.279085328442193
0.0663550248352754 0.016009258779155 -0.289083060700046 0.00870331565773492
0.0522993422120221 -0.0541702810545811 0.0330283796474605 0.197051707871888
-0.035046322849428 -0.0523885861076032 0.153155757624456 -0.035872775215685
-0.0015729247264069 0.0709096706208762 -0.0183323268105212 -0.0899864608595937
0.0727007253035921 0.0462146723501211 -0.0241645214346403 0.0156612703882019
0.152343832377968 0.0014441054927692 0.244659541028062 0.175230809272485
0.121276889210583 0.0921398512064306 -0.0586639756267054 0.0801332209565939
-0.00977357552879259 0.0661145382096957 -0.055518553405695 -0.182918240729223
-0.0723321345184849 -0.0194559651341472 0.27612774268378 -0.161204119163259
0.0497054377534426 -0.0979662049942411 0.201830347939416 0.282883390216703
0.142326677129662 0.0227223664416996 -0.158434611622068 0.211511845130849
0.0569851179400279 0.177305031623769 -0.145874229120827 -0.138174697878512
-0.0203698650070405 0.22681054686584 0.0652391209791986 -0.278868530242861
0.0385643170614335 0.213440629201983 0.0391216382943139 -0.314442686447569
0.18654192280828 0.100350937766714 -0.218790702071269 -0.223301755482697
0.157673105842386 -0.116233192663572 -0.28664840497945 0.0560798238736547
-0.0426737267528358 -0.163252665389568 0.0275759003520048 0.184641846968326
-0.151357182665068 -0.00443280681691695 0.135609402086947 0.00857038018656736
0.012139096137367 0.190732150706672 0.0420105340834374 -0.083626183034779
0.136917502447219 0.101501083329795 -0.042170266017229 -0.0337304923350892
0.197515349209364 0.0624178101804058 0.174114869563201 0.200363755542055
0.149893514795169 0.190200643151338 -0.0853176637485743 0.111245263080673
-0.0677752433162811 0.131848243811693 -0.0722892274352016 -0.160396893089061
-0.129994222399699 -0.0501338011251167 0.25481093172237 -0.120873130964696
0.114138567206542 -0.139493839678826 0.156724474903705 0.282007289761659
0.203783587702551 0.0950105932821775 -0.142586557108046 0.181437751336842
0.030630953047896 0.286629395329926 -0.107093968161014 -0.0797692782934599
-0.0403469404431123 0.321441840685249 0.0467213044151951 -0.171666544430693
0.102950169188355 0.281843650455313 0.0270088498539691 -0.220959329574313
0.284966696493931 0.0205590172514101 -0.191215474785348 -0.170600796232718
0.078004271405438 -0.275486671508065 -0.271057158042607 0.0676010382786802
-0.251312809462351 -0.108407722756252 0.0195378849056224 0.205353029479731
-0.172638201377954 0.176726850464245 0.179742577689116 0.043209808292788
0.116651973292304 0.277737034055511 0.0960792795968974 -0.129105607996042
0.206919820553796 0.108223521272374 -0.0931237777113719 -0.100068907319295
0.195956166056603 0.14660220243221 0.0840033840141031 0.184963659703933
0.0845907685085845 0.292701066708513 -0.141050370463832 0.100006043013499
-0.203477218679592 0.150410755393845 -0.126148105408142 -0.16655247605007
-0.172722426537452 -0.155322697639183 0.185114232630165 -0.144959312131267
0.214739063015769 -0.159478192040811 0.143452358298906 0.202439546983887
0.231621897377836 0.188176662309182 -0.0737636709681945 0.16352390532365
-0.0170709959638452 0.357594692411706 -0.0837785284184322 0.0205984111171229
-0.0542203230675092 0.37024639312323 0.0218990964946214 -0.0414393130429191
0.150470862544876 0.291868448279046 0.0655046358811308 -0.124485169495847
0.277681785164939 -0.060545323392436 -0.109093398600808 -0.191380873862148
-0.0492836101714098 -0.257692170961511 -0.27592476605404 0.000793599178684866
-0.275699193639656 0.0745944743566683 -0.00815748653408427 0.202394480623215
-0.0357964683015087 0.268855700072232 0.196177243155238 0.0137408478590241
0.218728504038915 0.24374352126872 0.0803172509876424 -0.187210667912151
0.24151064011528 0.0712234647797907 -0.179502923679674 -0.144236947577879
0.14095786809038 0.199505146717115 0.00796331472054664 0.123667603103517
-0.0470544028175865 0.296437262774845 -0.146349330165713 0.0420636872219275
-0.282363373840496 0.0228810019383065 -0.12185492911188 -0.185744514548986
-0.0742370510287402 -0.263315715925723 0.153773941085838 -0.174064335378438
0.307591915623757 -0.0886184892907501 0.191333059558423 0.136253058365513
0.19825672616376 0.251327498791561 0.00988922230546687 0.203159861513606
-0.0629028021979825 0.356849992743146 -0.0905818373383688 0.145618713419221
-0.0629457011854745 0.362880136784108 -0.00661576579063373 0.097457709316114
0.150773677551862 0.259193559797735 0.125964618094185 -0.0452804302111341
0.217792057339115 -0.0617036820036689 -0.0430189690989139 -0.257362345376395
-0.0435420884197604 -0.150998972945304 -0.335956656730245 -0.0821373479757112
-0.138868033358369 0.115168070120799 -0.0939318183300186 0.214858288753091
0.0562592218107115 0.180247708258326 0.149375325888016 0.0226985560408799
0.204410138006832 0.136602918882843 0.0324276837058385 -0.181824345382621
0.216098756222067 0.0227669309942244 -0.265053428325982 -0.148504660734278
0.0645775044952141 0.187800425240072 -0.022409434109926 0.0434756218671742
-0.127317165101145 0.189287145422035 -0.0756589723916575 0.0199674620531857
-0.186066689752064 -0.103173788351129 -0.102185010953957 -0.11895681464489
0.0738310972809438 -0.193202508157499 0.0980818564162836 -0.162884987393022
0.267841591714159 0.0283029043239751 0.220757359765626 0.110815424605102
0.121298754656468 0.233077115795775 0.0536955034317742 0.265307702019959
-0.0776112868697968 0.285930768421837 -0.119159915192923 0.262284551571142
-0.062958356839995 0.299241457109255 -0.0355090225890054 0.223830165617993
0.114459556372854 0.206802548978499 0.175107907804225 0.0209059840791854
0.162155453146944 -0.0163154256612941 0.00438908443926918 -0.288639120438427
0.0255388814614309 -0.0870919689781867 -0.367720166081694 -0.122126283172325
-0.0465202284273046 0.0458641435103733 -0.155372051446456 0.250963721755615
0.034123516422635 0.0689496683771873 0.122013387662255 0.0786471933065165
0.109137910624878 0.058942615055135 0.0238539767044627 -0.131228527019038
0.147030751701353 -0.00245343561211145 -0.315627380078518 -0.125621381415112
0.00887365688847115 0.128016002365916 -0.013943587585693 -0.0172498366677746
-0.109746363413321 0.080623594631472 -0.00236373993263649 0.0566551339178991
-0.0691092003197262 -0.091600248421279 -0.143849986290298 -0.0345836786378393
0.0793491733807311 -0.0650153116572459 0.0291356781675878 -0.191895664703321
0.141903400783292 0.0550308061629686 0.241456648751216 0.0798884334764289
0.0546234342292687 0.139090487406611 0.0776118538606972 0.297644278849498
-0.056371314543824 0.171834858073564 -0.138257571207508 0.34290001006092
-0.0512564836893999 0.190296551647224 -0.0592918060030488 0.316538400685851
0.05831553784907 0.139194477628256 0.195820997052718 0.0804126579150477
0.104786159926974 0.0189191736286213 0.058808394799505 -0.274551626827748
0.0589563926216078 -0.0455953980791589 -0.327737319768608 -0.155884892259153
-0.00894117470367446 -0.000281738114285594 -0.180780741046991 0.248433298423958
0.00105020160720484 0.0152719167070148 0.111921163565953 0.119925478525228
0.0207134969767121 0.0247700869088406 0.0456407003282915 -0.0860098591601399
0.0698278030890245 0.00576014050179236 -0.329267794085361 -0.109091395352293
0.0170728556574421 -0.0149882957889954 0.312587034629844 0.117311039788581
0.0260019524826597 0.002502620905121 -0.0552709585542183 0.0646840793511751
0.00880455743230183 0.0162905347727726 -0.106114494788544 -0.152320945440655
-0.0206409944022986 0.013544495543742 0.196962523060761 -0.220486576797093
-0.0533294183400517 -0.00502440664462435 0.269150958862148 0.200115413089628
-0.0212235193742186 -0.0425206748489253 -0.0990686105339388 0.260298974093447
0.0169992324936581 -0.0518702301750861 -0.205802306089454 -0.125375925823413
0.030485052318398 -0.041277988393782 0.0650206505880999 -0.369169588828408
0.011780383055646 -0.0470473684057311 0.129007082674355 -0.393329009540985
-0.0278523548308694 -0.0215505218286792 -0.120001105241604 -0.301417405527095
-0.0507797976322458 0.0195133810023164 -0.281340760628368 -0.0408177367037433
0.00457240579282567 0.0222671144386891 0.00418797355436003 0.212197129964746
0.0266815925380047 0.00844386653984676 0.17478189538397 -0.0273275553355574
0.0430785573888611 -0.00970376353244866 -0.0325443755013403 -0.0949258664696534
0.0260095419282765 -0.0362099835549597 -0.0113826795337664 0.0323852861400015
0.0853089249367985 -0.0214874074645619 0.29054993383236 0.13708441812749
0.0698302763403551 0.0343634101110566 -0.0587231224361423 0.0611507294883037
0.00225698513474508 0.0330504714042023 -0.0825814833353757 -0.179160205034044
-0.0448208873220779 -0.00269192302908552 0.237022927969394 -0.199564890641249
-0.00800595061767844 -0.056081698190567 0.233539299554463 0.239270771417801
0.0648401424255963 -0.0227810534127112 -0.136925649433583 0.235503948567461
0.0521570833410745 0.0578415945596655 -0.18183519012536 -0.148373123392451
0.00468800798198584 0.0995999947964154 0.0702412239384839 -0.35206673467485
0.00358266674153092 0.0924782615343564 0.0841995656512566 -0.379530383857886
0.0535160896688722 0.0765519861740897 -0.180564393250394 -0.276692927080029
0.0666589067538146 0.0166378078658648 -0.289057749154089 0.0143380332947219
0.0506634592488918 -0.0553359283124835 0.0372570655763043 0.197017888528533
-0.0381329858433351 -0.0514710250664958 0.152989680795435 -0.0394195790591652
-7.45706740082428E-06 0.0717599231082242 -0.0206046309505506 -0.0896113031169372
0.0738194084674942 0.0443432510022206 -0.0229170852256515 0.0184496899143069
0.150839037001355 -0.00306459382357964 0.249403647175522 0.168460731862558
0.122791529674563 0.0888514590086337 -0.0567599651774141 0.0814595111210066
-0.00852632447192784 0.065475887636789 -0.0613535321407149 -0.182817967433504
-0.0723014435880232 -0.0183857236644511 0.274181685312276 -0.168297513626389
0.0459938166225111 -0.0992770306471698 0.211204181886492 0.278932650748506
0.141438140990322 0.0195247972198347 -0.152248038171662 0.216069681576697
0.0592687318260277 0.175548353720047 -0.147400258832515 -0.133827159463742
-0.016432736670092 0.227010929850763 0.0611925726255859 -0.280673893739619
0.0412936102748919 0.212044854893699 0.0365116914966589 -0.318880909347046
0.187007541347155 0.096147798280462 -0.223796793641495 -0.220342629846969
0.154569672462322 -0.119463881965163 -0.285580776796413 0.0633197813952117
-0.0480394177859778 -0.162959887158735 0.0327225357922884 0.184329243602075
-0.153728130675732 -0.000390499996446 0.136667673360154 0.00563881103985843
0.017390895139315 0.190470206470016 0.0397049686152682 -0.0847741170340257
0.139617630095108 0.0986547779099667 -0.0432447033995546 -0.032233376502017
0.199016784965704 0.0571915713199696 0.180144889754858 0.196915004161554
0.152407556642828 0.185158559282543 -0.0829285146190689 0.112958529948346
-0.0651835032012752 0.131800162490229 -0.0769340479352686 -0.159280523856731
-0.130091197027538 -0.048441689307253 0.254648343789732 -0.128167174539804
0.110738013608003 -0.141272906268113 0.167640956335104 0.280349876939955
0.204916691863519 0.0912084522353855 -0.137660285391304 0.186821273523374
0.0347855058332761 0.285976437108046 -0.108575627616337 -0.0763869331413064
-0.0345782014882471 0.321367551782711 0.0444745286067458 -0.172819646878657
0.107250837885324 0.279435619333005 0.0251079123800148 -0.222411724918996
0.284975740770719 0.0145125898439931 -0.193840577851482 -0.168736784795022
0.0714543823587383 -0.278062796054608 -0.270191033063473 0.0749754611816868
-0.255032338604956 -0.101804317020483 0.0258473869026013 0.206242560461516
-0.171308824898663 0.181661353057052 0.1818051869622 0.0387255022236041
0.124498835343235 0.274260386852926 0.0934788161044749 -0.131342421330605
0.210604060429182 0.102834735508648 -0.0963121573644046 -0.0965881980627298
0.198790469799642 0.140433251099093 0.0892596033390022 0.184014545442149
0.0920414496237004 0.289765389109183 -0.137271795316962 0.103960615171155
-0.199493293574783 0.153521392270798 -0.130651115764426 -0.164471587450663
-0.176837623734322 -0.152139762027938 0.183144056959651 -0.149138061940329
0.210329658903209 -0.163139388562794 0.150638563812941 0.200935463216014
0.234139585483156 0.182943497801695 -0.0697314486518858 0.167490476763103
-0.0112901144764254 0.357375692698776 -0.082683535395816 0.0242944649780027
-0.0472754414335313 0.370353265473834 0.0215942422057691 -0.0416304588502113
0.15344022950235 0.288876605552245 0.0633405918884015 -0.127211637537092
0.274473875848993 -0.0663278743475942 -0.113643945005179 -0.190815141452421
-0.0548509015201407 -0.25594836572733 -0.27718398938673 0.0090902556058962
-0.273004621436719 0.0807526719417411 -0.0031790207470539 0.203671959316566
-0.0302692312127161 0.269478371446633 0.196905815776324 0.00906773875528002
0.223571011528318 0.237376648310449 0.0756694202705845 -0.189014690713041
0.243990866567851 0.0646724299309587 -0.183537823399628 -0.139684761891512
0.146177462594765 0.195630690858528 0.0118806575140629 0.124271147598559
-0.0410281514032989 0.297828067527563 -0.145053583883872 0.0464264320105639
-0.28335686318106 0.0296131538460703 -0.126737749757847 -0.182556592700528
-0.0812005413994002 -0.26237390381243 0.151784363753323 -0.177831742020231
0.304496633445048 -0.0966077476309247 0.196169961215992 0.132841223653113
0.203172601870347 0.247720077188503 0.0138415440025352 0.205462500963659
-0.0566535822737068 0.358052713099009 -0.0881048607471387 0.150115450573263
-0.0560639472811956 0.362946409759512 -0.00474472423741998 0.0978626837186109
0.153795037905433 0.256560638598248 0.125749352808373 -0.0488576450545211
0.214433137327317 -0.066141563118514 -0.0487189297803378 -0.257827030890369
-0.0458592671841905 -0.150418718909506 -0.340690815026548 -0.0723887076307605
-0.136495401190035 0.116233924814346 -0.0884933026649707 0.220339039076968
0.0600813344540319 0.176937987826966 0.15192044768697 0.0202913918743343
0.206429709091755 0.129781721808737 0.0280619012611801 -0.182860633524403
0.215881499529968 0.0166412201989656 -0.268439419687381 -0.141355536311261
0.0690489586005774 0.187037449030931 -0.0212446753339885 0.0443778911586745
-0.123368028838074 0.19344430687968 -0.0744791205661484 0.0222918351107604
-0.19015666357693 -0.0987382460401119 -0.106135569165386 -0.115900849744176
0.0695494919083342 -0.198103173954317 0.095285634478433 -0.165263073425907
0.268305482005617 0.0211623134802604 0.225131169831257 0.106335630640363
0.124209710106068 0.230046570609596 0.0587879974324622 0.265714481914978
-0.0735697577019076 0.287939292765934 -0.11353948568442 0.26878109034387
-0.0566536259259762 0.29917227289222 -0.0307045609205482 0.224891489455318
0.117386313202022 0.204710296841738 0.174735300491832 0.0170990011588829
0.161427085337285 -0.0188778158211433 -0.00205432605794355 -0.289815832938885
0.0239303548643313 -0.0891962198493316 -0.371811244494803 -0.111666429758084
-0.0453132135459906 0.0450399250183974 -0.147638565033356 0.256862374220403
0.0348586702611289 0.0666279200076893 0.12625398273549 0.0766896855713244
0.108551724099024 0.0545627292995025 0.0215194940802434 -0.131072500084193
0.146734825061751 -0.00605325226270651 -0.317683091627682 -0.118120441510642
0.0108612226138488 0.127723823228991 -0.0144481268188643 -0.0167822429868044
-0.109331092270876 0.0838736538368079 0.000604311127666896 0.0566580440125674
-0.0731790384272167 -0.0913506376593529 -0.145325319052556 -0.031300228726759
0.0777581582329888 -0.0679256158591963 0.0255269089828944 -0.192514040353264
0.143011263381704 0.0513778737042789 0.244813682484444 0.0750589146510186
0.0573049928439722 0.137281006370871 0.0833217229765569 0.298693571593477
-0.0533910099541077 0.172379044299031 -0.130510099633575 0.349375332032575
-0.047413876310937 0.191584304937151 -0.0535104312461954 0.317565315231532
0.0595893516708191 0.138135794784687 0.19600402631793 0.0770453273219104
0.104469026516808 0.016769250866805 0.0522070330516422 -0.276591059396667
0.0573027891519567 -0.048654011286911 -0.332601856185028 -0.146788155082365
-0.00918144150983401 -0.000822053500003332 -0.174326433584699 0.254649309063482
0.00114174783433585 0.0145600351932117 0.116597436024824 0.118367243786013
0.0188220902367392 0.0239661677075425 0.0444592539936289 -0.0864664653185821
0.0691996727940078 0.0030678145261584 -0.330206345639171 -0.100726479066801
0.0167311893449549 -0.0148826887665948 0.316390881291895 0.106155382631575
0.0262736087041085 0.00168816806140908 -0.0541485465443157 0.0675387723006726
0.00938634034310584 0.0166335818744491 -0.112978506665389 -0.149804142876278
-0.0203717612844969 0.0154230384077186 0.191498943903576 -0.227465727119797
-0.0547659295181608 -0.00307485750644502 0.278053664929303 0.192428700014478
-0.0229566038207321 -0.0433912381575407 -0.092391966753263 0.264180455031445
0.0148448355112628 -0.053005557124724 -0.208419921935906 -0.118839885867505
0.0288355887715669 -0.0420806704533237 0.0557010378207826 -0.371207243839307
0.0102224928884196 -0.0475672724395713 0.11927836850603 -0.400280847429969
-0.0298436746869949 -0.0215523518825743 -0.126662416409852 -0.299932309413651
-0.0500404125909702 0.0220361669653311 -0.284041260624301 -0.0339284096158482
0.00472917000117901 0.0225747126573947 0.00944023541120893 0.212483410350923
0.0258709427351309 0.00714038233959791 0.175190965200989 -0.0322708938357897
0.0429829310556729 -0.01220575076488 -0.0368431455650175 -0.0947210995933307
0.0247754110493705 -0.0370441577194582 -0.00895877665557086 0.0335748432880466
0.0836162635617299 -0.0240167912385795 0.295858536714171 0.126173038517048
0.0711289124869891 0.0315700662592187 -0.058097831973961 0.0632195415483265
0.00283206326071265 0.0321063975312693 -0.0886588703327524 -0.176974554741161
-0.0457739669404501 -0.00117060543949546 0.231543046263013 -0.207926481814972
-0.010702157324188 -0.0562615685045515 0.244360102524299 0.23277743037116
0.062846285365721 -0.025428497151969 -0.130179516615935 0.240997711534201
0.0528883314179602 0.0554784868678671 -0.184683564257419 -0.14281323639921
0.00747938417231533 0.0991784399985625 0.061937051225508 -0.355729453289645
0.00558918295989767 0.0934418458193831 0.0765517889541839 -0.385541400594318
0.0545005721118726 0.0745913366502094 -0.187048423236606 -0.273674130110413
0.067418151748788 0.0153130986725688 -0.290375897036886 0.0233465608057492
0.0494737514086878 -0.0571849536354651 0.0441265956978497 0.195953179462114
-0.04089775295678 -0.0510016445079226 0.152489345511959 -0.0441278514591032
0.00164809353039601 0.0716220434551615 -0.0237819361499268 -0.0890264441091106
0.0748842022596839 0.0424007189892856 -0.0219484120451111 0.0194744191067519
0.150481019102724 -0.00838447584627609 0.256510903121234 0.160937124067671
0.125339149000658 0.0833501558586527 -0.0547769880375781 0.0838117842392713
-0.00789746914476606 0.0647203767888933 -0.0686348326059485 -0.182418817749495
-0.072455557360783 -0.0165194945370629 0.271132989128952 -0.179288275106427
0.0433176408282252 -0.101084099267079 0.223089811415843 0.273785173346411
0.141255190136101 0.0158401476193354 -0.146237174060937 0.221250510119624
0.0631457915900105 0.174782733593734 -0.150849541712097 -0.128798996350254
-0.0109109253847448 0.226599836324225 0.0545313561036355 -0.282896579779681
0.0448031800285715 0.211959746691242 0.028503057509999 -0.322113111980604
0.189202725682132 0.0910803342256965 -0.229932435332684 -0.214409048982482
0.151155975362447 -0.124156376650987 -0.285076469034398 0.0724585782673648
-0.0525924517666512 -0.162891315331497 0.0392879945701934 0.184062132576151
-0.15649387106953 0.00482614837985277 0.13800088850787 0.00207426069030778
0.0224966418086972 0.189777972646252 0.036637993054901 -0.0862075419412769
0.143582407337084 0.0946566803597825 -0.0440527230786184 -0.0298452383745931
0.200094980094328 0.0496774123318357 0.187824675588214 0.191074575474511
0.158341448149265 0.179687748140956 -0.0793466283138521 0.11567525724316
-0.0620373800300289 0.132437013589279 -0.0830261779621262 -0.157938876590795
-0.131699634026698 -0.0443357196602095 0.252983121497616 -0.13870025368739
0.105145076627084 -0.144432367298432 0.179753923623622 0.276700998148731
0.205727136842061 0.0848757130606695 -0.131532497252072 0.193469629789522
0.0412854206199223 0.285166818507947 -0.109516578655565 -0.0715152748962046
-0.0260433228725129 0.321689919460139 0.0400647525235442 -0.174750399588551
0.112524160732216 0.276813846706447 0.020669620388985 -0.225500359540923
0.284638253097726 0.0060872416784464 -0.199690174646512 -0.165019248419481
0.0633037301191377 -0.281562265127064 -0.268642428472382 0.0850078981504457
-0.259034133976889 -0.0946758216147169 0.0334185457658994 0.206974141065288
-0.167764623414771 0.188502069409625 0.184672656197244 0.033250141467202
0.132589366797986 0.271803611061415 0.0899075323364388 -0.135499733881455
0.21489747390706 0.0960874218023556 -0.0996584563860421 -0.0927718731782063
0.203856166367283 0.133351794561924 0.0969069713670841 0.182262321592348
0.10107165191828 0.285911610266631 -0.133695516195413 0.10928192687369
-0.195884467155652 0.16061451178224 -0.136282889168277 -0.160538035253735
-0.1813315238321 -0.147543867506284 0.181791738347097 -0.155048516896655
0.205860134033755 -0.169492290409271 0.160537874220277 0.199534697770977
0.23915848891731 0.177224118470304 -0.0649372292336951 0.172837217352804
-0.00181772863773537 0.358683930839387 -0.0823661729139687 0.0285346080691892
-0.0382419399971228 0.370438673245055 0.0206951780334157 -0.0418740781473568
0.159976501901827 0.286131373008968 0.0611782956081856 -0.130082509801073
0.271752175549974 -0.0743512125353308 -0.119217398408935 -0.188142355583361
-0.0629168303402793 -0.254917926868164 -0.278999693305172 0.0177111989177702
-0.271983412859405 0.0894051025537465 0.0035476210866948 0.205968419802518
-0.0218186781579405 0.269555380499968 0.199758146984128 0.00369142227553823
0.231192898891483 0.228878914343297 0.0701347963971396 -0.192460555602953
0.245334151312695 0.0559694004990214 -0.188976884106433 -0.132335017549252
0.152376253111631 0.190448295803128 0.0163768649816002 0.125012368634763
-0.0311044300922672 0.300686270671667 -0.143358878097733 0.0515979065701436
-0.285485846322931 0.0372967558186782 -0.132714649820243 -0.178824455245225
-0.0892918254951959 -0.263012394942733 0.147792680134877 -0.183369597571682
0.30265233941229 -0.107156632737963 0.204192228652487 0.128100034805329
0.209227895525614 0.242075780741093 0.0194412909345714 0.207363617321469
-0.0492351969711143 0.358959457237252 -0.0839446684539779 0.154833150426565
-0.046389039442173 0.36381559056219 -0.00209826902618232 0.0978532104417657
0.159256747117805 0.253677707283583 0.123266582213784 -0.0534290835557014
0.211092584037566 -0.0718110112281259 -0.0563594501682917 -0.256931566186228
-0.0493142139256857 -0.149249238516938 -0.345668459975293 -0.0608373956347185
-0.131867932712328 0.120041777847835 -0.0814661719130559 0.226338635725375
0.0648257903876809 0.174218369804847 0.154541425061276 0.0175079831763549
0.210115627748925 0.123028733905827 0.0223673945375651 -0.184013950112811
0.216797124077976 0.0094917802840916 -0.273162347001708 -0.13123970739579
0.0754714529843082 0.186583314890797 -0.0187993032613712 0.0464458902686865
-0.119050523143602 0.198523998100862 -0.0739893795419792 0.024514144368187
-0.196912094394703 -0.0940104353970626 -0.110171219710095 -0.11306451504291
0.0633439229360536 -0.201173356168649 0.0925380770597945 -0.168569201892574
0.270691100787821 0.012055051655738 0.231402164472666 0.101399374040794
0.129924309222266 0.226577148575091 0.0653462041818957 0.267808157954122
-0.0670737598359325 0.290314578569922 -0.107108910012536 0.274360913793192
-0.0491383244605111 0.30022020187065 -0.025111170811099 0.227027854321022
0.120743353510796 0.202143750780366 0.174459110392826 0.0118839879123979
0.160030015744377 -0.0246935473633437 -0.0118755897576374 -0.290584757986993
0.0214391637687427 -0.0907162529877043 -0.377562314045346 -0.0990268812928462
-0.0427174833127596 0.0448132708954712 -0.139704532996764 0.265143697634939
0.0366637812353426 0.0643553221099925 0.130682236424868 0.0743533741198937
0.109642559930966 0.0506231960000211 0.0180372915100237 -0.131444030812746
0.145557011617841 -0.0115216859909857 -0.321923065956255 -0.106475619808878
0.0160305075875136 0.128452432698729 -0.0149170231003245 -0.0165842239149611
-0.107152835602292 0.0874751922155919 0.0033561832283768 0.056452910680937
-0.0780758347397463 -0.089381745865788 -0.147902434808144 -0.0255460822330909
0.0759103935843039 -0.0722782969271768 0.020280527221788 -0.19369837789023
0.145546448750416 0.0475163195332271 0.250115778299202 0.0691614920400436
0.0606510966810501 0.135693089166722 0.0897092605017953 0.299148785672793
-0.0501031686038131 0.173323166932312 -0.120978794863255 0.356648234626551
-0.0422981547085046 0.191769386246602 -0.0450488257436064 0.320819964690783
0.0626069120633545 0.137097702907203 0.197225653560083 0.0724736143264234
0.105254981859263 0.013174453466658 0.0429381601676855 -0.278870030192785
0.055679793699058 -0.0523490179659348 -0.340128315560912 -0.136700898130286
-0.00906181351214362 -0.00111111593484342 -0.165568590114042 0.261149996115446
0.00167577061696962 0.01309425268442 0.122485668738263 0.115714855551335
0.0193546378642232 0.0224318507184513 0.0441835529172615 -0.0876597769145525
0.0687463434595693 0.00144041336087314 -0.334268671746676 -0.0894210344659667
0.0157557214477461 -0.0152848350985527 0.318110539096383 0.0912615706829333
0.0264397327629462 -5.90854663541573E-05 -0.0516178562802409 0.0682797351218876
0.00952457027404283 0.0160167024752804 -0.118115278041863 -0.144322629246747
-0.0199082297573602 0.016139705152174 0.181166823899473 -0.232377369444189
-0.0552873421451212 -0.000417715980340462 0.283633814156928 0.179212370451247
-0.0247917718905843 -0.042431803342407 -0.0812180959077533 0.26639976137522
0.0119691988585492 -0.0535671041045579 -0.208546873421229 -0.109266473336271
0.0281466039593902 -0.042301283806859 0.0422473586567908 -0.370273086160523
0.00833327086599999 -0.0481738037398784 0.104021323506747 -0.403096318079054
-0.0310542736792525 -0.020489632333296 -0.133713892339817 -0.294794082920525
-0.0483486141071118 0.0248845432892384 -0.284008297975807 -0.0241752636871051
0.00485451945215496 0.0220168964975708 0.0184751750040089 0.210352316441868
0.0249717421206493 0.00570631667494624 0.172867538288346 -0.0388042029844475
0.0421118521718202 -0.0143689686315925 -0.0409258368948469 -0.0914785413453118
0.0225183779463689 -0.0382683129169031 -0.00696740127620218 0.0348479435992676
0.0804843583592041 -0.0271692769266239 0.298018920356761 0.11290459275605
0.0718613096880748 0.0280410866304029 -0.0552279022337636 0.0645344939229944
0.00362032041479465 0.0310647423970858 -0.0965080253884693 -0.171725816333063
-0.0452991757762907 0.00053999735510225 0.223367108798669 -0.215615584589233
-0.014106629604089 -0.055490991879823 0.252044966260349 0.221875526862334
0.0609089240483382 -0.0282399378223993 -0.118548299678084 0.244691571849014
0.0532642935385695 0.0537372877756295 -0.187362401840803 -0.134280246182986
0.0107024537006114 0.0974092526275905 0.0502924683348143 -0.355579569618819
0.00714490260223773 0.0927274847600653 0.063085033793764 -0.387073978371078
0.0560130397662036 0.0718292099951487 -0.194302923670916 -0.264562892702122
0.067820400093122 0.0142176566623408 -0.288095752171512 0.0334030589459887
0.0463936440349816 -0.0593955029068553 0.0510399952946594 0.193276955172019
-0.0445174405988407 -0.0493641479372539 0.149896905571214 -0.0491626890018523
0.00442980171699148 0.070486258817437 -0.0274910252970843 -0.0872527675014002
0.0759483106437641 0.038730334358897 -0.0204669397659406 0.0216421465020177
0.14696109119377 -0.0147073564219965 0.260958109717677 0.149470817358579
0.12642500208609 0.075777220266799 -0.0520321097318417 0.0843501331356008
-0.0065436855447936 0.0616166910374212 -0.0758212268022089 -0.179151147504712
-0.0721985985504191 -0.0143474592784921 0.26236117453869 -0.189239850068586
0.0386528905461825 -0.101205091454052 0.233501466136724 0.262321414412399
0.139615105951098 0.0105129006729614 -0.13486868046655 0.226953309478096
0.0661702494522311 0.170063742211325 -0.1517765765338 -0.121226555427453
-0.00398827434405933 0.223553068883131 0.0456181316147448 -0.283862200576045
0.0505547249211312 0.208697917101267 0.0195153042976777 -0.323129493340834
0.19013876975808 0.0835190142256167 -0.235140248709463 -0.205241245639526
0.145822441555477 -0.128782668112235 -0.280958840308982 0.0836239197692528
-0.0589458372579105 -0.160450019077499 0.0468661518175096 0.181603402558007
-0.156917175515954 0.0114260428126684 0.138074265906588 -0.00356589418599826
0.0296531656904975 0.188260482195922 0.032753308798323 -0.0865666277905199
0.145879002141591 0.087623473770949 -0.0440815982602357 -0.0274282207613814
0.198701421854567 0.0407190466760249 0.19623557712456 0.182124285818709
0.162999267452745 0.168975316267832 -0.0739331683807275 0.117443435120831
-0.055475893488339 0.132457245001662 -0.0894492419678374 -0.153551581134567
-0.130882943876722 -0.0395702422507913 0.247144389554332 -0.147746336120711
0.0986617001087597 -0.146273911378201 0.192498717145456 0.267639226466529
0.204804796955272 0.0769661795567652 -0.121112937376533 0.1982553164612
0.0491034149545256 0.280923556902971 -0.109858933021488 -0.0654306562561015
-0.0156477339757748 0.31731912481545 0.0351210644743395 -0.173376562951728
0.119627625785892 0.271742326254097 0.0137056433054327 -0.226236203125789
0.281812751022639 -0.0046208478296653 -0.20368730468925 -0.156244001947872
0.0513377889656616 -0.281851127875072 -0.264242865514448 0.0952138212162307
-0.261680944176319 -0.0835255867853471 0.0412830900703145 0.205242048803999
-0.160316107952961 0.193483343803495 0.186810086619389 0.0253671540182587
0.143215537922189 0.26282504389729 0.0837401884873258 -0.137754171688646
0.217052547788658 0.0862963637439844 -0.101986101082664 -0.0877447623505173
0.206521420784734 0.123685967776027 0.1046583210992 0.176697868184428
0.110604980895076 0.279124806697965 -0.128727012228453 0.114339424505366
-0.18935405895214 0.165181166793545 -0.141036140314196 -0.153609064258824
-0.184983933834351 -0.139335540979326 0.175874858467624 -0.161669427391866
0.1964515894024 -0.17511726457838 0.169819435326059 0.192329094390363
0.242617697285787 0.166415026003916 -0.0571161352372673 0.176292974952914
0.00872893462437351 0.354827686442967 -0.0791808501301371 0.0325121864561732
-0.0251109016417602 0.365815486186692 0.0198300422261843 -0.0427062927133112
0.167379217175789 0.278074037278248 0.0559411884440184 -0.132749240509759
0.265852249479679 -0.0831920512772845 -0.125788165277155 -0.184031148183582
-0.0723401815213593 -0.251047507543121 -0.277986676133326 0.0309397806805809
-0.265382971301989 0.0981041820532729 0.0115960676817124 0.20514831353804
-0.0126637276391756 0.267620499428184 0.200057031489991 -0.00390491809682174
0.237835396111487 0.217168160760793 0.0610330328770826 -0.193594020605239
0.245709140543206 0.045080592233532 -0.191918780932539 -0.123426069654929
0.158682865211094 0.182782137873402 0.023135703371066 0.123691240334929
-0.0203638711732774 0.299960444331665 -0.139158517732649 0.0564774347569505
-0.28338280017818 0.0480785257086151 -0.139877417267944 -0.171054281367097
-0.0992792633625069 -0.256980337793491 0.140858975818878 -0.186404944722938
0.295309553409213 -0.118476936662465 0.208775340866659 0.119866257382206
0.214370652310085 0.231462387738359 0.0275759862311784 0.208171328474759
-0.0378219443095426 0.35769704693519 -0.0771044441508805 0.158492958569512
-0.0340949574102054 0.36028333409838 0.00198730549308953 0.0974119193982876
0.165585697998079 0.245640230069325 0.119031183264213 -0.0586192104360773
0.206310891515397 -0.0782853371294721 -0.0662349026635549 -0.25414434217212
-0.0542126071061914 -0.147139761830474 -0.34773208922966 -0.0456397121422114
-0.125073870252925 0.122862626099617 -0.071276143242136 0.229402341476656
0.070416745685442 0.16803521518964 0.155852911756576 0.0116054869344179
0.211331406402725 0.112117728516521 0.015907853507895 -0.183349448303417
0.213919883543425 0.00043887401754478 -0.275731251021904 -0.118700397154845
0.0825954930142342 0.18106471030375 -0.0162311486574732 0.0471697130723343
-0.110488652135063 0.202314165129597 -0.0717822073525537 0.0276357714813438
-0.200428626633013 -0.0863151067167961 -0.114563270481783 -0.107357448667579
0.054723835357966 -0.203479518345512 0.086461703896394 -0.170707343024904
0.2697639553053 0.00210696475070268 0.23442263701633 0.0921569469466953
0.136412303465676 0.219094379104886 0.0738713606080448 0.265831710784959
-0.0579637592408079 0.289073590935887 -0.0960820739456892 0.276919097589459
-0.0400735260684921 0.297721507975658 -0.0166298339531491 0.225815427316031
0.125574327834068 0.196307044616611 0.171697939926431 0.00473073479743613
0.157179752184486 -0.0291784773650393 -0.0226345083184336 -0.287155823656506
0.0180574647126174 -0.0920830319862315 -0.378315891785225 -0.080849633215454
-0.0404312999480542 0.0444593934616013 -0.126535522846965 0.269692239232393
0.0384861915993649 0.0605065551123081 0.134415191276705 0.0698186787757007
0.108514134001295 0.0460435024576049 0.0147248277599887 -0.131186701814722
0.143005845468051 -0.0167103389405078 -0.322753675783746 -0.0930027143177238
0.0215158450200759 0.126680576079731 -0.0149293561737297 -0.0148530593890292
-0.103625121961162 0.091171496077245 0.00682276629417954 0.056442496970328
-0.0821020342080845 -0.0850019592680008 -0.148332934630802 -0.0184234495734555
0.0724188715891071 -0.0743484443917046 0.0132610026921219 -0.191914841192617
0.147578187362375 0.0408313429105071 0.252301655588291 0.059970387698316
0.0644632565793248 0.131958433086622 0.100608901925608 0.295737635274928
-0.0446099595857246 0.173145594294707 -0.1089433962246 0.358569895255411
-0.0345966660940701 0.191000631816885 -0.0327465143267665 0.319820095747535
0.0659235881312328 0.134099253128465 0.195997294122347 0.064858560316605
0.105086570212071 0.00867004241967279 0.031720836319634 -0.278238282745358
0.0524356727763219 -0.0547093572274408 -0.343048945890532 -0.12063247043358
-0.0086367861252568 -0.00247629749202181 -0.153616924592632 0.26713830695572
0.00232242431438304 0.0126343100047436 0.126989592507153 0.11217398651742
0.018946841669419 0.021594401958116 0.0421771893265227 -0.0884972750482597
0.0679733189770439 -0.00164725279612607 -0.334118659235164 -0.0754012429168942
0.0214303420266004 -0.0174749164866197 0.313100427912797 0.0175870484079045
0.0235629186052263 -0.00538206934533471 -0.0350288450051102 0.0741384793593471
0.00874991100985022 0.0106362297787147 -0.141539748349018 -0.111765975293136
-0.0130419172078064 0.0147194056994055 0.122661032750604 -0.256389540926495
-0.048568344692119 0.0133249507023039 0.306991088245274 0.11021944365481
-0.0341621980523467 -0.0327647807560419 -0.0181738116377585 0.267373215323752
-0.00191800360110996 -0.0538288880485928 -0.220670872446723 -0.058345460659349
0.0177439105103037 -0.0460382304163734 -0.0412770468685245 -0.362595639948627
-0.00233662943833868 -0.0448364472072261 0.0103659113770283 -0.4120475392496
-0.0324583230498594 -0.0120539409903659 -0.192132801771962 -0.254460196944295
-0.0382719918083512 0.0336024862886464 -0.280825599466814 0.0391044748293422
0.00770138717904307 0.0170845903492088 0.0655293945695846 0.199570970419424
0.0221568534346789 0.00196731982708287 0.159297200255972 -0.0768709715739962
0.0381004863611058 -0.0223910549523984 -0.0608013061221497 -0.0786786354406017
0.0127533264730598 -0.0418137069133748 0.00186413058864892 0.0361989518362805
0.079477635727421 -0.0427064197941043 0.300657078616764 0.0409631470092866
0.071572178998415 0.0122523001888721 -0.0377845734862187 0.0718696277464097
0.00593858040716153 0.0249958097610616 -0.126787232888128 -0.140819896578601
-0.0399067329389812 0.00544859582702432 0.163740471485544 -0.249623862920372
-0.0221355311626656 -0.0479990450038027 0.286940590869713 0.15577737180954
0.0492376532056638 -0.037640539297523 -0.0564342787524858 0.255517619233383
0.0602658851977085 0.0382673137633216 -0.204041927537221 -0.085736016743167
0.0317317321655508 0.0908479428821821 -0.0293398958526667 -0.350773926571644
0.0267884069936458 0.0880568761992986 -0.0241960035701594 -0.388297959027596
0.0706154322283188 0.0560027218142528 -0.245571096903565 -0.21319586498535
0.0699553086828262 -0.00239756880961408 -0.272184553794099 0.0950460694147292
0.0292684121848361 -0.0703716942888902 0.0928920687651051 0.176202256496929
-0.0558056436101375 -0.0356235495025915 0.134567134339634 -0.0806351637636896
0.0210724405875194 0.0675302000628683 -0.0466254207910373 -0.0777300657236857
0.0818897473854785 0.019271755342053 -0.0141456039879107 0.0254802285896864
0.142544342910845 -0.0439299258603791 0.275398033484763 0.0832376467119756
0.134552346106524 0.0447330273109201 -0.0289710605226906 0.0895694696277594
0.00449131784233106 0.0564274191773466 -0.108984397654763 -0.152365020323153
-0.0680077390858527 -0.00191169288267418 0.207469172365872 -0.234215352578205
0.0167792259378531 -0.10229869992481 0.27822828727442 0.197217388320171
0.131200027414514 -0.0189672927256725 -0.0743773948647001 0.243361996627747
0.100121461879456 0.147205056536591 -0.1674634642971 -0.0803403196206139
0.044463383382569 0.214732694562911 -0.0170223910196382 -0.28065344507007
0.0933551300670253 0.188602198450633 -0.0515225702292576 -0.316466736655522
0.201182234106527 0.0368756891594128 -0.272337185161618 -0.146312939089764
0.112994012345004 -0.157052462179557 -0.253260848383853 0.14250450142941
-0.0950525005360533 -0.143233510299928 0.0857711695424705 0.165335218813239
-0.150561753516807 0.047454881232912 0.134039060830521 -0.0339043295296541
0.0716964619299185 0.174287256282275 0.0130277791312187 -0.0918219856910691
0.160781320559205 0.0509396492303738 -0.0483280633310331 -0.0169644194321144
0.201738622287436 -0.00290781151377379 0.223080325391281 0.127214764810003
0.188623897410312 0.124634117377206 -0.0407580924378814 0.1260807474921
-0.026705544429813 0.133033514100139 -0.115724564666629 -0.124471779535154
-0.127709573562752 -0.0117744247102504 0.201457159784991 -0.19191436274894
0.063163821406531 -0.156972224222884 0.241512829040345 0.211055492852004
0.208186816780619 0.0282471539062442 -0.0684367662764817 0.214045758078466
0.107760162073227 0.256139136901871 -0.115537713286755 -0.0367982048005621
0.0532209124615846 0.305677337982379 -0.0027582677608075 -0.17379564834674
0.171781101610259 0.233303061323148 -0.0353750990756424 -0.221924352503582
0.26811696917313 -0.0674579587495675 -0.231289345683167 -0.107854236281859
-0.0110270849026816 -0.282708263507518 -0.235997811390206 0.150557081061098
-0.271730795029587 -0.0248586819471259 0.0856115349668074 0.190739310396046
-0.113717697558739 0.223127843842019 0.189601671490659 -0.0170255296666344
0.197203027818771 0.221004123416134 0.051003138652382 -0.153199987540624
0.229875698347535 0.0338362444687199 -0.11921813783344 -0.063271884111481
0.225972302960849 0.0726014680475477 0.140261437373766 0.142765058861414
0.163066067866695 0.241713760364024 -0.0918825765017668 0.135583856632214
-0.145803334498485 0.195448035987928 -0.166182027194755 -0.111140210317929
-0.203527214092903 -0.0934564527692279 0.130959848722656 -0.190650343843434
0.149872040376642 -0.208061057153592 0.205481293895254 0.143141536909151
0.262705973491425 0.103169832405359 -0.0116743263614008 0.180220352835404
0.0851461614677423 0.335587990633346 -0.0657740712463344 0.0506552896950585
0.0545808500183951 0.354244755010294 0.0113292341886563 -0.0451830704275621
0.218142423905951 0.229677577053251 0.0246438953650109 -0.141517833311157
0.234704813669106 -0.137856675450437 -0.163428805061648 -0.150307383687822
-0.121677445983887 -0.225370414278023 -0.262896364987528 0.0923506286911023
-0.232957600607831 0.150126275251494 0.0589777541696646 0.197984819233188
0.0453204866129204 0.260508583750007 0.195474375145179 -0.0483636879997003
0.277066324723684 0.155503216658466 0.0155920534081915 -0.202380748026633
0.249112163410335 -0.0121131390734009 -0.216413941103415 -0.0792352606588031
0.191797016111015 0.139865056005726 0.0526096519473916 0.111574123967019
0.0440805046513023 0.289024151980078 -0.116213924094904 0.0866007110516612
-0.260667612413568 0.106925964284245 -0.170054210203975 -0.128563506332483
-0.149275860093912 -0.225013743671623 0.0919444439380448 -0.208151390185856
0.255640951217523 -0.1761268685874 0.227291572496221 0.0676866501302195
0.25288491313634 0.17132343888461 0.0748673971374618 0.192513156789734
0.0420884456717213 0.348805346988379 -0.0380149011644203 0.169966770602085
0.0451513937082818 0.349620284189102 0.0241490069134563 0.0922137094128439
0.209737862222767 0.198080230264975 0.101658417358659 -0.0832590658140264
0.179759988060099 -0.118226007875356 -0.120832373557726 -0.230378393094157
-0.0811489722595035 -0.129381159684653 -0.346656408526342 0.0357411187257127
-0.0916547061772549 0.139354241487015 -0.015745168447775 0.240904037464684
0.102062697300832 0.144030780835697 0.155907884297042 -0.023644962681238
0.226988599720181 0.0610000312036589 -0.0258606324698649 -0.181971190007239
0.209023731884554 -0.0487697388297542 -0.297746081358163 -0.0561343120673688
0.118836213644774 0.15362426869195 -0.00123788512857052 0.0483751881786882
-0.0596074426559511 0.217805334693688 -0.0598055062500411 0.0446937033087434
-0.213748034942448 -0.0377704586566267 -0.133950795751379 -0.074997856428749
0.00693296613166298 -0.208556584717112 0.0451484275628476 -0.181222680519499
0.258871146055471 -0.0584557513982041 0.245481555492738 0.0372734528301408
0.176849023144043 0.17745556802329 0.130558252277459 0.236642909447267
0.00793524172243901 0.288197039398459 -0.0304616248981053 0.286130615100563
0.0269205208237833 0.291655026898382 0.0340013551339315 0.218444470566928
0.160383600034225 0.159037407978762 0.164842713027542 -0.0338400690338502
0.144608344151192 -0.0614046467979559 -0.08712894246549 -0.271355701739178
-0.000259111498328862 -0.0940730241822934 -0.385658865483648 0.00730127893854787
-0.0296053282231863 0.045624689233837 -0.061470238390513 0.291283749518077
0.0478199049524588 0.0481786969256261 0.147484127947611 0.0372632849623551
0.113932406557958 0.0206860396667434 -0.0148995254444042 -0.13124895373481
0.137880797573722 -0.0490265527328519 -0.337494880056912 -0.0198221385489314
0.0496414190828959 0.114577945656485 -0.0153897040411281 -0.0101718786996028
-0.0764194271712498 0.110879104912276 0.0179885201552504 0.0533897507867922
-0.100608356445061 -0.0611628731757436 -0.1455903090644 0.014330800673046
0.0518757104503953 -0.090812051691363 -0.0268960432144083 -0.185349778898438
0.15292198647138 0.0043970118609213 0.2540613336858 0.00408471734773029
0.0908108552768388 0.111830510182438 0.159083147249861 0.26059145696266
-0.00470292448562071 0.176385321146084 -0.024301084897726 0.365808068311972
0.00862772946913093 0.188780668126222 0.038684645625362 0.31191868740708
0.0911053466283039 0.112744852727737 0.202254870373451 0.0184951648609608
0.104014563009766 -0.014362687664927 -0.0339025268095622 -0.273528149869712
0.0405016500179348 -0.064892924302831 -0.358381354196729 -0.0395317748786728
-0.00916091314336934 -0.00486313709359778 -0.0893025050664734 0.293218411938445
0.00339387159207468 0.0104631362246768 0.150022326371577 0.0802223893959255
0.0225327710525731 0.0176912736608944 0.0223756816793382 -0.0960303761656958
0.0700631234830896 -0.0174664278288508 -0.343820093976737 0.000980831306819023
0.0209427066260986 -0.0172671973830188 0.305218809109992 0.0140187601000568
0.0220519787625999 -0.00530038543579169 -0.0343878326030157 0.0729228141636232
0.00889870524327846 0.00993618573713705 -0.140400562449389 -0.106605479929625
-0.0126835269612978 0.0143531146931661 0.11771581750277 -0.252365494175125
-0.0470492015431793 0.0137878074435134 0.301464323013899 0.103231285802361
-0.0343056782892009 -0.0318889930248856 -0.0148962359525798 0.260145954947313
-0.0027264395714217 -0.0519207847038024 -0.213791255947294 -0.0556692567941347
0.0177989041378307 -0.0454454281995998 -0.0433193569739498 -0.352688247542168
-0.00262277615326426 -0.0439377292946972 0.00655270524540853 -0.403030704985281
-0.0329302388955056 -0.0113082968651688 -0.18859783484799 -0.247340914561101
-0.0360784745362955 0.0340803080156173 -0.273735850085202 0.0413007439287498
0.0073278903630407 0.016545418535923 0.0668220628373744 0.194527869858029
0.0212836824463905 0.00186728622679744 0.15554810591807 -0.0770155759017788
0.0363342065638234 -0.0224280244416695 -0.0611451489825193 -0.0752564283584095
0.0116304688382524 -0.0407822746556373 0.00310755643742577 0.0357343898850512
0.0762252187701736 -0.0433786377397202 0.293178215268644 0.0358900319010802
0.0688603671005215 0.0105432469295415 -0.0363139843947803 0.0704906311368592
0.00537299661962735 0.0240768309795206 -0.127245874365538 -0.136031446516014
-0.0389204184704491 0.00619665896519922 0.157859165928035 -0.246038330680726
-0.0223582893700848 -0.0448995287962585 0.282635992555084 0.148481982067194
0.0468232097429381 -0.0376453278792219 -0.0526790367598329 0.248831877815541
0.0582096064647962 0.0377070642865513 -0.199229208659335 -0.0823607170697609
0.0306826300113677 0.087987011516464 -0.0321493051876273 -0.342140390233572
0.0267953518423592 0.0869698232781318 -0.0279305306943736 -0.380379015770159
0.0679697381117096 0.0539950669558327 -0.239847062233859 -0.206651135976958
0.0696759897946452 -0.0024120347891779 -0.265663653889702 0.0966276525191011
0.0274362800896518 -0.0694656454952697 0.0934678238503284 0.16966282254247
-0.0565061453501989 -0.0337093607341155 0.131102733128412 -0.0807776126586243
0.0215500010788225 0.0659105532991673 -0.0471207445800923 -0.0746357057694085
0.0800723996286041 0.0173315024264556 -0.0124890672128358 0.0263876192342329
0.137750492895893 -0.0450137372371848 0.270493581085101 0.0766974451683987
0.129734841055768 0.0413428265485377 -0.0275030560843876 0.0875948189447841
0.00388994488976269 0.0530411515021941 -0.108867808096661 -0.147540245685748
-0.065726449512871 -0.00167835791382489 0.200708498253462 -0.230584655903975
0.0150211567481459 -0.098679853262799 0.275703152381109 0.188307232062124
0.126776087089683 -0.0194427704807585 -0.0688143367341723 0.23758118106462
0.097218836480038 0.142777583275778 -0.163417182465744 -0.0772914759815369
0.0430669949325689 0.20789020242989 -0.0173738450925447 -0.273852246504149
0.0910747719267672 0.184109820192602 -0.0523590092119817 -0.311194744830975
0.195421359739341 0.0341006694381908 -0.26624510337932 -0.141154625174215
0.109137790751548 -0.154039404053956 -0.245229534766514 0.142521127697572
-0.0947522258797719 -0.139126305275288 0.087325485951487 0.160566970940966
-0.148005686168781 0.0495287617101312 0.130802882234825 -0.0350603661468451
0.0720407231684649 0.169625900247577 0.0116396355951104 -0.090036851116822
0.157606362763498 0.0473007567297103 -0.046937017214255 -0.0150038806261071
0.194695171659051 -0.0052155869810259 0.220419568157878 0.120244368727531
0.183641863547179 0.118569877253958 -0.0383011977668861 0.123762675268609
-0.0251148214032601 0.12884116694243 -0.115021388430975 -0.120679166444781
-0.123523217243325 -0.0110738472528602 0.194809923123806 -0.191460450051825
0.0604134852629107 -0.153219878012931 0.240548332532049 0.202633129455994
0.200045994240926 0.0271420053705357 -0.0626090184506109 0.21017157741366
0.106426451168798 0.249226336386858 -0.112645631603888 -0.0338350583930962
0.0523122277594174 0.296511859978111 -0.00362618565127083 -0.170638873682506
0.168791036961501 0.226931120013526 -0.036231698559697 -0.218031689257453
0.260572850224472 -0.0664637052120035 -0.225656214071868 -0.103941785074875
-0.0140852159742617 -0.275083973323754 -0.228052406976627 0.150443993238993
-0.265945184779576 -0.021391603394753 0.0866901816560578 0.18451292833108
-0.108931859545341 0.220496802168529 0.185731370429061 -0.0191767416501982
0.194204453013614 0.212258560854046 0.0474204888456406 -0.151431077873722
0.223959876390783 0.030421537131887 -0.118093950219074 -0.0605241742511478
0.221267944356582 0.0688532050349487 0.139338251162135 0.136645711479894
0.161665156427254 0.232933792140652 -0.0879454412594113 0.133620318408629
-0.139592570960095 0.191081081369578 -0.16354037165414 -0.106007803591461
-0.198812419219548 -0.0882037423278404 0.126700908119139 -0.188193739282768
0.142782955526269 -0.203253630132441 0.205051559602913 0.137852304605798
0.255915427059964 0.0997639840912655 -0.00857005079237235 0.177069501491012
0.0847883443063337 0.326500150208043 -0.0639897552172981 0.0512902894174911
0.0530900323798768 0.342678522633449 0.010272607259172 -0.0446374523368182
0.213661747551546 0.222449062296017 0.0234019550180324 -0.139452075836662
0.226239974036767 -0.135442677327222 -0.160545797111909 -0.145572596517358
-0.121117171586492 -0.218037649993579 -0.25621087876328 0.09408266064233
-0.224930718728482 0.148049861132178 0.0601941192578839 0.193767306280948
0.0464059778418396 0.252152499646668 0.1910692470623 -0.0495152857516135
0.271872839742019 0.147772898741661 0.0133387465292271 -0.198569607696594
0.242506982599163 -0.0143653066743504 -0.211569866106983 -0.0746504303936946
0.189864965292192 0.133705052301799 0.0538843796626359 0.108050574404447
0.0474242735435082 0.283061989518542 -0.112029075731881 0.0866733275350843
-0.255536872622249 0.1069853089338 -0.167984223050267 -0.12261723199063
-0.148577734464105 -0.217966211786577 0.0884343064463349 -0.204662470019368
0.247222560479495 -0.174782036432011 0.224083557998025 0.0632192877766286
0.247612561694161 0.165231871341565 0.075298836508374 0.189143164699756
0.0434225915101734 0.339018570516228 -0.0354856191718708 0.167385774555564
0.0449809466604973 0.339018745281153 0.0245084673925848 0.0890048720712844
0.20593841880298 0.192948741812129 0.097284605242789 -0.0824997932622427
0.172744454091046 -0.116329189835396 -0.122213334300787 -0.223228554481864
-0.0802398610325433 -0.126213432609859 -0.338715701703677 0.0408682129369855
-0.0878890765406832 0.135792020180551 -0.0110676606946305 0.236938699231729
0.100165933266577 0.138273409973131 0.153357360849707 -0.0249886441579521
0.222071390365037 0.0563474061871708 -0.0265363072856448 -0.177200949148308
0.202462071406254 -0.0498961468509476 -0.290990667667935 -0.049739158041404
0.119212244237052 0.148735764899532 -4.60275409067457E-07 0.04730762622727
-0.0556228254541876 0.214175410320292 -0.0581798343350672 0.0442376064470931
-0.209813864248861 -0.0329310566611792 -0.131750001424561 -0.0708283701089613
0.00449382814963935 -0.204187047146327 0.0423045092776323 -0.17761724726665
0.252909815690408 -0.059578942488511 0.240043859974486 0.034880940480758
0.173397840498962 0.172566645253384 0.130204852356148 0.231751820879511
0.00962598643620656 0.281210112430604 -0.0281736144804116 0.280612638949058
0.0267255734007565 0.284389145271785 0.0349502723219766 0.211680850325632
0.157660079915458 0.154454286197748 0.158747289004364 -0.0332266286228446
0.139800894316334 -0.0611035114478669 -0.0885648780305266 -0.263502578310608
-0.000974055258010907 -0.0918333148010468 -0.37742355560147 0.0140778851950607
-0.0280121091595589 0.0432098449953297 -0.0555494844981927 0.287307374282148
0.0460214226004848 0.0449780221587683 0.146559102187841 0.0352410572912682
0.110199194725119 0.0188848407154025 -0.0155988533227177 -0.128103357813049
0.133538911485099 -0.0489516684695066 -0.32944107145635 -0.0148229167877343
0.0514816987563273 0.111326659443252 -0.0146670199545384 -0.011410826444113
-0.0730385861359023 0.110534598901986 0.018877656450635 0.0515527279136845
-0.0986011285255316 -0.0581857692650072 -0.142219647167386 0.0179542674293783
0.0491813561776637 -0.0897594624786753 -0.0276263984718082 -0.180347117222482
0.149615563246761 0.00200171359657947 0.248107214633778 0.00224980126137195
0.089079197041009 0.108911290289252 0.158957575693773 0.254886327361634
-0.00393577980996386 0.1714247040484 -0.0219510102733336 0.357596436333643
0.00932555699889249 0.184322433284833 0.0392966716369492 0.304290999651409
0.0894536373466315 0.109237406578226 0.195283094497978 0.0178770032129474
0.100441540017025 -0.0155853025834392 -0.035647533668955 -0.26641651350787
0.0388156719943226 -0.0645898017349816 -0.349311613517368 -0.032667998990229
-0.00883599153537813 -0.00509095136355656 -0.082276456836592 0.28836227648593
0.00336582219637803 0.0088980032434463 0.148466905256045 0.07730283659804
0.0205878940521797 0.0170245920867914 0.0218796688333291 -0.0938701622631158
0.0684913160103214 -0.0180458340076814 -0.33458174769217 0.00614918331407379
0.0203963272846363 -0.0180749509513237 0.301938947252246 0.0130103731070969
0.0212680848406522 -0.00497530366330357 -0.0343406486233051 0.0710473978950141
0.00867700029259923 0.00948377764226844 -0.138335019598174 -0.104857009800348
-0.0126305988151356 0.0135758145066563 0.11756056630313 -0.24982919779238
-0.0466956886530787 0.0140499739329214 0.298355351729155 0.102200216750404
-0.0353057615907229 -0.0315612039905235 -0.0159575149112867 0.256898630816659
-0.00336205963780545 -0.051799407414752 -0.210349170119594 -0.0558166149246403
0.0178490858312115 -0.0445060833688074 -0.0403256955364882 -0.348960498350344
-0.00232002084483708 -0.043049126657549 0.00826137080003233 -0.401659712473742
-0.0332846699164832 -0.0105235035782705 -0.184148919940497 -0.248121868658384
-0.0354158711268448 0.0335747044100542 -0.271313598798401 0.0399502251373504
0.00664496581790924 0.0159399724056014 0.0650468293814054 0.191561869162048
0.0200187733404189 0.00282730605307636 0.153104202277537 -0.0755218242086592
0.0356484521139858 -0.0225689307210692 -0.0609017135919568 -0.0743265767844327
0.0108377203318551 -0.0410163360208815 0.00406309909695625 0.0359798187947321
0.0752955829485347 -0.0427069148623965 0.289208435957552 0.0355392457466916
0.0670731798999767 0.0106113787666428 -0.0366805509455135 0.0697360293110598
0.00506821556945446 0.0231675876599203 -0.125850622153849 -0.134603561941431
-0.0379189239539789 0.0052586427490983 0.157814377982168 -0.243173202881209
-0.0228522633021985 -0.0440983281003888 0.279775469965444 0.147971487052408
0.0460745704085275 -0.0367828980964212 -0.0516097499338718 0.24523534857733
0.0558362567154968 0.0364680118298435 -0.195214160482833 -0.0820312648727325
0.0290882138811463 0.0868268293777317 -0.0291213661414493 -0.338926687118899
0.0248965157527717 0.0859214131857326 -0.0254859659507381 -0.379037841425265
0.0659497753972533 0.0541501277068063 -0.233559471582255 -0.206488318397632
0.0703712009736152 -0.00200761615261971 -0.262945996190925 0.0948356074774889
0.0267812130568773 -0.0685026759868019 0.0912514477100384 0.167806407712654
-0.056434689547315 -0.0330368185285074 0.1304002013649 -0.0799713061602086
0.0205302429196655 0.065666424718389 -0.045757792553619 -0.0733278412404751
0.0797359271672751 0.0180730510869177 -0.0112382546979134 0.0264626911502042
0.134859934344599 -0.044836381974611 0.266991990278884 0.0753501099702462
0.126911163574514 0.0413725645791015 -0.0273768261447669 0.0858977610370331
0.00349987633513317 0.051833480501071 -0.108347516616693 -0.145680055579745
-0.0652658819845918 -0.00242883962361446 0.199500819442225 -0.229298548896012
0.0148540255242962 -0.0966922623150192 0.272708491395623 0.187123536816189
0.124099696224959 -0.0185541841836581 -0.0674990772657954 0.234855733545862
0.0940916061851842 0.141423590221541 -0.159540433633225 -0.0767601363287918
0.0396802570705849 0.205534496993662 -0.0155296578204631 -0.272222615476985
0.0882481092380161 0.18310422096706 -0.0485481614379887 -0.309538658059316
0.191944495550093 0.0346622556855597 -0.261088894852498 -0.141670042601632
0.107874409437671 -0.151778697470763 -0.244306606051714 0.14095028422294
-0.0946811864143678 -0.138973245135973 0.0862110804291825 0.158253880639331
-0.147089691853001 0.0495836961448144 0.130728203105295 -0.0350688681844656
0.069803928637677 0.167754826014647 0.0114324385749753 -0.0886391137718024
0.156566551463509 0.046732015379115 -0.0464421140161852 -0.0146999174009852
0.19228646588612 -0.00474818921254716 0.218387914176197 0.118329757202589
0.181877312306349 0.117325844646291 -0.0379287096619406 0.121563238674936
-0.0260278075624012 0.126428382684207 -0.114217238414469 -0.118735447118876
-0.121072356254189 -0.0107808366240963 0.194644368382966 -0.190437378836955
0.0593082897100196 -0.149670261927326 0.239613691577678 0.200016564836849
0.196922326314278 0.0288055577911677 -0.0610959420311968 0.208092125833813
0.10166650809526 0.246421566049142 -0.110171979759713 -0.0337910106967043
0.0486273676905383 0.291906142290164 -0.00179637666421137 -0.169289913654443
0.164062861341602 0.224931649443039 -0.0346565031308484 -0.218089503795926
0.255658791169553 -0.0645354991122467 -0.223068262471023 -0.104089755600021
-0.0133112844290112 -0.272502568702835 -0.225399096424525 0.149534670246103
-0.263985546295669 -0.0213292591877267 0.0864236114306521 0.182410319990312
-0.108754302216141 0.218785140366876 0.18354420366415 -0.0192621571021538
0.192670601912166 0.210995136199647 0.0464280691785694 -0.149469861202971
0.221870592239087 0.0298065560044523 -0.116200649019437 -0.0590543980491758
0.218494812675808 0.0683400216851067 0.138109277423049 0.134910447702449
0.159559066115735 0.231756079514336 -0.0866197866159989 0.132092581781085
-0.139017645350454 0.189151146948029 -0.161873725804632 -0.105439298214635
-0.195284171047184 -0.0885897563407249 0.127012166261991 -0.186687554695377
0.140983342255823 -0.198435525607778 0.204838726718343 0.137157002485857
0.251388156476594 0.10064298902252 -0.00838563573647986 0.176348517278338
0.0816114406186476 0.32256385465519 -0.0621447342952563 0.051384479656922
0.0491209001708491 0.337748737491299 0.0111327567525894 -0.0447324754357971
0.209723992307022 0.22149462019378 0.0225481339116055 -0.139364705849373
0.222287876739998 -0.131112092801902 -0.159390230859146 -0.145581814353193
-0.11905870906424 -0.2157259361727 -0.254548771525041 0.0936490402416775
-0.222471798274888 0.146535042339012 0.0600836956447672 0.19262286116792
0.0449920400876866 0.249672856783442 0.189872317955858 -0.0498272798898827
0.268924676382408 0.145112313495768 0.0135722588955404 -0.195819911109753
0.239662778919294 -0.0136546349730605 -0.209468694211146 -0.0723453120600621
0.188573555840131 0.132167247799596 0.0535584801674783 0.105534711028973
0.0472081915412533 0.280337245126514 -0.109729738631273 0.0856994003994845
-0.252180584393769 0.106717184615486 -0.166506157763601 -0.121476936516483
-0.146090883786884 -0.215718897263047 0.0872817764851188 -0.202339412571298
0.245765276144325 -0.170181045856918 0.222859615815417 0.0643269529578145
0.242017803665246 0.165303320179247 0.0746027643702877 0.188872148320936
0.0394538190194683 0.335275802955306 -0.0351512336040339 0.166741450888552
0.0414118692890249 0.334390747792349 0.0228365866938169 0.087472464237271
0.201732584314327 0.192284318392198 0.0950365519648129 -0.0819918998080238
0.169794264743213 -0.112591156544937 -0.121698437642029 -0.22165282442324
-0.0784196867850258 -0.124454331500396 -0.335966647217403 0.0419120965900438
-0.0866011276698577 0.131986138562414 -0.0104506303215769 0.235228931840294
0.098125811047253 0.134813580511562 0.152556683255198 -0.0245938092055256
0.218430417294689 0.0562295603488848 -0.0263552073747038 -0.174730224845568
0.200595740705263 -0.0485220284169652 -0.286972745600643 -0.0492328242937968
0.1191124882002 0.146943543271535 -0.000140084111846317 0.0455958847494711
-0.0544196909233501 0.212421737324784 -0.0565700166557003 0.0432763275080899
-0.20750032163518 -0.0331675600752271 -0.131566993967579 -0.0689578320530505
0.00497926211384102 -0.203430165563771 0.0427953471779355 -0.176242084331089
0.251368936629669 -0.0574912968881677 0.238058688276859 0.0343201616624405
0.169654191500792 0.172204648830615 0.128497106005623 0.230781116421564
0.00754422826018763 0.278256840585199 -0.0279397870779484 0.278367631639424
0.0252797529136939 0.28040722590715 0.0324414608251232 0.209669052720287
0.154583919268034 0.155201584035788 0.155611974927888 -0.0324943803746098
0.139115118369523 -0.0578349015042701 -0.0883113499187898 -0.260727360819574
4.97704874966032E-06 -0.090917260916117 -0.37255726190153 0.0151413668778504
-0.0273452368416677 0.0414338590587942 -0.0539111348676534 0.283941446268508
0.0451390912621606 0.0429917179279742 0.146032036353071 0.0362876072747533
0.107996796985993 0.0196497504166359 -0.0140911382106206 -0.125918525120559
0.131498322197511 -0.0482433067933135 -0.32496821537468 -0.0127105609660655
0.0517423317225095 0.110287818821225 -0.0157831190402194 -0.011384498455651
-0.0722088719444884 0.109044763029984 0.0194669147153044 0.0504573383834614
-0.0968564914916562 -0.0572241538204288 -0.141060204184611 0.0195762692435138
0.0494373806015117 -0.0889202990801401 -0.0264400327930318 -0.1786688032895
0.14887538021786 0.00318906021091215 0.246174099199335 0.00418742220862086
0.0877943522078553 0.107582687856552 0.155202790302769 0.254323216814492
-0.00428433735687961 0.169234986475486 -0.0224519184706865 0.354496029778471
0.00802849858142983 0.181726839451478 0.0363441666784184 0.300404483927411
0.0875080306697731 0.109948155575566 0.192497934940465 0.0194253288556026
0.0991219365439548 -0.0149315295106292 -0.0362610999353781 -0.26309551521261
0.0380906875775548 -0.063577324350253 -0.346187940462647 -0.0312760673335042
-0.00872385468083377 -0.00569761526894194 -0.080675497880316 0.284867119714554
0.00381283174883243 0.00766056983619569 0.147347642975983 0.077565675671261
0.0204534236240737 0.0173111293332202 0.0222980221082455 -0.0924550689711138
0.0672394254765472 -0.0174007586261721 -0.330975199791477 0.0058429772555696
0.0207276175371485 -0.0175769760832251 0.301901337468519 0.0137091191610595
0.0202501151666715 -0.00426188886943324 -0.0366659763401874 0.0717476146006703
0.00826408639699361 0.00909112456885671 -0.138424299913337 -0.105324497419621
-0.0131234246826766 0.0140212431395483 0.119307566867392 -0.250771211350856
-0.0484451182622307 0.0147361734827883 0.300880827936682 0.103075717358224
-0.0359093893485715 -0.0311896382025173 -0.015794324632335 0.257611809765313
-0.00360412730829329 -0.0513060024642239 -0.209787010907051 -0.0561713653819472
0.018148210968673 -0.0456331462683168 -0.0395798793541751 -0.350220682870113
-0.00238266770834541 -0.0432396911307807 0.0080470672640817 -0.404205738043029
-0.03433922302518 -0.0101757009936311 -0.183485070308028 -0.251901777773281
-0.0337894895482943 0.0335965677306033 -0.274396907505977 0.0400372463181515
0.00619809231790882 0.0164896334339948 0.066193006423932 0.191916782126906
0.0193084378888858 0.00326368272459467 0.154175727886757 -0.0764009771273453
0.0356384849185807 -0.0221409628364009 -0.0616632461946823 -0.0737865067964971
0.0111797360690994 -0.0409774492614423 0.00490317253717717 0.0364299026212192
0.0745809478897615 -0.043454021585384 0.291329588932773 0.0352641547703704
0.0679793834631408 0.0104958821405755 -0.0375886133936935 0.0693368882776326
0.00515785188751794 0.0226941857608272 -0.126656479077616 -0.135773587245961
-0.0389445288887684 0.00507123254416799 0.159186017443963 -0.244769303842027
-0.0234204059854656 -0.0440028573157705 0.28291462886746 0.147495793087639
0.0448605832828083 -0.0359207996151734 -0.0518240194732784 0.246522526890602
0.0561103833819269 0.0376223256776263 -0.195146326660445 -0.0820045732236431
0.0286999871061898 0.0870225515799611 -0.0291997142870735 -0.341219333849233
0.0243433461870998 0.0869695946279682 -0.0249141959634794 -0.383461081886681
0.0650876232871866 0.0549147490742548 -0.235054306121185 -0.209111146086954
0.0707856907273087 -0.00229597820568243 -0.264263586528852 0.0949226063550713
0.026752864636878 -0.0698774528038263 0.091963931489843 0.168511596511769
-0.0591596532601933 -0.0324722667098046 0.131909900080044 -0.0802517392142974
0.0206480142867229 0.0659628272348135 -0.0463481027359574 -0.0740316088998396
0.0800004573239151 0.0180790337398996 -0.0101507948129831 0.0275982462886843
0.135409356883956 -0.0452348777116473 0.268990295748676 0.0752955604343973
0.127351968725485 0.0409670647296707 -0.0276624580499288 0.0863541376691997
0.00207459891725112 0.0510816557080783 -0.108926983513435 -0.146077334709252
-0.0651856548922853 -0.00308239940176597 0.20141845250486 -0.23200762771955
0.0137424203575764 -0.0964134549564615 0.277871446107913 0.186663414141514
0.124005127830307 -0.0164937191294423 -0.0673604296788267 0.235222646249064
0.0930395633842079 0.143382418279578 -0.158631261714771 -0.0762331930866019
0.0381452376123608 0.207615746958084 -0.0142310757534392 -0.274151131452317
0.086552143243629 0.184646816510142 -0.0485559122043375 -0.313819483710824
0.191123090862179 0.0359538658809981 -0.262248779238266 -0.143084779110182
0.109503887675712 -0.152926438329693 -0.244779245711072 0.142781041200866
-0.0963107546134459 -0.140203331315185 0.0869804819775444 0.158849331705938
-0.150203100062726 0.0509339003681295 0.132472161710539 -0.0352071288211184
0.0713456789091334 0.169487802248432 0.011679932785551 -0.0893708432306662
0.158145522087389 0.0479639758516308 -0.0461314875037186 -0.0134849144492832
0.194253544002541 -0.00716536047958138 0.220636948218118 0.118477132698806
0.181518607506621 0.118246201401321 -0.0377100111477185 0.122561916369539
-0.0265368679620815 0.126000279901706 -0.114309314693807 -0.120189559350842
-0.121461986329604 -0.0119051645982042 0.197352048204931 -0.194713931360398
0.0596077503227461 -0.148651197608304 0.243928255184085 0.20040924464076
0.195879990502269 0.0309294832369428 -0.0605836605820216 0.209623267470049
0.101745590100701 0.248469520317198 -0.109696694127284 -0.0325096808534722
0.0456182003669494 0.294113608543036 -0.000605918665578205 -0.171362273780915
0.16299992583958 0.227857723597799 -0.0339267123910652 -0.222357550919149
0.256400693110096 -0.0635400474622709 -0.224637117698698 -0.105213103512107
-0.0138146225015406 -0.273670936076032 -0.227206994381913 0.151447082531988
-0.265432389632924 -0.021854111227067 0.0877523463192511 0.183678297765005
-0.108677805558758 0.221686962312732 0.186400582052823 -0.0203191026158208
0.193522927198285 0.212423775181066 0.0478892171260304 -0.1513114597228
0.223373054611061 0.030877052814094 -0.117545266187573 -0.0585636350218293
0.22039740589369 0.067198891035319 0.140101002888883 0.134095357431857
0.162357465335642 0.2327284250323 -0.0860088273811436 0.132675121645636
-0.139499277766631 0.190203378538703 -0.162750227277058 -0.106073165128767
-0.195909732712471 -0.088717446531443 0.128485009299958 -0.18978143645636
0.142319634563785 -0.19831508815817 0.207007332910765 0.136873171132576
0.250723147584355 0.103063317206324 -0.00696610290427702 0.1793302984893
0.0804124685576124 0.323583352701925 -0.0616386867343894 0.052258308293055
0.0476098330230563 0.339715059678303 0.0101108375931894 -0.0450043962292255
0.20919761151332 0.22370450395805 0.0222587876632432 -0.141554666608951
0.222901314230073 -0.130480512121845 -0.161384593009204 -0.147497164863548
-0.118762601267233 -0.21680376681613 -0.256914415456682 0.095197994664686
-0.223378360332294 0.147177119281713 0.0618181489889068 0.194538244458636
0.0446526224562299 0.25076416449905 0.191622950191216 -0.0506479147241485
0.271162140277021 0.145900629696203 0.0125774268508249 -0.197714296925223
0.24211072247549 -0.0141010535767216 -0.211783926862036 -0.0715781236783741
0.190819396691572 0.132987788686196 0.0545323829774987 0.105737739960945
0.0494898275018313 0.283866816232371 -0.109823151814039 0.0870059447211252
-0.254178617201588 0.108461676204479 -0.168684871410519 -0.120915950917002
-0.14617542693337 -0.217902809968336 0.0888811423530817 -0.20455491013101
0.247228905832293 -0.170631578801767 0.224421156266673 0.063814468087988
0.242019791716256 0.167637380079943 0.0752605934243887 0.191160517523584
0.0380899828047408 0.336200867216648 -0.034944330561248 0.168441047860987
0.038094201799455 0.335603155847594 0.0217409339906766 0.0870652609472946
0.201390977512372 0.19467635432184 0.0946604882259577 -0.0832085919450247
0.170830711690078 -0.111308359752681 -0.123014555038512 -0.223472856020512
-0.0767227233998646 -0.124416357187948 -0.338188566287256 0.0437039753060292
-0.0853585255115273 0.132511169152858 -0.0105683438358315 0.238098007227666
0.0973754619398879 0.134116803228467 0.154891829108669 -0.0235573162231664
0.218730339924884 0.0554357958984862 -0.0259285848118582 -0.176172191016555
0.201897329882356 -0.0492042290161528 -0.28954476117152 -0.0483445992427722
0.121128169542795 0.147098232441574 -0.000549110168063039 0.0448876117149659
-0.0533755509484806 0.214188302364075 -0.0559843225650747 0.0438663969237133
-0.208877977966116 -0.0323326541645718 -0.132895345771292 -0.0673937811269736
0.00527449372853932 -0.205874959574715 0.0434157681597252 -0.177916425519308
0.253147464818235 -0.0584450921889241 0.240905514252062 0.0350135053850723
0.170569461819993 0.174243665966005 0.13021278404298 0.233212119798419
0.00542311496879419 0.278964022564687 -0.0293443486117888 0.280215391087963
0.02342319177921 0.28195317931051 0.0308477501869994 0.210941837890611
0.153418094242687 0.156401227142186 0.155708803287776 -0.0325096623968771
0.139789435787925 -0.0573937858296141 -0.0901493150988745 -0.262774862876283
-2.98378087029089E-05 -0.0917229345559278 -0.374919206756537 0.0183119399518894
-0.0275729036697977 0.0399831249463044 -0.0522983959991919 0.285077088668849
0.0445458949410281 0.0425996685600108 0.148682257740332 0.0359285251523947
0.108281159897679 0.0191430449853817 -0.013714179587031 -0.127489513518692
0.132893385687586 -0.0480547869719962 -0.327365192011252 -0.0122483958041573
0.0532604408574732 0.109998165330694 -0.0168359784183882 -0.0126367433915287
-0.072845028064975 0.1111565935094 0.0204547278725359 0.0499423097082423
-0.0972919679934419 -0.0575117629927666 -0.14089784302224 0.0204923465500465
0.0503665404523963 -0.0900354023607393 -0.0268968959570333 -0.181035545775986
0.150485951205214 0.00255456668262044 0.248659232083215 0.00472099186976829
0.0874461002240629 0.109303290728057 0.156481843354604 0.25569825603187
-0.00477614771526255 0.170800046940509 -0.0238538594347856 0.356525067578687
0.00732812381163312 0.182139747504223 0.0362761258153088 0.301525345297584
0.0877814057250733 0.110931496501437 0.193177561875627 0.0194736111962577
0.0988216736875756 -0.0146073208589441 -0.0374124309975252 -0.264448720439449
0.0380568677674685 -0.0633170552328161 -0.34746123812392 -0.0299227835108199
-0.00790751762317151 -0.00509523084102635 -0.0804524253756823 0.287794054969778
0.00365713336602288 0.00608820153544455 0.149181922928482 0.0787573043010536
0.0208586927130108 0.01847374488913 0.0235754276541682 -0.0940200182130791
0.0679079540860405 -0.0182336383726966 -0.333294845675601 0.00674507972359656
0.0341945825765048 -0.0105795052143046 0.28396000386701 0.0810015284849499
0.0194006586671575 0.0029316946952109 -0.0520269975722961 0.0598549605421293
0.00207814851055873 0.00750359419622504 -0.107818554445819 -0.133838642298368
-0.014267468207884 0.00469519382032905 0.174354585817135 -0.214371471674293
-0.0459913741017519 0.00477579425293485 0.26969530395049 0.170003448890899
-0.0286914085178583 -0.0366926310554271 -0.0738679010594363 0.246728962132398
0.00771782141216531 -0.0515309973093628 -0.191907738883353 -0.101452037940287
0.0281237603636478 -0.0390662315510941 0.0365476299762903 -0.352950329265269
0.00720215957129222 -0.0397837305577657 0.0930703422633815 -0.401065840497174
-0.028696792146939 -0.0150911507415095 -0.128212034224805 -0.289733479492048
-0.0367430319779622 0.0236831627268903 -0.283399954435517 -0.0180445410959779
-0.000811895491438405 0.013057676629817 0.0259724612220055 0.206824514602349
0.0162376509551563 0.00985907574055055 0.170778376220005 -0.0452619063967939
0.0424244512150604 -0.0141050359467859 -0.0473154479480717 -0.0854172843700166
0.0186854077572222 -0.0402164977257962 -0.00216732401835084 0.0392321162158319
0.091912869543069 -0.0225432279329884 0.269272835090776 0.0982704568579105
0.060541006086336 0.0277914990603868 -0.0512699315911935 0.0564216962430773
-0.00544418745743366 0.0178852373734815 -0.0898279008699938 -0.159929312050351
-0.0352476240353185 -0.00951969471446557 0.211581550577362 -0.1990503293485
-0.00982949648291924 -0.0459788550008335 0.242796054342798 0.207268187576134
0.0511770865482025 -0.0240520600027582 -0.104206378746695 0.227057996679719
0.0451448692958893 0.0493896488790677 -0.171401038861355 -0.122620664831911
0.00875372475196699 0.0947729132651896 0.0456270810284186 -0.342301526251168
0.00660682771021784 0.0953088081551036 0.0569207955059872 -0.388132177572513
0.0572543115641282 0.0702924111640059 -0.188053200936939 -0.259155144387574
0.076299463817205 0.0107255926920627 -0.2866593962446 0.0386773548297549
0.0383651960020296 -0.0688514321899011 0.0567572363855827 0.188128860033549
-0.0555742428016147 -0.0422574781384834 0.148282181186119 -0.052334090246997
0.00822825175415875 0.0721956064826727 -0.0317921409023588 -0.0839116672686421
0.0766973074606262 0.0333228075550488 -0.0159413880543605 0.0252944524993443
0.148601626327047 -0.0103393377206905 0.241638970103137 0.129082792510254
0.1106942717781 0.0709951536891796 -0.0429515072951676 0.0745472995865562
-0.0136605995700339 0.043883668400929 -0.0697170736237321 -0.166165156793107
-0.0580853665201226 -0.0230236917638035 0.2480009333992 -0.176693100521511
0.0389069281034175 -0.0892131117887664 0.229415105313067 0.243100407701723
0.123331855180427 0.0124400127949425 -0.115703885190228 0.21235638411234
0.0594964709442753 0.160759445242945 -0.136046825252241 -0.108653681803159
-0.00821541891730445 0.21403249852493 0.0475435222690375 -0.273700017445168
0.0473957688187688 0.206617842149281 0.0186949852922136 -0.325972074309718
0.1872388434586 0.0781902766567363 -0.229906684953471 -0.199662401184363
0.147309559793813 -0.13434668628479 -0.277289209616444 0.0921979739615103
-0.0703565722614019 -0.16609387637528 0.0539220238734569 0.180257547471615
-0.165816575847288 0.0217121560512086 0.141958198377701 -0.00748881449383218
0.0365751856137768 0.186805570760641 0.0304549570401822 -0.0891972489505315
0.150077981469668 0.079573619046126 -0.044487750095767 -0.0245629163236349
0.194072220010419 0.0422260471631986 0.187811837235787 0.158483221840449
0.145557975157058 0.157482386559721 -0.0585951648098049 0.107345470045936
-0.0568378449844324 0.111197042821984 -0.0800563308617878 -0.140384905783715
-0.109920665163047 -0.0426288676049664 0.23394139559211 -0.141508999793465
0.0943002702487145 -0.128442972604221 0.194145451641135 0.246971562563185
0.183988924167561 0.0742788197675935 -0.100153443766544 0.189304041587129
0.0440979122506646 0.266770668150469 -0.0969732801136481 -0.0539851398965645
-0.0203374309036208 0.300224658755864 0.0381214088499383 -0.169250369301924
0.112815982239089 0.265261720285654 0.0147309671931957 -0.230960285425047
0.272011533337988 -0.00818713610407123 -0.203323050941493 -0.153923573822065
0.0490760628298342 -0.282903836372647 -0.261636197862145 0.105888053224272
-0.266968605724654 -0.0826235817060576 0.0510630397699517 0.206000520650106
-0.162301653749748 0.201208555916452 0.194076852477442 0.0159937623968258
0.14957022545081 0.257472587985327 0.0784773110869547 -0.146191475922671
0.223031221355808 0.0773405275088847 -0.108224052132959 -0.0847796557925143
0.201397770713266 0.119332536251999 0.10949074517404 0.156710394085989
0.100207392294403 0.265062266267209 -0.105282315550865 0.108836886633861
-0.182951016279436 0.149846205972254 -0.131923603613093 -0.133672450420826
-0.16542373083699 -0.133363363606858 0.163748588017738 -0.153846159821094
0.185796085774837 -0.159104162001706 0.173338679404769 0.176171196140634
0.222259391005219 0.156683061568217 -0.0416594088803087 0.171788100667226
0.00705972333730392 0.336596747809079 -0.069640542421668 0.0414886134382165
-0.0285409004361519 0.345032742441447 0.0210714022857922 -0.0434709299228899
0.158273601294166 0.269925963463668 0.0528480191723888 -0.138436343724755
0.253196361951885 -0.0791649547702315 -0.131840926579159 -0.182125699406746
-0.0681314345287873 -0.246073697742357 -0.279649564671806 0.0441579981609275
-0.258341574591457 0.0958841748732732 0.0243682532290071 0.21054306984389
-0.0125464474444211 0.264098417747915 0.204469875142619 -0.0148822229240636
0.241853837639693 0.206284008020706 0.052005777290944 -0.199274513828439
0.252311671983638 0.0358988756598553 -0.202604340638164 -0.118487485747179
0.154876860282687 0.174521243614063 0.0348963911252752 0.111893117482895
-0.0194237030241395 0.287215941005487 -0.119308438257115 0.0631270111972983
-0.275047997541554 0.0447480440948371 -0.137383547812768 -0.148720645593719
-0.0905228036051425 -0.248904218260684 0.1280116867061 -0.180110714933656
0.284165810103833 -0.11042242063206 0.207468474291196 0.10896204453648
0.199783221174775 0.218136794737745 0.0355460411913285 0.202898208694468
-0.0371646340215976 0.33902877702216 -0.0703492985433756 0.160909990682547
-0.035483873867632 0.340819776065353 0.00247352321663113 0.0904945524781267
0.156532290626257 0.238665759522887 0.111752700844185 -0.0646088537829268
0.196963710082644 -0.0698052844334075 -0.0788845912853774 -0.24833290381958
-0.0436381305088715 -0.14490314804819 -0.351622259873432 -0.0244246746215879
-0.115524034445648 0.107591651744582 -0.0576255158063253 0.238485618856191
0.0655799359827318 0.156133069904087 0.161133116177656 0.00575197288208452
0.208902842379421 0.104533888614663 0.00874175868897577 -0.184941139508997
0.220331417670974 -0.00729426051262115 -0.285719921679983 -0.109124643732419
0.0833676789082026 0.17059819965972 -0.0055501096247576 0.0425521639560465
-0.101275698790511 0.196844306620726 -0.060635399701484 0.0341515033586404
-0.197678659268815 -0.0803353313735673 -0.117139544905029 -0.0921439064852259
0.0525137228624043 -0.20221438602577 0.0807219818334307 -0.166168926822502
0.264488271317918 -4.4302478717043E-05 0.230587050426027 0.0864987113927584
0.128606800534927 0.209017919263488 0.0776689357783516 0.257716966903312
-0.0562985028946355 0.275146039228984 -0.0889048336519862 0.270576626605557
-0.0396515078529088 0.282237991292871 -0.0158864137570497 0.213499660446326
0.117061666604497 0.190795430960133 0.160713029892595 -0.000527793716437142
0.155009478154345 -0.0229081229831858 -0.0367900647540217 -0.281758341654716
0.0275755828546852 -0.0945970238819172 -0.381439260578377 -0.0595418027065388
-0.0367000637026322 0.0275925944931995 -0.112571007301048 0.27761243437965
0.0323040087490563 0.0511906191733096 0.142501460372189 0.0664516512073956
0.104621194554834 0.0448651591464165 0.0121478755712957 -0.131657768627938
0.150450519301003 -0.0218888550576876 -0.330908795629199 -0.0814679057924531
0.026494889982238 0.118112350139341 -0.0106545699370085 -0.0147522092537073
-0.0942122297043856 0.0925029175014022 0.00870227469937944 0.0548853731379601
-0.084663316137772 -0.0766146164423177 -0.14305577937972 -0.0118756516181258
0.0686143798362634 -0.0797990018204059 0.015674129653006 -0.182575844998433
0.150417435721141 0.0354302556850981 0.244201340652345 0.0608140603434345
0.0627509527792412 0.127207401354402 0.0980946785448534 0.286129980619055
-0.0419147528212166 0.166758737387878 -0.102646958818387 0.346085172577545
-0.0328401037458544 0.182073526055045 -0.0302653906540761 0.305147875808465
0.0602297789659237 0.130782960298771 0.187075822786517 0.0592449113786864
0.104242420543467 0.0110326493943607 0.0172965845331576 -0.270960153004363
0.0580982572245288 -0.0573072748502627 -0.343258079896313 -0.101753774828132
-0.0073092275703853 -0.0143957820856109 -0.14191294104129 0.27306449288959
-0.000443693514955772 0.00574036822397724 0.133514376434003 0.110129818003577
0.017226645337146 0.0253513536279131 0.0448724602065477 -0.0900455675566726
0.0804934448483953 -0.0043116482509979 -0.339661257418862 -0.063375515449447
0.034486812109801 -0.0133308528528681 0.286871526383823 0.0745662273898849
0.0196563379840254 0.00315075589210896 -0.0526508445520973 0.0620495085132248
0.00113594167092158 0.00659667950585962 -0.111354153222271 -0.132280076697861
-0.0149627600115453 0.00458435423975939 0.171762026921524 -0.219672832645017
-0.0471373590589747 0.00579517200340732 0.274520677925794 0.164959446402295
-0.0289627650618177 -0.0370170982089188 -0.0688692355438541 0.250020708306635
0.00637580883463987 -0.0518902506666949 -0.193899504008838 -0.0971246382555127
0.0282936358060144 -0.0408248350856587 0.0311683363503742 -0.353958924417817
0.00703359532254631 -0.0404299670479583 0.0857663989134423 -0.403055605678862
-0.0291871595934269 -0.0141894174156586 -0.131631066942473 -0.291089676855594
-0.0346703803140308 0.0249065067208008 -0.286801034682549 -0.0118354283266013
-0.000722653015201492 0.0122693700659125 0.0298399640087787 0.206863473619166
0.015469794738014 0.0104192925082594 0.170496130087893 -0.0490940772887175
0.0416552845162475 -0.0149592048173806 -0.0497355011969087 -0.0842787652685376
0.0182208135039388 -0.0411107012150162 -0.000857226115454987 0.0409861911859041
0.0910035862554028 -0.025676040157549 0.273578424397907 0.091504305755792
0.0617878918588683 0.026330215732717 -0.0510961720902711 0.0584886149078388
-0.00538145781447526 0.0165398019401036 -0.0936485031663393 -0.158205351055948
-0.0360379041951696 -0.0095706610697619 0.208412851845022 -0.20522490345772
-0.0106652110989659 -0.0460380117527913 0.248254312089899 0.203279213471695
0.0507108237713198 -0.0248719676084155 -0.0998724890089682 0.229263804119619
0.0459761335212653 0.0491412538570359 -0.173327321984308 -0.11911110631943
0.010206126521002 0.0942735510242929 0.0400901444551443 -0.344108912166137
0.00775637433862021 0.0952383649874639 0.0484015099179632 -0.391823149419717
0.0573327937644028 0.0702256661829169 -0.192448436421979 -0.257841007007604
0.0774330188108891 0.00872119508839805 -0.287214363128272 0.04511828702728
0.0362637450579285 -0.0708013964031381 0.0596936579878158 0.18828400677483
-0.0580299982058518 -0.0410321357453785 0.14877590513223 -0.0558688344799545
0.00988289677669684 0.0722506128979646 -0.0342391961025899 -0.0828979088754614
0.0782496665182399 0.0317827059299809 -0.0150431199396381 0.0274553598774434
0.147884184749167 -0.0143681462636075 0.244854248610904 0.123526231229735
0.112404810245629 0.0674702122227674 -0.0413962627736827 0.0754346735330933
-0.0141147777557421 0.0434222276486824 -0.074691054757639 -0.166116546368898
-0.0583750564301985 -0.0228076402420192 0.245764531844236 -0.186169112738261
0.0367008745529611 -0.0888623052038115 0.235878388686895 0.239401304135995
0.123030172925802 0.0111422051399746 -0.109374352559818 0.215287436913303
0.0602501274503599 0.16044264720836 -0.137438252135197 -0.104641617634904
-0.00539200479847592 0.214882032433011 0.0425213639225242 -0.27620504809609
0.0502561222381176 0.207073670740137 0.0143685699889619 -0.328263326139075
0.187528875109615 0.0745334305440909 -0.233062574542143 -0.196936087806307
0.143811888554637 -0.138001075653323 -0.276778542485283 0.0992919453072258
-0.0752507112100101 -0.165948551568529 0.0579022738842527 0.180075983754379
-0.166684818168079 0.0264829170108703 0.143682412526093 -0.0113088871114644
0.0407854210576281 0.187652587394993 0.0283251094995196 -0.089962834567326
0.153469388552874 0.0763736353978314 -0.044943284692007 -0.0222848936926975
0.194538747267803 0.036829447461749 0.193166185385955 0.154886506850755
0.150770037643216 0.154070016245255 -0.0560400045775071 0.108503100274957
-0.0556844554455223 0.111180712208809 -0.0845754577008902 -0.139335337229843
-0.110491725093251 -0.0405833666086812 0.232569629232659 -0.148852683068138
0.092178490876062 -0.129699302364658 0.202986547454148 0.243443763005366
0.183961633043004 0.0719311254499211 -0.0963902919679445 0.19244472198852
0.0483940499668002 0.266757527680952 -0.097245572072134 -0.0505746436025086
-0.0167309312135509 0.300785398387402 0.0355029854757652 -0.170724386149622
0.116834021634417 0.263498222661843 0.0109905854947562 -0.233435567330286
0.270917519219616 -0.0125409538567558 -0.206278536787457 -0.151700336292327
0.0426637794442426 -0.284797951824616 -0.259622533158853 0.111844167057828
-0.268908504698082 -0.0767432500694214 0.057098586218863 0.206148197667296
-0.157892669548966 0.207633057065894 0.195914234519113 0.0111336505407899
0.156943996304695 0.254447521374747 0.0758082524441577 -0.148370208676795
0.226641643794049 0.0715945477744532 -0.112002938853 -0.0811150815629371
0.205136081178928 0.114415407434442 0.11438946683913 0.1537678433471
0.107527584993903 0.263300742580145 -0.103806350011044 0.112099287207304
-0.180201989542068 0.154316666908438 -0.135644681058112 -0.131485829387238
-0.168141771398002 -0.129245702264564 0.163005909010806 -0.159046742064282
0.184077319020257 -0.161686236612253 0.178907587657628 0.174009143706647
0.223820501112035 0.152710813187906 -0.0379464871474368 0.175158040504045
0.0124074776167719 0.33659588038182 -0.0689051532974816 0.0439774291944872
-0.0237793414245879 0.346915435476251 0.0199690254434897 -0.0442065669759088
0.162603763218035 0.268478322179386 0.0504067870652605 -0.14106706103945
0.251196319608189 -0.0838037902872787 -0.137513060818627 -0.181603488660124
-0.0731109025277073 -0.244344086747512 -0.28020936618532 0.0511480960250406
-0.254287217009966 0.103165957345897 0.0289628539731812 0.211367255349353
-0.00675506561744758 0.265216334980069 0.205599705268421 -0.0193776652754168
0.247197289709665 0.201484558538099 0.0476485480354444 -0.20252267715285
0.254479804798311 0.0300121732627714 -0.207050982176009 -0.112982525264311
0.16137095388341 0.171285952744946 0.037565107046945 0.110620558840856
-0.0115048539938024 0.289245064672072 -0.118088771447893 0.0654598724841654
-0.275208883560357 0.0517159865007969 -0.142421148681959 -0.145366923502139
-0.0955036161310183 -0.248270675737076 0.124062295954963 -0.184302216383218
0.284212038616989 -0.116833043407379 0.211705918640755 0.105846709199084
0.203733836449288 0.215275997707808 0.0394891881361543 0.203478650745416
-0.0316049730726049 0.340594851119431 -0.0671618903956746 0.163869189924589
-0.0316106361706844 0.341815365400902 0.00214666113862951 0.0903123162471837
0.159216556686229 0.237120049399189 0.10966344578916 -0.067051195500567
0.196524967016656 -0.0710454952630343 -0.0844583898908219 -0.248800605173489
-0.046165546279047 -0.143508287042649 -0.353532189050131 -0.0159505751845356
-0.112257481714388 0.110468183790437 -0.052014665798819 0.241197192320838
0.0691623875059956 0.154005314455498 0.162581090255169 0.00170328711639773
0.211876395767152 0.100003732824461 0.00427828451288005 -0.185803297492252
0.22137142586592 -0.0128738660158903 -0.290561156720486 -0.103409899674892
0.0898160429567644 0.169569052230872 -0.00542942137039053 0.0425218675027721
-0.097141741984903 0.201071600982251 -0.0593900232356017 0.0346492179965334
-0.200441370013912 -0.0753624982012084 -0.119146243244366 -0.0887851289283694
0.0491927042458073 -0.205351178324585 0.0767922571826948 -0.171288898810316
0.2675453611392 -0.00528235864267161 0.234603467911056 0.0820453721093672
0.131440247191167 0.20703080793576 0.0824414907103768 0.257114714928986
-0.0516402901828859 0.277026609154252 -0.0850213143442347 0.273061283353317
-0.0344014679365568 0.284642875468965 -0.0134096824933206 0.214821723703082
0.11986911381094 0.190431966979368 0.160109617921261 -0.00383370579884613
0.155287223278206 -0.0243442592639866 -0.044078292631169 -0.281928636194604
0.0262412149388994 -0.0956759221797578 -0.386220174116163 -0.0488314878145734
-0.0348685513277795 0.0278485109893984 -0.105571494905985 0.282196397540452
0.0336100389459496 0.0499952274586234 0.145689447691521 0.0638927065844772
0.106268537620624 0.0434207182056657 0.0100582479541346 -0.132697306275382
0.150385607292128 -0.0249675075387919 -0.3342345440035 -0.0735504863378765
0.0311265928444619 0.117671296881604 -0.0124398957989348 -0.015902084147066
-0.0918478061935728 0.0958914859502298 0.0104797992403844 0.0538490302560979
-0.0858026319693447 -0.0743583109311934 -0.143003060638781 -0.00660314293729936
0.0682199458636843 -0.0823023731581732 0.0114096546957035 -0.184303745463707
0.152525719033003 0.031384779155394 0.247778508800558 0.0554258407044555
0.0663013316514674 0.126845974780617 0.103486544424809 0.285186227234746
-0.0386385444445497 0.167405668132095 -0.0981858307183103 0.348505638718804
-0.0290035936372714 0.183814918496302 -0.0267335726818852 0.305194685673795
0.0634237736317806 0.130507326021406 0.188399400560763 0.0552821449319102
0.105487208051024 0.0093505760858204 0.00888700329075 -0.27187879967711
0.057802886805665 -0.0577455415389205 -0.346838134131208 -0.0948095374007841
-0.006114939775171 -0.0138980150173237 -0.136265716131127 0.275248536405215
0.000658037408173513 0.00468008336956268 0.138033826250043 0.107654957015921
0.0173809146832134 0.0250193271995566 0.0434819621809369 -0.0915799691802519
0.08032886207904 -0.00552330544712269 -0.342343406846078 -0.0551010607489699
0.0334896475494442 -0.0147636338227667 0.287850380746326 0.0699276130172603
0.0197335351319821 0.00220364302039303 -0.0525121604225924 0.0626337875739774
0.000568671127654784 0.00511541010795125 -0.113474662056186 -0.130220650233687
-0.0144220052499786 0.00482800284461006 0.169793990682834 -0.221825013346133
-0.0468230192884045 0.00705679591925909 0.27683233929496 0.16077171182473
-0.0290761808939056 -0.0376998536731961 -0.0658472048408209 0.249594130785809
0.00585968653325284 -0.0520243605862794 -0.193388331421837 -0.093533738351248
0.0282148036011068 -0.0412884356842506 0.0269833377364715 -0.351082214759969
0.00746060620176641 -0.0406179687443716 0.0811121169827612 -0.405228788327149
-0.0299173757721857 -0.0133021718531815 -0.134165903700341 -0.289662725268037
-0.0342403427103201 0.0239338871780698 -0.285134296084529 -0.00769088970566658
-0.00094546715789133 0.0112310570340192 0.0328368240523926 0.205880923099902
0.0153305129587603 0.00989253366169248 0.168830340894521 -0.0522164305686382
0.0422667243812845 -0.0168987394311399 -0.0513805299609386 -0.0827476098138213
0.0172658496685972 -0.0428571002484318 0.00102415531344903 0.0429067842364204
0.0890632985677491 -0.0280820742609101 0.273384090880134 0.0872135572364838
0.0611620331943755 0.0247944599584414 -0.0514979264119758 0.0582773970576078
-0.00509865897553831 0.0153927039431648 -0.095532470296086 -0.156332885131101
-0.0355554590607016 -0.00907336607018206 0.20666104925798 -0.207861820016262
-0.0115459005343945 -0.0450530441586055 0.251459898022505 0.198952997907683
0.0505752775920257 -0.0254477300759572 -0.0972090625134445 0.230019507239284
0.0456003036348216 0.0480436422253034 -0.173006645861898 -0.115481885405527
0.0110202588585927 0.0933496451041531 0.0365285005088732 -0.341294328288608
0.00861273226659495 0.0952338423184416 0.0447360112898589 -0.39047822547094
0.0566653279814582 0.069695166676757 -0.193597322285151 -0.256226812313975
0.0784459657337297 0.00767377763934084 -0.285593997482955 0.0491719074917095
0.0353349815910322 -0.0720960398557611 0.0624809741538314 0.186392547836754
-0.0595154209310328 -0.0399755288156482 0.14776687973065 -0.0579587488922957
0.0103597021069625 0.0719234094113633 -0.0361235352308639 -0.0818972457361966
0.0784838924795392 0.0295713592044166 -0.0136799489194619 0.0298879520534205
0.147309540933696 -0.0171113747210105 0.247237533866156 0.1188575826594
0.112748248162609 0.0644152530290605 -0.0410913803981385 0.0752386843622291
-0.0137804867698601 0.0409216208019643 -0.0773757241570213 -0.164871483403178
-0.0579842154402836 -0.0227302423156142 0.244267838318247 -0.189743580301446
0.0351675232006889 -0.0881921913006452 0.239969637680944 0.234248851317389
0.122246326296753 0.00978019566857904 -0.106204757443785 0.216193880585759
0.0615722485874617 0.159370105994853 -0.13787367045504 -0.101929923726406
-0.00430637392135359 0.213219343900832 0.0389101570993487 -0.275029338678252
0.051173297416079 0.204661287236008 0.00968201508150263 -0.330252172810869
0.186247406113807 0.0736586832714036 -0.235423025186956 -0.193394280093706
0.142902059546049 -0.139997987126135 -0.274815703695504 0.102040873606403
-0.0770000524549542 -0.1651312635419 0.060608751464142 0.178617232525006
-0.166397742639609 0.0299328565757283 0.142872719178772 -0.0139899754137029
0.0443694803112651 0.1868474677758 0.027181942235 -0.0905797171336214
0.15487666151295 0.0734637970200669 -0.0454046651526897 -0.0193237984069361
0.195106724638547 0.032981476002462 0.195177151447455 0.150005802715677
0.151702477954645 0.14950254341831 -0.0530981526569314 0.108640120971436
-0.0542630005786661 0.110315094834192 -0.0870369915159028 -0.138624529815033
-0.109561811059387 -0.0390648099419329 0.23146050913891 -0.152900594714423
0.0901471243245681 -0.128237108426027 0.206974489754258 0.240226901037204
0.18377746569746 0.0707609602186408 -0.0924782670569098 0.193944698092004
0.0498553510692221 0.264854185771877 -0.0965447498691219 -0.0481957192636297
-0.0142764148961784 0.300494284121779 0.0324866934604739 -0.170131164196974
0.118382146437765 0.260956850326022 0.00767983008794556 -0.234896366628131
0.268813946859915 -0.0147006977232373 -0.207026593427578 -0.149537885109486
0.0391920945998091 -0.283443303142315 -0.25787988931664 0.116289786086372
-0.268329996964643 -0.0732990274363484 0.0593427253987183 0.205591905360342
-0.155462639021377 0.209139208591649 0.196775956456069 0.00733649924616708
0.160043605374789 0.251680096607706 0.0729621687402086 -0.150689289565142
0.228658551565303 0.0680882009916214 -0.112887810550973 -0.0788859875387823
0.206804673273086 0.109818152169343 0.116723930574435 0.150657485654847
0.1127386762461 0.26085289726196 -0.100824774062449 0.113556191005933
-0.176665682757819 0.155973550310737 -0.136989312199953 -0.128865052474936
-0.168763621284236 -0.126460220092178 0.160617042516581 -0.162052983378974
0.181800689572557 -0.1627477484247 0.182114957109713 0.171450000565818
0.223369001178447 0.151360012572416 -0.035759006458316 0.174985267727264
0.0157797103279595 0.33468076227026 -0.0669785098589087 0.0455485130996146
-0.0223263412980674 0.345511693881396 0.0182719142586015 -0.0435591021373463
0.16325124834093 0.266453001114322 0.0472243265979442 -0.143387417270283
0.24828569383369 -0.0831066058960757 -0.140334498108113 -0.180374551561029
-0.0749211298607576 -0.241384987978894 -0.27954325487896 0.0556893784454571
-0.251003516948615 0.10527397354071 0.0307391406678361 0.210921284479059
-0.00278480967035084 0.264840594672993 0.205155101374637 -0.0227104169433816
0.24977234735822 0.196594622131101 0.0441763411128575 -0.203378674322333
0.255501768251782 0.0254522687141678 -0.20959528791631 -0.108451598268666
0.164949835979948 0.167784420825176 0.0379507097801467 0.108807025522885
-0.00627419389363281 0.289275487691058 -0.116113240429899 0.0667368061791036
-0.27296673559135 0.0560906392848818 -0.144082215544584 -0.141715082714642
-0.0990873818114293 -0.246390727560801 0.121407158587784 -0.186055332205983
0.281550377461831 -0.118060283293004 0.21257834980876 0.103251506842441
0.204413877426396 0.213543604779776 0.0407831676877695 0.203413235845812
-0.0288696885766021 0.338723309790472 -0.0648753174788955 0.16501991347771
-0.0281871439848896 0.339771154511927 0.00170195446929313 0.0899122144624939
0.16150893188688 0.235521944740137 0.107064341254885 -0.0697966672493004
0.195329474700611 -0.0709975498572674 -0.0895938255421889 -0.247791228705315
-0.0458359267128542 -0.141989190265287 -0.353894128148748 -0.00904454218318224
-0.10774022753874 0.110728909631453 -0.0491398293316504 0.243279236903243
0.0707624231689512 0.151729727435809 0.162800486368488 0.000167907872861291
0.212905508695393 0.0973772932920017 0.00124244934193587 -0.186215465177218
0.220869458356684 -0.0160217402312652 -0.292809192426265 -0.0978907681232108
0.0939162083656714 0.167992757037757 -0.00582813453779758 0.0421824465548889
-0.0925703113154426 0.202707792335142 -0.0584891456004754 0.0341607052033462
-0.201192807788303 -0.0712460618254479 -0.120680750203062 -0.0856290701380977
0.0462917154222681 -0.205610561036635 0.0738726658849858 -0.171849931911207
0.267547639389952 -0.00973841201194733 0.235859341541028 0.0794650276428215
0.134193627855989 0.206324271926318 0.0849883676072452 0.256025511928687
-0.0493103370238727 0.275894378461492 -0.0825093170196381 0.273875270805478
-0.0310860938219117 0.283918740104171 -0.0131631814997457 0.213323337159028
0.120699032831723 0.188925497740433 0.159107079536138 -0.00767965925262749
0.15486479868634 -0.0242215669124495 -0.0498074982192146 -0.280351763234813
0.0263663953419623 -0.0947938542529447 -0.384977724358785 -0.0416252520462793
-0.0337106819356499 0.0280337464986992 -0.101409233175393 0.283621308625057
0.0338667299644643 0.0481035850313255 0.147189485087835 0.0616597130773227
0.10585845027208 0.0422614909055629 0.00832815421572611 -0.132976419141956
0.151092736707249 -0.0272544046544936 -0.334831722224966 -0.0684550576064451
0.0339912362748239 0.116579089152786 -0.0139729705992363 -0.0165414591841708
-0.0901008488310047 0.0980346086375946 0.0110673021436366 0.0520776632319533
-0.0858265657622245 -0.0734756662542193 -0.141651247702973 -0.00379153028398194
0.0670133075413054 -0.0831586896113265 0.00762179096189911 -0.184505947196231
0.153869368393655 0.0292337897169998 0.247904916569901 0.0523219202439113
0.0672193138442997 0.126076627477218 0.104946642497651 0.28272807291063
-0.0377994863067572 0.166990574888202 -0.0952929566142872 0.348421931032881
-0.0263716655543801 0.18354119185979 -0.0256566274584343 0.304411705660394
0.0640304017911478 0.130805831434597 0.186531437317211 0.0521604193277218
0.105089881713003 0.00971155098486483 0.00448920098865022 -0.270664928614889
0.0572595186493987 -0.0573675706270778 -0.346853109434276 -0.0876460766950626
-0.00550146433332776 -0.012721713201597 -0.132740587813232 0.276043136054703
0.000635231914655015 0.0031896446044569 0.139647329787529 0.106131010763231
0.0173729225093283 0.0257360831378809 0.0439411669006977 -0.0936672935262742
0.0809128427567231 -0.00625236221016293 -0.341798600307783 -0.0497236420516233
0.0332805323592345 -0.0156760958802933 0.290336083178735 0.0672491700169882
0.0196500641272793 0.00137790055087669 -0.0536140967065225 0.0646896677692305
0.00030353833802174 0.00497299819168402 -0.114352882905718 -0.130996802262106
-0.0149713862662997 0.0043686993187229 0.169172656435371 -0.224621641089811
-0.0471271911356323 0.0075699443703156 0.279561644678083 0.158544602360192
-0.0294153657885037 -0.0392983518322523 -0.0655601341399553 0.251679705405764
0.00574388637153013 -0.0529357496108152 -0.19412827261873 -0.0924406347905231
0.0291280960450095 -0.0425069186830128 0.0259629195676624 -0.351792315319844
0.00783639913375021 -0.0413554125390446 0.0812659512874723 -0.408448961309874
-0.029894725259769 -0.0122950234872713 -0.135709666121149 -0.292963697755073
-0.0330090930584993 0.0232576418604896 -0.288316863065708 -0.00657112360363783
-0.00130760681485143 0.0112830075969945 0.0339889494241818 0.207107806530103
0.0147598491425621 0.0104401948632194 0.17002831569233 -0.0545778207372935
0.0415758146775156 -0.0172202668568197 -0.052783228565246 -0.0820952462808261
0.0169754353534782 -0.0434065057510836 0.00217997693471766 0.0440954818892883
0.089162722883198 -0.0300607982019823 0.275027555401757 0.0844393391737638
0.0620904622623615 0.0242507117111871 -0.0519284423583145 0.0592356691790309
-0.00557569162892729 0.0147202113313321 -0.0976869060098896 -0.157288714934481
-0.0355975997531323 -0.00935984218144743 0.205922686590747 -0.212031838243589
-0.0116801365404307 -0.0453005452564961 0.254317199868896 0.198233936634289
0.0505310776059966 -0.0273734191535404 -0.0956843765964909 0.23198241029767
0.0454622959192596 0.0472816399308135 -0.174092619389895 -0.113562503300583
0.0114195757763968 0.0942365769065231 0.0350720714662962 -0.343307217182268
0.00865758838529223 0.0957450493732912 0.0441272721428183 -0.395728320475427
0.0560212584982248 0.0717972772958101 -0.195179348141423 -0.258304025514661
0.0794743635031349 0.00692248914296427 -0.288097706765445 0.051024855679519
0.0343939833289672 -0.0735884584813857 0.0626163409118976 0.187199708070831
-0.0617741432727337 -0.0395752613402845 0.148163846179309 -0.0599936284703755
0.0114004105132375 0.0725645156085088 -0.0377607858723163 -0.0815895671902591
0.0795728672579889 0.0282400858934747 -0.0126391495911785 0.0316636282716031
0.147024778168185 -0.0201262438417905 0.249544090818304 0.117133566837353
0.113244698737861 0.0631775626411084 -0.0412037163164467 0.0755561629179223
-0.0146531426130631 0.039962642823134 -0.0796214785136474 -0.166134071059916
-0.0577361631808353 -0.0226216725683904 0.245012157873338 -0.194231979223593
0.0365776349618559 -0.0884161139975878 0.245305435354619 0.233738980880755
0.122012612036281 0.00888390104852111 -0.107093670191904 0.21804300522466
0.0621885377001329 0.159460226317806 -0.138252328700573 -0.101231174751455
-0.00483212945492161 0.213934109868595 0.0391201545864252 -0.277040085321037
0.0511284182661539 0.205600339592087 0.0082923709734235 -0.333749643163337
0.187503187801834 0.0735437914628802 -0.236797086778569 -0.195241697874985
0.143576531310553 -0.140250265160037 -0.275692450591368 0.104351689786058
-0.078618476479588 -0.167419164597754 0.0622127617203229 0.179618108010569
-0.168395123710463 0.0314815284717889 0.144322160155529 -0.0151365335661661
0.0457275483414241 0.187741483674262 0.0254396336700026 -0.0920469041124607
0.157141543782207 0.0724341039214085 -0.0453830857101806 -0.0182045513596735
0.196376816927284 0.0297836093775392 0.198414107912467 0.149155473642044
0.154183621898396 0.148684685733568 -0.0535731819125915 0.10915744783205
-0.0538613041266476 0.110386763343318 -0.0897289817115488 -0.139483228535092
-0.108780088542396 -0.0391688420313949 0.232621665595506 -0.158329511630687
0.0910329489910234 -0.128050713862148 0.211775709439285 0.240962335063605
0.184456792841944 0.0712409475943182 -0.09194250008991 0.196278108442474
0.0496927731107558 0.266000969293954 -0.0967810049853756 -0.0458237478668343
-0.0151398737187619 0.301498572367439 0.0319411017687064 -0.171528047348906
0.118890300502691 0.262924051779336 0.00674646351231742 -0.238196471525615
0.269380161014241 -0.0135643966678636 -0.210583250519862 -0.149405929004636
0.0380965381816968 -0.285700718729655 -0.259244000821053 0.117896307110398
-0.270784717674743 -0.0733556591622909 0.0617590337115815 0.205298965267907
-0.154586643208536 0.21374191215768 0.197569235561514 0.0050693936708254
0.164069305886671 0.252397368281729 0.0713004944773306 -0.152786049300486
0.230598084021718 0.0656105775809649 -0.115546993639262 -0.0767331687817673
0.210274271317016 0.108266451029461 0.119316412359078 0.150094293355906
0.115824498623015 0.260818005162496 -0.100463311688574 0.113818806156403
-0.176100244089933 0.158275908928001 -0.139766202095261 -0.128287464849857
-0.168766448456347 -0.126219436654031 0.161577977056942 -0.165855236703009
0.182621527030187 -0.163486043525384 0.185644388012472 0.171351257884954
0.224399109842672 0.152674232345001 -0.0352539916115494 0.177521234839804
0.0146831382087356 0.336215579909667 -0.0677852664975182 0.0473393372523816
-0.0214733052903458 0.347597335864589 0.0181032146351134 -0.0446475962119486
0.164758184671282 0.268489143305549 0.0457041820949267 -0.146520429621709
0.249530115072679 -0.0819996516048121 -0.142664043972928 -0.181030885180808
-0.07536108541341 -0.241527202093101 -0.282476752166118 0.0575922063772148
-0.250232400563404 0.106217666394512 0.0322232882356479 0.211848971356051
-0.000309030487197853 0.266071983022393 0.206609576607361 -0.0243765889531067
0.254692329909766 0.196652655198933 0.0416239256217012 -0.206561613632025
0.258146623560674 0.0242429921318008 -0.212362408442109 -0.107319435583654
0.168173288029239 0.167192162703199 0.0388970278556507 0.10931056628646
-0.00311975831262962 0.291810593349826 -0.117048944842054 0.0677040723970541
-0.27394576563188 0.0591219244844649 -0.146548556294849 -0.140906221151978
-0.0996868929022266 -0.247927662195618 0.120305794186939 -0.190126847884602
0.284935816969418 -0.119816996192941 0.216125789217379 0.102640495867552
0.204787846211768 0.214696026961374 0.0428745092116731 0.20551764386637
-0.0288131532744629 0.341079549785255 -0.0655265600685431 0.166282072892807
-0.0272415349039491 0.342137042164749 0.000685735528455892 0.0906133293723423
0.162405857572226 0.237085258366724 0.106517569906324 -0.0726463145630952
0.195720856050897 -0.0695892653280631 -0.0933475711594162 -0.249031504774143
-0.0447268332658936 -0.141909414093631 -0.35844842737326 -0.00615584912309148
-0.10610419434017 0.110827060018399 -0.0487714427868214 0.246360935978878
0.0728160294498348 0.15088426494098 0.164230408079008 -0.00152007583712986
0.214853061099579 0.0967389765732727 -0.000981534357185458 -0.188009207015917
0.222877999804157 -0.0172267286424036 -0.295381256311252 -0.096058437330423
0.0974481410267149 0.167282940891481 -0.00644494437771987 0.0422400832558167
-0.091244458945102 0.20612790391841 -0.0596771260419315 0.0347938503600613
-0.20248995188979 -0.0701027527172766 -0.122003437093144 -0.0845878651298212
0.0453888171939838 -0.207843512343788 0.0722789672300844 -0.175149088370929
0.270055265282942 -0.0102301819485994 0.239054024194716 0.0785185256165049
0.135298137945906 0.207223683789007 0.0851316643872974 0.257434941582526
-0.0489062169050423 0.276564799955725 -0.0835163607800933 0.276179055510472
-0.0308945034951798 0.285748405524004 -0.01324597234705 0.215383272086745
0.121594663777052 0.191663896437763 0.15768126314736 -0.00799194550168344
0.155767758486269 -0.0237135026399421 -0.0535187000575233 -0.281807335741588
0.0266337709482744 -0.0955786646925418 -0.38734811898881 -0.039279216324982
-0.0319541917858172 0.0268615610475884 -0.100967076854769 0.287192069099548
0.0349391023958378 0.0468242324666491 0.14845307910205 0.0614869937217336
0.10735697694598 0.0424638805453129 0.00702001858069099 -0.134562182783883
0.151993410026863 -0.0269948689664663 -0.339636414531851 -0.066244801033068
0.0369605829659604 0.116599196139724 -0.0158623899867351 -0.017021158316421
-0.0893198991892935 0.100544640947797 0.0117053129637528 0.050685003124831
-0.0872217979952828 -0.0730737263970798 -0.142316571988493 -0.00164015270035006
0.0674395464364493 -0.0838400251007717 0.00603731515108725 -0.185932205091588
0.155696105823314 0.0277364856189604 0.249587651976109 0.051472791539277
0.0688360234086815 0.127355910597118 0.104728135645376 0.28440962638732
-0.0381995949882612 0.168219930951724 -0.0956233660221554 0.351454487735336
-0.0254051850134511 0.18402322189143 -0.0262501301791103 0.305560976783621
0.0652259511264175 0.13376891642411 0.187460083014118 0.0502986904759895
0.105474853316925 0.0104882715997596 0.00175309525395381 -0.271461762967607
0.0578364416565986 -0.0573950801125807 -0.348977262381313 -0.0862754838767219
-0.00386610640186231 -0.0125315448846389 -0.131087476694785 0.278618050527459
0.00125498093729659 0.00227780868723576 0.140741763612107 0.106532067775552
0.017924196152263 0.0265185412804364 0.0439731961039998 -0.0949887068025106
0.0817866518635129 -0.00661744105996833 -0.345110055901942 -0.0475505089021442
0.0406131392105122 -0.0220554903340641 0.290912823737832 0.0588131691339568
0.0210567997670728 0.00368630810858973 -0.0542582644070398 0.0665704198081416
-0.00571399640918244 0.0056825198339098 -0.119609302061243 -0.130956270539254
-0.0179797562240564 -0.00250380484257111 0.16749281771102 -0.232961770861082
-0.0421065444809594 0.00536414554438782 0.289994725881796 0.155369887355577
-0.0293208731185587 -0.0369277973665284 -0.0587589156616878 0.258578752812704
0.00182222404579999 -0.0537798653964607 -0.199649557137845 -0.0860733628870904
0.0276926180332959 -0.044048973603367 0.0133994927578839 -0.358020682798692
0.0064823971205678 -0.041036068691894 0.0594887775933818 -0.420563896989392
-0.0295082701368356 -0.0120615337961057 -0.153060593980901 -0.291708006591389
-0.0315044773815779 0.021809705514691 -0.295160995182382 0.0096835864746684
-0.00353510444201928 0.0117888519197672 0.0466320848980063 0.209242134801219
0.0164345798737185 0.0130007400838946 0.168593486789087 -0.0646498491989593
0.0445852028094519 -0.0200546953987923 -0.0601485145088308 -0.0795107045070638
0.0138835440865453 -0.0464438611553313 0.0055492646134014 0.0465450368010433
0.0965118153480966 -0.0370370789255669 0.276846004175551 0.0748575393021144
0.063926681499576 0.0252026470518624 -0.0523855005519066 0.0596322351503537
-0.0130739089973826 0.0143853730190453 -0.102873992358316 -0.156916874294618
-0.039080067934003 -0.0177574374458441 0.204332306637747 -0.22036128312466
-0.00604975010257145 -0.0488797596071576 0.265081829803219 0.194135314010098
0.0514989865849761 -0.0276615421608056 -0.0904106335282438 0.237596801430775
0.046317844553065 0.0460227874119194 -0.178774549360743 -0.108883672486099
0.0158372596986989 0.0944988093893212 0.022596636878482 -0.349504621752041
0.0140819670663906 0.0979098516724406 0.0233456990179631 -0.406492054433363
0.0623956147890051 0.0699726511412525 -0.210881509473651 -0.255647815573856
0.0838961550315497 -0.00060070214797948 -0.292548331454847 0.0682966082017292
0.0307441339792957 -0.0778610829819631 0.0728906731161464 0.189428367402733
-0.0642655602487327 -0.0365260852258955 0.146802824878205 -0.0666818312728014
0.0163509557588311 0.0730597338567013 -0.0416392974190545 -0.0803447255021958
0.0828735261663433 0.0243242604951594 -0.00967260128980067 0.0321599587431177
0.154954236293904 -0.0265451370063401 0.253024424593845 0.106297693430866
0.117626510320096 0.0645352287730526 -0.039839784386808 0.0728723812283395
-0.0209498562254362 0.0395928577442533 -0.0844996642432673 -0.166425011379966
-0.0601687307484632 -0.0309963700267915 0.242803739449638 -0.203257147369456
0.041797184713344 -0.0936877688245405 0.256097213871684 0.228346232628313
0.125126354462538 0.00677559234288247 -0.0994546427117402 0.223379438386607
0.0676080504770976 0.158245017668043 -0.139881814713677 -0.096394786820559
0.00436087429520256 0.218399960548956 0.0292926972795511 -0.282648164010793
0.0622747874423719 0.208506214632608 -0.00804502022159892 -0.342810058296643
0.19481063322556 0.067838171778884 -0.251306084335464 -0.189811953724228
0.142553995890203 -0.15425371459926 -0.280175608563377 0.122688497986097
-0.0911785919101981 -0.168958041837392 0.0720581654898118 0.182693947189572
-0.173642494795301 0.040728402974511 0.14806662741244 -0.0214132431827197
0.0553915747441584 0.191815656425829 0.0221402739831858 -0.0969919658888502
0.163738535710968 0.0663895118418561 -0.0461670704144394 -0.0173799077872635
0.205911551973906 0.0255781500403904 0.20290767374932 0.136401207016678
0.160030051926082 0.151951024797952 -0.0481165176567583 0.106002870742072
-0.0583234217416685 0.112035504376183 -0.091413129408724 -0.138882207865756
-0.110369249025965 -0.0452846813269735 0.23165696459606 -0.165587615459206
0.0967910918277256 -0.133834062644654 0.223216506335125 0.234702862631425
0.189257282462613 0.068242714632036 -0.0846777218801618 0.199736613871698
0.0603091858523584 0.266983742179766 -0.096055535988741 -0.0423503837104175
-0.00197249360449158 0.304276740051223 0.026387208768546 -0.175574352078214
0.132855376556128 0.263438071557276 -0.00503760144363232 -0.24588860854072
0.275330377700341 -0.0255752919734156 -0.224607517399393 -0.144513313132077
0.0271807919164876 -0.297553785971771 -0.261381176753166 0.137609898249589
-0.283974625166576 -0.0639221293827086 0.0775758971034706 0.211541933136701
-0.152831644962133 0.228784465547342 0.20762262258995 -0.00710553971932759
0.180155938323865 0.254161416596691 0.064656950729645 -0.164515915333368
0.239916864084161 0.0558624593585864 -0.121860342626736 -0.07432459232481
0.221092725243197 0.106536931596589 0.126289750834763 0.139388194493006
0.123181758961114 0.268403081064883 -0.0925213179805447 0.113777528157938
-0.182660153462864 0.165901987266408 -0.140225639654541 -0.122241976637859
-0.174945579212282 -0.130318830703316 0.156149478088981 -0.16959653381782
0.187712192073725 -0.172160648540963 0.193792392215752 0.164940899728649
0.233116041088067 0.1486298586076 -0.0270849942224276 0.178575525553177
0.0281130144740499 0.34022532716637 -0.0633279346003085 0.0530965998295156
-0.00702128300351424 0.351862445250383 0.0160829264495906 -0.0450474414645929
0.179003724242509 0.266735621760439 0.0400573541384227 -0.155109363045399
0.253200188450531 -0.0935735439604217 -0.158237939076425 -0.179136324340878
-0.0872677465933624 -0.248295039223212 -0.288445232037431 0.0794727257831365
-0.253981935006533 0.120425146788588 0.0497859748895586 0.21817269845471
0.00988422664767388 0.27739528037704 0.211402184759667 -0.0416528580433362
0.27107541637754 0.193724175272428 0.0296520086405863 -0.2183613258394
0.267845112168385 0.0104409321252282 -0.224097586079508 -0.0998083294933366
0.177910770741914 0.169161889678601 0.0466208238623587 0.101919536085627
0.000592622031342752 0.302219863442952 -0.107937060708094 0.0711162843382917
-0.28451781331191 0.0665393062812272 -0.151081462402148 -0.130516000764759
-0.108150071860367 -0.254779136122376 0.110925638401808 -0.195348369295348
0.292451580450329 -0.132488701581769 0.223435870907399 0.0920001314843903
0.217853461231246 0.213118918687626 0.052640101991104 0.204790499387986
-0.0148457593403309 0.347054255014987 -0.0573024635583296 0.173374034279032
-0.0128128182857194 0.347133130377786 0.00372857089955357 0.0940671198117112
0.173690346130402 0.236387360766555 0.103561052621909 -0.0817198870931524
0.20072096668789 -0.0770440877823722 -0.112627633371335 -0.250013884252652
-0.049348507361202 -0.146502160974945 -0.36873892832606 0.0180192690472408
-0.10541183919322 0.115818804128984 -0.0318823271889358 0.255753112717684
0.0796613556183063 0.154506577081431 0.167830244893057 -0.0137374705048637
0.227166524982596 0.0912770671155165 -0.0132942603645281 -0.195369779394542
0.229632852651778 -0.0310289052927003 -0.309578155568098 -0.0828658337179325
0.103445897531624 0.170853528252227 -0.00064277536537432 0.0382874270138337
-0.0898736432675551 0.213668723168695 -0.0533493334191964 0.038764178244405
-0.211262576792211 -0.0668135066393583 -0.127593743249191 -0.0758872665538968
0.0400479244825253 -0.217067335193911 0.0627428383063736 -0.181631414202122
0.279671375247692 -0.0225715145315158 0.247002656717394 0.0661020214340516
0.146956000924875 0.206344029837586 0.0978926798780748 0.256334226976279
-0.0378083889222071 0.284062687171324 -0.0732838403828017 0.285195259135762
-0.0178995329629607 0.29057976183833 -0.00665925634196674 0.220931444114149
0.13311105469891 0.191942564578958 0.159782985583347 -0.0190030129379157
0.161840000301185 -0.0290725833323675 -0.0728331116531079 -0.283499238474817
0.0273584055041108 -0.103088209080043 -0.399139492928592 -0.0150405912583896
-0.0337188109552874 0.0263625951486431 -0.0853992281390948 0.299529621494135
0.0363111718904026 0.047937742781235 0.155068839845195 0.0527339132759381
0.114412227612107 0.0400148241673247 -0.000788665113526819 -0.139267617178229
0.156246660919412 -0.0398796835445613 -0.350874009457627 -0.0490071397780012
0.0388216272109487 0.118532525846569 -0.0143294098300256 -0.0188650808448112
-0.087654128223535 0.106108153313465 0.0161391088650524 0.0526045901310234
-0.0916819095346828 -0.0686570173218985 -0.145849849203347 0.00480648828988553
0.0636075366427234 -0.0882773551273693 -0.00124599349376153 -0.191525724883249
0.162590593746618 0.0192527299380026 0.258314882124946 0.041501245273057
0.0777286028918476 0.127048060531217 0.118092311237074 0.284730728880725
-0.0313135447527043 0.174136961191518 -0.0840992051639527 0.361716626606723
-0.0159607729739442 0.186727663956971 -0.0146389433725357 0.313067937360884
0.0719316941759564 0.133522363192223 0.19284770570977 0.0404028155330652
0.111599389472317 0.00713168916960406 -0.0148743517866746 -0.276051423929391
0.0595545215977677 -0.0641262921255924 -0.36186867475083 -0.0682711258600272
-0.00587937323258775 -0.0145774153797214 -0.119319038957462 0.292213902968703
-0.000415209741286905 0.00336459147015743 0.149278512182171 0.100055547076061
0.0228154466087037 0.0282751456811432 0.0399687804149034 -0.100458692853631
0.0849548839353798 -0.0154472289902307 -0.355165564365699 -0.0296778928167416
0.0405653979661563 -0.0242708572989521 0.299919677777735 0.0516826236003859
0.021898958131542 0.00289127768685874 -0.0551205515534394 0.0700446934152377
-0.00630111199466848 0.00584230599333271 -0.126737796758689 -0.130682683648228
-0.0182862304055241 -0.00277187316630279 0.166335298294318 -0.244001191645239
-0.0416036970027229 0.00676663985800458 0.301524363299404 0.150318874332157
-0.0309612863541463 -0.0382361911060757 -0.053248193185684 0.266607729897683
0.000485149622186593 -0.0556195336031065 -0.205198277626982 -0.0815710224984183
0.0286310792666407 -0.0473708537603145 0.00579353974363726 -0.366714289381626
0.00660212541170807 -0.0439569842821634 0.0518091882580971 -0.43143340287696
-0.0299978435547286 -0.0113409571910994 -0.162310187420864 -0.297241657882382
-0.0306809806430772 0.0217180426064679 -0.30345431746223 0.0183360769074216
-0.00339904594241364 0.0115916592727841 0.0531674072217563 0.21351559680844
0.0179445292919464 0.0136615782526412 0.169393848543969 -0.071043876520151
0.0455771052739297 -0.0232043523038716 -0.06546787650921 -0.0786153508395118
0.0136797345827395 -0.0496717832044508 0.0081414964911143 0.0483771768550715
0.0976450070691747 -0.0424366252598152 0.285678750168726 0.0680844265605114
0.0664049577212575 0.0237206994566747 -0.0531034341328987 0.06226670750928
-0.0138251138577864 0.0139263328901056 -0.110451366206975 -0.158285613797028
-0.0400851921095377 -0.016951890707837 0.203491704227455 -0.231742799287683
-0.00696612320888711 -0.0493178894989422 0.276347633866382 0.190422161913516
0.0516576819025154 -0.0300354381566584 -0.0871014318035962 0.245675767432388
0.0479502543761476 0.0458116406149901 -0.184942800462042 -0.106295529102306
0.0187420236707048 0.0957296908918454 0.0156257930496398 -0.358325814630331
0.0173488701163509 0.0986390972754365 0.0130970330712476 -0.417236789944702
0.0653298087388149 0.0710323731529156 -0.221731437955345 -0.258281443350843
0.087348122035679 -0.00297350652284971 -0.300021784409634 0.0764783973802609
0.0291344164713476 -0.0816973683768953 0.0802199954555841 0.192307706736307
-0.0680669836634156 -0.0349524075180026 0.148046385716329 -0.0730999782616843
0.0193625843786893 0.0743128633514242 -0.0476636793217343 -0.0798082018282992
0.0854631630913625 0.0219337458680435 -0.00690124749414247 0.0348246562288136
0.156619615684229 -0.032052180530249 0.261766326371868 0.100397967948142
0.1209603434305 0.0627163237361669 -0.0401824155214462 0.0761099243185668
-0.0215269270211175 0.039634976347725 -0.091740499906661 -0.168432289466445
-0.0617334459449499 -0.0310357356244539 0.243576568702017 -0.218039017554193
0.0411573426015476 -0.0968176815191114 0.270009280787531 0.227015623986471
0.128096043329477 0.00408938707200747 -0.0956640559323259 0.231771303355362
0.0714516630190959 0.161322229636964 -0.144968430386127 -0.0939288514243877
0.00949899266567242 0.22215593133317 0.0230139337973159 -0.290193448773621
0.0683528178831487 0.211747522370252 -0.0169890065971609 -0.352038020815657
0.201267325813038 0.0662760340229491 -0.263115074696397 -0.188736593084342
0.143244356320689 -0.161922769721251 -0.285067739717023 0.133688395674206
-0.0975833684791389 -0.172199936560688 0.0785681531970505 0.186399673018317
-0.177576204014836 0.047869056309236 0.150568497651979 -0.0259882293941319
0.0636799912917837 0.196663128357419 0.01858220109929 -0.0997634615374059
0.171896092851303 0.0624100777827215 -0.0470497351441875 -0.0154781969109071
0.210106284773555 0.0193003491817623 0.211791934845445 0.133646944250834
0.167431908745911 0.149967167832826 -0.0471003379084001 0.10873383116415
-0.0564970442507962 0.115904284411955 -0.0976149078323343 -0.140524473939558
-0.11219280418074 -0.0439093124352454 0.234115608148109 -0.179561053763596
0.0977158015453211 -0.138877936263515 0.237188501882868 0.233160617923427
0.194547386257068 0.0666785553900042 -0.0806851059024334 0.206875005088663
0.0669465032682085 0.272447488385417 -0.0981583369261277 -0.0387529016909141
0.00298164639026524 0.312958563341426 0.023062083888891 -0.181094897308084
0.140201844859833 0.266511113002755 -0.0110813184100914 -0.254110674106993
0.282212647166739 -0.0308224247770437 -0.233917392492853 -0.14405937804613
0.0213392699253785 -0.30568278682827 -0.265897179566657 0.148243339269054
-0.292320304647245 -0.0582307856958721 0.0844754527326674 0.21441409678188
-0.149526022131785 0.240568896786396 0.211625183757636 -0.012986653182669
0.194152183913145 0.255318183019046 0.0597500268913338 -0.171473753393929
0.24909073202264 0.0497922941617357 -0.12826276015541 -0.0719009253194608
0.229254245413124 0.102879073398384 0.132709834680141 0.139238549481418
0.134270358116132 0.271864282686469 -0.0915964147896806 0.11919839102346
-0.180937401586913 0.174421448968322 -0.147954987691272 -0.121063988956912
-0.181252675325598 -0.127923846002484 0.155089198141189 -0.180578051924776
0.19057229505756 -0.179650274959422 0.20477524908034 0.162660425502027
0.24221802463566 0.148262800839941 -0.0225707549205464 0.184419982546389
0.0367080869730078 0.348240420400856 -0.0629469185146848 0.0565305224882598
0.000327706723468085 0.359895844272943 0.0151589456033851 -0.0465661705782366
0.189601699477453 0.270043269871693 0.0345851340557277 -0.161114655842212
0.257165889926168 -0.0997211637748589 -0.169177140794949 -0.178991659853973
-0.0938534220010656 -0.251612097304573 -0.295037955570123 0.0880633301764401
-0.255919775272478 0.130277522308649 0.0571093845749337 0.222234196684687
0.018622381427816 0.284576805745358 0.216108520599291 -0.0485284022111483
0.285606435960766 0.189724731792962 0.0224785361967754 -0.225114763809797
0.276116048321322 0.00298485886270897 -0.234232202922375 -0.0950677651026024
0.187988590451496 0.168005194819799 0.0502597023565535 0.102230262385288
0.0114587889837523 0.310482936368286 -0.110346117657173 0.0760598761897897
-0.288272738162676 0.0765500664903278 -0.159010861097465 -0.129809411420815
-0.117246594184091 -0.258275202371053 0.106695963944564 -0.204655968107968
0.297013979842606 -0.143013139120176 0.23211597850736 0.087188768787233
0.227655310912617 0.213278050429435 0.0586186893649675 0.209409396369897
-0.00820758984223441 0.354931701327074 -0.0562542628771917 0.179259049290085
-0.00497456102362398 0.355797700689895 0.00437706401272664 0.0958831935267332
0.184302477799336 0.24009629119296 0.101568561949413 -0.0868846252808771
0.204870000027944 -0.0818989076580223 -0.124200388711032 -0.253489939574567
-0.0515155604881624 -0.148318364145241 -0.37974500843506 0.0286101538845193
-0.102933793848656 0.120827759794374 -0.0268808031343896 0.264093689884841
0.0870723992215735 0.155667251661423 0.172264158153605 -0.018851992876331
0.236624507978711 0.0873010612054417 -0.0204795355991527 -0.199991483721918
0.236127016068086 -0.0385761052625213 -0.32157267764312 -0.0754024516947942
0.11288381720888 0.171469911234655 -0.000376292240542052 0.0386848124938686
-0.0845031396833101 0.222901478641511 -0.0543025974184948 0.0405618647640694
-0.218300117181752 -0.0614507054221345 -0.133310898348848 -0.074061985891546
0.0359705735231324 -0.223357760449992 0.0570351292670949 -0.189187982938281
0.287380045516129 -0.0304949525578663 0.255754713573811 0.0610724905560359
0.156772916177803 0.208991456693115 0.105108262523836 0.262300003034469
-0.0336940381936695 0.291093334210962 -0.0691682582746537 0.294816088972168
-0.0100971684054244 0.297693235095461 -0.00339820251379651 0.226877493067743
0.139953916900091 0.194610826642773 0.160655606735766 -0.0242846281651581
0.167070602684307 -0.0320892511396641 -0.0841539318114735 -0.287786737318225
0.0268169820213524 -0.105170401173691 -0.410715243306406 -0.00422616193100873
-0.0328829993185456 0.0272857988620511 -0.0795209680261778 0.310439267699124
0.0382729539312985 0.0467244320137929 0.160558803789918 0.0495012362549329
0.118434201245181 0.0377596013536645 -0.00502117575207846 -0.143076417174614
0.159589284223956 -0.0457302929702123 -0.362036681922123 -0.0406173039996876
0.0446531587048112 0.120932667093994 -0.016265534065688 -0.0194332813144794
-0.0864530700285977 0.11190401733004 0.017797585182496 0.0524756726722527
-0.0962722672679307 -0.0676753677103815 -0.148643559009704 0.00869358105363814
0.0634858956334302 -0.0925640518085294 -0.00786425635521171 -0.196618423946091
0.168357122425324 0.0165084079766371 0.265968108743206 0.0352884441938223
0.0835760681642144 0.128859155713068 0.127111562987254 0.290232623546804
-0.0279777345166855 0.179114703040676 -0.0796965497442136 0.373398090055076
-0.0105069178282662 0.193388593137665 -0.00937700893903725 0.319809403623713
0.0780554450600568 0.13696282913193 0.196491786121633 0.0357192186960208
0.11572571469461 0.00593615830719794 -0.0237850928137717 -0.280922208159569
0.0613530610741661 -0.0663497673332549 -0.372954742311119 -0.062050213889171
-0.00388516553125226 -0.0150470290278825 -0.116537813919518 0.302318789509005
-0.000468098902585552 0.00260874386595787 0.156734092386139 0.0981961128047018
0.0242464501453506 0.0286432294057167 0.0397858504337763 -0.105775943975067
0.0879271093786783 -0.0176814528761407 -0.365337491511087 -0.0196313483257106
0.040218301284611 -0.026796130545166 0.306155930263702 0.0399612431429725
0.0218833689659304 0.00176800666860168 -0.054928202850001 0.0742040814272753
-0.00634548010522203 0.00664583426088476 -0.134587343279603 -0.128121545119697
-0.0190965193420481 -0.00178259716903189 0.158314648063596 -0.25464824096916
-0.041181123856739 0.00842457085385586 0.312414426752916 0.140507332772117
-0.0337408940393911 -0.0386430375471495 -0.043958753274056 0.272810624810754
-0.00113919595814632 -0.0561322998913306 -0.211047452805206 -0.073938759549296
0.0278618514859474 -0.0504257474601088 -0.00586202986461147 -0.369322049581286
0.0051386049984028 -0.0452683597806476 0.0366017391519315 -0.437055031795829
-0.0294807724728594 -0.00931075003058522 -0.177537718232146 -0.297691974672361
-0.0299068833906407 0.0220770480920696 -0.308222616975273 0.0302974137147154
-0.00243117105118958 0.0122768659655114 0.0611050580642856 0.214911842610273
0.0182652147480735 0.0135098598561194 0.168508782608355 -0.0785022525425268
0.0452378933031768 -0.0254221289211993 -0.0710411557220066 -0.0757059394066225
0.0115241324039489 -0.0518361812158157 0.0120443595616953 0.0499649036341236
0.0956833725705097 -0.0470237414458056 0.291845299978544 0.057037780896656
0.0680547213153465 0.0209474050186336 -0.0529013699968872 0.0658219115627338
-0.0140964644107934 0.014763135727091 -0.119980500804653 -0.157486790787855
-0.0410601808070415 -0.0161867168646343 0.196170755813559 -0.245050811895194
-0.00753613642713676 -0.050041921377759 0.288114264779229 0.181044523468316
0.0518017358878943 -0.0317321898238093 -0.0782519136632706 0.253781161115776
0.050051186283309 0.0461463919578579 -0.189951186136557 -0.0989002048396091
0.0235594857665436 0.0960165499362529 0.00158989762457959 -0.361792463256325
0.021416816587603 0.099724665038328 -0.00178922756073863 -0.42430581044527
0.0699090476134118 0.0710510966387445 -0.234957694632348 -0.255217279045324
0.0895208912795037 -0.00792911690255262 -0.302530121840478 0.089476962329198
0.0268363842621127 -0.0843452103928229 0.0873718882503722 0.192379181269733
-0.0700820263276589 -0.0327273891052112 0.145532904863777 -0.0804237194682109
0.0236145175923455 0.0746704708741244 -0.0528724180025695 -0.0790781060152004
0.0879646989615729 0.0181566292650816 -0.00584937489088815 0.0366440220940374
0.155912995360483 -0.0393614937665827 0.268541941231153 0.0915743451960779
0.125262494293169 0.0571115627308407 -0.0392707560779268 0.078568335136774
-0.0199214528093545 0.0409358174502058 -0.100914403933791 -0.167711112771715
-0.0627836050776535 -0.0291814904094444 0.237623528097693 -0.231877433775845
0.0392037110375523 -0.0995596266860791 0.283357704644644 0.217775422693562
0.129972489835629 0.000489530072006097 -0.0873362021905751 0.238548610357573
0.077143117489256 0.160944264267455 -0.149136224540369 -0.0879307119938517
0.0187229629497191 0.225247522934229 0.013180967883003 -0.295904461300526
0.0765335847945472 0.213123191807747 -0.0318536893806977 -0.358063538387921
0.207098270754812 0.0610644267742969 -0.273922059497466 -0.182948032122441
0.139764697375534 -0.171147881116081 -0.285186191671896 0.14749154899057
-0.105966332769515 -0.171426705791206 0.0863875661985558 0.185921547495542
-0.17809492529789 0.0565871736164036 0.151193849211651 -0.0325441125812653
0.0735575238345493 0.196519595380456 0.0140405985544601 -0.101513836277944
0.176806685285156 0.0556236139063206 -0.0479498905150206 -0.013118249635055
0.214098374682567 0.0104916449056687 0.22067715129828 0.12641456470929
0.175983945497907 0.143562476715847 -0.044632838102279 0.112462211592873
-0.0529365064389003 0.118002932763162 -0.105661710058958 -0.138735052660617
-0.113709835603827 -0.0397612869281402 0.229347870072165 -0.193247828677929
0.093544039267823 -0.142564079144892 0.249886430343191 0.2260404485635
0.198632379617811 0.0616936975898286 -0.073878588094091 0.214008065275955
0.0757533465040097 0.273566067727608 -0.0998882450213747 -0.0358620416322879
0.0135388101514709 0.318282853783864 0.0167990739282879 -0.185101994434057
0.1517139296142 0.266285501235551 -0.022882190990422 -0.259404258926782
0.285585445105571 -0.0396199447443051 -0.24413111577267 -0.137428151167193
0.00976826787065542 -0.309986946606621 -0.265558360044677 0.161020015176248
-0.297746650513253 -0.0483958228019158 0.0949370248225731 0.213315702493827
-0.141895515870086 0.25118111554414 0.213027221203078 -0.023747941918519
0.208987987973124 0.251596136364912 0.0518231995449153 -0.176230573591237
0.255326293035804 0.0393122973611126 -0.132567347598593 -0.0664121903853422
0.236649219393753 0.0938739197847391 0.14034139487251 0.13498898589276
0.148400181679881 0.269888950110954 -0.0883779321595319 0.124827057006057
-0.174403443695617 0.184349948996197 -0.155346059112623 -0.116878912749303
-0.187228606731607 -0.122017967925017 0.150168023036371 -0.190875850051962
0.186391828698897 -0.188019931289656 0.214221897701853 0.156327517906333
0.249935162466232 0.143054390700184 -0.0172667179332151 0.189900121652467
0.0486414339176526 0.350097917302378 -0.0620162717889159 0.0601929786215659
0.0117165151952963 0.365340811727313 0.0127062433935112 -0.0479240903717187
0.20151433487171 0.268918652229969 0.0269694054514986 -0.165992164975781
0.259445979499424 -0.107405493493559 -0.180270183373471 -0.176793768691841
-0.103172977842536 -0.251181145075507 -0.297783038571488 0.102111990922727
-0.252707965648164 0.140911151138428 0.0665041927471209 0.223298775850026
0.0326253625422529 0.287318557589362 0.21579132251926 -0.0583237385728652
0.297718697662074 0.180531000418255 0.0111842006196687 -0.229136675096797
0.280316938681355 -0.0091960277637994 -0.242734747232344 -0.0855779680459866
0.198765992923346 0.161700222673143 0.0543864753738584 0.101394110722396
0.0261162059829087 0.315361296328913 -0.10873277967617 0.081971531516624
-0.28897182127695 0.0899531042819077 -0.167334421621632 -0.124005787144708
-0.128476526685022 -0.256664661801795 0.0977040944888409 -0.212916398711433
0.29869372633323 -0.156337317382648 0.239251986162138 0.0797005104652335
0.2387782705613 0.208719961680338 0.0658570067967859 0.211453289053175
0.00352641606994703 0.3601741118449 -0.0497066291220656 0.184303613214423
0.00736035330802933 0.360321119708235 0.00613100349761693 0.0971444516239654
0.196176157230957 0.237592548591708 0.098024594212665 -0.0933786966539459
0.208108540313016 -0.0878057293925592 -0.138435446024926 -0.252098254448247
-0.0557550677317326 -0.147777202333603 -0.3855574741742 0.0462200356491075
-0.0978089656568322 0.125472110433154 -0.0160189357857796 0.270138118323798
0.0952921384066379 0.152368343673936 0.173559893114885 -0.0258298644568218
0.243064572104998 0.0785297247484153 -0.0302441454327364 -0.201717043730625
0.238495007274325 -0.0496489075637269 -0.33037555092546 -0.0622841160007906
0.123552139417195 0.168860249671401 -0.000758748275243862 0.0391249912759446
-0.0754067165108519 0.230964841634018 -0.0539917304482416 0.0429304004375511
-0.224537041578714 -0.053469789598811 -0.136997478332452 -0.0694169930173504
0.0278442059366567 -0.227614816395804 0.0492819197476487 -0.196117863547947
0.292250781452886 -0.0418004105495012 0.262691223412126 0.0518742732894388
0.166670394449987 0.206295486359912 0.115597683234394 0.2613198111637
-0.0241401625544193 0.296739278401245 -0.0607498619734556 0.300781802704579
0.00128446562863723 0.302293892429919 0.00324603548560927 0.229888409701586
0.149390555774821 0.19447325708452 0.159482251784411 -0.0312804183746767
0.170837135391758 -0.0378452684676733 -0.0981899263335807 -0.287424548468659
0.025816004027738 -0.108336793898327 -0.416935363866654 0.012981621592631
-0.0292466692582358 0.0279409470668393 -0.0688873361166312 0.319034500638816
0.040606459003445 0.044422852104767 0.164167126257814 0.0438269603636928
0.123442014149154 0.0345170963301339 -0.0102033491704719 -0.145522059234594
0.161435428767395 -0.052375270409751 -0.370819338255509 -0.0248497127263247
0.0510738108392661 0.11944059927266 -0.0193513094483764 -0.0198851403255465
-0.0818352298880194 0.118160003409522 0.0199138774061943 0.0514806995400736
-0.0993408780007144 -0.0646598299564742 -0.149730788332387 0.0144037516347048
0.0613087556202345 -0.0954266298425612 -0.0172053266219916 -0.19982181523493
0.171707116014754 0.00897617941011928 0.27162974916343 0.0234998554196872
0.0895723593362529 0.127672067317759 0.13777227301921 0.289264314758447
-0.0228586471052286 0.182663799657961 -0.0685306263230644 0.380882567968738
-0.00350307562946564 0.195027719081324 -0.000284076941848485 0.324407567963393
0.0852838646881155 0.137583665516198 0.198471682751772 0.0279812246208799
0.118566027001176 0.00344453125671684 -0.036499100479742 -0.283039518088256
0.0616378861036411 -0.0697942702206689 -0.380952379480361 -0.0486537378737863
-0.00347718324474472 -0.0144765969982404 -0.105823027505037 0.312396441051177
-0.000161075310692656 0.0010525970499419 0.161781983878562 0.0936535854763839
0.0263477641542429 0.0289727469565069 0.0351230415362003 -0.110479316517977
0.0895809402384285 -0.0225278225227057 -0.372209960037348 -0.00452627082811979
0.0389410901029134 -0.0293891272649843 0.306289530033256 0.0257985911569978
0.0231394160912445 0.000983696870190082 -0.0530213950317119 0.0769780167535625
-0.00603783142634977 0.00738756191957525 -0.141345463257267 -0.12238776074839
-0.0188987348146958 -0.00212487450563592 0.149056927498331 -0.261514075827521
-0.0406371681767515 0.00975430306164356 0.317282848545926 0.128558102420621
-0.0355781142012716 -0.0377002468108158 -0.0327932026822403 0.274224979274303
-0.00330465190239866 -0.0560247755437656 -0.212344934842018 -0.064736603680985
0.0267039995107729 -0.0514328419663891 -0.0178925823941116 -0.368963357669385
0.00410854660682823 -0.0459104527488062 0.019993679901878 -0.438900448343341
-0.0281689475741613 -0.00716081916093697 -0.189119848198311 -0.291588829378162
-0.028510721462296 0.0222909721672839 -0.308293838950298 0.0441425017497835
-0.00187883986496421 0.0111787631538645 0.0694575939062317 0.213382376077989
0.019581990130769 0.0125905504942257 0.164436188849642 -0.0860528877661363
0.0452750242530093 -0.0278303975303165 -0.075588273598104 -0.0712528163954446
0.00960344706013105 -0.0525744247852551 0.0151135697262149 0.0500078708538549
0.0926972150282589 -0.0511051930058038 0.29274876111365 0.0449754099152573
0.0685372657553357 0.0170013999686842 -0.0523521329881492 0.0683002876335761
-0.0130865297553315 0.0151783091007465 -0.125957201846198 -0.151317487572487
-0.041621848413386 -0.0152098424353169 0.185184773882149 -0.253649463185015
-0.00961884740326678 -0.0486807263630505 0.295373813131922 0.170013525611346
0.0498982039143308 -0.034056744696435 -0.0681745659316324 0.255957649857455
0.050820861828237 0.0441688370771445 -0.193608003064152 -0.0905947238882506
0.0268188732177298 0.0940025695858118 -0.0116419166487306 -0.36256968442028
0.0246662520647805 0.0982692885549583 -0.0185153805201345 -0.424184655543345
0.0731830314955907 0.0695817970520893 -0.245341702985933 -0.247764615215469
0.0902561750766534 -0.0124017513972941 -0.300451411150001 0.102010046641944
0.0241936135281771 -0.086221885668998 0.0954604614042293 0.188241984977117
-0.0712151731431801 -0.0282580626388097 0.14090497867807 -0.086424491992348
0.0273786138720806 0.0739422108755622 -0.0567224860392265 -0.0752496625840665
0.0890120585026652 0.0128167741057203 -0.00188473097951374 0.0370455106757044
0.153402022294514 -0.0466241720856243 0.271574958715294 0.0788733602400887
0.126783139696543 0.050777272304637 -0.0375578866582426 0.0801879509393313
-0.0188416172275848 0.0407934868228848 -0.109308597392784 -0.163861213426863
-0.0628320467418008 -0.0271750084697084 0.227053817471557 -0.242927992202179
0.0357199193297592 -0.100934220332154 0.292865328024557 0.204084566776693
0.129125047812739 -0.00311994431768219 -0.0779773222266239 0.242884426266923
0.081798079079815 0.158587238792622 -0.151808159988105 -0.0821674424202012
0.0259309848011883 0.222752701109072 0.00170581874398546 -0.296130125143681
0.0846434560987519 0.209447840862636 -0.0465226922020185 -0.357283428657785
0.210845600409578 0.054862182001617 -0.282501506871165 -0.172815965534495
0.133581429927288 -0.176534052947431 -0.278675321189733 0.159004340248577
-0.11259678101296 -0.167008841133678 0.0946845915952257 0.182251492517957
-0.176122231031685 0.06565742557407 0.149657352563017 -0.0389792840578371
0.0831698623340848 0.193290794869335 0.00855184801825181 -0.102313573990888
0.179035786767044 0.0469443331192669 -0.0475362302255482 -0.00977467334933552
0.211709021016233 0.00121689796919657 0.225315013191695 0.116233880725787
0.181317242622264 0.135306138310735 -0.0404501417728808 0.114312406041211
-0.0476439984656612 0.119382115445513 -0.111374549960406 -0.135164062361977
-0.114702609979312 -0.035690015058557 0.22029038195882 -0.204902147414511
0.0899553758531072 -0.145722799603718 0.261245794929063 0.215109451322134
0.200254223428778 0.0551928841247116 -0.0645521465795576 0.217321937392732
0.0851977005487894 0.271339472118614 -0.0994489156028379 -0.0304827276083607
0.0243274237520552 0.3162436438297 0.00920595115407046 -0.185511018000061
0.160783083393138 0.261561092093966 -0.0344399003224242 -0.259700412744721
0.284866894110887 -0.0492421959188738 -0.249524691215262 -0.128252997899734
-0.000515912325101281 -0.311711812138793 -0.259353180299886 0.172323320556471
-0.299352016982564 -0.0365243515991719 0.103251171437092 0.20958839131178
-0.130387246541974 0.257259004666063 0.210942706655804 -0.0334674481565214
0.221188649410599 0.242236961398141 0.042359772143985 -0.178744954501892
0.257247139352189 0.0282187346588909 -0.13570803801161 -0.059736302087881
0.240764886859461 0.0832993166616331 0.145353205230448 0.128669055833653
0.160372104593775 0.262050949824164 -0.0837150624358499 0.128188259542271
-0.165068612047573 0.190538830950699 -0.160613792717469 -0.11048289436504
-0.189271724366235 -0.113592384348707 0.140974246381517 -0.199117485518781
0.180562444568456 -0.193759859381287 0.222482629073224 0.14714007987158
0.255965123685346 0.133607325429108 -0.00878604782960541 0.191636361697681
0.0623456428917081 0.348660249608849 -0.0588433700402238 0.063260914898537
0.0254231936295994 0.363870666433338 0.00925828565075013 -0.0492178933355673
0.211486121367343 0.262660556086874 0.0191785692343509 -0.168432343924746
0.25676481396613 -0.116230193660716 -0.188414342963558 -0.169465581906939
-0.111086681211184 -0.247202557774706 -0.295301611708395 0.115467315918825
-0.244912451295355 0.151343104524789 0.0754097559192683 0.221091426789381
0.0435043374807602 0.285819293529783 0.212078939205387 -0.0683805298899465
0.306270254364098 0.166832591067009 1.59664413202752E-05 -0.229677974553442
0.279883880067857 -0.0215370760041278 -0.2478457462194 -0.0744207752607083
0.207146279499954 0.152689286669975 0.0573783943175413 0.0987769515633417
0.0418212103259133 0.314003429205069 -0.104916372753396 0.0869165572520527
-0.282871627284566 0.102289827951515 -0.171988260643567 -0.117107542902817
-0.137616624081816 -0.250536848235989 0.0868488053386725 -0.216955129339883
0.291915128487951 -0.168141188778486 0.242812895134439 0.0690189611832932
0.246495738825855 0.199900771646319 0.0741399235288643 0.210211207028718
0.0162266763400466 0.360342616662446 -0.0431120092013052 0.187433952949558
0.0190612427087411 0.359597387184648 0.00875696379277146 0.0968199951286298
0.206044827062857 0.232953473610905 0.0918435503328147 -0.0985314133235458
0.206398978563097 -0.0935924565188683 -0.150542004648168 -0.245323076090314
-0.0589983845725897 -0.145547940028051 -0.38452097062228 0.062892643220103
-0.0895687259065983 0.128312546879183 -0.00591942721331199 0.272269485941548
0.101737187111016 0.145625126381117 0.171773495576637 -0.0336882518045848
0.247909183640387 0.0670322070103854 -0.0389240567057763 -0.200600044571645
0.237275478220178 -0.059699513118286 -0.335001027624698 -0.0460738333773066
0.131403668326185 0.163465308096394 -0.000925586169375578 0.0384911532477333
-0.0630218949815364 0.234850492714304 -0.0515170417430021 0.0454229609982691
-0.225749294367773 -0.0429152707956046 -0.139716523903698 -0.0642793644245877
0.0187363897067608 -0.228287525559978 0.0384365884594661 -0.197278662247721
0.290831414045648 -0.0551897038721139 0.265510913104882 0.039529532179375
0.174113918044941 0.200219987482325 0.124321626800154 0.25742081724059
-0.0154203565742897 0.298042200288547 -0.0500908720207912 0.303908503010259
0.011232418388443 0.301075722053104 0.0107574202143868 0.228939057047226
0.15697478394093 0.189928548502352 0.154609338365066 -0.0377446770108555
0.171354459882004 -0.0432770802366575 -0.111469233156086 -0.282785688345521
0.0239641018476836 -0.109781142531754 -0.416581888424267 0.0301056799286013
-0.0261493342292245 0.0286449190527314 -0.0567133338630025 0.321969939393388
0.0423941102716686 0.0409834687187774 0.165899948936013 0.0365706991701385
0.123700653554721 0.0290703234592243 -0.0167454959122824 -0.145441482189013
0.159404353338186 -0.0593760249962469 -0.372414449456673 -0.0075740761036298
0.0565436844267998 0.117672186223604 -0.0219372455084333 -0.0185873631761556
-0.0755296737483008 0.123045933811974 0.0221443514256603 0.0490873745253444
-0.101140547607525 -0.0605246460167724 -0.14732373174041 0.0199815656884877
0.0583101937118433 -0.0983925427711142 -0.0265815131245743 -0.198873696953113
0.173235432822396 0.00178406402753037 0.272421559128868 0.011259761843902
0.0945631560701224 0.124540279752754 0.14766452681411 0.283763130711657
-0.0167496982953326 0.184743032188703 -0.0556240086254239 0.38491451425319
0.00439447469799379 0.194614607389921 0.0103230379952955 0.323293084887905
0.0911377433863119 0.136665146298911 0.196028444578838 0.0197865331570045
0.12023297916262 -0.000309853424201353 -0.0486228510274122 -0.280806069955931
0.0607658127003114 -0.0723326470997819 -0.382075117456853 -0.0337914677407302
-0.00211681406155085 -0.0146054699601568 -0.0937203555906703 0.31693170434184
7.66413786849763E-05 0.000486772080883047 0.165258521394881 0.0875288078170537
0.0278570262317048 0.0281145058000426 0.0310864949060342 -0.112211378898772
0.0884098703631897 -0.0256859384984531 -0.371001876182134 0.0119879184524871
0.0393223845228816 -0.0355957418770928 0.30146278580585 0.0207617794523457
0.0251439463460873 0.00116544341052443 -0.0532796906362583 0.0782512936035526
-0.00735247447706749 0.01073875624415 -0.14328873032024 -0.119540201217267
-0.021564641057573 -0.00367106612356293 0.14222351466547 -0.264311801236789
-0.0389368529463816 0.00813699937099846 0.319491497851816 0.121618711132589
-0.0363730194512156 -0.0367294426791107 -0.0278849335300745 0.27221153140961
-0.0051325595645104 -0.0554826846333138 -0.209496470436311 -0.0588325613841346
0.0256082460491424 -0.0527341150806114 -0.0253100135986644 -0.363491770927456
0.00211352132989508 -0.0458965171873512 0.00981601395607031 -0.432552695439371
-0.02797649001875 -0.00971565289071931 -0.194032703732169 -0.282005105646496
-0.0323616650594519 0.0202842526218971 -0.300708465207484 0.0531133213103297
-0.00201403153238648 0.0139481629782994 0.0737798518193304 0.206071168859197
0.0253456570451634 0.0128636151730138 0.155885813931014 -0.0882261752988887
0.0453974424075839 -0.0317645762908958 -0.0781805331693907 -0.064649130527437
0.00825208969694394 -0.0517311313313921 0.0155498677241119 0.048638814597792
0.0941282150329139 -0.0583321382109231 0.285969379184356 0.0377419261834291
0.0715562687036975 0.0179166449563241 -0.0537219784816819 0.0680095486484353
-0.0158206851358528 0.0178935981232628 -0.129884527665424 -0.148673089431452
-0.0436782393522737 -0.0171264722553775 0.179591194260704 -0.255455679650603
-0.00675315208171118 -0.0522328272674273 0.295913133217141 0.163109548562289
0.0483022658643135 -0.0341590238001451 -0.0636852869781696 0.254389450353315
0.0517648300934164 0.0442899041916935 -0.189810307952142 -0.085105570971948
0.0295982157128804 0.0919657841914685 -0.0186391836709553 -0.3558667503838
0.0264190978611064 0.0964683365449344 -0.0294286467363013 -0.417538783937547
0.0739345574882944 0.065500738346025 -0.247486922492817 -0.237671495828444
0.0865346917651879 -0.0152398475090143 -0.294145488986239 0.110149333305973
0.0226753990471029 -0.0832141391144375 0.0958667770250671 0.182776136812487
-0.0682694594074046 -0.0279707182649312 0.134949840406967 -0.0850684311563744
0.0286073202489987 0.0716261657871656 -0.0581095281444902 -0.0719687552206373
0.0876677190238927 0.013830240390005 -0.00166984854133755 0.0343713165083094
0.15680278040499 -0.0529821414565195 0.265145428523536 0.0718694322993128
0.131798685603294 0.0507906840660646 -0.0391156037327826 0.0780676589819427
-0.0220332390956831 0.0425752372532243 -0.112246647918024 -0.162744168412709
-0.065728954964317 -0.030456516657917 0.220577232499149 -0.248395383932913
0.037676231848354 -0.104726368166872 0.292880209850346 0.197774704506083
0.128212512978812 -0.00401895590787646 -0.0730501065066869 0.240105072242454
0.0847174329947453 0.157511519942038 -0.149380968713364 -0.0775962204083518
0.0302664636987618 0.220191417928226 -0.00485284375102069 -0.290662602263367
0.0873160269834223 0.205452481809005 -0.0555696436729535 -0.352744147642303
0.208962050735937 0.0488135921957039 -0.282078650819465 -0.165089826615716
0.126799602166313 -0.179349893092662 -0.272028747319561 0.165300026439328
-0.116434101367285 -0.163633987434788 0.0970634248193482 0.179900675337367
-0.173547140601342 0.0690555611339219 0.148474414627599 -0.0405301613463284
0.0879644866821778 0.192312985210225 0.00518038206743793 -0.103641526008881
0.179833837908241 0.0441563645177848 -0.0489011104361367 -0.0129370740816264
0.219269719154147 -0.00482151897593013 0.218372154102396 0.105577063784387
0.189624511636642 0.137099056145019 -0.0407010174606012 0.107757704915754
-0.0491866890469443 0.123583862739823 -0.1129815661801 -0.135795093412357
-0.115942348534344 -0.0369042930983999 0.215898753927412 -0.208131776718907
0.0913431344937641 -0.150362711997045 0.261131047542057 0.208130830994719
0.201380825432539 0.0538988498992618 -0.0606113345158874 0.21491970112588
0.0888969775343099 0.268269822474879 -0.0972437069290272 -0.0287424289626432
0.0310109822556703 0.31074816155359 0.00492895851958879 -0.182518710887009
0.164759079232 0.255544453166713 -0.0416392376829484 -0.256386815882508
0.280727066167818 -0.0541473107049218 -0.250211776807792 -0.121307472389057
-0.009559900546797 -0.309985139596226 -0.252995874747161 0.180073963140878
-0.300065636073926 -0.028297948602293 0.111538746736905 0.205235595175824
-0.124199902102154 0.264017099349896 0.210703606624213 -0.0415883191999135
0.230519449966132 0.239357533677663 0.0342229225676726 -0.183914153584147
0.256711059442381 0.0207713780291136 -0.138167638095087 -0.0601106690857372
0.250915859516395 0.0802500794179716 0.14000679784803 0.116170923606509
0.170752809692638 0.270679090934269 -0.0806638131905633 0.120352009022443
-0.167397328656947 0.199087205220125 -0.15644718485389 -0.110214894050409
-0.193773721846932 -0.114581687754131 0.136288054872936 -0.19813671064088
0.181286066474458 -0.200177305783375 0.221308716126621 0.14171332399383
0.256596060020175 0.131572557937471 -0.00650462944311679 0.187956469754097
0.0668694402705303 0.346406743765456 -0.0550917881706306 0.0638304501152617
0.0330223413083982 0.358651232166296 0.00669219447399161 -0.0471558267042268
0.21529218191244 0.256262178643679 0.0133195339664115 -0.168740114031306
0.253060410848882 -0.121168563213193 -0.193221332364517 -0.161071792883081
-0.118390110274495 -0.24315354360965 -0.288837605162663 0.124934090077318
-0.240996208177022 0.158456468559491 0.0832266949904892 0.214485672624242
0.0537173196225013 0.288554488614087 0.207340529432111 -0.0783249825679545
0.314111121091488 0.159237627562231 -0.0114200987571414 -0.23211510290797
0.276923797653281 -0.032105040591788 -0.24877692383204 -0.0693239024765336
0.218211279848562 0.153578534260669 0.0548299871014659 0.0875975308383176
0.0489983117428162 0.325105126114662 -0.0982523737135636 0.0801143569790147
-0.290210665414621 0.11187665355177 -0.165635047758522 -0.111506833058677
-0.142870093559717 -0.252886732992461 0.0796713381492593 -0.212398447443785
0.294811401271039 -0.177741075447335 0.237441758844193 0.0619828727921998
0.250242103190114 0.195660077084055 0.0743805276723818 0.203788713882466
0.0233404037744744 0.35903372195084 -0.0393641023569983 0.184947853043718
0.0279111995861175 0.354505456636157 0.00962813184594247 0.0980531042874129
0.208510158636028 0.226567066456353 0.0855569436481237 -0.101151892462293
0.203857365789819 -0.0989600716722359 -0.157828789586183 -0.236486580856042
-0.0632383017520244 -0.146795449207572 -0.376476692019102 0.07735596249921
-0.0889793338114563 0.132611754958445 0.00439442593047828 0.264441635513766
0.107140657187214 0.14681669079291 0.165609855907032 -0.0429305873581812
0.251730720260813 0.0601729284505356 -0.0488412220614167 -0.19834583797416
0.229790078578752 -0.07079659598216 -0.333084446296006 -0.0372286302312012
0.140101979622427 0.166333220987641 -0.0025766686682651 0.0306532400903304
-0.0600667744150932 0.245021587868462 -0.0445607500657686 0.0403252975855717
-0.233119078411095 -0.0392652859051911 -0.136481567454619 -0.0566019317986146
0.0149029972185078 -0.234309467711976 0.0277909869516747 -0.193532040579969
0.294677197466051 -0.0628251105533154 0.260605498813052 0.0304609868679093
0.17820725366679 0.197203934284803 0.125513039421203 0.251055966175597
-0.00948881114816851 0.298786664987024 -0.0444303001046461 0.301299496988745
0.0197611789394764 0.29579624304717 0.0140988514831049 0.2278649729795
0.160170962296648 0.184540911201403 0.150427898132056 -0.0416395773122871
0.171802770129612 -0.048099096905529 -0.119129459241895 -0.273914678288867
0.019309543310653 -0.112388095866053 -0.408624041629702 0.0424168111403539
-0.0284912170401843 0.0327902263265852 -0.0454860259852014 0.31692825485153
0.0452742808612988 0.0424236123410836 0.161936235542009 0.0302208292159066
0.126923363297866 0.0241928704673112 -0.0228571986327788 -0.143441584379935
0.149368863099067 -0.0685237912453333 -0.36491094859575 0.00350232559583758
0.0614781551348228 0.120458321203728 -0.0237226086400056 -0.0227570318616349
-0.0737157978546215 0.128444851079781 0.0275261726868599 0.0451574760958273
-0.103661228017394 -0.0583126523627574 -0.144918073013821 0.0256114556903039
0.0567455429392006 -0.099737572346939 -0.0340479169619921 -0.195311171518524
0.176192674705893 -0.00401914289398239 0.269722840958396 0.00337075271874206
0.0966702420485246 0.123393975504764 0.149050311856965 0.277104436812229
-0.0127844374803683 0.185499768949844 -0.0496229278482225 0.380571807851502
0.008995689644696 0.190943204547153 0.0150148555870112 0.32002462601343
0.0946581360915102 0.132419414916166 0.191688014118679 0.0129578824990207
0.12168403456773 -0.00481245658383466 -0.0551295499493616 -0.272636547161297
0.0563726505962834 -0.0757493167337526 -0.376847595611953 -0.0206046724198421
-0.00591955276165708 -0.0111221141190363 -0.084252179593422 0.312741629121933
0.00243017014701653 0.00280267460178649 0.163707566327885 0.0813327685258517
0.0298585056959602 0.0265651279354867 0.0277139451762865 -0.112577614148567
0.0782732228211066 -0.0341468497452599 -0.361544912694763 0.0229092530087346
0.0377652763878661 -0.0361417372852295 0.301722029476561 0.0112305793032364
0.0251894992112729 0.000766845426455465 -0.0525193079013957 0.0816991751250947
-0.0062299444273431 0.0103925519984483 -0.147484451009938 -0.116187906997285
-0.0219003703459135 -0.0029288044905244 0.134804816813411 -0.269749336148787
-0.0374569674665875 0.00918607139681279 0.321004155311687 0.113454181547422
-0.0379796713772162 -0.0350469097092684 -0.0207022745184005 0.273555618412774
-0.00635701009114132 -0.0550045140922474 -0.209181203869593 -0.0517722322040347
0.0244750250023373 -0.0545858824223645 -0.0335080163501319 -0.361793481454381
0.00157219620879719 -0.0459923436240794 -0.00193059167915908 -0.432470265125039
-0.0264392374263782 -0.00883965812454698 -0.201552328736619 -0.277570820134602
-0.0316904770948142 0.0191665974232889 -0.300341940572759 0.0625180295643176
-0.00182566044503277 0.0143152393141784 0.0801256770879689 0.202712716584261
0.026607465094718 0.0119490814003203 0.153073534886438 -0.0924970544449509
0.0449423684525963 -0.0335854333445066 -0.0804884677975367 -0.0603419814465239
0.00596171236750366 -0.0523109358836162 0.0180286389501452 0.0490095477923552
0.0922929858306814 -0.0609020739688262 0.286112095745265 0.0289102842230038
0.072189026090356 0.0148448470278801 -0.0531778817874334 0.0699272020037222
-0.0154512063020979 0.017306696507341 -0.134534238909786 -0.14551437019076
-0.0435358407968026 -0.0162915549799027 0.171076569143303 -0.260538597237433
-0.00713228661232421 -0.0520165920001028 0.299907316997411 0.155372209673739
0.0476202440765462 -0.035610907802649 -0.0569322783666474 0.256134142550596
0.0526640860513488 0.0437166452898279 -0.19021417344413 -0.0785134919421974
0.0318459230764817 0.0903357231702962 -0.0282619907220613 -0.353955998293424
0.0287036376564777 0.0942995979174921 -0.0401936698137848 -0.415198562936725
0.0777451536206532 0.0642711155029835 -0.255061974678125 -0.231965688269569
0.0865198951292141 -0.020270440756601 -0.29099519057758 0.117136237691656
0.0204577353719589 -0.0851048914530188 0.101394134452048 0.180114803456941
-0.0691902169817876 -0.0257511171549908 0.132588600144496 -0.0882809420497806
0.0317657812369589 0.069760607020019 -0.061287613797783 -0.0680971060640117
0.0882643269194553 0.0102658309028299 -0.000387910110509576 0.0350261037557108
0.15389484683046 -0.0576977887053036 0.266483488857858 0.0626857184142717
0.133694486787086 0.0461069022175266 -0.0381959536104521 0.0794610620800253
-0.0215203227617364 0.0423327187730411 -0.118201314582346 -0.159607314449275
-0.0652560346760582 -0.0281631802183081 0.211363479213815 -0.254028505543833
0.0352882483818734 -0.10499005104735 0.299164756465999 0.188375457863218
0.127425872484701 -0.00745519210201504 -0.0657349208612947 0.242113047387254
0.0880101447879418 0.155632630120473 -0.149076082381947 -0.0724671592702674
0.0359311924082007 0.218287498431653 -0.0131855337315903 -0.290813292568015
0.092184690515859 0.202846350363395 -0.0652111070399687 -0.350268433624203
0.211155151519688 0.0435663889365173 -0.286765069956393 -0.157530178025883
0.123472884588967 -0.184521815138365 -0.268555912765535 0.173878138372331
-0.121225398819173 -0.160860255612464 0.102062336141224 0.176374601978884
-0.171116247149837 0.074912110537088 0.146421835538205 -0.0441102784157213
0.0951683393577999 0.189465255881401 0.000859254364476611 -0.103080594529797
0.18171539358265 0.0385055579632295 -0.0479509374709974 -0.0107760237966793
0.217373994847704 -0.0110772290736927 0.220501625105545 0.0988821920177051
0.193609362973132 0.13092823208997 -0.038640574592051 0.109635216719441
-0.0451220441291761 0.123041197190529 -0.116896681068491 -0.132566502069278
-0.114404225180914 -0.034443333631114 0.207114625019683 -0.216796968982344
0.0882610879744682 -0.150922311879226 0.267361827981019 0.19883120908847
0.201688335161041 0.0498636411068297 -0.0543424624963615 0.216800948118324
0.0957766133715563 0.266738699208236 -0.0966504537229157 -0.0254312328594279
0.037935082487494 0.310750503900482 -0.000792551816856472 -0.1819602583309
0.171513530259991 0.251609711502094 -0.0497362171282145 -0.257221920086711
0.279866643750432 -0.0612458136841534 -0.255686620752527 -0.113868670391013
-0.0174685140807815 -0.309646099145006 -0.247916204055792 0.187684586887437
-0.301889162586737 -0.0191025239072482 0.116630058630422 0.200655123163006
-0.114824189828224 0.26732463931935 0.208770917520061 -0.0476603045412482
0.237452429268735 0.231599641054435 0.0269661271308033 -0.18388968374035
0.257257118736349 0.0137010362167578 -0.139494851206215 -0.0548555001395497
0.252878352965613 0.071971767915474 0.143685365137611 0.112019317201607
0.17934657871633 0.263638920627121 -0.0766475954086285 0.123173911914238
-0.159947910415555 0.203415532298717 -0.160193461816445 -0.10490095195357
-0.19409070000714 -0.108781741779325 0.130014848149145 -0.202437256715369
0.175573143653508 -0.202730122738973 0.225364356411233 0.135444676560566
0.259341060642042 0.125554065104164 -0.000329467128083941 0.188881560740675
0.0755966446559281 0.344293072172242 -0.0531208350387152 0.0651769772530352
0.041173107148781 0.35685409419289 0.00502727533367952 -0.0466875163262065
0.220886848913531 0.249066412251667 0.00602155088679832 -0.169108747260273
0.250083407603255 -0.125671546150887 -0.198172631636162 -0.155581885003388
-0.122379944072293 -0.239427961024386 -0.28524408714733 0.133867371878518
-0.235150589274882 0.164794971250879 0.0899318391058187 0.212078447007996
0.0619405212059019 0.284950494524178 0.204420998160836 -0.0850276948568796
0.320582620781177 0.148983334854996 -0.0197412088053457 -0.230570143039468
0.275695764912018 -0.0410145919968761 -0.250940012048814 -0.0600503328326905
0.223528590119784 0.145816921140169 0.05604425087152 0.0860955402734231
0.0605424713511348 0.323009805900356 -0.0952201090191275 0.0833193160975755
-0.285927387809087 0.121314340897779 -0.16868399717822 -0.105402565466855
-0.149387050415617 -0.248753026387184 0.0711034658062313 -0.213889101156591
0.289614962247765 -0.18461716815724 0.238865560641158 0.0545499896397029
0.254440246689691 0.190760010523977 0.0803121925399953 0.203121860286187
0.0312413491873495 0.358229299876824 -0.033601650858123 0.186449629131647
0.0375399345394316 0.352983434099545 0.0107480018963108 0.0976140566984374
0.213773714138872 0.221351855675754 0.0805626813168804 -0.103090127000053
0.202830900454018 -0.102318674931895 -0.165250800893394 -0.231623395849955
-0.0652356597749912 -0.145197971070084 -0.374477756526862 0.0890924811038046
-0.0836572202859475 0.133377733115779 0.0122168674415855 0.266964157669074
0.110571377905935 0.141120893067058 0.163497662447762 -0.0460657635301445
0.254323040873731 0.0521040445003125 -0.0552982126252804 -0.19600082853558
0.228147406312911 -0.0782487687123305 -0.333977428548512 -0.0260441673903112
0.145145879576599 0.161221836698944 -0.00274936060720857 0.0309669423054134
-0.0511452161450553 0.246479279217722 -0.0434817774779265 0.0405598495292177
-0.232939009558496 -0.0333228212163227 -0.137538627407363 -0.052059420426873
0.00869048471346009 -0.233638797556136 0.0210211066518521 -0.193149106301507
0.293153603374668 -0.0714302162166337 0.261053378312691 0.0211260072177906
0.182093464533782 0.192570598733304 0.131699371866001 0.248072042869431
-0.00195733755753416 0.298607613252827 -0.0369429758170218 0.303359031084309
0.0263211564854094 0.293915746620593 0.0186543325217428 0.227141993286324
0.166080461771994 0.182484187671089 0.146202750525468 -0.0454684316551541
0.171130426299459 -0.0524757518790595 -0.127644605072051 -0.268831047991959
0.017246446994749 -0.11369833325526 -0.406465023485454 0.054866608257201
-0.0258365231542878 0.0315842137882246 -0.0362024887569158 0.317174232763362
0.0453648680505051 0.0396307503387303 0.162472366370057 0.0265449537516082
0.127440165162368 0.0206018648626504 -0.0266695756741835 -0.143217085846503
0.148131329311584 -0.0734099986882802 -0.36512923700099 0.0153163301468622
0.0656908944562973 0.118886093541553 -0.0257482039107203 -0.0217443458759721
-0.0691543148554527 0.130768696519925 0.0279270730584599 0.0424218933345556
-0.105274663459852 -0.0555717515289272 -0.143932141668072 0.0295927824226709
0.0547413803656372 -0.101588982569085 -0.042319233539235 -0.194062524822677
0.174802319945888 -0.00884135861718511 0.268717402959518 -0.00445366276717353
0.10037015540372 0.120258604687256 0.15546459234172 0.272834630578633
-0.00815828110537683 0.186372001189249 -0.0402988547071446 0.382197213152204
0.0139260498057289 0.18845780520063 0.0212637213621599 0.319373418179894
0.0989386995544672 0.130024776317204 0.189582611647417 0.00764579875743295
0.122133208453978 -0.00682364287830732 -0.0625639491734887 -0.269560981853575
0.0561549317306516 -0.0786219057642172 -0.377757117807892 -0.0119281082324427
-0.00525747900943879 -0.0119681582644739 -0.075214679562658 0.313872985002952
0.00123344090324287 0.0017896458816015 0.164800760691506 0.0775268275181302
0.0309163834794101 0.0248492601002359 0.0250664390991244 -0.113030416120062
0.0769837028601258 -0.0370922720457398 -0.360195029650952 0.0343898747950333
0.0367621989102988 -0.0384120022366818 0.300518545022088 0.000890008810868305
0.0263016198992576 1.90737946509931E-05 -0.0515665435912179 0.0854366867184001
-0.00493426359362891 0.0106516992225883 -0.152437688807422 -0.111403803390192
-0.0221516271822603 -0.00263360158662412 0.123658053494255 -0.274951853820316
-0.0362134571780101 0.0099845283610254 0.32496972599482 0.103013804178904
-0.039326988938774 -0.0338313004701433 -0.0111622684615928 0.273617901840536
-0.00682318299693921 -0.0542745851438746 -0.208192304283913 -0.0446573138430872
0.0234524495309671 -0.056362974548342 -0.0438655804774306 -0.35991949431011
0.000307063518447731 -0.0488027876107711 -0.0144709431120139 -0.431704786745159
-0.0248489064695138 -0.00968999462523855 -0.211313671596871 -0.271168033944165
-0.0313130670040778 0.0182849978278261 -0.298671994877944 0.0739760274017131
-0.00089779927921706 0.013476872993209 0.0857865214167824 0.200800433031667
0.0280504983054438 0.0110897511252007 0.148683163658517 -0.0968862197949775
0.0445492763365867 -0.0361509404201501 -0.0835458007104805 -0.0554091919489318
0.00416555547440548 -0.0523803734086402 0.0203923583153359 0.0490532612853073
0.0896865318231571 -0.0640494756180226 0.286843952691896 0.0183370621830746
0.0729253369835336 0.0132464166831067 -0.0521594113687417 0.0735925273726689
-0.0147186874338818 0.017442175290622 -0.14007763624208 -0.141795760468146
-0.0435814605867814 -0.0151874701321185 0.161849104981264 -0.267411789084991
-0.00866583567725334 -0.0516584777367935 0.304546700256108 0.145373626729921
0.0462420564597613 -0.0366428418625055 -0.0485135951171727 0.258091915295784
0.0541653062026183 0.0421936482055986 -0.190408125644263 -0.0716447545573951
0.0349077613366506 0.0875530390010413 -0.0382084931144308 -0.350901458148397
0.0313022175218259 0.0923179097713235 -0.0526574437501382 -0.414278622296712
0.0813154538253823 0.0610921609233937 -0.262985809539181 -0.225219035515867
0.0862447301321899 -0.0243297888088646 -0.287882324597539 0.127961672319858
0.0175996575019856 -0.0870193074456056 0.106187133478045 0.176126876369437
-0.0691117887193436 -0.0222027517117911 0.128155522164028 -0.0922154804801594
0.0350174428495078 0.0695105412668432 -0.064480132384209 -0.0639026042400539
0.0897196817501976 0.00721633599700672 0.0012541089674373 0.0355276985908969
0.151183770427461 -0.0638479192587191 0.267836397450322 0.0536830346544033
0.134458132056989 0.0414917373270113 -0.0370572685593979 0.0809708850083393
-0.0198058521158351 0.0419547653798986 -0.124251124103169 -0.155697211320134
-0.0653694394449133 -0.0265120092527891 0.201024781728602 -0.262672165810186
0.0328716911070236 -0.105254095185842 0.304657289189643 0.177075627774907
0.128346784608496 -0.00969060219848131 -0.0574796193354652 0.244327707933155
0.093397901749464 0.153674418048571 -0.149908071648873 -0.0667811678396352
0.0420471773379781 0.21682596741671 -0.0220857024233097 -0.288873150978287
0.0984866312244797 0.198676669118525 -0.0770745713902217 -0.349412901538519
0.214768528330709 0.0362042367489768 -0.292533302204705 -0.148597868974693
0.117106741056599 -0.189980125967198 -0.263119405600283 0.183146809024188
-0.12708351518765 -0.157320724337095 0.106531599493816 0.172110622731975
-0.168728724548972 0.0818534614715664 0.14408270997118 -0.0485209582414623
0.104208505228613 0.186114565256291 -0.00327826746169238 -0.10166948437053
0.182846786851871 0.0318096172616985 -0.0483072951527459 -0.00838450280842863
0.21668605512948 -0.0193545925765834 0.224090798498053 0.0903241010540895
0.197414193592978 0.1233489874112 -0.0354799976942173 0.11053135637457
-0.0415236093524047 0.122589227359135 -0.12171606729592 -0.128902411814857
-0.114447602468773 -0.0313471563914956 0.198780538093924 -0.224965361561481
0.0839912362942596 -0.154073276343261 0.275237906167503 0.188986289840077
0.203699116445514 0.0452597755478821 -0.0459095432758168 0.219645286103305
0.10418752790844 0.263270803924428 -0.0958241369215871 -0.0218473702126193
0.0468190838067463 0.308223623058316 -0.00810661825097636 -0.182502777323028
0.17917116947305 0.24478421341782 -0.0607658578827995 -0.25586530535174
0.277366190602986 -0.0706182771244052 -0.259937679247216 -0.106038423157719
-0.0283411250429509 -0.310348196814332 -0.242814469113172 0.196397558662172
-0.301915292634865 -0.00848960331508162 0.122590147830549 0.195692567642151
-0.104888588005923 0.272114241027717 0.206827149228 -0.0546218471570903
0.247101852049758 0.22322671858266 0.019305121103938 -0.184018191745683
0.258199627325909 0.00375418444516551 -0.141048500116916 -0.0495575894644275
0.255915232185594 0.0623244950409179 0.145936913536904 0.106431960330483
0.189454606993351 0.255855231593897 -0.0719206482866829 0.125673754367151
-0.152160143350333 0.206886141025251 -0.16422292830462 -0.100188766810775
-0.195912217731334 -0.10296031169407 0.121242593237893 -0.207026967864628
0.171045073570956 -0.208634579139942 0.230929647298468 0.126655356920935
0.262565709291198 0.118704760047665 0.00489324455576374 0.190498244116045
0.0856204402519572 0.341410300778328 -0.0501558279224805 0.0680650293617789
0.0512490351140753 0.354304923977037 0.001674335300065 -0.046882433651786
0.229252910269069 0.243000376030971 -0.00199154087767036 -0.170401805623672
0.247234734196893 -0.13328516369932 -0.204582414603689 -0.149429400538291
-0.129504138264224 -0.236547000913757 -0.282560558406031 0.145229556967355
-0.228629726404904 0.171652624078451 0.0962323430441359 0.209816901449805
0.0729402496002911 0.281643658919186 0.200478391999704 -0.0914524976540773
0.326463495796911 0.136835061783445 -0.0298534128594237 -0.228564829941346
0.275049719426272 -0.0519156685269692 -0.253665973617159 -0.0500591739494733
0.22945516705985 0.136197409393927 0.0586505721250593 0.0845378649275245
0.0733995081875892 0.319923274154357 -0.0911945591719791 0.0855430677942875
-0.280708593858458 0.129740433658849 -0.172486776578287 -0.0996269089155319
-0.15738000637035 -0.244163671799246 0.0618048010358627 -0.215514652307612
0.285054703364324 -0.195207233068543 0.241164681258106 0.0461366076390291
0.259437018939351 0.182811120247804 0.0860500172373847 0.202217238228716
0.0420512022818707 0.35718425841837 -0.0278188035252297 0.188136944695107
0.0463662458142398 0.350920802989932 0.0124781721494877 0.0981459680901319
0.221165166361604 0.214929712690937 0.0742172185385813 -0.105738317922874
0.200670786990894 -0.109930652904333 -0.174291390776995 -0.224358674036379
-0.0683383059816989 -0.143680397202065 -0.37175436609287 0.102321987314905
-0.0771825450282804 0.134030892853017 0.0223201653325895 0.266662286990223
0.114115957315788 0.135124196867904 0.161369163329401 -0.0515753656293265
0.255439298787659 0.0415582155975735 -0.0629960340362287 -0.194333562822691
0.225973996672804 -0.0870742714399066 -0.335145038753535 -0.0120244424084401
0.151430648684935 0.154132226539302 -0.00242462373179514 0.0318600940507432
-0.0409035838304414 0.248852004492855 -0.041530004454871 0.0412931002604567
-0.234890877719535 -0.0239840159004199 -0.139207862620476 -0.0477565175666729
0.00146148918149975 -0.234576066103233 0.0125538748887683 -0.192688825032156
0.289869197718362 -0.0826503463631445 0.261609977880438 0.0128944240850103
0.188392416315218 0.186745180026886 0.139000242896793 0.244878538337246
0.00731023275157875 0.299520635920634 -0.028554167934149 0.304044130822413
0.0347285645320687 0.292694346216005 0.024473224268546 0.226801676033515
0.172405994728351 0.177673027655501 0.142536167007922 -0.0504483657726555
0.171050419623317 -0.0581519350707689 -0.137887154928642 -0.26234307289081
0.0142910701968507 -0.115373221189983 -0.405439887283429 0.0696103843744217
-0.0244887560850857 0.0302838823451181 -0.0245265361216797 0.319624539433675
0.0449996542992456 0.0364661133606471 0.163930386303245 0.0211844402148625
0.126571667960535 0.0158864196950495 -0.0313708178576543 -0.142366304387171
0.145118758020925 -0.0781543602024056 -0.364146850528215 0.0293744334030373
0.0696725433961347 0.114971752236391 -0.027532750079745 -0.0198078342504059
-0.0629584893886545 0.134261202998733 0.0298102390537325 0.0407652944826855
-0.105937228508852 -0.0524446035623115 -0.141866292049225 0.0339360712608919
0.0509446753208369 -0.103381033148182 -0.0499025752504469 -0.190583502576628
0.174682616728293 -0.0154643796267271 0.268729943548131 -0.0157665639015752
0.103523523294716 0.118609952547534 0.1635403220003 0.270443539324003
-0.00256064731785853 0.187027126263056 -0.02833353680744 0.384846314406047
0.0188051977127032 0.188460579849724 0.0304429182293698 0.317377721626127
0.104009635669494 0.128093796539761 0.18777626709588 0.00184887934933844
0.123738903429192 -0.0127565911970813 -0.0711430295617149 -0.265477609159414
0.0533138959461367 -0.081094225893863 -0.377557320885761 0.00155144772368005
-0.00464213441281942 -0.0130174516239218 -0.0651243842212609 0.318303658230463
0.000258640208761528 0.000408475208404931 0.16883805470108 0.0720980471087615
0.0318649462499193 0.0242930192202466 0.0224883714745735 -0.115940089535444
0.0751455617187094 -0.0400303092641263 -0.358544515166562 0.0479611199910043
0.0340037972546279 -0.0401694869884515 0.296259503709643 -0.0127084629042891
0.026771444783444 -0.00117531305893433 -0.0486051533495604 0.0880806738299618
-0.00379833136498626 0.0102765523923575 -0.156404908283401 -0.103728279625332
-0.0221962598864456 -0.00193780419864701 0.109873815047613 -0.277539616148897
-0.0348958083776913 0.0114056660666101 0.325532486150569 0.0878968404820111
-0.039866542096755 -0.0324486358492562 -0.000189699095856375 0.2714841137352
-0.0077438865726941 -0.0531334676251462 -0.206116347033676 -0.0347613563555555
0.0201329331046353 -0.0576158927954361 -0.0554424326856567 -0.352365795132171
-0.00117992075005626 -0.0485957140435319 -0.0316427140260545 -0.424715054036213
-0.023468068606319 -0.00987446055144515 -0.221140365947928 -0.258720883964775
-0.0308337799382762 0.0181140963085091 -0.291319599577009 0.0869059028972796
-0.000541877930600663 0.0119169983957095 0.0933758848429286 0.193940606979422
0.0294719236942654 0.00899945002147015 0.140675882429742 -0.101761311822101
0.0421956142209643 -0.0386874895942534 -0.08543846158847 -0.0483546056364529
0.000710691855876922 -0.0537085085482761 0.0225193035538645 0.0480633266762692
0.084995355965921 -0.0675860163995894 0.283991290132512 0.00565106871797616
0.0737239390269758 0.00910886815139678 -0.050599950678633 0.0762679181248875
-0.0134023032474429 0.017533822466813 -0.145574814857134 -0.134520408108104
-0.0434466128708541 -0.0142702347740875 0.147874398771687 -0.272331399729967
-0.010146229406237 -0.0506881609505453 0.306155467396525 0.130052785945847
0.0452118960432813 -0.0371569217152289 -0.0360406107571826 0.257395200546683
0.0554992286516295 0.0400566061175421 -0.190565084799185 -0.062616656448428
0.0374561140085854 0.0851273917873536 -0.0508169132338802 -0.344999791468057
0.0351525151960617 0.0892380830874103 -0.0698176437227896 -0.404745953739429
0.0831264500943613 0.0566297972332638 -0.269376741896257 -0.211355864220477
0.0838705495536841 -0.0289908873027898 -0.279943623023561 0.139412519372044
0.0139277573276793 -0.087512899284263 0.112505564869951 0.169376849148117
-0.0690213834786342 -0.0186193737955247 0.122302391475627 -0.0964431952451086
0.0391730688224418 0.0666881024172147 -0.0674964243028632 -0.0580549406129082
0.0890567388922451 0.00254521440555849 0.00362156498030875 0.0349118326702656
0.14552074998391 -0.0694756144089729 0.266130198453612 0.0399097357770562
0.134913025670486 0.0348999228538495 -0.0336596561467301 0.0824439630884067
-0.0180867506222069 0.0407052424458038 -0.13093053350409 -0.148713763180983
-0.064720680198563 -0.0246464896060026 0.185738034458133 -0.26805355577499
0.029202107787573 -0.105361066916043 0.308862761300253 0.160951165246032
0.126275363665729 -0.012791105587656 -0.0460919973539852 0.244725024847818
0.0989390886752805 0.148260368957256 -0.14915345102838 -0.0592015608147483
0.0496645128951502 0.211657817688736 -0.033460501539882 -0.283669671360307
0.104622080330869 0.191239288055204 -0.0922779809048977 -0.341391130930515
0.213441725396081 0.027506604351464 -0.29585367702436 -0.135794574716779
0.10791418633769 -0.193956979188623 -0.253593913379041 0.193813824488514
-0.133014565597397 -0.150394201261493 0.112248737854009 0.165635642350033
-0.162406590519156 0.0893616761103568 0.140501592975631 -0.0539856411699993
0.112177375590179 0.179562498446935 -0.00860575191397447 -0.0990795526507019
0.183245741359181 0.0234177165468472 -0.0470806127415172 -0.0059981991274301
0.21316716816488 -0.0297084557052906 0.225252008986478 0.0791275687327446
0.200918348330142 0.112094085146464 -0.0306453940458777 0.111186023497864
-0.0364137242016603 0.120820411439117 -0.127955389339528 -0.122086131169919
-0.111962861423016 -0.0270464377147967 0.185458450816005 -0.230763647643209
0.0783664608915882 -0.154869097292098 0.2796609544829 0.173533685460636
0.203829575445369 0.0378662562847321 -0.0355412161656103 0.219654022049812
0.113264097298826 0.257033860275826 -0.0946979160951257 -0.0165190798777132
0.0575728235669332 0.303059385539123 -0.0157694507939239 -0.179239124402682
0.185050050443484 0.234959880029278 -0.0708718002119093 -0.250398144611482
0.273002426042506 -0.0804170103350718 -0.260448599619406 -0.0936547447296235
-0.0404598017416946 -0.305802409585861 -0.232951534537184 0.20518665462854
-0.297301401610053 0.00465151371947917 0.128423442256304 0.188494533648022
-0.0908815273413155 0.274928011601407 0.201721124034624 -0.0629660579375679
0.256200830150422 0.208211485851304 0.00996947017738732 -0.182014407116382
0.255230373725792 -0.00902794577963449 -0.141623524135754 -0.0415836396257311
0.255164581138544 0.0497395935477362 0.149248729564512 0.0993075292610702
0.19973128467257 0.242145766539002 -0.0652962033302572 0.127223233792109
-0.140557045502481 0.209005810161372 -0.166366220968911 -0.0919638100061642
-0.195484459519793 -0.092947787464261 0.109563835346685 -0.210310193178037
0.159925359276894 -0.212968611614174 0.23411292631957 0.115002977918819
0.263241832054587 0.106500647747833 0.0145585652306602 0.189014432543376
0.0971817259580238 0.334333437685391 -0.0463081300674152 0.0692304540809568
0.0634800379830084 0.350305387706184 -0.000703166799371813 -0.0457579632232258
0.235655956372121 0.229599797742425 -0.00998338885687152 -0.16749875627816
0.239279075515375 -0.141926923958532 -0.209765244895946 -0.138290517327647
-0.137190267507319 -0.228366333376371 -0.273703338976296 0.156543703783926
-0.216639021988831 0.178334654103206 0.103933950097485 0.203461024215194
0.0842944961557448 0.27455422324088 0.193749209761538 -0.0989846531523747
0.328238984754254 0.119260663056486 -0.0401059042237428 -0.224112423898816
0.269505078219293 -0.064783759852228 -0.254909984062135 -0.036803318037758
0.232270445020355 0.124033360344356 0.061534256074148 0.0810786157293759
0.0873030876888902 0.311330787344793 -0.0867200295277312 0.0878685493225747
-0.272090696089107 0.139113900994794 -0.174344505237184 -0.0912026435656387
-0.164943355375243 -0.234825499314047 0.0502876118837743 -0.21526513970762
0.272154390222223 -0.203379247149433 0.240807417602266 0.0344643269878199
0.263598954539219 0.169618627814966 0.0942381020427442 0.197093002466957
0.0545525811143122 0.350290900614056 -0.0205346657110143 0.187205442387002
0.0587802112148996 0.344256387520271 0.0150610574364557 0.0958481015393186
0.22752036648487 0.203896752732348 0.0672717400438294 -0.106170641252261
0.195156006637449 -0.116304958608733 -0.183103150869457 -0.214139208474678
-0.0724416445785707 -0.1403429110022 -0.364590172496896 0.117574278738692
-0.0700028768946699 0.133208676910808 0.0325484109867857 0.263761706730266
0.118627288177776 0.127580272545719 0.158139084999087 -0.0568899324743462
0.252823230523529 0.0288235644795927 -0.0700410214847615 -0.189052321706751
0.218499385708617 -0.0953122848201513 -0.332985161259629 0.00411473382589853
0.156851538455504 0.144767400505144 -0.00196949575932009 0.0322251288700993
-0.0273981249340818 0.247223402732822 -0.0389971711183037 0.04100987250095
-0.233028172628624 -0.0140160266658944 -0.139005175856962 -0.041638987849576
-0.00892196484813213 -0.232719774310944 0.00323374755330057 -0.188219121891362
0.283245030499693 -0.0931884058267468 0.258448827945722 -0.000629542315351126
0.193607792605043 0.177603527515534 0.148565318126475 0.238314810557409
0.0177148918343949 0.294726679966896 -0.0154133603375411 0.302858055227501
0.0452992038742009 0.287148379503817 0.0322679040242872 0.222997984750497
0.177969427624269 0.168838499915798 0.137498735038361 -0.0556240662780739
0.166632942693536 -0.0642245318895688 -0.146737685024827 -0.252425851219934
0.00977698665996437 -0.115671659295287 -0.398759484604811 0.0866468543233957
-0.0215187102779744 0.0297388085788284 -0.0110091315582227 0.318985285346826
0.044862511526926 0.0331562031593391 0.163775565294012 0.0146922249794921
0.125416644688495 0.0104723065956936 -0.0359814425602251 -0.139861431336057
0.138569309724285 -0.0833354995671606 -0.359114796408539 0.0453091728672294
0.0732046879707456 0.110078125102306 -0.0292925285189948 -0.0178826500973549
-0.0551676924246892 0.134422755553327 0.0317951878065105 0.0375357242117288
-0.107462143062542 -0.0478852866681294 -0.13822445765221 0.0395549959430393
0.0463114202568507 -0.104461378158253 -0.0570447229253807 -0.184904652689968
0.170581755162077 -0.0227344014378936 0.264338785877978 -0.026882093493104
0.10636741488538 0.112664591357924 0.173926907966212 0.260947615676241
0.00374339126336556 0.18441287134771 -0.0127140616748988 0.382261237411602
0.0250256839866344 0.184445890266731 0.0411843610464565 0.31308539274984
0.107862938348597 0.121848103744582 0.183385621909848 -0.00692908585812924
0.121856363771781 -0.017126747945175 -0.0803535075700067 -0.257841617377776
0.0492114813804534 -0.083575856261028 -0.373292713328044 0.0171519369771949
-0.00487989648058554 -0.0135371731981904 -0.0512983494808977 0.31832785632882
-0.00142935672631223 -0.000303850382439779 0.170753231611489 0.0641703984732106
0.0320198852548153 0.0236313436451486 0.0177369028236537 -0.115947332962049
0.0722068571834341 -0.0423527805340784 -0.350739963312605 0.0623034098817371
0.0264779852838237 -0.0398858661588231 0.289969355397956 -0.0171357127680344
0.028752373136848 -0.00492475443017425 -0.0473683338972742 0.0903835080801812
0.00117256887366223 0.00999911704558507 -0.15797447629081 -0.0989783491043319
-0.0228820261339187 0.00423156754566681 0.0992494685190961 -0.275970042808961
-0.0384831182553107 0.0117233670288024 0.320930430147016 0.0778008522939394
-0.0409167752215797 -0.0312772582357304 0.00468454664235652 0.264275144035026
-0.00890096825747847 -0.0526735026078391 -0.198017944707262 -0.0291934255704785
0.0187997071040058 -0.0572469699450205 -0.0584196654732344 -0.338760492790668
-0.00381554388723289 -0.0462700634425045 -0.0351311249974964 -0.409432836459562
-0.0232793423394999 -0.00954771524394589 -0.216385407522224 -0.245374025706525
-0.0316435384496044 0.0181464257566957 -0.277108288251141 0.0897024134868417
0.000648679659750173 0.014228535090515 0.0918838452374363 0.182994271665192
0.0314495866610077 0.00601870958407178 0.131563917068751 -0.0982833149673883
0.0389745312757843 -0.0397635371163199 -0.0811258703939676 -0.0419691885534113
-0.000296423202047768 -0.0490363975009452 0.0233104803615361 0.0447952471341267
0.0761669094187969 -0.070121207609404 0.275440682574605 0.0039485120267855
0.075306132551042 0.00339267136095754 -0.0510753583499162 0.0787412151229954
-0.0101953860390614 0.0183741896360418 -0.148192299433837 -0.128812897913261
-0.045109428902758 -0.0077691436660376 0.1369673935233 -0.270232241439736
-0.0151000003166583 -0.0517102519105042 0.303191679807577 0.119666299378978
0.042970385646024 -0.0396090628785863 -0.0307135201179786 0.250604269701618
0.056875502637443 0.0368340555128038 -0.184352712699999 -0.0572613220125556
0.0391897800515634 0.0807840704719007 -0.0556122150399493 -0.329228831519304
0.0343020034415521 0.0859081713908886 -0.0736759835541669 -0.388749631629839
0.0812042054140499 0.0510023377311644 -0.262431423289119 -0.198337164210257
0.0774749535906593 -0.0301643752554147 -0.264499829817961 0.140388794286496
0.0106276527986775 -0.0822203779966751 0.109560355334858 0.159285507727943
-0.0645464951583947 -0.0167741949770034 0.113248091804248 -0.0937649960181278
0.038563663636103 0.0602584484598013 -0.0651613147547755 -0.0516701753947106
0.0847577083632348 0.00133955324535741 0.00569900767573717 0.033365150070778
0.138577484487437 -0.0760113281513074 0.25723931779226 0.0396015436920832
0.137874386181386 0.0257025775391252 -0.0376020211543606 0.0835261220772116
-0.0143614026019602 0.0424677972425407 -0.134355293977169 -0.144541706052998
-0.0671571509524728 -0.0174581957867944 0.175882507597316 -0.267307267266036
0.0204675975021493 -0.108145993698785 0.306412994159804 0.151363441248607
0.124320615368948 -0.0174573063329124 -0.0408313587494207 0.238971410366632
0.101107868363799 0.142283620641012 -0.145071978463187 -0.0545118114877328
0.0536210291775617 0.204235642064781 -0.0393555112047051 -0.270875078897793
0.103599041869606 0.182510025141182 -0.0939883818927367 -0.32630768877249
0.204046944475334 0.0206019191337791 -0.284512463425984 -0.124642688052566
0.0965755172162052 -0.18823930196237 -0.23806801631833 0.189026634916613
-0.130023218396111 -0.138681365298769 0.108794647480682 0.153479533005284
-0.150727023362724 0.0901577153531486 0.130128546919814 -0.0523397194496022
0.113410322312102 0.166737545916831 -0.0105921676051864 -0.0905553183195716
0.173592476943173 0.0154185720520139 -0.0434013099302756 -0.00402239057059167
0.208287771675363 -0.0390597144877503 0.213483474953959 0.076924917561329
0.207915374948608 0.100244425304522 -0.0364341841143175 0.109123951398841
-0.0284560674059432 0.123486774337029 -0.131173823749817 -0.122878213612915
-0.113422683158298 -0.019170339903715 0.178316472151191 -0.23182800921366
0.0677881566030075 -0.158756775417762 0.278790481323849 0.166248493283261
0.20135908571098 0.0304092845702536 -0.0316085228239089 0.215301199257215
0.11963007187355 0.246736743694681 -0.0921548505563682 -0.0150237048940352
0.06411039919654 0.29083844887419 -0.0192319514960497 -0.170913850013179
0.18233460886929 0.221059243102771 -0.073620014185615 -0.238261190577439
0.258479692976605 -0.084852039969679 -0.249261469674595 -0.0855557197762931
-0.0491293691132106 -0.290673974162845 -0.218077167430271 0.198406271298873
-0.282848469251392 0.0146584682320306 0.122041652856718 0.176566754105035
-0.0745419163102737 0.264881642535173 0.188498188226204 -0.0607232630901125
0.252881015529153 0.187974755713936 0.00624363425390555 -0.169173442675638
0.239938075330109 -0.0198924219963534 -0.132718766505924 -0.0348184001293196
0.256704461551854 0.0370605043608532 0.136996585670147 0.0960522911028772
0.213902274563528 0.232535606262338 -0.0721843812619327 0.121506341022321
-0.129369517479277 0.21871160609036 -0.165695063232597 -0.0951487323715104
-0.198698037300834 -0.0826041623595195 0.107278983860443 -0.206951998559454
0.148921756892013 -0.219121295823012 0.231067489855826 0.112956591688565
0.263129721379609 0.0974378651203979 0.0147249779767177 0.185132967904301
0.103588663965023 0.323241983429151 -0.0452444336776403 0.0670846105719541
0.0691408834841925 0.334080617616314 -0.00303443984824774 -0.0422161708553363
0.23001345337927 0.2153695920561 -0.0128096255599171 -0.159564093321001
0.224835991197036 -0.141541703457029 -0.200588735648148 -0.129633411452285
-0.138389181386578 -0.212826616096663 -0.26075725247701 0.153432137408955
-0.199179951258596 0.178543946679033 0.0992669317274406 0.194367480620557
0.092626592895611 0.258183235847095 0.182811846953081 -0.0951636063134754
0.318048825496926 0.099469909698283 -0.0407238899642687 -0.207954246173497
0.245540573855865 -0.0759493161921536 -0.236336132442346 -0.0282847477843698
0.239522980580462 0.112544076313716 0.0495599240334563 0.0781369405316107
0.105739672141001 0.309831880787119 -0.0908240306260118 0.0792015043665249
-0.26552646790768 0.155630141546069 -0.167499467159879 -0.0939369117347032
-0.174327310959286 -0.225343891343582 0.0509822863908736 -0.205605518594946
0.260136857329214 -0.213599183098133 0.232389162195135 0.0337643246173522
0.262405237472106 0.159295286600431 0.0914635956911005 0.19105432012219
0.061886224509439 0.342443318166966 -0.0183757960546303 0.181163877278845
0.0650183545591678 0.329532786155924 0.0146234332383194 0.0935884228185445
0.22247275826003 0.191028275305519 0.0628950436900684 -0.102257275940121
0.183662002157171 -0.115971019079912 -0.177859997426589 -0.200709223629275
-0.0747666633020061 -0.131006457814209 -0.346787985823918 0.120775431811724
-0.0614681046617235 0.13131373328844 0.0354936387839875 0.253131104688811
0.118181017966623 0.116664287485055 0.150376460427081 -0.0543078977996761
0.242220228421911 0.0160294062123188 -0.0676267793029801 -0.175481842217025
0.191922169987829 -0.104123827729439 -0.309454204488375 0.0106974142878058
0.165490382334967 0.139662716118919 -0.0110391737983433 0.0289592572861843
-0.015203300963116 0.251478167850766 -0.0408472426362075 0.0304193808083128
-0.235201001585715 -0.00334683311734874 -0.129651123302377 -0.0400476237529504
-0.0173038064047969 -0.229611492978081 0.000721260648105014 -0.176693747566629
0.273510736032328 -0.104859002904469 0.247048880949768 -0.00319962121853056
0.192876283246371 0.168016271684084 0.144351377909928 0.228418823283247
0.0252475314140373 0.2891650999467 -0.0125821607341323 0.292698674704808
0.0493606433839252 0.276057707062323 0.0330968797838793 0.214492111790735
0.174012016100868 0.159077491864025 0.130369678290652 -0.0538990281536895
0.157667430598613 -0.0668724810710768 -0.142882067374562 -0.238108748830491
0.00384081939593454 -0.110968682274916 -0.379099653098736 0.0887560873671544
-0.0214617594850141 0.0319702637465195 -0.00415685426148824 0.304896949852185
0.0447741713491854 0.0299906198386432 0.156258536439438 0.0116775054294764
0.119060760642348 0.00325964035615627 -0.0346524856087982 -0.132101253612001
0.114565379483149 -0.0875605592062017 -0.332336910128252 0.0494914080779144
0.081231973928801 0.108782678796423 -0.0345779789211966 -0.0203439750457737
-0.0501597570112316 0.139863598165905 0.0319236344483739 0.0287335699431545
-0.110454204071424 -0.046457319143314 -0.128447745680597 0.0419427495707385
0.0445862683558299 -0.104451096421913 -0.0615590597831798 -0.174231690093174
0.165161695788733 -0.0286223961484343 0.25493127347533 -0.0321079637718789
0.106888553363025 0.106662994904802 0.170485534764605 0.250256659045745
0.00753851685375299 0.182143545859307 -0.00740699342273196 0.369868018030539
0.0270262949242632 0.176850774612976 0.0436014526051391 0.301901852723323
0.106361551188828 0.113991058016409 0.175980528180786 -0.00822298124868854
0.116186805793025 -0.0208669067563947 -0.0791684677015375 -0.244321299092851
0.0419583901200484 -0.0826389655746693 -0.356255260064462 0.0217706596566344
-0.00647290132877589 -0.0105884171464841 -0.0416406074159369 0.303921781447833
7.68459135807743E-05 0.000817623719916362 0.164612773402309 0.0596066509844967
0.0309329056505691 0.0194057216984912 0.0155544288239275 -0.111091741919713
0.0520022458655177 -0.0453353152341576 -0.326314471527083 0.0659858163538106
0.0248976095226982 -0.0391279728252186 0.279083372538954 -0.0197302941273031
0.028757091615095 -0.00535435262797053 -0.0449827396387981 0.0895909951132472
0.00119355427020593 0.00947259369471851 -0.155500101089929 -0.0946560381548872
-0.0222187832597401 0.00451228530236962 0.0928167702525563 -0.267388594654642
-0.0363436825348216 0.0111828384261211 0.310465758915753 0.0728876811376622
-0.0397311346271418 -0.0297101474259535 0.00732536700040027 0.256159307710219
-0.00803559848916312 -0.0511191477989755 -0.18992867415533 -0.0272917679151851
0.0175840987530199 -0.0563540793388342 -0.0574651291627803 -0.327272583592785
-0.00445732901997347 -0.0450029453170173 -0.0355006594129711 -0.394587339362776
-0.0215569435779894 -0.0107779303600622 -0.210966856826719 -0.234584870875619
-0.030846333444395 0.0175064821384614 -0.267155334745665 0.0907075981586704
0.000464011436769492 0.0118165032940994 0.0901165466386826 0.174821599184468
0.0308330897767752 0.00465965448783137 0.12510349888617 -0.0957572913251159
0.0368372846301941 -0.0394993148930783 -0.0784108782276817 -0.0382897898455145
-0.00107244238107266 -0.0471787832288247 0.023080894059741 0.0437661122929646
0.0726673200119287 -0.068571523753882 0.265261540740716 0.000113310654899292
0.0737886309417887 0.00253359591704067 -0.0491717859324876 0.0775663051710315
-0.0117743504012177 0.0176256608314408 -0.14610616116378 -0.124372059494117
-0.0435157006857611 -0.00771047678171618 0.130035879980908 -0.26250742819026
-0.0138279259175164 -0.0507175415019275 0.293942077265022 0.114021202306676
0.0415405614820962 -0.0377354982522008 -0.0275922348750463 0.243211278362761
0.055442580525935 0.0365205528932434 -0.176155650311443 -0.0540659385379095
0.0378707400539634 0.0765052550180037 -0.0527106231412382 -0.319418063253041
0.0326830663380921 0.0819361632193944 -0.0724194885344262 -0.375137506725439
0.0799457093569677 0.0477208421607946 -0.255463901498443 -0.190171738576749
0.0739398723437136 -0.0313178423247386 -0.25462144558865 0.138212635871
0.0107157215687985 -0.0808377891086722 0.106892780920879 0.152513503929528
-0.0611925977013395 -0.0158608144371305 0.107763951128147 -0.0910483216608359
0.0389167977747467 0.0580924214347351 -0.064368680456698 -0.0477584221162396
0.0819097140970381 0.000452186497542468 0.00590292918191694 0.0319203219005898
0.131951712036294 -0.0744760396566756 0.248370433030005 0.0349686195647696
0.13362169993483 0.0222911814871503 -0.0360412691086153 0.0816304984582706
-0.0150763831245563 0.0416190627846579 -0.133180253161806 -0.139487706528528
-0.0638070359316989 -0.0174853267142817 0.165876395593493 -0.260105567335717
0.0204109415419133 -0.104203998666288 0.296291378005274 0.143265419243049
0.120684341498164 -0.0173985911670605 -0.0360122045137227 0.231424198945466
0.0992464593542677 0.137071849012601 -0.139747783654902 -0.0522118553252391
0.053494859660764 0.195761451818111 -0.0380299336550226 -0.261734192688951
0.0999894569205066 0.175400693319608 -0.0933161586991096 -0.313524127011428
0.198363961192726 0.0171852749615227 -0.276149277300869 -0.119098477588104
0.091105977300435 -0.183066425067287 -0.228143627440679 0.184675207673257
-0.127597847578417 -0.132772992693292 0.105509872381308 0.148132882627737
-0.143875226539934 0.0887749266319051 0.125368947068351 -0.0518260599958174
0.113134481165715 0.158889379976247 -0.0119440928599889 -0.0862361959897129
0.168415232328158 0.0130345103042306 -0.0415604009784734 -0.00280478429749014
0.199898436292741 -0.0407997914999581 0.207373127166005 0.0724636830301939
0.202333444811074 0.0936718146032455 -0.0346817324758054 0.106226243960306
-0.0275562907975646 0.119081716874141 -0.128754219456051 -0.117623193462968
-0.108298912147109 -0.0188391652075075 0.168418697142901 -0.225508147945276
0.0656643942216989 -0.153557615008336 0.271814168498935 0.156976966440797
0.195116088040863 0.0290088693762876 -0.0273943863055626 0.209002411924641
0.11458314489582 0.238518562700225 -0.088434963562399 -0.0136719003294363
0.061379189409293 0.280655919162797 -0.0202696649925754 -0.165121439550934
0.175278655590673 0.212290174457193 -0.0727726167846829 -0.229727277829992
0.249751252245785 -0.0835652678514539 -0.242772155690522 -0.0810222712540615
-0.0494820265668728 -0.279797641730871 -0.209152021414744 0.1937490003436
-0.273252308508126 0.0173717799708421 0.118985095354867 0.169490236399256
-0.0694791738977534 0.256477658905336 0.181854150672568 -0.0609689081094831
0.247261415949102 0.178746816287827 0.0036182133249055 -0.162586227604648
0.230826699201195 -0.0222756271131083 -0.128006882098819 -0.0317133607399014
0.248095821256091 0.0314576184982298 0.133481884467624 0.0915323518745453
0.2084124126592 0.221223968538076 -0.0691390129930801 0.11763153266248
-0.124231030130997 0.211876287640658 -0.161300996547448 -0.0911099306453668
-0.191916609404189 -0.0781295702212796 0.101424269112692 -0.200499087648409
0.142840910539265 -0.212159655538728 0.225616960934768 0.105394028682173
0.253895289804281 0.0925034492446569 0.0168057578386165 0.178787154767228
0.101701701638857 0.312854495364463 -0.042844884130468 0.0653491943743101
0.0671856996452353 0.322609079324124 -0.00323169465201641 -0.0410200443276437
0.222404574016237 0.206982086138926 -0.0147597865233025 -0.154567299927546
0.216284498125057 -0.138249733114432 -0.195622731574601 -0.123554186467519
-0.134964456724162 -0.204167356759718 -0.251773866715381 0.151382912050694
-0.189760777528398 0.173093260151789 0.0984563788573762 0.186816538632464
0.0921155351991481 0.2473863587374 0.175607127342383 -0.0937323932503587
0.307452873687907 0.0913909816839607 -0.040919468658219 -0.200723523072006
0.236573841206207 -0.0755551320017398 -0.228599063778851 -0.0237029410199059
0.232156368989979 0.105847840488101 0.048766892719837 0.0754474655294534
0.106324837572636 0.297161721262943 -0.0870860275558982 0.0758583019743259
-0.256079227347748 0.152627030399263 -0.162783160657437 -0.0893015540474786
-0.17118613307034 -0.216242587324367 0.0470919301148429 -0.197393179061987
0.24854590215549 -0.207310936114331 0.225395909962537 0.0295064289842833
0.254331736412461 0.151968180329548 0.0900443970102761 0.184327014843268
0.0597874668879479 0.329452517265208 -0.0162974770801503 0.175269401297757
0.0624341640511774 0.318914732768423 0.0143531674258374 0.0904414037414869
0.215205021242434 0.183802022569854 0.0579508693270505 -0.099005098053306
0.177115011643152 -0.112858616323052 -0.173560770643838 -0.192769261612166
-0.0726991526108916 -0.126582915999285 -0.33441068040539 0.120226975339616
-0.0577867866416117 0.125342183540311 0.0373188470550259 0.244787026036279
0.113192079495553 0.110996383769058 0.144949367934545 -0.0543755282151346
0.232909177283963 0.0131113686715052 -0.0667036550461942 -0.169787114144944
0.184012475109356 -0.100564985205309 -0.29904191073881 0.0137554366591563
0.161012215770213 0.132705998115966 -0.0106494733386536 0.0290623959198368
-0.012058317888447 0.242889146865633 -0.0387755995540766 0.0292714100706002
-0.228224515441803 -3.41341987885116E-05 -0.125430141220837 -0.037941735621102
-0.0186327401398916 -0.221311073686792 -0.000646078501614558 -0.169157520544322
0.263390606771793 -0.102841276589038 0.238462013050398 -0.00617436201440294
0.186187892167986 0.161447515055749 0.14181688768016 0.21945321840165
0.025422042462578 0.279975824479509 -0.00981775023185035 0.283153820360417
0.0465568795448008 0.267075890070208 0.0331262372469082 0.207711811406174
0.169282442783369 0.153625313539 0.124202290599904 -0.0533832829631233
0.152784432418857 -0.0649986974075131 -0.139692398180327 -0.228001496506029
0.00369585823731032 -0.107674951566689 -0.365825394310005 0.0906507891398411
-0.0197027314227963 0.029564499050814 -0.000351724649006189 0.295262168762529
0.0418028181678828 0.0279558113408953 0.15298609001886 0.0106644558304313
0.114566475489368 0.00279057281798034 -0.0341107990627607 -0.128550281117974
0.109085710226193 -0.0846167324651051 -0.320102237215186 0.0525501182281558
0.0782173019304273 0.104470929231969 -0.0341945262668681 -0.0183701106102736
-0.0477524289039428 0.134343685630996 0.0310076700106407 0.0258257505891173
-0.108824920063151 -0.0437986934229957 -0.123271562467928 0.0410092852522963
0.0427332047871008 -0.101115067391159 -0.0603805988792689 -0.166277416395257
0.158405947317757 -0.0286079977616955 0.246020722119983 -0.0336711478091815
0.10270736221347 0.10359348869296 0.165752147398202 0.24208810199914
0.0069912323847685 0.176264616931264 -0.00473834416698949 0.357855006396045
0.0249431624459052 0.17074622708719 0.0435873673520619 0.28990182957816
0.102984083860833 0.110631227884417 0.168640537505888 -0.009946931390679
0.112476333610933 -0.0211279564369514 -0.0763762249984457 -0.235508112773554
0.03954013809837 -0.0806353635078629 -0.343681716347308 0.0235755559691064
-0.00690308599249449 -0.0107225710309675 -0.0376573265446835 0.29504995271266
-0.00140202665306285 0.000610836808927667 0.16050703790973 0.0558548440933464
0.0301515843042039 0.0196456418377404 0.0157652452854434 -0.109968672252284
0.0480026829440966 -0.0434881664005547 -0.313001959173859 0.0669498372972083
0.0249094886179872 -0.0383104620107448 0.272934270185297 -0.0176222494451117
0.0295718097658904 -0.0063325343627351 -0.0457049021270563 0.0890849814784574
0.000970191650325093 0.00934496970261078 -0.153362858843407 -0.0944789006900943
-0.021789389891022 0.00439706752550527 0.0926715523439203 -0.263299344154735
-0.0345969901849923 0.0099884076489834 0.303428471555957 0.0748635646765004
-0.0371918984834731 -0.0290911082288649 0.00358063836109294 0.251433203519987
-0.00647067068387797 -0.0508411124589034 -0.184618993633558 -0.0290624385637529
0.0173609638282288 -0.0559294118598092 -0.0506004953019447 -0.321718931578666
-0.00390336454828131 -0.0445101738683863 -0.0285317269144917 -0.386725476982117
-0.0204178710219531 -0.0112046400889536 -0.205216543647286 -0.232547398536927
-0.0317220099695317 0.0160661262481832 -0.263499693693945 0.0858778532786943
-0.000219923001512173 0.0127278888569866 0.0855797810413568 0.17220808511427
0.0309631791097196 0.00444060495887202 0.122763165039524 -0.0921240992763589
0.037043012592102 -0.0384819117365199 -0.0777935923358294 -0.0356915897168637
-0.000336216423027095 -0.045990720939339 0.0230989015629644 0.0434690513006577
0.0708160664974832 -0.0661024021053061 0.260783103223504 0.00236012939851048
0.0723537010954777 0.00163832764589649 -0.0500602922987355 0.0768270584788995
-0.0118960278125449 0.0171718534366358 -0.144509477716997 -0.124258442534642
-0.0425358878483023 -0.00786148834763839 0.128936549154552 -0.256514325568959
-0.0118913185193541 -0.05040987064345 0.286353888293382 0.114411870427252
0.0419161023076073 -0.0363076647859591 -0.0307170723314305 0.237732579249043
0.0544642745452107 0.0362009662078538 -0.171072438948323 -0.0554266449710721
0.0358900338019133 0.0757096844509099 -0.0475056862428578 -0.313569527373869
0.0296752459237654 0.0807072675189614 -0.0655814772059774 -0.368796065387814
0.0777538771085957 0.0469826500003518 -0.248787458523247 -0.190336330000154
0.0726969161448806 -0.030969598556485 -0.252152361418997 0.133553329610716
0.00969631904198309 -0.0791699332093952 0.102319144173231 0.150335351185158
-0.0604991339632994 -0.0163632241110252 0.105510957181322 -0.0876465862683655
0.0379475777150464 0.0569613587309493 -0.0627996239609091 -0.0451953412594542
0.0811466648340589 0.00233195094653031 0.00616974456114832 0.032125871207982
0.128534101124763 -0.0724027275937214 0.242849588520836 0.0370388901875713
0.130991757173231 0.0226328618197277 -0.0371281064806351 0.0800996900365448
-0.0164008734256337 0.0398788766098736 -0.130490609049671 -0.138232475640844
-0.0610477196394033 -0.018234406202831 0.165361247699865 -0.253436214527169
0.0229619798618543 -0.102783262106756 0.289630885344988 0.144599778445485
0.118946675869955 -0.0148121985171295 -0.0384144102469189 0.227408763966091
0.0955685714262616 0.136255483295743 -0.135228679495128 -0.0525817253874135
0.0486000430706943 0.193548028572512 -0.0343161347119242 -0.257819470491279
0.0945632452032176 0.172655054457806 -0.0882907815419441 -0.309747423474068
0.194318849228178 0.0196175181295536 -0.270127420232963 -0.119884458978179
0.0906935921506992 -0.178896787741634 -0.226514634561069 0.179601177625569
-0.124479320128262 -0.132865272515072 0.100995560625187 0.146485723865033
-0.142471082306481 0.0864390122740054 0.123690456521616 -0.0498056907970786
0.109825415486473 0.157151077843628 -0.0113323882638412 -0.0835695783963495
0.165485412344713 0.0148559338349424 -0.0407964902440488 -0.00329328522429791
0.196045400982698 -0.0378280078562006 0.20344545180832 0.0728437651967829
0.196915218100056 0.0927525366079176 -0.0353426995069227 0.103516127773614
-0.0309548885903249 0.115460003251777 -0.126869397983209 -0.117380480680792
-0.103605340784396 -0.0204458043511877 0.168438002129073 -0.220658244858193
0.0683131259626583 -0.1496444449462 0.266348390236008 0.156932178246431
0.191269339129237 0.0312966998944309 -0.0276724565960859 0.204796793957968
0.109912886869104 0.236235108687907 -0.0844424813130162 -0.0146992420098829
0.0566670746915348 0.27616883673004 -0.0179675741957255 -0.16310006979716
0.168444631840902 0.21064156155298 -0.0704929178621231 -0.227224107941359
0.245413510143846 -0.0785130007261874 -0.237603538731717 -0.0818127511805456
-0.0459166854742898 -0.274834004737381 -0.208411596482235 0.188835548137711
-0.268291740798016 0.0126896892630785 0.114201874725516 0.168673953528027
-0.0705979786442278 0.250997490818554 0.178752566938884 -0.0579818771351151
0.242325660809763 0.178167938737545 0.00481328912131448 -0.159032851290362
0.228741940840727 -0.01941998681658 -0.125450995776965 -0.0324944412240114
0.242357811780152 0.032598663586896 0.130551917528545 0.091665519020002
0.201885662595256 0.218547876405318 -0.0675722527817403 0.11420092891508
-0.124945024805028 0.206109940362681 -0.157787550600322 -0.0909778977570124
-0.185568439418134 -0.079816043200821 0.102157355837161 -0.195674364199214
0.14310958675194 -0.204687012504259 0.2208548967325 0.10606731580977
0.247105874505113 0.0957233817147664 0.0155929647095069 0.176421196093918
0.094702508709326 0.307589504204376 -0.0414113280097533 0.0639495114711485
0.0584832006585145 0.318477952017855 -0.00400784877619357 -0.039353985220292
0.213771861727549 0.206561232104763 -0.0132932452763462 -0.152196810712999
0.213747006612949 -0.133060562911091 -0.191298580495673 -0.12393314364519
-0.129887150670575 -0.201520625018605 -0.249808987208625 0.146186849003647
-0.186385935880098 0.165481784413605 0.0942646335930472 0.184805014586106
0.0869371630475272 0.243860096425718 0.173826378149636 -0.0903911040504482
0.301438804558237 0.0918937237477777 -0.0390938685365209 -0.197831859007685
0.232697862846365 -0.0719451967661717 -0.224542966462419 -0.0251645682465646
0.227170392095639 0.104837742869489 0.0474413189957689 0.0747978903843359
0.101279671893358 0.292433178059621 -0.0859010747118473 0.0732304157334719
-0.253279350577002 0.148168106907132 -0.159950811477787 -0.0894000392366033
-0.165096620244352 -0.213598591182444 0.0487497508638401 -0.192635767501433
0.246364518126149 -0.200602741325397 0.220032563117192 0.0309917255389624
0.246054149194263 0.153926737936721 0.0875224052276534 0.18260127736103
0.0534713264875139 0.323821361503313 -0.017587957101064 0.172130930297671
0.0553979599416854 0.31375308285172 0.0120224507560076 0.0890434182223469
0.208415016739576 0.184172771462185 0.0572505069070392 -0.0970388640863008
0.175683686947179 -0.107988969932555 -0.168794136079675 -0.189630877336511
-0.0685722026807177 -0.125795136024914 -0.330177730712222 0.115094772890801
-0.0580613762187884 0.11966931282245 0.034903779571373 0.241807954540655
0.108227137315837 0.109269323691286 0.143298993391272 -0.0522317579740636
0.22715704222425 0.0149452630729421 -0.0640260672052416 -0.167501353254099
0.181022968995799 -0.0977224747867565 -0.292800219838959 0.0120345835388361
0.155670375713157 0.130621516436672 -0.0112099317310994 0.0287261078394749
-0.0135369173095726 0.238245867500476 -0.0385057759017631 0.0269419613300804
-0.22533184744265 -0.00224845359032093 -0.122170481569887 -0.0389391736163414
-0.0158643219633609 -0.217337941969163 0.00176103956858711 -0.165473873287013
0.258655977898069 -0.0971176937934753 0.234107537636194 -0.00429122133284569
0.179900085079408 0.162285243410393 0.135541938905502 0.217612475459408
0.0181435336564574 0.274681805240332 -0.0126752184264006 0.277529562557461
0.0417197850050245 0.263396139114414 0.0278921624008263 0.204066300977622
0.16404720785948 0.153906899735731 0.121099681286134 -0.0513722952780463
0.151803306217329 -0.0619626075315586 -0.134542307621598 -0.225934776987843
0.00524734323830146 -0.106015971216844 -0.359671282829465 0.0847615083788968
-0.0200148651085805 0.0265245904977426 -0.00255083134357586 0.289583252850012
0.0389892252063409 0.0270216037582664 0.151010905326087 0.0117618263866571
0.11075368466602 0.00499812301122058 -0.032072082284746 -0.127784707082828
0.107319967562829 -0.0809419086787073 -0.31500544157292 0.0484138228681271
0.0754661255389864 0.10344132331879 -0.0325819556298269 -0.0178843013683742
-0.0474425561100261 0.132706585194489 0.0304485716145301 0.024577055571269
-0.10773818881957 -0.0435426729697143 -0.120842199637602 0.0379909830362001
0.0440410539335055 -0.0988188126539491 -0.0562552747148185 -0.162966367457534
0.154713157168898 -0.0260490539203558 0.241300114247305 -0.0314048196621766
0.0985787419098739 0.102726303269573 0.161030481953497 0.239881935206266
0.00395562451004592 0.173860752454354 -0.00863983019271533 0.35143678394359
0.0215568320786289 0.168833555529199 0.0368220836377971 0.286820745102982
0.0992194144176138 0.109915425831559 0.163121936076109 -0.00813691207296803
0.110207566138412 -0.0188550042928216 -0.0713091275913804 -0.231458634130419
0.0395431068276242 -0.0788595260907363 -0.33792287434214 0.019007343611456
-0.00649538516003636 -0.0117555012026621 -0.038458761952099 0.289065930044121
-0.00350007681012868 0.000638553327651127 0.159053427081983 0.0561333453976317
0.027975434309949 0.0202481450502393 0.0168125681006777 -0.109149697778319
0.0478240827244082 -0.0408899955024565 -0.306819838339397 0.0617901695128928
0.024443322311277 -0.0386502810915099 0.27403663858579 -0.0145491963941217
0.0305714123995403 -0.00721801323298438 -0.0468327612098443 0.0895722582487369
0.000206314377780546 0.00932898045020068 -0.155133086310696 -0.0963748279182513
-0.0229196826472519 0.00449711093689668 0.0950079293263142 -0.262762850883436
-0.034550737924336 0.00854070982238523 0.305911900345459 0.0782748925122846
-0.0366543470343393 -0.0303218131992104 0.00205220757923298 0.252790798016631
-0.0049345520269953 -0.0506423145832875 -0.183525945929128 -0.0317477534249484
0.0177053345830798 -0.0565991539798778 -0.0453483861324213 -0.324908764735455
-0.00428837292650299 -0.0447070941176195 -0.0225724910201689 -0.391002712626007
-0.0208846645276983 -0.012701507492633 -0.203518945753197 -0.236436909658982
-0.0320673515129519 0.0158943172771505 -0.263733998749775 0.0832153071262176
-0.00108269668420869 0.0133672100283587 0.0834451986305893 0.173266817918129
0.0320005950818893 0.00419963829879619 0.122921018018623 -0.091470911583342
0.0377339455161586 -0.0393295799373768 -0.0773040761235526 -0.0350038859573355
0.000265361775817177 -0.0454549648401943 0.0235613081305365 0.0441008574998222
0.0707091665069439 -0.0663772462501517 0.26109444316618 0.00436708486950057
0.0731708700202101 0.00196421607257135 -0.0519320975046928 0.0773796779494729
-0.0121391129579201 0.0175670087335459 -0.145165998697759 -0.126291151749473
-0.0428423111103695 -0.00882570162063822 0.132266445180699 -0.257104353427082
-0.0116219373200226 -0.0519186095165746 0.288457641711708 0.119321887954967
0.0433315825079488 -0.035265019334113 -0.0321626612303055 0.239523109784481
0.0549290648093555 0.0377219204312626 -0.169693184706459 -0.0570576494152978
0.0342534175345427 0.0751991871949333 -0.0418329649864266 -0.31608590325105
0.0284824158285409 0.0807780232878147 -0.0599036727480984 -0.37223498296489
0.0782896132134511 0.0482069785210237 -0.247625971194339 -0.194089953338095
0.0727489573490752 -0.0295115336770444 -0.255371199481479 0.131738641069628
0.00989601268239593 -0.0802476931241619 0.0997095857452678 0.151405917217388
-0.0596950153501377 -0.0173149683950983 0.106945303380364 -0.0869879411865698
0.0384927604081625 0.0575429352592976 -0.0630461500850176 -0.0447272101072427
0.0824046304352786 0.00335119844668954 0.0060287646681519 0.0318609677869927
0.128567784199437 -0.071091192502578 0.243680747504637 0.0386790840760771
0.130811146077031 0.023094832663243 -0.0384583661891115 0.080998940845654
-0.0180860637164868 0.0403313662533503 -0.131938074062703 -0.140017942091123
-0.0603343001091722 -0.0197502437927344 0.168807929160835 -0.253539502330332
0.0251949511884622 -0.102652323064759 0.290453316989822 0.146681384328982
0.121329829087614 -0.013778898396849 -0.0399724381148599 0.227925621543527
0.0947433386650411 0.139224025428716 -0.133800099691772 -0.0551223156004563
0.0461191993113473 0.194162828796999 -0.0305308354148142 -0.259427903695875
0.091577106450005 0.174819247633263 -0.0848642497642347 -0.312501338038588
0.195211636863466 0.02158027235173 -0.270911105347187 -0.124118278389325
0.0931888597483081 -0.178867528369045 -0.230471123970699 0.177575177843823
-0.124749992183005 -0.135113255103012 0.0995731630919355 0.147876809803312
-0.143957794257347 0.0860634028819826 0.124452109466637 -0.0486214239953822
0.110246810039711 0.158906331025114 -0.0108902706520925 -0.0832119013989972
0.16814565012813 0.0156984519152203 -0.0400760117651243 -0.00327128329420355
0.196093281247126 -0.0371744919331249 0.20410509185046 0.0744907294660297
0.196583593619906 0.0928368288812092 -0.0372196098325729 0.103530716711392
-0.0323994310651928 0.116202282835584 -0.126855897246631 -0.119389068521224
-0.103786120334031 -0.0229281524641804 0.170439675960868 -0.220857984974962
0.0704592991257131 -0.149425066856581 0.26653126089108 0.159830636823415
0.192652190852101 0.034353715986328 -0.0292098427496203 0.205346056624469
0.107116481232938 0.238826798452175 -0.0843810727997537 -0.0158804893514019
0.051873508501331 0.279586064079074 -0.0168718153584053 -0.162881273173828
0.164061656701293 0.214741990654021 -0.0687404003013431 -0.230511834690533
0.247010031661313 -0.0751993569603833 -0.237682101229417 -0.0865814919798188
-0.0416040566359418 -0.276514156473993 -0.2127604035153 0.187885745636232
-0.27109700865536 0.00965358626441023 0.113087482652877 0.17013126959564
-0.0727413688893191 0.252733556957548 0.179468481833476 -0.057184523744573
0.242641027083924 0.178900961731578 0.00490976315148658 -0.159628608762572
0.230270013234465 -0.0174082013521221 -0.126065433232351 -0.0330221858633161
0.241523765407516 0.0339861680612568 0.130545454702317 0.0941430231983141
0.202140391430352 0.21993834809085 -0.0690425053824352 0.113425238140214
-0.128037737346542 0.206746965336544 -0.157885597443071 -0.0926513801297198
-0.18366588194934 -0.082329057389487 0.105461993887018 -0.196133135545001
0.146006537607916 -0.204460394844659 0.222044123873592 0.107856251759748
0.246492593281625 0.100065392634502 0.0146756832170211 0.177942532065711
0.0896810743724024 0.310954464792061 -0.041983252124016 0.0632926533236156
0.0540071609099644 0.322705474198001 -0.00328014645599519 -0.039692458280163
0.210616807870199 0.210761578690625 -0.0135552206858708 -0.153766690516866
0.216703925362046 -0.129871410695943 -0.191312142738913 -0.126447429658242
-0.127014791733447 -0.203582130088676 -0.252786671342446 0.145162994506435
-0.189086609146363 0.164686041033559 0.0918806612417678 0.187446254867835
0.0850387495341245 0.245045931197434 0.174936556620106 -0.0891233307508953
0.301903393761018 0.0945753762359739 -0.0381477558484194 -0.199826917412461
0.234805260912028 -0.0699407174507044 -0.225414521875774 -0.0261765254957356
0.226959768550985 0.106664136376334 0.047357302713024 0.0760174385352646
0.0996899123476123 0.296056104034443 -0.0866343779804101 0.0723594134720669
-0.256103312124324 0.147730427763056 -0.159567155076485 -0.0916628744574427
-0.162947768156154 -0.217218135452981 0.0517254875420378 -0.192294478840894
0.249781011382564 -0.198770226287564 0.221400064809894 0.0330460329412214
0.243712343656458 0.157937665476436 0.0864865457714774 0.185296013911569
0.0488906192221084 0.326809660310239 -0.019661462688092 0.173163086453531
0.0495102956192688 0.317395311335365 0.0105445750874803 0.089900332460534
0.20627317430562 0.188907434097404 0.0572659708474183 -0.0973904182719505
0.178170952061459 -0.106105166334686 -0.167361460374754 -0.192831052656768
-0.0667354013925661 -0.128192380898737 -0.334071474665705 0.112129309875653
-0.0589152480927802 0.118043023549057 0.0333411641853687 0.244546071351754
0.106786190914415 0.110130558676022 0.144995077112265 -0.0513263186241438
0.227353949418925 0.0165837419924676 -0.0621269606789175 -0.169284597265997
0.182145114049938 -0.0955857678013855 -0.295219601400694 0.01048181953751
0.154948501464034 0.133064650836436 -0.010177678616396 0.0292250789512805
-0.015188158804875 0.24036115206545 -0.0384059757908065 0.0265176995352465
-0.227557197962202 -0.00273308812182266 -0.122770354591388 -0.040814246508713
-0.0141712962463978 -0.219544187414504 0.00395633449228468 -0.165194976177463
0.260510023599671 -0.0947193580840895 0.23364883748231 -0.00272971459376718
0.17840294860826 0.165066475553108 0.134997793090154 0.221682916634881
0.0137857089003456 0.276858774858729 -0.0160151817796008 0.278942200440196
0.0367880980500541 0.26562431541956 0.0244616023018052 0.205511430638629
0.162333571757769 0.158152361899287 0.121135819592608 -0.0503476920258944
0.152919907937464 -0.0611114705829039 -0.132436962085398 -0.227425563547598
0.00635739166419129 -0.107638971516394 -0.362687435436813 0.0810547185583567
-0.0212751639609482 0.0252407899338342 -0.00436727846165157 0.291775989771893
0.0363382241974497 0.0280624373382462 0.152900849882854 0.0129516462078951
0.110169959218333 0.00715062025471825 -0.0293851623099486 -0.13003249574439
0.108642364315333 -0.0791280372818391 -0.316810446011842 0.0449081337774443
0.0754598178422075 0.104037331730812 -0.0323399218959204 -0.017319799110035
-0.0475016238810245 0.132446984423378 0.0299978452154729 0.0237528292270193
-0.10854660546633 -0.0445206793204734 -0.121166870631656 0.0369870157815766
0.0439359259598628 -0.0984562682238391 -0.0544252966026431 -0.162634996545706
0.154562379331583 -0.0237177525410776 0.243863581590329 -0.0298690205581017
0.0976103570312838 0.104116437176512 0.158898649918505 0.243568214795192
0.00202644721597414 0.174535711635326 -0.0124629044470499 0.35316397070434
0.0182723172536772 0.170149254223262 0.0329500345317285 0.28846588097386
0.0985625636750308 0.112139256412432 0.162327249707739 -0.00626177068752072
0.110733374293454 -0.0177636681910358 -0.0692654195857541 -0.234526751345845
0.0406088849312333 -0.0798345691352455 -0.341008275628672 0.0137731627482218
-0.00765657501753537 -0.0132667076847825 -0.0419663806979237 0.290648725533209
-0.00480063152052817 8.07479516292259E-05 0.160344404557633 0.0589792375172427
0.0268035393188872 0.0217673184603168 0.0186416674343442 -0.111956542991984
0.0484934275489609 -0.0393636228393253 -0.310127395700762 0.0592644540389309
0.0199471248628037 -0.0360429406316215 0.286763691144298 0.0122171514942899
0.0330977170445398 -0.00988838262255208 -0.057035499992911 0.0921471643987539
0.00556137051593563 0.0105106883644523 -0.152709646508006 -0.113773434242471
-0.0194537011535237 0.00971290738972525 0.121998131000782 -0.263335385492963
-0.0413388678412858 0.0091781397264808 0.305213795858264 0.108474089311201
-0.037730846120062 -0.0350742550293594 -0.0226416153989765 0.256780067551519
2.34401080065842E-05 -0.0536573094935738 -0.180340053740431 -0.051992961629262
0.0223086518306476 -0.0554384454676356 -0.00804715983479783 -0.332165028217691
-0.00271758435056025 -0.0449770314884627 0.0209620034598579 -0.39774941182881
-0.021556300219066 -0.0131258446711377 -0.179098641910006 -0.263210876382084
-0.0352898851270013 0.0176355613245279 -0.276138028318689 0.0546718170110086
0.00100896192179822 0.0131099275689678 0.0639302164356033 0.182740907791344
0.0317264289044647 0.00309566982715063 0.134816163754252 -0.0773295645199047
0.039188792246386 -0.0335157651755109 -0.0724267932189624 -0.0438519339173353
0.00651043427273909 -0.043632369098753 0.0190458359100915 0.0451344428749702
0.0679688848351842 -0.0628117713005723 0.271050930440005 0.0354735703837715
0.0759423976593377 0.00196350810276399 -0.0635894471660539 0.0788131127382835
-0.00950641578203791 0.0194455059157429 -0.140533322340782 -0.144454760850202
-0.0410615742175093 -0.00494428739454481 0.160529523163113 -0.254308776177949
-0.0132620016873037 -0.0522858152865295 0.284656799163795 0.148381558331435
0.0458668049039454 -0.0334327802300774 -0.057374792513964 0.2394080767668
0.0539077792540646 0.0432055278928018 -0.164202987365804 -0.0770039777297197
0.0251763428778313 0.0790622486066982 -0.00704874423487977 -0.322245979327124
0.0167091134526813 0.0853423821808224 -0.0195148599898493 -0.382244955969402
0.069792269919908 0.0581135827503754 -0.226484378947221 -0.2251041191955
0.0740120575347985 -0.0178800275016686 -0.271052636511623 0.103287454021273
0.0197375563484054 -0.0777688105270198 0.0830268049686972 0.160942897995555
-0.0578170812520236 -0.0257444855467621 0.115100345443015 -0.0752318847221226
0.0302301043049134 0.0610701397830168 -0.0562838353032217 -0.0491252334210348
0.0816347447628274 0.0124776913309317 0.00550332793902662 0.0316105775225319
0.130071088590183 -0.0654118785472429 0.248616822586399 0.0707706878356973
0.134388172661646 0.0275798120895233 -0.0517285940076358 0.0836914513669627
-0.0173696674827364 0.042025077096911 -0.125546667141853 -0.159043783209689
-0.0580918934390371 -0.0182391347131285 0.19795695332961 -0.248268366493801
0.0282474119431645 -0.103519123591923 0.284458237887808 0.179115431435066
0.123535791810277 -0.00422402398908231 -0.0638597519132369 0.228137412456919
0.0838782873755747 0.150324717984731 -0.129772905793082 -0.0696214654628402
0.0253178946503982 0.201290592591035 -0.00237159303722241 -0.263742718864737
0.071579945547434 0.185916584718986 -0.0503888457892063 -0.323685390419667
0.189112395679563 0.0444289566955538 -0.256157773798795 -0.156444038000327
0.110582289929527 -0.162863427932573 -0.251615317255935 0.149535364147147
-0.105580965076638 -0.145350137205664 0.0776928181449407 0.157058262919591
-0.149307802526123 0.067121232014934 0.126743120699419 -0.0306125073962814
0.0921774921674129 0.165683281139693 0.00254998595749503 -0.0796879702918131
0.161572092100783 0.0324836012520561 -0.0342036880184567 -0.00881788240924388
0.199253193454782 -0.028473442092803 0.201543685012204 0.105535534952761
0.198454448183322 0.103330216017095 -0.0543976154524889 0.10852112002313
-0.0364617732291723 0.119955314780723 -0.124778386209212 -0.138817538305864
-0.102413524696855 -0.0250228755925031 0.199318514417554 -0.213637102041906
0.0791545277150796 -0.146933293993966 0.26052468640599 0.191408672524997
0.192212685749092 0.0514609336872 -0.0515329699060529 0.207458380230942
0.0873723497182705 0.253711399857514 -0.0848300719305605 -0.0263666944706231
0.0223197038544058 0.287581705336447 0.00157624705823094 -0.166053910609425
0.139705016673279 0.233097190832854 -0.0434701868988612 -0.238670281742855
0.250460305541899 -0.0462787280136434 -0.225933259266379 -0.117324313627156
-0.0131592555010823 -0.27189639764567 -0.237768280019795 0.159388183634505
-0.26140447300085 -0.0167340253830847 0.0851146447153905 0.186105598871093
-0.0958826230955368 0.23661112470958 0.187364539166904 -0.0283997871267657
0.2177122770442 0.198271019623186 0.0326664922229076 -0.154985676931006
0.222153433037344 0.00609416546969428 -0.114483951178756 -0.0480338834618378
0.244977903843771 0.0470496393543012 0.119918560899413 0.118061244292056
0.198493026740164 0.236624973191086 -0.0919323331046208 0.113216710311971
-0.139306979349021 0.207919416821753 -0.15983216532902 -0.118757272806966
-0.18263697822487 -0.0951409933893996 0.133344977424118 -0.196053865947004
0.162244785267466 -0.197462343202323 0.219730226059808 0.136223246851015
0.241381189703891 0.122447603470786 -0.00488721578556521 0.184462498077445
0.0617204376628241 0.324843792741897 -0.0507796725876022 0.058341540086751
0.0199636669457928 0.331556298061698 0.000632259453106546 -0.0412189237856029
0.188187464053559 0.233665330993892 0.00453279227948902 -0.156025784651781
0.224842867642042 -0.10340185826993 -0.175914304229605 -0.153130233188658
-0.103486600816378 -0.208944950476439 -0.276332291742049 0.11424133288759
-0.196461110148158 0.141936282367896 0.0677035281353007 0.205329366624674
0.0584303753622456 0.243883857047741 0.191495426729436 -0.0631503967705938
0.282169373902586 0.121078304405821 -0.00491350202087972 -0.203531789064219
0.228608893074727 -0.044031571830834 -0.215654760373827 -0.0539799214402647
0.228037899065566 0.121721130108731 0.0333200393809361 0.0899395011758884
0.0883208851960402 0.310439175533579 -0.10679210834773 0.064219897836947
-0.270038796494002 0.139480405234064 -0.156394592219029 -0.118351727273662
-0.150872503616256 -0.233205514888108 0.0793600667896364 -0.192233641822345
0.269094477111067 -0.183038304357245 0.223325548874976 0.0609178041969094
0.232208553418425 0.184211217007649 0.0647689610845614 0.198894709403611
0.0169862896425827 0.337656882158032 -0.0406252105362279 0.17166620657338
0.0167974982751261 0.326186761409247 0.000404932026404257 0.0918258099816968
0.185476479213514 0.210283664224285 0.0698387324184739 -0.0914404213989402
0.183569263629428 -0.0848526357508005 -0.144500315411406 -0.216076463188534
-0.0528511324694621 -0.126809557477996 -0.35072041830511 0.0742917723838274
-0.0652020342795265 0.110597824237969 0.00559547352872186 0.253492087241075
0.0925411060535363 0.115003916268337 0.156779621263285 -0.0315215080724524
0.217415853043106 0.0387921082033097 -0.0344830359824079 -0.179878224486967
0.177916614768931 -0.0708705298664974 -0.290223081488918 -0.0259902517222566
0.154420375536922 0.146749543170282 -0.0213558806502192 0.032535353797563
-0.0278532379761859 0.249639314184789 -0.0491889716455946 0.0175460881336701
-0.233740913955992 -0.0163166586227274 -0.11790573962172 -0.0593624570513272
0.00346039377714827 -0.227267823342944 0.0254893615844495 -0.164483426708665
0.270529637888928 -0.0755757920676559 0.23719208640737 0.0246499695545765
0.165261500813195 0.185664393249877 0.110869445273721 0.240053641873696
-0.0132382457214369 0.28342929921646 -0.0488485251258663 0.279366443236197
0.00754951404794471 0.272723381939007 0.00114717569114641 0.20860504080743
0.146281660771893 0.174360436966677 0.128113324797119 -0.0370873475545966
0.154408873622925 -0.0438948583751348 -0.103827072117676 -0.245080224725218
0.0165687565257805 -0.100501951027128 -0.374795899160805 0.0385586018760149
-0.018836467748771 0.0242935008104502 -0.0373500636780842 0.294422125112375
0.03336305591559 0.0286048361098928 0.154519893528263 0.0315777580543976
0.103767918917582 0.0177278839274696 -0.0101556362068733 -0.13634844283478
0.103803958155207 -0.0611106016833508 -0.317677470775546 0.00572736513868955
0.0733225728598191 0.112887125549369 -0.0373498163466874 -0.0211699361136883
-0.0588655287491955 0.134671330469845 0.0269338065341722 0.0211794021013283
-0.10854133603488 -0.0553435707735563 -0.124806092998057 0.0247950628623152
0.0565666706662076 -0.0989282630353639 -0.0378154157314913 -0.167719209352573
0.157275548144403 -0.00980770537590919 0.24894420018245 -0.00507225926936184
0.0864153748734337 0.115008884631389 0.135495572929594 0.264544826849323
-0.0158667903213753 0.178136575494938 -0.0528709556448506 0.355909663203605
-0.000157784301923736 0.174835437660818 -0.000206035140764392 0.293697122470754
0.0873107718926865 0.121050483552166 0.164693024333593 0.0121535583706004
0.107418282397057 -0.00692599209099919 -0.0391085619641681 -0.245096877259274
0.0455695882731554 -0.0693980258093612 -0.343403359001916 -0.0270825477854511
-0.00202220556392818 -0.0101026440209525 -0.0740606540837777 0.288444783587543
-0.0043676121758558 -0.00186386720895919 0.155652158664163 0.078175575418601
0.0229301486001467 0.0234382703918123 0.0340269639403262 -0.110399873051753
0.0419946727577076 -0.0279115813885778 -0.31397168797411 0.0223456198015831
0.0175581921397147 -0.036584843412379 0.288791507919894 0.00572006173262644
0.0326599647602817 -0.0111853919945334 -0.0550122497858798 0.0939396156413123
0.00543634917293483 0.0113995638789546 -0.15921103693994 -0.111397996937189
-0.0197854284651232 0.0104805199405584 0.115729709197506 -0.267773637913619
-0.0418496117321498 0.00913734286153451 0.310611541989506 0.101877507026692
-0.0385934865828474 -0.0347055475089888 -0.0163335066370566 0.259286092973997
0.000143168453859708 -0.0539740814064665 -0.180232607729726 -0.0486547513247265
0.02083756405343 -0.0563464029549706 -0.0142129434988177 -0.335071214641032
-0.00380511624281696 -0.0448767112136146 0.0144792989660273 -0.401332920556844
-0.0220950090676818 -0.0129824243461974 -0.184819138461538 -0.262136400559688
-0.0357497738888294 0.0187683064834736 -0.275805707338086 0.0619435030631432
0.0002077506330963 0.0138763195493594 0.066944341614184 0.18198832096523
0.0316716617009672 0.00274977086958217 0.133419303510713 -0.080659343597825
0.0392006829282065 -0.0355919453981063 -0.0737472810070633 -0.0411775934639077
0.00567272931643054 -0.0436408070383528 0.0208021762605628 0.0457879828758127
0.0665975145757267 -0.0643543141052343 0.273444008414957 0.0280866836795405
0.076173696939732 -0.000648545113389098 -0.0622368808174147 0.0815018289679734
-0.00908012223966201 0.0202169941441414 -0.146078264784105 -0.142441936726074
-0.0412646950266079 -0.00535837006962978 0.154413988127584 -0.260634373349215
-0.0143184132719891 -0.0531206004752137 0.290190798815573 0.143769884977534
0.0455020130281284 -0.0360224972816151 -0.0512331772792499 0.242786514017356
0.0555167181891203 0.0428198560515755 -0.165963052625059 -0.074305144325371
0.0259753376221265 0.0798878851000938 -0.0120864787642956 -0.325529565946068
0.0181803857132402 0.0857934942075014 -0.0260917855590593 -0.385140769305418
0.0714162087065434 0.0568057833991138 -0.233878717009321 -0.221405455068523
0.0735954818328999 -0.0196285234901955 -0.270060602216747 0.110890266524052
0.0177703363067144 -0.0790046845554358 0.0863224903671505 0.159862051049584
-0.0579397974599821 -0.0238926330878625 0.113410243022195 -0.0789133035474394
0.033056795821676 0.0604580640021612 -0.0581672636233368 -0.0462236773138869
0.0831435571351536 0.0105917022035272 0.00720857408194892 0.0325771140198857
0.127719404520029 -0.0688638350499186 0.252614939650785 0.0636334300071751
0.134787015675088 0.0230158112368087 -0.0504467963381769 0.0855485731117824
-0.0164961610386552 0.0434476326149216 -0.130948639969188 -0.15663024236045
-0.0587536473106683 -0.0181380028726344 0.193558046887627 -0.25470291055555
0.0265901469688017 -0.103866354930957 0.29036278497289 0.173629255281574
0.124340871336466 -0.00692144396702497 -0.0584688945246781 0.231361365895042
0.0868604224086923 0.150461406810398 -0.130625748525742 -0.0676885112668888
0.0287849945319531 0.202219621246191 -0.00637563949849355 -0.265454125587813
0.0744989353626389 0.187225114824922 -0.057857526465195 -0.325569198391323
0.190319139894949 0.0404945072834187 -0.260355410026637 -0.152719705666692
0.107523110265796 -0.166322123700184 -0.250359199251895 0.156705347363284
-0.111335196724509 -0.144158105762176 0.0811003443345487 0.15589627973175
-0.148642497268888 0.0723245619841506 0.127737897929799 -0.0343314063747592
0.0973341075944996 0.165024380478853 0.000448528107524351 -0.0793581497337182
0.164842370186064 0.0294431364329397 -0.0343814616645997 -0.00795262974843498
0.198058266974055 -0.0336157456183442 0.206088169255634 0.101035365762189
0.200451174557898 0.0987193593905602 -0.0523463915155754 0.109948908718091
-0.0342612874168981 0.121718669829556 -0.128325630581251 -0.136156070803068
-0.102600552360486 -0.0246324777585367 0.194944087493835 -0.222186738310115
0.076753057835262 -0.149203921450843 0.266612538428309 0.186700936102574
0.19407646329572 0.0489271099572882 -0.0462751138864264 0.210432201399968
0.091893331641352 0.253993089520603 -0.0850430632971924 -0.0251074756772077
0.0272412104100355 0.289252725760417 -0.00137314594005039 -0.168187174377016
0.144947157749864 0.232563813484552 -0.0482233285604414 -0.239871478370954
0.250905324696411 -0.0515185881792268 -0.230502274177608 -0.114194912422744
-0.0186861432109937 -0.273488336298113 -0.237693725067103 0.165801619315749
-0.264042840211017 -0.0116282239486508 0.0897801461669783 0.186347367152132
-0.0902653588419536 0.241803729894173 0.188502132956501 -0.0342354199421089
0.225231465192407 0.19325769859662 0.0282637077961572 -0.156837726108606
0.224790783682982 0.000598803050042084 -0.116639581645563 -0.0454108447575312
0.246529794711407 0.0405750032119759 0.124657582022151 0.115539958663642
0.205351138076542 0.232363442992113 -0.0900922919439232 0.115598799541269
-0.136577204244231 0.211927782014574 -0.162850102407149 -0.114838108040095
-0.18454442137658 -0.0918021877814525 0.130329429785814 -0.200125373313061
0.159551757490669 -0.202059427933767 0.224485290310944 0.132946819252142
0.243624742923478 0.120128427477277 -0.000666424831822494 0.185882145133164
0.0658457870902172 0.325204659347112 -0.0493112930886493 0.0608400552929965
0.0271950492345788 0.333601536437137 -0.000311724704145812 -0.0410890676751553
0.192828575231153 0.232804191582122 0.00052204703980177 -0.157228043880218
0.223751441041309 -0.10844610283345 -0.180845138037302 -0.150893705124499
-0.108601514815384 -0.207610900611905 -0.276243763724267 0.121560785266582
-0.194874596396284 0.145817195669057 0.0726948034121031 0.205997903250323
0.0653851351540306 0.244161354776258 0.191664915386886 -0.0687043507006381
0.287913950006796 0.114002159746515 -0.00958329808586821 -0.205919575047366
0.229175328259049 -0.0502141862523529 -0.218650169831291 -0.0486858631857601
0.230644291413709 0.11626261862224 0.0363810879153524 0.0897177725180091
0.0972302884506615 0.311014440154937 -0.106324846231408 0.0659695850756606
-0.268351594523527 0.146802055861138 -0.159929731233614 -0.115580545691229
-0.157377611365737 -0.231085830393361 0.0772610425219116 -0.195197508100614
0.267021423543536 -0.189838058578647 0.226204771655288 0.0572955381530517
0.237080766455961 0.180874240914741 0.0710539546943226 0.199433025885379
0.0214850993148249 0.340217644823286 -0.0372261121360552 0.173756310138941
0.0216657304873328 0.329385878390443 0.00156118832609306 0.0922028627019022
0.190250535190297 0.209497708073519 0.0669643469854106 -0.0937265578237843
0.1827491370459 -0.0886147872394556 -0.149975534023289 -0.214567674860677
-0.0559076481882221 -0.126640719560826 -0.353437045655057 0.0835388837010399
-0.0634054969666927 0.110670659798975 0.0123773517265584 0.256663155488813
0.0943006403941134 0.113319305956672 0.157849305934754 -0.0351376365301838
0.21797637203239 0.0340839888139872 -0.0393556598537234 -0.180563281294083
0.177984732665238 -0.0770625392350178 -0.292885899645362 -0.0189266475819897
0.158120786954088 0.143766462289064 -0.0200015383910045 0.0332676499488255
-0.0229188665258557 0.251401490054841 -0.0493445190611413 0.0175621456811838
-0.237402356327107 -0.0113593393362465 -0.119160013825017 -0.056485771817788
-0.00196962949268026 -0.228210991671247 0.0233989356595354 -0.165898909237891
0.269934866773689 -0.0805923004988121 0.239955348150796 0.0193041242739695
0.168588334449129 0.183544496486878 0.117825636745608 0.240127553372233
-0.00907292567235565 0.285232360346701 -0.0428164777471734 0.283420528305227
0.0109111545983188 0.275891748775441 0.00472410386527178 0.210448020709011
0.150608620483923 0.173792150372717 0.127579710821345 -0.0402579190400814
0.153273037497766 -0.0474252491918508 -0.108636246885973 -0.245027177713196
0.0139793316797793 -0.10167751755194 -0.377221851677815 0.0473006429457598
-0.0193003010389739 0.0229852828144488 -0.0305689261073923 0.297970665647322
0.0323533558374543 0.0273841571263076 0.157411319931785 0.0280349049606183
0.104679931554534 0.015689370688355 -0.0131630467697493 -0.137902414184482
0.103116095225932 -0.0631240264473516 -0.320298952615865 0.0147688247333954
0.0757955246353188 0.111694270505371 -0.0373768354794479 -0.0199487857579797
-0.0557140955724581 0.137252640844141 0.0283146168379569 0.0199652055158149
-0.111118650836801 -0.0526080609689838 -0.12414450994557 0.0274172943974279
0.0548218632244053 -0.100803992398785 -0.0403359083194841 -0.168223570021216
0.156494108963575 -0.0120591159506037 0.250029404335647 -0.0120899341033417
0.0880020802018833 0.115079273982354 0.143405789769731 0.26314987758473
-0.0135148654459996 0.179720589794375 -0.0453444577123981 0.360107487505204
0.00171762515175155 0.177765797328474 0.00404078464927546 0.295983348685176
0.0897343324613159 0.120446570163243 0.163756105389731 0.00828435757532003
0.108162760162657 -0.00849765166509653 -0.042795305313143 -0.246387617381563
0.0432920662525119 -0.0720188103668372 -0.347232716667921 -0.0194043173090105
-0.00222858989453581 -0.0121588846937796 -0.0672948088833163 0.292567467685662
-0.00527344582141767 -0.00171182221153887 0.160194531656837 0.0756982888372933
0.0230239334471076 0.0233567270026346 0.0317771371279814 -0.113668092956778
0.0414664237242058 -0.0281220764003218 -0.314118109319951 0.0299388651855956
0.016550285823393 -0.036515702922289 0.284570163137778 -6.23040468207111E-05
0.0320612060777426 -0.0120188339936524 -0.0537572223092962 0.0952865904316316
0.00575019604787794 0.0109586906192602 -0.16182229057095 -0.107156874388028
-0.0189103365799948 0.0111806735914428 0.109935005124704 -0.268963519256957
-0.0410868537711352 0.00988816242473428 0.311051585961301 0.0956926875568862
-0.0382009093258685 -0.0342764358135907 -0.0117849522619566 0.257302308401053
-0.00112108069102029 -0.0541797119769336 -0.178628800967108 -0.046022505892077
0.0189482354543914 -0.0569838725544527 -0.0179952233295728 -0.333821099586769
-0.00513626017387405 -0.0450952290710626 0.0102988332436732 -0.399810588461655
-0.0218558463747166 -0.0139105389784639 -0.186571118800204 -0.257499294807468
-0.0360231227538732 0.0196252706635734 -0.27412629792703 0.0661012408982753
0.000386650016829403 0.0137133940357772 0.0687843920755851 0.179125197867886
0.0324934125584357 0.00114989871918685 0.129665543048676 -0.0827412520562258
0.0387073850386565 -0.0360726901450186 -0.0736097652988427 -0.0379279623297473
0.0054223556234164 -0.0436762153677549 0.022497699433123 0.0450705972318391
0.0634645853826217 -0.0636837517649542 0.270856595897872 0.0212243908458888
0.0753340550626931 -0.00188196282537238 -0.0601363397786425 0.0827511121774204
-0.00937380008786367 0.0198900259358487 -0.148595837307951 -0.139174842529746
-0.040946110890322 -0.00447614960456806 0.14962445588097 -0.261418850232302
-0.0157378101231785 -0.0524722067471363 0.290567393782324 0.138165702265366
0.0456156564702318 -0.0356114943123195 -0.0474281465754635 0.242894489892294
0.0560026191604596 0.04156675717057 -0.164434819133601 -0.0713662565482299
0.026316784912322 0.0795058716423225 -0.0150485748079421 -0.323045013093453
0.0181702799178763 0.0847963166029439 -0.0293766217345751 -0.382879826003344
0.0710756407520547 0.0544784321164597 -0.234962060529379 -0.217290205681681
0.0722639416341187 -0.0204806123736542 -0.267282857715409 0.114881005890562
0.015858722965052 -0.0785376512033558 0.0866662831247713 0.157894411729234
-0.0579716699081012 -0.0232019209456639 0.110418230226943 -0.0806502934121078
0.0345916602485724 0.0597395636260726 -0.0577648003309275 -0.0429136513219712
0.0834978315610121 0.00930277545008842 0.0079075716849885 0.0322058043281502
0.123591751795301 -0.0702864370224099 0.251641446877977 0.0572988186811837
0.13243710879832 0.0197025696117817 -0.0483901696446895 0.0866134316962788
-0.0163736220937022 0.0436566094322306 -0.133435060715742 -0.153977118955193
-0.0582573967599004 -0.0187538480159379 0.187210893719833 -0.257979471048872
0.0244381893384927 -0.104075051411854 0.292213366849949 0.167783788251626
0.123500649086386 -0.00820745946058837 -0.0532669151401423 0.230499809078504
0.0894107039879935 0.149425497987645 -0.12857966597202 -0.0653220697487343
0.0307302254193681 0.201040468245098 -0.0108547603329778 -0.263511808207353
0.075086750333898 0.184714116160558 -0.061755557206125 -0.324147814926692
0.190688270635684 0.0387352129166645 -0.261634326111813 -0.149209257249002
0.103410015333222 -0.167114896318569 -0.24751070979461 0.160689654936771
-0.114254979718201 -0.141158625375895 0.0822291511220793 0.155758134626729
-0.147329949794196 0.0752865668296877 0.125666065881044 -0.0369340227016617
0.101415661417041 0.162303491194314 -0.00126886348645466 -0.0775841383451418
0.164919417645879 0.0257988548679171 -0.0338489986566373 -0.00735695429652971
0.194486244726258 -0.0377305102678255 0.206416200757643 0.0948128831453389
0.199899245852637 0.0937454171345189 -0.0501289946968665 0.109269436849331
-0.0319076514165257 0.120668944258798 -0.13102692832863 -0.134145259926696
-0.101583488506191 -0.0243437143592458 0.191606433670665 -0.224830530084349
0.0738261562184583 -0.148811572249989 0.268766895289259 0.180237089009054
0.192792688060814 0.0461852410508623 -0.0423964776159374 0.209875255644816
0.0944969356449951 0.251818360363568 -0.0836403199664986 -0.02336241498584
0.0309724656465521 0.288890418627057 -0.00436263112371531 -0.165923469498055
0.144500661717028 0.229979810528441 -0.0512492848461998 -0.239577025443771
0.247670708279786 -0.0539279706193335 -0.231142148732495 -0.110747857920256
-0.0231641561811659 -0.271158989989802 -0.234480513155927 0.169541990458844
-0.263872657604418 -0.00777449923636797 0.0915574762533277 0.184066279207323
-0.0850593816550281 0.242408160343956 0.186258101497095 -0.0375488767314381
0.227750849738701 0.187837261397707 0.024788756434287 -0.15588946330882
0.22438654390015 -0.00426360905146938 -0.11703059675344 -0.0435055112616444
0.244459324073402 0.0364732789209281 0.126342694874464 0.111429588782502
0.2066926580859 0.227590244541259 -0.0868892653894624 0.115942479698785
-0.130848755741272 0.212601850720032 -0.163754912341714 -0.11165130163688
-0.184458158989252 -0.0893356495478316 0.127229955681421 -0.202361458956564
0.155265838041949 -0.202232037912622 0.2263953079735 0.128023856673676
0.243657982888814 0.116717597033807 0.00437515541659468 0.185968736537997
0.0697146817853899 0.323518592660223 -0.0478584714898425 0.0608243902866295
0.0295027651344898 0.332605225417754 -0.00114291646460668 -0.0405265495101458
0.192299722063855 0.230524347938272 -0.00369591867155113 -0.157496313726121
0.220458379337945 -0.110024790231034 -0.181767478992602 -0.147811102961962
-0.11058516474645 -0.204757248048469 -0.274641396063244 0.126838826338394
-0.192048424358123 0.147081725311405 0.075068314177886 0.205025447191629
0.0684508972664005 0.240768666724398 0.18887209132792 -0.0713605811465247
0.286150680754883 0.109128826023043 -0.0137122290496422 -0.204266372943181
0.225978481148288 -0.0541925263764527 -0.218620707071443 -0.0443311662591533
0.230351136221846 0.112038430649793 0.0385191143245984 0.0881664315274024
0.10326364870319 0.307093935167063 -0.104381805350291 0.0673057667114729
-0.265434520192907 0.150288858368701 -0.160498526441366 -0.111651263247751
-0.160662608015873 -0.227612403389483 0.0746712757742529 -0.196172840905978
0.260371786471341 -0.192128770819169 0.226681081792017 0.0529967940215673
0.235699490736152 0.176211523046669 0.0751276814654634 0.198467457367567
0.0248154829296206 0.33691725962012 -0.0345039119464399 0.1731912563526
0.0247542421214973 0.328154403733269 0.00205029040854082 0.0919717715919748
0.192232792115988 0.206921072197903 0.0635388610639506 -0.0940020874334143
0.18059189059186 -0.0903934287459015 -0.151578460209622 -0.210926700793175
-0.0570719934965398 -0.125404452700007 -0.351027146269332 0.0896960100719955
-0.0614852407879505 0.109683224272369 0.0170040319025985 0.256682536759244
0.0949314039052586 0.109297046887673 0.156088290309259 -0.0377287484276076
0.216306865095957 0.0305820895147061 -0.0421506927313687 -0.180090098010257
0.173900965447399 -0.0795876379479886 -0.292277371132814 -0.0126855002288657
0.158900947761833 0.140559387468793 -0.0184923522657749 0.0333887440986599
-0.0169360610426094 0.250559808170077 -0.0479439155350812 0.0175233804642373
-0.23559578573171 -0.00663631022393182 -0.118835819695109 -0.0544838929927273
-0.00738399698180543 -0.226938085823796 0.0223703513815566 -0.164780586985368
0.265642554342116 -0.0847921915053434 0.238279297782453 0.0155479395712549
0.168386692058191 0.179743622958038 0.121985558164967 0.236725486419907
-0.00650309671999828 0.283726279047033 -0.0385768116233833 0.282595069090287
0.0157424436001043 0.276107482947186 0.00689180926466515 0.209869496863201
0.151705596901536 0.170218641452145 0.124438377953021 -0.0423590375774165
0.151679141106387 -0.0481985009445332 -0.111174551539195 -0.242716822347683
0.0123385985895635 -0.101392936391802 -0.374530573101558 0.0535247705705702
-0.0198966401288292 0.0218262084097032 -0.0234234320506298 0.298507764972729
0.0309402815059056 0.0265714439967766 0.157998190454549 0.025805527149886
0.103477770035283 0.0141713880813398 -0.0154149532414372 -0.138268070932103
0.0990941743044274 -0.0650678006431946 -0.31770956911039 0.0207194469985655
0.0759404522399002 0.110415436832406 -0.036363295470172 -0.019009165319524
-0.0534502298462022 0.137587000183862 0.0286142063460381 0.0177413839787134
-0.112806584183579 -0.0502616498806851 -0.121992734974688 0.0296176926679751
0.0518229527693707 -0.101704589625856 -0.0420402112615361 -0.165464670569176
0.15461117419299 -0.0146282982207944 0.247364531420809 -0.0148593550417735
0.0878050669268784 0.112349366255893 0.146510621484632 0.260333411249078
-0.0116267174652373 0.178183272694491 -0.0396615783323504 0.358887488545163
0.00416707877064898 0.177787243396584 0.00741065269240085 0.295589881876849
0.0912198392905857 0.117641819767453 0.161686655723716 0.00556175328769979
0.106719944251783 -0.00952106774746556 -0.0459026384829097 -0.244634076324877
0.041704903850721 -0.0727632572334135 -0.346243900799987 -0.0150325677974329
-0.00473357881684813 -0.0118450992051171 -0.0613980556546809 0.291639808958903
-0.0085685098585264 -0.00115081324393825 0.16333694419558 0.071743093845844
0.022450635760802 0.0237262115250352 0.0306012157481487 -0.114771454012691
0.0400515838448171 -0.0275445243421852 -0.311365365768936 0.0356559015383181
0.0162427339130745 -0.0356291519354905 0.283748954265462 -0.00287818680416609
0.031478405452495 -0.0131499196304414 -0.0528291505058638 0.0948500697990702
0.00582544883954425 0.0118606921091532 -0.161774320490076 -0.106696099738272
-0.0197309027118019 0.0108640537484218 0.109244009594067 -0.269124083189222
-0.0410309461360194 0.0100014622788832 0.309823495431021 0.0947175284567764
-0.0390267078207546 -0.0344152502101553 -0.0111825663907008 0.25605789508602
-7.99051212600176E-05 -0.0539017322465269 -0.175654691449295 -0.0472993613122711
0.0182351002016517 -0.0559958510757978 -0.0152859800937269 -0.334371170926074
-0.00540278833661256 -0.0443496882139448 0.0122850050958957 -0.401518463839008
-0.0229343548394649 -0.0142758392292598 -0.186197433604942 -0.258742028705286
-0.0366008701319348 0.0207170061417674 -0.273807229841004 0.0663008209801188
-0.000114798022127035 0.0148896924339535 0.0670059417354446 0.178278316670986
0.0320472128661262 0.000404951237566081 0.12750758270805 -0.083207331667858
0.0383875432633282 -0.0364466809688899 -0.0726390922763709 -0.0360760682692401
0.00572345524334781 -0.0440396537043957 0.0228971762225369 0.0450623154996797
0.0622846742611862 -0.0630968331030579 0.269145093942311 0.0196714440834319
0.0741912247812714 -0.00370666268995971 -0.0599810704477798 0.0828219925439884
-0.00951954541028886 0.0211197361974001 -0.150765949418117 -0.138815370856215
-0.0404790354766208 -0.00541965591607135 0.148666835592753 -0.26157519220897
-0.0147935189420142 -0.0531590862105649 0.290518614511852 0.138109548845564
0.044782249819084 -0.0357693626837307 -0.0457703820970019 0.241966168273112
0.0564252938765019 0.0420499886417871 -0.16189075045374 -0.0723049902105969
0.0252038117484198 0.0797405906601289 -0.0140913016611538 -0.323837322311705
0.0163164078949277 0.0858796021377867 -0.028414204488566 -0.382979484154427
0.0711412653162961 0.0546208624646111 -0.234905166200076 -0.218775328682188
0.0706672254167431 -0.0194004720424761 -0.266579493634597 0.114423140723172
0.0140904996782556 -0.078457958022932 0.0858954943958432 0.158092279678596
-0.0586447988630286 -0.0219444316597453 0.109025673827671 -0.0808310384685437
0.0354484255497763 0.059176449557289 -0.0576255070963328 -0.0417908665035972
0.0840000252231288 0.00828408186048426 0.00827440969393045 0.0320130891887197
0.121312139383808 -0.0690862447827114 0.250276762117824 0.0563099258086661
0.131831219482813 0.0182182781501945 -0.0493018818869719 0.0853195479387886
-0.0172671591530514 0.0435488614560764 -0.135000533261271 -0.154060689807763
-0.0577963614507648 -0.0199607092935938 0.186736135704399 -0.258589215325153
0.0246174205590661 -0.103321531948068 0.291779860350233 0.166564911045564
0.122035772770596 -0.00700778179011057 -0.0521831494909295 0.230004405798509
0.0896085893120079 0.148975817455807 -0.127019779852939 -0.0659483258095991
0.0298908818737415 0.200610644126134 -0.00945858770988616 -0.264965785020957
0.0730374189188653 0.184967674494731 -0.0605234219030379 -0.324455661364499
0.188989373711512 0.0394157429370086 -0.262124746453653 -0.150025669247161
0.103434427395545 -0.16667369605565 -0.246963046832742 0.161471787854809
-0.115667824911356 -0.141011227317392 0.0815409016837389 0.154704579741234
-0.147194048513079 0.0763922039541367 0.125011303016728 -0.0372993458402638
0.101696383845449 0.162001411931829 -0.000896274218182411 -0.07656859681366
0.165204443098797 0.0246952318156573 -0.034626099625819 -0.0073576232179453
0.192032258745403 -0.0364439371178347 0.206287995685508 0.092941943827234
0.199273182922075 0.0924514207094575 -0.0495833745500077 0.1085078881683
-0.0325982615479878 0.119473729076942 -0.132211920735017 -0.134151612310455
-0.100503737425377 -0.0261742694792848 0.190878018952806 -0.225776083985827
0.0748117790596658 -0.147244249992278 0.268601528131311 0.179714838128352
0.192094519912291 0.0479612229764578 -0.0402046632311746 0.20932481897932
0.0925900689444607 0.251888518184154 -0.0820538911297733 -0.0230147251765164
0.0299546893411432 0.28915967890622 -0.00416506323457544 -0.166144332334096
0.14284521283126 0.230302259805083 -0.0527658054271611 -0.238281750179822
0.246436321325544 -0.0518197796225657 -0.231857128055374 -0.110685183101084
-0.0229884703689703 -0.270805786022834 -0.234069282921898 0.16942519337062
-0.264681621341113 -0.0071182935879183 0.0913580131656326 0.184611994234649
-0.0848184636550914 0.242728495816451 0.185867402804242 -0.0387375225803521
0.227903433991632 0.1866127219589 0.0243722820774741 -0.154972699336866
0.223919580384187 -0.00517003898813694 -0.117449716771137 -0.0427157188239008
0.242284671020063 0.0354891876664504 0.126689919279078 0.109919834568579
0.20725802329003 0.226440530140071 -0.0862343916383784 0.115566147719616
-0.130286566599979 0.211269707562836 -0.164346032833877 -0.111561542432175
-0.183207634285477 -0.0899906772840275 0.127233792979387 -0.201780273012224
0.154687179285799 -0.20011442326098 0.226938246747466 0.127286533621254
0.241631932925209 0.118092998296391 0.00480083276464399 0.185616761333818
0.0670174608044796 0.322249545330378 -0.0463811433065627 0.0607545762252009
0.0283642931651627 0.332787181023051 -0.000962412308158781 -0.0399342662745102
0.190025134130745 0.231329615159138 -0.0053071749027357 -0.157793768477923
0.219268939518275 -0.107622544194692 -0.182664955907134 -0.147445708746919
-0.109704225614442 -0.203298966319784 -0.274345298494432 0.127434305432665
-0.190683072870214 0.145890353249005 0.075745002725807 0.205225813204005
0.0680226209821455 0.239875702649689 0.188122484832588 -0.0726154988322558
0.286047832414877 0.107142763466654 -0.0147852683454146 -0.204095342511403
0.226000176544215 -0.0546048927295722 -0.218000024436621 -0.0425653276849532
0.227891331616113 0.112063722660487 0.0396501335619027 0.0873897339327657
0.10526628229433 0.305378986032933 -0.103597157195296 0.0665535115095049
-0.263370054280885 0.150490929050639 -0.15961974003413 -0.110586588055892
-0.160169487654594 -0.226887201195874 0.0749155322104374 -0.195443770309936
0.258994287457075 -0.191450753688833 0.226605284376767 0.0520901169181702
0.233496492721374 0.177844567838793 0.0760923531327958 0.198013057587074
0.0218818283896888 0.337112938502866 -0.0329871419947363 0.174267749182875
0.0235375251065487 0.328644179579208 0.00165589999818698 0.091996576875811
0.189253175754006 0.207853356724361 0.0618804344750932 -0.0949044983404645
0.179942093835055 -0.0885685016297057 -0.152523182335829 -0.211036513338043
-0.0556384957203457 -0.124567193909735 -0.350057776003066 0.0913706943281158
-0.062592256827547 0.107407343536168 0.0179901526347751 0.257797580492913
0.0928361844022589 0.108516500180942 0.156321017622029 -0.0373369071594081
0.215121170120267 0.0295032714881719 -0.0431133411859138 -0.180013336716001
0.172789792406058 -0.078680926228667 -0.290190430708763 -0.0108893624443093
0.158162598780858 0.140192740157434 -0.0176497446022196 0.0329212230737756
-0.0163237042401867 0.249086714625813 -0.047470516840943 0.0160891802276876
-0.235773412954266 -0.00599803463361389 -0.117910939685216 -0.0542928106069445
-0.00768089489446318 -0.227066418110909 0.0229707425575078 -0.165045098277415
0.264474897015682 -0.0837223356276339 0.237855332700665 0.0145356642770062
0.165862097566714 0.179567042461412 0.12252947176483 0.236824370943104
-0.00847110690246196 0.284275081013435 -0.0384076647254636 0.282287570126042
0.01431653672507 0.275336512344495 0.00622478519538468 0.208903707609336
0.150419587086062 0.172191479315386 0.122067545148889 -0.042633313839163
0.15050934051459 -0.0485158867805028 -0.111676420924061 -0.242533003001302
0.0116489171005592 -0.102096800735603 -0.374281553083796 0.0548577855443781
-0.0205963666367491 0.0212214234767137 -0.0223635757743874 0.298941781979762
0.0285512058451413 0.0269324995907933 0.159114117709787 0.0257937937945444
0.102452689211177 0.0140351266736666 -0.0152671771661361 -0.138717870738852
0.0996195967935227 -0.0642559219680738 -0.316529221452194 0.0229111912374798
0.0755876326288435 0.110248879560145 -0.0350480728009719 -0.0197669245725231
-0.0538683432556754 0.135419825083699 0.0287294848387554 0.0167401909632728
-0.113910552688625 -0.0504460517361337 -0.120373741652398 0.0296519068690347
0.051338244026175 -0.102853835593782 -0.0405930184849942 -0.164531812080401
0.153770102668297 -0.0138249999959556 0.246405238556119 -0.0154408122085203
0.0861272732079257 0.112319175076695 0.147387816775734 0.260116086296429
-0.0122334213631431 0.178545700794314 -0.0384604378646362 0.358743752948051
0.00291324857184176 0.178411527639063 0.00644243009940394 0.294985083692035
0.0899082235658114 0.117852762955483 0.158665622300671 0.00575735634202366
0.106693454135936 -0.00963243952892118 -0.0444099275738533 -0.245747746996607
0.0417644235125925 -0.0740038509208265 -0.345530136337745 -0.0148770780689994
-0.00490557696180941 -0.0132279668209644 -0.0597830882678099 0.292124522780225
-0.00854891244343485 4.12816001259088E-05 0.164051873195438 0.0716481482118102
0.0218232134489415 0.0246826775551688 0.0315423376303815 -0.115867303267444
0.0390497081118647 -0.0280447855381034 -0.308821533016204 0.0365042322499199
0.00377111181808978 -0.0384466637787851 0.294800586206148 -0.0304425873625366
0.0306282789047486 -0.0193158951060965 -0.0441156798713937 0.105386582955197
0.0114350331288152 0.0126923509128786 -0.180371490037279 -0.0907890188636397
-0.0181696558559858 0.0193365241768802 0.0813739527412531 -0.289728009888816
-0.0457959892685293 0.0164590498727467 0.329074957242274 0.0640433578667685
-0.0457118320254356 -0.0314412601144866 0.0146312775146656 0.262527847287015
-0.00610075694616953 -0.0556059225816425 -0.182931863694594 -0.0326370822636203
0.013218244521523 -0.0594464891891106 -0.0461121739704641 -0.339150589563293
-0.0117387273826449 -0.0427071319750213 -0.0218616919861031 -0.408784711111739
-0.0243681701271921 -0.00905417320719127 -0.211785902974363 -0.247267207308822
-0.033293236934452 0.02789352731459 -0.27086137942877 0.0894094044606429
0.0027431158069662 0.0134850745019995 0.0825703377517734 0.175962243187867
0.0303175306184303 -0.00467952716066308 0.123459463136674 -0.0950169966653591
0.0339807054223528 -0.0384008367286229 -0.0757498862820996 -0.0319579171232866
0.00171513074984165 -0.0442223350682516 0.0278744051519509 0.0425202242341974
0.0461465222043088 -0.0721134446334018 0.282396082174425 -0.00612126301377167
0.0740599292312033 -0.0144581184940262 -0.0520713863346098 0.0937182849188045
-0.00357191001853527 0.0250109981957575 -0.172834040852368 -0.127056482721486
-0.0430901355266015 0.00583751151546519 0.123148505335847 -0.288541626782165
-0.0279874283567898 -0.0506693211391632 0.313775475114272 0.11182719671224
0.039079691790209 -0.0422662124284135 -0.0223460117441057 0.251226364742672
0.0622404295368814 0.0361265527999619 -0.171609225865852 -0.059398323161352
0.0327172850769149 0.0779998189143743 -0.0415555600618561 -0.327474062595106
0.0222873867887102 0.0857111679648097 -0.0634583142317855 -0.386031222681131
0.0752148557616803 0.0504889252300259 -0.254728322183403 -0.201913692882299
0.0707903712424933 -0.0244296873865913 -0.259377700529896 0.137338272776759
0.00641826708027437 -0.0798080854253019 0.0999008497566975 0.150206456182256
-0.0621115583629331 -0.0177577202390065 0.101631181767019 -0.0908030908216589
0.0408215966404677 0.0561190732846659 -0.0593919109041764 -0.0356869804466646
0.0840719105748927 -0.000297398684717876 0.0148440921438306 0.0309323983814152
0.104608978672256 -0.0870673717449588 0.267480060169808 0.033438869628746
0.133232953959156 -0.000903701240636694 -0.040814417068102 0.0962812947268447
-0.00871141000760167 0.0489507951330614 -0.159504615299399 -0.144520847018919
-0.0621710720735741 -0.00801124468202265 0.163867267898387 -0.28987925885019
0.00624628251130145 -0.106230964807791 0.319096032233119 0.140059711544314
0.121589989433275 -0.0214524736925175 -0.0292592753407834 0.241129110476751
0.106272912650113 0.142233621875062 -0.135048563324302 -0.0547567783981538
0.0498905105673378 0.201685584021749 -0.0318952766962347 -0.267477111114252
0.0888868380002481 0.180572666972221 -0.0890764171640618 -0.32182384978357
0.192788542309866 0.0237815213955093 -0.274226160287222 -0.131975772841105
0.0884083317423584 -0.174481940936625 -0.237232563089222 0.178844942290115
-0.129382389687131 -0.128698462440764 0.091699211231946 0.148388536263917
-0.139747477666608 0.0906084732873925 0.120525345901287 -0.0432570205413409
0.117497825729954 0.150573336564254 -0.0011807953285121 -0.0735920486572016
0.166243653537494 0.00909094918172338 -0.0295965202601422 -0.00516022502268246
0.180691585656287 -0.0646572616548852 0.226264257444722 0.0792760953195838
0.211152030844955 0.0622556871237886 -0.0391372130903108 0.121325918298492
-0.0135875819715495 0.126627621113596 -0.154021057639296 -0.123337236633883
-0.105672925654075 -0.00848905092286213 0.171739066258667 -0.257118548508277
0.0521495664269722 -0.155598133764584 0.299739015641496 0.15469836726455
0.197013462626569 0.0260151339356339 -0.0180039355156915 0.218968026628978
0.120865388319357 0.246134198368182 -0.084974830550084 -0.0155669625410554
0.0582870975885561 0.290737563317455 -0.018337210878529 -0.167996089763138
0.164585129010046 0.220129397665143 -0.0724315530834179 -0.236868294413152
0.241340150168906 -0.0734750186479376 -0.240513665056658 -0.096860022105959
-0.0469221002970726 -0.265157166728293 -0.227467907570043 0.18681470965676
-0.262388335171382 0.0180334618110168 0.101342802592728 0.182037395177618
-0.0605157269786266 0.246757602749966 0.186376875092201 -0.0469937177284784
0.245217293879085 0.162796272617713 0.0216163908100535 -0.157847409671656
0.219010274754584 -0.0264909163675913 -0.11612889138075 -0.0360928790131643
0.242939937321392 -0.000523953379620432 0.145263112085495 0.106340509541172
0.239141958151846 0.193210604474251 -0.0781979142719207 0.133655422794744
-0.0973432871624163 0.230444219314927 -0.186833399168151 -0.096909822684862
-0.195931941248117 -0.0623229701309145 0.108813518942589 -0.227105958964371
0.127436130865602 -0.218421156215432 0.251355684177936 0.10701643876819
0.254473878093987 0.0931421964835809 0.0251041730933965 0.190956113902521
0.101118238140338 0.321436312078246 -0.0420364576531598 0.0678712025280561
0.0611282322975759 0.335970428169737 -0.00527118887040278 -0.0407400892028955
0.212320152121665 0.21476275521901 -0.0168380985056999 -0.158277197868595
0.208373859989485 -0.125563394771945 -0.195623432045475 -0.139798895604268
-0.126662423501806 -0.188966167202109 -0.272956815014107 0.149665400424887
-0.173116023093239 0.161872044442415 0.0901163290789016 0.207840866188546
0.0901293097336604 0.228746144730172 0.190335507553191 -0.0832478125462862
0.292866717283224 0.0784537546529114 -0.02186298634004 -0.208198778265908
0.213281234129926 -0.0743813971205691 -0.220066292532157 -0.0281003379169332
0.241721309166164 0.0783682609297898 0.051219605765166 0.0925671500668884
0.146887354299986 0.289232528326393 -0.103248756150545 0.0847265028313457
-0.240829154670285 0.187461490678936 -0.180980717731563 -0.0993543899817436
-0.190542300920274 -0.202753186727072 0.0587362654989942 -0.213585163893337
0.235028665205494 -0.222015725815824 0.241412278376948 0.0311690479359682
0.25299281327207 0.15418000685964 0.0976904726750901 0.196707392399439
0.0564643821181186 0.34014774730155 -0.0175254785870866 0.182512683399493
0.0561460953879192 0.332328160528552 0.00968041751161617 0.0936962507996349
0.210958012381251 0.191792902333289 0.0561690095653021 -0.0999263465979674
0.169896184503427 -0.102287537392113 -0.171057899717391 -0.205597791690137
-0.0649989101490806 -0.116156982582893 -0.350878303430896 0.119881586253387
-0.0489194714038126 0.110382547137252 0.0405199952906972 0.263087764407417
0.101168906324936 0.0961664779627868 0.161212749475123 -0.0492253873281029
0.214179156123394 0.00841053854484231 -0.0505342225768435 -0.18222808530555
0.158593557620245 -0.0914683519786611 -0.292439331499728 0.0091932672975894
0.176928608461535 0.119910485633362 -0.0153881888409395 0.0410676488283586
0.0167096804902305 0.250073882787014 -0.0515574555963719 0.023711136053285
-0.235644049109017 0.025303065041648 -0.129484238258676 -0.0467027084443538
-0.0368433490136392 -0.224343042094505 0.00983476907997239 -0.174190776949331
0.252416787675544 -0.113328934854256 0.24740931583257 -0.00710573792778775
0.182987927033496 0.164524789230335 0.149516617975363 0.232094989225925
0.0206768321614085 0.289770170882501 -0.0128005217930137 0.293670537470966
0.040992054427669 0.279624101324306 0.0238310940370067 0.213600664691915
0.167896707778975 0.158616845900899 0.121613358058762 -0.0528010855738896
0.144831482966966 -0.0593365640961263 -0.131124342573417 -0.239810594376118
0.00404504508732584 -0.0999902239297471 -0.375628148722657 0.085288436017974
-0.0172185593758784 0.0213220340984315 0.00486787302276385 0.306874116094775
0.0292725990114198 0.0211442646815801 0.167031550192997 0.0135367550170976
0.100491373968627 0.00490432162802525 -0.022706231767764 -0.142655035012191
0.0885164194551496 -0.0687970739631311 -0.317236055437149 0.0462301159738393
0.0915470666727526 0.102165554414516 -0.0404317017721662 -0.0142953161022888
-0.0369773269058539 0.142596125258027 0.0293743244238358 0.0138973317480887
-0.119865869678523 -0.0378349879801818 -0.119859375246275 0.0427735671461193
0.0406975605858324 -0.106932863585215 -0.0562783219312044 -0.163998209624665
0.148619551151308 -0.0289240036726022 0.250334107427868 -0.0388712545143167
0.0960507385080106 0.104321205677106 0.177235596893686 0.251782668296087
0.00447864144012321 0.182167362463681 -0.00609055576704368 0.370112385380838
0.0194161358389584 0.181029102972762 0.0320354518526589 0.300359859961957
0.101087574652117 0.108820219226247 0.160959231216413 -0.00757683790657945
0.103744851845903 -0.0176692680668121 -0.0641808934181245 -0.248201648443592
0.034450188000179 -0.0751040671288711 -0.352739052035536 0.0129622312243074
-0.00484322764564976 -0.0138884218809946 -0.0363769074336453 0.301665508144316
-0.00920648062855097 -0.00200988367522832 0.173512598297103 0.0590959901396679
0.0224381106190201 0.0222515014463269 0.0241696165804555 -0.121624918111146
0.0339880173082378 -0.0271833263515212 -0.309599595983794 0.0615493575641961
0.00295701124173482 -0.0392500437311713 0.303283441056614 -0.0367270610681121
0.0305960628419288 -0.0207737483207178 -0.0434074316813355 0.109933455699738
0.0123740740564319 0.0138120359435673 -0.189268779304433 -0.0903807693645153
-0.0190195034689643 0.0202431252263466 0.0797847855357881 -0.301709785108454
-0.0478343636309362 0.0180689477327645 0.342947740963493 0.0611010970836836
-0.0485186815843343 -0.0315997980322903 0.0203200718407285 0.27145252911654
-0.00700044701760139 -0.0572648454793633 -0.187762801624298 -0.0321768014844475
0.0118018475405519 -0.0610490554107713 -0.0510452835957432 -0.351130604124928
-0.0135089445208895 -0.0434849646957618 -0.0274529434348093 -0.426106680296507
-0.0259755920087781 -0.009965686069024 -0.222663631149179 -0.254002721768818
-0.0346510942020306 0.031144567276699 -0.279184838786326 0.0964980389799407
0.00247317244918827 0.0150454462484799 0.0882130662505154 0.180480762307209
0.0309172110581612 -0.00568958439709025 0.125212638008198 -0.099452138641367
0.0342717361644786 -0.0409547577325099 -0.077088710572201 -0.0308360571615191
0.000431168915181454 -0.0462505494019039 0.0299835727706588 0.0439200778819641
0.0450369554444703 -0.0745931286893753 0.291826714781648 -0.011883294766134
0.0749531916861539 -0.0160916761939078 -0.0525141778183172 0.0976673255308963
-0.00354298365836663 0.0260551931982849 -0.1807829750002 -0.127405731018054
-0.0451253585366939 0.00688497156742145 0.123369088078515 -0.300509509695423
-0.0294472208708277 -0.0522323623035482 0.328510108368526 0.108904596459895
0.0395329293363806 -0.0439342718344495 -0.0171730005208083 0.25977804691141
0.0640228487247778 0.036165083755876 -0.176852213286062 -0.0589570364202882
0.0333297637683066 0.0810681488850308 -0.0466820488183083 -0.339539940181283
0.0218459771781131 0.0892065949931929 -0.0682736689283428 -0.400565482067373
0.0777759329797351 0.0512452579768142 -0.26793297159402 -0.205814744578526
0.0713882125818425 -0.0248285354827258 -0.267012570670551 0.147077190875348
0.00485463146219635 -0.0817504924782263 0.105518950207131 0.154465861585645
-0.0649558692235606 -0.0166334643177545 0.102957071068147 -0.0956864572921505
0.0433029916901234 0.0566722524205613 -0.060896737561445 -0.0355284660641337
0.0879175542729455 -0.00106899876365903 0.0169887689362421 0.0320574069461821
0.105231636642299 -0.0891339630010288 0.276925840329516 0.0291076258816636
0.136505543632038 -0.00263679971721752 -0.0405394137053788 0.0999643358740401
-0.0091498439107541 0.0498937580664747 -0.167437353012988 -0.146706290081315
-0.0656493303099877 -0.00760763373051182 0.164798023733304 -0.303937898301074
0.00590561286709424 -0.110006787184184 0.334450634343324 0.138802999798964
0.124630278730505 -0.0234917845526697 -0.0251728003671943 0.249663208593545
0.112971064385332 0.145779551427952 -0.139209282683756 -0.0557762280686571
0.0529357096249643 0.207869116985817 -0.0363243307837507 -0.276163460204523
0.0932406343404739 0.186892793566034 -0.0967007427591509 -0.333316987429902
0.198422263123427 0.021883950259734 -0.286672910806387 -0.134212894540017
0.0877642816694836 -0.182096422483802 -0.243462154408262 0.190216178767849
-0.136995064984103 -0.131050990177838 0.0966326661752558 0.152899242283393
-0.143052783836901 0.0966888408206052 0.12364788849514 -0.04763396968419
0.124813919608897 0.15425644116893 -0.0019288783567284 -0.0759461815152473
0.171953841502803 0.00685157662867224 -0.030318302398192 -0.00592202844972274
0.185081522415608 -0.0689971880163264 0.235101190885538 0.077261838911759
0.218796948119933 0.0613625262561481 -0.039500495828277 0.125408927357555
-0.0129046272362511 0.130385253283031 -0.162211608344566 -0.126185586591269
-0.109065329454675 -0.00830654379346963 0.173996306220328 -0.270345603279118
0.0519161923286497 -0.16118035016326 0.313739388939273 0.155357935000614
0.203588639370081 0.0253782755982572 -0.0142538590782757 0.226695395428891
0.126728158689426 0.253356301096432 -0.087865827115514 -0.0147159320285287
0.06164708143087 0.301087564425259 -0.0208936730544 -0.173780913764844
0.171920198580431 0.227068721769172 -0.0792403966109907 -0.244272282212369
0.248449656215695 -0.0772927796920715 -0.251621457283968 -0.0979826208936803
-0.0536529879452245 -0.272528632100051 -0.234040318430218 0.197254033921891
-0.272468638023586 0.0225245468393233 0.108164657792186 0.187860249690607
-0.0584923868922447 0.258627187687026 0.192638216296473 -0.0519283066155044
0.257318410161253 0.16382724229091 0.0197793234206899 -0.164456989125147
0.226203596351405 -0.0313251072831272 -0.120794673905344 -0.03562990710804
0.251444722902153 -0.00355647244395568 0.152213434015909 0.107533305864927
0.250174882848436 0.195130290979706 -0.0790790889316071 0.139222192194417
-0.0991588596569041 0.23998154062668 -0.194454676190584 -0.0970304868936849
-0.202558679174983 -0.0617000203185212 0.110611358763678 -0.238535093715351
0.128676916830877 -0.226361180902808 0.263014078317257 0.106212346922006
0.264532905118966 0.0936367816519666 0.0297165471134712 0.197725464934315
0.107610273301456 0.330116744067478 -0.041543651220212 0.0707892874010818
0.065349299953085 0.345872697173806 -0.0052989940216852 -0.0421899234956209
0.221300620506976 0.222590327951953 -0.0207459656014524 -0.163490909430063
0.213845235123516 -0.131057589344941 -0.205096626593484 -0.142185881663773
-0.132530814982044 -0.193667583363749 -0.281408807251695 0.160742924414871
-0.177059476836349 0.169421898398478 0.0977347352358914 0.215249094987569
0.0965891371803792 0.233969762247928 0.196009317008152 -0.0886718902026602
0.303310038757674 0.074630909458424 -0.0265353745948359 -0.215636210040456
0.220706968917525 -0.0812230868392442 -0.227958180720855 -0.0251832037469095
0.251115623896826 0.0782269862024084 0.0543485883910186 0.094398105769678
0.156797713925891 0.296407358335471 -0.104726003593099 0.0887119687326504
-0.246319960788357 0.197303879283706 -0.188990882588786 -0.0995877081864135
-0.201051977378264 -0.207670524491156 0.0587895477342527 -0.223874410127074
0.238317518471079 -0.232092410079071 0.251644207309539 0.0294604517366317
0.261831136214431 0.157641067592854 0.105062196082679 0.203138487270794
0.0608784367743761 0.351136233369586 -0.0151488466900857 0.18968713391707
0.060381354562482 0.344112773224669 0.0114069033643879 0.0971376919370844
0.219844659215499 0.198565383270521 0.0550502844550662 -0.104427144158588
0.174891217151343 -0.107485282882362 -0.18101421315288 -0.210559917535248
-0.0683296125941833 -0.12030271195563 -0.363107295425744 0.131365560860429
-0.0500752925067503 0.11342295824708 0.047424056624378 0.273577235981647
0.103799941074802 0.0970338603509434 0.166935358634002 -0.0532474401971504
0.219885195472689 0.00484243594305068 -0.0552519244386515 -0.188944036194857
0.162490940100803 -0.098005103759248 -0.30216956731721 0.0148986622849282
0.184735933562326 0.121253616199667 -0.0141197844721915 0.0418833269409587
0.020313047772504 0.259458876604105 -0.0528246344221477 0.0241418979276649
-0.244918152800846 0.029648876066595 -0.133037112611329 -0.0448913521125257
-0.0420720349188921 -0.231978941839149 0.00955548153778435 -0.180811806029576
0.258968736353893 -0.120597430528161 0.256791598181072 -0.0100829839168345
0.19021819345359 0.168554416016651 0.158493352346599 0.237396294314842
0.021568756959515 0.298519565693837 -0.0085864542509817 0.304914008260156
0.0448213983882907 0.289626579788498 0.027173101256936 0.221286892157113
0.175457462537297 0.162778734273586 0.123196779880618 -0.0561030649168452
0.148265528445806 -0.0619463676150553 -0.139571153052729 -0.247030112710995
0.00273297909277905 -0.104957833542823 -0.389010531238374 0.0941598673802683
-0.0183332854922547 0.020644273678029 0.0104656750491635 0.318958356250444
0.0286253832724036 0.0213798153221396 0.174705437027745 0.0112148890267787
0.103931030801692 0.00366068238850566 -0.025387882264808 -0.14903097673828
0.08987526613148 -0.0725096316987148 -0.327053591036628 0.0527477309570742
0.096192338201011 0.104667351213336 -0.0418060668831917 -0.015013484383323
-0.0384516011260579 0.149252396677178 0.0308491537576777 0.0126515811443251
-0.126158985124548 -0.0372711820752566 -0.121648371705367 0.0463739472441758
0.0388369696843072 -0.111441699296926 -0.0592483849119322 -0.168338675547722
0.153312105895499 -0.0315339035084714 0.25900411361604 -0.0426224124682168
0.099134543690555 0.106315162050601 0.186690384074854 0.257343144493861
0.00592229120275082 0.1872849245739 0.00124327117271289 0.384034708897443
0.0227684703333876 0.187599197332783 0.0376468474168394 0.311225848867911
0.104659804940715 0.111711397857846 0.165023644871315 -0.00856700319087646
0.106984398036638 -0.0194613304477893 -0.0696010392410304 -0.256089831149668
0.0340228314003651 -0.0787138807586962 -0.366586376468221 0.018557389736591
-0.00550195897854624 -0.0148122003943161 -0.0304511407182705 0.31461551693701
-0.0111600693552885 -0.00153392014303361 0.183019259163779 0.0596493043710133
0.0234291487202947 0.0227322454983349 0.0232782684965308 -0.127695264521085
0.033589015002529 -0.0281568338744958 -0.319246835711553 0.0693472857564998
0.000765632054843176 -0.0401259377077784 0.309707923693413 -0.0504396019810864
0.0309153668387746 -0.0233892419036908 -0.0411058177526066 0.114980086446126
0.0137001581039838 0.0132411080404443 -0.19898843026132 -0.0849203039466575
-0.0196348883037329 0.0214023837624904 0.0696399138696941 -0.314999990129252
-0.0495355265178105 0.0201341583800098 0.35844315959427 0.0483615680234633
-0.0519298746379517 -0.0303558297962094 0.0325017395786392 0.278362506790769
-0.00978618976553761 -0.0607664550782688 -0.192958740913413 -0.026366824542801
0.00820982124459835 -0.0628417183686946 -0.0641977843365428 -0.35987270901329
-0.017177834230588 -0.0443137919859067 -0.0423861108966258 -0.439609092246796
-0.0282410947096634 -0.00893077500286761 -0.238950724181584 -0.253467418556351
-0.0341991231885187 0.0342776844599258 -0.284937050754596 0.110715381903173
0.00181551449749257 0.0156655377698361 0.0982831381241228 0.183160824373089
0.0305030081073456 -0.00774479437160684 0.123728939194995 -0.107045520257079
0.0331472399597194 -0.0441104113984717 -0.0799196755403172 -0.0284783488274722
-0.00132567120895856 -0.0476559113362535 0.0338738584433274 0.0438592057909373
0.0420603225317424 -0.0768661864307689 0.298962796816365 -0.0241338056639245
0.0761863486371041 -0.0201357166957569 -0.0499298945899673 0.102174555094977
-0.00347691511180008 0.0281889920639705 -0.192866336559632 -0.124461288094235
-0.0469287007957521 0.00834184547063247 0.114954693660927 -0.315511323481931
-0.0331575768645437 -0.0527686900348355 0.344338898784223 0.0986343556027634
0.0375057539948332 -0.0466520791132049 -0.00659187613180433 0.267951263316347
0.0677456247906996 0.0344555319864067 -0.182828705179992 -0.0542488236158727
0.0366682402471872 0.0824591460294815 -0.0584142595079958 -0.348370822087894
0.0248002008643771 0.0911966024993456 -0.0846164001739429 -0.411859420934966
0.081169542028537 0.0502433161630847 -0.283786210948728 -0.203003403509983
0.0726180013352043 -0.0280251740055981 -0.269665414529046 0.163432143636578
0.000603641501683895 -0.0850293939617302 0.115929890232127 0.154588471902154
-0.0690328950379958 -0.0145006828025065 0.10079296679638 -0.102076917559926
0.0461052084552092 0.0567807842385402 -0.0630673384990377 -0.033557247323038
0.0902781213178993 -0.00518598481606949 0.0195071343986528 0.0323399595880109
0.104491671666785 -0.0961188811788998 0.285449217051423 0.0186703675599693
0.139432597690813 -0.00911401924216799 -0.0384886283961908 0.103486021512949
-0.00862747597550045 0.0523211999357615 -0.180193378580303 -0.14557558487693
-0.0675238420872372 -0.00619891810990276 0.157874317388756 -0.321418707492054
0.00146241569983928 -0.112941670564582 0.352357929555016 0.128996783399899
0.126327895545896 -0.0282071016653624 -0.0146750420583575 0.25614631785969
0.120477760337338 0.145155899151806 -0.144555425458426 -0.0525388015165418
0.0615107536541074 0.212670577119142 -0.0453683423852579 -0.283641181272281
0.101917172140865 0.190338457526482 -0.112249849625774 -0.341752308518734
0.204755308856154 0.0162157273269147 -0.300956163845742 -0.127730700495792
0.082898694385529 -0.189723617559557 -0.243982237041111 0.207786590566315
-0.14832903275246 -0.129077241567852 0.106370175748348 0.153980563156582
-0.144963276559069 0.106277139626173 0.124989448722025 -0.0543382264420289
0.13553179704207 0.153306331599317 -0.00441097631713664 -0.0787642676820072
0.17897238641079 -0.000378148459587795 -0.0316991125070484 -0.00423354508522501
0.186789396170741 -0.0772472810459007 0.24524246366061 0.0698036122913359
0.225529395674546 0.0537729768794188 -0.0357129186464733 0.131671047754033
-0.00928421249653928 0.134569962620119 -0.172073545319529 -0.123721137912591
-0.112926560080804 -0.00575350711882363 0.167270426154814 -0.288998746816137
0.0480335944770454 -0.167174455283364 0.331990283149045 0.146282651464572
0.210615701143049 0.0207991947662538 -0.00496120775418718 0.233742562119499
0.140393639933744 0.256125145910251 -0.0898595750055556 -0.011792834926854
0.0754125884826987 0.307053902503072 -0.027237780154109 -0.17859684092689
0.18500887735182 0.228884203875047 -0.0932436820731484 -0.250820691290164
0.251353476766711 -0.0892257584722835 -0.26370591225135 -0.0920586712024102
-0.0653257689472538 -0.278338112994665 -0.233048587775682 0.21522604097353
-0.281816318381619 0.0360326096448372 0.1200204883905 0.18933643646662
-0.0499885885968585 0.268858926561728 0.196123744750777 -0.0616520371924823
0.2731046640586 0.158162284707668 0.0140000661748979 -0.170204649017815
0.232341270152727 -0.0417497118608684 -0.126308663139754 -0.030990171679587
0.256760976618576 -0.0127398874470207 0.161909326873634 0.104387271857523
0.266153381307876 0.189916086427066 -0.0757627390162261 0.146964301650066
-0.0919361091921762 0.250828948085826 -0.204114611968699 -0.0915711417659098
-0.210252186036847 -0.057134362931647 0.105091904343111 -0.251794681071859
0.124061000840794 -0.237523951252875 0.277927702698064 0.0987081211856019
0.274253554655691 0.0884883485340512 0.0399639238594472 0.203048480141696
0.120353852079386 0.337377170525503 -0.0389252657195726 0.074988538441813
0.0809615066492723 0.354890621537447 -0.00713673134535136 -0.0417374531981062
0.236396856581791 0.222182441721144 -0.0291191506036009 -0.168288008049984
0.214162142972101 -0.141699192746684 -0.217947003732949 -0.137994103812492
-0.145147048100984 -0.19482072353335 -0.284435816882979 0.17854227144253
-0.176586937415126 0.1812871378233 0.110594574300086 0.217753267386045
0.109776876511438 0.23776015060413 0.199240311762737 -0.0999246779519204
0.317245893468533 0.0639866145747206 -0.0362186598026034 -0.22175291969368
0.223724679613025 -0.0919267987903161 -0.236149384559346 -0.016679211439521
0.261758004061679 0.070497527878725 0.061220598563518 0.0955811800709847
0.17397239837593 0.297888390644966 -0.104064189001346 0.0956434341646079
-0.248433700135923 0.212494661540732 -0.197740871214019 -0.0949256754068108
-0.215711912915064 -0.205204261846852 0.0522622687018426 -0.233731567927071
0.235928033018975 -0.247400730539958 0.261492703347272 0.0202361489809351
0.273225285323855 0.153878741371899 0.118364312902361 0.20506490066488
0.0741536331160217 0.359910821626709 -0.00800852482283765 0.195983328132574
0.0753884012794214 0.35189926628378 0.0151930990838696 0.100254422003383
0.234937529250743 0.195687566343728 0.0506987499614213 -0.109217113693994
0.176592388252265 -0.116045683229838 -0.195673676439193 -0.209686046522857
-0.0755187119286299 -0.1222242414115 -0.37009279070561 0.151831465180951
-0.0486768964646468 0.118427954510643 0.0618370740041828 0.281136870242795
0.109274136456427 0.095367414257901 0.171398970404926 -0.0606475363158415
0.227280477517441 -0.00338192073208949 -0.0655686280030875 -0.19326810139008
0.162659254668985 -0.107702666676543 -0.310549318495988 0.0296657526417548
0.195917900047057 0.118336556065486 -0.0126501404246813 0.0446441106947658
0.0316462398810308 0.266404838790379 -0.0530307082013275 0.0260907626241378
-0.253547980727112 0.0398687672415918 -0.138064886096283 -0.0414181399469814
-0.0525441843086306 -0.237031483407429 0.00309932080736212 -0.188243263582468
0.260294483109551 -0.133308730476538 0.264411819100644 -0.02015805712706
0.200276520768788 0.165515777655992 0.174796749305604 0.238558082967331
0.0335628557458229 0.307294854041093 0.00423395267203917 0.314132281675848
0.0582220219374346 0.297870229819386 0.0358791229995085 0.227273634669353
0.187131853085018 0.161156140405661 0.123076763632345 -0.0620084609574251
0.150772998287185 -0.0699510287357524 -0.152851035816406 -0.249752511976296
-0.00265393577579231 -0.109546124024905 -0.39852133784471 0.115377511430625
-0.019839282650177 0.0210351886703123 0.0262338041782891 0.329654556437433
0.0282532089448809 0.0212281219794053 0.182742329525597 0.00525555049960594
0.10600137830989 0.0002661136678351 -0.0313841136702242 -0.153236923459128
0.0885262561805696 -0.0788951478372908 -0.334741339621759 0.0704248465266619
0.103171585472541 0.104119902045209 -0.043589280415884 -0.0135225298762948
-0.0339931653316829 0.154490046621296 0.032667456018937 0.0110777914259414
-0.132828141332591 -0.0338925915571471 -0.12190208946367 0.0527491468529519
0.0359395276432977 -0.116727717078204 -0.065729673654282 -0.171918620826196
0.155343597271053 -0.0380886539555499 0.265842626391742 -0.0524629381590387
0.104734936023947 0.106706650823152 0.204660448531688 0.257629460711031
0.0125162457931295 0.191968035702698 0.0155588760421864 0.394694519451472
0.0298935834389306 0.192308930674363 0.0494731164060628 0.321498985133798
0.111602525499621 0.111173897855782 0.167203722908944 -0.0130105874922678
0.108024310603325 -0.0242321152873749 -0.0821016908749223 -0.261898319213857
0.0306349385576339 -0.0837866506893203 -0.379587962628714 0.0360947902030238
-0.00836578740711686 -0.0166499507189181 -0.0177750219189383 0.325785868185319
-0.0138664091588337 -0.00139855621538249 0.193091406821746 0.0539125078151098
0.0241375438378828 0.0231370695075129 0.0189249709337459 -0.133959964136011
0.0333659698123752 -0.0317590497496692 -0.325523301498931 0.0838846077892112
-0.00225981401587374 -0.0392489834286204 0.308212580200684 -0.0684633505350308
0.0289445588910275 -0.026034119740269 -0.0349027757545159 0.117855146960412
0.0139396123047303 0.0127981621515049 -0.205021037224051 -0.07417089761443
-0.0193169291073484 0.0240324299155167 0.0509613266193342 -0.3207830801218
-0.048759459625678 0.0230436344865488 0.363661859629441 0.0259103643759394
-0.0547151946190324 -0.0274702977680415 0.0487487802320017 0.275384452136624
-0.0142136664517306 -0.0608033348571345 -0.193464301700132 -0.0167077183647294
0.00348098391321276 -0.0632422279765445 -0.0835705865035883 -0.359367524631059
-0.0205164073538233 -0.0418080554346692 -0.0670338865464243 -0.441847483168351
-0.0302004013558161 -0.00710548251511315 -0.253722143922541 -0.242390016137099
-0.0327457597828358 0.0380608008332673 -0.279394014412545 0.128117569612144
0.0019624242996732 0.016878474028719 0.108811596283703 0.177994371535552
0.0291119375553902 -0.00890669391033439 0.117994353023808 -0.113515817768121
0.0308924390527518 -0.046873910854021 -0.0801899163543287 -0.0232653454281677
-0.00589990184569101 -0.0486288492828937 0.0384576829240682 0.042053355119554
0.0372162463356795 -0.0786340580181644 0.297909402830738 -0.0396373147520556
0.0734992641603827 -0.0245396839310246 -0.0456433080036361 0.106704649550281
-0.00284100481067104 0.0290008647283404 -0.201498655006076 -0.11437575020134
-0.0481091198189383 0.0113169694109863 0.0976686009001798 -0.325965199883619
-0.0363581793576796 -0.051271985371826 0.353844525914551 0.0785302400160231
0.0336588569212401 -0.0489334340299757 0.00974330353967674 0.268787891269628
0.0696907513288947 0.0318973874506661 -0.184386554868909 -0.0442143801622134
0.0400386648898654 0.0816793329963434 -0.0761704776291544 -0.348529574135003
0.0294697973691786 0.0914381515113215 -0.107110107198857 -0.410975789020258
0.0834145830531327 0.0469677232157821 -0.296092801561417 -0.188662014516282
0.0710301448508001 -0.0311176910583652 -0.261750937289937 0.181005616251233
-0.00533547423731113 -0.0846221998003576 0.124904931605783 0.148509107253847
-0.0711274815415336 -0.00922171595858554 0.0958465078105814 -0.107770008177901
0.0502505772384895 0.054424670441255 -0.0636020804241069 -0.0289795728703599
0.0911438745681055 -0.0104381881280012 0.0225797698725159 0.0311241908890227
0.0983340597110587 -0.100459630389729 0.287247475240677 0.00345958088453062
0.137412495638796 -0.0171378067834213 -0.0333108111459696 0.10688434114841
-0.0079849245758604 0.0532037347966873 -0.190170230139072 -0.13597916156104
-0.0689980387805993 -0.00268777164886348 0.13889621812259 -0.333824132387901
-0.00475176984599561 -0.113056050808865 0.363332119829838 0.107797229409344
0.126158148020729 -0.0345867247767966 0.00124980299490638 0.257869477381898
0.127796855828435 0.140275252294503 -0.14539046474312 -0.0446193606654774
0.0720499279732605 0.210702996818234 -0.0612664240492078 -0.282381432757155
0.111411817159872 0.187224706817473 -0.131183456796379 -0.338612737293697
0.206744811206582 0.00529113006074047 -0.310562094357967 -0.112255340712642
0.0721042497198901 -0.195399174039572 -0.233326557084622 0.225117803142541
-0.158071233553929 -0.120081157872867 0.116873132220244 0.150060568284147
-0.13938570563584 0.116551516665516 0.122958124189957 -0.0619191983296906
0.14597810816713 0.146629756076212 -0.00809756295008733 -0.0780799060205411
0.180322979890412 -0.0113111606100413 -0.0316674469929995 -0.00273548579081745
0.181870472319207 -0.0871676796805926 0.250372565933167 0.0555999687076036
0.228931496531966 0.0409834552114527 -0.0284129436309367 0.132551564761579
-0.00290567309935567 0.135359014707795 -0.18157462944695 -0.115500705472249
-0.113447836443135 -0.000276177974242373 0.151077520379271 -0.301783871411258
0.0400832332967886 -0.170939835413215 0.343758761949632 0.12498702089397
0.21215858144873 0.010477323163052 0.0106324384859299 0.234433521973019
0.153418646515863 0.249600326956484 -0.089033680009311 -0.00710035109158315
0.0918048400264558 0.304564114412151 -0.0370532616670961 -0.177656875011501
0.197415069815182 0.221237194596683 -0.108164668289282 -0.246814243281512
0.248033930965997 -0.100681638869113 -0.270620477091728 -0.0779916530382556
-0.0813006272979679 -0.276376147370682 -0.222392996702866 0.232164056343997
-0.281966100403816 0.053672773736848 0.132295278894107 0.184456167149723
-0.0345822438048244 0.274517500003874 0.19307752924321 -0.0737729177851966
0.283346959035976 0.14255263200152 0.00331992544134652 -0.172092288175473
0.231885167320641 -0.0558745461769972 -0.129463726571187 -0.0230850477332198
0.256358257360316 -0.0279467202297766 0.169390855847235 0.0959183616404657
0.278065528886322 0.174146643938454 -0.0674388928612309 0.151727266095462
-0.079000977437571 0.255985526318483 -0.210356306422539 -0.0819189656858894
-0.214946117439096 -0.0439937614207968 0.0909674871370883 -0.259583059813871
0.111336541643436 -0.24411702071187 0.286372638471855 0.0820966462129817
0.278747715739103 0.0752363403197069 0.0532991068318803 0.202092356902561
0.137659503359465 0.331912262108566 -0.0342520720500791 0.0783722433906861
0.0992401975602467 0.351950815079727 -0.00969796382714432 -0.0422007150951693
0.249829359531437 0.211597015286147 -0.0408613858318968 -0.1676641510659
0.208288532960312 -0.153022615794773 -0.227679404107702 -0.126855544384329
-0.156374744423389 -0.187143703947611 -0.276892112918399 0.198918171102437
-0.167352965928042 0.191913403102893 0.125094996866834 0.21378263087289
0.12276044957603 0.232618733862111 0.194603739676991 -0.111233919906098
0.322957447951351 0.0467527344676099 -0.0507970371316406 -0.220894407229451
0.219574718451895 -0.106537185269313 -0.238910948434008 -0.0015652791051343
0.267863397652879 0.0560540129603587 0.0682594796320213 0.0932480585739241
0.191323115204596 0.28884222595207 -0.0998576449697404 0.101683466663027
-0.237906121418137 0.22944817139435 -0.203310814687242 -0.0832207659245845
-0.227933750472788 -0.194292903844817 0.039215977885856 -0.239911542706685
0.221080400002083 -0.259982369648073 0.266551585686099 0.0053636934263778
0.281641400662959 0.139332436175964 0.132453486230582 0.199080709445457
0.0915456799596335 0.358281555397493 0.00425935458937908 0.198481336629404
0.093341395123518 0.349237998075074 0.0203125048081495 0.100491778962018
0.245944285634958 0.18713115250938 0.0434148427154998 -0.112473524257717
0.170325227618339 -0.125044558743052 -0.20955033174861 -0.199364647457904
-0.082356214816255 -0.119107993498997 -0.364133243968367 0.177676221461347
-0.0431191448062142 0.120165078824231 0.0806917338628051 0.280017006590483
0.112800360188523 0.0893178566803989 0.170116314451363 -0.0717503715784907
0.227604491739939 -0.0179964527697316 -0.0778647609740008 -0.191234118800871
0.156942656532615 -0.118068347239553 -0.31096406725795 0.0486331422927856
0.204637059035647 0.107069884158583 -0.00908675542160232 0.0455626677886587
0.0462078089091854 0.26640101705283 -0.0518314157881912 0.0296295732879458
-0.254831199013683 0.0544641445890769 -0.139623724358201 -0.0339602090007362
-0.0668962528447644 -0.235201975726072 -0.00734954888751341 -0.189668735431456
0.253687687977673 -0.148623495202561 0.265263812341556 -0.0352375170390257
0.208060678796425 0.156386887097944 0.18953360137532 0.230329031950154
0.0481814906079228 0.306377359771312 0.0216103237584261 0.316380254582089
0.0733204972738823 0.296407733260855 0.0481235919390546 0.22774940476661
0.197507515878932 0.152570315532962 0.118147741929923 -0.0681245901379886
0.148186213182373 -0.0777577623428585 -0.168798476469048 -0.241174176765988
-0.00940686167936487 -0.110784726607454 -0.394092032843321 0.139470811561411
-0.0201991759531632 0.0207357898563011 0.0471728233263958 0.330977204206979
0.0270255503944833 0.0195476329179766 0.185999866078753 -0.00526849139935166
0.105415549007795 -0.00550931901701105 -0.0408736663135935 -0.153138228462426
0.0834917005035637 -0.084612455612472 -0.332351331772587 0.089548030567311
0.110158953839182 0.0983638588388759 -0.0446031071244174 -0.0108575785266105
-0.0271735011964282 0.158432886590824 0.0330613275558163 0.00725316651560177
-0.137095046854864 -0.0270797492337261 -0.117596770841653 0.0594652722578268
0.028654765494951 -0.120438692700946 -0.0758613783340576 -0.169084127429924
0.154381896874313 -0.0463938908763321 0.265120817717688 -0.0667439951951931
0.109538556968528 0.101242502066698 0.218927230189909 0.247006022693318
0.0217442830820438 0.19153552325994 0.0367882648051521 0.396573468374717
0.040066495872343 0.191924177392167 0.0664802565279942 0.320739372169902
0.117608429380652 0.105455538159529 0.165858792099772 -0.0214576881330566
0.108334253864859 -0.0301313529657807 -0.0969564653140501 -0.259269038583611
0.0253629868172527 -0.0875683527277222 -0.380671301405634 0.059244524486595
-0.00976092657905046 -0.0164315711942152 0.00314792769621072 0.329911061441925
-0.014845662638976 -0.000287763743440948 0.198677175897767 0.043077930509462
0.0252240823561859 0.0223340071529542 0.0119828851002786 -0.136836190983733
0.0301927458894616 -0.0331335256026563 -0.322022495783725 0.102190522978736
-0.00769894800932259 -0.0376671469229154 0.313364218945099 -0.0475762719408971
0.0295977499267226 -0.0258183065978344 -0.0409634956540305 0.116315892647798
0.0171086903449414 0.0133900716302255 -0.201449204783442 -0.0842195050621776
-0.0192324048600476 0.0278246979729032 0.0678804607257892 -0.317837957700112
-0.0548894752762213 0.023097455103635 0.359924910096015 0.0444056359018121
-0.055507342834884 -0.031018108053033 0.0329128671897367 0.277422814640288
-0.00951190116170417 -0.0611767086584199 -0.189030895189628 -0.0284906211795238
0.00741693623429191 -0.0607406743516887 -0.0566739091263858 -0.35966170992719
-0.017908237639275 -0.0409935889730054 -0.0346328234844903 -0.438413959919164
-0.0290592564798234 -0.00734917728581049 -0.230535123952342 -0.25743456708844
-0.0328401875889415 0.0380114790691622 -0.283067075664989 0.104156413727803
0.00232849536717043 0.0159445108117881 0.0932134398521058 0.182859399408646
0.0260807655882865 -0.00936589888274769 0.123976098698979 -0.102022848128376
0.0310118399093063 -0.043538136428537 -0.0759915742432235 -0.029078428482622
-0.00231024212776909 -0.0474358492291551 0.0361649789549435 0.044162777234382
0.034790445991874 -0.0735268872201388 0.301290927905219 -0.0195693603742564
0.071909443289929 -0.0220749705491544 -0.0511201741976051 0.103498979004781
-0.00148421769336173 0.029748340352948 -0.196045171328078 -0.124378498812202
-0.047159336874155 0.0143170211167962 0.112883924240246 -0.319498527431292
-0.0387116824959169 -0.0491633170087055 0.348057590202051 0.0967265989067111
0.0341948760232304 -0.0467143193287828 -0.00510289612199714 0.26760659583924
0.0656889900356181 0.0330402121800032 -0.1783408583335 -0.0559189094037624
0.0329775625392298 0.0845285323018407 -0.0511228053092931 -0.348482580619379
0.0208255153084132 0.0944918286852868 -0.0744447108510311 -0.411274051334293
0.0777299516766134 0.0519201488336654 -0.27592127144056 -0.207492456357744
0.0713275329502364 -0.0239466064011751 -0.270042576479497 0.157675242925922
-0.000633440606030526 -0.0825597246834761 0.112011880536309 0.155696543306074
-0.0706792367844562 -0.013539846013642 0.102221221235964 -0.097876567852004
0.0460600672009598 0.0554000217762295 -0.0593142946534368 -0.0329125121663079
0.0886977153129664 -0.00611944096161841 0.0210951727902576 0.0335358235711012
0.0947224839233176 -0.0907974748577797 0.288090056804093 0.0218426619524701
0.133509846828516 -0.0106849160009567 -0.0396638956442812 0.104918122415495
-0.00719630488378008 0.0539733846845408 -0.183436741582284 -0.147200954267237
-0.0682628109962037 -0.0012398942534888 0.155653909634606 -0.326419916748207
-0.00407669383325937 -0.109316322829976 0.357309740336229 0.126336438705126
0.122384110155807 -0.0262537110273566 -0.0125320929109912 0.256868352954599
0.116807337000642 0.145177178152893 -0.140324977511885 -0.0532007626957757
0.0558926533166662 0.213699139913565 -0.03978527123771 -0.283621399505289
0.0943165991679206 0.191869266442327 -0.103816420500927 -0.341311582381832
0.199522730195221 0.0202912871198949 -0.296152157811837 -0.133550262475594
0.0822988668227145 -0.183926894120138 -0.245215122229945 0.201939232714463
-0.147113158887125 -0.125308047966234 0.103603586845099 0.153734785405311
-0.141322871645822 0.106684197407717 0.123723391680903 -0.050392445909079
0.134812589155895 0.148600246518619 -0.000511025168835026 -0.0755489968374591
0.173977359196561 -0.0016334202187535 -0.0287515872321351 -0.00384198216687446
0.175954726646312 -0.0736302949008905 0.24808804131086 0.0729440936769974
0.21782652818977 0.0496503927510624 -0.0367751756894381 0.131905428602718
-0.00798234710646728 0.132122585068153 -0.176703824409604 -0.125620682883136
-0.110573579392055 -0.00205825256712863 0.167472775899532 -0.294836701645935
0.0430670937642149 -0.161121258372639 0.337013962736866 0.142836465656463
0.204827705743315 0.0246720670590702 -0.00115502427747242 0.234262123639315
0.134491845192914 0.254932487797627 -0.0868417843874453 -0.0127090345589932
0.0678927819893467 0.306879286790564 -0.0250520166088005 -0.178620128912079
0.177162602288168 0.232350171416028 -0.0891872733258409 -0.248372346277971
0.247373414026922 -0.0808894070899793 -0.259399471550443 -0.0972686945534937
-0.0618917516710168 -0.272956862840623 -0.236296434507248 0.210051013106622
-0.276247319223678 0.0370423393484603 0.113120402893454 0.19073001166719
-0.0475460548590709 0.263247648931483 0.193371873359581 -0.0548967547240601
0.268290491870209 0.150520927937523 0.0190029094700531 -0.167147628879303
0.225460033065972 -0.0409873590773847 -0.123754728130735 -0.0315929886058445
0.246606210093417 -0.0135361677201863 0.163890256717715 0.108759401945224
0.259772031930379 0.182498578176419 -0.076617617026425 0.149035069155587
-0.0869780130816342 0.244321803355552 -0.206728173673392 -0.0936895960024747
-0.204648908007592 -0.0518078898646896 0.104933239741162 -0.257325141702169
0.11996256691564 -0.229505910307416 0.282710949872709 0.0979263361261059
0.265744624619042 0.0931879987610631 0.0421351619383682 0.204897554845683
0.111381474465395 0.335786254660919 -0.0371995391081968 0.0746229020144764
0.0728094194417664 0.353138006461216 -0.00725956261516965 -0.0428190398527528
0.227889013811093 0.225886403244632 -0.0292626354987703 -0.165781389095599
0.212365159574925 -0.133721635122067 -0.214116316374388 -0.142489573229246
-0.138566111068496 -0.189445790686445 -0.287478602878267 0.173653425062133
-0.171283573615712 0.176634291162155 0.104033338829572 0.221026987620964
0.105944411483677 0.227694963825107 0.199393125188572 -0.0917930376739055
0.309330560399466 0.0589523648619011 -0.0309315672888922 -0.220527498269753
0.214677756946771 -0.0883490691563269 -0.232998332767853 -0.0191921854210275
0.25554340580238 0.0688449909091917 0.0636865804666304 0.0996420225014171
0.169910810923159 0.289304692062961 -0.107324525939297 0.0973829297770653
-0.241366835108495 0.208947277458457 -0.199084565639839 -0.097048061539804
-0.209552956107822 -0.198614257429204 0.0538284137699265 -0.237839248973248
0.228837948236187 -0.237787799743422 0.267496607129763 0.0223609422338945
0.26277197961847 0.15674899910302 0.120924966123466 0.206982379730941
0.0630616157309171 0.357147655189736 -0.00785888399726893 0.196286934612379
0.0669371875424448 0.349927547339063 0.0124273561112618 0.0990689026934346
0.226815217209345 0.198674813603563 0.0494815288415591 -0.105517922177713
0.174884212539884 -0.107931921233233 -0.190096023724276 -0.211131163480694
-0.071044897409711 -0.119366397955806 -0.370890692158019 0.145277465379036
-0.0465880295265497 0.112378769761319 0.0570795483214953 0.284463648315113
0.102708932185639 0.0894902668457043 0.174787495544673 -0.054627521637845
0.219014744269454 -0.00633168713066144 -0.0593335961453304 -0.19462380496784
0.153930446300616 -0.101391934367807 -0.308363568879842 0.0252687881550128
0.19343547354759 0.11581717187351 -0.0119573327937216 0.0468185591351539
0.0295004626575593 0.261420722337843 -0.0559498657709506 0.0259453091544433
-0.250385869924041 0.0386174869510286 -0.137382623982084 -0.0434144974469126
-0.0504202985612513 -0.230267650921001 0.00592549371667493 -0.18984579189349
0.253990899469454 -0.126224783506791 0.267445506040358 -0.0167443978194893
0.189425975703868 0.168140552747611 0.176004631319767 0.240482994497804
0.0235279222364574 0.30231768304709 0.00203337865692492 0.313137481042826
0.0499299511811127 0.295164578165184 0.0308183197963895 0.225878364437479
0.180840400466678 0.162442010366614 0.118725549260925 -0.0564957300616473
0.148042592806461 -0.0641486470424207 -0.14763785450614 -0.250673924928093
-0.0020388749741234 -0.107287795700926 -0.397002911793363 0.10831135803381
-0.0190005390968003 0.0180293632172286 0.0228939861311894 0.330141160433972
0.0232810707916231 0.0182617390896436 0.185231551838901 0.0105292044387407
0.100061659084455 -0.000397503698044164 -0.0274116208647732 -0.154256266199507
0.0834684953575306 -0.0713327286614691 -0.334512441512441 0.0635453540462572
0.103330572450854 0.101356539285764 -0.0441467854472193 -0.0126185261259261
-0.0356330484351824 0.152356929538809 0.0314400558569101 0.00849567611401411
-0.133079266276704 -0.0352078685416045 -0.119315379737888 0.0504377762729693
0.0373360978101813 -0.11384906546506 -0.0640257787257784 -0.172048485879103
0.152221319209646 -0.0327872900170531 0.267222740597272 -0.0497219224330902
0.0961767906194266 0.107412612807391 0.203586057775329 0.259045610999988
0.00524317990320315 0.188349581490118 0.0119198802430404 0.396043460077073
0.0259227440073215 0.191667009399981 0.0431741414437301 0.320427737169337
0.107152776952271 0.110747640114807 0.161384316533719 -0.00704248328146126
0.106876703361767 -0.0209794172874375 -0.0757513088552472 -0.262378240225245
0.0293161126178568 -0.0820011469919464 -0.376505935170258 0.0281798620955178
-0.00760008364863232 -0.0167481298022864 -0.022389032296478 0.325484565196238
-0.0144425613801571 -0.00246799836160687 0.194307615940882 0.0592285900494715
0.0214766891646062 0.0220321718753499 0.0241055201386027 -0.134639645976794
0.0297702379690279 -0.0243572771372692 -0.326176330307748 0.0771721418705508
-0.0086048677678882 -0.0362580319799135 0.304510856143613 -0.0538776517636426
0.0273144758560268 -0.0266017102110165 -0.0373693310717512 0.114461322501259
0.0167179976901727 0.0125015412130116 -0.198268938864642 -0.0769746989542647
-0.019469140491071 0.0287545465535919 0.0578450899786327 -0.313057559639445
-0.0538917904630586 0.0239886486574182 0.353755078835932 0.033096922355665
-0.0550761089255478 -0.0289160577382998 0.0386209315197349 0.267700663838431
-0.0116848211494938 -0.0604609884977242 -0.183038461392038 -0.0244003263036451
0.00534815828782277 -0.058710630251038 -0.0611470257840953 -0.350967890828642
-0.0190991168002691 -0.0383136509915144 -0.0431808284805798 -0.429383530755967
-0.0292658973802406 -0.00649516254804357 -0.230774034606162 -0.245633822213189
-0.0308803299575426 0.0378434659054013 -0.272819679281689 0.109238669950161
0.0021345213760433 0.0167088042305023 0.0962940018323345 0.176420684387907
0.0247890436532232 -0.00890031144978211 0.118955205527516 -0.100870775473441
0.0293111387263199 -0.0429513289438132 -0.0739387601036683 -0.0261744639658036
-0.00397101536918951 -0.0468059573258341 0.0380714842125537 0.0427933676147225
0.0303419494143537 -0.0705966773130088 0.29331957917819 -0.0269575222640378
0.0689802149674698 -0.0229383265919798 -0.04803654093435 0.10275807303221
-0.00112367460404969 0.0288792301171991 -0.194588106397022 -0.116253271186454
-0.0468612538031433 0.0144726041268844 0.102499136810425 -0.317026009195391
-0.0401148849363683 -0.0479103751647973 0.343671274403231 0.0843859009151726
0.0314054007649935 -0.0451878656818899 0.00230195758221112 0.260469604461352
0.0645828180620456 0.0310822950360233 -0.172990249870292 -0.051636251236064
0.0328147592285365 0.0816033593519104 -0.0553458044296095 -0.339914267275036
0.0214342110189318 0.0920193368505467 -0.0823282670144432 -0.401941656316653
0.0768298179451813 0.0488232918854535 -0.27353426415617 -0.196299222262336
0.0685067954940888 -0.023811319229247 -0.258996090794801 0.161318955098256
-0.00362245604624633 -0.0801598965059043 0.113902887419794 0.150191365823813
-0.0701828164765561 -0.0107677365872548 0.0967367040819576 -0.0978563405924864
0.045846509606563 0.0539360329575573 -0.0579455377534032 -0.0299643248283152
0.0864245010041208 -0.00819810011546597 0.022889640322757 0.0325635840371521
0.088566586457323 -0.0893024502291802 0.283047637999713 0.0148960877026539
0.127776994363292 -0.0127108640769869 -0.0370684705371315 0.102388823490794
-0.00756791480088869 0.0531171154234078 -0.183353010123346 -0.138264466784323
-0.0667062427401923 0.000377384095853479 0.144190215580173 -0.325621474349843
-0.00615070445824426 -0.105757879441282 0.351770135296615 0.113169335499878
0.119257414827821 -0.0263324989163391 -0.00474361966906827 0.249072502974063
0.116187541885326 0.139858093142497 -0.136045046359325 -0.0499282646752772
0.057118985078929 0.208320605283693 -0.044171844647541 -0.276904652218218
0.0962010822088478 0.18639372727705 -0.110029226429934 -0.331452967483817
0.194832030295359 0.0154396519722338 -0.291995214149358 -0.123613998307798
0.0755265951166209 -0.180861089201173 -0.234222590362065 0.20492249373116
-0.147856340008525 -0.117553046204445 0.105760506476531 0.148074091871397
-0.136188101798186 0.109481445752412 0.118783915921834 -0.0523239570563919
0.136088686855741 0.141977661925454 -0.0013884132129964 -0.0741474741714614
0.170616662599827 -0.00653633516487559 -0.0283523878499485 -0.00295892212865208
0.16906248259781 -0.0763591080968976 0.243598669776782 0.0650436473505398
0.212627748087526 0.0431594549965901 -0.0338552697657713 0.129748390980732
-0.00564504649987776 0.129092690211252 -0.176746500350307 -0.119048083602536
-0.106555870470044 -0.000148558674882828 0.154392749796899 -0.294198817021133
0.0403095817994612 -0.157464413227605 0.3345621738851 0.130616242260807
0.200595087159411 0.0211063061108864 0.0052790163604062 0.228353755198554
0.1348815659734 0.246840089521228 -0.0830237859405025 -0.0110989928573634
0.0719313586612153 0.298583386751492 -0.0276360559407336 -0.17350758938934
0.177139538186131 0.224112480357464 -0.093012113961484 -0.241637804128191
0.239809993818124 -0.082919516671464 -0.256554411689118 -0.0893073804353498
-0.0678697511902699 -0.263791216136389 -0.224607289096807 0.212027581858706
-0.270118295189702 0.0427183251074297 0.115812381304519 0.183461250302797
-0.0395721209046985 0.258700806920914 0.188499671016029 -0.0588836308338777
0.267021703717946 0.139896780542814 0.0143552623320301 -0.164853886615869
0.219574912032829 -0.0460014101971483 -0.121612696246059 -0.0268924662958866
0.240683314216014 -0.0184537916271808 0.164135677384585 0.102474760143711
0.257368387734911 0.170717799721789 -0.0704967843093627 0.148323095988522
-0.0806318283868532 0.240915201753419 -0.204556042097157 -0.0872527087669042
-0.200849653458114 -0.0460963630052591 0.0960286279949408 -0.255229560534194
0.112667070531578 -0.225170592425396 0.281035214432762 0.0888348985681848
0.260792182346136 0.087314238039357 0.0482887372992941 0.199028442885178
0.114533341267759 0.325838849245899 -0.033313059054533 0.0741994277567198
0.0765801826720649 0.344313026202483 -0.00800584843831866 -0.0414462492776455
0.2274173714401 0.216849973525429 -0.033191224112087 -0.161441680206467
0.204983192335848 -0.133220949417323 -0.214297140390601 -0.133286614861074
-0.138935694120133 -0.181297762434608 -0.277231939960574 0.177827666125182
-0.163397126789111 0.17631075759009 0.108514610618669 0.21440071547597
0.108442036532673 0.218765680341864 0.193711191726592 -0.0950785993413104
0.303777801181644 0.0488061449062196 -0.0357150068218917 -0.214514925355704
0.206855365511638 -0.0923816720325546 -0.22886219298421 -0.0112357432970019
0.251489341497887 0.0610580985701574 0.0658320896072789 0.096494381024709
0.173237355974519 0.279116851951074 -0.101501542694498 0.0979879309465754
-0.232807533861961 0.210278404174999 -0.196622539117732 -0.0887034018053995
-0.208823119048814 -0.190132039655476 0.0460839594960666 -0.234278813163715
0.217999459159484 -0.237461249720427 0.262855447209051 0.0153878214150266
0.258078159060374 0.148883871046894 0.123964281920324 0.19954235854386
0.0674721966179044 0.346530600930019 -0.00224108108069358 0.192000242089793
0.0731542916328527 0.340571617398887 0.0135325758143222 0.0979439496995559
0.226632150811714 0.18899519431772 0.0440672726825144 -0.103205571340125
0.167369945530874 -0.108772176051837 -0.191154704344326 -0.201395022737138
-0.0726199605539043 -0.115323186508188 -0.35730788758584 0.153643080052881
-0.0430436423185241 0.109258358794276 0.0648675467294852 0.27626899390338
0.10086996829537 0.0844219350358512 0.170782648055699 -0.0570495963421275
0.213711361398111 -0.0120681892683385 -0.0630434211839225 -0.188618596480806
0.14712075183094 -0.103088513793213 -0.30097111216486 0.0335672695922553
0.192850622647611 0.107609608418883 -0.00957175537896006 0.0462727362666061
0.0359827981234184 0.255608002438924 -0.0539639115379384 0.0269975736754342
-0.245967177055407 0.0439558118465174 -0.134605467733692 -0.0393341938267357
-0.0553467597938587 -0.225220515661211 0.00115736586818433 -0.185552503683066
0.244790906730693 -0.128801088096442 0.262522041649185 -0.0223098990094671
0.187045182696317 0.160563715840224 0.177764544684747 0.229740732013091
0.0276217612486865 0.294146993027908 0.00931700151259655 0.307362452731779
0.0558830832340399 0.286901858061026 0.0348796005839224 0.22174509528989
0.180081568342228 0.154802967326353 0.112961267458491 -0.0568500969938185
0.143578736280092 -0.0657082687051808 -0.150784319023299 -0.240518877089003
-0.00419085056169828 -0.105979299947068 -0.386095918309602 0.116778558184004
-0.0195246979975312 0.0174986778417714 0.0314197850245224 0.323074053995181
0.0213983801191635 0.0178134529213207 0.183341297434867 0.00591583319624484
0.0971418213781795 -0.00287791728349947 -0.0301677300225545 -0.150614500008787
0.0783611801707371 -0.0713350815603475 -0.324402237058555 0.071400179034475
0.103451238052191 0.0964677161705315 -0.0442316681697517 -0.0119090649549316
-0.0327045111798545 0.151463399856322 0.030725958642174 0.00635890724959505
-0.132715744869323 -0.03139905279393 -0.114409679294671 0.0521306922282452
0.0344829959599972 -0.112811714301944 -0.0661061513047733 -0.165463275287386
0.147630876875237 -0.0351882264056148 0.261420259491933 -0.0532031886084989
0.0958997276894745 0.103018225047151 0.204045008143967 0.24844289671932
0.00746125248845554 0.1837685602093 0.0208720113429615 0.384410878860208
0.0296147914379065 0.18603033524627 0.048047860128361 0.312527765800602
0.107115481662288 0.106058907757032 0.155722468187487 -0.0083857312367148
0.104580802762929 -0.0227854409999512 -0.080912172277717 -0.255005547135594
0.0259501455092658 -0.080991369218318 -0.368151742835633 0.0387817949487998
-0.00939066680558546 -0.0167001153277186 -0.0119724633750774 0.318217025000628
-0.0162555903598448 -0.00232430399020708 0.192509524923454 0.0522899365552336
0.0226800154565207 0.0217962567663335 0.0199329118892464 -0.132675335660119
0.0278111929128812 -0.0249279853930365 -0.3178421966426 0.0837372380371633
-0.00852038089608015 -0.0347999196244334 0.300279690679144 -0.0558394647143596
0.0261207659841888 -0.0267275793712968 -0.0369363315519528 0.114613769680578
0.0169998701417182 0.0124711279192617 -0.197700280176068 -0.0741018259193775
-0.0195125549987232 0.0293822116700975 0.0550280721931621 -0.310788110514796
-0.0548153043464565 0.023644378321101 0.349472641031629 0.0292765202221578
-0.0561162223852394 -0.0278238941872948 0.0411646518654948 0.264415765081782
-0.0126547037927072 -0.0601035510873214 -0.178862794055437 -0.0244791609435722
0.0046963404353592 -0.0576955299883945 -0.0613992577026092 -0.347586678077957
-0.0193388972857173 -0.0369045138400264 -0.0452446611576434 -0.426377636985039
-0.03021343060022 -0.00587494503511071 -0.230689242796112 -0.24203502245052
-0.0303740517998614 0.0389112687343845 -0.267451037067548 0.109984807545922
0.00162490922076632 0.0170713986178026 0.0959991993920114 0.172899678587282
0.0231111457578901 -0.00832273853457125 0.115193301846981 -0.10089087790918
0.0278865986230232 -0.0435735856475058 -0.072925773667219 -0.0246963956879174
-0.00550601572696057 -0.0463508951137005 0.039146880489746 0.0419206490417549
0.0298459170589632 -0.0697877616283726 0.290358083043935 -0.029176227296552
0.0678985568901275 -0.0228240996894624 -0.0475741552558331 0.101946447466703
-0.00182943932333117 0.0290587640524156 -0.193355617174651 -0.113368766342487
-0.0465227073494913 0.0154351906510727 0.0985096780754385 -0.313926591099868
-0.0409515167584801 -0.0473686639482047 0.34068941664886 0.0796731999063393
0.0299881733178541 -0.0451413129947018 0.00447492822496023 0.255727403455662
0.0632257392324069 0.0301404009473879 -0.169685965132449 -0.0501343189345764
0.0321149554881451 0.0819768375474481 -0.0553722843197521 -0.33716699788589
0.0206625352919657 0.092050910697639 -0.0837264285927019 -0.396700572700454
0.0757791941151506 0.0485707438914727 -0.272220973040397 -0.192846727216937
0.0670052008847929 -0.0235434923121071 -0.253881898327288 0.162284717560034
-0.0056683016097533 -0.0780170515210512 0.113428280948739 0.146453054886765
-0.0705389098604826 -0.00863512296937347 0.0945582993302979 -0.0969173584001111
0.0457787708300184 0.0519478324095482 -0.0563483992579457 -0.0292629393546311
0.0852679568711203 -0.00921777482740084 0.0231097508522474 0.0318068736855554
0.0868745925283513 -0.0884186406525882 0.27919357621071 0.0116502383565716
0.12591524712531 -0.0136396827960041 -0.0360177827354138 0.101882131844281
-0.00821881967576442 0.053387660994209 -0.184094493286195 -0.136212013335227
-0.0667335733299238 0.000534217161060407 0.138642276926354 -0.323519034968299
-0.00689574347283712 -0.104728060041863 0.349590788136786 0.107484787978996
0.11682382725917 -0.0256149335347899 -0.00162448667855001 0.244822936242599
0.11539575087542 0.137855499585166 -0.132454511370903 -0.0488487817555149
0.0569525960819432 0.206110674912146 -0.044273449705186 -0.274641844349583
0.094013928068376 0.184245690829092 -0.111160386111697 -0.327706535628644
0.191613322960218 0.0151596388311621 -0.289733038049291 -0.12028490085649
0.0723472063688701 -0.178816852091832 -0.228739745117566 0.204824825917032
-0.148345268083569 -0.113773001392857 0.105870624609341 0.145231082253156
-0.134318521523251 0.111335267968657 0.117830083404975 -0.0529596215939257
0.137240848546315 0.138307159254661 -0.00186746344736272 -0.0732801504298705
0.169257422385252 -0.00850525747330903 -0.0273069499922531 -0.00207420478896793
0.165906912090735 -0.0749330835942894 0.24165363337777 0.0615096956828365
0.209344618204517 0.0400786043279438 -0.0318436078629817 0.127927452491565
-0.00487835520845371 0.128870833998307 -0.176703652742128 -0.11626867907991
-0.106542516846417 -0.000215605400678204 0.149125101180547 -0.294550282570761
0.0394321929289162 -0.155198666926085 0.333570123755933 0.124936429588089
0.198100998801483 0.0215539839360627 0.00900986652218252 0.224678066757042
0.13347836674852 0.244153140844107 -0.0807644755216534 -0.0105648529674791
0.0722413238505605 0.294594520931258 -0.0292215596526016 -0.171842922712423
0.175374309571577 0.22138061398425 -0.096750523769456 -0.237940928294156
0.235542574229119 -0.0819222159328265 -0.254564157090126 -0.0860412366458014
-0.0694616019895581 -0.258924131589966 -0.219977422785179 0.212463912270374
-0.266502505228969 0.0465742882498386 0.116648720504004 0.180118354339208
-0.0368893071885499 0.256933892029676 0.185307207152628 -0.0610178515547177
0.266146235418583 0.134843261699347 0.0113868600495646 -0.162916371192137
0.217032635855371 -0.048272772691142 -0.120856057385412 -0.0249665288161077
0.237666377479411 -0.0207058424004037 0.163685132163311 0.0987759676059791
0.25647698544425 0.166335484729579 -0.0687655867166159 0.147975283194532
-0.0772722319984103 0.237572253349012 -0.202775426652019 -0.0837678450613628
-0.197237622809197 -0.0454857692029443 0.0911555233458843 -0.253995860681244
0.109958954753594 -0.223488180612957 0.28088383753506 0.0847842074797164
0.257527220149337 0.0853650718490115 0.0516803046897204 0.195975823278417
0.113164288503523 0.321702252308824 -0.0314547145183625 0.0740380002985667
0.0770393633798651 0.338666957334942 -0.00838676451442334 -0.0403360212632944
0.225673891566462 0.212219567286789 -0.0358270942150619 -0.15843346263997
0.200456194619191 -0.131442116638652 -0.213217084772132 -0.129520679524813
-0.138999849134775 -0.177827518490504 -0.272298211541133 0.18055966521176
-0.160302878347582 0.175901651023473 0.110234869334514 0.210806466736401
0.108272436410567 0.215700563835248 0.190513512671312 -0.0959975956287858
0.30056344358959 0.0433499988781815 -0.0380519447542355 -0.211685782861731
0.203369900379677 -0.0946891822787272 -0.22668418260036 -0.00645963184712775
0.249521599230401 0.0574604340717083 0.0665786881129225 0.0943344968528876
0.175214525562531 0.273649273936222 -0.0989920964681683 0.0979395177483059
-0.230403062310325 0.210431438763636 -0.194948589125457 -0.0855321125036214
-0.207551146282524 -0.186684900757144 0.0440877683225457 -0.233191221604393
0.213627793452465 -0.235268399601584 0.26121023444977 0.0132048861073358
0.254275840250477 0.14591285534396 0.12446827948678 0.195580003902319
0.0664233693560248 0.342968870511773 0.000716890088030805 0.190932590301662
0.0721857184702056 0.335334579264357 0.0137034893942854 0.0980272152166503
0.224592558322021 0.187069757421876 0.0415199388468635 -0.101261153828057
0.165557516899813 -0.10773490596663 -0.191850926236944 -0.197679414692123
-0.0727931043245925 -0.113641225541468 -0.352427245717732 0.157152391745345
-0.0426366802391496 0.107160320740892 0.0679523216032553 0.273162064327938
0.0987765206689447 0.0820506039516521 0.169400358365069 -0.0589444152397864
0.209767939182176 -0.0158889263916509 -0.0645457486584691 -0.186180851053088
0.144193895869819 -0.103366896120055 -0.296958481001524 0.0386041053857832
0.192774332087971 0.103203729736843 -0.00920011052268612 0.0457823511875509
0.0383768073470682 0.252205465397236 -0.0531329058745224 0.0266621360706512
-0.24536504735543 0.0479084468959342 -0.132772813667622 -0.0376481489487941
-0.0556444997846081 -0.222689468534635 -0.000286116311273936 -0.183235146026172
0.239285109999882 -0.12894109472199 0.260402920112335 -0.0240663204262428
0.184720732970083 0.157155657114617 0.176469948225079 0.226444472410952
0.0270641916947444 0.291750749643868 0.0124862572260883 0.303525529623575
0.0564211655502798 0.283831087948433 0.0352018635841019 0.22137616365533
0.179343369768859 0.151071103100653 0.109097299736065 -0.0547825789548373
0.14185631811613 -0.0658963814091074 -0.152099211672548 -0.235284938198792
-0.00588067195122637 -0.105184866723951 -0.381177814108553 0.121059712841818
-0.0204090061560254 0.0158090398270117 0.0362540984283531 0.31833834680595
0.0198270107084851 0.0170294195411206 0.183257249567419 0.00409712547427506
0.095901974158645 -0.00407599594575487 -0.0308629860907366 -0.149036363678934
0.0762507803999211 -0.0716519126371442 -0.320545830543446 0.0759865596483956
0.104082981771612 0.0943198135867597 -0.0440960406566701 -0.0101177779810814
-0.0290124888617161 0.150288651204818 0.0290875642634236 0.00565846433668607
-0.132466073299553 -0.0288346716854793 -0.112335818480929 0.0517557032355991
0.0329020625836268 -0.112924025626942 -0.0663955311708821 -0.163524992142588
0.146344492560273 -0.036742870535335 0.258081959652703 -0.0530407394657269
0.0943042931371021 0.100349817631067 0.203819761938614 0.243806821308177
0.00734087323014336 0.180827299007601 0.0227649042355418 0.38060790212343
0.0311271071842673 0.183173087716691 0.0498508584380365 0.310695961518725
0.105922758834086 0.104894849142936 0.15072833975351 -0.00742147794151491
0.103110042582508 -0.0239674527778281 -0.0836521586973833 -0.250299186824222
0.0240154616375522 -0.0816541627196107 -0.364542697681333 0.0433451930556849
-0.00942029840724889 -0.0173971049586259 -0.00789755079899085 0.314855095373531
-0.0166073178996093 -0.00217057989760321 0.193362933815531 0.0497918668986877
0.0221877806823584 0.0210652065947254 0.0192211177945307 -0.131605551081916
0.0273122811062575 -0.0254727678537419 -0.313083004537281 0.0867665490585041
-0.00935946195793099 -0.0341091504219994 0.29818016511746 -0.0589877323267681
0.0256948636448045 -0.0270861328122628 -0.0360753313239292 0.11484815799484
0.0165660769059268 0.0119858639367083 -0.197371328953691 -0.0712109192795629
-0.0196631422069507 0.030186365611306 0.0499824777833235 -0.310159778540889
-0.0549324144947902 0.0247394660054494 0.350057949463524 0.0247797584922059
-0.056925550098906 -0.0272583822121077 0.0446743789208894 0.262532714943701
-0.0137521447461524 -0.0593276592205308 -0.177039255097337 -0.0236618514893461
0.00300358300517493 -0.0570299774560836 -0.0644291716186216 -0.348346775161965
-0.0198552244312788 -0.0356116577291971 -0.0495202813260226 -0.425147540952379
-0.0297290241249903 -0.00571304203322262 -0.231351643236944 -0.239925811417225
-0.0291316912661313 0.0398384236800703 -0.265566687265232 0.112746685820318
0.00110746492628997 0.0172851546384154 0.0981639100628971 0.170696742530443
0.0229276367980138 -0.00814772018265325 0.11431631418895 -0.101233423160209
0.0267469263215476 -0.0432640368179787 -0.0724882103763396 -0.0234059376282766
-0.00722576845086957 -0.0463127410187558 0.0420315742043809 0.0410171871028846
0.0281700072279192 -0.0693572472186308 0.288431603504832 -0.0323671297847542
0.0662742957907744 -0.0232901139425686 -0.047697517232421 0.102558558279971
-0.00176271692356277 0.0303052995504441 -0.195673418944374 -0.109763226868955
-0.0478572373556549 0.0154281137462025 0.0921571184889608 -0.316257647051879
-0.0423941913598828 -0.0463967796343057 0.342361546502217 0.073903859773757
0.0293266435501573 -0.0440715265889441 0.00737130296083588 0.253508287146841
0.0624532607570767 0.029656055109418 -0.167691650655384 -0.0490543367109154
0.0325611595187298 0.0820335614368477 -0.0583551046683084 -0.338056207116675
0.0209863772139891 0.0924922294826571 -0.0868449899127462 -0.398540208646303
0.0747524592605739 0.0482522655732986 -0.273407393536525 -0.189132226955406
0.0667721660007677 -0.0237290436759802 -0.248534653601497 0.164677662628787
-0.00780105798098953 -0.0775432036289423 0.115536997132172 0.143731934853662
-0.0713881894586375 -0.00707547314753769 0.0927112937675419 -0.0970491556138721
0.0471039339119969 0.0514424200382413 -0.0565785391175418 -0.0286661166888346
0.0856553455457469 -0.0102422862033386 0.0258678790138659 0.0312933566567446
0.0850885793835841 -0.0882962204267376 0.278490060355335 0.00833304909452472
0.123867757360921 -0.0146966339283599 -0.0360460733858769 0.101855738446376
-0.00961384761302011 0.0540779970688403 -0.186380093659046 -0.134291707482338
-0.0675808929567274 0.000798003735502999 0.133067587552324 -0.325607169918513
-0.00829279812419361 -0.104404816859489 0.350945414174864 0.101962293874887
0.116339172619 -0.0259913173018902 0.00133541287608289 0.242432018247295
0.114427514620252 0.137551697508815 -0.130569661554698 -0.0481065117219977
0.0571824168503479 0.204779273373811 -0.0459324020128818 -0.274819333314639
0.0946567719932003 0.184195587752034 -0.113937788264979 -0.32751809831383
0.189447196585498 0.0143035494389787 -0.291124822497319 -0.117215880193166
0.0692511137162714 -0.178754201811167 -0.223996907411801 0.208491081991585
-0.151053152143529 -0.11084395930655 0.107563284826802 0.143175817662744
-0.132388761481512 0.114442270558328 0.116612621803956 -0.0544683554564798
0.139397950064916 0.135939568640127 -0.00302256717680923 -0.0738626349466722
0.169380849078966 -0.0105966279323058 -0.0269438642523478 -0.000804787969493545
0.165559778162918 -0.0764882221216839 0.241930724877592 0.0584378715002719
0.20923579210331 0.0372808007814225 -0.030476967630609 0.128153649297052
-0.00481619314109585 0.127633382350937 -0.177458053902307 -0.114528285066661
-0.105580366461223 -0.000449777465939443 0.145115585272416 -0.297362941248233
0.0385319918399847 -0.155240270761195 0.334803480813494 0.118860547161084
0.198767077034162 0.0213804938994613 0.0120954780520773 0.222982057552151
0.134313524294264 0.243292571650521 -0.0794628131397823 -0.00925560695898456
0.0724104495109644 0.294195607980992 -0.029095312915977 -0.171641764436292
0.176269875217398 0.219847133091286 -0.0981163416334557 -0.236577983754029
0.234261716179766 -0.08300557246372 -0.256136258112824 -0.0826583709953056
-0.0729492196688459 -0.256708944113639 -0.216539803825718 0.215499618884276
-0.265491694796438 0.0504356424044837 0.119142766885254 0.177821400758313
-0.0325202681916286 0.258543798283514 0.184534693933261 -0.0633661765330352
0.268696402469996 0.129386938993866 0.00919253905683489 -0.163636226481404
0.216692047646199 -0.0506054191957955 -0.121063281207208 -0.0223953251014466
0.236716536102181 -0.0239552736766003 0.165807730423889 0.0967501930409454
0.257148252827086 0.16237398682214 -0.067181834615233 0.147597525247402
-0.0753178026496963 0.237611814817822 -0.203295137938228 -0.0823181957822234
-0.19743641391401 -0.0435099561475139 0.0896431603111096 -0.255709755051608
0.108830589604017 -0.222059590459219 0.281143397664046 0.0792105121658364
0.25739968075572 0.0843979162961193 0.0543941420257927 0.194911541359258
0.113737152116192 0.321236133768875 -0.0293578990403276 0.0741761346328641
0.0781388976446712 0.336858417957093 -0.0086816670668617 -0.0398844293856036
0.22666461520267 0.210887069495497 -0.0383395757621139 -0.158502525393259
0.199896322471778 -0.132009942442002 -0.214584100366552 -0.127426910409411
-0.141691483263255 -0.175236502657215 -0.269193978968071 0.185090973177005
-0.158045910625157 0.176541127896098 0.113071718987683 0.20874218282814
0.110443133395951 0.214573578654718 0.189482249598949 -0.0982516982437694
0.300888275737453 0.0380294025341922 -0.0418540417039624 -0.211607841115651
0.201807969697365 -0.0975451329866488 -0.226083367350548 -0.00185409423236623
0.250928511695048 0.0525366718529585 0.0684749483758609 0.0940551005680065
0.17929172933373 0.269797351899648 -0.0973207092387376 0.0988062582229208
-0.227306621001248 0.213141433173186 -0.19530200371077 -0.0835658432793127
-0.209638549837361 -0.183083988103509 0.0414146081728225 -0.232140753426683
0.209545298826352 -0.235956855072204 0.262939836407697 0.0094813237707949
0.255115307065856 0.145193246020653 0.128025499550957 0.193992657165204
0.0671320373570742 0.342677504781214 0.00275222383490085 0.190651534397916
0.0736912483935302 0.334123379804956 0.0150435160110484 0.099107126208882
0.225941827106668 0.184255318252495 0.0388434389308837 -0.100503279997003
0.16465193156083 -0.107898014185726 -0.193498597182237 -0.193926355287827
-0.0743597284382399 -0.114661465069978 -0.350063553269925 0.164787725241165
-0.041767399382594 0.106123587986255 0.0740675664063479 0.272127714203378
0.0973700872844633 0.0797235102170404 0.169842378407192 -0.0600221440498749
0.20828722814173 -0.0185772705457046 -0.0673414654096412 -0.184593515433984
0.141918537266416 -0.105372237883745 -0.295905399034497 0.0442419134824117
0.193510932335089 0.100015047943591 -0.00882946351819625 0.0464657217613258
0.0423384583893719 0.252389821380622 -0.0529771419988325 0.0271266726801978
-0.24615560003636 0.0518505288385266 -0.131560655530078 -0.0360939475120309
-0.0583748814318706 -0.223215012053795 -0.00265279180508586 -0.182402985930737
0.238254557246109 -0.131687976565549 0.260805143289076 -0.0277904312789035
0.184157717893639 0.155377222552613 0.180056630822304 0.222870288155411
0.027506788706374 0.290380837182234 0.0144726877847221 0.302604187398749
0.0592774481833822 0.28105810903065 0.0370342856457457 0.221459782988698
0.180318763621172 0.148897796570081 0.106067525942892 -0.054442604463652
0.140944948022206 -0.0670072994850832 -0.154411454294296 -0.232591074715883
-0.00788399600849553 -0.105783999070751 -0.378297622231635 0.127433662631318
-0.0202115192266675 0.0150040762762791 0.0413438339463481 0.318256007912878
0.0185862238124183 0.0168092632034031 0.184874915150564 0.00170262443033136
0.0952733407097292 -0.0054217227745796 -0.0327592412834511 -0.149151413143625
0.0754801343822044 -0.0728786382877923 -0.318605747344557 0.0816168332306064
0.105262427891686 0.0921480969967153 -0.0448269820691846 -0.00932462755626727
-0.0268894101764958 0.151402756236172 0.0294912805324079 0.00421028003232707
-0.133990550163164 -0.0261921399980446 -0.110182586108435 0.0530292240239445
0.0312626419279794 -0.114048741929659 -0.0670257609111509 -0.162970611031868
0.14504439805631 -0.03811274383469 0.258511019154265 -0.0560412368477032
0.0939386490946965 0.100014141772103 0.204327043776523 0.240599275236617
0.00731925798557414 0.180519013744492 0.0251929784471572 0.378307219148949
0.0327188968181073 0.181678175467813 0.0522176337471868 0.311122397524849
0.107156087719027 0.103257904901635 0.148746772074098 -0.00640910075678391
0.102694048285066 -0.0253297852168162 -0.0862847227522046 -0.248914143212243
0.0221835794981794 -0.0821042200887367 -0.364155444630855 0.0496952386023419
-0.0109925443167926 -0.0168177471075046 -0.0037113573059439 0.314487086221441
-0.0176571739905475 -0.0013557801648293 0.194967713636161 0.0464148315506816
0.0230488306041119 0.0204376498825776 0.0178612120488766 -0.132336203486119
0.0269526139827831 -0.025457948375459 -0.31191276269442 0.0933715993107048
-0.0166125021710283 -0.0318514896662377 0.290549071511028 -0.0950239471068803
0.0214191086749957 -0.0304501084520419 -0.0204126962951205 0.118193928431513
0.0189022646093889 0.010195745079916 -0.206248931213681 -0.0451523981310691
-0.013705457045775 0.0359706341143522 0.00868343019571171 -0.313985672505527
-0.0531652115018001 0.0351875057353309 0.351052082688416 -0.0229278261432504
-0.061221747293921 -0.0181090311250178 0.0804566840275494 0.253546190761649
-0.0221891452577067 -0.0572724200720657 -0.1775650418162 -0.00118779425594233
-0.00436713021129736 -0.0555466691649613 -0.106688574928787 -0.335773062111039
-0.0251672276414811 -0.0285937277461424 -0.102224669483898 -0.418541523283948
-0.0304374104732816 0.00273498522821352 -0.259461892651017 -0.211001325000377
-0.020315740370403 0.0450869527530406 -0.250058263967074 0.144105535500967
0.00508530225579383 0.015086129557534 0.118830554734062 0.158400200689034
0.0189376482539441 -0.0115603943656396 0.102581044731382 -0.114079988586975
0.0190129049247491 -0.045956878106047 -0.075436945060779 -0.0150177816999392
-0.0141496254222636 -0.045444556623384 0.0497516603734627 0.0353586583643245
0.0153311201246523 -0.0709618628152561 0.284039641664968 -0.0670955048141748
0.0618849646533707 -0.0336002044758689 -0.0327437061185002 0.107512455509916
0.00277902915390429 0.0310489901822715 -0.208233807440681 -0.0841573984809002
-0.0447668561330476 0.0245647889298326 0.0505705740321722 -0.325536976020746
-0.0511996882068121 -0.0373181752231287 0.349199280984065 0.0279117055701291
0.0207950609725664 -0.0459852592545411 0.0434563678264636 0.249414766722074
0.0637150227813339 0.0207756187794691 -0.17121290682359 -0.0282033579725136
0.0414543324998759 0.0778518120155222 -0.0989136381140599 -0.328410913707372
0.0322708869925456 0.092379310158475 -0.135865937900587 -0.386326350452323
0.0806928407376453 0.0402710369577643 -0.296276637454723 -0.155680189422176
0.0651166707528997 -0.0318893529531294 -0.228401756710561 0.19560627487665
-0.0189438936692614 -0.0760370855594832 0.133356045580599 0.130029012112192
-0.0726110254525121 0.00444862643230368 0.0813336689060661 -0.109016153024399
0.0534384297988076 0.0438477285393155 -0.060511532589254 -0.0220081265184649
0.0828781818443884 -0.0243407522743577 0.0314108546026885 0.0291424927079405
0.0701786058379841 -0.097570918357536 0.278532194676869 -0.0265807211543372
0.120213291679831 -0.0307941565019176 -0.0230884495361808 0.105032877859974
-0.000619166617517455 0.0558628872297106 -0.202340847970518 -0.109280862913186
-0.0664015217929304 0.0124834964552063 0.0882571261213404 -0.341565263032893
-0.0246627353302088 -0.098771782148951 0.362265852494264 0.0518972620848184
0.109918767710967 -0.0398319416656261 0.0358522956696382 0.239029562515778
0.130656894421589 0.119508280356327 -0.134284352529185 -0.0324656546126973
0.0825439832917408 0.195840855544566 -0.078905787275665 -0.266777824315604
0.117944074112311 0.171848791834415 -0.153662836747157 -0.312799646031098
0.19028305005333 -0.00926536542945914 -0.304245332079474 -0.0817833097703661
0.0454420852590084 -0.185540313446984 -0.197402138633864 0.236804353458885
-0.164475946354571 -0.086271568755506 0.127576924166223 0.129233744536529
-0.113464736318886 0.133519680412532 0.110221903480612 -0.0702230586711508
0.157687117928655 0.112660121776857 -0.0129142350576975 -0.0729420088038641
0.166371402219531 -0.0361408131779986 -0.0258672499854563 0.00356979229865932
0.149058619604275 -0.0984519442700055 0.249507519705427 0.0268125415221345
0.210828023219357 0.00785782227360515 -0.0136373955859941 0.130414944362164
0.0131099330556696 0.126722787718749 -0.192470853637197 -0.0913811421753169
-0.103337888195565 0.0151249729770425 0.104887747338604 -0.314966810792657
0.0136951725797831 -0.1553489259067 0.34937026088578 0.0709658984943542
0.19791452999053 -0.00414181618513362 0.0437862839796297 0.21686559234359
0.163335751078718 0.222512179817043 -0.0774837197377729 -0.00091657358370894
0.110079294069948 0.279452225592042 -0.0500296820210734 -0.165884180337404
0.202347192584482 0.196505477467732 -0.127674055815112 -0.22490862482728
0.219576387502865 -0.11114336980732 -0.266112656666914 -0.0519897202899923
-0.105321395160055 -0.241655164108602 -0.187206690393454 0.243546634658373
-0.253118365647817 0.0886433438594541 0.142241637699595 0.162084736309638
0.00592416753653519 0.258960589426904 0.174673775718589 -0.0867557990134771
0.283686115600684 0.0857888698766474 -0.0128664421810469 -0.163121057556226
0.206773667766038 -0.081223461403607 -0.123343721398342 -0.00483899892006121
0.227690274410257 -0.0557881532972178 0.178412331956966 0.075846286362019
0.275360274067895 0.122923803574913 -0.045194887894387 0.155013218368222
-0.0413452783721923 0.244428124655054 -0.212163045868841 -0.0546528102533092
-0.197685754425432 -0.0164388298079927 0.0540011257696444 -0.266635364519116
0.0737461679326833 -0.231517817794035 0.291778359115292 0.0392991356116763
0.262657389458081 0.0501447887348714 0.0809463501772354 0.184100584805883
0.152539065141535 0.301587452113638 -0.0177354944313008 0.0766784399281351
0.119733101134221 0.320108481234085 -0.0127782912205719 -0.0386617066382348
0.251725187985082 0.17885562131202 -0.0593112068805726 -0.152260147406514
0.179391564787994 -0.15395692736298 -0.231126012701719 -0.0997191994721734
-0.160380817733612 -0.151579939874489 -0.244753365226546 0.218911124833472
-0.127431773203914 0.194117399488058 0.138401243985533 0.194856620337907
0.137263206647007 0.191778348382013 0.175832502360841 -0.120572314331067
0.298994271366323 -0.00957340185979091 -0.0687043291625897 -0.204463833770545
0.184797052007968 -0.120869074140599 -0.225284355476427 0.0288926888846033
0.253211686917031 0.0181004279009521 0.0828077850508651 0.0840926829483826
0.214354401775862 0.240931976428154 -0.08261972085177 0.111851734695907
-0.194127174081341 0.24274809126861 -0.204038655796082 -0.0566126409178619
-0.229262311391485 -0.151445187127703 0.00967578891404089 -0.236922099979433
0.171746090979836 -0.257517126579431 0.263477230662557 -0.0268040248439235
0.268263976795745 0.109740974785388 0.153831324091403 0.173326195898715
0.109615926423683 0.329211445128113 0.0294762562540549 0.188585197922704
0.115790897751036 0.317518042863964 0.0282119988521389 0.0954312668767784
0.24675453898742 0.151851487305593 0.0247921962836159 -0.103830762703719
0.147865065718969 -0.125938709357409 -0.218476520156189 -0.168034093889629
-0.0861169534617452 -0.101623724628023 -0.329892272423522 0.208419610163862
-0.0241887446756827 0.106531529365837 0.108387720517019 0.264250672255903
0.104258073982809 0.0620273323943708 0.163202315385776 -0.0806727042315234
0.199788233854465 -0.0512793355606831 -0.0897875254033492 -0.174727726919407
0.125758729853374 -0.119596643247971 -0.2884576719605 0.0840371120598966
0.204512061646617 0.0726975741153281 -0.00133080807646004 0.0474440431480009
0.077396897177621 0.242723881315856 -0.0496836156929317 0.0339917254297692
-0.23456773536026 0.0864056943618875 -0.136362518855937 -0.0191270797060693
-0.0877849852054045 -0.210869967409357 -0.0261964647375241 -0.182629796981127
0.214587342813697 -0.15872650896233 0.255303358829754 -0.0611885745912905
0.200419051004112 0.129984221379695 0.207641687860515 0.19591140852657
0.0646241528314446 0.281862617065921 0.0558629233713867 0.297891805746707
0.0946344982739428 0.267402285590602 0.0645233200133689 0.214201772510216
0.19701745830126 0.123493180628516 0.0974222249174564 -0.0661056178760074
0.13050663025673 -0.0820142803826403 -0.183716229348583 -0.212005714281336
-0.0204299644164406 -0.102180936641391 -0.362561090596373 0.175504525135191
-0.0159903967868339 0.0148552381585435 0.0817410209745934 0.312624469800882
0.0182349136944573 0.0112656327424644 0.18656190898056 -0.0209223832471817
0.0903361571804752 -0.0189714535707157 -0.0511047715543197 -0.144641635107563
0.066099252705837 -0.0767257618548836 -0.308390740765797 0.122493720121431
0.116791671875217 0.0770185043480742 -0.0460019091667613 -0.00299742956796546
-0.00551315598762726 0.152748337473525 0.0293617981165419 0.000105415624722304
-0.134986028643201 -0.00723350747816448 -0.103458387241848 0.0659942920817049
0.0167041155379813 -0.116707477863883 -0.0876136958649092 -0.152611950583665
0.137652057262523 -0.0563083748966901 0.249652381339786 -0.0895913667938729
0.105910542680556 0.0867716801961953 0.233620887904502 0.21068693788334
0.0298796329173855 0.176935204025003 0.0726576710869301 0.373025474497036
0.0562372670405565 0.173638652670067 0.0900883714878186 0.301387022591675
0.117533030554462 0.0867701904562921 0.145666107477254 -0.0228961122431504
0.0986633330288041 -0.036323928064126 -0.117474613462626 -0.237178606776271
0.0120482098450722 -0.0820552658861515 -0.358066192603253 0.0967674914657078
-0.0107076799013954 -0.017587200135768 0.0356875256757517 0.315338351383425
-0.018888794569984 -0.00145253389060969 0.202711747645154 0.0212572017458638
0.0239601049380188 0.016763734052005 0.00123106650335472 -0.136466098299134
0.0262049134044933 -0.0225280919970916 -0.301008506960223 0.131563010614887
-0.0169268667291483 -0.0311405009638812 0.286415317227867 -0.0981941103130413
0.0199000043571222 -0.0306319588026211 -0.0185437966376557 0.118346220465503
0.0185858817641785 0.0102479890322291 -0.206156158459078 -0.04190320080937
-0.0143139869832549 0.0356088387719331 0.00250573164963762 -0.312059101006623
-0.0524879183728888 0.0364880907677647 0.347975026197828 -0.0286302411147693
-0.0616047567148393 -0.0162703087421942 0.0833859360005584 0.249546246733128
-0.0239565697920293 -0.0566137159783385 -0.175293404087232 2.50671115287851E-05
-0.00564778161827273 -0.054867873417166 -0.109698250992773 -0.332082681445129
-0.0257694355431845 -0.0276043784029737 -0.108154932390518 -0.413942844509554
-0.0301970378099674 0.00247714567423058 -0.259526118377404 -0.206493767651383
-0.0183444932027338 0.0454149868551393 -0.243888497833394 0.145465635563606
0.00487834174621102 0.0157213081525474 0.120329425894679 0.15451441234299
0.0174235038828166 -0.0106995704322858 0.0984788904583793 -0.114284379968989
0.0178345383218068 -0.0457985715947498 -0.0741439258641568 -0.012936840214146
-0.0152383509522989 -0.0445294019209926 0.0513572080838065 0.0342007156005318
0.0145088018199348 -0.0695365395026828 0.281229229605881 -0.0704386147340416
0.0599321387398489 -0.0336088597275303 -0.0312107774673599 0.107539637651933
0.002830297724687 0.031848509947076 -0.209452567541192 -0.0796706397330453
-0.0450401402521412 0.0255801338628229 0.0441108740955558 -0.323668839520169
-0.0525551147608593 -0.0356778905890247 0.347741351630652 0.019951516466076
0.0192899752688362 -0.0449878227508684 0.047952037837088 0.247091144636645
0.062774256125272 0.0199891586571925 -0.168299993801701 -0.0260899278482623
0.0417513982679028 0.0765440467839719 -0.102370194366777 -0.326566920116193
0.0321422615826453 0.0915819680824226 -0.140224566796137 -0.383054959308489
0.0797475562923096 0.0389753924332844 -0.29544190076527 -0.151247748821113
0.0634510908881724 -0.0319587312726632 -0.221658706277097 0.19679016957627
-0.0210671199352048 -0.0738879048014045 0.134147453879598 0.125481326834142
-0.0733016599336177 0.00675813368804663 0.0791526334747579 -0.108896787678266
0.0541804093454214 0.0424129574061015 -0.0592531676015119 -0.0205877472150472
0.0813997804897019 -0.0263061645685048 0.0336042187091467 0.0280314594249239
0.0670314207574718 -0.0970305038041994 0.276636603207039 -0.0312704286608809
0.117175256691368 -0.0327906622251851 -0.0215082215018639 0.104543030146011
-0.000242599638427041 0.0565340665935071 -0.204359914289324 -0.104947628680812
-0.0660820280589484 0.0128313804565773 0.0807562936430994 -0.340287709894596
-0.0269927578014249 -0.0975745068573116 0.36117339986975 0.0449206400003459
0.109495321874959 -0.0400424868326911 0.0409910552669232 0.234972030386551
0.1296743720058 0.116930179160799 -0.131877368192228 -0.0317141458897193
0.0835756105921281 0.192406204945485 -0.0814665896367327 -0.265318151163161
0.117775496874905 0.169962321105864 -0.156767256655756 -0.309192795462994
0.188022823186591 -0.0105417380087374 -0.303406286885097 -0.0769610996256382
0.0411618281903802 -0.183546655737692 -0.190760765412916 0.237944384303917
-0.165572752420088 -0.0819596640375084 0.128497551203655 0.125821482683395
-0.110350489631767 0.135059093541736 0.107391870417654 -0.0717334701590863
0.158590942513078 0.107056764822928 -0.0138659755802997 -0.0725246145607053
0.165358202247632 -0.0395380865976819 -0.0250727313673 0.00517525438944906
0.145303792776534 -0.0986242679933231 0.248239994413071 0.0225097846338975
0.208278634585769 0.00422658236275859 -0.0110496621129487 0.129539039114723
0.0138410905604645 0.125542142828938 -0.192939617955397 -0.0881699335649128
-0.101886488122445 0.0157599431668075 0.0970750542557005 -0.314592039225977
0.011899354420355 -0.153039479489873 0.347639558246997 0.0638361416527816
0.195644077320667 -0.00587967336598422 0.0475292665651314 0.21339934216819
0.163925524498314 0.218810462868714 -0.0751545546323427 0.000158029799019636
0.110605260695055 0.275601802374251 -0.0516199780883143 -0.165150190958581
0.20199342066479 0.191908480987495 -0.131286413347192 -0.221487092606039
0.215091811643858 -0.112318845552465 -0.26530334583208 -0.0479937110935578
-0.108500379136023 -0.236791241716014 -0.181488113779525 0.245495500690688
-0.249131274638652 0.0929731021342631 0.144591229664024 0.157651258177898
0.0112499207843515 0.25632820854245 0.171675651791027 -0.0898944828034617
0.28206426931186 0.0782221013680311 -0.016721828621808 -0.162307643668652
0.203778260170348 -0.0851546752003898 -0.121552486614413 -0.00197210979737532
0.224982915541111 -0.0584796002573029 0.180422382324601 0.0712830135984375
0.27453146056145 0.114585164033406 -0.0420745795891136 0.154991364492452
-0.0371794957180091 0.24331577965615 -0.212425367781139 -0.0497952691134502
-0.196182013967661 -0.0127293909090532 0.0486722020926787 -0.265527819488032
0.071713104207925 -0.229439458773585 0.291274266113761 0.0333213047418723
0.261134039264108 0.0475717118958806 0.084341950615812 0.180551620786727
0.153480242229494 0.299531550364118 -0.014448561126513 0.0766683227839766
0.122137163706245 0.317643719824299 -0.0128758215197379 -0.0381441944615571
0.250632684945268 0.175429251181729 -0.0614580292237928 -0.149053986294502
0.175707233397555 -0.152879954758299 -0.23111737124907 -0.0951030872902444
-0.161086464401535 -0.147860746320199 -0.238711754012811 0.223251984691836
-0.123131813416495 0.194544110457446 0.141541678061671 0.190812183218683
0.138641821999295 0.188048275574908 0.172851437007775 -0.123037109187245
0.295492620462722 -0.0160764244525124 -0.0733439839789878 -0.200207177135144
0.180349192542157 -0.124432491969607 -0.221588860191869 0.0339050573408813
0.250971678381733 0.0125059403378267 0.084159147050429 0.0816516821329693
0.216294235048396 0.234487961965104 -0.0806897909583003 0.112430587633699
-0.188218330982178 0.245168405833462 -0.203649985805352 -0.0525251925801298
-0.230023791075992 -0.146734313723514 0.00457801712879632 -0.235117178643315
0.166762965263947 -0.257519132334812 0.26160842762709 -0.0318729038450324
0.2658494288926 0.106858639632559 0.154794820214144 0.169626033546676
0.112231794322313 0.325729310583692 0.0323857687829856 0.187592869471357
0.116993897082042 0.312893724679649 0.0298411743642125 0.0949511324352127
0.246691479923745 0.148045882486229 0.0217163897171377 -0.102299404873558
0.145832728752178 -0.126134090688975 -0.219545832832081 -0.162518662401852
-0.0867629854658395 -0.09916506317391 -0.321604014967206 0.215672015559652
-0.0226047673534357 0.104292946965863 0.112550219938774 0.258920502179669
0.102356571823097 0.0595455064310627 0.162431038626676 -0.0822170806962524
0.195629715462545 -0.0540707300541395 -0.0924455402906459 -0.17150239974301
0.121829355210167 -0.121406710214459 -0.284017486618484 0.089199987024439
0.204436378320625 0.0674293530638377 -0.000259167552050409 0.0472393570435116
0.0812502802368014 0.239325532537211 -0.0489120551625057 0.035151588073402
-0.231281365832734 0.0909385512930003 -0.135951357773723 -0.0162812940917228
-0.0906256599959588 -0.208833235159297 -0.0302348188987609 -0.180086759299972
0.210209936197701 -0.15986375740859 0.254405439072651 -0.065696187905596
0.199051218233327 0.127480606834544 0.209580752768971 0.191215573296815
0.0662341271009033 0.279536345356683 0.0592798243272216 0.296192144317934
0.0966513162210481 0.263442593431222 0.0685469005957381 0.212567100429384
0.196243036812243 0.11939201498127 0.0941813794380833 -0.0644797735086376
0.129637654529666 -0.0834773434112037 -0.186104017559157 -0.206901042045429
-0.0220115388946516 -0.101402091913485 -0.355995276260216 0.182888428500452
-0.0157037793064604 0.0131217025140653 0.088081208461518 0.30849342775536
0.0168691214237012 0.0114953358414819 0.186137074045034 -0.0260878537035447
0.0892521808803564 -0.0205099683429901 -0.0530440248032899 -0.143427475619951
0.0630583653831188 -0.0775247214824378 -0.302202516071604 0.128272588252088
0.118370660699987 0.0736354795994267 -0.0470884412828135 -0.00259098281555758
-0.00190191472569733 0.151992003782037 0.0285479432080671 -0.00140883219616861
-0.134063677766346 -0.00346151611728116 -0.101336412146363 0.0666317603869764
0.0140241687838947 -0.116546683184871 -0.0889442617726472 -0.149696969475701
0.1353494783395 -0.0577640972073425 0.247659615457954 -0.0934064835011773
0.104018279841901 0.0857836247652978 0.232496459778585 0.205409098191386
0.0311045037122608 0.175068887553188 0.0776708577128204 0.369237694560972
0.0581894188606178 0.170257918323148 0.0947092292763086 0.297585206583188
0.11865050331788 0.0849072419833706 0.142744452298553 -0.0219627320002044
0.0979843475183437 -0.0385102249858383 -0.121715821489557 -0.233387138007568
0.00946705904907702 -0.082027473928003 -0.353465440489574 0.10407016322828
-0.0102645410034759 -0.0172881707043085 0.0429393467307232 0.312540729517444
-0.0194101911342153 -0.000556942783797205 0.20258134980791 0.0175726991571885
0.0250543795249169 0.0168361660645505 -0.00122423269047137 -0.13561347381099
0.0251247513029708 -0.0232898376056999 -0.294821409001162 0.135796956968342
-0.0179400367293054 -0.0308679927429826 0.284520895218549 -0.0998138692581837
0.0185873554199786 -0.0315360272795059 -0.0177703225889525 0.118240237291661
0.0191419679073136 0.00969683194620877 -0.204543779604781 -0.0390266645272222
-0.0147869382943609 0.0367428808758396 0.00162043714306326 -0.308928208288291
-0.0546002733477617 0.0368833269612553 0.346830824760661 -0.0326796055115824
-0.0621472781321832 -0.0148280133821743 0.0863110802643316 0.247118681938564
-0.0247277872944351 -0.0566635478027222 -0.172177570017078 5.88987929564079E-05
-0.00548187550348623 -0.0542415766742059 -0.110222768898619 -0.331372821819436
-0.0264252279972972 -0.0265211480825363 -0.109709876150771 -0.412967956724569
-0.0310579470583136 0.00326418439717429 -0.258455498244571 -0.202866529163224
-0.0177944040918101 0.0449253883672713 -0.240792018449551 0.146027901375534
0.00492607237519214 0.0158476259001999 0.120143438813178 0.152543093810624
0.0170464658505031 -0.010532130564942 0.0971406139456329 -0.112654688071196
0.016186607041113 -0.045826558759556 -0.0734256178147961 -0.0116733136755112
-0.0174918792577166 -0.043547439820577 0.0532283961894109 0.0326931472846352
0.0126778985436975 -0.069983228006591 0.280019456084364 -0.0718873812083047
0.058733870991611 -0.0336597308084251 -0.0314281836946446 0.107729094907434
0.0032683417501151 0.0321926503440136 -0.209309927046541 -0.0774495376503498
-0.0446351787620561 0.0265844170700134 0.0411060312703839 -0.321650391650254
-0.0533040655465195 -0.0350548413865421 0.346345999266512 0.0159788200451934
0.0186757092416271 -0.0439137841417932 0.0491308373487062 0.243352050837093
0.0612300512138493 0.0191284533520555 -0.166076362563516 -0.0263691701725254
0.041409963895895 0.0763525659708 -0.103117795702723 -0.324074225069829
0.0314235256393726 0.0912284165013628 -0.141901251551831 -0.380966237142932
0.0783431005843338 0.0391358929875883 -0.293609585691381 -0.148571099010333
0.0627295262765696 -0.0316773514555493 -0.217864843894781 0.196597400907815
-0.0219954759279579 -0.0735372906593951 0.13506563888389 0.123586197396768
-0.0723231015416985 0.00866169200326096 0.0772606206079608 -0.107547684462782
0.0529505441583531 0.0423389697299198 -0.0584191342675127 -0.020196647349082
0.0806461810482688 -0.0274329746546408 0.0352397552397076 0.0271966621305895
0.0645194489485809 -0.0963436967124617 0.275430519255922 -0.0329846695293219
0.114692924238554 -0.0346109570625777 -0.0213855083606985 0.104126750262189
-0.000655692331024936 0.0571302933044022 -0.204063705433429 -0.103056996175946
-0.0662214952970919 0.0121980428544881 0.0762542628494486 -0.340464338600685
-0.0285348952089303 -0.0966537112051639 0.360075127537163 0.039421233899524
0.107729658166227 -0.0398041397483957 0.0424648512496548 0.231997004873553
0.129267774111114 0.117051231588624 -0.129285175102145 -0.0304389576973201
0.0827538795001031 0.191807240329861 -0.0814789079447696 -0.26490036150042
0.115780803690641 0.169797133023323 -0.158392201339266 -0.307743823746599
0.18582275007056 -0.0106070351458046 -0.3021467772604 -0.0743437728605008
0.0392839569232942 -0.180828322655278 -0.18590528987471 0.238461042270504
-0.165521642963855 -0.0797788876042654 0.129399505189726 0.123269609633371
-0.108045785695581 0.136697489476657 0.106485864721971 -0.0722598268380633
0.158443989895962 0.105706366473522 -0.013757764002797 -0.0725482793812838
0.163565331347722 -0.041914728017665 -0.023491688437522 0.0044547042905709
0.143749490623037 -0.0993764816268531 0.248151588452068 0.0195179345336481
0.205076493836563 -7.15346457698515E-05 -0.0102324712323584 0.128457291653129
0.0146323195339574 0.124387296661815 -0.19397457044766 -0.0859235415203062
-0.102015348147198 0.0158793050050099 0.093539785479516 -0.31535160239643
0.0116406501279313 -0.152573421475677 0.348701313477008 0.058234396039842
0.194975934989675 -0.00468682698252347 0.0504858392237151 0.211246443717716
0.161847063284014 0.217681428367724 -0.0731118469964541 -0.000401071142743648
0.109913400323572 0.274420474219075 -0.0512786677945598 -0.164478990205799
0.200619234277391 0.191339354904148 -0.131498200908846 -0.219006399365508
0.212584205928852 -0.110187697263561 -0.26460718145252 -0.0459013430679392
-0.109007918927657 -0.233267553325361 -0.177252765002619 0.24689024820654
-0.246923531234186 0.0947960214723544 0.145392256957782 0.15650245851918
0.0128960365307581 0.255626370707912 0.169673169871509 -0.0909324211300022
0.28064654525464 0.0727499200587758 -0.0176368487357496 -0.160071047085594
0.201587284811304 -0.0881131772933575 -0.11958042798256 0.00135679952396513
0.222762538000978 -0.0600872284776113 0.180830793627834 0.0689874724970989
0.273184366218804 0.112217973770996 -0.040225336146528 0.153373494584992
-0.0360543616944867 0.241306432504836 -0.211116154101489 -0.0480457053510586
-0.195450365507851 -0.0138471917196415 0.0469287686127113 -0.265451534356552
0.0695975283634087 -0.227544844351054 0.292295656479366 0.0296701055120871
0.25942595847001 0.0481711491829399 0.0868224907436519 0.178779588952716
0.153112123028885 0.298281871615644 -0.0122730977964202 0.0762780514261507
0.120043859926969 0.315151739898789 -0.0124487937906314 -0.0379809272024149
0.250466143415216 0.17348946608985 -0.0627498551532681 -0.147063409680202
0.173963223468646 -0.151599234624584 -0.231297855765153 -0.0917776758900761
-0.161418308961418 -0.145984891164726 -0.233868831914609 0.2255536266096
-0.12084893474519 0.193560226038747 0.14308981290237 0.190174121326525
0.138318519374682 0.185796268511392 0.171374242581655 -0.123180485341657
0.291678998051859 -0.0194201690061468 -0.074544923967153 -0.197352103566161
0.178151489936786 -0.126402619663245 -0.219260137780496 0.0378206632052199
0.249455549166942 0.0104817934113889 0.0841436321523194 0.0806510376141666
0.218307721187556 0.230809316567338 -0.0786096675111957 0.112555794171688
-0.185959618551666 0.246433032683285 -0.204297622724416 -0.0507511677346091
-0.22975187402018 -0.145364745889852 0.00317880411528038 -0.233692383546565
0.164244327005023 -0.255870818846388 0.261401899749059 -0.0342804916494836
0.264329072930538 0.106972779613365 0.155498080807322 0.168335358733773
0.111542866459763 0.324877952499384 0.0343572103517916 0.186804635061918
0.115959222400763 0.311453625074255 0.0307526374929944 0.0951623863486658
0.244721298428714 0.145767455243894 0.0194702384054391 -0.10029797991538
0.145295851935085 -0.124993128565376 -0.220304335085558 -0.157869773786024
-0.0861817491962856 -0.0985506773931195 -0.317496270347574 0.219368512307282
-0.0226161259663524 0.102682624274917 0.115169332118482 0.25819521919927
0.0998242963460779 0.0587149112144718 0.161205389207941 -0.0837404378821487
0.192259458472089 -0.0556832211129349 -0.0935702907990816 -0.168672235055842
0.119062955925886 -0.122644917276458 -0.28030403140958 0.0930104964778136
0.205114975168633 0.0649144055248809 -0.000845945844110618 0.0466820487093569
0.0834854018736955 0.236290925274288 -0.0489086143715596 0.0353308828684194
-0.229693851643791 0.0938860410052794 -0.134638426610913 -0.0154068959898455
-0.0919586425612268 -0.20802531923488 -0.0310061005309485 -0.178222102933055
0.208302650699046 -0.159961263976896 0.25314382393643 -0.0668690222188782
0.197600155197672 0.126333524822461 0.20704990512404 0.189729662961638
0.0661320647098861 0.27799799566765 0.0608352731076593 0.294963670360102
0.095773996720821 0.260526578770641 0.0682984384794891 0.211307316496866
0.195763501064045 0.118588566301966 0.091205650416373 -0.0623787076150095
0.129130274710886 -0.0831210053385624 -0.187316373793218 -0.203926475123218
-0.0231782601744315 -0.101042783922053 -0.35100134930196 0.188562988285072
-0.0167850113072649 0.0123691947908032 0.0913140189783869 0.306755468514073
0.0143537971260611 0.0114031475322979 0.184722977814636 -0.0280093340715193
0.0880350701167766 -0.0212622324160826 -0.0531123171496506 -0.141779197624557
0.0616121881253921 -0.0785352260714736 -0.298170147730825 0.132199813773223
0.118896434751966 0.0713291341450471 -0.0477336099808987 -0.00139744943631287
0.000926310818527175 0.151214581192924 0.0267972448177659 -0.00204920456238208
-0.132920402234641 -0.00106791541436226 -0.0995480942242148 0.066521651730043
0.0126415836308759 -0.116936063021473 -0.0891792557708551 -0.147661912366863
0.134737211942083 -0.0597973454464268 0.24640667697128 -0.0933723316004552
0.103076873434717 0.084927160793491 0.230272388057546 0.204396575702798
0.030512651619731 0.174491652900058 0.0787696219881353 0.367816369133106
0.0575440864510183 0.168893565117233 0.0953953777829495 0.296693283344919
0.117715483563864 0.0846503869646935 0.140843878378844 -0.0193682618642416
0.0980239764066967 -0.0397140991929068 -0.123124816748859 -0.230532964050609
0.00843734911871775 -0.0823548491797926 -0.350475674718301 0.107968726031455
-0.0106357252001749 -0.0178136158136914 0.0448776173969103 0.30993481060405
-0.0201481039230153 -0.000195888540477723 0.2016650220083 0.015146523759164
0.0244157288458121 0.0157785023922707 -0.00266544051025062 -0.136334153292889
0.0240909950785818 -0.0239323620489698 -0.292369118266006 0.139536951594533
-0.0194705463046461 -0.0313011222944293 0.287788152117088 -0.101063858196909
0.0186126112427011 -0.0319993574270777 -0.0188758381626032 0.120419942592412
0.0194367507970538 0.00984739274272808 -0.205912078273193 -0.0392740282062114
-0.0145732676116823 0.0372950672682203 0.00159387516441305 -0.310106408968569
-0.0554882028840155 0.0379737118566925 0.348858157189162 -0.0340672929643838
-0.0624234252901303 -0.0153477153969222 0.0868255260081499 0.248310454949457
-0.026110253402316 -0.056884184714838 -0.171064007667982 -0.000445560859418718
-0.0059199772176098 -0.0546150006050151 -0.109675501457205 -0.33328150747856
-0.0266009919245062 -0.0260549006460279 -0.109594280969657 -0.416387134401498
-0.031353044467392 0.00353209158327075 -0.256949287793905 -0.204102707152374
-0.0174476623315427 0.0453210870102061 -0.240422884368552 0.145486052851809
0.0037440505314089 0.0160648736089723 0.1209548365236 0.152685058394946
0.016698996746395 -0.00971822007842473 0.0976590203401024 -0.111457315393982
0.0161053130414453 -0.0462522952372075 -0.07307374591006 -0.0107123497081442
-0.0179176862171607 -0.0441857314654187 0.0551090705613759 0.0313652337475927
0.0122334356056317 -0.0697716040261053 0.282156381385102 -0.0735946908103734
0.0586339343263967 -0.0344994338571485 -0.031699861679289 0.108367969252409
0.00245144771567889 0.0320741398231069 -0.210953263217701 -0.0769396013034307
-0.0449525762860049 0.0272000111309001 0.0412870810728238 -0.323873839992769
-0.0555358763578752 -0.0343568590756154 0.348599863443466 0.0145172098883992
0.0183411410510871 -0.0441046094773416 0.0505280670535334 0.244279924855809
0.0603197075109123 0.0190893693541493 -0.163619323993327 -0.0274868375237844
0.040246466728334 0.0764058813757483 -0.104040154552271 -0.327148455787847
0.030513152136534 0.0926825766042082 -0.140894657197972 -0.384436708723827
0.0774312618118109 0.039738667201953 -0.293780691966294 -0.148520226657448
0.0635527377982181 -0.0310243971695803 -0.216865273143735 0.197659542476371
-0.0220803334680255 -0.0730193268667146 0.135729310249522 0.124171489581362
-0.072927008009246 0.0101787237566306 0.0778671275454191 -0.107417146314872
0.0534531137283879 0.0417543423601139 -0.0575074121666333 -0.0193039662364694
0.0799664325542911 -0.027864370232482 0.0367356927881989 0.0271111055677676
0.0646976094609452 -0.095513142084206 0.276497337532618 -0.034030266258608
0.114405237778294 -0.0350042590963913 -0.0219503054610656 0.104778082846404
-0.000928444230522314 0.0578172678142478 -0.206659943298281 -0.102238718919417
-0.0675715027712133 0.0117341635266327 0.0762564610924778 -0.342535168702118
-0.029446708853528 -0.096267831635102 0.363605913728911 0.0370462593119984
0.108482745251869 -0.0384849991145467 0.0442936179832825 0.232778652785157
0.128023218010746 0.118255593649208 -0.127351926744491 -0.0311043135612982
0.0818052822071089 0.193137710969657 -0.0809995588696614 -0.265649561034845
0.114338447618859 0.171375582935391 -0.157999501695049 -0.309014292469583
0.185386181800089 -0.0088095477520103 -0.302567463638248 -0.0741344889399876
0.0382978355253433 -0.180938409594112 -0.185396300983072 0.239952921996659
-0.167014149167766 -0.0778984951602797 0.13096154201772 0.124442535657938
-0.108028640315283 0.137689635330435 0.106499016508262 -0.0721225889546783
0.159284906547874 0.104223278561847 -0.0137767435238766 -0.0731137317717864
0.163584052146786 -0.0435586279991622 -0.0224723890608094 0.0054846860185697
0.143234580869764 -0.0984825808674423 0.249162670624299 0.0189788008386939
0.204551216668887 0.000361202234985264 -0.0105423826281971 0.129156299147796
0.0149542176059448 0.125395797480665 -0.196069838284474 -0.0860701355411335
-0.102276245639949 0.0147639379991331 0.0932148045544152 -0.317488774345027
0.0115181107351583 -0.152908679749661 0.350749627637849 0.0553844681493899
0.195680286024632 -0.00473537634265437 0.0510660471241067 0.211332819788578
0.162929725155338 0.221103713422621 -0.0715817627629138 -0.000130524826907751
0.108128519266222 0.275425006169157 -0.0513311701461243 -0.165518405336834
0.200461080452816 0.192822044438165 -0.132454474818214 -0.219828764821801
0.213643926280632 -0.10911224055551 -0.265759419410588 -0.0458072107200657
-0.110283512409049 -0.234803857300085 -0.176625371780381 0.248171209808812
-0.247680493138826 0.096485914600768 0.146359495187615 0.157152612033817
0.0134096242576983 0.257117686273768 0.169851974657485 -0.0911470677705531
0.281470147854183 0.0728693310366472 -0.0191105634238683 -0.160698927216296
0.201833888962985 -0.0899170834637532 -0.11978523019594 0.00144886209760887
0.22308963889349 -0.0603015677618974 0.18163156113053 0.0684404173324811
0.274730939236496 0.110346804996408 -0.0397622291407761 0.15513201425192
-0.0350412317315613 0.242305376811711 -0.212576050790718 -0.0468873478170934
-0.194410260744051 -0.0149944938496991 0.0462547650414157 -0.266401900307029
0.0694903127927563 -0.228020894162702 0.293984194438026 0.0290499803564221
0.260600891971975 0.0501787454587075 0.0879465924055491 0.179406223272566
0.152362809417691 0.299205626136276 -0.0112305955428479 0.0769286821997201
0.118738689284681 0.315727773029902 -0.0124080596408153 -0.0373004289598134
0.249473185337548 0.175601890141861 -0.0636439817221635 -0.146139693160905
0.175378876601708 -0.150766183228888 -0.232150858204598 -0.0911957764341557
-0.160753562131634 -0.145713158830204 -0.234446140235745 0.228502656425061
-0.122454499670261 0.193017296684608 0.144188823446846 0.191122582633756
0.138199530678593 0.184505995563559 0.170666119361195 -0.12385455375926
0.292242327897021 -0.0210728620538822 -0.0761282870435118 -0.197856577512815
0.178316236069605 -0.128782279863813 -0.219382484117418 0.0403578195138404
0.251922379444288 0.00970229099126997 0.0855654644194116 0.0807476876711388
0.220404202806597 0.229731406561058 -0.0790198421676563 0.114087248184586
-0.186460644506137 0.249159119575536 -0.204111703152956 -0.0491400348059188
-0.229923545129477 -0.146569074733077 0.00283119145585269 -0.234249011779363
0.165168740960196 -0.256103682208135 0.263984272499263 -0.0355567569727315
0.26416150305434 0.108661403878857 0.157138978125345 0.168772318221419
0.110411836406016 0.327350285874512 0.0355364819584262 0.187714608983412
0.114196829136863 0.311591101513272 0.0303201213614309 0.0964497487842514
0.246461723910879 0.148279156887039 0.018897196537776 -0.0983658755462459
0.146483494006788 -0.125405422309016 -0.221856400754877 -0.157394980304132
-0.0858366092970446 -0.100035141326341 -0.317820962800407 0.222326961137791
-0.0235317907234486 0.101771463186028 0.117601159173699 0.260255113882659
0.0992554310699562 0.0587719880767484 0.162321589810026 -0.0836187376837353
0.191749125112237 -0.0567103750623141 -0.0952269611920707 -0.168834394026346
0.118363648540554 -0.123993921667266 -0.280505248208849 0.0953031296360652
0.207250766569684 0.064385982508192 -0.00167618943673767 0.0480068977463511
0.0858690122474592 0.236811469402528 -0.0504310109694208 0.0358427542514401
-0.230366043200384 0.0965063814397503 -0.135349734437005 -0.0144825597960183
-0.0929507624764411 -0.209161280042326 -0.0312881900054922 -0.178053177090135
0.20965268508196 -0.161410381686386 0.255801659951115 -0.0683037642684589
0.198074159021299 0.12901578765992 0.208136136331306 0.191368167321929
0.0645194406541335 0.279816510940316 0.0610252929146255 0.296592330755581
0.0942705444006141 0.261696690808186 0.0690902240709361 0.21423970383648
0.197295354468281 0.119014109892857 0.0905558012051377 -0.0593400103436877
0.131218144008177 -0.0834192827569535 -0.188570985320934 -0.202757483027361
-0.022756283610737 -0.102308821543215 -0.35136989473356 0.190338139687444
-0.0170514020580227 0.0115150001193961 0.0924107919416737 0.308037290090269
0.0143320199407786 0.0120101781229104 0.187073381516525 -0.0287706910542684
0.0873953948912948 -0.021073343477855 -0.0540776149034348 -0.142812275041152
0.0605258983832401 -0.0794488747862312 -0.298168211176851 0.1345612343639
0.120926373594723 0.071248151072835 -0.0490717211797313 5.71471939278927E-06
0.00207003027452556 0.151393856155528 0.025153171325514 -0.0014271658671717
-0.133531344641295 -3.50455984205922E-05 -0.0995858165642992 0.0664541724135681
0.011969015830764 -0.117986334487712 -0.0888581055526683 -0.147930691333738
0.135237613398942 -0.0601046634793975 0.248646495660865 -0.0947516717618426
0.104396038462488 0.0864078248310821 0.230762241401907 0.206755778885462
0.0296459606311388 0.175418202830954 0.0789969531891794 0.370156926874824
0.0572948525292029 0.169352369996778 0.0953373778740145 0.298486894721638
0.119191471067268 0.0850449928581724 0.140749726605615 -0.0167327734072196
0.0992253370040179 -0.0401274918445575 -0.124414618042554 -0.229714879384245
0.0083301263308266 -0.0828182853640928 -0.350438912805935 0.110021991819875
-0.0106885367180786 -0.0181789242678772 0.046938517709986 0.311229692434915
-0.0204439644406331 0.000320062686610452 0.2023973381411 0.0140479406686843
0.0251350369992361 0.0154266581713257 -0.00239859054606513 -0.137135526682811
0.0246218386006321 -0.0247034834973371 -0.293360662331719 0.142085207547152
-0.0153127737764739 -0.0320526131429301 0.292785139050325 -0.0982796991957769
0.0175927610754371 -0.031376713557486 -0.0193171466397754 0.122991383887225
0.0169813339359411 0.00964229317799814 -0.210075765140121 -0.0397757525968134
-0.0150121865464604 0.0358845080609755 0.00325549696979706 -0.314380615819804
-0.0544940979124028 0.0376355210679925 0.352500081416949 -0.0314945237117169
-0.0628430092164511 -0.013763251810581 0.0870652454190471 0.250955990819085
-0.0272004543938637 -0.0577797544413155 -0.171932459812325 -0.00277569927604953
-0.00488379992843432 -0.0552588360444866 -0.106467320789403 -0.339681847629654
-0.0246231149385028 -0.0244375116124107 -0.107948133040375 -0.422505910455352
-0.0301130972329084 0.00421203831295836 -0.260900659903566 -0.210308283353111
-0.0158072915743082 0.0450163665282396 -0.246228750479039 0.145509877851502
0.00416087214445386 0.0154604997250524 0.122012435773412 0.15690548166942
0.015974852780933 -0.0108802835365027 0.100436396767447 -0.112147399867685
0.0163973732322552 -0.0482033747500539 -0.0738024727073689 -0.00964868792793339
-0.0194017873269363 -0.0466529254101145 0.058964517648798 0.0320410272780209
0.0152198739699766 -0.0692726385224643 0.288234881302992 -0.0708676062641707
0.0560824362463797 -0.0340532217388595 -0.0330777020078761 0.110894493046275
0.00135317400279722 0.0321071778813924 -0.213345458752524 -0.0782345132332174
-0.0465942146380945 0.0246409051225095 0.043659839165663 -0.327266605723972
-0.0538746506257416 -0.0354235069820481 0.352584268873203 0.0161101359630251
0.0188502146123109 -0.0407466981524512 0.0504875985196994 0.246027319086207
0.0595262372033757 0.021205321423957 -0.164860579568273 -0.0302070276710007
0.0393172346832839 0.0779900691021468 -0.099836258032092 -0.333035590718251
0.0309448093228715 0.0971013568477203 -0.140197234364249 -0.3921933018778
0.0810243472966465 0.0429583027658076 -0.298699128482558 -0.153871832688981
0.0663957771715232 -0.0328842733183575 -0.223340001703486 0.200252409136924
-0.0235783085889932 -0.0758289556805816 0.138492040750315 0.129449495925047
-0.0772087662408844 0.0118915347585718 0.0806772809677832 -0.109648141655119
0.0554921198637175 0.0423308944221881 -0.0613861531710742 -0.0201772143078423
0.0825948653165419 -0.0315554885960115 0.0379939962403591 0.0282598872180676
0.0682906207564156 -0.0950172091484354 0.283257445497069 -0.0309113849553124
0.112728894671375 -0.0339329442629966 -0.0233617090301292 0.105816923795595
-0.0031518111030525 0.0568790412778312 -0.210373579995856 -0.104223703065415
-0.068110460379566 0.00857685064165569 0.0790926769181453 -0.347082566111983
-0.0262664681254503 -0.0962123541744119 0.36641911455376 0.0391466792476702
0.110874619358142 -0.0358042609284192 0.0439766278782934 0.233942463036504
0.127598775286063 0.121241732209903 -0.127340219510358 -0.0335510393501177
0.0784974542086762 0.196368360802627 -0.0787540148829797 -0.272011162371827
0.11580673007394 0.178966945457498 -0.16004230839013 -0.317247009165418
0.190994613091587 -0.00626776809357973 -0.308992811532294 -0.0784393973189494
0.0430324876870784 -0.185823451246706 -0.190550783403192 0.245714462899741
-0.171037416220272 -0.0816268122901354 0.136142446084469 0.127757309794076
-0.112614732876716 0.14399349258399 0.109247273702923 -0.0757470117975831
0.165454809110746 0.106373798417628 -0.0186474568582203 -0.0744357929122889
0.169945938958828 -0.0467783018911391 -0.0244133250233782 0.00808170965752152
0.148147423288159 -0.0974467399114824 0.254440738146521 0.0214149932384576
0.204327825006402 0.00182077216528525 -0.0116247731438156 0.130014621840866
0.0114745939047791 0.124877864325744 -0.198996175322133 -0.0878600384957945
-0.102812274280708 0.00908807441257942 0.0955219434760927 -0.322573659599383
0.0160365040234276 -0.152146699563208 0.355656630662713 0.0583897002955927
0.198339611642226 0.000674730958729252 0.0527217612775892 0.213088592134515
0.159309324386759 0.224945136574505 -0.0705201109389439 -0.000139582587409966
0.104213855447793 0.280620061831977 -0.0501836946676956 -0.167486045657333
0.200136265793539 0.201030555507628 -0.134142076822009 -0.225336094623826
0.22037110835715 -0.10758261460326 -0.271253925398862 -0.0462231047625347
-0.109148942146114 -0.241871774687575 -0.178787410877204 0.255147461346579
-0.255720009855318 0.0971920870865744 0.152013001010016 0.15864139903176
0.0134407207199336 0.264221461998726 0.172128977874901 -0.0971553233091195
0.291283537970349 0.0714156875913089 -0.0256585078939305 -0.162638280946685
0.209099557738181 -0.0930760435184022 -0.124585722570649 0.00608850443917751
0.22676908523975 -0.0575395083392014 0.184789547305199 0.0694478388521152
0.274220122256758 0.112943120154423 -0.0400831062494334 0.156023246546848
-0.0396060017753666 0.241930663001405 -0.21555981156376 -0.048320710995163
-0.194383833806949 -0.0210485397305865 0.0466198847023722 -0.270180389526786
0.0752928670181619 -0.226812357727331 0.299210038154977 0.0303945845692362
0.262269540891049 0.0542126678529857 0.0892527734506088 0.181124001107197
0.149628472996882 0.304920365789035 -0.0100676412597799 0.078716952189271
0.114387398314322 0.321699336148793 -0.0117314914719158 -0.037229292953115
0.252291974015916 0.182394010879841 -0.0668965070776378 -0.148632045372621
0.182580557174065 -0.150849093629833 -0.23799837960947 -0.0923977861989981
-0.160908774084763 -0.152715397856175 -0.238900096641951 0.233785238070281
-0.125736676192572 0.195466035880452 0.146301686867916 0.193093332150945
0.141515105856897 0.190224031712854 0.171412413879458 -0.127081376858719
0.299455324725666 -0.0246719471988507 -0.0840034969179209 -0.198869462487362
0.183837198458128 -0.131391524938877 -0.22600847825478 0.0456164847861231
0.255726138517397 0.0115910996544695 0.0867165965460812 0.081959043605953
0.218679494360612 0.232554461320814 -0.0784903673003049 0.116201892634086
-0.190300099980255 0.248610923912851 -0.207919355305284 -0.0505501310389173
-0.229615495772476 -0.153350233035999 0.00231520708160289 -0.237697073832925
0.171152599244074 -0.254027184247503 0.268152836943984 -0.0343201343736984
0.265498862608183 0.114713302613706 0.157463346107735 0.171612621254717
0.105891711982922 0.332887415771941 0.0362642914761647 0.192459552649459
0.109975456348203 0.317083655170832 0.0290458262585282 0.0987984880445817
0.249094130284236 0.154114673403347 0.01653814646744 -0.0984185299379831
0.154669333190484 -0.126206451593111 -0.225785989046738 -0.159352015687469
-0.0842616292407961 -0.105369999735312 -0.324211229449714 0.228120899247542
-0.0243613854103948 0.100022528926341 0.118611981255129 0.264843749073668
0.0994508620372493 0.0594442416263632 0.165005091909767 -0.0857977129459549
0.196358051435697 -0.0599581280741692 -0.101521265368906 -0.169978364483411
0.123595394984189 -0.124093330553774 -0.287180248275374 0.10153382791271
0.209957367688671 0.0662635126904992 -0.000735760178857473 0.0489680416779518
0.0846949529197956 0.23826825039667 -0.0498959366598775 0.0370934052341706
-0.232125251905722 0.0965577161548933 -0.137848172412782 -0.015709575439506
-0.0917519059512658 -0.213473647041384 -0.0319386240870184 -0.181054538431161
0.214065210942443 -0.159530807490238 0.260091513313838 -0.0676603155263525
0.198564283151472 0.13263766672075 0.209668578349327 0.195361472631526
0.0611734884387098 0.283929095872305 0.0599112564248839 0.303511610179843
0.0906896920493198 0.265905725919426 0.0662631110818843 0.218499942746052
0.19928980700152 0.124291566563958 0.0889382802782653 -0.0573457205718382
0.137711880557765 -0.0837010338735717 -0.192245201455831 -0.206235007159021
-0.0201949872364633 -0.107760170571798 -0.360142797592853 0.194713669944088
-0.0188835339100042 0.00754723087331565 0.0939721941908231 0.315296479378213
0.0115256526371657 0.0115530179502655 0.192544270588118 -0.0294166286165267
0.0888644603771777 -0.0224933589862213 -0.0571639639313068 -0.146226588550468
0.0647983602925448 -0.0787856156850759 -0.304961761357243 0.139209636198939
0.12130105438106 0.0713792331504958 -0.0507896599518905 0.000356609384036704
0.00153091717497949 0.151068835824135 0.0252250678217311 -0.000977701158961871
-0.133924289550365 0.000565512209991761 -0.102126762695007 0.0670338793711706
0.0128491799827835 -0.119555577981707 -0.0892456556589275 -0.150544638689162
0.137228925528279 -0.0606903826407308 0.252835537400044 -0.0924788428983634
0.106025221698002 0.0896437067728462 0.231566508090186 0.211263681866939
0.0284563089101161 0.17892409792505 0.0757040558233479 0.379029477538616
0.0551362753525768 0.171544214696598 0.0923043475617965 0.305089365411241
0.120335433922159 0.0892568890582442 0.141028075321378 -0.0114918139457552
0.10422502815396 -0.0393717782681537 -0.127251075856175 -0.233352884331243
0.0118199741661033 -0.0861299072461599 -0.356675841186854 0.113181724245577
-0.0104714674021631 -0.0214646121406789 0.0450798774687968 0.319612519280956
-0.0243478289874733 -0.000569727663492738 0.208457368465102 0.0132279324059997
0.024705950313145 0.0160381739676724 -0.00313133504737613 -0.141474317905111
0.0282903851986588 -0.0219334049910161 -0.300000474899265 0.146449082077108
-0.0165944250151362 -0.0320755810363745 0.297692148051437 -0.107482155292481
0.0160818926453802 -0.0337346697998644 -0.0172588777496152 0.126279804452242
0.0186295183596823 0.00868193221143858 -0.214257752868521 -0.0361827501714379
-0.0143342029907253 0.0367657485465022 -0.00253191314852982 -0.319497480689724
-0.055119235792174 0.0403929894920255 0.358743063549053 -0.0401312899675385
-0.0646048690918904 -0.0126164032120572 0.0944769805413044 0.25196100051606
-0.0299015205897915 -0.0572452249977238 -0.173985490206628 -0.00131290290803195
-0.00675939821694439 -0.0560226239373437 -0.115032702220099 -0.345613579636585
-0.026172818195394 -0.0236753348725854 -0.119186305121547 -0.428429055744191
-0.0301953555660841 0.00560985848315953 -0.267982658150657 -0.209709729843628
-0.0142263021934782 0.0452545071422788 -0.247895438991604 0.153319842202475
0.00520702200101714 0.0152045854540984 0.12828976931638 0.15678518941849
0.0162567532797803 -0.0111076842781099 0.100517985719391 -0.115512942265752
0.0157508050489962 -0.0492263898334053 -0.0751773626965171 -0.00660468790009145
-0.0211757004785245 -0.0476768953232974 0.0620771716608668 0.0305781016472715
0.0137691244165923 -0.0701450110245644 0.293415153728926 -0.0789334432845218
0.0565996018799239 -0.0362962260727687 -0.0329817483673677 0.113898564338135
0.00160601549394565 0.0326654603651433 -0.220041009332101 -0.0749878660832422
-0.0468770774209492 0.0264744448051646 0.0367270416761551 -0.334283268830638
-0.0560696779296745 -0.033038961867986 0.360058272974483 0.0077645757411637
0.0184752656910672 -0.0416072001020501 0.057456242026573 0.248586365423679
0.0599621983604782 0.0216022060260455 -0.167647550141442 -0.028389523919742
0.0423266688653604 0.0792895970306794 -0.108708660326244 -0.338264561730643
0.0324512372451628 0.0993720024885183 -0.151936544635824 -0.398822097268218
0.0820189081150694 0.0425671736382778 -0.305805264983031 -0.152000456439308
0.067077003313669 -0.0348099534870277 -0.221657986417651 0.208471984893044
-0.0263909724036243 -0.076366928196627 0.144273193163923 0.128465471332014
-0.0775596832475659 0.0139631889588066 0.0807893178262518 -0.111327905313268
0.0578665919538229 0.0422166953343573 -0.0620789699917916 -0.0190827717852767
0.083466174818242 -0.0340081520642313 0.0408117103072016 0.0280000196009241
0.0672596928427408 -0.0973907880300447 0.289136622633216 -0.0384765537601946
0.11319761721993 -0.0370708870486818 -0.0227331144599558 0.108843579625989
-0.0024940987572591 0.0585127477565015 -0.21707915264195 -0.102032371552564
-0.0696289204786422 0.0096259892341956 0.0720219226473903 -0.355418312055252
-0.0299383343078664 -0.0961636693958568 0.37506833347288 0.0303399969005057
0.111237755319693 -0.0377536441851447 0.0505937546926431 0.235743527865016
0.131470901932819 0.122546190677916 -0.128256053745005 -0.031929147580551
0.0839924518678644 0.199330902480534 -0.0862920922870383 -0.275378404247471
0.119619626100308 0.180305827472227 -0.169940797365956 -0.320920896408989
0.193921934058742 -0.00938121929475199 -0.317207491631879 -0.0736316217564542
0.0392707189191177 -0.190434239035402 -0.187891562729481 0.255319338991982
-0.176652896133041 -0.079070291957819 0.141257705568115 0.127098669592119
-0.110915549804732 0.149359982291567 0.11026470414706 -0.0793266747141097
0.170940470513837 0.103917965576185 -0.0207053486720391 -0.076511050774049
0.171713296180523 -0.0527255808917354 -0.0233374039149519 0.00962173164827573
0.148485865676657 -0.101843825648741 0.260177824050933 0.0163426579363208
0.206774335461891 -0.00422467240548014 -0.0103529021476853 0.132861987363948
0.0144340576239173 0.126313297972766 -0.204954828297219 -0.084708978794977
-0.104327356703328 0.00938560482345408 0.0892811135675945 -0.330711753099277
0.013529095203692 -0.154369791292206 0.364552810078157 0.0496888109658735
0.201666468199962 -0.0031680134019016 0.05912184288613 0.215125974090383
0.165843848189854 0.227340214660566 -0.0699237277065384 0.000414135853444725
0.11086866790473 0.283574514306019 -0.0541669359270925 -0.169892847522107
0.207509859433083 0.20245176025172 -0.142856797498271 -0.226810021236324
0.222643417525239 -0.112071353416511 -0.278742186533728 -0.0425649462622742
-0.116127131973034 -0.243587426988662 -0.177822805057724 0.265392337736052
-0.257961444894337 0.103605950190552 0.159032859615398 0.157940176306968
0.0202836679826194 0.269381748289243 0.172652564096033 -0.101905364899783
0.297636966425444 0.0657225517564224 -0.0306328888308517 -0.165430696379958
0.209767706900195 -0.101109794009335 -0.125328827867007 0.0106903925138112
0.230599945458008 -0.0649472420749507 0.189802865358387 0.0678120297940498
0.280274813542404 0.107724637697061 -0.0370829022547473 0.159749083315081
-0.0335783307082303 0.248071317259879 -0.221962402226025 -0.0450278827426273
-0.197655743988907 -0.01845280917713 0.0412595057419982 -0.276668286603051
0.0733301605052467 -0.230999329948031 0.306057392187382 0.0226460367893339
0.268731771172969 0.0525086940334717 0.0955349633938189 0.182917874061253
0.156964200671273 0.310070744433375 -0.00807000459893616 0.0801582184438231
0.120866128774775 0.325886055812811 -0.0134083172233882 -0.0371457786425728
0.260535373245856 0.184158768062592 -0.0720378925494172 -0.149926414956748
0.185317307168177 -0.155455313669381 -0.245011302548386 -0.0882936643277563
-0.166161118347422 -0.15203831355098 -0.237938177524293 0.244596323980641
-0.122577910471408 0.200846720285055 0.155093524384026 0.194316126201655
0.147119008756733 0.190170071918874 0.172326052180961 -0.1329631222953
0.304769911554067 -0.0326341633078154 -0.090938378330231 -0.200049764208487
0.184214076501352 -0.138257038581998 -0.228394201595249 0.0530279450953891
0.261668625835653 0.00528371528791069 0.0895503670261999 0.0829659570606287
0.228116091693194 0.23102111317063 -0.0785834120529066 0.120229339427521
-0.186950095051056 0.259039323213412 -0.213066031812651 -0.0466397914607787
-0.236014555677298 -0.151707686578399 -0.00373779208373647 -0.241281801771939
0.169622255775519 -0.262456638708596 0.272721956719321 -0.042041197079094
0.272327159347513 0.11302026328357 0.165431687971449 0.173092514569618
0.113955609237896 0.337371862439854 0.0416429666629247 0.195832718347046
0.117378115421546 0.320908118193221 0.0313426207049454 0.100875510016665
0.257290926867453 0.152807274232517 0.0134818239079503 -0.0986763565705603
0.156908278208756 -0.130885845296227 -0.234367183069402 -0.157033488680674
-0.0870361054012044 -0.106520080775755 -0.326266333644982 0.241424830612122
-0.0232033239853939 0.101659163991382 0.128097600861383 0.268801276519681
0.101501212129184 0.0587347124306734 0.166441597551146 -0.0905947448734007
0.19709821945879 -0.0642143288685798 -0.10735859315627 -0.170316454278446
0.122595667473165 -0.130068159686417 -0.289445474699235 0.110224558104778
0.216768707990143 0.0614669426994456 -0.000698165003961852 0.0511687918509283
0.0939329476536034 0.239669281280831 -0.0505589931064205 0.0391759996390219
-0.232804072112769 0.104811281685219 -0.140611175693128 -0.0134056017900796
-0.0965991168459896 -0.214849506656428 -0.0355214693479829 -0.183752141001586
0.214328065859963 -0.167312572200408 0.263386816171751 -0.074831561870729
0.205094187710235 0.132857737504168 0.215496563726022 0.196315135660987
0.0660493113995555 0.28856135921074 0.0667523003463559 0.308673889550231
0.0972016779525288 0.268467183461528 0.0700291724179197 0.221708380920568
0.206506186670563 0.123696009566439 0.0886326604281607 -0.0577930052387073
0.140212664322598 -0.087480185327585 -0.200293400972427 -0.204641565785709
-0.0218767044848944 -0.109972868404187 -0.361376120767904 0.208536219480667
-0.0193859390620173 0.0080726997241457 0.102733294870698 0.320136890589399
0.0107488800171163 0.0118923886392606 0.195154756084978 -0.0336184022725401
0.0908489815244364 -0.0235351881001817 -0.0624889303896439 -0.147075209526583
0.064806525164627 -0.0806184858139193 -0.30775492078983 0.149475818981922
0.127090372463685 0.0692087863927105 -0.0532508816398888 0.00356116220297376
0.00700054412879088 0.154342553522856 0.0253577457283703 -0.00135751255940604
-0.134310906430704 0.00463338820802776 -0.102942732821719 0.0687409746295294
0.0101758691357092 -0.122649614428529 -0.0930960735554738 -0.150764143072403
0.139040632102054 -0.0655526660848407 0.256441540085098 -0.101417285918216
0.11009410373233 0.0892954513215543 0.238684899342793 0.212882269441662
0.032232848666956 0.181309907858721 0.0847777690627147 0.384792172819198
0.0595820361414853 0.172360459417367 0.0986703825733985 0.30987489217472
0.125585483801874 0.0896473140542344 0.144000485554591 -0.0119690056845792
0.106096342124694 -0.0429796488065404 -0.135565849974335 -0.234494855827934
0.00993582680132688 -0.0890562037785818 -0.3621675306367 0.124428324311355
-0.0113359801965836 -0.0218418672778414 0.0532660506335573 0.324831608755854
-0.0244403107695747 0.000600536134276126 0.21264320660219 0.00972635864818823
0.0260912095192266 0.0153720101592526 -0.0064945665474747 -0.145534560270151
0.0278110899524365 -0.0220985637548634 -0.303628348107458 0.156072998572375
-0.0186884819162682 -0.031086714743442 0.29773231750887 -0.117596325036418
0.0141725735246468 -0.0354387668759506 -0.0145484076712906 0.129169220546204
0.0186842556796331 0.00781676255206385 -0.21833271668935 -0.0290877416417588
-0.0133435331079523 0.0388713173383518 -0.0112351780657335 -0.323997028189869
-0.0551742515029354 0.0434995115872088 0.360477916103214 -0.0524661717067527
-0.0651973259482272 -0.0107113035608779 0.102180959097478 0.251426349659124
-0.0323502997914993 -0.0568400929064163 -0.174503689761951 0.00304664642337037
-0.00777614487427334 -0.0568605065916232 -0.124728406216398 -0.344747156885368
-0.025962215768934 -0.0233157828982681 -0.132870627465052 -0.429061755377324
-0.0309969018820684 0.00672443037752712 -0.274894003983816 -0.204005979669447
-0.0120658454180629 0.0460244754848257 -0.24548213342655 0.160842656274849
0.00603731981009483 0.0157366272705225 0.132962339600868 0.153476744033563
0.0161225791432593 -0.0110605300568268 0.0985174509903159 -0.117457100450287
0.0143865223903943 -0.0505538759959419 -0.0761872954453955 -0.00403938276538313
-0.0237039700074306 -0.0472849225522095 0.064470175264895 0.0281670719195248
0.0109746133891042 -0.0707168204177536 0.292999830690565 -0.0888233064534846
0.0543522242050603 -0.0397012130277821 -0.0302697468144309 0.117783285179236
0.00375069009888006 0.0323080360722965 -0.225360781454996 -0.0694384824361737
-0.0478530337215771 0.029193741244018 0.0275166813865842 -0.339422745347708
-0.0579412156984393 -0.030423640266198 0.362759824674824 -0.00479551830116339
0.0181496167544279 -0.0420260129894454 0.0646289009303062 0.247941732105253
0.0603568292024251 0.0207931525770348 -0.167166221517402 -0.0257225992280096
0.0443719328940195 0.0789051921960218 -0.118545477955271 -0.338563645626518
0.035171366826887 0.100453397456209 -0.165440011774712 -0.398970592039335
0.0837113609869445 0.0412705250763782 -0.31208189635046 -0.142978005101725
0.0675116436738162 -0.0360081156522514 -0.218235674146833 0.216438970337644
-0.0276376006659837 -0.0761093720939743 0.149290521971248 0.124627133255855
-0.0781980600450593 0.0171083553017432 0.0778107754374888 -0.114768056739716
0.0599056568307075 0.0405591556411862 -0.0636822370870141 -0.0159746195418418
0.0826111544562141 -0.0377105388911303 0.0425189561873494 0.0264507792986937
0.0638753810449855 -0.100892630984415 0.291211549480293 -0.0480720898616078
0.110798291185182 -0.0412534851966629 -0.0215793249981352 0.111364752976846
0.000396299831959897 0.0590409201251364 -0.222940485041988 -0.0946489564291707
-0.0704313807603206 0.0119228217323281 0.0610451951125617 -0.361692823640901
-0.0321328004404055 -0.0949407352847016 0.380056194468571 0.0164713029327578
0.112079617512728 -0.0401883576400676 0.0572898747695332 0.236226765712112
0.135516279920719 0.12074973087306 -0.128794644318318 -0.0298362757039273
0.0891740749697383 0.198560927560111 -0.093934093423014 -0.275988065383115
0.125539536718967 0.180128990936157 -0.18035399156446 -0.318930530702022
0.19517908181753 -0.013658828198758 -0.320845570721868 -0.0662938793727717
0.0336511279740203 -0.191151430735582 -0.182331360282493 0.263406595706646
-0.180589332888093 -0.0730237460548586 0.147623010590855 0.123036489783279
-0.106801833241937 0.154068593787586 0.109313945604554 -0.0826610169860319
0.176006564560487 0.0992272405796159 -0.0233637900079558 -0.0751596532788793
0.172170440052089 -0.0591523054619113 -0.0224078916219624 0.00925209253348858
0.146809667367279 -0.106770219494978 0.263581534617849 0.0080001589253982
0.206689934067797 -0.0118378252854786 -0.00760293567655891 0.134966936238102
0.0186213803037387 0.126299982282559 -0.210499913428242 -0.0795650143367228
-0.104762849282021 0.0118435934323264 0.0800550293668957 -0.336159442308975
0.0100705575290294 -0.156181843552031 0.36907854214812 0.0362562972290433
0.204382176161916 -0.00728571802818428 0.0661941242016947 0.21436170378691
0.173946185835271 0.225597251672687 -0.0693720539730901 0.00222873436705734
0.116970987458885 0.285057331647177 -0.0596606029972969 -0.170004952164522
0.215020115711201 0.201206662081981 -0.151386497068626 -0.224961272791374
0.22261754481217 -0.118535879632843 -0.282569077142036 -0.0337499792828745
-0.122990779473483 -0.242083931353027 -0.169979961860816 0.27315837816568
-0.256133722172603 0.113355902368543 0.165190909877394 0.154867669738275
0.0282898013242043 0.271425527003421 0.171742046354652 -0.107452739797445
0.302419038578352 0.0571500586195785 -0.0367876829785629 -0.166144671322895
0.20915748912023 -0.109135337411361 -0.125520125287999 0.0148842022026388
0.233075499605383 -0.0730205461372975 0.194386336019479 0.0627416028441844
0.285877086757053 0.0979201818996611 -0.0337063711956835 0.164059285392723
-0.0270986005772998 0.250188096334668 -0.22543314139211 -0.0383909707775976
-0.198177021866659 -0.014302777659097 0.032828586242625 -0.281282397371477
0.0685479379560036 -0.233636883753731 0.309121412077022 0.0112223994536304
0.273093338831865 0.0464935872374922 0.102370384660793 0.182443001182539
0.166386081389323 0.310980765222458 -0.00347680490657437 0.081480201807048
0.13000793707623 0.326761394540618 -0.0151061736854142 -0.036556366496296
0.267348821900539 0.178938013645823 -0.0788912083027934 -0.147312529804838
0.183514101887466 -0.161880011450472 -0.249786272952609 -0.0823909557849215
-0.169316734782082 -0.150000426625147 -0.231394629303179 0.255858939508246
-0.117799340462275 0.205698402739031 0.162513208888267 0.191595680277924
0.153738973366306 0.187779965959105 0.169240329010812 -0.138627105158971
0.306252049875567 -0.0421912762127571 -0.097440592695862 -0.198791156515583
0.181085058158412 -0.14502332085101 -0.226939988098147 0.0610711117736885
0.265845178036394 -0.00427391126658089 0.0936199426268107 0.0817373732400416
0.237512699511186 0.224094776979541 -0.0764438829977284 0.124567827654719
-0.179708604656694 0.267921315366297 -0.217037963664213 -0.0406691963767508
-0.240751253386173 -0.145975724753532 -0.0115939624714153 -0.243806438471978
0.16396215620867 -0.267287941517496 0.272716599898246 -0.0516558144241921
0.278659448463461 0.107063092769464 0.17174523708697 0.170498289394392
0.12320427964459 0.337586669927265 0.0479303769619146 0.196218502030881
0.127333131984039 0.321193066194146 0.0328427148889537 0.10100408781236
0.264544303196487 0.148077728115703 0.00870716127682395 -0.0978529804778069
0.156703910978012 -0.135129852070881 -0.240821623991299 -0.151295299741647
-0.0895923524192504 -0.105975113375698 -0.321907822416018 0.254743172460007
-0.0210501693205078 0.10198354591665 0.138648205973513 0.267142360466488
0.102915015347699 0.0567766005570556 0.165430588342687 -0.0957766556972152
0.197270387616168 -0.0697856356505242 -0.113686859845987 -0.168243697723904
0.119533061737285 -0.133770586721334 -0.288389316533325 0.121490301522706
0.221653656654013 0.054244502900717 0.000579241738431771 0.053613930416352
0.101831518049921 0.239199184301471 -0.0505637085027653 0.0411689799095983
-0.229509261871573 0.114208359262235 -0.143843243407844 -0.0100424401936074
-0.105129019030433 -0.214755860899868 -0.0417944727708912 -0.184196133865752
0.211422452664339 -0.174968086143708 0.264036835082807 -0.085272864769832
0.210517519608499 0.129082621463101 0.22210750188069 0.192958503265475
0.0740008151151428 0.289115635526441 0.075985799203593 0.309887321246693
0.105585641707177 0.26760337346806 0.0756368192874078 0.222121509399867
0.213517411114153 0.120735745125181 0.0875202871738971 -0.0578565766720901
0.140417829072796 -0.0923710046593927 -0.209176004788712 -0.200086791430214
-0.0245343869867699 -0.111702859224352 -0.357713450827411 0.222524320316319
-0.019763596972393 0.00781902301455412 0.11439490822249 0.318953244683209
0.0101777082675364 0.0125262183849359 0.196895719605408 -0.0399389539506806
0.0904071696184002 -0.0260784606004078 -0.0674652432419421 -0.146786694070443
0.0632377089803574 -0.0826831976287276 -0.305795959078157 0.160974415502863
0.130633721437806 0.0654676153089015 -0.0542533055801937 0.00642987196707473
0.0119205578093916 0.154779460716342 0.0244057141170952 -0.00344217887764673
-0.134723064059003 0.00923503988397143 -0.102594199405401 0.0708430046853408
0.00693980520953793 -0.124482910849966 -0.0980710168703123 -0.149230385115243
0.137163254149931 -0.070834496677172 0.25590513123491 -0.108893254418333
0.114348523261778 0.0873624888293924 0.244016835095204 0.209118745697362
0.0377364351993072 0.183104130974749 0.0950862977097429 0.387906210767589
0.0649775426492505 0.171864855734735 0.106703461095984 0.310338387422198
0.129652208903185 0.0868422556569544 0.144182725769352 -0.0128979734144921
0.106714984431555 -0.0469686044842594 -0.144121688395466 -0.230461824549713
0.00715933919292903 -0.0902952916077758 -0.360477375828952 0.136924586300899
-0.0129663164228445 -0.0224488748544225 0.065590131253104 0.325281157137952
-0.024143035755944 0.00116239118431533 0.215522210048273 0.00334730747685423
0.0277783670330307 0.0157707788249845 -0.0107115177075049 -0.146601054256938
0.0280057810581912 -0.0223783321353931 -0.300692255585165 0.167256862036718
-0.0184908280787188 -0.0309501010293704 0.296652103934717 -0.12640302058208
0.0137425863086759 -0.0360913311070124 -0.012519639733123 0.132580143422086
0.019182366094477 0.00656222236579918 -0.220394425079703 -0.0236337384138738
-0.0119887584810969 0.0395797040701239 -0.0182248075444057 -0.3256311430928
-0.0547573700252046 0.0468539898871117 0.359790972445034 -0.0630290403607375
-0.0654175399317712 -0.00858773617647834 0.108074484964197 0.248815358133772
-0.0335159708931099 -0.0554356476668695 -0.173739826403982 0.00490870527827443
-0.0101497953917322 -0.0567795437286449 -0.132535705734112 -0.343162483978349
-0.0268897333931275 -0.0229652372517992 -0.142736733389968 -0.427833558783574
-0.031168699203407 0.00717570330407854 -0.278501356827728 -0.19917293714354
-0.0104051941931261 0.0457234706187574 -0.242165814488629 0.166776992363128
0.00671223131343532 0.0153987640525451 0.136492306604902 0.150839178923565
0.0153036272828344 -0.0116349534618404 0.096630485540591 -0.119061656340922
0.0136417366733599 -0.0513186145751949 -0.0766936098894486 -0.00157512867853422
-0.0260243031062621 -0.0465169987688872 0.066201734166166 0.0252156303486438
0.00953144298906073 -0.0704104641658253 0.293763075162845 -0.0960073145394554
0.0524531685118465 -0.0412765517979948 -0.0287797689142207 0.119695023859154
0.00464307667923126 0.0325950390225943 -0.227217095240779 -0.0639511196349189
-0.0466389957479796 0.030377505163079 0.0192975157628715 -0.341228330191411
-0.0588520396273662 -0.0271214490225984 0.362657626907527 -0.0142291231526169
0.0169087607379015 -0.0420459092782747 0.0701754579489062 0.246532499554493
0.0616352940741001 0.0202594208788555 -0.166399709893747 -0.0231351974096594
0.0452591568061305 0.0790479314878495 -0.12668147942061 -0.338573091656627
0.0381553734969832 0.10024810279637 -0.176006021544547 -0.396957600403677
0.0854090444501289 0.0402753140556112 -0.315177355804059 -0.137975216179321
0.066798320651908 -0.0375376332038173 -0.213439859784902 0.221990436344546
-0.0295115004081679 -0.0746350328678232 0.151523133733484 0.120631401630068
-0.0762687476719039 0.0187402133234572 0.076515514874606 -0.114511460754996
0.0611330172060214 0.0394796547062164 -0.0634702601116757 -0.0143722194972051
0.0820448170708152 -0.0396560706990072 0.0450804085726609 0.0253194936797748
0.0623492472133803 -0.1010144922021 0.291584544730397 -0.056730364588225
0.109006219187182 -0.0445623890036702 -0.0195381424347881 0.114061253694742
0.00164862157646005 0.0589584441881362 -0.227716237290267 -0.0897587670400582
-0.0709874163380648 0.0139580647225573 0.051848278583163 -0.364887656353954
-0.0352366976659629 -0.0945053050472341 0.379765103185881 0.00582313391315313
0.112054554789215 -0.0417898619990203 0.0641651983270985 0.233182186848866
0.137834834362149 0.119774597524226 -0.128110514321894 -0.0297780921542252
0.0928080234269667 0.196807833430498 -0.101007792199644 -0.275948826434687
0.12855296433586 0.17924477931351 -0.189814227020537 -0.316600782504519
0.195036259410362 -0.0163248074366794 -0.322454285281815 -0.0581731864111408
0.0300732524508707 -0.191547866844278 -0.175279217956753 0.268912866564034
-0.182820826164335 -0.0692866792572401 0.1510581142504 0.120627814883532
-0.103215686945672 0.158233221042886 0.108025028505545 -0.0848120131897651
0.179265493391054 0.0952881175865041 -0.0255783279517269 -0.0749437582521804
0.170221445506544 -0.0640126376500074 -0.0213409285975661 0.00975271544615761
0.144894710950039 -0.1102660120608 0.266194674638109 0.000792786487478662
0.204696127693194 -0.0153942650095728 -0.00538292275793515 0.136688069579878
0.021277223761899 0.12698046561216 -0.215350993690578 -0.0740496222569053
-0.104528497932696 0.0128841395731149 0.0697926323897429 -0.340769655959547
0.0079299038525596 -0.155005827864549 0.370868894357111 0.0257385396411036
0.206266860327986 -0.0112711188963945 0.0719405832998524 0.212650518610902
0.178918479152813 0.222420828267655 -0.0683301092367411 0.00239505253971842
0.122938095411919 0.281351837059778 -0.0638096140283741 -0.168913842293047
0.218408067123943 0.197206718027404 -0.158786748063185 -0.221813465919342
0.221549882163736 -0.120796349017845 -0.283736574815874 -0.0274047539779544
-0.128244365989736 -0.238323048609088 -0.163401848568703 0.27891697940694
-0.253246450042327 0.119753188688906 0.170624406970078 0.151469454193736
0.0357797208551653 0.272343411527532 0.169592995315229 -0.111473671580114
0.304293232453981 0.0488333088095983 -0.0420513968880209 -0.165185269843776
0.207836277374655 -0.116016369192198 -0.124597512660766 0.0186766199880613
0.231464508738863 -0.0789661907501459 0.197156347452142 0.0583006813584576
0.287063624485701 0.0896807874640935 -0.0312249626279859 0.164994786955657
-0.0192661826416455 0.251645825640299 -0.228664510268528 -0.0334944872458781
-0.199930625210216 -0.0110289704962784 0.0256165513514981 -0.28272563729243
0.0657662194203285 -0.235258060177938 0.309740449709808 0.00135316265814727
0.275750981303715 0.0435093380540735 0.107438025985107 0.180251759548052
0.172934157205443 0.308289914040251 -0.000654224661798583 0.08175448912981
0.136860465107713 0.325664291096501 -0.0168535456525274 -0.0359096096440772
0.273363853050115 0.175172900064804 -0.0842224293103374 -0.146594390036328
0.182967229335878 -0.163853494926403 -0.253051479038749 -0.0760441740267192
-0.172093510656767 -0.145299700708678 -0.22589115927825 0.263340565309123
-0.113374586355811 0.208322982029143 0.167511538011287 0.187521864938561
0.158079899938109 0.185816427879395 0.167091452000891 -0.142516809963979
0.306565513755991 -0.0488221401151376 -0.104388775611658 -0.196281784484124
0.178959335616515 -0.150023968197178 -0.22678529706893 0.0672247141032238
0.267357405186771 -0.0117325435241912 0.0961433740975338 0.0800916380388317
0.244158063896054 0.218419812155116 -0.0733845332328572 0.126357684811355
-0.171065914478462 0.273481233037036 -0.219538477770042 -0.0357783498177737
-0.244844263872971 -0.142244761746987 -0.0178979969279225 -0.243824612031006
0.159965526878949 -0.270109303657848 0.272414016815078 -0.0609193458402926
0.280765898425603 0.104737287588212 0.175386729048892 0.167626141966555
0.128395678325893 0.33693217527504 0.052826656090793 0.196213154754968
0.132143323979552 0.320336714554566 0.034933160861891 0.102039693920912
0.269228138960923 0.144827168857881 0.00527761290592436 -0.097050215235414
0.156818433738697 -0.137592018145565 -0.246041357986148 -0.145778084142731
-0.0913242277415024 -0.104720129107547 -0.31550006486509 0.265385577586904
-0.0186166112305735 0.101898090398713 0.146138893990991 0.265377467527431
0.10295388190351 0.0556529537946546 0.164073774783156 -0.0993733658332694
0.195985450217946 -0.0747214266025896 -0.119641998551837 -0.166106602604392
0.117432987482301 -0.136587698045695 -0.286393143073123 0.130205597285516
0.224957891479897 0.0474525973638654 0.00249222706836315 0.0537073918310861
0.10901496466991 0.236960137743026 -0.0504071400320883 0.0423767659249845
-0.227013663242415 0.121465381127449 -0.145473064039882 -0.00709022527551923
-0.10948153063665 -0.212836351077911 -0.046741365652423 -0.183234642886775
0.20844450420667 -0.179538120648501 0.261599511111708 -0.0931670228545391
0.214286764548852 0.126143760955439 0.226371046778683 0.189255016535932
0.080411085599888 0.289816953830397 0.0822679248169993 0.308401513311837
0.110114869505603 0.266928720497659 0.0811953193683435 0.2217721169394
0.217073322241575 0.117102158291189 0.08515015833174 -0.0571933251588178
0.140983696235885 -0.0955425505468907 -0.215598614602845 -0.195935447294194
-0.0275814988287812 -0.111560080098684 -0.352893327239247 0.233269270382642
-0.0204939224895576 0.00823591208184713 0.121941208220921 0.316604767314589
0.00985035027166682 0.0129687183916359 0.196579114391404 -0.0445809628832423
0.0905015536933812 -0.027734960637396 -0.071859715748821 -0.145943299601725
0.0616906451682252 -0.0837362376600047 -0.303431177135515 0.170046980011083
0.134157490039486 0.0621905769460352 -0.0544870352575312 0.00934873769063136
0.0170052021794293 0.15514099200178 0.0231221552428653 -0.00374290809828621
-0.132645132943346 0.0119804851425902 -0.100983566197468 0.0724315601072208
0.00458566823600677 -0.124227782507755 -0.102050016875784 -0.148191759202088
0.135263723964423 -0.0736006657037279 0.253438109901983 -0.117323715718847
0.117356695320224 0.0860130924063303 0.249736469478648 0.206169897355254
0.0412077885033208 0.184374856453314 0.103058934954101 0.385314939641607
0.0681402408265999 0.171006668443243 0.113323316210286 0.310097832824902
0.132876399648365 0.0863830658621585 0.144593181350034 -0.0147485702664272
0.107051820978732 -0.0500927565064863 -0.150135658869448 -0.227815407408485
0.00548737838305746 -0.0898639024811593 -0.35735634341204 0.147383057780386
-0.0128154895197285 -0.0214549073917403 0.0713766747260546 0.323106490676837
-0.0250357761136768 0.00264310969779421 0.215676782356261 -0.00142002388660152
0.0294635167940958 0.0151632948867402 -0.0148057285740773 -0.148767370733366
0.0280274657674384 -0.0233182687276583 -0.29870095143676 0.177228932982028
-0.0182048614238216 -0.0282082205518017 0.285285815641356 -0.150462793414168
0.00926704411447121 -0.0358751993071446 -0.00185548705976877 0.132975493530052
0.0172630228399557 0.00390896919684994 -0.220985136240518 -0.00652697833329365
-0.00907585413004769 0.0377564575510578 -0.0437777079592841 -0.320551873495895
-0.0480659736998979 0.0492261486456021 0.352644616685168 -0.0892725077323025
-0.06464821373549 -0.0014309495301331 0.126016181611788 0.238805035951697
-0.0376126045572456 -0.0503313212274132 -0.172259340283119 0.0170989633278826
-0.0149127945025615 -0.0549893599980797 -0.155918424270207 -0.33578133017941
-0.0257206853397739 -0.0174574402738051 -0.175526181645965 -0.418323930047358
-0.0277252356735366 0.0115841697816709 -0.294797193942331 -0.179661968893769
-0.00318739276001186 0.0447323180509272 -0.231361642385708 0.186084915085044
0.00659956708972212 0.0119003603546899 0.149573188211779 0.141127743045168
0.0127952085443619 -0.0111976587804533 0.0877381892888133 -0.126077763863433
0.0105141213227513 -0.0535939896425274 -0.0768636469402678 0.00744645494627335
-0.0312380891420615 -0.0460266046309858 0.0705529911029291 0.0195669058680044
0.00626997638300901 -0.0695682944636367 0.285608760726483 -0.120390214091223
0.0477370689246863 -0.0425194527878557 -0.0187743531827016 0.123698189542011
0.00535046900326828 0.0305154689825891 -0.23235743840096 -0.0451271520560126
-0.0440682746702459 0.0309280494798813 -0.00779113392633898 -0.340158097984943
-0.0576130966802739 -0.0233454892529249 0.357999488805837 -0.0425593832870701
0.0154973712058212 -0.0411410106946274 0.0881749015885657 0.239410754772372
0.0620123750304491 0.0174743536030178 -0.166931410929829 -0.0130131661333407
0.0508388613735097 0.0764835612660074 -0.149565390000795 -0.330002781503595
0.0472721686732742 0.100893152302152 -0.206751359122879 -0.385335453487334
0.0916368449565554 0.0358702588563247 -0.327672302623813 -0.114727380321016
0.0684933845657523 -0.0447020652576432 -0.198007048653771 0.240309902855153
-0.0376434156991539 -0.0755870668810475 0.163095788026604 0.110443920043334
-0.0780138563727148 0.0274242224438619 0.0689852788744659 -0.121853684772206
0.0668218192952374 0.0342688630202688 -0.0665331716283835 -0.00779712371378093
0.0789665809496413 -0.0480709530600122 0.0473046161498906 0.021384925243015
0.0567785236056373 -0.103268031722172 0.28568356225898 -0.0795315333372856
0.102900004926714 -0.0507606293301638 -0.010586689950338 0.115044282170704
0.00353935220003169 0.0571795306221955 -0.233974291350536 -0.0712054933788867
-0.0694584009542005 0.0153358707328378 0.0221884324315687 -0.365933565556839
-0.0378517463576025 -0.0907463734196357 0.377341159721163 -0.0231160267865209
0.110800136765399 -0.0483558417252661 0.0805327145069228 0.226578948508874
0.146903655536049 0.109707574443927 -0.128872834794956 -0.0207663683374455
0.106891157223474 0.191986293358551 -0.119442317324008 -0.270044604239053
0.144143884724743 0.173998448261259 -0.214681780286611 -0.304701531063102
0.198622331822067 -0.0295266887806479 -0.3308893269915 -0.0327566518095786
0.0204603318062325 -0.199155821509676 -0.155304672137419 0.287238695158446
-0.191324756673389 -0.0578755524503254 0.164880329491781 0.109693649749453
-0.0931996453948864 0.168938699837221 0.103416079014274 -0.0961059392989748
0.189538144971584 0.0812809270666814 -0.0370100466958081 -0.0726738428547789
0.168020748488758 -0.0793028076146556 -0.0225392078912553 0.0136079437275641
0.138129824465099 -0.119816337748601 0.266414252692048 -0.0208597352372279
0.200840409592701 -0.0297787857076121 0.00614847152882439 0.136380824577667
0.028773800879927 0.122354140977865 -0.220940451282436 -0.0562438301073012
-0.102586059425279 0.0176065140387153 0.0408991921244038 -0.343482218629134
0.00143042375641775 -0.154697470419286 0.371206962878715 -0.00411501734063227
0.205416761668103 -0.0253841976386333 0.0893239994118626 0.205432098870872
0.195874031009748 0.210605326691583 -0.0661336093508996 0.00675365494759021
0.142435527237497 0.275504279074872 -0.0759546952037289 -0.164444095781474
0.23591994075935 0.184899132254257 -0.1776095496489 -0.212697473525477
0.218213844573833 -0.136725598144838 -0.290426262296253 -0.0041672110784086
-0.14465295748063 -0.23469394534545 -0.141177097134227 0.296921821840805
-0.249197626244794 0.138276124685137 0.187481264576282 0.135727880291059
0.0536730790170197 0.273870000470166 0.158785957863815 -0.129791069255715
0.312033869064898 0.026882705125468 -0.0640665419500811 -0.160864424757116
0.203197510156786 -0.133171961086313 -0.127135386315557 0.03302687560879
0.227140975063991 -0.095909734815689 0.202349478012874 0.0416947694283889
0.291716922332972 0.0700646729227523 -0.0150112266854799 0.167646411201499
-0.000464288544418417 0.250413057868801 -0.231267532300369 -0.0144287913563465
-0.197434733832217 0.000829477259727749 0.000452314716789157 -0.282496613831714
0.0527206148522019 -0.237674917974915 0.309329984157759 -0.0236608047911989
0.279267407273295 0.0236744909659384 0.12205451107257 0.17057778981167
0.196779645617527 0.294772051216723 0.00653234656313872 0.0813709490537284
0.158180901525501 0.316903466346379 -0.0193772148970843 -0.0338800275197956
0.288731485102595 0.158463752966124 -0.0979721110222596 -0.139318841143044
0.177050192161673 -0.177860377840434 -0.26315788812392 -0.0547087849023815
-0.180747925594375 -0.138586039218526 -0.205446023668474 0.287213662555922
-0.100531293968024 0.215617766236102 0.185660158991935 0.173511934013842
0.170382616566186 0.175301430992071 0.15292315037047 -0.159528517998206
0.305749831429783 -0.0707347341683045 -0.128782541550034 -0.18434160599332
0.173630343163038 -0.164596198140305 -0.223867464870473 0.0923208377942997
0.265593961602536 -0.032102000405191 0.103706302397444 0.071938921695839
0.260067941421906 0.199638297886481 -0.0602009039992676 0.132998422473359
-0.148716327629221 0.284092133742207 -0.223982116304942 -0.0167848205572514
-0.253139189642969 -0.124428927572197 -0.0392724012529862 -0.24229196307095
0.142503345837417 -0.279246645185339 0.26633371205957 -0.0831861939156809
0.288458268160678 0.0842445043302825 0.188118980628193 0.154387686659266
0.154729502472911 0.327908937327632 0.0684254196595046 0.193108709913398
0.154305174338251 0.311137671533814 0.0420081923585645 0.0999431734661656
0.28330846753951 0.125827691025167 -0.00489526942607203 -0.0972816058411791
0.151470183810894 -0.149144832604223 -0.260955998855152 -0.12509018250473
-0.0950891690543266 -0.102929908023504 -0.296602885977426 0.294394747745445
-0.013481852356129 0.0995173500941681 0.168725691922313 0.254152812523126
0.104570819535103 0.05034135630547 0.156712578365684 -0.114099866421873
0.193812802557313 -0.0867710090578981 -0.137358271515904 -0.154245174188682
0.113952654112713 -0.144724552618227 -0.278623711187168 0.159783828349742
0.227694952418802 0.0290492492422054 0.00710638080931586 0.0540477077125422
0.127915289972252 0.22834066929811 -0.0461802096334512 0.0466082397579053
-0.214726812290595 0.138255106310227 -0.1472499689422 0.00398898896503805
-0.126396466905957 -0.204412551514009 -0.0614636847237927 -0.179173372147215
0.196153334837328 -0.192974377596338 0.253137858207004 -0.11322148069588
0.224039189642327 0.111158243160553 0.240248444214095 0.172840610455506
0.1021700233694 0.284125797173759 0.106793940142336 0.303947923553969
0.129242279348763 0.25824716067411 0.0957209323546284 0.217574909598011
0.228113147508427 0.103083915488374 0.0794987038645476 -0.0615207425845475
0.138530682050265 -0.106073416355383 -0.234244633318019 -0.177919166001451
-0.0310784479553186 -0.113233410202275 -0.337611680413387 0.266149227122681
-0.0218374583755473 0.00439203704737436 0.149991938479537 0.309971882260779
0.00718856292775578 0.0132621991030349 0.193981335311749 -0.0629219333114601
0.0906650176923078 -0.0320674804429903 -0.087301092083287 -0.140495802265474
0.0631203252995268 -0.0871261730275811 -0.291447187264271 0.200509044209745
0.138278187010927 0.0510947432556769 -0.0523207170862949 0.0146233877126623
0.0300344407535804 0.153728670464213 0.0223904877547707 -0.00537252327872003
-0.131154119178523 0.0240853240685979 -0.0974236643875363 0.0782832722487213
-0.0065349674659766 -0.124262934874409 -0.113079278554884 -0.139812822491329
0.130717535132384 -0.0839659934228406 0.244381555537297 -0.137155525426975
0.125741476151855 0.0768800930083048 0.263610160430744 0.187797366802624
0.0567371717388352 0.180820436821825 0.131540491063755 0.379522919999411
0.0801921287805855 0.166754535189863 0.134017033700317 0.302971460844505
0.142721637407998 0.0777998734074303 0.142876794285901 -0.0231650434716187
0.105844080561626 -0.0564272701833085 -0.1705523952174 -0.215979159358235
0.00291636794605479 -0.0939285860827776 -0.347109926677965 0.178538950888381
-0.0149263605932121 -0.0246010037349183 0.0989447374647288 0.320520444036881
-0.0279613167024178 0.00623286063788096 0.21730019685005 -0.0207693211045588
0.0299761692842482 0.01575326415807 -0.0298114721971983 -0.149417185002545
0.0333914465846499 -0.0231201857116146 -0.285545147891008 0.20540546022833
-0.0184743131878585 -0.0279839365445156 0.287004617189399 -0.157765457357863
0.00852682608208867 -0.0369785983424724 1.81744732555353E-05 0.135870606720433
0.0174294687159249 0.00322839790331854 -0.224370174436143 -0.00108327071771899
-0.00744029477141035 0.03945764143132 -0.0512996792771922 -0.32486293677501
-0.0463661279629806 0.0527465438733536 0.353170274932875 -0.0964020052591718
-0.0650081924691126 -1.97763940752195E-06 0.132713764146809 0.239355375327498
-0.0388230884326457 -0.0508955469979309 -0.172960775117469 0.0180123002845163
-0.0164402296949173 -0.0551518048590861 -0.163626542063549 -0.337906342174597
-0.02604023566129 -0.0168605609155784 -0.187404144027654 -0.419320590757974
-0.0272701208422046 0.011848443727037 -0.299431183572831 -0.177845189296973
-0.00249001233123292 0.0439724284513284 -0.229803454638978 0.191505302588239
0.00760495569121825 0.0120641055535987 0.152809260362729 0.139843331065174
0.0122680804994083 -0.0107011361522019 0.0866486965569247 -0.128548737045581
0.00949538665700735 -0.0546891345353969 -0.0764060225691162 0.0105834889514653
-0.0332212207359076 -0.0456826824651791 0.0728898177463564 0.0173472991032679
0.00528649278621243 -0.0690855696142844 0.286941956002328 -0.128244908913348
0.0460614182898388 -0.0441522187424645 -0.0178108240178766 0.126587562490943
0.00480829270505661 0.0314034020971391 -0.23713352389475 -0.0400114270069794
-0.0430234030969181 0.0327092730789996 -0.0150497045363377 -0.345520225458614
-0.0581765178220628 -0.0214231976814588 0.360835388372434 -0.0494406219681662
0.0154913285002771 -0.0407417665888442 0.0947834534833542 0.239429622041105
0.064851630479269 0.0176775519551356 -0.167385158265285 -0.0108060610473641
0.0514791851248867 0.0763067939804037 -0.159046743694282 -0.330933575569467
0.0496017697445859 0.10229730919599 -0.217426914064365 -0.386580797692293
0.0927852855307623 0.0346326984559332 -0.33298039492421 -0.110685131292291
0.0690090356605723 -0.0473974515797783 -0.195383751432715 0.24629618114123
-0.0391488247069565 -0.0752809486719086 0.165668289956937 0.109074794997412
-0.0785880308718862 0.0300349268987863 0.0679358174592391 -0.123503714375671
0.0685663527417411 0.0328399968181682 -0.0674644110747305 -0.00564935002231907
0.0787844336752557 -0.0505627657386585 0.0490379753666152 0.0196551323322217
0.0548169679487717 -0.10568496089322 0.288977939925124 -0.0878083098784286
0.102007788152341 -0.053096652362717 -0.00855787131986504 0.118933562407164
0.00380611483914551 0.0572296266742115 -0.239349536266997 -0.0661211777102678
-0.0705276758261089 0.0171393170559437 0.0134672755266526 -0.372120305517919
-0.0384570387375137 -0.0902273701627919 0.379745301784714 -0.0327359198830725
0.11198902723431 -0.0499991346041866 0.0865163710215896 0.226745246113056
0.151699970884862 0.110524661645737 -0.128194731893272 -0.0207576422453767
0.109101966129456 0.192961569183263 -0.125813382984435 -0.271104765041555
0.148769777520813 0.174896469323839 -0.225058685857741 -0.304737999741743
0.2010492487845 -0.0329120049235503 -0.335034653033712 -0.0277404916416902
0.0171865213038238 -0.200815586963388 -0.151729235508142 0.293694121819802
-0.193794675327501 -0.054120070657448 0.169349765916119 0.106992123912838
-0.0905226143173217 0.174501162828814 0.103302743642485 -0.100809879059334
0.192643568143081 0.0791958683185107 -0.0396753655956204 -0.0731547142104389
0.16867057870532 -0.0846335743620409 -0.0208508240033456 0.0142929292607139
0.137525407900667 -0.12423101347917 0.270224213722091 -0.0274178703648008
0.201770235588912 -0.0343035166422233 0.00870572093813486 0.138707745794735
0.0319167462914753 0.122287618587651 -0.227437934403562 -0.0530598439312087
-0.10389049035844 0.018603404443343 0.0337260611635196 -0.350588252048262
0.00105251078132895 -0.155335849968753 0.373705616825551 -0.0131780220948717
0.209224086639257 -0.0272350700689987 0.0950106475428504 0.205277518365076
0.201083261899309 0.210417071078206 -0.0652515864587202 0.00606920600147381
0.148000534483086 0.277217235843469 -0.0784379067160334 -0.164543850913789
0.242811460058057 0.185118482618768 -0.186365032045913 -0.209940525433648
0.220184920155956 -0.141199260434467 -0.293499843140251 0.000628882990757841
-0.148349472213685 -0.233468591434951 -0.136232259368191 0.302881047056654
-0.24911287999048 0.144900577926679 0.192468250182372 0.134020848943271
0.0608278859616286 0.277014796298898 0.158312997731538 -0.13531731935804
0.31742459887022 0.0196826778213299 -0.0689151208964971 -0.1608354451259
0.203553448845032 -0.138964260088396 -0.126622624027705 0.0362794002385019
0.22737013966091 -0.102793703850034 0.207474716141161 0.0374874891732162
0.296008789765935 0.0639745763319585 -0.0127783365782515 0.169747136746485
0.00410408842777688 0.253116127759509 -0.235126617507359 -0.00996621224110795
-0.199953743042979 0.0034666291447873 -0.00562007746076385 -0.28792333158518
0.0504320306031851 -0.239528294466256 0.312118442661146 -0.0309913635514819
0.283266792243158 0.0215674910925681 0.126823509618302 0.170073517675467
0.203504473998142 0.296820952824103 0.00869600605411413 0.0811833983159552
0.165222775993269 0.319539079045779 -0.0206440206984942 -0.0332560825070057
0.295281015852149 0.156713276831108 -0.104139147565161 -0.139228954177808
0.177682070422794 -0.181534400008751 -0.268376491620003 -0.050123945241752
-0.183885786425223 -0.13579061148842 -0.2016168726708 0.294751245875833
-0.0971750662098494 0.220098928204167 0.19358776807049 0.170811813422549
0.176294077069501 0.177402449801717 0.152917338357066 -0.165691594058676
0.309252693604617 -0.0788402515458601 -0.135868422246114 -0.182694912231689
0.173401818394286 -0.169586265169754 -0.226184860129376 0.0988331742964244
0.270073056537153 -0.0382701366172444 0.107563117870685 0.0705557377919551
0.267282214066874 0.197251517598217 -0.0585419571177596 0.135744533793894
-0.144346661798986 0.290741386611827 -0.227824602197679 -0.0127993069594106
-0.259940196292173 -0.121468664814181 -0.0453107717606598 -0.244340113448681
0.140598780982913 -0.284235124496607 0.26660163231328 -0.089336318065057
0.292446182669425 0.0815767416853148 0.194916686149532 0.152883158260767
0.162199655436391 0.330727057465337 0.073474794518377 0.192637498734704
0.160544895495649 0.313101157859192 0.044123671326102 0.100777302220312
0.289970778615866 0.123917609566003 -0.00862462244177795 -0.0964031363505743
0.152285801735804 -0.153162163270131 -0.268096743614736 -0.121503740381428
-0.0966877309752754 -0.103001996323871 -0.292264652515435 0.305037235710547
-0.0126288086077087 0.100969661711736 0.176521248750428 0.253214960186852
0.106097757506262 0.0491030359580655 0.155987094353203 -0.120540798841144
0.193833852424477 -0.0914417961336725 -0.144176544335656 -0.153126764376513
0.113545449392585 -0.148492337342354 -0.277649630557988 0.16752566322705
0.232185139099506 0.0241521251279539 0.00908242475947283 0.05473522505808
0.135539221205361 0.229101142529598 -0.0460562052191118 0.0475571612372359
-0.213196366478023 0.144769112398811 -0.150798081083328 0.00760258944048333
-0.13305865017075 -0.203641795402296 -0.066810338129464 -0.182247042428147
0.195918365777415 -0.198910919766673 0.254140609150623 -0.121010561955966
0.22771755631174 0.109864198707638 0.246228466940349 0.171255206410515
0.107248170244893 0.287407570677806 0.112829853982298 0.303125898419428
0.133621098144044 0.260199880721035 0.101236048481279 0.219116504463811
0.234561217318349 0.10116373894335 0.0785902957922224 -0.0630939799861391
0.139870028294523 -0.10920151538106 -0.241042854792324 -0.174334192451776
-0.034114051858015 -0.114843247827836 -0.332927642928793 0.277836767034629
-0.0224316193916247 0.00546727040085819 0.158014286497919 0.310052511151065
0.00683401723986004 0.0153664748720012 0.196779756960413 -0.0677634868765847
0.0916439956681041 -0.0344943573081177 -0.0913761588250429 -0.141734803992611
0.0621544330599275 -0.0888440342398884 -0.290292906685179 0.210257006891736
0.142169192087943 0.0477786664149693 -0.0529181796410077 0.0165750070810066
0.0347795697185579 0.155991454664083 0.0210139446511626 -0.0075625574765937
-0.131174279021283 0.0262218748389675 -0.0977697246545919 0.0803111610542852
-0.010102879477857 -0.12517314383814 -0.117303324140549 -0.139613357950765
0.130668091329159 -0.0862343232776735 0.243251317396889 -0.14473287454499
0.127760419837259 0.075714358394751 0.269696379852973 0.186207212202895
0.0609394333001507 0.183992790298753 0.141312678736244 0.379882181458065
0.0828335168987634 0.166993873700632 0.141060871458382 0.30470328513225
0.146479544016184 0.0767347880369996 0.145311498211709 -0.0239462501231143
0.10649848453126 -0.059766042331703 -0.176781096427652 -0.214555317130731
0.000687300308244029 -0.095476815561349 -0.347902525508289 0.187803372589496
-0.0156588759182116 -0.0251312053674928 0.10672887178337 0.322602330248896
-0.0288994827828071 0.00694188539243902 0.221092889624308 -0.0256181977191858
0.0312096591622727 0.0152574120108116 -0.0333471731538548 -0.152478546388353
0.0336733690075297 -0.0246504265266331 -0.284212837166946 0.215016392472701
-0.0187233166279557 -0.0270585613456821 0.284208829391001 -0.169377431428772
0.00625864200607128 -0.038168405906956 0.00412392201208489 0.140295023836299
0.0164013629888642 0.00215853355768268 -0.226962601994649 0.00674953821673451
-0.00587465033946912 0.040378030253305 -0.0616509532426039 -0.328773155851374
-0.0449530219978329 0.0551093965429108 0.352734569767023 -0.108408991101922
-0.0653855544715327 0.00153763499980332 0.141116498835788 0.237032056745548
-0.0395381199274768 -0.0508202410051052 -0.172936543736891 0.0213628356671008
-0.0180247518571387 -0.0548533156657333 -0.175953012755659 -0.336668778764828
-0.0260878893308321 -0.0165691245242924 -0.200878208007389 -0.418255599970061
-0.0276096877603581 0.0133688304108299 -0.30658683132699 -0.17165457016825
-0.000724673744106008 0.0440988487747199 -0.226412344125501 0.20201923631923
0.00770020686189277 0.0114196527507358 0.15798297634165 0.136282056823619
0.0116740215414065 -0.011856490778547 0.0854495963438505 -0.131992779233871
0.00796674131714789 -0.0572678317232266 -0.0765816844242701 0.0136107110968339
-0.0353221958087672 -0.044254731998651 0.0747125955996201 0.0137886978509543
0.00442441120927219 -0.0697828013533347 0.286693022220313 -0.140652687485001
0.0449365724886692 -0.0462473232560773 -0.0139169555314431 0.13068554622307
0.00563297840950603 0.0301187628982771 -0.242655589515734 -0.0324939096959051
-0.0425683454312472 0.0341582104702725 -0.0274373080980116 -0.349549094737998
-0.058888165123962 -0.0186875103759825 0.36184287498701 -0.0613792756539164
0.0153625774505462 -0.0415401629496656 0.10330616616007 0.238788656418023
0.066235621839564 0.0168267529316262 -0.168470957523405 -0.00911819362697573
0.0535815036937348 0.0762088498807767 -0.169749509867724 -0.331320579658408
0.0527897617965508 0.102651444598702 -0.231391979901996 -0.384731415640992
0.0948911485285809 0.0329331523602874 -0.338898433298456 -0.103619090078585
0.0685019129309485 -0.0494618459843465 -0.189833100994058 0.254765252362747
-0.0411214476298557 -0.075822511480409 0.171624374108464 0.103964417136897
-0.0773033671319036 0.0332224793415976 0.0661395302122993 -0.126545589276415
0.0705245915528476 0.0305186825492802 -0.068437762693048 -0.00359156470482403
0.0769644850495227 -0.0540493148461022 0.0515015034322522 0.0175684108988104
0.0521128514867198 -0.108205939411892 0.29061202471928 -0.0982934522455688
0.101177710057424 -0.0566656881113228 -0.00538203318158375 0.121749089920362
0.00547470213128075 0.0582556862156133 -0.247031618437494 -0.0591352310568114
-0.0710953859321009 0.0193040488149447 0.00113547977677362 -0.377382124105921
-0.039897745516432 -0.0889791127455891 0.381820459775857 -0.0456891908301255
0.112526676044025 -0.0530790697280221 0.0949725359504396 0.226110703556821
0.156354063373524 0.106833952246662 -0.129655051003288 -0.0196338633698987
0.115313034516784 0.192834674342914 -0.13554834693765 -0.270800828823227
0.154751009177348 0.173035978431085 -0.238286223197184 -0.301342551755946
0.202381969251614 -0.0377844778954268 -0.339174698543402 -0.0190428355971203
0.0122403778020837 -0.20336059547668 -0.143571594054742 0.301687920379948
-0.197202405614349 -0.0480865838536344 0.174889881411417 0.1032138380246
-0.0848819286451379 0.180926585877801 0.102217746428364 -0.104456978341513
0.199876839955059 0.0725600955429922 -0.042233746772395 -0.072235944203962
0.167940470727668 -0.0924214802528534 -0.0204056335461575 0.0147067912319894
0.134740749741819 -0.130733807389934 0.272041455002759 -0.0377873715839467
0.20216993627828 -0.04037046312969 0.0130411502363035 0.140831350203702
0.0339738917959749 0.122227771221418 -0.232832099761493 -0.0454803926481075
-0.105488167199534 0.0210696792128115 0.0208865628241845 -0.355906144380371
-0.00227801298190221 -0.157071281991882 0.376700301109794 -0.0264066468114111
0.211009256195267 -0.0337054089820466 0.101754511109303 0.203699617533585
0.209808565747697 0.208341138488221 -0.0637587421264055 0.00691986448922741
0.156862611168873 0.277396439244815 -0.0847962009459265 -0.164672590591201
0.249957450866572 0.182020740178431 -0.196139513121547 -0.207580674475327
0.218718116419056 -0.14805590381126 -0.297861895909275 0.00950120624841656
-0.155203586000829 -0.231859216658418 -0.127197650279177 0.311124362648027
-0.246380166164932 0.154015285117155 0.200098278081629 0.128190705244523
0.0723961338950953 0.278480130816341 0.157073566747518 -0.143178513210721
0.322794958492086 0.00908871053831124 -0.0763474049858043 -0.160012526831647
0.201210299172281 -0.149765067804974 -0.126775936898993 0.0412658316690167
0.226728748660018 -0.111596375454045 0.21140697445172 0.0295608457714261
0.300563764492801 0.0558423725157809 -0.0059169991091903 0.172108935899457
0.0125610745059223 0.255544985088679 -0.239392905691543 -0.00230635854140132
-0.202676079494108 0.00903611588273206 -0.0164229777873276 -0.291219757500915
0.0471246202036825 -0.243412839790804 0.314508731389744 -0.0436321386965471
0.287505601854639 0.0147355764258244 0.133944465552253 0.167650626370419
0.212292805083615 0.296461107647187 0.0126825825219654 0.0806955931731415
0.173981955232307 0.319294920954887 -0.0210617235645206 -0.0335032800574612
0.303172446743686 0.151055794998536 -0.110518671020842 -0.136980423749881
0.175625808770934 -0.187502039913246 -0.273679310568408 -0.0431125553301639
-0.188393654796807 -0.132552662484963 -0.193877480564925 0.305189573504685
-0.091183064015534 0.224060965448906 0.199983474554788 0.167570960739125
0.183902664902491 0.173801147414164 0.149590884189038 -0.173442129616491
0.310647835752996 -0.0896265627564718 -0.144243152119542 -0.181690555569995
0.16980544815853 -0.178158737166224 -0.224777869832441 0.108658879972286
0.271247714468146 -0.0493151556137089 0.112444460427946 0.0669518115753228
0.278579095096717 0.189363253161559 -0.0548564479320557 0.138452945287271
-0.135673661448785 0.299783272081208 -0.231189218980439 -0.00552715527426725
-0.266569917481073 -0.11436196526015 -0.0547333400941455 -0.245033284481217
0.134625341862261 -0.289384745376135 0.266362749456425 -0.100248191803991
0.299247537484128 0.0771972196658175 0.20174393559943 0.148019176095898
0.171878450842109 0.331380980222646 0.0804823250376695 0.190477185683418
0.169943643973662 0.312254352697711 0.0463010052835534 0.0999785269566541
0.297584289651787 0.117793446772553 -0.0122239014073852 -0.0955363741691312
0.151228354617745 -0.158895784305017 -0.274236607158793 -0.113947396428332
-0.100540865759384 -0.101530063033023 -0.283911660382825 0.319322170850117
-0.00932506354107307 0.102054011740184 0.18725752702807 0.2501597529201
0.107981378049259 0.0477648753121263 0.156328690227405 -0.127063291558752
0.193073594496455 -0.0981011032703032 -0.150927779597601 -0.151163680173017
0.109657283450358 -0.153891991888868 -0.275806316546027 0.179431750971368
0.236357169433493 0.0160536876749733 0.0123139353085217 0.055136043014498
0.146424469540426 0.227062966583833 -0.0452456194364952 0.0487960708454673
-0.210676961397492 0.153723596632466 -0.153659096584268 0.012131423133412
-0.141886621635557 -0.201244970477477 -0.0740669784309387 -0.181236455908361
0.192112344848035 -0.204391126311788 0.252110087865179 -0.129330465658124
0.232967863156902 0.106176552540043 0.253600300322493 0.166322132614383
0.115477557052154 0.288479355727526 0.122619869418872 0.302643258883211
0.141297570845123 0.260837623744305 0.107311997226705 0.21821659541597
0.241807366539206 0.0970377390900241 0.0777358431778949 -0.062646712465654
0.139397037676864 -0.115289530159144 -0.249140501144619 -0.168993552606166
-0.0384799688872051 -0.115225409672704 -0.326926635304433 0.290752247174437
-0.0238657392991089 0.00676315768421357 0.17084806920193 0.307639259332362
0.00614477842441997 0.0164869832031947 0.198314055035321 -0.0762451626719558
0.0917789600487294 -0.0368862388951218 -0.0978720091440815 -0.141898052109806
0.0599679254038202 -0.0916413824451567 -0.286967205647003 0.222466841966892
0.14526162204254 0.0423686318729223 -0.0522563995555641 0.0199107362595443
0.0408329060587116 0.155561144267149 0.0200890038900628 -0.00889655251194109
-0.133155566188044 0.0315597762970745 -0.0977437170285068 0.0843849159471537
-0.0145577333793844 -0.125641498020223 -0.123705560868282 -0.138101724437843
0.129720695191759 -0.0901607719124813 0.240977831019628 -0.153990797717106
0.130905234912453 0.0731736395253601 0.277949575774995 0.181048685954957
0.0663060552688242 0.184185117397523 0.151347458718658 0.379878146649984
0.0884906375774048 0.167755709186849 0.150252817623678 0.304021170286619
0.151230376061778 0.0730576275190009 0.147259028607898 -0.0277261382533855
0.106779492630875 -0.0632990693479796 -0.185817282980282 -0.210546398753727
-0.00340057911791986 -0.0956129364012688 -0.343729083633464 0.201133957873417
-0.0172594520908038 -0.0238417936428143 0.117982939053032 0.322177968232527
-0.0289360734515883 0.00967492436413845 0.223658516556812 -0.0338272960605254
0.0317599750643391 0.0141962518246167 -0.0382558270021702 -0.155774694665315
0.0334404607829009 -0.024535297834054 -0.280324371843945 0.22723797956786
-0.0197231975099596 -0.0266865699558301 0.279406198634583 -0.183023786227505
0.0038893656744967 -0.0392539621907937 0.0109962016150656 0.142141274055085
0.0162770103005159 0.00173956792898956 -0.229085936772817 0.0157864985519539
-0.00331749616890807 0.0409546112185185 -0.0776358319247096 -0.327163687742971
-0.0420319195680922 0.0574424416459099 0.349648589361826 -0.121876140312773
-0.0654018142507056 0.0027895094945871 0.149469245764089 0.232116858714429
-0.0412492908958297 -0.049432002567304 -0.17140166836099 0.0259409505079597
-0.0209295445294194 -0.0546654273697667 -0.186328431036624 -0.329931862243218
-0.0257660643834751 -0.0163576929553077 -0.215990515561098 -0.410236327588161
-0.026420912554297 0.014077402097458 -0.312950889267762 -0.162807476500191
0.00115691848416927 0.043009771879975 -0.218539436609288 0.208042974678905
0.00866659646014799 0.0102018740728735 0.162046283919434 0.130290810248137
0.011575270301998 -0.012792242728636 0.0818612402380625 -0.134384896256916
0.00553251343848005 -0.0591552594787599 -0.0757642238785384 0.0179044915155834
-0.0376452635545057 -0.0431248096519275 0.0760630147879809 0.00945477478390983
0.00215641179810874 -0.0692357314055746 0.282246437741439 -0.152353433607114
0.0414939597803431 -0.0483969836240717 -0.00859682961595603 0.133389687157024
0.00603183135772939 0.0306095574000814 -0.244618678625182 -0.0223636114238719
-0.0418027625798959 0.0366155934144346 -0.0419410172994336 -0.349158738389317
-0.0585147507738558 -0.0163044444702925 0.359530743333456 -0.0752725082643128
0.0139991844411709 -0.0430736989397349 0.11144937918954 0.234436052162951
0.0661831614748308 0.0150316874482982 -0.16821367656509 -0.00501218498542301
0.0566103717466186 0.0749876289885039 -0.181743945852549 -0.324986442974765
0.0566473240214759 0.100504125376941 -0.247162881265802 -0.37688448584326
0.0963096857173418 0.0311293915926392 -0.341565713302368 -0.0914226799368212
0.0671691374624854 -0.0534128773573635 -0.179698529841358 0.261193752828343
-0.0436400023410034 -0.074004547803672 0.174297229650026 0.0973242637750412
-0.0761602498398724 0.0369565326970026 0.0627473341189367 -0.127897232365974
0.0725381765964233 0.0265698750249706 -0.06876480765039 0.000538767174775724
0.0755437835978752 -0.0570886279865736 0.0529173134349744 0.0134715338721042
0.0492325209015838 -0.109682674895105 0.288077058246982 -0.110735432624261
0.097787866504264 -0.0609547687644159 -0.00068210538529923 0.123216929666688
0.00699024112831524 0.0579800402886774 -0.250763753951126 -0.0485867290232867
-0.0701479218762805 0.0216381932251166 -0.0152168256358382 -0.378415013386909
-0.0424321014229787 -0.087814402162501 0.379909631824436 -0.0606210164996056
0.11225609798077 -0.0575975179790335 0.103700419139727 0.222893334817779
0.159919602587774 0.101997961915129 -0.12923296013124 -0.016957358887979
0.12098251506332 0.188890201289764 -0.145413953118133 -0.26506999718686
0.161294543187444 0.168509850006762 -0.251219302030599 -0.293395417620013
0.200890917938426 -0.0433203428060371 -0.33911700658867 -0.00680921124119409
0.00538991976673353 -0.203032934396669 -0.131547114080692 0.306428017723989
-0.199821127004865 -0.0413049120032443 0.178467830530246 0.0953935634156698
-0.0770700327386508 0.18475855607829 0.0984493958688296 -0.107814043082545
0.203279734373575 0.0638224516242791 -0.0458472403647473 -0.0695860563007002
0.164790685383933 -0.100370785460492 -0.0194956050318134 0.0153226150243368
0.130648245494554 -0.135723977401147 0.27161477411767 -0.049897533634975
0.199111751267431 -0.0488378172065782 0.0183987318766902 0.141434165858583
0.0381338745884751 0.121972916460431 -0.236900863721492 -0.0358118987470527
-0.104495348510756 0.0238363534287116 0.00658433751680593 -0.358423558395468
-0.00607347208480795 -0.157030217313368 0.376410500696513 -0.0426655676431845
0.211836945624829 -0.0402055020635916 0.110259831795063 0.200310709697927
0.217547812632643 0.202489038759311 -0.062734287056499 0.00721607059965137
0.164449051280057 0.273318793488901 -0.0905467036557854 -0.161313148207238
0.256820742287218 0.174012274343548 -0.205053496244762 -0.199712292370172
0.214988582174459 -0.154177447675152 -0.299029145202302 0.0201273479845656
-0.163696445148246 -0.224979181625948 -0.114452051600247 0.317424953064298
-0.239675670740428 0.162854767402986 0.205042614583571 0.12131078808476
0.0843345039119156 0.277211833556068 0.15248550455717 -0.1492856217291
0.325013584451993 -0.00612468700824789 -0.0829617612835641 -0.156717773823532
0.195766605536843 -0.158661676367207 -0.124163688318387 0.0467597445204686
0.222306820784206 -0.121722810887284 0.21394237391985 0.0201349597312617
0.303645579121471 0.0429236024151168 0.000537262348839375 0.172813343682914
0.0226048616618335 0.256316372224162 -0.242091944362842 0.00914650310473481
-0.202272153820197 0.0158846774295079 -0.0296881543011522 -0.290884885177072
0.0386587175009701 -0.244309373864684 0.312271819939296 -0.0566920491980682
0.28903196461826 0.00650337519080734 0.141590579206356 0.16191157977107
0.222979970816228 0.290240096201903 0.0176444617944677 0.0777162703591746
0.183855877351093 0.315384436616349 -0.0223732255455878 -0.0329236399789408
0.310924516890316 0.1425447641518 -0.117029023514823 -0.132076491846
0.172509257518569 -0.193247503421152 -0.276952755467899 -0.0321618192977069
-0.19370872690614 -0.124024116407949 -0.181850828547044 0.31402743775428
-0.0814304198928394 0.227628449844544 0.207793974770555 0.15904878531613
0.191195665508282 0.167957103229704 0.14353827941413 -0.179444967815958
0.308356537997127 -0.103065275793855 -0.152789896912425 -0.176275726351369
0.162731243193695 -0.186168280383747 -0.219833492373879 0.118079207237889
0.270010476890244 -0.0613275076641709 0.116694540827387 0.0623108220336889
0.286774623824452 0.17749888717956 -0.0493966024265395 0.140647432219964
-0.124317366025695 0.305633266291937 -0.234152404284416 0.00475410608434051
-0.271939804441679 -0.10345199510533 -0.065018036508109 -0.243062906370272
0.126938025250752 -0.29359141301175 0.261452795813465 -0.1107220132341
0.301349447467689 0.0681279471348032 0.208361581546045 0.141303075580669
0.181881226413426 0.327303369071427 0.0877591539634868 0.186979060920951
0.181129094768536 0.308750270232563 0.0499962458210895 0.0988347673765361
0.302079135292467 0.10830543622459 -0.0165105741869818 -0.0928568114883311
0.147894300009138 -0.164198869258767 -0.280691957272747 -0.102459275000323
-0.104142650296915 -0.0983660498981737 -0.271134353094912 0.331187908857286
-0.00615231662792235 0.101737445025008 0.196946211374355 0.243292484893042
0.109866288575051 0.0450216332199085 0.152434983038232 -0.134565959287852
0.190856608237082 -0.105887221163534 -0.15850468935305 -0.145957348332453
0.104459948221348 -0.158022057290922 -0.268482159766949 0.192868241127854
0.236854255986043 0.00562638170841288 0.0150456191679264 0.0550561458646131
0.156294119413153 0.219997166293882 -0.0444397203200611 0.0508052012627889
-0.20518958527899 0.162292827438007 -0.15433043783396 0.0180527985311698
-0.149386229573817 -0.195128542306731 -0.0816947604097461 -0.179320037707167
0.185117315950501 -0.211208268268807 0.246951676069002 -0.140056450603292
0.235320899853674 0.0993361821254473 0.260600701540666 0.157928652639872
0.125190299910653 0.287555469416126 0.132751152348033 0.297852224396651
0.148942110080682 0.256580268322594 0.11414895683767 0.216348484158745
0.246132287267587 0.0876349913660368 0.0755889641602819 -0.0644402731402901
0.137114753455064 -0.12130686930683 -0.255578666621331 -0.158590254406192
-0.0433637236032877 -0.114210685012633 -0.315273571219981 0.305880293781303
-0.0234708289585004 0.00674064638881762 0.182857320695093 0.302941960832935
0.00530850216727537 0.0171965051658656 0.196686380642912 -0.0851118198560963
0.0906038808787014 -0.0400129007141184 -0.104081743910941 -0.139782079167335
0.0571833314919749 -0.0931738511928167 -0.277930020395979 0.237107613068436
0.147817068649299 0.036820833779895 -0.0514980863476774 0.0230476739862858
0.047825567783311 0.15475845846105 0.0189160391953231 -0.0109316193320189
-0.131768912062625 0.035792092965242 -0.0960938884064017 0.0879157352402726
-0.0195029265891163 -0.124585868130681 -0.129221220963803 -0.133306077602019
0.125909537936903 -0.0951181981249419 0.232576314285792 -0.163242318014416
0.133177154858764 0.0679292310425138 0.285822729017551 0.173429067411091
0.0731580593374229 0.182482884215783 0.165647202358505 0.374507584542065
0.0927518472213116 0.165447367820707 0.161170634284462 0.299700819796436
0.155545175149296 0.06848044186587 0.146641757784875 -0.0312410641966516
0.104571666255364 -0.0685712163974003 -0.193480323131178 -0.201759799286853
-0.00795347513778307 -0.0950677848813154 -0.334061240933247 0.214977271989863
-0.0179532234848098 -0.0234794917902889 0.13146541298748 0.318212625530693
-0.028420923329435 0.0104154353923948 0.223026033998965 -0.0434118471786527
0.0331352319453341 0.0130411258811901 -0.0452685347274175 -0.156475554072036
0.0332942281959778 -0.025914827031192 -0.270830635422348 0.241549508034196
-0.0153651565051077 -0.0261340473396142 0.277328638168789 -0.176083691076472
0.00325952682690946 -0.0375013612867253 0.00866832326557163 0.140748271131102
0.0152658527938042 0.00111939326289374 -0.225639874920537 0.0125360593861632
-0.00272378406414866 0.0368443598097621 -0.069383483911075 -0.321389047041295
-0.0409086989348301 0.0549593629330646 0.347070919894487 -0.109665919360879
-0.0638424131581973 0.00139559522665442 0.14199866654156 0.231440322722508
-0.0394073381969968 -0.049479943101526 -0.169983422749063 0.0184611461962485
-0.0180120664331402 -0.0530953269968857 -0.17425125941613 -0.334007785588013
-0.0203341972327079 -0.0164014169171874 -0.204528945635534 -0.410835285946852
-0.022369283451743 0.0128888807011374 -0.306364450050844 -0.169243664084962
0.00136953989592063 0.0382973193968063 -0.223429134175473 0.203490140523294
0.00514545920201415 0.00901881762261217 0.159346287095023 0.13277347056783
0.0108954939136559 -0.00939868091177408 0.0859499538514059 -0.131536812594266
0.00888831344370548 -0.0606279790305273 -0.0746901212985654 0.0190609873387599
-0.0384900282033394 -0.0444428473780628 0.0764629136158565 0.0109059651106969
0.00758510242567062 -0.0663294317913599 0.279260768731129 -0.146766712289439
0.0406324138005507 -0.0460708823213173 -0.00963747704022457 0.130355743097272
0.00308302523655561 0.0295439289612811 -0.241005457563591 -0.0251248203741992
-0.0393275288575742 0.0317069179158272 -0.0350822196379044 -0.342460045959317
-0.053511834812881 -0.0167122175147219 0.354436236036377 -0.0649482125543
0.0150774257030556 -0.0405474981653263 0.104937942250683 0.232537233218851
0.0655305471703551 0.0159695663458283 -0.165608271978116 -0.0108296537680057
0.0547083029199389 0.0764630159192961 -0.169405005838539 -0.327777538125593
0.0589619829672679 0.10207878336424 -0.236969663256683 -0.37700736228033
0.0987109851977084 0.0319830463601936 -0.336936764682021 -0.101240403852717
0.0704726067056276 -0.0561868872972533 -0.186060530673524 0.25832775606098
-0.0457920602012604 -0.0754237506684554 0.171338697045955 0.101318447717751
-0.0777746171775145 0.037575917342838 0.0648755392131979 -0.126364043828046
0.0724933661017576 0.0277588734463296 -0.0695517103836648 0.000534840865410706
0.075984853977551 -0.054677056527939 0.0531644764664856 0.0151000854407472
0.0527766150200373 -0.104116329981091 0.285302822414735 -0.106277097455755
0.0949984058952163 -0.0545354171048416 -0.00111511711720356 0.121505456415569
0.00242026156539261 0.0551901818453699 -0.246603974698921 -0.0499879330663674
-0.0672916361925656 0.0165578547350207 -0.00975458197387153 -0.372354257533296
-0.0362317877869722 -0.0865071790190334 0.374529028466549 -0.0508100438096055
0.112302219611709 -0.0540935716023696 0.0983600181441004 0.221410839399812
0.154814315824146 0.104994844808304 -0.126861780898315 -0.0202617103389596
0.115546136682673 0.191559452473733 -0.137696207599376 -0.266470252167492
0.159901397022921 0.17201405703902 -0.243646747863048 -0.295405020313879
0.204685836900512 -0.0389204085316003 -0.336538598253553 -0.0149653283522875
0.0119430751986752 -0.207599584005924 -0.136921905426173 0.305094440261408
-0.201558361467423 -0.0483385002492329 0.177431630939378 0.0988823524644205
-0.0836682992137578 0.185406708916783 0.10198302674123 -0.105929076919065
0.203337370656491 0.0695485596104716 -0.0469340141412928 -0.0688092287973746
0.168508565665134 -0.0958629657332905 -0.0194145136557218 0.0147870242920837
0.131786518917399 -0.126844214184475 0.270589085129901 -0.0465512125048518
0.194435757317349 -0.0412235214370696 0.0190782169212178 0.138667376589006
0.0321407034059317 0.118290855344567 -0.232623130711184 -0.0363517495145793
-0.101646459415427 0.0179706959034789 0.0106348870610404 -0.350985055503749
0.00260475564224218 -0.152253922491224 0.371889302290966 -0.0350371420526796
0.209671996751337 -0.0328020018776823 0.106194251359405 0.199143552535616
0.20816505655304 0.204430046506663 -0.0605673891903594 0.005439223246352
0.15598496068569 0.276554590221203 -0.0849725555736145 -0.160996942744134
0.253162614707562 0.178996883741412 -0.200582822667274 -0.20166553775299
0.222451950022245 -0.148777242593076 -0.297397685133961 0.0137698316985296
-0.1562749337163 -0.233353375687651 -0.122071336257591 0.316742606243475
-0.247587391475643 0.15573559513292 0.203613842405714 0.12372832271935
0.0737108923512689 0.283797899860694 0.154477336500677 -0.147866596323233
0.326770459096962 0.00701850217138036 -0.0840931848218601 -0.156291860099978
0.203974094359208 -0.15475828436813 -0.126035412582321 0.0458428980250179
0.220413312668432 -0.111379302090271 0.213649127488309 0.0223290112771732
0.293940434476305 0.051006766056856 0.00187394876833221 0.16971955886864
0.0146346714551155 0.248454213362556 -0.239487716551136 0.00742114870599829
-0.197204121526143 0.00905222001988707 -0.0251232342284955 -0.286350173112357
0.0495097844203432 -0.236148815995851 0.30990613251757 -0.0502144710259365
0.282218471268525 0.0158016380283759 0.138655693543974 0.163397021875029
0.211603032729971 0.291233974770759 0.0157784464563662 0.0798572383226566
0.173553009623909 0.318151389185443 -0.0217431090595938 -0.0317286909393317
0.305295090179321 0.149634165462062 -0.114451074114656 -0.131652361341567
0.181165197535089 -0.187509443543428 -0.27501854610332 -0.0377523016302967
-0.187322501051996 -0.135117328511324 -0.186360295318912 0.312326182914374
-0.0927303876701481 0.223487597488778 0.205497558285236 0.162837636447517
0.18393045198668 0.178991796901735 0.146648814805195 -0.177210120739159
0.313914347210283 -0.0905960405047508 -0.15256368947201 -0.176139453411783
0.174425081397992 -0.184076731784121 -0.220951029968704 0.115806033282021
0.264872774643254 -0.0522460946809351 0.117389454485363 0.0634064574594186
0.275190570329987 0.180976452355715 -0.0477577453192351 0.139169112966684
-0.128562718610855 0.294002730438896 -0.233251117407078 0.00395193363333077
-0.261286712886828 -0.110082815932215 -0.0612397843808968 -0.242569321402891
0.134857547355533 -0.282869288501362 0.263507462005787 -0.105851901033395
0.292366313567779 0.0766002898099999 0.203839917847233 0.144997460050901
0.170087402793585 0.327689027889182 0.0817160803389736 0.189520890984215
0.16931351243289 0.310457345247122 0.0452631058518465 0.101489513534955
0.298293941636909 0.115647775283371 -0.0150276777354037 -0.0900330776691148
0.157780206159137 -0.159776468458168 -0.277868570486306 -0.106996631670987
-0.09908574083204 -0.107463305984923 -0.276865272926346 0.328133217329507
-0.0154508223975556 0.0991574882829194 0.194415756314753 0.245914301896498
0.105011048280395 0.0532847648169461 0.155402146187635 -0.132303536981677
0.198527043431993 -0.0982243386556298 -0.157987756377013 -0.147169658002297
0.116088365247453 -0.159714705757632 -0.272228055227165 0.189581676717413
0.230990120367609 0.0108162279719244 0.0177447744989115 0.0561376115050388
0.146246824292502 0.21796456434652 -0.0443117956164897 0.0521842607010906
-0.205054886440776 0.153279983738474 -0.156072558152383 0.0156382310394756
-0.140657671258196 -0.194000193094481 -0.0763152732657539 -0.180282170438032
0.188354470001078 -0.20161340975076 0.249209454647483 -0.132500780818168
0.227868912677391 0.104715074975161 0.256024217982617 0.163533975352862
0.115480354569495 0.285682997950598 0.122994337707227 0.30175111935004
0.138259065868541 0.257332225246934 0.105279301381217 0.218967768741041
0.24332644300766 0.094219364536715 0.0771272137002935 -0.0595725510309019
0.143687101863093 -0.118104997964798 -0.251100216488775 -0.161899899072757
-0.038542840363355 -0.121764217731129 -0.32034192534875 0.299658118530373
-0.0302167968559113 0.00304505064958822 0.178403399656606 0.305189545937776
0.00121842453958316 0.0218519015987531 0.199795727255885 -0.0819442802986753
0.0950852379881254 -0.0348149386921515 -0.102547764353607 -0.140831193026003
0.0658685003949715 -0.0974185311552833 -0.280848022709605 0.231661908540642
0.143029139990177 0.039232671594196 -0.0485469652525273 0.0232122538251878
0.0443018653866567 0.150759036245341 0.0175792652711131 -0.0083442842603536
-0.129982398439035 0.0335422371514801 -0.098472320806806 0.0846245204237781
-0.0163415140671484 -0.121891161146824 -0.122575369912212 -0.134971574508199
0.128035376276856 -0.0896615995933404 0.235027883250751 -0.153789568406731
0.12834677835338 0.0710332763550328 0.277514546510008 0.179430557742877
0.0673105234862104 0.180660178434582 0.15186213899495 0.378560771280623
0.0868657643387068 0.165826416857838 0.149071580369881 0.303758563087322
0.153095722422478 0.0721806744133992 0.147300625938993 -0.0255355530768088
0.108455018595492 -0.0650128958606464 -0.188805654392822 -0.204266071337951
-0.00365448574230452 -0.0995104122021628 -0.337267662754264 0.208559329791992
-0.0212851102943461 -0.0268968476544167 0.126577243926658 0.321183842982991
-0.0332154910414377 0.0134917705076285 0.2252717858452 -0.0389237877990402
0.0343831593249269 0.0166902703714061 -0.0436873463227541 -0.158103507901001
0.0398384995506378 -0.0316806115260532 -0.273432698010227 0.236538033157949
-0.0139174549668777 -0.0257309102239608 0.269226749905886 -0.179270206590454
0.00198332393751342 -0.0371726266813261 0.0118924478111319 0.140515118412324
0.0138957768250709 0.00106968065590844 -0.224091731820996 0.0178138271609873
-0.000690075895842939 0.0366462879840477 -0.0752704916048291 -0.316345072512793
-0.0381880987406943 0.0555537009462743 0.339311708425642 -0.114248356072099
-0.0630948615345602 0.00144229523195242 0.14509095832752 0.226142483685186
-0.0392742336778057 -0.0487606139301503 -0.166461292876673 0.0193529142009435
-0.0175544540182238 -0.0518647186092736 -0.177160494521398 -0.327220192783447
-0.0193797030364627 -0.017074461763079 -0.20814485892529 -0.402394802713051
-0.0213581996483955 0.0129932901157662 -0.304517832216508 -0.16498005880081
0.00280514817386807 0.0363408456026257 -0.216720992847634 0.204436660238002
0.00513437225918729 0.00783922798815133 0.157595489836031 0.128735729826257
0.010340410773959 -0.00882578852266803 0.0824427893539392 -0.130786177847757
0.00662586323028392 -0.0614969293266525 -0.0733013281968574 0.021106436302182
-0.0386604121471114 -0.0428815004141226 0.076567514722561 0.00819393879004724
0.00679214150231302 -0.0657513959257309 0.274071791851289 -0.150757114933977
0.0388296635453852 -0.0460067493271771 -0.00721590428911177 0.131023592915143
0.00415667728305559 0.0291022473702479 -0.23928293386542 -0.0188727633478423
-0.0367456981942841 0.0319702126035857 -0.0420969553680797 -0.337744174627888
-0.052509427319825 -0.016022502124563 0.348721056492032 -0.0690415210653439
0.0156133454167845 -0.0410498509641677 0.106345710186375 0.227830588904392
0.0645469059997962 0.015520214156476 -0.163514004502969 -0.0104012291278388
0.0550289630054101 0.0749243758903428 -0.173407116067416 -0.3211770174243
0.0594362361484121 0.0992425901837732 -0.240844360865601 -0.368068935433791
0.0984022137526329 0.0309459576012321 -0.334578824631281 -0.0960885822241489
0.0692690685319088 -0.0569335866077919 -0.179386705903873 0.257599951635801
-0.0453635985085994 -0.0739745714069606 0.169963180712614 0.0972620411478183
-0.0751476835847374 0.0381346074837725 0.0643413743469215 -0.125260891263845
0.0728522082534817 0.0251173764125039 -0.0687250626384462 0.00317818021895281
0.0748298766638138 -0.0564919674214719 0.0531783889599977 0.0132630829106625
0.050601139056801 -0.10354316146098 0.281164215463644 -0.111849248651243
0.0923303464157635 -0.0562296139272443 0.000668218689568042 0.122001242342009
0.00333314683774509 0.0548432541100871 -0.245839167273937 -0.0441782361100974
-0.0658616881063042 0.0167098649169869 -0.0179881208820214 -0.366077418162151
-0.0346693340132815 -0.0854094047743611 0.368908913663044 -0.0579733494495111
0.111474048520797 -0.0539707334312799 0.100260310601945 0.216031995197122
0.155988513821328 0.101930494290584 -0.125142946558153 -0.0214232859435784
0.116872621482773 0.189288669647304 -0.139732742408679 -0.262752428399494
0.160904011812323 0.168119413190754 -0.246317414216504 -0.287235799883537
0.203094633229571 -0.0404313904039323 -0.334611764117392 -0.0114437439481159
0.0105182709320725 -0.203761980325985 -0.130898314395245 0.304597021522608
-0.200001727055941 -0.0435245605887646 0.175643469948073 0.0956710330234961
-0.0777686236851887 0.185271940813828 0.0995468298062722 -0.106304967875272
0.202803506985221 0.0640164173093923 -0.048271815389065 -0.0661015697483859
0.164038978540638 -0.0986607681405819 -0.0183981903896019 0.0154953948402711
0.128166584879704 -0.128339341637094 0.267202305127007 -0.0514948693705924
0.190168800256561 -0.0444705229259726 0.0212376427763629 0.137302495613885
0.0337317103231892 0.115709532431477 -0.232677700824933 -0.0300270879582095
-0.0994920060392523 0.0181686368555033 0.00322181961911849 -0.348193013538729
0.00254496811521153 -0.151016728755257 0.364920103765117 -0.0411735978415733
0.206987696216401 -0.035381651192311 0.10969836753169 0.194915238950637
0.209083040340943 0.19974947381385 -0.0596649503609144 0.0047397263165123
0.15709745813745 0.27255584011112 -0.0864071762453286 -0.158861233994553
0.25299335592165 0.17548529790287 -0.203225511583641 -0.195283642233621
0.217935431001738 -0.148453005748748 -0.29550568287597 0.0186014498039503
-0.155414925225694 -0.227477799283109 -0.113925922194965 0.315657710184638
-0.242563874514059 0.157791760286857 0.203284110882843 0.118223763659691
0.0795902502829981 0.280907263393847 0.150411609734861 -0.149426492977832
0.324013194599441 -0.00127200277755142 -0.0867269605986281 -0.151560657581106
0.198597941913379 -0.1571574343978 -0.122953746282965 0.0474260520393665
0.216868315096871 -0.115335208889872 0.212909703574508 0.0178785332523603
0.2907570880523 0.044633126687418 0.00545506490975043 0.167685468239401
0.0175878814046145 0.245713131935606 -0.23770640098437 0.0126616352405312
-0.193145488987111 0.0108058121424438 -0.0315379107268963 -0.283766875621113
0.0479957625419735 -0.234773541495415 0.304061859966096 -0.0562211777964218
0.280549705520183 0.013037227606684 0.141161547381462 0.158595514305636
0.211933089029863 0.286978807250677 0.0177683278738825 0.0766632718521158
0.174875272837296 0.313086300726885 -0.0224665830696582 -0.0305646421699316
0.302804122395443 0.143662667695727 -0.116839918789918 -0.126925407982921
0.177821074738848 -0.187591713323264 -0.273412738747843 -0.0320251965970065
-0.185505319729147 -0.13088917362268 -0.179433189957963 0.311585272698917
-0.0877978827484527 0.221964766136883 0.205471882156989 0.155681849495734
0.185409689196074 0.17341173634374 0.14226389236615 -0.179577590305028
0.31052257165158 -0.095837552619837 -0.155409238674366 -0.17024193865014
0.169112812908918 -0.185952094207612 -0.217050817798435 0.11858968314696
0.261475217249184 -0.0573219017485416 0.118931203080524 0.0593745398559032
0.274531237055789 0.172662507046009 -0.0442153548891037 0.138132845241659
-0.12152373401619 0.293720351312361 -0.231158638787673 0.0103965089658859
-0.259470788729377 -0.102992214795797 -0.0658570542909013 -0.237918083957537
0.131318207640519 -0.280571246202306 0.257640510773364 -0.109284959443974
0.290996775458058 0.0741344338797186 0.204677785376042 0.139363951984168
0.171615502234842 0.321683119102013 0.0836094626322933 0.186145477898632
0.169616020104627 0.306378275176108 0.0460366523310707 0.100038315057632
0.297029426882839 0.111676850991134 -0.0171261265155338 -0.0867277667751528
0.154624295301852 -0.159880670175578 -0.276841289937192 -0.0999270419932389
-0.0996910619016324 -0.105092378754516 -0.267048011153931 0.329987077054793
-0.0131713129706455 0.0972433381003534 0.196511982251563 0.238906040595719
0.103986501551858 0.0515139425571882 0.152407548994208 -0.135149554852972
0.193375823722488 -0.101319049086712 -0.159777730863005 -0.142258194054552
0.111528118838175 -0.160678248566844 -0.263308135591412 0.19343260001524
0.229369311945929 0.0067507605453388 0.0193223258824498 0.055032441468505
0.149661573250658 0.211540534562533 -0.0434868078767944 0.0507846547565929
-0.199023135767247 0.155649272325626 -0.154171320917966 0.01968774394488
-0.141076271829111 -0.188368923055371 -0.0796826766431174 -0.176604705611857
0.184977041535511 -0.20118522964107 0.243791945188806 -0.135853844807228
0.224837197295831 0.102031614250345 0.254160176418813 0.158655541386096
0.118307953103531 0.281702555439865 0.12426720881911 0.297284519226228
0.141520737554157 0.253627809112046 0.106296802730296 0.214950732517525
0.242861978098575 0.089603207468825 0.0745746057731813 -0.057657380813661
0.141169198833853 -0.119111244328543 -0.251283011092118 -0.154849226767761
-0.0399646095863422 -0.119613478813012 -0.309673234940302 0.301561359155309
-0.0293906694151256 0.00387657107352642 0.182288575953412 0.299172013363513
0.00127459842380501 0.0233768312558864 0.196443282201894 -0.0855041225189713
0.0934115948702061 -0.036612612694197 -0.105093672151993 -0.138734938834017
0.0641782021963428 -0.0977463559731231 -0.272686404648057 0.235951946598672
0.142357766423312 0.0350188639762364 -0.0468507133005181 0.0244100202304968
0.0466111331351741 0.147373654530732 0.0160494192190791 -0.0091110458724093
-0.127103937739793 0.0352607318378996 -0.0971001795867666 0.0866455364841601
-0.0172268585000705 -0.119367432938874 -0.123899859059959 -0.131077178211345
0.125144186605115 -0.0896914281565232 0.229465473098111 -0.156518341609283
0.12678335050318 0.0696427726413523 0.277267664460375 0.175310762408792
0.0695414267040449 0.178341948864931 0.155454127948577 0.371547106308814
0.0873232603069652 0.163840200208017 0.150996687181971 0.298991189489053
0.153770597958028 0.068226348142408 0.145149635729119 -0.0258527090692898
0.107433944291052 -0.0662717504763783 -0.188699858296183 -0.197951142807145
-0.00512835354498278 -0.0972426957660776 -0.327729471502106 0.211972826955994
-0.0211775883117767 -0.0255683964319508 0.130110868313253 0.314887240559041
-0.0323855953351458 0.0145384090201344 0.222980246930244 -0.0438932582516571
0.0346169532110601 0.0154367338159279 -0.0476883461764783 -0.157060353802938
0.0395605870266421 -0.0315890786994103 -0.265596502433234 0.239954120900061
-0.0125841801939093 -0.0271902565325162 0.26622394175325 -0.182069162544483
0.00100139939216741 -0.0380070121952779 0.0134391894063034 0.142016943766602
0.015016895922443 0.000459114139232758 -0.225008125812874 0.0208038242688295
0.000496107139310352 0.03595805594479 -0.0801647763556601 -0.316181982131114
-0.0366096964569128 0.0554626202040504 0.338038245937155 -0.116520165994665
-0.0634217452018289 0.00199431469289863 0.144681220123571 0.225132667704531
-0.0379460824474501 -0.0491708059572611 -0.166341032961744 0.0181030395238441
-0.0181035121287215 -0.0514945791245712 -0.178102453496735 -0.325350135955622
-0.0182033021813834 -0.0177274320993364 -0.209818553295256 -0.398194494114924
-0.0204078321562097 0.0126911850176281 -0.305413513647125 -0.16493031967133
0.00326820654550345 0.0362965405493144 -0.215991741990233 0.205645254675035
0.00602522901472624 0.00754210187041702 0.156565809876519 0.127004879756123
0.0106636421013435 -0.00915339217761128 0.0832043078656751 -0.130427099571951
0.00510006383358012 -0.0622538890661467 -0.0727015998153778 0.0227754610503188
-0.0385678269242097 -0.0417822763600034 0.075793109304175 0.00642597039107488
0.00810531201203175 -0.0659354282570888 0.271568534364662 -0.154827843118265
0.0370379350077942 -0.0464617574803732 -0.00602183449006216 0.13221051720242
0.00452877277183047 0.0290235467401641 -0.240016017396975 -0.0154794301643204
-0.0357136311772975 0.0324666265579314 -0.0467844440985081 -0.336878180326817
-0.050845706087846 -0.0156154107090882 0.346335229484382 -0.0727762525722861
0.0150397145689645 -0.041410490129726 0.107826465552047 0.226000441192585
0.0677535412329231 0.0150163159386133 -0.163501501197316 -0.0113493099733726
0.0559371240937689 0.0749663780607947 -0.175040961852446 -0.319321981828281
0.0593403019010454 0.0985647310857851 -0.243300149979887 -0.364294772811692
0.0988589178233792 0.0302664826615103 -0.3338925166564 -0.0941443859226066
0.0696268574329987 -0.0580126396653573 -0.178267908199378 0.258545591707836
-0.0453466463355331 -0.0748892629482261 0.169524978477889 0.0961373602994725
-0.0738035463851271 0.0396430442531759 0.0637202722097422 -0.124386942487639
0.0731731884781235 0.023305519906659 -0.0685778619686324 0.00548276636934274
0.0746241158843089 -0.0571462644912233 0.0533246725962167 0.0114754585196023
0.0516584312094402 -0.102769457043357 0.278728815333993 -0.114801709057468
0.0909525553149308 -0.0580968608149899 0.000879140914272813 0.122281583136685
0.0044195053860906 0.0552674302729603 -0.247472072762401 -0.039577916584099
-0.0650150472639272 0.0169047566164318 -0.0224397584295768 -0.36647936243893
-0.0332946926264036 -0.0851830313079524 0.366660689831352 -0.0613605540478732
0.111665757013722 -0.0548554981691304 0.101916468966751 0.214275607578092
0.15667393998611 0.10179396593101 -0.125406056881798 -0.0218914199166299
0.116716478684094 0.188047554702527 -0.141387813839548 -0.260491376240747
0.160394313713584 0.167246907890618 -0.248827807846414 -0.283045853566064
0.202388453281219 -0.0407372025838099 -0.334418013306122 -0.00939493312293769
0.00962277344816286 -0.204276851570059 -0.128898849272327 0.304382363996612
-0.198304492781513 -0.0418494698864731 0.173901436031509 0.0937562963890172
-0.0750021859665019 0.186826027341275 0.098558357322159 -0.108075077143504
0.203666125367607 0.0604494372862058 -0.0498004628043946 -0.0645424504600432
0.16423463780246 -0.101042934580231 -0.018289388572822 0.0150430598287368
0.127949384349444 -0.128457120131945 0.26653746253964 -0.0556237460267268
0.188781889179817 -0.0458481870395546 0.0211446712966286 0.137193754473667
0.0340127036036033 0.11540221089832 -0.233303056537501 -0.027398141452686
-0.099264180613392 0.0186451398362762 -0.0025629648955988 -0.347052997931831
0.00387578817363387 -0.151591515482355 0.364115199608818 -0.0457797828842721
0.208419276226832 -0.0352000779828631 0.110933537391464 0.192055769081499
0.210057921026896 0.199108121455309 -0.0592552871569744 0.00354350018570253
0.15734571731494 0.270775576321098 -0.0878175515591682 -0.157983903411592
0.252900562700501 0.175724420734204 -0.205733536612399 -0.192234788865564
0.218996162773557 -0.14793349119247 -0.29562833006199 0.0208955991366008
-0.153725831832573 -0.226931057474501 -0.112638297322104 0.316622182762395
-0.239895546760158 0.158938817447936 0.204320470429426 0.115686552939108
0.0829261185628 0.279441664203817 0.148714360361006 -0.151238798542436
0.324009532763562 -0.00553502276689952 -0.0895589904054297 -0.150313699105174
0.195915372794628 -0.159012355943613 -0.121637496535614 0.049846100988142
0.214946058368495 -0.116706886245686 0.212694311901116 0.013775000398139
0.289729175282348 0.0399392501367885 0.00646264010561376 0.166590468651913
0.0207664385403159 0.245290270973118 -0.23836116403225 0.0168684567858162
-0.192464258249661 0.0122821941668081 -0.0336662092252765 -0.282960240596612
0.0499604785328554 -0.234150771578048 0.302891657672766 -0.059685822884958
0.280406444755834 0.0139529321768203 0.142980884647179 0.15625848887615
0.212641480239888 0.286741633748809 0.0176780331729784 0.0759472244139559
0.175108190113409 0.313973201590231 -0.0226258120302584 -0.0305530645613388
0.30450764320947 0.144149458217305 -0.119327779535016 -0.12383636192882
0.178734297872946 -0.187218999686812 -0.273764807563404 -0.0291563514481899
-0.182838940728021 -0.129070065216042 -0.176240401363998 0.31344282301787
-0.085777395949184 0.221915071463523 0.207068287904009 0.154477971784459
0.186383494664345 0.172899318862154 0.140640557648604 -0.181709440831001
0.308457374192628 -0.100983274907381 -0.157864440974121 -0.167953378257517
0.166020465949782 -0.188166585558555 -0.213712631463269 0.120704301220603
0.260823137711915 -0.0601186442431921 0.118967752161179 0.0570003922752196
0.276482884940377 0.168776284312805 -0.0436675099519449 0.13705397769014
-0.116560064142348 0.295333223705522 -0.230802895665942 0.013692065494783
-0.259273194361487 -0.101402838231863 -0.0673654211972687 -0.237502880821477
0.131105731070804 -0.280764867998963 0.255376647486088 -0.111174171914656
0.291697943014744 0.0755615411442622 0.206432688049069 0.138273083190408
0.17249746609799 0.323750432442178 0.0840517955340509 0.185316367809102
0.172351748856582 0.305744980044409 0.0458728390606311 0.099314630693571
0.298480019056398 0.109468720883267 -0.018383214468984 -0.0851022697005818
0.156131823284612 -0.160743243272215 -0.278305704033351 -0.097128313539677
-0.0990838036331459 -0.104637288823392 -0.262650774444356 0.331949155643339
-0.0123867436510617 0.0969820031009107 0.198446114010574 0.237557963682004
0.103774840097817 0.0511912997639934 0.151525446812023 -0.137052891253252
0.191979891730464 -0.103969848768856 -0.161247952566578 -0.141416232449904
0.109758925958632 -0.161779821190278 -0.260742040218531 0.196336064796783
0.230368206254064 0.00313890943976517 0.0206092341626282 0.0543732833147626
0.152173457169784 0.209157139696365 -0.0438166806548493 0.0518178597100647
-0.196604934502648 0.158016525384567 -0.154783554519675 0.0222505904639769
-0.141135934842744 -0.186712402482884 -0.0810620615834017 -0.175390179108635
0.183863272122942 -0.202135259922322 0.241769185652035 -0.138527171073207
0.226057095722065 0.102300683665037 0.255516425729906 0.157643321255651
0.118067887512026 0.282083764919513 0.125812742229662 0.294459663665673
0.14124556709333 0.254300318480404 0.106624712162118 0.215526730794599
0.24426989799581 0.0895545178068893 0.0749752409683314 -0.0563943792808261
0.142027392697302 -0.120746043376 -0.252764336057067 -0.151336664596188
-0.0410195035812748 -0.118521120361912 -0.304905364623018 0.304214796339135
-0.0304481262615158 0.00449882863618157 0.186262319109895 0.296549463763231
0.00133611175125713 0.0241592732879061 0.19583015599142 -0.0886956721736464
0.092885477689514 -0.037899418449807 -0.107705407570573 -0.138570043036196
0.0633717082344631 -0.0978220009711816 -0.268918593055201 0.239225765200744
0.143978753293427 0.0335780474106831 -0.0465746449225274 0.0249140498920345
0.0488716343476138 0.146088259544496 0.0150208913228042 -0.00985933668952828
-0.126663473204084 0.037315322390695 -0.0971654526204685 0.0875138196972157
-0.0173285678396015 -0.118671275277128 -0.125636138981876 -0.129952459294473
0.124406718636351 -0.0911382802689152 0.227482993358535 -0.15765954242182
0.126205202117692 0.0693374816170776 0.278156120157792 0.174840402945773
0.0705528999898811 0.17769437725813 0.156268637142107 0.369247600245544
0.0893021082051218 0.164169092138889 0.150643825905966 0.297721059844724
0.154471247276743 0.0668448213897224 0.146191028436483 -0.0260348695887909
0.106507821334666 -0.0672288955094017 -0.191101269992275 -0.195058688013956
-0.00557016559105113 -0.0961351907040355 -0.324284251266177 0.211710920403073
-0.0208692622705917 -0.0253361893705911 0.132967796030022 0.313300184945063
-0.0318734315053708 0.0154437266824448 0.223318142402432 -0.045659305785447
0.0351212636838598 0.0150218318041336 -0.0503329910817196 -0.157656259053615
0.0400006628200728 -0.0328634994693618 -0.261880705954983 0.242889517747334
-0.0125064651903128 -0.0272475514491237 0.264327430158929 -0.187470993507764
-0.000315865061745325 -0.0380447398934912 0.0159730183156933 0.144261788719973
0.015843394871497 0.000602417127971877 -0.227770124821551 0.0264756513184502
0.0027001345596446 0.0364021353718816 -0.08705177608484 -0.316032131951784
-0.0348325052045569 0.0569616642349133 0.338306533518102 -0.123423380513118
-0.0634698510813784 0.00378528731311488 0.149163772610615 0.222919706914173
-0.0386574895313527 -0.0480817039111526 -0.168751517830056 0.0182925387545842
-0.0172568611849572 -0.0509642183326035 -0.182914832482712 -0.32655029773683
-0.0182934945831014 -0.0181558929648191 -0.215340429231216 -0.397072229266228
-0.019609523484147 0.0128607766049844 -0.309195194146819 -0.164413450413622
0.00427566352491348 0.0352012392939687 -0.215801770794318 0.209605491978517
0.00630919907389172 0.00738350750696845 0.158134270362504 0.126262501411117
0.011866545967215 -0.00966546835860365 0.0818611527634909 -0.132356378871579
0.00340916113495945 -0.0640952750246346 -0.0725893025635403 0.0264302948353345
-0.0390770935030024 -0.0411049367682909 0.0767781742683545 0.00366048987035267
0.00798491882546197 -0.0669405782731801 0.270591448119512 -0.16100349379539
0.0357060491657362 -0.0469613125084248 -0.00435829981273286 0.13467136615323
0.00511682186042652 0.0299429648852215 -0.243550459832162 -0.010051519977146
-0.0341077563790303 0.0330559581276615 -0.053591581274238 -0.338600599350113
-0.0506996859722505 -0.0150343514037049 0.347650401056014 -0.078675565863246
0.0163823416560203 -0.0414925149551712 0.111479628082871 0.225102348635983
0.0675659164822336 0.0140569370630477 -0.165642752118523 -0.0116582352851397
0.0568322459994844 0.0757026105104669 -0.181483821938663 -0.319221552412138
0.0618973412376451 0.0986779139548416 -0.251191345492431 -0.363092423043112
0.100432878456753 0.0303536169089588 -0.338012684232727 -0.0934343935442335
0.0693872662204346 -0.0593624068690529 -0.176309567608972 0.262161190658441
-0.0468169288009863 -0.0737468257717428 0.169180535485297 0.0938813848847572
-0.0731156660441158 0.0413731831932367 0.0623477524081668 -0.127073105225964
0.0736029162290003 0.021865625646987 -0.0685055130922963 0.00779979381730942
0.0740493095606428 -0.0596424004555132 0.0539233341258769 0.0098615039362002
0.0506193325417507 -0.105307584206325 0.278425157889524 -0.121567354339612
0.0897469840472005 -0.0587577280139993 0.0015888021378023 0.124880114414004
0.00509071273365558 0.0567696813061741 -0.251238101291632 -0.0351408214697895
-0.0645998026217082 0.018366965625073 -0.0319072806528023 -0.367784640289705
-0.0351746283739778 -0.085993791076647 0.367766553729242 -0.0691494988724826
0.113064171562309 -0.0553484351502569 0.106278719720543 0.212918140738668
0.160590937336953 0.100447593993125 -0.126397381943284 -0.0226834152893485
0.120066143857341 0.18919282147689 -0.146920335941106 -0.26118216848863
0.164453901451888 0.168453397360407 -0.256614862006967 -0.28192847417065
0.203895156448785 -0.0415067152891189 -0.336765871731352 -0.0052173694531487
0.00815423116280777 -0.205116497447956 -0.125790556186815 0.309546633326242
-0.200706469306837 -0.0387680867286642 0.177095680392238 0.0910338501657544
-0.0709108357716954 0.189992242626 0.0975719114142967 -0.110701088935882
0.207373162680824 0.0569343676701618 -0.0522514667319632 -0.0635725787518686
0.164483328591196 -0.105290976357464 -0.0181288909489215 0.0150880753658382
0.126607139041736 -0.132471882924501 0.267790705368664 -0.0623924398846005
0.187473689917519 -0.0497414996768527 0.0233774397626127 0.138330906359059
0.036606084872188 0.116909449896357 -0.2360269466292 -0.0223759706225053
-0.0985181741703259 0.0200290069225739 -0.00997280694970779 -0.350556330369854
0.00407224740246362 -0.153925089833694 0.364586765291854 -0.0535267629112259
0.210514662543675 -0.037617541476647 0.115433355733987 0.191317766493675
0.213664719453733 0.199503368915907 -0.0596006991324946 0.00231543421669975
0.162746709538325 0.273794253724053 -0.0912540729268777 -0.158348578013712
0.257708070374345 0.173916718643602 -0.21096937162777 -0.190372168928907
0.220030520207435 -0.151009228959534 -0.298313283805889 0.0246710494164625
-0.157811587228587 -0.224856677458535 -0.107834461387562 0.31977622611152
-0.238113971664117 0.164179596770086 0.207209295911805 0.112470423380492
0.0904774552662084 0.281096139340912 0.147520803440526 -0.156960381850796
0.327703381018339 -0.013353807240533 -0.0941645251498529 -0.148726064451683
0.195353767243443 -0.165389481581123 -0.12180526514987 0.0510929016134727
0.21563006709298 -0.122830810205058 0.215077175572811 0.00916741264693281
0.291533534096809 0.0360481487885441 0.00848045529315447 0.167098092074995
0.0256563529164351 0.246928375919755 -0.239498542021441 0.0214089613679925
-0.193385848450584 0.0141930198577124 -0.0397822801868208 -0.286275980632549
0.049348931005623 -0.236113013118037 0.303950623303847 -0.0665869209293124
0.284861506884173 0.0122265383642463 0.147460409647517 0.153830337598315
0.216824605683478 0.288501602249171 0.0189227724173154 0.0748400041572032
0.18080171537935 0.314821118910808 -0.0234961700021677 -0.0310076185600837
0.308676992430211 0.144074793998429 -0.122608461949532 -0.122520751311453
0.180691441705388 -0.189888166618386 -0.278368316448069 -0.0251693170381411
-0.185544941865758 -0.128636953325653 -0.171710557923477 0.319080926892104
-0.0831726699624233 0.224552908876971 0.211307772855295 0.151421943530873
0.192145225221385 0.171202645300952 0.138172048722445 -0.186770705950113
0.308786539781005 -0.108634514103234 -0.163446052275587 -0.16613732148966
0.165620957362681 -0.194040128650561 -0.213790804883791 0.126376607566026
0.263471863405932 -0.0644549644110623 0.122494609238761 0.0544501351606503
0.28105907473195 0.165137127210977 -0.0427548892597729 0.139012642143547
-0.111003193117508 0.300328479626645 -0.232758967175929 0.017633227481409
-0.261431511148818 -0.0967905560571153 -0.0731493872203657 -0.237519650606093
0.130915678384688 -0.285538232987278 0.255758886420866 -0.116758673961857
0.296141747387579 0.0752552330991262 0.210296976249555 0.135371456294786
0.17742626316185 0.325559140010962 0.0873492009891209 0.18423547212292
0.176368939136177 0.30716061298658 0.0466160263591991 0.100626149876277
0.303595006848008 0.108603963836402 -0.0203809595275296 -0.0833531801243872
0.157101897516324 -0.165232899213825 -0.282789586315068 -0.0930900763787287
-0.100547870340883 -0.104238872194063 -0.258213897562937 0.337983430745144
-0.0121533414298144 0.0980204859683685 0.204508187657606 0.236200757018265
0.104321050520356 0.050703309583545 0.149787516586341 -0.142673772504325
0.191645397613255 -0.108266142504593 -0.166259629241017 -0.138198093319285
0.108499677925004 -0.165931034004807 -0.259523426845502 0.203383915598758
0.232545733574858 -0.0014510228252397 0.0219571251671544 0.0540852628963178
0.15584979531123 0.208494652660139 -0.0449781527920925 0.0526256675819267
-0.194223300523845 0.164554932635162 -0.15575489537142 0.0260441524430279
-0.14415771241967 -0.184787111850429 -0.0852897763406021 -0.17533458169747
0.182642805595243 -0.206653289095388 0.240371874033794 -0.143531041008979
0.229322694446776 0.103373252133298 0.259763583333071 0.155810882032385
0.123428627316709 0.284903297086458 0.130548538268187 0.296162012485836
0.144716229236013 0.255361408091178 0.109032746857095 0.216486371687742
0.249288217487789 0.0863000012419178 0.0747082177536585 -0.0570755405206625
0.143295734031448 -0.12375836471744 -0.258178273431063 -0.147324639315444
-0.0430325374155996 -0.118896307534285 -0.301197553211166 0.311255116642078
-0.0299793064189803 0.00534786384133648 0.191427285248562 0.295885136166773
0.00120931570617066 0.0261101995461308 0.196659344576888 -0.0939485990825042
0.0925221113078643 -0.0394507640159995 -0.112039309229044 -0.138862587666391
0.0631855120515404 -0.099916093157214 -0.26555640037181 0.246605136846425
0.146630730658887 0.0296893027542255 -0.0459700811877412 0.026763108933401
0.0512053119443504 0.146976618801907 0.0132192251362403 -0.0115177064460575
-0.126487579305709 0.0406005700384713 -0.097463482674548 0.089653978561798
-0.0185474928188861 -0.118040288516323 -0.128629649518983 -0.128864722324599
0.124126939020268 -0.0930999899710228 0.225451133147183 -0.16371545104413
0.128588972841486 0.0692407021292023 0.28404502245543 0.173179670330085
0.0725252274877872 0.179457606311789 0.162211208786882 0.37114948319585
0.0916100032971125 0.165457519815198 0.154405107591558 0.298959343250832
0.158551004945245 0.0663818286124684 0.147034116901501 -0.028679712569912
0.107736242260652 -0.0695497636819642 -0.193308954708131 -0.193071708579779
-0.00742983865238206 -0.0965958401058416 -0.324316409052078 0.218353770553709
-0.021693630756628 -0.0258616057278084 0.137997309555722 0.313537817080941
-0.0316226643266324 0.0173760497019128 0.22547269143744 -0.0510233644395703
0.0348688027423805 0.0151391403824202 -0.0546898682440663 -0.159786361600852
0.0399722588200444 -0.0329290019847903 -0.258323466254361 0.249712644150714
-0.00632333587240383 -0.026260410814235 0.294032032942692 -0.139438918392936
0.00520257529494467 -0.0373371973384781 -0.00986504344475672 0.144680529137486
0.0154845505104574 0.00293944410198454 -0.229382263408742 -0.0132613008514309
-0.00174811825367364 0.0363153995437834 -0.0328935116435461 -0.326846793068864
-0.0443710276952628 0.0509633552688202 0.355385607441441 -0.0610370301088871
-0.0623289703090277 -0.00725057028058348 0.107140328836659 0.244642952259669
-0.0289587865966103 -0.0552331588081448 -0.169726369284101 -0.0135656161648414
-0.00864241613472416 -0.0539040115806517 -0.120304825148583 -0.359056229503434
-0.0113140127938332 -0.0204026487643859 -0.140025879584875 -0.431543569756186
-0.0178176611918517 0.00825331974675904 -0.277643712690805 -0.219369972895513
-0.0010051873286604 0.0306823031124554 -0.2518771676894 0.16913514514462
0.00169439051512662 0.00752072159101609 0.133525034465936 0.153211205007158
0.0141194595524869 -0.0040274071365236 0.105580378668833 -0.117419435175397
0.016459085811075 -0.0634560037970568 -0.0772780428927415 0.0145562116533537
-0.0324399299825704 -0.0473678921547154 0.0764376151466771 0.0163457369998598
0.0205554286825305 -0.0614867680020427 0.295883870022632 -0.111135353213892
0.0427957547912834 -0.039655458792936 -0.0281434466737658 0.132060500798987
0.000853491193108911 0.0299279433095608 -0.23840514174408 -0.0527631128828279
-0.0377554103146534 0.0248299407845988 0.00417762629298308 -0.343655311610252
-0.0468126408817941 -0.0221028315630101 0.356932017224173 -0.015809591876014
0.0248103969260847 -0.0353723079519071 0.0707962386631185 0.239578832477662
0.0652433336375606 0.0282550281577108 -0.161514581461481 -0.043062418032388
0.0414652710512712 0.0866554187455423 -0.119917828451968 -0.350655165334276
0.0457498731221259 0.11027249394559 -0.181076388771331 -0.404491787740763
0.0965452012735077 0.0480848431791903 -0.318822970141533 -0.153758431830614
0.0818019673683833 -0.0504729374432817 -0.222307918713076 0.228514779917529
-0.0354114179723486 -0.082197700251235 0.150312511044856 0.124152060502853
-0.080512751763845 0.0309699822734137 0.0847626972072432 -0.114982070008526
0.0708917258397222 0.0345698921718888 -0.0701398637824122 -0.0036562191629667
0.0858951450406397 -0.044947896355386 0.0536083251625772 0.0178340925305485
0.0694490949531519 -0.091911592574562 0.297691277492618 -0.0727559682965818
0.0971399595181968 -0.0411320941794438 -0.0194213682819183 0.121979246281303
-0.00461887505025386 0.056110259638292 -0.242260940191451 -0.0777670295922917
-0.0649317965946152 0.00507301549592153 0.0312342514891319 -0.368571166462536
-0.0161579582542804 -0.0899429672274767 0.374681532281569 -0.00393380955002685
0.124134049234453 -0.0325936438148423 0.0688241796893901 0.226991943828473
0.140529165723065 0.130983497442254 -0.120992323069928 -0.0462977212644435
0.0840001464885488 0.21181415838764 -0.0961124979562044 -0.285940908850872
0.133079941093179 0.197266091416709 -0.202978765354861 -0.325490419664461
0.212662628828631 -0.00380255224750906 -0.33376778926441 -0.066838029574469
0.0463006413420302 -0.207002090314597 -0.179443363063501 0.284654874397637
-0.195188924190138 -0.0755998627736346 0.158321055166377 0.121244851980155
-0.106382956125675 0.178840734393355 0.117418503662783 -0.0932080907361501
0.197056973211436 0.0958708968307233 -0.0405731458424766 -0.0710922777825034
0.185150282949113 -0.0748172243072884 -0.0197098314936599 0.0102966468648585
0.148208415598274 -0.105038964007025 0.27749728316837 -0.0157433315681055
0.192557617129353 -0.0143480877566942 0.000484774279442238 0.138543560286825
0.0146446501235291 0.121356780860989 -0.230034567724515 -0.0621590024934841
-0.100224695540326 0.000898917746700162 0.0490760523456166 -0.34793780519542
0.0336953315893486 -0.14929896389125 0.370584444039822 0.00861958915623819
0.217087295777225 0.00486637611780079 0.082216519569495 0.206956304121425
0.174560651548435 0.23894456930184 -0.0571883886577363 -0.0088754603885151
0.108453553985932 0.303560585239734 -0.0610244520283212 -0.173850933411978
0.224082590216491 0.222443505446803 -0.174882480886974 -0.225825465642386
0.249054240435362 -0.108553184001592 -0.301053402120622 -0.0293709965144473
-0.113706053091486 -0.258244939746524 -0.164102415350878 0.300878288390108
-0.271599321700087 0.119167565177443 0.185102405193319 0.147815702958897
0.0353051942870428 0.302585390634514 0.175325274681795 -0.130979613394347
0.332641841844314 0.0484907764406033 -0.0683077379198619 -0.164072387609402
0.228906730484997 -0.130182901286495 -0.130767627862224 0.0288190040722474
0.234220420446944 -0.0799459449954032 0.213968146249927 0.044729725230536
0.280836294852572 0.0886707624181513 -0.0177566333055165 0.166012593712161
-0.0183984812430013 0.247345034251922 -0.23982560397508 -0.0176241249748544
-0.190971432534671 -0.0207725371101271 0.00694926931938609 -0.289138442598191
0.0967088332532153 -0.224129830844157 0.314688490473576 -0.0147115365224492
0.279132148081271 0.0681057527518611 0.120924372381689 0.176565674027045
0.160940315431877 0.328941333782982 0.00724829091566848 0.0771120521969276
0.119819128501335 0.349061976418119 -0.0184694550276396 -0.0346695929275675
0.279741709981066 0.201643177790469 -0.0999423649606104 -0.14274228570814
0.216961685292244 -0.154717053302205 -0.273225403900496 -0.0748473858265975
-0.16023232860389 -0.167406805001025 -0.227665138699743 0.288233741924617
-0.128852981297685 0.205709548613841 0.183341408188969 0.188441197964756
0.15787210073373 0.211608258364843 0.172630778886536 -0.162832420414164
0.332451166648694 -0.0498741207570018 -0.13436349681046 -0.194035344418294
0.203636256521234 -0.167438553100731 -0.236022219332441 0.0876096608006093
0.271161629435601 -0.0175790137350447 0.113983687697414 0.073937310717767
0.247890516853046 0.21442844836618 -0.0639785935003467 0.130916380838065
-0.163309319996854 0.27558344605749 -0.234557653708309 -0.0188570632830888
-0.237144108716758 -0.14348683194205 -0.0339705574597547 -0.249376823392266
0.18461342420883 -0.255019083152909 0.275288053471364 -0.0731092170133543
0.276047403603713 0.132060432841889 0.186016605529513 0.169782661264211
0.114431147091511 0.357277882791179 0.0539427339080891 0.199704293284299
0.115468145741777 0.340332472554707 0.0265051306749354 0.108434256804127
0.280160853889817 0.164709574863272 -0.0059883363817712 -0.0848232652262049
0.191264347070309 -0.134195606613697 -0.264074205299732 -0.141449900130087
-0.0786793183253177 -0.128774641311971 -0.317759213403297 0.292272344066446
-0.0358411814633103 0.0914986723737374 0.162524190827326 0.271727259470207
0.0917732961648521 0.0765308209408915 0.176587905424461 -0.117626851405646
0.214938786993456 -0.070638552797865 -0.142253532866536 -0.168235322976264
0.142326318150281 -0.150939200950473 -0.294693016015174 0.157387900133086
0.230926218388093 0.0393146485972146 0.0140824184434417 0.0566629321493438
0.116919571816131 0.235720590287699 -0.0534127828145852 0.0453845830130223
-0.221228412266139 0.127279147237437 -0.160853637358907 -0.000560305309077754
-0.107222397331187 -0.208593072355819 -0.0563031409569332 -0.190878429078756
0.219665396742121 -0.169092050439705 0.265415493545956 -0.100711692905165
0.206510100469261 0.145720059013005 0.230801602258468 0.199101089907107
0.0678582628172101 0.305998979192026 0.0768540884914143 0.318606288413478
0.0953842930921749 0.282295973763843 0.0670632902103763 0.236239454581278
0.23153487310011 0.132591635255577 0.084216745680281 -0.0412619134103152
0.168498417283519 -0.0968503711974991 -0.229327675170736 -0.192560334564413
-0.0187565968720766 -0.131137421282973 -0.353772155439631 0.256326038717117
-0.0366250867851703 -0.00412438101191847 0.140530342615419 0.327995680813658
-0.00705287670558819 0.0311017048522965 0.213227280751657 -0.0609007115835604
0.102605796183305 -0.0210209380347716 -0.0887743217777201 -0.159677507024916
0.0847376231911757 -0.0954230208910858 -0.310289285859067 0.199619321802096
0.141094675365779 0.0536093418266809 -0.0496373478929396 0.0186120691929956
0.0244639425398481 0.156240388727338 0.0129289703970142 -0.00828101942049236
-0.131352118343966 0.0170896171286869 -0.113085967046618 0.0722588718595506
0.00577685240026177 -0.119968661739711 -0.104937879823321 -0.149523133171646
0.14005737913966 -0.0675405312100447 0.253289251422176 -0.122275967134723
0.114655551507405 0.0942077266807886 0.251974803167851 0.221669579492948
0.0402419104531756 0.191018027587331 0.0933079300321223 0.398097322130994
0.0599802579067477 0.181766248256274 0.096506505037147 0.327166344579416
0.145458712497605 0.0941603711387244 0.149582442687928 -0.000197367520685062
0.122629860126553 -0.048581348006467 -0.158324755283589 -0.225195951627776
0.0118470812504491 -0.101089239049341 -0.360019807879989 0.159308112711885
-0.0201876279272561 -0.0330314377023586 0.0831900369806717 0.335304601499784
-0.0371593810920841 0.0140023463130437 0.234656597235321 -0.0124012231811225
0.0336100413855737 0.0238312556761279 -0.0267416446178136 -0.171187583480202
0.0481871100861862 -0.0329405349049507 -0.302115181201356 0.203907498161654
-0.00635700432828257 -0.0267394111331673 0.289573508680235 -0.148041927640813
0.00318638532625428 -0.0365590189909004 -0.00575585839611832 0.146143387058628
0.0166688717323297 0.00332140578068187 -0.230216205667038 -0.00660517884721652
0.000947509440423358 0.0358970723728985 -0.0425427853792847 -0.325145233894532
-0.0423858686782412 0.0531766028725174 0.353356157281919 -0.0709987753393804
-0.0623230574007367 -0.00443245547880613 0.113681360162252 0.240498713352567
-0.029688180513498 -0.053668637295983 -0.170453119155469 -0.0110246920926852
-0.00940595726155229 -0.0524387885478518 -0.128847459779288 -0.355738807038225
-0.0110326354111702 -0.0210620690646329 -0.150521573401365 -0.426445205129603
-0.0170431108823549 0.00915623319670691 -0.283560724640868 -0.213944386598651
0.000514379586606949 0.0297807203965806 -0.247157665406509 0.176937898647716
0.00141425271916064 0.00679076892008397 0.136268246175583 0.149527097668724
0.0145398896855386 -0.00378504874782412 0.102381634860766 -0.120819250162607
0.0143720969410127 -0.0645430203512024 -0.0757685616570854 0.0181989390543376
-0.0343741405448022 -0.0453080587197838 0.0760074882485213 0.01244961427943
0.0191788593155588 -0.0625707849212059 0.2911832047573 -0.12188345263571
0.0385689402447633 -0.0393911435132243 -0.0257745981458746 0.134000067830724
0.00162654961724862 0.031589181400714 -0.241217221579088 -0.0443880223116594
-0.036059542840783 0.0256965194487661 -0.00651170495217816 -0.342159053991511
-0.0462552845308439 -0.0205374263790634 0.355589473434704 -0.025951636604772
0.0250789592104104 -0.036186285806021 0.0766385659386543 0.236376697677766
0.0664174770793379 0.0269439910013963 -0.162298875419281 -0.0410648764321243
0.0442115646104446 0.0862483780364989 -0.127576342234376 -0.346988095022312
0.0478333614927478 0.108924755925654 -0.192365093051016 -0.396765248875108
0.0983850854883732 0.0462618972292217 -0.321254029105071 -0.148844173933414
0.080875953645503 -0.0535917356368014 -0.217255271354039 0.233754420115844
-0.0381486508288233 -0.081096094748354 0.152599023883761 0.119299881296718
-0.0781460497963938 0.0335638033747118 0.08252812847575 -0.117437062603604
0.0713174774987935 0.0323885594147421 -0.0697693774483671 0.000677103258014736
0.0844923639897389 -0.0469130859538489 0.0538869546913219 0.0143751398823034
0.0670525928325144 -0.0926573679239556 0.295507077323358 -0.0831545099729208
0.0942497586462999 -0.0432865821890658 -0.0167804582843902 0.123208034850632
-0.00298584068839795 0.0579124188437163 -0.244963299291599 -0.0702032699271739
-0.0640974773529456 0.00735473125298627 0.0186231328909501 -0.369643321214818
-0.0183914540321851 -0.088775382701888 0.373198921368627 -0.0156410377991124
0.124060861298384 -0.0351159585508571 0.0742810898704207 0.222594959691367
0.143979646506164 0.128659873182271 -0.121272119582023 -0.0452954027974111
0.0880999999210188 0.209842921791312 -0.103465838194383 -0.283648718734888
0.137040579220394 0.194871301144765 -0.211494387546671 -0.317532889608406
0.212490428393234 -0.00718537577798104 -0.335007544879433 -0.0590755319363982
0.0428318803887291 -0.207113598905098 -0.171368990590327 0.289482629058373
-0.197114312107118 -0.0686107340299075 0.160569855492242 0.116382372393298
-0.10016310815938 0.182125508833777 0.114364727182127 -0.0969628865480047
0.200009501356295 0.0894721417115867 -0.0427135511505676 -0.0684811206867734
0.1821885280547 -0.0812630133250507 -0.0188811499361551 0.00933617164736229
0.144780568710996 -0.10874042146289 0.27571936392805 -0.0256949395763718
0.18914956163372 -0.0193449831388798 0.0030210097895074 0.138169835802176
0.0178689778319468 0.12152148062657 -0.231816287822498 -0.0549828048116011
-0.099192498078797 0.00341902473592345 0.0380399184028584 -0.34873404689347
0.0312657165639026 -0.150375007960303 0.370182248049555 -0.00171204624907647
0.217994130522813 0.000391724812009412 0.0885841260848051 0.202987309874097
0.180443359458869 0.235527123502045 -0.0573768247337972 -0.00973590516245088
0.113519260182056 0.300642059674435 -0.0654025256936874 -0.172774526911786
0.229035134180981 0.218685497668268 -0.182594764263148 -0.219291595125779
0.247249234259716 -0.112677621775865 -0.30253326470952 -0.0210437764700191
-0.119156114471614 -0.253751386858567 -0.154946081963995 0.305385958365719
-0.268925355298799 0.126347256844406 0.189115439932715 0.142713090471431
0.0444590698987597 0.301455659309979 0.170557646777045 -0.136706586916133
0.332297505462849 0.0386504849680501 -0.0729259242320241 -0.161369724480079
0.224669682499535 -0.138305414823259 -0.128148373847737 0.0316309289680188
0.229971829472319 -0.0869642008763137 0.21554033046521 0.0372925350421092
0.280992306148765 0.0805321548931256 -0.014417328376903 0.16541670295625
-0.0112089409453781 0.246401927988351 -0.240143895664174 -0.0103915115488866
-0.190455513975826 -0.0164330795907672 -0.00148068876134982 -0.288625718856385
0.0918914296302454 -0.225364506677753 0.311632674863421 -0.0241110792492172
0.281419268339073 0.063686305678406 0.126063628720043 0.172007877272258
0.166895974352525 0.326735009733243 0.00997065601507205 0.0762764845333948
0.125993875502635 0.347604362049622 -0.0191119536426107 -0.0344215837150083
0.284369558044184 0.195369160734695 -0.106140576998578 -0.13911745947122
0.216088976422903 -0.15882106884161 -0.275532881383404 -0.0658700145198495
-0.160931427975968 -0.162458323343852 -0.218845722410432 0.295049850324291
-0.122013563548601 0.20917286942524 0.189072032300848 0.182622458318317
0.162863171102424 0.207495744580477 0.167043046308001 -0.169040041034869
0.328779218965323 -0.0606614893888001 -0.140203144987863 -0.18945193603564
0.198796416324882 -0.171816416857146 -0.232204318873879 0.0946223485042434
0.270958290908453 -0.026302576754022 0.116180266901165 0.0691970974963872
0.252006682735522 0.207249785171965 -0.060847860918712 0.132296836411365
-0.15332832009385 0.279358036869788 -0.234680418619388 -0.010935128181057
-0.240101428203687 -0.136283459328333 -0.0421425015745323 -0.248289197209183
0.178248662328461 -0.258984482159619 0.271364869329862 -0.0824134596561963
0.280168057806837 0.128701711552453 0.191366947533036 0.163971490908431
0.121362060397346 0.356572947530158 0.0594581064820124 0.19791641738837
0.121537212933782 0.338685637971313 0.0286154322082286 0.107638465180359
0.284803211241038 0.158542045921559 -0.00885042047759081 -0.0835542090958102
0.189386308657867 -0.138551800022005 -0.268669358746899 -0.133933516235679
-0.0816880766107047 -0.126403259500402 -0.307411039710395 0.301357095131407
-0.0338267945605459 0.0916026742557442 0.170849429325813 0.266641673490587
0.0923089920988232 0.0740985679942146 0.173380616869526 -0.124098737572703
0.211086178094371 -0.0765724867915893 -0.147589075812308 -0.164631157729631
0.138147831049237 -0.154328873852711 -0.289506337618153 0.165773129231972
0.232400381154453 0.0312423857710949 0.0168602334796566 0.0555476161219304
0.12313622926097 0.232464726655688 -0.0521947093760316 0.0461294107419861
-0.216096905506395 0.133046454714262 -0.160289810946325 0.00433305124009387
-0.110663520288836 -0.203723214563974 -0.0615158417818259 -0.188934975009875
0.215004960913832 -0.172333423518824 0.262138718119419 -0.108995676626805
0.208927485083157 0.143736040047711 0.236332839920188 0.192730813768437
0.0745521024225796 0.30569185597433 0.0839134038779897 0.315901934307719
0.10222416915302 0.281305349269757 0.0719491808348428 0.234344555241301
0.235550582281932 0.127776384430178 0.0828473401936587 -0.0435904881607611
0.166237041705116 -0.101682935080045 -0.234822427067945 -0.184277164122274
-0.0221323576614734 -0.130428115192949 -0.345887787315074 0.266237820180509
-0.0371455271708564 -0.00295629755638517 0.14926249761122 0.323174092597933
-0.00617656271600485 0.0331334032585361 0.212757839978123 -0.0683066036743017
0.100581128435451 -0.0228855290317384 -0.0934914072409847 -0.158451742455324
0.0820960149581796 -0.0970354081621675 -0.301724472282436 0.208195918041218
0.141391973732755 0.0493041923004722 -0.0484915278769418 0.0201070063889186
0.0286103573976015 0.154311294068153 0.0110062893076668 -0.00815924685920568
-0.130602675488955 0.0215512270967428 -0.110591654757744 0.075518414145416
0.00317151379683384 -0.119484748080504 -0.108624741948934 -0.14685614534969
0.137356187946939 -0.0714805253874048 0.247331792963775 -0.128926600376164
0.115161835415963 0.0918726698792224 0.257216280617138 0.213430385404063
0.0437782519413793 0.189642188130283 0.101087126312479 0.393895515290003
0.0638500807220832 0.180949908690209 0.103281655793528 0.323215101985108
0.148999315334622 0.0896884164282659 0.148911022314531 -0.00389445177620939
0.121050470488894 -0.0522694727617508 -0.163568968811074 -0.219233250343001
0.00980164551437456 -0.100174025305156 -0.353897942882908 0.168134450747133
-0.0211332015896142 -0.0313399273651819 0.0923589106515718 0.333894547705505
-0.0376991907964673 0.0168549694422954 0.234572146618097 -0.0202081105707362
0.0336410316200024 0.0241351665044943 -0.0336142132745796 -0.172058906447255
0.0482081668037541 -0.0349506476547439 -0.294115417270977 0.213414717020927
-0.00666518044310888 -0.0283756233576785 0.284211181057977 -0.153498726071322
0.00145476669164694 -0.0357450871440497 -0.0031335145748802 0.146263096916634
0.0165596292868389 0.00334145909494984 -0.230483487021138 -0.0015089752576738
0.00219978139744559 0.0353849174187471 -0.0491822538551088 -0.321816417028044
-0.0401937358427109 0.054081577531152 0.347942482508934 -0.0768870757537769
-0.0618531618559088 -0.00364211068172554 0.116968151249895 0.23636381486707
-0.0309888799470376 -0.0529876086809963 -0.16826571421191 -0.0101578468589762
-0.00915195311276809 -0.0513574529398858 -0.133034840471091 -0.351525482876525
-0.0115848906418983 -0.0219885541139765 -0.155638814428089 -0.420121517179269
-0.0164953615568026 0.00999459329240339 -0.286179605094817 -0.210296843394816
0.000449330048742612 0.0295604956542241 -0.242866689241657 0.177378503836676
0.00161148203019987 0.00679224868675318 0.135981878038571 0.145564696298763
0.0143274418800754 -0.00385875905829339 0.10051957171143 -0.120903685762338
0.0111586813259774 -0.0640721852729572 -0.0739288192228935 0.0206910046777699
-0.0341998901446575 -0.0442570913897284 0.0752326675596522 0.00946384641825312
0.0185751987024105 -0.0622974100576347 0.287209605986768 -0.127196917779105
0.0378232984087155 -0.0385954956225761 -0.0230445264595834 0.133885743015079
0.00172931852454753 0.0320121440465429 -0.241292802713348 -0.0401808471104013
-0.0345742727612277 0.0267559254635263 -0.0129308803962363 -0.339798452546108
-0.0456365287982221 -0.0186180397872908 0.35190053742996 -0.0322477013945134
0.0251096918335757 -0.0371149534975989 0.080697144154844 0.232785914419713
0.0679283183370203 0.0265592562311852 -0.161163339145361 -0.0394899989056999
0.0447437381368743 0.0853972996527857 -0.132920437864219 -0.343843345403535
0.0480459681560753 0.10738256277312 -0.197234428696299 -0.390615047833242
0.0985946034161563 0.0454075595488616 -0.321707149272798 -0.143389121879041
0.0790408099825402 -0.0540408512477677 -0.211376119656903 0.236166679824177
-0.0398717565910831 -0.0795608066184194 0.153359111646205 0.116047016295681
-0.0769424834901721 0.0353642268219803 0.0800138985042368 -0.118331131238734
0.0715811806438293 0.0309833685247379 -0.0687246140880859 0.00271085877992937
0.0831697114281406 -0.048167081337521 0.0542668012351915 0.012004271552266
0.064595791088109 -0.0938030535085956 0.290948712088171 -0.0890215411387924
0.0904938127308005 -0.043199622896689 -0.0152139801604779 0.123529021728845
-0.00244091824386378 0.0586418898192814 -0.245786132799977 -0.0647297178190158
-0.0634637754390593 0.00793144142478798 0.011383440045907 -0.366769276979887
-0.0183161083905796 -0.0877597974006806 0.369332997138424 -0.0219399373273709
0.123116132544556 -0.0370593272826254 0.0779681490701855 0.218544759704439
0.145459178526073 0.126757686095743 -0.120763637712926 -0.0445776847500776
0.0895578498403317 0.208472344494201 -0.10830682510855 -0.280988789475592
0.138516104031739 0.192733388296824 -0.216522518036883 -0.312731852961762
0.211376839788957 -0.00942501912210693 -0.334125684811249 -0.053955920162353
0.0408879305379989 -0.207283259002192 -0.164567634890854 0.291055126071677
-0.199563630578077 -0.0648615213430567 0.16072786137146 0.113399509311263
-0.0962029992882922 0.184027949728437 0.112381133127251 -0.0986385917248662
0.199918540341725 0.0858265150086875 -0.0432016080145747 -0.0658177290422223
0.179259709510295 -0.0850467779076091 -0.0183038924814526 0.00858930990422375
0.140814515646652 -0.11026041704963 0.274631052431834 -0.0335039927367309
0.185108065341205 -0.0218766735365569 0.00544348276058449 0.137523774021112
0.0189916820283742 0.119563692085442 -0.231874875052934 -0.0502297288363287
-0.0980521426589623 0.00421840862263071 0.0298379496487053 -0.347339684465962
0.031098518832328 -0.149476818570693 0.367495645095516 -0.00993835953379821
0.217376326859227 -0.00235045706000161 0.0924783794833574 0.197726547461365
0.18230065047116 0.234282500580604 -0.0559204262712359 -0.00937597222116531
0.116638847883353 0.298946532082516 -0.067626066034039 -0.17214795615037
0.230040951293246 0.214948161233557 -0.18568290940287 -0.213359801390558
0.244502184144144 -0.114544864860634 -0.300931261188298 -0.0160663113779141
-0.120448177720942 -0.251055260558135 -0.147959620818581 0.305732614330585
-0.264882961176428 0.130875107793664 0.191020925937968 0.13774027945212
0.0514042515135654 0.298928792946243 0.16644817566574 -0.140315205814356
0.330257108054663 0.0328121741987941 -0.0765160070149595 -0.157473695015682
0.21885738232631 -0.142279692355263 -0.126461976210451 0.0334829979957123
0.226750562079884 -0.0909809086676279 0.215859902533431 0.0308528947695425
0.279284945202282 0.0748658199888858 -0.01084402896275 0.1643855561082
-0.00603570313393866 0.245101548758097 -0.238198098158449 -0.00505619345255209
-0.18858598379913 -0.0136484266555119 -0.00659512311412402 -0.286985818778803
0.0892238897176614 -0.224856090815621 0.310051200554929 -0.0313138534418106
0.281807570404719 0.0602988727552593 0.129187381630138 0.166188380097429
0.171720961575599 0.324081653675312 0.0123404532564484 0.074760043617381
0.12924093321481 0.345073758260902 -0.0202301012519422 -0.034243833538687
0.286111619912802 0.191612321189412 -0.108289206488856 -0.13486242009227
0.214501246418641 -0.161269536634222 -0.275740607547846 -0.0615291568071284
-0.163062525955236 -0.159325479168639 -0.210893375798513 0.298015858741388
-0.118405554397467 0.209807496773214 0.19136877463928 0.178059599105779
0.16532670342669 0.204611883020881 0.162254088766721 -0.172274910090535
0.325089092836429 -0.0655179586411392 -0.142408715993239 -0.184983842011149
0.195019609242168 -0.176051723804763 -0.228520593784331 0.0982374826137235
0.267542047349349 -0.0318908232474254 0.11754068346987 0.0650138245832523
0.254198926501594 0.201274033602264 -0.0584104833045044 0.132458468918635
-0.147231500050176 0.280630546347258 -0.231848406543775 -0.00682899512099778
-0.239859059503959 -0.131432359659719 -0.0467178771986371 -0.244568534246389
0.173126740359304 -0.260049631782597 0.268062658070883 -0.0876711705852258
0.280107206345589 0.126439231090549 0.192940886842715 0.159112713989266
0.125966385378546 0.356283278061189 0.062788019931238 0.195692293301645
0.124475992548778 0.337310464634835 0.0300727832436662 0.107571714759746
0.287861290326801 0.154596902955978 -0.0104329760952065 -0.0816708899707856
0.188394038618552 -0.141369648002279 -0.270069438855193 -0.127943962505682
-0.0824821577902603 -0.124031626987994 -0.299757529107165 0.304732628004721
-0.0330455550267632 0.0908716655616583 0.174441060271113 0.261687600598709
0.0919298805298573 0.0750094982827972 0.170075922790123 -0.126617986923924
0.207312177162064 -0.0797911796611876 -0.150352988707538 -0.16056136621652
0.13365012330099 -0.155661428089049 -0.283420477834437 0.169336918477222
0.230737526334897 0.025198716727992 0.0182331300967468 0.0546578787655913
0.126708336621357 0.228600264598706 -0.0526034328405861 0.0466725948952846
-0.211802557148417 0.137404785222933 -0.15864038739403 0.00796818115312619
-0.113187849375151 -0.200310791256352 -0.0657506647589343 -0.185834191969948
0.208224865433635 -0.175343103808786 0.257202587914126 -0.114541417332889
0.210609823272558 0.14139363926808 0.238607329390578 0.18760153177502
0.0774830012174972 0.303986120326712 0.0889449424604204 0.312576827690465
0.104755836859658 0.279944841450378 0.0738950578103009 0.231636123488523
0.236937156923295 0.122272324229029 0.081395591756352 -0.0434506048084944
0.164964242151951 -0.105199195158093 -0.23795868557524 -0.179887132559442
-0.0235768556416026 -0.128695008191885 -0.338335963614035 0.269936462624644
-0.038381239470074 -0.00183480369385504 0.155803621751714 0.318516100136206
-0.00694246021085935 0.0347110217889245 0.210456846051733 -0.0728688849073474
0.0990492594620807 -0.0235174283215202 -0.0967262024612038 -0.155989386817121
0.0783193593945235 -0.0974899930895964 -0.294613401226552 0.212897061070579
0.14013078856579 0.0453145063480388 -0.0469106393439523 0.0206539744873526
0.0310732247565959 0.154569423205384 0.0106825278663452 -0.00897773558203407
-0.129203321305445 0.0239074272896427 -0.1083687253781 0.0778935713122325
0.00189122262014498 -0.118123785094442 -0.109628394808436 -0.142728945346688
0.133732593035201 -0.0716193700306601 0.243772745833676 -0.133018135336458
0.115738081409332 0.0898034032568951 0.261764228574641 0.206517193984384
0.0459783881124215 0.188110498031512 0.107510690587877 0.389164810303695
0.066143699262211 0.179010851132275 0.107405423445804 0.321958345752015
0.1504165821934 0.0869239073259841 0.149059947422243 -0.00618024078387869
0.119769769061754 -0.0539859209346678 -0.165694840375797 -0.214894655808315
0.00709580693809655 -0.099117002080792 -0.348500154234489 0.173148374888481
-0.0216442941964122 -0.0307397979975283 0.0986948447104982 0.329436055653213
-0.0365509126393963 0.018625493559456 0.233823403164377 -0.0252636965788369
0.0336924234145869 0.0233328064247346 -0.0365671811101682 -0.171568013690757
0.0454874672977841 -0.0352584711459793 -0.286604259387468 0.217019893924426
-0.00678923714707978 -0.0291246455554983 0.281804145620422 -0.157323624054426
0.00140292701724727 -0.0346220755129818 -0.000339309395270902 0.147686583453251
0.0169823531109376 0.00393575919347815 -0.230000936898071 0.00218041437961864
0.00290096462609308 0.034236217511151 -0.0528359715231487 -0.319371094898695
-0.039410860526352 0.0547492604206341 0.346676282411866 -0.0804040396383826
-0.0623415315121202 -0.00293319562324619 0.1190283838347 0.235057588860524
-0.0307029869453576 -0.0539955312286167 -0.16710925875639 -0.0098504472853059
-0.00848287660675296 -0.0516582685844013 -0.135119670729566 -0.352266758760997
-0.0117557461084282 -0.0232524952081597 -0.156585455643243 -0.41965551490097
-0.0157475115864885 0.009523380515594 -0.288617379697722 -0.209166264858366
-4.73657910338085E-05 0.0282280461480076 -0.242248191960469 0.179809854537643
0.000581159350667578 0.00658540540053264 0.136917385389796 0.144945900345711
0.0143620473516969 -0.00401368305499661 0.100565384324956 -0.122621958209962
0.00995080140905144 -0.06423865996658 -0.0724400083579906 0.0224734604269862
-0.0348745153931134 -0.0441111910146333 0.0745198332668376 0.00753456601606393
0.0173132866904743 -0.0632779795173464 0.284932609520846 -0.13108779442857
0.0356737196955522 -0.037716254639264 -0.0216278314431234 0.136466869512297
0.00348580611185969 0.0316419316265532 -0.242280029207176 -0.0361343136302962
-0.0345088792373653 0.0257117492225558 -0.0175147833427989 -0.338091226495398
-0.0451184754067149 -0.0176360754566706 0.349528033226092 -0.036810334361546
0.025674899201648 -0.0353880868461981 0.0822262923422898 0.230817337431405
0.0679094686284169 0.0260429018245055 -0.160598910245882 -0.0400240842628802
0.0454877951479219 0.0853134695286927 -0.135480867948057 -0.341991272525479
0.0486514886458765 0.106281953946988 -0.200172046734683 -0.389400912887126
0.0978776725211018 0.0448544277530904 -0.323792808837812 -0.142623000398875
0.0784124351473333 -0.0549078888292593 -0.208840935836661 0.237634285044357
-0.0408027612203021 -0.0783244622771982 0.153171759861068 0.115686691269442
-0.0765609290691144 0.0369366470493493 0.0803759814189986 -0.118836660619226
0.0709655353877779 0.0303066812515662 -0.0674906691399991 0.00545790713760105
0.081505419511771 -0.0498017258866005 0.0540542106878908 0.0105379004862276
0.0628716993354165 -0.0951375263955771 0.289388784780001 -0.0921823577461685
0.0887813731570842 -0.0430901500853239 -0.0140725918447998 0.124270630052416
-0.00194735701918452 0.0583195648607491 -0.246718328758663 -0.0612500368216795
-0.0641347671512065 0.00712842586273209 0.00725591217984842 -0.365006341439307
-0.018433713242782 -0.0862746770073062 0.368472998728598 -0.0261848697512756
0.123394826472177 -0.0369011443534499 0.0806235489622134 0.216303654953252
0.146384686065338 0.125801357886601 -0.120296013816049 -0.0448631895372104
0.0906007705680166 0.20824540303673 -0.109873671119067 -0.278178760013228
0.139226839950245 0.19263040194034 -0.219471882079359 -0.31032227114529
0.211796902794937 -0.010442939960654 -0.334767753800253 -0.0528599332108313
0.0394651451845737 -0.207288660487256 -0.161399460892801 0.291804846310593
-0.200207741914631 -0.0620494133139092 0.162000386709031 0.111808483367073
-0.0934489516377169 0.185661890902459 0.111277834017883 -0.0995935942157276
0.200102966018028 0.0832432745087189 -0.0434631728456554 -0.0652148374415931
0.177783202629584 -0.0875279307905746 -0.017306161237357 0.00810592354627825
0.1389050576284 -0.11234616296758 0.274231615879811 -0.0366039218627785
0.184031493161998 -0.0231791961723069 0.00653345842670981 0.137638720351748
0.0201233754995837 0.119933067668285 -0.232003335024039 -0.0468147665983853
-0.0987954914907692 0.00358112734218575 0.0265595960665492 -0.348008345105563
0.0307362573443642 -0.150498370673223 0.366501268085874 -0.0153541848380828
0.217955733828487 -0.00275137591637825 0.09494368712605 0.193933687397561
0.183610748496296 0.232684222767915 -0.0547528318725107 -0.0101699047519446
0.117975584269454 0.298932917569766 -0.0691251126042896 -0.170466812982132
0.230915050510691 0.215137825472982 -0.188258391943122 -0.211675077079087
0.245930774563006 -0.115652022942309 -0.301583930641373 -0.0129227951622664
-0.12170903137131 -0.249965199565612 -0.1443880180851 0.308216229836196
-0.265207453148588 0.133154202089992 0.191182745863909 0.135425822540338
0.0550375743279461 0.299274186629673 0.165583231054034 -0.141665454232563
0.330057686305558 0.0274755244544369 -0.0777084594532804 -0.15541854293027
0.217932056295631 -0.145318365551357 -0.125984104899599 0.0348387138874161
0.224164140118372 -0.0941824093822473 0.215977421445228 0.0268678513077419
0.279200547944387 0.0720976801931721 -0.00913117134736138 0.164179758882359
-0.00344424274873654 0.244241228936813 -0.237042445118174 -0.00146234808491365
-0.186909862340095 -0.0128340559672958 -0.00868284818743148 -0.286648640847669
0.0885272676057023 -0.225792579532819 0.309038122261666 -0.0342910301493449
0.281811655866942 0.0605419817198887 0.131154988964163 0.163581153752669
0.173003340618691 0.323974489856745 0.0138056798826955 0.0735093946385542
0.131187694347059 0.345527846129506 -0.0201438942829804 -0.0342484469934343
0.287728612352164 0.191152489985481 -0.110400637268509 -0.132582966925208
0.214553782731092 -0.161924017924651 -0.277736411837936 -0.0571206994461805
-0.162543926423901 -0.157724416580478 -0.206205879494802 0.299845871897255
-0.117516720294882 0.208683717859504 0.194616791500606 0.175899606734011
0.16726539710618 0.20233965367702 0.161286301183094 -0.174916768576442
0.324237708156588 -0.0694573705054825 -0.145397643709295 -0.18264315119469
0.192406160686512 -0.177777016598971 -0.226937658233309 0.100711152931452
0.267379192535455 -0.0357896874957412 0.118399674474865 0.0633151899910212
0.254117234732499 0.198062530678686 -0.057464135687592 0.132706714997966
-0.143374280107461 0.280649558032775 -0.230442836506954 -0.00325363989068105
-0.239468497245623 -0.128339722296995 -0.0488682392717505 -0.244348747039372
0.170704492326583 -0.260659091381318 0.266944331225469 -0.0905918560461563
0.281471181950546 0.126488148897247 0.195485332109533 0.154874490763707
0.128154064370267 0.35655020556301 0.0662563908842183 0.1934739625405
0.126363057761019 0.337126093280225 0.0307775549482241 0.107015487414446
0.289471505457972 0.153575404359975 -0.0108661749390826 -0.0800333596372576
0.189574180126695 -0.143069994799554 -0.271407509239897 -0.124412527333561
-0.0827416407506534 -0.124322770022917 -0.295395413174949 0.308628083111146
-0.0334323671361454 0.0914849841759002 0.178491603916723 0.260488049253829
0.0916246862438851 0.0757019731205158 0.169369670246298 -0.1297035107206
0.205731717492895 -0.0806906632365273 -0.152909431118553 -0.159048808675032
0.130833365046596 -0.156583655034933 -0.280901017616558 0.172294601930417
0.230107130379358 0.0221427680741916 0.0194528183817789 0.0546709707710394
0.13027956823605 0.227633176030434 -0.0526951217205185 0.0475006042198131
-0.210288381716734 0.13902174075946 -0.157211026415924 0.00940978414414377
-0.113610272339982 -0.199362249278198 -0.0670440875601734 -0.18448217208335
0.20600690058538 -0.174663114270289 0.254880753707302 -0.115836524798478
0.210111426089365 0.141516484410565 0.240425769336886 0.184698924680607
0.0796953392000456 0.303383546505061 0.0922678679604738 0.310639643063119
0.104703393447435 0.279606763318102 0.0751403578307794 0.231840038214824
0.239180739072435 0.120202640575139 0.0811563545319243 -0.0430504212249732
0.164652444114513 -0.105947506056931 -0.238967940988121 -0.175949268017522
-0.0250132617161312 -0.12853200034942 -0.334958927949767 0.273808796336343
-0.0391006794339177 -0.00158728242858516 0.160066419778856 0.316903346523673
-0.00673759058721342 0.0364509056012779 0.209761502722341 -0.0760478067999487
0.0975249377793139 -0.0231619314050473 -0.0994300548569956 -0.156702513135519
0.0779325947110071 -0.0981652439868946 -0.290709990793254 0.215029194920624
0.140167271416931 0.0434932842088181 -0.0460489569535267 0.0216266274724599
0.0330203444873373 0.153942501088475 0.00941992732794813 -0.00896768630094959
-0.129148449360061 0.0265475121446238 -0.106847857365995 0.0789842131786309
0.00182265510278984 -0.117833945233842 -0.110614340990562 -0.140605823482396
0.132514704582476 -0.0718396769571956 0.240462209425893 -0.13448418170904
0.115177024078975 0.0893382514822867 0.26327457892552 0.204279780235681
0.0468044912792329 0.188590645564559 0.112025703276849 0.388699584637868
0.067542663494034 0.180092185646328 0.109951140650592 0.320588487799437
0.151560073516485 0.085397508952736 0.148484997176316 -0.00652492524786289
0.119072970905751 -0.0547126911504836 -0.169005915627111 -0.212206646744044
0.00678852209449582 -0.0986574286283905 -0.346629762315833 0.174956885154335
-0.0226298051215774 -0.0306355026962692 0.104188644370338 0.328302416078664
-0.0361417768855486 0.020051048807698 0.234204225651783 -0.0277561031393975
0.0333996926375148 0.024941894406321 -0.0404364644355701 -0.17183915303701
0.0451889564598513 -0.035581065959706 -0.281853650969175 0.218714782944582
-0.0113854468764329 -0.0263607114650626 0.278812691798676 -0.177689754597403
-0.00163733814205617 -0.0349765150678995 0.00858295857720877 0.150691263380382
0.0182559785826581 0.0019588224375705 -0.233484545440186 0.0180179749111552
0.00695773512113364 0.0331200349818881 -0.0744821787659958 -0.318338996216929
-0.0350743991721789 0.0598288634700288 0.346389841132948 -0.104710765332843
-0.0630837969100418 0.00186756520455285 0.135837026825759 0.226091719505553
-0.0353566856252451 -0.0538095686133187 -0.169292055686382 -0.000768981572891012
-0.0117525990982654 -0.0521976766711004 -0.154912218018281 -0.347161775885509
-0.0112209777424522 -0.0252781287817736 -0.180829699243126 -0.412959936881921
-0.0142972390039044 0.00766233207375055 -0.302493726019542 -0.194824480527701
-3.40866995813503E-05 0.0271631731375824 -0.232518544975759 0.19668789041658
-0.000221379265211109 0.00790141748962129 0.145500968164131 0.139257156677257
0.015464741424306 -0.00383107584618952 0.0946948978507043 -0.130547823985256
0.00389972468265166 -0.0651314541852861 -0.0695006246265107 0.0283735849524014
-0.0385951529042524 -0.0409305093411866 0.0758562108522878 0.000581787584072414
0.0112310513897866 -0.0619051953052754 0.283623249410479 -0.150669386912272
0.0323996085263433 -0.0403462088244469 -0.0139638224673505 0.140407761356791
0.00599374598500604 0.0320682090261853 -0.246996408253369 -0.0195941409216071
-0.031754966362746 0.0267861055793006 -0.0405005231494101 -0.33919524338374
-0.0453323284943226 -0.0139373007808278 0.351514432082706 -0.0612645717441625
0.0227490267240622 -0.0371182851223096 0.0983941344005132 0.224031391264337
0.0692441645086227 0.0204285143901492 -0.164012604063462 -0.0313867097882601
0.0520480160424151 0.0833222269813508 -0.15544355876911 -0.336438677805608
0.0561942952406325 0.101375354836635 -0.222180507610023 -0.379679057794017
0.102013249974377 0.0373498170361046 -0.333762331347604 -0.124359906360527
0.0725535856955582 -0.0620844873412239 -0.19493833044886 0.252723054798266
-0.0482263966105947 -0.0744459405556703 0.160068795155366 0.106594244137934
-0.0723589369971653 0.0444786814498407 0.0729366472674045 -0.125007606918249
0.0735086098465006 0.0250003065092659 -0.0656606909520097 0.0115537144506041
0.0773268984361653 -0.0565293752808957 0.0571193139000473 0.00516503248888073
0.055791997445542 -0.0968540876233759 0.290480751143029 -0.11157027693616
0.0855011215600593 -0.0480773516549496 -0.00699639287879343 0.127656934086493
0.0018050091165926 0.0586666305852064 -0.253115498539141 -0.0452112705131505
-0.0634260086249722 0.00955922442223064 -0.0181016399368265 -0.368875161623515
-0.0228596563076017 -0.086687346193406 0.372032006728222 -0.0514044352622885
0.122446917754423 -0.0458177147366024 0.0958699229309533 0.210516550274372
0.155768549447175 0.116631220685389 -0.123772079076643 -0.0394686487799426
0.104557689519504 0.20486457047905 -0.127834150511112 -0.273737393722923
0.151154432031012 0.182626931237077 -0.237495691120094 -0.297205531445313
0.211287036574009 -0.0255386620558568 -0.338684369636238 -0.0319438916134917
0.0227992518999758 -0.21117832335062 -0.144240103313875 0.304491908065735
-0.205316414831438 -0.0463119061815337 0.167462163769018 0.101343941483277
-0.0788724641484926 0.195900840672609 0.104560280330387 -0.107351744109306
0.208635918671237 0.0672940265386774 -0.0457810721641976 -0.0588963648833676
0.171583322062858 -0.102173787769849 -0.014513450620742 0.0085209735214027
0.129550255792477 -0.119371846387149 0.277020502891077 -0.0533375133126841
0.183486208733724 -0.0347592976623855 0.0139362138879235 0.139660172348106
0.0275776600138181 0.119182682964623 -0.237319150606665 -0.0324773964114997
-0.098053682532675 0.00789136457406082 0.00377124188671765 -0.352124077705196
0.0236319729874003 -0.153883005803086 0.369552841511756 -0.0411867668720173
0.220441072516281 -0.0149821162540952 0.10862091352534 0.187785235542406
0.201425872909363 0.224499320200522 -0.0557564282149032 -0.00832594268467048
0.138175695765401 0.294880431496554 -0.0802716727596088 -0.167587352438373
0.244997029708967 0.201400729366569 -0.203503372397435 -0.199701055260738
0.239493288832834 -0.132767426704241 -0.302853856000034 0.00440216946596055
-0.140480773897311 -0.241619508223188 -0.125412430695368 0.318459795891011
-0.255685072003066 0.153895865416051 0.198618344805226 0.124592162588294
0.0773699201825611 0.299409222062185 0.157137950930135 -0.151696268148479
0.335130888768628 0.00139870931750173 -0.0852096555843539 -0.148398021319348
0.207198799892407 -0.1648455055756 -0.121069577534849 0.0432087084096952
0.217781127713368 -0.109020916241699 0.222909223829937 0.0145174145686277
0.286337163947289 0.0558331111526007 7.17347578383829E-05 0.166538069968726
0.0109073577561384 0.24550498143662 -0.237952975648281 0.0133820027979841
-0.189142889104198 -0.0032091564865696 -0.0283286067403137 -0.288111383237931
0.0786049782259783 -0.234322724927647 0.310952756891057 -0.0574287646034708
0.289862180553882 0.0449957466981661 0.142720708751027 0.154321549557089
0.194261492028556 0.319626764287192 0.0195265757174589 0.0717269901989955
0.153605688405234 0.341251215973415 -0.0221259065084789 -0.0321853533246776
0.302173911342446 0.174583740980464 -0.11996585056403 -0.123480784594576
0.206344226424463 -0.178611695733975 -0.280902504895715 -0.039901720210542
-0.175505769986193 -0.148412443386814 -0.189196091141661 0.31602890730794
-0.103919736753516 0.21906711373713 0.20501484859148 0.166505829152463
0.184515482656329 0.195413465878574 0.152059983403695 -0.185880996379306
0.320527296992618 -0.095908060741023 -0.15669733031965 -0.173519537474158
0.177821712080859 -0.195313859886341 -0.219149663970694 0.117385908431687
0.266409458534858 -0.0540662907335673 0.125161628007877 0.056933912701268
0.273498387887809 0.185078120321191 -0.0506513809517689 0.13693061321327
-0.127526267020382 0.29359257222058 -0.23089847084665 0.0121574439490478
-0.248329123024555 -0.116866718593647 -0.0655737819035804 -0.241544904959839
0.159316240320427 -0.272430061031122 0.265252402245808 -0.110258250331536
0.292492180907598 0.112282138631026 0.206529319357605 0.142104774375739
0.152182857915169 0.354255552485186 0.0799535072879156 0.189670839890432
0.148018877231035 0.335414277688365 0.0362596378975415 0.107823595350446
0.301897257580098 0.135925066650423 -0.0164404907040311 -0.0774529786159862
0.182512242104154 -0.158782281736373 -0.279993985172171 -0.107125507931737
-0.0935102154844747 -0.120028971497355 -0.278035980116995 0.330184268823744
-0.03044253753361 0.0954377898968607 0.197225117611767 0.252127469909715
0.0989783476505325 0.0729967393841592 0.163349336218919 -0.14312943929034
0.200341627687487 -0.0970199518239269 -0.163773889332595 -0.149789536037111
0.118898053125595 -0.170720500880193 -0.268239062790239 0.194493730269545
0.233640654113671 0.00639289243329186 0.0237011468061508 0.0536406148969167
0.146619712899343 0.222929266749695 -0.0514341169402646 0.0515032662456712
-0.203749450815651 0.155769603944142 -0.156732814643648 0.0202059036718364
-0.125324225292409 -0.195132977702994 -0.0797819619751507 -0.180810913976761
0.198445821806277 -0.189526885092519 0.25009387329309 -0.136357674601056
0.221104424470879 0.132196069696752 0.254486036942031 0.169143511490177
0.0997342249449635 0.303948634410678 0.113872333862771 0.306644518106959
0.124661828077923 0.278291778904894 0.0888931047515235 0.23119808522913
0.249577220190978 0.105382195862525 0.0790825336974356 -0.0461253963743193
0.159554297083608 -0.120299569446598 -0.249098562897319 -0.160529473125607
-0.037802067385907 -0.129097708710784 -0.317605120666784 0.296795349983035
-0.0426195415767609 0.00375479074772137 0.183207503658448 0.310089695381989
-0.00390954422877182 0.0412889038010508 0.208487165685463 -0.0914312967397063
0.0965111555831253 -0.0312327200404467 -0.111652323422445 -0.151026403905913
0.0693800926620175 -0.106489026691641 -0.277047329898183 0.238332828944248
0.145021248763861 0.0331765480366944 -0.0441365578397065 0.024478005193876
0.044333973746319 0.155723855777111 0.0082771075550132 -0.00949168238008655
-0.128803576260724 0.0359174787502808 -0.101501075706511 0.0857414237083036
-0.00551861310455358 -0.120486906286234 -0.120626992705969 -0.13363384472669
0.129239321106738 -0.0787917803469956 0.234321160384929 -0.152352932387866
0.121925839244183 0.0857316729204425 0.27898870279595 0.186137320920841
0.0586048564282748 0.187863512031049 0.136838290852024 0.382897092195396
0.0799461421071497 0.178729354671838 0.128093299509435 0.319292453360995
0.158213629828038 0.0764209278243521 0.149205671587797 -0.0142471383442347
0.116701795091364 -0.0644945081710173 -0.180355285884899 -0.201354031933637
-0.0038665977124266 -0.100096642232647 -0.335697250460896 0.197311292146671
-0.0270468849174147 -0.0271019043841625 0.126055756633037 0.323401329561327
-0.0347633000651573 0.0265922262210758 0.234504096817339 -0.0455052202611278
0.0370712519044396 0.0215509596673306 -0.054820510090228 -0.171584676713015
0.0407632522412255 -0.0414433449061478 -0.268326617388536 0.241216759840822
-0.0129945606866437 -0.0260800926814231 0.278415053744475 -0.185702258132862
-0.0028867699494835 -0.0340023547486594 0.012598087898486 0.153831280181601
0.0193280557070561 0.00216535687856605 -0.236798206748591 0.0257390908231794
0.00837535044872455 0.0320104725057549 -0.0821856305527732 -0.321668151250842
-0.0327558761446606 0.0618850411618848 0.347259077664577 -0.113796296187728
-0.0648660278347166 0.00347395852016335 0.141668632341407 0.225063927127121
-0.0372515698513986 -0.0548173876575571 -0.171356457628724 -0.000817111184880909
-0.012298154587857 -0.0536524353946519 -0.163040217600548 -0.349129146211759
-0.0120637123705818 -0.0258764772974795 -0.190367255792949 -0.414606187955506
-0.0140516700009938 0.0077640056125404 -0.311186447208448 -0.192799988645094
0.00021264684854138 0.0265714636112036 -0.231087416110875 0.204978046518161
-3.20343821395373E-05 0.00833859572973034 0.149288782442236 0.138653718626329
0.0164625414666072 -0.00441297122743079 0.0930075876529814 -0.134831620935933
0.00219242736741066 -0.0674916172375112 -0.0690794933401135 0.0315325158772492
-0.0400453715037117 -0.040593342963136 0.0763970888305024 -0.00172587313575012
0.00955729417636946 -0.0632320124237233 0.284800878489947 -0.157944871768301
0.0318228772612629 -0.0406794992054063 -0.0104606527028001 0.144336825540545
0.00691572485892551 0.0319085897888563 -0.2514234906296 -0.0132387411803325
-0.0318841831425954 0.0263439819578115 -0.0473957491809834 -0.341975257944276
-0.0461558706224052 -0.0129167620812991 0.355050721258998 -0.0694183921532065
0.0227023409016098 -0.0382285334280052 0.104161897747428 0.224929086758335
0.0711959367485272 0.0190435224027204 -0.166675650132439 -0.0302093315456831
0.0533221309442599 0.0825785745924182 -0.162926711177009 -0.338076293419688
0.0575800469816864 0.101390540876322 -0.232493627140891 -0.377915320991431
0.104721823405999 0.0363105402887064 -0.34133843418243 -0.12113699566575
0.0721853421303909 -0.0649464574536072 -0.192614832944552 0.260466210839015
-0.0498999754305835 -0.0745881610570836 0.164114828288453 0.105941659472548
-0.0726057837217927 0.0469259559402992 0.0716288741958523 -0.129140451803195
0.0746352706021041 0.0235724290404453 -0.064282059600365 0.0144430164226076
0.0786954391209044 -0.0598864264201838 0.0569497235322933 0.00336264276589147
0.0532704566566259 -0.0987584648381269 0.292629283125959 -0.12164235858124
0.0846061040633645 -0.049568965720865 -0.00490386952598953 0.131199815121888
0.00338105249429349 0.059253146204455 -0.257718508345053 -0.039667472415998
-0.0644454695065432 0.0098998960558413 -0.0242662464929195 -0.373207564366203
-0.0239268736955393 -0.0871524383078062 0.374054437803162 -0.0614972429749242
0.12427985319849 -0.0478992062153362 0.101170063771501 0.21019528445912
0.16077218542831 0.116510379825748 -0.124416667134587 -0.0392285542358303
0.109193785883476 0.205811014813878 -0.134373161383394 -0.27466178016336
0.156208034741871 0.183440841133007 -0.247527383069623 -0.295007217892885
0.213519268499543 -0.0280655512605564 -0.344110003648244 -0.0269685854619697
0.0189823378652371 -0.213828768373983 -0.138095705977185 0.31144762467719
-0.209309746521207 -0.0429834788248461 0.173335272521972 0.0992029745198012
-0.0754337036181923 0.201371952355564 0.104475598514062 -0.111073478822547
0.213373662552012 0.0627807751352342 -0.0469160851244161 -0.0572182766913977
0.172822440121702 -0.109757613550764 -0.0141372342644588 0.0076859142460643
0.128963141243973 -0.124933015397167 0.281070796113748 -0.0617744196744824
0.183868919576419 -0.0378019354870378 0.0173621483531706 0.141240360546486
0.03064609662028 0.119542985771991 -0.240702420275773 -0.0263763066724731
-0.0998739977601754 0.00847424243429817 -0.00394062746143848 -0.357983953787178
0.0227986450622535 -0.157794819813226 0.373582204019927 -0.0504383712960238
0.223906537469422 -0.0191539395344684 0.113285578493191 0.186567557444757
0.206216165662397 0.224791106781294 -0.0562636953255801 -0.0094486105167005
0.144941432681155 0.298480021383492 -0.0843445697954406 -0.166804729799104
0.252574214320039 0.200028562535633 -0.210360859684899 -0.196783294046495
0.241390810763777 -0.13847037598234 -0.306897373185091 0.0112947725998262
-0.146766122019501 -0.245330536444372 -0.119637975207889 0.32624364297694
-0.257391935136212 0.162356687541403 0.204720476063395 0.12159250837499
0.0867198119048243 0.302165679823592 0.155349961534955 -0.156939909617723
0.339630965521818 -0.00613138820421629 -0.0896205709074098 -0.147331987282763
0.205275961276803 -0.173002486647371 -0.121035663429178 0.0458229983982776
0.218719880543564 -0.115597261086461 0.22611689165529 0.00917334879500044
0.289510418504898 0.049418751420127 0.00388730126205972 0.169001586428579
0.0167027804959404 0.248956219466198 -0.240343435442799 0.0187550035391774
-0.191268523323666 -0.000727732131950513 -0.0345978627997979 -0.292442577623267
0.0760615220337706 -0.239412369989651 0.313825046923438 -0.0657437284804914
0.295841370438699 0.0424278844409553 0.148259437119203 0.152052527302554
0.203271220260211 0.321280885090319 0.022009750928323 0.0712487515706166
0.159787036098675 0.345103000319406 -0.0239354974523262 -0.0315150282633357
0.309486076389647 0.171588765754962 -0.125377794059487 -0.120795925116246
0.208164935198732 -0.185227190098793 -0.284752192332743 -0.0335216748157347
-0.178809902528316 -0.147681796306412 -0.184072795617453 0.324945428038446
-0.101570712113567 0.224985424989298 0.211489397386367 0.164738495372209
0.191422209043988 0.195038449931321 0.150191461482099 -0.192344784104754
0.322087704249785 -0.103410709941512 -0.163287103557327 -0.171109816218527
0.17565972657688 -0.203237189296148 -0.218423094947462 0.124024440116876
0.267740969561282 -0.0613068931428591 0.128720047280751 0.0545712997909903
0.280908063051358 0.181373174249069 -0.0482162075105299 0.140087715451201
-0.1230703756481 0.299539684462218 -0.233540451296402 0.0170320875848244
-0.252516609073238 -0.113420869406934 -0.071428775432292 -0.243360488370793
0.156529888967657 -0.278189007577402 0.265973925633949 -0.117129580816261
0.29933195075398 0.111591735855314 0.210957290825194 0.139460810109566
0.159354595792216 0.357371569683389 0.0852310530422465 0.1898942916463
0.156364245232935 0.338071518240395 0.0383133686431193 0.109327785361277
0.308716969679674 0.132496958709455 -0.018727171424928 -0.0760769996950506
0.183544592394783 -0.165456813470292 -0.286823524136164 -0.10149413819805
-0.0964819038974036 -0.120573916446845 -0.274004954852674 0.341045270223608
-0.0301587487354548 0.096337569368541 0.206748811308602 0.251955713022116
0.101406388484113 0.0730604453818907 0.162790587302795 -0.149194489998801
0.200920655923161 -0.101970002121137 -0.169729882121905 -0.14829367464436
0.116182129850022 -0.175661900093298 -0.26749409890456 0.203220379562159
0.23717175000264 0.000581138142196408 0.0256960540189496 0.053410156957728
0.154648854018665 0.223446185329792 -0.0502484476129623 0.0534305126696611
-0.202979408335298 0.16205921427249 -0.158140129884289 0.0239159468425975
-0.131552910857172 -0.194970027526222 -0.0843901271348775 -0.180636469604735
0.196887468467736 -0.192575541953513 0.25069013760848 -0.141923752527224
0.226678741639517 0.13104906499514 0.261734625016067 0.165731288454414
0.104972986390476 0.305606040913428 0.120566884958557 0.306431434719388
0.130071993768684 0.280936983441469 0.094398958225406 0.233718561791157
0.256072568334489 0.102454581319505 0.0790545701968535 -0.047704504257323
0.160165869758791 -0.125407835174347 -0.256219979772307 -0.155983845229924
-0.0395334862154122 -0.128514794203019 -0.315803167323724 0.308665009509993
-0.0438776493618889 0.00503916342195256 0.194200459171782 0.30884100450754
-0.00276545862896424 0.0433369797909129 0.209861787578763 -0.0983142221258241
0.0964359501630886 -0.0320496040929804 -0.117629899485704 -0.151197269613338
0.0673530760731514 -0.1095452013846 -0.273721173833281 0.246805414844378
0.146438228481774 0.0304451515810676 -0.0442820626324812 0.0252673649489408
0.0489340330280561 0.156717576493177 0.00833694005951069 -0.00988559786740461
-0.129311636284475 0.0391808285342866 -0.10081998657125 0.0902316661312345
-0.0077211089703146 -0.122447385730446 -0.12244529700244 -0.132692422636821
0.129006093269065 -0.0814252099528653 0.234138779390688 -0.158465762009099
0.124354195778431 0.0852732860278749 0.285283076240567 0.183039002416407
0.0614212779367815 0.189793737457168 0.145871044359079 0.385464675293026
0.084097835525518 0.182463593773143 0.134701410992675 0.322426654252168
0.161172948070263 0.0735981269696719 0.149719311090635 -0.0163895292281853
0.116625189683191 -0.067685530674177 -0.186071792506519 -0.199874275750854
-0.0056376923653082 -0.100374006148288 -0.33523531458458 0.208322067277115
-0.0270430323197954 -0.0271330825601151 0.135083003637206 0.324857122351514
-0.0344372928465412 0.0283821084372018 0.238682600063 -0.0522689822569789
0.0367305714863689 0.0230576262235157 -0.060090265935206 -0.172811082889632
0.0394333649014867 -0.0430009567862914 -0.26589954432737 0.250794368476275
-0.0136751755654308 -0.026998649401779 0.275771147694435 -0.196172721686474
-0.00476692482861893 -0.0346301021121162 0.0170976022931836 0.156508855904784
0.0198824736593425 0.00143906401254602 -0.239475814487244 0.0346204336664639
0.00912013691403368 0.031177976386711 -0.0922222900716202 -0.321909517160816
-0.030004042334493 0.062385576308988 0.347193167333608 -0.123143848364017
-0.0654109095524178 0.00631443833186446 0.149382248387094 0.222337721747975
-0.0401637641957284 -0.0549927762063422 -0.172313379754652 0.00235348111071473
-0.0126646118184429 -0.0540224077390749 -0.174427706338112 -0.35090360600432
-0.0143266422230871 -0.0269326059393531 -0.202720066872436 -0.413837073639304
-0.0132702349690137 0.00849535212828373 -0.321230440237128 -0.187602784899404
0.000166630971923633 0.0263867405522749 -0.227603617661785 0.213948252774268
0.000249831919477897 0.00824706878796742 0.154731865560593 0.136606326630449
0.0166935565423572 -0.00476607432133005 0.0907389646733059 -0.139890669142913
0.000163992359389767 -0.0679797646755687 -0.0666276925995178 0.0351146382449435
-0.0411425927043544 -0.0399869621641362 0.0770447029858635 -0.00384108379249864
0.00763042029688406 -0.0638486090337498 0.282325344757274 -0.169475552276963
0.0305329143877325 -0.0401958424838775 -0.00588023066787151 0.147919529205134
0.00810711324719036 0.0320446703212088 -0.254931347343766 -0.0041732373371363
-0.0315334074960405 0.0271287713713402 -0.0587661436362711 -0.345990640238681
-0.0444738953867887 -0.0118063381695791 0.357178609977347 -0.0786000679609156
0.0226374021470765 -0.0388426473698706 0.110357495095077 0.222780084587786
0.0732743258649217 0.017351472538771 -0.167897356020012 -0.0287735427867659
0.056843367903273 0.0828398925771659 -0.173101983108211 -0.337207747072043
0.0590013230215858 0.101153636672472 -0.243039750320119 -0.375536779129338
0.107295379561149 0.0338573226908724 -0.348897707438654 -0.115863704422378
0.0709495503686606 -0.0676727930774465 -0.188424175393018 0.270095123623814
-0.0542334882719771 -0.0734360523763258 0.167989521720917 0.103400678231086
-0.0715614080986219 0.0491426182079859 0.0696934009403049 -0.132704178436803
0.0773276522921622 0.0216913350839262 -0.0640884613660738 0.0176705329325439
0.0775880515422495 -0.0641686404244569 0.0581175774382364 0.000476841428455453
0.0501888512012472 -0.101469623330241 0.292782181842146 -0.132164241516475
0.0832174772683456 -0.0512986489627039 -0.00170133302888682 0.133665669846852
0.00458997348490437 0.0594726062523052 -0.261254982187617 -0.0309147991095841
-0.0652581630434669 0.010774864333548 -0.0367575256786954 -0.37855128179626
-0.0246818491033457 -0.0880326227552071 0.375869694996653 -0.0719836317275147
0.125322544038691 -0.0514545409799545 0.107985310540519 0.207966297840942
0.165449221412297 0.112135305495746 -0.126605350752024 -0.0376876527940603
0.114495870025546 0.206531425546067 -0.141341777684814 -0.274047165414199
0.160827220145548 0.181514180784761 -0.259221667284894 -0.289278352946411
0.216378054314699 -0.0339453386100414 -0.349797499935982 -0.019804880901695
0.0139452423617035 -0.218260653480112 -0.130998201583393 0.319750241173809
-0.213064682417101 -0.0357172273106481 0.176917810835301 0.0965156447930239
-0.0695279382848938 0.206773302196714 0.102521713222204 -0.116185531501264
0.218393473621322 0.0578903498575026 -0.0479171714197126 -0.055813263978029
0.170878485546992 -0.117225950475371 -0.0140410096061321 0.00773259479438411
0.126480776164473 -0.129324874376056 0.281506981448911 -0.0716087250968586
0.184385442964553 -0.0422376302911873 0.0203232318462874 0.143352940993915
0.0333876459291154 0.119871791092919 -0.244454772422159 -0.0191202581969498
-0.101012499141248 0.0102715636253234 -0.015742097727462 -0.362651945960864
0.020368674450313 -0.15966142995531 0.375124204506245 -0.0616310785968797
0.228070447271831 -0.0251769006976034 0.120202244030481 0.1848265783669
0.215127649682165 0.222122832773637 -0.0560036070120482 -0.0091535968226541
0.153525402733827 0.300544140176838 -0.0890308789021892 -0.167401602949882
0.260312536471656 0.197124693870058 -0.219177016810271 -0.191561777436132
0.241987347639813 -0.145758970456785 -0.311424845803443 0.0207518758069384
-0.153545976289418 -0.243342634419607 -0.11113336748684 0.335204370784897
-0.254920848000942 0.172013023514714 0.210283695218608 0.117881414287903
0.0972184239715321 0.303281908401739 0.151520772733355 -0.163745762075392
0.344612300593167 -0.016177038623301 -0.0950928610796163 -0.145760763549585
0.202617392783871 -0.182154942989509 -0.120486303914861 0.0493773954218243
0.216898656527889 -0.122373081897202 0.229751371753648 0.000662248077441871
0.295440058802236 0.0431308082772066 0.00764542334013762 0.171093622188845
0.0236246986086166 0.250352904029614 -0.241734323953673 0.0256576646220307
-0.191722337215219 0.00343570740175803 -0.0438667934811761 -0.293459673409437
0.0726811084947711 -0.243788757040487 0.315415660412184 -0.0751729434011903
0.302431226835294 0.0380764361826243 0.15370682158938 0.147763963182532
0.213760356706961 0.321847970136508 0.024745240502034 0.0699079034028618
0.171440261892108 0.348462556109603 -0.0247226956285582 -0.03055320855067
0.318150198248359 0.166914036853178 -0.129893234152608 -0.116889641951489
0.208946970134794 -0.192508938022948 -0.289615591017439 -0.0243491482469844
-0.184300910560668 -0.14539554819977 -0.176687583567018 0.335698756431716
-0.0958713471259537 0.22945629564998 0.219963211537673 0.159521818731143
0.20118081728711 0.193036722696102 0.145728936125654 -0.200256806079642
0.322699165269358 -0.115003286785759 -0.169698977277843 -0.167474922142979
0.170355609902254 -0.210980659175493 -0.217227676513583 0.132442383533444
0.268697275994223 -0.0698695197022867 0.133103585543442 0.0499314700448794
0.289450039105494 0.175659059559082 -0.0441370346166997 0.14318310081296
-0.115338082093815 0.30703794992823 -0.234396826207374 0.0227564211650499
-0.257992600000297 -0.108119406441326 -0.080477098688774 -0.243988861412678
0.151834886339033 -0.283519054625827 0.266174236001141 -0.126876090334707
0.307191312086279 0.106317831327489 0.217405128998305 0.134657213635451
0.169981566179456 0.359221780436799 0.0909981354367273 0.188326422838463
0.164890031790957 0.340198824209739 0.0407489040961405 0.110588085575021
0.318044991422407 0.126171183404486 -0.0215574568796128 -0.0750117462574164
0.182607373809925 -0.173394580835308 -0.291776628933995 -0.0925682600068744
-0.0999819199131312 -0.120662820565448 -0.265067578103555 0.355254400357615
-0.0281575276640461 0.0987653269088235 0.21849495660662 0.24877629121072
0.105394314919392 0.0731587100834541 0.161215337756561 -0.157343047664985
0.200263535067714 -0.10929564155296 -0.17622819992374 -0.145027126411511
0.112902695206141 -0.182267079843754 -0.264402291067902 0.212237444791458
0.239126076137168 -0.00557606986772928 0.0281885393923315 0.0526690587426166
0.163152614843632 0.220609168398795 -0.0499530838134095 0.0559475729697821
-0.200424796738579 0.170698333065055 -0.158606905402529 0.0279758878182685
-0.136870640237699 -0.194789487987046 -0.0894934353309143 -0.18056229652643
0.194449933715844 -0.197541588490581 0.249205457864844 -0.150473550197016
0.231426990704679 0.128557816944792 0.26803172913945 0.158973176686916
0.112227413386423 0.307675139646648 0.12993095751681 0.307750380788471
0.138796405807694 0.282804815982398 0.101170038281266 0.236594086929858
0.262307854841918 0.09579718763606 0.0780838743114408 -0.0500307400903288
0.158797096596726 -0.13315537771239 -0.263071953727692 -0.148312459852896
-0.0446738260430884 -0.129630825108464 -0.308827303701419 0.321215890295977
-0.0452931697123685 0.00636510194186305 0.20596822586975 0.307441066718444
-0.000170807170628179 0.0450048430726805 0.211944770950623 -0.107075068486713
0.0971735586211396 -0.0344454167246313 -0.123587913351853 -0.149890565607763
0.0649131225114911 -0.112425658200201 -0.269716464758168 0.257827395119517
0.149425483832406 0.0273413694947667 -0.0441230620433423 0.0269913448454428
0.0530578494685218 0.156493471561532 0.00688757349004622 -0.0100275906406447
-0.128671593373318 0.0432365868976339 -0.0969288960924881 0.0935806042242749
-0.0104843810778262 -0.123957158029787 -0.126004073513391 -0.129834436912757
0.12852200754269 -0.0834620115421588 0.231382970501513 -0.164780247173952
0.126920971643615 0.0836517731458481 0.292096680628163 0.176832335534178
0.0656348796710309 0.190673660238229 0.155839184271234 0.386201262237489
0.0897909372351394 0.181784139007447 0.144063929870217 0.323011411763209
0.165439323735679 0.0690766574465364 0.150109092808327 -0.021598307959293
0.116931778587992 -0.0724771561937629 -0.193134383443821 -0.196385516009954
-0.00847307429294051 -0.101127375429437 -0.333887928898096 0.217899387653247
-0.0286844795265984 -0.026224313188293 0.146431845509808 0.324034396392528
-0.0328743081496823 0.0294125064815079 0.241209703598112 -0.0603890178273154
0.0379929512063764 0.0226375883658945 -0.0663152181006025 -0.173877086478
0.039022496848894 -0.0439325271364082 -0.260502417937396 0.260293221326842
-0.0165559115212864 -0.027468758488737 0.271202907145139 -0.205658321592
-0.00568560585001187 -0.0339984235907577 0.0223776266900394 0.157715931729557
0.0213613424827431 0.00077935356705938 -0.238859357160306 0.0429792225221773
0.00993866940731152 0.0300765472424093 -0.101457819531507 -0.320249107611286
-0.0265197734343604 0.0633491072515605 0.344716009400357 -0.133602199528855
-0.0657766644216881 0.00783248112879546 0.153606380812961 0.218097327329781
-0.0424905738180607 -0.054336317598633 -0.173937992015536 0.00402679146671604
-0.0140678053329821 -0.0545495660272145 -0.182382065572667 -0.348127858265545
-0.0161011343739399 -0.0264885610624676 -0.212434658098964 -0.40908588098325
-0.0120921375830303 0.00820360018762035 -0.328336328172382 -0.180500899158135
0.00025676230728713 0.0257641760348193 -0.222706745999411 0.219427945027668
3.9742542682266E-05 0.0091305405982824 0.157990187080039 0.132383776897582
0.0176742292184629 -0.00543342286351972 0.0875017464586899 -0.143175314598595
-0.00231273599667648 -0.0683585308373063 -0.0639534217739527 0.0373406541054867
-0.0424446408607203 -0.0394654265615462 0.0775408754446211 -0.00666091194396782
0.0053593441710581 -0.0644094899096663 0.279321813640281 -0.17907254321065
0.0292295708415548 -0.0406107771813378 -0.00210344402330707 0.149401592671342
0.00952097102875892 0.0315072623565702 -0.256977753176741 0.00303677004067657
-0.0314961609125763 0.026877894360696 -0.0680303429107944 -0.34533505360325
-0.0433695262895951 -0.0114536718456135 0.355519330584222 -0.088173710660095
0.0226800444471655 -0.040165520094396 0.11542175046655 0.219198298708623
0.0729416281959835 0.015625086332101 -0.169237489738758 -0.0258944320506365
0.05918399731815 0.0815280749388321 -0.179131424094838 -0.334558976088883
0.0599339168538521 0.101113711458528 -0.254840319667566 -0.36951900264152
0.108113308186457 0.0325082396984428 -0.355468511082353 -0.108021774456799
0.0691355091236994 -0.0701027841702125 -0.180496462958473 0.276246618020328
-0.0557362838630864 -0.0719941987202796 0.170206885658887 0.100358679588187
-0.0697227136015993 0.0527259603567432 0.0664933114355728 -0.135219902177402
0.0781422804745786 0.0177028615033668 -0.0614002793056396 0.0200466487390185
0.0767484368857683 -0.0669964738290173 0.0578496511927279 -0.00172580742854801
0.0473689432619428 -0.103062625801969 0.290228362471869 -0.141153457083063
0.0813235948499059 -0.0521812118307056 0.00214737803230839 0.135521874567729
0.00586141169277884 0.0592037313651513 -0.263317325124954 -0.0231684504813845
-0.0653326330602512 0.0120350671824846 -0.0486738622410884 -0.37901826598296
-0.0249770473862149 -0.0874622149588109 0.374656888694816 -0.0825887036308877
0.12616415505498 -0.0540493214095423 0.111889116344355 0.203484767371672
0.168599176574767 0.109489394348901 -0.127279271816238 -0.0366084510677782
0.119626796485203 0.203863619074078 -0.147987902278021 -0.271187627800275
0.164961761696381 0.179008742152687 -0.266950451170866 -0.282543039010042
0.21559717456548 -0.0372378320860786 -0.351994240116915 -0.0115285699869992
0.00869984347674447 -0.219329439495677 -0.12144939632839 0.324837036234653
-0.215155666859319 -0.0300073265948818 0.179476184450793 0.092855937481602
-0.062171637118394 0.209703716320487 0.100815355791464 -0.119766028782061
0.222223368289992 0.0514417537382072 -0.0488511911743613 -0.0545737177250326
0.168799722568321 -0.122633773176109 -0.0127707431209713 0.00773930009943464
0.122763259053332 -0.132993830053791 0.281257811436379 -0.0818943547185777
0.182597468570889 -0.0457225286683601 0.024437033531472 0.144112007762614
0.0362352491827853 0.11883703405648 -0.245641347182104 -0.0124280659508025
-0.101281965941636 0.0112145331323079 -0.0253294537251711 -0.36409488571632
0.0192154500831833 -0.162068388199739 0.374415975809145 -0.0723863475260366
0.229723618949599 -0.0299521413249497 0.123975404278804 0.180111097367477
0.221199748283438 0.219102496329377 -0.0561624845665299 -0.00952076460755233
0.159431107104845 0.298055699455499 -0.0940874845725478 -0.164605656388648
0.264206284137826 0.192184093029369 -0.224631740150827 -0.183954049851681
0.239278347190089 -0.151031814703047 -0.311027993705551 0.028373644770047
-0.157906680729112 -0.239406815133619 -0.100144263857849 0.338091267190797
-0.250689684921361 0.18003288758824 0.213483609254038 0.111727062704084
0.109076090971445 0.302275268475079 0.14833720645918 -0.170090778055142
0.346006719903625 -0.0268518686114142 -0.0988071617218578 -0.143303195085981
0.197697258335568 -0.189485128076359 -0.120303210265323 0.0530388739700373
0.21431825319277 -0.128329988235851 0.231045859629423 -0.00772593774273872
0.297024935261227 0.0353412672199352 0.0116801673479284 0.171107659917436
0.0303241729313795 0.249139089663659 -0.240105344417297 0.0317797167490562
-0.193443110126775 0.00767600053615988 -0.0517640707023675 -0.294993430051721
0.0689850841234443 -0.246515438426049 0.31421137210186 -0.0851803990984955
0.306235819311303 0.0314079839589515 0.158170764933145 0.143679843697718
0.221646034786852 0.320232038919246 0.0272613810265732 0.068509472519557
0.179226242636709 0.34611225805744 -0.0257094804861628 -0.0295044911644794
0.324273209790467 0.160126216397669 -0.133907205676164 -0.112363631652731
0.205926182148775 -0.198968415385419 -0.292583854199473 -0.0165547546088556
-0.186426389390544 -0.141390430839587 -0.166431257483356 0.341604457829974
-0.0900465230467905 0.232761978943419 0.224683282845416 0.154181897037143
0.206808514654638 0.187502771454089 0.138746416968567 -0.204440591580708
0.321773949791838 -0.124007474789967 -0.17665964068484 -0.162650360208929
0.166615227639307 -0.216819127272784 -0.213711386787932 0.138958631232027
0.267869437665373 -0.0773903346644926 0.135605448235466 0.0445954156562829
0.296122608242871 0.168489448173209 -0.0405613770396936 0.145199384284043
-0.106565836278239 0.311162467632785 -0.233413460772298 0.0287343871933106
-0.259799802220215 -0.103390060323598 -0.0860453071244261 -0.242612437210055
0.145120266733345 -0.285710828521308 0.26325439532439 -0.135426252740457
0.311788131554638 0.102511615461725 0.221444200658352 0.129465626255749
0.178302218485151 0.357850187505923 0.0962694007589954 0.185877869488012
0.172880995060115 0.340663804947611 0.0444585904280161 0.111265034636071
0.322260343890554 0.117886066179838 -0.0234535964002946 -0.0737176971898246
0.180125994473896 -0.180176261468454 -0.296152439583044 -0.0846136164522054
-0.102611653617739 -0.119491862374605 -0.256163427697327 0.363472928339442
-0.0262540540689186 0.0996274666941945 0.226398414521579 0.242506117917555
0.107370437858929 0.0712544921152538 0.157056670798558 -0.162675515039715
0.197822810215122 -0.112968914914818 -0.181539619594741 -0.139440728930906
0.107001544230167 -0.185389519306061 -0.257514224190776 0.221827158108418
0.24081404982807 -0.0127908626236001 0.0307390082838475 0.0510737796555888
0.171344467285398 0.217719106510615 -0.048940703374204 0.0576232839092682
-0.195388549796063 0.176065994650799 -0.157746479028559 0.0322643174355212
-0.14129771127909 -0.191419675738511 -0.0946442645234255 -0.178077636747638
0.190590748384319 -0.200119072378809 0.24515920021424 -0.159601414707731
0.235100254166552 0.125072928174205 0.273835360299221 0.153200323304851
0.118690052372678 0.307013681191095 0.13778354193986 0.304312917343622
0.145781455794589 0.282170415723943 0.107262967082314 0.234929895315562
0.265825885329272 0.0889537600683954 0.0759320749678655 -0.0504338088849168
0.155556669420319 -0.137988176918746 -0.268098798754914 -0.141010828498748
-0.0481494495631171 -0.129056927924401 -0.300007425242526 0.330364412163233
-0.0448295037521696 0.00884937101199096 0.215762030873118 0.301255389816906
0.000954545301898046 0.0462107134600921 0.209803082076263 -0.114055366277927
0.0968650133274552 -0.0357822088595281 -0.128222616802338 -0.147957246283403
0.061232137520918 -0.114637364013987 -0.262671700817776 0.267157179632947
0.150082231159422 0.022935128390895 -0.0428566649274745 0.0275303322109813
0.0584193699307447 0.156284686460344 0.00599632456092692 -0.0107976630866491
-0.126708505599699 0.0469549643472763 -0.0943812268062198 0.0961809383451684
-0.0140343156313989 -0.12501873574458 -0.12878384468242 -0.127568758513449
0.126550020167136 -0.0855558018204437 0.22885494477156 -0.170629635709157
0.12813421766934 0.0819665079990683 0.297025491239821 0.169267168794175
0.0679748094935717 0.189591334053726 0.164841335162082 0.383820482371939
0.0944108744691146 0.179446438664632 0.152655599621786 0.322606113338868
0.166753334694438 0.0640440884170136 0.149865146907911 -0.0228872689373579
0.114952557323763 -0.0753589777770926 -0.197063910243059 -0.191396618093129
-0.0100991324175759 -0.100846742811879 -0.327469157724663 0.228273589777599
-0.0292184913360446 -0.0257532458375926 0.156159389400917 0.320319375666274
-0.0315346953248723 0.0304412219237711 0.241056956494685 -0.0685115519880286
0.0391812886489292 0.0225526600182997 -0.0723986499089362 -0.173588032418174
0.037228640329542 -0.0440312911951078 -0.253306747007655 0.26860625087706
-0.0162224046524946 -0.0278740992915158 0.285529106312288 -0.197678401263339
-0.0043966079082419 -0.0330991734783114 0.0172769255898917 0.161734655750588
0.0237743423593769 0.0012737711496437 -0.242716124656198 0.0342549421034666
0.00895732600892836 0.0306993895080974 -0.0897718217420384 -0.325953638644501
-0.0276319837470325 0.0642020075829303 0.352196233699186 -0.121225155840517
-0.0659705783377729 0.00600894700643324 0.143850830098543 0.221933043174272
-0.0407900434657327 -0.0553220820830764 -0.173694035278566 -0.00332820601185463
-0.0122766860429596 -0.055632012934623 -0.165516135226771 -0.3574971521679
-0.0154019687698965 -0.0295743336245776 -0.192732220823175 -0.419116987099473
-0.0134598841450867 0.00474855389995284 -0.320715861017105 -0.195910503500106
-0.00303670341471531 0.026656569028328 -0.23235088663369 0.211636676319979
5.46471031419114E-05 0.00995602988198979 0.151357247609217 0.139940629447316
0.0194460622195148 -0.00554504153950511 0.0935322423756874 -0.139972135219239
-0.00102593693896946 -0.0684152048754473 -0.0639613646458408 0.0345610276826037
-0.04115111961455 -0.0405158620711684 0.0773902202368947 -0.00503597474512107
0.0056301555875203 -0.0657187445959709 0.291849539401436 -0.171619595316856
0.0314964554317471 -0.0385003527948836 -0.00844448044823425 0.152518390561177
0.0100263707887714 0.0326593715678519 -0.259416895756659 -0.0067062582830784
-0.0331280721341179 0.0260658464358741 -0.0541280825288075 -0.349729495902104
-0.0431420967180803 -0.011882491110202 0.361397955111928 -0.0757714743816745
0.0253546541143998 -0.0400605282816389 0.106599843766172 0.222310205544511
0.0736616984159483 0.0199298695174825 -0.169342913083401 -0.0350851295461095
0.0544131767993198 0.0840434017840595 -0.164532306592317 -0.344062051047318
0.0561846811209315 0.102383534841391 -0.236404565673334 -0.381196473188387
0.105646571933732 0.033946572483814 -0.350716660459873 -0.125568658759901
0.0692732236865096 -0.0676430464053393 -0.193211921004525 0.26924792834931
-0.0533292344547933 -0.071760311842872 0.166131353868535 0.108973269515352
-0.0693420768816187 0.0503668953359345 0.07243938274038 -0.132697117985392
0.077501420048239 0.0215971887955446 -0.0607822733414714 0.0182908390585892
0.0786839699211112 -0.0650261528491951 0.0586870383293598 -0.000410220100457958
0.0492979558035484 -0.102797174986977 0.300976283505568 -0.131805163393586
0.0841974103368211 -0.0484969216068321 -0.00395286304404776 0.139489116746253
0.00611826934691553 0.0610739815292887 -0.266671508226244 -0.0355773625659989
-0.067651417309808 0.0107197525097703 -0.0342863050889696 -0.382332923260043
-0.0225012518218084 -0.0893230407859872 0.381138322950114 -0.0696061714359625
0.1299809218066 -0.0511828378840205 0.103662457312495 0.207671190361301
0.164748998353891 0.116902493546333 -0.126987643668135 -0.0435996529820427
0.11117266046501 0.209475008350539 -0.136160491477131 -0.278128890895296
0.157937113353763 0.18592477865381 -0.25411840650319 -0.29378120773263
0.21624333624774 -0.0299610014874914 -0.352077107108455 -0.0280051144922063
0.0155283972373624 -0.217963673989467 -0.134920871791958 0.321546665207244
-0.21340977025812 -0.0347286166339176 0.175705530989918 0.100587340319765
-0.0659777208602787 0.208465853060042 0.10451660783938 -0.114480842784307
0.220090122805139 0.0571802441137785 -0.0448492210174619 -0.0553102647791951
0.171295825656762 -0.118956879614004 -0.0130537848963109 0.00588463803523292
0.126827015544057 -0.128760255930347 0.290113825586581 -0.0712636407398467
0.185659275358645 -0.0399935620324536 0.0171566109538184 0.148316833623081
0.0333125581825525 0.121440635751231 -0.248067236966492 -0.0249473267794885
-0.103980168458304 0.00855023838317523 -0.011564064638797 -0.369334280596169
0.0257361447921178 -0.162477704111886 0.380030946395705 -0.0598405688494401
0.23243098395167 -0.0226432932259063 0.116479751254854 0.184398856025167
0.214358017198988 0.229619087618135 -0.0570041466704175 -0.0149639467841517
0.147291623381161 0.306478580578163 -0.086425704225555 -0.17002542749202
0.257878444226208 0.204535461875037 -0.217559120025292 -0.193052192101191
0.245079737802559 -0.143270314284231 -0.313038205428309 0.0158496789343439
-0.152361298427788 -0.245365127838494 -0.113975031615551 0.336662210138777
-0.256970769236454 0.173542628819422 0.207996747885397 0.121067510812211
0.101692622180814 0.307699558446522 0.154874769612492 -0.163050445403793
0.346577708724304 -0.0184753877967791 -0.0917027926279492 -0.145610282342067
0.203245256087289 -0.184870572668055 -0.121881305384044 0.0473926230384434
0.218805279911978 -0.123691996287067 0.234514976129136 0.00211160324037875
0.300189628168246 0.0434655775101388 0.00325563260817155 0.174440392108641
0.023342651448617 0.253189792325865 -0.24489858233295 0.0189635991820771
-0.194716704357854 0.000445091162365454 -0.0388048226473966 -0.299126235579448
0.0798923516252777 -0.246532133115318 0.319951561651847 -0.0744587955567732
0.307783648623528 0.0443626349217566 0.150073248495251 0.149569660167892
0.211118872909217 0.331002841092198 0.0232832089152764 0.0667455657377879
0.165447790158381 0.355922250827199 -0.025591339632275 -0.0314647218762541
0.320016685648572 0.174822993080345 -0.131006858025139 -0.114988561872606
0.213083004021303 -0.19318625583285 -0.291803250092521 -0.0284322147817956
-0.183592006435245 -0.14756418474936 -0.180442377297664 0.337073538713271
-0.0992468887572619 0.232677092244556 0.21781386647985 0.163217831743932
0.204740555620013 0.196170552211994 0.148135093153896 -0.199213478385531
0.324434636350657 -0.115487801313858 -0.168621920786132 -0.168759786299696
0.169665533041626 -0.212431699597815 -0.21899240277185 0.130330218192759
0.27163209192473 -0.0708650622984475 0.135170066437076 0.0526763575034699
0.297884666686725 0.177493903462948 -0.0495865837844012 0.14473391706034
-0.116778046680848 0.313201072401265 -0.236245941347753 0.0155241106455738
-0.257623957140274 -0.11293490529316 -0.07328458525111 -0.246160701293229
0.159165472674276 -0.283256366546831 0.269493491035784 -0.12545332271704
0.309258591278066 0.114289303373697 0.213263840293566 0.136754669372281
0.166332743328788 0.367668509896118 0.0879135863652199 0.187779322482247
0.160446453913208 0.349528755339563 0.0394326704314581 0.11264103522087
0.318946300551304 0.130831184958685 -0.0220174667353509 -0.0728246885263629
0.187098320806589 -0.176330918601334 -0.293499969909056 -0.0957948566991114
-0.101450327977919 -0.122313713164636 -0.270636656796022 0.355980870018365
-0.0314569612027693 0.101791051458944 0.218116981924838 0.25317271918852
0.107794241687586 0.0758700414088334 0.164830593080333 -0.157810393622382
0.200390828218209 -0.107620572269324 -0.174763177505308 -0.146593931879636
0.11112383905291 -0.181192892567154 -0.267458003037999 0.213135843978826
0.242467107501544 -0.00680834844096143 0.0278718692692089 0.0540316570107809
0.168365596916123 0.224906337363635 -0.0534718823427096 0.0546555560426675
-0.203113050544611 0.174351079904669 -0.158641320327835 0.0230601997082746
-0.137294311672704 -0.19932552248801 -0.0837532158166348 -0.180500692586787
0.200609576494082 -0.194206967129155 0.252561124315407 -0.149558288833573
0.230673812304234 0.132878845145038 0.265259012112352 0.161884710093252
0.107420581593368 0.313072323809056 0.123912209637189 0.308643885121649
0.134235356762197 0.288740061385257 0.0966691564418263 0.241397544771262
0.264688833314801 0.0998433152442327 0.0773297636475602 -0.0460209516844831
0.160327557499281 -0.134218307259498 -0.260176992528082 -0.151898108734653
-0.0469668836143202 -0.12997240350612 -0.312159794872686 0.31948494640712
-0.0463027696376666 0.0104324009634992 0.205726963979161 0.310856939796855
0.000933267961906381 0.0469233625216352 0.215725320105257 -0.107909453397453
0.0969341753331501 -0.0322131301215572 -0.122613130826723 -0.152831589278074
0.0625967790495125 -0.111952119506277 -0.272302718700091 0.257458217099994
0.150662289223795 0.0269304709223582 -0.0445956881596176 0.0273158521376416
0.0555198146016924 0.159747087534902 0.00496263290523012 -0.0115249290384253
-0.129339034635197 0.0443952654580335 -0.0971081097584062 0.0915000017752125
-0.0102522104858379 -0.126922146990761 -0.121537153588069 -0.131688512707524
0.131869863462704 -0.0797991056476718 0.235232235833303 -0.161936671360968
0.125123488677917 0.0862952539435723 0.289018201483525 0.179371901690982
0.0613058108226135 0.191113873286398 0.149852329531108 0.389211446138174
0.0881794062710986 0.184468563855598 0.138027783004005 0.331598307251112
0.165711309627286 0.0709793844382335 0.149176362875646 -0.0153575390906894
0.117876677913869 -0.0736741627469662 -0.186805533363527 -0.198517648411171
-0.00907293453411285 -0.100201496226054 -0.336273628121054 0.215230703479406
-0.0293618687128798 -0.024848225856061 0.143856679060174 0.327912307838172
-0.0312179386624923 0.0299818964911455 0.245254980945769 -0.0607973266559638
0.0374050729832157 0.023849929055215 -0.0652992579201221 -0.177511360974199
0.0367963517239851 -0.0419086802735442 -0.263218332471211 0.260040232959601
-0.0188451876510264 -0.0266691368980056 0.283416795699927 -0.208681784037351
-0.00433050400615642 -0.0323598739752215 0.021893378267836 0.164216447754087
0.0244959783870884 0.000480849961058784 -0.242453337467357 0.0425268691104518
0.00886918067921214 0.0302440861448542 -0.0985834423681553 -0.327475029408754
-0.0258030727057815 0.0647266499002138 0.352802180312925 -0.130344101039129
-0.0666441109157779 0.00845465618136691 0.149793514833082 0.219170378468922
-0.0437755721264041 -0.055966594718783 -0.175942981364784 -0.00183115052320007
-0.0143554919838012 -0.0562515566414486 -0.173307786827346 -0.358691976295354
-0.0169091571398449 -0.0281267440677845 -0.201983054490035 -0.419276192324887
-0.0128464510324761 0.00472101978451965 -0.330046052929211 -0.191897631103661
-0.00408078640970138 0.0259597521557339 -0.228264148882295 0.218661571991902
-0.000457413350023868 0.0101299281211542 0.155871092304641 0.138961638721545
0.0192919327918071 -0.006116114700421 0.0910267645463883 -0.144407420895883
-0.00375742961808064 -0.0693412483689433 -0.0625648590501312 0.0382555562719329
-0.0428237526037108 -0.0397927248994871 0.0775902565796264 -0.00726968418730689
0.00288256131143875 -0.0655284787306665 0.290234473515949 -0.180548140558238
0.0305358989907038 -0.0391153091293102 -0.00410393407958115 0.156464814856226
0.0112728353319644 0.0324747038830265 -0.260274449317945 0.001353803589363
-0.0343829923273428 0.0267455500756511 -0.0655436512939597 -0.351950992803103
-0.0425870697116938 -0.011994468744254 0.362806889694615 -0.0855880316459526
0.0248094399711807 -0.0407492211923105 0.112003040773775 0.220809740390844
0.0735051757492332 0.0182297500818867 -0.172010433126677 -0.0336338726700979
0.0563840254911165 0.0839502665151445 -0.171940592637767 -0.342839614320844
0.0558916846924341 0.103338073279241 -0.24514588395781 -0.378973670075736
0.108111387617904 0.0327264231632295 -0.358075457110382 -0.118017758950431
0.0674705775853042 -0.0690918153420529 -0.187987437524757 0.276263074243839
-0.0559121791850319 -0.0704163716709618 0.169301282839662 0.106795657186588
-0.0680691580731695 0.0530227373031056 0.0701851392250539 -0.1356258503496
0.0786511394125844 0.0188094462102072 -0.0593343225287898 0.020913095093643
0.0764005577960612 -0.0685939220861873 0.0590491455133285 -0.00379967311165005
0.0470500766840932 -0.104256156847953 0.301728071706266 -0.142522554798986
0.0832954812081875 -0.0505632076702502 -0.000157292049642201 0.141244279207214
0.00725463851493553 0.0613547841532512 -0.268682189724324 -0.0280972036845092
-0.0691475372321981 0.0109071362414743 -0.0449418063350357 -0.385113796916966
-0.0227744914268751 -0.0907048599313879 0.381977446153507 -0.0793191997124126
0.130949570366186 -0.0544858616278673 0.10814705212146 0.206619505090971
0.169447368470413 0.115440528706718 -0.128748529643642 -0.0434091778421266
0.115424503713901 0.210821918765084 -0.143129884474488 -0.278122440442969
0.161104830843769 0.186946932216677 -0.262203413929384 -0.289761456850579
0.217200909632313 -0.0336895751827337 -0.356300711389941 -0.0200896569791258
0.0098844904916765 -0.219552233918822 -0.127647635744006 0.328777869467257
-0.216686272325535 -0.0286835562810298 0.179323243414474 0.0997821554492777
-0.0616108065382285 0.211993337742337 0.103872572489898 -0.119022169400883
0.225567934308658 0.0513636555566945 -0.0463788561922799 -0.0542137469062348
0.169172845198877 -0.125746242109749 -0.0132779788843053 0.00504025721458191
0.124390274700802 -0.133913723417644 0.291209703389068 -0.0815239730921388
0.186601859162579 -0.0443788018502163 0.0212377183284415 0.149942355283067
0.0361956253031462 0.122228897412515 -0.251444849362145 -0.0192717197241008
-0.105255071947097 0.0101952702528544 -0.021834156826978 -0.373020512639183
0.0228816821060129 -0.166913218418854 0.383143663758917 -0.0689487418113284
0.236121419664881 -0.027519379253791 0.12103385502952 0.181929815653072
0.220277413166948 0.23030369215072 -0.0570410456923182 -0.0147405037800272
0.154637430577523 0.308615690150535 -0.0904226860483161 -0.16944457039799
0.265212612219352 0.201612964818953 -0.224416242114806 -0.18761800733587
0.245264183851806 -0.14793521128964 -0.316209756273596 0.0218229457487196
-0.158172156038037 -0.244873494181513 -0.10396773024213 0.342114138520709
-0.255689760773776 0.181861669864887 0.213512158076502 0.117264466800876
0.112574591075664 0.308255634673991 0.151339793067183 -0.169369529097045
0.350905569673488 -0.0284954759835676 -0.0962127229106027 -0.144471643677451
0.199572127870478 -0.192043054433929 -0.120364135383304 0.0507820585966698
0.217309390286364 -0.130472716325269 0.238669200936591 -0.00514697306931117
0.303813460732765 0.0366338110631512 0.00815765737724476 0.176884922522483
0.0288900768904374 0.254551922462367 -0.247216230156809 0.0255674781028625
-0.196281125592682 0.00455430043584603 -0.0466182539423651 -0.301992957133074
0.0772974852671495 -0.250960376509053 0.321743048305297 -0.0835028020417676
0.313469428233658 0.0376822109480327 0.155095920917469 0.146180137721367
0.219816268397872 0.331084433262743 0.0259268068584823 0.0662507632387567
0.174029513569977 0.359699560199619 -0.0258900639846461 -0.031329812329718
0.32801175771964 0.17042930995164 -0.135997381538228 -0.11146193608291
0.211220410812884 -0.200287070877579 -0.2947546041707 -0.0202223008017585
-0.186721913752143 -0.146366667004437 -0.17304225263325 0.344100492157376
-0.0956354171040512 0.236436862679819 0.224278395304801 0.159126137496693
0.212511699412251 0.192186124719665 0.144513344403571 -0.205934479337459
0.324288880859723 -0.125324087221901 -0.175188923922658 -0.165941007755099
0.165938221928171 -0.219963016277924 -0.21784442706221 0.137815044749548
0.272439004044636 -0.0797647306284404 0.138859924470459 0.0483987194557681
0.304229369120145 0.171583704588399 -0.0465079318487983 0.147504506890249
-0.110261454958394 0.318920467605698 -0.237397640204988 0.021941800202291
-0.264330256107284 -0.109007005866656 -0.0813182100384821 -0.247956542317586
0.155807567615898 -0.286182372941993 0.268663988454131 -0.135407556990409
0.316595531373011 0.110797626895424 0.220402141612506 0.132984134517464
0.173654725203966 0.368913791812708 0.0943646919233667 0.186787670646772
0.169168975431915 0.351328103353239 0.0423404854136457 0.11403972215407
0.326311568771483 0.126040655354564 -0.023746762432054 -0.0709062768012437
0.184296352714545 -0.183544060570609 -0.296527281201647 -0.0889444015349099
-0.105081572742701 -0.12189900260938 -0.261293837106134 0.366417199501023
-0.0306918617687979 0.104075868002 0.22782648034846 0.251362612732647
0.110164063102167 0.0744014648039982 0.163104506641556 -0.165582038290643
0.199201366366985 -0.114091009443644 -0.181449548573085 -0.1435210359392
0.106219301675658 -0.185995883247212 -0.263293789419262 0.22161276142598
0.243788826777875 -0.0136506265169829 0.0311390707773052 0.0531413376200957
0.176243994796039 0.222359425787903 -0.0521231901924911 0.0570043951054755
-0.199743001789619 0.180908812118285 -0.158547443320258 0.0270826591560695
-0.144233497273984 -0.197851473231588 -0.0894247350688787 -0.181003275693855
0.199393827163866 -0.198144988178255 0.251060926135153 -0.157720927445394
0.234448273609404 0.131214710342162 0.271798673299589 0.158032975562913
0.113638791356156 0.315851821545967 0.133193450754651 0.309994329153875
0.142428793144702 0.290456188563334 0.103741696566956 0.242580211969656
0.268675304341759 0.0945098255899818 0.0760517728319919 -0.0465050824653299
0.158737590281328 -0.139374761807391 -0.265687017695054 -0.145608677948495
-0.0503173070189216 -0.129905960804423 -0.305759146988492 0.330776151259964
-0.0478062467626552 0.0115766908511266 0.216313362409251 0.307406959507849
0.0023429365069468 0.0480237705281619 0.216601003417105 -0.116175513548968
0.0971388019963771 -0.0347180227539659 -0.128409441898502 -0.151710513734253
0.0590632295041459 -0.114334730217966 -0.26809039392067 0.266613394560922
0.152565496429305 0.0234258696088242 -0.0448075021073326 0.028551096717003
0.0595257474499776 0.158843531727928 0.00501734897770348 -0.0117069972208094
-0.128991611262639 0.0477800557098361 -0.0944387007916655 0.0950642855252812
-0.012884348067115 -0.126584181445822 -0.124473270408775 -0.130968591313438
0.131419845543251 -0.0830478498515427 0.2351225368323 -0.169723470878536
0.126936167846001 0.0849678761999849 0.294521359294789 0.17374925912352
0.0639241613943313 0.192799109616118 0.158557742812702 0.388841795371397
0.0927384680861459 0.183881803428765 0.14727100519321 0.332617471098454
0.167735374217305 0.0676573063552594 0.149395499066538 -0.0168714025131102
0.11765629330409 -0.0765121017051485 -0.192645489352018 -0.194925082476434
-0.0113085288271701 -0.100532179011933 -0.334631765551303 0.224007500313076
-0.0302407289772569 -0.0243571022029362 0.154602729062622 0.326680839819462
-0.0318001756732045 0.0311709092174174 0.24715113500077 -0.0683253268778012
0.038361893456805 0.0234128805881523 -0.0724242536937147 -0.177992704541725
0.0350603152934535 -0.0428408347394935 -0.258908502439214 0.267794346997648
-0.0203623990743903 -0.0264238160868409 0.277967187325372 -0.223035481145323
-0.00559598331088158 -0.0322551170794748 0.0289459551891959 0.166238675154635
0.0248340898444496 -0.00047607447323642 -0.243644856283398 0.0519543944059215
0.00942245558934103 0.0303375187114759 -0.112655295704982 -0.328766411522687
-0.0236081693982635 0.0652035906810085 0.353053081862958 -0.14576859206595
-0.0671657449020084 0.0114427311643962 0.158408451811573 0.215350081520514
-0.0472156689390583 -0.0537437460231772 -0.178483486430402 0.00258356012711103
-0.0167711900883205 -0.056878396167831 -0.186408526206254 -0.357570906575499
-0.0191841663975824 -0.0273949119645673 -0.216579754147251 -0.416534683674348
-0.012430017974341 0.00563719381611672 -0.341717710301833 -0.181855277130383
-0.00377466241710461 0.0267156528186026 -0.222332457880782 0.228070662482892
-0.00114862555105878 0.0117392775833852 0.162224759805032 0.135487240799728
0.0195266328800098 -0.00710896388843045 0.0867764923007412 -0.149325544191734
-0.00667511313556856 -0.0695747575129925 -0.059940225736078 0.0400886158946489
-0.0460128130106693 -0.0383256757254173 0.0784291369994813 -0.0114666179305539
-3.1940236243898E-05 -0.0658878192830941 0.287475778800168 -0.196072416551445
0.0291619213179717 -0.0392007673341024 0.00301018233788437 0.159069977354693
0.0122983403803898 0.0318017932185318 -0.262878626912081 0.0112910900610195
-0.0355659565450121 0.0279826133492679 -0.0791938224102344 -0.354346324677655
-0.0430711200810354 -0.0131214589869289 0.363999526242186 -0.0991341797585239
0.0241538825663584 -0.0417264702452918 0.11913473019491 0.218713401882809
0.0737426628943477 0.0157770747050571 -0.174798632913247 -0.0300765819597916
0.0582673172299277 0.0830686653584053 -0.183878220461829 -0.344065957219
0.0587834741140525 0.104163028914473 -0.2588536626863 -0.37436311692615
0.110393486576602 0.0299958741025692 -0.367934307263752 -0.108468984116593
0.0644526997050492 -0.071616401672102 -0.180286557361019 0.28663979075944
-0.0591643424741563 -0.0686914485022093 0.175097780697564 0.102737360847068
-0.0657490469966569 0.0562207273901449 0.0661236146109142 -0.14111220053935
0.0801778944217053 0.0160495956589024 -0.0585346555474061 0.0229205567221433
0.0744851323857545 -0.0728633396677816 0.0600129891724105 -0.00708039861921828
0.0428231532650266 -0.106869772610569 0.300288069204879 -0.157085397964925
0.0813488362250114 -0.0525664076874205 0.00493788306164275 0.144446027816626
0.00873705635325606 0.0609067802296301 -0.273545261672378 -0.0175625567953284
-0.0706762903777789 0.0135428586462293 -0.0612542640528546 -0.389186253461976
-0.0252592166733517 -0.0913475273371911 0.383731445066208 -0.0946971624303896
0.13220821713414 -0.059552871864419 0.116630861250207 0.20213005970087
0.175124035786195 0.111281876428041 -0.131849777141512 -0.0417479396064296
0.122725530610322 0.210046416238518 -0.152826963965963 -0.276416260425222
0.167174987720577 0.185876156519185 -0.274244754738555 -0.283719279843834
0.219531238299998 -0.0396030657869671 -0.361902409354218 -0.0103613521012112
0.00332506745313914 -0.222799719501332 -0.116976062399231 0.335946182576199
-0.220191795203174 -0.0211081178159408 0.185114189369028 0.0941003386236672
-0.0541860749993464 0.217995200930116 0.101176261291913 -0.124290985821846
0.229774934629552 0.0426950160473931 -0.0485923860142008 -0.0534712573486607
0.166232336670668 -0.134488842713265 -0.0130807676382188 0.00467751814141079
0.119762961504897 -0.138908002729439 0.292328576449181 -0.094380123011702
0.186367428069769 -0.0507891904257988 0.0279619874195219 0.151275582108917
0.039686352469662 0.121648907967386 -0.254561311717191 -0.0102975926707432
-0.107575498613303 0.0132827278994333 -0.0367504821518508 -0.377160164482481
0.0192157030857837 -0.170070639417127 0.384578680481289 -0.086115453539614
0.239559197692478 -0.035030730402412 0.12856631046925 0.178740798768105
0.231165057193422 0.225199448190186 -0.0580492990703096 -0.014379015965693
0.166263066667343 0.309042891499094 -0.0964186787660589 -0.168637414326659
0.272173871137981 0.197450706040937 -0.233567737627988 -0.180763217669173
0.243510241277922 -0.157113196647349 -0.31848411231464 0.0342635976698842
-0.166847406238399 -0.242048275159123 -0.0938954793653666 0.349836979971419
-0.25120742601443 0.19397235929509 0.219598546584991 0.111160920705548
0.125976108129002 0.307907552174311 0.147254389293006 -0.176609560426992
0.353177555002137 -0.0431974787221085 -0.102625112115416 -0.142619229813519
0.193873592379297 -0.203521928793525 -0.121269894515826 0.0552725014148102
0.213812195519322 -0.139695845077711 0.242121987360055 -0.0166171652335155
0.309132137758208 0.0268597066004443 0.015352825125649 0.177604072375339
0.0368671439811238 0.256075976352493 -0.247920591754951 0.0338111415853596
-0.199164240287912 0.00978694344276036 -0.0590396532642193 -0.305128030207684
0.0708298625932501 -0.255680601784212 0.321857910068892 -0.0971377148960381
0.320987203925529 0.0293273224264126 0.163245490699548 0.141871717596094
0.233189088946023 0.330722028312906 0.0294359725535127 0.0643021556089645
0.187641554389954 0.36007345280932 -0.0258565834648007 -0.0303635315482538
0.335751531333252 0.163013549305126 -0.139475901343798 -0.106282424231456
0.209971910314167 -0.208460368867927 -0.298524270482792 -0.00945830203212438
-0.193627591291531 -0.14335461236791 -0.160761438546277 0.354496784483375
-0.0877272524741182 0.242064024624823 0.233159787941923 0.154219027357578
0.220717936857864 0.186830352846842 0.13877733109403 -0.215425023796703
0.322562454539879 -0.139133637760531 -0.182853532557193 -0.159638153216186
0.15885659966488 -0.228521177545324 -0.215207615097273 0.14679221383745
0.271554974290406 -0.0900079323030787 0.143587074238969 0.0426716769365497
0.312960424164366 0.162889449429672 -0.0402052660095889 0.150024440317662
-0.101369406844105 0.325356685176101 -0.237825804315223 0.0304579908353112
-0.270555503216457 -0.102342446879819 -0.0906811650790744 -0.247673371347723
0.149274719993208 -0.293747878021622 0.267864580407695 -0.145833534104251
0.324439008664544 0.102426184194682 0.227873443235602 0.125732254406861
0.187161879893154 0.369454897287085 0.102682776565615 0.184984585281835
0.182249076043252 0.353061354163164 0.0479037105931757 0.114030181392647
0.333447730239363 0.116321900391259 -0.0270857968948628 -0.0686856045219965
0.180525770604015 -0.192188198065138 -0.302149837077794 -0.0785129253506083
-0.109970551693394 -0.12135236576886 -0.250127398080585 0.379182162933978
-0.0283637768659594 0.106343682504474 0.240911503915993 0.245132932384527
0.114561248179103 0.0719597271103391 0.159994082762942 -0.173388839991036
0.196999753199371 -0.122857111696965 -0.189292965522605 -0.13835949558638
0.100488329787286 -0.191286991596853 -0.259244571288601 0.234867482101175
0.245976107483628 -0.0223281336381358 0.0354944118216034 0.0519763024491571
0.18592345693407 0.218467618446269 -0.0504579614019575 0.0596543044096016
-0.196695572738632 0.192398691308121 -0.157926074260415 0.0324778965503903
-0.152780127330077 -0.196423107639825 -0.0959518483619376 -0.180086062301437
0.195382810621786 -0.205611676873025 0.249529265078757 -0.168044756785776
0.240837809747117 0.126701140498007 0.281590089687277 0.14993639506399
0.123011192408786 0.31669792915202 0.144327358927193 0.306688928723881
0.153615511250224 0.290441629144411 0.11388190108998 0.24190625854245
0.274378230299794 0.08472503203887 0.0745050143049821 -0.0478347527020231
0.155741971451219 -0.146650298966155 -0.27202416086358 -0.136779802689387
-0.0551620880750436 -0.130396312589952 -0.296203128151839 0.3441972929787
-0.048889729726522 0.0136782255450484 0.231115895430946 0.303514873391608
0.00253030170913077 0.0494455449265313 0.215511921224102 -0.127224867589185
0.0961030220312781 -0.0382464964503091 -0.136182652961175 -0.148428381998607
0.054846785365777 -0.117449952969646 -0.260642513927511 0.279843155891563
0.153958166516604 0.0174983439902388 -0.0415855334527766 0.0302869777124113
0.0662483035324642 0.158526806007377 0.0054478405371989 -0.0123303257462273
-0.130245446909976 0.052656025496373 -0.0907085507756525 0.0988334608541466
-0.0190462211538972 -0.128334829332903 -0.128234294436157 -0.128542751059968
0.128821581942597 -0.087637820426197 0.231483861475338 -0.177874578417183
0.129632723193958 0.0823066642843799 0.303741694749971 0.165842300440917
0.0693464960273183 0.193743098135362 0.172868553717798 0.38936805054405
0.0992755293059669 0.184488557157624 0.161594320627416 0.334215394229648
0.172076165690604 0.0622713727381734 0.150006380581616 -0.0200731731698187
0.116331611891958 -0.0813120765703814 -0.19896111503739 -0.190512632836374
-0.0148937525616718 -0.101225168595623 -0.329870367928982 0.236382280174871
-0.031480241942531 -0.0242166977145129 0.168964854314051 0.325305702580798
-0.0316093653209341 0.0324709502060411 0.248292543313454 -0.0785455745736875
0.0395124490023143 0.0230200118584739 -0.0794741754439507 -0.177854923771442
0.033549186730385 -0.0440891202747663 -0.250881861173016 0.280163058789426
-0.0230756667666317 -0.025210877097813 0.267655886504118 -0.234901521348225
-0.0067466186456919 -0.0317711246916426 0.0371434180133574 0.165360046467289
0.0251722549156321 -0.00394391917413542 -0.239157292255203 0.0626331244185995
0.00955900904199573 0.0293295583200881 -0.127807536201968 -0.3244338465581
-0.0207277468381411 0.0655377453764169 0.346266158776809 -0.160218488648863
-0.0661640080973188 0.0149079669095627 0.164701547256938 0.208509082491006
-0.0504284156338353 -0.0513630456814871 -0.178133829241593 0.00791622166423566
-0.0192942099490517 -0.0559523697363849 -0.200333151461038 -0.351123646861372
-0.0218586972712903 -0.0257075807346466 -0.23152871992685 -0.408320022838992
-0.0116651016616057 0.00462630405040572 -0.348900852818908 -0.168504825684535
-0.00358692247660107 0.026745468179946 -0.211864450822167 0.236927786536137
-0.00128293288489776 0.0119616075167306 0.16582204356394 0.130219947224216
0.0190370906066535 -0.00799479529013876 0.0812476332639496 -0.152768438193805
-0.0106453022234406 -0.0685811292357945 -0.0561727603818484 0.0428240465686882
-0.047950996481105 -0.0364002806438437 0.0779406483095758 -0.0155178573453936
-0.00466145015043136 -0.0657008652716723 0.278770114945875 -0.208607700612421
0.0274109903833826 -0.0388891099882271 0.00968333851635069 0.159325722607145
0.0132232548078703 0.030842901343878 -0.26167849187198 0.0222893418297105
-0.0355974411842174 0.0288515043242787 -0.09407089049768 -0.351819205679019
-0.0425371805564496 -0.0118230914089596 0.359970483752912 -0.115606179088793
0.0232123863660219 -0.0431386271300824 0.126765113871226 0.212964340083057
0.0746923948080934 0.01263735811412 -0.176478514020575 -0.0239670662688486
0.0607286382645465 0.0806383428161434 -0.196415409549369 -0.335879099450165
0.060520057032716 0.103430182264985 -0.270477923573349 -0.363428320817977
0.111538005641911 0.0268361441812631 -0.371777857585096 -0.0951261808217118
0.0614838201477807 -0.074009054040652 -0.167375158144989 0.290855544248872
-0.0621654014810189 -0.0663552306624293 0.179464912961333 0.0970131682592144
-0.0641071969566663 0.0592301566342596 0.061607634013738 -0.144744365471427
0.0809999384813673 0.0115807804413984 -0.0553743652305408 0.0250178429306759
0.0702784891016712 -0.0761667769563303 0.0590702794770005 -0.00996109007965998
0.0375204708549917 -0.10761842190025 0.291954922586477 -0.171558785660582
0.0803629050145891 -0.0552123716080263 0.0116039542833165 0.144268366985974
0.0107508098289059 0.0608541073183953 -0.272793954009074 -0.00702456077568681
-0.0716970537784056 0.0160877907131834 -0.0786285413207062 -0.387552237889506
-0.0283120151788081 -0.0923194827459264 0.380386789147638 -0.11217872414572
0.130404737593083 -0.066364019421892 0.123395337182388 0.196896380629492
0.179004153695574 0.104369179639434 -0.132863276067483 -0.0377148214365989
0.130249794308281 0.206362078038131 -0.161629472873293 -0.271340124706224
0.171895276694099 0.181111811515917 -0.283002634133498 -0.270071769796675
0.217856061835795 -0.0465555869573975 -0.362448875491307 0.00395580749559933
-0.00612134911327378 -0.22266750683428 -0.102090619784835 0.340037614045355
-0.220057884491261 -0.0110915458084914 0.18914300353483 0.088903627084002
-0.04369123051026 0.219499961212276 0.0966274603995177 -0.129495170587438
0.232046387692368 0.0326261518835973 -0.0491661138609594 -0.0509173283797486
0.159696525002898 -0.142280274657047 -0.0134908834923673 0.00351616411317863
0.112506346503513 -0.143037298396355 0.287840717793055 -0.108161604567215
0.183443286497934 -0.0569538220579697 0.0339944195494496 0.150679874907805
0.0426414067905672 0.119734965091089 -0.254320928010531 -1.85433984027916E-05
-0.108200776967708 0.0171342711222625 -0.0542115049054697 -0.37657846422767
0.0134092363755763 -0.172005332040086 0.38189284336776 -0.10350612138258
0.239929914831958 -0.0452440151343912 0.136028594260797 0.172567200163273
0.241496812309255 0.217200751677219 -0.0569153669512562 -0.014062387834101
0.17701998519588 0.303318765745842 -0.102954506698959 -0.165415380760881
0.277602295463773 0.190161555941016 -0.238696327260604 -0.17021048954081
0.237816842606879 -0.16536390190781 -0.316431533361972 0.0457462513309937
-0.175733564841906 -0.235722009645612 -0.0773160554118307 0.352932175577573
-0.243529561453777 0.203759088228321 0.22458102990391 0.102478186047442
0.139222684465556 0.302947619580849 0.140549389408222 -0.183427125177193
0.35026951552217 -0.0589901349943792 -0.108014653801261 -0.137140467622195
0.185120163017465 -0.212795711761407 -0.118713761155712 0.0597400371483885
0.206343403050035 -0.148129968675986 0.241563912994952 -0.0281339109761684
0.308262540102872 0.0136884544489251 0.0235740873404984 0.176666287937971
0.0466953787630297 0.254187169832301 -0.24562744426495 0.0434332242873071
-0.198793961675926 0.0163183125752566 -0.0703336932895957 -0.302847330200042
0.0618831233779676 -0.259109798051692 0.318488792110277 -0.111560258957107
0.321976697759344 0.0175250786500464 0.168197293324951 0.134719934576834
0.246204148780721 0.322491814485684 0.0331629541926314 0.0617207749659886
0.199857471803738 0.354883984014923 -0.0260126869372982 -0.0299268068473857
0.341457840916979 0.151131277337429 -0.143699893166871 -0.0988044457018648
0.201643947238582 -0.216953828397844 -0.297221538876017 0.0031227783782993
-0.197891061123854 -0.136929559069149 -0.143583667809345 0.360911424798828
-0.078319103252535 0.246836233121008 0.239937621665312 0.145408497836856
0.229961222474125 0.17800246453194 0.12924455356435 -0.219490154516565
0.316225650103753 -0.154470517053562 -0.190881123842297 -0.151967723170793
0.148584199091928 -0.235473323105972 -0.208952251245342 0.155691707285597
0.267286862989104 -0.101525303423985 0.14605668278993 0.0343075537455047
0.319495243850871 0.149630089263636 -0.0333772673436777 0.151837048560653
-0.0875457368509761 0.331114069081081 -0.234597124776081 0.0388842119775193
-0.275112613682277 -0.0915926953172794 -0.0996003630682983 -0.24401546588554
0.139540206519835 -0.299599438848487 0.262424963227563 -0.158899891489023
0.326744286467656 0.0920243168827344 0.232738437199455 0.116081021454185
0.201592371377389 0.363521377085265 0.110870450306835 0.179376502123207
0.196179007999901 0.346697218615057 0.0537388266175035 0.111962216246109
0.337224525465971 0.103890174826845 -0.0295612338150541 -0.0657758615145596
0.17463032287342 -0.199649191590505 -0.305111290008308 -0.0655655968136038
-0.114220062484441 -0.118895323201605 -0.231921349256751 0.389982395026381
-0.0248710156435509 0.107252997746747 0.252963141743249 0.235777311092741
0.115691349882813 0.0680833499078916 0.153867312587595 -0.180887327137166
0.190650133990649 -0.130760348134771 -0.193722119205951 -0.129599904261445
0.0910876329657912 -0.196560691954051 -0.246376818818256 0.24609551994153
0.242980683312662 -0.0334930492068943 0.0382357192286733 0.0494697760319851
0.193219685319035 0.209593305512163 -0.0472472239228573 0.0614716181127388
-0.188206287129768 0.198767056551939 -0.154649620963439 0.0379894612103379
-0.162334361482749 -0.188720612274797 -0.103824151243172 -0.176181080679356
0.187639086523441 -0.211114415511007 0.24339437780124 -0.179249946229134
0.24383438079645 0.117635025192766 0.28716409274668 0.13806463639768
0.133530932872342 0.312650301112377 0.157075275748572 0.30168891257111
0.164397381562806 0.285266797355815 0.124475588319442 0.238437002512183
0.275922251278766 0.0741048952863706 0.0726075449153321 -0.0484231360005332
0.150348693373575 -0.153433243368097 -0.276063226714348 -0.125638377331158
-0.0598559665718295 -0.129284883674798 -0.279915872423201 0.354218142606617
-0.0489081316344282 0.0156746238405645 0.245379862617144 0.293769632397357
0.00350942810006212 0.0497324148690143 0.211615039702812 -0.137608499528466
0.0937180427738846 -0.0416698445599724 -0.142189615172509 -0.142830183213515
0.0488712627123561 -0.119887588487787 -0.247473396128297 0.289620354642323
0.153699076360376 0.0110217078577349 -0.0394545295347553 0.0319705620420213
0.0724024871642873 0.156517893597109 0.00449311120837211 -0.0135896923178767
-0.12789015137389 0.0578718879847364 -0.0843897352158945 0.100020657567258
-0.024696188328246 -0.126512925810075 -0.133200246929122 -0.124460144411367
0.127122830880904 -0.0922260227795078 0.226170375642812 -0.186518906114257
0.131371692817161 0.0781658453450361 0.308555197984521 0.153290937775073
0.0746515659079856 0.192190461875903 0.18710461477746 0.381353444472684
0.106793904273143 0.18043789852434 0.173882391880826 0.327879208969291
0.172888662666467 0.0550152156177854 0.149101155172017 -0.0234322114706594
0.112189277010147 -0.0857794329736384 -0.205382326485601 -0.181222309645247
-0.0186638567021897 -0.100515223086258 -0.319678691330588 0.248797400068525
-0.0334501253423207 -0.0236010008949133 0.182033253626837 0.317288371552854
-0.0315607104730383 0.033850247276516 0.246677815990369 -0.0911780048338002
0.0410728449288709 0.0215675085524686 -0.0870259323015188 -0.175155034019446
0.0302219516398465 -0.044720070695623 -0.237178354515806 0.290585290267468
-0.0263952898114796 -0.0213572004971262 0.231640276203621 -0.271078377952554
-0.00952941718235348 -0.0300863848174631 0.05990141361238 0.157334995084397
0.0233300716636579 -0.00694629702375191 -0.226468186248257 0.0952477990332927
0.0108361583600495 0.0280662638061539 -0.1694667884532 -0.301188966802515
-0.0104683461723175 0.0643008598215478 0.317824957066144 -0.205247707139571
-0.06073535812495 0.0230237361451538 0.186990523663312 0.18180885388191
-0.057112592237441 -0.0420571752489453 -0.173047357463328 0.0303025508103177
-0.0292889002702853 -0.052959759578063 -0.241205463756091 -0.319496711700296
-0.0268426582098931 -0.0236406277187655 -0.278381484048028 -0.367718847269042
-0.0149405917937049 0.00391532841762762 -0.362216515737544 -0.115610258331211
-0.00258720034474759 0.0303673164470681 -0.172784012457782 0.258702608671001
0.00241801775247337 0.0145975319436605 0.179731138884667 0.103113862196961
0.0183262367357058 -0.0124229351770938 0.0576179916543681 -0.160248981587529
-0.0217826225354455 -0.0638569111280168 -0.0472563892180168 0.0503251731884329
-0.0521290245753499 -0.0271596264460627 0.0729181085678461 -0.0268410723797412
-0.0134142050554557 -0.0628282852428128 0.246709250491625 -0.247487389660137
0.0233152204475722 -0.0409667168492499 0.0319603373791575 0.156607912555656
0.0172927652870744 0.0289823327669459 -0.255397849119416 0.0573511723792702
-0.0328478306122809 0.0323905450470343 -0.141424645714251 -0.332938834161502
-0.0432717693875209 -0.00867777720240845 0.338222620821779 -0.163061903283764
0.0175962315162933 -0.0460619260232818 0.151661474885603 0.190504844923864
0.0745648118777476 0.0030777848056677 -0.175287300306775 -0.00186103056895811
0.0689354814621429 0.0710210529772504 -0.234951672404198 -0.304140678135693
0.0715969744621425 0.092417206595617 -0.311147976022117 -0.318449716814177
0.108555089332166 0.00932708321963335 -0.376133712499671 -0.0412047492193834
0.0463796361806012 -0.0787003963259334 -0.120720659836111 0.306622498807035
-0.0689712608646246 -0.0534192595245529 0.187575740330583 0.0696609828795505
-0.0525263112236191 0.0656434455694922 0.0399601451475993 -0.15011814344956
0.0798181771976604 -0.000103883038701754 -0.0493842509672998 0.0332684673163655
0.0575748416075976 -0.0862889478574963 0.0551767053291266 -0.0190696751993982
0.0211835757419047 -0.109705369611716 0.266857079039769 -0.2115566969734
0.0706176400624625 -0.0641869535700724 0.0313207233715864 0.141806270890167
0.0178505038195401 0.0587718453474102 -0.271604312004077 0.0321912161387578
-0.0711231520966566 0.0256343614675149 -0.131343775147584 -0.369624195231029
-0.041097947584667 -0.0883649833407034 0.358936510289642 -0.163127984772251
0.118796591376698 -0.0837430744851355 0.146546239198767 0.176065688302013
0.18950826751877 0.0775457758565555 -0.134557938362675 -0.0197075220814035
0.153376613065508 0.18364080710807 -0.192338091433267 -0.244458252777673
0.190746699216911 0.153414343127519 -0.311035776512675 -0.225854817895579
0.202719317719775 -0.0752054041382876 -0.353402785820952 0.0530506594858247
-0.0411283168576485 -0.212611787843468 -0.0495035749176727 0.343695372395429
-0.215524641772919 0.0245735231099093 0.197804874106828 0.0577291773885461
-0.00577951532319122 0.221324211863554 0.0750027500546236 -0.140615765172964
0.232195979473651 -0.00579726293636625 -0.0545997866605624 -0.0411368637813084
0.132776238858404 -0.16562994737966 -0.0127993426657932 0.00588187343199776
0.0884766937998348 -0.157081283092129 0.270690791534211 -0.149156380585327
0.171294818150128 -0.0831434778000681 0.0535408998663054 0.143383880991863
0.0587593602735419 0.112001331715963 -0.253563950556918 0.0341948883923037
-0.105199641178951 0.0320824929815779 -0.104616380394712 -0.363846967034783
-0.0118740633805144 -0.173513286778401 0.362616155703787 -0.154648590460977
0.228400061412953 -0.0805663379660507 0.155727955653091 0.150861244432965
0.265019355324337 0.179597144083416 -0.0581440263366494 -0.00746765396299464
0.213495246093468 0.273966918848938 -0.1214707680337 -0.147739578980037
0.296930946104401 0.146944800625127 -0.255886549429491 -0.131041520829717
0.20598230148075 -0.192913327536835 -0.302058391590406 0.089349596027759
-0.208271204582381 -0.201135159821824 -0.0222023328875393 0.353390899859293
-0.203990630834501 0.239080216702465 0.232481987644979 0.065917579004624
0.186492928885639 0.27113805840344 0.109082228043557 -0.198226301124982
0.331755076533196 -0.115149678534291 -0.124617542497838 -0.115083336572971
0.143628932032901 -0.237051302608276 -0.106888593278966 0.0758184594849878
0.180829030725374 -0.175047576152829 0.236749940732069 -0.0639396478276796
0.303983520051086 -0.0329219898716729 0.0474129886686487 0.170812416664476
0.0829824520593452 0.241680789477974 -0.237707656846693 0.0745814423465066
-0.194396194590374 0.0447318074763082 -0.112093945618395 -0.290240109149602
0.0236616822755055 -0.266366674353594 0.299183980811322 -0.15400995518463
0.31689578827721 -0.0290658541833596 0.183628617658155 0.109464949008654
0.285752223844368 0.281677802089625 0.040340647373963 0.0552607947875525
0.245052218292243 0.321704873524562 -0.0299940559745048 -0.0248767643345067
0.353454835372971 0.0989534401831727 -0.153819655859985 -0.0739855738290417
0.163975682239318 -0.241393855254326 -0.287832211407937 0.0453643262998903
-0.216505739682907 -0.101506821064049 -0.0862330052152643 0.3687733868486
-0.0378088454542292 0.25578643389083 0.252973006166285 0.104650394472237
0.255025409484899 0.135946150933641 0.0928965703993564 -0.232866147656248
0.281234779463718 -0.202975014738261 -0.204677415968324 -0.117343207549579
0.103999202280155 -0.252950766188388 -0.179611253458141 0.182109606492858
0.244122742499552 -0.140324455630766 0.151585583358901 0.0123396543705963
0.336302514937832 0.0963183700931568 -0.0113634983430643 0.155212185994329
-0.0359141353731622 0.336834868171567 -0.228110887254062 0.0697903210671237
-0.284539098072501 -0.0497959213808819 -0.130251746138516 -0.22822764473441
0.0944226776814441 -0.314653734261746 0.237078925564778 -0.191804572411187
0.331397630978842 0.0419730275663788 0.244211642273037 0.0829129630312243
0.246603033453365 0.327426552510618 0.131271594511995 0.160699546549326
0.238994193980906 0.313236741081138 0.0677457913580206 0.103523699909149
0.343462848595659 0.053352504200517 -0.0379510792973169 -0.0565745670900537
0.138406074320908 -0.221405282990987 -0.304079411963047 -0.0183645344576169
-0.133269857290334 -0.095006212079006 -0.169289368095128 0.409407354046887
-0.00661075136624334 0.112073527401596 0.279358583395827 0.191494334029602
0.126261440918118 0.0464601578443901 0.123743933383836 -0.198430387156925
0.161626272295449 -0.158485657155084 -0.205565923116156 -0.0971047077374903
0.0541291149764261 -0.204332141917905 -0.202837235072388 0.27431286342976
0.232212332718112 -0.0689327229554784 0.0454349525900442 0.0424115944776637
0.222311346725432 0.175439761226977 -0.0382650556789527 0.0673382978581777
-0.153112177405066 0.22458445276185 -0.148263362596842 0.0571338993362826
-0.188277596237324 -0.160869822997634 -0.123612131333229 -0.160448265156728
0.152841344063218 -0.235725099174397 0.214730651020504 -0.20854294872764
0.253704468026636 0.080508782095044 0.297105505519779 0.0982577901511599
0.172781287116157 0.287004475416034 0.192813448922846 0.273773717877838
0.200881893669422 0.257293733895612 0.15396812301734 0.217220774056154
0.279485136930038 0.0319621800673448 0.0646316735834897 -0.053385758380192
0.121803419650377 -0.173384119889003 -0.283302588561644 -0.0809974870625379
-0.0828054538688923 -0.112937239683208 -0.220736343338031 0.384008930101111
-0.043570413322523 0.0260456124740132 0.280513396594899 0.24711525982854
0.0131479864589842 0.0466362500184064 0.186616848461076 -0.1649750220218
0.0819211174962923 -0.056299875187429 -0.156212651196539 -0.11807541150545
0.0258679199930371 -0.120147877673631 -0.19722068520234 0.316928764357625
0.151454243475155 -0.0107771058894421 -0.0343589263144457 0.036081850180506
0.0952198253043203 0.141287893109283 0.00220055591217026 -0.0135136112467739
-0.11621129938951 0.0749540100148129 -0.0696293612660959 0.107489496182364
-0.0459901490637574 -0.12026590466604 -0.145154651722271 -0.106485313432603
0.110522833991043 -0.109929663350978 0.197246663128324 -0.214754819208887
0.136596667194046 0.0570763150753812 0.319803942973568 0.111016935772547
0.100063585883642 0.176091896853588 0.232689655215954 0.350171963275818
0.129768887723014 0.163181959285461 0.215520596997258 0.298824528160902
0.177144859434641 0.0285381753368976 0.142114181697059 -0.0392063076163906
0.0964262142072324 -0.103365617610383 -0.22188477721177 -0.147414417979205
-0.0371669706755192 -0.0932982594379371 -0.274202500141053 0.286395465162531
-0.034351989901102 -0.0157365252421715 0.223096861266116 0.280774658547837
-0.0231646824860415 0.0373262575508858 0.227953619866938 -0.125401233637831
0.0411940584582396 0.0138382318522119 -0.109232140911023 -0.157812189012267
0.0194962506270183 -0.0445724283729302 -0.188733929792896 0.315416192643662
-0.0265331494087493 -0.019717604763389 0.221775182560399 -0.273187330596063
-0.0106728382682071 -0.0293313091071434 0.0634785543843913 0.153795105535649
0.0230387026285881 -0.00748297109055255 -0.219983302065593 0.0975957861229953
0.0105529689945141 0.0270381570129373 -0.173851756183451 -0.291386690996463
-0.00932093150047821 0.0624601603325173 0.30759027860727 -0.20898515957096
-0.0588846456471829 0.0244301366252276 0.186204237743052 0.174804904175416
-0.0569893082480597 -0.0386888961934721 -0.168943140534566 0.0308616415208861
-0.0291727083385031 -0.0517389374951746 -0.242204273747621 -0.309359031168728
-0.0268502339802478 -0.0219233822898605 -0.277633626706424 -0.356832037001314
-0.0147761136981462 0.00265137183292008 -0.358455675743016 -0.107494154321706
-0.00274568511275517 0.0295365605484342 -0.163605722363761 0.256000856258475
0.0017373165044432 0.0138514735197395 0.177961591157545 0.0976257744271503
0.0175793392404064 -0.0129252893978797 0.0529051812211643 -0.158466372956446
-0.0233995814501426 -0.0625489895290309 -0.0434201154804272 0.049853159096027
-0.0522500106938846 -0.0257826992868876 0.0711090532017548 -0.0283013506049571
-0.0148723630587225 -0.061101110657563 0.236126020315199 -0.249582164259893
0.0217588425458104 -0.0412241596120731 0.035470985804914 0.154616401496713
0.017428323363667 0.0276239457497828 -0.248395097095602 0.061933732704435
-0.0333539682754373 0.0345354245430584 -0.148446757915294 -0.322816139765748
-0.0433400915073257 -0.00836004647398539 0.329054591965858 -0.168684876694932
0.0166289950551226 -0.0455681648903899 0.150797146214893 0.184319317792849
0.0718078512428797 0.00197785487396965 -0.172518328085716 0.000466441195949252
0.06838734994109 0.0690837378700537 -0.235340200783194 -0.296032771399793
0.0707498389419544 0.0914871106610346 -0.31062488210667 -0.306789609611002
0.106979328013074 0.00676927211422672 -0.371995175849846 -0.0333895226500056
0.0433327509621816 -0.0771110384355909 -0.111494992874755 0.303591044692661
-0.0694308965598215 -0.0499422297502655 0.187213975299246 0.0649550062649318
-0.0500188565156907 0.0668043224030444 0.0366306659765774 -0.147912984957176
0.0785681111056441 -0.00257930630327731 -0.0461860707164253 0.0337492251472854
0.0538206049195803 -0.0866495272098525 0.0538040030452735 -0.0198699835985895
0.0177548625785419 -0.108703145707719 0.255337706830572 -0.215989363433182
0.0687890290580213 -0.0637069190146182 0.0345508771037579 0.140057388925455
0.0186222474466137 0.0577459114372863 -0.265808182339027 0.0357157264725438
-0.069996394978076 0.0272527654858893 -0.137459565615079 -0.35941521849967
-0.0421506858672147 -0.0876748346926849 0.346825042570938 -0.168636672111715
0.115609448238839 -0.0845001255152748 0.147345648620292 0.169585747533055
0.186576392880694 0.0729684855269956 -0.132399748810409 -0.0189275868395096
0.152773421859225 0.179469707312081 -0.192471100809368 -0.235763481655119
0.189103269885818 0.149297624442156 -0.309981745351945 -0.215846378037056
0.198782469933433 -0.0768021195358966 -0.348557562944065 0.0599709382701026
-0.0446523709702915 -0.208080851213213 -0.0409088761678693 0.33756342145752
-0.21071809050831 0.0291950137065944 0.196438437428048 0.0532898150493258
-0.000411051858439529 0.216902687076961 0.0710287339598175 -0.139687728242729
0.227191534439441 -0.0127503103845998 -0.0529067491207398 -0.0393235770631988
0.125179795704608 -0.166256459605343 -0.0125729672283474 0.00599917872205016
0.0831968002000668 -0.154916531303813 0.261938089929356 -0.15375332576192
0.16604720699107 -0.083449756438691 0.0565499875217141 0.140412578016724
0.0587655838078333 0.108094650024171 -0.247972688628324 0.0378221050194048
-0.104044483268578 0.0330674269312281 -0.113371862943789 -0.353963744296182
-0.0142180801838151 -0.171854895805621 0.35120939969759 -0.161734044356759
0.223281109701804 -0.0826409343462815 0.157143043657634 0.14462524531866
0.263041323035792 0.171980168756661 -0.0569299928688849 -0.00756948784230785
0.213102506588465 0.266618426368688 -0.121573387773139 -0.143600231385405
0.294267819597909 0.142441371416119 -0.252555416969132 -0.122788519501652
0.201663278867941 -0.19286923138147 -0.295518493981091 0.0937278202562153
-0.208365923577366 -0.194637739992975 -0.0125477622928067 0.346587273414619
-0.19491320219405 0.239959452079711 0.231448548448335 0.0601497135653495
0.189353820006157 0.262189325365558 0.102554239325847 -0.197592281523043
0.322952246676521 -0.121600057816971 -0.123488058895227 -0.110655837719731
0.135596823611434 -0.237461533888204 -0.103152685282627 0.0767694591734489
0.171447345507129 -0.176079563756621 0.230664807102228 -0.069099461781096
0.29732329677213 -0.0387891058870459 0.0511005430745249 0.166456665400702
0.0850514510241032 0.235666406892786 -0.232294281561179 0.0778200601924491
-0.190670733243235 0.0463745624861898 -0.117209904628514 -0.281638639499642
0.0194650347610539 -0.261979459442328 0.290110542330615 -0.160163733198676
0.311384930358348 -0.0347141332681025 0.182362392338352 0.103847741218854
0.284630069282218 0.273243219770541 0.0408575852717686 0.051565686722174
0.246684364482902 0.312554501184084 -0.0275616094496915 -0.0251808996255501
0.347296781378714 0.0927699282690522 -0.151282611976815 -0.0682115729698065
0.157778351291304 -0.240052005477749 -0.282285408464146 0.0503210128694831
-0.213766652458014 -0.0969569771966788 -0.076050739060464 0.365341233951027
-0.0316613547623991 0.250093947586467 0.252017092703635 0.0977829364334687
0.25295098124554 0.126376491676029 0.0871626306754592 -0.230433744295584
0.271332014669829 -0.206405987916505 -0.203423665777319 -0.110253487673182
0.0962676718330055 -0.250848817561137 -0.171043151607882 0.182937389569513
0.236232755672187 -0.143170971256676 0.148436295118428 0.00737318452909663
0.330843950005 0.0865295476752729 -0.00800257835873443 0.151879060989265
-0.0287705499597899 0.331394458579446 -0.223008665048388 0.0716348690052639
-0.279276868694449 -0.0448144898096439 -0.132821565452018 -0.2209243690219
0.088158951361825 -0.30997666003054 0.22725819715711 -0.196189549439552
0.324848193872577 0.0366199508087697 0.241692009475443 0.0773423208202494
0.247425272396922 0.318838335458336 0.132754661853791 0.155531892565196
0.240362493877267 0.304646710763435 0.0690226476486543 0.100014099561164
0.337409091544589 0.045046804781134 -0.0382355857302894 -0.0530427856859183
0.133765618635473 -0.220371345834077 -0.298151126713717 -0.0111967140093725
-0.132840023835354 -0.0917454864195906 -0.155182043802784 0.407039305382063
-0.00458288183754723 0.11049272277995 0.279499905178515 0.182692153651164
0.123330709945368 0.0433147454332864 0.11859835491153 -0.197998572876017
0.154100974780985 -0.158586497056699 -0.203843373825486 -0.0909369100508708
0.0476654296262893 -0.201603471312607 -0.191793484057436 0.274557075530522
0.226228433379007 -0.074682649867298 0.0463365230842696 0.0402024223150379
0.221427984838801 0.16658583286285 -0.0364327548574332 0.066756198109121
-0.145199247396608 0.223394942980665 -0.144682186514958 0.0579343628336032
-0.186978608622378 -0.153567905285737 -0.123989744392134 -0.154792781100177
0.146507270832607 -0.233950843949377 0.205518512180132 -0.209989644056416
0.247552841783111 0.0754140366042452 0.294272469565209 0.0906872674046047
0.174111974263905 0.279225572312515 0.194237239923775 0.265306071481063
0.201308865428213 0.249330687567746 0.15480668399462 0.211305056664628
0.274155008150624 0.0258026870266436 0.061689505602385 -0.0512778458631615
0.117638799329695 -0.173135168232005 -0.277873228692331 -0.073077512719043
-0.0834469559825419 -0.110492116824655 -0.206731452919574 0.380344001011687
-0.0427914275367404 0.0256338255559473 0.282740515549843 0.236598338886344
0.012620696859386 0.0467140157788691 0.180304423814804 -0.167497016432631
0.0793427836196554 -0.0568628341566397 -0.158074363371039 -0.112927472644931
0.0224201133437548 -0.118979725906394 -0.185417925504262 0.315733594693811
0.148505310736193 -0.0140334037953789 -0.0322500571980499 0.0362057229491969
0.0957603462309638 0.136222827026372 0.000458576197800486 -0.0136656728727268
-0.112819295055497 0.0764109265026035 -0.0659102084867008 0.105377813884629
-0.0465881416584111 -0.115881744354874 -0.144708364904115 -0.101408854843944
0.106172590334278 -0.110537415229668 0.189878840435051 -0.214655708109565
0.135048314390054 0.053459315505756 0.315884949037379 0.103393109342339
0.0994872699417212 0.172156792807277 0.236184174306707 0.339307438099136
0.129288743202542 0.157356673429429 0.217336239297396 0.289831950071722
0.173752564438994 0.0246256072389297 0.138290520286722 -0.0375485073562134
0.092816214520559 -0.103885179375937 -0.220548465882495 -0.140673346992083
-0.0386400903411672 -0.0915549326487256 -0.263936912214181 0.285939712517405
-0.0346279938920634 -0.0155225873787844 0.224922428780151 0.2706844868945
-0.0221984171673694 0.0368767924325888 0.221920670251266 -0.129318962473475
0.0407501281794042 0.012221444859851 -0.11135818459451 -0.153303865071917
0.0181742207507594 -0.0441132906127618 -0.176819347148659 0.312792596721939
-0.0267847367159175 -0.0183849467201306 0.2153733193991 -0.273292353676539
-0.0105220662574263 -0.0292427897326322 0.0647992100195077 0.152349141291372
0.0221237553861083 -0.00776211365985609 -0.216576695977245 0.0980981032016874
0.0101825916527939 0.0277339350964831 -0.176874509378728 -0.285556473233947
-0.0098717921905906 0.0614096714558209 0.301115015800945 -0.210451753893488
-0.0579786728664676 0.024987917926523 0.185133394196785 0.172215011222212
-0.0581505221866154 -0.0358371665739465 -0.168109392796179 0.030435211235016
-0.0296574559410915 -0.0499327517670912 -0.241544696604092 -0.306727029605106
-0.0278365251215019 -0.0201374786357781 -0.277446689446822 -0.351789417192164
-0.0146344065355704 0.00185530852066623 -0.357073225604482 -0.102023216766157
-0.0035659798148532 0.0301232602704747 -0.160025332105081 0.2540273889729
0.00216639370370971 0.0142980942760377 0.177856196361872 0.0957117567781708
0.0182529325774074 -0.0123839808154341 0.0506444626050213 -0.157349316307912
-0.0245518256077801 -0.0615214109752459 -0.0409919215404994 0.0497944122945321
-0.0515741902108711 -0.0239258964047274 0.0699348167795983 -0.028953526925664
-0.0165649287605338 -0.0594390498118869 0.230953669483721 -0.250109334274938
0.0213772843128296 -0.0397250229796554 0.0372905204819723 0.1529739932124
0.0161087426046224 0.0277731218041891 -0.245876778092111 0.0639415005790034
-0.0331962468558094 0.0338217759848025 -0.150536839395686 -0.315770026904678
-0.0430328355156401 -0.00918647491615777 0.321964729377622 -0.170702628259542
0.0167306847962601 -0.0456492582854493 0.151282773944277 0.181447342727178
0.0708549896370182 0.00197447000286511 -0.169972664509672 -0.000171540356773448
0.0667068746285769 0.0682468289341992 -0.235514675935211 -0.291652620975979
0.0706794733447551 0.0921075997571576 -0.308268423555688 -0.302495247089546
0.106193269074851 0.00562717979753468 -0.370118331413612 -0.0304293480885405
0.0415617545040281 -0.0760911639769396 -0.108391095816481 0.300926878387585
-0.0700192005679175 -0.0474104169848718 0.186474623350316 0.0638020626577697
-0.0482663033597035 0.0662877449087002 0.0338118851695785 -0.147820908376457
0.0780343673710548 -0.00279857571148274 -0.0446230704174384 0.033363468387822
0.0510300271364441 -0.0858120219822262 0.0531305265261796 -0.0210835549115602
0.0161505413521806 -0.106094096192387 0.249994797994849 -0.217858774343428
0.0669494875654482 -0.0622654901811595 0.0358052150024515 0.138971958793316
0.0176764015763684 0.0573199213021892 -0.263589567251847 0.0382245672379361
-0.0695932223427916 0.0279011750276578 -0.142371074041398 -0.354061180794803
-0.0416194910056691 -0.0884808678172008 0.342383152284442 -0.172112169678729
0.114716814371671 -0.0852702023615659 0.147863981668875 0.165623830402256
0.186029211005787 0.0715910866202234 -0.131621822710389 -0.0190561504518554
0.152976924616362 0.17741741037531 -0.192126633735955 -0.233491853956586
0.187632712138831 0.149947088876912 -0.30684265587159 -0.211021590621264
0.197029644757081 -0.0762006308770877 -0.345195764982103 0.0609706985519489
-0.0448613441868841 -0.205787633789938 -0.0371757561637705 0.335671125249651
-0.20829317903387 0.0306960045291973 0.1963978234991 0.0522658949788435
0.0019610049996892 0.2150921494828 0.0696886603944362 -0.139829359148631
0.224643631947918 -0.0157772918872546 -0.0522868882983574 -0.0386086232191715
0.121682658322707 -0.167426804564255 -0.0123102683554035 0.00566903277236617
0.0808453560968167 -0.153450526313441 0.257356493330456 -0.157588781807866
0.162834345660103 -0.084665587837772 0.0571139322727688 0.138837462842249
0.0580841425130797 0.1076076467412 -0.245068723150507 0.0391336276106792
-0.103206992993887 0.0339092860711582 -0.117102813065011 -0.3505515867757
-0.0152058574221965 -0.171306216178408 0.344621896960033 -0.165228220062635
0.22104975191116 -0.0837488050140997 0.156994689885207 0.141123370938628
0.261969090171455 0.169612867120186 -0.0561344006009054 -0.00784971088004435
0.214252897629771 0.263457427506691 -0.121363831118675 -0.141538552032145
0.292088774768612 0.14005525723867 -0.250464655652854 -0.119533477186467
0.199072135770122 -0.192487669084805 -0.292903094872368 0.0956848518378111
-0.205421385617844 -0.191019505043954 -0.00989846371064106 0.342956254881986
-0.190581656840656 0.239848923879427 0.229754623018768 0.0586095592187297
0.190413203090907 0.25827699210123 0.100532394286509 -0.196386840518919
0.318305133611093 -0.126125220502056 -0.12325418702393 -0.107406026609309
0.129907516490753 -0.236881798593789 -0.102008073757163 0.0772759071400381
0.168925452976269 -0.176201015835042 0.226536361781931 -0.0720925029308749
0.293377650329027 -0.0412969909598534 0.0512451068271984 0.16488247776492
0.0868147264887961 0.232349230161451 -0.230060476235581 0.078444753738894
-0.187928694605935 0.0471570474500926 -0.11950825910804 -0.277492467994517
0.0190631983958814 -0.260838757509193 0.284029658212794 -0.161985179658178
0.307968303955217 -0.0361108289060954 0.181094415331783 0.0998506604198432
0.285581937795185 0.268447180629923 0.0421067036445331 0.0505333813669912
0.247061327296381 0.308612949468401 -0.0279541143433638 -0.0242836286310849
0.346002198978764 0.0914256827058527 -0.149451197305796 -0.0629992475521351
0.156598828100889 -0.239450175539175 -0.279018267128397 0.0536773607450418
-0.212829775750352 -0.0968258977865523 -0.0700980823068058 0.361503728222372
-0.0293860209827523 0.248373940161415 0.251207425984494 0.0956024533165188
0.25164542380636 0.123765575954741 0.0852346315854644 -0.228541338525239
0.26639776022036 -0.206683233433023 -0.202128048883126 -0.106487365658652
0.0893673266045633 -0.251280007838522 -0.168310247504779 0.183926342031016
0.232746325682041 -0.145307027598031 0.147736381268227 0.00455051260411359
0.32886453272235 0.0825353045972316 -0.00581703973724666 0.150523712616311
-0.0252631684757196 0.327979512514115 -0.219844553121428 0.07274602519577
-0.27852376458568 -0.0426250221610015 -0.13454011077183 -0.215810081024692
0.0861846092524837 -0.30812228326376 0.220945100268398 -0.195859257012892
0.322915949838078 0.036553416117754 0.239086242810869 0.0734485558957024
0.246582984829154 0.314971738026844 0.133375212868861 0.150347055643256
0.241977203161069 0.301046040284126 0.0695574081146779 0.0988299116972443
0.335035165348209 0.0416435754636482 -0.0366000470029991 -0.0501239780599106
0.131162047261077 -0.221551697139941 -0.295023988531842 -0.007860084267977
-0.132665234770706 -0.0911615167220123 -0.15045768663056 0.40479788686377
-0.00358180698835655 0.107658008769277 0.280704361452339 0.176833549262526
0.122342321680273 0.0421319654967653 0.11579076687733 -0.198490269711795
0.151864802329756 -0.158735646167991 -0.20241710544377 -0.0880079760558517
0.0440737088638224 -0.200203656084818 -0.186926639498922 0.275061991677066
0.224232917896789 -0.0758681168819478 0.0465630061607685 0.0383766837241127
0.221729834243897 0.162918949204402 -0.0355870153200408 0.0656664123284286
-0.141358162160752 0.22237432930487 -0.142502045407971 0.0579899949910949
-0.187220354824202 -0.150310555678781 -0.123984791363304 -0.151416129913682
0.144241759324474 -0.231673890736513 0.200340023811356 -0.210832278875874
0.246272612888544 0.0747857255618836 0.291396236627165 0.0887616060411649
0.173689281151573 0.276981521539773 0.19556147341194 0.261173095371797
0.201628431421207 0.245495687311868 0.155908649743078 0.208200014775717
0.270389928680443 0.0227222032160096 0.0621613967930193 -0.0487818074133497
0.115069575162354 -0.174418233829498 -0.275138580987517 -0.0694482568492346
-0.0841050956095358 -0.10966020577646 -0.201277440989741 0.379381744640993
-0.0425911876578585 0.0252691246733618 0.283785448970881 0.232057134868485
0.0120653726095321 0.0468698117453469 0.177861332147175 -0.168515068934203
0.0789662503383717 -0.0572648930699183 -0.157668076677251 -0.110183904197348
0.0192911390057713 -0.118121996565397 -0.180506965208847 0.314292463173282
0.147845374870562 -0.0155988482646229 -0.0321153043705369 0.0363139343611663
0.0969788908928725 0.132790765345135 0.000325534671050537 -0.01322179728532
-0.11164415269995 0.0766301680205414 -0.0643640709944356 0.10357274665158
-0.0477019604054072 -0.113917925263239 -0.143817504962062 -0.0995162571172156
0.103897949189235 -0.109940945112999 0.184137878221025 -0.214812051320355
0.133220307717361 0.0544814065251631 0.311539961018559 0.100850455506641
0.0992265332461138 0.171681923360135 0.235002427039058 0.333625751866743
0.130176087684246 0.154650007677083 0.217993061434469 0.286124568451891
0.171833985603153 0.0223950779545081 0.137250923086389 -0.0365169098518863
0.0920446599114985 -0.104277086149 -0.218297651669489 -0.137491137258949
-0.0389213310922712 -0.0916508052935106 -0.257385849061672 0.286211181381485
-0.0350437395051519 -0.015883517903816 0.227117044756572 0.266446706882061
-0.022049774574195 0.0361516499734268 0.218523780825984 -0.132062997999059
0.0412432684388257 0.0119402308745205 -0.112578598937707 -0.150696176194214
0.0179653255702186 -0.0439662086981709 -0.171909752861151 0.313273602722235
-0.0273589877711453 -0.0173962906335986 0.212493381330771 -0.276008033567372
-0.0105161179909513 -0.028579891535502 0.0666067951858235 0.153093331755462
0.02130453109266 -0.00840234887706736 -0.217567679644499 0.0998431259861692
0.0105048911233584 0.0275010110755266 -0.180810747578087 -0.283546675191742
-0.0102054566432032 0.060416578492449 0.299769088338807 -0.213072672415424
-0.0574155378468969 0.0251390285826986 0.186924487616755 0.170767358458684
-0.0584654004762637 -0.035469558283497 -0.168555685962948 0.0300693727335716
-0.0310576741622014 -0.0500589971992009 -0.24306766090916 -0.306643065652042
-0.0271443901864253 -0.0186357035093317 -0.280975297735701 -0.352492894890314
-0.0149760813603922 0.00147803509704721 -0.359084568093064 -0.0995503293294696
-0.00363074079043306 0.0312488744213618 -0.158069695794419 0.255052872905908
0.0020422522199819 0.0157378663142671 0.179268836547786 0.0961532130474163
0.0182726319450052 -0.0129455691362949 0.0492229586198768 -0.158543640723745
-0.0258038924453004 -0.0616432635882647 -0.0390820714165277 0.0495744756180551
-0.0530095396810791 -0.0233987465216421 0.069150801737716 -0.0300214544057567
-0.016687596144036 -0.0583545653903366 0.229530337256898 -0.255362374310732
0.0213609328569605 -0.0410193596577593 0.0390625642483593 0.154657497123119
0.0163384448182628 0.027467270963748 -0.247556790391081 0.0652923866452016
-0.0338403337395836 0.0351860937548533 -0.154632481733764 -0.315024464788832
-0.0441094263353084 -0.00988110590941378 0.320084876656024 -0.174807308125734
0.0172554435830721 -0.0460105310466301 0.15269457549009 0.180594336575631
0.0709608025847761 0.00308277193372854 -0.171152559917597 -0.000227095477084649
0.0682001442605641 0.0693569304452884 -0.235492604211455 -0.292744752666299
0.0707642009571804 0.0941915283338793 -0.310643688425447 -0.302319169953934
0.106974489058746 0.00529775396739848 -0.371948344121927 -0.0272599533340264
0.0414530132906552 -0.0752873132456446 -0.105747266336614 0.302273330687206
-0.069864226678375 -0.0461563448107868 0.187901305765533 0.0627731861642258
-0.0464694948144145 0.0679868027212413 0.0331775748327728 -0.14871122458995
0.0780865132481979 -0.00483967374589219 -0.0425879862580293 0.0339140390573196
0.0508084378465139 -0.0868257900256404 0.0520286213076197 -0.0220899501578592
0.0152134030308901 -0.106418144553863 0.248721121112464 -0.221913816576754
0.0664633951726353 -0.0625514344310668 0.0373831786834361 0.140186414036572
0.0175664138803473 0.0577812611140174 -0.265144445612531 0.0389183898708115
-0.0710080834569624 0.028432685796728 -0.146667678100456 -0.352061899893277
-0.0428195006674015 -0.0899634407509815 0.339018123092701 -0.176657153584953
0.115261864847114 -0.0867576466173057 0.148458346461719 0.165052365263354
0.186413612915565 0.0715705963032267 -0.132550725425762 -0.0200967906411417
0.153386335257554 0.178681548984652 -0.192962968855333 -0.234074104973262
0.189354595311511 0.152836103388498 -0.307922224274856 -0.209804084703671
0.199346578361807 -0.0774789380820423 -0.347641845634486 0.0650128973325436
-0.0465237146347951 -0.205246435301601 -0.0338484068469814 0.337426604995419
-0.208026244234845 0.0335753147301649 0.19839288713443 0.0520406708849775
0.00351658276600168 0.216346041856407 0.0680548370651952 -0.141926709478
0.225532068162167 -0.0183332025757882 -0.0520245579235024 -0.038780991368016
0.120863673557479 -0.169817230475944 -0.0129337770266772 0.00568502753447377
0.078862052250718 -0.154126154178305 0.256587455717607 -0.161861130566438
0.163248017293714 -0.08410966098837 0.0592826005294786 0.139128823220664
0.0579329157885925 0.106936132240891 -0.249169929565441 0.0415056873150282
-0.104028531369107 0.033607273825778 -0.121633569525159 -0.349718001377979
-0.015535280906763 -0.173596077065336 0.343525181230229 -0.169698988876779
0.221760528989741 -0.0854293536720194 0.159095338041302 0.139856908610215
0.263992151182774 0.169126194573255 -0.0559080749959745 -0.0092594216984564
0.215948390585562 0.26556100734408 -0.121371342789513 -0.140826566801097
0.294857229660257 0.143024471704601 -0.250538329965949 -0.117114002077968
0.201754574053914 -0.193839908310944 -0.294520611064208 0.0985528425308897
-0.208105985284476 -0.191772409708074 -0.00630635207633446 0.344437717280295
-0.189213806664484 0.241872741223821 0.234073827618149 0.0569562575690146
0.193647474869888 0.257132469725553 0.0994952975876572 -0.198285472792208
0.319498457171854 -0.130270822221802 -0.124476152339486 -0.106634194252887
0.1270808718221 -0.240204391643548 -0.102185246078708 0.0774675452821944
0.168689043157432 -0.178364948021399 0.226349846172505 -0.077129150629962
0.294454674740022 -0.0445072656985633 0.0534713243877345 0.165013712443284
0.0885152865683386 0.232533180706538 -0.230499181608375 0.0797905130879492
-0.188704450274646 0.0466891003457557 -0.122360739509944 -0.27722856491924
0.0181275936994211 -0.263154656813865 0.281627832678895 -0.16500483424584
0.311098446333316 -0.0377423472511165 0.183942106187299 0.0977230738126985
0.287977280921662 0.268009153208017 0.0426364668044726 0.0481811994950702
0.249821176460284 0.309507210744498 -0.0285926992017477 -0.0240386025551883
0.348429508990351 0.0906349846670625 -0.149819192017951 -0.0609461360566174
0.156886039301579 -0.243121349120914 -0.279994046410792 0.0571251920212861
-0.213732848896968 -0.0971291270639189 -0.0672464136063323 0.365143772957845
-0.0278958053916797 0.249493839818012 0.254436571737337 0.0941316163620864
0.252894521060583 0.122490817291085 0.0833984995982042 -0.231460910263543
0.265649770584986 -0.210990182540799 -0.203527552948315 -0.104564583525008
0.0872827885940195 -0.252861156593661 -0.165179068140276 0.187187915688516
0.232423615706553 -0.149012053230565 0.148168307734791 0.00186443575464118
0.330989308591361 0.0792664769138344 -0.00481325382590411 0.150568602740933
-0.0223172525207321 0.329888764522197 -0.220948862008962 0.0752510424903884
-0.278901835017976 -0.0400674095923802 -0.137313577723189 -0.214560096542132
0.0867262971227663 -0.309990440633076 0.21837454903771 -0.199197440990585
0.325948116332465 0.0361414039460171 0.241439260097909 0.0720877637505156
0.249304520662932 0.315886824751291 0.13492169444728 0.149971620444586
0.243918253554907 0.300500391717228 0.0706036620801586 0.0984357184198869
0.336019940163084 0.0408371757948017 -0.0371326460591564 -0.0479698479446106
0.131088586067332 -0.223958902382068 -0.294800797030548 -0.00501501297165177
-0.133796274956539 -0.0930277155471275 -0.145184909374169 0.406959396825736
-0.00343077245556327 0.108587244995095 0.284842404612203 0.176022081952587
0.121737942092137 0.043129858498824 0.114894400281783 -0.200847574182457
0.151239554028137 -0.160982516632566 -0.204125601797643 -0.0856732491507771
0.0406193916049291 -0.201243116162797 -0.183425330440133 0.277980111342617
0.224242316628027 -0.0776521700676374 0.0468835785144797 0.0377881342728182
0.224151862527729 0.161772981187114 -0.0356528207501405 0.0662576593753676
-0.139924247817613 0.224089167646524 -0.143145233923744 0.0580060011824469
-0.18843581092695 -0.14846722935757 -0.125969357626205 -0.150743550490389
0.144680320314347 -0.233765994002054 0.196880883091427 -0.212513451300971
0.246631316381735 0.0767714441285018 0.291814614538762 0.0865043282909862
0.174660988320979 0.279390029610674 0.197370719877469 0.25960339158064
0.203441697141451 0.245631718490384 0.158330597847962 0.208565838835728
0.273459318117748 0.0222254440509741 0.0628541225687823 -0.0474490793805469
0.115004984693504 -0.175909833391036 -0.275544917240556 -0.0672477808238597
-0.0848146233998456 -0.110741792268691 -0.197170030189895 0.382050531856668
-0.0433677890331888 0.0249323898529868 0.2878561207786 0.229498292784303
0.0123833274555488 0.0485092762908855 0.178431676148258 -0.172595653807434
0.079260352723377 -0.0562125556165311 -0.159725957010671 -0.109692542764238
0.0179529530976637 -0.117512142814885 -0.178247570200821 0.318949338430022
0.14959950577257 -0.0164725596352433 -0.0318902162264346 0.0364090477695833
0.0990413407599246 0.133402096518607 -0.00137638021837136 -0.0137622911341398
-0.111726858236829 0.0776431488390195 -0.063506340540374 0.102709224761206
-0.0484264132591748 -0.114837636947263 -0.144654410304825 -0.0985892183384449
0.104641417763364 -0.110705586717514 0.180999364778421 -0.216399422753946
0.133186825984655 0.0554885636819575 0.312267883437083 0.102786622089106
0.0990822878645514 0.171988434538111 0.237258321422244 0.332988034920295
0.132617166859376 0.154033577538502 0.220484010358424 0.28753680310032
0.172615060888193 0.0214337576446441 0.138334537278259 -0.035044077269966
0.0925711744207437 -0.106429445448112 -0.219784097361691 -0.136849879553791
-0.0394509669989964 -0.0924512094182234 -0.257914662984294 0.289029060305866
-0.0357336485424365 -0.0172052334584728 0.231271737835636 0.265615884394571
-0.0230473153885567 0.0382781871062624 0.219082488223041 -0.134722861493632
0.0417508976812376 0.0127207349157995 -0.114314176745061 -0.151836859891544
0.0167941389425089 -0.0432681874094062 -0.170180953843781 0.315471649301411
-0.0259691713596432 -0.016635721791908 0.229908756986074 -0.273638237750871
-0.0093474854916086 -0.029673483714577 0.0604811228491718 0.158195001870451
0.0236297512842696 -0.00762135537405865 -0.224811491173296 0.090024109219179
0.00904455166885518 0.0303675090485054 -0.167355177079629 -0.295875520367194
-0.0148791555913328 0.0621336592170742 0.313630918054115 -0.203751489672222
-0.0599180688054509 0.0221209380588289 0.179399839532906 0.181777962294181
-0.0559028768613067 -0.036304334460539 -0.172611108720014 0.0193244816592402
-0.0280300067417412 -0.0508233653265199 -0.230420094727936 -0.327572018233737
-0.0255431184318125 -0.020426569894564 -0.261756944661757 -0.372178977372324
-0.0174184922914579 -0.000736063950483454 -0.355122460529826 -0.117189992124201
-0.00711961075069991 0.0341485864163277 -0.170734478718199 0.245700371680279
0.00295071240406908 0.0175535725656403 0.174683247437011 0.105029300082824
0.0195117406523827 -0.0143489430924468 0.0559655325507208 -0.155701377038546
-0.0237570805702313 -0.0622639882457719 -0.0407063627734368 0.0475778858421855
-0.0518775461674517 -0.0262240605132321 0.070874531813096 -0.0266569292776
-0.0128147170959066 -0.0561739429498241 0.243208565052707 -0.249745731931858
0.0231252078204779 -0.0399135929392335 0.0323934071759481 0.158078264094032
0.0161710889254459 0.0292944762202843 -0.25347783364667 0.053937592306605
-0.0368206504375031 0.0362428766842221 -0.140717375284153 -0.32498857820206
-0.0464092607728568 -0.0122474631950009 0.333450508322189 -0.16217267650071
0.019720622207932 -0.0465813183897993 0.14545820281708 0.190259166036995
0.0723009929974196 0.00851613353566276 -0.174358513182284 -0.0105871589413645
0.0634560105120585 0.0751798872345352 -0.222206792914339 -0.312292938666406
0.0665154812679123 0.100125659861084 -0.294156436921547 -0.323451924939566
0.105003321223621 0.0106333163129239 -0.372571928488857 -0.0481403242489034
0.0441248948500375 -0.070716918556096 -0.120957563700335 0.296394807574284
-0.0652890211096265 -0.0485982628322523 0.185736002011461 0.0733063008249023
-0.0498558176811166 0.0651451793465251 0.0410804264803795 -0.147130058425222
0.0782247706553618 -8.82229176681996E-05 -0.0437016070918142 0.0300021551001526
0.0549501566570164 -0.0849712531536671 0.0512229688883901 -0.0202208899681567
0.0199331051351577 -0.102228882146345 0.262977990849968 -0.216128432220148
0.0695801582065813 -0.059220566311636 0.0306660597619133 0.1444522071439
0.0145920048206241 0.0597440115232268 -0.272098995173419 0.0281040694884258
-0.0735970843693408 0.0273954553073886 -0.131911979768453 -0.36369301201684
-0.0411638334497828 -0.0921350143440937 0.352992986108562 -0.164602883491906
0.1197270279487 -0.0831885902761948 0.143398916588408 0.172964917300015
0.183956148232292 0.0825822094951906 -0.133034182977237 -0.0286921450536724
0.143989540271688 0.190581858506497 -0.18134975983014 -0.249115112117579
0.182477196873829 0.166753612694672 -0.298602881610201 -0.22929862808077
0.203494566680993 -0.0657135076835181 -0.353597018392674 0.0444775760159477
-0.0350135645617063 -0.206982701839617 -0.0531186782413295 0.335471741077521
-0.208788497690117 0.0244446267549057 0.197175808656762 0.0622754378528164
-0.00548462791614359 0.216961817403038 0.0781636881376695 -0.139763981947925
0.227442363571847 -0.00850469644113481 -0.0500163094441555 -0.0433353398817674
0.127457962021935 -0.1640280824417 -0.0158131387506393 0.00351083205771715
0.0872932359623024 -0.148129556703108 0.268786623670771 -0.155105383622423
0.166342613869954 -0.0786804876911379 0.0521660135485463 0.143536895686957
0.0537187410842784 0.111191006123017 -0.25523007418552 0.0304187504563835
-0.106287662812034 0.0295036719703371 -0.106593014647242 -0.359682258020014
-0.00871123575305665 -0.176443895461252 0.357731469917759 -0.159008146480543
0.226837831583766 -0.0757904964525136 0.155546015133931 0.148633078892654
0.257613482084656 0.184428379722605 -0.055847444107446 -0.0131258085487282
0.203733355251075 0.280958227484809 -0.114387889346622 -0.15076484730162
0.289408051876164 0.162649690776374 -0.24556853274163 -0.131817071248779
0.213755709322924 -0.182592187629566 -0.303726763425586 0.0824323805811591
-0.199159779017449 -0.202523629086942 -0.0226711630596579 0.345377230658109
-0.201077091489118 0.234785808774198 0.232242191066215 0.0697370209880019
0.184199709047584 0.267518744954309 0.111056695323919 -0.197057378257749
0.325075621055493 -0.117126145216359 -0.119410841794142 -0.116423345091066
0.137584368925874 -0.233253189253867 -0.107767643066117 0.0724919624959006
0.17620072299876 -0.168128297536287 0.234741543394014 -0.0694754302719875
0.296177170139023 -0.0319813926178227 0.0468895733123609 0.169155455855789
0.0761514457639391 0.237304435889384 -0.238376503208376 0.0708234037336049
-0.190409576457011 0.037760716373481 -0.111128626527086 -0.287100745259879
0.0327974151802651 -0.263934014490964 0.294704398319784 -0.155998859110556
0.313695155338453 -0.0208561830142811 0.182748616859363 0.10969838996675
0.277131981892159 0.286075031919177 0.0413590005714861 0.0511678294747571
0.235659901259253 0.328113636635248 -0.0267060629832417 -0.0264817818233403
0.347625677425399 0.111875358428992 -0.146558440663519 -0.0683397294439573
0.171618599905098 -0.235678428940452 -0.284551192312554 0.042079348816613
-0.210100659964278 -0.108314975156533 -0.0847398924500448 0.361361103474547
-0.0382660916542384 0.250111162150576 0.250731890778182 0.106884621603422
0.250440598736266 0.133591723242735 0.0946008242236617 -0.229810257291575
0.273778279984662 -0.200696327270998 -0.200231189922377 -0.115569614136856
0.0971073224141062 -0.245730396514344 -0.175765431005136 0.178571448444813
0.23909390167977 -0.136730495538062 0.151677475379013 0.00659920702796455
0.32710797314878 0.0927211296507839 -0.0111018153482922 0.153212767635809
-0.0361780479464477 0.329164440174242 -0.228642049680799 0.0653660248990173
-0.275357204700698 -0.0539311185019518 -0.127905230976264 -0.225236751460652
0.104611247886175 -0.306966950698113 0.2315595232415 -0.192153178872545
0.322636819728149 0.0560039403602925 0.241877807737095 0.0867726196344845
0.233998199225512 0.332278627887442 0.129894810503291 0.158605912663016
0.229443946095342 0.31798099927765 0.066211059028635 0.104447071176472
0.337387423656523 0.0603666953039338 -0.0341458498679021 -0.0482598337708622
0.143303032797813 -0.220988407191482 -0.296439139442476 -0.0203806449816362
-0.131395831313616 -0.0991144554937781 -0.165076750693632 0.401635087020851
-0.0074336786144751 0.109627513571459 0.278001045858495 0.189555744390788
0.121597923581871 0.0486003629648362 0.125910201767183 -0.198119653651704
0.156682797039164 -0.154751001028636 -0.200994099255453 -0.0968048251337704
0.0479210197334599 -0.194025332315829 -0.198560757098016 0.266946292099185
0.228595088827853 -0.0673664251223333 0.0467586850082581 0.0395582020642796
0.216974150436302 0.170461587245377 -0.0390145581294888 0.0669917180079062
-0.148952819052764 0.218754420799593 -0.149877727795821 0.0511318131723543
-0.181004971650632 -0.157577987124664 -0.119195945898646 -0.16016882218387
0.158217702358844 -0.227430694945939 0.20970375707069 -0.20642882390995
0.23996075600332 0.0928399866153171 0.292918110731399 0.104456648911297
0.159356521736473 0.290468353727515 0.187252071325043 0.274129594606962
0.191445610716768 0.259617764866232 0.148834148713988 0.219651276400229
0.27395041548572 0.0377719896785892 0.0666090451243445 -0.0419025217648136
0.12512110178619 -0.17355377320092 -0.273115181288152 -0.0824184793137716
-0.0802577114143244 -0.114540769590698 -0.217720137624206 0.37261892667499
-0.0423910159983025 0.0239920881177856 0.27676798622216 0.243831712654613
0.0106326221348242 0.047962563573027 0.1871468834472 -0.16669854465975
0.0806511414609054 -0.0529254468519865 -0.154207185028349 -0.118570293996746
0.0208204630563022 -0.109736498188109 -0.192828472224821 0.305804095029299
0.150046242302613 -0.0102505601514345 -0.0333284341159991 0.0349068873617755
0.0923586918307479 0.137340487328476 -0.000977823729478267 -0.0127382407362967
-0.115187029537867 0.0725275292823467 -0.0724535450809239 0.0982914405473056
-0.0423201090932936 -0.114896784494835 -0.140928740752953 -0.107749688665599
0.109979131304284 -0.105490223851302 0.19553249298911 -0.209619191178988
0.127425427411921 0.0638549678690006 0.311927960845997 0.121180474704217
0.0898836899116399 0.177645194245012 0.223729109154216 0.349831241701138
0.123379020386945 0.16163661890207 0.207356743683972 0.304552532424484
0.17456019681814 0.0321652348152425 0.141836672776928 -0.0251380788284147
0.0985650675766919 -0.104160423609607 -0.211918336939328 -0.1493837758042
-0.0368786454335444 -0.0930452779303964 -0.272519458651696 0.276633539956708
-0.0335255960823059 -0.016750460024325 0.217341475895817 0.276643138043994
-0.0232315313371058 0.0353348334832006 0.227337907982979 -0.126133742666571
0.0401410965830677 0.0126414785508368 -0.108181237250478 -0.158516218648015
0.017139305430161 -0.0360051489427126 -0.183676176726618 0.303967241334791
-0.0272397933569245 -0.0143505462069343 0.223530235045724 -0.280967712996413
-0.0107556313988457 -0.0295311793606225 0.0653325390573615 0.159069046731284
0.0230116574062529 -0.0085267738270082 -0.224078790864805 0.0961995298854934
0.00930997310525003 0.0306438342436241 -0.177383239330966 -0.291070165178817
-0.0149198396525792 0.0617985460266855 0.307455980952947 -0.211447023816318
-0.0589525644619259 0.0234709777996306 0.183865045022015 0.177710636672646
-0.0565678682332231 -0.0338414359268918 -0.172593715295636 0.0222551529661587
-0.0300426405106376 -0.0494057220314151 -0.236599247167657 -0.324905539843913
-0.0263716376131459 -0.0176322949354373 -0.270388847658551 -0.366993380541746
-0.0181504464964206 -0.000132078971190395 -0.356817922080041 -0.109110692773014
-0.00719485212415938 0.0341990859600077 -0.163776462154956 0.250418616700387
0.00296373398628044 0.017465038940321 0.177352991018796 0.0994750365174071
0.0197840531055309 -0.0148585934836144 0.0521170589169824 -0.156989322405624
-0.0251344346760193 -0.0614368819067531 -0.038385778950493 0.0478042057322242
-0.0524214729140084 -0.0247810481787248 0.0710694165106245 -0.0281011919860584
-0.0140645079530919 -0.0551759638198746 0.23615038756214 -0.258229844080503
0.0229908728369915 -0.0391539406690155 0.0375668002626031 0.1589893521969
0.0167038849130123 0.0294707573198876 -0.254189423750849 0.0605545443552698
-0.0363420958431054 0.0374747825409628 -0.150205111280092 -0.321303543609412
-0.0481974587398061 -0.0109987864297174 0.328092575302101 -0.171483908470026
0.0186989212315122 -0.0481068528864499 0.149888442972911 0.186529148395062
0.0729172577502154 0.00761470201251629 -0.173498688200794 -0.00896653522124988
0.0648512445015843 0.0749427758782661 -0.229206229094827 -0.30939229499176
0.0688783355342391 0.102236905865224 -0.301359731081621 -0.317408089710481
0.106613118748089 0.00811479537077637 -0.375910147401068 -0.0374460143844581
0.0411715572344489 -0.0712016242001635 -0.114203388162912 0.30018416998793
-0.0667911228661849 -0.0465355566148897 0.188350339806831 0.0700430545059943
-0.0477388174999784 0.0655891310678591 0.0373435245522659 -0.149438885257932
0.0776755130555857 -0.00242700196166252 -0.0421931024403266 0.0312368525186494
0.0530413496791659 -0.0866134828145297 0.0513429106784107 -0.022344846430686
0.0173112910880013 -0.102253694590923 0.256412133101324 -0.225506011567659
0.0681110676717593 -0.0603419363024015 0.035515418796005 0.144872312587733
0.0154225159037963 0.060065365796968 -0.274105244749574 0.034534967508415
-0.0735455248752004 0.0290857634698654 -0.142310244464901 -0.360291008979876
-0.0431842762532929 -0.0927329340321321 0.348836096093954 -0.174065539223954
0.119369193199901 -0.08758312867528 0.14864058625936 0.168216075840337
0.187286761490381 0.0799440403860579 -0.132356854089441 -0.0270441249885949
0.14839971575953 0.189033785661227 -0.186332442915284 -0.246921896588205
0.186233697586723 0.165877125756339 -0.303124161330002 -0.22353947153302
0.203305487629913 -0.0692174496108293 -0.355157457742298 0.0548044512803889
-0.0400475557991614 -0.205710177804147 -0.0417209803153893 0.33693172960148
-0.20838507160241 0.0299679247521652 0.200111984876825 0.0568749673626304
0.000634870378559421 0.218187419736226 0.0743293364438858 -0.142566564305765
0.22829665938796 -0.0149204665711606 -0.0506745786319443 -0.0422685753293911
0.122487097969261 -0.167808473959054 -0.0162762641388396 0.00350345214563208
0.0827625599599556 -0.149683184738939 0.263898034110851 -0.164340266754475
0.165147609073342 -0.0806341982310785 0.0571867157788319 0.143373720210189
0.0546772912079373 0.110522458823761 -0.258507012385004 0.0371930649241965
-0.106622279367482 0.0314382292939526 -0.116758473341409 -0.357004832347581
-0.0134064401734697 -0.177612299321102 0.352016842131614 -0.167796789356978
0.226455087312063 -0.0811942962847004 0.159654639525353 0.142834290357901
0.26168387283065 0.180081764518916 -0.0557579908177131 -0.0139930723621743
0.211611407718383 0.278153603100283 -0.117717814323932 -0.148534099922014
0.294867909212204 0.157447832564198 -0.248510019028037 -0.124345998405413
0.212355002661781 -0.187703290148747 -0.301630834298485 0.0900314280788737
-0.203538956041546 -0.199147015478894 -0.0128927874565867 0.34623780976385
-0.195277083027754 0.240224967390942 0.23556210595406 0.0632067333302422
0.192349441061208 0.264272052084815 0.105561447042302 -0.201782403263159
0.323900030210491 -0.126252119572142 -0.122992595489041 -0.112901099321032
0.130680460231371 -0.237914433976034 -0.105747234755943 0.075596727922074
0.172220096459532 -0.173349169394891 0.232759845885451 -0.0764159865560974
0.294925297735045 -0.0392586291109472 0.0506353255840805 0.168286937299927
0.0828665121832767 0.235730573193354 -0.24047594020161 0.0758584742675438
-0.190663079328588 0.0405685891099935 -0.118412266368573 -0.28595806260909
0.0264809686289617 -0.26826379347448 0.290077251086747 -0.163224013958457
0.314956133801444 -0.027403499616622 0.186743816219362 0.10389584571332
0.283448711215433 0.283614887441774 0.0436152106312301 0.0480977797581856
0.243436694029899 0.324365394339354 -0.0274557334110346 -0.0256365338024215
0.351952279717732 0.105405021776186 -0.148143563567617 -0.0639253795923858
0.168918329000133 -0.242340739049336 -0.284337868913112 0.05003880628914
-0.214463805439973 -0.105237943153738 -0.0751958784423047 0.365369530375017
-0.0323036463121907 0.251574491806523 0.255601171259615 0.10026195852824
0.253998595281231 0.129301533956819 0.0899222149884138 -0.233797492359071
0.269604131462544 -0.209009490783784 -0.203490285217933 -0.109956955527151
0.0892729457452727 -0.249854706238617 -0.171126033389903 0.183991907658972
0.23546202398476 -0.144391146113951 0.15210775375351 0.00159088371609985
0.330535210707334 0.0850442199336244 -0.00815023742295559 0.153046294153301
-0.028023142438642 0.329910938457814 -0.228243492045129 0.0708415594231976
-0.278199305181506 -0.0493592028340112 -0.13436354474541 -0.222311502181203
0.0996754834509511 -0.309790705507245 0.226373268295182 -0.195589910906706
0.32609361127394 0.0510712514367521 0.244985289217716 0.080050353347519
0.240016956173645 0.329429204850555 0.134248089105661 0.155252288415836
0.238812993885318 0.314261772510435 0.0691829919510512 0.10231309473669
0.339049860717245 0.0534017102077264 -0.0349776875366182 -0.0451674363546289
0.140606393811924 -0.226072657703221 -0.297235673415116 -0.0111364492903779
-0.134660114373092 -0.0980477677807931 -0.153121388982158 0.409631875496437
-0.0047281940397315 0.10959775378409 0.284356509229275 0.182220551414173
0.122870873248659 0.0473641041379602 0.122110901119015 -0.202949597065372
0.153822585263254 -0.158865643681316 -0.20472282803224 -0.0925236582692046
0.0417500927231319 -0.196246959451257 -0.190950341954857 0.273376694412539
0.227035651306212 -0.0747036085779067 0.047826906867847 0.0371970084494081
0.221959477922388 0.166830216515385 -0.0374264218498045 0.0675233672356905
-0.144311597234522 0.223110023677537 -0.150254227797198 0.0537133288484079
-0.183897202969093 -0.152751965734537 -0.124104197149627 -0.157140691040947
0.154334052855284 -0.230615169885332 0.206063622250387 -0.210158951716584
0.242575505595365 0.0895896018426343 0.295897521874446 0.0976037045507732
0.164780445973147 0.289962805745588 0.193459546686584 0.268306762682071
0.196745916870666 0.25587096051851 0.15435482211552 0.217433908695017
0.275651494461973 0.0311930017342165 0.0654994621546462 -0.0410527685064844
0.12206523308806 -0.178530053195831 -0.275208018607247 -0.0755656425314874
-0.0841943445356804 -0.113815810593779 -0.207265511576108 0.379945840479585
-0.0427479980892113 0.0250478543884682 0.283938925618449 0.235069274034373
0.0114852227611507 0.0492611782142302 0.18439987963744 -0.173353581942975
0.080002953225138 -0.0542914859765832 -0.159828142232716 -0.116056361738068
0.0182346759416238 -0.110168385254 -0.185401599334055 0.312201349486373
0.150905506083027 -0.0146919057404051 -0.0320770937330246 0.0366586757624551
0.0966182552705507 0.135228010191968 -0.00199602700461906 -0.0120573968812294
-0.113737739586217 0.0756669186340931 -0.0719287178869814 0.0989910293030979
-0.0437453561951786 -0.113778066244225 -0.143677308748311 -0.105353945912379
0.107244002069573 -0.108433155779721 0.190108806088293 -0.212894036428778
0.12824434915421 0.0624763981018139 0.314514642209782 0.115277478660638
0.093637412229137 0.177412129614463 0.231139659003372 0.343959061934376
0.126814137263192 0.159084289991216 0.214862792559759 0.300616419510748
0.174863855942137 0.028517454375773 0.14269117494303 -0.0266631871822205
0.0968245935152826 -0.108872370431057 -0.216807323244252 -0.144698652655863
-0.0387802227681932 -0.0934539719319834 -0.264998440963296 0.285087782385175
-0.0347266382714874 -0.0165604936983807 0.225676983367333 0.270847898351787
-0.0232666735416968 0.0374584968031331 0.225163586060328 -0.134054833548251
0.0413276377099144 0.0132083722488304 -0.113642126542994 -0.157588119917196
0.0158877492804163 -0.0355046243106862 -0.176459842357719 0.308090054415865
-0.0268149704341273 -0.0123360326390668 0.213858770257146 -0.285223566561857
-0.0111714215620727 -0.0279408533585456 0.0691725485743557 0.15710899237676
0.0229157704599943 -0.00957614523821637 -0.220912733086502 0.100565487033959
0.0082088452778333 0.0306170430812445 -0.182537155663863 -0.284295355753182
-0.015148660784302 0.0623816412460266 0.299445945916015 -0.21547435499625
-0.0575238415579711 0.0243836707802453 0.186274124224719 0.173747809153568
-0.057198751623703 -0.0324247062131854 -0.171435136961992 0.0243472027996927
-0.0322519624234446 -0.0484815846830779 -0.241777815195227 -0.319484318899648
-0.0258178697879451 -0.0167847978908152 -0.275221926256482 -0.360022297745827
-0.0192330601808757 -0.00122740180226418 -0.357016747910704 -0.0994642756654652
-0.0062261451017204 0.0352344662679702 -0.157086283612287 0.25068208413975
0.00361630639364011 0.0181128790007284 0.177997470141871 0.0952565535336583
0.0193977943001428 -0.0156811385069282 0.0485274786203942 -0.156804701649274
-0.0277832865164037 -0.0606694615162429 -0.0354054534517555 0.0484400863506258
-0.0532790162338992 -0.0223114511510951 0.0701329707948032 -0.0307243281408125
-0.016248779022971 -0.0538028849374509 0.229893614510072 -0.262099985758711
0.0212665971383974 -0.0385883406083397 0.0430743219537333 0.159080507338484
0.0164096867429812 0.0290254602247876 -0.252370773352512 0.0672797558796557
-0.0359281392874594 0.0384059555486519 -0.157069636175527 -0.315095511370863
-0.0489796283502794 -0.0111222398897359 0.321132231487166 -0.176196061382066
0.0185814667182759 -0.0500146246998192 0.153430594909409 0.182140151468494
0.072731739006763 0.00752374847560962 -0.173889001781387 -0.00759321878517949
0.0655760638540321 0.0744415823976221 -0.233457934564267 -0.304469644241814
0.0700193997658193 0.101911524195368 -0.304462067827921 -0.310506613826906
0.104983622223749 0.00683918254677473 -0.374965982988536 -0.0285701083268688
0.039382738283244 -0.0709810578687635 -0.105186322027532 0.300505729969811
-0.0679596866395778 -0.0440273663379789 0.190230827224372 0.0640280627087156
-0.0453913322886378 0.0658641150367698 0.0339067161439081 -0.14881712732997
0.0773565540248545 -0.00450253861844842 -0.0399119918742791 0.0313799381260159
0.049455774002146 -0.0870466599076082 0.0505363809977902 -0.0242364921288915
0.0157821627792636 -0.101039446628161 0.248294324008703 -0.230839853659004
0.0669597318632647 -0.0596222602347514 0.038444079486964 0.144621125906638
0.0158616912596044 0.0601267424068719 -0.273842058508127 0.0423323936435977
-0.0736102906299606 0.0302695433073026 -0.150985579972 -0.35452423270624
-0.0471007262765203 -0.0929275951420783 0.341202843701158 -0.181463996747256
0.116587730723593 -0.0899520874114412 0.152016514158262 0.163616957911742
0.188345258214151 0.0767145343378033 -0.132562039702705 -0.0261243270403957
0.150934150750238 0.186968557066536 -0.188733145362384 -0.242387835895587
0.190517315913954 0.16382910154092 -0.304902744629672 -0.216079973971257
0.202295096305712 -0.0730771445257327 -0.352545093599712 0.0628006758529209
-0.0437898057718055 -0.203631625324886 -0.0342963729471869 0.338006505451597
-0.206301579063726 0.0358545374067249 0.202288338223846 0.0522331657375486
0.00641127833073549 0.217836799392297 0.0706308245771155 -0.144814060877572
0.226302963392887 -0.0212670617514654 -0.0508965937376638 -0.0417465682358865
0.117652238563196 -0.170535652635294 -0.0162159860963412 0.00363427399351629
0.0796963119014708 -0.149937971041461 0.25816556170117 -0.170618116520123
0.161177593120718 -0.0838083682342181 0.0602905993734158 0.142673661399161
0.0572895320620077 0.11003531299962 -0.257020409053247 0.0436429760263432
-0.106325508558329 0.0326507662479177 -0.127067919527059 -0.353312050819807
-0.0168895092211076 -0.178559339884349 0.345248007162792 -0.174698050609529
0.224773419403063 -0.0867960999793824 0.162576820576553 0.139079096107361
0.26404709918756 0.175406296620434 -0.0558060544329055 -0.0142310767344594
0.213773373664682 0.275876838814138 -0.119622169372241 -0.145315730415218
0.297650816011468 0.154310280242987 -0.249636459578672 -0.11744465983414
0.208442781239324 -0.191989693220645 -0.298745666276296 0.0972580287633324
-0.206523611700111 -0.19400385382733 -0.00435757977345404 0.344967062042458
-0.187871400004222 0.243665534864187 0.237779675538496 0.0572776960758484
0.198357211269269 0.258830834375969 0.100918975389835 -0.204015845560121
0.318873814377647 -0.134967737909522 -0.12623535195045 -0.108502648101877
0.123001699834555 -0.240761690800254 -0.103574006284288 0.078117386348166
0.167694375344094 -0.176137970178328 0.229941702742795 -0.0831577601604459
0.291709719265444 -0.0464115111964101 0.0558607445323063 0.16704304009207
0.0869261552532278 0.234024369329447 -0.238420672728269 0.0811620149113975
-0.190581660611062 0.0434862796296479 -0.12634512528937 -0.281796179602767
0.0228183693388116 -0.267820755332551 0.284081492159849 -0.169900417764729
0.313963718359812 -0.0325548815400108 0.188573900455773 0.098272673445177
0.287443738775595 0.276925591373696 0.045467931652009 0.0453765539486185
0.248723288542736 0.319944638642167 -0.0278240652984963 -0.0251014025766311
0.352396393632614 0.0982554958540721 -0.148191230901804 -0.0588432201646106
0.164373742059933 -0.246016086610593 -0.282591728927385 0.0573252447408551
-0.215084762589428 -0.101880089738967 -0.0633679502887783 0.365182754698187
-0.0267260959136345 0.250323530223158 0.257911402189056 0.0930550766226186
0.256619795609152 0.122855772877596 0.0842614041383486 -0.235594298246729
0.263544346054748 -0.215917090296235 -0.204687545335802 -0.10408508657373
0.0821735265390451 -0.25041559665351 -0.167004482741185 0.187704154589704
0.231802166051622 -0.150127395890216 0.151433414025752 -0.00289247041007973
0.329563299381297 0.0766171094326206 -0.0030877830598425 0.153164812487465
-0.0205359913686535 0.329240113857203 -0.226910086131248 0.0760487573289671
-0.278368210870827 -0.043565828350109 -0.138094599346982 -0.217501344153719
0.0945758996533255 -0.311222563930292 0.21939895906959 -0.198256460893012
0.325929725372323 0.0462954227074743 0.246656183851308 0.0732870732454377
0.244485345573066 0.324738764931541 0.137572587263651 0.149734168090336
0.242063718986094 0.308771859007544 0.071017244676396 0.101283302799327
0.339246263020947 0.0464393557508978 -0.0351290292930497 -0.0430326309315698
0.135712531413762 -0.230049048131795 -0.295324920191676 -0.00389434688364513
-0.136495734701091 -0.0960072113729564 -0.142108248913135 0.409360522528253
-0.00337319445267112 0.109022738116251 0.289162881893243 0.173202639059209
0.123543039653434 0.0449369637896659 0.116501012258569 -0.207710337305326
0.14926347761407 -0.161202211416121 -0.206666196951294 -0.0871458164673565
0.0360900604074181 -0.194474909423981 -0.184219028165702 0.278278341014675
0.224848283541066 -0.0796479483355062 0.0495888223743354 0.0346770496412155
0.224100823266671 0.159565362490082 -0.0364943893273721 0.0679268348043377
-0.139756629361551 0.226142090529748 -0.149973357331674 0.056914968302198
-0.186003605758613 -0.149287350001732 -0.12761324189465 -0.152290360859981
0.148504698538719 -0.231998330662961 0.198490934059598 -0.211893747260631
0.242375172626834 0.0867237469521574 0.296553118370944 0.0903350079192315
0.168633172773291 0.287006519482183 0.198257601609083 0.263187783053979
0.200266072593108 0.251409989896101 0.158382008443774 0.214370870299128
0.275484664085103 0.0262186045605549 0.0658311334380213 -0.0401225341952179
0.119294354410729 -0.181823523258888 -0.275141061939322 -0.0680586612741921
-0.0863553891141695 -0.113011199468087 -0.196837163396063 0.383065875266004
-0.0427680747527792 0.024637973978406 0.288969298933485 0.227283663921574
0.0128633116338946 0.0503290353062836 0.179021625746884 -0.179373311751549
0.0788709993582564 -0.0559946227376187 -0.161194196656552 -0.112741506796061
0.0157743082220122 -0.108156496325302 -0.176658884159146 0.31647433965906
0.149644832361379 -0.0192637590338993 -0.0315039572461403 0.0358214743746817
0.0987161337718721 0.13190985176224 -0.00227243380793136 -0.0126951528997908
-0.111570271835976 0.0797765219348971 -0.0721811022939802 0.0988045875117729
-0.0448307351003066 -0.111580831738145 -0.146128216142164 -0.10156710802035
0.105362342886758 -0.109546676329444 0.183644691496328 -0.2137516514349
0.129514947353434 0.0615670730412584 0.316021895835505 0.10797901247762
0.0951577482073744 0.177065788740831 0.236748900620414 0.338443693378682
0.12886571970523 0.157043222840002 0.222290741542025 0.294587556035826
0.174715881111414 0.0244239949729638 0.141800016236835 -0.0265591258763988
0.0953952518410301 -0.110318230398255 -0.218750580048609 -0.139925917454767
-0.040301075452258 -0.094262788125052 -0.257077582500888 0.28919697215635
-0.0364154363830609 -0.0159867328972984 0.232224128338476 0.262837691740696
-0.0222943256246805 0.038457789902134 0.220500846461204 -0.141782923065208
0.0427126198746244 0.012465025897781 -0.117013670621358 -0.154191575196659
0.0149591418960945 -0.0348147358402963 -0.168514037226542 0.312921187825444
-0.0268906188727836 -0.0127396847804825 0.210818149710173 -0.287547635129519
-0.0117748087217178 -0.027559544946878 0.0730791624215223 0.157907614607043
0.0222450460628234 -0.0102719606366473 -0.223165115607377 0.10455348131495
0.00902023028808149 0.0314319935699111 -0.186282360685588 -0.281333634265364
-0.0159089628883366 0.0628045775010356 0.297078984363866 -0.217602251272573
-0.0573130374351849 0.0241202954910084 0.188794381485621 0.172112849947586
-0.0571135277910646 -0.0311584172804267 -0.170473165879932 0.0235049961128239
-0.0331809317762471 -0.0487086969938495 -0.244771403084369 -0.319659707371959
-0.0254895311950908 -0.0142324757650555 -0.277844247090097 -0.358409771445506
-0.0202440651533216 -0.00104549553971621 -0.356515980633804 -0.0955870766502535
-0.00675878090648888 0.0348371562379557 -0.154740026871219 0.251470965130336
0.00389499359754565 0.0187375881902271 0.178623506025008 0.0929715181285802
0.0190590640899516 -0.0166023360109789 0.046978170190325 -0.157653039515719
-0.0295737635863766 -0.0603516399086849 -0.0341193153105966 0.047747614908517
-0.0542883869148186 -0.0210489984275688 0.0702971353383235 -0.0325149150284608
-0.0160524443045881 -0.0529665151269478 0.22600500264407 -0.265751982682411
0.0221447503157983 -0.0386687994865465 0.0450405118851629 0.160561235727512
0.0161527288418052 0.0283553899628184 -0.253428038601783 0.070635008106847
-0.0365096196089427 0.0395122853755432 -0.162194769998104 -0.313768254819913
-0.0509741717440635 -0.0104922457750635 0.319039927876985 -0.178299674330475
0.0171319093728276 -0.0503563062323653 0.154673293587509 0.179367054607451
0.0723479250243251 0.00768209223838332 -0.174206283672184 -0.00793182606172047
0.0646777602849958 0.0741922101021916 -0.235231644233408 -0.305965114274181
0.0723713423909224 0.103366691042074 -0.306378106352373 -0.308880074241249
0.10401310490817 0.00576643226484441 -0.375252865621273 -0.0232078077897223
0.0384448424974236 -0.0706218501348344 -0.10131097357022 0.301367869925293
-0.0679008152008412 -0.0425259574215539 0.190951324085013 0.0617839241533238
-0.0444270858786951 0.0679863454321517 0.0322109416167206 -0.149367348365759
0.0767298266724745 -0.00569110118286748 -0.0385328838906045 0.0310942911435425
0.0482877757474634 -0.0879878473160445 0.0509214381257383 -0.024972257870915
0.0138877738319661 -0.100743956989552 0.248064148773734 -0.235738593734794
0.0666870739995183 -0.0609021983729773 0.0411642996017682 0.145742099790072
0.0169006847272546 0.0605040790253777 -0.275400946738392 0.0467931045826052
-0.0742420123835036 0.0313433081414423 -0.156287038158291 -0.351302238996949
-0.048830668923806 -0.0942125914727366 0.33895749940466 -0.183893206342176
0.116768601462071 -0.0931269218148667 0.153314784507234 0.162015861890646
0.18894761956351 0.0756615741835559 -0.132522991613815 -0.0279030026230528
0.150921083304554 0.187598520848998 -0.190270858977122 -0.242879424548456
0.192062082013842 0.166364957286873 -0.306251728061924 -0.213756525713697
0.20312888612943 -0.0743737414537337 -0.353623691687669 0.0664730429210251
-0.0453760621116743 -0.202766664515 -0.0294316741029893 0.338503255570266
-0.206674104806783 0.0378529931087278 0.203875750466613 0.0500426839164911
0.00961398992475799 0.217202009023971 0.0691849192100038 -0.146671770250191
0.226425494413576 -0.0241113109669535 -0.0508910820053818 -0.0411420338285459
0.115407978615824 -0.172909007931287 -0.0166060058857019 0.00308884934812416
0.0782948651085636 -0.151355211117815 0.257671641979661 -0.174651671789566
0.161211341262988 -0.0854071424372149 0.0619525671753504 0.142577876082088
0.0574693387659876 0.109115276889468 -0.259643365668484 0.046820478386809
-0.107256420696506 0.0322485380916074 -0.130835229811495 -0.351532678067348
-0.0172240946035 -0.180181989606529 0.344735830160909 -0.179172063390329
0.225069947954455 -0.0899138819450277 0.165715255737956 0.136069718955515
0.265479402843441 0.175517876988999 -0.0550919160631053 -0.0160843583643221
0.216668026070139 0.275243483169427 -0.119287079427414 -0.145307946118079
0.300131630165076 0.15499942919391 -0.249395441455455 -0.11574923631933
0.209812257157636 -0.193731053456038 -0.298948374990092 0.101742335541804
-0.207669698549076 -0.193095967666726 -0.00137022757848187 0.345453978565638
-0.184895470439724 0.245850499715217 0.239328839622987 0.0541599242217214
0.201423408677209 0.257725541277062 0.0992944624426231 -0.205361367183365
0.31748883272763 -0.140376208249248 -0.126698563148025 -0.107782807461008
0.119344154795731 -0.242392758620991 -0.103139413172469 0.0790755887027771
0.165427034613599 -0.17985572107942 0.230749200712176 -0.0869172441407494
0.292899719776973 -0.0480784487095704 0.0568816615339046 0.166811442621928
0.0888269827542219 0.234331475993729 -0.239344490990622 0.084534634452496
-0.189301641393228 0.0438412634148127 -0.128754933383305 -0.280961127136611
0.0226751359283665 -0.269963537757387 0.283229248266512 -0.170824914322818
0.315534624392087 -0.0367817448999022 0.190878408134087 0.0955915962697826
0.290464964434501 0.276179899008336 0.0462362874842109 0.0437438448168783
0.251563358016581 0.320469019942639 -0.0276080085933234 -0.0247976943083294
0.355075079576073 0.0962246300753154 -0.147607390324019 -0.0564812785220346
0.164297546328891 -0.248069098943008 -0.28181230918794 0.0601496850579877
-0.216484292486276 -0.101914365262773 -0.0594509040812767 0.367085228028881
-0.0248216182007634 0.250308532630484 0.26024477125728 0.0912423982086701
0.257636806336393 0.120888875389048 0.0823268794066295 -0.238539675632984
0.261029151125558 -0.218236175101479 -0.20788870699148 -0.102049674856782
0.0781224876685336 -0.250715534910544 -0.163780703265929 0.189678930763447
0.231631832243887 -0.153498727937215 0.153296989130125 -0.00559939800824449
0.331344689627297 0.0745849131027294 -0.0021517786042681 0.153395400015768
-0.0170528377199759 0.331363309815773 -0.228453232050152 0.0789157527513806
-0.278207486963497 -0.0432346533947614 -0.14141530389278 -0.215724355815995
0.0950413183627343 -0.312855271011104 0.21810088715509 -0.200151661316306
0.327393718448436 0.0453377593430132 0.248797829489891 0.0708670823814583
0.247484905175189 0.327157904854762 0.138986686928329 0.14740860058638
0.245794399529497 0.309264178173025 0.07198951885538 0.100897104192775
0.340736622476049 0.0452292337151204 -0.0346746531628784 -0.0407510966669807
0.134480246077839 -0.233115263816498 -0.295507685618819 -0.000140475554553543
-0.138441613966486 -0.0973635928239491 -0.138537543229601 0.412088415784533
-0.00342044518852673 0.10783449126873 0.292985730979044 0.170390521136465
0.123293761080757 0.0451651108473137 0.115150108902069 -0.210520103603103
0.148728714332607 -0.164047048634777 -0.208229961930852 -0.0844032707964492
0.0332312768103128 -0.194876359536563 -0.180732735256322 0.280657536735608
0.224659999665001 -0.0851478537027663 0.049308664513869 0.0333144465136392
0.227138815648153 0.158956544377675 -0.0361060352159894 0.0689610711993712
-0.137286548862716 0.228304648965406 -0.151288515279481 0.0589919423014248
-0.186176686330115 -0.147026149443384 -0.128483411955947 -0.150657093202401
0.149518610529979 -0.233900248006497 0.197864354286388 -0.212304297411381
0.243393556501654 0.0868698549687475 0.297719845343384 0.0886348350841189
0.17065012720831 0.289532983786688 0.198712906497946 0.261289416958801
0.203184842525791 0.250919332260639 0.160049826949366 0.213585968289127
0.27558139982244 0.0239795935634759 0.0664969597076499 -0.0379059409177039
0.118147036978995 -0.18458906969947 -0.275604526097646 -0.0660760803977666
-0.0872800955525691 -0.114038622717315 -0.193616631000446 0.385862903500894
-0.0443178774478123 0.0253271853736732 0.293637198752178 0.223936060943715
0.0134278596900627 0.0514852380641558 0.177397027181451 -0.184114015297634
0.0794604296761059 -0.057717615405425 -0.164982424572957 -0.111073075168998
0.0140348617864104 -0.107886302904627 -0.173069186145171 0.319415584180648
0.151228827352677 -0.0209683796883674 -0.03039716682935 0.0355907897552329
0.099582773522348 0.131797043792307 -0.00374714677011531 -0.0119008210946684
-0.110388996534881 0.0800739614418065 -0.0737543065972203 0.0993593068303135
-0.0450313296404369 -0.111431464850976 -0.145828330238837 -0.0988894797145627
0.103270839511178 -0.111196863645928 0.183622448453996 -0.213948899934764
0.1291637009646 0.062135993909908 0.316694014786251 0.107032277583131
0.0961331995365016 0.177873403794956 0.238925514949559 0.337150588686186
0.130484559995447 0.156993923215251 0.22474564064015 0.295811713476206
0.175768184313302 0.0230538923841736 0.143574652175913 -0.0252577516780049
0.0937746495855732 -0.113475408409376 -0.219937628589358 -0.137768495188809
-0.0419669765071617 -0.0948335850577183 -0.254651172863557 0.292769763563404
-0.0387658290427634 -0.0176484880457007 0.23459707014184 0.260222031805625
-0.0222139914869523 0.0393125560754603 0.220241100678308 -0.146245867035704
0.0439929703657428 0.0110875215249605 -0.119788819917287 -0.153058048590898
0.0157619049895788 -0.034202660235223 -0.165953629707047 0.315273148489832
-0.0227911866456368 -0.016549066235224 0.234174138007375 -0.278656054057366
-0.00903087338813052 -0.0267906473901153 0.0629505353369477 0.165505082416814
0.0209011030222368 -0.00860558266589943 -0.232952732604643 0.090944263856426
0.00482850821760264 0.0295485677006291 -0.166329853569595 -0.297125426434834
-0.0175645215220635 0.062105128635745 0.313715252651437 -0.198482357380316
-0.0590250802082644 0.0212125152828904 0.177984127350332 0.185488541658051
-0.0556298731578242 -0.0338456658532521 -0.174228602298157 0.009291948705201
-0.0310986440016381 -0.0499376103814088 -0.223546462214699 -0.344038754569092
-0.025528274199957 -0.0175077498733916 -0.25339284063459 -0.38316586854712
-0.0239936103419402 -0.00138273151335892 -0.352348085433395 -0.120733783781634
-0.0100892058333934 0.0380596119129975 -0.174061296377575 0.241331982580684
0.00399071745943325 0.0199828635090128 0.173537382007258 0.106707792973468
0.0204681107560346 -0.017547137042771 0.0581562534562271 -0.15469998436227
-0.0263943082276933 -0.0621617097022863 -0.0370527312282042 0.046819694244802
-0.0520416693457476 -0.0264217508394497 0.073233113518134 -0.0263598489407167
-0.00934053152028915 -0.0566389230618533 0.245868076909259 -0.256242097178724
0.0261425388966956 -0.0358690431979392 0.0347607339462019 0.166868481252661
0.0129048024872599 0.0307455368445536 -0.26407225955394 0.0560523200947613
-0.0408674367666854 0.0349924772629689 -0.140888899679605 -0.327695982406551
-0.0480745423025514 -0.014638033414876 0.333292184339352 -0.159653831984419
0.021642369612669 -0.0495577037928908 0.143706442145535 0.19223978110395
0.0732749921311324 0.0137563208396042 -0.176028104261281 -0.0219374667160824
0.0590220820272671 0.0815212338617599 -0.215745977930019 -0.328481664786284
0.0643810652570336 0.111746800902635 -0.28810201080051 -0.337453153576417
0.102032044889803 0.0154953186978755 -0.378169318602209 -0.050491207678165
0.0441363973115176 -0.0654002793532326 -0.124197560271739 0.295828801837252
-0.0641272928114734 -0.0485606203076933 0.188121482672429 0.0778118130385613
-0.0507940204043678 0.0627662342130609 0.0452647950645019 -0.147245032378212
0.0775214090347444 0.000888170232740441 -0.0412603708364592 0.0273222205110023
0.0568405382830511 -0.0854372123939585 0.0505010987092703 -0.0220834811791332
0.0251125566281658 -0.101194004074874 0.26626560464162 -0.223939657210084
0.0722273979549899 -0.0535925616678547 0.032134340219079 0.150471158371894
0.00947546902356938 0.0628497521238064 -0.284097044397442 0.0297734098924174
-0.0791938097096445 0.0231284557797075 -0.132831203518266 -0.36622785607853
-0.0392542039673579 -0.0986271395088223 0.354057749801781 -0.165542636545573
0.124115151313949 -0.0845071830252133 0.143552353582733 0.172989010865929
0.183387097646809 0.0903688780138866 -0.132435402836284 -0.0385417698689518
0.137258567285291 0.202426828968726 -0.173695000036689 -0.260846499331502
0.182504833169637 0.184264744999627 -0.293450352346816 -0.241353979310484
0.210195335792042 -0.0579461316864932 -0.36507258349361 0.0421786000370234
-0.0282604384032909 -0.206924146418302 -0.0552281994880383 0.341396853943167
-0.209986134716314 0.0211530684006856 0.205004045657282 0.0670899242201143
-0.00658237613219804 0.221598903957475 0.0844067136353873 -0.144938022334204
0.230628607387201 -0.0078961137276446 -0.0508253899920793 -0.0482652003749841
0.129982748955759 -0.165041739050775 -0.0214667388435314 0.00152267300974137
0.0909514089096277 -0.147606675811384 0.271779369549307 -0.163289661327665
0.168169645696404 -0.0722005314106485 0.0530553490869788 0.149867130661035
0.046497575109131 0.114548212012898 -0.26784887085441 0.031830977149587
-0.110187152757363 0.0212398800586533 -0.107538735934791 -0.365314123121827
-0.00327314232918684 -0.184722255818759 0.359280551313487 -0.159731098284769
0.233417704763191 -0.0738610620756723 0.158538573748301 0.145986942883545
0.255714399289247 0.195695201786132 -0.054284580617229 -0.0210193537502104
0.198003418925487 0.295914392224458 -0.11014943807718 -0.156027514571852
0.292765626035298 0.181362766625673 -0.245295095452353 -0.135924368509512
0.227806188763278 -0.177846389483688 -0.314072428938329 0.0821779254947896
-0.194268848790115 -0.211967295332682 -0.0246578172752118 0.352586865160833
-0.20608489301429 0.234245504758805 0.242774011515962 0.0734208051426317
0.185530557092672 0.276097047287112 0.115444536346929 -0.206304480559218
0.331203291985655 -0.118733445616871 -0.124581046756332 -0.119568420812578
0.13958227178373 -0.235618952450619 -0.114123861580238 0.0728902170993769
0.181130029104027 -0.168016302878998 0.239817358933069 -0.075735469207488
0.297547899618702 -0.026437040242873 0.046776033413511 0.172914493867601
0.0714715957982238 0.240942892901065 -0.249608819402612 0.0721445044549403
-0.194062396804587 0.0260078519646668 -0.111164068746932 -0.292152951297824
0.0443303995799368 -0.272238677731142 0.298781443068846 -0.155791849609082
0.320519708429897 -0.0123345752318634 0.187083632837689 0.107839233626004
0.272790627985552 0.299023181969526 0.042871418864674 0.0461604895425826
0.231260969662627 0.342521995632626 -0.025963190099905 -0.0279112845840979
0.352294858586431 0.125296333885672 -0.146157966335978 -0.0676218578639611
0.185519728354079 -0.240438928448589 -0.29329223580441 0.0431886916381482
-0.209737895773129 -0.119424660934984 -0.0864214100063785 0.370071344077753
-0.0441440544958554 0.250473102379951 0.258700608019184 0.109555678882041
0.253758739858684 0.14162498389303 0.0994470073268787 -0.239742925634572
0.280298832917179 -0.202269135297392 -0.206317565572092 -0.118782066063626
0.0982966645107705 -0.245655081292735 -0.182889998879476 0.179290750803244
0.2436315176141 -0.137693160796325 0.15619195276074 0.00221211239732256
0.327869978380566 0.0988476948917164 -0.0120666396555753 0.156308931019493
-0.0422244181129873 0.331289535167562 -0.238837828958819 0.0667702348814627
-0.275352413244828 -0.0658173763845926 -0.12739434607321 -0.228458061692362
0.119168146979436 -0.310872333044442 0.235186335216365 -0.187757326199735
0.325592881472621 0.0705769310992055 0.245627771784087 0.0872969501339433
0.227744948566052 0.346382585383591 0.130347460361603 0.158191319385999
0.227021246559802 0.331304292894155 0.0646194602497157 0.106797240086842
0.341951912740692 0.0710188493786312 -0.0327989536615217 -0.0421730253052896
0.153151999759564 -0.226394906732614 -0.301766184839917 -0.0201842191763572
-0.131469460566832 -0.107977782488821 -0.167387212082269 0.410258275687515
-0.0108119672195911 0.10896989399108 0.283971863715539 0.191706630576833
0.122421156776322 0.0549766021832489 0.130580394792823 -0.207013305757565
0.162585943582116 -0.154834786251351 -0.206609054139307 -0.0996152573617792
0.0488796748382483 -0.190040117624351 -0.204023664310275 0.270142955819566
0.232046697761982 -0.0688481094760394 0.0489286631338592 0.0353828011873893
0.217006246161982 0.176236510992864 -0.041410954324154 0.067980077362799
-0.153296854810355 0.219156474180064 -0.159362851291291 0.0503259000718291
-0.175950938084189 -0.16229495566842 -0.117703556128894 -0.162673226785444
0.167886667457317 -0.227383120108828 0.21547170212525 -0.200827979989988
0.239974058505763 0.108055666936923 0.293693739268091 0.110656433957693
0.154170118625716 0.304706977946287 0.182476297957295 0.278414442606526
0.186735600358698 0.268913278957166 0.146472421743196 0.228974370104689
0.278574461713815 0.0452699301168036 0.0693136548469474 -0.0318636240236815
0.132055094398597 -0.17931343633794 -0.274867748492271 -0.0849647830834149
-0.0803686339158525 -0.121712011226833 -0.222400834748814 0.37910478006689
-0.0454735993371558 0.0218487873126817 0.280187287771187 0.246580429393317
0.0100894381965767 0.0519429289355949 0.192661001003269 -0.174658775454183
0.0844765600560857 -0.0519105545378956 -0.158399066085149 -0.12310690633891
0.0231970234037057 -0.10372698942155 -0.198555492264899 0.308365044083428
0.152166114529149 -0.0106821166205258 -0.034343337208117 0.03345623850682
0.0912548512650061 0.139519376001442 -0.00370278455679074 -0.0115576984320019
-0.117019935008497 0.0734037336989739 -0.0844770630083148 0.095914925447142
-0.0367282143251138 -0.116551378172265 -0.137709191796517 -0.11162145879012
0.112823127134972 -0.10642161746204 0.201323862197227 -0.202547853648749
0.127591614758799 0.0740420346482238 0.310483386643014 0.131621361154152
0.0874536633690307 0.187179952417911 0.215861775760752 0.357337969005078
0.12014092111412 0.167372976482302 0.206423495302759 0.315135701612716
0.177909605462373 0.0363082585610078 0.148126716914309 -0.0130281446230962
0.102513443803749 -0.108578388563619 -0.212390203448017 -0.156148554495269
-0.0359782502770444 -0.0980028512298179 -0.279530214350183 0.278724423421319
-0.0371460018848454 -0.0192428193404623 0.216689732882044 0.278606474048582
-0.0252971915512226 0.0370523654975608 0.231428140248517 -0.133725212438487
0.0413924286293825 0.0134996006408403 -0.11191898690276 -0.163913005315658
0.0191236131014764 -0.0297310981923645 -0.189818698658045 0.303836221292956
-0.0247684725417703 -0.015984357019869 0.232312147536624 -0.291808494658938
-0.00900999022074965 -0.0281432657575669 0.0691658127903637 0.169108152587533
0.0205877993134712 -0.0100844820039494 -0.237631310779525 0.100188824926266
0.00614372259891809 0.0305459449656943 -0.177019529384641 -0.29991124922184
-0.0176321192802511 0.0649485949922148 0.317509632815886 -0.208733297637642
-0.0603252749842126 0.0220469822976504 0.185521281190856 0.185694179280838
-0.0568473744203777 -0.0332776160032817 -0.17931057672732 0.0102903053462611
-0.0334638075423193 -0.0500212851213667 -0.23667594912532 -0.349914429716828
-0.0252916108695316 -0.0171158144641592 -0.265842290295257 -0.387402106554922
-0.0254432502804131 -0.00126597822071597 -0.359700162201306 -0.115545350325263
-0.00998882845022655 0.0392600996082576 -0.171109887287878 0.249883916860249
0.003427241877037 0.0201290713738777 0.179076593232773 0.105294855987079
0.020612302431529 -0.017650284970064 0.0557377877617038 -0.158368757341909
-0.0288539140013262 -0.0632452265633127 -0.0361077785381597 0.049294620177312
-0.0537087672822842 -0.0247851683467156 0.0744853579562186 -0.0292877677320035
-0.0100489100127818 -0.0576443245943741 0.245476220156455 -0.26840657558631
0.0259305312763047 -0.0364518478689574 0.0404188806076663 0.170920052022722
0.0135345327273572 0.0307029765124885 -0.269955277205117 0.0642353748788026
-0.0425304783153481 0.0363567648564096 -0.150923598058528 -0.331445393060499
-0.0506271760351583 -0.0127551632385389 0.337251280783983 -0.168853063213755
0.0209656553151758 -0.0520269266459252 0.150736889949921 0.19337312015064
0.0752716910061297 0.0130962912304179 -0.18080692003838 -0.019732543967552
0.0616570370903572 0.082884665541992 -0.226928890574108 -0.333742743521484
0.0695773663523848 0.114278892423207 -0.299973624795335 -0.339520774909252
0.104295616978335 0.0139397345016172 -0.386442378027314 -0.0427690031796074
0.0439868294641161 -0.0679958375975532 -0.120283398567696 0.306617852677832
-0.0664769312807778 -0.0470256743002475 0.193962545019216 0.0749191857631751
-0.0489797248179326 0.0661156473004594 0.0414877100267831 -0.151778877459029
0.0791750924418351 -0.000970504963537967 -0.0402342481463035 0.0301340290660634
0.0561483121285245 -0.0887428354928356 0.0507379695055842 -0.0242177028231534
0.0230613715149324 -0.103561798266253 0.266287823326448 -0.236757863758476
0.0727997954815531 -0.0565126529652634 0.0369904497268434 0.155208662084784
0.0105206681126465 0.0639790904895846 -0.291786368229702 0.0386893601952347
-0.0808955845145259 0.0250498049967197 -0.14592586955303 -0.370969092305821
-0.0434173891471488 -0.101646671192351 0.358181937115005 -0.176922825071974
0.125317437946266 -0.0903543179349278 0.150599369667957 0.172397223544152
0.191623230976245 0.089825107479942 -0.136401181986285 -0.0386398274132707
0.143600503266891 0.206653741393243 -0.183927015039557 -0.265741235966879
0.190389051115362 0.18782246352083 -0.304727618723727 -0.240443823087106
0.214100962726321 -0.0619061446502404 -0.37274169059713 0.0525224403173933
-0.0334368911150104 -0.211742423625991 -0.0498255766340065 0.350870432119499
-0.214139559507798 0.0262856021542507 0.211914921422345 0.0639957013300613
-0.000485370971042934 0.226064407955948 0.0823631253308297 -0.151128882144187
0.237331040713698 -0.0140921736136043 -0.0525686129991437 -0.047625667066583
0.128623705760043 -0.173357113532108 -0.0224470685227827 0.00170450770591471
0.0904181251796108 -0.153097585111138 0.274675439105412 -0.174158642137418
0.171002615040247 -0.0776181057572587 0.058742318375284 0.152482687527478
0.0500505473018162 0.117014305759109 -0.276026485897101 0.0412823697204224
-0.113821176248506 0.022527704771007 -0.120884703824449 -0.37114758113862
-0.00659457926399781 -0.189856326075541 0.364077834458731 -0.171553656774168
0.237834773563114 -0.0808463123001455 0.164788183910028 0.145088310794249
0.265808565586457 0.196325328568267 -0.0551812635847723 -0.0226322784091142
0.207730040963547 0.300900772641422 -0.115871731078737 -0.159267949624038
0.304694789864449 0.181224065840731 -0.253172260837002 -0.13373982680229
0.231591591841105 -0.186935097041345 -0.320136016430956 0.0923094292941821
-0.20221077497078 -0.213267493963861 -0.0163918311782687 0.362482693122517
-0.205103989351188 0.24365421018297 0.250371281352388 0.0688455011605138
0.197752961528082 0.278061552748061 0.114625544172877 -0.214767695100694
0.336859297634769 -0.129631542413735 -0.130856569427981 -0.119099115919652
0.137900126175901 -0.245010350101841 -0.116224770209287 0.0770623298888503
0.181367606293236 -0.17752328846945 0.243443931093387 -0.0838122830834731
0.303822409694147 -0.0346004477579188 0.0525960498440556 0.176902232691238
0.076893249304551 0.245267227956565 -0.255413053954689 0.079549549896613
-0.198183303690448 0.0289248325818189 -0.120607002782218 -0.296959515758786
0.0415496929355242 -0.280938273291816 0.301207723146583 -0.165755859223118
0.327407001956621 -0.0197197525105506 0.194464215983589 0.105382176087977
0.285240847528504 0.302981626879443 0.0452764201277866 0.0445460308057513
0.243699806606531 0.347501976214764 -0.0272589560875508 -0.0280799736697222
0.365286836514462 0.123319066951702 -0.150174864902182 -0.0638854990976076
0.187106774352535 -0.249080217278996 -0.298734577873357 0.0504169886643324
-0.217102231488463 -0.119764445266733 -0.0790562456660432 0.380561993447855
-0.0384290522496192 0.256542921981617 0.269075031139168 0.105576481406786
0.2632008332711 0.141250715996321 0.0953794783578656 -0.248618269747274
0.281826665051587 -0.214564142666859 -0.213961171823949 -0.114987017783144
0.0946355506486743 -0.254708192425023 -0.183644766274774 0.189309679033307
0.245902142004309 -0.148664582538047 0.15937937219253 -0.00323861886459705
0.338508502711419 0.0939152670608057 -0.00964756373199849 0.160446791521161
-0.0352998205357172 0.340209664100449 -0.243605257289932 0.0754059602871077
-0.284073257360141 -0.0632758145725915 -0.135151291556854 -0.230365606748523
0.117945023382057 -0.320327326901091 0.237191244352054 -0.1979278889542
0.336116520230232 0.0679642414816106 0.254352753057536 0.0845912296408037
0.239899829924808 0.35354713000296 0.1362377697107 0.158104850214101
0.239038942252301 0.336814909670689 0.0678822637600208 0.108976887967846
0.351692643956596 0.0660298961441714 -0.0341723330817016 -0.0395003105640396
0.152991776950445 -0.236258843819638 -0.308392982537187 -0.0125523644059254
-0.137169939914475 -0.109780128861606 -0.16162176993004 0.423078007428775
-0.00993417688308922 0.111831981227662 0.296251336585293 0.189781211352082
0.127402644771467 0.0543520559989452 0.128561493870004 -0.216620848031229
0.162294322629194 -0.162794231877402 -0.214501474317123 -0.0967350011821612
0.0453605246499595 -0.195181403170105 -0.202678767729483 0.28263407896006
0.236276753104937 -0.0781709775010321 0.0505922622650584 0.0335651339819948
0.227252092726795 0.176460375942158 -0.0417745996722269 0.07128683441076
-0.152377236358635 0.227649316528776 -0.163127397132744 0.0570175967994378
-0.182027973390798 -0.16293584750265 -0.122378733234556 -0.164115016884689
0.166664178913999 -0.234364919508795 0.217035299633384 -0.209862199423224
0.246972990651546 0.107864148520473 0.302582057575625 0.107156897594682
0.161866784046891 0.311897095514522 0.191786090160393 0.281296706305497
0.197946005640676 0.271860913796298 0.155020539110649 0.231695064707089
0.287127049023066 0.0410497078613668 0.072024329142394 -0.0317147117302186
0.132184272472111 -0.1879180162113 -0.282766496197325 -0.0811566403181178
-0.0854768341607618 -0.123814193853986 -0.218908411689736 0.39158668041261
-0.0478159123364434 0.0238348081866219 0.292024567852369 0.243659274485075
0.0106192346969589 0.054538874279234 0.193615467774353 -0.185112148177778
0.086184867444448 -0.0568692599872752 -0.166050741764351 -0.122036273131466
0.0216664972290859 -0.10647047743051 -0.195514551528211 0.321791032363793
0.156161693117097 -0.0159900909733307 -0.0343496930488767 0.0354275748911654
0.0984083025390688 0.141942246017772 -0.00385544276061303 -0.0111201990679702
-0.118162617703611 0.0782705690600564 -0.0859543664195276 0.101559428133941
-0.0390396408260473 -0.118038650605829 -0.141353366380877 -0.112224959339192
0.112771522446883 -0.109995765803052 0.204100484936834 -0.211467949767043
0.131352854075061 0.074658495154737 0.319886280098932 0.130430336354337
0.0924901709811434 0.191512717273581 0.22689375520143 0.362265088439031
0.126264253733681 0.168561812643653 0.217914846701722 0.319067288083926
0.183222126305727 0.0331611552184871 0.152927962810051 -0.0131544728702293
0.102996016523601 -0.114915013147603 -0.222604547930188 -0.155009908205914
-0.0394038947910488 -0.101940423875782 -0.281426960498213 0.29137892457841
-0.039159739716944 -0.0187598211456838 0.227420081558236 0.281113279260843
-0.0251558445744462 0.0399376249758068 0.235050484692249 -0.143167244477706
0.0447104872054921 0.0119306120899199 -0.119665942994932 -0.166299557897456
0.0187586708356698 -0.031041522161393 -0.187142433873145 0.315837961835093
-0.0253459075089572 -0.0151079071167533 0.224636006051272 -0.305996364607176
-0.0102127219930155 -0.0287075467268635 0.0790098317259819 0.169022846195921
0.0201398940182117 -0.0116148614845643 -0.237476823899538 0.115017335538321
0.00697255780171339 0.0310078990420495 -0.192793240961783 -0.296085131244668
-0.0158663202618521 0.0667295326587938 0.313851116990039 -0.223884435151888
-0.0611880226288245 0.0244330506249994 0.195510164346212 0.181710136015463
-0.0583005997341711 -0.0313191140175411 -0.182877971284303 0.0171776326772851
-0.0361744290142481 -0.0491760744695786 -0.254229318919903 -0.347267712141408
-0.0244572688011462 -0.0149617371407438 -0.283798944937614 -0.383855457554611
-0.0264640574107281 -0.000142133599819168 -0.367778611802803 -0.103668748642022
-0.00798250242974981 0.0414807249941187 -0.163882193330084 0.259529839597601
0.00518276630906208 0.0204761767785852 0.185150227635764 0.0999168708176237
0.0209124015177642 -0.0204101249439463 0.0511169622398815 -0.162464670035454
-0.031872347452089 -0.0620422614617756 -0.0332951686497727 0.0506721727496538
-0.0562786912455745 -0.0234709502495487 0.0742036283379618 -0.0338426312784026
-0.0128664953714589 -0.0579926899320654 0.238574646329743 -0.28377595456971
0.0249631840128588 -0.0390367320230668 0.0504771135421016 0.172721298360246
0.0150902634309368 0.0307526887479026 -0.272053558345809 0.079690884837462
-0.0423615466088821 0.0391395620674885 -0.168410705937775 -0.328670031597608
-0.0523362622283433 -0.0122332810984571 0.335112827597142 -0.1846204555184
0.0189481059867185 -0.0536422990530382 0.160266758676661 0.187933969264444
0.0782981495298517 0.0106130359776108 -0.184680193853856 -0.0159986664143811
0.0645162268374716 0.0832188430776456 -0.244169282588386 -0.333150811757635
0.0752877831967939 0.115177072753226 -0.316003261522999 -0.332226803128538
0.10538800105877 0.0111829883935557 -0.392552256350942 -0.0281263478413724
0.0413588295637707 -0.0699463263537888 -0.109592108020761 0.314674458444401
-0.0676469465190566 -0.0448157020102744 0.19960008001835 0.06802749615858
-0.0458582342128768 0.0681517190647463 0.0372278799818809 -0.155080560225078
0.0809603177294891 -0.00447225747125156 -0.0393441238338715 0.0316666310952696
0.0540975565727248 -0.0921929995029417 0.0499853020745253 -0.027056358743723
0.0187303349355371 -0.106091213661494 0.259743155473977 -0.253295464682191
0.0713461425190674 -0.060063963756564 0.0453011621014953 0.157521835687013
0.0140001035113 0.065878949691848 -0.296438643889618 0.0545829856309662
-0.0824437478554615 0.0284663812102961 -0.163576464726059 -0.369136827950415
-0.0482252509491857 -0.101984679584514 0.357458275412659 -0.192383694818881
0.123663036429039 -0.0978217022029635 0.159978201816858 0.16715305095481
0.198759533599864 0.0838913063432464 -0.140315381074409 -0.0360347007177197
0.154772151560404 0.206465058258836 -0.195918523177099 -0.265175644401106
0.202464728530154 0.185493959720621 -0.317245676320471 -0.232463728416836
0.216488131880873 -0.0713350626012132 -0.375553970761958 0.0686942967402515
-0.0412778701227691 -0.212771285786578 -0.03601367448723 0.357158145854626
-0.21525254052107 0.0357978989176062 0.217726009377489 0.0565289723669089
0.00979706696050463 0.229880593689298 0.0760208298660534 -0.156753239660977
0.240124958843997 -0.0247957684318111 -0.0547483523932659 -0.0457602587260885
0.12361468179928 -0.182213693478148 -0.0233281152592916 0.00199146309499653
0.0856830359840815 -0.159223648878696 0.270902028841679 -0.189623208818638
0.17112295920221 -0.0855233439330503 0.0656322102472036 0.152534828813225
0.0549884573908444 0.117413962796272 -0.279889163285324 0.0545192480283895
-0.115636058977986 0.027112368266746 -0.139772603724644 -0.370603922937945
-0.0137015257284346 -0.194582718415966 0.362899690856262 -0.18978054995491
0.237776729078876 -0.0919265517674484 0.173369459626406 0.139110544248347
0.278985361864685 0.189030446322589 -0.0565300901542055 -0.0231180943508393
0.225429502443121 0.299864075810211 -0.122968120866438 -0.1584465624652
0.31807021652305 0.174801312079746 -0.260883248226948 -0.125016792975665
0.231106140563678 -0.198355377242518 -0.321881188607805 0.107036008880485
-0.212324300360992 -0.210979875521632 -0.000605819370175633 0.367904695879702
-0.197690798721858 0.25398742169408 0.257885486481737 0.0588100089730717
0.213285170895642 0.274069581128206 0.107288102070575 -0.222703896445823
0.336765215338015 -0.14863808380223 -0.137145612973211 -0.114967732753404
0.128208169388036 -0.255171185326605 -0.116072001375998 0.0833019927830458
0.176522247608325 -0.188779461598233 0.243695609016925 -0.097359383532463
0.307931826077448 -0.0468348773478317 0.0613542087818937 0.177633702962233
0.0893949159460583 0.246355706660675 -0.256997932894439 0.0943578811499751
-0.201311190186984 0.0352906576008215 -0.134646715923049 -0.297061299454961
0.0312173966135722 -0.288332050379452 0.300348407395204 -0.180814985500303
0.333971208719234 -0.0321201756882854 0.201187577787962 0.0979816352075473
0.302678641689825 0.299483014937703 0.0491486008648607 0.0411028809480069
0.262304958846062 0.344665441599727 -0.0283475287631031 -0.0279744115031017
0.376380545517061 0.113733791888134 -0.15443804961746 -0.0574926292051425
0.182648973096217 -0.261526422651232 -0.301434084816507 0.0641252092765649
-0.225907272093471 -0.114298113949967 -0.0634782414896466 0.389891448967535
-0.0296538331555899 0.262377699486484 0.278595418679612 0.0958614401260627
0.273826189192383 0.131842310645993 0.0854558596749952 -0.256193897688253
0.278082051823922 -0.230729751183413 -0.222028132098669 -0.107397834179328
0.0837206345241775 -0.262673859145636 -0.178430273933593 0.201315638344826
0.242042450758021 -0.161284731228043 0.161091034619006 -0.0105941959618015
0.349226719151887 0.0812137976597517 -0.00237127113491433 0.163921280768449
-0.021709896087469 0.347083374096516 -0.24446630325606 0.0875513087411728
-0.289487881561863 -0.0540384035418744 -0.146260777735209 -0.22832834687185
0.10841044093179 -0.331475765987629 0.233557819055847 -0.21053069545422
0.34461907543942 0.0587338492742417 0.261429605081536 0.0750783896895903
0.256698924102761 0.353383834065304 0.144672294578915 0.154336307203537
0.256179034679472 0.333389778988452 0.0733869478266942 0.108506204286936
0.361385030675453 0.0543838942426338 -0.0345830578111247 -0.0364870548428528
0.147783294541907 -0.248533224687524 -0.313187816719604 -0.000187056999754577
-0.144835518870439 -0.108369809731212 -0.145281058203168 0.437836233598134
-0.00663639205305383 0.113128455771733 0.310181993718368 0.180933492193905
0.131244278423567 0.0500190897411498 0.120927389670932 -0.226301428846008
0.158898857851446 -0.172301328012588 -0.222182487149863 -0.0882165626075809
0.0377332905639784 -0.200867600598211 -0.194444449037672 0.296757007698028
0.236096810132855 -0.0902656157381646 0.0520609981332759 0.0323192810114638
0.238629113476664 0.168138698052812 -0.0387614421645607 0.0750944088820168
-0.145391619868982 0.2373650356551 -0.163182862708398 0.0650142484451497
-0.191062742449562 -0.159726594384507 -0.129821264876071 -0.161787816313879
0.162027265294002 -0.243902255364449 0.214040187454225 -0.22149766532319
0.25631469995398 0.103720533809629 0.310670598184549 0.0968487823428243
0.176935473835939 0.311869489804136 0.20499917702733 0.277445353129759
0.210531943018198 0.270191878684181 0.166070993801178 0.230043728288502
0.293705711156454 0.0302475570264002 0.072979242075871 -0.0314012512551996
0.127388511338484 -0.197448543221216 -0.289573178899852 -0.0717685578016115
-0.0928048315113915 -0.124211778676755 -0.206057259723125 0.407015978497479
-0.0494392698406573 0.026010593781029 0.308206536348104 0.237057257945578
0.0133641277298128 0.0556878768983086 0.188476624163981 -0.197819437269729
0.0847384591124428 -0.0615460153669164 -0.174937829043204 -0.116649466191762
0.0174129064232967 -0.108655826518127 -0.184720255749065 0.33596724051843
0.157954266361849 -0.0246370366562233 -0.0345753852873641 0.0362223356291304
0.105874114987402 0.139265320725728 -0.00494520558532911 -0.0105054637481519
-0.11653667218093 0.0850961238129942 -0.0843418151748417 0.107671559477051
-0.0437545692299678 -0.119865192214599 -0.148222524145107 -0.108267701285741
0.110392916393516 -0.115770330768464 0.200245431297122 -0.22061956086274
0.135890075039814 0.0715870561748835 0.32981849947571 0.120097555657607
0.101644718909303 0.191677468968333 0.243346784634446 0.35759313678808
0.134651035327328 0.166307238604662 0.232920889580557 0.317228034503995
0.187829337703904 0.026099276463889 0.157962397785582 -0.0163655878230054
0.100502685783986 -0.122203302262697 -0.230836225475718 -0.14815865204039
-0.0454026966269656 -0.102292169616482 -0.272055070449495 0.309117651522332
-0.0415487762073196 -0.0183257946211359 0.243849697317246 0.275548317401074
-0.0235795896497422 0.0420943161939995 0.231469471879002 -0.157571638368003
0.0457096648628346 0.00967682155824152 -0.129050563742835 -0.164089945189166
0.0191443746456786 -0.0322105020814889 -0.175783640008638 0.329920864023957
-0.0260307712653196 -0.0139307511137042 0.209526736367761 -0.317385610875172
-0.0110164921416028 -0.0293382702873863 0.0885751219474957 0.166248942380741
0.0190241220821279 -0.0131265055252781 -0.233180550140371 0.128874009924214
0.00748738848499649 0.0310860516597251 -0.208807974761057 -0.286224471049569
-0.0132405757713603 0.0682488114271256 0.305523344764236 -0.2381371807836
-0.0596731342583466 0.0276074964844465 0.203612711534185 0.173150027638152
-0.0594130331374588 -0.0296026033320487 -0.183310913889155 0.0233642776840481
-0.0384399614025715 -0.0474997334638152 -0.273692053189957 -0.339742879933253
-0.0228898276933673 -0.014141238285608 -0.301153783705768 -0.372915689765765
-0.0272647484205475 0.000722867340902576 -0.372666038981608 -0.0865350207083281
-0.00688880783405904 0.0426297206500482 -0.152502425236776 0.266217380921314
0.00637578546021742 0.0207799250940046 0.189723130896059 0.0912927929861156
0.0191876808640755 -0.0216214632078129 0.04401909374068 -0.164521150433176
-0.035431373714289 -0.0606028806847137 -0.0298855362439202 0.0534067238895837
-0.0565576814451624 -0.020903605064552 0.0721900496214233 -0.0371004593628418
-0.0157979773557325 -0.0570192555211325 0.224036891864549 -0.297139682193519
0.0237292456722408 -0.0409858216122659 0.0592369766101206 0.172285599417821
0.0156029870148815 0.0303803370092807 -0.269787737519257 0.095311725600085
-0.0418993952332577 0.0422222023791989 -0.185929533557013 -0.320698294200908
-0.0539657310553757 -0.00915235638632717 0.328143313627711 -0.199321745997197
0.0151585738449665 -0.0552682309225343 0.168586459977977 0.180676493066165
0.0803544244578314 0.00702246700504626 -0.187272970182839 -0.00934674160007495
0.0690903309714277 0.0829715760792782 -0.262151153766342 -0.325528728708659
0.0829827385470676 0.114598191780905 -0.331485726941827 -0.322623041116306
0.106154068186127 0.00666865375030826 -0.394095516089182 -0.00859164708425465
0.0390231452711047 -0.0706201106868462 -0.0947311838386339 0.31977264878194
-0.0705632850310408 -0.0402611796506364 0.202772146684762 0.0592053097848055
-0.0425812296981738 0.0702985218936823 0.0285448700803151 -0.156557740449843
0.0811572120316978 -0.00834980006206795 -0.0370008183723979 0.034166513955981
0.0493075867543816 -0.0963746106926245 0.0478629154624789 -0.0305377605466418
0.0146124820713429 -0.107642935061464 0.247525189378304 -0.266899396091976
0.0699467482798905 -0.0638608877707523 0.053254619493273 0.156487298400543
0.0165795080946763 0.0654033970705769 -0.295084953431553 0.0722782181028787
-0.0830934187346077 0.0335931946495362 -0.184749119344881 -0.362396781670838
-0.0531105391294456 -0.100843738327073 0.347915437770748 -0.211664441464464
0.119552788941015 -0.104707730017348 0.16819715682074 0.160902012938657
0.203999663779808 0.0758552268505189 -0.143378130306558 -0.032451604182844
0.163835167823193 0.20122680923822 -0.211024262803796 -0.258888788953812
0.214365770643044 0.180262868166111 -0.329446762508884 -0.21872888890378
0.214934242046529 -0.0797563740838902 -0.373482957805052 0.0867717870639952
-0.0500832955502219 -0.211569791212862 -0.0176542340945178 0.361700364760707
-0.213936201273476 0.0468648998127292 0.221138135073054 0.0450314747928055
0.0218114450168271 0.229432296993231 0.0688721297321612 -0.161451999567258
0.241005080671371 -0.0386953435224078 -0.0566978954760568 -0.0421386241363155
0.114505605696255 -0.189313282768456 -0.0250343279443875 0.0037748841720933
0.0779758365434975 -0.163752681224142 0.262406736495197 -0.205927777854525
0.1674437856646 -0.094162386254114 0.0742765850222197 0.150182013133158
0.0595749796386805 0.115178891947529 -0.278828488168707 0.0713259537036641
-0.116622976829839 0.0317258175320574 -0.159031027320924 -0.364450644427446
-0.0232280122863127 -0.195952753407666 0.355217031133745 -0.208368000860838
0.236177039098707 -0.103434870536326 0.181494290732899 0.13094050783925
0.29059235314876 0.179807204553997 -0.0578201895263845 -0.0232904454400487
0.238762690308436 0.294130704449829 -0.131039208126671 -0.153865579314466
0.32933574198446 0.163918005342055 -0.267205227764434 -0.112620728438943
0.22504484571284 -0.211426185184189 -0.318769058519385 0.122733153110944
-0.222479825698446 -0.201730358806432 0.0168976594013846 0.369239797749185
-0.185308136529359 0.263983459237254 0.263958438841575 0.0463635380883243
0.229042349264059 0.264396495937656 0.0954069570012389 -0.229675975704351
0.331878928048802 -0.16735219417708 -0.143113057929421 -0.107488781162211
0.114839609983407 -0.26318753915323 -0.112989231881192 0.0908326327294156
0.168066207552961 -0.199311214110609 0.239612091180496 -0.110965121891837
0.306689874075244 -0.0623102839811546 0.0708287755170305 0.174653547738703
0.0994265650297012 0.242899806235999 -0.253988132672164 0.107781396600679
-0.201199628786807 0.0430599366853799 -0.151096330008814 -0.291015882839757
0.0195754881643008 -0.294313452826852 0.293365701515166 -0.196899998170191
0.33450409592157 -0.0467962337397891 0.207280494228695 0.0880039192550429
0.317612543283875 0.289906679598092 0.0505752972507087 0.0380703444074631
0.280781480366111 0.335571651514939 -0.030545279540753 -0.0262174316133195
0.386151278153042 0.09878897766211 -0.157180339091482 -0.0481782444547841
0.172568946058015 -0.273325958897119 -0.300658343610563 0.0799268746349436
-0.23241763411799 -0.10614068220285 -0.045187123036232 0.396130676258218
-0.0180258452754859 0.264346282144607 0.286729709886889 0.0843015700082856
0.28166411035277 0.117650491944286 0.0739499048186784 -0.261883344706956
0.26822889217229 -0.246302595719721 -0.227757013042579 -0.096141302760694
0.0711012908837964 -0.268638878150809 -0.170872476814905 0.211673330183809
0.235109143298276 -0.176057979412606 0.161192870442176 -0.0204621887688069
0.355519500584988 0.0638065412752689 0.0064736982332373 0.16430057500398
-0.00476393857762431 0.349526718641631 -0.241207122742591 0.100811212586305
-0.294093908809596 -0.0426806367050341 -0.157551038871217 -0.222771490950696
0.0963580676727156 -0.339118117750767 0.225278270825272 -0.222302656678628
0.350949313033789 0.0444132170861927 0.266800684081492 0.0616130712732581
0.275078660099899 0.344635945484353 0.151694213230408 0.146005980740405
0.272732197678907 0.322722201379579 0.0782298241236652 0.106151781153546
0.367779928099943 0.0389057312409975 -0.0355561366905009 -0.0325394943929309
0.137935150668399 -0.258821179777805 -0.31393596016389 0.0154399174076935
-0.151932924042009 -0.103491416783119 -0.123954961544454 0.445896271661221
-0.00285290672643605 0.113972818672014 0.321304501588642 0.165928764899413
0.133922392554658 0.046174676159785 0.109814806403942 -0.235198364064943
0.151295005611066 -0.182649736793246 -0.227752484270349 -0.0762463768683715
0.0279819215950641 -0.202966072997045 -0.181109921740634 0.30925171580861
0.233332945373546 -0.103019266118182 0.0521006140382237 0.0289420130184655
0.250433021146373 0.157563076517155 -0.0345693136477809 0.0775985731750328
-0.133842860594208 0.246960364369652 -0.161453588354469 0.0738400235788955
-0.19832992996163 -0.15209087569693 -0.137561833919241 -0.156719263749426
0.152554541548498 -0.252903623377085 0.204258793871534 -0.233268601651617
0.262717865618779 0.095930454286716 0.31729186150988 0.0829055621188191
0.192709275259331 0.308746110714266 0.218690763465066 0.268983185369757
0.22411443654708 0.262944295339783 0.177250683394348 0.224490898145058
0.298448862363168 0.0163666811837931 0.073859923195962 -0.0324014200512565
0.119789169820355 -0.206654521275789 -0.294366194056089 -0.0575850197680326
-0.0994505085530829 -0.121939096547992 -0.186087873331455 0.420771543810553
-0.0494618325499939 0.0285789514205023 0.322205770407592 0.222115709648395
0.016507632493757 0.0570517299943965 0.179720533018782 -0.210448747828437
0.0825151720785142 -0.0666053890221999 -0.182715616554901 -0.110014049493867
0.0127611998026996 -0.110399082189099 -0.168195682408167 0.346936977041633
0.15905392816956 -0.0325291757032672 -0.0329839740522791 0.0382651070741801
0.114825425190257 0.135291449912077 -0.00601018974004529 -0.0105517614579684
-0.112586471477859 0.0901614366784755 -0.0806364812642982 0.113174278599992
-0.0483813690104708 -0.118975222213722 -0.152813388449385 -0.102077707158466
0.104912769405662 -0.120342220902568 0.192330354480706 -0.231993045923911
0.140453645895572 0.0678267768114735 0.335711090272428 0.105650874731609
0.111670291163994 0.190701530874593 0.259645816340394 0.349142320274715
0.144797422775197 0.162241469540529 0.249418457758619 0.307832591141128
0.192073826223874 0.016898517012022 0.160103616058825 -0.0213930587684201
0.0961972829418706 -0.129205520948171 -0.240060327235741 -0.137709035409761
-0.051087655347906 -0.101438946614989 -0.258788300534198 0.322104571116401
-0.0440524120654825 -0.0149564748536499 0.259690618464936 0.26538429338958
-0.0220184195039959 0.0450342062148985 0.223955673821536 -0.171879941993659
0.0472067024326865 0.00615105860211166 -0.139045568171824 -0.157492069361237
0.0180177475010156 -0.0341504502781893 -0.16086961781292 0.340085230629311
-0.0251702394796791 -0.00872087256948508 0.158307757453573 -0.346076804253456
-0.0147505447122313 -0.0280483694127993 0.112456519071951 0.151965448024899
0.0172882476528232 -0.0144855471816937 -0.20977318722455 0.16198832705828
0.0103729490010087 0.0307424101942909 -0.247317014015723 -0.248211137214758
-0.00277985997565858 0.0685111743163828 0.262139539765996 -0.277248480103507
-0.053522159976427 0.0348817135983223 0.223050208986783 0.137913094019986
-0.0611779110840483 -0.0189946393299687 -0.177692546378356 0.0480200097998321
-0.0441259419916649 -0.0389808992779241 -0.31813933576641 -0.295814326817277
-0.0238387247533189 -0.0117323320745562 -0.345946721028021 -0.322660412734755
-0.0280618319399255 0.00503196531025166 -0.372976442394338 -0.0316492582338879
0.00022480462788764 0.0434650949449036 -0.110557640916789 0.280559189904623
0.00988401264617405 0.019023776787135 0.196772516839376 0.0627380055542687
0.0143577617833971 -0.0253136994552823 0.018710726036175 -0.166079301865821
-0.0429783911774612 -0.0537737300577703 -0.020117087741038 0.0569789934847693
-0.0581426406135932 -0.0130067084049512 0.0646049693450147 -0.0468779266809957
-0.0209237913835517 -0.0508339406673647 0.174476978554399 -0.327037615418695
0.0183857092466282 -0.0449317015447012 0.0846767186942194 0.160675353702523
0.019930293565364 0.0285335189332986 -0.249656109499574 0.136104283365711
-0.036524390710817 0.0488008161743647 -0.230675236247441 -0.286359483746485
-0.0545485821042999 -0.00222662586495606 0.289747523200263 -0.244602034477826
0.0088926936655003 -0.0567182212209883 0.190540423016127 0.150921908725789
0.0806646009208461 -0.00323828454952589 -0.185112754984912 0.0163624110563367
0.0798238440299537 0.0728217394221106 -0.303967835277347 -0.284883846720909
0.0976771531306445 0.0996032505509151 -0.369869003632916 -0.267308289887585
0.103059437094374 -0.0068682205978757 -0.385654316098217 0.0488089948338882
0.0298572940930873 -0.0735515668020631 -0.0470874572537497 0.324630642727421
-0.0720968230466643 -0.0303888319669617 0.205627148901989 0.0294023540943754
-0.0322772913587619 0.0742528193206304 0.00711208664860381 -0.157032473294497
0.078118126253682 -0.019776658012233 -0.0299758744477361 0.0386209250473193
0.0353806574640085 -0.101338192265542 0.0392535969676401 -0.036027030823612
0.00125668453295766 -0.105205500061706 0.202517939845696 -0.302156042170715
0.0604588189530373 -0.0734003250191215 0.0756676239454641 0.146472046294808
0.0263792677837673 0.0636295637769913 -0.278623654374271 0.116561460895332
-0.0792333963641379 0.0462858894463097 -0.236616282656571 -0.325794898033434
-0.0682035623565195 -0.0922030453561759 0.307411227041104 -0.259262847402561
0.102838155233026 -0.119466377536217 0.186300821531234 0.130513640018199
0.211249685680247 0.0467036802322322 -0.145281551110583 -0.0127212410939458
0.190468608024919 0.176595954911963 -0.243388317816162 -0.225669967003292
0.235447419984151 0.146375731390764 -0.354393794174001 -0.168965491485669
0.19902264354599 -0.10810987891073 -0.353448865458985 0.140775189264159
-0.0781592243536763 -0.198946992311433 0.0361190772628102 0.357054248661875
-0.200217599761013 0.073269292221084 0.225525044808205 0.0137561700555696
0.0547234758252009 0.221140156178697 0.0446613975466268 -0.169638977805261
0.230143193615462 -0.0720493718071086 -0.0642865114089555 -0.0349828676516528
0.0857485502409928 -0.200212686004535 -0.0274760318552138 0.00945139971448462
0.0561597016969776 -0.169247382213384 0.22600394989043 -0.243714713173389
0.151301617460794 -0.115580442485812 0.094739113002302 0.136739919022688
0.0750059430532961 0.106130258409925 -0.264011066970843 0.113260946109568
-0.113008488960737 0.0472464658302918 -0.211030268648607 -0.333820717950161
-0.0521210489189314 -0.191590341162058 0.31304453159293 -0.258715672182657
0.217432705560787 -0.134940460116414 0.195240740646287 0.0988638319663507
0.309489106546796 0.134804880510522 -0.0615048584568823 -0.0155205895151499
0.276136738369734 0.254810697416213 -0.151194853150675 -0.133760779008769
0.347003744013004 0.115411699170084 -0.278314989023271 -0.0726471827712779
0.1911957828007 -0.236061073569672 -0.295672972884951 0.169085469872483
-0.243586634095427 -0.166611266205159 0.0721992473362082 0.361353985680016
-0.145000935982915 0.281674137987124 0.267367857521842 0.00513708905859124
0.261736769745644 0.224527722576154 0.0582331373109608 -0.244215129117383
0.299615666133857 -0.210296422933198 -0.160116632252752 -0.0849018199253651
0.0743165826451809 -0.271285517709366 -0.101315568384646 0.106767770260071
0.137708946673398 -0.214956651622303 0.217193812785323 -0.147806598466458
0.292561669820128 -0.106320970534681 0.095106347347896 0.160839081859315
0.133323309382729 0.223877718325277 -0.232190312642424 0.144707038378755
-0.193770883991354 0.0696545167924512 -0.19216490768416 -0.263543705928479
-0.0222424262150874 -0.292837903144236 0.255145211643339 -0.23877247986078
0.323723747070229 -0.0913474493591549 0.215892724620654 0.0532780595481019
0.352459093899073 0.238028453081485 0.0552092533452664 0.026730348249038
0.321716060109248 0.290380121836826 -0.0338098787048058 -0.0211213619219098
0.392019561349536 0.0422018193163804 -0.160580806500365 -0.0254562879722572
0.131242854785284 -0.291495079002733 -0.283616897945824 0.124574060575857
-0.240749394518354 -0.0738873726800314 0.0157170345272188 0.395438441880176
0.0196192076227493 0.260088882341191 0.294930355124812 0.0384517115619182
0.293579966655505 0.0751612270202552 0.0303738449118388 -0.271132655785132
0.224373089061784 -0.279084557062537 -0.241841585804977 -0.0597695129304631
0.0303606780910024 -0.2688452952793 -0.137484034934039 0.235074782666739
0.207612098262828 -0.201662838008632 0.153679321444425 -0.0453041640545192
0.357827488186542 0.0118933509540185 0.0300534247074146 0.159604894347326
0.044394442609179 0.344319910964381 -0.220285568874124 0.136937858375896
-0.294759553348281 -0.00172987970655764 -0.188719278986782 -0.194392703405026
0.0465028170736431 -0.346031723473799 0.18533699794109 -0.252288571755198
0.352017472909075 -0.00316101210607401 0.268723383460528 0.0218660576240108
0.31901542848621 0.297840979139263 0.168869518286932 0.120208975881797
0.314580781602915 0.278024417258107 0.0917666329595831 0.0937298583593968
0.364948608684002 -0.0130913997036883 -0.0387725858969515 -0.0256384131416315
0.0983081709408678 -0.273456187544277 -0.306064554790921 0.0636013327157123
-0.1632919921729 -0.0818320768140627 -0.0534256076475443 0.456756620997678
0.0139647045624293 0.111836863005216 0.339309484208558 0.113519724858828
0.138056500441364 0.0247097681296039 0.0713981755562469 -0.248185066659067
0.119917185777595 -0.199924884215364 -0.235922698539937 -0.0407353508127504
-0.00238168356327096 -0.198442263478064 -0.132539571976523 0.329788931217111
0.214167380180733 -0.134143213748413 0.0540936200134262 0.0199899172656936
0.268004252747491 0.119064994525087 -0.0230407081147395 0.0799181471077883
-0.0947734892514234 0.260917086310282 -0.147412833112222 0.0982210420334766
-0.215618248651295 -0.121745013099376 -0.160081366982872 -0.134782529821394
0.11332875930062 -0.269306281420686 0.165864628545129 -0.259364046057592
0.272399573884185 0.0590632360018344 0.32050207174799 0.0356201566906281
0.233097290711212 0.274732626222909 0.25195013091655 0.230415188720506
0.256788374547627 0.225982268801987 0.206036899746365 0.196611638282702
0.295120377162193 -0.0272984971828718 0.0688495047236007 -0.0406097676381348
0.0870152428976002 -0.22028118974935 -0.297633721694218 -0.0114806929037281
-0.115055006600393 -0.105834711718609 -0.120719129633646 0.438849935337141
-0.0427646042136181 0.0353868914640421 0.347389439549285 0.170082521011273
0.0238720882953777 0.0536089604442124 0.144069921076858 -0.234158491330006
0.0695239230716476 -0.077310154823215 -0.196387597608339 -0.0785638224812062
-0.00360232881297984 -0.105355859502129 -0.115331260664962 0.364092603703875
0.151027456427664 -0.0545667845415671 -0.0290905397300231 0.0424431722016725
0.131657420964037 0.116082237771236 -0.00736637099884796 -0.010574275079384
-0.0984347313084891 0.105820874043221 -0.062320194913961 0.124574123746843
-0.0644884460806863 -0.109607912093687 -0.164717674264595 -0.0807795001834065
0.0844233781373622 -0.132426637786934 0.1534420344149 -0.256560619110838
0.148464389704431 0.0472358881788332 0.342835500692156 0.0562904574514174
0.13805480980736 0.16702460309623 0.302681689208816 0.302715326529558
0.1634113985394 0.137560966647281 0.288927424424196 0.267650666632075
0.19110977988466 -0.0117311448235364 0.155420045975978 -0.0434385578355092
0.0743550081472625 -0.142073048420369 -0.255093966233025 -0.100215090041569
-0.065312660998548 -0.0928381016958974 -0.203537422943277 0.353774624328132
-0.0447640118292139 -0.00835609523538457 0.291193552963424 0.221027612996091
-0.0152033507186214 0.0457119595769806 0.193916920263724 -0.202564851067027
0.0444333579262276 -0.000887738956056306 -0.160409108352845 -0.132579087302074
0.0114991928728765 -0.030716928040027 -0.106788139578904 0.356123581255314
-0.0251681759332206 -0.00720875940250167 0.142982502255392 -0.347002077120099
-0.0165604213245711 -0.0274751995841216 0.117578335940033 0.145800316135151
0.0169623501338908 -0.0149029295269768 -0.199871800280424 0.167800073730126
0.0115618359610053 0.0307518271472867 -0.251734052009183 -0.234755819718836
-0.000955557120632698 0.06847401898964 0.248917992348532 -0.282221806900849
-0.051871738235131 0.03737034930996 0.223230589942418 0.128335786096393
-0.0597843800208934 -0.0168727346488441 -0.173637390610578 0.0514143339108288
-0.0437206716689258 -0.036497076243688 -0.325560708486134 -0.282930824068683
-0.0224533612023303 -0.0117432141567335 -0.351160524930708 -0.308071203367669
-0.0274649925546382 0.00644609697945693 -0.367526260616791 -0.0201695396474002
0.000981981474624484 0.0433800437145941 -0.0998910105139125 0.278230191041237
0.0108482000502727 0.0194189195461397 0.193841616316986 0.0559106895867358
0.0124992921459543 -0.0259847712745287 0.0132162395795544 -0.163954168256567
-0.043948012101296 -0.0520141773664796 -0.0158321229063762 0.0565382756433225
-0.0574297575352015 -0.0106529815762675 0.0618071808013877 -0.0477457244482361
-0.0219793051821906 -0.0496747527334116 0.161558484679668 -0.328914856245968
0.0164764073884328 -0.0438413698987337 0.0901185703254889 0.155909919043777
0.0213508161736042 0.0286960220372364 -0.240129301413815 0.144016664287551
-0.0347590618496446 0.0507461488265156 -0.236574744735061 -0.270938912073151
-0.0538502376593922 0.000677957820378255 0.276551549757192 -0.250597912004807
0.00746253536887863 -0.0565646883976641 0.192252161252631 0.142513209554341
0.0797579829807367 -0.00590824933171534 -0.183045919747587 0.0202287599054623
0.0813188786462257 0.069983482852811 -0.311631056783636 -0.271354332384961
0.101118404738801 0.0952428421075728 -0.37290712676708 -0.253941626146204
0.100785998263532 -0.00982075959168956 -0.376903214967675 0.058732048755959
0.027681741707497 -0.0721026422203985 -0.0349443428735302 0.32037534355894
-0.071354852228068 -0.0265675961102098 0.203214535055323 0.0225337151051551
-0.0304957620349403 0.074029677062243 0.0010199879287135 -0.153931256949298
0.0763368076963492 -0.0222747838444925 -0.0275155342736719 0.0386596521310092
0.0320165134956333 -0.100864086052969 0.0372478031628622 -0.035902810110606
-0.00287387797323214 -0.102296090054717 0.188960891632948 -0.305136846511734
0.0570745012578213 -0.0737484466822832 0.080383331029144 0.142345230457916
0.0278697320821127 0.0634918505856964 -0.26984842987103 0.126408984221987
-0.0774741304424873 0.0490019227370585 -0.244069377464185 -0.311797853536737
-0.0700881444386259 -0.0889091275058573 0.293234917814228 -0.266337982721957
0.0967454952849496 -0.121153223069979 0.187714082882953 0.121053793339987
0.211255130959219 0.0401069081901452 -0.143878978436505 -0.00945671854528629
0.194206913820558 0.169101279716035 -0.248106733546522 -0.216659873727489
0.240314502404353 0.137446303515946 -0.353692942638274 -0.156256064910524
0.19286194514627 -0.110805400944092 -0.343601937754456 0.151959614497078
-0.0820319228685661 -0.193637431972983 0.0468093232065452 0.350571683805269
-0.195073307211172 0.0793363076012326 0.223265990924562 0.00501905306769116
0.0619184634698034 0.215189591988644 0.0374625159326271 -0.168856905284661
0.223466418906403 -0.0803724353628769 -0.0636242692519097 -0.0322303367189112
0.0762605936605346 -0.201044174360546 -0.028490262326536 0.00946370118484433
0.0483845523890837 -0.167894624354266 0.213075206151358 -0.248541589387411
0.144823175673567 -0.119219308487692 0.0977006345952448 0.132414344055069
0.078215716170001 0.103396104689655 -0.254849581038679 0.12214480119402
-0.110699914768552 0.0508865344914973 -0.221584561643465 -0.321531124438118
-0.0563329928078587 -0.188405771411383 0.299353614920094 -0.266466592618466
0.209858192944928 -0.139960224895837 0.196540555044171 0.0896013308106134
0.310676817492457 0.124318449702309 -0.0613095480836674 -0.016190069502349
0.281583037688868 0.243349011170708 -0.152778790117478 -0.128282182845152
0.347726841020958 0.103593074212366 -0.276153551495384 -0.0634387823972211
0.182616161989178 -0.239671001448857 -0.285863531184756 0.178008889575055
-0.244745342489862 -0.157868722676873 0.0828542108386838 0.353272436468722
-0.133464960959669 0.283580974717397 0.263887335500533 -0.00454813957697763
0.266070821953653 0.213831063871471 0.0492291099703337 -0.242769354272668
0.287022519377067 -0.219442752097528 -0.160297434170733 -0.0777027931943139
0.0634214173818153 -0.27077433186324 -0.0967870245687956 0.109927151109949
0.12806421964043 -0.216955452738547 0.208927116734012 -0.154757836460685
0.285717641820845 -0.114607780572351 0.0987433415067309 0.155026451170218
0.137837705625945 0.217470330201771 -0.223769503835147 0.151201984344133
-0.189084119421914 0.0734638326989006 -0.198688752099577 -0.251844090555754
-0.0299043663199465 -0.289760083420703 0.243534052500917 -0.244518228234961
0.316821131264414 -0.099861423422714 0.214777643448822 0.0439727119848844
0.355112464340068 0.224547849809209 0.0542046574860283 0.0220748500776521
0.328129761102329 0.276234383467467 -0.0342355662748003 -0.0199035261590718
0.389726897935949 0.02965253989588 -0.158965279000276 -0.0185882321251193
0.120859291796941 -0.29392625973666 -0.274315312073497 0.134011988279316
-0.240744225723331 -0.0669351951143386 0.0305949860626193 0.389047457597014
0.0263565181175949 0.255013167412316 0.291959913138519 0.0271683610083285
0.291437893278115 0.0641397155906029 0.0205516021584932 -0.26900837328964
0.211847080579004 -0.283732168942036 -0.240294026838444 -0.0501109678761196
0.0206297102784054 -0.265783233131843 -0.127325180789867 0.236222213318649
0.196992304708998 -0.20843071002896 0.149238489382425 -0.0520247798792765
0.354367134452972 -0.00171411042445406 0.0366034835225722 0.155683967971146
0.0568642103978973 0.33740503565157 -0.211735586500688 0.141819199881436
-0.291248173431664 0.00674652376026258 -0.192965139983229 -0.185006594714761
0.0369646694636562 -0.343639520148063 0.174585064429809 -0.255341529958722
0.347565091420839 -0.0116674935871013 0.265660588768088 0.0106434298851612
0.325165238938727 0.285221834301769 0.169952475723873 0.110309047494591
0.318858109928062 0.266360405691326 0.0936078076367789 0.0906111056792239
0.360348569067052 -0.0264964703997798 -0.0377139489931685 -0.0221113908294257
0.086965091692746 -0.274166980911629 -0.299018201841875 0.0734831125381286
-0.164580324036205 -0.0759629689161515 -0.0374631535966361 0.452872679026471
0.0166431160928528 0.110153486059187 0.339641749599024 0.100170572080834
0.137421700074302 0.0209912945166266 0.0627009569365817 -0.247732790664186
0.111473842768333 -0.201641542720603 -0.23475415976397 -0.030457263374241
-0.0095360131336768 -0.194604503261445 -0.118657292168714 0.330825731660231
0.20639530530139 -0.140366892250078 0.0545433474862082 0.0174360990317028
0.268331910497029 0.10689614181586 -0.0195102823105403 0.0797713090771444
-0.0837428455587161 0.261933813034662 -0.140968930986785 0.102388392152714
-0.216296597018862 -0.113695044727955 -0.161832509057711 -0.12823765512215
0.102723034758782 -0.268833841902996 0.154361292782485 -0.262095040907977
0.272013135765582 0.051620344391329 0.317242545546688 0.0250922864526606
0.239423260471713 0.263527436863863 0.254542458142667 0.218103924786249
0.260287256109512 0.214601519307347 0.209293542437977 0.186584840621563
0.290506144949492 -0.0366196324294177 0.0688831597955604 -0.0413965137945632
0.0781520066396145 -0.222700791469644 -0.293378551816878 -0.00207646288440776
-0.11835955794207 -0.101069257696886 -0.101963613275075 0.435287035888005
-0.0426300395222906 0.0375824074345918 0.349499814439688 0.15400030804379
0.0250093434415241 0.0539343080973571 0.133363370649652 -0.237415313114085
0.0658017106712465 -0.0786672599824952 -0.195842802917578 -0.0713089128527841
-0.00780779220536405 -0.103890111703308 -0.0989583218547914 0.36420176959549
0.146544810047907 -0.0595687678887999 -0.0271147961039053 0.0435930158816153
0.13437783725429 0.109092126440185 -0.00741888853824282 -0.00993747676327466
-0.0898528403071364 0.108100036055853 -0.0571954891402546 0.125088802778704
-0.0664111016097741 -0.104911865920625 -0.165031759326649 -0.0744323040083544
0.0791715113853738 -0.132448276902114 0.142439334015375 -0.25840460074739
0.149337142596212 0.0430886563677404 0.338968166943206 0.0457144218716693
0.141212926444046 0.162263749325929 0.306403925864099 0.288984184548234
0.165396470074016 0.131132757974569 0.292367125273981 0.255576329159719
0.187564967411985 -0.0190370886569771 0.156157446273757 -0.0459182647081723
0.0681185138589 -0.143796541944282 -0.255026795974089 -0.0889495013510056
-0.0683817166183128 -0.0896957885508735 -0.189460297195681 0.356480744339575
-0.0446988959993344 -0.00521309571063731 0.29451280130414 0.207923946959432
-0.0134876081261366 0.0479383590562534 0.182747069357179 -0.207262161855022
0.0441243292426052 -0.00296862243001291 -0.16355650893461 -0.125211186907011
0.0094804617723521 -0.0319091347164411 -0.0928111791566803 0.354238810989294
-0.0245555415946083 -0.00675345459257507 0.133342237969959 -0.346561469176993
-0.0173198929395031 -0.027593139736447 0.119068472766395 0.141353943986843
0.0160190412191848 -0.0152543310624457 -0.190622041816432 0.170712528839387
0.0115849277412196 0.0304692256469562 -0.251253635070962 -0.22345804718331
0.00185613197569959 0.0686020478599925 0.237081977149655 -0.283300453192986
-0.0497927700647681 0.03774982136525 0.222832314726848 0.120222730786768
-0.0588871128898022 -0.0160203188070357 -0.17092028414055 0.0527426684115226
-0.0443577558244905 -0.0350057208676512 -0.327105167173361 -0.270189092485204
-0.0215470122659325 -0.0118796429662876 -0.351483812104928 -0.295858296433362
-0.0269612862027946 0.00708544176955251 -0.359451214332967 -0.013853795070659
0.00241176779678379 0.0430555810046033 -0.0929639607416486 0.275033761964026
0.0109211472958735 0.0192143827088017 0.190591454934451 0.0516110376113237
0.0113885151951085 -0.0252482374280563 0.0101441276961119 -0.159819827111938
-0.0438547050990663 -0.0502843373426707 -0.0139738190581361 0.055445036321145
-0.0562801802886515 -0.00920512415902907 0.059735312286047 -0.0493253412930507
-0.0227317032311122 -0.0476088892656516 0.150231653246782 -0.327868127151165
0.0147032437367892 -0.0435838744557481 0.0927916151582274 0.150662338918502
0.0218180360961787 0.026991506729157 -0.231104238072799 0.149260925966532
-0.0324343025644273 0.0521653023566873 -0.237898022083296 -0.259348576933102
-0.0527789304756994 0.00285537279895412 0.264394746084143 -0.252696725780212
0.0051341244563137 -0.0555977933244688 0.191109984546723 0.134062431450846
0.0802017848538496 -0.00857473014749577 -0.180357015923274 0.0229369833553767
0.0817016636430388 0.0680238989840373 -0.313426474574012 -0.259751620439029
0.103002517711267 0.0914306967990036 -0.371727266529081 -0.242820565269522
0.0995458320850158 -0.0103869491572487 -0.36710324153148 0.0649358166236557
0.0257578455923018 -0.0704729847028573 -0.0270196645666103 0.314577235070387
-0.0694696628367717 -0.0244702933234802 0.199570622174271 0.0176147750886601
-0.0274007449288878 0.0729150264536042 -0.00149006029712147 -0.151472465264945
0.0741515437234541 -0.0240328232735401 -0.0248727489438903 0.0387022552134185
0.0283101930389069 -0.100652302581488 0.0349553217613485 -0.0370922697111686
-0.00469443097205271 -0.10045003963324 0.175707167126849 -0.304853402803488
0.0534675732248902 -0.0741434080067315 0.0829902877997363 0.137466876738641
0.0293291036102994 0.0618624071339293 -0.261452884380141 0.132359305003573
-0.0749425021798412 0.0512559393874003 -0.247540723408091 -0.298665547650142
-0.0713471493891528 -0.0854887462983656 0.279576298436752 -0.269296673729526
0.0925892637416127 -0.123134654971522 0.187471990345136 0.111778679051534
0.208866543721374 0.0336640540490498 -0.142868525674532 -0.00789587965498993
0.194171516605867 0.16280125071763 -0.250622462053223 -0.208678435686978
0.239937886641637 0.131653144941478 -0.350858186763077 -0.1469650056162
0.187974024318189 -0.112663327354348 -0.332938736466176 0.157450376112418
-0.0827480416327235 -0.187434370542894 0.0543842037431678 0.342200175998824
-0.18840422746775 0.0831833674587173 0.218285176959879 -0.00162183912016097
0.0663867314280986 0.211371240861236 0.033066428709652 -0.166629306679152
0.217654867657864 -0.0849975855408237 -0.0622596387750359 -0.0298103014703562
0.0703107645861279 -0.199161012660456 -0.0281729498229577 0.0110316568606488
0.0444875281256524 -0.165366114805096 0.201921807911097 -0.251124392944112
0.139487053407733 -0.12014619346771 0.0988175588240763 0.127859846392377
0.0793888978006577 0.100244714018046 -0.246836329642925 0.127902867316671
-0.109774803636034 0.0533819087200514 -0.226335649881975 -0.308691570188491
-0.0594429712043321 -0.184433203791187 0.286718147900862 -0.269487942044202
0.202367651678309 -0.143442872122244 0.194715006073525 0.0809136887152776
0.309086077462546 0.116186380445712 -0.0615149803302381 -0.0166485878383315
0.282865212664216 0.23339631605461 -0.153005052607856 -0.122980914408061
0.346626334177057 0.0956701562749928 -0.271852118983545 -0.0553788157123283
0.176254408067994 -0.239569486336675 -0.275858945424438 0.182478992908101
-0.244447304926921 -0.15125492487984 0.0912318122590339 0.345733526663487
-0.125283838503605 0.280948439282142 0.259482956156414 -0.0112179683041144
0.265862757757148 0.204440311677588 0.0421810319106196 -0.238655652918931
0.275830322078472 -0.223788683236163 -0.15896220015463 -0.073347185058691
0.0539358078327093 -0.266654471268196 -0.0937762212626982 0.111569023278246
0.12054990104674 -0.216434971282006 0.200010749554645 -0.159352518566266
0.27541807536817 -0.119747923687262 0.100646723575204 0.149754373650533
0.142252319204442 0.208921550735549 -0.21525364402181 0.155278166128645
-0.184625279941019 0.0769535132815272 -0.203078397163873 -0.242735655709278
-0.0349853317397993 -0.286342769981179 0.233465525401675 -0.246012236064546
0.310787600721071 -0.105888517325604 0.21106569468942 0.0360678685458838
0.357005210211264 0.212794948728063 0.053091264665663 0.0190856984314084
0.329104584061154 0.265113319249095 -0.0329775493238878 -0.0189509251487114
0.38552972183292 0.0211597207314288 -0.156068750016824 -0.0141400991435783
0.113203182470836 -0.292654431119628 -0.266307115136508 0.13886756792736
-0.237784041200536 -0.0617405472574047 0.039626073826984 0.382103995691786
0.0308420803155124 0.249531434296451 0.2889531592864 0.0188234756006033
0.288490200000765 0.0574161958420015 0.0149904123250478 -0.264542434049982
0.19964236618161 -0.285339502577189 -0.235842308907851 -0.0432042057894816
0.0134244422103965 -0.260743514611833 -0.119838076760303 0.236457828673523
0.187163649588535 -0.210047618189501 0.145286794918122 -0.0562801206736189
0.348099356731572 -0.0119784417820522 0.0393249397362288 0.15007647994951
0.0644046233209273 0.33023907457144 -0.202518341727658 0.145734787113551
-0.284867214448889 0.0137657949211984 -0.194312707920782 -0.176297562513806
0.0302464752397628 -0.341014912596489 0.16507588977715 -0.255004191847991
0.342810203105605 -0.0163421535063928 0.259651276442159 0.00238081357931889
0.326921900948142 0.274421646780502 0.167315824367574 0.103882636331595
0.318397494973625 0.25543407446689 0.0950854617130386 0.0862958429957428
0.35494384486089 -0.0326786456572076 -0.0352990825269389 -0.0200223374926627
0.0809339904219536 -0.273896633637039 -0.291449879641037 0.0799021303362161
-0.164726949590873 -0.0728273150909474 -0.0233299811999432 0.445452656767364
0.0186063362101022 0.107452124787405 0.337332081941888 0.0889120508999143
0.135748496556741 0.0195438266527356 0.0548876623678992 -0.245891715457859
0.103680417284026 -0.201215429300424 -0.23026331283639 -0.0245340551315976
-0.0145150425205365 -0.190323270632226 -0.107796615042871 0.329409978646554
0.198882880026983 -0.14293256503615 0.0526215814387041 0.0146158335624974
0.267644029997017 0.0979459141697689 -0.0178268954147983 0.077282616652212
-0.0753410215209773 0.257800035076819 -0.135527542928113 0.104215727273303
-0.214553040887088 -0.10716937403773 -0.160887549422146 -0.120932257112729
0.0966293861965748 -0.265265286399282 0.145694294564243 -0.261525765864747
0.270129997520395 0.0464816535924645 0.311600241236197 0.0170027262849667
0.241633564127942 0.255278377784907 0.252760982466899 0.208067182759123
0.260432661375224 0.206092501404828 0.210857066040064 0.17974168119729
0.284270113037635 -0.0436126971449398 0.0688290258937263 -0.0411746456097355
0.0708060488066118 -0.222161799050007 -0.289103722005849 0.0056361650585518
-0.120870880973805 -0.0978833518922698 -0.088813699005169 0.433168518509574
-0.0416458502921147 0.0386742577691409 0.346911180959821 0.141920432674632
0.0264470249566799 0.0541904780126766 0.125384445191485 -0.238558647064399
0.0626475824514845 -0.0791260466322343 -0.194717107305856 -0.0643869579723992
-0.00942906534680814 -0.101351937856251 -0.088304252467963 0.361099137741322
0.142829083510659 -0.0627953954197551 -0.0249899162991521 0.0435211591674045
0.134698769859403 0.103125353050564 -0.00798863856758984 -0.0105556912055487
-0.0860388508939799 0.108649656656487 -0.0534540982736346 0.124056733618671
-0.0678011333096866 -0.102165733757335 -0.162933946834899 -0.0705669831838595
0.0751343777222137 -0.130969581920767 0.135075493452812 -0.257286430172818
0.147928329634704 0.0396118047950239 0.333836800945462 0.0382313373873555
0.142493336159837 0.15546994396592 0.30657272514946 0.278403677110273
0.166035112674743 0.126881435999956 0.293759362997699 0.244247307844604
0.184609566655119 -0.0240286412301877 0.153812992638909 -0.0485896935652253
0.0628661793774342 -0.14533610718467 -0.25366552220235 -0.0809940974177557
-0.0719420558887653 -0.0868072011185985 -0.176156631303197 0.355527831977152
-0.0447469212777434 -0.00309445754269245 0.294587369664821 0.195364412259934
-0.0110846885932945 0.0487652133021934 0.175058562879401 -0.209483865230564
0.0436621711965765 -0.00405523643144532 -0.163776147004388 -0.119041410647208
0.00868886909127092 -0.0312594068669655 -0.0823336176169231 0.352699072056086
-0.0243375752334275 -0.00575177302246943 0.122826155262242 -0.343945415696781
-0.0179162163482672 -0.026371682789427 0.121607677872457 0.13582528814475
0.015768685566446 -0.0149372895525383 -0.183198703044153 0.174078156262648
0.0128318303178326 0.0300135527668511 -0.251626929562582 -0.212140802158452
0.00346007295561489 0.0680695162082783 0.226326930255063 -0.283623577706816
-0.0483814068490473 0.0388263652000593 0.221817221794626 0.11280937275754
-0.0576688850860677 -0.0157467635173075 -0.168227670831859 0.0547293006750848
-0.0433014324795303 -0.0331996076659527 -0.327171163315847 -0.257873317580327
-0.0201910836143796 -0.0124220765405855 -0.349893729740245 -0.28433757769217
-0.0269263219332019 0.00763615706928191 -0.351847758590219 -0.00668811258993529
0.003390141516475 0.0437311245888159 -0.0858173882774946 0.271161435508173
0.0115246984296312 0.0177901764602467 0.18826446149157 0.0471510305312653
0.010053863847721 -0.0254226169405173 0.00777204104344703 -0.157150982667148
-0.0456393640853562 -0.048741594238031 -0.0105077675335172 0.0547670700104736
-0.0554401314433313 -0.00751243405328738 0.0576051293690719 -0.0495890936713591
-0.024440982004229 -0.0462184822501381 0.13878368869022 -0.32652503359836
0.0130904772521336 -0.0438662421326557 0.0959037925503581 0.146758557500764
0.0230146774853259 0.0267469979430252 -0.224018640571749 0.152734584459148
-0.031115033584389 0.0529167761385453 -0.239556282802222 -0.24858314341805
-0.0514560390953273 0.00474211944977561 0.253742272213787 -0.255287669412916
0.00357528427839835 -0.0541996822001921 0.192097574021763 0.12636859582799
0.0779155590715272 -0.0118651888279827 -0.177672720201279 0.0243690499241229
0.0832932173216867 0.0659085112680129 -0.315170396975609 -0.249080026285915
0.104723511473236 0.0873925900617615 -0.371268055536293 -0.23307565037698
0.0978668457582971 -0.0109963104019887 -0.358337074539349 0.0718476459676118
0.0243872657604831 -0.0682802154711927 -0.0199782333491877 0.30996057359155
-0.068524209265371 -0.0213286861904967 0.196094078534249 0.0131864495973084
-0.0246463953036962 0.0729777420101167 -0.00417191375786566 -0.147491254834195
0.0725731783792288 -0.0266863166143866 -0.0217597758800714 0.0383664511235146
0.0257181359040137 -0.100194989908426 0.0327699120052917 -0.0367681385373185
-0.00676824424514708 -0.0979032295011729 0.166041341303585 -0.305313955639882
0.0510681763665237 -0.0733074833485044 0.0860526394378144 0.134121046419623
0.0299703660176874 0.060935368113847 -0.253626727613908 0.137400986214092
-0.0729288701275728 0.0537226905407992 -0.251883866881255 -0.284618733532511
-0.072036200540026 -0.0829258819091635 0.267370931257059 -0.271456768325198
0.0875577038529312 -0.122649445591121 0.186654088751504 0.10392772181337
0.207355119841603 0.0278283033626825 -0.142570213829665 -0.00636222653033252
0.195719588173879 0.157293133801408 -0.251386476448167 -0.200483305276741
0.241349015322781 0.124161507120433 -0.348688054914291 -0.135866484258242
0.183297411314982 -0.114579311319833 -0.324741635444854 0.162806178561405
-0.0858162507341608 -0.18281832551459 0.0629464679695756 0.336315632580293
-0.184922213456457 0.0878138705770839 0.215055974144964 -0.0060570752968842
0.0705146449473969 0.207012942847809 0.0290049631209237 -0.164404496048817
0.211854313099497 -0.0900820312693427 -0.0604194413508745 -0.027653962511573
0.0639587341993066 -0.199092327284388 -0.0279699076821837 0.0113897958191027
0.0388254392529364 -0.162942609738183 0.192246863078274 -0.252918930710641
0.133208797505617 -0.12225762090305 0.101707213194935 0.122231561149524
0.0813059661477534 0.0966058642099559 -0.240824054419857 0.132369652167682
-0.107392842625932 0.0554619836233172 -0.231878372222659 -0.298547795980062
-0.0632705409526393 -0.18248192209006 0.274312691719962 -0.274560024708097
0.195707655146963 -0.145510068048816 0.193106261579547 0.0728148042665006
0.307037864629028 0.107681690116601 -0.0618432762804729 -0.0175629879445571
0.283556474795407 0.225987284563449 -0.15432426270717 -0.117404221759628
0.345125354412628 0.0860402220123007 -0.269823352387529 -0.0482961825934437
0.170238300309203 -0.241913776069041 -0.267717615397246 0.186260054244468
-0.243368213765467 -0.144426832609064 0.0989586568789129 0.338346963372665
-0.115897572105373 0.280643568392129 0.255557994022823 -0.0188643438444917
0.268450050626542 0.195405814787327 0.0351816157201264 -0.237164930999426
0.265987960118561 -0.228990546764028 -0.157502280117303 -0.0679265450770091
0.0471548372137736 -0.265332945709903 -0.0896319369882639 0.113110224011347
0.113012428338973 -0.216312986683191 0.193208965565089 -0.163842101104932
0.268648882566194 -0.124309548663749 0.102890924983488 0.143656624808025
0.14399862491775 0.20311179632496 -0.208221185569177 0.158005569562461
-0.181605907778938 0.0783570080851529 -0.20534705124831 -0.232798525780444
-0.0402120125774372 -0.283614484091934 0.223467035993302 -0.248512850077296
0.30518178251183 -0.110080810084875 0.207960241144945 0.0295358751035309
0.355304662997735 0.202713872744846 0.0513954624994759 0.0151229331787111
0.329956557172105 0.255592555029414 -0.0334861406873288 -0.017641462915284
0.381931817183383 0.0110298305203554 -0.153009980737113 -0.00879375449953271
0.105735363496148 -0.293186496101838 -0.259619481781688 0.144478760515894
-0.236882878122752 -0.0562756677141835 0.049216833501085 0.376600615023195
0.0369652729933544 0.246760071730029 0.285905291127735 0.0101744134915746
0.285033488714804 0.0498156509704414 0.007733833309747 -0.262855586264641
0.189221023627678 -0.287211872426429 -0.232762079346904 -0.0362395040636803
0.00637752116805105 -0.257000862398867 -0.111726020611582 0.238338364206178
0.180410014163863 -0.211436483076998 0.140347680755849 -0.0599306953157997
0.341604462997906 -0.0200153740362642 0.0420256501834371 0.146295231929634
0.0718031576678933 0.322815326135275 -0.196476283787033 0.147436813647361
-0.280953731054226 0.0175978631157803 -0.195294217989454 -0.16930876904919
0.0237631999566255 -0.337827308259256 0.15625381245644 -0.256330747479616
0.340344309944434 -0.0228114765634159 0.255373526114709 -0.00313284967530619
0.328389840934827 0.264763220546051 0.165932335919709 0.0972562705553063
0.321290421513525 0.245953496616202 0.0954492770685392 0.0835639215672921
0.350627951523247 -0.0408411509424955 -0.0335317321575056 -0.018506968652459
0.0729272898870381 -0.273572689031374 -0.285239421231336 0.0868171785206393
-0.165074494800644 -0.0682633283876295 -0.0101596305990287 0.441155211936989
0.0197511463520539 0.105880367312516 0.335970806077757 0.0771585775462565
0.134421535129604 0.0165786653239076 0.0488457518737064 -0.24621279720238
0.0961338873477568 -0.201535101905152 -0.227765777816027 -0.019483259992225
-0.0187129387658507 -0.186557463740122 -0.0960519736011026 0.328486660122873
0.192446610596552 -0.147330567965423 0.0518076275222826 0.0117643397893124
0.265711499472841 0.0887254624265033 -0.0160269125809147 0.074838633317466
-0.066666069508531 0.254499023357992 -0.130782976276346 0.105480058723858
-0.212188405203707 -0.100782527400657 -0.162515456083418 -0.116885363814974
0.0914548252902729 -0.26310939620146 0.137057565882406 -0.262099044494273
0.269349945249276 0.042644357431984 0.307174590295747 0.0102348790276991
0.24266804437265 0.24666777724102 0.25236890406935 0.197831765959741
0.26150811587133 0.197586464755376 0.211217826210928 0.173163868172091
0.27986976127266 -0.0503748261836061 0.0699342713575908 -0.0416078493178837
0.0641972157355834 -0.222955155712702 -0.285634308907363 0.0120722366783405
-0.122969247662781 -0.09388872435768 -0.0754475397082377 0.428777882627926
-0.0411344661243888 0.0396358768711314 0.347142683127757 0.129747884451795
0.0278281769699689 0.054873625708121 0.116733740581927 -0.24028351988229
0.0601034576859455 -0.079637234400428 -0.194118390726469 -0.0598850294852434
-0.0122547030993885 -0.0995593201212169 -0.0781667440941544 0.358175014441117
0.138661700206605 -0.0667185310042258 -0.0255086529386328 0.0435054827880528
0.135240783450966 0.0980688119424299 -0.00878676778022394 -0.0106813431105625
-0.0806233542418352 0.108440931373157 -0.0494085323661227 0.123842423386553
-0.0687934352429218 -0.100277684941407 -0.163403504876027 -0.0667880155493224
0.0718753285184381 -0.130645864086272 0.12652013682179 -0.258399751986531
0.147265999112584 0.0367618395716743 0.330109929492027 0.0313523003807689
0.141843842737981 0.150954389083882 0.305194299852888 0.267827740085847
0.166761194496233 0.119812846767983 0.295769129837623 0.234212937105792
0.181152090575376 -0.028434329380238 0.154078734389935 -0.0511398551335645
0.0570252575512487 -0.145887795387769 -0.252196809834172 -0.0735205187885527
-0.0747120894107648 -0.0831865330768545 -0.163654978595591 0.354848560212866
-0.0457003178813136 -5.53868264363587E-05 0.296018341276268 0.184338083291203
-0.00934200117925282 0.0495550360230705 0.165501308441595 -0.212239333565223
0.042995262413827 -0.00588571839426149 -0.165508779258515 -0.113922450515096
0.00783832116384083 -0.0310090094999844 -0.0721802504682199 0.348259879845491
-0.0219829061606779 -0.0102255288695791 0.141955584540481 -0.333863868979504
-0.0148466967630669 -0.0270864180158448 0.111168920013063 0.142076421349405
0.0152564531322837 -0.0126247565547291 -0.191162683854121 0.16135571935099
0.0081282250499778 0.0289585755988075 -0.232497929567965 -0.2245476910031
0.00165920398993797 0.0667331839988728 0.240577844725942 -0.262837986399412
-0.0474986924683325 0.0353757960356167 0.209310740189986 0.125165767418281
-0.0555189994297428 -0.0184794348324637 -0.169490744019983 0.0400789269708399
-0.0404978996931311 -0.0356939264300759 -0.306214674446622 -0.276389872277084
-0.0203532793004234 -0.0169510959356812 -0.32400235088726 -0.304124549823947
-0.0290125570157275 0.00668295649911438 -0.343591418827032 -0.0336311845672866
0.0016645148835592 0.0439971781232454 -0.104178497999905 0.258830859434734
0.010850054626773 0.0188485298257041 0.179100266509294 0.0622686311775864
0.0101883235385192 -0.0240282408965898 0.0190549671567528 -0.151629896338997
-0.0406894811340713 -0.049955730523885 -0.0127580902960147 0.0523890310502534
-0.0548268350238251 -0.0122692549008982 0.0589720653071328 -0.0439865703454214
-0.0192638295505994 -0.049515164025738 0.158393901770382 -0.316086953595396
0.0164924824587966 -0.0406640532482216 0.0854541186779216 0.151266885613232
0.0192145103137193 0.0279042790885047 -0.230162568365621 0.136964958097361
-0.0358431542485788 0.0477336314998944 -0.218271956258335 -0.258733889045889
-0.0489978136389859 0.000467750962438977 0.264718269048028 -0.233213758768123
0.00891649100095265 -0.0521081952747468 0.179445956760998 0.135813618870522
0.0770449106592655 -0.00592073298241928 -0.177163983333747 0.0104623517826555
0.0770747064854631 0.071191218021173 -0.293920586092853 -0.268311099307536
0.0950130062197166 0.092401204925614 -0.34718761761899 -0.253787570730971
0.0938906334424929 -0.0018521428416604 -0.354924553243867 0.0443597259020866
0.0300906644651534 -0.0636382742043001 -0.0409233400604331 0.302290075603064
-0.0644516946436419 -0.0270264131400745 0.191164876670994 0.0283986335663784
-0.0306905383466669 0.068966223809867 0.00657417196646403 -0.143446218998246
0.0733159237846521 -0.0199410787100651 -0.0222267522115723 0.0349899650111151
0.0321847840260358 -0.0968905816705659 0.0342879106613197 -0.0331644727216181
0.00178247590033388 -0.0972451702017983 0.181279021340063 -0.293294454605753
0.0557981890866525 -0.0679496687097995 0.0766444027749887 0.137509251171363
0.0252974274534571 0.0626054109722005 -0.258734444719827 0.121362935791931
-0.0773638971972386 0.0465248989515018 -0.229233110590654 -0.295793498770392
-0.0629104719786451 -0.0881581065683814 0.279971922310542 -0.249431390152403
0.096484533332513 -0.113201500293314 0.175544389798848 0.112455280186293
0.201251679118388 0.0418115843130185 -0.139502523119336 -0.0173321694424739
0.181805007965376 0.170536828402865 -0.235518162340381 -0.215215092646496
0.227019223430987 0.139318024494141 -0.334095313256797 -0.157813256384911
0.187451274292979 -0.0964183558166331 -0.328175925534216 0.137194459474446
-0.0683388025342452 -0.185147867882623 0.0390510363454237 0.33376700754983
-0.185406169341668 0.07043451250078 0.212162823160533 0.00896671676632892
0.0544657374567588 0.207134007581546 0.0391205019954308 -0.158672056091638
0.213222392298454 -0.0728624372431707 -0.0571500526752136 -0.032211250206212
0.0769728089725456 -0.189024643388098 -0.028421799999687 0.0112008548929211
0.0513819680773462 -0.159839911095862 0.20558809544811 -0.242123609309335
0.139621885947131 -0.10981738280853 0.0929029094264224 0.126683497947934
0.070883044849579 0.101190792458731 -0.245440974639237 0.117547424072907
-0.111470892920291 0.0455909834821302 -0.209363281005938 -0.305754816355298
-0.047543278710532 -0.1859247541036 0.285542059171037 -0.253305767909594
0.205350362171641 -0.128021805906398 0.184092170126945 0.0812951215709343
0.294482892335936 0.126285748469434 -0.059970960377617 -0.022267009450888
0.26549395000982 0.243147854190655 -0.143872465970666 -0.126988562284076
0.332726582645179 0.109067946819812 -0.261436268234434 -0.0633128911499725
0.183696770747596 -0.222731663492157 -0.274950479074406 0.16608732660261
-0.225993163489194 -0.160954970643504 0.0755017736840079 0.339099967376509
-0.135199903805851 0.264474156549643 0.252528260464254 0.00108989411936805
0.24781239058326 0.208971543003484 0.0493515089740315 -0.229762356998467
0.274703174520714 -0.202498877795524 -0.1499284652937 -0.0765407956677819
0.0658630482508728 -0.253023028389475 -0.094283663010002 0.106231268631345
0.127892385528636 -0.205180083463688 0.199388488754561 -0.152441977834922
0.272285063524089 -0.104368530791524 0.0921314608933791 0.146859977916076
0.127591138892884 0.208604584124011 -0.21359442598887 0.143535667614766
-0.185942396565683 0.0622524546740443 -0.188095639305287 -0.242156740540197
-0.0185689957230235 -0.28388387458453 0.235021784153309 -0.231525982201451
0.309652716399232 -0.0849368149670499 0.203989575555573 0.0403292849941835
0.335754036452548 0.223691580792699 0.0486815209733251 0.0181777948996603
0.307501786058068 0.275514507008829 -0.0323487865893467 -0.0203638513364177
0.373658658431146 0.0402582498976661 -0.147650451154898 -0.0159892782608753
0.124965335491473 -0.279582937813598 -0.263725651485511 0.125191051224688
-0.22835122011067 -0.0744725735908384 0.0238288567563053 0.372211156084521
0.0165161357775359 0.241723324463205 0.280392158628166 0.0314308486022266
0.275400624941155 0.0683465258827875 0.024062592003147 -0.256800990663848
0.203955123862108 -0.265805998258798 -0.225875113261981 -0.0502470569841323
0.0281481213185385 -0.24900316792532 -0.125842853447372 0.225442344592064
0.191779715534351 -0.1961533991807 0.142230518200993 -0.0529042629237815
0.338496627814807 0.00247624629456936 0.032376563978028 0.145332905103603
0.0482579295694674 0.32151886162956 -0.201125826097203 0.1347529025125
-0.276392437125284 -0.00387740033665959 -0.183260943289487 -0.179231703108529
0.0479871647941516 -0.332351610831144 0.16983463631111 -0.24513577916776
0.339038100086418 0.00286818585318628 0.251676275111439 0.012986146
0.305644277935222 0.281718753328796 0.155900850954193 0.105627339869503
0.298933987300466 0.265865697524338 0.0869638426672255 0.0894713628385965
0.346801009449707 -0.0151869243577562 -0.0300356681473481 -0.0176233850491898
0.0884021354710671 -0.263872220274629 -0.284920771614684 0.065753287768404
-0.156787668813826 -0.0789515957752868 -0.0400346325610513 0.431639991015511
0.0109098789737823 0.103790986381258 0.325127902819665 0.100600124601159
0.12860198888711 0.0271970439181527 0.0631417340710256 -0.239618942153227
0.106877608843751 -0.187034470980077 -0.221438382845149 -0.0341673547997503
-0.000737905227529279 -0.18155951645239 -0.117347506005137 0.313745281638612
0.198239449869156 -0.131214972501669 0.0491284900919507 0.0148264052294276
0.255021031287924 0.105347430328117 -0.0209025836496988 0.0722824187312277
-0.08154889977005 0.246368313030736 -0.135412193678845 0.0970389610546888
-0.20141692360631 -0.116301041253436 -0.154413665858311 -0.125699522456995
0.109238843765379 -0.253447961476933 0.150913377638712 -0.252671904321561
0.265064360463982 0.0623424703251859 0.301121729658598 0.0320330031580817
0.222091214083406 0.259500300985801 0.232923532699884 0.213385940045534
0.245093336871399 0.214688368626489 0.196122580769795 0.185316603472926
0.279068773013028 -0.0306061813493079 0.0736945716291528 -0.0351370146381555
0.0764023373635251 -0.214444136370213 -0.280358970893887 -0.00647313722694128
-0.113695188762119 -0.100087620866453 -0.101476344071084 0.415711807056303
-0.0434801380047869 0.035894263026049 0.331187865970518 0.153101078115761
0.0224024188773191 0.0557023492411404 0.129668568223283 -0.229262600027819
0.061449157953991 -0.0712198986606589 -0.185575527656008 -0.0726441682110404
-0.000408781908853979 -0.0965449012783987 -0.099958286445286 0.346057823669094
0.139232529280172 -0.0570800367344468 -0.0277182313338352 0.0420306710030299
0.125707590077973 0.104801401999847 -0.00769407940758696 -0.0120583112743254
-0.0851198084500131 0.10158113958631 -0.057072390089525 0.120074185654543
-0.0601015859369153 -0.103271299111604 -0.156258657745977 -0.0785873469250786
0.0815133295936864 -0.124289562857346 0.141216201659476 -0.247132206034698
0.1452944927307 0.0473611045000865 0.322971233447815 0.0555314954163913
0.129526505077297 0.156789575618536 0.279628978933288 0.283587077565823
0.154726901461669 0.130008930518874 0.274775160012184 0.252085223250235
0.179547328654619 -0.0163446297697357 0.156873103873915 -0.0384617078992528
0.0637950714312474 -0.140089925351319 -0.242115950756794 -0.0872741001058235
-0.0680682474262609 -0.0852214772814563 -0.185403947211173 0.33508085631778
-0.0435685644721866 -0.00365185732533288 0.276358871539619 0.201941975773783
-0.013405249148465 0.0473479908134663 0.174651088843136 -0.198853830591857
0.0385246050158582 0.000231973731318374 -0.153171054245621 -0.123652874217482
0.0128853501740174 -0.0283000643845156 -0.0952934585509802 0.336736775241365
-0.0221220163380008 -0.0103429561668768 0.137077905399278 -0.331844815405687
-0.0158914582727445 -0.0272458823802406 0.112129537455127 0.141168848814403
0.015284483054647 -0.0141765698783897 -0.187672605370341 0.162130803038573
0.008324065277104 0.0291454441164479 -0.231285911242305 -0.218909625725043
0.00340811029697229 0.0665482540926268 0.236407148346879 -0.259321502737437
-0.0468292798847518 0.0356204325370778 0.2081093179103 0.120848541924908
-0.0561037466831158 -0.0188003545435546 -0.168311572452157 0.0393617044848369
-0.0402382401910032 -0.0347368259101886 -0.304246272286669 -0.27102844080354
-0.0194349528479385 -0.0181401643836067 -0.321127341575582 -0.300083049503473
-0.0286673504145408 0.0072046787274178 -0.33757702018292 -0.0339530366956166
0.00215955134598667 0.0451788453929241 -0.101889872144314 0.256332001346427
0.0102124088614948 0.0187854807545855 0.177475003591074 0.0615712913828578
0.009451764021917 -0.0236124359994086 0.0188873165998562 -0.149058861414546
-0.040590888321873 -0.0494847972855596 -0.0108349168711511 0.0507530139278396
-0.0546596527706224 -0.0108913351418448 0.0592618575375248 -0.0433077104702831
-0.018751786788533 -0.0481810149456718 0.153779585094773 -0.315342135071926
0.015318113688216 -0.0411344918073594 0.085580651288212 0.149519766141294
0.0195706703688961 0.0273473816339964 -0.225717950271376 0.138759315572788
-0.0347693087777973 0.0489200107079865 -0.218147917534053 -0.252825552529822
-0.0472017223418861 0.0014425835282229 0.259399895973112 -0.230347096344338
0.00796686177192438 -0.0516247789874385 0.177154912321926 0.130559115479451
0.0764385745094522 -0.00655511317659113 -0.176241544583921 0.00946440012580551
0.076501060531938 0.0712542981110823 -0.293495216305637 -0.262759639803993
0.094902240061028 0.0902600806873528 -0.34533203994789 -0.249749759514719
0.092025615387914 -0.000890684185604501 -0.348370341119675 0.0448699092382808
0.0304684819593202 -0.0613350268215062 -0.0384303829785088 0.29745015176002
-0.0629402791622337 -0.0251051853663552 0.187880580345841 0.0276761413471294
-0.0288401248502749 0.0690023693193431 0.00680947825029728 -0.142157948870569
0.0710462967431627 -0.0207162773318959 -0.0215010013686826 0.033657836311891
0.0310830119685605 -0.0965264513008919 0.0337901720078487 -0.0318941946620483
0.000835779364312122 -0.096517366545735 0.176487897913651 -0.294021533890068
0.0546372316258027 -0.0678455473385114 0.0764555647090515 0.135196231160821
0.0248339075245698 0.0611103816774424 -0.255426048802386 0.123245129509609
-0.0763247806968142 0.0470409883362238 -0.228127198003109 -0.288694009255717
-0.0628927104854876 -0.0866367842004769 0.271912774373722 -0.248797276974981
0.0934788338707809 -0.112523325564142 0.173539601119829 0.108043262825846
0.19969790732942 0.039111709455839 -0.139289292011529 -0.0181562204643883
0.180824062425607 0.168366279548163 -0.234216003667008 -0.212592766509877
0.225878914750099 0.135675536151 -0.33111118691834 -0.154403948379641
0.18554570834234 -0.0951932812599358 -0.321690290096671 0.136936873647896
-0.0678046213210163 -0.182438218602534 0.0421317206503399 0.328860226384345
-0.181118047941001 0.0708814853631983 0.208904425362007 0.00688910923349618
0.0563131105781424 0.204427835145606 0.0377553012619213 -0.157262031668666
0.209717975206239 -0.0747335183719802 -0.05568048741892 -0.0317743713859989
0.0739148804088117 -0.188894455882426 -0.0288179997414544 0.0121350523584497
0.0500905233337658 -0.157418344999706 0.200880325636388 -0.242053154772509
0.137009153407836 -0.109243684548095 0.0922276663328569 0.124855841889185
0.0707176669559073 0.0997851070814283 -0.242274913849886 0.118073339673379
-0.110522936142277 0.0460331859103706 -0.210238799347584 -0.300452962519822
-0.0481537478156066 -0.183570276204061 0.279713818085419 -0.252929885408052
0.202132290782282 -0.12872206831954 0.182233071240852 0.0773572500363858
0.292315959006238 0.123061070396655 -0.0605213294196601 -0.0238421798650965
0.262772894920771 0.239515133756439 -0.143434136454977 -0.124406177490044
0.331294142817977 0.106602966461382 -0.258236244031414 -0.0606763207316173
0.18146128882822 -0.222491168818599 -0.269707592514458 0.167969676800882
-0.224365232037235 -0.157322567234492 0.0777077528973778 0.333081565604798
-0.131639845582027 0.26232281741596 0.248973023535858 -0.00272043744921685
0.248083478196994 0.205423697215298 0.0474162539527934 -0.228634046610241
0.269029788452794 -0.204656284753026 -0.148616657057468 -0.0752942269187117
0.0627256809646748 -0.252304991841421 -0.0935941303335023 0.106795371792979
0.125288761906631 -0.203846121584418 0.193969665004716 -0.154031842613202
0.268100441708877 -0.104571107688262 0.0908141791033005 0.143158214005783
0.12723865511176 0.204925282096392 -0.210332709011969 0.143844220831011
-0.183782134598216 0.0617533459915649 -0.188030389383075 -0.237497383414663
-0.019750951822186 -0.282436024071177 0.230160226640133 -0.232679658478572
0.306346679147588 -0.0856512936053862 0.20045634736675 0.0371812281948614
0.334718985029069 0.219939474958794 0.0469431383589706 0.014788669569326
0.307058129317349 0.27074930624497 -0.032238725757296 -0.0190688997568475
0.37083448506868 0.035753579737618 -0.144982431701806 -0.0137931043118999
0.121199909031982 -0.279143822121026 -0.259151463011991 0.127274900938434
-0.226876549105027 -0.0726494128048621 0.028587288223705 0.367667340398325
0.0172596297589042 0.239347813819886 0.279003817088032 0.0267067216440821
0.273706230948415 0.0668066123479597 0.0220996328356196 -0.255252700848538
0.198495546925068 -0.265888922995561 -0.224081162574935 -0.0479125832445016
0.0242742854048247 -0.247493258506225 -0.120314477485385 0.225204343600978
0.189161770457176 -0.19650640947218 0.137869581771165 -0.0549420258248049
0.334358561259776 -0.000241955597666945 0.03301409936167 0.143302513098998
0.0518356225445937 0.316487729780889 -0.198122247246709 0.13407313979194
-0.274252413129539 -0.0033376614171926 -0.18121535673834 -0.173834548611256
0.0465049888223917 -0.329450548399662 0.163908141146272 -0.244307664889558
0.337317523176849 0.00341606728958365 0.247870664428315 0.00988171541557656
0.303936806934372 0.27765885056921 0.153312790500259 0.102288541727978
0.29832961131771 0.261140538547199 0.0866394937934589 0.08896434598138
0.34379162855247 -0.0194308015898106 -0.0285206017577091 -0.0166241179109098
0.0862804020562169 -0.263176792751644 -0.280951403868723 0.0682938249030675
-0.156920145767483 -0.0781156996853771 -0.0335479299788851 0.427380013677611
0.0095002181700648 0.103450656572225 0.323634720685362 0.0962239499955418
0.128682406145653 0.0272088941331349 0.0598913078414202 -0.238793403126459
0.103299592803727 -0.185445340977814 -0.219593156774315 -0.0323748673362568
-0.00201342173782629 -0.18002045562734 -0.112448905067288 0.314056744874578
0.1951386548038 -0.134024760366317 0.0476072594329147 0.0138909498959614
0.253330716640071 0.100716285880335 -0.0205462799588546 0.0712915792742447
-0.0795985470930256 0.244783627029755 -0.133697052965978 0.0963670006266034
-0.198457320375864 -0.114519570111393 -0.153733313689238 -0.123451711865376
0.107628768495809 -0.249811320045664 0.145478366178186 -0.250671056528341
0.263356152798657 0.0608570248084237 0.2972307792983 0.0298962196255807
0.220352326796831 0.255777116033238 0.230357111383024 0.208922260704001
0.243159762823972 0.211539808462295 0.194824655970856 0.181622351267333
0.274823128330758 -0.0337675056609481 0.0742569198264006 -0.0345192859980608
0.0728879880558473 -0.214891924015166 -0.277616502924212 -0.0023811323378564
-0.114669259592557 -0.0984170222654076 -0.0954136919810951 0.411278078327827
-0.0432996463402662 0.0373756692062509 0.329519591610452 0.144845097613579
0.0237211017919458 0.0573427213175429 0.124919674551981 -0.229694283930926
0.0603639072608987 -0.0706745980616042 -0.184825147755949 -0.0702069918580213
-0.000982159587298352 -0.0946038649103576 -0.0950217898345203 0.343654707369737
0.137033193551748 -0.0578544652177092 -0.0274934434252968 0.0429051694317624
0.125013631336765 0.103237847718815 -0.00902562509840511 -0.0127305281638933
-0.0831209112683981 0.100396494179811 -0.0560593933436989 0.11804543490447
-0.0591609525743487 -0.102833802961093 -0.154558077310255 -0.0771605500884767
0.0797408283764452 -0.121345623690598 0.136447762193307 -0.24392758340863
0.144255827360272 0.046611399166115 0.319776038370607 0.0522218660165249
0.128405325167763 0.154905023108305 0.276969491543677 0.278589703722
0.156267949969125 0.128619245996893 0.272680649356719 0.247414703622346
0.176626864089651 -0.019030967727129 0.156473523846194 -0.0400812800134313
0.0610238195817057 -0.140328137796199 -0.241106081751366 -0.0843842342462779
-0.0693365273219924 -0.0832142070656224 -0.177066929779826 0.334056569559564
-0.0430313481546376 -0.0021545244558034 0.275853204541944 0.195214098261572
-0.0113885352210929 0.0485004699840572 0.169119866619896 -0.199536552013574
0.0393683435823142 -0.00120991909611264 -0.152851843149614 -0.121653809166108
0.0125510020919004 -0.0274933294013513 -0.0899506450125337 0.334717361032536
-0.0223550167540013 -0.00996306134518562 0.138139063581606 -0.334355921153291
-0.0167996901135052 -0.0274154129737352 0.112837990464703 0.142472590263388
0.0144485918239774 -0.0141330055259641 -0.187009934073033 0.163482773252969
0.00911823252607421 0.0296695667507045 -0.229285411803649 -0.219231937794439
0.00487747280241009 0.0676585851101249 0.236542492369709 -0.257068104721824
-0.0472475659976035 0.035706645115638 0.206452925528437 0.120498666743823
-0.0569665858116745 -0.0197359266109999 -0.169904802333269 0.0364474818168942
-0.0400742240548015 -0.0346494887434093 -0.304654365851839 -0.272465458528541
-0.0195825571581741 -0.0187392934029399 -0.317924596166015 -0.299955660716008
-0.0282135320193288 0.00700388158424801 -0.336424417163266 -0.0381615265070552
0.00233539179184008 0.0450212645102263 -0.102592443884737 0.255421654666912
0.010477556767888 0.0181259165249029 0.176813796309003 0.0637751543121919
0.00875521382653029 -0.0228911613189024 0.0209339460254148 -0.148162662806966
-0.0420645740808848 -0.0492320722659301 -0.00973260335978631 0.0506247363218466
-0.0550402082580573 -0.0109501893042009 0.0590704385992444 -0.042673844571006
-0.0174777064834675 -0.0470605613355148 0.154158529834359 -0.316781522337028
0.0145422191125088 -0.0398840042035231 0.0852068912295704 0.151019431552298
0.0194998249525709 0.0263865014777388 -0.225863182112714 0.139965135046113
-0.0350149575907338 0.04988962964253 -0.215225586082564 -0.252090555147698
-0.0459894219326495 0.00158371127204738 0.259522689524034 -0.227885994000589
0.00876441676836087 -0.0511393888837964 0.175403935703097 0.129192797728685
0.0770432139734874 -0.00644008482531611 -0.176585992435398 0.00662297343329986
0.0770078810144248 0.0711462243229539 -0.293384644342289 -0.264239496737942
0.0954499480945974 0.0905937875429071 -0.343593887204332 -0.250619279123593
0.092118340059465 0.00160187247616794 -0.345464870515568 0.0405221504134776
0.0321655260006573 -0.0597224491313161 -0.0393771804553406 0.296264959545644
-0.0624721346172427 -0.0247545374603464 0.187071386509954 0.0293790420373952
-0.0291517146174205 0.0682341830425748 0.00743629202541353 -0.140046992017685
0.0710636271615183 -0.0219582749291904 -0.0193855507769893 0.0335565802830437
0.029782912690486 -0.0969080915782922 0.0346009309681421 -0.0320237823868428
0.00177954398765686 -0.0963171724694149 0.1768649464307 -0.293990296132426
0.0540489261928583 -0.0668102195511432 0.0754429176172799 0.136574404466172
0.0244073818967718 0.0619594429926763 -0.254393172168563 0.124802013352196
-0.0761833930354461 0.0479067959780736 -0.227842342428947 -0.287211971986808
-0.0617787244263807 -0.0872936464447065 0.272814841513328 -0.247729823668725
0.094057793604997 -0.113008453798074 0.171931412705628 0.106220780440004
0.198684707756005 0.0401793223454758 -0.140717752398813 -0.0203922124098427
0.180870427857255 0.170828605590606 -0.235307582393987 -0.213288410448755
0.225805174315933 0.137306259937771 -0.330399588450527 -0.156267927159461
0.185574180919712 -0.0944855705783233 -0.320530596688753 0.135850969856165
-0.0664045523686195 -0.18086728256816 0.0428876982027147 0.327942857532087
-0.181575878855513 0.070065649990102 0.20864942105706 0.00821586756746664
0.0566954199675429 0.205654069015346 0.0395394515339278 -0.156462036219781
0.209153879794867 -0.0749545366311029 -0.0549349197369847 -0.0323753112437282
0.0742964389472863 -0.189322838129471 -0.0280418385626207 0.0130862029268387
0.0510896129667218 -0.157018041949117 0.198947817011122 -0.243950596988806
0.136982137776201 -0.108187689712721 0.0911206090821138 0.125318772895358
0.0688156276292641 0.10042302153246 -0.243616652069868 0.118907812248792
-0.110775376580338 0.0461666373533315 -0.209448351442152 -0.298541092403932
-0.0477838908500997 -0.186356671752556 0.27884422944891 -0.252807227069382
0.202668892345248 -0.12740066909803 0.180647390699401 0.0758062677867973
0.292780051421523 0.126658808523679 -0.061548916545562 -0.0255550462486629
0.263670399215667 0.242646906292504 -0.143794548936453 -0.126745022211208
0.331893568049407 0.10935588750673 -0.256816499978018 -0.0602131122390567
0.183289938962426 -0.223066793889651 -0.268658937838901 0.168717244994529
-0.222494064829489 -0.158950457533398 0.0799214216970552 0.333202604475643
-0.131323028386769 0.261574449052166 0.249369150145541 -0.0027419232086928
0.248776787199841 0.207256598528296 0.0481176186492465 -0.227836940916386
0.269673201489489 -0.205991827828313 -0.14832812761854 -0.0751472106563981
0.0630383026525848 -0.252571538949389 -0.093365559360055 0.107757379515858
0.125148804951538 -0.204983542303506 0.193241054900796 -0.155397242145878
0.268352985835435 -0.103086400270612 0.0907513401832138 0.14376707887274
0.124782265952784 0.205233859378829 -0.212290049235888 0.142271332948909
-0.185026453472965 0.0610359024570915 -0.188049264174607 -0.237902135115898
-0.0165040614049404 -0.285216248935085 0.229533571927488 -0.234319837449688
0.308622994652661 -0.0823255181172257 0.199522822285669 0.0354360762048543
0.334680791869177 0.223733696624612 0.045873743957679 0.013521278732605
0.306155744908203 0.273856734803008 -0.0326494708392681 -0.0198708845806411
0.370828874955038 0.0374826761850844 -0.14463698105284 -0.0130675000507596
0.122428325281937 -0.280113009268734 -0.259412895489359 0.127201969858416
-0.226362906180761 -0.0743055552347739 0.030325034924356 0.367118286543694
0.0156667713471464 0.239376930086037 0.279293353043856 0.0267867619033723
0.2750998479239 0.0685255139610654 0.0234317009238296 -0.256500362154062
0.198435633419253 -0.266477440069192 -0.2236807512613 -0.0483651071248428
0.0266666697381789 -0.246631847363869 -0.121699167699708 0.227325224094827
0.189407734796624 -0.197331915202038 0.136397644222764 -0.0551286864799779
0.335115120660796 0.000752166516024596 0.0310744864716955 0.141941751318464
0.0495728502348716 0.317383273012182 -0.198519958631159 0.133583078880355
-0.273999236221735 -0.00684039617218859 -0.181008350978569 -0.174728550830692
0.050563417484198 -0.330330210027862 0.163795827135349 -0.244486700177639
0.339658776743678 0.00588190809321917 0.247324188587851 0.0106631655464352
0.302506544145913 0.280781494157389 0.15168647069838 0.102243560613527
0.297707685494768 0.263310973043306 0.0875450848745855 0.0891606003824442
0.34301420986326 -0.0184385834905407 -0.027499358753933 -0.0153006017014036
0.0856233239587884 -0.265063599751962 -0.280837108888795 0.0695289791352581
-0.157316900912596 -0.0789155241363335 -0.032284430793101 0.425881507050274
0.00959009983166611 0.105409274259915 0.324523878067427 0.0940951560418884
0.129948508628909 0.028373631782083 0.0600056192212151 -0.240354057081525
0.10350672650922 -0.185914242828966 -0.220481924615393 -0.0334565105624238
-0.00120195751839639 -0.18029220924357 -0.111942784312475 0.313742764524462
0.195290139094084 -0.134307883095318 0.047040050128296 0.0149582353389179
0.254089489358515 0.102576062696726 -0.0217789121091868 0.0702458785314504
-0.0788337394751235 0.24363820378665 -0.134726885570956 0.0954356392675671
-0.198012582088608 -0.115661680188 -0.153409017335851 -0.123681112208865
0.11077152986062 -0.248850497029864 0.144792020719131 -0.250356966674004
0.264407190718894 0.0635408568223249 0.296274481059904 0.0310234602336735
0.220096118740252 0.259440649613848 0.22677877766853 0.208571783001967
0.243275865476445 0.213070425181892 0.193434252603485 0.182541634754205
0.274905919807565 -0.0326881598011356 0.0755332131590817 -0.0331303614969788
0.0722623664296272 -0.216228071987764 -0.277183340706988 -0.00133826661358047
-0.116132677242672 -0.0979806522079001 -0.0934510737361014 0.410369449666049
-0.0438568323015283 0.0375251540316655 0.329557875962691 0.144360805658448
0.026168862541887 0.0581858613565816 0.123776181499824 -0.231173279216272
0.05948566382867 -0.0700005174019421 -0.185402941266422 -0.0716172216746073
-0.00114878797252799 -0.0946622191938218 -0.0959212508461708 0.343929696146132
0.13662065976031 -0.0589096247445661 -0.0275682419223776 0.0429558084035978
0.125492027024631 0.104418926423896 -0.0106984355465596 -0.0134792710859236
-0.0824819919816067 0.100298310174358 -0.0571442039178274 0.118152226136248
-0.0586458764906126 -0.103858905868968 -0.154191568585969 -0.0784858233825768
0.0805011975610108 -0.119954309821084 0.135802341374007 -0.244746602492821
0.144772403977073 0.0481642163194892 0.318779096824037 0.0550214422630934
0.125230906507586 0.156283898954643 0.27345809229243 0.280574127567623
0.155343482917812 0.128535951660344 0.270970333101077 0.249364593279
0.175465370604955 -0.0192261944862228 0.157138803450641 -0.039753099484845
0.0592309319983952 -0.141374978771883 -0.240834187677624 -0.0822659147578381
-0.0706289578029782 -0.0825320185524391 -0.176299418404568 0.332504319061651
-0.0433671448877988 -0.000337033303504502 0.274474161744695 0.193448027102657
-0.0103060098055976 0.049324427361864 0.16947321632772 -0.200640185351319
0.03903644033411 -0.0008323784437744 -0.153734140449478 -0.123035981015015
0.0130516622424524 -0.0271791924812412 -0.0920193650971125 0.334314628242554
-0.0222037592526899 -0.0100229405792172 0.138004400072616 -0.340561898974057
-0.0170456597177829 -0.0264050865688359 0.114970043566928 0.144415861818587
0.0145008027737438 -0.0156524077023892 -0.185690335811018 0.169414606463865
0.0093139207249256 0.0301199065152415 -0.232567005754469 -0.218213106763272
0.00708576929034363 0.0686690154144181 0.239030617044798 -0.259578626747051
-0.0480497142149812 0.0373500254679529 0.208924023530461 0.119956343370913
-0.0579195249544111 -0.0194176811885616 -0.172834757278184 0.035463115528869
-0.0403637617851436 -0.0346403616767734 -0.308466756225488 -0.274371511536387
-0.0189339768264397 -0.0201711076763721 -0.322109129263305 -0.301678429645753
-0.0287855263084174 0.00774622783454978 -0.339054641086783 -0.0380389365390431
0.00397884861512375 0.0455359956494381 -0.102074627853288 0.257776572534852
0.0102662468906757 0.0191597342032777 0.179050476896907 0.065317419124868
0.00797463950143776 -0.0227569217990501 0.0236753524774499 -0.149665482693821
-0.0436748066020991 -0.0489193769342437 -0.00819551762837933 0.0505263288155689
-0.0558494414308064 -0.0104973376133773 0.0612489927676915 -0.0435824079032413
-0.0191446708853339 -0.0476401864767176 0.152409625039446 -0.321933978969373
0.0147732847926916 -0.04101717550472 0.0865318075594853 0.152530677592337
0.0191256920930744 0.027330516505605 -0.22617973607224 0.145012470330743
-0.0343979135691826 0.0516555658701968 -0.219328114229875 -0.251206403326619
-0.0458263209502503 0.00153366152736876 0.259961901508468 -0.232412905275776
0.00821443920360627 -0.0511759353508821 0.176990368664483 0.128326775514291
0.0767713835548277 -0.00809460306112855 -0.18007376909143 0.00662780036330199
0.0782684892589704 0.0731584463224357 -0.298906606022881 -0.263635435654737
0.0968673677927455 0.0911672067705574 -0.348490634169344 -0.251137443845554
0.0925739174928035 0.00178528527141912 -0.347484715735445 0.0418068475352941
0.0329403625968781 -0.0595421233998426 -0.0378326184066479 0.29880091356694
-0.0616561208029641 -0.0242263967289091 0.188949047150881 0.0289036962958787
-0.028560250178105 0.0702467428244513 0.00924814624571503 -0.141957722575025
0.0711341856831114 -0.0223238758492905 -0.0190179812688081 0.0334000712698268
0.0300233950961738 -0.0988464368610108 0.0354112839472124 -0.0317596264408161
0.00115868245233097 -0.0971382879834382 0.176065556646142 -0.302038696170005
0.0540662743399694 -0.067133966702196 0.0772649081957021 0.138329922783757
0.0249020670865626 0.0627088703754126 -0.256665119074583 0.131264233462981
-0.0769282306478604 0.0494511629919328 -0.231187758714321 -0.286511065268741
-0.0623117586325951 -0.0885152848818818 0.271986488098294 -0.253436598610526
0.0939798228383774 -0.114306902717294 0.17345171425139 0.103672916573348
0.201735946046172 0.0386611391290613 -0.144082014302227 -0.021710301774536
0.184280332650553 0.172642160914498 -0.238979564615459 -0.214907645875496
0.229233554483956 0.137634079111304 -0.334473471432559 -0.154736319775281
0.186634163894883 -0.0948712845941737 -0.321858606731874 0.139365757576845
-0.0658434154271669 -0.180862251776001 0.0472887326376269 0.329410574285167
-0.181915127990455 0.0722893819477923 0.210014561966032 0.00646421242086116
0.0604838528132324 0.206989211094686 0.039164793133598 -0.158284196796096
0.211422234838312 -0.078745833857837 -0.0546761221444301 -0.0325705009617354
0.0729639393692583 -0.193691189007815 -0.0285447040833181 0.0138654484012768
0.050504197901637 -0.159171993760811 0.197150969242542 -0.249394378921197
0.137668164681903 -0.109657107172713 0.0920901869510489 0.125486183753195
0.0706512477928406 0.101258916953795 -0.245467944390877 0.123783978184545
-0.113107389431891 0.0473890919633495 -0.215052804494243 -0.299579476161226
-0.0499408176509676 -0.190436579693124 0.278736601958155 -0.259206777722657
0.204052578476291 -0.129597226618734 0.181964004512212 0.0731870563323357
0.298895188989845 0.126328313399178 -0.0637008824895515 -0.0281198074146842
0.268019698436811 0.245272806218262 -0.146949437208069 -0.12793451234018
0.339121713361635 0.107683936136564 -0.26184071074528 -0.0590723962666062
0.184714356333097 -0.225519652083316 -0.269883205048724 0.171728570532379
-0.225761007323008 -0.160446564551852 0.0842634069714028 0.335816924115935
-0.130492229843627 0.266930229213754 0.252051234770471 -0.00623291262267393
0.254779874569899 0.208599638463648 0.0472091953178447 -0.23180713038712
0.269977711921394 -0.211708316538025 -0.150791931415331 -0.0757109877327292
0.0624487019077017 -0.258206585300329 -0.0934308404030711 0.11167822333019
0.125034064703106 -0.208016090698525 0.193286301914512 -0.160898943669253
0.271569437163194 -0.107617352986947 0.0922760920815777 0.144038695001709
0.127402843314472 0.206451509640688 -0.213027385612859 0.147561381764432
-0.187623979343532 0.0617372521653836 -0.191836964716658 -0.238380578460027
-0.0187847556336805 -0.291046445173846 0.228711919005796 -0.238927008157128
0.312058683037559 -0.08527609841372 0.201063999665192 0.0325673192966502
0.338420987471809 0.225820521094012 0.0442783007417745 0.0115120149781869
0.312404462520865 0.275861562131197 -0.0331143439029795 -0.0198992869368836
0.377876705424214 0.0358745996849892 -0.145416475947667 -0.0123009954773311
0.121851511246885 -0.28536566322523 -0.260469723461094 0.13256763733151
-0.230186484263996 -0.0747194413679667 0.0341735633226953 0.371055121396178
0.0184837910562748 0.241470712395229 0.283786815772439 0.0240181717843866
0.280644161997944 0.0673962444048464 0.0213652699134605 -0.260743551697309
0.197786254381138 -0.2717715583762 -0.226653540623976 -0.0484857707974661
0.022888859356694 -0.251182338716134 -0.119607332509936 0.232550862227127
0.189953884668198 -0.202399132407848 0.136720109312991 -0.0580970701157227
0.340078225142058 -0.00288557643315091 0.0317367949708947 0.143454397348301
0.0524044655176852 0.321237960787518 -0.201765422769023 0.135455792390961
-0.277531525642986 -0.00644403123300163 -0.18440132575216 -0.176016111551076
0.0498936254827611 -0.336632049026411 0.161968552386802 -0.249458754136923
0.345642240031535 0.00581930798295994 0.249640318831961 0.00764728065994439
0.308755563727984 0.285184849872452 0.152004673026395 0.101236930881863
0.303023182709225 0.265208018661352 0.0880981334410827 0.0893609151972751
0.3473297309772 -0.0212893767831855 -0.0261620766357652 -0.0148490581180746
0.0838678821868108 -0.270648030967121 -0.282792836591053 0.0734778546153516
-0.160805143526631 -0.0793486261676299 -0.025916238405637 0.431113131743464
0.00925611463446353 0.106372228602857 0.330005760590561 0.0907880930274871
0.132912460156645 0.028909333759484 0.0589927631212569 -0.244984279412535
0.101670117970574 -0.190006437545484 -0.222733188563654 -0.0326824885406981
-0.00391644628371917 -0.182871712271895 -0.109707580674653 0.319362157759677
0.196793094624684 -0.137873395484765 0.0478684877106931 0.013667337816177
0.258556385007276 0.101434579405976 -0.022659851208348 0.0706783575472923
-0.0773928914984369 0.247828427522656 -0.137144400199698 0.0969528296314706
-0.200609107925414 -0.11718948582827 -0.155374674543227 -0.12470764871127
0.11228307844671 -0.250749114702393 0.143122863098005 -0.255705056114541
0.268742805791473 0.0653609529600593 0.299593718736751 0.0297652861953434
0.223340317634228 0.262560510539145 0.230592195413333 0.209338290338137
0.247885725036959 0.214507369237391 0.197251065073522 0.182723780853443
0.276425133211015 -0.0362209400444359 0.0781169105761735 -0.034498470445063
0.070235856751136 -0.221060327630022 -0.280064505796526 0.0026896635565396
-0.119018100265301 -0.0984587933295253 -0.0894467319648467 0.413555039586024
-0.0448874551857098 0.0402977640565786 0.336060642781359 0.140817554730997
0.026767090201071 0.0602258875183775 0.122418924493675 -0.237506525965231
0.0599514967219692 -0.0709364592224528 -0.188743781309366 -0.0715778791784107
-0.0027539530833437 -0.0957474648517923 -0.0941287089362283 0.349446730419952
0.137195269469356 -0.0609382680709991 -0.0288430010554299 0.0429657530745144
0.127959263190175 0.104205169679426 -0.0119003418341292 -0.0146692093248702
-0.0825529735298649 0.101295601985606 -0.0580447509209323 0.120318313652146
-0.0601307736309291 -0.105641647314535 -0.156510496080797 -0.0795288718398565
0.081878607999936 -0.120645900314459 0.137057170888022 -0.249054852140316
0.145638024754875 0.048444786494809 0.32333834068743 0.0531334301592942
0.12790141020588 0.159023017937946 0.274646695880246 0.28241015589597
0.158949341407753 0.129221937338487 0.275962774786674 0.250343568941522
0.176532249262529 -0.020913651207987 0.162625244202712 -0.0421140174075729
0.0578180309816083 -0.143414918016604 -0.243686705913622 -0.0790755925211813
-0.0713439693312289 -0.0818712496873027 -0.173893818768415 0.336555000832034
-0.0432789169519636 0.000836886736013938 0.279304362836151 0.192164619054317
-0.00847615597333095 0.0515508399697013 0.167347175607322 -0.206975820451401
0.0387274094245276 -0.000758296613770264 -0.158890945916089 -0.123642855749714
0.0114195972705268 -0.0269933925450277 -0.0896728897194078 0.340717225512536
-0.0247821137053241 -0.0110288389357641 0.150960406489545 -0.349792947436477
-0.015366506807313 -0.0288545986034411 0.114594762899939 0.153826148683101
0.0170666577009187 -0.0148584949669549 -0.196000375289154 0.168323429259828
0.00710987362403291 0.0322201491083872 -0.228290901580863 -0.230995772591991
0.00450018094388823 0.0679945022340577 0.252614531448096 -0.256120662110929
-0.0489954675158895 0.0358920354856696 0.206842899483343 0.129399190419895
-0.0576674279682473 -0.021761756067908 -0.178577451505235 0.0291788603315078
-0.0396997129761999 -0.0370716782730847 -0.302694751218788 -0.291804614413356
-0.0199420404644222 -0.0222517030861955 -0.315486324243935 -0.323646007426188
-0.0284208502790329 0.00773140613021535 -0.344581135910564 -0.0572311069753439
0.00486052807645674 0.0452932471436008 -0.117022809944287 0.261025134416822
0.00832002685652457 0.0181352538525593 0.181472333335767 0.0780293741062881
0.0082468331995407 -0.020947829069559 0.0319661328898066 -0.152274736827551
-0.0430452124268008 -0.0507722971221813 -0.00881938871197425 0.050348750615045
-0.0580569595586238 -0.0118752768795749 0.066498001326382 -0.0441208016274815
-0.0195659292750319 -0.0499153569543743 0.167552528189892 -0.331933357907227
0.0176476144637334 -0.0409543553147693 0.0860907687651987 0.16259223360953
0.0201090108486895 0.0292334480598 -0.23566789226352 0.142783317504775
-0.0392624144059704 0.051969535021217 -0.213284253073636 -0.263054601568149
-0.0457137666786453 -0.00218531469876542 0.272399088451292 -0.225999606011565
0.0114951330888171 -0.0524463224412094 0.173851225453682 0.135349233503132
0.0776172351817982 -0.00392078443995687 -0.185555239687483 -0.00173056932721258
0.0774085521753884 0.0775674986468031 -0.295160704907437 -0.282175560132805
0.0942568191630397 0.0952349023935926 -0.346244580126622 -0.271235979017466
0.0946925260713347 0.00702916756768978 -0.357124843931794 0.0260498501380219
0.0376402681663024 -0.0605829238605087 -0.051282098441403 0.305123738113657
-0.0625284879245481 -0.0273498238504839 0.193431773359443 0.0408511059792528
-0.031002098282393 0.0717073308468769 0.0171634062330585 -0.144919060304381
0.0724588549766905 -0.0210189063933242 -0.0194678451718453 0.0327074762183392
0.0324460770969554 -0.0996103698784072 0.0394319097557729 -0.0301451161398161
0.00475156544589151 -0.0987689939963809 0.189062459289735 -0.306898188802994
0.0596052979373798 -0.0667915792433705 0.0743311023672538 0.14631383676111
0.0240261434048009 0.067138481969937 -0.26686222043912 0.127347607876617
-0.0824700939519831 0.0477986828190694 -0.225626987868731 -0.300214308083493
-0.0597302703397884 -0.0949539698079447 0.283478249627649 -0.249158256794335
0.101502877275496 -0.111783180327082 0.170512074166531 0.110109302573034
0.203406028076968 0.0472458770162028 -0.146546173560225 -0.0293463382074861
0.182477431119922 0.183291038276757 -0.23629431700348 -0.229198591504063
0.228783891178032 0.14873053443904 -0.335205341368668 -0.169331085331464
0.195188633781976 -0.0879721307669263 -0.334158728163806 0.128849030762243
-0.0598792739433881 -0.188698676785345 0.0362239407795602 0.342245175460633
-0.187920752284881 0.0682975473975295 0.216899629264816 0.015815347698051
0.0543009491390518 0.212794514958663 0.0467894632363378 -0.159998243606113
0.21363988254449 -0.0739320277699075 -0.0537573301235688 -0.0344251986395191
0.0794299578540187 -0.193388613307724 -0.0279286769802234 0.0159136628149209
0.0573358459534185 -0.160055137773033 0.210620466562224 -0.253710804633701
0.146740623205789 -0.105982108897145 0.0892938384284957 0.133311341675645
0.0674497532510752 0.108447426978648 -0.255071315023246 0.118872235653855
-0.119306030335325 0.0439210082611501 -0.209222612048744 -0.312741318072339
-0.043026073864615 -0.197952431337924 0.290454524648138 -0.256715473392378
0.213710908866997 -0.123320968363903 0.181462772239087 0.0780170054167696
0.297493084358842 0.140039625681013 -0.0665325985931038 -0.0331707730143202
0.265186916186244 0.260378061261569 -0.145330639254371 -0.136791073477192
0.339859179256524 0.120554766322871 -0.26434183381392 -0.0675410318255518
0.197793434407033 -0.222299550991992 -0.28146889519799 0.167119061814754
-0.224432297776044 -0.174271265843067 0.076193790085298 0.348168697362459
-0.142869946996567 0.266686835519641 0.259572636893647 0.0032953746995302
0.252259016529384 0.219245970796319 0.0559683340296174 -0.235069789080518
0.277244148787385 -0.203665325277678 -0.149328245897295 -0.0812505870640315
0.0711854309155304 -0.258120048753003 -0.0981548297559771 0.112737263980991
0.135298915897968 -0.206217329127179 0.202312040053052 -0.161623658030344
0.281649821942772 -0.0979702435816705 0.0875390150950049 0.150745718701252
0.121679846928984 0.217269650357989 -0.223737585005895 0.143422773973177
-0.195644511042911 0.0532870102654991 -0.188176457833519 -0.251173511884704
-0.00705181062581611 -0.299316856032908 0.238726138135662 -0.238063899758644
0.323458793114822 -0.0744588004810368 0.201808367768656 0.0377863434714243
0.33623524300415 0.242121624096158 0.0435197968814548 0.0120263890065895
0.306974308647024 0.293608896304334 -0.0331158906057517 -0.0215819824083225
0.382896084381828 0.050083517306415 -0.145872230226606 -0.0151075972326271
0.1353325542125 -0.287220061405541 -0.26924790371953 0.127426783340476
-0.23218661510108 -0.0869677753391742 0.0223674657424167 0.380779480872679
0.00867739248827585 0.246587634408291 0.290795103566077 0.0355090366804399
0.281167820337897 0.0795041829400133 0.0297308597097337 -0.265556061167578
0.206700206624495 -0.265453357390495 -0.22831832009988 -0.0563803179164879
0.0329132893952009 -0.254964969336984 -0.131097444104236 0.234840636753747
0.201494283502702 -0.196695235242341 0.141270589675484 -0.0566374176060665
0.346672634961 0.0132940268014945 0.0252326681668363 0.147938099374869
0.0418600665761415 0.329945433412217 -0.210195312896845 0.132214899871044
-0.282991306521183 -0.01979148780758 -0.182969483893454 -0.185916847845044
0.0664565335546961 -0.340256088239448 0.169778291351229 -0.249206258756732
0.353192729962954 0.0209736598672912 0.253646192329976 0.0161047934279495
0.30180219293979 0.300855349587646 0.14965292592446 0.108017305900624
0.298167476687135 0.282855939749174 0.085383696969544 0.0945266237043938
0.354055820670834 -0.00940251219172544 -0.0240547361754487 -0.0133597857511964
0.0940834749763531 -0.272610143103829 -0.291905126413945 0.0665939026276955
-0.161914492835539 -0.0897062844405862 -0.0429128306772228 0.441158527500016
0.0034715912423131 0.108434132659596 0.338719476823531 0.107212724089686
0.134611050746841 0.0364521550448091 0.068891649078727 -0.250558362990068
0.110404155558383 -0.184478711320248 -0.226499691383689 -0.0419400779150643
0.00460165158902765 -0.186554110173416 -0.124391217350926 0.325614982332172
0.206625808100323 -0.132887781417846 0.0474328264273373 0.0153691542392726
0.260026916100541 0.114694070096495 -0.0279933761066579 0.0709501482291045
-0.0866353935458098 0.247782453489319 -0.144029082120192 0.0954076419055924
-0.198192349203709 -0.129043650041234 -0.155563503777136 -0.134540138645336
0.124715729242865 -0.250018687032664 0.152481579613706 -0.256593339491327
0.271296618710177 0.077319815785561 0.304942840034866 0.0406074924498613
0.215457742863471 0.273994172928447 0.222967411413996 0.221823434860579
0.244449186456033 0.228262684127059 0.192495834756558 0.195698793983522
0.282155858562125 -0.0282459493714241 0.0838123504234687 -0.0300434466597906
0.0770307951264909 -0.222025656334875 -0.285017767493438 -0.00611236100506076
-0.119103908997185 -0.106265689142385 -0.106686583151695 0.421705281953905
-0.0491031949759087 0.0386504570210273 0.340828951157572 0.156441064636167
0.0250944245334134 0.0656900373117012 0.133858471752603 -0.239695069373079
0.0639997217453892 -0.0672819047763331 -0.191003312960963 -0.08234445825503
0.00233743565531688 -0.099176641289508 -0.11005754041909 0.357369122559425
0.142711734764595 -0.054399005395189 -0.0311879938034677 0.0445281957877188
0.125507306870594 0.11124683584355 -0.0137427906282413 -0.0171302488017543
-0.0859989135143807 0.0989087487423158 -0.0648639056422056 0.120740394296148
-0.0562864132638063 -0.109022476479316 -0.156942810584623 -0.0890536719949362
0.0892985669551039 -0.120202668138638 0.145041625057451 -0.248188505027858
0.146455456086987 0.0553114424378143 0.327803747281356 0.066014383205494
0.122311593122408 0.164571427808805 0.266465841120022 0.299454434262283
0.156287387057943 0.138441278646429 0.26996100458132 0.267456185127104
0.179697838519055 -0.0151248683042461 0.169296397890959 -0.0359506392093832
0.0614742324119714 -0.143956505087126 -0.24446604376295 -0.0885671229000488
-0.0698396243791555 -0.086256464491174 -0.190701443157009 0.337715720291285
-0.045805914585257 -0.00169892031224376 0.280390527080075 0.208365188349934
-0.0108336151979541 0.0539408652971438 0.179061928590959 -0.205873145868368
0.0406230277240179 0.00456445761826156 -0.158531702020899 -0.134907327330005
0.015184181220247 -0.0289489730815663 -0.106305248343206 0.348780146356423
-0.025807588348864 -0.0111813116575763 0.141173193363204 -0.359684969559481
-0.0170148412672015 -0.029174563855331 0.12195098030197 0.154708177453896
0.0155771944333893 -0.0159219401076123 -0.191726491936287 0.178137032549121
0.0081367694546491 0.0325080571953307 -0.236958465985445 -0.225923143213746
0.00818296736626156 0.06768003995124 0.247886284791015 -0.264926446908269
-0.048163658986124 0.0377867679028381 0.211122728894094 0.12305758760268
-0.059833630218165 -0.0210783265383771 -0.182023521925846 0.0328467659617744
-0.0407361177692841 -0.0364967252519097 -0.316164770911503 -0.287395690551295
-0.0217089611270642 -0.0230547171659903 -0.326702917836756 -0.318288032214525
-0.0295148100690894 0.00972054111593222 -0.348544634302447 -0.0520739264008251
0.00721886053631202 0.045215006249277 -0.110987923945163 0.266148760296891
0.00929085480510691 0.0187693997906959 0.185097200817774 0.0756201793077876
0.00733165922399989 -0.0206660883946787 0.0306433156169831 -0.154674532394955
-0.0462833852879607 -0.0496412120938508 -0.00635723803116276 0.050079684546531
-0.0582831390397125 -0.0105445355053009 0.0668865133380355 -0.0464786019923268
-0.0205067340800505 -0.0497142109961909 0.157630684430711 -0.341919195012245
0.0162752316645783 -0.0419523248934137 0.092308786617832 0.163497188380177
0.0194121509071317 0.029650833055554 -0.232097488685537 0.153838823283073
-0.0377390646713264 0.0548309426831222 -0.22224319171031 -0.260112231847483
-0.0460395172920975 -0.000372743631061542 0.269098682963764 -0.235820204411029
0.00974258980475495 -0.0526086709752466 0.178217227550697 0.13152194661453
0.0789980462030842 -0.00636159920130489 -0.189610966916196 0.00237932779368825
0.0803009480797335 0.0775579075834087 -0.307333092044922 -0.278045086654401
0.0982394561930294 0.0938877513617924 -0.357216759143964 -0.265094866744289
0.0959126568969898 0.00621585813142936 -0.359383323241984 0.0333544704755001
0.0370171822013635 -0.0617999518403899 -0.0449627459505688 0.309470834967824
-0.0640121539777607 -0.025328778438314 0.198020051909617 0.0370863967350296
-0.029323232494518 0.0737252459231897 0.0147076081735462 -0.146060424634757
0.0715727695355723 -0.022158164756152 -0.0168696726203033 0.0334559939030324
0.0290202657794482 -0.102358853930889 0.0401907209297184 -0.0317078484759974
0.00206071859675262 -0.0989325813381984 0.180168280690952 -0.318344531347352
0.0583926219044258 -0.0689323352580916 0.0802953845894934 0.147972204729094
0.0254446261776347 0.0674296119684537 -0.26494916325622 0.138874606016083
-0.0817767737279726 0.0524703237722731 -0.236814779295404 -0.297245525907347
-0.0636347954469679 -0.0950191279898424 0.278887903313062 -0.258688475008477
0.0992881012759857 -0.115887239410332 0.17446711649283 0.103914709836052
0.207815879485759 0.0443449945234792 -0.150701445510991 -0.0271038650524438
0.191071647349598 0.182080304524957 -0.247646033942366 -0.226007999396813
0.236056970388263 0.145442608888305 -0.344120074023633 -0.161849315922716
0.194976423824149 -0.0928705564855241 -0.334540974853773 0.138221507727774
-0.0630590510524195 -0.189244386763979 0.0481567531793552 0.343800794980079
-0.185595465924363 0.0753403360522977 0.220399601067135 0.00949365807116821
0.0632310229251597 0.213609733271514 0.0435417564528651 -0.163233777866343
0.213670063896765 -0.0815912163473971 -0.0548455196091333 -0.0339705694680036
0.073586879772458 -0.198614965530811 -0.0261186176369889 0.0175439995332048
0.0550745389619463 -0.163069257806676 0.204397106689932 -0.264493775733099
0.145135035236724 -0.110000080277916 0.0942836042577645 0.134045670264003
0.0709121454299816 0.108054508671917 -0.254630348724832 0.130448552680306
-0.119794503462881 0.0479705018645964 -0.221439206574288 -0.311327536688198
-0.0506144727345988 -0.201199577703429 0.285493670216483 -0.26766282376637
0.213915377248288 -0.131518947006298 0.185321632587313 0.0704165200457075
0.305902006268677 0.134692986179785 -0.0689236715418129 -0.0329548838848455
0.275322262591325 0.257430378956315 -0.152178212906753 -0.135753182175726
0.34698118009967 0.114111552170771 -0.267917000649012 -0.0602614537228776
0.194625445652329 -0.230584761508698 -0.279350629223604 0.178028761547574
-0.229642564550775 -0.171189105293519 0.0885755199046967 0.349079613499824
-0.135910947959361 0.273549188925332 0.263450036558609 -0.00555646201373797
0.264211321833316 0.214799260525417 0.0503081455037503 -0.239955311154897
0.27503065230438 -0.216120892417148 -0.153893259515249 -0.0782149471537919
0.0622811469680182 -0.265353854136873 -0.0948714541971765 0.117651599045184
0.13141991199763 -0.213740192584442 0.197838991203573 -0.170812150567274
0.282263590932111 -0.107779723014998 0.0923693766111476 0.150261387117416
0.128764981283263 0.218232019024593 -0.223219830615738 0.151170341327871
-0.197495517267812 0.0586862874797448 -0.198910096758087 -0.248569294300774
-0.0154776390708888 -0.304336633477996 0.231773461931269 -0.248584535100135
0.326751788297619 -0.0833562213236007 0.204253119333829 0.0300439260179758
0.348375052958559 0.236124267733464 0.043093544812849 0.00945558807672918
0.320841703222779 0.290548430395381 -0.0340520484508309 -0.0219105403131332
0.388236197164106 0.039679160141824 -0.147638670677993 -0.00874079336187261
0.128977455091192 -0.294630273996842 -0.266723256608838 0.137230276861181
-0.237435667828882 -0.0836079827094479 0.0359316677211266 0.383282274624016
0.0148827967632426 0.249605940866821 0.296196396020563 0.0258236634170977
0.28859913561188 0.0721648598313876 0.0236262868394935 -0.271497835849951
0.20119699592251 -0.276429404303811 -0.233586907528221 -0.0502992463903136
0.0256945729137452 -0.26017451864913 -0.12503063722623 0.242955670328325
0.197492335360583 -0.206988812894463 0.140858844609856 -0.0633026514946181
0.35185908974508 0.0013363721317911 0.0284769144653041 0.148119072094735
0.0520913703386766 0.333872622759418 -0.209130535307033 0.139435537388846
-0.288154085073464 -0.0140528741154298 -0.190367022329777 -0.184521826122536
0.0603743559526239 -0.347057824028906 0.161930446586296 -0.258523652867196
0.360658747719016 0.0122634639714616 0.256726664948447 0.00786899586669161
0.314646112011616 0.298289711628786 0.152870593863811 0.105371999761233
0.31153935731768 0.277905568758831 0.0884959747334864 0.0937387731449884
0.356983294627319 -0.0193407919702491 -0.0231571286538458 -0.0119969497249924
0.0877006323169518 -0.279929743560814 -0.291236840468254 0.0765846103061602
-0.167818029658156 -0.0873046477803748 -0.0279786543474244 0.447318531253571
0.00587888851864984 0.110299362881812 0.345999767565445 0.0959318098747533
0.13732817301044 0.0339766945296074 0.0619549091207235 -0.257882161426694
0.105961777591638 -0.190360424656699 -0.230990541247549 -0.0355441136224648
-0.00154219823069881 -0.189533263531037 -0.114735357003181 0.333465361400133
0.203961565522396 -0.140250481064249 0.0476007059638134 0.0149209546837676
0.266803091800929 0.1091986330181 -0.0282996468586517 0.0724269051203164
-0.0811216000462543 0.254616035358126 -0.144052092819457 0.100822061482705
-0.204247574510476 -0.126098399749923 -0.162147789043272 -0.133083880879676
0.121757063241579 -0.256101998894045 0.145553911011233 -0.262703972604709
0.279533221787205 0.0737256870200244 0.308760661640196 0.0325055160971676
0.224204868375545 0.273897404277755 0.232422414137499 0.219095418061142
0.254355461828786 0.224852614182291 0.201530280363552 0.193432124149331
0.283761403850084 -0.0368355504056119 0.0851378985831426 -0.0317512893679501
0.069358626817415 -0.22810201587598 -0.287118353406609 0.0032077624598349
-0.124151220975698 -0.103873573496534 -0.0925074381157666 0.427382895050578
-0.0487007383463823 0.0428269888107159 0.350029454819912 0.146707260329564
0.0287311219708955 0.0666684416401598 0.127237032167582 -0.249319176829214
0.0634980370755508 -0.0696116205484826 -0.197385218029151 -0.0780073162768269
-0.00169847666107108 -0.0998539545802454 -0.0992730701307127 0.365333680688816
0.142140459147159 -0.0599129252990503 -0.0306695967981724 0.0460005622235869
0.131337706511095 0.109686510800565 -0.0162524244445302 -0.0165080254524976
-0.082983398751791 0.102048272338022 -0.0615630571934772 0.123723553185684
-0.0602270982827234 -0.108736338549315 -0.162698153331573 -0.0880615764126991
0.0866594983415444 -0.123804267385604 0.139922571957694 -0.256936320038469
0.149816131250428 0.0530721097480254 0.334884013429431 0.0581140276459299
0.127047532993836 0.165596198832645 0.276420934972379 0.297466052906623
0.162395583472792 0.135098772115602 0.28243818059601 0.263177127766859
0.180073777237144 -0.0205127856227214 0.171100576954151 -0.0407829860386865
0.0567627375850647 -0.147458673108741 -0.249329493110868 -0.0810770608902695
-0.0740479109070806 -0.0836778429832075 -0.1805111997167 0.343816876221704
-0.0456246836547491 0.0022569174405269 0.288706881080443 0.198908313399887
-0.00774195741831581 0.0558832720884568 0.173047262654563 -0.216111608118119
0.0407202737253672 0.00270588960250383 -0.166225712284329 -0.132664858040379
0.0134459162036222 -0.0290434553836606 -0.0955917668036922 0.35646797493442
-0.0264292506955498 -0.0105547209189986 0.131241008314494 -0.370144674616386
-0.0176123480316207 -0.0287390511802959 0.12905656996 0.154211750502299
0.0144942476291968 -0.017959800745175 -0.184997328990758 0.186523072462931
0.00901060867241743 0.0331678126455339 -0.244025607633213 -0.221662353227451
0.0116680469958971 0.0678770901599967 0.243195679756192 -0.273317411985807
-0.0469071765909818 0.0399436564559953 0.215536471365981 0.117229762326671
-0.0622030376701024 -0.018370839794815 -0.184301398463314 0.0375349259017372
-0.0415047373557074 -0.0366163001188434 -0.327198966051768 -0.280121983101842
-0.0221111957530153 -0.0234944467217908 -0.336035995005745 -0.313470482753113
-0.028397945817278 0.0105097946986589 -0.352004652960884 -0.044886565777243
0.00944100504061504 0.0449389931165199 -0.105183806407505 0.270933198414291
0.00931262472643549 0.0189589209235454 0.18966440993637 0.0730735972142357
0.00656699410315635 -0.020650662782106 0.029502459808268 -0.156303178599099
-0.0490938220257753 -0.0470292078991277 -0.00345929573642143 0.0508450377931736
-0.0590283747555238 -0.00832661697149782 0.0687349856821075 -0.0502408190836342
-0.0222541995022309 -0.0488596293722651 0.147538073224559 -0.35040436303072
0.0149615054004303 -0.0428774118814904 0.0996795273629098 0.163892537130857
0.0203695600146052 0.0279902704829578 -0.230074292660741 0.162563947159304
-0.0368650427618202 0.0567363461097281 -0.231024572116533 -0.255305434709692
-0.0456011946635075 -0.000852573781858165 0.265630198176857 -0.245403934731898
0.00796092896853696 -0.0536381078241875 0.18134378154376 0.126008015290122
0.0787315332108657 -0.009132249514046 -0.19236066098989 0.0067167658844302
0.085079964046028 0.0759073071435689 -0.316578268148816 -0.27135719242622
0.101697228276357 0.0919325495145604 -0.366443505092055 -0.25763810534888
0.0970683371719162 0.00592949045842673 -0.361038793201427 0.0407588954150532
0.0369545144713711 -0.0628910436475512 -0.0348949121691058 0.311793115672106
-0.0632631489358837 -0.0242382172585659 0.200359511641711 0.0340971931605314
-0.0258988858798087 0.0761076248280776 0.0135156901383282 -0.147331555470879
0.0715874546382759 -0.0246403220009721 -0.0146973962159572 0.0328037882187087
0.0257620778749042 -0.104893134066484 0.0408579773623842 -0.0341995542543572
-0.000104390567349033 -0.100272843685663 0.17156757698477 -0.328955434192534
0.0568099676016057 -0.070468171510024 0.0852814099935497 0.149174897503286
0.027628224706032 0.0675211097739474 -0.261324456983825 0.14889369149653
-0.0808950021956085 0.0551643907396896 -0.247511783669396 -0.289997130739049
-0.0662858111396322 -0.0955041170750353 0.272196124809038 -0.269351271140138
0.0972305015153199 -0.120666329849138 0.176687578955289 0.0989113494105722
0.210876118537238 0.037648017440346 -0.154427508697224 -0.0242549332688827
0.198938127468909 0.179460715147213 -0.256863949929335 -0.220302303876284
0.242075483473536 0.140530437762793 -0.350319028068627 -0.154027568808337
0.195246882535183 -0.0963162668896849 -0.332868492508146 0.147356953704731
-0.0674582636466242 -0.18925605321261 0.0581147720384882 0.343445850487143
-0.184811580479815 0.0802608547248276 0.222799016643345 0.00347833781744881
0.0717141893722342 0.21444757183226 0.04093372508458 -0.166332711294806
0.213815305161836 -0.088870799742339 -0.0550375842326571 -0.0327860655297875
0.0668394318172115 -0.204859554923441 -0.02594273478942 0.0180733490446714
0.0504245117952333 -0.166177744739892 0.196367687864224 -0.273966574834608
0.142211357553423 -0.115529830925435 0.0975658499166506 0.133602174977119
0.0751938573959649 0.10723818494345 -0.253336205038312 0.14102773554201
-0.120276035115553 0.0513961172341569 -0.233186736628572 -0.306955713106271
-0.0579490332060384 -0.203468178014933 0.278134095072868 -0.280430804785997
0.212439564690448 -0.138816621968855 0.186515866144995 0.0648836066735034
0.312475418744625 0.128193558472574 -0.0720601388670479 -0.0321135169464399
0.28767135215459 0.253520243018513 -0.158049857450655 -0.132703574363171
0.354023385780171 0.106465557200351 -0.271144066303735 -0.0527444324146048
0.191202121101425 -0.238393504073383 -0.274322375923904 0.187158968530106
-0.23518042877547 -0.16760760968968 0.100865965897213 0.34765859817688
-0.129509275988522 0.280602290286232 0.266221117756155 -0.0140549236743505
0.275001358470949 0.209174924008193 0.0436406261991925 -0.244739223978366
0.269925521416272 -0.22763194573899 -0.156410094382165 -0.0739598105979737
0.0539907280345888 -0.270858818981333 -0.0920552321613708 0.122978139914987
0.126907093308028 -0.219810656325245 0.193474222927732 -0.179719519243509
0.282131974221655 -0.117330652712743 0.0963885950396716 0.149741698556786
0.136240765837505 0.216914532437741 -0.221435224168931 0.159535808795811
-0.198401047956339 0.0645663451434067 -0.208305168803924 -0.246671764265744
-0.0249516888855238 -0.308317354257229 0.22486156749646 -0.258529040838549
0.330240019110297 -0.094042948906716 0.205472229716991 0.0235557679424868
0.358720977180516 0.23054615097695 0.0425920532886321 0.00768801652451088
0.333446787586542 0.285683767626699 -0.0358980155315825 -0.0205756290642916
0.394631719239539 0.0303426169535592 -0.14683636856333 -0.00450424926849054
0.122533416612038 -0.301786115668846 -0.26375284134236 0.147259513555106
-0.243513546855545 -0.0777811137424691 0.0501203862244924 0.383466688720018
0.0218549000369865 0.250748078726817 0.300928176229696 0.0163758280650183
0.295000397075573 0.063970210983738 0.0155049685780424 -0.275909187770366
0.194257789588686 -0.285689995687038 -0.237535030093398 -0.0440097123386292
0.0155506391423279 -0.263421124340007 -0.117643045016325 0.250478170878911
0.193020070243555 -0.216022156040466 0.138462528521246 -0.0683441250059421
0.354234675036603 -0.00900825025956238 0.0315396842889184 0.149339690074654
0.0620661899784441 0.335113579899106 -0.208692319564585 0.147214102220693
-0.291347299506911 -0.00699330260823009 -0.198853570095644 -0.180738668783395
0.0522197333090733 -0.352409124199532 0.155702912448107 -0.264888797857135
0.367316000927854 0.00356464867269923 0.258137328364588 -0.00105674168609586
0.325958757963401 0.294517113034786 0.157066528470703 0.101252109190678
0.323732068172217 0.273694265309218 0.0928863475065092 0.0927446054262695
0.358967201091109 -0.0294755943189569 -0.0217707838536218 -0.0101184108512598
0.0784939029693834 -0.286332656437321 -0.291232252715306 0.0861857489539403
-0.173346651255964 -0.0826822554719837 -0.0137749624266992 0.449132345040259
0.00847245807500641 0.111686133700269 0.353296931536749 0.0842492192333156
0.141517124161734 0.0308059433203673 0.0538242466313674 -0.265021119447502
0.0996655817716249 -0.196311992488023 -0.234691943287032 -0.0308237345980736
-0.00849110401569344 -0.190192703161628 -0.106248150822005 0.341352341513356
0.201058135892046 -0.149100309278137 0.0477066719129422 0.0133665119512157
0.273290998238931 0.101346522416239 -0.0290434808209356 0.0736762633872725
-0.0733653111288383 0.257867999169136 -0.143810811255125 0.106110805447238
-0.211248061273911 -0.121937725432625 -0.168103434608576 -0.130147031313495
0.116989213993898 -0.262260145240378 0.137905077239919 -0.268919846132307
0.284760816800659 0.0675375844620787 0.312624731068197 0.0229876100261235
0.234328066743524 0.272275276769043 0.238997543656141 0.21453888284344
0.264155529530748 0.221121449752433 0.20851295945084 0.190182958984531
0.284302527261647 -0.045020596172033 0.0861447096098497 -0.0335334032359162
0.0637288927741635 -0.233480106379706 -0.289404091930281 0.0127822942518959
-0.129729530718899 -0.100008221195237 -0.0778070449982498 0.431741828289237
-0.0476010027799544 0.0450002760708493 0.358283637806311 0.132857888603035
0.032979837104736 0.0676423596206221 0.118715916320352 -0.257827730036795
0.0620355095890794 -0.0716723445327629 -0.201931100630616 -0.0735889682277089
-0.00391582259729988 -0.0992196781628959 -0.0876625338928258 0.371960374959948
0.141911776797626 -0.0657335143536466 -0.0294633546729022 0.0482067483703932
0.135904599896785 0.107055249914569 -0.0200585005311325 -0.0165191977691588
-0.0813027825051919 0.105529997382587 -0.0588062709735291 0.126526557180141
-0.0643865947063345 -0.10917489385023 -0.167610570009946 -0.0860781241228696
0.0849797910359271 -0.126770149463939 0.132940885441926 -0.262382804783805
0.152866179358219 0.0512348456979599 0.336665491535852 0.0491275666910062
0.130916771186709 0.165828687836574 0.285528437555924 0.294227078924731
0.168033283969833 0.132895581876188 0.292094189978511 0.257627072623805
0.180835624496964 -0.0264836263908499 0.17294695024847 -0.0462236047141316
0.0513234034037778 -0.150402836270736 -0.25137718206592 -0.0731384492362209
-0.0782453512861571 -0.0819421609459197 -0.170413661920001 0.351106649037769
-0.0459909180096344 0.00411941438909276 0.295366564298899 0.192740254302998
-0.00500812015596568 0.0556970810247441 0.167694826842038 -0.223741448602492
0.0417355703739917 0.000996671572057123 -0.172073150476885 -0.129734970134733
0.0128501434844061 -0.0292774330981334 -0.0844232784862737 0.364011632582081
-0.0265121239690124 -0.00937191653495482 0.118884456696135 -0.376613729109499
-0.0194014719084742 -0.0285610179816243 0.135769184247806 0.152423525856015
0.0132789690246629 -0.0187344127428712 -0.17931143956535 0.193701065326512
0.0106258021580495 0.0328659641516679 -0.249915347881415 -0.21352164761907
0.0145727603202137 0.0657816668713973 0.236727033265017 -0.279999338135638
-0.0470005866585077 0.0420338118641119 0.217542658261879 0.110991160349499
-0.0628543692720332 -0.0176664015282887 -0.184887414311099 0.041179862242295
-0.0434871377660225 -0.036479350262417 -0.336591176909162 -0.272930373130953
-0.0236525154744322 -0.0245276262627644 -0.342879151331323 -0.307256142966872
-0.0281016730553 0.0114965117543341 -0.354620246446948 -0.0390632853011585
0.0103121599586138 0.0439019801812214 -0.0983071542968382 0.273408447622179
0.0109194845494763 0.0189157741900188 0.192527640735884 0.071999852351251
0.00659635612639251 -0.0200762651475758 0.027532121137302 -0.15783911975665
-0.0504547721085604 -0.0461736435160644 -0.00145845783688967 0.050384564494639
-0.0605214901960289 -0.00642220201467071 0.067795661856517 -0.0539117252719843
-0.0234783545055454 -0.0478876345332201 0.136719782582626 -0.357627846490483
0.013620401265332 -0.0434942260726313 0.106986013969113 0.164069646166153
0.0213150436065131 0.0278334937054694 -0.223286807515323 0.171395352832877
-0.0347365670562044 0.0580155502563305 -0.237499521095677 -0.248795045469182
-0.044951291065084 6.83287343611397E-05 0.259945820536689 -0.251832457344207
0.00697402503327217 -0.0536534823303197 0.183245236527689 0.120755141177588
0.0789821754234516 -0.0123806926346976 -0.194340296787706 0.0113607653882456
0.0873823493447385 0.0725275999831986 -0.32680995053472 -0.26329859640538
0.10319225904665 0.0902697227737231 -0.370519992910862 -0.249050171332827
0.0985605007940436 0.0049519120195 -0.360279576709326 0.04826665298563
0.0373243763390601 -0.0643379973191538 -0.0276585983786178 0.313085221391992
-0.0634842960374236 -0.0231027753799029 0.203404715390166 0.0308887399152449
-0.0236975819082224 0.0767667030497615 0.0121617219733905 -0.149729295407459
0.0712485970666438 -0.026991191173093 -0.0129368610206858 0.0331917410248456
0.0213388385213497 -0.106547039837836 0.040478109617191 -0.0358058010611464
-0.0030958425685399 -0.100105274729628 0.161668862708703 -0.335262464801026
0.0538327819015714 -0.0720983089339535 0.0912133746568514 0.148093868507738
0.028782767951267 0.0673603520251827 -0.257288782757202 0.158614354985299
-0.0806753698228689 0.057752970854317 -0.256609338433167 -0.284990818235832
-0.0705416321329125 -0.0940459531793081 0.265282244837435 -0.275336580561914
0.0943036157113969 -0.123191593294877 0.177835997673617 0.0924359149901176
0.212004592206727 0.0306906097987933 -0.157335177967819 -0.0208610332536541
0.204191381554923 0.174966211737726 -0.264290047533995 -0.215233922248314
0.2460415118373 0.135076337760523 -0.354767855878592 -0.144869941261853
0.194752382678494 -0.0992331650326109 -0.327586964040084 0.154573242777883
-0.0691978144491568 -0.188833157052598 0.0685216634133739 0.341344142011568
-0.18198646526522 0.0849170106459393 0.22431820196378 -0.00119800575288731
0.0793961531402029 0.212297269529012 0.038867535277558 -0.168452869229317
0.210866915129606 -0.096039529529882 -0.0555583140670157 -0.0322488696057664
0.0602878521479108 -0.208156663643225 -0.0244472896966609 0.0188402045392447
0.0465015728049868 -0.167894355480587 0.186145013156788 -0.283505412548839
0.140289469073793 -0.120217702130886 0.101765404004474 0.132675804236088
0.0779667119881838 0.106383237320983 -0.248976199188391 0.149812772551995
-0.121143916603565 0.0549626881501351 -0.24310075141223 -0.301103174578762
-0.063452771695215 -0.203739160082232 0.268798011153349 -0.288091499536758
0.209722303848123 -0.145233018341264 0.186539917229625 0.0580073228793021
0.318138139630375 0.120408844674244 -0.0746559242396528 -0.031748507670677
0.297166969896857 0.246144588274296 -0.163746534056937 -0.1284739163728
0.359177969849737 0.0986391042967272 -0.272142141583493 -0.0446671657004421
0.186012958979821 -0.243915025766575 -0.269643285736126 0.195429125878298
-0.24018149132493 -0.163684722596048 0.113110558070057 0.344669665555198
-0.121318248305064 0.283123576196258 0.266135955750056 -0.0210190045413963
0.283438086719542 0.201808842211677 0.0376443791687628 -0.246747643738746
0.264656993790529 -0.236793782421033 -0.158969595681624 -0.070619257532042
0.0444914528615772 -0.274113767513638 -0.0868660972732988 0.126928093722488
0.121380011420022 -0.224605338208596 0.186777923042516 -0.187293981515142
0.279016011725062 -0.12605053296966 0.0998111454610012 0.148341277162602
0.142777665934877 0.213689172106223 -0.218834462824008 0.167351984556515
-0.198632991014709 0.0692014262959004 -0.216464404598629 -0.241709519980206
-0.0327371546488276 -0.310387909712735 0.217370196702347 -0.264042785550204
0.33043053321015 -0.100984782371976 0.204901196047089 0.017162766433902
0.369507075988971 0.223012295200903 0.0415369012796713 0.00561766807954181
0.34386692489708 0.278287582451518 -0.0377040139045612 -0.0200204371037488
0.397412932966245 0.0209680784280507 -0.146676949940455 0.000725653691980829
0.11481259681621 -0.307847619777487 -0.259284262769535 0.154600512347117
-0.246066786736112 -0.074050215016984 0.0622464607932632 0.383706595927632
0.0286890680434234 0.251772871703385 0.303047754983312 0.00709830426625035
0.298972791073935 0.0556929466099643 0.00702939839069485 -0.278408212048371
0.185349713576542 -0.293814612690283 -0.238599909278524 -0.0379872821522606
0.00703261165418207 -0.264046377030571 -0.108684315592582 0.255125540987047
0.186157222342559 -0.222990594620018 0.135120720554255 -0.0722480701941491
0.35604384147813 -0.0192350857964358 0.0338050904974712 0.14998749127004
0.0716387454469173 0.333990261565345 -0.206345027343115 0.153511677319667
-0.293350038105022 -0.000305495846955222 -0.204973967237112 -0.174979474475807
0.0455899581525968 -0.356893320379952 0.146163494504799 -0.269482674448709
0.370597656961554 -0.00466978216595098 0.256708229322234 -0.00898555435660826
0.335113966137625 0.288800919361987 0.159291732449497 0.0961356957377
0.332581483494284 0.265890201126604 0.095948440851627 0.0895619324169391
0.358995688718079 -0.0390953605226066 -0.0204160573576371 -0.00823834421043374
0.0710835533561297 -0.290405999509847 -0.287625156287725 0.0949079950181274
-0.17692678037499 -0.0793519515349975 0.000524230987186579 0.45062815600421
0.0111890754812396 0.112716980175825 0.356828016694407 0.0717119789676937
0.143916109099127 0.0274839770474646 0.0467989188679018 -0.268537306194336
0.0942540244558836 -0.201034417914316 -0.236605844521054 -0.0238632687495614
-0.0137368692952851 -0.190758600694981 -0.0941318645890138 0.347550613938569
0.197571563321658 -0.156077710866883 0.0476512232366271 0.0118797992374724
0.277410623108079 0.0940529082189145 -0.0285322144248404 0.0760564238442873
-0.0661864255251835 0.260984588091171 -0.141838799774363 0.111282571024214
-0.214887215916118 -0.117167649236404 -0.174621901777673 -0.127122829505793
0.113520068592332 -0.265024749201882 0.129876955731554 -0.273353836087099
0.288717519817856 0.0626684536306917 0.312591119564702 0.0150616448255917
0.242380818449842 0.271119576720381 0.243221249505726 0.209944167117244
0.27197279694671 0.213403678542339 0.214057630777137 0.184358675527152
0.283426300356219 -0.0521538339136517 0.0881131838398571 -0.0364042256196939
0.0550559632963879 -0.236620482007078 -0.287785359083886 0.0227358337604002
-0.133894324604927 -0.0964979320864418 -0.0658209056609019 0.433027386547566
-0.0459811374188676 0.0478754248446917 0.362505592655241 0.122116625252423
0.0366525295860081 0.0669945850286438 0.111301983544258 -0.263852402806836
0.0605381257558593 -0.0740883234615919 -0.206276552532819 -0.0687107467873746
-0.00678983730990088 -0.0992195806809862 -0.0761353646438497 0.377680885578325
0.139783374184644 -0.0694898525850172 -0.0283640974448216 0.0495047978753547
0.138587511890375 0.103371155286007 -0.0230337636803844 -0.0159455766150084
-0.0782297442093646 0.10717367552258 -0.0565511939149515 0.128567103864418
-0.0662704505634323 -0.108198726769429 -0.172991315400925 -0.0843710115105858
0.0826258422619188 -0.129539823728143 0.125547411422892 -0.267006463100824
0.154011790679622 0.0483149815057966 0.339298854539627 0.0402345896279068
0.135022367766135 0.166153859646476 0.292831376773866 0.289161439093328
0.171167067869639 0.12812519811356 0.298682274733534 0.250458398864406
0.178971480610549 -0.0298943078557284 0.17363022414281 -0.0510959199589953
0.0455202263627249 -0.151894903159867 -0.251570828698543 -0.0638262241155833
-0.0798961031582671 -0.0776172901560965 -0.15978065228449 0.351863485237561
-0.0451169931262811 0.00715520274312024 0.301015828227357 0.181841474340667
-0.00231603021870382 0.0564941621957614 0.159072583696407 -0.230592609981569
0.0418668024891257 -9.12656700832112E-05 -0.177928162313799 -0.126936885671297
0.0127768147673127 -0.0277681456229516 -0.0737325065525668 0.366254162876812
-0.031102134498897 -0.00657056449331569 0.0903151085547905 -0.391046989031099
-0.020586157427106 -0.0315612867262072 0.150564756277311 0.146737007877282
0.0153853835917759 -0.0201235883286453 -0.165870785809192 0.210249816272423
0.0124771134333634 0.0364118207336465 -0.267349606036122 -0.198999412257277
0.0151531459355594 0.0632082010467575 0.219805162171076 -0.294822982083304
-0.0431558374234169 0.0423193072474896 0.22444263081919 0.0990241051221462
-0.0635046165670815 -0.0129792085320127 -0.185120503228781 0.052281049948666
-0.0461182281980411 -0.0333438689614321 -0.354825415946725 -0.254699957410421
-0.0277636505245277 -0.0240303598841759 -0.363098153572962 -0.285629913610761
-0.0264124638597658 0.013692513926901 -0.361917185920196 -0.0187898741133358
0.0150708796156483 0.0418256746566889 -0.0828057372080995 0.283754068790632
0.0106613220328061 0.0175733879191825 0.202973159238071 0.0601871991651254
0.00629310153600966 -0.0188465123623113 0.020821095955652 -0.162367005535353
-0.0538773311278845 -0.042011042765024 0.00410129183040893 0.0496901684551644
-0.062329336129117 -0.00167436316909742 0.0655510237974548 -0.0621388423553812
-0.0294734008752175 -0.046940121233404 0.108073361845736 -0.371871108085536
0.0120439050116038 -0.0483245252985458 0.120520817808381 0.160983569161102
0.0259771225186566 0.0273521026910897 -0.212456537421699 0.190383356434267
-0.0332711486708919 0.0655788383266865 -0.255659342451318 -0.234223528546932
-0.0495637121265085 -0.000352906930976074 0.245046535345424 -0.268369982158268
0.00558101526962794 -0.0572163274986577 0.190346380495854 0.109981738737804
0.0790860064949771 -0.0162852210082378 -0.19560552003549 0.0220723379352432
0.0917358215958165 0.0702438354501229 -0.345144383613844 -0.244932105015516
0.108652181815789 0.0839881454380501 -0.388686695238796 -0.225812803166922
0.10099864745004 0.000881905550715119 -0.360306406646683 0.0696525362964674
0.033897335588087 -0.0686239579997128 -0.00520820109283482 0.317317629305826
-0.0647469071515267 -0.0191384597187274 0.210446636039129 0.0181502681178651
-0.0155103994111414 0.0795403382152815 0.00410432030887476 -0.152637879797101
0.0694324026910366 -0.0323490005787949 -0.00868067498746514 0.0342592469514822
0.0132631055581798 -0.108828786812548 0.0420240244980057 -0.0403822165440961
-0.0120314709603057 -0.100954160167704 0.134497881356201 -0.35268704327562
0.0513847794595556 -0.0794862812049043 0.102900862469344 0.146133046886685
0.0372610355554611 0.0684413298809752 -0.248547978584591 0.179653332650042
-0.0799706704761199 0.0686751301363033 -0.277855386182085 -0.267566896642691
-0.0816701249039729 -0.0949481413496331 0.246871377812716 -0.293243830410986
0.0878259555065598 -0.132769116859328 0.182027179103621 0.0809371715604478
0.217193465779407 0.0208807619456725 -0.160892834593736 -0.0132226580534232
0.217696349899676 0.164653833867907 -0.280624543352527 -0.199030842538089
0.25550890131095 0.120509736247809 -0.362574807176114 -0.122041442086414
0.191384245597274 -0.111925949679357 -0.318913819566538 0.176693824881219
-0.0819680285962541 -0.186996625127121 0.0955752016050492 0.338480776015513
-0.175759853980585 0.0973602375854343 0.226892681151866 -0.01898233948207
0.097577796059522 0.209127128204919 0.0263821887315604 -0.172138839314698
0.205525249571298 -0.112020549554451 -0.0560953433241371 -0.0269690065543037
0.0447895244191492 -0.215690564474901 -0.0183611603460779 0.0211359795276532
0.0348099878137133 -0.174559044597672 0.164485578016938 -0.299479295606853
0.135703998560276 -0.133486156867442 0.111077530458745 0.128330941284957
0.0889241808362625 0.105752817813912 -0.242706688734599 0.168975698844714
-0.12175818981932 0.0679247764362715 -0.267834527925721 -0.286514915486828
-0.0825429722438611 -0.205103410917285 0.250582133591004 -0.306488894152823
0.203720585266718 -0.162711924201074 0.188050502094601 0.0445362979920464
0.329417098740777 0.102636421463811 -0.078584801673324 -0.029589621120723
0.315335336421051 0.232123323156675 -0.172568193985372 -0.118944608788113
0.366974106841783 0.0759424300924888 -0.273186943333562 -0.0247333967464443
0.172695572975279 -0.257939468227243 -0.255616817031502 0.215051649081273
-0.252595349848521 -0.149943120861517 0.139823719314373 0.335619336551746
-0.102354671229053 0.293639287123435 0.266690755597654 -0.0429454098846767
0.301203624313364 0.18308581343808 0.0191857935577696 -0.250087232928532
0.248966752344198 -0.257764675481276 -0.161778377080298 -0.0566065962086672
0.0235479827332886 -0.280386250128457 -0.0744143433221271 0.135150392752812
0.107825654925994 -0.237558394094523 0.17200308055316 -0.20309448997154
0.276476785362663 -0.148066625556092 0.109546542137697 0.143970732498514
0.160000572728553 0.208757257889823 -0.208431706074268 0.183504026998087
-0.200859054316545 0.085546485067354 -0.235680377061447 -0.229061204924892
-0.0561120350587314 -0.314909451665578 0.198978971653937 -0.280365655348033
0.327676359672977 -0.125146847215874 0.204099501605138 0.000764659315556313
0.384091569960288 0.204813848099622 0.041238462042584 0.000271594421270158
0.363308009013029 0.25907086017464 -0.0371869750569214 -0.0182716848832223
0.400001284431733 -0.00670918306521304 -0.143570135881983 0.0137205006415512
0.0947157149632047 -0.316961822393089 -0.247291685636166 0.174052012708217
-0.25361747250055 -0.0577292237361117 0.091905828976944 0.377117076442864
0.0455504514715775 0.252663197379258 0.304172086517292 -0.0159183871974584
0.30643564855228 0.0346203400186107 -0.0119980050599149 -0.279243442371293
0.165920732078042 -0.308916246200589 -0.24073518196176 -0.0194253758349838
-0.0126756694044411 -0.270292168611051 -0.0887262000156717 0.267257839330521
0.17463683264494 -0.240536659958243 0.12963915015324 -0.0840572723121637
0.36347391870992 -0.0442439329327801 0.0430040473340435 0.149908410952105
0.0960520141937323 0.334286985001453 -0.197613504948824 0.169296676006278
-0.298494500242205 0.0185338487626678 -0.220260006431094 -0.162345099339384
0.0235167566660427 -0.365082440722739 0.127504526649286 -0.280698793982807
0.374966703447552 -0.0286288386708831 0.256662980783751 -0.0271522886163079
0.355068064272684 0.271937744978314 0.165661570992553 0.0860613902897594
0.355005380233522 0.248167452015176 0.101879884115975 0.0850563546735081
0.35756797024492 -0.0628965754091737 -0.017690628213867 -0.00611770075627138
0.0490171222121788 -0.29709796936238 -0.279899547335483 0.11573156008218
-0.186197165873827 -0.0682957914979783 0.0354440908746471 0.449404711715902
0.0163214632942421 0.113373084041295 0.366826662866644 0.0456700263268588
0.148114611126223 0.0188133157852356 0.026763749083552 -0.276060188972915
0.0828623008961309 -0.207097125958042 -0.239388917365714 -0.00666436743440793
-0.0281821027872461 -0.194464036857793 -0.068008999158878 0.359491682419383
0.190809004563743 -0.172194664858715 0.0482905945830095 0.00903830284587472
0.290470816930735 0.0784580942099702 -0.026270020376086 0.0796777445671892
-0.0489693445272667 0.26692429005886 -0.135431207344452 0.121591365394306
-0.223951442021391 -0.104160967711782 -0.187716209107943 -0.116165706992836
0.0997248626095638 -0.274222230809068 0.111043052595882 -0.284694973157962
0.295029839038848 0.0439721868649457 0.316211574422707 -0.00631368017632157
0.259168012754011 0.259370815045805 0.257316702745895 0.195823116007665
0.288848452053103 0.199748213411779 0.227268366650969 0.173611976324136
0.279193521518939 -0.0724276227817354 0.0891830830561901 -0.0418165021464952
0.0382314145420634 -0.240494164276973 -0.284039259462835 0.0425055387329449
-0.14265692296575 -0.087731077865137 -0.0322114922844836 0.437090005817756
-0.0444891080925972 0.0520291092770477 0.373125430411204 0.0932367987460594
0.042994466248224 0.0682260317804818 0.0904138742932969 -0.277365339348598
0.0570270537257508 -0.077327380698453 -0.214270324700067 -0.055323407792326
-0.0143645542965112 -0.100881141760061 -0.0482894409606995 0.38823771544214
0.139098057204265 -0.0798609105971139 -0.0256395731012448 0.0535780436050647
0.149057717531264 0.0972813905943557 -0.0260786319719821 -0.0147087463035371
-0.0709152799344256 0.113677206542531 -0.0486613282635833 0.134371546195343
-0.0729967392896675 -0.102867899690623 -0.182409540881479 -0.0743017706670995
0.0739951540771356 -0.134491428893021 0.108945697113467 -0.275847378851728
0.157895974230127 0.0371208571522063 0.342732746870122 0.0185211079845137
0.146039488074868 0.158696664764694 0.311822465394817 0.274304333523024
0.182026462915108 0.117177309808126 0.317423369505443 0.235435166517485
0.176136977812924 -0.0429016721199961 0.17259962073677 -0.0633629824203504
0.034086135630748 -0.153837398210185 -0.254279815950368 -0.0465046842895181
-0.0856437629582501 -0.0726805422112947 -0.135250143306071 0.362351456969242
-0.0454323778138962 0.0111706777887683 0.315556470673267 0.159619610966049
0.00276553717239379 0.0589601421555347 0.141129728102165 -0.245346853763591
0.0435999553601234 -0.00134801480925864 -0.190915931554258 -0.116593905766628
0.0108201178798169 -0.0316136239458789 -0.0487569212108249 0.377986602316097
-0.0310601633035976 -0.00509952759655827 0.073781254445079 -0.396846439957155
-0.0229160748024297 -0.0313404570386763 0.159260643517286 0.14262532661628
0.013070758901669 -0.0205472647892725 -0.156411888007963 0.218155135380185
0.0139511923087314 0.0369154141539265 -0.273343160970018 -0.18879844840878
0.0184619430986525 0.0614418467676106 0.211960679910289 -0.304334011714975
-0.0417555796366936 0.044935077227505 0.227082663128248 0.091399648610034
-0.0653146317676125 -0.0108470083034411 -0.186307810984151 0.0586077361389325
-0.0467022280135658 -0.0325947410306074 -0.365621987039517 -0.242717489976539
-0.029533588352377 -0.0235118787050604 -0.373968618620387 -0.276463092349775
-0.0251013934985484 0.0144998776312458 -0.365108578149554 -0.00786987545525893
0.0167394306701664 0.0399868076195392 -0.0726106156961396 0.288712924608182
0.0106551434002155 0.0172705942039395 0.206786628296121 0.0565541344034838
0.00770456587026411 -0.0193068413718867 0.0172055321332213 -0.165933474870189
-0.0551175634916799 -0.0397154282514967 0.00654731136416906 0.0495010639566493
-0.062226407386869 0.00189402875194053 0.0641256764222105 -0.0662636085049142
-0.0315647752519998 -0.045738645275946 0.0930957262057976 -0.380803329790809
0.0100151900717432 -0.0486857649090768 0.129820258150027 0.158117280732608
0.0270186057744785 0.0268653429554842 -0.206356450519226 0.198969436876153
-0.0307793055134389 0.0680910754655584 -0.265283362742295 -0.225111302091639
-0.0494200196056919 0.00018774357024199 0.235851674281142 -0.277943933391548
0.00327138589751259 -0.0585785892415791 0.192955938933256 0.102688894860707
0.0789723175197201 -0.0184465953066683 -0.198233494246786 0.0281781475114698
0.095915279424232 0.0666578979294731 -0.355720032035796 -0.233840800093628
0.111213847805453 0.0814583526481267 -0.397821377281842 -0.215510460737714
0.101908653177545 -0.00159594817802985 -0.361080667807289 0.079380522782997
0.0334126184178601 -0.0711759335683331 0.00515081282942538 0.320265505453707
-0.0652357208190708 -0.0168713958142649 0.212888805489888 0.012224596146454
-0.011568218138127 0.0800140584015082 0.000731820015102989 -0.15531320170826
0.0700068749134388 -0.0349668822032095 -0.00766089809504639 0.0344662343120166
0.00798248658188211 -0.110232835063947 0.0408521513461412 -0.0437078641606479
-0.0149983455259374 -0.100843707877172 0.119597658588318 -0.361178008168367
0.049622885969421 -0.0804994902390284 0.110825226872159 0.143414156792439
0.0402665638476854 0.0680081487562177 -0.241988973412764 0.190670970821947
-0.0781102394572051 0.0730751418308415 -0.288505195153308 -0.258026900372375
-0.0863474781357545 -0.0934523227056196 0.236809515933196 -0.302701721626383
0.0839849578986377 -0.136010991848238 0.182992749704584 0.073612621979003
0.21805940625913 0.0124983343907825 -0.163750953422558 -0.00821829221874228
0.227280883062072 0.157695876600072 -0.289229808138235 -0.18982336204725
0.261603380224122 0.113830840941769 -0.36907679608576 -0.10989660454016
0.189461326127261 -0.117414437193478 -0.315824436609469 0.188239955847398
-0.0876460666503247 -0.186998230325197 0.109283161572793 0.335896479272604
-0.172895691805529 0.103822630671987 0.229757748523591 -0.0262745286203738
0.108083617232582 0.206583487416871 0.0223052695892874 -0.174502736699668
0.202253171373395 -0.121631814331718 -0.0561446206579216 -0.0264006013645504
0.0350224706080254 -0.21830868529659 -0.0173996522191668 0.0215591507339735
0.0287796491537947 -0.175725860145741 0.151522007027153 -0.309029206064126
0.130892222822248 -0.138031313515072 0.117099921425694 0.127108777854591
0.0925574756935389 0.104430579749207 -0.236825548311195 0.18130409576668
-0.12048408143881 0.0729018007992893 -0.281240352505394 -0.277124990394037
-0.0918250380750996 -0.205718922721378 0.237915953827047 -0.318762295867601
0.198901655922227 -0.17045229234476 0.188641746630845 0.0365151140769959
0.334314008884938 0.0907368103363464 -0.0810744528859801 -0.0285158322744512
0.325946958066783 0.222056845178745 -0.178771281563054 -0.113531251050247
0.373016092957728 0.0647183369228946 -0.274745149721683 -0.0148162902263148
0.166749567137025 -0.265787766362549 -0.248053332739911 0.22540253269379
-0.259367729766321 -0.143625437179423 0.15567354885675 0.33215169967495
-0.0928257494645411 0.298397301065313 0.266224896930349 -0.0545125203395352
0.313103967551016 0.17236797332526 0.0123236566185419 -0.253073512251742
0.240219169564968 -0.270244667347683 -0.164445140745731 -0.0517795352085183
0.0117719241752299 -0.283800253645874 -0.0695696790355902 0.139063324718602
0.0985399619184273 -0.242299364546379 0.163484803712782 -0.211594260526929
0.271984242472651 -0.158807341378369 0.114257620148773 0.142892207141427
0.169387825513868 0.205241068520072 -0.204368581648215 0.193686527558592
-0.199845688353134 0.0923733338212943 -0.247137779502482 -0.220839644816332
-0.0680811533409458 -0.317934690714257 0.188554915884775 -0.28928515090379
0.326732734462476 -0.137847163789731 0.203458889582598 -0.00691062543710096
0.395971477840204 0.192615772275725 0.0406976736616115 -0.00237134646433095
0.376975537888704 0.248198873180124 -0.0399955708100491 -0.0166355238676873
0.404072687306506 -0.0199862210156406 -0.142192529141785 0.0186537575843333
0.083918636381143 -0.325659041984367 -0.240907285505395 0.183689938717448
-0.25974912643936 -0.0511128746505403 0.108444679951673 0.374751744582432
0.0541555148653962 0.252487594814645 0.307876387089244 -0.0302802715429811
0.311370999851856 0.0231456069794074 -0.0222758767579578 -0.282759929688383
0.154905793771176 -0.317891180765552 -0.242326614002557 -0.0104439484144813
-0.0240917149016733 -0.271426065142664 -0.0767347424833982 0.272618930089943
0.166694020636704 -0.248825081954235 0.126671044336247 -0.0890371897085254
0.365235610801086 -0.0586375039949479 0.0472159247461993 0.149754099523948
0.109303398392124 0.332415702015185 -0.193899199126235 0.178557758632514
-0.301464659220422 0.0284579707068307 -0.22998230483167 -0.154392520527495
0.0104035650690731 -0.369614432915192 0.117331161503803 -0.286964455301233
0.378062354113183 -0.0424431481620183 0.254688132132955 -0.0367104301022467
0.367629190883213 0.262380939143889 0.169458298189797 0.0789322602118551
0.364647498007833 0.23591487595559 0.105924470131614 0.081461450022424
0.356838499510348 -0.0761997076557949 -0.0158259074822375 -0.00471633824931807
0.0380987180595557 -0.302493579901183 -0.276197425126615 0.127432094849498
-0.191533068580402 -0.0626840615848317 0.0539505294941044 0.450731779435827
0.0211997772355695 0.114615408596045 0.370321406976977 0.0291467532824612
0.151380501661042 0.0140060376553015 0.0154162597947634 -0.280448808291874
0.0741970307382792 -0.211259776702847 -0.241706890262696 0.00169848711735112
-0.0364406924372427 -0.193722550340694 -0.0539828485025724 0.363975691870385
0.184900387226226 -0.180297512474112 0.0476158695271307 0.00802580606101822
0.295740073019956 0.0667452881796061 -0.0250727798824703 0.0824414878802099
-0.0391884880537323 0.270882208838306 -0.133031421964697 0.127901969318292
-0.228658150214537 -0.0978820101493648 -0.196157743726156 -0.109328371822621
0.0896899038800723 -0.280570674812803 0.100014454649595 -0.290111839574235
0.298982393497121 0.0350875269071524 0.315695625329455 -0.0166444622394116
0.270764390155721 0.253794520914507 0.263724349823975 0.187799182977076
0.29715944722073 0.190438964077384 0.235275675496859 0.166899402216414
0.277961831794395 -0.0810576052494103 0.0901375943846663 -0.0449315916268071
0.0282304021777439 -0.244370723793441 -0.282373543948954 0.0541756873163627
-0.147704101696754 -0.0822005028143232 -0.0157166403926895 0.437821532976573
-0.0429606153266902 0.0549797992889911 0.379574104361667 0.07884994226721
0.046680316955145 0.0672127682899781 0.0787836997408393 -0.283706682496435
0.0540174385905755 -0.0801111155701354 -0.219318115657469 -0.0491742603107623
-0.0184652830781535 -0.100004858283526 -0.0335041929397864 0.393445928320002
0.136866581902857 -0.0869822483649104 -0.0242400666738308 0.0558316018900125
0.15340155263883 0.0928994012630838 -0.0288393470120773 -0.0114304933929913
-0.0677741834473374 0.115144520319711 -0.046529320548391 0.135725505041975
-0.0768915615164138 -0.100422088851288 -0.188720371954855 -0.0690950776860587
0.0706467827974398 -0.137621198429059 0.09895635517574 -0.283058597249747
0.160590171607827 0.0327973337609239 0.342907173606873 0.00807411386951237
0.151975580346227 0.156717899001813 0.319588208026713 0.266882166647911
0.187503324644533 0.111212774674178 0.327123607719102 0.225081175548462
0.176009801220494 -0.0491979545820386 0.172131658516651 -0.0712680283694743
0.0281142035086674 -0.156745491647287 -0.25483007723726 -0.0370678394711274
-0.0886490361130685 -0.0696275509900526 -0.123261192827529 0.366818261831043
-0.04429279098183 0.0118135745771627 0.321945819852525 0.147978465856886
0.00603471521066734 0.0593255075580875 0.130602097805829 -0.254213792145742
0.043765897337409 -0.00280567261395769 -0.198820907350929 -0.110717912450124
0.0102598962746314 -0.0306997188631852 -0.0339598661114539 0.382065671966617
-0.031444596641132 -0.0035355067178646 0.052225359401712 -0.399790526328526
-0.0247501169554531 -0.0299470673633463 0.168162550378641 0.135470121106879
0.0115591605861651 -0.0216264997346408 -0.142671100495878 0.22452195409548
0.0147137408016303 0.0359143025928679 -0.281111512271544 -0.176294693308867
0.0222548842210094 0.0599774360048554 0.198914675374833 -0.31274421303701
-0.0382554791964321 0.046653115036643 0.228816782464059 0.0801194802174716
-0.0654541479833971 -0.00752018942483547 -0.184953942271477 0.0675880310048275
-0.0483365077222857 -0.0304497264279378 -0.374616265196846 -0.224797671178907
-0.0308154335104393 -0.0225298562133101 -0.384665781634925 -0.261678741282194
-0.0236134470818438 0.0154884659932038 -0.368294148430847 0.00497110193580995
0.0178931413503038 0.0394463871634335 -0.0589381297049827 0.290651172078076
0.0116963472413647 0.0174499090572154 0.211212266333167 0.0492666754085993
0.00714370397374849 -0.0198588380204115 0.0116742850698908 -0.169198628574798
-0.0564125785137054 -0.0370390773572071 0.0106765975161337 0.0487140965676864
-0.0623148403796629 0.00498738158032582 0.0607641092143803 -0.0709808074480823
-0.0339154378667455 -0.0438505024015657 0.074112748740242 -0.383719651349996
0.00796018972200071 -0.0485942609519469 0.13818938688345 0.152647675892143
0.0278186721444402 0.0262079195968532 -0.193428668799801 0.209716808690649
-0.0278531012548362 0.0700200231063492 -0.274073305616491 -0.21244901134274
-0.0496644792442529 0.00185672261798015 0.223833175053111 -0.286165448482776
0.000560594499521846 -0.058182143201124 0.194846091898972 0.0933394187587319
0.0772666485985835 -0.0221785521853291 -0.198722694896795 0.0365137452332575
0.0984675980286668 0.0622142640656935 -0.365363657562344 -0.215870025570238
0.114975860178938 0.0772015905562936 -0.405246665885703 -0.199782144429295
0.104370167691931 -0.00381833508943406 -0.359244456232184 0.09151491138586
0.0317083847174701 -0.0721564867810511 0.0175406851167353 0.31802501620006
-0.0649359935655055 -0.0150982081403209 0.215372212926885 0.00414731962036479
-0.00698094253115398 0.0810834567013844 -0.00353725673261383 -0.156821958289205
0.0680968180102383 -0.038757893515058 -0.00486550021457563 0.0336332669493178
0.00214308264780683 -0.110585489144363 0.0392786337930804 -0.0474129060896521
-0.0194880221897913 -0.099315422602656 0.102087591336915 -0.364774063503786
0.0454909872453258 -0.0819199458572796 0.118443244115655 0.140587473402258
0.0428933423212298 0.0666900095757326 -0.231271821303527 0.203106425729633
-0.0746474535001118 0.0771689945511693 -0.299607993172431 -0.243152300380678
-0.091673217926672 -0.0893122880220083 0.222010678856652 -0.313846953893202
0.0776635793936713 -0.139326972645496 0.18452833723749 0.0653260959496914
0.218156841943069 0.00306987705022332 -0.165349663550196 -0.0018864041131306
0.234065084468547 0.147285528919067 -0.297696294429201 -0.175321439557769
0.266561066605472 0.10312214239289 -0.373368008928139 -0.0938964087022513
0.186858894453102 -0.123796798872394 -0.307222040257395 0.199212110298615
-0.0941140566434082 -0.183751149824154 0.125231923874145 0.330085641216012
-0.168007351738109 0.111048146861676 0.229067325422363 -0.0372792739328361
0.11910022771486 0.200366775003494 0.0162191022467022 -0.178581510415908
0.196297651059388 -0.130331295073254 -0.0560416565234057 -0.0244856463761435
0.0240135047057333 -0.220425718608761 -0.0154876264548232 0.0209216524387868
0.0208268229848348 -0.178336693363734 0.135657583842462 -0.315962856631421
0.124380690726945 -0.144084004156625 0.124099549620119 0.123564396504445
0.0966716000685749 0.100593788415109 -0.227210194357399 0.194513377955505
-0.117242698587315 0.0791434238356731 -0.293577056202636 -0.261561075667979
-0.103340403680728 -0.20141220953168 0.220558602935913 -0.329141209691239
0.191596783984954 -0.180145867773698 0.188112244810602 0.0275274091252509
0.339430010103459 0.0758291186095853 -0.0838642728675958 -0.0257227830374809
0.337567321499893 0.208072948211313 -0.184044268502726 -0.105429708414847
0.377257886769634 0.0486051880827132 -0.27381268228816 -0.00199365649196817
0.15558869302135 -0.272626291025861 -0.237399199221468 0.234688894459604
-0.266292389099304 -0.135331417621916 0.172444071986143 0.321923023427487
-0.079344819031603 0.302995147230066 0.264106120059671 -0.0671207983314059
0.322349764229527 0.156557602536346 0.00012781325735866 -0.255109969308134
0.226093864319676 -0.281345585424105 -0.167014261078731 -0.0447566949198756
-0.00331545684557883 -0.284695300279581 -0.0616288254015131 0.141250708667888
0.0869476430061935 -0.247418845743794 0.152172514368965 -0.21889598806581
0.264762128155721 -0.170384054846929 0.120872864872221 0.139317274284734
0.177595224885526 0.197810365531651 -0.1958870604256 0.20492711145798
-0.197235045762774 0.101527389604655 -0.258245886760339 -0.207649164320926
-0.0845815457978305 -0.316030567369969 0.174055415333086 -0.296858064364398
0.3222394147238 -0.153126269254214 0.201114772195891 -0.0160613438444047
0.405137746696638 0.174533070284842 0.0389604867980919 -0.00552024831286474
0.388858767983804 0.230661697532144 -0.0408150774924952 -0.0149913730932931
0.403193149280404 -0.0378957947863378 -0.139618761974153 0.0248302009354559
0.0684855325794378 -0.330054770834336 -0.230836856091358 0.194819915288186
-0.262080265693065 -0.0411557807591781 0.125653967807775 0.367928909950725
0.0653115847225185 0.249829973044742 0.306643972893247 -0.0449703511388017
0.313118323223399 0.00921692702799661 -0.0362535296434446 -0.283238608206429
0.139455493054675 -0.324647689589829 -0.24232150755155 0.0005684324245001
-0.0378431246558009 -0.270056835650187 -0.0624424516590682 0.275458752278228
0.153021735648072 -0.257487731143666 0.121499801022144 -0.0949877833963877
0.361906931819341 -0.0748188735466733 0.0538498856925988 0.149713396807803
0.123596034567423 0.327899441396364 -0.186864402550086 0.187722659050013
-0.299816925581 0.0421699073748689 -0.238888362234993 -0.143062048041427
-0.00421575859809722 -0.372118198010259 0.101451046079401 -0.290674792956412
0.378365472176619 -0.0583261037131052 0.251140754815181 -0.0476700505843843
0.381236245876294 0.247359549952948 0.171186180933479 0.069950697897131
0.37569633005738 0.220060652702011 0.109127382484403 0.0764808550480907
0.355084303704979 -0.0903634363032493 -0.0142588038579408 -0.00408948618477527
0.0225619625374877 -0.304238978019863 -0.268683622321834 0.140656270922525
-0.195649213103532 -0.0544545884828359 0.0759803235197374 0.445338011414915
0.0251165692011304 0.114763443728751 0.372803803205192 0.00843483013825027
0.153663630606096 0.00672713232974017 0.00199479859259067 -0.283717742949854
0.0634564212478443 -0.215659092291704 -0.241789768896701 0.0118247784589421
-0.0473427831589381 -0.190253614288043 -0.0342088818475705 0.365666823219942
0.175513408881735 -0.190906138948193 0.0472769135193864 0.00574421223276358
0.299120927295261 0.0534788053109576 -0.0223839937341119 0.0847446176070429
-0.0265170113744936 0.271747813173871 -0.128893147133305 0.135675534474489
-0.233015523806115 -0.0888472197077573 -0.202510145339159 -0.100438366912389
0.0807622477437006 -0.284242158191435 0.0848631109790113 -0.295030320574603
0.302140813913026 0.0228837895804141 0.312765975978632 -0.0312219262250104
0.282186988049836 0.243281423435903 0.270277219495752 0.175392144922707
0.306595351609925 0.1762508928932 0.240698885889759 0.155826372011292
0.274570313864996 -0.0932446477397941 0.0888594482916928 -0.049091063337419
0.0157711467150708 -0.244824602898021 -0.277600971394304 0.0670837438394241
-0.152615932443626 -0.0755547791968167 0.00499855767742795 0.434226806931649
-0.0391660974668551 0.0592261246631543 0.379969416291288 0.0578061135746577
0.0519886305113007 0.0652682586126191 0.0624828885299962 -0.28930026639077
0.05048707094317 -0.0824921145843256 -0.223549254871353 -0.0394077554252005
-0.0224461266964204 -0.0986173362011934 -0.0151851859839007 0.394693752333484
0.132886187826086 -0.0922966576291407 -0.0216987204163669 0.0575994089090437
0.158951676557253 0.0857352162125199 -0.0310685664344376 -0.00946679383571895
-0.0630533112913263 0.118355330119477 -0.042160467273686 0.137644573668303
-0.0806465084348468 -0.0972977344075428 -0.195241659278283 -0.0617842160018676
0.0648786143180468 -0.139378472486843 0.0842125035954736 -0.287151558327104
0.162435269819726 0.0270806374543212 0.3414814718909 -0.00723442358108636
0.159434836962325 0.152690384248023 0.331139645337509 0.254044540112863
0.192440691421984 0.102185244089274 0.335864212956485 0.210265332885779
0.174126780288729 -0.0563517697730042 0.16963469820809 -0.0786066919459108
0.0206233213920608 -0.156905416881616 -0.254348320765346 -0.0256688735857697
-0.0914051620390494 -0.0645386162834554 -0.106316171904197 0.36865046891014
-0.0417234193969226 0.0148611012554692 0.326800229462899 0.131405170651307
0.0101895672059535 0.0581983615384458 0.115528690275633 -0.260266737912639
0.0436523473392096 -0.00370820979614799 -0.206197242745216 -0.102616712812709
0.00995179102168358 -0.029870540964614 -0.0150541210547123 0.383066303386906
-0.0309890070427314 -0.00215339341782291 0.033404265267561 -0.393542300689182
-0.0257419400696594 -0.0275040292172915 0.172183936443603 0.127201853410017
0.00918474625476239 -0.0215096950224188 -0.126463031095195 0.225352193470067
0.0161158841627132 0.0357725644261734 -0.281914345408132 -0.160012962241976
0.0242888631474528 0.0561186259361602 0.182868526001367 -0.315127118728467
-0.0341532172293769 0.0480245864376234 0.225315858166365 0.070296725291062
-0.0652682235373829 -0.0035581841330834 -0.180366175228513 0.0732178381988011
-0.0491730241101438 -0.0274625616707149 -0.376449296880366 -0.203912545048583
-0.0325621765635063 -0.020829344396487 -0.38554204050038 -0.244357800094632
-0.0219798028228072 0.0164195332634438 -0.362327147392931 0.0183948597468772
0.018667770538021 0.037608733138573 -0.0452899234076513 0.287664147796874
0.0118038226909887 0.0173393699519728 0.212430382317687 0.0405603158401495
0.00640073633892447 -0.0209072263711202 0.00701831392508915 -0.168057601071499
-0.0565008583322908 -0.0340639207914008 0.0146568962808454 0.0460227632370217
-0.0600504424651953 0.00762448489604969 0.056319673075812 -0.0738616098136032
-0.0344425696013154 -0.0406470320127698 0.0544903496214111 -0.381112750664292
0.00584729448817278 -0.0471329004687131 0.144204997307278 0.145094080586308
0.0270472175041276 0.0241645511635347 -0.178592384770109 0.213340979728636
-0.0245468008332957 0.06988174949058 -0.275413192294526 -0.195235478183184
-0.048819618198175 0.00237647761692732 0.208563215879946 -0.289278040876599
-0.00056382103899722 -0.0555837624637794 0.192530640039608 0.0854464753651989
0.0741335963871208 -0.0249316633354518 -0.194117150762307 0.0435973242643146
0.0999122697711496 0.057117056313865 -0.365110313726289 -0.19478381794588
0.115638033842103 0.0727717819337797 -0.403177172566369 -0.179924466209594
0.104903856408824 -0.00650414575650972 -0.351940053824028 0.103700718929273
0.0292632536972456 -0.0729596485203706 0.0325508196362226 0.311174284946166
-0.0652741174288326 -0.0118283453671997 0.213754351061115 -0.00368060012846646
-0.00124180365028723 0.078638547379188 -0.00739623942654626 -0.155908411838615
0.0655500477491517 -0.0396453476484505 -0.00180047943669005 0.0317109542965453
-0.00265758743214738 -0.108189647951883 0.0362852802448297 -0.0502202221489509
-0.0232333852063329 -0.0974126246694319 0.0824595886361194 -0.363082545923174
0.041306847078773 -0.0808017130808474 0.122758930330401 0.135249531563065
0.0449899548591598 0.064269329188907 -0.215342629580741 0.210307715131567
-0.0694941915159032 0.0803344101139442 -0.304301289285607 -0.222504654811102
-0.0945658293978552 -0.0836567835431037 0.203238895232179 -0.316153416824621
0.0705861175250962 -0.140063855188985 0.180484748838107 0.0559348593661243
0.214009567564586 -0.00638137429422916 -0.163279813194869 0.00362340004220238
0.235672321358396 0.135285678654224 -0.299093967055857 -0.159670744412265
0.267203675119734 0.0925610657441343 -0.369478568029647 -0.0781327584479698
0.181402879471097 -0.128137551443448 -0.295000338880819 0.207718337144581
-0.0986752470075306 -0.179694925060416 0.137325015187268 0.316607194001645
-0.159558637340566 0.114994737081345 0.225690853570902 -0.0456705424457685
0.127312507742024 0.191907922244337 0.0104359643925725 -0.177500544194696
0.187146815726399 -0.136848323613142 -0.055472486753071 -0.0225699851035554
0.0124842678083175 -0.217827242362738 -0.0139200587227798 0.0202998773419815
0.012632393067487 -0.175112770581578 0.118700868882881 -0.315702814401343
0.116004626191643 -0.144428779678894 0.126329042518689 0.117984036347429
0.0996259420404853 0.0954600588471225 -0.214930082788151 0.201273049211059
-0.113559027404298 0.0829080769647624 -0.300467240967059 -0.242713406168345
-0.111783496263129 -0.193509128540641 0.201388376877278 -0.33151273582046
0.180871917511329 -0.184108036977709 0.182732945513246 0.0188503225358746
0.334850980127856 0.0605747411847675 -0.084807683373953 -0.0224683548065289
0.338443037423581 0.18971637008613 -0.185324131456912 -0.0947151429269857
0.372570625097839 0.0325926626003475 -0.26754828193257 0.00821594633732168
0.142966790708425 -0.273718837586789 -0.222379178842639 0.23937825026822
-0.267280203516265 -0.123985885268706 0.182839912536391 0.305870515467182
-0.0660198288231012 0.300287119335323 0.257423035496188 -0.0779122350445396
0.323906660263764 0.138533671043911 -0.00949921036562272 -0.252860318728475
0.208842398579685 -0.28863823885635 -0.165060285554198 -0.0373268899049987
-0.0169296246688702 -0.279372918496138 -0.0527930564983468 0.14178253136982
0.0740149827841601 -0.247592238751383 0.139987108694434 -0.221172103791814
0.253116665178674 -0.178049372545628 0.123605128605595 0.132841949660205
0.182399908549124 0.188116404013557 -0.184354384791508 0.210844965650834
-0.191245857239255 0.107855333184519 -0.264820579169202 -0.190320429824199
-0.0968169371919704 -0.307902160965491 0.156358178106935 -0.298524449043278
0.309747089532536 -0.164093397777742 0.194832302495534 -0.0238516678955894
0.405617180569287 0.154655634159498 0.0369413635841995 -0.00792558373364915
0.390874551313566 0.209379646736405 -0.0404229612271342 -0.0126999277430485
0.394805958648023 -0.0534783813895843 -0.133539726809756 0.0303255456224601
0.0534838387144439 -0.328007920941687 -0.216831111108363 0.199478765434245
-0.261810585946436 -0.0312962501625955 0.140627704362059 0.353110667481539
0.07470190647628 0.243615351662716 0.298506705624147 -0.0595632018640155
0.309386314105675 -0.00576444490981633 -0.0471449683869004 -0.279672059463434
0.120507949676516 -0.324358042836646 -0.238104238825922 0.00979530011413994
-0.0500839508503888 -0.262856970279997 -0.0485931068727048 0.273343061694195
0.138515965423622 -0.259300389866097 0.113860653078813 -0.0988861862137623
0.352836865499447 -0.089364749531568 0.0588198353050031 0.146221038283189
0.135006265636341 0.315677927999529 -0.176411288784953 0.19363487476119
-0.293138171737472 0.0520080603708479 -0.24237684858444 -0.127649895966427
-0.0179622166933357 -0.365860399000329 0.0860892846299852 -0.289479323678743
0.369635380470919 -0.0726147987846321 0.241923689759832 -0.0572678368816734
0.382811550637251 0.227051324641252 0.169065983203856 0.0602226128565551
0.376723237840577 0.199781025945853 0.108981649153512 0.0704182716944694
0.344829702819113 -0.104434538406197 -0.0126732697170766 -0.00333555306569058
0.00777416243865755 -0.300816063514652 -0.255523348256295 0.149507843392011
-0.195522476733706 -0.044880096950255 0.0937551168910137 0.431400024002178
0.0297641535244573 0.112092959684312 0.365802523721339 -0.0105670951950395
0.151480324866214 0.00136632524967141 -0.0125006106030262 -0.281705196751534
0.0525267159863014 -0.213926861825679 -0.237575716366441 0.0209399242628954
-0.0544944246564715 -0.183922365610738 -0.0166176799407315 0.359870056131183
0.163666050548189 -0.19479891944624 0.0461843182675457 0.00318420885366434
0.296540738382426 0.0403263172933543 -0.0192320656670698 0.0859206064703074
-0.0164693067378503 0.267561236506053 -0.12290264001597 0.13864235422631
-0.231096443898766 -0.0772139216056641 -0.20551857134557 -0.088530551845519
0.0686240960544262 -0.283188439905489 0.0684458035231746 -0.292390035050583
0.298766881107689 0.0132676803892537 0.304240507318632 -0.0414827740552806
0.287454489348084 0.231067569456009 0.271309257539039 0.160997782940662
0.307159963347952 0.160892471394 0.242619621687853 0.141522312621723
0.265295724009521 -0.103053583541056 0.0863295930034383 -0.0531537828190104
0.00350704010092632 -0.241193298133164 -0.268072735334674 0.0786436717855308
-0.153007823932928 -0.0663268956060351 0.0229373195113028 0.424447583745873
-0.0352141145974661 0.0603399805513653 0.374939628440659 0.0387231413160267
0.0554389586194092 0.0622236331086208 0.046435175947399 -0.287027737434462
0.04484316421207 -0.0815707173886239 -0.22262270781658 -0.0293034648915439
-0.0260836986421722 -0.0945384908014409 0.00467456228750074 0.38755218303413
0.125437519662125 -0.0952511083934535 -0.0189249015179611 0.0580000249857909
0.158881342954992 0.0790230267291923 -0.0330656175873384 -0.00671881144076172
-0.0572124598434152 0.119425136178165 -0.0384336594644053 0.13702668981803
-0.0826889227519536 -0.0919191068840848 -0.197999712623688 -0.0520592802061845
0.0583824793886549 -0.13946935160754 0.0684882813214299 -0.285074320675786
0.16026196202936 0.0220552417693373 0.332188469155203 -0.0204437031355558
0.16269355215457 0.145645380411169 0.334175410794992 0.237565021829916
0.190947344705398 0.0932797580533921 0.337023409355895 0.192069232362151
0.168331841553544 -0.0614107298961673 0.163288381400946 -0.0855309283779968
0.0121820000154122 -0.153534653676566 -0.247760032003222 -0.0141749838197406
-0.0916718081598585 -0.0579824703801035 -0.0911787623429136 0.363043412597465
-0.039262751905623 0.0162210183668366 0.32289271135544 0.114531982902212
0.0135524823008809 0.0567742615660644 0.0993179624538074 -0.26192736805227
0.0433420674595572 -0.0045654484464354 -0.209798074742185 -0.0928226264028904
0.00978287903112061 -0.0288207496861766 0.00323198703831735 0.377443492832275
-0.0328572131749901 0.0012369079492197 0.0042680993001496 -0.384225507994986
-0.0264340453192742 -0.0279391131043468 0.178817198339981 0.113368691055394
0.00898657876610194 -0.0215650894798979 -0.106655517694374 0.227483210190903
0.0178584523251551 0.0366963356058166 -0.28182429439312 -0.138833529725842
0.0248318050445043 0.0520159690923816 0.161409770057964 -0.316862406505833
-0.0311400040998991 0.0468413313454129 0.222225955410021 0.0566897322064604
-0.0633106012824932 0.00116173281849481 -0.171859313185832 0.0819767872874698
-0.0498658732600786 -0.0220777748819677 -0.378419887530935 -0.179437454807046
-0.0343093016485799 -0.0166535175031414 -0.384105514781972 -0.217993414289128
-0.0203098256005652 0.0189465933459242 -0.35203253358927 0.0349555418428714
0.0215409008144367 0.0337092420164316 -0.028776625285995 0.281466974399651
0.0112215965586859 0.0163391156471747 0.211279555330479 0.0284851171233079
0.0055385937821552 -0.0191355084171535 -0.000285846370387643 -0.166182939469169
-0.0566788160429383 -0.0303743792523266 0.0186928401272552 0.0409698683591956
-0.0597897282102628 0.0123609148005608 0.0502276087331944 -0.0781476429779834
-0.0382334321384543 -0.0375628206205568 0.0252481475017922 -0.371411135414265
0.00245411360399816 -0.0483953486894472 0.152752551484592 0.133981678900765
0.0303329685155448 0.0226680819273893 -0.156585822922416 0.21846664700364
-0.0198948336948417 0.0749614730583229 -0.27835554412115 -0.173149629667488
-0.0500769787450278 0.0042254252931993 0.188253812283404 -0.294662180672482
-0.00419522690397019 -0.0574895886134286 0.191974014780228 0.0727439889356647
0.0713724952634033 -0.0267452368249315 -0.187458520145664 0.053313878678803
0.100613493295231 0.0525490987353261 -0.366946111694805 -0.169597835193972
0.113987009458875 0.0673686017020471 -0.399076980288146 -0.153954730062848
0.102805613278517 -0.00822725933865479 -0.33720052215728 0.116988865575403
0.0258602545229838 -0.0743287271584392 0.0491978053032346 0.300475259358957
-0.0642693471310339 -0.00907232211234156 0.212336182956217 -0.0164506831568463
0.00338821399154565 0.0770071827207463 -0.0153504400605293 -0.153351593171993
0.0616492936247895 -0.044262018697224 0.00309756741069332 0.0295637452656117
-0.0107130118959377 -0.105417735586101 0.0347685255019113 -0.0531884843504399
-0.0308385115877037 -0.0935120404446384 0.0542040236623754 -0.356371507158017
0.0349006513966131 -0.084922003262472 0.131526294194831 0.124989477454933
0.0502868636899542 0.0613262495893371 -0.194671528890861 0.218544530293705
-0.0642112787590656 0.0858108812663993 -0.307005488121001 -0.197244848860489
-0.101576721333798 -0.0783346290701178 0.180943913431071 -0.318609915241679
0.0596905604470966 -0.142301996666018 0.177383217608082 0.0442262331856636
0.206876806006094 -0.0182732139476365 -0.161124495856498 0.0131371238167122
0.236857057313526 0.121113614496379 -0.300711969026043 -0.138144686779826
0.263183274906085 0.0794206982777835 -0.358417880895705 -0.0549990879135909
0.172220952820908 -0.130450971366041 -0.274280222819373 0.217596106193621
-0.105573102583329 -0.171494982245316 0.152919552565264 0.29631782750405
-0.149849266971735 0.118439257945647 0.217803143174162 -0.0601760181902939
0.134272720959004 0.178782389428452 -0.00224931169643087 -0.174061815989554
0.174128233934814 -0.144128685306845 -0.0511812324866408 -0.01849015256364
-0.00182474423508034 -0.212571606483215 -0.00922881935843955 0.0187649594687426
-0.00180736013621429 -0.174461809274732 0.0926432202752917 -0.312340337569566
0.105008046813329 -0.152981317328907 0.132143332406437 0.110350270427753
0.106644845167073 0.0880611585601929 -0.19719564402473 0.211151976350971
-0.107912186865712 0.093284753321166 -0.306079603986512 -0.216309426644601
-0.125210508488356 -0.183081709230997 0.176811603797578 -0.334305627267871
0.16503887171358 -0.191506299229458 0.178296880226516 0.00852863473432177
0.329490973777338 0.0408134638452194 -0.0863273355924515 -0.016997975814123
0.341158697563951 0.168520864736725 -0.186134838726253 -0.0811916043837373
0.362487974287378 0.0162747858566736 -0.256122732743322 0.0244711055783733
0.127526873140837 -0.272078076952933 -0.198392064105049 0.245392437056217
-0.267792128502546 -0.110160326014027 0.198258767273292 0.280572729628401
-0.0484897108640212 0.295188675131953 0.242400493791288 -0.0930905478231796
0.322860311369128 0.118398657324026 -0.0257399727811246 -0.242484402256411
0.186472033088242 -0.290542090749204 -0.157085722567221 -0.0255505546785142
-0.0321576870622108 -0.272244255741912 -0.0386910263325859 0.138630639434215
0.0540266036416951 -0.250306701255972 0.119715576785383 -0.2211055502588
0.238332899399911 -0.195332918681389 0.129731482770347 0.125300894431271
0.193385705820311 0.172819560278228 -0.168735473399906 0.217439356426059
-0.183106885239249 0.120097940011002 -0.269513574344209 -0.168319705027306
-0.11766555584238 -0.298481130183176 0.135196210342014 -0.299737709816743
0.295342294939227 -0.178983149711345 0.18576754077084 -0.0331049833586468
0.404603774004112 0.127838010448438 0.0319776452581591 -0.0101985222726907
0.392191072412836 0.184287097441565 -0.0419302688037932 -0.00936179068135998
0.380291332512323 -0.0684754629721867 -0.12519697186687 0.0383896746994023
0.034662084187897 -0.320294416487127 -0.194292492065835 0.205258653119837
-0.256940307487358 -0.018240986015892 0.156298359640115 0.329049019072714
0.0836687086698085 0.232195026696987 0.283252040178159 -0.0763466259526346
0.30123243801397 -0.0206029863655965 -0.0631770125176583 -0.266249351812834
0.100038412612392 -0.322116780836606 -0.225965801459339 0.0236544695195418
-0.0633533099376344 -0.254776454855253 -0.0271457994750598 0.26662859198183
0.117558360718556 -0.265910173357386 0.104231201290932 -0.101117263035015
0.341963442461286 -0.113298618080169 0.0654374245579719 0.142872193336992
0.154948106684169 0.301246282295562 -0.162812661630922 0.200534459281842
-0.286054525518465 0.0701939391542936 -0.244002067055045 -0.108486776672337
-0.0387815355730219 -0.359462412273992 0.0660369883949868 -0.285136126655066
0.358269818031613 -0.0937578888871991 0.231149853358291 -0.068001156169582
0.38777298331733 0.200637612461943 0.164028002630514 0.0494847468740534
0.378168653119562 0.174611028597213 0.109088231551922 0.0634164253325516
0.327144332981799 -0.117024571175884 -0.00876781248524825 -0.000522566004889
-0.00888071339491237 -0.290671767155484 -0.234904943940165 0.15858207794585
-0.193345133456848 -0.0347966358228795 0.117189068172301 0.406633345566175
0.0334697042578817 0.107125254015673 0.350900918277322 -0.0347697204899668
0.147872194421949 -0.00487045926243377 -0.0311867331663291 -0.271613596219431
0.0398920837867153 -0.208868840117623 -0.227505522754479 0.0335447011348773
-0.0611932026997495 -0.17855335661952 0.00823781621847913 0.35157865925467
0.147213309740943 -0.204037332635747 0.0447091294503236 0.00256422541177288
0.297710328501138 0.0207355893187929 -0.0155808046188897 0.0880944996449304
0.00283224295421754 0.263568944154708 -0.112445675495622 0.143011554702541
-0.231907046344224 -0.0628705484471361 -0.206939641976706 -0.0718773281897703
0.0513409232946028 -0.282011817094245 0.0484011994213416 -0.288328353358964
0.293236403758565 -0.00390934715826421 0.293153113509394 -0.0560260348961491
0.293155470062137 0.210095031773544 0.270061959735833 0.143333699031037
0.30686859215856 0.137078616080166 0.243668688787734 0.126716148872438
0.251023422889406 -0.111671085170728 0.0826718181372292 -0.0551279938599476
-0.0107528186585134 -0.230934593857991 -0.249422618146428 0.090446537366399
-0.15154484204881 -0.056675637818074 0.0461092067963335 0.403870755108751
-0.0317227425011701 0.0593048358298411 0.362354233161546 0.0124398420664031
0.0582465208308879 0.0601190296295516 0.022855827939597 -0.282027054341609
0.0427936626432583 -0.0795350930536466 -0.218523340184557 -0.0155556602611845
-0.0273598503299752 -0.093536847596095 0.0299241895646709 0.377001118432694
0.117630450071577 -0.104461583606121 -0.0141304503161158 0.0592358244128069
0.164155539238277 0.0675014763442935 -0.0364850819222929 -0.00189294438716733
-0.0468104788771462 0.119724264099702 -0.0311910711689914 0.136653164867297
-0.0854918446918248 -0.0844847406390937 -0.197065912921428 -0.0379059389157241
0.0487427895446626 -0.139048217439816 0.0472659365966566 -0.280359864571048
0.156815116323892 0.0120095231426236 0.321812914843029 -0.0351241353401619
0.166186016970419 0.13475692913116 0.33639481248492 0.214413008730501
0.190778516265609 0.0788082541392258 0.338444095947772 0.168964961315277
0.159132262944211 -0.0677514966652054 0.154452602048951 -0.0911895693451283
0.00394641780641763 -0.147654034586514 -0.23661891097896 -0.000799765576147834
-0.089579643842168 -0.0518426494679951 -0.0700461508239962 0.350580121445542
-0.0375002432194013 0.0157958608718721 0.316168326435464 0.0908420001087373
0.0155581477560046 0.0565620706442143 0.0783113309905945 -0.25893960092404
0.0432666976216049 -0.00324515104827999 -0.212221478710223 -0.076361146779262
0.0113307040218205 -0.032218382041867 0.0259825300862271 0.367268525468227
-0.0318986434605437 0.00105116872175306 -0.0017780747629487 -0.376400212264837
-0.0267687448893821 -0.0265652033024559 0.179086372376243 0.1092279538704
0.00747242114135891 -0.0203642834595136 -0.0986634628195393 0.221012558826681
0.0176578632579992 0.0371755736371618 -0.275597542297529 -0.131695403277287
0.0234356082606125 0.0503780279976899 0.154936729542052 -0.311031831107474
-0.0287623078287879 0.0460433854117773 0.217476303205784 0.0533900361868854
-0.0620731891320895 0.00273191936109286 -0.168118947096381 0.0809871254206992
-0.0491379168411384 -0.0213955513066563 -0.369300300262229 -0.171987063548354
-0.0349676274923368 -0.0149059981736787 -0.377382202119721 -0.211615101940218
-0.0186799227000455 0.0181173785734182 -0.347122649411823 0.0374367568663743
0.0212230225759988 0.0314485428574913 -0.0243003661620518 0.275349233015776
0.0102598264698315 0.0165046037219669 0.210651995737895 0.024846081511394
0.00563384619391432 -0.0188709360423535 -9.1838889762662E-05 -0.165595612325533
-0.0555107713689372 -0.0285573937061588 0.0207142088168446 0.0376807208780051
-0.0580857170796626 0.013197789668746 0.047687551827716 -0.0795448915753624
-0.0383383916622443 -0.0366754323631215 0.0205859448761873 -0.364016189814341
0.0023969084911488 -0.0474745529232702 0.153783041880938 0.129513467957185
0.0287674499677319 0.0224200641293156 -0.147556044275518 0.214635872902656
-0.0186805478809004 0.0738665730718695 -0.272497399614606 -0.165913617047225
-0.0502921241078174 0.00423320336942016 0.178899485954427 -0.288668462184138
-0.00388017942158303 -0.0550478482892543 0.186874712085558 0.0690121839561645
0.0683624503674563 -0.0277424522322307 -0.18416254226639 0.0531968835932702
0.0983021518567709 0.0498518688779222 -0.358036990387444 -0.161701426375133
0.112603840510154 0.0652050058837181 -0.391703450663995 -0.148190991846033
0.102581488153561 -0.00893582500659413 -0.330174958303034 0.117482095839235
0.0254575758359452 -0.0737937842574305 0.0523725052982523 0.292365503242695
-0.0631815833316383 -0.00864665802378554 0.210616229406829 -0.0190604653114755
0.0045160119572224 0.0751977404914045 -0.0145238180066367 -0.153866983642462
0.0600174470451128 -0.0431930387276423 0.00477424766532159 0.0267394076040805
-0.0125529881775092 -0.101846930067441 0.0332955109246853 -0.0546252165145622
-0.0316894018265726 -0.0910878860641152 0.0476214218023095 -0.349726724087746
0.0339556965019129 -0.0812927947488708 0.132561242690828 0.123523594260611
0.0494943415111803 0.0604355750845943 -0.184688326240983 0.216306959059996
-0.0613485455493442 0.0874024082621628 -0.30248454496855 -0.188573805452354
-0.101252639353047 -0.0750731398997794 0.173057988105184 -0.312916401417613
0.0569500651113665 -0.139106490371157 0.172822725016183 0.0419111606884214
0.201972035265749 -0.0179847500596527 -0.158463807397459 0.014715907693337
0.233361223187443 0.114621608069191 -0.294824367147398 -0.131190977961498
0.259068483073679 0.0765017633213851 -0.351434286531829 -0.050434929245973
0.170607561778163 -0.128910416619946 -0.265802991218443 0.214274540762962
-0.102237966294683 -0.168045685353241 0.154136760106496 0.288004783999888
-0.145768006948155 0.117218898549047 0.214845270710527 -0.0630866167737522
0.134710296027488 0.171521550107758 -0.0020679304211189 -0.173500827120205
0.168685167054013 -0.143562201957887 -0.0495990769841449 -0.0194392259833871
-0.00594967157418681 -0.20820332789757 -0.00876311299768346 0.0171871610427257
-0.00365057708075377 -0.171416846181632 0.0862652184966656 -0.307779469077615
0.101245367488502 -0.149528441601348 0.132729789026913 0.107336394628761
0.104333964015344 0.0856361681856792 -0.188418688825467 0.210375999681906
-0.105288189004581 0.0930681031860585 -0.303271752891813 -0.205156868643645
-0.12634564338355 -0.178494327944368 0.167387767072444 -0.327775261016488
0.158236175583182 -0.190055127739024 0.172461261453735 0.00683991533739939
0.32257507439204 0.036103413199227 -0.0858853099309739 -0.0160400289650422
0.336933896032286 0.15940191590501 -0.183389818644643 -0.0767648324104144
0.356080049804869 0.0120732599140336 -0.248459551280928 0.0262693778246256
0.123362739603252 -0.268203848122932 -0.191649131424743 0.241372368694268
-0.264167120949533 -0.107084723418731 0.197696041753776 0.270521058349656
-0.0439483080064226 0.289007686493813 0.237982934611714 -0.0969344464623514
0.320104857788718 0.109406905613931 -0.0283060811856652 -0.240911234250699
0.178165451000249 -0.288330343375859 -0.153681786515654 -0.0236962323853811
-0.0375092101107468 -0.265452113471605 -0.0356558059311661 0.135463659138736
0.0490042140422843 -0.246771921205318 0.113208751736692 -0.220023071957051
0.229478315520646 -0.193892854282824 0.130754917904032 0.12323420588534
0.19076302742901 0.167774336233767 -0.161983466178176 0.216895494581176
-0.179076193468483 0.11953782893069 -0.265849044464604 -0.159877289945039
-0.119031121464077 -0.290515374295973 0.127357984146906 -0.293656829909621
0.285864435099091 -0.180180803210891 0.180642359749554 -0.0339465036453356
0.396391190001646 0.122000412465927 0.0285984751872037 -0.0114796088265619
0.385542695327996 0.175919443505729 -0.0408656000125615 -0.0083171735510749
0.370339273573244 -0.0733562092493098 -0.119542512975645 0.0387495694800391
0.0297331608909921 -0.31392404012741 -0.186844683839197 0.203498022011113
-0.254573462388957 -0.0164435353464861 0.158993442179075 0.318044550642014
0.084484873523884 0.225130101006792 0.276377859622264 -0.0809634074870071
0.294952308436465 -0.0255787588867996 -0.0658842846827415 -0.261930480324092
0.0909484318406793 -0.318237596334331 -0.221395020578933 0.024445899805835
-0.0663777513346737 -0.247995024274432 -0.0217562230503599 0.261707538708082
0.109922241676201 -0.263205892302448 0.10021012729433 -0.100276690443489
0.334487661169142 -0.116738709490138 0.0662756164365138 0.140561301907126
0.154957472366383 0.293788832195391 -0.15733269345048 0.199859123517066
-0.281755429261506 0.0703193593835384 -0.239654821210819 -0.0995402688498411
-0.0422582749864296 -0.354801520119907 0.0591554059003653 -0.277876610257519
0.351287655995261 -0.0940255720503838 0.224728636934843 -0.0678353848329793
0.381977724937463 0.194563985368236 0.15907963804602 0.0465293673943515
0.371940419614963 0.164716738887542 0.107675624313232 0.0615152524335424
0.319220314209841 -0.118905864998631 -0.00757974821276805 -0.000651666599466829
-0.0139989471094184 -0.284621465006102 -0.226099822001908 0.157726747958411
-0.190871984799081 -0.0317761789172571 0.119578381757164 0.39458973853684
0.0336639416365945 0.104727949370536 0.34316804414858 -0.0411098909909405
0.145432206511896 -0.00746449247508672 -0.0364986279471975 -0.269070147644288
0.0357550801141589 -0.204193637775942 -0.224396311057645 0.0353212604151277
-0.061953538267146 -0.174182954467232 0.0136318422712536 0.342661719631106
0.139408538116598 -0.202299302691118 0.0447506769376961 0.00311171719158584
0.292586073945751 0.015311092502711 -0.0157303531246011 0.0875547522970903
0.00552164113111387 0.258026063755076 -0.110434160726532 0.143146855124685
-0.225966640753822 -0.058494750426279 -0.205759918225888 -0.0643276290608575
0.0493596441811122 -0.277274990980271 0.0411029866401378 -0.279799558404928
0.288286948056785 -0.0070038891100535 0.285093180609036 -0.0570999058466738
0.291670823326909 0.203102217790213 0.264622000407832 0.138481397048936
0.301285746606397 0.131791987669651 0.239213117603861 0.121795073694745
0.244829805456341 -0.112283619745507 0.0819567182184206 -0.0554596345722601
-0.0145103479384634 -0.226527230738219 -0.241471182376946 0.0917477194813584
-0.149883274771995 -0.0530700108770321 0.0496289592428367 0.390513956184257
-0.0297200537447662 0.0586573873989441 0.351584462902517 0.00563854490044682
0.059492163575767 0.0578696371497314 0.015845980612499 -0.277022636619129
0.0401833139845185 -0.0784188312148018 -0.217879152291648 -0.0127983633201998
-0.0264996776883364 -0.0911777624638525 0.0341177922808084 0.369022443311197
0.113792191081301 -0.103690412739402 -0.0122439510310696 0.0590928121931277
0.162933363048374 0.0644322940903968 -0.0376791098300286 0.000748429205751992
-0.0459830755012188 0.117670632359286 -0.0314589437768379 0.135160405351477
-0.0837363101561852 -0.0826966458953252 -0.197270852080166 -0.0322658817314762
0.0479461246399396 -0.136354249739187 0.0417135897215236 -0.27508917804205
0.154168220689913 0.012318257327771 0.313846413254733 -0.0368121889471912
0.166734828051849 0.131796221177148 0.332577835659221 0.207234230114263
0.186404546038339 0.0752009920929963 0.333139320296482 0.161995395125851
0.155566250722198 -0.0674235018319993 0.149881922174935 -0.0914165428896398
0.0004284478706395 -0.143733334579045 -0.229385973161702 0.00154199107338719
-0.0876559895009597 -0.0496826146160907 -0.0660580120171962 0.342920303192477
-0.0352185356397218 0.0154070770280812 0.306834683250752 0.0842855276145244
0.0169420486097345 0.0541777179232325 0.0696843574638314 -0.255025086066029
0.0424773098817256 -0.00382428220408409 -0.211840659059826 -0.0717314225933783
0.0118654355808371 -0.0318108701438338 0.0297795899211178 0.360200921871697
-0.0314704687541291 0.000507812244549064 -0.00625091266515457 -0.373113716394404
-0.0273422900152382 -0.0265600275263177 0.182186430486555 0.106135209693712
0.00508325863360363 -0.0192790169910965 -0.0932884175523165 0.217529358331774
0.0179236279022115 0.0371343278767016 -0.272408290073523 -0.127824149663877
0.0227234599996606 0.0479714310639985 0.153020896279853 -0.308097329593491
-0.0277056881323524 0.0453899288799439 0.213265023830828 0.0520527459294322
-0.0614472974534887 0.00354301754131029 -0.165844497118396 0.0814780126169188
-0.0489151182421074 -0.0211001255288795 -0.365275460994451 -0.168026093990399
-0.0347687974535442 -0.0145925988280915 -0.37600294455379 -0.207387342043645
-0.018236515690992 0.0180732863909093 -0.343346239210682 0.0377983373663604
0.021160017625354 0.0309272038890563 -0.0201004016043016 0.27213190950597
0.0107731202397671 0.0172289013978043 0.213078298813919 0.0213412553587889
0.00534282162045106 -0.0185019901936518 0.000710330064723134 -0.168183590526049
-0.0556396612021973 -0.027837805572507 0.0220145361974233 0.0352993087012999
-0.0581292775673326 0.0143759544819329 0.0456215098880435 -0.0810751988322716
-0.0381677944848303 -0.035818471598047 0.0153649587846932 -0.361522900872706
0.00223410737546787 -0.047078184959788 0.158266986194792 0.12800925048854
0.0268155786807055 0.0233717173401219 -0.142260711182299 0.212677866105066
-0.0176407068382132 0.0748511703942428 -0.269821320468665 -0.160886572424457
-0.0498204147696105 0.00344456661584438 0.177269061762125 -0.28586099593857
-0.0037025709453565 -0.0549777269491387 0.184007101067883 0.0661597976395099
0.066711797674176 -0.0264814205038529 -0.181930226584422 0.0545613340604743
0.0977383571842535 0.0481778829215378 -0.354685775034755 -0.156365367727483
0.111525400969505 0.0647070284088778 -0.388363376105456 -0.144605715027896
0.104074668979104 -0.0092568495732046 -0.329187451716959 0.119166354485788
0.0248131586110287 -0.0732549468599919 0.0546042768916486 0.288066302149591
-0.0614148597059291 -0.00854781250595029 0.212605038005032 -0.021518312917483
0.00547533236168756 0.0730054898434471 -0.0142071882313054 -0.156442652465553
0.059479970182689 -0.0448428321352696 0.00599737602147855 0.0237924890149897
-0.0142501122061714 -0.101645067255138 0.031347392080319 -0.0568378543177046
-0.0325587174474316 -0.0916515120298559 0.0434493044918745 -0.346638370593173
0.0332197628847045 -0.0816352065554765 0.135576218685371 0.121518710169604
0.0493954345469421 0.0598863286201172 -0.179378415129276 0.21753609050394
-0.0610281210601362 0.0868343839642862 -0.298648701758397 -0.1807194020035
-0.10174434491512 -0.0735750393047965 0.166789516917253 -0.310705964982146
0.0551291340995787 -0.139856465036639 0.170574463116884 0.0400623374671415
0.197961618924549 -0.0204801438735784 -0.157203372336416 0.0153692814417394
0.232715939964395 0.112371447852476 -0.291043102164499 -0.125208042238847
0.25743833854255 0.073297141724967 -0.34865252877111 -0.0476352395726744
0.170579746872297 -0.128637509102679 -0.263489971842594 0.214597229437504
-0.103520275432792 -0.1671292258223 0.156687477804658 0.280333969545604
-0.143017902131443 0.116020098674136 0.214622741604436 -0.0654497869212456
0.135713122906181 0.167786291780042 -0.00286844939945176 -0.175640030611006
0.165796628932982 -0.144819503390218 -0.0487896618031492 -0.0213527953051473
-0.010151621452802 -0.206221496944014 -0.00846819504933458 0.0158506012607054
-0.00573954972513783 -0.170310210201841 0.081128668514432 -0.306380683001432
0.0983579787809876 -0.150101261512339 0.134940184882238 0.107979559088329
0.104735700433571 0.0857428177553272 -0.182555680335823 0.211111040188355
-0.103205512620791 0.0951319647787303 -0.301964930463937 -0.195928022899913
-0.12817680864553 -0.175543234840714 0.161534421226883 -0.325927952877617
0.153714595155339 -0.190100899128958 0.170048682293254 0.00482556444988727
0.318464511764459 0.0332397240890497 -0.0863158206033622 -0.015541575702073
0.33547277813878 0.154342164754132 -0.181117230126431 -0.0737864238293862
0.35325757269195 0.00793467084035812 -0.24465254800335 0.0282840755698459
0.121612964116844 -0.266574201491677 -0.185883827160223 0.240036210575647
-0.263714470858073 -0.10581315620016 0.198682063228603 0.260909694074306
-0.0410032170583317 0.285480442423222 0.235235138613753 -0.100900874306924
0.318742471500166 0.104089142815667 -0.0299241071062762 -0.241596947873735
0.172708435678304 -0.288359715408068 -0.152418624323938 -0.0251979416552628
-0.041669654412341 -0.262517801316984 -0.0337667080058396 0.134778417655107
0.0449124292499714 -0.245749687762581 0.109672535671845 -0.218411039855029
0.226326408169421 -0.194548531507548 0.131542795329887 0.122913101654886
0.189906294617155 0.164365172248948 -0.157870796075251 0.218023766859842
-0.177863740500039 0.120435220639555 -0.264548342424678 -0.153300985174572
-0.122160953902266 -0.288850609831634 0.122687976248222 -0.290937403115918
0.281615430988224 -0.181035234431531 0.176796759814973 -0.0342630262339264
0.393667231996632 0.116798523381732 0.0270654812291423 -0.0119587681354046
0.381843724942609 0.170219018570867 -0.0405029687619497 -0.00772623154778705
0.367274503844918 -0.0759864725721984 -0.116590986654026 0.0403373924848653
0.0263649695572712 -0.310976221494574 -0.181163180813813 0.202017582055611
-0.254001230851502 -0.0145529914014414 0.160793413557242 0.308250516831679
0.0865826829842848 0.222993460432253 0.273770976910435 -0.0856246162352446
0.29262924611156 -0.0299554451807345 -0.068562755688686 -0.261930499047042
0.0861489248643595 -0.316242164629612 -0.220177948487343 0.0267763745178707
-0.0693939441638294 -0.245309451472399 -0.0177185750269772 0.259765212741008
0.104712230193232 -0.262325091439779 0.0976934907227251 -0.100979916679659
0.330158840168436 -0.118625153811334 0.0676087929117119 0.140741729969792
0.155482053005535 0.290284510705943 -0.153386142595021 0.202964978816233
-0.279034406329859 0.0707673255044343 -0.238869111064574 -0.0937478610436491
-0.0445205436319124 -0.354111463872768 0.0547664833534722 -0.273156131218529
0.348957638451785 -0.0971314404446988 0.221496947588324 -0.0680174901547416
0.379776668810451 0.188211089186895 0.156996359226085 0.0442063370380232
0.369628739771496 0.160021270069845 0.10703399317441 0.0596253585886952
0.313981266535016 -0.121208626234773 -0.00562672569951098 -0.00125193371371528
-0.0186354027045093 -0.281218334373219 -0.219505798576644 0.158101292633138
-0.191036418476228 -0.0292446654046297 0.122914395123034 0.384839306196843
0.0347785095464168 0.10340413395319 0.337605718595755 -0.046943295213949
0.144872411794777 -0.00826025000783226 -0.0417290771439144 -0.267912561817395
0.0323808716767742 -0.203307777726247 -0.223466214550664 0.0380338863492738
-0.0644769851265105 -0.170759517002172 0.0181960521762373 0.340476394066639
0.135502920243519 -0.202926604632124 0.0442857065579115 0.00256069558344344
0.289641052579463 0.0118799660123972 -0.0141139647453194 0.0887628852912108
0.00736080478805162 0.257222840876245 -0.109096379255836 0.144794328720017
-0.225235920805599 -0.0575407195227776 -0.205297594880912 -0.0588065928337119
0.047913837331308 -0.276424603046137 0.0354412190660802 -0.275539871534188
0.286467023755363 -0.00720860934299467 0.280447776412554 -0.0574231187171311
0.291313043665412 0.201014501369366 0.262389840269373 0.135684224987718
0.298631669762105 0.127052782604039 0.237261420790652 0.118339689230699
0.240743245985809 -0.113268939776996 0.08065731191166 -0.056696777645754
-0.0182601588836773 -0.222851051692653 -0.235213033015351 0.0923331230978384
-0.148565829627676 -0.0502486199436652 0.0505189287899183 0.384037610426985
-0.0272966198681418 0.0590727121636172 0.345357337505574 0.000433378016782392
0.0601408081814641 0.0575644365432472 0.00950759734380543 -0.277201442675558
0.0391037515615681 -0.0774302744011653 -0.21912944865064 -0.00952503126167856
-0.0277942178007004 -0.0896463350456829 0.0386915209830153 0.366463900187405
0.10958988026328 -0.104115480362256 -0.0103012406638709 0.0601212718257341
0.16246300355276 0.06227590597035 -0.0387916732099841 0.00288229381511013
-0.0446947148637597 0.117801052470048 -0.0309861064766546 0.136659197322704
-0.0829700774930689 -0.0817318412837776 -0.197844971986623 -0.0273397160085555
0.0473458060182044 -0.135913887498028 0.0360618609653558 -0.270315769421308
0.153053529560308 0.0119428426675096 0.309459416185041 -0.036788975993656
0.165756956814739 0.130793681917974 0.331174864855985 0.204456916515668
0.184687225304704 0.0734972536284899 0.329783791414309 0.157903590072288
0.152246084026821 -0.0675309692411011 0.146577830005464 -0.0927806686692302
-0.000344021051469736 -0.141823869812748 -0.224637451720597 0.00185300550631431
-0.086473957149435 -0.0485976570651011 -0.0642582827019214 0.337009582260702
-0.0339272597751764 0.0144850943508298 0.301332120075725 0.0804586069195647
0.0178626159882836 0.0530200011867041 0.0640719217520147 -0.252795365279469
0.0427527387375978 -0.00450485071893862 -0.214239385750353 -0.0684169084320184
0.0119164955171718 -0.0310167972737029 0.0350748238442039 0.355783717893359
-0.0304695853445476 -0.000121754684799506 -0.00952247994219595 -0.373438131964812
-0.0279913278514612 -0.025734221896556 0.187776229480865 0.102523345719996
0.00430693311214291 -0.017959979922627 -0.08866143658099 0.216056777622976
0.0189719009439674 0.0366972683984905 -0.27043566300516 -0.12408226093458
0.023012091741369 0.0470057214820403 0.149261683574961 -0.30776852538694
-0.0264721023209654 0.0445445212297208 0.212038806349019 0.0495620317150778
-0.061357341651837 0.00525439082932382 -0.165212132811496 0.0818365995563175
-0.0487239803320219 -0.0205596436427201 -0.364252338061244 -0.164164518287798
-0.0358248895618866 -0.0140434021284826 -0.375259785094569 -0.204762771296801
-0.0170342353434107 0.0176159310302781 -0.342924068776283 0.0419363546981553
0.0209389222003963 0.0309521037932004 -0.0163757592612672 0.269615117138223
0.0110743117520544 0.0179827009822629 0.216247095863166 0.0175862588977348
0.00578311948922949 -0.0195651014097085 -0.000618723647139381 -0.171412952023391
-0.056415493892466 -0.0271941438895838 0.0238299981729924 0.0326208632535076
-0.0579535385496815 0.0153174717674315 0.0432455800038079 -0.0840423699430496
-0.0374412692608916 -0.03624756089502 0.0114271934627884 -0.361118732445897
0.00120612903626631 -0.0468071854559126 0.162342380679301 0.126153226021183
0.0267408767846169 0.0244561225347614 -0.137029779441175 0.212148416653122
-0.0159481794246749 0.074641729686023 -0.267294841915472 -0.155900257246085
-0.0502606638178377 0.00311281532785494 0.173790008105566 -0.286088877323008
-0.00469597147922657 -0.0549023972704001 0.182653361449999 0.065532804730717
0.0660609218564339 -0.0261499251317568 -0.18083806086426 0.0549162139800481
0.0973258228702215 0.0464707392323387 -0.353245602540832 -0.152834846445627
0.112835228429544 0.0641210012452882 -0.386490278153092 -0.140750871694839
0.104470614301201 -0.0106399435878714 -0.326147307553212 0.121151573024541
0.0252409537239254 -0.0736745476845848 0.0597945712930192 0.284675744876256
-0.0614647690471694 -0.00761898174387857 0.214441862352057 -0.0252294602767505
0.00696241025905563 0.0717284530320489 -0.0144655592511983 -0.159795760607406
0.0585841089772217 -0.0455596253431234 0.00698627417699665 0.0220158187473903
-0.0164259973913701 -0.101074214341857 0.0295489725806233 -0.058640480441418
-0.0327505919591222 -0.0908224236828369 0.0387139136620386 -0.345798653248312
0.0325575870772377 -0.0809028628094182 0.139808277049631 0.120174501488264
0.0494547149102914 0.0605876345199019 -0.173690764839519 0.218702890685779
-0.0589550614190348 0.0885597381001193 -0.298739370421202 -0.17642153134645
-0.102129640153725 -0.0727626261309719 0.163293881149181 -0.309930548923488
0.0529113750038084 -0.138225877394252 0.168293324546471 0.0388262759217902
0.196396836937697 -0.0206955085205094 -0.156990007604632 0.0162908971718497
0.231857107210402 0.108386081570906 -0.288539250446409 -0.122121549414585
0.257995931135662 0.0714942432089273 -0.345234626613394 -0.043418014055774
0.171762897036721 -0.13032316512259 -0.261494574073946 0.214751242821653
-0.104542836545206 -0.16729270430919 0.160661231732253 0.275960989337037
-0.139715080111446 0.115659440968875 0.215692455064522 -0.0711348208740395
0.138536669100002 0.164627730016666 -0.00299889764359778 -0.178672966223066
0.162033487669158 -0.148230570918407 -0.0488287157216992 -0.02324583752703
-0.0138706901529161 -0.205678001409972 -0.00881509180419223 0.0138560464681218
-0.009286040336805 -0.170015505770063 0.0760752131976718 -0.306073842646448
0.0964971366370775 -0.150946313914402 0.138716021016443 0.10691009097466
0.105492867474793 0.0856026939328387 -0.178645851002231 0.215774740231827
-0.102088042940653 0.0955398928998049 -0.301167595520721 -0.189964577343038
-0.130899923652397 -0.173244340633135 0.156716055953258 -0.325815635879073
0.151056561960856 -0.189909425672876 0.168516180660852 0.00450686018187067
0.317160275187987 0.0306666163630969 -0.0875034349072975 -0.0149447357606299
0.334643827239224 0.149336688873728 -0.180703559219362 -0.0715236929979533
0.352262230008267 0.00397878360190317 -0.241680669847955 0.0307470725789639
0.118053590691259 -0.268144800984883 -0.182278200203034 0.241515997854099
-0.265332637296064 -0.103243559601636 0.202243773915793 0.253417742722616
-0.037783783615623 0.284316330839518 0.232846100706218 -0.105035188166194
0.320045639338208 0.0982655488772812 -0.0333909011558738 -0.24303337808565
0.166593445865611 -0.291373508951107 -0.152683110633284 -0.0238725219357857
-0.0465453211513295 -0.261538416176558 -0.031104856027858 0.133982140756522
0.0402505197410717 -0.246834048034107 0.105789281811361 -0.219942392480256
0.223341485162715 -0.197222630041762 0.133058953240935 0.122218378107188
0.190590973278472 0.163842117131781 -0.15522685673481 0.222911653338258
-0.177619479343632 0.12242772346888 -0.264397278128513 -0.14623465084147
-0.124983169816026 -0.287685316463479 0.117450641945972 -0.289198995175636
0.278537901737434 -0.182720112271007 0.176427893192052 -0.0362847839286901
0.392900596168364 0.111929017446479 0.0257257679964445 -0.0122849448017178
0.381799689721518 0.163409070775323 -0.0405396434956155 -0.00671796918304026
0.363430463315377 -0.0794738201696398 -0.114919432656264 0.039924827497075
0.021213828332172 -0.311139002749177 -0.177205434002273 0.202481007324098
-0.254489569129923 -0.0125426348632615 0.163993600188685 0.302289591703194
0.0884975407894684 0.22036471199916 0.270661177413809 -0.0923330478907903
0.292299326318681 -0.0339587336297703 -0.074918328774323 -0.263956953021568
0.0800709738470344 -0.316225472309001 -0.219109336373182 0.0284178824777626
-0.0732730349291879 -0.243206259173997 -0.013854562227462 0.258906272155349
0.0991347331559431 -0.263465577267176 0.0960081836095295 -0.101171666446855
0.328566908718086 -0.12268980791707 0.0691845311502277 0.141335672908661
0.158933098554828 0.289134948085045 -0.150412694447977 0.206032979990748
-0.278227945933085 0.0727627056755884 -0.237986051753555 -0.086597580718569
-0.0472978833968598 -0.35248482740816 0.0506100825537676 -0.270748038615787
0.346488066922392 -0.100291104182284 0.219541787408547 -0.0688620344274612
0.382031138381766 0.186183551137151 0.154458944216533 0.0423561284687925
0.366377860045522 0.156313394255877 0.105219724452847 0.058229997039213
0.311486667310669 -0.124281977826245 -0.00552981831888047 -0.00181898864893761
-0.0234940251005977 -0.279413089160848 -0.215547063819769 0.160442305495141
-0.192785508544182 -0.0264783757864395 0.127468242016257 0.378988577723291
0.0361299394267358 0.102961126906175 0.333389847828201 -0.0529278481434106
0.145797125883026 -0.0102335543965191 -0.0484290244904757 -0.26864542125235
0.029757997554877 -0.201874937223862 -0.224967519489837 0.0407133513818648
-0.0660023258794598 -0.170666417484858 0.0245186327831828 0.339191494404835
0.130352448701992 -0.203762839935355 0.0438176887714952 0.00420238460930251
0.291200448786125 0.00673573901997035 -0.0140563208822358 0.0909050951176606
0.0114462111170162 0.256833746201465 -0.106908977119624 0.149402997529667
-0.224367701321072 -0.0572679801296849 -0.205647281123993 -0.0523766367255444
0.0480535490590487 -0.277451685211679 0.0307653943464786 -0.272362136775623
0.286684080830863 -0.00876504225372394 0.279307513548653 -0.0591768041054452
0.292353278318221 0.198469378854519 0.260362915054822 0.132693383302942
0.298147066556455 0.123464735152288 0.236366080758382 0.1151188997671
0.236460016250143 -0.115772951582296 0.0794770575505181 -0.0575875592186793
-0.0219345077763502 -0.22045770725071 -0.230931354350399 0.093319934762849
-0.149427633651621 -0.046494825894958 0.0539496524030657 0.378421845155685
-0.0258000301240757 0.0592658804887543 0.338557154313478 -0.00603019183523989
0.0620902368608274 0.0553611081997615 0.00276384539902805 -0.276373298666624
0.0383205180861712 -0.077708166499397 -0.22016197870709 -0.00599784891113794
-0.0290320577428339 -0.0889510501834044 0.0447769773828462 0.364483926453844
0.107393551437924 -0.105507453325936 -0.00874211473015905 0.0599301844352685
0.164115127302292 0.0607855292720563 -0.0402947078516202 0.00547918223186531
-0.0424936552367391 0.118930019441242 -0.0317303108891049 0.139163011647686
-0.0834419217116389 -0.0811577497091196 -0.199233351165614 -0.0224671451882007
0.0460211811727169 -0.135532426697887 0.0310164424764107 -0.266888298060605
0.153438777689916 0.0112772481773014 0.30779368775133 -0.0373048019034007
0.167474673496045 0.129849166213749 0.329355015182328 0.203661306453755
0.183795202043343 0.0715430060029941 0.328205433204627 0.153814329613221
0.151272497905594 -0.0691388709554037 0.144413741759241 -0.0941597210820692
-0.00192129485803868 -0.140290059691462 -0.222060590444745 0.00354555242087186
-0.0848958734828419 -0.0478689399026935 -0.063248096511381 0.334068803357743
-0.0331479613191914 0.0147670158774723 0.297812994992211 0.0768355040888321
0.01862280203088 0.051658186440592 0.0574713734213026 -0.251410923768109
0.0425570590632938 -0.00449371216703496 -0.216916257304643 -0.0638785243106366
0.0118846723855701 -0.0316499656620747 0.0398390889544786 0.354838138239997
-0.0257076054414742 9.79382898492077E-05 -0.0100949086469972 -0.367731100898212
-0.0301682590486839 -0.0257511890536297 0.188759327367381 0.102124600522548
0.003399275326832 -0.0190145492649342 -0.0885400556802293 0.212877384242596
0.0198628493201241 0.0376099362378346 -0.263646803894279 -0.126906280214081
0.0199380709570382 0.0476136043735174 0.152530552846598 -0.303177999315206
-0.0272976555262877 0.0429781084612313 0.208626030157653 0.052622523142617
-0.05976194180186 0.00503144113124702 -0.164807307852797 0.0780985292814897
-0.0491671570360749 -0.0207427488140611 -0.357079119314731 -0.168990539078941
-0.0364824676658335 -0.0119796197955268 -0.367567520596972 -0.215000597597572
-0.0161613090036052 0.0170421961841308 -0.343559668124025 0.0345571913910966
0.0194460416809611 0.0292579860834015 -0.0215935752389682 0.268253571163776
0.00981333622725837 0.0184961739748127 0.218620079820059 0.0209159997436603
0.00699268047854009 -0.0183079959858217 0.0044379005808197 -0.173922267465434
-0.0557312365236462 -0.0296977981154528 0.0227826576785599 0.0295909699212332
-0.057780107413336 0.0157599168850188 0.0424099595224116 -0.0849297013704659
-0.033299690041862 -0.0349978264463511 0.0110024082869386 -0.356606104488067
-0.000140369311990091 -0.0476713928794823 0.16437995592472 0.124862111956766
0.0263926432515741 0.0227804017469723 -0.135992620390649 0.208108513914064
-0.0141026269421132 0.0759391685164876 -0.261120538087978 -0.156978563749361
-0.0524083976473669 0.00418737505465676 0.176610074096091 -0.28166685301503
-0.00409739842111571 -0.0554645794634135 0.178947769579074 0.0668452319008638
0.0657113845631691 -0.0247642355016549 -0.180605774692824 0.0516983960782674
0.0955982620593072 0.0482664631745411 -0.345248902179377 -0.158867305511219
0.111020112953411 0.0689752399711703 -0.382314226253369 -0.148698349020335
0.108167278454211 -0.00732165326499238 -0.329871140398425 0.113204138602959
0.0267516992916085 -0.0753449454411813 0.0527702386671302 0.283281773431523
-0.0618310876971982 -0.00891995278349286 0.21754816960649 -0.0234287180081817
0.00634381641906014 0.073060694943915 -0.0106482272347105 -0.163362148655472
0.0593620208692053 -0.0454163683023247 0.00721267008265726 0.0185728021912552
-0.0160506521932822 -0.100446323703026 0.0293110488949247 -0.0616066027269999
-0.0281150248787922 -0.0906601546966679 0.039357298673219 -0.343271747155834
0.0311624611722848 -0.0817654526630036 0.143104248912874 0.121229002776001
0.0500741341662533 0.0579167032334725 -0.172009277235733 0.215777782689945
-0.0564618833326423 0.0891809397098054 -0.292392291720043 -0.175057719920111
-0.103321759662066 -0.0718225551371151 0.164701362154519 -0.304868554149092
0.0528288454574934 -0.138220664842676 0.165550892471132 0.0396421504907353
0.194956186082387 -0.0183485475474417 -0.156784218950819 0.0141536630921693
0.229937228728122 0.111142437106788 -0.284263540479454 -0.12572382638665
0.256887989049515 0.0789915467080926 -0.3420164777779 -0.051919194716873
0.177459774696326 -0.126714739377243 -0.265070015153249 0.208407876488842
-0.102746118795306 -0.1715899830855 0.154571521010114 0.275706807584236
-0.143884322615276 0.11267118818425 0.21772741914728 -0.0690234532243822
0.136238245421039 0.166817166323205 0.00101366510087821 -0.180856740658753
0.163946269882821 -0.14602646716135 -0.0470972874993562 -0.0270265729470154
-0.011126097034999 -0.205857056249709 -0.00928456794397769 0.0114531288561931
-0.00475008892178572 -0.169776741028209 0.0773832340980173 -0.301628233408192
0.0957526630539255 -0.149089193676539 0.140329868574574 0.108193705581255
0.104659890160519 0.0829892552940688 -0.175946855912139 0.21441647553564
-0.100310510098316 0.0955273199532709 -0.29661983024807 -0.188372276860608
-0.129950255378395 -0.172372066515858 0.156733298232658 -0.320683390238414
0.151815819487418 -0.188830829606036 0.165906689714349 0.00512867633828386
0.313917769688011 0.034397200888073 -0.0867017232388006 -0.0156630180456785
0.330124096605145 0.153598091744922 -0.176464398972988 -0.0722923416930576
0.352322159958354 0.0121507119582867 -0.238214206216546 0.0247573123425509
0.12565518055351 -0.266557996216898 -0.184580392622244 0.234165616146777
-0.266501713160718 -0.111242039118259 0.195451711085174 0.25296363427513
-0.0447483357159813 0.283651900337347 0.233685298460083 -0.101576260097232
0.320065677742557 0.104718105700972 -0.0279076147797591 -0.244212938802696
0.171723439485619 -0.287170929470433 -0.149551361022813 -0.029809369852106
-0.0434203203227343 -0.263976230224617 -0.0342922840740783 0.130930470062106
0.0428473198718051 -0.244495469964007 0.105876763604359 -0.216701923720738
0.220936441421883 -0.195497080410292 0.134480662488168 0.124465368378668
0.189855408227809 0.161561620065186 -0.153733290939918 0.222821632310095
-0.176456905302888 0.120407894246204 -0.26027875325645 -0.145563576322153
-0.121535419643282 -0.287428424330039 0.118282483660525 -0.287385766762514
0.279020800573076 -0.180395452637522 0.175302302529631 -0.0332494406981073
0.389581362108454 0.116032224330478 0.0242723179281513 -0.0112868110283711
0.376274398552486 0.167615642719061 -0.0398107808768147 -0.00653427996851718
0.365384000366477 -0.0726831387559829 -0.111677972177225 0.036244295877068
0.0258039669617003 -0.309807751987391 -0.179000409918624 0.195757849530641
-0.258477047019929 -0.0178803488906387 0.155032564053708 0.302888581202531
0.0822165346894094 0.223661781205975 0.268981555831306 -0.0866282093436537
0.294253255767061 -0.0281154629907611 -0.0684383395952598 -0.263908041396044
0.0868753299084765 -0.315120326834328 -0.218788746276787 0.0207282902697261
-0.0713297363351388 -0.247866482440644 -0.0182692237597899 0.256487776613882
0.0998262838710173 -0.260352075578031 0.0956342465207942 -0.0994869312813533
0.326359429382183 -0.122382476189489 0.0703159303863689 0.14415791272739
0.156470128901109 0.285983011392525 -0.150998646915414 0.206901151158873
-0.277204098081073 0.0684210478315171 -0.234283224336445 -0.0849886003222169
-0.0415110910825513 -0.35405097344409 0.0504666875141212 -0.266996820846192
0.346683422206163 -0.0953132513151306 0.217561972262715 -0.0655299702653941
0.377061423794204 0.189837534219095 0.151197613354078 0.0447611288987074
0.362180393884738 0.160476102270199 0.104678753389323 0.0609758277700941
0.311064952826738 -0.116506440439557 -0.00225399393434059 -0.00269005349733795
-0.0184786370155289 -0.2783407226367 -0.215634346201469 0.151957501897709
-0.193048253528539 -0.0310304716264199 0.115287310036006 0.377165376140133
0.0321052998339033 0.10490568900761 0.331364189208271 -0.0483467803536657
0.147684964243418 -0.00534602218633691 -0.0448933172844523 -0.268546364584423
0.034089572160821 -0.20205475860728 -0.223999708669598 0.0329938396689157
-0.0647709080952464 -0.174929868370791 0.0169454882030557 0.338631744946674
0.129830336405443 -0.202141526515496 0.0462265459883088 0.00478576825733151
0.291701494282543 0.00580578211776535 -0.0139568155439948 0.0948265104550926
0.00933655935341118 0.253110426146633 -0.109032241029503 0.150267538240277
-0.221804175568961 -0.0613803242320499 -0.204461625835213 -0.0511595349695117
0.052147276034591 -0.277114620372915 0.0320395301423602 -0.267920762510074
0.286287660084717 -0.00414626193352274 0.27680800317661 -0.0541688681890401
0.290564753982739 0.200694658479774 0.256231150384024 0.137221820557262
0.294378872603451 0.127011680577447 0.233131925939416 0.119267746095106
0.237818775314195 -0.109594120112438 0.0821168585457243 -0.0562446534905024
-0.0186419702966348 -0.219006635310405 -0.231171834899131 0.08653500189871
-0.147958004431233 -0.0522433267797275 0.0417759082462158 0.376049746291191
-0.0285915969945816 0.0591742825031384 0.33491798477508 0.0015928187213358
0.0622634709097067 0.0594086936035374 0.00456973476349979 -0.273110704249076
0.0423273241577988 -0.0762916155546318 -0.220140284787072 -0.0103672918757373
-0.0274735491882932 -0.0932451204462603 0.0379531787244988 0.363207024781224
0.106562403566513 -0.104785043811774 -0.00660492611722791 0.0611706615111585
0.164431154124403 0.0588729943221681 -0.0407746331908001 0.0093849267971562
-0.0434873090501297 0.115949223051892 -0.0355095886356864 0.140349785158676
-0.0791155392872523 -0.0840660250699164 -0.199217290361747 -0.0205447131596796
0.0494788921583358 -0.132683014285513 0.0322723071567159 -0.262989106280587
0.152140309928176 0.0149888684736955 0.304004451648646 -0.0324511664374982
0.1671999016635 0.130721147990786 0.325191557739666 0.206102557821266
0.181010795435017 0.0725924263935318 0.324279965742827 0.158232240267309
0.151457985368669 -0.0671945717720343 0.145972056476266 -0.0900872773836495
0.000309478953789658 -0.137532602852509 -0.21893873152649 -0.00297869096063319
-0.0840215067770687 -0.0515831071528404 -0.0748520568689917 0.328993437657881
-0.0338063134815059 0.0123539533481905 0.292106528898223 0.0851566299958024
0.0185362161019752 0.0548826259432219 0.0592018493621568 -0.246579421993462
0.0460052514348796 -0.00238248506124213 -0.215704268776569 -0.0664313193726986
0.0120296374375012 -0.0359763338186775 0.0337033647692127 0.35513231516154
-0.0265042814020748 -0.000659509939355173 -0.0157823882358898 -0.366291639712783
-0.0300646004512094 -0.0247723860569395 0.192586152482629 0.0959883079094526
0.00387138901516927 -0.0174683861461899 -0.0851910128423375 0.209424320659862
0.0208579300172198 0.0375178272905579 -0.2601161082582 -0.121848555637155
0.0196940402748693 0.0466291938507325 0.150048819901053 -0.302722255539377
-0.0252594090899367 0.0431046021589082 0.206804343231786 0.0514234663457238
-0.0588451877849949 0.00631525834520415 -0.163864749531753 0.0785352470529699
-0.0490344780935372 -0.0204885622127177 -0.356073020119886 -0.164544830693054
-0.036119538691673 -0.0112871726712018 -0.367394117549134 -0.209749823552859
-0.0149503521001986 0.0161437866545569 -0.341668904687689 0.0386047146051194
0.0192451552812105 0.0292358677216426 -0.0167907742105902 0.263572979217236
0.0107276951759566 0.0189480979986881 0.219564533538788 0.014855285341021
0.00693980713551033 -0.0185890251178869 0.00279478381507221 -0.177905459628017
-0.0564136215290745 -0.0282133996729264 0.0235290939591369 0.0262157385681052
-0.056276129822438 0.0174830005460711 0.0382372197798564 -0.0867447979699851
-0.0335887939785861 -0.0355737553030795 0.00489945221502235 -0.355580428223614
-0.00080590915219411 -0.0472166064010534 0.169169184928923 0.120331515777335
0.0267651478542093 0.0235409044957913 -0.130349312323003 0.208450265980584
-0.0121257501782764 0.0760801595629626 -0.258876900479493 -0.153507207554498
-0.0530950220967771 0.00419706822004778 0.173829192777008 -0.280960135635298
-0.00462416298658825 -0.0559245432780583 0.177941176429713 0.0654798898658861
0.0652883383896586 -0.0248367679332822 -0.178717908821117 0.0524250705078927
0.0947189119767037 0.0471313993701424 -0.343142293076887 -0.15467058182779
0.111967763389534 0.0685484654513705 -0.378846144426255 -0.144197712204785
0.109826184932545 -0.0087673199395842 -0.32748851779474 0.116240261877552
0.0254256659523532 -0.0761633211479559 0.0575020151096033 0.279687017718066
-0.0606055312309442 -0.00910958596547524 0.218755113957707 -0.029328194010738
0.00870814592559332 0.0717051694630391 -0.0116226566706926 -0.166969254760106
0.0581299433279442 -0.0465126041184129 0.00661734361605888 0.0156454885695299
-0.0180849695697575 -0.0985777786715718 0.0252354100138627 -0.0620034546475637
-0.0296442740283151 -0.0896265816378063 0.0329396719195162 -0.341790117394672
0.0291625055167485 -0.0812102387942494 0.147112525056367 0.116991648621453
0.0512399095137256 0.0584904918062502 -0.166155564576589 0.216629633246078
-0.0546353998930915 0.0897137159860264 -0.288415396767884 -0.168548292085442
-0.104051143226783 -0.070694067190254 0.158003354511061 -0.303353932162526
0.0511948289496125 -0.137312685157544 0.163824464707141 0.037986816421317
0.192959274089851 -0.0187937172271097 -0.154836152152374 0.0154236394164762
0.228213381261161 0.106505900926052 -0.281715554220372 -0.121471105156587
0.256130466306627 0.0752535112754841 -0.338290296066694 -0.0472962157186252
0.178039878996662 -0.129801400173036 -0.261094179137829 0.210074650190897
-0.103176945292517 -0.170652956537779 0.15619204529722 0.267701159210304
-0.140496036360552 0.111067442628797 0.216846326583527 -0.0737386658417564
0.139229372742222 0.160643746752084 -0.00235669601139192 -0.184323430761907
0.16069862272811 -0.147705974820595 -0.0483915758431618 -0.0286952116327394
-0.0165223186276824 -0.204100053585871 -0.0108325135722329 0.0110038973631379
-0.00688072171727097 -0.168308562644439 0.0706504339987371 -0.302305670816326
0.0932847053556551 -0.150180961328357 0.144198920270404 0.10648030166551
0.107627647935928 0.0822973935821096 -0.171404044074688 0.21740758483398
-0.0981536220446971 0.0976584294266285 -0.295496713882034 -0.180966113011058
-0.132665639752325 -0.169392404046811 0.149206074968352 -0.320724198694714
0.146602544485973 -0.188143925442106 0.164709041025727 0.00302709930111739
0.312334154882697 0.0298594628998427 -0.0870675507234833 -0.0145956079992287
0.329781240274987 0.147856326445683 -0.176199633453255 -0.0694649771558042
0.350098588493905 0.00810161686078186 -0.234670977419378 0.0272091411052896
0.122818364414694 -0.267241676716334 -0.18150046229848 0.234590768265308
-0.266570264826058 -0.108853130214723 0.196350783554775 0.244807504170278
-0.0411652561285065 0.280986861542046 0.230254463382881 -0.107411358096941
0.319425931027683 0.0966612260137748 -0.032479090343391 -0.24499150587643
0.165350106212106 -0.288452675551259 -0.150307926522585 -0.0288438068799448
-0.0487382679074784 -0.261632368827138 -0.0334439370192344 0.130100950871059
0.037123579169912 -0.242933495476576 0.101379500522816 -0.217276336338813
0.217655133987992 -0.199137790519675 0.13861459899993 0.123223539829777
0.191805678000448 0.15951335667094 -0.14871485719877 0.226809047010347
-0.175028623574301 0.121923203751157 -0.258624079155504 -0.137522036269834
-0.127344221998489 -0.286330087435743 0.113178274181786 -0.285015839381319
0.273169718121978 -0.183185144425682 0.172646423005379 -0.0351784210778674
0.388274880256675 0.110424763793055 0.0231458645704259 -0.0120075598745533
0.376965361155751 0.160412714827975 -0.0396800689512839 -0.00539734461419494
0.360601301419076 -0.0769097531267738 -0.108854520952731 0.0376604613403289
0.021444012663968 -0.308980901942144 -0.1749243620705 0.195447363544784
-0.257950352551726 -0.014347922865295 0.155606614399313 0.295485473274559
0.0840643161802331 0.21998810952023 0.263759677919506 -0.0928998923441716
0.292844485629502 -0.0323251098022104 -0.0758618109320795 -0.26423781711273
0.0800127090170717 -0.313994385597999 -0.217764492947978 0.0230030717607678
-0.0766545702602686 -0.244065151757901 -0.0143185781189991 0.255335724608519
0.0929328037012693 -0.260399638975883 0.0942398049304321 -0.0996205941564302
0.323376282781215 -0.12865769168409 0.073386615405454 0.14455631244004
0.160201559684519 0.281995204540271 -0.146409061035331 0.210762135994937
-0.275604248065828 0.0695023411405012 -0.232665986542745 -0.078683777027293
-0.0470636557442485 -0.354340654541623 0.0454706488839803 -0.264039113004427
0.343422632791909 -0.100045044760128 0.215561430728423 -0.066582220252999
0.377162616417119 0.184750963407804 0.149543497151014 0.0429048677232776
0.361528193644283 0.153006174408818 0.103989919206853 0.0590096755189794
0.306796766990155 -0.118664361937404 -0.00226439483056481 -0.00285347989048589
-0.0244846976709658 -0.274601851210295 -0.211872415102247 0.154192786342124
-0.19340249503233 -0.0268630329070765 0.118622665514279 0.368374628070561
0.0343310709643938 0.103526484860828 0.323871829426802 -0.0550745068531269
0.148096673212244 -0.00700636553444429 -0.0524503621424494 -0.26735210204487
0.0317762857494761 -0.198661225448234 -0.224021407680641 0.0370844388721407
-0.0677885965871434 -0.172419450597078 0.0230488984036926 0.334383243541404
0.125525596486455 -0.202929979606202 0.0466837658961973 0.00395882687095697
0.291247195950599 0.00127031524044171 -0.0118143280460095 0.0975046248382549
0.013454186568062 0.252488631094206 -0.107827499440828 0.155090190315721
-0.221744045065265 -0.0602798042044963 -0.202774505179015 -0.0424151493862957
0.0500452821824231 -0.277967576170921 0.026086671253787 -0.262559192358565
0.285064497532075 -0.00678131835290099 0.275035228832738 -0.0561907598752943
0.290957473221586 0.196986380901925 0.255320684796497 0.133782109061005
0.292807254313504 0.122943452330583 0.2307782692169 0.116242448802598
0.233554838383847 -0.111441200674466 0.079855128727068 -0.0565249486188489
-0.0223133554186551 -0.215448267050801 -0.226391110487826 0.0881119868563603
-0.147348843249704 -0.0484370269304558 0.0447531655258906 0.36893153551606
-0.0258301751715735 0.0580953148108686 0.327428340073733 -0.00227766847883268
0.0648263450523997 0.0580193875264609 -0.00297970933132605 -0.270016914642878
0.0416637213157346 -0.0747739839404219 -0.220697848671725 -0.00595590477152296
-0.0292262774330216 -0.0921419142518086 0.0442690770428719 0.362026648844932
0.103178718353384 -0.105233263658725 -0.00468666100032359 0.061828219154843
0.165700988318894 0.0561456120395072 -0.0409087357119203 0.0145220504401515
-0.0414969898232524 0.115793945430434 -0.0356992383501174 0.144715542295323
-0.0795451506097012 -0.0831997309538889 -0.198292724540377 -0.013337746139994
0.0485943481311706 -0.132600651922333 0.0257448520542679 -0.257861356647164
0.152553189873839 0.0144592237608438 0.302151376350765 -0.0323877166528306
0.168853661950135 0.129584378437206 0.323484868720912 0.202579772170658
0.18033342270642 0.0711581907869593 0.321896691456779 0.154091438650965
0.149947296093516 -0.068835931610154 0.140810247563164 -0.0899900435561233
-0.00162068297661967 -0.136968015111632 -0.215091451435897 -0.000500465586204244
-0.0825410941393002 -0.0502014777692169 -0.0731321374467267 0.325857340324079
-0.0325661761631666 0.0104105491606135 0.285840367023263 0.0817990572328849
0.0197319816977499 0.0530153414333019 0.0526073636977206 -0.242480045955789
0.0466732547158511 -0.00211250787519386 -0.218262009315265 -0.0611759033970657
0.0125622550286461 -0.0359297143821745 0.0390129236595589 0.352807556280414
-0.025708870731665 -0.000584877108439888 -0.0194628361695732 -0.365139655672454
-0.0309205765175454 -0.0243034971509174 0.194893548780287 0.0924931833684796
0.00379094558858674 -0.0162527090274727 -0.0817791807861688 0.207141254749248
0.0220126817331273 0.0375166050943154 -0.256866432869912 -0.121028823861962
0.0191452027783401 0.0457461078779297 0.1486498997077 -0.301108722285917
-0.0247872057551127 0.0425068329131141 0.20601702425833 0.0507088515921758
-0.0570727511641017 0.00737944653256135 -0.1622020981234 0.0779311343751855
-0.0497109579626773 -0.0198069947713883 -0.353347758169662 -0.163110700992975
-0.0356485049691796 -0.00979618926243908 -0.365378127535055 -0.20878249830427
-0.0145844032277031 0.0149883608893804 -0.339765657036132 0.0395732222797585
0.0193226700570361 0.0281208273894792 -0.0142282560477189 0.259164995208328
0.0110806457975229 0.0192972194902046 0.220685539189313 0.00934865434197086
0.00745191470584793 -0.0193763642619423 0.000438318086484199 -0.182471472288779
-0.056041337973048 -0.0272592457349551 0.0234064261451858 0.0227123282363726
-0.0553085605703778 0.0177783229849991 0.0346588552459068 -0.0874887897143734
-0.0338171566054521 -0.0361929307138302 0.000792237657659937 -0.355303966214878
-0.00189822576704844 -0.045879860377976 0.171682588388466 0.116553606984897
0.0276686301935096 0.02473981407417 -0.126297587356159 0.205390975666659
-0.01070972478279 0.0765780840234894 -0.254611653050809 -0.151812595600381
-0.0541815114072723 0.00458353443405745 0.171411443838892 -0.281306031566961
-0.00525213762630606 -0.0559273620939366 0.176620241692763 0.063959287661718
0.065526046228876 -0.0236422895109366 -0.178475429992214 0.0518523586322531
0.0941825821833192 0.0457934613471682 -0.339890043530513 -0.152767821216917
0.112013881749651 0.068531807103581 -0.376779206695315 -0.142575106944809
0.11086728978228 -0.0104217024955526 -0.324710956821204 0.116859880686311
0.0261370941182006 -0.0763069798733957 0.0575505212702711 0.274922201934296
-0.0597859781397907 -0.00998731267876474 0.218794035659453 -0.0341074421558252
0.00981548781423276 0.0690457807296366 -0.0133520109073237 -0.171827935835253
0.0574815518256904 -0.0474002294067947 0.00599767479918609 0.0125635774753311
-0.018075869753317 -0.0981362015599628 0.0224279459898712 -0.0632077045861471
-0.0303605588148377 -0.0889709647915557 0.0283440309646935 -0.340474539058788
0.0293449515013722 -0.0815831855726274 0.150605610599269 0.114912251815855
0.0529581399157044 0.058268535727795 -0.161209586617892 0.216608143340986
-0.0528907841968564 0.0909345258730918 -0.283844206846326 -0.165023959034506
-0.105658553370083 -0.0691871717073586 0.155413572866139 -0.302396057726219
0.0501529349134815 -0.136129486048224 0.16296947417993 0.0364525049300012
0.191342785728271 -0.0195376216942597 -0.155368251308406 0.0147797567189886
0.226267077847564 0.105869033731828 -0.279528359473098 -0.119385957184108
0.256561394869323 0.0736730911294758 -0.334611031667438 -0.0456466570455316
0.178446561609952 -0.130427685413239 -0.258806182441349 0.210221452610941
-0.102231956053254 -0.170926390320101 0.157554581754005 0.262427781385802
-0.139099798199631 0.110584002178837 0.216397173306992 -0.0795656323042416
0.139790682395307 0.15768489317678 -0.00459094121291941 -0.187462954903476
0.157882477264888 -0.149556915055439 -0.0497132135668696 -0.0303187030711852
-0.0188214358888919 -0.203016227447515 -0.0131417235076244 0.00945805040747741
-0.0103826894131795 -0.167530913245072 0.0665900073568876 -0.301669372266756
0.090479872903265 -0.149874305164647 0.147688549866627 0.105063347826952
0.107776808519132 0.0818935799560705 -0.165789738742777 0.218432326586904
-0.0964540979964092 0.0982817703634295 -0.292460880676805 -0.175714604456979
-0.134395927501931 -0.166951151653988 0.145347654062724 -0.317897650581278
0.14435296885581 -0.186713521269133 0.164135764755802 0.00220742409007673
0.310165966588999 0.0291342477692398 -0.0881211658018757 -0.0147252580129924
0.327461528827072 0.144431874702388 -0.175272272375853 -0.0684551449066921
0.347296163528231 0.00676695376832121 -0.231594150466915 0.0279223578846924
0.121484335116098 -0.267953913580795 -0.179589668036643 0.233328159057161
-0.266590715330933 -0.107035605483194 0.194906106151366 0.239376145319663
-0.0395252066536671 0.279712460053274 0.227646295958961 -0.111791725586622
0.319461136432823 0.092078265969824 -0.036743453942764 -0.246807746013998
0.159960101277273 -0.289352158859847 -0.151680556048169 -0.0294340001311151
-0.0509363973700607 -0.258085605928047 -0.0328825108886502 0.129860764100793
0.0332277346206454 -0.242191280327124 0.0996723117311604 -0.217935325482594
0.214409811367928 -0.198953954858196 0.140260082499376 0.122526806541042
0.19243335474388 0.157620700211233 -0.144811372823197 0.228638658292627
-0.17342021095096 0.122837164844896 -0.255118604236661 -0.133575155837755
-0.130136965376262 -0.284696063363063 0.10834150839154 -0.281771463168855
0.271016860725167 -0.184672332140057 0.172929167679673 -0.0357700419301313
0.385481353722207 0.108318961934154 0.0204030634220828 -0.0120467952504386
0.374940463250554 0.158880571362382 -0.0395515496016634 -0.00573964492458806
0.357915341852866 -0.0770340303598371 -0.107541649853048 0.0369080070177411
0.0192435386140963 -0.307212726209996 -0.172694553448649 0.19333124431233
-0.257013051468416 -0.0119431546861165 0.154391916214004 0.288691600303668
0.0847009766754259 0.217603593331698 0.260193158730918 -0.097104318995399
0.290939826689172 -0.0357907119377627 -0.0812356133455289 -0.265201287509495
0.0747309521563311 -0.3126510768992 -0.218505975509518 0.024032144845392
-0.0788758914023679 -0.241501238642536 -0.0127420116083124 0.253548559684534
0.0898824664984892 -0.259044684114887 0.093651547518638 -0.0994599221453779
0.321195923906302 -0.130258789946204 0.0760124703617885 0.14485184534647
0.161525481108902 0.279699136525281 -0.143211276651786 0.215242138820916
-0.275844151157792 0.0698057631757611 -0.22972659172256 -0.0730489368685605
-0.0482312687940523 -0.356266906029063 0.043657559007436 -0.259480210641288
0.342357557580397 -0.100532709461021 0.214310619918353 -0.066979853645533
0.376699637277645 0.182103195387233 0.146767113248932 0.0417003911659202
0.359573809703298 0.152062547390013 0.102911564925296 0.0590190506157975
0.304563898143693 -0.119556992331394 -0.00166605945227871 -0.00321640071430576
-0.027289157187231 -0.271887046471962 -0.207941713341768 0.152565747311636
-0.191439277382692 -0.0253570579406393 0.117934483913264 0.363416883002679
0.0346437765457254 0.102813728335913 0.317955091254162 -0.059050783042641
0.147405351899097 -0.00880139925001189 -0.058741337643427 -0.266816520159635
0.0287891446317555 -0.197227347691496 -0.224876308163981 0.0381538458067363
-0.0691111508123965 -0.169931494320781 0.0261474710890685 0.334047213044986
0.122078425270222 -0.201754071676031 0.0474377951463692 0.00459452217093238
0.291320288417397 -0.00194085635341404 -0.0101992584472825 0.0995994466719356
0.014960551659752 0.249741236903251 -0.105714679823205 0.158647167278989
-0.221304151778071 -0.0604929588528889 -0.200634124308415 -0.0373645542821116
0.0488676960706078 -0.278863058426129 0.0222197521110237 -0.258291810757982
0.284015514506976 -0.00733481469095361 0.273367691076187 -0.0571895416450583
0.292337681250266 0.194711699180883 0.253175108427093 0.13110242926243
0.289358257014478 0.122071763720833 0.229855835295648 0.114795119317228
0.23037022246653 -0.11153012754407 0.0784260705382833 -0.0563575482339284
-0.0241875302785961 -0.212111160427172 -0.222203652252622 0.0877845635999231
-0.146380525077659 -0.0468143020179761 0.0426658937581958 0.365294923744271
-0.0250549077776641 0.0569278701204192 0.322198734957932 -0.00477346694143986
0.0653095339967772 0.0567782094910415 -0.00971168988241457 -0.267817804117179
0.0412108726178511 -0.0743874517211037 -0.222418115639771 -0.00189485781834688
-0.0288878393293952 -0.0913319928380955 0.0467828512014388 0.358829273360937
0.101114346821755 -0.105974472080026 -0.00217955071047714 0.0613959312548517
0.166549375830989 0.0535051986377142 -0.0401732937626408 0.0176715963550415
-0.0396589441210166 0.115885919585004 -0.0358599548780972 0.148258228112958
-0.0798373907214698 -0.0832164801038555 -0.197690953987261 -0.00776561637933327
0.0485826490974982 -0.134971838471502 0.0242349074536037 -0.254638672217815
0.153391119143006 0.0149361625069867 0.300120289725513 -0.0328616124407578
0.170117637775206 0.129003494131163 0.323200819607884 0.199019514485444
0.179932120652789 0.0701403109749589 0.319544811640432 0.153222052435107
0.148156564447769 -0.0690340414530288 0.139136369990133 -0.0894702442894731
-0.00205491911206452 -0.135295540405506 -0.211883817193954 -0.0013273278935328
-0.0814845257992408 -0.0507415001736123 -0.0739661348273799 0.323875733738903
-0.0317980999693687 0.0104022351940135 0.281273235145172 0.0817226508352823
0.0209815112515068 0.0522969236866773 0.0479933389489023 -0.239924403091784
0.0479725550425164 -0.00238887370217395 -0.220853510604147 -0.0573567417793484
0.0127534734479645 -0.0347655871842536 0.043781247742992 0.351128678004063
-0.0273477955660023 -0.000897042100890809 -0.022724689680899 -0.368568646144476
-0.0298504716209276 -0.0239607727212728 0.198754650759172 0.0898530850367102
0.0038680402591968 -0.0160545719505199 -0.0809261564836417 0.205975675666834
0.0225783372436301 0.0393818697858764 -0.255406448141474 -0.122957551461461
0.0185045725808317 0.0464917352546851 0.149653043954305 -0.30336637572428
-0.0240951404188914 0.0418592104764948 0.208216969891374 0.0508468157684683
-0.0568490998113372 0.00760370636922927 -0.163871312844206 0.0772039963494873
-0.0505532415820539 -0.0196280368972087 -0.35459460735354 -0.163821350575557
-0.0350665376886947 -0.00915990029723839 -0.365368127810356 -0.211646360432404
-0.0147595834254368 0.0147349601407876 -0.342204515151101 0.0384632007487852
0.0191112254545107 0.0292129836204558 -0.0139918861655514 0.257052099957891
0.0118724045623983 0.0202267183545713 0.223061523083665 0.00400440418223777
0.00767566571203118 -0.0197566703248051 -0.00225925345979942 -0.18822042269372
-0.0555982539897488 -0.0275821749826655 0.0228949828310139 0.0197986110045477
-0.0555370140422822 0.0185125463972969 0.0321383245450419 -0.0884403562245354
-0.0344981851040334 -0.0360943940134468 -0.00200399164004887 -0.358214444644046
-0.00147205106348662 -0.0467319985691494 0.176353876606199 0.113899514796727
0.0285323359594483 0.0252592733624435 -0.125278748771977 0.20502509447963
-0.010919660961918 0.078050467134619 -0.253081989684582 -0.152896638660326
-0.0554852593488861 0.00388262490830545 0.172624176904456 -0.282737819248181
-0.00477521676419906 -0.0553597719443704 0.176903598078458 0.0643177161693063
0.0667617207624045 -0.0238965477936434 -0.179497677566744 0.051105886917736
0.0938902704592356 0.0468644369959124 -0.340660018736637 -0.153841516275075
0.114343134732138 0.0698025862961938 -0.37724839516643 -0.144849132667819
0.113113705835186 -0.0114418948852183 -0.329152368405323 0.118654528303577
0.0275590339003585 -0.0761319227919452 0.0587411153716328 0.275071790990337
-0.0590646783380598 -0.00956384740946013 0.220898060804784 -0.0391624312331397
0.0103329116290351 0.067442027464098 -0.0162857441681392 -0.177791123943067
0.0583594749208053 -0.0488491342479056 0.00540420178042275 0.0103825798669695
-0.0195402837333359 -0.0990975796918207 0.019812619822187 -0.0651683343883015
-0.0309883161295358 -0.0892368772120335 0.0268142729920513 -0.344233041636699
0.0291583843663588 -0.0808071148407662 0.154510482049993 0.114752808363608
0.0534430105105011 0.0598931818140077 -0.158005673603259 0.217153567120264
-0.0515460413322503 0.0918082327475673 -0.28422236242363 -0.164616829756757
-0.106772855392098 -0.0698139758816745 0.156225764227821 -0.3036031750259
0.05006118745479 -0.13651389060007 0.162746501584726 0.0365448155057188
0.192751665479411 -0.0197197170801214 -0.156655318959114 0.0139530964282386
0.227071286278684 0.106988854196208 -0.279405358339457 -0.120299596495721
0.260064093986198 0.0761637990229505 -0.335604231166518 -0.0475136565072874
0.182125466073193 -0.132871086388246 -0.261030223047088 0.210791650818911
-0.10094889990294 -0.173372810784627 0.157392260222892 0.261837706554955
-0.140631503247039 0.109576091834896 0.217629877802261 -0.0844488576382736
0.141764009663636 0.156985899847341 -0.0077375558230149 -0.194425679619642
0.15820432668987 -0.152023371434621 -0.0526507821907574 -0.0333950237271948
-0.0200483001617532 -0.203193863265198 -0.014997778591458 0.00952446368673087
-0.0107449565178312 -0.168147778202392 0.0662019004353357 -0.304615904989132
0.0906094084891664 -0.151772535718808 0.151792296588117 0.104733344244816
0.109612668447831 0.0821087773799026 -0.162892266600643 0.220732263053368
-0.0964784898207376 0.0992811953253746 -0.290056386597254 -0.17446487074077
-0.136554403259601 -0.16734591581418 0.14548249364723 -0.319612228622758
0.144519765492624 -0.187573966766775 0.16524047241654 0.00195177941031466
0.312431342870753 0.0299297055553251 -0.089413304650258 -0.0160267763237733
0.328092542987098 0.144895098938699 -0.175717926764667 -0.0676712618114942
0.351044612002984 0.00695556598725512 -0.232079017996282 0.0273606345556544
0.122373578669825 -0.270167719352742 -0.179717473204082 0.232637471210692
-0.268758772112836 -0.109313940731658 0.193888811744618 0.235654738873592
-0.0405002311816571 0.279912234361847 0.225972579607633 -0.117109880164334
0.322588878594058 0.0909868680741035 -0.0416717564566405 -0.25232085934924
0.158946370793366 -0.292946968598897 -0.155095615481746 -0.0304807301156643
-0.0549584913942073 -0.259411086252953 -0.0335892697285198 0.130800771469599
0.0324460321855086 -0.242419266264703 0.0975035041221299 -0.219798808922926
0.215507706909537 -0.20126687618466 0.145751671042811 0.122790352077286
0.195153323657863 0.158534395003403 -0.14207720384478 0.233621603960979
-0.175817867913798 0.124583637751264 -0.254921461694058 -0.131919061297505
-0.132648175970206 -0.286927922135529 0.108187202389073 -0.283626779339363
0.271436272228678 -0.183974811794233 0.173473130857082 -0.0364979539337667
0.388616589373965 0.107290595581003 0.0189720608227354 -0.0127555318126908
0.374517083101332 0.159621927633465 -0.0399930191738881 -0.00579227696977496
0.359493933866189 -0.0765626636129868 -0.106763142609612 0.0376647527703255
0.0181465239578636 -0.307269469523964 -0.172870713741726 0.194915443437033
-0.260143418112737 -0.0117370946002037 0.152135959240512 0.285224478450858
0.0851175342056031 0.218774485057087 0.258583087175381 -0.100606120411084
0.29381219700729 -0.0380019335002305 -0.0860866869681914 -0.268544067218348
0.0743410673800117 -0.313410512286915 -0.221554504825693 0.0245677512758107
-0.0816545011921007 -0.241764107937739 -0.0114328052281926 0.25584806118917
0.0879738319121635 -0.260691207249152 0.0942855404806021 -0.101590471072056
0.323501388714678 -0.134238200257559 0.0790559835439621 0.146961489959573
0.163870047436669 0.282158931320343 -0.140411293688715 0.220046401430007
-0.278719649017214 0.0704506807061042 -0.227601154880653 -0.0711984307712208
-0.0503820537887559 -0.36056001409897 0.0429308417096521 -0.257630890117594
0.34444618319174 -0.101100143667303 0.216512480226112 -0.0682315941690748
0.379783102807819 0.182961109087497 0.145451716502576 0.0421323289669368
0.359584146690185 0.154025150532205 0.103058489065736 0.0595376716090316
0.304699938716871 -0.118902466298068 -0.00137058875566029 -0.00329714078961517
-0.0271715546433652 -0.27083576736416 -0.209211647478894 0.152769888290597
-0.194982397047379 -0.0246532492957732 0.116858266720148 0.362615449085792
0.034124964268213 0.102870751367412 0.315125366428385 -0.060105466964773
0.150030907371137 -0.00905097826986761 -0.0639624079774385 -0.268328839920531
0.0285828758162998 -0.197965380901292 -0.228631654339078 0.041439997793801
-0.0714356277860106 -0.169746097003477 0.027425025331374 0.336098995104368
0.120831256600368 -0.203773854463541 0.0490288199192759 0.00264035251225623
0.292815431791336 -0.0042381437054973 -0.00843902225679233 0.102976293578517
0.016839909775395 0.252169272149473 -0.103673752130399 0.165384933857095
-0.224127808355986 -0.062314419809287 -0.199943115894755 -0.0327044779574494
0.0491177139954069 -0.282726469947596 0.0206054153456839 -0.256338649256393
0.288383339344198 -0.00520625600764389 0.274254410761824 -0.0562975611824159
0.295404432190803 0.196674583914488 0.252637902028112 0.132298441432567
0.292430967334397 0.123770292378457 0.230707206506282 0.114966916726849
0.232172990546199 -0.110510217181456 0.0780156365876132 -0.0565474068886092
-0.0239491948259217 -0.212754354431471 -0.223152334739821 0.0871269610417196
-0.147466964655786 -0.0477264737395882 0.0394285423102893 0.364022086402177
-0.0244417402239843 0.0566536455934526 0.319099039830942 -0.00332718693666557
0.0677048671787466 0.0566467637323767 -0.0145954055517853 -0.267263005415145
0.0421460462783119 -0.0747941438096986 -0.225603067350984 0.000255439487062268
-0.0291824038459675 -0.0920860608787259 0.0491646622244884 0.361600292389031
0.10259805463826 -0.106548263077698 -0.00113095795678852 0.0606478632183649
0.168916531690495 0.0536023229595948 -0.0394209827759971 0.0209750537204334
-0.0395307011075468 0.115354723108714 -0.035145968812749 0.154520296762801
-0.0795030118132726 -0.0852717360623873 -0.198049363325368 -0.00365279640689284
0.0494607224854382 -0.135884705036807 0.0232233036021909 -0.25068447299832
0.155341658481298 0.0147702459610424 0.302066649978421 -0.0306212748284692
0.172192041636657 0.129867086453011 0.325156725177848 0.202326547048191
0.179983747801476 0.0723831658209284 0.318637982024598 0.153781101981851
0.148436177011933 -0.0680871191868206 0.138155649402339 -0.0879150094998723
-0.00236316058288453 -0.135600094493538 -0.212550818501509 -0.00266916430007201
-0.0815246140249704 -0.0520784663849076 -0.0781188571377501 0.325186722881134
-0.0318875836707682 0.00770465860371815 0.279643520828054 0.0845875832394866
0.0221419996993052 0.052185500049385 0.0446542093243015 -0.238691269479128
0.0486047932793059 -0.00167269241275388 -0.223982681840538 -0.0549116553183737
0.0132683871317284 -0.0364797270293502 0.04462575841253 0.352400151557849
-0.024651986830248 -0.00274968043135863 -0.0343015000957201 -0.374025934067609
-0.0328565056378917 -0.0224050812563078 0.205583203491761 0.0818099304328829
0.0038143706278889 -0.0148807669564641 -0.0768236664319873 0.209085380656812
0.024002211784188 0.0388307109783022 -0.258498035713608 -0.123067876229211
0.0188362302296475 0.0475765554048251 0.147045547613641 -0.312142345145955
-0.0239303841249988 0.0426306448698457 0.21023714735512 0.0470658812633467
-0.0564126542796068 0.00826777742517958 -0.164785890810324 0.0781138791103929
-0.0519848042487482 -0.0185071727087925 -0.359667931271432 -0.165512535489963
-0.0358791527015607 -0.0085605943992985 -0.374126583550196 -0.212275264370319
-0.0153449531724506 0.0121270003222352 -0.349158637301167 0.044700343095709
0.0176309919532976 0.0293002205138262 -0.00890276370263525 0.259948878546127
0.01418200210504 0.0232033075279478 0.228000680080949 -0.00548725404549138
0.0107737286474866 -0.0220212123403889 -0.0062152577105696 -0.19661165142478
-0.0569545240298106 -0.0288432213090884 0.0228863646088168 0.0170989505320133
-0.0544862401323029 0.0184627279403495 0.028083502852818 -0.091272048190033
-0.0323131704029407 -0.0373554352815932 -0.0121162046680835 -0.363151054168266
-0.00372134940077846 -0.0459813761038415 0.1849334642469 0.107459245864143
0.0294918367996607 0.0256319377423972 -0.122364255798719 0.207926010971198
-0.00813195141456241 0.0780721900497319 -0.257034227806389 -0.152837259468183
-0.0559749551426696 0.00516633478662417 0.171929415132318 -0.289123657690548
-0.00473037017428612 -0.0562831825842896 0.18090491354427 0.0611687221940528
0.0666653062122537 -0.02485567327945 -0.182711057938965 0.0519082415978585
0.0951230041984255 0.0471754726676468 -0.346518898666492 -0.154661404079132
0.117113158693739 0.0698394174604496 -0.383794865946385 -0.145041324564394
0.116478541457678 -0.0153829351096666 -0.336249376698968 0.124266027825623
0.0243875021349545 -0.0783241295659446 0.0647928506344861 0.276474850924902
-0.0596455311201148 -0.0086153140916445 0.22446010133064 -0.0484549593014697
0.0138017734159421 0.0668643387409767 -0.0205839941537495 -0.185483088562682
0.0591005210062327 -0.0509953724328076 0.00295775697786959 0.00670856288838146
-0.0197507880395784 -0.0995814134845767 0.0141463728996912 -0.0667626307286221
-0.02969649850814 -0.0921371784237483 0.0163207445035952 -0.350208760797641
0.0275319209877974 -0.0815452051476879 0.162841991034171 0.109289649351673
0.0552427867202165 0.0590356304784156 -0.154837515831255 0.222720395316518
-0.050015292787549 0.0934796393944614 -0.287447109375442 -0.163703520962273
-0.109401578760088 -0.0697306442842933 0.152872103301936 -0.309483416437882
0.0491165723888402 -0.13796674019368 0.164468566998403 0.0332374278058072
0.193831348905836 -0.0201978529467213 -0.158532712822208 0.0141969637814502
0.230248316404248 0.106482181033452 -0.283053398088221 -0.11947338690371
0.265768049310344 0.0750054057775702 -0.340549373872796 -0.0460778882242226
0.184953623380051 -0.138458484874693 -0.26588372757901 0.217348766138029
-0.107902007927041 -0.17667114190927 0.163240810897024 0.259774897874386
-0.142599829798733 0.112778141059047 0.219402031846469 -0.0945471849325214
0.148332933106181 0.156941383353664 -0.0124946804006288 -0.202726815935021
0.159739534709054 -0.156706487743855 -0.0568913024214088 -0.0370883542522509
-0.0242917146970059 -0.207594035490426 -0.019277671568906 0.00956715481803298
-0.0114550563554595 -0.170576573841047 0.0590812259358886 -0.309537462181998
0.0890824250124187 -0.153536160035352 0.160513832171945 0.100973211792449
0.112098715214145 0.0810719685943557 -0.158908847853818 0.229136122363225
-0.0952816007336216 0.101974638419463 -0.294607128984974 -0.171420823334839
-0.140796703367682 -0.167579015117214 0.140857143744899 -0.323896541976774
0.143522152580665 -0.189245528292236 0.165732648483301 -0.00300233561435665
0.314664817632298 0.0262729423884545 -0.0915089971784496 -0.016272347380257
0.33421248635564 0.145081251610631 -0.176826389446651 -0.0672079515525077
0.358125704763271 0.00564197913501882 -0.233612990539547 0.0284057301726894
0.122843096085096 -0.27798102417913 -0.180955534053767 0.236610621598843
-0.279226303065673 -0.107166356273196 0.198352488198221 0.234106276346998
-0.0369000154446614 0.287001121138409 0.226974181110828 -0.124948017756141
0.332338560082935 0.0869359314286649 -0.0488153150701876 -0.260604836929832
0.158738345045187 -0.300441207047242 -0.161718614995669 -0.0328695720891108
-0.0604558883849126 -0.262416000880846 -0.0352879841197999 0.134948871997043
0.029825964074512 -0.246169133883557 0.094453635616972 -0.225276500265824
0.213211609638752 -0.208428410123717 0.154655212904922 0.122430163961354
0.200022481021879 0.155661618929612 -0.135209325878227 0.242786399966923
-0.17737309671955 0.127682063823097 -0.258823415740478 -0.127937550327508
-0.139054975552871 -0.2900547069714 0.104939025909159 -0.286388736602616
0.271493381210243 -0.18771802114769 0.175170701214501 -0.041223184330073
0.393056166226226 0.105619726845129 0.0181930550305548 -0.014111302092651
0.381462049776596 0.159149575887059 -0.0399960331260591 -0.00551598349639474
0.365559510111685 -0.0801634905806243 -0.10645778258384 0.0377196644224579
0.014080675882643 -0.31318866136963 -0.174645595920276 0.197492200822207
-0.269680718509503 -0.00639437103837308 0.158077726752526 0.288347360528532
0.0903629473242691 0.22561474689962 0.260413442665519 -0.108461506603352
0.302452676976379 -0.0452266775755116 -0.0961056740454395 -0.275332970533398
0.07179783790188 -0.320618920894915 -0.229881868282289 0.0261164831335826
-0.0886839029394779 -0.243627416453721 -0.00914048016722266 0.262302737772273
0.0854279323822481 -0.264945333581289 0.0936118643733645 -0.106036904679777
0.325092639844686 -0.143693612918791 0.088123766783495 0.148115010243718
0.169818713501487 0.282578124733753 -0.133915342179816 0.230682205877
-0.284927072023433 0.0735540734658476 -0.229142237326411 -0.0641983818393573
-0.0566615713804979 -0.366485754912098 0.0386399693967485 -0.258907266551882
0.348129538131594 -0.105662082410765 0.216276489735072 -0.0730727152049402
0.386735867731962 0.180249381362437 0.146871009095197 0.040812498452968
0.36641557610858 0.153671096074001 0.104823637599577 0.0594077223420893
0.308605432307789 -0.122186882568169 -0.000412283573554341 -0.00523323703740864
-0.0311416646749569 -0.275566996296457 -0.210377866874837 0.155860776866596
-0.203028724643606 -0.0208986636294813 0.122069917721632 0.368364780826363
0.0382708259952424 0.107721983524223 0.316673860805008 -0.0664071561507178
0.15697243204009 -0.0123045883071281 -0.073716161172164 -0.272392943591902
0.0271962527789918 -0.202510645025685 -0.235038337198589 0.0448256445556627
-0.0770497338871638 -0.168267054425522 0.0334932136204405 0.342840049356022
0.119148146232246 -0.207007608417463 0.0513575867011366 0.00182494645081621
0.297294856520157 -0.0116285181248683 -0.00363434931218458 0.106601446266353
0.0196918056715227 0.255032932017833 -0.0986716929583608 0.175297762907715
-0.228506311293307 -0.0624906336561929 -0.201486800458804 -0.0259280225885023
0.0469887215598208 -0.289308827159519 0.0162884265130224 -0.256358766027629
0.29285360877797 -0.00743013807701739 0.276148431395883 -0.0610654025804072
0.300504087825953 0.195793327999775 0.256526477200259 0.132023679767008
0.296679978036546 0.123942092246646 0.234407869033705 0.115340001642227
0.23564053038569 -0.113901968261784 0.0782921151517229 -0.0587451665262755
-0.0262280836758575 -0.215303555729995 -0.225190884654013 0.0900804894842243
-0.153554209379538 -0.0463761151277032 0.0428264357035754 0.371820783327384
-0.0238156788893159 0.0598951929366082 0.322080072391498 -0.00629585465470588
0.0745059380504205 0.055365041022372 -0.0212423479746767 -0.270401444732845
0.042816614510496 -0.0782549943292187 -0.232601787993311 0.00435580266801196
-0.0334582700206271 -0.0895262955390782 0.0571673972643294 0.368567095225834
0.101309655387811 -0.108411935305084 0.00249907766108349 0.0607823540212142
0.173909914020548 0.0498359781725868 -0.0381234797960818 0.0254322679201478
-0.0385001069207346 0.118403929798262 -0.0313897473047222 0.164714272711334
-0.082585572740353 -0.0876269075337792 -0.198587169085495 0.00353112328091857
0.0492213691919901 -0.138359200397934 0.0183348635900778 -0.249832586017535
0.158507767754019 0.0158251182508583 0.305201756872756 -0.0348304398672723
0.176768154517767 0.129223448135929 0.329595142473929 0.20132515967911
0.182953190371633 0.0718468294174007 0.325328634503021 0.153822102283999
0.150906909538904 -0.0710257621775972 0.139435913594923 -0.0885267613226319
-0.00262291076177083 -0.137802888991435 -0.216305657222441 -0.00149332833020011
-0.08715955887431 -0.0540964751188478 -0.0790655543122989 0.334953519771978
-0.033077363131653 0.0115076761831348 0.283983736474126 0.0845346858239982
0.0262770124832824 0.0510025829512194 0.0415468370878403 -0.24041820998093
0.0505759311693738 -0.00442167111579185 -0.230896719122166 -0.0499745164370844
0.0112677267616401 -0.0334760207373353 0.054182893617595 0.359161707311638
-0.0251539132849899 -0.00258326829845712 -0.0458253995046168 -0.381154272821323
-0.0343365999081558 -0.0216821284193209 0.212838375448293 0.0756067294999159
0.00463838562221619 -0.0149572997760716 -0.0737467913250029 0.211755880336694
0.0257739502830106 0.039174012836272 -0.263906885824167 -0.123960708850403
0.0187846335773588 0.0499487331689156 0.146229247285652 -0.321586771586118
-0.0234858068400925 0.0430853093114325 0.21550172236527 0.0434460876791194
-0.0568298618884209 0.01012721584462 -0.167746334875421 0.0810444901047587
-0.0532854079599733 -0.0169111277693818 -0.369112512229922 -0.162861501644648
-0.0354293370660048 -0.00761734050983794 -0.384488524000537 -0.210277013893949
-0.0155421894896477 0.0122762573061129 -0.354999193776832 0.0520691119477043
0.0178902609976959 0.0295034722797048 -0.00389913818060566 0.261181504141598
0.0157805403753623 0.0231470670376515 0.230734586790613 -0.0155963305493728
0.00988859901034764 -0.0243097049934473 -0.0136326273596744 -0.205653172934684
-0.0596211222952674 -0.027393665083523 0.0216632135708032 0.0137593404639027
-0.0542367563034312 0.0205740300836945 0.0221836058394666 -0.0939390947138406
-0.0336150377972213 -0.0370398469484785 -0.0230344247120445 -0.370106190114084
-0.00499410849047908 -0.045838924004438 0.190241700548626 0.10224396639892
0.0319898558734237 0.0251036418510372 -0.119234941840987 0.212478908149722
-0.00521058806654589 0.0808063758025326 -0.26308508021812 -0.153528141975482
-0.0584260002439832 0.00698767666638859 0.168572391219319 -0.29800203080789
-0.00612048723827525 -0.0565668320671583 0.184329048081838 0.0577744985582486
0.0674010188825657 -0.0257003312092286 -0.18618971267778 0.0547857058552213
0.0976417655899636 0.0473720596313285 -0.353253405586813 -0.15333741359086
0.120860938534881 0.0699722549718564 -0.393310978716362 -0.143022415268641
0.11840979261507 -0.0182800013579322 -0.340258058926929 0.13413459021965
0.0248543104368267 -0.0822171557780487 0.0704837336694919 0.278116669181353
-0.0605421909963337 -0.00812673642873524 0.226854966311558 -0.0610411844258019
0.0149421683648435 0.0665000462750501 -0.0285689432555278 -0.1934608286393
0.0585034642052614 -0.0549260626316759 0.00170539946144442 0.00445527097297709
-0.0239439943184383 -0.101580992736274 0.0101627859436864 -0.06810663148735
-0.0322417422032171 -0.0930104245120113 0.0094917211071489 -0.357499298511501
0.0262688224107746 -0.0839430931036186 0.171290577324223 0.104563392146517
0.0583157373819226 0.0589463772392843 -0.151182967206563 0.22922066129258
-0.0472862470716867 0.0957368480563643 -0.292822292182887 -0.162038414650636
-0.11436670119473 -0.0669945983002285 0.150235765162835 -0.317888625342021
0.0468945537406004 -0.140801973803157 0.16787198162344 0.0284722367875387
0.196675107248208 -0.0234923425538021 -0.162197760445119 0.016321666328506
0.237274580718476 0.104242801109971 -0.288582629259266 -0.118737123920299
0.273378438384484 0.0720753316451697 -0.346413140907384 -0.0414876376776452
0.187589887432539 -0.147365092054642 -0.267207813917056 0.228781410083295
-0.114356875513448 -0.179371892869015 0.170356631843643 0.259618925066775
-0.143286597870937 0.116658151644958 0.219208326782111 -0.106002372043876
0.154745949091293 0.154502136168891 -0.0220932027584344 -0.210429131257171
0.159583546302084 -0.16574837964781 -0.0615650124409021 -0.0382230236691686
-0.031029255119059 -0.210000007357405 -0.0217525239022129 0.010861627568126
-0.0160354324749205 -0.174178319342061 0.0514308690972905 -0.31844226091676
0.0870428710697527 -0.15892304056139 0.168759454277716 0.0969241666962498
0.117350440197891 0.0795652397502082 -0.152446458419864 0.237253822518831
-0.0940057677814806 0.106167078786782 -0.300349280950182 -0.168260299915596
-0.148776342610898 -0.166350263315344 0.136362502791792 -0.332693857672852
0.141770964488205 -0.194337666130409 0.168645211871912 -0.00797738812830506
0.321400906232531 0.021732823873344 -0.0941581497502978 -0.0152815944570281
0.341878994938082 0.140674381106948 -0.180313535723415 -0.0659191013480803
0.365919901592814 -0.000615794670801088 -0.237067252062305 0.0334685874483116
0.120800599240422 -0.286785530348279 -0.180789637210607 0.245870425295501
-0.288080703259395 -0.105298558928407 0.203519163158209 0.231064411790514
-0.0329438948749351 0.293196507526265 0.22441217288689 -0.136201996266646
0.341496528297262 0.0782874158286506 -0.0605986255177366 -0.266800738418469
0.154401140721682 -0.310015975730592 -0.170477412168054 -0.0293358963958868
-0.070512818527503 -0.265413251424862 -0.0332172017655705 0.139112408384596
0.0232231034496335 -0.249703615342862 0.0905936198623151 -0.233034348052583
0.211948050568797 -0.216849204449193 0.161686911578439 0.119957593668339
0.207218617491071 0.154578055001776 -0.12829675648668 0.25135650285775
-0.179120157356547 0.134482036716093 -0.261186221882617 -0.123916559029453
-0.150298657302191 -0.291768938562326 0.100258858547955 -0.29179711486857
0.272964700711152 -0.1970992773298 0.177524148805416 -0.0472184952464763
0.40160997740372 0.101658842920546 0.0165994339152797 -0.0140285764482278
0.390337023305704 0.155011333387282 -0.0406900213978237 -0.00392585481368537
0.370358285013695 -0.0866962769494843 -0.107850421777149 0.0392114737319866
0.00816221007732515 -0.31940993233412 -0.174665334030061 0.203419576148883
-0.276848837509879 -0.000946977682543836 0.165013774411458 0.288296067921996
0.0967459700397694 0.226092882613902 0.258073165871837 -0.11712239524059
0.307382587748804 -0.0543833680491821 -0.109301194871121 -0.278271871414236
0.063416281695976 -0.326769892323912 -0.235783755885844 0.0322582817515968
-0.0977766957280221 -0.243986863377051 -0.00298962070318437 0.268352453623516
0.0778219024098414 -0.271063594956564 0.0925504011158914 -0.111003800414012
0.327397013743806 -0.153335903176796 0.0962015584858708 0.148739364538463
0.17830058903777 0.283623582453865 -0.126367084278293 0.239376450859879
-0.290956658691481 0.0810667884183302 -0.229391194668415 -0.0587759497952889
-0.0694127987407212 -0.374697329495169 0.03518195766072 -0.261996975819251
0.353593596826875 -0.113758493996001 0.220037507080841 -0.0805185286266406
0.39686870306859 0.178387914491309 0.149239667841911 0.0398084625762572
0.375228812593366 0.148297169025336 0.107950673523543 0.0586492886412843
0.311559151629591 -0.129972018855656 -0.000252725897622178 -0.00439399515162693
-0.0379819201129072 -0.278642235723746 -0.211863238348919 0.163780646775466
-0.207008731922022 -0.0164155786501155 0.128896882422 0.372144298079381
0.0408108872978452 0.109077616608813 0.316705708114759 -0.0741945238171999
0.160949847615745 -0.0169769219969644 -0.0868009335526245 -0.274368131359896
0.0225038362964273 -0.206236523339354 -0.242452049221891 0.0522781832773062
-0.0832356799643272 -0.169097658911214 0.044131988669324 0.349718536200534
0.115349916957781 -0.212897738138957 0.053280422010637 0.000139213071022702
0.304871396662586 -0.0186602390624607 0.00231680344793301 0.109585732628947
0.0266074910542217 0.259530834140057 -0.0922156155739537 0.184501852684225
-0.236567071396067 -0.0605934034792111 -0.201475684179119 -0.0173012402948825
0.0409360276386749 -0.296965451847687 0.0125191509734021 -0.256850052551728
0.299800042272328 -0.0126533988956303 0.280717449314762 -0.067627654857949
0.310763350407662 0.194335223290663 0.263616502151919 0.129848762638485
0.303674943127544 0.120842020059149 0.240030382541044 0.113857310737001
0.236683359902143 -0.120048618842212 0.0789626292466881 -0.0596088863750987
-0.0314689195953246 -0.218218067256374 -0.227800229167742 0.0954417653282625
-0.158321975206977 -0.0435236135389941 0.0473841473377919 0.377887611639169
-0.0225425563034198 0.0603666439395649 0.324860407415599 -0.0105427966513771
0.0780417272523478 0.0536572669559728 -0.0318743664518675 -0.271723126459654
0.0425733361360804 -0.080593644783153 -0.23866404637194 0.0114725849976249
-0.0361190799713496 -0.0900509037198684 0.0684528023478818 0.374543765491007
0.100228047997963 -0.113757390163901 0.00533049846135282 0.0614541654371128
0.178685066737848 0.0470607330390147 -0.0366188028306085 0.0302639054422518
-0.0362224352625874 0.12169910108506 -0.0258885569255492 0.174074753951882
-0.086999487689821 -0.0884990021872076 -0.200892185800064 0.0137052623933155
0.0465329209143848 -0.142996732705413 0.0141597310881655 -0.250396197228712
0.163209395204658 0.0135534550566105 0.312794942501788 -0.0407756294493868
0.182310253916626 0.129014984706391 0.339835706089229 0.197994672684976
0.187928424039855 0.0704481089811808 0.331093932797639 0.150372134522658
0.15302047856479 -0.0748382272759878 0.140401813749123 -0.0909036265598055
-0.00521867214967537 -0.140703512458666 -0.21905862493496 0.00262228525540805
-0.0900393306114646 -0.0552024525939115 -0.0766593641253834 0.344843366993382
-0.0353826929134176 0.0104137584470251 0.289707083679052 0.0856765279699743
0.0283981703112663 0.0503184506771647 0.0355255783491174 -0.241957471552492
0.0532754319583352 -0.00573371025561183 -0.238238382404345 -0.0430528795464395
0.00955974157854134 -0.0350022156706291 0.0637765337760785 0.365104357536609
-0.0259808539333881 -0.00143675266078671 -0.0597417215598224 -0.384502232066477
-0.0358991379613928 -0.0209535442753434 0.21721739824487 0.0656153476580824
0.00429713176904975 -0.0150187532574634 -0.0680510099410334 0.213668573113776
0.0280323967074563 0.0399365564386677 -0.268721070337342 -0.122410102326112
0.0203185628408807 0.0506992738443367 0.138225861142298 -0.331159277969036
-0.0222774954857589 0.0441180254287792 0.218284293024122 0.0357176316906535
-0.0562529059691956 0.0115882040524262 -0.16883851300609 0.0849215004313315
-0.0546905997438922 -0.0149348440678107 -0.376966444988644 -0.157412739037526
-0.0358646981954715 -0.00627007619523832 -0.394482991757685 -0.203640162172648
-0.0155165020370811 0.0122712069603521 -0.359327136726853 0.0618897309348087
0.0191000935766536 0.0300070001696187 0.00287277436223397 0.260391610278879
0.0179590006890725 0.0236686428339073 0.229881876169559 -0.0260723389816501
0.0089783354000126 -0.0260625328091096 -0.0247350213051784 -0.211147960325361
-0.0615971709402222 -0.0255072610008559 0.0204841503472838 0.0108976638636636
-0.0546542868974966 0.0220465440066012 0.0173716685314712 -0.0945026714544602
-0.0359490016333753 -0.0363143173723026 -0.0367362090334015 -0.373987861513892
-0.0060603367626268 -0.046625280282454 0.197761992389289 0.0943586986420232
0.0336313894351844 0.0258654848564039 -0.1138078499763 0.216974668922951
-0.00180739765636212 0.081415028499317 -0.268243176600179 -0.151312657819678
-0.059640566643579 0.0110008240160121 0.162677820594602 -0.308469750979785
-0.00805279764653816 -0.0566911226821555 0.1871355480647 0.0523143466269245
0.0678543215655806 -0.0271828364149366 -0.187489504286924 0.0599442486742843
0.09918426041195 0.0459887884815237 -0.360122664039566 -0.147358970234425
0.125989980018026 0.0676300538125774 -0.399619426957991 -0.133526689368772
0.121250031081493 -0.0241727165458328 -0.342907505095638 0.145912951176082
0.0236279654099354 -0.0846036234566623 0.0777615664226562 0.275997472992914
-0.0614452027673294 -0.00770859378082615 0.22677077673182 -0.0727084243793935
0.016374221475903 0.0656330770694702 -0.0395396519026474 -0.199994489571216
0.0570090267370877 -0.0573759983192538 -0.0010745111679765 0.00297751600782804
-0.02698818294949 -0.101834564810329 0.00566019764935919 -0.0684407154246577
-0.035755679929003 -0.0918077683551351 -0.00459513689443881 -0.362512098582427
0.0241136940026074 -0.08444644094798 0.177682151251789 0.0978622089257751
0.0614042896331855 0.0572152511859207 -0.142554353287559 0.233283200527653
-0.0443428979493757 0.0987196901134949 -0.296837115306754 -0.15837494460394
-0.117901813386451 -0.0635816674635309 0.141206114173062 -0.324757513973369
0.043897640917629 -0.143302334899582 0.17001087232291 0.0227512229659606
0.198914970629842 -0.0273312468640951 -0.164726101734376 0.02082857078034
0.242437218813532 0.0990304558513256 -0.294173635329792 -0.11375725454475
0.279521483280652 0.0659656476732631 -0.350622443489362 -0.0321592185600861
0.188723339253123 -0.156780204090381 -0.265085057531733 0.238805137080526
-0.120891038235099 -0.180909872657723 0.176590231909716 0.254650402428569
-0.143512919319803 0.121773816345967 0.215574239491718 -0.11846565097972
0.160259563334232 0.149764264227847 -0.0349717784787386 -0.215890594584154
0.154938059179685 -0.173124693413473 -0.066579177849338 -0.0376957502602748
-0.0391316465387198 -0.211099709013309 -0.0241271113010033 0.0129012315785963
-0.0226634131123666 -0.173892911713831 0.0419338929097195 -0.325063003483137
0.0829268479811814 -0.161742842122516 0.175746206960738 0.0906751375719869
0.121555366011871 0.076381923329284 -0.142439679884109 0.242339916352096
-0.0917204536246961 0.109447716066686 -0.305772366949331 -0.163692905821543
-0.155582988156433 -0.161678962270476 0.127170979601089 -0.339045860081124
0.138202023230744 -0.198069407095589 0.169743776749172 -0.0153563840096263
0.32437457415978 0.0144390468916253 -0.097286914993041 -0.0141004424665698
0.348355927588642 0.133679619297632 -0.18363274133352 -0.0622351400898929
0.369966339146808 -0.0105422061202506 -0.23770494286224 0.0382649388730772
0.113867448910796 -0.294489349278979 -0.176581934524124 0.252332249659758
-0.29674570781739 -0.0987801714787941 0.210243145931575 0.225917521267178
-0.0270441667805078 0.296262812520411 0.219345041540265 -0.147149922800198
0.347234900711715 0.0679243022562145 -0.0755734087364811 -0.270116853797831
0.145311941315395 -0.319173445872513 -0.174788280705032 -0.0249126059378659
-0.0809265265568003 -0.266116523611634 -0.0301947960328584 0.141966533175608
0.0152446317207181 -0.253491491122296 0.0833348718378051 -0.239176994157925
0.208264395357921 -0.225647608707886 0.170610272752935 0.114175442162701
0.214557459088638 0.149473299454016 -0.116674492369057 0.258706134681706
-0.177768474857605 0.141876655773271 -0.265021009239168 -0.117770004842938
-0.163040342120282 -0.289700934143291 0.0944373776210179 -0.296931243687895
0.268489819919195 -0.20543771595747 0.177980264109004 -0.0536926548572052
0.408978950703883 0.0915521475108192 0.0151028528773062 -0.0147314822185294
0.397405854131841 0.145561405173814 -0.041073816398762 -0.00369660704641933
0.371613710720008 -0.0973947791972099 -0.10721218264282 0.0424051843586575
-0.00088821368834292 -0.322737061046786 -0.172041662817747 0.211588463127237
-0.281499477978093 0.00717359142456796 0.171035234931217 0.286214675026318
0.103329836979259 0.226318152411188 0.253971496111891 -0.126402100323868
0.30929341730534 -0.064648106177619 -0.123926981714982 -0.278717566598075
0.0539830307644029 -0.333466743448024 -0.239931001061858 0.0420136664260692
-0.108187558398317 -0.243882071474318 0.00580661985314301 0.272224088350954
0.0700541627365798 -0.275497557130797 0.0902159794021045 -0.115960075598975
0.326830286301913 -0.165262136845561 0.103650911241143 0.146657881881368
0.189282762089722 0.280913804195192 -0.114324394660584 0.24692144893255
-0.293281288720699 0.0898053114941791 -0.229150028769112 -0.05265985807131
-0.0827737192814515 -0.378426044463969 0.0297266116203608 -0.262932419009073
0.352749739956034 -0.124339417123442 0.219402722183775 -0.0869856913298444
0.405669503244377 0.167949955821577 0.150625464058036 0.0363240616062314
0.382412900449815 0.140545772195128 0.110425213652842 0.0571374958339576
0.311705576131613 -0.137491569200538 0.00040088961507672 -0.00423907294948802
-0.0469828789344305 -0.279062456553639 -0.209526425075247 0.171067609703504
-0.210404492855812 -0.0101118533361959 0.138177170773217 0.370414555771966
0.0442766307887934 0.1086891514198 0.315110128937948 -0.0839874713556983
0.1624230323512 -0.0229084430862797 -0.0995268120411072 -0.272263817829982
0.0176213907984401 -0.208984105373941 -0.244342124801568 0.0621680402665407
-0.0899745331605089 -0.168219959603893 0.0551013023153625 0.352856426558604
0.109048525933053 -0.219072902084885 0.0543059323407242 -0.00213416550653176
0.307888276635378 -0.0298065274630822 0.00731603013685378 0.112456967546937
0.0343953748789816 0.262045144950328 -0.0831242808915652 0.192077609725974
-0.24312897416123 -0.054980529746419 -0.199564473581294 -0.0100578828817339
0.0305993435923896 -0.303817614072261 0.00543917854048376 -0.255313847145925
0.303518974707098 -0.0221921070033279 0.282408048559976 -0.0755113285520477
0.320888811267828 0.188590000950013 0.270012256578285 0.124670018716499
0.310319583310787 0.114270244171171 0.244588070730866 0.108753364128539
0.23696719189799 -0.126605912806135 0.0786597802298521 -0.059986555241043
-0.0389364945776525 -0.219379508021397 -0.227544704201934 0.103170593259211
-0.161196331359791 -0.0410374315365679 0.056891269893163 0.382640579224337
-0.0221319600969605 0.0601733438721803 0.327734834144722 -0.0163982395831163
0.0809371447014385 0.0510014958333307 -0.0416675949846774 -0.27081693476129
0.0409228191419729 -0.0827622539172305 -0.24311898400344 0.0214501773536568
-0.0392412485513808 -0.0904494337858324 0.081370261377685 0.377022234051486
0.0966681893755699 -0.117344342371754 0.00816744871989801 0.0620297013107546
0.18275329644329 0.0409211140059741 -0.0339704438941276 0.0343146039567857
-0.0323617969141033 0.124613715265956 -0.015001306114683 0.180111979380069
-0.0917542108351756 -0.08846043535123 -0.19792394570368 0.0221815377893404
0.0439064143350553 -0.145529854778216 0.00771713349044027 -0.248513912226196
0.167000240031444 0.00978338423986503 0.314212855311837 -0.0481317332256344
0.19082469663562 0.125572621825444 0.349801354924514 0.19231724171429
0.191940835478496 0.0675006402698377 0.338706640283513 0.14456843567816
0.152265773885843 -0.0808898484337128 0.138839939576066 -0.0925499248057044
-0.00890068427441777 -0.143516759057373 -0.22237718123797 0.007308285419407
-0.0939489897543702 -0.0542890347647115 -0.0706976377322888 0.353143785484221
-0.0362836532798161 0.00986360702340341 0.29468957912246 0.0813350949448122
0.0299555339778637 0.0489590731462741 0.0271582384993045 -0.242408881766687
0.0545716105867337 -0.0079612749361764 -0.242730052739536 -0.0337239659827817
0.00905229296528792 -0.036351891215899 0.0755964657248353 0.368084386711385
-0.026753305684708 -4.53507394115376E-05 -0.0739479792005162 -0.387622449800254
-0.0358636472406182 -0.0187544469538748 0.219873665707154 0.0574371420121996
0.00419606086019487 -0.0148290037921539 -0.0615702364963478 0.214448705374234
0.0300703665703439 0.0396895178685117 -0.273708458045056 -0.120660132652513
0.0222823699250289 0.0526615089590553 0.130230964244379 -0.338955949205218
-0.0205552811208867 0.0443322362566959 0.218693728032176 0.0296890777452364
-0.0551507038775211 0.0133224568087789 -0.169095262204844 0.0879835081244788
-0.0551498063472558 -0.0133326032216645 -0.383543750238238 -0.148778196235118
-0.0354616424047595 -0.00518198150185864 -0.401321334800192 -0.196169972034001
-0.0158126335952059 0.0120618088024325 -0.360187097967361 0.073394998095096
0.0197838622181423 0.0309087497664895 0.0068605118051055 0.257866170071841
0.0190683957697676 0.0234753361048773 0.226846181904912 -0.0391365996673226
0.00781951815130289 -0.0271735424023172 -0.0364340994294378 -0.215198562385072
-0.0634137432275189 -0.0248126684236692 0.0186801627749681 0.00824355141912483
-0.0545334646340266 0.023999977962837 0.011410766430632 -0.0945057079695945
-0.0370889936679591 -0.0349225455506973 -0.0493378683932722 -0.377638651952322
-0.00743019419168882 -0.045669225366144 0.202831750727303 0.0854080756698265
0.0355659238184971 0.0250962696395262 -0.10683965884693 0.218359861545102
0.00207063214521477 0.0821732385107126 -0.274074880288377 -0.148066240715723
-0.0592702107486107 0.0137425859421558 0.156005207193641 -0.315423802908987
-0.00941345460237802 -0.0579413734333621 0.187665784376867 0.0458294407548685
0.0681584939133111 -0.0280132910425687 -0.188393859726114 0.0629997062048958
0.101513355494147 0.0444314988220732 -0.366225965547777 -0.141510956156377
0.130300861691063 0.0647010542769432 -0.406666937008168 -0.126906490532487
0.121906988892996 -0.0287605758021663 -0.340594904704118 0.156685489820707
0.0204544242632359 -0.0862602409448541 0.0848418602300833 0.272067769849685
-0.0620414939462799 -0.0069713253170209 0.222553150073838 -0.0842984856459574
0.0181704950804451 0.0639061369202747 -0.0504403561181102 -0.203742902934542
0.0545624046804212 -0.0604517279163249 -0.00414614115790547 0.00200205645648388
-0.0316016445713284 -0.101234712160574 0.000293781187603738 -0.0680624411187474
-0.0393332274967229 -0.0914353137659889 -0.0161878796536946 -0.366591633514455
0.0213973528931761 -0.0857512099130603 0.18384914892565 0.0899292381036083
0.0636326866258353 0.0561635917990005 -0.135369501099397 0.236720017039942
-0.0403406379456116 0.0995801729835417 -0.303395080810073 -0.154357753035382
-0.121168441576657 -0.0599018239528161 0.135182422633394 -0.330748919224806
0.0415747693602724 -0.144235064248301 0.169855098462348 0.0166507923417057
0.200093835976338 -0.0320285157359713 -0.167595737256173 0.0246246009016709
0.245374821249464 0.0940278944308989 -0.298288753444954 -0.10766897241672
0.284203070801529 0.0586290063774181 -0.352618961263901 -0.0236850463765013
0.18535693865476 -0.165065299870357 -0.261452771860985 0.248110308896022
-0.127862168432721 -0.18000785194278 0.183212335553697 0.249722819345601
-0.143058642104893 0.12529585177767 0.20968595980777 -0.128554406877859
0.164183521766774 0.145160252403743 -0.0467503456618229 -0.218896826572182
0.149205286015907 -0.179091808352409 -0.0714865661938176 -0.0348022057730711
-0.0482508606867624 -0.210054239255808 -0.0248819708221976 0.0152505655619545
-0.0282109569478719 -0.174264547636876 0.0303575390257603 -0.328998946085143
0.078801338776452 -0.165321302723017 0.181404088998565 0.0836676008335167
0.123742702116214 0.0728844064641435 -0.132500321395302 0.2461087662065
-0.0885046446869606 0.112820463811903 -0.309489738331882 -0.157524983659139
-0.162568042617731 -0.157107783485861 0.118596260530657 -0.34425233403557
0.1337990578342 -0.201897755763524 0.169704939386366 -0.0214066264156386
0.326552934030748 0.00690572582965955 -0.0992381549377429 -0.0114235458572372
0.353674921087142 0.125197751413884 -0.184992201485325 -0.0583752973022433
0.373096628552764 -0.020256682404728 -0.237750567653704 0.0456278577294634
0.107476296645963 -0.301285337768885 -0.171981847450778 0.259724901818855
-0.303903169655922 -0.091354628354793 0.213380950889499 0.219326014463086
-0.0211108666710058 0.298065073022193 0.212200856276523 -0.154813210920861
0.351217389753806 0.0566728054306186 -0.0888069166309494 -0.270197608673364
0.135891757645162 -0.325894479188025 -0.179904882079799 -0.0190237268782022
-0.0924597907207737 -0.262296524869979 -0.0259006330111128 0.144668839987803
0.0081108511243647 -0.254201200019848 0.0759713556181181 -0.244662069026846
0.202954727136907 -0.234231810181194 0.177127244327858 0.107856655560501
0.219453021997367 0.143952566884201 -0.104814162437484 0.261704754425304
-0.175052061378984 0.148271765514014 -0.266475092552948 -0.112449247553773
-0.173935828995288 -0.284743281518518 0.0868902649044743 -0.300587805213396
0.26449854462604 -0.212703101115401 0.176820342953477 -0.0603703691051634
0.412856682469202 0.081045676564472 0.0137677358075504 -0.0157512427071993
0.402834698621443 0.135343120443943 -0.0417068320040813 -0.0026738390235726
0.371635207426411 -0.108030777366398 -0.105643000748125 0.0456733334844798
-0.00955907721630895 -0.324121870555054 -0.16651804217422 0.218045863575808
-0.285218881160776 0.0144950110332277 0.176930747748412 0.282041225703608
0.109833432032882 0.224806177183 0.247398937014464 -0.134650918407101
0.307897313205202 -0.0761571030898874 -0.139239234986885 -0.274695641037264
0.0452667741993403 -0.3359886882762 -0.241951800435728 0.0508681636245483
-0.117896028321347 -0.240636824510289 0.0144236122179575 0.274927964172175
0.0623037354837149 -0.27905009724656 0.0876039195024245 -0.119973754553791
0.325540693336665 -0.178573402791854 0.110813714758656 0.144427187877117
0.198900408477093 0.277357879064798 -0.102233517764531 0.25197882352345
-0.293792652937133 0.0991846260785102 -0.227369431554656 -0.0459246279095753
-0.0969683171221678 -0.378624209254678 0.0251152665792127 -0.261858077580424
0.352315875617931 -0.135517919172699 0.218568562918999 -0.0936423588292501
0.414247622229658 0.158145839187912 0.150752742335546 0.0327965221949956
0.389323576117835 0.131175176338445 0.111532768121182 0.0544188496001555
0.310302852152444 -0.145503597071982 0.000295877641523967 -0.00331009605802041
-0.0541749502204059 -0.279823666923889 -0.207019676720934 0.178267425219279
-0.212475801498096 -0.0046785231499652 0.146669309626598 0.370410739026382
0.0475802089535403 0.10700786209937 0.311097497923425 -0.0907072247696624
0.163036690731851 -0.0287686779764581 -0.111112619812818 -0.268506484257673
0.0110551112655208 -0.211285020583528 -0.245532334646957 0.0727008273912841
-0.0961041169258101 -0.166403895327208 0.0691792759068451 0.353944211617881
0.102951025887604 -0.223648218062067 0.0555742980208066 -0.00467861295286777
0.309512438479747 -0.0411730963131688 0.0131527655382809 0.113512051415583
0.0426064328939687 0.262878393218833 -0.0719226350370096 0.196368825067735
-0.248710068122605 -0.050047231561374 -0.195871526663127 -0.00283760331549411
0.0230306511121372 -0.307547028121409 0.000717250389059441 -0.253443537337405
0.306142327358365 -0.0305982436627804 0.28202180996438 -0.083137695337561
0.329769865510547 0.179756774708971 0.274610478221412 0.118115122189976
0.315349209796213 0.106998140134884 0.247499712211052 0.105017827850626
0.234625075550234 -0.13343678081767 0.0774801216375083 -0.0603801105940632
-0.0442238608243335 -0.219927784466225 -0.225655417142882 0.110018774893543
-0.163921403969564 -0.0379941093113995 0.0655905295929874 0.385689626924422
-0.0215324484663556 0.0601302962910057 0.32624801249232 -0.0229274855692345
0.0831738527936575 0.0478454594183617 -0.0507999985058727 -0.26740186056998
0.039736765930322 -0.0849798254745042 -0.244599991352703 0.0325622263630989
-0.0434833371442068 -0.0899663548874533 0.0953568919078223 0.376766431094547
0.0937215191298963 -0.121213657697642 0.0117103819267864 0.0616154375124499
0.187419025917764 0.0340407873979201 -0.030912504454321 0.0371690562269917
-0.0287518900948483 0.126402924819684 -0.00529825570126607 0.1848061061814
-0.0960110080117576 -0.0866740970509416 -0.193610400169093 0.030372004044484
0.0397095564946341 -0.147860089783441 0.00391053701195179 -0.245341715787824
0.169449193272059 0.00517362911465875 0.316576580306969 -0.0546292635104398
0.195224195460791 0.120778780217309 0.357609539650536 0.184437374234559
0.194988333186967 0.0626238178655769 0.343298991401153 0.138788110905007
0.150337089197558 -0.0857353498744138 0.138694604769236 -0.0939907485828454
-0.0129835543541928 -0.143377591212885 -0.222271049733556 0.0132670130175411
-0.0977149322547297 -0.0536242055995499 -0.0629872726759333 0.359254714791883
-0.0376872742190603 0.0093593223716898 0.300225228642556 0.0783605768970464
0.0306763161039319 0.0482629919458352 0.0214473636160038 -0.240822031874084
0.055450099731947 -0.010931412965462 -0.244984810820881 -0.0227432148050204
0.00702485304741048 -0.0379094666533272 0.0892977119436092 0.368609391117411
-0.0244419437234579 0.00207002816403491 -0.0594870988486773 -0.39064243684757
-0.0383199647802818 -0.0215867076093221 0.217216606283065 0.0648757991900926
0.00642163090120563 -0.0172193477749541 -0.0742931955348511 0.208544144409614
0.0321709425647477 0.0423629956592372 -0.269467201379534 -0.137992717967431
0.018645849549065 0.0582582170284406 0.150946460725407 -0.334275508655844
-0.0250554301014522 0.0418428936983167 0.215962664223629 0.041443673727091
-0.0551520910481057 0.00913735732870983 -0.176728542694424 0.0756946936557347
-0.0534677486865775 -0.0155077305113892 -0.37487366509309 -0.179257543210538
-0.0362946698887792 -0.00717963601323387 -0.390936384687548 -0.225931620770121
-0.0180928973467482 0.00967474410896254 -0.365903621314158 0.051772924108196
0.0161797794680078 0.0333977417054631 -0.0104671815185146 0.257017725661201
0.0206280564412386 0.0260834968555313 0.226314207242247 -0.0275120422041065
0.0103803896784085 -0.0293683015164778 -0.0279250226920759 -0.220975665130965
-0.0635655555885097 -0.0291209580976079 0.0150997443296097 0.00806311152820903
-0.0558542705985575 0.0202798030823991 0.0139217672166119 -0.0918274711069969
-0.0324366306902613 -0.032945704477454 -0.0360168114370236 -0.379462667104614
-0.00796515932037592 -0.0457737622573045 0.197812921936824 0.0925055801306176
0.0350274332349131 0.0231681692008087 -0.118761309289682 0.210968261237351
0.00148222395422116 0.0838215959232427 -0.267497845142472 -0.166033000594407
-0.0623289730286679 0.0136867109658928 0.174709437138053 -0.310088406615623
-0.00626624614872501 -0.0581480694814241 0.183838790247165 0.0561049763725452
0.0717450014945071 -0.0225279959340976 -0.195389348919605 0.0500706708156338
0.100073248443499 0.0534992388171723 -0.359816942433391 -0.170212335432945
0.126042816872556 0.075703603161557 -0.397788630624205 -0.156045562716129
0.124522944503829 -0.0224889103733413 -0.354016942689006 0.138524984082274
0.0249034477646858 -0.085164471475994 0.0661861919534769 0.274658796938981
-0.06099368993862 -0.00966181385960644 0.223979910515266 -0.0737586800536493
0.0147771305825954 0.0633130665605943 -0.0439141776769937 -0.209552955560552
0.0585121102407039 -0.0588021459714694 -0.00654962301663625 -0.000233107942995531
-0.0253629253887506 -0.103424429953744 0.00148124005417707 -0.0658968771287841
-0.0314309117445336 -0.0894696568128477 -0.00216239809181523 -0.368009202214152
0.0237536604063207 -0.0845324340779917 0.178984881201001 0.0962199506315376
0.0618958936571835 0.0562500054135628 -0.145847103947982 0.228774444750059
-0.0434370560718403 0.0978966560240442 -0.293948414736666 -0.172185911021155
-0.12074850710753 -0.0639007554776644 0.154134904533394 -0.32563599130044
0.0507605218646873 -0.142012463809661 0.166334617325184 0.0254463015101989
0.203242941150266 -0.0169357682597819 -0.170422940348771 0.0117085265878365
0.240699571734 0.112561288306305 -0.292144366594921 -0.132097280631703
0.282765405759237 0.0802534038118036 -0.352699559527526 -0.0486436800266466
0.197703622060295 -0.154926483134782 -0.278021279588541 0.234156136328213
-0.118155870566707 -0.187873613720891 0.165651086263654 0.258110049884199
-0.151507993784228 0.116753713633472 0.214552057212512 -0.118059784396403
0.158208192484745 0.154212071362841 -0.037487332814612 -0.22458240810898
0.160850862956355 -0.172959442027055 -0.0728862485494119 -0.0414571856612576
-0.0367928918446091 -0.213832596421746 -0.029391594102764 0.0158268425960267
-0.0159683741872082 -0.173071631540518 0.0431811221173933 -0.328884438147521
0.0859391505557776 -0.161229773034194 0.178374834109029 0.090181904245704
0.120821525760794 0.0753672033382602 -0.141862233902896 0.238561112724451
-0.0922575270251622 0.107131722901539 -0.298661568780794 -0.174422409585039
-0.154668679600468 -0.165772385896983 0.14068434384464 -0.338630419065535
0.147770216780193 -0.193428114483212 0.169339691616543 -0.0134875867724626
0.327615556697826 0.0305182998380516 -0.100444112819977 -0.0178879496794614
0.346642119911277 0.149984417263374 -0.182834611001343 -0.0719723001064749
0.375577354592045 0.00674729729046914 -0.240748252168479 0.028512473769072
0.128288287483596 -0.296619975762111 -0.189437489159871 0.249919118652375
-0.30130083315442 -0.109026652182824 0.196063654878677 0.232856328904857
-0.0395288628978435 0.29975601861113 0.21904175145906 -0.14366517911826
0.351516863074316 0.0764590739326917 -0.0760504476030734 -0.277353129156492
0.156280783047873 -0.31997681386612 -0.183466099155242 -0.0309635063512778
-0.0788495703665403 -0.269212661585376 -0.0353416853567588 0.146907625795031
0.0232016088225163 -0.251205804058174 0.0866251411915007 -0.241857258613043
0.214113169829131 -0.224923323997186 0.175109909228603 0.115043064730046
0.21245648643325 0.152873382281888 -0.112799427381986 0.25523340096692
-0.183979853906551 0.138184570869412 -0.257267456967566 -0.126829741854954
-0.160247258988025 -0.29614384941758 0.106056155162645 -0.297354361299494
0.27882158764389 -0.193985519091575 0.180122575329233 -0.0497335173472425
0.409057173182257 0.109742894145541 0.0113993022197763 -0.0146025398010854
0.39650063680317 0.16453220919569 -0.0425324607647847 -0.00466333854742836
0.382435916272647 -0.0803914741465446 -0.108321394332776 0.0378905416112881
0.0123454564171965 -0.32669945881762 -0.182323458241764 0.208079726324941
-0.29080064614301 -0.000477319955337636 0.15570190062348 0.294984135667418
0.097915324957578 0.235596363304019 0.255288614818679 -0.117937124412216
0.316383677016516 -0.0593443938411451 -0.126017751800915 -0.283248819560661
0.0658886226775335 -0.337249726914422 -0.25033572619458 0.036107308950935
-0.106198530306437 -0.246309619440174 -0.0014386761959534 0.277215704741299
0.0788529803179225 -0.272272708581419 0.0936891306064599 -0.116923580200784
0.335006905924387 -0.163952085742051 0.107855572526595 0.149261392068432
0.182000757360126 0.286892685561099 -0.108284370168948 0.247052159568362
-0.303136595010775 0.0808993027141691 -0.220409028897941 -0.0577372540670769
-0.0749876064247962 -0.387270055067903 0.0419210640389356 -0.259426775894105
0.362164906723592 -0.110605091590383 0.222581426451233 -0.0808880824922772
0.401991223653381 0.186460266977652 0.146382775276783 0.0425040365064791
0.382183622942447 0.159942414908876 0.107696263101089 0.0647963893286801
0.324040358922604 -0.124944595745908 0.0019552709401588 -0.00263689044995657
-0.0354741596205022 -0.284162908114858 -0.219109335217558 0.166759580868116
-0.216158960026033 -0.0153583220206942 0.122413741347135 0.383153902554899
0.0422563075962399 0.111981712631424 0.316133932592375 -0.0686845232541769
0.168840508440925 -0.0218392061767557 -0.0978617243043289 -0.272482494389153
0.0246375983751777 -0.213216584073263 -0.25459674539488 0.059899640315969
-0.0888268367822433 -0.17098780093368 0.0492071242056788 0.361040887086438
0.116230407654092 -0.216107889791344 0.0576260084835365 -0.00352807852889584
0.313993948981843 -0.0274588090152235 0.0110067464549812 0.115481295150701
0.0275164211888504 0.263400916356475 -0.0740234892269251 0.194736648574515
-0.245330094565054 -0.0674578828868614 -0.191167433944436 -0.0109102336871355
0.0426630751440712 -0.30681034629239 0.0185399904484226 -0.250421857424702
0.310690968995903 -0.00825264448023206 0.286899813636304 -0.065763865994527
0.318139018647687 0.200869403155273 0.26349267177364 0.136672249185883
0.310333455518154 0.129097254241855 0.240576050370849 0.123153652474473
0.245605058637636 -0.117471148862415 0.0829457660266845 -0.0531315650163007
-0.0286822786654516 -0.224867876521478 -0.233284995041619 0.0969910916292857
-0.165945536052839 -0.0475196736252432 0.0382690003427641 0.394393920792752
-0.0231466159289405 0.0609366636845795 0.328319354746996 0.00251228405184591
0.0828060119480892 0.050908141684763 -0.0360267190563058 -0.267274160083016
0.0461397150755514 -0.0848698279341992 -0.249319442635874 0.0191955377727018
-0.0389312638894349 -0.0895606033515469 0.0751360543647589 0.384168907466871
0.101587393930524 -0.11554981461274 0.010949163106214 0.0595726201050309
0.186829921105652 0.0425291263826287 -0.0282227478720201 0.0382795877606499
-0.0362016018835008 0.121465093361317 -0.00893793061634849 0.18774990456198
-0.0890083991737248 -0.0956087228908315 -0.191205003542213 0.0231360534023631
0.0503711852522029 -0.144996854723021 0.020540199077501 -0.242317875074453
0.169360043083807 0.0179476348772264 0.321873685338127 -0.0350011164388656
0.188233640234685 0.131917881746316 0.343648044979115 0.207564393944484
0.192660700623503 0.0760278429270904 0.335159507264238 0.166614891607061
0.158397497322522 -0.0766105504789642 0.14722528327673 -0.0813371523365092
-0.00296768588199204 -0.146745760390531 -0.223824955124129 -0.000688983250504106
-0.0989106991030787 -0.0614911916250409 -0.0891889137585523 0.362902654192006
-0.0385442313993014 0.00874484479968195 0.295933292654768 0.102216496049003
0.0287606700616796 0.0496702177939693 0.0387532396549643 -0.237365890124676
0.0575725011203063 -0.00960878291301345 -0.246345087986621 -0.0360706987532276
0.00800482266724255 -0.0350049021429999 0.0697828677430459 0.373016456184799
-0.0248708612821579 0.00330733839336744 -0.0759513018471823 -0.390104208182697
-0.0392350348618825 -0.0195278032004073 0.220003049873986 0.0561953210010027
0.0068111887419491 -0.0184389815849679 -0.0693621438157647 0.209859645785667
0.0348658565940493 0.0429193926353071 -0.277213389544501 -0.133648154901325
0.021521544966578 0.0601171963428029 0.14027575098422 -0.342114357640674
-0.0242801496615517 0.0437632713794831 0.217669771569312 0.035126074397481
-0.055323769597953 0.0103556486709125 -0.176922109051019 0.0791868073808539
-0.0542167770458764 -0.0128458248366124 -0.382837981421507 -0.171694077945674
-0.0358734149431148 -0.00642701104224053 -0.399570687406089 -0.217158926193434
-0.0190073065157456 0.00976687782989464 -0.36519021632589 0.0640667656236919
0.0174657483955836 0.0340492345660905 -0.0042856473372929 0.255783239005577
0.0226726654271007 0.0263759610619043 0.22239767188669 -0.0388301096735951
0.00920738725526847 -0.0302122118537623 -0.0404764901706419 -0.223454403420522
-0.0652997678055617 -0.0268876726928217 0.0131488674299606 0.00546108866474651
-0.0553063680243826 0.0238552908165834 0.00931702542984375 -0.0912609481506384
-0.0334347166625131 -0.0317100291148839 -0.0506160041597166 -0.381470320745459
-0.00913618490048771 -0.0457725698812302 0.201974764523087 0.0840551662300925
0.0371241422241729 0.0239991914991353 -0.11361279041626 0.21282766205496
0.00440595622648408 0.0840949281203435 -0.274897699762433 -0.162444952847987
-0.0616952237038434 0.0171828280214598 0.165759735165408 -0.316753585160609
-0.00698500488023151 -0.0584086299209522 0.184912936263137 0.0503762514323689
0.0713470223959878 -0.0248795402278424 -0.197085448481836 0.0540344905450855
0.102100489621901 0.0523794457573925 -0.367242038937283 -0.163933673776023
0.130005453232835 0.0724594561495429 -0.405277483122948 -0.146419823653257
0.124007644277788 -0.0274328691160525 -0.350114350045171 0.151756132852379
0.0222585644782811 -0.0857593788671566 0.0741303382875847 0.272567410662759
-0.0623097558419418 -0.00801068005841 0.218213199017429 -0.0856242778672531
0.0165461666972479 0.0623144483001116 -0.0577897864923107 -0.212327491366224
0.0557297128495588 -0.0618001839977271 -0.00906869839212521 -0.00060588747130478
-0.0293937968842893 -0.10164669072842 -0.00403300814657934 -0.0643630351089525
-0.0338067979858504 -0.0892150616152325 -0.0168130515681856 -0.37098671168662
0.0224163557202484 -0.085491536905817 0.183350426997891 0.088506453143499
0.0644803483124151 0.0546500615007774 -0.138320349164586 0.230557624071338
-0.040205407814668 0.0998069855246208 -0.300334992293225 -0.167163432529575
-0.122351094389282 -0.0606068982373288 0.145627262708636 -0.33099223113971
0.0481177348808007 -0.143699305969926 0.166887243372723 0.0189935464771141
0.204664466715371 -0.0221223794466327 -0.173164532369571 0.0157313166646292
0.244507453373951 0.108458499338653 -0.298332780933942 -0.125283351686688
0.2877489373404 0.072438489076535 -0.355490369862166 -0.0406817613182988
0.195345619915743 -0.163078793932513 -0.27346236147371 0.2452645694696
-0.125741104035532 -0.187384099911649 0.171879036668076 0.252843353556772
-0.15079318800377 0.122967039588623 0.205686760711016 -0.128321723905607
0.163162672138885 0.149478119609232 -0.0522634415303669 -0.226464110285129
0.155904073839551 -0.180380750449686 -0.0781563806306078 -0.038935737373218
-0.0444232717153902 -0.211707865443006 -0.0308480704375424 0.0186618357000929
-0.0219913267938763 -0.172724736372617 0.0319203268073565 -0.332212071941975
0.0819588733172634 -0.165355117485479 0.184055061396284 0.0824374905324583
0.123483743337394 0.0728632343309008 -0.132916524493351 0.240854738783874
-0.0892132062539406 0.110083364483067 -0.305445846996392 -0.170424536702667
-0.160554915819035 -0.160662877460483 0.128606220666728 -0.34424658866579
0.143949738175808 -0.19664449399162 0.168676865718552 -0.0198172051279509
0.330581128723671 0.0228378565559596 -0.104045299049237 -0.0158082423694093
0.352431039191531 0.142800786971085 -0.186071433147745 -0.0685038022393023
0.380477844736965 -0.00419516296639349 -0.240972583977665 0.0354494014767771
0.120699254907704 -0.303443533003271 -0.183334472388349 0.259684185342138
-0.309926086941604 -0.101213840248794 0.200455260555958 0.22656334342452
-0.0328810497276007 0.304760007521902 0.210218928634563 -0.15053104184259
0.356026626303961 0.0643069800235093 -0.0912885392651913 -0.275826924341572
0.14550830803605 -0.328539471473038 -0.188231204160658 -0.0238248263297954
-0.0898660778169225 -0.265678735569493 -0.0318757036844704 0.150275441655293
0.0164182897874815 -0.253548543549358 0.0773447859116818 -0.247457227592488
0.208353480034574 -0.233145148970231 0.180794698784177 0.107962928451284
0.216832240393068 0.147934133598294 -0.102836531963437 0.256636258610757
-0.182117829461823 0.143370922177327 -0.259756242014282 -0.122305376006726
-0.170071091303992 -0.29173883096587 0.0983128072067374 -0.301506883937588
0.275284510672029 -0.202752523957549 0.178494859218879 -0.0573335923609685
0.413376933840754 0.0990771308883795 0.0102655785843334 -0.0147404213431698
0.403910059442746 0.154158179310395 -0.0423933379643845 -0.00288805954872732
0.383489717663698 -0.0920760663139849 -0.106432658685884 0.0426245632715089
0.00270657057768726 -0.328116914625049 -0.177227193458664 0.215600146119063
-0.293002228697071 0.010136146962435 0.162626779676403 0.292846549199659
0.104956105976936 0.233637416518159 0.247769303981423 -0.125515933843562
0.317559251192892 -0.0701198519928451 -0.139641931011709 -0.277797928862363
0.0547050014175047 -0.340794353066533 -0.25310704521526 0.0465977070669698
-0.115939554779237 -0.243551005990445 0.00810545042823931 0.281161757220245
0.0701880069042275 -0.276533313073568 0.0908776270763187 -0.121868209312672
0.331471171605729 -0.176486457231851 0.116036133018675 0.144580369942438
0.193128677992609 0.28356591731745 -0.0976120408009427 0.24979435585759
-0.302712103040138 0.0903156610289603 -0.219498791940338 -0.0516658910064856
-0.0888295766219226 -0.386337582557935 0.0361075711004576 -0.261204986954677
0.362236092340882 -0.121377432585941 0.221767977872473 -0.0873630939323801
0.410575091060066 0.177461872649966 0.146346805731892 0.0397936315568146
0.388381402429511 0.148473399487063 0.108912517769017 0.0625114790081113
0.322075782693755 -0.134135368568696 0.00230133901161976 -0.00202376485218046
-0.0446116172968286 -0.284743136010184 -0.215235693692529 0.175906912171105
-0.220127186818975 -0.00945560418086364 0.132011962606966 0.382966143789297
0.0453399622922842 0.110869136495706 0.31466522951757 -0.0759853036261095
0.169602582203285 -0.027794015529275 -0.110307759157404 -0.269121012048398
0.0187146345024055 -0.216083341719642 -0.256197026465428 0.071413012073182
-0.0953567115646468 -0.167778553986911 0.0630853758426941 0.362058307093691
0.109602226695312 -0.221523240374097 0.058494181555005 -0.00652322432456604
0.315709561714288 -0.0399916832637787 0.0170666019535946 0.116218158362091
0.0371600102693229 0.264374575768099 -0.0638833214027547 0.19778820410767
-0.251382584572847 -0.0602502640800498 -0.186465012166753 -0.0048712758097257
0.0327230660997566 -0.309236094575716 0.0137435121409514 -0.248845272286762
0.312168392531873 -0.0169581598612055 0.287011489845714 -0.0734008563123438
0.326756921717472 0.194410473908818 0.268424064111123 0.12973281770154
0.314427245366636 0.120944252969316 0.244278010447599 0.119536034623816
0.244273593702829 -0.125378745607391 0.0824503415282666 -0.0533499949973647
-0.0354745003635365 -0.225791835051942 -0.230878666530769 0.104989718831685
-0.169708113270926 -0.0436865002206447 0.0492126374697328 0.398331933545658
-0.0235211639764331 0.0605601206511802 0.329967044177442 -0.00388709693467397
0.0850435106316066 0.0485661552099822 -0.0443920055504644 -0.264544207468728
0.044377902682132 -0.0880661620545408 -0.251086617675929 0.0305913019484359
-0.0425530337059812 -0.0895142531808162 0.0890825413772472 0.384611485358367
0.0983479269740314 -0.118681181804691 0.0132766537588583 0.0585195654390661
0.191105316778729 0.0351362976630879 -0.0247414164011671 0.0404293633345756
-0.0320146231562725 0.122682090899827 0.00264530391179578 0.190901033805744
-0.0931924438486156 -0.093291609194516 -0.185793715599483 0.0293743833909705
0.0472497620445681 -0.147735194139826 0.0171021691322241 -0.240791144259587
0.171308415991375 0.0133173367834029 0.323013164479577 -0.0436630208804408
0.193902919311606 0.127664209078223 0.351139943763666 0.198228921864184
0.197224155530079 0.071281131565551 0.340460269951396 0.159560954255974
0.156448650839264 -0.0821489213871771 0.147745436052691 -0.0822826939946252
-0.00724140189341331 -0.148567231800465 -0.22473227686412 0.00569357484805777
-0.104098165568456 -0.0590473727746 -0.0800022295936009 0.370933047588963
-0.0407034353233836 0.0092019970646492 0.303531274818264 0.0978649627363281
0.0312838745891261 0.0475100584374234 0.0330568520247033 -0.237830761192123
0.0586711729114809 -0.0122510043534681 -0.248945040668787 -0.0251695812824742
0.00724527843027911 -0.0351593084841297 0.0838560339131356 0.374706753520144
-0.0248696606199832 0.00531166749550023 -0.0941732025455669 -0.387169685392769
-0.0391293538381905 -0.017747008646512 0.220644708899936 0.0460740658675783
0.00644488955559027 -0.0181355233702135 -0.0622419603370437 0.211072013895272
0.0387324076929797 0.0412103006773036 -0.285527550340554 -0.127406263975692
0.0248019405357238 0.0600001253999159 0.128447371223795 -0.349570847632567
-0.0217589698287793 0.044552409809718 0.218104171049696 0.0264598924625694
-0.0544049006059724 0.0127209926349299 -0.178213459651767 0.0840636908583923
-0.0545388006522341 -0.0103938626634807 -0.390993584035316 -0.161654872490237
-0.0348939837204088 -0.00480326364918366 -0.406703955107131 -0.203490366724836
-0.0195342960412472 0.00988569884093875 -0.363225483289094 0.0771875714416133
0.0188899241495842 0.0341844166784102 0.00185774809688279 0.253638798049806
0.0239962573671734 0.0257634982909914 0.214990381339796 -0.0476110618861839
0.00741448809199455 -0.0302150883498229 -0.0553385083034876 -0.222705796560653
-0.0674329510811562 -0.0235822001739657 0.0108048736590815 0.00388741289766847
-0.0539460020625661 0.0263860840693813 0.00359381494828247 -0.0899163417662665
-0.0345078662389897 -0.0301970163456332 -0.0684420361208989 -0.379913896565265
-0.0111327071908995 -0.0457187446632048 0.205196468946691 0.0735754969050655
0.0391152357861879 0.0217977791087106 -0.106165619447691 0.215068903386106
0.00860562946607494 0.0847190457699103 -0.282511484187747 -0.154960678188227
-0.0609163906303217 0.0199367180206213 0.153389104982581 -0.324840699205047
-0.00917257534583428 -0.0581877559820535 0.185658202551679 0.0423700683992112
0.0714976527954589 -0.026667527520304 -0.197305690294105 0.0602212651042869
0.103848073170347 0.050048112624795 -0.37470434055449 -0.155060581142614
0.133369657974476 0.0676324904925543 -0.409546334905595 -0.132669363842474
0.122494955028396 -0.0332593891108456 -0.344147531813406 0.164138956769869
0.0194531059419025 -0.0870630832302223 0.0810917393745662 0.267308415742399
-0.0618299868404811 -0.00518302216939194 0.209236388362656 -0.0955097175632868
0.0183024394681748 0.0612436360835684 -0.0720907095723837 -0.211059881802991
0.0521161798287863 -0.063704357845084 -0.012420469574222 -0.00026859043001057
-0.0336375595423409 -0.099573489617499 -0.00796080637249482 -0.0623268441861554
-0.0378143181789281 -0.087754481361129 -0.0333751431453167 -0.370765147718039
0.0189059230065933 -0.0864190852090952 0.187178433305303 0.0785748765912204
0.0664297615304175 0.0520772119381912 -0.129797026203119 0.23305721571057
-0.0357938387919986 0.100723545696798 -0.308000833026911 -0.159133558721351
-0.124369571579847 -0.0549205454570372 0.131561540914239 -0.336096713215641
0.0435396457088751 -0.14568322219027 0.166259851209167 0.0112152416989159
0.204956922471597 -0.0285565900616369 -0.174940187052742 0.0214825025465762
0.248210494181618 0.101802228930145 -0.302386115377713 -0.116904067438128
0.291832224075089 0.0628537824458133 -0.355658559885666 -0.0288128364907689
0.188783791104848 -0.171785091994956 -0.262079115727598 0.256654553955685
-0.134631337379346 -0.184033544407189 0.178531429362123 0.246414315475787
-0.147857273486663 0.129544916111317 0.196119811574966 -0.137806789644999
0.168996509100428 0.14319971570157 -0.066053598476005 -0.223142717790529
0.147872535960215 -0.186272527344912 -0.0822452756703975 -0.0344517276856504
-0.0536397832429443 -0.207886893207756 -0.0305523544043951 0.0220884835553671
-0.0289255917552143 -0.170969095300107 0.0165308751852119 -0.336188065200241
0.0769572914538056 -0.169091354755892 0.187092557180147 0.073575018776036
0.126140744967104 0.0682357997644337 -0.122732537211373 0.243567618659046
-0.0852905617620744 0.113428236753952 -0.310935361185342 -0.161964089184765
-0.165947057621877 -0.154899987054282 0.11605885180722 -0.349755475638079
0.137326209674375 -0.200591314274682 0.166591287805535 -0.0277394647361926
0.333548951712598 0.0120639723314396 -0.106561327054124 -0.0137151987138796
0.357043541964483 0.131720913618506 -0.188164219132391 -0.0630471544875846
0.381397657338775 -0.0165779266383135 -0.239138942176754 0.0447274778088296
0.110147643011884 -0.310126057764424 -0.17367304987359 0.267144412211548
-0.314931287145906 -0.0910666230529547 0.205334617850825 0.221157609286292
-0.0226679470444503 0.307403745314614 0.200781175039679 -0.159644471283096
0.35956929816631 0.0496881720124834 -0.107577922341534 -0.272165025033605
0.131971799990377 -0.334829720482026 -0.192563211324984 -0.0144894258411875
-0.100721365625653 -0.2609883217925 -0.0266704723031356 0.15403412181076
0.00469277462821437 -0.252866641526633 0.0684119573988454 -0.252386520236045
0.199647141772528 -0.242129713968255 0.18578342068529 0.0980117516641657
0.223032050611159 0.14007877695008 -0.0893936482980551 0.259041595589008
-0.17754768052114 0.151228187109181 -0.262606259487587 -0.115174394832362
-0.180200538127248 -0.285408764456373 0.0876482710730008 -0.305250683704621
0.270706441481552 -0.209635538724071 0.175560056332827 -0.0650808387540147
0.418777884357173 0.0852970973554284 0.00793057478328621 -0.0147331388605218
0.409299153390266 0.141856493548328 -0.0430853725139777 -0.00226239842928822
0.381276711348605 -0.105249299058316 -0.10424994861162 0.0468731437503337
-0.00782655501101459 -0.329649402120907 -0.170548225663149 0.223280011786384
-0.295249950704885 0.0207580875719141 0.170570180256068 0.289031106115601
0.113398768059964 0.229616364328776 0.239493568543395 -0.13297815451889
0.31606457936055 -0.0841615833648479 -0.154141592753035 -0.270717620567008
0.0399187240804939 -0.344550442772811 -0.25405755437329 0.0589080085829307
-0.126482321483674 -0.237572547689954 0.0201471210425098 0.282574463271025
0.0598944781351442 -0.279114144227704 0.0856658055806915 -0.126318233231599
0.324857140825701 -0.191728944889566 0.121953367107532 0.139573781273123
0.203973296082914 0.277758221079 -0.084065213027526 0.250366448461887
-0.301949070192499 0.102734689566106 -0.217806202871355 -0.046725775872301
-0.102263355105229 -0.383272533016911 0.0291473215508272 -0.261873884174688
0.358130249624006 -0.133166020180942 0.219526552602921 -0.0964017237774097
0.418349513663252 0.162451480063849 0.146522251380621 0.0351896340208717
0.392625249172694 0.136522558362297 0.111039684848911 0.0594188698920205
0.319869059933268 -0.145345622918491 0.00306101182122 -0.000363079985242797
-0.0543870610050354 -0.283077524961628 -0.208384057930249 0.185288520825045
-0.22231322791859 -0.000748068022438535 0.145381458015837 0.37985123098137
0.048681513335039 0.110200129253334 0.310112255281665 -0.0850584512118336
0.170090491016925 -0.0347754206784404 -0.122747639078209 -0.261375603475976
0.00980592203118627 -0.217404023554154 -0.254219928770363 0.0840148485736185
-0.102217126614073 -0.164025036147616 0.0781228293215983 0.362030983903848
0.101964026320205 -0.225927155796457 0.0592261959255603 -0.010229887247279
0.315690382357869 -0.0539283034037848 0.023836942622728 0.115100581780068
0.0470442502822076 0.26444524956246 -0.0525535785502313 0.198745426506539
-0.254730755096915 -0.0504930917709933 -0.181875386023432 0.000534215314262895
0.0216581341503217 -0.311985300741775 0.0059293717907734 -0.247978346583691
0.312624989476376 -0.0276155415971633 0.285753232383022 -0.0850229673240922
0.334304581036826 0.183598954950612 0.272204084387339 0.121213418909365
0.319345186728467 0.11152900617014 0.248581806313855 0.11238897974733
0.240321520810862 -0.134062236062256 0.0820966684128007 -0.0542732560573224
-0.0431306916148903 -0.223708122662659 -0.227183852726106 0.113882148786009
-0.17292438209723 -0.0376966492713655 0.0625300902290056 0.399238045171385
-0.0217095251917329 0.0618951761216728 0.330333039689974 -0.0129959722556196
0.0877706287270258 0.0439667724827887 -0.0546639862459668 -0.260362610767752
0.0412300471794881 -0.0907265590674114 -0.251107664004176 0.0447688508191432
-0.045580650840376 -0.0882546385339568 0.106004878455732 0.383493050719333
0.0944115973882323 -0.122868719500198 0.0164816418235151 0.056770932096619
0.194147918504959 0.0265474130153594 -0.020186941888709 0.0417234057621033
-0.0278157046957026 0.123322880982417 0.0146869161226493 0.189516862144209
-0.0967974107301996 -0.0910254666426899 -0.180050984513606 0.036442579203588
0.0422629262347477 -0.151220042646289 0.0112048267949847 -0.240175384892406
0.172970077888661 0.00674896451624528 0.323761131226766 -0.0545301957362269
0.199258158295416 0.120389548977698 0.356311306585775 0.186462588441148
0.198990369017386 0.0650617376970075 0.347142851118826 0.150950319021119
0.153565916462923 -0.0876660363105692 0.146792514203402 -0.0848906640208991
-0.0136164036771841 -0.149548248575073 -0.224481676135679 0.0138876641521748
-0.108288432902179 -0.0570765463042753 -0.0668303986149039 0.378036149101087
-0.0421018023349771 0.010673360313066 0.308864534117167 0.0898108479712807
0.0323922165538211 0.0468882516017318 0.0252498797614878 -0.236649901874257
0.0583892241434454 -0.0156334587353003 -0.250557892353669 -0.0118229335757535
0.00583931546380263 -0.0362977085046755 0.100845686175212 0.373044625905463
-0.0239679607823773 0.00672955823818169 -0.110355723501423 -0.380626320340011
-0.0388110878087818 -0.016479944140035 0.219748243702092 0.034954348257204
0.00631313607924123 -0.0189469139790428 -0.0566720298798892 0.208144247269148
0.0409632669612901 0.0397239967379372 -0.289541160263568 -0.116524416189815
0.0289713182703726 0.0605990577413908 0.113744002750183 -0.351757291500133
-0.0194866195763254 0.0437272763053207 0.214520125155436 0.0166757189956281
-0.0532673430076166 0.0133063265361278 -0.176220435229523 0.0876103588213029
-0.0537236565440597 -0.00775028943464247 -0.393256194531811 -0.147182651270293
-0.0333904636654214 -0.00407277822458599 -0.410115407835005 -0.188491960557403
-0.0199993222470699 0.0109205039123147 -0.354922561276979 0.0886630656476403
0.020892676473157 0.0343826285385797 0.00765697368926041 0.248178008445364
0.0262588114781293 0.0252666634047534 0.205570257387129 -0.0568918965719699
0.00614398626928244 -0.0312774565688742 -0.0693262038737215 -0.217737127112937
-0.0682455188259852 -0.0198102192780345 0.00799149293108203 0.00305100633729307
-0.0522506694243777 0.0289081784632344 -0.000694378980551244 -0.0871475565033652
-0.0352530704363827 -0.0285275499745677 -0.0843501935454606 -0.373398098698297
-0.0115817228425826 -0.044556407636494 0.204878023754973 0.0635496677115284
0.0391255279271338 0.0210164113562264 -0.0990607747229742 0.21452147953804
0.0128003212989522 0.0834993143797385 -0.288320514304317 -0.144385082722457
-0.0578710382748081 0.0231209348857684 0.138435388232001 -0.328322375624598
-0.0103273008008574 -0.0577408591799548 0.182016840016185 0.0337013279628501
0.0706064180267621 -0.0288706117328792 -0.195146013819193 0.0661286176651395
0.105093696691928 0.0461596753874644 -0.377146020382432 -0.142702748955239
0.135082979571136 0.0632096300909856 -0.409855540236594 -0.118555022283282
0.119112352282469 -0.0384381141936302 -0.333993018829608 0.176391444693804
0.0157417749661948 -0.0867404571028925 0.0881322367695701 0.260506117105631
-0.0608070774691977 -0.00360521391182839 0.19787947722114 -0.104378097572573
0.0207212108845665 0.0592684028339847 -0.0854798151865387 -0.205560297554478
0.0482478249849244 -0.0653099173965333 -0.0145425700311118 0.000692431820413679
-0.0361598379563545 -0.0968906236024803 -0.0114988979940811 -0.0595107254126362
-0.0413124881461445 -0.0841739035018209 -0.0489715938184678 -0.366734839469904
0.0163884841703885 -0.0867358899944719 0.188588672654343 0.0688264059655678
0.0683635976274885 0.0493913339710323 -0.121139246573006 0.233720026879653
-0.0306388186373796 0.100302908132119 -0.311221172575785 -0.149181687549438
-0.123383692456016 -0.0495894913352238 0.116107730852183 -0.34007911344173
0.0381352873296496 -0.145579197507817 0.162900853736113 0.00373379814252139
0.204093107457319 -0.0356822540314044 -0.173950394255654 0.0262827110110423
0.249708192570848 0.0929525928463067 -0.304089041136323 -0.10767172683038
0.29215205037495 0.0500997647450981 -0.352349501881158 -0.0157060689100171
0.180225809895812 -0.179419256423282 -0.250457375602428 0.265158362211135
-0.14063331590736 -0.178125698526624 0.184135331729058 0.237230892466516
-0.142786993790498 0.133999007727621 0.183516767806805 -0.146025851937543
0.173792295083938 0.134354101532643 -0.0815330090375847 -0.218065420854622
0.138117066429495 -0.191414674025461 -0.0850140547782755 -0.0293425701898937
-0.0617797264984416 -0.203308653549573 -0.0304415862399415 0.0245413555102184
-0.035645729765035 -0.168084782601473 0.00166812226849895 -0.334727067903749
0.0695268144897247 -0.171258697056794 0.189583330071097 0.0626898908207027
0.127272463464951 0.0631005502135951 -0.111828518197303 0.242441730739369
-0.0806032226741034 0.114744690987869 -0.313166028408212 -0.150696224403142
-0.169869249932127 -0.146325251768426 0.101105669637444 -0.350242423628208
0.130939740831398 -0.203223362959548 0.161588182655079 -0.0358674480582603
0.330220761402631 0.00177887053415485 -0.107727099974033 -0.00952298020474258
0.356744332187924 0.117506053231663 -0.188056011214618 -0.056243269257171
0.378857895261496 -0.0312967015021984 -0.234692543717552 0.0514198924404141
0.0964772346543764 -0.311305675015843 -0.162570255955136 0.272523012709141
-0.316713375406772 -0.0770996016699332 0.208882386338698 0.210577598216597
-0.0106455800168445 0.30597027281449 0.187067962339781 -0.164283705577182
0.357191468882127 0.0356814095134497 -0.122880333166839 -0.262433642482105
0.117311534487768 -0.336564458115421 -0.193258725735306 -0.00442051345210268
-0.111561561049752 -0.253266297110381 -0.0199765570492891 0.155785242150041
-0.00516949725922821 -0.249622870269337 0.0559506775701419 -0.253653341250492
0.188948769615531 -0.248910682981562 0.189834088416707 0.0887889385949304
0.225763644109882 0.131584158176679 -0.0782729699131624 0.254426984150357
-0.171158413508848 0.156666072352026 -0.263071542649067 -0.107313837612074
-0.189750934432664 -0.273758760241569 0.0752004127602129 -0.306332836061936
0.26060467944856 -0.216570429508178 0.170510124907257 -0.0731891883512658
0.417503617331 0.0724750949729921 0.00521431245692881 -0.0147896077878031
0.409133054054087 0.126617277502537 -0.0429556561291365 0.00046194343606256
0.374581930939556 -0.116787627198958 -0.101034371855552 0.0497975675335512
-0.0208697555499348 -0.325922225787769 -0.160248039949032 0.229811113717282
-0.292810986137564 0.032940840640933 0.177747945057184 0.281077492261952
0.119499083950229 0.224937524804001 0.229237071832313 -0.139196381897659
0.3105898269824 -0.0958989576814676 -0.167230756682274 -0.257677908013758
0.0249188785715525 -0.343340028419127 -0.250010308501164 0.0720391072986108
-0.134034053594686 -0.228642488937987 0.0329782219279453 0.281855007002514
0.0473042504949287 -0.27784069478674 0.0797875967352171 -0.129906183150265
0.315845141943384 -0.203895432558559 0.128381420342801 0.132134929642163
0.213979279998398 0.268283855368986 -0.0711150194534375 0.248118014091987
-0.296617611994047 0.114063657202372 -0.213374867389567 -0.0407775201413594
-0.117527987516284 -0.37358099638626 0.0206204457758088 -0.259586274007596
0.351339445681571 -0.14168799262947 0.21303401401309 -0.104883127664268
0.420117390690461 0.147415894334977 0.145871652768996 0.0303155086227244
0.393597478162254 0.122322260913021 0.112054433624509 0.0562070580834085
0.312130170231411 -0.15509870773385 0.00454093022524782 -0.000118637702609167
-0.0650882911411159 -0.27899745204645 -0.198767350022707 0.19246902050365
-0.220302830901788 0.00787722615580386 0.156788793285075 0.373733348273795
0.0519205377375426 0.106919429650263 0.30200925676047 -0.092726581804356
0.167398780721215 -0.0428907789262386 -0.133678686703925 -0.250161217680368
0.00133052017791842 -0.216414311352294 -0.24816317345028 0.0967218276029263
-0.107935451058309 -0.158329921157637 0.0931557015321881 0.356089803389935
0.0916046233746833 -0.227163294354702 0.0581064714010539 -0.0140424067125658
0.311105332811304 -0.0687040682353573 0.0303864880850251 0.112881728082143
0.0588347738464616 0.2606430996378 -0.0411442369449763 0.196471022639083
-0.254834067308134 -0.0422219064707219 -0.176256391141864 0.0056269684931555
0.00968394136116174 -0.309338332420947 0.00106055831136229 -0.243691664421875
0.310197491179757 -0.0392894892568727 0.279915420899457 -0.0933532928721257
0.337204915790756 0.170068936888771 0.271854228574844 0.110237259366527
0.320951243911883 0.0997712426844127 0.25148341320165 0.104175374221685
0.232893537237881 -0.142242006537041 0.0814171088126679 -0.0554812114008145
-0.0520432348932971 -0.220947694297082 -0.218990712723034 0.121577477997564
-0.175081836042589 -0.0315878171494476 0.0773609709666576 0.395574124750235
-0.0209054742108061 0.0610615157045192 0.327496977647192 -0.0236642703260449
0.0902174718519463 0.0395249513275866 -0.064225695475732 -0.25314478149212
0.0374462271004217 -0.0914984845199695 -0.246232346041384 0.0565257355512952
-0.0492704240394177 -0.0844469857110256 0.122058432002577 0.376377522849475
0.0892680086075391 -0.125941371389573 0.0173887846687026 0.0540805664776743
0.19310681209405 0.0165868322275242 -0.0159509286843071 0.0428796505093025
-0.0222529272387367 0.124385511713473 0.0267913304536019 0.186762934692952
-0.0995457723945193 -0.0874213756636648 -0.172865725528043 0.0409861468827066
0.0367949270789553 -0.151363262688731 0.00766204659338497 -0.235495012916305
0.172291871823503 0.000789907061903025 0.318639757471062 -0.0666217385062795
0.201951947488907 0.112054667532642 0.358449649836925 0.172815270069603
0.200181059215896 0.0585482741376902 0.350338580822565 0.139226317753824
0.147252313503627 -0.0925507033591731 0.145287603920846 -0.0872775807877247
-0.0190777605582278 -0.148005054542321 -0.220109580321351 0.0219403662100309
-0.112202279241394 -0.0522432640587245 -0.0519387944629103 0.381226432661209
-0.0425081552275797 0.013602102645436 0.310717899698353 0.0804747921437143
0.0337584324231174 0.0452893741768818 0.0177046586684977 -0.233518781497004
0.0580191973147337 -0.0181516709497081 -0.247857922954803 -0.000701953073039722
0.00550357999866946 -0.0357363404520512 0.115017582490233 0.365590541513105
-0.0227869357337908 0.0065614019921146 -0.138124323178733 -0.36035671662048
-0.0403852298065863 -0.0121041515890045 0.215972712031471 0.0177349058976493
0.00406955105790391 -0.0171456584963219 -0.043583583299934 0.207474942586042
0.0432788064153785 0.0355803583172025 -0.293454330632711 -0.0950809364527008
0.0337060895790068 0.0575811108818968 0.0846381025203556 -0.355245154820839
-0.0174702862516316 0.0436528429609274 0.209040700098412 -0.000481762609373067
-0.0499099311268838 0.0161721621159049 -0.16882512082758 0.0977410919539456
-0.0522762759977751 -0.0032513818126068 -0.399905806875367 -0.120014855123116
-0.036216379547236 -0.00066376310595386 -0.414379730336452 -0.162255102540922
-0.0221418253970054 0.0129906912086219 -0.342782518639897 0.111382512686775
0.0231534228423745 0.034826090216148 0.0224907204628308 0.241266443903867
0.0307387723806211 0.0217871559941483 0.193414355632566 -0.0681076999360374
0.0023618928143959 -0.0335021031860788 -0.087892845989428 -0.208758767776617
-0.0689712344700787 -0.0135516612738838 0.005706889999649 0.0028041775603464
-0.0475534944525223 0.0306349123219052 -0.00759109107451912 -0.081770278877641
-0.0367446727174901 -0.0273212806309677 -0.112896040035313 -0.355420356339713
-0.014048438208267 -0.0428516366441034 0.203184438173158 0.0465017692128437
0.0398053883170396 0.0180926895704619 -0.0844818149251607 0.215784533467295
0.0190491882809778 0.079548495611559 -0.293089115975599 -0.123554393216464
-0.0544840394712952 0.0272224707406719 0.10997686375343 -0.333366425921377
-0.0153422798296905 -0.0559023709442041 0.1787121007607 0.018888688427535
0.0690452481905275 -0.0322886493536305 -0.189416223697088 0.0765593074597695
0.107565017179252 0.0412902478860794 -0.384049453770636 -0.116857774302862
0.136284949431481 0.0544176307252772 -0.412797196010409 -0.0936238058320625
0.111503064835129 -0.0431710826260177 -0.314087917587371 0.195448360617839
0.00979578360451154 -0.0823502336031489 0.10237309406545 0.247038318457496
-0.0571109766054421 0.000657443592605945 0.182174894166184 -0.116145283400134
0.0231035171401675 0.0539817776711275 -0.102917253397928 -0.194327604388901
0.0417741645430222 -0.0670495638097435 -0.0170015537373713 0.00273166073762263
-0.0423607253275113 -0.0923154764840144 -0.016417544605048 -0.0545512547535982
-0.0458011896107998 -0.0823655524635163 -0.0779514546160565 -0.351584824487339
0.0105850705512813 -0.0854288144650728 0.187039731581538 0.0511853981147732
0.0699360884560763 0.0435000080884148 -0.102266441931958 0.233269089318815
-0.023720484709309 0.0995999534865385 -0.316340889679644 -0.12470828058305
-0.126023514684367 -0.0390342883048226 0.0896569405231025 -0.341492083574014
0.0279306337321704 -0.145748006842146 0.156121716144299 -0.00930094622524199
0.1982559114521 -0.0463051728092768 -0.171617851790934 0.0355746405286855
0.253398569202311 0.0769363950767228 -0.309489123226865 -0.087848969349969
0.290888456852633 0.0322934621686373 -0.347811878237467 0.00514375930370833
0.163330102075871 -0.187693363662177 -0.226500774397605 0.277523420471293
-0.150823450268145 -0.160363822507063 0.194153518708542 0.218804706312975
-0.128869219589172 0.141357562680778 0.164869795265325 -0.154989420587016
0.178596198236952 0.117506951287723 -0.0994086945125559 -0.206110409484719
0.121321642743429 -0.197798286977551 -0.0886860722674417 -0.0217057371587845
-0.0744188976889315 -0.192819268408038 -0.0278425626877986 0.0304900735304195
-0.0461216048756183 -0.1635503746646 -0.0261478913892576 -0.325908874735206
0.0562253216242718 -0.171334984957047 0.188726857728646 0.0458831750273734
0.128036328314731 0.0535620627240281 -0.093104710291158 0.242059136597654
-0.0718592148021787 0.117198174201001 -0.316686582424591 -0.126915663087389
-0.177433119616882 -0.131189716092414 0.07341465927048 -0.351551617443413
0.114956634407155 -0.207824926230328 0.151265711104258 -0.0492970649238983
0.3259965468666 -0.0183953544376181 -0.107248538457422 -0.00311341897963968
0.36009198957017 0.094384169287387 -0.190495488306966 -0.0452667070530558
0.371224384419514 -0.0540372428454895 -0.226082728290663 0.0648875109634562
0.0732829858635628 -0.311294641619958 -0.140770307556411 0.278286900650525
-0.316304876167534 -0.0490542316343908 0.216747787391639 0.194173300889925
0.0131225063664869 0.300307298873806 0.169183168870615 -0.172186191456901
0.352760228068529 0.00422738203917915 -0.140777658050283 -0.246379794814677
0.0895878864245899 -0.340411813019057 -0.193519326920254 0.010855003900573
-0.126881829104684 -0.23625867936252 -0.00809853783061251 0.157032019524363
-0.021187980050951 -0.245075294698261 0.0337759340251303 -0.253269214031285
0.167653696436366 -0.256393186082979 0.190382821688689 0.0686969875475879
0.229222440716604 0.114140603916494 -0.0553922086510845 0.250869415368484
-0.158063863074751 0.16467209295701 -0.264539839865712 -0.0881152592118796
-0.20536922076893 -0.25510279422332 0.0517017676228624 -0.306813874727506
0.241555836139074 -0.228256572970237 0.158966388345921 -0.0864332411882845
0.413806994036145 0.043090186568325 0.00340478614422214 -0.0145970244996133
0.409942828543965 0.0987887386738268 -0.0425583550917228 0.00369896365418786
0.362795187643377 -0.138820728211564 -0.0944528206023514 0.0545598899954952
-0.0426063652338777 -0.317687148989346 -0.141039992100292 0.237097490535525
-0.283409993667106 0.0576386057209199 0.192008297836569 0.266329382382197
0.135591040175993 0.21067175557412 0.21464451131946 -0.150078609813977
0.297136481516111 -0.120434909924608 -0.182689555990044 -0.239080833290028
-0.000941755300491479 -0.339086190409976 -0.243024411544605 0.090621678869797
-0.148538105550837 -0.210399857976049 0.0543530490232503 0.275021567711604
0.0290364389525627 -0.275752774421672 0.064869215447269 -0.137295764517793
0.292977139183467 -0.223767532107438 0.135784978856777 0.11531843791691
0.225872508464218 0.24826353592284 -0.0464649330008501 0.242468076135615
-0.285091650198679 0.131144394996338 -0.208867323261042 -0.025873962412537
-0.141151711925697 -0.359239447403714 0.000743397950953262 -0.256175903352064
0.335099141357661 -0.161940946893295 0.199617427202307 -0.119379663715838
0.420443429907127 0.11707786972698 0.142703523504928 0.020001942804691
0.394758270641306 0.0953801746425249 0.113646463967862 0.0490947998837878
0.297827898824181 -0.172865192566596 0.00617976496075957 -0.000636712584853965
-0.0832071039602157 -0.267979379164158 -0.182179748058411 0.202142734828123
-0.215434471413331 0.0280218600218746 0.17993431056854 0.360868077408875
0.0609666744394463 0.100588200529507 0.29197427384001 -0.111226095080136
0.16053826564721 -0.0582323476824566 -0.147974809925826 -0.232848370857434
-0.015989480802555 -0.212861477782768 -0.238231670642913 0.11535490402659
-0.116552393881871 -0.142402272759847 0.120344851482859 0.343810944893724
0.0751231262244408 -0.228860725636036 0.0533289855081941 -0.0213970085637878
0.298522887168446 -0.090825169315486 0.0395690809327496 0.103590669350211
0.074442987721518 0.24918761167059 -0.0204230052421255 0.191378514313514
-0.254075686682178 -0.0244090922648989 -0.168261041900543 0.0164966852490643
-0.0126775913578035 -0.305612738202559 -0.0154745611922853 -0.239135256396344
0.301445677931088 -0.0580962065998372 0.265791068018447 -0.113083155752956
0.341192705809146 0.143150603730549 0.272190050782559 0.0907587818828372
0.322651613683496 0.0776041577023644 0.254416975792441 0.0882794343369381
0.221126640063284 -0.154921007646223 0.0785658320247071 -0.0589441248720827
-0.0681253113775883 -0.213662360278031 -0.206201822111386 0.134456735385584
-0.175619657810215 -0.0137187057865573 0.103978640272897 0.38798310292168
-0.0136127671632018 0.0620311514464987 0.321909570282616 -0.0422083157614825
0.0913969279487655 0.0286508156195053 -0.0794072205838163 -0.241693535266033
0.0285387881434209 -0.0938178725696254 -0.238061834244278 0.0744457499086194
-0.0524377461598922 -0.074687722693397 0.151877961490957 0.358000817413167
0.0791274011664785 -0.128409295997469 0.0202126837808928 0.0478189761704482
0.189314011209076 0.00114002758272517 -0.00936335415240631 0.0408103995474349
-0.0131544456379264 0.123196135951521 0.0444921955863214 0.179730712452218
-0.103861186676236 -0.0792928430224254 -0.162953741601708 0.050293262023499
0.0262974784379062 -0.150898651164697 -0.00699177085148824 -0.231865810260576
0.168630694585691 -0.0120693914916195 0.30789000028592 -0.0872527550789229
0.204236006076546 0.0947463020895358 0.359985061213359 0.147248842325766
0.201281117791586 0.042203890864357 0.355490740942782 0.115812047658691
0.139398440657249 -0.101919962245797 0.14134151166835 -0.0944501260491046
-0.0305868800306798 -0.144405911855653 -0.215291936830427 0.0353721556368796
-0.117127271848471 -0.0395278731754671 -0.022453561766455 0.380191145426535
-0.0376611366670187 0.0187083133899391 0.313546383065137 0.0597247847428956
0.0382080773711542 0.0385081341234282 0.00383421214304874 -0.23157530212788
0.054256353319524 -0.0238446969187158 -0.243018691541345 0.0191907849270797
0.00446917579063181 -0.0302804344600586 0.142401443083658 0.350332593169741
-0.0231844750859764 0.00742532299431804 -0.143727212888856 -0.351601609123942
-0.0406675215331435 -0.0115439582465202 0.211126203267206 0.0123054987366514
0.00438759410285455 -0.0179315941485811 -0.0414323792256157 0.205238966225595
0.0442988984416924 0.0328586118432241 -0.291925448789398 -0.0900941080487315
0.0372191045065248 0.056669826166219 0.0755331014221238 -0.350444097297091
-0.0168738188528258 0.043144297105919 0.202932973233067 -0.00366508223661871
-0.0501136091027452 0.017220845911631 -0.167414444417738 0.097176639254894
-0.0514485199527735 -0.00179536269898028 -0.395504823483717 -0.11378179107409
-0.0341597607512994 -0.000376626822535357 -0.411112094471732 -0.154479593294587
-0.0222013533524194 0.0135472403374269 -0.333476989522837 0.116005939546614
0.02297807171543 0.0343869342211074 0.0236621247481015 0.235849019059574
0.0317951183568266 0.0208019295132007 0.183367997142931 -0.0702961575027647
0.000875264576070653 -0.0340283021004535 -0.0943782837422811 -0.200885172742515
-0.0682610305397727 -0.0113610781483282 0.00284167352422217 0.00235910697928691
-0.0461766503239476 0.0317418856727444 -0.00838854223568567 -0.0786765369441369
-0.0363512026398331 -0.0242123706653645 -0.119178936373334 -0.348157826582277
-0.0154140684235143 -0.042067202250872 0.199365763357123 0.0402381393619779
0.0397005405263575 0.0162139600869597 -0.0809068072315666 0.212553375938499
0.0214688862684912 0.0783665755062931 -0.291717371109086 -0.116471539597853
-0.0515949426160685 0.0279786979925195 0.10191181010039 -0.329492817620157
-0.0150052954789499 -0.0555199960968133 0.172337072965854 0.0152507975571719
0.0661970773631311 -0.0334043067475149 -0.186662295054881 0.0770938993632606
0.106652369503951 0.039844109899047 -0.379376313949536 -0.108707957280804
0.135116885647893 0.0502189415100652 -0.405648241982313 -0.0881314337937535
0.107596565838989 -0.0444448781398342 -0.303704893025533 0.196597074596904
0.00858844783553864 -0.0816605111522983 0.102100725586878 0.240233132705239
-0.0561053418331917 0.00188874767937946 0.172946710455422 -0.116100565661318
0.0236942903013279 0.0518412492740549 -0.110358634485468 -0.186158472715465
0.0385753545589911 -0.0668060672186618 -0.0174377455366538 0.00304168395812602
-0.043963852092013 -0.0895372112303135 -0.0164137322274168 -0.0505027901412128
-0.0461612963189523 -0.0796422256014542 -0.0858951676469798 -0.344897683244921
0.00779751519922135 -0.0848001954241372 0.184572258375143 0.0453841045861337
0.069355614749386 0.0423147805222689 -0.0992672944974529 0.230551117058047
-0.0212676158758617 0.0981104920031287 -0.314177981732899 -0.117217702858078
-0.123628460061649 -0.0360783479154888 0.0811632352560937 -0.338116255170234
0.0251599371499766 -0.143047864112473 0.149647345894063 -0.0118812379893663
0.194921625353008 -0.0484391344299829 -0.169677129704317 0.0380317095856451
0.249221526703425 0.0731216670182969 -0.306026406722339 -0.0842299234904396
0.286701258616693 0.026495061504755 -0.34057785768396 0.00841881414512257
0.155829837835491 -0.187745147508285 -0.217001917819378 0.277987288635817
-0.151959772169032 -0.15618958017023 0.192164673760167 0.2105416951758
-0.125401219443667 0.140248464984964 0.154362802062572 -0.153130609105464
0.176425145103303 0.110579497033751 -0.106791054077156 -0.197423847067957
0.113642304934361 -0.197341867383144 -0.0887571891464793 -0.0174181327698292
-0.0766839762568864 -0.188005164234161 -0.0266243782917606 0.031694610169396
-0.0472491701899183 -0.159659018431071 -0.0335693951554502 -0.322023614019673
0.05175210464052 -0.170923186263666 0.185283211823202 0.0389725771092841
0.12641962676544 0.0506911920512734 -0.0876453962065785 0.236779798995298
-0.0692655936185003 0.115519494227175 -0.315997052257413 -0.121679983041088
-0.175637469266534 -0.125873625474167 0.0648440880937093 -0.347854371137062
0.110532072480103 -0.205676646520743 0.146239065490735 -0.0512337279800684
0.320080084154857 -0.02366682550778 -0.106923492134755 -0.000813031326170474
0.355340235093879 0.0884332326883672 -0.188224781529061 -0.0415229782184266
0.364462618717506 -0.0583745646746611 -0.219961732490027 0.0669789814416547
0.0667407558946032 -0.308123533003821 -0.132023618460859 0.277099229257818
-0.311922061387566 -0.0424915494328441 0.213734838915202 0.188194113685533
0.0173183031873721 0.296524578023955 0.159581139222728 -0.169556271439929
0.346603250618854 -0.00395770906660519 -0.146991119297952 -0.235630234435569
0.0805615896786966 -0.337147188549842 -0.18986672895604 0.0181323724705966
-0.129208132343897 -0.228325300411706 -0.00343266481706624 0.155373908145848
-0.0252094670055315 -0.240003202427222 0.0261631820983095 -0.252954069336534
0.158808593752264 -0.256556883802085 0.188771015677027 0.0619555428782552
0.22861842458335 0.108514720019003 -0.0499131018805517 0.244544143441214
-0.153023071216948 0.165507878629569 -0.260835785290255 -0.0849164317442006
-0.20492823255389 -0.246542487030997 0.0451406203758395 -0.302425573495993
0.23581688283874 -0.226812062471493 0.153594622646738 -0.0885923646178385
0.409611454518024 0.037940678383534 0.00178686427192335 -0.0145894668366511
0.404106421559739 0.0926299642719587 -0.0422377303346635 0.00425742045041646
0.354237489269908 -0.140710469004977 -0.0915239603032411 0.0550275802568959
-0.0472732942390317 -0.310930866477622 -0.13419693049424 0.2360136903109
-0.277727857703865 0.0612804659629422 0.19156160732864 0.261698937263537
0.137687396004502 0.204821216018745 0.205714661598448 -0.147619570737885
0.289289954068834 -0.125457515125218 -0.1868209402535 -0.226475679201452
-0.00836324768738826 -0.332776574930769 -0.23780928179289 0.0975999519044322
-0.150199041852092 -0.202792823563347 0.0606857150333758 0.270711592705028
0.0234904693268405 -0.270622771012729 0.0601619685107281 -0.137525741284609
0.282932974839724 -0.227176197998431 0.136283121529485 0.107896459261972
0.229209899729067 0.240757865342744 -0.0400701951821428 0.23495194134205
-0.278917878554444 0.136321251911749 -0.204078315324635 -0.0247928131206528
-0.142970324410436 -0.349106312937694 -0.00219159271891571 -0.252186888603304
0.328914569865584 -0.164009645994607 0.193049791831455 -0.121510808255946
0.41412398540849 0.108192715390739 0.139716439047754 0.0181930611434461
0.390393308636887 0.0877781419396741 0.113319693877671 0.0478200187683715
0.291513281178371 -0.174180142273461 0.007502639141439 -5.207313288955E-05
-0.0868966727533007 -0.261948555442519 -0.174291087277274 0.203481652665198
-0.211749659673988 0.0325381043125171 0.18307676414151 0.35268401057973
0.061000447827521 0.0981517685661733 0.285231158478536 -0.111058068649602
0.157664363308209 -0.0608105820881288 -0.150125458514062 -0.22363173731572
-0.0200385154863558 -0.208864605308199 -0.231538778069595 0.120383819451953
-0.11692862075696 -0.135422066509511 0.12725077886747 0.334991405642278
0.0707407404218151 -0.225120124486387 0.0518001808124507 -0.0240059655105031
0.290660121334698 -0.0968478884661494 0.0424970830028901 0.0988710954151181
0.0796204467013488 0.243699915904372 -0.0127624184278872 0.18552702940609
-0.249811076176732 -0.0188181304780855 -0.162656459208036 0.0177671704725322
-0.0164692465797893 -0.300259095956535 -0.0162363280372976 -0.233355916783154
0.297435993357313 -0.0608003099236015 0.259483377085302 -0.114902364372994
0.33631419201907 0.1352546353627 0.267754835431613 0.0859768979238966
0.318527260239859 0.0723294103640812 0.252989578143205 0.0845444027231647
0.213944473462907 -0.156447846128559 0.0786478345094659 -0.0578184275543822
-0.0705941227811297 -0.208778877771588 -0.199173523639835 0.135278841681082
-0.173403808193719 -0.0100489421451434 0.110851913740745 0.380762871636476
-0.0132586789779435 0.0611511020157872 0.317815016125558 -0.0442722005940276
0.0900913044374289 0.0260399939336902 -0.0806628716378889 -0.235021772395268
0.0262615204095279 -0.0924351776258556 -0.232261266492416 0.080879433115081
-0.0538651091334184 -0.0715058520589346 0.157665057000428 0.351124890012768
0.0776873909846535 -0.128121205195967 0.0200786227644249 0.044835718687122
0.185534938806382 -0.00403422278289227 -0.00587137008115092 0.0388775523651586
-0.00960942304307971 0.121092260204531 0.0502678349071645 0.172839482015757
-0.102969658545514 -0.076085992008291 -0.157305937362726 0.0497286557297407
0.0234981933908303 -0.149798034829408 -0.00665947467742447 -0.226831222397899
0.166527469219972 -0.0146814269933433 0.301643339776692 -0.0911981479805619
0.201353688192379 0.0902039218919322 0.354549515070039 0.139890835605881
0.198649288501484 0.0386310973171222 0.35311208155406 0.11008740804987
0.135250708955087 -0.102588653765625 0.141348515446235 -0.0947158876114276
-0.0328080756945068 -0.141781040537158 -0.209599263125219 0.0385958894429323
-0.118773214183959 -0.0348592049751765 -0.013834527865202 0.375784240072092
-0.0387851036348427 0.0192979685595313 0.3127825111805 0.0542105131513213
0.0379862334441251 0.0372327050236679 0.00144045613262894 -0.226222749273716
0.0527804690650107 -0.024484529458268 -0.237826093965289 0.0246155342809026
0.00350997989049201 -0.0300837805130255 0.149398883774355 0.340405684670036
-0.0229624779302252 0.00779887182198465 -0.149206963005282 -0.346224799536806
-0.0407377818322763 -0.0109453058913946 0.20872033545744 0.00907682202496117
0.0035951097222005 -0.0184347231447392 -0.0408067786939866 0.203436179131645
0.0454468204940274 0.0310632151374677 -0.292201604154187 -0.0861085554936539
0.0378707198188619 0.0553528127444738 0.0698289567620386 -0.348958416617996
-0.0172819786917886 0.0427211968054778 0.199605281887476 -0.0059545566337225
-0.0507726283201764 0.0171274887450737 -0.166020774225493 0.0973468108635541
-0.0506235326035329 -0.00114823198730372 -0.395042516167218 -0.108990906972596
-0.0331884310637282 -0.00123204619220538 -0.406523599846117 -0.14972727124882
-0.0218638265413743 0.013734453910187 -0.326144426900301 0.115063093899967
0.0251002563255525 0.033570401675511 0.0215993414772335 0.232195172901535
0.0317529443012238 0.0192560321904755 0.176458479834707 -0.0693560375661618
-0.000372244832229167 -0.0334975164357771 -0.0994292588302704 -0.195352622717014
-0.0692397588171984 -0.00958586719113602 0.00143018069402955 0.00315981228093383
-0.0448294398763468 0.0314076342093297 -0.00844510216818012 -0.0760315262474765
-0.0363686318873834 -0.0237197360696452 -0.124044426537732 -0.34245312983942
-0.0164324533220044 -0.0406120168150966 0.198224728041746 0.0370681104543256
0.0400009075091478 0.0164738897046374 -0.0789579307697575 0.211292308567446
0.0217789671048337 0.0758540865154832 -0.292705996387671 -0.112999247448126
-0.050413317780247 0.0285185179904491 0.0953441390713242 -0.328131377233855
-0.014769635619484 -0.0552723836003242 0.168488224731838 0.0139219706723685
0.0651478106208419 -0.0332229681976426 -0.186016264145491 0.0792010269823222
0.105953527267386 0.0392218148936589 -0.380184949565023 -0.105629226274024
0.135037204623784 0.0485093142225234 -0.402640305620744 -0.0851428817249227
0.104885113784488 -0.0456636190375222 -0.299077137952064 0.198359317992654
0.00821459837500683 -0.0806718443303061 0.101157523732364 0.235759440642893
-0.055394765382455 0.000898991131255531 0.165191198137559 -0.114622286435501
0.0224387639888807 0.0500885988488765 -0.115448248873276 -0.18016365342077
0.0369574765607106 -0.066587446817866 -0.0188358292852378 0.00376849371552038
-0.0435776217538346 -0.0871089872678355 -0.0171371850978422 -0.0475669525693969
-0.0461465927326802 -0.077403577739886 -0.0901750711498639 -0.341149781620514
0.00695091964981939 -0.0844317360711063 0.182323396973382 0.0415619759911066
0.069797517136112 0.0412570889667887 -0.0963955428839809 0.229244380992978
-0.0201226036053781 0.0969517580538367 -0.314272037895303 -0.114799292731122
-0.122411329907777 -0.0345993440608733 0.0760581445305918 -0.334636518704507
0.0253760111797837 -0.142768947142069 0.145967021005724 -0.014824197195404
0.19351166647985 -0.0493964556823504 -0.16896099116576 0.0390896174624494
0.249577876205065 0.0713674088473 -0.306398941907742 -0.0812328540017129
0.284854883952002 0.0245866610069983 -0.336059913841006 0.0109308597214789
0.151092676773323 -0.186407624662309 -0.209973568002637 0.276365732963098
-0.151385826516769 -0.152576203669533 0.190320699397809 0.207294873797885
-0.122851274864026 0.14030900558086 0.146580024445575 -0.151422987668641
0.17578953370952 0.106353446199258 -0.112852242913148 -0.190098859114464
0.108985343194926 -0.197569187010729 -0.089907996916515 -0.0137920739924168
-0.0781878147261773 -0.183067818462372 -0.0245037991088679 0.0345270398412733
-0.0497830237556554 -0.157385567275521 -0.0396064597304896 -0.319060541715958
0.0490471810809759 -0.169561829890578 0.184719518426115 0.0335296435175743
0.127142127194873 0.0483495934523843 -0.0853778102629848 0.233575995574559
-0.0673027946808887 0.115581618007355 -0.31426591935312 -0.118667884483337
-0.17524368586912 -0.122803603811874 0.0601216496683124 -0.345038618953712
0.109301829519283 -0.204720420735525 0.142725197701984 -0.0532366461364849
0.318669447659218 -0.0249126824488558 -0.107774064229774 0.000313352980730574
0.352431663705145 0.0861076164627452 -0.1871259607087 -0.0399627369631718
0.36194063261107 -0.0608079567381185 -0.216791554494866 0.0678123015985058
0.0622139211337119 -0.305239834703493 -0.127986135429151 0.275787100142733
-0.309735275680567 -0.0386725050144404 0.211401827692583 0.186108232803671
0.0190954179527017 0.294014823184037 0.15260183506964 -0.166191520887457
0.342526363830533 -0.00758505632427095 -0.151935819821024 -0.227332236182455
0.0760664546128365 -0.334135947303169 -0.189287164189986 0.0221688913808386
-0.130420982765642 -0.223642616774754 0.000436574185556126 0.155340766209729
-0.0284255036310307 -0.237781840816896 0.0201782068097115 -0.252413245316391
0.15418639121949 -0.257207045709469 0.187267787251842 0.0564105400570297
0.229436989364438 0.10611824425234 -0.0472569109098723 0.238915518650076
-0.150415533488286 0.165541020513841 -0.26023438776723 -0.0841316954165554
-0.206002230593526 -0.242049787414851 0.0418183811554854 -0.301559648596085
0.233197086780943 -0.226178792764867 0.149802338110641 -0.090621009482601
0.40503519992703 0.0332384903374545 -0.000232617817150676 -0.0140759673128815
0.400206280332604 0.0886326540668487 -0.0414956123603106 0.00396152050402864
0.35158112636655 -0.143090702490356 -0.0902749504955486 0.0551639909030108
-0.050368875697839 -0.307550062701973 -0.130682764948271 0.236452394644466
-0.275598670152799 0.0630769346043322 0.192595096159684 0.257803940261835
0.137242012719554 0.202182833105759 0.201737339899162 -0.14494105411852
0.285842444839095 -0.129135289378674 -0.188065641252786 -0.219085408691489
-0.0125970735543078 -0.329735300212316 -0.233218121979756 0.10218217662092
-0.152144540654218 -0.198160529399449 0.0656448159390962 0.267520232387231
0.0212366765021622 -0.269250249997787 0.0565828734730476 -0.139033393695731
0.277312983394361 -0.229442669463067 0.136520170805343 0.103223973799733
0.230666743598473 0.236896533007826 -0.0370133897951733 0.230424968065571
-0.274214647984131 0.138672291738679 -0.201704186219966 -0.0257316926676065
-0.145014489941709 -0.344879794020182 -0.00264160982595221 -0.250692725901511
0.325984246121526 -0.163078218206468 0.190482944543868 -0.12337699959298
0.412838686306933 0.104707560813325 0.137213773319072 0.0171868111059908
0.388013830855491 0.0861047479956194 0.112810591419221 0.046662771276674
0.287555552326853 -0.1744828505102 0.00859683835609765 -4.82018015636069E-05
-0.0883302791846701 -0.257958576762586 -0.169164740229366 0.203221115898824
-0.210161130621416 0.0350848368972708 0.185738816757502 0.348113387846644
0.0605556998029575 0.0966520428375642 0.281513742216514 -0.110553773190673
0.155616260990818 -0.0631423648562329 -0.151481922467925 -0.217321145389125
-0.0242575924245451 -0.206505531392904 -0.227974966567125 0.125136734319578
-0.11751206925268 -0.132044312867103 0.133438991722127 0.330778380225477
0.067244836573787 -0.224720646520829 0.0491979615348735 -0.0264971315297013
0.285797105626641 -0.10118363026473 0.0434520585367037 0.0968884172259341
0.0822802977897325 0.241182976288615 -0.0095956031101045 0.180634769041705
-0.249230133590008 -0.0173407846923642 -0.158109211670554 0.0153634493830414
-0.0189253538625499 -0.29823613253774 -0.0163708156064433 -0.232019705868536
0.294563363976867 -0.0621200075098673 0.255030501735452 -0.116639755547661
0.334140257784779 0.131588579742578 0.26444075351865 0.0846194202671349
0.315803037692697 0.0690429980863339 0.251938430065213 0.0821833866575562
0.211545364859747 -0.155765672243598 0.0800963749261144 -0.0566678002098096
-0.0731979181003049 -0.20575267757406 -0.194111659773641 0.136705597122321
-0.174353291448916 -0.00745310047108016 0.115028646060478 0.377230667640637
-0.0134305139001322 0.0622056698714283 0.315260854824809 -0.0465819828365189
0.0898819560204039 0.0241759250055387 -0.0824859025820839 -0.229392504520153
0.0242325837735869 -0.0928814956145229 -0.228671620609689 0.0852353125893549
-0.0533338869042994 -0.0693370266375856 0.161328474599749 0.343973756710928
0.0747084802182364 -0.128158035099191 0.0191074177879083 0.0426350143194139
0.183234899944636 -0.00780661668826149 -0.00490300705459668 0.0383801655970917
-0.00820389293817814 0.119743242326828 0.0535929014868488 0.167808809479478
-0.103012175182197 -0.0758101319584222 -0.152900404319108 0.0489626555716667
0.0214148650662921 -0.150041247293774 -0.00591608961620151 -0.225824960447903
0.16608775862276 -0.0156835772748276 0.298066863073127 -0.093200297738365
0.200794081344954 0.0873776383212487 0.351192646115321 0.137227082989472
0.197621915162895 0.0362846076592933 0.35172257019725 0.107377407952667
0.132951845140022 -0.101512158088532 0.141716464559917 -0.0940487733728031
-0.036416089666184 -0.140416594529985 -0.207500811492997 0.0407140257655076
-0.120196870391514 -0.0326184516452167 -0.00790202810596368 0.374482462925822
-0.0393198556393182 0.0205018647527199 0.312492239059206 0.0528740830297443
0.038024775250441 0.0368317432448983 -0.00061664922819599 -0.223865440827743
0.0516723109682237 -0.0255880025454266 -0.235590804204278 0.0298289631051455
0.00213793496194127 -0.0297491088827657 0.152881272482025 0.336380681672221
-0.0224817344673542 0.00966078733084616 -0.154471377851804 -0.342603909187207
-0.04178484616412 -0.00986250456801608 0.207174569434167 0.00581492696794902
0.00333704733982075 -0.0186749133444782 -0.0383237442183781 0.203124904259118
0.0457701576887292 0.0295024870475348 -0.294614166434975 -0.0816925962042539
0.0401099037750129 0.0533860620102891 0.0646628279483081 -0.34951914166635
-0.0168368782172823 0.0426854650479182 0.196255552611372 -0.00875942898992103
-0.050173558637386 0.0175414401196247 -0.167011335235515 0.099034532146006
-0.0499748186888303 -0.000312363590226893 -0.396660099578387 -0.104103380460618
-0.0335032952783043 -0.00154234880313965 -0.408197817447631 -0.147897870033571
-0.0224483113846793 0.0147358871008978 -0.323245414773298 0.117688492721098
0.0257464191113087 0.0343531657289486 0.021042069394886 0.229461514432628
0.0316752751563202 0.0181339356095663 0.171398986451605 -0.068354434369453
-0.00160963631531733 -0.0337709426416666 -0.104705885065607 -0.190614865875054
-0.0690147604681232 -0.00743026125801318 -0.000448958382040818 0.00434687461602528
-0.0444996477612959 0.0320169515017054 -0.00959982128736409 -0.0737871491375933
-0.0356413552517704 -0.0221361074805496 -0.130779106747451 -0.339611041600963
-0.0173508151579807 -0.0394531007532479 0.196577624205152 0.0326630575213853
0.0403242030825228 0.015714446748081 -0.0780962290265732 0.211978982284633
0.0231967623082844 0.0748058782638405 -0.293748239824089 -0.108817712202552
-0.0487229370345712 0.0295967003179066 0.090284901474465 -0.327744326404564
-0.0167049877086462 -0.0551811003956879 0.164750874170396 0.0110259226325723
0.0646697206052626 -0.0345225710545932 -0.187111311265559 0.0799462125082706
0.107270038493503 0.0379442662506634 -0.383498462928114 -0.102344450891863
0.136228318566302 0.0469857753543113 -0.401701389277468 -0.0812002160233445
0.104236487354663 -0.0456212982839207 -0.293140257926853 0.199144332975797
0.00780487582597132 -0.0799776559059528 0.100835113324366 0.233743985378906
-0.0556820097499139 0.00148262549859541 0.158436938457529 -0.114056029316839
0.0224365063501873 0.0488656866412251 -0.121561441214521 -0.174576681323941
0.0341989431844533 -0.065689499779381 -0.020494916388051 0.00611099659379879
-0.0445010165752726 -0.0860895783662508 -0.0168242421025021 -0.0452812667080802
-0.0474276521876711 -0.0753962224543604 -0.0992578316263832 -0.338121920798049
0.00495218877242225 -0.0832373234139519 0.182013682516782 0.0374558657552651
0.0706798056147212 0.0391710408948924 -0.0945096805122945 0.229188995937207
-0.0189519292504996 0.0966668275514687 -0.317545430475139 -0.111094308235318
-0.12234114927327 -0.0328520699703461 0.0690059148655493 -0.334576024884232
0.0240641157090967 -0.142285990057425 0.142102767706408 -0.0163293531557824
0.191725406438623 -0.0511703779823417 -0.169832039285038 0.0413040310639399
0.249705240053918 0.069398296169658 -0.308075295261369 -0.0784281825375679
0.284517015543156 0.0208606011926613 -0.336246227075803 0.012536430429833
0.148176481022364 -0.187383182904774 -0.206455896029014 0.278450295214391
-0.153357055498628 -0.150973705751934 0.189816573857998 0.204707181466094
-0.120314790022867 0.14227405920292 0.140342694914729 -0.150380752377064
0.176653122075639 0.102876711640491 -0.117938419949402 -0.184104647305215
0.104078392843372 -0.199312515300765 -0.0898065257660153 -0.0101207516500166
-0.0807525606327514 -0.181425578076369 -0.0240842415913976 0.0358146476183396
-0.0512818675387014 -0.155657050496544 -0.0474374299993278 -0.318685630215461
0.0460928714696826 -0.170352891029087 0.183383168146015 0.0296658110050615
0.127573166032737 0.0470328734693925 -0.0828178165121987 0.232489394984413
-0.0668374514026157 0.116125554629829 -0.317611099641606 -0.116152789595315
-0.175635480621676 -0.120336715254472 0.0536717608481267 -0.345366979446081
0.10839978385244 -0.204975272896843 0.138810491692837 -0.0557110200697832
0.316731749478522 -0.0285349427529224 -0.10820658872413 0.00115984395196694
0.351569796343151 0.0825127671248004 -0.18857499493559 -0.0379122307894246
0.360258845317082 -0.0643863954000242 -0.215315997858253 0.0690037291030816
0.0576591956202074 -0.305502738394197 -0.122239859926643 0.277869625790043
-0.310796604552025 -0.0349673931607671 0.212245873082092 0.184441050753456
0.0224235366588999 0.294753858104901 0.147566709277897 -0.16589944374202
0.342218082886137 -0.0148143882461246 -0.157537031689322 -0.220730060896714
0.0676686574583734 -0.334999706859877 -0.18921746328533 0.0281990021370017
-0.133197597481744 -0.219078000334116 0.00348905011289887 0.156342439374177
-0.0313000786756412 -0.236053902806537 0.0138982534522674 -0.252381952481539
0.1493547246833 -0.259605865591862 0.187207695902647 0.0511366729025573
0.230645285937096 0.10246172777416 -0.0445608133402863 0.235905966070563
-0.147314692609615 0.168062999239974 -0.261068232687695 -0.0825337321364448
-0.208222568119825 -0.237867922257255 0.0366383651930893 -0.301325695648455
0.232300804214385 -0.227364634872085 0.146045571394622 -0.0931562548352448
0.40382293135824 0.0299163611646417 -0.00115525422534287 -0.0141936282280066
0.400645410134932 0.0845241430166082 -0.041604677382604 0.00487616118622212
0.349270584361698 -0.146704289560522 -0.0880007420174969 0.0566435855409357
-0.0537617360495491 -0.306972217123217 -0.125868739394683 0.238867344560218
-0.274882911805527 0.0679254469396752 0.194693497405105 0.256796279222199
0.138655112941672 0.201092175105567 0.197463826218399 -0.145181470295344
0.282624587586141 -0.134376571422991 -0.192802093126933 -0.2118760895174
-0.0198625745549009 -0.329942994570063 -0.231822297529111 0.108989777394793
-0.153705811596315 -0.192923268120568 0.0708751001706979 0.266266569620518
0.018199014106547 -0.267963582021462 0.0521152529995458 -0.140359763045867
0.273018466595401 -0.234932725814703 0.136940567064351 0.0990191570504158
0.234753528612395 0.232359327739837 -0.0335068466537456 0.226081447545862
-0.272411309405878 0.142206235469565 -0.20083184221124 -0.0254762708500953
-0.148329473831468 -0.341641698596111 -0.00487085211806926 -0.250957354338318
0.325023324414493 -0.166197807060511 0.187144860820799 -0.126230028092462
0.412149299319815 0.101352034366117 0.135602134806408 0.0169138531381619
0.38742966631244 0.081601240427272 0.113638937068175 0.0460907749266457
0.285561596961484 -0.177492001078239 0.00994164266133518 0.000601221474090283
-0.0916339744447742 -0.256575588205296 -0.165130427040168 0.205201899222749
-0.210511416263547 0.0383033655024341 0.191497427876053 0.347178414304511
0.0615386074386223 0.0966128892375806 0.280276555455875 -0.111678286742818
0.154148042184652 -0.0667570174749398 -0.154217961392512 -0.211984816711295
-0.0272884160603381 -0.205293505381011 -0.224098390332866 0.131417340410005
-0.119451915937592 -0.128162896099464 0.139726226999084 0.328013439673691
0.0643034595272493 -0.226070716669119 0.0467529901169617 -0.0285757590260798
0.282353513016154 -0.105997134007214 0.0460037868224157 0.0948671059134126
0.0860258563887533 0.237035946894888 -0.0063743635595127 0.176234611186678
-0.24844371183884 -0.0133931289731684 -0.155832118935899 0.0158299964054976
-0.0228254764991993 -0.297536634382548 -0.0164792570182691 -0.231239678509433
0.29525788099396 -0.0657744272197978 0.252990983564875 -0.119608491238249
0.334959968882929 0.129579772259168 0.263220274427508 0.0824875574974387
0.316503438809324 0.0642893444010315 0.253454112505483 0.0793751688984793
0.209500631129094 -0.15866493464496 0.0812336204490155 -0.0569251979234257
-0.0752603246634792 -0.203888940639065 -0.190652054433248 0.138853322655149
-0.175426872564222 -0.00513902039739697 0.122037952210335 0.376347214461128
-0.0136392225007912 0.0632880465709074 0.316642464996309 -0.0499205594473879
0.0903388420859077 0.0219927261483792 -0.0848944381795984 -0.22780134531887
0.0217680949913476 -0.0927393092694285 -0.225395329338747 0.090041434472451
-0.0540660708014593 -0.0686207748301702 0.16816049080073 0.341019994880039
0.0736251345851048 -0.129251503314198 0.01787116558115 0.0412550493377021
0.182970053837447 -0.0106710360462825 -0.00316452451457821 0.0360636275411389
-0.00589286280288785 0.117579923097951 0.0571481940702939 0.164290447462591
-0.10404164170484 -0.0744359099612667 -0.149240193487784 0.0484038636207404
0.0204394358252069 -0.149683063682478 -0.00707141623598432 -0.224741343220894
0.165130526888442 -0.0172141977638208 0.296523249828245 -0.0951002866072889
0.200017544376148 0.0857404585657061 0.349628857820545 0.13512280794839
0.198123308952076 0.0349491710950288 0.353007841914577 0.103661431614531
0.130387391256042 -0.102756550195233 0.143749189734061 -0.0952520487548206
-0.0391430144767682 -0.13928060917485 -0.205091555546938 0.0429507016032496
-0.12188289712451 -0.0308257426113068 -0.000699424452874433 0.374512876312184
-0.0401389604994478 0.0214899904272899 0.315701716323964 0.0488482100609897
0.0385786005074903 0.036651433595726 -0.00237389512252751 -0.222582454335079
0.0515997225323001 -0.0275849841226412 -0.232676903141717 0.0357882143533522
0.00284336775109079 -0.0289941127953485 0.158869112207228 0.332644476044481
-0.0213285435978437 0.00514868166265839 -0.12426971145098 -0.349518307229966
-0.041295533063141 -0.011765645924503 0.204834155149339 0.0248164925051009
0.00345665025736458 -0.0194493788757566 -0.0584739411108161 0.198457235234397
0.0438555719101474 0.032548019585941 -0.285358035735673 -0.106851818669956
0.0378107317702698 0.0585716456519218 0.0932069677994772 -0.338253829000139
-0.0228502989107713 0.0406237566363379 0.191676448018542 0.00952519468091454
-0.0514073765757328 0.0138452417160112 -0.17724620285797 0.0814338851856771
-0.0485608281757569 -0.00330276765890962 -0.386951481318587 -0.141645300706134
-0.0337971769358242 -0.00244491292036117 -0.3930172768401 -0.184547378882664
-0.0244935652196019 0.0139014891290126 -0.33118040261453 0.0849063621790895
0.0241143027176592 0.0367269583393901 -0.00141114999227926 0.230224842507538
0.0315892916297085 0.0198406857061709 0.172786443192176 -0.0503684924695944
-0.000751234810325655 -0.0335109536489328 -0.0895690223053796 -0.197143057201893
-0.0688268446339515 -0.0119410551854648 -0.00230788354438169 0.00475428824003549
-0.0455463341344487 0.0284496940810598 -0.00247422776320079 -0.0725320801799535
-0.0323874402885027 -0.0270698007361165 -0.100411733661164 -0.344031621140707
-0.0141302718549823 -0.0398406179952071 0.190737634426758 0.0505267825476073
0.0381377017813718 0.0177134899542492 -0.0976905802001661 0.203076950573425
0.0173489090102603 0.0751140511888558 -0.282143835254798 -0.135147454273068
-0.0499770181266715 0.0260741292051116 0.116669894241987 -0.316243370573166
-0.0121330546622363 -0.0556578897981512 0.158833259741524 0.0256885465808719
0.0693491996930914 -0.0268876232858611 -0.193991790154102 0.0609673528418771
0.105176815058405 0.0488987460028175 -0.373283624141378 -0.138918671044017
0.130281330569077 0.0590407256481501 -0.392917648971321 -0.119540211892771
0.106057940362577 -0.0348193860332558 -0.307073860629228 0.170576116012406
0.0154941847871488 -0.0769658807743832 0.0774630855218762 0.239242377449783
-0.0542696359877414 -0.00327561525824985 0.164165088270587 -0.0961203151433317
0.017534534706676 0.0491697611758905 -0.108140459519357 -0.181708502254378
0.0372370607921191 -0.0635401519117162 -0.0219806543048558 0.00600778481426935
-0.0380064776843941 -0.0889339201518323 -0.0120454273320157 -0.0454796193150753
-0.0386465165380989 -0.0801041113642461 -0.0707000734268361 -0.339742978213199
0.0117628379962443 -0.0826674600286714 0.17524863147052 0.0535223884308134
0.0659310696221243 0.0449336563634232 -0.115583475407081 0.217439508077576
-0.026903910306421 0.0937928247836033 -0.304361172495066 -0.13993526526044
-0.118189558123202 -0.0430072021492802 0.09655157106148 -0.324927970055705
0.0363925906189883 -0.138820907262171 0.13868339749223 -0.00337490100255511
0.196647636630662 -0.0325391088644924 -0.174089967899609 0.0234814382312703
0.244299436630104 0.0924050245102935 -0.301583503853867 -0.107289418860601
0.280414158532754 0.0463875702633841 -0.333553011793631 -0.0192666917050812
0.162467842761313 -0.17223794760488 -0.227162311885598 0.257978298134691
-0.138399348651734 -0.160157207844121 0.169546132376414 0.218811444101287
-0.130644904202046 0.132356509161405 0.148277487199937 -0.135305935318934
0.167929321764703 0.113435818988881 -0.103235365637843 -0.190105920316465
0.117536928877171 -0.191099966211546 -0.0893807674317427 -0.0157990386647079
-0.0665116020669468 -0.184661843142993 -0.0242677223855001 0.0345006038722495
-0.0360587742871701 -0.161233864080412 -0.0208307146284535 -0.315625372433273
0.0597669555908172 -0.165001564117429 0.178009421220191 0.0449362640258349
0.121292908762804 0.0573578104251246 -0.104703626528622 0.220202500450517
-0.0773151345395372 0.108999424278385 -0.304950295669877 -0.144230733301566
-0.164422518491442 -0.13340047790906 0.0816840160172423 -0.335196603494076
0.126803193938402 -0.194090513191254 0.137334361856914 -0.043669081099541
0.319054443630204 0.00173462819772297 -0.109572569098244 -0.00997731044494555
0.345292217062463 0.115988007084351 -0.185006705348931 -0.0568509208429644
0.363646316007016 -0.033052344330069 -0.219697427116156 0.0484078530248069
0.0828785457510554 -0.296902794114058 -0.144750201112876 0.264898071372668
-0.301938031774392 -0.0567701887050258 0.192550620943994 0.202563041280802
0.00104246046768311 0.29395685871083 0.15846867604037 -0.14786958994088
0.341815859006299 0.00847484696527588 -0.138443094734434 -0.228216214684583
0.0911391993756331 -0.328692770917343 -0.190454645430707 0.0142853573547881
-0.116216501495782 -0.225463258069987 -0.00728982320193403 0.154929211841059
-0.00763348642555295 -0.238336798673306 0.0327471830584847 -0.245840857476612
0.169885335228916 -0.244754747934107 0.177505617658771 0.0669884740882115
0.219451999899964 0.121700006569525 -0.0677295337101906 0.226088353250167
-0.163339468259832 0.154469588824855 -0.249452138476337 -0.108002307479334
-0.186012982685335 -0.255410838223904 0.0620483199142434 -0.294020114671051
0.252550577932366 -0.203282595567264 0.149052205992249 -0.0799966331657292
0.398919363269514 0.0689917837312563 -0.00164184590237966 -0.014140194496044
0.39250233320946 0.122053446358024 -0.0426388858438005 0.00215578918644542
0.360836735461622 -0.116008710378084 -0.0913882767450949 0.0474198496653176
-0.0277257745197676 -0.30796855484797 -0.144849057692413 0.226088800076118
-0.274575817546707 0.0482143351580854 0.169507591234669 0.273343825856659
0.122988949555635 0.209819182292045 0.208503018056857 -0.123030168575088
0.291572831676404 -0.114875208948367 -0.171916854115625 -0.22464873978026
0.00379499657898873 -0.329433824157649 -0.239081446418618 0.090118797310572
-0.140065215967619 -0.200536562771608 0.0510208409317254 0.269692681117858
0.0433463547617103 -0.265588099993098 0.060692888349153 -0.133233716650183
0.289792262524383 -0.210957648529983 0.123149196849433 0.108867159061162
0.213039153083484 0.252522564305041 -0.0542377058838234 0.214818108598919
-0.286341464987954 0.115995377767523 -0.192980900469221 -0.0458321461522143
-0.116793421353229 -0.353924753600936 0.0170819733785253 -0.247974939972306
0.338439524985377 -0.133806176944874 0.192976435876948 -0.108295570006266
0.398410958746642 0.139286067957854 0.131267116203554 0.029336990899186
0.378453161075315 0.116959746057249 0.108594905792092 0.0568605990012543
0.300104520216059 -0.152461105101122 0.0110615396151942 0.00171191458026791
-0.0706746587997228 -0.261290850048759 -0.180352718592824 0.190108121635282
-0.209602273868329 0.0239609541903229 0.160121390010747 0.365117189091827
0.0539901773731457 0.100079929864738 0.290770240602849 -0.0837842484873102
0.157867603554338 -0.0565512738716693 -0.133833392493836 -0.222255210370038
-0.0113383472289072 -0.207647361993509 -0.233702008807379 0.111731938380434
-0.109520212761054 -0.13478898593234 0.112909732293649 0.335325074227559
0.0850579112475452 -0.220401102113169 0.0451645797408863 -0.0235417264495285
0.290586557049097 -0.0830836343317678 0.0352069013112309 0.0959320069128815
0.0634653514112292 0.243458361209518 -0.020439374706752 0.169821207026039
-0.24836154432255 -0.0383262193357611 -0.152473952392388 -0.000667138876943213
0.00420708751052569 -0.298449190992186 0.00402201125695234 -0.229357587349611
0.297720200883191 -0.0367992491210081 0.258101172492208 -0.0968971817543767
0.318519841126373 0.159120845892546 0.251785978337563 0.107635406650979
0.309178999274501 0.094630393512071 0.245574809855735 0.104310436243993
0.222158855225724 -0.140559606442284 0.0881811351274747 -0.0492900556339526
-0.0594132941303144 -0.208520396931777 -0.200833053009289 0.121458400579667
-0.17210076194841 -0.0152088391926357 0.0893766823206541 0.385898556202501
-0.0176444730001787 0.0609674390247647 0.321460209351968 -0.0203490692001457
0.0876905289816214 0.0271736697257173 -0.0613176238858804 -0.232365290524134
0.0294614259176885 -0.0916828651107213 -0.231177753948133 0.0720309383144929
-0.0501278019278114 -0.0696939023816851 0.139266230599115 0.351709541673517
0.0850706980738648 -0.123394926077772 0.0116212050975298 0.0427843314538898
0.183115902810252 0.00384939556738853 -0.00602884629421831 0.0348891110810543
-0.0172722044425283 0.116573045196791 0.0438423013072784 0.16301170437002
-0.0973612536487241 -0.0869995944636877 -0.150635475359755 0.0338498090671729
0.0347263028909734 -0.146256472385497 0.0151382241009766 -0.223360736215095
0.163599070180422 -0.000868957670905463 0.299245261429117 -0.0684196844976237
0.189624041628292 0.102915955214909 0.3323972569725 0.16784207398484
0.193143167449438 0.0509046915982662 0.343967099451088 0.136162114401615
0.13845981878287 -0.0917359400339357 0.155969656101993 -0.0810076938861632
-0.0276358971222115 -0.141804444213821 -0.207164112400917 0.0231335726441593
-0.118902234891724 -0.0354721016006538 -0.0306024035626958 0.374087365990431
-0.0399436179475445 0.0203416392653431 0.310897051845093 0.0753491499538786
0.0353951878302052 0.0369352437297969 0.0193868844270829 -0.222020227572456
0.0532891057775987 -0.0243373634159951 -0.23375792132111 0.0149578417770516
0.00353467412909547 -0.0278599856576003 0.128748026017952 0.342850138322644
-0.0207828736199337 0.00654029514469589 -0.130712692709765 -0.344604089661329
-0.0419307261228009 -0.0106985686446154 0.20428419725607 0.0215641936126013
0.00275553779177336 -0.0198584868271535 -0.0558417904105212 0.197778324649282
0.0441267665126813 0.0309545836067332 -0.28594196213116 -0.103214384695693
0.0389666276601729 0.0554508996467263 0.085971922451965 -0.337224524306073
-0.0217200345703439 0.0418931602743281 0.188590417130742 0.00768497463288357
-0.0521328846058337 0.013985937484652 -0.177634659640755 0.0831279237148467
-0.0480940502932533 -0.00361706244661971 -0.386057691570907 -0.135614210820331
-0.0329752134656043 -0.00205751182043197 -0.392940722082287 -0.181348167089843
-0.0242224636209845 0.014621330520777 -0.32640743018632 0.0879934195047514
0.0260351551590191 0.0357278180194902 -0.00212548481710373 0.227761488175299
0.031450504979758 0.0180225789027052 0.168578838865032 -0.0482037814420645
-0.00212450282501446 -0.0342390557369032 -0.0938210863867007 -0.19067283644994
-0.0683885631379623 -0.0092870404863265 -0.00385232244866283 0.00569485132336306
-0.0442977768140899 0.0288429981730287 -0.00298782795827039 -0.0718680326019748
-0.0322931459353957 -0.024689859653658 -0.107821344214345 -0.338758528138645
-0.0164838510697811 -0.0394344027883787 0.189345573822665 0.046193519538055
0.037705188956725 0.0172224782940941 -0.095010852586468 0.203260697116677
0.0184482587277487 0.0742130102176637 -0.284405223577853 -0.130055401999958
-0.0484369780857197 0.0264156611322142 0.109977247794292 -0.315067427339904
-0.0123384072839514 -0.0549048611941872 0.155894879717305 0.0231227434099405
0.0671950624350826 -0.026745117117325 -0.19484817040377 0.0620184604860093
0.106980335724421 0.0466308908718351 -0.37561075798333 -0.132722381034725
0.131419228286153 0.0578344286141656 -0.39137290165792 -0.116277861602609
0.105066840168557 -0.0353426006657034 -0.303017798891523 0.171763243056688
0.0147065263038029 -0.0758442125911167 0.0771740340691084 0.236806663656201
-0.0529756792223213 -0.00398396755619457 0.158744335492507 -0.0972825552608795
0.018244831761155 0.0489730356561745 -0.11192263245831 -0.17642263834922
0.0354206637379549 -0.0628992103190271 -0.0231060089965093 0.00757761685432104
-0.0374051924004575 -0.0875562311246061 -0.0120446682595502 -0.0439614928437493
-0.0403946086450683 -0.0783654428215168 -0.076926458960467 -0.336514642267663
0.00989557442395232 -0.0811772817634114 0.174027119061184 0.0487353109863943
0.0669266750820603 0.0430498204786911 -0.111726610187614 0.217646483262439
-0.0258690557179762 0.0943661585120841 -0.305629731335643 -0.135485108305927
-0.117380520101613 -0.0410506869808254 0.0889415216402196 -0.324168604471653
0.0335096909960468 -0.138672690304268 0.134695086144362 -0.00609958506327905
0.195406658667356 -0.0330994264436079 -0.174215524400153 0.0252088911385854
0.244259866745497 0.0894994445137721 -0.303291532450278 -0.103866747835046
0.280134865185147 0.0419814051569096 -0.332241619503564 -0.0175146936844833
0.158529624896008 -0.172050518282124 -0.222049919281104 0.258440306665677
-0.139786944058911 -0.156296865673297 0.168811124409619 0.214248041791297
-0.127940617847371 0.133548604384374 0.142110338073237 -0.134011421477144
0.1674408405715 0.109657826058546 -0.108634879649109 -0.183280263244766
0.112304350729583 -0.191162117423539 -0.0888623540714058 -0.0128802804319471
-0.0683054751230565 -0.182357133475199 -0.0227394919235792 0.0361881139626529
-0.0363625015614467 -0.157063569665716 -0.0280092726595204 -0.313660862953006
0.0564795872370787 -0.165856689654943 0.176342133578055 0.0417650619858256
0.120508277537894 0.0559136696605469 -0.101437939516343 0.21962371145913
-0.0749830568751765 0.110240131838643 -0.306420360384369 -0.139374853471715
-0.164075276169023 -0.130834635200757 0.0762039054864986 -0.334249407244216
0.123555527854888 -0.193333804203588 0.133724642691466 -0.0462515249430591
0.316562501664796 -0.000507986420010302 -0.110013592962602 -0.00879467075494372
0.345723261061138 0.112337982737216 -0.185810131694021 -0.0553522226791371
0.362670803333307 -0.0368712869487815 -0.217004168954639 0.0506824741195173
0.0791385738933258 -0.295673448173855 -0.138501288448436 0.264940782101091
-0.301413309102503 -0.0516519391048289 0.193144174061867 0.199236652923567
0.00529307633574609 0.292439234343226 0.152039124860846 -0.146599792286363
0.338428632358352 0.00219480705076799 -0.142555216442159 -0.220080941050223
0.0831712103815622 -0.327390380932515 -0.187932604761502 0.0196636663919855
-0.119242323965256 -0.221720592716723 -0.00295638313390893 0.155324807200468
-0.0109624194062306 -0.236602618393825 0.0253812074479782 -0.245969976829732
0.164857044861224 -0.247423769568283 0.176235615879508 0.0621829147711659
0.22164770146145 0.118717122345901 -0.0648531599329632 0.222504362920608
-0.159518813711697 0.156451301519237 -0.25123518488358 -0.106015123386794
-0.187313278988834 -0.249411251223646 0.0560786478323016 -0.295332540527873
0.249876616084352 -0.204091546961202 0.145242674740682 -0.0822328015331971
0.397563984193162 0.0640016082750597 -0.00374148948669339 -0.0138318566056371
0.392099672123921 0.117559648207481 -0.0418498220622335 0.00222460354009648
0.358254450150209 -0.121192930920516 -0.089736198652447 0.046842113674099
-0.0324443055788561 -0.303834254775224 -0.139836626037293 0.227231295360529
-0.272063733085162 0.0530571781313433 0.173480720281504 0.27204528876016
0.125056443995014 0.207313463370137 0.205983186235525 -0.122154786346095
0.286789859130513 -0.119836755354099 -0.173690906867894 -0.217529923893403
-0.00118121985292266 -0.328353952022395 -0.234842338834602 0.095581894705049
-0.141446561094647 -0.196144284763734 0.0560175217162043 0.267020388074778
0.0390798679741946 -0.264124545892633 0.0561789097437902 -0.132896291800252
0.283737524436774 -0.214089756868211 0.123066573510612 0.104904237439055
0.216186579966875 0.246381828302564 -0.050533041212757 0.211345982366818
-0.282236665376198 0.120574635513812 -0.192139677273752 -0.046138876048771
-0.119686860503352 -0.349870955552311 0.0139756313364832 -0.248085625005594
0.335833860065654 -0.135416563822271 0.188124657684 -0.111206487901112
0.397369128148848 0.134698397595489 0.129938885673182 0.028972098545944
0.378067137067302 0.111686214297564 0.108537453466553 0.054561672343069
0.295068454194827 -0.156434375603003 0.0132647179182296 0.00120193211633489
-0.0733804299014351 -0.257565532135759 -0.176010918125338 0.191988501297794
-0.208036236162029 0.0265816013746604 0.167992908464612 0.359848348211729
0.055328651387839 0.0999956088770135 0.287903931014899 -0.0868588136267726
0.156374855338818 -0.0600334579557281 -0.135459048390293 -0.216757416960496
-0.0151730138353887 -0.205512961470379 -0.228904017128828 0.11757002003683
-0.110214334869874 -0.131451699024268 0.117732844099796 0.331363302326039
0.0805383826363812 -0.220209305167609 0.0433909164376625 -0.0240476306164741
0.285737004302027 -0.0878410743981135 0.0356192426344119 0.0945139922673351
0.0665032949115049 0.239676290120493 -0.0167315768423131 0.165758960003719
-0.24715127266827 -0.0348133835848035 -0.149762679536188 -0.00011558508098852
0.00200757406327207 -0.296067136203184 0.00286611128873082 -0.228590758227978
0.296366098241471 -0.0394236993785817 0.254084249906452 -0.0992126634356832
0.318608668926074 0.155825450934335 0.249879730490806 0.105634906878883
0.309845788203838 0.0904253680391795 0.246395759007128 0.101630092898697
0.217756156604313 -0.142402254519281 0.089920409636473 -0.0496649709267682
-0.062552315250548 -0.206511443381877 -0.196338155892731 0.122573975152462
-0.172508765064646 -0.0117348955966894 0.0956559115788786 0.382850445643399
-0.0175046607852659 0.0623540259527749 0.319953737682172 -0.0241954684695226
0.0889447539763754 0.0252729872077752 -0.0651286066410457 -0.228924153743121
0.0281549258409111 -0.0911361952939467 -0.227587313515869 0.0774213498299027
-0.0502854311519302 -0.0674156461543117 0.144769066618465 0.344913787544156
0.0834234254876445 -0.12295487837003 0.0116667033076143 0.0427059783011308
0.182951431922818 0.000142585428829886 -0.00387153550945188 0.0338996459844242
-0.015800425643786 0.114114563723536 0.0471069797136356 0.161248226796552
-0.0979212189290131 -0.086424053967588 -0.146506288056287 0.033851810354887
0.0306718186978103 -0.14707381918501 0.0146067386954399 -0.222127969918343
0.16246349316377 -0.00270084393212772 0.296325288506133 -0.0708467723120758
0.189365907389436 0.101047946872999 0.331742496594544 0.163944268207182
0.192774330434588 0.0504452692370374 0.344416892890635 0.131183126211805
0.135573098765913 -0.0925247287196922 0.157202895854052 -0.0840064111695168
-0.0305904734975413 -0.140653293275927 -0.204934830823048 0.0279568726187028
-0.119510311362751 -0.0324178892057688 -0.0234182822765697 0.372882398946762
-0.0391434098135721 0.0215737933247227 0.312705044764933 0.0718757993056791
0.0361088391111138 0.036642530777406 0.0168703664196831 -0.221391458122394
0.0514932536694193 -0.0257761647580036 -0.231942600785288 0.02104137548102
0.003311994390909 -0.0270666139425695 0.133541009201913 0.339629932145691
-0.0200890722466716 0.00685734584898073 -0.135352957282414 -0.342333558230791
-0.0416669787731693 -0.008360387155276 0.202432972598729 0.0193695021217257
0.00239564355260152 -0.0201517064887125 -0.0547070640980604 0.198546328523204
0.0440168498739724 0.0293834965882654 -0.286746740477847 -0.10137089947909
0.0410458907961592 0.0537770973467691 0.0843596399952046 -0.335694395245972
-0.0213263934352744 0.0419399729192097 0.185064412354407 0.00636439708975816
-0.0515376218613246 0.015065617141815 -0.179302622480261 0.0838527023639699
-0.0469165823791208 -0.00343164811601433 -0.386560702656428 -0.133327388459517
-0.0322199097032489 -0.00345063225212789 -0.391882280883841 -0.179025163489076
-0.0243722608474577 0.0147365676421289 -0.32401107085941 0.0859991080675093
0.0269034419270486 0.0350073865056259 -0.00443055943605612 0.225883460864568
0.0315074428072401 0.0179242099883233 0.164395946168027 -0.0459770236746905
-0.00308347288494116 -0.0330242081366786 -0.0967470115405428 -0.185632963484615
-0.0687860275796018 -0.0074811762965748 -0.00443832812624847 0.00614066203069413
-0.0434327902665823 0.0283865669416277 -0.00263756476332874 -0.0696006670891759
-0.0309294595129773 -0.0234566518875902 -0.111818446067255 -0.336447248668167
-0.0161033226835648 -0.0387136381613417 0.189348341564719 0.0444977996520087
0.039400107203294 0.0167734525575619 -0.0949719864522445 0.204303557308588
0.0185965675837144 0.0737841068796886 -0.283986576358045 -0.128904033752761
-0.0474186942620911 0.0251462864799246 0.10800782918922 -0.314066042981172
-0.0134747290525955 -0.054520622595847 0.151776979652157 0.0223186723677026
0.067466169103141 -0.026754862995848 -0.195867132324959 0.0634349238606628
0.10639938874953 0.0473247625633091 -0.376995858259992 -0.130670344681663
0.131166998220179 0.0562225365869609 -0.390488550086614 -0.115106827592985
0.103249936583268 -0.0341518862820466 -0.299863342546163 0.171080439000506
0.0156298016750943 -0.0770429999297954 0.0762920297390479 0.233795802396096
-0.0537964458906934 -0.00269787704720494 0.153954188251086 -0.0937034016626288
0.0176269682965562 0.0478262092288075 -0.115905533502057 -0.170921477202651
0.0343411299794188 -0.0618809078599595 -0.0236576454771011 0.00805797079830801
-0.038778606310602 -0.0874648669911954 -0.0110807879544702 -0.0416340897929839
-0.0381560731779225 -0.0765225220874183 -0.0811400793975698 -0.334866835154701
0.00923924663099483 -0.0810510749489154 0.173680815565325 0.0475866906834281
0.0663020987142293 0.0431150312881162 -0.11150976169739 0.216051611853884
-0.0239973334699894 0.0939711742372135 -0.306273822112246 -0.13312976624056
-0.117860007384408 -0.0389174189747385 0.0855603276824927 -0.322852907426528
0.0339756126641811 -0.137243099371431 0.130489332470405 -0.00702458069900849
0.195964042117754 -0.0355534414455645 -0.175612351890573 0.0262854042105597
0.244856447643366 0.0877027702069295 -0.303970135943296 -0.101271803033854
0.279671132615804 0.0413975857605851 -0.332117610253556 -0.0153369048321925
0.156066465849526 -0.170203215656382 -0.218264171487557 0.257060592539646
-0.138880961083632 -0.155200755523237 0.16746512677775 0.212580743125554
-0.126944994234058 0.135430018941433 0.138016866115123 -0.131435161658973
0.167699744734863 0.107183824487351 -0.112295371530295 -0.178185726512102
0.10851828056082 -0.190104067188034 -0.0888573323731421 -0.00998054539861275
-0.0692711326943683 -0.180370218499763 -0.0216440057822403 0.0379413045097676
-0.0373390003084165 -0.156222614301761 -0.0341799161248755 -0.312465443171504
0.0545678600896353 -0.164263724452934 0.173412396184373 0.0377891393420655
0.121878607540568 0.0538182230304347 -0.100242857313641 0.216535854372029
-0.0742616000906816 0.110967826484749 -0.307737316750431 -0.138994615832481
-0.164253447996344 -0.127698917102932 0.0709417149643224 -0.33585690512115
0.123659286184316 -0.191966929323391 0.129036725287916 -0.0478477187233939
0.317236958446512 -0.00302325102180133 -0.112261916280388 -0.00866972318062755
0.344431111959362 0.109949231108713 -0.186331174571994 -0.0548334211249137
0.361009869299475 -0.0378105166741386 -0.215927907175437 0.0501972767299754
0.0761517121171883 -0.294095209262237 -0.135674403139392 0.265427725464321
-0.300640180859984 -0.0507210672144748 0.192982758506438 0.196805721385049
0.00563935435588955 0.292647228517629 0.149123588112423 -0.144410949781067
0.336991824555292 -0.000433878537596272 -0.144467285556726 -0.214604349918282
0.0789015051941976 -0.326382417422487 -0.18770998310742 0.0223264803993793
-0.119456313916647 -0.21787139263705 4.17115285528277E-05 0.155601318655521
-0.0132262571089351 -0.234773923310501 0.0206416554518392 -0.245770132540665
0.161837445861479 -0.247597446242607 0.175323631192895 0.0586193429933192
0.220658489231909 0.116080351958963 -0.0640855137090491 0.21966711490673
-0.158831624773955 0.157794761468359 -0.253540976824894 -0.105652897081636
-0.186400271401197 -0.248051761572869 0.0522923774355812 -0.293850161861327
0.248947473906224 -0.204776528968205 0.140734276200818 -0.0836136614263989
0.396521383462507 0.0632290556888355 -0.00471181996420472 -0.0134238353469139
0.390947523863898 0.116301267160342 -0.0425401975716121 0.00141165572949164
0.35804018501595 -0.121360262154235 -0.0883094067595977 0.0475417565388097
-0.0334195423768585 -0.302520900012422 -0.136076064715173 0.226468616233095
-0.271001500309132 0.0553281156309023 0.174019485936108 0.269592737336263
0.126006440346599 0.207279185534891 0.203619629812668 -0.121360997681677
0.283557010089108 -0.12266997525051 -0.175182091050815 -0.212254193091309
-0.00660373219824415 -0.325982729961234 -0.231730272167025 0.0991642707740859
-0.142223531752156 -0.192634348689159 0.0592390216199358 0.26772127513777
0.037161025828344 -0.263800247890867 0.0533307258447372 -0.134218828148833
0.280806830809299 -0.21632134340547 0.123072765538708 0.102672792003963
0.218618111655003 0.243156389069584 -0.0496266284209001 0.207351982684876
-0.280383631749479 0.121866682638188 -0.19193182359408 -0.0473371215993143
-0.120370139640648 -0.34606335853079 0.0123835574243224 -0.247084910688498
0.336014944686366 -0.135644865249613 0.18508378963494 -0.112377880185712
0.39720941911107 0.133502317409364 0.127570559694173 0.0273619126582707
0.377709360317649 0.110076977323157 0.108853746524691 0.0555035398650076
0.295403569579044 -0.155688803097202 0.0136121712821845 0.00173345460321652
-0.074707521035849 -0.256272397754818 -0.172113821793178 0.192785487561496
-0.208321164251798 0.0285328817758051 0.168777091502355 0.357430215177656
0.0557218059687866 0.0989234638964774 0.287215771137173 -0.0877315077044142
0.154109324272022 -0.0611233843114508 -0.136668441862743 -0.213038051271768
-0.0175149201858781 -0.203940359247761 -0.226029165294627 0.120417315116232
-0.110959598079747 -0.12817744552003 0.122730155988084 0.329433295552203
0.0798863357022259 -0.219152733972945 0.0412792037771603 -0.0244724352725115
0.284874900249065 -0.0917103358503983 0.0372458672768384 0.0916987281574508
0.0686230326003551 0.236906466845841 -0.0154231595407453 0.163272225560362
-0.246940912063537 -0.03315290421074 -0.147951239024625 -0.00165701807596893
5.03631931902029E-05 -0.294474655479149 0.00253887871199552 -0.22874478346938
0.295261796503897 -0.0391042706141198 0.251302601451862 -0.100133381996672
0.318467655699741 0.153997726741254 0.247867150211357 0.103139331370816
0.308428797955337 0.0882461627511563 0.245364029723831 0.0993881650875083
0.216184811722918 -0.141197883260441 0.0911830720519684 -0.0487170091528666
-0.063700413932938 -0.204308411516821 -0.193427428226734 0.124842249702425
-0.174173094435966 -0.00966784112347422 0.10048722170937 0.379877589177675
-0.0171274066932397 0.0628241402318041 0.320413813149539 -0.0268228299743585
0.0879003231250048 0.0248039544081354 -0.0662157102054402 -0.22553730113627
0.0267835350980658 -0.0902637307189624 -0.224310494876733 0.0797968272619334
-0.0487190382850715 -0.0661445766297661 0.148222215781033 0.342208763511897
0.0829061631535948 -0.124179693887705 0.0104516555798998 0.0415465071448066
0.182306900940859 -0.00315528872349977 -0.00439549667650203 0.0331736581471638
-0.0144501990570404 0.113556918383831 0.0485806577028701 0.158494669012738
-0.0978022401992917 -0.0852010976721533 -0.145005821589638 0.0317390859435067
0.0301996003512511 -0.146456608114034 0.0138442220583625 -0.222592391278185
0.160973443009626 -0.00329261025122379 0.295343225669497 -0.0712987726171007
0.189251271525781 0.0994045156007652 0.329793386725138 0.163165458662783
0.191162239097271 0.0469466714292736 0.344973689330219 0.128668683675872
0.134319859518925 -0.0922290171976579 0.158727723894327 -0.0840683836291004
-0.0329407732137546 -0.139436457529476 -0.203017547561313 0.0290975272372718
-0.122657205588741 -0.0292571150706773 -0.0186208178960699 0.37023512205603
-0.0399194575440252 0.0243337284406228 0.313578143197932 0.0688110417921005
0.0367375519909293 0.0371871518916257 0.0139271894974727 -0.220747067208505
0.0524680709872083 -0.0275029440701957 -0.229498222974581 0.0224581337599346
0.00419912284621146 -0.0271580817860925 0.13767706095326 0.335948388327249
-0.0206170767368567 0.00796484937378458 -0.138465414489414 -0.34051144162166
-0.0427862763833563 -0.00883901947089618 0.204374578771721 0.0184375805631813
0.00245851130061002 -0.0193671118054192 -0.054775305088061 0.201449289382042
0.0436016637880972 0.0291083661250403 -0.289658488253629 -0.101465093500572
0.0425115954484758 0.0528093396306696 0.0829855788437748 -0.337449325793066
-0.0214327039807465 0.0430763357790384 0.183696700491254 0.00693744371253029
-0.052008999648677 0.0155936712737316 -0.182023617931813 0.0841052538403121
-0.0479166742391232 -0.00358792596989871 -0.390733114948483 -0.133347128504278
-0.0324769264927957 -0.00392788893853397 -0.394231851593815 -0.181608284884737
-0.0252372892068125 0.0153918377247262 -0.325192077129917 0.0848155710052077
0.0278826012346353 0.0343105281854607 -0.00608671547261659 0.227540730102284
0.032490092126048 0.0173189386190938 0.163610733313969 -0.0422096995154681
-0.00354747683722284 -0.0331174747734646 -0.0983399680215422 -0.183775612379396
-0.0688387173588507 -0.00658493294092156 -0.00582412312134332 0.00797607295091974
-0.0435376090946508 0.0297142937700206 -0.0021235992345345 -0.0687082371896436
-0.0306525620536998 -0.0243982906188739 -0.116469116840315 -0.337382614357458
-0.0165606759564095 -0.0377806435943874 0.190304583641004 0.0434130557295129
0.0380632765845042 0.0152932892142131 -0.0940356374206434 0.204630880084518
0.0203598160407412 0.0747864879603758 -0.288482326284745 -0.129049917325152
-0.0462565254217017 0.0257261337720345 0.107895459283859 -0.314828151292579
-0.012766775055505 -0.0530305953876683 0.150324461261388 0.0228518463040335
0.067258586752271 -0.0264668935122447 -0.198434093044024 0.0631623621854987
0.108565446814059 0.0469247354800917 -0.379700827440002 -0.131155359234675
0.132338653302721 0.0565224773589702 -0.394516360999985 -0.116840630090404
0.104363481332962 -0.0332536637886474 -0.300545828541675 0.17071305138982
0.0166451278877624 -0.0787104121364727 0.0738043139857504 0.234142938513549
-0.0541677252784331 -0.00253189829312589 0.152513004760185 -0.0912591949402712
0.0169199328071338 0.0474707616165787 -0.117039522615659 -0.168212314706938
0.0345632962068463 -0.0608577069508188 -0.0246185422335203 0.00958029115984928
-0.038896694593571 -0.0871888312665026 -0.0114828242865719 -0.0414366471408227
-0.0373933554306652 -0.0765933312375533 -0.0863176096868888 -0.336698853530944
0.00949504693726077 -0.0798999584941982 0.173140710473689 0.0451780778155097
0.0669290656409901 0.0437500378932714 -0.113316470383516 0.21658738647037
-0.0246859383081546 0.0943257416622739 -0.309510557914147 -0.133551475708984
-0.117748923191822 -0.0393970602392252 0.0840483669911693 -0.324548315977667
0.0346523623198554 -0.136004657659852 0.127628291694057 -0.00793998503137477
0.196567905083261 -0.0334834306226019 -0.178398301339574 0.0257770630573152
0.248149975692059 0.0901080145475299 -0.309076130032321 -0.102901825123285
0.281712704508849 0.0421605592565717 -0.332385250597354 -0.0180188517979727
0.157073649526152 -0.169806261713594 -0.219643708304273 0.258700316323739
-0.139921401814712 -0.157292017960939 0.168578280845669 0.214998139132834
-0.128344171764655 0.137582423052791 0.136138862870259 -0.13052889119845
0.168789864141138 0.107336249527059 -0.11414465752829 -0.17477726375869
0.107998773348937 -0.191793896850011 -0.0888992611185725 -0.00928720316674591
-0.0707440535110552 -0.180203608163611 -0.0203926414925016 0.0390300296327267
-0.0375962862746453 -0.155507434634549 -0.0373784754532526 -0.314388310846502
0.0545948485262883 -0.16591654470321 0.174315892504821 0.0371950398784642
0.122829230785488 0.0541565212451755 -0.101311208959081 0.218140077702686
-0.0752214282679235 0.112272000005101 -0.312405897430644 -0.138767855309657
-0.163344972405755 -0.127941988673886 0.0672328555666237 -0.33670876601273
0.124486812451178 -0.192401609011169 0.126763545929455 -0.0495105784558273
0.318804266458916 -0.00236857360116737 -0.11473648526447 -0.00904414067726096
0.347491673712968 0.111143795321352 -0.189250779278467 -0.0550404469517842
0.365612110741848 -0.0396316141574689 -0.215690888055362 0.0498148565658051
0.0763378714017511 -0.295071981677243 -0.136636085241323 0.266935684636472
-0.302719670307559 -0.0489110373031299 0.194642664057894 0.200120948487468
0.00658255672054853 0.297502623256951 0.149336287340566 -0.14418942379717
0.338606610786146 -0.00232643021906147 -0.146718127445832 -0.211953874752842
0.0763515535485982 -0.329346678756781 -0.187170645565114 0.0264942430275023
-0.122359031762637 -0.217777871792704 0.00197698633766272 0.157002590825557
-0.0133544379833909 -0.234951048582156 0.0173038163192094 -0.247405245530892
0.160167951668351 -0.248952537885461 0.175634494102119 0.0567169334614678
0.221902174882301 0.116538810514921 -0.0650733275203821 0.221062183541663
-0.159207175957028 0.159033413857462 -0.255990296847876 -0.108264751567368
-0.18785793911313 -0.248631808022122 0.0517019451202865 -0.295224036535615
0.252073029954851 -0.205364028587973 0.139896244925213 -0.0868244725201528
0.398797678447091 0.0620108360630785 -0.00572655726368477 -0.0135961398103055
0.391900212267293 0.117256526128646 -0.0441225386055904 0.00174652017384688
0.360296513276729 -0.120609658411055 -0.0872187074707156 0.0479534481487717
-0.0350134004534559 -0.301941598440467 -0.135653771870034 0.229837844794004
-0.273455909406326 0.0550372230408596 0.17669202293806 0.271694636323573
0.126980315382818 0.20876422488806 0.20536824455193 -0.121179330670573
0.285426279820472 -0.124622796819817 -0.176865031434304 -0.210664627780775
-0.00736391011956737 -0.327043158822492 -0.232634535736235 0.103740157974549
-0.142818075089577 -0.191901286094236 0.0633600365954806 0.268457915777615
0.0356101254991822 -0.265639633442474 0.050511243093982 -0.136741831317744
0.280134396273902 -0.219254327151593 0.124672175068724 0.101014431949738
0.220297381859955 0.244822572169621 -0.0507447687248034 0.207166418710926
-0.282601810079212 0.122380346218733 -0.192780602830497 -0.0491653629720288
-0.121638757102903 -0.348093560295517 0.0108115969087272 -0.248721794204673
0.339781105384419 -0.136279545551569 0.18488512422411 -0.113813531569841
0.400244736984105 0.135554753185889 0.126806082897788 0.0285733879416642
0.378602739172692 0.111402936839875 0.110427069623062 0.0551607179484208
0.296892920115873 -0.157387819567045 0.0156216830393226 0.00173272330826701
-0.0768787802395425 -0.256199045336996 -0.170889121653491 0.194481689154002
-0.209620645935244 0.0294933874711113 0.174903984088889 0.360180594942866
0.0556801819270815 0.10143961794279 0.291049240613096 -0.0894508200206604
0.155594803180648 -0.0626059981983171 -0.137503352895738 -0.213029083121849
-0.0201461580145654 -0.204613366266066 -0.225558028121015 0.124668265922405
-0.111748825553178 -0.127428837986973 0.125320327833684 0.329343206875535
0.0803574416272468 -0.221743762656178 0.0404206662840002 -0.026667693777806
0.285934190278427 -0.094473791505041 0.0373192336747637 0.091844800820908
0.0703967008881271 0.238095340679891 -0.0161025070157589 0.161387036157578
-0.248105914333237 -0.0337913835612527 -0.148154075626848 -0.00459526145410241
-0.000290461615811713 -0.29627080023882 0.00242364364249581 -0.231359661868146
0.297848131271116 -0.0379372645186337 0.252622687195373 -0.100271756325757
0.319680552311444 0.155542410519005 0.24891159904885 0.104768826186558
0.309841433086053 0.0884310416808306 0.247627064858338 0.0996784950282038
0.218109680954358 -0.142045520939203 0.0953535755426905 -0.0494212918371267
-0.0660583437611236 -0.205236767865747 -0.193810981184634 0.126039367754116
-0.175709087452992 -0.00944402262269785 0.104083527610086 0.383369014086091
-0.0175808492206931 0.0650803837350986 0.324245992059926 -0.0284530432656485
0.0896224204546368 0.0238236012611739 -0.066045154859903 -0.227085141905134
0.0263378606617801 -0.0912066054904112 -0.224598120078544 0.0824859489501779
-0.0485861484373416 -0.066176131849795 0.150960298503785 0.344150151885834
0.0841325275079963 -0.125915429096074 0.0101916237327434 0.0423211303926705
0.183769566055755 -0.00440368659580485 -0.00315629328615241 0.0321888040155251
-0.0138811096509312 0.115070194256034 0.0508872586210139 0.158406022315617
-0.0990935995434566 -0.0862701946484364 -0.144759845541103 0.0289263885035541
0.0290797442912367 -0.146828808122086 0.01465213704036 -0.22468799507714
0.163280314217281 -0.00108528066556059 0.296608716283191 -0.0729563709044355
0.190029872090674 0.101521497760147 0.330041509534838 0.164824134855172
0.192895285343699 0.0473526772609497 0.348110741549678 0.12744820727569
0.135895570845324 -0.0916554482888842 0.163183177292558 -0.0860323556243602
-0.0346338811704007 -0.140902080173495 -0.202599541099842 0.0313310001147109
-0.124173204776112 -0.026743036691357 -0.0174485071949151 0.372527847791138
-0.0399157466097372 0.0268859998133009 0.316701545183308 0.0694824475875705
0.0376299876172359 0.03791547665004 0.0145012231738775 -0.221700042979697
0.0521418998811086 -0.0273721133429805 -0.229533633519601 0.0249889714084444
0.00407418603043104 -0.0272423241125305 0.142102617427753 0.336923291451504
-0.020342019757769 0.00243089466861415 -0.12623678506876 -0.350777213973432
-0.043473819629441 -0.00938013017156953 0.206943709052999 0.0261053698595002
0.00164725383248257 -0.0185456609529176 -0.0623601551043898 0.201843534520296
0.0429784421139091 0.0305811957087962 -0.292517075738519 -0.114652695567888
0.0437824640518532 0.0540395443008132 0.0952978826402311 -0.340697262705735
-0.0235937460799657 0.0437347619987192 0.183946585615675 0.0145974769548911
-0.0530247671822104 0.0146725642404565 -0.193161841455044 0.0785692161262666
-0.047511232793665 -0.00472801411424244 -0.397372422035505 -0.153786074116623
-0.0321809088335282 -0.00438107499678046 -0.397393025622114 -0.202601772085284
-0.0247387009727477 0.0177965423145021 -0.336665489253316 0.0712996775066505
0.0285357159606335 0.0353341317191464 -0.0172386564648379 0.234284462488416
0.0334877675391506 0.0170965835167708 0.168787784212804 -0.0339502875099311
-0.00359439970945311 -0.0340667183558309 -0.0955553437829625 -0.189735117650957
-0.0695520944324993 -0.00750411003417551 -0.00742762251558232 0.00814459126585786
-0.0463089624568616 0.0280840137255743 -0.000232805338794287 -0.0700251179761365
-0.0298136117777966 -0.0278474301867569 -0.104138339065927 -0.344872517755009
-0.0158480044486616 -0.0368292276132163 0.190539464347364 0.0520039893987924
0.0372740021009081 0.0187760831730468 -0.105610247608466 0.203078846734357
0.0164779756608256 0.0748086644889054 -0.289484548141988 -0.141994455772752
-0.0471179304331671 0.0223708645877025 0.119660495502506 -0.315944893598257
-0.0102066845980554 -0.0551750623635701 0.149581080292509 0.0302773862520226
0.0711128148223784 -0.0242979188319111 -0.207825846949266 0.0553947359774314
0.10940993315691 0.0536769355812409 -0.387860253902385 -0.14813638127646
0.133166039955039 0.0655233508298123 -0.399489016683247 -0.137703614141832
0.108838220117632 -0.0262500929131938 -0.314748596930997 0.161607777804325
0.0219683747879862 -0.0779889794762193 0.064201262338336 0.245289190040958
-0.0536086021746258 -0.00688312974126601 0.158715348942626 -0.0857047988034039
0.0145008078000836 0.0491290721483864 -0.117119273629412 -0.173406460205916
0.0361191232677644 -0.0598265393371912 -0.0246218369346864 0.0104383372128151
-0.0374621138004192 -0.0902833155016915 -0.00753790542625837 -0.0425586700272363
-0.0352484612665306 -0.082055462306287 -0.0727775259735282 -0.34073166035277
0.0115660729410659 -0.0808657753097207 0.17408934593732 0.0540227778465358
0.0643218801043622 0.0465342245232422 -0.123815018552552 0.21648424603353
-0.0294934973946909 0.0947524174070637 -0.310590459020979 -0.149086064852373
-0.117914161949727 -0.0448180464120254 0.0962258730003913 -0.326567835506194
0.0411577779871268 -0.136991263445654 0.126939775384202 -0.00246948804601189
0.205501312581492 -0.0255746034025553 -0.184745952267817 0.0179142462052503
0.251460748414203 0.103390825645767 -0.315856143630562 -0.117383224595693
0.287536200134671 0.0540427577645639 -0.341559377715663 -0.0319153648848043
0.169174128372827 -0.164617764577967 -0.233081613113266 0.254216454704366
-0.134608707118863 -0.164805594717885 0.162108005469691 0.226607638656815
-0.135277014104612 0.133332549679257 0.142957844070523 -0.126032135137093
0.167852853790674 0.113730457814175 -0.112618230070452 -0.180628130064896
0.114195847768432 -0.189272986164205 -0.0911059563217725 -0.0094288798205604
-0.0660949743126602 -0.184817578369892 -0.0204310084239281 0.0387181124450584
-0.0334023497139927 -0.163813089972092 -0.0264487960518177 -0.317542521255282
0.0616291142349056 -0.165568827133431 0.174722585709197 0.0441069356246242
0.12099146569007 0.0608229139959865 -0.114041340070552 0.216414931731623
-0.08249347952082 0.109505846572288 -0.311930849070211 -0.155246953318828
-0.164127314607129 -0.138373968643132 0.0828178744369481 -0.339690323881239
0.1363626284197 -0.189952952530029 0.127401408864662 -0.044427741096735
0.327114889799841 0.0120774392918771 -0.119066562546403 -0.0149258264991593
0.351892667205805 0.129231204322503 -0.193840722493994 -0.0633005434512315
0.375720345685183 -0.0240021440728257 -0.22362707650828 0.0414274576849474
0.08971070264628 -0.295430711106486 -0.147869719472664 0.267000823498695
-0.302686845573914 -0.0629146017134879 0.192253852459608 0.211148959270515
-0.00500793332520808 0.301783885973212 0.1556135013733 -0.140018689679291
0.343738518887016 0.0080730418995753 -0.143642985059953 -0.219134942545017
0.0878969812686536 -0.331084027930837 -0.19244472384518 0.0229232049660692
-0.116327931755413 -0.225531566907951 -0.000371236009511032 0.160337251933386
-0.00441054717664542 -0.24264141755566 0.0271685293222625 -0.246597150171215
0.171704155393104 -0.248107144608918 0.174533499350916 0.0658108051720376
0.221648964618236 0.127634739102896 -0.0775325918669741 0.218212967099845
-0.171720976183887 0.156091218497406 -0.256867330514024 -0.121007633941961
-0.181712151155129 -0.261572119584288 0.0638227889695587 -0.300629347413131
0.268537977865204 -0.19751387163728 0.14257304011773 -0.0808905916931681
0.406588220523155 0.0828932259930471 -0.00831157760453885 -0.0144961229260126
0.398757359338499 0.136755579944616 -0.0454972240267267 -0.00095733121989286
0.373434341772908 -0.11079563020868 -0.0909978719613767 0.0445122590045662
-0.021681917253415 -0.309565587705241 -0.146235953049133 0.227996048495688
-0.276409649271036 0.0467487515285595 0.172410032487532 0.286810447378155
0.121652749901181 0.21674206868351 0.216812859293177 -0.113642342914915
0.292331560271963 -0.118153355176728 -0.174338343477511 -0.219868641533069
0.00193478121980061 -0.333029771050352 -0.241174461879576 0.0998324156811615
-0.13833462974385 -0.199582844156796 0.0598885351026639 0.27415861448127
0.0497507601514123 -0.270630757138022 0.0559885395428062 -0.132848087935946
0.291547141575252 -0.214504469328703 0.120010211041879 0.109524138758491
0.213783770136215 0.255133922896434 -0.0622251449805173 0.205600761063464
-0.29376218344231 0.113297571465793 -0.194277016718133 -0.062112231086632
-0.110170663981457 -0.36069690012729 0.0206924090325558 -0.250834765824437
0.354401503389649 -0.121782750609948 0.189753166839777 -0.107860926858161
0.40214766210713 0.157881303035352 0.125853845480336 0.0360232159949978
0.385368581036511 0.129947690793112 0.110511209726998 0.0614944178715439
0.309256601171918 -0.147642797834425 0.0176791959768391 0.0019555600218672
-0.0668447454928206 -0.26198312187847 -0.18170538040137 0.192680349368672
-0.210843362486929 0.0239708618669538 0.166239028662041 0.376283551314219
0.0520253784810891 0.103911137574441 0.304687080342282 -0.0808427503773247
0.159591602635676 -0.0592307025642916 -0.133850656482977 -0.223008004744737
-0.0128789721271363 -0.207754128394199 -0.234817773660069 0.12106919926647
-0.106550963880746 -0.131406757251402 0.121344539027933 0.340598838426122
0.0912051541396947 -0.223761283821402 0.0412826153928098 -0.0223370054351979
0.291712169956671 -0.0853567493163848 0.0331024980686937 0.0960905122515945
0.0615800289150564 0.24547221150453 -0.0229742509032572 0.16050372688743
-0.254864285747312 -0.045988650406574 -0.147741280478604 -0.0140399357188536
0.0117845680364774 -0.304264315145771 0.0128161684219024 -0.232828234247934
0.306201370184462 -0.0250674708452075 0.258627795937493 -0.0899100051166974
0.319849065949233 0.172638665407421 0.247920420321624 0.119673032815569
0.315582664891926 0.102286776928351 0.251425773209835 0.113383523401553
0.227546564041979 -0.136508249227098 0.102194506530496 -0.04784034172437
-0.0584807944313398 -0.210151929807301 -0.201394898803545 0.121169622411667
-0.176296289368788 -0.012185984155156 0.0946936270139938 0.395278451197333
-0.0207774170686394 0.064262872761623 0.335281714302812 -0.0161861217489049
0.0893746965113761 0.0278602626730547 -0.0607992144543893 -0.236598807026782
0.0308060937762826 -0.0921319773582285 -0.234073570563067 0.0794575166167882
-0.0466524383299778 -0.0681288556414854 0.146829660169098 0.35632909745405
0.0905197668520535 -0.124965867007917 0.00713380387870691 0.0449998838150506
0.186237087570666 0.00215136491717433 -0.0047451524804664 0.0314740530539263
-0.0204823993470523 0.115115155711195 0.0467502037573701 0.159038945222363
-0.100500101724187 -0.0943235741244696 -0.147609087077675 0.02150157796924
0.036319387001727 -0.151033846533353 0.0237561862728349 -0.227314946113835
0.166122432486539 0.00600156508535081 0.30382250587646 -0.0602030527539467
0.189648794529372 0.112093565910884 0.329043016278603 0.187717105048334
0.195946428688927 0.054946590497419 0.352821296885699 0.14733800953789
0.140923784247142 -0.088578927922007 0.173798932623489 -0.0822396178634784
-0.0300929061823365 -0.141015601792926 -0.206727841331363 0.0238043813247134
-0.122355403209707 -0.0277988737471123 -0.02892103709821 0.380347404524557
-0.0402672663126129 0.0238615201829755 0.327583030870164 0.0818097450093075
0.0360845748626598 0.0391628665780594 0.023088455686873 -0.227944804028736
0.0548778944097592 -0.0273353299656471 -0.237185917273786 0.0179233916109564
0.00682933800697241 -0.0265470983875872 0.135394167674824 0.350037958857832
-0.0206834034214626 0.00357117539103021 -0.140270300478864 -0.354666251672765
-0.0444289079988265 -0.00747577473322672 0.214604878795169 0.0224543176708401
-0.000202044403596882 -0.0198078809583637 -0.0599477852314785 0.209455862415691
0.044414222880052 0.0301774939539119 -0.303831494362742 -0.10885789858279
0.0460817823210779 0.0537416537086109 0.089535380235442 -0.351585902650655
-0.0228688091925227 0.0449402772881032 0.188046195919853 0.011604818335916
-0.0546522219322829 0.0179840894036841 -0.198560844476044 0.0837621014022603
-0.0484821695190956 -0.00407337283013082 -0.411386019899209 -0.147626401536286
-0.0347962918089596 -0.00446783244913406 -0.412090116140352 -0.200117473986791
-0.0258232849394972 0.0184143078254353 -0.3446479870106 0.079595594375459
0.0310235985901361 0.0353288394832124 -0.0149245594738398 0.2399922206429
0.0354916132657341 0.0152050940915443 0.171576276146105 -0.0348969486503517
-0.00592959090615024 -0.0342077877177718 -0.102754887152703 -0.190427257866852
-0.0712314633380752 -0.00663424306590439 -0.00848917169212982 0.010507797688184
-0.0474141042516288 0.0294485782509259 -0.000634509679001551 -0.0718849753613887
-0.0313585209363353 -0.0289378404455891 -0.115850140142763 -0.351025555594797
-0.0175394693543463 -0.0372939705457166 0.196811883973409 0.0480854578879006
0.0393133797586356 0.0182982790708256 -0.103879199946648 0.2127492165631
0.0170725217604814 0.0766318142730588 -0.301446893839883 -0.137439766233324
-0.047216128180606 0.0246315950828439 0.11522618435859 -0.326526685492017
-0.0104473596454744 -0.0553819089305547 0.149402838385806 0.0284009056538159
0.0722821568773564 -0.0249754625551224 -0.215080736619731 0.060738949340527
0.114110741075153 0.053033215211337 -0.401585508018262 -0.143728534860726
0.137708743460722 0.0634157184469581 -0.415118331966133 -0.135396489754199
0.11262592708249 -0.0281843327703994 -0.31824381975209 0.168470750321081
0.0219281973652316 -0.0813847554311212 0.0686964230490137 0.248129586407728
-0.0550534186591783 -0.00610091487025608 0.160818786438128 -0.0864146060405176
0.0144382866773058 0.0491777234583602 -0.123920920799631 -0.1728397106309
0.0355121030837261 -0.0623896698178478 -0.025745952382967 0.0126672059973321
-0.0404890615487401 -0.0924879011182066 -0.00903036859896324 -0.0416256177496505
-0.0379273683238465 -0.083455610150645 -0.0851948915502312 -0.347745796695776
0.00884814648584856 -0.0829359560757783 0.179929955535275 0.0499690724968592
0.067050446748694 0.0472726412299949 -0.123302601469419 0.223730847747701
-0.0295636316597648 0.0981698875826379 -0.324004035498183 -0.144404559781569
-0.122439530369158 -0.0440675345738674 0.0903279926198653 -0.337242542909286
0.0406610792015007 -0.142733440769237 0.127122571080643 -0.00465814635640016
0.209664065488066 -0.0317754719435239 -0.191705379686635 0.0225905642360078
0.261288491728382 0.099945709945116 -0.327011980054232 -0.114081094291855
0.296069506012643 0.0503001228098992 -0.351292111469012 -0.0287162309701536
0.170261514813913 -0.171609262929873 -0.233490330833516 0.264160389679653
-0.14046012469653 -0.168207786506441 0.172440168360715 0.226670461781451
-0.136204933855473 0.141062210274897 0.142747445907506 -0.129479025883808
0.17319322454872 0.112731230097626 -0.120433143938816 -0.178546199593208
0.113098674038712 -0.197668400524058 -0.092493977858663 -0.00652294464634732
-0.0730915714337362 -0.188415151299609 -0.0182639515694801 0.0417703380032748
-0.0362695439979972 -0.167866480047937 -0.0373515336193106 -0.324795308826791
0.0562238851580405 -0.17081571218446 0.180371852020931 0.0411146487809776
0.125396760900642 0.0601863304468435 -0.112751446150295 0.223683625481342
-0.0825352962559398 0.114753705416562 -0.326726979051983 -0.152494081842687
-0.171056666928506 -0.137339328329052 0.0741103762048791 -0.351348885177664
0.136987720326304 -0.199058164425998 0.127744504075092 -0.0491337043558187
0.336723977270812 0.00560202141831546 -0.124302777951662 -0.0123848769406332
0.364328563472889 0.125160059014274 -0.201155338909845 -0.0605250723169731
0.384318546788013 -0.0334280602372914 -0.227537074977028 0.0482543642316112
0.0880025388352529 -0.305331938829557 -0.14329754243749 0.275350821193525
-0.313560428306069 -0.0584146957249275 0.201198818020906 0.212252507333533
0.00108904615679971 0.312254699326621 0.156282876410243 -0.144654537265281
0.351454456523035 -0.0014236148581595 -0.153214111983353 -0.218243114933758
0.0797207326279521 -0.342704706147163 -0.195008183862659 0.0304348549247288
-0.124941881173826 -0.226393416331828 0.00541237728308104 0.165371429048321
-0.00918305036256369 -0.249204598834243 0.0201291118991832 -0.25496141954661
0.168289439483634 -0.25852404588134 0.181211367305799 0.0635296632904159
0.229791303600801 0.12527777578242 -0.0760058166243574 0.224928161495212
-0.173241711697094 0.163518703030385 -0.268475622706847 -0.120380031055097
-0.193140259387698 -0.264030623398838 0.0560273916773065 -0.307876206340602
0.272421319481916 -0.207525512350834 0.142415668553279 -0.0876251788621204
0.42070762273516 0.0766093163239293 -0.0101316590179467 -0.0150771109568468
0.411612264579318 0.132076725717307 -0.0470247885369883 0.00226378385209357
0.382190537435692 -0.121191587983806 -0.0919816558650327 0.0479573178510719
-0.0297505880115487 -0.315171912595894 -0.143014351361661 0.238039804378822
-0.284103772033371 0.0539380383357895 0.183543396695926 0.290198358499523
0.129455054451035 0.221333674894583 0.220272998822347 -0.121162921467482
0.296807179158478 -0.129866977018606 -0.183164586854347 -0.219394131264788
-0.007460377079579 -0.339875728910507 -0.243251747755727 0.110462867571901
-0.147283029790845 -0.197725881156047 0.0703389499719041 0.281965798146972
0.0435312588219999 -0.27816481417719 0.0530458566236974 -0.139069302288521
0.294342823874443 -0.227347389673233 0.126113708459727 0.108904536396193
0.225870399354029 0.257354441700635 -0.059211944408992 0.209712674197602
-0.302991333109575 0.123243387526379 -0.200608617360203 -0.0598696841629517
-0.121269200008334 -0.3686702268454 0.0151154446357866 -0.258123822092618
0.363761243907006 -0.133005032120616 0.190932280772459 -0.115136184482525
0.418159473094469 0.154852076727484 0.129601489284983 0.0338161034307963
0.396870126714789 0.127260049983528 0.114960812970209 0.0612695099809879
0.313620025686528 -0.15821410448865 0.0196103816333311 0.00182231086991845
-0.0754237499889463 -0.266903183874915 -0.178727835822814 0.201981814459664
-0.217397999079528 0.0292748312414559 0.181870344855076 0.380975719025201
0.0555231014768355 0.105946860375797 0.311862791628995 -0.0892826977851688
0.162601971457029 -0.0656197388417839 -0.142471532158512 -0.22567953324636
-0.0201558779723326 -0.213851230040505 -0.236710252681173 0.131412459365781
-0.11284326536372 -0.130690077984547 0.133855626954189 0.346982575171669
0.0867186295308227 -0.232364457038493 0.0409185936965275 -0.0255405661813096
0.296983505221059 -0.0950099700092363 0.0363308754881681 0.0965371662053023
0.0683747691094284 0.250345650196881 -0.0185777524099614 0.162216545715723
-0.264530262946381 -0.0426806073403948 -0.152748394768953 -0.0124460235400541
0.00487181816370261 -0.312102442575572 0.00812287613206585 -0.239354324657919
0.316265934020504 -0.0311140607046234 0.263518383628683 -0.0999183515945275
0.332897765846179 0.174260420278663 0.256737112888984 0.119823894013503
0.324947363663136 0.0982678853451733 0.260251109829887 0.111315510357107
0.228666667840115 -0.144139986700806 0.105854577120216 -0.05175659931282
-0.0655863417937291 -0.21279620692537 -0.201728244695595 0.128389640291185
-0.183680494285742 -0.00662442559184607 0.108967724521596 0.404108869392319
-0.0184589720048232 0.0680827402512172 0.34657736317502 -0.0246797368114682
0.0936507976208275 0.0250851415873908 -0.0681017406005253 -0.24036315044203
0.0282946584274999 -0.0948374798987806 -0.23646083993072 0.0878112919258371
-0.0481513759904814 -0.0667175628903395 0.160603989208957 0.362639380209021
0.0901631268787284 -0.132626002358998 0.00947063213324448 0.0431291826930421
0.189968677022565 -0.00450371752857694 -0.00364164547802124 0.0313410339019905
-0.018601263780671 0.11894875023098 0.0535198572823213 0.161532898696704
-0.107407420536676 -0.0946822208028629 -0.150567876392216 0.0240329352639057
0.0325572798270954 -0.154881242106423 0.0199812691142479 -0.236259740021909
0.17180694396316 0.00534095778387757 0.309891019732104 -0.070502884285008
0.197081325053 0.112190189631518 0.341591263835172 0.184130098299293
0.200531979256942 0.0525246991936994 0.365277597639117 0.142284295630586
0.141298143778755 -0.0945491117603703 0.17950194203273 -0.0894608442029497
-0.0370091192359771 -0.14476518490327 -0.211076348419541 0.0294842496947147
-0.127950069712515 -0.0237209981409208 -0.0184358007770506 0.392572882955992
-0.0390922911986143 0.0267221036971084 0.339333140738959 0.0751008235427467
0.0394083839753074 0.0398810360266791 0.0180286300798521 -0.236005847834088
0.0549913006645614 -0.0281821821231155 -0.243698253949888 0.0255367961237873
0.00632965444379881 -0.0264602331205201 0.149910352858971 0.355489662984969
-0.021260461368949 0.0046127373682872 -0.158431866104747 -0.355594905954696
-0.0462796445828313 -0.00591370433122586 0.218732037722535 0.014298780151973
-0.00134325962257023 -0.0181610396271123 -0.0541849300235694 0.214185294443613
0.0463635314787488 0.0304574845100529 -0.316320109983412 -0.0986756378218918
0.0500966553574217 0.0503997117206946 0.077558538878588 -0.359893112137222
-0.0221930432685786 0.0478532601163473 0.189546509163596 0.00623106408653135
-0.0550443066093835 0.0202093901277595 -0.201204526725394 0.0928996385248172
-0.0502957272752788 -0.00342550227140535 -0.424330562292338 -0.13413666071951
-0.0354154868510236 -0.00474806386591942 -0.427585790278302 -0.190561096898676
-0.0248022501866107 0.0209992778098804 -0.3479491295992 0.0899593687599539
0.0339506678167057 0.0340916230456802 -0.0101307088243682 0.246306557924647
0.0357544502449124 0.0138612918846035 0.173422136824235 -0.0387406690907436
-0.00862672904791682 -0.0340481152336374 -0.110449533719327 -0.187224627346137
-0.0725022547391631 -0.0031167341496698 -0.00926997206738515 0.0120723001187884
-0.0466322561515129 0.0320999002579663 -0.00179994231230192 -0.0721816379048049
-0.0316457670827781 -0.0274130213284783 -0.134278559114771 -0.35258189017193
-0.0190734642957873 -0.0380726676559417 0.203793659916185 0.0418187033643109
0.0405171115089053 0.0156819592911472 -0.0961837364915865 0.220958062212527
0.0223497417555942 0.0769970684365314 -0.314740285962924 -0.129816969803205
-0.0490740052326172 0.0253234732181874 0.103281226178709 -0.335661295852399
-0.0112204932061604 -0.0559750310007069 0.151145245775593 0.0260774576967372
0.0725427064835539 -0.026694953267404 -0.219282468465834 0.0696659712380041
0.119652337705487 0.0506706170980464 -0.414965110101251 -0.12870979954241
0.144857811919092 0.0600807273434385 -0.427368165242422 -0.120601497771482
0.114582766515701 -0.0310888164924081 -0.31792522884048 0.183784134195806
0.0205027391245576 -0.0844562507344147 0.0771001961928098 0.251673551255861
-0.0568606317675838 -0.0056599965241356 0.16102349028526 -0.0906541551831931
0.0167444376463816 0.0502427848143956 -0.13416136389377 -0.168605202780573
0.0327529505510467 -0.0644435708397142 -0.026041975376354 0.0149549821702444
-0.0466236231205296 -0.0941300036741193 -0.0101925019616702 -0.0407665135625118
-0.0416173422578483 -0.0833046711872528 -0.101872381187646 -0.352180123313803
0.0070961256006216 -0.083035540143302 0.186020093521116 0.0441938864485101
0.0710276012250438 0.0470638219023924 -0.117608840009539 0.232429413724828
-0.0262411815566228 0.0997550056008576 -0.337766779387662 -0.135157799934543
-0.126978169862016 -0.0398961496778878 0.0766816481105376 -0.345424539777649
0.0363963810064373 -0.147321253865768 0.126878952219005 -0.00888884856887727
0.213928272518064 -0.0375819712373788 -0.196216384509952 0.030333272080946
0.269970845151641 0.0920505858707141 -0.341737273204088 -0.102996420802397
0.302336764179332 0.0415585145357941 -0.36059080429219 -0.0172364192898893
0.169259439747449 -0.178858214927727 -0.228154490717046 0.277115975000524
-0.150117414865255 -0.167416459239318 0.182036270734971 0.225926679756933
-0.134992171411958 0.148671031927113 0.140330928228333 -0.133970701325726
0.179833800312954 0.108403318827265 -0.128477645227135 -0.173543385444132
0.107388763088616 -0.205050684652425 -0.0933476021968212 -0.000922659320138455
-0.0835175173317452 -0.188894107361588 -0.0146321375314995 0.0447639252103727
-0.0439603630072999 -0.168791160589237 -0.0520306245531333 -0.329550900103074
0.0511041154485006 -0.176421768922733 0.186575158424112 0.035222159954566
0.12958131387446 0.0561045250215304 -0.110367717773069 0.232754655248922
-0.0799260940858038 0.121335987504905 -0.342522751334325 -0.141343537133458
-0.179252037364941 -0.134136919564503 0.0608340925908242 -0.359852334016039
0.1337278455664 -0.206802764187725 0.126135008011215 -0.0552405695906526
0.345867735510989 -0.00584882789926188 -0.12714734734251 -0.00745988318833301
0.37620130342912 0.115243736070598 -0.20872995307239 -0.0545294591720157
0.392001490369234 -0.0491394099339298 -0.2295610547677 0.0569510738829294
0.0805243810840542 -0.313716163890956 -0.136130209382667 0.286109654958901
-0.322892342067932 -0.0495273620897758 0.214376609692617 0.209291512705772
0.0130081166835053 0.319470230984303 0.152062672009876 -0.150081405804702
0.360795804310396 -0.0149341422767125 -0.164790181349369 -0.213778388457977
0.0681950759264677 -0.351452070398068 -0.19619196887632 0.03977569558648
-0.136737343564043 -0.222786632145872 0.0141043031084556 0.1698211225194
-0.0187904742832515 -0.254407433882395 0.00934822872645022 -0.259950299641078
0.161640794218118 -0.269556952379377 0.187296532036907 0.0570936115890002
0.239024410239281 0.118377248815544 -0.0699075761542357 0.231897732533522
-0.169771661322633 0.171827838711453 -0.279293518795237 -0.113167429333104
-0.207762492250722 -0.262884628360638 0.0451672726126795 -0.316579602799119
0.272560462739793 -0.223057182389537 0.139426709609055 -0.0951696652050355
0.433238808875421 0.0667785876236279 -0.010633974736466 -0.0133656395709005
0.424370729455369 0.120660097034996 -0.0487682127110999 0.00317238549652934
0.385538870024091 -0.138945995971102 -0.0913859580198375 0.0521543771019964
-0.0415846988319003 -0.322196559373622 -0.134601943055167 0.248862331522236
-0.287524016067988 0.0680120011117932 0.199564736889763 0.292136492792046
0.141299265025461 0.221705807746632 0.220209244093197 -0.130743300848808
0.29831830037327 -0.145437463721751 -0.194598945793136 -0.214188462172349
-0.0237397698602786 -0.346302102473282 -0.24130947202942 0.124147849086957
-0.156210391684649 -0.196943039690738 0.0848068316409974 0.283462021589497
0.0334014750718997 -0.286926005778889 0.045963201487572 -0.143930514437929
0.288887627677715 -0.242255468205383 0.132828596925813 0.104629243915022
0.241786678423969 0.257232122585906 -0.0534546423572051 0.214452801223368
-0.305054348483007 0.135694867872864 -0.207368270473147 -0.0562970071481493
-0.136341176126984 -0.374078895146972 0.00736355891604277 -0.264712767824617
0.367647542856 -0.14816667086931 0.188781581190645 -0.125066796884533
0.432513023986379 0.142519760263298 0.133182002170269 0.0315765436077696
0.409937811172074 0.115067874004211 0.119645466338827 0.0586043691161579
0.314781219656698 -0.173232560625472 0.0225855019961272 0.00157015842721741
-0.0860887719176812 -0.268307714673642 -0.173907759280777 0.212503015860039
-0.223134288335726 0.0404467630527616 0.202213851014631 0.383565295164052
0.0605822804406603 0.106405700438928 0.317016532303483 -0.102745340123452
0.162477415661637 -0.0739281962028114 -0.154316741766876 -0.222533928741757
-0.0294630249588996 -0.216183441367033 -0.235359469738754 0.144653491097679
-0.119888366854404 -0.12817959449814 0.152431759272091 0.34845052867024
0.0801795493775403 -0.24280796030775 0.0395565732922139 -0.0270035841057006
0.298911898455132 -0.109753994191035 0.0406936301641388 0.0986653183705983
0.0781165389534606 0.252200161683978 -0.0127493271006583 0.164728874815893
-0.272614768840724 -0.0345658122731989 -0.156012372101073 -0.0090844135315468
-0.00617532197501361 -0.319572060599443 -0.00130808432776165 -0.244879695201909
0.322775456953219 -0.0411227248883399 0.265242169329301 -0.111574501260104
0.345204582555129 0.167470754853756 0.266855616577098 0.114704642171347
0.334331307747572 0.0896567623810453 0.27026224925286 0.104344059995477
0.230697374915234 -0.155594030226719 0.110155117325986 -0.0567133211566173
-0.0756636474991154 -0.214164092425253 -0.200154972730921 0.137659675337153
-0.189854803105957 0.00179198608529374 0.128963336989959 0.40600132514878
-0.0155169347424557 0.07188694641055 0.354789350851807 -0.0400603220262706
0.0967237259928818 0.022263892059316 -0.0775183442278103 -0.243617184903903
0.0247821517664138 -0.0975204886374534 -0.236240682890408 0.0994903969462645
-0.0511931058647946 -0.0646803963515719 0.18044364466975 0.362697200140805
0.0898354997247987 -0.139494816613825 0.0100510045998757 0.0430646892605267
0.194003412012674 -0.00991362170929752 -0.000818237614108629 0.0328159480824755
-0.0140795882209752 0.121202956950175 0.061221695849255 0.160934385541329
-0.113816869117469 -0.0944068865638917 -0.153706092661752 0.0281610119716564
0.028174986178859 -0.157851894333045 0.0135843407650561 -0.240720161895247
0.175581355378768 0.00010181581990266 0.314227625140537 -0.0832416700713195
0.206081143727 0.108531666994886 0.355913181553457 0.181312597588743
0.20381383156698 0.0465458676760805 0.379481215106426 0.130110143260507
0.142761017965594 -0.100994120821118 0.183085253090015 -0.0993433684503773
-0.0421534112667649 -0.145455192542092 -0.211315206227374 0.0383379495796848
-0.132522138517229 -0.0175242583535547 -0.00305001147892337 0.4002329284506
-0.0398994543800131 0.0308647556965008 0.350302183073428 0.0634546883504584
0.0425193500462479 0.0377995251086007 0.00874817381027785 -0.242298472883897
0.0537104873482912 -0.0327432454489629 -0.24827693046758 0.0365868071215033
0.00629246684329658 -0.0272031059691855 0.167745608014903 0.357700142122267
-0.0203726627520749 0.00349581457499162 -0.179178856175641 -0.351555457874422
-0.0464565889761237 -0.00356000832108658 0.223082024585121 0.0043937363141923
-0.00294603208646146 -0.0199637754054567 -0.0448689829094426 0.22036333106066
0.047717715177232 0.025975903355898 -0.325264345755071 -0.0849856715402105
0.0529555436981134 0.0475759633030503 0.0630408568117577 -0.367120863687144
-0.0200020671153463 0.0499322711926999 0.188758211340071 -0.000269611597457337
-0.0543278594523557 0.0232331295583695 -0.201253392409189 0.102397879027699
-0.0501522089893612 -0.000853736735253824 -0.434109352221898 -0.116358009073843
-0.0368146813303808 -0.00421180444412102 -0.438306516291165 -0.1740292532892
-0.0233487617886374 0.022302364056155 -0.348705862574033 0.105103784729853
0.0348831341881342 0.0317059273992383 -0.00110407056690606 0.249915227381553
0.0350232490693551 0.0122040361622573 0.173052378891148 -0.0417235761234949
-0.0109158137220876 -0.0345936799827531 -0.12013413114932 -0.182595222770624
-0.0736694173226056 0.00103798769021828 -0.00796481985633392 0.0138934354188336
-0.0458402485302937 0.0331859071922722 -0.00386140365794921 -0.0721805436375762
-0.0334536288363763 -0.0270553342137689 -0.153108433062766 -0.348407419892372
-0.0205423320022234 -0.0355208691523026 0.208509286640796 0.0342940496012182
0.0404992452042962 0.0159099119579015 -0.0891818150511625 0.225714334976989
0.0256867599307956 0.0763300237857457 -0.323698104220573 -0.116091066635098
-0.0471358818140002 0.0259685376266262 0.0907286164043514 -0.342179370836442
-0.0139859241129307 -0.0558385275582218 0.152053237275935 0.0206995918849571
0.0736522485392297 -0.0297496496199314 -0.219077144004427 0.0800333334231305
0.121939529756774 0.0442438553475157 -0.426009092618673 -0.11275962301647
0.145704029445837 0.0540809202470656 -0.438700477403517 -0.10525454472645
0.113604700717361 -0.0348340145473062 -0.314038861464217 0.195749370546773
0.0159994532897227 -0.0884390428275663 0.0877249308881549 0.251013437610778
-0.057163813990582 -0.00319564540277082 0.157935438445224 -0.0956032482434744
0.0169614494703783 0.0484492900383144 -0.141386387478459 -0.162221125151185
0.0295602233413632 -0.0660360384888914 -0.0245759615633283 0.0179424746918835
-0.0514843657977358 -0.091356342822451 -0.00880315652084336 -0.0403263656104419
-0.0445024724094873 -0.0821844558744277 -0.121493470980158 -0.348831376559745
0.00199165714012861 -0.0844205112940238 0.190356528906631 0.0370638265641254
0.0729253745188075 0.0443563780956904 -0.109615067331552 0.240818914189722
-0.0220822148866962 0.102350396227445 -0.347733440496204 -0.120182402792701
-0.129286667873341 -0.0365534721115014 0.0627701587718342 -0.350071189185837
0.0320171634541143 -0.149469163787324 0.12437328229843 -0.0122686658413667
0.213606282231651 -0.0483970847013663 -0.198213284391353 0.0383219987410482
0.275240696671207 0.0814714861884845 -0.34931047197335 -0.0885458894220097
0.3075239853867 0.0277300960358211 -0.364875849460313 -0.000489514816048144
0.163843388604 -0.186232256797476 -0.215871783785256 0.289249906617903
-0.159659215293274 -0.162405354564182 0.193746421204851 0.218598348377696
-0.12908577627939 0.156122731017304 0.135601100035927 -0.138279854822898
0.187231823256996 0.100993744826935 -0.137794002385687 -0.167071135487837
0.0975620608850616 -0.212533782073369 -0.0940947736715389 0.00584648463645635
-0.0926281909273872 -0.186884232289151 -0.0119543691126897 0.0466083650842193
-0.0519429238260265 -0.168781140409402 -0.0690602024942715 -0.33029348173745
0.0421414304324965 -0.179288741455002 0.188653102994765 0.027532771384382
0.132864061150535 0.0527580403219174 -0.10016975958737 0.24053418555617
-0.0760077030862891 0.124893255774076 -0.351989576124421 -0.127904396291625
-0.18671440511722 -0.128088132386914 0.0447031065003182 -0.364606521527163
0.129129655042469 -0.214708076659108 0.121565764049789 -0.0598051754888975
0.34736239249958 -0.0196677674547681 -0.130693106214996 -0.00165101950007571
0.383816138485913 0.101066934701212 -0.213026985334955 -0.0458162760299322
0.392978003616526 -0.0659520779503777 -0.229593728187423 0.0661445063233875
0.0684692947156276 -0.31749881715 -0.122409554060026 0.293868476264667
-0.330992210749783 -0.0339642176358132 0.225099533544148 0.200014245150201
0.0278650678303244 0.32311591241925 0.147847039810446 -0.155020603760039
0.361519785087695 -0.0317695483114574 -0.174606419626511 -0.207470946707009
0.0518319174380924 -0.35708355400393 -0.195253147581965 0.0517864357857784
-0.148308567608216 -0.220100249443107 0.0235574251242095 0.170584451532053
-0.030378330885775 -0.256424072213234 -0.00532352584408237 -0.264132899312066
0.149290855877698 -0.281947724089894 0.190421189244159 0.0485229017728028
0.246650599990675 0.109936206132541 -0.0619371631453923 0.235748912475993
-0.165185970182896 0.181977890361019 -0.28870878090539 -0.10237564759708
-0.220130723761622 -0.257573813516467 0.0304593918570729 -0.32239314813897
0.268645629475926 -0.236186360292822 0.135080266681082 -0.101562792564377
0.438258248303274 0.0484281926616831 -0.0140472261519334 -0.0121219354138557
0.432976390039538 0.106504996296162 -0.0488392723221553 0.00545960725919645
0.382774945344183 -0.156556277364093 -0.0882982733762322 0.0571565035706064
-0.0552267888724334 -0.320401113741709 -0.124928177032024 0.256193883199846
-0.289259212140738 0.080191957075187 0.216195815979712 0.284404014701357
0.151829755822109 0.218883986701351 0.217717695932593 -0.140024497573937
0.293193012114216 -0.159827779834499 -0.206164715919434 -0.2081304358294
-0.0399141455286605 -0.349546519576575 -0.238666750613606 0.138035910016983
-0.167207411783595 -0.188512901250018 0.100474297434253 0.283589121900525
0.0187058527466305 -0.292153515546809 0.0387493645805884 -0.148921530728433
0.281029953273197 -0.259245079402528 0.13758665035275 0.0997617069720389
0.254551772981063 0.246602120336379 -0.0457746523317043 0.216436619040791
-0.304344725945472 0.149453522154431 -0.212709336216939 -0.047537846217412
-0.15304771859239 -0.373245422063656 -0.00493766169490887 -0.266996626936062
0.367989098332769 -0.164671973236156 0.184074493376072 -0.133573168636349
0.44360524550855 0.127037902126708 0.136046681584629 0.0282919504815186
0.418971238346687 0.100541796931068 0.122956246213546 0.0542192210431436
0.310115010695051 -0.18895848274354 0.0243704943987039 0.00104580416266974
-0.0989914733544453 -0.266056998080843 -0.163727223468589 0.221913583631867
-0.22405621382383 0.0507448467733483 0.222826723446651 0.375768662168936
0.0658099524512181 0.106622219049063 0.315301296852988 -0.118289032951009
0.160566041817102 -0.0809573304144767 -0.165089701122212 -0.216749766779867
-0.0410074394638846 -0.216869946889535 -0.230058984022376 0.157304792650522
-0.126735266540247 -0.122963406259286 0.171891108072576 0.343918684533803
0.0703695875408737 -0.250574616197068 0.0368657407124589 -0.0294390271921442
0.296463658892561 -0.124902560948747 0.046258887812372 0.095520979803432
0.0897845390387512 0.250381886523789 -0.00614836482227883 0.164595151821637
-0.279497151638756 -0.0238831917011466 -0.157935713923627 -0.00278490125962085
-0.0188687385607165 -0.322104326638549 -0.0108141129091744 -0.246607777534423
0.325874171310177 -0.0547317449189993 0.261327821663747 -0.122779058742323
0.357308646719502 0.155576891565962 0.272795192019676 0.106012624211788
0.341473725462506 0.0765853475544434 0.275854948754357 0.0933336915553427
0.224543632707139 -0.166111363411532 0.111583707152852 -0.0620251907102426
-0.0872789270204157 -0.211479621846782 -0.192482169996029 0.148554238145046
-0.192271271087037 0.0124162096219162 0.149959411745993 0.405103319323276
-0.0136940504275439 0.0729957313754354 0.357184036704328 -0.0572353550826668
0.0987329019083905 0.0178449316107036 -0.0900754035659315 -0.240483972891559
0.0206358946892639 -0.100192748387563 -0.234611212996058 0.110667681486411
-0.0544478390907331 -0.0635517065643714 0.200384987776141 0.357934255381518
0.0827168216561598 -0.147450143081655 0.0107930440203622 0.0445073540850214
0.193320053349239 -0.0217690766750706 -0.000302812570724963 0.0319631149991341
-0.0105698605284267 0.122961762810019 0.0688866083954738 0.157470401365832
-0.120046449749268 -0.0906158867004069 -0.153202310168579 0.0334211668293534
0.0213116145064694 -0.161201982547251 0.00291899621807192 -0.243658188950205
0.178115768746323 -0.00643819762001007 0.312856967023843 -0.0968643374770555
0.212256494011091 0.101380687626161 0.365162049058366 0.168083921876739
0.209669505522753 0.0384343815430252 0.387447179974641 0.117128841921815
0.138670116451473 -0.106176267844033 0.182592915159618 -0.110635843507407
-0.0514680498564367 -0.141990189491845 -0.208655137838336 0.0490324748099994
-0.135184573732617 -0.00795373286883757 0.0189375484366541 0.400281785492403
-0.0378013554621359 0.0326847570710235 0.357743657719002 0.0462676555610633
0.0445394445617228 0.0366645031450011 -0.000407939756408805 -0.244055886087852
0.0523929434440572 -0.0349969517520025 -0.246914133343834 0.0487099607557081
0.00600840099547459 -0.0275684106249621 0.188312138160679 0.353078677412285
-0.0247577023714948 0.000433904420397157 -0.214893847531389 -0.322149281957987
-0.0439920590042041 0.00174068558417488 0.221157146553766 -0.020770752263599
-0.00590760023287952 -0.0163644600754753 -0.0203236825946504 0.220805066095258
0.0475691282757231 0.0198708336069652 -0.329451878732237 -0.0472037436196227
0.059197942716732 0.0370834074709744 0.0203979136248703 -0.3671817733831
-0.0135577644115742 0.0515856755848256 0.184625352840806 -0.0188135397768963
-0.051451081466565 0.0289608763393005 -0.191961966590642 0.124845261890493
-0.0509015175547071 0.00489595615887087 -0.445677854556603 -0.0683587007548775
-0.0368224654282926 0.000738818348094843 -0.456238473389266 -0.126778447540736
-0.0180684719753096 0.0258826963028687 -0.336597448138199 0.139337557082396
0.0380712270041887 0.0254229651391141 0.0238761862096572 0.250314844957903
0.0351980013405783 0.00724293966446024 0.169597572680007 -0.0572940592751296
-0.0143514489887842 -0.0312606160885275 -0.137876053204733 -0.167047252965741
-0.0729301873047122 0.00829414892906028 -0.00462818231013856 0.0157013984338791
-0.0426981855847252 0.0385707030966786 -0.00972680973606642 -0.0702287252461844
-0.0395585895039875 -0.0304274797578558 -0.189108415637506 -0.3239974052302
-0.0217335742531564 -0.0329980259328217 0.209397668072764 0.0103963095475
0.0392208281194737 0.0137194816321956 -0.0637735999771161 0.232529789674188
0.0304570414210282 0.0720615453135862 -0.332160223128473 -0.0784739120971327
-0.0433978998120679 0.0275690603297678 0.0492321349584495 -0.346290241112426
-0.0200900451462324 -0.0561126912280758 0.149224273471242 0.00641600371178179
0.0710594539092669 -0.0390792106527441 -0.21246984554918 0.102059703209077
0.127266106816549 0.0309971991769943 -0.437405076795955 -0.0645196634561978
0.152486817708967 0.0387109074981355 -0.447642101332568 -0.0593330710248622
0.114189186944955 -0.0454394291347409 -0.293816322262076 0.226819219497152
0.00711627757679217 -0.0929674726585 0.111442896101707 0.241141404624155
-0.0584907212588936 0.00177314581484847 0.146580396664684 -0.1098369561111
0.0225101004428685 0.0487235624988169 -0.157815399859631 -0.145657218191533
0.0225789155017929 -0.0710010269012498 -0.0221179925678797 0.0215007680109605
-0.0609437749178153 -0.0867474955422007 -0.011575788488341 -0.0380197705614096
-0.056296710608093 -0.082775794648449 -0.157650888747781 -0.327288791045906
-0.00562120819009873 -0.0818881776986974 0.192616365299104 0.0153398593169909
0.0757469009382883 0.0387934752967239 -0.0807671683906551 0.248285112298851
-0.0133240975091959 0.103767227072817 -0.355889726062694 -0.0805069832417526
-0.134036805830972 -0.0227758763307445 0.0232718897102677 -0.351352462598852
0.0175866245623498 -0.152590126728984 0.118665863145548 -0.0235288251143004
0.208751538532417 -0.0709030717400592 -0.194855179917689 0.0592058751630151
0.285582215943586 0.052583060520765 -0.358936648946831 -0.0488372022065045
0.309911408652865 -0.00507802335899473 -0.364079488566914 0.035296383185164
0.147436466393823 -0.202501342750742 -0.185781058291698 0.307990416875153
-0.176130268758678 -0.149616580064021 0.216365177940031 0.199525287211092
-0.11421103162153 0.170924502528124 0.121313770088489 -0.14948327525854
0.197072933771495 0.0806135938561378 -0.154856149363324 -0.149379359845511
0.0736336139980086 -0.222241792523104 -0.0921918776685561 0.0173926701478891
-0.11124898028698 -0.17569458039233 -0.00551199049211473 0.0468887865579851
-0.0714546755265378 -0.169092292117583 -0.10468991455566 -0.315316024505057
0.0253211868577456 -0.182506048149956 0.187966095679703 0.00486555047551074
0.136227607394411 0.0410419974396807 -0.0745099413937592 0.246802984492583
-0.0665003607970823 0.132274905393005 -0.361753955295813 -0.0858675787946649
-0.202604137646213 -0.107376486940632 0.00198749808943579 -0.363895201596897
0.108123002078597 -0.228822565115785 0.110555709333774 -0.0698197622756294
0.345918339795093 -0.0587096809773906 -0.132318092684104 0.0123539219428775
0.396480832010063 0.0592508014601615 -0.219482677971876 -0.0230386142335583
0.385868655824746 -0.109091609746256 -0.222956842118974 0.0891055646511199
0.0354897372277114 -0.324787539610556 -0.0917884840567256 0.30533143413798
-0.333585723471929 -0.0027922501265639 0.245955749164034 0.178050688275016
0.0616651322492032 0.321696676185432 0.131920698239048 -0.17055454205275
0.359681437899084 -0.0697119779127595 -0.196580626354538 -0.186127394166177
0.0109907129557311 -0.363436110654637 -0.18745008095722 0.0753638828606046
-0.170690406452132 -0.204330486332953 0.0435461118394312 0.16762910602994
-0.0595687343658946 -0.258243738836221 -0.0346966867430374 -0.257832189824914
0.119607488643776 -0.294808534924065 0.19260879581338 0.0268883674021035
0.257329888000098 0.084874177513476 -0.0379212242536026 0.238545829032826
-0.148425895078791 0.200330693517248 -0.295175886438521 -0.0701271673816209
-0.248278882786394 -0.234008394298638 -0.00449499283268099 -0.320039656862485
0.243432045090748 -0.265711077868664 0.118407590269084 -0.11262891223577
0.443989762012194 0.00074892398907016 -0.0176893958366494 -0.0102190445226938
0.444881359753248 0.0589551537590177 -0.0491168315697618 0.0103668650937954
0.365321046439611 -0.19905549700869 -0.0806087355821314 0.0650837801580013
-0.0883955628871332 -0.313998208915347 -0.0970074012190003 0.269317440089591
-0.281506306008824 0.108438047969733 0.247016915910676 0.260666507381592
0.174531243391425 0.202762159941858 0.204427576272595 -0.162367226807125
0.276882543701232 -0.189648546326011 -0.227325604899031 -0.183798711778945
-0.0788748335207047 -0.343990268714462 -0.220050143684719 0.164793290284715
-0.186730269715247 -0.171497025439368 0.129429295218185 0.270318316020524
-0.010856006439017 -0.299224675950501 0.0202559265338262 -0.149950011561099
0.254216380048755 -0.288305962790407 0.148425852417089 0.0836283962675519
0.276938387801932 0.220614033972698 -0.022450580833414 0.21701743626977
-0.290706826484711 0.18242547143766 -0.214951002849121 -0.0248526715441541
-0.195166399074272 -0.355368015946553 -0.0356913866726966 -0.261806215259538
0.352390012797589 -0.203164997451944 0.165232618379237 -0.14886243165574
0.456633319406017 0.0816478971410021 0.135972086429605 0.0133939493436106
0.430160626830197 0.0520329709937365 0.129301691175227 0.0406121684934058
0.289623992014817 -0.222774665025438 0.0245064519009371 -0.00336681484814887
-0.12498792285149 -0.254416665230894 -0.138338452331664 0.239155041902071
-0.219185982665554 0.0732979201597402 0.265893739387888 0.350264102358866
0.0752505090495127 0.099771083862879 0.303681795980532 -0.154125286530238
0.15191879141336 -0.097760014949235 -0.186659593017777 -0.198263650251047
-0.0637811518731216 -0.211991176975798 -0.210506647106998 0.181992465130121
-0.138079142254124 -0.109404189663351 0.20715094216225 0.323898929627855
0.0439081472712781 -0.258377985482907 0.0321008044176641 -0.0329180006934285
0.283248380579852 -0.15604751667739 0.0575361634024452 0.0886991637623852
0.1148505425508 0.241314061903648 0.0103683617948372 0.161104877252022
-0.28315455895701 0.00583512643619505 -0.156815994009452 0.0129979427405874
-0.0552343797658885 -0.320364691675609 -0.0366938776621495 -0.241052602368271
0.319693865115853 -0.0884127881759797 0.242877449950711 -0.147387125373873
0.375181287577348 0.118198009925734 0.281427457655739 0.0768424159746447
0.349375437456915 0.0392075704825767 0.285567502854828 0.0628265373926173
0.207359170287502 -0.190184062981579 0.107493937263899 -0.0764128460365978
-0.108216698796563 -0.200296957382735 -0.175037464072039 0.167794316747347
-0.189933209685894 0.0313373589745212 0.195676005679577 0.385858138676686
-0.00684156066968205 0.0747343349565493 0.352184272293805 -0.0966413833875638
0.10066258207 0.00794086180025091 -0.114772862889236 -0.230623904305992
0.0098193786852566 -0.102633229858256 -0.221467653699017 0.137060123571176
-0.0581831676578541 -0.0590464801038027 0.236935732983963 0.334764423651834
0.0669486472118779 -0.15638809940924 0.0155948098185498 0.0425825639416326
0.192170314263928 -0.0419909966523317 0.00367662893617443 0.0303320340047675
0.00226719195057756 0.125994363752659 0.0850025600323818 0.146389078798587
-0.132893161997236 -0.0773329641146724 -0.147439258756438 0.0490726376518051
0.00441197015117555 -0.164294526222533 -0.0240176138301367 -0.239745043806678
0.176477093927921 -0.0237408652536891 0.297000322595636 -0.126305141107047
0.221909051982925 0.0789310649300393 0.380474050609666 0.128591097242315
0.213706458991632 0.0166628361712314 0.401388453024549 0.0731349957506476
0.126661985602034 -0.121561523885565 0.171892404111965 -0.134473582655546
-0.0652184750869962 -0.133816386958761 -0.200516277077615 0.0722049359758363
-0.13345614412152 0.00625964692742359 0.0630842015024104 0.396811050403199
-0.0333740500415006 0.0340944248753201 0.364445631466639 0.00717069553073413
0.0495532301970892 0.0326872003879068 -0.0272107251679345 -0.243578143529667
0.0490061556146219 -0.0413357167906754 -0.240569490931866 0.075108474227358
0.0044389403600639 -0.0303844038425896 0.222033715861382 0.331696002862583
-0.0244236166184145 0.0005973146692533 -0.227134072794246 -0.308648981320411
-0.0441542500273662 0.00349225168571921 0.219665178442701 -0.0296226605742287
-0.00609854773338632 -0.0155021686053271 -0.0118068719750209 0.220252250614167
0.048772349738024 0.0181675411275119 -0.327969659742719 -0.0327570577636701
0.0588800664611181 0.0335388240794466 0.00553378832968625 -0.362516585944648
-0.0101299256503214 0.0518985849984953 0.17970391345294 -0.0239595834118794
-0.0487351732624492 0.0315960013413481 -0.188536280836326 0.131202204669307
-0.0503245761609196 0.00733482107730488 -0.443377707303809 -0.0497800022334527
-0.0374329885063101 0.00154265743725256 -0.457430343674709 -0.107988916611605
-0.0163260313204303 0.0267351209690705 -0.329790482942738 0.149675287433194
0.0382799512035643 0.0222249158325324 0.0308450226017039 0.246881867149967
0.0351233283044048 0.00537470182332922 0.166921479423488 -0.0602804195878383
-0.0155855414840712 -0.0298192423830929 -0.142758443718807 -0.159884793253043
-0.0720630639426665 0.0121199036440891 -0.00490266168159489 0.0165593946863628
-0.0408683087916994 0.0393706149776954 -0.0117489599315524 -0.0686039090912907
-0.0402942789782292 -0.0278190650803438 -0.201941996298799 -0.311628234533726
-0.0238571119976644 -0.0305520126597628 0.209969417267475 0.00118569805186704
0.0414051671950329 0.0124845917829286 -0.0542488756303841 0.23344260562333
0.0332194371543325 0.0709095549131542 -0.332242932608645 -0.0624843474033507
-0.0425339957240323 0.0291766260464824 0.0346560058121882 -0.343593791249962
-0.0204633772174103 -0.0547815846229783 0.146933602580079 0.00271875029713562
0.0684127875145002 -0.039339812557333 -0.209203406083919 0.109966315079021
0.12674112324207 0.0258023180636415 -0.435857248630227 -0.0453708402967219
0.150889125635215 0.0319933388115465 -0.447247676323919 -0.040516317815645
0.112177533738474 -0.0491130796525998 -0.283187565041375 0.23425279999133
0.00226385746917033 -0.0929876247533597 0.117182484114918 0.235607681188902
-0.0594007862477914 0.00309676214833643 0.14210860502778 -0.109216759086023
0.02423798565749 0.0466463785880385 -0.161221512549831 -0.135103618498602
0.0190744691157042 -0.0696716988100388 -0.0204883640197312 0.0227202624539703
-0.0644827434417597 -0.0833451631260591 -0.0118230944907412 -0.0374414147015294
-0.0591651943153297 -0.0812316314999283 -0.171742814390278 -0.317312416782441
-0.00826667184283568 -0.081353732354123 0.191371233854634 0.0064601569213234
0.0768789058005667 0.0361102768047374 -0.0720749734216648 0.250176054605589
-0.00998071154261875 0.10355836015762 -0.357649251157261 -0.0616614420053242
-0.132915003661873 -0.0179578698713694 0.00704047158733941 -0.347026628739383
0.0123488000797593 -0.152909112800069 0.114449212131999 -0.0261007405239044
0.205238094064305 -0.0781729087039556 -0.193446409918052 0.0674624407313464
0.286520802197137 0.0387670289568186 -0.357423605091464 -0.0327265661048959
0.306315969944093 -0.0160403211835472 -0.359920575988602 0.0511300835473182
0.140548117819059 -0.205830590017726 -0.172234101614383 0.311520948863378
-0.183027363776675 -0.140071248094731 0.219855577549177 0.188460057568769
-0.105881641670782 0.173754968112213 0.113863889500879 -0.149629742898992
0.19886138843029 0.0717460881764332 -0.157864486576078 -0.14006872167468
0.062931167803203 -0.222959546776535 -0.0892793142744935 0.0212767416964087
-0.119165181951518 -0.170112195457138 -0.00182579096857349 0.0483798546571491
-0.0777882849802263 -0.164755928242107 -0.118755494050936 -0.30710653122141
0.0159989778454179 -0.182193624866139 0.187720699704266 -0.00342829591102373
0.136582153299664 0.0358739438588543 -0.0636986925366161 0.247468507259628
-0.0617961507521661 0.134515658419168 -0.363093742518575 -0.0696521270401713
-0.204217104016399 -0.0984516781228338 -0.0149841152544609 -0.359661224292968
0.0978182373400236 -0.231862291532724 0.104492492498933 -0.0724724885755306
0.341292458512759 -0.0705397322864423 -0.132036370102503 0.0178634545876007
0.394952310245917 0.0426244294744439 -0.219609399886824 -0.0117900737018422
0.378202518735295 -0.121966592091961 -0.216471486148558 0.0975672720397642
0.0258141199907259 -0.322300232451924 -0.0788294618737576 0.305912942715135
-0.333166695305776 0.0109278855156369 0.251383536509558 0.165424268288134
0.0734938574526068 0.316974538729179 0.124096883416263 -0.170631516248095
0.353574068395482 -0.0869077213876259 -0.200916490231101 -0.1732687976501
-0.00540998444779681 -0.360163943544794 -0.181005670947458 0.0829591500155917
-0.178055573880371 -0.194991946000926 0.0521783614412171 0.164151697801466
-0.0706542551862274 -0.25372476625886 -0.0476827883778417 -0.254252378024452
0.10673647590565 -0.298347855998237 0.193385608778505 0.0190842299971917
0.257643816153207 0.076018294413603 -0.0287823800632162 0.238174580662394
-0.141120398039035 0.204695922144834 -0.298224011540122 -0.0562688310926096
-0.255985093656633 -0.222377234671302 -0.0196638162084777 -0.316111535674005
0.233486604377933 -0.274370648865805 0.111998566734561 -0.116202592591749
0.441517106034801 -0.0149521567347651 -0.0177389090023912 -0.00937969392787795
0.443870718180944 0.0415598485672391 -0.0472504493271612 0.014949345683453
0.353671915601264 -0.21090888711782 -0.0776676057388635 0.0676309238987933
-0.0976270003494509 -0.306063189136806 -0.084532928165649 0.269706392891674
-0.275654312348195 0.119976772696861 0.255669033260867 0.248615296703158
0.181747478424886 0.194896108602449 0.196851364779518 -0.16920167428539
0.265640788490656 -0.202243271154529 -0.232595503369872 -0.170760836281106
-0.0937477242088372 -0.3381898591814 -0.2092950877962 0.172731182603875
-0.191640192787962 -0.161701944871782 0.142142907072304 0.263207218666725
-0.0239494749541583 -0.296683871270517 0.0116958975765731 -0.14868730401066
0.239659501629477 -0.296898672876223 0.151392488069152 0.0763854381162867
0.285377958046338 0.207724457942399 -0.0147981815387284 0.21548383625555
-0.282768326010727 0.19178541627296 -0.213963647604842 -0.0168224462929831
-0.206833079170701 -0.346744153169966 -0.0443275597324005 -0.257090908512361
0.342324826286849 -0.216921434360177 0.155850258946539 -0.154726791375264
0.458162815701433 0.0637733190974697 0.135656167188689 0.00832192303675452
0.427261002792734 0.0365268296619248 0.128696643765984 0.0363099974603655
0.278777605696766 -0.230463835991998 0.0268181825577461 -0.00439433858908383
-0.134258532953523 -0.245846522277632 -0.125255901136213 0.24132926168684
-0.213199934173683 0.0825639658587707 0.278665156270645 0.334821571314031
0.0781760295750458 0.096297580548361 0.294977431314699 -0.165545196052471
0.146421521795285 -0.103847722024798 -0.193565442413761 -0.18769736193998
-0.0736605941213268 -0.206870913013617 -0.200300984976392 0.191453256317637
-0.140455827510858 -0.102256608224215 0.221091266790682 0.313640349091715
0.0313902798334611 -0.25911370609214 0.0286531003621781 -0.0331921004297959
0.272684918757399 -0.168292077567362 0.0606764940507023 0.0845059837893114
0.122730448709497 0.234772161269251 0.0177251353659587 0.157523111946776
-0.28322369305586 0.0170554429469154 -0.153244967014664 0.0180562755240216
-0.0680453282875915 -0.316216751457514 -0.0456580628672166 -0.237691855942625
0.316053654913362 -0.0985933031368704 0.23540825538935 -0.154973049605887
0.378538845032457 0.104449029055799 0.281854148934087 0.0656671731286519
0.348450314285763 0.0267758202201311 0.286308563254832 0.0524472843991572
0.19855087686311 -0.195790810203228 0.105268005639139 -0.0822897950353459
-0.114874696233741 -0.192855905234816 -0.163389213606483 0.173829986184438
-0.186397345713511 0.0421272330194534 0.210293950684092 0.371791631454455
-0.00370905192338803 0.075429053920126 0.346554528592709 -0.111345405317348
0.101114616007765 0.00307471905232976 -0.123057378856495 -0.223119473790269
0.00561921348596646 -0.10183068147896 -0.212916969654411 0.145632396768865
-0.0600009768058428 -0.0558832150850904 0.249580874161652 0.32141124105919
0.0588428753252303 -0.158755692917108 0.0155303128550713 0.0426281469949985
0.187326084343199 -0.0521084102423338 0.00610318418510108 0.0287528782918051
0.00542243204146046 0.124622329212419 0.0913938144920424 0.139882695801639
-0.135867112395137 -0.0709156247609722 -0.143065743647438 0.0540061401984336
-0.00310509185006809 -0.162413564468394 -0.0342696383019035 -0.237878054863545
0.176253335440112 -0.0297274872806606 0.28872034734244 -0.136307788338146
0.223747712722721 0.0694820340113751 0.382135882203804 0.114720172298917
0.210549577879388 0.00880393656135952 0.399984110812988 0.0572437716823241
0.12111264618059 -0.125254498875895 0.16659635920973 -0.140445708551828
-0.0697534055230529 -0.12897010494158 -0.192241994960675 0.0772284027112258
-0.13102589827377 0.0135935988761135 0.0784178058200409 0.388844251354378
-0.0323857255046387 0.035668362847321 0.360412626452008 -0.00927960398531308
0.0509215149270039 0.0291228738950612 -0.0371494185070201 -0.240565027614537
0.0465752907991336 -0.043471748298648 -0.234169043466466 0.0852635823970886
0.00341237448744621 -0.0302858194594046 0.236333563580183 0.316545497740562
-0.0234259325062532 0.00116116466530994 -0.23772642963861 -0.293709180954646
-0.0425370545486416 0.00618154054202317 0.21592516635798 -0.0394872297934192
-0.0067267292089691 -0.0161408681933892 -0.00338306262134616 0.217245491076927
0.0493272888538456 0.015769688084743 -0.325565893882686 -0.0169954819402823
0.058497255848476 0.0297882876847918 -0.00792840654437246 -0.357454781683472
-0.00769406952367818 0.0515253192174591 0.175212688433313 -0.028495663009355
-0.0463564925556029 0.0327010687680736 -0.182454421026962 0.138482001769509
-0.0487578459849749 0.00941920651596266 -0.437353040461078 -0.0317953642373159
-0.0371187826990156 0.00255431658116407 -0.454535045870965 -0.0904925352099099
-0.0141167708605599 0.0260067051534012 -0.32107800511239 0.158354111854158
0.0388254836951974 0.0193390705211646 0.0391774288364797 0.243174513870599
0.0339064456755077 0.00268320107238988 0.163793768181583 -0.062860402519659
-0.0166041540374245 -0.0283496651010431 -0.146630713832373 -0.149547218770886
-0.0696454427255774 0.0152343404159106 -0.00426148654147511 0.0170625725656974
-0.0391244046719656 0.0411860724013954 -0.0133034148062597 -0.0675771489700165
-0.0401217155403353 -0.0262639581533985 -0.212986885514384 -0.296598680193235
-0.0239635900707058 -0.0286084553093913 0.207793487264237 -0.00846534919716346
0.0410958131191323 0.0112543073709866 -0.0464853341956103 0.2322710367733
0.0353919900673372 0.0682218788392349 -0.329948742715225 -0.0464591572394094
-0.0402108886175709 0.0281843743503164 0.0212789820167643 -0.337558060089853
-0.0214231761632486 -0.0540629398427049 0.143170331762949 -0.00108951901910314
0.0666921058257479 -0.0416679547692512 -0.203360667258271 0.117285607610645
0.125893509451898 0.0203595825489099 -0.430520935739772 -0.0243264933145814
0.149082929542033 0.0260902718657296 -0.440235491115417 -0.0229693439577087
0.110704406870398 -0.051672767126396 -0.270499832019539 0.240623150806211
-0.00148857948260783 -0.092104882697852 0.12302574120564 0.227966626427889
-0.0589682717537888 0.0042624072979967 0.138658408686519 -0.111481443083469
0.0245782912150754 0.0449453833293745 -0.162395607995387 -0.125124667549214
0.0164236531715942 -0.069368939193332 -0.0193383615764086 0.0234903504375124
-0.0678906489699928 -0.0783324298986252 -0.0119537650540865 -0.0360718494939574
-0.061599627294644 -0.0784488734905461 -0.183772950447489 -0.303206986002906
-0.0111092259487633 -0.0793708671381124 0.189990504626765 -0.00192264292470534
0.0773917475929907 0.0324887773038919 -0.0610003637043329 0.24947265630888
-0.00603622667275175 0.102358838884605 -0.353142795297306 -0.0456147267334828
-0.132650898917646 -0.0134011308120875 -0.00718552043145076 -0.340900404852776
0.00620321924148133 -0.152637266457144 0.109915616888527 -0.028740701455455
0.198959247559069 -0.0848921088065228 -0.190592301299487 0.0731520394133914
0.282313602459564 0.0274491887266795 -0.354810766548372 -0.0158110865549267
0.301299680318899 -0.0263510986033066 -0.353349124950003 0.0630227208621023
0.1333699632984 -0.207172042958032 -0.160074689939653 0.311874182914891
-0.184777333071188 -0.132409245563766 0.222495567750747 0.176918958712699
-0.0981373207164297 0.174522204593178 0.106359066087443 -0.149741180881527
0.197990743958025 0.0615982659571375 -0.160547482362888 -0.128856074663185
0.0524993334664298 -0.223008553545377 -0.0863922690788681 0.0253442109193443
-0.12480821774735 -0.16319953047739 0.0018641713423203 0.0471620050219952
-0.0837512644355334 -0.160397847489616 -0.132243742939358 -0.296328092901469
0.00858845713765821 -0.179260542932758 0.185299730336855 -0.0110245101686446
0.136658378844206 0.030698625010166 -0.0549383238050244 0.246934348671758
-0.0550431023060573 0.134448459895754 -0.360244678827588 -0.0523825485848304
-0.204894180734934 -0.0890084691783958 -0.0296086619653563 -0.350020009259028
0.0894093235323802 -0.233799661552503 0.0984915090265732 -0.0744677597897199
0.334966430651217 -0.0819791761361715 -0.130181206248276 0.0223013765649047
0.391279076697318 0.0275807747182077 -0.217063044891674 -0.00179042645273264
0.366922808583202 -0.133340036162488 -0.208616832915904 0.103737516472841
0.0145631125615729 -0.318784646545913 -0.0653214803529766 0.302612464785464
-0.328751764657735 0.0226771491679677 0.252922185823472 0.153966312277631
0.0865675478278304 0.30906705838742 0.115377831172208 -0.170720154483032
0.345086286152145 -0.100467435630894 -0.204461596102927 -0.160792560213411
-0.0208158449454334 -0.35511285756411 -0.173813246295033 0.090412765065272
-0.183044051197393 -0.184173716450709 0.0603930937685173 0.160270240359
-0.0809330864125734 -0.247250829629186 -0.0602436719638562 -0.246569208637291
0.0921523229025188 -0.298768225660102 0.191243697047143 0.00832466175462024
0.257361937021406 0.064560636672632 -0.0205020771471881 0.235933799946354
-0.131040219871201 0.208180382925073 -0.295754920514735 -0.0412567900157002
-0.260111285789418 -0.209939028711628 -0.0335488268772728 -0.308875566521427
0.221746182327994 -0.28070890676211 0.104772685399351 -0.117790507708221
0.434952722128322 -0.0302128565972732 -0.0192175511012067 -0.00885618535383049
0.438185614730859 0.024379895100302 -0.0462737076016624 0.0165683301887773
0.340912379639718 -0.221255378873487 -0.0717966875935211 0.0698291108353335
-0.107334287309581 -0.299916365796945 -0.0707393572164295 0.269101135874625
-0.267709289043808 0.128057585625386 0.263007080607351 0.234131622790415
0.186877006299521 0.185783391524428 0.187377627515095 -0.173429086202787
0.252509843478299 -0.211363291939156 -0.235075899929472 -0.157829719915323
-0.106882069443857 -0.328362754942089 -0.198410239073599 0.180426680767772
-0.195451507318639 -0.150634352402004 0.153352432696279 0.252551353828016
-0.0372004140094629 -0.291673729910546 0.00327818203415477 -0.144993573071918
0.222373632074644 -0.304861630476595 0.150925125830638 0.0675262983629548
0.289499951383748 0.193137415615325 -0.00788916934542937 0.212928983013984
-0.273099872764051 0.201152641964493 -0.211532719671392 -0.00704506479594132
-0.217885855984023 -0.33489180242284 -0.0536618478435757 -0.249567201090265
0.330995909642092 -0.226709330006594 0.147116074983602 -0.158631448047509
0.453586811506172 0.0456282286573736 0.132954267706364 0.0041241103303117
0.42285572795766 0.020387253474263 0.129134943964005 0.0319737452341076
0.26594022946189 -0.238572871776942 0.0275069311566319 -0.00573754670218861
-0.140505138904958 -0.237213561974956 -0.111357905606384 0.243061128368507
-0.208101953843792 0.0904130364973209 0.288425486749418 0.316352451220265
0.0817661151962295 0.0929952497875822 0.28497414361363 -0.175406467877288
0.139598597361013 -0.108948053288551 -0.198605111896257 -0.176037408330038
-0.0811512789476151 -0.200327612383103 -0.187326753879285 0.197485598182635
-0.142854274177475 -0.0946358389447831 0.233633091162003 0.298132634460214
0.0199372158294874 -0.257825616504167 0.0268447096405359 -0.0330242738333196
0.260369429302065 -0.177983069808636 0.0636668350075161 0.0791297051529149
0.131003516498389 0.227370312229184 0.0225898883620815 0.152981235149043
-0.280194727634671 0.0290250582159521 -0.149379344202204 0.0234930325717136
-0.077961356982889 -0.308432722569207 -0.0544228634702603 -0.230831477610204
0.309970504222929 -0.10916253465033 0.225457863273857 -0.161006133668083
0.376000117691848 0.088940096890181 0.280695960101747 0.0545681071991951
0.343354983364537 0.0136985827548545 0.284153443539888 0.0401263418737795
0.189415592099624 -0.19941781541801 0.101752726003426 -0.0855223752445537
-0.120043168586418 -0.18562562921223 -0.152518696913229 0.175706208996242
-0.182135037783139 0.0509573291737067 0.22124895056491 0.355619382125877
0.00025062098568391 0.0740633377074806 0.337726051384026 -0.12483531415174
0.100161984992357 -0.00127736872792494 -0.131146831954012 -0.215017653641146
0.000475608205071389 -0.099522353792344 -0.203251776395762 0.154647874924584
-0.0608554431425396 -0.0516389221836614 0.262901779807151 0.306029673784198
0.0511668060873733 -0.159237877999258 0.0162353193271561 0.043193088336648
0.181089476684467 -0.0591220296119111 0.00729312167201293 0.0266054742031536
0.0115053049358349 0.122101609622246 0.0937639959108678 0.13282025184308
-0.138734062932173 -0.062762208006759 -0.137850045347637 0.0581294561837877
-0.00903344258019426 -0.16028013145959 -0.0413323067132225 -0.232485550484394
0.172838777548091 -0.0360787168448514 0.280925227509001 -0.145354489823932
0.224482717676306 0.0601339409238488 0.381270984637206 0.0985604153267566
0.207385677361018 0.00141471016818841 0.394132258218571 0.0413697314072269
0.115202604961606 -0.128029919465224 0.160288770980843 -0.146815745821015
-0.0731502241296107 -0.124208059245314 -0.18423492683415 0.0828509400861549
-0.126849608060405 0.0219657078500648 0.0921826110754708 0.375305535074063
-0.0286642438968753 0.0367480606073702 0.355968080476853 -0.0247804219638541
0.0514012720671344 0.0264454509874711 -0.0455685704380944 -0.235022433858279
0.0445646052975011 -0.0432880633310564 -0.227110190951271 0.0957364062247379
0.00426419423122696 -0.0302442537472994 0.246611206948437 0.301072230517928
-0.0227783787124766 0.00146864682131536 -0.24194224973261 -0.276444954017345
-0.0407233545101403 0.00769346741863244 0.210174928951723 -0.0470212568404765
-0.00708137241404552 -0.0143706574483136 0.00275441982542576 0.211884951514016
0.048714737393333 0.0137568548022522 -0.31683008036671 -0.00608854963263331
0.057484230320167 0.0252101451229612 -0.020135107727539 -0.344698732004886
-0.00491300606383432 0.0500202658428288 0.167923033181362 -0.0321297802553562
-0.0436522093713087 0.0348114306489112 -0.176471782649364 0.14200559861716
-0.0472431842745512 0.0099223091789187 -0.42550806794098 -0.0169345156073062
-0.0377422102645687 0.00347346518708394 -0.442346196759551 -0.0762555665006905
-0.0135288183002143 0.0263012788131309 -0.308708642893962 0.162536133584971
0.0379895389625241 0.0171821300294273 0.04389931499904 0.237027613337561
0.0325925884119394 0.00237756628367992 0.158550166706392 -0.0644209266486629
-0.0181014388581317 -0.0268566825017012 -0.14657154738886 -0.14083177764232
-0.0673492434396906 0.0176933539578926 -0.00445443121083735 0.0170168118857449
-0.037008248146489 0.0418867442011173 -0.0135349874071232 -0.0652648661291126
-0.0395721407460037 -0.025014823016612 -0.217248679304943 -0.280403052776225
-0.0246347118359103 -0.0267449399452013 0.203016340974292 -0.0166654645753686
0.0404549073802293 0.00879036399259317 -0.0375021024556137 0.228270900813618
0.0366425296397826 0.0648612842562254 -0.321612609003643 -0.0352344365243371
-0.0399232690012253 0.0275509956213036 0.00984594221567351 -0.327023217022261
-0.0225106751164522 -0.0531822448533074 0.137469258792409 -0.00369164028199134
0.0640638419024105 -0.0418190527899064 -0.19649299581028 0.121875149624623
0.123947894450935 0.0157044842408382 -0.418563329347163 -0.00890003975279706
0.146094548037772 0.0215043369490026 -0.429939151064416 -0.00955193499715268
0.107312651762998 -0.0538844992558733 -0.258961668850867 0.241702889782639
-0.00305487363511205 -0.090474745907543 0.123663665163637 0.219149636735455
-0.0576141410139183 0.00504537878148429 0.131896000156878 -0.110723490826465
0.0244380139482166 0.0431098516289041 -0.161309885442767 -0.116448289508939
0.0133461857608871 -0.0681948110941729 -0.017333891889989 0.0239185149805926
-0.0695823200834249 -0.0747324571848614 -0.0113344301633078 -0.0342273274518661
-0.0628080949902113 -0.0739132782691386 -0.190169381493706 -0.288947688763661
-0.0135929914941328 -0.0761555553366673 0.185357265929616 -0.00802276504704725
0.0759530057677541 0.0301369662950485 -0.0524170850901121 0.245463908693083
-0.00333956033510942 0.099497580040949 -0.345517253692605 -0.0308998828531162
-0.13001882275297 -0.00846788582821332 -0.0178757078493805 -0.329342308242939
0.0033308187937382 -0.150166765278553 0.104154486974445 -0.0297115284461138
0.191528234491172 -0.088341702110514 -0.184960504424409 0.0772943520497579
0.276728047431104 0.0181761094527718 -0.344693915967011 -0.00260065908808147
0.293472769680459 -0.0333402224188823 -0.341457271185989 0.072735555242456
0.125179293522459 -0.206185468110242 -0.14606526936587 0.307942465019258
-0.185106098845204 -0.122403087359611 0.220723555253927 0.166063739066665
-0.0907079196137004 0.171951629636504 0.0999249448988866 -0.146873271739426
0.194834241297365 0.0537830735741712 -0.159842581827512 -0.119302024824668
0.0433029789102385 -0.218588451785381 -0.0823484738339712 0.0273234372732931
-0.128059117289184 -0.153715054012681 0.00526067074202591 0.0460940278323455
-0.087080000192069 -0.152493683365027 -0.140644400703267 -0.283239651379288
0.00154045014509754 -0.175391737091938 0.180203689151706 -0.0184547976183867
0.134677430189033 0.0258651351493477 -0.0458569739055904 0.2439065809563
-0.0494553158935876 0.133262983285728 -0.352036056663181 -0.0378925924869144
-0.202678878952068 -0.0805106857001475 -0.040497518718629 -0.338597590804709
0.0800486295156736 -0.231733831653449 0.0916402005608458 -0.0747612228674808
0.323977275814245 -0.0904852561990572 -0.128089382985363 0.0261066801924933
0.381863480476594 0.0152844324299436 -0.21085649268883 0.00701667943919054
0.353815226705679 -0.139174406907769 -0.19952790416676 0.10655088784391
0.00738894474337428 -0.311462942796596 -0.0535640514953907 0.294523232219826
-0.320403117863085 0.0334535686237238 0.250052211553745 0.14062805468996
0.0947310534460553 0.300104672339258 0.10732540769357 -0.167712764334826
0.332091335120851 -0.110526693703276 -0.20336518622144 -0.147690130269197
-0.0319391834973853 -0.345964625064344 -0.164403286616218 0.095031813701418
-0.184268634693962 -0.172360505869004 0.0657991576466 0.153009155252768
-0.087713102244597 -0.238358344119071 -0.0682488489971936 -0.237251871624442
0.0792297177152158 -0.294163034451808 0.185902678104787 0.00161071383054303
0.254087987951034 0.0541069227850025 -0.0139000627039306 0.231085914870903
-0.122921791830499 0.207632377633443 -0.289168348501319 -0.0316720330088684
-0.260931043361336 -0.196732296287273 -0.042210608167486 -0.297695817786804
0.207789695693334 -0.281012168201715 0.0965980262943612 -0.118032747750907
0.423837660111648 -0.0431661655163798 -0.0196970898918866 -0.00757657152776787
0.427339843500652 0.00984138225877911 -0.0447097677679625 0.0184532916511394
0.325961769715257 -0.223784164352473 -0.0680506010909324 0.069565817251234
-0.111523268563246 -0.28706756234307 -0.0600128634181501 0.263190317598857
-0.257404790274838 0.133912305375509 0.264607616392237 0.217350689187863
0.18907646714062 0.175482623505529 0.177957045592736 -0.173778602743507
0.238154946891074 -0.215023147633271 -0.233351604802989 -0.144613591096374
-0.116274051883894 -0.315237467573802 -0.184179045052286 0.182886019900189
-0.195214137311572 -0.13764837593669 0.159542501814995 0.240303492743697
-0.0474076477982533 -0.282153652669543 -0.00220579970172226 -0.141044175777762
0.205316275297763 -0.303442956857908 0.149563848789911 0.0585913721040942
0.288752317579074 0.178708385860323 -0.00168767147538582 0.207098401275237
-0.259983555839531 0.205208911678333 -0.205558331091379 -0.00187212914233042
-0.223185959460357 -0.319907077131895 -0.0610180253791421 -0.240747645294055
0.318432114673857 -0.23110647604629 0.137837447962859 -0.159072715189822
0.446461820968871 0.0329470920527067 0.129419435716949 -0.000491759292904185
0.412818812684978 0.00897693800795689 0.125910448188292 0.0275560716844124
0.252893402094418 -0.238906999975731 0.0283312822128281 -0.00742631274358416
-0.143690165846504 -0.226182294846966 -0.0993200195508953 0.23864685072607
-0.200361392601932 0.0964348086261816 0.290974205954127 0.296721000503785
0.082599025802055 0.0881610726806401 0.272566209574518 -0.17986970793239
0.132282827483141 -0.111625513697526 -0.198285916950734 -0.164822431100497
-0.086616528712566 -0.191649277046699 -0.175078635242392 0.200338063797796
-0.141682704994874 -0.0863658718947594 0.240291558960197 0.281277317025573
0.00974597224873759 -0.252250839756874 0.0241314693287479 -0.0325156328143906
0.246757961216507 -0.18210988289189 0.0644892558219402 0.073353226568265
0.134326823710439 0.217671799599281 0.0270117033005288 0.147151817162776
-0.274528297746844 0.0376653144122127 -0.143682747840018 0.0268257208166697
-0.0850464620286272 -0.299186461895772 -0.059335223041266 -0.222407046417669
0.299603972306624 -0.115023275991327 0.213698610638135 -0.164250893367889
0.370075396888398 0.0743960026585314 0.273767852144968 0.0452442563343038
0.334524692319355 0.00432380828798959 0.278181812962576 0.0315428244325362
0.178286376135348 -0.200449183213193 0.0979900051394283 -0.088828502575195
-0.122607035396525 -0.176706197513814 -0.141409325278228 0.175198072773205
-0.174491503212597 0.0564326309509072 0.227224132915377 0.336293126451341
0.00246704390717099 0.0727417530687302 0.32358807667643 -0.131822448763678
0.0975806080201015 -0.00591332208586897 -0.133581526061599 -0.205006541013795
-0.0029126717150303 -0.0963563225131955 -0.191347754081219 0.15715305414674
-0.0602803050601545 -0.0481778466533854 0.266731421386103 0.287559610469235
0.0425964704707866 -0.158146472041441 0.0176534482205823 0.0405177642632538
0.174203157595397 -0.0633377426639658 0.00824317239951301 0.0235799212013767
0.0155830113483155 0.119510092156094 0.0968533335618521 0.124878228295381
-0.137994425993825 -0.0564327630014505 -0.13130315365017 0.0597754296549039
-0.014671857853375 -0.154802998052282 -0.0463747784930283 -0.222777953784672
0.168439133773013 -0.0381135812946945 0.268181247075683 -0.149719429786366
0.221256985278771 0.0530072179183838 0.375459179541121 0.084982405690714
0.203272151418867 -0.00343998419298419 0.385233606680249 0.0274548470788832
0.109684668970458 -0.127919165672847 0.15156011860672 -0.149271756878902
-0.0754947896203446 -0.116916940497103 -0.17357975527583 0.0847968887162814
-0.121532981782272 0.0260481329244162 0.10107551142505 0.360130590944797
-0.0270281154391552 0.0365840954662534 0.345027264591572 -0.0362276980268531
0.0512054626922584 0.0230732793708154 -0.0512287488887591 -0.226941177460089
0.0414064120037704 -0.0436564903783491 -0.217537848141029 0.100964170522633
0.00265778055356386 -0.0288861462097447 0.25248674620338 0.286202276664218
-0.0271800873676158 -0.000755400897079865 -0.237736568506488 -0.261277336540138
-0.0387078831445039 0.00776866688913109 0.202307819058664 -0.0504957289679851
-0.00713571135665477 -0.0116034087091512 0.00438450582161903 0.20576277185756
0.04475070049101 0.0139810978857617 -0.303934964644305 0.000547690994312241
0.0553944339713525 0.0202805751538882 -0.0239871110658693 -0.330631797319026
-0.00264102035313647 0.0488233004178127 0.159289163835882 -0.0305221581665941
-0.0414476693528003 0.0347041506973415 -0.17169495970986 0.1414146685922
-0.0464982130194265 0.0102950603958871 -0.414807433678371 -0.00860448818205821
-0.0372287733423067 0.00394131916469923 -0.431324716254517 -0.065420312065686
-0.0121809032679333 0.0244576218608086 -0.298972184545289 0.164354809277038
0.0350970021129538 0.01599514880734 0.0457769869748624 0.230457091676856
0.0313152582912662 0.00180926295926454 0.154192506078488 -0.0640527296503663
-0.0174754931699904 -0.0256811512370487 -0.145959218059174 -0.133840206491757
-0.0646367604246151 0.0179563215366796 -0.00381033806561037 0.0181270065728766
-0.0358817133578184 0.0401299643222246 -0.0128247431936604 -0.0643600970965823
-0.0447594756996801 -0.0261936729654262 -0.213585227348106 -0.264960225944517
-0.0218186745647818 -0.0267202150753632 0.195462304488204 -0.0205538429743507
0.0395308146067264 0.0113451623217303 -0.0340572182598569 0.221505797974634
0.0337202023863043 0.0635824482654571 -0.309570612754699 -0.0285615308987842
-0.0378781211233778 0.0255283789436401 0.00535517958904427 -0.313479995919745
-0.0212081666861933 -0.0522767709565815 0.131132189509854 -0.00364571261900256
0.0627690170130399 -0.0417651823946986 -0.191837566027895 0.122237507650021
0.120696161073944 0.0123832295874541 -0.406794595354197 -0.000163790310671775
0.14214561688032 0.0185967353958422 -0.418541385273486 -0.000913340380980771
0.104612008810243 -0.0544704873832936 -0.247811454196255 0.238067750705731
-0.00509787830120589 -0.0878331881292077 0.124519928239673 0.212178726242632
-0.0566124929077417 0.00526937474840094 0.127801446533774 -0.108031966431453
0.0229690603888286 0.040381940742635 -0.159975707505973 -0.108807237743616
0.0112781410581535 -0.0659841186460132 -0.0173228686957556 0.0241891723285155
-0.0691681629570756 -0.0718902975554798 -0.0103235402502282 -0.032849881135788
-0.0669328793525324 -0.0747918382589301 -0.187837726330374 -0.272502229072223
-0.0125140751456293 -0.0754092288469065 0.179044694530888 -0.0120196534930677
0.0744762512843808 0.030326900922543 -0.0479900312433394 0.238443730086418
-0.00523732267794715 0.0985463925819351 -0.331980175624317 -0.0240473392052353
-0.12701134146007 -0.00765395469646988 -0.0234187327235817 -0.313272504305376
0.00111462229753772 -0.148265756928748 0.0982519355202556 -0.0269770597543642
0.185402879379981 -0.0899650050923015 -0.179868701783843 0.0790012611034258
0.269405188837038 0.0114607569061338 -0.334058588119436 0.00642037036991398
0.284885021582321 -0.0373349490422713 -0.332015227658078 0.0748636705137645
0.119721543699209 -0.202770424986283 -0.138605343566454 0.300814324195132
-0.181219250918801 -0.117139738171426 0.215291606206366 0.157950959579539
-0.0853165554486044 0.168652299722185 0.0959270776310688 -0.142906923090394
0.188936159794009 0.0475288798500576 -0.156144470821693 -0.112417900228741
0.0378354501553305 -0.21380529835453 -0.080417458641938 0.0292306092980475
-0.126572518481092 -0.147967623610614 0.00626954376838746 0.0447458667240523
-0.0922235895942676 -0.151209568081782 -0.138935068487509 -0.268953110907129
-0.000379084673997043 -0.171742595235693 0.17334882683435 -0.0221541816579763
0.131184891119884 0.0263717420131117 -0.0411492262108553 0.236830792994886
-0.0502450104595617 0.132028593653123 -0.339992289550064 -0.0303388184003331
-0.198535341815787 -0.0764418796802223 -0.0463823695517355 -0.323745887092207
0.0753972508977297 -0.228520320706717 0.0853772229731785 -0.0717097737098622
0.31300961117364 -0.0948053438418037 -0.12556180604218 0.0275092904989595
0.373666475506581 0.00549122607537292 -0.204280203536243 0.0109655679469024
0.340920485666512 -0.141342500232806 -0.192547660753228 0.105029031416691
0.00260157760451539 -0.30236677527867 -0.0490040799632425 0.287219588273755
-0.311166380667601 0.0366922731828368 0.246156252045464 0.132457453716995
0.0956496744504522 0.28951507148616 0.102843685578624 -0.163393641298373
0.319922249232348 -0.114985576620003 -0.199729196871195 -0.140052231907154
-0.0390572206614514 -0.336695898733857 -0.159744009257665 0.096249905928666
-0.182659492737083 -0.164522002359365 0.0667433514599388 0.147866735823246
-0.0927907885018525 -0.235691421115605 -0.0693474570975098 -0.225843271696711
0.0721593713616283 -0.289178634356695 0.179029574573593 -0.00271047289715599
0.247421779323524 0.0520284534669554 -0.0103447012969326 0.223458015445012
-0.120449873201089 0.205465934406279 -0.279257290409182 -0.0256483217349981
-0.257683775858112 -0.188174405682039 -0.0462790762210437 -0.285733290916482
0.199756394781035 -0.277955113276996 0.0904169132553557 -0.113827033899066
0.412153989684087 -0.051664365576144 -0.021154260194495 -0.0055244831526273
0.416913604218136 0.00151329440732877 -0.0426807291481086 0.0184752380510168
0.313365912211631 -0.224797524348962 -0.0643769449533178 0.0676989811907203
-0.112609187246833 -0.277082440901507 -0.0536518041399726 0.258057672188598
-0.248526534932069 0.135081770689418 0.262949325314367 0.207851171440132
0.186716535313487 0.167198379194485 0.171213343439516 -0.172978798291242
0.227848958896865 -0.214485724005076 -0.230302198553765 -0.135726988913775
-0.120913280676545 -0.305116912972977 -0.178174859413208 0.18299681384522
-0.192392348347072 -0.130466365171981 0.160245385739416 0.231935045438974
-0.0530581193934009 -0.277285352187144 -0.00491466562674171 -0.13521125472446
0.195148762685286 -0.300389526215673 0.145416951543477 0.0544903515258658
0.284323936468643 0.173047333691347 0.00209449029702348 0.19878822570141
-0.254991922781223 0.205547920977465 -0.19667390818203 0.00099565433623035
-0.223077687568751 -0.309105453688843 -0.061897068085172 -0.230582469671505
0.307689812952932 -0.230415628035737 0.130056588355804 -0.153544742071601
0.435295369738996 0.0221415974827415 0.123697276967961 -0.00123575502824945
0.403017607574911 0.000132849498337279 0.125426812011219 0.0236895088153718
0.240597657298611 -0.238695946506849 0.0274914153441244 -0.0101764052457533
-0.143127476513417 -0.217414959478159 -0.0923488465555368 0.23453601727893
-0.192046334911545 0.0987371400159351 0.290873609323077 0.281753964194461
0.0830126590926312 0.0838825364356499 0.262828197625446 -0.182961837060134
0.125996764356884 -0.112138686314911 -0.196938883215617 -0.156181827344472
-0.0891735067456637 -0.185353200597014 -0.167813000948648 0.199606289266258
-0.138869128173188 -0.0798307352401912 0.236121684338103 0.270323616205587
0.00364297213961166 -0.248986702912508 0.0234491027906772 -0.0313459997999976
0.238419342963089 -0.182742403618914 0.0628820607960124 0.0681448557687217
0.133490372352445 0.212055537926715 0.0273361055922139 0.140062964599859
-0.2696265925207 0.0425776293292018 -0.136908925495846 0.0265870019364886
-0.0894214416029696 -0.289655447652064 -0.0595843084273958 -0.213103212552324
0.291658755500275 -0.116439593727603 0.203725304600304 -0.159780674491428
0.361824977919408 0.0691142855153673 0.265171647382006 0.0408753225327854
0.326928134844643 -0.00346385918130791 0.273335572283823 0.0237813816680027
0.169964041774775 -0.19808667847129 0.0928589569391808 -0.0916991620794479
-0.122297311150193 -0.169734124564757 -0.133227697098601 0.17321668880751
-0.166337421256367 0.0602317383835206 0.229882616956754 0.321928985973857
0.00535311051302779 0.0707461198029715 0.313996577775682 -0.137644010967356
0.095516014304736 -0.00863400435800823 -0.134601670040969 -0.197229022952821
-0.00481408334013976 -0.0954516033752509 -0.183719731211211 0.156634542036819
-0.0593093723928172 -0.0439205896502065 0.264393912020429 0.276113199007347
0.0399465433348449 -0.156189889767733 0.0180202976424776 0.0391289202900081
0.169541852721428 -0.0653680005478939 0.00806402946835434 0.0216099883834714
0.0174504160111622 0.117799424015904 0.0954435680628851 0.117481945913249
-0.137644639801944 -0.0506512505530237 -0.125184140511267 0.0593642295156315
-0.0175300100836012 -0.151069981460536 -0.0467907088562671 -0.213087511377228
0.16477874420321 -0.0396763547992615 0.256229508792237 -0.145772703011404
0.216678093026638 0.0494965939371449 0.363715110099768 0.0784480906570512
0.19914830309602 -0.00703420961082947 0.37817617825859 0.0187941407052862
0.103630534418289 -0.126613019948346 0.144339535403444 -0.151806752979519
-0.0757755398397918 -0.112288556940178 -0.165319513159649 0.0849598643871916
-0.116007077680927 0.0295598069237229 0.104932070894447 0.347224839891571
-0.0235720557994876 0.0356894168431632 0.335825051676519 -0.0452218358472848
0.0511205971035988 0.0200577753442889 -0.0551648051091327 -0.221400483882277
0.0382768667114863 -0.0449467504851628 -0.210428299041747 0.103093714871734
0.002594809512884 -0.0260795572456774 0.249059946641186 0.273678226976472
-0.0270337751635122 -0.00130213600569466 -0.232881661026621 -0.252152282213019
-0.0367539249626678 0.00728350410203222 0.197318319758823 -0.0513255461495426
-0.00721408998657758 -0.0105006613191574 0.00408180487364481 0.200863715324938
0.0441356776243843 0.0139534792455186 -0.296274697494792 0.000827337783805056
0.0546056330262745 0.0190470859347776 -0.0243657812754363 -0.320585950887848
-0.00215343909848443 0.0474394278949491 0.154540314705673 -0.0282434658208159
-0.0395147450602546 0.0339951724129634 -0.168435452885834 0.13995302621016
-0.0450384833189253 0.0103411053568425 -0.404111980460786 -0.00814323303198825
-0.0357451559372106 0.00351501671633237 -0.420535709314288 -0.0648296610070823
-0.0117797503202258 0.0238503165332092 -0.293533259202316 0.15944261035539
0.0335911586492044 0.0147392620885206 0.0434535928328458 0.225729767839762
0.0299735532395932 0.0018763704596831 0.15227016103818 -0.0617668430073445
-0.0176343412854578 -0.0248244449891967 -0.142779476488457 -0.130518061479676
-0.0631757008752227 0.0181278862338437 -0.00438449243158346 0.0179925833041319
-0.0349135004237156 0.0398449702367701 -0.0120328051840673 -0.0626594389602605
-0.0431573511237068 -0.0263750293019278 -0.211614582791493 -0.257099579726931
-0.0215946406156948 -0.0248829075003856 0.191297491433018 -0.0218479374166864
0.0380811356749591 0.0109533903917945 -0.0338291772587004 0.217393038516766
0.0329913421848118 0.0622124269112249 -0.301069311582125 -0.0267365892821423
-0.0385264633892331 0.0233087370456214 0.00435071907077483 -0.305190489516702
-0.0205787957679586 -0.0519137807947419 0.126204262247441 -0.00147605909303448
0.0617903223348382 -0.0410183549642957 -0.189327799816797 0.120872370559016
0.117876028409211 0.0124385295247857 -0.39620409796151 -0.000306166824648316
0.138938709742006 0.0187460830333794 -0.407483671552215 -0.00197994037234398
0.104383122433182 -0.0531085346772798 -0.243962447504534 0.231199089793805
-0.00540259598587375 -0.0862203392981982 0.120190901250723 0.208434656666579
-0.0567749061315035 0.00506868306142428 0.125724472778203 -0.103835224437754
0.0218680071910467 0.0393998665615222 -0.155393719366707 -0.105425270061492
0.0103892520016039 -0.0645462917538583 -0.0169374570450112 0.0238129191620371
-0.068252324105528 -0.0703437755610562 -0.00876382577001379 -0.0327088767066082
-0.0657032599304852 -0.0723610043791131 -0.185263028879451 -0.265769059366562
-0.0126869006034015 -0.0732213006952334 0.174449606575458 -0.0129549462449895
0.0730046979774407 0.0301432508832527 -0.0472896812024591 0.232875733468248
-0.00510888906615977 0.0967573314921686 -0.322839112192987 -0.0231186518443693
-0.124339635930484 -0.0088131599381256 -0.0225354737257034 -0.30445943762219
0.00129768865668324 -0.145490096879165 0.094879029017344 -0.0258975817470005
0.182271375198727 -0.0879058419727737 -0.177583606911121 0.0780462392424269
0.263932913280192 0.011387981197248 -0.32570100220426 0.00756858842456109
0.278623978883691 -0.0353396862614095 -0.324615785837431 0.0733794361650547
0.118809951370386 -0.198222935242714 -0.136286087754898 0.293960852765864
-0.177849520929158 -0.114025761532315 0.208265314150606 0.154380063591053
-0.0847726554855719 0.163432641525197 0.0934267646121478 -0.137513655802463
0.184318587162133 0.0464652133621947 -0.152026027833579 -0.108443217091887
0.0364436342104669 -0.209160716124113 -0.0769979774144567 0.0289291993545765
-0.12536096168468 -0.144177831596981 0.0080607561931162 0.0436547609906524
-0.0901549093350043 -0.146469696227293 -0.138393451258476 -0.261379276963915
-0.00139488646889074 -0.167153757109142 0.168722675054952 -0.0218937686760823
0.127443020289573 0.0258003245928009 -0.0399915441190372 0.231991426464587
-0.049657729155809 0.128705455977082 -0.330942474033763 -0.0284693668632941
-0.193219101966828 -0.0738680257482211 -0.0449980686543096 -0.314796714417889
0.0748512624130541 -0.223999467983185 0.0817032001791165 -0.0693774178729676
0.306876872513448 -0.0935889483640107 -0.123985709008518 0.0277403669519937
0.363172391788281 0.00598115307394963 -0.199575314864764 0.0122008463353621
0.333808847823674 -0.137468784152469 -0.18778032996435 0.102412614367918
0.00387891361885019 -0.295662043239813 -0.0470449985350243 0.280562587257606
-0.304804343728732 0.0365334423675113 0.238224278204931 0.128671311640894
0.0946618795680563 0.283168147935452 0.100394661496107 -0.15866857992624
0.312012041234701 -0.112688165488616 -0.19486074674658 -0.134444529598125
-0.0401580703304389 -0.32807620091663 -0.153393952594162 0.0946545739293967
-0.178747432349253 -0.159794841651313 0.0669298128563624 0.14478410159857
-0.0912641849604495 -0.229027321233541 -0.0693536151454987 -0.219769459576991
0.0683915227896872 -0.282002528830388 0.174868312803102 -0.00397459400129588
0.242678157370048 0.0504545165098053 -0.0103661327833676 0.218475729585028
-0.116583310171309 0.201360574830927 -0.271015679037274 -0.0251022388243012
-0.250820703859526 -0.184836914631034 -0.0450052705547656 -0.276870217648382
0.195928994245535 -0.27332531227587 0.0866254703653489 -0.111511594211831
0.4030778708503 -0.0493794433121824 -0.0208695735706834 -0.00535111912645566
0.408011354333099 0.00234313655995947 -0.0408209739290958 0.0190473426442016
0.307231383152937 -0.218777319015905 -0.0610640999030473 0.0646905359399749
-0.108321241945786 -0.27069458909144 -0.0521124086305866 0.250498819220898
-0.242937898361877 0.132158652087244 0.256554856332689 0.201619504224993
0.182556511206062 0.163867056800341 0.167532617943248 -0.168137409862747
0.219564848699762 -0.210554146233654 -0.224707081779479 -0.131571559702449
-0.118405799913113 -0.297035672960526 -0.170795518857579 0.179664183853462
-0.187764290855591 -0.125656188908496 0.158730676658655 0.225487467310622
-0.0533170137413449 -0.271256421959545 -0.00517252386918023 -0.13147191408737
0.18896071884006 -0.294049936759201 0.141039678236955 0.0509874982854399
0.27745258136735 0.167139317803058 0.0014128748575324 0.193569207145165
-0.249626425153686 0.201646670464722 -0.190963492422628 -0.00012407363741212
-0.217170261547034 -0.30320012434926 -0.0590917907164723 -0.224071342709155
0.302567048874857 -0.225546651249599 0.125729487980135 -0.150526650084792
0.425747954795325 0.0231018938047846 0.120631855786731 -0.000686171558655812
0.392567542717114 0.000982386273694599 0.122866046776363 0.0245060022473065
0.236419145987 -0.233481934031939 0.0286832799027037 -0.0108572318990122
-0.140488100731681 -0.212151763049593 -0.0872078964337984 0.228671035104304
-0.187496140427775 0.0972976446807366 0.28295746441856 0.273315784843892
0.0806385822651516 0.082753223907214 0.255813041977239 -0.179001216776089
0.121832691430044 -0.110197555352255 -0.191925514734733 -0.152145121846732
-0.0876533089000672 -0.178902046499711 -0.160795101899467 0.195408365960271
-0.135060617683589 -0.0773917578721 0.234619664008912 0.261740310715125
0.002779408103111 -0.24195567638787 0.022300611926203 -0.0315421994570134
0.231438838373633 -0.179471742324366 0.0613502179212273 0.0661815738528021
0.130809182148207 0.206259195107761 0.0268901300553369 0.135616972219863
-0.263762262268803 0.0411066611666943 -0.132256554560599 0.0241544056990131
-0.0868034886770366 -0.283807733062924 -0.0564623007271736 -0.208006170961229
0.288414668825284 -0.113176913738964 0.197425134782201 -0.15668762035468
0.353731255298978 0.0659316040295884 0.257565699193906 0.0391813261999006
0.319072326010927 -0.00145718706348692 0.267179410086966 0.0234206046789115
0.166653806208043 -0.194037066889039 0.0933314687280151 -0.0913313208609345
-0.119473896280554 -0.164377185918108 -0.126559132793794 0.16775956677601
-0.163831723674382 0.059279630637368 0.223410150815461 0.310494714372106
0.00506937316203948 0.0689487127412521 0.306373898649285 -0.135886993441386
0.0938076473479848 -0.00932906190114677 -0.131869018961159 -0.19256333755178
-0.0057404916245532 -0.0919235891407981 -0.177283097352768 0.155260250876969
-0.0570011895609934 -0.0425652369008551 0.260230766440803 0.267251556859552
0.0366177363966492 -0.152090965993925 0.017649567009902 0.0379423325438764
0.165181100787494 -0.0653984584481817 0.00731123032868642 0.0198804540708678
0.0172605336671958 0.115386683967426 0.0939107897457703 0.113215093292317
-0.134179208767452 -0.0487587538986976 -0.11975766975758 0.0569222241180352
-0.0164248714801954 -0.14596355380626 -0.0444090642118176 -0.207290287587313
0.162460667668713 -0.0370312056722217 0.247852401885084 -0.143059535458255
0.211502260298705 0.0475411338415638 0.355371657898457 0.0759683033832663
0.194800468421062 -0.00599462873988787 0.368045957985086 0.01747877869988
0.102055026746023 -0.12341024288584 0.139708275414299 -0.149451249054246
-0.0734282058149427 -0.109418632944285 -0.157780984887642 0.0826446317509667
-0.112382991397564 0.0286302188275502 0.103138749330275 0.336471715499729
-0.02207572823844 0.034291094678209 0.327169170130995 -0.0436058685474478
0.0499831163655248 0.0193698396594742 -0.0544516069628563 -0.216329452362328
0.0374753833027178 -0.0432452520772606 -0.204171831475365 0.10351568941293
0.00194654296173048 -0.0260169747679336 0.247303176321761 0.26510707673652
-0.026878975710769 -0.00196528126299198 -0.231108470651982 -0.250268050545792
-0.0361422163860847 0.00708423063345888 0.195908063618761 -0.0508963149098445
-0.00725615120249817 -0.009592643654649 0.0023972178761223 0.200611581415316
0.0444133755387561 0.0145260128593354 -0.293715283379329 -0.00155725703316132
0.0534571845160763 0.0186994243443783 -0.0205992280085718 -0.318276786192481
-0.00219213925499726 0.0457852480344118 0.152625275201772 -0.0259548201094908
-0.0389713877433579 0.0337560906644346 -0.170174235635715 0.139584459293363
-0.0446966036674657 0.00936261385004245 -0.398963303930248 -0.0129832421633602
-0.0354471633078163 0.00378292838262693 -0.416357027140908 -0.070567530387838
-0.0112124696385249 0.022317379434139 -0.293248823139647 0.156406572499759
0.0328815673670495 0.0145391083669056 0.0400683971172702 0.225595765401675
0.0295253558099563 0.00280759874382185 0.152446792064493 -0.0589866093711496
-0.0174705712703176 -0.0250228428867248 -0.14049341700121 -0.129983750821101
-0.0627515687679735 0.0178970062077927 -0.00384062522468772 0.0194265306536377
-0.0354776266769174 0.0394277583267737 -0.0105369587301684 -0.0630206512490109
-0.0425335842439368 -0.0270121035873486 -0.209209083417137 -0.255323653074294
-0.0206206101722933 -0.0243228947254334 0.1893837444223 -0.0219214277724301
0.0386097219506811 0.011365048542233 -0.0350425998255104 0.21680350542169
0.0325365720850282 0.0622407092111439 -0.298204778638729 -0.0286358700424459
-0.0388160820459102 0.0227271835014518 0.00916771553094146 -0.301044620518175
-0.0198572713389104 -0.0526366357228658 0.125180365393523 0.00149969358571549
0.062816279208947 -0.0400512457938082 -0.190914234843925 0.120586939727043
0.116180585109787 0.0130852876703743 -0.391579685088148 -0.00109021588647067
0.138279450891856 0.0199385791612931 -0.404846521475182 -0.00477252532328292
0.104481132079194 -0.0520921315884566 -0.245596120532976 0.22759020276232
-0.00445399266151285 -0.0865349857006126 0.115964391640735 0.208612919443785
-0.0572592075243779 0.00426956879517169 0.126764663860551 -0.101127067952554
0.020099346275574 0.039927808485623 -0.15264147119797 -0.10631971969697
0.010723985577658 -0.0639115729801773 -0.0164231751881106 0.024469618765431
-0.0685137260107039 -0.0707040272007232 -0.00702536149806945 -0.0329144614401755
-0.0646764212517416 -0.073182734913066 -0.183041976076123 -0.262572466912507
-0.0122174520452139 -0.0728623250230682 0.173731525042904 -0.0131176867433893
0.0731358420462956 0.0308120958287674 -0.0479865201670865 0.231685396606248
-0.00604046318564921 0.0962347211598158 -0.320075203453265 -0.0239270016621124
-0.124603979136565 -0.00959404325120869 -0.0201834281336831 -0.301490906153326
0.0022539141386052 -0.145513407569293 0.092463509893768 -0.0235428670885631
0.182158157247866 -0.0859549000802257 -0.179173596811702 0.0770884383017619
0.261209322222016 0.0123999903138937 -0.32092092737938 0.00720920004038096
0.278815906906327 -0.031676448251776 -0.321836242486117 0.0718624365651631
0.122885413968891 -0.195698980622696 -0.138258153255777 0.290928271004321
-0.176609308831969 -0.115519594921886 0.20422572089879 0.155697672314582
-0.0864176553697973 0.162381125580073 0.0948157067896242 -0.134318522258525
0.181878078148251 0.0474541418954297 -0.14928295157559 -0.10747384670546
0.0357388911385328 -0.207036841413941 -0.075755374212938 0.0285321360302122
-0.123953258310987 -0.14368399771714 0.00976484148858523 0.04336004634922
-0.0890389866967242 -0.146154649215552 -0.137327894280477 -0.260473868152834
0.00024180526202108 -0.166557766801201 0.167599683981035 -0.0220003415911521
0.127898720337312 0.0266215489529373 -0.0418925515236775 0.231354195499694
-0.0506169523850258 0.128202650868773 -0.326968258117538 -0.0288382833253197
-0.19331802439156 -0.0747602083345645 -0.04378015360969 -0.310862134376512
0.0758405666498814 -0.223764169758707 0.0801562205244319 -0.0677796460309659
0.306248571606798 -0.0896352014383953 -0.125303040425628 0.0274778533995568
0.361803172961068 0.00871489675157188 -0.197497920971968 0.0120483669498829
0.334287007973815 -0.134149433210257 -0.186741223226164 0.10079016500458
0.00769872977061883 -0.295069994028997 -0.0490371784764797 0.277082576510834
-0.305868218327349 0.0349326724976581 0.235204816337603 0.129767934029138
0.0917453001751073 0.282917564800179 0.10099557379126 -0.154889535599923
0.310647609852725 -0.111421473715844 -0.191063392282411 -0.13392372814354
-0.0392948253689774 -0.325358552369978 -0.151280270206559 0.093478739211838
-0.176979520273346 -0.159430153527703 0.0677034681441723 0.143414452137361
-0.0897222641224384 -0.228021390685452 -0.0685891190442099 -0.218401262058304
0.069263126010288 -0.280022233019276 0.173850766151875 -0.00435717003685701
0.240818133835476 0.0515193114301623 -0.0118250783737871 0.218096460286334
-0.119487266471415 0.200377950603385 -0.2692138110613 -0.0277014815570143
-0.250425251014073 -0.184833220066038 -0.042876792805121 -0.275777306292697
0.19711880664072 -0.271090784137761 0.0857746572440511 -0.109877968421691
0.401676001661187 -0.0465285432163779 -0.0221243594766448 -0.00543330169677221
0.405138536324546 0.00495519472228017 -0.0415368739747613 0.0197049348211742
0.307714583303414 -0.2154550244459 -0.060260939972716 0.0646902760378703
-0.106164245245859 -0.271358138098188 -0.0505238150380736 0.248860266452842
-0.243446161504522 0.130955674454589 0.253130065563105 0.201462860086238
0.180554108249365 0.163858515650214 0.16793665962147 -0.165420232993703
0.218666553951566 -0.207985505248074 -0.22149015136932 -0.132003804990506
-0.118603536817261 -0.294671492285306 -0.168809122173413 0.178002433039092
-0.186415379671758 -0.125026805817143 0.158488514848564 0.224330365954279
-0.0514538478834798 -0.270303320365473 -0.00535702459637247 -0.130357051672735
0.188415075517705 -0.291255223328641 0.139951763870387 0.0512517364572868
0.275193841347601 0.167925351924519 -0.000805124139107173 0.192693798037321
-0.250849366760088 0.199515778037383 -0.188072898693426 -0.00367779622818214
-0.215940881764928 -0.302736611152773 -0.0564654805066653 -0.221981441199357
0.303668766197645 -0.223232869594738 0.124716060669378 -0.149266198712332
0.423228680187278 0.0261339011087342 0.118802191578383 0.000340834917969536
0.391294081201855 0.00525955816860204 0.121621360520379 0.0249252163059639
0.237743351463227 -0.229404127069734 0.0298309849196072 -0.0101169464759821
-0.137602227345551 -0.210966319498442 -0.0870620674456518 0.225318565135706
-0.189101293403392 0.0955295847582221 0.279379424860022 0.27275749668739
0.0787254202678142 0.0825260689555273 0.25540698939338 -0.175557596521953
0.122343742740905 -0.109211377237708 -0.189440818467753 -0.150922335850605
-0.0856590190439361 -0.177281390449623 -0.159349638479285 0.194718279268743
-0.133750300914117 -0.0772682748853381 0.2342982007529 0.260791420105689
0.00267812111197795 -0.241009837435891 0.0221201520922519 -0.030910860086876
0.231114217893666 -0.177858916562071 0.0603126331449424 0.0645849769563927
0.129575936596513 0.206613291028885 0.0251362255623919 0.134292971646207
-0.263819048281052 0.0417218082689986 -0.129846452112871 0.0207338340665762
-0.0841987218760186 -0.282399869700393 -0.0544305572234481 -0.204546126589052
0.287705558306034 -0.109066481020827 0.196227537647925 -0.154607489183779
0.351672968360303 0.0689284570190172 0.255826711171122 0.0425134867211453
0.318517051712271 0.00153383063374344 0.265439084913452 0.0257061720286352
0.168277218478089 -0.192068834192444 0.0925677904749137 -0.0905088133226148
-0.117409149298091 -0.164406962347435 -0.124905423850014 0.165799840326983
-0.162071262200741 0.0593679334621473 0.218299103842932 0.310501532281688
0.00436882443225482 0.0684985317354656 0.30476604285952 -0.133620052246342
0.0921003003930913 -0.00919052597792002 -0.129857517992987 -0.191557035523771
-0.0056731674996953 -0.0907295847926488 -0.176656607529957 0.153987394746928
-0.0548389281673641 -0.0426629067143427 0.260136281660684 0.265964308303714
0.0370297697961883 -0.153186970585225 0.0174660036297661 0.0376534672280499
0.164069900791316 -0.0651897369864018 0.0060667534572391 0.018305005665783
0.0161157172322432 0.114943702547665 0.0917075683988911 0.11188486157823
-0.133843003141018 -0.0487808965374962 -0.1172760086098 0.0530803377061115
-0.016391095941294 -0.14544892387032 -0.0423282312342705 -0.204811593117513
0.163121949266012 -0.034722610113527 0.247485856465527 -0.139249597287334
0.210137140580396 0.0492392960652419 0.3508294695771 0.0800067501302256
0.194275132280089 -0.00342443593502643 0.362766485341954 0.0207609737955538
0.103131822587614 -0.124080188459852 0.141780504649037 -0.148470611004468
-0.0716483679806606 -0.107888101092429 -0.154819816391372 0.0782941563130065
-0.110891229099814 0.0288268790712572 0.0985427368890685 0.332646201944432
-0.0230123729061291 0.0341183615080933 0.325867604118493 -0.0423476191499413
0.0489478507526682 0.0176803086671901 -0.0524664745494256 -0.214340664750603
0.0360635433269859 -0.0429474979783074 -0.201521718433337 0.102735489904022
0.00356586729461335 -0.0260488544686265 0.247296454660308 0.264345841042536
-0.0276952432427369 -0.00283769784258693 -0.232384965538617 -0.251473030361315
-0.035513056755977 0.00710444743242925 0.197259165064191 -0.052196936850546
-0.00540611435558509 -0.00919085933168624 0.0019883170696906 0.203925181114081
0.046755924511459 0.0145501294481615 -0.296105522924039 -0.0014034801610435
0.0532027922754164 0.0181556314567622 -0.0187702841684388 -0.320672961910062
-0.00154462735165578 0.0462712518179483 0.153201655641113 -0.0242889594294406
-0.0377623271548997 0.0336197615741109 -0.174641418569185 0.141900669826481
-0.0444744983299231 0.0101994284507018 -0.402217757771058 -0.0145683404352164
-0.0366297308417226 0.00338780518980823 -0.420766765659668 -0.0733196550273767
-0.0109508378245492 0.022417740168686 -0.297841297528688 0.157125679889817
0.0321729873680761 0.0147102749060513 0.0389775232596894 0.228278693369719
0.0289879780868666 0.00363795029737996 0.155148239964332 -0.0576463004263631
-0.0172592753204921 -0.0235046948234418 -0.141251179603821 -0.131363397981631
-0.0630642970700927 0.0184972481064017 -0.00425456376051166 0.0204199645360801
-0.0361157084304428 0.0404598726469339 -0.00950352858108471 -0.064669485342835
-0.0431905858594798 -0.0276549518598071 -0.210124616295962 -0.256144422729162
-0.0208345554886732 -0.0257259980980385 0.191817235461124 -0.0222256367890564
0.0394144958167242 0.0119231731501631 -0.0359821594604308 0.21879530773127
0.0338276122086457 0.0633645022325545 -0.299905600818196 -0.0281167146518243
-0.0411856326001269 0.0226793873957563 0.00977228017560706 -0.302308947926208
-0.0199533313303959 -0.0544936175084464 0.125011314553314 0.00318776289619411
0.0641245279893009 -0.039558005835867 -0.195593210984831 0.1217675382788
0.117324567029904 0.0136852941608459 -0.392478656334122 -0.00312511382080468
0.139330291344413 0.0211039442078477 -0.407603420323885 -0.00671439975264691
0.107553920013539 -0.0531364401730204 -0.248756390656537 0.230001716294642
-0.00445341457386405 -0.087260136679281 0.113979217309861 0.2126272709113
-0.0572874634021167 0.00371866271043334 0.129094542204014 -0.100311811016752
0.0196889909165691 0.0407067513594111 -0.154030937840903 -0.107111544284696
0.0107958221772225 -0.0644498138331414 -0.0167847182032188 0.0262465525472609
-0.0698747883436156 -0.0705883814827903 -0.00529793727837768 -0.0336552304379721
-0.0648988593514532 -0.0739562935825223 -0.185329342000451 -0.264502267096351
-0.0108450004533639 -0.0725649834672274 0.175899614533764 -0.0130372895984639
0.0735929788926467 0.0323121003124609 -0.0494449517687213 0.23521957579815
-0.00530571756412819 0.097516670220973 -0.320580113036489 -0.024282517624817
-0.126606659424811 -0.00982601497898582 -0.0191705422084904 -0.301152315903101
0.00323201147405592 -0.147773377119557 0.0923153945021627 -0.0226502151466538
0.184765228624116 -0.0854096409224215 -0.181833662286001 0.0788106632292584
0.263164585108967 0.0133404541188084 -0.323313561576122 0.00589187499279458
0.28186933343778 -0.0306330305450861 -0.324376644732894 0.0704410999799719
0.127011429295362 -0.197973088531941 -0.141500355897938 0.291824638756129
-0.178574575311098 -0.118741477923615 0.204623598203253 0.158299921681871
-0.0881417976406935 0.164637174995165 0.0964676294154521 -0.133015792467544
0.182965591710823 0.0481110649296993 -0.150302629859864 -0.107476205015748
0.0359307006600362 -0.210765844048477 -0.0756692586428125 0.0298253001953525
-0.126157018712011 -0.144952043095779 0.0111920651412454 0.0432463436986546
-0.0898205444926388 -0.148663839858857 -0.138767294219505 -0.261364259468201
-0.00103096276849012 -0.16726931066131 0.169235211479935 -0.02222614430044
0.129027997464275 0.0281596370366575 -0.043654439425664 0.23279535022266
-0.0512650021034468 0.12893833444086 -0.328894781980558 -0.0309160256865204
-0.195360128848883 -0.0763298543921004 -0.0420274793095518 -0.311729561716256
0.0765853993589087 -0.225882333765495 0.0796753741279225 -0.0678552200606861
0.309276134162132 -0.0909131217019221 -0.128609215816153 0.0282254577729585
0.365483320412943 0.0105994154252251 -0.198471786804689 0.0127681825555111
0.338282271335532 -0.133625414087464 -0.189293836070519 0.101299975339875
0.0104694419389959 -0.29846923339999 -0.0489510119243006 0.279990598655441
-0.308398329545646 0.0333589102108782 0.235356154573339 0.132447966670367
0.0923273194898433 0.285982467942038 0.103957592714701 -0.153033324926224
0.312517710231271 -0.112654617102723 -0.192244242404093 -0.133435401534359
-0.0395808141979642 -0.328730836037668 -0.151232085934868 0.0953404049380057
-0.179329813127546 -0.16090607509293 0.070511774261015 0.144801772519802
-0.0915284498975575 -0.230182316909724 -0.0707814420699704 -0.219053008465007
0.0684983192281274 -0.282640769902647 0.174539543096959 -0.00441232283317922
0.244702983986588 0.0528040448063822 -0.0132733742117584 0.220100920581975
-0.121275248353681 0.201267470198727 -0.270189283571947 -0.0293600924252489
-0.252763921261752 -0.188688528784793 -0.0420156708888866 -0.276641162286814
0.199930338462472 -0.274865684635284 0.0848885860821473 -0.110495308213018
0.406635520603128 -0.0458014301491153 -0.02347488770391 -0.0042130639230326
0.408900157824258 0.00812909736342781 -0.0414799445175557 0.0201975919272828
0.310828295442334 -0.217284850739768 -0.0596642550201307 0.0646722541203679
-0.105360492457858 -0.275189600928466 -0.050756625012361 0.250469369782606
-0.248175287423695 0.132047864179352 0.254406733335409 0.204409795577161
0.182380741953072 0.166381043911442 0.170495681408782 -0.165134910401189
0.221786180376631 -0.210804731566351 -0.222961394788025 -0.132305837344535
-0.118901094869414 -0.296786571556486 -0.168627591696386 0.180824790968004
-0.187396091005854 -0.12679031961532 0.161981239843083 0.225692107858953
-0.0522851417508755 -0.273711708115747 -0.00601018840586061 -0.132012955215235
0.189679912486158 -0.293994453639303 0.14147364453574 0.0514044391633131
0.277213166383899 0.171375774517471 -0.00201208787047557 0.193430369985965
-0.255332831035444 0.201064150598264 -0.189270233444196 -0.00678347564720864
-0.217131552067133 -0.308244367204616 -0.0552683187394828 -0.223675920181226
0.309491288797909 -0.224143504789827 0.124096760783659 -0.149054396253799
0.427026989503889 0.0277422054943665 0.119194580682547 0.00204206833205333
0.39606702204655 0.00592023763774307 0.122374289468935 0.0265639166463187
0.241286998692162 -0.232514058988833 0.0326908179672925 -0.0116016718299167
-0.138399921363003 -0.214938526605585 -0.0859185170316845 0.227278868374336
-0.190859990508437 0.0965174467519937 0.280284792167269 0.27462092150828
0.0793088172046701 0.0844128550116356 0.257995203066606 -0.177305254862118
0.122269891022278 -0.109971541569089 -0.191564859869924 -0.152782262643027
-0.0867802191386019 -0.178114984141482 -0.158390116715194 0.196932912506648
-0.132956225317442 -0.0779833471342543 0.238322234769641 0.263004704910894
0.00205941540926933 -0.244765088116215 0.0215003156433259 -0.0310537390966987
0.233581145102907 -0.180095582404326 0.0605991209835979 0.0646257320464565
0.130125295800841 0.209089072141598 0.0246235190411308 0.134030838078068
-0.267206170595712 0.040510344580249 -0.130346747897096 0.0175191374358076
-0.083883819355671 -0.285360067112354 -0.0529376140521351 -0.206285656962683
0.293356171784729 -0.110266956641845 0.196438192700787 -0.15423014805307
0.354207352357674 0.0723321695945339 0.256192515072864 0.0444969744749129
0.321638501508018 0.00298047836433806 0.267302017625153 0.0274725964895572
0.17143097349018 -0.194007081871843 0.0951701245916994 -0.0933629682517227
-0.117298319593134 -0.165418387494646 -0.125308472292083 0.165342272398887
-0.163354868547497 0.0607852893891083 0.21880751989835 0.312980200076482
0.00447817388044914 0.0690376546437532 0.308735164155646 -0.134460968069386
0.092206750831532 -0.0104963124912566 -0.130829992836711 -0.193469765793127
-0.00481842140799747 -0.09140874938675 -0.176469845665269 0.15695532241585
-0.0549349773961751 -0.0429296646592357 0.26392550657787 0.268342771264266
0.0368574404232338 -0.15504765894943 0.0169817709025407 0.0385458807333858
0.165196918565257 -0.0658707687257053 0.00531322083003025 0.0177814911119843
0.0159254838684449 0.116939786606539 0.0927459225055561 0.112089918228187
-0.13415300453571 -0.0495587655444444 -0.117987380997748 0.0506521061194604
-0.014799939706808 -0.146851540362864 -0.0395240367306321 -0.206694137640003
0.165711482971938 -0.0334046528289121 0.248884481525593 -0.139980458464503
0.211953323313122 0.0508854949635555 0.353189790585145 0.0822242770364045
0.196373064226809 -0.00346264362745623 0.364862838615635 0.0233904077769499
0.104163642017491 -0.124856789547923 0.14159358190025 -0.150200762812682
-0.0722224502275552 -0.109446213876599 -0.153349411381621 0.0770954734242529
-0.111268576030967 0.0291048013459163 0.0966469068475661 0.335315419370209
-0.0229722633928458 0.0336137944134664 0.327137217464815 -0.0423099242442862
0.0488909421627216 0.0176894230843793 -0.0530903442042422 -0.217222823159309
0.037017316316406 -0.0428311517980493 -0.202317610182378 0.103175483863903
0.00381717509776213 -0.0255719102443427 0.248929027432264 0.265083756665693
-0.0307941546859802 -0.00133550833494978 -0.230542765803612 -0.255249498087047
-0.0366065629439993 0.00703855874592373 0.199712307904582 -0.0507221569874464
-0.00578421050682262 -0.00891968563365398 -0.000750832650951937 0.206992844239524
0.0483318460441795 0.015654369333931 -0.298119961880579 -0.00587693235685367
0.0537293562884402 0.0198282237036074 -0.0148692100642253 -0.32174846470284
-0.00241555436736701 0.047337459005449 0.153404424565659 -0.0194255152085991
-0.0378503818308006 0.0325269822625935 -0.181601445119457 0.142009081406373
-0.0443173763228503 0.00961073799102949 -0.408570539673591 -0.0212021219969324
-0.0361399578995983 0.00522614187502253 -0.422987247562073 -0.0809713052302315
-0.00936761555090102 0.0215957077158297 -0.305886416851468 0.155495913464549
0.0330486413433504 0.0149095206366465 0.034690781707582 0.233678078509134
0.0289286584076268 0.00447294271945629 0.16048383176788 -0.0542333071815495
-0.0182065429815594 -0.0227367157834744 -0.142813352303022 -0.135990692210437
-0.0632595478883604 0.0179468341478132 -0.00390516348791586 0.0219442014980366
-0.0373686297606818 0.0405610353448987 -0.00746188357886454 -0.0664211754661922
-0.0456997720578081 -0.0268828140738411 -0.207149339407427 -0.260896298360054
-0.0212809316590843 -0.0257649787983995 0.194587865096014 -0.0201708963537399
0.0404994958463969 0.0131127280634488 -0.040263547281738 0.22301184360719
0.0343024303857842 0.06479239786683 -0.302087887138861 -0.0349891508239135
-0.0420402669033697 0.0230338139419823 0.015502407855315 -0.303642220689346
-0.0192295493161756 -0.0563816810915574 0.125192882933108 0.00779147069463819
0.0677624649779799 -0.0402893668890396 -0.202751973676642 0.122501749074657
0.120384775896077 0.0149540041505251 -0.397912652579794 -0.00853201274617249
0.14159349785551 0.0253141289486739 -0.412692551188364 -0.0127888813523493
0.112799571426172 -0.0526266700607267 -0.258774271025861 0.229723218069931
-0.00232000978482895 -0.0901721898931779 0.112298834464871 0.219349234101468
-0.0600624146571533 0.00342961412383312 0.135020873138955 -0.098960783701897
0.0193573886438657 0.0429812602352222 -0.156359145141307 -0.110254220856695
0.0123605887227285 -0.0652361579621784 -0.016558253110792 0.0275365090015551
-0.0705388962723779 -0.0721206633705531 -0.00369524564717511 -0.0355927668769248
-0.067567452065859 -0.0751259405752965 -0.182121647338063 -0.26945145101175
-0.0120632429589571 -0.0742205049272212 0.177391235974504 -0.012080082569257
0.076222390003414 0.033863868122543 -0.0545349847295866 0.239491365075738
-0.00674146144740619 0.10048627173476 -0.322975515612644 -0.0311524716216937
-0.128617782436286 -0.0108858020964763 -0.0150668265004914 -0.302126906781286
0.00616047279253198 -0.151737051066412 0.0930512299344541 -0.0189885098926992
0.190603941133072 -0.0859489548352154 -0.188654923845477 0.0782945933229005
0.267773162603745 0.0165097361157445 -0.328449078237263 0.00356483411707
0.286873737794478 -0.0252926169858872 -0.332188107828815 0.0668860176747878
0.136227504906382 -0.199695283689148 -0.149339986766762 0.296705980549164
-0.177518449475238 -0.124044524297962 0.204168077586156 0.164622923327967
-0.0931061686132299 0.16527191085235 0.101385619705997 -0.133794551923069
0.183042630457509 0.0507066410156 -0.151408404219238 -0.11099834993858
0.0382830860696216 -0.212985124532113 -0.0767559386065495 0.0308183874594578
-0.126468270569834 -0.148761644477615 0.0121456501383815 0.0438449362655276
-0.0937708135358356 -0.151690644477543 -0.134968119987039 -0.26501110034837
-0.000521521598805258 -0.170222521367164 0.171764321799194 -0.0196212264919921
0.131600671578963 0.0301538902171628 -0.0484827577733128 0.237363733273153
-0.0542570989129464 0.132082263411017 -0.332514020179862 -0.0380809552511665
-0.19766568929292 -0.0802770426156958 -0.037453054016305 -0.314220667357101
0.0831394706236021 -0.230901699729179 0.0811484229673563 -0.0653313221785656
0.317365857793154 -0.0885002623043696 -0.131999596987166 0.029171472894707
0.370101371518962 0.0154639262497335 -0.202531854275713 0.0110175452414694
0.345381387629121 -0.128726180753686 -0.195391175550267 0.0995247664717505
0.018686756116084 -0.303414729508121 -0.0547972602757924 0.28587170718009
-0.313342613094925 0.0272443811448468 0.237321512643656 0.139093464331357
0.0873943241473024 0.29093725225012 0.108167604513283 -0.153048555824324
0.315445511016136 -0.110134653446032 -0.19388015078692 -0.137160727142615
-0.0379658856949663 -0.334205408003017 -0.154230273730749 0.0965706191361935
-0.17908959546243 -0.165749539218255 0.0718757751563469 0.148079896151633
-0.0936954900602898 -0.237356589645492 -0.0669927936225626 -0.220644077659713
0.0713788901335745 -0.288274691128347 0.178255039445115 -0.00131540267980115
0.249524894894632 0.0560206075059156 -0.0177021048751246 0.223503893495691
-0.127651091693138 0.207062063617449 -0.27328333856618 -0.0369478051556308
-0.256137177595247 -0.195405326823686 -0.0373903771103399 -0.279807268202039
0.209214217803472 -0.277246805755365 0.0862307581299062 -0.107532481385752
0.414639273719706 -0.0418528492748794 -0.0258149877234323 -0.00163475238749589
0.415546105283312 0.0131143265551549 -0.0429709491589519 0.0205388889327855
0.318010167978018 -0.213993613802367 -0.0628681258942201 0.0647320471268569
-0.0995589968571925 -0.280829991256101 -0.0548573689247553 0.255927012686203
-0.253805768439684 0.128423868649245 0.257269110936971 0.210742011488341
0.180523538935337 0.170979784158541 0.178117638096146 -0.165081712702171
0.223999135348655 -0.210599147858596 -0.226675470040333 -0.135737861095883
-0.119636234857302 -0.302736586836894 -0.173443757505121 0.18347413294441
-0.187429382272252 -0.131427369568205 0.163997240508594 0.232196036679669
-0.0526235356031211 -0.281285509693483 -0.00216020065336948 -0.130584613493162
0.196175933360758 -0.30147560721318 0.14287611659798 0.0555167691748514
0.281832930508446 0.176962130606226 -0.00784402804777476 0.196308597177861
-0.26490469256493 0.205654864510058 -0.190501008694325 -0.0141265841873146
-0.218771289891077 -0.317614285894755 -0.0502453041629039 -0.226323609502845
0.318848479683927 -0.225124606907087 0.126638933286169 -0.144863801181781
0.434929239426824 0.0347608410012151 0.117003636622615 0.00670496897790068
0.402098413544411 0.0104397155728145 0.124687622300834 0.0288374530748717
0.24869610504593 -0.231091044896705 0.0312023487397286 -0.0117648108097798
-0.134191204096906 -0.219400409416507 -0.0894845663215457 0.230774567302498
-0.193828458950747 0.0933772255948962 0.282930230661207 0.283659797540009
0.0780382696654961 0.0862473272133535 0.266967790969874 -0.176970067499372
0.123861086943308 -0.109974394363369 -0.194058253105939 -0.157190057037384
-0.0863877090962377 -0.182157435244524 -0.164115751967381 0.19974151516932
-0.132373420414983 -0.0794756576195298 0.240210862346057 0.270825350780407
0.00331336465544003 -0.252147111520049 0.0227945563633665 -0.0294492235997641
0.239138260562379 -0.183087752069853 0.0581199063720457 0.0664904679387635
0.130853812647808 0.215705891577492 0.0200983378380451 0.134250879538294
-0.273496722641857 0.0396164834343212 -0.130887196246974 0.0115967419038136
-0.0831983098719566 -0.291886015671965 -0.0480416802096842 -0.209305738876962
0.302356831808028 -0.105304351562315 0.200474496948539 -0.148721770923293
0.358914626771004 0.0783304530318861 0.256979857507265 0.051795603921061
0.325694895610993 0.00649524240987075 0.271893097877423 0.0302674313935545
0.174484713014389 -0.194585340858315 0.0961179833189424 -0.0935930977745032
-0.115208934600881 -0.169333401664184 -0.126992523183741 0.165705655930305
-0.164278529129275 0.0575455095570282 0.218515155808146 0.319374881455288
0.00199089508769235 0.0686606469714073 0.316129773213786 -0.134916932167901
0.0924963459610324 -0.00949777553937544 -0.132072791013333 -0.198492861537868
-0.00484779639863483 -0.0923878865893438 -0.180793885333329 0.157877444810829
-0.0533348983869832 -0.0443119797390525 0.265546971348289 0.277446820907021
0.0385606982812474 -0.15925146988407 0.0165729379393737 0.0386286240658448
0.169413116644287 -0.0676909751741744 0.00371644819521448 0.0190137858960773
0.0157565512798385 0.118906683681697 0.0907220078771437 0.11299778152004
-0.137044354310482 -0.0513399384022191 -0.118276523145367 0.0466968946445974
-0.0149940768343841 -0.148858031010585 -0.0343407632839794 -0.208021669009181
0.171315275657153 -0.0308305671523113 0.253655321468973 -0.133516676700298
0.214125206695292 0.0554313562680206 0.354356299481601 0.0916154303450414
0.199620634705233 0.000144009988655523 0.372041822574147 0.0294196927474831
0.106357359408942 -0.126626610760361 0.145229607727573 -0.15168459898333
-0.0694631302438857 -0.111562896515961 -0.153989243255777 0.0748020008276104
-0.109694531452654 0.0266367981482278 0.0937005902506933 0.342018025834238
-0.0247714235603263 0.0320537116817938 0.335025881432345 -0.0389352690929764
0.0484657679994424 0.0177097926827112 -0.0524128843735499 -0.221550398462801
0.0378500536654345 -0.0429818449146651 -0.20693073530943 0.10293266971029
0.00713394268470515 -0.02615717334227 0.249763448469778 0.275212866042811
-0.0315200577330215 -0.000532268105489639 -0.23959588090606 -0.251309591244087
-0.0379429303784678 0.00887364486081453 0.200627627502795 -0.0573307082570919
-0.00526903048573977 -0.00806804506105591 0.00426148034826613 0.209518362124899
0.0508519479772984 0.0135830475980101 -0.300914238498114 0.000834095755945567
0.0546236703172648 0.0189312985617232 -0.0207301080349752 -0.324141255232211
-0.000169333259463656 0.0471442198518037 0.152954075390339 -0.0224288794903967
-0.0353630053155753 0.0337156195048324 -0.18030430812866 0.149492275171868
-0.0447924475368164 0.0105860306154694 -0.412454648300976 -0.0131826036858862
-0.0364481842469908 0.00603144441172164 -0.427685000613643 -0.0728506458693714
-0.00876463466629514 0.0214537619934691 -0.307111295474707 0.163724821797798
0.0332843838405412 0.0147056771977829 0.0393551633288739 0.235936009150722
0.029892341749978 0.00460574643950133 0.161630581424456 -0.0582469707985279
-0.0181556310582215 -0.021739562904264 -0.147983637430216 -0.133479939065017
-0.0629750419082508 0.0201798013779071 -0.00417637456164749 0.0231717984977054
-0.0368133099156276 0.0428290992908727 -0.00998158809997652 -0.0676802156478206
-0.0469869679300982 -0.0263550023145888 -0.216826264264639 -0.256642076090428
-0.0213269058583022 -0.0254705496764376 0.195557223086456 -0.0262397031995054
0.0417968191792324 0.0122862578961968 -0.0364369891118156 0.226268033781762
0.0372314877429754 0.0656656860826323 -0.304726018119369 -0.0281290182628854
-0.0423376550922552 0.023596779842569 0.00993876749174072 -0.305245444427815
-0.0210856358870656 -0.0583364685753915 0.1249845988579 0.00578105093378032
0.0692692109183031 -0.0429852413719458 -0.20438050133067 0.130770478021362
0.121993266964369 0.0128102066937088 -0.40080765389457 0.00195777347077062
0.143927685364672 0.0231758371270888 -0.416395369315914 -0.00508890526250749
0.114477064526756 -0.0569526671626938 -0.25769975803126 0.23841051682858
-0.00461643972693922 -0.0911635582483709 0.117342440586629 0.221785648750139
-0.060539683328122 0.00471413698792671 0.134930033134578 -0.102280634718734
0.0200557631298698 0.0425803112772649 -0.161443682964059 -0.108282606892257
0.0101642895414225 -0.0663925123472571 -0.0163979485159435 0.0289051441043202
-0.0737179951756284 -0.0701826498111531 -0.00386247576532845 -0.0359746741167224
-0.0710223379043774 -0.0744309090771938 -0.190479771296456 -0.265349659187751
-0.0145963475032846 -0.0740949103784576 0.178808334889014 -0.0180100470324573
0.0782169098047303 0.0322882079793164 -0.0496278907616643 0.243477649670683
-0.00461392092365984 0.101934324360343 -0.3261587880344 -0.0239896430913512
-0.130831557842975 -0.00840278450391379 -0.0219827627690925 -0.304305352635559
0.00174304548547355 -0.154329249137815 0.0922778838914847 -0.0202174028321429
0.190200207586788 -0.0911048296184622 -0.19068647587433 0.0853509130592596
0.270878054133229 0.0122984835450947 -0.329129147326223 0.0111105407996281
0.289335204390827 -0.0308431715215269 -0.332768592298538 0.0750920420994454
0.134570123956285 -0.206331241720771 -0.14566445501146 0.30402611415534
-0.182661039559931 -0.121335041274047 0.210179596260421 0.163350722945379
-0.0908686387119551 0.170133177505606 0.101293634587839 -0.135519067330151
0.185671467474367 0.0465887521342142 -0.154662365811258 -0.107221908787139
0.0322407646832582 -0.216479897380855 -0.0762686455607032 0.0326545786027523
-0.132749575890484 -0.145932887756513 0.015019102524049 0.0434313627103477
-0.0977721292338017 -0.150418338915229 -0.14485275945282 -0.26270863963192
-0.0058630680006297 -0.171564368917069 0.172672636811292 -0.0255071768014297
0.1343291851505 0.0268028691619051 -0.042834478693954 0.242365572182214
-0.0515089722639641 0.135711707412659 -0.336708888677364 -0.0305555629735113
-0.201873958181404 -0.0754689099085565 -0.0457305688123916 -0.315155428215195
0.0780188759145536 -0.235720939015102 0.0774950081856445 -0.0666556021406348
0.318609973471936 -0.0967578336915213 -0.134199840098575 0.0334515601323579
0.374870916090841 0.00853279391164534 -0.203266127363502 0.0167956189669089
0.346795218117867 -0.136351637010501 -0.193498860216422 0.105174223610299
0.0143674279721879 -0.309413261135765 -0.0493547691652712 0.2901318095836
-0.317369966271805 0.0349597366144519 0.241286235374527 0.134864630844368
0.0959108218678051 0.293624443422043 0.106984466081795 -0.155267340129013
0.316010728060944 -0.119881307183734 -0.197269927556553 -0.133411574122074
-0.0473350246126499 -0.336726507117115 -0.152936594464814 0.100841734435416
-0.185862369232885 -0.161520359440428 0.0780798973277194 0.147454040219675
-0.0999707241342138 -0.237609435378541 -0.0735336076426323 -0.222186793742478
0.0645229494486787 -0.293412005133254 0.178622366909336 -0.00575299842100485
0.253643978255716 0.0504536174095983 -0.0143362340004183 0.227735834330488
-0.12570761951603 0.211749324762615 -0.27763266535197 -0.0329118706439146
-0.263853718771273 -0.191799917851197 -0.0426046310883009 -0.279641632759547
0.206536191239459 -0.286184268525544 0.082802845989015 -0.109753826814761
0.416935506009449 -0.0513089603006512 -0.0271413929576658 -0.000169838613391207
0.421465745207038 0.00510459746784652 -0.0427905117512367 0.0226785258319827
0.316060379949836 -0.223393629754062 -0.0607902159098676 0.0663647529619547
-0.106026987124798 -0.282472944922879 -0.0467658641863679 0.25990036525913
-0.253203887732735 0.136653340575827 0.264349843403634 0.207481411817631
0.18629627883802 0.168908777671714 0.176238938715586 -0.169393102517293
0.221052317720293 -0.219224583414958 -0.231654288053679 -0.130443266381277
-0.128308051743036 -0.302013509610061 -0.169248421732765 0.189616569126188
-0.191983611482819 -0.126999154664781 0.173745470184746 0.228954466366192
-0.0602568316594476 -0.283928114115495 -0.00757198782634052 -0.13211618903204
0.190344808157477 -0.309785907910557 0.144803105556681 0.0521358855773595
0.289540067008399 0.174322823057883 -0.00469825412642539 0.19768217561952
-0.263827464218532 0.214712840481726 -0.193357187182052 -0.0131409854038388
-0.227941635791601 -0.316634723263184 -0.0542500527908294 -0.225927661933482
0.319093461298032 -0.234951434010691 0.12231623884118 -0.14814773208976
0.439500215004745 0.0261301072617439 0.117585526824462 0.00538593173594475
0.40666851796569 0.00418263867903343 0.126850084953931 0.026414562963545
0.245750867656409 -0.238458652142213 0.0323176092615221 -0.0134427785317999
-0.140414398505179 -0.218812076208737 -0.0834483831699258 0.23440322810675
-0.193710960943463 0.10034378563593 0.291517991776183 0.278419265957866
0.0810751570627534 0.0854180587022674 0.265518024683269 -0.184644885622233
0.121881907123287 -0.11564261050473 -0.199481577973367 -0.152687341447931
-0.0910791055166789 -0.180399239127899 -0.159829260656272 0.205957136436024
-0.134777395619076 -0.0775655437342828 0.252251494923923 0.26614866211475
-0.00399759728691231 -0.256295559397502 0.0209535895785408 -0.0307623166464111
0.236259724224453 -0.191349539812808 0.0599366045877415 0.0661344758840461
0.138228185447579 0.215412526206057 0.0223281493628392 0.135448829142112
-0.27602288193211 0.0475783065048275 -0.13176021996083 0.0125406028995488
-0.0897505096057394 -0.292494252277558 -0.0518556008192887 -0.208343745685283
0.30516360253379 -0.113145757239784 0.198264290367277 -0.152937509954868
0.36469239325061 0.0715629534984621 0.258072706718476 0.0480678287686044
0.329449746125193 0.00084205693741579 0.27334841112057 0.0253949007747956
0.172670351813647 -0.200551472875152 0.095525418070147 -0.0976490038955111
-0.120369812929861 -0.167923281141149 -0.122409532247143 0.168846693211647
-0.164048299333122 0.0622256240256893 0.227503839119296 0.317154870466321
0.0048138101384818 0.0701685452509072 0.314833572972905 -0.143983306215643
0.0926456279873169 -0.0122724263873178 -0.139308608739393 -0.196706284466947
-0.00622598274799636 -0.0930927909644469 -0.17786546305815 0.163625411866119
-0.054252584648778 -0.043078361829924 0.276975301972699 0.27117178085892
0.0337770897767699 -0.162121080441549 0.0160432411571185 0.0390717441042463
0.168419732447283 -0.0732384879367669 0.00216080260060138 0.0179196182087274
0.0191045659750434 0.120400931161513 0.0944650594198921 0.110101672127542
-0.13900919103643 -0.0483305045067186 -0.118247047563394 0.0468693391828605
-0.0163591542646604 -0.149026804064233 -0.0385095820706663 -0.208854080748481
0.174061450314799 -0.0336671022321627 0.251437771637043 -0.139374445982849
0.218023019242998 0.0513231498174716 0.357699725760713 0.0857575462077371
0.202548978671975 -0.00403590484158054 0.374304470126391 0.0220625562666499
0.105123666046044 -0.130824634026279 0.142732230612715 -0.156672773699916
-0.0720556272595839 -0.110897310872906 -0.151608814983835 0.0757885976711966
-0.109316364338243 0.0295964919128437 0.101586765160263 0.341176799177349
-0.0240004542713021 0.0324966682087641 0.336855373645507 -0.0472648499050438
0.0485478243584597 0.0165516883163804 -0.0581683514836757 -0.222280832834543
0.0371335038096299 -0.0437656915641353 -0.206315906720225 0.108503144139529
0.00672081340335874 -0.0267753267505654 0.260554570750974 0.269911535614321
-0.032041998050977 0.000427555214684648 -0.246454057153081 -0.246288178182269
-0.0375625248481669 0.00984379595992612 0.199786425289207 -0.0635330582607278
-0.00415481178620411 -0.00798535545632131 0.00948295568077402 0.211008934905075
0.0525147538148246 0.0121774248796059 -0.302160134637213 0.00529699339968599
0.0542603278821951 0.0172051505577545 -0.0268779679509281 -0.324567563210847
0.00117132477675387 0.047156524061318 0.151486985024811 -0.0240044137471876
-0.0337786020626192 0.0337724099930773 -0.179738097310021 0.156849957880103
-0.0435399137279306 0.0118855963209797 -0.413560163151563 -0.00673267304980531
-0.0369346196694798 0.00644485968338083 -0.427486254708037 -0.0674686502168531
-0.00754557512854067 0.0213339812393609 -0.304136217265304 0.172578369399955
0.0329856118965481 0.0142625407042601 0.0431248504186268 0.236535455837422
0.0310278908245816 0.00477992723087133 0.162890793444768 -0.0610969671447385
-0.019004537579952 -0.020649608858457 -0.152816102368433 -0.130643117673113
-0.0629915515910066 0.0222099469903139 -0.0029971736499841 0.0244890157760825
-0.0350416607791552 0.0454168190077305 -0.0109549608751169 -0.0696285307363227
-0.0480382125153819 -0.0249245345776294 -0.224367549907876 -0.251741938506649
-0.0222077719308788 -0.0239102751944736 0.194486003741742 -0.0332753736148096
0.0427160472955556 0.012291636128985 -0.0303591746080774 0.229204662667181
0.039762996153837 0.0644775763349186 -0.30639252094437 -0.0222690284888561
-0.0429532954956254 0.0246752551055474 0.00368698349234338 -0.307302755789711
-0.0220463050738871 -0.0588369032317382 0.12364876284691 0.00465390431272934
0.0693352446134033 -0.0441301917044408 -0.202692790504401 0.137820719586639
0.122184834140218 0.0108139121646505 -0.401001991560781 0.00704156252127733
0.145166053613305 0.0211120770632263 -0.416168283640475 0.00417127366139668
0.115203222423272 -0.0606347397842888 -0.253650769102816 0.24590847847757
-0.00666880498107245 -0.0920983142341935 0.121751183395301 0.220123062307301
-0.0610822147265971 0.00716505196913539 0.134290986516923 -0.104648103076562
0.0206941423488913 0.0436336186125246 -0.163915381150049 -0.103891306639234
0.00898333605215837 -0.0665049646399141 -0.0157635608613753 0.0302183358825534
-0.0759768677855525 -0.0673679508858901 -0.00456738187799222 -0.0366954734749964
-0.0727249837388953 -0.0719261041961317 -0.199384015783984 -0.260495535994308
-0.0155423443325373 -0.0735619637923619 0.178525056914402 -0.0227956296329474
0.0798895001572759 0.0302965609750354 -0.0441175363150616 0.246394989327234
-0.00149485623693689 0.103186402382153 -0.327615033682049 -0.0172268938111541
-0.13222505994981 -0.00531210080708856 -0.0266104391113504 -0.304142618493971
-0.00214509953761809 -0.155545558057384 0.0893244872816771 -0.0213533255925901
0.189868543553368 -0.0953471394097781 -0.191215695901148 0.0917405474618708
0.271348033298638 0.00698283663148743 -0.32781246462919 0.0168828282671098
0.289705527714021 -0.0369945729858554 -0.330886746208013 0.0829901007452128
0.132212466744292 -0.2113186985101 -0.138086897689805 0.308579658082409
-0.187419034052941 -0.118262072263096 0.212484405166227 0.16029286444882
-0.0881432361470312 0.173854955883951 0.0990872349377359 -0.136479290125514
0.187202383395979 0.0429717830525448 -0.158581089086109 -0.104316643747668
0.0269642972233078 -0.217489684351168 -0.0752527443885957 0.0348930679358665
-0.136984820095527 -0.142675942337214 0.0184835382762754 0.0429121584045159
-0.102204316198046 -0.148946843076489 -0.153436014238365 -0.258963673430356
-0.00999012001945496 -0.171233550440886 0.172061771739402 -0.0311573506626249
0.135640412017068 0.024496950636111 -0.0375558379578348 0.245820645868696
-0.04919876781927 0.137782688547075 -0.339971309767161 -0.0247147125214744
-0.204526341406924 -0.0719069088711382 -0.0524009984764967 -0.31401997646059
0.0717219828455675 -0.238665899631848 0.0745492928143 -0.0681611236133145
0.318009404484862 -0.103964991974415 -0.134935431148982 0.0380758893311039
0.376449199408865 0.00109648870701407 -0.201701072515001 0.021536835975079
0.344334434592546 -0.144668391258488 -0.190741519546049 0.109378810809872
0.00874522906726394 -0.311608162761928 -0.042628039968083 0.292934078810416
-0.318258182129602 0.0441828608795179 0.244765898915409 0.129123073243644
0.104552970396148 0.293191521997963 0.105859119563166 -0.156307938373274
0.314278855935611 -0.128287979072077 -0.20155367656319 -0.128582939445382
-0.0566449704740424 -0.337492804225685 -0.149490481940936 0.104768067414101
-0.191223465828575 -0.155496257743047 0.0843320623890964 0.144109201788585
-0.10689145066003 -0.235933822840793 -0.0813384019564422 -0.219858986610146
0.0574928427175527 -0.296289846076883 0.178691094421998 -0.0112318999263568
0.255979629593041 0.0447036843370075 -0.00883963826769891 0.229123631371379
-0.121113840561586 0.216940240691932 -0.281356084028756 -0.0290268419895613
-0.269745099285297 -0.186654792943677 -0.0490228016633166 -0.278968826480449
0.199336665447972 -0.292806704819174 0.0787454179423215 -0.111133065270785
0.416227333158233 -0.0610135220365787 -0.0286036445433379 0.00162644546161311
0.422689004842594 -0.00309129580239844 -0.041383648314708 0.0243689694865894
0.312303601522 -0.231246569528286 -0.0579096810759909 0.0682024871626125
-0.112559867416245 -0.282687670506463 -0.0403440989843613 0.260938820684106
-0.251666270059103 0.144380650889138 0.270330654796929 0.201283496143612
0.192058576097686 0.165542661112417 0.174382159015158 -0.174810751283659
0.214408804162134 -0.225553419588379 -0.23599528273469 -0.124875456977489
-0.13632330969529 -0.298644492370517 -0.163213600801087 0.194072388172072
-0.195149449378034 -0.121687558103434 0.182382310340803 0.224810008394802
-0.0690135383518552 -0.28482200501875 -0.0126860398977238 -0.13167236653724
0.182782966635915 -0.316919554353345 0.144672764038211 0.0480058156258168
0.295219715509777 0.168674241249287 -0.00011855732587206 0.198355867464692
-0.261708695651012 0.222898404353989 -0.195619565028226 -0.011484643191057
-0.236487744843797 -0.312124251033413 -0.0591822471399679 -0.224706710862287
0.316344598489938 -0.243669839825607 0.118090565105649 -0.15028734319293
0.441047334647456 0.0174208727827113 0.117003709490164 0.00351833690214197
0.407993185976262 -0.00453620878787296 0.127024654231448 0.0247975950942795
0.240705103042321 -0.24709496712832 0.0336273840698117 -0.0149467760576334
-0.145259896035386 -0.216647696014895 -0.0760123658350489 0.235394408009707
-0.192497907498828 0.105672244555786 0.299494445229555 0.272149900552331
0.0835792577767221 0.0844055572164801 0.263311794958567 -0.192455785526441
0.11859576367705 -0.119444004533833 -0.20380882475329 -0.147956909673622
-0.0958152040962398 -0.178092617171665 -0.154253494069742 0.210040819559494
-0.136625348091401 -0.0741237972869312 0.260952973053002 0.261037370306367
-0.0107280390430318 -0.256400061140776 0.0187335845809818 -0.0303662463270688
0.231911650961319 -0.199977827412091 0.060059105540267 0.0638865192687013
0.144264777676708 0.213864140040183 0.0247471548994609 0.134121688302407
-0.277600793094892 0.0554205000518091 -0.133326767997563 0.0127725537426883
-0.0947910537610773 -0.291530067614798 -0.0544104198230776 -0.206555316407921
0.304821055775903 -0.118505498612866 0.194060830807007 -0.156410458261473
0.368787282346 0.0646842317830839 0.25839551488108 0.0441930316966259
0.332275143261449 -0.00587760553597079 0.275100579864402 0.0203121418636334
0.169427084619889 -0.20585128409439 0.0932405402214162 -0.100775918647587
-0.124296015838988 -0.166200737541917 -0.116753485938917 0.17080607280195
-0.162205708466444 0.0674599750450609 0.235258599011421 0.311161798412844
0.00514762825103956 0.070229473793427 0.313294675692356 -0.152245228643909
0.092171857422486 -0.015955348810102 -0.144191752956712 -0.192512996001431
-0.00832905771966268 -0.0922763142904525 -0.174746534892541 0.167893596124544
-0.0538428032432677 -0.0416763985492367 0.286032830862998 0.264444060010544
0.0286107135611648 -0.164578174328593 0.0165293931897913 0.0388925363673281
0.166995961988839 -0.0777089941399133 0.00191343868029641 0.0171333898799003
0.0226582965315066 0.120942460592064 0.0967880728041341 0.107863702434393
-0.139825598868251 -0.0448375785219935 -0.117477903576122 0.0465312735954391
-0.0188707008711945 -0.147969308602318 -0.0408124448384677 -0.20705422321557
0.175663821258058 -0.0382821384604701 0.248728103060751 -0.143463985439667
0.219850415358695 0.04717460517728 0.359350926352966 0.080399759802016
0.202912999152526 -0.00804349945616471 0.374572105679533 0.0164064500414824
0.101408349539845 -0.133686100189139 0.139351535093964 -0.159968808505683
-0.0732629786045826 -0.107981055719791 -0.1481070779092 0.077018167541275
-0.108743742976972 0.032039192137412 0.1076088081902 0.340012031675484
-0.0232761763977905 0.0324490391849954 0.336758237173226 -0.0564215045813569
0.0482350770430099 0.015140721636502 -0.064069841581686 -0.220637486066409
0.0369574421135856 -0.0441834922008231 -0.204886684937016 0.114731375320001
0.0075360385193116 -0.0268416491241561 0.269810509982195 0.264180357089956
-0.0319204627156315 0.00257142628785307 -0.255050576035499 -0.243333054936844
-0.0376097803189095 0.012499700772062 0.1983119780424 -0.0698335217563119
-0.00334651502652762 -0.00781914346054783 0.0137853495966413 0.21176669336274
0.0534487890236382 0.0108800059727813 -0.30230032171236 0.0109753543915989
0.0547998112307096 0.0168507581465008 -0.0327532433565642 -0.325915422470646
0.00272754606793153 0.046462086501479 0.149510499342166 -0.0259685183689671
-0.033976628501876 0.0346410143378489 -0.178273954954083 0.16202049428998
-0.0436194001135582 0.0136100327306762 -0.415201540426383 -0.000563887211813743
-0.0375085738602972 0.00788334176028306 -0.43118777062209 -0.0618741640600797
-0.00744973363626988 0.0205646811167849 -0.302633522082513 0.176879662758552
0.0334879215846634 0.0138102905420503 0.0475519034563414 0.237904331338887
0.0312367400281982 0.00557152867693853 0.16346798940986 -0.0638028106273043
-0.018375938104806 -0.019511915930456 -0.156582248161817 -0.128716365219808
-0.0617791580555626 0.0245382136956549 -0.00213426638411008 0.0253359982239213
-0.0338385743739082 0.047125405324194 -0.0115703250658426 -0.0703834336398517
-0.048933937838023 -0.0236716828342897 -0.231686116261256 -0.249174650487663
-0.0214659735158416 -0.0237881309207357 0.195068181327243 -0.0375986724635295
0.0435310731119927 0.0120719033541106 -0.0254450636596004 0.231992209931701
0.040789285949089 0.064118022176198 -0.308386556494593 -0.0180439647527128
-0.0431795820483783 0.0263055039004747 -0.000942663310565866 -0.308242270957827
-0.0236322807635662 -0.0589443326736166 0.12317313623586 0.00412275911372988
0.0696754246031063 -0.0472523214480297 -0.202129335396639 0.1438311686525
0.123709169950137 0.00951135047886283 -0.400231309992222 0.0120277771059666
0.145310975987365 0.019971701696848 -0.416058135132398 0.00920449651349081
0.115853260429668 -0.0626859600165146 -0.252212597766562 0.251609021450931
-0.00906849908738127 -0.0912328269446852 0.12580462734047 0.220858515171138
-0.0617284238522022 0.00980044122711983 0.134507087335096 -0.107893105582077
0.0208871431376845 0.0444392461857472 -0.168880097525956 -0.101697422026511
0.0078972514386678 -0.0660850477731339 -0.0146318508963838 0.0315356325144447
-0.0776783147101608 -0.064845528441792 -0.00411607621712279 -0.0378484557395957
-0.0744158385008892 -0.0710234925069065 -0.20695159298792 -0.258639410444012
-0.016456257577594 -0.072158558136899 0.178727078337246 -0.0272482375076638
0.0813863123320139 0.0290815932768547 -0.0393167147579573 0.248641469590684
0.000656037218607488 0.103423956507392 -0.330030115738313 -0.0127424233026712
-0.134456145029056 -0.00313737112441831 -0.0308105407453738 -0.304398952361924
-0.005267789051032 -0.157458910966815 0.0880526750248897 -0.0219618477326787
0.189923328178111 -0.0992982667723684 -0.190948661329745 0.0960211739709324
0.272740758690542 0.00217827652923131 -0.328130595025192 0.0231923817514302
0.291944216813699 -0.0403762532192212 -0.330149510995494 0.0893211249413708
0.131448373376843 -0.217077661403004 -0.134755201770477 0.312301486132078
-0.190862713878511 -0.115638864645446 0.214944556169714 0.158963556076925
-0.0862026468522346 0.176229402746545 0.098491613390704 -0.137967513686996
0.188933705288223 0.0402554489551034 -0.16154807208901 -0.101736770413458
0.02167993142453 -0.219522960741851 -0.0744056162326351 0.036742428803296
-0.139637980635131 -0.138386699170229 0.0205143949301974 0.0412907214279593
-0.106080015845975 -0.146730214411238 -0.160936250228723 -0.25749143411329
-0.0133054123491559 -0.171410928452463 0.171736847230952 -0.0352374687025592
0.138458363574812 0.0216705782905208 -0.03315935590679 0.248478700966768
-0.0479825171968267 0.140928404499981 -0.341825938534786 -0.0185451218569383
-0.20790589665529 -0.0688939045832202 -0.0578393735616828 -0.312765593679686
0.0684734171634607 -0.242847049674093 0.0721471456488003 -0.0681077749898952
0.316292895827807 -0.110378450257135 -0.136317951607167 0.0406803919878553
0.378161149295904 -0.00510606791306993 -0.201537004065791 0.0254352220240853
0.34526974365781 -0.151144062865404 -0.189460152882958 0.113306733110366
0.00459018903294401 -0.314609605969984 -0.0366373802109392 0.295053590452228
-0.319924036386522 0.0509887830397605 0.247003112118129 0.127178117869541
0.110062480862982 0.293984109715545 0.104246218522711 -0.158034939408412
0.312221555947302 -0.135416861044724 -0.204760404185495 -0.124403149249056
-0.0659116691147273 -0.337608868588119 -0.148269866827375 0.108170217807924
-0.195180354276309 -0.152416795181556 0.089798723053207 0.142652865175455
-0.112351105228811 -0.234843272337849 -0.0876053564443567 -0.218297214184879
0.0507968607175781 -0.298863754769581 0.177757116428822 -0.015341108194313
0.259265457288765 0.0402065333498445 -0.00473546008124663 0.230360101332664
-0.118990074524491 0.221382836134116 -0.285056055196164 -0.0246722431049685
-0.276063126246003 -0.182349296599412 -0.0530498897209616 -0.27911678118089
0.195853098889663 -0.298426311758743 0.0755574674305426 -0.112067901724655
0.418238657123969 -0.0683882476902459 -0.0298943902904864 0.00265084083810632
0.425594966499423 -0.0106897320697806 -0.0413216020542853 0.0258026531970531
0.312028199065078 -0.237113504928481 -0.0554768977059656 0.0692346921572629
-0.117644423617076 -0.282544891850578 -0.0344076203031836 0.262012029618432
-0.251127674203335 0.150399052058999 0.275168071793136 0.197538341396139
0.197471303628076 0.164195027252238 0.173406227747449 -0.177913503202346
0.212143176713761 -0.232153182673881 -0.238971501838543 -0.119906886659894
-0.143483324032652 -0.296854853176791 -0.159383138346299 0.199112237599773
-0.198522054689846 -0.117731620207409 0.190458072760995 0.221206583465018
-0.0751136619300108 -0.284556597455684 -0.0161139582759983 -0.132085075153739
0.176590371677919 -0.32294024379132 0.145805187102197 0.0439998537826342
0.300611870301694 0.164356774300123 0.00245371134619929 0.199675287784303
-0.260907259470739 0.230183209468692 -0.198988549020264 -0.00971177398742931
-0.243589263944996 -0.310600178895575 -0.0611531177844492 -0.225537139683799
0.315705198903902 -0.250510585812153 0.116070847601562 -0.152507902650054
0.444034004265854 0.00980164067755954 0.115517463409711 0.00356645822892448
0.41119725935406 -0.0110088438936865 0.128992032827544 0.0230269083960044
0.237678743147053 -0.252315484391658 0.0338069407182754 -0.0161288680074808
-0.15116016931521 -0.215549941375615 -0.0711517216997023 0.237113381998675
-0.19111434543553 0.111043045764502 0.306505569992822 0.267090482964981
0.0862737354688011 0.0836130731772601 0.26043397604579 -0.199387112131905
0.116564042534294 -0.122498153942206 -0.20824584497898 -0.144721433680464
-0.0987921541628773 -0.176918536106178 -0.149574987229256 0.214526719352773
-0.13928522676522 -0.0706646787334934 0.270888885620121 0.254942586105842
-0.0170604337831287 -0.258224508845377 0.0173096554398084 -0.0309817081575857
0.229599748065901 -0.205065041183377 0.0605858169420555 0.0628262509040054
0.150149221122449 0.213754288136287 0.0267552986032472 0.134199042144032
-0.278480354646733 0.0613517868282848 -0.133543866953807 0.012673247962956
-0.0996049048951412 -0.291832923392065 -0.0572019690730771 -0.207064566385876
0.306722928170402 -0.12511440271353 0.19228843975582 -0.160222627796062
0.372946980148401 0.0593851092689587 0.258870237191828 0.041757862815386
0.335222529914427 -0.0101765855459548 0.276299634523163 0.0176634545352242
0.166937728284936 -0.21022086080648 0.0920879380371718 -0.103118993587135
-0.127129171079233 -0.164834049029703 -0.112900067818196 0.172257325719491
-0.16170914367811 0.0708243605150149 0.242200196260713 0.305918705623809
0.00808556298881959 0.070294024286885 0.311849016866236 -0.159270930472108
0.0915110020619069 -0.0174245187010743 -0.148618994473345 -0.190286074705405
-0.00871226233995026 -0.0922069857050537 -0.171427125450982 0.173244919952371
-0.0542021402635676 -0.0415079167507178 0.295004669053481 0.259323220612663
0.024858651560139 -0.166365398243536 0.0159794109080115 0.0387268693099091
0.167099974880273 -0.0819045160934785 0.000474285310479391 0.0177862418402323
0.0268673296191594 0.12074848332124 0.098850273661986 0.105639701847088
-0.14084626772472 -0.0423363828573865 -0.117346417450257 0.0460091095069585
-0.0199783220715694 -0.148467782303391 -0.0429335776746059 -0.207766833713515
0.178160490978695 -0.0398763558557111 0.247233690685393 -0.1477640305501
0.22196977044425 0.0451638230255921 0.361351858899112 0.0759845591041435
0.20566689794031 -0.0124758010114287 0.377014200875469 0.011420869680876
0.0987885998764953 -0.138022488844794 0.137076950551796 -0.163212761380005
-0.0759201257709108 -0.10778033162111 -0.145721584147582 0.075898726122215
-0.107949186945717 0.0342884033875398 0.112688391742844 0.340384676991908
-0.0231319549535796 0.0330955620571107 0.337030261526221 -0.0619599155087296
0.0481551012235935 0.0146130956921592 -0.0684259063551727 -0.219912733977839
0.0369552457744395 -0.0442011647640954 -0.203470440690828 0.119006820534431
0.00830107065750237 -0.028131141792281 0.277143517762877 0.258695627035839
-0.0360128104660517 0.00662292294611467 -0.263256846636636 -0.234603759954089
-0.0375449268131019 0.013718061339706 0.197007161375239 -0.0783856839466263
-0.00300288520506883 -0.00780349211687916 0.0238645416127772 0.211551757648261
0.055554156424058 0.00819909169749101 -0.303532444522722 0.0211889427023455
0.056407425659332 0.0136787371592798 -0.0457194332340317 -0.32510835967008
0.00498093092348164 0.046893359575504 0.147465560913824 -0.0307652930056061
-0.0319010685724018 0.0361841748736895 -0.172481546280549 0.172900608705426
-0.0425329088075967 0.0159423759936589 -0.418717738702821 0.0166053556777711
-0.0371002115951288 0.0122166221278221 -0.437217399198414 -0.0462839892405575
-0.0065717614375603 0.0215130479463999 -0.296950998973476 0.19406047617301
0.0353907989881508 0.0132638651177195 0.0582330588734689 0.237958087582752
0.0318376490248686 0.00362308436536302 0.162963234467592 -0.0720591524002305
-0.019742454973982 -0.0157336886377251 -0.164851267187268 -0.121192054102662
-0.0602722037690237 0.0293526134771067 -0.000408446736130975 0.025852065505651
-0.0322222908549503 0.0503872846199863 -0.0153025850516451 -0.0725563827052583
-0.0537947899768474 -0.018464263653996 -0.240239545941558 -0.240158171106537
-0.0228219322088073 -0.0218334023296542 0.193916858747619 -0.0462475195904149
0.04547529848137 0.00909198067051572 -0.0157661881063718 0.233014877131293
0.0453860806827492 0.0642488438465371 -0.310451903536508 -0.00733143583523721
-0.044667374055469 0.029707294754199 -0.0124550958101564 -0.308458840429798
-0.0276585399497045 -0.0584887405489232 0.123038604574767 0.000111996784406698
0.0686330270854124 -0.0510272479279769 -0.198296582361194 0.156145727427827
0.126244906184512 0.00369167384028496 -0.402313916453962 0.0312956661112945
0.148298494275248 0.0139946448418035 -0.418614252301186 0.0255941683792225
0.113988200268644 -0.069615904030702 -0.242431545340901 0.266390816161537
-0.0128971596502695 -0.0929556117614185 0.137292501853174 0.217350807333771
-0.0627801143352481 0.0121305611715048 0.131604552202734 -0.115257280583988
0.0234352301535082 0.0455675769391796 -0.175531602983471 -0.0926974154311005
0.00417727251560166 -0.0666649750149004 -0.0123578557279052 0.0321676452573628
-0.0830210626255141 -0.0605576174395111 -0.00497514967131762 -0.0410517069263621
-0.0827377036971457 -0.0667670693815628 -0.215758276879129 -0.250549745844147
-0.0207766063351926 -0.0727908753391919 0.177424120952046 -0.0357825698907603
0.0843849920904403 0.0262614591485472 -0.0290170772163909 0.252698878296372
0.00508953105533493 0.105918688845924 -0.331149353196899 -0.00126462432863721
-0.136966526390263 0.00436606747939782 -0.0439262019089172 -0.30265328454431
-0.0140968429359069 -0.159187006248691 0.0863395239542769 -0.0239882585099246
0.186937838083738 -0.110379039323192 -0.18848056172628 0.107598882092405
0.274908364825089 -0.0122543213653817 -0.327150426895141 0.0383946956708057
0.292909863113386 -0.0547512478844274 -0.327338414448115 0.102894186759324
0.122936291102189 -0.224766960492576 -0.120782633390948 0.323431562518068
-0.197328613838797 -0.108977248733055 0.22401403721452 0.15076314131122
-0.0797998340648684 0.184235761221107 0.0937607513711401 -0.143631064201589
0.19118335922585 0.0319968181251196 -0.166715450836254 -0.0927238750426582
0.00890629913986097 -0.221152664644471 -0.0717966047546978 0.0398003158787042
-0.149495025156064 -0.131182965978353 0.0227940006894177 0.0379860710752207
-0.118759481495724 -0.142362325787586 -0.169454837720897 -0.251280199077876
-0.0230164276475752 -0.173381969992271 0.171372241340349 -0.0431421732372133
0.14093311320084 0.0151498414492585 -0.0218874697465643 0.250437020135777
-0.0419657213794752 0.146702120188949 -0.345508779584236 -0.00614510309884514
-0.215365688829185 -0.0570135057764261 -0.0709542258824612 -0.311655514724434
0.0558296672855062 -0.250340380116226 0.068533608273741 -0.0716199035277777
0.314032951209081 -0.128198346877659 -0.135864496960606 0.0490084116962608
0.379495890213434 -0.0251785461058789 -0.200222469270835 0.0352470365273256
0.340500173121006 -0.167343502684664 -0.185713797945226 0.123383439351619
-0.00997816454270014 -0.317928853277397 -0.021575232970766 0.299454002320267
-0.320638965539529 0.0662925220076717 0.255193181061852 0.115646938691682
0.124819676941575 0.290563084405787 0.0992400127027729 -0.163668316895379
0.304127791749474 -0.152411375109175 -0.209857794366631 -0.114890932340499
-0.0852634625509047 -0.333200514922287 -0.141802578230015 0.114749188411479
-0.203729079165069 -0.141765736931599 0.0982165611720894 0.137205396108796
-0.130417338691458 -0.232416384526601 -0.0949702450098366 -0.215287564812347
0.0346714362486463 -0.306048342689268 0.179324253928532 -0.0237874522006669
0.264777867091379 0.0280593088100962 0.00511869980700551 0.232875417717644
-0.110368810975503 0.234036897419629 -0.289291324288638 -0.0159865445223164
-0.29045836090467 -0.169074819144248 -0.0648808791279444 -0.279350098846874
0.18242596013444 -0.313421216048039 0.0712974764324368 -0.115182212681175
0.416207244741525 -0.0903737229303142 -0.0303844030092207 0.00620503845902444
0.425815441981758 -0.0347758088082401 -0.0388743956226492 0.0280600405207057
0.300927243968067 -0.25483828812555 -0.0532917362697115 0.0718755332048616
-0.132325979698322 -0.277949797940809 -0.0198153801853871 0.265876642186566
-0.244857646546129 0.163853001519446 0.286997965256852 0.185751626531765
0.206152463927517 0.154131891839294 0.168344355968865 -0.186932804370548
0.197093509138626 -0.24350926931337 -0.244820160801135 -0.109052756639135
-0.161369249236388 -0.288988914281175 -0.150931664054929 0.206988500003539
-0.202339864150265 -0.108599372691452 0.202739338712034 0.212227586153603
-0.0951244046021821 -0.285220439986451 -0.0197322058082726 -0.13117059862595
0.160708509170513 -0.337178726451267 0.149860802889137 0.0385972352330962
0.314780395430184 0.151969096683177 0.0106037365556493 0.20009970123647
-0.253232963831412 0.250394350421845 -0.201769847567279 -0.00424623359985693
-0.265059013898131 -0.300917226688525 -0.0693582067699949 -0.224437535881893
0.308337922366875 -0.270161923438242 0.109801429502794 -0.156426761244478
0.449191845018188 -0.0130437148144707 0.116449445529869 0.000988110872357824
0.411875666680043 -0.0344519276547631 0.131496552469331 0.0163401948993281
0.225343709093648 -0.265845012200402 0.0341008934958844 -0.0183524650938643
-0.16173491332876 -0.207758534437093 -0.0571405556225426 0.242561791854202
-0.185121064709335 0.122604526238509 0.323265137637932 0.254365811968971
0.0896085754947992 0.0773304426566689 0.254878173701598 -0.216088414263357
0.108186038549387 -0.127455774996657 -0.215651180916941 -0.134549480990442
-0.108889497261996 -0.170718186113691 -0.139410146216307 0.223503816059528
-0.138983526444345 -0.0666405443338196 0.283717933151178 0.243163994964994
-0.0338424356251066 -0.262096878485513 0.017194052034815 -0.0320381996085488
0.220755401275303 -0.221973843311765 0.0638239663836845 0.0617502439438847
0.163564375462631 0.209868130923384 0.0311562004935793 0.133098312516418
-0.280697740234891 0.0774022345463232 -0.135174775062199 0.0141475951209927
-0.116979549755248 -0.289227619428367 -0.0637825501443621 -0.206931820271934
0.305814848830743 -0.141513266413692 0.186807981759023 -0.167275978530528
0.377660023515611 0.0419689543089607 0.2627693075144 0.0343331875748661
0.336206312434418 -0.0296289438553486 0.279677006684281 0.00246875207204576
0.155757356165517 -0.221116681041381 0.0878185003019346 -0.109032872684642
-0.137179600550898 -0.159022933862177 -0.101578484673075 0.177885653933708
-0.157751649891875 0.0791062236050662 0.259170814878974 0.296589972923888
0.00978916835130186 0.0682379606236623 0.306337575446279 -0.177357451792734
0.0890196661290087 -0.0217302498914107 -0.159129179098989 -0.18392137189745
-0.0132547335713071 -0.089800822226625 -0.163763346367423 0.183235368395207
-0.0514986453530545 -0.0418125100503981 0.310405840949477 0.246753711677801
0.0148818867681026 -0.170589282176264 0.0173518589601857 0.038578353734759
0.165426402425321 -0.0919400301280947 0.000241830773158391 0.0180531758312881
0.0331856262630096 0.121109278842089 0.103038371413546 0.100420308207595
-0.145731777496913 -0.0347605109105544 -0.117677056186854 0.0467707034908595
-0.0283293913467138 -0.146938190423294 -0.0490039479971345 -0.20723006158208
0.180055275621219 -0.0492993856090954 0.243171020049932 -0.156508019828332
0.225079108635179 0.0341837563488584 0.366173696668401 0.0649586216866842
0.20630472552345 -0.0225264815446056 0.380571630157871 -0.00711660139526543
0.0913172301853073 -0.142659209808881 0.130286512287149 -0.170530897953256
-0.0814677604636077 -0.104178908630826 -0.140729653533391 0.0809015071192559
-0.104459369500998 0.0396182956964291 0.129420570230322 0.335776246822206
-0.0226889375883172 0.0315919014368702 0.338093728107799 -0.0790148705775038
0.0476530196308647 0.0125795940999407 -0.0798209463262516 -0.218207404762309
0.0353307769020237 -0.0451731018349182 -0.199628682123301 0.129667684333658
0.0114890759298388 -0.0318821341562865 0.292709124249669 0.247704085549761
-0.0370614301098399 0.0076757083270812 -0.27470005342638 -0.227397712105911
-0.0366238571697416 0.0156629690785401 0.196279872776772 -0.0862103930033374
-0.00311233023387788 -0.0071305622205429 0.0309275736849351 0.212340791009971
0.0567860758784024 0.00599468976228383 -0.306921910372919 0.0292224156893773
0.0568215784678724 0.0124383734778369 -0.0544789152856616 -0.327797236547804
0.00677160543406309 0.0465028421431885 0.146758088558579 -0.032805675058234
-0.0302125015656369 0.0364744167237988 -0.170175970374072 0.180569663235059
-0.042328838484334 0.0171309725449867 -0.424111440664474 0.0276164213456345
-0.0375067017555246 0.0140740949563934 -0.44296937337902 -0.039650262663584
-0.00670883256260995 0.0218086435196934 -0.29271190900041 0.2044094457725
0.0356615845516248 0.013828031310293 0.065499357886927 0.239701247227588
0.0329315890721627 0.00428005171672308 0.163997523202834 -0.0779611714268503
-0.0193679219983958 -0.0152351544270824 -0.172161192219 -0.117870189960209
-0.0601177768887645 0.0312679687234982 0.00170023297435374 0.0266666903758128
-0.0307073665752615 0.0531198019342255 -0.0174293515901612 -0.0741590970903479
-0.0553803951415014 -0.0175346210817421 -0.251066462013159 -0.235618301331073
-0.0235676217030985 -0.020607789809661 0.194491304527704 -0.0531201827674203
0.0469255784011157 0.0087706659281553 -0.00745247835177992 0.236544947543842
0.0485736439672726 0.0632881309072527 -0.315286380309663 0.000338724388603572
-0.0443422488524261 0.0314711535478603 -0.0203387409285315 -0.313156459124771
-0.0297631282602214 -0.0592064482074342 0.12274487517597 -0.00079268342970084
0.0681986356197779 -0.053976161651139 -0.196590015561849 0.164275119902595
0.12790827929443 0.000769570892222385 -0.405337235581003 0.0386726712923376
0.15113631103061 0.0116765526281786 -0.420231114203947 0.034929067065112
0.113424023275649 -0.0747519502282314 -0.237610519841753 0.276688985043883
-0.0160051546708462 -0.0931791549441676 0.145641916465019 0.217241318951699
-0.062954916822734 0.0153994710314935 0.131489774676396 -0.119443515271217
0.0258583560145703 0.0459421037622778 -0.180853431795305 -0.0881922685252252
0.00212400122766831 -0.066620182616708 -0.0103429034943294 0.0337881109572317
-0.0856152872047089 -0.0576647389160284 -0.00579345258952818 -0.0427814797846585
-0.0860006728240462 -0.064540524449563 -0.227223896820683 -0.246738974077937
-0.0224053343369042 -0.0720096926814933 0.179138772367635 -0.0422611922654287
0.0861360135858051 0.0234148695265119 -0.0194581393933886 0.257103566188034
0.00867914815191513 0.107773364978814 -0.336109070900748 0.00842809810973793
-0.13907359023616 0.00955310880784825 -0.0517382518132075 -0.305576936282128
-0.019569518918588 -0.161127315163573 0.0854366890086893 -0.0254982042281633
0.186874809496331 -0.117837434634651 -0.188406783036265 0.114915487062565
0.2777358519024 -0.0185445755465881 -0.327593952004904 0.0474317123348158
0.295484042244819 -0.0627368901674674 -0.327334046571275 0.113294371022503
0.117957023222419 -0.232712819544488 -0.112934981039302 0.330038209070465
-0.203405809912206 -0.103562654589581 0.23051086141095 0.147356698828884
-0.0749423307252231 0.189945168153494 0.0915332642223602 -0.14690561608816
0.194771283690978 0.0272868669092232 -0.171742116894666 -0.087426499439448
0.00213067683266746 -0.223825139876796 -0.071051080557064 0.042973150217505
-0.155730112509046 -0.126494044846203 0.0267713947247631 0.0361068117406529
-0.12482286523314 -0.140167402742007 -0.180851857783414 -0.247563525850334
-0.0292208574327703 -0.174255995921049 0.171534591720553 -0.049437186503685
0.143827425024212 0.011764398192904 -0.0144383701579051 0.255754622192662
-0.0381020581971081 0.150407601641608 -0.350575999669739 0.00286499090285274
-0.220220107197095 -0.0520102433464814 -0.0795934758894945 -0.312263832023845
0.0481437851821115 -0.254681455917103 0.0653358365759984 -0.0732390989838873
0.313687519039014 -0.138069020439843 -0.136540050509455 0.0546039815073351
0.382729317416311 -0.0360331131014923 -0.200601303706635 0.0410416190842672
0.339867814502735 -0.178717532274325 -0.182901197004491 0.129741811960692
-0.0188311703231688 -0.322809499705726 -0.0128911092510708 0.30426474223092
-0.322963507442104 0.0765571003648138 0.26000413260336 0.111451567277676
0.13612679890733 0.291461840318339 0.097758869004661 -0.1670697483879
0.303698899426963 -0.165711015877478 -0.215285113364694 -0.108624131204132
-0.098510259547379 -0.335345610538547 -0.139283586680488 0.121281490483834
-0.210411120428382 -0.13595992195419 0.105769379184747 0.134493387069318
-0.140503664776836 -0.232017064560062 -0.104215895866606 -0.213162236786356
0.0247068591023197 -0.311144833473248 0.179285083184446 -0.029761657222609
0.270455373408364 0.0212145049289569 0.0116691738120523 0.236156508785967
-0.104348390377702 0.242096461077764 -0.295031450964856 -0.00704297607285584
-0.299743946267955 -0.162146896758766 -0.0724664873989589 -0.280646036547094
0.175815665374871 -0.32353043941971 0.0680873647765867 -0.117627832481854
0.419796423900023 -0.102379573546924 -0.0315966144610175 0.00831356923646054
0.430127687887299 -0.0458966331200995 -0.0381569109777359 0.0296152019754111
0.297518534462209 -0.264885770719356 -0.0508031322245379 0.0736511080657773
-0.141651969573398 -0.279242476938736 -0.0119876201347791 0.269116478968476
-0.242792152891022 0.174330482152652 0.295784188390041 0.179991959292191
0.213758070815164 0.152179467271269 0.167292044019665 -0.194412925967468
0.192762513566735 -0.252587410734719 -0.249685945767988 -0.102715655684663
-0.172777855934047 -0.286412187237877 -0.145072714658844 0.214501362076712
-0.209239009174031 -0.102571422581465 0.214255796452168 0.206328284827988
-0.106212474626218 -0.286617839539129 -0.0254896117276452 -0.131599425193591
0.151933635374013 -0.347588555059299 0.151488321971982 0.0342622745803522
0.324894279940244 0.144389500545874 0.0164042706739791 0.202664903659481
-0.249963782789839 0.262209292636381 -0.206591247255129 -0.000913806463361883
-0.277067158792663 -0.297530601736431 -0.0753943714015764 -0.226981049134288
0.305315063432237 -0.281451483505543 0.106408388883383 -0.160342846226488
0.454235959582096 -0.0248823275462639 0.117496387807864 -0.000654149708066039
0.416109301571654 -0.0441357980192267 0.134346483676114 0.0129599382270918
0.220384352295073 -0.274258446186713 0.0350762526196102 -0.0201575360402697
-0.170233210614599 -0.206234104891608 -0.0491119347870679 0.245973925187266
-0.184386758795369 0.129489505451341 0.333901801275282 0.246481086663838
0.0935401824502779 0.0762785087765403 0.251910785173824 -0.226082936942998
0.104818751461319 -0.132566628494931 -0.221366154864584 -0.128744615406081
-0.115513413453114 -0.168942425850789 -0.134065916145152 0.230776849672218
-0.142325760049337 -0.0627965540413544 0.298103604327572 0.236229400982907
-0.0434019279395178 -0.264536541191516 0.0147435430729469 -0.031424106532362
0.215870912308396 -0.232753007832902 0.0652544442491007 0.060638152500895
0.172588998346438 0.20787299450552 0.0359336130670383 0.132617436645788
-0.283192957530289 0.0878636532462759 -0.137379675521659 0.0154898982447187
-0.124861412738642 -0.290100682514168 -0.0686207197365806 -0.208331605554142
0.308082646342788 -0.15271091582715 0.183983211559259 -0.173620655434129
0.383012690501399 0.0321488517078975 0.265292151368989 0.0294107804022523
0.339479514608676 -0.0374135459136247 0.282222738534749 -0.00533159713327832
0.150652251270218 -0.228172288354503 0.0863758905398209 -0.112038480426772
-0.142287447256637 -0.156737331320797 -0.0946318564130067 0.179623913738956
-0.15662725008716 0.0850646329642644 0.267228177608475 0.29258137924373
0.0106000485221899 0.0691781079300118 0.304527135248215 -0.189367661646278
0.0888790061235159 -0.0245243677488157 -0.166769660270853 -0.179840026161628
-0.0161043179383766 -0.0911328339982628 -0.159487860401517 0.191363010675716
-0.0533635330842963 -0.0409037869982214 0.323634416776147 0.23869815520076
0.00818353861942299 -0.171655621969057 0.0178260737008275 0.0395690317900714
0.163510740178848 -0.100178905713917 -0.000396260815286371 0.0179636764751529
0.0373795820620521 0.120918634844254 0.107313574123663 0.0970927521389471
-0.149274267714775 -0.0321281686896032 -0.118758703415116 0.0478392998801028
-0.0321309025721176 -0.147890969719482 -0.0528030703484981 -0.208971208867996
0.18239564841276 -0.0556976565006585 0.240790695404706 -0.163123156767648
0.229616682527773 0.0289176367138983 0.372062914334865 0.0582283789788228
0.209061458259611 -0.0281409067794315 0.384842964996362 -0.0166518904915187
0.0863053720949767 -0.147155432443181 0.128087657108154 -0.175110790441574
-0.0847401768369101 -0.103112392045865 -0.13941781766187 0.0813054256869151
-0.104903345954404 0.0440948580022247 0.138626632076626 0.335284749706992
-0.0228373606486066 0.0319648506722367 0.339317283628722 -0.0897963960442449
0.0478125303260901 0.0103823554895429 -0.0868233886900007 -0.217663777341335
0.0350705875648773 -0.0467329898730761 -0.197472093297884 0.137986304288266
0.0114911224051629 -0.0350570656551565 0.305719130550504 0.24010752055742
-0.0364394955614286 0.0102445705053926 -0.285155877716353 -0.216737670104327
-0.0364084968373216 0.0181208288279509 0.192829917851154 -0.0948436616342669
-0.00300105694566092 -0.00685065248861133 0.0399774284266531 0.211481010830705
0.0571703812526333 0.00175043118434117 -0.306772300097009 0.0402075780059314
0.0583318550862044 0.0110254925616738 -0.06672962892991 -0.326455042152584
0.00865496165462724 0.0457738255588654 0.145380501085383 -0.0358502763880121
-0.0294435360831749 0.0373466054062394 -0.163896083340968 0.189050002939751
-0.0429499597435178 0.019192677847416 -0.426492404707696 0.0422881918759358
-0.0379991534057116 0.0159006243004636 -0.445483937725248 -0.0254288760540968
-0.00705713178008452 0.0214755345089823 -0.286800722004846 0.215196480711919
0.0357641570612316 0.0136119942858033 0.0739683119476764 0.238043825661355
0.0336086904159012 0.00324158576485359 0.163670533515791 -0.083377569856427
-0.0198079367130484 -0.0135964180316928 -0.177432442830698 -0.110977808824854
-0.0591105246987589 0.034376504702956 0.003917836799065 0.0265662126272169
-0.0281394517038403 0.0550616789708965 -0.0205621575547002 -0.0750077707037076
-0.0555049946631768 -0.0150283451474996 -0.262960865545074 -0.224725795649702
-0.024148922460908 -0.0197444290180439 0.192474725705214 -0.0626881234733861
0.048263692258767 0.00669315751136968 0.00253954132974356 0.238225460566578
0.0511728935192665 0.0612337049263105 -0.316061733343912 0.0114388782106316
-0.044922782366889 0.0338974800460359 -0.031882155339372 -0.311975161394054
-0.0329555561566767 -0.0591419836627984 0.121984012765592 -0.00389723194191812
0.0668085752064776 -0.0580146713250347 -0.191296721209454 0.173717251888568
0.127799241882919 -0.00365229096260692 -0.404594275705916 0.0513954113447995
0.151057335278832 0.00635761159463015 -0.418938740240625 0.0471040360746964
0.112182419672268 -0.0805338365944647 -0.226277335553685 0.285499079377191
-0.0193379897725316 -0.0919423707767752 0.153374961637107 0.212860812418669
-0.0630488346488206 0.0186070147816906 0.12855960501224 -0.125080071517395
0.0275065416192681 0.046063727342536 -0.185242712107036 -0.0803397695220344
-0.00169395514240379 -0.0677235692009111 -0.00832963226029375 0.0342078604896133
-0.0882937210252382 -0.0531994619398958 -0.00720476309164879 -0.0433109495695204
-0.0880397711143712 -0.0612808552353448 -0.239921134746676 -0.23767443510312
-0.0251010052067839 -0.0712732373323478 0.177659407707482 -0.0503153811581532
0.0875556085129494 0.0200011805320095 -0.00850706418730892 0.258132970154324
0.012734499244614 0.108020096932194 -0.337596714385033 0.0205284231053747
-0.140426461747439 0.0151532089191101 -0.0624977928527481 -0.303108448494316
-0.0262727968687814 -0.162553395352416 0.0826698686954609 -0.0268442803554002
0.183175509360092 -0.125099767651638 -0.185687065497453 0.124997231804079
0.277050614206753 -0.0293933132075119 -0.326041987723246 0.0568551009341179
0.293800581329607 -0.0722199295635482 -0.323231866215147 0.123971159971999
0.111012978109992 -0.240132479712754 -0.0997971432902822 0.336924896148254
-0.208554756164187 -0.0969399143085216 0.236967645746797 0.139836807801834
-0.0676187961785639 0.193679007251694 0.0872756163679897 -0.150416073676396
0.196185102646496 0.0190987415681649 -0.176319188717665 -0.0800654543416715
-0.00814662685756574 -0.225413404432421 -0.0680098357154467 0.046002730092412
-0.16131617724903 -0.120113469970763 0.0281012883055845 0.033518914085816
-0.13084493719999 -0.135346534729628 -0.193413507326043 -0.239757922742889
-0.0373382195493622 -0.173766488080524 0.169282580851821 -0.0575079566167762
0.144354590174987 0.00627496066574791 -0.00319814988085074 0.257575144621564
-0.0321353824063691 0.15307358308861 -0.353505268708159 0.0171410540069186
-0.223427362289508 -0.0432639819979806 -0.0911056838989056 -0.311241803195244
0.0388518089119993 -0.257816456366468 0.0612587770464261 -0.0744131737573591
0.310166717396944 -0.150154268757339 -0.13584224867352 0.0623285776019221
0.381825352415524 -0.0496955218200631 -0.199031019380061 0.0484500362778941
0.334283660122033 -0.192568975015782 -0.176554857126085 0.135427325580773
-0.029048739752219 -0.325930518177588 0.000530924194259798 0.306053593301998
-0.322681311274441 0.0908600486151301 0.265204203602741 0.102518900692217
0.147776541256098 0.288149013099019 0.0930338198047326 -0.169445609200912
0.299164642177247 -0.177468018560832 -0.220503769906192 -0.0992536790124137
-0.113662994964992 -0.3326005497692 -0.133915208210223 0.126839621476738
-0.216667962940117 -0.127524625885981 0.113126017404905 0.127899740139616
-0.151099947627591 -0.226546455357155 -0.115747371776066 -0.209362300084123
0.0113419267501181 -0.314320554924287 0.177791440532877 -0.0383378570531189
0.272751715386621 0.0102313965112916 0.0216399540955507 0.236639969587776
-0.0951161175076914 0.24672491612257 -0.298895281446181 0.0030633572851737
-0.307714118185107 -0.151295852276104 -0.0826302401079888 -0.280365606713991
0.163583020345774 -0.33202434731848 0.0614014144120847 -0.11940301956953
0.418412107806035 -0.117374809096449 -0.0317198985458118 0.0118377548922147
0.430350704164497 -0.0615525100505831 -0.0364846047463305 0.0320074381658643
0.288277903422432 -0.277654429756325 -0.0467090811611666 0.0746105365251159
-0.152454319391682 -0.275636956085704 0.000409083283485565 0.270365157277286
-0.238674568757798 0.185531081853776 0.303188184122347 0.169402863298667
0.222257909461162 0.143028203814163 0.160860902099719 -0.201779540598514
0.180981860526839 -0.262671274033462 -0.25437513079054 -0.0913280880079716
-0.185873841186388 -0.280364571583068 -0.135353525198092 0.221737703904814
-0.214070202661361 -0.0930783149524042 0.22426301867112 0.195906093178519
-0.120071368124932 -0.282876464611189 -0.0318747051070667 -0.130326151775159
0.135822171312907 -0.357851918415994 0.152242485692089 0.0282717411899161
0.331994823555228 0.13347680410312 0.0228903039886308 0.202051909122249
-0.241242938993714 0.274050870433099 -0.209470392061997 0.00591890615136799
-0.28775290056064 -0.287744985335301 -0.0823450473547706 -0.224505956604711
0.295563220104564 -0.29622542091545 0.100211069277977 -0.163314643981049
0.456046910527994 -0.0401847772983234 0.117668764664949 -0.00295682719855354
0.415695093387732 -0.0608711150434672 0.135758740250183 0.0088042688526231
0.211093742775437 -0.284823537613725 0.0353206027013893 -0.0221466196417116
-0.179298546564786 -0.201354121386396 -0.0380676414795569 0.247813004262371
-0.180454300655689 0.13754891487865 0.344350234035943 0.234550340194773
0.0964051307712874 0.0735439861486644 0.244011900416613 -0.237024124104808
0.0983638981737934 -0.13761374806422 -0.227731054776754 -0.119760568732301
-0.124040792794137 -0.164078402501748 -0.123879351473443 0.237852693493054
-0.144876761197527 -0.0570359697795162 0.309858671005093 0.222700148980677
-0.0560056146541619 -0.263420158722475 0.0133140288912706 -0.0321438611618497
0.206835735221154 -0.242997521888711 0.0668962307984705 0.0588753190752837
0.182502120164534 0.20169453659219 0.0394437303620587 0.131087394164964
-0.280353988193012 0.0985218921968768 -0.13995846164107 0.0190272083514085
-0.135959493300513 -0.286499590017333 -0.0752151621127256 -0.207072192712113
0.305425147785221 -0.165826171447312 0.177401497049182 -0.17936296979779
0.386848530501725 0.0186407507806944 0.267669301073303 0.0223550506300647
0.340606827522907 -0.0511615065970598 0.284172159067306 -0.0153304320979659
0.142073210884036 -0.235175265235158 0.0832397904906857 -0.115964488650867
-0.149128433172728 -0.15169218614059 -0.0871000677516805 0.181393858750603
-0.153819476374851 0.0912787783663989 0.279151140775482 0.280998968687623
0.0129112846349357 0.0693559682466941 0.298499675378711 -0.200983438801612
0.0873325599170556 -0.0277707840048741 -0.17359548534951 -0.174115350513099
-0.0190119988005608 -0.0908776216462432 -0.152619118946461 0.198037338657022
-0.0539165457406344 -0.0407430850223182 0.336811473821709 0.225284879640119
0.00123774001386504 -0.172440100618434 0.0185630768673942 0.0408474972308306
0.160168105884446 -0.10770716995865 -0.000636431353208597 0.0186654498599574
0.0428707225199002 0.119776199916041 0.111467476730146 0.0924672438857514
-0.149517147284206 -0.0279118544784898 -0.119458605290033 0.049001678740673
-0.0363463631209728 -0.147472323530028 -0.0595908107948375 -0.208447509074688
0.18274353601097 -0.0631078916446992 0.236181824339356 -0.171027489579646
0.230918720206465 0.0204409877683859 0.375694875450931 0.0487187550560211
0.208453357255726 -0.0376906705453286 0.38578345524726 -0.0289733501421112
0.0801898604741673 -0.150830780621402 0.122685861579668 -0.179018793634301
-0.0893161762787861 -0.101237317967722 -0.135035783819463 0.0827383573798681
-0.103702091631852 0.0470046867943406 0.149502826927619 0.331528392037361
-0.0220801121074409 0.032666262231508 0.337061193477546 -0.102928005501593
0.0475154977586763 0.00826548595549985 -0.0947965797293035 -0.214577529197439
0.0338260772839972 -0.0482603233223645 -0.193140999541918 0.147459623770153
0.0103239784359392 -0.035855502858207 0.318441406469368 0.22645760474532
-0.0358357482752961 0.0115090566855874 -0.292840870422716 -0.201487161406208
-0.0348533411582289 0.0197537104080416 0.187114136247689 -0.1031826948681
-0.00403066001158542 -0.00871461432435531 0.048986700503586 0.207947763641598
0.055878096833555 -0.00192054907187042 -0.303684466387733 0.0509917486839696
0.0575277084506005 0.00870799066233002 -0.0778399357229663 -0.322127488308827
0.00948487254496042 0.0435087353925897 0.141507178933035 -0.0394953465327558
-0.0279142656024505 0.0378053087330013 -0.156744816243709 0.193831936860572
-0.0407956273024463 0.0209161277765368 -0.421697156786626 0.0571964231181166
-0.0375196268726813 0.0178906969000158 -0.440869125011722 -0.0122096968759532
-0.00672703137370368 0.0212548003925237 -0.27501770173888 0.222933490087669
0.0362635932438736 0.0123928349342634 0.0822998185896835 0.232920850611766
0.0344052390248691 0.00199642730730634 0.159425327767234 -0.0897086729643176
-0.0201113856398654 -0.0127093455718829 -0.180264015506637 -0.101620365588505
-0.0573572883303592 0.0368808076612196 0.00562474524894516 0.0273851836452723
-0.0249785276217093 0.0560907308452303 -0.0242155750096055 -0.0747340714163252
-0.0551740613099626 -0.013010315684068 -0.270736510549028 -0.210741109622085
-0.0235862881794366 -0.018850699753028 0.188376216954879 -0.0700840406361235
0.0476181216219955 0.00485917620004958 0.0125606392591249 0.235495355946272
0.0537188585336314 0.0575743860781968 -0.313963016497962 0.0247490337171193
-0.0427809794483214 0.0362814569971404 -0.0429306724020494 -0.30859950644818
-0.0355947118915866 -0.0581462340671579 0.11988097411934 -0.00668127251933192
0.0639826914674625 -0.0604781229549706 -0.183332941826643 0.181481550253084
0.127434388914377 -0.00873652670778048 -0.400197955241184 0.0647490751962912
0.150023022237367 0.00243007223372642 -0.413964966716128 0.0599090031608528
0.107591340255373 -0.0861806767357457 -0.213778014057227 0.293691348944643
-0.0235183623483076 -0.0907239654080735 0.161734749337257 0.20652020490566
-0.0610081408346403 0.020613846409964 0.12328427336226 -0.128223756792541
0.0284535462303079 0.0443046299220682 -0.188912858050267 -0.0708533598557664
-0.00483957734198753 -0.0671682642355122 -0.00514480520047828 0.0350756031988197
-0.0888867359959514 -0.048966567063196 -0.0100308100264396 -0.0447372994348881
-0.0891298922555137 -0.0570784945596724 -0.247332577088889 -0.223259047292086
-0.0270884972678676 -0.0696016542054899 0.17321027762681 -0.057117599790521
0.088210872949434 0.0166796813723042 0.00163761191908179 0.25692462560001
0.016937536690754 0.106343221343611 -0.335390489008737 0.0346939089674374
-0.138793217378405 0.0202047640818592 -0.0728977780869445 -0.297969829818707
-0.0329941157483231 -0.160309852623768 0.079687201016207 -0.0273930271433523
0.177793254967779 -0.131319064793634 -0.180536845006357 0.131858169665232
0.275396827633022 -0.0385415203018102 -0.321459457409891 0.0670438430008464
0.288659921434152 -0.0831697795429584 -0.314138874553327 0.134028429204336
0.102417587066317 -0.245108976270058 -0.0840385553094419 0.33880074803652
-0.211190705512696 -0.0883278433900864 0.240979280482981 0.130922886766826
-0.0598068407494344 0.195995040117258 0.0816979819244938 -0.152258990642965
0.195740600233547 0.0106355469074202 -0.177805144895852 -0.0707467453981619
-0.0183705909300892 -0.224319192037034 -0.0644120224521994 0.0487214213268146
-0.164679886950629 -0.111217257326317 0.0306469063658466 0.0314045328161954
-0.134965953537472 -0.129225147422748 -0.202679028619579 -0.228037117813448
-0.0435126009952444 -0.1698919044279 0.164488566981724 -0.0637395839236833
0.144062641118444 0.000150977611109973 0.00761685905939814 0.254189965578469
-0.0263730862972988 0.153508666693631 -0.351375491456898 0.0326416081255843
-0.223390836450699 -0.0347063850216055 -0.102906361173407 -0.303671239883481
0.0284945538344321 -0.257593574516442 0.0556321743875209 -0.0747935067955048
0.302242010787432 -0.161475627428261 -0.133242652936688 0.0686388034850895
0.378235953563524 -0.063441555903343 -0.194345750990829 0.0549388283511194
0.3265783850691 -0.202959876576384 -0.170485112433733 0.141556838699877
-0.0412707266958551 -0.324860502273486 0.0121669829833096 0.304291461575595
-0.316457671089944 0.104268148447603 0.265905129999414 0.0925710491221389
0.158951223202007 0.280011621146405 0.0866118323509082 -0.171377036390686
0.287549212146124 -0.189376381380128 -0.221498610203451 -0.0892836462274278
-0.127870292667981 -0.326597098094195 -0.126473468958088 0.132214924929548
-0.218720295608927 -0.116613707465148 0.118227149880224 0.120731365516474
-0.1587476193625 -0.217949823515132 -0.123646120612703 -0.2011607587816
-0.00240952376536125 -0.312275880942648 0.174346133207288 -0.0442661114427179
0.271139895962488 -0.00182920182687859 0.0306399768489839 0.233660605270819
-0.0845804067049287 0.249383006067107 -0.299316178841227 0.015620877396467
-0.310918782205056 -0.136903506263982 -0.0934627048693327 -0.274421850605017
0.150728742715169 -0.335452031271622 0.0543776342347927 -0.11913820070526
0.410258160260609 -0.133189219170691 -0.0317625582124214 0.0142765181776677
0.424413028079889 -0.0754956622315417 -0.0335964485475511 0.0336390641822589
0.276539120492534 -0.28553317520824 -0.0424855881188922 0.0754171545301026
-0.162623221314226 -0.26967919177063 0.0126716725691209 0.267217101314226
-0.228770345917494 0.194547254630125 0.308524161675154 0.156118432198901
0.225712621890007 0.132821835539673 0.153920650591568 -0.20711000674477
0.167864373382277 -0.268217954144587 -0.254361486843527 -0.0787886622013452
-0.196828210737633 -0.270392665274713 -0.124151074372244 0.224361573838845
-0.215645388366822 -0.0839978041388417 0.23291437679768 0.183904939330542
-0.131381618804831 -0.275745740668975 -0.0374209318596202 -0.126182956034688
0.11970866548024 -0.360778310683279 0.151235898832318 0.0223573286302808
0.337283649520331 0.117342736438615 0.0303605868440982 0.199751589137078
-0.229300205488305 0.283013799137344 -0.209942301516381 0.0128982356245666
-0.297512819367814 -0.27595013113097 -0.0909949113909416 -0.220463224945233
0.284417714078035 -0.305512678850228 0.0915255720617479 -0.164561618091857
0.450375694343974 -0.0584951562606594 0.11605633554504 -0.00465829230801908
0.410924704190587 -0.074173284651952 0.135261392742215 0.00361908289572536
0.196923171188256 -0.289878790843186 0.0354082879069759 -0.0239069264714467
-0.185690044689052 -0.192209724767794 -0.0261572769159632 0.244646706939677
-0.173896879601592 0.144758096730185 0.351637016104012 0.216905535500785
0.0983050369151686 0.0695001837886202 0.233070355754321 -0.244504774367983
0.0903842926573075 -0.140906711004344 -0.229887591430572 -0.109395645128402
-0.129520686354963 -0.156665218149675 -0.112361379099897 0.241008985175444
-0.146303109056094 -0.049944133305066 0.319534610904899 0.205294386798684
-0.066314731070685 -0.258816188986845 0.0111244317516375 -0.0306454319549302
0.193725270376119 -0.250789332162651 0.0686095551949425 0.0558570449583791
0.189986921971197 0.191611707516491 0.0445447362367522 0.127888935463001
-0.273670606296352 0.10973639211826 -0.139904524840812 0.022922563321227
-0.144947704718232 -0.280214843997208 -0.0822328806895806 -0.203199333293879
0.299206242638158 -0.177480196589529 0.168271025700857 -0.182496485135346
0.384545505665278 0.00363380864685277 0.266339794774105 0.0149557678448111
0.337342344598443 -0.0631587150081369 0.280975687726651 -0.0238536410598524
0.130567845822684 -0.237807185052981 0.0788804055619055 -0.117879288510439
-0.153862781681107 -0.145796993813119 -0.0771937505947527 0.180445622261251
-0.149461496786728 0.0976241839904121 0.286388514713278 0.268138245597118
0.015688026982466 0.0681132778979169 0.287098965446744 -0.210560416457625
0.0854549277316288 -0.0316042829914338 -0.177606596354814 -0.164019173227577
-0.0225529342349915 -0.0887998665393453 -0.142164187782807 0.203786192638819
-0.0543337256982721 -0.0378007135778263 0.345292741027203 0.207152599500124
-0.00665713210570126 -0.170788972942636 0.0188889697321973 0.0412728393377152
0.151883747074211 -0.115047617440534 -0.000913554036325594 0.0203255210872716
0.0476465619110894 0.116145716556599 0.113198895551904 0.0856383266769029
-0.149661579096967 -0.0230108791991983 -0.119693903542899 0.0526265964894583
-0.0398930523289929 -0.145331209456079 -0.0658249797294296 -0.205659845911343
0.179477884222264 -0.0712414177040977 0.227318251699684 -0.176792749157965
0.229316668436661 0.0118568810161183 0.373991091935745 0.0359255428576422
0.20766130417204 -0.0452289925711597 0.382743188115114 -0.0419288512011342
0.0721094227857999 -0.152756020291453 0.116139891545218 -0.182319350015149
-0.0917029760214183 -0.0973454760801499 -0.130308051927574 0.0828373013597804
-0.100549857644605 0.050897504664801 0.160994704981752 0.323474473248102
-0.021079341180673 0.0325093660285751 0.330276797960727 -0.115216822129168
0.047512179333093 0.00698490693660199 -0.101482020249001 -0.207354811654675
0.0317152097928487 -0.0501655177351439 -0.185718744145225 0.155303560594057
0.00836309523453771 -0.0366666094941667 0.326573417647088 0.211041650176762
-0.0370507989369228 0.0154675187643297 -0.273997543289956 -0.221597657760719
-0.0366388799489455 0.0178790042793622 0.192673108224298 -0.0886093489998865
-0.00249382311569689 -0.00784634590212065 0.0324341139210732 0.207780765088622
0.0548314508701983 0.00154986757914131 -0.303777030098695 0.0273168024816579
0.0541120010506723 0.0106230382586719 -0.0503452904444425 -0.321297161370121
0.00574080126149942 0.0428068491538746 0.141176241590184 -0.0259907590969858
-0.0299303639700969 0.0335178909673649 -0.168466431877335 0.181006924317867
-0.0405229936840715 0.0170762092608308 -0.419199113580305 0.0282144078781003
-0.0360550064085956 0.0150921425697263 -0.433966132787828 -0.0431221514002874
-0.00904819351098731 0.0189459484069428 -0.28195926593621 0.201203013134694
0.0344855874390806 0.0151777299503542 0.0658154871952323 0.233617800447353
0.0347851451778596 0.00450675112272543 0.163222872411928 -0.0775619349150277
-0.0179083106532453 -0.0150265714789462 -0.171683961125535 -0.109054612430571
-0.0583066967882635 0.032008661714192 0.00494573299648445 0.0274516544033579
-0.0271394452508458 0.0529158720932927 -0.0187006390832305 -0.0755072636772535
-0.0556988453730312 -0.0103861175848914 -0.250981253804909 -0.229681617857311
-0.0233060480505347 -0.0199155819303535 0.191371870676444 -0.055619523404166
0.0482972405649249 0.00691980877132601 -0.00508322675429239 0.233217841400288
0.0496295203643134 0.0607508236014615 -0.311771131559704 0.00157560643720406
-0.0455620554619132 0.0321061186828459 -0.0191315675701141 -0.306921665653924
-0.0335006973449777 -0.0603220456076709 0.116922324974823 0.00421317110439243
0.0679292233116783 -0.056766658574603 -0.193966559495682 0.167555058123101
0.124784126557042 -0.000445282733814273 -0.397777387300093 0.0355451713238179
0.147205531468507 0.0120657494629467 -0.409358022147248 0.0302719860069107
0.110148869807584 -0.0773621718251114 -0.226505735485865 0.273574578529719
-0.0161026696535662 -0.0888519356336746 0.144601033138319 0.211334105388418
-0.0601261109583776 0.0162772076794701 0.130756294739108 -0.119288218834758
0.0253575478836149 0.0441912711566048 -0.180961424786363 -0.0800286303706947
-0.000412910062025264 -0.0647554141737699 -0.00721408654407169 0.0348704637620354
-0.083989667509381 -0.0531814850249087 -0.00698475214259592 -0.0457319503219615
-0.0862584394660399 -0.0558928575278421 -0.228295378455072 -0.239778323004908
-0.02426629828556 -0.0699790914048092 0.174970360515525 -0.0436786736382549
0.0865577499331895 0.022296912169794 -0.0169612616380786 0.254117213364966
0.0116901364605617 0.107668323774099 -0.334581356134858 0.0100570750845012
-0.138064512820107 0.0120604051729606 -0.0507197228308714 -0.29686438797699
-0.0229782412970469 -0.159536677248579 0.0790808291135595 -0.0198788209602302
0.18234933370751 -0.118315053553679 -0.187140487209734 0.119424503176418
0.270535034986793 -0.0210808303634282 -0.318410890860709 0.0449787572195088
0.287855907301662 -0.0617761883101569 -0.314969355391459 0.110494103481817
0.11604050955301 -0.233988636312734 -0.101794191093447 0.326627580549139
-0.199174988428195 -0.0998435930522787 0.227078933480565 0.143720464278524
-0.0704721271091396 0.187348172386982 0.0903733258869301 -0.143031206064074
0.189717145524667 0.0214987181304062 -0.168760685247886 -0.0796173798675655
-0.00578866819129859 -0.219043512024821 -0.06696184645452 0.0440528867863857
-0.153028674177134 -0.119539335031486 0.0268519410402925 0.0311884715965085
-0.127944177924116 -0.130687581238119 -0.183862010856383 -0.241554377681751
-0.0355798160598563 -0.169274382751468 0.165985089033341 -0.0515329395767637
0.14287413021969 0.00767712362357369 -0.0115870905541516 0.252991594587439
-0.0343440343154088 0.151462562884797 -0.352102380652082 0.00628645318176406
-0.217809210588292 -0.0445530508186169 -0.0798901715716876 -0.305602959384634
0.0423158993237219 -0.251438817785148 0.0588659569628376 -0.0677977225910112
0.305344187338269 -0.139686675037632 -0.13524403112899 0.0588573853561163
0.37278038454503 -0.0380994616923215 -0.193016414628043 0.0417446883363022
0.329727468370865 -0.177119690663061 -0.173830376410872 0.126832359418245
-0.0178432262090581 -0.319913188828486 -0.00435098807452971 0.297470015749859
-0.314887219371767 0.0808619362058241 0.254450935293086 0.108909841610813
0.138810716745204 0.283929300430077 0.0980993836040641 -0.160125444912026
0.291679216176202 -0.167594624070191 -0.210997007773758 -0.101306595013954
-0.106355388860898 -0.325648124653765 -0.133089685938773 0.121896200999181
-0.207803150038231 -0.128986999201109 0.108129630309871 0.126368669085709
-0.147023367328037 -0.219513486282457 -0.108141120014504 -0.209033602694945
0.0119052495631552 -0.307041906175655 0.174354292083007 -0.0333767041737829
0.267409141626974 0.0132492631481565 0.0131166746332986 0.233117424786715
-0.0964826031056197 0.243054375116352 -0.299201242996761 -0.00640656520540134
-0.298319455182468 -0.151473863890337 -0.0732657720097947 -0.27785948981222
0.167515630276954 -0.322353853032636 0.0614796805888374 -0.113258814186176
0.408244936904803 -0.104863307511804 -0.0309312945613178 0.0135522960866502
0.418724690900268 -0.0481298102204107 -0.0346726218725889 0.0292322936153599
0.2865341025978 -0.260078956059172 -0.044955137521737 0.0708012665340837
-0.140068861691726 -0.272587039034697 -0.00233604544359085 0.260596682119864
-0.236984340555054 0.176314194920631 0.290860774632427 0.172010037534572
0.213542886518867 0.14258614984669 0.16476632633027 -0.192483932214646
0.178800338069529 -0.251231384597188 -0.244095429317819 -0.0940194017996068
-0.176213011562533 -0.276474329101339 -0.136025989502701 0.213449533521156
-0.204367477053584 -0.0957450634869907 0.218100324145277 0.195330150516444
-0.117257914811554 -0.276068182104273 -0.0282772936328246 -0.128995262328579
0.133097476844309 -0.347600308234263 0.148001219772324 0.0318017593548454
0.324809437306868 0.13346311895169 0.0157688795829115 0.200046887603431
-0.238947176215999 0.267512280689983 -0.211339463713634 -0.00274357364238876
-0.277600550272883 -0.284363017644441 -0.0742565223940282 -0.22365968945072
0.299237833538207 -0.28419725298915 0.102714116556823 -0.15432229806894
0.442043974802729 -0.02885454630479 0.115226221266121 0.00424957394818158
0.406513576492684 -0.0472953794963516 0.13254930512263 0.0107240170634616
0.211411649738679 -0.269694955995099 0.0367281355088554 -0.0224648155898968
-0.167860650479786 -0.199311107655144 -0.0382846564339428 0.235438133616452
-0.178187876500179 0.13020217653373 0.330407632361117 0.235840970592414
0.0924325049450941 0.0725263724059575 0.244030504270232 -0.227313378903855
0.0955390302677056 -0.132032734976681 -0.218685834221236 -0.120860746001308
-0.118061161898031 -0.161245103618624 -0.125716429802499 0.230029563227032
-0.138961921838491 -0.0575875229892759 0.302050333870202 0.222405219838764
-0.0533001895095166 -0.257250350905959 0.0132394774471237 -0.0300237782463678
0.201051402030857 -0.237816428129027 0.0639624778752114 0.0597379960284981
0.176659519740557 0.19629187079843 0.0348615509432907 0.129087709660731
-0.274983919480757 0.0931555595689085 -0.143328245706065 0.0112032461178433
-0.126521101476792 -0.281817602498791 -0.0652803615792055 -0.206850253206542
0.304052040530716 -0.15659407857672 0.180054428405872 -0.165756152195199
0.37400188378861 0.0284488166157923 0.261885604620499 0.0348607073154495
0.332972594977745 -0.0422569644338214 0.277441324821268 -0.00597510814111721
0.141965450116994 -0.224067554849267 0.0863457268704063 -0.110358310137225
-0.140911416840091 -0.151973402479676 -0.0856965110643037 0.168336645023228
-0.151715486272024 0.0868883730666713 0.263538049161365 0.279998242137624
0.011851539201456 0.0675416859266162 0.29273826311274 -0.188565240359393
0.0839052023109343 -0.0259793140557711 -0.163739182755251 -0.171454164428566
-0.0168525979045743 -0.0886363003891706 -0.152514762974372 0.19162223471925
-0.0507114478436184 -0.0403255806148206 0.327037452543956 0.224385651513023
0.00379256534408704 -0.168262908401374 0.0158915362903447 0.0418034543600782
0.154275095939094 -0.106121607947181 -0.00260537714511384 0.0201771887457687
0.0411704508330957 0.114874812338736 0.10555925266582 0.0925686273716589
-0.146343834013108 -0.0299164810750119 -0.124715653331833 0.0414532410399818
-0.0312189420645109 -0.14445581086992 -0.0481170538684064 -0.207691047862774
0.180706054559079 -0.058570239880772 0.236557699827218 -0.154302073075532
0.222619580830506 0.0268881915832877 0.366515010585085 0.0653143585315245
0.205160128701574 -0.0326717406526692 0.378583037516146 -0.0162992307276652
0.0792368087739226 -0.142709491735532 0.127769714848344 -0.169485290824119
-0.0838728161516305 -0.101861905068163 -0.133221635334974 0.0690189830251856
-0.101905239292845 0.0442384097030483 0.136118425323015 0.32716594613866
-0.0231500118610969 0.030748865403031 0.329582400515513 -0.0929381035192753
0.0453482816941305 0.00873600145630875 -0.085474237395611 -0.210049601444505
0.0336366798140386 -0.0474738143400157 -0.192189051417651 0.14116234442404
0.0112678546857619 -0.0350090751655705 0.307749796115429 0.227484672555652
-0.0357881706758056 0.0159240600122484 -0.274041363310351 -0.210249869121695
-0.0354697349923392 0.0186250926989255 0.187782210360875 -0.0911500971189762
-0.00266697143797886 -0.00875986652400132 0.0352366882055339 0.203578203257753
0.0529948321544292 -0.000397420968811398 -0.29850229147674 0.0321363250794841
0.0540120626308309 0.0094778663565131 -0.0554756111129145 -0.316791154521425
0.00565173964353184 0.0408318178263988 0.137258641322604 -0.0258011033816806
-0.0289249061714998 0.0326153850243296 -0.162259172897592 0.181851072228329
-0.0390470238895262 0.0178062026717986 -0.413076142313772 0.034018188708145
-0.0355330800640192 0.0165618405899711 -0.427232030655455 -0.0396847941614515
-0.0101047497831259 0.0186047571988188 -0.273538517664318 0.20126991775532
0.0341950694170666 0.0148992206767493 0.0679405783431765 0.228992144668674
0.0344216112864831 0.00434828719745411 0.159920106464402 -0.0793114215480422
-0.0185750653465156 -0.0147660796018202 -0.170968503557153 -0.103712772246437
-0.0566680370834416 0.0326926851166967 0.00673052891626289 0.0271268184411573
-0.0248704946599834 0.0535082287346252 -0.0206679314258074 -0.0750631232506317
-0.0540005921392707 -0.0093121493663188 -0.252492542218459 -0.218680159416409
-0.0223437162608089 -0.0194205320589713 0.18725191392891 -0.0586162829860228
0.0472427640990672 0.00597845080338742 -0.000581705627426828 0.229364962415975
0.0500783102580275 0.0584133820180252 -0.307818172090939 0.00681576363839753
-0.044866828339561 0.0333046350994382 -0.0245590943942211 -0.300305086321706
-0.0341985763844515 -0.0592255903473842 0.113682713097053 0.00438781641982097
0.0649445334228446 -0.0569576597328474 -0.18780617578894 0.170058807061857
0.123221484509709 -0.00204477660935523 -0.392429974080285 0.0409700471068138
0.14574066732719 0.0104707193944783 -0.40167395671132 0.0324215565482822
0.106586603247087 -0.0777657737720281 -0.216830255974475 0.272996190684207
-0.0171171081606083 -0.0871244239297391 0.146674004573362 0.206622852941786
-0.0585370795943818 0.0179252673312918 0.126236470703864 -0.11874655912616
0.0248682175733345 0.0434618252377297 -0.179827365810027 -0.0740249143343802
-0.00202940328309942 -0.0644990009762114 -0.00564386037309415 0.0343085864651762
-0.0827089841584479 -0.0505911694982271 -0.00839478161758777 -0.0459365550522219
-0.0848640601423909 -0.0547052922377692 -0.230485194724094 -0.2301281129366
-0.0240073711891224 -0.0687596548613071 0.170521474516925 -0.0455789606509677
0.0863169805554841 0.0206300965649562 -0.0138148362075765 0.249971720938554
0.0125790378509105 0.105163029611643 -0.329333656773187 0.0169594020966533
-0.135960518066182 0.0147468669758135 -0.0550839749392746 -0.290897413576994
-0.0260161218438443 -0.157409512409832 0.0756910299384228 -0.0189302573588351
0.178633002536884 -0.120627750442246 -0.181814177331036 0.12216461316155
0.265343912084565 -0.0243869637850119 -0.312901442499783 0.0470679527965168
0.283749932407979 -0.0647271711612034 -0.308738855155714 0.11142904821239
0.110503293370019 -0.233019829232698 -0.0938527043311855 0.322841316857554
-0.198108512300594 -0.0954092152584037 0.226333738983578 0.138763324399058
-0.0649912166887683 0.185795887118805 0.0856966406915877 -0.140734314531931
0.186856721539926 0.0177881921760827 -0.167357120107681 -0.0729989562601361
-0.0104981140705944 -0.215953615087078 -0.0633668717990084 0.0449124523763801
-0.153168907422378 -0.114146606377535 0.0274058385947827 0.0290975081820673
-0.127558260409578 -0.125383223105529 -0.186233632203277 -0.231954438258074
-0.0372089131858919 -0.16576929440444 0.160755788652519 -0.0531225307746046
0.141460398499382 0.00502987898134844 -0.00681220469452199 0.248645430794712
-0.0304735575371024 0.149495972929784 -0.346509423136799 0.0144135559345479
-0.215493660782247 -0.0407305486102883 -0.0840011747469446 -0.299470079755575
0.0379093173561725 -0.249198702524377 0.0550072089528327 -0.066342442496259
0.298975988250122 -0.142048063494899 -0.133157540277082 0.0622727764253672
0.366164747304471 -0.043645700513843 -0.189382383815306 0.0429980647774369
0.324163497129764 -0.178123557182974 -0.168573964920372 0.127402831321807
-0.0237152811664166 -0.316747570044604 0.00219254377950412 0.291352140216573
-0.309494357341583 0.0845787858570836 0.251470414527207 0.103545953823125
0.143427706799296 0.277702563598157 0.0936662386071585 -0.159654982639296
0.284155489333056 -0.171506093672714 -0.207953935838991 -0.0931843688353669
-0.111788981004099 -0.319421854129862 -0.128386147753279 0.121779206878516
-0.205579936362157 -0.121670066265826 0.110040313502711 0.12046943280762
-0.149910212205327 -0.212589189048108 -0.110113631329275 -0.202904383485863
0.00475274761201789 -0.302224689544804 0.169991862339953 -0.0353408366039637
0.264506290804224 0.00823497131553873 0.0164095108780194 0.228943406236021
-0.0902968269615403 0.242692249242193 -0.295697288309708 0.000337700984689341
-0.295726669209283 -0.143799210053817 -0.0768802512044099 -0.271671305630434
0.159114724104316 -0.319583187347315 0.0574205979664921 -0.110057058468457
0.401907121224173 -0.109163458193675 -0.0307916367324306 0.0150963555650393
0.411488873568673 -0.0526980186094702 -0.0338848228814027 0.0293602884800707
0.279199227157526 -0.259945448545487 -0.043081130113663 0.0697898390666432
-0.14198153965434 -0.266943019341975 0.00260884945255699 0.25593446054202
-0.229645213905452 0.177809152023016 0.289532992148104 0.165604192409428
0.213958577447609 0.1363090088232 0.15991970469858 -0.192496919984883
0.171024555268468 -0.251061841013292 -0.241185753621458 -0.0871998630662904
-0.179997123580596 -0.266906228645977 -0.128994482686783 0.213781710603838
-0.202850642106246 -0.0891681423837399 0.218771959782161 0.186162906675142
-0.120567414253011 -0.269786009757611 -0.0310848867915429 -0.125997510945489
0.124270940010324 -0.346456712391358 0.14650071609298 0.0284311480305464
0.325055155929611 0.123974358947228 0.0184717403935521 0.196432561582401
-0.229685543606729 0.268601731991576 -0.210433567050143 0.00200481295161057
-0.278304459342389 -0.278136729026795 -0.0765818443248695 -0.220221096706117
0.290141845509414 -0.287147527235287 0.0969688907737897 -0.151369484494954
0.436557998224228 -0.0340435406013865 0.113417066837782 0.00445321730065628
0.39906650390822 -0.0529726159796106 0.129895229858835 0.00922200739422916
0.204417833193427 -0.26855139212397 0.0362013008803882 -0.0222874809316275
-0.168225969130851 -0.193576459050991 -0.0318915819711556 0.231803067918394
-0.172632870792135 0.133045581006182 0.329228344186976 0.224955801518098
0.0924039237206054 0.0703818306490593 0.236232907050789 -0.22776771365519
0.0910552214983799 -0.131347312464661 -0.216604190739525 -0.114275797205227
-0.118367018169962 -0.155867566825554 -0.117901395627625 0.2290272445433
-0.136542661777018 -0.0540227510395438 0.302299187942578 0.210494055846036
-0.056359166654216 -0.252803533656877 0.0116978421910331 -0.0290360215025458
0.191559605436343 -0.239504764399397 0.063765180954331 0.0583120639287561
0.179293918507334 0.189646149285051 0.0350360779797273 0.126064872075047
-0.269126572322174 0.0948466079266149 -0.142911976412237 0.0130863044275736
-0.128984968995787 -0.277454066204595 -0.0673311266871151 -0.203026648779019
0.298262429173352 -0.160184064101554 0.174022571877236 -0.163424692104779
0.367642234122375 0.023214553003231 0.257466886843912 0.0327741885262368
0.327739319323338 -0.0459647578130736 0.273117629121245 -0.0103630087093854
0.134839298488336 -0.220725247755804 0.0835005763062362 -0.10892136718424
-0.141266180276689 -0.147713546611821 -0.0805138545360478 0.164648055208163
-0.147703724204886 0.0877442565112904 0.262042258762076 0.270998870457191
0.0122973397220111 0.0665293472041584 0.285197777899851 -0.191178435758432
0.0824305729831623 -0.0279028529873671 -0.16382291880448 -0.16569304906749
-0.0177566106379955 -0.0866701163154813 -0.145698948386893 0.19210580153602
-0.0502462794586749 -0.0383838549431756 0.32773417259324 0.213711971614529
0.00063517287057591 -0.166670430014494 0.0158556269984936 0.0428664183010851
0.149179302944239 -0.107559530792774 -0.00224851127749875 0.020773327403092
0.0426135030350578 0.110902835050367 0.104301588170627 0.0877760835108471
-0.143645007958087 -0.0293566104163526 -0.124968613526705 0.0419216071386997
-0.0315746828396044 -0.143148797610848 -0.0499563671261116 -0.204343892092416
0.177596919678827 -0.0623388092902419 0.231095991962781 -0.153790726647671
0.218736814396418 0.0243233239498091 0.361058980504814 0.060464310486482
0.20265738305037 -0.0360261573442571 0.372393849454034 -0.020819612988932
0.0751156113233187 -0.141315844242175 0.123826794951868 -0.168162654776926
-0.0839815751594579 -0.0993744021616284 -0.129438375647747 0.0672415118751241
-0.0993912457917365 0.0440876048106212 0.13733441448933 0.319647515105317
-0.0226921723624204 0.0302264114708129 0.322086265917816 -0.0958501203147406
0.0441694214601017 0.00759058075663661 -0.0875876350952412 -0.203968278898765
0.0329697954862681 -0.0471219887820652 -0.187060037125721 0.143649731112839
0.0100234002071539 -0.0343769682503785 0.308793991425267 0.216318556676154
-0.0359163891613243 0.0162392898122926 -0.273211159654735 -0.203762195945411
-0.0342176798103373 0.0185498764073735 0.184495257317909 -0.092304820315288
-0.00351099863205625 -0.00866676105344499 0.0377687160090519 0.199720093686902
0.0519915584716559 -0.00227632031980437 -0.295630328418425 0.0367741751380943
0.054317121268248 0.0080228998344932 -0.057233548589982 -0.313264840970522
0.00439430559906954 0.0399031903510073 0.134539712146447 -0.0247311839743677
-0.028499454730899 0.0331654049568532 -0.159395711287238 0.183086543773367
-0.0389756306499441 0.0181319996940138 -0.408974827585764 0.0376713528056169
-0.0352709087732998 0.0172364785753576 -0.422963932147129 -0.0376590319109082
-0.0103296010362337 0.0184478815357984 -0.267562331610247 0.201464627069414
0.0350588859845051 0.0149258755177065 0.0700968565773993 0.225002136454828
0.0355192242188278 0.00383998571636922 0.157677961036811 -0.0798746425972311
-0.0177359469942683 -0.0148011038993004 -0.172049490176043 -0.0997258806640438
-0.0552739823618054 0.0332400478977372 0.00766765063324967 0.026955993252296
-0.0238252627001069 0.0524563569805569 -0.0209648519272423 -0.0742168491310569
-0.0530308624913321 -0.00882345085976682 -0.254054955454086 -0.212548075331407
-0.0219136073494425 -0.0188473110369964 0.1844378249045 -0.0609529908110609
0.0476517888673631 0.00488729824456205 0.0020355100194042 0.227064156147524
0.0495592328513262 0.0561802965757612 -0.304642014369247 0.0104828529995152
-0.043627463674891 0.0339395646289247 -0.027651363240036 -0.297530919781036
-0.0358248626078578 -0.0588169960405924 0.11160506809738 0.00535075410102416
0.0638156251082865 -0.0579191986364524 -0.183871252600276 0.170656201064662
0.122326953747304 -0.00304084285561064 -0.389388110448826 0.0448937126574289
0.145200052158124 0.0101677576289913 -0.397276315982815 0.0329746867048369
0.104427363898679 -0.0788893537723869 -0.210912511900341 0.271421007589574
-0.01734960542907 -0.086310718239497 0.147916095038472 0.201803675501347
-0.0575737450160698 0.0189019085658146 0.12296440004521 -0.119621448272545
0.0259769928655972 0.0423959748222622 -0.179150694928377 -0.0688423990643833
-0.00206632456265476 -0.0633788376944278 -0.00364335092194041 0.0341549516208345
-0.0819271554239106 -0.0479912742609638 -0.0094596029804587 -0.0459712428058413
-0.084625780351982 -0.0524494523495274 -0.231842892035146 -0.224430308610063
-0.0252753313756759 -0.0685264094321056 0.166895578070784 -0.0484863065093449
0.0857454261394842 0.0189168948311679 -0.00977724112019092 0.247524433034622
0.013969848344421 0.103485293308247 -0.326074173575471 0.0224585723129368
-0.13497498028852 0.0171055958451351 -0.0588640780723835 -0.286773648415878
-0.0275004573373671 -0.155764022037973 0.0727492157639979 -0.0176694898002273
0.175381667166018 -0.121518818332135 -0.179422789397174 0.124773023899919
0.264126275757212 -0.0261804213501277 -0.309477392283859 0.0484652256276501
0.281707606226963 -0.0668625098602729 -0.303045354926573 0.111583898446864
0.1063491252552 -0.234211399213929 -0.0885872796877174 0.320583545688503
-0.197542456593872 -0.0922984236105198 0.225133852055974 0.134584387174146
-0.0616765175585461 0.185386268201808 0.0835627446439942 -0.140937115533978
0.185895626043546 0.0152675123859712 -0.166562039509847 -0.0688013255575744
-0.0145838634108484 -0.214151195193478 -0.0618329837406207 0.0452330801175229
-0.15158604485206 -0.110774936074748 0.0277941103548411 0.0272004469882583
-0.127975996410104 -0.122022733056509 -0.188751421035077 -0.227171159816878
-0.0389558239132119 -0.163607340222676 0.158255231965029 -0.0537905934680828
0.140383230369266 0.00420545451113651 -0.00454816052071519 0.246553000311824
-0.0284525304217174 0.148981817047141 -0.343676736663236 0.0199697657857436
-0.213846017233435 -0.0371831036456578 -0.0889371481613118 -0.294868585982846
0.034763938072845 -0.247975165625486 0.0516902123899265 -0.0644245426379132
0.294253696472262 -0.144061335879906 -0.131331350503222 0.0643341510501426
0.362522214272311 -0.0449230958675671 -0.186167198665767 0.0433986979130383
0.321051281906452 -0.179397009956423 -0.164552449005132 0.127154964659748
-0.0272072893602353 -0.315952307170476 0.00769843981172966 0.288483890121172
-0.305263396547404 0.0883170655913851 0.250262224494287 0.100403341739018
0.145339189000425 0.273764961343908 0.0907978360555026 -0.158731216552325
0.279525738815626 -0.173913301945004 -0.206582085952776 -0.0891816421774215
-0.116896288870517 -0.31294200392933 -0.123619486043686 0.123068519696877
-0.203483774739634 -0.116280987795303 0.110792081087014 0.116391811367459
-0.150535743823598 -0.207781501993205 -0.11422099403991 -0.197930207431804
0.000343057839741655 -0.297396172815585 0.16651135247695 -0.0362806454602586
0.263305707324052 0.00357915210480713 0.018863261366134 0.227364151766296
-0.0847833503449066 0.241294309692565 -0.294897321862691 0.00555158583823203
-0.294587547734018 -0.138083258639647 -0.0825267619353587 -0.267401989572119
0.156385405870604 -0.318898574558456 0.0537233610017535 -0.108677013128899
0.39538239429359 -0.111461786804529 -0.0314278857924432 0.0162634853321469
0.407696443317439 -0.0571740221774754 -0.0326156708229614 0.0297683679908165
0.274164456856347 -0.260501824174684 -0.0414137354464619 0.0687024581593952
-0.143084654922172 -0.263446387685273 0.00820291576778092 0.252641003470014
-0.225013735293809 0.180911500595095 0.287598291714113 0.160037106906377
0.215982588987361 0.133627707844572 0.155582026877983 -0.190860006695442
0.164647617133742 -0.25099044440222 -0.239724176084641 -0.0820141950242874
-0.18210488511559 -0.261307772596023 -0.123729615486072 0.213517344064499
-0.200413704761546 -0.084250505647891 0.220741508613691 0.179078560684798
-0.123650862011765 -0.263960727427682 -0.0344012801588587 -0.123679457377334
0.115712623251537 -0.343143282399673 0.144783052685445 0.0262128268843969
0.324722209658938 0.119863504457425 0.0189310661650424 0.193501347352989
-0.224042279745355 0.268538166937027 -0.209684677617249 0.00525363475755719
-0.278789650858562 -0.272217538845659 -0.0788911231440506 -0.217117452698647
0.284610768710587 -0.288325789821827 0.0937295861614329 -0.150727266535785
0.43007353644834 -0.037854676182014 0.111338951940212 0.00423361671040968
0.396428286254041 -0.0563955029464946 0.128888686970526 0.00726113573911126
0.198382286389314 -0.267365807459589 0.036569194821835 -0.0227680242861972
-0.16899341363412 -0.189450354571742 -0.0280753071821323 0.226703711087017
-0.169157834066147 0.134882535252355 0.328390883741276 0.217086690119421
0.092520805091433 0.0693364346107543 0.229728894108432 -0.228887370116091
0.0887468186527697 -0.13107147875285 -0.215607252283396 -0.109565079606472
-0.119624457003395 -0.151506920082898 -0.111505838201141 0.229207296974324
-0.134622144723436 -0.0509782382138546 0.303016627349042 0.201630975845268
-0.0610624429874835 -0.249056008217531 0.0102298043200205 -0.0282033172161494
0.184895724304813 -0.238704264706531 0.0628234377042419 0.0571912921547317
0.180440995128111 0.185430001709999 0.0356142709116046 0.123265026814224
-0.265421685496868 0.0962774142879012 -0.143322258552028 0.0153287238088913
-0.130007764452281 -0.273597329360022 -0.0697200781716627 -0.200172718487651
0.294444817450211 -0.162749167260124 0.169860551525944 -0.163219267116894
0.365329214146625 0.0213391413566553 0.254839192298164 0.0319844360465017
0.325274668915418 -0.0511069019441322 0.269319339199582 -0.0118078194897259
0.132447092189571 -0.221110610883036 0.0817649592370933 -0.109233435468023
-0.142516317915255 -0.144086857028921 -0.0770902133595789 0.160783674650305
-0.145114799517944 0.0894390909549335 0.261776977935464 0.264519436104498
0.0126379884596562 0.066532159344537 0.279232553831987 -0.192671096608025
0.0811810432868446 -0.0278030728894214 -0.164477543908271 -0.16086371882737
-0.0180092928974204 -0.0858685276194962 -0.140592356271812 0.192770314241731
-0.0479822693886996 -0.0376862298449403 0.328104233119571 0.204100370708977
-0.00213932743294396 -0.164306669728307 0.0165784817319663 0.0432515850540744
0.144840185587547 -0.109067843796344 -0.00365238515687237 0.0209260224089514
0.0447608218693977 0.109173768736268 0.101714744818188 0.0846905181863943
-0.143181351618527 -0.0285665513905776 -0.125162462979521 0.0427395832106014
-0.0330394351179299 -0.141915541954242 -0.0516255953991814 -0.202344626998916
0.176450590060399 -0.0647868307575186 0.226598571572094 -0.152319361435644
0.218280217652547 0.0235542335884098 0.35698859491669 0.0585283855773302
0.200344359412622 -0.0397917721012292 0.369888040638906 -0.0235703781324582
0.0727709930584286 -0.139771091574029 0.12365414079681 -0.167863392069543
-0.0838050363051976 -0.0975544648103221 -0.129021161227107 0.0637336738205872
-0.0974755019141981 0.0453143375769114 0.139312268537033 0.315540092544498
-0.0225928545978689 0.0306935969463551 0.318820918103119 -0.0982196252687337
0.0440603701715807 0.00651238276305845 -0.0888040165726075 -0.20047446626533
0.0327270705022064 -0.0475668576136179 -0.181533178867126 0.145148688574065
0.0108556747475046 -0.0362111233929193 0.308905164279082 0.208147540282256
-0.0349573135748562 0.0165578331584961 -0.275636468422712 -0.197779402359362
-0.0330349394629113 0.0187161267392521 0.182636943712097 -0.0957673829743482
-0.00382939962337358 -0.0078707578681855 0.0400023778199597 0.197941606982768
0.0503251923416598 -0.00375898233256339 -0.292850517175081 0.0393840356740818
0.0544309844230508 0.00667222292064777 -0.0625594353186789 -0.310480022627398
0.00439675465135412 0.040049262461727 0.131947155513635 -0.023606501854984
-0.028711290972788 0.0338089692587668 -0.156580664836919 0.184845908483433
-0.0376791777035489 0.0183465151655576 -0.407341338705467 0.0422063981579447
-0.0342179937696855 0.0177349368965476 -0.42254440484584 -0.0352146425650288
-0.0108273346645926 0.0187010507695797 -0.262590343300735 0.202513797612292
0.0350330869808897 0.0143230675193554 0.0716790206265757 0.222467829754759
0.035461021850989 0.00247846016065163 0.155920714843932 -0.0810962460775851
-0.0181761128424972 -0.0142081204176835 -0.172143563202369 -0.0941633996200172
-0.0548641127402719 0.0348950361227199 0.00898063962950173 0.0263256507672765
-0.0217898233947577 0.0531710869328514 -0.023270785764075 -0.0748412758822875
-0.0527281391989481 -0.00817370847654681 -0.255475627207133 -0.205168982616041
-0.0207335041919751 -0.0181859406971012 0.181202030758573 -0.0633910086560402
0.0479695249024844 0.00502214105972186 0.00507881291135866 0.224761437514346
0.0493612232541464 0.054686897180654 -0.302570260891252 0.0149930461690208
-0.0434510836084919 0.0347448246853971 -0.032355107142234 -0.295964934495171
-0.0373704446177015 -0.0582559259193748 0.109473531785018 0.00565986798730773
0.0633849265282815 -0.0593485904450429 -0.181032858746031 0.174133275802229
0.122285828394096 -0.00442175554770671 -0.389138948832872 0.048076382277749
0.145365070177692 0.00937382137173667 -0.395017426561452 0.0353449020096325
0.103069621470196 -0.0810418033695629 -0.205369035236562 0.272268900543356
-0.0179943422317175 -0.0860273864763531 0.149158160319661 0.19842188906386
-0.0564252481359298 0.0195191391503622 0.120740497946347 -0.120141326136686
0.0271449660293934 0.0425174799138371 -0.179204832920472 -0.0638655783378891
-0.00417561310610665 -0.0634296772106529 -0.00230469733591544 0.0338928607772702
-0.0813481480992213 -0.0463843092332002 -0.0104212511241536 -0.0467295780723231
-0.0840994442577452 -0.0507542219758478 -0.234735421848863 -0.217528962605103
-0.0243625278630648 -0.066139833016379 0.165171947783811 -0.0503101942548118
0.0880626061062961 0.0176944972417215 -0.00509350063718211 0.245934685416232
0.0162746296180169 0.10262253631333 -0.32453298601571 0.0263227872540296
-0.133643290151052 0.0186068565974937 -0.0627035195094227 -0.283682885370332
-0.0305604612302238 -0.155192868301787 0.0707799627504696 -0.0174704469841108
0.173585640495124 -0.1229829913163 -0.175647150805782 0.126751012755207
0.263079687985439 -0.0283635595659997 -0.307958157432948 0.0509262087483182
0.280648349523318 -0.0691615983187666 -0.299068343838136 0.112461493854149
0.102767251921601 -0.235015720470971 -0.0829864144104687 0.319482854106303
-0.197707622394708 -0.0900397827919109 0.226374191677545 0.130864544544558
-0.0584144112725716 0.186517627795779 0.080436297436396 -0.141242653540647
0.185174601834856 0.0110875004143077 -0.166607522713668 -0.0650830850740624
-0.017980513865082 -0.211305028188472 -0.0600933512101882 0.0467344737181773
-0.15272358273493 -0.106699685738228 0.0276635961026894 0.0256393931842064
-0.128377164136499 -0.120685739585209 -0.192673795079036 -0.220338082124888
-0.0406598844708988 -0.160858033244527 0.154519926087716 -0.0562909751276353
0.140597888182406 0.00283491590670249 -0.00130873645935598 0.245409218561042
-0.0251601922450509 0.148984570686191 -0.342590965176778 0.0268187477925886
-0.212059831703715 -0.0341917748098522 -0.0943018904655576 -0.289817099865218
0.0309706873942707 -0.246813782880206 0.0489936826958812 -0.0629714378601282
0.292856533758453 -0.146528809416749 -0.130702411542031 0.0663877869412707
0.361690622614459 -0.0506367036167247 -0.18487244168018 0.0453935932965053
0.319004285605496 -0.183564769513335 -0.162090092898831 0.127843893731876
-0.0296625355493121 -0.31446194200581 0.0124494087991168 0.285310101938858
-0.301846313739448 0.0926092281798381 0.250042557221881 0.0954391528003872
0.151727857516345 0.271091820986427 0.0884897906941634 -0.158545175122941
0.27519826260012 -0.178971745243161 -0.206758913041548 -0.0842313837354381
-0.121766914768842 -0.308333524696616 -0.120306186646388 0.12473233139995
-0.203437741036661 -0.111512026040335 0.112713275331354 0.111896620615117
-0.152363078365534 -0.204770018290536 -0.117446452858451 -0.193799913225014
-0.00476555258446858 -0.296485663914022 0.164326334293644 -0.0388718214943676
0.263163075085541 -0.000610724628368296 0.0218615374110835 0.225289977765973
-0.080759514230538 0.240361549816409 -0.295554635040623 0.0109660397693831
-0.293855159603528 -0.133433605150347 -0.086629338377807 -0.265564392444464
0.150809770192902 -0.320471390025614 0.0508983179968132 -0.107041378462284
0.393049489445227 -0.11574401817498 -0.0312421541653681 0.0180903259005573
0.406069218037141 -0.0614005140388767 -0.0325699264630752 0.0301610877156787
0.271139774854694 -0.262015045799556 -0.0392609845487708 0.0677763694439753
-0.146293570471305 -0.26130242762511 0.0122664007491996 0.250018474600183
-0.220397327252457 0.186089530621611 0.288564479847832 0.15537167462151
0.217049732743099 0.129241910455239 0.153181106706285 -0.194005696048227
0.15994203054995 -0.252756892576808 -0.239228692543656 -0.077183038332412
-0.186627255371152 -0.256431287069302 -0.118715992010786 0.214099339981731
-0.199330331336198 -0.0803519027445642 0.222775898438978 0.172328461904495
-0.126345722841812 -0.26122876140866 -0.0369276158274048 -0.121693962073113
0.109023639115965 -0.34319019621765 0.143219557073519 0.0242405460782444
0.32718616601777 0.113031564198679 0.0211375213470439 0.191848211394039
-0.219266440317949 0.270286327703088 -0.210238968641475 0.00852648130627566
-0.280498716381032 -0.265949863964412 -0.0829397008198251 -0.214274261190881
0.279866879092484 -0.292012530971637 0.0908527679105835 -0.149182788732047
0.428879474053342 -0.0420458580569574 0.109742165330617 0.00487975087975645
0.393770227022374 -0.0623434131384545 0.127110150776776 0.00698936841121567
0.194865367332406 -0.269291215218767 0.036415113735661 -0.0244277605378916
-0.170577489216054 -0.186207258971981 -0.0238845251884919 0.223709208001581
-0.165278274364053 0.138030162613352 0.329995508629954 0.209882768682833
0.094698691612254 0.0678442025934467 0.224865938326702 -0.231400637349036
0.0855771954139165 -0.130912087340151 -0.216454418140229 -0.104586168389754
-0.120976308005204 -0.147360669582313 -0.107991798874924 0.22939875121055
-0.132390669859085 -0.0471855946550663 0.30597220476566 0.192417056044372
-0.0630095639737904 -0.246086661568622 0.00906725327089495 -0.0272955222378224
0.178818435561602 -0.240716415111395 0.0633025912601425 0.0560200335077126
0.184036580873754 0.18053796948811 0.0346152149763053 0.120999848146134
-0.263985218221603 0.0998083313437141 -0.144351649816451 0.0176038584694131
-0.133319272974374 -0.270219553743477 -0.0715693564487396 -0.198459640536638
0.290472352091635 -0.166941809480775 0.166022770844713 -0.161916130929943
0.363753641971811 0.0179644641918652 0.253828343948957 0.0309926567197362
0.323607650101107 -0.0568785548950154 0.266635975869306 -0.0141775454053955
0.1275988152437 -0.220770492387758 0.081718955698242 -0.109461325381155
-0.143301522782401 -0.141797791581188 -0.0744249347077586 0.157514192129596
-0.142338187736966 0.0924825621898275 0.263617102344374 0.258408222659035
0.0132449832511632 0.0667680738071301 0.273663919240644 -0.195253496563244
0.0806053375171902 -0.0289722478058396 -0.165504841305397 -0.156662519967101
-0.0187026138021067 -0.0845765685324908 -0.136443761793699 0.193855782620289
-0.0472354748936962 -0.0368634495729335 0.329282410109477 0.194934558409407
-0.00395086591414717 -0.164415248767268 0.0165458674494377 0.0436089578266505
0.141926508463975 -0.110765659482733 -0.00298551893026188 0.0218844809036126
0.0457001070266468 0.107436726028747 0.100840247022962 0.0815729149825111
-0.144778698466797 -0.0268935096222161 -0.126298083030804 0.044613503447086
-0.0328385199525536 -0.140753252485519 -0.0545154832490254 -0.201139022534074
0.174254254583846 -0.066571079008476 0.225199628478976 -0.153039901974872
0.216780732435445 0.0213262264623739 0.356535409062989 0.0567158046131541
0.198523925417021 -0.0422200717509767 0.367515815393887 -0.0274866532955764
0.0694151810137302 -0.138506960203719 0.121744111664801 -0.168228401883452
-0.0851986641220316 -0.0957948452814332 -0.128915100925207 0.0625030810332576
-0.0961474790584616 0.0463468043422687 0.141390113049229 0.312065082980951
-0.0231034060349882 0.032067796331515 0.313953847889888 -0.101342560656719
0.0438050461199451 0.00599327169949323 -0.0907197528961598 -0.198324045778205
0.0316787074523307 -0.048146264188468 -0.178677094402893 0.146984249906799
0.0108444037247218 -0.036267956515798 0.311211430090015 0.200333380662033
-0.0342430632447847 0.0292734823484398 -0.303602983840423 -0.147667482733846
-0.0320329605100983 0.0232206100077642 0.164476346331326 -0.127393929430195
-0.0038196505700403 -0.00890621760162117 0.0729673085095105 0.187838196798438
0.0498736042249633 -0.00964306202786111 -0.282754258622451 0.0890641646324126
0.0513135274049094 -0.00222532665744441 -0.112630439055228 -0.29547908621082
0.00983437538388057 0.0384397552696038 0.125661251856845 -0.042490587210688
-0.0210509997881575 0.0373240715220294 -0.123281324164678 0.209118868826732
-0.0323106294529839 0.0244308765440487 -0.392299715000195 0.113030944362898
-0.0292313207920506 0.0244144729282286 -0.420190211972268 0.0364302913404928
-0.0099819080085312 0.0209333568133677 -0.219076223327385 0.239951816296513
0.0375976667078649 0.00842275859727757 0.106589488413892 0.203150980584114
0.037568259798251 -0.00446480366875347 0.137885562270901 -0.104846831685632
-0.0217307861948357 -0.0120534833780747 -0.183052094458035 -0.0593262224703173
-0.0469167495526158 0.045342987455056 0.0150821487064853 0.0231435994976579
-0.0116455746107297 0.055406971694218 -0.0356787395216196 -0.0693931897165009
-0.0553655900004719 0.00830709022606788 -0.286280708084707 -0.159799247841208
-0.0266349543081241 -0.0143454540965709 0.168483000230154 -0.0941776568795331
0.0501958190924134 -0.00515825907853975 0.0430212120996972 0.219634364658524
0.0615072173519856 0.0483153137183964 -0.297451980676668 0.0661186828415044
-0.0378892257535342 0.0439822681338348 -0.081361399898276 -0.285495535891649
-0.0478758070948879 -0.0500560111555622 0.107799097390579 -0.0106743160814596
0.0514183707949143 -0.069400918864199 -0.149234561796194 0.202785204405674
0.118866968840272 -0.0257577399278776 -0.37270666876873 0.1158142018818
0.143798563688067 -0.0162327305944196 -0.381556010195654 0.0998721451859199
0.084260758815975 -0.0953468356562701 -0.15061635646609 0.300213308534301
-0.032355240329183 -0.07973914705093 0.179055476998365 0.16697906648626
-0.0498141416697402 0.0293636906654907 0.0964127446455359 -0.137762580528448
0.0321616912589948 0.0353102427567778 -0.185818780276846 -0.0292552866254267
-0.0167431568205379 -0.0602583058081385 0.0052309065687289 0.035045332681378
-0.088954895226703 -0.030881138978156 -0.0181738778025487 -0.0438081415233681
-0.09450180129792 -0.0276929475468029 -0.268554283814846 -0.173987227463323
-0.0375593234182847 -0.0622661184044226 0.154402530000428 -0.078336820549076
0.0920210203642328 0.000107053085845093 0.0342607432530267 0.243533729913482
0.0371034336970542 0.100829719303495 -0.315813004178337 0.0813117496972835
-0.128392786916561 0.045165857895727 -0.109488568857625 -0.268522634668476
-0.0588271683207715 -0.146306488676221 0.0660520372176504 -0.0262793931329277
0.148434942671501 -0.151761104904938 -0.152085977705209 0.157145171809737
0.250608480099355 -0.0759886432199198 -0.293165407691369 0.103493548070176
0.261985266688935 -0.116492189910674 -0.27313133714205 0.160446822859651
0.0572710129557728 -0.247079373958903 -0.0236007387128495 0.324308939120149
-0.208862473764547 -0.0503723809227741 0.243276963819483 0.0878838989216875
-0.0220820956762664 0.193610601937821 0.0532849509886057 -0.152377728819122
0.182950709986778 -0.0246170759770117 -0.174794709372823 -0.0309750561795237
-0.0593278676756117 -0.203709905078995 -0.0486538039550998 0.0583475720957723
-0.168727904510278 -0.075162968841145 0.0326920908319442 0.0197305047036553
-0.150151740000582 -0.0876478623292276 -0.22770694161144 -0.184407428791778
-0.0716735182747492 -0.151055157054955 0.142789530050204 -0.0817336714542653
0.14097264947973 -0.0247188741092415 0.0402915456679388 0.241440913007012
0.00563184279128389 0.153903068956625 -0.334743852962046 0.086655563868482
-0.213280371157395 0.00912782822119033 -0.141722041480365 -0.269202195921771
-0.0147480770170392 -0.247314400381988 0.0370154191582264 -0.0680131076469686
0.259412772154061 -0.19615701086857 -0.1172561930325 0.0905258622412948
0.341727265269453 -0.113516585429967 -0.174777063562222 0.0764967605120716
0.278632183093812 -0.23415378850446 -0.134884442874633 0.152645702804293
-0.0867999958211199 -0.300479261141716 0.0640297792678465 0.274764733290979
-0.277457520730208 0.147421367074859 0.260390351301447 0.0482415123591893
0.200868073176781 0.237386550947805 0.056190982967125 -0.171800377273522
0.234562656915797 -0.229176022760982 -0.217264789592429 -0.0404061516081202
-0.180292206579651 -0.278166671428731 -0.091508138127816 0.146374360356416
-0.217988512492301 -0.0693769202358699 0.131980106324699 0.0886158012253827
-0.190994002671997 -0.167236979166369 -0.149862426067497 -0.170877067448488
-0.0631486771900679 -0.289067420517202 0.154847849233882 -0.066012934602711
0.259898853811047 -0.0504288296587767 0.0574147381143934 0.218400177429775
-0.0296119630390398 0.254349945385673 -0.291088089919383 0.0619612934684215
-0.312240370768384 -0.0736837698509115 -0.130468058290039 -0.246077693011901
0.0865290635912724 -0.340888533370718 0.0322655671287274 -0.112108409854302
0.36201832557289 -0.182565985835613 -0.0279357025815714 0.0259112797619682
0.382451081129672 -0.134104745688106 -0.0283909530958935 0.0358698522296753
0.218021179475252 -0.30328072060863 -0.0264015587421484 0.0743444555229489
-0.190891457405844 -0.227903012344476 0.0578402160555613 0.239747400619906
-0.181355482662492 0.223841100093776 0.309219862973872 0.098336857282499
0.237781292890912 0.0849615784470645 0.113176788582668 -0.215704785884398
0.108073646535737 -0.280084262359051 -0.245807349901043 -0.0284973696625306
-0.233810810873045 -0.21240335577723 -0.0722481200748911 0.232549786531854
-0.205081489396644 -0.0382001400615763 0.250579582002445 0.126893427660909
-0.176069069504225 -0.230200917050102 -0.0572685364707603 -0.113255816329
0.0391251322664967 -0.356913521278678 0.144452663995706 4.9860474734784E-05
0.34198528921076 0.0477893374992227 0.0509912401024733 0.18480638396609
-0.162599834507034 0.307776841893289 -0.208059328803706 0.0433452190370992
-0.322666571063713 -0.205029931888689 -0.116689689474042 -0.197743058929211
0.218826668927536 -0.336346625805098 0.0643814843186709 -0.159854463875492
0.410054312327277 -0.117709047656447 0.109109624385859 -0.0110877130254391
0.370709033725657 -0.13294647670856 0.123592349917035 -0.0140128773195528
0.141435431373565 -0.296337403074213 0.0322783026940404 -0.0280273628008018
-0.201326108680115 -0.150292747574234 0.0192434493425888 0.219262143606953
-0.136443468952791 0.166846900496679 0.355982195547636 0.14357539463903
0.105679367637921 0.0481635917049778 0.176577660342965 -0.264590204631319
0.0576913052643243 -0.145835595300278 -0.227388475725805 -0.0606683115055409
-0.148439990719687 -0.118749083539217 -0.0604245193701534 0.244500441594304
-0.133457002044409 -0.019328770288572 0.335341598693853 0.131977538544757
-0.109961803479952 -0.230014572516377 0.00423044869191751 -0.0266009939681333
0.128626932521879 -0.270896614826639 0.0706182350983221 0.0454398748607348
0.21335756158991 0.140792409070306 0.0525874683197992 0.112052377554096
-0.238830018033674 0.147772866368366 -0.140561654260959 0.040804058617956
-0.179513214741256 -0.239089018691887 -0.102864397101797 -0.183712396153254
0.253396176905137 -0.217167589327599 0.138114508516695 -0.185626612529425
0.359239267482745 -0.0475166027491303 0.255344025208082 -0.00868176152928869
0.302726818948819 -0.114196058732766 0.25827408554823 -0.0586708201218033
0.0842959847407674 -0.237772838174815 0.063013869744256 -0.119881860512833
-0.166134439786578 -0.111531685413967 -0.043862825753016 0.162378617639884
-0.121690338646887 0.117847422284856 0.301219458144377 0.203528165290924
0.0272567137955068 0.0611384514159463 0.230971710383661 -0.238399556614889
0.072248771708568 -0.0458854287155694 -0.188044439293026 -0.122411508484558
-0.0359743303349801 -0.0770865124500418 -0.0975262193632814 0.21466413062736
-0.0475975179220431 -0.0262273658514225 0.35674894299096 0.129441639586725
-0.0341550113133686 -0.161500224901041 0.0248410806287233 0.0413326248786014
0.118103461478465 -0.134075884117514 -0.000155156810070872 0.0231377889886295
0.0647352282064315 0.0928903894908749 0.111353664396261 0.0621067788545576
-0.1453424065829 0.00252056317470423 -0.119132284809197 0.0658027959312011
-0.0586921301857255 -0.130034086335712 -0.0858489122453709 -0.190396278364974
0.156963008945698 -0.0969155916111138 0.197238287570546 -0.185858783848727
0.216656415771663 -0.0176453603904542 0.361428663221121 -0.00148078217415954
0.184446885219128 -0.0784666349571019 0.353551196075453 -0.0911871619251924
0.0432001279339708 -0.146024562621514 0.0935162333333966 -0.184651391136253
-0.102049483350179 -0.0779900269789329 -0.115163107885299 0.0803453323017842
-0.0868606131392925 0.0657722247085778 0.192350668026031 0.278529872060924
-0.0144462157345549 0.0353258953889212 0.28667485135895 -0.153878127802675
0.044122126413617 -0.00416081542067765 -0.122816259338979 -0.176727990168375
0.0192057669241003 -0.0516806173780024 -0.147478694168617 0.175721921737723
0.00869850127699507 -0.0357388335293869 0.33970000068982 0.138807051061252
-0.0335099939716883 0.0293833487602424 -0.302625715047796 -0.142222247538866
-0.0320512829971642 0.0238783036067258 0.16121274495933 -0.129184316250487
-0.00558437270660542 -0.00782349144762027 0.0743752216384801 0.184687282293565
0.048254495035751 -0.00925589589571834 -0.280705770812219 0.092053008100928
0.0510192279670915 -0.00393665091679127 -0.115464540704847 -0.291921209131536
0.0102290623304791 0.0393022200262779 0.124090432082734 -0.0408412383688991
-0.0210961778645556 0.0378842802920948 -0.119733140901712 0.210231790403263
-0.0316452790031207 0.0254935314246097 -0.387153097534289 0.118061524247529
-0.0292499269535196 0.024987674844386 -0.41743793941898 0.03661717098134
-0.0106539347909282 0.0215480156952315 -0.213689441803356 0.239072523058004
0.0375426494957069 0.00789913886555028 0.107516238380275 0.200031384327137
0.0379102456024989 -0.0054447808557631 0.134872783243543 -0.105790782399554
-0.0213899779006794 -0.0118722729651326 -0.181308482618889 -0.0554026681852829
-0.0457665148570677 0.0458183132610064 0.0157320468325965 0.0227947810344777
-0.0106942113256004 0.0539952534482234 -0.0369310076244588 -0.069018410128423
-0.055059312276025 0.0091836114416012 -0.286626130059652 -0.153549794079028
-0.0259283182994381 -0.014865286241394 0.166807273218312 -0.0973489575810642
0.0501453697727756 -0.00454685054242094 0.0450464240536026 0.217494262084414
0.0606183306938875 0.0479997988938373 -0.293815855621132 0.0694923281030668
-0.0369608084529332 0.0437983844005875 -0.0835803321946085 -0.282680361654135
-0.0490271735879182 -0.0480887254119157 0.10682244437605 -0.00939324905149145
0.0500915234778246 -0.0689214459326073 -0.144017221206352 0.20412538386495
0.118437146280997 -0.0270340257440698 -0.369360819812964 0.117764915193506
0.143963051022998 -0.0174949535116312 -0.379256796636667 0.10043950291245
0.0819090047040098 -0.0959342014034679 -0.145434831867713 0.298209484700934
-0.0325911528614546 -0.0785926263459201 0.17923133925628 0.163917636577737
-0.0482578177964074 0.0293831710514199 0.0942381254167454 -0.137745247532651
0.0325755192560167 0.0342310354501748 -0.184458389776697 -0.0265503807580783
-0.0175766343617104 -0.0586500518436476 0.00619399534000421 0.0339740618152704
-0.088090008338291 -0.0288685714867075 -0.0194525810054143 -0.0442088281204444
-0.0934605506603455 -0.0263778065572919 -0.269582849939777 -0.168202836129225
-0.0372853267175906 -0.0606104215362475 0.151470328772146 -0.0795235760680159
0.0923835004180183 0.000221965079172614 0.0376654862643217 0.240811555852018
0.0379435669821406 0.100582632821085 -0.312971522746832 0.0866639583319342
-0.126532080590794 0.0472175971036115 -0.112633275368822 -0.263423842373192
-0.0604351645471268 -0.143092623540078 0.0644481561774346 -0.0255225100939864
0.145734530127012 -0.15249030513635 -0.148958850500064 0.158599157098039
0.249263671649196 -0.0776213177486908 -0.291829303307351 0.106008922197383
0.259620087555202 -0.118558183227741 -0.269218842784144 0.160731949818425
0.0540909005495781 -0.246960711266873 -0.0175579917214536 0.321169910552991
-0.207837175445061 -0.0490612920029568 0.24282458972736 0.0836425594912125
-0.0187232178752783 0.1933845331909 0.0511300402105657 -0.151087223649732
0.181425536503301 -0.0276889746710348 -0.173135097083539 -0.0277094329788543
-0.0620201150788286 -0.200200856776858 -0.0466231818523837 0.0583707357679425
-0.167366949292669 -0.0718814292844235 0.0327436965475203 0.0179644234444916
-0.150399595940221 -0.0852594641490371 -0.228515854823117 -0.179918971250701
-0.0734587121700558 -0.146797155932801 0.139755332614601 -0.0833993017321251
0.141023448081218 -0.0257105074634166 0.0425526194174115 0.239984379602476
0.00732838687686046 0.154350866539764 -0.331077746152251 0.092058736276346
-0.211924178508558 0.0117131484409873 -0.144495895182374 -0.263177329910061
-0.018086981005463 -0.244259909505925 0.03426624676427 -0.0674446261977131
0.255839970691041 -0.196001694647637 -0.115490249697435 0.0925519815724804
0.338758619453663 -0.117003070583892 -0.172865436438729 0.0779625954834141
0.27463875889208 -0.23636815445845 -0.132126079568534 0.152011799267978
-0.0913738363491896 -0.298829324447188 0.0679737321748588 0.27111203943423
-0.273728909530722 0.149119987238371 0.257772565153399 0.0457538274373588
0.203488900348467 0.235027447530727 0.0551826752047528 -0.170189114170298
0.23123246881484 -0.230502495984495 -0.215144299905373 -0.0365530864840188
-0.184163093964617 -0.271893672137712 -0.0872173136577993 0.146287796841656
-0.215837841581069 -0.0657838597564814 0.132504390785305 0.0844875853901901
-0.191240283605941 -0.163299250838653 -0.151948345423318 -0.166619685084671
-0.0658118801142003 -0.28441828820728 0.151087846767023 -0.0681625521869722
0.259955103846475 -0.0543297303415175 0.0590535522616093 0.215704305317632
-0.0267999779530107 0.253154783313734 -0.289880696503218 0.0668408548649319
-0.309978030361638 -0.0685188523110978 -0.133469992102777 -0.24220396382022
0.0829868670212568 -0.337944967342514 0.0297373346864476 -0.109926687028009
0.357768696119806 -0.186238844445815 -0.0275316577738493 0.0269067429880776
0.378933476997234 -0.135674404007847 -0.0273011485748917 0.0359299568275244
0.213724273089244 -0.303332262736754 -0.0247152172590602 0.0735517354192298
-0.192665911898404 -0.224182615618176 0.0607779010418175 0.234881276367898
-0.175570887975945 0.224244892925771 0.306169855693854 0.0930607388256839
0.239009896134901 0.081960861953271 0.109871726562586 -0.21639642256678
0.103691280951607 -0.278517002537019 -0.243432150323469 -0.0240683069527997
-0.236057137225709 -0.206039514595924 -0.0690456700408776 0.2312178574222
-0.203126108681167 -0.035877823812366 0.250582254249353 0.120207730970055
-0.176719342639778 -0.225684917491455 -0.059534961720303 -0.109928500710524
0.0347795843939218 -0.354778695057965 0.143133600226026 -0.00240061709963481
0.341501037376027 0.0418819926049227 0.0525695776306539 0.182494828747899
-0.158183930128518 0.309359954362551 -0.207507020954586 0.0457191651904726
-0.322666245741982 -0.202366829547823 -0.119594784078853 -0.194214689905033
0.214332158237924 -0.337005916204672 0.0614143801968191 -0.158278223585613
0.407481880803732 -0.121241081242512 0.108180840332088 -0.0108807156851958
0.3676550189752 -0.135696628357959 0.121857110585748 -0.0152967231366283
0.138206925151018 -0.295669918795265 0.0325956029534479 -0.0296456201829024
-0.201059067435376 -0.145923714062994 0.0212446054651021 0.214444080356134
-0.13185737675305 0.168655656713889 0.354399881546042 0.138434064261908
0.10656376039267 0.0464043617650942 0.170990642687485 -0.265822259773211
0.0551657792261589 -0.145009943508182 -0.228421349194131 -0.0570355027936225
-0.147911716944716 -0.114522954031083 -0.0553875637216785 0.243600540595472
-0.131154115506028 -0.0185906119307202 0.33256153370861 0.12394397574061
-0.112259567203432 -0.227125669020128 0.00379500722828519 -0.0261919965349662
0.125054236316185 -0.2701265631294 0.0700435262829427 0.0447131364061223
0.214206980307546 0.136251658860203 0.0520490277844883 0.111392680294495
-0.235653358772037 0.150724158988698 -0.141764644512741 0.0430088045610118
-0.180130704934213 -0.234945615333534 -0.104997212761752 -0.180432792852569
0.25040230589878 -0.21766198434269 0.135464638491698 -0.183969651221614
0.357299549487572 -0.0509259579628833 0.253063387695163 -0.00968792394962561
0.299659368737339 -0.116470806734363 0.255243544502413 -0.0614874193317148
0.0821355662465509 -0.23628610657249 0.0629218223660979 -0.120329015258018
-0.16694761722153 -0.108909586517384 -0.0428108337596378 0.159368473808742
-0.118301593640352 0.119449391810977 0.299915095429109 0.197734994301056
0.0292054010565408 0.0629474955497835 0.224850170184323 -0.238182404182758
0.0713379208889057 -0.0457274341920998 -0.188211435164931 -0.118620065977682
-0.0360568299332645 -0.0757482937129802 -0.0933906735677913 0.214600128109879
-0.0460668069059295 -0.0266015229327975 0.35644928598963 0.122311163601609
-0.0363076431661986 -0.161568629281152 0.0256948760900352 0.0421792542953469
0.114999304317028 -0.135046984385972 -3.56358326587951E-05 0.0237856361862963
0.0652981268396536 0.0924392731616841 0.109711303398589 0.0605431781942216
-0.145869724688974 0.00288133558870624 -0.118312673338254 0.0670864940307204
-0.0590709882853498 -0.129279833836429 -0.0887295675033357 -0.187308605129415
0.15471302575665 -0.0977001619829904 0.195521260834539 -0.18537884438621
0.21518186357813 -0.0194125817245324 0.359496683743593 -0.00433297129343605
0.180498269208764 -0.0806559427059615 0.351807358449477 -0.0943640294515388
0.0427723537276157 -0.144212420449636 0.0927826338735423 -0.186314055117375
-0.101859024833264 -0.0765315675113103 -0.115127924180965 0.079328889651701
-0.085323897107636 0.0670975718576022 0.193187151510919 0.275241007933802
-0.0147229532779406 0.0358673742382022 0.282797906577983 -0.156928019587663
0.0431828758383692 -0.00372539816567446 -0.125488541880132 -0.174885620122909
0.0188521065671408 -0.0522174456076058 -0.145295901342686 0.177263022294911
0.00940862935161028 -0.0369432165553828 0.338549878605613 0.131126402157027
-0.0343136501757135 0.029971580647536 -0.303858332607703 -0.138395611385199
-0.0310725068587854 0.0242873384722969 0.160437835511494 -0.131719395412875
-0.00544972854379014 -0.00728095496451188 0.0749363768249819 0.183569109140249
0.0473486119573109 -0.00999308227437143 -0.279755445597338 0.094913898071009
0.0503023048552742 -0.00518926737357692 -0.116576214397043 -0.288890856871929
0.00982749994910034 0.039506429004758 0.123726021869574 -0.0393716485380504
-0.0209578786551017 0.0383497059573326 -0.11877712457942 0.210891269809047
-0.0313758242721021 0.0253101506246166 -0.38689221211683 0.120311041973416
-0.0276469925512403 0.0245487192061518 -0.418555951746552 0.0378119527278902
-0.0107558792990578 0.021713978256142 -0.210688438351739 0.237661587126705
0.0379300348919694 0.00684841393395735 0.106976558921501 0.198056926274002
0.0386140592937109 -0.00617722012242034 0.13542168524549 -0.105126789279086
-0.0219630451844314 -0.0118991246578727 -0.181161476305098 -0.0529151473000246
-0.0450338331426955 0.0457538445333958 0.0174848761664766 0.0220156518458345
-0.010321452539138 0.0542651359461622 -0.0372347949770679 -0.0694350382185599
-0.0548746969146922 0.00947160933121269 -0.286788773077669 -0.15036112019498
-0.0254464550260886 -0.01355638661969 0.165574884049867 -0.0998808194213519
0.0500543846214725 -0.00511782370085416 0.0465674648165735 0.216249202597866
0.0607949756645778 0.0468971268289271 -0.292936919324294 0.0723456130806762
-0.0362997042043552 0.044053059183305 -0.085259082174135 -0.27954992678397
-0.049556647967001 -0.0461354185777905 0.10638233402864 -0.00788673573028687
0.049163188434576 -0.0691854313986541 -0.142824655689605 0.205029542681691
0.118457019299596 -0.0285117593742697 -0.369245537567192 0.120725728994774
0.145042299858474 -0.0172168290931155 -0.377901770298275 0.0998566297118253
0.080942869383516 -0.0960785242171757 -0.143546085395344 0.295678329203891
-0.0329794139191495 -0.0779765971972043 0.179640303863197 0.160361810512037
-0.0478218453066933 0.0300702091232477 0.0934194986859097 -0.136638803314069
0.0322899138574673 0.0345465900650058 -0.183530207384286 -0.0230883469981649
-0.0188220357858273 -0.0583038548219915 0.00744317764217817 0.033059274727174
-0.0877673489806684 -0.0279048347652462 -0.020340688455362 -0.0441419830642504
-0.0936532954379208 -0.0255395693882541 -0.271430354608881 -0.164582539149852
-0.0376894473486397 -0.0599598129456944 0.150596443663099 -0.0818002091932104
0.0932745981086074 -0.00029272546063035 0.0388455476438687 0.240613055379451
0.0390871243727515 0.101269638612147 -0.311089447391555 0.0894134864521041
-0.125636628737511 0.0474655628601629 -0.114406002509696 -0.261005492271155
-0.0613046942540044 -0.141947650368331 0.0631692592212676 -0.0237655063864417
0.144745610891917 -0.153543302485436 -0.147582062479347 0.159930512350155
0.248731387900921 -0.079394980561953 -0.292036945244927 0.107113539382392
0.257874189913666 -0.118582166814037 -0.268358755837491 0.159657524774673
0.0516013723362076 -0.246195931517984 -0.0143917699822381 0.318414777658685
-0.208801552069954 -0.045981808188704 0.241615898280816 0.0815941424710052
-0.0160351305335601 0.193890174962842 0.049546833716039 -0.150046478010685
0.181240869414062 -0.0280070616887968 -0.172511832520166 -0.0251673961181439
-0.0645600445235056 -0.198213740064596 -0.0449096711031702 0.0581449841711443
-0.167529160144995 -0.0708427419222893 0.0326794223599344 0.0161474151015641
-0.150987356242723 -0.0841661009313186 -0.231769184861393 -0.175970507369919
-0.0745536440150111 -0.145679162224237 0.137836918702914 -0.0849214376542319
0.141389855780391 -0.0263761115264048 0.0429363320778014 0.239174047406076
0.00831678707862721 0.154184482865433 -0.329938957657568 0.0947898864904541
-0.210637424049744 0.0132304633802599 -0.147844007145362 -0.261310293888138
-0.0204361026260023 -0.242940876563541 0.0330036075128111 -0.0654587898128018
0.253932796451404 -0.197650452426287 -0.114133078260064 0.0939161994266592
0.337474303475178 -0.118330145288776 -0.173453546876691 0.0783471919225602
0.273238737965919 -0.236368509732597 -0.130217913703729 0.150951430495347
-0.0930581608723294 -0.298679448283389 0.0703772757034351 0.268503954418471
-0.272142769152221 0.150747520757696 0.257330013997071 0.0429610918127466
0.205476520735736 0.231848643860142 0.053762569371501 -0.169162483135343
0.22744527457248 -0.233427853311284 -0.214563227176714 -0.033179754657641
-0.186419195386655 -0.268866959232537 -0.0859144778077514 0.146738395181734
-0.215254163242091 -0.0651879921917707 0.132195647027952 0.0812654035600756
-0.192681702048154 -0.16160944571224 -0.15459685956833 -0.164541241841507
-0.0685282519903317 -0.283456124705018 0.150482888148575 -0.0684220168248291
0.259022034812648 -0.0564213884799332 0.0594201449675137 0.215467796425611
-0.0254285638788731 0.253169678525428 -0.287657538484954 0.0697327930043626
-0.309865835074341 -0.0661742536402355 -0.135841730689207 -0.239601070405491
0.0815178465296384 -0.336927742955418 0.0284881414218305 -0.109361997059931
0.357893949584174 -0.186341192331186 -0.0272019019105083 0.0289379151413058
0.377803188794939 -0.138477787834225 -0.0274671777217213 0.0365492917854263
0.210710961199935 -0.303828482697108 -0.0237348233490992 0.0727071921526773
-0.194932684332018 -0.221964353292842 0.0634457492235457 0.231133286664949
-0.172770842870433 0.225824739380058 0.305864422690281 0.0908527832813982
0.239229655488521 0.078723933796408 0.108252911500115 -0.215864107573136
0.099771748994936 -0.27921498475756 -0.243563478794707 -0.0221554711394616
-0.236777212126474 -0.20145437269904 -0.0650383544828444 0.231073483322331
-0.201844568365791 -0.0335120576998251 0.250941181717774 0.11578888070257
-0.178481782842247 -0.224572285679388 -0.0608992736183073 -0.108980512313368
0.030796700871913 -0.35255129704886 0.141869445244027 -0.00304816921131695
0.341822856396134 0.037805284028555 0.0517310790712108 0.181792468305153
-0.154987072249957 0.310339338641712 -0.207726976786092 0.0481826857032956
-0.323132358677781 -0.199978652519306 -0.120141646558087 -0.192582028302997
0.211555411626422 -0.33654513410999 0.0606995439194577 -0.157093215711251
0.405260707549714 -0.121011994208541 0.108581359899735 -0.00984947783310629
0.365852957256995 -0.137988994365826 0.121870069697631 -0.0146992566685182
0.135473871923309 -0.294343652197486 0.0330241641498542 -0.0300662482892544
-0.201209463756479 -0.143921369253173 0.0234365411728007 0.212108277008613
-0.129297937664177 0.169065566538807 0.354016247587334 0.134181773022893
0.106361993653812 0.0462528809975334 0.16797983254632 -0.26626449171634
0.0542470947463758 -0.144649083430494 -0.22734092030869 -0.0553032553292614
-0.147508185996066 -0.112434140236843 -0.0529428127664043 0.2434265269799
-0.129572059510504 -0.0173278287568842 0.333462769732653 0.118907438649252
-0.115387602632044 -0.227546278913304 0.00425209452400431 -0.0251707306986856
0.121773526901216 -0.271450574694746 0.0710932130030886 0.0445711703384664
0.214389839390738 0.134228668098244 0.0510538991656275 0.110318787655994
-0.235974264248802 0.151834543667286 -0.140896727348072 0.0451882654662763
-0.180764348633784 -0.234273794418863 -0.105545242249473 -0.17910254841444
0.24836820401413 -0.219477065663364 0.134348190307004 -0.183474442976429
0.356522695258555 -0.0522428098771001 0.254656866414116 -0.00965591346944873
0.297732034184705 -0.118741047634973 0.254254212914674 -0.0618804921993214
0.0805605869704905 -0.235388629391041 0.06432024664517 -0.121188241628159
-0.167672794775705 -0.106924778320003 -0.0414000403196305 0.15699563721213
-0.117881275305112 0.121058767555556 0.299875714962724 0.195517947682819
0.0291189167811197 0.0631522028777026 0.222588890849175 -0.239045455974342
0.0711845925127406 -0.0460412958729778 -0.189300773680309 -0.116220448303688
-0.0364765911563944 -0.0749269060619796 -0.0900693424885747 0.215656431240197
-0.0462238233471571 -0.0272632947736557 0.356198503169539 0.117622084589595
-0.038945856613792 -0.160803164284049 0.0260707858226693 0.0412945068646425
0.113746813956398 -0.135982140426671 5.40943002389832E-05 0.0244746416255861
0.0652349141722985 0.0918658761818836 0.107757280191854 0.0585411778151819
-0.146072085226177 0.00420045805672047 -0.118441021602445 0.0687626827835087
-0.0589980674595025 -0.129028642670163 -0.088398501306713 -0.185679441687594
0.154121519106119 -0.0979972043011024 0.195277865215332 -0.186312362418595
0.215288293041412 -0.0200924371037491 0.358816228026509 -0.0046489207575964
0.179332513403105 -0.0816467233879825 0.350688634472529 -0.096419423656219
0.0406578558852008 -0.143295498214617 0.0931649775007442 -0.187388973027209
-0.103724950630289 -0.0756284510049555 -0.116434610439936 0.0771169180950011
-0.0838315546758518 0.0678966557021265 0.194427301214903 0.272960311970607
-0.0134653976477474 0.0375785972489343 0.281710292470119 -0.156345734178059
0.04359892571498 -0.00337976695478509 -0.124613961396313 -0.17333908754498
0.0192096732594079 -0.0514766091499606 -0.14319759066699 0.179960048834474
0.00929364324377369 -0.0380365480071632 0.339121528750483 0.12642165576582
-0.0348561819480946 0.0306467625446579 -0.305807050635558 -0.133880344888468
-0.0316231809688915 0.0246688252574564 0.159406311505983 -0.134400674973661
-0.00516839017174443 -0.0072162403610888 0.0757309935839552 0.184613652053475
0.0454232207186939 -0.0104160179481365 -0.279534168097828 0.0967398364684694
0.0500370208600917 -0.00623624587212866 -0.11806096048213 -0.288786535405231
0.00945599691823126 0.0396081991570811 0.124316931972358 -0.0373680061307543
-0.0212866606320621 0.0376333200988741 -0.11767710997377 0.213879680366782
-0.0310893700432615 0.0244910397600476 -0.386065830275536 0.123897343322
-0.0275146438203658 0.0247408476151859 -0.420955409322562 0.0396939483410988
-0.0114493211541112 0.021971109492534 -0.209750963559525 0.236794767976315
0.0383050370831779 0.00563988405788476 0.107640846599292 0.197667907702595
0.0387825289230591 -0.0068763925407346 0.135095967364364 -0.105642683323979
-0.0227173040419869 -0.0116314826368443 -0.181541901353549 -0.0501705871963134
-0.0450765096637054 0.0472730771354123 0.0187095233587393 0.0219450856827671
-0.00947142722323388 0.0541562492249978 -0.0376617975722934 -0.0690848974568812
-0.0553132773413336 0.0101506581311887 -0.290670434063522 -0.147216830997578
-0.0259690988716153 -0.0138359531623174 0.164666035806802 -0.103018910571231
0.0506349137517227 -0.00577148811265004 0.0481094433989386 0.217275182966561
0.0609404996759401 0.0478497927472765 -0.293167527898966 0.0756806430696396
-0.0352845392682598 0.0455923696515249 -0.0865100194296541 -0.278422321660337
-0.0505311730708188 -0.0451856206634011 0.10635214637338 -0.00646007190337416
0.0491921525937024 -0.0704125301267478 -0.141861435816136 0.207772549801117
0.118587145577207 -0.0305600063453836 -0.370554930842583 0.124125625569172
0.145926347098775 -0.0185243796516691 -0.381866515606977 0.101007928048234
0.0804432730350906 -0.096631117092952 -0.140254982000445 0.296682552273567
-0.0332550389277841 -0.0788001416109615 0.178925371866171 0.159440155927899
-0.0470400723509735 0.0296942671635923 0.093963806205855 -0.13692409430114
0.0328358426755165 0.0342703843635267 -0.18461302184174 -0.0194647972315986
-0.0188571553739623 -0.0581604804730773 0.00861662485112043 0.0328380803076613
-0.0881887819533713 -0.0280834713650754 -0.0210001947513303 -0.0446555736578091
-0.0939232939006654 -0.024196977677739 -0.275746008290256 -0.162849611891677
-0.0376051758695636 -0.0586132023354805 0.149453983095832 -0.0836550532417938
0.0945572410421217 -0.000578569075375981 0.0402290057460016 0.242196445234308
0.0389237478467752 0.102280774865544 -0.3121319005195 0.0926769219908415
-0.125523180751023 0.0502701045405183 -0.116785182177786 -0.25913384806464
-0.0634200958071391 -0.141727751808217 0.0621131291723215 -0.0218289722545197
0.144112995304906 -0.15585787520982 -0.147396519282553 0.162860816158202
0.248971297040458 -0.0818264629919443 -0.29464163280979 0.109175851813273
0.260336062160462 -0.122512517892339 -0.268932139580149 0.158850918459112
0.0498487640459261 -0.248200276553332 -0.011328913256373 0.318437179617981
-0.208894451072561 -0.0452077498174155 0.242718924760793 0.0794584730843834
-0.0132546663973242 0.195480799165792 0.0493587555421954 -0.149923150218275
0.181991460437654 -0.0297087668253022 -0.173185403660248 -0.022067655475364
-0.0669016166849828 -0.197503749344669 -0.0442925249886785 0.0580586520752477
-0.16782892873696 -0.0697365415700735 0.0325272008136028 0.0156174425192378
-0.15159558441568 -0.0842163189751689 -0.234950921646626 -0.17372724982781
-0.0756640136034831 -0.144716180962517 0.138266035558291 -0.0868299262002633
0.143317954886041 -0.0284180829510415 0.0449394538243389 0.241245605158329
0.00937209256564958 0.155498053298241 -0.330044513502125 0.0989285936851654
-0.2112046255455 0.0156781829977821 -0.149959035570789 -0.258867113821375
-0.0214725046436811 -0.243773651816368 0.0318789912299367 -0.0643220968398989
0.254831189289149 -0.200948978527086 -0.114436383347898 0.096530530991161
0.338369696217062 -0.119852576595008 -0.173831027217158 0.0803773671165045
0.273249548195657 -0.240176778128654 -0.130373765630964 0.151526768579446
-0.0977074308570926 -0.298823898968979 0.0733600532655667 0.265915170402737
-0.272795917557369 0.154063405443842 0.258170950726092 0.0420415895856843
0.208877219971675 0.232284470718785 0.0526767178996547 -0.169190164917423
0.227065474589718 -0.23657470356722 -0.214633879998942 -0.0316869344096283
-0.18991710316216 -0.266980140089201 -0.0838170708917964 0.147821286098096
-0.216031751675422 -0.0625180322549123 0.134159829539019 0.0794654469498266
-0.194807578427558 -0.161003587412608 -0.157466035586085 -0.161941005119534
-0.0712185142015293 -0.281788781628579 0.150083863893225 -0.0703260603913999
0.260370488479217 -0.0598950371587478 0.0597361510656833 0.217420215966506
-0.0231428952467818 0.255714120031455 -0.289213613700554 0.0728449938909359
-0.310676270099876 -0.0634097384544253 -0.138236312616093 -0.237973601648688
0.0778740511083083 -0.340863084521976 0.0272306423244562 -0.108985047678515
0.357926924968969 -0.189759428606227 -0.0265307806988557 0.0304694674653046
0.378768912849226 -0.141627201673515 -0.0286126745206244 0.0369344977065248
0.210852139355919 -0.307672303006002 -0.0230008879896004 0.0725930060185788
-0.196858153148 -0.22192473148958 0.0651738009162077 0.230972745577503
-0.171023643198133 0.228268673079047 0.307372009702479 0.0886527013523994
0.241479815014906 0.0771012900036747 0.108348922595987 -0.218592915333423
0.097371644566063 -0.281347928376987 -0.243684840061531 -0.0201281723410777
-0.239950559088595 -0.198743522029775 -0.06244850957955 0.233594590877847
-0.202021826806978 -0.03339691228378 0.253222154703857 0.112011072596524
-0.183591835326394 -0.225049536759792 -0.0629550922720231 -0.107733731260192
0.0274899510765571 -0.354854294985841 0.142153757995502 -0.00475950005690914
0.345029479957721 0.0340247183606828 0.0518604842476064 0.182855266624491
-0.15389587386751 0.31347966976416 -0.209434128458775 0.0511104014931239
-0.327366692541724 -0.198754160394706 -0.122995336947691 -0.191869711176065
0.210940755988784 -0.340379541042727 0.0602254290882706 -0.157382350921004
0.409207132148373 -0.125573983239181 0.109212125494447 -0.00884679255472716
0.364708424666695 -0.141246844192179 0.121147433835736 -0.0138150181070012
0.133959441344191 -0.296658805516914 0.0337216083467028 -0.031189952177383
-0.20293707708545 -0.143040560586654 0.0261717009837861 0.210181502810736
-0.128319288721339 0.171113702653567 0.355964453128573 0.13118308525537
0.107691153056801 0.0462012416757848 0.166762713406999 -0.269240518702474
0.0538086858011865 -0.145387121796605 -0.229173398760181 -0.0520608439826233
-0.148237315209254 -0.11143158710369 -0.0494922192483153 0.244787651146812
-0.129016835952979 -0.0183196436289265 0.337156808234901 0.113989552214676
-0.118960567642812 -0.227712441093133 0.00368476694072421 -0.0247846261413219
0.118494575671196 -0.273131303878447 0.0714177538172845 0.0445527317890892
0.217830813079314 0.132373761563414 0.0506424190418079 0.110730215933018
-0.237006365805616 0.155816173237036 -0.142200543097312 0.0472860646016357
-0.182820138996647 -0.234336318291849 -0.107357563230794 -0.177858073321304
0.249781859764546 -0.221238980501186 0.134150435623145 -0.18432112097825
0.359061493367935 -0.0539456203486384 0.255909651233258 -0.00938758664367287
0.296745115103289 -0.121281101704034 0.25486422941671 -0.0616625394208556
0.0793771615398245 -0.236269327848363 0.0648947663209526 -0.122461072355156
-0.170078798914826 -0.10518811809408 -0.0405737098546568 0.155786204738305
-0.115967641732533 0.12259667887076 0.302020402758734 0.193543516042728
0.030495815179855 0.0638223514201773 0.221176216123598 -0.241642314639385
0.0713932844902862 -0.0464495454760911 -0.191382909270188 -0.11463120680699
-0.0363325950751568 -0.0753236845599908 -0.088180717524793 0.217420948654637
-0.0461684318821388 -0.0277531811542494 0.360217957155432 0.111978335239018
-0.0409085215103627 -0.162018991475632 0.02665129011318 0.041873557841329
0.113334118370458 -0.138192969905327 0.000928060885129779 0.0247263825810671
0.0658210797430364 0.0912181209947347 0.107639248247957 0.0594378236459135
-0.148312727444146 0.00608134626559558 -0.11898682889991 0.0713017124707156
-0.0606395748801798 -0.1302498673756 -0.0903231381903057 -0.184970825798484
0.155475348296332 -0.0985701664388633 0.196081217957598 -0.187215783438137
0.21956368555591 -0.0203901490519022 0.361969537109684 -0.00437615775553023
0.17918486484765 -0.083898814341126 0.351062884847328 -0.0989655528547683
0.0409683919678157 -0.142815339805942 0.0953938431814032 -0.189908538859365
-0.10450886788703 -0.0762978287629274 -0.117341285249696 0.0772555412053775
-0.0836867701724435 0.069048101148469 0.197354260080637 0.273123524512606
-0.0130286115980207 0.0392451386653157 0.281649961371808 -0.159442118929282
0.0438707555106362 -0.00366610372243367 -0.127988696322996 -0.173105617582333
0.0189475520742959 -0.0522262612908476 -0.140295039989331 0.182511945937874
0.00849999762996198 -0.0394248469586414 0.341594627694557 0.122344957947378
-0.0401425843071099 0.0322734927766864 -0.287040276744413 -0.177303143308047
-0.03616304703531 0.0201637097726207 0.179044782520084 -0.114241238616064
-0.00280378996637819 -0.00808074027198698 0.0506147675127793 0.196875592613963
0.0479700895323067 -0.00203725607523569 -0.294650111010725 0.060472107661276
0.0474044237569908 -0.000502296041572078 -0.0787095794811504 -0.30584851872273
0.00441263194760404 0.0409125610951087 0.130327782676986 -0.0174738109380883
-0.0248419166897207 0.0352352177694316 -0.147542685890576 0.201525253248438
-0.0339382825408999 0.0204276168547689 -0.401359654831172 0.0766926511817775
-0.0297213392549164 0.0213606357709608 -0.428272156623503 -0.0162676424835792
-0.0158580082104722 0.0222715227707307 -0.237939453222804 0.20882131013464
0.0380293012132109 0.011127446669897 0.0814347679317918 0.213308843563069
0.0418503019245793 -0.00475979035421737 0.149713008387232 -0.0877347443201586
-0.0238856462911671 -0.0162956561698242 -0.172315496319313 -0.0705920332931824
-0.0504687163242161 0.0419445109221899 0.0176863727124241 0.0235439449800375
-0.0161971059156405 0.0524393568571391 -0.0297985850500878 -0.0745476832619503
-0.0582928200884931 0.0094864975012327 -0.269469602202186 -0.188594578751959
-0.0247322741541516 -0.0171846454582053 0.179150025071805 -0.0807580236290936
0.0536437033734077 0.000375098618738121 0.0187317811731704 0.225755756638613
0.0559979585550114 0.0578054179665613 -0.303776690929208 0.0366559488396989
-0.0436136675498652 0.0409914985759464 -0.049279126618673 -0.291290751238981
-0.045135872782265 -0.051235683087317 0.106283102313494 0.0103780694221107
0.057410769669643 -0.0646503799465548 -0.169986958216073 0.190389674900042
0.122415374812917 -0.0150965236921041 -0.387467135393499 0.0785061265094027
0.14886581484502 -0.000442729326656737 -0.397491637817645 0.0504238962935494
0.091246815286333 -0.0851327377820451 -0.176617427807974 0.277032685555269
-0.02306977834725 -0.0828536167303214 0.159474218202273 0.182359991586416
-0.049811245499285 0.024121338974221 0.111942049791789 -0.124804126801757
0.0264920880650868 0.0377551897492929 -0.179939294807513 -0.0402712608694845
-0.0129462696215344 -0.0595786769069649 0.00634692778470905 0.0339955377182891
-0.0861242186407658 -0.0385578486112259 -0.0139050083845217 -0.0486123893794468
-0.0917062256884354 -0.0313289806727546 -0.253173483609402 -0.200029150140616
-0.0306815123591662 -0.0637215687073618 0.161216954159653 -0.0647546443992336
0.0965629977208699 0.0110257592337772 0.00788565945928486 0.248720537437612
0.0280282872173996 0.110642405640398 -0.326227075077972 0.0529205997045759
-0.133790718939902 0.0362446708735319 -0.0831879743354009 -0.274483777669209
-0.045791007368116 -0.147879753664687 0.0639810371928608 -0.012962820654251
0.163681226252515 -0.137636742628853 -0.168693986488447 0.144761665843729
0.258194034289072 -0.0507387212861578 -0.309656944690639 0.0731518260786534
0.276433990897939 -0.0896265149991179 -0.290468964009438 0.125675360338442
0.0802532943236714 -0.241630229094945 -0.0496896102572073 0.315996713911375
-0.204166072937877 -0.0709424957626114 0.233337184954363 0.11022893574146
-0.0360390144192972 0.195925305720984 0.0678589307082009 -0.143833143555475
0.183441508561874 -0.0104670561791055 -0.169435463057029 -0.0406175214083671
-0.0459549151733153 -0.204836433865799 -0.0476766868985339 0.0545488923532935
-0.160918453838948 -0.0887681269232464 0.032896572648522 0.0181203290596115
-0.14286329677927 -0.097182736029185 -0.211658566903919 -0.205528629428606
-0.0574549123897774 -0.154435752917956 0.149132105553174 -0.0674492667486378
0.149428169405171 -0.00996753896837159 0.0110890262331921 0.248587513257391
-0.00812856101497179 0.159797552960628 -0.34402126562538 0.0586632091080026
-0.213864843497783 -0.00914625124871262 -0.117414497613554 -0.27821204041512
0.00658947198545144 -0.246201197379953 0.0388374527289763 -0.0599899393623551
0.277477982342321 -0.170052973525196 -0.126485583901973 0.082724346508047
0.351285163387805 -0.0791081504265658 -0.184571300141774 0.0590863758038458
0.303032842542508 -0.207028192389514 -0.149715100960864 0.135205642483787
-0.0615661379136967 -0.311245157048192 0.0422008146343971 0.273515188329297
-0.29059691264399 0.124931231725597 0.25443325156685 0.0737853534920802
0.185197138548467 0.257950212621668 0.0725912808392341 -0.162049908931127
0.25165288480658 -0.212954858498573 -0.209322014773931 -0.0524378777092676
-0.163777026922741 -0.28783689636917 -0.0956803263174502 0.137711666746836
-0.208952363999589 -0.0862806750351493 0.126236416977718 0.0939254645730767
-0.176629026634227 -0.183567364129526 -0.135579344850566 -0.18280261126157
-0.0384125576353032 -0.290668723492327 0.158800720937315 -0.0499941211932849
0.268225939522762 -0.0270480490255205 0.0291369104635718 0.227405005920184
-0.0538581060514738 0.255426557045453 -0.301290863162894 0.0376022399446009
-0.303735644406954 -0.0999304690221409 -0.109275739169358 -0.255683550871205
0.117535680359203 -0.330275467038298 0.0410148919898165 -0.106652427903477
0.379854939729776 -0.144779135399397 -0.0297585395613614 0.0282546413961094
0.392661789421297 -0.0951695758252522 -0.0328300329829502 0.0346982763126705
0.249317631171078 -0.282660462501676 -0.0312443498270101 0.0699012518766668
-0.170027942908589 -0.245129548630077 0.0389253001029752 0.235880971377244
-0.197179778563561 0.212331954393794 0.296834593125549 0.126223858054226
0.235777616434849 0.106094684600446 0.133372746064229 -0.204948853363208
0.127406888989473 -0.272426448722452 -0.238040087881822 -0.0452013921041189
-0.219785356176425 -0.223520704366496 -0.0841737159837049 0.223667406055951
-0.195597909610815 -0.0550624600671026 0.240794904603207 0.139640040423045
-0.156153287187188 -0.247783573315564 -0.0490240955318202 -0.114602892021561
0.0709677891979767 -0.352215397019867 0.141880482391965 0.0149663092855104
0.341082567644484 0.0773220121981227 0.0255332927591584 0.190516319424804
-0.191695426256857 0.296605817442416 -0.217166219113093 0.0246260366970844
-0.302341799412747 -0.235875490480145 -0.0991356436205703 -0.207111197240247
0.250053459301449 -0.31503267685507 0.0797608596021024 -0.150966187938678
0.421248391387661 -0.0745638140707119 0.112189513722342 0.00587867786789376
0.379868174306473 -0.0970404155973451 0.122611891084542 0.00267062100372724
0.171555399418346 -0.280720221153147 0.0398769654580733 -0.0264478410010898
-0.186226786712049 -0.16642023003289 0.000362991918773081 0.210461207015739
-0.146959128400738 0.159641689209523 0.338060090673057 0.174578776010442
0.105147204140695 0.0579950748645276 0.198506404682011 -0.246964542272939
0.0683870240330553 -0.141765228315101 -0.221097277689164 -0.0780143214978376
-0.137441730545859 -0.12496922255968 -0.0749878210513851 0.238234265964646
-0.123779391119512 -0.0318300980648091 0.322755555585251 0.15227157838842
-0.0911395181600059 -0.242443867606477 0.0057881915943155 -0.0227323689648545
0.151717968000764 -0.259106048048021 0.0638780240239916 0.0544074724907842
0.200653229163389 0.158788676176533 0.0341972860746869 0.117772285204891
-0.25509351272199 0.127192987302127 -0.148841213861824 0.0297787253452854
-0.153797263573398 -0.2564850512727 -0.0848933600402645 -0.191769377625484
0.275842555594871 -0.191656909061545 0.160553770836497 -0.167731385201667
0.36427166722816 -0.00951771476747681 0.260612033715194 0.0253169136059435
0.31011104436501 -0.0872169089108829 0.262570825585204 -0.0285090857808086
0.107885368829206 -0.226098792896168 0.0820982959892297 -0.114980492114845
-0.157972812435828 -0.125578340812498 -0.0607721153334432 0.14714037626488
-0.130204486063765 0.111355542973001 0.275557594841386 0.230082443350533
0.023728054627096 0.0675188808215934 0.251997603223779 -0.212965586830682
0.0761521572199091 -0.0406938276547957 -0.176408220661611 -0.135986010635392
-0.0289412572537307 -0.0772659734126907 -0.112058829772353 0.207244389006008
-0.0377222886985505 -0.0318964857020265 0.345165563801763 0.154168520347369
-0.0222522449983139 -0.168370954763095 0.0201596364969267 0.0469845942444725
0.129489778402374 -0.12564992633816 -0.00410336622862659 0.025481801579455
0.054331588562305 0.0980699510688529 0.0984894809367357 0.0741673526362079
-0.147878648781066 -0.0107601021912766 -0.129514396966918 0.0567601123993992
-0.0460262136083711 -0.136737234954467 -0.0656005619584646 -0.197503248008079
0.16654766426405 -0.0816577434837046 0.222680657875622 -0.162793490360229
0.219444599690199 0.00565138771058069 0.36589262182908 0.0451754467122401
0.188031335356156 -0.0627966365611829 0.364722017038642 -0.0543401011826773
0.0596340729290772 -0.13748549344959 0.12236716815696 -0.179687033520351
-0.0967074563020384 -0.088732721865719 -0.127091500527518 0.0608022415110403
-0.0924630366597902 0.0615207569763238 0.161929111726908 0.298498891154977
-0.0164091578117417 0.0382406783587938 0.302801776775892 -0.124644606882936
0.0442222872837469 -0.000988571682092613 -0.105919078813187 -0.186617018691594
0.0231267114590138 -0.048901058413431 -0.161229803338608 0.167138992793039
0.0169675993575007 -0.0377950587341348 0.327278364646314 0.163123009230857
-0.0403464572377869 0.0339065636194413 -0.294624887801739 -0.173525252511799
-0.0364098579067181 0.0205057184960167 0.177938952074383 -0.118974559341128
-0.00287066800586494 -0.00813999583146016 0.054826499964486 0.197643862275033
0.0476310482354365 -0.00254784896558321 -0.294424028969897 0.0669835965159366
0.0476740109122012 -0.00247250764892087 -0.0841802668017107 -0.30462858808554
0.00569493374815783 0.0404802116713867 0.130429179563293 -0.0169987013458043
-0.0242893948410531 0.0357827697111114 -0.144778953026465 0.207326199163316
-0.0336047694547913 0.0206169904806135 -0.40352439706286 0.0828040929862741
-0.0293706527263139 0.0214518079361992 -0.4338276248837 -0.00935228283160198
-0.0159003141619711 0.0229459017384777 -0.23595777925036 0.210283541581442
0.0383361348454856 0.00994474479655141 0.0828079142863403 0.211957875725824
0.0418344813139097 -0.00626033253473328 0.150230670349122 -0.0893516160423634
-0.0246070544857255 -0.0158731516082307 -0.173449673748862 -0.0661595923909002
-0.0496160908816232 0.0435875788602582 0.0190126100357887 0.0233669641203658
-0.0151847816494786 0.0520356200765241 -0.0318163086079841 -0.0748464425325029
-0.0583938649593344 0.0106643338168564 -0.276808753805386 -0.183089980330792
-0.0251415480522732 -0.0179567729603518 0.178596147333329 -0.0858661178381697
0.0546941540361267 -0.000688798542009764 0.0226997709623872 0.226059124946404
0.0581043696716746 0.0574996570068335 -0.305681798940524 0.0428914037923069
-0.0434615790665551 0.0421365366234986 -0.053979749502159 -0.29133818291836
-0.0462224996738477 -0.0497117296163189 0.10635482704497 0.0105784030071414
0.0570335285545986 -0.0666938240777996 -0.166916545288808 0.195786386436112
0.123908137253339 -0.018034732864221 -0.390224127870359 0.0869576108970325
0.151036511446698 -0.00263724138881946 -0.401355960986819 0.0565203226075132
0.0908089293920897 -0.08773581799034 -0.173284542874965 0.279137366675388
-0.0241500070238911 -0.0824109532395606 0.161816302819241 0.179648127827151
-0.048697447269253 0.0247403362264671 0.110788699292353 -0.126683469165219
0.0268474578920439 0.0370099373348437 -0.18163793296153 -0.0360478289183155
-0.015055345190306 -0.0590256548881056 0.00845952145109635 0.0344248019275586
-0.0877862475028463 -0.037994219826455 -0.0156072770453993 -0.0483201936601936
-0.0933109004219167 -0.0295170915696538 -0.259429215763224 -0.195764542883735
-0.0311433961251475 -0.0640252590938194 0.160109053766372 -0.0679039754918234
0.0997239583375435 0.00853645704476827 0.0117132450679324 0.251159638147713
0.0314773369978215 0.111501296057226 -0.326354662262699 0.0592474384416959
-0.133151636876071 0.038526247834492 -0.0873294854012491 -0.274011705947839
-0.0490334253801596 -0.14757517183242 0.0620845600181364 -0.0119240678169245
0.16264798817372 -0.142839583052101 -0.166484889961757 0.150342388999016
0.260128992541499 -0.0549187096253973 -0.310290535409419 0.0791027266014159
0.278392193996399 -0.0955494160547699 -0.291947797360949 0.128741600844446
0.0759910440604966 -0.244333832740285 -0.0447283522311312 0.315773047515614
-0.206745721775577 -0.0669567640588855 0.236735352538175 0.105794815177584
-0.031689094832554 0.197571786714523 0.0657299431430725 -0.14535136754723
0.184889080046204 -0.0142129763907907 -0.170061010477257 -0.0357230958338227
-0.0516197386937823 -0.205396065492869 -0.0459187705624255 0.0554373711647962
-0.163578122717213 -0.0869265221772843 0.0333609840053834 0.016729303470097
-0.146248483365729 -0.0959178922971515 -0.217740688193484 -0.20041299528098
-0.0615112686728997 -0.15405815237893 0.148393035545403 -0.0704704806705871
0.150651899306655 -0.0142342816795518 0.0158473072226846 0.250699297786222
-0.00408618747345976 0.161866243602988 -0.346279898974635 0.0667285481203519
-0.215409836868481 -0.00353806720242862 -0.124292410000798 -0.27503057125714
0.0031726210608303 -0.247401051204604 0.037350169727477 -0.0592565856121789
0.27793776325114 -0.175856215431057 -0.126063390454553 0.0861294424303446
0.351377415207602 -0.0862401957513912 -0.186077386409607 0.0630292620960219
0.302349164396665 -0.213831015662401 -0.147654164846122 0.137979535620481
-0.0671939674603501 -0.312332793678061 0.0472764437365501 0.272579731183605
-0.290113989366227 0.131464558599905 0.257092021959088 0.0696904999929481
0.192607544058654 0.255778178390771 0.0703282364357769 -0.164468968802606
0.248139396026131 -0.219678193995376 -0.211520849685692 -0.0473302925724285
-0.170330179264823 -0.284887373478042 -0.0926119933187148 0.140226073370647
-0.211763860300687 -0.0839246403772075 0.129590635572469 0.0899955680648366
-0.181667384168297 -0.181049305391761 -0.140840708165783 -0.18054085080022
-0.0446424536186611 -0.291830844589709 0.157798771901344 -0.0541615266504127
0.272370299027947 -0.0341152035311229 0.0327971421003795 0.229183845229582
-0.0494628645135702 0.259035105341318 -0.30334714623749 0.0439432232365073
-0.307257187360485 -0.0951382494880829 -0.115717071883031 -0.254161522147661
0.112686774428831 -0.334162852564702 0.0383861112014426 -0.106561295697458
0.380746538342447 -0.153621887803486 -0.0287338780627975 0.0294060155380376
0.394396726677883 -0.103000279846464 -0.0333503316881303 0.0362972989547553
0.245261176566933 -0.288704041862502 -0.0296459068127037 0.0701174745428235
-0.176569187962867 -0.242994311372327 0.043626672879686 0.235937413143971
-0.193323276519178 0.216923859496473 0.300972407337423 0.122118075096791
0.240857844510436 0.101321913626932 0.132168235176033 -0.208001778104735
0.12182924305983 -0.277262174521926 -0.240347539447809 -0.0390262810064127
-0.225386521978359 -0.219719689326058 -0.0802535913640355 0.227306819428103
-0.197907810765314 -0.052502003425248 0.246602257738396 0.134798286562031
-0.164072648240805 -0.246320305555842 -0.0526388535377056 -0.113137605879679
0.0637905225652277 -0.356837585774362 0.142413901151616 0.0119777955169618
0.3461987917828 0.0682808889187893 0.0265113716457435 0.191939593842808
-0.187897932557677 0.303157209009375 -0.218179974311302 0.0304210909667227
-0.30873889944637 -0.232371173696176 -0.102694483252094 -0.204428705376853
0.246960477846155 -0.322167493404189 0.0776352970323382 -0.152840562835502
0.423506132452814 -0.0828879025099532 0.113850309932601 0.00522061590816694
0.381036388042511 -0.103886450600892 0.123396427310396 0.00202736575544711
0.168916864390633 -0.285589347243655 0.0403112901075856 -0.0279675252208482
-0.190171379688831 -0.163212843189817 0.00502012507271453 0.209914244999399
-0.144492946624964 0.164146463574638 0.342516505545316 0.16877763887564
0.107246887399279 0.0570924000267491 0.195645962684377 -0.252305174169163
0.0655694821818936 -0.142841328455007 -0.223847507222872 -0.072039293942406
-0.140514027612451 -0.122041311437791 -0.0701713461457508 0.241253306402902
-0.124192128099738 -0.030623948337768 0.328683496345945 0.144289992771204
-0.09951786248334 -0.243381685863805 0.00489630767447179 -0.0216430539357154
0.148311415092158 -0.265608925267481 0.0648735535738914 0.0533138115846576
0.206261946340632 0.156374397071564 0.0349087310501235 0.118313640593406
-0.254961243881155 0.133198259023037 -0.149641771056406 0.0329608939259459
-0.159923345666817 -0.254853897472263 -0.0884387803823441 -0.190116826183249
0.274940442856169 -0.197858413033019 0.159441870897556 -0.171496870182417
0.368615171553749 -0.0165419410499667 0.263484710358693 0.0219780263608432
0.309828089017506 -0.0920278406949881 0.264002341523581 -0.0326299611353573
0.106409691100805 -0.229231692648164 0.0832113042668666 -0.11872696632613
-0.16080954826025 -0.122646655626516 -0.0591126799866238 0.147531121467266
-0.128245129201499 0.114829398947437 0.2802169556253 0.226170583107803
0.0268908864441378 0.0686594418413163 0.248613120345093 -0.219817455922633
0.0756286996131862 -0.0422721663012861 -0.179353616311479 -0.131815148073775
-0.0303928389118039 -0.0773166256518301 -0.107877955298946 0.210906640929011
-0.0388088532440943 -0.0333242961860774 0.351425275997756 0.146318116534506
-0.0269249663264555 -0.169201214994978 0.0211117787092462 0.0488710066268927
0.127704333555832 -0.129498228342914 -0.0034233929192404 0.0253815097513587
0.0568011731057714 0.0971756231554906 0.0985601371584716 0.0734176032699812
-0.150105975459921 -0.00830898366579126 -0.129891882637117 0.059869509067292
-0.048327292661906 -0.137200090562606 -0.0691905723317261 -0.196418894638679
0.167249253411023 -0.0851044201712316 0.222353211519842 -0.166955705870052
0.223313128583063 0.00145066042890159 0.37123065039669 0.040715747185243
0.187002390326891 -0.0680393939065002 0.366437517488687 -0.0600668203559739
0.057814338308061 -0.138512009753444 0.121557248541154 -0.184999752010768
-0.0994740480285156 -0.08727785702629 -0.128441737665581 0.0629570388294808
-0.0914039216590077 0.0651282238658274 0.16817799778365 0.29677970953793
-0.0155925832931185 0.0400348453112007 0.302608282264232 -0.129173985206505
0.0450622171153151 -0.00235299338574401 -0.10938631619869 -0.185407898199796
0.0226589205949009 -0.0502184079064128 -0.158692968188321 0.17112044823981
0.0166833434122002 -0.0395126159416482 0.332946136561567 0.1557678690243
-0.0391047104631103 0.0348013658090479 -0.300428404874141 -0.16656730208172
-0.0350671553133234 0.0201995301399599 0.175879166892272 -0.123236071551774
-0.00399448749276912 -0.00784870385752612 0.058494660394096 0.196597723439556
0.0479158177956027 -0.00321248767453071 -0.293539428227992 0.0730202826191705
0.0471683542261096 -0.00388369918563842 -0.0898843007705881 -0.303926998050168
0.00686672888728724 0.0418547229453351 0.130753371097202 -0.0167588664972415
-0.0235237554224841 0.035158991384964 -0.141340225748112 0.212224013813285
-0.0331488790745595 0.0204960229408487 -0.403258825984415 0.0929550467651828
-0.0286108692176501 0.0216301759715802 -0.437897620295911 -0.00295737849647316
-0.0151841278801772 0.02305216314126 -0.233024700139329 0.213580328992447
0.0380611429829706 0.00851576109727482 0.0852017703401159 0.211765975094091
0.0430238211227381 -0.00753034162038916 0.148868412553451 -0.0903006725678975
-0.0250539921567551 -0.0155765728686205 -0.174814793015561 -0.0617924759797439
-0.0481300415603334 0.0447702520174331 0.02038848375553 0.0225642813778027
-0.0146193283450725 0.0519915935265036 -0.0332491187008593 -0.0752325871640879
-0.0573916980737753 0.0118400193321008 -0.282245478996415 -0.176789986702304
-0.0242034857473062 -0.0176693876282496 0.176944646166807 -0.0899838130280013
0.0552693839064243 -0.00209819901767045 0.0265940201536057 0.226879129234583
0.0600505158401026 0.0574298902472141 -0.305360843918589 0.0494257294957952
-0.0431598340005847 0.0427007570859667 -0.059734152625578 -0.290487235478345
-0.0470209790870653 -0.0485678152730122 0.106596850312779 0.0112231612761776
0.0564350067633891 -0.0680627735796278 -0.164145879601877 0.201086712299175
0.123398697589207 -0.0196020129782142 -0.390630327716483 0.0965421405553328
0.152076327259068 -0.00539092830327507 -0.402788734834693 0.0628176334830334
0.0896840073906951 -0.0885901547947295 -0.168471465540327 0.280481024168529
-0.0258207010770609 -0.0824132656460185 0.163224132411504 0.17705201440529
-0.0483192757856107 0.0251814937506502 0.109555714388019 -0.129057373559879
0.0284144183818717 0.0364261656502072 -0.181736413444071 -0.0305476364875274
-0.0164538910054168 -0.058597419290365 0.00987576467549257 0.0341744142078517
-0.0891788918928513 -0.0360777512671553 -0.0161713993086996 -0.0494548042410584
-0.0934582822331036 -0.0279073657908842 -0.265724738950618 -0.18835772829282
-0.0321519501139382 -0.063180204332801 0.159075404071983 -0.0712629814021437
0.100588961233618 0.00760277079227304 0.0162033724329787 0.251103950287447
0.0348540701102756 0.112498294023153 -0.324907386273551 0.0663239908790774
-0.13299603413386 0.0418522462036314 -0.0925752541769615 -0.272303895543258
-0.0512543124920411 -0.147346869704849 0.0613275622552789 -0.0113537222014826
0.159716925647067 -0.146677648288545 -0.164596464973428 0.154291593006206
0.259769281567813 -0.0603163329842613 -0.311607786050164 0.0865954497683282
0.278393263692259 -0.0988936591508874 -0.290402193580688 0.13286857328247
0.0727274457556205 -0.24661667622722 -0.0385249361897776 0.315909099223474
-0.207419118928692 -0.0630614061280654 0.237096346577563 0.100904469731721
-0.0263263975753823 0.199564442370141 0.0647031692261719 -0.146446186925306
0.185900448057396 -0.0176597696356942 -0.171036862988264 -0.0304707017411473
-0.0567020514576666 -0.204348123665305 -0.0440821225926964 0.0564153679739852
-0.165945184039393 -0.0840254885001828 0.0340312380429175 0.0154280155960141
-0.148982510590963 -0.0927303465510326 -0.224735358805465 -0.196461366395563
-0.0634797695716965 -0.152130146099891 0.146680150495669 -0.0740774081436566
0.152010178577687 -0.0172659772430175 0.0203025430802497 0.252627634962659
-0.000475836036784273 0.163363336356124 -0.344258130557777 0.0746593510309251
-0.215868119144193 -0.000860577728611873 -0.12962166126019 -0.271992482935084
-0.000885972757707908 -0.248866479291171 0.0352038916747694 -0.0599222159526412
0.275178515359258 -0.183422119703306 -0.124362554819681 0.0898070418115098
0.351328064856161 -0.0923489959091572 -0.185649351493761 0.068240398154381
0.299076003911236 -0.218773090928141 -0.145393909137169 0.138516783007027
-0.0739206462299626 -0.311738198446767 0.0536197955518313 0.269636958854749
-0.288244608431717 0.137478691058187 0.257956918252293 0.0639552397643071
0.199569890228333 0.253490215294388 0.0673564253516711 -0.165025474038277
0.244209763070199 -0.22738031616028 -0.211575121178102 -0.0432270372354575
-0.179180815987165 -0.280937565635289 -0.0897822487417611 0.142917167427226
-0.214552887340943 -0.0807814769228243 0.132020965518985 0.0861363743737688
-0.187407255740931 -0.178085790493189 -0.147259161169873 -0.176587992955959
-0.0510463693261191 -0.292466016077441 0.156856978244548 -0.0570265217222233
0.27320660818753 -0.0413615027531174 0.0371585910815383 0.230864897907441
-0.0431161582572936 0.262228568822001 -0.302394334125923 0.0516395979961032
-0.310290402731009 -0.0899776521258725 -0.120996196557535 -0.250437366969526
0.108575728526745 -0.336865489724274 0.0355155770697983 -0.107709104273005
0.378327394237916 -0.160836872687373 -0.028247188436119 0.0308236119469348
0.393810325877768 -0.111506715303038 -0.0329012944102978 0.038647929434517
0.241412324904965 -0.293057365272948 -0.0281107478255964 0.0691539838237305
-0.181147631598091 -0.240861235154471 0.0493121635274411 0.233427121557529
-0.18941267554369 0.2215100503076 0.3040668616171 0.115451502453024
0.243469850089114 0.0977712516799033 0.128618823853085 -0.211794666582253
0.116545849424203 -0.280201625466993 -0.240961947632707 -0.0335112595698084
-0.230864318704953 -0.214677806471463 -0.0738998548406791 0.230409031426742
-0.19871281573667 -0.0482709367520113 0.250602633595147 0.127109309640461
-0.172585533726012 -0.243668562136142 -0.0558673843695858 -0.111953424099649
0.0559129492791887 -0.360038630927972 0.142236488625899 0.00835124352207777
0.349240472760873 0.0610500870797435 0.0304149741824939 0.19357756074578
-0.182440249268555 0.309799992460499 -0.217845376731245 0.0352570738462728
-0.31583099872353 -0.226751836061472 -0.10777441156796 -0.202407754396539
0.242674277846733 -0.32616083599666 0.0746497788107397 -0.154806650108553
0.425600786792446 -0.0895192888938905 0.114406046186961 0.00332155379777674
0.379769561923426 -0.112422852218662 0.12380599541732 0.000279796593436816
0.164511486845124 -0.288961807251923 0.040433147657823 -0.0294598471512216
-0.1943359570911 -0.159958963301257 0.00923580075740795 0.208149110434507
-0.139543931561306 0.167986900191625 0.345696225902707 0.160791961235753
0.109969347657522 0.0561870504959986 0.190377820373994 -0.256228974427187
0.0630632420081675 -0.144223962706884 -0.225259686665369 -0.0665278531102449
-0.142378094405587 -0.118421899727772 -0.0637084491670215 0.243874138310396
-0.124009680781376 -0.0286745855502999 0.333249757061346 0.136712807458627
-0.106426682460743 -0.242840791833266 0.00456674702076362 -0.0212590763813599
0.141816172264661 -0.269103109149604 0.0651379062591267 0.051854137993379
0.212064732131502 0.152532652116914 0.0352906334744446 0.118902648565374
-0.254169830563113 0.139718165498219 -0.148675980137391 0.0364029178831773
-0.165076989202259 -0.25362364059616 -0.0914304901265244 -0.188027601127723
0.273100189876407 -0.202773600396245 0.155318945587207 -0.174372686312855
0.371236852525252 -0.0229429894638238 0.26414583553625 0.0189643183128559
0.3091704447329 -0.0993116920934944 0.263945376831311 -0.0370078630272984
0.103470933137381 -0.230916994979381 0.0827245890182963 -0.121977992184937
-0.164043746634537 -0.119122643671093 -0.0575470769953203 0.147308588651354
-0.125300818656578 0.119386743701257 0.285515597197307 0.221557512339788
0.0288662622848667 0.0686497682646022 0.24594027261689 -0.224003542606262
0.0758177109814376 -0.0444761048400051 -0.182195487930447 -0.128690136574782
-0.031000670406637 -0.0768158383896252 -0.102780134884778 0.214667407339541
-0.039697166831014 -0.0334094159759034 0.356249837220777 0.137670733905766
-0.0322919862942646 -0.168795298542198 0.0227479698299278 0.0484966249232539
0.125078877827303 -0.133966592825889 -0.00384991820451553 0.0257527489751719
0.0593971140961276 0.0967352139499986 0.0997761999425943 0.0731902767886292
-0.152263498630394 -0.0039830744958878 -0.128610702254741 0.0619327971368634
-0.0512190089566372 -0.136846325334191 -0.0717724817832463 -0.195020535971248
0.166526860322638 -0.0875458955339001 0.219825922643055 -0.171790178628624
0.225081880956027 -0.00161741393817672 0.373527994696435 0.035834727378628
0.185996340118042 -0.0710340654299081 0.365203718755218 -0.0675788124441931
0.0573459630267913 -0.140478806630229 0.120171235195642 -0.189715430025333
-0.10231011967968 -0.0859838390403985 -0.129075045591851 0.0643006389747093
-0.0889509646528268 0.0677471617449928 0.174350699520657 0.296281662142285
-0.0139564201899074 0.0408633063249172 0.300260077784954 -0.135880134141587
0.0459271947673558 -0.00332551879762428 -0.113060652634341 -0.183823186358935
0.0223826356721361 -0.0510945362795256 -0.155235804184392 0.176747248140066
0.0156767072018033 -0.040375602055688 0.33805721331258 0.147584828041674
-0.0388281353368758 0.0358497799742511 -0.304066183720212 -0.160641799419495
-0.0357685581385357 0.0213751729722531 0.174641413556325 -0.127636313810048
-0.00296991703964204 -0.00828925992481844 0.061577792820308 0.198003151132152
0.0487456717457249 -0.00387495852834449 -0.292746392691694 0.078653918838272
0.0464608041378975 -0.00665337072602141 -0.094361406914522 -0.304779921662055
0.00799992250862722 0.0421440790540578 0.131075516192946 -0.0161710138572261
-0.0223544886558421 0.0358384567301108 -0.139920258435346 0.21718482275965
-0.0336467675697978 0.0210959118963248 -0.403282925380483 0.0994263800900832
-0.0280109149146104 0.020294383909993 -0.440348996218444 0.00350778185248897
-0.0150938591573894 0.0238442687299655 -0.231809806149588 0.214977042294112
0.0385667624677416 0.00690325472807798 0.0871146915661099 0.210979064691568
0.0436237585264115 -0.00898326505040097 0.149113144391805 -0.0922199968653941
-0.0259538945274916 -0.0155040626264479 -0.175347047368454 -0.057914522641074
-0.0482623807194022 0.045017019370832 0.0223287805886569 0.0227395912297432
-0.0138360107732906 0.0519312399767036 -0.0358833820281835 -0.0752748500590149
-0.0572432120251068 0.0123654213737443 -0.287151502482079 -0.172210844303895
-0.0245057008400627 -0.0171591596411044 0.176745791026946 -0.0941250182441685
0.0559279467463659 -0.00260707879077155 0.0301538346172595 0.22820169147638
0.0614996981921474 0.0571652541852733 -0.304851785454357 0.053947792411466
-0.041536511721075 0.0430622149886811 -0.0634946952466687 -0.288612122109104
-0.0476760296483067 -0.0476909362921966 0.106078594543532 0.0127024009435188
0.0551407855015072 -0.0686872308312182 -0.161846823508263 0.204501434633145
0.123650151034896 -0.0230309033711103 -0.390613980954141 0.105033161755556
0.154177285254172 -0.00810070957010756 -0.405902295568111 0.0678142543145493
0.0893749482919914 -0.089853107862238 -0.165371874281287 0.281566064468735
-0.0256345012523831 -0.0833531964565796 0.163872801915874 0.175908870992778
-0.0468473168132524 0.0253362918677781 0.108562831777398 -0.130470404376161
0.029080355236356 0.0362190168823656 -0.182079993425167 -0.0264876911424119
-0.0179445312137142 -0.0583805191521948 0.0117495093775961 0.0334894327646504
-0.0902744263707227 -0.0349777582160674 -0.0179554678693223 -0.0500977332624671
-0.0945063290489905 -0.0262366283720723 -0.271721395445017 -0.183694554832975
-0.0322964276937878 -0.0625892199159688 0.159645026246666 -0.0748818127222442
0.102005662741127 0.00555403365756411 0.0209146807944984 0.253096449887948
0.0371347554540112 0.112959522587761 -0.32446328911879 0.0732484151523479
-0.132906334319445 0.0444922044928599 -0.0964289079376061 -0.269612022476827
-0.0536290813695822 -0.146068984879652 0.060086790133772 -0.0108067719418468
0.159341602445403 -0.150647233509287 -0.163173799721652 0.157332288766672
0.260342404320386 -0.063408740069221 -0.311502570437673 0.0927494700781915
0.278362406235785 -0.10371175858301 -0.292109993833008 0.134629965967366
0.0696944805248145 -0.248195816144855 -0.034401470949348 0.314590156231073
-0.208911314920011 -0.0598881380397847 0.238954002448882 0.0970032907560909
-0.0223804075252777 0.200476418227234 0.0634743368156242 -0.146766625069831
0.186365859689215 -0.0212454104058646 -0.171268799946362 -0.0275480814643436
-0.0602339011424763 -0.20362846180518 -0.0430906133243786 0.056702220496311
-0.167436318333942 -0.0815645705461674 0.0339165096105109 0.0137363611099995
-0.151047262301569 -0.0919354375025807 -0.230386165722364 -0.191123671152813
-0.0656648281955659 -0.15119570081086 0.145460980193962 -0.0762406947366248
0.153156064614347 -0.0197344132297014 0.0242114124387584 0.254007990297742
0.00267431959630623 0.165391273276176 -0.344659592969726 0.0814203624599921
-0.216191167971274 0.00327438552662622 -0.135430320995364 -0.269449515500516
-0.00397778185789945 -0.24885995005615 0.0321945226925624 -0.0594587768646476
0.273700060248514 -0.188180181314011 -0.122590764197192 0.0915181872408528
0.352353306237641 -0.0975960675663615 -0.185249579393568 0.0717397186514362
0.298638692780826 -0.224140278369706 -0.144551596665173 0.139168966437655
-0.0772533756812466 -0.311516123368354 0.0573814071243659 0.267986065098933
-0.286588231917306 0.142094002741125 0.259238862252338 0.0614288798946663
0.205930714889022 0.251527656828776 0.0665283538712492 -0.167007034661924
0.242451989025998 -0.231327160916193 -0.213526289454822 -0.0382770678916993
-0.184389471196911 -0.277610531905654 -0.086882761752079 0.144940678180681
-0.21606802502328 -0.0767508180945495 0.134520697125192 0.0829222300376582
-0.192269855474939 -0.175278828782499 -0.15247180493484 -0.173279362355633
-0.0551818453133351 -0.291229327960226 0.155603339035843 -0.0610128719406144
0.275180543235384 -0.0464405642649056 0.040301020373647 0.23140792738996
-0.0376897380354515 0.26577011741895 -0.303943047760183 0.0578614126780999
-0.312478260622141 -0.0853177510511031 -0.124336649929055 -0.248640701540706
0.103722227814595 -0.340553952301601 0.0323090165549714 -0.108471690892603
0.378122484386589 -0.167101206147404 -0.0278124199612673 0.0315625245518274
0.393236589880031 -0.115215741563466 -0.032142229563828 0.0401993841746212
0.238196800289164 -0.298038266977556 -0.0264737392903873 0.06924473024396
-0.186114172368587 -0.23717997270665 0.0529494352631791 0.2319499421294
-0.184632712258655 0.224578717721231 0.306969309434986 0.111166666246523
0.246802715238915 0.0938062206942316 0.125533095520875 -0.215241937330319
0.111061764256723 -0.283954349904735 -0.243188217739874 -0.0290513093651789
-0.236624754423332 -0.21094469301927 -0.069910775804075 0.231957803394832
-0.199815269271281 -0.0463085417375347 0.254294696402219 0.121857226492352
-0.177922585531958 -0.240973040062213 -0.0584536304931717 -0.109650189069355
0.0489234567794727 -0.362715043236783 0.141773799430955 0.00588808523890565
0.353881385411163 0.054802904454853 0.032629459557967 0.193904484706858
-0.17909205981178 0.316004514602292 -0.219434481404477 0.0375961320845138
-0.320447691334616 -0.223810262019387 -0.109713830530994 -0.200153589334511
0.239127121811778 -0.332286021448957 0.0711175717023534 -0.155814720004878
0.425424872907591 -0.0964644651771756 0.114397991282533 0.00282704401479193
0.379448616147108 -0.117874748292654 0.124649001048987 0.000540046582734339
0.161126882559062 -0.291336287541651 0.0413492013330841 -0.0312342761416579
-0.197044721463723 -0.155826832077832 0.0110995577961854 0.206521642704538
-0.136671312826434 0.170240869318123 0.34923070048878 0.155370573609883
0.111463930006037 0.0545414918782472 0.186602664468919 -0.261629204534348
0.0617588448365588 -0.14690613129657 -0.226921799985765 -0.0627280714033497
-0.144618415438726 -0.11714334544121 -0.0598569942226514 0.24598522762618
-0.125166372099881 -0.0275042385123194 0.337006281751406 0.128900910028619
-0.113051219830533 -0.241476351168717 0.00436007112551528 -0.020973469300118
0.137695437456304 -0.2733656209354 0.0649712083728113 0.0508169155380284
0.215917991188858 0.14809576446542 0.0368428024702278 0.119822669329117
-0.253429746103731 0.146087320061759 -0.149283585841025 0.0374604018938582
-0.169504652124844 -0.252375877653203 -0.0938589563624873 -0.186614552127093
0.272912003485799 -0.207883435782527 0.152921795273888 -0.177168869910636
0.373666992041894 -0.0282055253010907 0.266293956258196 0.0161818385826223
0.308456321254924 -0.103904505808586 0.264983263404396 -0.0391934361141166
0.101414506570987 -0.232609786403018 0.0814258330511947 -0.126215980974496
-0.166339995233928 -0.115732555112607 -0.0565171249431524 0.147044017064309
-0.123316771812949 0.121695036608849 0.288391004326188 0.217078589935527
0.0312425155207006 0.06866243992348 0.242145138827498 -0.229852123439967
0.0755044195608813 -0.0458729672630273 -0.185137355764983 -0.125891511081393
-0.0323881734578099 -0.0764833401818835 -0.0995278975833643 0.216927227158752
-0.0397079575682938 -0.0338448826371803 0.361661129012971 0.128900125229898
-0.0360603752295165 -0.170108130670499 0.0231951041752489 0.0479359860030045
0.123308438893211 -0.137081816495606 -0.00413891568407914 0.0259283468951243
0.060572058078742 0.0955503847019462 0.0992771110750089 0.0718900529207354
-0.153980156246899 -0.00168509465286195 -0.129272220296196 0.0635209462272149
-0.0522976721039188 -0.136480636272433 -0.074205591415934 -0.193810226785997
0.167722562214233 -0.088801547614048 0.21674452341031 -0.175688964964946
0.227274115217632 -0.00592451936947182 0.376116749434993 0.0321179512752394
0.184645303062974 -0.0735909295976702 0.365152339791268 -0.0734126512140589
0.0572817774017278 -0.140832156835774 0.119283919199457 -0.195008330474945
-0.104839914756159 -0.0835187608513153 -0.129403304971618 0.0649912072757834
-0.0875812636654082 0.070388806852888 0.178416339938223 0.294378584692247
-0.0136087887764297 0.0425401764547168 0.301288377801575 -0.141747735115982
0.0460443647507735 -0.00366084416044182 -0.115710617233708 -0.183808859780655
0.0222476952222194 -0.0512513947847121 -0.152972437507789 0.180124503421935
0.0147672726044973 -0.0411830336370326 0.342908329410052 0.138369411020275
-0.0366817203554377 0.0444072480338289 -0.311277561123359 -0.157865545016822
-0.0367691860422178 0.0220784528988959 0.174573683283798 -0.134386014340341
-0.00177184937856709 -0.00887176525831484 0.0662703815017237 0.199610477453966
0.051097249186445 -0.00231281508059356 -0.29595807781248 0.0857013612940161
0.0439354294533319 -0.00773849976697359 -0.100985565188027 -0.305589900594599
0.00982389234636213 0.0408712652658228 0.133864199992635 -0.0164528231008808
-0.0215520532783473 0.0358263726499205 -0.13730018538814 0.224060336485262
-0.0328476579106983 0.0217052872484665 -0.400928990528853 0.111908663796704
-0.0291242656085382 0.0211864243011973 -0.443983999931388 0.013203651364366
-0.0156493027280561 0.0263664821646336 -0.227194703228846 0.217393569228797
0.040465185211951 0.00691626232220717 0.0895378917175402 0.21045829670291
0.0450237259054502 -0.0125461917992907 0.149200105090095 -0.0949358916019071
-0.0287350936460218 -0.01594747464651 -0.175738906755519 -0.0522594202037964
-0.0469522865725061 0.0478316991692204 0.0233146546661694 0.0213782004516758
-0.0136012843805824 0.0524664726949344 -0.0381397971007049 -0.075721089357949
-0.0561673621350344 0.0215184714641407 -0.294838261337862 -0.169679527190423
-0.0265904434322355 -0.0171861709143545 0.178071302023463 -0.0997468189506312
0.0589753870506099 -0.00486152123561965 0.0345328097604822 0.230818923138162
0.0653046077531522 0.0588336553733558 -0.307439891670231 0.0598890173340637
-0.043122972063442 0.0451811818991344 -0.0687874758268826 -0.291620915583911
-0.049212936871495 -0.0470084926403765 0.108109671965324 0.0131099328372347
0.0540722000871944 -0.0708609979164159 -0.158978347675857 0.210448714769505
0.122979530636962 -0.0251144587973638 -0.390546935972157 0.115895314643961
0.154762108723478 -0.0111055869202188 -0.409328074773683 0.0765788065536222
0.0887094079163973 -0.0899904949005909 -0.158611662955975 0.283605630903432
-0.026044207430135 -0.0827053254450121 0.168104069307947 0.171717420574511
-0.0452452842179043 0.0248079966814676 0.106366357189608 -0.13244082150906
0.0277285897980011 0.0359977699461515 -0.181794903377763 -0.0201899666267898
-0.0187890643594238 -0.0567245311809634 0.0135814920439446 0.0331024021139847
-0.0929425455075697 -0.0325057830315486 -0.0194888271214646 -0.0512422824544594
-0.0945297614021226 -0.0170948075348702 -0.279105991415657 -0.182934639618693
-0.0348035385848915 -0.0630589874476636 0.159267983774454 -0.0795647812357755
0.105553450168331 0.00170330527402435 0.0250641080129899 0.255423993775138
0.0425665366616241 0.115998774816493 -0.325867718177753 0.0793644237336995
-0.134133927201048 0.0487895921978615 -0.102903490066098 -0.268907151145033
-0.0564957465492356 -0.14529823078722 0.0591097611519337 -0.00953468174358498
0.15620188520087 -0.154826431091063 -0.162247745148159 0.1637225454309
0.260832895408465 -0.0704293549263897 -0.313168945916798 0.102222117037652
0.27916768983611 -0.110312594408349 -0.291667745871558 0.142297670724155
0.0659871101668482 -0.249501027076757 -0.0280914290030311 0.313221148167593
-0.211246190756383 -0.0545943521298876 0.242119709039384 0.0906724962149858
-0.0155895572896254 0.202968404455025 0.0607324562762906 -0.148422298570126
0.185426091944416 -0.0257966599627903 -0.170762011925294 -0.021638962166052
-0.0678920138177756 -0.201756282184917 -0.0399793066603791 0.0574369446031739
-0.17276461379541 -0.0766611299870459 0.0344740166389119 0.0118484979726589
-0.154033033879546 -0.0821695052913707 -0.237497371688597 -0.189018460233312
-0.07072627922499 -0.151088211437359 0.144777771075558 -0.0804543429371541
0.158174356244789 -0.0246713250392519 0.0289614562512908 0.25819504094218
0.00864362293749849 0.169710371935819 -0.345807887284229 0.0894394995840832
-0.218641566986678 0.00941938461096588 -0.139378569414805 -0.266119149075853
-0.00917672939106077 -0.248652336080809 0.0283782820212792 -0.0596518938545911
0.27072594416984 -0.194589223886169 -0.124055096404517 0.0970821401598602
0.351824250462916 -0.105719103586686 -0.186840874698111 0.0774251200899012
0.295525853495562 -0.232339738757545 -0.142272434309437 0.143322709696131
-0.0848247314185741 -0.311107920640125 0.0640978311819672 0.265168011925455
-0.28387481085222 0.152566672873432 0.262203464820277 0.053261126042717
0.216947291505032 0.247794403369633 0.0631939939248765 -0.169417316768837
0.235436428658372 -0.241262612432293 -0.212747950947811 -0.0327056842954871
-0.194343444875297 -0.271271262059759 -0.0814732191119243 0.147087788740784
-0.219616076670174 -0.0712031130678057 0.137404403020994 0.0778004055591144
-0.199664940751551 -0.168047587705577 -0.157832737357572 -0.171373286800209
-0.0644270889221781 -0.292878980501186 0.154672540341026 -0.0640587456950514
0.279448433889955 -0.0529218390957442 0.0435471040739411 0.23399769606678
-0.0312257366107522 0.271074776373951 -0.305388610472988 0.0635214779975124
-0.317487848624094 -0.0769486470320602 -0.129767405585663 -0.245710702903966
0.0957623169541082 -0.343312730582032 0.0269913898646151 -0.110089090193583
0.377038631644707 -0.175654491583323 -0.0296421013927859 0.0322919125816454
0.391928273619483 -0.125386539095738 -0.0325065135562733 0.0421506337131312
0.232966938905423 -0.306471440966454 -0.0254154152342861 0.0707293235021463
-0.191407548682818 -0.234375513048721 0.0578841318576027 0.228823305928789
-0.178992552398723 0.235003209589613 0.310729935699001 0.103247424890314
0.254017607440018 0.086262680645365 0.120297297975958 -0.220793480081173
0.101826940885595 -0.29061061332728 -0.243261147494679 -0.0241124553155561
-0.243404015383475 -0.200412845433564 -0.0626302646154153 0.23284065844404
-0.200490234313363 -0.0400786645290239 0.259200215074991 0.113351484224389
-0.187611829121248 -0.236288959372358 -0.0620142389256827 -0.109588492531908
0.0403706259566912 -0.366748438796767 0.140928950780682 0.00378509916777493
0.361505655120393 0.0471661347638906 0.0338067460314696 0.195626632402418
-0.171538003923042 0.325590375489907 -0.218801827457645 0.0438260506123238
-0.328358288572167 -0.21711321346977 -0.114781420027694 -0.198601524048016
0.232894614165779 -0.33850613826396 0.066000597696839 -0.159164865959707
0.427667408985825 -0.10436921963158 0.115291862725051 -9.55212767318143E-05
0.37923259225249 -0.126314358505337 0.12429145874305 -0.00145462308452107
0.156586795057743 -0.299036619639424 0.0411191471353106 -0.0329705400552976
-0.201958910573695 -0.151335244778285 0.0168675867094735 0.204491636639068
-0.130433172948779 0.178675373390589 0.353293048988776 0.146344660223914
0.11684037761301 0.050004367267822 0.180329295155164 -0.268845429007167
0.0553622257385154 -0.149957935300986 -0.227745520209763 -0.0574053040005982
-0.148238327066898 -0.109757686728448 -0.051944718987091 0.246669910074035
-0.122598096523675 -0.0238471222027938 0.343973943229788 0.11953296035457
-0.12098158092426 -0.239696827030282 0.00355636365942939 -0.0197505006532632
0.131240638246598 -0.28130352641028 0.0642543661474416 0.0519143784810941
0.220811464418042 0.146255483779699 0.0370019985984118 0.119768682838775
-0.252479401547441 0.15451598499714 -0.150106228127309 0.0414014454006063
-0.175372225178912 -0.248566652546233 -0.0975559909809812 -0.184410575581905
0.269620592698889 -0.213911391534513 0.14893028036897 -0.182489970806771
0.376350896579931 -0.0344118081613658 0.269877515386888 0.0104556156774455
0.305176565827962 -0.111318908007007 0.263709622575877 -0.0450558558155691
0.097705897404696 -0.23813074496415 0.0814486761543239 -0.130432236034055
-0.171586374610676 -0.111873975023954 -0.0532262579174747 0.146786948187726
-0.11823882658682 0.129357711864303 0.2951305906294 0.209984421701801
0.0359734454071193 0.0676315534974699 0.237311532162037 -0.236839235365619
0.0733072578948004 -0.0498266184604727 -0.188574251403056 -0.122492351910758
-0.0340271100668126 -0.0724467175627286 -0.0944075439027532 0.219622449434126
-0.0354727408894436 -0.0331565413794674 0.365147310014998 0.118992553195344
-0.0405199045319088 -0.170894521474814 0.0238721247975191 0.0497129665969887
0.119907335405499 -0.142494373516465 -0.00661343034319548 0.0276748191702552
0.0627867658167021 0.0950284827453247 0.100966253283053 0.0725565103327939
-0.15411988313849 0.00397528207244417 -0.129713532185737 0.0670366030591271
-0.0577537375012026 -0.133831569114739 -0.0784571145207122 -0.193899640235862
0.166798736686964 -0.0945215278730785 0.215841346504655 -0.182918444583789
0.229207050163169 -0.00980357747269958 0.380803290748383 0.0248690541566757
0.183330766360681 -0.0778964019341245 0.365045526412828 -0.0822617692632944
0.0554845876085906 -0.144232099868011 0.116904447486086 -0.201932332216113
-0.109607623109785 -0.081109180508498 -0.128650301855747 0.0681814325312628
-0.0852409081894086 0.0764620017982469 0.185673834813886 0.290706764376457
-0.00840996187261233 0.0417717686485917 0.300167346577779 -0.150419900420319
0.0450904196041438 -0.00658131719783566 -0.120994833045352 -0.181380597572987
0.0196889943667809 -0.0492119091045257 -0.148729902817733 0.183742767273339
0.0190864884467483 -0.0426920782932407 0.346983169229467 0.130237733422011
-0.0360040604997056 0.0462042632255074 -0.321128126172014 -0.150916111302978
-0.0379996324086272 0.023116413890612 0.174008284321536 -0.141859772043925
-0.00119561426305188 -0.0093712738825357 0.0712205386555806 0.200629292249736
0.0518952327167233 -0.00403767132368582 -0.296576761679918 0.0922050923362772
0.0429193060450215 -0.010211034690722 -0.108658240099379 -0.306899803674606
0.0114022756788548 0.041428411153466 0.135899152017615 -0.0172714102955285
-0.0213472247945013 0.0366243455482049 -0.133362344949181 0.229287166048696
-0.0328509055662482 0.0226701715137264 -0.404067203800643 0.122602661725445
-0.0289800927755001 0.0209061350679992 -0.44989721208566 0.022942801936328
-0.0150917782979149 0.0268741752556168 -0.22562606719967 0.221527259949262
0.0408026618745361 0.00553157790886077 0.0929479085290282 0.210830793959526
0.0452048905956082 -0.0151109382364628 0.149638755432811 -0.0985654282514427
-0.0303420675885783 -0.0158712100257482 -0.177676458596932 -0.0482292118909037
-0.0463575053763489 0.0494598335453474 0.0251388748430657 0.0209682708927114
-0.0121214753702686 0.0522369389515607 -0.041534716444961 -0.0756848087863714
-0.0565980939876189 0.0233752070462117 -0.303979924469285 -0.164297392348719
-0.0276306101514154 -0.0166591521629637 0.177388164721624 -0.105762414037521
0.0603288604085585 -0.00661305502412148 0.0397567586136381 0.232879271498714
0.0685064267128955 0.0578380208063738 -0.308886585862294 0.0682394501790246
-0.042821154525617 0.0456024548451272 -0.0763340099740518 -0.291925037478247
-0.0489296082091089 -0.0459431633035751 0.109399578290636 0.0134640119878852
0.0527899778833959 -0.072555325911942 -0.157453996213364 0.216803269803731
0.124045292147056 -0.0283295306578497 -0.392100582029054 0.128015473523879
0.157177862139236 -0.0146624795025543 -0.415409361314637 0.0864754820797379
0.0883606320560288 -0.0924012468108645 -0.155946625142833 0.285840473528692
-0.0282269605479425 -0.0838873002913786 0.170983461152431 0.169768860404
-0.044689262271796 0.0260247676171174 0.10603493471418 -0.135706162477747
0.0286631892892212 0.0359610071315676 -0.182207869562612 -0.0157574119114724
-0.0201550901521475 -0.0572295695297623 0.0157908537580171 0.0327065525865328
-0.0951572213679367 -0.0318452592745887 -0.0213256529341584 -0.0522707612681143
-0.0961640326191871 -0.0151433098719443 -0.287170972425227 -0.176777294484653
-0.037050202383546 -0.0629751796548579 0.159954355936191 -0.0844871579025808
0.108910160490608 -0.000894338920923197 0.0320106288137058 0.258536400363236
0.0458081200306389 0.116895288224881 -0.326685962620089 0.0894176990127796
-0.134501972777822 0.0531243344535248 -0.108000161700718 -0.266823415798126
-0.0609124568141461 -0.144704691372265 0.0586555565070216 -0.00847120881219036
0.153972150150829 -0.160345200750887 -0.160229980596609 0.168462923607193
0.261543041480521 -0.0770953102817976 -0.314496801302387 0.110762111677719
0.280088502817948 -0.116650136774812 -0.293871180444054 0.148962775885372
0.0621863982622929 -0.252875812188506 -0.0213856738736487 0.314701296446382
-0.21461984976627 -0.0509711594797874 0.244481974512961 0.0863907622804577
-0.0107111271252751 0.205829848469878 0.0586710381499048 -0.151515334884252
0.187110159445668 -0.0316508108991688 -0.171541432587954 -0.0170575030984263
-0.0737794057221293 -0.200782504664131 -0.0378539386258237 0.0584934230622443
-0.17759078119271 -0.0727316286825217 0.0345921621758365 0.00913997553653616
-0.15837091892565 -0.077725811053827 -0.245783129689317 -0.18523779041127
-0.0753383096113672 -0.149553233685387 0.143675070184508 -0.0848152385463616
0.16046646209063 -0.0289746392200176 0.0354782361504044 0.259279772662046
0.0144769869906168 0.172445313846228 -0.34544061522226 0.0993327512284135
-0.22094929033592 0.0155678468382134 -0.147262928805418 -0.264307484285309
-0.0157122292842008 -0.251593483645164 0.0257661926222474 -0.0594207792052925
0.269749328076862 -0.20205359742482 -0.122799404491673 0.100818399664904
0.352869872328745 -0.113911680446524 -0.186727540591868 0.0837715857990552
0.295011169422501 -0.241986329147536 -0.141794240842413 0.146684760735585
-0.0911890216143881 -0.311992622974381 0.0693871632504389 0.264355197949474
-0.28420645131613 0.161186990096953 0.265301756653982 0.0477405697241086
0.226457312685817 0.245016884000923 0.0617745203790022 -0.171736955602201
0.232750235219785 -0.250355267048803 -0.214382772829826 -0.0277615213724523
-0.204926560029755 -0.267836982583383 -0.0785026780234421 0.150084764957962
-0.222979463826971 -0.0664114295969892 0.141313105896038 0.0734875967186372
-0.207018197929048 -0.162688488814632 -0.164482093467881 -0.168883481895871
-0.0720874542095858 -0.293622221220894 0.154209210804954 -0.0693828868643441
0.280907376449481 -0.0615308549981224 0.0497443635400889 0.236365881093416
-0.0244121999602913 0.276786130545017 -0.307125185693791 0.0738682483078461
-0.323744271701109 -0.0695739408747206 -0.136169973129699 -0.244007582412623
0.0895478516903915 -0.348192253635265 0.0227175374216507 -0.110856918789928
0.378304781938826 -0.186352137950564 -0.0279821045666311 0.0342741713729176
0.393901766163722 -0.133862873933481 -0.0316302556276324 0.0431263965659171
0.230999413242593 -0.315015714245208 -0.0233714986603122 0.0701027403193864
-0.198367574949302 -0.231736245976705 0.0646207866503652 0.227696733915605
-0.174779931244267 0.242568081590607 0.317065383638593 0.0952624812147027
0.260700275664217 0.0816559016622257 0.118182095777219 -0.227578243608542
0.0962639763172443 -0.29576709098547 -0.244677516396387 -0.0171493865762489
-0.251776051343398 -0.19654817207991 -0.0563998532297714 0.23663069937869
-0.203857061020532 -0.0359740378084063 0.264813182629267 0.104974048716643
-0.197119812059338 -0.233787425631952 -0.0657978958678107 -0.107764069404279
0.0295068672603796 -0.372964117345993 0.141775089004419 0.000146935898663439
0.365672984791305 0.0385064234341969 0.0381391178494876 0.197532263837259
-0.165510946446804 0.334667262221441 -0.221111930652228 0.0489166741465678
-0.335772896005398 -0.211851741345698 -0.118920719827176 -0.196784809314559
0.230060408267041 -0.346568293532261 0.0624988587532878 -0.161342146940517
0.430475060245917 -0.115592011292815 0.116741997055854 -0.00154852324475247
0.380921840841675 -0.134565150141437 0.126716922520013 -0.00288076487579493
0.152065812944444 -0.305836885159533 0.0419140068241652 -0.0358414382430039
-0.20660071371572 -0.147154930024085 0.0217202487937722 0.204790752345633
-0.127827658919572 0.183991681619754 0.360012190841663 0.139721688073444
0.119347086856169 0.0486294711506707 0.175892342647361 -0.27613781219174
0.0518853519649532 -0.152835608342462 -0.231694514413245 -0.0527165915435741
-0.151928733277223 -0.105907459858456 -0.0457291042264971 0.250212313635898
-0.124067083325303 -0.0215106629816259 0.35102566336891 0.108835457811336
-0.130135130308403 -0.238605577244875 0.00237939712990122 -0.0200665646848598
0.123830625998517 -0.287658867012105 0.0651309418664015 0.0504762958855416
0.227717710465005 0.14181289260395 0.0386866658267299 0.12161567823613
-0.251069181801686 0.163511688067361 -0.150672621918703 0.0455634378645574
-0.183131349952047 -0.248504261335543 -0.100899999434986 -0.183638106538898
0.26934702453903 -0.221785319677202 0.145582511268112 -0.186283638636971
0.382251239052833 -0.0432504289193725 0.27265249762938 0.00552222657722588
0.307165985522048 -0.118773501595494 0.267640954382364 -0.05064885350631
0.0951748510524004 -0.242284471452528 0.0791228402529665 -0.135605995052269
-0.176059488875272 -0.108012769766865 -0.0519748237706304 0.147431017616599
-0.117602266278006 0.134178037799334 0.303153901418132 0.207163410478033
0.0387551379889351 0.068644631987435 0.235151887958804 -0.244552540826475
0.0738026330180239 -0.0517994190985264 -0.193188841035882 -0.119112107928129
-0.0353037397574068 -0.0718799282119937 -0.0890160303419757 0.224302563384641
-0.036605379615871 -0.0323624003381989 0.373049868316492 0.108784933234289
-0.046447139279019 -0.172102326697731 0.0257070886998815 0.0503999646622206
0.117014805904035 -0.146928508856002 -0.00447246854278341 0.0284270896973631
0.0677235191857957 0.0939515966948576 0.102757688015956 0.0716246568782444
-0.157048191810906 0.00816202915311464 -0.12964729274731 0.0707047653413311
-0.0603944630054104 -0.134737470911567 -0.0814734736798639 -0.192251090829394
0.16884400629703 -0.0983345133464536 0.212725349941973 -0.188843100614378
0.232116261409474 -0.016845180968441 0.388399294317728 0.0161124004539085
0.182086477837513 -0.0827807145759139 0.36727944278521 -0.0919094648368312
0.0541128775818077 -0.146517487482202 0.114438805328643 -0.209808366809148
-0.1131428913484 -0.0780731254304882 -0.129511006979726 0.0707171184069267
-0.0831400642070689 0.0814256449323021 0.195331070351766 0.288871300677954
-0.00751237234468915 0.0445906427002821 0.299784977922312 -0.159962541830599
0.0464554072092391 -0.00817000608234906 -0.126730791160963 -0.18041217715282
0.0207771027836985 -0.050879562319743 -0.14510835772621 0.191626961555623
0.0176766196083987 -0.0432476811249507 0.353778488217936 0.120348216273347
-0.0342373599009282 0.0478035951047871 -0.328131908544049 -0.140787756922747
-0.0376124191673467 0.0248890557862518 0.170214705650027 -0.149645822208226
-0.00149260705589765 -0.00876776305660824 0.077619917792704 0.200616090619198
0.0533575865323228 -0.00573715268831439 -0.296419488374833 0.102790903219417
0.0418323245691585 -0.0124494409350421 -0.118097118230719 -0.304343618713875
0.0141384500827269 0.0407164978171588 0.136590468485654 -0.0190151098006614
-0.0188775086635295 0.0373741744146173 -0.129092910353045 0.237403165565042
-0.0326154024940957 0.0230005157179145 -0.400890480698738 0.136165319512562
-0.028599363725185 0.0220894818285709 -0.45452865716555 0.0369126209696269
-0.0146216599963187 0.0275337902320244 -0.222697272585831 0.228327063366868
0.0409412230876674 0.00289097356382444 0.0984069225044699 0.21099383234702
0.0458351490675032 -0.017694369022668 0.148890253157534 -0.103455822032651
-0.030514566878916 -0.0146555592994724 -0.178339664975998 -0.0423982511470678
-0.0448770825474001 0.0518747797447988 0.0278617623687809 0.0201026088920067
-0.0110460753450742 0.0536040578475952 -0.0451499070683347 -0.075310382894002
-0.0561635559960582 0.0253230162715307 -0.311876079113627 -0.154395547983152
-0.0285580076354858 -0.0164742621695451 0.175630138041511 -0.114520226049832
0.0610306425756279 -0.00945791633173581 0.0479564585737939 0.233742781481259
0.0706918026781751 0.0561937652629095 -0.308258564551705 0.0775897425213834
-0.0425875714823127 0.0479217816321455 -0.0837626895195728 -0.290416946573118
-0.0508039076803852 -0.0439853014248108 0.110248368101963 0.0132371699511676
0.0517255533651869 -0.0753169478725202 -0.152620130964605 0.223859677326334
0.12397638078259 -0.0324003535387531 -0.388845139384149 0.141130104430439
0.157758365558654 -0.0203403745878491 -0.416556848634834 0.0993386021803064
0.0884525084380604 -0.0959580196463617 -0.149060070053755 0.291355448039207
-0.0307978413680692 -0.0844650157944281 0.176186500619324 0.1664089194116
-0.0443826169135817 0.0264434934721944 0.104095196474415 -0.139134205422244
0.0298586465571113 0.0346500382801941 -0.182577226454651 -0.00902859432786574
-0.0229388991901446 -0.0562795181803306 0.0186286955516374 0.0318193573534812
-0.0970423559233298 -0.0281806977220045 -0.0248764676204702 -0.0526000248217573
-0.0968156152339129 -0.0119501355613775 -0.295764535474531 -0.166893484180326
-0.0394637602463071 -0.0614222168197223 0.158321643019968 -0.0921454086837901
0.109389430049581 -0.00466917670901319 0.0405570859898303 0.258442077616883
0.0511450728324245 0.116110650634372 -0.326031298703607 0.0997547402398063
-0.134973555305094 0.0581894158491574 -0.116328138321947 -0.264897896872142
-0.0640704361804307 -0.14302664774573 0.057864991302068 -0.00808959258592572
0.149900235644652 -0.1663887783196 -0.156654058478767 0.174779919148763
0.261284563103616 -0.0848764990770175 -0.312095718129307 0.122917213976897
0.279186488596533 -0.125424594295075 -0.292434793478757 0.156377997892235
0.0564337316133024 -0.256763653750636 -0.0134300047621489 0.315125570638181
-0.218502931739046 -0.0455481407775627 0.248165038027674 0.0785158336571293
-0.00364174747868716 0.207785049324733 0.0565324738478041 -0.154586880954096
0.187716961543291 -0.0383347721439409 -0.171115158462305 -0.0120304192419275
-0.0819300977210716 -0.199212105991425 -0.0347347096394055 0.0597526020374183
-0.180382410241097 -0.0673773604559632 0.0347420224629181 0.00679449474277784
-0.164058216937643 -0.0726849286791507 -0.254469987527224 -0.177315187738303
-0.0800198460001207 -0.148712097752479 0.142221669288687 -0.0911552117181969
0.161160022109694 -0.0348048661459773 0.0447358106751239 0.260545853090027
0.019680319863731 0.173341275947604 -0.344417200181388 0.111628570721427
-0.221886477524381 0.0231994028445118 -0.155303632045099 -0.261888882977158
-0.0224513722970509 -0.252076181497198 0.0230985086223808 -0.059134289754013
0.26521087788576 -0.213744278670586 -0.120086692816505 0.105694221465699
0.353107116561512 -0.125326484574145 -0.185326962999852 0.0902348516676657
0.290278847238045 -0.250895429367056 -0.138206413128332 0.150271788251828
-0.100977426113851 -0.312405120086943 0.0774033919635668 0.261730708871221
-0.283387565555902 0.170927772747921 0.26833682579705 0.0400282226050872
0.236587123219247 0.241905367750266 0.0583452577198482 -0.175684934912953
0.225698957509849 -0.261289269995206 -0.215727513106517 -0.0199685735162483
-0.215186073612281 -0.261783440051904 -0.0720482555848467 0.153463650247348
-0.22774720917978 -0.0589650583642291 0.144350808652307 0.0668966173563972
-0.215512126264068 -0.1573812156337 -0.172273829280912 -0.163345880670763
-0.082901071889828 -0.294170545583583 0.152459519252226 -0.0755431027671388
0.282457066597944 -0.0727388408602489 0.0582486398862592 0.238017021072553
-0.0151490495489415 0.280585909721047 -0.305669646320408 0.0837010719149034
-0.326736086563822 -0.0576316710827335 -0.143814782021958 -0.241390689710248
0.0797658029786077 -0.354491808579755 0.0185516801341525 -0.111296648937606
0.373740737787999 -0.198078145034694 -0.0279650499804557 0.0356061900968993
0.391047525365366 -0.14608142398371 -0.0298875565794191 0.0460534749348029
0.222788882654065 -0.324454599686889 -0.0204489919266001 0.0705648065635355
-0.207614775433523 -0.226859878585486 0.0711291334051283 0.225992118095572
-0.168986166456369 0.250028693986386 0.322459300672833 0.0868457674994108
0.265606017361928 0.073936113902454 0.113332552024744 -0.2323069744292
0.0865925707921398 -0.301325762027867 -0.247478901963433 -0.00994268704473362
-0.2604544852748 -0.188275794436106 -0.0472882467006605 0.239912454050399
-0.206388458421585 -0.0300553636832118 0.271320232687119 0.0964795516681449
-0.208017528512223 -0.227944836862521 -0.0703286906352984 -0.106365508153995
0.0158585226214608 -0.378551584070906 0.141482146061959 -0.00441363751148181
0.371142119955228 0.0257557951898359 0.0438369022140858 0.199523484095459
-0.157980524841791 0.344066759284917 -0.221037123259344 0.0553454862886386
-0.346063565471859 -0.202972166157831 -0.12445297441886 -0.194246820590236
0.222595198759516 -0.35587700699367 0.0562572241457485 -0.163424357243823
0.431622562899363 -0.128351114444246 0.117591252445617 -0.00410634279664747
0.376266709062172 -0.149072135017591 0.128273162973882 -0.00619159187320954
0.143778566257188 -0.313080246823057 0.04193609621007 -0.0395151425281807
-0.211827085156863 -0.141641638512145 0.0276036091263392 0.20395411681388
-0.122745136668501 0.190941898028347 0.365986783517287 0.129557832676293
0.122452960754362 0.046157420144136 0.169051236762131 -0.284413179201622
0.0475109545910112 -0.154409243983288 -0.23497414674036 -0.0452621228959719
-0.155483947186335 -0.10091198026213 -0.03635957217978 0.252542270051902
-0.125979418261491 -0.017793801023446 0.356970272768076 0.0954456396570516
-0.139474540127334 -0.234616301575567 0.00141450822772781 -0.0197266780012666
0.11419626141798 -0.295013175050063 0.0675689590853841 0.0488102508050836
0.234952522412173 0.134344627689044 0.0429321744861161 0.12349600534736
-0.249330408312274 0.173535437405958 -0.150210242552342 0.0491008279736554
-0.192026970795503 -0.243941020425624 -0.105964491122624 -0.181648409736928
0.267110576968085 -0.231428758952739 0.140570476947305 -0.191474986883638
0.384486891615804 -0.0548576423548204 0.276618134050774 -0.0018883217881217
0.304173384521646 -0.128191256302387 0.268135363984514 -0.059002144434042
0.0888517238115153 -0.247268728313442 0.0779221412378297 -0.142235116233184
-0.179730743288037 -0.1024149541815 -0.0477257536904124 0.149708738786344
-0.113652747410542 0.140644140026441 0.310403596640738 0.199012265615655
0.042709262834776 0.0689400645711364 0.23042332415533 -0.253714988091434
0.0722768094698913 -0.0539115378016971 -0.197930910970032 -0.113386524333766
-0.037105207082206 -0.0712461249751469 -0.0816283308652904 0.228821951649645
-0.0369909447452378 -0.0319759622780947 0.378749432286314 0.0933218111737904
-0.0533272226106283 -0.169984325681455 0.0278286642862654 0.0492848670059557
0.11172235286262 -0.152670415912144 -0.00461922224064871 0.0281408150435998
0.0706439861627873 0.0918687094532185 0.106839530708288 0.0708493087625406
-0.157260680271412 0.0151432369257855 -0.128162586499032 0.0740913917904631
-0.0648272924521972 -0.133638984396647 -0.0847263718569554 -0.191014245495747
0.167511921095946 -0.103285972049988 0.208392356332558 -0.196634969874285
0.235932928586909 -0.0240208224618489 0.392298631739368 0.00638624897065531
0.180861836292402 -0.0874629515882398 0.366841204277604 -0.103812714652314
0.0521421948751816 -0.150124365514725 0.109960080864273 -0.219503718415823
-0.116792005926047 -0.074287663162082 -0.127456781372418 0.0734671924594773
-0.081378306504576 0.0852321414784768 0.205609057257905 0.28544086402727
-0.00500038286598862 0.045118475745264 0.298120717308922 -0.170135683822729
0.0462714961696097 -0.0101155231947676 -0.134339144263772 -0.17842675126652
0.0192809431047029 -0.0517473620862079 -0.140779132231798 0.197443075997376
0.017352262577282 -0.0444914861516721 0.360768736742322 0.107045901597712
-0.0330392650256797 0.0484423959824361 -0.331650982393704 -0.127467380590033
-0.0366434897874854 0.0264948137188158 0.164825972293297 -0.156556620041501
-0.000923471272608419 -0.00892494184265083 0.0831842885221911 0.197235190370676
0.0524071550551375 -0.00818281926257852 -0.290612896599313 0.11403739512361
0.0394892910274959 -0.0146964723288707 -0.126008516804026 -0.298477499286379
0.015981454242451 0.0393396078368876 0.136418398674736 -0.0212625308234158
-0.0176336431937787 0.0370691528746165 -0.120794119543964 0.242241828480331
-0.0326641302291777 0.0241420395954139 -0.392892167456718 0.148328219904031
-0.0286067958011441 0.0220479845753081 -0.452400577841582 0.0491238827515872
-0.0131012269652506 0.0281956679768025 -0.215660029211486 0.232703656171095
0.0400609279164141 0.000739470659241758 0.102879983301795 0.207904273590322
0.0449975840632973 -0.019880370427168 0.146545237174625 -0.107024831126194
-0.0314667776591397 -0.0133080779948884 -0.177618250673969 -0.0357173707564312
-0.0423907947853089 0.0528139861917916 0.0291631514987631 0.018282257218282
-0.00878069130127674 0.053698351883478 -0.0484331215277583 -0.0729437586008735
-0.0547074755155161 0.0274767676825909 -0.31628893671363 -0.141599452285554
-0.0300189140094237 -0.0157689035429053 0.170227466591816 -0.121204153618534
0.0612447194064364 -0.011739101396307 0.0552857499101317 0.230575081087589
0.0733031374012446 0.0535318826202957 -0.302911066528596 0.0875896471350367
-0.0416605832024838 0.0485534186824034 -0.0922169297752979 -0.285180941063826
-0.0511276847348321 -0.0428614587552264 0.110790905128164 0.0114048329653342
0.04832856407135 -0.0767122159202655 -0.14552300937542 0.229473063197888
0.121401928262685 -0.0359848023328512 -0.380774334558926 0.155699328504341
0.1559128462948 -0.0250491681333473 -0.414023684094655 0.112412132204532
0.0846619399261009 -0.0982181982406039 -0.140527001729432 0.293408144526795
-0.0332634733727585 -0.0839815364122855 0.178631412837837 0.161065036590043
-0.043424133810397 0.0267491420093074 0.100620552635641 -0.141550942191665
0.0303020650992974 0.0334509706843546 -0.180139617070975 -0.00205194672865512
-0.0242825974994736 -0.0543024054487925 0.0212392917645735 0.0299290634151285
-0.0983407688404313 -0.0233009177265166 -0.0277830468530026 -0.0515514309632397
-0.0984602914627737 -0.00782332272365973 -0.300851433440294 -0.154828830160045
-0.0413144108332489 -0.0601003507468953 0.155343978896359 -0.0988140925686873
0.109378829555806 -0.00847942783787065 0.0498494499712558 0.257156785993426
0.0557253860741642 0.114070036981295 -0.319136985375987 0.108909631068394
-0.132879053716685 0.0628598725531935 -0.123707824935649 -0.258108255609031
-0.0682526500610231 -0.140086850184028 0.0564658875428231 -0.00818439204259531
0.142550425357639 -0.170425127838336 -0.14991816948247 0.178980030140745
0.256272437829085 -0.0924004621990697 -0.306260284845447 0.134546498845168
0.27516684173349 -0.133249416271351 -0.288067971698492 0.165230488771692
0.0490785244090615 -0.258159678993378 -0.0043036935900259 0.313107224101911
-0.219498403473532 -0.0382167262671483 0.248819372469803 0.069972098990197
0.00334228850098671 0.206952778607834 0.051528001152594 -0.15534224632816
0.184953880606978 -0.0442103527964073 -0.168779391160461 -0.00571741793316735
-0.0885380070282748 -0.19462828692256 -0.0312554790513214 0.059734176112768
-0.182517088800866 -0.0600530453297817 0.0347019167116031 0.00422424225046057
-0.165503377175218 -0.0666073879616186 -0.260486915445001 -0.165997581314139
-0.0849304772386279 -0.14378208048832 0.138392114365698 -0.0967248161337235
0.158907572052224 -0.0410595253505519 0.054372990294215 0.258933191815838
0.0259651393303276 0.171868330653202 -0.337937661938464 0.122872947614113
-0.220460204455834 0.0305661203559751 -0.161560791665925 -0.253124222196392
-0.0298918458849278 -0.249528277305276 0.0198216308819811 -0.0583003053629245
0.257285644278141 -0.22021716338561 -0.11670638289909 0.108283606907792
0.34604894982467 -0.135582093967292 -0.180953800436286 0.0966309637586932
0.282906398366388 -0.25827826103307 -0.133258842029614 0.153015232597346
-0.111068239734536 -0.306277773411239 0.0834698459654695 0.256488397566553
-0.276497420509139 0.180732323083417 0.267629209878306 0.0307598289039603
0.245703882244226 0.23163926248624 0.0529449217376524 -0.176145897965828
0.215476394590162 -0.268398477666602 -0.213747723108038 -0.0124519249574794
-0.224278150918285 -0.252105930413243 -0.0658529445385866 0.154341002964774
-0.228426186173836 -0.0505972044142115 0.145909207285949 0.060001853795538
-0.221609369891482 -0.148460723333485 -0.1777386326325 -0.156649901900281
-0.0944849401703309 -0.288313716352632 0.147457704937234 -0.0796395310791291
0.277845445808332 -0.083370314116338 0.065941346923082 0.236343536778966
-0.00628705756071205 0.279722323188157 -0.301343818574091 0.0934426536804397
-0.327247024538468 -0.0472034643778755 -0.149413071998055 -0.234206619232419
0.0684791891775437 -0.354556508441475 0.0132489853775778 -0.11034034141336
0.36534630092675 -0.208903748006357 -0.0260900218711964 0.0365021283468221
0.385021521420498 -0.156516705572647 -0.0273913711396569 0.0476310295901645
0.212253101313978 -0.32819574786866 -0.0186993709067602 0.0697716787919068
-0.212862953506139 -0.218713159347777 0.0789893136270887 0.220577415458338
-0.159079523255615 0.255146918977172 0.32367186085161 0.0754672868799853
0.268262475285887 0.0648163831569162 0.105630842196455 -0.236511089035546
0.0751609834690585 -0.302802405155111 -0.24617452366083 -0.000881424495820896
-0.265011658687165 -0.176336629362578 -0.0366149839840078 0.239220762492915
-0.20520814590237 -0.0222150119278233 0.273584233291993 0.0847651850680655
-0.21608868930941 -0.217670525578448 -0.0741312800526722 -0.103604364074939
0.00263271828674035 -0.377025757239728 0.140219765955752 -0.0100944464450491
0.369936903288595 0.0111895048465543 0.0508812794481527 0.197810055641154
-0.143413751910575 0.348119581751425 -0.217756567964497 0.06260009466021
-0.351078603642511 -0.190022885497027 -0.126933454569858 -0.189117478492123
0.211813798884084 -0.361517749353821 0.0499844935093429 -0.163081483703231
0.425150434451552 -0.141293965363221 0.11800755047042 -0.00720758442694082
0.370326439870061 -0.159430321431628 0.127857060805363 -0.00957408712211356
0.133884589019275 -0.315844308025438 0.041158494611659 -0.0431412797285012
-0.215249117253985 -0.133064854934099 0.0331097350791581 0.200726168349659
-0.115765955261397 0.193245438283454 0.368095239642276 0.116588509488442
0.123663454379354 0.0425014701649864 0.158982130903329 -0.290105248758441
0.042483915861576 -0.155102437380497 -0.235194503868035 -0.036926969716543
-0.158083402182556 -0.0940366542859732 -0.0266020549580629 0.252075164662921
-0.124158913305882 -0.0136904073901296 0.359311986865117 0.0789804842154481
-0.149515356229074 -0.227255485167664 0.000531171730221901 -0.0205402896641647
0.101889817433568 -0.296922442790152 0.0685354361426832 0.0462842998771831
0.238808221594017 0.123665736247329 0.0477475167629696 0.122203992347603
-0.241742283331143 0.181638301843595 -0.147401883935679 0.0540277611921484
-0.197944616915204 -0.238092405806389 -0.107739975332655 -0.176439847103309
0.261413093875162 -0.239638471488074 0.133907313808115 -0.193786379006032
0.381368846179543 -0.0682879386940929 0.275643614251129 -0.00916947974325036
0.297547777620994 -0.135824037886555 0.26472954283653 -0.0666773499079785
0.0798807991760216 -0.249301589034992 0.0726609376275376 -0.147609405601913
-0.18218629333584 -0.0945512469930718 -0.0435767109310049 0.149174120193419
-0.10809381293767 0.143495972126976 0.314788395368612 0.187422546160444
0.0447724352968938 0.0677909585563545 0.221113594498756 -0.261921913681478
0.0704875340470294 -0.0565533564881378 -0.201865595573186 -0.106620119915978
-0.0385397810084719 -0.0700358411888707 -0.073213480118666 0.230626654501271
-0.0372036289362596 -0.03072246344487 0.381391405898696 0.0772624262799019
-0.0597784442178918 -0.165921163137346 0.0290629432839438 0.0481101802064131
0.104556646882312 -0.155793271925638 -0.00409918926358191 0.0284844373758939
0.0733806355147771 0.0894369349999575 0.109988622672061 0.0681766137113936
-0.156359583899602 0.0199942333831405 -0.123931776888429 0.0769618078322051
-0.0692614615365724 -0.130014448737046 -0.0885136803549877 -0.187197903627037
0.165961001012055 -0.108134721058948 0.201852779544768 -0.201345684887364
0.2339067678047 -0.0301735728725062 0.390665112845545 -0.00452910256723535
0.17790787624363 -0.09181526842351 0.361156603734034 -0.1153072482227
0.0476325645979354 -0.150854059193341 0.10139564846305 -0.225346080133783
-0.11883956997942 -0.0690001557672314 -0.125413105722529 0.0767888345864037
-0.0779435065317769 0.0883765116625715 0.21365404907947 0.278282929123029
-0.00261888505193836 0.045486999950471 0.29213956211443 -0.180776400294246
0.0469483833610557 -0.0110693474419277 -0.139239312045604 -0.173062617375855
0.0178977025709951 -0.0521843895401811 -0.13214257459107 0.202520699682477
0.0164370264235633 -0.0445254976189521 0.362217710441093 0.0928058590167207
-0.0113659002778684 0.0542809252052729 -0.353005985927047 -0.0220021446458984
-0.0256202026958775 0.0385588975019095 0.107873929094354 -0.198547125674318
-0.00429761985428804 -0.00753369161437521 0.137477858045031 0.161997189845204
0.0482430507264566 -0.0246871808251346 -0.241391868171996 0.191409567654486
0.0328636451612544 -0.0258936724011114 -0.20613329314446 -0.245894310744605
0.0278894876862437 0.0308668989747915 0.124462112819977 -0.05839851233806
-0.00697421677623422 0.0396451234209478 -0.0420934116811336 0.266764847436099
-0.0245706162582524 0.0322237234134407 -0.325887378200314 0.25509069801058
-0.0216469545904631 0.0291323153940216 -0.412908148940621 0.179979787922503
-0.00309876211846998 0.0320868363266293 -0.138319275300668 0.278468434269637
0.0396158733520177 -0.0128449429216236 0.155107292151969 0.169126065202342
0.0351373634563211 -0.0337619170891706 0.108240851386013 -0.1445951762705
-0.0348374922713254 -0.00222801940664156 -0.177128555152169 0.0174831948188307
-0.0251717490147457 0.0623121148580244 0.0351913007616998 0.00723109861580027
0.00657697700734086 0.0544956452228893 -0.0677157980473746 -0.0543478346734958
-0.0384936161434382 0.0407722142949338 -0.342025163143944 -0.0401892063370178
-0.0316504936459607 -0.00354633260572187 0.12410303398262 -0.167259920037288
0.0534171085282467 -0.0285708064343704 0.120402787685443 0.202144420774624
0.0858249330431131 0.0275598138273295 -0.259087325269315 0.169517322154283
-0.0257200317927606 0.0578227410904832 -0.168913362107363 -0.244350825583398
-0.0603088969040959 -0.0259950948346745 0.109052014030103 -0.0189038237026303
0.0227567246788066 -0.0862614932764628 -0.0706855382513306 0.261061027178807
0.103466623797184 -0.0688959612007647 -0.313331708103685 0.259072522106624
0.14064200986346 -0.0681721576721878 -0.362129695608698 0.227863994136572
0.0555489098033015 -0.115728344351091 -0.0528516523000256 0.315038947582729
-0.0544578823601308 -0.0721707624447653 0.214164402495285 0.102723189063208
-0.0347885371704521 0.0354500312258621 0.0559548995922741 -0.163481662249902
0.0371305382152004 0.0248952764455409 -0.169774971547211 0.0490086373790217
-0.0394179849460841 -0.0451188139366604 0.029606476211359 0.0213536131354215
-0.0994681682497668 0.00719539114975316 -0.0407256836491646 -0.0400378841170845
-0.0889318120647781 0.0207369911852716 -0.332266938335177 -0.055994804053214
-0.0566771521329691 -0.0418252335024343 0.116320430742282 -0.140440970348117
0.100900857044614 -0.0397886885463686 0.123381011175356 0.228600474959004
0.0868240841123784 0.0906417074614157 -0.26679748814374 0.195060236994959
-0.105706527179923 0.0980982742465614 -0.189171707250213 -0.208605719333048
-0.104592955320659 -0.113416275631869 0.0513439946013443 -0.0209628384568344
0.0848382060628493 -0.202061028445838 -0.0904429228303139 0.215795662071274
0.213784367454589 -0.160768885226312 -0.250453395002968 0.217392753975184
0.222499724260792 -0.204552857056274 -0.227307789397425 0.239305299630932
-0.0247569334361047 -0.256702058099152 0.0817104313957404 0.296237080021425
-0.217637247389734 0.0246480357273501 0.255576405498994 -0.00234156577824798
0.0611509527335226 0.193809027233795 0.00779200509769768 -0.16512993133859
0.161106147113047 -0.0932448945225325 -0.162099222223053 0.0419857895575787
-0.139712884939152 -0.156214849733189 -0.0120579624175217 0.0663419956063827
-0.190272261244047 -0.00389586965810507 0.034261334852677 -0.00449650248574417
-0.171593787741449 -0.0131667424940966 -0.295371278302508 -0.0779036004370222
-0.123144930465057 -0.108582516981344 0.101076131220865 -0.131949785355453
0.137831324859025 -0.0852177505437556 0.128344959696508 0.229209045656853
0.0760030436149933 0.154060106514021 -0.280503882355234 0.213783541644963
-0.197277189750575 0.0931701546493389 -0.224125056867994 -0.190885296576743
-0.100979440858211 -0.226575388590208 -0.000254403688590627 -0.0564952539015976
0.176531737154663 -0.281851638370486 -0.0801320597582465 0.138936328342798
0.287977946173996 -0.227503387477244 -0.14378166942196 0.144971803595736
0.192126528077131 -0.325555437367589 -0.086096487323325 0.183076657859536
-0.188663144098601 -0.259354015902951 0.149089598659962 0.21948901336699
-0.209658475900604 0.247931390429689 0.265107537212933 -0.0479023708622947
0.297186550268865 0.148341310376207 0.000532065411475766 -0.187911366021186
0.124516396152563 -0.313301494833668 -0.208975656377048 0.0500224507586043
-0.282591698865267 -0.172688745101601 -0.0163771870333137 0.168679625155505
-0.230584093684009 0.017639798627402 0.157429486604843 0.0161852755049378
-0.24960920449879 -0.0726554617703219 -0.215217494377029 -0.092262850612728
-0.174818738433325 -0.24352282797076 0.113664871977549 -0.11694096601329
0.236804793392853 -0.160419441767212 0.130736925788701 0.202797046845867
0.0776988931220138 0.26603629569601 -0.255606849949454 0.17490326350208
-0.32207697878216 0.0515584031008676 -0.208816103759435 -0.176709663494657
-0.0391185505397797 -0.353369014595942 -0.0230210849400771 -0.104377148546206
0.283472122111171 -0.302813384718807 -0.0165438049740969 0.0432977903232345
0.317564338101989 -0.259318608536448 -0.0138590079562089 0.0543705381010327
0.10748264377131 -0.370730821031397 -0.000174827688113861 0.0709095437543999
-0.261225254141702 -0.147716610612155 0.135337294898457 0.188204753781614
-0.076563431779031 0.285978699956485 0.332116534140133 -0.022880377419306
0.267876485486905 -0.017291455393508 0.0297767219370608 -0.258759933727031
-0.0180410417093702 -0.304367582207112 -0.235656937061363 0.0727649789731627
-0.299079492376122 -0.0890648734639379 0.036170658334708 0.241258177957831
-0.202174653241363 0.0360605314509793 0.284978802352239 -0.000416976369291898
-0.26728915059079 -0.139356353652046 -0.101986472553491 -0.07279972306444
-0.112451557393225 -0.352265760407047 0.125769525167622 -0.048693702241435
0.352819004269488 -0.0976170480062266 0.105383997720136 0.171483922853143
-0.0332463652601303 0.370445035833917 -0.184853652933213 0.120142275992739
-0.38506849459178 -0.0776019989909866 -0.173292990113724 -0.139031683469677
0.0943845161996757 -0.4029611214027 -0.00390598415449458 -0.166140206666616
0.36201658288148 -0.255922693606328 0.106242026449124 -0.0412536955215843
0.303762258313529 -0.255850004209968 0.116546972930201 -0.0467496486190394
0.0363802947427248 -0.337166567879111 0.023301419850342 -0.0524918952785841
-0.239170325343104 -0.0653424728988658 0.0893555611835618 0.181075758308054
-0.0524001936590819 0.21364031154643 0.385282977990042 0.0025301523390058
0.125328268969577 0.00328608207232028 0.0668410634597053 -0.323208858220167
-0.00592144357573424 -0.155938075408971 -0.234930791494858 0.0345436283548849
-0.172441171497479 -0.0434183481526469 0.049150796963688 0.248734146265811
-0.122522609537434 0.0183331154111516 0.363353639470454 -0.0305374921517947
-0.208404207161047 -0.168640035789084 -0.00664789987265325 -0.016606587762814
0.00561562949316199 -0.307258565873386 0.0752984170942733 0.0246430717379693
0.261491340315512 0.0486579964200032 0.0821964041884419 0.0998186451377892
-0.175145184138029 0.24182948864928 -0.120820164049907 0.092866244001296
-0.25575815930852 -0.166330519579092 -0.15170197850881 -0.134217060188644
0.177422672282674 -0.301955362004225 0.0666405294811702 -0.22115779002834
0.341259307807564 -0.174398098116196 0.256438891628708 -0.0904169499641836
0.242218345430932 -0.214773774063291 0.228842689284531 -0.140996503559482
0.00645253673511642 -0.259666284165679 0.0226963285549893 -0.16063375739989
-0.197669905429573 -0.0364584734394329 0.00219956895943018 0.153826041797358
-0.0585718252375366 0.164350214487693 0.354224447225361 0.0850836243115072
0.0590569132509449 0.0491999349314243 0.133659977776321 -0.31480189617676
0.0489687107867181 -0.0715257572769435 -0.223014073035774 -0.0425963488853512
-0.0531264295688017 -0.0554650972700393 -0.00178598696582221 0.241108279293034
-0.0452553754877976 -0.0238960040023426 0.381405866748098 -0.0378492216591824
-0.107075528726163 -0.138810754423082 0.0405442254847224 0.0387883443778504
0.0496209665268401 -0.176177368591427 0.0030921895290657 0.0278639370893509
0.0949457678284604 0.0629330957363981 0.124491976457576 0.0310741839855514
-0.142012145684007 0.0660018715428469 -0.0946380431017567 0.109054734552143
-0.101607982605316 -0.102912651051114 -0.13635402217029 -0.152761877663997
0.126063578580349 -0.151520646598577 0.129470138697553 -0.247123028876916
0.213639962660682 -0.0973659892855508 0.368816050755989 -0.119456794906396
0.14061378248368 -0.137249381540043 0.306633455662057 -0.214369748322021
0.0022315323286827 -0.157365828503681 0.0267940254938092 -0.244711145251844
-0.131027256380492 -0.0293663552746298 -0.0956285784541283 0.108534179220448
-0.0449209470165813 0.105094010473953 0.282556586673286 0.200393545949589
0.00862677795118477 0.0412859445122272 0.224248471193071 -0.257108238420201
0.0396841130590238 -0.0225800421906027 -0.183456927861544 -0.125333645502808
0.00442777636033986 -0.0547062538178275 -0.0657389187125053 0.232467764769025
0.000966989877042855 -0.0524075350549785 0.369425797451646 -0.0212058975519926
-0.0101944127829593 0.0543322463819369 -0.350216385560243 -0.0148185109120553
-0.0241706644647881 0.0387237626243719 0.103123648567794 -0.20001916033825
-0.00286412797681154 -0.00727871845819929 0.138692947480965 0.158776540897799
0.0474390159640625 -0.0261848979522697 -0.23755857880905 0.191562711032813
0.030924673024789 -0.0259382614019172 -0.207365223509929 -0.240902825503003
0.0276899421358043 0.0293229813929725 0.123527113274601 -0.056889077832693
-0.00595729107971611 0.0394661883558987 -0.0389738976739652 0.266813822834134
-0.0234657964434742 0.031084753138163 -0.318461017621785 0.2565923439811
-0.0212364954152599 0.0288923211602731 -0.407535975726315 0.184223053133975
-0.00252043279643896 0.0317796668604093 -0.1375192175883 0.277115232380218
0.0376270030713687 -0.0129277719936189 0.15495423240517 0.168004448945174
0.0337405423919424 -0.035317710734895 0.107712671852509 -0.143996417771907
-0.0348734516205764 -0.00101011301818769 -0.174084910974728 0.019373937682143
-0.0234256883689054 0.0619435473243083 0.0349656176642673 0.00483207766910875
0.00799106739313331 0.0539570156981112 -0.0678270413388869 -0.0526243983282429
-0.0371932561180595 0.0409136601307276 -0.340895410507274 -0.0327798205093558
-0.0312740509277979 -0.00198505844968298 0.120226736802801 -0.170138176399614
0.0535112863181927 -0.0294429267610911 0.12118238567302 0.199521641477641
0.0857093114124048 0.0250091871547205 -0.255776348587904 0.171047649255887
-0.0246661660124605 0.0586055470543688 -0.168772134942894 -0.239272186764419
-0.0600193167081715 -0.0261231479610242 0.108234726678666 -0.0181482753260853
0.0220746868903082 -0.0860188132023775 -0.0671447296161622 0.260817799615251
0.101073441689759 -0.0688832344872631 -0.304949626012126 0.260804858688139
0.138614270446004 -0.0700989752017376 -0.355687056804164 0.230696780445239
0.0537986104900341 -0.116678791752787 -0.0501476712904459 0.311287249079708
-0.0558792412275864 -0.0718802129572638 0.211516467070487 0.1020430790313
-0.035046007009322 0.0355968384266637 0.054330548171904 -0.161649109554714
0.0373415434885469 0.0248154547853175 -0.16647706919364 0.0501173001368826
-0.0400213902525824 -0.0430475512424281 0.0302859755592533 0.0192923966339408
-0.0991083615027644 0.0084787661414651 -0.0416711228274935 -0.0384225162569685
-0.088572185143131 0.0223798959310606 -0.330827502482918 -0.0499713956217178
-0.0566562606540785 -0.0402415934686813 0.112734608296019 -0.142134292047485
0.0997317358264393 -0.0421210548819385 0.125754226203997 0.224216559371756
0.0881202715823799 0.0883950855015415 -0.261374733342958 0.195756746945901
-0.103952640587207 0.0994553900071729 -0.18984327337516 -0.204077825609065
-0.105280653592701 -0.110697338157229 0.050284650509582 -0.0197073013001812
0.0797996971659385 -0.201225471842433 -0.0863175993523475 0.215808823558252
0.209512016818967 -0.162906786922591 -0.244185615235664 0.218586012703255
0.218719772553465 -0.205419227940382 -0.22512436438361 0.240715346095139
-0.026418803201742 -0.255197024211216 0.0831067043849105 0.290857882408467
-0.216384690253517 0.0262514867683904 0.252649767444472 -0.00409349491064019
0.0632952829387411 0.191871060879535 0.00689598991274163 -0.163608275457191
0.157709249381357 -0.09507017184608 -0.158807003182631 0.0427939105307211
-0.142092120121265 -0.153258998990428 -0.0110752428212379 0.0652697618995311
-0.188779756618692 -0.000795642182126722 0.0341531859193385 -0.00481282565209045
-0.170786475901715 -0.00994930262211043 -0.29594466739322 -0.0720916206963175
-0.123505596178621 -0.105715814906593 0.0979271766439387 -0.13256884750961
0.136273965276516 -0.0864874193796501 0.130972678333019 0.224899037145563
0.077834416786198 0.152168979451863 -0.275390336950733 0.214770651221065
-0.195457892365413 0.0963868845697349 -0.223877287916843 -0.186727624603734
-0.102463496228128 -0.224390777491973 -0.00089075105890861 -0.0541583292533391
0.171200967875733 -0.281544617416365 -0.0770749761386676 0.138587454803739
0.282450951390746 -0.229054879499366 -0.139522394129817 0.146638737240451
0.188885411944657 -0.325196761004948 -0.0834687618860442 0.181536731549791
-0.191698190907315 -0.255798214321081 0.149709145278955 0.215292036036445
-0.204460605013931 0.249916475795417 0.262362839780052 -0.0510748768293429
0.297222940992106 0.142789907383982 -0.00175716836004237 -0.186760710400226
0.118835770770929 -0.312930280324571 -0.205758286251418 0.0525413048101726
-0.28282987098763 -0.165324473774853 -0.0118530365255228 0.166414120310414
-0.229193430305589 0.0205543607861667 0.155745644572647 0.0118270234185419
-0.249543647451107 -0.0664684597010248 -0.215527835485355 -0.08816702514024
-0.178262633854599 -0.237507469578296 0.110769274489186 -0.117928804113482
0.231689516742824 -0.162796381385988 0.133668605577476 0.200199839366089
0.0819288192186883 0.263504727242883 -0.24956304980301 0.177236672926195
-0.319564457605257 0.0554675582288837 -0.206959752704384 -0.173739488649246
-0.0418484616033771 -0.352089911225105 -0.0238931999842708 -0.101964461661422
0.2772573082517 -0.303266562709895 -0.0152923662735539 0.0435737755744252
0.311039049249004 -0.259519168048566 -0.0117640304782591 0.0536657867913566
0.100626051978108 -0.370731108527983 -0.000356063620563979 0.0691077299783027
-0.261111123195702 -0.143292643414537 0.137672484531838 0.182923056782602
-0.0721353667872104 0.283855090349261 0.329721526730624 -0.0278114073237112
0.266614872711322 -0.0213294851924934 0.0258880189648004 -0.257805411964776
-0.022240958037402 -0.303059654069273 -0.2326955995445 0.0748727642682906
-0.296927518569305 -0.0835055771665446 0.0403129514574464 0.237406435647336
-0.199713991601378 0.0377524903162436 0.282976589401598 -0.00662085788679268
-0.267471420924132 -0.133323776080238 -0.102600061817331 -0.0700698936315213
-0.116808683848157 -0.347765385464492 0.123540745765268 -0.0499523694796244
0.34821417301097 -0.103741076196107 0.108067976576006 0.168986545921562
-0.0271614953232155 0.369087486337948 -0.18158651411667 0.120640453917925
-0.383119803267107 -0.0702330488116312 -0.172853262725688 -0.13778080080229
0.0899126925148424 -0.402158946547482 -0.00578382384130099 -0.164375705996428
0.35507323092179 -0.257388592453647 0.105903299219939 -0.0416764629152143
0.297402544334888 -0.25599051516353 0.116818525368612 -0.0476337099329644
0.03104136625262 -0.33721670998758 0.0214039677422969 -0.0546252254337666
-0.237473536056231 -0.0600262118269924 0.0901830685192397 0.177107893079457
-0.0484976161835794 0.213524488986547 0.38197496442574 -0.00366837355453809
0.125231256072951 0.00183113891636541 0.0620233095917275 -0.322855027199959
-0.00821460984313904 -0.154765899489834 -0.23265976488623 0.0376731426413952
-0.172200286170694 -0.0413112219234848 0.0531046336844746 0.245850233247093
-0.120648477324305 0.0190502002833361 0.360347567275573 -0.0384810633735333
-0.209049181690165 -0.162191166467727 -0.0072554157737184 -0.0163530594966421
-0.00148647366834708 -0.304384345561717 0.0744162428414082 0.0233143909971102
0.259279958292373 0.0433814040887956 0.0837349418016358 0.0986973998658346
-0.170463066959887 0.244187660094929 -0.120123304496614 0.0917252020872496
-0.25620284059494 -0.162068774737719 -0.150607274430675 -0.133063998383608
0.173560071894572 -0.304283760100525 0.0636811302023814 -0.219836056955288
0.337438823167708 -0.177480322211519 0.254504012606301 -0.0923708911717016
0.237283515608575 -0.21467356343623 0.225647536264206 -0.142685698277319
0.00302145027323366 -0.258457845374336 0.0188390033954589 -0.162674296065761
-0.196662420048995 -0.0324968389369356 0.00291166925415585 0.15247884083379
-0.0556887325178029 0.166734430590219 0.35265183865337 0.0800394933120414
0.060620105979929 0.0479978184668668 0.128497443637988 -0.314582433426111
0.0476019289625184 -0.0715787941575496 -0.222131527152177 -0.0385535075922595
-0.0531691698009363 -0.0547810916660828 0.00245056208017875 0.240215894125963
-0.0452313039634904 -0.0241928980782505 0.379643922041551 -0.0463899860080993
-0.109920479475876 -0.134772055484546 0.0409596620749889 0.0389800715637209
0.0453525582578015 -0.176495757355283 0.00229550341707829 0.0273844388507873
0.0950051002790037 0.0609270967493392 0.12582129940198 0.0285977729146143
-0.139865294320614 0.0675522469320576 -0.093068786408419 0.107458648766485
-0.102160200347449 -0.100798881487115 -0.13453303853961 -0.150641331659351
0.124626360902201 -0.151728029064924 0.125000143624676 -0.246258228586153
0.210149450520477 -0.0992308701678043 0.366454971533145 -0.122049468739118
0.137997576271162 -0.137377428011764 0.30008368997014 -0.215776433210277
0.00146067882866783 -0.158405680494625 0.0215621843532914 -0.246117149590554
-0.130870881992109 -0.0263622154690869 -0.094401166415412 0.107745677836836
-0.0418979127042476 0.105770655889307 0.283397161941295 0.196321000198213
0.00972416412594685 0.0409174211976401 0.218861353162821 -0.258281854676142
0.0383083395196429 -0.0228102909675002 -0.183619162508769 -0.121281885185935
0.00394976033790691 -0.0556079099867199 -0.0609737170286016 0.233550237924471
0.000956086748885837 -0.052167508686298 0.365976951454039 -0.0266435031192732
-0.00934056079136537 0.0547509795213183 -0.351971289702373 -0.00748763989869109
-0.0225956835502749 0.0397041264787573 0.0988277091635216 -0.202266032816124
-0.00264843544564982 -0.00895957505469634 0.139674562859769 0.158629261228793
0.0470236528379738 -0.0273471896034287 -0.233933897733342 0.19357074620004
0.0294190175117174 -0.0266740933816558 -0.208281225997296 -0.237519184578094
0.0286825197236429 0.0283692363842807 0.124120655464256 -0.0568131797246746
-0.00528705851994411 0.0394045657066366 -0.0356790207202797 0.268814616417722
-0.0242947195242332 0.0321864922344534 -0.31394447585147 0.259544028357599
-0.0215114496785852 0.0287799067720064 -0.403525598808037 0.188916791197185
-0.00183821421843007 0.0312303839748013 -0.136759681175263 0.276982200469656
0.03693065910753 -0.0141902171771335 0.15597381554701 0.169118635763671
0.0333825083087772 -0.0349845424685569 0.106380440107327 -0.144459786517441
-0.0343594618488147 -0.0003845409730108 -0.17363907433361 0.0209493146979844
-0.0225102471242456 0.0628243134564939 0.0360242249705778 0.00348635229540072
0.00829708942091721 0.0549188968293173 -0.0699923828558034 -0.051080879895831
-0.0369484344715068 0.0415119008947836 -0.340472562838599 -0.0258861261979842
-0.0319194740416417 -0.00117121321856247 0.115553878688784 -0.171462427981422
0.0524753230562249 -0.0297296810849385 0.124363172312437 0.198556614745199
0.0857143549344382 0.0239514816604516 -0.252384085030085 0.171456768014925
-0.0248074886663696 0.059396096310634 -0.170993051119937 -0.236312126760678
-0.0611828029457593 -0.0257310395419453 0.109989849763134 -0.0173849338952165
0.0201408179680813 -0.0844259237794163 -0.0653573022826891 0.262155933682624
0.100948469056104 -0.0708996202160778 -0.296202367527021 0.263182443411973
0.138353256240624 -0.0701829362627784 -0.352806039211923 0.236167925490181
0.0532682880580634 -0.117200917082072 -0.0497204276324688 0.31052708305432
-0.0570949255092411 -0.0720917168071785 0.2111439249084 0.100345444508086
-0.0354196823367441 0.0355876444137583 0.0541853422414147 -0.162874045635503
0.0371924369026868 0.0249067875910586 -0.164961388677117 0.0531075724187766
-0.041093218088054 -0.0418666563577441 0.0307893999588912 0.0167037347689367
-0.0994946598951569 0.0100758993814336 -0.0424984628844709 -0.0380025689924888
-0.088625969517164 0.0243198971259661 -0.33057839297434 -0.0446476585435074
-0.0578753322874838 -0.040246978259788 0.110254664647444 -0.145106759848527
0.0989673728714412 -0.0441543297351339 0.128218689590751 0.222906183925932
0.0901025874329165 0.087670680164572 -0.257929086853934 0.196232476199867
-0.102549472606289 0.102021154255813 -0.190669413101534 -0.199806997086448
-0.106053265986831 -0.109972652659695 0.05063577054082 -0.0171860977758161
0.0781138258410438 -0.201211284991099 -0.0832247012413643 0.216875112440131
0.207202428232254 -0.164978417865698 -0.23809776569086 0.221364134758668
0.216413475447839 -0.207632376852243 -0.222612661660079 0.244404499776283
-0.0295550513092092 -0.256786690409202 0.082948195696628 0.289616583766607
-0.217009435661475 0.028829750738302 0.250355863512024 -0.00537558191730085
0.0662704793229551 0.190245027721551 0.00582257635188869 -0.162373920928
0.156582659761462 -0.0968444245423024 -0.157466073156963 0.0452229166544075
-0.143949350872786 -0.150689724727953 -0.00925783311429232 0.0635514211932583
-0.189529646254536 0.00235099408765297 0.0331183620321549 -0.00615206056943713
-0.170608194578043 -0.00748218834291706 -0.297184522359742 -0.0661130610662186
-0.125526800114617 -0.102869983519656 0.0948139047735234 -0.135483881521318
0.133538069388975 -0.0880062291143184 0.135691524415743 0.223781568847244
0.0805328927584335 0.152124470880142 -0.271979653054382 0.216639894576954
-0.193814353571317 0.0986369461218214 -0.223428272024596 -0.182967368038113
-0.105364455859915 -0.223820089396861 -0.00243649543465118 -0.0524689861937789
0.166775030509905 -0.281909688071053 -0.0752257213298654 0.140498426857315
0.27804025080201 -0.231424036687048 -0.135310079376787 0.149315528855768
0.184536089531047 -0.326453399149439 -0.0826837789989006 0.182235301606034
-0.193025447315437 -0.253129106868858 0.149441199670279 0.212603442238267
-0.202383890903028 0.252819746294312 0.259722037076102 -0.0526544013562962
0.301972506913564 0.13857896832765 -0.00244432274247052 -0.18659907612125
0.114260096553495 -0.316671596885808 -0.20376898122964 0.0535524504796851
-0.285302838099147 -0.161455101621269 -0.00911725284524761 0.165982411916133
-0.228343269141885 0.0242559409738237 0.15563689438088 0.00877590566806078
-0.251346960120112 -0.0621924138535983 -0.217170930307843 -0.084377230357247
-0.182012809984832 -0.233902546527806 0.107232549221304 -0.119403962663547
0.229936318767557 -0.166854352467893 0.137078155160106 0.196969840087561
0.0842911680335177 0.263629637572035 -0.247940555204255 0.179016857446594
-0.317178765921124 0.060405104031398 -0.208365300074806 -0.171360700910017
-0.0452267554582477 -0.351103845560427 -0.0266966752708951 -0.100090748555619
0.274220265390882 -0.305534297666054 -0.0141945877119997 0.0445752954015558
0.307065801279917 -0.262978459282389 -0.00961397364569415 0.0551595948509452
0.0977609119872113 -0.370056012816102 -1.22728933304859E-05 0.0676857124362472
-0.262255504878129 -0.139329072390426 0.138506527625221 0.180436734382403
-0.0686318164348337 0.2871152616503 0.328360503994168 -0.0324694914026152
0.266622055324853 -0.0240076220409897 0.0240908289402039 -0.258835696443041
-0.0273891838366938 -0.30258214123732 -0.230396066648403 0.0783990672591217
-0.298264179862178 -0.0790354296622108 0.0450379989086525 0.236495871124028
-0.200349223077064 0.03991486144731 0.283018128879931 -0.0128959232785181
-0.269828836504184 -0.12722375088663 -0.104347346842521 -0.0688114403939929
-0.123638679216193 -0.346377588964217 0.122429715482057 -0.0512891176766365
0.34626410238018 -0.108763646444957 0.110899891334639 0.167000856884089
-0.0223213607310466 0.369807111100503 -0.18163263132014 0.122587640803919
-0.38293089483647 -0.0665195396963049 -0.172338917164446 -0.13665377879782
0.0863119610008843 -0.402451836601569 -0.0080747398835364 -0.163377701015736
0.353566881914279 -0.26239337326038 0.10570466018378 -0.0414872917831887
0.29389030539217 -0.259324121023476 0.116818616843441 -0.0486707577029012
0.0274676606865556 -0.336084764569976 0.0200106413192883 -0.0557893980291762
-0.237360381687891 -0.0581917939848863 0.0921334919137563 0.174496406689514
-0.0461719991255897 0.21514596471262 0.380224170426736 -0.00831652754759448
0.125574207811571 -0.000314963064739107 0.0568901732088361 -0.324545476000657
-0.0102191057328809 -0.153848388197573 -0.231965196120516 0.041320304454631
-0.172089056712647 -0.0393703512592216 0.0586937745782846 0.244623394968778
-0.121048995545549 0.0197530767120106 0.358587690235355 -0.0452965243293145
-0.211794628997568 -0.158128051941728 -0.00783852550916201 -0.0161743855254199
-0.00678197237352136 -0.304016557984571 0.0740211649996372 0.0236093590926795
0.259259401780274 0.0400709205059491 0.0847967591164545 0.0962432472155659
-0.169085258608168 0.247257438005538 -0.119269922962271 0.0928925506807234
-0.257630288224477 -0.158958233822532 -0.149463112737177 -0.132633403046173
0.172788251862721 -0.307051911623818 0.0598361998936059 -0.219500857932521
0.336028765688021 -0.181509777671184 0.255799792714292 -0.0937575712648132
0.23513089621548 -0.215634964100318 0.225472766227593 -0.145367964876199
0.000492134337309395 -0.259397910321552 0.0162358049709943 -0.163660884504002
-0.19576562678534 -0.0297667647254405 0.00490893989518499 0.151824007822209
-0.0525182483533241 0.167250785914424 0.353081952321326 0.0744879241760845
0.0614984530599503 0.0478692992471093 0.124020113389949 -0.317180023640825
0.0475640856115888 -0.0719024751170052 -0.222712023557188 -0.0359535117537117
-0.0537310784380274 -0.0545186857590938 0.00690727034832157 0.240981451211066
-0.0457874528914096 -0.0242134972995856 0.377895189091476 -0.0526597612387191
-0.108969067509572 -0.131752180505485 0.041934843832479 0.0387346961524774
0.0428958302262301 -0.173202699335435 0.00143241694804473 0.0285759317247396
0.0955771609831837 0.0602063592307666 0.127304523780581 0.0266383017567152
-0.137947467235016 0.0706278485902395 -0.0923863263653582 0.107462018737926
-0.101638859590485 -0.0993741719551777 -0.134457646502569 -0.149776208182329
0.124862139047569 -0.153795022759187 0.122313345484188 -0.24674364736298
0.208847415338542 -0.10182452320758 0.365823533434409 -0.125605222293535
0.13694990902694 -0.136503831311789 0.296615131916244 -0.218255494882444
-0.00156456302266244 -0.160322623832002 0.0159024962542308 -0.247518326307761
-0.131556729546483 -0.0238378227709547 -0.0924755883287507 0.107512893133816
-0.040021837863866 0.1075185871872 0.284551419917883 0.19182928470233
0.0112785427994906 0.0411324885429967 0.217127399750129 -0.261879468395253
0.0386314489163714 -0.0229197473171693 -0.185332045405483 -0.118794808508118
0.00304066865876846 -0.0568723213283992 -0.055587211071364 0.234577703751211
-0.000103364204321377 -0.0537850993318612 0.365872604463803 -0.0340393630471034
-0.00709775468568159 0.0544682358523124 -0.35453247007206 5.14165170478413E-05
-0.0217067821262487 0.0407761427693157 0.0942043136967707 -0.207210445040573
-0.00134766375928798 -0.00880597429988208 0.143250652570171 0.157237625417525
0.0455895576020166 -0.02849015506775 -0.232832651027164 0.196146562756965
0.0283717042590363 -0.0261177977181226 -0.21257405501715 -0.235692229687591
0.0289871444254607 0.0273179945319669 0.124456377031883 -0.0576092075522208
-0.00453153927814879 0.0393633442592557 -0.03169250381898 0.27184669997241
-0.0238627200796186 0.0322590139409289 -0.310668379641066 0.263927355214347
-0.0219759907189543 0.030241004670275 -0.403239016799222 0.193906032124035
-0.00148602593846398 0.032183350467978 -0.137272612840408 0.280275704491661
0.0365163243444006 -0.0147226616366621 0.156959369219689 0.169088660934341
0.0327958190024306 -0.0365284534736425 0.105735563554017 -0.147912924592878
-0.0349262931162735 -0.000199552065785226 -0.173449946969019 0.0238058982585146
-0.0206802785646708 0.0631325578662588 0.0354483683603044 0.00105411509229383
0.0101638223629548 0.0548554405547416 -0.0713138455242254 -0.0501982287986787
-0.0357507326673289 0.0437212604035433 -0.344355397701626 -0.0198907093810722
-0.0313756727812988 -0.00168131444378718 0.113196986312885 -0.176779085673008
0.0543157673193283 -0.032106892699816 0.127135862050748 0.196781603556572
0.0867366281837951 0.0216476459792608 -0.251289769225099 0.173721963945296
-0.0243493346291673 0.0598553082813048 -0.172735423371737 -0.235235067560612
-0.0610544469426515 -0.0253859745459636 0.11040535231853 -0.0172045330156241
0.0193257258396208 -0.0862537363218113 -0.0617751361120729 0.266735756284147
0.0981337075397629 -0.0715182016705328 -0.29252831010885 0.266872986922455
0.137962850583063 -0.0732783443830574 -0.350714738651731 0.242054131051638
0.0520793474368005 -0.119344070421802 -0.0484702587671132 0.312057953676979
-0.0576008236697075 -0.0712034818855896 0.213126464815449 0.0999465009602727
-0.0345955247985221 0.0355504069523123 0.0521880489270754 -0.163449153404028
0.0374824330112102 0.0246086897091795 -0.162696747886473 0.0548272263509267
-0.0423435438775758 -0.0412279151296466 0.0314608991081433 0.0155326403626652
-0.0986496135677415 0.0113423742864921 -0.044150151099891 -0.0369770745152335
-0.0881866432936941 0.0268354024590417 -0.335496694468934 -0.0376023006210066
-0.0589321071141811 -0.038192994413924 0.107336002961503 -0.147311904000743
0.100314959615667 -0.0454842243585513 0.133468107215156 0.222396592436564
0.0909300605298656 0.0864478177910966 -0.256824793950329 0.201010219248234
-0.102394436482222 0.103272787948621 -0.191533787891542 -0.199412689546066
-0.107656749041302 -0.109519523385521 0.0505358443245681 -0.0163334590719035
0.0743530937174624 -0.202478937514724 -0.0818821800853159 0.219371423683292
0.204137564317602 -0.167755745900869 -0.23199935126047 0.226402067502349
0.216494475177149 -0.212915187789342 -0.220905532619433 0.247341527616225
-0.0311809725006811 -0.258777622235647 0.0858556744952091 0.288934481794542
-0.217937034158815 0.032594167725371 0.249493260283686 -0.00943410091302549
0.0691016372995652 0.191251195967697 0.00600777366349955 -0.164835023587571
0.15551050234807 -0.0996151568889623 -0.155515477586198 0.0469401785474466
-0.14793167721052 -0.147985277385066 -0.00809232084336328 0.0617810163706949
-0.189817606247344 0.00559630284527579 0.0324776207774357 -0.00709746999501802
-0.172705287126911 -0.00270536351380088 -0.300472503935115 -0.0617117058389717
-0.128045492495405 -0.100835733772937 0.0922496890040694 -0.137572918727639
0.134386332914864 -0.0912386087314059 0.140485686191602 0.222348972806284
0.0829951845645741 0.151043167442318 -0.268645684814362 0.221075760818302
-0.19293868859571 0.102701403127538 -0.226112106004964 -0.180430817545048
-0.108172640881679 -0.222627275139756 -0.00332550903312235 -0.0513549078727756
0.163599475547551 -0.285807589391826 -0.0739642870052299 0.141528736827803
0.276468581887807 -0.234109276279544 -0.132697552686517 0.151542171714187
0.182839684989797 -0.330522857926801 -0.0820120104645405 0.18272133269759
-0.198031218309647 -0.25292718640697 0.152807982505764 0.210041086024062
-0.200154877414747 0.258410375197294 0.260939538652514 -0.0573314673358488
0.305115226662968 0.136366946727997 -0.00369562039010294 -0.187934483201648
0.108661444279803 -0.319675994158075 -0.203374926822774 0.0567450514954304
-0.290401186383913 -0.155212138464817 -0.00668618239167374 0.164834640860899
-0.230015653668656 0.0290172230801344 0.156912155968717 0.00467550388945423
-0.253040364825858 -0.0574891837272609 -0.220874924000764 -0.0793334351322509
-0.187791049199859 -0.230981996838407 0.105638113351075 -0.121683090320374
0.227583885143257 -0.170963457579655 0.14164170443139 0.196276765587448
0.0893684837874978 0.263768542332538 -0.247451708472646 0.182701761140378
-0.316729702654903 0.0658222577520157 -0.210575396934942 -0.170200796483833
-0.0492942380855382 -0.351901157599101 -0.0271503926471028 -0.0982923473519848
0.271178747831578 -0.309909659528584 -0.0137870577943586 0.0453297846623187
0.304650664250888 -0.266928257817692 -0.00740147244172141 0.0545543999125998
0.0923742214544743 -0.374384488357209 0.000128148386540177 0.067078446680857
-0.26356559750267 -0.135833141444982 0.140426749729893 0.178303879255114
-0.0637418331378048 0.289848231319539 0.328810035048744 -0.038355717841883
0.268775868454115 -0.0299889549918217 0.02039512590206 -0.262152097755666
-0.0337106104968884 -0.302087705141017 -0.230674313613535 0.0816235185954121
-0.300259764055256 -0.073651045730865 0.0489526958165612 0.234412460301445
-0.200089619379014 0.0424310816562145 0.284272184819743 -0.0194691620419426
-0.274826759371289 -0.123041090224565 -0.106698627251247 -0.065994031514333
-0.131526423220175 -0.3436229326002 0.120777389041057 -0.0531005214664488
0.346551807508914 -0.114804327654542 0.1144594259197 0.165868407106215
-0.0176662588884504 0.374425235988676 -0.18217095351681 0.124459317975068
-0.387062471323101 -0.0607160662057885 -0.173609430395948 -0.135777227587895
0.0819432981092568 -0.406529540126371 -0.0108801560976451 -0.162590933179101
0.350732887846958 -0.267067555168708 0.107107592589925 -0.0425660050689957
0.291563879349057 -0.263293147317432 0.11826667902575 -0.0511432124382513
0.0223073284894147 -0.338159631785297 0.0189524458011598 -0.0585259678979866
-0.238658641738714 -0.0541586505862649 0.0949872838858064 0.173086818812272
-0.0415164178593079 0.218513085428223 0.382237552386349 -0.0141200769212801
0.126475625741877 -0.0015194881016968 0.0525917587849765 -0.32790224797862
-0.0120817178784792 -0.154057841501432 -0.232015276047273 0.0442695652579062
-0.173704755306901 -0.036221096404496 0.063408268150793 0.24463416254432
-0.120727833488202 0.0214383578939037 0.360637058116949 -0.054360407688143
-0.214918097080164 -0.156596379982165 -0.00813666318432177 -0.0149133466352298
-0.0119021602832191 -0.304724047681152 0.0741722766131929 0.0229868386745359
0.260977515295767 0.0360209815749631 0.0881394224241632 0.0946176800781205
-0.166616689902257 0.252099176613179 -0.121143402204498 0.0937489868099495
-0.259348122551639 -0.156990907322323 -0.150645222267488 -0.134138665340255
0.170726772165687 -0.3115186893862 0.0579213885675084 -0.220205356348789
0.334653836136642 -0.186676690666353 0.256215383719562 -0.0969656324825135
0.232494370565832 -0.21889607092098 0.224385082106872 -0.148746629536337
-0.00351363338261135 -0.261407388815908 0.0121737069736289 -0.167433875526523
-0.197530340560698 -0.0269855555023958 0.00709152862488326 0.150508925835347
-0.0485407647986783 0.170508575404692 0.355105456445903 0.0694681338106502
0.0633632881032227 0.0466913476817709 0.119625929754859 -0.321520261451065
0.046490082326023 -0.0727293364476514 -0.2243429072978 -0.032708626750867
-0.0545044465230688 -0.0546606936264564 0.012704779273031 0.243133783739028
-0.0460246880395531 -0.0247639643710626 0.3773492883941 -0.0620694403283019
-0.113095136118992 -0.130508778973542 0.0417139072227865 0.0388869329010094
0.0400404376329406 -0.173902052297167 0.00162115769885213 0.0292627264461038
0.0955492980524844 0.0582788028670988 0.128748084631851 0.0242609858325341
-0.139106106311425 0.0728523113289137 -0.0936642608308262 0.10794598485311
-0.103355474858805 -0.0970136053133774 -0.134946148768023 -0.152010030677626
0.123093604856478 -0.158214741951571 0.119319109424631 -0.247908485410314
0.209690464751222 -0.10610670180147 0.366725273018116 -0.130669499729091
0.136077516598191 -0.139229393291548 0.295211861680169 -0.222615757329486
-0.00372330713100664 -0.161890621850146 0.0103772510164992 -0.250924185559791
-0.131766915936826 -0.0214671151748293 -0.0907935742996671 0.107243571785999
-0.0379482832719313 0.108767021065416 0.287586204898289 0.188569079184747
0.0121276795684755 0.04111841522253 0.213657737263022 -0.268597362342049
0.0387316263762948 -0.0244109452624486 -0.188452127701261 -0.116589958654984
0.00131262468566662 -0.0568603835493907 -0.0516027397241855 0.237388476471247
-0.000497873365375321 -0.0547302058179909 0.364126209767678 -0.0422872003138241
0.00337401820665242 0.0531131017994281 -0.355241671833722 0.0537539971692936
-0.0116627504079054 0.0441642824375643 0.0592615241361047 -0.222941969723797
-0.0038867483685226 -0.0067497517105862 0.167706164078873 0.135633186027331
0.0404913366926971 -0.0373094117225147 -0.205173534048369 0.230029799054263
0.024871076620668 -0.0309013388601547 -0.246880439091562 -0.203093680770712
0.0330837346970119 0.0228207850463849 0.114945108095792 -0.074815589043351
0.00102831678721487 0.0398853876257542 0.0101187378604459 0.276924929985907
-0.0194585794109536 0.0344058869518242 -0.266728058835652 0.306065438350786
-0.0156007497633916 0.0311173229053235 -0.372711798762526 0.253367488990737
0.00569551319720655 0.0295596801033785 -0.0989175152077546 0.295995556546851
0.0328329937836776 -0.0217213023943041 0.180225326682593 0.148698667600103
0.0241970830686876 -0.0402993289487966 0.0851661400066819 -0.164246165256599
-0.0313685218473558 0.00648388746776632 -0.168721836142895 0.0493877731488002
-0.00991687272439004 0.0662928853985525 0.0352979275250779 -0.00667066583239373
0.0200774177213802 0.0538476346654309 -0.0800553513533275 -0.0400027841887455
-0.0253723326191808 0.0467453791668713 -0.348117842130171 0.0339747211299099
-0.0280021390947987 0.00590707079449031 0.0824315169593292 -0.196040213919085
0.0485675278069454 -0.0383539364585266 0.155820738699888 0.176488238981138
0.0881271859504565 0.00652171823139322 -0.225129010517981 0.208941617908623
-0.0137859783755934 0.0627778993884905 -0.206679568216864 -0.210491299294298
-0.065068153543521 -0.0160933698210598 0.107149485647736 -0.0306883414866266
0.00609576853906891 -0.0863690363881842 -0.0215575818287549 0.274745387448666
0.0860773384067337 -0.0856388444803359 -0.24785962985877 0.306894211283728
0.127094943150594 -0.0946877431968737 -0.313588536104727 0.292669481783667
0.038347253756768 -0.126772515757929 -0.00545285060644409 0.317162784116928
-0.0690952704608022 -0.0648143885408183 0.225214467540164 0.0722909961340939
-0.0315775402149526 0.0429090812319813 0.0295590926811642 -0.173495954467893
0.0417039361810122 0.0197136941412477 -0.155511951549585 0.0785813274469692
-0.0459523028539919 -0.0330323997535953 0.0335114915150082 0.00922365126158978
-0.0927132817506594 0.0280662736375776 -0.049461887808206 -0.0299007630538641
-0.0789656884274603 0.0375842571348187 -0.341882989633644 0.014320535610319
-0.0614981625825115 -0.0266672318954817 0.0835650384211018 -0.16524683477573
0.0895450934578271 -0.0601423469782298 0.16566109359208 0.199752542971072
0.102190752866715 0.069471844518405 -0.224161763064062 0.234854872784961
-0.0849969071953593 0.117444372792175 -0.218269295952284 -0.168422204183939
-0.124074110346854 -0.0916557222150852 0.0489484368741577 -0.0209422920981708
0.0428431684502307 -0.211417648398005 -0.0489464213633366 0.232403653954371
0.178239136572021 -0.19574677556488 -0.195519255378045 0.258495839023625
0.184431294773513 -0.24257079931173 -0.186522721547444 0.280700084553253
-0.0670153339716735 -0.256189202365504 0.123988936741723 0.275786395032895
-0.213427970235485 0.0625560084759757 0.247966078327428 -0.0436167582305354
0.0941160682979192 0.180756021039565 -0.0176837890331726 -0.1669739108619
0.1407460155195 -0.120625142112224 -0.149159722728763 0.0702448517775517
-0.166150309143879 -0.12365254825788 0.00234708487545692 0.0624794266532393
-0.187212285939255 0.0355616377931137 0.0325141051355407 -0.0128090873495075
-0.166630406340033 0.0228136111454476 -0.307913247936455 -0.0139856349941099
-0.141088157919884 -0.0770220562233317 0.0700353236871206 -0.150428672205565
0.11736291606377 -0.109847333954824 0.172659804822062 0.199085705107816
0.105231539869195 0.134621477220316 -0.234293238903214 0.258704065183692
-0.174435412626048 0.13020787471683 -0.250095315886312 -0.147989999410119
-0.140264062403843 -0.203399325774916 -0.0123414328004882 -0.0464510660768297
0.118430103647484 -0.304901551736941 -0.0536612678624364 0.153698921782925
0.238678317814426 -0.271506617220208 -0.108422561319682 0.169522371409598
0.133184842480822 -0.354570938345408 -0.0559634909636448 0.19440206523205
-0.230118581928738 -0.225830539772095 0.178284300094545 0.187553686196089
-0.162660218268202 0.2856549478663 0.252464061964469 -0.0943448439269783
0.321225886943408 0.0915437191895085 -0.0319102829969123 -0.191290101929079
0.0618226907096776 -0.330636279226704 -0.194314830157524 0.0881561528963432
-0.30845657095399 -0.112862972315949 0.0201184723319739 0.165299221164627
-0.225635966371751 0.0605434085171949 0.158879237694181 -0.0207483825318102
-0.256800162797712 -0.0177226339807197 -0.231695550264011 -0.0434276066203188
-0.220233645889048 -0.195854101773486 0.0852104357322868 -0.136250941580263
0.198848107896593 -0.202989971648038 0.16800383545948 0.17305692954972
0.128468771508053 0.24539274323761 -0.221201093900997 0.216438021778192
-0.302069533296796 0.112687083007333 -0.232267108012946 -0.137142571410697
-0.102395409407695 -0.337577087496245 -0.0437569777083 -0.0903328254834891
0.223052598272541 -0.342814489713426 -0.00864976536814962 0.0469390449620516
0.263242533072323 -0.307984030325756 0.000549591794998244 0.0537117102703087
0.0382360862596209 -0.384047121833225 0.00901630268235268 0.0668117749117651
-0.281287616991731 -0.0989701822411088 0.164696966485307 0.157828494720318
-0.0243676837938125 0.295774192337775 0.322704674070408 -0.0853574339462176
0.260628406992441 -0.0643035008131388 -0.020802692795103 -0.267695926637437
-0.0748052771619802 -0.293176323871034 -0.217678475543448 0.117258488740598
-0.306454115987801 -0.0298257668978129 0.0869305492413774 0.228618873845349
-0.19565307242865 0.071490718813962 0.283357441680649 -0.0654989750886433
-0.28865152365014 -0.0768282327386488 -0.116235606448073 -0.0477185383751631
-0.181117436501035 -0.316374530035593 0.110794529959631 -0.0691312579634847
0.325274687690444 -0.165656171297377 0.137664006820765 0.147237696914273
0.0383464336763153 0.370977544720148 -0.162783552999585 0.147526075724622
-0.391163126670042 -0.00256372885585537 -0.191413553426243 -0.110243577238284
0.0182557460829324 -0.414289755066903 -0.037525177984326 -0.155928333647067
0.308415054125847 -0.316017284802885 0.0977737725024106 -0.0574779350459744
0.248218089716914 -0.300667934766906 0.108069312086132 -0.068017714868551
-0.0257881418082517 -0.337753585165293 0.00799343309447842 -0.059697394032143
-0.243631048569932 -0.020892658367701 0.11908130459951 0.157896300917657
-0.0134692257238389 0.220654023742955 0.379975397884214 -0.07145415615358
0.122645533157899 -0.0155415019503584 0.00197912567039861 -0.336921459925826
-0.0315880158463753 -0.149598463551719 -0.225604700734477 0.0800046969554626
-0.173915302994643 -0.0149278047685057 0.102259649995515 0.23468736592401
-0.122878577169924 0.0368060386268287 0.353085535477699 -0.112505733400669
-0.237012333650642 -0.117531986286545 -0.00922431861805349 -0.013047795172498
-0.0595838939707673 -0.295339441585156 0.0764688211559092 0.0135233825669473
0.262908950069258 -0.0026837256412371 0.101502081483813 0.0810717530379727
-0.127769894291553 0.274802043702952 -0.106154962024823 0.108091659084333
-0.278908727367461 -0.115490957782947 -0.169596620497159 -0.111548957758405
0.121247089253577 -0.334139969948811 0.0216898764094774 -0.224006208922619
0.305387235476904 -0.23519380751137 0.238143479531989 -0.135296200203816
0.198616367984385 -0.249263090384656 0.197765804048549 -0.180641439237029
-0.0418458567115444 -0.259482186932476 -0.0146230531740345 -0.167903588439537
-0.197566447883623 0.00152653937701293 0.0284596872283399 0.146377758385303
-0.0253101616628108 0.175197511275967 0.364279817247273 0.0163176208223756
0.065513028909596 0.042263332360635 0.0716995862201328 -0.339341285030197
0.038514890898836 -0.076593471975408 -0.230104396749083 0.00122011341402231
-0.0604162711254172 -0.0504886590036093 0.0503246236447338 0.242905931526621
-0.0576751956054842 -0.0194924751159929 0.368799099983141 -0.121925589719331
-0.131168026229631 -0.111796807818634 0.0486013210828477 0.0344514400254366
0.0102948155287298 -0.176491244128738 0.00438920124043522 0.0298507452859269
0.102447842322476 0.0451085059948611 0.134179291117225 0.00249085578281736
-0.126598950389538 0.0937848572467401 -0.0786770044480392 0.119288069788288
-0.114423334423652 -0.080683394635708 -0.154865305783709 -0.133071471158483
0.0988557296576168 -0.172790538936049 0.0796450517850911 -0.261343625341211
0.191161709752639 -0.13473364571598 0.344429935974997 -0.185083148414243
0.113843074446394 -0.153583210142613 0.257565123942379 -0.262787479130328
-0.0275920056339145 -0.159671598297519 -0.0302044143318967 -0.251295678647414
-0.132376718801275 -0.000534052516630472 -0.0751641334961468 0.116393952900802
-0.0211105983106047 0.110567443792692 0.315007568715768 0.144630486466406
0.0139071603588134 0.0419479943101311 0.172996609211786 -0.299876193293659
0.0367991645839786 -0.0283534859726441 -0.206432772886734 -0.0900466300489669
-0.00520684077836191 -0.0605881209175396 -0.0143295710842903 0.247012351616919
-0.0158967613214822 -0.0565654573084891 0.36030271711181 -0.0985301293981141
0.00605823200094901 0.0534801031680162 -0.352865293186668 0.0635760166115232
-0.0099514955140748 0.0452978821166397 0.0523859069407024 -0.224963082620782
-0.00293526266525753 -0.00704708742246568 0.169723031828953 0.131461908094882
0.0381000523344028 -0.0379695621358451 -0.201709456254145 0.232525465703765
0.0242550931106099 -0.0310514522364551 -0.248760655180615 -0.200893545773553
0.0324997592615095 0.0224148939751315 0.115334507131543 -0.0753635533364483
0.0010857786499578 0.040738957641381 0.0160827874482055 0.27676292093182
-0.0195591963558039 0.0361347126245957 -0.259193360420837 0.308487725266713
-0.0152995202440946 0.0335455823175117 -0.369103464128617 0.258390369732174
0.00655686901583849 0.0305386009841388 -0.0962485970716859 0.299082123217705
0.0315357031289213 -0.0219857611428993 0.18309712966587 0.147470507646758
0.0242892147395191 -0.0399261933047856 0.083907895384872 -0.167629604156037
-0.0319308460119162 0.00740346313191759 -0.168592776669148 0.0509448122627896
-0.00836764422678413 0.0671800609569118 0.034557042980641 -0.00839366317013612
0.0221454999280688 0.0534587625215748 -0.0808597901798673 -0.0383457343001396
-0.0236967606616761 0.0474974000239842 -0.348663666564512 0.0443269574550289
-0.0280778606544801 0.0063704150625577 0.0774686700381079 -0.198525244819872
0.0470691697018619 -0.040618743242517 0.162150657381841 0.174070831882669
0.0870525860694553 0.0047295313606901 -0.222854965189457 0.211919477631661
-0.0133148801147914 0.0642629256685243 -0.209520589782981 -0.208150971779491
-0.0645556126221445 -0.0151164442528845 0.109496065542975 -0.0312074085640667
0.00432192402732779 -0.0866663043496507 -0.0152716242348697 0.276003346429817
0.0854207802388608 -0.0862000305714219 -0.242201217888505 0.308835848211103
0.125580032926069 -0.0955186361545691 -0.307944742378561 0.298069377607049
0.0363651469017834 -0.130293757863998 -0.00239516521036053 0.317528650949763
-0.0714517579605604 -0.0635883157863902 0.225364072074142 0.0697948074224418
-0.0309848371052729 0.0428796615218838 0.0286338911901243 -0.175120170939375
0.0431041224049913 0.0205520585255772 -0.152854534248864 0.080039350128217
-0.0471410713848736 -0.0326517709757577 0.0333679666185765 0.00651222109111103
-0.094927495380705 0.0305160116602195 -0.0503488951444211 -0.0299975684034928
-0.0782690044304671 0.0393137293801088 -0.341265823715176 0.0231896356626219
-0.0621395026775798 -0.0256324987348265 0.0773712214314532 -0.169026638798739
0.0899713531666171 -0.0628354240729137 0.172280485478358 0.196528149632743
0.103145186253175 0.0674805996945222 -0.222286767195853 0.237038726315135
-0.0824809985261781 0.120130406586854 -0.220073411125114 -0.16685202745189
-0.124489039800094 -0.0888223477704827 0.0479825612127847 -0.0199935909122667
0.0393151498128579 -0.210579153190778 -0.0447440524468854 0.233851398148778
0.174363305947726 -0.196549237263666 -0.188808118417714 0.260276184646604
0.180332443394958 -0.244633998630372 -0.18044591838627 0.284066658820441
-0.0701685329320651 -0.254158643054478 0.125334264948427 0.273913899710913
-0.213058788058006 0.0677498951738059 0.247134672108439 -0.046285549704895
0.0991033778304078 0.178592983535035 -0.0190015542012839 -0.167669515995796
0.138400091159452 -0.123274947057123 -0.146068161439175 0.0703214340526946
-0.169838484182314 -0.119289098003621 0.0042258121062143 0.0607199201204843
-0.186930321643069 0.0397583967742089 0.0315366134570989 -0.0147040487368833
-0.166737346421502 0.0272940580605306 -0.310375476769279 -0.00574882420770783
-0.142782814820462 -0.073737388479138 0.0659080445866971 -0.153675712762394
0.113735828294706 -0.111591955021033 0.176999642690581 0.195567318709418
0.105970267098023 0.133839862421448 -0.232512546489473 0.262985542501599
-0.170694644458987 0.135251345542502 -0.252895800430547 -0.143205388647067
-0.143857563783185 -0.201928115210861 -0.013183220243193 -0.0449366489740197
0.113314387644902 -0.30744812954169 -0.0508923969007054 0.154512903083099
0.234266684283969 -0.2735732350045 -0.102979591745928 0.169763380986911
0.127022791690302 -0.354603454262927 -0.053541066835195 0.195699759545695
-0.234437294545789 -0.221306752290677 0.180690559305262 0.185648509154512
-0.157891683993663 0.290825658981939 0.250727859143648 -0.0978938795387472
0.322684397465987 0.0854628576677591 -0.0344120950136878 -0.19089409941375
0.0542810790250948 -0.332168784502902 -0.192604600598411 0.0898678690016775
-0.311205361335295 -0.104791091664225 0.0240829370831376 0.163884585859247
-0.22448599308318 0.0653529059377473 0.157200991987383 -0.0248489921853852
-0.258882940367214 -0.00917979514773033 -0.233694167417127 -0.037537111001273
-0.224428783982034 -0.189879983435619 0.0814305536343707 -0.138707949795717
0.193687621857225 -0.20777901924555 0.17286805752556 0.170302252656273
0.134420544004883 0.244022413652858 -0.21776368255988 0.221514854830697
-0.299879369601605 0.119368286725068 -0.234397532462354 -0.13589619425529
-0.108367751274273 -0.33767971773498 -0.0457203494519283 -0.0882017170919369
0.216459477052151 -0.348888122278428 -0.00706795092085942 0.0478820380332127
0.257672079489895 -0.309757555619569 0.00144334814071441 0.0535546792410598
0.030133681089177 -0.383195956902197 0.00885184909957964 0.0655044675242092
-0.282478373920458 -0.0955996638465177 0.166535333405742 0.153069182113604
-0.0168964952151297 0.299368578709338 0.321690799351578 -0.093730355469012
0.259539361722364 -0.0705179624060995 -0.0247514627370611 -0.26841559143488
-0.0812692662259247 -0.289717099137236 -0.214832668442795 0.119752499363448
-0.308057708931027 -0.0243509861517772 0.0925369108287903 0.225737878495184
-0.195059836914977 0.0746382595243992 0.280596538639694 -0.0739471276188323
-0.289099141300044 -0.0701550185216604 -0.117689116651609 -0.0459471019845979
-0.1895699220166 -0.312149305515198 0.108575890550568 -0.0700069151059936
0.320217481708467 -0.172179841191475 0.140748302078546 0.143232180030756
0.046057074198503 0.373232505231662 -0.161123813091873 0.15152583104534
-0.388763607490762 0.00388792936663811 -0.192674315415094 -0.109720454400791
0.0134229880147382 -0.415896069883997 -0.0403740730550986 -0.15421540209262
0.303995967357853 -0.320493879384515 0.0992735340931576 -0.0597088994205717
0.245238285938034 -0.303774028069208 0.107288181335452 -0.0706541524980547
-0.0327813922551206 -0.338039713130426 0.00543516301033868 -0.0621525297968809
-0.243650855477263 -0.0165398724341649 0.121817165757909 0.153772177364375
-0.00792956466159949 0.22322553003392 0.377555138368666 -0.0795280232541733
0.123141605693194 -0.0171678707812073 -0.00441054957997644 -0.338463065549813
-0.033682646506169 -0.147781015565037 -0.224239458241575 0.0845916378564647
-0.175719207557833 -0.00968314833419387 0.107738016820052 0.23226768696751
-0.123000898631533 0.0392141293879316 0.350345014572044 -0.122031263954093
-0.23898260180563 -0.113454324370575 -0.00994571931852325 -0.0113943656575538
-0.0660081705797649 -0.293368257581055 0.0762941298641384 0.0128972383578492
0.263614668805975 -0.00692818789653569 0.102633015841432 0.0782649931340618
-0.12441970243944 0.278990874068277 -0.105688538652001 0.111873749921554
-0.28111118662605 -0.110416529512844 -0.170349023831636 -0.111301109562175
0.115984067745215 -0.337443133957252 0.018953546462872 -0.222675366365288
0.299656158786721 -0.238726784215956 0.236376627815993 -0.138891136672021
0.193903683749726 -0.25138499307083 0.194748309368709 -0.185209848233339
-0.0470892601488801 -0.258264321886383 -0.020788773878036 -0.167910552246885
-0.197280004278433 0.00582374052099635 0.0313747764236468 0.145571325575873
-0.0222401430223928 0.176307933712588 0.364652610621558 0.00990585168323247
0.0680277046573393 0.040479418748232 0.0656537239530279 -0.342240180365529
0.0378231903273881 -0.0782690067807805 -0.230097071112256 0.00535599726353088
-0.061705304800471 -0.0490673428680322 0.0571449651134322 0.240123843485227
-0.0572838117414546 -0.019002074814075 0.366086771503516 -0.131868644908387
-0.134259809699652 -0.108948605520618 0.0507962721955248 0.0337605254518909
0.00581361839590588 -0.175661213649962 0.00517865233718416 0.0313706987627953
0.10364684637973 0.0440440667608143 0.132494177235288 -0.00184052624920786
-0.125727078129444 0.0973465053133093 -0.0784376204462846 0.1217973824265
-0.114522386604223 -0.0788155193625527 -0.155732362426652 -0.133406975402469
0.0976818038459307 -0.176596283795255 0.0766059446969536 -0.260842428099831
0.187673661808081 -0.13766061229458 0.343577318644446 -0.1909166171719
0.112890687656872 -0.156178376918425 0.251481160186228 -0.266494087315781
-0.0323665198266783 -0.159160691142622 -0.037743946013872 -0.252669240888732
-0.131304741733294 0.00212917846126126 -0.0727741814544851 0.116675730577735
-0.0186684321226258 0.111462342308796 0.318146394934903 0.138417955752401
0.0145587814603053 0.041836953769044 0.168292808279075 -0.304842732197109
0.0359811230803541 -0.0283923901643349 -0.207674206899238 -0.085730448039464
-0.00646940592387117 -0.0610724517430017 -0.00722271643922066 0.246694505842242
-0.0196704055025974 -0.0569466444233709 0.356598535279104 -0.10846139137537
0.0067001762318505 0.0538075426578937 -0.354068023735814 0.0724555012180045
-0.00789628326839567 0.0467468890975528 0.0446403684120024 -0.226903627075308
-0.0051482068620914 -0.00660507623402883 0.170800115385572 0.128222509702479
0.0388865631930703 -0.0382199685427124 -0.199553582582029 0.237136970024972
0.0236015016065849 -0.0305692224417777 -0.2517733109771 -0.198960457952412
0.0325621810209509 0.0219412847184547 0.114838441249066 -0.0750085428716835
0.00266027383519559 0.0409124220078969 0.0202749291328818 0.278357181978621
-0.018145470402845 0.0360756577287782 -0.255888845332379 0.30988223095301
-0.014033576625784 0.0331949670216887 -0.365947739067064 0.262219087275976
0.0068087906460569 0.0295265896273399 -0.094512584289219 0.301831142477327
0.0307209173067781 -0.0216841798438734 0.184717421692875 0.14698426313055
0.0232389125126158 -0.0406104083384245 0.0824844677758062 -0.167503200743314
-0.0315665330209239 0.00907674847310282 -0.168212087223524 0.0538173630812585
-0.00709331837260832 0.0666504551927163 0.034080066900203 -0.00990527313949578
0.0238131228904427 0.054682830501641 -0.08113466420263 -0.0382071214668785
-0.0207120865122463 0.0459121101919625 -0.348707857600086 0.0513800922507973
-0.0245929924365445 0.00743874202203967 0.0719176046275407 -0.202143986352131
0.0484466888475863 -0.0419420877870726 0.16301716684788 0.17288135841833
0.0873698789004013 0.00298596686448565 -0.22224575075549 0.215535582468532
-0.0145628975221476 0.0666698106783887 -0.210310313844819 -0.206101151288624
-0.0663718861297367 -0.013709729325905 0.10943135449142 -0.0330288318474469
0.00417506374410061 -0.0855141077163581 -0.0121523988766771 0.278175601146801
0.0826051160264581 -0.0868536470279878 -0.235733258136819 0.309269865878743
0.124980447118303 -0.0960456027182259 -0.303061483584554 0.302081707357993
0.0334176812631823 -0.131521030686414 -0.00209371152152963 0.319231968125044
-0.0734389893902053 -0.0639381119431261 0.229079966095263 0.067827112642224
-0.031924251150264 0.0449469369422302 0.0251503105436374 -0.177095293080264
0.0419558537234971 0.0191053457119043 -0.149179086460149 0.0826551232576865
-0.0478991743230997 -0.0327406581823342 0.032347839243701 0.00307084080427285
-0.0950456053533543 0.0336332634734695 -0.0520596849357689 -0.0300661202908258
-0.0776828702359869 0.0428921538379871 -0.339549505187852 0.0306838499759402
-0.0626944596592559 -0.0230785116759202 0.0707835263405484 -0.171305966181493
0.0892765260609275 -0.0632399615287979 0.175568434577918 0.193864448401245
0.105574194990994 0.065973513703107 -0.220667704376746 0.240351672606291
-0.0800639325381201 0.122874053166745 -0.221341493255812 -0.16660855858444
-0.125057906105921 -0.089005744206486 0.048369405052351 -0.0187827255840694
0.036268636153865 -0.211436782133772 -0.0404252256461411 0.235048038904793
0.17147531885707 -0.197780203577445 -0.181988902374461 0.260913096588097
0.177968878700548 -0.248296608862696 -0.179666117568873 0.287546421809679
-0.074751220708606 -0.255444468148927 0.129784548457266 0.272332215573134
-0.212032030514873 0.0707241577081874 0.245720911919183 -0.0484862861315806
0.101050515442651 0.17789239216124 -0.0208524846654252 -0.169189776741219
0.135182118525374 -0.125341923518169 -0.145310558423774 0.071848410431058
-0.172140735850141 -0.11587852687264 0.00306839509825504 0.0587671915831403
-0.185406218021067 0.0418188075187115 0.0319335921727347 -0.014993376171591
-0.167495805237426 0.0328960858115384 -0.310790344354583 0.00165401197329723
-0.142725834209194 -0.069568142376827 0.0627812406299319 -0.156807534886278
0.113018315476183 -0.114072258953674 0.181344654595566 0.193341619158184
0.108351650108786 0.13235507265046 -0.229094065993777 0.266031577814926
-0.169012577265257 0.136312653545427 -0.253641632425226 -0.140734810729829
-0.146472137172651 -0.199452821717507 -0.014130627428953 -0.0423172579616438
0.108154377132773 -0.304557666927942 -0.046840975540713 0.154539669761296
0.230743722309907 -0.275103914999821 -0.0994558680953778 0.169276004928415
0.122119519147129 -0.357857150949717 -0.0515373804690487 0.197806938378706
-0.238945067988812 -0.218598487211128 0.184324144930412 0.183052492038904
-0.154134300174687 0.29390721603781 0.249022460335542 -0.100712200328438
0.326886352708222 0.07865263681583 -0.037190011957936 -0.191292923313101
0.047550585896741 -0.332751514745666 -0.189318947769262 0.0927091006507418
-0.313791863507632 -0.0990685026712563 0.0280229635018564 0.162097798823673
-0.224516382662104 0.0690567532666865 0.159749322958068 -0.0294520109179859
-0.256787668213703 -0.00436344904515327 -0.23570379819139 -0.0321409633748497
-0.229529833579414 -0.184218419447116 0.0774497525683995 -0.141199160937413
0.189539387926847 -0.210854571478934 0.177378514439614 0.164623407401449
0.138856330989622 0.244493247857467 -0.216238099409274 0.226718786092123
-0.298767463343318 0.123657031022069 -0.237243506912279 -0.133398052872088
-0.11385694930428 -0.336427187444413 -0.0480630576781662 -0.0875301955220622
0.211255597674819 -0.350058846202401 -0.00457620748217576 0.0487234177066443
0.251683668411005 -0.312244406626652 0.00483335396314068 0.0525987342184475
0.0245709841915709 -0.382448654511728 0.01050718958152 0.0658121063013392
-0.284629681038087 -0.0888750724131189 0.170219780098782 0.151933618922493
-0.0127643782310013 0.299982390926435 0.320736257286137 -0.0984763882620336
0.257641580395309 -0.0737630488362678 -0.030041444017604 -0.269432014169118
-0.0868101546028603 -0.290050986497255 -0.212585266537001 0.125933902188368
-0.310629881849319 -0.0174120363487014 0.0981019791737611 0.22184227777791
-0.194356154175444 0.0799421214582859 0.278370508197378 -0.0803766034480399
-0.291934782526447 -0.0627928860440219 -0.118916648463326 -0.0403109651039991
-0.197953433643356 -0.308314994057322 0.108176758449964 -0.071160699644604
0.318595875871417 -0.178324387351868 0.143257261358547 0.141019772787664
0.0519409243464675 0.376728236767004 -0.16077461801098 0.154900654286399
-0.390771872830314 0.0123108039283246 -0.194286134982594 -0.110731515059073
0.00706573007618897 -0.417152173863245 -0.0434821774580722 -0.154012719508707
0.298934318453265 -0.325955902622465 0.100282716997559 -0.0603534693914194
0.24088363673873 -0.305823350109442 0.106544159631725 -0.0747691318645281
-0.0387791160572497 -0.336209980391938 0.00285646806923282 -0.0633490309728359
-0.242330591959913 -0.012359641433729 0.12452522399356 0.151505477997793
-0.00255191408257593 0.223507302487388 0.376702766771046 -0.0869940530765335
0.124388195671866 -0.0189056245186417 -0.010331440512075 -0.340361287082684
-0.0362834992180372 -0.147212004164727 -0.22250873925341 0.0875524630082419
-0.176463800191068 -0.00605944903561186 0.113539745620816 0.229833867170694
-0.124250408342402 0.0408088045111506 0.34711377126218 -0.131826579500658
-0.242374897837016 -0.109945978029539 -0.00977912164473404 -0.00995539247971654
-0.0707221740241239 -0.290743961928105 0.0774765166278134 0.0112781431616341
0.265264297543139 -0.0118026618690169 0.106321371452481 0.0744325308733947
-0.119325637507477 0.284099358994756 -0.105810261224611 0.113973485104128
-0.283490730628992 -0.10544770933315 -0.170784692514172 -0.11307338991214
0.112212682225477 -0.341767841910829 0.0161176462004841 -0.223342712513417
0.29659147081203 -0.24270201019215 0.23816288074148 -0.142949779616655
0.190496822985183 -0.255151985144464 0.191997162390195 -0.188277010046841
-0.050387007406283 -0.25720790057198 -0.0233864675849857 -0.17012003824792
-0.197507192182382 0.0103221572083171 0.0344267231869422 0.142558872683856
-0.0171056933760001 0.176465076285265 0.364430769746242 0.0048181277349457
0.0671419580359451 0.0399034766867767 0.0587419920571658 -0.344067518336195
0.0364044814613865 -0.0782584789483537 -0.229166556284335 0.00837789069667988
-0.0637693462625628 -0.0472450080532088 0.0616289895931147 0.239485659653203
-0.0597293369649487 -0.0188036454678745 0.36485639873373 -0.141657898143772
-0.134759017526917 -0.108540323646857 0.0495672452156149 0.0334027954334183
0.00400859577239408 -0.174989291927089 0.00459915712164567 0.03171081594817
0.105073273474375 0.0403051716669978 0.134156524023102 -0.00359030755260654
-0.125136409987426 0.099640145291687 -0.0789387023432354 0.12323023729196
-0.115951379076087 -0.0776466521810083 -0.157746901911192 -0.132518903705581
0.0947381113514074 -0.178393550943517 0.0748029405613039 -0.259540628370298
0.18494146510733 -0.141602672060075 0.341890980106472 -0.197812893642433
0.109732580592018 -0.15881227096716 0.247135818820249 -0.271109352636367
-0.0345272081305271 -0.15873706444886 -0.0432921897374356 -0.252650935945232
-0.13091877285046 0.00592602095276595 -0.0706480518569936 0.115601245305665
-0.0141232059375724 0.110921380106149 0.321067353680669 0.134543667277095
0.0155575928743581 0.0433461844644042 0.161770026074489 -0.309671080649572
0.0354066595234262 -0.0307555492441049 -0.210517783648938 -0.0836794637070135
-0.00715922195681545 -0.0612822011450558 -0.00151288386539534 0.246412030392753
-0.0187236164501724 -0.0562573763192284 0.355259842685547 -0.116197555738902
0.0090787231527451 0.05572646707871 -0.355916559451405 0.0809212478025387
-0.0057715967110415 0.0464104064083403 0.039751785512672 -0.229984665467767
-0.00357573795181784 -0.00749331605790179 0.175552261494628 0.126275322641617
0.0379366725744941 -0.0389069083684294 -0.200627721637411 0.241078926687576
0.0226756553847873 -0.0294199687547696 -0.25661578125033 -0.197989366360089
0.0336154536242976 0.0222642276030929 0.116812158408935 -0.0770161841810377
0.00287218805941255 0.0407828888706271 0.0256938214278801 0.281536156102213
-0.0188905138510544 0.0393984680802989 -0.253758464781984 0.311545933814031
-0.0150932219326506 0.0350335539483672 -0.365274145896436 0.268714011256426
0.00706120608164865 0.0303226002673384 -0.0943316958866315 0.305816064799283
0.0308192100899071 -0.0212370497400674 0.188364053708817 0.147183319717789
0.0223809110766012 -0.0414843062255142 0.082471761905607 -0.17343891503777
-0.030105557448423 0.0104339961773558 -0.169156298122711 0.0562364374743689
-0.00356802925830097 0.06886979230651 0.0333928007524467 -0.0129682928640897
0.024867217073154 0.0532775017440049 -0.0836538701569188 -0.0373301734921016
-0.0211944053482928 0.0475860223620034 -0.348955655030027 0.0608061761728566
-0.0263847925792049 0.00882665461436287 0.0665788420662517 -0.203736249911722
0.0472908676491183 -0.0448404211056913 0.16765310817727 0.170373033229595
0.0898394779450997 0.00287512092493055 -0.223924160105844 0.220656948508283
-0.0118333534425856 0.0658448441939966 -0.216556774683163 -0.206561448237155
-0.0671218516133458 -0.0151360990379764 0.111152970531373 -0.0316630963788625
0.00262011335976096 -0.0888424798213993 -0.00536157153383986 0.281421111058059
0.0839597953808499 -0.0868104778416923 -0.231810449358643 0.313294900230275
0.125204346628877 -0.0993256632206992 -0.301541387322063 0.307458236145928
0.0335964534636712 -0.13499091212943 0.00138911239011916 0.322274487627217
-0.0756083660351518 -0.0610168490938353 0.231376058593131 0.0696495025839105
-0.0306638452117957 0.0444599978461539 0.024943235696967 -0.179491203685485
0.0442822086448318 0.02082576967875 -0.151229916884461 0.0835954290457979
-0.0483202205699978 -0.028750198693816 0.0333881288458155 0.00166181147530733
-0.095327175230205 0.0347898473966693 -0.0510519536728073 -0.0308638892760323
-0.0757101735143257 0.0427527337221903 -0.34502955870388 0.0389863619458575
-0.0630038704007713 -0.0223876101949779 0.0679507556433863 -0.174077106886191
0.0875913943887567 -0.0657932305932364 0.179784261379204 0.19236208237572
0.107001549337197 0.065649062088776 -0.219012205882032 0.24492153491463
-0.0799890691880532 0.126391959023597 -0.2244860359784 -0.16533992651541
-0.128732658549299 -0.0876116366964021 0.0493885075031743 -0.0182175256207303
0.0342152110992154 -0.212211073459754 -0.0368335987227914 0.238813682479259
0.169242725508208 -0.20094729560659 -0.178268146297691 0.264501415683446
0.176991688348386 -0.252736584984311 -0.174538648311731 0.291129955247864
-0.0788663529725424 -0.258106330509779 0.133943580479725 0.2730614754358
-0.21440298053844 0.0735458751396649 0.246179293116292 -0.0499345724529735
0.105660576976898 0.178145491594439 -0.0220040490282328 -0.17254144463453
0.136078450962284 -0.127600485526413 -0.144488778167678 0.0735247659715093
-0.176292322819701 -0.112289589241778 0.00458494335061757 0.0577283430093306
-0.187079278986747 0.0461144919955175 0.0318831543183518 -0.0193853572964406
-0.166458925657613 0.0354422475993023 -0.315533445296502 0.0100193570757527
-0.14589238927492 -0.0677789552556015 0.0580883293759935 -0.156611179957174
0.112807047587257 -0.117674463845751 0.187874131205308 0.191987140742962
0.111076940738617 0.133956987567188 -0.227093280859298 0.270877493292053
-0.167758744060538 0.141653725249315 -0.259037927836617 -0.13985489437105
-0.149902440575941 -0.200168774775316 -0.0134426888596419 -0.0414828920356618
0.105901908080328 -0.309224756008166 -0.0451173261243942 0.156853420783799
0.228159074737112 -0.28081689355913 -0.0966832681785519 0.170691070944591
0.121609267696718 -0.362106540102178 -0.0491944058059465 0.198340681351401
-0.242887214482674 -0.21863450911764 0.188672519689094 0.183630546202992
-0.152151773712311 0.301218798881066 0.24828523218907 -0.103867298137449
0.333099299455215 0.0750087758361322 -0.0369165001913452 -0.193802310616063
0.0425600730488465 -0.33505030244473 -0.190357406798517 0.0959155436204428
-0.320153138974495 -0.0926908512966319 0.0310028877970364 0.1624462362928
-0.225812151163497 0.0770626387812503 0.158012453199154 -0.0340357611273465
-0.259350281596924 0.000493960733984753 -0.237957748405797 -0.0275043400191923
-0.234496752092118 -0.182229550484449 0.0762072095804671 -0.141077731539845
0.188802664407372 -0.218057618140167 0.182225075197954 0.165241135564001
0.142901074393631 0.245010620738219 -0.215624822367347 0.230562517364851
-0.297813631785782 0.128782996806842 -0.243961257695689 -0.134534489002239
-0.11876894932307 -0.337682061622267 -0.0483765118860109 -0.0852273859602127
0.211150121827479 -0.357337285320126 -0.00387980203324961 0.04980674688195
0.252765560436155 -0.317824440503704 0.00643061438835234 0.0511003810488084
0.0214151484500025 -0.386853351296878 0.00923220364459527 0.0643861467372383
-0.287220137098537 -0.0868146006162563 0.173811924267066 0.148374941125255
-0.0080713809603733 0.303639604002419 0.322308553286653 -0.103080642640836
0.259563044329289 -0.0782667904005694 -0.0330686186403628 -0.274573988518764
-0.0924551036863784 -0.290406038882848 -0.213246511149414 0.127810489203363
-0.312527296410821 -0.0109165284570645 0.102887618752471 0.223007697628602
-0.195507527174327 0.0829325124847017 0.278110102790862 -0.0886867136974766
-0.296105519431678 -0.0586982408129075 -0.120892566090241 -0.0408346141723701
-0.202755326402031 -0.305190489343546 0.107177429494105 -0.074322710309846
0.318673425651889 -0.185785307016243 0.148122283756978 0.139132336942104
0.058611656972694 0.379614212387252 -0.162079793896166 0.158018669434545
-0.394491254184768 0.015671905439052 -0.198921951736722 -0.110245873983608
0.00304252393888225 -0.422507047619847 -0.0437720614134909 -0.152116485574314
0.298385704269688 -0.332328319270619 0.100414960449457 -0.0632804530610848
0.240597922252032 -0.308954100850281 0.108604318743061 -0.0755876718466263
-0.0429142234168976 -0.338351836788472 0.00262035890008736 -0.0638706821929546
-0.245100839551239 -0.00792782650016242 0.127787276297955 0.148954138448006
0.0010721161820119 0.227464305278092 0.377470823028418 -0.0918912991879774
0.124840290045289 -0.0192556315370224 -0.0153126026189566 -0.345080369903238
-0.0389252661072172 -0.146459962584325 -0.223448364791469 0.0925171959730805
-0.176990976648964 -0.00398614985389208 0.119813043120612 0.230734530154376
-0.125313792983214 0.0441029847150828 0.347221938482101 -0.139187817240754
-0.246752021689051 -0.106441661455159 -0.0107064743616057 -0.0097181949410683
-0.07693986915108 -0.291694125659901 0.0774690948758465 0.0105868778564784
0.266252691440302 -0.0155723967681841 0.106911123518539 0.0718962581437566
-0.116838194195328 0.29137569153311 -0.107075524189146 0.114555468036176
-0.287404029490543 -0.106417569309386 -0.175230376698674 -0.114258295523682
0.110477146937211 -0.345837884603379 0.0143961190358287 -0.222893032924431
0.29464500007622 -0.249318982149297 0.239138372960238 -0.14776564623129
0.189955010082538 -0.257086246546134 0.192017150603749 -0.191986498106517
-0.0569685418385946 -0.260440147054938 -0.0283450826800426 -0.172338068927361
-0.199978928090703 0.0129476368653926 0.0361742778307625 0.141129738234226
-0.0142344799886319 0.180945630785775 0.366921844248212 -0.000326806238341136
0.0709554747888257 0.0399826127178002 0.0539984978685182 -0.349895958934111
0.0356624313145285 -0.0797407541237193 -0.230602987100595 0.0123977394576526
-0.0644686603787116 -0.048424231899918 0.0671276159928338 0.240203205591256
-0.0596295663269358 -0.0194007420908023 0.362682652122421 -0.151690013957507
-0.139602824249601 -0.104569482742939 0.0531069424081613 0.0326359589530674
0.00247138241152541 -0.175691069459191 0.00497252349542518 0.0323801321072003
0.105310736499827 0.0403253734792615 0.133809862665984 -0.00957511262826985
-0.124676486082168 0.105209288942423 -0.0800038248649372 0.125283017298423
-0.117507525021592 -0.0787785302294926 -0.16062314968553 -0.136547180174603
0.0941860576630854 -0.183620328956821 0.0737425967181759 -0.262302612608776
0.185389051471006 -0.144563586766533 0.34267379286786 -0.202096673954875
0.110691840764681 -0.16119210230676 0.245853554073469 -0.276694141057678
-0.0376398310245265 -0.16122478251129 -0.0488950365566352 -0.251459113380645
-0.131973272128916 0.00844804378588486 -0.0703610167886417 0.115290162239783
-0.0118200344753152 0.113571437717537 0.324143638454574 0.130880979769278
0.0180063131266293 0.0436152038135321 0.160384258417502 -0.314695775992676
0.0361896082556181 -0.0301151432725892 -0.21336068847934 -0.0812284184821908
-0.0117793020184838 -0.0614789715956128 0.00478208526120489 0.249172901623582
-0.0218067853755489 -0.057061367894709 0.357343976458829 -0.125602897317116
0.0214971209778785 0.0489752650647685 -0.33738166629798 0.154748403964907
0.00730259871159544 0.0480004592647258 -0.0100410569887281 -0.237317454510146
-0.0052401867275615 -0.0048639825285816 0.199759957262805 0.0903454102236695
0.0276098315201343 -0.0484000568050113 -0.152041914870876 0.282194913863893
0.0181659093883837 -0.0347187749968028 -0.296608059137037 -0.146439938627392
0.037057624687153 0.0162916989886679 0.101614414723607 -0.0986028411485464
0.00938461394626188 0.0406179816126284 0.0819391011769397 0.273420794851228
-0.00990656549640138 0.0416383731957474 -0.190774654938369 0.356999656580458
-0.00638270400383251 0.0358003675579406 -0.310027914295954 0.338444550532463
0.0139538211182522 0.0256457890149657 -0.0374244688862699 0.323593825725632
0.0246428697100891 -0.0294528823906971 0.218588289583784 0.114289746244458
0.012597927888107 -0.0427231934619761 0.0480306271911485 -0.192428187568824
-0.023900521667669 0.0171431947525607 -0.159030419451082 0.0888475567520182
0.00891178107689261 0.0686282305919399 0.028893483737097 -0.0207710151670096
0.0377514780534528 0.048953347696749 -0.0924487528537126 -0.0202589429847027
-0.00901291531547888 0.0481081673316492 -0.337698770859024 0.132537246092541
-0.021344868335988 0.0152140824774803 0.0223518198305707 -0.216418310434262
0.0351257898623439 -0.0522168184505995 0.20238216982906 0.134500129927308
0.0875804696016398 -0.0173638752437026 -0.179676711394658 0.265796421146269
0.00286613602394998 0.067675188874922 -0.257802995948251 -0.163729540806587
-0.0686352770441954 0.000461319484557563 0.105771657897447 -0.053472262233761
-0.0150910620083403 -0.0877466697641622 0.0497399465547625 0.282294053337488
0.0657818866762644 -0.102244970175207 -0.167757118278566 0.351525527097067
0.104968721458778 -0.122954005585604 -0.237879703848635 0.367097721466857
0.00771575685750015 -0.144735079035602 0.0620163691104985 0.32242054916759
-0.0887684697030989 -0.0490821926660252 0.245709289439954 0.0263935534418371
-0.0237914465647883 0.0521786605542236 -0.0100822180667591 -0.188695140330157
0.0507695716534351 0.0120494372929202 -0.13535004254665 0.114451905335906
-0.0540586210104913 -0.0187875607410795 0.0319384372942513 -0.00806160869967614
-0.0851790859121726 0.0543426506305635 -0.059555490066455 -0.0214129440261717
-0.0655056732131549 0.0541044333824333 -0.33462438125645 0.111948685492729
-0.0622821310231459 -0.00668603373955564 0.0307133892122105 -0.186585426414035
0.0722005847889687 -0.0827687304762261 0.220576831380386 0.153722285152126
0.118080871488886 0.040788498361558 -0.170924376701451 0.287500281025284
-0.0514025615480752 0.139054608164277 -0.256470460519251 -0.120571651722141
-0.144574098196094 -0.0604009988142046 0.047134144212212 -0.0258595549287526
-0.0093673692919582 -0.215274052167523 0.01114512201771 0.245711324446728
0.128008767920121 -0.229784834823935 -0.125170330630866 0.294200562630885
0.126122344217427 -0.285197473914207 -0.114203421344427 0.32619705505233
-0.127848387782678 -0.246257191082992 0.185398875185303 0.24830274930344
-0.200507350879365 0.114896276323003 0.237582344943723 -0.0975630842935179
0.138078429280923 0.159079998715417 -0.0554707798813078 -0.169414829671077
0.110252167008992 -0.151354904997713 -0.129848549372355 0.102244857837068
-0.195486131815516 -0.0760037192698918 0.0162613971555077 0.0535808246741897
-0.178378271447189 0.0844950313471147 0.0262491907912492 -0.0257722390935244
-0.154475421243502 0.0653721991729075 -0.311050870006514 0.0735582698184258
-0.154902692077384 -0.0344799756023049 0.0244742797229166 -0.168645377145636
0.085102655974243 -0.137166309830568 0.226643316842871 0.151444916281543
0.137483899755192 0.106427274103197 -0.172331634518774 0.316838360781586
-0.135161523771143 0.1728611017561 -0.284972652708858 -0.0879778885156599
-0.188048773970957 -0.166595359660626 -0.0213422142887018 -0.035448120912566
0.0439097200442313 -0.326342433572007 -0.0129961620551352 0.166571443164789
0.172459669845927 -0.319834996251271 -0.0624351475344857 0.188384551949351
0.049646010414453 -0.38308975660713 -0.00998737159632248 0.209643186848896
-0.285115373301935 -0.173490296113155 0.221532726579148 0.1454481824823
-0.0922307781348079 0.326141339359421 0.227978001839956 -0.152403596421834
0.341583047573389 0.0129096458363403 -0.077051529294645 -0.190021779142611
-0.0203571838299008 -0.339961047413205 -0.171327033660993 0.131989139594895
-0.332503342223255 -0.0296404579884716 0.0623850972583743 0.153163332106739
-0.210864711489307 0.120612263655885 0.14974235920657 -0.0703792126718274
-0.254799451281981 0.0525941358797164 -0.243477280091918 0.0215959497673691
-0.267211586790498 -0.130183244823624 0.0464908438822862 -0.155680881294671
0.138787666735534 -0.250563746068045 0.21568079636024 0.126841772625089
0.188951471439155 0.210236404090908 -0.170567011108824 0.274237723528823
-0.264848840706866 0.185561910807915 -0.269360849148343 -0.0843931624370885
-0.182855651778137 -0.310178401755357 -0.0648525461228777 -0.0700084544157194
0.139139858027932 -0.391953346356245 0.00619745146179213 0.0501502352975313
0.188727449691977 -0.360621462804734 0.0150274564435846 0.0500694663780397
-0.053900518669775 -0.385319948376757 0.0217168272101055 0.0627308457257014
-0.301926300579739 -0.0332725647770466 0.201571396124809 0.11406717154227
0.050170881615498 0.301463120711255 0.302569411497552 -0.168441534742676
0.240300175541419 -0.123957836736649 -0.0890041192375212 -0.269902150308004
-0.144233364632675 -0.267100421594283 -0.18690616617515 0.16935887681902
-0.311060292665416 0.0457114498005699 0.147275755471922 0.200039879259725
-0.18372174299195 0.121311051783903 0.261596973161548 -0.148702502474144
-0.303152723154743 0.00101554487793167 -0.127908172345061 -0.0147006875883819
-0.262874519650507 -0.257333788787291 0.0920590772392351 -0.0934136270250714
0.275267005651311 -0.247633139368593 0.175195675712669 0.108438802349821
0.133040409203383 0.361110955943589 -0.131984710569359 0.190786205118943
-0.382747122009182 0.0938172355571326 -0.219810259530232 -0.0710098616396995
-0.0764817857200948 -0.415288424828484 -0.0730379796115015 -0.139749645962488
0.228960115359837 -0.385528510104155 0.0872946377406711 -0.0825847773236556
0.178829107800931 -0.350154728482027 0.0911427413989057 -0.0969233051567207
-0.108162452507917 -0.326125480101019 -0.0113666978653187 -0.0646322644741799
-0.243904552531301 0.0370839692765801 0.156592827799047 0.121662655970475
0.0427674095838942 0.224638083039565 0.361507236751851 -0.17008832894378
0.118373923444496 -0.0386781768242243 -0.0865372098010618 -0.343850590497033
-0.0630697607047834 -0.13685000378771 -0.204766437461499 0.136841001200215
-0.177187608039833 0.0262242911345884 0.167008340574163 0.205904341578821
-0.123285019450526 0.069120438699077 0.319261355350205 -0.214705158094288
-0.265343794328349 -0.0543897628907882 -0.010934430357016 -0.00759106711082965
-0.134940951753322 -0.269970223800288 0.0809113034781413 -0.00230585657927838
0.258440215903472 -0.0677694213057867 0.120488935403333 0.0500600827347862
-0.0581647803407622 0.309847575121851 -0.0861875675465389 0.136217494604842
-0.303084532900508 -0.0494072384094889 -0.196345977976774 -0.0790773712595044
0.0413024034566879 -0.36226412426988 -0.0278698011834323 -0.219969681911611
0.245411259308464 -0.304136120657538 0.207342559836175 -0.193040963609728
0.140214962848141 -0.289366274621492 0.152221435326063 -0.226645667034461
-0.105172648080346 -0.244747386099651 -0.0643890662678544 -0.165096555634465
-0.194264562336595 0.0506677903860782 0.0628645539698291 0.13208482917896
0.0177529035836723 0.179598632944648 0.366869576532458 -0.0744031137847986
0.0754093716709396 0.0316784205582505 -0.014647675867979 -0.362688956531201
0.0229668367984331 -0.0851823848323883 -0.229451925990776 0.0582018675227239
-0.0748308324812029 -0.0410454249475488 0.119508171999457 0.22745991337594
-0.072816843135438 -0.00581072260541115 0.33315663847644 -0.226866774801928
-0.162614112017573 -0.0763468626995731 0.0619837135262334 0.0231334426713974
-0.0347921532711099 -0.17303339657054 0.012906645072975 0.0334175517045639
0.112040867691158 0.0202679182695708 0.130580937674417 -0.0366339324428297
-0.10253393450221 0.12714742925909 -0.0559644158715271 0.141571299525923
-0.129447498273462 -0.0542192230401825 -0.18825298334364 -0.104806082207322
0.0584811612500048 -0.198429895981534 0.022291009727243 -0.27060765327311
0.156706532788865 -0.17734035754876 0.30052362744707 -0.269036558814483
0.0802273269840511 -0.179373323748481 0.191239302998327 -0.319709207098348
-0.0679080823022902 -0.151445314564761 -0.10152721642696 -0.239597866192097
-0.127087119620287 0.0331751115527254 -0.0504311305481755 0.126204001111231
0.00639967493324074 0.110788211702541 0.350511113364153 0.0663629640271079
0.023116070236908 0.0426927719715056 0.0963041286764963 -0.347976998672264
0.0331325071844946 -0.0352604629239592 -0.230067056639743 -0.0392734750237605
-0.023610477746725 -0.0641772784950589 0.0566909090928468 0.25043290590505
-0.0434136745416032 -0.0508651824414766 0.331924466458199 -0.198609634474783
0.0241135663412389 0.0495600639248372 -0.334783790297194 0.167348962418086
0.00923441940110772 0.0476364791349455 -0.0207709970368747 -0.238310018945102
-0.00579496230767003 -0.00418683958652814 0.203650047030776 0.0818500568781404
0.0273647513020245 -0.0483947576688545 -0.146715698489795 0.289871792413055
0.0178493552879001 -0.0337813965229836 -0.302988770516565 -0.140132751486235
0.0376391082869963 0.0153970406607188 0.100899466728032 -0.101965447933544
0.0122815270823261 0.0405744326735433 0.0914098968505364 0.274625778220274
-0.0086428183658526 0.0431940788838758 -0.18181302625573 0.362955697439274
-0.0057171873760668 0.03833074663095 -0.304374174729662 0.349508753363648
0.0145001086582664 0.0265758909238495 -0.030652103623681 0.328630437207265
0.0242211680282102 -0.0297395846796571 0.224863917093094 0.109434933904674
0.0110777336843436 -0.0427925277575103 0.0441244408660998 -0.195832680330005
-0.0225438154669823 0.0173722791870443 -0.15869433956913 0.0935097901125264
0.0118746858229214 0.068870201323631 0.026793662506734 -0.0243017071427508
0.040205986067622 0.0485086737948432 -0.0952083208492004 -0.019679562524041
-0.00733867261892968 0.0483064568889259 -0.331746808877766 0.146017697370228
-0.0191570831072479 0.0149603590992952 0.013925052193157 -0.217031485955844
0.0333956880109455 -0.055533660522856 0.209503248762427 0.130734701721801
0.088217985676545 -0.0205207093996569 -0.174848729303313 0.272855551026961
0.00648718725951654 0.071034193848119 -0.264455499483855 -0.158192181275104
-0.0714318469690262 0.00301027002755562 0.106589071850625 -0.0542881965742285
-0.0177598579748994 -0.088886322884525 0.0615849076910336 0.284515422639276
0.0632973433690497 -0.104838101584214 -0.15857689446279 0.354727265614609
0.10272148589345 -0.126029042336169 -0.227056013674472 0.37716069780249
0.00383109577553081 -0.146070823026854 0.0710380350888543 0.324849926873729
-0.0925050973073437 -0.0467833939180619 0.249640862376904 0.0217033044947469
-0.0238251430308784 0.0546969493751424 -0.0155438380795871 -0.191318359309046
0.0515992405205349 0.0120370749318179 -0.132193605934837 0.118259686582819
-0.0543277702081602 -0.016483224314575 0.0313946696599833 -0.00943592249299178
-0.0838860528736519 0.0575712351521994 -0.0618173230058993 -0.0195772734692366
-0.0642936917659798 0.0565394881840692 -0.332800344204928 0.122916271434097
-0.0635210977233477 -0.00605463653926229 0.0228102735898007 -0.188776582756658
0.0697402125264596 -0.0868837647283004 0.226515244649473 0.148460671815414
0.120897135277102 0.0389761025970473 -0.165084717982948 0.297118659884361
-0.0475150040732995 0.14320965363462 -0.262758824660872 -0.114505188057609
-0.149318552920633 -0.0558108434180931 0.0482404596215473 -0.0249991687452861
-0.0150545776401614 -0.216883822349646 0.0187298628521732 0.247342088677131
0.123479245447433 -0.234616156863475 -0.116827205328149 0.297840205596977
0.119242493515591 -0.292227675798628 -0.104300442938381 0.332122844418924
-0.136876221289549 -0.246477875237668 0.193147701438915 0.245392601916596
-0.200188185620808 0.121603766307696 0.238939789439281 -0.103238649454204
0.145577360070625 0.156203901028803 -0.0613801711573396 -0.17218700861309
0.106269103975668 -0.155254375915026 -0.128192963896231 0.10632436975596
-0.200251631164991 -0.0696479722697313 0.0167738074008963 0.051724413492567
-0.177636918939759 0.0913686150972518 0.0250844479062772 -0.028702478744152
-0.153898432920997 0.0708418084173779 -0.313263302995056 0.0856075170693982
-0.15722473126828 -0.0290244516050011 0.0174585237017097 -0.169958415987789
0.0830424233089624 -0.140878661038998 0.23400298249143 0.143404405806414
0.141757998498028 0.104426408801127 -0.165959365384444 0.32636870946078
-0.130461870029361 0.179613863395345 -0.29252382030422 -0.078933514036446
-0.195439599915363 -0.163554603115327 -0.0229788714529933 -0.0330663158527065
0.0322679652321542 -0.329978858144444 -0.00793455700705664 0.168632944768123
0.166294317730624 -0.325878020525443 -0.0571818953803726 0.188496760144394
0.0387643236481632 -0.38826736599532 -0.00404599340276004 0.210980715540984
-0.293544975742505 -0.168222007082208 0.229913324512177 0.141821262967889
-0.082387250475097 0.333084008754486 0.226089042850855 -0.160735079949936
0.347659863581745 0.000655951429673634 -0.0816835112983054 -0.19051205659623
-0.0326096650306951 -0.341369092412532 -0.168109878696888 0.136810115733532
-0.336651889755092 -0.0176797255191584 0.0667076632260413 0.151413923691184
-0.208766813575994 0.128649111483414 0.148605291087252 -0.0778511298715162
-0.255052425355422 0.0609569649606983 -0.243337004839598 0.0315531975390327
-0.27359940537226 -0.12100648438787 0.0418011620466319 -0.156578714720806
0.132558196322275 -0.258456618234889 0.221025088387592 0.122419333535102
0.198566773567631 0.20633401979315 -0.164557164529995 0.285272643174108
-0.262900122714491 0.195647410200696 -0.275597422093228 -0.0774708808355644
-0.194389277314613 -0.307764552525238 -0.0672039917486709 -0.0683425239185379
0.129571687835273 -0.399529523183617 0.00844770861111812 0.0497424197664341
0.180793341915104 -0.369911169625345 0.0179705468669116 0.0469548520518524
-0.0662143809246427 -0.386979433756013 0.0230103610232353 0.0623085193269607
-0.306372339009183 -0.024988910548404 0.206436391936726 0.108895688676587
0.0601474817484831 0.302368447379815 0.300144585549302 -0.180690435962429
0.23992475505191 -0.132619357079356 -0.09825916324371 -0.271031727336548
-0.155003247698089 -0.263842574148873 -0.183555240381071 0.177865757069021
-0.311718245085799 0.0581565239305072 0.156290433293373 0.196434946315831
-0.180811920994976 0.129884747514733 0.256370479104498 -0.162673998106364
-0.307348307015695 0.0110912934161537 -0.129487271200114 -0.00874192672848123
-0.273963153723289 -0.249553803490143 0.0901354293782529 -0.0968897873181057
0.269965213675815 -0.259630018727997 0.17864477283537 0.104160202406394
0.145807464155136 0.363937599617309 -0.129427973891407 0.198042029077829
-0.386608093707218 0.104262853962066 -0.225522476224112 -0.0653619849945753
-0.0931545454713066 -0.418464166125108 -0.0760022977597781 -0.137050871235139
0.221550563508519 -0.39543659816558 0.0859968549047152 -0.0871304993845029
0.171352443316506 -0.358085603877072 0.0904994186727221 -0.101609041536921
-0.119935357956206 -0.327675164494135 -0.0144046008261361 -0.0654419564601067
-0.245925333616972 0.0434988981197266 0.161203732222732 0.117032978539862
0.0498631876500773 0.225581437744247 0.358924545282945 -0.183440383896707
0.117478574339658 -0.041691451033925 -0.0998295682519059 -0.345814595081505
-0.0687107805548314 -0.136773276570404 -0.201438243371338 0.14518967719397
-0.178604968762029 0.0319753042679251 0.176506514414536 0.202182266392452
-0.121899467752321 0.0728596600485641 0.314858183940278 -0.227701791046831
-0.271408929676675 -0.0468802622107176 -0.0097562706676021 -0.00585714499915295
-0.14648127980842 -0.267193673365278 0.0827060928161377 -0.00362749750322598
0.259854590725507 -0.0762551515692247 0.122068786254853 0.046039560867514
-0.0477498062827809 0.317296286124014 -0.0839159564119561 0.14162100151933
-0.309122437914852 -0.0412715830063462 -0.201969854633376 -0.0752085695987521
0.0295830203003657 -0.367420134217823 -0.0326742821456865 -0.222403079259659
0.236141939295793 -0.313652344993641 0.204238507828166 -0.20092486703894
0.13443466980912 -0.295601807720728 0.148453769785339 -0.233024622764594
-0.1147158323769 -0.24595137435863 -0.0704692048269947 -0.162307487288069
-0.19463685691801 0.0562234898864859 0.0670476389378585 0.127846524809386
0.0241022787471002 0.180086973585899 0.370068295056526 -0.0866680852438404
0.0779094092621031 0.0282681764113819 -0.0276542956456327 -0.365961501117969
0.020981181876266 -0.0872064119232471 -0.229193214815892 0.0677214941229967
-0.075882884149061 -0.0404090028738026 0.129561400726905 0.224499406500974
-0.0747741891182403 -0.00332804717526172 0.327800576917006 -0.243101646953512
-0.168766950661597 -0.0719915309700368 0.0648618997566656 0.0224295359213622
-0.0399485220080065 -0.172604173968014 0.0146855826954785 0.0346245775255146
0.112749124239263 0.0163202615899666 0.129902184268902 -0.0421165068276929
-0.098894859760069 0.132553441464052 -0.0532030414657276 0.145345773387159
-0.13431044780995 -0.0516961892891206 -0.194633226971714 -0.101816776805847
0.0508818993908094 -0.202745485703006 0.0158138187191564 -0.27605424349564
0.151766737242421 -0.183865243392308 0.29484012687197 -0.279209366648218
0.075334110832405 -0.184694929414699 0.184428595588134 -0.32812833706216
-0.0745965918957578 -0.151112059643046 -0.112093511211769 -0.238212636797392
-0.128863179989066 0.0374722993969309 -0.0487931343559248 0.126560102801961
0.0108738923954675 0.11264514176313 0.355851296580583 0.0566200955189153
0.0229119088463828 0.0416874599981689 0.0851484682020747 -0.356190054090512
0.0308592750423612 -0.03665211357537 -0.233005711682107 -0.0309551611667777
-0.0275227664330992 -0.0633940405908846 0.068581635523637 0.249300156720153
-0.044556561712436 -0.0519406789259994 0.326950707315518 -0.212204737025847
0.0253728620172022 0.0475849422313476 -0.326611989924207 0.180235889922891
0.0123312319253093 0.0462806251908242 -0.0316609661167776 -0.235808677248826
-0.00475522321550918 -0.00554004498546342 0.204106842309591 0.0763880316096976
0.0264886990340004 -0.0496733054091893 -0.137060187812457 0.294586163368922
0.0175541355884493 -0.0343982715866626 -0.308828260503294 -0.13052309019828
0.0381660260534416 0.0143558714424857 0.0980845274655175 -0.10359803351347
0.0135273599963299 0.0411176639389461 0.104078991904368 0.272268991905045
-0.0062742012771503 0.0444729568471141 -0.17103218618443 0.366219071308813
-0.00340715665171416 0.0388198822484 -0.291595198133168 0.355275033192375
0.0156225223376594 0.0260019784363632 -0.0194386185974512 0.329032645940233
0.022563552467219 -0.0298123649674887 0.229329203932721 0.103962815706219
0.00979663672483676 -0.0424182872403132 0.0365781926531764 -0.199353183407623
-0.0212996521637745 0.0198896111742215 -0.156402155766149 0.0984579228185677
0.0150448803066313 0.0693006634006828 0.0242613394855691 -0.0250672541275094
0.0423587951021469 0.0472136828570484 -0.0955346112751452 -0.0165043479790681
-0.00619537514660811 0.0477098137924789 -0.326142853183992 0.159043529848975
-0.0195651482397887 0.0147134828081007 0.00275547735190247 -0.216470942863349
0.0321658956139891 -0.0559327370710847 0.211567382337664 0.121781202109703
0.0871718077501312 -0.0239468519555729 -0.166915043072309 0.2806161633891
0.00824564618613984 0.0710930096005077 -0.268446677651353 -0.14963716244188
-0.0704679519704612 0.00598844426322728 0.105735397666634 -0.0568940357678956
-0.020884203017519 -0.0869713612405327 0.0726194795757164 0.282252370194759
0.0605170253419449 -0.104605999534754 -0.148311324594993 0.35735392046907
0.0990315332096285 -0.129519839311164 -0.213562068128425 0.379951444671527
-0.00228028387689756 -0.146723838991568 0.0809976334068837 0.322475897538799
-0.0934467525678304 -0.0425313911929663 0.251372150232335 0.0145490792096165
-0.0213422073382473 0.055818705982005 -0.0214566294915744 -0.19174567579711
0.0527461602316719 0.0109628322505327 -0.127777911006253 0.121998375367558
-0.0547263715473656 -0.0143487514668634 0.0293720486516133 -0.0121039179901432
-0.0812368399090575 0.0624144634978652 -0.0624848194113236 -0.0178448094987971
-0.0615088219944478 0.0576901613990414 -0.326165088462289 0.137800542462338
-0.06276215164001 -0.00295335872745285 0.0144009132813535 -0.188348733385654
0.0670604901068305 -0.0902869134911933 0.230431687815414 0.139646177604679
0.122314925640211 0.0337780492876119 -0.155121376646152 0.302727058935929
-0.0410604489011473 0.144925724666923 -0.266577434300638 -0.104251579278565
-0.151753214476052 -0.0517969433402606 0.048319710169199 -0.0256351826082297
-0.0224528570918866 -0.216242066363215 0.0282381139208966 0.246932962689996
0.116414334075826 -0.238239891535161 -0.104930680858301 0.296921470884328
0.110835063169679 -0.295064406216938 -0.0917689227083095 0.334578627876431
-0.145423358562815 -0.241907930370495 0.201619122112466 0.238814583434547
-0.195311507525736 0.128686992715512 0.235162928925728 -0.110441934388018
0.150099467985115 0.151670584734036 -0.0673894871494826 -0.171398422466192
0.100805211257729 -0.158494293526633 -0.123554437668401 0.109597282021954
-0.201928381104469 -0.0611227377190539 0.0180853392224874 0.0503301712563573
-0.172942777592736 0.0986983445042887 0.0240300528522966 -0.0292790792031891
-0.151414407862807 0.0761750115014155 -0.307479908849483 0.0998698280990534
-0.156511268714101 -0.0238461441323422 0.0110330270916908 -0.168090334435447
0.0770311199840913 -0.145390371741347 0.236897614651272 0.135858509899916
0.146041450008168 0.0988611623235358 -0.152763159035691 0.33182543499016
-0.123165266677193 0.183877456161793 -0.29328713976338 -0.0696275466280204
-0.200788532965648 -0.155876459361173 -0.0218747400131655 -0.0299226931779466
0.0229875004509534 -0.329773748076885 -0.00125823545769971 0.169224375721295
0.153716197911991 -0.331851305667036 -0.0480369714796639 0.188485885122883
0.0265077317353281 -0.387804083509967 0.00357872970338486 0.210551681565825
-0.297512148765344 -0.158826287377211 0.233326776892665 0.132105834297706
-0.0698826176029951 0.335610946303941 0.221388911513505 -0.167249888139982
0.346888953269601 -0.0114278314763198 -0.0889536388002667 -0.188992076987765
-0.0458695156282986 -0.339071486979472 -0.162693760971048 0.141839503369503
-0.336985818578586 -0.00419590426407705 0.0735516710711335 0.146547198782587
-0.204108936391529 0.13709798928302 0.143626296459563 -0.0842897124550277
-0.253162224137589 0.0718349822562749 -0.242598235994453 0.0420932359960169
-0.276119719654258 -0.10979510020308 0.03472849618623 -0.156664426966779
0.122443277391637 -0.263342438571605 0.224400329349885 0.112804658732626
0.206526097553346 0.199702328139522 -0.153640255094115 0.291665863785272
-0.255828693650071 0.205415654661256 -0.278077506425973 -0.0683870202351855
-0.203917513375048 -0.300238240019023 -0.0682493744410223 -0.0651578674069713
0.114978288010029 -0.402679695248208 0.0108793312054203 0.0509018230262708
0.169550508455291 -0.37227363677865 0.0200073478858764 0.0457884584336881
-0.0773454378385216 -0.384254395551949 0.0252596090219904 0.0609097675609951
-0.305462924220571 -0.0162941762992183 0.210510459307114 0.0994265496995661
0.0719964746089354 0.302017240229614 0.293972237239202 -0.189729665853112
0.235662427348772 -0.142546319639454 -0.107971984975167 -0.268647662291536
-0.164551086071033 -0.25841337701795 -0.175908447965086 0.18360991367011
-0.310159065898584 0.069165007515553 0.163010831313135 0.188139653980979
-0.17589725357157 0.136301930541496 0.24953040068078 -0.172230041123325
-0.307093500963641 0.0221100874570424 -0.128321220664862 -0.00377307850393598
-0.282846149398483 -0.238730753865646 0.0867235904639521 -0.0988902841752119
0.257761007985554 -0.268709068183536 0.182109031949627 0.0983054276596174
0.160144168347096 0.358825240830885 -0.122110113184368 0.204399504160245
-0.381693489418962 0.117596116574604 -0.22887421500345 -0.0595677762796437
-0.106857162099727 -0.416453862579029 -0.080369803977912 -0.133322669059076
0.206952925558676 -0.401954245716513 0.0842440712919237 -0.0889233647049163
0.1584967655817 -0.362783639259356 0.0870462314001344 -0.104540247744336
-0.130506346140128 -0.321988369515503 -0.0166426540378708 -0.0644182440310108
-0.243117883382111 0.0513334606723947 0.163915910747676 0.108848883549305
0.0583292571428051 0.223070629328349 0.352253506289952 -0.194708012479299
0.116804642182883 -0.0470021855748023 -0.110684905633719 -0.342326178821582
-0.0725000253074329 -0.133440568624968 -0.195525439852595 0.152497197843732
-0.177647565616919 0.0387192563998688 0.184798658947937 0.192982581126988
-0.120590686172771 0.0775019571570579 0.303426742080746 -0.242339358289787
-0.274403160238584 -0.0359062837613469 -0.010042875698984 -0.00537449195402624
-0.156565593548221 -0.261892770351432 0.0815174472097804 -0.00726041591897388
0.253941122202421 -0.0860004676503508 0.122761324922505 0.0419040671685864
-0.035696329432011 0.319436135605829 -0.0805712585198224 0.146359655213521
-0.309584475885306 -0.0310557891463006 -0.205673162049698 -0.0695578030315872
0.0171368280502907 -0.371017130850776 -0.0392604643071164 -0.219366966942821
0.226054141382499 -0.320648061572002 0.198525060892227 -0.206678039008542
0.124118865342098 -0.300200143420437 0.139782485047415 -0.23648612873617
-0.124957350326329 -0.239831553332914 -0.078230714183174 -0.159811997187119
-0.190579728098407 0.0625942968999123 0.0696150394429077 0.124468130024558
0.0308705599879258 0.178912049312254 0.365633570260338 -0.0996248764902987
0.0796061520113462 0.0255901001170475 -0.0409590684594475 -0.364420304677836
0.0180721496973128 -0.0890677069581714 -0.225641862869311 0.0758031243326164
-0.0793186991742007 -0.037232453623683 0.139440416812563 0.218711271255122
-0.0760616615735057 -0.00215934090153649 0.316833187252045 -0.254356351892269
-0.172432870645177 -0.065334627843258 0.0661571948680802 0.0188361977364747
-0.0459815672671152 -0.170804979853791 0.0173862473737003 0.0360230154693001
0.111350395394938 0.0143186209337414 0.127524815404645 -0.0463817284474358
-0.094012588934504 0.136309817467342 -0.0501456291145279 0.149539396959906
-0.13480328331207 -0.0475123961565861 -0.197510390640677 -0.0985178681260572
0.0435617436592548 -0.206159287853863 0.0108411029554653 -0.274500904417112
0.144744681707349 -0.188123347919897 0.287902022937791 -0.288790467521157
0.069780386608119 -0.188134588625153 0.173052070788784 -0.332141716827517
-0.0821758195261 -0.147284791753614 -0.119202996084897 -0.232597438781171
-0.123986345720553 0.0424111071700739 -0.0468566970598935 0.125151983992053
0.0149659306294526 0.108891167734717 0.357850471418041 0.0449113809713699
0.0256396400258676 0.0403212814427954 0.073424286626698 -0.35750508715823
0.0295085480730974 -0.0386345481087199 -0.233477799277726 -0.0233619391813005
-0.0308185263955175 -0.0639396334067151 0.0797844925081645 0.245904499503054
-0.0493941071796876 -0.0505810686444582 0.317923548705154 -0.225917562158583
0.0272812228312067 0.0467321657796347 -0.318747630502624 0.189567301018757
0.013842031465812 0.0460885618256538 -0.0404605579004452 -0.23177483947815
-0.00545646156863802 -0.00468452294723417 0.204794580083205 0.0693978537314362
0.0249724415743897 -0.0497534336983834 -0.128628970165938 0.296466416254167
0.0164034396099879 -0.0336193441452066 -0.309571273398075 -0.121639756741486
0.038397153860804 0.0132610130543298 0.095895936565829 -0.104915859979578
0.0146983278220842 0.0398888778503698 0.111336639885724 0.266968116364748
-0.00421939759696721 0.0442467697806816 -0.161133722360509 0.367035337884667
-0.00104378002491098 0.0391537619643837 -0.282930163447764 0.358440866955689
0.0158866743806489 0.0261651408217419 -0.0110189748561119 0.329192643930851
0.0219110503586022 -0.0291793311927239 0.231866707009501 0.0975021275497184
0.00839873949944124 -0.0425395460887317 0.0307361678809145 -0.202430429009644
-0.0197100733867717 0.0203441368334448 -0.151989259340914 0.100640904954171
0.0181187388112499 0.068246076113426 0.0223349211434656 -0.0263715541758057
0.0444321106496099 0.0461157853437919 -0.0968859998212918 -0.013828069926491
-0.00410406426287523 0.0469283388561114 -0.318950102397612 0.169087736673037
-0.0177542406212059 0.0154060939641273 -0.00612594464463895 -0.21335617679324
0.0309264973004994 -0.0562653928659819 0.212974330065219 0.11515992385677
0.0864219148696772 -0.0258279664540292 -0.158016552473006 0.282761011545658
0.0108952320603464 0.0715259010010207 -0.272311318339487 -0.141177752342634
-0.0696682879048337 0.00836030384601539 0.104614735936865 -0.0575390615748195
-0.0222247925018071 -0.0863890486811163 0.0809159128188581 0.279249083859208
0.0583295214913775 -0.104893201572595 -0.138055637029697 0.355787366406126
0.0962493586604448 -0.131326798996364 -0.204165990642558 0.379930643386413
-0.00657895388664591 -0.145572307484451 0.0875913647548181 0.319233890550677
-0.0939710348147786 -0.0395550266249059 0.251169544953682 0.0089249340680481
-0.0199141223949173 0.0567852528980725 -0.0273707381107059 -0.190910297366124
0.0529707158182487 0.0103839879392538 -0.122688686179537 0.124358541974194
-0.0542440953990198 -0.0127019756904745 0.0269800777350205 -0.0136726109366014
-0.0792430703886347 0.0640642097416174 -0.0634131869361998 -0.0168219392329138
-0.0597384900227573 0.0591691177031494 -0.319322113672601 0.148827858854762
-0.0615644070682049 -0.00143379932741692 0.00750287805947423 -0.185390943570168
0.0634798602706012 -0.0919013072806846 0.231525771378872 0.13159837715491
0.122289530235637 0.0305525710410781 -0.146512955642469 0.304961258111791
-0.0364763447490633 0.144904489829634 -0.267551962362029 -0.0980234282179747
-0.151385140845477 -0.0474925590713921 0.0477593544493534 -0.024915704365136
-0.0273227092884948 -0.21257439237787 0.0357910515735985 0.245678159972317
0.109852748108413 -0.238252457004602 -0.0972591570721536 0.294243632063525
0.103593459729243 -0.29590455490336 -0.0835034675805755 0.333443070171775
-0.151462156984193 -0.237800299181504 0.206193034530008 0.231211710756157
-0.190976488820737 0.134118125349894 0.232174204756083 -0.113828215967213
0.153774001336735 0.146607826545418 -0.0712833436654378 -0.169107310652855
0.0960730720757663 -0.160497371915656 -0.118650069781333 0.110441772325178
-0.201846773092678 -0.0551198246492146 0.0173362653037744 0.0485178790240112
-0.168754282799264 0.10317763182291 0.0217698065230429 -0.0311442754005922
-0.14793197720204 0.0805527284328243 -0.300902209650837 0.110253309751218
-0.155090116842462 -0.0183088891430437 0.00523258991449607 -0.166261650161118
0.0708293844025395 -0.146226890733625 0.238462751099072 0.127608250867723
0.148493222238046 0.094620274696431 -0.143349346445658 0.335168770923557
-0.11633653193595 0.185492703768442 -0.29387896363427 -0.0602462367397302
-0.203846344669901 -0.149260234941818 -0.0223277100411498 -0.0281780838136718
0.0147219087055054 -0.327685174054327 0.00413100912536477 0.168731380626006
0.143737892824527 -0.330748636368442 -0.0423864261256872 0.185561726103851
0.0177497830003778 -0.386057763658918 0.00826278389603107 0.20825545204939
-0.299905835853397 -0.150639005575941 0.235299770440561 0.125405593248356
-0.0598660243702291 0.335860120147056 0.216665512694381 -0.170749264400759
0.345895648581424 -0.0218803586071281 -0.0935815991491028 -0.188309610386849
-0.0546554938339625 -0.335152438912913 -0.157541604156943 0.14485451282881
-0.333003978362196 0.00643262048589273 0.0757865684106443 0.141755747905259
-0.199986713079046 0.142676109629002 0.139437533329882 -0.0892855898192496
-0.24888936176525 0.0761420087168525 -0.238761486753141 0.0508469542512602
-0.277998241668216 -0.10028274871997 0.0303651116017066 -0.154994011668749
0.113025318008992 -0.265829673831181 0.225645812673559 0.105409899202041
0.21308910636451 0.192539910148835 -0.144544502320015 0.294956884117751
-0.246877211840365 0.211471944960497 -0.280219763620666 -0.0585559479584111
-0.21216983151456 -0.293541085003228 -0.0686843846915944 -0.0606768125708117
0.103051439478057 -0.403461039089762 0.0136390418485174 0.0500354359411575
0.158864896583221 -0.373651467714995 0.0223391695159308 0.0437947658473369
-0.0862335247391206 -0.379255466606144 0.026156514034801 0.0603922933078919
-0.304585325057821 -0.00877074565300767 0.209806369991238 0.0925552618004305
0.0821769924372338 0.298381502211637 0.287301031774657 -0.197669998617743
0.229208488620079 -0.149543206123344 -0.115764102305233 -0.26410010698502
-0.170562648447049 -0.251255516733886 -0.168197255734169 0.187059325470167
-0.304036742732013 0.0793424148847289 0.167864113207759 0.18169036506051
-0.171556428044463 0.14031438858583 0.240772076986566 -0.179908525649202
-0.304959196493974 0.0318848809143632 -0.12741893763301 0.00212411051758252
-0.288047178081719 -0.227218142274149 0.0842132607550972 -0.100042433438642
0.2477793108457 -0.275324115994728 0.181659390194626 0.0926813883256307
0.171091212468295 0.352970628444691 -0.116192652277798 0.20745267649304
-0.375451436439992 0.127386693269101 -0.22933625898087 -0.0518762217264056
-0.117547635667393 -0.411516840454414 -0.082435313182823 -0.129861067456325
0.195105499320758 -0.405462024086792 0.0819943357315985 -0.0900441733104085
0.149438476785269 -0.364576926562284 0.0835810407325311 -0.105730356968988
-0.137706327610398 -0.316006986264131 -0.0184785589184729 -0.0640456916377655
-0.239169519102513 0.0576099991378777 0.164904593799212 0.101981781903556
0.0654370787868678 0.219738833393556 0.343913424866959 -0.203082529494202
0.115472298328485 -0.0506173171469837 -0.121300821769401 -0.336882589853527
-0.075601140756314 -0.13177843267506 -0.188718686681638 0.157177430152088
-0.175258694290353 0.043585818263939 0.189640437778109 0.184717258672273
-0.118846165101701 0.0805412123275967 0.291694905991689 -0.251412519718266
-0.274673244019894 -0.0273280445870079 -0.00843449095254579 -0.00448537856931087
-0.163144959376706 -0.254186682208303 0.0815511127820139 -0.00879397212278407
0.249706696365547 -0.0923080859140726 0.121623613764981 0.0377656763744501
-0.0259655604967821 0.321096551271162 -0.075162569528362 0.149763954072427
-0.309967761191196 -0.0222099338122663 -0.20712339313346 -0.0654889190829123
0.00620048452798956 -0.369543888514375 -0.0433067905252257 -0.216739956676271
0.214059556248382 -0.323751448787857 0.192243018660227 -0.21021218812042
0.114857712423112 -0.300678783182875 0.133394926949481 -0.240018897531775
-0.131422744605757 -0.235826912473715 -0.083201053452035 -0.156404902722108
-0.1871846331303 0.0673388365759336 0.0714252177859345 0.119895322635886
0.0369793618099661 0.176286863003166 0.360216335414362 -0.108621762123809
0.0805851250177515 0.0233233903053333 -0.052596410971026 -0.360987951664879
0.0138388866690881 -0.0887298909985517 -0.221227023586634 0.0811453677195335
-0.08179390083609 -0.0343315375599476 0.146614689329884 0.212150540697245
-0.0772428063523457 0.000199369186204961 0.304537170035017 -0.265356075711895
-0.174748411247537 -0.0588263816311481 0.068494478809761 0.0176478445053062
-0.0514151066518001 -0.168215732860612 0.0187967604810897 0.0361096873142258
0.109528312472667 0.0110983898471723 0.12251462345664 -0.0503321302103094
-0.0892763273557349 0.13951719672037 -0.0460263270195901 0.151585732752612
-0.135627268491483 -0.0441582846452227 -0.201018697263809 -0.0932373311658724
0.0381301212347052 -0.207141768011448 0.00407127811249387 -0.27234180286193
0.138268334007299 -0.191226970135065 0.280509401836337 -0.294373492194415
0.0637379205095878 -0.189159599134799 0.163727124041454 -0.334197748113575
-0.0867738803203744 -0.144314920516795 -0.125745067184772 -0.225469206607108
-0.121381507493523 0.045707844038982 -0.045189366542863 0.122963904513495
0.0182437889882415 0.107998740313923 0.355596822003277 0.0356820027231786
0.0266757766603458 0.0381837090426795 0.0625719416214649 -0.356527737202611
0.0275107534025378 -0.0397667226011492 -0.23111721353497 -0.016128149372258
-0.0344830276883293 -0.0615138827841647 0.0885018386307049 0.240591281787267
-0.0514053603125638 -0.0492576994329919 0.306943857504417 -0.23430645625645
0.0294396318106434 0.0432402145744571 -0.310678804997505 0.1975134694164
0.0184675636033887 0.0444164407364574 -0.0488357592340603 -0.226890133685721
-0.00546595087063609 -0.00383239048684975 0.204573122931347 0.0637785889244448
0.02229457204826 -0.0512062542788426 -0.120875634818353 0.298480239345698
0.0163512013071576 -0.0344007548973244 -0.312415873814362 -0.114996760452522
0.0376813679807304 0.0141208225337645 0.0946086297298057 -0.104381218319594
0.0141441773422903 0.0411026982184503 0.117022679489556 0.263582965700884
-0.00280276662809571 0.0428365122304116 -0.155570118416147 0.365570444204195
0.000952344452974322 0.036001380615368 -0.274321161621369 0.360799937560615
0.0161578183267401 0.0221575302177911 -0.00753803373618625 0.330514842983208
0.0194958574078133 -0.0304793320970214 0.234915587939666 0.0939307381032787
0.00583714326807296 -0.0381687885314182 0.0273332376174911 -0.205081417522634
-0.01560813485872 0.0199475161076726 -0.152511424609986 0.105626615639283
0.0193750386012455 0.0671029191487487 0.0195251594550366 -0.0273506714574989
0.0471663720914101 0.0455112100575773 -0.0995963398844051 -0.0144623759218427
-0.00280143776290061 0.0432822013052464 -0.312451155318081 0.175785612400054
-0.0141896453741785 0.0155415203489605 -0.0130129377129369 -0.210572349630877
0.0281794434174648 -0.0555582606187887 0.214904163455265 0.109638018829704
0.083794863728219 -0.0290320520128969 -0.151515193919898 0.286637352914305
0.0125226835267446 0.0692745400547509 -0.273682436221617 -0.135501233871858
-0.0689973558833773 0.0112256338804771 0.104731426730053 -0.0580662866504369
-0.0247473548463882 -0.0836100170591551 0.0872488532641101 0.276448381884723
0.0565876077649465 -0.105291884454305 -0.132673704929111 0.352992671829982
0.0925380627773618 -0.133412779878465 -0.194227056056038 0.382794337089434
-0.0107656555648117 -0.14770012524795 0.0921228632570956 0.318662521942163
-0.0965254772804452 -0.0379817229855702 0.252795065954812 0.00501880774034219
-0.0190783678018908 0.0594876796446744 -0.0315595197637953 -0.193505003056636
0.0557463628516007 0.00778903914193528 -0.122973324149424 0.127665474383312
-0.0531991455502018 -0.00988060344030544 0.0250133137928079 -0.0158449662562153
-0.0745364856864929 0.0655821926040745 -0.0647219700638553 -0.0168063093641381
-0.0570584328130911 0.0565351631402563 -0.311181582835936 0.156334562207385
-0.058334607399589 0.000870120695049329 0.00269639005190001 -0.183810341721045
0.0598622432986004 -0.0914515955195429 0.23278075900343 0.125481609162864
0.121326901099733 0.0260521680647482 -0.139854277617527 0.307180179345915
-0.0327257070112688 0.143661057564974 -0.266862002930591 -0.0926964215702186
-0.149572014408308 -0.043521088754528 0.04982837260996 -0.0234664021680415
-0.031525984616164 -0.20888904131963 0.0426492156430292 0.244513336563978
0.104277841291261 -0.237113973893056 -0.0915429723996994 0.292484666402947
0.0965403465924561 -0.295470469060885 -0.0753107399014838 0.335310737217721
-0.158308621690568 -0.235153628263822 0.210009751032672 0.229280050215317
-0.18844600764533 0.13662195704272 0.23192583999112 -0.117435326253605
0.155188007160335 0.143584344298845 -0.0772701691023837 -0.169342628316426
0.0933166241063855 -0.160417355357609 -0.117266170795143 0.11371883027099
-0.199441776396744 -0.0486508561593509 0.0178041312450726 0.0465555526911331
-0.164178589215372 0.106975420710975 0.0198356701477555 -0.0335116788161299
-0.143683303270974 0.0811452256444414 -0.295537179969367 0.116377823980295
-0.151016083618079 -0.012744315828337 0.00187172733369571 -0.164344885179781
0.065471418297762 -0.145733740013455 0.241577414553838 0.121705600162697
0.147676260109137 0.0882336776853835 -0.135626736879379 0.336728020939717
-0.110250496714604 0.184728944113599 -0.293323273324161 -0.0548575426777266
-0.202552394561839 -0.143516246624148 -0.0203462875264932 -0.0246579820053957
0.00791417964071662 -0.321713566917285 0.00905617134341288 0.169315649492626
0.138320506018758 -0.328672474462112 -0.0396804812808382 0.184941791441185
0.0108897421814565 -0.381445615713471 0.0139088575079337 0.208569522727579
-0.303636310638759 -0.145169630711195 0.23753027704915 0.121279301822551
-0.0531843792388731 0.3334777807713 0.213958352293165 -0.174620706810931
0.341071696453332 -0.0275110099646085 -0.0975320684235928 -0.187157856152283
-0.0595562515999557 -0.328567629211744 -0.153152153368213 0.148230085719838
-0.328117425791108 0.0121546363864347 0.0794819198071842 0.139823412781782
-0.196420880675252 0.146123145104983 0.135886471105201 -0.0944096639977722
-0.242288060080815 0.0827123460133224 -0.234357218326773 0.0551633446366607
-0.274798012496737 -0.0897936254499874 0.027804474422974 -0.15359311005707
0.102927802380394 -0.264317201160984 0.22783296370101 0.101641138502571
0.213167935247385 0.184008765445739 -0.138183092195179 0.298042378153348
-0.239259236939026 0.211850863943424 -0.279744299438574 -0.0545515866431746
-0.212557077128061 -0.285466416032554 -0.0668471466216692 -0.056002020518841
0.0942706384139875 -0.395987454595604 0.0146761099157438 0.0521969460430636
0.151603379082446 -0.370444108687373 0.0227531957768469 0.0435561197828605
-0.0918396384395592 -0.372558509731688 0.0274790236191123 0.0606314083870821
-0.30208702551726 -0.00364344859283129 0.212708097576702 0.0882205077769975
0.0837804382943676 0.291729477141156 0.283071099678783 -0.203848906988067
0.223819843470194 -0.149085232061722 -0.121639018654967 -0.263255136642902
-0.169219886733687 -0.243716995380912 -0.163672925209938 0.190951950923633
-0.299750577565545 0.0802432238338126 0.174524701279057 0.177600326220101
-0.172177632344736 0.146138839469534 0.23610035151869 -0.189795475370504
-0.299895145086146 0.0411262581267901 -0.124804409258756 0.00401895753688099
-0.289383404620612 -0.214603914886048 0.0835699844190378 -0.0995669335475932
0.236645438405574 -0.277457108822484 0.183534117108329 0.0894819009532149
0.177377696077002 0.344135987907022 -0.113537479786653 0.209437523513007
-0.369212119582475 0.132481784867863 -0.22879056624446 -0.0497289235718101
-0.120686078225918 -0.40420381314833 -0.0814994360967824 -0.123279747283485
0.184664928254692 -0.402929531554846 0.0800276404325179 -0.0887929595948756
0.141998085752427 -0.362021745129551 0.0817793288404267 -0.106646262058083
-0.14033106588895 -0.307805105405026 -0.0207184799034011 -0.0625272393679859
-0.237065162663236 0.0593452993373856 0.165741301864103 0.0975747432135744
0.0649086947666519 0.216767931683049 0.340312690208189 -0.211180705659102
0.113489728403687 -0.0466888866284066 -0.12972765985005 -0.335106677471067
-0.0738768318645681 -0.128158548137425 -0.184861747275875 0.161693273219702
-0.174039249222585 0.0414984028403815 0.195657162404892 0.18172063699778
-0.12240456314457 0.0856292784719751 0.285929625664743 -0.261473733841505
-0.273378052089842 -0.0162445484543944 -0.00647330252875338 -0.00525084558424347
-0.165847649334007 -0.245185747622734 0.0836868411650903 -0.00755756135931261
0.245188656335864 -0.0983450242212203 0.119383746415084 0.036562978180517
-0.0168126999267165 0.317930630923053 -0.0733570120483761 0.150083138110692
-0.305638507211654 -0.0166667347438345 -0.205896981351576 -0.0633833371477023
0.0024747671998644 -0.363503939228423 -0.0444423940723071 -0.210331761037815
0.206252566464061 -0.320889003414937 0.186619091247182 -0.210547328451863
0.108915779288942 -0.29781593647245 0.128112853030931 -0.237856750388171
-0.131738605941763 -0.228203830831414 -0.0863957914997431 -0.151701322298237
-0.183150548366323 0.0687173475013245 0.0718751887419755 0.115694518588897
0.035876782514614 0.173021142675859 0.35774094939092 -0.116698122374135
0.0791075175105061 0.0252780222688712 -0.0598337818585719 -0.360437661853566
0.0154130011878465 -0.0879267725492846 -0.219224785938034 0.0868001938137267
-0.0827615568097087 -0.0363044357623044 0.153923200765808 0.20960819546899
-0.0844565420404235 0.00700322429549967 0.299787292857683 -0.273728028147332
-0.176361537433641 -0.0508408726801453 0.0707453944636683 0.0150520446198158
-0.0553386988388624 -0.164889120947874 0.0214468719688068 0.0374395239977771
0.110279313318931 0.00898803734929592 0.118023417068573 -0.053093213410869
-0.0853425183436339 0.139299197560766 -0.0434760432009261 0.15284188964113
-0.133963657589982 -0.0437801019194241 -0.200792382732756 -0.0899797209550115
0.0341711029017578 -0.204790354208351 0.00221912679093411 -0.266947212939922
0.133945355387213 -0.188204897138405 0.272802969240685 -0.295628051150398
0.0607230590989709 -0.186830423912239 0.157835565792976 -0.331873982457233
-0.0872917021016208 -0.137934620541666 -0.129414459776467 -0.219724573276152
-0.117519420858064 0.046331810762972 -0.0460172552143008 0.121906594266941
0.0161780165589261 0.104685077813119 0.357473980679044 0.0285693150054718
0.025006722127865 0.0422073263576865 0.055791229722884 -0.358869779014694
0.0280452848202955 -0.0380034430939905 -0.232675795097225 -0.0127935441572183
-0.036615726036482 -0.0644314066477452 0.0962425175925985 0.240472818377728
-0.0593368819357198 -0.0435749835132462 0.303778363646389 -0.243827850805609
0.0308095104009959 0.0431261297430765 -0.307632440385244 0.203735557581698
0.0191180461236995 0.0443087106842841 -0.0539702031183999 -0.225502607105202
-0.00623513356091623 -0.00348349111588047 0.205520793874041 0.0598722691383852
0.021383258442776 -0.0512473142013493 -0.116859870438592 0.301481496544398
0.0158758220331162 -0.0346687578181177 -0.313679147243081 -0.110337711169129
0.0387366349009432 0.014130857878152 0.0944383552629254 -0.105333912544976
0.015183556699401 0.0411625997388914 0.123223570254018 0.260089621524824
-0.00167956878243765 0.0437987791136265 -0.151006768454268 0.366361859903928
0.00299180806803329 0.0363805803570349 -0.271810810181166 0.363336220785233
0.0168826393371116 0.0228671284520557 -0.00313656785638111 0.331035685641626
0.0187522199958583 -0.0297280852567259 0.237970545907923 0.0905013359455731
0.00640104818517466 -0.0381516159846225 0.0226058171406371 -0.206925116368634
-0.0140188668502153 0.0209077234706649 -0.150049118123077 0.106880494476778
0.0217100673899828 0.0677482242734776 0.017081830195168 -0.0287108175547506
0.0480916940313776 0.044727069046152 -0.101351992529584 -0.0130135411455775
-0.00144669348718496 0.0438870432491746 -0.307917756574428 0.182775567925744
-0.013626424754231 0.014698500237399 -0.0170473014071579 -0.209134333423128
0.0269865503650953 -0.0569005685285731 0.216678943712167 0.104777122376804
0.083797936546494 -0.030944661641186 -0.146335383953262 0.289132646749813
0.0151536870023826 0.0697201370841172 -0.276874619127146 -0.13201735235832
-0.0682891441618057 0.0122201995852359 0.105194857354197 -0.0584957844069511
-0.026082890872801 -0.0825882128342384 0.0919067447870154 0.274081651057368
0.0553717718074471 -0.106082204919504 -0.128148456561667 0.351829571627464
0.091818463442001 -0.134096990533253 -0.188453833511068 0.38311165729561
-0.0138221340188876 -0.147105690482621 0.0968539038850024 0.316020697438393
-0.0976464666867919 -0.0354675278801474 0.254524005442911 0.000740060685867803
-0.0172819378013344 0.0601503338056504 -0.0338011243556949 -0.192921394950548
0.0571555279232268 0.0078647807971862 -0.120179554439861 0.129193608934245
-0.0532309805764401 -0.00807040371347179 0.0233522107677294 -0.0164904852895831
-0.0732233358106754 0.0675016700639667 -0.0662278625267105 -0.0170380693841024
-0.055570501188327 0.0570401092705993 -0.308554524519342 0.162835331845474
-0.0574329070107609 0.00186179631311329 -0.00217839934853606 -0.181536666117376
0.0583739002701442 -0.0933601459640202 0.235211566317992 0.121078593963085
0.122606490490805 0.0232941412574118 -0.134483222834407 0.310727510479748
-0.0293081299526869 0.144962556957834 -0.268330452844862 -0.0883118288186756
-0.150513030676077 -0.0399657937772975 0.0504377493577601 -0.0219969394939039
-0.0348050900931034 -0.207789067518576 0.0475470981460179 0.242860348988172
0.101012018108507 -0.237877851637868 -0.0875677452916305 0.28987162978045
0.0919138122213974 -0.297491428778103 -0.0690858079220474 0.33279330039747
-0.162751499038881 -0.233681341362407 0.213548999064229 0.225415331549201
-0.185694690228925 0.139512735046323 0.232659564422241 -0.120540924142217
0.1578881713973 0.14062701533965 -0.0794255568091652 -0.169849150187666
0.0905220212089947 -0.160992067677593 -0.115539297529228 0.11498282301283
-0.200446015934968 -0.0438079570065879 0.0177365815605501 0.0455580202115959
-0.16250852492966 0.110609033243833 0.0181762526986807 -0.035491050002569
-0.141927948269528 0.0840148266120444 -0.292393540620819 0.124253175054726
-0.150372253082925 -0.00978953540551336 -0.00244273438012564 -0.162075432516885
0.0624710066710295 -0.147259703280689 0.24322569818972 0.11754556942249
0.15064174886692 0.0856275321866493 -0.128951429544819 0.341360544459999
-0.106735939678382 0.187154421076093 -0.293708850385322 -0.049655147023813
-0.205502134429356 -0.138876102087973 -0.0195026890286013 -0.0226767067023242
0.00283868707170799 -0.32208906354801 0.0124421597266818 0.169704584046081
0.132018032713218 -0.330770202512013 -0.0364933752589065 0.182850802498155
0.00527291367154783 -0.382029160436957 0.0166804332152892 0.207037763691393
-0.305877769991372 -0.14078009250077 0.239652527385045 0.116715234921363
-0.0471015740907795 0.33510403640545 0.211372549217317 -0.178510706871827
0.34146745357456 -0.0343392826293064 -0.101653872362728 -0.186757588169667
-0.0657334343299809 -0.327418739197316 -0.151260760291883 0.150059310795034
-0.329505292009381 0.0200588516946267 0.0810922801216317 0.137207139325488
-0.194787060605137 0.151273034580661 0.132378635538029 -0.0986285938906748
-0.242047516372109 0.0884665605179071 -0.23225224831773 0.0617879058592971
-0.275583311067467 -0.0840480116113137 0.0253241137616316 -0.152532906371517
0.0980567709704959 -0.267980778051232 0.229233099406796 0.0970057674185807
0.219231407476308 0.179928768214199 -0.132430613929804 0.303047682443653
-0.234780565937396 0.215218341807151 -0.280676777783955 -0.0497119838911982
-0.218666595053024 -0.282518057578131 -0.0674005177103623 -0.0532462757204509
0.0874215408611012 -0.397872147471143 0.0173522265231654 0.0520482424281362
0.144448181312479 -0.372547021078947 0.0226269096923947 0.0416752660230673
-0.0964321942360754 -0.370526753579742 0.0279128259010959 0.0591205176659372
-0.302172878825444 4.7277519799202E-05 0.212831681393487 0.0834193893958387
0.0897789788998362 0.291851957089009 0.279349842688261 -0.210185370031451
0.221821737495259 -0.154293616431133 -0.127882863033871 -0.262747429405694
-0.174383971576791 -0.240221568290855 -0.158923850194158 0.193062932607221
-0.297937793229572 0.0887341330322838 0.176970621977196 0.173199430353317
-0.169756214933969 0.149177990473191 0.230244544018096 -0.194389778531996
-0.30059791957511 0.0481411523467601 -0.12369536600839 0.00692729817043603
-0.293807086490738 -0.208436901621416 0.0821297635248861 -0.100581529845359
0.231995385536408 -0.281800966910949 0.184318532504957 0.0873389889563523
0.18640259019612 0.343450855880429 -0.109542778364635 0.213864001503256
-0.366512473145073 0.138992023463462 -0.230587320553743 -0.0466193200400366
-0.129937974257062 -0.402650897919112 -0.0818460706158268 -0.120263965191216
0.178785129652437 -0.404372974656167 0.0797609795675472 -0.0901183838996336
0.135542557404111 -0.364541689582584 0.0793971444435655 -0.108245530613224
-0.145895831014046 -0.304419210481134 -0.0218916587348432 -0.0612913386570641
-0.235774704467284 0.0627995941109258 0.16674326297619 0.0940142410252243
0.0703793076067929 0.215847651052303 0.336029592172671 -0.218086618973386
0.113066745586213 -0.0490450329834922 -0.137619643659291 -0.333627318964091
-0.0766519695174728 -0.127041746198227 -0.18148159403015 0.165144353846772
-0.172628370024871 0.045965255311238 0.199842571395887 0.175862036290537
-0.120916395235116 0.0887902209521986 0.279218581282261 -0.268437288584884
-0.274311528965807 -0.0103668610888784 -0.00661565979495411 -0.00575484344308962
-0.170994339831553 -0.241272875657763 0.0841906908121657 -0.00850619002704908
0.242133555794388 -0.102023195024155 0.118997836317395 0.0352721170182551
-0.00906351861227929 0.319115768985618 -0.0702576212494204 0.153249381701972
-0.306916022583139 -0.0113630705164556 -0.20881778707141 -0.0595692193728718
-0.00513215566641432 -0.364466473630475 -0.0475910087213409 -0.208157853979484
0.200773222207116 -0.323725629270003 0.184252125493073 -0.213022721187
0.103551546730775 -0.300561975850841 0.125150397989039 -0.239778864944499
-0.137284884346829 -0.224750608413706 -0.0880779439449198 -0.148884851277289
-0.180883900735 0.0726760572083017 0.0727588749678716 0.112972519733001
0.040227260318372 0.173459228648288 0.354840803759966 -0.122836011457902
0.0801773628739172 0.0234159260453126 -0.0666948804771268 -0.359526681019355
0.0136011254041584 -0.0887344631049974 -0.217107806559776 0.0897473386649156
-0.0845754507349126 -0.0347902024491821 0.158913175595031 0.205061897035566
-0.0845674226818644 0.00803769731537351 0.292545061420635 -0.279246747820628
-0.178221537484534 -0.0470200440720642 0.0719677044908452 0.0129114949716097
-0.0579635235163869 -0.164010764850068 0.0240800313929198 0.0384232474445877
0.109706401102111 0.00737501394318672 0.116492718299966 -0.0533163572483465
-0.0820930083953439 0.141178903284371 -0.0405065916019042 0.155522647331075
-0.133854555342334 -0.0412853831636249 -0.205157009950224 -0.0874982933598935
0.0299326670891049 -0.204374889943843 -0.00161575713254778 -0.268322298573469
0.131379421695504 -0.190241860751999 0.268099204800539 -0.298960520565743
0.0565280938151202 -0.187834861632351 0.153455154381115 -0.333826493177535
-0.0897444500019209 -0.136641291510397 -0.132514798240179 -0.217309743327218
-0.115811861656433 0.0482231869256983 -0.0473377247034658 0.120519248846512
0.0180171127678337 0.104070278521219 0.355479975594741 0.022569469422575
0.0260264964471128 0.0408611391813119 0.0497305278681661 -0.360125174451407
0.027376350094135 -0.0395658928942177 -0.233127854831473 -0.0082235053293861
-0.0378023931751477 -0.0626663626853474 0.101294949671249 0.236691505741508
-0.0613931028687566 -0.0420212324467047 0.298760841609773 -0.250091416285468
0.0312563588698934 0.0426466902792916 -0.301550532252613 0.21007163749011
0.0201184158960722 0.0440503912850714 -0.0609585011169051 -0.22325714944234
-0.00649716173720727 -0.00277449344872466 0.205003497096881 0.0547666801456577
0.0200545887089906 -0.0508955995283317 -0.111557936404967 0.303101353397902
0.0146547144328785 -0.0337279723495047 -0.315724976807919 -0.104002250386483
0.0391611590511288 0.01409178158941 0.0939984220233137 -0.106339358075684
0.0168355187812505 0.0422671092955727 0.129263165527424 0.255660960811104
0.000496715080405746 0.0440629592422408 -0.145258422402403 0.366190676916813
0.00436974359807578 0.0373726912941361 -0.265815018847028 0.365548688926811
0.016872595524382 0.0233478604636041 0.00373764373338637 0.329692175050115
0.0183135692719513 -0.0295047523242016 0.241018581714742 0.0861550617914394
0.00522630497300857 -0.0376881218044041 0.0180614007481346 -0.208652400740083
-0.0129790745486285 0.0220763420959069 -0.149052171233939 0.11056447076067
0.0241561082618982 0.0680513038860018 0.0153096257749481 -0.0289428996654545
0.0505537144047022 0.0427227602340499 -0.102968153187282 -0.0122476907066026
-0.00145065527507987 0.0432441532921817 -0.301746255635908 0.190233876556976
-0.0125325553186583 0.0150061907005484 -0.0237421466855218 -0.206789453812217
0.0252300245132851 -0.0580465098011267 0.217055674247865 0.0992374170726509
0.0829106902329385 -0.0323775332417702 -0.140446254679746 0.292632323736003
0.0173359320413067 0.0700433182493297 -0.279098895569035 -0.126073412219314
-0.0685785297881252 0.014579622636131 0.105376871664115 -0.0588309971018335
-0.028489871636721 -0.0816302617748239 0.101436387109105 0.272158440911932
0.053362932089456 -0.105723343861379 -0.125027169848376 0.351886183161548
0.0898996362110623 -0.135964948158763 -0.183701097775356 0.382527214804077
-0.0175150884737934 -0.146060393383252 0.102304714603242 0.315191720112433
-0.098676221760592 -0.0332324140317865 0.256385534479971 -0.00375529966802007
-0.0156797894765653 0.0616207422628107 -0.0396998164780381 -0.193056457566638
0.0577935141645461 0.00642438712230091 -0.117056828732287 0.131611777381362
-0.0518402648473924 -0.00621334800574703 0.0213387168890904 -0.0170299602505902
-0.0706226265649137 0.0707356032930504 -0.0681893640480379 -0.0167414887794515
-0.0547612983989602 0.0577405190537692 -0.303494824804682 0.171600168781991
-0.0564038947612334 0.00181286453742392 -0.00673017038533417 -0.180146494947879
0.0554358174368347 -0.0947188566252381 0.237393493661109 0.116064166607001
0.122855297130191 0.0211574456418451 -0.126499685908587 0.313752435593413
-0.0249713688691476 0.146329801376347 -0.269846511623476 -0.0820596492511288
-0.151997190168502 -0.0363821251598444 0.0513892681559567 -0.0215615209903823
-0.0391597874266484 -0.205976136136252 0.0534846576956417 0.241214499756531
0.0955972604345693 -0.238330784587152 -0.0834066482981141 0.288387628182286
0.0865196877958285 -0.299505526154501 -0.0622610387397579 0.332568355693254
-0.167055448444029 -0.230564149061792 0.21764308873838 0.220363063600719
-0.182934851177083 0.144619834757693 0.229814693537473 -0.124481716455661
0.162657233251263 0.137268591982924 -0.0829334621954516 -0.168384291044638
0.0872706178942949 -0.163638175815353 -0.112634145879147 0.117696271595332
-0.201223157513122 -0.038185804761957 0.0171832527837936 0.0441575085154179
-0.159871436533969 0.115722754001904 0.0164422579291735 -0.0372830945867641
-0.140463788674473 0.0875186930747985 -0.287647178681109 0.132294231299049
-0.150013936081293 -0.00612680858785433 -0.005718582152208 -0.160372333529599
0.0594334431967067 -0.149765782282576 0.244902263136401 0.111718538290679
0.154037166787846 0.0819995847124133 -0.120043646059871 0.345338181247115
-0.100868784446382 0.189482012378698 -0.294814697948881 -0.0427186961845168
-0.208988649918682 -0.134382060902058 -0.0188708680490927 -0.0201072865209649
-0.00387758035290105 -0.317937383992259 0.0181114330978003 0.168109022349893
0.124857555324724 -0.331505309710354 -0.0334137929298928 0.181625303509467
-0.00181287704272445 -0.382442661111302 0.0223904799740602 0.205675005613066
-0.309330427233111 -0.134627971479665 0.241850957662328 0.111101887624241
-0.0386960074084615 0.335551539620494 0.208648658385791 -0.180670274390106
0.341100673067471 -0.0426331450507829 -0.105345213497629 -0.185423238047391
-0.0741944888208458 -0.325514270353537 -0.14773820339626 0.153486893512803
-0.327233975120101 0.0292664187581415 0.083303198541176 0.13365145345199
-0.189716305211387 0.156595526202572 0.128299597490111 -0.103760533243807
-0.23931120898407 0.0949935114791679 -0.229372453247765 0.0679581389458714
-0.277310648443766 -0.07778694176984 0.0218618980977434 -0.152571432731185
0.091596048620074 -0.269067866181996 0.230383828205968 0.0931515334703031
0.222959985024403 0.175891436910063 -0.125037249534591 0.307600925092779
-0.228500205824065 0.221038192735544 -0.282362435865353 -0.0431478551238474
-0.223723331185774 -0.275642406050757 -0.0678153766462259 -0.0505656470244536
0.080026600191772 -0.398870907820327 0.0197591667898639 0.0501453479199752
0.137679167731738 -0.373371772820025 0.0240016604681328 0.0403961699839316
-0.104521593913494 -0.368098695453216 0.0294793070282173 0.0588003231415524
-0.302193103340491 0.00614431469881464 0.214594396883649 0.0780184161235328
0.0988136419581902 0.288657535372487 0.27408493440174 -0.215726592341015
0.21761189556174 -0.160349197852613 -0.133736775584641 -0.260386511695791
-0.182202774949294 -0.236425492628298 -0.154804872407312 0.196552126699188
-0.295202594121973 0.0961675563283075 0.181377402249379 0.167031457885995
-0.165418989461748 0.154303240354615 0.223339241959638 -0.202258818770053
-0.299848746331614 0.0559859820189069 -0.122688074063761 0.0107951067091958
-0.298124803980824 -0.201772154281013 0.079962517754885 -0.10110153244541
0.224159348986866 -0.288745222715797 0.185734723559151 0.083142365137149
0.196796837807493 0.338707967649994 -0.103238628348526 0.217714927968268
-0.363208825352896 0.147939836047405 -0.232757400041847 -0.0408707156379563
-0.139338648732816 -0.398156368638764 -0.0839489779401732 -0.117366217137769
0.168627690312024 -0.407690290111183 0.0791562830526948 -0.0914381864855407
0.127722813326801 -0.364962491450962 0.0776849078105377 -0.109973841376958
-0.152458326233983 -0.300697981659555 -0.0229899186831837 -0.0609422523287589
-0.233476338875727 0.0675095388289544 0.167129007069197 0.0878250513155366
0.0764930477433703 0.21335015931047 0.329457360803588 -0.225389177525787
0.112149806947946 -0.0534053108482969 -0.143495899435356 -0.328811240998041
-0.0795977188509149 -0.124976732872999 -0.176637224429529 0.1683614103648
-0.171396929185723 0.049862356058843 0.203752883699348 0.169849480012665
-0.118874413420712 0.0920699712486479 0.269997813398211 -0.274936273375695
-0.274835975486135 -0.00126279123082594 -0.00552123723525516 -0.00518526484548528
-0.176698176229693 -0.237752649717002 0.0849647699681671 -0.00994594694595828
0.240545430632276 -0.108597968437874 0.118544540277199 0.0337521249158495
-0.000560813675727256 0.318911006160933 -0.0668565868959502 0.156734995927312
-0.306323714871091 -0.00570606128538205 -0.211648021332562 -0.0554133109697161
-0.0145771353157727 -0.364573438743578 -0.0501780201426362 -0.206660022187019
0.194591769455765 -0.327882002356342 0.181481808813482 -0.216594142934991
0.0969874185970673 -0.302971071846817 0.120046597209006 -0.240212761609844
-0.142576075061709 -0.221830677150586 -0.0911802782327432 -0.146101944255871
-0.179077528526434 0.075306924598773 0.0724882260605857 0.109740623165003
0.0447050124736578 0.172497317251429 0.351085684769329 -0.130657665990132
0.0818147591190304 0.0219885940533005 -0.0755777348581914 -0.357659673822833
0.0109969746299899 -0.0897523214935009 -0.214044765850568 0.0943681284228583
-0.084775223635805 -0.0326784040813194 0.164552045296918 0.199893291907348
-0.0847853113068216 0.00982944221019883 0.284369550545042 -0.286455325939314
-0.179408793747424 -0.0418802247082416 0.0725177079716025 0.0109302211736798
-0.0622480625011534 -0.163053233490727 0.0255957683728105 0.0394744344534094
0.109916559315811 0.00514874475739046 0.112963242437387 -0.0559578122376388
-0.0780243320326904 0.143284485500589 -0.0367719323727977 0.158758083431028
-0.134742610981781 -0.0390110647403774 -0.207216107161201 -0.0835808364269264
0.023681683405059 -0.205260207890817 -0.00515955680440263 -0.266349267579538
0.127343426069526 -0.192403211360153 0.263151963898409 -0.303051711165302
0.0510714759102233 -0.190286594105879 0.147275237372479 -0.335274071758348
-0.0944658252268127 -0.133583138923669 -0.136263608850758 -0.213377532707171
-0.112896146512891 0.0496571832417605 -0.0476238300074762 0.12048167186415
0.0209743348544781 0.103464335876992 0.355759881321983 0.0145744667703324
0.0267366453490723 0.0406435743666037 0.0410800133748428 -0.360293459292909
0.0253810984851091 -0.0403763461499802 -0.23244382722481 -0.00343091444066194
-0.0399942875373387 -0.0615043373630828 0.107328355705221 0.232852010717263
-0.0630027414764003 -0.0410677422452909 0.291380250016798 -0.257581815203864
0.0332366798189711 0.0425650396223963 -0.293579653053208 0.218911689719901
0.0220165580949019 0.0430328388439086 -0.0677810369333982 -0.218806627732135
-0.00715340780863698 -0.00215133514990194 0.20567210927464 0.0491236177888968
0.0178567521176022 -0.0510100635345091 -0.102582311416358 0.306565684172738
0.0148628107814942 -0.0328293227505266 -0.318760967298801 -0.0961972985740849
0.0391119167941609 0.0137223875205093 0.0921058597138719 -0.107346684283241
0.0175616012123959 0.0426251617892945 0.137495282029363 0.251553777128505
0.00111017598003722 0.0441886458849785 -0.136590283794359 0.367137284792339
0.00649834015329366 0.0369180902548757 -0.255775174902956 0.368525069861889
0.0173938207465964 0.0237637263586623 0.0118718172908009 0.328665286325747
0.0171868560874781 -0.0286460414785239 0.24291848760516 0.0784625118138138
0.00429811271193411 -0.037448587798602 0.0126446753215117 -0.210200822486416
-0.0114414256799087 0.0224443477353224 -0.144830830163218 0.113137670014426
0.026716984945148 0.0671555151510737 0.0130650165229165 -0.0295366709983328
0.0513534804013952 0.0414469727064282 -0.105034792269227 -0.00895925835524785
5.40288430264102E-05 0.04298259124151 -0.293323963045131 0.199981748929988
-0.0123651901959396 0.0148073260467501 -0.030121383551471 -0.204630431485094
0.0225910930198901 -0.0585854480732792 0.218992560567856 0.0927683144255949
0.0812955164841159 -0.0347564942357072 -0.131800488686458 0.296332575074488
0.0190136728060056 0.0714436049269542 -0.282197007031393 -0.118816551011764
-0.0668666135959884 0.0169650153144374 0.105487780107873 -0.0606041064366904
-0.0298137578242103 -0.0793921528286463 0.108621201278687 0.266731016280983
0.0506120361179087 -0.106137220011209 -0.117267389232463 0.350528146730701
0.086590396469565 -0.138157396418927 -0.174423048077387 0.384067382385106
-0.0220117559133256 -0.145136669147231 0.109918320817536 0.310275225361163
-0.0991738901115128 -0.0305853470086786 0.256822851394468 -0.0105589850954019
-0.0139635636262957 0.0614181236898551 -0.0437865747140661 -0.192129084458948
0.0586262814150876 0.0059655590363773 -0.112749716742325 0.133948062032544
-0.0510869815284152 -0.00393659829251814 0.0195677029453008 -0.0172947082640052
-0.0692285009961316 0.0722156675271646 -0.0702791913676945 -0.0156348761822559
-0.0529030777514139 0.0596057765237887 -0.29602723697785 0.180752069624143
-0.0552679869551663 0.00380894798259357 -0.0126081572849686 -0.176896132456142
0.0518784751615926 -0.0969304172493487 0.240141281854263 0.108525816368668
0.12319971654286 0.0168601958806958 -0.118086613102841 0.317422744312872
-0.0208118667825991 0.146447864765957 -0.270305671995485 -0.0753797110996144
-0.152160616167118 -0.0325705921742943 0.0527361892726187 -0.0209984727222795
-0.0432423961514255 -0.203056029821463 0.0612983893597295 0.237700900011599
0.0896338614192752 -0.238202563910451 -0.0779891848267292 0.286856571918116
0.0781779562738863 -0.300182470866708 -0.0538454543620216 0.330031697659709
-0.17413477039977 -0.22486357201293 0.221961778432383 0.212135896184313
-0.178145049599798 0.149436751211643 0.227642938585114 -0.130687411088589
0.166633904336769 0.13201343495468 -0.0882525020710797 -0.166374810176338
0.0828658032236106 -0.16511225640145 -0.108543239535784 0.120124162470279
-0.200277165795797 -0.0312595054680199 0.0166591168033724 0.0438740079225441
-0.156264157507197 0.120295463040479 0.013028869223116 -0.0390477843503684
-0.137336732878326 0.0912033752066213 -0.282710496393579 0.140499240396654
-0.148765748449171 -0.00116901526179562 -0.0103179439706905 -0.158873744132307
0.054764957081239 -0.150886168252402 0.247483956018186 0.103582570847618
0.156008099415442 0.0778379166531314 -0.107775471300319 0.346529501915937
-0.0943818564970086 0.190488692640119 -0.293687641948297 -0.0332414602370034
-0.211169433899718 -0.127006004566203 -0.0182652096438461 -0.0175775058103447
-0.0120824531434557 -0.318285617467577 0.0230943977919055 0.166304806509939
0.116572604185093 -0.332416010773483 -0.0291554966716007 0.179145628955697
-0.01202787308554 -0.380307875223879 0.0269207313422361 0.204229123710074
-0.312547417105274 -0.127945242502158 0.243370014892622 0.103282897305439
-0.0287970372070548 0.335397158015178 0.203291476653244 -0.186738017056107
0.338149089755601 -0.0537526151630163 -0.11104366129961 -0.183695141643818
-0.0838983630076647 -0.321589199633953 -0.141956225804234 0.155923096227966
-0.325366323922584 0.0394705842166335 0.0858679328405177 0.130075590883941
-0.185492412115527 0.162025896555558 0.122832041266272 -0.107504953117919
-0.235456093495993 0.102032453428147 -0.226727864220169 0.0753211771687289
-0.278633232527056 -0.0683207033691461 0.0181409472965277 -0.150495138821949
0.0831070897843067 -0.272151207211362 0.233848542261347 0.0870144119103841
0.228574012581326 0.167449659454242 -0.113719127275408 0.311661634567277
-0.221104184393604 0.22592609431613 -0.283519830452646 -0.0340630327336877
-0.230551004231919 -0.269482953188157 -0.0680469579298868 -0.0464990438837353
0.068269672561202 -0.398103998249993 0.0211767513006076 0.0490777034698591
0.128620573432805 -0.376605289146191 0.0242510651567066 0.0383460965772616
-0.112965464547262 -0.364104514919908 0.0300546564270542 0.057190052168512
-0.301457293161656 0.0138204996861865 0.215033587876635 0.0707724736439214
0.107435729016413 0.284095840730969 0.267227546086624 -0.222130116799308
0.211607700322577 -0.166407638182975 -0.141030967741396 -0.256369301321327
-0.189215177375602 -0.230488730077622 -0.148422478007053 0.199508970908979
-0.290998905959517 0.104496343009206 0.185043493733625 0.159955783085647
-0.160450315307471 0.160273494263173 0.21420823509072 -0.208584964011985
-0.29493422937892 0.0665611280193778 -0.121736041021225 0.0148312266888263
-0.30268765115025 -0.191638970793265 0.0778307960801104 -0.101943826677268
0.213989045086964 -0.294122211375128 0.187401936075658 0.0796334542198881
0.205486458395049 0.332062128162025 -0.0963837116749625 0.221741494847447
-0.358745373504642 0.157518001064995 -0.233370872264639 -0.0350080862771136
-0.15013630154051 -0.394055840014411 -0.0848743107724345 -0.11366325852676
0.157321761387871 -0.409087330704327 0.0765456244577907 -0.0937198263184618
0.11819694106169 -0.365929913137185 0.074983755257455 -0.110647113741698
-0.160024964949497 -0.296778449682493 -0.0255393933050432 -0.0601213471661322
-0.23039065698506 0.0728778143128456 0.167557215892211 0.0819500142329379
0.0827030725028846 0.210245344469944 0.320580365305675 -0.233016223993549
0.110336810573332 -0.0563586378918021 -0.153384340370361 -0.32371986072771
-0.0831092558494609 -0.12301450715264 -0.169988390175342 0.173135884375143
-0.169960635068376 0.0547492406988195 0.209428165487869 0.162544257954162
-0.116745038893414 0.0944125285189572 0.2594620314594 -0.283139584051138
-0.273452637562057 0.00693294668193535 -0.00532596629868254 -0.00490256489938477
-0.184042268677264 -0.231695072141178 0.0857795437482841 -0.0112041790386448
0.236650452908328 -0.115115818264678 0.118566268707344 0.031656699147789
0.0107112378893269 0.318576245608649 -0.0611898791468261 0.159555033583305
-0.3041973816046 0.0018875350115893 -0.212843415895859 -0.0490360923908847
-0.0236692893945529 -0.36200491581108 -0.052854692282947 -0.20320086866243
0.184302749120987 -0.329976352838039 0.174864162138543 -0.220636886337321
0.087439616645546 -0.303434386153359 0.114139362606646 -0.242873776174393
-0.148619565135547 -0.21605144988138 -0.0946622485319102 -0.14297581357897
-0.175134758514822 0.0795117987071053 0.0724926035613114 0.105597120224101
0.0505725387431277 0.17028841242226 0.34486659859969 -0.139126721978854
0.0818805909883136 0.019154138784563 -0.0847144071092263 -0.353599587313544
0.00824873139920012 -0.089928858245922 -0.210378620323994 0.0988796502940748
-0.0873170522039702 -0.0308181625266274 0.170171155502146 0.194382883541195
-0.0847892101281075 0.011185441982759 0.272865459369013 -0.295082885233463
-0.18118910145392 -0.034940601476647 0.0739756510757147 0.00735618008643193
-0.0670929948229687 -0.161713743823393 0.0286504405420306 0.0385209104116386
0.109581716160794 0.00302791037570421 0.110349840915794 -0.0573350408069959
-0.0730559153074195 0.143824832192185 -0.0321815729734468 0.161161939977168
-0.135482532274862 -0.0358499614123884 -0.209714125695427 -0.0771431788480697
0.0187231623246795 -0.205076565786266 -0.00988437805049897 -0.265580660811599
0.122494173172611 -0.19492940886295 0.255265181773774 -0.308130899986936
0.0454027061794443 -0.191426657071646 0.140508769839895 -0.336609992025988
-0.0984828003100117 -0.128918827407916 -0.140902725436893 -0.207551678976983
-0.110502680145058 0.052602398097027 -0.0479844118364038 0.120248634008266
0.0235442715600363 0.101518117352907 0.354285511825144 0.00614088090954336
0.0288085545250554 0.0392470670778081 0.0297606781811293 -0.360243844507023
0.0231065711285599 -0.0411704490466099 -0.231622158345591 0.00223219382155416
-0.0423889967820836 -0.0599580513877733 0.114122758290775 0.22726089324277
-0.064369142376786 -0.0396521492728821 0.281312020164026 -0.265140200412902
0.0258379029843651 0.0452818820225426 -0.316721667401885 0.178556355158558
0.0179676541191806 0.0428197684373305 -0.0415340945135246 -0.22252763662269
-0.00623430987974937 -0.000946084413194144 0.194695896896412 0.0729703149717806
0.0226826185174242 -0.0478437007199329 -0.141035108142778 0.288880962773526
0.0173651638037275 -0.0303651217704388 -0.301612716428059 -0.135069791484481
0.0374249646524623 0.0191048688531883 0.106325738886308 -0.0904028392776774
0.0119090032185823 0.0458234409179167 0.104178146147578 0.263721369780059
-0.00454849701094789 0.0438193377592926 -0.184245501033984 0.34187415862465
0.0017615651162877 0.0342773100458821 -0.300230248903496 0.328068825775152
0.0144209287506737 0.0243895301597618 -0.0321615332357531 0.323752114981975
0.0185402882397546 -0.0258421143729953 0.23111407539832 0.109530454496407
0.00864340038464736 -0.0335487666252547 0.0386743488149612 -0.206818879338904
-0.0115205214240743 0.0206840675431219 -0.157013894752407 0.0931004916112614
0.0185019947099979 0.0699480690653666 0.0154725052409571 -0.0279300456955247
0.0459822212312102 0.047336940538086 -0.103997323853354 -0.0235043474685265
-0.00538255188030878 0.0416412915660447 -0.315040928907739 0.159465678755614
-0.0117243371462731 0.0118422660888253 -0.00426845551214645 -0.203107313032592
0.0288887206880879 -0.0539210037469198 0.204254166149318 0.119992191524743
0.0833730094244475 -0.0246330959024247 -0.16754283617829 0.276041487146581
0.0103720721884291 0.0716924543812827 -0.263363286690064 -0.153107953919379
-0.0673842695334027 0.00971654437461286 0.113752276699499 -0.0444194817364528
-0.0183989093803475 -0.0797529692974057 0.0748792503134152 0.27717493901721
0.0627969570269432 -0.0973055061786454 -0.161994336510832 0.328023056875048
0.103218708372241 -0.123922664659478 -0.21948970512687 0.35070501217596
-0.00266233840973442 -0.146881328186755 0.0676071692532175 0.319054278716181
-0.0950471755208111 -0.0419551998112684 0.255820071372581 0.0229051641114702
-0.0213402757867075 0.060416560537371 -0.0191579292201005 -0.197311052594501
0.058676102656497 0.0125729908100773 -0.127779009656389 0.117750030139266
-0.0488247316813996 -0.00906834163587546 0.02006062019583 -0.0156417848378313
-0.0751300463918221 0.0627363873819584 -0.068631911344041 -0.0249062019229436
-0.0613653351497971 0.0507544915810928 -0.314223388776689 0.139094166877008
-0.0537731345895827 -0.00410304805158622 0.0108064654354624 -0.175161097578923
0.0618136784415788 -0.0875849764670327 0.222635763512685 0.137761606703463
0.117438850261018 0.0310114636051717 -0.156232124661741 0.297587033032289
-0.0372308549711449 0.141102684441605 -0.258495121075913 -0.108875947256985
-0.144581004448238 -0.0498240637754559 0.0575882976161188 -0.0125058076376766
-0.0168930083679009 -0.203243428308291 0.0324303418552858 0.242254785102188
0.118051802699578 -0.221325937886875 -0.114733194729125 0.270251323867379
0.116473393119223 -0.283947337788696 -0.0944104986692001 0.31469865852022
-0.14345290548364 -0.245271576329509 0.190960445671561 0.237551903101697
-0.195781843168601 0.12334598390964 0.242885527648719 -0.100007380486687
0.146371649460711 0.152258212208132 -0.0668253885816387 -0.176073390634578
0.103661056944674 -0.150626558076555 -0.122154984938153 0.104257953113022
-0.191774341195612 -0.0544060789823132 0.00980836118866922 0.0440634881412912
-0.167308297070761 0.0984809328631148 0.0166995887018855 -0.0377549175601724
-0.146099742399101 0.0716430375129852 -0.296000969312663 0.101201718106425
-0.142709386929824 -0.0198118338585656 0.0119749463085535 -0.157741230959371
0.0716167199825625 -0.141880341628959 0.230735368042888 0.134713109216978
0.142357308625234 0.0944624095933273 -0.150947467828158 0.328316037185592
-0.116036971941096 0.174859198018757 -0.287233943174632 -0.07179435393586
-0.190910336388279 -0.151255320144516 -0.0123303881554719 -0.0184414690695873
0.0282808014213003 -0.310421309013554 0.00475318185139157 0.166612198108611
0.157121454943452 -0.307178079294409 -0.0511766584398409 0.169917990928611
0.0379123548055624 -0.374637040501466 0.00180593987161926 0.202090547087946
-0.291152002788488 -0.165303443228396 0.226332397253346 0.132016966200164
-0.0714192395251329 0.324745963800229 0.225489991194209 -0.157019782213066
0.338276299291645 -0.00757431478432028 -0.0873173382931062 -0.195203863212344
-0.0390526193299339 -0.325944454663337 -0.158212390771834 0.136903873301684
-0.323449000674581 -0.00232792990576283 0.0688088666184109 0.138021116738599
-0.202907845516529 0.137415449334305 0.133370223508068 -0.0909450758687429
-0.244057986694495 0.0723195937430939 -0.233380061930074 0.0427990720839397
-0.263234259887933 -0.100634898120675 0.0408477955870361 -0.148027390640805
0.112026837962454 -0.256183345718524 0.220576241197609 0.118029084062568
0.204584723579722 0.190554154382204 -0.152294684497067 0.293156345974634
-0.242941219781825 0.194259507926699 -0.275366975809453 -0.0723905553923641
-0.190930206167615 -0.291158400328656 -0.0564460098967637 -0.0531082998914825
0.118791870139275 -0.379332205909837 0.0170238511410912 0.0528863556339105
0.172510920275144 -0.35088071824324 0.0203914503199886 0.0403661299537026
-0.0605561250354059 -0.370685757140962 0.0225801699426051 0.0590912339863805
-0.2957959600804 -0.0264764801355699 0.202819513539081 0.095193326422176
0.0679863203501612 0.292871490586603 0.292764202567638 -0.185013813333256
0.229800057449567 -0.133982887534779 -0.10823782148501 -0.271169690838221
-0.153108226654995 -0.24991249851435 -0.170164866501468 0.177925558590995
-0.300215738916387 0.0640811822391714 0.162738460041858 0.179096530527696
-0.179800149981357 0.138065743993011 0.235549435313838 -0.180171812757006
-0.298705533933523 0.0318775180078543 -0.121386703334323 -0.00439220680145616
-0.273733315083588 -0.222724579628311 0.0944339249944831 -0.0924651646934537
0.242722813363601 -0.26400449183348 0.175178738205235 0.107743244670793
0.162783013199077 0.349298186148205 -0.12557815222735 0.206269929518193
-0.369502210379891 0.11011644084594 -0.225978191634735 -0.0676361088539426
-0.0970815531974475 -0.403642299821698 -0.063164895841376 -0.120264240367519
0.207701423679773 -0.380557539566859 0.0891938388929703 -0.0797546677995196
0.162190074654801 -0.342190296983527 0.0877630020793526 -0.0988202033668239
-0.117607204679002 -0.308597218485245 -0.0178972373959304 -0.0620788638025633
-0.235233257569455 0.0402229610963747 0.15323845014049 0.100407873533838
0.0523698539182491 0.217367247989451 0.345447012464825 -0.18874323071584
0.115328749425958 -0.0378157480950905 -0.111644868007052 -0.338549355655823
-0.0632346605221609 -0.131660318550377 -0.187888540056811 0.148746362520718
-0.175611718742344 0.0296873281305291 0.18810136346547 0.184771278011055
-0.129038007081028 0.0801103170379429 0.28984003427144 -0.24548722720066
-0.270658441082288 -0.0225975845418933 -0.003137894427373 -0.00782825442927669
-0.153805190523732 -0.248387163273028 0.0908499741094723 -6.2969054215451E-06
0.24520351240474 -0.0845751427122736 0.111093630952123 0.0511363352948868
-0.0276921618374461 0.312117180491829 -0.0832042544264537 0.147584361416966
-0.300916110140762 -0.0349454001409803 -0.202693672967091 -0.0786534749699507
0.0238676252221245 -0.35794287739889 -0.0203282941875632 -0.204335623095923
0.223198162052875 -0.298270658664448 0.202740185068735 -0.189895935299432
0.122997094243116 -0.285419070046924 0.145052255634913 -0.22317516813006
-0.115900924920055 -0.229705627462742 -0.0740657432409103 -0.151994272696273
-0.180520818020158 0.0548961693868588 0.0560595131149528 0.111191017881746
0.0256898028244549 0.173134729740135 0.356638213972161 -0.092558708433342
0.0777117328407647 0.0313177008441754 -0.0416812685417597 -0.361306069781717
0.0205674831125416 -0.0865303578893296 -0.218781304657272 0.0709353170534863
-0.0834449815303617 -0.0435277391322098 0.145326392408124 0.211558604700755
-0.0895917162656941 0.00309453365437993 0.304366394142511 -0.257423429184884
-0.173857645515408 -0.0532370949928838 0.0737123948784406 0.0153883490116839
-0.0478282157568244 -0.16697473064469 0.0282460372959481 0.0429613006252259
0.107026927208866 0.0158277929439172 0.113762533684952 -0.0395822396814602
-0.0888109151955059 0.133128164416775 -0.0517157664804947 0.153793878837039
-0.129127184014714 -0.0520714380545797 -0.196362221360335 -0.103926036139528
0.0439559594178456 -0.196589145350712 0.0289235527303119 -0.259782170923727
0.145593768120023 -0.174259726046058 0.291255538402365 -0.266243718877748
0.067902435979189 -0.181446372013984 0.181394417691245 -0.312304992305314
-0.0778791132674892 -0.137326410778665 -0.111702992153612 -0.220200082401388
-0.113042682652679 0.0356399827688357 -0.0657159225605751 0.11083499511205
0.00785550606764972 0.102835788612344 0.347611822968403 0.0517155685691871
0.0211153670014934 0.0451015566665669 0.0759143669943834 -0.351577597591237
0.0296661235265234 -0.0352362710614949 -0.229441829113151 -0.0277282381589478
-0.0359455242121406 -0.0659662055307818 0.0860136101985968 0.238941696176628
-0.0628495210983206 -0.0446914115089668 0.311083060203176 -0.227116249192962
0.0265713872493385 0.0445404309861249 -0.310500093942076 0.182696457474655
0.0182532503782586 0.042329349136228 -0.0441112836223887 -0.218120996138463
-0.00538597657878902 0.000214182385389363 0.1932488757934 0.0704672555749227
0.0223076593863967 -0.0470199916945662 -0.133775304805259 0.287793386353965
0.0168532672618827 -0.0294008583674515 -0.299301043479273 -0.129062591635994
0.0372721807040421 0.0188166614751033 0.105492811741336 -0.0883223195216209
0.0130932508652359 0.0453229120380049 0.106565754757542 0.256948885530414
-0.00292859523426471 0.0438900848014834 -0.178195429735669 0.337718744548827
0.00292680614586422 0.0346829291085345 -0.294877972952994 0.324472839984048
0.0148973524452939 0.0246119805512632 -0.0289810724305789 0.320457554062845
0.018017712919476 -0.0260655475170675 0.230077028502841 0.10298365921371
0.00754587344128447 -0.0329843298403616 0.0347189534066522 -0.205357242753855
-0.0108932577813053 0.0204116645631061 -0.153284973942774 0.0937637026292977
0.0199058443632714 0.0679763257060691 0.0143415934859435 -0.0272947806127886
0.0458631165963968 0.0463498997041655 -0.105565157510256 -0.0212028070309556
-0.00586534571109095 0.0411078681517003 -0.308360764247279 0.163623207694457
-0.0117812599424405 0.0110159754229597 -0.00807079491934714 -0.200051819280816
0.0274397902003429 -0.0535292950532336 0.201541363408573 0.114869963725726
0.0822612481064096 -0.0253966000205635 -0.161237180047352 0.275883200898097
0.0121911093998918 0.0714713577882636 -0.2625814111536 -0.14775865113959
-0.0652589482376174 0.0112318880976741 0.113365693466684 -0.0434818102949683
-0.0194866358371321 -0.0781303819997726 0.0783630884716722 0.269306571827754
0.061353996529845 -0.0958808687301767 -0.158231495384982 0.324129760568831
0.101282617529896 -0.124058263521908 -0.21458816009553 0.346309519782026
-0.0054037682324145 -0.144490133488904 0.0700726190627668 0.314450677229088
-0.0941863763010261 -0.0395629438875761 0.253201340184905 0.0183772452752332
-0.020138591232491 0.0602111252221116 -0.0221313943129951 -0.194403286638586
0.0586362091347851 0.0120588212876704 -0.124195452571521 0.118447612421808
-0.0484398580119805 -0.00776290661232886 0.0186663244002715 -0.0151611599821624
-0.0727711942150387 0.0634217513784469 -0.0696890943931268 -0.0244120303732723
-0.0589789357977515 0.0515723215185627 -0.307551447003184 0.144792363491834
-0.052679123052472 -0.00363278195893516 0.00787766940172935 -0.172219098066518
0.0589064125272474 -0.0880290573575667 0.22184813983802 0.133026062300035
0.118137168273411 0.0289843919352919 -0.148254161972626 0.296472247462547
-0.034972132461479 0.140048862245296 -0.256409101858503 -0.104979015142883
-0.143117262028187 -0.0472092752903882 0.0580488826109896 -0.0109151728304994
-0.0186826448297737 -0.198295453046254 0.0368904262894619 0.237387063997621
0.11398830902476 -0.217424014188568 -0.110590510623862 0.265640066957848
0.111265747533194 -0.281137622586007 -0.0903831035901247 0.309381069803255
-0.145045255805789 -0.23920460989392 0.190861346088417 0.231913088439138
-0.191931334875935 0.124540383637555 0.239166048134009 -0.102928849809752
0.147589946839852 0.1481378591939 -0.0689560295277804 -0.173942792976683
0.100525529168087 -0.150311065108295 -0.118554554158454 0.104057264713049
-0.190591700311731 -0.0500122877046658 0.00962906894892831 0.0431547021365699
-0.164395750041982 0.10058295775063 0.0145400443877042 -0.0383710045346676
-0.143247940116695 0.0739528977727161 -0.290146699706779 0.106839264380264
-0.141315942336757 -0.0170683169399494 0.00996648675613007 -0.15429668884126
0.0675935347736689 -0.141135415877965 0.229979390262431 0.130678250814166
0.142795254800659 0.0904898084981166 -0.14278578395724 0.32765633012835
-0.113020356822445 0.174028634989087 -0.283945945234809 -0.0662770743349323
-0.190037200723473 -0.146085153094298 -0.0109440336970429 -0.01609687289646
0.0254826740289867 -0.304841733792328 0.00822238908532385 0.16241374261087
0.14919197318258 -0.304941630688861 -0.048428115673451 0.166583683585198
0.0338379064331916 -0.370262536745279 0.00302531815104653 0.198983704882857
-0.289936181614607 -0.159608820313885 0.224327880747454 0.126788927939449
-0.065620057527018 0.321354733146714 0.221371322546821 -0.159107362407537
0.334264396684438 -0.0142465265250762 -0.0894458230005571 -0.192807847052411
-0.0447005919167373 -0.32099283152131 -0.154707613582171 0.136449329700133
-0.318976821391131 0.00397421526000101 0.0691719344411291 0.134655315998825
-0.198363589022361 0.13921161526281 0.128036606551686 -0.0936472658620501
-0.23786465150665 0.0759577920549993 -0.228790087822493 0.047791650023455
-0.260978138805024 -0.0938729776536608 0.038615612601346 -0.145457392633734
0.105648338990772 -0.255326693240285 0.219786287229815 0.114454134991927
0.204438010998371 0.184218740947799 -0.144769372370886 0.291935787423382
-0.237659141397648 0.193058615533921 -0.273711399201761 -0.0667320770657949
-0.19235650866788 -0.28338534605942 -0.0548906599196773 -0.0504739644633284
0.113970563970194 -0.375870541277988 0.0185894003512468 0.0511477218039099
0.166849152935829 -0.345611277729762 0.0202365363492967 0.0380692852067598
-0.0655983136685867 -0.365367093053574 0.0235443889481785 0.0582650675809987
-0.293256664472684 -0.0238994293609404 0.201222263647516 0.0894775301425214
0.0713011144138628 0.286822992634595 0.284748460356172 -0.187462976392529
0.224467066892749 -0.137312802489693 -0.112154939734828 -0.26724031209089
-0.155178174141806 -0.244208014746327 -0.164338621871876 0.177520618311021
-0.294522679818005 0.0692160350157477 0.164508781665982 0.174269321211417
-0.174725599366474 0.138868750254311 0.227235074656633 -0.181569275505619
-0.293150198783525 0.0365318071055679 -0.119538369982731 -0.000368251794328351
-0.274780081273846 -0.216503534395938 0.0926990194983638 -0.0920133167521121
0.236598931975183 -0.265085616895716 0.175134984014699 0.105647970409425
0.1688846640162 0.342941686488591 -0.120621383128952 0.20572419979128
-0.364460637352149 0.113526413141067 -0.225567848775289 -0.0632080827003238
-0.0996827358462792 -0.397547555331719 -0.0636797916079932 -0.117361787120101
0.199400852417346 -0.376176056632724 0.0871079360827876 -0.0801586618167541
0.154452772054699 -0.339721215052031 0.0866788811461128 -0.0993081850784753
-0.119562989965295 -0.303732591230243 -0.0181337237233987 -0.0605736101638199
-0.230207105838531 0.042564188201665 0.151993035996461 0.0953006899449599
0.0563065555437336 0.213375303183753 0.337317858501994 -0.191638129869099
0.113653107855091 -0.0401799680835716 -0.116520973572763 -0.332389603401172
-0.0649348004014851 -0.128120166909169 -0.183789215379974 0.149297987830175
-0.172748377617381 0.0319455213362238 0.188699281908843 0.178991588982034
-0.127253178308198 0.0802799902870023 0.280102817620993 -0.249431772627338
-0.267145854066235 -0.0163904364588433 -0.00347693563911628 -0.0081728097124311
-0.155877181949881 -0.242018200510285 0.0904451084146168 -0.00137595116881867
0.240281787217189 -0.0883179328313042 0.110594721550938 0.0505128222656276
-0.0213230057917985 0.309733120812687 -0.0781226796966294 0.147484078026544
-0.296064727315443 -0.0310220041635508 -0.202540643925459 -0.074837527840487
0.0188279984499723 -0.352535094306764 -0.0211821148594857 -0.201109016191442
0.217335946168338 -0.297831042233095 0.197484027130934 -0.189384736298468
0.11812080120215 -0.282621798038157 0.140876544095566 -0.220602494903793
-0.119091563784731 -0.224206327356595 -0.0749589847311315 -0.147744628887437
-0.176925251570504 0.0555532385355096 0.0542807844988745 0.107294436934398
0.028887248613815 0.170200360461533 0.348874151812902 -0.0964909410245485
0.0780844645459413 0.0299476483419158 -0.0447471671879886 -0.35541660754632
0.019362313332421 -0.0853238530873565 -0.215165704478436 0.0736493960355396
-0.084055154814644 -0.0420157702647215 0.14774015232161 0.204849422728382
-0.09015842584237 0.00410855278242363 0.297666482618427 -0.260281477235865
-0.172060073471386 -0.0488915742604946 0.0729815284792396 0.014703364722579
-0.0510554541942528 -0.164163193956068 0.0293144635000312 0.0418353570975407
0.106119640939077 0.0143755623592061 0.111622117439775 -0.0386489050226112
-0.0858342175559121 0.13274204487557 -0.0474014422230018 0.153935941262053
-0.128335483581527 -0.0494567104257409 -0.195445679973716 -0.099758466052297
0.0418052311905754 -0.195072602226254 0.0273098766318861 -0.256843135419994
0.142128407722772 -0.173727889793278 0.285198604587139 -0.26523699138159
0.0624011857285315 -0.180124438195809 0.176071313369392 -0.310336459037743
-0.079602486759181 -0.134125627453411 -0.110607917433871 -0.216076877590137
-0.110229009987155 0.0362030459972611 -0.0666376433665373 0.11015564254308
0.00904436767729188 0.100868253245779 0.342380706694495 0.0469194606872231
0.0218034374876481 0.0436538224480245 0.0690454547074787 -0.347566186449251
0.0280197474565375 -0.0354044734277591 -0.226310433820398 -0.0232935740696932
-0.0373576482464799 -0.0645768581379896 0.0898673016594985 0.232235728115276
-0.064685066950436 -0.0443393380492593 0.303102889177918 -0.22973768214185
0.0277616054580071 0.0444890618717187 -0.305483664598243 0.184050670763829
0.0180463713319942 0.0414979992175601 -0.0454708353414498 -0.21602804464115
-0.00599735534737804 0.000188470615746703 0.192018832505769 0.0698438684467551
0.0220652320209839 -0.0464822822940015 -0.132583005123161 0.287208432871342
0.0170932394318694 -0.0293255896310218 -0.297753251988747 -0.129769097613538
0.0375838700039516 0.0184313367295951 0.108606914399472 -0.0869079749138043
0.014184699299275 0.0454777500348804 0.107379362281646 0.254616229295248
-0.00307482300557883 0.0439761481444437 -0.177786027862286 0.33513379110113
0.00274012761769813 0.0337034103338832 -0.296264870873879 0.319831821036838
0.0148533308332923 0.0257015056969272 -0.0285383264627467 0.318533872735393
0.0175970586270522 -0.0244961835030253 0.230219669776662 0.101582839036932
0.0072829925579202 -0.0335648510502751 0.0342696652924622 -0.204751256017624
-0.00985924115257218 0.0209066138254955 -0.152755184492139 0.0935470515020552
0.0204264888493998 0.0677628449966475 0.0146080763127078 -0.0280303773997615
0.0468404606355131 0.0466896268953762 -0.105715234039856 -0.0209328452368333
-0.00521148463482722 0.0412981343981786 -0.304642202909914 0.164577574389824
-0.012184747742458 0.0110211467636832 -0.00883742052196414 -0.198395428591003
0.0264638745515821 -0.0531589685183924 0.200409308592513 0.114175579713098
0.0810747122267103 -0.0256805934663047 -0.158171997134758 0.274150915751045
0.0126563463208907 0.071683810662163 -0.259553713279833 -0.146199315015209
-0.0644575988270611 0.0120586878393028 0.115091966743922 -0.0409286013622784
-0.0184301525329744 -0.0779668253835057 0.0798653701877252 0.26766108679247
0.0610646067062311 -0.0944544880709135 -0.159386464510337 0.31963772701056
0.102014068619857 -0.122651748118048 -0.216891719018437 0.341099384285782
-0.00569031150877622 -0.142110456569378 0.0690056675882088 0.313067275642811
-0.0942398088985403 -0.0396639728697633 0.251816981417555 0.0167182765004902
-0.0195589648635979 0.0601139691365838 -0.0226771428165475 -0.193964923073623
0.059030943143861 0.0118206665094604 -0.123002391109509 0.117133052054151
-0.0470971422471929 -0.00734092637041377 0.0181417784259568 -0.0146235559900613
-0.0725409942631306 0.0633362018569811 -0.0706498911294853 -0.024361756010776
-0.0591819233605458 0.0510749159839865 -0.30281631682791 0.14663100626982
-0.0520016540239402 -0.00454322163210993 0.00781959669847901 -0.170640865599544
0.0587690201870221 -0.0877414295823719 0.220041172700657 0.132234732972644
0.117439173102962 0.0288849456887939 -0.14654498106232 0.295637476866735
-0.0344117785494611 0.138990300221193 -0.253438331210899 -0.103662586191262
-0.141922628932022 -0.0464652226708102 0.0592643556084198 -0.0092735147713188
-0.0174645395133346 -0.198028171252811 0.0376160590456111 0.235486462397288
0.113966230697295 -0.215333353265329 -0.112118288194294 0.261313567544355
0.111204405802187 -0.27893857422363 -0.0917000975782727 0.304772259824823
-0.14443066207589 -0.23816206774569 0.187835423060122 0.228488958283337
-0.190904649023735 0.123851283934924 0.238610659931385 -0.101240973430258
0.147245087472788 0.147163392892391 -0.0682452123291932 -0.173684245182375
0.100484140634154 -0.15059741737876 -0.117576233697542 0.104223753671233
-0.189304058500354 -0.0484642004273561 0.00873995592927252 0.0434410844785973
-0.16173572617886 0.101819754469831 0.013029201333597 -0.0385531527188898
-0.142768120602373 0.0741457650973701 -0.287725739452234 0.109033416517171
-0.139374448294707 -0.0180876189761451 0.00945419752701034 -0.153487434683982
0.0659614636436294 -0.141348485397332 0.227927461614804 0.130047952017229
0.141108461280897 0.0897415187955316 -0.14030392354874 0.32552837635425
-0.110421036929476 0.172401685667985 -0.282434408874118 -0.0642698142454765
-0.188434552439574 -0.144925481251877 -0.00974839071477343 -0.0137210322520404
0.0273596293085606 -0.303210966499429 0.00882235954143613 0.161664690301061
0.150184194146733 -0.300966885596508 -0.0498508216685413 0.164360954724931
0.0339665207557031 -0.368638028035329 0.00336671613874137 0.195233147725095
-0.288883185859815 -0.16064553520146 0.222456498422782 0.125674833272805
-0.0659796037689756 0.320073156945165 0.22149923930864 -0.156552093012713
0.332325244154206 -0.0155953106770333 -0.0891283026639152 -0.191914315950654
-0.0454940640225879 -0.320239283609328 -0.153192844950544 0.135568657466464
-0.317225820773266 0.00501623528545739 0.0689541817220523 0.134034521131499
-0.196667329441089 0.139424147641623 0.126831230266437 -0.093789162782587
-0.238431936397443 0.0773035065117001 -0.226179478509834 0.0506515554870939
-0.259176377354999 -0.0917128456947852 0.0379487032309739 -0.144509264028835
0.103856440692855 -0.255322929188522 0.218544488920892 0.114698481537334
0.203203307231057 0.182879302133085 -0.141958260933053 0.291649501471776
-0.235883688137546 0.191267455127732 -0.271968349286816 -0.0653742116592986
-0.190703590604972 -0.28219249678068 -0.0540105182133403 -0.0489997730349848
0.112881541595447 -0.37266669460931 0.0188175437635594 0.0503924997189061
0.166405598280818 -0.342865638816194 0.0192683682970058 0.0383440024271412
-0.0636096630082092 -0.363907608787568 0.0231640498148909 0.0576441756654166
-0.290801032858781 -0.0240621656286184 0.198737919986874 0.0891386679135275
0.0730420336636073 0.284418372240428 0.283275116090883 -0.185669291580618
0.221592168884829 -0.137416961965353 -0.111913753725985 -0.265609455770027
-0.156041198500596 -0.243302203393938 -0.162928273035249 0.175570360927129
-0.29320475210289 0.0702315502161485 0.163636106850095 0.172262183467404
-0.174418602830554 0.138692231178662 0.22432273613915 -0.182688353134957
-0.292083812441719 0.0375941403077927 -0.118368379889605 0.00128699918412912
-0.275086088836298 -0.212360505206152 0.0926661100282407 -0.090453871522438
0.233848496176836 -0.264540266789152 0.173738169038373 0.105661894081584
0.168113516328404 0.340149059811832 -0.118129755777303 0.204986492344076
-0.360844390414785 0.112491454511902 -0.223918117910617 -0.0615284164730278
-0.0999267593008124 -0.393537824350271 -0.0620057851680322 -0.116234258337874
0.197953873112831 -0.372886870987956 0.0872983553835584 -0.0786139794766288
0.154898243952365 -0.33668528260669 0.0861655045252452 -0.0977519389314463
-0.119479535838277 -0.30240449132628 -0.0178846537868342 -0.0603155884566752
-0.228999654991105 0.0414745704238251 0.149800945416558 0.0934208288869814
0.0570006144037855 0.211585012578299 0.333452809973055 -0.190720344102882
0.112930421371771 -0.039898349044358 -0.116666907459403 -0.329903787663276
-0.0651503840520491 -0.127519989842418 -0.182061342546675 0.149057806677807
-0.171475347869383 0.0324722459929779 0.188773106109215 0.17587976547839
-0.126922574090186 0.0801946330160968 0.276729381864757 -0.250063973109037
-0.266674857937214 -0.0147704079530902 -0.00248562591400675 -0.0059838608498909
-0.156640841155305 -0.240186779345324 0.0918886147934537 -0.00119130627840672
0.238276940785301 -0.088136840333606 0.109696785866032 0.051050176663739
-0.020624268042001 0.308004221558362 -0.0758742559435819 0.148090220610903
-0.294821001546573 -0.0313981278478938 -0.200894727898135 -0.0738845874571722
0.0190671224371975 -0.349391080294404 -0.0191208947246453 -0.199821239052456
0.216899230268779 -0.293873581687255 0.197437018242806 -0.18714428303576
0.116260171369966 -0.280093560186727 0.140829385092473 -0.219925739756505
-0.118093681538555 -0.222208922680697 -0.0743517080153824 -0.146396096226867
-0.175542232442297 0.0541933584136023 0.0510103282230976 0.105273269660783
0.0295500077160011 0.169515399773834 0.346549680528267 -0.0954957362662263
0.0780590560864445 0.0291810498781028 -0.0465822849741561 -0.353122350068701
0.0185605936937931 -0.0852639898786945 -0.212991492926273 0.073746049133654
-0.0836199458356474 -0.041193451127105 0.148673443401506 0.203008569048972
-0.0907207893292413 0.00297405310934826 0.294591686689105 -0.260679196198689
-0.172435249420838 -0.047593510298825 0.0724798375306931 0.0147227947029236
-0.0522282117499948 -0.162875259189406 0.0301918525393311 0.041462563972759
0.105754266389899 0.01619386400538 0.109781748842467 -0.0364695683028687
-0.08501375468715 0.132334878622763 -0.0450910479525683 0.15270391485453
-0.12770897846957 -0.0513813645188771 -0.193832457946197 -0.0988924022285255
0.04257109636174 -0.192320891475569 0.0297433765809544 -0.255311047133343
0.142355756618326 -0.172885662184549 0.285116414750742 -0.262557756685054
0.0604063846681434 -0.178311392871588 0.176064165006911 -0.307114571999439
-0.07914422834906 -0.132599786068213 -0.108648387357688 -0.213799835186758
-0.109450475165317 0.0347819797304125 -0.0699634579410453 0.108755214280423
0.00859575461734129 0.0998767778258155 0.339764751562174 0.046406384565134
0.022074521683786 0.0432377355307862 0.0679749612109545 -0.345428392663469
0.0271020327857036 -0.0361931547245321 -0.224214193511289 -0.0231536569207718
-0.0375800435508561 -0.0642791218899594 0.0898623474089356 0.230565823283288
-0.0662931242753952 -0.0451829026016867 0.300892684164142 -0.229992069734993
0.0282942520776594 0.0445368542375966 -0.305695994780939 0.188258417120821
0.0181429024910145 0.0422436027229901 -0.047699483556439 -0.216826305656173
-0.00556743602670381 0.00128649552642129 0.191800157194161 0.0705313163938191
0.021292697755237 -0.0477237190818413 -0.130607914237794 0.290917823809935
0.0170817365226901 -0.0288225040099504 -0.299971803631437 -0.129557874346587
0.0376737264098959 0.0195258959320058 0.111975182746643 -0.0874043042703183
0.014930935111659 0.045787561199479 0.108866276163835 0.255025767254637
-0.00228693518341307 0.0452403266228759 -0.180746185577018 0.336577832156682
0.0035430374036389 0.0345573618776728 -0.300109670753957 0.321255057506697
0.0147565754069244 0.0267839091812817 -0.0283039729276243 0.320131800984027
0.0176322523970693 -0.0242467005760679 0.231610976330568 0.102520160096169
0.00759205008568777 -0.0339173772629342 0.0344835417460367 -0.207398761372335
-0.00924312454996686 0.0206432592730238 -0.153447469982273 0.0937883961885324
0.0215456659013477 0.0682486018061912 0.0139748216925951 -0.0277039726973099
0.0466901125417288 0.0466010926802523 -0.108101441353286 -0.0206929017774705
-0.00453054201815603 0.0414964635722824 -0.305403011913587 0.169571750369162
-0.0121632231059513 0.0110923432110706 -0.0114034932614066 -0.198916930016163
0.0264107939765359 -0.0530678036767557 0.201779779206896 0.115620178698327
0.0822964167307583 -0.0264445495924624 -0.15757792186187 0.278697498254961
0.0130272394101211 0.0727068180714986 -0.262300023699585 -0.145843325090321
-0.0648519536767795 0.011375105828625 0.118896259734447 -0.04108083276856
-0.0181204184282577 -0.0791444075392698 0.0811363077779052 0.267635359329223
0.0624134008919894 -0.0947131282687947 -0.162210575998482 0.322856462381598
0.103411546969287 -0.12492338554355 -0.221592941499197 0.342028843092303
-0.00560546123264377 -0.142925093760118 0.0692013656885243 0.314708784712316
-0.0961090598826071 -0.0387652179958273 0.254870009369568 0.0162728798041577
-0.0200268913012648 0.0595867363442661 -0.0235584081302146 -0.195093694128529
0.0606975933289086 0.0117969351000969 -0.123799140875355 0.118405647357764
-0.0470699234121177 -0.00755919132072858 0.0171077584683191 -0.0154684725544236
-0.0730526784526611 0.0652760746609381 -0.073000219726827 -0.0241906965725031
-0.0593271759457634 0.0516391515606793 -0.303894866804456 0.151898593568199
-0.052231692967841 -0.00390055794980907 0.00584614814942203 -0.17079700180215
0.0572596100955356 -0.0892831704087492 0.221977997555841 0.133561881548453
0.118491786954662 0.0283734368116723 -0.146576051190779 0.298150682888093
-0.0341339343878071 0.141638026407732 -0.25573388403403 -0.103103676259562
-0.142531529958426 -0.0463304648496827 0.0620314421904964 -0.00799708857605533
-0.0170386464866133 -0.198887836699036 0.0395053409433658 0.236057924701807
0.11484783959306 -0.216195402978305 -0.113797491651134 0.26204760215021
0.111902828142133 -0.282386590848026 -0.0923322070253427 0.30527234812938
-0.147190182070875 -0.239510817924012 0.189847924752936 0.230678556138038
-0.192847182385941 0.126379111870047 0.241442469364289 -0.102994381665439
0.150189205777926 0.146352267969424 -0.0692013775895804 -0.174131578922777
0.100515080069597 -0.15275943244329 -0.118013294348249 0.105771884081625
-0.190334242753157 -0.0477324281835516 0.00909673530082629 0.0436355900498026
-0.163717160311418 0.103014212781743 0.0117498179549017 -0.0389037094699648
-0.143213871681582 0.0754203970110063 -0.287828887570733 0.114524180569725
-0.141085134993765 -0.0164375861496219 0.00892682738105157 -0.15396600130563
0.0651175953586604 -0.142736935114699 0.230709504913402 0.130286858275356
0.143240195374488 0.0898518949945463 -0.137734213937634 0.329923806350589
-0.110739635807064 0.173700162254703 -0.284961641870077 -0.0627396367039452
-0.190705071182899 -0.145161290187719 -0.00883544726704412 -0.0121145316045453
0.0271597787040854 -0.306292141026885 0.00944108058760854 0.161612335080717
0.150584748111953 -0.301916380094774 -0.0510814282833663 0.164510271085878
0.0335681817137448 -0.371101712500724 0.00311409543737104 0.19697572999958
-0.290977865227254 -0.160598709615681 0.224026999739597 0.125659589050672
-0.064848955679041 0.323059502887936 0.223334485332069 -0.15945134958515
0.335633970089825 -0.0187675745892386 -0.0914827842544328 -0.194257159980405
-0.0483649341319022 -0.323638641048059 -0.153739515823149 0.13632940888766
-0.320053580063234 0.00847022520215327 0.0695547539222668 0.134129838403683
-0.197594610618611 0.142609880571937 0.125337950822644 -0.0960744825555502
-0.238943299834564 0.0799972512489356 -0.227969719834085 0.0542801497756884
-0.261966938534954 -0.0895921513660403 0.0376810475887715 -0.145047222943956
0.101616671999454 -0.258708186662483 0.220949650418696 0.115152812855087
0.207004335287033 0.183175806664681 -0.140087698419552 0.296425829756197
-0.237745042687237 0.193753283596771 -0.274843013659846 -0.0636616993129324
-0.193153257087962 -0.283580392363515 -0.0536469151076681 -0.0478514235785507
0.113505550414188 -0.374732489226747 0.0200111951007904 0.0501914781615074
0.167759385781376 -0.34463216306709 0.0189407776351047 0.0376366736766243
-0.0664651771087282 -0.367043855352958 0.0232428216144534 0.0575347823487985
-0.293695171877071 -0.0247201775559836 0.199355230261853 0.0877717607996765
0.0742633212771582 0.286278231553314 0.285070775903196 -0.188654142715539
0.224187590064242 -0.140969512212504 -0.115505384748592 -0.2674818613696
-0.158506783533145 -0.244210301711348 -0.162623588936465 0.179313456870179
-0.295395113240546 0.0724963796392961 0.16709157251562 0.172060208712822
-0.175868981381601 0.141018613574481 0.223514155953009 -0.186745575166446
-0.294720157083413 0.0417418912565745 -0.119093339958277 0.0034519625807233
-0.279171076103899 -0.213185208665166 0.0937315791440187 -0.092896347353114
0.233617505640247 -0.267977961836835 0.176404212349366 0.106960117526498
0.172962207917163 0.342875981520354 -0.117965020092444 0.208142361961328
-0.363307552394717 0.114086323835545 -0.226445660723031 -0.0619638493916624
-0.0993564322080374 -0.396812408587575 -0.0623588470622668 -0.116276807424018
0.199941426876333 -0.37587781017611 0.0890120866987287 -0.0793044665849158
0.154905666380808 -0.337789517719411 0.0864310610746506 -0.0984949053964181
-0.121542477483405 -0.304027768461036 -0.0183628175746673 -0.0607184495838095
-0.231454799754815 0.041652400616877 0.148586893071573 0.0926545985552949
0.058452293003882 0.213307956932714 0.33616747662764 -0.193402200249659
0.113695405010732 -0.0416674249874275 -0.119465318908336 -0.331786024280816
-0.0665814769605603 -0.128342538909178 -0.181721645429305 0.151186547462344
-0.1739085368084 0.0340513752138272 0.19200662666923 0.174149501210133
-0.129010633472613 0.081908053071971 0.274655620245715 -0.254755001505784
-0.269485853504624 -0.0134418571194947 -0.0024937298537575 -0.00514187494210867
-0.161531249709465 -0.240291018647271 0.0937948994304833 -0.00171263090460287
0.240211265857472 -0.0895942977237469 0.110639177208811 0.0529673292600204
-0.0180341536203683 0.310834476014303 -0.075537850444343 0.149113303479486
-0.296535320195478 -0.0308818966950098 -0.203103865874553 -0.0728575306650941
0.0183568204910959 -0.352139583661826 -0.0183905579053656 -0.200468815247214
0.218896268022636 -0.296675532981271 0.199809683625872 -0.18835653058618
0.115065448757072 -0.282261928648128 0.141651759568367 -0.220208152219297
-0.119724271749576 -0.223784513196592 -0.0743617176155197 -0.147251575279065
-0.175386519242477 0.0545985823947664 0.0490978007845446 0.104870869085783
0.0321657906579728 0.170583976869033 0.34884704111476 -0.0958793805132011
0.0795761584684664 0.0296008988429544 -0.0481489486718629 -0.353196030809867
0.0181801397572344 -0.0874912675884238 -0.214864392173757 0.0759728568392862
-0.0853153999505593 -0.0412268189033149 0.151833905547439 0.201652210644363
-0.0929208553282061 0.00321383749209274 0.292910862803408 -0.265281305969338
-0.174839439074622 -0.0468383456270812 0.0748236336856506 0.0150206474896096
-0.0544669797472738 -0.163556371465776 0.0320861276345989 0.0421758869569056
0.106751128748349 0.0148573427967203 0.110467757544323 -0.0361060725880514
-0.0853805642914194 0.133509832500672 -0.0437682483489348 0.15433890813369
-0.128011335346255 -0.0508559778249815 -0.194735891824303 -0.0983313355013891
0.0438930988213342 -0.195130260972314 0.0312906612977916 -0.256126047911198
0.143866097372312 -0.175067963837443 0.289834420340344 -0.262818070045501
0.0588289146641027 -0.179481426305459 0.178682860310318 -0.308878720263919
-0.0803862327295903 -0.133180365807814 -0.109224404596253 -0.216558811230257
-0.109666088092598 0.0351604372579022 -0.0734081056831884 0.10974049397058
0.0103575915195443 0.100765324935751 0.342499343922304 0.0457325570811598
0.0227654013322027 0.0431914143653571 0.0681328784507049 -0.346989442747918
0.0268797736414978 -0.0366885954834993 -0.227109366665567 -0.0225775642555804
-0.0383645835742133 -0.0649237119306185 0.0931940982350225 0.230495559163437
-0.0683101767751658 -0.0447627698301858 0.300135752696699 -0.234623745046411
0.0305878820335184 0.0403877456329071 -0.300938580172344 0.212800677739119
0.023373423021499 0.0389160347806121 -0.0641393810892295 -0.215246776236888
-0.00532215438702012 0.00201780141371459 0.199841073918499 0.0594366588014781
0.0153518206159539 -0.0500221938078521 -0.113709584393688 0.304095179974528
0.0145164799376305 -0.0311959090568539 -0.313107302218322 -0.109839512077108
0.0404055224359192 0.0169195975960436 0.111542726002934 -0.0948354376346665
0.0190542164003649 0.0450590155001605 0.127632810694219 0.249582938418219
0.00132527410525785 0.046418074074296 -0.162239126289162 0.353685798944515
0.00616585560073735 0.0331406710669519 -0.287317681423954 0.345580095551084
0.0171494538965167 0.0255417026371523 -0.00948332028198137 0.326943548977547
0.0150558362800426 -0.0242316248667415 0.242599968940413 0.0878088117355242
0.00555974607149255 -0.0342275832969423 0.0195014345071683 -0.214754972202745
-0.00717937813823609 0.0200011755539772 -0.149200862553179 0.106659484811332
0.0268840263560197 0.0676300588842689 0.0121665845816847 -0.0293961249821091
0.0514964962714276 0.0441122712726962 -0.112673698778383 -0.0140021056880002
-0.00271453324607555 0.0391126181357592 -0.299957244203341 0.193884823836118
-0.0102779129293976 0.0105634317164883 -0.025499806860122 -0.201261171104949
0.0227507678170893 -0.0550317135663692 0.214109764085103 0.104762815002589
0.0795155709445362 -0.0331265788799996 -0.142388908321376 0.293685422649585
0.0191119086558181 0.0712177550188379 -0.276962171665834 -0.129730395015994
-0.0637577829648895 0.0163162252240081 0.120278354491055 -0.0477657144581004
-0.0240538908036278 -0.0779606461419447 0.102902734267699 0.265656207397346
0.0574164358244895 -0.0993291680090939 -0.145914145361015 0.33933184989224
0.0976671208444941 -0.133637650596172 -0.204843362715155 0.360209100931335
-0.0152355457074754 -0.145643571875662 0.0893855549355928 0.31536859545498
-0.100468027311562 -0.032423722398066 0.261009693605595 -0.00130082234354877
-0.0154543599299303 0.0629203966032981 -0.0373785659022391 -0.198272422174797
0.0627290251302734 0.00770417114770796 -0.11664880482246 0.128825641594465
-0.0478700752309005 -0.00448401859964072 0.0171153874197859 -0.0165013238002495
-0.0699730591231467 0.07070578367787 -0.0770371417666262 -0.0203941489558531
-0.0568139065072079 0.0538316285726455 -0.300206827524556 0.174719021843998
-0.0511679176893972 -0.00119680894619866 -0.0045267023235851 -0.174731622205656
0.0519257694334425 -0.0931993133371696 0.235889380118405 0.12261368128635
0.119607776141547 0.0195379276006931 -0.128904251792612 0.313760584574683
-0.0243636873782421 0.143719844616427 -0.268553830658923 -0.0880992503526152
-0.147148866924604 -0.0374063603136466 0.0649362207802504 -0.0114312471736964
-0.0299877029854673 -0.199998338632458 0.0560502628696226 0.235646875443588
0.103287997956367 -0.225320032369639 -0.100888823278773 0.273512441912961
0.0970806020146862 -0.292860790325534 -0.0757115957705253 0.315044172101468
-0.164741609054519 -0.234505681549861 0.20674768439611 0.222057483475151
-0.18842305530009 0.14084520706861 0.239557702717708 -0.123613198004616
0.161953769015675 0.140409632383956 -0.0850624448694437 -0.172766710067414
0.094653217364227 -0.162198799233807 -0.112683291036205 0.1146423909082
-0.195836000248397 -0.036401233112252 0.0119590873860169 0.0441398141592598
-0.160320849199342 0.115807355243708 0.00827531054768896 -0.0404226184399476
-0.139034336576085 0.0846556170094501 -0.287348111786204 0.13543496137141
-0.141016332458879 -0.00782874914532581 -0.000604621814212791 -0.158453097515549
0.0548818774060511 -0.146944561446033 0.245613704931157 0.11873908660653
0.147872412706236 0.0808675223334258 -0.11923993583193 0.345508960829182
-0.100217502841591 0.181009988312653 -0.294937432786359 -0.0458561112474504
-0.200056612911064 -0.134197423041838 -0.00774556853543911 -0.0125538841919858
0.0068755356819499 -0.309947543051992 0.0226693428357385 0.163779814410317
0.134505053909207 -0.314508798665971 -0.0417322136706099 0.17059600299064
0.0120734209137325 -0.379366140005451 0.0159666944126047 0.199171400648537
-0.306958106767178 -0.145949186438591 0.235217546514365 0.112351924306585
-0.0468746589770174 0.333357911272402 0.217039111799401 -0.178584936749751
0.342477495258004 -0.0395739871917857 -0.109386912219027 -0.191627961079945
-0.0657365514297348 -0.326213621464946 -0.14753190848736 0.15088498370238
-0.325400435667661 0.0282987576907598 0.0813179846988311 0.131804426409591
-0.193451195582659 0.157834079841002 0.119930103310277 -0.106276485580685
-0.235900422998717 0.0968169829204216 -0.229402889307168 0.0686351743897076
-0.267248988061481 -0.0735655534344256 0.030860332013501 -0.153754619944847
0.0839721065848364 -0.265439818947005 0.236600191897719 0.105621347989721
0.218625524908236 0.169987426528657 -0.12597652859802 0.312399955098762
-0.22481446996016 0.208751026394487 -0.287025562844888 -0.0473280050203373
-0.211561785395726 -0.272906088817243 -0.0554288586666981 -0.0457036506463797
0.0907811557806447 -0.385898844265815 0.0257353208699241 0.0493543685799355
0.146530240772846 -0.358123330009731 0.0217565896784082 0.037121503304607
-0.087467953173732 -0.367677695815143 0.0274157859887956 0.0573492230231876
-0.300449488147337 -0.00868023081949186 0.208779454138766 0.0754378586505918
0.0942643542698558 0.288300398668541 0.277147970834678 -0.211749941832513
0.220689545766739 -0.157738407327965 -0.138658256869436 -0.26505084499433
-0.175704047074313 -0.239737650317829 -0.15315398133387 0.194469913445285
-0.29667006760825 0.0919668794701623 0.18324115375359 0.162751938284089
-0.17180079680356 0.155564332818076 0.214863529745639 -0.204405756037925
-0.293593192411989 0.0636705066069811 -0.122468812783229 0.00937389903217838
-0.295387088900193 -0.192498955538881 0.0924864991115219 -0.103833351537514
0.21526413906729 -0.286174674115259 0.19118704093665 0.101607133624256
0.197630872340988 0.332561968379546 -0.109405915143899 0.221321587419969
-0.357234415083878 0.139959928924883 -0.236228741618001 -0.0515463857316387
-0.124868968267054 -0.39435332720929 -0.0662799509125605 -0.114209696539757
0.177599917830925 -0.392402074773131 0.0875400529607956 -0.0848273351072712
0.134883646649147 -0.350898283699171 0.0818658756415093 -0.104948931775375
-0.141606298902663 -0.300506416508634 -0.0225171642514825 -0.0597529200791661
-0.230783126051077 0.0540026511020588 0.157256101061911 0.082363270992681
0.0736799788146058 0.213980153137424 0.327703022502085 -0.221182379094921
0.115422497925319 -0.0480496336130929 -0.147396316012592 -0.328848971125744
-0.0738656411157375 -0.128605406739873 -0.174170511556788 0.166494463504222
-0.175847364327547 0.0445939818837326 0.209750943239778 0.164739721334279
-0.128038905857187 0.0928802873092851 0.261946426975272 -0.276706715576556
-0.273227853840369 0.00742204488140682 -0.00263623304832227 -0.00806300947997941
-0.178813052832352 -0.230913421137524 0.0980922234964597 -0.00991663607960425
0.23519147773766 -0.106555551927469 0.118121026653321 0.051047184649275
0.00181649820283334 0.313062945255119 -0.0700558196745294 0.155321821755801
-0.300474007268065 -0.0116165081245714 -0.211014436615868 -0.0630522471421271
-0.00125324518759983 -0.356994955180038 -0.0260075607582258 -0.202797284442478
0.202299369686629 -0.314565745528866 0.194694398591982 -0.202390019119069
0.0978791000490939 -0.292306315987166 0.130233597110586 -0.233716412170254
-0.135032543430053 -0.217715104191556 -0.0840626483167688 -0.145182142188892
-0.175305936181492 0.0651112819231333 0.0540911831640004 0.102674719511987
0.0421792968532225 0.173514004019612 0.346659462069276 -0.122208016218921
0.0845172571925745 0.0267926550037366 -0.0756818704155315 -0.356553246559852
0.0143157968985588 -0.0912066724676785 -0.212062548142819 0.0917198853837122
-0.0904256061468365 -0.037505263776402 0.168513469770987 0.1931768829524
-0.0975303577291767 0.0115902107540531 0.279319743199307 -0.290206852327315
-0.180648777882729 -0.0332247811743333 0.0785209013602013 0.00858220826802114
-0.0678735297584547 -0.161181953641595 0.0372896098920728 0.0392935865799729
0.109281664968274 0.00798221248641189 0.110338929386836 -0.0404912116513046
-0.0778318133448026 0.139859694735977 -0.0356045922690236 0.157485800174026
-0.132419580877713 -0.0429986808628993 -0.2044987050694 -0.089286265854249
0.0332752460409641 -0.199839195974223 0.0201133322616494 -0.262275346951448
0.135247166712224 -0.187106958161942 0.27961103840459 -0.286552756042699
0.0469764211119226 -0.183982586618311 0.162580862551424 -0.325820925200503
-0.0895933196766227 -0.128420886116065 -0.123972122128783 -0.212403864174152
-0.107868412229477 0.0414380203567902 -0.0706499044384782 0.116744403071144
0.0148657424048358 0.103122408463843 0.351911308362174 0.0244045729204291
0.0266280600409799 0.044205957436767 0.044458530514914 -0.357360387315967
0.026612931517255 -0.0397601845625899 -0.231947980943919 -0.00791616479936675
-0.0445561213910984 -0.0643941647189652 0.112992818986681 0.227759520837718
-0.0759373699178494 -0.0389698891379526 0.290349648052238 -0.259167281908192
0.0330535152393888 0.0396199977405043 -0.297068045415177 0.2250443179224
0.0247971474117585 0.0382309824738242 -0.0707493915317462 -0.215439307751147
-0.00511221028599151 0.0025511534341609 0.203986334603863 0.05673171467462
0.0134607096010856 -0.0513527313091864 -0.106848548962968 0.30998424515971
0.013798606906353 -0.0315409937951779 -0.32024941817386 -0.105170507749294
0.0413450973295175 0.0167411707789345 0.114156694561469 -0.0985911350105722
0.0202708430928194 0.0440967791265093 0.136749729890102 0.249868698434336
0.00315643561123439 0.04655759593589 -0.156387742329785 0.362341589088703
0.00847002213819105 0.0329554896699018 -0.285744743024074 0.357393940649009
0.018524982641454 0.0258485935031676 -0.00272554898803505 0.329631869056925
0.0149181368771075 -0.0241948252763896 0.248165351741738 0.0820553459611934
0.00462189293588597 -0.0348807803763679 0.0148288673437781 -0.217655177638236
-0.00668875903584435 0.0199892107370431 -0.147885919284732 0.111610186960575
0.0291189710644299 0.0675202068971004 0.0128826373080615 -0.031381060505371
0.0532150245228423 0.0428087734549191 -0.116185841800573 -0.0117537662217054
-0.00159074939537263 0.0395004897773722 -0.297248413228357 0.204565352786767
-0.00971319011182617 0.0105110503567155 -0.0301537858610523 -0.201275958578765
0.0214231808163201 -0.056525564983892 0.218872435896983 0.101402224374045
0.079228975242597 -0.0360608516960478 -0.134747976358809 0.299580790299753
0.020983895014011 0.0724561958115761 -0.282867109680186 -0.12560863263491
-0.0636165309857517 0.0181965504693801 0.123782545269137 -0.0512918466491519
-0.0259491168396334 -0.0784800612760774 0.110809230973255 0.264878453585137
0.0570275045954967 -0.10124361970893 -0.14166654579282 0.345428928544325
0.0969181816726629 -0.137395029473962 -0.20280095613903 0.369512786764079
-0.0180911422341992 -0.14625016223759 0.0971112629507581 0.318274795653332
-0.102512418969811 -0.0299122896009589 0.265007410017379 -0.00720636703552063
-0.0141847544803148 0.0639693469776895 -0.0427403688127273 -0.199635001283783
0.0641926550251042 0.00588958195119051 -0.114850383883958 0.132793974710777
-0.04769996446481 -0.00260250097653972 0.0162404259316526 -0.0180350647509911
-0.0691150633906804 0.0741472128689964 -0.0799583164400032 -0.0193995117152426
-0.056428634211013 0.0556660904462203 -0.298123656983151 0.185388696565654
-0.0521565815411397 -0.000177536660474363 -0.00923098543845375 -0.175744682553417
0.0500934408125956 -0.095203899949172 0.241963876765592 0.117854213195685
0.121742279325408 0.0175614834864977 -0.122426275742194 0.319831071651064
-0.0203769729506581 0.146260486309651 -0.273111067363798 -0.081367447082465
-0.148586487546686 -0.0348680157746193 0.0678592564964772 -0.0115035727082866
-0.0350126701919334 -0.202909934950922 0.063710445347763 0.237647039727628
0.099986758695373 -0.229087775468506 -0.0970396854371373 0.279412702541114
0.0932081782969717 -0.299343143762599 -0.0729188630692686 0.31968946997047
-0.171879223958067 -0.233533076609974 0.214288970685744 0.219289776355624
-0.188418872058965 0.146874651529094 0.23969606872061 -0.131047457191372
0.16863139980353 0.13870315960284 -0.0907398900155828 -0.173568844935651
0.091465791994846 -0.166894505313842 -0.110692322356848 0.11939544329934
-0.198724608350968 -0.0321163717759147 0.013323219449254 0.044056483573484
-0.159981321563016 0.121796454557514 0.00534830429815587 -0.0421596235897982
-0.139129440116869 0.0901433555972947 -0.28564675312864 0.14599388310075
-0.142472092963403 -0.00379757631743845 -0.00440694321434679 -0.159753767474462
0.0513617880797288 -0.149467883089265 0.252091826123166 0.114923928690963
0.152443405569641 0.0777752027385738 -0.111139470698237 0.351606425255407
-0.0967625386883786 0.185753244578213 -0.29986415012553 -0.0375533262807627
-0.205764465388776 -0.131415737372078 -0.00708530256225768 -0.0112774338922817
0.000413022028410178 -0.314116788960755 0.0271504191742627 0.164755972195091
0.129675033021637 -0.320463607695349 -0.0389486623607209 0.171804852273069
0.00292106695812269 -0.385018417799005 0.0193590633525783 0.200507861925951
-0.315182680700655 -0.141414818706299 0.240787800455372 0.1069403013114
-0.0394057790835657 0.337837113940111 0.216076975765955 -0.187395279060749
0.346019898490762 -0.0483508226331314 -0.115394881143288 -0.191885300118159
-0.0772582664563113 -0.328862403702701 -0.145053747645098 0.155519746156427
-0.328930869731587 0.0368649040202081 0.0852913214384744 0.130817449790591
-0.193016648529652 0.165937853450796 0.117086305570922 -0.11163577683196
-0.235401173438288 0.104856712964258 -0.229055873970714 0.0779791108184204
-0.273805628575714 -0.0660518779949691 0.0263244448582822 -0.155925553288598
0.077109466231038 -0.26973434619582 0.243180237206295 0.101084992057842
0.225639282981842 0.166759876569698 -0.118081434375991 0.319263574006013
-0.222093620660223 0.216708237460916 -0.290627278601068 -0.0401244857499745
-0.218318728798228 -0.272446318979473 -0.0561966357568951 -0.043811990540845
0.082487815326167 -0.393874456793318 0.0279623200976453 0.0490918599509162
0.142655365524132 -0.364988667893379 0.0225813507361878 0.0373023506666622
-0.0973812800825749 -0.369524959556459 0.0285913479556799 0.0562535629494924
-0.30456029861602 -0.000827930546845657 0.2117639563909 0.0708698658977481
0.101940338091444 0.288457356702007 0.275954364998686 -0.222644054105279
0.219625757186325 -0.165342640249284 -0.1480653986327 -0.263965540045141
-0.184561291234119 -0.237033542261356 -0.150380766884819 0.200194210460405
-0.297768899690921 0.10087075411951 0.190054196866237 0.158961923178048
-0.169617133992558 0.162753307579604 0.208598135159401 -0.213631106025998
-0.297040394077276 0.073265364241872 -0.122898384893142 0.0139778986994769
-0.303025787916904 -0.18665157779166 0.0911985380283598 -0.10733444707794
0.210804421477744 -0.295143874492116 0.1965143607039 0.0994699552350713
0.208958431151784 0.330849131848462 -0.105952256418935 0.226034359055288
-0.356709804728903 0.148409019894795 -0.241559518955771 -0.0457573401859433
-0.133696597367265 -0.39609016272328 -0.0681769596590059 -0.113119190879655
0.17016597545908 -0.401657501938637 0.087968366442153 -0.0872949432315004
0.128807409912197 -0.357195190106164 0.0810355657844292 -0.107465436820111
-0.150076034965542 -0.30020488743985 -0.0239778332110886 -0.0601318107627664
-0.232781707398316 0.0599779074314265 0.159176262024642 0.0794325694997959
0.0814411967136139 0.21533689468455 0.325725141692924 -0.23239172379689
0.11591995310698 -0.0516303327672427 -0.157296843638401 -0.329238240494937
-0.0778130796545691 -0.12760082155802 -0.171942954815236 0.173036162244149
-0.176416162728105 0.0494196313085846 0.217894671151767 0.158970129863854
-0.128762785709143 0.0980057877193939 0.256899824204909 -0.290719292339763
-0.277269565716199 0.0165924964294865 -0.00234897235835955 -0.00686670150100328
-0.188893884830443 -0.227590396775742 0.0996994839407241 -0.0129062982418364
0.236225252046944 -0.114610179145716 0.122547481114077 0.0501269416048742
0.0105017351914249 0.317724160500261 -0.0666531744883235 0.15914807368812
-0.303985489233124 -0.0053050145372998 -0.215289177885025 -0.0593565817788229
-0.00841647483341536 -0.363089868555696 -0.0298671621330161 -0.20454827907351
0.198741575474408 -0.322096367936263 0.192908217208406 -0.209423826529035
0.0907941185026166 -0.295220228412322 0.128095015756405 -0.237695850132257
-0.142326418048605 -0.216678836026975 -0.0888995450510709 -0.145421690993799
-0.175578104447608 0.0701889368222809 0.0552689086088959 0.102756481175274
0.0481334990416481 0.175230257081446 0.348013794510713 -0.132166563936182
0.0863962955831277 0.0236917884525967 -0.0843821896238742 -0.358316752429807
0.0120675773746344 -0.0923669699188807 -0.213076007587477 0.0984059873264488
-0.0932286361632982 -0.0355802192622291 0.178145723762047 0.190687604596168
-0.10020898564403 0.0144140134869454 0.273460469250016 -0.303113822176374
-0.184065609286625 -0.0271809924917805 0.0812070336418434 0.00698066832853119
-0.073644800997471 -0.160569166357962 0.040346344858489 0.0394300018941978
0.111785383225499 0.00576213523375679 0.111346312671966 -0.0428920130417585
-0.0748780943396569 0.143187104046759 -0.0316844354141181 0.159304777041228
-0.135938994955133 -0.0405809135284142 -0.207526332695259 -0.0863363224992622
0.0298998941711603 -0.203253018622442 0.0152646261200152 -0.268478262342028
0.132449272348381 -0.193473032803426 0.278925853829223 -0.296403041805086
0.0417682110131076 -0.186448833301312 0.157501932178569 -0.3329136055078
-0.0934600853294928 -0.127133422868889 -0.129404005670349 -0.213757964994101
-0.108674603883628 0.0439521497808238 -0.0717459553535101 0.120462713539823
0.017509655544979 0.103972145973105 0.356905691298738 0.017179873635946
0.0278003440481837 0.0444674944288 0.0358243819236489 -0.364150848931494
0.0255000800152463 -0.0406794461265781 -0.235597743575439 -0.00305631558954546
-0.0461669592714322 -0.0632327266600668 0.120567068552675 0.226641273355752
-0.0790032153038176 -0.03653456436323 0.285613125822057 -0.272586135898126
0.0345541709875705 0.0384681077739115 -0.2917343695826 0.235320268070113
0.0250400151894055 0.0382870748397992 -0.076980068896168 -0.212830214056603
-0.00464459821910189 0.00216687821834964 0.206669446678017 0.0540765345839544
0.0119287633510682 -0.0519310284174774 -0.100004239542756 0.314768471740834
0.0127073938706226 -0.0316816030981781 -0.323868409111514 -0.0976193005180345
0.0418541274521985 0.014895829481443 0.115227278160092 -0.101389995339434
0.0213048682079539 0.0439921544720145 0.142645101045141 0.247348594703693
0.00600601300915949 0.0478229284169581 -0.15143660949333 0.369158562906281
0.00909285137977279 0.0328861720276353 -0.28227781526915 0.364227138954793
0.0194079292059599 0.0262514564297303 0.00398760610511035 0.331526393223528
0.0148032859321766 -0.0240408524641062 0.251366243929799 0.0767117822587863
0.00371932392593219 -0.0349375888907648 0.00973603135288707 -0.220383317263067
-0.00557760650643839 0.0198774921380826 -0.147067853683336 0.11628197155691
0.0315016810861043 0.0665537248183466 0.0111357962354156 -0.0315218978169544
0.0545081331354546 0.0421943536862777 -0.118975106331454 -0.00921905063860389
-0.000190702917344287 0.0385756443515144 -0.291799005037873 0.214781809452417
-0.00969774841519206 0.0101656107330206 -0.0376858833008785 -0.200811365890584
0.0192111825689018 -0.0571446512835608 0.222554605606154 0.0986144253710235
0.0787412008619394 -0.0381384449293608 -0.130064731509055 0.303689490576921
0.0242493862496547 0.0727516118458794 -0.287588751514955 -0.119600318877866
-0.0629060440431462 0.0187785905828781 0.126125914375673 -0.0540319316569896
-0.0274977042028958 -0.0784025906666363 0.11786284532454 0.263354027839121
0.0558400988742637 -0.102573460738501 -0.136822242944697 0.352456892999938
0.0957676740872009 -0.140719004798724 -0.20031118845205 0.376386681369728
-0.0210058235060543 -0.147059276345541 0.104161398885583 0.316041457441179
-0.104955356968093 -0.0270486164200981 0.266743303708536 -0.013022389796952
-0.0132547189478352 0.0645331560110601 -0.0484344131592491 -0.200471927629472
0.0650934704459057 0.00430619630203091 -0.111383926219575 0.136974134510877
-0.0476474308629636 -0.00179077325384059 0.0158772312851557 -0.0190274088217608
-0.0671621394459447 0.0767528378457594 -0.0831359526767988 -0.0175154111781023
-0.0553480865429138 0.0580598995337822 -0.292754512081678 0.196305032983756
-0.0520010780484582 0.000267710851497412 -0.0144794648861022 -0.175252597111256
0.0473841147412262 -0.0976399229572352 0.246836099983884 0.113936417723326
0.124143547058039 0.0146772267592467 -0.1148520971507 0.323636393141523
-0.0166562344542285 0.148643136344583 -0.276743648680995 -0.0747199173006839
-0.150298100628607 -0.0314925408868244 0.0707171280392616 -0.0118702341816239
-0.0394797076218859 -0.203885595008407 0.0704435522023084 0.236694746465425
0.0967460943385945 -0.231891079969986 -0.0948476828263471 0.2830721375505
0.0862300929308009 -0.302710650480835 -0.0684147074142833 0.321158102184007
-0.179372162835715 -0.230988600019579 0.219534759811243 0.21556918505701
-0.186726276829255 0.153585008852962 0.238695996911706 -0.138679735896493
0.173091586886515 0.13365023449246 -0.0955990909923868 -0.171365165393162
0.0872390885471634 -0.171073472635393 -0.108521837218963 0.123143813409919
-0.202033490543486 -0.0251331647233606 0.013962655297184 0.0437326846869078
-0.158271579350796 0.127129969352454 0.0032063260078164 -0.0429832433518722
-0.137367808956744 0.095458934062317 -0.282050101141057 0.156205844841688
-0.142593571386115 -0.000155895124670574 -0.00818723451900732 -0.159693291491179
0.0477772024080457 -0.151321868165269 0.257413795744899 0.11028660046522
0.156401414792611 0.0745539986746584 -0.101731468489324 0.356207590186664
-0.0934016387558909 0.189120020802268 -0.30079947717008 -0.0300580755868511
-0.209332891262769 -0.127651674495935 -0.00609165215094419 -0.0101716510661288
-0.00607894445088642 -0.316502374913776 0.0306034342563098 0.163671048294041
0.125650068293765 -0.323238190501592 -0.0368572138244458 0.174643282857877
-0.00572588803348834 -0.387341197080146 0.022994160089159 0.200185061884077
-0.319636226903566 -0.1346287242853 0.243928915119315 0.102288430189273
-0.0307933365912653 0.342177222453638 0.214166148410844 -0.193103540536373
0.347269284499991 -0.0592535179094052 -0.122051604177712 -0.189433273248237
-0.0873977142655459 -0.329517936044361 -0.141812482450112 0.160421420308578
-0.329931063854694 0.047363594549345 0.0899673965860134 0.12891136288639
-0.1896559512526 0.172138934909692 0.113260024644263 -0.115917140463768
-0.235120220299758 0.112391865200904 -0.228105558948027 0.0861023973426167
-0.276434074888499 -0.0581869369829483 0.0242487345689126 -0.157452654254765
0.0713286453263756 -0.273289100046152 0.249141968646237 0.0956309431359122
0.233392874720103 0.162464779356635 -0.109978627374582 0.323926749614056
-0.217975866442368 0.223490980367828 -0.294282995633128 -0.0329677540795214
-0.226665431235398 -0.269889182648955 -0.056859074688745 -0.0418589400920756
0.0749257343309325 -0.397330743135745 0.0285725899666732 0.0489724738612788
0.136245698774145 -0.369663947827205 0.0234853045479946 0.036498485280821
-0.106539611433765 -0.371505984612684 0.0287697172043204 0.0564038586288102
-0.306536114188661 0.00574835273922923 0.213873316007864 0.0646972827076027
0.110680812541436 0.287448101691068 0.272017960696687 -0.23147370569448
0.214976506604228 -0.1730028418096 -0.157223826717454 -0.262144460802499
-0.19250554656759 -0.234416085444113 -0.146072179137114 0.205246361326145
-0.296960254992985 0.111852188337204 0.194918430630303 0.153395675648688
-0.166838046738418 0.16849125950535 0.202463981649303 -0.222072532909684
-0.296691084538467 0.0830400323151473 -0.122631087877872 0.0185564539112579
-0.310866236749147 -0.179477523314998 0.0892314374150188 -0.109749148849961
0.205228025344152 -0.301522303258084 0.201538447512477 0.0960564225315712
0.220058839253768 0.327944094469263 -0.0999373725589501 0.231970600428545
-0.357005512547516 0.156383539091119 -0.245273761082921 -0.039920231767986
-0.142569566419559 -0.397639886050606 -0.0706856085027796 -0.111388209021839
0.165043388747862 -0.406268084501764 0.0875009461278861 -0.0899929780133492
0.120948282915983 -0.36192223767706 0.0792077927480412 -0.110908440658675
-0.158161937251046 -0.299065720235008 -0.0263332732558358 -0.0602784843385617
-0.233245578879848 0.0650807615485618 0.160504603954383 0.0752853677496596
0.0879701014425771 0.215478464718743 0.320262788917251 -0.241537736454822
0.115684447067681 -0.0558384073665451 -0.167941268928274 -0.327713627126495
-0.082058662102366 -0.126481995115486 -0.168307998083811 0.178368656684039
-0.1757568960561 0.0554871929580251 0.223179684257025 0.152331341312032
-0.12777288893243 0.102741623149545 0.247749785431203 -0.299842684980412
-0.279433954562024 0.0251374616211985 -0.00157348432399584 -0.00610867631915225
-0.195830324709995 -0.224091556097548 0.100580293664716 -0.0156813240925587
0.235390306184837 -0.121228611568063 0.124810802606647 0.0487027561491465
0.0190551385713599 0.319391931989949 -0.0637687963155692 0.159926116311681
-0.305375877177256 0.000895637935841954 -0.217521399850381 -0.0553000834078173
-0.0145295446149817 -0.365564189053663 -0.0339508936423228 -0.205548425176619
0.192574512359549 -0.32981348091817 0.190323318011309 -0.215811175566177
0.0849427835380907 -0.298547890487842 0.124041957563435 -0.242046824434028
-0.148380276453251 -0.213308698519128 -0.0917897249090257 -0.144469859085411
-0.175071429519862 0.0749614869547781 0.054605275134717 0.101322447023137
0.0534552006151749 0.176164726243869 0.346589850879386 -0.139972034748073
0.0876217538616625 0.0213217678897377 -0.0953736041734247 -0.358167646539928
0.00945806075355401 -0.093821856616051 -0.211508616640752 0.103318958289319
-0.0943400846886884 -0.0319007849825552 0.184944670169154 0.184556856094765
-0.101117198385581 0.0182990404956832 0.264510532755153 -0.31394511670675
-0.186631810835173 -0.0206705070133585 0.0824349871886126 0.00568917653198455
-0.0793373511207898 -0.159039569290748 0.0421284569662982 0.0385549739879732
0.113080167990314 0.00273460050662204 0.112015545545163 -0.0446122791739138
-0.0710274762468382 0.14803647755761 -0.0293417129687321 0.159279683477061
-0.136591242886263 -0.0391588152325639 -0.20992368195041 -0.081499939071043
0.0264935847511904 -0.205890927538724 0.0112998290757779 -0.270519246575828
0.129323103470538 -0.198407460970037 0.275060406946866 -0.303855968254073
0.0370845956552944 -0.186515475765635 0.150626810031589 -0.33745415900432
-0.0972033797366766 -0.124859282359365 -0.134024376709482 -0.212703005262921
-0.107811726648918 0.0456894779522768 -0.0720405589615639 0.124905852635097
0.021239249885209 0.10554578049374 0.358824376867523 0.00917428585631763
0.0291031115950255 0.0434483760981356 0.0279256922037078 -0.366384810367231
0.0240084009388178 -0.0422884374038945 -0.236619576250709 0.00222342768475419
-0.0487509557862267 -0.0613585292645074 0.127951494911112 0.223433800606416
-0.0815255045310164 -0.034672350239542 0.277640256322229 -0.283576771646898
0.0358173676381009 0.0375439897695443 -0.286231230974571 0.245927380643029
0.026725436738719 0.0376720518685222 -0.0819985518176363 -0.210528191207835
-0.00563696927713792 0.00240075098560207 0.208647124869758 0.050771786461563
0.0102366578606249 -0.0527572188147997 -0.0933608666157722 0.316296338258903
0.0125684456529918 -0.0324837534049611 -0.326001973431906 -0.0903543184801715
0.0428054859539864 0.013928827134435 0.11576248041727 -0.104290655247032
0.0226975493834698 0.0426215784440427 0.14910506015728 0.245479816991834
0.00744179518457726 0.0476711362068762 -0.144688845178053 0.37384569028946
0.00944150338011151 0.0321264570409841 -0.278216667201618 0.37293965136748
0.0203139663885696 0.0262559266274131 0.0109420770921757 0.332305801087101
0.0143805972433688 -0.0246850292806856 0.25330084497961 0.0723030504518875
0.00298231510833414 -0.0356299850405566 0.0051161013381463 -0.220973573236779
-0.00485726031680431 0.0191895978965946 -0.144274754067869 0.120013308029322
0.0335107734714144 0.0656980478719028 0.0100499299330906 -0.0321861048859992
0.0563992278779853 0.0412515449090249 -0.12135893807248 -0.00555487708934042
0.000977353177536014 0.0387632796361456 -0.286960998664572 0.222950385766589
-0.0106568887768578 0.0104654089267258 -0.0415232440099737 -0.198631971425783
0.0179585857157728 -0.0577601952552056 0.225225692178874 0.0955410801335843
0.0779402201672628 -0.0404563589767478 -0.122230352407946 0.307218843189313
0.0259514990341406 0.0721389649231843 -0.289973408760777 -0.112857904000636
-0.0620898021208033 0.0205667469202485 0.127693693564672 -0.0564917337016986
-0.029630720725401 -0.0782955606055886 0.123804167604194 0.260773713388002
0.0553103942394254 -0.104166508820042 -0.131065557127199 0.357224114866949
0.0940190009431883 -0.143657553354243 -0.197469724074171 0.380797445455688
-0.024062630953278 -0.146882854812173 0.111543555349479 0.315016100292818
-0.105294276713608 -0.0241509623974393 0.26611446733196 -0.0192943324511637
-0.0121306803968971 0.0650099586197092 -0.0525620674552099 -0.200064221958442
0.0658819359954641 0.0015349514895177 -0.10846796853908 0.139596763370843
-0.0475589376739797 -3.83775395531777E-05 0.0153150305983634 -0.0194105935318132
-0.0660293055421969 0.0793339332215323 -0.0862304523083518 -0.016025969330639
-0.0545515048409385 0.0590494705927197 -0.288309537694382 0.204556614440446
-0.0523278546076041 0.00110491045113361 -0.0182557113547342 -0.174594736320507
0.0449381896550502 -0.0986071419034544 0.250170924908225 0.109410038396437
0.125311469547916 0.0120067986600777 -0.108097097198789 0.32677026337279
-0.0126529665001516 0.149858564694079 -0.277116919990028 -0.0688361060191227
-0.151757556364595 -0.0293660444642847 0.0724082067216306 -0.012138091662607
-0.0442888261420372 -0.203771653708444 0.0740603969893873 0.234169519375818
0.0937442903791096 -0.233238137181342 -0.0913656729910568 0.286457191115298
0.0819256913274884 -0.306562785436949 -0.065005077891546 0.324325526173217
-0.184894538894375 -0.228089549461114 0.222938384334681 0.210437464171297
-0.183061514806582 0.15899222653894 0.236704936846822 -0.143490939728533
0.177243249573148 0.129676258004347 -0.0990909148075285 -0.169467843959549
0.083647839997149 -0.174163016340139 -0.104697711776666 0.125100942975222
-0.202031366960854 -0.0188864108867682 0.0146065147572818 0.0430575439199324
-0.155065428990966 0.132332358474416 0.000356371065479198 -0.0431382990233311
-0.136645291681651 0.0991224106764099 -0.278202894553649 0.164756896937349
-0.142336373773089 0.00317189755207986 -0.0121722433603532 -0.159749509485585
0.0442672169914522 -0.153100490985378 0.260753331735819 0.103969153687358
0.159236167626511 0.0715434529600079 -0.0939545647892703 0.358974139913665
-0.0882134069277386 0.192720472258619 -0.301329856208296 -0.0228434993874477
-0.212198634669842 -0.123666645111571 -0.00511020321813565 -0.00865264935592266
-0.0111394166898614 -0.316437642316283 0.0345230532921734 0.162232259451595
0.120442362516167 -0.325498267211661 -0.0350129610653754 0.175018875095663
-0.0133616888769294 -0.388594737930223 0.0260345100336803 0.19963472726332
-0.324661394040314 -0.127360245434013 0.245714242741166 0.0953388266974766
-0.0217444397148317 0.342952746962414 0.210442756104936 -0.199552417053121
0.347776513255245 -0.0687267599092172 -0.126340572600569 -0.188695538729948
-0.0950017217048025 -0.32813455778421 -0.138818780252914 0.163907794294351
-0.328197665896595 0.0577746437886271 0.0928303534248564 0.126101124905782
-0.185775060140625 0.179287251066447 0.108230388296675 -0.119350506519661
-0.23130562802386 0.119324679390733 -0.226213137202761 0.0931059865131806
-0.277859668665388 -0.0516335153117816 0.0198983952567636 -0.157704227665632
0.0641433274715696 -0.276555460160344 0.253193847537272 0.0904418098783018
0.238794820824321 0.156794203835522 -0.103294111876993 0.326705922103549
-0.213863396962496 0.228445652216271 -0.296417150170182 -0.0258029052986978
-0.233107962731567 -0.265238571671613 -0.0578807610809529 -0.039128552966635
0.0688589322211951 -0.399226129289926 0.0295453499065775 0.0480556796445875
0.129595050706899 -0.371291333316603 0.023499663656738 0.0354155047435293
-0.114984656974356 -0.370621432299337 0.0298124097507876 0.0558717148867875
-0.308408148073907 0.0121722656462894 0.21470109578562 0.0593087425764905
0.119220477794609 0.285614887938663 0.268279180683238 -0.238822577972899
0.213192947680073 -0.178870986300461 -0.164803585337457 -0.259881345170057
-0.199495585168621 -0.230230598449418 -0.14095234067477 0.209814801373765
-0.293053060687149 0.119932447239641 0.200436664087077 0.147628691821713
-0.163466572662516 0.174704633461999 0.195676572539259 -0.227349547225702
-0.296563062042081 0.0924501320695214 -0.121823095586985 0.0222630252068247
-0.316149920411007 -0.173808196936093 0.0873817898776783 -0.111600714401591
0.197962878358952 -0.308500007526283 0.205163583605905 0.0918178182007338
0.230230211676923 0.323595293868822 -0.0963490687340813 0.233233596479434
-0.354781524218942 0.16469245718553 -0.247395141716516 -0.0340861421903434
-0.152371993502158 -0.394983263059183 -0.0724152915349043 -0.110429867683628
0.156502311501315 -0.411928903756064 0.0856217671879623 -0.0920841966782744
0.114463489024291 -0.362686861723256 0.077767229276132 -0.112637401927367
-0.16557195255498 -0.295660810593307 -0.0281129742487786 -0.0596167710793988
-0.232407829635663 0.0710332091763658 0.160127793798864 0.0708102546744426
0.094472649767223 0.212591245285935 0.31633140647506 -0.248688550313565
0.11491202824045 -0.0580618867387947 -0.177697601937245 -0.324336686387481
-0.0853413199797734 -0.125120736123973 -0.163992639598307 0.182650988739728
-0.174951751257931 0.060936719139531 0.228347576185798 0.145743346676744
-0.126002066159585 0.106446618016897 0.23925066264569 -0.306962392582706
-0.278186663429579 0.0338364045589351 -0.00105339786353436 -0.00540110962593793
-0.202358684466461 -0.22011492260604 0.101118882533357 -0.0174813862390488
0.233125810464133 -0.127365432546363 0.127296979948906 0.047087129502009
0.0278930830429662 0.319486350052406 -0.0612286412678078 0.160938123214037
-0.307456620346175 0.00721138922581225 -0.220148421854652 -0.0500988155660813
-0.0217787582097995 -0.368058490879825 -0.0390493609723224 -0.205597516272105
0.188497367945797 -0.334169387932173 0.188567294141734 -0.219955066087889
0.0784730989956399 -0.298226693825832 0.119921954660688 -0.245716435122652
-0.15268289845502 -0.209032615292918 -0.0947549655125556 -0.143368328061462
-0.172238709235454 0.0779769462525918 0.0541454601944756 0.10042269366862
0.0591288251429889 0.175457848311023 0.343865464690336 -0.149078265648459
0.0889429064142479 0.0198561990202329 -0.102890622825301 -0.356730578883074
0.00653544318506188 -0.0950054780978439 -0.20893111355226 0.108359803267614
-0.095653641240817 -0.0296715855763622 0.190455595454436 0.178309256603182
-0.101768145472888 0.0217764881575366 0.255633190053479 -0.321723032146697
-0.187821192003881 -0.0142429078048517 0.0844180502553391 0.00334511283779908
-0.0835359082836479 -0.15715239292909 0.0440119145434365 0.0373331253349706
0.113462983957726 0.000436072678380749 0.111829673007495 -0.0467474862131133
-0.0679122411621407 0.149705932459225 -0.0269226222288934 0.160294575467563
-0.137327991493676 -0.0359538409024985 -0.211223382901281 -0.07816731445796
0.0227900861598523 -0.207472704950788 0.00477496118159437 -0.273191540929503
0.125117703556494 -0.202015044136401 0.271929756736732 -0.310951419530131
0.0318886298448661 -0.186484844316136 0.144306286989845 -0.342023657663921
-0.0995546028457017 -0.122096633239829 -0.138547114622893 -0.210656700227548
-0.107214546022835 0.0474899627766348 -0.0728259501375628 0.126791819384873
0.023737128317171 0.105461542837317 0.35994606665405 0.00173485931620955
0.029966937178305 0.04371172655788 0.0207767055590616 -0.367454794390185
0.0224016632368819 -0.0425853253291534 -0.238032807885389 0.00737734213297232
-0.0501982521501531 -0.0604128290232702 0.134232871743787 0.219120497257628
-0.0837054146890737 -0.0314405871686037 0.270567861088665 -0.291582456146289
0.0355799697105354 0.0341321041334888 -0.271877975980359 0.267397978577309
0.0289118466160681 0.0337301984026855 -0.0954849407946956 -0.206532305862242
-0.00391736190793691 0.00341909343536255 0.214332329875896 0.0387459983205291
0.00618161985330467 -0.0527050505243266 -0.0769987294797222 0.32472560235807
0.010085499163622 -0.035571336758239 -0.33377535850413 -0.0725237730933246
0.044555303720377 0.0116195259833683 0.113951858403428 -0.11245810513866
0.024664262091618 0.0424915361160843 0.163221945621954 0.23776878699588
0.00985937624975516 0.0469294378955995 -0.125068868367058 0.382610844809908
0.0094374497269037 0.030615835046976 -0.262220338927304 0.3887009162401
0.0204333385399515 0.024611901705992 0.0266723733266092 0.331631157612575
0.0134440189995251 -0.0229674613723761 0.257988524511214 0.0577541322231412
0.00345596105500384 -0.0372721610123925 -0.00889735770191169 -0.222526100340718
-0.00624716202831885 0.0188802077162315 -0.136973165879441 0.129825997160153
0.03737047753288 0.0646211723272146 0.0076943580915763 -0.0335150367793178
0.058442871035506 0.038154515886917 -0.125298942636121 0.00334786508460035
0.000263829630935027 0.0374489271691913 -0.274633398802727 0.245062571247361
-0.00913035432210773 0.00969428806354422 -0.0531384358984075 -0.197707088759286
0.0153443674580292 -0.0577391088341126 0.234619112639949 0.0824129208372095
0.0747475432867256 -0.0439482917919727 -0.107153339668202 0.318080944143749
0.030099958336489 0.0699263585773341 -0.297922144067798 -0.0966294239270599
-0.061262136246982 0.0232871414255587 0.128191941656657 -0.0630647581960652
-0.0334637485342522 -0.0762143314103963 0.138577762238232 0.254310074527208
0.0503400612604135 -0.10613604497839 -0.113400347017427 0.366792582873393
0.0853827814147599 -0.14907975663075 -0.179683414437143 0.393326148356007
-0.0323028628545041 -0.147057603991105 0.126661107744458 0.310376629064083
-0.106652768972906 -0.0176981712989503 0.266758377103843 -0.0342418268239779
-0.0080467598617555 0.0651948738520256 -0.0639802648207331 -0.197903384664489
0.065605584353286 -0.000978891387820009 -0.0994082991800078 0.14623381061506
-0.047407925596059 0.00172911188451718 0.0135795380899553 -0.0201963107583128
-0.0643012371712956 0.082909701732993 -0.0891800690012371 -0.00943764003599029
-0.0529641783952469 0.0600975932494628 -0.278365158605708 0.228263989168133
-0.051433773399273 0.00219720811706744 -0.0299337716911898 -0.173731091837126
0.0405119015723571 -0.0993154325139533 0.260666406267831 0.0958111315358867
0.125210628945609 0.00675121022220216 -0.0890000245059678 0.335977771330189
-0.00550675676799333 0.149423056270071 -0.284170291641727 -0.0526427270867522
-0.153606672958607 -0.0221015584604921 0.0736960273181585 -0.01586096063556
-0.0539880746835376 -0.201077897880772 0.0888426672524523 0.230916589238147
0.0824244956620032 -0.238781772281751 -0.0772625432014387 0.293529927795024
0.0689869099180405 -0.312393430381868 -0.0499850513013961 0.329642539316914
-0.197108168344883 -0.220423295632344 0.234828014295425 0.200656858242581
-0.176813839195719 0.170493480462238 0.230552655118617 -0.158934557746122
0.186204608242542 0.12271460725489 -0.111271592072917 -0.164563107322649
0.0771738039142368 -0.180147707521373 -0.0976116819169083 0.133288354402811
-0.205833831666486 -0.0100606106862224 0.0185467667924992 0.0436715443562582
-0.151840800713076 0.143713357599841 -0.00448653334222653 -0.0444857496936908
-0.13112896416707 0.104963973801832 -0.271608055433752 0.187639490155713
-0.14104499753177 0.0091303800976139 -0.0224542217065826 -0.160294619760236
0.0369498900173031 -0.152384150985406 0.270769619218025 0.0897540171158361
0.161000890860671 0.0651780595500228 -0.074389082449413 0.367890278149318
-0.0790046532943543 0.194665282304632 -0.307459364521735 -0.0038219946671373
-0.218330302765389 -0.115325683236853 -0.00456070545681423 -0.00717248436774232
-0.0268057697821205 -0.316687705495782 0.0437054209308284 0.161602365586811
0.105051887594853 -0.331562385384781 -0.0256511280037409 0.178987845933529
-0.0303358307012154 -0.391597190648748 0.0354812793644629 0.199368882837293
-0.334589559704557 -0.114579219665652 0.2517696303631 0.082863279065502
-0.00571829478561602 0.350841950814346 0.201257561748275 -0.215187447539945
0.349792603168343 -0.088556231726049 -0.142386489497334 -0.181206656840349
-0.112777113913513 -0.32956774159038 -0.12907187937642 0.175954913476684
-0.331509592085067 0.0758720409933675 0.102841991187133 0.120885190372761
-0.180207088332466 0.191850908617721 0.100195497541539 -0.127195637141435
-0.22620032500062 0.13148371041731 -0.224840492851262 0.111509308733581
-0.27846197278107 -0.0379013162659585 0.00936501579930011 -0.161401386009496
0.0507606618204507 -0.277487708411436 0.262651892004618 0.0753793910915184
0.246419274004647 0.147113605470242 -0.0841094198827279 0.337449410316164
-0.202708728893679 0.238217582976264 -0.303497147401461 -0.00706394517260413
-0.243728366832778 -0.257309728935394 -0.0595525004129583 -0.0366311045029838
0.049615269400082 -0.403823746331827 0.03405158785143 0.046503479853324
0.112735852678673 -0.376593972026068 0.0260268285004617 0.0354408283769376
-0.131951362447286 -0.368657962496673 0.0327914855455771 0.0543852778990235
-0.311257330769707 0.0261556150573294 0.21947145708747 0.0461118134452515
0.135275552093279 0.284881394482878 0.255870396259581 -0.257989166924612
0.209060332238823 -0.191851143717218 -0.184542964239457 -0.250043806488455
-0.213205595890532 -0.224620106820136 -0.12742137718228 0.220182202530716
-0.292635859732008 0.139780947680301 0.213512272508099 0.133537469172919
-0.155646525636113 0.185725988023407 0.180807225323079 -0.242713363171729
-0.290387154606191 0.108879134936921 -0.123748898153149 0.0323831841917282
-0.323547992136003 -0.155201876872218 0.079439583668743 -0.119584247035357
0.183246556268647 -0.316499032729798 0.21611629874499 0.078226714407822
0.244746507631021 0.313354591645099 -0.0833308975584365 0.243155943555194
-0.346160823719979 0.180692967918932 -0.254687528742942 -0.0187776002506873
-0.167265807205587 -0.39240670155213 -0.0785782984476981 -0.108313525583372
0.139425566608768 -0.418977183065107 0.0837652188198324 -0.097604777613557
0.0982839315039269 -0.369691504198046 0.0724829760233468 -0.116920923948979
-0.178270356269316 -0.289503498099626 -0.0302851694493654 -0.0576721048219892
-0.232120469535727 0.0823799371592988 0.16421276239062 0.0604273687491412
0.107718782330394 0.212840778020276 0.302802670868656 -0.270306347116978
0.116513488701003 -0.0653762830958123 -0.199969505969902 -0.314996876197958
-0.0933496026347062 -0.123158785823797 -0.15248445034232 0.193765507576702
-0.175065869401493 0.0729213237740165 0.238799955517565 0.128652467672245
-0.118438635242073 0.115300474812352 0.218958859389928 -0.325531220739792
-0.275772810172586 0.050761614293659 -0.00209082983751932 -0.00333377860648463
-0.21388848046691 -0.206593275924378 0.0998990213058263 -0.0253924018029503
0.2261886677872 -0.138884481040295 0.133625417498309 0.0393848821994746
0.0428588546277772 0.318426458102214 -0.0534758762783886 0.16792221692768
-0.305300899785652 0.0213887391171956 -0.226377749444677 -0.0375883880403397
-0.0340441492412025 -0.370202776242143 -0.0487480631017925 -0.207734730193714
0.174783901362239 -0.343254195948564 0.179194484598052 -0.23051917521172
0.0643295084831484 -0.302008476373576 0.108321229950474 -0.252480700308859
-0.16297169363346 -0.205725336701143 -0.101724015850288 -0.139571636146733
-0.170987600100084 0.0857767165179019 0.0579841020629077 0.0979739169880749
0.0700355116553342 0.176936129173355 0.335448166323382 -0.170486202596219
0.0938951204861168 0.0144667294943468 -0.127361683154583 -0.352354547791485
0.000489314761176335 -0.0969638762712248 -0.202953019837535 0.122314831822146
-0.098526890685026 -0.0232028342702652 0.202165822885256 0.165301953938491
-0.0982818295199047 0.0278057915387262 0.235315502764889 -0.341298249853906
-0.187503544250001 -0.00306829862846726 0.0855916408482367 -0.00140272723418141
-0.0922455691996735 -0.150538573076908 0.0467143313443807 0.0347984261613149
0.113559087956239 -0.00445414506088669 0.111931925449402 -0.0535332989404489
-0.0601829717290775 0.153369296086279 -0.0203284194694558 0.163911509660276
-0.139370300879193 -0.03095393043638 -0.218758361686835 -0.0685835732879547
0.0170523234878792 -0.21043373781635 -0.00752643537331121 -0.276167372479534
0.116505305542621 -0.209312713140098 0.259226350787779 -0.325421725364312
0.023976529814212 -0.187614043437472 0.126917022543387 -0.350918161522228
-0.104049877644974 -0.11885948716247 -0.149787296342161 -0.205701786105411
-0.105520644872342 0.0513663930976323 -0.0674160368229584 0.13320087838765
0.0290831113000601 0.108606226492382 0.360926271852822 -0.018565162149745
0.0358476867484879 0.0433539632917249 -0.00280458213302669 -0.371752473765462
0.0197889247483749 -0.044847618502277 -0.23932905628085 0.0223369321705543
-0.0547570585552707 -0.0557773378357418 0.148708969333239 0.209478768123851
-0.0825149324657536 -0.0261564492307051 0.253505079921051 -0.311998740986049
0.0368397122792185 0.0331606576560752 -0.266103065696411 0.277671782352467
0.0298199721345387 0.0330251535905615 -0.10210811890951 -0.204347481243897
-0.00448491885924167 0.00355144357337962 0.217558945409362 0.0359743774483123
0.00372749245947067 -0.0522820531251718 -0.0698296785981897 0.329987415666125
0.00990601966756786 -0.0361367125542101 -0.338046908355898 -0.0663383671682672
0.0448256093877669 0.010365989640969 0.114972264061263 -0.115055346451473
0.0250998746059544 0.0413002603940682 0.17005412714827 0.235325917469158
0.0127658384132887 0.0461668034804215 -0.116883784639999 0.387275039687002
0.0103571969272786 0.0299110556517886 -0.258452842397868 0.397538700757094
0.022332071623007 0.0238308818829385 0.0327603061889016 0.332394697929021
0.0126900750411902 -0.0237753540393863 0.261670989719048 0.0517455885782733
0.00253671707308121 -0.0378712225638492 -0.0141885595806479 -0.224219341886756
-0.00548466507863563 0.0185123941997079 -0.132695275617294 0.134169303663131
0.0389445726350208 0.0637315279005659 0.00664032011205289 -0.0349555648436827
0.0594947106691114 0.0367304508485031 -0.127900101924 0.00866910145321505
0.00127271107933637 0.0375099425820462 -0.269135229785021 0.254702989833375
-0.00912474968753475 0.00930355401745389 -0.060867885632679 -0.19686456222135
0.0142351040011228 -0.0588329028932968 0.238538333617277 0.0779347090837029
0.0743658636711676 -0.0460135549114421 -0.100068737475461 0.323016320038588
0.0326313670135793 0.0687670273016837 -0.301008918357091 -0.0898405317410833
-0.0609353451192772 0.0241457524609665 0.129523269153421 -0.0661863707887653
-0.036027033296963 -0.0756835992204649 0.14540107013432 0.252426106287383
0.0498911516586975 -0.108364687278394 -0.106774353241035 0.373801432993738
0.0832460669576405 -0.15385515348504 -0.176327317079876 0.402871538198214
-0.035248313101248 -0.147241378554036 0.133607968665193 0.310732210621148
-0.107698839471332 -0.0156974215528356 0.268735155607159 -0.0418049107580673
-0.00614119483199836 0.0651246924948728 -0.069530582042243 -0.19796218159355
0.0658725350572442 -0.00370615850611741 -0.0956665585262859 0.149316041969691
-0.0469689232870714 0.00317661082462937 0.0128783825094586 -0.0210111287496939
-0.0609641992224199 0.0860736428361805 -0.0930804926505309 -0.00633260835837824
-0.0513187619560108 0.0626746182314402 -0.273755860200162 0.237731914958364
-0.0518824320453097 0.00400166403858723 -0.0340561933610539 -0.174797215724551
0.0381418599170851 -0.101434369079099 0.265401427509342 0.0904680883165769
0.127274287057461 0.00261749345262389 -0.0816222519502863 0.340687360999322
-0.000244576480697513 0.150721614381972 -0.285354971745698 -0.0449811534917297
-0.153876193188099 -0.0199565109211781 0.0757900534739213 -0.017408119650643
-0.0595885945727529 -0.201446066439038 0.0947929980963578 0.230883979435103
0.07976073324535 -0.24204783774241 -0.0724980768984998 0.297586178639798
0.0611240048229127 -0.316610156808064 -0.0476025333862558 0.334554394258289
-0.204336534816883 -0.218534927840947 0.239364292671572 0.196822493920614
-0.173055972918762 0.176625049509059 0.228079738011952 -0.166753712050764
0.191007128052222 0.117863745063763 -0.115269254154913 -0.164007115606888
0.0718947121039832 -0.184895054975289 -0.0941388542351474 0.135384509217319
-0.20718829216587 -0.00382104598129447 0.0189726196183666 0.0428949251692024
-0.147665050201109 0.148645165281123 -0.00789328177945633 -0.0435763290973918
-0.128382934289747 0.110330063963582 -0.267163944268384 0.198566660968493
-0.14134857458475 0.0126728830938066 -0.0266468955581763 -0.161138841526885
0.0334353097428898 -0.154411225623085 0.276726571136682 0.0841365903016486
0.165954609556125 0.0614987490512301 -0.0660535613139681 0.370935975174337
-0.0732348569182805 0.199209122640842 -0.308264844904444 0.00537878714510654
-0.222252477865707 -0.111654383126404 -0.0035780931067377 -0.00659175865147102
-0.0345572264433837 -0.318163559795485 0.0478186621310427 0.162276609869385
0.100008686616279 -0.335116759083359 -0.0232693785140466 0.180944718665962
-0.0404370438096115 -0.392568664937269 0.0373598251083746 0.200453080338269
-0.33902051086504 -0.106061716663024 0.253569356668954 0.0768174953359414
0.00399921242162825 0.352490538428041 0.197714203755184 -0.222192017043541
0.349672390280901 -0.0980975947195127 -0.14687920970674 -0.180190710434063
-0.124319281532248 -0.329395028356325 -0.125863639574796 0.179451558276018
-0.331222545441095 0.0862914107451461 0.105858104637377 0.11806838658648
-0.176224457474159 0.199557782651301 0.0952940340971464 -0.132312022591313
-0.222939123875407 0.141320282155407 -0.22189053932275 0.119922736884443
-0.283449057139696 -0.0289066072278384 0.00465875664486549 -0.163168820307597
0.0444740680700735 -0.28102226532839 0.267098632328622 0.0680715104557496
0.253031657839155 0.141658797524532 -0.0766557418795152 0.343282663279221
-0.198002737127908 0.245301107798779 -0.306081365807083 0.00317519862265507
-0.251036999101939 -0.254511556770594 -0.0603574232229152 -0.0343733536345189
0.0414125951134861 -0.406959352734122 0.0352517500322866 0.0455637734814179
0.106191247733429 -0.383168178933366 0.0268829923077589 0.0344879978950803
-0.141848266704042 -0.367583631906009 0.0334588262845889 0.054100891978177
-0.313326142040668 0.034760711330102 0.220631369724847 0.0407119320599649
0.145128234381222 0.282349013870704 0.251067518469238 -0.268492323003345
0.206047853052185 -0.199533164178057 -0.193645690158509 -0.247145499839917
-0.222216297727926 -0.220175896764008 -0.122662782027581 0.225383594513584
-0.290205442524528 0.149551741474634 0.21758760533767 0.127571547561055
-0.151316794739702 0.192522969107302 0.173600603261204 -0.249180197281877
-0.288447948269296 0.118830105260139 -0.122690803099051 0.0376598754948655
-0.331064007387989 -0.146412289226561 0.0767882216636253 -0.122971274590276
0.175632819610058 -0.32370300327452 0.219913970390612 0.0734216636234515
0.25784099628452 0.308534788845135 -0.0783815264957668 0.247201680373826
-0.345283537094407 0.191661854874728 -0.256870307323705 -0.0117108114536899
-0.177325483632786 -0.393206567315808 -0.0806694256850225 -0.107030368660922
0.130834945370297 -0.425396923653479 0.0821143903022503 -0.0994669850860737
0.091553556054722 -0.373263801901725 0.0703908956956486 -0.119420126414424
-0.187348034194534 -0.287758151361382 -0.0320918706605726 -0.0575666789314065
-0.230868412009786 0.088676018195608 0.164039928904555 0.0573712981778274
0.11522663399075 0.211641153871374 0.29774977911552 -0.280094258578682
0.115710921520605 -0.0689126037080516 -0.210557606189917 -0.310699926811619
-0.0975917675023285 -0.122089371428242 -0.148583375619541 0.198497590153532
-0.173022009222804 0.0786946654506655 0.244045985971005 0.121480972126432
-0.116882644586321 0.120599046462654 0.209226586804588 -0.335186314672711
-0.275295111701937 0.0598178520891311 -0.00135135436513551 -0.00282287058340091
-0.222127557481221 -0.202030346402016 0.0992625903262493 -0.0281907990415909
0.224789308439592 -0.145821158413448 0.136293251059217 0.0360189192560221
0.052352150977162 0.319704628943032 -0.0514284404151024 0.17072745656991
-0.308232441646178 0.0271883527568886 -0.227746390865511 -0.0326614737867432
-0.0439446900784175 -0.372444834074822 -0.0530811410415847 -0.207600134238524
0.168127558550191 -0.351278771143667 0.177675606283209 -0.236424232946685
0.0580965260956394 -0.303862256593888 0.103058606097531 -0.25738728580317
-0.168593323082477 -0.202406259558371 -0.106005513004892 -0.13844251696773
-0.169531864551454 0.0901558816656911 0.058370573124798 0.0980212068827625
0.0777086656765172 0.177042582870183 0.335576257889872 -0.179521517763869
0.0963053023605216 0.0129716470699878 -0.13715579422001 -0.351593164641974
-0.00157269493273893 -0.0978406168473709 -0.201569249082986 0.127475289743454
-0.10011872578027 -0.0204072507293317 0.206788709105691 0.159952182523826
-0.0983941230659448 0.0315618605947801 0.226429301222054 -0.350888495825756
-0.188201043082676 0.00235325315157156 0.0879912195401637 -0.00378457455653076
-0.0973229320659035 -0.149529158205231 0.0480733395291675 0.0331069577481962
0.115369977945415 -0.00805637470045293 0.112461783724874 -0.056561733491805
-0.0560307439188121 0.157354299746793 -0.0175379978613437 0.165919070785145
-0.140653722599695 -0.0276363783088098 -0.221608419321916 -0.0642994297159388
0.0112242333142557 -0.214486578294628 -0.0147525927242968 -0.278241334672781
0.112468005197114 -0.214290902818828 0.253437616902662 -0.335437192485711
0.0200756497271414 -0.187262878629534 0.120249589500208 -0.356962208336583
-0.107346478224243 -0.117418663476364 -0.15631133994256 -0.205804400461048
-0.105560950950024 0.0542552877029189 -0.0669545911348821 0.137978985994591
0.0338715473692658 0.109290229949261 0.364443186877384 -0.027047262445513
0.0383697809139902 0.0436848929710773 -0.0103010861711259 -0.373692636180437
0.0194169257492417 -0.0455263045441593 -0.240641473407889 0.0286312848160612
-0.0567173235628752 -0.0551721340144728 0.155166394133355 0.207072859887249
-0.0836495870491309 -0.0232362743642031 0.244859771428053 -0.323030689654106
0.0382428098113391 0.0317106574020853 -0.257062683286938 0.292137660595122
0.0312460304934947 0.0322384612660694 -0.108823024129192 -0.202022149933602
-0.00335973676310574 0.00405686832428048 0.22215979761552 0.0300985809013755
0.00116916115241042 -0.0534712371763565 -0.0601457445239013 0.334126585067882
0.0071086185149403 -0.036190160899124 -0.341083674487853 -0.0563025579735899
0.0448887986614297 0.00793919574346202 0.114393574143634 -0.120557878728805
0.0274879990318087 0.0410910169817624 0.178988580138077 0.232074444961457
0.0156307242094539 0.0459695613818731 -0.106164510742545 0.393498121004208
0.0119565731175513 0.028947261844313 -0.249655705537005 0.410156699014438
0.023995124397957 0.0233703351584479 0.040487931206287 0.334916195238808
0.0118658242956684 -0.0244288381593793 0.262746046273881 0.0441634249688414
0.00100988109056882 -0.0388542889600884 -0.0211535124885049 -0.224891174950315
-0.0049547925728712 0.0181361786079335 -0.128487299735605 0.140020811653411
0.0423721412646226 0.0619798017560214 0.00560638529203492 -0.0356288732739499
0.0618937198006432 0.0344053815798432 -0.129641466287189 0.0149614290890899
0.00296639986304927 0.036612231145564 -0.263030344070628 0.267741784362171
-0.00863116423373483 0.0105257803818197 -0.0670846951323836 -0.19538114482034
0.0118920690257384 -0.0591275004726508 0.244482335129811 0.0719694541737632
0.0730159873154537 -0.0497229127530044 -0.0911890988838752 0.328308942105507
0.0356121894705652 0.0682135548883099 -0.305579877639144 -0.0820820377014749
-0.0602403778616116 0.0256269023024342 0.131322249125745 -0.0698980607502486
-0.038374463317002 -0.0739969178145062 0.15506181848325 0.247981415688498
0.0480117705540843 -0.111429192418878 -0.0952294994217395 0.379364479298715
0.0800435341011661 -0.158534783084942 -0.167048164795565 0.413207156684022
-0.0395625989794712 -0.146861168723827 0.143902563320131 0.307425747535613
-0.10801038074095 -0.011755838747988 0.268735411382012 -0.0494428588448289
-0.00348206390572319 0.0655455160097335 -0.075149443115817 -0.197743820800482
0.0665758619366009 -0.00628885549810072 -0.0912152363252483 0.15402577807188
-0.0462547412198156 0.00447754169343854 0.0117241027808594 -0.0222528879551177
-0.0585559631275689 0.0885901022375969 -0.0963100549931407 -0.00176905810302971
-0.0495449762386348 0.0637895857096436 -0.265988969467799 0.251250240903794
-0.051993014316548 0.00548569738926071 -0.0399875085317961 -0.17492724665623
0.0348764653803595 -0.103461527558335 0.27061997380615 0.0842296071283995
0.128715769827125 -0.00145881686110057 -0.0709765660088778 0.345195988321067
0.00522143513464752 0.152040524250016 -0.287235826197266 -0.0361204794048623
-0.156340735583301 -0.0144079460836158 0.0779508201607358 -0.0185491747577321
-0.0665878028913484 -0.201375009594748 0.10315059715386 0.227562833993762
0.0747944971502321 -0.246553806203562 -0.0650417372418759 0.302543684255147
0.0528112460606342 -0.321071094913 -0.0398358869524327 0.337840015037415
-0.210585812832586 -0.212755182418158 0.245577183111833 0.190757698629795
-0.168057401778132 0.184701907473986 0.223705165838663 -0.174465651885731
0.19624324368009 0.110925653546206 -0.120523343851432 -0.160449888286522
0.0648718956526417 -0.187895760969699 -0.0899282248201404 0.139885123543129
-0.207401888076586 0.00383928562823499 0.0196129723735499 0.0420658924856076
-0.143948163324578 0.15570763022249 -0.0119734392632033 -0.0431204024520312
-0.125150664231716 0.115716676026852 -0.261653890851073 0.210324926732687
-0.141863699090862 0.018405643938241 -0.0331957326450888 -0.160645943614845
0.0296808990819091 -0.156474404996813 0.281168195485138 0.0748718840464427
0.170353760961636 0.0562577467518514 -0.0540538466094714 0.375010457742637
-0.0672630759913384 0.203389647040305 -0.308983806842063 0.014955642252099
-0.226818045114347 -0.103732230022537 -0.00305664601968511 -0.00521466535289247
-0.0441606857274381 -0.319380601082438 0.0531667444293957 0.160595581789478
0.0921770247887548 -0.339446664515537 -0.0189271378367942 0.182703469511753
-0.0518981224794573 -0.394191051292636 0.0429958400445527 0.201421294423508
-0.344379170855888 -0.0973256272906109 0.256539683835464 0.0693341310641408
0.0171657476139564 0.355827479467734 0.191662073104262 -0.231519928859324
0.348593875116837 -0.111438031609738 -0.153790510739081 -0.175341116921319
-0.136820066920383 -0.326030026432131 -0.120073715414864 0.185205009307274
-0.329698363510163 0.098546165432873 0.110513154653947 0.114623012078496
-0.169929890254251 0.207533831000957 0.0892270475419055 -0.135755312779601
-0.219206469744851 0.15180410888617 -0.218319285135752 0.130122613391922
-0.284257371980787 -0.0184566355855145 -0.000960863070957461 -0.164908773390949
0.0344483304204154 -0.282978984558149 0.272140456022085 0.0606866429238682
0.260504713252492 0.133802443818908 -0.0659418209288539 0.348170633209265
-0.190070032087967 0.252166257375787 -0.307967167862626 0.0127710553471148
-0.260096587062062 -0.247553396499266 -0.0614201926306421 -0.0315539231734448
0.0297460024383705 -0.411531795014126 0.0373142654757189 0.0454354177300139
0.0966590303761585 -0.387971602237601 0.0267892447955568 0.0342178763336581
-0.154643404786807 -0.364031670505534 0.0349842429135758 0.0544571273432768
-0.313382852813386 0.0446764488919492 0.222150289726302 0.032947085691309
0.156927146004656 0.279850073439137 0.243252056093303 -0.278828247296321
0.200309471910375 -0.208223663566633 -0.20298873925051 -0.243081911486382
-0.231923249537705 -0.212917456521112 -0.115626020519958 0.230906560973781
-0.284973410210978 0.160705385646583 0.222327510091796 0.119313272352731
-0.144909257770177 0.199646490417262 0.164542972203404 -0.258187364827415
-0.285001750751958 0.130254633660044 -0.121335085156229 0.0435761245728297
-0.33875824332264 -0.136276539678561 0.0724485044341154 -0.12610182680137
0.165320216673063 -0.333543620385876 0.224540493153208 0.0678981887162147
0.269947437115525 0.301624808782144 -0.0715253023115329 0.251632431913036
-0.338627594977678 0.203885439272255 -0.259243682789601 -0.00344109394478585
-0.189740991402696 -0.390990831406379 -0.0845836826146754 -0.10383591970509
0.11814888996214 -0.431173925620581 0.0808046537156848 -0.103655347158612
0.0800136719315528 -0.376091459064674 0.0667448194928536 -0.122130557603975
-0.197387177089955 -0.283690746481954 -0.034761931076869 -0.0570567758286035
-0.229943493605668 0.0954720527146372 0.165027429197485 0.0518778073732837
0.125026290861799 0.207881271641935 0.289653037454146 -0.291438529856044
0.11492235998819 -0.0736749988633764 -0.221179618383115 -0.305385760888201
-0.102305615345227 -0.119004060405817 -0.14327612661394 0.205965732274489
-0.170711288216561 0.085690469662001 0.246961041280654 0.110969130851986
-0.113122746450109 0.125980442749594 0.196940956747472 -0.344136996902752
-0.274636026944464 0.0710484165298558 -6.98771206937915E-05 -0.00227840899953368
-0.230056707064992 -0.194324495694397 0.0989441513550346 -0.0317005826921935
0.221598414927682 -0.15443696595572 0.138957534074868 0.0319123869897681
0.0650225545920425 0.32074089971544 -0.0469750019402281 0.174469370044175
-0.308967883638304 0.0382093771397992 -0.229523736376083 -0.0264458658660823
-0.054832727462892 -0.375523005259805 -0.059653749887379 -0.206631589846978
0.158712763514425 -0.358936702222769 0.172441206257153 -0.244519095124367
0.0504058446644731 -0.305963449745721 0.0961123402385316 -0.261052168244054
-0.176792726013382 -0.197829375981188 -0.111001126412096 -0.136590096213313
-0.166893008059737 0.0946520452307513 0.0589275025629631 0.0976190395092962
0.0846362787431479 0.173827919184195 0.331608279426684 -0.19040448224507
0.0972946537487036 0.00949790527755774 -0.147785866252069 -0.35026210708252
-0.00545760981203038 -0.0983133203145919 -0.198992753401019 0.135153787332095
-0.100223208522266 -0.0169265058511578 0.211703432030821 0.152197836503765
-0.0979238926906556 0.0363957267639066 0.212655740342606 -0.361458844106642
-0.18873812285717 0.00994251816977367 0.0901718757582925 -0.00654734542046519
-0.103735652831403 -0.145954093273397 0.0497664890009442 0.0323029393373898
0.115533329029262 -0.0117751840988449 0.112384296280569 -0.061273309110443
-0.0490214143057442 0.160571342296794 -0.0132467027266294 0.168214199203518
-0.142024962558717 -0.0235176482736879 -0.224065378402021 -0.0599201639116412
0.00553946388676103 -0.216759260793569 -0.0229887096435338 -0.279086087814733
0.105334335096897 -0.219786437786563 0.247587244683142 -0.347258856815807
0.0154236640117612 -0.187108359471085 0.110674764038052 -0.36251115652191
-0.11110226797709 -0.113282953821912 -0.164874366965396 -0.203180893486293
-0.104419697967669 0.0562847459698505 -0.0653568838974304 0.141686723480014
0.0383729122911722 0.108639634613529 0.366395993585212 -0.0384053882719419
0.0411103692100307 0.0428786083773347 -0.0221618535859208 -0.376798758405743
0.0175660838192106 -0.0462052138555611 -0.242807910225054 0.0359017467583719
-0.0581740093856292 -0.0523564816613321 0.163267139861213 0.202346442421584
-0.0857913735281316 -0.0202505054273883 0.232280789224091 -0.333134613105542
0.0385842781992037 0.0297443173404303 -0.246641055784716 0.300539435458341
0.0319197415550277 0.0311655020300178 -0.115964549136855 -0.195959379009133
-0.00269503967310797 0.00316410493700113 0.22413773327261 0.0222815933194355
-0.00101456197908674 -0.0530887458025243 -0.0490944905667304 0.33760567253238
0.00511225929254905 -0.036921767229097 -0.340744198054871 -0.0465020934000971
0.0455239156746993 0.00619264271565187 0.113124786075384 -0.123746811872577
0.0289843063844479 0.0396583905220591 0.186320980327116 0.225481647569101
0.0185985748138612 0.0430108639040648 -0.0941970677058612 0.396317519667108
0.0123438440172783 0.0273053922862639 -0.239274332910309 0.418003211473278
0.024864117413753 0.0223851492695866 0.0482220030819461 0.330855681356476
0.0119186243272809 -0.0251297718383579 0.262773438578035 0.0357955050702277
-0.000272227243021902 -0.0396951735914897 -0.0279125887174528 -0.222967714976174
-0.00454495860671555 0.0179716258923963 -0.124462115014007 0.142937284333573
0.0441360308677668 0.0600997130944422 0.00443381412695074 -0.0362365201422461
0.0633293691932674 0.0316427809727596 -0.130706791657631 0.0215032168315512
0.00411241457486245 0.0356939218166593 -0.250695421946736 0.276573118859075
-0.00847395447739253 0.0105485215131085 -0.0742892701160777 -0.190764456630263
0.00999932032205521 -0.0597430225106371 0.247707211562835 0.0651413062868867
0.0712512041390389 -0.0526119144680374 -0.0803281131434872 0.33122104447093
0.0379280607175045 0.0667349901294916 -0.305006809388686 -0.0726765484880693
-0.0588880783595556 0.0267364294609918 0.131077610828233 -0.0741453680078288
-0.0398659724941288 -0.0730440069069845 0.161978271108365 0.241497929815744
0.0455966942350204 -0.112327376684416 -0.0838406683475194 0.383207489405542
0.0754581138543044 -0.160005890204046 -0.15674327143474 0.41877561960056
-0.0425340400795069 -0.145544151938952 0.15035782766432 0.302333324222747
-0.107501885427242 -0.00866422758214884 0.264556305396213 -0.0577253944153216
-0.00270869486522176 0.0650608250474715 -0.0814005486493009 -0.195926172225132
0.0662972079109224 -0.00860575003761219 -0.0850233753009426 0.156436818363924
-0.046197209916541 0.00594697790908023 0.0116333987132113 -0.0226210865913686
-0.0552439492248453 0.0909960679236472 -0.0970700467812446 0.00279057828846068
-0.0471286586959795 0.0663280190786588 -0.255888260972452 0.260262899025892
-0.0524647993949608 0.00698363155951244 -0.0467037325230626 -0.172485966687757
0.0318256558838374 -0.104450040739431 0.274870649738175 0.0745409232408193
0.129455846445339 -0.00575592626714665 -0.0613311112521832 0.346614854149028
0.0108915289680691 0.150982616127606 -0.285967129685762 -0.0271735059700861
-0.155576019311979 -0.0101916732902246 0.0788725191210582 -0.0202307654515661
-0.0720315321988665 -0.197869139602627 0.109739592423442 0.223683038301008
0.0683124420747883 -0.246106626463464 -0.0553499779037862 0.305414603537103
0.0439686789286155 -0.32100454889647 -0.0329144449014678 0.340064256522484
-0.215725978646188 -0.206137446475617 0.248148101394583 0.182600021728801
-0.161176298713458 0.188973823910874 0.217426779404856 -0.181340316892344
0.200069903384797 0.104176470447221 -0.12525464417997 -0.156663437132968
0.0582294833779154 -0.189385930424501 -0.0844018029986276 0.142070005079771
-0.205664773031384 0.0112067426068 0.0213957197312105 0.0410548793014384
-0.137986487950831 0.160499570470613 -0.0145927270138518 -0.0407253602614087
-0.119847472546456 0.119866482367475 -0.250539887132275 0.219277499233743
-0.140949701436037 0.0246635127713755 -0.0390963758533985 -0.158625973977181
0.0239496419454135 -0.156934409937163 0.284764482089923 0.0660752164906246
0.172773986148739 0.0500717135974245 -0.0418949592511142 0.375998022313752
-0.0606120868184943 0.20366864541078 -0.306479862835449 0.0251789366009974
-0.22864503743848 -0.0975848287957143 -0.00188895450346685 -0.003075388766493
-0.0534214726125035 -0.316633539443624 0.0582597666952737 0.157621104626859
0.0847036431732325 -0.341156909051118 -0.0138237679292856 0.182326051447179
-0.0633356296382049 -0.391592741557654 0.0481185345038844 0.1999976302804
-0.346829099043233 -0.0854220504583459 0.256148595879836 0.0612941487534282
0.0298499980581792 0.353135461402434 0.184548944314704 -0.236701800665245
0.344604001923637 -0.123687937882591 -0.159202030063376 -0.170870319071924
-0.147516297463228 -0.320857726932595 -0.113865897454364 0.187405290934366
-0.324592450474841 0.111277377037501 0.113257128558369 0.110217999384675
-0.161797483186024 0.214687747792063 0.0831737807282232 -0.137245445559692
-0.212959266776976 0.159109073073521 -0.21152655766618 0.13901139804632
-0.284971817660371 -0.00858885038911598 -0.00673732948696955 -0.163647521664961
0.0244652048379019 -0.284006648979864 0.275084491137557 0.0505659247211842
0.265310995179574 0.124109168092141 -0.0549206910499061 0.349374853272967
-0.181408808324645 0.2577752111308 -0.306710053662896 0.0226768521066578
-0.266694776082595 -0.238640248054568 -0.0614982681585104 -0.028033661370798
0.0166818372812137 -0.408897753138244 0.038036224891503 0.0432404747343744
0.0875178525446183 -0.387791083132833 0.0280761993392705 0.03235643065059
-0.16548797086223 -0.359012319719905 0.0361550026821754 0.0530545349251571
-0.311290810956605 0.0536234907926326 0.219991694716922 0.0256865937475742
0.167086994158389 0.272581257660148 0.233471450609784 -0.286907085897533
0.191511754184143 -0.215386895023962 -0.211343658910718 -0.234381215735684
-0.239034106154076 -0.204384991143891 -0.107972692652769 0.233927080516913
-0.279996699970926 0.170719570380822 0.225154354438564 0.111160055032281
-0.13794630376123 0.206031610016651 0.152155687395344 -0.263209780363189
-0.279783424631357 0.14086157148504 -0.119235519780252 0.0500386618342173
-0.341616825201077 -0.121188438411453 0.0669808904881485 -0.126625727097087
0.154155534115389 -0.337922694709429 0.227380653153519 0.0599930572246226
0.280823464144487 0.292419344183703 -0.0640572866205234 0.254451066983242
-0.331762041753042 0.213286579657199 -0.257762769018177 0.00486089387935778
-0.201509630474249 -0.38297096207769 -0.0865532662888628 -0.100704820241137
0.105881825442064 -0.434198750127255 0.0770957455060738 -0.106782879139119
0.0712447091199569 -0.375717951079328 0.063350854694889 -0.123486129805933
-0.206695557744476 -0.275045756509412 -0.0364208863624523 -0.0559519642228636
-0.225877368677359 0.101889783570441 0.163543080364643 0.0462373762833536
0.132497004381328 0.202324752922658 0.279004752602551 -0.301076765477397
0.113074319788505 -0.0763934761395266 -0.231697076627943 -0.298082387419731
-0.105573429312255 -0.115491283984354 -0.135225422264698 0.209679432843699
-0.166725380571211 0.0914467492493437 0.249055108838911 0.101940832408954
-0.108456337011698 0.130639162505806 0.181732463349845 -0.35102167260055
-0.270542651980095 0.080332051936482 0.000648883285766317 -0.00165058756641762
-0.23744594006004 -0.185427511381015 0.0977934783088414 -0.0332813222126625
0.216479240747939 -0.161413152915565 0.140870733363787 0.0280729593184348
0.076491132100619 0.318527620096832 -0.0428377428757621 0.175969374352745
-0.306552100029632 0.0471068124618236 -0.228417122918203 -0.0214871028748145
-0.0659061989666117 -0.374679881727842 -0.0654989974925965 -0.203915389568758
0.146720806540325 -0.364156020494111 0.166160211145334 -0.250973235613975
0.0427188665137541 -0.305975623492429 0.0883953047592563 -0.263084000527603
-0.181590317354471 -0.190662216036956 -0.116482963585186 -0.13355820263876
-0.163412713878247 0.0997743455322297 0.0595404249959506 0.0970324801372261
0.0925974079952334 0.170907402430002 0.324263099458597 -0.200698185862075
0.0995083280475366 0.00620017501146882 -0.159440238589011 -0.345416844590673
-0.00859152002827084 -0.0979677516573949 -0.194948145075925 0.140790786367571
-0.100423862921686 -0.0134083835741869 0.216286759539165 0.143565903182932
-0.0966661993984231 0.0398067402910522 0.198452304851528 -0.367530756343445
-0.187152463924076 0.0174192635000898 0.0907713147678493 -0.0104931743407523
-0.108610174846306 -0.139492536947964 0.0503419539153395 0.0315889028877776
0.11673594116398 -0.0158810980661355 0.111704307973472 -0.063835800240287
-0.0430194542449425 0.161614231001716 -0.00914284288933923 0.168947978767075
-0.141048342971313 -0.0187986536189906 -0.224436758208332 -0.0543922773126616
-0.00166975899976224 -0.21798404196919 -0.0314949568718085 -0.276798259341419
0.097470462266147 -0.222197040923578 0.235955773210076 -0.355232440449813
0.0105619489505599 -0.186107331215481 0.101196810215423 -0.363230540597063
-0.113808842000144 -0.109766312714561 -0.172059429041667 -0.199130094212999
-0.102978330292071 0.0587428382442219 -0.0629077111750466 0.145195481601657
0.0430344989556225 0.107638725981325 0.364609025631932 -0.0491896619907968
0.0429418134238597 0.0417371409660059 -0.0328836997723561 -0.376174118493137
0.0167801087537817 -0.0466044921140341 -0.240179866942685 0.0428903103012353
-0.0593357317768626 -0.0499187146077083 0.168439526223864 0.196414392834572
-0.086969547604869 -0.0163471522089066 0.220187600798823 -0.341022040735462
0.0397314222801043 0.0236993810246381 -0.180342628205898 0.339519460246007
0.0361479518539364 0.0228898121289724 -0.149933207486928 -0.16911047701566
-0.00097165567317191 0.00325036284616845 0.223104208183823 -0.0195233797343618
-0.0113582300686766 -0.0484546109120352 0.0145520146607908 0.336815079983215
-0.00371609374542275 -0.0380437912729528 -0.340759030870617 0.0197445519766592
0.0449428536556446 -0.00172839531868171 0.0895113455457987 -0.142156833762581
0.0375628933030417 0.0334239806769627 0.222022352800897 0.183721221083543
0.0260399145845326 0.0382051243420721 -0.0180926395525601 0.401054083449653
0.0148521781635975 0.0257161914614181 -0.157429140855664 0.452081528182217
0.0277694719728649 0.0167985168080145 0.107469302773003 0.313107591424471
0.00790950388208156 -0.0257428444547277 0.26163048690472 -0.013089751775852
-0.00812173174338193 -0.0410336631554966 -0.0719181930951783 -0.211875192472788
-0.0031060584812299 0.0183059062032867 -0.0914652211291588 0.162961771281189
0.0546211818904894 0.0501205409548052 -0.0030547286327564 -0.0370744602484783
0.0677269059410397 0.0177780770577418 -0.122248203556346 0.0492274264454135
0.00599782270819456 0.0357182419308077 -0.190151890155542 0.319229098283823
-0.00706788450053658 0.00943957487943478 -0.108964003622307 -0.170800080310639
0.000999383585817579 -0.0600035070620605 0.252697904720942 0.0159503792650633
0.0590640237346476 -0.0609507155130092 -0.017328055107321 0.33494026397284
0.0469254460195176 0.0569974020034494 -0.308440368093388 -0.0138587782834778
-0.053317070869914 0.0348140338584487 0.117330636240089 -0.0965344160405454
-0.0502187970276634 -0.0646356810345176 0.200573081364219 0.205500537963941
0.0255899024674466 -0.117877170961639 -0.00987596943700707 0.387567967382974
0.0455991241718999 -0.170879570584299 -0.0777276755783938 0.439128700343552
-0.0679136623276721 -0.135216461180512 0.202406627483334 0.266325233147875
-0.10630444669449 0.0112519592975813 0.246617740201604 -0.107066869169315
0.00974503077728127 0.0631543037042438 -0.116442465263878 -0.175006678023249
0.0624496778510631 -0.02099024260724 -0.0515305315799931 0.167536757425265
-0.043761592408362 0.0143605242630268 0.00640989404775421 -0.0250518572548559
-0.0375166691317202 0.0989350653469422 -0.0940280961000172 0.0243486611581029
-0.0377392997827223 0.0737185802725917 -0.198214497337022 0.304005018167363
-0.0496477905425716 0.0143335361473356 -0.0785958435686926 -0.156430649720863
0.0151827734685372 -0.107099813632665 0.280820488250067 0.0193342070161848
0.124678425256537 -0.026423638305243 0.0056991455026284 0.347625496512256
0.0362094430868815 0.144547961871784 -0.281563403162373 0.0268891521257622
-0.154481892648942 0.0169927525827406 0.075771498042225 -0.033669887588782
-0.10481276634718 -0.17941924825635 0.146803780213672 0.197107193580321
0.0230207986738133 -0.253351825952286 0.00252420388883555 0.308280385735698
-0.0142795005356191 -0.323677380056738 0.0299755916578161 0.339165061943411
-0.248590674356545 -0.163925891722666 0.275845189473216 0.133168951204846
-0.122354110145696 0.215137711787824 0.176851901867838 -0.219195842461925
0.215898826953513 0.0637223304174531 -0.153478087646491 -0.129469106162334
0.0215224319188283 -0.198070193853542 -0.053424659013263 0.154342469700043
-0.199504338670023 0.0507304141152799 0.0296644010467564 0.0350507033519862
-0.104616772888351 0.184541026152305 -0.0228796958452853 -0.0358157766697262
-0.0991905261992733 0.138870234157645 -0.201045171261699 0.264211058711422
-0.132445223833782 0.046275804923934 -0.0701657736525733 -0.144994210139481
-0.000708889296167939 -0.15638775113867 0.289083560189532 0.00949070148575006
0.177426565569674 0.0220407225965092 0.0301825621455347 0.372929128645443
-0.0233138392679251 0.208989367375828 -0.292770996347006 0.0835678381777773
-0.241133467951158 -0.0549895286321051 -0.0015865918207305 -0.00143962356245423
-0.10844310910134 -0.297165075462939 0.08569854828742 0.142248640628776
0.0216775404368861 -0.348207186806316 0.0206912728823325 0.180845387297143
-0.132646620898231 -0.374079470376984 0.0830140454632361 0.187416734111829
-0.35500895359815 -0.0223139294122748 0.260777565656959 0.0129707848815317
0.0953629479616437 0.34280068289248 0.132914889331602 -0.269058612987551
0.31690054431455 -0.187454699244596 -0.191024990542822 -0.134403636727847
-0.207249182052852 -0.287846070957794 -0.0721574584774706 0.205747510503619
-0.29800246780073 0.171638194903691 0.13256037478194 0.0832158983680169
-0.118721462354046 0.242802594703855 0.0523541335720889 -0.150653921239508
-0.180458369479313 0.192047494916947 -0.178326685083215 0.18025328172575
-0.277749888848614 0.0405286427261086 -0.0407453632392812 -0.153935983363425
-0.0234185513446386 -0.279933632892911 0.275848499285568 -0.00428117292649911
0.280444296776657 0.0768063347248593 0.0136162367607247 0.350274147092495
-0.133070161126541 0.28218265529819 -0.292813649499261 0.0843304413602909
-0.302577929563093 -0.187686504278324 -0.0653609531685328 -0.014145019350642
-0.0564145811162189 -0.403062275062361 0.0463779285530414 0.0351268790210283
0.0178488237837091 -0.393965551865217 0.0334580353368478 0.0288086705956036
-0.226091527307386 -0.322275952474794 0.0448839439581472 0.04593589145036
-0.295939356751251 0.108960308801938 0.218010161466402 -0.0162838166228954
0.215610917135167 0.237203399471578 0.169753097928519 -0.327006268654382
0.149599478823518 -0.249768460405544 -0.253087763833344 -0.186117252663707
-0.274140999550846 -0.155453286255849 -0.0571326210523576 0.248467182369984
-0.241008792214104 0.222530641148877 0.239556076411249 0.0603376349537148
-0.0938582848179496 0.229018861323714 0.0928673239363847 -0.286468952020566
-0.247108605085285 0.187097619131283 -0.105031443208412 0.0756666532832254
-0.352398609427036 -0.0575189544941408 0.0370861507297893 -0.133318040219538
0.0923692164274394 -0.355648785697703 0.231661477035524 0.0122549776896973
0.325612291613447 0.237144499321532 -0.0125207929063639 0.259011065789034
-0.28639973484228 0.267345124787748 -0.249875954992079 0.0551441012503421
-0.26479037450797 -0.342804477587433 -0.104628914399855 -0.0817734735801288
0.0257756082188719 -0.443761360341243 0.0565145755128072 -0.117398401190776
0.00225463625317631 -0.379924078683785 0.0386839310349116 -0.130179984691442
-0.252066795966109 -0.234426095316992 -0.0458074466395166 -0.046044299470366
-0.20407063307717 0.139608008783381 0.166581149988357 0.0144980692698593
0.171370212394844 0.174998302256805 0.212573054048392 -0.348053795845686
0.0986224459102765 -0.0993468987041139 -0.285663690107971 -0.243132273309863
-0.126355832273789 -0.0936428543714997 -0.089522702699329 0.229802574437824
-0.145377731687655 0.121939547515651 0.260890625112025 0.0474097328299319
-0.0790103916846583 0.149158462875497 0.103388764111436 -0.3790767841972
-0.249210218072837 0.125765709841465 0.00131727106479408 0.00195850424145601
-0.260994426140899 -0.137166301794444 0.0865491271293048 -0.0493405392728009
0.185511520009473 -0.195709606037167 0.143265952200849 -0.00199701865220251
0.130056256891038 0.296543432400632 -0.00808359056698507 0.180308278020417
-0.290216465141767 0.097854173134702 -0.228978249148127 0.0235772545586829
-0.129762271321127 -0.357451093077022 -0.102810220178213 -0.186988792918135
0.0782387067870697 -0.382516798539941 0.116578670777419 -0.273698245029908
-0.0129190312514281 -0.30472004738467 0.0382053647341312 -0.269959540073438
-0.211937649068851 -0.154305602226688 -0.1370174761221 -0.108516116984592
-0.143020781617224 0.125729739520399 0.0749670362926726 0.084393082289924
0.125604706479137 0.151495405800769 0.277294335215911 -0.25769839556456
0.10069799437182 -0.0146051943598294 -0.223559333145602 -0.303229786708974
-0.0278093418106116 -0.0950968598708502 -0.160035172448353 0.175686262415808
-0.100454454059472 0.00699598419079215 0.237024158271398 0.0958852352034237
-0.0845255834637715 0.0580365681930001 0.114930686195288 -0.397468271149712
-0.178460998712237 0.0500322642713896 0.0858084687084392 -0.0256997618623075
-0.128808874735027 -0.115139419966434 0.0527700129462425 0.0219749234163889
0.112629673569343 -0.0363650538904054 0.0969305150730871 -0.0851689722241816
-0.0135232786062369 0.165327740527214 0.0204978769079941 0.16865784202783
-0.140697490803193 0.00431184474575999 -0.229600306986193 -0.0126939823220694
-0.0384100422159539 -0.215360356587734 -0.0812260024458361 -0.264440518596723
0.0538426577399422 -0.23637926790549 0.167680862846243 -0.389216328921851
-0.0228816650568712 -0.184227504956039 0.0299032581078717 -0.371440793691912
-0.131906905557494 -0.0884543476248263 -0.205025274308676 -0.163110513608079
-0.0905168439923935 0.0757753225389414 -0.0332795338885666 0.155109937629115
0.0656534977184819 0.0993924627247544 0.346657242438669 -0.118302529910925
0.0519358968714507 0.0306574893787245 -0.106579742321089 -0.359605589440053
0.00626187279254918 -0.0500687357519997 -0.224076310568859 0.0899713140628219
-0.0669139683546348 -0.0372926522280307 0.201581676999419 0.15584742256223
-0.0847211918728446 0.00054997072917295 0.141335738244943 -0.375727518676944
0.0394739953650719 0.0221362453580313 -0.1683713108895 0.342650761204863
0.036773394628003 0.0210484707750783 -0.153167518301104 -0.161556037856038
-0.00177734408394558 0.00334717962644011 0.2224445423897 -0.0242349077337098
-0.0127163362806249 -0.0472543186922761 0.0207350265005073 0.334419759686285
-0.00539665523242921 -0.0371490463053834 -0.336729490101387 0.0245816070885673
0.0444514974797406 -0.00378322168697443 0.0881978268447341 -0.144420316119714
0.0383830398275309 0.0310230427967945 0.223872141154256 0.178136043819977
0.0283034864863498 0.0352410220716371 -0.0101347532867996 0.397250947813231
0.0145921558244986 0.0240688938336404 -0.145099237545299 0.452535116944841
0.0284643491533402 0.0155237977804211 0.110342070998324 0.30804486751393
0.007411872072179 -0.0261699567903383 0.258444899929569 -0.0175279364380295
-0.00918681269209301 -0.0408354859814464 -0.0756082661802378 -0.208565920308061
-0.00265692546790032 0.0174005816141504 -0.0863178392111326 0.163042409583447
0.0550899359761952 0.0481704784696914 -0.004222241529853 -0.0371744312575485
0.0672447210088003 0.0159536753203164 -0.12027382292513 0.0535488674551924
0.00667796111644784 0.0347657164051939 -0.178434531862774 0.322255916450949
-0.00644875977715552 0.00986633921449939 -0.111890129487218 -0.165580006970947
-0.000930933913929597 -0.0595187566641164 0.251147816705222 0.00978932294805515
0.0570695480772572 -0.0623512834161162 -0.010116024271346 0.333253795375268
0.0481346999783136 0.0558657840330163 -0.305483732186394 -0.00936963650497085
-0.0523192861944075 0.0353712173476866 0.116830346434475 -0.0996034830339753
-0.0506082719554537 -0.0626761120942489 0.202290184146387 0.199124075940687
0.02422027781331 -0.118239034067295 -9.27098901035231E-05 0.382983776366751
0.0406070212171067 -0.170754711980707 -0.0684052303563417 0.438625404024962
-0.0690825631976864 -0.133441351420091 0.202080850280169 0.260349293790072
-0.104051520482983 0.0129507055217316 0.241191920262304 -0.110267444930009
0.0111231216163986 0.0614238417464608 -0.118338461188295 -0.172330064131104
0.0613779599605845 -0.0224558568043879 -0.0468982246068879 0.166855287489374
-0.0427062870704395 0.014536118760321 0.00567763370892256 -0.0260293124195949
-0.0343866116539435 0.0991872304155987 -0.0934554351149726 0.0282259376560481
-0.0353399515891968 0.0734348097127778 -0.187414543127509 0.306237731281618
-0.0485010659548418 0.016653446268371 -0.0824658323993264 -0.152136361654918
0.011999162653838 -0.10690711863359 0.279962505905855 0.013243767876845
0.123030634117988 -0.030332447109334 0.0125570160774733 0.344386054595773
0.0401048817157011 0.1428832981049 -0.27791270159215 0.0318912522822114
-0.153399580171684 0.0185721987385166 0.0758362745613742 -0.0352028344983915
-0.107404242268898 -0.174539093018559 0.14923415570839 0.190471111632364
0.0192441419925241 -0.251170903541773 0.00898805281011023 0.304552239746672
-0.020379696050069 -0.320060017416392 0.0350044567433374 0.33730234318115
-0.24983257455783 -0.157711219323003 0.272716148435964 0.126194779582244
-0.116548671718844 0.214256854584421 0.169071368023894 -0.220358948109619
0.214071508312299 0.0582161073979951 -0.153989497315288 -0.125394361227001
0.0168289360436747 -0.197191774000232 -0.0490756211789631 0.153576151207733
-0.1961787836998 0.0547264811647613 0.029253688625344 0.0336429045289
-0.0990176626318216 0.184740632468047 -0.0250636293274696 -0.034220024843992
-0.0935412408297593 0.140148516500365 -0.191976447400819 0.26812724971508
-0.129177454099194 0.0502482803175759 -0.0728170926861491 -0.139483321175415
-0.00392776570253458 -0.155192360197688 0.286824877338717 0.00183403241464378
0.176532993414199 0.0157205163690809 0.0405984623750956 0.368640969899681
-0.0177939742732613 0.206099493666192 -0.286399402150317 0.0886548877472114
-0.23941567137431 -0.0496240927263938 0.000302907106766374 -0.00111393912585245
-0.113071912098377 -0.292216091823262 0.0881899449457699 0.138894717490276
0.0164326511080191 -0.345723089220419 0.0234222809571459 0.179470267339224
-0.138863157922436 -0.367127288428991 0.0851413137310964 0.184341992897999
-0.351472781647175 -0.014869193988996 0.256075116543769 0.00736562249137801
0.103924029957579 0.337093105345716 0.125334296764537 -0.269412794225874
0.308829407957349 -0.194626567714024 -0.190685238295403 -0.1299984954133
-0.213234396176976 -0.28016113131489 -0.0663428202580644 0.204298066939373
-0.289045256085826 0.178639059706088 0.133068443605023 0.0781582787939066
-0.110461359419738 0.243654896479812 0.0461107332691753 -0.149172660478774
-0.172846039927864 0.195031879543797 -0.169926093232467 0.183795040180488
-0.273837729648357 0.0482814845122056 -0.0443138364037335 -0.14991849996682
-0.029485376317587 -0.275922504845585 0.272634923473326 -0.0111476012098225
0.279990542743654 0.0694378759857769 0.0224235694924377 0.346877620741361
-0.124423974153199 0.283483123622354 -0.288941438589256 0.0888238582617013
-0.303426924879464 -0.180272773515165 -0.0642231138915132 -0.012405253385825
-0.0634864666167961 -0.396876710928074 0.0462769928574831 0.0340559191996917
0.00932271177904793 -0.391528034487664 0.0337214838846062 0.0276541226325261
-0.230737153084746 -0.313430601661574 0.0445922573257889 0.0455098831333578
-0.289169543065622 0.113663292758523 0.21409814632171 -0.0203211374059949
0.219483409350696 0.228254877279733 0.160789753835473 -0.326404828836781
0.142160729235512 -0.250949633550136 -0.255828791600098 -0.178057768106661
-0.274764049916629 -0.146500586680758 -0.05019898845817 0.246779863501407
-0.232256359924172 0.226376297985452 0.23940856664264 0.051842936188499
-0.0877563623368083 0.230342053597097 0.0830115880384894 -0.28577727026696
-0.239945340397101 0.192039201819604 -0.0993727121138385 0.0787624105239534
-0.3513383834027 -0.0472428916924197 0.0341442688162597 -0.131380170577065
0.0844418344962208 -0.355860772022507 0.228957698783243 0.0058495466268038
0.32901653118357 0.22540041733974 -0.00750473251239318 0.258908594419121
-0.278757032661692 0.270705253431969 -0.248038754091911 0.060080331335714
-0.268646594041566 -0.33391153605808 -0.104326645931282 -0.0781336755344174
0.0173683351823731 -0.439344251751879 0.0544971468534559 -0.118333673242811
-0.00275647123632138 -0.377280295104117 0.0358331001697756 -0.129184502630505
-0.252398628670004 -0.224857871045295 -0.0462186525534841 -0.044365094282851
-0.197662883391535 0.142529927322058 0.163886884865335 0.0111469345219903
0.174764939637574 0.167599914858473 0.202097889706568 -0.348484986759071
0.0956695794947118 -0.100109987518548 -0.288797602769908 -0.234682600469443
-0.127070251721461 -0.0897738201086543 -0.0829892350639824 0.22937019556803
-0.140500690479322 0.125029760114023 0.258745403751333 0.0399000547377275
-0.0743962564591823 0.150313328779589 0.0899687603004458 -0.375937475977938
-0.24354993716081 0.131599549896107 0.00320318738566527 0.00134445391132997
-0.261400125306057 -0.128779581872431 0.0846787373179584 -0.0491355867839212
0.179386128587908 -0.198227307585967 0.141987225911442 -0.00646023442379732
0.136269375465348 0.290018209615728 -0.00529197763581173 0.180593824957846
-0.283338462402171 0.103379367458917 -0.225973205390832 0.0249373088056249
-0.136770292400236 -0.353070286803475 -0.10470948165716 -0.182446331479224
0.0689566812938303 -0.378871572337887 0.109563104571155 -0.275647209333814
-0.0169274600754867 -0.301299694664154 0.0321811331578169 -0.267664451208658
-0.213100575771904 -0.1481849150396 -0.139132340767796 -0.104357090132722
-0.138563122236835 0.127378911275884 0.075603826186652 0.0832180817077905
0.130024636786734 0.145149565491189 0.267009739448079 -0.26104979999152
0.100543819213805 -0.0174544905866751 -0.227840459001691 -0.295264822870601
-0.0294520388920867 -0.094422543957934 -0.154574122915892 0.178273658920531
-0.0994898978141134 0.00903195829308019 0.236312080846646 0.0887584231433853
-0.0819700381290044 0.0591139056704104 0.103671194408611 -0.396525736608214
-0.175829594354972 0.055577988303281 0.086244732515223 -0.02929308078581
-0.129967775490068 -0.110996983180696 0.0539361117285023 0.0218196664723917
0.1104961129101 -0.0390946836120273 0.0939648758289816 -0.0877968860639458
-0.00790731253951305 0.164398369395194 0.0225119535090105 0.168077322020743
-0.138708462486139 0.00750995164583012 -0.228756610191626 -0.0117980247472937
-0.0437735322493009 -0.212864315852858 -0.0846806383568992 -0.259639111260647
0.0476681013607601 -0.234716940140666 0.156915156800541 -0.390038060749165
-0.0255240208452487 -0.180751778630326 0.022500605844093 -0.36490368670402
-0.131436843154244 -0.0848801440862057 -0.207696473734062 -0.157222608253621
-0.0885698192847028 0.0773659191614308 -0.0317202855863564 0.155358723355653
0.0682864402029096 0.0966773725718787 0.340654646863488 -0.124049372040324
0.0536675925324028 0.029282545261174 -0.114178226885811 -0.354552600233769
0.0054411172569535 -0.0491685020957827 -0.221558852712307 0.0941098361347932
-0.0667822449446035 -0.035261222369231 0.20366192931378 0.149230608779588
-0.0845808383358842 0.00403277117685134 0.13034714341064 -0.376919054806059
0.0387985273069442 0.0209524523321737 -0.157555181003682 0.34317624206118
0.0370955341562735 0.0204669481338732 -0.155619304485115 -0.155800816838138
-0.00149081519639069 0.00333139464664774 0.220464154135257 -0.0284255847522701
-0.0135039142860408 -0.0460803802624402 0.0278346228655141 0.332330846867353
-0.00590067045945486 -0.0362348827921681 -0.332903753491906 0.0301384370984254
0.0437159354288554 -0.00491540174851708 0.0862914224640246 -0.145789609397572
0.0387432650268868 0.0300281395034896 0.224442695833618 0.171081281061192
0.028014316574061 0.0323657686689912 -0.00225132907959138 0.391352884357747
0.0149587135505288 0.0236096449158228 -0.136565162192497 0.45404649441418
0.0280592862254893 0.0146348913160369 0.113385290482945 0.304092097373593
0.00721230930112893 -0.0258104259501443 0.254246519363803 -0.0215678633216399
-0.0105964395258794 -0.0409400669428846 -0.0782470270454235 -0.20495058370592
-0.00287808511385121 0.0171783247666379 -0.0825391560972834 0.163781019148403
0.0559725828920879 0.0458673149276618 -0.00589636391057718 -0.0377429513492072
0.0665836006267592 0.0137324952752857 -0.118417016786199 0.0571128758456122
0.00673712593830136 0.033424466790814 -0.169054388064078 0.325245668235976
-0.00601849240338651 0.00996319123833282 -0.113926038959655 -0.159514937086663
-0.0027736185122808 -0.0592357837734001 0.25142879303345 0.00457953394874353
0.0549390754388008 -0.0628551738731407 -0.00505185969985996 0.331128833500756
0.0481754414675327 0.0543512398268599 -0.303811168032545 -0.00398393471352103
-0.0512036167625982 0.0352378857893279 0.114277530723044 -0.100250175551031
-0.0503326304593969 -0.0612695217661759 0.204217896835219 0.192013446481424
0.0220935655244397 -0.118785693053915 0.00657614859455421 0.379098049003299
0.0366016281327269 -0.169750440172625 -0.0594075489459898 0.438201792789278
-0.0710903576029635 -0.131901800095416 0.204617743042054 0.254850448667338
-0.103248008922775 0.0146168174085521 0.236126523421745 -0.112356623054269
0.0113478740815724 0.06091998779989 -0.121195979519253 -0.168482372194108
0.0602052514305432 -0.0245436202071766 -0.0428780303206634 0.165458705934504
-0.0410093210851236 0.0157853086845646 0.00398927802653677 -0.0270318044728377
-0.0309936908010578 0.0985531542948633 -0.0930463331820272 0.0320802932378813
-0.0344136132069102 0.0734860040452904 -0.176299875528451 0.308948891837655
-0.0468716402850745 0.0172824195239691 -0.0846657088718056 -0.147586654192945
0.00964536789241697 -0.105509991479911 0.279436976879102 0.00702800160699854
0.122073721060683 -0.0331163180822419 0.0200923871506767 0.341554291290077
0.0435090522017623 0.140251885001798 -0.274190797607938 0.0362272553609158
-0.150898693178279 0.0210252615834811 0.0763239368017386 -0.0363016087680095
-0.110379322883033 -0.170786686018493 0.151939391122817 0.185907870497321
0.016248210546211 -0.250600594378503 0.0146114001730841 0.302348750425963
-0.0258267197337221 -0.316798100943611 0.0409656611561244 0.33625339145951
-0.249244393322121 -0.152931715938379 0.272520472312371 0.121941705668431
-0.110487582540532 0.215692712343953 0.162726020902675 -0.220863956966793
0.213429918870897 0.0524815061442799 -0.153812890790476 -0.121364653605334
0.011591553034624 -0.196163566469145 -0.0451808555424114 0.15227951172123
-0.192186893045828 0.059454020912721 0.0288807559726155 0.0321638872030411
-0.0934531620705348 0.187133299855169 -0.0272236409737147 -0.0318448487367112
-0.0893814061529644 0.141389659847007 -0.181188088803632 0.271867599601992
-0.12540650690341 0.0529287230069795 -0.0745642343093243 -0.13551335627077
-0.0080959528565009 -0.154152974492288 0.286357470858512 -0.00458431778471297
0.176103074947536 0.0117078632449516 0.0461385406621721 0.366028211303288
-0.013509962750289 0.204281803079103 -0.280566745978415 0.0928753345798725
-0.238942223311759 -0.0453875806431835 0.00180090295111678 -0.000250777592586443
-0.116297189536802 -0.286975853524509 0.0899233329598658 0.135718590917157
0.0127552984371271 -0.343980234338962 0.0269458227715804 0.177724224304502
-0.143494453550625 -0.359837347222543 0.0859746014502217 0.182128882600172
-0.348085063439358 -0.00975594718351674 0.252270689358498 0.00416970084330358
0.109820087238411 0.330229875348198 0.1189246164541 -0.269343775306606
0.29997462201212 -0.201232524770447 -0.191506805354248 -0.125478985740743
-0.218683242803603 -0.273163366021869 -0.0607281714197901 0.203856912752174
-0.282592799726504 0.183967524672523 0.13276891691193 0.0741847680490755
-0.102966592770612 0.244037070616301 0.0402150740451709 -0.148623547690433
-0.165802475946709 0.197312043685693 -0.161957827674758 0.188160747262424
-0.268347175895533 0.0554077366340465 -0.0465225716170678 -0.146673398839503
-0.0356720546428401 -0.27408729331369 0.271722622314268 -0.0177188119066968
0.279387196273313 0.0595927599044295 0.0286754701749329 0.344963830349353
-0.117469193982229 0.28297679946621 -0.283525811857937 0.0952445622139577
-0.303725181971656 -0.171859093913028 -0.0628299755001099 -0.00945922990974485
-0.0702557413490967 -0.391106861730504 0.0466791269675064 0.0318443163477116
0.00420402818571429 -0.387500278212689 0.0342534697539341 0.0264985576435548
-0.235773949572862 -0.304779989572139 0.0451287985209848 0.0444556286140217
-0.283879546232672 0.116912757777333 0.210735102244103 -0.0245629004438735
0.224022571371022 0.220822711676972 0.152716186821297 -0.328442469093214
0.135262340966618 -0.252988981520336 -0.25744546651476 -0.173232642932591
-0.276092316625844 -0.138811213170806 -0.0440593219826702 0.246182308696429
-0.224350718412967 0.230841122002098 0.237747574998087 0.046121059816904
-0.0814245967384504 0.231228745663448 0.0739609053381312 -0.284893160823184
-0.23344000475796 0.195812331989151 -0.095009888129215 0.0806479935479918
-0.346495202050747 -0.0384349119792731 0.0322885181400271 -0.129252777825492
0.0739891849472792 -0.353993748160576 0.228270595160679 -0.000187576362009933
0.330419724441595 0.215610554620103 -0.00391511687526815 0.257979464281958
-0.269494524491264 0.272486476730036 -0.245060209238417 0.0644435156132935
-0.273031093721349 -0.32816730967588 -0.104625985185323 -0.0742953158317359
0.0102419385485593 -0.435214343303411 0.0519263601853838 -0.118931111432534
-0.00865880935625558 -0.372496511123839 0.0334528295965031 -0.128415092092404
-0.255396778512383 -0.216855598771166 -0.0471470460301318 -0.0432897769545458
-0.193366674651221 0.143705952971653 0.161354836533298 0.00870817337209062
0.177714951893405 0.160744075128498 0.19284831194785 -0.35080468283315
0.0933870509196989 -0.101938445252957 -0.29152131262662 -0.225762947708999
-0.127659607050662 -0.0873499813151628 -0.0767911758361519 0.229391234694089
-0.136927924044329 0.126780495483554 0.257153751547762 0.0332210009181851
-0.0697726451318429 0.151048122309575 0.0781879285514885 -0.375254968861523
-0.238612654487565 0.137485081940377 0.00468360556096613 0.000602056328408743
-0.260647380576843 -0.120761103753566 0.083573997537562 -0.0498114325169491
0.172672297700757 -0.201134829380324 0.140375796705348 -0.00936281403047833
0.142558517761464 0.284553405337455 -0.00282008889704593 0.180152294124778
-0.278629084581454 0.107461856267533 -0.224892113188521 0.0286203175158511
-0.142366624669147 -0.348314897522048 -0.106413899109849 -0.177858303636736
0.0606068542581214 -0.378240268610284 0.103903011311079 -0.275743990562309
-0.0208400797899415 -0.297238786362006 0.0273971533742931 -0.264940371905025
-0.212774573195887 -0.14205205044794 -0.140889786186639 -0.101029653288522
-0.134900861586924 0.128418415323709 0.0743783313420019 0.0810539175628776
0.132737225437568 0.139941653212051 0.25863419296896 -0.263598104472622
0.10015575658122 -0.0201827243405291 -0.23327837537799 -0.29083793777409
-0.0310734412291587 -0.0929531795180675 -0.150364219729968 0.179973196984924
-0.0981628170050933 0.0108580844851954 0.236053953410445 0.0825690476683604
-0.0806079531227248 0.0615554171311768 0.0895051696906709 -0.396080006669594
-0.172576879607498 0.0602530934463278 0.08590208172866 -0.0326761671325888
-0.128980079874923 -0.106574385812156 0.0553562790499617 0.0214440739519216
0.109855928915741 -0.0416032977318706 0.0904843855202833 -0.0896903693707701
-0.00432316469161519 0.162297696007411 0.0252692670207241 0.168581751393211
-0.136374367170801 0.00871588343908273 -0.229011524615143 -0.00853225324622893
-0.0474399402392918 -0.21209130440351 -0.0880107252249246 -0.255770131552135
0.0425889073454164 -0.23226282299827 0.147305679918605 -0.390449604559362
-0.0280130051758927 -0.178527585106818 0.0177623665610629 -0.36140764870033
-0.132020741607212 -0.0830782517238848 -0.211207822418893 -0.15273149365706
-0.0873553827992456 0.0777436715814634 -0.0286722631736234 0.155258595286021
0.0711705389129874 0.09409914434079 0.335358585607982 -0.130701401691032
0.0552218390059288 0.027910110803362 -0.120606161458949 -0.349728184018548
0.00536898394939629 -0.0497220429609234 -0.2182611425422 0.0981452154877565
-0.0676071950010603 -0.0337972551807529 0.205737273790515 0.14310196040263
-0.0834090775063289 0.00595124360653711 0.117384319601028 -0.376737704630235
0.0392616538142433 0.020650386455934 -0.147751287081858 0.344755582722704
0.0372505763703045 0.0187940987374412 -0.156727244443823 -0.15097081500128
-0.00116690158984846 0.0038292222373352 0.218552468795076 -0.0321645694219569
-0.0143270110151538 -0.0447698427001383 0.0327269146130263 0.328720735099973
-0.00748408878032204 -0.0353398482748072 -0.330835046672448 0.0352068139122802
0.0430905422167944 -0.00616099136087859 0.0844585127276507 -0.146255208066094
0.0391250401532394 0.0281198137151934 0.225310565114913 0.165919136942258
0.0283739008242894 0.0303115963585462 0.00354796952237618 0.387717109075431
0.0144134258868285 0.0226540249672705 -0.129792917844689 0.453634149586204
0.027915137914799 0.013443189171042 0.114865019554909 0.299076790806833
0.00582181942999644 -0.0269051970453544 0.250437134988333 -0.0233149212375006
-0.0119481038562327 -0.0406597143321496 -0.080380036046377 -0.202936772221657
-0.00299122614155186 0.0171401934118807 -0.0786399509023337 0.163401171234475
0.056942281674664 0.0438458800171908 -0.00801019372256722 -0.0382409199467724
0.0665339293103274 0.0120528051136808 -0.116773915130681 0.0599840068838302
0.0062688672324223 0.0341346706227859 -0.159731849381731 0.325651778398543
-0.00474563908693484 0.0104147597577667 -0.115517183766654 -0.155298411512141
-0.00387373430970675 -0.0579851812029388 0.249567652362639 0.000275977251301096
0.0529825493490197 -0.0631535778283801 0.00161933230344286 0.329036618269547
0.0487837792692881 0.053244962667291 -0.301556798702139 -0.00057131264646623
-0.0503800127812067 0.0349851370368373 0.114306395470397 -0.10208446703462
-0.0503996961948466 -0.0598876343451007 0.204832739452209 0.186760211653772
0.0206340190871733 -0.119221189140246 0.0118705734504941 0.375273136080188
0.0342516512754282 -0.169014236527762 -0.0522364501374714 0.438707151727732
-0.0720926652424718 -0.130369879098577 0.204029917075404 0.249404862015162
-0.10015688095485 0.0156949143107158 0.231191656504719 -0.11311347672375
0.0120832888031208 0.0599121559677726 -0.12227776038758 -0.166136708696428
0.058895690882742 -0.0248212016609659 -0.0389489125594587 0.163880514062189
-0.0396876051441859 0.0161667694049408 0.00245195540456923 -0.0274914031704413
-0.0302510136351441 0.0997167366321491 -0.0915709224592521 0.0348075003364011
-0.0327775391111538 0.0727747083522426 -0.167578342986404 0.311900681385804
-0.0449550003955643 0.0184501284403151 -0.0858577983012821 -0.143131094503589
0.0071903976278381 -0.104937915608745 0.277132676977765 0.000685186915527678
0.119561368052801 -0.0358974602308857 0.0252639070165531 0.337631480916547
0.0461728288456455 0.137643044342594 -0.271126313185082 0.0385190190453635
-0.149740217579324 0.0226753908592423 0.0765541410620732 -0.0369783137427811
-0.111092606343755 -0.167776501947284 0.153984692710456 0.18086869268098
0.0131079501075683 -0.249164453347361 0.0201896608285581 0.300287667986776
-0.0298357212529688 -0.313520542986731 0.0444447948268881 0.334713935034116
-0.250220260583784 -0.148765841065141 0.270144220252499 0.117333528811589
-0.104686964478321 0.214442380195526 0.156775338635831 -0.220737311180268
0.212209600672021 0.0473982436151849 -0.153169861537253 -0.118746230657785
0.00702370745303611 -0.193973237218288 -0.041466401817476 0.151372571633157
-0.188783507483344 0.0634250263863956 0.0286123904446447 0.029897206222337
-0.0896205123430654 0.186950298640927 -0.0285982857281313 -0.0301326667347378
-0.0848419023829258 0.142038851735151 -0.171941212962358 0.273582108186921
-0.122200641265197 0.0548329654858471 -0.0755213939786743 -0.131636731403221
-0.0103335959079192 -0.153647729599574 0.283843020366971 -0.0104090472392989
0.174537569641951 0.00825409667606152 0.0522434135793934 0.362477077088192
-0.00889604369071937 0.202699932126039 -0.278573505995327 0.096206481619551
-0.237616067810767 -0.0421447595182958 0.00335453721260158 0.000308399309740545
-0.121331986329726 -0.282356278677102 0.0907431852390481 0.132414529220029
0.00848827053114193 -0.340842927547311 0.0294359309030915 0.175037388052848
-0.147305519545951 -0.353615659951805 0.0887844071486848 0.180596850087521
-0.344977279326142 -0.00533186163416665 0.25025664253567 0.000902398967995255
0.114955195473427 0.324543575806297 0.112572329185309 -0.269590704505316
0.292363268082978 -0.203425165147276 -0.190975953917247 -0.121054249247822
-0.221473626667396 -0.264936396515666 -0.0564315234946212 0.20115974795831
-0.27556328720988 0.189791798566187 0.133042297160306 0.0698783266363584
-0.0979144270975256 0.245727341218515 0.0351122473124831 -0.147487430831809
-0.160448888112373 0.198250195502869 -0.154820302840882 0.189250773838763
-0.262674326857267 0.0597392535906242 -0.0478684663704452 -0.141885013745542
-0.0406729857702524 -0.270968177328725 0.269027979510568 -0.0219501850911758
0.277647900594128 0.0540432560883887 0.0363450535065377 0.341571435636311
-0.111545627793893 0.281177273998513 -0.279804881327645 0.099016331200415
-0.303907496435884 -0.166668254807966 -0.0610753513904719 -0.00816298895327909
-0.0759697278172915 -0.386402917618401 0.0472543339691585 0.0304661327800141
0.000240963467561366 -0.384536777072092 0.0337887700067546 0.0253928758445876
-0.23624240015987 -0.299783343465249 0.0447727876868359 0.0440822562758301
-0.281339858793874 0.119397241090143 0.207230448934195 -0.0273918858772904
0.225539582016641 0.213757335138607 0.14590011889194 -0.32723911594372
0.128185650341311 -0.253125768351093 -0.257565762363069 -0.165971778705957
-0.276027735022028 -0.132103164603235 -0.0392679131369645 0.24403591047013
-0.216007909616285 0.234494110545295 0.235178930144167 0.0400340699863902
-0.0758938916070192 0.231290304402685 0.0657416825174134 -0.282954185379037
-0.227055276123005 0.199093542192942 -0.090556971620034 0.0815894247029277
-0.344335291615223 -0.0309034201385293 0.0302662340337284 -0.127464969012767
0.0653427409434207 -0.352646390758449 0.225308121779418 -0.00461858644141475
0.333742509003798 0.205952395151357 0.0010484719107829 0.256987579221712
-0.260781443274431 0.273780936705314 -0.242377008437338 0.0664815108507506
-0.275082743703829 -0.321868039125 -0.103652454322925 -0.0716825383956948
0.00303976653586096 -0.430505842076378 0.0495570007758271 -0.119144385938975
-0.013138892905459 -0.368516529157093 0.0321808673613872 -0.128514534708485
-0.254837067556693 -0.211479337745685 -0.0477663812005752 -0.04217050260173
-0.189558511094568 0.145766360560974 0.158382985911521 0.00683672986455614
0.179834155445762 0.155739317404846 0.183481069357229 -0.350082684745952
0.0911660339366841 -0.103229812328703 -0.292766131105458 -0.219491489493072
-0.127688958756403 -0.0840479639088443 -0.072541716079082 0.227661110421571
-0.132269128620167 0.128047242702004 0.25457837959219 0.0271118627347005
-0.0658520468012707 0.151485940720766 0.0683927066539024 -0.374164304663936
-0.232422900766939 0.142710905289562 0.00615290990760685 -0.00094007406390204
-0.259094685264755 -0.113634628924194 0.0825939349576107 -0.0498731638727014
0.167901804326425 -0.202822639675804 0.138343515297246 -0.0119680613088454
0.147341545874244 0.27796229613977 -0.000628172398258002 0.181786816439651
-0.273428303891517 0.109682636312689 -0.223557241756561 0.0303447995560106
-0.148258596280787 -0.343994034993015 -0.107711875217023 -0.17349069634217
0.0550363012813217 -0.374558363914562 0.0975655696958493 -0.275170766004949
-0.0245154131062839 -0.294737688450644 0.0245986117121993 -0.262610674875924
-0.212134964597079 -0.137422949705756 -0.143748157749164 -0.0976771320026736
-0.131892019167871 0.128177620509277 0.0743243430037306 0.0812123839129951
0.134894284935752 0.135692748947786 0.25244015052561 -0.26479870392128
0.0995255535829939 -0.0223359618627706 -0.235381912014953 -0.282472074253817
-0.03228529058534 -0.0918287724662469 -0.146045755032684 0.18036308255666
-0.0976303813624378 0.0123140837473867 0.234806274656976 0.0757913353397697
-0.0785283724313309 0.0623036918987694 0.0797669579037329 -0.394874830543359
-0.168746612322252 0.064140350465477 0.0855203031471483 -0.0359384301294457
-0.129754943980212 -0.102894185726966 0.0563426150382645 0.021095636132244
0.107350515060693 -0.0430747389636223 0.0873527310881096 -0.090909721592905
-0.000818296425777049 0.160142220133217 0.026886634856874 0.16843577936587
-0.134265977371215 0.0100355648184978 -0.227500479839919 -0.00742719661003582
-0.0522322512179115 -0.209734493472523 -0.0905807620756494 -0.250514208804637
0.0367178587613598 -0.22997060623582 0.141493902112492 -0.388883549877714
-0.0287285540678583 -0.176680652453137 0.0123898256033429 -0.358650714517364
-0.132338200424514 -0.07905973123394 -0.213831745093962 -0.147577698413095
-0.0856730748837816 0.0784761498551009 -0.0262508729109676 0.155562730215227
0.0731775708072729 0.0918468014543306 0.329787401495519 -0.135024512665547
0.0555713039488674 0.0267171610985531 -0.124514966395304 -0.345714824664734
0.00331589782025532 -0.0496971105831886 -0.214961451230999 0.101128114302582
-0.0682095996987258 -0.0329392551761368 0.206777978191188 0.137550122379784
-0.0831950904052269 0.00853013677762816 0.108416421437798 -0.37663131333027
0.0390182363478823 0.0208879609649485 -0.137775649725426 0.349090143023597
0.0375804002961833 0.0166142420562789 -0.158666358512306 -0.144910949167635
-0.000475645102447975 0.00365297823062368 0.216322089863602 -0.0379952379651519
-0.0143492452684871 -0.0437838174329574 0.0382289122458256 0.328267502544095
-0.00807975269443171 -0.0345221461305926 -0.329236732666134 0.0425080362630258
0.0424585463440792 -0.00758829843490537 0.0815739500006835 -0.148745552497907
0.0399126654502938 0.0257060997596931 0.226937343583591 0.159700627863861
0.0279441120289506 0.0281869401485701 0.0114967000984918 0.381026387539696
0.0127377396135487 0.022453827955759 -0.11496250926619 0.453799400369454
0.0270052199745938 0.0120865798264864 0.119315207327386 0.293168040096168
0.00459972891616522 -0.0260334961310043 0.246842243506186 -0.0291653405934734
-0.0117976083878828 -0.039448518189599 -0.0870436816499104 -0.197544876283951
-0.00284601167190587 0.015551178648786 -0.0708464881723469 0.163800794064601
0.0586955482864402 0.0407196782523004 -0.0100936155246356 -0.0379170469623566
0.0667828062656226 0.00815834232052231 -0.113318722157649 0.0666489890669311
0.00645196392804288 0.0348984855017293 -0.14984317618085 0.330450361246849
-0.00426275927147305 0.00903202627520394 -0.11791470805002 -0.149585382221547
-0.0049427322873752 -0.057902613241306 0.247518943975695 -0.00700181284834512
0.0506298137269812 -0.0634784698340783 0.00673747828870486 0.326566242257202
0.0488296134090343 0.0508108029962093 -0.299437366797589 0.00692826928501016
-0.0496440765153111 0.0358801587985997 0.112849292338078 -0.10467433984188
-0.0502462293272626 -0.059500606642951 0.205820103115333 0.181051078901499
0.0179261597506068 -0.119313461781697 0.0211086745130522 0.370493625689736
0.0277864874455917 -0.169003383465139 -0.0388238902242438 0.437584294347157
-0.0762917717455214 -0.127885104300997 0.208272865187735 0.243136936158824
-0.0996378200631768 0.0176367291878999 0.225389242312315 -0.119743094202025
0.0137527000322653 0.058482926184058 -0.126600839670696 -0.160398939171955
0.0569082774331918 -0.0276652013226981 -0.032515478479611 0.161765741530056
-0.0380146382853391 0.0176425010730821 0.000272297827473674 -0.0279220759206533
-0.0246281046509299 0.0982469685233532 -0.0906802702483847 0.0401011745448282
-0.0323809949899007 0.0739407154557934 -0.157876462916986 0.315973521572229
-0.0440948446983555 0.0179867738294516 -0.088453743202623 -0.13832527511816
0.005214348115651 -0.104007965210608 0.274574839520823 -0.00701560480036386
0.118652259092144 -0.0378382325138931 0.0315002901017472 0.336001111778016
0.0485353542192946 0.135148190564462 -0.26744635114896 0.0441685208022603
-0.148200755694726 0.0256066906438626 0.0769443281087138 -0.0380828582563739
-0.113113353344832 -0.16317428045425 0.155820415905526 0.176129399154115
0.00731161841020657 -0.24759488866901 0.026915082889416 0.296392575789927
-0.0381025745009654 -0.311277013503179 0.0512752737858205 0.333613079229045
-0.251999527856764 -0.141424637463207 0.270259739452811 0.110667765709366
-0.0974857232758798 0.216150053177825 0.149131100030722 -0.222930256159509
0.212570196084246 0.0398719391337394 -0.155484083717237 -0.112516610851793
0.000584579248300298 -0.193000189861938 -0.0362241221285225 0.148727850600904
-0.18391672780438 0.0682895027573849 0.0281746857021813 0.0279361331643169
-0.0815443256222247 0.189472626515641 -0.0302431366591173 -0.027345971856321
-0.0820035863973929 0.142597789689028 -0.161748995563997 0.281156743912941
-0.118482303174721 0.0554331873861422 -0.0769492044580827 -0.125527487920031
-0.0122037085776403 -0.151324180171188 0.280502955219251 -0.0178978460596012
0.172802439648999 0.00346205501514548 0.0614522567671255 0.357521518777704
-0.00400598779130734 0.200101351435026 -0.272119769516146 0.103559524164859
-0.236758863676005 -0.0358083645143577 0.00498851078915871 0.00295502276952876
-0.125150630185203 -0.276429954379195 0.0928853410402974 0.129628420311236
0.000572268868761083 -0.338840120508039 0.0322900839364229 0.173898666642336
-0.154648093289478 -0.348126664894706 0.0913247373658721 0.179242215636402
-0.343097428567461 0.00445334934799729 0.247243182561871 -0.00497050837930069
0.124238690620646 0.318664996990576 0.102699389524326 -0.27119614717695
0.284595781710106 -0.21161919635961 -0.193477187471759 -0.114209809052135
-0.228289922320115 -0.256311671086807 -0.0488785771206397 0.200109583257051
-0.264771154550762 0.196672151701627 0.133316068842322 0.0641559699120502
-0.0867148264248006 0.248085873959672 0.0280602293141257 -0.146471971749225
-0.154335908964638 0.201488425489714 -0.146315549842445 0.197241718836482
-0.258178513479888 0.0637582404128631 -0.0518858870948817 -0.136557101057009
-0.0455165987271181 -0.267674858262525 0.265024781167936 -0.0306225601844003
0.276048709700738 0.047226254170724 0.0445344364192776 0.337893763368442
-0.103504175633755 0.280311700162564 -0.274094804321581 0.107272929339749
-0.304859807634853 -0.159986665987355 -0.0604662924339468 -0.00326365724378801
-0.0828424447663747 -0.3808866840411 0.0474025449750029 0.029413701705538
-0.007002936111756 -0.380809582177842 0.0338022774596489 0.0256872901783735
-0.241989063352684 -0.290908092181447 0.0466124704691649 0.0445217898368125
-0.275321489388728 0.125456398441076 0.203552673020486 -0.0310849942135964
0.230755331432466 0.205802879495865 0.131962915643188 -0.3308798826135
0.118990387456992 -0.25355407412759 -0.261809468571554 -0.156064056741309
-0.279007678520948 -0.122318141079882 -0.02932390830392 0.240965573113595
-0.2059015059337 0.239553306324999 0.232774169240985 0.0299839979099615
-0.0646484182628953 0.233945747907101 0.0506963793403225 -0.282422127828035
-0.219109629327948 0.203038732540223 -0.0862112216325093 0.0878585611470653
-0.339221506833729 -0.0226883217734703 0.0245847749439421 -0.12368908710728
0.0579165990940158 -0.35101733710591 0.221852127889893 -0.0118846303705507
0.333429971729908 0.196763525193005 0.0100662244640317 0.256006736993358
-0.250885001699901 0.275684877629501 -0.239248500869028 0.0762532306036211
-0.2810493783844 -0.314912638416558 -0.105428811544677 -0.0666064283786094
-0.00650997987770774 -0.427684026549736 0.0451176781632492 -0.119189970813358
-0.0192667420044878 -0.36428212598934 0.0284668361676067 -0.125645935580518
-0.259511580020687 -0.202965848626139 -0.0483623937382024 -0.0383244664819019
-0.184012943138141 0.148355566688322 0.156320328559188 0.00293086054660694
0.183819065024892 0.148818582305862 0.170857949068563 -0.353769281484635
0.089318152852831 -0.104988143902049 -0.298961685605421 -0.206330351122545
-0.129792546375949 -0.0799860425981082 -0.0631585148179198 0.225925355796379
-0.127674006010886 0.1330575119734 0.249320587615479 0.0165567163434243
-0.05785387972063 0.155978329402022 0.0500193010211892 -0.37071017558702
-0.22468611278164 0.148282409828762 0.00744416386102332 0.00233481054288657
-0.2576083747749 -0.106753329422178 0.0808539379980369 -0.0494161547381361
0.161847079088281 -0.203776157213776 0.136057503809865 -0.0184415918237968
0.151878263769535 0.271830698802246 0.00665409317805874 0.182716044225129
-0.267206840965894 0.112163489011239 -0.222620513643535 0.0377977620378597
-0.154615236467436 -0.338901638504876 -0.11162269780089 -0.169048596465143
0.0452077014714238 -0.37105372878629 0.0905745456158588 -0.275312818583216
-0.029325414921575 -0.290954871741411 0.0175885135916747 -0.259529576377177
-0.21371401529763 -0.131784656597327 -0.144584864378683 -0.0913788439645359
-0.128455538920376 0.129066891283868 0.0748412197627223 0.0786945462243251
0.138743208396206 0.130425079299765 0.241847127222676 -0.272597371767274
0.100509130687115 -0.0247977060696836 -0.243547711267945 -0.271403243288445
-0.0355799372185248 -0.0914406385543833 -0.137869647328937 0.182946653909897
-0.0970736055367172 0.0164802861890736 0.234165307252202 0.0663790626743094
-0.0726777921325242 0.0690827483790911 0.0609877459047121 -0.392976218497468
-0.164045559105683 0.0693082013430854 0.0847180116425476 -0.0368561660754557
-0.129950941182842 -0.097770283253154 0.0562120658625875 0.0208269049449573
0.106661230902483 -0.0467062211131251 0.0838126153154362 -0.0935052726010033
0.00353456666086608 0.158307863872859 0.0316548062220923 0.170066718658743
-0.131865103800178 0.0113508392714491 -0.22912378400536 -0.00201535518441142
-0.0561875726947057 -0.207126859016031 -0.0939963170120763 -0.245803078567914
0.0307010615560545 -0.228654001499934 0.131528722560879 -0.389472123955392
-0.0312675628476884 -0.172854454254527 0.00404553850502246 -0.354832038027139
-0.132662400670003 -0.0757202350710446 -0.216745970295661 -0.139171097554688
-0.0841250097382131 0.0803845786656991 -0.0228378961162827 0.154715525228586
0.0764816274827868 0.0891514691041397 0.323138164930095 -0.144690553389328
0.0578174320776497 0.0253459282177193 -0.137050005755941 -0.338227464063105
0.00352749839453553 -0.0504943647208707 -0.209650764443738 0.107181981141122
-0.0696516667878708 -0.0299514452474319 0.208996347094083 0.12652104202572
-0.0786308044485578 0.0167943304909564 0.0887585832043412 -0.378443199114117
0.0389199181818167 0.0210630738023194 -0.131890986970897 0.350242995136446
0.0377463787077748 0.0159434853152568 -0.159182113807842 -0.142128277038813
0.000377663960769248 0.00435775749837516 0.215418520802432 -0.0400931522920516
-0.0139359814102895 -0.042746291753045 0.040498366358956 0.326786194852208
-0.00797080273399324 -0.0340509291840266 -0.327140325109968 0.0442020042784842
0.0413668414697097 -0.00723258703717461 0.0821185877337388 -0.14899616083869
0.0393539039569934 0.0257899565748428 0.225609956688044 0.157691752162808
0.0263126880367469 0.0267071573817652 0.0110682365577742 0.378797645178496
0.0116611318387129 0.0230365136940081 -0.111946951725041 0.453507912697631
0.0267974260692899 0.0117457115659791 0.11857943644709 0.293798045120344
0.00502600227813711 -0.0263346604225427 0.244224621095276 -0.0274078251846266
-0.0124459421850833 -0.0387922514575119 -0.086973855710625 -0.198413345680759
-0.00261610660716422 0.0151948200256505 -0.0696089368871781 0.162783335814492
0.0588219251016884 0.039746874689029 -0.0122174940544962 -0.0383532116939801
0.0672913116993406 0.00766974921277469 -0.11287757832203 0.0683875662600474
0.00686000395464516 0.0346680986431651 -0.145180981763599 0.331478457172655
-0.00389312635527575 0.00829258459383802 -0.117131549743807 -0.147485113997762
-0.00408467008303017 -0.0566755081043787 0.247373262210178 -0.00815161972138445
0.0502952282843632 -0.06312967865635 0.00932320345459736 0.326310249797337
0.0492812808092509 0.0509263166833695 -0.297950784070825 0.00600448070519463
-0.0499483273713967 0.0349704330923041 0.113472946516454 -0.105868860852504
-0.0502437498805804 -0.0588768903048905 0.206062403962281 0.179767742180963
0.017492588567273 -0.119916537696803 0.0229046947165883 0.36734825726588
0.0277195403119541 -0.167580624027635 -0.0386473936282177 0.437305066063676
-0.0759455647533449 -0.128436642785721 0.204584280346146 0.242041416178122
-0.0986529625163112 0.0173689226758036 0.223492660470596 -0.117031945290904
0.0148975213967889 0.0583954329363416 -0.127370397526393 -0.161617105948471
0.0565771374249783 -0.0269536789317211 -0.0308564465171868 0.160887250706855
-0.0367861476480971 0.0169066360646186 -0.00127343116161871 -0.0285436393528702
-0.0233503361832411 0.0984821835749545 -0.0908517117701763 0.0425940363949325
-0.0312516937871738 0.0744879159223151 -0.152771356951291 0.31750852707228
-0.0424127993276786 0.0187755371690212 -0.0876486931270752 -0.135938928751418
0.00488600142631187 -0.104159514215085 0.27389226060018 -0.008863443747759
0.117279703220276 -0.0392083672233787 0.0342415605331405 0.334859524447896
0.0494689318555493 0.133733665503775 -0.265539138109202 0.0454954470807447
-0.14888023101082 0.0258780982814555 0.078233174324599 -0.0374577322714664
-0.112558538710497 -0.1617231933795 0.155025000676356 0.174012308213078
0.00789473490735531 -0.246879758157561 0.0278999636693071 0.294806824088891
-0.0394547790087891 -0.310601537705937 0.0536647136060092 0.334372594058201
-0.250799498001793 -0.141701155100503 0.268566053264885 0.110036552361074
-0.0959593476531752 0.214109527565668 0.146974784468214 -0.220639976044105
0.210513026419861 0.0389066732586113 -0.155226536751791 -0.113113867620056
-0.00104032040959475 -0.192081015932288 -0.0337558270515719 0.147269986173652
-0.181803551638074 0.0704052173398839 0.0273017937379691 0.0275062240284579
-0.0788263064299845 0.190097598413588 -0.0323691154558839 -0.024909245776426
-0.0818899554297787 0.142200986602847 -0.157688816525365 0.281777469337797
-0.116666340759362 0.0560242249877391 -0.0763529503333756 -0.123801513126982
-0.0137335704375468 -0.151213212393114 0.279863074909184 -0.0198404024458825
0.17281303405603 0.00185453646244285 0.0635652523572925 0.356498144855226
-0.00264970942247224 0.199278943308776 -0.268876431282977 0.104726868671637
-0.235616266037832 -0.035850314487476 0.0059772783363404 0.0035620175413105
-0.124717592511933 -0.275638859640294 0.0927327298650232 0.128398704347628
0.00219939186022605 -0.338011534376709 0.0330404198104087 0.173699139419897
-0.153061692614388 -0.346427788882492 0.0923538715736043 0.179454159061944
-0.341736185029464 0.00278249644239003 0.245138882433415 -0.00434893799893075
0.124611306890311 0.316623337543811 0.101663352722515 -0.270080394665728
0.281440815794235 -0.21255462501632 -0.193135803307902 -0.113947506304628
-0.230038815539457 -0.253509053022869 -0.0476067164691703 0.198688254499044
-0.261318185062219 0.197686009848871 0.132287464270844 0.0625743481557149
-0.0844313949014072 0.249232489660969 0.0251865147918264 -0.145083937095015
-0.151282014678085 0.20134972053204 -0.142018658636909 0.197109097200821
-0.255220815396904 0.0659693519040796 -0.0500669277666646 -0.134697258861995
-0.0474397737335818 -0.26703307493603 0.262991241484371 -0.0321143416922527
0.274955179375139 0.0442673561090129 0.0468089693603484 0.3372018442753
-0.101121629569673 0.278281144056756 -0.274057235740915 0.109652628730173
-0.304830075828371 -0.158486458887459 -0.0588942202207939 -0.00266950490215967
-0.0831452674791348 -0.377590517521318 0.0479338616922128 0.0281654178456863
-0.00726491350976703 -0.380364869563015 0.0344502942009232 0.025113097042194
-0.240074980224767 -0.287497502931988 0.0466848772400917 0.0443871565733741
-0.274280149845036 0.124648549230439 0.201923366181815 -0.0316275438641059
0.230477680321875 0.202236753158576 0.129085201026095 -0.331116537904103
0.117129303757512 -0.252619417513824 -0.261879345877548 -0.153766597301703
-0.278162289023213 -0.119752019980953 -0.028376844001266 0.240095371784125
-0.204179983343786 0.241186695121922 0.232350155070156 0.0276124780036715
-0.0619206814315175 0.235266586986051 0.0478886728853696 -0.280350923521523
-0.215625155164739 0.205054122429594 -0.0832612793445475 0.0881053824692166
-0.335861244534313 -0.019934300961729 0.0263383212401168 -0.122500614915485
0.0561845486670261 -0.349536069725847 0.220368221792367 -0.0126274580141898
0.333787711012425 0.193989607735228 0.0121544626549421 0.256121035614989
-0.248240465973787 0.273266413050585 -0.23892408043518 0.0771197556365388
-0.281085723187069 -0.312957555738085 -0.104146867008263 -0.0657439264080006
-0.0077438704049876 -0.42403370411624 0.0462153073278029 -0.119907553130947
-0.0198215882623319 -0.363127664247791 0.0288963911580659 -0.124550886025685
-0.256342090062879 -0.200846103125952 -0.0471055106278767 -0.038575516541841
-0.183676348211806 0.1466151569075 0.154620698102423 0.00191710554730488
0.183809011980173 0.145858650395273 0.167462619212816 -0.35327900786124
0.0889528148089271 -0.105994960661416 -0.298259735301546 -0.204164736589656
-0.130007056419165 -0.0797017073488421 -0.0620475714922216 0.224948555158134
-0.124998604927659 0.133680420758552 0.248358463194582 0.0141794388715442
-0.0557494443553272 0.156813908189803 0.0450702775686939 -0.370033478980109
-0.221327167916579 0.151200704734932 0.00883131236472968 0.000613339933244154
-0.25684689998062 -0.10432129186426 0.0811526038336945 -0.0487972430459733
0.16057231072497 -0.20495744844523 0.134606269474569 -0.018550309573126
0.153684177215896 0.269390598227014 0.00734054664290871 0.183365917607938
-0.265634005680446 0.1122074534313 -0.22375445150579 0.0374530428723297
-0.156525142664826 -0.337874050365215 -0.110369597017543 -0.168177023737754
0.0446603101678584 -0.370218118656742 0.0899354981451866 -0.275454189002098
-0.0280983930523916 -0.288049485929706 0.0176388992213546 -0.258997930588231
-0.212429082898331 -0.130038472756138 -0.144949911196964 -0.0907018164249346
-0.128195857808147 0.129362498862982 0.0742727110705468 0.0791622167165364
0.140095941333561 0.128959450099893 0.238240190461651 -0.271206591529311
0.100591745102553 -0.0259707265171849 -0.243831455067392 -0.269595419003118
-0.0354941914927723 -0.0896167203590454 -0.136293771283643 0.181701288233115
-0.0968606270583786 0.0164698750074659 0.233579146371224 0.0635343073952638
-0.0719984098206853 0.0693893056285897 0.0556782981974915 -0.390684566686557
-0.162406520828495 0.0708520937039792 0.0842357649965192 -0.0399083206519389
-0.129937340003094 -0.0963827412020531 0.0580853654111324 0.020474121796693
0.105354394268129 -0.0472123160278154 0.0824055590712927 -0.093491617204883
0.00450723465539785 0.156142428188687 0.0328176578141253 0.171292875186156
-0.130578788188087 0.0112866727642996 -0.230558173403182 -0.00197224404638891
-0.0565112013663021 -0.206682201862925 -0.092970227804883 -0.243872239734982
0.0302514750592644 -0.225800744083135 0.130883694949919 -0.38870916210294
-0.0311578004756561 -0.172771118679757 0.00490675266833212 -0.352146073887691
-0.13135272281121 -0.0759596549799979 -0.218258922804234 -0.136546090024269
-0.0837712731556889 0.0804392075816445 -0.0223507498294296 0.155036038241299
0.0779506027351037 0.0878941134260247 0.321891241929726 -0.145103257163093
0.059336207201332 0.0242113078430899 -0.138704326181434 -0.336685173455142
0.00298934093742586 -0.050725435221031 -0.209235165115182 0.106674083468782
-0.069966806906051 -0.0295206955663971 0.209615097397192 0.12426236026557
-0.0788832564271265 0.0177508920312628 0.0836530870981918 -0.377924381031343
0.0404335372540535 0.0212521502475598 -0.130125941316912 0.354055624573585
0.0387194972254249 0.0158591872176639 -0.1597321162233 -0.142221090171713
0.00138554560920854 0.00460032997318664 0.216891252725505 -0.0401643846516381
-0.0137621649603477 -0.042662360899422 0.0401100066881735 0.330222095600171
-0.00841189722219957 -0.0329564160314821 -0.329542035355691 0.0444105464907517
0.0420452348303169 -0.00722149949189373 0.083379347574151 -0.151078200270622
0.0402287393949488 0.0255981230967922 0.226613992446158 0.159753896997894
0.0265254145557642 0.0259726624589641 0.0104144749095104 0.380283285833638
0.0117861346699934 0.0231299427066989 -0.113979355111598 0.456386530983297
0.0272234715672556 0.0114526276497938 0.114669791093328 0.295722331271304
0.00498010190415571 -0.0268137332308439 0.246238587845685 -0.0251159601567216
-0.013032667229904 -0.03953730021104 -0.0877357216527501 -0.199692130280363
-0.00276616170252192 0.0156180017484002 -0.0703953445541689 0.163555435853158
0.0600405482444913 0.0391231125610347 -0.0143209031092798 -0.039095989127119
0.0685067032768583 0.00716542999619746 -0.113671298582018 0.0708531218395525
0.00668682596270643 0.0348090404799031 -0.144286326886405 0.335886651081635
-0.00300527297193336 0.00867694805048687 -0.117463035356538 -0.147955914447214
-0.00445566564054569 -0.0563505310564117 0.249340131321288 -0.00894779411634525
0.0513312061966 -0.0631811542171394 0.0076680707146873 0.328073099533696
0.0499630512863239 0.0516231354274864 -0.301794061701525 0.00683410827172727
-0.0510455376432276 0.0345240180646778 0.115045458943211 -0.106401202912564
-0.049677676613389 -0.0596228407794695 0.205204184752158 0.181214464515877
0.017343859376852 -0.121490938741725 0.0224009165465047 0.367317682527117
0.0279543715102349 -0.169313204106375 -0.037900152153418 0.441479028048282
-0.0761342254416203 -0.130418207270543 0.20514896619165 0.244387985561268
-0.0990949487512557 0.0169281159246619 0.224464345214965 -0.116137399781301
0.0147021201109381 0.0583494683824327 -0.128301403599187 -0.16337673035648
0.0569222435910616 -0.0277504043548334 -0.031114667092642 0.160730460549543
-0.0364423325979839 0.0163715244210542 -0.00283961126292776 -0.0292731807869507
-0.022924489345518 0.099675463855776 -0.092035072158373 0.0453197947968502
-0.0319366949955825 0.0747766335820571 -0.15048205870803 0.320552570340716
-0.0411792703411066 0.0188416474390466 -0.0870807232303737 -0.136078857837177
0.00457512589135398 -0.104196404829839 0.2763616662655 -0.0101935592280065
0.118775853656311 -0.0389414965888251 0.0345126296503288 0.336861576496704
0.0495797538486241 0.134948136218674 -0.267292237097196 0.0460772777396872
-0.150499127293664 0.0257656529437981 0.0802347446812533 -0.0373375760613172
-0.113124649822996 -0.163115628414112 0.155631137210517 0.176047260153184
0.00828272054864898 -0.249448073318711 0.0292135289721309 0.296426629423229
-0.036662579471297 -0.312641173383128 0.0529335574661078 0.338847710030391
-0.252123254897588 -0.144840480172961 0.268213573359611 0.112427483388832
-0.0970975372392426 0.214883825963893 0.147375072189747 -0.221608331654535
0.212314237400577 0.0380484497266417 -0.156649316117447 -0.115291632796655
-0.0018492772526086 -0.193137579259235 -0.0346528298700885 0.146271888405401
-0.181583545449817 0.071076165765766 0.0266439976327896 0.0266810372234072
-0.0782462959247946 0.192686255129243 -0.0331761313198783 -0.0234224580670541
-0.0809641020899766 0.143836772292767 -0.155462433384458 0.283456519966137
-0.116607339713484 0.0564396333996234 -0.0754419216993523 -0.123598956038657
-0.0143314317373081 -0.152575961351548 0.282059552821102 -0.021023630499882
0.17397703968382 0.00159725271502281 0.064717050655087 0.358589567712114
-0.00338284822193982 0.199906636542714 -0.271446676453692 0.10566879588592
-0.23888977054357 -0.0368614844268929 0.00780759586958316 0.00466934395396634
-0.126818110970902 -0.275748093481492 0.0935287972091175 0.129287355482297
0.00283423247483734 -0.342444373820398 0.0333162151197006 0.174424934326008
-0.153354327733924 -0.348608917585102 0.0930255277869673 0.18147883236494
-0.345964248774652 0.00260670355461463 0.246580516782122 -0.00326798791330375
0.12484943454126 0.317501547720043 0.10173613206861 -0.271862448268009
0.282708193370542 -0.215106004150412 -0.19483915630813 -0.115195638378752
-0.232559816036749 -0.254088564384972 -0.0451630400930179 0.198221081394335
-0.261436595919206 0.200977987533716 0.132880828668313 0.0622437586555097
-0.0841720085144443 0.251874706660767 0.0245777697502465 -0.14429942236302
-0.151325447535015 0.203087693632253 -0.140606725723583 0.199735598623768
-0.255505113576919 0.0666022482374007 -0.0497532321194355 -0.134500776450274
-0.0491283322578021 -0.269386154505578 0.26413981752167 -0.0330154837987832
0.277088621173537 0.0438848330234282 0.0491284381854823 0.340369189303999
-0.101249139026886 0.279155713667448 -0.276514292520052 0.111465560444904
-0.307216228087371 -0.160477192752132 -0.0582117500104407 -0.00195037738267345
-0.0816555141876771 -0.380545630307115 0.0482882855221932 0.0280495951847451
-0.00511585469211597 -0.383270247161366 0.0352845952791839 0.0259702666004238
-0.240932955861401 -0.290207451296011 0.0466522208362365 0.0448497494147624
-0.276257417985333 0.123978791510008 0.202673293851177 -0.0310741326817061
0.232366800896931 0.203155634183767 0.129387598544665 -0.332668801388665
0.11712929780504 -0.254722373074655 -0.264952159510299 -0.155227139083391
-0.281125723261401 -0.119334733922064 -0.0271500668350357 0.240699111544684
-0.202444785049467 0.243990004804605 0.232456577758898 0.0253387258717519
-0.0616195890596711 0.236930928128883 0.0445866615413473 -0.282872998455879
-0.216715940685151 0.207903666741581 -0.0811514777621634 0.0882107174730303
-0.338678855444158 -0.019178519221223 0.0279416851531921 -0.123326303942717
0.0547871286780061 -0.352160681239786 0.222450441332509 -0.0139259650961569
0.335800608454854 0.194088653809306 0.0138040955400193 0.259041344327584
-0.251033802389123 0.274881302826489 -0.241124464637801 0.0776684139644778
-0.282772994022146 -0.315345505140562 -0.103120950880279 -0.0652061976494086
-0.00722041649216595 -0.427012477743411 0.0463884882248772 -0.121599459992868
-0.0166525794671471 -0.365999720295547 0.030884293240943 -0.126112308675083
-0.256656436382466 -0.201223035633902 -0.0482180099191211 -0.0385116109035571
-0.185993426092214 0.147327662221146 0.15514193870782 0.00278759194562445
0.185252399626302 0.146743792088356 0.168980766159941 -0.355940686245228
0.089872150851239 -0.107068645528512 -0.301455817374925 -0.205823718458313
-0.130275899215996 -0.0796012950368039 -0.0615463367829556 0.225539847764383
-0.125828431688087 0.135060201398144 0.249970711439155 0.0117592167944255
-0.0561190531248261 0.158018357909379 0.0410659350251977 -0.372739466183735
-0.222838365095908 0.154051341626217 0.00830848847747435 -0.00133786148668235
-0.258474826086652 -0.103684383333725 0.0838963563788281 -0.0491183668341927
0.160679237544302 -0.207273804954551 0.135840163065096 -0.0184441241306768
0.154025930151375 0.270792777863606 0.00914623022475206 0.186258698871405
-0.267424041543361 0.109303265869241 -0.227599692898909 0.0363058316442586
-0.158199397293197 -0.340596965279327 -0.109136414902618 -0.169167121986897
0.0436648559249578 -0.371203275626893 0.0896222392521999 -0.277193776316195
-0.0267321959759989 -0.290838194664836 0.0197886872197452 -0.259132222487503
-0.213264430130643 -0.131699742802645 -0.146157701150726 -0.0898016414622781
-0.130216976102521 0.129725761110698 0.0741628044062936 0.0803338813237372
0.142846329185879 0.129795941463016 0.240479245336306 -0.273800903916624
0.101529182719994 -0.0271523896209085 -0.246284577679308 -0.270688723862278
-0.0362375013025182 -0.0911281267637403 -0.137788254167282 0.181924411099466
-0.0976494553176012 0.0171895932690956 0.235302922220864 0.0619819059379142
-0.0726541155149479 0.0708387953459442 0.0522767147976577 -0.394093538433024
-0.16087796115737 0.0723018263905136 0.0845828481494014 -0.0420681801292314
-0.130572584144225 -0.0965707963184513 0.0598972869505294 0.0213166594733517
0.105634262546772 -0.0476436544793556 0.0832376263267417 -0.0944272079411731
0.00544539954573974 0.157367798186737 0.0337109203791161 0.173938234314588
-0.132072647803852 0.00919741446184585 -0.23452219809303 -0.00400750022359023
-0.0583212233618602 -0.207860275262244 -0.0923386402699928 -0.245895199675591
0.0294195079178883 -0.225707384540431 0.130713734596383 -0.391097136973562
-0.0305054753781938 -0.173996603015469 0.00557086584643028 -0.353748850636405
-0.132786044567705 -0.0760210267536122 -0.221768734880402 -0.136603142820001
-0.0855451435753952 0.0805746492502948 -0.0235024594291504 0.157093362662538
0.0790031004646575 0.0881903587469889 0.324170509474679 -0.146330484309061
0.0604129890552471 0.0255512986184014 -0.140156899513822 -0.341322171739441
0.00226734508620701 -0.0507221740894432 -0.20976540887255 0.106887839975536
-0.0711708737245198 -0.0296536839537184 0.210800272566099 0.122972612808861
-0.0791385172225668 0.0184743644118395 0.0799444024072859 -0.380809373990626
0.0421489988966907 0.0211151951216692 -0.127069778462107 0.363385356908082
0.0400691449701459 0.0156503327138944 -0.164664062646054 -0.143911434864365
0.00173298488244647 0.0036608963668412 0.220260104051277 -0.0430013495389756
-0.0138301857848887 -0.0437862516230638 0.0435671909921049 0.336516302262892
-0.00880332943624628 -0.0335795870652187 -0.337842421149207 0.0474996495055423
0.0438756014603666 -0.00806407454621552 0.0854742046189437 -0.154973316143694
0.0422296541293865 0.0249209328464045 0.232601840440135 0.162218194275121
0.0260044475279647 0.0253025821355604 0.00993367835049945 0.387087339205277
0.0124760284452304 0.0241959603714828 -0.114742845527462 0.467391614915134
0.0272610255081485 0.0119014191141162 0.117220798086496 0.304769578651151
0.0040099246738273 -0.0275113442243342 0.250636114184794 -0.0237659186134629
-0.0138028668665882 -0.0409017093582226 -0.0914466651014048 -0.203895941474736
-0.00356712032205952 0.0156300884684238 -0.0704865163174024 0.166441350362716
0.0612347654630333 0.0386655318755267 -0.0162206735490704 -0.0401651453377934
0.0706771021522805 0.00573486909021336 -0.115493197467735 0.0761552248548316
0.00788007157412427 0.0359068217837499 -0.14165244692893 0.345065263429611
-0.00176130954378261 0.00899573486748764 -0.12032794691418 -0.149245317290475
-0.00548472592578039 -0.0590306341485503 0.254907937312416 -0.010805531871451
0.0516660163184947 -0.065480581236319 0.00950335955496616 0.336762918347061
0.0512445958621789 0.0532671106818017 -0.30821379323969 0.00774351746888423
-0.0524423047311033 0.0359524410748065 0.11839341142322 -0.109005866918533
-0.0505399089158539 -0.0605757738498224 0.210812954370236 0.184085589874775
0.0176964066001708 -0.125292866769869 0.0234694195698663 0.373348787983958
0.0290864035711903 -0.172788496969595 -0.0357672051646573 0.451466096574526
-0.0786774895285374 -0.133785962232311 0.2092537666571 0.250217338841089
-0.101850628034834 0.0166948875425673 0.22896596599338 -0.117012461302067
0.0150371140164441 0.0592398589559801 -0.132019068653049 -0.167611132037247
0.0575429287999178 -0.0286576518711429 -0.0304712713915548 0.164099322729529
-0.0356443836691974 0.016930615928412 -0.00457883190709968 -0.0299212712156046
-0.021046482931686 0.102292882993411 -0.0944841815872544 0.0496756053041194
-0.0318499765579312 0.0771908133461226 -0.149640170843095 0.33135921230022
-0.0414919256578289 0.0187049194252194 -0.088143018263625 -0.137962099909992
0.00377096856794898 -0.107704329129223 0.282738694835794 -0.0137772311075867
0.121542533987564 -0.0408195642895116 0.0362142312080543 0.343514878977835
0.0525621281216841 0.136292119018596 -0.272650660682429 0.0476984809287003
-0.154432835908238 0.0262941662374038 0.0830070780008606 -0.0385367857239241
-0.115810173102423 -0.164896679955989 0.159345252024786 0.178211945512999
0.00771112868364628 -0.25581059379756 0.0309036595473008 0.302354992770968
-0.0385880731871535 -0.319653694003153 0.0569518019112475 0.347186109041069
-0.260397636493528 -0.14751882852525 0.274797394635726 0.114920653468581
-0.0979995903909158 0.218675453674504 0.150347382827125 -0.22620318978534
0.216682532762885 0.0366934768692123 -0.160891440396699 -0.118168057229578
-0.00313765226071982 -0.1976343427329 -0.0334643601761876 0.148924796603681
-0.183748037433565 0.0736717482588469 0.026036787300031 0.0266738595554397
-0.0778749043994941 0.198885912953007 -0.0345084070431953 -0.0212458478143055
-0.0817343197806077 0.148359330469083 -0.153831848738034 0.292695072196771
-0.117941867611402 0.0581478877055456 -0.0761722753033184 -0.125241587894318
-0.0157055162019541 -0.15570573797505 0.288795588744256 -0.024384636876211
0.17826198541757 0.000279394221410422 0.068860811220983 0.367356421027122
-0.00238526930177958 0.203336291864635 -0.277436901308094 0.110906936197778
-0.242761498297278 -0.0364068646184358 0.00883883453070478 0.00569078755119629
-0.128837643012363 -0.280949069505157 0.0954107790467476 0.130733026776904
0.00249258899467928 -0.349939397842743 0.0355388797275795 0.176610632558062
-0.158074353830935 -0.355206679610871 0.0972236402774772 0.18721422779238
-0.353289322534353 0.0026443456345275 0.251466052972519 -0.0036584767269157
0.130057087397233 0.322795227524374 0.101813847674578 -0.278787410330893
0.287506992117172 -0.223498905852537 -0.199473954764544 -0.118074435077246
-0.239961620484398 -0.256261700831189 -0.0461862994050905 0.201982305738661
-0.264172319556077 0.208653215268472 0.134845151931903 0.0612764686834025
-0.0816960368576537 0.258735817754111 0.0214301282132067 -0.146867571278816
-0.153136183239069 0.208536834086346 -0.139645745992549 0.205652835543096
-0.260871806782166 0.0702306878604686 -0.0504008746973809 -0.135996190768173
-0.0530641593140621 -0.274391908576603 0.271200506138007 -0.0366475798064325
0.283394345873578 0.0431684133322871 0.0552476304363005 0.34919105166761
-0.102188953048818 0.28591725622205 -0.281389160444353 0.116699075139885
-0.313629674413688 -0.162559607332469 -0.0576680782731248 -0.000752918611336333
-0.0856749444065603 -0.388072137093613 0.048877335377486 0.028093531952979
-0.00744772969694113 -0.392823938695986 0.0366797250510627 0.0259548580308769
-0.247083453231256 -0.295249237112866 0.0498227508353786 0.0460251333060991
-0.283514846216374 0.128195498141732 0.206430298195004 -0.0326750951850983
0.237788201404193 0.206028618416887 0.131401551915607 -0.340945430877777
0.116935613074295 -0.262235253345557 -0.270677302781493 -0.157261728587867
-0.288187351559751 -0.119279050905861 -0.0255118171461145 0.244636591346657
-0.204263928831651 0.25138201974828 0.23702739942835 0.022987846966282
-0.0596813673934197 0.244204168550585 0.0414244447525306 -0.287470200570922
-0.218191584523921 0.216197716737637 -0.081160348359221 0.0902869863150595
-0.346869074630084 -0.0172048120840577 0.0297539441214318 -0.12567582875812
0.0515727763115372 -0.360763515411094 0.227750301706798 -0.0154673632301183
0.344337151092379 0.19497214505052 0.0165561223630074 0.265369209757806
-0.254803207396403 0.280304598500264 -0.247027981400561 0.0802164011254381
-0.293753958762278 -0.321401022067128 -0.104630110256067 -0.0661213904906162
-0.00813334923027288 -0.435412811332293 0.0462986300489954 -0.124046866754252
-0.0182746725673745 -0.374810263493825 0.0316004499666097 -0.128810515357613
-0.264581143586989 -0.20524175236107 -0.0486500319823628 -0.0378195249596272
-0.190292102004851 0.150103262817921 0.157918630069806 0.00256052442962513
0.190760211694767 0.147436659700351 0.169490304927342 -0.364968035972238
0.0914289885490024 -0.110299278922248 -0.308988377554997 -0.208970517362287
-0.134582481709716 -0.0796100964866854 -0.0613438963191307 0.230733063802445
-0.127137353306967 0.139269616833865 0.254079223466611 0.00897590471594637
-0.0549209005478132 0.163174584909912 0.0359798470992546 -0.379704288733867
-0.224083854918035 0.160608178680112 0.00984302787604931 -0.00240592572384595
-0.264610886891824 -0.10277587340535 0.0874169315604376 -0.0504202322400061
0.162610456379872 -0.213445907622565 0.13973468182263 -0.0194899408253617
0.158715112439371 0.275917921367539 0.0118710733095907 0.191407092624451
-0.27346479976441 0.112973388888612 -0.234007738370076 0.0387522432916441
-0.163822251516483 -0.347342958662617 -0.111085174745631 -0.171205952695254
0.044493085030218 -0.378771677588789 0.0907009608797788 -0.282896956146312
-0.0284945921120317 -0.297378382171756 0.0204698812692442 -0.264955319145489
-0.218303518560712 -0.132827546474634 -0.150461320623123 -0.0910322707925002
-0.132814838063759 0.132760313936227 0.0757192918510262 0.0825221683986771
0.146807170972874 0.130595982204629 0.244554847299045 -0.280939158209318
0.104703459909417 -0.0298184689977824 -0.253747694526196 -0.276587327336262
-0.0374063669630425 -0.0928673761303764 -0.139748812906047 0.187596438267986
-0.100050818659947 0.0182600831353159 0.239850989748374 0.0609483281181674
-0.0736253028866196 0.0745765268035413 0.0459421582413986 -0.40364520157507
-0.162348615320423 0.0765130835188855 0.0856298282471204 -0.0446868197904636
-0.133708074812646 -0.098408890149345 0.0632975389821734 0.0202632881663022
0.107275222187888 -0.0504050592708595 0.0843441598497683 -0.0961644681855152
0.00654864957776391 0.159846675839496 0.0373474742218554 0.178929666034149
-0.135483865058264 0.0088878042454948 -0.241484813058246 -0.00229132969664421
-0.0612403780340572 -0.21167680794919 -0.093445647482748 -0.249976946782452
0.0296808474815554 -0.229997628394308 0.133482719755606 -0.399759171139659
-0.0321595123121495 -0.176983086213858 0.00592754353857716 -0.360987330470408
-0.137009856599161 -0.0766419587947019 -0.227064997762001 -0.137040096813489
-0.0868652576868263 0.0846688705521363 -0.0234673337443131 0.161073585639254
0.0822625203950287 0.0901719511060162 0.329543355427863 -0.151237599891841
0.0627626071583601 0.023412825045326 -0.145842514032402 -0.347104717563426
0.00251964406562701 -0.0522904728257688 -0.214530747837659 0.110708132183053
-0.0736377706676387 -0.0295493340505093 0.216412687756022 0.123537528250307
-0.0804238726697016 0.0195822649597212 0.0748209125507739 -0.390329224962123
0.0436809147835011 0.024883391656203 -0.13120807577803 0.375225459897748
0.0420402619457017 0.0135029318034558 -0.168132781654121 -0.149443254059628
0.00332163231675469 0.00416641623174244 0.22577326955777 -0.0419139895849184
-0.0138023394448036 -0.044631381489533 0.0399119670496539 0.348886341846398
-0.00969291862712539 -0.034749654221119 -0.348504687598 0.0454364258244278
0.0457848370178964 -0.00746170810648973 0.0912920060785789 -0.158583467347659
0.0428785320190573 0.0256011703290109 0.235688409498272 0.169994586628887
0.0255276792949216 0.0257762711046781 0.00388760429395124 0.39606314457515
0.0112776231919047 0.0253676033715582 -0.121602217725705 0.477490204832119
0.0273751691960791 0.0121347659837954 0.114870238058291 0.314128750302979
0.00469312661659409 -0.0278419341306686 0.25641740886394 -0.0197918131515246
-0.0134397426178642 -0.0421115801323727 -0.0935490073248796 -0.210370075866382
-0.0040459352958706 0.0152564003229412 -0.0734783490213088 0.170884147213522
0.0631659875798922 0.0383295322181506 -0.0179539179128736 -0.0408856462660102
0.0732849357120528 0.00390539183150042 -0.117705614014108 0.0808517229920979
0.00729598593181529 0.040621200099312 -0.146870247356768 0.356268666845559
-0.00154275035526583 0.00695043652503393 -0.122994025968412 -0.155088457252145
-0.00363687855594889 -0.0592717441705163 0.261067038294125 -0.00867199556897771
0.0542689896738172 -0.0662417755835762 0.00601239075575796 0.348768679272761
0.0530581472236283 0.0542319847333994 -0.317061841967538 0.00441496587079033
-0.0543625676248034 0.0366785050156644 0.125141113719038 -0.111879098525739
-0.0502645227814462 -0.0629907820115271 0.212383503189809 0.192749685184164
0.0184120599762405 -0.128491057223991 0.0195040770342108 0.382105344305804
0.0308533707339674 -0.176650457715752 -0.0404309410784626 0.462296046636156
-0.0796964219816301 -0.138199789984603 0.208791108501992 0.259928995142494
-0.104016799618233 0.0160628337273587 0.234383408847847 -0.11537461818609
0.0146448728517872 0.059973438148736 -0.135575135057843 -0.171450777447426
0.058256191396168 -0.0299358846694616 -0.0321442441460598 0.166752990810554
-0.0362309892896491 0.0167536523300728 -0.00687287473773272 -0.0320248518961495
-0.0200109552190586 0.103488110755755 -0.0969821939119436 0.0538748456393492
-0.0336551756008723 0.0829852549935032 -0.154026535812254 0.341106121463965
-0.0409005168073415 0.0172991742510259 -0.0890288353813593 -0.142392656793864
0.00536321968923043 -0.110542760566648 0.290532736514269 -0.0107397297601875
0.125180514338819 -0.0415098168737755 0.0342646543096521 0.353911239503891
0.0530084293402915 0.139652786632383 -0.281364702556095 0.0451691531648575
-0.159736800025514 0.0259878468876461 0.0880036731518479 -0.0380741026589533
-0.115676765775106 -0.170468620562984 0.160442179993141 0.185414422452412
0.0115117325679123 -0.262826947017226 0.0279932461545652 0.309137540684089
-0.0350673810914798 -0.328533929091045 0.0560330837330653 0.356752852167216
-0.265982124184211 -0.156352067200946 0.278607692706052 0.122467512102441
-0.102862115284379 0.222902457681569 0.154351409351834 -0.22687320820065
0.222456113411641 0.0384608232038424 -0.163292736445128 -0.123178095219556
-0.00456271787958616 -0.203694975234646 -0.0351001771282655 0.149512060161187
-0.187893859375686 0.0762696665425719 0.0241034407314719 0.0265966151407506
-0.0771813407152315 0.204240081931352 -0.0369154720477135 -0.0193188325464295
-0.0837096517021816 0.153984937874762 -0.15746244732915 0.302982644333175
-0.120109666673314 0.0580406094241797 -0.0760544548425365 -0.129056876115466
-0.0157857949407235 -0.1599218096978 0.29748997856424 -0.0229624420055768
0.183419891113535 0.00150554297185814 0.0690900072124979 0.379994002212296
-0.00430807657220805 0.207408107508529 -0.285361501358583 0.112153146677041
-0.251145985773013 -0.040378550914319 0.0119018829644173 0.00771966011986206
-0.128845996634515 -0.288512734492653 0.0964004818879016 0.133879602292262
0.0070035731902568 -0.36025980824627 0.0341889654407752 0.182177166845235
-0.156909873817249 -0.366560154468501 0.0975464407521692 0.192545983780781
-0.362057309232935 -0.00245047020535299 0.256681622348887 -7.94168318526586E-05
0.131428646376728 0.331069721405946 0.106692394721518 -0.280698246425004
0.294705154083505 -0.228392478801043 -0.201657573421484 -0.123056093335569
-0.248016859653619 -0.264275053722779 -0.0485234339061148 0.203805161283897
-0.269754031154187 0.215188081610286 0.1355094062319 0.0626679420063435
-0.08139405686271 0.268895457382886 0.0209770832211022 -0.147805012857942
-0.157322394902977 0.217411203246734 -0.142355179240842 0.213491462349339
-0.267522372837761 0.0708418429746388 -0.0483259619216246 -0.140237519335391
-0.0535464548742518 -0.281247308849898 0.278073143732859 -0.0353612158341537
0.29006670148706 0.0451099875527724 0.0539904644785875 0.360064236122127
-0.106439476349774 0.291479547887457 -0.289351014043513 0.11932509341089
-0.32385244662125 -0.170808973179389 -0.0577607568894967 0.00037333851731762
-0.0818412799755908 -0.398150330147319 0.0504259690139065 0.027628924664767
0.000240733645152509 -0.402301722293395 0.0375794245201659 0.0269683829165888
-0.249340088761903 -0.303739457459129 0.0506037173642575 0.0467320899619064
-0.292007523839027 0.127856614800875 0.210779095021283 -0.0312306242952007
0.243604033691164 0.210406701269528 0.135917867151485 -0.346458711085543
0.121309825310356 -0.268788924710581 -0.276350561266145 -0.163140454069782
-0.297986946860688 -0.122894571415115 -0.0297976118959565 0.248718064331544
-0.209809232187629 0.259663356432319 0.240402638466918 0.0235979685835496
-0.0599416705053608 0.255841498663465 0.0401897747377911 -0.29432177227461
-0.223506909735975 0.223401433386072 -0.0823548186564981 0.0941584359982226
-0.355442225339845 -0.017200252858788 0.0328988916701069 -0.126956532702567
0.0539508291457262 -0.370097697031533 0.233559685091451 -0.0145275311411712
0.353135304888278 0.203623088148211 0.017011880626685 0.273944513745373
-0.263366392429981 0.284725586202549 -0.255456037079117 0.0828670206973182
-0.299980741655767 -0.33444640676698 -0.106683108068635 -0.0684995079394772
-0.00447839663613335 -0.446956000705579 0.0497260614927183 -0.128538794114411
-0.0126107928257201 -0.382964037823426 0.0347830332182996 -0.132261883179894
-0.268969868200439 -0.212971475020163 -0.0483292780631802 -0.0398706429699505
-0.197778023671404 0.151756462707346 0.159710331087851 0.00420981676606119
0.196109089571031 0.152157955685239 0.177564424017923 -0.371790328943862
0.0953288334632382 -0.113750905444162 -0.315809960614005 -0.214958389222566
-0.139318950511519 -0.0822814953206226 -0.0654512062873426 0.235708577490384
-0.130775725484303 0.143793022686075 0.259383145530742 0.00949620938974089
-0.0544169738687177 0.172298072302165 0.0343067676309295 -0.389512156306056
-0.228353844465184 0.165088528655108 0.0109715249024707 -0.001292510800842
-0.271862393371417 -0.106370284903449 0.0917712721909308 -0.0509520495207923
0.167542374892652 -0.218545433851725 0.143766792695537 -0.019061847819843
0.16226904950922 0.28535880923457 0.0121887151069225 0.198905090679088
-0.282625299370206 0.110712303767397 -0.24371948200297 0.0379137448490611
-0.165898864900996 -0.359954223869564 -0.110596709839498 -0.177919868877031
0.0489333472388889 -0.386694685479024 0.0994981871110484 -0.289878086356806
-0.0233383501933669 -0.303816540335317 0.0253980445369495 -0.272202968232501
-0.223227274228635 -0.138967067772506 -0.153534490620629 -0.0940747215135664
-0.13820039453458 0.13463388157826 0.0751969898219011 0.0855699829647981
0.150860741020022 0.133279118762305 0.251616369164982 -0.283846846372481
0.109272802529345 -0.0309328991719054 -0.258545607537574 -0.281568994445755
-0.0388043308860976 -0.0965053867056413 -0.1441176751814 0.191835182308526
-0.103478299351563 0.0204136229446312 0.243552870460303 0.0619966173679904
-0.0733260965720881 0.0808874219317221 0.0453638544143383 -0.413372836131472
-0.166288824438839 0.0773705261086994 0.0888171679057411 -0.0455802682676839
-0.13663956957879 -0.099621655734744 0.0669480965846458 0.0217458620308339
0.110051284397621 -0.0515569868401744 0.0882104243526756 -0.097470184974728
0.00486998039686436 0.164515253368178 0.038361204108903 0.186446178120534
-0.140586969906314 0.00598452120554304 -0.251051673332483 -0.00534205267100866
-0.061220537183247 -0.219357244470645 -0.0906172622453308 -0.258806699174471
0.0314773022971265 -0.233512457775674 0.145269375519582 -0.407414854712281
-0.0293233017908522 -0.181041712430434 0.0117855643804155 -0.370235571787848
-0.139719709038736 -0.0811338667697583 -0.233514963547511 -0.141396755286551
-0.0907120134553354 0.0853726444757944 -0.0265620462901528 0.164297766761834
0.0856590821558978 0.0925818533206787 0.339169587498861 -0.153052493285118
0.0662449601149589 0.0247692260746048 -0.14743706982888 -0.355833638777747
0.00205780205313636 -0.0559723525484257 -0.221701933828496 0.113040103731901
-0.0771684529023918 -0.0294747459544825 0.221586434908411 0.125627101992233
-0.0804375983225805 0.0252003209401697 0.0743493097292274 -0.400797424283296
0.0463610067641654 0.0235835338044722 -0.115290657002122 0.388498414566894
0.0435585410691852 0.0120958985671352 -0.178999020549932 -0.144768372096819
0.00409180275082488 0.00344699211873144 0.228427500010719 -0.0506955963760294
-0.0150853022948184 -0.0451516891752107 0.0547217278168054 0.354977764084346
-0.0110434622376653 -0.0341408237902993 -0.354656945410083 0.0591443480226484
0.0462689673376178 -0.00968184544790697 0.0884188643267276 -0.166205710205094
0.0454807893883877 0.0242502416921244 0.247740653556536 0.164081513801141
0.0255568882602488 0.0243088003309453 0.0170255162238922 0.402370417554774
0.0134110837143025 0.0266876624386627 -0.106076405388627 0.492538902726228
0.0287570806117229 0.0114581222670682 0.127164774211576 0.318546508175233
0.00330653627854261 -0.0284305592420693 0.263094446462921 -0.0279105175075154
-0.017034492451087 -0.0427252480316135 -0.104651057168534 -0.210619430449644
-0.00336443013722512 0.0157446730266846 -0.0688771392938568 0.175659737481421
0.0669424175692463 0.0362440590850189 -0.0220183909039509 -0.0414873938287594
0.0755788256401115 -0.000405639507551317 -0.117241912426086 0.088902948414731
0.00922661927507831 0.0405342627984754 -0.130423666959213 0.371104935640461
5.38841314589628E-05 0.00629360380413877 -0.131649988397002 -0.15231102451838
-0.00609064960301265 -0.0607188813775797 0.266017814262376 -0.0189320417200722
0.053226007922291 -0.0706053520869233 0.0200817369380315 0.355857061561015
0.0567463416185487 0.0528141873910231 -0.32366617887921 0.0158413475930333
-0.0544715560197522 0.0394001163942421 0.124843572081432 -0.118350380471781
-0.0531041127094364 -0.0627475505600793 0.224843585259955 0.187080941427309
0.0138076016784191 -0.131738753017876 0.0330325690264354 0.386554451774345
0.0253111846398057 -0.181392429230542 -0.021658613737363 0.475302428763732
-0.0870880371401616 -0.138743049503969 0.221974497301714 0.257616196835179
-0.106940560763222 0.0194558164092972 0.235251876438882 -0.125681430565895
0.0169430889058857 0.0604494091089214 -0.145929563341551 -0.170332904614662
0.057681515463138 -0.0324099536073751 -0.0266608679181745 0.169883917041443
-0.0358643752800589 0.0178127138336527 -0.0103056352973182 -0.0328859174036822
-0.0156259918775187 0.106447744592207 -0.097675885773875 0.0620312790149855
-0.0302196541576201 0.0852848156747833 -0.13867373831116 0.355088592585926
-0.0415405738442879 0.0183964350808809 -0.0948401130618793 -0.140884113077102
0.000932230616506193 -0.112830937685097 0.295885997567805 -0.0225525602092251
0.126057052025886 -0.049286147497445 0.0509277158030239 0.3610908871465
0.0601080534422686 0.141264583023042 -0.284516677651516 0.0576390694281547
-0.162201302080072 0.0322639067852729 0.0907877775446238 -0.0413903508216332
-0.124934379706315 -0.169144883976466 0.169574541811919 0.181531783322541
0.00141299254956341 -0.269421430005973 0.0394839174809606 0.312752346512029
-0.0488605960329365 -0.3347700243706 0.0731838802268406 0.363313589372243
-0.278083778093405 -0.149857041489356 0.287083571090246 0.114976370039023
-0.0955682774401624 0.23061534787077 0.147745716700398 -0.236019361098081
0.228323201092879 0.0292224735892327 -0.172520341986821 -0.11958105574806
-0.0131703689213424 -0.206068251812814 -0.0306031686239873 0.153490528909005
-0.187165938928423 0.0854129753694026 0.0240346945134119 0.0256670839550371
-0.0694590880369665 0.212049389358047 -0.0388924048549962 -0.0157728574090163
-0.0790711835443478 0.161648095911321 -0.145845728700612 0.316799898263306
-0.118808085461607 0.0628962709828428 -0.0819677087053137 -0.128125718773604
-0.0235864156506434 -0.162700907385627 0.302893854204852 -0.0362496657261703
0.187874939350961 -0.00798793793989218 0.0863409459646909 0.384259466048753
0.00428003427313139 0.211806299555723 -0.286487255174216 0.126436245902654
-0.257470453845461 -0.0307364575211835 0.0143754673034274 0.00849856968199444
-0.141445340653813 -0.287940773778484 0.103209370851051 0.132922603289534
-0.00487449005559372 -0.368292801314256 0.0428945109564172 0.183933330349392
-0.17363731599926 -0.370096387870941 0.108617103968113 0.193934382144177
-0.372529257333505 0.0117880262802911 0.263580244762255 -0.00960322409983374
0.14842167449408 0.33043966602787 0.0968211898269428 -0.29108987060042
0.290028963383746 -0.246627947403873 -0.211277618645681 -0.119387069114982
-0.265442422852785 -0.258364847170452 -0.0421776012319896 0.208185307474154
-0.265843197537608 0.232113252880575 0.139244265978975 0.0574440456737376
-0.0709810983729385 0.278512587804897 0.0131038136243473 -0.150249252223425
-0.150572452290007 0.229512465087505 -0.133570889110971 0.224240776545788
-0.269816873025621 0.0836814642095571 -0.0538600035047529 -0.140118436302484
-0.0677643401832234 -0.283706191333758 0.285123439061372 -0.0473015932303864
0.296865443818817 0.0336927043641788 0.0712901078882668 0.365844098081026
-0.0977890313560346 0.300135361499736 -0.291365532433866 0.134396082442427
-0.336016910727436 -0.161873755843089 -0.0569262664637591 0.00283549700483026
-0.0988971025456106 -0.400500961366291 0.0534778070381972 0.0254359314394746
-0.0164415941449854 -0.412141626971081 0.04066402629196 0.0254303662419298
-0.266059108553207 -0.300531882527723 0.0549947599619077 0.0470124907312128
-0.294918743078286 0.140416850201381 0.213259073134745 -0.0399611702871655
0.25835583992675 0.203327082691055 0.12463102633786 -0.360234854362843
0.112560098727647 -0.279259773236348 -0.289470911651713 -0.156388122466125
-0.309674237893382 -0.111118893195986 -0.0200515931836082 0.253642805739979
-0.200598458300514 0.273551570709969 0.244805856412936 0.0126662957225311
-0.0481711015654126 0.263914534499456 0.0262978194757905 -0.301036202226279
-0.21777350808353 0.238027820992338 -0.0785922913202478 0.0994197831507568
-0.362896118556603 -0.000666160817245332 0.0299747585726909 -0.132003845228062
0.0389517097728858 -0.379987291000677 0.238952402991274 -0.0254117916449835
0.367785550602116 0.191739078858702 0.0307491627427323 0.280177451929004
-0.258361838976263 0.300192382097353 -0.25827793798615 0.0954067268708336
-0.321257290439208 -0.329878654822286 -0.10926379627588 -0.0657031124421899
-0.0205213572522791 -0.453273877951757 0.0466032664913224 -0.134264499678227
-0.0267559114585723 -0.391439965431061 0.032608469375004 -0.13636885075618
-0.28197816123186 -0.205618243686593 -0.0508013078023647 -0.038937829239892
-0.197452652396552 0.163152983868188 0.163136808315097 -0.00224349568704497
0.207612846899102 0.14591464197727 0.164408672290221 -0.386037803082238
0.0932500468060418 -0.121289491645133 -0.331625687338759 -0.207174382585626
-0.144763048519627 -0.0778386262147305 -0.0563961498955297 0.241972340293166
-0.126840167211881 0.152509819991424 0.263213651557833 -0.00154118328350807
-0.0473736039619435 0.177868272003925 0.0164908888424187 -0.396953346263793
-0.225347868482291 0.178736389569815 0.0113665433392476 -0.00265967664959477
-0.281631088457746 -0.0960661290873297 0.0936340445419931 -0.0556718760283197
0.161643917625773 -0.229260617296077 0.146444685608068 -0.0258706802889188
0.177649909462639 0.283690865293063 0.0232821384544224 0.203980094298268
-0.283874729810275 0.123291613448455 -0.249847986316869 0.0491599299289847
-0.184763920052411 -0.359776565251665 -0.117699368149824 -0.175758278866627
0.033991100290053 -0.394949900786282 0.0893113682500973 -0.299850178857321
-0.03560079339398 -0.309400857126263 0.0165620199207036 -0.279244650305588
-0.232283970970002 -0.132745492145165 -0.160192829696506 -0.0891778827138427
-0.137206090839488 0.143068450090023 0.07934061564181 0.083572913366758
0.161349217991714 0.12925451070711 0.244447910647423 -0.301499632272261
0.11065904907338 -0.0368622605140252 -0.275531220898312 -0.277730055841992
-0.0437893641175825 -0.0971196082863839 -0.139328783169276 0.200543353229241
-0.105894064535817 0.0242772176462993 0.251253495533454 0.0528775250582357
-0.0709973319417781 0.0863937551013516 0.0267863296285951 -0.423269589511639
-0.164572429442421 0.0862376472857596 0.0880798945639626 -0.052025394712623
-0.144141306490171 -0.0956076125332382 0.0708177406624183 0.0195134482245857
0.110000829153146 -0.0573232456497889 0.0856144181844807 -0.102913869154802
0.011779656692758 0.166872900452434 0.0481966534554277 0.18981224044423
-0.142421349326664 0.0111019771507955 -0.259055573929368 0.00321381865712144
-0.071790245956159 -0.220268167565782 -0.0990326127831071 -0.259530321334805
0.0221628712789677 -0.238004812448862 0.132364001995747 -0.421610144468157
-0.0382596630770889 -0.183425830408426 -0.00125410349148449 -0.37706271689884
-0.146177310332995 -0.0765273425455871 -0.243215760105063 -0.13412346814182
-0.0889056170092447 0.0913668853534425 -0.022444020734341 0.168399543020491
0.0925576784266761 0.0891419298939921 0.341262438562008 -0.170591560508201
0.0694560858011502 0.0213356646799447 -0.165308625645341 -0.357800021705779
-0.000288810985656378 -0.0562299356520951 -0.223097711570677 0.12459121079089
-0.0810919596933874 -0.0271878870995009 0.230426744964873 0.118401889308297
-0.0807467833281055 0.0291087435753319 0.0553535656668621 -0.411663531202745
0.0491101939767375 0.0203173731193874 -0.0931271285986193 0.395612739706831
0.0458382962193208 0.00859799566037346 -0.186944228668007 -0.135460785707448
0.00457331821065899 0.00391933805408964 0.227224280613516 -0.0605472311188296
-0.0173256861362158 -0.0450278530440932 0.0708768562654681 0.354365193443647
-0.0121723365222631 -0.0331904352566997 -0.353562226089682 0.0740765213155105
0.0464099515277724 -0.0118168635632868 0.0826841765147051 -0.1696477426597
0.0470384608411235 0.0217975378836415 0.257171347776636 0.152983053025
0.0256359531989616 0.0231705268790897 0.0320442451482608 0.400943177645471
0.0149656706506831 0.0257342169369942 -0.0848299813099577 0.496982113577734
0.029660907592158 0.0101901443772933 0.140698143554664 0.315978411529125
0.0017965539959188 -0.028059057233385 0.263233277996988 -0.0377541705889727
-0.0184880964379847 -0.0412796071145705 -0.114371577551111 -0.2066732727967
-0.00266400749306711 0.0163829020303031 -0.0618750843289655 0.179118174769327
0.0686773514570997 0.0327758004007495 -0.0262932134712193 -0.0405741143817642
0.0750128876546017 -0.00436053594581067 -0.11240469530843 0.0964189621735601
0.0118006651933645 0.0398613327531779 -0.110830676675481 0.38038704624208
0.00056766576490156 0.00526000141897733 -0.139081491043164 -0.146544124621976
-0.00781393793061098 -0.0605823811330839 0.266118774871203 -0.0322330409468033
0.0509733682488347 -0.0741183478739586 0.0363065685833781 0.357815484995838
0.0599936371678347 0.0504476670547872 -0.325356080979031 0.0311050062738663
-0.0533800314748463 0.0422335516001975 0.122081497437452 -0.124191810563968
-0.0551948636247766 -0.0613326166451397 0.233980968165755 0.179208893690558
0.00775071851034992 -0.132916594870542 0.0491839137937943 0.384192361812732
0.0180011800894146 -0.182302040715999 0.000145403868670233 0.478361168387981
-0.0930835665518651 -0.134999429823614 0.232522670066234 0.250597371670692
-0.106307905411667 0.0233573908643362 0.230383980666898 -0.134548574783522
0.0196085559009264 0.059178593507542 -0.155587187090157 -0.165658378071158
0.0567796334473461 -0.0351779697630161 -0.0194232361045148 0.171855374141938
-0.0346460673905742 0.0187897811257654 -0.0130900616929021 -0.0318033017452942
-0.00986938335941502 0.10661801402565 -0.0935506538620347 0.0682152416973853
-0.0253995384634607 0.0869885839500569 -0.119109277345723 0.365350236515566
-0.0388795447752791 0.0188764981404904 -0.100983525502093 -0.136547135553005
-0.00428950303005082 -0.113943693746206 0.294861070117273 -0.0352280416683174
0.124796841483898 -0.0556812583126645 0.0669467677858779 0.360613178820335
0.0673251470534235 0.137510326630871 -0.282011368069044 0.0712423029565111
-0.161889125603329 0.0389371452938595 0.0907469905291991 -0.0448973628588823
-0.131981608171501 -0.162582423472003 0.178628258459348 0.17466266833353
-0.0100467459444053 -0.269586087666608 0.0546446482967295 0.311270393541473
-0.0608135513438647 -0.33352213226127 0.0918163584754206 0.3620980935761
-0.286416674587069 -0.139387731689995 0.293628553663076 0.103447016908047
-0.0852733628720335 0.234386822967074 0.138444711366791 -0.242587204288061
0.230048710351297 0.0183522103173659 -0.179384849350961 -0.112764254045095
-0.0223587081599127 -0.206290218547127 -0.0236127590905679 0.154190753016667
-0.183097718033888 0.0926443868553408 0.0235284012876381 0.0250613691401796
-0.0579827384598873 0.215665799762021 -0.0399677096977854 -0.0114126278529855
-0.069460325732784 0.165581521727345 -0.126529225436516 0.325173702422107
-0.115491481512345 0.0683713669296637 -0.0865084866759398 -0.123864417399029
-0.0322758107222262 -0.162387948520806 0.301730733616263 -0.0498432630903377
0.187018137033861 -0.0172779910571396 0.105984179731982 0.382317976196708
0.0144409116601048 0.211501265998636 -0.281613396869433 0.141455130900653
-0.260572813616401 -0.0202541752773766 0.0165980266690416 0.0083429340944479
-0.153652063146639 -0.282115430245004 0.109976923473627 0.127426763297977
-0.0214063063045732 -0.370629334242301 0.0516845632925885 0.181506900652013
-0.189869522597145 -0.362086509679242 0.119574173800794 0.18974150123321
-0.373854338670985 0.0250427833166463 0.263783864972226 -0.0214616376954736
0.164184370399427 0.323117616020543 0.0837197624872354 -0.296057629124059
0.278432383807982 -0.261083061744685 -0.217437049211247 -0.110242960395057
-0.277863364005981 -0.245397802174601 -0.0338798234734174 0.210275582894471
-0.254734746227264 0.243667464616578 0.141632338106687 0.0512705798963891
-0.0570628794027975 0.283467090075583 0.00566816760682782 -0.149391637718857
-0.13826342582898 0.236953282202042 -0.120335636123471 0.232364048619541
-0.266036644663864 0.0970731600316813 -0.058668419335124 -0.139111733281019
-0.0821477947894423 -0.280740194069801 0.283668732570709 -0.0619375098583193
0.299778825470561 0.0195046293998409 0.0906202615438612 0.363623153458723
-0.082958938613937 0.304480333914043 -0.286033581768992 0.148920934330358
-0.345029139572463 -0.147565977025261 -0.0555905317439728 0.00631218260025542
-0.117416590827025 -0.397950004108815 0.0546173463391785 0.0224722072252791
-0.0339707789285384 -0.412767446857602 0.0429779038202089 0.0224683951206925
-0.278791312466849 -0.291601617782595 0.0581084023287236 0.0440353437757835
-0.29015797851706 0.153474614980951 0.211577928218418 -0.0504927504646485
0.266877303388694 0.190284535239304 0.107482159673495 -0.367114998301048
0.0986555726413298 -0.286504197294516 -0.298259107930593 -0.143486364870366
-0.3157626483936 -0.0964814141969337 -0.00816414081202292 0.254156965744717
-0.188381397603229 0.282988746208995 0.245364598180172 0.000585572855337042
-0.0355348565375814 0.267042073642529 0.0105236653588969 -0.30093112539427
-0.205713206128311 0.250384564497782 -0.0724252580126422 0.103576864773005
-0.364999654381188 0.016772773482689 0.0262784517694713 -0.134306349039701
0.0207324219620645 -0.381166875558097 0.239747951874484 -0.0354599850439369
0.37672506075231 0.173900694872656 0.044818697034698 0.279489368861613
-0.246403365057419 0.310106362556564 -0.256253276494953 0.108704012294334
-0.336234909239609 -0.314812525821297 -0.111020550871558 -0.060227378829026
-0.0407539214296299 -0.452662765336741 0.0415178837397594 -0.136693334848141
-0.0437590536590234 -0.391368416583674 0.027373412940618 -0.139589946092386
-0.290761684159005 -0.193247650458581 -0.0525226458217179 -0.0363982500124482
-0.192051057574516 0.171528899556369 0.162964248339783 -0.00943397711749947
0.214096452618174 0.13440950025359 0.145735282651017 -0.396836014781784
0.0873032380497088 -0.12631077534823 -0.342149916587219 -0.191810126751445
-0.148886656361465 -0.0713128855442253 -0.0449484028990775 0.245413924938344
-0.11988366926492 0.158894834702886 0.263746523995256 -0.0145424910720769
-0.0389061560270733 0.180987514220933 -0.00433446017890135 -0.398899124248705
-0.215513472645243 0.191015551048005 0.0106888428856818 -0.00398247679414151
-0.286795811791136 -0.0822084357893258 0.0940729957755582 -0.0614095560465143
0.149750025883673 -0.237486247707102 0.145295022506673 -0.0323648185923343
0.19076772593974 0.275694522398417 0.033799114906879 0.203585029749765
-0.281483061864594 0.135865060242975 -0.250840023303975 0.060509947365131
-0.201848861940867 -0.351385435664414 -0.123780477706163 -0.170761322701119
0.0168254211633799 -0.395871106131131 0.0790608038910171 -0.304062532831214
-0.0487780435472174 -0.30853854284685 0.00552243921088313 -0.280566783598899
-0.239162579511701 -0.121443423655643 -0.163954271671275 -0.0807391887445277
-0.132043103369124 0.149691323325532 0.0831262840694918 0.0799340526742474
0.168302192903121 0.120074429080257 0.232751553338096 -0.313222151967392
0.109219375461534 -0.04238238518509 -0.291350475725488 -0.266928886068282
-0.0490557960748966 -0.095644924506365 -0.130311648172233 0.208517185773237
-0.10570549799272 0.0300980034019819 0.254101962423459 0.0403151768670447
-0.0675271970500956 0.0912021837747347 0.00305356379718344 -0.425223003022256
-0.160979150964913 0.0940506097431317 0.0856679366923239 -0.0565765966405033
-0.149298409308433 -0.0892395825072717 0.074157660976695 0.0151937345377412
0.10714739290735 -0.063029816542754 0.0814805321934523 -0.107315451442888
0.0200540320615351 0.166455585639558 0.0582671923021647 0.188539154120671
-0.143169675980142 0.0164487074512787 -0.261932637168587 0.0151762703758723
-0.0822164730674949 -0.216355568582188 -0.108639019802233 -0.255705669100313
0.0121809320159064 -0.238258962252948 0.115490605540182 -0.429522728123459
-0.0458467100367124 -0.181989076232096 -0.0151904354559246 -0.379083789496012
-0.149703442302139 -0.0698157129040591 -0.250399475602886 -0.121381201019625
-0.0850265526526904 0.096078704429399 -0.0158431350610738 0.170516825552767
0.0978228833079368 0.0834175209358772 0.333321595108656 -0.186661870916939
0.0707323415958881 0.0181930007414139 -0.183016146192145 -0.351499819649089
-0.00348361241111503 -0.0568175758561816 -0.217337910305822 0.135011980862338
-0.0833681951454232 -0.0231762611364951 0.237572773126227 0.106686626234364
-0.0792547819186264 0.0337083429316869 0.0337070401750931 -0.412935062079137
0.0490421469724738 0.0174287471596282 -0.0726276070024858 0.394520212995285
0.0458786084773982 0.00558856464029853 -0.191055896698328 -0.124287698844114
0.00505603240832863 0.00233552576587175 0.222843783163057 -0.0694776976993248
-0.0189046054896558 -0.0442343289403697 0.0847256539365873 0.350452761570695
-0.0128722671869986 -0.0315014288754134 -0.346963595146687 0.0890341271819309
0.0451675529547004 -0.0139501515058422 0.0766605337840486 -0.171622893792065
0.0476648697003682 0.0196960717392905 0.260316717881839 0.140128609819363
0.0253723599507692 0.0225536162003187 0.0460087045550354 0.395760136280752
0.0165017250963543 0.0250079507995666 -0.0644645100980077 0.495892976075039
0.0302104625589904 0.00864448246485502 0.150247014325574 0.309508029898177
-0.000121341019771555 -0.0276979730024914 0.259002593020355 -0.0455449868468814
-0.021026055289943 -0.0399863143465155 -0.121030925678996 -0.200771214603418
-0.0022513334308543 0.0157043533076547 -0.0548931414412763 0.179094285474275
0.0690308564564779 0.0289519292046011 -0.0298080155904194 -0.0386318749891249
0.074854516284251 -0.00842993493922102 -0.106647628164056 0.102071865582475
0.0137703053919096 0.0376712356079442 -0.0898620526507381 0.380683354517903
0.00221445582664952 0.00398798868250317 -0.14336297252189 -0.139969339967507
-0.00992674256141567 -0.060696822736173 0.262979709059172 -0.0412750720918922
0.0471889747625453 -0.0756407364860974 0.0500861104625771 0.353515411607174
0.0621506855369404 0.0478202383043242 -0.322184952611048 0.0425017744475674
-0.0523091384086323 0.0436560571614383 0.117208489379787 -0.127813284807784
-0.0561395580774354 -0.0591888108203463 0.23908491549999 0.166656827165955
0.00250684733127987 -0.133066661205011 0.0617361990813717 0.376903165889422
0.0119095556531192 -0.181147821006683 0.020767573581362 0.471180688350308
-0.0981489723523476 -0.130913882534031 0.238024005342256 0.240162615668353
-0.105108575433035 0.0270273039026537 0.225304667276799 -0.140434621180974
0.0213753371416911 0.0581984253393524 -0.1614030264342 -0.157670411268164
0.0546476318631679 -0.0376162933583872 -0.0141346152636125 0.169853341086038
-0.0340890169971639 0.019063735588937 -0.0173119152415287 -0.0309681179778858
-0.00436012930963949 0.105371760214978 -0.0892006788680204 0.0739616033898278
-0.0221608444216194 0.086845346545519 -0.0998894135988187 0.367245277289708
-0.0363268130087783 0.0183578929300601 -0.10439944041858 -0.131060942034554
-0.00905661333135704 -0.112794107603126 0.291268013452729 -0.0475499828676862
0.121944223986836 -0.060797179489045 0.0811538821722864 0.354824686324677
0.0725938549293827 0.133777690466431 -0.278216948250867 0.0802008128464033
-0.15932646871372 0.044863763378471 0.0904455024157256 -0.0471386160399145
-0.134241377914908 -0.15562459464918 0.183437198548473 0.165640330130697
-0.0199449580333985 -0.267385465563045 0.0650723726093545 0.303554112864398
-0.073334903942274 -0.329214855254806 0.107275117432133 0.355227702556005
-0.289187334149256 -0.12798329163096 0.294439854253134 0.0919219774961133
-0.0767368443974003 0.233722961299606 0.128380316495752 -0.244290926223066
0.227894698135574 0.0084348297362465 -0.182596363985505 -0.106230825382228
-0.0308718383897406 -0.203736415408316 -0.0189427324033868 0.152540784759457
-0.177044521614204 0.099694559253918 0.0222006720371202 0.0231742739472054
-0.0484672751814789 0.215310307683326 -0.0395457234936626 -0.00758574592507563
-0.0621474209187328 0.16624727165855 -0.107692237777352 0.326341164580941
-0.110438968955488 0.0706849837554812 -0.0889152350809063 -0.11990329944922
-0.0380885498363642 -0.159706711591112 0.297947130596715 -0.0611030873777993
0.184203390847046 -0.0243034900822019 0.121681564103352 0.374617611957314
0.0220994147775867 0.207291821411937 -0.271520514510608 0.151743270161837
-0.259551096602406 -0.0103936403126767 0.0191519540972561 0.00861207620898197
-0.162765761382215 -0.271814818757738 0.113473654515618 0.121686464006923
-0.0352132770923045 -0.364524488581629 0.0573902874236133 0.177537061183207
-0.199685173847413 -0.353011020089782 0.126741808628172 0.18371103839722
-0.36945618017681 0.038530271331753 0.260070359320189 -0.030443028786381
0.174151834709293 0.313449228209098 0.0720625409503257 -0.295352087917374
0.265010777535742 -0.268145381105239 -0.220995901215404 -0.102202435223137
-0.285321861721331 -0.231803839862073 -0.025428899544545 0.208934693204069
-0.242899012471975 0.251368929123672 0.140756490379718 0.0439192003367071
-0.0439030453167434 0.282317341517206 -0.00130476338752936 -0.147308177042346
-0.126998496432531 0.239789172791069 -0.106633799236741 0.235041308921945
-0.258668019650304 0.106882980993097 -0.0618534847301289 -0.135821570556828
-0.0941796779779212 -0.274281757459371 0.278835771401699 -0.071466786097931
0.296371657413563 0.0070930290571336 0.106215124424578 0.356883718489889
-0.0716708475549161 0.303987530495087 -0.276777558744344 0.161887849463578
-0.347401297505177 -0.134390099689662 -0.0523153840792331 0.00815446800989861
-0.129825910807837 -0.388133035395231 0.0553692981748059 0.019732147802332
-0.0495014169178978 -0.409033300215548 0.044084894447549 0.0205150658137348
-0.285459852003959 -0.276297264741348 0.0606402693965592 0.0414585616682637
-0.283103860175884 0.162587906964163 0.207432517543666 -0.058246861415565
0.271324480057272 0.175941672580674 0.0909211677286385 -0.367156481252128
0.0862394076919298 -0.288010107604958 -0.302142770510025 -0.12895889848707
-0.315091214437977 -0.0825839247580516 0.0018000816939689 0.252029090759603
-0.174984525235201 0.288746302341831 0.241378174273229 -0.0108046191779538
-0.0231597218978539 0.26539959352581 -0.00241385491205199 -0.29781930230839
-0.193047259188556 0.256703550023838 -0.0652888274732208 0.104892056173749
-0.35877149102703 0.0320179691883939 0.0227245762918422 -0.134990545292482
0.00510951559744935 -0.377614535852236 0.236692565174134 -0.0445521926266633
0.381047408539097 0.157829275900182 0.0576326624465378 0.275385660237932
-0.232480762923089 0.316242623869375 -0.251047965715291 0.117522552158954
-0.345933385259733 -0.299291912509869 -0.10960427236801 -0.0551266763943805
-0.0584451304055148 -0.44639430253307 0.0368271505854081 -0.136649622795402
-0.0581396346000609 -0.385329440709342 0.0232483761883265 -0.139664365539874
-0.296121998938695 -0.179467398891991 -0.0518957807435612 -0.0336407389210059
-0.184365596693356 0.177662596652528 0.160066624714184 -0.0160646648460569
0.216607793051242 0.122884689396974 0.128162573072142 -0.397292740060185
0.0806278965727694 -0.128796350230912 -0.349326213487952 -0.174948416947368
-0.150528844988248 -0.0656641332077521 -0.0356776027796782 0.244859380980277
-0.112491746346401 0.162088418297708 0.25875613731474 -0.0263514359251678
-0.0308044932195722 0.181066795710844 -0.0230509132476112 -0.392308857687138
-0.205834610296887 0.198670621397911 0.0118164533268332 -0.00528873332064582
-0.287202706562353 -0.0691644061354978 0.0928470893049086 -0.0659968053689034
0.139176587530808 -0.241163647948701 0.143514262231323 -0.0377847730743193
0.199438486576277 0.264854552682366 0.0439205689773324 0.20135795028118
-0.273405963954698 0.143654896007558 -0.246934525798219 0.0726149266743528
-0.212947160674414 -0.339451908156418 -0.126371480345476 -0.164579988366384
0.00209237802258749 -0.389364420989632 0.0656792199575356 -0.305251143694445
-0.0586843066022193 -0.302721964630999 -0.00327538435127397 -0.279179208833352
-0.241740371962091 -0.11149394518327 -0.165290258592012 -0.0727655284413296
-0.126052987969114 0.154202848876079 0.0847603001832796 0.0760655937761272
0.170738172912085 0.110780903327854 0.216047754558319 -0.318999301540847
0.105852732184102 -0.0478928006720004 -0.298113415890846 -0.251341154355983
-0.0523824287552384 -0.0927224347813598 -0.120646680466345 0.210290894352596
-0.103679173970052 0.0332384554585883 0.253307567800202 0.0289181896731261
-0.0628703261105272 0.0925770093347039 -0.0177789225444277 -0.418349033815784
-0.155687254605517 0.0997703016639276 0.0815338260260283 -0.0597281259661774
-0.151303086065123 -0.082060444393667 0.0760199529165549 0.0112188930341402
0.103390967403424 -0.0658543446512723 0.0773761919540789 -0.108018093287966
0.0262230651308584 0.163631514461455 0.0663501895850815 0.185634538473079
-0.142477857089967 0.020451326126734 -0.260772355442324 0.0278710293059231
-0.0900563611742063 -0.210750934694441 -0.113243955175658 -0.249258976672323
0.00312098987199473 -0.234637430978699 0.0985455262121575 -0.428802256332843
-0.0521770588008426 -0.178159622514964 -0.0285623127164881 -0.374140903200075
-0.151504257030909 -0.0627415082989497 -0.252401178996425 -0.1082543740871
-0.0805247278829165 0.0985260578452077 -0.0100835373522345 0.168724733204067
0.100220033735309 0.0774230087358 0.323056075679606 -0.197946383065887
0.0706583748120803 0.0136974884155792 -0.195314813067863 -0.340186848548904
-0.00622618968607346 -0.0571547555511607 -0.210941102291257 0.142913207605277
-0.0839948864668914 -0.0192647178614763 0.239013379994633 0.0964777521108442
-0.0778074228382349 0.0366404173532713 0.0131107191291341 -0.41015695126038
0.0534164576673639 0.0107117198071752 -0.0108259816774461 0.400017302443279
0.0429618814041873 -0.00213318320997367 -0.205158288266788 -0.095158906846637
0.00658433496987713 -8.90924337596114E-05 0.208258356445232 -0.0979877304131345
-0.0244112878717543 -0.0410785245456394 0.135519227341073 0.332823539280163
-0.0171801056200667 -0.0285436742424457 -0.326978387133516 0.139426402258555
0.0431826577215756 -0.0205376432782572 0.0528924957758862 -0.179237905400196
0.0503589838855966 0.0116068183829444 0.273348637302507 0.0992581746067923
0.0266229063813749 0.0185358408523416 0.0983847381532416 0.378467955643412
0.0195214363970023 0.02277925576036 0.00636277642629225 0.490956335633248
0.0296417201194958 0.00399740130484845 0.187915812989737 0.281581062916544
-0.00249151424436122 -0.0259323946090095 0.248096677355043 -0.0785609339350232
-0.0260387516872609 -0.0361941370819849 -0.146918961017834 -0.178387872309332
-0.000352304617978161 0.0160415349132238 -0.0269176357332217 0.181650161259441
0.0713035207367337 0.017708552792516 -0.0375360980802038 -0.0320307526226917
0.0701151099269697 -0.0200759216688876 -0.0871312801623282 0.115166683539772
0.021167617406701 0.0367716733778991 -0.0287732171601214 0.38668378746901
0.00061106916344001 0.00241081127313937 -0.16040885964747 -0.114500707638107
-0.0176003904078993 -0.0590225921163645 0.252541103469637 -0.0775992983201347
0.0356863515933255 -0.0809198920012811 0.102146065571612 0.340976558477771
0.0675238494045325 0.0372303669789186 -0.308953277177625 0.0898250022909585
-0.0440300758722116 0.0499691622335419 0.0989851844267558 -0.142913748119676
-0.0624528503635382 -0.0497475521658245 0.257481092635743 0.129920425243022
-0.0171989991230582 -0.129748055078114 0.111899741209901 0.358531064208101
-0.0141365459271188 -0.17792609153548 0.0880683606368112 0.456994829254443
-0.114980330814719 -0.113618980973835 0.265013974844306 0.203272286640707
-0.0972589606357628 0.0417304830111071 0.200639052673684 -0.1684214300924
0.0283149791739321 0.0525980185614751 -0.180689571810595 -0.131188101984289
0.0476552243727099 -0.0436389001776378 0.0111189096792714 0.166367637538288
-0.0293046056926696 0.0232754747081399 -0.0236509942014148 -0.0271956096414458
0.0107278061834617 0.103045532672168 -0.0750609383582688 0.0865596130847674
-0.00519419277465929 0.0886426373442586 -0.0411273479976549 0.376582511833422
-0.0335920079423152 0.0221300111959655 -0.120000407355628 -0.114098285885926
-0.0244774084571643 -0.110034877544793 0.279196801062872 -0.0870655629715377
0.110674497661638 -0.0784103475623093 0.130604486561723 0.338349750209114
0.089798186314351 0.118034945790445 -0.260188247941374 0.120731341997077
-0.148345266800415 0.0672386899490406 0.0854499844582775 -0.0594704664397852
-0.152130982506393 -0.132669167780747 0.202814037455745 0.135866862460561
-0.0573037468753069 -0.257604025760101 0.106197439679767 0.287678040742736
-0.118299483885741 -0.309461649202016 0.156764388080629 0.332150997117345
-0.301031909616955 -0.0820812711139943 0.300863723693106 0.0501155905134861
-0.0401023428024084 0.235309556341788 0.0903218716759 -0.255601114010225
0.221675295118356 -0.0260042475432627 -0.194266854252484 -0.0762342019619956
-0.0597223981094822 -0.192458163212704 0.00372422436655603 0.150481179659114
-0.15605739779239 0.122108376794324 0.0221824418727431 0.0198513903977083
-0.0142267680786674 0.21585602482263 -0.0406120708952986 -0.000500589310801579
-0.0330107794090549 0.171692641196284 -0.0548140513657239 0.33751865055048
-0.0979387956908876 0.0832480614413152 -0.10213043370449 -0.105511583734598
-0.0604284555960146 -0.150076401823478 0.283020958584037 -0.1017942370277
0.17635669308031 -0.0523164361074971 0.174384225393109 0.350042201335071
0.0520572134471734 0.198601287889974 -0.243953641598829 0.189699656831478
-0.25481639519484 0.0283441422900767 0.0236618102212712 0.00585747741081642
-0.194590462612088 -0.242494843180557 0.128200147669656 0.10262731378212
-0.0864271749851619 -0.350822151231041 0.0812896752855986 0.164772499807127
-0.245980163206988 -0.315513695669878 0.153219774653135 0.162061069528955
-0.354885743447004 0.0909148881596372 0.249869290705545 -0.0663960566961656
0.214959042205691 0.275466309125679 0.0278763525805431 -0.297758258443343
0.216689608179504 -0.301626797785969 -0.231673549097355 -0.0668405487020858
-0.310144942848509 -0.18025856587091 0.00554556689188295 0.205291097525403
-0.194877074140219 0.277883413661655 0.140756676264676 0.0210592067225056
0.00153929612123784 0.280107124534019 -0.025168284460435 -0.140691316265251
-0.085070884834996 0.252568075589646 -0.0652379820668525 0.245053770666871
-0.235379022561301 0.140136854894714 -0.0768658491241429 -0.124923592330562
-0.130500912940938 -0.253674807772496 0.264588774290618 -0.108700825382108
0.290062477375366 -0.036809805018096 0.156331829771761 0.33475226722573
-0.0249483838263356 0.30476246803243 -0.245612213123213 0.198979042276259
-0.357973301812629 -0.0790804833573534 -0.0462403928513038 0.0173394076096039
-0.18132710815704 -0.358230903794413 0.0572219538534846 0.0109494820539707
-0.104760268107495 -0.39058083613693 0.046485600786689 0.0141082552750754
-0.318131979844811 -0.229189286236052 0.0677058323154597 0.0318203320029598
-0.252870188658287 0.198914374455446 0.193422859020516 -0.0868460881111111
0.290486470732517 0.128723223552595 0.0354390765720124 -0.370546035654248
0.0386081867302354 -0.291495347302053 -0.313284926976744 -0.0821840051604587
-0.319736629717266 -0.0304070329501181 0.0381839174966173 0.242997692433894
-0.12416574426057 0.306713834910001 0.230493614471727 -0.0463677966622763
0.0187005285465375 0.260348578045771 -0.0501620412932899 -0.287109968241673
-0.147681937057738 0.277861477144645 -0.0442804512103477 0.111644834207519
-0.344482843967416 0.083799762034428 0.00727492115969256 -0.13705697884798
-0.052129875066744 -0.369751108457143 0.225913930220465 -0.0750292286284128
0.392688072476325 0.0970190032532474 0.096519000067689 0.260578358461391
-0.181725947745737 0.340237046358651 -0.226053797274945 0.155637415073636
-0.381783753155916 -0.241024704390866 -0.112728097836225 -0.0359921674013815
-0.119328499482635 -0.424716714206436 0.0167165654260638 -0.139355599465534
-0.110109267982064 -0.368013374796584 0.00300983991651007 -0.139597908312784
-0.311472414382802 -0.13289912679359 -0.0533209121796891 -0.0265826464129457
-0.154497926712962 0.199909111349012 0.15320110265985 -0.0381233138159326
0.230692783306963 0.0844675304660138 0.0664960308400523 -0.405196839080309
0.0579964167871584 -0.138601463027828 -0.364405955388877 -0.118759166053926
-0.155912920033321 -0.0408225516519197 0.00216940006644602 0.242244525011363
-0.0836954281471282 0.174482920609 0.245792866955707 -0.0648602028686391
-0.000780185741259399 0.180053203237566 -0.0837429902632556 -0.377076154674299
-0.168477120594454 0.221207730252919 0.014479402449526 -0.00754172996709781
-0.289255830157184 -0.0266565931233929 0.0849009688783769 -0.0782086783298596
0.0987497081209762 -0.255768983755409 0.136112320040317 -0.0565002523582957
0.23339698817599 0.228921633804789 0.0733252481136214 0.188471066482985
-0.246734567138836 0.178588325823329 -0.230044299925129 0.11036428552097
-0.256064890305765 -0.299068870767606 -0.143783500615865 -0.140904467199156
-0.052824831403701 -0.378086593713144 0.0237458809808874 -0.306595002815344
-0.0997541545072558 -0.287299015427871 -0.0432716915945083 -0.272066992859486
-0.25077867660742 -0.0739140094059404 -0.170299876130193 -0.0476702422611208
-0.100703323123073 0.168431291214947 0.0916551715432629 0.0626382123775567
0.185035776379952 0.0795436235532949 0.164862071632397 -0.341297187936582
0.0962336057544549 -0.0646987603854581 -0.326890747105022 -0.200983681032072
-0.065550183972503 -0.0824872803554818 -0.0856594987085062 0.223615131436147
-0.0955255401253522 0.0492240108887377 0.249791876553503 -0.00993403238203396
-0.0454582258883694 0.0982639275310905 -0.0806493270425822 -0.403932842983888
-0.135157330508723 0.118443706635422 0.074323542764395 -0.0715705561551545
-0.158508995100191 -0.0580216808929913 0.0798223406383011 -0.000748347234780921
0.0897212116300088 -0.0799119257876726 0.0601570389684985 -0.116178315399699
0.0487915368601262 0.153954054340606 0.09507888924329 0.171967391848022
-0.136943865447066 0.0402457746078347 -0.251495794880499 0.0683475794307429
-0.118842520629432 -0.19128984801397 -0.144636055672138 -0.228490430244872
-0.0302880312447655 -0.226819373824653 0.03768708475634 -0.434088553465538
-0.075520751219839 -0.165897681510913 -0.080778635108147 -0.361999534580025
-0.157847547567278 -0.0402168981463604 -0.260484523122254 -0.0688755361652263
-0.0639978806315106 0.107932715883818 0.0116938414038142 0.165871418041677
0.111316477312741 0.0591208375940418 0.285298571962585 -0.239220040524266
0.0714860293866452 0.000706689337793765 -0.240098380425987 -0.301884100804982
-0.0165976200186878 -0.0538473349149593 -0.183480774760815 0.170676583705935
-0.0844583036740795 -0.00440815933702108 0.247317257025782 0.0574918856388476
-0.0678515470456944 0.0465650903505477 -0.0501821677433732 -0.399074804579582
0.0531492982181836 0.00928642192795085 0.000501902570798325 0.39381074241936
0.0427707742037371 -0.00393164350872273 -0.205895952537797 -0.0887293245528471
0.00611753761889916 -0.000459922235841465 0.205599934080657 -0.101127782016786
-0.0255906557026762 -0.0396826520110288 0.141986726772553 0.328464312624483
-0.0165381666798544 -0.0271725206227071 -0.321649319126795 0.143967738524617
0.0423467702381795 -0.0213160247231953 0.0501885492842047 -0.179485960461639
0.0499827471340592 0.0101867546719839 0.27257131991543 0.0924416882124793
0.0256813669253197 0.0188794110651412 0.101876375487206 0.373242872734774
0.0200805295303666 0.0217659478651946 0.0145747155656229 0.486253998204639
0.0293537416015829 0.0032920011719553 0.188737511283543 0.277456607507533
-0.00314890013274336 -0.0251316456454828 0.24694046174654 -0.0821534510145959
-0.0274016546587925 -0.0345560339360317 -0.149965364744331 -0.17384643094399
0.000653829800531587 0.0164301576463791 -0.0242440476310183 0.180582130768628
0.0705106508100441 0.0158234436548165 -0.04006687217746 -0.030087579467553
0.0688433977979254 -0.0219172929079556 -0.0832541681837394 0.117762037257485
0.0211111710050223 0.0353075834502968 -0.017261372263509 0.383141800660941
0.00106594204237566 0.00078381366354335 -0.160909652812087 -0.11154693230369
-0.0190832856384146 -0.0587565460326549 0.248649242251039 -0.0805991480439887
0.0326100111056445 -0.0813773545487811 0.1082050621627 0.337322445708841
0.0681128940079607 0.0353441501333438 -0.304333822038737 0.0951162965535264
-0.0432147704740002 0.0505568523645779 0.0976660290484203 -0.143903862662148
-0.0613853040094486 -0.0490943058411178 0.256801898635065 0.123051399941731
-0.0191884503755499 -0.127723756418442 0.114338475473507 0.351663461208536
-0.0167110368484302 -0.176536153332721 0.0948854323539109 0.45025876417201
-0.115929749732109 -0.110110156686263 0.265873227959859 0.198506697467852
-0.0959605383170474 0.042646629220324 0.196525387786374 -0.167373838812307
0.028654043105973 0.0512387688543049 -0.182693335541102 -0.126231779405898
0.0459778231259738 -0.0436438217302989 0.0132185918127515 0.165058145887442
-0.027846942637355 0.0234899119822559 -0.0259854773563083 -0.0258388309276547
0.0134095952915556 0.101393679784524 -0.0719430266189194 0.0882276184643922
-0.0029445471672407 0.0873065001922026 -0.0281892671864808 0.372943201216922
-0.033451798697967 0.0201339810256007 -0.121590245543275 -0.110732958017743
-0.0269180935533419 -0.108896990827782 0.274847838130792 -0.0917680059350903
0.107133274958454 -0.0802923920007381 0.136316662166918 0.332009181924664
0.091953260456362 0.114411745998026 -0.254521716934558 0.123953032352478
-0.147681235992956 0.0701569702146168 0.0858134841195255 -0.0604143925344717
-0.150992216735637 -0.128488482770689 0.203151467877958 0.13010279278361
-0.0606003769602187 -0.253211687319945 0.108486229612629 0.280578516781479
-0.12168103858055 -0.305408173743979 0.163137092914324 0.324390118639102
-0.300677240130589 -0.0766636088645342 0.297818590092074 0.0432437404583924
-0.0351051622760126 0.234212272583161 0.0869806619599812 -0.254829696326331
0.217827763709392 -0.0303904486198518 -0.195113328400726 -0.0728429508276523
-0.0621591212789545 -0.187893480470838 0.005060250738331 0.148411500661133
-0.150814041751872 0.122957889232292 0.021221777652531 0.0194414598098317
-0.00867783773606043 0.214160080968331 -0.0395221712209177 0.0024884788359672
-0.0287291821022516 0.169612147390966 -0.0422870191834427 0.3343655387945
-0.0953333198270521 0.0834551768549762 -0.102988710049083 -0.103965322586595
-0.0628409110868161 -0.148072047996945 0.279777088806345 -0.107267526641819
0.172647287145375 -0.056629593816336 0.181232612484366 0.34121624207565
0.0564318248137965 0.194213436895586 -0.235960628930369 0.194462195279563
-0.252457849831022 0.0335640909640339 0.0257286600024226 0.00535175757879168
-0.196269793776337 -0.235269848246065 0.128295168922327 0.0979126538066206
-0.0914833234971146 -0.345399264621265 0.0835384360472482 0.160918599814774
-0.249563140648102 -0.307730945263069 0.155601627081538 0.157012581498404
-0.350320280142505 0.096144145488205 0.24633524155204 -0.070604539810563
0.216976190763236 0.267760164808984 0.0222447031031819 -0.295751194531612
0.207009215986409 -0.303340462329105 -0.230921155270393 -0.062691946163436
-0.312514980543079 -0.170871608177454 0.00846688212756476 0.202906074369759
-0.187039862352448 0.280408563610598 0.138482343380604 0.0182973640271883
0.00796967065065177 0.278833341817863 -0.0283749898408642 -0.138841152912297
-0.0789121272481986 0.252434400940606 -0.056609723624758 0.243954789933548
-0.230630525332196 0.144215537362552 -0.0784323941186708 -0.123035815380569
-0.136263573837731 -0.245997937736246 0.261215212778679 -0.113079265732159
0.285847053121264 -0.0429993092468917 0.164626028899065 0.327600824332582
-0.0207916332638054 0.300764100668619 -0.237920568899537 0.205194753651725
-0.356642375374355 -0.0707635341965469 -0.0434595368716754 0.018102077140578
-0.184927064825641 -0.350435899224166 0.056324601356674 0.00916083550283539
-0.111039086837133 -0.385274315566636 0.0467513170655294 0.0122141696923829
-0.316939363578218 -0.219821921253479 0.0682608254445386 0.0296024224906615
-0.246935070634171 0.201932649073952 0.189756853820634 -0.0892754533350912
0.290592639954317 0.11960621299423 0.0255996758714955 -0.367898059462058
0.0320963893893627 -0.28963273502457 -0.312614628397439 -0.0749419304568182
-0.317132609018248 -0.0233238300595362 0.0427027333104298 0.23906992779868
-0.115676760099426 0.305852498151223 0.22536791546321 -0.0516421276745157
0.0258296926926701 0.258666475284973 -0.058193783682208 -0.28326813257885
-0.139001545955552 0.278667874096067 -0.0396413959826702 0.110972145496998
-0.338723565326026 0.0898332198906932 0.00483567922152455 -0.136792439019518
-0.0594242984178623 -0.363507393440667 0.223641356749511 -0.0797865844378763
0.39098863715 0.0875970224708234 0.102423075323507 0.255517369385819
-0.174853005875299 0.33963639651068 -0.21964578634155 0.159764056077614
-0.382233144415721 -0.230918881140682 -0.110078713937013 -0.0335989456148029
-0.124649585552297 -0.415413468651298 0.0141284590812368 -0.138446770382303
-0.115065967579692 -0.361943030459356 0.00100268064954842 -0.13927092991637
-0.311216181518609 -0.125613978961234 -0.0523915137242126 -0.025096765610061
-0.150064021311151 0.200594219604209 0.149580199110653 -0.0413580538847897
0.22901682070063 0.0772914955095243 0.0565110446797353 -0.402793697149975
0.0550129274367387 -0.138928158570299 -0.365077259684038 -0.109676034331603
-0.155243457304437 -0.0367641075747797 0.00844451256658355 0.239281412951948
-0.0791130128894399 0.174778567452653 0.241031294380926 -0.0693226401084473
0.00341845861806702 0.178158047587987 -0.0922937532166309 -0.368543984615626
-0.162003756580404 0.222743031248761 0.0142923114534398 -0.00858148974588027
-0.286839023960628 -0.0208468313646803 0.083315488598197 -0.0815597133287978
0.0927151346094205 -0.255857291315334 0.135192496327908 -0.0587536250544116
0.236281958711853 0.220944822706342 0.0787545063457997 0.184102915118808
-0.242749191800864 0.181250078660762 -0.225410032949589 0.116824160405432
-0.260583320309991 -0.289537696870846 -0.142268073528256 -0.138119387109395
-0.0592301462168995 -0.37209741509283 0.0178640290403424 -0.305131316923025
-0.103100640893948 -0.283551791548884 -0.0465016943222326 -0.268905179845174
-0.249191574977858 -0.0670863907061973 -0.169128741057538 -0.0438130317524896
-0.0969362415861432 0.168580336099934 0.0912544867306772 0.0601341887463765
0.183359593714045 0.0734598029818909 0.156015881686381 -0.342221259924605
0.0931281706343576 -0.0668555213401808 -0.32721375409521 -0.192048334999857
-0.0673614113295988 -0.0806006752131944 -0.0801400486191755 0.222705434781768
-0.0948993448278475 0.0510911157171389 0.246801445605641 -0.0157335452391489
-0.0427624730634983 0.0991792207784144 -0.0908478259767633 -0.396895024590597
-0.130988668515581 0.121436073463364 0.07216306837002 -0.0739312800966036
-0.15978644324744 -0.0548584019169803 0.0804639674715429 -0.004197362799073
0.0863161332453451 -0.0815414450173395 0.0588185120598846 -0.116822044269908
0.0514314897125567 0.150901109319572 0.100011109595522 0.16659786836252
-0.135532271644169 0.0417462224444615 -0.247556992331202 0.0737478772275884
-0.119896119979029 -0.187153335159116 -0.143223141002642 -0.225176838350927
-0.0325740107463702 -0.221933033217577 0.030775233256453 -0.429866733655969
-0.0765668141041895 -0.162054282571751 -0.0850810719816891 -0.356335863616527
-0.156385942199558 -0.0353848045039446 -0.258766359138039 -0.0611149412666616
-0.060754808187276 0.108481282390357 0.0137707876749884 0.164504594390979
0.111400042914949 0.0549336358506022 0.27689415771483 -0.242084093007386
0.0705436894436425 -0.00210834644743695 -0.242926193655531 -0.294123816765104
-0.018020361065345 -0.0539497653110821 -0.179088566875031 0.174133904000423
-0.084611011270982 -0.00290345722221204 0.2458419446871 0.0506464507477936
-0.0656794215857262 0.0475742551422952 -0.060281868299367 -0.393260961217136
0.0525204861877652 0.00776681108235148 0.0120204477980605 0.389499718674687
0.0418174452124982 -0.00511626209192373 -0.205777277759313 -0.0818249587863823
0.00571783299721615 -0.000959574620104502 0.202847480309145 -0.103769382097941
-0.0255152552342883 -0.0387258732301072 0.147677673381203 0.324244080495736
-0.0160843043531242 -0.0266129721217892 -0.316621109067408 0.148668777331061
0.0419026088043219 -0.0219669636819532 0.049466383998798 -0.180680491594489
0.0509014355763141 0.00831095085164199 0.270721845113095 0.0851496647238153
0.0266041607367042 0.0184351777433111 0.103726749129443 0.367986867280394
0.0216185823942587 0.021092086817471 0.0226536076388691 0.482085479024295
0.029189999362297 0.00297374938996311 0.193201642417618 0.274121557886535
-0.00381654332822495 -0.0245057445763855 0.245222966817645 -0.0855291988433128
-0.0284466906604992 -0.033189303779205 -0.153247462247707 -0.170878317815782
0.00128483934752644 0.0164019999559739 -0.0217876090448636 0.180052449944142
0.071043744917941 0.0141237644523832 -0.0422129778440918 -0.0276513175893184
0.0679413287015751 -0.0236548032575777 -0.0791444032619531 0.118663690807819
0.0219444750249088 0.0343217623761593 -0.00653593646558774 0.378814577600925
0.0001483601358295 -0.000250167615744661 -0.162296158823235 -0.106813838020521
-0.0207310235776996 -0.0581121754801838 0.246130284335905 -0.0848544648355977
0.0320718884852697 -0.0814973762965322 0.114824595630833 0.332976986483278
0.0686995384864438 0.0333715591023044 -0.300342473707849 0.100493587574329
-0.0422872806245344 0.0516058410318034 0.0965116853027329 -0.14514225051313
-0.0617609895745941 -0.0490888880037185 0.255467059445842 0.116436133115899
-0.0211684444088144 -0.12679967015727 0.117215805276471 0.347132414240922
-0.0184177545613628 -0.175059406816398 0.10118635961992 0.443119254513839
-0.117702676121013 -0.107997656310438 0.266649126517302 0.193765250402709
-0.0948225629394752 0.0441651828901899 0.193466701679431 -0.169725611393079
0.0297572140246482 0.0501259890581665 -0.185344175337143 -0.122203274882536
0.0460559648004373 -0.044518480982178 0.0165499117801217 0.162787293354466
-0.0269812137035233 0.0232632516018698 -0.0288697080308114 -0.0236899960180769
0.015606610316899 0.100867334066051 -0.0688327908768679 0.0899639783540199
-0.00178327188696977 0.0870623510566268 -0.0179453729886538 0.369543645566121
-0.0327465533973186 0.0196553311628789 -0.122853920984007 -0.107543329716614
-0.0286579642295909 -0.107858894383472 0.271545425854326 -0.0969435296968535
0.104906122586288 -0.082349812672292 0.143834084903026 0.327572241654139
0.0931849683705252 0.11185581777301 -0.249770338201752 0.129920893989942
-0.1454797752421 0.0727546523834366 0.0857412767126347 -0.0626506959010834
-0.150509293009812 -0.125486536600998 0.202850341585252 0.124079078317822
-0.0636401337577404 -0.250168806196355 0.111772774484837 0.276170927077322
-0.126427100132273 -0.301133149703268 0.167995528460728 0.318646188558636
-0.300179980039873 -0.0713336644480719 0.296728484892875 0.0390448069076357
-0.032053016377846 0.232275427493748 0.0826198328654683 -0.253586691920384
0.21533221106589 -0.0345880332274367 -0.196684211601622 -0.0678364341913262
-0.0666127906598674 -0.187042784351659 0.00752201441552473 0.1471449606044
-0.147068007250883 0.12558016420812 0.0191465892563073 0.0201705808713712
-0.00252938343816156 0.213539785382758 -0.0382563923037428 0.00417888291813793
-0.0244170917688284 0.169155333944034 -0.034112084065976 0.332692110068769
-0.0926312403730124 0.0831827457311687 -0.103573451314458 -0.101022432005098
-0.0657261429467359 -0.14547455647113 0.275862729616229 -0.112117374405181
0.170819171483917 -0.060355632758111 0.188750755094 0.336155195518759
0.058346525940311 0.190215282432983 -0.230752442196076 0.198959800355218
-0.250740711401564 0.0373417076613971 0.02861840743864 0.00518505954010221
-0.197032524108189 -0.229571699793502 0.128751758056469 0.093908798109117
-0.095531268589043 -0.341285558739541 0.0851099418811961 0.1565947821645
-0.250964336851511 -0.303598701259801 0.15899950604684 0.151885461832035
-0.348621156286458 0.100775308159392 0.242931576526334 -0.0752302145144094
0.22057998235266 0.259221478991105 0.0158113711092771 -0.291808859636845
0.199068737388622 -0.305679164686162 -0.23230315212246 -0.058344088761911
-0.313850056280158 -0.164085625214381 0.0124876637491183 0.201216532547613
-0.178711368664606 0.28219622239656 0.136492389450099 0.015899020555752
0.0151470341512261 0.277254720063221 -0.031072528943225 -0.135702640826047
-0.0715926348503134 0.252964763441796 -0.0479192518941 0.242836667518501
-0.224942887052731 0.147827941780852 -0.0799865196067251 -0.122106001496159
-0.139363654048636 -0.242369118079565 0.258729287972974 -0.119738611203324
0.282682362545191 -0.0495801857331681 0.171869528152581 0.320149739105216
-0.0157754859327775 0.297913501046576 -0.230797451653385 0.210007536966655
-0.356547062897997 -0.062172625637226 -0.0416513518521752 0.0183127661191396
-0.188403461840684 -0.345054889744027 0.0555709306067693 0.00714547548606175
-0.116750607310846 -0.379416540917803 0.0468269679055165 0.00962685659293269
-0.318414477493989 -0.21351634949718 0.069584306971361 0.0264457144750609
-0.243528733012036 0.203816331419811 0.18708269082249 -0.0918928867519783
0.287846829273428 0.112987144340068 0.0173844683462403 -0.366241411616731
0.0253668886270575 -0.289063966480245 -0.312944832408493 -0.0681656128170331
-0.315676258542291 -0.0175546780254795 0.0480810593847171 0.236396751379086
-0.108577036288374 0.306220586029791 0.222477863912265 -0.0555764894209931
0.0326542475115428 0.256051315382328 -0.0652236547805294 -0.277784886869937
-0.130697489489263 0.280195086765864 -0.0365189297982296 0.109824477141889
-0.335636358936986 0.0972872387432475 0.00202995799345642 -0.137029635095646
-0.0659752634663131 -0.360502815189929 0.222205127740605 -0.0843164834203566
0.390829826143072 0.0799124257489294 0.108515209526346 0.251063653404207
-0.167572210403686 0.338831190723801 -0.213979805133076 0.165796850567818
-0.382169163277471 -0.222025300464967 -0.108407923114001 -0.0322598638142824
-0.129911083974815 -0.409449605825214 0.0114152532603646 -0.139410122112466
-0.120088269943001 -0.358121497816409 -0.00219998977904375 -0.138872626002202
-0.310688607221685 -0.118819585921507 -0.0518170225707747 -0.0246447984925524
-0.14640801077576 0.203281091455969 0.146344208300545 -0.0442657990933345
0.226834405168372 0.0709981295295018 0.0480286246704762 -0.40006464889484
0.0513233413343664 -0.140152179428858 -0.364688566416565 -0.101823298213355
-0.155181802158641 -0.0342689151244087 0.0123686635459882 0.236346484348759
-0.0753592191512208 0.175460829559375 0.238231601440719 -0.0749156472968007
0.00866948302333889 0.17688761089153 -0.102353814072173 -0.363980190327261
-0.15597054093786 0.226682464223539 0.0149288978723238 -0.00914444900521887
-0.286054806779885 -0.013362102937384 0.0814659359794669 -0.0835601772276873
0.085880304456708 -0.256623426760125 0.13308346721896 -0.0622886787455513
0.23819218585756 0.213186578313643 0.082984589889218 0.18123421257635
-0.238579909344514 0.183788520037254 -0.221455963322272 0.121739320120322
-0.261627716038539 -0.284116910058715 -0.140915236091938 -0.135427849524195
-0.0631377571744885 -0.366156190858665 0.0125096232577038 -0.303659903133563
-0.107116506420492 -0.278448421321439 -0.0505052001181976 -0.266570117959557
-0.248284961212606 -0.0623604405853578 -0.167450222321573 -0.0397697080711557
-0.0937874948966445 0.170194091985909 0.0899585815894903 0.0582625105970734
0.183931577910966 0.0670578080706137 0.148632797810425 -0.340534250898081
0.0911694191944827 -0.0698570386877552 -0.329423280033356 -0.18436561730007
-0.069408004099893 -0.0796246083821129 -0.0759095911820668 0.22264273209641
-0.093405251440805 0.0529432069359793 0.245316766507581 -0.021068904375085
-0.0402419861623987 0.100353169917684 -0.101169746847156 -0.391665236471299
-0.127149744271145 0.123515430670794 0.0699097442720919 -0.0756913930178951
-0.160187029298092 -0.0499459058876051 0.0809608026007466 -0.00786134601344747
0.0833085771605248 -0.0827417756067379 0.0570501474652908 -0.117361376055606
0.0530678872550697 0.148371006627031 0.104384283638939 0.163968313459031
-0.134890573461244 0.043670849911318 -0.244794556093708 0.0792252817224431
-0.121289866880446 -0.183297310916424 -0.14325744843058 -0.223462644219809
-0.035566898040302 -0.218128811080986 0.0221717965237661 -0.427500436324765
-0.078430595212842 -0.158720675093876 -0.0883752296841816 -0.352289512188316
-0.156043084706499 -0.0317530666686392 -0.255431950282471 -0.0541756474683232
-0.0592129551027019 0.108703113789796 0.0145458552226873 0.164810378132318
0.111839510210943 0.0507270059932819 0.270480994465502 -0.245465890296386
0.0698199118542494 -0.00438324200330152 -0.247349381888475 -0.290017609458007
-0.0189869157521734 -0.0535242230932235 -0.174524521391496 0.177415671880038
-0.0851407315353833 0.000342276342719593 0.247016924745543 0.0438132367463218
-0.0649018315341857 0.0490976678973431 -0.0706960314638265 -0.386828706311934
0.0528870400660646 0.00611861449039883 0.0220348177203937 0.383610961994171
0.0414271321495732 -0.00680066621429462 -0.205620542490089 -0.0772371266111852
0.00561827122853415 -0.00134201146408858 0.199443044001172 -0.106622243601875
-0.0266954110090128 -0.0382162967728424 0.153981981233159 0.318890212084194
-0.0154221876226684 -0.0260332387940971 -0.313164634803861 0.153517373123696
0.0414258686607328 -0.0227208135671512 0.0478898032052416 -0.180916126287719
0.0502878929049822 0.00664715841605797 0.268910070474849 0.0792685412076711
0.0262845053055826 0.0182396570819532 0.10761322429744 0.364774695999212
0.0229859332563468 0.0203973012084764 0.0295491474064746 0.476162798698699
0.0292935300218876 0.00241329348222329 0.196566771194256 0.271354200918264
-0.0043248388785924 -0.0230011404955072 0.243114561674739 -0.088948451011548
-0.0284338604265672 -0.0311630881310078 -0.155542946859032 -0.167918645561835
0.00151741319296439 0.0164535191417954 -0.018118567425112 0.179072825468286
0.0704250089191315 0.0113638737721736 -0.0443007126180189 -0.0244499725540472
0.0659534821579978 -0.0248139606019007 -0.0770159175172593 0.120551436448087
0.0226780478577338 0.0333484505729211 0.00443636983114497 0.375134287917766
0.000316157277092918 -0.000199145190782294 -0.163219565528788 -0.102868114243603
-0.0218152672792618 -0.0573412594624934 0.244506604834627 -0.0887743447836587
0.0307002057873587 -0.0813368387161958 0.121805755373413 0.328964084638338
0.0705011800022139 0.0317055875928902 -0.29651512054066 0.107847346395836
-0.040877555997205 0.0523977011980269 0.0942251163688757 -0.148217298785942
-0.061320984459823 -0.0475206048409212 0.256317513406159 0.110179174974079
-0.0224321535281866 -0.12459866496006 0.119331329081748 0.34241411290326
-0.020439020898683 -0.174084127823666 0.109284170418408 0.436924894674497
-0.119068951984385 -0.105059314659734 0.266926680450906 0.188892171256095
-0.0939486373102065 0.0457473467649244 0.189941194488469 -0.171771631527578
0.0293039812542444 0.0492006166399484 -0.188196812280111 -0.118220124089186
0.0447508216973894 -0.0451956989026632 0.0181520027260575 0.161457126705627
-0.0256450059366622 0.0232455744500949 -0.0306082988614131 -0.0213547766852807
0.0183545397736399 0.0990645057583297 -0.0661618471516897 0.0920628921415412
-0.000524417281003879 0.0864341660656572 -0.00761956315036728 0.366112435719599
-0.0329115972457175 0.0193281717327721 -0.123786084694127 -0.105311976139044
-0.0311765265926968 -0.106326176796822 0.270048185528624 -0.101827659670396
0.102324399573727 -0.0847284514149028 0.150157291194229 0.32187109164777
0.0948630578830883 0.108372723171934 -0.245946072328574 0.133143521115638
-0.143463811221048 0.0760794418078537 0.0860863202483989 -0.0643422031089291
-0.151256772778177 -0.121759540745647 0.203350974672233 0.119263364754345
-0.0665527297757696 -0.247450938519457 0.113939895512708 0.269913358692246
-0.129643567040286 -0.296993929144069 0.174784559334339 0.310940135473637
-0.301580189182586 -0.0672031990648147 0.295401230781836 0.0334377226370153
-0.0281374580184472 0.231101995575723 0.0782907557835929 -0.252820814380845
0.213373739885156 -0.0387530858351518 -0.198553742324225 -0.0652685225382634
-0.0691301121808906 -0.183796602164116 0.00828200735446962 0.145951684509544
-0.143346910953085 0.128032414117366 0.0177747629838307 0.0209808244933943
0.00376657023019643 0.213061517958127 -0.038781733399425 0.00565173818231481
-0.0206970834229267 0.168362432817088 -0.0242724249327991 0.329917095891292
-0.0901619248055788 0.0837585124006723 -0.104939419503224 -0.0994412096941194
-0.0680415001859999 -0.144088026676658 0.273235848457286 -0.117678316392803
0.16844981461613 -0.0636282611517929 0.194869146070215 0.327207982191135
0.0620753223925168 0.188021527814191 -0.22343852973779 0.204270100605825
-0.248178551008468 0.0427445879181872 0.0299995686603109 0.00429574857928133
-0.197425377914411 -0.224253780234569 0.128634996737887 0.0897303817657469
-0.100914899405804 -0.337671237582454 0.0856496821384784 0.152971625702168
-0.253566759360958 -0.298500119001891 0.160816373372752 0.146803202225954
-0.346028125834825 0.105332054594587 0.239597130079437 -0.0785754013402575
0.222048596908372 0.252757602724115 0.0110206864141641 -0.289456409230746
0.190267827204293 -0.307236460346955 -0.233858414808437 -0.0533795670267215
-0.314336328156131 -0.156396306645677 0.0152522814298107 0.200604605969935
-0.171458242380723 0.285454212472146 0.134510840711138 0.0132713889944804
0.0233973803957983 0.275507836168258 -0.0357670724497493 -0.133105309745804
-0.0663635501573564 0.25253142411703 -0.0414765109454092 0.240506802194279
-0.220587934095857 0.150506040215217 -0.0815510004557328 -0.120494149870835
-0.143118291513792 -0.23700893336288 0.255341220036269 -0.12479085112024
0.278805416629019 -0.0544266967522561 0.177010168543902 0.313499568655344
-0.00980911914716056 0.296036525412272 -0.224319650604079 0.214860833115018
-0.354118333057153 -0.0562915971969971 -0.0390653934989504 0.0187354662330728
-0.191537446980684 -0.337193384305465 0.0544966536695339 0.00479732722609461
-0.121422277028948 -0.375781990717357 0.0460217470496092 0.00859628678581206
-0.319484167902935 -0.208042773011892 0.0700269351497968 0.0240626262044395
-0.238652312064051 0.207701443064728 0.18285436117407 -0.0956378405636938
0.286762073704976 0.105783609072376 0.0115230539344528 -0.362710120001796
0.0185605303302491 -0.286249245631314 -0.31401079715985 -0.0618649699268695
-0.313116606922837 -0.0100206944267395 0.0518121617753244 0.234675907002568
-0.0998808211301412 0.307804951771545 0.21865439034871 -0.0596204773712018
0.0388923473415322 0.254766352043179 -0.0724049848546209 -0.273136042637846
-0.121919849002922 0.281664138840197 -0.0319947692258545 0.109295581074298
-0.329494985755162 0.104167872818593 0.000238953710914008 -0.138070106784166
-0.0728813897276366 -0.356393940799642 0.218978843183174 -0.0893046597840391
0.388009377829296 0.0720530531783603 0.113998943142288 0.244736762759748
-0.162804339140638 0.33804117144421 -0.208762335494032 0.171055211401761
-0.383559272299058 -0.213999687336224 -0.106278278113269 -0.0306103308726901
-0.134038740842758 -0.403373264587709 0.00895359310875397 -0.138940421173852
-0.125132120248515 -0.352938518362461 -0.0041037730432768 -0.139729410083412
-0.310373518675586 -0.113212551378266 -0.0518008074567792 -0.0239921139787446
-0.142563808696904 0.204602465276992 0.143296976421417 -0.0461458801044605
0.227144312047894 0.0646534213891162 0.038267447671291 -0.398007876486599
0.0474011225066435 -0.139527312937746 -0.363881784219611 -0.0925944594641279
-0.15472211254739 -0.0309150498278539 0.0170297800186104 0.235593269764803
-0.0713207036079088 0.176306567311145 0.233583516485672 -0.07961875767534
0.0125703353916717 0.176841838458533 -0.1117275635137 -0.357221356393335
-0.147545062489112 0.228676894236912 0.0150530497211932 -0.0108684962380006
-0.284672708855266 -0.00646753408147979 0.0803072380213827 -0.0872589198499466
0.0793824711163406 -0.256269117652001 0.131705436010286 -0.0646673831981389
0.24054429445524 0.206497237936049 0.0876186259360032 0.176340510742329
-0.235884574671625 0.18600494943467 -0.216307573209733 0.127184122554131
-0.263750476867565 -0.277001912917652 -0.140296188864548 -0.133928205932767
-0.0668547730021686 -0.360523433896947 0.0079021782082431 -0.302618309750748
-0.11042767227666 -0.274852800402585 -0.0528094631212697 -0.264015601657661
-0.247212710867075 -0.057148794017685 -0.166215701537175 -0.0354667266366415
-0.0907800293532907 0.171183908582863 0.0890312243625924 0.0569011427881997
0.182714616931325 0.0618254416194964 0.139138769187715 -0.341961795151696
0.0892429080203938 -0.0715020026354771 -0.332833534937309 -0.177938091014816
-0.0709106670059262 -0.0778371566616613 -0.0710614836948583 0.222109147548378
-0.0921030547542368 0.0550363353569365 0.243121985443762 -0.0270794312206594
-0.0378770478681547 0.100674918655125 -0.110698026752789 -0.38322839833207
-0.123419836089986 0.126383322973165 0.0672092410732265 -0.0777662939214744
-0.160776638842769 -0.046590099556873 0.0817269018620261 -0.010785905294257
0.0804268356093368 -0.0842722917016539 0.055007740908004 -0.116720799608924
0.0553901131014518 0.145549356902768 0.107403346046606 0.158686126586098
-0.13421142428957 0.0460311214372514 -0.240169908566549 0.0843574812814184
-0.123678063227772 -0.179753166790625 -0.145604811550866 -0.222201203706383
-0.0372405987795676 -0.215852270341664 0.0168323414304148 -0.425234040281646
-0.0811961748796662 -0.156173679767875 -0.0921055819608901 -0.348390452453453
-0.154898385358404 -0.0278197837939265 -0.253501658544532 -0.0474940980492369
-0.055980245416907 0.109611521132611 0.0165759209009756 0.163728299583555
0.112018117156665 0.0468567557836726 0.262840622758008 -0.249171424005865
0.0696136064596476 -0.00660102608312756 -0.252370916810362 -0.282109445418501
-0.0210199939020948 -0.053009307057075 -0.170484172585432 0.180474572768213
-0.0858424492090636 0.00249665855510915 0.246030458466851 0.0382186394684951
-0.0641898380139718 0.050190756580482 -0.0797670400408991 -0.38115388538737
0.0534520988451848 0.000820950763337978 0.0692740936850738 0.377969571475332
0.0387656748596163 -0.0124910341559389 -0.212746859082624 -0.0510828978756519
0.00501875213474746 -0.00201937676730822 0.187335883600226 -0.128130049151463
-0.0313759324832603 -0.0342078607271407 0.192544381959262 0.298477839574341
-0.0183980641858013 -0.0253281100808581 -0.290910686057841 0.187643337908319
0.0384510653266611 -0.0266401560219277 0.0279697748496523 -0.185214706095459
0.0500400567963344 0.000821955759582551 0.273936489414691 0.0472685145457629
0.0275936679636403 0.016045123815168 0.143865430572503 0.349006237809061
0.0258126860799253 0.0166894421896784 0.0795125709170052 0.466166771485865
0.0289678223461719 -0.00121138241569904 0.219909872852392 0.2476925155926
-0.00668475620092983 -0.0222719775441248 0.232591671452239 -0.114039379540562
-0.0315876648213155 -0.0274800446551544 -0.172000284367719 -0.148474418667404
0.0047036711851105 0.0161300309581372 0.000624533235599593 0.177764974453845
0.0703182543984109 0.00291513992025192 -0.0466396138148575 -0.0183459273478558
0.0620272318241885 -0.0323758827034554 -0.0622018159595754 0.126891356423811
0.0267718441110354 0.0306596917081811 0.0507506800398689 0.370272506169333
-0.00129985843485481 -0.00160080215601177 -0.174028298522908 -0.0835570557839661
-0.0288657696665441 -0.0539941677915908 0.233364116263518 -0.116330480847212
0.0193727885604441 -0.084131177101367 0.160597578071256 0.313325014773474
0.0728835301760106 0.021365678755403 -0.281003544735025 0.140129646215694
-0.0329271591008323 0.0572438292294961 0.0786158490053857 -0.156975205326341
-0.0656058490183287 -0.0405281412965821 0.264239197286095 0.0804013317744447
-0.0368587105783081 -0.119388577463923 0.153619444029663 0.323669886212051
-0.0383612553799796 -0.170366611847685 0.154028441336919 0.416947600185813
-0.12933151368704 -0.0896494845368052 0.282250593730251 0.159254343796482
-0.087309500580272 0.0559118587688203 0.170826353069722 -0.189707724889181
0.034314740835646 0.0454767061638675 -0.199181764088027 -0.096082997666485
0.039930643736065 -0.0497131391188649 0.0353219232086185 0.156687953584369
-0.0227766881155763 0.0264969764027938 -0.0344330296106532 -0.0153948564599121
0.0311713796366437 0.0957217153217759 -0.0546017471658852 0.0983711048265404
0.0111641903524992 0.0854608378556952 0.0399448321899136 0.36113874139161
-0.0305965879863936 0.0217665799416295 -0.134090439108477 -0.0904490440641846
-0.043115213876431 -0.101866460168659 0.256108031509549 -0.132520972937522
0.0891307174404825 -0.0954815266724331 0.187273858042987 0.302759796908961
0.106145700396819 0.0929024341170839 -0.227212961726976 0.16168793388603
-0.131506143236693 0.0925496269788068 0.0797922432479898 -0.074464155075723
-0.160054508008266 -0.103037571116985 0.213338978147805 0.0938605490286899
-0.0929628828759271 -0.234937756576178 0.140042776630739 0.252583448396772
-0.161722026261647 -0.278701597057721 0.206138067464032 0.287628899356435
-0.305411056212152 -0.0298432040257305 0.293256473785602 0.00362794060506896
-0.000903709178754267 0.229293556632303 0.0499086749840168 -0.257615114244181
0.204289646401116 -0.0635490893823622 -0.204787154789729 -0.0414816120700867
-0.089352831105707 -0.171789181919689 0.0235458225140547 0.142552971255856
-0.124003639198053 0.142422817989544 0.0182188963553148 0.0200664456741525
0.0309826755265792 0.207307353435028 -0.0375951364942811 0.0111539054024145
0.00121483569719036 0.168376786013757 0.0185691155527758 0.328240473828426
-0.0795413043264747 0.0922924466049907 -0.115653117638191 -0.087336086987711
-0.0834061036295801 -0.132529419755229 0.258508074681095 -0.148938691013658
0.156400660909322 -0.0826115835239572 0.231628163219246 0.30253629221903
0.0812609569449832 0.17541301896844 -0.195014936145748 0.227592929416759
-0.23743835436968 0.0726380449010026 0.0320832537550577 -0.00114103135707111
-0.216991938753332 -0.197285959238273 0.136213416792419 0.0730616943631009
-0.137233755728493 -0.319291766242371 0.101947721246937 0.141521619119462
-0.285029327872041 -0.265125193574598 0.177281745601874 0.124297184420697
-0.329812688343508 0.144508592182748 0.226398930187815 -0.103310140618792
0.248345855007755 0.221091823125335 -0.0217709986193577 -0.287734596220443
0.149599688241203 -0.32435188228367 -0.238041420980781 -0.0274056977102978
-0.326993136553407 -0.113811230955987 0.0350619566373046 0.194062359066076
-0.132398044176759 0.299011827706767 0.131517684355329 -0.000400129439647517
0.0578255690512655 0.266567996372516 -0.0502778414023803 -0.125080762582616
-0.033072077101236 0.256625408796816 -0.0106945178363771 0.24025602230977
-0.198552293260994 0.175787348425658 -0.0940857198106948 -0.111393720017886
-0.16886635990568 -0.215620092585895 0.241150745918941 -0.155067190578205
0.265646319257641 -0.0861267956435233 0.213643631676326 0.29096768193481
0.0220895160853078 0.290062861590228 -0.196230474357078 0.238681514933708
-0.35178010996748 -0.0137265498012175 -0.034706735368105 0.0217663017566655
-0.223231572758294 -0.309401727205833 0.0537494241773987 -0.00265872366796926
-0.161718956257487 -0.356007457218798 0.0468518882373647 0.00218382657286698
-0.338563400750728 -0.16807671294074 0.0727477300145008 0.0141173086738759
-0.213845823077688 0.232404688079985 0.168277232707561 -0.114442360356766
0.295075390342277 0.0665706915306842 -0.0294920342213751 -0.35869206723939
-0.0167779974713695 -0.283444563480769 -0.315942929437438 -0.026480072117787
-0.306695984898054 0.0289281919715334 0.0745567030645063 0.222827088727404
-0.06008664145851 0.311581075075103 0.205480916766212 -0.0816445481343109
0.071563039209931 0.24362655050091 -0.102259072814044 -0.257907947130406
-0.0852800320605377 0.291699461576981 -0.0171248377790423 0.109351334658545
-0.31297945288602 0.142504047716268 -0.0142878466340595 -0.139238904144742
-0.114472565060378 -0.341761237610628 0.210324572288361 -0.115246966359421
0.389687096738116 0.0230343677229024 0.141844167201159 0.229771927936031
-0.121223494955978 0.350771019377171 -0.186737949715862 0.193094893049392
-0.398783970556903 -0.16500404711032 -0.104987162912123 -0.0200486628835448
-0.175818429779031 -0.379843920778212 -0.00728180666636844 -0.140885377311668
-0.162633938548873 -0.331693269624022 -0.0188421115755638 -0.137466077954795
-0.316863558404228 -0.0743864509772205 -0.0532857356997684 -0.0201552331860723
-0.116977591632433 0.218963362240351 0.134719531196755 -0.06050213185274
0.231079751264525 0.0341309708320304 -0.00775335304104761 -0.396921563491476
0.0303557184382561 -0.14322395008211 -0.369069180326857 -0.0499166216912613
-0.155239554973004 -0.0120507190980642 0.0431051401833588 0.228736722351687
-0.0477464903775647 0.179617552208507 0.220638937617821 -0.102179891884454
0.0350802766123031 0.170733068573385 -0.15033198762439 -0.336857866164528
-0.116761801249773 0.242141123073703 0.0135048821286401 -0.0145868267826505
-0.280886436487034 0.0284608329056935 0.0716096930552089 -0.099008613393893
0.0467191625883002 -0.261787846565153 0.124844372494169 -0.0789730376582857
0.26038411543493 0.173556065784704 0.107144212425343 0.164674681218086
-0.20941037318579 0.208055235255324 -0.197694356677152 0.151320467437437
-0.287322837246405 -0.240765320211808 -0.150957192810157 -0.120088648450633
-0.10497770030307 -0.345071670734194 -0.0252235393859793 -0.302010227424344
-0.138734138922581 -0.25593217786029 -0.0811010689890582 -0.255252148695691
-0.250058108219831 -0.0267225494430726 -0.166721361961437 -0.017614599441845
-0.0698997070921175 0.178612677387739 0.0920030099809192 0.0466081959266741
0.187487653345889 0.0376771863981233 0.0996418108913807 -0.352158423095146
0.0783960438755942 -0.0812913328277464 -0.346258367626988 -0.136362243633154
-0.0786109993233028 -0.067770233818435 -0.0449686893088258 0.226386213870444
-0.0845376890202531 0.0634248250353009 0.234584686878791 -0.0519597043758891
-0.0250134255454096 0.102421804761811 -0.152374500774331 -0.363350952614439
-0.105718573683034 0.137697662074834 0.0581758528535195 -0.0865655880369167
-0.163948642703566 -0.0256511412563386 0.0810771573985794 -0.0232674659670111
0.0686968664983476 -0.0922193807585389 0.0425155075586786 -0.122209998327363
0.0710183848431703 0.136562906150508 0.125271123649408 0.143628662381515
-0.127035243196885 0.0601139319014885 -0.227470822499795 0.110424481477294
-0.139053781256655 -0.162472601580621 -0.16570741568226 -0.207140504220136
-0.0572474839628936 -0.205954843033151 -0.0320323225907515 -0.422768239860553
-0.0957516345916373 -0.143454823111566 -0.127725866653972 -0.334583298996032
-0.155446312993099 -0.00939201893202379 -0.253639098391252 -0.0192802123255967
-0.042182367969364 0.113796258014952 0.0317318080293637 0.160425953593551
0.115500684661249 0.0311815354170148 0.232552289884093 -0.273454976983685
0.0669785475132135 -0.0149521024584548 -0.279737274332178 -0.250036066733631
-0.0273514396229294 -0.0492143266417162 -0.147312016429297 0.196433616959275
-0.0838147431989354 0.0110793060940727 0.246634832074274 0.00963760972178315
-0.056685923264185 0.0570165041901309 -0.119961690348335 -0.363488596829033
0.0527750681395447 0.00025837026524259 0.0756992088937444 0.371578029929349
0.0377087563931986 -0.0126010645083055 -0.212421975345278 -0.0479845158622488
0.00561771270375186 -0.00161358226847173 0.186060549790175 -0.129298755851198
-0.0317497142827697 -0.0327369449337139 0.1955186373978 0.293902411761308
-0.0184977063277622 -0.0249709948015599 -0.286341292602667 0.190258673979939
0.0378557329020777 -0.026702496629432 0.0278012903475562 -0.186224985083584
0.0494794119439008 -0.000621100837947967 0.272571469412853 0.0447011858227913
0.0280494219955966 0.0156296878700995 0.143661751179173 0.346093547413694
0.0261924150849889 0.01612057051262 0.0809587909399881 0.461605228451432
0.0290416868300473 -0.000969812391430524 0.221340041810531 0.245525032870537
-0.00708120634888063 -0.0211584494073258 0.230308797012259 -0.114481442234492
-0.0329199342225783 -0.0255639404317276 -0.173209797659545 -0.145545690791545
0.0047058084057071 0.0165021735884995 0.00232947670372023 0.175910722698024
0.0698904103434114 0.00203446768006674 -0.0476913430147344 -0.0160146869275381
0.0613920284442585 -0.0330725939611333 -0.0586820174921575 0.12749726739863
0.0269436818940203 0.0306238080059836 0.0575730349457825 0.364046433533074
-0.00198581935530928 -0.00227469359626383 -0.174108383251882 -0.0792409775468712
-0.0292009047182 -0.0528193988713234 0.231201274771518 -0.118543851609335
0.0179823904033554 -0.0842795269988219 0.164110199867797 0.308002545167492
0.0733317947264911 0.0200134413410519 -0.277588504831746 0.141860536641553
-0.0317520534251847 0.0581571185982138 0.0777835651447225 -0.158616197108884
-0.0648463237087213 -0.0404108219821415 0.262297598001191 0.0766068345422599
-0.0362840488561878 -0.117902342590341 0.153018618347083 0.320259763972799
-0.0388104459446717 -0.169308906521389 0.154746588585542 0.410539894147041
-0.129015132670969 -0.0884602715575519 0.281689377340333 0.157979560745475
-0.0867727569677621 0.0569890000165877 0.168288675964322 -0.189312850433911
0.0346578012755759 0.0461924212685034 -0.198848043505899 -0.0920963963807525
0.0393049683375723 -0.0500016762520505 0.0354729683971551 0.155185455429249
-0.0214885482878111 0.0261744366498253 -0.0351249909287871 -0.0139297057935821
0.0323891546001619 0.0944749611810896 -0.0524001426297962 0.0992411603945202
0.0123700581761016 0.0847293501354011 0.0463602012446135 0.357916559017671
-0.0304026349639591 0.021366614405494 -0.134230700972428 -0.0888194056556204
-0.0448602607646163 -0.100575106307919 0.254752788467366 -0.133336017500561
0.0886036944621397 -0.0958366743368591 0.190318287794958 0.297723110983484
0.105907556358948 0.0910502569132508 -0.223702864064767 0.164302099895402
-0.129131661021793 0.09399488115713 0.0802503364817464 -0.0763327266395926
-0.15885059433011 -0.101259328080616 0.211167993622064 0.0918122595581282
-0.0938759320904708 -0.233023220788886 0.139845367111232 0.248679156287065
-0.161263643300758 -0.276973663403628 0.206387203312744 0.281250545082405
-0.303956792485412 -0.0279587936947135 0.290880523146184 0.000626908049334692
-0.000289138319986632 0.228725906143273 0.0483283919761733 -0.256679596150728
0.202890591062498 -0.0641609709283426 -0.205690065458767 -0.039141552362673
-0.0900231581566571 -0.16948237529189 0.0249627678408147 0.141071970223836
-0.120620154184645 0.142529735937809 0.0172381358367636 0.0213414923363175
0.034323436266203 0.205901018033921 -0.0378489868762109 0.0136097074295741
0.00383871719713869 0.167339125196582 0.0236334469215591 0.323370630542271
-0.0775877457513753 0.0915094516508859 -0.114946621874667 -0.0858957030883724
-0.0846008726986112 -0.131435412404833 0.256535540553277 -0.151528617227245
0.154621206295122 -0.0836046005066115 0.235455495936223 0.296989985266855
0.0828923866026247 0.172883953241904 -0.190544218365934 0.229569894437011
-0.234855277413294 0.0741357101214442 0.0338527535157518 -0.00192222419965882
-0.216331470094183 -0.195837006703991 0.133972492104743 0.0708195933855946
-0.1378745919682 -0.316249018103219 0.101230875404342 0.13771803843228
-0.284147531443713 -0.261094903258409 0.177157529008371 0.120760748341885
-0.326032188836244 0.147685050225955 0.223340453127545 -0.105887941784887
0.248055936627888 0.21728844549305 -0.0237961395450997 -0.284600081569351
0.145208370175203 -0.323409396582217 -0.238334756288157 -0.0236836423008652
-0.325717490682973 -0.108119697863082 0.0370255122536189 0.192539481024429
-0.126157496581815 0.300076007923189 0.129090308241014 -0.00145047751831322
0.0631454254645345 0.263970609315296 -0.0516883345854534 -0.122121531920644
-0.0276987500296892 0.255509581892147 -0.00581230726254876 0.237685817454186
-0.194579899090341 0.176194957455903 -0.0951615295741588 -0.111226888016295
-0.170414866371243 -0.211859238145252 0.2373385627651 -0.15671755283455
0.263791175348176 -0.0884123000452483 0.215582526901223 0.284241183455414
0.0250163587303564 0.286648124592854 -0.190031103222184 0.24017423702744
-0.350461786178957 -0.00936277679778888 -0.0327907263766888 0.0207891223277671
-0.222689447694509 -0.305836549237209 0.0523067799509729 -0.00399290632927692
-0.163054800139455 -0.352277572597705 0.045641070215986 0.000327812147471181
-0.335605824959664 -0.163510187973457 0.0722678913652997 0.0127343039466202
-0.209812449364665 0.233591797570636 0.165087651477523 -0.115025997750374
0.292081115276283 0.0641675074781182 -0.0321908909339788 -0.356390860908732
-0.0202410458831619 -0.281145793730184 -0.31655734577561 -0.021648512556703
-0.303390804986898 0.0316597019160771 0.0759356037770977 0.220300752317683
-0.0542928001055837 0.311788227124912 0.20203668940419 -0.0841017293786174
0.0754129021884692 0.241453035692827 -0.105420933037638 -0.252572921105879
-0.07872950716697 0.290809285400892 -0.0155945185533367 0.107332123240863
-0.308265664644157 0.144934102377138 -0.016523971097279 -0.13996508561005
-0.118408362478134 -0.337259837280639 0.207299576209662 -0.118346969751774
0.387196995454202 0.0187646343694212 0.14360302422405 0.22627078423749
-0.118320400876623 0.348082697855167 -0.182441560819778 0.195461078460605
-0.396435798108614 -0.160474816934516 -0.103472793683103 -0.0206550569368996
-0.175772453763553 -0.376174639208445 -0.0094850646642937 -0.139155454709232
-0.162749296108555 -0.328494464919291 -0.0194835013730651 -0.138520032777855
-0.315254271810108 -0.0702379181213406 -0.0524009656237853 -0.0201207701293162
-0.115277170799404 0.2189189904758 0.132104935948899 -0.061837122626899
0.229260513772954 0.031072453816686 -0.0110987774954897 -0.393557998639963
0.0271270901828679 -0.142614879307778 -0.367194771227748 -0.0461294561049375
-0.155369442710057 -0.00992613528860761 0.0450803490912342 0.226505735375015
-0.0451574635610491 0.180160994413647 0.215709178397189 -0.104676851257936
0.0373508457436676 0.168534089298973 -0.153984340121113 -0.330088554373785
-0.112038970260439 0.241892884276465 0.0131189390569854 -0.0150923794798588
-0.277686053855015 0.0321607843807443 0.0697308008625565 -0.100693675119071
0.0423219093531648 -0.26002193892684 0.123923159438536 -0.0811467866901253
0.260146629084635 0.169647921352825 0.108154329800993 0.159746130140719
-0.207470329524191 0.208942046432941 -0.194008950789952 0.153495481715336
-0.286602403170639 -0.237463538079131 -0.149947084743837 -0.12009838072436
-0.102810036095173 -0.340938205590901 -0.0274656131198453 -0.29941437411156
-0.139851725284179 -0.254295357000987 -0.0822297132604069 -0.25382171924764
-0.248086120804895 -0.0241123747575303 -0.164909399367912 -0.0161988330620767
-0.0687608665560612 0.178016334876182 0.0902712407052574 0.0463341110205518
0.185759595293765 0.0344751841893442 0.0959447873873262 -0.349949743685908
0.0774925760350453 -0.0824405720337372 -0.346085649706222 -0.132477807143292
-0.0799438887457176 -0.0672431550989109 -0.0420205883552819 0.22529919460624
-0.0829232265548548 0.0655791329765793 0.233223409069326 -0.055683310666539
-0.0228924160302236 0.101968361286776 -0.156081179551178 -0.356258339653101
-0.10250375136589 0.138226437436877 0.0564012829511895 -0.0872562688433103
-0.164314908349257 -0.0210194945570504 0.0795779036175091 -0.0262535022860157
0.0653585335535555 -0.0916327508886095 0.0412997780046449 -0.122166322485675
0.0708856348012592 0.13451315232247 0.124750424548996 0.139839310842446
-0.126214630897532 0.0613774814704699 -0.223677222105526 0.11371706849725
-0.138267201125092 -0.159821349508884 -0.164865747437356 -0.207540927758235
-0.0568290611765112 -0.203626481672194 -0.0318103890604628 -0.4209850995717
-0.0967171282033222 -0.140983726789712 -0.128727958567549 -0.332436112796919
-0.154939418809822 -0.00637112477195913 -0.250085635906473 -0.0164724039959463
-0.0403915965491053 0.113099686327658 0.0310674016794127 0.160235753218793
0.114594003359211 0.0282413618685225 0.225740045354382 -0.273669634902023
0.0666192119942174 -0.0168173717311298 -0.281951987700334 -0.244873666083992
-0.0280670179656774 -0.0474545696758826 -0.143853591951568 0.196521093930375
-0.083373397252683 0.0143055797582671 0.245727809589414 0.00517883775767362
-0.055416810225767 0.0580077561950715 -0.125735007154746 -0.356936850697766
0.052266348572413 -0.00114016808029289 0.0818565139296363 0.367385275588539
0.0369405581525057 -0.0130734357743925 -0.212585770280374 -0.0453765445865636
0.00553299787409247 -0.00134866132763152 0.186495545091797 -0.131174406876379
-0.0328582515407778 -0.0335955227069899 0.198459802380712 0.292651886801298
-0.0185014534103864 -0.0244960040746787 -0.284797750901417 0.191247379147909
0.03838864707189 -0.026790929192301 0.0278106990383405 -0.188568944223612
0.0498513598299333 -0.00171708932372084 0.270065252646763 0.042704116037896
0.0282891831891053 0.0166834346802352 0.143057166971777 0.345367891148239
0.0272052250558089 0.0142426593639993 0.0814596401103929 0.459110089638038
0.0290223418346813 -0.00106664262724129 0.22272649712583 0.244670315440211
-0.00635430903825552 -0.0191984330393743 0.231556875929746 -0.116080732623193
-0.0328418886847821 -0.0253743137311249 -0.174685146435758 -0.144438081896211
0.0052731755583269 0.0161085494757593 0.00291752237734969 0.17575797757031
0.0704113331897592 0.00117713069035544 -0.0483621412195445 -0.0142396391268961
0.0608064260508562 -0.0332522067375388 -0.0571426892501383 0.12836603271554
0.0262795516182181 0.0305280579485319 0.0620675759273534 0.362006924443648
-0.00249330486423268 -0.00251802108572233 -0.17430848481802 -0.0788183010304019
-0.0298937918548558 -0.0519949488963435 0.231440176602435 -0.121233676630193
0.0174610250290859 -0.0847419805751368 0.166483635464317 0.30537087137645
0.0738102058348757 0.0192203880905587 -0.275512745906374 0.144433213206425
-0.0313418070145469 0.0578954902776962 0.0788102131232848 -0.160883488245953
-0.0648299865510199 -0.0403320853282598 0.261940624722741 0.07317836548896
-0.0361968237616797 -0.117095091415467 0.151604779653544 0.31996747095592
-0.038128456120785 -0.169701343969102 0.154545629846569 0.407843757607106
-0.130023223164896 -0.087469371574162 0.28110400941362 0.156294195394859
-0.0864472944403894 0.0587469113701495 0.168600652701143 -0.189782861260677
0.0342041376906353 0.0458859721592836 -0.20158203535274 -0.0908329087240156
0.0393344536392047 -0.050238810171752 0.0361885385205689 0.15471505561396
-0.020216808481238 0.0266724399960331 -0.0353379269302047 -0.0122924246653535
0.034448530133121 0.0935895977273343 -0.050214182116435 0.100244973191965
0.0131425235831844 0.0848451032506737 0.0507651955082427 0.353861883599805
-0.0303006279549275 0.0211968388405671 -0.13577251817649 -0.0885318901266933
-0.0461603934485839 -0.0999681028238996 0.253819713183438 -0.136970161277333
0.0878495554294986 -0.0969519727671772 0.193020604419267 0.293546827196552
0.10687433204136 0.0913459615275546 -0.220293698411856 0.165428105522977
-0.128683016501713 0.0951032423204117 0.0818261424170686 -0.0779333984438061
-0.158215337867693 -0.101569594193646 0.20982380054588 0.0901568012659095
-0.0938447788318149 -0.232626016170448 0.137773322628473 0.247943147436753
-0.162761189195862 -0.276382509256676 0.207767357578962 0.278076570086509
-0.304336598538219 -0.0245504432294479 0.289356897300227 -0.00140119627126743
0.000311017867947999 0.228535411188734 0.048006418826581 -0.256811473939344
0.201577248104064 -0.0651909773495686 -0.207648340059972 -0.0364876534616684
-0.0917305987835491 -0.168898377097979 0.0248380504659174 0.140773268589755
-0.119073654184953 0.143948510817524 0.0164200466181983 0.021911594770016
0.0375895865805359 0.205322255870765 -0.0367119126529286 0.0145723278384106
0.00546177120872603 0.167223503802516 0.0297174095805562 0.322224427171661
-0.0772122136919019 0.0913677517716044 -0.116476808740452 -0.0857955190381664
-0.0855086794431889 -0.12976937188198 0.254340828966649 -0.153558147833746
0.154259341247883 -0.0852603766457834 0.236784701383204 0.292649111301812
0.0836721894688587 0.17271600051398 -0.185507606725929 0.230960815369207
-0.234358020454802 0.0772269901763341 0.0347141366447083 -0.00319220708081217
-0.215591197121988 -0.193825754338066 0.133232639836138 0.0692577291266562
-0.137971204072151 -0.31563725514454 0.100945918756267 0.136562021761184
-0.284286978336181 -0.259805013217706 0.177030895618296 0.117820421670319
-0.326987705547494 0.148911792220892 0.221999049859305 -0.107858479305825
0.247543487045772 0.216744728681675 -0.0242801849780249 -0.285277279252829
0.140478028975961 -0.32544570090726 -0.240170835094836 -0.021535576758717
-0.32666041774271 -0.105788515444091 0.0371373569055445 0.191843600720919
-0.121940019452666 0.30141937954961 0.127410555500066 -0.00254313867596671
0.0662307441177077 0.262986014302556 -0.0528111287481055 -0.119434430016883
-0.0242071510178012 0.255129165070024 -0.00338874396230352 0.236788904307566
-0.191826279108259 0.176276614709397 -0.0963034602425746 -0.110596980349416
-0.172686130389849 -0.209706960670649 0.236314947043338 -0.159101388779643
0.263495152751963 -0.0901506691254864 0.217848400279658 0.281646090276822
0.0266793800195202 0.287425336616189 -0.18576778726527 0.242690929080761
-0.350172569886013 -0.00827135441636193 -0.0318723141125684 0.0208596528722317
-0.222355387346089 -0.304604216309054 0.0511718936891501 -0.00457215244961077
-0.164273409643692 -0.351367058333055 0.0453637871941368 -0.00023238082331139
-0.335497051289619 -0.16401455932575 0.0721118105541173 0.0110664815245695
-0.209271984782198 0.234813020269614 0.1629706549923 -0.116123800769317
0.291483621541854 0.0615473131658043 -0.0363106765815127 -0.354692058837744
-0.0224844559140635 -0.281504283421826 -0.317095834142051 -0.0176190071921219
-0.30381271169778 0.0360347727814012 0.0785884260017162 0.219733799725234
-0.0496916583251437 0.311857120828742 0.199340216801264 -0.0853930484438547
0.0789474139923144 0.240188552301401 -0.108608105263744 -0.249603881596415
-0.0757579128567453 0.291667243437133 -0.0140253681520049 0.106913286712498
-0.306474708222094 0.147866432115224 -0.0178182164395893 -0.140945774519607
-0.122714993486851 -0.335454781445685 0.20636954744126 -0.120230517917352
0.388241486573655 0.0154606871937566 0.143469951757987 0.223130026220632
-0.116091655148077 0.349217586091 -0.178471835696295 0.197492105991442
-0.396578707506956 -0.157403874401438 -0.103431991503979 -0.0208649714912501
-0.175416900335756 -0.374767283875059 -0.00942280739493013 -0.13843237095163
-0.164169085223381 -0.327521874614223 -0.0199941308101343 -0.138797965579644
-0.314105537088492 -0.0678593524467322 -0.0515310942344213 -0.0208936488537853
-0.11395972457759 0.219055627100969 0.130683660044076 -0.0623261797978657
0.227248779539526 0.0298056384831069 -0.0144115004796097 -0.391986634249529
0.0271705766910342 -0.144115358424956 -0.368608113670022 -0.0414285897922076
-0.15445731297958 -0.00965020472907573 0.0455999652576422 0.225605033553867
-0.041884669486558 0.180379044472203 0.213553527026968 -0.107734865117627
0.0403398299820255 0.168751972285229 -0.159176261662309 -0.326227456905444
-0.109147580281426 0.242105610051013 0.0129266395782707 -0.0154087929326362
-0.277180916075886 0.0345242356707759 0.0683888314095246 -0.102696186365294
0.039734525028951 -0.260626650579353 0.12311880259305 -0.0822160495226918
0.260492514306298 0.16615955400305 0.108682813169778 0.157935460389804
-0.206593324983018 0.210706343118821 -0.190213475614157 0.156342812725285
-0.288350185793859 -0.237245354059442 -0.149551644103367 -0.120416473260824
-0.101474133437158 -0.341577762736211 -0.0281374140514917 -0.298170365853787
-0.140044732583074 -0.253688508322781 -0.0833573950677797 -0.254576172007105
-0.247813124328402 -0.0225630467145139 -0.163137601108726 -0.0154210082480612
-0.0667558713391407 0.178814966071944 0.0890143273085789 0.0463412794127514
0.185239000326156 0.0323302592048106 0.0914263712315778 -0.349060841813489
0.077046230297678 -0.0843104298895822 -0.347629225613629 -0.128842179050022
-0.0810630224759545 -0.066081295276744 -0.0403525987125114 0.225184262710194
-0.0826466393477973 0.0669313803156138 0.230816072413309 -0.0586667302641812
-0.0211394955073608 0.102726951404999 -0.161832731844227 -0.352284517407725
-0.101797998699668 0.138617778998818 0.0543843378459602 -0.087261251391334
-0.164098296853207 -0.0183959748739341 0.0795440669329403 -0.0289134982836912
0.063508143245584 -0.0916208206763636 0.0422663138187738 -0.123302655798444
0.0716393945562183 0.133208755297254 0.126583001019035 0.137648258682771
-0.125843012856143 0.0614665722878647 -0.220887633095002 0.115347616133884
-0.138514785380084 -0.15959394927574 -0.165434661145288 -0.206835848901639
-0.0559460106010642 -0.202585715250237 -0.0347653174572885 -0.420194565920076
-0.0965741844047528 -0.139922626486914 -0.128869885373368 -0.331802668851042
-0.153706696583716 -0.0058341339428462 -0.247376932267851 -0.0152010876437903
-0.0399897964284605 0.112653854751962 0.030642391872415 0.160515467144131
0.114662279020903 0.0269085871252015 0.22418004809085 -0.273883117651173
0.0665359211856589 -0.0183687576146966 -0.283933794022372 -0.242277681942409
-0.0293997935802128 -0.0477531069309834 -0.141337387896159 0.198065872669053
-0.0830736207103012 0.0160824861171086 0.244534017125949 0.00189301598276001
-0.0548826504668019 0.0586870649892276 -0.130334016578627 -0.352553966290618
0.0519005097453795 -0.00190147194369479 0.0861492353504333 0.366848494544482
0.0358121691074496 -0.0127282481091478 -0.214161025109219 -0.0436033488689696
0.00463387117608408 -0.00187134334325821 0.187662981706709 -0.134296525194594
-0.0332733481198553 -0.0328575164225402 0.202125573147286 0.289382862579915
-0.018688714247971 -0.0240795535583188 -0.282798585115818 0.195784872736361
0.0380941913465549 -0.0276373130798326 0.0289020260089835 -0.191576294906733
0.04979714695261 -0.00315004692457065 0.271040012944527 0.039762345795708
0.0292660498031621 0.0175252006796949 0.146054237753848 0.347652714518283
0.0276385618957943 0.0136906854999922 0.0843063890885359 0.459723490173799
0.0290191955816679 -0.00158916620299954 0.225511894803414 0.245582551098454
-0.00719387425051819 -0.0190001943911903 0.233745903765174 -0.118727675606612
-0.0344477912714678 -0.0248385611870498 -0.176970512473197 -0.144351289899921
0.00514205622613093 0.0161740268125078 0.00516102276897128 0.175897056905064
0.0700542820325201 0.000586718285142861 -0.0493920001258124 -0.0119661201527985
0.0606683030486375 -0.034981170977049 -0.0550625212948401 0.130976293948456
0.0273714813219206 0.0302871585435042 0.0686033156502638 0.360290732908452
-0.00399019026078075 -0.002235976776501 -0.176737715545321 -0.076874013396593
-0.0308441810920967 -0.0525169739071257 0.232966669208353 -0.125093369733524
0.0169255526008453 -0.0853709059355929 0.170981142267629 0.305739503502368
0.07419019188581 0.0184599751436166 -0.273042073219681 0.148417940022899
-0.0308119652592582 0.0597319915662439 0.0789885424953373 -0.163081642245202
-0.0659159028220975 -0.0415749755100469 0.263256313056368 0.0732233780641695
-0.0365221869107076 -0.117335887879689 0.151415582559818 0.321244256430044
-0.0390630013050472 -0.171611657483151 0.156347766895508 0.406676023690378
-0.130855954554502 -0.0858119058575248 0.283460803898874 0.156714525581527
-0.0863612309989671 0.0588967089969912 0.170059651616302 -0.192218145649723
0.0342964814684319 0.0464313394965373 -0.203820676383463 -0.0895965284147757
0.0390060645192997 -0.0506725459566373 0.0375365246461105 0.155371440101899
-0.0202524784974456 0.0264850742857867 -0.0368507801072528 -0.0102479413232062
0.0352913255392603 0.0938079588104993 -0.0484656133880448 0.102659961477696
0.013508068601718 0.0852045367966135 0.0562763238985679 0.353172434156082
-0.030425003528703 0.02112778369465 -0.137387542307704 -0.0870346950317757
-0.046949621067884 -0.099887273312973 0.255696873846117 -0.14074502030697
0.0878716302135544 -0.0992096828203299 0.195806385357961 0.292176004355547
0.107483737392437 0.0896733982575284 -0.218231688848075 0.169239640140848
-0.128642068354437 0.0976055911184486 0.0830262391239903 -0.0802172528009737
-0.158810531859628 -0.102297672820887 0.210789468934549 0.0886636955241716
-0.0944847930052742 -0.232972059998844 0.139496602164486 0.24643057870443
-0.163916425318019 -0.277354481917659 0.208208113763413 0.274481433889445
-0.306615579337996 -0.0235297244513591 0.289561884183654 -0.00223962401401264
0.000747590683321709 0.231070214365102 0.0477101762507976 -0.259426088769122
0.201570810393639 -0.0678306911889491 -0.210673339963858 -0.0336660545893953
-0.0941102147105089 -0.169728026692849 0.0249408369988405 0.141505679853441
-0.116588045815463 0.14580371087069 0.0152332797606224 0.0233700521930556
0.0416361793700493 0.206205419732716 -0.0360773519055282 0.0167582748027316
0.00845089778009681 0.166848102261857 0.0352090628987762 0.321279902613678
-0.0763475055232191 0.0919773373305754 -0.117459947367282 -0.0861755183194255
-0.0877259021636472 -0.128997628887923 0.256761769232544 -0.159613222104722
0.154087322339688 -0.0872103692720198 0.241015062798244 0.291230620883128
0.0856836322659918 0.172682830923427 -0.183218109654805 0.235430662692633
-0.234155341867172 0.0790365609416567 0.0363253148059541 -0.00423345884025832
-0.216605528122218 -0.194946340963572 0.133460980830961 0.0690446818129099
-0.140143979095879 -0.317770124313398 0.0999664992166723 0.136397022881903
-0.288213175400353 -0.261406282035207 0.178733385074561 0.115933772001382
-0.329622087494464 0.152488642134327 0.220982395582656 -0.110410161941412
0.250261491129177 0.215975779003149 -0.0269352744960078 -0.286994247046112
0.139985542798014 -0.327623222081372 -0.243728295393133 -0.0181416039112701
-0.330035280709066 -0.103545472530598 0.0389382823000458 0.194173877431861
-0.11698714858747 0.303391501265445 0.126733310427857 -0.00235988780504359
0.0717006086025747 0.263462453642386 -0.0549006094059786 -0.118737246261184
-0.0206853652639485 0.255481441163291 0.00182613078654979 0.23647024483625
-0.191264613917466 0.179721846976252 -0.0985729193535315 -0.110586356423853
-0.176221931871543 -0.20885576312947 0.236864273603212 -0.163965890739059
0.264206152745658 -0.094376433001367 0.220863229946179 0.280501418286955
0.0287892286692263 0.289318394297537 -0.182153961838367 0.248293685897218
-0.351842698478686 -0.00457174836340639 -0.0306819947854824 0.0206161007723702
-0.224856586831176 -0.30544680150787 0.0507455157637971 -0.00543657934196659
-0.166860360519887 -0.353533603417221 0.0447033082475305 -0.000912685294912635
-0.33901026243692 -0.1630561588319 0.0726764298266245 0.00933717892818302
-0.208673671031448 0.236760234239556 0.161788958382502 -0.118294334253069
0.292996431406465 0.0593155800556211 -0.0397047445671972 -0.357048043074096
-0.0252568538273847 -0.282589844221021 -0.321374063738992 -0.0145931378052215
-0.305040343645319 0.0389046183235309 0.0803378602646528 0.220270399850939
-0.0446755701455578 0.312634651469681 0.197665043987365 -0.0887153331768365
0.083460084230178 0.239648096780408 -0.113285902782673 -0.247885932453893
-0.0717146176790674 0.293496889575727 -0.0125261296213539 0.107769103509498
-0.306609102563878 0.153113630295239 -0.0207183905225657 -0.142170442636678
-0.127387678384588 -0.336737328344449 0.20658550650618 -0.123749464801694
0.390926738757058 0.0112042779740481 0.146431442748273 0.223113292361044
-0.114632198205131 0.354172372922861 -0.175727576671797 0.201239177959524
-0.398691977022093 -0.156781385313158 -0.103107472373844 -0.0208665965486136
-0.176475120981962 -0.376802321510419 -0.0110603355864566 -0.139611873886982
-0.167146775473171 -0.329987375312179 -0.0224946987330437 -0.139691617258986
-0.315098181504895 -0.0681770407966394 -0.0523313458757027 -0.0208134624364118
-0.113788960905471 0.222556909415887 0.129309474834234 -0.0637711103299179
0.228291431422925 0.0261719149487569 -0.0193282306841947 -0.394070199256448
0.0255977784106392 -0.145095243526179 -0.371967568565009 -0.0364242023543068
-0.155952419269789 -0.0085603494309261 0.0475438661384112 0.226823062465793
-0.0396498248017789 0.181131242329142 0.212853022220668 -0.109635340811025
0.0428010189922841 0.168101960958917 -0.162497974877343 -0.322742479342927
-0.105556148649452 0.244673728538013 0.0129882674867186 -0.0156576324369359
-0.278249335751297 0.0377183472590736 0.0665791691533702 -0.105585303523095
0.0360545086972285 -0.262171821027221 0.123404973651033 -0.085340298176062
0.26366097908191 0.164037341496226 0.11086720108879 0.155925837092595
-0.207383013298578 0.21320092520682 -0.187953838987581 0.159742268938387
-0.290550699180995 -0.237831033756246 -0.150942535034396 -0.121868191970286
-0.104420806907504 -0.343090618315168 -0.0303648146562358 -0.301369433296546
-0.14208983821881 -0.254122485295845 -0.0858224233824066 -0.255742553561761
-0.247814572770234 -0.0209876053114042 -0.163798084209192 -0.0146780175466662
-0.0666352964768659 0.18138945618274 0.0889855050447768 0.0472730637725107
0.186575028376915 0.029530593652175 0.0880729243159728 -0.351726803975659
0.0767010857944147 -0.0866104827456825 -0.35028476210184 -0.125214288324177
-0.0824311506790524 -0.0659263834842258 -0.0382806552123727 0.227461217415319
-0.0818988396461315 0.0688410834873033 0.231226216249011 -0.0615806021531422
-0.0200725551961339 0.103731584854527 -0.167772801633473 -0.348606743496503
-0.0995720761323437 0.141172052363135 0.0538819550266337 -0.0881616001647349
-0.165843598210503 -0.0168012772727425 0.0789446372354519 -0.0316543822768686
0.0633349155461935 -0.0929426019675988 0.0413737828923487 -0.125448909036883
0.0730696276759568 0.133347569090346 0.126916217812733 0.13594555993892
-0.126899450769082 0.0631068611698105 -0.219159531746176 0.116223641392037
-0.140152939064253 -0.160437972951106 -0.169004142578588 -0.211003906969514
-0.0564427289958047 -0.204164042149789 -0.0373583886609615 -0.422554370730117
-0.0982233584291122 -0.139174314379992 -0.131693812536149 -0.333116958094585
-0.154864287240355 -0.00395251491290261 -0.247077916366963 -0.0124814804660602
-0.039338061040612 0.112656262678962 0.0302053286764715 0.163241778935807
0.115406506160147 0.0244764519747054 0.222937060465571 -0.277322218941617
0.0674509433320633 -0.0199743225053563 -0.288799909110541 -0.240888014712138
-0.0310709833269393 -0.0475057730748244 -0.139731223695656 0.200988388955853
-0.0839577084186719 0.0181301373209644 0.246148483021823 -0.00181282566890289
-0.0547454941011907 0.0599695146274032 -0.136516333416683 -0.351357062019585
0.0530872130853519 2.03518568568347E-05 0.0918916487192909 0.367310705530905
0.0338206454155753 -0.0139819175855885 -0.215786658070085 -0.0410919921416256
0.00507596648793867 -0.00200426514461586 0.190743535175072 -0.13580558811637
-0.0339949706714831 -0.0325903284607898 0.205906763372272 0.291258928577997
-0.0199521845154158 -0.0242037869671105 -0.285231570328843 0.196264429342079
0.039054999302707 -0.0283727021199874 0.0319625277604747 -0.194250464362957
0.0489689562196883 -0.00265668576782522 0.272868439438367 0.0415295240761729
0.0296629261570902 0.0182751328082971 0.141828535144538 0.354277401889032
0.0293980110117727 0.0139007576986081 0.0783059181745786 0.466532125592365
0.030620633042357 -0.00101052876644496 0.226159050862819 0.25202486803172
-0.00598501689693304 -0.0203072853621989 0.239880789485215 -0.119184330504619
-0.0350594619771564 -0.0236623536796661 -0.177688930323776 -0.147867479183137
0.00597747271289603 0.0167234707229657 0.00323860506205453 0.177994759546412
0.0703151309206908 0.000386923833110589 -0.0502405060136422 -0.0113997798724837
0.0601992299459755 -0.0343691938032178 -0.0554313809960938 0.132173799844912
0.0267633604063804 0.0329492265006826 0.0732620295522945 0.360811014024826
-0.00491317592599793 -0.00386574999680429 -0.180094829463176 -0.0765230587838849
-0.0306681666653156 -0.0542755131847398 0.236461380304442 -0.12640839617188
0.0174601159039891 -0.0870262104736578 0.173320830953035 0.307486152145133
0.0742703340997478 0.0200203052972901 -0.275500506802083 0.147997933837068
-0.0311393991487062 0.0594643397656084 0.0829050069997422 -0.165931398742263
-0.0663631524454442 -0.0433259575277618 0.26649099129709 0.0736723371273231
-0.0344975707346451 -0.119237253100331 0.149001690157986 0.327324774918946
-0.0357486422364167 -0.173100641763671 0.153580663583452 0.412568546014073
-0.129813307180408 -0.0889407847497112 0.285542017333159 0.163989412741811
-0.0883456050685311 0.0585442066423501 0.176204271010063 -0.194301141671254
0.0333729218760148 0.0482067780550917 -0.206379233136998 -0.0922993247211368
0.0409080657971124 -0.0516377233321698 0.0361154087875409 0.15753845934696
-0.0207099800047918 0.0265417910973956 -0.0378908219534185 -0.00959044561265389
0.0363670702294263 0.0957404359488628 -0.0489150064423736 0.102772629546001
0.0140146042499987 0.0878331424270977 0.0620129472041107 0.354605125292013
-0.0330611488650875 0.0199852876291748 -0.139414473067341 -0.0891591770674576
-0.0465713670001704 -0.102215754946487 0.259044194449044 -0.143400062475422
0.0896802530351976 -0.0997980994445521 0.199450372047273 0.295485127885617
0.107166252681023 0.0916627864139176 -0.218222915966469 0.169069694107473
-0.129189041597618 0.0969365775191203 0.0859490461539806 -0.0822202994568527
-0.159057394001746 -0.105682323573428 0.212067073015295 0.0904007253812682
-0.091604157214844 -0.235789370345639 0.13742330693261 0.251306402227432
-0.162593967762386 -0.281545047889431 0.209129096590586 0.279014645442963
-0.309986202905929 -0.0264354611700224 0.294463110392075 0.00294518196318587
-0.00102505245539139 0.232456347696173 0.0497826027955927 -0.263858611591096
0.202896013578461 -0.0667793022021726 -0.214850536113009 -0.0347954746857435
-0.0935185859566324 -0.17171691477153 0.0240168391884398 0.144345987299021
-0.117475179378565 0.147258922787355 0.0149712285390502 0.0242835096763548
0.041081814347389 0.209317186937121 -0.0360588758720313 0.0162180373808019
0.00820049420729248 0.169854015262161 0.0394399489609663 0.322138736439424
-0.0780432300044518 0.0914087514030218 -0.120102600764004 -0.0869559201979092
-0.0874705536587871 -0.132557345120231 0.259131086042742 -0.16118079944599
0.157069720556208 -0.0870951440218505 0.243214707891234 0.291838910063149
0.0839797551423958 0.174509488145259 -0.183424225360593 0.237588364675603
-0.23652733866202 0.0787019613263224 0.0385502126590841 -0.00529658370642867
-0.214602416706804 -0.199056681281348 0.13206414703076 0.0699288858958573
-0.136445294762453 -0.322012618410051 0.0999072886396972 0.138985305092022
-0.287247494112563 -0.268651615722237 0.180642910452714 0.117256445576172
-0.333551419232081 0.150274631451978 0.225945149009938 -0.10910740071935
0.248247082909435 0.218498776470457 -0.0256066878789961 -0.293502131578671
0.142765011624889 -0.32993088374939 -0.249152558102213 -0.0181976219688278
-0.331617120303149 -0.105121001928434 0.0373096008141156 0.197167787550188
-0.117696332742464 0.306713470659148 0.128024688103468 -0.00198554572395483
0.0722636730323788 0.264916597698864 -0.0551090644120035 -0.119694212216509
-0.0220199495821509 0.25942839497304 0.0038455871097659 0.236492864540719
-0.193777366428865 0.180265316890126 -0.100169376631796 -0.113797169873913
-0.175339396409633 -0.21255619633428 0.240632636375258 -0.168396701006694
0.268207405602952 -0.0929101279528086 0.22326950536875 0.283219242714764
0.0251849025116465 0.291729093462218 -0.182766239677149 0.249299761314565
-0.353737597879832 -0.00923470585905367 -0.0289342827902226 0.0189804259619497
-0.222146675667226 -0.311001612348521 0.0501858439034201 -0.00459718869402959
-0.162652233963018 -0.357057291530786 0.0445870155224875 -0.000835297282498026
-0.340399201305519 -0.169036760932501 0.0748969374967244 0.009143320441436
-0.214533447830322 0.238833044418276 0.16596703443195 -0.118620692084325
0.292349074933112 0.0595581884991079 -0.0394852698036212 -0.363248720479327
-0.0236542279625276 -0.284382739645972 -0.326349669838348 -0.0142649920259725
-0.30755462137892 0.0383407773541454 0.0799737102401394 0.22423503595716
-0.0443578604757071 0.316057058488004 0.199721663511578 -0.0876119325176371
0.0839319611874891 0.240762715365917 -0.112788763202178 -0.249726784669797
-0.0740417885482322 0.295249083656239 -0.010781832786702 0.106317140029213
-0.310451684181813 0.153624885785925 -0.0208926217338629 -0.144875522546524
-0.124937395743138 -0.340766527577414 0.209194916135691 -0.126409706497807
0.395917169184536 0.0136691098396582 0.147252041741052 0.226104490321549
-0.120868068267527 0.353837977089139 -0.176774785404179 0.203008338914839
-0.400314574235897 -0.164826544838206 -0.101257907146038 -0.0230757355053654
-0.170742038933681 -0.380274208983777 -0.0101291452860842 -0.140530065148793
-0.164264996361459 -0.333407378373057 -0.0207188023098358 -0.141016819818142
-0.31772038438731 -0.0714250845295302 -0.0508587826790023 -0.0215717581335641
-0.116510424064636 0.223233052181954 0.130714663307405 -0.0628358358304095
0.228094828269384 0.0257507116572676 -0.019326012899393 -0.399458280394998
0.0270235255762923 -0.144930032674471 -0.378668531099313 -0.0378193346727893
-0.156939678930947 -0.00808030933548617 0.0464557953326073 0.230044980562168
-0.0388215813767485 0.182734451433024 0.214817966810967 -0.108123701804283
0.0417277919511704 0.1686064689131 -0.162863139392183 -0.325749217016996
-0.106496719562373 0.245647429603378 0.0130380650691556 -0.017068602991869
-0.281060249370536 0.0367283791771686 0.0671444451744932 -0.108624123521165
0.0386349036955209 -0.264892462371848 0.125301208466856 -0.0864393693985401
0.265081489898665 0.167667514237172 0.109937648367464 0.158132532290963
-0.212306856834831 0.212514827164631 -0.187273410189298 0.159050453722725
-0.289137688307424 -0.246248796773374 -0.149092174590713 -0.125904502755776
-0.0968681156629449 -0.347341453431248 -0.0276586427968491 -0.303446820460623
-0.13860044681073 -0.257274225827382 -0.0831331015423744 -0.258154702843253
-0.249879793574083 -0.0229013421711341 -0.162735419499915 -0.0163085402678623
-0.0682677955897655 0.182031196389716 0.0884831125433894 0.0493999608495617
0.187043940048919 0.0288205096591243 0.0901299160997729 -0.355971376147729
0.0767668120452254 -0.086081257876881 -0.355796018325187 -0.12807232187697
-0.0826549214412473 -0.0660982752248208 -0.0404070233020817 0.230495161220096
-0.0826549586730873 0.0678411789172935 0.234503849652863 -0.0621079707715662
-0.0222155198510425 0.102566489553244 -0.166930417811894 -0.350873417407287
-0.101245221758995 0.141386810029157 0.0540766142441837 -0.0909001465401732
-0.166507501528833 -0.0167381714974737 0.079604120703675 -0.0335507885279223
0.0643540425441708 -0.0924171121904531 0.0425728162657831 -0.127660819359359
0.0728094698774772 0.135605709274414 0.127300525280237 0.13722003029518
-0.129414566860642 0.0619847035426144 -0.219993587231089 0.115340515393549
-0.138836565383738 -0.165463487684889 -0.168104165996953 -0.214953055173838
-0.0517668345244605 -0.206496616149815 -0.0342275175963378 -0.426674264588293
-0.0956451214666921 -0.141674982664461 -0.130101671234003 -0.337437786036982
-0.155994996943297 -0.00407303293424612 -0.24672895958436 -0.0147768952240847
-0.0398592402669875 0.113679106941639 0.0274545624047256 0.166753745146629
0.11589538553249 0.0216606845600684 0.227156218390993 -0.279045363898481
0.0665133233402739 -0.0202880846481641 -0.290192846584029 -0.245658264978671
-0.0310046282212366 -0.0466234088711895 -0.143567908798179 0.203840627452491
-0.0835220788929498 0.0175961829279409 0.250399996255822 -0.000951213310491503
-0.0576432032965899 0.0581901173237365 -0.133641116286596 -0.354081823326777
0.052994911236565 9.04896065367384E-05 0.101528318719984 0.368099918885311
0.0343649338213721 -0.0143744989758088 -0.219001291972644 -0.0366877332051097
0.00509131639779076 -0.00145849513474231 0.192963648574842 -0.142373629437231
-0.0355294355418574 -0.0325866715377718 0.21380229398257 0.291813845354374
-0.0203069349980489 -0.0240233555750395 -0.284557065616148 0.202458532722933
0.038486223704624 -0.0299629083751911 0.0308696517292739 -0.199671139421592
0.0488176286915097 -0.00455809008735843 0.274552493113725 0.0367687219100598
0.0316688264352882 0.0177978224996314 0.147554265390336 0.356596207902983
0.0309738020964508 0.012517290761403 0.0831289694207838 0.46821053820834
0.0305692154922144 -0.00161628136136952 0.231366954938259 0.252747305706595
-0.00611450554442058 -0.0189760100632077 0.241892777323124 -0.124292285449697
-0.0365608916743496 -0.022815621062924 -0.18236594616194 -0.146486260561196
0.00618052198539871 0.0176640437858777 0.00533561293554801 0.179536595269708
0.0714867692003252 -0.00118332584915126 -0.0521728317333546 -0.00869377903361949
0.0598558448981275 -0.0358136518971776 -0.0532483301011923 0.134951799309595
0.0275827636498332 0.0337846261598225 0.0826513453353323 0.361322424926851
-0.00536834886861199 -0.00312667078902596 -0.183675704910738 -0.074114118437911
-0.0325740096125168 -0.0537710323332552 0.237682592747053 -0.133411379900996
0.0156878961066863 -0.0881811818916076 0.181421369846163 0.306907284929076
0.076444419631105 0.0181841671421131 -0.275368708812852 0.153399015202078
-0.0307342445121742 0.0609113917068555 0.0830165616941769 -0.170770760391052
-0.0685038776471043 -0.0437185375794489 0.267789706780987 0.069599007031669
-0.0353361812409101 -0.119678744014343 0.151526294988799 0.328589343639779
-0.0375628551662232 -0.176395303484677 0.159133275828257 0.4135277349128
-0.132692240779372 -0.0873110077274007 0.290231868935633 0.162638479556918
-0.0884792136090279 0.061026459000346 0.176078629635342 -0.199838380714819
0.0342879920827555 0.0481962060555126 -0.210217284825347 -0.0885806389584279
0.0402556311219755 -0.052669769446438 0.0381923900118435 0.15794060746471
-0.0200424540153623 0.0267393879616117 -0.0392189026048592 -0.00721528873759165
0.0384747630874127 0.0956644601235958 -0.0468178017407521 0.104838048005117
0.0158852818191963 0.0887587300256125 0.0714278892051673 0.356081083062901
-0.0325804818098682 0.0203678374147215 -0.143475416794944 -0.0874134445327058
-0.0493493700949404 -0.102711607831946 0.260204811214263 -0.149773803921165
0.0899964104203027 -0.103732219068583 0.204786971239834 0.294115776261336
0.110958501336504 0.0909082303231778 -0.216247463403981 0.173995997384455
-0.12879359174923 0.10100045285997 0.0874305043705644 -0.0850564805374394
-0.161634447442799 -0.105940490910037 0.214685811753593 0.088166902245114
-0.0944771780798453 -0.238298387988627 0.139502424736318 0.251978673499725
-0.166741755814862 -0.284044239662964 0.214118933082128 0.278042137716255
-0.313499399631616 -0.0220615597608863 0.296408828115633 -0.000832420680743054
0.00106555078570418 0.235017559609113 0.0477480387218927 -0.269502657690746
0.203361658452525 -0.0711815420681992 -0.219096914493981 -0.0295111752433636
-0.0974752570098892 -0.172426258407399 0.025842100001346 0.146214160562846
-0.115454506274462 0.149680413814548 0.0145085348921557 0.0261744973148247
0.0467136908026971 0.209990928052933 -0.0356328418302824 0.0177122327273148
0.0109890556612227 0.171816825514489 0.0468928961123211 0.32298670317491
-0.0771315998779706 0.0930657567356405 -0.123868659708969 -0.0857972643058451
-0.0911978614825204 -0.132467830914362 0.259227172202849 -0.170420149221649
0.157157150249621 -0.0914280001882054 0.251909936717947 0.29192956847568
0.0881809913584157 0.175198516227813 -0.178137034456394 0.241459438834305
-0.237203709622367 0.0823113695603167 0.0400140034123755 -0.00652595170462235
-0.219292043702474 -0.198844540461887 0.134492935515344 0.0685127879552599
-0.140842759229646 -0.32341008865227 0.101602059439246 0.138199566693552
-0.293796598994187 -0.267504365319 0.18394317194864 0.114348202419217
-0.335670019032446 0.157106435593454 0.225706125180399 -0.112795825512619
0.25459547937106 0.217463437159502 -0.031637081665407 -0.296504632754235
0.138278713169159 -0.33653195028646 -0.254134219384641 -0.01033630998587
-0.337621229095989 -0.1012398651176 0.0413990854021511 0.198941274585559
-0.113151159949523 0.311065224720072 0.128060006674716 -0.00241212269078646
0.0783760067943395 0.266494126658925 -0.0575705124868589 -0.118520970908468
-0.0168354172175957 0.261640891278426 0.0102385255513806 0.237901316941833
-0.192102804584498 0.185648184565609 -0.103814744505251 -0.11214089003252
-0.181617384297145 -0.212660699594328 0.240369932235926 -0.17515089223439
0.270060457461553 -0.0979481663953181 0.230585826345608 0.281314536433318
0.030083178376584 0.293600177186648 -0.178533747874186 0.256012233162832
-0.35700110475324 -0.00393743544219239 -0.0275939317292253 0.0193181257314648
-0.226276298025811 -0.311224920146164 0.0503255202286534 -0.00588351321953188
-0.169647173624652 -0.358683992583716 0.0448545703847259 -0.00111851380728108
-0.346447969226908 -0.166096361599995 0.0754505707286995 0.00719148222862532
-0.212458490286744 0.243711166737847 0.164916781350761 -0.122383134524613
0.296674016233426 0.0547240829025848 -0.0473995713671005 -0.366244828139491
-0.0288516202189218 -0.286946607215581 -0.331686230119204 -0.00671447449008711
-0.310182765141032 0.0453695096196949 0.0839733037947735 0.224863411804141
-0.0379153973883431 0.319046993560885 0.198723428155621 -0.0912963126562848
0.0908742586504487 0.241238766238274 -0.118701553660781 -0.249163363613021
-0.0679945968532448 0.298298279571779 -0.00766847880790638 0.10684347862621
-0.310158656837265 0.160872872213312 -0.0247538774049461 -0.147041371125761
-0.131824328017936 -0.343050051710095 0.208635224222868 -0.131550683319992
0.399930119447029 0.00725806198959714 0.152701088343548 0.226149858144491
-0.11648433785471 0.360818552783012 -0.173325474650782 0.208661753171772
-0.406491529227666 -0.161070883817215 -0.101812654282644 -0.0225832697449538
-0.17747728073014 -0.382878080465527 -0.0123863809483055 -0.143126437689852
-0.170000403584513 -0.334265308974517 -0.0243766087915853 -0.141745232717771
-0.321683901984265 -0.0679937934574169 -0.0517246246191057 -0.0211429714481893
-0.114709675309189 0.227695948623416 0.130068706493322 -0.0651853136907104
0.230538081527761 0.0215286626584788 -0.0275767029733238 -0.401722388889931
0.0243554437396131 -0.147468062442063 -0.38237867479079 -0.030879148578845
-0.159149644964434 -0.0069104301965915 0.0517827384838415 0.232121266334072
-0.0358725216401855 0.184373216526218 0.214149836906288 -0.114839986846385
0.0459584404798327 0.168589729980865 -0.172269965937024 -0.32368159686527
-0.10326803743278 0.248074908543805 0.0130426414855207 -0.0169522683640691
-0.282094954647064 0.0432499984293151 0.064264936472867 -0.111539639847102
0.0352509337643351 -0.268481771180396 0.124462056235315 -0.0902724628942558
0.270572974436891 0.164735673281556 0.113136369466031 0.157302835307671
-0.212704571114621 0.218262431742092 -0.184985768265332 0.163291049370582
-0.295355728993029 -0.246592281813666 -0.152053079873904 -0.125621696314403
-0.0995739688090077 -0.349771944295485 -0.0332625279239111 -0.307837330259185
-0.143339133395205 -0.258428734921855 -0.0882050408208443 -0.259822078835359
-0.253859592009642 -0.0187808075512712 -0.163912810315488 -0.0144838179258255
-0.0661553462052617 0.184806907438843 0.0877759714743048 0.0489037672929906
0.189941759797132 0.0244791908535485 0.083935642773222 -0.360044776986696
0.0764794635173918 -0.0903659945363872 -0.362420262976839 -0.123017684654795
-0.0857705301926522 -0.0655143790987185 -0.0366553527942797 0.233530671352807
-0.0822954311603658 0.0709916813586481 0.235556296017523 -0.0657032060381781
-0.0206003899657251 0.103725460253572 -0.175770692694798 -0.348402726356992
-0.0994501097442312 0.14446599946975 0.0536093489330393 -0.0917944447205645
-0.167348150315207 -0.013716806958869 0.0786494431865738 -0.0356433154185032
0.0639723114974727 -0.0937415321687321 0.0405302802700733 -0.129992385279327
0.0752343888355251 0.135645741483017 0.130007159954597 0.136003258161377
-0.129781646268425 0.0648595591027817 -0.219441132062755 0.118942619753839
-0.143072076204047 -0.16704766773675 -0.174165920549227 -0.216856956613955
-0.0539615608010172 -0.208595833693663 -0.0401363477711018 -0.432094355732939
-0.0971547006734275 -0.141470849181448 -0.135547171907526 -0.339843319593341
-0.156426471576432 -0.00096432612174556 -0.247603022277686 -0.0124927348718025
-0.03862485959031 0.114919217244341 0.0288081013166098 0.170299969748847
0.116646483533166 0.0190950492372846 0.223776350835893 -0.284149308019812
0.0667114179606759 -0.0234420918788467 -0.298312897883238 -0.241816432102432
-0.0322901360726153 -0.0469436289632709 -0.140845322544679 0.207706311112991
-0.0838162738022231 0.0196219829824366 0.250555854736213 -0.00670318701358371
-0.0571009342005703 0.0601894177559551 -0.142547942684731 -0.351434672781878
0.0537155421250222 -0.000983220552129137 0.110401115216977 0.368060260220284
0.0345136232756656 -0.0145577838501748 -0.221317838881859 -0.0321448240433348
0.00423387381669342 -0.00137570899612074 0.194081099321055 -0.149192156714715
-0.0373976100465265 -0.0318920469952462 0.222449771879173 0.290602561925009
-0.0206797776826046 -0.022999591333996 -0.283644739498902 0.208347711383241
0.0381397979254918 -0.0308416682439101 0.0297364511570426 -0.204518899704817
0.0496984425645895 -0.0067110118882061 0.276807110468422 0.032858679660786
0.0341223643691982 0.0173476470420798 0.15355905924734 0.361643494349884
0.0303946703652205 0.0110005034530327 0.0901565266289906 0.472717194377261
0.0310075345542389 -0.00251692302253786 0.237326078999646 0.253328834397115
-0.00625113516917357 -0.018893527037292 0.243818410045774 -0.129821428370281
-0.0380470323844211 -0.0217987775229269 -0.187406973614628 -0.144872181455713
0.00603107207682127 0.0175279171324619 0.00749237843268672 0.181362102056167
0.071545728121429 -0.00246549653664908 -0.0529353212878877 -0.00675382761821049
0.0593838057171305 -0.0371496945095346 -0.0506923361442791 0.137346580379176
0.029016458415586 0.0337036967237974 0.0906026229209488 0.36067659067531
-0.00646299274126787 -0.00207624620802049 -0.187643647456719 -0.0698635159167582
-0.0344214248605531 -0.0533986528090599 0.239533021817266 -0.141257157214051
0.0140908936768371 -0.0905450124426236 0.188482126147929 0.30762798310832
0.0765742534749089 0.01684351285071 -0.274580990790072 0.15861564192167
-0.0294450587242705 0.0613893372799477 0.0826507084754939 -0.175231960883803
-0.0704328068045218 -0.0440204717715223 0.271194957281947 0.0669239071656586
-0.0366192950115593 -0.120932913881986 0.15766624538466 0.333758838525347
-0.0401047954454087 -0.178831299879409 0.164304859898479 0.414685242075283
-0.135244686270081 -0.0870709273523207 0.296308771094906 0.161286371130284
-0.0889912122732571 0.063339454741195 0.176176010750568 -0.20549975768743
0.0343812098765016 0.048707706956954 -0.214383765735268 -0.0856400295666393
0.0394024171780843 -0.0538267954292391 0.0412391020555885 0.159669366162417
-0.019277497949872 0.0271965843966864 -0.0403495060869007 -0.00502338539246217
0.0405897967428237 0.0959562373438242 -0.0436568868462261 0.107372931862776
0.0174160192441289 0.0892304137207834 0.0794735620322895 0.35533257115718
-0.0332387588181895 0.0206391980304534 -0.14752648952242 -0.0860352506622149
-0.051894257495274 -0.102623975652691 0.261677191112087 -0.158097373952841
0.0890294826323602 -0.107423165276804 0.214252803238234 0.294354777881141
0.11429315221132 0.089547629116511 -0.214260983343587 0.178925166211522
-0.128925335021669 0.104647108299054 0.0881660745132143 -0.0894067921976385
-0.165157539988755 -0.105971689323607 0.21727294191694 0.0846166516191061
-0.0978396762857292 -0.239327943586936 0.142800749399739 0.253160587714267
-0.172404696418305 -0.286328527236422 0.218416879677536 0.276052329351599
-0.318021676167322 -0.0169427346420921 0.298290999750085 -0.00460742682106872
0.0046959935133706 0.237718625309433 0.0436590651750193 -0.273345729930034
0.203516749666382 -0.0749876691195181 -0.223052956112224 -0.0257013358148936
-0.102379603929705 -0.173009442499763 0.0287659614126622 0.148069531207569
-0.113707205170726 0.154341163841258 0.0148906111415831 0.0275202216328684
0.0512976959351989 0.210815631916286 -0.034612804904216 0.0188254854126112
0.0153865417933968 0.173307564741597 0.0558009780582164 0.324047604213417
-0.0760168933283791 0.0955344657087014 -0.126685981919908 -0.0843704125265862
-0.0936497660553342 -0.132629953452643 0.259773897613107 -0.178612646216664
0.158235040195842 -0.0967274730358414 0.259953422964701 0.289263589045383
0.0920813028813286 0.175506478068122 -0.172647333089702 0.247385458177864
-0.238403699053703 0.0877114493512797 0.0418678322788532 -0.00781311846299851
-0.223355199341849 -0.197774490625086 0.136007739953604 0.0668065078434874
-0.147253812295161 -0.326478897053056 0.103922483212774 0.13829524070159
-0.303402348549216 -0.266696450430403 0.187971075814403 0.112121175451538
-0.3381900648278 0.164902864797683 0.224604160118433 -0.117696592940143
0.261833513167899 0.214609945227575 -0.0376496209090072 -0.299522776109256
0.132442764365068 -0.344775436256248 -0.258044513246462 -0.0065620249213955
-0.344260785162707 -0.0949416166034895 0.0440998431840677 0.201389798890391
-0.107710649321255 0.316558308983083 0.128481653711616 -0.00447428767813893
0.0860253204816709 0.268018081471371 -0.0605704933972722 -0.11757409611966
-0.0114665630859329 0.265033866633927 0.0158488708076396 0.23961029640325
-0.191336168962716 0.191173671668962 -0.107916546445427 -0.111222560747653
-0.18660672969911 -0.211794554492257 0.23960657167328 -0.182583037994868
0.272241707312898 -0.105661087663691 0.238081026261455 0.280972130745307
0.0354816684058124 0.295730733108684 -0.172971214493079 0.26170890639503
-0.361137303139903 0.000785501207684053 -0.0271572637579417 0.0197459221630353
-0.2328685700983 -0.313216658311831 0.0502095360196793 -0.00607291230072944
-0.176029644489796 -0.361106884902438 0.0440894144108803 -0.00239707416966714
-0.352923159790766 -0.163117356345974 0.0762223962733912 0.00539251044698419
-0.21313655689584 0.251144272615701 0.161947028197563 -0.12671124990087
0.301930333874805 0.0502576856855405 -0.0552185203508457 -0.36913869546672
-0.0350517535308388 -0.290746854044307 -0.336259498155524 0.00130481575182312
-0.313673058252584 0.0506275340901403 0.0882006615726338 0.226321113618689
-0.0296550797873642 0.32299463512668 0.198670944588929 -0.095297792512514
0.0966600511452326 0.242057304981383 -0.12513177585206 -0.248043148759539
-0.0611339278943825 0.303212990741661 -0.00547923890419293 0.108374108867454
-0.310444640308708 0.168139466870002 -0.0285249572988625 -0.148157862625766
-0.140719497096148 -0.344945876195409 0.207924068849117 -0.138543405295539
0.406079764303143 -0.000279049820867662 0.158059764710924 0.225935280711429
-0.112604377112535 0.366874355179844 -0.169726203694547 0.215015655998518
-0.414929760079767 -0.157350907713156 -0.103569267257264 -0.0222758558026675
-0.183781164178932 -0.385717383608776 -0.0162495551016819 -0.143938281489816
-0.176225426332309 -0.337054089960143 -0.0274285023550125 -0.142962242537014
-0.325755177521207 -0.0634781929194295 -0.0518196543764261 -0.0213238162625771
-0.113377829007817 0.232799623785668 0.128830535402846 -0.0681968929865988
0.233043299670587 0.0171183466099871 -0.0357661023777624 -0.406605039608576
0.0233685174089939 -0.150616623468978 -0.388753831417503 -0.0222029977109748
-0.160403287094036 -0.00377597323372663 0.0554582210044108 0.234613788416347
-0.0322328508307176 0.18675152778631 0.213876671346011 -0.119001261670934
0.0504758063992785 0.169194755366889 -0.181216006632289 -0.320984580296461
-0.09904952080902 0.253472243416571 0.0137924017452111 -0.0176234906681681
-0.2851260907455 0.0496506836234855 0.0627212296645666 -0.113997815143086
0.0302056318663273 -0.272581231896355 0.123559349468805 -0.0939490374569855
0.276430258206999 0.161567366188523 0.116179241850207 0.157749211041356
-0.211075454499146 0.225033025129184 -0.183028537109346 0.168069574207922
-0.30375903229294 -0.244543519355605 -0.156627007789211 -0.126043848813008
-0.105203576309863 -0.354857038299727 -0.038772694370936 -0.310241452603785
-0.147858658415093 -0.259255348999166 -0.092394285143671 -0.261288218658439
-0.254865655549231 -0.01561787473543 -0.164533451230366 -0.0122899676071409
-0.0640587634497701 0.188960453577051 0.0880561013411644 0.0503233487125522
0.192954384590036 0.0202328114821031 0.0787749258370172 -0.364453779768658
0.0757262106311288 -0.0947876536014224 -0.369155283023327 -0.116193780105418
-0.0879908902998567 -0.0657944384607346 -0.034033896578523 0.237762553301055
-0.081038538290769 0.072656341582173 0.235999809806995 -0.0703305299976034
-0.0192226798126521 0.105240225412022 -0.184895233596792 -0.347282923638499
-0.0975051553335387 0.14927590600606 0.0533254337788472 -0.0946171308057008
-0.168511844309128 -0.0105475956660651 0.0786273705270407 -0.0378594230567152
0.0626047445703833 -0.0959697445217661 0.0384414909828219 -0.133366654527162
0.0779724925981959 0.135736502394556 0.133673048317417 0.136138204079481
-0.130052253016539 0.0673053716044793 -0.219205573306409 0.123027491680817
-0.146384576709312 -0.167415133935273 -0.179176473851723 -0.217672991086624
-0.0565849660412812 -0.211048279773995 -0.0469531801412212 -0.436466055881939
-0.100722733103062 -0.140644707304316 -0.14134655018678 -0.341835799302053
-0.157956293059666 0.00243051031161937 -0.247886952232835 -0.00927106510172413
-0.037226160448711 0.116084625953983 0.0306018036062662 0.174201323055857
0.117852928414271 0.0163021728816202 0.221171324572575 -0.291369627147517
0.0667858927425367 -0.0257681838570141 -0.305650237416311 -0.239247692827427
-0.0355563830390068 -0.0469831402759844 -0.139221819572288 0.21308838207247
-0.084748930490117 0.0220480785771877 0.254026471722145 -0.0125851980846958
-0.0565945839827157 0.06173607783413 -0.149902947479384 -0.3495056946885
0.0549411385933367 -0.0031334850552755 0.120409001430002 0.368644318614688
0.0347327042331954 -0.0146336684450767 -0.225978308146496 -0.0262075124242254
0.00470531190548896 -0.00109969951622234 0.193849497893341 -0.156592113560667
-0.0393743031589214 -0.0308583406996536 0.232044463098132 0.29145339881479
-0.0216475315225238 -0.0239526044877969 -0.281705022972248 0.216876399391551
0.0377866058503532 -0.0322845343218098 0.0268873248392354 -0.210511586437921
0.0481100231280198 -0.00934019667910365 0.279574641246585 0.028244439778851
0.0353097150095504 0.0156502286271377 0.162596984781275 0.365352692614415
0.0306504539595009 0.0088114663892389 0.0974835032286244 0.479013594338184
0.0317775478757899 -0.00369340185491612 0.245709010270244 0.253753320686378
-0.00681771947429302 -0.0186303991570975 0.245649473664251 -0.137610021049202
-0.0385563850743463 -0.0205539603477088 -0.194292144384487 -0.143109970134999
0.00646978015224465 0.0182152324640613 0.0112092053572503 0.184862954704096
0.0724257904611229 -0.0044312379278828 -0.0536635101583269 -0.00409115883560414
0.0580306889450873 -0.0385884903749834 -0.0478948772203349 0.140747386803225
0.0302699758703835 0.0337954541133473 0.102220255393434 0.362829715324029
-0.00657424386572685 -0.00254607662904091 -0.191577531822883 -0.0660966136749751
-0.0364618312444038 -0.0523903541591648 0.240748719223652 -0.14900329993568
0.0120793157384433 -0.0922547032336969 0.199495651167314 0.308597243788217
0.0797959717607574 0.015108060006211 -0.272897661107609 0.165823654706851
-0.0299531317262986 0.0636722653922436 0.0829587356104299 -0.182499462470552
-0.073082515987074 -0.0437014695591688 0.274981847952625 0.0620299969678072
-0.0392872866689804 -0.123696125138436 0.164890925722261 0.336098979498967
-0.0434326902826731 -0.183138375906182 0.171743227298767 0.417805096952676
-0.138811990628663 -0.0845340164111665 0.303258304540906 0.159417180631898
-0.0880623264899536 0.0669956345388329 0.174549431619202 -0.212104005014043
0.0356431250600057 0.0489159435410522 -0.219581851612401 -0.0811960817586143
0.0388217582197717 -0.0549393519128826 0.0430141835289315 0.160652344731759
-0.0189413907781652 0.0276656900786675 -0.0413961391630698 -0.00299254246315346
0.0430092567003519 0.0966579416578007 -0.0416293163962105 0.110275152333122
0.0206484275494892 0.0912589329097923 0.0907860563311941 0.357906881498685
-0.0335796846309645 0.0214889398389962 -0.152111162129148 -0.082771377463981
-0.0552899674973149 -0.10326417964361 0.261374084436516 -0.167734069266836
0.0883637464015506 -0.111321868662421 0.22357938636053 0.292302497852445
0.118090537082447 0.0888539907590304 -0.211247030511909 0.184287084851849
-0.128720413109038 0.109382486251761 0.0896619463632082 -0.0939283319586013
-0.169501744960917 -0.104358719111994 0.219784596595567 0.0812229976061142
-0.103163306356837 -0.242500382091641 0.148234935042197 0.255919374024032
-0.179773501660194 -0.287533223555508 0.225863990632849 0.275306933574716
-0.323092666803401 -0.0119094014798673 0.30255442154789 -0.00951180327315337
0.0107686645468849 0.242022350195647 0.0380874413728317 -0.277969555494157
0.205595755847197 -0.0826001528256297 -0.227242357597144 -0.0192973028383323
-0.108224061677907 -0.173285192690405 0.0318383946245311 0.149442503656317
-0.111534628720304 0.157921303681859 0.0148611563628762 0.0288886177746183
0.0579366671879274 0.213143656378345 -0.0339828940405623 0.0199154962510406
0.0197847742609346 0.17451850409439 0.0649498753442831 0.327119922797933
-0.0756207153298163 0.0982351574222243 -0.130678076318235 -0.0831050453224807
-0.097715819953994 -0.132518971989288 0.259241620971111 -0.188021163348062
0.158720377398144 -0.101413227689692 0.269957298086897 0.287385396010414
0.0977353028244015 0.175685484965462 -0.167048318302152 0.254282556592458
-0.238799581471557 0.0941835109351023 0.0437533102016551 -0.0100099726653495
-0.230198323928475 -0.198598638483139 0.137638349697856 0.0647708302717343
-0.155133349402312 -0.32882109608508 0.106044487928148 0.13796349746046
-0.312601274804703 -0.266229746503028 0.190579877826509 0.107721758272698
-0.340889233311223 0.17548316645354 0.223645845642392 -0.124342853857122
0.270665475680688 0.213237837640485 -0.0454683470270274 -0.304398536293999
0.127208661758937 -0.352378029279111 -0.263806821929068 0.0016234227876339
-0.351263698876599 -0.0882732894671362 0.049424523324609 0.203983480510125
-0.10177805002867 0.323601774378454 0.130118853701503 -0.00540555181858696
0.0946440424245598 0.269357142874001 -0.0643274487050873 -0.11652513183099
-0.00430401169699146 0.268837963343957 0.0225579078402747 0.242370687147136
-0.18917166023787 0.199061684885455 -0.11167958761275 -0.110314516000009
-0.194316538618814 -0.211625154191345 0.238540524744241 -0.191674351441547
0.274755247616445 -0.11248657880185 0.248791225018077 0.279836564568918
0.0437304855179906 0.299775790372528 -0.166769987373995 0.269548125840874
-0.366292979068249 0.00921210635854145 -0.026018418896695 0.0205401180004607
-0.241685599738425 -0.314319498926898 0.049016342160159 -0.00731047081450494
-0.185917867682418 -0.364976056674459 0.043203011785198 -0.0034614912726081
-0.361644359015316 -0.160207856107798 0.0767772976579402 0.00258372754495361
-0.212316398553148 0.259874304536997 0.160889693497112 -0.130982317258603
0.306473401049123 0.0434397993037159 -0.0649886671935647 -0.373250550046579
-0.0423364125419193 -0.294691727768124 -0.342448421853275 0.0104079700622102
-0.316303721677404 0.0588363599473745 0.0931072903966437 0.229039037288251
-0.0231200546076517 0.327465133481534 0.198297416891862 -0.100071796864161
0.105155310869634 0.242863322318684 -0.132986617048987 -0.246323935421936
-0.0544933294954986 0.309924889865697 -0.00319960821129217 0.109158708801516
-0.310561545522332 0.17914451432803 -0.0330048968999495 -0.150307048755465
-0.15027295001392 -0.348286414917723 0.207895345743414 -0.145039373970121
0.412537971029057 -0.0106346737043776 0.165487552080656 0.22629022799532
-0.106498710984871 0.375169985123284 -0.165766494853188 0.221079600446392
-0.424439745866126 -0.153938283807171 -0.104585692755295 -0.0201667359972782
-0.190799406938828 -0.388549014720406 -0.0192784025796189 -0.146964210410127
-0.185183743708283 -0.339743351829026 -0.0311429813053466 -0.144389022824187
-0.331454880554701 -0.0582647231835118 -0.0523218665944117 -0.0214819112413464
-0.109969485937964 0.239467189577188 0.128238568960321 -0.0707861012148009
0.235968233031801 0.0115399931840403 -0.0461157966362427 -0.410606872691903
0.0198041996765592 -0.155340421816388 -0.39659215860016 -0.0127125870300975
-0.164003402312012 -3.23277147361231E-05 0.0599225059875542 0.236446489330828
-0.0276979270403752 0.189967594258 0.214332815239755 -0.123926393373492
0.055427800572292 0.170162325195481 -0.191179963139577 -0.319018989623789
-0.0944378729634782 0.260571795743456 0.0142404211184681 -0.0180575746779584
-0.287486067762621 0.0574131670822803 0.0608015515577733 -0.117292954726264
0.0245062117768762 -0.276547705792148 0.123093083978812 -0.0988359206725043
0.284420584106692 0.156215053803645 0.121477630466711 0.156642167489398
-0.208368576807525 0.232038980119918 -0.181313659387145 0.172797421403633
-0.313616982402509 -0.245063724737667 -0.161228764612426 -0.125991984512675
-0.112071059258213 -0.358331228260363 -0.0463565842383893 -0.315817887447015
-0.155368244394455 -0.259927257295662 -0.0980492946767598 -0.262342612249177
-0.259707253425901 -0.0092309114522034 -0.166008934885201 -0.0101713714360834
-0.0608293461971798 0.192500344175323 0.0888508041975289 0.0502625414736918
0.19554393082712 0.0144812121108495 0.070605575314384 -0.370645204133747
0.074680383195434 -0.0997718215495318 -0.377558998983385 -0.109256138464839
-0.0920137427811693 -0.0648750187193815 -0.0297804168440415 0.241951807892109
-0.081225213258501 0.0755485474128593 0.238527113337523 -0.0773445057225407
-0.0164624857550824 0.107213353478626 -0.193902617542441 -0.344671521816144
-0.0957565938311938 0.153898186280006 0.0519458424051398 -0.0968689653304531
-0.171579762047053 -0.00640330501427504 0.0789331746454798 -0.0394346254888324
0.0620106306616939 -0.0994368824580031 0.0351883189542895 -0.137647301024598
0.0835231291580309 0.13497578720837 0.136925740440029 0.134939063699167
-0.129808042212174 0.0705403943143336 -0.220230129138964 0.128650842413695
-0.153344329800692 -0.168277272590196 -0.186547824696456 -0.217511939520095
-0.0601241382490179 -0.213738414417306 -0.0572302586007985 -0.441733120641044
-0.104279676852993 -0.141161154552984 -0.148598038967105 -0.34424907482095
-0.160168913940855 0.0056335949249715 -0.249635084247795 -0.00596013637002893
-0.0351374670710279 0.117732354387367 0.0337027048336979 0.178395596104923
0.119634161233093 0.0119446690339669 0.216784215273449 -0.299264597472248
0.0673591209468012 -0.0296197130321147 -0.315463834721342 -0.234920685431572
-0.0376387388740539 -0.0472328330886928 -0.13761815590824 0.220468074810279
-0.0856381652486231 0.0242403985407843 0.258042481224851 -0.0192089448227969
-0.0573027091594007 0.0646984813169542 -0.158887259929127 -0.349481068296002
0.0567561861342077 -0.00912396281232491 0.158829328420284 0.359576798633357
0.0325322577217748 -0.0173792343809381 -0.229910174066167 -0.00516798659186062
0.00460778410748541 -0.000861988051394602 0.18268295755549 -0.178658620267884
-0.0443388302957056 -0.0284624719076117 0.264899552660294 0.272285263934836
-0.0235352180766445 -0.0233625100331266 -0.266091725564124 0.245151359478024
0.0350169527178271 -0.0373140821660121 0.0112847295080403 -0.219267206887586
0.0469396283098639 -0.0134469368679497 0.285033162820233 0.00435345538149323
0.0376942698901131 0.0115649091340683 0.198360108778149 0.356535188279683
0.0329153654838035 0.00601783812967557 0.138300198059845 0.476715318921349
0.0320118724333847 -0.00766113614523856 0.272434969329716 0.237839328716104
-0.0084138302565652 -0.0192556527060288 0.238560541390199 -0.162744762639402
-0.0421724266258785 -0.0156542404181788 -0.208643626161653 -0.126903572481025
0.00947408628430764 0.0178818567462351 0.0272403829376579 0.184521169442517
0.0728424023111335 -0.0107492199813462 -0.0550526505545779 0.00229044393889222
0.0550080140229127 -0.0429140229085512 -0.03568118325005 0.146137727121744
0.0353706310747214 0.0300344076626932 0.137141564506255 0.355654506141198
-0.00830036308128957 -0.000931564552984272 -0.200398538790074 -0.0478081275567745
-0.0424089680984566 -0.049726407570971 0.23020333934925 -0.175885180459147
0.002168153194034 -0.0961231085852854 0.231042685182948 0.292403744862785
0.0822945673709709 0.00679234451430683 -0.262109272755255 0.193101923834876
-0.0233836394280691 0.0674021615411095 0.0679896330018151 -0.19418310266297
-0.0796336405137006 -0.0376227786893342 0.283148644000481 0.0369685388543188
-0.0497099412065782 -0.122949889294415 0.198317228159822 0.328603162993739
-0.0590000919398433 -0.181421130295136 0.206636002629689 0.409406898754634
-0.148875077651858 -0.0754277348318002 0.322491582575689 0.137824588583095
-0.0840975584287585 0.075490122186321 0.159630974580965 -0.232346826494632
0.03912062640509 0.0482903229574606 -0.230760545308158 -0.0629099373351707
0.0353664016956942 -0.0599881900524501 0.0577906160754454 0.158022487962942
-0.0163177186624358 0.0296801478955482 -0.0417693178402196 0.00284749478378005
0.0537616183764987 0.095400686013166 -0.0327063759925167 0.114055493622439
0.0309954529140103 0.0890126516389237 0.127270645419733 0.349904061388113
-0.0325345184709136 0.0246244618660072 -0.162550969546317 -0.0697454006943575
-0.0653968393891941 -0.0990519357852151 0.249848695407484 -0.195966037835147
0.0771767603395981 -0.122928407611807 0.253184500848512 0.277071923938234
0.128965121699301 0.078847214596783 -0.197498281904713 0.206180928262289
-0.119824379665477 0.122181042799364 0.0839227902046807 -0.104644483324597
-0.182078749305839 -0.0922568356521313 0.230865645758748 0.0626065695636858
-0.125304203073989 -0.238125214063373 0.172573646153772 0.246452851191108
-0.209219140901825 -0.276243808747099 0.251226502916907 0.258266468897544
-0.33030137095666 0.0165745011544727 0.308207820937476 -0.0335942213111986
0.0295632712435521 0.244716882497099 0.0145749986756937 -0.288109722402355
0.200703815352069 -0.10061608938331 -0.232727152855669 0.00208297627268545
-0.125073924069027 -0.165395535857532 0.0451203626341618 0.148420838873945
-0.0974796452788858 0.171337584540128 0.017611727480019 0.0286620469288739
0.0797412169413164 0.212705752431673 -0.0330066918606568 0.0229114824112466
0.0386998596598311 0.173519084285443 0.0991292768198858 0.320533074695087
-0.0669551471842745 0.1070221189134 -0.140647841350036 -0.0719295269671279
-0.111457203171374 -0.124820741853418 0.246455930318494 -0.21480911368437
0.15027512962319 -0.118890047245985 0.299951411906489 0.266394843854542
0.114526328441366 0.16838701979302 -0.144037636424718 0.27228540421754
-0.232373188190549 0.116978897219272 0.0446409337839409 -0.0147577412962508
-0.250744646869162 -0.182142515240349 0.145070374123408 0.0547858295972294
-0.184577796795752 -0.319076984264705 0.12011733809281 0.130831510040291
-0.340446903553234 -0.240425749974723 0.201921415695348 0.0926074428808158
-0.330849149325922 0.209751262309761 0.217922410842557 -0.14545256714812
0.29159579301412 0.191264376215921 -0.0761701736843803 -0.306880906350621
0.0962181635344269 -0.36754591908191 -0.267142267248644 0.0286189938589409
-0.363203011788362 -0.0566200330805929 0.0689200673429415 0.202390877688563
-0.0703386402609669 0.336830199756602 0.128623648466487 -0.0174207695721123
0.121421114183022 0.263498627412383 -0.0764225535234373 -0.111328590131685
0.0230910127323112 0.270567637685492 0.0477269655604042 0.23892433544126
-0.170812319038409 0.219301147603958 -0.123585428475755 -0.102550498233314
-0.217003730301485 -0.194723702992644 0.22499538379053 -0.217726696866328
0.266391631745806 -0.141612351368839 0.27730573456259 0.260374578114301
0.0712078302366136 0.297713346109907 -0.144650337832458 0.28944956569597
-0.369912639710185 0.0405122248906138 -0.0230788925348514 0.0228967603530755
-0.270953012413272 -0.297433325095754 0.0477800390768625 -0.0115118980884358
-0.220223698286923 -0.352678322932711 0.0433131147520383 -0.00662760147903528
-0.380592174170477 -0.129341163624625 0.0785417370797871 -0.00476467859688652
-0.19170087559917 0.282938445041185 0.150675716004507 -0.147993111893752
0.312848178380063 0.016863121042075 -0.103446785136533 -0.374804108210002
-0.0695743905835104 -0.294086265212524 -0.347331781739876 0.0440453352901001
-0.314799115590739 0.088796403883223 0.116021220478539 0.222078969356245
0.00877708468255369 0.331064336398339 0.188534538239586 -0.118892498556095
0.128083165470215 0.234486670326038 -0.157923334337833 -0.234043423987559
-0.0244023181402295 0.316036292864723 0.00870032485300607 0.107686401159496
-0.296266419463331 0.211346459937103 -0.0458934554601477 -0.149958977204056
-0.185663186636548 -0.337195370397515 0.197782627937289 -0.166434700147691
0.416151062599823 -0.0509557496846377 0.186414043929329 0.214290641501071
-0.0730974966272196 0.387558728636939 -0.146626426049595 0.239031085209189
-0.441680873894665 -0.118446058524223 -0.105998854580632 -0.0124862645496861
-0.225335925599103 -0.379300056501014 -0.0341582135907101 -0.146208635360892
-0.217098648699257 -0.327558703350497 -0.0433974815243939 -0.142667477806601
-0.34072077144366 -0.0293819624282987 -0.055127905732575 -0.0182516625407903
-0.0899583529370584 0.25340375569391 0.122483071454557 -0.0825896205425279
0.239023027058077 -0.011223078211024 -0.0877809636313532 -0.41244886762126
0.00618455872754075 -0.158542072105629 -0.403310064231976 0.0248337522790213
-0.165233024868818 0.0137851172464059 0.0841376056028312 0.233868381897553
-0.00976082337532819 0.192173540887559 0.202860387071071 -0.144365620036801
0.0694810099904531 0.165812054125321 -0.222803282909704 -0.302168547243615
-0.0694955415297401 0.271229473529254 0.0142835682991839 -0.0223421050111898
-0.284542038538254 0.0858234774122063 0.0519040692832264 -0.124921361258503
-0.00163182725087813 -0.282628954868088 0.115204762989483 -0.11071833790645
0.30256335375487 0.130272862670015 0.135468494774715 0.146845569019508
-0.190385023582339 0.252811876591172 -0.167553311140752 0.191186282220532
-0.338179757971045 -0.2218698402097 -0.174508005630634 -0.114177067932325
-0.143158299267909 -0.354718149942627 -0.0744359870426497 -0.3161200725298
-0.180418290387241 -0.250254074366452 -0.122987661818275 -0.256159574740967
-0.262282923469413 0.0138254625281406 -0.168255742410957 0.00326740925824828
-0.0440994965017883 0.201675809530284 0.0937943777768396 0.0442328587916515
0.198521978722922 -0.00459961593867462 0.0363057886940785 -0.383177646626178
0.0656335626840321 -0.107483106884051 -0.394326820650074 -0.0754710414243508
-0.0980984154880511 -0.057367149470598 -0.00648215449397902 0.247368986141187
-0.0750358196120269 0.0820759701532077 0.231565177594108 -0.100861871001541
-0.00994372789764012 0.109029094437114 -0.227650503601109 -0.327892111694827
-0.0811698987938013 0.164593045995722 0.0446678254340782 -0.105376557687104
-0.172434370448359 0.0098439381666769 0.0758557907553919 -0.0491721654549859
0.0527437718312942 -0.106199924608772 0.022737209073967 -0.141991127131854
0.0957308404039008 0.127978367296751 0.15071731900027 0.123814002385768
-0.125207275968479 0.082109730312451 -0.211572058370233 0.150350347101181
-0.169742787516965 -0.157000189384034 -0.209087461273553 -0.205714182305372
-0.0781418369749326 -0.212217712535039 -0.0977342727355349 -0.444393584303529
-0.116925189535225 -0.13341517386921 -0.182179894998113 -0.336738598719123
-0.159328599786598 0.0212185678317448 -0.252758664227888 0.014447374924361
-0.0262309727283359 0.121743107478972 0.0486852002410292 0.180201155347565
0.120082588063783 -0.000205846217816601 0.192706737459084 -0.322682262578988
0.0637650965587161 -0.0354838631097885 -0.342029764893553 -0.210423497419087
-0.0414795204230208 -0.0421398767529918 -0.118308112953784 0.234653109702271
-0.0831490157905006 0.0311217973808195 0.256554912601248 -0.0455475971469916
-0.0543937480665941 0.0700155897489555 -0.191480806650282 -0.335384741475239
0.056413906940227 -0.011661999474683 0.174599806782663 0.357374265154679
0.0310433253521166 -0.019251642168843 -0.231514717969529 0.00563945677479784
0.00502220524149464 -0.00115607517379045 0.1790432848181 -0.186884520178805
-0.0461611230942801 -0.026556065372817 0.27669742019306 0.263394968020571
-0.0250384380473417 -0.0230571193852751 -0.259347200771512 0.255916366558318
0.0336904364888047 -0.0381702868847784 0.00331501357852777 -0.224104914958635
0.0462377512896606 -0.0154148525478655 0.285963586717146 -0.00412986003801445
0.0388937057190532 0.00900910711965912 0.212350583008951 0.355589108847366
0.0325022225730897 0.00412347194301092 0.154872128432865 0.478878738583507
0.0304572970678421 -0.00881596655735549 0.283717786090202 0.231863213203751
-0.00917613897932076 -0.0185346189440791 0.235090375244747 -0.173813715288747
-0.0429514435722051 -0.0136411269434066 -0.21540647143242 -0.120722373924605
0.0102135112347409 0.0175388022203626 0.0327587003043623 0.185441952135079
0.0737132742206316 -0.0137459632619813 -0.0553509632056746 0.00612936116678665
0.0538951978865167 -0.0450376392337392 -0.0297351871272608 0.149920743341746
0.0370548760258016 0.029415300312821 0.154549095842623 0.352373960484821
-0.0090304567671526 -0.000496932442974075 -0.203482963336046 -0.0396277493716937
-0.0437386265219208 -0.0482703908794981 0.226898959168072 -0.187076993233063
-0.00202547564927994 -0.0976786194877037 0.244419755887077 0.287689045431755
0.0840141503056689 0.00276839388672409 -0.256457432935918 0.202013192447812
-0.0218198384345668 0.069153939064838 0.0634259323836336 -0.201401552445059
-0.0820675792007881 -0.0360632512249639 0.287033536932983 0.0276259398861704
-0.0535911843733988 -0.123986960992265 0.209320329740006 0.325909928022337
-0.0660101329682072 -0.183098541022949 0.221750630650206 0.407499362660888
-0.152613522582371 -0.0717892581959328 0.330760835792641 0.13008862522574
-0.0829256726970015 0.0795987096668869 0.154313638750531 -0.241388746273679
0.0413826760612198 0.0481480939771418 -0.235242139412835 -0.0555886033860884
0.033175447414779 -0.0623417658637528 0.0642695955646326 0.158196270364814
-0.0155827803628487 0.0305268395266879 -0.0423063343330547 0.00570438415169996
0.0578527496968696 0.0949587577026988 -0.0278935456521562 0.116925348930128
0.0349075180027175 0.0885953998615916 0.14233206477712 0.34749849508532
-0.0325528195349957 0.0267250253451995 -0.167106105087727 -0.0638103225328935
-0.0702121571758582 -0.0973560565582171 0.244705945690076 -0.210113816104423
0.0732688254210993 -0.127365218501362 0.265626476467264 0.268716592194732
0.132874446131992 0.0737745886424037 -0.190844485461448 0.213662134771036
-0.116581474311456 0.129113505470413 0.0823140356812567 -0.110603776142557
-0.187116429692261 -0.0873932886678153 0.233130463537424 0.0551463419734023
-0.133835344837225 -0.236662096564215 0.181602444476525 0.24487713572162
-0.219356771621001 -0.272993560455766 0.260389723058796 0.251765931638397
-0.332112812536375 0.0288969462426464 0.308608427720628 -0.0423141278103915
0.0390969778014697 0.246536206843907 0.0045982790371268 -0.291779165563161
0.198613367869913 -0.108524466759739 -0.23378908472502 0.0132211942658608
-0.131751647443104 -0.162272561798284 0.0499381749532737 0.149187733400389
-0.0922966638050505 0.176430485172967 0.0188476696901234 0.030439806144512
0.0895598792328842 0.21130983766792 -0.0330088517074325 0.0248476389680667
0.0451609778107125 0.17438638328626 0.112069806472034 0.317050245099604
-0.0628334832868518 0.110287226724434 -0.145052513595107 -0.0669761586022921
-0.117250631413995 -0.122606417675606 0.240895528346799 -0.228784347351564
0.146882647280916 -0.1270239092632 0.311993874334477 0.255270246080182
0.123022713757408 0.164671197914967 -0.135681648346648 0.279067728391099
-0.229920505871036 0.126223768056502 0.045315421773087 -0.0177104032314259
-0.258780623412631 -0.176383017000882 0.146984303541066 0.0499386386338079
-0.197219730374592 -0.316934442620426 0.123968601629473 0.127954838805764
-0.351621271939697 -0.232083260554417 0.205503238905695 0.0846779033395419
-0.327688512197693 0.222932702919174 0.213616625432942 -0.153836400916401
0.300847743168653 0.181910771579692 -0.0886214518114881 -0.306873188083307
0.0836445684472084 -0.375016766558644 -0.269920700431833 0.0400596257170501
-0.370244515536952 -0.0428448711494587 0.0758215968109995 0.202789196809751
-0.0590328997359604 0.342412163703075 0.128932589338232 -0.0220154700134426
0.135461839433557 0.262875572373952 -0.0810802974815776 -0.109064610146363
0.0351515832953129 0.272833645902156 0.0572245483896737 0.2373744249485
-0.163658697179654 0.227930486490619 -0.129667218032421 -0.0977525975038576
-0.226370627495569 -0.187470875781618 0.217902179063928 -0.229715379575839
0.263893073896586 -0.155012665803576 0.289729380320404 0.252535341010434
0.082512672538199 0.297116282529133 -0.133678046337445 0.296306804646261
-0.370360186726567 0.0539893228319703 -0.0217403201321512 0.0231810465730303
-0.28350102541172 -0.291825155219017 0.0465094274105486 -0.0130333056121249
-0.234388711730855 -0.348670620165359 0.0431803174272709 -0.00828718182113953
-0.388800432429704 -0.117861709249634 0.077892349354669 -0.00902625331574815
-0.183800665154509 0.293985973760286 0.146272826197093 -0.154294045746105
0.315618321362718 0.00327376550971185 -0.119869365287895 -0.3737770719414
-0.0809436897442019 -0.294085566376236 -0.349138680394759 0.0601170886553841
-0.313965890167902 0.102923767880982 0.12494651336305 0.22152947709532
0.0226502452121245 0.334227084551905 0.186423786279933 -0.126970111743961
0.139123624708901 0.231677559194174 -0.168653023951684 -0.228622188974977
-0.0123624870768869 0.320784611303077 0.0132392625236249 0.108587334051987
-0.2897849598687 0.222810245521278 -0.0525691780240323 -0.149765195783714
-0.200977183810966 -0.334487163768383 0.193438407373129 -0.175629852560815
0.419214095904646 -0.0680787389338019 0.196617821141344 0.209815527413895
-0.0606388551601255 0.394528790510919 -0.139203992922792 0.24662562489261
-0.452464783002745 -0.104954361074594 -0.106483104172431 -0.00931492113727187
-0.241852868338828 -0.376571889933752 -0.0403891405572034 -0.146200652159807
-0.230237397193094 -0.323961719553671 -0.049158404989588 -0.142484892837459
-0.343893256513951 -0.0168936372436548 -0.0562174329300994 -0.0174092595925054
-0.0818166265468259 0.259196772141611 0.119288438649814 -0.0874906458668398
0.240395637665103 -0.0222033308036553 -0.105128152929175 -0.411919078421607
-0.000569236456756871 -0.160860067785051 -0.406510836787608 0.0426104665952214
-0.166520920338569 0.0205875559271107 0.0928049151194044 0.234221222941516
-0.00252538928223367 0.194622441734028 0.199493640306273 -0.154609769899116
0.0773195946341851 0.164613689890978 -0.235845761257599 -0.294949999419298
-0.0589405088449098 0.276670033701592 0.0132173604411115 -0.0241893404464517
-0.283564855113057 0.0973522382471882 0.0482971367592076 -0.128323883549526
-0.0126317087584971 -0.286000087468359 0.112452540387736 -0.116293451403675
0.310352217032291 0.120075435207198 0.140758406335269 0.143797180230174
-0.18240251593788 0.261841125413048 -0.16145719237851 0.197838353271027
-0.350175875986727 -0.21375755000174 -0.180476565560045 -0.109976415699817
-0.156336146798165 -0.355732804908884 -0.0882012730613926 -0.315141785895853
-0.190802985855245 -0.246310363102124 -0.133341429875069 -0.256179782526358
-0.263350947663925 0.0251801453779698 -0.168729744374905 0.0086444729101413
-0.0369810158509227 0.20472586177166 0.0945533233910227 0.0432853718781035
0.199543085194859 -0.0138901886910352 0.0217691451798108 -0.387116350968145
0.0618534205688638 -0.112571761778442 -0.400859855171116 -0.0585335918285422
-0.10287327947326 -0.0536868897305887 0.00174103113140714 0.251237889198329
-0.0730430822377575 0.0868877955476139 0.231050173489243 -0.111035359790907
-0.00559864197888077 0.11124521028269 -0.241717088430705 -0.319838598317509
-0.0753461014499446 0.169835773914408 0.0414523282401497 -0.109644185145521
-0.173773882289045 0.0168496395106496 0.0756610588682364 -0.0522373481972144
0.0495687863798675 -0.109292473329922 0.0172894849091571 -0.144111370686658
0.100035257671249 0.12530920527439 0.155906993013524 0.121035198567026
-0.122360621967807 0.0872834299459863 -0.209718723150048 0.156782838274964
-0.177726128425487 -0.153707651543036 -0.218319140805262 -0.201592288147886
-0.0856601255046616 -0.211396089861904 -0.113872028954129 -0.443873117667595
-0.122589259704119 -0.131596161641176 -0.19503791930848 -0.334234643705483
-0.159726912020639 0.027088948853917 -0.253371805578132 0.0215029090472
-0.0224558015758683 0.123800247539319 0.0548114659831032 0.184018902568837
0.120000558401683 -0.00558996805385058 0.182216402587459 -0.331892513201992
0.0628361592256056 -0.0397170593093751 -0.354944144327774 -0.198782596001297
-0.0442139057711687 -0.0399597455261872 -0.112202102070901 0.241503161608431
-0.0829167646604467 0.0350878897092894 0.25576517705201 -0.055814835185847
-0.0520355590862416 0.0726562713837009 -0.206576928884621 -0.330679501494595
0.0562015364970265 -0.0133766366680079 0.191348563235479 0.3477765161869
0.0297115979790157 -0.0199354597853337 -0.230487722073214 0.0161655113802662
0.00590839653050779 -0.00154361223185613 0.17265589742925 -0.196590661303517
-0.0484047110964678 -0.0239126339086201 0.286429143332042 0.252564880460154
-0.0254861277741916 -0.0222689948710881 -0.250326887093228 0.265429852650393
0.0320662746759074 -0.0392970052475232 -0.0047393479385835 -0.226845191172877
0.0446582813797491 -0.0183519872977924 0.285022748184554 -0.0137894838468324
0.0395773508562048 0.00620472091757127 0.225130389633834 0.350657533230589
0.032080111145912 0.00101061161281775 0.169853717019302 0.474868889779585
0.0304729922944107 -0.0103039791771591 0.292796933239694 0.223121910469953
-0.00917508838827684 -0.0181980045582183 0.228919581990555 -0.183344964184884
-0.0437041393029272 -0.010953843327214 -0.220278170220476 -0.112415423289654
0.0110322302490576 0.0176178750621551 0.0390576272611761 0.185560539218264
0.0733670612529775 -0.0170672611497807 -0.0549200673791548 0.00955189259404835
0.0528565388463418 -0.0471803971963785 -0.0235324264635846 0.1525390112668
0.0380963080512402 0.0280419960653399 0.16947421867759 0.344510861375605
-0.00862133058541488 -1.34005347224263E-05 -0.205437070169807 -0.0304320562824105
-0.0454925763356244 -0.0473880500167715 0.220034553042234 -0.198071958726141
-0.00680418717833707 -0.0982541933819325 0.255905900821581 0.276258999284748
0.0840311648997504 -0.000398363341788676 -0.248887183707646 0.211535250118883
-0.0191252997350715 0.0697819333033869 0.057611687054888 -0.206005900215778
-0.0834121780175055 -0.033937202263836 0.285665086501982 0.0177679929091104
-0.0578594583606555 -0.122767323584319 0.222259743396722 0.320325062156166
-0.0721945102751931 -0.183722495688477 0.23379387844585 0.40153949457143
-0.155268205690898 -0.0655160002906958 0.336909756167066 0.118867909319925
-0.079898480455909 0.082404891006016 0.144992836812364 -0.247775645474521
0.0431786158914308 0.046896151189829 -0.237804667507009 -0.0454269670072705
0.0309228358063627 -0.0630077056063341 0.0697484969079353 0.156443146496214
-0.0137893885459156 0.0304252653221305 -0.0422631972135746 0.00863436089704099
0.062167390643228 0.093069645891706 -0.0231674983231352 0.118823019135771
0.0386344703893838 0.0871985178352404 0.157009189916459 0.33896190140409
-0.0318794424129112 0.0273007189809591 -0.170103404730712 -0.0564063833857884
-0.0737827362343113 -0.0951592770457288 0.237239538779948 -0.221125590328457
0.0687609898544529 -0.132120715137596 0.275412438461245 0.25744282268131
0.136258012202518 0.0684835778371044 -0.18188003580817 0.217910895791731
-0.11254598416666 0.133847998340337 0.0785026912834316 -0.115365613139782
-0.19159265604482 -0.0819895542773045 0.234940758796873 0.0469063107492094
-0.141444172531407 -0.234035518138028 0.188849329847733 0.240165277581365
-0.227970918628378 -0.266587267459296 0.267660123945737 0.240757987032873
-0.331462690013816 0.040772091327996 0.308113917298512 -0.0523444987696796
0.0465752643071822 0.245223208785016 -0.00787589729467232 -0.292494648518809
0.193889437317888 -0.115089624638497 -0.233885078320337 0.0234471928321582
-0.139797451794029 -0.157600855181534 0.0558298782872565 0.147936395341818
-0.0840483101538291 0.180729414679969 0.0198512708961583 0.0312126925815259
0.099720707804834 0.208754777773628 -0.0314606828608619 0.0271743530787964
0.0531020464161558 0.172333503234564 0.127243744572642 0.31210861766964
-0.0591113233152001 0.112314677388685 -0.148998135821155 -0.0616257223704937
-0.12221513068608 -0.117443532790585 0.230323083611016 -0.240629252739686
0.142594875870992 -0.132972745735871 0.321012971411425 0.242800713624998
0.128321536988883 0.160800446485315 -0.122684447351062 0.281801495488461
-0.225599103301178 0.135618995309792 0.0458936089435753 -0.0205344306780667
-0.264552615838906 -0.167799485949276 0.146919590451355 0.0453178667363506
-0.208102063790888 -0.312111812733629 0.127755168530559 0.124666712634716
-0.359631078748623 -0.219717300720538 0.207894805418989 0.075070530851056
-0.320481937060171 0.2353296190869 0.207142297980556 -0.160841187714215
0.306965248713091 0.171637105367759 -0.101800009183143 -0.304569184034439
0.0674727144098755 -0.379340647308743 -0.268524303223766 0.0527094141563847
-0.372792973580931 -0.0268943498998066 0.0844784018853468 0.200910278825029
-0.0437752734831333 0.346677322056185 0.128681781962302 -0.0257798196956176
0.146681580885172 0.258466840075036 -0.0860873465066055 -0.10450571671639
0.0473750017721674 0.270424473461436 0.0682510740941917 0.234464147851264
-0.153797139493026 0.234994196167859 -0.133303576093297 -0.0925975011878831
-0.234269533530697 -0.178251301647648 0.208430218254803 -0.240159748978092
0.259016478590665 -0.166216424047706 0.300509146736221 0.240870848021076
0.0943340842623144 0.294432920875981 -0.120350101495947 0.301828114310006
-0.369326142059252 0.0688171444745019 -0.0199451964165833 0.0231733474011116
-0.293454074593649 -0.283143097691173 0.0447701080739995 -0.0140391518133027
-0.246633856839348 -0.340778845420773 0.0421752633840561 -0.00990408399533632
-0.393732546509776 -0.103925536522929 0.0770919856206227 -0.0129839417045437
-0.173618619612466 0.301954826144246 0.138866463160956 -0.160171661175391
0.314827347202433 -0.00830016520131109 -0.13599690545255 -0.369049743491304
-0.0948306945695908 -0.291075883992523 -0.347616978889927 0.075341544411641
-0.311125271068225 0.115222124923613 0.133893784041688 0.217591109174639
0.0365922084625223 0.334040345511959 0.180456756070032 -0.133906305755878
0.150845454396903 0.226079772637539 -0.178934104956135 -0.221329551808877
0.00370620796324201 0.322099914437107 0.0183813227165508 0.106534151677749
-0.280786494610481 0.235886226136575 -0.0582749266243129 -0.147438989089795
-0.215292021730599 -0.325660799971645 0.18628940167886 -0.184170736386827
0.416644200131807 -0.085628106669661 0.204711051910204 0.201597602657831
-0.0462145323188818 0.396855845120418 -0.127570397089452 0.250686112099088
-0.457162091269666 -0.0896714423966924 -0.107253807008045 -0.00703398672792861
-0.253650936064765 -0.369945997110765 -0.0464582885526215 -0.145106254199115
-0.241224377137139 -0.316516725158683 -0.0543314638705041 -0.140650158738574
-0.345208271224948 -0.00635533107680788 -0.057379265529876 -0.0165499343219651
-0.0733960032875978 0.263174774339438 0.114922550118791 -0.0906710780482714
0.239332315480886 -0.0295785608962338 -0.122644926627385 -0.407917045587705
-0.00741571237503622 -0.161825569877759 -0.405130484003574 0.0608812717186544
-0.166231625578299 0.0276094498360159 0.101786616286072 0.232121451561597
0.00574834533341676 0.194809387472804 0.192394803665555 -0.162374445394824
0.0854277720370453 0.162095185659488 -0.248966972491748 -0.285149980679502
-0.0475921709810182 0.279724358096248 0.0127470098180376 -0.025866964871183
-0.279112444413088 0.109716720466722 0.0437034919873243 -0.130885598358633
-0.025603832097218 -0.284816535520971 0.106945873155874 -0.121576490972004
0.313472206993665 0.107841949324269 0.145658155239069 0.1381550172104
-0.173864337353496 0.26716615054126 -0.153535442126484 0.202881128683465
-0.358564003794974 -0.201866743555851 -0.184273022820368 -0.105272220808915
-0.168754507522934 -0.351950868852711 -0.0998449261296307 -0.312865492781001
-0.19838500150295 -0.240098809358294 -0.141330335355814 -0.251725373597612
-0.26209777289995 0.0338215230192643 -0.16794791926695 0.0122654718856236
-0.0307641789941757 0.207152261817239 0.0960168845617528 0.0421119351615089
0.198770742581609 -0.0220155690102402 0.00628311116432745 -0.385315950712925
0.0563169462317164 -0.115619769437323 -0.404508940429801 -0.0427734528690065
-0.105108348006623 -0.0494203195039801 0.0118784787983176 0.252282559310372
-0.0687345367554866 0.0909186610620326 0.22530778127915 -0.122074742804533
-0.000288571921895318 0.111903421976599 -0.254546239613859 -0.309573401843899
-0.0679464075518556 0.174191210353688 0.0359427422309608 -0.113117482810525
-0.173031066319147 0.024527185673836 0.0735285998589388 -0.0560098522157327
0.0441331898105315 -0.111529194806459 0.011577517575514 -0.145965379312815
0.105572039056686 0.121736736581249 0.159169699850593 0.115462191019613
-0.119243569187567 0.0908906109523887 -0.205250741460181 0.163792288309763
-0.18360133047677 -0.147087555323086 -0.226466461264241 -0.193914499232981
-0.0921138312433244 -0.209671332818262 -0.128234710374797 -0.440770707822648
-0.126933877484137 -0.126956676338681 -0.206096587509809 -0.329301037405518
-0.157834894299341 0.0328226876897555 -0.251046869590295 0.0288106678982989
-0.018731081552784 0.124970064883925 0.0607992155385616 0.184587545043941
0.119314331146348 -0.0113258107443049 0.169168625359075 -0.337969138103246
0.0600310703628229 -0.0419197679223051 -0.363507059776522 -0.185229531447326
-0.045592164271657 -0.0378526148451912 -0.1020127536288 0.248200266316602
-0.0817053841551216 0.0394245248267249 0.254541517873221 -0.0663737880510456
-0.0488552481539552 0.0764778844385486 -0.219673243576705 -0.321939901827994
0.0548754502407025 -0.0155634200958295 0.203630106539314 0.336836125753552
0.0294006482515722 -0.0207663651816578 -0.227054921632853 0.0259041034416836
0.00671946791342295 -0.0032525948251828 0.165042990301825 -0.20289439902468
-0.0497710437178327 -0.0213323898757702 0.294157242275294 0.240587019895438
-0.0258338812584102 -0.0221221407111075 -0.239045175025249 0.270810150309565
0.0297350585204886 -0.0403452144273067 -0.0105712105158317 -0.227917253523415
0.0428556887005046 -0.0198687536745863 0.281789470815519 -0.0229043882167898
0.0385331652081963 0.00277204063830641 0.23579642369811 0.342484311401415
0.0310098834882619 -0.00169755105973485 0.182304380093636 0.468538460687327
0.0295509909555468 -0.0114054636201787 0.297678196815797 0.211149903224605
-0.010016143372782 -0.0165885518949521 0.220926635559102 -0.190840272111042
-0.0438925014896887 -0.00899315465666388 -0.224390603288539 -0.104752493946482
0.011170085698343 0.0173909160830607 0.0451841631687412 0.184163443171794
0.0723267658925184 -0.0206361137860042 -0.053903234546925 0.0136595312329831
0.0505857162777998 -0.0493441122219799 -0.016823992742225 0.152926763503025
0.0386340879891372 0.0269116640098035 0.183156225600804 0.334408109219513
-0.00940419576602318 0.000188453312024851 -0.204763720919523 -0.0215242001439115
-0.0479224921814572 -0.0450876028446697 0.210122229593926 -0.206214560794504
-0.0110070308462898 -0.0980905635512076 0.263498461137747 0.265419456337549
0.0841163776852717 -0.00415698117712302 -0.240215307745118 0.217672760435151
-0.0178989086642196 0.0704779645864337 0.0504756268558634 -0.208171884699885
-0.0851161136597376 -0.0312310419035819 0.281979317636759 0.00897177948196262
-0.0606766343504896 -0.122168245457922 0.230222844692917 0.314005870488753
-0.0782244880315186 -0.181787508356029 0.242833688096523 0.391956916714378
-0.156494012214897 -0.0609278575457277 0.338696984834774 0.109531228612777
-0.0769677690255277 0.0844818378318432 0.136548160247022 -0.251405002884515
0.0438153792511147 0.0459768432194462 -0.237551061269114 -0.0362201145937884
0.0284816558761033 -0.0634094856790779 0.0740365467592056 0.153823112642978
-0.0122784710741724 0.0298875723593887 -0.0407255815710021 0.0117711546876607
0.0664628108664899 0.0911781290183675 -0.0186168247305224 0.119877942767898
0.0419692176858361 0.0865142438603085 0.170543257119823 0.330811778624136
-0.0309813793180061 0.0286850294859179 -0.170479931581514 -0.049097354748165
-0.0770219827854625 -0.0927833680241833 0.226906699181792 -0.228896839027699
0.0623449640558876 -0.135287054324218 0.282301749150743 0.244936451347218
0.138580443637769 0.064211272963794 -0.172348491416509 0.221597149706571
-0.107346633779851 0.137167116223198 0.0759647407031954 -0.118246481081957
-0.192533516256056 -0.0755117788987869 0.231340537563717 0.0386557463678638
-0.148928966693069 -0.22975064857224 0.194428848705207 0.234272411358372
-0.235432779079891 -0.258528410356779 0.2700037621665 0.232548744742346
-0.329089301386262 0.0510540415230399 0.304389095080996 -0.0614998318349456
0.0536771796306352 0.24389179687866 -0.0180773867737211 -0.28910315273036
0.188208959075689 -0.12019994789222 -0.230512604488432 0.03204403668106
-0.146132061071247 -0.151786088517801 0.060135424209679 0.145125162564142
-0.0768946810025878 0.181709938949644 0.021431044792924 0.031223237402252
0.108131536410045 0.204354799668291 -0.030005414804013 0.0286277646427248
0.0597948888089277 0.169445062281586 0.13871892974291 0.302689804721485
-0.0544057935383937 0.113373752099911 -0.149146869170842 -0.055760683003054
-0.126185751684559 -0.112543273267613 0.220599727264704 -0.249408275292237
0.137391768303847 -0.137944941121357 0.327693400032804 0.229152668305918
0.13308344241004 0.154847357228567 -0.111526093802297 0.282078927475298
-0.218887287590327 0.142702262982457 0.0463650680579423 -0.0223772821795527
-0.267891060213488 -0.159743156710779 0.145499447304315 0.040307575647871
-0.216513100660308 -0.304216356631791 0.129585395770919 0.120767308893907
-0.36379518520112 -0.207648911204681 0.206815615816167 0.0679120509063533
-0.311323659460586 0.245815419822051 0.199998917780714 -0.16549638090929
0.30986342876203 0.161198949888874 -0.111617858145116 -0.29936443477733
0.0523750760350359 -0.379210075987688 -0.264115595228356 0.0632966972297412
-0.372042015918135 -0.0130201138450545 0.0909748454530667 0.197232989091376
-0.0298292182160703 0.346429723220781 0.127295734344453 -0.0287083920468142
0.157504620836377 0.251774848697008 -0.0897891911488744 -0.100287760104722
0.0572297720652817 0.267539658478823 0.076639247959849 0.229351916919146
-0.144476306602989 0.239095466506134 -0.135142224786641 -0.0877749405476955
-0.238114931274212 -0.169761151557858 0.197444001019308 -0.246930365909951
0.251338780336466 -0.174419054216558 0.305937626584401 0.228668208331927
0.102726369563848 0.289361400262248 -0.107992199463348 0.303004721705985
-0.363980253354434 0.0792192837911649 -0.0187334941313506 0.0232724914083987
-0.300122912010489 -0.273741705205113 0.0423662614338602 -0.015048852786307
-0.255665798141799 -0.331112995800828 0.040551391114257 -0.0105574662885895
-0.39409030142912 -0.0913615071473733 0.0742592456238274 -0.0159825302395144
-0.16261188874747 0.307454711242582 0.131871756946257 -0.162878099128262
0.31223294143748 -0.0180233725452965 -0.148349155211481 -0.36303182431443
-0.10449029923594 -0.285928576952124 -0.343040683686591 0.088807840989299
-0.304949512005085 0.127906515854947 0.141071824505537 0.212796639301511
0.0500474146232981 0.332090056267349 0.173448340746027 -0.139411122780299
0.160306609895749 0.220057789374825 -0.187057930937271 -0.212451607913683
0.0154731245278981 0.319668326058052 0.0221536619767719 0.104304958124158
-0.269448719010089 0.246900726149158 -0.0621768351709543 -0.145108041185935
-0.226495830874134 -0.316885453452737 0.177080783764074 -0.191662878568632
0.411430818261362 -0.1007079152735 0.209313091422184 0.192982499460699
-0.0326717231794054 0.395653434411812 -0.117670443424896 0.251651054917009
-0.45748387368856 -0.0758031393885047 -0.107394327683395 -0.00446678738059194
-0.262357059182942 -0.3606702993145 -0.0516272583967023 -0.142016509030734
-0.249631823673131 -0.306929622890963 -0.058226456015388 -0.137741721546481
-0.341994774168264 0.00552286163918812 -0.0573585009852427 -0.015550180579518
-0.0632620468033213 0.265737644427475 0.109797259904017 -0.0931343041686182
0.236218319165499 -0.0393259822675065 -0.137259032111408 -0.399894648870516
-0.013994527796477 -0.160852073649853 -0.400470567486061 0.0757488114980668
-0.164344453163581 0.0347886289514331 0.110003118112714 0.227365975135693
0.013197314507091 0.195452215011058 0.185052495820983 -0.16903103808251
0.0928775464112333 0.158833699725028 -0.258038851065547 -0.2731048125362
-0.0346360134634549 0.281319942920523 0.0114554216020468 -0.0276676701967886
-0.274435173930268 0.11901459293127 0.0395652909925667 -0.13246819230502
-0.0352359909142414 -0.282745424327222 0.101052048273373 -0.124258631763622
0.31433432060721 0.095745871763233 0.148207008466163 0.132634333250422
-0.164312543839443 0.270551385618114 -0.14572632124833 0.204528284790814
-0.363370380683456 -0.189591393421146 -0.187346429557647 -0.0988109576978795
-0.177836894997735 -0.346238385166741 -0.109758860371349 -0.307616576551761
-0.20513996195318 -0.232914305461864 -0.148072528471535 -0.246363901236513
-0.257924152062053 0.0422224073051208 -0.166315586482295 0.016255788565207
-0.0232921024685896 0.206892241292631 0.0959787091699313 0.0395177386355559
0.196021517239636 -0.0288939739968355 -0.00757942799344224 -0.382237292478384
0.0514921075763704 -0.117358605058624 -0.402647240572697 -0.0289925142569231
-0.107304758980744 -0.0452000382933202 0.0211510562421504 0.250268227263576
-0.0650859090764493 0.0935322305542399 0.219030051407219 -0.12939216063818
0.00436288990134036 0.111626641223664 -0.26539164804917 -0.296689084518448
-0.0585270383914567 0.176398280989367 0.0311749558160266 -0.11500343523252
-0.170987038651455 0.0309491818961018 0.0715702241016944 -0.0592289783614533
0.0404960276941564 -0.111031546683615 0.00537084125503499 -0.146385486436903
0.108150179664366 0.116431562874565 0.161063357751549 0.110134834308043
-0.113841297898226 0.0932714329409698 -0.199887849423439 0.167271211097315
-0.187322061575148 -0.140970580114958 -0.232398638862474 -0.187142654421894
-0.0980333786171932 -0.206959749825152 -0.14086762037346 -0.43520107735197
-0.129440976687211 -0.122028015014324 -0.216684051540337 -0.321613448228771
-0.154747562534369 0.0379964137577016 -0.247912004372612 0.0344034294640825
-0.0161435724072997 0.124148982447462 0.0667129875237902 0.183793680808215
0.118168834426236 -0.0147659132528582 0.156929074124426 -0.339079709944107
0.0577996832500839 -0.0445383876506751 -0.369059180479732 -0.171519886174486
-0.0471453527350077 -0.0358669856807114 -0.0940178442266416 0.250985227360286
-0.0784585615550998 0.0429513877263143 0.249796282778751 -0.0767006304385722
-0.0459107125427616 0.0782791360947643 -0.228833130747047 -0.311359934205765
0.0541660504012302 -0.0240272525081861 0.251231402846472 0.298539070975734
0.0262178070660066 -0.0238940818403725 -0.218286217017407 0.0580273075542432
0.00608734205224554 -0.00371652944001133 0.132730561809676 -0.224662167646886
-0.0529545542637607 -0.0126659235774943 0.32479447329397 0.192077642488761
-0.0303539810505615 -0.0185867966461654 -0.194979065154977 0.300956580364692
0.0229184379711427 -0.0433097631694858 -0.0433423968086597 -0.225271487989518
0.0390812721572917 -0.0249587216759726 0.272230188731832 -0.0604914175260809
0.0387368282838337 -0.00228957852494632 0.281081962832079 0.305855965611889
0.028703690884663 -0.00292205485625559 0.242006251905658 0.437896332232135
0.0277638298306557 -0.0119931194912015 0.32296114870119 0.168462334896683
-0.00999043138191077 -0.0152354597038176 0.190161539155267 -0.218167339526779
-0.0453593688403738 -0.00291728725602356 -0.233585086390395 -0.0716092728394624
0.0136169296688302 0.0167916455521779 0.0685351673898341 0.174225860973409
0.0675638833518543 -0.030242935608602 -0.0498620251028168 0.0213737383254185
0.042628580991967 -0.0535845696259835 0.00526760051534546 0.153034510260034
0.0441502858504936 0.0192175967603319 0.229505451604442 0.298939075845602
-0.00950838723870184 0.00263301391456988 -0.203625101964489 0.00905395256103738
-0.0533445535525894 -0.0380129033018978 0.176758200306716 -0.236590871999596
-0.0259869942006602 -0.0939522679964801 0.296776362986571 0.222028782036488
0.0809506909199335 -0.0158428335190469 -0.203858625723518 0.246804315551814
-0.00743153715961764 0.0700260620984822 0.0207492571420448 -0.214842994782955
-0.0882855374174618 -0.0194698537640097 0.277652249077239 -0.0307322166880966
-0.0768480582889348 -0.111432283356241 0.272872462785584 0.278848984738847
-0.101896520250352 -0.166171182266831 0.290444374462591 0.353941151932885
-0.160967947440786 -0.0373269700219136 0.350838035426248 0.0622367603973531
-0.0626867674815903 0.0933110767319734 0.0993794944233279 -0.268143985112835
0.0477728266526372 0.0392538564433857 -0.237316439249801 -0.00288736561547409
0.019292427382707 -0.0647622672105188 0.0926900035680092 0.140859337053721
-0.00881313434590532 0.0307489144460357 -0.037932690709481 0.018278702279408
0.0783020661125167 0.080778277501343 -0.00120893386968505 0.12008822101678
0.0549472535519087 0.0778219564669783 0.218861405784506 0.295779646536986
-0.0272756632484089 0.0333190934544838 -0.174665008799989 -0.0235560167711947
-0.0899080933001207 -0.081896457628815 0.189037546366385 -0.259908245603547
0.0424804878386804 -0.141566455277726 0.311703764857065 0.198505217814871
0.14439066360909 0.0436702565007784 -0.136883765513739 0.241208323356569
-0.0873378594077692 0.148593969237012 0.0601200482078128 -0.129949141858952
-0.199924590928476 -0.0488945956646889 0.232838470963207 0.00732239279748735
-0.176761542843845 -0.205702068031932 0.225052793858941 0.205148776354772
-0.265737472223477 -0.220666734529775 0.297554220567846 0.192356782815556
-0.315729824302061 0.0961988332189978 0.294528581966364 -0.100943947818946
0.0863810644964921 0.23011171460337 -0.0593471151110515 -0.283872594935851
0.167362646214877 -0.144168506658471 -0.220846060899661 0.0646482494420195
-0.16271048128827 -0.127007150995373 0.0785938750994288 0.134597571117635
-0.0494832473471592 0.189323882256393 0.0265636273199357 0.029585980875898
0.135534194675503 0.187046883127987 -0.0264859345488348 0.033202259424691
0.0837022333295742 0.158122383361989 0.182742521557752 0.273194633877253
-0.0379292819414753 0.120286695306686 -0.154658593551356 -0.0332953556055092
-0.140196452766178 -0.0938541461744657 0.178322658364352 -0.278596305265334
0.115311306926598 -0.15410917405687 0.353796675815083 0.17711556915884
0.151727885480538 0.134983950465194 -0.0667716347877785 0.291729957458349
-0.195803161872601 0.169640965756068 0.0438463014128698 -0.0299014309625799
-0.283890333313173 -0.121780041437351 0.147534426646262 0.0202155478461498
-0.254613723905029 -0.271469863583479 0.145772795751195 0.101465537076776
-0.386399618720893 -0.154339188151193 0.21370887002871 0.0380681971144151
-0.270762283765048 0.28508969760999 0.175541086581416 -0.192088731858274
0.326600394824289 0.114456049308239 -0.155194807666848 -0.279291395719022
-0.0028428651017734 -0.377790369083501 -0.250418449038897 0.101947530140356
-0.366606247326618 0.0382800938846186 0.117084807484718 0.181716993246778
0.0184973502765007 0.343858674948915 0.121072022981492 -0.0455453693294766
0.191333981629035 0.224310784782831 -0.102260230383354 -0.0853263183812088
0.094100921363169 0.255699370398875 0.11136622278829 0.209593548890065
-0.108431800993541 0.256545160798714 -0.144744506784742 -0.066830754687344
-0.259159186574919 -0.134899624947234 0.156027848456033 -0.2715183977052
0.223935940503045 -0.205151583803439 0.333271580429616 0.177933347846714
0.13773400146603 0.271693147480415 -0.0596095255324726 0.311284705991803
-0.34739997160873 0.123523784371909 -0.0125858498504956 0.0242849387474823
-0.330754556116243 -0.231020173750863 0.0387625354990869 -0.0178811509684551
-0.296488461777549 -0.291222198341834 0.0392939589548034 -0.0156816376614937
-0.400597741354629 -0.0355617728621523 0.0714251389524875 -0.027340684720618
-0.116744115112082 0.325614477205555 0.107008079062406 -0.179997640431621
0.303653369161163 -0.062412906620404 -0.201340229446503 -0.334686052719418
-0.144077839797015 -0.265432145710573 -0.323628902839012 0.137951904111915
-0.280912519716591 0.168860565566141 0.167598931191565 0.188591039411599
0.0959050932176106 0.317705738803738 0.151279743237239 -0.159260015447198
0.189264575529801 0.19050221234629 -0.211258456803877 -0.180812749243853
0.0605672872297524 0.312752001650224 0.0394152973858274 0.0959237990695397
-0.233079455664681 0.280453741594683 -0.0804626003380276 -0.134258287717053
-0.267410229298182 -0.281703536762591 0.144430118733136 -0.213203980977514
0.390599916912533 -0.153401409197768 0.231933276801239 0.157349129467274
0.0186808241242736 0.392878221333122 -0.076602922770428 0.26414720546556
-0.458191934037202 -0.0149940489226549 -0.104947408538759 0.0116831726920877
-0.306440302998652 -0.320934826285475 -0.0725833963797222 -0.128964350137505
-0.287940568580569 -0.268194986550791 -0.075427126112004 -0.127222105145952
-0.333810818819012 0.0528027605599653 -0.0574269005947322 -0.00831892983203679
-0.0255687659774435 0.271543073663689 0.0948024941934726 -0.107756485841249
0.227136280311836 -0.0737166601883132 -0.195004303540922 -0.371760622566066
-0.0379545345874232 -0.155882469379681 -0.381979100711594 0.132099035340024
-0.156257580628579 0.0574502797553651 0.138230711318957 0.207891344359676
0.0415892208990405 0.188094587968437 0.157477983248678 -0.189313916406925
0.112731266298806 0.139757899343758 -0.290345206861327 -0.229955458408945
0.00415086448971136 0.282824570722421 0.0086705481773945 -0.030774088022608
-0.254192352525375 0.155567303789186 0.0215872732904359 -0.136246903948772
-0.0731857236413625 -0.274143277611096 0.0785977560947093 -0.137032096447347
0.321101251160297 0.0538006382842852 0.164083904378927 0.107983050259184
-0.127253720649813 0.286761087375892 -0.11299774700597 0.221907729384835
-0.381324394285686 -0.140527330320636 -0.199388420199543 -0.0693851076760112
-0.220204094705974 -0.317816439229954 -0.151538847206709 -0.285325011699847
-0.233092536622703 -0.202265541185694 -0.179589084292547 -0.222319839614819
-0.24807493662494 0.0768445251325269 -0.160490188075737 0.0384664820792021
0.00544372160012009 0.208513382342724 0.0987031404802405 0.0265833866614875
0.189352895056281 -0.0583399045683542 -0.063488289791275 -0.373014152276054
0.0319829751725231 -0.12383060787248 -0.399048080406826 0.029987242441412
-0.110881171129661 -0.0276045712438942 0.0539995247079419 0.241728068201976
-0.0492406221760104 0.100837597333965 0.196717372191986 -0.157320009110653
0.0191490344525566 0.10655870902466 -0.30165592105428 -0.255205954541918
-0.0334944097726122 0.181273194316268 0.014002777046287 -0.119523533198539
-0.164110347415409 0.0528119444018595 0.0627432760558515 -0.0688070234440543
0.0252208447275919 -0.114717455117317 -0.0172076822687927 -0.145051684628909
0.12148162496561 0.101876845101503 0.175023347525744 0.0848479985537881
-0.100980630340653 0.105386517830201 -0.172416130075907 0.193757044184579
-0.202154824941232 -0.116219889166813 -0.254496776707638 -0.149984188176171
-0.123889620245002 -0.192227013282788 -0.201816954989146 -0.407108097021372
-0.144541226573036 -0.103681586796231 -0.257199342142514 -0.285394778655319
-0.147459545125112 0.0574720248921576 -0.238635601525825 0.0659561077271649
9.50821306178692E-05 0.126548929907805 0.0909091090628324 0.172834715705679
0.113961035453772 -0.0323177560686846 0.105112150248287 -0.355683000403325
0.0486425130299265 -0.0541078326390778 -0.38665666359164 -0.115836429697656
-0.0512028259904009 -0.0263544605593899 -0.0574826883671933 0.258687740762192
-0.0695333608872282 0.0533360731486408 0.232503088808092 -0.108909824222135
-0.0335129183192091 0.0797411933963581 -0.269087219891882 -0.273461890965878
0.0525409019713408 -0.0258375282346424 0.258841052569388 0.289019051721412
0.0251656718585133 -0.0245906861152358 -0.214754060367758 0.0651141708586896
0.00523666450390224 -0.00454095328547872 0.125623701696913 -0.227819790300921
-0.0531619100398277 -0.0105736514128024 0.327811751653269 0.184339563475333
-0.0313154798249688 -0.0181485911890477 -0.187850395957169 0.302407470782297
0.0212496633016279 -0.043299226975427 -0.0483074915997878 -0.225319300563334
0.0369976466136341 -0.0262676518471392 0.268997452796131 -0.0635941653823494
0.0372847730362841 -0.00456761981508847 0.288103754160741 0.298576958457232
0.0271302008989038 -0.00369473530016837 0.250059631389579 0.431184883006751
0.0273452769723029 -0.0135580369146969 0.324389707236651 0.16176711806227
-0.0102633402986869 -0.0150425008306724 0.185108883300951 -0.221260980243704
-0.0442223122930159 -0.000882293761373387 -0.234247312011235 -0.0660065349868009
0.0142090162831062 0.0165184723831038 0.0723028268443941 0.172110626363518
0.0660851692226721 -0.0331304802677498 -0.0479078039337819 0.0242773608224908
0.0410051241836761 -0.0552661717167038 0.0102834307120299 0.153419967230946
0.0442156276979085 0.0178606017059189 0.237635359942377 0.290568054188556
-0.00987861269074744 0.00322684437876467 -0.201950308191697 0.016628206238133
-0.0537862727839285 -0.037356791663173 0.169834716738441 -0.239733642749876
-0.0293783206417108 -0.0936986125933454 0.299646975814389 0.213046121484215
0.0798380196025793 -0.0182514834853135 -0.197832562211645 0.249129924616975
-0.00606058807915847 0.0713038825069102 0.0168497446554313 -0.217350652113651
-0.0882889730841811 -0.0172276478120009 0.274236010576935 -0.0340253680972865
-0.0792800059332368 -0.111545723139092 0.278064232320395 0.273750498865053
-0.105966504524533 -0.165116172419416 0.296866701646555 0.348281441832405
-0.160871157443119 -0.0335549504159857 0.352269887258164 0.0553288394356062
-0.0592351865186843 0.0942811931800173 0.093270972736821 -0.268055023804931
0.0483034966821713 0.0385190315310452 -0.236591055786722 0.00174506463254265
0.017638295657799 -0.0655569521282965 0.09472265686295 0.139567772243463
-0.0082278473155228 0.0297591062821935 -0.0361225961304293 0.0198134977738931
0.0809258303054321 0.0778392532585308 0.00302864914804296 0.12226383267073
0.057114911476522 0.0763747272495782 0.22600522637992 0.28605117924701
-0.0269010028537664 0.0341458485426748 -0.173335048730203 -0.0181107669951554
-0.091864671137084 -0.0788258895226786 0.179896636485779 -0.264917522916779
0.0378074903343944 -0.142484218319883 0.314320178249892 0.191142202428988
0.14444796893719 0.0396929884294957 -0.129252672643065 0.241678182244827
-0.0829560828182765 0.15010573821324 0.0567828771238527 -0.132299745996027
-0.200797825706752 -0.0447464221714504 0.230538771288923 0.00341640464673568
-0.181459421280034 -0.203138696977638 0.230006606338573 0.200654480204236
-0.269612203795425 -0.216344104100418 0.298212772299411 0.186220726432224
-0.311355167453175 0.102073146165135 0.292540075964495 -0.106116580674053
0.0912284068826606 0.227668545608744 -0.0658010711449963 -0.280511501929953
0.162637977188237 -0.147041419714681 -0.218601424112541 0.0699250752176639
-0.166711662467916 -0.122247151786254 0.0824744315484744 0.133222175585493
-0.0443499030274945 0.189354684517156 0.0281240391461336 0.0284999972714304
0.142244434545811 0.180177808862931 -0.0252629529639418 0.0343804536462797
0.0883326403607254 0.154879223477092 0.190115171415563 0.265443181078558
-0.0345528692771013 0.12038056429365 -0.154208396699647 -0.029591396798325
-0.141607269674193 -0.0898559255193734 0.168783543924183 -0.282287275363469
0.110509936335816 -0.156312371244336 0.355615430691592 0.16559350955628
0.15367205596594 0.129801661191381 -0.0576582508753476 0.289466047981209
-0.190442960657561 0.172271867304422 0.0434698576818103 -0.0323520536746902
-0.285587302651205 -0.116315496086124 0.146615029555543 0.018694448197661
-0.259853198269766 -0.265205388965721 0.146825288842253 0.0983897445928649
-0.387409880997837 -0.145263526676605 0.210182968059652 0.0331099648903005
-0.263715861530054 0.291196038392012 0.169445688125233 -0.193900098805857
0.328375720651159 0.10748399001306 -0.162676712792215 -0.272899583467998
-0.012220630821485 -0.376684897341079 -0.246153138186831 0.108343082579642
-0.363636774194373 0.0513344280015763 0.12163893838462 0.17822216165121
0.0290726575629392 0.342123391112921 0.11946205140172 -0.047882662840011
0.198799734729762 0.216071874017766 -0.104106121037391 -0.0806489055025339
0.101581422011631 0.250722265510174 0.116730692247666 0.203308764683866
-0.100438402216043 0.258497979292287 -0.145540699770082 -0.0632302102370707
-0.261149033130167 -0.126281777054004 0.148160215108069 -0.275570109123424
0.216614084940208 -0.211693036707781 0.334706921027857 0.168508785355771
0.145042552419852 0.266758308403736 -0.0518674613090431 0.309605731290115
-0.342055608517609 0.131381076866205 -0.0127421730736726 0.0238906270257578
-0.334276811747073 -0.222218791766943 0.0369913567303773 -0.0174630257130696
-0.301094301696448 -0.284861608292282 0.0387901764789569 -0.0163637276493822
-0.39757771396568 -0.0275952412143731 0.0692464298151968 -0.0292673678434888
-0.108156132470232 0.327792109913006 0.100699230304207 -0.180470589864377
0.300003999374628 -0.0693682971519369 -0.209696634519728 -0.326625231457452
-0.151804044979275 -0.261213924923939 -0.318649050684258 0.14562614592944
-0.273186881975833 0.177071620875381 0.172434078013993 0.184717688430238
0.105944412658471 0.313527699947858 0.146095574859621 -0.162506799632605
0.194590776010039 0.184351001192613 -0.216671278044956 -0.172935353916321
0.0705108331478177 0.309402647702279 0.0413702163100314 0.0941800324392848
-0.223849323089794 0.286046613538158 -0.0835359339528174 -0.132490414872517
-0.27382261080381 -0.273572780679328 0.137004543117295 -0.215748782956949
0.384012223850773 -0.163366979718424 0.233906421457839 0.151876899209043
0.0287689957957186 0.390391482050369 -0.0698580785999454 0.262026292851418
-0.458311131818154 -0.00625288730604326 -0.105737474987649 0.0145091517168744
-0.313177199103918 -0.315168828910989 -0.0759708713721491 -0.12638658731508
-0.292553850020962 -0.260934664879998 -0.0779505005404298 -0.12607453743541
-0.330775704514011 0.0593541378883555 -0.0576692177890019 -0.00759121247578972
-0.0179768371961764 0.270449848476653 0.0906468868290521 -0.108223783287175
0.223270812160392 -0.0793270779352785 -0.203642754954963 -0.364680828911764
-0.042042024348994 -0.153626043641194 -0.377440328802231 0.142354656692118
-0.153994118218128 0.0616876014442153 0.143644445246994 0.204217515631781
0.0479659880251921 0.185948360640412 0.150798003976373 -0.193716937024675
0.117667758307586 0.134906233741349 -0.297151010026385 -0.218425271362896
0.0131823895771691 0.280163468792384 0.00778829214695736 -0.0316858325588069
-0.248491053922882 0.160970707461889 0.0173030031351421 -0.137210839064073
-0.079900507885534 -0.270847267737753 0.0741867696880018 -0.137596095336469
0.320745391449944 0.0459740013824514 0.16485781269868 0.10499800996692
-0.119830790376235 0.287288680691364 -0.109395490475348 0.221727591722675
-0.384780327382447 -0.132710818637525 -0.199108387803341 -0.0639513300957166
-0.226131299303304 -0.31410322301674 -0.158013673415723 -0.278956016410227
-0.235886311586381 -0.195556617412962 -0.183592928820592 -0.217837636305772
-0.244026999459731 0.0808168453215146 -0.158324812500588 0.0400008985825394
0.0100086485497727 0.208091178651278 0.098821099820244 0.0260673785993599
0.186021707660593 -0.0633968710109519 -0.071742818781098 -0.369492639452183
0.0271946637335641 -0.124723820569743 -0.395804434275752 0.0419308642165039
-0.111575762686476 -0.0246636980944024 0.0613922243396945 0.240684796161116
-0.0453339450365438 0.101784829765709 0.19055570142636 -0.162453137065276
0.0222804869098781 0.104544827256919 -0.307647577797662 -0.242628243578012
-0.0272975681415121 0.18168919682543 0.0105935727672078 -0.119531255350823
-0.161488930828001 0.0584431221279845 0.0600518923294834 -0.0710974480813665
0.0219790814082493 -0.114107625492132 -0.0221769208768664 -0.143541191016502
0.123247027663341 0.0988461641001149 0.175676379709294 0.0820148091590674
-0.0981771644741887 0.10613838391444 -0.169586030390498 0.196083610701612
-0.204743387148991 -0.110733352752807 -0.256953683213228 -0.142480659476323
-0.12842017487384 -0.188952419428558 -0.208290535271931 -0.399760431378215
-0.144802929831509 -0.099845149733781 -0.262995374658026 -0.279520966505523
-0.145734490255852 0.0606856905048049 -0.236593211744615 0.0685276293869921
0.0024535687976964 0.126432229656843 0.095641994781502 0.172257149451458
0.111767438647461 -0.0353102591663581 0.0974698655690048 -0.354928825434346
0.0460940044033745 -0.0546756472906477 -0.387307841049072 -0.103460375530921
-0.0514684602749766 -0.0240113466489928 -0.0504061121370372 0.259399116876258
-0.066921629017207 0.0549178257491508 0.22808213169829 -0.115406222317376
-0.0314790139443352 0.0804237246201835 -0.274753328295149 -0.262282501834918
0.0519873288437823 -0.0277693823571106 0.265476702104151 0.277997767385511
0.0251652046007789 -0.0248803718914669 -0.20966725352354 0.0702790419180633
0.00523833336906431 -0.00540533884835355 0.118588627883687 -0.230543924326267
-0.0522284409693221 -0.00772241297944893 0.331154729365794 0.174056776500805
-0.032167248575282 -0.0170128088993796 -0.179291384463998 0.304113246898384
0.0201749388313282 -0.0442693657514799 -0.0543164494230464 -0.225396865547041
0.0359745428539177 -0.0270927120780024 0.265957759474787 -0.0686956580915804
0.0365001336965088 -0.00749421252833846 0.293598139589707 0.29103128096431
0.0261308603644393 -0.00579375266907282 0.259258018545958 0.427142410659634
0.0269016468435487 -0.0135320789822991 0.3291759384235 0.152312644518649
-0.00957726909574149 -0.0140577131504511 0.178921110210569 -0.225311905850805
-0.043973258809693 0.00100368589727945 -0.234926081450024 -0.0591991502898541
0.015442444245259 0.0168595604552314 0.0757983838195471 0.171482140485925
0.0642721665042755 -0.0359098921729121 -0.0460059242517347 0.0262521862368645
0.038755496890275 -0.056015921577721 0.0159467736282123 0.15360784672257
0.0444918201458442 0.0163846987461631 0.243816136157386 0.279744026180472
-0.00875473792254809 0.00313510423774636 -0.197576249166608 0.0217288866081684
-0.0547055013607264 -0.0354029796868153 0.162537087780921 -0.24392126472664
-0.031583605956438 -0.090779967128339 0.304159088746076 0.20408882428142
0.078608318942845 -0.0217332725015412 -0.190089276445355 0.251605421270966
-0.00412306123223985 0.0720128841830635 0.0110346739560764 -0.218402700238171
-0.0889010747558351 -0.0147645281324562 0.270115120174739 -0.0386953212547398
-0.0829160626535546 -0.109132871974949 0.284596410788459 0.266209799311717
-0.110591661601955 -0.163643083308729 0.301390978651992 0.340832160860419
-0.160851879952385 -0.0303245710901655 0.352328495796655 0.0462288395740535
-0.0565772250664617 0.0949971273927617 0.0868074113045093 -0.268939849762392
0.0494714984269928 0.0381543553016011 -0.235747858554595 0.00880545433909075
0.0158626836469811 -0.0653663694104828 0.0980321900513755 0.136294100551163
-0.00736735050136623 0.0290702141013487 -0.034354615315801 0.0224276528386057
0.0834302549129556 0.074223486311315 0.00736002506508898 0.121548652525556
0.0585784696531423 0.073401448415594 0.231919693375217 0.275434068443583
-0.0262054889874282 0.034263586831839 -0.173331034300315 -0.0130684420571001
-0.0946870849656058 -0.0764914373571097 0.17160535769404 -0.269094505584478
0.0328952777790224 -0.142501685161558 0.316687128778629 0.181414957243016
0.145469685434732 0.0350977607419852 -0.122462861245344 0.240190951436992
-0.0787860346984578 0.152123303793846 0.0533987629950666 -0.13496234891452
-0.20107892823818 -0.0394861202513167 0.22776594990235 -0.00109187106070745
-0.185473768583619 -0.198706489707725 0.232634986551362 0.195049051243813
-0.273352106109577 -0.209891031575076 0.299456586368736 0.179953683754082
-0.307398845968449 0.10927937047189 0.288443110984007 -0.112151833806901
0.0965674888260381 0.224906747864907 -0.0725477801235158 -0.27686102681934
0.156219426995193 -0.149830790845948 -0.21474788868509 0.0754417950594943
-0.169485322302379 -0.115343022272465 0.0854151469650283 0.130733548760533
-0.0381410837770845 0.188815128348097 0.0292495785931415 0.0286686643470426
0.147967602636516 0.174550742839803 -0.0228719668980609 0.0358291241554511
0.0932127511002558 0.150984695638752 0.196832541705981 0.255507193336096
-0.0304086656590638 0.120186474867795 -0.153979909682695 -0.024287064994421
-0.144025216590194 -0.0857835001988116 0.159280488784025 -0.286130284396636
0.104606121938032 -0.15972140759373 0.35779704909297 0.156131639634166
0.157167494788527 0.124699839999478 -0.049105146361369 0.288676403674479
-0.185091325681852 0.176748618077111 0.0425082974665296 -0.0337052128127882
-0.288743688337567 -0.109293791269486 0.144725886672038 0.0161714239687741
-0.26506271932334 -0.25832646338595 0.148354700205824 0.0943264791078339
-0.388549916483077 -0.135860306570037 0.209833797184357 0.0278843606485313
-0.25592146042318 0.297822645860392 0.164632929090072 -0.196601183744512
0.32796765811872 0.0989690787841432 -0.168928715766418 -0.266341639223245
-0.022948723416074 -0.373089812622423 -0.241006284826749 0.114891838799591
-0.362171549864043 0.0619607778476439 0.126653628923451 0.174588415296076
0.0411651088194194 0.339972476175775 0.117627912689596 -0.0511507243429443
0.205553525589874 0.208794246957818 -0.106159117682957 -0.0760956865002215
0.109132064696159 0.246234225956976 0.12147249639009 0.198678517416669
-0.0921250363447216 0.260556455741556 -0.146326482105494 -0.0593670993653191
-0.263513439424792 -0.116994741381257 0.137455309407656 -0.278329979720158
0.209167339632482 -0.216708061556663 0.338007947378013 0.158498899818925
0.151735513252068 0.260500535149428 -0.0428054945863359 0.308159415806048
-0.33802371915569 0.140098052535072 -0.0127277395013392 0.0250107116169041
-0.338378733306831 -0.213937483007064 0.0359964946326911 -0.0176962780070902
-0.307166092472436 -0.275559533378862 0.0379869626726635 -0.0177668321187653
-0.395989739100186 -0.0166796479407363 0.0674296055469296 -0.0314395205241585
-0.0987584862382093 0.329987656906649 0.0945426225610818 -0.182186264880681
0.297091800333395 -0.0770737927354189 -0.2191282797512 -0.318241670319753
-0.157171067484073 -0.253329806559238 -0.312557205211674 0.15407265487942
-0.266638598704979 0.184973042667312 0.177023961433018 0.178569011290264
0.115746851470296 0.309305027486798 0.138974881507295 -0.166359331473768
0.201288193186948 0.176881041700932 -0.221950757136883 -0.163376484073175
0.0790876981264467 0.304312983239987 0.0437050090217672 0.0909339707850351
-0.212169255731804 0.292007200495967 -0.0871902322496526 -0.12991778125406
-0.281132094949916 -0.262310450233823 0.129382317057328 -0.217832277506916
0.377092343697086 -0.172902637198994 0.235578267533864 0.144749733303418
0.0386815313287866 0.387328030657798 -0.06241278583846 0.262934706310954
-0.458333246914286 0.00694213616963084 -0.104971260554059 0.0166703037094005
-0.31880691747434 -0.306009208732437 -0.0790998452904018 -0.123404575475416
-0.295966507912023 -0.252080423613382 -0.0798403767927816 -0.12453517346042
-0.327112941505115 0.0664821152319828 -0.058069962038883 -0.00753576093376877
-0.010454636063845 0.271440756566831 0.0866423305319507 -0.109831488910903
0.219671505564058 -0.0858692942787117 -0.212983829903965 -0.355549621711585
-0.0461629614214414 -0.152575330407336 -0.369977425059258 0.154183418409404
-0.150907512003469 0.0651338348343952 0.149526164057378 0.199378515493461
0.0533041900803679 0.183456596168336 0.143445547245755 -0.197048706022764
0.121847857736318 0.129530725391998 -0.300736743146586 -0.205967620261761
0.0222910884341344 0.277363015378258 0.00737465204980537 -0.0324884919851593
-0.240799702873718 0.168394027485612 0.0128219685690962 -0.137061944717775
-0.0874361396215874 -0.265586962578885 0.0690445777527497 -0.138584057828174
0.318911996651561 0.0370091672427618 0.166881506248861 0.100145165781869
-0.112458307139091 0.287582020693026 -0.103376891539506 0.223486712007684
-0.387047018738316 -0.1221554726249 -0.200711227493863 -0.0588929044458341
-0.233898106969792 -0.306457855717775 -0.163634187244212 -0.27417382903979
-0.239160956090604 -0.188719122929572 -0.188843445231461 -0.213001897862793
-0.239113332078279 0.0872014084172906 -0.157470630572901 0.0421103105261205
0.0165110890821668 0.206079298551304 0.0987901440283514 0.0248466847245541
0.181895530202649 -0.0690959311081083 -0.0812273347330695 -0.363276276609315
0.0222708065155416 -0.124997980972977 -0.392918178563083 0.0520965423045102
-0.112208884148207 -0.0206558675093486 0.0676989432487995 0.238393820051023
-0.0421769662337122 0.102899443324996 0.183568455890489 -0.166838429665982
0.0265109017961817 0.103280581533025 -0.313173480819447 -0.230750129160529
-0.0206048234153486 0.181770064585961 0.00656367674528062 -0.120380154407561
-0.157687867935083 0.062014744252084 0.0582041087013186 -0.0724555449406911
0.0188671625546244 -0.113496982317391 -0.0264517108941009 -0.142909570142759
0.12521463551263 0.0944372232847771 0.178229213501535 0.0788162674033051
-0.0954943409824265 0.106286136365726 -0.166542588830711 0.19980655713511
-0.207896073355212 -0.105359662489446 -0.258297071545048 -0.134758353516641
-0.132589621245917 -0.186246888512639 -0.217688490358686 -0.394399808929667
-0.147551981081896 -0.0954277843580152 -0.267988964888185 -0.272054829515506
-0.141995310454775 0.0632824498870209 -0.233613409912982 0.0716744593620959
0.00424820324998631 0.126998777283826 0.0995347236729426 0.172065738115165
0.110029583450626 -0.0391214445255393 0.0882505236281247 -0.353979381896257
0.0430079453390538 -0.0558465097015001 -0.387956536169356 -0.0913779832507611
-0.0522691116933438 -0.0221478533332262 -0.0422495280557629 0.260789792812872
-0.0646316592955752 0.0562558780963249 0.223245616377684 -0.122613557961215
-0.02846342702438 0.0810865124065004 -0.280948712530785 -0.252198816361455
0.0503863204177091 -0.0293068111640634 0.271635549104594 0.265145413643667
0.0246627363510799 -0.0250791156013725 -0.204517419105774 0.0761793722623928
0.00495787751385473 -0.00640847858185292 0.111187020989308 -0.234052937967727
-0.0512603447238064 -0.00602246105000527 0.333013175317452 0.163000497171569
-0.0329506421643423 -0.0161754929102472 -0.170006366564904 0.305789189718947
0.0186076578145 -0.044001588200193 -0.0619103362598893 -0.224933521931868
0.0343507289001363 -0.0279580935215269 0.261604604454421 -0.071035579593462
0.0345726677598017 -0.00927724728703185 0.300251126799901 0.282190848682017
0.0249223228719978 -0.0072929316555557 0.264961467296596 0.418511873534139
0.0261981840405311 -0.0139842331987416 0.329830406696117 0.14442770936029
-0.00916765109002479 -0.014053606798125 0.170990582501718 -0.22676001559958
-0.0425014576986691 0.00255392508961207 -0.234948285966094 -0.0534818920992564
0.0163663923874013 0.015728712452254 0.0801274639785386 0.169353057506978
0.0624360133510956 -0.0386174408685248 -0.0442433316563308 0.0288128046143821
0.0371843135538868 -0.0577208548523804 0.0219887012198111 0.151805768083716
0.04505552445597 0.0150839257753911 0.250654298063676 0.268632798662052
-0.00911519698953678 0.00315682118393832 -0.195021601477735 0.0282806292810451
-0.0560166378097354 -0.0342580711517693 0.152904819132638 -0.246948586154704
-0.0344353282718331 -0.0897074300161286 0.306170061059676 0.195560195827144
0.0771525501208588 -0.0246848325221072 -0.183066246106327 0.252733767931895
-0.00243902360008273 0.0710937941393447 0.00391011183919925 -0.220001997047543
-0.0889794065169436 -0.0130283829017406 0.266924496842968 -0.0425164189746151
-0.086501419373343 -0.107902043121554 0.290194962734532 0.256811052742409
-0.114642378407895 -0.160354180437385 0.30743300040727 0.334127686285583
-0.160636221514752 -0.0264796415331356 0.351334323244037 0.0384049271248167
-0.0535737374157013 0.0959702407009168 0.0797931850716665 -0.268499550084141
0.0496121528782848 0.0366359602338121 -0.233089800314875 0.0140675435599475
0.0142738521706443 -0.0648778879349455 0.101536594173045 0.133534294245995
-0.00623284088310975 0.0284826533682455 -0.0332630084177645 0.0237733401555997
0.086215799368218 0.0700269141073745 0.0113471667299466 0.12160573924514
0.0615976732406674 0.0707844735551269 0.240673065276673 0.265160840004401
-0.0250583035350965 0.0348002993558551 -0.170940464762428 -0.00741815679515503
-0.0963709100728782 -0.0732632079595984 0.161894725750228 -0.273141227343114
0.0284274560324 -0.144213409882532 0.319716286331649 0.172525456275112
0.145374143244074 0.029160694023526 -0.115023066473826 0.241076962366472
-0.0735545101611544 0.152724947014568 0.0493042924912039 -0.136087946189429
-0.201540772029726 -0.0357103144909149 0.224902725347848 -0.0039944005928129
-0.190143943324163 -0.193529867386039 0.236663031611423 0.188352355642839
-0.27737939389521 -0.203883671296146 0.300536913124682 0.173099206983084
-0.30255766241467 0.115286063585702 0.28387469690546 -0.117574343515049
0.101407148674321 0.220800884901444 -0.078660420503004 -0.271883010015634
0.151277666841603 -0.152614545680924 -0.209705634334666 0.0802374885874072
-0.172141571679074 -0.10973288919855 0.0887046385444044 0.127319024734626
-0.032104119981613 0.188679434966367 0.0305306568329131 0.0280826299240661
0.153838870022784 0.168586514692225 -0.0215134181109824 0.0373047434627751
0.0962594844238083 0.146320694512088 0.202358904388247 0.246947108497695
-0.0272771393079861 0.120255046492368 -0.15337883375526 -0.0205190007254635
-0.145986791899435 -0.0806923187082954 0.148697699819359 -0.289217014985351
0.0992989465526008 -0.161756934224862 0.359062962301483 0.144209426573835
0.159463845835255 0.119316958756573 -0.0419103837760096 0.28638917018299
-0.178839039377053 0.179667033904942 0.0423648399182407 -0.0354664365670532
-0.289065075165189 -0.101544610984594 0.143511721420288 0.014592291985315
-0.270703920271815 -0.250346635683444 0.148611318654816 0.0904224596960664
-0.389216557366088 -0.126370880007589 0.206543090789623 0.0222380732142464
-0.246240960652764 0.301309010214354 0.158028607804738 -0.199670978380473
0.328360456978499 0.0890841160234659 -0.176020318642598 -0.260886352203805
-0.0342118350706523 -0.369821421238669 -0.234744492533 0.120461392000009
-0.355760798006872 0.0736894986176769 0.130674211697718 0.169726120771118
0.0516543263749611 0.335781300470843 0.115201774527492 -0.0539592185474433
0.21294887160209 0.199976113489667 -0.106792896005813 -0.0710501501351171
0.116413676598895 0.241151380050722 0.127650410397707 0.191631521701624
-0.0826362855350132 0.261366348467402 -0.146886228512996 -0.0547190668856262
-0.265376559551343 -0.109618497670424 0.12725134348419 -0.280428216960377
0.200275406355549 -0.220284652345596 0.339862642935332 0.148136916403349
0.158350536238326 0.254151862483885 -0.0325702865650611 0.305988390253123
-0.330206834335871 0.148282623787281 -0.0106724070900943 0.025213957114683
-0.341803896706009 -0.203602850562039 0.0345056954719547 -0.017254435126402
-0.311433359293764 -0.26630531252546 0.0363191002811949 -0.0190058211054303
-0.39210445513071 -0.00673061978318725 0.065200868802168 -0.0332464549050876
-0.0881981451386323 0.33025308379729 0.0882472291746817 -0.182662153512506
0.291309187061958 -0.0845589802505406 -0.225478438534925 -0.309174068224299
-0.164414521569453 -0.246343331480499 -0.305700435755323 0.163289199012272
-0.257263927263553 0.192178043052562 0.180860640112103 0.171588562527212
0.127501672593772 0.30227299390479 0.132306393666531 -0.168888195554807
0.206849460043073 0.166914477192632 -0.224942615600749 -0.153985442455798
0.0891925553563823 0.301193081783359 0.047106419536232 0.0878449816105464
-0.201817260522822 0.296194246145877 -0.0904310945069035 -0.126747067522219
-0.28584264308617 -0.250576179546849 0.12057736177579 -0.219246969335589
0.368363504956083 -0.183108004046965 0.238491534501655 0.137516837583062
0.047888262043514 0.381393277354004 -0.0543681231572458 0.262176985785597
-0.45515222043767 0.019905800488731 -0.103019555341956 0.0208413487608639
-0.325185038894612 -0.297461741851139 -0.0808039673656983 -0.119989341810786
-0.300892134596862 -0.241724192393593 -0.083496594088568 -0.122370552326874
-0.320510018277704 0.073803592608224 -0.0587361011342134 -0.00685071850222999
-0.00222574028191434 0.270555661278659 0.0815737342590615 -0.109973804343956
0.215189014567703 -0.0918305830317728 -0.221832077184945 -0.344960338827704
-0.0499414530284635 -0.148246095462571 -0.363350675792855 0.163477110381049
-0.147742033084788 0.0698382512185612 0.153475319813556 0.192962340463949
0.0604244214847743 0.18036300142512 0.135071563440668 -0.19933931444118
0.126005369043975 0.123921918116347 -0.306597651865083 -0.19476426304971
0.0335774002218875 0.27509455857719 0.007364151767363 -0.0336895240350233
-0.234418136529281 0.173705335203457 0.00823799337733332 -0.136666194829447
-0.094777913064021 -0.259325023630718 0.064024134055566 -0.139305034722259
0.317454439411681 0.0285348320401397 0.168130751093473 0.0967127511330986
-0.105154455030704 0.286125956947895 -0.0973378748941257 0.224014315834632
-0.388758578577443 -0.110588469862242 -0.199776786916849 -0.052327722842501
-0.241373354576197 -0.300183930189799 -0.168384096426908 -0.267576352173145
-0.240813545107611 -0.181374688861868 -0.192299872395919 -0.208913658076118
-0.234927419520644 0.0925061315301536 -0.154273437434952 0.0439445411830667
0.0209877566975319 0.205632769991331 0.0982216519777989 0.0243284572388586
0.177782296782115 -0.0756200318697107 -0.0904445934234818 -0.356395968582411
0.0183584975648306 -0.125398657601864 -0.388494308445827 0.0631385216512271
-0.112142347415183 -0.0176228571304869 0.0747872219621264 0.234920314939668
-0.0383271531911632 0.103439095266684 0.176263911054232 -0.171500282887874
0.0297480205140207 0.101266332919123 -0.317157696642256 -0.217599215633642
-0.0138631646558417 0.179912407719032 0.00379512862563422 -0.120557879453378
-0.153235961768128 0.0664846824164756 0.055709417015506 -0.0741467369606149
0.0158281399537635 -0.112828999576328 -0.0309758919574148 -0.140421461334612
0.126546051471384 0.0899894587583121 0.17920505641907 0.0751076699902453
-0.0921503618173244 0.107065429150921 -0.160913106700661 0.203355273160325
-0.21011733616437 -0.0982490871786587 -0.259477454172421 -0.126181950306803
-0.136184445967402 -0.181143810480448 -0.2256663882253 -0.386608364726796
-0.147244865539799 -0.0911841358221157 -0.273644695702566 -0.264869090921959
-0.138412332291474 0.0664703336860007 -0.231234410185571 0.0753717791049273
0.00741581988228093 0.126148724163925 0.104398358171867 0.170163949732273
0.106397938867672 -0.0418036718206965 0.0790904110010231 -0.353265463859761
0.0402428017494655 -0.0574347671126772 -0.38739367522827 -0.0809312280521381
-0.0530921008110847 -0.0211783660853216 -0.0341055052530967 0.259995814477648
-0.0621096248310033 0.0577815593574565 0.216164302213881 -0.129717821358383
-0.0259272109596394 0.0813690272797252 -0.287548475586245 -0.24116126459307
0.0389768957942911 -0.0467133088449786 0.340581065361678 0.151566174480137
0.0149967399027144 -0.0302597727623831 -0.163687269140773 0.140200648162293
0.00225560587258398 -0.0092728291139303 0.0208404850458357 -0.254901040424973
-0.0473744336034747 0.0118540633210244 0.363488463166936 0.0378007515973552
-0.0364995433272939 -0.00251474522263087 -0.0565038142808658 0.343111820766988
0.00384742170596261 -0.0479173028657122 -0.134048214065326 -0.190274484760181
0.0222075978026998 -0.0371399824610575 0.218934110515487 -0.154678137820062
0.027373487207459 -0.0198535026924931 0.375633733646559 0.15885650579086
0.0193352101300464 -0.0126419081162477 0.392164375026296 0.298041878662461
0.0206424756357199 -0.02044446215469 0.35394145402271 0.0200159704834207
-0.0111770611769045 -0.0109891932370669 0.0786550735737603 -0.268535015688678
-0.0376415401452302 0.0153577848299 -0.236009131367574 0.033848616920534
0.0199017950617272 0.00896472919204566 0.132250248725087 0.130216448656932
0.043218297862105 -0.0570318619767729 -0.029987707466336 0.0423143065065437
0.0141466330579778 -0.0653456529184411 0.0745929883586537 0.133292392552131
0.0489377703802995 -0.00353434136896721 0.323806960234049 0.162116449457894
-0.00729144106676728 0.00822545661035665 -0.169783350653384 0.0925548963441836
-0.0626691960673609 -0.0154433811091704 0.0560986826194904 -0.281864329607185
-0.0599617499819614 -0.0721386905162087 0.348035966542908 0.0757305880053376
0.0623058222048505 -0.0469770991657525 -0.0852104794591128 0.295513132338614
0.0212196011720683 0.0665697965915297 -0.0697302615698095 -0.206934290254113
-0.0870580178516129 0.0180714532831375 0.233582263957388 -0.127841867887666
-0.117213573673642 -0.0709023246933546 0.358875359656252 0.138997729254386
-0.162147376895992 -0.108792639265307 0.399564688238078 0.206969649809303
-0.155123233128024 0.0305577535311689 0.338162828113516 -0.0850320524437071
-0.0158705738305864 0.104329252169113 -0.0202499762321055 -0.274674218833027
0.058627197494107 0.0171688308017932 -0.209670884922107 0.0941960953562478
-0.00843901911991208 -0.0638571214284966 0.139932601400837 0.0897430339454396
0.00391229974871754 0.0278239645429741 -0.0220461557642379 0.0347623128446265
0.103359487679419 0.0347230929970071 0.055319367951167 0.109383778654461
0.0815271431002983 0.0427301058113157 0.311795982743262 0.161969962829362
-0.0125067637095509 0.0414234116205769 -0.160864842186057 0.0524150362595982
-0.113833904288089 -0.0382339922746385 0.0540537011998438 -0.30809591816129
-0.0204372919162215 -0.142563483628476 0.351418320648185 0.0486762547429755
0.143247598450885 -0.0202960904140769 -0.024802055381305 0.26020515826406
-0.0172247331029739 0.166173345771641 0.000738761411149629 -0.145041675453947
-0.197815265971434 0.0343788470809968 0.208115740590189 -0.0784822170161397
-0.24255241537981 -0.115505967383683 0.283805449874767 0.0946024546367571
-0.324676478363381 -0.0947865111002458 0.337539248928045 0.0585204553484561
-0.237935429676306 0.207548639450355 0.222723431133592 -0.206711547349878
0.167312859969234 0.167265126672265 -0.167477391417385 -0.221579438966197
0.0859290063959564 -0.191178662094278 -0.16390589996615 0.146919401869225
-0.195675224305359 -0.0420956033083351 0.126968250289125 0.0874435666067775
0.0352280741310327 0.18407608314436 0.0378271455469604 0.0163550187453374
0.200450042554473 0.099704426758429 -0.00533911214336055 0.0436405772738409
0.139015350046184 0.101539791510754 0.271969107853723 0.157974946510292
0.0131771406246968 0.119776605237116 -0.148507947995679 0.0332373759354397
-0.161344257806844 -0.028244500922185 0.0367765132831334 -0.316273150478427
0.0403872517423857 -0.18283400647794 0.379444290383695 0.0101725674847426
0.186973623607065 0.0587069313149515 0.0597486207189724 0.277016485023503
-0.105996195020956 0.224008784679184 0.0288047432636822 -0.0471082362462551
-0.301189999270261 0.00116901875681776 0.138404461418757 -0.0323399208204438
-0.334836651802135 -0.14041862238112 0.16863636647205 0.0326312845201148
-0.400632255244331 0.0142267409981206 0.197528664542916 -0.0488825532604566
-0.122622913363662 0.359555979741376 0.0767575240025268 -0.238085225560992
0.330288573146446 -0.029819220055814 -0.252063875522311 -0.175974365102252
-0.157744674591902 -0.327033188121724 -0.173225214211138 0.193019213036809
-0.303559280234236 0.188976983622697 0.178917326586681 0.111601676455524
0.164589150455835 0.290555638049274 0.0881278170045934 -0.088775443522019
0.266141004384502 0.108428855165938 -0.123548835010709 -0.0272369249679818
0.188467448293151 0.182308846189448 0.184587563837337 0.130955922955137
0.00820615602267927 0.267789176071474 -0.152853582462636 -0.00108078783065988
-0.280961525992745 -0.0130379734647217 0.0183217873743849 -0.300360368355951
0.114066956271182 -0.270614428526506 0.362309199658756 0.0200315446800866
0.230602508527865 0.184424652065873 0.0760349242474964 0.293669564996132
-0.259402816982298 0.245623424016514 -0.000380387611585855 0.0288366293698911
-0.384154718408121 -0.0763490555370114 0.0260365232842441 -0.0249418749930217
-0.377307373188242 -0.142370005746339 0.026755440425436 -0.0306446455040084
-0.363984537481355 0.126652512150742 0.0479843180174037 -0.0531603485541759
0.0321633332181012 0.335011125865644 0.0182981938584531 -0.198435566037133
0.239117898473214 -0.178417948756401 -0.315692780296224 -0.205540966430179
-0.235296933620922 -0.171179627660068 -0.223793074535659 0.256974073593263
-0.17149773334016 0.265946772957149 0.226677207411671 0.095757882146336
0.221899746827809 0.234062362834851 0.0634472135061005 -0.200558154278102
0.247758681651197 0.0794174059762126 -0.260997651983328 -0.0611840144123455
0.182209421262036 0.247972965154362 0.0757957858929608 0.0614651369901138
-0.0895970047416945 0.340293839607638 -0.123749801410559 -0.0875654196906943
-0.347890167562668 -0.139432616146979 0.033702377626657 -0.239398630970932
0.281688793384413 -0.290327267102562 0.266399131747322 0.0427342128961332
0.16824451065976 0.339285684030888 0.041862276816781 0.261357281996684
-0.414854308392143 0.165568171076857 -0.0877342495972644 0.0563011959832462
-0.397967481723001 -0.168258401669272 -0.117166114057558 -0.0815178882308798
-0.35835873610037 -0.124268916572377 -0.120076993028482 -0.0857726805100628
-0.270640541503904 0.176173797844163 -0.0572070253759751 0.0128379027306483
0.0914292283121697 0.249821033630164 0.0362536652329848 -0.128652447419233
0.165409329663096 -0.159296898167364 -0.324385903506466 -0.238591183137534
-0.0976667168558684 -0.121104263409201 -0.276186213714258 0.278305537253973
-0.112452577719366 0.11580831049997 0.208352820541889 0.124634923508719
0.118965678842247 0.145072323558603 0.0541575622818941 -0.230853537088243
0.158586787153094 0.0666150104428948 -0.351296303017487 -0.0704290162552858
0.119182892327829 0.242691936054166 -0.00307699412765125 -0.0359784625934503
-0.160236274668691 0.236893552385873 -0.0366960777972898 -0.129603778009904
-0.173035307885947 -0.210292216145742 0.00854022268075634 -0.149197208539625
0.30392515933762 -0.0772340771395836 0.190045837559795 0.0285136296716638
-0.00574182749132541 0.301530013293672 -0.0127712917997555 0.242949434803065
-0.398166245805034 0.0231222998975256 -0.202102222160459 0.0194550137250705
-0.322127289345387 -0.197813204779984 -0.248412916535066 -0.189642102981922
-0.284210566451786 -0.0874993214039076 -0.250032991001422 -0.128263711190333
-0.185422705016285 0.162631720830887 -0.129806786395317 0.0932179790404068
0.0894765071362554 0.183124692499709 0.100147492812591 -0.0093865163338033
0.136292607978321 -0.131632688988086 -0.206317266171413 -0.296503099364521
-0.0283647574554716 -0.12305412227928 -0.333200085026653 0.194204783945849
-0.110794737462522 0.0233160506823435 0.150468762368419 0.190025834139179
0.00300406987235968 0.10826609720477 0.10372652012287 -0.219975280961963
0.0617891780664619 0.079841698633531 -0.371111438380473 -0.0882435961954397
0.0451445997786155 0.169835063031052 -0.0374917646330366 -0.114662678014648
-0.121609749315403 0.110667219617857 0.0277114344840623 -0.0879677090345006
-0.0223800930514848 -0.110692568325947 -0.0781827784088106 -0.118763899223127
0.147242589341589 0.0416142943596547 0.194042739273508 0.00748936158802878
-0.0519017030608678 0.12918966898372 -0.0802321111789 0.246351774460105
-0.227552202890051 -0.0236266155558142 -0.282554478463289 -0.0299488992968983
-0.185354487347369 -0.122035659041663 -0.340066574886324 -0.279810151154857
-0.165714548478191 -0.0359396515739321 -0.345870136409652 -0.151725197366458
-0.106404490503197 0.106845777629472 -0.189682744169087 0.148810687526835
0.0487644918867342 0.115760930544699 0.157526243114403 0.124246374300265
0.0845691195587913 -0.075778686373794 -0.0480359849272257 -0.351417049160708
0.0163439431872005 -0.0682228216332935 -0.38510327920858 0.0605713550126258
-0.0559876205258028 -1.12506672119341E-05 0.0595049324057673 0.252879645317569
-0.0356594254672885 0.0756184154254174 0.154459008425373 -0.193262497501012
0.00464989978847893 0.081089359207493 -0.350416293831188 -0.120465011686294
0.0377029691835646 -0.0472852915969724 0.337523854383997 0.142935025865901
0.0145601824416337 -0.0308876098396033 -0.158914796080187 0.140335511251853
0.00181216838561324 -0.0100002708691487 0.0165301103149999 -0.2534435419103
-0.0466839567375808 0.0125679175120837 0.358319331513672 0.030733326892775
-0.0357422275491927 -0.000852422880181871 -0.0513985613368928 0.337144845290721
0.00398101934570161 -0.0469482119615177 -0.135661712711639 -0.185999259738598
0.0212171851930069 -0.0363778253905881 0.214108150549157 -0.151694850623066
0.0245712531765217 -0.0206635056616895 0.372997273054076 0.150693012878327
0.0185980749725577 -0.0121685108643556 0.388938596320191 0.290920166828967
0.0207333246979269 -0.0201004659951171 0.34853370675761 0.0158314360748838
-0.00997237593621178 -0.0109822653443751 0.0740265058864988 -0.265340540716888
-0.0362208107912898 0.0161616309657601 -0.232915737247034 0.0364825299698685
0.0209090113760436 0.00835418189284713 0.133072427890993 0.127211623233334
0.0413704738520559 -0.0568870938210199 -0.028451500091876 0.0423921193442621
0.0123660803247953 -0.0650324943147163 0.0755119112387524 0.131231385503907
0.0484589978084515 -0.00455750832852847 0.320449955426032 0.153194854616485
-0.00666389179030526 0.00717937670230971 -0.165536247423019 0.0936616166305439
-0.0628991963692228 -0.0140605633809554 0.0507370655036661 -0.278203840897333
-0.0605579971270091 -0.0699433733898053 0.343900615718877 0.0702820996720357
0.0605704829480588 -0.0478215934683215 -0.0810600988010289 0.290904548113302
0.0224554082010172 0.0656460766347791 -0.0725619624944142 -0.205126294064642
-0.0856979664542605 0.0184658621460004 0.228426448590814 -0.12739029929295
-0.117199545656624 -0.069076744511771 0.355200335132604 0.132760257347122
-0.161433350520075 -0.104661128491911 0.398216159576503 0.201625768400873
-0.151933381577353 0.0310647200872356 0.334135860554285 -0.087905650361709
-0.0139226426352594 0.102415656522787 -0.0235742280454128 -0.270751428842859
0.0585901526895391 0.0165188332528674 -0.20591887650535 0.0958024501792786
-0.00893491164353083 -0.0630974536217648 0.139244856908739 0.0868797007957757
0.00371372454731181 0.0269051215946432 -0.0212170392275917 0.0351688863963126
0.103660496788819 0.031817440028268 0.0558992761893176 0.10647966631228
0.0812772665335494 0.0405436267397416 0.309211336221998 0.153872640331162
-0.011808847832391 0.0405742800233806 -0.157214314790911 0.0533759629942633
-0.113019310174104 -0.034925271056545 0.0473334836365088 -0.303986456297861
-0.0233170339842332 -0.140375709577822 0.346367052212962 0.0445223065895714
0.141729196617365 -0.0227192818728985 -0.0236309276452543 0.255954201474856
-0.0150071133898836 0.164289664678017 -0.00132682197470577 -0.143526737131761
-0.194152542828799 0.0363981199471684 0.203539987424988 -0.0782857260607685
-0.240799074272964 -0.111438923304239 0.281291431403647 0.0902077689137749
-0.321712618878659 -0.0895841964035935 0.333133195693589 0.0552166007678704
-0.231676630943002 0.207948088277314 0.21779476374134 -0.206380090353124
0.168076438540088 0.163060034689499 -0.166622304966317 -0.21591859609627
0.0817295836886542 -0.189410393484115 -0.159523808568892 0.146014411860786
-0.19360455807442 -0.0377038142963328 0.125122310829255 0.0840252979139651
0.0384711658807614 0.18081258091608 0.0377128942530263 0.015685947074489
0.19914415212959 0.0946687733183044 -0.00360772525569138 0.0432435965922569
0.139655939084339 0.0970572410214609 0.270284713319099 0.148208916685435
0.015133923565462 0.118052726203631 -0.145122012755857 0.0341588499850992
-0.159770909274386 -0.0245655994762945 0.0296839527459353 -0.313190055689565
0.0360997321715099 -0.180650457120879 0.372947587155416 0.00489873236032214
0.185552544505085 0.0548027622330911 0.0619526964711018 0.270322335755024
-0.101216026743632 0.223287903342182 0.0283872188730349 -0.0477576392543196
-0.29800533954228 0.00445425865686328 0.135496312842854 -0.0322129852033163
-0.333040403854453 -0.133254546325483 0.165738455312844 0.0306400692188455
-0.395019474359103 0.0188126031359314 0.193266662908352 -0.0498689480732183
-0.115999100388952 0.356038936277533 0.074497589403475 -0.23516032932669
0.326168229514518 -0.0321606432829629 -0.251696008339483 -0.169410467235091
-0.160211306891269 -0.319615617756122 -0.166655264235765 0.191346877089263
-0.293880062934089 0.193360200549262 0.178400142001028 0.106480465781937
0.168112908778967 0.283345753013783 0.0845438025160906 -0.0880421353864428
0.265504407738399 0.10065229924046 -0.121034035717866 -0.0232850730579486
0.188998202583713 0.176225549523976 0.183312813300618 0.124075768137544
0.0145281996716825 0.264189221268803 -0.150420521348792 0.000496859535813285
-0.275695207248187 -0.0084427387902766 0.0140856578393699 -0.295694107800843
0.108281313888088 -0.266593707580133 0.357213747645326 0.0127769794848251
0.22844312681449 0.17755065922004 0.0800366857463308 0.287372090682397
-0.251099750430051 0.244764192168277 0.00118586795714485 0.0276160305827822
-0.379441701374197 -0.0713222536954452 0.025001119458151 -0.0238825525580695
-0.373586813625979 -0.13493490028316 0.024669681829011 -0.0304216794467228
-0.355999563178972 0.12829796078169 0.0451960825539422 -0.0533119944355519
0.03607861241278 0.329772697313705 0.0143933531924271 -0.195102266897947
0.232585880764866 -0.177965694226441 -0.315534603877228 -0.197072837877626
-0.233709727829297 -0.163249707457827 -0.215260357614477 0.255533986515123
-0.163216611888647 0.265121734814793 0.224513964518706 0.0907721084381979
0.224439439015915 0.225868432086161 0.0575513341436514 -0.199013927695838
0.24760383166199 0.0723741063810289 -0.258238375368739 -0.054574350422697
0.18414682858347 0.239108326057442 0.0758708875946126 0.058161067369903
-0.0817891371324975 0.338106511421395 -0.123870283350679 -0.084678063202629
-0.342792689611789 -0.131479531605568 0.02943858145454 -0.237476432694412
0.272224240764898 -0.289801395899289 0.26280463198264 0.03870340930284
0.170597448490623 0.332198621532495 0.0453614571698619 0.257241298032083
-0.407926259632509 0.169205483798297 -0.0846697476266615 0.0559655128958823
-0.395305937477763 -0.15976531512779 -0.116549261283859 -0.0788244635452399
-0.354519562183922 -0.116200630413802 -0.12058094385969 -0.0829463611552769
-0.264386113851935 0.176018820651554 -0.0574634763723081 0.0119511709959273
0.0940874852847046 0.244865856347879 0.0332615925577622 -0.126204483245842
0.160064267291498 -0.15941063741184 -0.32250903407759 -0.231015821119685
-0.0981175209194831 -0.118504603351263 -0.267188596144882 0.277756974164141
-0.108702314621799 0.116122586315825 0.207176467213532 0.118818271775146
0.121313432069396 0.139092844851653 0.0492335932577605 -0.227772194753371
0.157473038944714 0.0621764439069981 -0.346524966384327 -0.0610213957080359
0.12411685176594 0.23627779046814 -0.00429327740670235 -0.0376455753651955
-0.15199010814318 0.236509656373769 -0.0388537729230292 -0.128036235966342
-0.172139444214323 -0.203961841088175 0.00654384921791 -0.147064173698084
0.298251602199335 -0.0783916342106235 0.187456637479353 0.0262709438571386
-0.0028479405135229 0.296687509600908 -0.0102512151344806 0.240495769334733
-0.392178079245761 0.0289091816167814 -0.198203132764832 0.0216593739693037
-0.319778736155621 -0.191382219161293 -0.247972935146627 -0.185349153467282
-0.279436449226125 -0.0819175718900412 -0.249005314910386 -0.123354876624356
-0.180940797713089 0.163063113518819 -0.127064826328877 0.0916626655946549
0.0905756406804095 0.179520672415286 0.0987636069296798 -0.0101670054603378
0.132239355248758 -0.131300629535791 -0.207399936119575 -0.287510768627834
-0.0306102807741654 -0.120522615324044 -0.326113898252693 0.19644319157172
-0.108364839506757 0.0256235684801532 0.1499566354245 0.185956623985112
0.00459204315636477 0.106447096017088 0.0961512020967844 -0.217241020118545
0.0624087351590814 0.0776813620902858 -0.36473743779823 -0.0792212882569878
0.0491811225819323 0.165416517737582 -0.0394428306521893 -0.11378986739074
-0.117345160006853 0.111170262947149 0.0253900944179416 -0.0876593323233926
-0.0234281995536943 -0.107574840772849 -0.079337576292921 -0.115299882848515
0.145079239513155 0.0386761121052815 0.192350252811516 0.00445587711787278
-0.051086346688189 0.12808504610385 -0.0770893475681469 0.24594205798896
-0.224166608743475 -0.0194131169857409 -0.2790478201222 -0.0259548981027663
-0.183964501948132 -0.118071756782434 -0.337770875504913 -0.273374115942082
-0.164312889461449 -0.0331837009339768 -0.342251127187938 -0.144684932570893
-0.103357222399826 0.106015156069846 -0.187329961424642 0.146658470516628
0.0498651824542645 0.115719086468356 0.157065507093864 0.120698197352032
0.0807310425166742 -0.075766747540209 -0.0510776298069689 -0.344357494643755
0.014304074459687 -0.0670533528731061 -0.378310005210986 0.0673792931018104
-0.0553004714053753 0.00120041253477964 0.0618501711818843 0.248910832482484
-0.0342129998934673 0.0746371575973457 0.148166298797246 -0.193351353525997
0.0069434223154617 0.0801437730227683 -0.346837395860195 -0.112473468997306
0.0372132773733678 -0.0475860177251221 0.333168778806033 0.136690122930584
0.014313744453122 -0.0314175415896244 -0.154685100352001 0.13836505153049
0.00215489021200114 -0.00933106378620983 0.0134099059675413 -0.251314574915163
-0.0447212393041638 0.0125861300665986 0.353478697046398 0.0309573729553875
-0.0349643948372266 -0.000128403896312768 -0.0510853463575772 0.334844930247402
0.0038465195603763 -0.046284245459739 -0.136901505812098 -0.184570243756501
0.0206026070000094 -0.0362393755688777 0.21209922533478 -0.148418062227436
0.0232091946208433 -0.0203643877938522 0.368037337675053 0.147164494049602
0.0177740228802885 -0.0122444273253769 0.38586985070437 0.288961925036884
0.0202639324871596 -0.0196802091710686 0.343243909385325 0.0157858195199082
-0.00880816251422004 -0.0113517346707464 0.0720068676081095 -0.260112346611852
-0.0339430652152576 0.0156375121207602 -0.229558308635992 0.0364573820289656
0.0208706818288323 0.00819892394668823 0.131763114747934 0.126049252959977
0.0402544863801369 -0.0566440894191521 -0.0278099299765213 0.0424446472162013
0.0124866260401346 -0.0643008211663191 0.0769268776214855 0.128628014185659
0.047606737817723 -0.00554739540148425 0.317945185398194 0.148925767390776
-0.00570960121417427 0.00670965375012219 -0.162864726294235 0.0927539159644273
-0.0621190925986947 -0.013034428112884 0.0464026755319871 -0.276156414595094
-0.0601971424074665 -0.068378721326304 0.340704254043261 0.068887232021598
0.0587721404896196 -0.0460702630496098 -0.081770076060071 0.28805586409881
0.0227754013194533 0.0648663484522704 -0.0739576068106445 -0.204000108405541
-0.0856198300998561 0.019424694559393 0.225387771268888 -0.124084964826369
-0.117360451432492 -0.0665716337575276 0.35251134887854 0.129227782922275
-0.160810214927019 -0.104429732587342 0.393883588948647 0.200155892558113
-0.149615369571398 0.0314562487484328 0.329482757001312 -0.0892353572833294
-0.0123080523472833 0.101655630762535 -0.0238189263451392 -0.267440799184246
0.0577669809575144 0.0163644244811854 -0.204098918037427 0.0964340955233707
-0.00875346218084453 -0.0618149415869869 0.137836824688333 0.0861787766723009
0.00351828754096699 0.0268812000950569 -0.0202193819548614 0.0348813326317034
0.102795629991714 0.0293217887639891 0.0572722465916766 0.10611138403119
0.0804904925194553 0.0395638754515249 0.305694356364408 0.14829268910289
-0.0113400518682442 0.0398643842221116 -0.154401639434785 0.0532859969450627
-0.1124597486799 -0.0340520742829175 0.0441169304570567 -0.300772721002152
-0.0253776347921544 -0.13982657311831 0.342136834494872 0.0419916835545318
0.139009643277281 -0.0240554736944361 -0.023463793504116 0.251882830771848
-0.0123206391675082 0.163101006994628 -0.00128050790791609 -0.144144778079013
-0.192230814567428 0.0367282491791203 0.201573456189261 -0.0759093874939836
-0.239925893655086 -0.108449144872827 0.27900910370773 0.0877744572093462
-0.319361923487197 -0.089337854237162 0.329981795132517 0.0552308641680428
-0.229182864036869 0.205580304645934 0.216130129904966 -0.205124369335741
0.167495267566306 0.160372728961549 -0.165868262249514 -0.212425422223298
0.0806957274396088 -0.186195055758132 -0.157677595461855 0.144634281967239
-0.190184874986805 -0.036520072968136 0.124324141027284 0.0826148268753866
0.0398855186220124 0.177973259489981 0.037955453907951 0.0153350787229455
0.198753199920034 0.0901424472628835 -0.0027457193164514 0.0437205577464932
0.138970345523611 0.0942359660573229 0.268335862463128 0.142842114503516
0.0155602085830721 0.116410178729233 -0.143932854748765 0.0342810327845121
-0.158099468847666 -0.0233826272104943 0.0272582431301068 -0.309280523773302
0.0335533835505468 -0.178779743512328 0.370139116110123 0.00290066367197353
0.183088959938624 0.0534005766370618 0.0619846800957335 0.265552632946527
-0.0983934488713262 0.221881311186602 0.0288895160840431 -0.0480261930323279
-0.295357504483871 0.00493555842043591 0.134157308393334 -0.0313272199306518
-0.329073272748399 -0.130567054839081 0.163773577305995 0.0298623183178751
-0.390113695433328 0.0204392868619388 0.190340705567976 -0.0492330060300281
-0.112641258485034 0.353780049030693 0.0714642067229346 -0.232109020721846
0.323377183103551 -0.0329533488671779 -0.24889862631632 -0.167457098649092
-0.160007975955437 -0.313238575011156 -0.163875783775637 0.18960595415533
-0.288859310896403 0.193996822820643 0.177146409372436 0.104142671897389
0.170112556127748 0.278066809314467 0.0823801451435101 -0.0874857463261692
0.263386404009811 0.0955323508482854 -0.119766424419019 -0.02168271649151
0.188678177549421 0.172039349352239 0.18192118459928 0.119925440620117
0.0171945036947706 0.262006664798112 -0.148296413823085 0.000717328859063258
-0.271244695200588 -0.00726639789245577 0.0118616626065571 -0.291278869616755
0.105502761054342 -0.264463819721188 0.353051603965754 0.0108054321317583
0.226418949628152 0.174141199759604 0.0801341510614592 0.282983056073435
-0.247029350636295 0.245034490735454 0.00254940172190681 0.025910348401596
-0.375756224448338 -0.0678303788475257 0.0244912619755101 -0.0234791807464096
-0.36965583382599 -0.132264579838729 0.0235887513061473 -0.0305759973176207
-0.351410675804927 0.129110672393191 0.0439274623650451 -0.053226901568212
0.0387107437689104 0.325290212164541 0.0125593225586688 -0.192567548566565
0.227864980866398 -0.177648554263535 -0.312482491562513 -0.193066195585169
-0.232121079875146 -0.160350726048512 -0.212257953865448 0.255182551156766
-0.158534858040126 0.26331507968878 0.222315292202877 0.0883288955167943
0.224559459645074 0.22156470018494 0.0560484396606834 -0.196855426960906
0.244295998600494 0.0674397857840024 -0.255655090481675 -0.0507035851003459
0.183991454121905 0.234897129016142 0.074401612808317 0.0551955672374417
-0.0769397821294472 0.333850799369781 -0.123485576131244 -0.0838463367543288
-0.340669187141643 -0.126179767648585 0.0282657341000985 -0.234689778449051
0.267555841036162 -0.2862910956228 0.259929124320682 0.0372671297351361
0.168715420087352 0.326352016058667 0.0442101449806082 0.252503428937449
-0.403320042219043 0.17031432978564 -0.0833396824095107 0.0545760598014933
-0.39162876245389 -0.157051794702417 -0.115549966951602 -0.077502393847196
-0.348842297911617 -0.114212845762819 -0.119262351443343 -0.082676375774026
-0.259297213910496 0.17499783393897 -0.0583446799045893 0.0109538932833774
0.0926783544269253 0.242203953805342 0.0319764706360267 -0.123398990857695
0.156208999914336 -0.158110065611062 -0.319961389230021 -0.225615681763845
-0.0981070861861315 -0.115930611370528 -0.262200709767228 0.276053395879404
-0.107133398575446 0.114503297295714 0.204722011423388 0.116553910343536
0.12015764385529 0.136247225814213 0.0456074210058094 -0.22421085818285
0.155619793051088 0.0598566234513787 -0.340416972165528 -0.0564717838060056
0.123862207396593 0.231786205231584 -0.00546083290459574 -0.0385444784047549
-0.147999204908698 0.236446269456184 -0.0388458275799543 -0.127169616455236
-0.171141403371011 -0.200662477730322 0.00504953937967775 -0.14489145288038
0.294525965991918 -0.0797935818243526 0.186192650784416 0.0255108924284844
-0.00352431321449855 0.292562387392274 -0.0095257141298583 0.237230650615188
-0.387743026321066 0.033154097525135 -0.195456964269491 0.0212810310104932
-0.31773453115715 -0.186878581641853 -0.245339117965643 -0.181750325891858
-0.277464601879366 -0.079814709932951 -0.247559417956054 -0.122090912290419
-0.178061703311391 0.160392017551876 -0.126302498207886 0.0892498586589458
0.0904052427180652 0.178935901088152 0.097503881974984 -0.00850392304194058
0.127670876063344 -0.130472620558241 -0.204302847620914 -0.283575297010798
-0.0314499835705462 -0.119039261329133 -0.321089018463432 0.194885292493167
-0.107027993125245 0.0261007423068448 0.150227480351709 0.182336605798769
0.00572508433541559 0.105429821220399 0.0927266343198284 -0.215438866661604
0.0620008874220747 0.0766106936499786 -0.361164693160528 -0.075028533011581
0.0492961922107864 0.162583309760908 -0.0411382799636289 -0.113982877487181
-0.114756956678203 0.111941179818179 0.0245882504331682 -0.0879280655551957
-0.0239360197649008 -0.107143852066788 -0.078676124692814 -0.114081646024643
0.142655376390718 0.0383207745929571 0.192510741225032 0.00340964931929574
-0.0511285395480012 0.126133697140634 -0.0757782696368212 0.24429546806309
-0.220821710391624 -0.0164564538771558 -0.27440886934398 -0.0259012034726366
-0.181914185741401 -0.115633711739203 -0.334645409304527 -0.270440015264292
-0.161018662668371 -0.0298541824639015 -0.339457839722613 -0.14206166068075
-0.10139852870815 0.105549247486655 -0.185622540863004 0.145183007009938
0.0500177768321229 0.115536427910528 0.157022003042793 0.119651302414179
0.0790710093251273 -0.0740123779961859 -0.0504370802039981 -0.341497384993723
0.012218301506439 -0.0661497745676401 -0.372910312572521 0.067192006221084
-0.0548833978450637 0.00247440677246001 0.0625793855323855 0.24593954815493
-0.0326984098322524 0.074851447065034 0.142561598703667 -0.19253631737002
0.00685617082471538 0.080081539188615 -0.342531839736528 -0.107932120571891
0.0371180642725043 -0.0480179255308275 0.332429613827085 0.135987418844127
0.014213319755321 -0.0315402512877873 -0.155394533919396 0.138459042462923
0.00133367427579029 -0.00966809898426713 0.0120335696933171 -0.251575122262765
-0.0441151429101424 0.0132385097766676 0.354702364153743 0.0305572817647596
-0.0346520868572442 0.00103297661079941 -0.0524239965925079 0.335399792398725
0.00416050630418008 -0.0459315346938613 -0.138749396912812 -0.185994844281629
0.0206274342903426 -0.035056380507235 0.213998751180014 -0.14794982852759
0.0222697976346268 -0.019306835537992 0.368071513031108 0.145880838340526
0.0181919124785804 -0.0122128475170353 0.387537764556077 0.290060878532424
0.0204723385203407 -0.0194706218941907 0.344297740410607 0.0151936209589699
-0.00829369592831163 -0.0115441684434562 0.0725398612828965 -0.259983178718045
-0.032992737343607 0.016168056666757 -0.230693295395792 0.0367860725187789
0.0223528714469191 0.00747295388487565 0.132065151198935 0.126986497455611
0.0402044349597458 -0.0562650691196417 -0.0271992556427592 0.0426236403862292
0.0128855616644634 -0.0644999646045976 0.0778737702732702 0.127964420705461
0.0476314095106504 -0.00531014215515218 0.319038784682959 0.146937980395955
-0.00545391295994763 0.00724481157037184 -0.161634730186926 0.0922245417092152
-0.061892420661174 -0.012003451257046 0.0450338495795364 -0.278303468965911
-0.0606165843065399 -0.0679959442886606 0.340155046238657 0.0687243070359053
0.0583685884957979 -0.0465768330757552 -0.0822704588726006 0.288296213565054
0.0237492986935046 0.0658529684596406 -0.0746329444726659 -0.2050094844588
-0.08494117013498 0.0192976979155785 0.225964367578191 -0.122879367393043
-0.117648449161504 -0.0669300804110659 0.35224705489189 0.128108737312612
-0.162535597205288 -0.10469443830989 0.395698864200207 0.201812849080476
-0.150835773701914 0.0308365837313695 0.329434852034156 -0.088587194114011
-0.0119465091898567 0.1012535730074 -0.0238442657538629 -0.268402290929975
0.0582791787931422 0.016550835324532 -0.205578766083587 0.0960571453899836
-0.00830799434175557 -0.0617037316967167 0.137304003286339 0.0857483285336493
0.00391934997888378 0.0264911029921877 -0.0198807643899939 0.0358183289911709
0.103260363432064 0.0282683720675068 0.0583000443972772 0.105289041412491
0.0806896010595921 0.0381766693718751 0.30610434049405 0.147070468328465
-0.0105648216299867 0.0402742243032751 -0.153088815298515 0.0532238750699766
-0.113029441993517 -0.0331170049597158 0.0420108501882858 -0.301093057145023
-0.0264480735517884 -0.13911080776766 0.343076312338482 0.0433842945921321
0.138129399817174 -0.0233824046435944 -0.0248063733535224 0.251026637563554
-0.0120103899872259 0.163147674478036 -0.00143234376626255 -0.145934504403585
-0.193086382755812 0.0360949302439813 0.202082199171048 -0.0746675229688968
-0.2407649417244 -0.108488667561833 0.27965035802759 0.0881681734006082
-0.319158348641218 -0.0879953768968814 0.330429854060481 0.0567023151477405
-0.229581197872921 0.20551584265906 0.21683623049882 -0.206516050707341
0.166770771340795 0.161940309807429 -0.165200013037609 -0.21376171828422
0.0809883445616936 -0.184790408582239 -0.158260235257623 0.144687222418794
-0.190602555241405 -0.0345334439563982 0.124007898594794 0.0825910180975118
0.0406380157866989 0.177335811648627 0.037092855482743 0.0164951661593812
0.199192584012172 0.0881269280973882 -0.00147946749183796 0.0442747973613623
0.139499523242751 0.0937011612154439 0.268101615370617 0.141546828735424
0.0165458943265381 0.116369468922223 -0.143030845230521 0.0333066080980621
-0.157492749648459 -0.0233830892244328 0.0258409669604416 -0.309926563942613
0.0330764877162337 -0.179068510542043 0.368434936567334 0.00230424354018529
0.182277032504526 0.0515368256623461 0.0628718020887086 0.265591923913543
-0.0980030014664297 0.221827514453386 0.0296134006375427 -0.0499817889267591
-0.292974750108306 0.00666235144268072 0.134139967979087 -0.0296220409300427
-0.32975612492094 -0.129832349148909 0.163235593953053 0.0300477858583533
-0.390081550622073 0.0198631865226607 0.19062319619439 -0.0494714501198794
-0.114107896765344 0.353967126258463 0.0720722322312971 -0.233035983153751
0.3238862214726 -0.034134207832406 -0.249304653000627 -0.165484259158346
-0.160821235844679 -0.311817168424381 -0.163513392094587 0.188989828534355
-0.287195055404966 0.195503082690554 0.176702173761902 0.102681038362058
0.171329528165168 0.276655187872321 0.0827312147535246 -0.088095316658677
0.264189920843862 0.092905991515254 -0.118402570546581 -0.0205047078079112
0.18966465469272 0.172084485030223 0.182043514842965 0.117863233309888
0.0180263804362932 0.261736096087294 -0.149471981172515 -0.000184417707401431
-0.271094784039004 -0.00411081265772522 0.00963923578307993 -0.291834244850136
0.103894934769953 -0.263884520945616 0.352993319483143 0.00890557822243243
0.225301887686806 0.174603403527764 0.0808309622282332 0.281758881034559
-0.247588394988516 0.244170506924985 0.0035563574298464 0.0251182744017043
-0.376102549435609 -0.0679530482090802 0.0247393675459155 -0.0232794493601255
-0.370183413090964 -0.130159448787198 0.023257569119744 -0.0310937157841512
-0.350719903756846 0.129140337023055 0.0418399154639459 -0.0548702107575391
0.0380404520976138 0.327981303159226 0.0121367935753185 -0.191887368769063
0.227961643206321 -0.176422363465402 -0.315194529784449 -0.192166508037023
-0.23198679512469 -0.15760554909968 -0.211227541191312 0.25456616910129
-0.157869842271715 0.264103590780627 0.222379066462186 0.0877638325012115
0.225976192182462 0.220959482632436 0.0545236932878162 -0.196265273354966
0.244543384087482 0.0652907605390701 -0.254536753866393 -0.0483982843014858
0.186692685728087 0.233907981362963 0.0747356341434193 0.0528020855287903
-0.0744511357627832 0.335262502699511 -0.124484337847257 -0.0852165927773081
-0.340101158751254 -0.12531158015185 0.0279012637848885 -0.235336516712416
0.266988125968618 -0.285751862670621 0.261201729759712 0.0371131466808198
0.168642158534008 0.327062216348027 0.0455082781611351 0.253128077555827
-0.403040251393565 0.172346560550832 -0.0822231270940689 0.0530261604677805
-0.391272933784035 -0.156683431291662 -0.11605536007218 -0.0777176797874033
-0.34875747776208 -0.113559149867393 -0.120604572978177 -0.0842822767158499
-0.259695256465801 0.175547480085106 -0.0589857370411616 0.00899532799601414
0.0940775071888201 0.243785185183707 0.0316416456783173 -0.123303228446539
0.154939603761842 -0.157608398050615 -0.320738800555073 -0.224741402122254
-0.0977444485124175 -0.115857975699578 -0.261694147549453 0.275884171145806
-0.106806802518197 0.11493023746063 0.20483328410784 0.116081821641537
0.121975796674707 0.135957604023513 0.0455528747996577 -0.225073690909637
0.15446446931912 0.0596682293844704 -0.340579298762405 -0.0556800511437798
0.126137243570405 0.230261587333424 -0.00601794794342495 -0.040709070568224
-0.145560634696013 0.237226127323139 -0.0395403467906911 -0.128618083978053
-0.171474076535916 -0.200720945324108 0.00451256405857444 -0.144951258972713
0.293638622740553 -0.0783512616122574 0.18831584884594 0.0252212408886266
-0.00569787290513144 0.292819507406692 -0.00925777989999867 0.238739291509085
-0.387475548154065 0.0330431384682588 -0.194943344521518 0.0192440457819727
-0.316016888225715 -0.18622741874034 -0.245474730573515 -0.183390234462805
-0.275825083992778 -0.0796505369251304 -0.247498254583367 -0.123330099988824
-0.177190024863416 0.161634961590001 -0.128460958881832 0.087813126323591
0.0902776006961383 0.179936043469938 0.0988540539742173 -0.00760649132814081
0.126842982091606 -0.129790612710299 -0.204164803266709 -0.283394919623948
-0.0329808125108788 -0.117851313113245 -0.320692077557824 0.19543349462454
-0.108049481547416 0.0277161106641619 0.1497921821522 0.182586964018282
0.00557354734443145 0.106010736740493 0.0913661795138928 -0.215784341177224
0.0621105356506812 0.0770501674278537 -0.360463178327476 -0.0743832141741454
0.0504468760100935 0.162574576780248 -0.0425365852227365 -0.11516096996345
-0.114821884619151 0.113039752405344 0.02496207487624 -0.0893928376815549
-0.0241462837005074 -0.106486688878847 -0.0782213634395661 -0.114809715163407
0.142615301799124 0.038791005199273 0.193610938727436 0.00308528386851936
-0.052208586041369 0.125764461085816 -0.0752831077726392 0.245941887523457
-0.220392526785064 -0.0156908837535717 -0.274099872095723 -0.0277950677399949
-0.181789064995708 -0.113850343118837 -0.333907208039806 -0.269663001961225
-0.160304128577238 -0.0295476051112277 -0.339715952632769 -0.14320439521329
-0.101832646054708 0.10591621014209 -0.18806065509452 0.142971709694115
0.0508019999157178 0.116776962184009 0.159054225626251 0.121043984787036
0.0779682591308699 -0.0729202435124513 -0.0506490611895749 -0.341598048042019
0.0119048613113146 -0.0654428779171195 -0.372276142106322 0.0671873364120738
-0.0545425289837997 0.00351591000614694 0.0636624629881185 0.247149339787708
-0.0326774949977473 0.0751540120455996 0.140878681737838 -0.192941450845157
0.00665969131734338 0.0809007399007764 -0.342357450588259 -0.106107434305045
0.0403540424923454 -0.0488761956033395 0.329093913674605 0.152319493333669
0.0184748012698645 -0.029811823056255 -0.164283657072051 0.129289319118834
0.00170755411091492 -0.00964728006582791 0.0260597427976634 -0.25085260457865
-0.0447115520350526 0.011567023498437 0.353562158350359 0.051496926142855
-0.0354034070393697 0.000908620897842361 -0.0724573097875589 0.33431353408541
0.0071749170606657 -0.046777258937989 -0.129158391616843 -0.197808941469745
0.0231098154000767 -0.0333659051462391 0.225677192211744 -0.135205927901343
0.0227462002946732 -0.0170109946415765 0.364210606867048 0.166555479875748
0.0153770798941861 -0.00919319636709006 0.375335604908671 0.315657886710319
0.0212697528054088 -0.01693489122339 0.344550281353809 0.0360920199280282
-0.00603348616336568 -0.0109690829799533 0.0879410633141107 -0.257403362146087
-0.032918222451208 0.0131993718763298 -0.234138358906979 0.0250793252439388
0.0209538583289677 0.00912895859490711 0.126235248143415 0.135595755145689
0.0424270259713027 -0.0544668381740883 -0.0286621127544403 0.0418930940119719
0.0152953956809747 -0.0641578835421081 0.0737647058968929 0.132625055041471
0.0482832311519282 -0.00537302843593539 0.31218604187117 0.164317264805772
-0.00442483021049042 0.00779140935995328 -0.166921331180568 0.0819639392571609
-0.0632042330218673 -0.0161094595953771 0.0605663951037297 -0.274994909062896
-0.0571859620525424 -0.0712158929810542 0.337426055844318 0.0891506269400123
0.0618097338508818 -0.0423746638038893 -0.101206689300545 0.285472371709932
0.0195808661372212 0.0682575911509535 -0.0637157960897552 -0.214088748489318
-0.0876962732175479 0.0148207998136727 0.237501021910224 -0.107998794490321
-0.116617320566089 -0.0728973943888954 0.350999694477111 0.146709794787603
-0.160784127586274 -0.11416861427058 0.389358710314622 0.228032555981238
-0.153562386492078 0.023499505742015 0.336989154346727 -0.0702398179739453
-0.0178137845382088 0.101920222280904 -0.00814424394855075 -0.270384465788619
0.0598774897412484 0.0203008453728537 -0.210942122758235 0.0858626360885277
-0.00533048680931164 -0.0629055173451921 0.134627916816304 0.0935224535864581
0.00247102773823648 0.0269327028082708 -0.0212105992350832 0.0352517980336489
0.102370847424613 0.0332577667550642 0.0553238668595968 0.109408344493665
0.0791721387701627 0.0416285826677478 0.301631943187803 0.162542763263128
-0.0132739016534072 0.0413711646766008 -0.157736896452117 0.0427137027789672
-0.114111423768899 -0.0407026572733134 0.0586573066078951 -0.299566424067833
-0.019058097705674 -0.140938714305292 0.340773518309061 0.0628060465907176
0.14072872794965 -0.0145521273104374 -0.0385718415093785 0.250499096439703
-0.0226052587559895 0.163978740392603 0.0087266832830501 -0.149187802975113
-0.196708559107285 0.0263486863575588 0.208866875907002 -0.0622031831199044
-0.239073389475933 -0.12177615205408 0.278432201850533 0.10336841720314
-0.32100714687755 -0.108617081802173 0.332799548239255 0.0780209639950948
-0.24439930900842 0.19478526856374 0.229849495828319 -0.196025557796333
0.159319093477515 0.173741325470473 -0.154005474181507 -0.223418650671692
0.0922184904567561 -0.182750290525279 -0.165035786746762 0.134954044029569
-0.190808533227297 -0.0451578778903735 0.120536114683268 0.0885061116464731
0.0318932521973904 0.180564539986435 0.0369782721582136 0.0195658227580644
0.196548126266493 0.09665774639422 -0.00166938460924241 0.0453967259281632
0.134340978150794 0.101283276877197 0.262661197325389 0.155146253909219
0.00922361387747987 0.119254427063417 -0.145363803416964 0.0246306000547056
-0.158801078840686 -0.0332648168623268 0.0431680374873165 -0.310479323578176
0.043515702249453 -0.178372566990086 0.369242726775814 0.0231151530749551
0.180379175164941 0.0646786792979575 0.0484309250899179 0.268790987171437
-0.113005573133391 0.217896318218643 0.0351273920522711 -0.0500389316890698
-0.298716765408347 -0.0121919307999923 0.138492584332179 -0.0216717460757744
-0.325997830879614 -0.150777445000862 0.164473155874754 0.038256638112079
-0.397015458133736 -0.0016534253744168 0.195124697795882 -0.0388834312413748
-0.135536021989068 0.351224077588374 0.0854711656655148 -0.23155184258904
0.330354424747283 -0.014304315858729 -0.241221427540192 -0.178784509380021
-0.143611422577894 -0.325160046797995 -0.1723768785377 0.17862802103914
-0.302224128159741 0.18108240418368 0.171503848645475 0.112209736579274
0.158906643656724 0.28849731189179 0.0871318649971467 -0.082955436806997
0.261557716661516 0.105994994298048 -0.116472038906003 -0.0249156908270788
0.181285903903896 0.183446559320861 0.177204203715532 0.12582200963233
0.00236698980310144 0.267630354387567 -0.150014956557684 -0.010963390541945
-0.274888745734367 -0.0220471109624966 0.0272255288791473 -0.291442467118467
0.120650642702456 -0.259861305821394 0.35269527007319 0.0293636496313571
0.217857565068256 0.191136571570543 0.0680839672086233 0.287290362362691
-0.26557311759601 0.232271252752648 0.00400582189085583 0.0233373209706134
-0.376022655053128 -0.0916559156616964 0.0268893774065998 -0.0208384700230146
-0.364483184326701 -0.152832694178839 0.0254687878435721 -0.0309906142635185
-0.361129165825034 0.108284040011159 0.0461024512045133 -0.0540446901019307
0.0198029520929815 0.334004979060958 0.0217823595401937 -0.193026185560899
0.241756982450762 -0.165584576969367 -0.304590902173685 -0.209624603557915
-0.224925104572105 -0.174840933536022 -0.224819915919971 0.242467456116652
-0.174919976631296 0.259653171679119 0.217730183345352 0.0987733538287766
0.216530194434537 0.2346197660774 0.0649812111646953 -0.192198051821094
0.244187241973987 0.0776065304135927 -0.251938144365725 -0.060090419691772
0.172943900618721 0.248246475202818 0.0717244655076179 0.0547679635395959
-0.0960678205280048 0.335796001768871 -0.11864308579145 -0.0942616899661249
-0.33576965621317 -0.14642783668729 0.0408195193095953 -0.233000127573995
0.28706846020305 -0.271539353142241 0.258775812230095 0.0507661643581518
0.149075824463107 0.343945591067246 0.0334950065311123 0.257170966141148
-0.419904524217027 0.147431671633374 -0.0849929017297961 0.048129128105667
-0.386120207625501 -0.1806614563194 -0.111904704798171 -0.0834464845510909
-0.346372117744406 -0.1352883325827 -0.116245844538782 -0.0930980038284107
-0.272378721591953 0.160758764923147 -0.0611114912831829 0.0047563961669496
0.0813224478794915 0.252904952983858 0.0375645551912107 -0.121474024472644
0.16762585220386 -0.148826945198078 -0.310669558075813 -0.242102144132037
-0.0927875453370308 -0.124022609294184 -0.275328283648892 0.262193445056998
-0.116119103399494 0.11160207983313 0.200013089417175 0.126345569041015
0.115176747554901 0.143787003809421 0.056758621943694 -0.222182152275655
0.153919255104648 0.0670795842370011 -0.339444958336708 -0.0711733420717063
0.111124909392529 0.24074951525691 -0.00339922508143661 -0.0438359647515099
-0.163912427670155 0.229827126916595 -0.0306392403812322 -0.13401536925518
-0.161084298681393 -0.212331322634561 0.0122187156186657 -0.144442062624983
0.301895194474345 -0.0604231047145755 0.187778477656787 0.0340238551739346
-0.0252056980814375 0.298953483880007 -0.0201813173607788 0.241295852010237
-0.394254748424626 0.00837843116726218 -0.195949524161368 0.00752182015951476
-0.308274186382478 -0.206499886435992 -0.236410558998412 -0.198364961404634
-0.274069225581128 -0.0960189386410743 -0.243164525497509 -0.138852903971429
-0.18751340083579 0.151971647128406 -0.135394040062414 0.0791195729644621
0.0802662519356578 0.188201946528814 0.0993600361093088 -0.00114904755417916
0.137244197868914 -0.122372672935257 -0.188565094940174 -0.295071006640548
-0.0277766951400112 -0.122765990444817 -0.330150406680982 0.178798825161227
-0.112708702545929 0.022779877924329 0.140355255898213 0.191137271154409
0.000971825579113357 0.109068874099427 0.10103755248272 -0.211362701617221
0.0605845586306702 0.0813653628717229 -0.357601990137703 -0.0904039000577003
0.038189496884911 0.16650907517419 -0.0369946996911268 -0.119571635209873
-0.123422055488778 0.106290032303016 0.0309325990751886 -0.0907178700174607
-0.017904717723403 -0.108205856805499 -0.0725158998123 -0.119376679974835
0.142442136614464 0.0485137376443161 0.196223577905056 0.0122946777563637
-0.0625788121240763 0.125577015071545 -0.0879930193185805 0.245624057681265
-0.221756124402464 -0.030616060652003 -0.271907895535582 -0.0468847486683517
-0.17599314265908 -0.125762428898587 -0.322113172693684 -0.292036303217566
-0.159969143971165 -0.0393357580199227 -0.334624854529933 -0.162548750082041
-0.108419461738556 0.100152724640245 -0.199332433496389 0.132329814639163
0.0435663653332425 0.123383549172895 0.154448021278279 0.131633618487476
0.0842376979659102 -0.0666684778836858 -0.0290484058321311 -0.346975030600612
0.0169056819265853 -0.0665692582131912 -0.375378887935273 0.0468580154306073
-0.0570376576853993 0.000675423167333827 0.0520312377291674 0.249996895272418
-0.0377392686710077 0.0762141906591276 0.151380184697257 -0.187191941271808
0.00434095522053697 0.083161975466316 -0.339488189201671 -0.12340568325008
0.0400005960624315 -0.050786228349203 0.33597226832309 0.148284818028745
0.0175820734544465 -0.0304162054048327 -0.164670454057521 0.133155785020516
0.0010714054013668 -0.00924792302057556 0.0233040465578636 -0.258089368383562
-0.0450553569587749 0.0121058114890169 0.361690774963331 0.0474820373235958
-0.0354380023538091 0.00197524059292566 -0.0707042651869073 0.340713750328238
0.00694247066941498 -0.0465775474783801 -0.134741223643457 -0.201645164000023
0.0228596100044804 -0.0344435686448404 0.229619398404087 -0.139106853395201
0.0216397367626486 -0.0161946423759155 0.372016227150025 0.166166780166202
0.0155250700534782 -0.00934572009562321 0.386612551000867 0.317547051211977
0.0220828064876889 -0.0168447682288146 0.349476840352157 0.0343403725563604
-0.0061257751042392 -0.0113099287114544 0.0865925528255154 -0.262898297652639
-0.0324078251250753 0.0145429541231238 -0.238879774400708 0.0273476076965912
0.0224569635971165 0.00929412289681186 0.130871406194801 0.136908646165948
0.0420446579065589 -0.0555087699343376 -0.0278917026380649 0.0431932703307265
0.0147611521805179 -0.0654451216379972 0.0777862088393443 0.133771996383054
0.0482316380760052 -0.00635469091053732 0.321687231449552 0.160166686501144
-0.00551658133124232 0.00782672222139879 -0.168225506032385 0.084709308018623
-0.0648629290853067 -0.0153483799887547 0.0577383459493708 -0.281875016500207
-0.0603068551319244 -0.0717451488378256 0.345014915852729 0.0873767260565068
0.0623262197322514 -0.0434803320302882 -0.100687390329108 0.292522985068194
0.0204878698627579 0.0698030414103172 -0.0670154387927957 -0.218723761604144
-0.0892114374314776 0.0158228171415391 0.240901795257641 -0.111313314349993
-0.119559321615867 -0.0730056730854365 0.357343315163388 0.144787371027068
-0.164907872556437 -0.113933256634543 0.400469168509351 0.228611142893092
-0.156576339412343 0.0250946931173436 0.341806034950581 -0.0754140317884071
-0.0171081048673312 0.10381456667859 -0.011412057828951 -0.275592522802156
0.0607614233946906 0.0203618350337931 -0.214747087034273 0.0884579952390205
-0.00623396218066367 -0.0635095899847464 0.13762073457131 0.0954546485991066
0.00212354096781549 0.0270036291680539 -0.0213357066860443 0.0363160668271595
0.103830898874176 0.0318580706778977 0.0596882599186268 0.111437051742615
0.0805512695584827 0.0408133529695014 0.3109303273182 0.159848639622252
-0.0127331100277508 0.0417463482233041 -0.158080392705765 0.0458940284902376
-0.116616850251286 -0.0390519078908049 0.0576043392889523 -0.304978618430678
-0.0224741230883726 -0.144271268611235 0.349545894414954 0.0586775272998768
0.14225830344766 -0.0161245271679528 -0.0377806372769243 0.254955838069364
-0.0202453789191122 0.167995273229862 0.00765017585366692 -0.153781876407164
-0.20110471937887 0.028379697169339 0.212740870408593 -0.0635942382768596
-0.244552274864226 -0.122078492379148 0.284664129316137 0.101683156031531
-0.32931161888524 -0.10780462476198 0.340513307715634 0.0752675015550867
-0.248107596638073 0.200464694898777 0.23330606684342 -0.201737691799488
0.163752746199461 0.175550212342225 -0.158262177232228 -0.225661876885964
0.0911103196700515 -0.186217179308192 -0.166230019994821 0.138733249302376
-0.194821076351514 -0.0435773013333279 0.123498239782971 0.0885718320097063
0.0349329092595415 0.183040010800331 0.0380100796989738 0.0201170573100417
0.200542249960896 0.0955051426201045 -6.78516376150516E-05 0.0466225398690002
0.137885992685819 0.100637730128369 0.271041693159722 0.151907178796949
0.0102481778711238 0.121627023361078 -0.147547591316876 0.0253865576102003
-0.163113146602136 -0.0314569750926501 0.0389090356659563 -0.316502190665038
0.0416947142106403 -0.181742575299963 0.377542691771533 0.0184812651070203
0.183351623157452 0.0644064720312816 0.0543014584596178 0.272303484532284
-0.111807145260921 0.223143284581788 0.0367949465132774 -0.0533111649287446
-0.304671471860804 -0.00962288273497412 0.141227960828016 -0.0218701347440954
-0.333490685202087 -0.148855833823785 0.167737921173291 0.0365871331901283
-0.404358510288059 0.000368194514270029 0.19779282572568 -0.0425895037571992
-0.135566514603476 0.359959036008512 0.0844218575830051 -0.236544725516379
0.335167681047307 -0.0181537827659247 -0.245724907133628 -0.17913103243612
-0.152054006218637 -0.328145912441116 -0.173124913963065 0.18321625680694
-0.305632127732975 0.189365594801924 0.175599666410745 0.111169981650486
0.164764627439613 0.291260104324841 0.0888319245804122 -0.0848190757585943
0.268107739556542 0.102606375963637 -0.11786976021898 -0.02323878016046
0.186255259408333 0.184429591146914 0.182526661672824 0.123701394960247
0.00659145133120327 0.271987175741813 -0.152190109940714 -0.0106006901292584
-0.279471515620103 -0.0191362191000929 0.0229110098519228 -0.297589869914665
0.119390199759606 -0.265185049511606 0.361667460834256 0.0254873084323265
0.221910454255731 0.192399933407794 0.0745176078238046 0.290798195066321
-0.267455273137763 0.240622106983205 0.00480110685258284 0.022480578980793
-0.383797805968737 -0.0903229076761706 0.028012472762479 -0.02090497497898
-0.372771266227199 -0.150997955356164 0.0253575487461404 -0.0332847835842098
-0.367806594757287 0.114627954821581 0.0454499771599261 -0.056799612517363
0.0251625168029158 0.339531411548634 0.0200730217383735 -0.196281899723877
0.243064421685488 -0.169989334788318 -0.313265452819671 -0.207398141749572
-0.231076309123361 -0.175533834338035 -0.224833515504369 0.249082563439584
-0.173966562131935 0.26689531608998 0.222160533158157 0.0972608000673441
0.223015757273692 0.234275861783576 0.0624382618580598 -0.197019510357803
0.248414467624238 0.074469957815218 -0.255639249353967 -0.0569716633033578
0.178748943687819 0.248521200772701 0.0749074032418582 0.053049727703459
-0.0927445145365807 0.343395770874577 -0.122278629457502 -0.0955343008963645
-0.343925301216125 -0.143666363288364 0.0389201516486745 -0.236887551111594
0.289277994471264 -0.278546029711342 0.264795951261334 0.0471997961624676
0.152897417297634 0.347911888094625 0.0385730227652322 0.260788084483654
-0.425669652487479 0.155088674885682 -0.0848719855199172 0.047968699344779
-0.394168327309294 -0.180277177603795 -0.114152263416495 -0.0842520026058562
-0.352396627066341 -0.132846556936839 -0.119985156501164 -0.0931383667897304
-0.275379737349409 0.167795001467211 -0.0630121681904225 0.00345046682968457
0.0873829214500612 0.258331858501805 0.0369140867368677 -0.123330807239026
0.166935870964788 -0.153157855287755 -0.318039943119874 -0.241742956680007
-0.0967116803900641 -0.125914567809239 -0.27570301752031 0.271662506439059
-0.118077567176322 0.116854855751985 0.20384463918132 0.12682697515137
0.118899988013727 0.145321169970548 0.0548027548203169 -0.227835683770495
0.157059987201724 0.0666215815566317 -0.345015575783333 -0.0672631675473593
0.116882976850686 0.243655311166334 -0.00524172123536104 -0.0464132337017542
-0.164209406205782 0.237390748541383 -0.0339895075997241 -0.137953144742932
-0.167230152171788 -0.214549473570196 0.0123239504621757 -0.146965231991422
0.306672107454274 -0.0645988252825633 0.194086379073735 0.0310199257004099
-0.024737049449021 0.303807000581988 -0.0170288358882186 0.247333351616733
-0.400940384436612 0.0141296039142366 -0.19834007478127 0.00790506273558579
-0.316036445837944 -0.206451524897781 -0.241215372458764 -0.19933947564239
-0.279662015684605 -0.0945199071807317 -0.249137080770666 -0.14034581377082
-0.189557595340384 0.156275427064127 -0.137585544673553 0.0809262185573372
0.0834783637244461 0.19323816738925 0.102218958780156 -0.000822733634857992
0.135977321623413 -0.125061149546249 -0.193500781406407 -0.297405709722196
-0.0307559421134009 -0.12392874713241 -0.332435183207171 0.186885510964585
-0.11416678597926 0.026384016526044 0.146399719232151 0.191960513476992
0.0019931925291131 0.112292054071877 0.100577819410855 -0.218177831031264
0.0623347405807672 0.0825480425196965 -0.365186062957034 -0.0875681472275466
0.0409661783190702 0.168614621195721 -0.0403453883990555 -0.122878866419396
-0.124754832666492 0.111833679976892 0.030056202825306 -0.0945659389808813
-0.0200244748210954 -0.109814004340173 -0.075045443541896 -0.121196790103872
0.144668229220183 0.0470686863866711 0.202745059624028 0.00872647987109969
-0.0639168560608904 0.128202303026191 -0.0857439702752748 0.252052547769967
-0.225351806905797 -0.0285329721066962 -0.276238652744244 -0.0468160676415676
-0.179223895024532 -0.125153247708886 -0.326585160805062 -0.295276477516461
-0.163000323810745 -0.0377865877658934 -0.341917002500435 -0.162976803485178
-0.108980667258586 0.103515916012087 -0.20383538626648 0.13562861440373
0.0464250836378913 0.12681256895967 0.160462752443659 0.132711293518645
0.0845405654557036 -0.0685905546588759 -0.0315706926879393 -0.352299651216719
0.0147943031141549 -0.0681056239913663 -0.381272664099329 0.051996026919174
-0.0578548465575818 0.00230624722173532 0.0564236907728674 0.255008144835417
-0.036937334622583 0.0789596710837844 0.149826782810584 -0.192542302677002
0.00639328493153354 0.0852037651112827 -0.349015389014757 -0.119568650229007
0.0395867028567706 -0.0524022431708462 0.347328156624459 0.142505335396284
0.016965981244041 -0.0322947021715005 -0.164591604659993 0.138138353482884
0.00073618821615019 -0.00965065201359092 0.0179492932204659 -0.263132028780884
-0.0451290689888527 0.0136723787692202 0.369620865701788 0.0406932827130087
-0.0353678375357382 0.00267711629419083 -0.0660667020610577 0.348365037831304
0.00610312550673752 -0.0490656396426851 -0.141943392519988 -0.204339416929891
0.0221696051517291 -0.0358380882172602 0.233110436636258 -0.144465683274463
0.020470204599817 -0.0165462052988344 0.381095948758082 0.160461460775752
0.0151014151661146 -0.00969253761263874 0.402021396290224 0.316846430036264
0.0226725294099868 -0.017275915497525 0.356462915309241 0.0292854551756689
-0.00605340578224002 -0.011856357906604 0.0846754536964173 -0.267215156684146
-0.0327201158069783 0.0148290331790421 -0.242773620553902 0.0322860674216969
0.0224410418154826 0.00824644300855319 0.136840023917065 0.138083048948601
0.041263122960989 -0.0578232507315989 -0.0279828402606786 0.044838010606547
0.0136405455383729 -0.067863723835447 0.0838736196419306 0.134896635848534
0.0488667490747045 -0.00763350742835197 0.331469215092426 0.155443763311076
-0.00541435714873089 0.00777324973666276 -0.169131579065686 0.0895682537687397
-0.067079104004733 -0.0140832426412951 0.0527531869234185 -0.28856921262637
-0.0631482949931192 -0.0722496230606866 0.353512456785454 0.0811294922241595
0.0623799123795088 -0.0445785311600812 -0.0970927952494754 0.299280358107815
0.0233429782868661 0.0710236705292832 -0.0722607408506112 -0.223857976771874
-0.0903051704655349 0.0178591157978972 0.244497085139812 -0.11609101016399
-0.12444286922557 -0.0719173451468509 0.366575642265598 0.140225213531146
-0.17142952342167 -0.113543577358685 0.413797184366681 0.225780840492662
-0.158888906512561 0.0278871992728233 0.346930279458981 -0.082896037701956
-0.0160602180376737 0.105780729296907 -0.0156974220368522 -0.280990528988991
0.0631187946776095 0.0194589382626664 -0.21761696482813 0.0949946263787384
-0.00745231579879945 -0.0649278607196537 0.143647808760064 0.0953025870298713
0.00246557177903893 0.0267741656077653 -0.0198298331620102 0.0384156606998919
0.106809600562109 0.0293431005805422 0.0649123156209695 0.111901946016004
0.0823025468247045 0.0395505112513088 0.321182349691665 0.153637912067661
-0.013052265306286 0.0420693600578637 -0.160508155906 0.0488981265251105
-0.120663332468945 -0.0374385876872599 0.0508575032462688 -0.311877250028888
-0.0269111242103555 -0.146183067640835 0.355608579787137 0.0533009397153278
0.143389321008485 -0.0189064872376122 -0.0329022607039615 0.259577686126611
-0.017361987083076 0.172133070532055 0.00480258121611464 -0.159114521659415
-0.203958956633558 0.0317368582821436 0.215922943771463 -0.0678751316048303
-0.251761861225892 -0.118508563705192 0.291834523117379 0.0971088996157568
-0.338223635240394 -0.104438352731433 0.350538026114282 0.0704959892553161
-0.250801292929033 0.209916872463032 0.234561482308862 -0.210741656524726
0.169260362998831 0.175648248914373 -0.164607459905782 -0.226541752066935
0.0900964454337237 -0.190244693561373 -0.167215039030565 0.144349599015432
-0.199575192358059 -0.039401621281883 0.128165894044858 0.0883207338394557
0.0393829905619465 0.185562374001753 0.0401011226029099 0.0202065724684833
0.20610324596158 0.0920180133784958 0.00311392951119192 0.0470325173774625
0.141203018210648 0.098561635755789 0.281285488455875 0.146741704512556
0.012746277904062 0.123310535523604 -0.149293786971902 0.0281251558275207
-0.167159642996823 -0.0280896184305579 0.032928131650039 -0.322900275623611
0.0374893748628804 -0.186226604697901 0.385583169838903 0.00942076245162407
0.187000163780831 0.0623555359334391 0.0610234120309974 0.275543358178765
-0.110761110990946 0.230339796862024 0.0371235254191602 -0.0566731182709829
-0.310664622154079 -0.00437971324685755 0.144868254024889 -0.0244538854229094
-0.343750349823456 -0.145828840537414 0.171001018120479 0.0344658017066319
-0.412772148274797 0.0073001960935361 0.201543815359125 -0.0471676650747934
-0.131730072868078 0.369307729807379 0.0824248904742463 -0.243257503438362
0.339891700610513 -0.0230876506537653 -0.254598265805748 -0.177596632641466
-0.162081964745181 -0.330447091783988 -0.172619420222171 0.190628761326681
-0.307448053369173 0.200136279477138 0.182476655171529 0.109565297086442
0.174948819241052 0.293259990019081 0.089032510341738 -0.0887795282807433
0.274366925705888 0.0970335854536491 -0.119412888168242 -0.0204631288590837
0.193394612275337 0.182743770022654 0.190446618925705 0.119864706331794
0.0134775191552165 0.276103272736802 -0.154642213649631 -0.00753821619447543
-0.286540393290271 -0.0125644484711494 0.0177334225475322 -0.304548142221971
0.11524844889745 -0.27230353027698 0.37053573990155 0.016249918976365
0.227752423564008 0.191585915232086 0.0840772299647304 0.293531485940272
-0.267478167688495 0.249536254798333 0.00671303156589935 0.0212771945261164
-0.392524641610144 -0.0844464319850192 0.0284199019647832 -0.0218468546998874
-0.382219118850575 -0.14767696529989 0.0250967536693047 -0.0343419864174137
-0.373319013081044 0.121895547026394 0.0447703844452515 -0.0594307356287895
0.0307831554639923 0.347097909882842 0.0164838782404024 -0.200504738217291
0.244050497163073 -0.177298136660741 -0.322717263373853 -0.205509605482833
-0.239756470693167 -0.172404222431258 -0.223168177508367 0.260480907974019
-0.172088603291628 0.276021618335543 0.229259483997351 0.0946912628237634
0.233925039728588 0.23369435116768 0.0607865481897339 -0.201587699153491
0.254273012520407 0.0702825589010638 -0.261643451215034 -0.0521427822138404
0.187900463662298 0.248994591682116 0.0770968166149883 0.0501432216185966
-0.086360695225411 0.351820674574417 -0.126704727691208 -0.0960120712970737
-0.355403323367571 -0.139751320779037 0.0351939874328314 -0.242331883667685
0.288275283374055 -0.288930810227416 0.272843783557189 0.0427179715509146
0.159981827837705 0.352734024450672 0.0460371063087155 0.265389104256337
-0.430911129148782 0.165945555511587 -0.0848931389507575 0.0495703159861654
-0.404823347631501 -0.176337845652503 -0.117552623922929 -0.0831687152327319
-0.362294511734135 -0.129081162399042 -0.124478465666909 -0.0947982243850234
-0.277846986257403 0.174781327775466 -0.0645051690547373 0.00352318224775775
0.0938233769367523 0.26168785596924 0.0349575493550644 -0.125219745426349
0.165880928749322 -0.158518234497809 -0.327675827980926 -0.238722455650812
-0.103578221947697 -0.125582425920606 -0.274953109883838 0.282898671230498
-0.119563531951832 0.121502159941315 0.212776933928469 0.12514362743204
0.124111784219328 0.145890728234573 0.0507727226328168 -0.234396284116011
0.161018632670593 0.0643693567011543 -0.353876282740771 -0.0601603441057769
0.12300082701962 0.244726563477084 -0.00637791806139252 -0.0487230857541967
-0.161595220738064 0.245695970429029 -0.0365224283475425 -0.142187042219807
-0.174728370563724 -0.215184811579024 0.0100938792195401 -0.14988596000505
0.311024744376133 -0.0710928429761691 0.200543722988243 0.0269787107215537
-0.0206931895750692 0.310187411193124 -0.0100705435778073 0.252075047046385
-0.406592432968016 0.0218500001664939 -0.200741799005439 0.0104140799617942
-0.323665435883977 -0.204407559886355 -0.24785299443142 -0.198597929695779
-0.28590478618688 -0.0900685810266909 -0.256114876651246 -0.138457470517339
-0.190089093023681 0.162976236761064 -0.139377880900265 0.0845195581878606
0.0900629152498323 0.19618337347039 0.106099051549847 -0.00175645479544299
0.134535036788615 -0.128749885026207 -0.202823561102443 -0.299278096703236
-0.035810094334881 -0.125046371624545 -0.334482163894917 0.196338128693757
-0.116330973450461 0.0302943311398195 0.154400584327925 0.193309571288727
0.00416641085345574 0.114753788563932 0.0961436257048821 -0.224675423175065
0.0655720445985633 0.0834922650803106 -0.375883255716413 -0.0794418767201532
0.045237242019888 0.17084271333305 -0.0450405323904724 -0.12585004116909
-0.124839221420786 0.116589810136355 0.0296093081459225 -0.100204480966213
-0.0221523390589801 -0.111517124986555 -0.0774940439024767 -0.121935196900402
0.14653998222746 0.0455089906664255 0.208645306053912 0.00286416308038429
-0.0643284085006597 0.132709236710135 -0.080300029856346 0.25828426250862
-0.229385677768763 -0.0250181380855503 -0.28004569324012 -0.044002724731444
-0.18408173970676 -0.124530181546455 -0.339630161688102 -0.296557642889717
-0.166229575770757 -0.0357735388774616 -0.350720872617579 -0.160985237904319
-0.109543398816237 0.107550702934027 -0.205731484441692 0.141584986040314
0.0499506696383875 0.130518700028431 0.169217675405556 0.133671344750318
0.0839434468884959 -0.070302038177602 -0.037879748659117 -0.358804457018327
0.0133656950486767 -0.0693768631367945 -0.387450187129434 0.0604185284944588
-0.0593085201237944 0.0037688098620203 0.0645452856292314 0.259268548350943
-0.0361988413573737 0.0823651149283261 0.148043210162099 -0.200197458160225
0.00838778225117669 0.0875952043192603 -0.358407566708945 -0.113516574428552
