TRXV5
3
4
4
9
string Extension=J
integer IsArchMeasurement=1
integer IsSpherical=1
string Generator=SPM
string GeneratorVersion=1.3.1 Dev
double ArchRadius=0.449999988079071
integer FrequencyAxisIndex=0
integer AzimuthAxisIndex=1
integer ElevationAxisIndex=2
Frequency
5 401 1850000000 2050000000 LIN
Azimuth
7 8 0 2.74889357189107 LIN
Elevation
7 15 -2.74889357189107 2.74889357189107 LIN
Polar H Real Part
13
Polar H Imaginary Part
14
Polar V Real Part
13
Polar V Imaginary Part
14
Polar H Magnitude (dB)
12 0xC0000002 0 1
Polar H Phase
7 0xC0000003 0 1
Polar V Magnitude (dB)
12 0xC0000002 2 3
Polar V Phase
7 0xC0000003 2 3
0.255649313712767 -0.297950486316683 -0.164508130846133 0.278081414768428
-0.121628424453872 -0.267712799551486 -0.0210453252610792 -0.108075975350603
-0.186968487372087 -0.0258407920875805 -0.195312875610314 0.0852962415551955
-0.0788823334658853 0.139242118924091 0.0968127306877121 0.0116614221326913
0.122576228844402 0.0969480574980211 -0.135557386184364 -0.139381110615975
0.115631519522238 -0.0699439069608975 -0.192518139734177 -0.00126398655212557
0.028415240986168 -0.11928623389366 -0.15540056889718 0.0148655064721515
-0.0113706308740728 -0.135330394041979 -0.161931494513054 -0.0728889964975426
0.00738051503831142 -0.142678422526805 -0.145360407952297 -0.186835823806601
0.0904706674315551 -0.111552582867804 0.0182443613401839 -0.263121227833877
0.139441522282538 0.0254600386290536 0.222353037339795 -0.159167230341186
0.00299094851777894 0.118747102278596 0.346979418580468 0.194820894320567
-0.0766155776212069 0.0408683821381458 -0.0639320590805834 0.565815760234893
-0.140209958209476 -0.135927708439878 -0.516283025946569 0.366639865083919
0.167864536707493 -0.237377411210038 -0.737483083133008 0.227251642094098
0.149187062486276 -0.0858121697120726 -0.243053937538316 0.294121736795533
-0.0297231157618134 -0.194467260902427 -0.0950800317068361 -0.0655164273492909
-0.205469258163268 -0.0209515006184728 -0.221920504326733 0.129124083914463
-0.0745363377794333 0.204081065519578 0.095720225522188 0.0921558686300028
0.189075542689701 0.156026884778527 -0.0719907032694834 -0.0974504962982299
0.195097458004812 -0.0548046370957012 -0.132567046858003 -0.0150400802427353
0.0996517543870238 -0.102692960104871 -0.125780626043226 -0.0212998284807099
0.0510902706000986 -0.0907345479266943 -0.154679633411702 -0.119303575559047
0.0398814800630364 -0.0820402523923643 -0.13971840690375 -0.23869547528914
0.0795879021236495 -0.0705151436106474 0.0481027825768003 -0.314159702330586
0.141431045349529 0.0495687421767308 0.271888587612417 -0.167590231021855
-0.0327698622592823 0.178510611517751 0.343616537316721 0.210955232020302
-0.0935052961091695 0.0206377993715295 -0.0275303485019881 0.534062735396105
-0.190006542059403 0.0201362222507455 -0.521743087248257 0.4409775460744
-0.0798478003257076 -0.138028336588724 -0.782191308353954 0.241608363301501
-0.0203135649527138 0.143843733302354 -0.255792654234824 0.220343105998697
0.0781490152386439 -0.00419450496516002 -0.158042659683191 -0.126936866399167
-0.128566850802259 -0.0378697665933114 -0.322988796498416 0.136143138058384
-0.0635246844051504 0.226164911749395 0.0498811180963102 0.218358388981766
0.227467395598004 0.176524481793934 0.0289476815378122 -0.00955004107935099
0.232925738045907 -0.0414412689340298 -0.0298805984040066 -0.024602043378943
0.145874146722432 -0.0750328863174281 -0.0638100793868028 -0.0563510174090981
0.105018060356469 -0.0309233313783874 -0.119726395390385 -0.146940811930352
0.0784601531367384 -0.00433434724195728 -0.125227566558797 -0.250273411478952
0.0753810152575255 0.00119224884607958 0.0446666069739739 -0.327609692726407
0.110111852370075 0.0912074798702992 0.268270218730805 -0.200102335031898
-0.0757897627546629 0.217708329663842 0.353943054679878 0.159538984282025
-0.144779460283777 0.00537095117581616 0.0844628868178618 0.458668349421085
-0.184125672227983 0.109978430911444 -0.400433221685449 0.547618028913961
-0.271375069593883 -9.23263445298181E-05 -0.736466007724687 0.275677541348976
-0.240102964486508 0.310560215697938 -0.177326213050353 0.0907745519215051
0.0768500177307748 0.241867557435712 -0.164276644058979 -0.246575023685889
0.0105485207485173 0.0218248030999264 -0.419173730239038 0.0570314206923621
-0.0228471678360054 0.196038862022646 -0.0573258807162857 0.320259195707195
0.222485670313508 0.156321895192553 0.114542749667112 0.109888370500913
0.214899311745034 -0.0192738400940481 0.081500555038058 -0.01849347589542
0.155625660320876 -0.0243383868269868 0.0123380101325083 -0.0808434991184892
0.143143864588585 0.0339447332680958 -0.0662904329393592 -0.151675302055103
0.121326779564407 0.0671363126439943 -0.0957012724038369 -0.221105017251946
0.0989004255378997 0.0795273024538074 0.0293550746705811 -0.294155605165194
0.079654847134868 0.156838653672783 0.221637353920474 -0.206053073981005
-0.116527748999612 0.23087438102775 0.325258007004446 0.0664621767961481
-0.157223309035791 0.0153740838234986 0.213970358778881 0.337419486450111
-0.154384730182119 0.180721249152557 -0.214052837717688 0.629854195418533
-0.386214106696975 0.161768434478306 -0.622811054785013 0.291361576771365
-0.452711143221806 0.384885320093677 -0.00947712476417557 -0.0518506010913565
-0.0314599103158764 0.425960456078022 -0.100650861612265 -0.376157349329163
0.105486433099322 0.143673416072555 -0.453903856506275 -0.0949464642086231
0.0380987238627959 0.155937507406967 -0.198429950876369 0.338641700020945
0.176771008831461 0.103887217181209 0.14088112557722 0.217152120862396
0.148417435512709 0.0087232442562461 0.159331581536678 0.0124724924281766
0.137570503648596 0.0397471018432361 0.0797715950294689 -0.0813056177706549
0.158940074594025 0.0939941644891344 -0.00192529800575014 -0.133023195607586
0.151442786636146 0.116126001904621 -0.0390801147139233 -0.169107417700037
0.126042475137938 0.135133556898979 0.0442491668324071 -0.212794372946644
0.0608080890537052 0.205784651263919 0.165420599612054 -0.145580207500862
-0.131073160785622 0.204951805291054 0.221110073231617 -0.00590967113768427
-0.0975752721957581 0.0355403829275832 0.298177562963436 0.176787371583247
-0.0958419384971134 0.251031845763133 -0.0386394276044487 0.638512034245663
-0.427067703740741 0.320840786608284 -0.463616248090801 0.251826393928989
-0.576825179144984 0.382046676904371 0.219230703900251 -0.153933398265707
-0.144235956741176 0.501688559945365 0.0365052456741629 -0.458061638397617
0.138967575449634 0.219387871119819 -0.384137150815359 -0.277052896075494
0.0603382402849201 0.0997831193882358 -0.315734078019282 0.260533678207107
0.0928556217406341 0.0486788766283573 0.0962260417750674 0.268641473634993
0.0564419211185196 0.0458549957326349 0.174284738321981 0.0638006963214177
0.10092269279237 0.105486703745743 0.126118160014952 -0.0480442488996115
0.153688553033075 0.141271964053732 0.0627864020280969 -0.0938260346043999
0.153424271034904 0.13909983081524 0.0336370427280113 -0.115758920921425
0.127588867169767 0.148085329107893 0.0961090992099648 -0.123222234632899
0.0424491433518165 0.192426695286483 0.144165265856385 -0.0303506744203283
-0.0938425136954981 0.128401208931525 0.0756094215126903 -0.0138964579430692
0.013392664445641 0.0636812195513943 0.305320680347111 0.0271674585850206
-0.0154116370776545 0.304916176234558 0.0590577697575922 0.561327939999782
-0.412972116881615 0.443620160426302 -0.290652382809812 0.141927881867066
-0.572951040962671 0.336831072478882 0.451930112455837 -0.199088476452184
-0.146011923515686 0.467170377982232 0.218745693463698 -0.444772324522078
0.146087056160174 0.168681325721751 -0.202233318890808 -0.42431996055206
0.036911737763325 0.0280036461549259 -0.366566524045775 0.0855161427041686
-0.005143179104358 0.00527066122460492 -0.0133474896115596 0.247282915529161
-0.0309824911251775 0.0817192190259563 0.126311134119626 0.127631961210836
0.0508520389311457 0.156944117932313 0.14656173737272 0.0205852104301788
0.122420623879991 0.169873912791681 0.120231576319053 -0.0396861863638995
0.120878653686812 0.141783811448823 0.104998847937532 -0.071764206345495
0.0912613582551144 0.123594300909225 0.161336780204125 -0.0561757212085575
0.00745116179330603 0.112408472750586 0.155544073019247 0.0808974777450701
-0.0192269577016495 0.0088632192732595 -0.0370217915777951 0.0144601929062999
0.115357709408821 0.0798788082811837 0.270266506050862 -0.0607757119373131
0.0674731878352706 0.316895701436718 0.0681928590173377 0.425676705118079
-0.366708989731232 0.487177293890156 -0.121143622280928 -0.0120078967052254
-0.424478084475312 0.294274418838375 0.639651584750926 -0.196488248485939
-0.0135020502734482 0.334407173801446 0.397262837966486 -0.371658715185801
0.110390902117533 0.0433710887948958 -0.00277944976924483 -0.515142704245239
0.00127603949748997 -0.0363371477831942 -0.362172625549698 -0.0913838474184423
-0.0871533237530388 -0.0233598549702029 -0.136461953443938 0.193912509329991
-0.0837216998795544 0.105209385942272 0.0451222172877475 0.196525140025321
0.015357763481976 0.170992441408921 0.152578695114004 0.102438927503573
0.0735639736192197 0.173811007782914 0.159902970661494 0.0211245002433896
0.0558010712439399 0.137085553466014 0.152178767543454 -0.0380469634310022
0.00093424208886754 0.0888123119504784 0.198929346296614 -0.015568143960586
-0.0558203174725222 0.00109834665248118 0.169443000952326 0.137815704143923
0.0494945092706332 -0.0976995849523838 -0.0849348906060794 0.0274253722026291
0.17304793497807 0.0632271953280893 0.220477249041482 -0.0794365098840859
0.13189610426349 0.302920378110945 0.0372875931612873 0.25894709160323
-0.308966595511573 0.438904024216737 0.0329554523151937 -0.163272265320047
0.25743503041587 -0.302690260252609 -0.164040632399824 0.281589142916977
-0.124259218443318 -0.269666089507512 -0.0223894933440218 -0.108163390624889
-0.189361329677379 -0.0240140661133763 -0.19639657151286 0.0880486887779799
-0.0778623640109763 0.142386297839421 0.097457338579305 0.0113931461116625
0.124708013626206 0.0965170349061953 -0.138350909301994 -0.139070674437355
0.115297231314785 -0.0723941821852878 -0.194380027189131 0.00141502387916089
0.0266615010975903 -0.120603887086999 -0.15695670989909 0.0168895830922926
-0.0133224093753759 -0.135855122171736 -0.164314823356074 -0.0713487785601379
0.00477726063262097 -0.144054777908801 -0.149344775191389 -0.186568020580694
0.0900099702222731 -0.113731710611547 0.0154184893082883 -0.265884703187449
0.140466369104497 0.0241172356178583 0.222369042358544 -0.162457965694994
0.00383422845569159 0.120517748588397 0.351196770501995 0.193927166953795
-0.0769607388415463 0.0414681757989491 -0.0598476174933274 0.570097572213073
-0.142928233759784 -0.135930634956291 -0.51981660551186 0.372927327594096
0.167539436771818 -0.241046400993849 -0.741050846800842 0.233532933780026
0.149896758493669 -0.086904180148456 -0.243369498433813 0.298728130724145
-0.0320553116823096 -0.19515555336614 -0.0967370581401373 -0.0654482767443901
-0.207491231192044 -0.0198126990049219 -0.222861421107771 0.133586487450811
-0.073119961056517 0.206988436943122 0.0975053066410427 0.0925886056102279
0.192297375173789 0.155072631955351 -0.072990633673266 -0.0975998282579808
0.19575906975131 -0.0579699658058891 -0.134286780308646 -0.0136613052521439
0.0996489893340253 -0.10650569446442 -0.127383519217558 -0.0177234105726287
0.0507819071780292 -0.0930557431258288 -0.157258317108495 -0.118995884149574
0.0394058240479696 -0.0834808259824309 -0.144036832663063 -0.239469840361138
0.0789470115947882 -0.0714989653440026 0.0450730277257099 -0.318220657681257
0.142089118523329 0.0493912682368829 0.271598920416975 -0.171082668547616
-0.0313424303665124 0.181929436908426 0.349624999800846 0.210516791717595
-0.0967446896825708 0.0244971713854477 -0.0169799935399619 0.54378023354334
-0.192240006016176 0.0227448172312457 -0.523957308125551 0.446707089219694
-0.082885255848201 -0.138384404794815 -0.785767458373892 0.247024952698857
-0.0190982556292746 0.145658794844961 -0.255834036390876 0.223781213249392
0.0791877028278861 -0.00501866100089919 -0.160702259498801 -0.126897383931263
-0.130802928653097 -0.037233670756137 -0.323547010672216 0.139725908749774
-0.0623690772221013 0.228995233586483 0.0524810251641254 0.220065487879113
0.231540934542406 0.176292277998337 0.0292576387330319 -0.00956035966756327
0.234981689494653 -0.0448534475384051 -0.0308149618085627 -0.0237076745293145
0.146996168555664 -0.0782941891822344 -0.0650681618665489 -0.0553927318239553
0.105865463834679 -0.032678941250425 -0.122076249133546 -0.146185891608925
0.0794754848511196 -0.00546424058201186 -0.129524866786092 -0.250591192248048
0.0758712109284737 0.000148115210653751 0.0417958046689521 -0.332329457881528
0.11252443814729 0.0910047016323811 0.269056762428429 -0.205670134129076
-0.073634394382393 0.221792973113655 0.35885552913631 0.157572122618243
-0.1470877834087 0.00681375569807361 0.0886698128206673 0.461844464463459
-0.184759267373936 0.112402085622807 -0.398753702400027 0.557072163370053
-0.275492514718682 0.000886220272578286 -0.741326160029542 0.283051797754921
-0.239999609714738 0.313301370028342 -0.178918179974032 0.0910259943638313
0.0807895925570178 0.2444593325465 -0.168522995013248 -0.247714337826072
0.0110594727317936 0.0220984194991873 -0.421764304248984 0.061807303896902
-0.023240593120125 0.196452689549312 -0.0550342176708324 0.323387536513376
0.226213797190344 0.154841262438222 0.118510200530643 0.109843777278443
0.217841662124297 -0.0233743812992411 0.0811883191150995 -0.0191536142521166
0.160207550903486 -0.0324088492327145 0.0118006063062856 -0.0810916985058834
0.145292628876735 0.0314534221134516 -0.0680710291386065 -0.152210427019374
0.122431043762929 0.067323639065805 -0.097431882641631 -0.22189634154969
0.0976407574780003 0.079923517423524 0.0255704942728403 -0.297826018036987
0.0794747642287968 0.15615950359256 0.220844523526721 -0.21123907258059
-0.115774167847161 0.23378173977793 0.32894190368297 0.0638759306707336
-0.161578704320492 0.0200474870257515 0.225306183820493 0.339890090260139
-0.153836663541442 0.182702008642245 -0.209545724738011 0.635018997246054
-0.388071595012161 0.166853748233325 -0.625063989157869 0.296876492836201
-0.453615152510716 0.399142684182262 -0.0103470530849426 -0.0530829848869052
-0.0270355260434331 0.431214342846148 -0.102791577384956 -0.379674361129131
0.10839398426656 0.144370386896622 -0.45885081030323 -0.0934296212118463
0.040164942004218 0.157531805022881 -0.197535312076335 0.343298049060411
0.180629793701096 0.10283413385178 0.145174548774455 0.217352425499024
0.150863015218451 0.00732349103772971 0.161931065125603 0.0103128660253387
0.139222251710757 0.0382654405833115 0.0805226582395869 -0.082618086855834
0.162667015942276 0.0927293829221014 -0.00300227845451122 -0.134195101282144
0.154071548872285 0.115779105403564 -0.0410154048573951 -0.170478310132722
0.12894073954286 0.134187531556835 0.0423904998946514 -0.215803289918931
0.0639648230290771 0.207557764342765 0.166032782193976 -0.148634405909033
-0.130438870861296 0.2088322654206 0.222955637957215 -0.0082187033764538
-0.0989537138774743 0.037368448789381 0.303634969833441 0.175427786052944
-0.0947052542531124 0.254277357849956 -0.0346065313133713 0.644718821907247
-0.42920963919759 0.327031767141289 -0.466543529953336 0.258007033089752
-0.577586973520376 0.388243820516145 0.219884182133896 -0.1632873256322
-0.144219882144799 0.501831053772929 0.0330428692741236 -0.46240679973239
0.142574752028639 0.220380832118823 -0.390165542584416 -0.276735206121446
0.0652613148687102 0.103012476033918 -0.316622654625573 0.258478650855253
0.0957511273466415 0.0483856713481037 0.0966072665999318 0.268901311584975
0.057797343557855 0.044816945958162 0.177373700939584 0.0620939975334833
0.100332991451234 0.106182415698731 0.128393011088478 -0.0516543967079438
0.156338148065997 0.141605908743628 0.0628914745293905 -0.094991514730345
0.156402574194033 0.138507494095402 0.0325679539285974 -0.117240790510223
0.133081227800929 0.147408196043442 0.095328436644483 -0.121920328637655
0.0512762063016056 0.196416763321541 0.144731623421832 -0.0317455535066239
-0.0932948705160253 0.131191174822416 0.0767166408077331 -0.0136874941908126
0.0139173562291441 0.064474926588074 0.318158455612325 0.0148642976012198
-0.012372099874669 0.310763087497556 0.0656170385322716 0.566105853365769
-0.413131992293688 0.448475178306415 -0.292086229057528 0.14559634532493
-0.576403828126265 0.343695088736694 0.455738049098228 -0.208029605136888
-0.143828883572244 0.4713659258002 0.21667152524741 -0.449563427934007
0.147995087746406 0.168081575706798 -0.207102668725104 -0.428080998144745
0.0380191195527917 0.0288168931015576 -0.369481705184736 0.0883362202025897
-0.0050037769176861 0.00541849121117915 -0.0112367140351508 0.249988819331991
-0.0303205747303444 0.0836268853517393 0.129522112663711 0.127838884318631
0.0532362241747787 0.157563046407148 0.147854778766252 0.0179934313799587
0.125449860215097 0.16995965144032 0.120918005572074 -0.0410254029273779
0.124406259159121 0.142225141628969 0.104772936316533 -0.0745910087403918
0.093379117340659 0.123251624925149 0.162440600866978 -0.0589312044285951
0.009610170825669 0.11379999038431 0.159125045787262 0.0781227976101332
-0.0194347542343431 0.0103885078021879 -0.0370404244828746 0.0159716250986247
0.115907380140433 0.0795268497442493 0.272388111280112 -0.0640984439250117
0.070350023347196 0.319173077814471 0.0736230384548201 0.4277118950198
-0.365524571689813 0.495422342036257 -0.122390356827911 -0.0117275950014922
-0.427502728927808 0.298864985153297 0.649179016876827 -0.213636943931893
-0.0137292941772694 0.33396957709279 0.397135675451604 -0.379687845671656
0.111528789759265 0.0419452709673811 -0.00245044606555819 -0.517750103316854
0.00067116832708393 -0.0365591043035691 -0.360659783883376 -0.0947501763796912
-0.0877868495280624 -0.021435726831922 -0.136743562708897 0.194130484154902
-0.0837806840962787 0.106703901047859 0.0516671485324601 0.199119862655448
0.0128100769525074 0.170841977039068 0.157074112059468 0.100459057524132
0.0759145919627428 0.173809565004631 0.160656362707395 0.0194455036251113
0.0580475778157882 0.137887895682527 0.153332743597128 -0.0418065384325961
0.00452134351789013 0.0914009929545842 0.202091211995251 -0.0206008652932117
-0.0567642253999352 0.00231706154248564 0.170793184912703 0.13678658484313
0.0483396647775243 -0.0991998138910399 -0.0855212296756841 0.0295775219220557
0.168444142112611 0.066208216561566 0.220653656950488 -0.0787040175679209
0.132835474627562 0.303248184328381 0.0414295522124389 0.260238118790784
-0.309648230228105 0.443119090628108 0.0319631901196091 -0.166534714854638
0.255890741854233 -0.307359532807204 -0.163728838438675 0.28688326256896
-0.128252551404328 -0.270375046340919 -0.0240795400607605 -0.109259939949672
-0.191165613636157 -0.0227410792816361 -0.197397875585427 0.0906507476497702
-0.0773994675975548 0.144180168906563 0.0979223444775894 0.0104611529687095
0.127773688310948 0.0960458493293849 -0.141107935743225 -0.138695005478717
0.115719139767726 -0.0741203491486076 -0.197157586426478 0.00454472877849495
0.0255239748172682 -0.122022874878575 -0.157573854532099 0.0197612289327473
-0.0147286694712741 -0.137754850157192 -0.165890970184926 -0.0700351807294533
0.00398167086658623 -0.144999652616981 -0.153763883119987 -0.185565738759811
0.0896558186761194 -0.115343206651911 0.0120068919297402 -0.268444627765891
0.142026240331384 0.0222113638867669 0.222147433837556 -0.166956524773523
0.00529095693513601 0.121143279130881 0.355167992996772 0.19161273137794
-0.0778656523793892 0.0425164583615732 -0.0558915965216225 0.576356090719016
-0.145426486721745 -0.135461584278779 -0.519696325641866 0.379178027225242
0.166958917829327 -0.244681747958605 -0.744331148414546 0.244761392036466
0.150760173868983 -0.0873777479878691 -0.243639541622987 0.30473923770613
-0.0328553513635249 -0.197266016287456 -0.0986580757141238 -0.0639337102791823
-0.21031512979004 -0.0167724987470681 -0.223714393162066 0.136670442713945
-0.0697416924974423 0.211663785079547 0.0985674455710927 0.0919965510480225
0.196775056939305 0.154771190366462 -0.0742181014894095 -0.0987258323622696
0.197606736337652 -0.0615520598504692 -0.136312263761971 -0.0115469276958684
0.0988905048884254 -0.109188541800899 -0.128162785770226 -0.0158335356786483
0.0499103775028084 -0.0935233706884077 -0.159366661035569 -0.117582218802984
0.0384117452704374 -0.0842560016551395 -0.148237433133503 -0.238535283125502
0.0791538877335888 -0.0726619667862394 0.0445288012690653 -0.31942606955801
0.145529452298872 0.0471749876915013 0.272369126456799 -0.176278563379937
-0.0301042984558745 0.183211105835254 0.353765261765711 0.208628333919625
-0.0970198435316289 0.0250548273103837 -0.0144584968954037 0.546772514212735
-0.192719724795994 0.0241907291399252 -0.526393260455347 0.454811512203297
-0.0854818057823374 -0.138660533687953 -0.788975369110383 0.257844403639814
-0.0179390762819923 0.148189968286542 -0.256835287118621 0.231453322845001
0.0791883360292193 -0.00577099698277729 -0.163313091811312 -0.126936984016266
-0.131997619495621 -0.034712383327846 -0.324773179927733 0.144329824160654
-0.0609877856191886 0.231864813913588 0.0552615060644816 0.221691915080181
0.236196999044039 0.175053568427754 0.0293573527463851 -0.0105508866689244
0.236741114774961 -0.0474155432334832 -0.0324036246837661 -0.0244009820193934
0.147290960756418 -0.0809699676940644 -0.0660549872591933 -0.0550594433575665
0.106756102891578 -0.0346983818443195 -0.125037769295176 -0.146558742281463
0.0803992391585305 -0.00657556237217996 -0.134371227610143 -0.251426026074375
0.0754617774803833 -0.00116131555023194 0.0372019993947472 -0.335310634382525
0.114533921658923 0.0906573682643451 0.268708778976498 -0.210780899889111
-0.0716776878340117 0.225151247554691 0.363079001747931 0.156004807432478
-0.148084948866705 0.00872925259146196 0.0942025641817025 0.465085017013499
-0.185772701930603 0.116044132803491 -0.396384446179292 0.565409808728692
-0.278371908122915 0.0034704767873132 -0.746063049362574 0.294199791343484
-0.239130581127531 0.326311184047161 -0.17947111067042 0.0937279828410674
0.0853569215872071 0.247442795206514 -0.171808818133447 -0.248281655850432
0.0114587862523121 0.0232555717505129 -0.425937317941347 0.0645720099520153
-0.0168285496081406 0.201694713267328 -0.0561725711751567 0.322646004405852
0.231797822928427 0.153121857514178 0.119904406136649 0.109294085318581
0.219206500572415 -0.0259269157130173 0.0806202922182517 -0.019650781642305
0.161183049747481 -0.0340491137817688 0.0105869419236671 -0.0826275357444672
0.146000239780648 0.0305165225324589 -0.0699813892487121 -0.152463122316151
0.123899678172124 0.0656853252507391 -0.101849713789856 -0.22273721714831
0.0939937595465739 0.080474460820327 0.0276270444499974 -0.296542781663054
0.0787769292464598 0.155998765926614 0.221385584443339 -0.214770791881781
-0.114364126375988 0.236106230669304 0.333949544211113 0.060971600349324
-0.158611186597685 0.0157295683375753 0.220669848137938 0.339897432328131
-0.153491416956882 0.185041658873976 -0.20538056275761 0.64530095585829
-0.391480641420873 0.170417024867545 -0.630257728388698 0.306447662714955
-0.454666521333936 0.394925206863745 -0.0117619283910949 -0.0530920805523798
-0.0234337513285234 0.435986745523718 -0.107557988361517 -0.38155465367858
0.110654153923616 0.145339476574274 -0.463591330437874 -0.0891947408309116
0.042616513944531 0.158938980282889 -0.196832950530925 0.348815218796427
0.183782058449527 0.102902591929531 0.149761912634669 0.218749582212362
0.152458937775757 0.00484220582800689 0.1628007198682 0.00924721991443282
0.140556069576523 0.0363183963821197 0.0805112292976301 -0.0847607997844901
0.165084866003788 0.0920990499203802 -0.00473543011394987 -0.135966116589315
0.156889511934032 0.114180932155617 -0.0437619281090147 -0.171105297818367
0.131887116950002 0.133851991691194 0.0395795958687436 -0.218604734204377
0.0677588271303069 0.208548286471873 0.165981859708738 -0.152497704869073
-0.128669091975362 0.212999040668597 0.225866406447269 -0.0109939779049093
-0.0998752570961794 0.0395781686855864 0.307596181654116 0.174235232075742
-0.0940462101191334 0.258130316396877 -0.0278644501617435 0.649310709486075
-0.42975556104699 0.333285182306797 -0.467170144026766 0.265693149750925
-0.579684921467912 0.378234310271692 0.220461698413853 -0.163285767798271
-0.144750650952088 0.503989312636896 0.0325875235611801 -0.465023840924535
0.14744938156723 0.221398910021904 -0.393735054739725 -0.277856521634423
0.0722803087652802 0.105282777614105 -0.318735808083617 0.258007731127061
0.0985531425388538 0.0475889959007056 0.0997521161268425 0.270184694741813
0.0577994934733362 0.0442006618531233 0.18119378795372 0.0586223014667905
0.0974118926521879 0.109088632917732 0.126824253712406 -0.0500631191453287
0.158704983673999 0.140908272422119 0.0619613507146771 -0.0973309138378735
0.160626805576654 0.13685392740803 0.0313247355157252 -0.118540001008222
0.146889742174937 0.142616330366015 0.094479579194873 -0.129095769930306
0.057425561833312 0.19776177127818 0.146218209693271 -0.0346247884945294
-0.093860734242066 0.132181205344522 0.0780825988996512 -0.0160656810814876
0.0125974765897627 0.0618396999359107 0.319898522375817 0.0115552110773014
-0.0117051729239831 0.310509758796378 0.0741471347500068 0.571508044652618
-0.412918380924479 0.454155951142899 -0.293191924767222 0.153205271229497
-0.57560739877968 0.337006715789479 0.458503790110379 -0.209862509058836
-0.141152235124211 0.475857287378439 0.214068936288331 -0.455153947588441
0.151295143630797 0.169020973354887 -0.212716337297855 -0.429560502753367
0.038735319082018 0.0288206390414322 -0.371061956432736 0.0928840804999938
-0.00480191700011185 0.00614474412174462 -0.00827748699538224 0.25177338928685
-0.0294969854880399 0.0830985929896287 0.132663688613683 0.126942345090859
0.0554111207415065 0.158281663589689 0.149776101171769 0.0168438641996353
0.129212393288616 0.170871321657955 0.121046947495943 -0.0437067342584829
0.12664655371298 0.14157323359932 0.105433890077509 -0.0759252143387028
0.0964621564009806 0.123085679819386 0.16358094748839 -0.0619680873536137
0.0103945711474358 0.115252444448455 0.162073010721335 0.0766803127090853
-0.0198062835457071 0.0114657959595072 -0.0368640917942615 0.0161756280521327
0.118607449399698 0.0794731564168398 0.274871541251312 -0.0672290465630811
0.0739177318643359 0.322976383333369 0.0790969102646341 0.432148465562923
-0.364569241221646 0.503451108902344 -0.123199922006809 -0.0107756298950794
-0.427522768570473 0.295549350810605 0.649303912254089 -0.211780952582787
-0.0119188667288812 0.338113587567796 0.398818214033363 -0.381664496066246
0.11237575572666 0.0417516936891289 -0.00624057791915385 -0.52238054852185
0.000786769155996406 -0.035654122795853 -0.362936684793055 -0.0935309457774707
-0.0900328984486335 -0.0211426916667388 -0.13615045106868 0.196652134744423
-0.0842014288620059 0.108317310413993 0.0546842191536115 0.199825811310818
0.0129688265539401 0.170918824064431 0.152072625391038 0.103824729708456
0.0789570022370807 0.174282502392139 0.163927042381305 0.0157899382104083
0.0620233591958888 0.139530060963754 0.153754062213381 -0.0441821989187933
0.00707461060814362 0.0926698681469492 0.207900681982954 -0.0311803253693297
-0.0562609617947515 0.00247305699942537 0.173768393154498 0.136331948428203
0.0484268526230641 -0.0993056441910694 -0.0851639273494237 0.030531051111893
0.173368930029887 0.0642325383815797 0.218431867013966 -0.0737407257167688
0.137447141796284 0.30459669406139 0.0468834558939084 0.263258320818307
-0.309685593282411 0.447376936418819 0.0302093287977607 -0.168887559315973
0.25453106541416 -0.315035852322347 -0.162200930259694 0.292159032921971
-0.132347638226123 -0.272191324048977 -0.0254870367762543 -0.109971709991201
-0.192352603148673 -0.0197735648289272 -0.198223665620755 0.0937160239521433
-0.0767850045999049 0.146876055506731 0.0990286971574984 0.00905006410589418
0.130177439491737 0.0944472375045703 -0.144607118537749 -0.138168022639309
0.115377080944385 -0.0765133037380623 -0.198112842390072 0.00716829794089855
0.0246244927733221 -0.123959075245659 -0.158403177632125 0.0220123296132502
-0.0169922928758006 -0.138362703320174 -0.16827607446995 -0.0678353693645138
0.00232787709878464 -0.146538813182896 -0.156997701969792 -0.184465444501941
0.0890791440934505 -0.117595738584868 0.00866772303430351 -0.270581162528112
0.143615447021224 0.0210126439886866 0.222276109607986 -0.169623652312563
0.00708458254859637 0.12245713597521 0.361971437578335 0.188843943719361
-0.0778142159942462 0.0442668100757603 -0.0502753242296498 0.581072488646417
-0.148474018903625 -0.135260334970231 -0.522149493987398 0.388905046346247
0.164995459298357 -0.248288557447914 -0.748269798079088 0.255246832455383
0.150473623940005 -0.090709389655083 -0.243583333898661 0.310196883526447
-0.0354612265696923 -0.198657345952726 -0.100333741971237 -0.0635254861305818
-0.212939772313456 -0.0129961563304133 -0.223190805317332 0.13911938075128
-0.0677717695248775 0.215876615546451 0.0995930297630347 0.0910944826321146
0.202479163848238 0.153235592791564 -0.0763936059653279 -0.0973193528804315
0.198291684885623 -0.0650244446562795 -0.137598124780311 -0.00800196222872162
0.0985212113706832 -0.108956303929946 -0.128772572883065 -0.0153152396616179
0.0492990036912341 -0.0945348993519427 -0.16222683127826 -0.116199055400767
0.0377804205058452 -0.0856954080728659 -0.152568363220035 -0.238700509425127
0.0791518398937016 -0.0757505311951399 0.03934859193613 -0.323828987256746
0.148247081174155 0.045142698011061 0.272073245552722 -0.181490073806366
-0.0275995426041529 0.184255042033958 0.358868569720128 0.205841520068105
-0.0961345020438789 0.0243036305077029 -0.0141057661833316 0.548253982781769
-0.193394745581213 0.0257726308183006 -0.521366223557734 0.464659964369301
-0.0877810299812924 -0.139471349223066 -0.793522013839903 0.269665141495728
-0.0165355974163822 0.149291729379122 -0.257004022749831 0.237151050159308
0.0792772368404161 -0.00687798274310741 -0.166333908533209 -0.125643278050542
-0.133929326506016 -0.0330811760660579 -0.326377258467836 0.149722467658316
-0.0572988351834762 0.235102653956766 0.0569984736316275 0.22188734459942
0.24111382932167 0.173042133499515 0.0305822390267569 -0.0102965362754651
0.237537297699016 -0.0518587897131244 -0.0331499906662147 -0.0228529761630239
0.14749528228911 -0.08330576143105 -0.0667450387779347 -0.0540333016975781
0.107069169658585 -0.035722221882622 -0.128427402955323 -0.146641739999114
0.0814595200349283 -0.00813188685385786 -0.138918084522582 -0.251658272892592
0.0774896449838254 -0.00152310749476175 0.0336642313273886 -0.337912086434305
0.116378481112749 0.0898143668737944 0.268733600536672 -0.214370671017407
-0.0695690266255069 0.228429785857325 0.36897335423367 0.152474991094097
-0.150057364087988 0.0108990712240167 0.100413945750901 0.468488069708934
-0.186331212661452 0.119406289139096 -0.393870651738284 0.574013576339031
-0.281230165754976 0.0070329153044664 -0.748317178008297 0.30233796827385
-0.237858047410189 0.333954724944326 -0.180127557323076 0.0983932192710898
0.087722198827637 0.248584347888875 -0.175376459443829 -0.248217676199306
0.0113180335453644 0.024317219483732 -0.427325919810828 0.0700861962742749
-0.0116314700826262 0.205963878267094 -0.0504245169074827 0.327570712975467
0.236728491151286 0.152125732636346 0.122120009994519 0.108905971892278
0.221395741161032 -0.0289322783703798 0.0814599691876028 -0.0203246734400994
0.159027253999238 -0.030313656332391 0.0102853918323344 -0.084291257530507
0.14781051598466 0.0299874293162866 -0.0731752508483267 -0.153093159016262
0.12561434483253 0.063578155316535 -0.106177223055798 -0.221863555060808
0.0996896519867887 0.07894331313117 0.0239338647854223 -0.299535368366153
0.0856872983554799 0.157266510788399 0.220216829476808 -0.21982753859549
-0.111093908425087 0.243256763191876 0.337326552781458 0.0572063529902278
-0.159757447165431 0.016458959315039 0.221244030699874 0.341327213979998
-0.152449723782688 0.18901185444648 -0.198919465169666 0.651475066246473
-0.393793553480842 0.176279712652726 -0.631047888020499 0.317511297673064
-0.456017141313416 0.399268723122194 -0.0112421913260705 -0.0533425931458536
-0.0201176934131643 0.440132208537076 -0.112342872276372 -0.382837237272402
0.112930522566347 0.146476283609006 -0.468087676880914 -0.0858641606079497
0.0451304956959995 0.161052197704622 -0.193553398694207 0.352646161853012
0.18775736776107 0.101074469917365 0.153035067687228 0.217140439731907
0.153983986606461 0.00312987694166511 0.164104043744063 0.00752063100411371
0.141652165703848 0.0348070232675071 0.0802998029821825 -0.0863273228932733
0.167603042316968 0.0901852917307292 -0.00673380466456723 -0.136733790254979
0.158718373876802 0.112861692024999 -0.0465462111484244 -0.172334985073823
0.134176594536346 0.132563540229383 0.0372496911602002 -0.22099942131799
0.0713744971711858 0.208997351898075 0.16572122876266 -0.155588810752838
-0.126399634795083 0.217621045724935 0.228063657222925 -0.0129605529138268
-0.101068239004417 0.041337270919899 0.312506832829788 0.172974694395783
-0.0918972409919212 0.261498295915148 -0.0181172844554909 0.653333364054502
-0.430810846816739 0.341481387466108 -0.468045144366126 0.270618730165299
-0.580324914279232 0.390309536255791 0.221504274718446 -0.162076508272474
-0.136749054942083 0.516074096603823 0.0281881192691011 -0.469712984944176
0.150302413769183 0.22131169847484 -0.398793548183891 -0.275717101973004
0.0705724340403845 0.104868170814934 -0.317421466757226 0.272251443119657
0.0991506129485966 0.0470074324517069 0.107260928434349 0.272367022424314
0.0588706441536424 0.0437924395865683 0.181790161494896 0.0581258720924351
0.101572543501188 0.107325982626454 0.126104407644054 -0.0497258101878403
0.163456271459629 0.138909132370157 0.0616660328566434 -0.0998825875616509
0.164024418977686 0.135805340911269 0.0309653272965614 -0.119717763836501
0.146480725327676 0.142310282173671 0.0931717891239235 -0.136547812379246
0.0537134979885576 0.197130908837249 0.14880570035496 -0.0372925976087946
-0.0927606845121905 0.135343182640237 0.0786076141584117 -0.0164271270747803
0.0140380965492691 0.0643776050109449 0.314300595382748 0.018853968863351
-0.0105777213852108 0.313233906879733 0.0794703602434956 0.573418481320082
-0.411552375370142 0.465071038243447 -0.294686402046435 0.155207237805872
-0.577807440456445 0.348782074255814 0.459034938672062 -0.214469118133349
-0.138205087607705 0.484475671901648 0.211667879651913 -0.461005078344131
0.153927113633405 0.169070856440801 -0.218847730174847 -0.432341198744604
0.0389893545669607 0.0288094418947274 -0.373639436357163 0.0976031990420574
-0.0047668113404822 0.0062275258407159 -0.00505510780592766 0.254528209041893
-0.0297854360601101 0.0845425454561854 0.134595115890551 0.126562828973281
0.0582173171602582 0.159020367419971 0.151598128477864 0.0145252308381521
0.132496978704935 0.170417466113724 0.122283691766287 -0.0457638485772112
0.129120268058147 0.141404255044714 0.104669886374054 -0.0792312210879988
0.0985366776904427 0.121900177312898 0.163766013887991 -0.0652317702630549
0.0121057837032707 0.114793234785114 0.164165784098632 0.0758385979032494
-0.0190597502840798 0.0121344460886561 -0.0364420710916425 0.0166491674379491
0.120285570151266 0.0788304287331861 0.276167992316953 -0.0709045016004797
0.0777694460488958 0.324445891224762 0.0868787083188314 0.434366586452359
-0.363418376453891 0.510510085003559 -0.124539407987343 -0.00953211736976861
-0.429847558108745 0.303498670299179 0.651617206303068 -0.211420623687905
-0.00614337277063989 0.343207787063595 0.399065021911395 -0.386553930286517
0.114299673894808 0.0397710919763203 -0.0161130747937294 -0.529205379957569
0.000555373593325082 -0.0354190500739589 -0.374111432591729 -0.0841038725735895
-0.0906216104944692 -0.0200319058612264 -0.135125017816577 0.202269583953954
-0.0828570347969503 0.109231820869311 0.0533239202827857 0.20018953084302
0.0202017715252035 0.175092907344807 0.153370333540083 0.102603403116372
0.0834107057255227 0.17503907181395 0.165464624470215 0.0134243566584887
0.062936300463389 0.138496678278714 0.154676170375208 -0.046311811632657
0.00544998295306954 0.0912936283263364 0.208565155265046 -0.0324225645644275
-0.0568409835850684 0.00353859869070764 0.17864402181068 0.133690771356399
0.047216204330651 -0.100168190284134 -0.0854657726354251 0.0313206226503786
0.182442132562598 0.0581846608022192 0.22107588916962 -0.0817483072361045
0.14524551009219 0.306681117479098 0.049617181115892 0.263853154837681
-0.304850195044419 0.459027913105975 0.0300215271707294 -0.170375414233789
0.252785326554709 -0.318421314836492 -0.160639267946346 0.297327475167769
-0.136643765683603 -0.272973082727835 -0.0271000551017074 -0.109809455655572
-0.195110369329874 -0.0166665140494781 -0.198109419331911 0.0969095269467912
-0.0757188487694948 0.149857716426335 0.0986784778120282 0.00772376625470266
0.132713935948806 0.0937345802654593 -0.147708781544296 -0.136775118454657
0.11558785186248 -0.0795114083824663 -0.200640284319272 0.0105865487809769
0.0225274552424426 -0.124990303618012 -0.159093329628479 0.0249054440619872
-0.0187213464287452 -0.13896638906172 -0.170475732032222 -0.0653863578679077
0.000769884116432462 -0.147933684733324 -0.160597959606569 -0.183341993908367
0.0883634453496994 -0.119819012787813 0.00469797010916606 -0.272488859545595
0.145376495036245 0.0192985106021009 0.222291246461011 -0.173684949501249
0.00887546339387967 0.123413956834906 0.367830907728689 0.185563020178636
-0.0780360469246894 0.0458419302820891 -0.0438325005175778 0.586959757072617
-0.150891380074489 -0.134515198954726 -0.521063033352747 0.397229466307423
0.162627524177441 -0.251841604441074 -0.752614424806989 0.265646614420591
0.150008236912209 -0.0947603341405508 -0.242241647999192 0.314495913647932
-0.0396156103441878 -0.19990528802251 -0.100948387187323 -0.0629344884875077
-0.213609822189392 -0.0116546360739338 -0.22325392631764 0.143898067874186
-0.0664107168298432 0.216792661837611 0.103113607732569 0.0907478055499013
0.205608282662546 0.151375493209997 -0.0783550927570893 -0.0963686102414296
0.199421063271971 -0.0677739139275951 -0.138928436863205 -0.00754068157369173
0.0982625625528052 -0.112271137195858 -0.129488298795368 -0.0128886691717305
0.0486694010281861 -0.0964257763071327 -0.165087334460181 -0.114763810022965
0.0371640221156817 -0.0873837338955944 -0.157213951861014 -0.238995530158053
0.0790284286320227 -0.076835254863749 0.0317036236998702 -0.328393207334645
0.149183182136772 0.0438321555741512 0.272989388873627 -0.185223154536256
-0.0246170227679453 0.188160581744487 0.364813773313736 0.204145594080008
-0.0977057505758079 0.0258959523519172 -0.00598532734535854 0.554935037578648
-0.195997255593074 0.0292337945084073 -0.523176322614052 0.475892116802892
-0.0900030764471063 -0.139120557153679 -0.796502904931162 0.279573099768282
-0.0161676595485349 0.150201031864618 -0.256365348867025 0.239717087214755
0.0796632939809674 -0.00745119761842892 -0.169527501734997 -0.125134494993182
-0.135081756275154 -0.0311567978881985 -0.326325338941321 0.153479240809683
-0.0546847577950912 0.238175185289675 0.0600806975861789 0.223607042140051
0.24739859093963 0.171010664333793 0.0295920868512718 -0.0108575376725646
0.238727663482219 -0.0556494381108001 -0.0344101033596594 -0.0228897736018494
0.147587684190041 -0.0863040493550322 -0.0678570189283102 -0.0534840936065182
0.107255168633608 -0.0382661821646812 -0.130331757691662 -0.145325881180579
0.0819561939522974 -0.00949073310158153 -0.143971945952201 -0.250991211832577
0.0783386462583996 -0.00337102581315112 0.0284580688266451 -0.341897240730986
0.119994684587962 0.0886995075829685 0.2676910064691 -0.219747104197972
-0.0665274833127306 0.231974190539752 0.373874413889234 0.149403006826071
-0.151674522969093 0.0128808451867897 0.106679130937665 0.471967049532881
-0.186263714126035 0.121964648634249 -0.392212763835691 0.582531308051503
-0.28328524485484 0.00976748087426316 -0.749922639638542 0.31318976743515
-0.237044421642986 0.331881251119618 -0.181051560189723 0.101021637300834
0.0891099215766815 0.24856176822708 -0.179378180031448 -0.247827731843901
0.0116253100789296 0.0247949675363789 -0.43028142498235 0.0750149044875325
-0.0134959206584557 0.205438192772003 -0.0439727669558137 0.335640221173633
0.241193207568971 0.149922095791766 0.125074828733893 0.108796951198863
0.222786560556117 -0.0322971420654365 0.0815558491591204 -0.0220829831121854
0.159869466642842 -0.0344405261919462 0.00977391029731386 -0.0836069653386051
0.14960833004338 0.0271120805706563 -0.0758532715616387 -0.153150841777007
0.128343752432334 0.0625940666824913 -0.110071203258997 -0.222516019698002
0.107273219498597 0.0751826869678352 0.013304825968309 -0.307328772067395
0.0919400381461593 0.15755665420317 0.219298452121622 -0.225426885778118
-0.108042360449193 0.247818432707702 0.340629263995465 0.0550353437255604
-0.166430730508166 0.0276310736270259 0.236236585919542 0.342547496085884
-0.152765572801842 0.193727110922719 -0.195097953837539 0.657820991917791
-0.396028032693993 0.183287311929329 -0.633173524208281 0.325017042510712
-0.454978454467097 0.420162520667812 -0.0113848366814294 -0.0542266284362705
-0.0149663397122671 0.443603554771577 -0.117334125818391 -0.386409677548447
0.115394934945709 0.146400422833107 -0.471752575660057 -0.0811911292890272
0.0478822655645861 0.162713905225499 -0.1913621582655 0.359446639110025
0.190428779871792 0.0994143414731028 0.157967167429453 0.218241763218167
0.154914579704002 0.000368753277896652 0.164862712076303 0.00418760847525803
0.143727897984022 0.0330021783616934 0.080501256078474 -0.0882571448170787
0.169505738202467 0.0878959427393192 -0.00819413498662414 -0.138127682799576
0.161982051208215 0.112034471062988 -0.0493621891692688 -0.17303592095022
0.137838431065674 0.131480178474577 0.0341283131068877 -0.224082816441011
0.0748937077448093 0.21021669936112 0.165466388408449 -0.159044791952346
-0.124352950356328 0.221426868380001 0.230462308339081 -0.0153295341547129
-0.101103164536005 0.0435601830521037 0.317059802465861 0.171109896265424
-0.0900699276579885 0.265139469903292 -0.0121712747322601 0.660195131135541
-0.431986160837669 0.348703050679714 -0.468658140855338 0.278752455949506
-0.583878183739062 0.419229824467878 0.220901386806307 -0.170656858714184
-0.128345871548573 0.526042230874234 0.0220261745670358 -0.475428215481574
0.152562961934029 0.222589887289318 -0.406199880315307 -0.272721036409778
0.0694619727294683 0.104373437205197 -0.316718582975074 0.283695205183191
0.100119163519605 0.0461233695049563 0.112691364245041 0.272609970537091
0.0600920028596367 0.0424809591337825 0.181821606147269 0.0572298999285345
0.109143316599584 0.102994208616643 0.129732666318176 -0.056488618300665
0.167072444703521 0.137287878556543 0.060601805316056 -0.101818370805286
0.166227869072139 0.135482569220065 0.0294111200744494 -0.122056923512011
0.138778665968458 0.145776273478613 0.0930459102388833 -0.134595154807542
0.0561053087891797 0.19810375617713 0.148828994445394 -0.0390786700697913
-0.0898921191633796 0.140939571222364 0.0805514167070306 -0.0173152335065475
0.0158644278370699 0.0676291471338506 0.318616198345646 0.0154410496746853
-0.00466563453350898 0.317615562824734 0.0851172120409247 0.57645303464206
-0.412759439200808 0.474863619906976 -0.294488839931039 0.156360991415776
-0.580542753762832 0.37387261205666 0.46241466046909 -0.226058218548217
-0.131975361274203 0.48883523830944 0.208058250489891 -0.467981745546466
0.156368405407485 0.169093556437276 -0.224304231112803 -0.43411410467895
0.0409405465420327 0.0297033126228964 -0.376943397341478 0.102514747306214
-0.00410197997993133 0.00702752603150218 -0.00197557476587299 0.254635070456462
-0.0281847773060529 0.0846279199154359 0.137438121782446 0.125742294449258
0.0607690872017627 0.159310728668935 0.152650549040117 0.0123027768607382
0.136586914374168 0.169556584033569 0.122056720728665 -0.0476328910144738
0.132852273096725 0.141453340278967 0.104947524171911 -0.0811611285223489
0.10069125336074 0.121055929210089 0.164197193878176 -0.0686959480816971
0.0142861035862008 0.116687117175904 0.166679741191575 0.0729624429163335
-0.0190769195864838 0.0124874771178552 -0.0358003106783769 0.0174420163025581
0.122237369526581 0.0782540639153567 0.278201879352886 -0.0748865136949065
0.0835136103941574 0.325252900122563 0.0913192856458958 0.4363674382319
-0.35839305690368 0.518239202263538 -0.125150878879459 -0.00819508961240891
-0.429479313018924 0.322641738699102 0.656211597709644 -0.231372325509763
-0.00123307433693279 0.347332814092188 0.39606388344978 -0.397716948727398
0.114795524367925 0.0391945279590843 -0.021528133058611 -0.533767963042445
-0.000334514287532429 -0.0360501504510293 -0.379197390538513 -0.079082178896113
-0.0911968824358078 -0.0191449061586739 -0.132645192633908 0.205130490884594
-0.0822505423201643 0.111449588143755 0.0574034051710076 0.201435689097562
0.0247663249386798 0.17616936566259 0.163397521979229 0.0964566175195165
0.0861364023592277 0.175775843353044 0.164577897827956 0.0128458267876557
0.0651115329711026 0.139279663982639 0.154602277129382 -0.0493210485900577
0.00614238880757868 0.0909883853176601 0.206035627155569 -0.0287008983913464
-0.0576950009334068 0.00461678285650874 0.182360257229676 0.13144570148326
0.0459992708591123 -0.103320488641941 -0.0856418642874092 0.0324919834750116
0.180341445124961 0.0579912708639464 0.225241025944149 -0.0927645309107722
0.151577815167103 0.307549678702525 0.0510924637844043 0.264662845155661
-0.300791166488923 0.466959247890992 0.0285282537996887 -0.171812525004254
0.251373892840556 -0.32383094387146 -0.158171134061199 0.300875260582699
-0.140524574839483 -0.27335338573779 -0.0286880756015696 -0.110012050663266
-0.196844688167455 -0.0145774190783338 -0.198446718900043 0.100256552676051
-0.073792636214076 0.15249872833507 0.0995079544558972 0.0064364717385835
0.136084578972189 0.0923258748640605 -0.15013019161935 -0.135080353955142
0.115275537259496 -0.0817775464800983 -0.201880980544964 0.0141354722626398
0.0212588755144371 -0.12618614087236 -0.159093783310146 0.0277188413747201
-0.0202819108444525 -0.140138409720636 -0.172255084141867 -0.0629107181207189
-0.00223950112591122 -0.148942351566244 -0.164417141346666 -0.182603004037727
0.0871853402788026 -0.121621572766032 3.53857713850594E-06 -0.274741187861477
0.146221117564142 0.0172593971202709 0.222284148464384 -0.17850577424671
0.0103037177333668 0.124216911402939 0.370682750112335 0.182194878158756
-0.0776642629943498 0.0468264349245518 -0.0359908522822817 0.592124819711096
-0.153952005343977 -0.13300053565683 -0.520716022982227 0.407374216948293
0.160506358483422 -0.254997647109306 -0.754510394993403 0.274786909462608
0.150384228853745 -0.0957950494230527 -0.240910202930857 0.320121860786244
-0.043374606094774 -0.201278779298582 -0.103401772762264 -0.0619919598436883
-0.21548118573956 -0.00751626892385727 -0.222686763344202 0.149012919274974
-0.0641800373960646 0.219237220924949 0.104059946620855 0.0905184699780496
0.209980172527131 0.149542102372761 -0.0800741261439826 -0.0963288131387143
0.199301419992734 -0.071330245865897 -0.140962674004088 -0.00583060842553415
0.096705976665344 -0.1163296631801 -0.130960012256123 -0.00966397754001767
0.0485085319347963 -0.0987918330921538 -0.168022072174729 -0.113361852719677
0.0359228644282957 -0.0883401281598492 -0.161469786879217 -0.236950472851052
0.0782523283132286 -0.0784016742729757 0.0284229684822653 -0.331143118812812
0.15034781215386 0.0425126329762926 0.271278039334575 -0.190344220819744
-0.0222776587533696 0.190817532107468 0.370376254587838 0.19953864028586
-0.100120533810628 0.0306823354035338 0.00632818511328664 0.562466746681573
-0.197029213400398 0.0326508118423228 -0.521281349238492 0.481418108788135
-0.09332601751504 -0.139664304905177 -0.798120230380671 0.289199958686691
-0.014486720322257 0.152403017883743 -0.256721562270932 0.243142644890277
0.0807550380200383 -0.00835407857069325 -0.171626711144692 -0.123381867665644
-0.137222729792937 -0.0290948068155799 -0.326475952738742 0.159194300405974
-0.0514914331310082 0.240620524701213 0.0645103043966821 0.224439298703274
0.251863740030888 0.168677942038773 0.0307940098585394 -0.0107774833025966
0.240739718608503 -0.0590486162580669 -0.0351043325716025 -0.0216291974603331
0.14718314673006 -0.0893338734945861 -0.0686945784829634 -0.0526594883707473
0.107494529628171 -0.0399924359454563 -0.133258566441151 -0.144850706265301
0.08205507382415 -0.0108790761362868 -0.147936838296232 -0.250528203722543
0.0787615721258885 -0.00468799199429732 0.0234911785454034 -0.34387629134182
0.121918640411259 0.0878444558489365 0.266338083210674 -0.225531218472364
-0.0632917357512893 0.235998331930687 0.378763216478197 0.144935230095275
-0.153367158762229 0.0143631185474615 0.112656488621878 0.472407024154551
-0.186469119132915 0.125200563475005 -0.388777166971542 0.590306118754361
-0.286084210260333 0.0129115186077447 -0.752048052625596 0.322060207805011
-0.236290928073833 0.335394060441119 -0.181451213280189 0.100196547045574
0.0928121368372118 0.249156810965602 -0.184032761039085 -0.248538479349482
0.0116675602657784 0.0251342091854324 -0.431378223471317 0.0819849617979141
-0.012318476623735 0.206223311806199 -0.0448327729494864 0.336730559727917
0.244920349964022 0.148092756446056 0.129260812212402 0.107619063171802
0.223527035466938 -0.0374320176507849 0.0816212838028619 -0.0225705538579831
0.163082191131345 -0.0432358470086785 0.00928241312032281 -0.084333839188467
0.152768183738682 0.0247033406163033 -0.0779026341944575 -0.153591815000085
0.129183866921941 0.0610791880118661 -0.113619489187423 -0.223006241812235
0.103949718694352 0.0763528275515126 0.00807496112127269 -0.30855570743099
0.0909043359989755 0.156822153035885 0.217426198403246 -0.229363362911112
-0.105171493982805 0.250224691650203 0.344831394784566 0.0499088499233184
-0.167664641467455 0.0298610633573916 0.247052995769945 0.341490812126618
-0.152061880811579 0.197215874555524 -0.188815557067066 0.665380475172983
-0.397724263709263 0.188819025680921 -0.63269795258961 0.332550620128122
-0.450805181486961 0.432231061029734 -0.0130256824152985 -0.0547718855464962
-0.0107506746122952 0.447910259764011 -0.122845220214609 -0.386972420165182
0.117848748649583 0.146633592804325 -0.476527652791975 -0.0764744625166511
0.050914875916405 0.164195253399803 -0.188038211709071 0.362596517546223
0.19340298890664 0.0978961440475425 0.161816622818484 0.216339334103285
0.15648359024758 -0.00270420902120097 0.166597992876345 0.00291120271391427
0.144430156852923 0.0312303336683576 0.0788970821628174 -0.0904332275269692
0.17361684297819 0.086342280001983 -0.010724461865337 -0.13911449497221
0.16506867775847 0.109283878426475 -0.0521973112483973 -0.173777202332927
0.139435381481625 0.129617939675554 0.0305835347299608 -0.226085019281149
0.0789432899209314 0.210112302717518 0.164248102174527 -0.163340486342537
-0.122495305548806 0.226473962044426 0.231847210382056 -0.0191849092363792
-0.101845764825376 0.045525185148605 0.322322524794434 0.167689395296368
-0.0886126214011513 0.268884156848062 -0.00419656550148658 0.664476546975949
-0.430339636288616 0.355713678349667 -0.46910229221747 0.285405027109638
-0.584097740237344 0.426056462677121 0.220620893900332 -0.179855350433987
-0.128532289627085 0.527519140612184 0.0159964158735035 -0.478347330997569
0.156907473172723 0.221733804251825 -0.413263619487648 -0.270389743499404
0.0744156993724326 0.106672018847629 -0.317387509103166 0.278318093942694
0.10429654745933 0.0447622051333662 0.113827605269132 0.271757897017698
0.0614455922674196 0.0410320150178423 0.185816697322553 0.0547178357989933
0.108346887638989 0.104660555034855 0.131316937721297 -0.0622492367731924
0.169293757043365 0.136980429878542 0.0596148002435044 -0.102195011131875
0.169794013020485 0.133696444114727 0.0272608125387539 -0.123828779968679
0.146924700631834 0.141925361890713 0.0913347138847607 -0.133749727543345
0.0669065435858642 0.199948378887022 0.148754861249727 -0.0417976470739818
-0.0880497151395615 0.143601478768701 0.0813380898385287 -0.0176506647797759
0.0152118224820479 0.0652955131318728 0.32894708009967 -5.49499628311356E-05
-0.000257478169712227 0.321167033114502 0.0960786464684716 0.580832627862617
-0.406987627162876 0.479874142828752 -0.293590783485649 0.164012364178549
-0.580690127232208 0.377395587737154 0.462333079064417 -0.232999032749145
-0.128865416862541 0.492982313381719 0.204308109394495 -0.471344603197687
0.159446257217063 0.167020673965555 -0.230711371658812 -0.434806441091655
0.0418420816851659 0.0303885502197488 -0.377678863246347 0.106668925797249
-0.00390936571025286 0.00677361343837299 0.00156279626610827 0.256911068912771
-0.0281443601212479 0.0860932011756424 0.140189857652869 0.123551499062957
0.0631358946486779 0.159890163069716 0.153679250594126 0.00927467430027235
0.139934949487783 0.168617354461372 0.121429047160141 -0.0497340844648805
0.135548162150588 0.140011670583155 0.104890272581467 -0.0831460855630057
0.10382167768859 0.120615474979127 0.164137161528302 -0.0724643189536973
0.0165553523660973 0.11765619376899 0.168833858590683 0.0704927872778613
-0.0184949367279397 0.0130397755462876 -0.0355798177783348 0.0177277131150647
0.124552296723113 0.0764970841094156 0.279684363724488 -0.0791422660019718
0.0872611213654666 0.328063003957102 0.0966633396227447 0.437094038026832
-0.356883502756206 0.52649660346191 -0.126236904560916 -0.00739998880080956
-0.428911429189338 0.327346412215763 0.662175365474545 -0.249248913336614
-0.000461251308067747 0.347191907957788 0.395109001902784 -0.405256438975123
0.115801847623121 0.0378927002977461 -0.0226588304476559 -0.53444313727523
0.000432844240096309 -0.0354455154637628 -0.375825724344416 -0.0828452968734081
-0.0924099789519547 -0.0174581925738632 -0.132074562980375 0.205039821350228
-0.0819921996760327 0.114304156511972 0.0631788785148149 0.201690825259717
0.022625040464944 0.175404940801974 0.167477472420243 0.0937360175451211
0.0882982043521304 0.174783581731029 0.166259393815 0.00998859783346579
0.0690188644020375 0.138947332514643 0.156272199774202 -0.0547872623102536
0.00941608545568865 0.0933717848735412 0.20904709603294 -0.0346989441188241
-0.0584509045882484 0.00647645201825348 0.183462587955303 0.130900881022099
0.0446467915931914 -0.105107615075822 -0.0848024295933646 0.0338412771063377
0.175746804698702 0.061006512587718 0.224416984595793 -0.0910096952571705
0.153902419754992 0.30806061910547 0.0555171135909042 0.266034746348073
-0.298404613717037 0.469202694967543 0.0264026617837765 -0.175316460863819
0.247901522573702 -0.330055780554659 -0.155351007896364 0.304475400510882
-0.146394324069059 -0.272971285984955 -0.0305269647738074 -0.110385361454232
-0.197387679745886 -0.0115240578817682 -0.198629068508435 0.103842596650051
-0.0720506484033314 0.154481327580906 0.0992762749862252 0.0054973452052665
0.139371484326215 0.0905515775297809 -0.153170487894729 -0.133030730515455
0.114389941274293 -0.0836326889736003 -0.203503952064935 0.0177846001305317
0.0197232613763138 -0.126841128829792 -0.159404415227232 0.0306090164783921
-0.0227661004729 -0.141573192079591 -0.173855941183347 -0.0609884790859019
-0.00381610029402183 -0.149617671721985 -0.168166644991243 -0.180086509718866
0.0863915440208544 -0.12428228767605 -0.00444384707414727 -0.275216336160821
0.147181022823217 0.0148349837015485 0.220200766983782 -0.18152263294843
0.0122607860888633 0.124964526214064 0.375837113325133 0.177711459779379
-0.0764849605627967 0.0482814699603419 -0.0295855952418214 0.595378446387542
-0.156456253989305 -0.131571663269151 -0.518359424014488 0.41400184436223
0.158959150812334 -0.258594843786808 -0.756546819175357 0.284997228135116
0.150592142297584 -0.0964356758897744 -0.237644026891302 0.326458051029596
-0.0439980541799087 -0.201863802664935 -0.105562311688598 -0.0608314511908776
-0.217511388472912 -0.00411126464047564 -0.221498837998181 0.151326385010769
-0.0595533154316799 0.223528158613915 0.104585901505993 0.089378071360326
0.213959368947563 0.146726795996762 -0.0810519600861619 -0.0958820673249199
0.199074390770837 -0.0759856042287159 -0.141961419849249 -0.00186511035581008
0.0957560492890498 -0.118122596266619 -0.130607991221743 -0.00774899552809939
0.0471392062650007 -0.100258264402929 -0.169537510065348 -0.110886819776908
0.035348814368562 -0.089314752291741 -0.166022833930311 -0.23653417333615
0.0778068208470292 -0.0798869513533935 0.0255815211607953 -0.332089524401806
0.153206257817828 0.0401056142328946 0.271300676101937 -0.195667807096386
-0.0197437428668733 0.191708679994986 0.374833217492217 0.195909218886949
-0.0988154398450678 0.0305352939581146 0.00970274522757484 0.563063331514631
-0.197205623495286 0.034933275590457 -0.519175511282706 0.491669418908931
-0.0961497777076522 -0.13916418965673 -0.796414453878264 0.300845463278098
-0.0115934794523347 0.154763063897068 -0.255433093739437 0.251048355588252
0.08043737411815 -0.00872177502739896 -0.174990645598149 -0.121420450033171
-0.138056787588858 -0.026655129668831 -0.326326471333254 0.163901195963013
-0.0488170846480627 0.242557190410071 0.0663690957591197 0.223973639638713
0.257387011196058 0.165805670878952 0.0307403741965229 -0.0110243309217472
0.240173673548967 -0.064276045954405 -0.0361914000903347 -0.0209232766862917
0.146689119375134 -0.0925297273040427 -0.0693211816297094 -0.0517242634205856
0.108286612201166 -0.0423800978372269 -0.13641075210535 -0.142982863650013
0.0826609500336786 -0.012650396012338 -0.152956778722693 -0.249066200766463
0.0790350924386879 -0.0063692559168669 0.0180663600749055 -0.346611822888662
0.123737160804854 0.0871227299766631 0.26431044278919 -0.230387485330394
-0.0601772125700157 0.237666728631543 0.382445327907609 0.139611422796514
-0.154562648405972 0.0173815516702796 0.118528132391737 0.473699299241113
-0.186181425918575 0.128131779683815 -0.381797234536061 0.599873021373459
-0.288279805509735 0.0167737163260991 -0.754123777633193 0.332496408073903
-0.232898736958328 0.348978654217708 -0.180712949651883 0.104550722451694
0.0981261184366886 0.251386125286496 -0.188271933968032 -0.246805470725815
0.0121988984852832 0.0262411326070057 -0.432672051675398 0.086331127445973
-0.00534730174965116 0.210696185032515 -0.0421712035107999 0.335278376738956
0.249875618846386 0.145154723730804 0.130048952100166 0.105750342556796
0.224736527538041 -0.0409168570068849 0.0809707992216082 -0.0231601412952271
0.161989760860521 -0.0440088769205328 0.00768967954706863 -0.085529907687544
0.153614810952189 0.0220096458382795 -0.0800129403615756 -0.15336539293252
0.130797775949613 0.0594166788488589 -0.117696363847355 -0.222561004494863
0.101322020199435 0.0762278065072283 0.010112581694519 -0.30707387419774
0.0912050177342415 0.155863918062075 0.215788053276238 -0.234122247796881
-0.103669329523135 0.251597142270226 0.348073607078492 0.044430848600231
-0.162295407185641 0.0217497466932023 0.242410828805246 0.341535619622029
-0.15103767097332 0.200056286760514 -0.180570552759938 0.670670560836741
-0.397090558324676 0.194075012794714 -0.631622247534661 0.3447548641945
-0.45008422958271 0.427425374954432 -0.0133608587927214 -0.0548877031379422
-0.00570037513557256 0.4508501035832 -0.1265930658462 -0.387650076273923
0.120284429949638 0.146152857346404 -0.478955570016276 -0.0711905910001154
0.0543712168471771 0.164799020714647 -0.18391722867205 0.368726912319331
0.197255154043682 0.0950970221565123 0.165811554458543 0.215564770621347
0.156961110766598 -0.00557674493535723 0.16681446754194 0.000914542680585769
0.145689542422763 0.0286890894391749 0.0799884910022766 -0.0922926795675139
0.175856503735759 0.0844453645664312 -0.0129281788593359 -0.139570984606055
0.167753012751118 0.108031701341297 -0.0553839471639017 -0.173936601833191
0.142780182603351 0.127884551756038 0.0277775617326775 -0.228655878791062
0.0830258590926451 0.210038478114501 0.16289695274614 -0.16687158960812
-0.118771345958157 0.22996455291708 0.233679872313011 -0.0231533237379675
-0.102504368680159 0.0475455756401945 0.325283430860587 0.164786590211914
-0.0850260310284359 0.27122816327671 0.00532550486878455 0.667674122284325
-0.428997487504019 0.363427691352721 -0.468099327172839 0.291948739737851
-0.582079189551312 0.415971927807314 0.220848217894683 -0.178688461806775
-0.125363320815053 0.52650360063303 0.0119288034200824 -0.479247959153794
0.16169654913144 0.221707068188526 -0.416247308070654 -0.268721211991579
0.0822366370516636 0.108200793975479 -0.315189669955362 0.280463987303293
0.106386414867575 0.0433368707832688 0.116963492981377 0.270916673380161
0.0613632988994743 0.0409677237068902 0.189091809443343 0.0510487578356026
0.105114105226712 0.106715688044874 0.128185968310304 -0.0592671136783699
0.171804684445076 0.13533839205082 0.057575113052623 -0.104615156695501
0.173968630210731 0.130566568628847 0.0252362263928266 -0.12468969720562
0.160145186055028 0.134793442233266 0.089521434784726 -0.141259136128421
0.0702845392953667 0.199681504034791 0.149847268430584 -0.0457371898072414
-0.0878352147209749 0.143238915115052 0.0813111279176363 -0.0193288340138303
0.0145299985011673 0.0628716021773912 0.330202086740355 -0.00320975727054109
0.00328526270930836 0.322716693455325 0.105549197332608 0.581877234646898
-0.406191993810199 0.488176727172449 -0.293514813598211 0.169748873207016
-0.580058977614179 0.372077212804707 0.462693506928408 -0.236455842677878
-0.123548123504447 0.497611081923024 0.201225065854179 -0.476959267708281
0.161974968430499 0.166523533258228 -0.236315606324387 -0.434073489870846
0.0428034536596412 0.0309925971912436 -0.377707548899876 0.112943523508825
-0.00297508669071994 0.0065360319587482 0.00540778488703775 0.257769714534847
-0.0274074176352863 0.0867303225453212 0.14272939984896 0.121937746439606
0.0659602502393333 0.160233769520876 0.155323338367204 0.00689512929269199
0.143597290953999 0.166837092408805 0.121815065297835 -0.0524726134479295
0.139109937000093 0.138474673448649 0.103525196077873 -0.0865306012034572
0.106061560652204 0.119419649757305 0.163994060803028 -0.0752079559245909
0.0188709362727936 0.118273117813147 0.171502263739965 0.0679614491286074
-0.0195356962786972 0.0140491616677285 -0.0345283357733543 0.0183899303832444
0.125587523829579 0.0759998033133349 0.279514837978298 -0.083130397222437
0.0929052633391299 0.328278298127235 0.104832333572007 0.438673739414239
-0.352218953981844 0.534022798666199 -0.126137142958025 -0.00647391755832537
-0.428855133650181 0.323658200048575 0.65695117236225 -0.244165951921748
0.00287015899967047 0.348624153037949 0.394008870642882 -0.408509967537534
0.117024706009127 0.0360931884249721 -0.0290561949766087 -0.538826938238591
9.96620587436969E-05 -0.0352562428556922 -0.378226961995583 -0.0775159215362686
-0.0928815690031214 -0.0164009860245 -0.130558806170696 0.207965927878467
-0.0807598000885853 0.115163846918466 0.0663369417243186 0.202542726589308
0.0231348361131466 0.176268107571995 0.163097869532067 0.0955586117611043
0.0923286050041619 0.174322438689004 0.168880067578294 0.00555447426469953
0.0725515457145974 0.139777978427675 0.156146555244162 -0.0563956417998342
0.0119785090782562 0.0939055656809361 0.211792509254454 -0.0469000453728544
-0.0576150990280225 0.00640689445937536 0.188023298045302 0.128239557145641
0.0435902936595245 -0.104522005503705 -0.0848307478109733 0.0357825231799091
0.182439225574133 0.0557157613828026 0.221378003785347 -0.0865495715393011
0.158014689425928 0.307791637966345 0.061416136662672 0.267058265589429
-0.295190013806933 0.477289962616056 0.0236556198181593 -0.176864368255442
0.245399900976841 -0.334759712949162 -0.152897910237321 0.309150194184068
-0.150654799000844 -0.272138685980168 -0.0320373038532362 -0.110078368334485
-0.198817282401356 -0.00890877844253003 -0.198759742055764 0.106706029470804
-0.070310033078556 0.156585622309454 0.099859094266776 0.00374862578305676
0.140904247022439 0.0886045415987218 -0.15534118852628 -0.131049596879053
0.114010237368618 -0.0866363150171627 -0.203809571601688 0.0206630337436933
0.0177926319593054 -0.128762615640659 -0.159288770270911 0.0339042769725797
-0.0250564942796272 -0.141258736486501 -0.175616942837306 -0.0586230944821477
-0.00640054127695553 -0.150346954402269 -0.171159066619811 -0.178229746383857
0.0854756853000764 -0.125662066404042 -0.0091892655072372 -0.277013067630054
0.148281437072614 0.0134414158716534 0.218120986996254 -0.186921325404293
0.0137597807212677 0.125456418107789 0.379563129215194 0.173010230688316
-0.0775833556891474 0.0492241470778381 -0.0218792037959519 0.599794345773677
-0.159243101573832 -0.130429967416511 -0.516261051898303 0.421036741927942
0.155269590575399 -0.26227773847676 -0.755527059165747 0.29645599916841
0.14950704313981 -0.100327620366183 -0.234268532702543 0.33091069784121
-0.0464066232107988 -0.202249553579451 -0.106601580305216 -0.06003200748766
-0.218825493860775 0.000159323319741791 -0.220115204736324 0.154851630801706
-0.056938563257976 0.226030626083782 0.106412296699501 0.0876582786642392
0.219104689752097 0.144405094610502 -0.0831339285857014 -0.094843539355887
0.199762272186926 -0.0794215397570522 -0.143123137762187 0.00157360906665586
0.0944068650645085 -0.118423787281182 -0.131794033001591 -0.00601225572063338
0.0453850344337963 -0.10080490491988 -0.172249190980554 -0.108179124702406
0.0335286124003224 -0.0905918291389292 -0.170772169536788 -0.232371125128878
0.0775144942832788 -0.0821307804297243 0.0194203550501174 -0.333298818769863
0.154680040756104 0.0379897751710808 0.268715329475162 -0.200703863302336
-0.017657051760947 0.19300620079534 0.377593216701792 0.191986424827518
-0.0978750183704292 0.0287703323752568 0.0133243806867153 0.564210158907519
-0.196893588970873 0.0372914255464553 -0.514547316776418 0.501670599915922
-0.0987569601029507 -0.137933713143334 -0.797314092366269 0.313824631590344
-0.0111536096561735 0.15452164369141 -0.25371048034715 0.256807111064677
0.0805788040693706 -0.010141472067943 -0.177591984720525 -0.120389890519033
-0.139412970931015 -0.0237984718501194 -0.326121338651325 0.170443381183923
-0.0445918857952756 0.245681106580817 0.0698107586103408 0.224069121293347
0.261260411738943 0.162703511181929 0.0312038127683913 -0.0117944860424817
0.241104674972608 -0.0683399838604997 -0.0362768920018699 -0.0207159367590393
0.145224890045334 -0.0954989040877607 -0.0702271204849819 -0.0508754279347409
0.108160345242941 -0.0442661906601521 -0.139601729406722 -0.141706899416301
0.0827226631679528 -0.0136061416213561 -0.157696490809968 -0.246956989842644
0.0790769030418831 -0.00685185421318706 0.0131137747704473 -0.348728741975865
0.126180832382251 0.0848751787967787 0.262615477329734 -0.2356430264804
-0.0561039096697049 0.240291369369832 0.387033822515291 0.134589103895863
-0.155298272959136 0.0202017038229576 0.127357875300327 0.474642130622379
-0.185428740284924 0.131956567764941 -0.376890160806863 0.608370013008721
-0.2907824295886 0.0212755121710839 -0.749999972232942 0.345822909274599
-0.229863290871424 0.354269075104292 -0.181097672615799 0.109893457719207
0.101569340054518 0.250661591408719 -0.192232060145837 -0.246219148185301
0.0128939402960072 0.0271178840669363 -0.433690125432214 0.091633977013115
0.00103269790769786 0.21367514664533 -0.0357393060896306 0.340116019214404
0.255172765776413 0.140880742297681 0.130734927801841 0.105338412546767
0.22526121317738 -0.0433517667797829 0.0812692035280283 -0.0250273935763818
0.16038047023981 -0.0417069585071791 0.00731853862947621 -0.0862561246172013
0.153307616391218 0.0203392527348068 -0.0841676956993466 -0.15282764450959
0.132941468452536 0.056427271504961 -0.121954020750212 -0.220857554979215
0.108454478722007 0.0722905539872823 0.00447913982214006 -0.3094425064131
0.0997464999834273 0.155742687473946 0.213295600785676 -0.238605988298029
-0.0989170465441642 0.256709970109954 0.350257395932978 0.0400293177361165
-0.165816699975046 0.0276612749069303 0.244031020530583 0.341045691793841
-0.148840292796188 0.202261655296429 -0.171858617573147 0.677080714157879
-0.396750804290022 0.200597942395151 -0.630776698036347 0.356286090058314
-0.447641185542368 0.432215090962573 -0.0143584539016367 -0.0559343553522263
-0.000165439957306336 0.453125262473739 -0.133370460609764 -0.388017140551256
0.12221543709953 0.146185168813812 -0.482310231869867 -0.0655190265105577
0.0573803926414335 0.165556330199708 -0.181118646014558 0.372784061744469
0.20027717889035 0.0923700992698118 0.170607409165896 0.214238152079897
0.157925318527439 -0.00834623984144025 0.167635158216688 -0.00187879540399205
0.146797075186926 0.0266604785849273 0.0780281431754744 -0.0941106426187653
0.177404437310838 0.0812576969203263 -0.0142986544518891 -0.140760994122293
0.169521060317142 0.105769109234303 -0.0581868194697401 -0.173535129312041
0.145502020166102 0.125351271913612 0.025029556510367 -0.230472417911488
0.086695861486564 0.210045031773947 0.161103832413855 -0.170399213786904
-0.115273914699968 0.232993215096911 0.234554102760259 -0.0265562651495416
-0.103028766918785 0.0502033789983326 0.329357714229592 0.161136643841009
-0.0828717417054375 0.273570127808704 0.0146160321036104 0.669419013838293
-0.427871580071126 0.371976632520479 -0.465946834170145 0.298962224415547
-0.579842127821192 0.431177238809593 0.220331880649174 -0.178146397222642
-0.116733483634585 0.536185672358912 0.00631672598224485 -0.482924817549048
0.164250602726452 0.220509697895043 -0.421081587193914 -0.263939458040489
0.0795186915557096 0.107578349001167 -0.311684504718836 0.299417678592014
0.106935798108837 0.0431456841220127 0.126442114784495 0.271081319272668
0.0618966625225126 0.0392218699630423 0.190488828044673 0.0494129183157664
0.110447316010889 0.103512378582502 0.127467492575651 -0.0609049140795692
0.177388797904456 0.131332943703125 0.0563647513355304 -0.107478380043432
0.176459092472705 0.128449510713275 0.0237378791881302 -0.125246651792899
0.156471231774347 0.135757197115119 0.0867863815886259 -0.147326987945464
0.0667755871848937 0.199311114898325 0.150651581391053 -0.0479512777704914
-0.0861322179253476 0.146272490787397 0.0824676109643601 -0.021611455491281
0.016918422057664 0.0673541050769683 0.322638548691129 0.00414339465038421
0.00522089943194893 0.323826247110003 0.11298259117814 0.582292312752571
-0.402557007562668 0.498802284109794 -0.292834273677862 0.172176538873656
-0.577103193927317 0.388155009298421 0.461017662871706 -0.242146637472419
-0.118168398649332 0.503826618804173 0.195030487051321 -0.483099738330005
0.164345877656404 0.16433642346332 -0.243337406717826 -0.433386376766276
0.0434497245518906 0.0310353763144089 -0.378845695402424 0.119340502132506
-0.00315018337260047 0.00772899891792545 0.00879253093054901 0.258290368720835
-0.0256520638271742 0.0872862752430122 0.145551881261609 0.120897780740517
0.0680180645999768 0.159876939347922 0.15646387953346 0.00331883419151438
0.147716457970403 0.165688533278216 0.12125287219835 -0.0547930576815013
0.142165411161055 0.137071405962866 0.102438871703209 -0.088978695578467
0.108213753745338 0.117706115036072 0.164217578758412 -0.0783384194435085
0.021460254202 0.11845201688921 0.173489133823025 0.0649195395982425
-0.0188912823278305 0.0149493905295713 -0.0347781040974762 0.0188354356112659
0.127181097747048 0.0756154321982322 0.281016640806284 -0.0873840741395542
0.0974963038037544 0.329628272412604 0.110574131246145 0.43929385562107
-0.347840039217651 0.541366931879425 -0.126590803948632 -0.00476759879017107
-0.425641498040361 0.33566953091072 0.657573454829988 -0.246769582238187
0.0101484276983864 0.352090536376017 0.392141446785084 -0.413882074553466
0.118136537884267 0.0344362161871678 -0.0402995577050248 -0.543364136766829
-1.45671507355456E-06 -0.0350093947271305 -0.38872805072703 -0.0643297756821673
-0.0934162604565366 -0.015351391583488 -0.125425241023242 0.214048567989511
-0.0802126774418727 0.117003055762071 0.0681229076739256 0.201481349156152
0.0314338499663515 0.178146881625503 0.163882563743264 0.092148562635072
0.0971504275158405 0.174229594152189 0.169287362491741 0.00184087530998499
0.0744832240993475 0.139731625951743 0.15558469330907 -0.0585277047425637
0.0102823467581203 0.0928485562025618 0.210688165001477 -0.0472329211274837
-0.0574348499702701 0.00711256374499036 0.192338150974538 0.124239610829306
0.0421830662307974 -0.105269740362254 -0.0844132305200254 0.0366015778492966
0.191854978743737 0.0472376682003925 0.223823912379946 -0.0970030349950192
0.164559640529037 0.307813713137461 0.0654220897052201 0.266503386815216
-0.289151140371296 0.485868305474688 0.0231474339985113 -0.177968764747548
0.241612041911452 -0.339526824494126 -0.149936064588975 0.31193220305098
-0.15490290058956 -0.272439933027984 -0.0346062037020983 -0.109580881190461
-0.199551245006939 -0.00488695116107877 -0.197274780378358 0.110640596891506
-0.0688619830609605 0.158267368110986 0.100381753112659 0.00271083775475502
0.14372425490352 0.0863262413498049 -0.158492215042317 -0.129591274337303
0.112940345393177 -0.0890043077849957 -0.204979630514169 0.0249590751688513
0.0154511439385921 -0.128927275509127 -0.158699115863692 0.036344434424795
-0.0274131836117848 -0.141885712061822 -0.176528972888234 -0.0556484083341897
-0.00851795621940333 -0.150766724162677 -0.17426045306424 -0.175534545927569
0.0835187356379145 -0.127899096061082 -0.0131554735670035 -0.277229130991703
0.149155072189694 0.0114053325066852 0.216942380147206 -0.190160677307077
0.0161561017265728 0.126056986934901 0.383348132389443 0.168322205811629
-0.0768469300037372 0.0504538905752475 -0.0149410519193401 0.602649059906393
-0.16197810100035 -0.128401987875188 -0.514075014507853 0.428503582114623
0.151550536081177 -0.265729869311883 -0.750567855457579 0.306446447330578
0.148225497514082 -0.103987695281284 -0.231836245280979 0.335192861954677
-0.0509810378657995 -0.202702005502376 -0.107345352327346 -0.0586651304138409
-0.218971725996356 0.00290229968630602 -0.219954169391739 0.159158402879353
-0.0546876639245801 0.22515869078557 0.108568625226404 0.0873444334104872
0.222742870849615 0.141879058642973 -0.0859722259883279 -0.093210781494044
0.198280081390542 -0.0835321581731547 -0.144362223495285 0.00302769664009519
0.0929050708953553 -0.121417921209294 -0.131257752516345 -0.00409553998152692
0.0443550471494606 -0.10253611623415 -0.175350877345633 -0.105172278119122
0.032751016124985 -0.0912324927963016 -0.174373009005206 -0.231355796173227
0.0760284865928673 -0.0837798291332661 0.0112363503060947 -0.336636721693462
0.15529975417934 0.0360299378063836 0.266959022467713 -0.204689500603798
-0.0140666002502734 0.193940360519605 0.38341140913811 0.185276269603888
-0.100644835204497 0.0337820694446019 0.022412644519082 0.567427760065068
-0.197789628966557 0.0405680999709388 -0.51004306565083 0.508258891205076
-0.101284552991967 -0.137143498271427 -0.796176608864518 0.324579812349277
-0.0102581990421562 0.154087842093496 -0.251211058532916 0.257666854962939
0.0803942137788335 -0.0114220214665513 -0.179368374465187 -0.118202153035329
-0.140282739456212 -0.0216424373165905 -0.324182997559659 0.173796009867905
-0.0409592886733261 0.248364765942669 0.0722769497460145 0.225025852713428
0.265666161150058 0.158672916855402 0.0309770434193695 -0.0123756732589657
0.240835569328213 -0.0730659788917968 -0.0373373195873494 -0.0193265407200396
0.14438173921969 -0.098909256624374 -0.0706280681512133 -0.0498144552503809
0.10793492115197 -0.0468656488873291 -0.142343040019875 -0.139816493361775
0.0827732937169799 -0.0156377371971753 -0.161501170542027 -0.245675633713949
0.0798436208791693 -0.00925819443042803 0.00656923669164936 -0.350174917435686
0.128502167205285 0.0833098265180459 0.260014553631632 -0.239145262178624
-0.0535754034358092 0.243018525918667 0.389608671358737 0.130043675617079
-0.156107184316434 0.0223665498355453 0.131867205964464 0.474885204472775
-0.18447700476186 0.135122591162976 -0.369202241117568 0.614024903814263
-0.291491631417801 0.0242323537258725 -0.748413066454891 0.353943955043764
-0.226655594285678 0.351015998981825 -0.180378579421842 0.111446301321912
0.102502463060194 0.249822935276325 -0.195734630052784 -0.244538736830594
0.013178139075344 0.0283127790865546 -0.434804314484492 0.0978251958169575
-0.000452671229474758 0.212535757816179 -0.0280414537045402 0.345002110639638
0.257845448070543 0.13807627812245 0.136122077812165 0.103056722701842
0.225635595083912 -0.0491917943259494 0.0808056355722652 -0.0256393007496764
0.161274488355239 -0.0463040933930318 0.00710822387462892 -0.0858403551849621
0.155628280770586 0.0168673633151504 -0.0867647606421733 -0.152266317346716
0.134486748173399 0.0548108434811204 -0.125505202206156 -0.219316595820839
0.113664660571435 0.0686705079998915 -0.00767820291486715 -0.31437928568529
0.10494072506933 0.155674546953959 0.211197955139997 -0.243162586833694
-0.0937437102695723 0.263252375422935 0.351312515945026 0.0362410246085706
-0.172619346640444 0.0430153707953681 0.260076084559295 0.336633708620856
-0.148219493978606 0.205617381127021 -0.163710443484058 0.680854639635464
-0.398381430948354 0.206311076813753 -0.628950710774994 0.361351583364095
-0.443699061319974 0.452706505095426 -0.0146363351090322 -0.0560164632987739
0.00390477705843553 0.453832144729532 -0.138671147307194 -0.386555643240719
0.124365563903937 0.145817102616548 -0.485774664415086 -0.0605783095889162
0.0598818558730333 0.166511997689969 -0.176666608104623 0.37763231376873
0.203079105834808 0.0902591746175098 0.174185917316855 0.212304392810244
0.158265856419091 -0.0111104106652619 0.168795874026932 -0.0041282390498657
0.147243782880904 0.023999655581384 0.0777812751627553 -0.0961032417078515
0.179907469065732 0.0783731605700096 -0.0165275374020298 -0.140815288783233
0.17227883116357 0.103197359377912 -0.0611122513078455 -0.173702909656829
0.147544427453028 0.123244091301239 0.0206712540258528 -0.231764718584259
0.0914861295785607 0.209593202065277 0.159300614734359 -0.173652333395484
-0.112576717193341 0.237019693149363 0.235950623451158 -0.0293637455939717
-0.103096481577729 0.0522398538668825 0.332050227299997 0.157259797678495
-0.0794807249481787 0.276900892084017 0.0228416413679273 0.673647783165098
-0.42430778003301 0.37655720818071 -0.462716873083962 0.306904936720789
-0.57855444971183 0.461665624828644 0.21910435307746 -0.187931060573183
-0.10711215101204 0.543443185822879 -0.00172301931873869 -0.48607128068527
0.166014163323999 0.219839834205742 -0.428358221232595 -0.260292581390801
0.0775723146213081 0.106325324358026 -0.308537422522279 0.30633427534092
0.107843850217412 0.0414524455420608 0.132212841737891 0.270144747525871
0.0633826560219365 0.0376204395708954 0.190465324333436 0.0474760193703662
0.118116148846928 0.0983575086773294 0.129328383657703 -0.0677532716092166
0.180430691669711 0.12944465476142 0.05578981300859 -0.108516348675944
0.177523221492121 0.127374627982299 0.0219749002796303 -0.126871562281918
0.149665896600466 0.138007837930077 0.085819831075601 -0.143992786456432
0.071845456419521 0.199399612495293 0.150027482607164 -0.0509413764008746
-0.0823296224087063 0.151819375659839 0.0825616705954375 -0.0221870703887245
0.0201337098515129 0.0706769900915868 0.326256236769779 -0.00174347699462436
0.0112714518018001 0.325393253958878 0.119559214544098 0.582240368664438
-0.39651254371667 0.507621981946984 -0.290944231814754 0.174068888080782
-0.576324652326191 0.413771505061001 0.461106412032611 -0.254970989386414
-0.111216546773427 0.505699277243229 0.190483149168053 -0.484495173327655
0.167312189262325 0.163335541758584 -0.249629641581701 -0.433392586980697
0.0444647988168481 0.031070706745196 -0.378181617702981 0.124866876727046
-0.00233386761533281 0.00785662661527086 0.0123965450647831 0.259571067496079
-0.0249964884289409 0.0868720609092339 0.147697502751844 0.119876557901008
0.0709097316124743 0.159106948761166 0.157193339777354 0.00095267908684076
0.150929126244496 0.163157809506107 0.121307261863505 -0.0584472743722408
0.144772588814384 0.134835873299297 0.101660967183822 -0.0907094636177576
0.110132144812338 0.116491559412484 0.162774382523001 -0.0819641591462173
0.0227137364718617 0.119013513940401 0.175484758635865 0.0627349505823601
-0.0180032172572849 0.0156514886152014 -0.0337397421855257 0.0185011028846809
0.129730967765031 0.0738586619641156 0.279666886817543 -0.091226084522908
0.10255861516485 0.330003220620188 0.118463252579074 0.439520999058026
-0.340677954989683 0.551535082046195 -0.127940690713221 -0.00373425257306763
-0.422926439284413 0.352774980733478 0.661900057006875 -0.271253129688457
0.0164682778275809 0.354637491758763 0.385991504103114 -0.423747743479616
0.117646498112053 0.0330836350079099 -0.0459093231024776 -0.544289599773618
-0.000229475807958294 -0.0349040494816524 -0.390476923552445 -0.0601390222673324
-0.0939868698622046 -0.014148001207634 -0.124496726497224 0.215432940745861
-0.0783855566817423 0.119472912477303 0.070560645590233 0.201304602034539
0.0362189110025655 0.178398965038686 0.172236839219846 0.0869090145507115
0.0998350092277715 0.172721494081093 0.169337684116944 0.0021188133560227
0.076143748490901 0.138888539053976 0.154985731711385 -0.062521205478444
0.0110125273487524 0.0925518543208393 0.208740658871537 -0.0434142970697319
-0.0591321183799369 0.00928849611927204 0.194285446813315 0.121145617513206
0.0399071993055153 -0.107876070228144 -0.0838195805879781 0.0378034965099312
0.186360545236686 0.0496546170935681 0.225587457860497 -0.108185974646716
0.170942993405898 0.305752969287661 0.0675711930137927 0.265247069375974
-0.28265406544325 0.492522183242833 0.0206261091915767 -0.178211533898294
0.238686079771245 -0.342357648757063 -0.147098294538784 0.315644930498232
-0.159709579023617 -0.27076940992674 -0.0355942938306856 -0.109753132926392
-0.200174259978096 -0.00219497628765497 -0.196259096781404 0.112493115978089
-0.0662774651078504 0.161034197391311 0.0997578908806115 0.0012545480730809
0.146090420331831 0.0846715596685356 -0.161046549719229 -0.127635191380516
0.111457579885259 -0.0910020181258097 -0.205266524221326 0.0291099134801022
0.0139494302028327 -0.129997205594031 -0.1590214143987 0.039716146067663
-0.0300071390443367 -0.142226607850883 -0.178333951394976 -0.0521333425775263
-0.0114666210867188 -0.151376639046277 -0.177538918800054 -0.172904542998451
0.0813077093775415 -0.129009584159973 -0.0169547609739996 -0.278377825168409
0.149009492956441 0.0095924217136112 0.214794356967555 -0.192301373339858
0.0179761351997102 0.125974862912826 0.385908939374223 0.163359895545485
-0.0760113892781814 0.0517499514294106 -0.00750128803245864 0.605049690565886
-0.163950006162383 -0.127107443547682 -0.50996369719109 0.437400208090337
0.148955377562317 -0.266185046790376 -0.752447084535755 0.315968594419306
0.147790786724412 -0.103984811100095 -0.228106822976334 0.339235087911724
-0.0546696778529006 -0.20313320969083 -0.108360149277725 -0.0564184307921682
-0.219819120903148 0.00614953819110813 -0.217717996466185 0.163319438285414
-0.0524851328037855 0.228145786996873 0.109102428086874 0.0856077529339536
0.224473260746174 0.137684937000728 -0.086833727225779 -0.0920661260142309
0.197989181343297 -0.0865599935974428 -0.144448275621073 0.00544743327097332
0.0906591724840698 -0.125049025416858 -0.131266878828287 -0.000839590989496177
0.04220415451786 -0.104442097305731 -0.175553632306798 -0.104014164231249
0.0309955491971399 -0.0929406395089178 -0.177743948900509 -0.228617329047037
0.0745863223346927 -0.0841392332309114 0.007347222577997 -0.336916345107871
0.155555499427502 0.0347941750200279 0.264366827745359 -0.208358571892807
-0.0105076349782415 0.196046501564821 0.386083504690823 0.181385816770315
-0.101689957445224 0.0376786490147602 0.0358230180092862 0.570937281861115
-0.198807919294745 0.0439555235976123 -0.505490274408694 0.514684524782241
-0.104412531998912 -0.136870100860391 -0.794350598725702 0.328985596010625
-0.00844033654844608 0.156037586282315 -0.248797982913677 0.261987236348085
0.0805125110754359 -0.0121161307201159 -0.181357600602524 -0.115992311707364
-0.140614316865951 -0.0182579702352592 -0.32272337610597 0.178853601335296
-0.0372247466488195 0.249358078238723 0.0765103516306791 0.223826086472511
0.269544233400187 0.154772868255176 0.0312499318366017 -0.0123466927926359
0.240657242248064 -0.0775660288754104 -0.0381754721496135 -0.0180569199136276
0.143923333478585 -0.101115733714581 -0.0712744212363038 -0.0486520956642177
0.107573663285912 -0.0492731365885595 -0.143531272561174 -0.13831461160181
0.082473206689636 -0.0168894015803148 -0.165020080839395 -0.242653917632442
0.0798630617515528 -0.0109753501819423 0.00195196029035182 -0.351539434704968
0.130001464807767 0.081945126186256 0.257135952103497 -0.243501348928866
-0.0489581400821022 0.245765394680555 0.392265044054416 0.124741154127786
-0.156182667777479 0.0250088469289829 0.137619213302715 0.475020476631184
-0.183544311759846 0.137510462092929 -0.364178683886654 0.61837357664954
-0.292549922854151 0.0288194796441031 -0.747616949865294 0.364570128735291
-0.226296298462813 0.356418044881455 -0.180350501124559 0.111439060755038
0.107487053924111 0.249732192664218 -0.199113875295676 -0.242956787278523
0.0132614722196607 0.0281963898922107 -0.433366159115817 0.104311151753869
0.00163705880188552 0.211694877429136 -0.0287413279904164 0.342229482492456
0.261169679520835 0.134919129847516 0.137285394572351 0.101199707627651
0.226137297450434 -0.0534302570430129 0.0809343846254931 -0.0267755028097876
0.162576797054779 -0.0557171216678441 0.0055110767368844 -0.0865154917855038
0.156427074346924 0.0134582837376693 -0.0887717650190694 -0.151263911985623
0.134972891063811 0.0535161511844463 -0.128340515415037 -0.217957557586865
0.10939178904052 0.0691139491735004 -0.0111015427052761 -0.314271516078903
0.102541603378129 0.154218897656381 0.207897887203204 -0.24621012363948
-0.091562523315767 0.263102413018651 0.354301935576057 0.0305373331513982
-0.169957935047195 0.0396717442620753 0.268703291922878 0.333454481867344
-0.145041895285172 0.208286019543496 -0.15594830260725 0.683693478325765
-0.396973453164152 0.21120607754746 -0.624244127714748 0.367862007936239
-0.439927391711751 0.462715988987542 -0.0160864860342619 -0.0554695653568701
0.0105895873672573 0.457052768390639 -0.143965523144633 -0.386294663771564
0.127546956615726 0.145074584178979 -0.488000243311294 -0.055668606653637
0.0631446371271552 0.166503616616596 -0.173332486595021 0.38070795904812
0.204977251138494 0.0868614277918065 0.17679005690569 0.210214640915361
0.159233104002483 -0.0138078740787517 0.168379996989966 -0.00652053594481911
0.147643583732023 0.0214520539694495 0.0766520561628718 -0.0971696054708959
0.182090142564769 0.0768597230249343 -0.0183556707620533 -0.141241208026125
0.174101399530054 0.100629356955825 -0.0636834668093493 -0.173049062115145
0.150307921380203 0.121504186089454 0.0159112814435013 -0.233600933154467
0.0954882273134661 0.207793788985 0.157323159256832 -0.175909228310499
-0.108485855048159 0.240240945102563 0.236688515930977 -0.033202412156926
-0.10339924511639 0.0540193217903553 0.334941899612582 0.154592472861702
-0.0763972305837623 0.277868888920791 0.0329466881591557 0.673192837796681
-0.420733475269158 0.383504627599265 -0.461058783225033 0.31322813609366
-0.574052040394993 0.459857847664189 0.215879057205164 -0.195072540957493
-0.104939789138503 0.540988587676849 -0.00721702509305155 -0.486774182434482
0.170404173889097 0.217911710144486 -0.432115699959363 -0.254899505630437
0.084386492572859 0.107273665350482 -0.307973515487499 0.297882698284987
0.110241460195159 0.0398326262178749 0.130413759235543 0.268048396342354
0.0638010683828505 0.0367582045313841 0.191457721682519 0.0444794805497565
0.115138010239021 0.0998219995529055 0.1281294083375 -0.0708563750270674
0.182050889454283 0.128012855780412 0.0537882308659856 -0.108458851742982
0.181357719757845 0.123904510012771 0.0204788577156042 -0.129256185482414
0.159090013833896 0.132183079635174 0.0849207986324147 -0.143898840551464
0.0824524573856557 0.198677956434171 0.150243682321424 -0.0538462150501526
-0.0792469445415606 0.154228414279282 0.0823889055772884 -0.0229173120423996
0.01714609282192 0.0664029080836954 0.335937462255471 -0.0198654097481291
0.0148637349957739 0.327287418807367 0.129625601912443 0.58351337734147
-0.392077232254146 0.509994505267869 -0.28924731896024 0.180870791422522
-0.572835663584101 0.413125998321281 0.459626673895489 -0.263366429773977
-0.107138048464004 0.507887628703371 0.185203315671839 -0.488388952530067
0.168891876661628 0.160936438031889 -0.257092949375076 -0.430889599755371
0.0460262947049793 0.0309592185128058 -0.376908890556334 0.130818163134633
-0.00294226590073003 0.00718804748509993 0.0169081388912637 0.259476358601019
-0.023767200431479 0.0875914685918858 0.150676312165424 0.117298292354779
0.0746107662933846 0.159115582423834 0.157540211627844 -0.00166222345750514
0.153545057428771 0.161383055063963 0.120543529122469 -0.0603876029734047
0.148327127160641 0.132983763975348 0.100096068118038 -0.0939767587414517
0.113218824551194 0.11414192863519 0.162126039381494 -0.0867615195133705
0.0254865496580391 0.118888390560372 0.17691637529774 0.0591693636024026
-0.0183852701246974 0.0168091367955937 -0.0327723193102381 0.019571608970857
0.130360372915776 0.0724512412558519 0.280599990958512 -0.0956200237487013
0.107033325799583 0.329503895384603 0.124057610121287 0.437730333564408
-0.334463769976754 0.555506694238711 -0.127741260691249 -0.00261067001243625
-0.421006213144233 0.353654740067013 0.660231293641543 -0.285656274271005
0.0167297257025594 0.353271969123597 0.382296102695403 -0.429334151862233
0.117717258823949 0.0315721755546048 -0.0487083378586921 -0.54345299634846
-0.000455445824063878 -0.0340087913958277 -0.385053410891546 -0.0647130626605675
-0.0938406725012317 -0.0117676918532429 -0.123764298209137 0.213713265825653
-0.0775194333420574 0.119573084549006 0.076157151205694 0.201095692210719
0.0331016221467717 0.177136336859842 0.17274540485475 0.0838330300053666
0.10247675099235 0.172084526343272 0.168434044731873 -0.000448299007896848
0.0798095419644461 0.13715126895702 0.153853093434323 -0.0670722312037459
0.015981654349521 0.093661306027893 0.209380447939472 -0.051612231674595
-0.0586770809348122 0.010872946533565 0.194957891536944 0.119378628912325
0.0382742467888677 -0.108605636643683 -0.08341686375226 0.0388010304997216
0.181266211791485 0.0525344835202305 0.222959341087627 -0.10340446190781
0.17320792988841 0.304684075100964 0.0721027542580172 0.265520385439789
-0.279729643513044 0.494462858223138 0.0185885068561666 -0.18115357651863
0.0589761608842713 -0.412901367338985 0.0203834180108831 0.35156079899994
-0.264704091629663 -0.169069341087341 -0.0789348955833871 -0.0803011526336572
-0.180758593869423 0.0890849585970676 -0.120790265948446 0.189018249185693
0.0136969278786045 0.172819439524653 0.0874474128467989 -0.0458939588228789
0.166993603588989 0.00923386888221883 -0.201866248045675 -0.039063811366913
0.05786187682286 -0.130953606128516 -0.16771374352197 0.121192090442494
-0.0464507240602358 -0.121816899007139 -0.120844763440645 0.107656477653795
-0.0910492758540586 -0.112558898227342 -0.180425078854753 0.035593709679131
-0.0800527252901061 -0.130754670636485 -0.23701491915006 -0.0712167565067185
0.0131934178461242 -0.153133944980735 -0.144825222447682 -0.238186257414173
0.137824702880705 -0.0606081291815207 0.101260241673999 -0.271099169396205
0.0735723579685922 0.10368087042989 0.420550423266669 -0.0333740803306191
-0.0432145522318878 0.0790205803003932 0.274456515067808 0.539319136922911
-0.20485070591455 -0.0395257804140625 -0.250312096869112 0.624031930527926
0.0163732676274804 -0.310156574795411 -0.525329297477228 0.641125948941845
0.0865236174489201 -0.156495557712802 -0.0428025812494339 0.409126669667324
-0.139323251189855 -0.156301125352186 -0.119525510019584 0.00142005461557564
-0.193424456661465 0.10684768574498 -0.116825286453873 0.24220010191634
0.0601070667601785 0.227147213080672 0.133335611872247 0.0249213589049984
0.262953725740188 0.0208732843529655 -0.120122260661072 -0.0430332259871928
0.137217861229395 -0.166659230699097 -0.125207330445236 0.0743586434844309
0.0247939258186531 -0.151837015811266 -0.11649906150189 0.0601932700209663
-0.00911793743909361 -0.112115865012591 -0.201864942609638 -0.0114666261470272
-0.0151748330267399 -0.0967518337699083 -0.263796330668027 -0.120034609669268
0.0281713954628401 -0.111107138328789 -0.145861751376192 -0.302376554987748
0.155288735978577 -0.0419967682123428 0.1380081690084 -0.30800697286619
0.0795861487959143 0.179974335726437 0.428162384964034 -0.0179155311626463
-0.0726889163497415 0.0725445803445944 0.294348809439376 0.488543271592559
-0.158682439451516 0.130135498132971 -0.209044837135507 0.692998218789244
-0.154165337768156 -0.0731592048308433 -0.554690316531974 0.677193689399349
0.0655877432096261 0.145530802738041 -0.0963304992110342 0.349719094491335
0.0649773240154797 -0.0466969640641455 -0.213572091172746 -0.0176411016643867
-0.134983332695186 0.0485140788210953 -0.202474743194405 0.306012846297441
0.0809467864628308 0.239560643047721 0.168566834429346 0.162563975726984
0.310851396477823 0.0178172629457445 0.0201432155825874 -0.0253775583444437
0.179603339605924 -0.177869889713775 -0.0428812145033209 0.00334056669583091
0.0816922675556924 -0.15450678374633 -0.0845611948803541 -0.00992294609943127
0.073191217805927 -0.0926779445532641 -0.190748771814901 -0.0559393968939778
0.0656946564002055 -0.0532611665869677 -0.259842987463489 -0.139035208295158
0.0659921710352345 -0.0467260488178038 -0.162087923029569 -0.311878776080382
0.153730834849767 0.0136707992727837 0.115929463812642 -0.337015345380158
0.0680095089802616 0.241663084552673 0.409489432643767 -0.0715040648081884
-0.129485801462713 0.0921237246155364 0.34538340839225 0.356783847262416
-0.102238332060821 0.20815678749934 -0.0360888866306249 0.71803583829952
-0.25010614934217 0.16418831092685 -0.494506854161617 0.681361802662541
-0.0349077879643843 0.425847576034781 -0.107423792612526 0.179757325425566
0.207410184710523 0.175832483607013 -0.29171730641705 -0.122189189423404
0.0227058915652873 0.0214765905813175 -0.335847412082943 0.290244600864249
0.105232027027774 0.192115222293721 0.127864648408424 0.313988204016378
0.295260111465394 0.00128727705842041 0.16482689692983 0.0277520886227046
0.177329449018465 -0.149955141325697 0.0581155680116479 -0.0593698490888858
0.120163602916861 -0.12029158932197 -0.0357306929320419 -0.0788615591551821
0.144780698550989 -0.0589983319386532 -0.147236552670583 -0.092684957068285
0.144409460408839 -0.013409115896318 -0.214867320633674 -0.134245835476845
0.126104364565904 0.0146097960963028 -0.147720541777648 -0.274166922067636
0.160811407607118 0.0905641570451987 0.07003767627312 -0.316398167068625
0.0359366691584312 0.275852540633786 0.331010543133362 -0.138167072059221
-0.134632661432431 0.100482204481966 0.38527331910472 0.178308006256217
-0.0359730345559353 0.253835473243198 0.179676620826741 0.677012046938747
-0.259125288378035 0.376870474267053 -0.379851918102491 0.628863582878304
-0.193779642053775 0.599084102790789 -0.0415384066543797 -0.0475795403620709
0.213068609273896 0.403291194174784 -0.310353315780705 -0.278364005165129
0.175510022207461 0.0742532419616941 -0.458095488000124 0.175359631756792
0.132736577520389 0.124182577320698 0.0205836609592734 0.415108111702027
0.225353315053771 -0.0137401227866803 0.251677392190078 0.10524798780075
0.134943195727954 -0.0853486685769438 0.145878503710375 -0.0830278042082466
0.141993990031307 -0.0478097886786687 0.0228422011569464 -0.121042844804818
0.195638662769718 -0.0157139402195688 -0.0826871685023063 -0.115555839167192
0.201045452330752 0.0109972610179468 -0.138033540036075 -0.124926850912946
0.189093341050529 0.0398290944690797 -0.0940129852899032 -0.214807317613006
0.180563015129506 0.143182972386489 0.0573943341492807 -0.231095741934479
0.0116263036594261 0.265125700554711 0.196357513634558 -0.140397842098866
-0.0696048219406776 0.0956291250004182 0.369625461159863 -0.0202562230420246
0.0575238676888179 0.286072032470487 0.341025693878026 0.580120569369456
-0.204231446251965 0.545803919625464 -0.261467497475934 0.496301964891674
-0.316646118879212 0.651387141616737 0.101465240708563 -0.275301866294645
0.145049843464511 0.527423465667181 -0.233905159287589 -0.429422776948475
0.249137068303603 0.118876865925829 -0.502185166348256 -0.0294703603451187
0.127903141229489 0.0614702543444956 -0.135607260708392 0.405389065432069
0.118091310657832 -0.0136018115820835 0.236985489415265 0.176816108296028
0.0743979018845976 0.0029342327146048 0.19063921259834 -0.0502274578017173
0.14451426221989 0.0417327587585175 0.0815582309681613 -0.117366028074334
0.21899039651039 0.0303396548798477 -0.00327465437503792 -0.120105861663505
0.218689190080009 0.0268359909925134 -0.0426954236933539 -0.124038860662713
0.208384558040847 0.0359803254034527 0.00353416860022106 -0.171204892787886
0.164295702382623 0.141395570566886 0.107539810532202 -0.119260320140184
-0.00472386764443533 0.173513048023074 0.064224058580833 -0.0608957616319482
0.0425315042543257 0.0513568088383015 0.2876439960097 -0.168852405671092
0.161386907689588 0.288549269500938 0.386539907738464 0.456494898930318
-0.119790825194089 0.644153719152938 -0.1694810047349 0.296953484913787
-0.333556303244591 0.61022725928435 0.284246577579871 -0.449012912564883
0.130294301334855 0.499637918915523 -0.0661301393822015 -0.520267621486713
0.221106230953292 0.0678055065532249 -0.426110517187403 -0.265021660763632
0.0541903224272241 0.0103516610904661 -0.275268628949393 0.289954428296458
0.00341921052158814 0.00917972755780299 0.133402267486861 0.221848213168515
0.0184800410426598 0.0882192446150771 0.18673578558042 0.0341309878835545
0.138026950143 0.108078317743698 0.137405838126665 -0.0746536766867996
0.209688703818599 0.0727458347565332 0.0773734724795917 -0.108443562406076
0.192570386150806 0.0517891278159462 0.045354804540982 -0.12934332424558
0.152314447529426 0.0508054351021987 0.103809577406552 -0.151360383213301
0.0766182230441975 0.0941906989680825 0.184600609298157 -0.0301414456354558
-0.00879152831401956 0.0239689595150426 -0.0202127258897309 0.032478769963046
0.148034073932449 0.00588320402408809 0.202264195050186 -0.216357888287876
0.246909004655786 0.249878215954596 0.312612221462905 0.329785058085797
-0.0495142588019438 0.661090834680973 -0.111841030633919 0.0542651698536065
-0.222397113624513 0.494409179215009 0.454180935005447 -0.551308192366155
0.172335739500535 0.304601219156759 0.138758475422062 -0.556124421079009
0.118639898643375 -0.0268014017729032 -0.295741102260831 -0.458026210591956
-0.0175696937474679 -0.0281447515010265 -0.36861813039881 0.123632926115868
-0.0895199873128588 0.033238796963108 -0.0106317243953572 0.246265923008174
-0.0149433868517127 0.142048784275991 0.160786644300215 0.1408872447963
0.108750548311542 0.143575982912543 0.187035507013957 0.000353385970957745
0.169771908486755 0.10469768782082 0.147514594609468 -0.0812174854944865
0.134854276003583 0.0857520109046415 0.106114916814153 -0.130249557203623
0.0571415203732723 0.0762115884060657 0.160106514137333 -0.151850965621305
-0.0476964990254207 0.0347003983139179 0.23001426037919 0.0155407460120128
-0.0128282057210218 -0.113210415493756 -0.0551587882458332 0.0732950834559886
0.189528640528342 -0.0445625670652601 0.149539437312945 -0.188774178931369
0.296284379585964 0.19698647045127 0.188765778337829 0.200102444746685
-0.0293381454487126 0.579329925580596 -0.0663027374940673 -0.173939325973396
0.0543881656886721 -0.413913980778392 0.0253985583774595 0.350869138505991
-0.267122668144525 -0.166316335056861 -0.0797756681423811 -0.0786878595818657
-0.179287591942679 0.091823772214457 -0.118251513386989 0.190987630718134
0.0156701466337112 0.172851503741309 0.0871407768801631 -0.0465763235006135
0.168491568050176 0.00616537543330336 -0.202062172598408 -0.0353312463096303
0.0562529907496234 -0.131388874537714 -0.167000200341403 0.124660721791064
-0.048218195079209 -0.121767285624225 -0.119461559328291 0.109254670675724
-0.0929171343492306 -0.111207467959031 -0.179591172457856 0.0377238203587762
-0.0818344583925621 -0.12961203133708 -0.237586556991929 -0.0677559596819277
0.0119287472765966 -0.153780316395982 -0.148356477452302 -0.236065151304339
0.137070262359603 -0.0623071918385486 0.0981038026208363 -0.271736612278871
0.0747584207402284 0.102277602802901 0.419764043775151 -0.0398561599342416
-0.0425348478796053 0.0793337645907639 0.281536818355228 0.53598418072132
-0.2059235212477 -0.0367764599783037 -0.245222276230972 0.629010175738844
0.0125651066173383 -0.310029215595162 -0.518510075278379 0.648147526122237
0.0837422920865583 -0.159033694041806 -0.0383057320851801 0.410299037316536
-0.141865136167992 -0.154541800323119 -0.119722173429453 0.0032192999123547
-0.191603117008453 0.109675335717221 -0.114060664883899 0.243376445020923
0.0617092957902217 0.227531226986998 0.133956630030371 0.0235636281229978
0.264154105109623 0.0155247652771102 -0.120822239410491 -0.0401409664393017
0.135321742106069 -0.168702470049096 -0.124044858795489 0.0768251933821708
0.0233167697738416 -0.151485995715641 -0.114820260707438 0.0619888795180689
-0.010064975955523 -0.111457306324142 -0.202484521699307 -0.00692932173385077
-0.0168900604458464 -0.0972172849228121 -0.265185875725459 -0.116032982125863
0.0266551300399489 -0.11257436163019 -0.15287305967228 -0.299252495751479
0.155679898629774 -0.044748016899032 0.135419999099404 -0.309569986193906
0.0819209405784942 0.178523657061242 0.428435491166288 -0.0217214890706331
-0.0719029368386619 0.0732303971836894 0.293170875045906 0.48580666949845
-0.157890288442492 0.132024468526049 -0.201708128450671 0.696252318692627
-0.154874117521023 -0.0713903167135355 -0.546535867391081 0.683804857666911
0.0655623119707829 0.144710064785818 -0.09340180733111 0.351557589215141
0.0645134869938409 -0.0469376896398146 -0.214520845237832 -0.0142247732940279
-0.134339312271869 0.0508845277682828 -0.198491149070798 0.308279826576026
0.0847758525536493 0.23974941901515 0.170131031095752 0.160789402726821
0.312092030777539 0.0119282116347371 0.0200017343541227 -0.0253073178034564
0.17831707104748 -0.181213992299989 -0.0424734428190473 0.00417672693439983
0.0803440977433627 -0.156348236251901 -0.0845935749931561 -0.00873443651074861
0.0716772899940929 -0.0935758019617124 -0.191930894638833 -0.052503747615577
0.0638318951992989 -0.0544878209368392 -0.260484516070494 -0.135817518112084
0.0652284626051514 -0.047326446142109 -0.166733139629792 -0.309806072281751
0.153710240710121 0.011431600009494 0.111510269251657 -0.339139783804646
0.0707503314544219 0.241554012926311 0.407712695852422 -0.0770416094010471
-0.128578760228173 0.0940388318694393 0.349052151447115 0.352933413513731
-0.100372061066989 0.209582585302788 -0.026977996667222 0.719085046818295
-0.248138236457951 0.167684924681281 -0.487859955859348 0.688821503654447
-0.0310786255351097 0.426877344272463 -0.104571493554373 0.184191132650494
0.20764307476756 0.173210709879874 -0.292858919460367 -0.118971311176252
0.0241756756529702 0.0222181801486281 -0.333010245263701 0.295040139249671
0.109785310299501 0.19156263875812 0.138316042505305 0.313560933183024
0.297992737894862 -0.00379689332456607 0.16585492508571 0.0256524380632824
0.175922135451346 -0.152083181379723 0.0576333379876587 -0.0597017501253216
0.119620638806207 -0.116111733661513 -0.0356584763087425 -0.0791532280318067
0.14377910935364 -0.060371229229599 -0.149723810841952 -0.0910581385845227
0.144200952757488 -0.0163805799414344 -0.21768563319726 -0.131919786637379
0.130161217062037 0.00693511891372299 -0.154841111849093 -0.272947725155224
0.167717501608483 0.0867514825183597 0.0654618132410802 -0.318281372995181
0.0421978057352486 0.277487828074059 0.328749861307448 -0.14196895672009
-0.134408167400888 0.11062943346282 0.38564622891954 0.175900678435271
-0.0332517803072106 0.255100290500708 0.186750832305037 0.677145176376303
-0.255110174129674 0.380073135096253 -0.375423182979398 0.635454146720546
-0.184302573658661 0.603047549242714 -0.0423955754193215 -0.0478861043195481
0.215825378590833 0.401107557904455 -0.314063361498107 -0.274552194332429
0.177129023535156 0.0730304864716906 -0.45795102166786 0.180686288894813
0.136078260041387 0.122895153337183 0.0262230489455884 0.416541762679004
0.225335065217757 -0.0177979875330595 0.252489581630559 0.102120745715953
0.134850684111655 -0.0879091545386737 0.144961938265067 -0.0841998563524682
0.141060719971542 -0.0495850152333169 0.0208766411474227 -0.122379705110307
0.195629393900034 -0.0188337831837769 -0.0845495697948723 -0.114780712776252
0.201480677957642 0.008004494084651 -0.139365369110106 -0.123046917607182
0.189330295948581 0.036712677231272 -0.0971194304300164 -0.214337180713155
0.183268139009711 0.140224675932489 0.0548387732381674 -0.232532616164643
0.0158060924680873 0.266132951620872 0.195928387438999 -0.142966438014153
-0.0677545535573041 0.0970929167395305 0.370244040091386 -0.0249255819648282
0.0613496211208106 0.286550371682687 0.347610318664791 0.577558720150939
-0.197730827122506 0.548359921051924 -0.255876850309418 0.500430178964986
-0.302582761006366 0.666659462950692 0.100647556897384 -0.27455353900243
0.156291375671916 0.529833490245067 -0.239579307791212 -0.427747819320697
0.249892923452916 0.116971953473592 -0.502761173599451 -0.0231798743631527
0.124700165411544 0.0618406944946641 -0.122116580736928 0.419667303916314
0.11800269644228 -0.0142573364343991 0.24418803395122 0.173359547842213
0.073922854139727 0.00191988254726685 0.18983968714636 -0.0531391981668092
0.148425024427912 0.0353549766696607 0.079989176669394 -0.119332130458874
0.221291928964398 0.024922766450533 -0.00637568414729449 -0.122040682178226
0.218957726921658 0.0249049555393396 -0.0438153178784476 -0.122912262301224
0.203356890952542 0.0412471457704835 -0.000982286366210283 -0.174303808505359
0.16044401598381 0.141282009585349 0.106252017734632 -0.121451196896784
-0.0021389116269045 0.173988823401785 0.0638961377768501 -0.0623232998125928
0.0484148479307575 0.0527839739696236 0.284261352209262 -0.159219936801333
0.164055074106093 0.287258557738419 0.390005377446875 0.452100987096746
-0.112067710912588 0.648853723807821 -0.16799000138545 0.296467748203275
-0.321587617281209 0.624160827285703 0.28027572899598 -0.451675154369492
0.138684013938184 0.499831128093478 -0.0719199982030173 -0.52014452417348
0.222441551538329 0.0642662915757389 -0.429607725212637 -0.2606367570239
0.0546268212334289 0.0104386375668565 -0.269367429559792 0.292971251653183
0.00354277020381337 0.00921606462524206 0.135211276793907 0.220219232670823
0.0200007315237017 0.0880209395183109 0.186946660015293 0.0318379428203577
0.139168516930003 0.106098653838069 0.137095817031762 -0.0766125115612843
0.210635595621443 0.0702598294015717 0.0760824993944822 -0.110283319047785
0.19342902359693 0.048921502805083 0.0435135844255613 -0.131142214690426
0.153453486518228 0.0479952811711155 0.101074066483428 -0.153488587967692
0.0787419501270349 0.0941500828299103 0.18435877961336 -0.0331817016596459
-0.0081634205153262 0.0238969022023692 -0.0193576788154246 0.0329387353178323
0.148752238198746 0.00425569053730611 0.200945442774388 -0.218320189863863
0.249772066806364 0.246366944527408 0.316747794595205 0.325491683957015
-0.0415533288399982 0.662848152269789 -0.111898830351525 0.0554059342298268
-0.21397271407961 0.500972604212654 0.44583100089379 -0.553568501211512
0.17908532623047 0.302915961739363 0.133603622629088 -0.554797398904275
0.118788165631 -0.0281365839593716 -0.304705066713757 -0.456486178121612
-0.0185653129100661 -0.0283851497082935 -0.37030692627861 0.141299821202849
-0.0891065382770309 0.0337934381025856 -0.00376002608351761 0.249656464048946
-0.0124733157377403 0.142475821999168 0.160793859117924 0.139590332777796
0.116851807051058 0.140918055005219 0.188072252157897 -0.00400019723513231
0.172986035836602 0.101612302344567 0.146502468553741 -0.0851976161482907
0.135469672737342 0.0847280539022402 0.103737801897392 -0.130450239801632
0.0545724879919365 0.0762007806491174 0.158415871606282 -0.149430039066924
-0.0467770092679288 0.0363782130415608 0.2314446234167 0.00951032266913506
-0.0145061348258336 -0.113617755718732 -0.0545738867662849 0.074106673253695
0.192251440748752 -0.0533700604343291 0.146104320248223 -0.199464744542505
0.300985934189712 0.191964380292881 0.190285605523301 0.198179328986836
-0.0188210889840281 0.58274415908919 -0.068117739823014 -0.173594893651382
0.0499554998075771 -0.414520987097752 0.0290040179572624 0.352413628303535
-0.269230196276197 -0.163425935470598 -0.0805787634084071 -0.0774465244724428
-0.17793965886191 0.0942091660605332 -0.116070687382161 0.192434246478696
0.017554450870303 0.173223350531189 0.0866752945259346 -0.0471653247831067
0.167487866528724 0.00387485718966504 -0.202822376650566 -0.0323666638913155
0.0540125647753169 -0.132954428708459 -0.164588628768313 0.127148262659951
-0.0499097532052753 -0.120342197595736 -0.11810650798623 0.111534877790097
-0.0938619637839402 -0.110449990354409 -0.179144781613719 0.041140305846078
-0.0830348969733503 -0.128467556794689 -0.238443784916758 -0.0647389135979349
0.00945953243364308 -0.153946987709285 -0.15117648351937 -0.233565483697097
0.136088315208301 -0.0642283724401967 0.0955242030268235 -0.271882305427525
0.0764157436160407 0.102030860718783 0.420426286334295 -0.0449180907436801
-0.041451340355623 0.0806082139192623 0.287829400481605 0.534350146288877
-0.206230124873025 -0.0343483970112614 -0.237455585906692 0.631021355691409
0.00894586776591164 -0.311206865459506 -0.511941082576846 0.652938701438144
0.0807379760953389 -0.161040131394128 -0.0331785314276951 0.410533805953241
-0.144799714515312 -0.152855300198514 -0.119509656483241 0.00431711623824579
-0.190809729376301 0.111610109744675 -0.11065154367926 0.245633922566206
0.0636996413936583 0.226762209557019 0.134573948953835 0.0214018758343208
0.264692003337004 0.0132422143096261 -0.121343610926514 -0.0375535620145898
0.133099409701321 -0.170009192795439 -0.123332975840007 0.0778723263508609
0.0213803273630219 -0.152902341688321 -0.114102851152504 0.0636994792675296
-0.0127823438627656 -0.112267330352831 -0.202706569711299 -0.00293859462129686
-0.0180196195793829 -0.0977343700740808 -0.26574093880776 -0.113206178601453
0.0250733939456005 -0.112320263063473 -0.159662555071981 -0.297535136185339
0.154286042267122 -0.0455200271095288 0.132242773966536 -0.311981447660971
0.0848201751817005 0.177646623591671 0.427542530571548 -0.028853487197927
-0.0720457181678056 0.0787255579196325 0.303701357365215 0.483043810092439
-0.156156601309533 0.134531237782522 -0.195851509513879 0.699938836132162
-0.156243144964268 -0.0694537900751903 -0.539042044774037 0.688350147533876
0.0662213949420604 0.143797969603075 -0.0912148005858037 0.350737901590225
0.0633957204973979 -0.0479172413524869 -0.214668476681215 -0.0129984959079372
-0.133066643612507 0.0529536595986252 -0.195069796318939 0.31002764791677
0.0888199538543827 0.239217590345933 0.172427201945666 0.158649852740337
0.313689039529651 0.00645285531494003 0.0199278750194557 -0.0255404888768288
0.175706228898453 -0.183770076073651 -0.0430190301073725 0.00518355912765804
0.0775667957141399 -0.15748818322608 -0.0845873210041594 -0.00704679846185358
0.0704650303841043 -0.0954214461502879 -0.191662154715244 -0.0500403893973767
0.0626219758480036 -0.0550860722343402 -0.262754715464853 -0.132187278837606
0.0638028837158348 -0.048844205192414 -0.171136648166678 -0.307680063086674
0.154511895411638 0.00851106851585446 0.107589189196705 -0.34056385003119
0.0748634386267858 0.239967581675965 0.40818160376281 -0.0813432576343315
-0.127671111377181 0.096664999532988 0.352870392921446 0.349088301794636
-0.0984762830215501 0.211303176192728 -0.0194268787895414 0.719111314190621
-0.246440785810833 0.17034210776114 -0.480277020651787 0.690963512693319
-0.0324882576327491 0.421367732023488 -0.103676205359804 0.18458078173942
0.209506680622366 0.171488497738938 -0.293928247109655 -0.11640560520071
0.0249308908916624 0.0234341051582198 -0.330783911806903 0.299071175583208
0.107740345845382 0.190259325103048 0.143598223695129 0.313809776041416
0.296603771981104 -0.00674980294242307 0.168189407507533 0.022204345671108
0.173110322084314 -0.156168466289193 0.057170023190447 -0.0609466255885661
0.116822745353041 -0.121823474701067 -0.0358045039701477 -0.0776720636556871
0.142694769781949 -0.0633810290710797 -0.151501489340221 -0.0890692126743453
0.143857913071853 -0.0185959395256601 -0.218656846018716 -0.128765197697501
0.132300841023737 0.00278260060396802 -0.165842570395044 -0.270253190299028
0.169175856019345 0.0840595965711692 0.0626187997749809 -0.3180399787222
0.0503185381367336 0.279327047001585 0.328122134961978 -0.145214987381173
-0.132608427709721 0.123504740545968 0.397310126452309 0.164348926890684
-0.0301169365808741 0.25614646488604 0.195237681664645 0.673494892909316
-0.252535734521174 0.385312492698898 -0.368763609565726 0.635329691538445
-0.172681442196905 0.617004436234527 -0.0431192902414436 -0.04776268579357
0.219899295263693 0.398701857310025 -0.31579033760055 -0.271149112665971
0.178303445894833 0.0717084476148502 -0.454907712927418 0.18531080041551
0.13835584235852 0.121655906820642 0.0300164208685187 0.41501386235066
0.225469295203718 -0.0206292338817095 0.255178433464314 0.0982166691899824
0.133375712276539 -0.0898516107202799 0.144220239429672 -0.0859910176030692
0.140246938561739 -0.0520218624378213 0.0195277414655357 -0.122979537040061
0.195882479127322 -0.0220820688124126 -0.0859241870781008 -0.113786421774214
0.200976957938922 0.00448507766508655 -0.14068915683323 -0.12217173828034
0.18950802409241 0.0343346630692729 -0.100692462082184 -0.213765584192314
0.185586606794058 0.138308362334004 0.0515123961540194 -0.234095348128934
0.0200249735911452 0.26562904173509 0.194258676329066 -0.145493508808171
-0.0669290961739141 0.0981901394329678 0.36999355931838 -0.0282803620538348
0.0640741240592127 0.28542312796232 0.355583985035021 0.572293322520908
-0.192578463720288 0.552459355444949 -0.250910406872427 0.502496535880979
-0.286604246168102 0.685275818295905 0.0945782733339699 -0.281508821345853
0.163174217560593 0.527042548627211 -0.246705112757066 -0.425293470742995
0.248389430222508 0.115124519522361 -0.504564875945378 -0.0164890253333926
0.123271172727495 0.0619859138445734 -0.118029349220857 0.419674334752921
0.118508764374158 -0.0161456278056597 0.245097728887533 0.170210089370168
0.0738942915944416 -0.000414058618984987 0.188697662836818 -0.0530465094433213
0.150929758036922 0.0273444075396711 0.0776426147352224 -0.125460449710752
0.220609269618152 0.0217637286841276 -0.00816342330631886 -0.12233202268514
0.217940178051277 0.0227473919551633 -0.0470692598968492 -0.122999171335987
0.198508334377226 0.0451485969834906 0.00166994672973275 -0.169163786478604
0.16488766400848 0.137426843187085 0.104640492709531 -0.121724355428083
0.00550305968098089 0.176721892641659 0.0633045630084378 -0.0630078192635119
0.0496402036286817 0.0542986672227267 0.284358828634906 -0.166426986586347
0.169796166084667 0.286197622809029 0.396348918751394 0.446652161723667
-0.100831941707578 0.653993985680767 -0.166479933416917 0.296508701951892
-0.308236409593608 0.6402005174488 0.271556648305202 -0.460221560456294
0.144954231949052 0.497286257143121 -0.0777496436269412 -0.518450908314154
0.222325213231133 0.0630634947726225 -0.433512455200695 -0.255613358407809
0.0557816683970413 0.0104959528391587 -0.266246001121994 0.298050678377716
0.00355215846333452 0.00900780683893964 0.137581175623177 0.218288339198958
0.0206578588721039 0.0881805652669469 0.187923167055 0.0291222287443595
0.140904758604926 0.104189388561172 0.134777884190968 -0.07847214382179
0.212727686929975 0.0667907699569119 0.0746487316004623 -0.112473377688868
0.194230457025988 0.046245001656814 0.0401220442063586 -0.132181099060082
0.154540356019891 0.04527633816699 0.0993444925142308 -0.155908070898896
0.0806873601453893 0.0928028969628843 0.184399348682057 -0.0369837684657279
-0.00736008366957107 0.0241122246584178 -0.0190197279554555 0.0321289293079696
0.148568860818822 0.00295112167769457 0.199103757762909 -0.220801228436031
0.253942641968575 0.244075871141561 0.321153518068564 0.321283328948691
-0.0361901499489239 0.663227559833786 -0.111835230033116 0.0559068096139517
-0.202095075174815 0.513218403657409 0.438020642201519 -0.572868787023394
0.182897545397087 0.300776265519074 0.125076097649777 -0.561497702550254
0.117067339723438 -0.0288809142194452 -0.30815713226574 -0.453062489301495
-0.0174873039670651 -0.0276756598672778 -0.368527253526781 0.139318935518602
-0.0883142719619705 0.0351030041647909 -0.00293676033967475 0.246989460993118
-0.010735398319968 0.142071726325117 0.161299696485854 0.137890014316203
0.119452835275669 0.138900097733251 0.190070780117983 -0.0130906723911089
0.173121725135096 0.100766275297723 0.144409523741843 -0.0840011262946578
0.136668638477703 0.0832082691997674 0.101738409040903 -0.134117848828895
0.0553737301679498 0.0747046276553448 0.158037898057396 -0.144412753405937
-0.0469110427840457 0.0383923989225743 0.230678691668991 0.006821398777095
-0.0181090933999962 -0.114105454456375 -0.0531026577477942 0.0738271968219083
0.187813004599785 -0.0457913535626539 0.141328305210428 -0.208311869796194
0.303751169726547 0.189580792344101 0.189703518859941 0.196174093643696
-0.00725030753767523 0.583242520734815 -0.0699988850280715 -0.173699856435698
0.0461203640094763 -0.415265356374362 0.0312148757811458 0.352018769274819
-0.271484974605013 -0.161262170019699 -0.0816763464501396 -0.0771568408178838
-0.177258398002586 0.0963087499981838 -0.114554832893283 0.194277865330533
0.020578423457161 0.17320512983678 0.0859553043514488 -0.0479335235357512
0.168458835959086 0.00148174034825257 -0.203303102138634 -0.0300056193809184
0.0526990225796042 -0.133887227398072 -0.16310225743524 0.129365506375565
-0.052299820346564 -0.120365904703712 -0.115764440272739 0.113585906567006
-0.0956116201427718 -0.109852624995351 -0.177467192254716 0.0426331406562983
-0.0843374154299942 -0.127115455854033 -0.239195580970943 -0.061549749046703
0.00774418524769662 -0.15438187088781 -0.153302223541113 -0.232158182239585
0.135752699956754 -0.065278565123032 0.0922384360703491 -0.273872657141122
0.0774768220655955 0.100960021683051 0.418356867411758 -0.0481081545819707
-0.0410194396805676 0.0802399405249877 0.292955179449771 0.531251395447774
-0.205816315262345 -0.0323337115769842 -0.233979808959325 0.633911331284877
0.0061004124523931 -0.309673674712419 -0.506004760303413 0.657172442447699
0.0805721267539847 -0.16074124522444 -0.0306465380614253 0.412506732582389
-0.145866073863328 -0.151125810205986 -0.119483122914036 0.00604969055144199
-0.188994859969079 0.112942351419818 -0.108379636123548 0.247232466345925
0.0672981062515818 0.226254861722924 0.134640230841358 0.0208067491835795
0.264223753531182 0.00901118656050809 -0.121399581652369 -0.0369145401835769
0.131382468255087 -0.172678259675924 -0.122259017175239 0.0794595427876382
0.0180698109101593 -0.155164477611943 -0.112851774207245 0.0646835545653117
-0.0142540421625898 -0.113177686014238 -0.202392609050343 -0.00131886005485067
-0.0193580970720878 -0.0973250896544756 -0.267447921924868 -0.109705354425345
0.0237801147262342 -0.111328871124625 -0.161645945432889 -0.295093131587576
0.153969446665752 -0.0469827627802752 0.128582695960154 -0.313234022867917
0.0878323796606443 0.17750576452532 0.42751972098249 -0.0326310031473931
-0.0710737275826908 0.0808382337129906 0.313506523932805 0.480072707876254
-0.155104798440297 0.135704531972343 -0.190737845746897 0.698100805285978
-0.157995569812136 -0.0672660811767545 -0.536745779970212 0.689805890387607
0.067442159297394 0.14387435170215 -0.0877750368945004 0.352031694930156
0.0628165997764954 -0.0482305738984718 -0.214736212350313 -0.0104656653992525
-0.132515692005773 0.0562137263738466 -0.192086822597948 0.31301867457399
0.0921497730760269 0.239078435326903 0.174579530501768 0.157953166225363
0.313242178338197 0.00262361452868954 0.0195779809752028 -0.0258055384094051
0.173228339431464 -0.186943296297419 -0.0428487132701001 0.0058059064013361
0.0750434518510393 -0.15936707736133 -0.0842721504190973 -0.00644349606674022
0.0691814924126389 -0.096655992589763 -0.192457157316416 -0.0480241489620866
0.0630368282923388 -0.0560363977543379 -0.263404950911234 -0.128634842404836
0.0633544369323449 -0.0497940497877838 -0.175081898226232 -0.30566723538477
0.155100729128695 0.00700508854381167 0.1040110171221 -0.341550435266728
0.0775634172125759 0.240466479188603 0.406995083221645 -0.0845595834746318
-0.127606456245052 0.0980749567082247 0.357285570817357 0.346389392450714
-0.0968599710638841 0.211546870864189 -0.0144812368804505 0.720756511586188
-0.245769102698232 0.173033412533053 -0.474790928777662 0.693943484494009
-0.0278262612479891 0.423755864906616 -0.103439699459443 0.182679122451305
0.213515279628497 0.16927187056334 -0.29561609997886 -0.113848426941659
0.0244267235100736 0.0231672657735131 -0.327937171326568 0.301620997964234
0.109334529225576 0.189440518623932 0.141293954030166 0.312263148591515
0.297991746132643 -0.0114913538884776 0.167451208548251 0.020916128727316
0.17205417008196 -0.15912576789943 0.0567412248924822 -0.0606702860149992
0.11375505633349 -0.128344300705942 -0.0370000984238676 -0.0782499962476463
0.14260294940829 -0.0669125363873793 -0.152226415296786 -0.0870181683168404
0.143239302784013 -0.0210283986275 -0.219536297692339 -0.126782751771765
0.127733625464401 0.00689287933858691 -0.166072210654812 -0.267453002660796
0.16586120622164 0.0839206240930859 0.0595539920936805 -0.318318712509368
0.0499163241821591 0.276761345762915 0.326569026300912 -0.14980078625632
-0.132595992150314 0.116063715132657 0.40011810305673 0.159400003101802
-0.0284417683273724 0.256154964272921 0.201955355452476 0.673666582844671
-0.248846127953368 0.389043210492067 -0.362841888183042 0.637983279491257
-0.169129819169112 0.620390817096047 -0.043746808103258 -0.0473358731714201
0.225108266647853 0.398515140997053 -0.317781274252552 -0.268545992969538
0.179164394470644 0.0702122697959625 -0.454203530687327 0.189290929823728
0.140826997952938 0.120652137189791 0.0338205793340978 0.417590642771998
0.226889797976305 -0.0240227236566508 0.256595455244606 0.0959562812954848
0.131440206318567 -0.0917091525600241 0.143447030556559 -0.0879118082607072
0.139930293333195 -0.0534333025953048 0.0181193881783599 -0.122938044935995
0.195545898862935 -0.0240045529776698 -0.0872890056054294 -0.11320350695335
0.200707102302183 0.00205203049303115 -0.142319925043555 -0.120365123598614
0.190172375102919 0.0308504529621616 -0.103109120039195 -0.212413942266905
0.187676475466101 0.135422984287358 0.0489157293266173 -0.234558371649775
0.0231852676730058 0.266635761441119 0.192926560019095 -0.147632394118122
-0.0656703477634009 0.0998747504758053 0.369875589300584 -0.0316062577218256
0.0660062583308406 0.285609328800173 0.361043224973559 0.566729774291545
-0.187976929231774 0.554431165859884 -0.245424878316505 0.504726463941856
-0.286472836481134 0.676476573978834 0.0887295372515214 -0.284382580282815
0.160647333172566 0.524199251862805 -0.249009480827549 -0.423847560100698
0.250254988133821 0.113835419257567 -0.505480744555865 -0.0121709288753856
0.13064117490088 0.0586458675409843 -0.123341633488568 0.410379483804529
0.119668366437316 -0.0192241061911212 0.242726635681109 0.168467857943751
0.0737452016058549 -0.00118801034023491 0.188250983724904 -0.0552897931038134
0.148402083721534 0.0319058802261687 0.0761925118091525 -0.125665055654667
0.221237909129559 0.0217670014552919 -0.00764570386084695 -0.121067962644853
0.219877365882411 0.019281285787161 -0.0481683582700017 -0.123292306482584
0.205265598088307 0.0345687647097116 0.000183141830309107 -0.168568911197141
0.171923383739238 0.132809620413391 0.10338258980833 -0.124458262613539
0.00658165279751343 0.176149391992638 0.0638462253803069 -0.0627757355835375
0.0458151663314723 0.0510314657634431 0.281848699958591 -0.185035879095845
0.172404840243317 0.284939012721182 0.4017046386672 0.442705580300417
-0.0996386255906987 0.652686903226193 -0.160217727287081 0.300994255977947
-0.30955108232312 0.634376668881782 0.267711207635227 -0.464099361940774
0.147954859337902 0.496555237801749 -0.0822342112423193 -0.520764236869221
0.222389806697069 0.0612800077578419 -0.435991501610515 -0.252601121262896
0.0564754143252091 0.0099602146647014 -0.264190867818172 0.301002404186077
0.00342150482843417 0.00880712698793175 0.140086215982366 0.217212580311022
0.0211325533830614 0.087211794228844 0.188695861080377 0.026421831812025
0.141779302175948 0.102231651472165 0.134840537715593 -0.0815979551221141
0.21433171450541 0.0638303573491487 0.0726523563533814 -0.111601238767979
0.194693648235852 0.0447736700627923 0.0390765336291065 -0.132539202537832
0.153382149313535 0.0437843751146032 0.0971552710881323 -0.157300567795969
0.0816718899747503 0.0922308535350168 0.183277788749801 -0.0388302802364313
-0.00705102063155978 0.0245478883234344 -0.0178633114691043 0.0324409284457056
0.149109270841945 0.000931844318612923 0.19640871325072 -0.223865511719979
0.255186000934662 0.241124516629324 0.324949214799433 0.317519629243003
-0.0268481823959789 0.662792201041641 -0.110433100198444 0.0569690415942257
-0.202814528200457 0.509780183452416 0.429389264334833 -0.580317817935668
0.181178781761837 0.299774891187812 0.120581605493617 -0.560858484962538
0.116545462566921 -0.029367102140702 -0.308376314177399 -0.452079790523612
-0.0166992155129097 -0.0273974992426065 -0.364022850034308 0.131596516043817
-0.0878978066253242 0.0363934513678516 -0.00444077506031599 0.245763969255636
-0.0101177607887239 0.142911980965621 0.165353639277482 0.135587689027772
0.115304129495684 0.139232730374942 0.189260708937402 -0.0133015102549368
0.174237190565252 0.098491890038289 0.143810888954527 -0.0833615007694668
0.138691082243845 0.0811791070482489 0.0985898202439973 -0.137720574932265
0.0599466559582911 0.0740425989507224 0.154904869727311 -0.152957446269513
-0.0463895140526571 0.038503571155242 0.229786211535384 0.00418417095630019
-0.018786966076524 -0.114174588081655 -0.0517307187265994 0.0746282080898801
0.185140137764566 -0.0438497214462658 0.143259939382306 -0.20051884926501
0.302514881827082 0.187314999932563 0.192989908306713 0.193701014540136
-0.00789335821033745 0.58228070675195 -0.0726216697621521 -0.173819548552528
0.0414787329420639 -0.415752315347481 0.0333605746738249 0.352675343743459
-0.273926864705044 -0.15884032085929 -0.0818232458208584 -0.0762208855760277
-0.175516221480872 0.0981498495254498 -0.111976963947144 0.194968494157116
0.0225087284139459 0.17409355177446 0.0854000904933224 -0.0479238367659326
0.168190203545366 -0.00141559892916362 -0.203357590458753 -0.0274436285791435
0.0503859286857451 -0.134778547196674 -0.161897364088733 0.13191102703705
-0.0529739102060215 -0.120299155311413 -0.113537205043574 0.114561387377318
-0.0973446111530587 -0.10849250488314 -0.177246111467708 0.0448160102719854
-0.0862964969290091 -0.126796853499887 -0.238314510023884 -0.0595677077638305
0.00585632727096895 -0.154486532021796 -0.156773573193033 -0.230000081363639
0.134764169484149 -0.0669274429144073 0.0889959242134422 -0.274519737767543
0.0792806697250682 0.100161595036634 0.41808519117498 -0.0525234990590398
-0.0401997086573156 0.0810073360123876 0.297074993718794 0.531041620376775
-0.206629336311492 -0.0308564538479804 -0.229485598177855 0.633471081694615
0.00304465585874607 -0.311086125175779 -0.502415857376674 0.658968242568623
0.0794870777558971 -0.160382083320108 -0.0266695264504496 0.413674021707357
-0.147583582290775 -0.150499017679932 -0.120097347367059 0.00774880941708281
-0.187596811868003 0.118329036070858 -0.106584079722633 0.247824877307258
0.0718285712749326 0.226462897508401 0.134703224048213 0.0204953429688222
0.265940016178494 0.00501592324923629 -0.121396587080273 -0.0361524160687328
0.128263379168749 -0.175003880342125 -0.121825787858071 0.0828311235225381
0.0169372191822381 -0.153223357951118 -0.112092610389588 0.0665830772782512
-0.0155136712758072 -0.112694072804632 -0.201990482755259 0.000579892532353409
-0.0194180199015752 -0.0971182967311021 -0.268604213775964 -0.10636450925002
0.0217809600918648 -0.113104645545545 -0.160955330156574 -0.293468194567032
0.154407498399048 -0.0501266334910138 0.124440488114596 -0.315271851146091
0.0891936913266263 0.176742843924504 0.425930348441364 -0.0370360275774129
-0.0708144016462462 0.0762801478210567 0.311960310099342 0.478771814305723
-0.153972307525685 0.135863114462582 -0.186718775485398 0.700122016519253
-0.158187167537857 -0.0660217509591723 -0.528561749593169 0.699427115222508
0.0699817946403696 0.144606646368784 -0.0833957077118806 0.35666884171015
0.0624883479870774 -0.0492554734218509 -0.215210348873645 -0.00813396696570745
-0.131111524529376 0.0578073848511813 -0.189759514347486 0.314694026166762
0.0939750100603484 0.238724966672293 0.175303204425247 0.156504347884922
0.314361739884195 -0.000888619800630407 0.019602122730688 -0.0260898303053253
0.170253213303292 -0.189112139330463 -0.0424779549095375 0.00711504376969986
0.0741500909096347 -0.160793673169116 -0.0842890529944387 -0.00544929932956828
0.0681310659817364 -0.0981202932958064 -0.192908839391983 -0.0455756609955156
0.0613921416477057 -0.0569770818705865 -0.264861308258487 -0.126214223423292
0.0629792967528535 -0.0501591914646832 -0.179379189025229 -0.303750009703711
0.155538475059159 0.00547206263891492 0.0998774824292444 -0.342942749252154
0.0810915850771562 0.239793246704309 0.406961700962716 -0.0896564492266662
-0.127520849680706 0.100226180891207 0.360042843004139 0.342951188323679
-0.0946779429907075 0.213630388776397 -0.0061738899333136 0.719184418833976
-0.24544788736677 0.175488664011844 -0.470054990883839 0.699683921533842
-0.0190380615138016 0.43050454044146 -0.101128839235463 0.185706797005376
0.214225197082488 0.168293817131174 -0.295983281317226 -0.110468186767623
0.0257816387132092 0.0236846536184631 -0.326611718200414 0.303457303750199
0.117655069131908 0.18872260924922 0.142463637528049 0.310230198423138
0.2989934717423 -0.0156785953953657 0.166937270901027 0.0198572052436629
0.170780083223246 -0.161419272899357 0.0552724854374368 -0.0605575997632121
0.113700080469986 -0.124920749027679 -0.0383544387325259 -0.0783551521927413
0.141284962902797 -0.0670276970071257 -0.152989943683048 -0.0856280206833318
0.142975967885508 -0.0227425279603034 -0.22178715771495 -0.123778789071536
0.126815767458487 0.0065886055369226 -0.163243440889938 -0.267187156930275
0.167579227364299 0.0814107745360313 0.0550996002759623 -0.320287512746065
0.0512368900569029 0.276000704987658 0.325321228904878 -0.154422120028377
-0.131974692604192 0.110430250471946 0.391793942790205 0.163560313833713
-0.0265934346652089 0.256138319445442 0.204398521765906 0.671346844266138
-0.24805825707136 0.389497697281623 -0.355413606035501 0.643061592228755
-0.169840585958946 0.612452247709687 -0.0444619735363075 -0.0466576035714396
0.229750643880679 0.396424074435546 -0.321609686776731 -0.266660931374072
0.180466723504049 0.0694362843722423 -0.452153211837576 0.192977138582254
0.142722739666884 0.119767001737721 0.0395029828355295 0.417086589527752
0.227028851327999 -0.0276764230799728 0.256835461319909 0.0923441363508481
0.130292149178473 -0.0936723565707134 0.14257532130277 -0.0893252546704386
0.139149040456735 -0.0553567734999522 0.0172380516522663 -0.123757652004961
0.194910987883556 -0.0274927028695157 -0.0890066410726622 -0.11212842368283
0.20092446708203 2.38793329189713E-05 -0.143426214192742 -0.119191521871768
0.189788247152961 0.0280846289369866 -0.106616408593856 -0.211666950470919
0.189989410027523 0.133489600827311 0.0469427674386574 -0.235675305424171
0.0277059501177381 0.26674363636907 0.192375254268007 -0.149886964754872
-0.0653596416625665 0.101731386754116 0.369032612222231 -0.0352519352212178
0.0685031870114071 0.285783775403176 0.365411331505985 0.566794813200317
-0.184792524100906 0.554953156062139 -0.24202266457217 0.506273782776682
-0.291828085292601 0.66753280291679 0.0907130206662483 -0.279977068843079
0.167140108865089 0.52411990719869 -0.249699315061759 -0.422639046163588
0.253321271852925 0.109697493387115 -0.505011892033512 -0.0108580455883934
0.134283328863279 0.0568612186674773 -0.1169217688332 0.414677686197507
0.119719570043164 -0.0195345862868294 0.246561580784651 0.164396579959845
0.0725560884032342 -0.0011769535921342 0.189324666374984 -0.0596484693989276
0.147338505881245 0.0343101300070845 0.0757063283051622 -0.122610144094747
0.221291116929127 0.0173032420867254 -0.00981608759983783 -0.121049021674685
0.219925893031207 0.0152559101316501 -0.0490775023332868 -0.12236066402778
0.20817038671004 0.0247892037023213 -0.0065788260146556 -0.17358297599995
0.17063440894409 0.132582083059173 0.102034376812185 -0.125815680790378
0.00444059523222504 0.175195483031852 0.0638038854879803 -0.0646240112296574
0.0454911496048245 0.0508975518927555 0.281018047968804 -0.179088322257509
0.172160216887522 0.28256886135217 0.406653024743368 0.43714059224905
-0.0984780031170768 0.650937909343598 -0.157800604919197 0.301888627672534
-0.309515808241488 0.628660423266038 0.267364182793471 -0.460862875750661
0.150408804084879 0.497399106474513 -0.0854582824663303 -0.519236975670618
0.223645100299199 0.0594143743620659 -0.438275602117299 -0.249783641141888
0.0575387563362286 0.00994846712498704 -0.260794112194053 0.303201273179753
0.00473895382105682 0.00820063834384548 0.142069904685153 0.214469541124773
0.0221657514790919 0.0871274590586417 0.188964900636818 0.0252563811355251
0.143570456275287 0.101141409796524 0.133575017111678 -0.0830156396032114
0.215302082186783 0.061031103799334 0.0719001352981968 -0.113964597481035
0.195344425028159 0.0415445285106334 0.0377828635283492 -0.134032501035885
0.153602648640112 0.0423017891039275 0.0948705887235193 -0.159291382210912
0.0831900624840534 0.0907502552019885 0.18277567909431 -0.0411807290517628
-0.00569582015919577 0.0242379660887636 -0.016807155398902 0.031987660934362
0.149455708656784 0.000110674217718668 0.195155265984222 -0.225302134387553
0.258553382247493 0.240193300730394 0.328299468593532 0.314700793269853
-0.0224648150158373 0.664789668998482 -0.110623767463664 0.0577920205615125
-0.203060061820706 0.504770904377333 0.433879042928869 -0.569904796544113
0.186522211584696 0.298239255289511 0.119788663770253 -0.558531424693746
0.116316259320788 -0.0312259778697395 -0.314554146812697 -0.449428541549539
-0.0171175458554889 -0.0273699228745301 -0.364249470821547 0.141337965509973
-0.0876561696902373 0.037123345375224 0.000483100031970443 0.247145382967403
-0.00933432126820985 0.143176221493966 0.170192491214143 0.132065183488983
0.117080103457023 0.137829888555574 0.186306763391828 -0.0101384619822123
0.176487318050293 0.0947516428889904 0.142883469772697 -0.0890043878416964
0.139821210899733 0.0792736299299513 0.0983639244430449 -0.137066033278726
0.060100006338172 0.0731683618157043 0.151411982733887 -0.161725299394508
-0.0455036563381993 0.0382937259837116 0.230639222531115 0.00169166121688171
-0.0169223659704538 -0.112659100224725 -0.050457098996275 0.0749848326923116
0.187953753204361 -0.054167801985677 0.143207811639926 -0.195998319556001
0.305371051209936 0.183575241043545 0.197052662013545 0.190844428929578
-0.00586177505521391 0.580252646350039 -0.0744145063314912 -0.173640702967116
0.0381828558534796 -0.417228382822016 0.0369926734506884 0.354074307884946
-0.276109059725398 -0.156311061448376 -0.0826747664644708 -0.0755801377020538
-0.175284512101514 0.100435454432244 -0.110347185946065 0.19579257103639
0.0240537496052131 0.173521156237355 0.0846875863374144 -0.0484211317911085
0.169046727018319 -0.00346477942541948 -0.203194469979455 -0.0263200989087516
0.0491646092365674 -0.134777361583609 -0.160372217831487 0.134479618140318
-0.0544005750485275 -0.119109972799613 -0.112691671936435 0.115551111924718
-0.0981542382607913 -0.108527844380697 -0.176413440773267 0.0466747984141533
-0.0870708652015199 -0.125853400819819 -0.239844086263904 -0.0560731319968101
0.00443023809654007 -0.154974884726202 -0.15857075404743 -0.228157703887781
0.133899375348008 -0.0679496076838078 0.0874784244081561 -0.274984602277149
0.0791915870783222 0.100292944097206 0.417391247319447 -0.0563447175033622
-0.0392952555953393 0.0812757996312418 0.300906666728425 0.52732814020077
-0.207185580331171 -0.0286259208244806 -0.224476663741667 0.637731327186734
0.000754549356773197 -0.310347748367606 -0.497843043818694 0.665085210668367
0.0772796259582522 -0.162691139566784 -0.0231904475684689 0.414518018636593
-0.149312349298501 -0.149314141239879 -0.119644794601467 0.00811668301660608
-0.185878684189317 0.121978399567589 -0.10501184862075 0.24816240676769
0.0729966875306886 0.226057009169009 0.13541327220951 0.0190508616845454
0.265981409274867 0.00147737095447055 -0.12231013071645 -0.0339967545851417
0.126399142781528 -0.176094106441939 -0.120698942455465 0.0846847349088629
0.0161755133994067 -0.15316354201596 -0.110510495314022 0.0674496317370622
-0.0164684347953681 -0.112536410277675 -0.201815545177211 0.00261868513977001
-0.0209643382657191 -0.0964441316094504 -0.26866760425254 -0.102905294829201
0.0207260749670664 -0.114551979008042 -0.167749161184361 -0.291218430454429
0.153471767814266 -0.0509728709349038 0.122334409427837 -0.315127742635073
0.0902507825341773 0.176730793578822 0.426716109314004 -0.0399024671458869
-0.0703770260686501 0.0769578688810882 0.311015026437617 0.476276372738698
-0.152919496523872 0.138105220984354 -0.178836591301256 0.70354048817277
-0.158378152033376 -0.0652321758884336 -0.523417465153579 0.70328823759707
0.0700910286921024 0.143671056030067 -0.0810520156455492 0.357149834293658
0.0621883513999521 -0.0486868008552887 -0.214568927804075 -0.0071282207918352
-0.130357225447109 0.0595060765018011 -0.187529473647905 0.314921848190209
0.0973435792114313 0.238319931482597 0.175943022352087 0.155760556952211
0.315026336084262 -0.00572680186500535 0.0191033603490321 -0.0257807475805881
0.169054253510204 -0.191007214585292 -0.0422418799426243 0.00788292450179525
0.072353215101322 -0.161433407474734 -0.083991193067656 -0.00524047026645794
0.0669452206878107 -0.0982311329700893 -0.193157929806415 -0.0437935642730687
0.0613086775334091 -0.0582136306131461 -0.266065433928705 -0.123531764779259
0.0623599365756289 -0.0513968580369639 -0.180644619941155 -0.301937869328403
0.155809997614256 0.00316422554192329 0.0968972708084789 -0.343262599164078
0.084758597640625 0.238700031690698 0.405442425216651 -0.0940007475719722
-0.126310537893371 0.102121051210131 0.361912203583926 0.340904628412499
-0.0932909754946442 0.214940457375223 -0.000988735427635696 0.720484784395512
-0.244880755802351 0.177412681890552 -0.462973290192412 0.703721918636322
-0.0182494122427483 0.431322887182956 -0.0983603159595774 0.188409089019016
0.212915417493383 0.166725204666543 -0.297349372933473 -0.108048629563179
0.0261018860371862 0.0243869562925459 -0.324754750368401 0.307230528104069
0.120624561950489 0.187521622751972 0.151076202657683 0.311136313741403
0.299665579758115 -0.0192960580483173 0.168000559459492 0.0172747581662354
0.168120857081332 -0.162436461062339 0.0551969551466337 -0.0608327548992592
0.113436784252288 -0.122437569993458 -0.0385647453548132 -0.0782695130430282
0.14200276653223 -0.068978255758263 -0.154204686370668 -0.0837807771464013
0.142575362096649 -0.0248782436780483 -0.22297841743376 -0.121335077654809
0.130439842058504 -0.00105847965871553 -0.169422703464776 -0.264992130608449
0.174064335433188 0.0782287983859506 0.0528691901880669 -0.321688812459334
0.0593347128735245 0.278239127619922 0.324958455945508 -0.156333366973661
-0.131227282291728 0.120993094807016 0.393634439717203 0.161592526378846
-0.0251902216607667 0.257586781070761 0.212006533861946 0.670455936837609
-0.245524283426034 0.39101602372575 -0.353169287713525 0.645088727624435
-0.165281293107036 0.613583645362559 -0.0438908975360951 -0.04662167930181
0.230536925230144 0.396165667830906 -0.323516648695641 -0.264285560302787
0.181393542684683 0.068211286686668 -0.452938944828643 0.196542405576447
0.144982717917777 0.118851082876006 0.0426551160509392 0.418079853758344
0.227807061639561 -0.0300746704562341 0.257599773787881 0.0901561749583599
0.129530725428249 -0.0960804407510984 0.141944618421462 -0.0905681805126322
0.137159995079587 -0.0565617988123404 0.0157448407171963 -0.124418430604735
0.195706887288256 -0.0296369051032826 -0.090366473248206 -0.111574563128911
0.201036258981681 -0.00200605364874814 -0.144400863510788 -0.11734617219305
0.189411327246903 0.0260423500164937 -0.108217704647279 -0.209950080513215
0.19169836967009 0.131696431942114 0.0445391991949232 -0.236335479468117
0.0307071936195633 0.267583838992737 0.191268112174121 -0.153210145163655
-0.0651872408701352 0.102818993903329 0.369819453671371 -0.036790137878642
0.0711377191884654 0.285684225688309 0.37051619562165 0.561424286807594
-0.180941111233819 0.55858993156874 -0.238046695424779 0.50770895186431
-0.281738008354247 0.67980130357422 0.0904938317523032 -0.279562036454768
0.180606189169233 0.527186975477542 -0.254875888932472 -0.419928226174915
0.25565572146209 0.108068080643237 -0.505417408367169 -0.00578792184391353
0.130406091087097 0.0580916712756748 -0.103252492782077 0.426343447336513
0.11921221984362 -0.0200149209003903 0.251801499970077 0.161056624212042
0.0730631626071395 -0.00258631927110506 0.188595773168726 -0.0623785739174462
0.150461656518472 0.0264651642483388 0.0737692146386844 -0.124425670081381
0.222061081914553 0.0123635040526037 -0.0127144311291145 -0.12253964162041
0.220420793744435 0.0139725482498509 -0.0499080632517613 -0.122170506468119
0.20218577686718 0.0321562770131521 -0.00966262185216095 -0.174098004728956
0.166291142238003 0.133261413255385 0.100954233179229 -0.129069417801693
0.0088831272799615 0.176394135901519 0.0628629771153613 -0.0663947200519701
0.0503124081441087 0.0537853223927641 0.280153616317556 -0.169136277797054
0.174255531447068 0.281236827803185 0.409345271553033 0.434994435344103
-0.0927891923103648 0.652602745668719 -0.157430765543949 0.300749578225503
-0.299926991768983 0.641157091677024 0.263914703348925 -0.462594405123544
0.156135035551253 0.496691124650035 -0.088808551156812 -0.51809170331002
0.224258748986409 0.0579778569091393 -0.440119520607913 -0.246025710390074
0.0576986389397025 0.0101740314097161 -0.257996633632705 0.305850059941355
0.0051395365923178 0.00901286176392146 0.144400072871479 0.214560122417579
0.021755717541312 0.0868543172800576 0.189413613706033 0.0233255928227521
0.144234225242111 0.099888947386419 0.132447264273466 -0.0852286199189694
0.215029807328001 0.0587940586407795 0.0703807119147356 -0.114572791815639
0.195767562950251 0.0386592326597824 0.0360779348621307 -0.134121044421452
0.154674202907177 0.0398365268514411 0.0925361883222755 -0.160063176678801
0.0841118917805282 0.0900943359987324 0.182466692492698 -0.0439717800078857
-0.00589345531761798 0.0247220555156271 -0.0159576511000207 0.0322739771239568
0.14879973382636 -0.00111664674392734 0.193078555952386 -0.22619916029586
0.260373274169488 0.237755234481295 0.330479959614689 0.312449430256171
-0.01781863111623 0.665433960179369 -0.109656538075179 0.0582228925266112
-0.195756574568744 0.513733660014786 0.428953346902997 -0.569511876622994
0.194248736123735 0.297081726734725 0.116386199425589 -0.561104723473466
0.115519518217473 -0.0330735208827426 -0.321015652867204 -0.446656670044105
-0.0168755069314522 -0.0268879126905693 -0.364687834134367 0.156362851273921
-0.0869187817875988 0.0376650152368431 0.00607077043012078 0.248142414862776
-0.0074257683526472 0.143581397803579 0.167828166239473 0.131428257040357
0.124303411103456 0.134550371207776 0.187441448185 -0.0143341835506764
0.177785726826909 0.0926800920932831 0.141536183446855 -0.0922135133679152
0.140402897619092 0.078386686057856 0.0972227244940742 -0.137815588776567
0.0571804953544593 0.072998121483551 0.151242190995761 -0.157789447895252
-0.0452609942594762 0.039309778365443 0.231507717559011 -0.00321903551351643
-0.0196905886567811 -0.112163522236602 -0.0499481304049637 0.0744720585552463
0.189425541553516 -0.059663639839334 0.139270880900426 -0.207320747912085
0.311333309500019 0.179956462311865 0.196768381410973 0.19023047115778
0.00218381691357675 0.583368582246846 -0.0747762310496873 -0.173417023599087
0.0344429283168358 -0.415976577704308 0.0402936028923593 0.354326358730031
-0.276355767003994 -0.155010327615464 -0.0836493638923737 -0.0740065524847285
-0.173111045973576 0.101427726444829 -0.109201835843259 0.197694792144909
0.0262481600990626 0.17435785530735 0.0849265985892847 -0.0489464862685715
0.169184296077614 -0.00575090207345371 -0.203653761938918 -0.0231834224063836
0.0476649503958765 -0.135336477956334 -0.159085060269614 0.136872370511746
-0.0556551126735884 -0.119779982040649 -0.11089515665362 0.117053298903015
-0.0991519403735798 -0.107677581395115 -0.175790039445137 0.0490477366640454
-0.0888155302753763 -0.124455371944103 -0.239513313518243 -0.0534613533930506
0.00273202890854743 -0.154914590524087 -0.161966306309223 -0.22590403623376
0.134190754298841 -0.0691112585117492 0.0857056178893542 -0.275674598816039
0.0803551401585854 0.0992219289784032 0.416177435744073 -0.0595328179787746
-0.0387071725992865 0.0813549956973406 0.305336483764631 0.526350498409398
-0.207340723213126 -0.0274898763148561 -0.220297812057262 0.639936885112789
-0.00239272680724595 -0.310715745126899 -0.49197111684263 0.668494400478903
0.0741292934418323 -0.163438804252275 -0.0210371214619075 0.415668476459524
-0.152074720295263 -0.147333409160587 -0.119586050625656 0.00900335558111775
-0.185091355465785 0.121494164711674 -0.10301823997146 0.249831360999394
0.0741494278339743 0.225636289410785 0.135844841977544 0.0181428672119704
0.266346669595647 -0.00139635554569721 -0.122296366830305 -0.0325713935360267
0.125136715979282 -0.177305508312513 -0.119629404177419 0.0848126136919534
0.01379417335795 -0.155016345541281 -0.109681589877709 0.0684933042789952
-0.0180960262151921 -0.113311013953572 -0.202316615669559 0.0050382202780414
-0.0219283402715415 -0.0969310675852563 -0.269284574075462 -0.101670852265509
0.0194994227523556 -0.113665591866886 -0.173219203262642 -0.288973634894908
0.15306954127704 -0.0518800513740717 0.120061145165063 -0.316246198788541
0.0930148758649414 0.176170459598042 0.425920983698226 -0.0440073050403496
-0.0702577696070337 0.0826098370299199 0.320329530919625 0.474002051187394
-0.151329182899398 0.141206858849437 -0.176439462876306 0.707440593244403
-0.160857382508428 -0.0630400483865894 -0.520248653975554 0.702181822098114
0.0697663721480957 0.143486311351136 -0.0815728015386195 0.355069649537599
0.0608913665612982 -0.0495612713432249 -0.214912324629302 -0.00534673830017514
-0.129104063293199 0.0612543740924988 -0.186420097512891 0.317947800883603
0.100985753517386 0.237397133386804 0.177710996730537 0.155429409940048
0.31609976809563 -0.00986630591656188 0.0191535365064234 -0.0265951752597075
0.167795006743337 -0.192855194682242 -0.0420098611555906 0.00853416468011398
0.0706195053096656 -0.162574828968382 -0.0837951053039422 -0.00399896078742516
0.066088767923811 -0.0995799593462321 -0.193104952826469 -0.0418918992182749
0.0607318377392636 -0.0587393083594853 -0.2667960564564 -0.120239408541315
0.0615848151959186 -0.0528454309402889 -0.185099377010867 -0.299272493822375
0.156616989803582 0.00224633957296764 0.0944143373919507 -0.344714314172957
0.0871440313852132 0.239685244997981 0.405257226355152 -0.0960380925082188
-0.126046786668643 0.103305220239283 0.365081175962486 0.337953036310372
-0.0914756985469775 0.214826814768908 0.00428149165115531 0.720520621477127
-0.244186434249875 0.178983168245189 -0.459746960402968 0.705937655801338
-0.0200182611799462 0.42607923321468 -0.0986716000923398 0.188615683862139
0.214273087709911 0.16620902374977 -0.297692925080602 -0.107122418785514
0.0270634668234362 0.0252367675491102 -0.322175063137282 0.30986230134835
0.117250146773664 0.187845150350595 0.154443045259394 0.310906806346699
0.299022534711125 -0.0215230978832641 0.168925657604735 0.0156652485906646
0.16694297719894 -0.165840282287515 0.0550541020189345 -0.0616136364853594
0.111325783065138 -0.12877074053695 -0.0384472597159065 -0.0776187031895296
0.140632932154563 -0.0717280797694685 -0.15587531573695 -0.0830759499908792
0.142117593980959 -0.0256111727017744 -0.22399313502396 -0.119526488791156
0.130988168982269 -0.00409173610365036 -0.17802757986327 -0.26240037794966
0.173478902027153 0.0768864922646855 0.0497843645859858 -0.321594431176747
0.0631211002688119 0.278682270934495 0.323067259256741 -0.159998234753815
-0.129549587115761 0.130252322842414 0.404512919539528 0.149885616945073
-0.0226520418195768 0.258919072054926 0.218060626160445 0.666343194827415
-0.243329348007181 0.395114799324837 -0.349897227571034 0.646588408705237
-0.152256292025321 0.627437074924281 -0.0450186411706714 -0.0458309056220267
0.233941459405345 0.393103688374646 -0.326585743045675 -0.262514926675036
0.18231429909679 0.0677607605359331 -0.450881373199585 0.199725552017198
0.148229073907958 0.1182829188251 0.04491510972008 0.418198051646431
0.227550253016627 -0.032422343846709 0.259096345406391 0.0876975870369562
0.128051224417871 -0.0974028622413471 0.141403389642069 -0.0924430143429132
0.137625656999862 -0.0585321097233257 0.0146440624939111 -0.125351380335156
0.195114265084262 -0.0319365623428204 -0.091832369216942 -0.110901321975472
0.200731057087678 -0.00475912390081536 -0.144785895532538 -0.116193207033928
0.190003955154017 0.0237086087380016 -0.111287590031223 -0.209020291017889
0.192759922115073 0.129506461834514 0.0425904510266449 -0.236938363690925
0.0336744690744512 0.267708565326731 0.190152025513383 -0.154440451403142
-0.0646370438908789 0.104462697866541 0.369804997889795 -0.0395059823929508
0.0727381421969414 0.285428502868143 0.375542525292134 0.560552804945817
-0.177126556815535 0.560490531133284 -0.236008030972852 0.509095090413692
-0.265593700269673 0.697631473417122 0.0841301173083502 -0.285588228293368
0.180810683356148 0.525852562935996 -0.258809659838769 -0.419476767144832
0.253544776850035 0.108349432557251 -0.506665251564862 -0.00138646104964897
0.129780248217444 0.0593740645847245 -0.104319224812614 0.42489120451844
0.12055476536182 -0.0225474649496621 0.250613719598898 0.160540949868455
0.0723320756224828 -0.00432947790886581 0.187297975257962 -0.0606442448485034
0.150888162077565 0.0211160392047619 0.0715586874253444 -0.130866668536051
0.222477999799029 0.0112809246300353 -0.0137024105510618 -0.123152541558304
0.219533508999379 0.0133655912724309 -0.0529757239566897 -0.121735010191901
0.200139646665181 0.0349693091628033 -0.00745858486509126 -0.170123984890824
0.172925594636585 0.129174297051045 0.0988623630582595 -0.1292255499679
0.0162236975050655 0.177790589335876 0.0624156223533295 -0.066688899127688
0.0504641325418603 0.0541204545102611 0.279461876519345 -0.178544050089251
0.180676628528755 0.280737101160038 0.411423074086971 0.431325665503264
-0.0831621082105435 0.660841219801158 -0.156614439234865 0.3016657954706
-0.288105990124993 0.654099944103102 0.257499854511179 -0.471490496050146
0.159966430990569 0.495094597738448 -0.0934138594958657 -0.518140524197685
0.224246852853402 0.0550494041970751 -0.443159920769569 -0.242134022485548
0.0589794815373629 0.00978890480628304 -0.256049779408587 0.308108916850399
0.00481947773379236 0.0085928207422354 0.145712670869141 0.212300163055362
0.0229540301172149 0.0865582812609192 0.18971826772651 0.0213850803784699
0.145491050935983 0.0981403386765541 0.131069584442234 -0.0858749123877521
0.216321251222184 0.0553534567810763 0.0693679283877406 -0.11506313943916
0.197833282508512 0.0376865368684265 0.0338725984157721 -0.134303111636067
0.15434365486811 0.038780022231708 0.0902139377919842 -0.161723838532347
0.0850426261721076 0.088679569736036 0.180875902273693 -0.0462623909902921
-0.00500127237509399 0.0258556257909567 -0.0160439714124022 0.0311983093812903
0.149422439706971 -0.00232280556851696 0.192335098078128 -0.229391364082513
0.262671764877465 0.235902131394254 0.332404200430159 0.310718267951884
-0.0120068548387098 0.665438248592459 -0.109018436062854 0.0596561742378457
-0.18411498325053 0.522576907586846 0.417809781925119 -0.589176448639109
0.193169724647352 0.296441916960343 0.108575993799896 -0.565203716726011
0.115316597262775 -0.0330096056618018 -0.32291998475935 -0.446067930979155
-0.0162431619847058 -0.026937031601066 -0.361548008901227 0.151326377664192
-0.0868635654714953 0.0387475994396841 0.00438099842802332 0.247828239915218
-0.00538526550227159 0.143593372078388 0.167888613851534 0.130734289609563
0.124950802557155 0.13384880660483 0.188745570579121 -0.0219816204636835
0.177897359180709 0.0920553127663901 0.141006292542598 -0.0907734788521391
0.14104890226998 0.0773694437021407 0.0949346378915903 -0.1401573242993
0.0591632600156201 0.0729551637324674 0.151896949765003 -0.154229873763769
-0.0452777747756591 0.0403758239695909 0.230652414130099 -0.00470398555567774
-0.0230133759621901 -0.112746365810171 -0.0494539869994295 0.0753832569073318
0.184986810307038 -0.0519187582281896 0.13609632512855 -0.214356221307279
0.310985745222422 0.177785447940067 0.196460412961815 0.188245335998485
0.00992060879685741 0.586693662116267 -0.0758438139075425 -0.173808562103678
0.0325907485756126 -0.416689752348481 0.040353738075386 0.354280275157906
-0.27972650258779 -0.153088385032385 -0.0847103759665582 -0.0735067805569589
-0.173463521132961 0.103221686748702 -0.108058107022494 0.198918331203422
0.027593439771685 0.174167630763502 0.0844221659561249 -0.049670580282549
0.169134579429251 -0.00780516701057051 -0.203315872922789 -0.0225291701990984
0.0465432131548804 -0.136573120197618 -0.157680145918607 0.139158177185974
-0.0566082830138411 -0.119371295517741 -0.109724622057802 0.118316552659058
-0.100844766714393 -0.10694226669494 -0.175026875860771 0.0508047805200037
-0.0900707127902157 -0.124357625353814 -0.240299824345814 -0.0511167607771759
0.00120733198173627 -0.155277391944909 -0.163702520765572 -0.224577549846738
0.13314792559323 -0.0703147397889631 0.0836269577926622 -0.276887801148496
0.0823633368298753 0.0984738230992395 0.416592417298966 -0.0632949382848032
-0.0386729457666167 0.0817707538487045 0.308467744014051 0.523785366827757
-0.20808669636273 -0.0255576550154389 -0.218141999413496 0.642924534686838
-0.00354156856777087 -0.309523772519915 -0.487682935128022 0.67221267891407
0.0752236698334039 -0.163029088447099 -0.0177746063967932 0.416524456056075
-0.153224062058602 -0.146892882884873 -0.119945356799954 0.0105314905232007
-0.184229029424458 0.122488930139606 -0.100886287465245 0.251220551873584
0.0779554897697973 0.225635251538778 0.135189642728825 0.0181255039354773
0.267282129932057 -0.00438852863379162 -0.122251669411982 -0.0324382250211813
0.123526107287141 -0.179631197458597 -0.119757659956356 0.0867064831829877
0.0115485376397409 -0.156389690355779 -0.109474525159322 0.0697799211971002
-0.0200381928316506 -0.114034448276794 -0.20230401158487 0.00625678422769443
-0.0234085288417124 -0.0966540169266296 -0.269930679458482 -0.0985889588095155
0.0192346282690376 -0.113165596204163 -0.174236468932239 -0.288121485840903
0.152418529138784 -0.0531231845535554 0.116603480592162 -0.316736762206315
0.0963705887790715 0.175191189128611 0.426205669209851 -0.0474003389719728
-0.06939442344248 0.083175266385833 0.328484399211071 0.471621346905402
-0.150215388741178 0.140977872830212 -0.17322729787954 0.705071524624754
-0.162805102511022 -0.061698492574171 -0.517579472159418 0.706428840154509
0.0711759852327705 0.143865682357249 -0.0776873322208227 0.358134838777579
0.0606882306722743 -0.0499323103329957 -0.215526693183342 -0.00393949750697207
-0.127775680031295 0.0634016553920213 -0.183826109846297 0.318431901056318
0.103186083101503 0.236901414290417 0.179795045049695 0.154230552294125
0.31646848990046 -0.0126037748455497 0.0192331238085675 -0.0263882496921201
0.166519766649244 -0.196154492670806 -0.0423896378460947 0.00992053020130817
0.0693667622788507 -0.164222522325915 -0.0831453309390185 -0.00358785161877992
0.0647272207118768 -0.100866774734646 -0.193371217391643 -0.0403720628563449
0.0598532373345007 -0.0591343131731893 -0.267880087890121 -0.11809945183499
0.0606997428083497 -0.0527547775517639 -0.188473571707692 -0.297873948371503
0.156732743495987 0.000288209764168847 0.0916430937982186 -0.34503665206836
0.0897889314588424 0.239136581026919 0.40424568351268 -0.0995361009977968
-0.126113194516352 0.105021679288162 0.367231300035654 0.336002466045919
-0.0908724895371422 0.215582496877207 0.0072480556646504 0.721213276822472
-0.243845063761457 0.182060823787427 -0.455257422852164 0.709819220679471
-0.0157136659022311 0.430094756840627 -0.0982631809323459 0.18799688171856
0.218104511230874 0.164077404109864 -0.300042434768974 -0.104972202611785
0.0273944466986438 0.0248673604370205 -0.319806802814174 0.311504470418056
0.120082153099745 0.187346003663366 0.150793477360118 0.308673562894464
0.299961435741237 -0.0252394616044091 0.168347036228973 0.0148318919353529
0.165423113477955 -0.168761066880212 0.0547392893695224 -0.0615947554122929
0.109144385095892 -0.134032110188461 -0.0393310414167761 -0.0780456266175256
0.140137736271765 -0.0741349595450896 -0.155375298704566 -0.0823895458294594
0.142228756654794 -0.0267610313737646 -0.223497417683599 -0.11806636477457
0.126175546183082 0.00101053591082902 -0.177434593061823 -0.261370475378147
0.170594798783464 0.076887258489656 0.0481562786928489 -0.322071149053194
0.0620447451953495 0.27693313945037 0.322723852892803 -0.162484102923483
-0.129924435117046 0.123768080246196 0.40568374622915 0.148249482849735
-0.0213750186213714 0.259220016595439 0.218620782291399 0.666593809765172
-0.239860446225428 0.400217167161208 -0.346775796183179 0.64958599507571
-0.151677440638992 0.626460389043684 -0.0455604092992304 -0.0456493027412223
0.237411826686877 0.39332600864679 -0.327319747756629 -0.260426482976851
0.183572909556436 0.0674081374478382 -0.451056006936691 0.203044021209018
0.149083411400484 0.116988757633653 0.048702004944407 0.418520341418011
0.228609528747806 -0.0344401303924739 0.259299831236746 0.0860147655215345
0.127039091192515 -0.0986781271305914 0.140780976833431 -0.0930499285973095
0.137586348855776 -0.0598337085419178 0.013564933746322 -0.125828012372991
0.195214837101214 -0.0341884618427708 -0.092581026480144 -0.110255285212025
0.200439932334684 -0.00662400175086873 -0.146780522454066 -0.115155437513491
0.190485020848425 0.0207768030220932 -0.112532769738213 -0.208631932985739
0.195011563448876 0.12700000725805 0.0411999427302716 -0.238053029086165
0.0368157692538425 0.267508680230039 0.189432343605739 -0.155970009937572
-0.0642422384923285 0.105691158404216 0.368993695755759 -0.0426944247523238
0.0740433605004945 0.284259899247125 0.377698352344646 0.555822660749233
-0.173801856411288 0.561806368594968 -0.232904184667345 0.512259640422657
-0.271012695669014 0.688822392095041 0.0819407883691919 -0.288243878084967
0.174297205610558 0.523909190601426 -0.261139475454584 -0.417982368204619
0.253971592767556 0.107163540226596 -0.507432341530796 0.00124735098941886
0.137714663006498 0.0559045496890433 -0.111390482759366 0.417259677744791
0.121726618010827 -0.0244978584040027 0.248500615727402 0.159337976330948
0.0721196713822509 -0.00490008565428256 0.186985651819566 -0.0626001385151627
0.148814790394369 0.0267025661109917 0.0711568975166539 -0.130657296577151
0.221061793440501 0.0111600667443484 -0.0146554479367735 -0.121787302708701
0.22105418816563 0.0103085581645219 -0.0547924382540819 -0.123140315113827
0.205824684684433 0.0235899473828916 -0.0087553466586186 -0.170380845376978
0.179366091631104 0.125273129969235 0.0985162151282997 -0.130115966729867
0.0154554609965461 0.176831061682056 0.0627985569224018 -0.0676960992321125
0.0471064608199949 0.0525792329305185 0.277329338650745 -0.195013582489261
0.18262384187843 0.28062981598465 0.416536051908543 0.42897269806486
-0.0787089305375602 0.659196813678903 -0.152221301680727 0.304118292437612
-0.29314600087714 0.644789873034288 0.255411507153033 -0.471281819489153
0.162420987186556 0.495041941981933 -0.0957497348275865 -0.51794039395644
0.225014174990342 0.0545444721039274 -0.444340157694771 -0.241252449428519
0.060124905562182 0.00923384756490149 -0.254839757674974 0.310200847195386
0.00600208708647139 0.0080143952369312 0.147322618241121 0.211834983488555
0.0229057923898714 0.0867076908288449 0.190598783037535 0.0203806568623808
0.147320404861585 0.0964399116228896 0.130536255434152 -0.0882394203371804
0.218179027210483 0.0527149353061465 0.0679898890456735 -0.116016562219243
0.197590232794464 0.0350446132886921 0.0327412171375623 -0.13616559974479
0.155243851857627 0.0373653194439889 0.0887505399298659 -0.161633389022895
0.0862278689864628 0.0881636730713823 0.182284833660545 -0.0478560880797551
-0.00437810655711342 0.0261402147633012 -0.0147268029413758 0.0318378276743841
0.149156545549416 -0.00260600038542523 0.19007301079366 -0.231619343816817
0.264349961065633 0.233593550474722 0.334830818917775 0.307280101632002
-0.0109016283015049 0.666475593765127 -0.10949149134246 0.0585928437357498
-0.187644609308866 0.51755882656614 0.4147930771032 -0.59162167502539
0.191554065952939 0.296193425482014 0.107598594500757 -0.564655498801754
0.114369467859679 -0.0326089146798836 -0.323210226603007 -0.445684348823129
-0.0152661177942465 -0.0269939716799531 -0.360682235804014 0.143569317510816
-0.0865675049219714 0.0396148018624317 0.00400964868748818 0.246136629693946
-0.00541425383709965 0.143364313362279 0.171805490290278 0.128323055987486
0.121921280814435 0.134330430493945 0.187458988533311 -0.0222402094784715
0.178705755744794 0.089541097495381 0.139770438213361 -0.0920324960116839
0.141850333151396 0.0752108601310156 0.0918984337922143 -0.142978044131656
0.0622922028474744 0.0714122625324177 0.148673002935336 -0.161571104296374
-0.0444725958010267 0.0401258936773569 0.22999794737338 -0.00607229315901441
-0.0220349433170676 -0.113359027429587 -0.0488402953917483 0.0752554748535554
0.184499764492252 -0.0517549692753641 0.137553866360477 -0.204379624550084
0.310556653185434 0.177288964373888 0.19991807408291 0.187092073055587
0.0125340474663052 0.584182063950685 -0.0778058989973991 -0.174396705545578
0.0299805090902152 -0.418039285599285 0.0436566036059438 0.35639337802528
-0.281757197511915 -0.151015612563403 -0.0846850156040153 -0.0727320268802862
-0.172734289360328 0.104609571891055 -0.106681521111177 0.20094184385329
0.0286261193412899 0.175070212145804 0.0840540616668126 -0.0494703598497047
0.169526390330731 -0.00972068613052952 -0.203783621459817 -0.0198250887326782
0.045305601211145 -0.136865361539791 -0.157137297022794 0.140451098827227
-0.0575109849775189 -0.11935134459152 -0.108191508141846 0.119610378519373
-0.101678088483657 -0.106553869646962 -0.174513847250322 0.0519235234348462
-0.0906193982766569 -0.123638098578885 -0.240857797378959 -0.0482654679856958
0.000736673612618251 -0.155485008832111 -0.165889465760967 -0.222583519632441
0.132965871321248 -0.0703018517936699 0.080959221860234 -0.277646009375513
0.08328319913913 0.0984576292164425 0.416798723971838 -0.06526817262414
-0.0381056171145948 0.0820741231878838 0.31192082061853 0.523394426901856
-0.208647879754272 -0.02464418074759 -0.21504120935237 0.642900473266937
-0.00565949037649499 -0.310713056456533 -0.485295770200647 0.671838972792178
0.0747714780236486 -0.16239002325717 -0.0157730493222252 0.418507550851023
-0.15326046226573 -0.145981369273175 -0.120075065596994 0.0123400192228899
-0.184189278307121 0.12715155989484 -0.0993760081408877 0.252050023554152
0.0818824645394813 0.226465364151267 0.135730789389444 0.0172630495364166
0.268802340596192 -0.00743754812295689 -0.122669508478338 -0.0311726520137595
0.122595968668866 -0.181310060991691 -0.118259342360492 0.0896707454459155
0.0113581313599327 -0.156665718279997 -0.107119353935396 0.0705698690533664
-0.020287171345326 -0.113871731815974 -0.201716930662633 0.00755455293611579
-0.0245610712606943 -0.0962018398606369 -0.271607312905441 -0.0960650539753882
0.0182998178953848 -0.114643164138225 -0.173202569570594 -0.287005390216765
0.15384955136166 -0.0561060042604136 0.114726648045115 -0.318770848087862
0.0968246972662759 0.174275122190357 0.425523232385952 -0.0496743326143662
-0.0695597319379271 0.0795702475531658 0.324425436001539 0.472058370197387
-0.15088471830891 0.140664907286731 -0.169064373763608 0.709393722066402
-0.161849209576744 -0.0607617611759659 -0.512659163597575 0.712750432597677
0.0730968154460328 0.144941784392012 -0.0737467384861439 0.361714229938545
0.0596022112761425 -0.0508934945609339 -0.216294733910431 -0.00215582991206872
-0.127549044009923 0.0653064770101506 -0.182153908330826 0.320216352614525
0.105673211762481 0.236969806485719 0.180298225982381 0.153142482568242
0.318122699002216 -0.016558221963834 0.0190843692564746 -0.0271020022947581
0.163924763589885 -0.197387311777705 -0.0426386688408345 0.0105921241216851
0.0678298501944586 -0.164585489088754 -0.0830539753036561 -0.00281637191935435
0.0638433173981023 -0.10219395711988 -0.194177628295315 -0.0381942272218719
0.0594115989086546 -0.0602076694458703 -0.26900988311389 -0.115656478653694
0.0603331568377077 -0.0540750776705535 -0.190562921750186 -0.297524904245887
0.157574613592984 -0.000238975337726027 0.0895308818871087 -0.347248708663579
0.0915897244280869 0.238751289012499 0.405131814757484 -0.102985324821862
-0.126024023884005 0.106529314167827 0.370419794358212 0.33473471019282
-0.0901189318789176 0.217115106321428 0.011004430433651 0.720258049423586
-0.243255061766113 0.184022700319815 -0.453982863873428 0.71320703048929
-0.0081987520207426 0.434598428870419 -0.0960627767958116 0.191260816217226
0.219340971306837 0.164371946396848 -0.301145851457584 -0.103326699036573
0.0284824104099539 0.0252847443488153 -0.319998348170245 0.314194842369876
0.128900860712079 0.186393885739479 0.153535599449047 0.309897584034894
0.301695815769734 -0.03014675958821 0.168110631989471 0.0141374032088135
0.164817916930728 -0.170030637618173 0.0547218299315294 -0.0616186455227626
0.109234862255712 -0.131163529191038 -0.0407033638250806 -0.0774942178948363
0.13962190942664 -0.0740980668664983 -0.155913940229319 -0.0807779647803974
0.14193623058156 -0.0287701241309193 -0.224847571504156 -0.116984397631182
0.126677156391224 -0.000611535210863329 -0.173583383877597 -0.261549645762286
0.173554152724968 0.0746393878726841 0.0448729832587378 -0.324336883179757
0.0649763161861362 0.27680092452284 0.322038220883047 -0.165944623856325
-0.131093703213081 0.119175776768515 0.39781514428227 0.155837295631476
-0.021157096780526 0.258364868689624 0.221590771672908 0.665300681132011
-0.239726348519008 0.398781982420354 -0.343920053869287 0.653346891371599
-0.158618358459934 0.620459936682953 -0.0463844541629177 -0.0456011892003999
0.239600588270873 0.393413479847407 -0.329980064257036 -0.259654957616361
0.184743106912644 0.0666049698177907 -0.450578152994595 0.205764054949363
0.152074050663007 0.116370799358354 0.0514885113325101 0.421070645849997
0.229689100740335 -0.0375414327820933 0.260671959071291 0.0836231364430315
0.126997555832787 -0.100640722808809 0.141000474409759 -0.0943128148839921
0.137352846383637 -0.0610253323141373 0.0121362594397518 -0.12645045425255
0.194787507963875 -0.0361059872483442 -0.094382676403261 -0.10975564721818
0.200778143206923 -0.00792235812110205 -0.148260972739192 -0.113761049738473
0.190098850827337 0.0197418083889639 -0.115286156249839 -0.207883448459942
0.196003037757108 0.125595596947539 0.0392069218869304 -0.239721230587619
0.0400366830415269 0.267750877991156 0.189036407520225 -0.158501939033142
-0.0632424836503292 0.106997916162736 0.371416032217136 -0.0437747619383241
0.0771033848114756 0.285988080833614 0.381401731040156 0.556306200688046
-0.171914144896757 0.566232999961909 -0.229151630501367 0.513413949324875
-0.276302762763138 0.682488816167505 0.0845726561545834 -0.282974568438611
0.181384776813519 0.524487415749343 -0.261962459686503 -0.417576184012652
0.257907996780149 0.104088975631184 -0.507119765733129 0.00311178057242168
0.140360003213994 0.0543848784384182 -0.102451997802043 0.423586944047955
0.121535430887772 -0.0252250187400794 0.254693610760079 0.15571420572398
0.0714893924617695 -0.00514652777283383 0.18836228612112 -0.0676605149205395
0.149867524140266 0.0280547687661386 0.0707714950875328 -0.127883113183342
0.222805468793714 0.00712754704267302 -0.0157883271271639 -0.122397648420374
0.221459477122588 0.00635266287946901 -0.0556958057358625 -0.122300289336692
0.207455774409135 0.0169720991589074 -0.0153622634557442 -0.175438868365986
0.175641654673841 0.127262033520855 0.097297351299922 -0.132614438457381
0.0133411638625131 0.176738997664781 0.0628027461190438 -0.068689951093645
0.0467001229135565 0.0528792011475224 0.277383125414196 -0.186214599437089
0.180253428129162 0.280414951063882 0.420146608088215 0.424670219302843
-0.0820323365147173 0.656461889650747 -0.151209625040209 0.306950341014801
-0.296926379840236 0.643861214162082 0.255752381965346 -0.47007542181805
0.165721827221003 0.49543403804012 -0.0998812294294576 -0.517754511348198
0.225072827880259 0.0542566589722978 -0.447414374039555 -0.238218186836289
0.0614918030186438 0.00940346149934553 -0.252513326792188 0.313360757262305
0.00580934920077321 0.00831451852814838 0.149428266721418 0.210796589191801
0.0236723921887386 0.0862686483497922 0.191678549979008 0.0181242079949556
0.148069222655815 0.0958951624578611 0.12937626326051 -0.0895931048122126
0.218544597657049 0.0513940293526805 0.0660905696130991 -0.117848194897921
0.198811689140595 0.0340728924354442 0.030924494563871 -0.136934241725823
0.155034809041114 0.0359082930629746 0.0880798015319882 -0.164479645148764
0.0877891538882564 0.0873253712090074 0.181661041676884 -0.0501922147179874
-0.00389953710317653 0.0260086607478912 -0.0148226989056356 0.0307042488776999
0.149822190713113 -0.00385400058999539 0.188634935764161 -0.232667280740415
0.265119692803009 0.232404786743147 0.33855872646464 0.304389285536158
-0.00331319836512327 0.669386607164552 -0.108952272923263 0.058731381318939
-0.190374194593167 0.514256950167359 0.419566018612525 -0.582194382623633
0.196202235996089 0.295260888284838 0.107468857589463 -0.563284566889588
0.11380591754208 -0.0345220115361101 -0.326743087425449 -0.444905716008682
-0.0156643948870468 -0.0265400719774394 -0.359997716880346 0.156122611017104
-0.0858578490373547 0.0402187403226405 0.00979706908447571 0.248052586762357
-0.00515464345901575 0.144027932231352 0.175235657356744 0.125378096422985
0.124868771077163 0.133054637533927 0.185455566342699 -0.0183206428547033
0.181411323825895 0.0873882420957196 0.139338270786416 -0.0972611443124085
0.143923276250966 0.0733708501302059 0.0907678347072787 -0.144172383961149
0.0614636458881847 0.0711724960187376 0.1450821782621 -0.169750643928678
-0.0439310669111366 0.0400301300242259 0.23122823793443 -0.00854527466110266
-0.0211333290183213 -0.112214485163505 -0.0484273792071038 0.07639897823049
0.187019331014505 -0.0617339569558582 0.138914957667072 -0.202242293563447
0.313531908899372 0.173996335001879 0.203434738697409 0.184017837556964
0.0093018404446697 0.583789545303044 -0.0792248983715778 -0.17387150368646
0.026804142512495 -0.420006340441054 0.0462861771294936 0.356986891595629
-0.283871198457881 -0.149570992069875 -0.0857001650199404 -0.072206216884889
-0.17264336908137 0.106948077201231 -0.105204037467023 0.200704601554958
0.0304492157693107 0.175083411461648 0.0843497027665591 -0.0499925399931377
0.170661189724128 -0.011778231091838 -0.204480931073455 -0.0179713229509649
0.0439740653036348 -0.138189412975474 -0.155880057431779 0.143842678238868
-0.0593665239427018 -0.119264176746507 -0.107204450828585 0.120597117403339
-0.103445979075706 -0.105734589388195 -0.174611609414208 0.0538677402793241
-0.0926534283062333 -0.123280833795527 -0.241383880880501 -0.046810903586361
-0.000651512230455944 -0.156077937182093 -0.168587268301547 -0.222322596237006
0.132881843580348 -0.0719801481483348 0.0799905438622994 -0.279122874072405
0.0839421599537372 0.0978213707699282 0.417225282078756 -0.0695121077557672
-0.0373948946015162 0.0830648166704677 0.316086982859415 0.523500931859782
-0.20932002257481 -0.0235182615407431 -0.212426773118275 0.644298470021473
-0.0079194845551195 -0.311822561656107 -0.483168928194197 0.676323732351037
0.0725198853205329 -0.165016274495977 -0.0131836646803228 0.420520156741713
-0.156226594253574 -0.144326611865288 -0.120141709275995 0.01241615074567
-0.181656467715685 0.129691149680086 -0.0980082721054388 0.253537331801313
0.0829286957316999 0.226284677296752 0.136169777987656 0.0171329233554311
0.270230270988693 -0.0110738645402189 -0.123654125413584 -0.0288231026909333
0.121499386023661 -0.183268102760647 -0.117852223930211 0.0923766873189899
0.0109309610149261 -0.155672970477991 -0.107923286049193 0.0710342716931126
-0.0210892508786258 -0.11398899971021 -0.20126338100471 0.0100855795384042
-0.0248121046693607 -0.0972161495910902 -0.272761746436299 -0.0924495925980524
0.0167113357763685 -0.116022156381391 -0.179494562325813 -0.285328792952181
0.153296348583096 -0.0563666338522538 0.113607157027807 -0.319663256718716
0.0980359746823318 0.174171465933616 0.426814891098295 -0.05359410598044
-0.070198952395453 0.0802787683573552 0.325902028480462 0.472039424291291
-0.149722630798011 0.143275507882843 -0.165129640365526 0.711212805439742
-0.161683327011818 -0.0604243781767815 -0.509503928910499 0.718349275851087
0.0730863716560186 0.1444676844362 -0.0735574713054541 0.363466053267606
0.0597292511872544 -0.0503628469352989 -0.21600884653427 -0.000343396092988041
-0.126838857862451 0.0669812153789687 -0.181129961604118 0.323088578981015
0.108754914400403 0.236455685577852 0.181920747101218 0.153064657777729
0.318726228551537 -0.0197828613035713 0.0192427025720296 -0.0265565702283862
0.163666075573927 -0.199882460977502 -0.0419939896164981 0.0113480292709174
0.0668794975756208 -0.165913100791669 -0.0829588916895029 -0.00261347943720017
0.0626650921139685 -0.103077011663344 -0.194957250098366 -0.0371433511167126
0.0587339670918474 -0.0610110393518742 -0.270477088902074 -0.113139015067132
0.0601178061538571 -0.0548807965462996 -0.193642430040151 -0.294946683188936
0.157875190128312 -0.00227686865740242 0.0875651698263787 -0.347927829689131
0.0946511058129098 0.238964375728754 0.404605025103602 -0.105663889523472
-0.125564913384197 0.107885110535344 0.372048062675995 0.334966647993102
-0.0882721647669173 0.218851220151529 0.0145613380416571 0.724604675708867
-0.243789938997706 0.185085957294317 -0.45078696800429 0.716592408098921
-0.00667312278050174 0.434252137336608 -0.0945136890436051 0.194047181999409
0.218421177552253 0.163374448467867 -0.302018364172518 -0.101843122805602
0.029706305731641 0.026356449205917 -0.31953274436831 0.317347260039367
0.131333197181355 0.185909858647265 0.161592307880045 0.310473067948972
0.303167251265875 -0.0326782802085909 0.169937159913512 0.0113238532835194
0.163501180072577 -0.171099291438871 0.0541585222605789 -0.0620979158118917
0.10972513170991 -0.128419416495489 -0.0406051765539309 -0.0785465207758816
0.139573218709589 -0.0760666537692765 -0.15830321583912 -0.0789420362748475
0.142022927403801 -0.030506852792191 -0.227717949774562 -0.113248449634914
0.13061106459101 -0.00784885257955977 -0.180848158268934 -0.259949133275051
0.17802942786416 0.0712942245851891 0.0414874197575023 -0.325308124638952
0.0722797035432623 0.279565643413674 0.322268828471202 -0.168237868493815
-0.129404609516462 0.128153693142597 0.400683139172078 0.152037317932758
-0.018979120696542 0.259487132763058 0.228058199756773 0.666034493163422
-0.238584978174972 0.400100922655049 -0.339065127740033 0.656789399560398
-0.15192659081823 0.625867482422232 -0.045785252163105 -0.0456447220440325
0.241519745980969 0.394010295262269 -0.333120222834857 -0.258763643716689
0.185196966199997 0.0657161018631192 -0.450944617350931 0.209721483741216
0.153930326944462 0.116323762007714 0.0554539402614197 0.421055347379732
0.230906754401745 -0.0406356034802443 0.26258217678205 0.0820949301624007
0.12621200121742 -0.102650506449186 0.140477477630132 -0.0953527782381124
0.137339544033802 -0.0633928202609964 0.0111051255311188 -0.12714333519296
0.195442638809497 -0.0385061658469271 -0.0956988820198476 -0.109928532731969
0.201432395935964 -0.0103146237836248 -0.149116940368567 -0.113482718084516
0.189921496441097 0.0175239885462549 -0.117742776927824 -0.20687801041627
0.198061532293021 0.124026850779789 0.0364449822991675 -0.240073153019869
0.0430906495975925 0.268608834135627 0.188538036631707 -0.161042370288147
-0.0635305626176979 0.108896250618111 0.371544865441738 -0.0460774655669527
0.0772139373524444 0.286133552278365 0.388061880617698 0.553420248861349
-0.168231252400211 0.567655158522971 -0.227911428237738 0.515413781984744
-0.263196889354532 0.696762483842982 0.0842546274603671 -0.284100322821929
0.194998993578532 0.527474441471943 -0.267262693783086 -0.417416370414497
0.259143925409396 0.103050841141594 -0.509191759017131 0.00615709826438895
0.136147703251089 0.056482167093079 -0.0918698018912929 0.433359588467098
0.121700298008418 -0.0256853468581768 0.258674377161159 0.153716350318048
0.0716230504706314 -0.00630416524339945 0.188081632142205 -0.0682930948807132
0.152380240527672 0.0207008210805179 0.0692099105477001 -0.130648813612216
0.224020116526399 0.00241015318266277 -0.0184872159007149 -0.124056252120837
0.220729446667679 0.00527354683605704 -0.055163619105419 -0.121379294209008
0.202894302877388 0.0249810477921068 -0.0172989342095981 -0.175184960338278
0.17409841910216 0.127327129724426 0.0967320350163639 -0.133933259587897
0.0194554621997054 0.177817067334058 0.0634335215985454 -0.0707178680727479
0.0518728662813047 0.0546059336681443 0.277230452333597 -0.176883811631665
0.182421335269582 0.279129166592987 0.421843286852439 0.424984683361816
-0.0761955993612865 0.660461549636537 -0.151882501077422 0.306580042652674
-0.284335837254538 0.657338729666047 0.252575231118582 -0.47456394832436
0.171471353038734 0.496268177823347 -0.100848530411055 -0.518810934591166
0.225742194037361 0.0518256107225007 -0.449306897203024 -0.237456013801216
0.0613881157163722 0.00882602554141365 -0.251175713202331 0.316157577234614
0.00648999690091123 0.00847002361573016 0.151094663838787 0.209320562914948
0.0237789893244239 0.0867347163177487 0.192104629621131 0.0163632396228393
0.14973110295514 0.0948560420172014 0.128505426432196 -0.0913730001064056
0.219941230964565 0.0489407429310093 0.0649035032344984 -0.119153530256669
0.198512453227611 0.0329719031014482 0.0294468909214877 -0.13748898972831
0.155198462990731 0.0342319817197935 0.086803522494139 -0.166715668216471
0.0884317599026541 0.0869631940737288 0.181396172576066 -0.0528143619851897
-0.00333964875839923 0.0257794428199371 -0.0140726140713185 0.0314429907636861
0.150427291852624 -0.00415302709208752 0.188584532632915 -0.23429977834555
0.26872212306977 0.231728125414437 0.341987522113614 0.301406191472866
-0.000757053840174151 0.670405783182085 -0.109175523883607 0.0600084711549621
-0.181445754085791 0.52364352977808 0.420894494902746 -0.586640929237104
0.202347261149231 0.29494440105874 0.105634836903639 -0.567169972506601
0.114686431649711 -0.0354987598311668 -0.334337543702854 -0.443045714116006
-0.0157679886401898 -0.0264542765120242 -0.360560725077899 0.167756332794564
-0.0855595432102911 0.0407969872104889 0.0130945443355879 0.249251827916782
-0.00302609106952063 0.144579132648106 0.172627706949573 0.126855467158618
0.131009416214525 0.130994599798072 0.186399106943137 -0.0231065590553287
0.183114535432798 0.0848996395090815 0.137962414215514 -0.098118733585616
0.143959385959689 0.0728891593436392 0.0907534068580066 -0.142547268419225
0.0597429130179087 0.0719973910157244 0.145401849110883 -0.164478067672307
-0.0431664813551618 0.0417507012102446 0.231101824393099 -0.0125868453232537
-0.0243042917801308 -0.112382235428 -0.0480272158644347 0.0757743784125406
0.187227650777745 -0.0656352087036727 0.134261489228629 -0.213904014146429
0.319661703669383 0.171026042050112 0.203293825449674 0.184112600735372
0.0173641578555921 0.586058497317326 -0.0794128477362651 -0.174034426152122
0.0253910060717883 -0.42012409438509 0.0487136522988725 0.358838639373294
-0.285904071207877 -0.147690671763028 -0.0859102997128755 -0.0715226448297744
-0.171587748169269 0.108710045086369 -0.104616077786487 0.203046523138296
0.0332335241320148 0.176489544366987 0.0839793107732804 -0.0505388673908426
0.170871077840097 -0.0134711604147312 -0.205644019955238 -0.0161182029799428
0.042456570950943 -0.139223634541658 -0.154784875798247 0.145481661106351
-0.0607667240184974 -0.11940407156677 -0.106057972498837 0.122261034005491
-0.104408094825204 -0.105409497786529 -0.173268154465844 0.0560640260778922
-0.0939499111739999 -0.122577156480615 -0.242003714362869 -0.0446791126286771
-0.00129626402621934 -0.156190328947307 -0.17016113966494 -0.221492150903419
0.132740607896453 -0.0732473779166083 0.0784238200376853 -0.280528969413598
0.0852145230033856 0.0979836785307832 0.417192012437902 -0.0709024658018113
-0.0371486235484425 0.0831196478643008 0.320368672844705 0.522663183979091
-0.210254865850502 -0.0212695956336754 -0.210245805477294 0.648920909126164
-0.0115239606751187 -0.312870472330087 -0.479740385844392 0.683964213936473
0.0701887622296109 -0.166160960629849 -0.0109589649520721 0.42231597740278
-0.159716292986912 -0.143544164749597 -0.120029678090921 0.0130204298834655
-0.181642134258278 0.130293777328653 -0.0959426299282994 0.255401217440105
0.0839406176296797 0.225982028814824 0.136853207553838 0.0160228661727274
0.271022924124506 -0.0136294520414687 -0.123487319623144 -0.0282132980437518
0.119045700576434 -0.184652151558695 -0.118243614796991 0.0925578314940468
0.00863653368642642 -0.158130806055277 -0.106683993734319 0.0726344778918209
-0.0235848170265722 -0.115007970006933 -0.20303865024293 0.0127525466148207
-0.026502161257004 -0.0975112827737829 -0.271927797702156 -0.0929650776626796
0.0170799135555249 -0.115441388288249 -0.184469981356344 -0.283306761305712
0.152903918563806 -0.0569848909740159 0.11215803078002 -0.322704916211884
0.101294121831088 0.174791691101516 0.428299266106274 -0.056345356954791
-0.0683780102174667 0.0855354363337423 0.334449249951357 0.470600242720705
-0.150864742938702 0.146320688520214 -0.16299978402896 0.715800124027396
-0.164144608818245 -0.0590036547769316 -0.507713939643136 0.722022695928061
0.0731169250937722 0.144815092315218 -0.0734903455215215 0.362614556631108
0.0588558289206676 -0.0508806456454372 -0.216512266438602 0.000149737730114272
-0.126420693704884 0.0684030621883991 -0.179372745552801 0.324765589588331
0.111954286597943 0.237142644157596 0.184575731550377 0.15314348008082
0.319947151141353 -0.0238070237560142 0.0187971119205225 -0.0269149190081775
0.162024928941735 -0.202102432082808 -0.0415009319538842 0.0121180635091286
0.0657161837509232 -0.166874030151541 -0.0829381536587577 -0.00161073895992309
0.0624080567589718 -0.104193220499908 -0.196407159286713 -0.0357255992290312
0.0588262163789053 -0.0619560607682301 -0.271537283736482 -0.111681978104842
0.0596243524784746 -0.0556192746196933 -0.197515576373926 -0.294004242786324
0.158768074859679 -0.00395756939135532 0.0859829898862863 -0.350203735628112
0.0969316997477268 0.239302162882553 0.405288168095341 -0.108993913127083
-0.12568686464858 0.109423788993791 0.375036094473308 0.333735478380494
-0.0873468389901059 0.219376845987789 0.0188891684293044 0.726916649741885
-0.243662045369764 0.187870908707075 -0.447314966590513 0.723363530086419
-0.0116489850417454 0.431948622235514 -0.0951843175231444 0.19319770830081
0.220340700883551 0.163874635895229 -0.304033551108727 -0.100572819196504
0.0301579349303131 0.0268169701729655 -0.318019941674922 0.32136511808185
0.127651403260282 0.186572533616317 0.163389102081968 0.311655697640469
0.303453773064078 -0.0354451982120974 0.171087600260785 0.0102237027526397
0.162080312876301 -0.17443898684934 0.0542069070664611 -0.0630363428511321
0.107551046187174 -0.13572064702726 -0.0409112896777551 -0.077931789370984
0.139140172301347 -0.0792850829835115 -0.159481993846938 -0.0783108649197488
0.141522971711783 -0.0318058091479631 -0.229963197379163 -0.111876180005176
0.130050638841715 -0.0091999119986672 -0.190692677131818 -0.257478239158246
0.177449243109519 0.0719913794637582 0.0395158304057951 -0.327639464203517
0.0745124323258393 0.279844386737118 0.32241181539801 -0.170953393240368
-0.127830300700316 0.137105372455447 0.412446654564913 0.140567850290487
-0.016752682376391 0.2626597139008 0.232906990985216 0.665927462501334
-0.237673993796687 0.40556375200917 -0.33775893892217 0.656462202549902
-0.139201761134104 0.639313377934464 -0.0470463250136849 -0.0456566024835788
0.244357044149017 0.393797590846867 -0.334890716742012 -0.257043415697706
0.187115747509031 0.065873595518385 -0.451818012532717 0.213471743161773
0.156565727340166 0.116233176468179 0.0579327683995395 0.420867845389782
0.231012443444458 -0.0429211641239547 0.264397379170636 0.0790331600129778
0.125580247448647 -0.104557956319743 0.140164335648588 -0.0969471104027572
0.136612774805876 -0.0647067245408156 0.00998196372488385 -0.127706318728682
0.195156909896793 -0.0405408492239638 -0.0970644296780638 -0.109451222177733
0.20208344365223 -0.0123585481250823 -0.151132757003105 -0.112454055802192
0.190542046115946 0.0164117398194741 -0.119711402994995 -0.207366979121367
0.200244224741869 0.123011020733221 0.035335401025726 -0.241628805951351
0.0453120634955208 0.269770500379086 0.188424369867091 -0.162537560077172
-0.0629925672574618 0.11032997823076 0.372043838076935 -0.0491992924887386
0.0795909171270488 0.28649058033525 0.392545748617678 0.552170188191285
-0.167120814793866 0.569949816839272 -0.225877791911829 0.518114165358752
-0.252331990084551 0.712327291743365 0.0768583064802597 -0.290638822124745
0.194555399085667 0.528562230188433 -0.27235662660042 -0.416809693512833
0.258801795644622 0.103407952736727 -0.511438777673583 0.0113652889545087
0.136710924215573 0.0563124073059054 -0.0949554859798404 0.430602596396519
0.12318479153618 -0.0272967070323804 0.255376232559138 0.154131683322663
0.071787894728633 -0.0078437592393427 0.187285800272631 -0.0668109109934674
0.153321462796404 0.0159823756185336 0.0669669689093617 -0.13645390173698
0.223846919217794 0.0024100071129815 -0.018136240446612 -0.123491299524527
0.222228697479934 0.0046442576984934 -0.0580005656641251 -0.122104572453446
0.20264468190831 0.0258318498654281 -0.0132810669485177 -0.172335252997872
0.181517906780009 0.123201932003889 0.0950455916070495 -0.135496567750463
0.0238396882575564 0.179819244564825 0.0629690075729113 -0.0708292968569092
0.0523094390056386 0.0552332297940318 0.27841340482045 -0.189352739331293
0.189481321073469 0.279268851213037 0.426833352736915 0.422190775411289
-0.0683320531719054 0.666931613550641 -0.150906618595273 0.307855077866155
-0.276364189204328 0.667034775576652 0.247932277928355 -0.48091528212253
0.17450256665321 0.49737184957868 -0.104939910195845 -0.519010801669036
0.226586352479016 0.0513391096555503 -0.450842356105461 -0.234954173556586
0.0631551566047063 0.00850109531044802 -0.24888373903936 0.318180185567754
0.00677445415846413 0.00840668729542679 0.153005297548193 0.208711176248568
0.0251053406891078 0.0865568500173949 0.192210928602106 0.0143691888951985
0.151656827914922 0.0935533328829567 0.128488604175557 -0.0930819911246949
0.219793523950602 0.0467947582456237 0.0646008641919207 -0.11957958064083
0.199513116949859 0.0300633333401843 0.0281159798581325 -0.138618539194204
0.155761224619767 0.0323868988419827 0.0848825974442413 -0.167753523033109
0.089473306876092 0.0863837914002682 0.181184721815564 -0.0545423232172586
-0.00275011348830443 0.0266051088259927 -0.0138231834868052 0.0316115444906439
0.150537059052651 -0.00550974519581796 0.188488563365191 -0.236455181699077
0.27112330518388 0.230414615887911 0.343826382427198 0.302041686418307
0.00135084781989751 0.673492688324873 -0.108819009206796 0.0603832560791296
-0.17499103245094 0.531703310584683 0.40901005962695 -0.604556792835133
0.201891743706933 0.294485468299718 0.0981172813282195 -0.571362687707644
0.114207078721616 -0.0355594611515738 -0.334865499432606 -0.444245926936134
-0.01462983852446 -0.026061512527216 -0.359755453290583 0.159519930863454
-0.0854743086882622 0.042025850251881 0.0101745885788418 0.247621017513367
-0.00200281793186995 0.145504496175965 0.173333305159279 0.12677061029385
0.130758734077475 0.130398537630764 0.188836538881297 -0.0315194570037185
0.183220196807758 0.0850933927369572 0.138192247744637 -0.0964245680362869
0.144909269003615 0.0720266432682694 0.0884203278566305 -0.14501805444747
0.061235897822118 0.071657502547395 0.146808088932667 -0.162372070912654
-0.0431011843931084 0.0428827049858253 0.231387351846922 -0.0138401336171608
-0.0265611484939013 -0.113368712612018 -0.0474420895905643 0.0764315559938758
0.18583663930679 -0.058019075498472 0.132865299720123 -0.218566780397155
0.319703090370988 0.169420301613978 0.203219791221679 0.183727180530897
0.0260566656998248 0.590352639947625 -0.08064672084686 -0.175233210239985
0.022333478943184 -0.422434237130122 0.0503053004807161 0.359406922149181
-0.288335656994474 -0.147008744680408 -0.0875302925867258 -0.0704995114162464
-0.171140009604369 0.110722852436611 -0.103635485324677 0.205021232836237
0.0345890136125535 0.176910131335965 0.0840244095482809 -0.0509997814369639
0.171945842109498 -0.0155584365734909 -0.205993017911759 -0.0144813811139719
0.0410435255072522 -0.139910769332875 -0.154968654238806 0.148018954212085
-0.06145161646409 -0.11937278055531 -0.104833979697332 0.124060575555082
-0.105828660400471 -0.105013407725761 -0.173653748763826 0.0580726769146532
-0.0948838568258779 -0.122705637283702 -0.242615359849097 -0.0428535036893282
-0.00313734096217987 -0.156913613764986 -0.172344347388269 -0.220376637728603
0.132672537537021 -0.0742818159958887 0.0770739451365193 -0.280780254539136
0.0862857957479765 0.0978500050705524 0.418618818730759 -0.0730677721073658
-0.0363127669441667 0.0838971970367552 0.324996027087554 0.523970550626319
-0.211331100546138 -0.0205769185734564 -0.207340130125048 0.652727058564521
-0.012821542590084 -0.314016444342282 -0.478015743954214 0.686971153319617
0.0715467383156258 -0.165499776739208 -0.00866143185265724 0.425281452631015
-0.161408035063225 -0.144290583174018 -0.119982997716571 0.0146134922051608
-0.180384654372314 0.13157997028199 -0.0954997108292096 0.257803719797829
0.0877931115545926 0.226927133206183 0.136755630664027 0.0160438550450836
0.271214134620514 -0.0163338047792958 -0.124056740945655 -0.0275086729220903
0.118898503899227 -0.186416479215912 -0.117368309853596 0.0943825504272335
0.00562352065308434 -0.15986002486962 -0.10589046652451 0.074720969975007
-0.0244788431865195 -0.114818626232318 -0.201656860018283 0.0142339784864732
-0.0274479707023537 -0.0975138590978008 -0.273826407007019 -0.0909648054563531
0.015040737441878 -0.114983955264885 -0.185122208644558 -0.283560155068797
0.153742036440027 -0.0584036193405863 0.109414253904509 -0.323385404477914
0.103489811121741 0.175093306798407 0.429512103757939 -0.0588093674239371
-0.0688414425658827 0.0870839739263692 0.341434394805544 0.469907962317195
-0.150005603631029 0.14712203804471 -0.161690745331367 0.715401226531232
-0.166493450211515 -0.0577769544536736 -0.508252371033043 0.723281090766174
0.0750845069385079 0.145747226319725 -0.070390008546316 0.367803958135162
0.0582797637953188 -0.0505825862225733 -0.217585504825558 0.0015303440005856
-0.125797376387405 0.0704307321747918 -0.179251308799744 0.327733919131225
0.113949066877141 0.237162488221041 0.186294196369913 0.152573526100732
0.321941469161138 -0.0269745867964319 0.0195711487713972 -0.0266558195355573
0.161043227063639 -0.204882722428564 -0.0415936712723115 0.0135278361825402
0.0637466999604103 -0.169311843901257 -0.0829193816898903 -0.000829904933871641
0.0611945923021077 -0.106101406040651 -0.19658132259224 -0.0340822227695061
0.057643154954287 -0.0623338727761225 -0.272853218528591 -0.110134423303832
0.0593698227564592 -0.0563532230691402 -0.201081114681957 -0.293554713450816
0.158588720329172 -0.00534483975387631 0.0825606866019201 -0.352556676546773
0.0994471684800004 0.240315316559779 0.405797477403943 -0.111950366381755
-0.126256072329643 0.111006423968964 0.378474447983212 0.333011909968292
-0.0871812751191194 0.221063751720689 0.0236616707940088 0.727336402847604
-0.243606924944788 0.190734435370307 -0.445750858583582 0.726624166373133
-0.00581546761362098 0.437542565609636 -0.0954316060743552 0.194111317025788
0.223582149160061 0.163039535957374 -0.306398582818752 -0.0996219935587393
0.030573899567718 0.0272586859670628 -0.318426691040619 0.325839103671133
0.131492825718397 0.186338510790165 0.160676133695649 0.311539757070295
0.304691301561644 -0.0382889716780369 0.171407497295587 0.0102304816381584
0.161526513427144 -0.177345109438665 0.0533472576927988 -0.0621257738208795
0.104383472497373 -0.139938775029512 -0.0421075404960784 -0.0781646021240752
0.137966732686924 -0.0813914612091318 -0.159240576931375 -0.0780414233219224
0.141435166440172 -0.0332032938377357 -0.229990634999766 -0.112411422021175
0.127167331593762 -0.00447068460051276 -0.187485546315975 -0.258674514755115
0.176197852184317 0.071525413578465 0.0385597837279767 -0.328110251501812
0.0735757945058004 0.279617119748627 0.323160809782226 -0.174344820023691
-0.129474732672857 0.132380386967494 0.412586835262742 0.142619551977338
-0.0167351377221202 0.26258637958992 0.238494385528299 0.667284527765303
-0.236172036923017 0.410692703341365 -0.335247352450908 0.661434046172784
-0.140654371487932 0.63974839567376 -0.047161086828969 -0.044742013825064
0.250040526577807 0.394859801526017 -0.338685325290192 -0.257375508330881
0.188085289661216 0.0641574987570899 -0.452656830293981 0.216438771337424
0.158385133124661 0.115173351187651 0.0605694821682946 0.423781940277879
0.232632245562353 -0.045326070105206 0.265432435192646 0.0784147300447409
0.124831343959559 -0.105324841847337 0.139870672095947 -0.0985148753293082
0.136298252920812 -0.0658660389722702 0.00885243265166144 -0.129030229299793
0.196110887958794 -0.0430612966482732 -0.0983592297313011 -0.10887050417604
0.202027807403436 -0.0140631977911188 -0.152957527201436 -0.111952420870528
0.191216796519678 0.013941349955935 -0.122567709614281 -0.207272943554693
0.202585478097448 0.121478348623249 0.0332956687680385 -0.243012584635114
0.0489004698420455 0.271545321835882 0.18858877201363 -0.1645638218521
-0.0620863200259749 0.111826048644913 0.374094913787662 -0.0512490540248924
0.0816555308963737 0.287307116439474 0.396118447278051 0.552631336909775
-0.164495971673485 0.574296035676375 -0.224662278125406 0.519914772309904
-0.26012884807217 0.702892709501797 0.0752308863655378 -0.292702429049996
0.189067969677552 0.526229488314313 -0.273621221970249 -0.416404411639936
0.260892704723981 0.102029883508764 -0.514122228196594 0.012246626076538
0.144784344623894 0.053125160961791 -0.100964479083269 0.426278348057152
0.124417500406857 -0.0305975582692323 0.256317555238497 0.152090345222043
0.0718928315651253 -0.00838663583670029 0.188485994614533 -0.0701968081575867
0.152257211750179 0.021709031713033 0.0662963054135787 -0.135864748781848
0.224733346731958 0.00131015117145153 -0.0188626990291376 -0.123497122937903
0.22290939399287 0.00178388777201468 -0.0599967882802685 -0.122942930424394
0.207691602855037 0.0140439252635742 -0.015654733073278 -0.173542228997392
0.186079439877318 0.119837637051848 0.0947556056515112 -0.137238064995608
0.0215447496754104 0.179520848135531 0.0635331091590216 -0.0715934843732562
0.0488017463829157 0.0547157024552594 0.27572114996032 -0.202880799435977
0.191916058957124 0.280418983796335 0.43240257003397 0.42148502640637
-0.0675916079560985 0.668628661807102 -0.148151298106392 0.311576171754996
-0.283967463404552 0.661001592544804 0.248232279921726 -0.484897599520084
0.175372732320745 0.498720921195046 -0.107322745002723 -0.519479415121197
0.22753771642562 0.0499807947523352 -0.454817633852929 -0.233520902561025
0.0636600190172581 0.00824129179945723 -0.247016295157188 0.321545944764043
0.00727419027539024 0.0079906275639759 0.154845471323287 0.209171372257007
0.0251696888261228 0.0868881181550359 0.193793658597324 0.0124685303648766
0.15194986830571 0.0927362172420689 0.127610763224128 -0.0947146570050396
0.222060296933569 0.0441990627476707 0.0635124652074633 -0.120751789644304
0.201069283636867 0.0286071149950049 0.0265127121627467 -0.139756801543613
0.156403986523566 0.0312379454513848 0.0832854875017857 -0.169129628574646
0.0907387732091057 0.0860942489435874 0.181472157358013 -0.0564214429079765
-0.00255218469400189 0.0270244497879987 -0.0128139910792508 0.0314592227710476
0.151019183350773 -0.00595643789955254 0.188433090949293 -0.238342989594034
0.273110833108231 0.230345212092203 0.347559069766143 0.300188132405005
0.0068772393423415 0.675291833714917 -0.109315259042423 0.0607449204945757
-0.17916445728155 0.528338467433787 0.406728898129307 -0.609642478732383
0.201568239798006 0.294600486606471 0.0983705388259635 -0.573619368718352
0.113125382035867 -0.0361480480833881 -0.33583496822485 -0.44486195395936
-0.0142673388233702 -0.026218221120106 -0.359687344389725 0.155732301792101
-0.0849915157031686 0.0435565744136415 0.0116100930896568 0.248684686829804
-0.0029051317294307 0.145557291216196 0.179495664468444 0.122332958417999
0.127783640509805 0.133307472902555 0.187536518194787 -0.0289628064389974
0.18482196692963 0.083258356001175 0.137475665588533 -0.0994856572036976
0.147888446831565 0.0703611716392616 0.0866312650246001 -0.148913254614603
0.0650945591488669 0.0701589971696819 0.143168444707397 -0.171630789902315
-0.0435252964393779 0.0426682091830251 0.23214914682165 -0.0149718261818803
-0.0255230805573939 -0.112149918857492 -0.0460045201299571 0.0769138043218282
0.184909890609473 -0.0580664526887809 0.136086965018873 -0.209937817248847
0.319918965074173 0.16950370144641 0.207021213257613 0.18127472232485
0.0234059284820587 0.590624672804163 -0.0827892678943162 -0.17507234021112
0.0198096795925855 -0.42447461402293 0.0533213460460341 0.361882342414989
-0.291436847812427 -0.145312665584266 -0.0880813901171748 -0.0704809606678598
-0.171410665743646 0.111896729204538 -0.10192928927582 0.206912093223072
0.0359828594642691 0.177445082856024 0.0840469935373457 -0.0515201906860451
0.172468619345955 -0.0172086435518641 -0.20757189403479 -0.013388520909266
0.0413870922880718 -0.141099947350952 -0.153565981419695 0.150319982573097
-0.0624164886936199 -0.119835369808375 -0.104034443816252 0.124965321683432
-0.107011001809566 -0.104453927633777 -0.17391861237551 0.0593907150442037
-0.0966772502135562 -0.122512736659061 -0.243836141018403 -0.0407938191240521
-0.00480637857055779 -0.157651716420192 -0.175533059723968 -0.21877723976327
0.133224171879771 -0.0759306164280488 0.0752571288420438 -0.282902568528604
0.0870806919988657 0.0968699649580327 0.419834571413857 -0.0771463999146394
-0.0361809320396593 0.0841249434748002 0.328302707525105 0.524703919880443
-0.212219059965778 -0.0192219577505492 -0.205797906722578 0.657633888789815
-0.0147910937452728 -0.314084685157917 -0.476466265123793 0.692564193415325
0.0715476907846951 -0.165806099056419 -0.00503845103274565 0.427618416087291
-0.162262473185165 -0.143805463905449 -0.12162728830325 0.0157649562563464
-0.180182016346867 0.135624660792905 -0.0937220074435079 0.259843572754229
0.0918328085610502 0.227770292709331 0.138159880598 0.0149408001868581
0.273802615512779 -0.0206035215709549 -0.124512272860085 -0.0269779438104167
0.117221125195958 -0.189303583980558 -0.117194622259805 0.0974100380274775
0.00571208419114573 -0.159700981931935 -0.105044059504382 0.075505591803701
-0.0254360253705529 -0.115181440265238 -0.202937251476373 0.0157503150971917
-0.0286520564889542 -0.0981051802203893 -0.278605977051638 -0.0858097911198089
0.0143842392573779 -0.117571303270202 -0.185754034233669 -0.284165736293108
0.154374287508142 -0.0614000579350376 0.107546554183135 -0.325852579935591
0.104686689089168 0.174391475803526 0.429629578657056 -0.0614981478637673
-0.0698288168755422 0.0838624978357301 0.339295458937857 0.470902368714791
-0.150083661092908 0.148063528558213 -0.1579503116995 0.724501442929211
-0.166977193471163 -0.0569444037504329 -0.504499516968207 0.729328479068745
0.0769344134980603 0.147002150999195 -0.065637261633913 0.372148446438979
0.058101051985143 -0.0513486965291017 -0.218887587070249 0.00317778107752682
-0.125413141267664 0.0723205074305374 -0.177762524389536 0.330797500896278
0.116926403210373 0.237451321391307 0.187965369779871 0.152969956475384
0.3230159899641 -0.0299357184605736 0.0194200894271342 -0.0271938749919168
0.15958080277153 -0.207409379248862 -0.04160123960752 0.0138097783488328
0.0627445551760384 -0.170715692878475 -0.0830061975726879 -0.000533313316386942
0.0599703588274262 -0.10697520694597 -0.198309977407323 -0.0318258665952593
0.0571391410681473 -0.0638308592787077 -0.274987284279971 -0.108358082303585
0.0588930730726249 -0.0570371720504155 -0.20420173298557 -0.293025665545141
0.159845289614536 -0.00599657918654377 0.0794319744879009 -0.353771930707136
0.102821791712995 0.240493724761457 0.407283929830358 -0.115511365474325
-0.125538551883019 0.113540110509703 0.383288456350387 0.332302430386147
-0.0861906928404188 0.223159365386565 0.0286687319064089 0.730349391121238
-0.244724232285369 0.193503802224511 -0.444440036154036 0.733775243681791
0.00246981900679636 0.442995666477772 -0.0928396353715341 0.198091596393146
0.225249314217759 0.162322278336794 -0.307936834836455 -0.0982507415437149
0.0323584353731693 0.0276999928902468 -0.317472300182755 0.327230578223169
0.139777171705069 0.186003453952602 0.165273498943586 0.312433127190442
0.307392256638578 -0.0431349043180522 0.172175124378684 0.00887997594633977
0.160832391940722 -0.178767340322045 0.0537460346837523 -0.0627988518860302
0.105975836011261 -0.136660942043956 -0.0438197311139563 -0.078739841407849
0.138492052772386 -0.0820390746592913 -0.161827376986928 -0.0772267986208665
0.142451465937327 -0.0349846201224945 -0.231743039890425 -0.110301344678233
0.127523836248286 -0.00672147024930488 -0.185994553823228 -0.259196604871096
0.180119885459591 0.0692553892521476 0.0357816170722134 -0.330837621979479
0.0798173980040185 0.281514255873467 0.323481243019213 -0.177585206486066
-0.131534292041692 0.127305634846974 0.406172650955444 0.149749667238036
-0.0160897778535924 0.264304167942321 0.242354588620974 0.668166403217679
-0.236514642178128 0.411948506822047 -0.333194797166279 0.668092580421196
-0.14587524153494 0.63614623716662 -0.0480895938697502 -0.044127393057585
0.251873128546287 0.39424761275581 -0.341150488116639 -0.255989888631956
0.190253171293976 0.0641568595403474 -0.452726265993322 0.219914839560079
0.161314427821938 0.114820269785006 0.0650697795934714 0.425004016280579
0.233589530884971 -0.0481389909950034 0.267023100979196 0.0766111823991925
0.124056999770418 -0.108415676593685 0.14016950928492 -0.0993005896836892
0.137519737825274 -0.0677335731667071 0.00806303537065148 -0.129547863143438
0.19605416437132 -0.0458261133924701 -0.09962043256492 -0.109257337711364
0.202715694961198 -0.0162213528077706 -0.154495929053598 -0.111413221503852
0.191384182279697 0.0123328304005233 -0.12515569026337 -0.206673307872464
0.204458574500677 0.119406401668468 0.0310856573714089 -0.245846143070286
0.0523071274273849 0.272689269973682 0.187916557638609 -0.168106891157832
-0.0621328328400031 0.114028621342931 0.374750260168451 -0.0531195576344542
0.0829541924275374 0.288988504244984 0.401550210938966 0.553370537811714
-0.161921939741439 0.578449539861679 -0.22227561586947 0.525545372213796
-0.263657620054194 0.699479885134569 0.0791758804140307 -0.290140488764641
0.196293532063113 0.529777986902029 -0.274620122489137 -0.418015058578149
0.265287451631618 0.0998215154393404 -0.515864676920242 0.0150221893180975
0.146770704369495 0.0521241790314998 -0.0906800280760853 0.435026083358077
0.124447811714213 -0.0312035177640508 0.263930643411136 0.148326648204586
0.0712413259311199 -0.00834474852699033 0.188943783915426 -0.0759347917803749
0.152498809764217 0.0225587546705394 0.0671268680369552 -0.132832946395506
0.226461569936396 -0.0030197203842095 -0.0220733911475285 -0.126098843005245
0.224009654831752 -0.000988016858170039 -0.0612956356403412 -0.123428806550647
0.208460473196345 0.00987726973746698 -0.0227983917851455 -0.177937913354058
0.182812837616077 0.121909377925336 0.0943525802502224 -0.138539351073059
0.0225254310348359 0.180012872453422 0.0633568119301474 -0.0731991179105167
0.0489693518936273 0.054747969303695 0.277839808545984 -0.193090049216733
0.18968590583791 0.279765595897297 0.438163875247632 0.420605847238639
-0.0675287218336072 0.669843764792586 -0.145658877716031 0.31247061347118
-0.284412845357127 0.662506526786821 0.249087159111627 -0.482760635295636
0.179680639319876 0.499808335386762 -0.111627306783452 -0.521912406231891
0.229408766750293 0.0489246907016455 -0.459186007651161 -0.232487832730785
0.0654562442630566 0.00860750544091656 -0.244400210922405 0.32479944993134
0.00791535474018629 0.00725533394592879 0.158055108218637 0.208237978389971
0.0254364858563601 0.0861371768705536 0.195039315331327 0.0117013923955569
0.154329604946042 0.0921358624806757 0.127214096570772 -0.0966208462655577
0.22299015449024 0.0423087472387104 0.0624613659350918 -0.122578385111168
0.202069138618974 0.0264825531296795 0.0251453541146772 -0.1409331136224
0.15703975645443 0.0295318580968913 0.0819491579230586 -0.170908880756409
0.092504192096355 0.0857007606347714 0.181511693599258 -0.0581360693095
-0.00148263891103571 0.027431221221625 -0.0119131030869149 0.0314861337155203
0.151658232705713 -0.00692194512654017 0.186376056110167 -0.240898653307352
0.276842479107068 0.229035428856507 0.351204476573319 0.297944650862678
0.0112447649610961 0.679818418417565 -0.109517071881929 0.0601808866661402
-0.179734529239671 0.527029321357597 0.415559595528485 -0.599699729388576
0.207101998383597 0.294906559282159 0.100217735293588 -0.573973895145027
0.11376830801061 -0.0373513942290993 -0.343490989720268 -0.444278516076205
-0.0140409593298227 -0.0268923874635717 -0.359954979128496 0.168559518305153
-0.0856367466805019 0.0440930740556469 0.0180709487189037 0.251067014832278
-0.000979330017522902 0.146489866111098 0.181292263441501 0.120809777990275
0.13233666877424 0.130946012994659 0.186728917013272 -0.0248017301392205
0.187002794810496 0.0792243110928694 0.135753066789844 -0.104783560254778
0.149334667616439 0.0690530680354903 0.0841774578258238 -0.150856012563858
0.063492834793166 0.069900873736141 0.140575334143602 -0.177917528287311
-0.0424151958056905 0.0433759228674841 0.232945848346108 -0.0178993787283572
-0.0260451377067454 -0.112360807255348 -0.0453087878587716 0.0767885546474492
0.187116322586423 -0.0676034442580863 0.135704529163433 -0.210328101736583
0.323140620869114 0.168060451921548 0.210920398792159 0.180237266464026
0.0261437849108761 0.590696129119515 -0.0845016131842358 -0.176160505603851
0.0167162050420493 -0.427798135061254 0.0566075207934369 0.364487484416757
-0.294432610330395 -0.144140771017414 -0.0885488840360771 -0.0705878052883792
-0.171239736837977 0.114350215902019 -0.101046688542474 0.208779307692139
0.0376241959687459 0.178268453951607 0.0849081733399597 -0.0526319764867367
0.17318332688839 -0.0197769609561106 -0.208624558005595 -0.0104184008036483
0.0390696651333144 -0.143091751264976 -0.153172495398313 0.153697694993277
-0.064167185835588 -0.119631243747303 -0.102538278476397 0.126978461799189
-0.109080927238876 -0.10459155130729 -0.173652052205067 0.0616165873592281
-0.0980304711372717 -0.122348705579517 -0.245097816530011 -0.0388957950221919
-0.00544132826101125 -0.158723454160184 -0.177961936640415 -0.218972465599476
0.133449770430258 -0.0768184899528542 0.0733669831119228 -0.285044458656412
0.0890394704101873 0.09686482921972 0.421696956136362 -0.0813829085414439
-0.0353847773811575 0.0854202183107326 0.33240442789503 0.52506306253717
-0.213923943822193 -0.017578152854409 -0.204114236018258 0.662859177418306
-0.01732040077734 -0.316002758039322 -0.476665326276127 0.700126115073081
0.0685945912745879 -0.169266633427887 -0.00285799281656189 0.430178485174567
-0.165321291204102 -0.142533929444671 -0.121367474519472 0.0160429454173269
-0.179498707754052 0.138366678229308 -0.0933597530802503 0.261384589078677
0.0935051595346207 0.228329555785347 0.139269811166958 0.01448772024888
0.275276031328021 -0.0244606640234825 -0.125829324422461 -0.0249793975560341
0.116284150032899 -0.191646346937552 -0.116392627246195 0.0995380797776602
0.00455572183677847 -0.160303535385136 -0.105404397689093 0.0762185298591613
-0.0272101883800326 -0.116051946745479 -0.203148748772623 0.0184754732297584
-0.0297139965300916 -0.0981175459116365 -0.279995436668083 -0.0828657867973117
0.0125377059208866 -0.118928080471296 -0.19247466717827 -0.282479771905975
0.15450100199633 -0.0626894137008935 0.105941340850096 -0.328921557427345
0.106571563212549 0.174835537241777 0.431005178636848 -0.0648900987615222
-0.0696464241843373 0.0852251970370739 0.343312495799811 0.473002806711528
-0.149762846766352 0.149948607631818 -0.153054622033345 0.731329674488117
-0.168611430406716 -0.0558851070763864 -0.50238937916603 0.742104905257021
0.0767482702623556 0.147324626558447 -0.0664774171975186 0.373050804562018
0.0580952480862427 -0.0516385583694264 -0.220836569263307 0.00518794610043568
-0.124736295441453 0.0742449238214376 -0.175167323830164 0.334130511226482
0.12039022153569 0.238556824260887 0.190439462958903 0.153101932691588
0.325102713096144 -0.0343542363249848 0.0197553821775144 -0.0277974753291254
0.158166532248783 -0.210782211506618 -0.0412430223761979 0.0152233658446112
0.061415779197103 -0.172548101636177 -0.0829756438399941 0.000829373975796866
0.0594524407279173 -0.108818408657629 -0.199457195802625 -0.0307074340831276
0.0572391085336583 -0.0650715924575279 -0.276783165682199 -0.105880890668615
0.0585963140523718 -0.0590450509253223 -0.20722683925522 -0.293209553743159
0.161086710188957 -0.00784306218265282 0.0777552831765938 -0.356643965467486
0.106588042585914 0.240745494732707 0.409383878834449 -0.120475858866201
-0.125657446387568 0.115779769423808 0.387217898498146 0.331223251412821
-0.0851889217102649 0.224625658740277 0.0329180561740215 0.733710440172685
-0.245207098615606 0.196208245707451 -0.4423913576679 0.739485307632375
0.00100901103938497 0.444170495844766 -0.0913816810771772 0.201221140752599
0.225543741455792 0.162384964968517 -0.310647739254654 -0.0966386779237915
0.033868904481868 0.0288504819977023 -0.31662710146106 0.331575546082738
0.141921520999707 0.185605559581051 0.174720878421462 0.312878960730042
0.308232572430198 -0.0465228189368438 0.174376766939628 0.00636553265261961
0.159578152432025 -0.181936178536759 0.0535462949545675 -0.0639074021706601
0.106910280494586 -0.136269700218433 -0.0433395796532436 -0.0789201756534606
0.138438623884046 -0.0838271898240028 -0.163598963346648 -0.0747344188497262
0.142311589941558 -0.0370148822119832 -0.234717115886506 -0.107567199890896
0.131044334368132 -0.0136312047711928 -0.194960131566983 -0.257590879797389
0.184800644160235 0.0659924898332614 0.0326541474424413 -0.333437174042443
0.085593118801322 0.283763485500545 0.32329881910599 -0.180626923217887
-0.129339960703328 0.136733187308971 0.413366485528204 0.145167677187687
-0.013684955115914 0.266576734848144 0.250039944653877 0.671449825245658
-0.235416027457173 0.415630186039603 -0.331831459746502 0.676218923550122
-0.136164732127056 0.646993415961385 -0.0480171358033204 -0.0453637934944631
0.256385226621811 0.395269938114832 -0.345276317394393 -0.255706449397395
0.192392856927799 0.0636052957024693 -0.454894802151926 0.224661301467733
0.164940123348904 0.11479583024647 0.0687000053563343 0.428610279926688
0.235231000435514 -0.0516256479284998 0.269172906444522 0.0737523414097054
0.12395196603635 -0.110550058354682 0.140369401096305 -0.100726705700063
0.136852511495943 -0.0697391490046951 0.00692602871192047 -0.130787702789595
0.196303661839446 -0.0484198261514281 -0.101071809904358 -0.10918189048243
0.20328493310021 -0.01831467563693 -0.156285234881189 -0.111355964666354
0.191980431096606 0.00965760449271291 -0.127448524504012 -0.207853848367213
0.207079287823815 0.1192549280425 0.0299550699734224 -0.246437653799638
0.0549625359882843 0.273898393958071 0.188556647589175 -0.170465733565977
-0.0621129716025998 0.11567812046649 0.37700526361182 -0.0562494470568246
0.0851989458515862 0.289099540480772 0.407948266342919 0.550966965086854
-0.158339125374043 0.58134757469349 -0.219682731275125 0.529358046965057
-0.250442175054515 0.72076940493454 0.0779163638671645 -0.29219788361617
0.211036093006651 0.533182225007564 -0.283311655089173 -0.417866130666017
0.266459162870554 0.100129238143246 -0.51913513344806 0.0202817218673288
0.143762593828697 0.054632771748094 -0.0786823673013634 0.444554336367821
0.125384337796979 -0.0313865216514902 0.26639609121573 0.146986012191815
0.0714850536129507 -0.01022552767907 0.189414863981205 -0.0763941507075658
0.155846409523298 0.0134050221113196 0.0652406042334078 -0.136917397727195
0.228642759981957 -0.00734615462815358 -0.024631388183468 -0.126674235656051
0.224900228531671 -0.00232377019592866 -0.0618216825980642 -0.122814967827505
0.205601866219393 0.0179031048029991 -0.0238215844654727 -0.178598627698165
0.184566321162355 0.122474417430526 0.0938874584891652 -0.140849118569437
0.0285351909249266 0.182271655667659 0.0632781075968584 -0.0748335614011704
0.0533109375950071 0.0562403720489278 0.279219258825338 -0.187250154250621
0.192797692010257 0.280320622465789 0.441141134835767 0.418886321574248
-0.0595402447919033 0.6765941570531 -0.146392050663694 0.313981175650146
-0.273705509050245 0.678469040887083 0.247377107768658 -0.490154046341526
0.185714199744015 0.501388295125449 -0.117209551057436 -0.522648456723229
0.230106387301495 0.0473944182351927 -0.463966656555187 -0.231341173156941
0.0657321109917035 0.00734612946455607 -0.243913584688545 0.328305206982215
0.00868302630029246 0.00678703877852801 0.159688607100391 0.2076775101983
0.0260412683255738 0.0870735574422674 0.19621394496987 0.00927274940928187
0.155945388679758 0.0909412985948053 0.126839084330956 -0.0987834503215505
0.224743904590167 0.0399246100395861 0.0606700552160492 -0.124806144442065
0.203181136949556 0.0242142695671467 0.0232182456468714 -0.142335444929857
0.158809040164283 0.0276211822754524 0.0812184196142176 -0.173677400583214
0.0942466521532309 0.0853811793793493 0.182069682807149 -0.0598179912828306
-0.00110242326141059 0.027309491060786 -0.0115967484651001 0.0307821391330326
0.152566632795701 -0.00872739176353065 0.186525720161248 -0.242923225876932
0.279188026287494 0.228855124620277 0.353933600527005 0.297885021023129
0.013601701804458 0.682086243526723 -0.10893429674086 0.0618510146910548
-0.168966822467914 0.539997903398417 0.411733556874529 -0.608283703994204
0.21337013876996 0.295232327052018 0.0953082195042353 -0.578177115125597
0.113670014834662 -0.0389895582959106 -0.352137533498611 -0.443555696742219
-0.0143630640824818 -0.0261735802547648 -0.361031390617513 0.177823976573421
-0.085429258847323 0.0443301777259891 0.0192244686860663 0.252071140597211
0.000869260469185913 0.147414424411788 0.179604599102804 0.123054483563965
0.138415131577554 0.128001885880901 0.186862693312052 -0.0305356084331687
0.189267520733421 0.0786877669033126 0.136139081770172 -0.105824289805189
0.149156358034176 0.068666587631193 0.0853914553108218 -0.149956653790221
0.062851586253191 0.0712821643068723 0.142174570204286 -0.173309584409514
-0.042396532787771 0.0442062254069627 0.234211108834675 -0.0225449794215303
-0.0286828251693413 -0.113583491685436 -0.0445944587505988 0.0773223032894378
0.187523430025569 -0.072178389778183 0.130428804878875 -0.223313574435206
0.329416543593787 0.163353745392251 0.210667919920247 0.181463781930232
0.034322747988508 0.596320459178098 -0.0861451312834162 -0.177237465815829
0.0135483807702597 -0.428847316577421 0.0588746726693619 0.365677291156946
-0.297743361063125 -0.142440379994397 -0.0898219344335257 -0.0692987717493438
-0.171001909726443 0.117008138668903 -0.0996965582354228 0.211539900473738
0.040365061826843 0.179579878317201 0.0845565811973104 -0.0528868778090865
0.173863586266169 -0.0219694863972704 -0.208941502170634 -0.00886575453451495
0.0387286266336793 -0.143053849449983 -0.15179077170164 0.157146984282938
-0.0659607509136997 -0.119869580002409 -0.102415179824468 0.129220090088528
-0.110860990002588 -0.104041404239689 -0.17360325992527 0.0640494509975408
-0.0999275312154757 -0.12139749455439 -0.246682491529387 -0.0369069295782465
-0.0080899154609025 -0.159280858915998 -0.181138822663666 -0.218393854274682
0.133221930189657 -0.0784728377677487 0.0710541003059082 -0.287523519369947
0.0899420977931131 0.096999982383121 0.423658907892663 -0.0843931517000644
-0.0353569176616428 0.085724037651496 0.340060726992459 0.526090857102252
-0.215390757338543 -0.0158301799997656 -0.199101945302073 0.668368253958899
-0.0195344757719369 -0.317885167897757 -0.472801971257759 0.707015719173668
0.0668528295279661 -0.169888116874205 0.00139254250708208 0.433785551468951
-0.168567973818614 -0.141494871523558 -0.122066347293389 0.0177381444372161
-0.179496159322811 0.139488068363172 -0.0900474215667561 0.264007804681841
0.0949144715714094 0.228757194105727 0.14022000467119 0.013733361789733
0.277026601597713 -0.0259500244358684 -0.127397418148307 -0.0240816084430124
0.114594671269098 -0.193804383977194 -0.116775447430229 0.100565217965249
0.00213872266910228 -0.162775716090859 -0.104110206846967 0.0781913436723253
-0.0291170871301732 -0.11659949773539 -0.203798897800504 0.020267111519432
-0.0307470119436605 -0.0983664026223036 -0.279574701547983 -0.0850283799623539
0.0124357932229802 -0.118342063648746 -0.197334466817827 -0.281916027312821
0.154587935708877 -0.0632659747162075 0.103989249331594 -0.330154938171277
0.110356578596598 0.175489667400444 0.434173863148955 -0.0696956706370289
-0.0684519543854916 0.0906111697793121 0.35550406769777 0.471363895799626
-0.149068683370753 0.153459940207075 -0.150376362576678 0.734617467133721
-0.170449898788116 -0.0549056025662454 -0.499951925480004 0.745438834148079
0.0775459073181367 0.147601317079091 -0.0638636596177964 0.375341515252899
0.057336301795304 -0.0525222041084052 -0.221751387671999 0.00706920991880698
-0.123934723823732 0.0760312834815731 -0.175443568670157 0.337214309272965
0.124499858328017 0.238704661403089 0.193399910563678 0.152617759128629
0.327337353831883 -0.0393917979873868 0.0194993890064331 -0.0277706824026515
0.156759012013844 -0.213360794342648 -0.0411639333966847 0.0162429910189311
0.0593122431922911 -0.174633451989033 -0.0836547501146872 0.000735019658729826
0.0584228119725057 -0.109976570434414 -0.200361567339565 -0.028904549383073
0.0563633982163275 -0.0652197503119238 -0.280138307839674 -0.103612960053294
0.0582827227547537 -0.0596586328099735 -0.212940352454149 -0.291903423858956
0.162853951573852 -0.00958290265944361 0.0754154370746835 -0.359611480783473
0.108987038416993 0.242022224086761 0.409023725182442 -0.124035065850733
-0.126056169870057 0.117418800329805 0.391479513657159 0.330588858617356
-0.0848825432413027 0.226334474999937 0.0377682597810987 0.739036320401706
-0.245541115868659 0.198729037292461 -0.440852775787517 0.745973089291131
-0.00207265116657345 0.444247348542996 -0.0918971550293127 0.202062524884493
0.228369473642072 0.162301268209612 -0.312769584510303 -0.0958738372737759
0.0334498119109709 0.0282595766517966 -0.316805846263882 0.336258402201759
0.139394590797676 0.187075805777838 0.176314728000757 0.314172188704394
0.310393508442002 -0.0490476644493911 0.174944910481834 0.00406369407749816
0.158186703801199 -0.185717015625419 0.0535614943941999 -0.0645797987183582
0.102680513922536 -0.143500772202399 -0.0439892925368922 -0.0790604410647721
0.137988763685208 -0.0873577409732987 -0.165190640621549 -0.0745867241700756
0.142128177823482 -0.0382463398736708 -0.237102876499981 -0.106192637583669
0.130839297849366 -0.0144936765963359 -0.204147942333587 -0.254881246524252
0.185101194833044 0.0658437125660717 0.0300753872989601 -0.335349329719973
0.0864496788280561 0.284309120047409 0.324936233402745 -0.184669609975688
-0.127144264090039 0.147500739583039 0.425447202612562 0.133346573923781
-0.0123442445740957 0.268111540281145 0.254469058279628 0.673615247041652
-0.233762944849554 0.421511909410726 -0.329575834012932 0.678573571045092
-0.124369558188149 0.655835528338888 -0.0489603393091277 -0.044450714044868
0.260451584002031 0.397207628574184 -0.349072287690028 -0.254515975721836
0.194854990117246 0.0632600678113484 -0.455769862039052 0.229133813665057
0.167711853235034 0.113963913860349 0.0723499851816446 0.431326906292627
0.236162589981704 -0.0544013959945227 0.271460851090511 0.072211212415521
0.122977307839153 -0.111984947875323 0.140481973995631 -0.103441288068048
0.137083991692962 -0.0715060378790497 0.00553613284476252 -0.132109432076557
0.19663820254598 -0.0507784691536431 -0.103119889973394 -0.108258436106552
0.20402817305737 -0.0209372667068552 -0.157826083176858 -0.10975784887058
0.193762167452572 0.00793491863075279 -0.130404884650708 -0.207194281419053
0.209962913390131 0.117448875561279 0.0280395426186673 -0.249346865015509
0.0581572926140488 0.275415959950044 0.189034231158511 -0.17336558746273
-0.0617471443995981 0.117893518343978 0.379454202259191 -0.0580786492856799
0.0875043673471972 0.29157628943603 0.413135949277207 0.552052826745746
-0.157479361186132 0.586349112909637 -0.217828331648173 0.533516607684352
-0.241014520915177 0.733766606897875 0.0702932356286849 -0.299234868739978
0.211729700547109 0.535233958963303 -0.288163292856978 -0.416905704681293
0.267212655226555 0.0995121268833774 -0.522516796649744 0.0243785175027109
0.145413458963785 0.0538886543011687 -0.0849888564582708 0.440800264817299
0.126923873370306 -0.0348719461567893 0.265477006896428 0.148311640012796
0.0714755517984703 -0.0119467933088732 0.189075269709071 -0.0749163923481186
0.156487741590697 0.0112834463826399 0.0624039194239501 -0.143753179210187
0.227347016353231 -0.00826635473041594 -0.0236831050268982 -0.125347742023241
0.225428079074724 -0.00384451470901309 -0.0632008588172466 -0.123436011843028
0.205582167054176 0.0168464944141819 -0.0201961641590344 -0.175906815103728
0.190105935665565 0.11795303366409 0.0930990882404518 -0.142961523167917
0.0319929015863164 0.183689478840349 0.0641110287936677 -0.076187853744373
0.0558346626147799 0.0579117690233636 0.278254140064555 -0.202552072876495
0.199295216545749 0.28051059119366 0.445729021313256 0.417498786661162
-0.0525014669254373 0.684668895594499 -0.145560848303414 0.316114485043762
-0.264548689897722 0.689592029440779 0.24185273345227 -0.499684886378217
0.191095275795759 0.503984063749296 -0.121037539684748 -0.525668055316159
0.231843175165902 0.0465534683267828 -0.468283808972471 -0.228999052533793
0.0673758343957876 0.00723518659508465 -0.242244667569754 0.332829956676169
0.00857498973211279 0.00681717623958342 0.161429224576781 0.206227389239321
0.0268067947801051 0.0871251770268502 0.197274358989032 0.00708528152768047
0.157717688006663 0.0891332435319712 0.125825635954572 -0.100372891806346
0.226807733515852 0.0376966734564385 0.0591601685165087 -0.12600279585242
0.205259688157926 0.0225002693204992 0.0217786128557754 -0.143531163585783
0.158592857256862 0.0270865987602943 0.0792946759707787 -0.174742393762812
0.0953738707374627 0.0851665864953087 0.18327626706401 -0.0637587956254279
9.07207390246674E-05 0.0274586401370292 -0.0111607157013602 0.0308604484044943
0.153109587669982 -0.00875950973382487 0.185239489337589 -0.246658570224464
0.282420505601796 0.227950108838266 0.359522947466293 0.295905668912944
0.0202358544785751 0.684125231487717 -0.108794615295406 0.0623678078787821
-0.163349515133259 0.547633282947307 0.40191625171654 -0.62966332300007
0.214823216097716 0.29531179504978 0.0896800929420202 -0.584780381115439
0.113198724042654 -0.0387399111569443 -0.354362419999096 -0.445025250485028
-0.0132650271598191 -0.0265605915111653 -0.361821618534893 0.171817683276778
-0.0850504052064271 0.0452223330014935 0.0168757085675945 0.2511458253218
0.00194292142436692 0.148246911212854 0.181425136349491 0.121451003066982
0.137834107479544 0.128488643435078 0.189286930782834 -0.0400818710212477
0.189556492240751 0.0778108435368065 0.136423047601741 -0.104525130421964
0.151332181653474 0.0669882108156757 0.0838557897348572 -0.15151604027089
0.0650476842961337 0.0702151938891724 0.143107306563558 -0.173733250490348
-0.042640181820358 0.0452016624939307 0.236097744165853 -0.0232493884329187
-0.0306064017690433 -0.11411426648356 -0.0441299902718442 0.0781895774649026
0.186919843950033 -0.065621599691679 0.129430070230901 -0.227011841094649
0.330597506854001 0.162335018497933 0.212353189573955 0.180537089340627
0.0411739998421218 0.601785494026455 -0.0871787327123463 -0.178450694536735
0.0104187481490315 -0.432219636701742 0.0627439155044404 0.368241600476824
-0.301247288273604 -0.140721844003198 -0.0909061687033399 -0.0687904660595262
-0.170522724843548 0.119143315956397 -0.0977517767145066 0.212647570774542
0.0426469559827846 0.180334165688331 0.084703397613455 -0.0540622401973481
0.175056813245111 -0.0245841185740664 -0.210827444626316 -0.00658193913101481
0.0370389812378461 -0.144807940773221 -0.151565051053043 0.160188638148564
-0.0677433131603713 -0.120146246357353 -0.0993799564486899 0.131414338186495
-0.113418984968083 -0.103695952857536 -0.173373926577614 0.0657782009009648
-0.101809744110776 -0.121767125313872 -0.248737351709144 -0.0337357351317593
-0.00875712769489311 -0.160212863308951 -0.185510656283236 -0.217551425188232
0.133094230705591 -0.0804294089927702 0.0698682401030439 -0.288905257278468
0.0913586738564718 0.0972206936639492 0.423439834299603 -0.0867736942155104
-0.0346366621336895 0.0864392740339135 0.346454898338387 0.5280851645451
-0.217131651813328 -0.0141838489320104 -0.197183211126552 0.674199790277863
-0.0222529450422416 -0.320169967687295 -0.470613017043428 0.714815701410067
0.067651097060958 -0.169337893451863 0.00487759226201751 0.437780733477615
-0.171017384237531 -0.141413850932372 -0.123129921083711 0.0197061762260578
-0.177179417632832 0.143369057117068 -0.0889389795212167 0.26627137571325
0.100158811280691 0.229342905197434 0.140914974066071 0.0132824594656734
0.278908093146007 -0.0296881134814121 -0.127383027527011 -0.0233375074839699
0.113538212462373 -0.196212763431712 -0.11593835883098 0.103550144101918
5.39318560091335E-06 -0.164822195118993 -0.102926636345341 0.081068684404017
-0.0306727548710973 -0.117580059826806 -0.204472149844695 0.0220468915300382
-0.0320859509246827 -0.0991412279173094 -0.281900414938413 -0.0811862695600677
0.0119322324458081 -0.118753579386072 -0.198562933991883 -0.281329845952728
0.155702519864427 -0.0663105242684377 0.102241747158737 -0.334539837661631
0.111995043020112 0.17552508680228 0.435130013486726 -0.0731691949740026
-0.0692374976953618 0.0912325751817388 0.361540603267329 0.470993118506975
-0.149312031726485 0.154508759247896 -0.146001702911737 0.739679929079183
-0.172524658766424 -0.0541148885208623 -0.5017751682341 0.753109708119577
0.0812309834657019 0.148659387934934 -0.0598593175370139 0.380653665014429
0.05707135212291 -0.0529343664299378 -0.222598217109583 0.00942251009718312
-0.123415010545915 0.0784673989307341 -0.172712626682693 0.340682441934135
0.127289175442945 0.238359438970442 0.195919144371534 0.151208138519327
0.328925173476527 -0.0432831144967366 0.0194383675404255 -0.0284497057590405
0.155815204064172 -0.217368642479415 -0.0417360160113187 0.0170738319029078
0.057903810324512 -0.177397580106996 -0.0835701392054749 0.00175474982108863
0.0576798216850501 -0.111819309007791 -0.202125275853892 -0.0270018250223162
0.0562128716020808 -0.0669988380832805 -0.281591649057482 -0.102181211632337
0.0570500475280435 -0.0604045372898414 -0.216362619166056 -0.291611772765218
0.163700780167949 -0.0120547490655961 0.0718033286991925 -0.362169635069087
0.113838370776086 0.243017409384989 0.411003029193934 -0.127404305866949
-0.126654244712273 0.120490192815748 0.396606527646109 0.330061754566776
-0.0835223450882704 0.228309869377936 0.0422919077752947 0.744723585064922
-0.24586984959103 0.2026081666369 -0.439112368335657 0.752661693151605
0.00778454520017491 0.449886265903263 -0.0913837007959559 0.203493377592359
0.232686653228106 0.161478775255895 -0.316181594209837 -0.0931438711832256
0.0339375562439371 0.0288391854549343 -0.31606032521497 0.341571454247723
0.144839837330044 0.186990699344268 0.174561707486087 0.314648294865417
0.311985780915148 -0.0545503838558163 0.175568570243071 0.00418182654570183
0.156889536445576 -0.189427532460207 0.0534085155811063 -0.0649487026225672
0.101208735703593 -0.14843902160723 -0.0455837091186896 -0.0799016124947692
0.136718074354856 -0.0898553964519506 -0.166634214239997 -0.0729242174113875
0.142307041012783 -0.0394431191523607 -0.238500124169105 -0.106158457307506
0.128526431959647 -0.0100013301162779 -0.201428054828727 -0.255915735863671
0.185533532803787 0.0651997924631453 0.0276260592279095 -0.337929028096381
0.0872307463183685 0.283663823087798 0.324418122854598 -0.189723314535587
-0.129342911986516 0.141976988017062 0.424937261869196 0.135777047830244
-0.0106096928148075 0.270168073660533 0.26279914715031 0.675145061561544
-0.231628284898245 0.426543133198613 -0.325793817201889 0.685903945862854
-0.127835491355074 0.658261368113547 -0.0492128000140809 -0.0426882008549196
0.266726953004736 0.397183687943926 -0.354518958386373 -0.252441486791965
0.197013451227841 0.0620041919576216 -0.457324598654738 0.233835993401919
0.170423160226399 0.113233948533518 0.0782898134757964 0.433303994078275
0.23742403414382 -0.057936061649096 0.273619855108352 0.0693256087325876
0.12176764528742 -0.115085371978821 0.139893191378974 -0.105104864245631
0.136830066850963 -0.0736832486496975 0.00368149567376069 -0.133501703438121
0.197597966330458 -0.0536120821831717 -0.104991284964753 -0.108679930382822
0.204760195537719 -0.0233972954345112 -0.161267422293232 -0.109599391945864
0.194108286273182 0.00539903532972745 -0.133499273235624 -0.206570615033399
0.214135670603111 0.115692106441468 0.0256655019202105 -0.250757063968335
0.062802603813054 0.276609944014526 0.188718416417849 -0.176527954560849
-0.0612726772735831 0.119770785870393 0.381063636776495 -0.0617530929777401
0.0899290300984156 0.292219801961922 0.419372727561889 0.550713185932212
-0.153211661475631 0.591682753260922 -0.213434974194331 0.537992895025421
-0.251420529901911 0.728235050748963 0.0692555026488728 -0.300523453046019
0.209278377745567 0.536808149616843 -0.291348115486248 -0.417526104471326
0.270873406188064 0.0959339673459955 -0.526398533448709 0.0278532842464311
0.153949315265864 0.0493371216480513 -0.087193006357656 0.440622296415732
0.127629164752331 -0.0369366963637781 0.268729778513939 0.14592941541564
0.0718489557964367 -0.0118215670387051 0.18964937278458 -0.0806139388817159
0.157239119852268 0.0172415588660849 0.0620938713101338 -0.142091547561906
0.229793292098458 -0.0100415744663554 -0.0253226200144483 -0.126378655323998
0.227482863766663 -0.00803926497712517 -0.066946081869655 -0.123646986342024
0.210616744751101 0.0035762712629957 -0.0244212213278651 -0.177919649452717
0.194310493021941 0.115553653766815 0.0928986864529012 -0.144697908465504
0.0304662025038059 0.183262304171153 0.0637109298082633 -0.0761793579343095
0.0514715352851008 0.0565258462426756 0.276442518513932 -0.215506810623661
0.202144864550038 0.280736765090367 0.455198961993274 0.415640367485774
-0.0536963452565312 0.685273450253996 -0.141209388677472 0.321221696817385
-0.27164902593783 0.683931307498503 0.240653151948514 -0.500441959976293
0.194458460931946 0.506000781897371 -0.124849143584998 -0.526429501590686
0.234039715208691 0.0444302776100366 -0.472336192200491 -0.226608826152581
0.0688546068331946 0.00626567674094566 -0.240664741699736 0.336420443907918
0.00975142376991235 0.0061001403853591 0.16452596791038 0.206415645465339
0.0272984949025835 0.0870408283491292 0.199269458328674 0.00530260723857069
0.158932618335462 0.0877480481630111 0.125012084959544 -0.103307428744304
0.227740208409132 0.0351015524439343 0.0585986261243904 -0.126567784184837
0.206373068000755 0.020553872924175 0.0197014681402561 -0.144874420217592
0.16022496548187 0.0248993137507661 0.0777260047677259 -0.176986535028621
0.0972016840740899 0.0843141533243262 0.182228279523238 -0.0651274940400507
-0.000396842302430327 0.028112554157278 -0.0103119669823265 0.030443863029051
0.153654771355778 -0.00987968765762237 0.185072277632657 -0.249804938923937
0.285282268231652 0.226238572145015 0.363082342687973 0.295142406399634
0.0263593583319007 0.689788872729003 -0.11008566087436 0.0638466223961102
-0.167064015407261 0.544842937656708 0.404669996518902 -0.63293355777123
0.216169237932472 0.295558477317997 0.087418807577506 -0.586228356909998
0.113591286712591 -0.0394265408813744 -0.35617195139737 -0.445796871360356
-0.0135517653463394 -0.0273120143364602 -0.361077413188744 0.171992927523707
-0.084994281213545 0.0473784012284258 0.0212616538416855 0.253727201016306
0.00253777384373549 0.149149736324706 0.189200564366282 0.116357976511709
0.136439409885302 0.130221547181655 0.188256426500372 -0.0368582164790321
0.19233544581531 0.0757048910874366 0.134369653512148 -0.108616146075967
0.154280808524724 0.0650996483809765 0.0805532459829896 -0.15613149933585
0.0680422620860887 0.0688030761244441 0.137941273119927 -0.182902533913484
-0.0417552094751632 0.0448270015433326 0.236069185654905 -0.0251981078159418
-0.0297283032101801 -0.113395002177318 -0.0434241146182709 0.0785975943608027
0.187187334825034 -0.0652075309184696 0.134140520697852 -0.21673796763184
0.33268400778498 0.162660785705375 0.216689356922625 0.178190111014896
0.0394111067657665 0.601927277892066 -0.0903768386214289 -0.178350840288582
0.00551800763598866 -0.434629489369536 0.0672394047357711 0.370794497603519
-0.30510898556155 -0.139295849876524 -0.0923779859514632 -0.0679048708353445
-0.17024030470141 0.121564703996954 -0.0971838873900854 0.215617942903753
0.045162318381623 0.180708518279018 0.0844955304045677 -0.0545272850880349
0.175798188810646 -0.0277123798895375 -0.212103691389691 -0.0038563715848361
0.0351548600573205 -0.146863951960388 -0.150474357183639 0.162332662410575
-0.0698589232620337 -0.120868982215642 -0.0988867451899465 0.132601698557411
-0.114602651922939 -0.103032437177025 -0.172851384323416 0.0675466820367626
-0.10314418553994 -0.121493906855428 -0.249355495561184 -0.031866391784479
-0.0112436661563291 -0.161346138681687 -0.187950354907344 -0.216708493246972
0.132971231805889 -0.0824938397041618 0.0673319744494868 -0.291512418870779
0.0936434688580864 0.0960587691155448 0.425670800890669 -0.0928238711172203
-0.0340708350777647 0.0874539699978461 0.351031397464875 0.526200617489791
-0.218500379355344 -0.0121283853365379 -0.193224372897224 0.679115719318694
-0.0249696477757096 -0.321095908086296 -0.470404696213702 0.722414258929095
0.067595181595454 -0.17065831244253 0.00941909248895622 0.441168068150482
-0.172187135512942 -0.140447446936861 -0.124107985614297 0.0208068858181118
-0.176932995560698 0.147989241947908 -0.0874537773434685 0.267985609895185
0.104461411125306 0.230066785157845 0.142504689402764 0.0122937818047299
0.279991120548978 -0.0354694013743389 -0.128505686322075 -0.0224046267602594
0.111530008967594 -0.199345144813729 -0.115069006363482 0.106787926739526
-0.00131620282526269 -0.164731871662269 -0.103013104000076 0.0816063935406031
-0.03162335765556 -0.117959527081307 -0.205425279613849 0.0246222923038967
-0.0331907266168108 -0.0988410186240224 -0.285559692234161 -0.0767705255641243
0.0101776112062647 -0.121167242743733 -0.203313238852812 -0.281746568319506
0.155997250898918 -0.0684925404745665 0.0985764740346067 -0.337711586056955
0.114731112015089 0.176060005113137 0.438440310320809 -0.0759402706831894
-0.0690304314355553 0.0888011905900233 0.361377818628212 0.472953842739336
-0.149398362758058 0.155730433879633 -0.142700166034567 0.74428233112042
-0.172968116928101 -0.0528704993763164 -0.49560327191181 0.763869703608393
0.0834015622366729 0.150049241136582 -0.0552167010161296 0.385071083744251
0.0566830061512617 -0.0538145255135881 -0.22472936602374 0.0112497032933445
-0.122883794278163 0.0802965039759205 -0.169958666614423 0.344077006687751
0.13221978229841 0.23862587755406 0.197888302495093 0.151424193910412
0.330169670616266 -0.0477118170034862 0.019765945724141 -0.0286077681518946
0.153633057583755 -0.220047514050791 -0.041717603075661 0.0178493224144299
0.0556886415508012 -0.179247719317447 -0.0838478553960464 0.00304278829593893
0.0564170156288325 -0.114152627086895 -0.203694293317216 -0.0245561141979973
0.0551691538510052 -0.0684343832846775 -0.284718898250613 -0.0984533840423862
0.0568713579769512 -0.0618729710037582 -0.220415682970937 -0.290449052902389
0.165166802468863 -0.0131033789851579 0.0694418570324232 -0.365697354922513
0.116374830373026 0.243598335530716 0.412621449369433 -0.132237734340013
-0.126300229384826 0.12322032568225 0.402892439519133 0.329658723904122
-0.0816366554538351 0.230544328724566 0.0499876718511825 0.745587436622534
-0.246083209049523 0.206103399437857 -0.435016085169842 0.760719679289401
0.0161720404082479 0.457700813095276 -0.0879090409237347 0.207333462526816
0.23526747846555 0.161214023013371 -0.318366411924563 -0.0915904419867419
0.0362542126912022 0.0290022648865092 -0.314955110468999 0.345247076862283
0.15394519722355 0.184890647685039 0.181764955363264 0.315376745363933
0.313897306091414 -0.0591521389505299 0.17716262222591 0.00133830883532964
0.156176659975961 -0.191397944694687 0.0531566456862788 -0.0655079425517031
0.103222573096434 -0.145399533765357 -0.0472152883418955 -0.0801541909597556
0.13639725689822 -0.0908917939164706 -0.16843244215435 -0.0716387955521681
0.143129893845565 -0.0417066611876966 -0.24163953768093 -0.103559829582274
0.129186466720632 -0.0129454965763572 -0.201380568378666 -0.256480977014272
0.188559891109506 0.0613652366161025 0.0236434642899039 -0.34041024194647
0.0955426633645883 0.287084065821158 0.325631482838294 -0.193523331409265
-0.130548956762264 0.13761278251778 0.420844850627973 0.142394911761289
-0.0094778053584805 0.270839115320625 0.271316381758144 0.675994171098207
-0.231994007507274 0.427264565018429 -0.321743641669273 0.693419234900219
-0.131959193772516 0.658029886594086 -0.0494927344692821 -0.0432733974302798
0.271047302456 0.398610271650262 -0.35777902643287 -0.252791363235484
0.198658415396905 0.0605988739290518 -0.456967077021886 0.2391527633194
0.173760566759084 0.112553603411559 0.0834913206191904 0.435326551651378
0.23965307645632 -0.0613763376174804 0.276457764374628 0.0667738234259229
0.12179173072873 -0.11748599306782 0.141394633782431 -0.106831083057812
0.136269257108029 -0.0764249702265838 0.00214806762953067 -0.134395392273528
0.19830162676997 -0.0571943354319912 -0.107029655139909 -0.10785599931545
0.205350046094185 -0.025525487986558 -0.162847331389985 -0.108650188276124
0.194801086531676 0.00292647038462468 -0.137855213700936 -0.206809631406397
0.215729530019766 0.113981992274236 0.0227411595464415 -0.253067516252476
0.0664827718353817 0.277706962030493 0.189031864348404 -0.179471549921983
-0.060769569529942 0.122267960360966 0.383324709375126 -0.0658719645190814
0.0926978177058231 0.293618443210599 0.425666528338505 0.551694310391084
-0.150695777340824 0.597015489042443 -0.211523015333581 0.543071277176365
-0.248632674054531 0.726993486891218 0.0743814783057945 -0.298335733715531
0.217468294709245 0.538550975029013 -0.29456034344092 -0.4183411003929
0.27610117069009 0.0932870246862612 -0.528473970591894 0.0303996819742657
0.156296346246252 0.0483470361737131 -0.0745140954042858 0.451084697013666
0.128507897709881 -0.0380057731786756 0.276142123920539 0.141683123506134
0.0717902571672691 -0.0123092445764573 0.19105477542123 -0.0850119980274059
0.157508352999854 0.0150539922955903 0.0621539288465542 -0.139380867742983
0.231083264828876 -0.0145573539545241 -0.0284454292291116 -0.128588919931222
0.228270750625095 -0.0115145658074826 -0.0690078743928121 -0.12396855523574
0.211458328027796 0.00143821989885971 -0.0318767751618654 -0.180857003552039
0.192319805874681 0.117155075370822 0.0905051031656609 -0.147552139992293
0.0337198417626244 0.184349812923085 0.063625561583174 -0.0791177385291759
0.0514310676572716 0.0563460919258013 0.27849534117909 -0.20382100575109
0.201912577048605 0.281263236876005 0.460323432611791 0.414099692905642
-0.0533146902039669 0.687333415775678 -0.13927334350009 0.323576149666857
-0.271816183214031 0.685529005405191 0.242240152806348 -0.502843344106126
0.20057593075098 0.508396501779548 -0.128284949912381 -0.529175168594494
0.235326221543768 0.0427354167604446 -0.477056887073612 -0.224250060183036
0.0701816246065183 0.00604574349551047 -0.238653416191164 0.34015234080374
0.0100627381367559 0.00653485065441386 0.16744978150353 0.205872243447294
0.0283343675324956 0.0877444047050474 0.200293470643777 0.00325192854732067
0.161899216877057 0.0867999119034497 0.124824920310702 -0.105763041006474
0.230016319994567 0.0318582780665628 0.0575000217883756 -0.128797801099473
0.208535833760776 0.0173848259407754 0.0183108039722404 -0.146097212094036
0.160503941024812 0.023208429691533 0.0757424006973087 -0.179800699958389
0.0997411133264642 0.0842571321899065 0.182676873224336 -0.0690024884810263
0.000220490289323018 0.029471102532074 -0.0102179902042762 0.0309283368850024
0.155056493517641 -0.0111506043650388 0.184921217018324 -0.253058902753195
0.289622645441302 0.224963320145269 0.369317251361113 0.293398691019558
0.0308615346999339 0.694388401305285 -0.109732470923217 0.0644944781834082
-0.167048235307873 0.546812521132725 0.408699717725095 -0.625789027005488
0.222337999811407 0.295849736776435 0.0883956366733123 -0.586759640972754
0.114643690672359 -0.0423417926898719 -0.36650621247476 -0.445792067582019
-0.0140389924502675 -0.0270287266222319 -0.360369395793046 0.185626447132351
-0.0847863796972463 0.0476931892846765 0.0274906578089643 0.255050722970425
0.00385266659818152 0.150215015870881 0.190135505602867 0.116066408882356
0.142365695174478 0.126961524806266 0.188299139622075 -0.0340327547081543
0.195041214327516 0.0716883613844507 0.133262337743862 -0.114335795048918
0.156421390715953 0.0636845409199645 0.0795293660767628 -0.158290211581188
0.0675577633635877 0.070110780010538 0.135515598054438 -0.189183147176084
-0.0417891773884461 0.0458653718498652 0.236977505878701 -0.0295729396387189
-0.0313812080112739 -0.113739751896905 -0.0426237114602036 0.0792304412694107
0.188232261004751 -0.0754532611758545 0.133531103706868 -0.221093971482057
0.338084309718754 0.15901131198179 0.220776516323311 0.175853245266349
0.0442694614087616 0.606597063376386 -0.09201367937123 -0.1795938385537
0.00231505193271639 -0.437244985163374 0.0705628018850673 0.373528243537409
-0.30885427961086 -0.135673822983405 -0.0932822877573971 -0.0671654494517124
-0.169904331489913 0.124966290149519 -0.0946603346799762 0.217644102028185
0.04682138991802 0.182523064853934 0.084941872506936 -0.0553694071442641
0.176581100564165 -0.0305047198902164 -0.213686781541751 -0.00187291257195442
0.0333145090334695 -0.147247121763939 -0.1495569166149 0.166377381382781
-0.0719849183681248 -0.120495518832515 -0.09775303422505 0.134444046909995
-0.117174998115402 -0.102511785232533 -0.173281693054847 0.0700779114783418
-0.105267663196866 -0.121011532779435 -0.251817030387568 -0.0276335241210793
-0.0126531080019729 -0.161962396915266 -0.190925643376239 -0.215213817202725
0.133210131945287 -0.083522949474843 0.0646387020664808 -0.293833718365088
0.0954585869909985 0.0964196168133124 0.427722547380019 -0.0978738309990869
-0.033736257190292 0.0883429474359496 0.35944802987305 0.527241730261833
-0.220164615694319 -0.00985429741711736 -0.186585133162522 0.685548945368472
-0.0284944230251003 -0.322792380642385 -0.465520876803933 0.729426704556534
0.0637207366189608 -0.17361028987251 0.0115070189834227 0.443468118147527
-0.17579336737175 -0.138986864478233 -0.123593793173325 0.0220746553691773
-0.176671323234617 0.148929114676984 -0.0854100151703061 0.271150303406807
0.107013631645045 0.229931175183879 0.143793344811212 0.0110576256102771
0.281376077626187 -0.0400924330620914 -0.129325987005131 -0.0197982416099199
0.109514085365653 -0.201933781472187 -0.113910003851781 0.109175229683913
-0.00270138365347296 -0.165727489398844 -0.102776506533721 0.0823385093610667
-0.0343412811791512 -0.117821956359582 -0.205684218606315 0.0289831985894441
-0.0347375461711812 -0.099684011533418 -0.288010278544259 -0.0739561645708402
0.00811288778400599 -0.122395325124011 -0.209651381174325 -0.279412122265615
0.155816876957031 -0.0705698479393288 0.0948832755070971 -0.339980776842126
0.118044700156581 0.176061064983211 0.439749293005116 -0.0820171826229906
-0.0689350090165446 0.0904585838192414 0.367357469221822 0.473154866520487
-0.148990113490652 0.158599699886043 -0.134421267369188 0.752462870527297
-0.176061164834355 -0.0510568239428288 -0.491778430405544 0.774546069029555
0.0836462831916131 0.150328666647321 -0.0542518323151635 0.386648856993959
0.0565268227352834 -0.0535794631928341 -0.225412557949986 0.0142458952833627
-0.122335033791269 0.0822936648247641 -0.168180180717686 0.349239739454374
0.136503562036497 0.239908148572366 0.201673216167812 0.151169629540078
0.33273205194506 -0.0536447640555063 0.0192605240684709 -0.0287421741479816
0.151896916533228 -0.223593310650709 -0.0418770017151418 0.0190198936850455
0.0545416694574969 -0.180719947115338 -0.0841900970341809 0.0038150317286507
0.0557651542184699 -0.114891372709816 -0.204635527939453 -0.0226293780772997
0.0549430923520437 -0.0693040987290054 -0.287691579645241 -0.095627304460537
0.0565107674383843 -0.063089810557823 -0.22575607860495 -0.289417677204634
0.166277888758551 -0.0152733283730286 0.0660258162277876 -0.368107086094903
0.120864282110227 0.24302790956525 0.414461958084313 -0.13826180950393
-0.125184682286331 0.125032213391285 0.407887306785412 0.327485649147517
-0.0809698417664501 0.233619915909969 0.0568064717336107 0.750095999154787
-0.246291612918133 0.209809246933966 -0.430415214852424 0.769981259194963
0.014531488937603 0.45741570608812 -0.0855219367719296 0.211636543980069
0.236725622102087 0.161549694847237 -0.321424283912628 -0.0884852965966791
0.0379968865375661 0.0297462500394242 -0.313685681965673 0.351299683292632
0.155372487928295 0.185073116479324 0.191726136952898 0.31588453397124
0.315038636359538 -0.0651657896334167 0.179039834858161 -0.00110779936623372
0.154749476998386 -0.194674224625785 0.053029829484798 -0.0673667279003571
0.102472338727813 -0.146286484187526 -0.0475571112560797 -0.0800127954221825
0.137079625774983 -0.0940121019574788 -0.171341915613172 -0.0692048871581185
0.14254664302886 -0.0439776619947698 -0.245347609442964 -0.0995515364932407
0.131418006563679 -0.0212060219540363 -0.212387690981349 -0.253829491661139
0.192815662142696 0.0590406506070897 0.0201727059216692 -0.341539276364819
0.102717750923213 0.288725069091125 0.325753929508639 -0.198218459013047
-0.128050295989814 0.149262519977926 0.430030909253789 0.133585539136468
-0.00637002412969562 0.273524391175835 0.277284424920946 0.67586716403004
-0.229744153147186 0.435107026439315 -0.317380366972073 0.699375314507023
-0.118029533599558 0.670850123923351 -0.0498736179866176 -0.0429333775934177
0.274808622003195 0.398835987666688 -0.36283042569813 -0.249212519360674
0.200710752248577 0.0600886033231969 -0.458714377979676 0.244924396271606
0.177155425817421 0.1119580698994 0.0877342267908345 0.437569903038778
0.240603180018564 -0.0653390060394102 0.279372800924767 0.0638668533491062
0.120398711451048 -0.120341092285834 0.140795366349726 -0.109058981383252
0.136639107132947 -0.0789021870850652 0.000947743692637741 -0.135732375934889
0.198378927353762 -0.0604574682805689 -0.109296257156531 -0.107529303887332
0.206691019997969 -0.0286249369346208 -0.165197292221554 -0.107049580244354
0.194839115310554 0.00116302478154079 -0.140522736477479 -0.205224061640749
0.219226464853767 0.111035806694515 0.0203939210606869 -0.255366692665818
0.0713881472535806 0.27897581284241 0.188075998769052 -0.183289654163022
-0.0594182778478653 0.123929211177301 0.386309985257801 -0.0698118035296465
0.0957408498581905 0.294167683943662 0.43779393821588 0.548251379169194
-0.145704494445214 0.602354012231691 -0.208154827080886 0.547674432853721
-0.231793816511797 0.752731683645795 0.070299265734984 -0.30210991568877
0.234965955212467 0.540375144396605 -0.303582603204813 -0.416594604594724
0.275760986153165 0.0933226541486649 -0.531515410087787 0.036982985216126
0.153067968122596 0.0509241311230144 -0.0629883668983631 0.458336068797085
0.128708265872282 -0.0393793179573417 0.278203382951237 0.138835201935577
0.0714665434691261 -0.0143881999311956 0.190234541200105 -0.0843595634774368
0.159644852656429 0.00583701928065373 0.0597085804016204 -0.144710860741655
0.232286408445925 -0.0196049891161306 -0.0317372764920882 -0.128884333577566
0.229255989365029 -0.012383230201292 -0.0697445510043807 -0.123951513259468
0.208297141270358 0.00787412338118695 -0.033275328558206 -0.181329258436098
0.196684258799023 0.1157627476578 0.0894671465240756 -0.1498514835613
0.0404126313888503 0.186104239036438 0.0631386945577101 -0.0803628013178525
0.0579280593242114 0.0592439755298489 0.280427979492104 -0.201088557516654
0.206988360093827 0.281055967843597 0.465686200000895 0.412444456968246
-0.0397570412256751 0.698417247159436 -0.139078150610162 0.325960827234318
-0.252024323703241 0.710368237826966 0.236479555359525 -0.510956745831124
0.208909217975652 0.508956400263069 -0.134489938330819 -0.531174059416493
0.236559608091747 0.0407774710284263 -0.483160772962213 -0.22218657010245
0.0716694587846235 0.00531452666315192 -0.236808186547301 0.344345865870321
0.0108641121291202 0.00621055135951903 0.170363909232107 0.204825586746068
0.0289491048398353 0.08822480198424 0.202046782646685 0.00063716655625754
0.164155449886972 0.0851582799439501 0.12385004208835 -0.107874013884078
0.231661260686926 0.0288006618689385 0.0556012793414717 -0.131547784022966
0.209433582519386 0.0146540225369961 0.015979771592086 -0.147599519542496
0.161705063256343 0.0215356723632387 0.0739225420276411 -0.182427501306538
0.100801372112661 0.0827793859395915 0.1836060428927 -0.0718005579782664
0.00104220655629542 0.0286250523300496 -0.00979544724489933 0.0311105926392766
0.155508676342758 -0.0122946913207809 0.182751068066964 -0.257056501214813
0.29453632777179 0.22274429690335 0.374155619359598 0.290562344016352
0.0381938123948644 0.700286692596872 -0.109043894075428 0.0655240677149353
-0.152007200396587 0.559579187777341 0.403035313762953 -0.639867858195494
0.229344985698519 0.294305502340761 0.0794866454672156 -0.594904345094864
0.114067466675415 -0.0430143669372858 -0.375564755507994 -0.444573100554891
-0.0136366484509884 -0.02742311299259 -0.361019575328189 0.19397215218073
-0.0843019531332917 0.0487260213575589 0.0280866934860036 0.256741554500194
0.00619853697747361 0.151002277944822 0.189081994288765 0.117309086251243
0.14840097618424 0.124033782916489 0.189687484306791 -0.0419144776983548
0.19698117213027 0.0699890161429566 0.132411418953634 -0.115180255512091
0.156365316301297 0.0622389848454277 0.078350742958729 -0.158396184458079
0.0670531686566982 0.0696533209348143 0.137864911168353 -0.184644839740508
-0.041393484407955 0.0476853644196941 0.239131164208356 -0.0339557575415128
-0.0348723393492954 -0.114098607096335 -0.0414545019874244 0.0798251151971367
0.188407262992784 -0.0815541752344939 0.127207494836752 -0.234610189252127
0.341871213470885 0.154992677826982 0.221147151134075 0.177439526719158
0.0586916621429307 0.610658485329297 -0.0927184410388153 -0.180646044200564
-0.00291027868705178 -0.439489647292975 0.0746853119561779 0.375083940596906
-0.312347357692943 -0.132649706928094 -0.0948875693945949 -0.0668046313537539
-0.169088958602635 0.127679981127698 -0.0920681811390996 0.220175297709804
0.0498752508345159 0.183560455598789 0.0848709871032114 -0.0565345851251362
0.176577896072632 -0.0333811912873571 -0.214659198418523 0.000489001902318533
0.0317561501952719 -0.149008995519231 -0.14860243572469 0.169804142542726
-0.074029179872775 -0.120271611759442 -0.0961142752079488 0.137212142773607
-0.119242265236478 -0.101682219889778 -0.171973370099622 0.0732041073361859
-0.107450502237635 -0.120462462655999 -0.252670655248926 -0.0245344375845999
-0.0144437000578862 -0.163250888674863 -0.195836904224705 -0.214152068400147
0.133399875955352 -0.0849165024963435 0.0615514576119285 -0.296340778764538
0.0968315329690006 0.0954286753105545 0.428824445268556 -0.102830087521015
-0.0320971356133774 0.0894952281041418 0.367029607818087 0.527479544494342
-0.221740290742742 -0.00692976046139574 -0.180298753598171 0.692690828898847
-0.0324905916706247 -0.323447699087024 -0.458643586366102 0.73866907037714
0.0617073650727091 -0.175461320630634 0.0180872158511761 0.447795080627969
-0.18011705446644 -0.136675899006006 -0.124176192813053 0.0238361828641338
-0.174876146063037 0.152468258196285 -0.0817204776447202 0.2756110911666
0.108400779876668 0.230462874364646 0.145269179682621 0.00959021378422966
0.281725774671167 -0.0436551839698946 -0.1309655257431 -0.0191564023246923
0.108285378852787 -0.204537524210021 -0.1135760283413 0.111315555171526
-0.00700912660591874 -0.168528771512965 -0.101452018091228 0.085021455009499
-0.0353427244670472 -0.118867177279919 -0.206313642148141 0.0306295904956394
-0.0367204128294198 -0.0996290351564196 -0.288875566112467 -0.0716407013548951
0.00706776120049197 -0.122117622793461 -0.215845062200839 -0.27865744646322
0.156006812568241 -0.0723752062848558 0.0929600167490796 -0.343009176704422
0.121575034635079 0.175426864409448 0.441746278105534 -0.0882503141556047
-0.0675131987482439 0.0966859226521835 0.38172230064797 0.470162947117204
-0.147608557743365 0.162486860793871 -0.129223514016322 0.756348961518225
-0.178895565384474 -0.0484420295955269 -0.489085678104214 0.778378901644573
0.0841953468162313 0.150009509334298 -0.0511322549317886 0.390255181194903
0.0554106758855817 -0.0547278266623304 -0.226995363306084 0.0156084145150225
-0.121483028143711 0.0847671166249695 -0.166111701232082 0.352413182284711
0.140192932288471 0.239241033047826 0.204262304675455 0.149689894808277
0.334297824382984 -0.058919368636625 0.0190277640194585 -0.0298158794262533
0.149834957313168 -0.228224912199164 -0.0412665540163196 0.0199706245591766
0.0515195945071696 -0.183154980904111 -0.0843871303274898 0.00472809283298389
0.0531284408506727 -0.116544099865303 -0.205206762375793 -0.0195441389680826
0.0535591866148104 -0.0708090963387113 -0.290109354901035 -0.0926125058246221
0.0560284172581973 -0.0646351363972164 -0.231119581430239 -0.288011010937186
0.166636215253396 -0.0178943181827916 0.061870474830905 -0.37222509395715
0.124748219063469 0.243587257920962 0.414180890647819 -0.143237962236743
-0.126287277272959 0.128344879756223 0.413298790233743 0.325663997959839
-0.0794165360049324 0.234971979219324 0.0622535396655838 0.757608170572722
-0.245787105518305 0.213434187369273 -0.424732043343186 0.777232018429319
0.0141681063276442 0.457977566320476 -0.0857530595956542 0.212061388928343
0.238980758984182 0.159792087862128 -0.323652216131268 -0.0853724581914639
0.038712378289834 0.0295599105150121 -0.310586176052908 0.357151489172179
0.154268489972141 0.186102809635832 0.193786914757739 0.316521953887856
0.31669224556173 -0.0687296838193033 0.179676786592575 -0.00308513658059685
0.152345077741577 -0.199792341266492 0.0523867631099325 -0.0672029255841623
0.0975691403564226 -0.154171126760712 -0.0481623201368896 -0.0792204393912058
0.134878801062976 -0.0978245448137257 -0.172917278089636 -0.0680532940133003
0.142960945128279 -0.0461924766258242 -0.2468976169097 -0.0979332887464858
0.131294522424317 -0.0213839195192446 -0.220189271219033 -0.251160475256242
0.19355711448036 0.0577045428926519 0.0171612300987127 -0.344935406278146
0.102822067808511 0.288697354125605 0.325162141843287 -0.204470673118005
-0.123929329506354 0.161058502874435 0.44181335150989 0.121246861760489
-0.00382923683007169 0.275662876647627 0.285279750824546 0.679442203660723
-0.22524985019966 0.443301068885889 -0.313931614633662 0.706917049838463
-0.101161835003968 0.682333733473253 -0.0507900819689791 -0.0425594502870283
0.280983906522235 0.398340737090077 -0.367543651311819 -0.247412932700724
0.202754634755931 0.0579654086058355 -0.458018626354912 0.253163324575079
0.180289901898024 0.109376850938103 0.0937350391393354 0.438877004796691
0.241623191134945 -0.0686828925648409 0.281858590374616 0.0610093622556143
0.119231605125752 -0.121916068037963 0.140064841379387 -0.112262233854071
0.136359199297867 -0.0812360616933955 -0.00108240703422561 -0.13656903636405
0.197142105161842 -0.0642420897223096 -0.111008231969834 -0.107115211416952
0.207725025377097 -0.0313123216121847 -0.167711502729461 -0.106143234283768
0.196007391073114 -0.00208962112709831 -0.144208910615188 -0.205635499728781
0.222646095176079 0.108163575674123 0.0169352426989124 -0.257233269779426
0.0749995603263759 0.280395450299318 0.186860686674492 -0.185906714684372
-0.0590816728554676 0.126616883607703 0.387568426926308 -0.0737568097008473
0.0994551128345069 0.296244095911527 0.444788593627157 0.547817855174519
-0.140905614584034 0.608615679235061 -0.202934278835739 0.553363858906404
-0.216062323860465 0.765254152508501 0.0617594421136728 -0.30877727900068
0.237230713704622 0.541380141077862 -0.311750621088013 -0.41696639266005
0.277364993912939 0.0927057509541509 -0.533708929077504 0.0451645261781381
0.156855888134894 0.0488972027232942 -0.0678442686657727 0.454882921322742
0.12994081818607 -0.0423939781584554 0.277308757464471 0.138847891687814
0.0712764122192797 -0.0160510430576746 0.190297307920412 -0.0862763701773946
0.160636162199352 0.00425852676570849 0.0556936522770784 -0.151213841273788
0.232481811735446 -0.0205974198048887 -0.0325026468610387 -0.128838620523347
0.230566821142379 -0.0151573390333145 -0.0728081650394143 -0.124020941190866
0.210141601288139 0.00535950237316055 -0.0303360905029456 -0.179994432339903
0.202970724969834 0.110652263434155 0.0881792615141573 -0.151847763300712
0.0427889374865869 0.186781225720137 0.0634719456993894 -0.081250857486122
0.0601301894352989 0.0596888514498441 0.278327204960371 -0.219553638273678
0.213099779505128 0.280725837603521 0.472398099894908 0.408873874824244
-0.0282624561133073 0.701885081703089 -0.137521788667572 0.328808834107155
-0.244520985963382 0.71731019603484 0.229695349659201 -0.519465791007579
0.215819623951637 0.510079366756299 -0.140297694955997 -0.532513598428255
0.238568175833415 0.0390396771327856 -0.487297469773137 -0.216969694279941
0.0725831447732312 0.00439384067893116 -0.233093644442296 0.349647474856219
0.0111674179416245 0.0054987731564651 0.173720260675251 0.203132583756042
0.0301268205915545 0.0884840447211591 0.20334345477742 -0.00203955579256857
0.165445680518301 0.0836406338101675 0.122263909155865 -0.110480327248796
0.233377130624544 0.0251205139109231 0.0539413882170318 -0.132109275179057
0.210602076145581 0.0118616892339575 0.0138064738657761 -0.148328633206652
0.162598099778776 0.0192237882097942 0.0711396183820524 -0.184195903385906
0.103263697788213 0.0818716480645427 0.18351130293365 -0.0751012786632647
0.00255774694554904 0.0294247114779303 -0.0089574684549151 0.030285083168267
0.156307372719059 -0.0141685089445896 0.181374756901384 -0.259413611259432
0.298874139655238 0.222094556674816 0.379976669047586 0.28930036476184
0.0448755878910829 0.703332197403741 -0.110289434003724 0.067238896523816
-0.144298305700507 0.567393614904816 0.388787259214793 -0.661281955198272
0.232231036029378 0.294744486303748 0.0696636213413892 -0.599065731249703
0.113245573492818 -0.0427099599600944 -0.378611754948698 -0.444710284505689
-0.0130366370264951 -0.0277559387413185 -0.361856096147753 0.188458700403401
-0.0844575803496649 0.050495463441713 0.0277982119176491 0.255168434167149
0.00677533995926599 0.152786059257676 0.193732227566623 0.113815359242209
0.147183341311165 0.12434913060186 0.189811540457749 -0.0515816331006117
0.197854995661541 0.0690003160831333 0.132447395444608 -0.114974403287825
0.158522429581732 0.0600519917196561 0.0758660347958399 -0.161381390967881
0.0695559501243432 0.0688079085365604 0.136935385933271 -0.18590540566684
-0.0404793917221226 0.0490689456732288 0.23951316026077 -0.0362087803942595
-0.0364238722369237 -0.114659932097856 -0.0414508905738719 0.0807603122075753
0.188058560657915 -0.075365349536613 0.125749730284206 -0.235742947150843
0.346258667910021 0.152311349174641 0.224959886294003 0.175643798898195
0.063996642085609 0.614348871994734 -0.0961412502932386 -0.180380031981581
-0.00842621875657186 -0.442484881669623 0.0798706565276144 0.37698204835108
-0.315401451590746 -0.129813299120379 -0.0964243670107232 -0.0658114443273117
-0.168546140326284 0.130547953300517 -0.0901617546593573 0.223105083361721
0.0539754549565568 0.183349263713956 0.0841440708112942 -0.0573423426810853
0.177078649835131 -0.0368236092982349 -0.215929119266437 0.00411639189537203
0.0294570439785222 -0.150062016866894 -0.145945636605768 0.173836751970158
-0.0758658064965011 -0.119854112045892 -0.0942670903856703 0.138693323189783
-0.121613827105139 -0.100725075308436 -0.172397265364094 0.0760725077895535
-0.10976160735472 -0.120124175272255 -0.254806800834088 -0.0213318833611441
-0.0168466761037177 -0.164014340561052 -0.200085199045638 -0.212150239746749
0.132967736255619 -0.0881648041941959 0.0583521006535772 -0.298943307629141
0.0986788271997873 0.0943500395762929 0.429214777414346 -0.107562323725365
-0.0317574609584107 0.0893653048670107 0.374672510015565 0.525953170720789
-0.222213605688244 -0.00464393072189256 -0.175234857282876 0.698754061596293
-0.0357363872803975 -0.324863153943871 -0.456553567221938 0.74795548373209
0.0627828373763604 -0.175836308444489 0.0228896771876037 0.449581474818194
-0.181989255650466 -0.134882203470109 -0.125330178001066 0.0266551846817749
-0.173782341666926 0.156033713272162 -0.0784472795830405 0.277279342223066
0.114954036844932 0.231139055105353 0.145710369272176 0.00886440768304963
0.283506080888697 -0.0478586890724577 -0.131466523781363 -0.0176430878163239
0.104960800817067 -0.207719834202761 -0.112745815801499 0.11456250710188
-0.00916233255017921 -0.169331651972913 -0.0989697133527929 0.0880117045161856
-0.0386343183012296 -0.119563361269812 -0.206241624597957 0.0329348059061597
-0.0382793415085057 -0.100182617282217 -0.291543541573838 -0.0679829657362623
0.00575920360168015 -0.122877906342816 -0.217364922217514 -0.277830300754752
0.156353006113469 -0.0751549032061639 0.0880775890457275 -0.34577420365434
0.124505306212739 0.175027389469869 0.441153443882547 -0.0935629570645674
-0.0668228838809346 0.0974110758491435 0.388223002808198 0.468542132678436
-0.146838896941469 0.164773663196614 -0.120980457830537 0.761343642956637
-0.179298598149527 -0.0477879658292948 -0.483955585946398 0.787539137186006
0.0885913136237308 0.150652347217871 -0.0447878543708321 0.395667986245043
0.054884946689321 -0.055284954296604 -0.228098440439043 0.0186951937177522
-0.120288628094546 0.0874058700925794 -0.162462460341103 0.35737578043963
0.144868637026317 0.238115283520773 0.208020929481899 0.148930746128598
0.334930424388007 -0.0645581107383446 0.0187367647113023 -0.030285262725431
0.14698475550764 -0.231571415524192 -0.0403891439580103 0.0215236794934669
0.0485622325138996 -0.185355753908067 -0.0840828540660511 0.00560529893842649
0.0516069285882666 -0.118835373582116 -0.207476655391273 -0.0165228873861959
0.0524986291994099 -0.0720314171554309 -0.292778649053852 -0.0899998646529029
0.0553809900313347 -0.0656972624554903 -0.235901120784011 -0.28557246508545
0.167633578735865 -0.0205008838220657 0.0575547910706829 -0.373815400695305
0.130159235381563 0.243889440533624 0.416913471289141 -0.149772029765687
-0.125279031828586 0.132342050704446 0.418465576194199 0.322627198907883
-0.0773529608574877 0.237906268527918 0.0720038125476627 0.759624595644577
-0.244914432735066 0.218951258583489 -0.418712883473608 0.787582699141563
0.0247052799852185 0.46348508107458 -0.0840563234410521 0.21391931367716
0.244234109009202 0.156808105717296 -0.32686881929298 -0.0817893371262327
0.0396004892938107 0.0295106668052942 -0.309412694671905 0.362048176901189
0.161239910070096 0.184057245517885 0.194538561879229 0.315971125769897
0.318615585985377 -0.074694706849164 0.179935401444959 -0.00522739074066113
0.150604672711501 -0.203558959939197 0.0521090362083669 -0.0677243211266052
0.094619617592548 -0.157654205403638 -0.0507724080158983 -0.0796629566942592
0.134340827572307 -0.100552677592773 -0.174250375933365 -0.0663940830805044
0.142736175148951 -0.0488414828857095 -0.248662036065702 -0.096025004588539
0.129999073183705 -0.0186432640102911 -0.218694729495453 -0.25243291943487
0.194673730955527 0.0556756501349119 0.0121385272566099 -0.347676132429335
0.107254068901523 0.288105610777348 0.325639686257794 -0.209490196000182
-0.128196358334904 0.153112325004059 0.439177110358718 0.12355642972007
-0.00122356713848277 0.277558824483724 0.295467053087012 0.678752030958944
-0.223426407384613 0.446177214595317 -0.306994189773621 0.714862235335509
-0.103463223771968 0.683576439932045 -0.0516318757348689 -0.0414858239993358
0.289168985738996 0.398024564195041 -0.371801851296808 -0.245268029065274
0.204943701447334 0.0561998539732484 -0.457935809816923 0.259326081146843
0.184386421296553 0.108674705432928 0.0993574950466999 0.440646926450942
0.243102910997347 -0.0738183060125847 0.283365882264882 0.0572309651056861
0.11731417643684 -0.12481001271286 0.139348403286526 -0.114594203680606
0.136047083201994 -0.0835909596401735 -0.00193472905692714 -0.137492523879235
0.198096172940724 -0.0670238338774833 -0.114392970337435 -0.105587426137142
0.208157672158176 -0.0343768205429252 -0.170502471559395 -0.104662408507108
0.196803101473221 -0.00565992258677303 -0.148306108036073 -0.204758290573556
0.225114802142969 0.105646711731166 0.0140439873835218 -0.258368301383228
0.0806539223405397 0.281697428206508 0.18581419513633 -0.18965547948583
-0.058652335240468 0.12864066753166 0.388990939841689 -0.078735541433721
0.103935282033752 0.295770446990255 0.451793216950803 0.54790345693414
-0.135967907283023 0.613692018924358 -0.198321750549409 0.558291021797711
-0.226892183454747 0.754195373037516 0.0606989188560646 -0.309405576174535
0.235784984414852 0.540715621503919 -0.31504695906667 -0.415549000772396
0.282025089953339 0.0885266350342174 -0.535883446675139 0.0502479534053397
0.163990772123757 0.0435075483260505 -0.0678232540992044 0.456185583049246
0.130526969495791 -0.0466392269913808 0.281149973594874 0.135171781558611
0.0712238625828752 -0.0168735889495994 0.192025947198071 -0.0933591770858416
0.160569369163946 0.00867236536507095 0.0558705817085323 -0.149005525832688
0.23345168913273 -0.0237469795838901 -0.0336133941605437 -0.128564568069076
0.2313900712172 -0.0209276336191768 -0.0759043815815294 -0.123961829593247
0.214150007679146 -0.0074651122828736 -0.0362071860766841 -0.18155437525714
0.205734449699318 0.107133167762315 0.0864520716492398 -0.154092277970182
0.0427140575845271 0.187666712554422 0.0635834076351888 -0.0829527967012715
0.0530326482832039 0.0587376811320604 0.275212279989774 -0.230440017815487
0.217411316097242 0.279645470900696 0.48402634510589 0.403536732764779
-0.0310740060559693 0.704689250775515 -0.130974536499838 0.332807785829737
-0.253079744207004 0.711684125458842 0.228474485438568 -0.522732905021319
0.221460207811438 0.511295270613194 -0.146053184136209 -0.53396730514692
0.239186747091526 0.0367320235090895 -0.493530936688143 -0.213317091920852
0.0734537404848688 0.00355221782471607 -0.230058728812074 0.354248899075685
0.0112588106313967 0.00496796203845415 0.177867216527135 0.200804895747911
0.0315048692188903 0.0871486275108196 0.205222809684795 -0.00550663189488207
0.168832110513813 0.0818222477299167 0.121292417108113 -0.112558507856941
0.234751457373643 0.0218312251789533 0.0520453832496363 -0.133965395287758
0.212406224020638 0.00948735537273548 0.0109773268715944 -0.149737169966592
0.163141859330744 0.0171261323327552 0.0705253478958012 -0.186249274046924
0.104881718502064 0.0814308726810723 0.18288739096064 -0.0780131752389327
0.00264701487211306 0.029011939113339 -0.0087831444344724 0.0312025530790295
0.157343760784433 -0.0163462856732533 0.179965881048792 -0.263826289920953
0.301818966390168 0.219333134647265 0.38514933475765 0.285149841971696
0.0523132256547577 0.707149345033962 -0.109769345732352 0.0684302302829548
-0.148647049958866 0.565735040646273 0.38912906779166 -0.658877350259474
0.23448976746834 0.293647008418473 0.0695411965023201 -0.600959307689858
0.113112581047541 -0.0451237819810164 -0.383175597793932 -0.443248485186469
-0.0122412732401784 -0.0284496194167878 -0.361200370636409 0.191914193998574
-0.0838619143255312 0.0519270781984097 0.0331973502969804 0.257500363099475
0.00902620129042654 0.152699441059117 0.199514741432638 0.108470448310324
0.147030378356608 0.125426802322965 0.188953884530851 -0.0478191745463204
0.200138171793785 0.0648545540459332 0.130600692283035 -0.119911615832276
0.161377329332204 0.0561531029155214 0.0715686259007428 -0.165729373579311
0.0722424634912227 0.0673777296174167 0.131540368366491 -0.195855820933454
-0.0396293587953327 0.0489912690694713 0.239878747027893 -0.0386946243470701
-0.0357978356557485 -0.114273622985829 -0.0400665452728158 0.0808230114750597
0.187987245431457 -0.0738689300190857 0.129554469557858 -0.229665639734224
0.348830651669578 0.149360980677417 0.229637744781272 0.171621794418499
0.0646386760536556 0.61375243815469 -0.0994342320361637 -0.180744817937495
0.0368070324379532 -0.443405201051521 0.0548096895573507 0.384288202085019
-0.307474374748547 -0.158084112883046 -0.0879489674731879 -0.0751127711893803
-0.181109066980377 0.116976995194632 -0.108546558490811 0.213168907056033
0.0374237519468264 0.18820653266674 0.0881374764320894 -0.0504155047591773
0.180799339271074 -0.0200730125161592 -0.216839032566231 -0.0127209254741005
0.0427823731027207 -0.146811844799027 -0.159277332008972 0.162364736739705
-0.0652442002684052 -0.126628499652538 -0.105343196531605 0.129976625724118
-0.113439441900062 -0.11094818703896 -0.177083101400807 0.0609007653686894
-0.101712232970004 -0.128013223270637 -0.250007758960267 -0.0417526134629204
-0.00522718454956995 -0.16584539690835 -0.181881862169366 -0.226656297912223
0.139165348599892 -0.0786689832451924 0.0809239948424069 -0.293637888625876
0.0907086720908901 0.0984864481682846 0.435474366103355 -0.0737609099331585
-0.0366325042738934 0.0842078032515096 0.334742528526045 0.552970602437313
-0.219773980823072 -0.0232374412660309 -0.231797076708992 0.682409302640577
-0.00315832216810938 -0.334127045887864 -0.512676945227849 0.722402896407323
0.0841681506336486 -0.168448891563604 -0.00945463822209731 0.451611023508055
-0.171456547391935 -0.152578050223654 -0.124941592521915 0.015344619725156
-0.18704373787301 0.14507739667268 -0.101833304386194 0.267323269782763
0.0972026646702297 0.242239682532119 0.142847166831403 0.0206149323553862
0.289011895711168 -0.0233912080436317 -0.130427279581421 -0.0268887614494139
0.123322797774609 -0.198552597915937 -0.120311516695473 0.10686229812607
0.00575340883273244 -0.169468361475897 -0.106425399699953 0.0778531877172127
-0.0277376708538596 -0.121807757468354 -0.208126863277175 0.0150826100203783
-0.0320727236457547 -0.102895267805112 -0.285585087590915 -0.0876361727082845
0.0136994897502984 -0.124052044628379 -0.19624409347187 -0.292118605340407
0.162422825802125 -0.0650116268824064 0.115215700108643 -0.337771841414428
0.110094043550681 0.181742385180861 0.447909921781886 -0.0596774689219102
-0.0744923793219182 0.0847634900542944 0.34541493871363 0.497338541863951
-0.156313630796523 0.151872478394114 -0.180459848146217 0.750330774149162
-0.168149106222692 -0.0629560324349555 -0.541504619267433 0.763549054464521
0.0796206467948094 0.163441639462715 -0.0747057810323997 0.391300771374902
0.0580240490316803 -0.0488662981419684 -0.229435940917923 0.000937076364659448
-0.128472914311788 0.0800807330201019 -0.191322002167812 0.342340093146103
0.126992255152586 0.2543374004478 0.193863558054691 0.165731193459608
0.34461712826614 -0.034710251557769 0.0213114387410779 -0.0272069361341331
0.168328402340243 -0.220193178263955 -0.0419622130071972 0.0196300322701894
0.0642331961661462 -0.181735918639272 -0.0834814238739531 -0.000885338292454059
0.0603579500569521 -0.113488715239091 -0.204588123478841 -0.0339787822295127
0.0564193829745187 -0.0675091888761028 -0.284766318951268 -0.111117521116576
0.0589305655927179 -0.0628192809437567 -0.214277991377161 -0.30198295721439
0.1691922807538 -0.0087219360033617 0.0848847339109741 -0.368177949980778
0.110282616875161 0.250943814129846 0.425495729584438 -0.118747965561782
-0.13510216911684 0.118901775879846 0.394967271270025 0.352969925041475
-0.0929548347775677 0.230856680379916 0.011529829224276 0.760571762324911
-0.256739824209867 0.203868162644938 -0.476736143309297 0.762103776727079
-0.00989566083587615 0.475711797417725 -0.102068893031464 0.207164415683362
0.227819599436688 0.182982135680602 -0.323794887580394 -0.106943573473988
0.0379363673630838 0.0382018030634525 -0.339688635419354 0.336477327980437
0.155605820043296 0.200524015493482 0.170977969695912 0.331649388937496
0.330047087244492 -0.0478490228382627 0.180988203680883 0.0110478247021449
0.169697660754728 -0.191195508966044 0.0587953465902966 -0.0629812403663819
0.111203993304881 -0.144950037310455 -0.0432861118880528 -0.0842980701657532
0.141572400734426 -0.0881379146662835 -0.168458902428996 -0.0808397699707676
0.144931948161247 -0.0373049467150345 -0.240806612390185 -0.11284709322662
0.13037622957494 -0.0101615753954592 -0.196274235956374 -0.266427375081527
0.191602356755635 0.0682916406562576 0.0376610908779551 -0.345786788771829
0.0882155342800592 0.296082860706402 0.341000276375704 -0.183964460094064
-0.1428201108276 0.135113460773559 0.424262767030062 0.163622121477425
-0.0202108814711752 0.275518613439353 0.240156870487257 0.699263157108945
-0.2517650787107 0.432185946492271 -0.358635182324794 0.698552871732185
-0.17719677574024 0.671097858845294 -0.0520369488174868 -0.0499916083641576
0.249575789667044 0.429251949978987 -0.357152509196772 -0.274589081703003
0.199166476844712 0.0806298430073742 -0.48088344138608 0.224254923584419
0.180310748959893 0.129275418940159 0.0638512001219907 0.450046752095726
0.254025088518061 -0.0534046756251011 0.279494160941762 0.0827217622288573
0.129870403606102 -0.117529839195342 0.149130625506964 -0.10235669413453
0.142694398557612 -0.0732611537939808 0.00926695201887513 -0.136863339322056
0.202856806179935 -0.050975164319703 -0.105247588740119 -0.114801955980102
0.209242324358338 -0.0180320147608371 -0.161972751067217 -0.116149298799401
0.196185986968217 0.00986345988740723 -0.133817752582148 -0.214386258453657
0.217727465139782 0.121717461854013 0.0314926586395654 -0.257658091453563
0.0587162791955386 0.287188202940322 0.201432342545856 -0.17595615031259
-0.0705797126583748 0.12385397282854 0.394953209834168 -0.0505173065562346
0.0823537786307193 0.303225545521682 0.406842906457564 0.581877961760324
-0.175828436447935 0.613177544217107 -0.24029942325484 0.545406827138431
-0.303455533212583 0.73352744849739 0.0843813206415083 -0.304996939513984
0.185842379382035 0.567132001900086 -0.284943328832314 -0.441579842046821
0.2740152053689 0.118443841087458 -0.542706714766599 0.00704481052056493
0.163002350492856 0.0635867790406559 -0.095186733084663 0.456833653101855
0.139329867672884 -0.0322427901324333 0.272695313198838 0.156850441091578
0.0739502818991451 -0.0115679234353963 0.199195321737344 -0.0775593364836158
0.159997880870767 0.0203538152142025 0.0691121113623529 -0.139464392677385
0.234111547718965 -0.00746652211247325 -0.024272324834274 -0.132063259716643
0.233036072620939 -0.00320966148465697 -0.0659174668971529 -0.128365018636779
0.213624298256866 0.00924495059220362 -0.0278187943057479 -0.185047098636059
0.194888998306527 0.124531622511481 0.0969937483922679 -0.147936264992445
0.0292437827024702 0.191517434771376 0.0689779535364594 -0.0794053839746648
0.0474049070702812 0.062496709129156 0.294532375596319 -0.194034570078233
0.195088631520814 0.295099387083896 0.448362590739846 0.441204504361255
-0.0791285884793901 0.70982115076935 -0.157617041999544 0.321484541750934
-0.325676244564856 0.686271435953327 0.265811226664325 -0.505394436374426
0.171140668930653 0.530830592318266 -0.108426818675395 -0.544273481509051
0.233116935902103 0.0599744604066276 -0.47718087031987 -0.251298400015564
0.0753127161442789 0.0138216210032779 -0.259004783599722 0.336084549061189
0.0139869169929761 0.00753696641150758 0.160360705596976 0.216151531801001
0.0250208866640592 0.0898695347674373 0.204675082377477 0.0114321821457776
0.161098461064521 0.0954106305730909 0.130239002780723 -0.102244522142125
0.232854566156856 0.0399824019441444 0.0619436482418369 -0.12893793972608
0.21129171091809 0.025105163495964 0.0204433814471159 -0.147718950630246
0.162412952078646 0.0285186479049022 0.0821815361577692 -0.180248719744786
0.0998208475532961 0.0870790886160964 0.18759362176082 -0.0642741011063644
0.00166570049249532 0.0304318316759544 -0.0106450475919775 0.0290099146392063
0.157010073389388 -0.0028022224468817 0.199894799197293 -0.248900698030874
0.288357872498748 0.242778654280881 0.361501314207202 0.31480939496864
0.00603518466713189 0.722329998778904 -0.115090042967293 0.0566571279093547
-0.208138579446582 0.543722683095042 0.439441767229612 -0.621243867834587
0.205971576280879 0.31199274562247 0.116805883108159 -0.593146496935064
0.113632326751976 -0.0364711429976488 -0.351781563444547 -0.472221746531292
-0.0117070373521265 -0.0256640892808605 -0.376262793875819 0.172298735238273
-0.088557474258948 0.0463811509784366 0.01317001168185 0.260514089298783
-0.0028112183185796 0.154809279756126 0.187445142918218 0.126962022353324
0.141169265954514 0.134547703676398 0.19110937402649 -0.0257579317589593
0.195929268298851 0.0799392959716733 0.138245069324632 -0.109423809248166
0.156369639084556 0.0699046138084744 0.0845291034928992 -0.15774766716746
0.0645786046415471 0.0728678146019958 0.143556242712134 -0.187658746511743
-0.0434140874531923 0.0458546945574247 0.241956426528541 -0.0222749137209815
-0.0274727648677094 -0.117600182487533 -0.0456074780621247 0.0777526299528501
0.194597175456051 -0.0705256611144487 0.145457929709143 -0.220980035620682
0.340872972203859 0.177028633244795 0.214352635911886 0.190023112269111
0.020558445037974 0.632852417177329 -0.0869328069985184 -0.192632057615135
0.0317582627645583 -0.446962126669212 0.0609390541436331 0.38592799364419
-0.311182837448646 -0.154637414714004 -0.0898238395890949 -0.0743542036205547
-0.180536456593411 0.120744715763728 -0.10603380383496 0.215323700461909
0.0406705942307442 0.18917187773265 0.0878366507324272 -0.0520144876309489
0.180520503149326 -0.0235326751906682 -0.218235618876818 -0.00887319582738473
0.0405605776269134 -0.149078685175827 -0.156886557133159 0.166659343728175
-0.0685636284302785 -0.126039879924094 -0.102825808674921 0.132517605595629
-0.116402731394865 -0.109032376738009 -0.176106566965189 0.0636448216655992
-0.103452254440727 -0.12683308890105 -0.251603709369054 -0.0366565141276223
-0.00822937078612396 -0.167092658820501 -0.18661906794235 -0.223116535461616
0.139217430390607 -0.0808473309355696 0.0773782102499966 -0.295534783835998
0.0930148169602895 0.0977109955669388 0.437215447146304 -0.0800197405384077
-0.0355208167248947 0.0855781273952753 0.34380977978281 0.551635514563953
-0.222074208465677 -0.0206605240256089 -0.225490800823226 0.687906710627207
-0.00828931410268164 -0.336250297461334 -0.505304910364417 0.730167782890557
0.0801521754629298 -0.171186503206633 -0.00331586274669205 0.454788157352647
-0.175511404155116 -0.150277943935662 -0.124991992415456 0.0170420497127455
-0.187235886011018 0.146991052902743 -0.0986603393659201 0.270430999701875
0.0999672485606534 0.242422438272575 0.144523016576329 0.0192842304763763
0.290876674851009 -0.0293482808646498 -0.131543122489735 -0.0250414062585201
0.121443732960375 -0.20179059669276 -0.119721948016966 0.109526216939075
0.00355412428879278 -0.170564677100414 -0.105228517435453 0.0794868585454967
-0.0309285648295045 -0.122188006861295 -0.208291102795474 0.0203202483717215
-0.03390821444206 -0.101907790782024 -0.286491138247619 -0.0858096343729337
0.0111150118892838 -0.124953822717455 -0.20311559195619 -0.289144507718714
0.1620866448787 -0.0673257335213404 0.110712085142855 -0.340870110225101
0.113943383140852 0.18167341394841 0.449531326628956 -0.0658304325571455
-0.0738002879723715 0.0876809929288857 0.354077128814058 0.49560304832817
-0.155893785748858 0.155976935167305 -0.173249337698505 0.757717369175291
-0.171254346469487 -0.0604065628041145 -0.535030608701427 0.770700250146369
0.0799418146772087 0.163393120705467 -0.0721485100285082 0.392223557697781
0.0581074043251428 -0.0485725626016317 -0.230525341568527 0.0045128022193405
-0.127183450080344 0.0827243752554584 -0.18697299580169 0.347205115931873
0.13246699521383 0.253746208127236 0.195636139848224 0.164150437295761
0.34554240295163 -0.0419574277550999 0.0212955046660818 -0.0276925288361253
0.165653286330643 -0.223833406401658 -0.0416379954744809 0.0202798290712437
0.0618628721719677 -0.183496805525957 -0.0831086060115502 -0.000206044608923209
0.0582113999335198 -0.115299401292124 -0.205419144387052 -0.0308133975892488
0.0552523539696083 -0.0688523818578137 -0.286418946282902 -0.107451700121823
0.058144622834952 -0.063788641262844 -0.219241206848746 -0.300181532416514
0.169904921962351 -0.0118937082401472 0.0804726299994287 -0.370812513997876
0.115214967832726 0.250427725120413 0.426573748128728 -0.12433820015908
-0.135213109782686 0.121554455137723 0.400868939238743 0.349271608604743
-0.0909462461040537 0.233021166831336 0.0219191945426049 0.764695150317291
-0.254768697112641 0.207354711247779 -0.469593918954247 0.770130173218585
-0.00907133792067511 0.475875900722028 -0.0981474178002181 0.209722303668536
0.229672387652828 0.182374232457234 -0.325756835818289 -0.103596989806729
0.0388836447448059 0.0387072143067275 -0.336380482243909 0.343526745986219
0.156326837724087 0.200464130198987 0.180323471681979 0.332106390593946
0.330932189585239 -0.0542458683766735 0.182518201005742 0.007451467295376
0.165731247151732 -0.19572815707662 0.058118482983299 -0.0645284789350506
0.109175353003353 -0.146842675858567 -0.0437896354151411 -0.0833648179976562
0.140911032352296 -0.0922759173658165 -0.170295455320268 -0.077828355238415
0.145470426064545 -0.0398427240023374 -0.245251184787783 -0.10968664832646
0.132413749635819 -0.0181685693232135 -0.208036744381562 -0.263096306807686
0.195622982782291 0.0646189912620212 0.0322494124288393 -0.347229904358186
0.0941475506805084 0.297206032441694 0.338514490828326 -0.189322564364609
-0.139088022863343 0.150120882539629 0.43406839409942 0.151322264494958
-0.0177364243726783 0.278150730303513 0.249662972892148 0.701463247149792
-0.247593692066373 0.440600692662594 -0.353131642718167 0.702801246386064
-0.159177431932552 0.684959912302923 -0.052689886332167 -0.0495312621596921
0.253694135807375 0.429368399194863 -0.362850089462718 -0.270953474401172
0.201833330178027 0.0784399002149964 -0.481036158789607 0.23000492348071
0.183872729234439 0.127482567761024 0.0700462521443418 0.450826295067535
0.255460874014676 -0.0569971661586272 0.281971365681407 0.0778171789872568
0.12849350215004 -0.120658482341966 0.148548973182829 -0.105607703649169
0.14196343399734 -0.0763240173247008 0.00658865534907654 -0.13800418995041
0.202066533635161 -0.0549959038965301 -0.107644948836244 -0.114115954810322
0.210292348381672 -0.02191182439058 -0.16434336418204 -0.114039604886771
0.196816568956836 0.00701700195132654 -0.136146834742037 -0.2132507050416
0.220221326456037 0.118678281396216 0.028677457377952 -0.259142810204423
0.0634888278568086 0.287757688284253 0.198928265102249 -0.179803230371943
-0.0690151575618291 0.126236294601848 0.395960120201688 -0.0550301858932847
0.085377752732897 0.3034957873776 0.417880808481779 0.577759707636263
-0.170540795193818 0.617692389014957 -0.232276007478199 0.550193150476147
-0.282547694124802 0.758324037420221 0.0800578135724419 -0.309632857793862
0.202711207241338 0.567394287708514 -0.295349747130026 -0.438572052925722
0.273612123497663 0.117020370779522 -0.545813399794984 0.0139264482539863
0.160392318334161 0.0656767002088154 -0.0857935250510768 0.464201071795753
0.138997932480212 -0.0357947851752836 0.275969967661693 0.155067948220837
0.0729738409360535 -0.0139664729716178 0.198332559726613 -0.0769858571411163
0.162773782776481 0.0103145173055279 0.064905256602491 -0.146031330420975
0.236350687047277 -0.0126753652395161 -0.0274181304342023 -0.133027284073421
0.232875407235508 -0.00534598913907922 -0.0680512285383122 -0.12807052711456
0.210913308810822 0.0156140383664019 -0.0295545543081468 -0.185718673426619
0.19853449944798 0.122317744319503 0.0955877929897741 -0.150968055352991
0.0364046162134649 0.193153177069774 0.0688496705334319 -0.0806804686076839
0.0561228669070204 0.0652737610648348 0.295151138544003 -0.194155975063685
0.200069770027761 0.293864552526134 0.453937051958371 0.438821871228159
-0.0656120000625779 0.720073107693959 -0.155591500670083 0.323328193993158
-0.300689629223989 0.712635984626514 0.257163925328149 -0.515104063488645
0.180116043516228 0.531370807166556 -0.115786592211711 -0.546763309343978
0.234471652842136 0.0578485849135349 -0.48196835416104 -0.24752116174802
0.0766891903673998 0.0127920084939467 -0.254279530099506 0.341609714772195
0.0138526813008739 0.00735101136872767 0.163743692267585 0.215571653781245
0.0261080452560867 0.0911682108631909 0.205381926857917 0.00852456474936259
0.164065168494207 0.0924000527064031 0.128591608297897 -0.104163890511107
0.234659223252259 0.0358836452967099 0.0601961866643545 -0.131133207186834
0.212635308115412 0.0225749276310619 0.0190635224446993 -0.14986638571651
0.161932176330362 0.0264119300846927 0.0798205542338643 -0.183527109093045
0.101246387733428 0.0868849623859074 0.187421158863519 -0.0684409225418404
0.00261183033922441 0.0302201663592 -0.00952647666303622 0.0295588053275513
0.158325912331692 -0.00535584919142646 0.197297277083375 -0.252919587089348
0.292666749511606 0.23963693968283 0.366156151505483 0.310656166532035
0.0138948176300199 0.726661198000901 -0.115200306828381 0.0589514395815463
-0.194221160338944 0.557770178445758 0.431144928711591 -0.640217614131843
0.21412660739611 0.310581024622446 0.106552132545015 -0.599637719821646
0.113385650826489 -0.0378806706812279 -0.360310414208271 -0.468968838394105
-0.0122959316115178 -0.0256622401306183 -0.374232147514229 0.179255130698731
-0.0869761915229784 0.0471030343766052 0.0156221096666554 0.261230877691915
0.000119870271487223 0.156234290743584 0.187135671365954 0.126029878421042
0.146943711373348 0.130352752889463 0.192224921468508 -0.0362200263076939
0.197044173107972 0.0773991255815638 0.138382343347288 -0.111265431685657
0.157816343549639 0.0677332256774428 0.083091496068373 -0.158263040158719
0.0645671749797713 0.073291875769338 0.144963259230739 -0.183677664446785
-0.042712791080308 0.0474263157775807 0.244286443708132 -0.0273833200555242
-0.0306416929807922 -0.11845575835842 -0.0454205797716737 0.077382443507857
0.19476361786417 -0.076451935319253 0.137881685782114 -0.232944645323741
0.345375951687939 0.172247547605704 0.215847491959593 0.189468924676592
0.0372471636573121 0.638751873479757 -0.090038107834223 -0.192631881170426
0.0254780626400236 -0.448739359197836 0.0655053086814939 0.387825987251881
-0.314610735639294 -0.151103210347718 -0.0907408562724682 -0.0731291783148606
-0.179636865905811 0.123281003033029 -0.103057513440328 0.217855589558966
0.0435798205734444 0.189521024652814 0.0867340156801104 -0.0527874493647516
0.181180446468989 -0.0267564613929693 -0.220079688389793 -0.00587940199135329
0.0390958421428618 -0.150276660955903 -0.154303500562722 0.170473480670094
-0.0698242511591596 -0.126331110927451 -0.10138070331353 0.135085349692485
-0.118578347810079 -0.107234742960071 -0.176839998279222 0.0667053208486944
-0.106136976923909 -0.126073634936113 -0.252643034964107 -0.0333074026201869
-0.0098642036103428 -0.166524622844384 -0.190358067030917 -0.220980964225848
0.139003221572961 -0.0832518389578359 0.0733482523711063 -0.297979018685164
0.0942950637817289 0.096962223645437 0.437158328525155 -0.087384433070305
-0.0344200668877599 0.0860955945862519 0.351691379175238 0.550352553487538
-0.222114675572643 -0.017771433056236 -0.215103206940394 0.69405722941769
-0.0124560879401919 -0.337424667101561 -0.496739719935714 0.738067847239628
0.0776915285952959 -0.173369897390388 0.00259070229845765 0.456501090273855
-0.179750811494143 -0.146503785295435 -0.125403297730453 0.0182196869779067
-0.185725801710654 0.148798934717945 -0.0947265063401952 0.273148161523427
0.102605913103465 0.242639010589837 0.145091197120759 0.0173000983314033
0.290808273424609 -0.0336941804684874 -0.131724023305781 -0.0223794615448368
0.11833677012841 -0.205122854143838 -0.118127050998323 0.111856003698154
-0.000619119687857465 -0.172530278021484 -0.103506718361075 0.0821971847266649
-0.0334272325975693 -0.122698244556832 -0.208823519147719 0.0233150866386214
-0.0361772436571054 -0.102981934781313 -0.287843359423933 -0.0819170481245059
0.0101264611818824 -0.125175249489864 -0.20937304072748 -0.286503537039363
0.16158276233837 -0.0697899377935359 0.105742902670317 -0.342938032875258
0.117706336502095 0.179910523816023 0.449604922212687 -0.0727070735681308
-0.0722144744569734 0.0940268949810564 0.369934533643819 0.490452047833704
-0.154802949698349 0.158628779390482 -0.16529394689621 0.762204106710198
-0.173887597794584 -0.0573911138407419 -0.528604531082366 0.776097395384694
0.0819624181350111 0.162889430735475 -0.0677231044762497 0.394896957828796
0.0569313295888021 -0.0496165942296399 -0.230634607675409 0.00770156264039247
-0.125558266649677 0.0846329900524523 -0.183576118295134 0.350294761714702
0.136762322036103 0.252559126691372 0.200498573891533 0.162199894167782
0.346186970611926 -0.0480425948903939 0.0212537073401885 -0.0274365014163187
0.161855797771857 -0.22853530296453 -0.0412179162979887 0.0225728897197429
0.0585727225053899 -0.185275981105694 -0.0836408059233 0.00123767066823154
0.0569352891925522 -0.117888387820168 -0.207661784061549 -0.0283282370182055
0.054564436357878 -0.0693500508965182 -0.288385840151823 -0.102496223220652
0.0572629636484339 -0.0652763832795155 -0.225808746444552 -0.29614888902875
0.170705114884221 -0.01486671133791 0.0752680703970134 -0.37447514418983
0.119386088980415 0.250309869162712 0.425732463307164 -0.12949667700307
-0.134933706408088 0.124780384018726 0.406693230215138 0.345971428222333
-0.0891671419987681 0.236071358155803 0.0305060873628175 0.76760313456079
-0.253692783325611 0.21140992759848 -0.462433264087746 0.778074174459762
-0.00984057333880438 0.474126629222116 -0.098819758622454 0.211250052958895
0.232705019712205 0.180037242796769 -0.329606282847371 -0.0995903499791385
0.0395304989587402 0.0378136180260176 -0.333147614153456 0.350602642738411
0.155497373535507 0.200560417773993 0.182229961813937 0.332323241605844
0.331869235330484 -0.0589294870852759 0.182613940523509 0.00619665343992095
0.16316423719295 -0.199941942190335 0.0571729153743822 -0.0648134199251193
0.103580098566089 -0.155428313587959 -0.044630883407517 -0.0833771546327063
0.13907070180552 -0.0955825185002097 -0.172577667412727 -0.0756297446997958
0.144759426625775 -0.0426040997352118 -0.245449276566587 -0.108009122487703
0.131188117193054 -0.0183012841374773 -0.216810774871965 -0.258931736348645
0.195460384257317 0.0625750224784443 0.0270904469824437 -0.349946389329886
0.0961645304040948 0.294817903924897 0.33752659314825 -0.19587314521715
-0.135161429370265 0.159963211889257 0.443749881549107 0.138761986814232
-0.0145532356635795 0.278824740906317 0.258754384856871 0.699543117347131
-0.241796474090203 0.447604541379657 -0.347204554776533 0.709594769523017
-0.140544131838635 0.6992760865575 -0.0539244076482132 -0.0483262161148311
0.261128059264114 0.427369321360282 -0.366899606601214 -0.266924712264139
0.203565141109176 0.0769997027076761 -0.479116707056782 0.237984855851534
0.187483048366114 0.124687308723068 0.0764366810716236 0.4533671117618
0.255994756450407 -0.0622401544372646 0.284040512654399 0.0742442785670386
0.12631492094585 -0.122417057329184 0.147541689040758 -0.107538400591976
0.140784937262847 -0.0794957232361575 0.00480149914998789 -0.139166253543489
0.201910950639901 -0.0588434501753431 -0.109784325802651 -0.111978682781461
0.210502011626113 -0.0251102301995241 -0.167191491927698 -0.112334551228122
0.197428792102615 0.0028086406788135 -0.140913170601414 -0.211964439807639
0.223221572320615 0.115529531626465 0.02443419371657 -0.261389221272473
0.0701893432325788 0.288398223572673 0.197177698564109 -0.183143465060713
-0.0672789298390046 0.128688761038839 0.396617582677388 -0.0601616116380923
0.0893517042615148 0.304078181872064 0.426470091620753 0.57439800396284
-0.162751779611127 0.622250812924424 -0.226595960916634 0.554822044847541
-0.266640407968603 0.769949003738456 0.0707869736608891 -0.317595297793922
0.207264986286691 0.568238652816242 -0.303887846133489 -0.43552663949872
0.275012343903369 0.114533223034331 -0.548281090701054 0.0233252338347904
0.164460530260477 0.0620197322528378 -0.0902661111516482 0.459552823224842
0.140177006965404 -0.0389441487773578 0.274984854949802 0.152793033708856
0.0725853355409327 -0.0156355589082344 0.197803831584455 -0.0812945693644654
0.162560146143925 0.00896174420541254 0.0611066827908009 -0.150968208259549
0.23643287391089 -0.014298731297583 -0.0288848049303139 -0.131717251683894
0.233795529158721 -0.00932070455092802 -0.0722692799880119 -0.128232541467108
0.21150304871545 0.011079537487617 -0.0269171700231857 -0.183537280499394
0.20375605772423 0.116930763038433 0.0932627310871199 -0.152423836120512
0.0387702106355103 0.192614791736398 0.0683837900035439 -0.0814873175553043
0.0561026327367548 0.0655444632455725 0.290026718280225 -0.214484714297121
0.206274613467316 0.292922665799593 0.462290925718492 0.434645054310706
-0.0506586463047423 0.724404337783102 -0.151299799500539 0.327058763774438
-0.292592363891325 0.722166403193074 0.247779699611022 -0.522129178167432
0.186873594241565 0.531031669432296 -0.123294348471762 -0.54592597599373
0.235892668695234 0.0552872185578901 -0.487481287108721 -0.241568811524225
0.0773499975862376 0.0119872390578926 -0.250792681647761 0.344815855110671
0.0147660823035557 0.00621491891988886 0.167665884079043 0.213900245518211
0.027217744850138 0.0905705236184408 0.20711535219551 0.00467237539351436
0.165836237365485 0.089466550836041 0.127122601875928 -0.107641475101185
0.234879805845836 0.0320930766813563 0.0577910600258241 -0.132753490685159
0.213712383621631 0.0177771498985859 0.0155748962925503 -0.150553826588794
0.163278175217067 0.0233121644020672 0.077068400544464 -0.185274090763505
0.103395920858075 0.0855447522798074 0.187449919282778 -0.0717063198077156
0.00287261221869102 0.0303908968604966 -0.00885257700276916 0.0290857501346181
0.15832446561151 -0.00722520381269125 0.194378661853394 -0.257230154447575
0.296145709309919 0.237553587727488 0.371865332017128 0.305666149485537
0.0225637774260133 0.730129275198177 -0.115588001256063 0.0600719642701254
-0.183099176941393 0.567820811124959 0.416056491374562 -0.656638903851425
0.217522512599833 0.308732377956283 0.0980773895763861 -0.603444440547979
0.112356445822426 -0.0386378285486592 -0.363619873087283 -0.468413904334877
-0.0118801706333759 -0.0266222290969232 -0.373011597603836 0.172851476208541
-0.0862057325055925 0.0492726414083623 0.0164049850603866 0.261386453893969
0.00215197613819583 0.157595771077082 0.193224791636159 0.120369704426329
0.144833400618749 0.131847959389667 0.192685017071188 -0.0439391648033757
0.19813513746737 0.0757944472597924 0.136681254131288 -0.112323441254355
0.160051405981304 0.0647453391697711 0.078763330510832 -0.162405013169902
0.06784101622944 0.0720016856844085 0.142459175862455 -0.186660826089195
-0.0419022126308098 0.0480854416862534 0.243726183914149 -0.0309523771936411
-0.0314155858093211 -0.117850499348639 -0.0434899663010012 0.0794689891705114
0.192623427135556 -0.0657099768822901 0.136868518206086 -0.234067939376978
0.348819646525662 0.168810741907854 0.218818598548807 0.186236033540501
0.0430267380854212 0.638949299440407 -0.0941598606628443 -0.193855759175725
0.0191429729152564 -0.450996167355718 0.0704257500009624 0.387675485546005
-0.317422847684674 -0.146776054463837 -0.0918790572926047 -0.0722283744268363
-0.177344429383989 0.126517207689181 -0.100344679646789 0.220305025321411
0.0470961400424405 0.18940961881021 0.0869456238340596 -0.054078489909036
0.181208107797517 -0.030186051758932 -0.219881331349296 -0.00300347835046918
0.0367192856429184 -0.150741171796762 -0.152668004392839 0.174149618790311
-0.0721692751787651 -0.124835816820865 -0.0985505334295503 0.137027028403622
-0.120345575429479 -0.106285899427763 -0.175060103479047 0.0696749286627457
-0.10897409329702 -0.124983227761554 -0.253068731188393 -0.0293164098467358
-0.012716648084741 -0.167351814117835 -0.195089042857311 -0.217981559174115
0.137567449977588 -0.0862508414354803 0.0693318768700208 -0.298663354966832
0.09623011175864 0.0958934714667528 0.438333330918602 -0.0931026631346607
-0.0340145943939674 0.0870239300969166 0.359169227736643 0.546048049346473
-0.222950435131873 -0.0147173244923755 -0.209104413468321 0.698990947986989
-0.0171102179855365 -0.336729702242272 -0.492454189978731 0.746010841696804
0.0778712197163852 -0.173041441270942 0.010231244575974 0.460776707544181
-0.18090337596733 -0.144604060285634 -0.1258630776409 0.0214243147556408
-0.182279738706239 0.153475279551488 -0.0907425207133973 0.27476324533251
0.109435577621793 0.241404860816884 0.145746979969882 0.0157899435344439
0.29117308760669 -0.0392223036155645 -0.132767413261732 -0.0208259576794395
0.115569468428456 -0.208281543315837 -0.116430277137209 0.114887302896457
-0.00378729184471939 -0.173146821363298 -0.102004710765552 0.0854599043446929
-0.0361592372984904 -0.122896540359244 -0.207891254254955 0.0252347352823577
-0.0373333064593789 -0.102640322358593 -0.290270383143449 -0.0757015605093345
0.00787867570015506 -0.125279599156456 -0.210768831309558 -0.28551176665816
0.160987226980292 -0.0726676476382443 0.100530183431885 -0.347137496731159
0.121186389318013 0.178459515507141 0.450194591351406 -0.07899621429745
-0.0716148120087185 0.0931251963428462 0.375995568199976 0.486702470917081
-0.153352148333432 0.161075421860786 -0.156757221679284 0.766008372059613
-0.17511486594299 -0.054743487237822 -0.520283759410918 0.786301131983961
0.0862828504245088 0.163172450420685 -0.0597331742268802 0.398955437212484
0.0558576101885523 -0.0493454278100475 -0.231572858457074 0.0110661289503689
-0.124329512871366 0.087700304683308 -0.178000000142862 0.353741459172529
0.140741835349695 0.252797812258363 0.202868277173638 0.161113500335553
0.347074063868982 -0.0537763593470007 0.0208652198837716 -0.0275897307174734
0.15853417672322 -0.232222321875541 -0.0407255441166826 0.0233316498530216
0.055065689429191 -0.188076047587127 -0.0834745079019264 0.00254624301136298
0.0549825027442651 -0.118741241230737 -0.208646411889809 -0.0248645727186492
0.0528743211256035 -0.0713868418812002 -0.291013641387837 -0.0990210896779253
0.056198226147789 -0.0653000571780356 -0.230803268268416 -0.293481717619557
0.171584081031561 -0.0170314974402007 0.0697808270877221 -0.376046693182564
0.125332627166619 0.249267291895013 0.425604824269206 -0.136066074918705
-0.132727406630518 0.127801157992858 0.413470699240167 0.341278713655714
-0.0862669712717821 0.238289317456422 0.0422478044555684 0.768561393163614
-0.251655483480632 0.216098549889952 -0.45685884571552 0.790361298310933
-0.000190939838309291 0.478015618976403 -0.0951268245256875 0.212652832250324
0.238322740754119 0.176584048444211 -0.331811428454966 -0.0954897289463249
0.0403101415115116 0.037624749397857 -0.329430987512461 0.354699157027152
0.164105247820822 0.197044701398047 0.183232687406082 0.330658099490012
0.331989385058112 -0.0662310676712365 0.183022404629874 0.00305350280495038
0.16061535922556 -0.204679081920971 0.0569364386384812 -0.0649903151998674
0.101296828912695 -0.15731586677089 -0.0474183208200237 -0.083353454520494
0.138462846747435 -0.0983344908120567 -0.17338684054607 -0.0736493216360046
0.144037362895111 -0.0443792230438915 -0.247394423293808 -0.104055478333853
0.129136032925048 -0.0151335053999909 -0.214260582863949 -0.259376468417867
0.196785599965992 0.0602302605282082 0.0234522588921525 -0.350273937482833
0.101784867160752 0.295477519308784 0.335715517020947 -0.201695273772328
-0.138750741099788 0.148273392497487 0.439718861154684 0.142724785230746
-0.0117644719417693 0.281388579200376 0.269548448449168 0.698283485716677
-0.23727831362326 0.451187733154909 -0.337428416168845 0.717273808764285
-0.143312323532251 0.694348510646916 -0.0545352172086492 -0.0472909260958894
0.269467867628727 0.424357669027197 -0.372703562820016 -0.261748102045755
0.205111401045934 0.0743915865011889 -0.476433002013691 0.245613363680039
0.191330843011591 0.122951951083197 0.0836694668187247 0.451515634466529
0.255297313272664 -0.0673477804421157 0.284901881972502 0.0706138104504836
0.124259609953328 -0.125478079619654 0.146310410176114 -0.110407694693729
0.140070800345453 -0.0817820338338756 0.00239526795328818 -0.139375718103139
0.201010770196798 -0.0632447666893975 -0.111263406358679 -0.110928139862209
0.210111718886514 -0.0291395916723104 -0.169848100212305 -0.109780303994891
0.197578512149253 -5.62910062745598E-05 -0.144879416863347 -0.210779994626585
0.22650163583964 0.112529698051415 0.0214039989591678 -0.263056993519681
0.075009689631563 0.289402086514914 0.195512303973027 -0.187466859216663
-0.0661583794846113 0.131554932849171 0.397301481950412 -0.0659443633346569
0.0937354867200607 0.303942733689377 0.435344369459579 0.570337290519871
-0.155514551536415 0.625979500061777 -0.221849200964525 0.558961230374054
-0.275228424625151 0.75937389543581 0.0699937592053255 -0.315290421130621
0.205875062537369 0.565298229236411 -0.305127272845708 -0.432357247180631
0.279563617379128 0.110212908820546 -0.547542189475886 0.0298006596941704
0.172185670288554 0.0566551526937542 -0.0853700524723243 0.460636072860273
0.140244246718997 -0.042676221187805 0.280447446843611 0.14744345233302
0.0723676658244223 -0.0159727895937283 0.197830356403057 -0.0886523056813949
0.163540247327294 0.01335830850828 0.0603323891806003 -0.147546652908737
0.236596278906364 -0.0185020473856722 -0.0305677958380404 -0.131212616050915
0.234515012806328 -0.0157789973260108 -0.0764113331927582 -0.127319049284874
0.214874083667097 -0.00249020789857188 -0.033115539118583 -0.184665967486854
0.206593532361855 0.113317207673474 0.0916716537014083 -0.1545347293674
0.0404715629761845 0.192978881416164 0.0676596780493855 -0.0836468205572405
0.0491084260288036 0.0632204405024413 0.288230185200328 -0.220020184941496
0.210587802990927 0.292343466500554 0.471688054562289 0.42812100686941
-0.0510622896174542 0.722852856613272 -0.146671098148561 0.331199259100968
-0.307894180803423 0.704449037186419 0.245932260989118 -0.522969216141418
0.195760497913639 0.529912680552308 -0.12924841651674 -0.545696244954919
0.237024844742455 0.052356847439509 -0.492132929414116 -0.235051725691591
0.0788943895199346 0.0114174381884347 -0.246215027787602 0.350312201401902
0.0156761624261703 0.00520243802994873 0.170532538768235 0.210958020071385
0.0280230515623789 0.0902780525096157 0.207014850384223 0.00152466843799791
0.167544299958122 0.0862402323802935 0.125473214285271 -0.108954545717829
0.235753425397455 0.0276429481814933 0.055576508061117 -0.134484128752253
0.214201046702123 0.0143043608426954 0.0132670608421869 -0.151249973958065
0.163688179448908 0.0206489658727923 0.0738884648256631 -0.187170200338566
0.105412160925573 0.0838287201585544 0.187133261431371 -0.0749903660803862
0.00386922542985386 0.0305981668202859 -0.00808095735592421 0.0290546961289447
0.159260976347874 -0.0090801322584189 0.191515067948858 -0.26089821011254
0.300863359474637 0.232730397813063 0.377902207945826 0.302999502488356
0.0335648825419367 0.731238946671385 -0.114432929612668 0.0609645758047702
-0.185558877050418 0.562952092539855 0.41710482947934 -0.654336257390544
0.219941510037047 0.307065056461639 0.095734993724353 -0.604319610203719
0.111802005567452 -0.0400928397242434 -0.369011414696348 -0.466156242464493
-0.0118136299817899 -0.0267983745524251 -0.372115933011112 0.178303123978042
-0.0850655630286909 0.0505860077207488 0.0220748759486351 0.262175516002079
0.00362150870690794 0.157926104970031 0.19787016164425 0.115822397177296
0.14567179720319 0.130639260851397 0.190984987771314 -0.0399374483312427
0.20067173485368 0.0714089902082109 0.134320014951478 -0.115908562112311
0.162108118730486 0.0611631496024288 0.0734660248936403 -0.165755932918966
0.0702607346564907 0.0698536335975559 0.135439552173198 -0.19737203368982
-0.0410904215967179 0.0481748909326067 0.243123369297673 -0.0340690999853156
-0.0325319330660563 -0.117726354922978 -0.0421515656190926 0.0798971145547549
0.191656213958386 -0.0681233145773448 0.139671461882795 -0.227703794229815
0.352581135657707 0.164118456055439 0.224641380977818 0.181967573257471
0.0446361336786074 0.638388951580368 -0.0967045698907709 -0.193163442783987
0.0136824817780397 -0.451715380464066 0.0758963489796601 0.388070395524933
-0.321085402077837 -0.14204940594827 -0.0933832477729387 -0.0703291376301917
-0.175967179931557 0.128978188726264 -0.0968066993161217 0.221692386547125
0.050395360744523 0.189356072095517 0.0858786075152669 -0.0555404142426095
0.181384840033648 -0.0333396083126031 -0.220629594511978 0.00143536987155335
0.0338265570708211 -0.151911504597038 -0.15000196532869 0.177330250637051
-0.0745145421274966 -0.123961467607404 -0.0958407893164265 0.138612187109212
-0.122190622568869 -0.1046994846838 -0.174079994853972 0.0729537215594973
-0.110806937519509 -0.122804824453214 -0.255115163171272 -0.0251987884899252
-0.015488164219187 -0.16796037581853 -0.198365161391379 -0.21489834857394
0.13743879916928 -0.087427134033086 0.0652151618643432 -0.30116045945944
0.0981254145071215 0.094616385005314 0.436222324691847 -0.0986631913293968
-0.0326171636342442 0.0876266022111291 0.367235819150458 0.542213314684133
-0.224465680169245 -0.0111236554742931 -0.201139262575306 0.702526858587753
-0.0214242477660833 -0.337478988683403 -0.483037886764761 0.750473054912436
0.0758575435808085 -0.173302068937166 0.0155345576162491 0.459949809955988
-0.183031482561184 -0.143161972100364 -0.125125719824428 0.0235805956574343
-0.179673183699359 0.159047078380874 -0.0876039443598552 0.276051997327188
0.115343599855936 0.241010788638782 0.146289029094832 0.0135752958064784
0.291353894252687 -0.0447282864048585 -0.133275607046935 -0.0187551913512883
0.111875443110791 -0.211015604130676 -0.114596062585958 0.11859439054031
-0.00616702226777567 -0.172668154321579 -0.100278628255176 0.0857094085839435
-0.0378018434969009 -0.122011152459401 -0.207357404057694 0.0283579189383988
-0.0390140173272202 -0.101858049901983 -0.292080324773943 -0.0710749775959305
0.0056836952291949 -0.126765625289281 -0.215442219019983 -0.281568881512943
0.160961646167963 -0.0752485597401036 0.0965276745597518 -0.347879570063057
0.1241421583602 0.17691390897362 0.449954477902256 -0.0849458289462936
-0.0714792149109746 0.0910381300995116 0.375990445998732 0.487712811230613
-0.150923127974483 0.16367729065356 -0.14608062950078 0.771086147783691
-0.17536715971827 -0.0530875592763777 -0.508869683044569 0.794390811579359
0.0896378195733988 0.163790909133335 -0.0531835656370368 0.401344207712842
0.0549961276800596 -0.0499023745040155 -0.232019856162821 0.0139426561100996
-0.122955101792863 0.0894355144109055 -0.173138441475799 0.357711745845941
0.146846871598972 0.249628337730898 0.206632141580323 0.157855899323242
0.346403298308055 -0.0612267310704782 0.0200490284706325 -0.0285286580885798
0.155084988640433 -0.235257553596653 -0.0402374119153957 0.0251240548713531
0.0520482312742326 -0.189271483542942 -0.0833836989490863 0.00362644021562989
0.0528681502347575 -0.119277133793348 -0.208198708916101 -0.0212785368589543
0.0519816663825754 -0.0726993207378727 -0.2929362264948 -0.0941335782316224
0.0551339694308042 -0.0667127635583266 -0.235615103544847 -0.290908494246139
0.171289002109791 -0.0204251937167471 0.0642666489662974 -0.378091324454077
0.128900180804 0.248097424522338 0.423862844768693 -0.143035537824013
-0.13149326188212 0.131070221449293 0.419756572665538 0.335800282793253
-0.0829606606111534 0.239401923365495 0.0530616595552821 0.770068005199579
-0.249623231357693 0.22045089003157 -0.445085633177614 0.795101980413791
0.0162763317557594 0.483771113885627 -0.0904809194874792 0.216365993979777
0.239846860032979 0.174044016778764 -0.333326716640692 -0.0912768120281421
0.0416830971172792 0.0382310134844248 -0.325725996864845 0.358891856535209
0.172580061718097 0.194202678235255 0.19232968709864 0.328397408313815
0.33211310564962 -0.0731839960896794 0.183560946548594 -0.000534156245214976
0.157619575108371 -0.206284288614619 0.0556088369238437 -0.0667915701955107
0.10172880911139 -0.154702306574591 -0.0485888204636772 -0.0828739676408198
0.13623945018312 -0.0997521720337767 -0.175099755377529 -0.0717332660569622
0.143232573493418 -0.0479151126448794 -0.250698732868753 -0.0997801568499305
0.130564549316792 -0.0201356946961719 -0.217014058201895 -0.257019460533906
0.200030359729127 0.0553847501809231 0.0168573193551381 -0.352240044032103
0.110868551813052 0.295594718923768 0.333862725431399 -0.206833940311203
-0.138337093451365 0.148119127721182 0.438216526420112 0.143929335404224
-0.00820888696022093 0.281648598730576 0.278817011473602 0.693845461764631
-0.234634586459793 0.453819287339924 -0.327012733571007 0.722098713846301
-0.14857781244527 0.68571666391154 -0.0534163287436536 -0.0468218066662014
0.274310339518697 0.422220800425842 -0.37612234425727 -0.257400087791498
0.206847530980074 0.0717237062533074 -0.47413116721248 0.2518553390956
0.194365964452731 0.11998175446067 0.0902539167727119 0.451634367747346
0.255244794100142 -0.0726281813250909 0.286266578332292 0.0655753455573644
0.122411570755994 -0.127777687478022 0.144769751218157 -0.112177671851961
0.138398532692959 -0.0844685706649134 -0.000337849899791362 -0.140484470460298
0.200606502610956 -0.0663318870038361 -0.113523960107302 -0.110183269024615
0.210280576811268 -0.0326081302532616 -0.171372985438109 -0.108463124938448
0.197092417548639 -0.00387869095561428 -0.148413415575945 -0.208406734775658
0.228726285285327 0.107959019190668 0.017038975724677 -0.263344815961688
0.0802324700493363 0.288266420862702 0.193636870268198 -0.190722127642751
-0.0644125334004162 0.132812065424436 0.397198912439525 -0.071631688717793
0.097384431845932 0.303802622030315 0.443811006953699 0.564904483949876
-0.147547750855968 0.630225725501623 -0.211928930827009 0.561773168989922
-0.272334770591953 0.756654416849207 0.0712453610934269 -0.312985707544078
0.220397618379552 0.564104605494388 -0.310652836844205 -0.429122538599921
0.282247770115361 0.105666058184144 -0.548527146440558 0.0352772548144405
0.171761440249375 0.0560140981968986 -0.0681241042923628 0.469175043531377
0.140897892537038 -0.044283485959015 0.284213287308419 0.141594798216861
0.0718667761340905 -0.0169109283292244 0.197122171586953 -0.0908601006429726
0.163754181646636 0.00783418108545143 0.0600324386657394 -0.146499574436296
0.235111837227036 -0.0252409573363297 -0.0352798682229749 -0.132476270274729
0.234778237023056 -0.0190701060170199 -0.0761468992925129 -0.126206514963946
0.214622140648091 -0.00392195959379407 -0.0413100431069199 -0.186529168814808
0.205885940126199 0.113998470698254 0.0885947156626915 -0.156953858671078
0.0446870805014031 0.193037058790732 0.0674154353896868 -0.085439416620185
0.0524984218019736 0.0636847380505391 0.287848319745418 -0.210409178802474
0.212425751827585 0.289003784126386 0.476221305438555 0.421608445042353
-0.0428512262301197 0.725258894748242 -0.142048512482015 0.333034506531032
-0.295853111853784 0.708405772955044 0.24239334013999 -0.524942016261201
0.202869121750729 0.529113306121695 -0.137065259106193 -0.544451182544215
0.23793498804298 0.0493618154524301 -0.495541860860625 -0.229781360644697
0.0797361662898848 0.0102274832662461 -0.241112488446458 0.353703442029182
0.016164233999204 0.00544135198035607 0.17367137596631 0.208248877132032
0.0297391566578502 0.0902553823298868 0.207565062714181 -0.00152406190057444
0.169680572525553 0.0843329624300869 0.123527072731936 -0.111965879750424
0.236688587064902 0.0234363657059565 0.0527091074489395 -0.135787544248167
0.215024611266364 0.0111041718287496 0.0108921671970358 -0.151593027956935
0.164077406435636 0.0189055733591994 0.0706849291037061 -0.188938631967761
0.107370492593641 0.0822925952816103 0.186361226087972 -0.0779805477582612
0.00473679141912641 0.0309981441832157 -0.00725035199698925 0.02905087235873
0.15936606486115 -0.0118008962770624 0.188883466303176 -0.264167422968167
0.304329114328374 0.22896297959002 0.382682039798173 0.297453011490998
0.0429402771656402 0.731477875363642 -0.113905603843751 0.0617740148361433
-0.184148825177689 0.559504048150733 0.414194758180367 -0.6527029478681
0.226199978900057 0.303320549491611 0.0895142980694258 -0.605667303933576
0.111539196077035 -0.0421793678412561 -0.38104426095078 -0.459751482004161
-0.0121912191825069 -0.0263886720947443 -0.368706654522687 0.194011948828912
-0.0850294374835147 0.0512163962503074 0.0283903609569283 0.262246977437677
0.00602965666131934 0.157565487571218 0.19598763240978 0.115309956785972
0.152062475687392 0.125790959959444 0.189283310782729 -0.0394079855296625
0.202926048984346 0.0665763478347805 0.131967181910122 -0.121062554487251
0.162569310330692 0.0592396857046605 0.0730818273452251 -0.165145863872732
0.0689467404284065 0.0703366104568294 0.131845057292329 -0.200164426875877
-0.0404583932191682 0.0495425727032088 0.242761152617073 -0.0394420081565777
-0.0344620116187559 -0.117269675377548 -0.0407812242866846 0.0803634534821998
0.191730825749339 -0.0849197640123071 0.134714561229781 -0.233230867649286
0.355480422009612 0.159937285245032 0.22716649464514 0.179450300770558
0.0564196986515046 0.638177529137501 -0.0985167483841841 -0.192480193118307
0.00885228315748292 -0.452255169832302 0.0819713421682159 0.388310845248581
-0.323018393772741 -0.137418248694067 -0.0941261182923557 -0.0684283368377189
-0.173843186839169 0.131964260675288 -0.09347183289524 0.223079081104073
0.0532143913849644 0.188737588769698 0.0851834988127666 -0.0568702663316636
0.180267511517932 -0.0373683975657067 -0.221257167503204 0.00542951591598171
0.0313118790301635 -0.152741731047033 -0.145591242421914 0.180826712129628
-0.0772995548523973 -0.123507902292024 -0.0933909893778945 0.140100779941843
-0.12407111066285 -0.102576979968175 -0.171477852575281 0.0756622482295666
-0.113258183934208 -0.121440454158231 -0.253962314666939 -0.0216596426309645
-0.0175839320839052 -0.167036481450342 -0.202084426297158 -0.212338472024374
0.136236382824292 -0.0891844226270159 0.060755951395241 -0.301329180032118
0.0995600024484245 0.0927832869063172 0.436030174633484 -0.106822041777397
-0.0306259063125417 0.0886248336304621 0.375430078972597 0.537387473233331
-0.22411791154814 -0.00786754621467015 -0.191351933182496 0.706051110871121
-0.0275194905598704 -0.337808729551915 -0.471440231134657 0.758844747121758
0.07186063471388 -0.176347967824606 0.0205085730781713 0.460149366425575
-0.187005286078509 -0.139571804135215 -0.125026075114198 0.0239598664784843
-0.177953517412736 0.160813578151052 -0.0832873306846528 0.277720210713383
0.11684559828099 0.238577400902959 0.147898885382911 0.0114737513333332
0.29066355875444 -0.0502996250061731 -0.133852625522062 -0.0167445383599413
0.108960892706048 -0.212641812485427 -0.112863229549395 0.120800110188379
-0.00864424052484698 -0.173376603523922 -0.0991182148446507 0.0867871191081974
-0.0401591195394818 -0.121003186066292 -0.207595467293283 0.0334740715810236
-0.0409350442187217 -0.101736343515091 -0.291746565050987 -0.0675503464593963
0.0036043636739442 -0.126575324284401 -0.224067084569252 -0.277109447436221
0.159632240629925 -0.0779668747747325 0.0916253890314757 -0.349315447928548
0.128128293763017 0.17554933782133 0.447689018528929 -0.0905888160936649
-0.0695206566206917 0.0952054815384168 0.38299518127107 0.481672922376043
-0.14944052321565 0.165978260658019 -0.135080459011374 0.773839643774955
-0.175918758786723 -0.0504136817180252 -0.498171634686307 0.80350357436035
0.0882722562082212 0.162289574540621 -0.0505302953622809 0.401661279558716
0.0534991992798692 -0.0504545992179731 -0.231913953517172 0.0174255296174729
-0.121192548445438 0.0922153694375745 -0.167773014360428 0.359386872338135
0.1520398751365 0.248107614277185 0.208856744847173 0.155420136333117
0.346569924347611 -0.067504250023762 0.0191527165602765 -0.0289530838401588
0.151208237810804 -0.238416069327531 -0.0400719443630132 0.0251206140008662
0.0488990509439164 -0.19000527390509 -0.0827246157657195 0.00493870332312159
0.0512925328475167 -0.121389558607469 -0.209161149056762 -0.0184918926277029
0.0504971136117937 -0.0730902865505809 -0.294639910884199 -0.0894451029447182
0.0535556478795325 -0.0681293644865019 -0.240211112311028 -0.286224167827732
0.172098075796464 -0.0236691959650443 0.0589630959631206 -0.3786750585719
0.132986223545705 0.246538468141312 0.422415819626353 -0.149571984038318
-0.130074206431804 0.13298313549868 0.423413169286429 0.331775626974123
-0.0800825100040802 0.240416579157498 0.0606397280087751 0.769649971354928
-0.247409008841568 0.222661062495579 -0.435779510711094 0.798686809819605
0.0189755553856985 0.483179463479333 -0.0866328143133249 0.218071702050438
0.240218721065762 0.172481396731994 -0.333470071392621 -0.0869519621245696
0.0439990858741713 0.0380646948904965 -0.318491090246046 0.365621466520287
0.173236235361654 0.19335997099184 0.200956723137429 0.325632729964321
0.331210890780281 -0.0780136829660579 0.184309184668863 -0.00322920720325224
0.154404738557013 -0.209204482985811 0.0551901388314435 -0.0665784234450711
0.0993132793583287 -0.156413482589744 -0.0484238094501316 -0.0822306684588287
0.13414674508257 -0.102833556219593 -0.177045346539121 -0.0672117264146386
0.14224506691751 -0.0509331506229274 -0.252575173289723 -0.0949974488704421
0.13134511598444 -0.0273357521129642 -0.227476772087128 -0.250739010366185
0.201778874957862 0.0524142920915108 0.0119199124738816 -0.352692200180019
0.115086528332113 0.293691118268143 0.330910808169659 -0.211137876468665
-0.130759807083305 0.166750718168035 0.446374385337606 0.129507406625441
-0.0055279291885428 0.281793062117903 0.289223918357412 0.691859107537426
-0.22778173775702 0.458029926225579 -0.321307430930889 0.726280252789704
-0.127807771876149 0.698115487737028 -0.0545045128409927 -0.0464370745602041
0.279531811547681 0.419245251947789 -0.380220179428628 -0.253328780535953
0.20839304140975 0.0691683312596022 -0.470303632985527 0.257681767973213
0.197119540880213 0.11782031042601 0.0974800447366281 0.450960649337025
0.255166680497205 -0.0764642113135619 0.286469894893855 0.0620236988535123
0.120400629729676 -0.130001919540682 0.143578020618992 -0.114541040419467
0.137177762467947 -0.0866513837767795 -0.0025269094030055 -0.140695369896424
0.198414311103483 -0.0709976101456783 -0.116001502211771 -0.108264733131581
0.209473458153242 -0.0354835579260581 -0.173327750920885 -0.104461669506844
0.196033137047878 -0.00709499039905181 -0.151845722534543 -0.205827770860882
0.231638779875752 0.104056403553888 0.0131922601394631 -0.264104252525815
0.0853728053415897 0.287793340115723 0.191039626544663 -0.193319541354817
-0.0633200275059108 0.134901617588397 0.396824853989881 -0.0760740768027471
0.101040159644632 0.302781023073598 0.451120069119001 0.558252050507226
-0.141240233460882 0.632869825411793 -0.206998072957254 0.566476249180045
-0.244115722787645 0.779016973776401 0.0647986919680215 -0.316996634362167
0.238066780596343 0.563567544048272 -0.319921853523181 -0.42315301753611
0.282675099456025 0.103783388785227 -0.54858420240332 0.0449786633207064
0.168099254267915 0.0566694224565327 -0.057388762374701 0.470253330403676
0.140104733773659 -0.0463242112867768 0.28514005719063 0.138419954097155
0.0712727095170688 -0.0190403602825012 0.194816567876892 -0.0907881215200737
0.163509554198473 -0.00153076093394506 0.054621257235449 -0.152092033793951
0.234900563385545 -0.0297270705974149 -0.0385172580580324 -0.131722917281011
0.234755218461313 -0.0215995375490375 -0.0777067905100986 -0.124624018811253
0.212537191944262 0.00194146325467766 -0.0404933830710692 -0.185315017900061
0.209547865533364 0.110833466229089 0.0863533208701635 -0.158550361902689
0.0513588423117337 0.193124625380561 0.0659858672637194 -0.086072156781917
0.0620777112950033 0.0660554189127543 0.286832618706206 -0.212661265558093
0.216982729101343 0.287506417799706 0.481120444886269 0.41613616617898
-0.0265914162657315 0.729698588059063 -0.140205854084792 0.331980868710894
-0.257838422283924 0.739564407217253 0.232888280542291 -0.531623408879839
0.211884276135141 0.525987682571992 -0.143672562133412 -0.541187024900555
0.238795712595138 0.0459675635111098 -0.498107978802361 -0.222835993372628
0.0799437078030113 0.00857735821856568 -0.236392258955774 0.356028186117367
0.016334214775614 0.00507052100259753 0.177249673891052 0.205720815693898
0.0305872654706285 0.0904319173905146 0.208234812811674 -0.00550442298531793
0.170246597191494 0.0810127946146631 0.121161510468917 -0.113654489877731
0.236258076813635 0.0191770260467439 0.0502078447325786 -0.136210318030362
0.21568949582781 0.00723220396548139 0.00764912209855669 -0.152216813078645
0.164008287083172 0.0157225509489005 0.0673143882212443 -0.190905675280332
0.109076774267218 0.0799628763327946 0.185149166773524 -0.081719702607545
0.00575856445523834 0.0309116831241753 -0.00681225047729731 0.0287515500304569
0.159003235234932 -0.0128109133280851 0.185122999839653 -0.266644483537778
0.306897677827919 0.224956543660346 0.385849865688996 0.292926873046427
0.053072551622523 0.732376974524581 -0.113069323869284 0.0634766630237792
-0.165416498297906 0.57308802626259 0.400800917240536 -0.668207082636904
0.233287301308488 0.30034095314878 0.0768385037628141 -0.609257444570858
0.11050683175994 -0.0437472889546053 -0.38822906919398 -0.455352739639289
-0.012365488129432 -0.0264913754836024 -0.364984421794183 0.199223349896351
-0.0836649915757133 0.052494995037555 0.0286886147738528 0.262196585222663
0.0102808019146698 0.158119051724026 0.196285207514304 0.113396394580599
0.155317197224512 0.121109855212226 0.188867933139266 -0.0489088395179226
0.20343778390865 0.0642178283942359 0.128945050077209 -0.121487293925075
0.163291051282068 0.0566818807026364 0.0714064182268906 -0.165193816969081
0.0687691622591371 0.0698047377555911 0.132978928448439 -0.195553654185058
-0.0396348960597049 0.050124728572834 0.242541816861 -0.0447628167760613
-0.037251145394749 -0.117041849984032 -0.0398019351369493 0.0804367144533063
0.190975307999759 -0.0870156131188255 0.127046326214362 -0.244642235865416
0.357638245813034 0.153305319268317 0.226379898269578 0.176782596126015
0.071080350968946 0.640408624265422 -0.0999665464223024 -0.191756567050737
0.00165141509864471 -0.450726194366391 0.086725311858637 0.386343097154777
-0.326555925203195 -0.13189746687786 -0.0949729119521114 -0.0676788619118493
-0.171646770745839 0.134720014322859 -0.0901570391567096 0.224591885412413
0.0560461866058962 0.188693895466668 0.0853584010453075 -0.057879306376282
0.179757224308984 -0.0403473059326798 -0.220292459463961 0.00768915087069994
0.0286278851076855 -0.152894717828068 -0.142960407316889 0.183188540307966
-0.079089275696677 -0.122283782763301 -0.0906975768094364 0.142188635827707
-0.125800694334312 -0.10053591213329 -0.170151132768167 0.0782778084295498
-0.114816681717553 -0.119339726301143 -0.253635811634505 -0.0162319461703101
-0.0203503409234638 -0.166867804971628 -0.204153416420431 -0.209000446864422
0.13477346558975 -0.0910615390951449 0.0565304115387151 -0.302138249359589
0.100708633285872 0.0914747640820462 0.434360434717906 -0.110646112484119
-0.0297960684458486 0.0882860795715687 0.382107495481963 0.532097227967544
-0.224520494645055 -0.00515749683981005 -0.182271219616993 0.710225793446173
-0.0310877278193109 -0.336606093315931 -0.460609835984672 0.766904195479724
0.0679859683035445 -0.176450114807681 0.028200550347094 0.460940359922312
-0.190337358969705 -0.135429216944362 -0.124550456922917 0.026573577375623
-0.175292718520375 0.16149435822727 -0.0787649624773029 0.279362995112861
0.119520834027479 0.237839499850544 0.147904704097656 0.0102965214860979
0.2898291347049 -0.0550530918928997 -0.134549522506874 -0.0146761861986481
0.105460546624457 -0.214088910199658 -0.110057904700752 0.122158931774207
-0.0119070762295367 -0.174180419501349 -0.0966443995456325 0.0888633057298097
-0.0427010964833152 -0.121624995553165 -0.206757365332716 0.036580046007022
-0.0428703418619477 -0.101646665843059 -0.291959296385677 -0.0637734675595735
0.00188002597982668 -0.126874616118712 -0.227470287202619 -0.273561938197486
0.158420486415041 -0.0800021296945151 0.0878949471805313 -0.351073991938673
0.13034269482942 0.174262653136321 0.446971401582312 -0.0962909421548213
-0.0677031513269073 0.0995642707159615 0.395981900457427 0.472930921014021
-0.147239777631224 0.16932426990749 -0.126527695236343 0.774287772891261
-0.178945052500885 -0.0471913209577678 -0.492201708407417 0.807332963644753
0.0893633584941496 0.161176875010082 -0.0458813566237593 0.402361745641027
0.0526486876310376 -0.0506369216484914 -0.232166662863442 0.0205194354168034
-0.119467145209258 0.0938309329029902 -0.164176432584019 0.360591888130159
0.155747274612729 0.246258929236639 0.211380217600356 0.152522827552145
0.345187256252918 -0.073638902003397 0.019374785068994 -0.0294839781373741
0.14710661415704 -0.240997700455157 -0.0387557561387887 0.0273888672058035
0.0461563946476143 -0.192061750940631 -0.0822401094015945 0.00557620123791551
0.0483643121704182 -0.122186991681683 -0.208315535481444 -0.0159897413242064
0.0492647190182084 -0.0745841633469584 -0.2956646258271 -0.0850819573730387
0.0522735559320149 -0.068726303587091 -0.244961602092063 -0.283234985603789
0.171414852094907 -0.0258289769071894 0.0532994276254249 -0.380422974306566
0.137830007565172 0.24402605782924 0.420213481382524 -0.154059913947631
-0.128580247975265 0.135060190898252 0.427172711741479 0.326404891846477
-0.0776292721680125 0.242441277638094 0.0705019688766485 0.769677204837206
-0.245274014167648 0.2270138737964 -0.427481593446515 0.805222171101348
0.0147749192146426 0.477834192601626 -0.0858091781706471 0.216881103820721
0.242669261534954 0.170265868972106 -0.335632712790838 -0.0825428516773553
0.0438736276574291 0.0374859198860542 -0.314811523355117 0.36958937020326
0.17194717677022 0.191433161612759 0.20269804442452 0.323257089907052
0.33012236519895 -0.0827810660592884 0.183028296914594 -0.00591413051336621
0.14971823683507 -0.213338054371208 0.054355142268997 -0.0664468721933103
0.0930861584563561 -0.164582259549036 -0.0499793912174197 -0.080992366676774
0.131903334544102 -0.10579618663186 -0.17849243602829 -0.0652371538226942
0.14197507430025 -0.05224058172607 -0.252807466679625 -0.0921691763724515
0.128220285415865 -0.0262853902146957 -0.232115714658137 -0.245693323378613
0.201144695403041 0.0501248050652838 0.00646783144562632 -0.353083177907152
0.118364421804265 0.292318351317746 0.328518950402103 -0.215542278326749
-0.128137353489819 0.169767994836427 0.452113528880503 0.117659696037987
-0.00201716227787611 0.28264542042074 0.295939667100735 0.687925605550923
-0.221472170144379 0.463772081603587 -0.311708215866254 0.728728786997208
-0.0968006616202689 0.715363059403557 -0.0547525491625923 -0.0457711553958213
0.287009468585496 0.415574587543459 -0.38301216056949 -0.247191147188354
0.210562344125329 0.0658754423593581 -0.467218850918541 0.263982937816041
0.199819440434706 0.114252437480304 0.104064450750554 0.449759364960425
0.254291179585515 -0.0810945879831197 0.28747236010949 0.0563807946795979
0.118413105183491 -0.131951384299828 0.141536065150166 -0.117100977241959
0.135484927261888 -0.0894819542617346 -0.00453853511401198 -0.140424585115091
0.19769063068681 -0.0731096627794424 -0.117981690945505 -0.10589817528597
0.20856585910042 -0.0405945435890711 -0.175765000425215 -0.10238698647274
0.196223081899714 -0.0106308500158347 -0.155496874542154 -0.20393886073796
0.233276710490067 0.100420928124299 0.00843973365969086 -0.264381807463531
0.090310976734401 0.286389151334095 0.189466989962957 -0.196451337603515
-0.061169379986857 0.137121269956392 0.395829855606444 -0.0800055771701339
0.104358469156101 0.301674709229537 0.457803571850641 0.552244150874074
-0.133071997423135 0.633757084438428 -0.199940687613591 0.568263000164723
-0.219013515238208 0.793604026008196 0.0540682681313324 -0.32003843751589
0.237328475789394 0.559931280887926 -0.32537539319684 -0.419528879627501
0.281756753750749 0.100287026629956 -0.546431840876372 0.0514981235123064
0.173170806618056 0.0521497200752634 -0.0637608454878274 0.466320385677926
0.140545770784057 -0.0504737414119221 0.285111598312802 0.136284925777625
0.0713596338951457 -0.0207078670563613 0.193752159157337 -0.0949321867148115
0.163709498035536 -0.00189676034221549 0.0500306134152064 -0.156180712425056
0.233960628829803 -0.0319566679797444 -0.0387462414891202 -0.130569450389311
0.23344269001761 -0.0255436832011587 -0.0816785799101916 -0.124242554412197
0.211668376376116 -0.00379115774618807 -0.0400717854489997 -0.183016193094387
0.214062061976872 0.102653111756005 0.0844914343458766 -0.160026416635347
0.0533883728056858 0.192825203392599 0.0659682151255537 -0.087391530479434
0.0582953719728904 0.0644563617963007 0.279960484402795 -0.231030127464538
0.221941150810638 0.283581392917745 0.488910354135826 0.408481819144316
-0.0143590990621282 0.729569599757129 -0.135010662729897 0.334949445093566
-0.244431962836251 0.745675933875025 0.222906193532515 -0.536632573277087
0.215980392944488 0.524013922762907 -0.150488137492856 -0.539670697914467
0.238911648075533 0.0436396036911657 -0.499801332711379 -0.218313263974909
0.0816846762591154 0.00806287440215998 -0.229549036000726 0.358708329061957
0.0171970300895776 0.00451075648743601 0.179184967011967 0.203021611730999
0.0317280165434154 0.0896798719331852 0.208290999358556 -0.00891766939955317
0.171623996502835 0.0779625609316403 0.1189795723308 -0.115284221527841
0.237203305129565 0.0146416659645491 0.0472809161755075 -0.13646860120347
0.216260528696883 0.00302297840414888 0.00452723931514504 -0.15228423826641
0.163007565285136 0.0128590487671932 0.0638854162146968 -0.192400679508601
0.110614160123322 0.0787075295744155 0.184322760155831 -0.0852056587944156
0.00658380240282953 0.0307224984637324 -0.00571406969125179 0.0288091644386217
0.158695785553357 -0.0141695013653471 0.18262632020272 -0.269414552067116
0.310803399410054 0.221391261143287 0.390812326769035 0.287303304595229
0.0600429861364051 0.730596046300406 -0.112506341947957 0.0641489729833216
-0.147840527341515 0.580563320928098 0.385525353028648 -0.677156903849686
0.234918190036339 0.298213029416965 0.0685733363474184 -0.60923666275114
0.109359721853898 -0.0437868719276449 -0.387933555742221 -0.45218460547807
-0.0118525829291484 -0.0266178827597185 -0.363313425529916 0.193562277449972
-0.0817156659243234 0.0535017357850406 0.030831449197805 0.260565717086048
0.0115249242986388 0.158012970809302 0.201421841730878 0.10672855695586
0.153767886980694 0.121813522604818 0.18818201384307 -0.0564534835244967
0.202599518114182 0.0615784627419947 0.128271608415586 -0.12175338114341
0.164771457953219 0.0544190368119076 0.0657418035279922 -0.168895350401782
0.0728281631612561 0.0673792913794021 0.130638534845266 -0.198231577133842
-0.0387352193137086 0.0509599623266445 0.242614070861336 -0.0476627958780354
-0.038160508153162 -0.116448550887043 -0.0375194641669562 0.08018748118657
0.188829253336364 -0.0756366777621045 0.126325795450377 -0.24150777327206
0.360806840958598 0.147958235650342 0.229368959508509 0.174423082124753
0.077848800359641 0.639703829641378 -0.10417977222926 -0.19092757198041
-0.00472781689813482 -0.451392220150283 0.0914741866362976 0.386286785188426
-0.326561149279762 -0.126748857402709 -0.0959156224129271 -0.0664648589500929
-0.169556325321042 0.137649400849907 -0.0868080123193889 0.225119254809675
0.0596288071579576 0.187936229333974 0.0841248450709228 -0.0586594770460121
0.178979682632444 -0.0431169203384241 -0.221224457049546 0.0107073340075538
0.0266562500854606 -0.153926932621119 -0.140058303730205 0.185766576047467
-0.0802778360661514 -0.12125503950744 -0.0880456204496222 0.142641211526773
-0.126874807960338 -0.0992425618647465 -0.168523634634097 0.0807799526238046
-0.115917470146028 -0.11756132376084 -0.252869108184919 -0.0123344685517818
-0.0230965885273597 -0.166495145535309 -0.207221819791216 -0.205530125074416
0.133457924281152 -0.0926097559436948 0.0525721548526208 -0.302351829686569
0.102223484775309 0.0900140793508076 0.430561484635682 -0.116153255355132
-0.0287299827930794 0.0888708359750033 0.386239662038789 0.527529549283663
-0.225150675518073 -0.00230038451748487 -0.174085337490877 0.70814255352233
-0.0353503066713089 -0.334873196656476 -0.455998555233095 0.769490958515517
0.0678153460304173 -0.176255616793151 0.0348617783725598 0.460176539432929
-0.191583739013808 -0.133779581722141 -0.124368622070488 0.0288776225878245
-0.17289781135195 0.165019328250741 -0.0751118795627238 0.279493300779272
0.125891635652551 0.235807439534186 0.147418107160343 0.00838497573041783
0.288090839511027 -0.0604392020393211 -0.134669279181577 -0.0125082288372639
0.101865607928037 -0.215566724181255 -0.107552863845391 0.12497994409135
-0.0158215046867102 -0.175020853060627 -0.0949026897632021 0.0905484859906326
-0.0452194655815867 -0.120676168011823 -0.205105059294742 0.0380281811780394
-0.0439245431789587 -0.100123371477843 -0.293284833030184 -0.0577180822206613
0.000265325452360216 -0.125809467040506 -0.227678366921283 -0.269759851861742
0.157956315412528 -0.0821639031857505 0.0817036368079902 -0.35133338037343
0.132312682984296 0.17223140762559 0.443990673008105 -0.102692443129912
-0.0668661021502149 0.0981791039291579 0.397090142669935 0.468643822755538
-0.146630059487626 0.170458829154377 -0.118048214393081 0.772616213709084
-0.180179073057226 -0.0448666595738011 -0.479522263833797 0.81155313408207
0.0949849918853041 0.160612294841077 -0.0374623359958052 0.403484229108728
0.0520131301309208 -0.0502700722613647 -0.231490826432669 0.0235018952951868
-0.11710352465427 0.0959334023102586 -0.158950345339677 0.363062979476781
0.158944565441815 0.243825424207781 0.213782631639041 0.149675818898946
0.343938886808249 -0.0787421653168236 0.0183874562983959 -0.0296141142627353
0.144321704743913 -0.243221428158118 -0.0388220843076322 0.0279650242885487
0.042413768664527 -0.192055791050865 -0.0821757357435608 0.00693383583192594
0.0459187805737202 -0.123052267307664 -0.207658260052943 -0.0122042246604872
0.0479919834038363 -0.074735121007023 -0.295901886221451 -0.0807344745360638
0.0507394614296215 -0.0699599516857392 -0.247535234330226 -0.278802641704306
0.171157742053535 -0.0280465040098589 0.0473627686886259 -0.379871002330234
0.142472710992456 0.242446762649053 0.416714582752928 -0.159529669291398
-0.126858248232051 0.138015376668553 0.431977880710322 0.320619037338209
-0.0748025071351363 0.243405389369613 0.0815893568713168 0.765679432199905
-0.241880153762792 0.230125141858585 -0.414632152069231 0.809792781719306
0.0243083720528456 0.478663701207092 -0.0818066579583523 0.218316594494368
0.247326235812049 0.166877959109966 -0.336147879285984 -0.0772687567032275
0.0439522073123383 0.037263858963819 -0.311129529192973 0.372647938529109
0.179793767060539 0.187609214454605 0.203586997363748 0.320680836717784
0.328658941540072 -0.0899668643799377 0.182872994253511 -0.00852013327681404
0.146612904239579 -0.214408229656755 0.0531635073814787 -0.0671766592265575
0.09177428952346 -0.164720717326002 -0.0520729999476743 -0.0804297097981919
0.129843030365939 -0.107884405646537 -0.17757325410198 -0.0634479957249737
0.14054095833385 -0.0538500274286105 -0.253956977224109 -0.0897234113565729
0.126348309764352 -0.0235351568376379 -0.229729681959114 -0.245744420816749
0.201170297796547 0.047471776094683 0.00175310189001529 -0.352838360512291
0.123632547844565 0.290995802939112 0.325427324426416 -0.220156185338492
-0.132306600753647 0.157296175033544 0.448178658231079 0.122958925881539
0.000876125478285755 0.282768389420536 0.305787456229566 0.683267355830837
-0.21805083915569 0.464924127720379 -0.30199753752212 0.734300154673407
-0.105286256244009 0.70484340931495 -0.0544104354883528 -0.0445521157504836
0.291011165584811 0.412555249150603 -0.383948066379973 -0.242894633089129
0.210022053238362 0.0638011353243887 -0.463889282071374 0.270025673274679
0.202621923875431 0.111497094145435 0.110878028216356 0.448247584422527
0.253148145649216 -0.0853757425140164 0.288398859259384 0.0526658394476622
0.116119080720713 -0.134601176367858 0.140133409874135 -0.118815478581867
0.133937070414869 -0.0919457968679099 -0.00718584277554708 -0.140683216369216
0.196129768135693 -0.0773334857654275 -0.119919257986498 -0.104114555404984
0.207187239776834 -0.0433337326665692 -0.177184226549551 -0.0995884550360771
0.195578832905222 -0.0129165905240454 -0.157946547566956 -0.202085301963614
0.235544392957388 0.0968621095788485 0.00481151645096054 -0.264900027059839
0.0963938395199513 0.285223782512552 0.186068160190407 -0.199321497524257
-0.0594323932873224 0.138557052703393 0.394825568498957 -0.0851168344147974
0.107395040091741 0.300238036105807 0.462080689604043 0.546390349962425
-0.123946794658796 0.635002964448079 -0.193167054393208 0.570087727171768
-0.232266010019248 0.776920128011664 0.0545488757355069 -0.317807728440988
0.235990874950032 0.556648044985943 -0.325479971470477 -0.416334576993267
0.284524873539022 0.0965746276573428 -0.545620230879736 0.0555135463130762
0.178131280381006 0.0456843313326323 -0.0575165336934952 0.466410363631794
0.139832141793924 -0.0525427348087059 0.287657530130837 0.128950575402894
0.0703368191385385 -0.0206056719887235 0.192628606393031 -0.100387090066952
0.162591879907136 0.00223308663011566 0.049926515529305 -0.152802474914869
0.23263221548139 -0.0345031927752998 -0.0405115872398856 -0.129893659622405
0.233327883692103 -0.0310280124720194 -0.084051078168354 -0.12257385752872
0.213463256326472 -0.0172903037978271 -0.0456963185379346 -0.183470688071988
0.214893947713885 0.0998120531397953 0.0813221417849144 -0.161365524525366
0.0550589195533005 0.191536090901533 0.0642612742939279 -0.0893734286299632
0.0516357608715986 0.0628162377631689 0.276513107050819 -0.23359759750828
0.225256473779823 0.280842900699574 0.493662783675247 0.399025707257365
-0.0155464873486272 0.72579418048195 -0.127501255101292 0.337064582569321
-0.269538570128988 0.719894562116852 0.221655370230198 -0.534206565322852
0.22207480842976 0.521206974015392 -0.156535061115983 -0.537756496417141
0.238946210945109 0.0401402953377535 -0.502430410239291 -0.211311349684178
0.081053245670136 0.00533322750214896 -0.224481639320954 0.361951547462828
0.0174205427244403 0.00374591632400255 0.181151579302377 0.201520580309366
0.0334972424116279 0.089346243813522 0.207301815090587 -0.0119456060271096
0.17242832404236 0.0752432825210548 0.116991013318666 -0.117861316455906
0.23585779875358 0.0114166129441072 0.044978942347088 -0.137630235177398
0.214419149686978 -0.000528379617990702 0.00216942805772623 -0.152774026053244
0.164351591441381 0.0101121426417853 0.061279248372384 -0.193579643761307
0.111668252406056 0.0766857828994985 0.182201105184758 -0.0875759526962159
0.00744480493082172 0.031402404041306 -0.00536940338090307 0.0281630841555912
0.158207651161828 -0.0164839057407799 0.179052452619061 -0.270644389161317
0.312949225936733 0.217873791039667 0.391500183208522 0.281298789382806
0.0700723549536753 0.729441100180653 -0.111986065703861 0.0646788715806362
-0.152487196514214 0.574055924395398 0.384197353255166 -0.67390024817966
0.237308298763324 0.293678157430251 0.0668000619047415 -0.607041442577181
0.10855587760934 -0.045444183817444 -0.394145385267081 -0.447015969701981
-0.0120059999081061 -0.0267881374034621 -0.361042595417568 0.199164024971199
-0.0812034212939136 0.0552133169584275 0.036331216375734 0.259864230464948
0.0133226093868405 0.157482839098862 0.203403105785465 0.101968783076727
0.153655297689647 0.11997336284006 0.186011446971725 -0.0522042672723617
0.203535211715508 0.0569148556293352 0.124697191289516 -0.124357733659464
0.166179991379953 0.050160633686414 0.0618596812580804 -0.169633241585224
0.0736960259168895 0.0661448400222929 0.121912293806882 -0.207093819404695
-0.0378601468026483 0.0515920385268256 0.242086203990101 -0.0489007302819825
-0.0385127555934559 -0.115007600484658 -0.0373273214949119 0.0813550057203761
0.187940865976617 -0.0803605117076841 0.128174051759898 -0.235704684733446
0.360397764340382 0.143695745624589 0.232830192302272 0.169731551044664
0.0810581653607119 0.636067720254494 -0.106630656834184 -0.189756502570906
-0.00947086324597836 -0.450879562548783 0.095955279954677 0.384236323618931
-0.328178284192798 -0.122083345708173 -0.0962032052672201 -0.0644795196024528
-0.16743465644693 0.139235651822968 -0.0836987651524548 0.225345554329513
0.0617875239018443 0.186502779985815 0.0826982111789742 -0.0598056092841255
0.17759672011671 -0.0461807485024688 -0.220468851524456 0.0153589543580461
0.0242260329278415 -0.153759933932748 -0.136781189031834 0.187974330928727
-0.0820355921754516 -0.119977336895242 -0.0863634461927092 0.143556767412528
-0.128716147479559 -0.0972850201095287 -0.167187645760498 0.0825537029293297
-0.117241083790283 -0.116431186278333 -0.252198884700066 -0.00963464611242018
-0.0249787173832416 -0.16594571092924 -0.210705637093859 -0.202033282009047
0.132488180825932 -0.0947869396651567 0.0480600194299803 -0.301929666516859
0.102987760895538 0.0886203249434319 0.428556670930365 -0.121589966374336
-0.0274157372674192 0.0887761595638552 0.391701723366959 0.522791988162596
-0.224003830663034 0.0015348227378199 -0.16692583885207 0.709207989177299
-0.0388187318315831 -0.334539002405045 -0.444328277075202 0.772805807245884
0.0664503195264948 -0.176622892973962 0.0379494264436058 0.459871812442134
-0.19216749060738 -0.131231732722871 -0.123492624846598 0.0306697810892449
-0.168842976401173 0.168804585420209 -0.0725485378825814 0.279299163743687
0.129287026368142 0.234445444304724 0.148082611787818 0.00667043439587819
0.287761445844206 -0.0658534678914185 -0.133523052419513 -0.0101003919547908
0.0984643268726812 -0.216453791503508 -0.105184520408708 0.127387550070013
-0.0165351881128838 -0.173548026591183 -0.0935973357524549 0.0907964965650117
-0.0461391876114116 -0.1189935478409 -0.203725227945465 0.0404522262447967
-0.0454581490860659 -0.100190656404996 -0.293363062381007 -0.0528827083952598
-0.00191445663936795 -0.126680667671506 -0.231273327084939 -0.26630404532503
0.156644182158693 -0.0848548980611231 0.0772926243265754 -0.352514112725435
0.135655463409292 0.169807887160742 0.443291828671295 -0.10798091762478
-0.0668230779989791 0.0959708058598611 0.397833176753777 0.466950619341273
-0.144245671114016 0.17120508426441 -0.106340681309083 0.774088621082909
-0.17817197790975 -0.0441025360907136 -0.468751747067708 0.816582311345625
0.0981602715800147 0.160079945177382 -0.031168444779932 0.403433490213105
0.0512655410458497 -0.0505994658098579 -0.230964665156103 0.0263394766617464
-0.115366902053884 0.0969867519606124 -0.154668417973073 0.365201012871948
0.162904522632077 0.242071605661316 0.214886310933423 0.147457459108032
0.341198253398043 -0.0848567055315484 0.0184189999031175 -0.0297687723761355
0.13951544826623 -0.244729511261433 -0.0373937473401747 0.0293209946259067
0.0396726879810886 -0.19379579512838 -0.0817017374085067 0.00775147308323968
0.0438815233764133 -0.124115870309392 -0.207785552864123 -0.00913824615357647
0.0471800494010207 -0.0758352850015886 -0.296278967610828 -0.0754321589485573
0.0497416430204308 -0.0707167339792128 -0.251809045932751 -0.273903901549896
0.171103013943363 -0.031065922803788 0.0430571768853948 -0.380024894576331
0.14457198723721 0.240556010018844 0.415056394729376 -0.16496967967123
-0.124290687942469 0.139732296978363 0.432664073540996 0.314516687892232
-0.0730133716520101 0.244397440196948 0.088694224776511 0.764891284844522
-0.240325152771718 0.233642387109094 -0.404369428336486 0.813839684029665
0.039528737989103 0.484505803850367 -0.0770024564778707 0.22064255536251
0.247353709861928 0.164520961909851 -0.336070939974303 -0.0728849055535292
0.0459539950369729 0.0367233129714362 -0.305374171512887 0.374855797643126
0.187007683415779 0.183444267125525 0.21227389631717 0.317600093052499
0.326467361001366 -0.0948683926457056 0.181890558680578 -0.0111203555088034
0.143357112158953 -0.216035196774215 0.0524355873860181 -0.0676579178873365
0.0917100224271568 -0.161139989071255 -0.0531520383966362 -0.080141935253113
0.127718403481723 -0.108483285601599 -0.178984978261305 -0.0600012700493668
0.13838634442485 -0.0567018510213182 -0.255449585635457 -0.0841587682363106
0.127214956707368 -0.029266497270054 -0.231740458511174 -0.242178660319799
0.203596997366164 0.0426057763512986 -0.00344940007167045 -0.352057681492396
0.129148624601492 0.288628720353726 0.32182604479989 -0.224758032578625
-0.129750366104389 0.161417943930251 0.445483022858959 0.121624329222701
0.00430143457095145 0.281778938433404 0.312924954067266 0.68125817278604
-0.213781637409426 0.4648912200718 -0.292135716753357 0.73736486355109
-0.114872682750918 0.692638811894773 -0.0546019916937504 -0.0440221801397991
0.294494497033553 0.40847483079675 -0.386864721576982 -0.237168124757646
0.210357705936794 0.0611948095994445 -0.459748332602436 0.273915046036326
0.204241340835361 0.108287854954103 0.114848853271222 0.445987314369107
0.251873076766943 -0.0895916670298285 0.287696632706792 0.0486020591949877
0.113371206914724 -0.135646717136085 0.138108699278039 -0.119941460376481
0.131719865507007 -0.0943408324838687 -0.00947610350337134 -0.140208752535702
0.193367832086975 -0.0797415820902558 -0.120982379318057 -0.101671205536143
0.20529500617579 -0.0457953586527647 -0.177114721460102 -0.0969562288491962
0.193561780079427 -0.0162298213100805 -0.161186478112108 -0.198790220286768
0.236157386662053 0.0930377024048205 0.00134853370149317 -0.264976623031938
0.100470718524172 0.284009420183062 0.183825162227813 -0.202079676206508
-0.0574520571732645 0.140265327965135 0.393965311089935 -0.089619883614614
0.110402461572072 0.29949354801865 0.469758041086569 0.538004559148875
-0.118041975376531 0.63799391381735 -0.185756831426111 0.571831700207806
-0.235572647245452 0.768445456078377 0.0561865733962133 -0.315294812709047
0.248368561146256 0.551556948565064 -0.330935353457965 -0.411399699693086
0.287511501761444 0.0910319671978098 -0.543819983811819 0.0627360434866755
0.176539323285214 0.0454657546892879 -0.0413048014836583 0.470366357936845
0.138927370791735 -0.0540565572842608 0.289199345773076 0.124675307636157
0.0700166009079797 -0.0210309857594262 0.190874572535243 -0.101755852783897
0.162263895197105 -0.00388553468776807 0.0488029724218168 -0.150850004328033
0.23107951280521 -0.0414213004969541 -0.0438786691533032 -0.129601481418957
0.231762962481557 -0.0340891721819689 -0.0847467979014624 -0.121464327290054
0.210997978820351 -0.0167099900441701 -0.053256325717158 -0.185035865610997
0.213571736442196 0.0994227823228771 0.0790844690602631 -0.16366497690824
0.0584681140204809 0.191205552570688 0.0634927590993743 -0.0908355138218318
0.057804001458796 0.0642844608254896 0.278413006792979 -0.223892356627728
0.224739280330081 0.278657561096915 0.49645502952327 0.395104792791753
-0.00886150946178505 0.724353905202837 -0.126143421378323 0.336835270654352
-0.264589402415629 0.71939745828895 0.218409171737677 -0.534462695557936
0.229708604361537 0.517937937209589 -0.161249658597595 -0.533380776101155
0.238379822801707 0.0376385828060446 -0.503785011866949 -0.206480119554741
0.0823368355552335 0.00462725667419913 -0.220667417075861 0.362086210237605
0.0179485189627921 0.00289633794000541 0.182295383763522 0.198020530554938
0.0347662223711121 0.0885102435601654 0.206583884498104 -0.014978786501774
0.173508680013439 0.0727441964173484 0.115314605035866 -0.119570359820756
0.235543377681413 0.00783519779107419 0.043083316306261 -0.137585363465259
0.214762291103318 -0.00360100610360196 -0.00152406345337297 -0.152031367407934
0.163389747172684 0.00814330623685456 0.0572901735741744 -0.194248270023369
0.11347882322654 0.0756221278767374 0.180350013111456 -0.0902087418133887
0.00879784260575976 0.0309727715571468 -0.00461393102974441 0.0277896361127341
0.157545662853195 -0.0181198383511997 0.175500467398677 -0.273546020952957
0.315071377732722 0.212965917233675 0.39595626954012 0.276093996648198
0.0779429772849944 0.728499691320467 -0.110438162085641 0.066094901713721
-0.156833887267953 0.56701865424032 0.380863939076886 -0.670091577882727
0.242763423720689 0.290946409190115 0.0615486100892803 -0.607374336065526
0.107933272217542 -0.0477306030857346 -0.403166342568512 -0.440294767650724
-0.0124553745882715 -0.0264899494776254 -0.354632983585553 0.211753231322269
-0.0808130953281579 0.0556588591988141 0.0403244479578236 0.25915898485464
0.0148737008085784 0.157623742375087 0.201387971943641 0.10288109974735
0.158765576744425 0.114994859388709 0.184948080575209 -0.0513406328808427
0.205117804700185 0.0530499399763653 0.120755749939124 -0.128326422884895
0.165888780860654 0.0486115477413584 0.0605419521737625 -0.169346763705892
0.0722875993757396 0.0663656670226541 0.118555152738515 -0.208287080466291
-0.0366073615673818 0.0512209350151594 0.240449511964655 -0.0551011550059943
-0.0406814026588919 -0.114905186873424 -0.0351782100077115 0.0809084202773202
0.186422036442144 -0.0962307072197536 0.123735210473352 -0.241685936080151
0.362212114216103 0.137823603418293 0.234322677707627 0.166915896978849
0.0882147335524265 0.635056014872459 -0.108074109916713 -0.188630715867382
-0.0133143208254292 -0.449130465566713 0.0994207870057121 0.383602108463075
-0.328997828956056 -0.118392972967486 -0.0974160797252675 -0.0630399673089376
-0.16500500692742 0.141335975123529 -0.0816957116828171 0.226359031784012
0.0643790395772993 0.185718073842605 0.0827042025884441 -0.0606770371932308
0.17663260697113 -0.0487165196742923 -0.219765905005586 0.0179471832344465
0.0216714213191479 -0.15378702338415 -0.134339946208264 0.190720250289668
-0.0836804904554155 -0.119026676958974 -0.0835099789325328 0.144427186892251
-0.129298721330074 -0.0942969465346464 -0.164657892281648 0.0843965714130969
-0.118661900502832 -0.114711782976516 -0.252427255959369 -0.00631481666109205
-0.0266565832906325 -0.164448460404629 -0.212311814252958 -0.199435833453675
0.131707758326591 -0.0956940624795595 0.0449046854198994 -0.302297481622217
0.104564023632381 0.086817341471171 0.426342011071099 -0.125196434138857
-0.0262712657726428 0.088398930469655 0.398204939480363 0.516619359556584
-0.224043345342782 0.00364866028393116 -0.158563545245608 0.710811130067748
-0.0439966703826262 -0.334007773872167 -0.435314686483156 0.774471355764014
0.0635014716810263 -0.176773963265752 0.0429081934086427 0.458471727466691
-0.194371577961163 -0.127507472217572 -0.123012409480899 0.031825792625652
-0.166472439339576 0.169643148836501 -0.0690977138538213 0.280287824177604
0.130604944681617 0.23230888033634 0.147495181777018 0.00437681305626292
0.285669435424766 -0.0693823088640257 -0.134287122981017 -0.00899062628414433
0.0954809456313425 -0.2182315550519 -0.10340324808602 0.128964773285661
-0.0199183168546582 -0.172931959844861 -0.0918981299600639 0.0916174980739101
-0.0476599340575267 -0.118922339924217 -0.203259456932738 0.0446357075924698
-0.0465558435874103 -0.0995410299477668 -0.292448840317622 -0.050390421459774
-0.00448956470851516 -0.126938688031103 -0.236963420280289 -0.260936734025313
0.15539457262845 -0.0862507359514861 0.0736240611518863 -0.351498712514396
0.137629485601639 0.168371279325158 0.440211568763783 -0.112819742363134
-0.0646538741542757 0.0993676523985836 0.405050616827977 0.460754899230807
-0.141719382355032 0.17355303529771 -0.101483195695698 0.775013644320245
-0.179462404351654 -0.0410408329169423 -0.46188796899553 0.818348848823133
0.0960872643756769 0.1588989005634 -0.0294904979499579 0.402226036151234
0.0500680644835308 -0.0502703547021697 -0.229573955688543 0.0289504684911128
-0.113267564501487 0.0989311499305594 -0.149267482353497 0.366376498191824
0.166910404080882 0.23884720918293 0.216974629314908 0.144527188209504
0.34002374579096 -0.0900544943714453 0.017763990702859 -0.0299123285232996
0.136670300539078 -0.246823636708407 -0.0366423132568669 0.0296443239462818
0.0370451804261723 -0.194382285472488 -0.0812279002744956 0.00872689492082774
0.041183222037901 -0.124142779123716 -0.207320211564245 -0.00613912171939876
0.0448476914806743 -0.076076003022478 -0.296537815263872 -0.0728120551838529
0.0484201563072665 -0.0708884887666025 -0.255437836112128 -0.269862397781739
0.170537402969039 -0.0338327457855158 0.0393236931177145 -0.379767674038868
0.147773042244798 0.238121244652727 0.412095140060611 -0.169872846457931
-0.123346787503661 0.141361779570384 0.435056702119695 0.309877226255847
-0.0704073991093946 0.244056586075724 0.0954125643385161 0.762443291336628
-0.237765757754874 0.235267925388424 -0.397386938008042 0.812427196730396
0.040080251797487 0.480903282135122 -0.0754198326553737 0.220591927619552
0.246491948945011 0.162916096041287 -0.336531391049185 -0.0696900405060889
0.0471885621301932 0.0366218279050243 -0.300523427164356 0.378495732340463
0.184837459301231 0.183170183271379 0.21831522001481 0.3146693729765
0.325383630856576 -0.0991392334121408 0.182948516775529 -0.0135732021032145
0.140287180097323 -0.218991285755355 0.0518079208833049 -0.0677404301972012
0.0874981025179418 -0.1642412973068 -0.0529309445410638 -0.0789510499800012
0.125507350937473 -0.111361639529824 -0.17962108035377 -0.0571318331805751
0.137110972747013 -0.0591271482174997 -0.255841982079498 -0.080157318691802
0.126953664003196 -0.0353667935875221 -0.240233255960855 -0.23564258357431
0.204835051582143 0.0392850435464733 -0.00760140266101289 -0.352114961765727
0.132841021521884 0.287215868197761 0.319947792600481 -0.227100202040788
-0.121221466320452 0.178293973056982 0.451063430911488 0.107086587672618
0.0060668325804192 0.281064558708431 0.319202202861451 0.672853392348381
-0.207208940529576 0.467297988913692 -0.286224948404055 0.735022260450357
-0.0969652193939442 0.701595519309512 -0.0545118266300567 -0.0434214420174143
0.297970160446362 0.404185585987036 -0.389849646025212 -0.232442737681976
0.211945542179211 0.0596416242631163 -0.455458940943761 0.279284471375182
0.205767571493041 0.106181603789012 0.121936081346346 0.443507553268665
0.250699143219985 -0.0929506011349708 0.286611283199148 0.0444832383327915
0.110739916449692 -0.137786743016953 0.135860868660336 -0.121277919962455
0.130293425956228 -0.0961683907846306 -0.0114728569500114 -0.140282160189889
0.19132264401421 -0.0833424588139149 -0.121778530908628 -0.0999612102686383
0.204714541897755 -0.0491280184849603 -0.178318050718936 -0.0953108475337276
0.193167229975967 -0.0182431739415507 -0.163193225806507 -0.196313161394483
0.237445538904858 0.0895386009455793 -0.00215798781010855 -0.264646094489236
0.104259435968673 0.282094534614873 0.181546213231424 -0.203940725790414
-0.055726736076424 0.141106339691284 0.391993002368674 -0.0935232604807977
0.113329060768287 0.298210063104738 0.473896208164209 0.533053267187639
-0.113173199255311 0.638979783578479 -0.180541842886804 0.571511848447595
-0.202979773724181 0.787576893563141 0.0494980007760015 -0.317982000734592
0.260996469581222 0.549816096660561 -0.336333376679419 -0.40603656821713
0.284650386894131 0.0899571956305295 -0.542046219474751 0.0698672738553626
0.174168671805868 0.046903190615056 -0.0345226148237608 0.470678681112247
0.138777928569523 -0.0555603318749252 0.287937498600205 0.121827819593215
0.0688293579159847 -0.0230292033996494 0.189868766335853 -0.100698944527251
0.162730639449297 -0.011868194101089 0.0446097563753465 -0.154765760521792
0.229996701842851 -0.0445089113816001 -0.0463008462038969 -0.129680818556374
0.230077498439415 -0.0350319888663207 -0.085751728415774 -0.11965472062421
0.20803759502524 -0.0105025898756674 -0.0512447978594451 -0.182061393952664
0.215072137897349 0.0959332885503444 0.076610933746451 -0.163467623784589
0.0634830721244601 0.190145803434313 0.0627404408970481 -0.0908407136514427
0.0649539393408983 0.0656412262261225 0.27545501971684 -0.225783233486996
0.227735583743209 0.276364319379391 0.497620877316741 0.389592909707461
0.00633642847325861 0.727331873500736 -0.124582239181074 0.335720612861249
-0.223557953648006 0.745494010855685 0.207462004661641 -0.539593592476584
0.235207615923546 0.512947696833152 -0.166526630952374 -0.529045109566391
0.237842278925977 0.0344188462032651 -0.504832370106098 -0.199805197121942
0.0825390869013547 0.00380401715735536 -0.215010963793589 0.364578623924224
0.0184885630221158 0.00245720577116155 0.183524104131973 0.195158984953416
0.0355130189189442 0.0883285751669723 0.205612781209813 -0.0178262864533095
0.174346500062433 0.0689198318092372 0.111780753973953 -0.120367317192228
0.234309423907969 0.00446847434288022 0.0405242581848664 -0.13921320159013
0.21381218814607 -0.00741121491485983 -0.00306234349193678 -0.152205148197841
0.162487933284433 0.0061124144992587 0.0548264394151518 -0.195322609895601
0.113939427193277 0.0731645840961667 0.178938693484018 -0.093230271090261
0.00905077006078587 0.0312093392378972 -0.00422471198411859 0.0271714817873781
0.157294552673765 -0.0190348848797329 0.173080668157209 -0.274779774849711
0.316135341643593 0.209283933589509 0.397720391591762 0.270994797041819
0.0843916033317325 0.725605374819837 -0.108821533165812 0.0664792166090548
-0.137062292320619 0.576483205027707 0.368134773675243 -0.682285827671804
0.246996848404113 0.286502322211111 0.0513839553096238 -0.607569703521926
0.106074254044332 -0.0488060968811035 -0.406989799849416 -0.436240873244695
-0.0121610593728736 -0.0269927614575735 -0.352297001314131 0.214629322356775
-0.0792447882089082 0.0562764427098056 0.0411964531654778 0.258367842457918
0.0179619282598095 0.156196302472427 0.201805206998508 0.0997609567980175
0.160687437679396 0.110274548769763 0.182561159830671 -0.0592819096285943
0.203461339730291 0.0511493955412742 0.119011200129443 -0.129448463657221
0.165491733089393 0.0463044582438375 0.0580619457227235 -0.168979010419679
0.0718097601632994 0.0661391996194438 0.120871703217984 -0.203210251903596
-0.0368584817886955 0.052902846459947 0.238204282096269 -0.059348992196818
-0.0428971495414945 -0.113863530698351 -0.0348427815271323 0.0808882175048639
0.185057866653097 -0.0935630186410904 0.114876509279828 -0.249741916865834
0.364038837767329 0.133994118129669 0.233292807835136 0.165065788253925
0.0990539743632894 0.633461535825073 -0.10973531815013 -0.187648354100013
-0.0177838312140228 -0.447850302792395 0.104330226490957 0.38102876584307
-0.33033196787443 -0.1142804085114 -0.0983916884915094 -0.061210456043571
-0.163647036712781 0.142155273717382 -0.0786709697084347 0.22624769057357
0.06637836657033 0.184798433920351 0.0819439507453402 -0.0617171089289668
0.174651001783164 -0.0513302509211985 -0.218882229107124 0.0200844547476245
0.0197496623973303 -0.153775212705476 -0.130475825018992 0.191956360593588
-0.0848510761586852 -0.117840046553121 -0.0806276168932943 0.145513403309774
-0.130364350465518 -0.0928925974122212 -0.163569947298725 0.0866628945275979
-0.120217009275677 -0.113424291481138 -0.251362214772395 -0.00348025395749822
-0.0286241236665511 -0.164108340334933 -0.214139428722075 -0.195534105444585
0.129596635108502 -0.0968057267356694 0.0422090462181604 -0.301615400061468
0.104333303443729 0.0862220356530067 0.424634898701091 -0.129158533074132
-0.025751188868304 0.0894495817213885 0.400210478852758 0.513523205361689
-0.223679828716561 0.00646113864606091 -0.154635839833936 0.712267644281465
-0.0452670410625627 -0.331430253405751 -0.429289289200583 0.779066836796862
0.0605395457115155 -0.176902285198175 0.0487764464627262 0.457763995359308
-0.195836690730152 -0.12338082800376 -0.122089176455269 0.0334982047949097
-0.164631877664078 0.170492512145442 -0.0650035811777354 0.280014196047255
0.133085138843489 0.230114671995737 0.147718686203063 0.00366650801354364
0.283549923648055 -0.0730945886764784 -0.134117352336575 -0.00683978327190605
0.0931846377917818 -0.218808243997658 -0.101597788928263 0.12990300085559
-0.0230642621411502 -0.173448562205747 -0.0904496097965663 0.0930705202946081
-0.0498695070605756 -0.118772838098356 -0.200382853703305 0.0461897306960946
-0.0482601871215109 -0.0996839897072405 -0.292028980502061 -0.0480141131406724
-0.00471342051304896 -0.12526357726587 -0.239077129707647 -0.257522794469099
0.154017231582357 -0.0879771208170223 0.069345141249009 -0.352232936834126
0.13889871535546 0.166088193806006 0.438341622312782 -0.117857216921044
-0.0625820203017233 0.102643344898117 0.412979995630901 0.452136863327237
-0.139762876375893 0.174024139101281 -0.0940935457955595 0.770933423268382
-0.180886694525519 -0.0385395275210924 -0.455337272953771 0.817272630298999
0.0956407935304272 0.156836324168617 -0.0258230143218343 0.401238115780653
0.0489554008814571 -0.050501774944607 -0.229415277053849 0.0311298506001864
-0.112333055529366 0.100429044481243 -0.146719150579871 0.365427193310013
0.16938423302288 0.2362943408813 0.218380662510082 0.142072258664822
0.337713912439714 -0.0935652595350395 0.017394439381561 -0.0299852042205177
0.132629971489179 -0.249038084335538 -0.035769706496461 0.03093638763876
0.0341419080085382 -0.193946161071581 -0.0808203644976363 0.00958169036441459
0.0393924179523542 -0.12447418944093 -0.207085671125506 -0.0042963560194156
0.0437398924793002 -0.0767214018656539 -0.296105587323705 -0.0686125443331018
0.0474896262906231 -0.0713440577129396 -0.257799965522265 -0.265363677366772
0.170221507405896 -0.0349357003509596 0.0338798897663979 -0.379640796379512
0.151317276450321 0.236322557379691 0.408925632344561 -0.174028161417564
-0.12179391038467 0.142749742338677 0.437550614726652 0.305075662921065
-0.0690764398631663 0.244183438084027 0.100579113389631 0.761261772222217
-0.234898361494128 0.237222467896657 -0.388756714988857 0.815945065199927
0.0344698777169325 0.475363795638205 -0.0730264682128713 0.219975719402138
0.248548699592514 0.158812036085895 -0.336119744941078 -0.0652952183164852
0.0464184880018516 0.0365431711210498 -0.296347664379518 0.379851151927813
0.185122746254884 0.181825889897565 0.217262366015733 0.312835085069885
0.324507572279274 -0.103750746941527 0.180534157087098 -0.0150837832367343
0.136559894742187 -0.220127736487286 0.0513163679997489 -0.0671320108087015
0.0822388345216199 -0.168889522621831 -0.053654527049203 -0.0788399931665308
0.123205752866636 -0.114043154825577 -0.179741354382395 -0.0542754151726187
0.13640750636725 -0.0603742592896312 -0.255046708038132 -0.0786052267697885
0.124768789497147 -0.0321238295039084 -0.242753460946035 -0.231159784190638
0.203553287896683 0.0378762172955804 -0.0106015717672439 -0.350846546818923
0.136193817846583 0.284519297923171 0.316697503751833 -0.231099738386533
-0.121338422718094 0.175458792694815 0.453885029634523 0.0985482282189942
0.00911062642550396 0.280927305110589 0.323976099763888 0.668994403037699
-0.202660113447252 0.470405965954027 -0.282086618408794 0.734745139412141
-0.0665927488225064 0.712344940488338 -0.0549942424252807 -0.042522013269204
0.301570815283481 0.401866123009566 -0.389598436635585 -0.227637006625937
0.211338672650325 0.0574403374655203 -0.454476286046157 0.283475170094525
0.207627090159064 0.103183433084803 0.125434122705146 0.440771213495206
0.249395530911437 -0.0958378989614222 0.286570323921074 0.0412838951133266
0.109286946802638 -0.13768343587401 0.135314830322558 -0.122707728311121
0.128633929927967 -0.0975633000483196 -0.0125356718911471 -0.140324802468896
0.189192326841587 -0.0850320340933936 -0.123504481531002 -0.0987886117742326
0.2038669706254 -0.0516195125186375 -0.180007835960707 -0.0917352770081859
0.192001363880012 -0.0214817920411549 -0.165289307225167 -0.194112896002346
0.238061100236279 0.0860202657260002 -0.00478699605003959 -0.264080676787547
0.108077389691085 0.280049266293889 0.179182594230277 -0.205922714322701
-0.0555135806625207 0.142894389994915 0.391019845233999 -0.0972907573640063
0.115518224539227 0.29585013668968 0.47656815436288 0.528263897731997
-0.1059744657537 0.635848594536744 -0.175810668087327 0.570958962405396
-0.183917853606318 0.795459827016944 0.0411306031827106 -0.320947754048496
0.258201867919276 0.545653573477024 -0.33947859946957 -0.401799434577901
0.283727670779758 0.0884386761604307 -0.540085232648922 0.0748752880570913
0.177722343595618 0.0424329202725652 -0.0397260068857431 0.463647180131789
0.138339617687988 -0.0593725447579372 0.286474406341042 0.119673777223853
0.0691321776135278 -0.0242298555258575 0.187499763667199 -0.105327619995233
0.161008458228053 -0.0111433452254713 0.0407424775816973 -0.157016210417294
0.228210341542982 -0.0448910268136052 -0.0468759047952628 -0.127616496864478
0.229151609723266 -0.0393035077384475 -0.0891177290928825 -0.119294515898464
0.208353727833515 -0.0181594945223787 -0.0500928609937119 -0.181002986357491
0.219630246720567 0.0889901004469398 0.0748634613012895 -0.16434795073655
0.0661265667434112 0.188414995276595 0.0623006614407233 -0.091630072034925
0.0589597742349322 0.0647574514002746 0.269322993171705 -0.242656178387401
0.231719308986995 0.271921913184825 0.5015626401548 0.381570617993617
0.0117827795614269 0.726685876636485 -0.120397483209 0.337065839112237
-0.214957381721374 0.748637203140779 0.200439855343819 -0.542726862941614
0.239523814933809 0.509817985116984 -0.17192465312043 -0.528063725375041
0.236590537372503 0.03302182680954 -0.505373490499415 -0.194628679287824
0.082792418472376 0.00338789077766928 -0.209605551551487 0.365283869536285
0.0187521267887798 0.00189329468972527 0.185316996492225 0.192107799677009
0.0348331472741444 0.087410738670361 0.205076843082522 -0.0205484932726588
0.174346411979681 0.0671050706029267 0.109668105472999 -0.122001128384194
0.23343004627921 0.000688819230070287 0.037867296395157 -0.138662249021484
0.213844154037661 -0.00926286659949782 -0.00536661341536082 -0.151032801531665
0.162029510316667 0.00431520195630042 0.0522071330554118 -0.195692915392685
0.114950066703382 0.0707311938732843 0.177412208992909 -0.0948862492317592
0.010203181589208 0.0308242902856219 -0.00314870476402028 0.0267440236796359
0.156866781376276 -0.0201746026086461 0.169433098502836 -0.274811247616638
0.317409658217098 0.205305906848194 0.398477589690083 0.266298516227522
0.0902787699905175 0.724275799044897 -0.109377167283194 0.0676625980650271
-0.119247036293628 0.582730770842587 0.352672530590909 -0.689278350948068
0.246700502046091 0.284182649656176 0.0463538091990558 -0.605673442901449
0.105556637039989 -0.0482964745116948 -0.404937613402176 -0.432394212635514
-0.0114234119067533 -0.0270290323307732 -0.351644875515446 0.206457311931726
-0.077796197315295 0.0572126987721536 0.0418676068990321 0.257185580662757
0.0194368029060469 0.156545210754776 0.205002199987546 0.0940465533944219
0.158082096529906 0.11161957998091 0.181107689221988 -0.0646557334029912
0.202834533310987 0.0488354812873348 0.118070694127108 -0.128459826054902
0.166014026245726 0.0429917429698211 0.0545873255762711 -0.171365636147279
0.0750703843114544 0.0632941535144534 0.116309473624988 -0.206574249244129
-0.0355269314636147 0.0522180898685184 0.237042091853324 -0.0595748821546871
-0.0426969592116732 -0.112885791383361 -0.0335185104166365 0.0804087638809553
0.183205349817363 -0.0819325309397118 0.11594747917515 -0.245865824496548
0.363027248323075 0.129764739449308 0.234165198616839 0.161942574504175
0.105106298208842 0.630623937148892 -0.113018159661141 -0.186337003864257
-0.0214554527858087 -0.448337636809312 0.106313982756796 0.380445920970892
-0.330673685380237 -0.110083793844896 -0.098315967427145 -0.0606364970230814
-0.161586687970293 0.14412535295714 -0.0763427766156148 0.225806707808807
0.0680959953745633 0.183797756327845 0.0801797174587247 -0.0619629065129423
0.17411796438657 -0.0535642289205237 -0.218382541143976 0.0221777829313516
0.0181701816501767 -0.15294878408727 -0.127726270896752 0.192805372493772
-0.0859279764550556 -0.117340923447571 -0.0785402324787712 0.145152390200366
-0.131312152713502 -0.0909010027338713 -0.161658622955523 0.0872607193099451
-0.120861209513806 -0.111300237040345 -0.250391918213761 0.000142707405810243
-0.0310738509841209 -0.164188048728761 -0.21562720387584 -0.191847741340704
0.128927888289287 -0.0982405514809437 0.0387382677100525 -0.301859265356922
0.105793652696974 0.0844215275011906 0.42213987064582 -0.133428717867154
-0.0241500833519993 0.0894650058702109 0.402556697085555 0.509667469075282
-0.222805189825896 0.00776557877002185 -0.146965795743431 0.710068458189922
-0.0487890531187163 -0.330318068842132 -0.425317185434073 0.778246359078134
0.0594033447426091 -0.176001527917276 0.0529086618737743 0.456461819744699
-0.195904005725273 -0.121963490086202 -0.121847860531857 0.0340815720742522
-0.161345281736683 0.171867797990784 -0.0626732714414324 0.280460225444914
0.138087674382819 0.228052907747737 0.147631399274755 0.00191215724718238
0.28160523404039 -0.0762165324349471 -0.133795124576071 -0.00588604846263646
0.0889731197714321 -0.220656381995396 -0.0989238625515107 0.132020286648881
-0.0246086883438104 -0.172731135399955 -0.0888436937981263 0.0935683604489993
-0.0514843768938285 -0.117684725405267 -0.199376863033813 0.0480393625692063
-0.0491557066048609 -0.0979508705403834 -0.291413576817215 -0.0430681789765306
-0.00633586294863155 -0.125348070288292 -0.23899979996 -0.254760446552292
0.153529726313911 -0.0893885739557312 0.0654651547110272 -0.351200505621244
0.14082527650905 0.16449188084712 0.434539259699202 -0.119720756422908
-0.0628645048218327 0.100115335490026 0.411418695750507 0.450351219349391
-0.139225207722892 0.174808989163357 -0.090417240638804 0.770760289751499
-0.180569242518332 -0.0365772531105879 -0.447522914617849 0.820798263951976
0.0997375424897955 0.157089709109066 -0.0192003668345071 0.401937171345438
0.0477488991680125 -0.0498518670182095 -0.228530357025641 0.0335046730352075
-0.10997597284304 0.101051054340113 -0.142479804223169 0.366609593710167
0.172289640693502 0.234004298026635 0.219626412775446 0.140196733821245
0.337254107422351 -0.0982423453895034 0.0166398220659068 -0.0306386367815661
0.129431813717773 -0.248562812612862 -0.0351480216795032 0.0317666455625005
0.0315651223542165 -0.194049673390918 -0.0797545620917529 0.0105048408620323
0.0381537795377398 -0.124597265538874 -0.206130767464973 -0.00178387272417676
0.0427665906728925 -0.077650694459544 -0.295139670094103 -0.0654783316553929
0.0459018323928978 -0.0720432430658186 -0.260076238642829 -0.261864866237873
0.169779679351788 -0.0371944617304166 0.0299371135728738 -0.378991591321327
0.153739489560773 0.235021263364729 0.406234568433208 -0.177735328033994
-0.120637476047484 0.145010928058326 0.439200770938712 0.302679284562985
-0.0663645884557602 0.244950790303643 0.106846103868538 0.758041020712262
-0.232797170100406 0.240437592076241 -0.382424553617482 0.817289477248036
0.045404519839208 0.477434724844389 -0.0703950780261049 0.221104645652021
0.250601602485282 0.157521700093817 -0.336840352274661 -0.0622596269310924
0.0467681676001157 0.0369121833903622 -0.292036232326767 0.380722101634715
0.191953536580647 0.177738544009122 0.217742113617429 0.310577830467765
0.322964920139827 -0.107998511591669 0.180068254197083 -0.0160324582514014
0.134136695952112 -0.221918452827972 0.0513299247570117 -0.0676925093050231
0.0807337704449358 -0.168892524641885 -0.0550726801366226 -0.0786246886492559
0.121217742762529 -0.114286620242887 -0.180039073756479 -0.0537989872027737
0.134779784959019 -0.0613150067945073 -0.254394194375939 -0.0764170659131452
0.122642835196671 -0.0301429149271554 -0.239029220066987 -0.232967592220034
0.202387520666841 0.0364162060407838 -0.0141720302586197 -0.350363529783762
0.140070175229937 0.28276056534207 0.312979512562699 -0.234252780571774
-0.125155428830187 0.164536440172669 0.447126943815472 0.104987139778664
0.00951781686905633 0.28103467152268 0.328662455061829 0.663472176702184
-0.198961006840994 0.470728668930471 -0.271825958067803 0.736289774373338
-0.0765028055148272 0.70271697567228 -0.0542595792650093 -0.0417911398867042
0.304356176992783 0.398432119838572 -0.389941167762215 -0.224231504027397
0.211209495507943 0.0561853017090041 -0.447492782187205 0.286076565107899
0.208907240368897 0.101189539010727 0.129627750561636 0.439027150264921
0.248074864740766 -0.0990751276757513 0.287010726547797 0.0393807369368166
0.107898549263176 -0.139405495459813 0.133881150048616 -0.123675275473678
0.126706688510069 -0.0991163710134863 -0.0151308538342617 -0.139884275608414
0.188364912956114 -0.0881344749735495 -0.124457345324029 -0.0971992357442225
0.201741216755348 -0.0541313915928188 -0.180140011374765 -0.0903400042314719
0.191070885570885 -0.0235994876183228 -0.1680637616637 -0.192197519591446
0.238486141456138 0.0830487416034076 -0.00753861292463931 -0.264083280982514
0.111671900726814 0.27962983803772 0.176863105363422 -0.207657875972841
-0.0527548404953118 0.144264306622361 0.389215252455785 -0.0990685784207886
0.11653274577496 0.293720615234094 0.480766503091476 0.521856288879804
-0.101984678762714 0.636890302246894 -0.171447451140885 0.571176475274264
-0.203990038279745 0.779277846346447 0.043809400213539 -0.317282737056767
0.257611877736787 0.542591497355217 -0.33989086947691 -0.398040537741805
0.285675734120613 0.0839052982141728 -0.538723736238137 0.0770243444340817
0.182093947332817 0.0368890785406182 -0.0345328247630548 0.463389599375576
0.137804282208687 -0.06113228357041 0.288781893035434 0.115309773415849
0.0681825842671476 -0.0233692491184722 0.186359650400165 -0.108662747652052
0.160709581556697 -0.0069664360203348 0.0418603057657376 -0.154138050510467
0.227245109857879 -0.0476229465223424 -0.047303412878797 -0.127197211942878
0.228433700938852 -0.043708701598933 -0.0904624918383526 -0.117987073788332
0.207883033733788 -0.0294157355181417 -0.0567735967991511 -0.180206628158223
0.220115350372868 0.088344079495882 0.0724716989403591 -0.166043537278385
0.0666201174106383 0.187917414894018 0.060971718712237 -0.0933890696549478
0.0545339700277676 0.063478491733153 0.266930093579433 -0.24227805626456
0.232914734233812 0.270857581611287 0.505075755806767 0.375684320253864
0.0151208339320477 0.72199814068864 -0.113903114020062 0.338350790408095
-0.236659726332163 0.724976621033822 0.199284417839507 -0.539096915830817
0.242446893157478 0.506461381456278 -0.174438740967205 -0.52472139796052
0.23693347853401 0.0302921927665418 -0.506879462102259 -0.190243094996112
0.0823558152774383 0.00205450825440106 -0.20612994618013 0.366499517412186
0.0185713770487615 0.00127329500459538 0.185849976847141 0.19000036921449
0.0365285859867733 0.0866450281689297 0.204601010912446 -0.0236121579743932
0.174352341109298 0.0635702207402954 0.108860805101819 -0.122602572561481
0.233118551494431 -0.00198850166688502 0.0358901620425887 -0.139078463396443
0.212921263567421 -0.0132259184595019 -0.00821681448532342 -0.150758168202899
0.161940973572158 0.00241585508869943 0.0488628966964988 -0.195829647424465
0.115428065991227 0.0704671118282635 0.175588405336549 -0.0977595158839662
0.0104634007903917 0.0306781229641454 -0.00269535931559127 0.0266890160097278
0.156154217666908 -0.0211120250238699 0.166790504628352 -0.277070313250743
0.318797523032593 0.201968848841556 0.400151844540335 0.263246389780997
0.0969278691000783 0.721765593779164 -0.108440949620423 0.067558989224762
-0.131124834196544 0.572950347961031 0.355663298615402 -0.681373674692048
0.248797311956061 0.281243048830843 0.0471150602782163 -0.601749769380151
0.104330997910009 -0.0487807312374489 -0.408506200862384 -0.430063505744778
-0.0119960064150186 -0.0263467026032732 -0.348113612046155 0.210322729030485
-0.076706336441889 0.0573186446094211 0.0458420571002539 0.256758237781042
0.0203401248629293 0.155542830084577 0.204834015815023 0.0915866771582394
0.158575264003294 0.110418879030624 0.17943218738079 -0.061266995940171
0.203318892330034 0.0448486060528408 0.114821909199004 -0.130190162656052
0.166613773012629 0.03990133513755 0.0503733899177628 -0.172391372751064
0.0759999692988586 0.0625236706898524 0.108990054306179 -0.2133252511632
-0.034040876525458 0.0526684803894682 0.236080447290031 -0.062610570825435
-0.0433761779038783 -0.111842892120146 -0.0317135771288849 0.0805152432376142
0.182301917210308 -0.0894413075016002 0.118649031421669 -0.239651289353587
0.364604575524426 0.125017306791519 0.236805775303804 0.157902856499976
0.10641964985146 0.626733090331876 -0.114228848095186 -0.185791770301503
-0.0246289728143108 -0.445181595843014 0.109519237721937 0.378884669404656
-0.33043518504207 -0.106383855507536 -0.0985401247654776 -0.0582933453874
-0.159630502251074 0.145727061050899 -0.0744819923394049 0.225627797239061
0.0702793198202836 0.183475478509385 0.080154069551508 -0.063200358852931
0.172706116760392 -0.0555048710845837 -0.21710812790211 0.0262016473635544
0.016722075244528 -0.153911336430623 -0.125675594788365 0.194277020048661
-0.0872819149093015 -0.116248069786873 -0.0769555582156181 0.146781647656025
-0.131818194302373 -0.0897051612730644 -0.159944322238928 0.0884394460248761
-0.121773981637391 -0.110435890624185 -0.24856388310656 0.00240021707879117
-0.0319918914929264 -0.163084722325139 -0.217019653195866 -0.188827799671044
0.127769386059013 -0.0989227341893772 0.0362285409848471 -0.302459611484423
0.106107483790018 0.083200585136853 0.420060045784553 -0.135547752426692
-0.0238514332048672 0.0888066460632898 0.40686083250738 0.50416323747189
-0.222112439496509 0.0106962557454267 -0.142057087320012 0.710553833303361
-0.0518474276875098 -0.32858273467931 -0.417024525813524 0.780456775272479
0.0595999152989955 -0.17619112571357 0.0549572505890416 0.455548054596933
-0.196485271576441 -0.120317314674128 -0.120874146465912 0.0357265767668829
-0.158601892846547 0.174697166856531 -0.0605965493985959 0.279275847768211
0.140272948523952 0.226445470799903 0.147327498944902 0.000726913148163168
0.281737535215666 -0.0803068128783464 -0.133938142312626 -0.00389163350454206
0.0871437138357318 -0.221152761970821 -0.097139073116583 0.132212125891463
-0.0250895958718976 -0.17161685405771 -0.0864050724181313 0.0943324674073211
-0.05227197588989 -0.116525243014258 -0.198407080104535 0.0490859619504956
-0.0505872917862273 -0.0968793764529622 -0.291541128578134 -0.0395732881783961
-0.00843091208759308 -0.124778597795302 -0.241039091545092 -0.251645384641197
0.152235417875234 -0.0906747309528258 0.0615764054746209 -0.351397916691814
0.143154417887258 0.163177349155481 0.433505845398186 -0.123021354163615
-0.0630163002366132 0.0988433827568132 0.408865543125782 0.448572616003741
-0.13776740932207 0.176458456149299 -0.0828349597610799 0.771161531516979
-0.179588319449862 -0.0358369280197291 -0.439649238718628 0.824320639502858
0.101630388293246 0.156318382015691 -0.0161253981560515 0.402105298781609
0.0475338396018259 -0.0497909220085366 -0.227704123842378 0.035917073678276
-0.108972631149421 0.102057742118156 -0.139241960717409 0.366415692952233
0.174947942535937 0.232174319140506 0.220681159108627 0.138492469798382
0.33577697833128 -0.10137484819353 0.0160422291435007 -0.0304837556301907
0.126570084062129 -0.25030174470642 -0.034272524498885 0.0322517848756585
0.0290689693736311 -0.194484805270388 -0.0790866314785002 0.0113025864736561
0.0369288140465599 -0.124912904531375 -0.205455449920117 1.27368370955421E-05
0.0414107765398238 -0.0774999384075104 -0.294555661006957 -0.0627924823268516
0.0452090353407217 -0.072367724645043 -0.260906395687575 -0.258245344810423
0.169035673015657 -0.0391919362645527 0.0275518852934986 -0.378240316538881
0.155651379618966 0.232570466285872 0.404522849230658 -0.179488267133426
-0.119344699127557 0.146117110409024 0.439884650188027 0.297276525919323
-0.0645645055467787 0.244422281007551 0.11262241950344 0.754944548495633
-0.23181097907739 0.240429462976695 -0.373207615646246 0.819897536934351
0.0582290217096103 0.480116229982335 -0.0664593700450328 0.221478796168961
0.249580021073856 0.15621202652651 -0.335023888613401 -0.0607962682834993
0.0482964265508682 0.0362699208012434 -0.287783101450007 0.381783485404123
0.196118873109675 0.173534276764313 0.224930163427659 0.306106355097173
0.320613724007515 -0.111925905222664 0.179302149388493 -0.0191584114538123
0.131901940764136 -0.221710716935106 0.050698532770146 -0.068115211673751
0.0824376465468204 -0.164784671002852 -0.055872057074035 -0.0776938246399153
0.120425378541589 -0.114425171264609 -0.179163522492986 -0.0513526328029955
0.133454788551071 -0.0636353940337725 -0.256112170813688 -0.0726288666984743
0.123034488977298 -0.0364470312041308 -0.24073157547842 -0.229187167306659
0.204782689392356 0.0313557096564932 -0.0175291120740153 -0.348929485801201
0.144861279396921 0.280773484617577 0.310548018982875 -0.236240594299374
-0.121423700345515 0.172649428556625 0.446150241420703 0.10560027450558
0.0117943341657655 0.280211546849558 0.332711010933728 0.661582368453151
-0.197052793201177 0.468478403682937 -0.26440638805659 0.738959407161853
-0.0868847985507868 0.692883294332576 -0.0539698080598029 -0.041054263772838
0.306525198552732 0.394290578765931 -0.391372572938112 -0.219882710327964
0.211406234405942 0.0539790599704231 -0.447307258928429 0.287461854723352
0.210214875231134 0.0984673487017393 0.13367860214671 0.43677645190619
0.247539672443992 -0.102430927587719 0.285402284277293 0.0360842353205466
0.105929987757788 -0.140281972769279 0.132389720289451 -0.125012295264367
0.125183412860971 -0.100744324432922 -0.0161389594959271 -0.139240154361497
0.186050410360641 -0.0899485527892533 -0.124856485782213 -0.0957273318132421
0.200879850882725 -0.0560937722621198 -0.181175528160784 -0.0884484916702894
0.189294012954196 -0.0256606738093028 -0.169056154989351 -0.189976607003698
0.240040151588061 0.0800913857738655 -0.0106610632563567 -0.263440808406587
0.114441824345908 0.278546888679087 0.175056226574099 -0.208782714081781
-0.0510569665955243 0.14543828657792 0.387350335007296 -0.102673885379544
0.118471998548036 0.294214872377823 0.484052500395392 0.517984493757944
-0.0967276578047553 0.63587771607353 -0.165175382217918 0.570435624936896
-0.204504611720957 0.774372179739876 0.0465005834384063 -0.31449741717306
0.269810624686058 0.539641033852099 -0.341428537727765 -0.394223987197545
0.286506807323736 0.0808070646508292 -0.537195632039396 0.0814155373528909
0.179434734119746 0.0385795899643744 -0.0202352818552253 0.466616725000437
0.137398786717727 -0.0615169573605616 0.289205228144357 0.110256451720203
0.067186901717793 -0.0243150490650155 0.185100430303631 -0.108661494568001
0.160429945177904 -0.0129368160230418 0.0406949980759821 -0.152625400650193
0.225468841568918 -0.0530703013785794 -0.0516760693933614 -0.126923084158392
0.227492840750673 -0.0455645842803242 -0.0908735936853126 -0.116071342209134
0.206234352367396 -0.0256703088352818 -0.0625427757666262 -0.180938372535036
0.217348101773325 0.0889825402664131 0.0707172510500976 -0.165809377756004
0.0706840384715619 0.18630312937903 0.0604348912459312 -0.0944405093761255
0.0623221512716989 0.0650994233416425 0.269821181594742 -0.231229994811674
0.231133308044401 0.268545101749989 0.504883241198305 0.371577135949891
0.014808410192139 0.718738276717662 -0.114623688836042 0.336790625213219
-0.224937126724283 0.729007703458352 0.19705009051231 -0.537217773023511
0.247290767688319 0.503844573039931 -0.176517732582151 -0.522889636869184
0.235742097572629 0.0292554488099695 -0.506490156432808 -0.185445407538285
0.0842240967445406 0.000740107992533816 -0.201266297003334 0.366399061454735
0.019699254455466 0.000384008237603537 0.186313454369901 0.188349144337797
0.0371886952810442 0.0860461004848827 0.203999332891874 -0.0251344173922714
0.173765701649894 0.0627258992223733 0.104996691933709 -0.122363816552155
0.231187417081678 -0.0046290301696518 0.033512312067678 -0.138549395853729
0.211771216778609 -0.0145095221315305 -0.0102474722581899 -0.149085597133252
0.1602817584389 0.00138459973468885 0.0468217091703908 -0.197213492342162
0.117565298978706 0.0688533574855532 0.173676787865405 -0.0994576496948588
0.0115679683082045 0.0310157359988698 -0.00322209761221089 0.0261823034571018
0.156787913189477 -0.0227280119447197 0.165023442221929 -0.276908342865318
0.318969957835665 0.200595552880541 0.401370905802001 0.257565009844691
0.102769291924544 0.718162915684104 -0.107029483988542 0.0681001699324073
-0.133633762129336 0.567393786383027 0.356373783063155 -0.67824047468066
0.251889772101166 0.277916937688 0.0431767602353329 -0.60216536159225
0.103718827627742 -0.0497330989398625 -0.415163376467734 -0.421441743972738
-0.0124336006148815 -0.02629331935785 -0.342308650713006 0.222372518275338
-0.0760554691947662 0.0570452944297784 0.0499851909431014 0.25548805022772
0.0221167605602019 0.155177941161128 0.202854018973997 0.0912402218599406
0.161905743934632 0.104092383577753 0.177136950711373 -0.0608416556948514
0.203383459639152 0.0418704899817711 0.111012796711685 -0.133841907220278
0.166574744752743 0.0393940928365425 0.0499403858006691 -0.171260888600578
0.0738104662763427 0.0641026568194515 0.107723968543755 -0.212925297653678
-0.0337324029775513 0.0523488756709645 0.234893248646065 -0.0669741200817157
-0.0448762079168979 -0.111836534398178 -0.0311881173714206 0.0799458533346038
0.180184415225137 -0.103791567434862 0.112777760275414 -0.246206615248586
0.366273290150955 0.119754803756645 0.237126923672233 0.157156059237607
0.109516027808092 0.624069900431411 -0.114886161867634 -0.184919821484671
-0.0278936037014432 -0.444237938516034 0.110837156459494 0.377852967409193
-0.331491552712788 -0.104761734740708 -0.0987729147182289 -0.0571853475601541
-0.157736910809416 0.146897960320239 -0.0723370729598216 0.22606146065687
0.0729415708532449 0.181797321778047 0.0793677690281476 -0.0628462724195121
0.171695959735989 -0.0566485835109214 -0.217100547381178 0.0274826520591143
0.0147850395345295 -0.153889964690269 -0.122244920366455 0.196015709942609
-0.0888718639183168 -0.115399093333025 -0.0749681668432702 0.1473617818923
-0.132818926754956 -0.0885778571681792 -0.157612033776411 0.0902982046072777
-0.12296967502945 -0.108608997744153 -0.24769431676725 0.00424844978871296
-0.0330692974954473 -0.162248982500327 -0.218160931470199 -0.186771878346846
0.127608707076005 -0.100027465438632 0.0351144027935895 -0.301202130091299
0.106015800931473 0.0820917010533556 0.419950665713361 -0.139615411782749
-0.0227517341445727 0.0884094125995244 0.408465582295346 0.500732882916114
-0.221879730055908 0.0127803694600645 -0.139774309219178 0.709512611932252
-0.0543244128082586 -0.328633980642203 -0.411793439259426 0.779273635833384
0.0568809112278886 -0.17640519412594 0.0584931338132317 0.453713807336507
-0.198068325935999 -0.117289887939567 -0.120710771703092 0.036575961170144
-0.157420124952988 0.175176341872392 -0.0577852800786473 0.279041087955148
0.13971951628135 0.225244119005261 0.147168958730931 -0.000603583847765465
0.279181821484899 -0.0826169423886572 -0.133595145202873 -0.00241747182386148
0.0858140560269242 -0.220727610747769 -0.0959581045047965 0.133818995144649
-0.0281292825000268 -0.171143349126002 -0.0860760569980601 0.0946477402337734
-0.0540704253062478 -0.116569662094443 -0.19716414237262 0.0520897975543319
-0.0513344738951962 -0.0969129228499934 -0.289648817530798 -0.0379341125862234
-0.00860225681752854 -0.124984386922683 -0.245611320565713 -0.247198008065883
0.151506837340425 -0.0918066656777374 0.058888556196616 -0.350832175312989
0.14382994034185 0.161213540778967 0.432294104525851 -0.126815825892332
-0.0612894569065498 0.103225025325882 0.414195996552559 0.442017499687296
-0.13621461167623 0.177484198474015 -0.0757477132999784 0.770670937579988
-0.180628563657439 -0.0336081239909829 -0.435755048735518 0.824707453915319
0.100228335294524 0.15596367319931 -0.0155155985214075 0.401746796768745
0.046738759933399 -0.0492703387383628 -0.226812757900304 0.0370864238794012
-0.107419252244098 0.10355579821632 -0.135474375247028 0.367129900215268
0.17775561764963 0.229840037423888 0.221367717243453 0.136678382917961
0.332720942734773 -0.105840195207501 0.01571366215807 -0.0300631274086492
0.124582158049067 -0.251196826673211 -0.0338815785003186 0.0333747131622618
0.0264066549949494 -0.194517270184886 -0.0794309399263218 0.0111567064245581
0.0343242944348559 -0.125116735198266 -0.204210304297266 0.00240645966466783
0.0397522908485228 -0.0782418717672435 -0.295308914718749 -0.0590280703313823
0.0440744542613843 -0.0725625754455003 -0.263384776888959 -0.255732153257517
0.168065024081023 -0.0409353836450191 0.0237074590160661 -0.377860270708806
0.158539037303174 0.231206992835914 0.402780073382159 -0.182512441593718
-0.118510454007935 0.14651913955483 0.440192942633223 0.294763066341539
-0.0644793021057624 0.245783573227862 0.119079203233471 0.753987653065993
-0.230819056915475 0.240561114547504 -0.369664418728823 0.816991347139004
0.0516074120621636 0.47578108380387 -0.0658093558912543 0.221363593809551
0.24963068536417 0.154739039039199 -0.335766232483602 -0.0581208601326753
0.0485727751930971 0.0363558834994375 -0.283698038753984 0.384404262789087
0.19270739497698 0.174775113160575 0.227052828989437 0.3041734929476
0.319234710872756 -0.114388391794117 0.179170525739249 -0.0201890098614713
0.130078789650336 -0.223347742981204 0.0500428030668003 -0.0680431311168118
0.0787336989758246 -0.168064748568434 -0.0555998134380217 -0.0772205481968156
0.11750041769248 -0.116457483066809 -0.179954489598933 -0.049061339814204
0.132493552184834 -0.0651307190939062 -0.256396810101373 -0.0691412914591099
0.12295393437342 -0.0409833829600529 -0.248203795901755 -0.222252560934306
0.20586011787984 0.0289172999146339 -0.0210380533844539 -0.348437023687544
0.145795767891171 0.279259510383449 0.309026422095706 -0.238071229843965
-0.11307939733669 0.184535701479729 0.452300141129725 0.0918798420099594
0.0132345568328629 0.280752652399708 0.335174725996047 0.658030205232654
-0.192741826206403 0.471940880971205 -0.260316333924022 0.735157131193885
-0.0667868913715501 0.703287692920384 -0.0535370983065996 -0.0416140768100754
0.308485206718626 0.392690018750686 -0.393258030312492 -0.216517604445114
0.211670966637 0.0523586197664678 -0.44258128041684 0.290528831544568
0.212333738535792 0.0966599166465302 0.136444332006926 0.433614463333451
0.245752756453944 -0.105047929016002 0.285607121525866 0.0336085675448764
0.103353943473194 -0.141403420413408 0.131855934201046 -0.125695644803925
0.123895860081573 -0.102678586362197 -0.0176684916830773 -0.139305433731648
0.184470005144149 -0.0913070446870456 -0.127094301328678 -0.0938868836930884
0.199780330660357 -0.0581617248440363 -0.181476732751056 -0.0865846257315949
0.188195944483499 -0.0272587428287725 -0.170487362673538 -0.188692489489718
0.240071389608435 0.0767456715813651 -0.0129303761876102 -0.262601645670341
0.117847463015378 0.276342770525976 0.173446186331841 -0.209758477130598
-0.0500418910419095 0.146506167218699 0.387423841101709 -0.104551024819537
0.11987090812091 0.292419279372725 0.48425544005162 0.510545605647506
-0.0934236947499671 0.635552972213877 -0.161408078246382 0.570482982326118
-0.16988025704625 0.796265529417771 0.0403792408657469 -0.317524149469523
0.275478045098354 0.536579431171038 -0.345222888746977 -0.390796841693728
0.284734306676374 0.0811992495492636 -0.534785129807578 0.085577174829361
0.177965728731147 0.0398032877554513 -0.0185208081955981 0.46478010631291
0.137271630252648 -0.0629205118106504 0.287222489440237 0.1106495593868
0.0673011687145235 -0.0260222262930779 0.183373189349954 -0.108884347435659
0.158385486663512 -0.0208108411463093 0.036637121163372 -0.154765443776198
0.223212887309355 -0.0544807737447817 -0.0540657714266308 -0.125633269044467
0.226225604335469 -0.0462180161118799 -0.0918445050366743 -0.115863517483445
0.204157866540538 -0.0192241181232388 -0.0593705565045801 -0.179232361666075
0.218006531448142 0.0842807120783168 0.0687544714632008 -0.16773560264749
0.0734814132081296 0.185458474556303 0.0595298815078799 -0.0938002442976453
0.066670663494025 0.0655633875643773 0.267217642571657 -0.234919656205263
0.234733063373033 0.266119042575824 0.503597909325791 0.368308386830776
0.0259520965045963 0.7227755088286 -0.113161201739866 0.335992686171269
-0.194454299279772 0.749700256849982 0.189504541400883 -0.54243428373073
0.249838619968939 0.501082411839752 -0.179043297862924 -0.520651086937358
0.235040094606915 0.0258193555288156 -0.505789807460976 -0.183293925895979
0.0831459334324792 0.00126880165838781 -0.20064532231863 0.366606334866185
0.0192614167830002 0.000766674128768953 0.18734990852239 0.187014094126449
0.0375747457242111 0.0857548470913859 0.204388971528074 -0.0270922222024023
0.174180192905163 0.0610296024971499 0.103661366754999 -0.124104565408466
0.230552081392369 -0.00654464218291755 0.0315579765599014 -0.139458602673421
0.210761454739319 -0.0166285611041626 -0.0110024745508826 -0.150415608136792
0.15912538954409 -0.000891158425309664 0.0444278552951908 -0.196266884609926
0.117094175526828 0.0665740083492254 0.172940000957818 -0.1010799352439
0.0124353366935542 0.0311220094627401 -0.00224159682699623 0.0259701616918586
0.154872239531111 -0.0220499702595832 0.163374986373738 -0.278852615950934
0.319719460103956 0.19703963923542 0.401938921528803 0.254197369234056
0.105032852210148 0.719252190559932 -0.107029767744817 0.0685670886556726
-0.110048228493571 0.579528120033225 0.341887880289397 -0.688779319002488
0.251367599853628 0.276455113213925 0.0354220658161144 -0.60221611239051
0.102359923996542 -0.0503851394543934 -0.41541765220876 -0.420448697588876
-0.0123702442339864 -0.025944176855241 -0.340900161585173 0.221486053774331
-0.0750279385685256 0.0577715051259058 0.0480720478533888 0.25519766657636
0.024547152674057 0.155517760901115 0.204129452058646 0.0888029548689189
0.163213211908282 0.102129116503681 0.17691670376634 -0.064854327579577
0.203044994718675 0.0405450743299179 0.109696565785591 -0.13257067322572
0.165744621934257 0.0381494756918656 0.0488078311579658 -0.169310566632957
0.0733882761841887 0.0631652925538171 0.109464987252444 -0.207278589714774
-0.0328261661407689 0.0537088439857074 0.233907214583405 -0.0700614508011331
-0.0468575215966974 -0.110881575789103 -0.0302714973312581 0.0792734462029471
0.180019621588393 -0.0955915555655198 0.107036627968844 -0.252479258895924
0.364989144818754 0.118543571212907 0.237128004952186 0.155496285177709
0.119819534104154 0.625130441699207 -0.115116751230567 -0.184320947834116
-0.0299754652690872 -0.443539402606856 0.112747721307841 0.376856111673035
-0.331007388719431 -0.102349491303428 -0.0981817451026105 -0.056751288704597
-0.156575135074031 0.14735055830196 -0.0706302918051056 0.226298031271512
0.0734459984971207 0.181725205856063 0.0794195635351816 -0.0639082391310288
0.171043725633356 -0.0585807278873955 -0.217126947482599 0.0295498015268011
0.0145881383221426 -0.153729576880531 -0.120220996407293 0.196859735159278
-0.0892116234714687 -0.1140794867523 -0.0729214690999672 0.147420386277893
-0.133551794031274 -0.0872303951246962 -0.156622271290901 0.0905315289887421
-0.123154041701319 -0.107628041050303 -0.247402125230556 0.0063570485526993
-0.0344998350310466 -0.161769532438099 -0.219785876175286 -0.184546398645396
0.12590408245188 -0.10115911303022 0.0318108331168176 -0.300734087763168
0.107022362606229 0.0819249440837224 0.416496410781571 -0.141130938794935
-0.0219156577941005 0.0885494953525956 0.411939284797385 0.497485396943497
-0.221799629370279 0.0132499516946355 -0.135075641541048 0.70933935802578
-0.0554854646909196 -0.326088410195508 -0.406820256536735 0.779456931037756
0.0545394655416785 -0.17663772643663 0.0626372968589367 0.453516716901799
-0.199092057982582 -0.114793649183149 -0.120762133905448 0.0378743122208283
-0.156859164251748 0.175601517253671 -0.0554096644611986 0.280604538895229
0.141989166577791 0.225304209766391 0.146941919780723 -0.00123612768944181
0.278536190554333 -0.0846064467847904 -0.134125475673778 -0.00195345332473574
0.0825551625464896 -0.221491390627059 -0.0936964475104742 0.135409977603181
-0.0309545895479158 -0.172476579058294 -0.0837197648551432 0.0943091377284173
-0.0551708610389893 -0.115651748940381 -0.195740227816091 0.0533500727413339
-0.0526522997875344 -0.0960780639801302 -0.289910125558865 -0.0363345860298243
-0.00939899802759477 -0.124424947742664 -0.245974502794464 -0.245396840502109
0.150786101746721 -0.0926707196353746 0.057385976881132 -0.350868500223429
0.145318800670215 0.1602100584237 0.430236432106595 -0.129258008767663
-0.0593228112582103 0.10426611730744 0.420876963230188 0.437625472817268
-0.135559514078771 0.178000149361338 -0.0744181125071095 0.769841668492857
-0.182363160705365 -0.0322498690752612 -0.43145264665416 0.823355760987186
0.0996399653245079 0.155061064822005 -0.0128676800685947 0.399835955570012
0.0457947403094889 -0.0489382438054666 -0.225767135079966 0.0382357985044261
-0.105684837072388 0.104498205751001 -0.133929986896598 0.367272301489182
0.179099844155342 0.228477221646833 0.222225506638667 0.134438445162918
0.331764411195814 -0.109181099219351 0.0154734644638804 -0.0302313014184306
0.121841780552221 -0.251833080437152 -0.0324038354921006 0.0340523076938268
0.0243224684396935 -0.194502512275022 -0.0787254511990126 0.0122492733308478
0.0333170576982727 -0.125973652788088 -0.203267505346599 0.00369037585631244
0.0391904466111088 -0.0785790778102965 -0.293923040125565 -0.057893627613774
0.0438414817439581 -0.0726084832845989 -0.265411244204468 -0.251956559019074
0.16774597778719 -0.0417414795225914 0.0210523433874251 -0.377747705717451
0.161310782119892 0.229378966504941 0.400721609373159 -0.185303404827428
-0.11744779387226 0.148738425540378 0.441942369757201 0.291708718779859
-0.0631190066818406 0.245890218697001 0.121744484231889 0.751311906851026
-0.228361317205446 0.243461071120018 -0.367053376339355 0.816801966093485
0.0454903324835163 0.471204222738623 -0.065040077347646 0.219811417227902
0.251868881687392 0.153247995395128 -0.334308562607134 -0.0562925721331734
0.0489085403495745 0.0356766384191021 -0.281413852261326 0.385470061903021
0.193065091880243 0.173460541514075 0.226494482502608 0.303803394202482
0.317536555724593 -0.117178198959401 0.178262182105129 -0.0211884106790302
0.12758059848916 -0.224994440884251 0.0499849284676074 -0.0674453338197253
0.0731089150155068 -0.172388145148707 -0.056972777815624 -0.0756863889540121
0.115995048453772 -0.118763972470647 -0.181079105064901 -0.0474507207416674
0.13133952255517 -0.0656481797809258 -0.255470741912246 -0.0679899087741587
0.120582851663043 -0.0366359536245719 -0.249341427685876 -0.219765960611579
0.204144003978513 0.0287192955791833 -0.0227126688450977 -0.347208790368703
0.147668821159057 0.277926136847645 0.306761229272265 -0.240158571290799
-0.116448294952201 0.178751601570169 0.452863253938964 0.0870668439840741
0.0134884471033951 0.281264590791203 0.339981047459189 0.653473333169205
-0.188170127338364 0.473113914486463 -0.258370868281711 0.737614861863911
-0.0487572084845976 0.708816689965547 -0.0536934092092315 -0.040224169615556
0.31119457063003 0.391220292287413 -0.392756084834678 -0.215362195645188
0.211764237333388 0.0520021184140472 -0.440108758332649 0.291548995613149
0.21280183289297 0.0947887823486625 0.13947880306889 0.432957050433971
0.244837041846209 -0.107414041453005 0.284175143602373 0.0312022727257501
0.102326985866387 -0.14263989766119 0.130879897227105 -0.126205188901327
0.122137214026274 -0.102985150672465 -0.018402850751297 -0.138928194319603
0.182343834193336 -0.0928653462958179 -0.127345778020707 -0.0928002695638037
0.198111399320337 -0.0597581826557084 -0.182147975045202 -0.0848840955384875
0.187095489887737 -0.0297137189163489 -0.171970446262064 -0.186071483780221
0.240919131571562 0.075223249080775 -0.0143934564875339 -0.262835074915161
0.120476148848859 0.275391731069509 0.17251443695347 -0.211218858196347
-0.0493855244999123 0.14779015566671 0.38618287801081 -0.106624425393886
0.120965650832685 0.291543046567772 0.488610107776313 0.5082002603482
-0.0898410923766538 0.635610160051914 -0.158652224143349 0.570859391402981
-0.163599255316371 0.795495855516219 0.0345208208731839 -0.31859619694283
0.269990294459278 0.534937091254575 -0.348367250668402 -0.388165181640881
0.282694921341082 0.0799589576340236 -0.533015095169468 0.0895380660203483
0.181562747002555 0.0358408975086156 -0.0246797908696151 0.460313232077119
0.136614899785161 -0.0655863668323028 0.286932750723864 0.109800133320393
0.0662650629355685 -0.0266802158857351 0.182594049813554 -0.111324239623926
0.158881142098064 -0.0174436228105702 0.0338590184968829 -0.156166324709274
0.223072804879403 -0.0541190449224318 -0.0532094079359616 -0.124575572139363
0.225177130163585 -0.0486890328665565 -0.0934231870712822 -0.114352149562943
0.204582366464833 -0.0273587136822267 -0.0582868622834846 -0.178187727047623
0.222244008587205 0.0787660050554083 0.0675911056539918 -0.167596857012672
0.0742565218763654 0.185218884501853 0.0602919323778871 -0.0951539909085263
0.0595433184403601 0.0655299244359219 0.259776974341056 -0.248855166003486
0.236433337136415 0.264554883978078 0.508955272196393 0.362105032718561
0.032384424117745 0.721552083710439 -0.10841931207523 0.337221094635406
-0.200954600365065 0.738528444754987 0.18584537564592 -0.543231206938964
0.250700729363876 0.49843898337003 -0.181843380486784 -0.515743796752792
0.23597641473821 0.0260728821036453 -0.506086778593603 -0.179242419035035
0.0841296407023369 -4.66257863261836E-05 -0.197126665527266 0.367712224964358
0.0197131266604066 -0.000693014260183929 0.18792263073424 0.185166795253241
0.038375539092502 0.0855676931732734 0.202764170124449 -0.0290880514869117
0.174027070364176 0.0594761658540357 0.102282407097897 -0.125084390120453
0.229966520722633 -0.0102142419331133 0.0290531487391029 -0.138975373707382
0.211114541972669 -0.0198563051209837 -0.01324006756223 -0.15017733483061
0.159425043451312 -0.00206704469006246 0.0422213157591268 -0.197664575379682
0.117761049356598 0.0657053397553829 0.171691982028227 -0.102773977527561
0.012578512316799 0.0310778017996725 -0.00152806502995111 0.0251204834459869
0.155746571890683 -0.0230630208464448 0.160259690646336 -0.279069830287629
0.320544588950043 0.195276972031502 0.402954750466839 0.251999126736794
0.112570652443986 0.715464708629968 -0.105650848063977 0.0678225448695797
-0.100372114255913 0.581662248266105 0.336379118718122 -0.693596747964105
0.252163036322904 0.274966356901087 0.0338797088829191 -0.601280812322672
0.101594976859116 -0.0495622642985568 -0.412734071121457 -0.419908217104406
-0.0114243145222832 -0.026995250951686 -0.341631000247079 0.213765495087617
-0.0740022159194165 0.0585123150606215 0.0484698317528484 0.253346828078808
0.0247254761100337 0.154780575161529 0.205901397396794 0.0841761164332991
0.160016701398945 0.103724875993322 0.174499662682738 -0.0702141673814982
0.202572636240093 0.0392218826450696 0.110328986395886 -0.131674351998345
0.166607039578307 0.0347159525827246 0.044152830441905 -0.171881718133651
0.0770821292967984 0.0609015248041966 0.106064173515891 -0.211774437688498
-0.0325832675764615 0.0534562961392196 0.233511070135588 -0.0701742246330962
-0.0467904870447917 -0.111259669485631 -0.0295714916889489 0.0790959887696518
0.178972545476954 -0.0869179222087119 0.109119594588904 -0.2473623335945
0.362714715680867 0.118065972114468 0.236829691852441 0.152006184498235
0.122988097649132 0.623727551142545 -0.117301889236271 -0.183273074007486
-0.0330398461932375 -0.443313066539321 0.115909205153104 0.376693355611127
-0.331935037832847 -0.0987730778512655 -0.0986747904380823 -0.05597054557868
-0.155387100436853 0.147966473241269 -0.0690427155143714 0.225794278233486
0.0753493526641773 0.181062065329611 0.0778446646107535 -0.064430225854229
0.169813724797242 -0.0597890532281049 -0.217344577382769 0.0312041431353325
0.0131396244476614 -0.153979565906037 -0.118346808435725 0.198306525340193
-0.0900850813326062 -0.114312734413998 -0.0713472899981198 0.147360793683558
-0.134134124198242 -0.0864956420457245 -0.155692433409631 0.0908556588517909
-0.12441137677958 -0.105838116790556 -0.246766536495182 0.00853552216611657
-0.0349417372403979 -0.161378652204374 -0.22077666271137 -0.182086279554935
0.12545350358667 -0.101140848921273 0.0301606981418802 -0.301304978701139
0.107932711832187 0.0799771359272439 0.414002096442612 -0.142194042461762
-0.0215712533800968 0.0889033338511441 0.412296267066935 0.496497532217354
-0.221683629858821 0.0156571065912157 -0.132492674953556 0.708866812981157
-0.0573637062847237 -0.326858057935717 -0.400994163182954 0.78087041682498
0.0554575854936606 -0.175940106671982 0.0645649148981401 0.453918967991828
-0.200134716253065 -0.114107531763289 -0.120243085175863 0.0389796986831318
-0.154705765009324 0.177161143796675 -0.0535695963343911 0.280140028946539
0.147340034096774 0.222855554108216 0.14705657319499 -0.00190471915036151
0.277599126653005 -0.0869879385414918 -0.133300162451644 -0.000742427791031792
0.0809118586219477 -0.222803531082534 -0.0921786093346465 0.13641135234319
-0.0319896242802833 -0.171541668833245 -0.0829718013200828 0.0959373637884597
-0.0555834533192119 -0.114920418499989 -0.19507478054447 0.0537775819559659
-0.0538186754830025 -0.095411766608231 -0.288904758058043 -0.0331437569849269
-0.0101579858150555 -0.123237463458205 -0.245877823798476 -0.244044194129855
0.150564076390054 -0.0934714074510143 0.0541908853322371 -0.352316299217402
0.14575501860334 0.158844037448852 0.428755917536437 -0.131730972951921
-0.0607966298269671 0.102005880498482 0.417943996721198 0.437900994234505
-0.134388716492468 0.178373399340578 -0.0696855229767597 0.76907653555825
-0.181702122223006 -0.0311420202839066 -0.428680160017742 0.826323237163442
0.104270575438684 0.154649689942174 -0.00749948554461761 0.401987775502122
0.0461961922739876 -0.0487750151133204 -0.225940118791295 0.0405753605029754
-0.104873121986543 0.105438200651653 -0.130638363833289 0.367674025531317
0.180803182226144 0.227225107758013 0.223081866971713 0.133658641361415
0.331450919945317 -0.111156470760631 0.0152265208400297 -0.0300568555152033
0.120256826213486 -0.25341544099482 -0.0319042427268071 0.034282887632531
0.022143351210781 -0.19594116059913 -0.0779020979427446 0.0125602240727697
0.0311058396125616 -0.125770145141972 -0.203123368925115 0.00487026342169332
0.037983754951794 -0.0792817525479199 -0.293900228209088 -0.0545015010521928
0.0429020388630789 -0.0731802479512501 -0.266041329353785 -0.249641198248437
0.168303038453766 -0.0434211147248616 0.0186501594054553 -0.377536883405421
0.163021880174761 0.229178471061628 0.40021186382395 -0.187761046034032
-0.116283500112414 0.150250089526781 0.442810046257915 0.289901656365824
-0.0612297185089682 0.246599555927236 0.125907797131261 0.750383576208291
-0.227964573694075 0.244508644599594 -0.361737085545248 0.820619681015966
0.0612569665355305 0.476438320689503 -0.0630339113917445 0.22154888148488
0.251275956190368 0.151804913830111 -0.336278974183384 -0.0528723623584674
0.0487829656231796 0.0366812829927682 -0.281725535639831 0.386302467251616
0.200093174423126 0.169198931683948 0.227328291475448 0.301104965232337
0.317098234142467 -0.121250634608288 0.177101235304689 -0.0225455293864039
0.124586469389819 -0.226297415959896 0.0500002755182823 -0.0678053123820172
0.07317850253313 -0.170594978829227 -0.0574525167053506 -0.0762805620912261
0.11379959192343 -0.11848872675401 -0.179752844681844 -0.0470195416681783
0.130493017996618 -0.0667135950282979 -0.255426392797811 -0.0669921555479392
0.119180989118495 -0.0345846317254945 -0.244921440692947 -0.221576575505556
0.204343904642238 0.0276868977369939 -0.0263459596546101 -0.347942163868642
0.151264812292996 0.27698116742314 0.304653366610893 -0.241430789514423
-0.119881278578412 0.171128917712802 0.449177492772559 0.0949235957989792
0.0145121840767076 0.280219698242749 0.342240665481359 0.651469582528695
-0.188252257083067 0.474533126350534 -0.253141568607839 0.739655576656238
-0.0669135016956714 0.699490292321333 -0.0539729533657646 -0.0404721099245154
0.312514364745674 0.388656176840705 -0.393559816363701 -0.212783298694941
0.211855002904292 0.051638703531525 -0.437702460103397 0.293353199413446
0.214547022986514 0.0923997115597666 0.142329817208755 0.431557193970147
0.245052562706727 -0.108953905670587 0.284322264440821 0.0298159334333721
0.100999488255542 -0.142510938164856 0.12963797487582 -0.126806210406473
0.121443044427156 -0.103857476416809 -0.0201698255712896 -0.138869921014228
0.180087135000605 -0.0951247449863914 -0.128091517376633 -0.0919236382321144
0.198065287196853 -0.0621204808672175 -0.182653295084533 -0.0834222906177995
0.187074992727352 -0.0305451804147826 -0.174235819413023 -0.185601424348302
0.241368061280583 0.071912660662918 -0.0173316406911305 -0.263679821824843
0.123432720174295 0.27479762107137 0.171102605686972 -0.212733363129984
-0.0481257858050669 0.149090314231033 0.384833281178563 -0.108545341272954
0.122504663378558 0.291476676360177 0.488998623530322 0.504692761202641
-0.0850709085420512 0.636975605422464 -0.154404695035612 0.571980066630019
-0.191624994333749 0.772470887908896 0.0385742119952954 -0.316408620634456
0.272759828121491 0.533499535017075 -0.34529594128124 -0.385667948397779
0.285275413577651 0.077241033142236 -0.531759459804045 0.0886689773978201
0.18473806434696 0.0308612215072185 -0.0207635266780522 0.458779964931955
0.136782937083383 -0.0677732721588262 0.287890364622974 0.104775259762068
0.0665074312729973 -0.025738857613184 0.181839158439928 -0.113855036804288
0.158544663286782 -0.0141091059992966 0.0339024034502676 -0.155450908809012
0.221549712608779 -0.0572336693410074 -0.0540911020383691 -0.124412239865482
0.224170092585487 -0.0531611791906417 -0.0964738764606209 -0.113858654059561
0.203768597184337 -0.0381355338550577 -0.0644597938288502 -0.178937449136869
0.221259290857192 0.0796422280685991 0.0656302678253779 -0.168666746703122
0.0761145315356597 0.185323351204155 0.0592746505574867 -0.0958968947232313
0.0573667825123393 0.0650899402438321 0.261541392790978 -0.246620797548491
0.23494442714566 0.264069516965287 0.510642520426158 0.35928461158656
0.0291816480020977 0.71854854873002 -0.105554030617416 0.336787903352086
-0.223015167590217 0.721229058770095 0.187121453779753 -0.539743556986119
0.252721967486715 0.496649343061757 -0.182728011367047 -0.514456121977864
0.235396973192428 0.0251823776434877 -0.507432126626356 -0.176231953969724
0.084497429102238 -0.000857968522637121 -0.193303669968895 0.367565496882972
0.0206965409619062 -0.000785347939971889 0.188356137150251 0.182979055133791
0.0394631859814929 0.0856525920231546 0.202377881854923 -0.029824586885804
0.174522872098081 0.0568443518220124 0.100589608381598 -0.124991006862552
0.229002779036967 -0.0110288983555787 0.0286714394909599 -0.139505215732213
0.210726935629774 -0.0206345632723349 -0.0148461562833734 -0.150225229965781
0.159054461572321 -0.00332496688239956 0.0407576421929742 -0.198010891051036
0.118468971627411 0.0643470502559107 0.170544477315647 -0.104639198341524
0.013330882346051 0.0310859812966021 -0.00149404562786097 0.0245794336899353
0.155169361206 -0.0238539886639777 0.15997675622866 -0.27978322678857
0.321732163160593 0.192991646128772 0.404392383578564 0.248707564836971
0.115036298373302 0.71415153527067 -0.106410612752719 0.0683097810944152
-0.121624971798762 0.567616098644901 0.341365105242797 -0.685466238502752
0.255678431461923 0.271061765203604 0.0343347841511031 -0.598503190512967
0.101405201588757 -0.0505511177959795 -0.416725441073428 -0.416452148027172
-0.0117116800895814 -0.0266728735063021 -0.339013712566947 0.219701647031347
-0.0737381359592681 0.0591421277328182 0.0519223607282726 0.253136862905545
0.0254642680133365 0.154309155772803 0.205869343710316 0.0827765376540834
0.161119098338053 0.102552523340816 0.173866248338362 -0.0673912160070805
0.202376108981184 0.0363446911483193 0.107192840595459 -0.133947316465143
0.166505819196018 0.0331664970213302 0.041048896991121 -0.17335971899583
0.0767713688124726 0.0601037518889645 0.0986205260112393 -0.218195029202244
-0.0323749206199865 0.0537381962204585 0.232500858844656 -0.0721293837113321
-0.0464521330596221 -0.109853365904248 -0.0288141845846705 0.0797336003621971
0.17869433838605 -0.0972217209052191 0.112550403708294 -0.242408346958123
0.366320356979574 0.112514027795194 0.238691875238403 0.149635461523402
0.120758440594037 0.621907749282137 -0.117838847703092 -0.183383930321244
-0.0342620937817704 -0.443335605866829 0.11652189503542 0.376637718318895
-0.332551711869545 -0.0966528792728377 -0.099863938732329 -0.0548227628116198
-0.153552681449189 0.149518178462412 -0.0680229262960467 0.225758161029862
0.0765979832052466 0.18079818218754 0.0775257427630098 -0.0646562422043442
0.169321866395067 -0.061716085673015 -0.216258957846567 0.0325240356985054
0.0122722204646704 -0.154738549638531 -0.116607616797975 0.199758705128113
-0.0916646197479405 -0.114173429634695 -0.0705828645597334 0.147128188931463
-0.133913685400102 -0.0858696992526566 -0.155000537317489 0.0921229264334632
-0.124866789794466 -0.105634667529449 -0.246488852286097 0.0103721295956501
-0.0363715296961065 -0.161132298076598 -0.221061120426486 -0.180002461558871
0.125673161036841 -0.101768794553088 0.0287036057279119 -0.30119189639304
0.108099491279815 0.0799197844555734 0.413640696018986 -0.144824154739415
-0.0211400427758869 0.0885772393155912 0.413230894488834 0.494529515836018
-0.221532183861228 0.0162581418414389 -0.128672110715183 0.70991242993873
-0.059892269958739 -0.326299245181707 -0.399276711021084 0.780539193794719
0.0562821366264382 -0.175496493399363 0.0660265663388721 0.453401872935992
-0.20007307395375 -0.112710541757633 -0.119498025997505 0.0394578231357421
-0.15213186148502 0.179517546746354 -0.0531438780788101 0.278282299300701
0.148322855717538 0.221783373488669 0.146997619674658 -0.00358118958002179
0.276034130264818 -0.0905765610728598 -0.134009979081429 -6.32535400017287E-05
0.0802301506669189 -0.223237796475325 -0.0911044421658248 0.137665062502725
-0.0321335710678086 -0.171448913544096 -0.0818149603294007 0.0965817899041549
-0.0563396084923203 -0.114306315058724 -0.195251039678483 0.0547244716554327
-0.0542965078214841 -0.094971160085349 -0.289255624033646 -0.029829938153284
-0.0121892505285864 -0.12460939500045 -0.247869467408054 -0.24114057156615
0.149619691388098 -0.0951084190735973 0.051829919691892 -0.351856351971802
0.147463953705158 0.15849992969074 0.428673726861971 -0.133307773448361
-0.0603996264757136 0.102603076348099 0.416400940234508 0.437695552552022
-0.13356364683312 0.181317105272476 -0.064637514936729 0.770230814024499
-0.180695663641679 -0.0310710520420441 -0.421974816687061 0.830248696905984
0.103457881759729 0.154353878415219 -0.00627407555102735 0.400964581047833
0.0457141140709952 -0.0487526458640509 -0.225770629148786 0.0413090270687443
-0.10439070724156 0.10627950471397 -0.128929892065595 0.368059759541172
0.183728013587069 0.226165580057215 0.224066317001082 0.131050231342433
0.33050826130776 -0.115164035707525 0.0150005688736679 -0.0298309318575554
0.118044923549845 -0.254647664280277 -0.0314974385533815 0.0350397962932446
0.0211707874021821 -0.195589341609064 -0.0781446218148426 0.0132830756546388
0.0306596788516768 -0.125909328295024 -0.202949724725614 0.00692304780409512
0.0372452815123092 -0.0787271523857728 -0.294249078208438 -0.0517261540295629
0.0420762543457948 -0.0729149637993845 -0.268720129715008 -0.248112384528826
0.16836652939951 -0.0440747662481257 0.0163567606137312 -0.37677536363808
0.164598655471654 0.226434705686583 0.398664286935042 -0.191002524928608
-0.11496413967293 0.151858221039485 0.444639217306614 0.287287670566519
-0.061163230624347 0.247170997083052 0.129095226921978 0.749399133743547
-0.227266438699576 0.246055993556431 -0.353547304834553 0.822709116518143
0.0730086489277158 0.479732206689803 -0.0604023801553266 0.222575287127696
0.250648586450381 0.152267974745798 -0.336253676281103 -0.0520559282688872
0.0500608429742944 0.0369267524088369 -0.277992234552224 0.387933944491534
0.203376771028143 0.166738205289199 0.231989699704165 0.300149529347014
0.316573963285583 -0.124431387328179 0.176759185044425 -0.0227544381439599
0.123324939532161 -0.226160167223901 0.0500845319957148 -0.0687192670683126
0.0748598187872285 -0.168040308938104 -0.0579732948814583 -0.0762293615577382
0.112600872983122 -0.119093872688583 -0.180587003258755 -0.0451487113786823
0.130026531742092 -0.0684456421527203 -0.25576694021996 -0.0639204852557401
0.120193808137912 -0.0408373780780138 -0.248550116399098 -0.217660019831808
0.206395741605371 0.0240009465668388 -0.0283260614051438 -0.347348908497028
0.155194947835684 0.276485329586916 0.303715452647928 -0.244381007999306
-0.11458361735084 0.18184696894518 0.448906741894816 0.0943712184894026
0.0166090749164843 0.281155415846631 0.344107091979727 0.650007538791729
-0.188989519467686 0.473016669306851 -0.248771187519703 0.739159507082643
-0.0739953242217548 0.694721919907376 -0.0529195456052744 -0.0408990759140504
0.314526167371887 0.388869972691062 -0.39314495399603 -0.210057080638479
0.211973344598237 0.0507009992261081 -0.436741186818752 0.296531252510497
0.215968779411267 0.0922515600404353 0.144538062801796 0.430496507261645
0.244121472643478 -0.111652456159963 0.28316165180768 0.0274957824572661
0.0996567098104342 -0.143530902893637 0.129110731615525 -0.128002614185583
0.120142182790547 -0.105131154609779 -0.0212099711697386 -0.138987720865508
0.18011672553803 -0.0958393004838999 -0.128558250234933 -0.0911999584339012
0.196700632240741 -0.0639784198793696 -0.182556051516413 -0.0821870765433223
0.186163502685486 -0.0320683434694415 -0.17556083717407 -0.183510539057643
0.242173795170418 0.0705908812743361 -0.0180589965918991 -0.262603898083469
0.127092951034874 0.273491311379809 0.170155503499584 -0.213769910562648
-0.04719888269068 0.150138396293007 0.385472869382281 -0.111263434357863
0.123453511110283 0.291644008033263 0.492347903141294 0.503615572209983
-0.0833205719603962 0.637916423636651 -0.153106948605479 0.572468655201266
-0.185326586754643 0.777132334508186 0.0399537363375403 -0.31439617854275
0.284465118928743 0.531782864678319 -0.347137786491395 -0.383683692949023
0.286574240345 0.0753614344313782 -0.532555031224136 0.0911787488091577
0.182302975716424 0.0337337309316985 -0.00724555794478834 0.462797629228886
0.136659840274734 -0.0671799382829488 0.289307934192834 0.101443710367743
0.066448181955972 -0.0271521858314657 0.181556729554614 -0.113409073033364
0.15708743201659 -0.0200971271441085 0.0328727188255842 -0.153982618026108
0.219261482209787 -0.0614413342521366 -0.0571244002054494 -0.12387297375105
0.223384734460135 -0.0537308907980243 -0.0953280740545068 -0.113010704790523
0.20294649678409 -0.0306794436041275 -0.0680889781861264 -0.178286723209536
0.220150346094819 0.078837011519462 0.0645706806584603 -0.169603038135212
0.0798654980389143 0.184882986768394 0.0586493078699632 -0.0974311389084689
0.0648676495917722 0.0668662398089674 0.264780157364585 -0.236141032545856
0.234971983187717 0.263091203384871 0.510397205494746 0.357268482754542
0.0301834898071149 0.718235071045037 -0.106724193364441 0.336812641698728
-0.199736829176614 0.73657029405868 0.185753222765986 -0.539829639906376
0.255699684137815 0.494835762494895 -0.183626476942309 -0.514796798991487
0.234835430984145 0.0243631308852881 -0.506901036716212 -0.176225523906352
0.0850242220485155 -0.00075792993200752 -0.191870223402045 0.367975408427497
0.0209737131893695 -0.00146687409817332 0.188739867673625 0.182151274979686
0.0399906468655989 0.0854945946089235 0.202335262084695 -0.0318206123325582
0.174067859960267 0.0549984275809632 0.099292335497717 -0.126167186440816
0.228248560547481 -0.0136683293236949 0.0265398586772531 -0.138970015227439
0.209190224340929 -0.0226385137736291 -0.0157723283518796 -0.149685716236648
0.158552521864407 -0.00445834944430534 0.0385545830705837 -0.197771245002571
0.119414544914923 0.0633133338002407 0.169786135324975 -0.105812843568754
0.014735080326707 0.0306565999770395 -0.0010895493902525 0.0246540537408087
0.156001739772668 -0.0242794337105021 0.159498874350961 -0.280906933708872
0.321340966295747 0.192077861613326 0.405426761839067 0.247264107288809
0.119267249417074 0.713881588253121 -0.105124711296259 0.067400735511011
-0.119741535260412 0.56716616050486 0.341549437366388 -0.682962432038268
0.257696975970968 0.269595876099736 0.0316063600512493 -0.59851626017672
0.09983168525527 -0.0515249219505925 -0.421012979016102 -0.411720476546936
-0.0113017104843592 -0.0263788650425268 -0.334129197243833 0.228477247901381
-0.0731220646797799 0.0590538899146287 0.0545021105909816 0.253025187642343
0.0272029142484341 0.15411888922876 0.204272460975296 0.0830978895736884
0.164167496763837 0.0985337512700417 0.173244525797221 -0.0652485066195174
0.202123462775176 0.0339131901841496 0.104558287565285 -0.135615199349021
0.166690442608462 0.0324241775805883 0.0417317386415531 -0.171931715248442
0.074557503974483 0.0611861865569434 0.0999191569699054 -0.21615222573329
-0.0316358214169651 0.054153453501433 0.231839645431236 -0.0756805287050893
-0.0486977586507565 -0.109962991731339 -0.0287260165259702 0.0794946932923402
0.176534970259795 -0.107194048963327 0.106605550786684 -0.249554590093693
0.368863550232203 0.108890032732629 0.239552395951666 0.150416013849576
0.124284192580564 0.621785952778674 -0.116914720678784 -0.183100182756522
-0.0360234044035117 -0.442755763546172 0.118855132641934 0.375968320454149
-0.333419437498319 -0.0949105063769663 -0.0994439523815743 -0.053766738114423
-0.153203477961232 0.15104641478222 -0.0663082699047178 0.226406824902441
0.0778883457084589 0.180704169982656 0.0766954035742781 -0.0650383855880144
0.169384990414024 -0.0624742828604322 -0.216998097950581 0.0348894743831302
0.0102043561044488 -0.15515026648777 -0.114137300389306 0.201670875225049
-0.0930910190096541 -0.113759329333177 -0.06888638230147 0.147626784485619
-0.13501546226849 -0.0841521279324094 -0.153612368367427 0.0935822487969029
-0.125780131056327 -0.103944081919757 -0.246205762917203 0.0117420007920064
-0.0378285027556329 -0.161287435440031 -0.222472560595811 -0.178436802397587
0.124514811577766 -0.102716885051929 0.026101661183978 -0.301244493539213
0.108434462801466 0.0789713929224494 0.413456000363318 -0.147351689553099
-0.0205212975622211 0.089200983534138 0.416703685880615 0.492881799825817
-0.222437655558139 0.018222466671849 -0.126615968023271 0.71228298180816
-0.0610993350567193 -0.326064904233312 -0.396912220578715 0.783722188203982
0.0520845729646356 -0.176787839577605 0.0694431310301163 0.453411453357555
-0.201369459161487 -0.11070603684725 -0.119287911051375 0.0401611668492022
-0.152416780853649 0.179871140048893 -0.0504225123282891 0.279389429368987
0.147895806112946 0.222264068977751 0.147597660727473 -0.00410541382437778
0.275851244694457 -0.0930074856449384 -0.133931168185765 0.00197678190280351
0.0785345636157745 -0.224202566221569 -0.0890540508449228 0.138072111293843
-0.0347116248996382 -0.172349174191315 -0.0810939550465903 0.0968474230880889
-0.0580229896022779 -0.114436260170273 -0.193101131738314 0.0568850041488823
-0.055480528853771 -0.0948862688318904 -0.289351773386332 -0.0305083537837642
-0.0131282551409032 -0.124371447858252 -0.252473495633741 -0.236736963547291
0.148794140892064 -0.0956500375374762 0.0503223529203447 -0.351299784930154
0.148943131198129 0.157619371811264 0.428115975055365 -0.136114746873141
-0.0584779409846081 0.105945228514544 0.423223856947594 0.433681000997065
-0.132483120966387 0.181910573276333 -0.0638519374083287 0.772634038399041
-0.182664913341999 -0.0281503689042127 -0.420168673995461 0.831518824407579
0.101311481413601 0.155307803765287 -0.00668420911492604 0.401800922494855
0.0452269330632792 -0.0481799359978464 -0.22572402269595 0.0421870163949088
-0.102979767302161 0.107396864227221 -0.127467286281628 0.369224153771312
0.185518619854057 0.22563675802852 0.225159389769721 0.130802825096519
0.329512217083344 -0.11743798585723 0.0143505868691682 -0.030359025036907
0.116287787200771 -0.255441197464419 -0.0310597232413526 0.0361014681608832
0.019323220161946 -0.19651180969926 -0.07777343099866 0.0133196922337858
0.0289201326521276 -0.126758819571858 -0.203335640109846 0.00774283501492845
0.0358641307587089 -0.0788875994787705 -0.295203131367172 -0.0504400537197993
0.0416251045042473 -0.0737278878207982 -0.270597999925628 -0.245846492861749
0.167725460736431 -0.0462136987481772 0.0137732589514447 -0.377533406174949
0.166665054908522 0.226569395194873 0.396664830647244 -0.191803100219771
-0.115027788232202 0.153071731963407 0.446155716746094 0.28669078079278
-0.0600938309326368 0.24806769780877 0.130495192402072 0.748947404346631
-0.227361756979136 0.247105989327864 -0.35508858944156 0.821656874796391
0.0579325196266259 0.474715573018927 -0.0601861722721702 0.222641978855918
0.255019014575127 0.151456473588496 -0.336292947158824 -0.0498120191961016
0.0505731257581818 0.0369187534801965 -0.275645557179448 0.389216956171025
0.200385040596758 0.169805587447927 0.234755883129277 0.297514338614729
0.315264163199146 -0.126159356879276 0.17730252390794 -0.0251641267872697
0.121499901708823 -0.228390361283775 0.0490393086922541 -0.0682059416711165
0.0713192326337878 -0.171883586016422 -0.0587525663674284 -0.0756270128139455
0.111835957997621 -0.120377882666979 -0.181418141753095 -0.0438973433190592
0.128481192374639 -0.0690086919541535 -0.257599761438636 -0.0614747675329471
0.119938474504711 -0.0442607347404679 -0.255820582676767 -0.212175778167919
0.207359004911179 0.0217202911672643 -0.0308368367176586 -0.348026319772433
0.157118253169758 0.276127140014036 0.303019770111962 -0.246458933404002
-0.109528362761838 0.189721350381574 0.453753841002174 0.0826617561966305
0.0187080280543944 0.282549114742728 0.347235644586855 0.649460421675146
-0.186990335580408 0.4751686127464 -0.24735371230116 0.740515382997753
-0.0429418102835279 0.711527490742405 -0.0536231996885573 -0.0405284679923902
0.316383726522743 0.387139439989159 -0.396007601670077 -0.208308273585388
0.212139422910539 0.0507918879970558 -0.436093937231604 0.298159622982882
0.217800860852627 0.0907816996952724 0.146858295714183 0.43020349447605
0.244331128620978 -0.113820968000856 0.284032708860023 0.0264219170946607
0.0987187311962072 -0.14522233669029 0.128917590163005 -0.128481592382406
0.119446767522252 -0.106828069561793 -0.0220810381302066 -0.139073220832995
0.178187161080241 -0.0975904242551492 -0.129625500644156 -0.0902986291467722
0.195926700192498 -0.0653102388173579 -0.183453450250551 -0.0809790518143621
0.185687695579422 -0.0337973070361688 -0.17712741381252 -0.18292885180346
0.242630973711661 0.0685087159296772 -0.0202178803891887 -0.263362489775009
0.128762601897462 0.273414530394189 0.169011051974566 -0.21532243484842
-0.0468219109477221 0.15137462182809 0.386004770499098 -0.112333980936017
0.12333662458671 0.290831739381036 0.495697812571649 0.50245086814476
-0.0808950555418583 0.637851194612568 -0.150011169203976 0.572005575905595
-0.14138987487394 0.802047726758947 0.033447059829573 -0.318913197808017
0.280515674626747 0.529679741611041 -0.351543542247255 -0.379998739318751
0.283833730332162 0.0757586292364393 -0.533106371275509 0.0977561290880713
0.181434777608462 0.0348879215437193 -0.00814608005131418 0.463143456882638
0.136918059431821 -0.0691774191940773 0.287928585815503 0.102388829177821
0.0661417091844592 -0.0285673401788713 0.180742889463461 -0.114039090493701
0.157124497036766 -0.0270913089793567 0.0302778728048875 -0.156287547785743
0.218683216476004 -0.0611386849487793 -0.0590208337121037 -0.123945209287726
0.222964859553057 -0.0537837808191742 -0.0966308966705556 -0.112330290856864
0.201768275598842 -0.0253219581518007 -0.0650690702144008 -0.177965797799413
0.222938437931302 0.0755517388973289 0.0629212850977265 -0.169827642411558
0.0825543620845667 0.184247044731463 0.0584869525327253 -0.0978442257678249
0.067854830910545 0.0673328241881318 0.26228713765332 -0.241849199376194
0.241129187757278 0.262011067564329 0.512248994538837 0.356682856068611
0.0421100705180405 0.722721842224092 -0.106180064108612 0.336820695858173
-0.166269638563507 0.758948180666541 0.179660669023567 -0.544463759495856
0.258663826412912 0.495200842985826 -0.188424872386067 -0.514219718868172
0.234537052066097 0.0230802174581551 -0.509466132882346 -0.17380840733587
0.0847478923008421 -0.00160485381620791 -0.190183640509189 0.36953840303101
0.020833989525454 -0.00212466157469371 0.189600027382558 0.182176800081907
0.0405136128775313 0.0845293139978861 0.202358824833479 -0.0324408595614437
0.174567036145025 0.0542206379424364 0.098826311986478 -0.126741236121888
0.228011932524345 -0.0145877700553353 0.02434316392727 -0.139528527065313
0.209834925939584 -0.0241878314901124 -0.0183585657600273 -0.149151776034792
0.158939936131382 -0.00500820866535412 0.0383059299076174 -0.199115343677944
0.120246897850236 0.0623496479190378 0.169426145922415 -0.108253908584344
0.0151372724546213 0.0304600022727866 -0.000842154159861689 0.0238452348420075
0.15568901354018 -0.0239183323952526 0.157617093307546 -0.281906428588795
0.32244879566459 0.190854907295275 0.407126789431116 0.244903519539181
0.121521200378444 0.716466898482211 -0.105947757962268 0.0691670678576161
-0.0870639255415269 0.584631923353706 0.328300034755152 -0.697224422924453
0.256002992217719 0.270182484035959 0.0257747472641906 -0.601643334950492
0.0996204794491654 -0.0513834808141701 -0.421629334242999 -0.412743961898854
-0.0112842140292315 -0.0267855457276649 -0.335125310985603 0.226045268171552
-0.0721301970158006 0.0592073763460027 0.0541011500098305 0.254136953629959
0.0297219683881721 0.154952835936856 0.205370350733713 0.0812207640401686
0.1645979247817 0.095940884133995 0.17157330081137 -0.0709462190622552
0.202092782307971 0.0335280420617645 0.104588761965679 -0.13564144684225
0.166663996892056 0.0307939803736762 0.0404549398873981 -0.171386527512595
0.0758003922768044 0.0611943010466548 0.101512212265595 -0.212497621541348
-0.0305488491779054 0.0545933359201838 0.231605919724422 -0.077409868237804
-0.0492071860278792 -0.10948427747105 -0.0283520546533677 0.0790643771599133
0.176789675003758 -0.0966459745990754 0.102223503547993 -0.255761474419264
0.366145035434821 0.110386230107858 0.23862432228272 0.149454914833894
0.133733766412483 0.623991726801889 -0.118921927745883 -0.183336568394785
-0.0387285463252269 -0.443241065062329 0.120013277673156 0.37558117157701
-0.334330288909615 -0.0938747967119509 -0.100260112746924 -0.0531433871848116
-0.152458897759388 0.152445754227944 -0.0654396653985766 0.227499268315081
0.0793203897530515 0.180319497004695 0.0762360716445141 -0.0660554816192922
0.168295395367164 -0.0646756598057883 -0.217114160323287 0.0368625066895344
0.00968456012884247 -0.155668231238462 -0.112467435517089 0.202982469600038
-0.0935220521038188 -0.112933764305125 -0.0673074048200853 0.150153278202705
-0.136184931492861 -0.0839579319626307 -0.153580058499597 0.0940414983272279
-0.12783841435119 -0.103892553827529 -0.246839943150772 0.0137239659943923
-0.0388508228420044 -0.160618888376787 -0.224382454147806 -0.176314544992474
0.12419206916473 -0.103809277005889 0.0251231723507284 -0.301700976502672
0.10902982722363 0.0786094175998479 0.413023679497401 -0.148880082086432
-0.0200691821905625 0.08914326815097 0.419501030513205 0.491781072410959
-0.222546610631444 0.0193350524133297 -0.122737925106956 0.713533586683361
-0.0623456937309651 -0.32569669042613 -0.394158543685916 0.787070565692474
0.0501066304746937 -0.177769652527213 0.0712104628127311 0.454205091727295
-0.202766709517477 -0.110349236055591 -0.119815279778567 0.0407860724505016
-0.150699610288486 0.180987349444447 -0.0474483597253256 0.280003939649515
0.150691487988918 0.222128789514082 0.148192198864636 -0.00556262532580562
0.275582971799242 -0.0955252421407638 -0.134865385050849 0.00266616177433046
0.0771835904172783 -0.226353656345757 -0.0882140694227291 0.14038702248537
-0.0376417673122149 -0.172457485598713 -0.0800513983161515 0.0971983020405022
-0.059271495896953 -0.114722256263885 -0.19317615302632 0.0573777580224439
-0.0570532615019004 -0.0948716563289805 -0.289530177910797 -0.0287506583124735
-0.013234385173669 -0.12376097189577 -0.253066663790307 -0.237475178278709
0.149294592181852 -0.0964100131927542 0.0483288353580158 -0.352890810658656
0.150361525986284 0.15662512881292 0.427993806036717 -0.138524652456922
-0.0583012257941138 0.106070129415508 0.429189551800402 0.432418136125338
-0.133430158902967 0.181933161436722 -0.0626433352442227 0.772317950328234
-0.184404654232407 -0.0280569408868558 -0.41676868110188 0.832162655424687
0.103356313116864 0.155016631821448 -0.00374215454845332 0.403096960071588
0.0446043677690707 -0.0477795171478655 -0.225601467340725 0.0444257751366904
-0.102862611463252 0.108923016509915 -0.126464675888332 0.369855547946858
0.187920453461893 0.225360603468929 0.226801550995964 0.129608424462815
0.328511919745698 -0.12098145943275 0.0140546450961161 -0.0300761724476244
0.113768975753872 -0.258494827596464 -0.0292836752188574 0.0365478795727349
0.0170641368209676 -0.197937927760184 -0.0776783469026169 0.01312873372122
0.0278577581445764 -0.127500260834166 -0.20353423745465 0.00865344833752437
0.0352429843553346 -0.0797118390139971 -0.295754215214516 -0.0491551476654312
0.0408601676879015 -0.0734771452792224 -0.27314719601164 -0.244236016532014
0.167936374308816 -0.0478892834873952 0.00923032434664877 -0.379167188071179
0.16942453788859 0.224845248820866 0.398057896604094 -0.195894485116606
-0.114679647969823 0.154542144215047 0.448890166264804 0.284959704594003
-0.0591771719741632 0.249333547543037 0.13222828016887 0.75050570127857
-0.226250315372835 0.248954305389198 -0.349231935003423 0.826547998364252
0.0521605290894271 0.472555677631203 -0.0596277651867371 0.222266152424244
0.255327817961626 0.149959707796394 -0.336858460374133 -0.048740909767517
0.0505403877043382 0.0370377840713904 -0.275552240009432 0.391376766248671
0.20185763356075 0.168495549395551 0.233237989802895 0.298598809293609
0.315810613537744 -0.129287304164576 0.177184378559049 -0.02585940296912
0.119596674942647 -0.230441295747308 0.0496582683364055 -0.0680888225751949
0.0664764191813003 -0.176364880240856 -0.0582311120444827 -0.075333853050207
0.10988251740827 -0.122511001905464 -0.180744970198617 -0.043692045661712
0.127886210534508 -0.0702399692023607 -0.257429496784388 -0.0611219199095707
0.117991364838921 -0.0391461241787166 -0.255973941599867 -0.212591236040063
0.206683030928444 0.021842987119604 -0.0328860573185314 -0.348920058524127
0.15827992567974 0.275680596537884 0.301914798949925 -0.249000337198958
-0.114616554030094 0.182691897019131 0.456836058479239 0.0803669357403774
0.0170587575172974 0.282067838926681 0.351360890359737 0.648393695013924
-0.182947672384117 0.480043802768981 -0.244344642923225 0.741939079000141
-0.0289811721630727 0.712968758354423 -0.0542537120399485 -0.0401941910340511
0.319499722726312 0.38651704810343 -0.397571095342157 -0.207434486002691
0.21332541302638 0.0491730462306139 -0.434585603606862 0.301252374187582
0.219991849969278 0.0899520160912271 0.150106404396322 0.430162896602696
0.245258122814774 -0.117369395149409 0.283945282735565 0.0251200043776275
0.0977426494148451 -0.146241448269497 0.128472723856646 -0.129520627488551
0.118513095771555 -0.107457957957522 -0.0238876631492258 -0.139297433344334
0.177595180052242 -0.0999665311989218 -0.130849162714106 -0.0897722970165659
0.195910871609934 -0.0662679374304963 -0.185236413373077 -0.0802077035596053
0.185274052726291 -0.0351248535828842 -0.179814097549426 -0.181210323803723
0.244418564495332 0.0664227321864774 -0.022034955167437 -0.263591374783239
0.132074394888105 0.272925529405112 0.168548553742994 -0.217064706726354
-0.0453927179691915 0.153378540618334 0.386160938207002 -0.113480128658867
0.125458631584284 0.291556946316917 0.496764227265192 0.500545271988003
-0.0795706515540544 0.639857235489792 -0.148547158292241 0.573681119441136
-0.149256901631302 0.79818093170838 0.0303367344473118 -0.320981566703879
0.278127314356186 0.532318033219655 -0.354064915015406 -0.382515794283681
0.284356850327275 0.0761947942019952 -0.532999031138646 0.0989379955550265
0.186245075398628 0.0297041967937923 -0.0154542753501033 0.461064634552882
0.136727934001784 -0.0718678478516936 0.288240310695486 0.101953485290609
0.0655241722339392 -0.0289406941026356 0.180334732543817 -0.117544348584025
0.15711463989109 -0.0221347669282084 0.0281360253643068 -0.15816279569236
0.219101522305874 -0.0616469869039481 -0.0585491863570418 -0.122802661822313
0.223804140099232 -0.0570638362396856 -0.0992319386189629 -0.111787435573806
0.202302302971125 -0.0345117880509585 -0.0645597137508857 -0.177735494176274
0.227161464451075 0.0701430602641512 0.0622574547960229 -0.171380075035465
0.0828560366797307 0.184624854951805 0.0584663586739872 -0.0984973265808295
0.0610690644164097 0.0673443912987622 0.25819327965922 -0.255370710218782
0.241431205155021 0.261572719566842 0.516377762422496 0.35469073397108
0.0459656659938302 0.724196004343076 -0.102381741820421 0.339326491313432
-0.19156191619548 0.740387004083835 0.177360031907172 -0.546787599066386
0.260866924962989 0.494898660466867 -0.189224274472174 -0.512507697432439
0.234829243680664 0.0230326571174747 -0.51052592689003 -0.172226287140397
0.0858130778818939 -0.00193655565178623 -0.189235564872504 0.37091097260958
0.020911482743051 -0.00274473357701284 0.191097614414597 0.181481254339219
0.0407551697241392 0.0842209211701301 0.202312321805449 -0.0346239557703452
0.175260019455201 0.0527407232457911 0.0974490910616359 -0.127758284555238
0.228114634275897 -0.0170172177754306 0.0235716424952716 -0.139354125891696
0.210775809306525 -0.025164873320304 -0.0196524361922677 -0.149780262336626
0.159241704488567 -0.00674844108093645 0.0353426836765836 -0.199224122853276
0.121302260587088 0.0613488128883198 0.167968814009775 -0.109493372910458
0.0161006018171049 0.0302620015462243 0.000165301709176917 0.0238917483898574
0.155514417453664 -0.0249344985297023 0.157168738861968 -0.284029593623629
0.323786073618965 0.187975373481089 0.408971699170556 0.242664270456633
0.124153666575553 0.717995355417075 -0.105159709405141 0.0687172720952882
-0.0892671133517274 0.58399581044017 0.324387467607324 -0.699074453630338
0.257650090600319 0.268939425102733 0.0257137813944582 -0.601302194487738
0.0997337398861301 -0.0507525976999689 -0.420689177050442 -0.413394097830119
-0.0107423746265376 -0.0271376725395799 -0.337090560739402 0.220095924787392
-0.0720797164609137 0.0596352189260564 0.0539869716392031 0.253575148926856
0.0296517790813077 0.154997188085966 0.2076696089213 0.0773353032469876
0.162257210571208 0.0996755810031767 0.170912111107137 -0.0751611443975354
0.201467886545142 0.0328243038857121 0.102420228800722 -0.135473306198671
0.168269269759705 0.0288149279891386 0.0375546054319244 -0.173536575857034
0.0787320984638459 0.058817259091117 0.0969473688656087 -0.218076704419828
-0.0306718324500691 0.055332357918433 0.231246521062255 -0.0777120867892306
-0.0489872268897994 -0.109415366376373 -0.0270506561193721 0.0783807818411123
0.177069369251868 -0.0912351450072964 0.106778349878505 -0.250847515945069
0.364829933200395 0.1118354961848 0.24132291819172 0.147694114110448
0.134215370655205 0.62410188428877 -0.121063476312329 -0.183497436646551
-0.0418116830218568 -0.445087768827167 0.122126425575102 0.377531405935457
-0.336356558468939 -0.0910857388950513 -0.100523563926796 -0.0528498721933432
-0.151807352007036 0.153618915522743 -0.0649162808536698 0.227695735459943
0.080733814316265 0.1814208203408 0.0762685172010871 -0.0660758589811027
0.168771991742616 -0.0666379218050468 -0.217396208137612 0.0383144312932252
0.00919676380256061 -0.155346074340837 -0.110860065037534 0.204643782542645
-0.0950806389949237 -0.113240137707427 -0.0664899699649326 0.15038100797637
-0.137026408298497 -0.0833448978768387 -0.15199860344156 0.0946341293883377
-0.128050418777518 -0.103185935624573 -0.246583621109169 0.0151537455822523
-0.0408538516092216 -0.160846076638551 -0.226690465906716 -0.175723807705255
0.124819086599386 -0.10450934692579 0.0233713257513522 -0.302149735988615
0.110136129245334 0.0777303765262835 0.413415295378538 -0.152824925481129
-0.0198661792551958 0.089568002532335 0.42265038676337 0.49198283826297
-0.22268440092273 0.0200410394904012 -0.120721359451338 0.714852647383786
-0.0642616897494346 -0.326309508438717 -0.39414595978642 0.789612722623959
0.0537036202287264 -0.176347885101989 0.0728643437369574 0.456485062192092
-0.203033017582787 -0.107900086045062 -0.119589605600895 0.0422418094971985
-0.148677547070748 0.183879068547774 -0.0477186876985034 0.280091045586763
0.154974324656633 0.221338328535021 0.147882037969339 -0.00577993396600883
0.275410721516147 -0.0981654890688469 -0.134568877381776 0.00299315369483148
0.0749985406194918 -0.22777698058183 -0.086526909448845 0.142205505541403
-0.0386945375861022 -0.173174567767949 -0.0796538424082533 0.0979588151605574
-0.0600791987282169 -0.114417111339452 -0.192788195599051 0.0572643963870801
-0.057989679415602 -0.0941652098435166 -0.290109655912126 -0.0252554739835273
-0.0140797759583973 -0.124224596653693 -0.252806431713695 -0.237643203888889
0.149072555822009 -0.0986606113457806 0.0464663695901362 -0.354229726493623
0.15215757176119 0.155914404732056 0.427449252920465 -0.141169650913059
-0.0594363220423046 0.104920736634141 0.427826837158143 0.433430208081701
-0.132308573645148 0.182394443209234 -0.0562482962965048 0.774219946996546
-0.183910274359931 -0.0278608363885332 -0.412941837404584 0.839931128104083
0.108569910890066 0.155055971801749 0.0015026022837254 0.404434379105384
0.0439995001186022 -0.0476069083165998 -0.225821206291893 0.0456807455798764
-0.101276057134959 0.110253407837962 -0.123543222944117 0.37179450980601
0.190352760864286 0.224783727747015 0.227121393725854 0.129357478408152
0.329255067530137 -0.123860578337107 0.0135599406036414 -0.029714637881866
0.113317737701804 -0.258774275074943 -0.0293803180443159 0.0372096053376074
0.014882050093719 -0.198253093670482 -0.0773894857393755 0.0139751110584004
0.0270923245307002 -0.127437759450201 -0.202383188219101 0.0106475494485957
0.0352604405582258 -0.0804051036099863 -0.296086729784655 -0.046032633260944
0.0404229378056226 -0.0746398585268813 -0.274902417301675 -0.242097281115832
0.168500443874035 -0.0485129582604855 0.00843146333725631 -0.380740026768189
0.172267934096826 0.225260319033422 0.397024940203204 -0.197718035316224
-0.11396664486296 0.155813389893004 0.451433178934176 0.284131112683763
-0.0586856915396569 0.251163221068968 0.137796062481448 0.751703855193123
-0.226056171487217 0.251381233202057 -0.348852013432721 0.829033996712983
0.0711100483194113 0.480320612272403 -0.0581176890491763 0.2249092814982
0.254611316393348 0.150942050715733 -0.339142792100897 -0.0462730410520291
0.0512163076211814 0.0378110197871861 -0.273664248072434 0.392094661794573
0.210027445203259 0.165289935807782 0.235135121474451 0.298379280484832
0.317434102760457 -0.13447674209908 0.176526601887351 -0.0266998421235604
0.118769255524075 -0.23141499567808 0.0497408778638908 -0.0682367610684752
0.0671755567091375 -0.174980322325935 -0.0594274654980864 -0.0752428600083614
0.109979257581916 -0.123027272697785 -0.182597939499098 -0.0408919083215609
0.127043080671005 -0.0718398408209345 -0.258680013276281 -0.0597728810398368
0.117904344654684 -0.038274054644231 -0.252605858913445 -0.214534226674515
0.20670669129808 0.0208896589595455 -0.035776255145579 -0.349722125363362
0.16215807747476 0.27531521330722 0.301399386181338 -0.252061599980459
-0.115796276280103 0.180721349997736 0.453134131280762 0.088943530082466
0.0174562848353869 0.282634872931407 0.354713409794853 0.649436460798146
-0.182350955581176 0.480514732343979 -0.241248122269203 0.747532057679898
-0.0616670847161612 0.701428825593404 -0.0532255126172829 -0.0395002054201461
0.32196696170283 0.386072540411838 -0.398365994322123 -0.20618178616046
0.214071123030372 0.0492191860860262 -0.436346807626448 0.303219704490127
0.221949396208509 0.0882008949263051 0.15377892593581 0.431598166239188
0.244430574117468 -0.119366110750348 0.285309912828254 0.023336345430979
0.0967965387397649 -0.14755756701566 0.128476143753604 -0.131117491755492
0.117236042946983 -0.108988228746392 -0.0248503008184844 -0.139363406568102
0.177043031377642 -0.100463654059016 -0.131669315898886 -0.0885771758786135
0.195441088873156 -0.0689099451053021 -0.18655047640636 -0.0781451840124009
0.184608424518778 -0.035967886190862 -0.181950858565479 -0.181018224575215
0.24623982319191 0.0643610090046788 -0.0247043166037285 -0.264445729610449
0.135681118605614 0.273276702679278 0.167325584063666 -0.219870529031753
-0.0450895533938716 0.15536896420149 0.38734891998374 -0.116485002800097
0.126381462683535 0.292163752547105 0.500675921591077 0.498061283622597
-0.0764037256887404 0.64335424999637 -0.145683704866422 0.577030709350315
-0.184298776209777 0.777717788044816 0.0360413180107533 -0.317793826875691
0.288629457479857 0.53156169316721 -0.35404437806473 -0.382006394551414
0.288784502102056 0.0727864312056516 -0.532853240301948 0.098536722867022
0.189363643359416 0.026628836842855 -0.00935023940571868 0.462782831104144
0.136747187375779 -0.0729877785548863 0.290434853455728 0.0986189941146211
0.0655273822947734 -0.0283210142618094 0.180058969837689 -0.119331435885053
0.157539318882278 -0.020341650043324 0.0281562651989069 -0.156464258874875
0.217972139562774 -0.064689367232644 -0.0611091353734877 -0.122707283109176
0.222870071047244 -0.0609011088570902 -0.100889474999594 -0.111588922467853
0.202068715297044 -0.0428860571741327 -0.0720506497223326 -0.178417927354031
0.225948954721811 0.0717294267928856 0.0609431965480994 -0.172239242079665
0.0839594651423468 0.184049822179475 0.0579528728340128 -0.10010688327977
0.0609704411150674 0.0677751486437814 0.260021603915552 -0.251892187265523
0.238111689384476 0.261397118203971 0.520498722669816 0.350938990670223
0.0416082932626852 0.722908810485793 -0.100835688749001 0.340031517124722
-0.215396748610166 0.722967588030137 0.180595771561725 -0.545570700465451
0.263610133414354 0.494987637930463 -0.191249858685371 -0.513343079972704
0.234760732590463 0.0220303513214818 -0.511596571119197 -0.170302377658294
0.0872450952963033 -0.00253581742748081 -0.186505394220713 0.37200774603955
0.0220022757227697 -0.00408021183457302 0.191998732369445 0.180946385843009
0.0426219373599485 0.0850609396370211 0.202529072760614 -0.0357604120791829
0.176247493430907 0.0505702636967262 0.0961165592673054 -0.12890974411589
0.228206954514424 -0.0185399152325996 0.0217745511854881 -0.141140179161994
0.209866024994323 -0.0284175408753048 -0.0205630968734897 -0.149985884013246
0.158002851018446 -0.00726091275590089 0.0332693029407891 -0.201267339609927
0.122406658794263 0.0610785827088194 0.168097030565613 -0.110897614125231
0.0160244389868876 0.0310234683874232 -0.000432745613018781 0.0237257841723373
0.156812628283182 -0.0252473690644235 0.156894225631406 -0.28574612211883
0.326592623830392 0.187906099668666 0.410916231857186 0.241860584838502
0.129145166652842 0.719393476011871 -0.105971909073856 0.0683906654724657
-0.115994926756371 0.569701391902313 0.332128401268286 -0.692194716838584
0.2639168024025 0.266657624894621 0.0261955270314701 -0.603139815615188
0.0997308841580687 -0.05162252264522 -0.426376738428415 -0.411826585722711
-0.0110033112405534 -0.0271156601532852 -0.336237321931862 0.227081918109388
-0.0718108442515656 0.0593267819266815 0.0568532407826816 0.253151333948349
0.0308303924997977 0.155106269509506 0.207864389884028 0.076981758621891
0.163661877811162 0.0975507689065327 0.170996861665819 -0.0712837222188161
0.202348565059837 0.0303475822853361 0.101067720047026 -0.138129835613044
0.168093580704744 0.0270013747559535 0.0350159644627158 -0.174658695469522
0.079104831839928 0.0589247733560921 0.090689652584574 -0.223947872777577
-0.0305978844214036 0.0550160072116653 0.231252716060319 -0.0811452342466817
-0.0492194037578893 -0.108475236753038 -0.0255416747885311 0.0788336375751242
0.176925886982723 -0.103781213339573 0.108567679843592 -0.248387714674128
0.370430969787802 0.103231063136633 0.243301823674981 0.145077292088723
0.132912316822621 0.623556971914546 -0.122362243473202 -0.183647574736792
0.0243854767910316 -0.45605357980776 0.0714877231597416 0.39016643927851
-0.325189167945425 -0.13817258461384 -0.0912263692980678 -0.0678086897107598
-0.173761861829256 0.133646083425817 -0.0972818908144412 0.213513985302957
0.0557637558969074 0.192361116327743 0.0832402247125071 -0.0548621242595271
0.177557136827265 -0.0419565086241469 -0.222045540633338 0.00907506907519664
0.0310641320016915 -0.153517183886519 -0.137776018442835 0.188264180445884
-0.0791072875258639 -0.126032082636931 -0.087506995249898 0.138130548328051
-0.124778481463804 -0.101934671171774 -0.164034773983015 0.0723090569882373
-0.112514216206963 -0.120343142216122 -0.243935272356312 -0.0210961840971143
-0.0168830281615878 -0.165242463203595 -0.197066084853913 -0.205471369160296
0.137031956282597 -0.085906250764389 0.0667831203478245 -0.295936632976366
0.0956833276454908 0.0912474260436602 0.430911672082878 -0.0914579397131048
-0.0325885845631676 0.0833296754975168 0.350630709578867 0.543486201899436
-0.224029945409992 -0.0140117158073217 -0.221582796973529 0.688660151960613
-0.0140090281537481 -0.339349183058934 -0.492969634291937 0.735018022354158
0.0832867300369914 -0.171983924237315 0.0105697094995509 0.460884199923732
-0.189340703222957 -0.135474447644016 -0.122885713754696 0.0240499635198016
-0.174776619422034 0.163970504701255 -0.087409470196804 0.269165543301084
0.123421112438379 0.24224384590657 0.14570366236066 0.0166111724365852
0.28987896325099 -0.0599027618970392 -0.135183427995467 -0.0140404399748587
0.105837480023913 -0.216883392560679 -0.104660868247013 0.129181901472196
-0.0130300950493427 -0.176538021059707 -0.0912104959651653 0.0854010117429862
-0.0435858444987912 -0.122162531114573 -0.198582200449843 0.0302645974167052
-0.0439412796867939 -0.100599341610009 -0.281450817310381 -0.0660238852088219
0.00198151215776918 -0.125019457768785 -0.217192231615348 -0.269704268258845
0.160474284510349 -0.0769050171369361 0.0963275655219792 -0.343261068291414
0.125703141026478 0.175342435009013 0.443017942770325 -0.0773499604143728
-0.0742747034060397 0.0934797588179602 0.360474743606737 0.487471734185639
-0.157189296230033 0.161604104025706 -0.165333429267905 0.758025780990445
-0.175301347784243 -0.0560636246774985 -0.519310810719253 0.780191444700738
0.0883586357431476 0.169786207907403 -0.0561040971596703 0.399071422074786
0.051823276040716 -0.0397140052916038 -0.229684647713657 0.0144617296253575
-0.116110500230214 0.0972883689760074 -0.174335095487209 0.350281876663461
0.16099574050814 0.251828609083274 0.206441440443036 0.161289421204713
0.348499839574265 -0.0785008035552998 0.0173743138962084 -0.0262301020079216
0.148471136598548 -0.243853228333853 -0.0332982135469266 0.0334860204465581
0.0419473873299115 -0.195432776694034 -0.0783712718161573 0.00265256754201862
0.0435871112103307 -0.123220129209468 -0.202015424241645 -0.0187774420868943
0.0456089375967661 -0.0734625262127822 -0.284616015349636 -0.08870902139324
0.048997453510992 -0.067592716149738 -0.235486082761554 -0.277470130822661
0.172655810741622 -0.0249684636589877 0.0631497383975244 -0.373669034426599
0.134999536837759 0.247283211949408 0.42084661050545 -0.139193362785618
-0.137726947269849 0.137726710417882 0.406575508459529 0.342301844648482
-0.0953638827350722 0.237811075529125 0.0305992070743314 0.762730906257583
-0.256686353016868 0.217574337283157 -0.455498800979771 0.778046734875064
0.0135652808265745 0.49620710501575 -0.0892216690186169 0.212802833150641
0.23431558467154 0.189884863023331 -0.32842909984241 -0.0916328026486825
0.0476509194467603 0.046976035129768 -0.325959793300222 0.351713925091143
0.189830201781762 0.195420749889055 0.194976008648267 0.328483043032413
0.336741180134959 -0.0915112666398697 0.179645617807358 -0.000481669343603193
0.149961100280291 -0.21564749736138 0.0604275617104748 -0.0614174854038035
0.0924039440950594 -0.161070790453943 -0.0482797756669951 -0.0840230208273911
0.125555209971674 -0.10567311220934 -0.175140131410048 -0.0658577057591804
0.136494414042594 -0.05200460842405 -0.246960993943961 -0.0950584735981652
0.122223821021395 -0.0265533274380109 -0.220529637910836 -0.246246782079126
0.203201194415811 0.0480357300119063 0.0143633433122083 -0.349375885209368
0.121072900019688 0.296230667709609 0.335068213502274 -0.204672274340285
-0.139259281233345 0.171448265307479 0.434968823271217 0.148888012985093
-0.0218505194773434 0.282839075362979 0.25999252486445 0.690863897675051
-0.246654843233538 0.45283644222188 -0.335829009554324 0.709047749649801
-0.163173839578947 0.695206545091839 -0.0505931953704779 -0.0492625292845488
0.265776474100925 0.436419303371966 -0.369490020240184 -0.256874950076939
0.208435622876834 0.0823223968818338 -0.474386893122026 0.241004813998479
0.21244046577479 0.120658298757346 0.0906915709730056 0.448890791847568
0.264427862300308 -0.087893537446917 0.280132454758302 0.0641765988047365
0.117102079042711 -0.135827088631331 0.145899007831205 -0.112213130005001
0.131010027406918 -0.0928076490209589 -0.00487947064874182 -0.141030967532863
0.189098560000894 -0.0755442310480452 -0.117924130083784 -0.106178231799911
0.202593559988245 -0.0395761550240918 -0.172437000579852 -0.104575052013597
0.186482327716441 -0.00865842527434482 -0.152255157191959 -0.204281151236957
0.234269615984247 0.0989548259918424 0.0141197511315075 -0.265110673301489
0.0930913952943429 0.290715474168207 0.19792444367148 -0.19238688150466
-0.0686379159660493 0.148212914612162 0.398297932564868 -0.0619923779570794
0.0821709332053977 0.306962607972646 0.426364261686693 0.56448892074655
-0.160629212144615 0.631521971119118 -0.218758771449837 0.552804033286678
-0.287370603445874 0.765738648966524 0.0766928124440831 -0.311883221342197
0.215654163419844 0.57547211009474 -0.301719179469008 -0.424138303257252
0.277632766442837 0.117182958157776 -0.542578148988505 0.0250645474835257
0.183675546704891 0.0591493144390051 -0.0644310880623716 0.46097456136668
0.150223239299277 -0.0544228048121389 0.276507356122258 0.139666823990252
0.0692859095763207 -0.0213248370407624 0.195758527840733 -0.0917197497929838
0.158655265815547 -0.00418821496874931 0.050540957110221 -0.149411002976063
0.225550083340826 -0.0365389725586883 -0.0434632509162809 -0.130945419935465
0.228530808453754 -0.0265821779157154 -0.0823408414368492 -0.124204576898802
0.203593312074866 -0.00536938096265735 -0.0468114081694133 -0.186313406246986
0.210797851325678 0.104233059688371 0.0847721068362862 -0.162753835569959
0.0591036766418474 0.195928345792712 0.07231007133222 -0.0905788057107463
0.0567474944836631 0.0788797790214743 0.294694241293452 -0.201020797601412
0.199599846833037 0.294345687128623 0.464564161831207 0.41916933547754
-0.0530658918033069 0.728126171236041 -0.143874023392677 0.32259654002585
-0.299225751994613 0.724243130668785 0.250248032679911 -0.51762221745802
0.193140769662501 0.534535950677164 -0.121380406676634 -0.533127060876734
0.230264450983533 0.0574865301092884 -0.483971041649437 -0.238561017619778
0.0881345514534176 0.0120579942548885 -0.237573135384526 0.342026719927441
0.0245084264440217 -0.000504760571917076 0.165855841751147 0.207181048618611
0.0308734160598703 0.0893353758750617 0.205235821206091 -0.0082242275721347
0.166722118405083 0.0734495001445064 0.112205532609102 -0.113254806981128
0.228654144271035 0.0127591957984244 0.0412868305676343 -0.136515591498255
0.211504105112893 0.00290112338108893 0.000430757968261599 -0.149762416972145
0.157655097021551 0.0151794010688473 0.0602865810365329 -0.193140567747969
0.111840035563619 0.0761409206504532 0.181784634799309 -0.0856893878964199
0.013198504966671 0.0322097661014365 -0.00322610798919949 0.0227804455272455
0.158016789904165 -0.00129389132214877 0.194650779570087 -0.260292783623761
0.296592683115272 0.230788208786007 0.373346818821849 0.295219317332801
0.0322979391712174 0.737368371312248 -0.11259066461777 0.0527750712112716
-0.19846845868037 0.560299847394432 0.424270662542883 -0.636645085123817
0.222438490371415 0.306311918815268 0.106683184673897 -0.590102351005744
0.105186837884016 -0.0366389926130084 -0.367172034619401 -0.465916887700201
-0.00748796149839477 -0.0260738221952557 -0.360846588850302 0.185368822647944
-0.0786275325502273 0.050532270888688 0.0235424797048395 0.261509150142179
0.0113575434613978 0.158124383298822 0.194163196216681 0.106243566063816
0.153237513956554 0.11616142028068 0.177944093918376 -0.042349368111539
0.196704305285843 0.0565905203620657 0.11911082439999 -0.122289826048337
0.162659743382072 0.0516902289297503 0.0597939739308304 -0.166117677550141
0.0661194679716326 0.0710442754119581 0.124472612505265 -0.203115371295175
-0.0380873080746682 0.0494074839600576 0.239928892380692 -0.049401551569662
-0.0332962574053048 -0.116448644152281 -0.038404248504438 0.0743286852294933
0.189593933300773 -0.0823659126517898 0.137731054716383 -0.237159296585117
0.35714854841267 0.151739420571542 0.219955655534078 0.177413177488857
0.0509799942919453 0.645557205202043 -0.0945347263346872 -0.200877443936487
0.0220580129449148 -0.458392319175255 0.0740761396882248 0.391954304833324
-0.326774913087977 -0.137371695560709 -0.0908281858895115 -0.0669629161743913
-0.173343661699161 0.135660445221899 -0.0966906543802525 0.215149618890013
0.0571422484044547 0.193228104607975 0.08328373759091 -0.0551368135929711
0.177282046935563 -0.0432848739851204 -0.222836902746451 0.0108294048681447
0.0292229845285321 -0.15503965306111 -0.136454317534788 0.190970912100606
-0.0799581857236459 -0.125515922063612 -0.085248703009095 0.139816113372337
-0.126240075135905 -0.100472518801128 -0.163914036918726 0.0735773670376741
-0.113971023540609 -0.120122895114052 -0.245313942643186 -0.0183887372615653
-0.0182009457112656 -0.165606439103067 -0.199536347164271 -0.204708204373385
0.137556262145763 -0.0871080235765041 0.0653481622423827 -0.297130480554078
0.0962095085978191 0.090664815682325 0.430681877877247 -0.0938533520600694
-0.0324898094600902 0.083804824838427 0.353572516675099 0.544270434354517
-0.225075444234465 -0.012629632670169 -0.21832797029271 0.693715453491406
-0.0162643810266228 -0.340493215303493 -0.495436583492405 0.740162106790401
0.0788068752037036 -0.175049074680972 0.0129981675245836 0.464372384658932
-0.191069346234592 -0.134521365830665 -0.123676669378745 0.0257176879894476
-0.17355126856882 0.165387452409899 -0.0864444609105391 0.272035525026103
0.124370322941591 0.243568926487283 0.146274464685942 0.0158679738175313
0.290379121948818 -0.0623023575967398 -0.135881085765876 -0.0118924858437994
0.105720440479268 -0.218379457374975 -0.104398701640526 0.131797493182806
-0.0164019359006495 -0.178424543290745 -0.0919506976832631 0.0862527866477521
-0.045569439471737 -0.121803352433754 -0.199326763661232 0.0313759828160669
-0.04502971209535 -0.101439827273925 -0.282374664827627 -0.0644747077066758
0.00182015465237825 -0.125490349549554 -0.22220811068069 -0.26746690158649
0.160763635274991 -0.0784368070961082 0.0950923443950899 -0.344620272782323
0.126727950092526 0.174819533230438 0.444586390697668 -0.0803633332253048
-0.0740680891578899 0.0966825553055908 0.367949186445009 0.486542570909416
-0.156545806353552 0.163308225994208 -0.16157857343577 0.759871722455991
-0.176310704061918 -0.0546513827785779 -0.520751630953773 0.785911008397055
0.0849487935334108 0.169890580566886 -0.057290411092374 0.400658266348186
0.051533208067641 -0.0391911269580878 -0.230453547975565 0.0161328364140753
-0.115206395179894 0.0986817586136341 -0.174746769809483 0.352193103986605
0.164908052607832 0.252047234111176 0.208355137730994 0.16028275519446
0.34980670634438 -0.0833653548745091 0.0176215784236113 -0.0267285338295007
0.146602728153799 -0.24732174560881 -0.0330442781330929 0.0343067879109586
0.0404280950341563 -0.197246216996501 -0.0784293880680691 0.0032490264343873
0.0425824227589932 -0.123973784136337 -0.203245233839044 -0.0172567181058407
0.0440234654215385 -0.0743346319122433 -0.285846100299137 -0.0866714885786607
0.048172302265103 -0.0679060891118244 -0.239624413190764 -0.276553983964338
0.173256754035864 -0.0265299327207056 0.0600627820469638 -0.376393899159829
0.137701100617182 0.247201347287768 0.422294456078948 -0.141515001465465
-0.13680944704429 0.1388384600732 0.410690545592094 0.341544392939618
-0.0936851750062495 0.239771502294031 0.033347055264605 0.763165994159522
-0.255985813227837 0.220574681670227 -0.454405248977255 0.782161568581377
-0.00198311699418913 0.489651049106078 -0.0894732035713174 0.212848217171763
0.237805382537329 0.189471804372055 -0.330504409464338 -0.0902049819119763
0.0484583993599224 0.0476278344916901 -0.325863285386574 0.353894307907328
0.187595052136425 0.196543681737156 0.197700677936292 0.329540839739415
0.337660843398584 -0.0943352175224457 0.180133668846705 -0.00118632166984957
0.14920422440682 -0.219863700606883 0.0602448555763115 -0.06158039705741
0.0894633260220913 -0.165828365090682 -0.0487262196166408 -0.0835929800347806
0.125316404501234 -0.107834893404609 -0.175136386993752 -0.0661676283920345
0.135990719281985 -0.0539464110392257 -0.248329247734951 -0.092683969446599
0.122352707093169 -0.0286613694883961 -0.228725267678864 -0.24353472251144
0.204830052164215 0.0463890027431844 0.0123787130221119 -0.351188268202462
0.122822737071407 0.296667932248422 0.334384601047124 -0.206772382958027
-0.136907201385821 0.178100101520372 0.444639157691664 0.137535144450064
-0.0205630541462162 0.284923070566306 0.263912209255595 0.6920899610171
-0.243746283681424 0.458400729975202 -0.335953067189016 0.71334993996065
-0.12952063289124 0.719187061694614 -0.0505637597721433 -0.0492520523556639
0.270440911270148 0.437355450439527 -0.371462582107233 -0.256341732998397
0.20966912220962 0.0827897648917315 -0.474579140663726 0.244619894807803
0.215089301503242 0.119563984850346 0.0942179940266064 0.450358652727111
0.265085068725829 -0.0900387637789473 0.280594682070694 0.0627551969801306
0.115852347584938 -0.137593007853299 0.146186935123648 -0.113503581768702
0.130091808272873 -0.0948013492749989 -0.00606472217874967 -0.142505566592602
0.188763082084833 -0.0777651714695614 -0.119848483818915 -0.105951466547447
0.203248083443195 -0.0415490768743804 -0.174092435673706 -0.10317456737362
0.187868950351731 -0.010274826303495 -0.15463201013211 -0.203931173474818
0.236607073229015 0.0968241865601145 0.0118734429639008 -0.26548346925096
0.0977320725681906 0.291590950201867 0.198542753672262 -0.195423675876651
-0.0689503203471959 0.150670545997348 0.399909524734269 -0.0637084924631283
0.0835996688913657 0.307861450593676 0.430771453595768 0.564102581473772
-0.159825014098765 0.635782685247383 -0.217451372660499 0.55604194622827
-0.246632092505172 0.802328329862298 0.0696831844529109 -0.317370211032835
0.213906706819368 0.577356352611458 -0.306755437753564 -0.423021998507358
0.276902720669004 0.118112158228352 -0.546457259861 0.0300676955544086
0.184108750085304 0.0601076141057786 -0.0670643546322417 0.461944334120992
0.151632808350441 -0.0568312055351337 0.275556392655114 0.139694301709732
0.0697322714623313 -0.0233953351046661 0.19617931940139 -0.0942675109519521
0.159468529245595 -0.00916179520076722 0.0489151379083558 -0.15313867474954
0.22538617772088 -0.0367963917369486 -0.0443814222040383 -0.130368644048144
0.229099978960003 -0.028241313318203 -0.0834897860763076 -0.123554579397599
0.203320001671391 -0.00194510895937464 -0.0439523990828731 -0.185323611424537
0.215749954057338 0.100517999446545 0.0839764840598028 -0.163310600804042
0.0623369370527323 0.195691173216989 0.0734268616001288 -0.0912958732200525
0.0575292279754717 0.0799436821564271 0.29425150788776 -0.211242008785683
0.208614556235875 0.294097036267383 0.46806166044294 0.420480790318102
-0.0447401094191441 0.734965112697654 -0.142925867284202 0.323876425270957
-0.266374982499273 0.750726191001336 0.244240156595739 -0.524331000399421
0.195439221146166 0.536698562630093 -0.12414547852231 -0.535552573630789
0.231483495162178 0.0566813792422444 -0.487024337749396 -0.236244198061822
0.0895897317635414 0.0116668429635009 -0.236649366237419 0.34456689079784
0.0253929387699849 -0.00124847445386595 0.166111865145259 0.207893516342004
0.0318696499105081 0.0888327028664065 0.206426441111475 -0.00997048245487037
0.168122760172845 0.0732261138738926 0.112432746315376 -0.114290624253636
0.228435415864173 0.0112528616318862 0.0401893630862418 -0.137049167946495
0.212992873955715 -0.00030454069297454 -0.000866681521772775 -0.151177980525897
0.157083554168932 0.0141630639762089 0.0590278754247645 -0.194800733178777
0.113124332957925 0.0757016875810411 0.1823562367944 -0.0875238679973359
0.0137312451683168 0.0325605629273616 -0.00238507263600097 0.0222518028711357
0.158604064276766 -0.00241251885124494 0.19283256362902 -0.263790624170278
0.299574229007788 0.231395579264908 0.376468992552897 0.294819098517439
0.0391794990002423 0.743045039432608 -0.111452783795827 0.0534924966871753
-0.166503744163492 0.584180522539273 0.412490222520531 -0.650891923202153
0.221194196728465 0.306502380654724 0.102742139705159 -0.594430373375813
0.105067821045981 -0.0364270970233595 -0.37032090112912 -0.46656601952904
-0.00744938697110514 -0.0268943340368566 -0.363945833126781 0.18200083745455
-0.07875189585683 0.0504369275318714 0.0213433300273415 0.261076161817256
0.0132567796217201 0.158750271489804 0.196343931055191 0.104280630684896
0.153517257712146 0.115079023191562 0.178758163974562 -0.0502416358401549
0.197468098360921 0.0568810140515214 0.118513079200894 -0.122962481465194
0.162745757294344 0.0507357440271413 0.0591128690473485 -0.166075286071894
0.0680756287433734 0.0703147023949246 0.126379871572858 -0.201920026757027
-0.0371076110452305 0.051074143846944 0.239488659164203 -0.0506812294126891
-0.035925259528995 -0.116192932740429 -0.0383394965795874 0.0740881013079325
0.189963512968285 -0.0716436014379105 0.133450719993012 -0.243512698209231
0.353882337868953 0.157129321313269 0.220094296843771 0.179242920805096
0.0576189233949176 0.647909547125514 -0.0969567529920037 -0.201328730774958
0.0200815137606403 -0.459119430290488 0.0756348219346758 0.393774634978204
-0.329457371967858 -0.135124725975173 -0.0928940999808622 -0.0662334913798191
-0.172913260420721 0.137235415309028 -0.0950241680686453 0.216757518707086
0.0596478629502055 0.1936852110612 0.0822533727591233 -0.0562191724607122
0.178077611829223 -0.0458567184808599 -0.224666123438875 0.013480249732641
0.0289874630740133 -0.156346563413401 -0.134599812102634 0.193723454402249
-0.0815635226903584 -0.125860421212573 -0.0845775641566161 0.140892386046558
-0.127544925954743 -0.101288101718646 -0.163536151113665 0.0752225976946968
-0.115571570513217 -0.119196623067854 -0.245688870102399 -0.0164723741713321
-0.0194284829695359 -0.165788469935107 -0.201308780269731 -0.203049020951883
0.13731382616675 -0.0888771982661722 0.0639151708704558 -0.298872362884614
0.0972699305580328 0.0903228091379183 0.431945990748305 -0.0963239718675707
-0.0320388154671784 0.0842541604842769 0.358343906705302 0.544245300987257
-0.22614532211928 -0.011154988172855 -0.216250877751407 0.698062191863023
-0.0195572903553544 -0.340792189497858 -0.493116339926048 0.744142682323514
0.0754610008076914 -0.176949929840384 0.0164684420746366 0.46424044982765
-0.19236995821024 -0.13467164018411 -0.123994962677528 0.0275787249863778
-0.173627149614882 0.167381619759583 -0.0849122948447721 0.274002579352216
0.128838796695058 0.243775117014454 0.147314527546578 0.0139169082661586
0.291043561286443 -0.0647119851965033 -0.135653673780846 -0.0113095558347023
0.104107862329738 -0.221709247978759 -0.103052597294636 0.132984699948305
-0.0188188326342883 -0.179634645723581 -0.0913185023045304 0.0867415216301411
-0.0471378147911853 -0.122235024274326 -0.199395083314322 0.0339648918256032
-0.0468029177748512 -0.101147821493075 -0.283656281978999 -0.0642305736330002
0.000548616010388006 -0.125266043819639 -0.223550936723177 -0.266334877526679
0.161489131462057 -0.0795581513312417 0.0927537066829769 -0.346202512143911
0.129059949771067 0.174016693140289 0.446902961426636 -0.0855159186986946
-0.0740014105051211 0.0968824888960903 0.376185444883052 0.485410996843397
-0.157642155176933 0.164452759681648 -0.159520511312644 0.765187275594962
-0.17899993529329 -0.0532619513401295 -0.520217364078843 0.788437515390585
0.0892435957780091 0.170974298306836 -0.0539543670469446 0.402936496296578
0.0514252064109735 -0.0394881285138075 -0.23200508605555 0.0176284935715748
-0.115348830713612 0.100271280046483 -0.172732453255271 0.353817236940458
0.167147075068873 0.251112337838981 0.210938954978478 0.159549883941452
0.349352648749175 -0.0875141004398479 0.0173548902638426 -0.0272852736982362
0.145262837815098 -0.249782780153467 -0.0318749945052022 0.0355549031611918
0.0384286008912324 -0.197969195625958 -0.0786692451198294 0.0034505276371628
0.0414483039130039 -0.125159502146262 -0.204380295588463 -0.0159241654639635
0.0428586054855195 -0.0752052405606844 -0.287167999951665 -0.08456182470319
0.0481411104390269 -0.0687558773221689 -0.242433719187425 -0.275423122047939
0.173821292410972 -0.0276662068614437 0.0577415460971715 -0.377418307288481
0.140651487671226 0.247215253563906 0.422662949783967 -0.144681264897007
-0.136789917073601 0.141648539430841 0.414055905269884 0.341406309578119
-0.0935617389884192 0.242269471223097 0.0384355172540155 0.766529551415836
-0.257546738146829 0.222620348109578 -0.453421071310925 0.788451946955143
-0.00333970636612287 0.488887100602307 -0.0888968004788134 0.21407671937146
0.240329090232967 0.189525263829217 -0.332419708561759 -0.0879356192826477
0.0483514149060313 0.0479170463416254 -0.324861353362594 0.356753524861178
0.19111258137026 0.196576231292418 0.197116164634246 0.329805973233082
0.338670439528328 -0.0971287533720026 0.180506334783793 -0.00341299122261634
0.147905115515943 -0.222715239948167 0.0597896951303917 -0.0617092682825464
0.0857509699679972 -0.171409376469433 -0.0487467818507598 -0.0837099379416711
0.124295034592849 -0.110646376925112 -0.176517981385028 -0.0659229068157232
0.134395936891317 -0.0546778056599329 -0.2492925103874 -0.0929671355461141
0.120232063339438 -0.0236121546432764 -0.228174820608396 -0.242243394389491
0.204781086659253 0.0459596776531326 0.0100808166497039 -0.352514315542168
0.126420885534898 0.296666128194525 0.336188235946173 -0.211900824106739
-0.141505894773219 0.1713835543423 0.447577470523633 0.137552162764292
-0.0217543972049056 0.284900957203841 0.267974928167946 0.693190832523477
-0.241279871576978 0.463385338727295 -0.332479863927688 0.71494583017337
-0.120800277905477 0.725602756475757 -0.0509159801952383 -0.0496020103268635
0.275855737459103 0.43722143864819 -0.374476028663487 -0.255142312799996
0.211090159897577 0.0819803298913737 -0.475042426993038 0.246730032137162
0.218345968239237 0.118606789356107 0.0969048658096647 0.450907949406442
0.266184018165888 -0.0927066967211977 0.283155041128445 0.0607320492741872
0.11566170206762 -0.139514805121325 0.146031982948371 -0.114906126244058
0.129871928591429 -0.0959671587367874 -0.00782056958041636 -0.142843164824862
0.188198061726495 -0.0800423695371465 -0.121033039700872 -0.104576230346285
0.203147900906035 -0.042772772559293 -0.175496653577165 -0.101675108225886
0.18779329317464 -0.011615379160196 -0.156514749061693 -0.20321198591519
0.238668390652828 0.0952175577762069 0.009639303365077 -0.26830819008061
0.101729465818163 0.292212155637183 0.197923270441983 -0.198165113003202
-0.0674866651272472 0.15301879089618 0.402708664956661 -0.0673302927840282
0.084872777203685 0.309393587214899 0.434478599808166 0.562109926886383
-0.156129400949823 0.639000651325627 -0.215017974891005 0.559604079555133
-0.261659487747738 0.791978066699526 0.0667494948747015 -0.319897679602296
0.215082964334527 0.578394743407862 -0.309238519309986 -0.424840106407392
0.279573995053072 0.118399550240706 -0.54769409224624 0.0323139760286816
0.190588635658104 0.0557032725081771 -0.0724392510374963 0.459520300985829
0.15220221957883 -0.0598253666283238 0.277195143515622 0.139292534918523
0.06960688878065 -0.0238549339331011 0.19632112080758 -0.0972214632998847
0.159309699453146 -0.00525910320905388 0.0459114222557766 -0.15568108850924
0.225354279312461 -0.0375034136543012 -0.0453537819328141 -0.130224131420346
0.229986422142654 -0.0309723887319146 -0.0864104388404347 -0.123359429742837
0.205372343625263 -0.0126780462946908 -0.0449641258238206 -0.186029276375403
0.220219181582795 0.0972615978456234 0.0826921353477007 -0.164854046287542
0.0627251808967091 0.195675209863563 0.0729141825815651 -0.0924864593031628
0.050922235826093 0.0793276219140264 0.290115481019368 -0.225583901961666
0.20652355860278 0.294202967683111 0.474225257503816 0.417116760463952
-0.0434565547593237 0.739152427792336 -0.140370685820636 0.32668626911812
-0.295502962166852 0.730270223016963 0.244066715761354 -0.525844932255162
0.199095586763283 0.537727275862832 -0.126459918184822 -0.535086491495071
0.23347891451702 0.0563221853822666 -0.491832167187997 -0.235023278666031
0.0908493892850822 0.0113491732118134 -0.23410228585696 0.347095323098287
0.0259690468937018 -0.00104776228997022 0.169264429115531 0.20732024380542
0.0326091534943973 0.0895089500274761 0.207265750304469 -0.0122376669838672
0.16976783563687 0.0715350289882753 0.111933627208052 -0.115939459675231
0.229989266689127 0.0086645668813252 0.0389820611554596 -0.137644150169107
0.213736625818033 -0.00271374345936593 -0.00261980462603036 -0.151897978697345
0.158700413348151 0.0120225261493933 0.0580670508655021 -0.196497483173962
0.114762123609419 0.0743566736132261 0.181555897310944 -0.0907353515288671
0.0139849272167555 0.0333356230941161 -0.00191949531383402 0.0219461597070643
0.159676556838627 -0.00331263303212492 0.193122605836463 -0.26615287451678
0.301522059208539 0.229308211175563 0.380110460459345 0.293058041806916
0.0399671850768692 0.743129439184994 -0.112026203378203 0.0537572529176558
-0.174025303795499 0.579887023254096 0.41196148759339 -0.660296380784211
0.226642257525341 0.305948176230105 0.100884460472116 -0.596942104824642
0.104189865851135 -0.0371873638394519 -0.370069965471835 -0.467820765866026
-0.0064781388134112 -0.0274435915688256 -0.364533584914683 0.176655545170832
-0.0776137941854946 0.0516762284106409 0.022370306962468 0.262142631864052
0.014101264382075 0.159400909490585 0.199345385753492 0.101078266108818
0.150696857964057 0.117563991556246 0.179032371067931 -0.0547036485796547
0.198434734780809 0.0552369553259295 0.11682489594706 -0.125502847418455
0.164504814422455 0.0477963631720279 0.056598219104798 -0.169091825629155
0.0718398616722767 0.0686086559071662 0.121853024165016 -0.207889782812239
-0.0375673083956052 0.0511728457537363 0.240083991927945 -0.0515190728146522
-0.0358334455874667 -0.11624679091878 -0.036925505520622 0.0741258875221625
0.190441300807232 -0.0698390562094288 0.138412189105574 -0.238293244968742
0.355150587000227 0.155554493773976 0.223600130708289 0.176289655190204
0.0601340274193448 0.649319136849559 -0.0988697526823445 -0.201219505071422
0.0163701060787229 -0.462748964994147 0.0789328514278507 0.394716160079418
-0.331632957854404 -0.133561892341935 -0.0929720507202909 -0.066281535602931
-0.172321386649917 0.138090934589871 -0.0945416293790613 0.218855216897623
0.0618088534481294 0.194505638778574 0.0822105646926609 -0.057393078755256
0.178418764487123 -0.0478217088527227 -0.225168830900996 0.0163631593036427
0.0276099473684206 -0.156947203538112 -0.133357279119468 0.196083995461504
-0.08343278135524 -0.125589893798412 -0.0830444619945465 0.142763998363424
-0.128875080592622 -0.0999073348523398 -0.163295946364054 0.0767657194076164
-0.117838147814942 -0.118164176136745 -0.247009111161775 -0.0146210838895103
-0.0213304662427872 -0.16622099930217 -0.205519222851107 -0.200773882060414
0.137039585555498 -0.0902979899177315 0.0609939291311325 -0.301392108845279
0.0985640026723054 0.0902723918735607 0.433325494830743 -0.101790132301791
-0.031306520074665 0.0848108568191861 0.363117798983839 0.545152838584671
-0.226850011369159 -0.00980966844170012 -0.211202572695808 0.701462889542281
-0.0212853528535717 -0.342132825863237 -0.491972083143785 0.747494516215414
0.0801868509880157 -0.175662663732504 0.0200955435545732 0.467866237537012
-0.194504694991957 -0.133678572122533 -0.124078418561572 0.02842634664847
-0.172906408614232 0.170082597926773 -0.0829541392415733 0.27451969825197
0.133520532839506 0.243516904699492 0.147394168160849 0.0134354175522463
0.291969408582442 -0.0695918226909191 -0.137479078697592 -0.00937621639407058
0.101522419334267 -0.223589142069591 -0.101318847382923 0.134714914617291
-0.0203653711041796 -0.180537811075752 -0.0899418385367722 0.0888785419862319
-0.0480211966067228 -0.122508650780618 -0.199546499142268 0.0357001988009468
-0.0485099543910955 -0.100775021800673 -0.285179183316117 -0.0598768028083301
-0.000720778611870539 -0.126495751403652 -0.225183197315711 -0.26613949311273
0.160988273528557 -0.0820681823460084 0.0905618957544504 -0.349348035825392
0.132129255577626 0.174569125888156 0.447569776616716 -0.0886399855960088
-0.0741833487896252 0.0968353982190727 0.376393495735803 0.486873665872828
-0.15775003203169 0.166545626649682 -0.154939894051643 0.768601831901832
-0.179475002529675 -0.0531634686801658 -0.513700501860409 0.798939795308587
0.095651070515485 0.171368696069784 -0.048406559275181 0.404894832327461
0.0512007149748359 -0.0397038376713795 -0.232753093335808 0.0200213522416386
-0.114568006939147 0.101889409085083 -0.170291911736198 0.35672981529469
0.171706282210521 0.251598900624128 0.212072448468286 0.158424668195777
0.351231324584307 -0.0915587383132839 0.0169570402517995 -0.026355366181948
0.143779577766122 -0.252646679590948 -0.0311632722414691 0.0360232442611648
0.0361789952585208 -0.199917043456219 -0.0783402034250159 0.00480208867987063
0.0403724643329048 -0.125742696900413 -0.204728527966797 -0.0136478747162106
0.0425438716806842 -0.0756211573443642 -0.290234314539982 -0.0827368881075942
0.0472807173977453 -0.0689948108567659 -0.245930702472402 -0.274171477864682
0.174167301618856 -0.0303155273911795 0.0555356148437361 -0.380571476768661
0.144317083059877 0.247545064395509 0.422973527127259 -0.150040440311213
-0.136559714086892 0.144303678228878 0.418677865800449 0.338840440051081
-0.0929274812007641 0.243561026663953 0.0458337048768604 0.769453692985352
-0.256624028158896 0.225669412866807 -0.448827952171581 0.796462142085462
0.0156889454670227 0.499309694162863 -0.0856269026443836 0.215905901602266
0.240595762944766 0.189325810335236 -0.335460207052531 -0.0854607612873807
0.0504512557360069 0.0488223034167812 -0.32390872146469 0.360467002155758
0.199570273087142 0.19409662340457 0.201795344685279 0.328990757170848
0.339569064992168 -0.103086293091657 0.18088345620018 -0.00468047303487967
0.14653035393367 -0.224880755502451 0.060267055988409 -0.0623341670945665
0.0868439642516936 -0.169539349737659 -0.0511786258579798 -0.0837510365016909
0.123013016768072 -0.11156965429486 -0.178395684986519 -0.0623394558317699
0.13490563466492 -0.0563086351678602 -0.250493478944218 -0.0916704505928368
0.12068794030993 -0.0252314614541659 -0.22720116201799 -0.24427938433288
0.206342272158529 0.0444057687964586 0.00676942745257619 -0.354580340947838
0.131119059949943 0.297413633876553 0.333813712594041 -0.215764980335028
-0.141724172917987 0.172507833178114 0.443578195447531 0.143725525945374
-0.0198102937147829 0.287312129924846 0.274041714962498 0.693798197235769
-0.241372083558822 0.464526215559045 -0.327611062264151 0.724491294987283
-0.150592324541877 0.708540788977699 -0.0499742995044233 -0.0487694545875351
0.279329859178993 0.438455056011537 -0.37800452803953 -0.253688517421068
0.212455482506204 0.0811357440432282 -0.475174526605239 0.251989919315011
0.220594967503262 0.117606898696525 0.101859895158537 0.452451767750505
0.267144161719605 -0.0968405461991376 0.284593427227469 0.0591415020941814
0.114908425097912 -0.141504131149024 0.146768596765655 -0.116849214800042
0.129780080777629 -0.0985261908736395 -0.00929572765661474 -0.143197347775045
0.187691218066241 -0.0821143729777223 -0.123140295208395 -0.104377856354079
0.202816605680836 -0.0460591029660184 -0.177342570941355 -0.100116866418266
0.1879810036271 -0.0133126422667658 -0.160388177291566 -0.202385864423052
0.241073003025047 0.0927393856094124 0.00667986570607844 -0.269268536481488
0.105534299087073 0.292552526018334 0.197486426723107 -0.200409956527104
-0.0663491827280625 0.155142141702296 0.404017470077107 -0.0691114629567738
0.0873126256755879 0.310506912391127 0.440760864926313 0.562058668437867
-0.152683611039464 0.644332526709948 -0.211695890395579 0.562995342244424
-0.28666510054822 0.770462123144108 0.072898338821432 -0.318121504288141
0.224468043629685 0.581141144334646 -0.309740794970782 -0.42449176867704
0.283411428896376 0.113927661665082 -0.549585942430867 0.0327982739277702
0.193487880070488 0.0521143046175837 -0.0637884098920512 0.464724109563731
0.15252193236711 -0.0608903680549181 0.28069819317167 0.13644434563128
0.0697963857387347 -0.0239948538544793 0.195781224329388 -0.0999471738349323
0.159735711317581 -0.00360855411381795 0.0463589723212639 -0.153751658754681
0.22549513231989 -0.0411477448176166 -0.0476514745569125 -0.130693763613141
0.229438446401173 -0.0354146215595287 -0.0882784575358002 -0.122637298974053
0.205875254928921 -0.0184809975459445 -0.0529156071561313 -0.187969980612166
0.219307976605558 0.0973788757198859 0.0815979161057351 -0.167516967355397
0.0649469150617512 0.19592905965989 0.0730346084271372 -0.0941921749990227
0.0539177066427727 0.0807074381374541 0.293053321712827 -0.219528336866336
0.204514792944114 0.294915138109846 0.479127030995225 0.416286301202298
-0.0430236592507683 0.741346753643235 -0.137449169113851 0.328942336312562
-0.314865899232319 0.713252273992385 0.247056787758973 -0.527510072547902
0.203722414956604 0.538854185892434 -0.129791158125384 -0.536896277780485
0.233855116750044 0.0556788544473888 -0.495932625360285 -0.233492459612086
0.0914531637523684 0.0102207329152167 -0.232371868758757 0.350056910049149
0.0260618658601741 -0.00264433022618531 0.171070436574436 0.206438299524129
0.033352732728749 0.089248154057641 0.207791889058013 -0.0138114752738682
0.170014387360413 0.0702293951697682 0.110422219177255 -0.117691125647171
0.2307833329383 0.0064208742769833 0.0364126873350147 -0.138456782813746
0.214449227392055 -0.00443033395502478 -0.00485307060302215 -0.152730740633232
0.158497638294807 0.0104007441918638 0.0559058653573948 -0.198402461864576
0.116282001670664 0.0737726608632281 0.181221550791639 -0.0928776523691119
0.0148666759678816 0.0329114387408461 -0.0018568286035018 0.0222664738424373
0.160485480950909 -0.00322457713909165 0.192249775232746 -0.268814480584617
0.304457501112376 0.23018385348761 0.383319700192481 0.291946201111271
0.0454427709527509 0.746950095266032 -0.111717075430759 0.0552007991523068
-0.198186488033735 0.565786573018693 0.418345636371702 -0.655166587950292
0.232410448077212 0.304371651552964 0.101558336378285 -0.598132998310912
0.104059828706783 -0.0377078310370295 -0.376918389631804 -0.466004856666203
-0.00729832957627946 -0.0265647030092321 -0.363666986717903 0.186720379959111
-0.077788776562377 0.0521786503640237 0.0284233781412167 0.264165163573316
0.0154739912071098 0.160064235182226 0.200167333128552 0.100387610576516
0.153750691976367 0.116193998117687 0.179550881190084 -0.0493108633604439
0.199720481892554 0.0527689238241487 0.115099760248594 -0.12619731104171
0.164435562475326 0.0463171714957598 0.0532574225031648 -0.171671160389774
0.0706263717259361 0.0690547398694372 0.116724091346783 -0.214361694433572
-0.0364454961307286 0.0506716245339509 0.24101630884962 -0.054643448993219
-0.0355602198624888 -0.11601404883478 -0.0362913991216556 0.0749594811019589
0.191018304215394 -0.0825941287770762 0.13980551731187 -0.236520120312911
0.362236296976273 0.149201006046817 0.225702642762419 0.17472352429615
0.0648852704565475 0.652106464971388 -0.101277624779757 -0.202069800954682
0.0124006654520034 -0.464486705809813 0.0814837764056366 0.39698159745766
-0.334366418114156 -0.129693626226275 -0.0940478684665354 -0.0649525394864767
-0.171362185153152 0.142012134769761 -0.0928971977211496 0.219286623755397
0.0638207316596566 0.195631119530258 0.08199496104742 -0.0581071244878705
0.178275640145693 -0.0506769617412725 -0.225724667999185 0.0181485515609715
0.0253996485354905 -0.158555219382487 -0.130900931373083 0.198605794063605
-0.0856649530184044 -0.125558178034321 -0.0814383656228744 0.144166394268622
-0.131155402436922 -0.0984282258896105 -0.162566643343518 0.0779919661214361
-0.119323566779501 -0.11806769099362 -0.246752366547473 -0.0132003582584211
-0.0225172698373274 -0.166702974297521 -0.207276859463068 -0.200261665003811
0.137247028731056 -0.0917469408272983 0.058361797076375 -0.302305112268581
0.0998177725784962 0.0901308767616869 0.434614754376519 -0.105660520889909
-0.031471996814898 0.085311783735171 0.370278609691742 0.54559246727298
-0.227969300441888 -0.00707206002245694 -0.208549803957697 0.707279909816498
-0.0242874092025923 -0.34329943880908 -0.487237917542805 0.757509615782871
0.0794746396707545 -0.177667012144608 0.0221793758479574 0.470287218722144
-0.19727359509422 -0.131067052769643 -0.124024545584856 0.0293297172497416
-0.171444212805545 0.172889042526906 -0.0822308687782881 0.276140914983805
0.135437613267996 0.244470764774621 0.148538980135364 0.012423731569871
0.292371991702183 -0.0734645943098439 -0.138029552929091 -0.00872596259342525
0.100715609836526 -0.226129005419903 -0.100133268255945 0.138043574460362
-0.021422152254354 -0.180685963629507 -0.0886997488214069 0.0906892552477236
-0.0502683816175052 -0.122060706587085 -0.199862291627589 0.037415522068195
-0.0493564993815034 -0.101016214770781 -0.287591557606971 -0.0570595350428072
-0.00194498467817761 -0.126586708317542 -0.231459804465641 -0.263444699766074
0.160974700099431 -0.0843455799306934 0.0874302262577441 -0.351961616155109
0.134338367129369 0.174174753084858 0.448305344834875 -0.0930813545348529
-0.0739024105105285 0.099168936866931 0.378175601746724 0.489044025750114
-0.156302705052378 0.170033553839576 -0.151221017464806 0.774833635193581
-0.180639997935907 -0.0514928915574114 -0.513881509835876 0.804899744308921
0.0944642079980004 0.171439965705374 -0.0470068651674001 0.407236368850739
0.0511405370519958 -0.0393384524595844 -0.23378407639656 0.0227176167489605
-0.114176207514082 0.103890918754929 -0.168115166217251 0.360840951164077
0.175294897109461 0.251722481584343 0.214599529440653 0.158184261607537
0.351607526403802 -0.0957249733721393 0.0165957895979777 -0.0265492933822358
0.142468942085762 -0.256294103705427 -0.0308371042454609 0.0373664381511709
0.0345178686999288 -0.201210258839812 -0.0791176604378989 0.00488217446742191
0.0384777418731086 -0.127594944465303 -0.205605031851509 -0.0121871728386603
0.0419167466504129 -0.0768341863411741 -0.290249606860867 -0.0796385540056042
0.0468150674043469 -0.0703616460536663 -0.24866004424918 -0.272789404919436
0.176122120301733 -0.031996501505183 0.0515256164649017 -0.381347052079381
0.147969456113317 0.246295885070935 0.424143628216722 -0.154116088989603
-0.136090294011464 0.146187240856043 0.423159101599556 0.338957322080805
-0.0915941412243669 0.246706280644289 0.0508513658117885 0.772563651631407
-0.256695332776207 0.228992357750013 -0.44572029326631 0.802725188876263
0.0245442082021503 0.504838018755555 -0.0840292467308948 0.219754307768885
0.243886081396134 0.188657885594515 -0.337641976622097 -0.0844682820236653
0.0507405902569577 0.0490107974423373 -0.323689858232487 0.365443735442099
0.202851650755964 0.193044576646797 0.208715612138117 0.329745328922761
0.340547570571424 -0.107906471707934 0.181556174691324 -0.00492756826779138
0.144877206176034 -0.228433337031512 0.0604704799138049 -0.0633163958135413
0.0869034939564506 -0.1692995106632 -0.0522845144729052 -0.0839694651568346
0.122278390845855 -0.112993664604828 -0.179776183788034 -0.0607436114214301
0.134878586531475 -0.0582073559472105 -0.254099568921415 -0.0881783686097024
0.122932129985288 -0.031964993559349 -0.234318212771883 -0.240867244602877
0.210134555398956 0.0401099264258836 0.00242996420660866 -0.356714371630526
0.13660954977543 0.298070557223099 0.33524557930837 -0.219039520640659
-0.137286206423629 0.184151296613078 0.449357715461569 0.141419949941198
-0.0167227984909718 0.290561648429948 0.282294242645397 0.694465639334537
-0.240889060888801 0.469357632672138 -0.324471437612925 0.728884075705936
-0.151456515456163 0.712737820050501 -0.0498391910644155 -0.0492904669247701
0.281847498180903 0.438593748891129 -0.382036504602864 -0.250977730207956
0.213927167336288 0.0802134322117222 -0.476809935199044 0.256237732217474
0.224126323538475 0.116431613700304 0.106313083109295 0.453561710645099
0.267445589770651 -0.0997607669242254 0.28577330099776 0.0573518018423842
0.11409024613233 -0.144526566225216 0.145588530716785 -0.118712267195995
0.128540712351483 -0.100468581903689 -0.0108361078206624 -0.144596041819711
0.187465689925509 -0.0840423917048707 -0.124072559135126 -0.10354485716838
0.203475906218953 -0.0486960006546521 -0.179752022143111 -0.09965740103693
0.188568888610461 -0.0158525299886509 -0.162659529244974 -0.201360256780913
0.242999341607473 0.0901571246982476 0.00492328642832753 -0.270982998028966
0.108812310720086 0.293703860637823 0.197801037685137 -0.203996572137849
-0.0653954572163763 0.158228117512076 0.406389462648519 -0.0729993511934729
0.0896143711583698 0.31111028674532 0.448263154307019 0.563393075532399
-0.150588393118551 0.64719250988665 -0.208795988307627 0.567436383108237
-0.268753449974932 0.794043830078711 0.0706872533613864 -0.319025433651167
0.232518670046467 0.581931344094307 -0.316936191338351 -0.42458959075432
0.284500502495279 0.114472092402643 -0.55134587641998 0.0384528369615864
0.191647510008573 0.055043684968344 -0.0513978315032768 0.471320131105733
0.15383942043623 -0.061868889379735 0.283756200833404 0.133070632951625
0.0700001926546222 -0.0255277778720926 0.196711102529957 -0.0999703990874282
0.160407212747719 -0.0110509829231401 0.0450519088085974 -0.152765843286644
0.225927856257724 -0.0451859252487114 -0.050639166559508 -0.130993204738844
0.229620055983978 -0.036492648764249 -0.0881820333605112 -0.123431522973539
0.205493880114832 -0.0112738593542133 -0.0557167884357416 -0.188608188910448
0.220272585808471 0.0981281987960694 0.0802256436589544 -0.169602392749256
0.0694873573801219 0.197028258775191 0.0721760728286412 -0.0962205792770986
0.0609664205921397 0.0830983820962287 0.296326725009815 -0.212867253540255
0.210702663694022 0.294393915790804 0.482085088859961 0.415528816743055
-0.0357718641589389 0.746307358192374 -0.13915702484955 0.330772635592208
-0.283632011406226 0.744353891079815 0.242444869284674 -0.532413379157964
0.211313640646962 0.540495923594456 -0.132760569020174 -0.539174588889216
0.234784424110363 0.054131216640964 -0.499336088828594 -0.232139056784651
0.0932019981918322 0.00940145242418415 -0.23197591113227 0.353107969136076
0.0270135451324798 -0.00329464126153323 0.173152560323891 0.205681514806124
0.0335981685990962 0.0894951575997977 0.208862022100574 -0.0167248861233435
0.171000473848504 0.0689266711484739 0.108992463169614 -0.119692490689517
0.23042468543126 0.0044095586065909 0.0348557117403936 -0.139342619954393
0.214422225451529 -0.0066532323326111 -0.00747114983055266 -0.152873705783838
0.159534566970295 0.00899770582883316 0.0540604227844628 -0.199962102743832
0.118231046559599 0.0731165149832353 0.181698277133737 -0.0951815304085018
0.015813830758552 0.0331738595455342 -0.000977558391848049 0.0215915581139506
0.161338102722177 -0.00473222418990669 0.191144020020333 -0.273107270458239
0.307516591219515 0.228355251266527 0.386696192479155 0.291331677749791
0.0515209215864687 0.751444933755432 -0.111874452405625 0.0556943382863364
-0.181843334466943 0.57803065279294 0.415650703650919 -0.660438885111076
0.232421789612124 0.305374551574884 0.0981885131174049 -0.603966213489367
0.104257615648255 -0.0384319607786777 -0.386066403358489 -0.464983408156259
-0.00697671604896263 -0.0273745708133187 -0.363108411800983 0.198239538609575
-0.0780342442034607 0.0527765262002384 0.0313970498397342 0.265271037425433
0.0169502019968324 0.160292845720322 0.20018137882265 0.100896766377194
0.158949969718557 0.112100680911865 0.178349639461287 -0.0486410528593376
0.201425872582991 0.0506219232759385 0.114829151387722 -0.126030330530507
0.16625192590996 0.0457548935334862 0.0528654640197319 -0.171186841668309
0.0694364589079483 0.0698853537468588 0.117683555196878 -0.212447258363932
-0.0363899075138965 0.0514690107772919 0.241458850884543 -0.0591171968317483
-0.0379217025098729 -0.11665839565503 -0.0357213801113383 0.0754982742190019
0.19091980210352 -0.0862105325962668 0.133700397558774 -0.246759803059177
0.366240384031786 0.145988774503023 0.22720706195925 0.175088885223471
0.072411830342055 0.655301721741531 -0.102576167398654 -0.203136427515114
0.00916293143075489 -0.467796517357658 0.0855127762092048 0.398563162251136
-0.337675985738724 -0.128068697283286 -0.0955228678824503 -0.0639069959455393
-0.170272257349272 0.143804443381542 -0.0908757906749663 0.221446456585112
0.0664733100876728 0.195964949931265 0.0811394518421037 -0.058685882332779
0.17841323354224 -0.0519314400163517 -0.22712515552898 0.0208230497918511
0.0243036286805765 -0.160275745443129 -0.129078957509369 0.201387788790094
-0.0879686364559129 -0.125917452472253 -0.0800029502513704 0.145971090991777
-0.132380547230262 -0.0980049313764199 -0.162659683825766 0.0795079393571635
-0.120636442060873 -0.11693011072656 -0.247749824877989 -0.00993441590163905
-0.0249248800850033 -0.16739390518789 -0.210029491903294 -0.199187652093415
0.137763437019391 -0.093692781330168 0.0562410794273507 -0.303809912757144
0.100788888360801 0.0896633966690764 0.43487908215565 -0.109565918108364
-0.0301973863296267 0.0858721066780035 0.375891438842888 0.544624195464443
-0.229649149281946 -0.00525743655367949 -0.203564546732869 0.712950299439542
-0.0274164243263496 -0.345176436315218 -0.487228720886634 0.763446848574386
0.0750586345212336 -0.18040220426495 0.0260357493053914 0.472802468681255
-0.199224096522521 -0.130094506553524 -0.125640259421517 0.0310988488657702
-0.171342390835081 0.175235103766332 -0.0793671310963291 0.279036466332442
0.137376792733189 0.245063871189185 0.149055977212958 0.0111202632698051
0.293048907398936 -0.0772289983947088 -0.139327119675853 -0.00600995456840545
0.0980146096096154 -0.228316895923987 -0.0978821777936379 0.139956604701523
-0.0246797101252338 -0.181409437110894 -0.0889406896791185 0.0905502884982754
-0.0521704538714546 -0.123050171661955 -0.200826010948878 0.0384275329045553
-0.0510572892758062 -0.100462831308052 -0.288252856941635 -0.0564449084339676
-0.00317330334807447 -0.126830685789342 -0.235246922053298 -0.260863283949713
0.161627746069008 -0.085762328232301 0.0849155296839321 -0.354403319563971
0.13765182841021 0.173525587209439 0.451298404498985 -0.0971316905765763
-0.07283354838121 0.101626203742047 0.389770328640757 0.486072963655142
-0.156539083271666 0.173156924119188 -0.146814448739703 0.779585669145808
-0.183457574883311 -0.0495269118628488 -0.511654488115034 0.812965309307192
0.0913892541470642 0.171789970622872 -0.0469089598447016 0.408795750842289
0.0505709810223451 -0.0399827003680659 -0.234756063248835 0.0240501255128988
-0.113581520156411 0.10588308263876 -0.166013711232898 0.364210824733785
0.179677724883123 0.251284314790524 0.217247524663059 0.155934767010394
0.351821633648444 -0.100673641736454 0.0161886584614234 -0.026853305978905
0.139872362018456 -0.259407826518357 -0.0297830996416411 0.0378331382426372
0.03197365619542 -0.202852572859682 -0.079396221617853 0.00636351573636321
0.0370121723869947 -0.128860564790561 -0.206365295085426 -0.0102142769017677
0.0410870517406861 -0.0772010513327358 -0.293311217698492 -0.0777105222005039
0.0464898928517447 -0.0708969657420744 -0.252846888988626 -0.270511393540343
0.176450997500399 -0.0341997536404144 0.0481104239270507 -0.385121139633835
0.150651798297176 0.246561307274154 0.425212312979254 -0.158345385475441
-0.136214048664977 0.148525517740101 0.426897559995656 0.337466504457495
-0.0903855189458475 0.248662706666696 0.0539481109741109 0.776098235239278
-0.257317690486037 0.231715335359518 -0.440861000209079 0.808208609726931
0.00943776132855894 0.499771298255364 -0.0828891414062208 0.219605376368246
0.249029996182443 0.187700767885605 -0.33947460258773 -0.0829962515026557
0.0510187159754285 0.0491604688852791 -0.319904423763037 0.370099575603888
0.201968545632964 0.194482794897119 0.21211224991036 0.328386752342124
0.341785163284953 -0.111463013866818 0.182536551527497 -0.00650374720091094
0.143298365943383 -0.231907884867843 0.0602654376694309 -0.0639449504086203
0.0816279429288107 -0.174262941129944 -0.0529177002782345 -0.0837712578195721
0.120027258969515 -0.116022199479408 -0.179977532623609 -0.0611809508119399
0.13315156223856 -0.060598248835491 -0.256330147155337 -0.0847394029746066
0.123068581531126 -0.0328612748656343 -0.241597417945776 -0.236945157243716
0.210518811348905 0.0385623795533547 -0.000581337281336188 -0.359061929296171
0.139038692842609 0.296778663390399 0.334150625445198 -0.223695248947082
-0.135124464620756 0.18843039615184 0.458535673978679 0.129613867258439
-0.0158728722257713 0.292141111354288 0.286725703659351 0.698253747226103
-0.237026241933342 0.473757629665558 -0.324543635695395 0.733188394553405
-0.111271951541557 0.737258267620756 -0.051842221690517 -0.0497981939551264
0.287236147505787 0.439278498029873 -0.385911419641253 -0.25135072649117
0.215986846724943 0.0800903234885906 -0.476598644693602 0.261290830967152
0.227861675067786 0.114882367888223 0.109171806954299 0.455672494079007
0.26861246613524 -0.104184119304586 0.286870814148635 0.0553858784187755
0.11268931831779 -0.146426558547025 0.145844227677767 -0.121465844775622
0.127208381303367 -0.102846408445419 -0.0127474980019123 -0.144390919959299
0.186578636966242 -0.0864306540959815 -0.126811309401628 -0.102670945961922
0.203418936933435 -0.0510724916818406 -0.18158408234573 -0.09807430677718
0.188618279267965 -0.0178292069742717 -0.165723057027308 -0.200685420446106
0.245319569033279 0.0880753291330821 0.00215120247828819 -0.272400489988383
0.113894143485641 0.293565698581608 0.196489921859128 -0.207223879802482
-0.0645551246608368 0.160416548976557 0.408717500086767 -0.0767016398429437
0.0926407491231695 0.313281997696762 0.453251116584337 0.559801861227141
-0.145968007847518 0.652864654876062 -0.204965189894286 0.570788923969845
-0.227321714348993 0.82304402153177 0.0629780147475166 -0.325854657605514
0.233523861259514 0.583425541031205 -0.322838443864095 -0.422645141021481
0.284833992668391 0.113846913391473 -0.555176374642832 0.0459904422905618
0.193548715926818 0.0554267867321115 -0.0542991523146219 0.471356556450566
0.154218429599998 -0.0651669954657055 0.283060118582252 0.13350966358455
0.0700831576290133 -0.0268556907073846 0.196678200512436 -0.102489598575535
0.159694211040343 -0.0163653733399072 0.0421939432841848 -0.157513683250441
0.225480334365191 -0.0464215940693922 -0.0508805044548196 -0.130351573459483
0.231849672854979 -0.037922514141172 -0.0906612060142712 -0.122124325620957
0.205916116155013 -0.00951886929313846 -0.0525596348656822 -0.187860670496792
0.224510498003323 0.0925679501729966 0.0792744466800179 -0.171206053478323
0.0743922681003592 0.197263838609195 0.0725287093470282 -0.0975915354859024
0.0595377715317384 0.0835671718317164 0.294471816840477 -0.225956150713282
0.217610671612539 0.294845863408921 0.486207005908108 0.413667544702779
-0.0267453022616203 0.753314611114688 -0.137303035845414 0.331211845489181
-0.252535139901161 0.77199364517521 0.236007816997519 -0.542051550288819
0.215015759005894 0.539405064384494 -0.139374505257206 -0.540502300204234
0.237334630915063 0.052019037299766 -0.504291242948508 -0.228676459104916
0.09390492566795 0.00873970034721904 -0.228983145439616 0.358159415695598
0.0275032958634698 -0.00320256148588284 0.175993271944742 0.205930288692805
0.0357459972322368 0.0896942058992818 0.209848165602279 -0.0180012048478492
0.172511468483059 0.0677620021749616 0.108937785283527 -0.120324416672395
0.231465230117881 0.00255944578906289 0.03298390666656 -0.140181718428269
0.21566636015157 -0.0106301534781013 -0.00947303507381368 -0.15383569679037
0.160109012733061 0.00719883436418009 0.0517009170121002 -0.202744027967159
0.12028118782382 0.0722874289222955 0.181145447815651 -0.0987713590090408
0.0163335748475602 0.0328498514738436 -0.000730145461615948 0.0214040550882069
0.161384422785702 -0.00487098393177743 0.191301727272288 -0.274363346257157
0.31174709947624 0.226987097722553 0.392864331114608 0.288264983754066
0.0583429776554124 0.755126635208873 -0.11203944827505 0.0564900045690938
-0.154795747379716 0.60052880423583 0.405223683696201 -0.675769551767054
0.234506711236039 0.304708032257762 0.0917948308213892 -0.606617322170367
0.104907686801275 -0.0391456090227229 -0.387583675532137 -0.466020094495999
-0.00750237898231037 -0.0273450233586955 -0.363138203357225 0.19413265890599
-0.0774103255344402 0.0526013417177425 0.0303573634458901 0.2670679681187
0.0194840797646577 0.161103270906992 0.202871043808375 0.0977236686654205
0.159013296702062 0.111847157758441 0.178028913960234 -0.0597694663682104
0.202233658838326 0.0498507185916026 0.112995972192268 -0.129109843725166
0.166973793664122 0.0434899291082247 0.0504551116336156 -0.17223204475535
0.0714412905092419 0.0691556443903181 0.119650653586429 -0.211223122927219
-0.0354013081261315 0.0529268263766516 0.242446400486791 -0.0625861282561621
-0.0402359377225555 -0.117412356222315 -0.0357503592493165 0.0757481914735627
0.190963884622505 -0.0777794258372529 0.131180128140504 -0.252910358408856
0.364668650022695 0.14935076163524 0.228925718268966 0.174749790850706
0.0761120843667102 0.659744439588804 -0.105150144394746 -0.204168646255186
0.00593037268047387 -0.470554124225321 0.0893185522480855 0.399188200683503
-0.340185034026685 -0.125246706508362 -0.0963488916834383 -0.0631266808392475
-0.170107636935286 0.14605057993294 -0.088878821064641 0.224049603407644
0.0695125342600334 0.197349901201928 0.0811036991517935 -0.0594843311944096
0.178598565742297 -0.0555493607320603 -0.229003004415975 0.0246513241327321
0.0217981877463653 -0.161663096019582 -0.127222851334217 0.204556725891145
-0.0891896068880936 -0.125627697420145 -0.0780966212316551 0.147224924216606
-0.134303359361045 -0.0972989863733357 -0.161802411668901 0.0826033972155313
-0.122885891997141 -0.116251140583401 -0.249787328054154 -0.00716718768756798
-0.026842257545264 -0.168419837433154 -0.214151912361324 -0.196254286097694
0.137203227184624 -0.0953856407597302 0.0541687776922349 -0.307207137661248
0.101899187370512 0.0884403209247948 0.435746907132574 -0.11324897226153
-0.0297104293750889 0.0867997745423697 0.380955046850371 0.545874631066603
-0.231410274662735 -0.00269378786779314 -0.199807953969348 0.718667504180577
-0.0310531530393851 -0.346587436112908 -0.48041558239185 0.772233699893505
0.0729710523993026 -0.182018266111893 0.0309961534199415 0.47532609525859
-0.201302487900403 -0.129085392632207 -0.124703637210186 0.0332394234318026
-0.169871091606553 0.178837985095041 -0.0770408108513438 0.280073451419625
0.143079326706835 0.245219044929738 0.150486581168037 0.00914439244522645
0.293190790457996 -0.0813118526393465 -0.139792523873863 -0.00433667815473418
0.0960805915463237 -0.232206511603493 -0.0968611697947053 0.141990570164334
-0.0281024355542273 -0.183689080307368 -0.0878453259495353 0.0926551064314067
-0.0540621090383068 -0.123042817860871 -0.200063877364581 0.0415108071401303
-0.0521762086192925 -0.100972215380769 -0.289959019461115 -0.0540992649987059
-0.00347390894579984 -0.127103966279639 -0.23643908595323 -0.260688933503046
0.161334906347817 -0.0882423867869344 0.0822358695749902 -0.357316717772749
0.140107088075834 0.173066728077943 0.450872139488939 -0.10182730384405
-0.0721531822478866 0.103121275942349 0.396679912279736 0.484060412671174
-0.155390750805646 0.173909628729644 -0.1425335027187 0.782479828998439
-0.18517591439798 -0.0482775054542059 -0.507501031399221 0.817077291556162
0.0954577328204231 0.172440778312008 -0.0396899862815656 0.413693292437718
0.0509495334039521 -0.0398832078542892 -0.235341820340832 0.0268842739006799
-0.112745083383053 0.108184973843234 -0.163254168804057 0.366802949614133
0.183517423288655 0.251892802403679 0.220049058463768 0.155782058661086
0.354048633982015 -0.105713190272722 0.0157890889552267 -0.0268544396413814
0.13758297277165 -0.263453651480642 -0.0294872442408205 0.0391009333706626
0.0292605618678531 -0.203929410634139 -0.0789347082414828 0.00729634358890222
0.0355660001289861 -0.129436587331703 -0.207209441296501 -0.00792837148282798
0.0397365296997607 -0.0786723876601207 -0.294607443547942 -0.0748784975042425
0.0454138927487922 -0.0715051368323743 -0.258480290484491 -0.267858138036522
0.176962807406573 -0.0368697612367346 0.0439260164426208 -0.387739464336525
0.154994078771054 0.246485924425283 0.426159023039319 -0.163617569643947
-0.134483295036069 0.152651778995934 0.432043187935209 0.335387236143127
-0.0888379429730845 0.251294048251736 0.0609837467713595 0.781953870870191
-0.256765591127557 0.235956034226255 -0.436321828229369 0.81672055716527
0.0123365724700465 0.50300953851388 -0.0825326887835943 0.220636835527924
0.250377540723876 0.187612571852614 -0.342178550736108 -0.0779139845759152
0.0522602030752463 0.0494913871214407 -0.320487531891456 0.374555647761067
0.206550108315713 0.193596807880051 0.211305733992182 0.330371740288597
0.342282662531328 -0.116141712317536 0.183551938567512 -0.00794736610011781
0.140735845962863 -0.235660530631337 0.060703370886723 -0.0647740073456953
0.0775673599884621 -0.179106148114166 -0.0537415438214769 -0.083869224701408
0.119380670069227 -0.11839521975084 -0.181976795648616 -0.0593906566441092
0.133680366256312 -0.0620175440125657 -0.257175811613839 -0.0834038386691255
0.120907282266028 -0.0286950781008958 -0.242372011319537 -0.236662786724379
0.211423719386786 0.0377606204865334 -0.004222322175382 -0.360845256670051
0.14281778229882 0.297630302031728 0.33517554289178 -0.229741142174649
-0.138575406609283 0.182755719053972 0.459716379145259 0.128700433116094
-0.0158433893407365 0.292523718752175 0.292773740965527 0.699275721634943
-0.234009221658449 0.479284277040957 -0.315989062082924 0.738977859770713
-0.103855282109532 0.74263613701487 -0.0519986974246656 -0.0488069204669437
0.294467100851009 0.439068637589643 -0.38993954890786 -0.247396700270223
0.218103345816834 0.0793079128242398 -0.475826444656463 0.265780801964217
0.230856793591481 0.113664526275547 0.113543110141188 0.456671719280205
0.269057886113508 -0.107705369198701 0.288942878870426 0.0530312491826066
0.111030357819058 -0.148341679047317 0.145046623484812 -0.123615726819162
0.126679695716409 -0.103792335253697 -0.0144879510925034 -0.145468440026562
0.186664371247751 -0.089575919239598 -0.129393020187431 -0.101355222399084
0.203887504910898 -0.0532210533534296 -0.18316951110344 -0.0965425623986006
0.189163818975624 -0.0207935873536564 -0.169423609799505 -0.199662932471313
0.247848489918148 0.0848618823922973 -0.000559302602738573 -0.273804458921335
0.11798452926691 0.293760965230722 0.195846562885239 -0.21051053117465
-0.0630925077951139 0.163546921699989 0.410265990409532 -0.0805310112430602
0.0944558928002012 0.314359052149305 0.460605365120955 0.558172657532068
-0.141944630856296 0.658107581910407 -0.202208980155907 0.57464137725902
-0.24772757395673 0.815683774903404 0.0615004805957068 -0.328190439571192
0.239836116042193 0.58361495506435 -0.324648269826341 -0.421590091108749
0.289541185729713 0.111210434383968 -0.558132205035393 0.0469538096670798
0.19969925258035 0.0492044272348403 -0.058300248903223 0.470753889479417
0.155537357055573 -0.0690763038984238 0.285995706890064 0.133492586314977
0.0698568180152995 -0.0282130095902301 0.196281061479106 -0.107174110856532
0.161668090218369 -0.0123708341921161 0.0390913321370467 -0.161170611903085
0.226786079576601 -0.0482109614736147 -0.0530003478268336 -0.130868046489818
0.23121153877536 -0.0425324229223902 -0.0943072498737635 -0.122660802027246
0.208489106109655 -0.0227233211489228 -0.0555855056569478 -0.188821662916911
0.229343170249113 0.0880727470084393 0.0766819542171497 -0.172706193247437
0.0738297400188853 0.198230555695727 0.0720692297007144 -0.0989328128119115
0.0557188301012294 0.0821756859396768 0.291010711231847 -0.239778064240125
0.217791223729895 0.294928084771341 0.495298067717453 0.408053952789467
-0.0265837496673123 0.75577988806535 -0.133310571123048 0.336707243631101
-0.282562821088274 0.748698180532526 0.235719412767879 -0.544240135579117
0.219771201320735 0.541282662251682 -0.143237576575096 -0.540506960030758
0.237728962523238 0.0518980773459746 -0.506653183633496 -0.225864546295506
0.0949582416722359 0.00814781724401446 -0.226535252601823 0.360005427480323
0.0269124717769684 -0.00477298136987795 0.178987601952267 0.205484344952583
0.0375191805291589 0.0905778030100391 0.210834930005095 -0.0209492334548875
0.173740709048383 0.0660979393713532 0.108143601155214 -0.122234587802787
0.232582626364232 -0.0010616880733763 0.0307371399569646 -0.141754707457216
0.217624624933748 -0.0131555528804558 -0.0121858126935085 -0.154612043885085
0.162269503536099 0.00638532040350997 0.0493211657635391 -0.204058345813368
0.122103979075689 0.0700735778604854 0.179700655972953 -0.101800831311169
0.0172527236077254 0.0322734770211013 -0.000493141929387747 0.0209466995935586
0.163413668811848 -0.0057973628836961 0.188884990128048 -0.279473752120574
0.315037176004383 0.225045650444128 0.396328324574282 0.286623697617107
0.0642834034888644 0.757660200428515 -0.111904893723278 0.0567072970960859
-0.166009549080351 0.592488487583879 0.399981235776784 -0.681921435255699
0.243728389516275 0.304768032553993 0.087091469620307 -0.61007882016423
0.104021011755137 -0.0399801391866527 -0.391654299049637 -0.466045333933643
-0.00698942943519186 -0.0278427683797709 -0.365542407297218 0.192460350728357
-0.0765117367674008 0.0541386485423909 0.0322200569762656 0.267597588191826
0.0199292302152956 0.161946270584166 0.20623763753899 0.0936748411601439
0.158038292430543 0.113298371647019 0.178397703948644 -0.0623229598061795
0.202979744169982 0.0477884381583436 0.110554548096485 -0.132836663705932
0.168496369446967 0.040619059278991 0.0475506772147536 -0.174920715076656
0.0754059464523892 0.0680981419834479 0.113768204592359 -0.219845760077962
-0.0349132260156571 0.0531880743547471 0.242750265269946 -0.0640057399347081
-0.0392919120102803 -0.116847365693222 -0.0343313973145186 0.0761645173333951
0.191544086574989 -0.078931867454366 0.134716879632243 -0.248364907170337
0.367620985953062 0.145257906901434 0.232549203313672 0.173371510699825
0.0799034962035485 0.661165881630343 -0.107281034239442 -0.204987875513245
0.000814883876881358 -0.472380402198872 0.0935105097976138 0.402536761082214
-0.343841632337059 -0.121845124270381 -0.0970632883435712 -0.0625120071202619
-0.168758688185441 0.148967578961299 -0.0886701469111007 0.225543416877369
0.0716972604995277 0.197602601807043 0.0803489330177453 -0.0611869629840292
0.178573343515443 -0.058149126834288 -0.228597271911181 0.0279635429028237
0.0204879211116324 -0.162703135905136 -0.12397839157115 0.207480208385671
-0.0917360966236423 -0.125745086978895 -0.0765348154959309 0.148694432732951
-0.136519628343977 -0.0957603356732232 -0.161692586577131 0.0842835557463151
-0.125644997514016 -0.115724497557793 -0.249523280363163 -0.00416616500311629
-0.0282001088344037 -0.168893972278673 -0.21582374005645 -0.194365556218653
0.136613284757924 -0.097309239138912 0.0506734107305603 -0.308396046379026
0.10385460516816 0.0876196854403497 0.437490623283688 -0.118571066036782
-0.0286814780874424 0.0876599861771316 0.388745857603001 0.543816645163688
-0.232114962468923 -0.000479346248342914 -0.195264139068178 0.720685799111724
-0.034179236638873 -0.347426660737392 -0.477925168535216 0.779809283966379
0.0755210943813328 -0.182104062144746 0.0364831480602288 0.477817202024511
-0.204165350301265 -0.126678697005666 -0.125369482756692 0.0353375947395179
-0.168020763446518 0.181483265528049 -0.0744153702179162 0.282288589697488
0.149380721144812 0.245424395151246 0.150694913421846 0.00862917314446956
0.293692150502992 -0.0854564558462529 -0.14144991385577 -0.00306996932859141
0.0938673803176516 -0.234952251631035 -0.0949057877660421 0.144165380711957
-0.0305256773743233 -0.183737061000581 -0.0852306713386744 0.0953448582241859
-0.0554047809071723 -0.122714609534186 -0.201029375796791 0.0443927177525897
-0.0543716810143775 -0.100436372199116 -0.291415623448631 -0.0492485606158693
-0.00592294624893807 -0.128004481068047 -0.240394756616101 -0.258525300963587
0.161290422339008 -0.0916152952827217 0.0776457928764658 -0.359528870667562
0.143883369265142 0.172729633638719 0.452744828102372 -0.106848847217038
-0.072091867873775 0.102409327052918 0.396388720455848 0.485504135328505
-0.155159470605379 0.177313708248997 -0.134175933246133 0.78938561591268
-0.186228246691588 -0.047339715590233 -0.502651116000058 0.829375432128663
0.101899934999471 0.173423715423832 -0.0344614962489799 0.416955719656809
0.050339066320794 -0.0398790775414122 -0.236055052829354 0.0297805779503719
-0.11110245024549 0.110179469669158 -0.1599380917138 0.370342600630441
0.188272447906047 0.250380992991245 0.223494664412193 0.153275099540831
0.35423926929888 -0.111072459254586 0.0154555401550491 -0.0266228400442388
0.134877619953701 -0.266914987346652 -0.0281157601551765 0.0399052251769997
0.0261224429483413 -0.206029909584973 -0.0790586339396714 0.00778461724003105
0.0332861636379649 -0.130736352364985 -0.208652430760069 -0.0056868599125384
0.0383145433542582 -0.0798183898470032 -0.29672722647046 -0.0718691772589388
0.0443747876480123 -0.0725925045502005 -0.261683046375879 -0.266218060534459
0.177986047166967 -0.0385079011519931 0.0401607336684876 -0.389327346493744
0.159664206601187 0.245675029126375 0.425497894130646 -0.168938775079643
-0.135083421359576 0.155040775173068 0.438027450578641 0.333297103909443
-0.087799870660516 0.253578650620858 0.0698170204229926 0.784802735630913
-0.25586049108956 0.240378650223874 -0.430919738834158 0.827972226167355
0.0333448736385341 0.512636709038057 -0.0788411354679888 0.224550212805842
0.252077356401946 0.187637484400583 -0.344731266807865 -0.0754815631580071
0.0550107425238244 0.0498272304461585 -0.318584744744159 0.378389697166925
0.215942324578794 0.189293597911578 0.217487628086252 0.329299805248228
0.343832815684303 -0.122499682565621 0.183588989333464 -0.00967837327270205
0.139297124183241 -0.237761328647239 0.0607863735418969 -0.065649729868038
0.0790537713018743 -0.177369646946707 -0.0554858071227183 -0.0837515452036984
0.11852433935808 -0.119558642315836 -0.18406810877711 -0.0562170456613076
0.132596332139631 -0.0638735135589533 -0.258794294280734 -0.0819716693993587
0.121394461262753 -0.0310202631359169 -0.242640059712671 -0.237992300929516
0.214126105590428 0.0344009065644249 -0.00790729555478246 -0.362366128799404
0.148693767309326 0.297905427744722 0.334041472760523 -0.235215771774654
-0.137647272700245 0.186328854148632 0.459197766025686 0.134541502567984
-0.0126454149424537 0.294928891350898 0.301828405988769 0.699320768168983
-0.232918366312018 0.482684093329636 -0.311498640209936 0.750122988316152
-0.131130164047107 0.732198687836384 -0.0512493765977207 -0.0491266444156526
0.29943638958718 0.438698670428794 -0.392495250869026 -0.245368427958064
0.22097486805447 0.0784107489651218 -0.476413558786509 0.272331785968271
0.234389743955643 0.111536629950853 0.118718106212611 0.457749433503346
0.269134984467475 -0.112867448834159 0.291160975955349 0.0499546087111538
0.110537776854943 -0.15165517924171 0.144809734961566 -0.125488246082193
0.125777598428283 -0.107275203078664 -0.0162591560600468 -0.146070394031547
0.186434723613777 -0.091728928298358 -0.129981523383618 -0.100445100241189
0.202627557724975 -0.0566096313680389 -0.185420129800336 -0.0947607124072036
0.188952817147573 -0.0232988731952567 -0.172838603567305 -0.198801561633951
0.251724588125153 0.0823953971975352 -0.00495873527884104 -0.275279294099611
0.123480969421248 0.292984923878055 0.194359081545576 -0.214014104942507
-0.0615625453037781 0.165624551432939 0.41162740820413 -0.0851940562779621
0.0970879162515259 0.31554924720925 0.46823774020816 0.556142459715489
-0.135471269909657 0.662512202871082 -0.198139614642043 0.581945078234289
-0.268394568870518 0.800276989132991 0.0664760094697419 -0.32708743408863
0.248753408298228 0.584685869347694 -0.32914276749466 -0.421867699612443
0.293867899744809 0.107831631896815 -0.560583495184983 0.0512759404477875
0.20275887779513 0.0461189863746578 -0.0467898824446482 0.475416347728858
0.154702587679366 -0.0710092144855219 0.289730817350819 0.128163381174599
0.0695171278055159 -0.0286284909948021 0.196117281658235 -0.109922214686549
0.161534702112971 -0.0119441569332889 0.0393763125585575 -0.158408247785261
0.226085403436941 -0.0523419507679046 -0.0562959718231658 -0.131516505184412
0.230884002675252 -0.0476795835962687 -0.0964774697452367 -0.121876879763088
0.208477272375619 -0.0284207325335555 -0.0634180085588309 -0.189958739925175
0.229862081775906 0.0892032473647552 0.0752101535572035 -0.175548778732018
0.0767946859721587 0.198422721994719 0.0714865878530241 -0.102188591777876
0.0585366121779858 0.0835497494419714 0.293119727809051 -0.234258233459889
0.2181751104869 0.295135184822244 0.503049215153668 0.40686735027755
-0.020974410047955 0.758862540418984 -0.130517533522975 0.339151409736408
-0.296665500387202 0.742407074190903 0.236120299635397 -0.547465827529079
0.227126536492747 0.543226500463634 -0.149437105646016 -0.542529137547265
0.239036488725315 0.0488836968877069 -0.512415913205975 -0.222712315719143
0.0960784884933487 0.00786779904354268 -0.225920567274532 0.363620213225508
0.0281159119755888 -0.0040136270985422 0.181551885354995 0.206085645638481
0.0379761066590689 0.0895559044598898 0.211121734819603 -0.0229953214436751
0.174936526265408 0.063551904513457 0.106143147810935 -0.124825473499227
0.233177531087413 -0.00312497082106194 0.0300737724360154 -0.142795885185507
0.216973402741311 -0.0152026134804202 -0.0143526375524359 -0.15541468119807
0.16170583950416 0.0042968301262933 0.04581062187445 -0.206574533746739
0.123014121815009 0.0699018237527126 0.180324403871559 -0.104216211566347
0.0190889053477228 0.0331419941687239 0.000362431742708107 0.0217405589363595
0.164106796332787 -0.00700061127947832 0.187204697184405 -0.282422056057198
0.318494515925149 0.223526218192644 0.401374475160391 0.28462078793993
0.0748696584862547 0.763588010508807 -0.11289147157846 0.0575450765919608
-0.18035207492374 0.584225735698937 0.409962163840952 -0.68014592746464
0.246422341470724 0.302659193229136 0.0864322201690022 -0.613245755166599
0.104061532216997 -0.0412661329369032 -0.400270660262462 -0.464249074656142
-0.00745112195699007 -0.0278184557512945 -0.362951352057068 0.205841962191026
-0.0766861395886931 0.0546516334053354 0.039203985651438 0.268322646710324
0.0222977615789549 0.163018821623914 0.206628850129369 0.0936614423031599
0.161172538791137 0.110745961198076 0.178558397011189 -0.0555806661422122
0.204568002279064 0.0445379050397645 0.109767109765087 -0.133151743081427
0.169790282346305 0.0391935923973597 0.0449752564261085 -0.176234343942673
0.0749790532125665 0.0685562526433124 0.107628096355211 -0.225218007023469
-0.0340615699101309 0.0535102012479147 0.242819045864604 -0.0687169551435932
-0.0405411825788248 -0.117088325827059 -0.0328306217944638 0.0765234036112289
0.192175301420098 -0.0917917783018928 0.135107084580896 -0.248770092761522
0.375159796558333 0.136071105581287 0.237281899291876 0.169425981624577
0.0900233627644605 0.665230741136832 -0.109537896853872 -0.205544583322113
-0.00429477975505092 -0.474270440569767 0.0981393981260445 0.402641874625614
-0.347332760276381 -0.119119625151865 -0.0982434753037202 -0.0607591162773332
-0.168287433835825 0.15185261212744 -0.0861667822423028 0.227088113735674
0.0749825973701375 0.198187927888468 0.0798724995095848 -0.0616635811255173
0.178027851557451 -0.0604182238064837 -0.229472461319096 0.0308776184196675
0.0177138732374795 -0.163853146633694 -0.121646719834067 0.210563249447003
-0.0939377148077162 -0.124783733726113 -0.0745320074305802 0.150637682479413
-0.138763017565171 -0.094907475016234 -0.161397168746125 0.0863864810108748
-0.126762072224368 -0.11416984824715 -0.251016522440319 -0.00135530914679881
-0.0303576846879671 -0.168866389142312 -0.220108750034772 -0.193513382247264
0.136231630164343 -0.0994387820835469 0.0474987600740875 -0.310460455803649
0.104760093819412 0.0861587851070107 0.437109329980633 -0.125990349469083
-0.0279176960226003 0.0882118788634041 0.396121692452964 0.542407837670773
-0.233423310466353 0.00217919134992384 -0.188580439899182 0.726129120996318
-0.0390731865351365 -0.349149189869797 -0.474702027239353 0.78716811540158
0.0742700386029151 -0.183442653282929 0.0399353117225957 0.479510968525126
-0.207056785781696 -0.125015147185162 -0.125476006158657 0.0374059293547714
-0.167320761307193 0.184040852369884 -0.0725233814517025 0.28381437141943
0.150677370811274 0.244578876644548 0.151313442787219 0.00682274136473242
0.293867325480417 -0.0906483697562666 -0.141466146970597 -0.000607425364598524
0.0902084687567423 -0.237206842796658 -0.0929689116936476 0.147522969003838
-0.0334979955170116 -0.183481576611966 -0.0845504448369653 0.0962648984460151
-0.0580545564728827 -0.122672402924233 -0.200099091835476 0.046952736189731
-0.0560487588302456 -0.100123993009484 -0.293738272560337 -0.0452249215681594
-0.00815852976013615 -0.129286395804697 -0.246468182567815 -0.254979269507681
0.161617195191236 -0.0932830057459343 0.0739233426502834 -0.362111833058143
0.145942378103177 0.171296141477331 0.453001137721551 -0.112988271026368
-0.0716436483429928 0.10513806144655 0.404455519233396 0.48494577409436
-0.154027466693366 0.181339408642545 -0.125657412880039 0.794406867223847
-0.18850468789006 -0.0446381562358165 -0.497149027663517 0.840735232472283
0.101146386960494 0.173593425408926 -0.0323431662206356 0.418404212860659
0.0507531144323213 -0.0408719948881728 -0.237366391390695 0.0329899350222563
-0.110432834570246 0.112886375060685 -0.15862920591797 0.372930680900055
0.194007554091772 0.249684337976852 0.226018402697255 0.151598540067762
0.353999273237902 -0.116819966815993 0.0152213812704326 -0.0261241042814131
0.132032104804054 -0.271017839665821 -0.0276330375012045 0.0407885781475029
0.0240268620056667 -0.208514413686956 -0.0789224009068983 0.00906757533515953
0.0322974463600768 -0.131635117971265 -0.209035697891611 -0.00368697404238509
0.0382980947041583 -0.079922893209414 -0.298461636499491 -0.0674010221830471
0.0440398218780879 -0.073650768479017 -0.266419944032351 -0.263469221953022
0.178596692345487 -0.0415736118466917 0.0363699990880662 -0.391445154021662
0.162625216605215 0.244991554522442 0.426032909319514 -0.17525460324394
-0.133598457590162 0.157775692506672 0.443266121190568 0.32979515498635
-0.0852823358954166 0.256468550488689 0.0769726627684978 0.787464204997649
-0.255467478045078 0.243116760519403 -0.426400258745198 0.833970274024707
0.042230810023362 0.516083910343409 -0.0758842656213354 0.225948952438513
0.256710203372315 0.185565283403176 -0.347036120037171 -0.071924799340257
0.0551250589054296 0.050820130346736 -0.31605592394555 0.383568326633175
0.219739976368781 0.187987418843579 0.226878945647323 0.327705729718207
0.343639477196605 -0.128467509610854 0.184176457305383 -0.0111807928458028
0.135501244712702 -0.24154098999374 0.0606360904344284 -0.0656384842298615
0.0795619890486378 -0.177185677658287 -0.0569015294259258 -0.0828278397931674
0.117252194940037 -0.121207090716445 -0.185985643405749 -0.0542647620728491
0.132589124348567 -0.0665655888481824 -0.261691787759093 -0.0770810463733356
0.122119168145761 -0.0388223288570543 -0.249805396624617 -0.232353024160407
0.21724056486652 0.0302447070161884 -0.0126648061258763 -0.363421541500749
0.154541581288419 0.296428408820359 0.332492862204776 -0.239473715675796
-0.132001583943202 0.197131518972659 0.465367243025977 0.127883191597755
-0.00811830234057038 0.299957913487877 0.31255703448173 0.698760253125477
-0.227510308449478 0.489939533785095 -0.305043570429912 0.754486784528394
-0.126633177159187 0.736521205320638 -0.0509981308061173 -0.0487837723080296
0.303795854260429 0.439956001862333 -0.398095067104554 -0.241139071859868
0.222826910732451 0.0765901253001298 -0.476899313053522 0.278004573730622
0.238435279906792 0.10963857198565 0.125606474623623 0.458370062711594
0.271658443958533 -0.117980682350836 0.292803653084123 0.0470928565333297
0.108437851737065 -0.153665782519465 0.144914504757254 -0.127647064644948
0.124232863930737 -0.109246798357599 -0.0177160601116389 -0.14630074604705
0.18488354081054 -0.0950080369084492 -0.132585526514915 -0.0992526778515548
0.204204166165821 -0.0603805808550741 -0.187609816286219 -0.0931360349397262
0.190041461271928 -0.0252385910569146 -0.176163613646943 -0.19766993779938
0.253884174393629 0.0789853990160824 -0.00796136496114469 -0.277291042366719
0.127844751532968 0.29426751005949 0.192978232370563 -0.218185737878249
-0.0596582187119448 0.16822682428411 0.412517534945399 -0.0899954163325421
0.101324738535705 0.316166441243865 0.475749233607115 0.554700810678398
-0.129910791960239 0.666896116193566 -0.192833127683624 0.586003390679229
-0.240894407379848 0.825132369931542 0.0613070900126484 -0.330503964464998
0.254995872045744 0.58615148402387 -0.336676489743699 -0.419764398885316
0.29171926624502 0.108788387063004 -0.562564339538239 0.0595690933491493
0.200955787714085 0.0489745674590268 -0.0347405110520011 0.482874062702853
0.155627785712373 -0.0727823620331775 0.294419806731321 0.125274965069084
0.0687439422023584 -0.030370834283301 0.196206580240035 -0.111831516439234
0.161222641897672 -0.0205768514912372 0.0381981926582114 -0.15830667692975
0.225833110192302 -0.0579121623326172 -0.0582732353430676 -0.130019777548698
0.231932538837501 -0.0495397724481009 -0.0967013293812451 -0.12133266656487
0.207485949891491 -0.0199729665531 -0.0664430854214421 -0.190617795075464
0.229781788449216 0.0869317380966285 0.0735048913081323 -0.177884810754639
0.0835241631027316 0.19764568267592 0.0714429929670371 -0.10392131418055
0.0662702723762848 0.0858081411702623 0.296097262895953 -0.229394130427928
0.225586044042851 0.293117008572473 0.507283625438934 0.404046115295317
-0.0071090170294224 0.766534188168955 -0.129670381176383 0.33988498732402
-0.259731719475655 0.774102451154435 0.230316481356008 -0.553309275323447
0.235240300167047 0.542541033070403 -0.155164448704349 -0.543861889857001
0.240431777928996 0.0470193403081914 -0.516469176816391 -0.218128929151379
0.0975706113524256 0.0060934162613578 -0.221863252260823 0.368184116026539
0.0285691585884353 -0.00546264692555352 0.184859070867546 0.20380064630075
0.0386940628046093 0.0886001028110546 0.212131366572827 -0.0263465266371234
0.17722257044094 0.061007343587606 0.104525465822426 -0.125632013543858
0.233604276320503 -0.00683480415977483 0.0278998755569442 -0.143359673549175
0.217076073858059 -0.0199140656276655 -0.0164777612819058 -0.156186028878221
0.162043483159524 0.00170716940296454 0.0431694530231193 -0.20768568631351
0.125184759100883 0.0676956977612852 0.179934333505107 -0.107475283839919
0.0197274894161044 0.033157160277257 0.000543342519680827 0.0193900269657274
0.165387358906826 -0.00905571150962573 0.185871812929551 -0.285769231246666
0.321493070853026 0.222370765263936 0.405584345168263 0.282161611925349
0.0792502722373661 0.76557388933229 -0.112466616899058 0.059464777125825
-0.16090590061498 0.597735646749498 0.402833679799019 -0.689754165043271
0.24687599819622 0.302962542106042 0.0807694929032589 -0.617631142833422
0.103701082553388 -0.0412250839204096 -0.41097199384748 -0.462070217220978
-0.00702303351290688 -0.0277119500615852 -0.361617332871574 0.214030694143642
-0.0765472247145077 0.0554403186614587 0.0416196194811978 0.268569318457125
0.024956221046216 0.163044749766102 0.207035452920621 0.0921556676576816
0.165212879704824 0.106127103561382 0.177897981068309 -0.0585171872053906
0.206308543869858 0.0422576622237016 0.108607001589317 -0.133175672685627
0.171781218448477 0.0378653030527361 0.0431242482094598 -0.176459042824407
0.0744403006923056 0.0693472258005804 0.109230004579206 -0.223468629105954
-0.0337168507554682 0.0548295553397285 0.243483066642465 -0.074446352676029
-0.0435445792131565 -0.117042179972108 -0.0331118169903152 0.0769757556284989
0.191881344957765 -0.0939235723671452 0.126799949239536 -0.259237114850928
0.376406789150853 0.136025700512702 0.23889220937064 0.169955823276336
0.100215482132733 0.667151451036752 -0.111979394158952 -0.205434757650128
-0.00873219948055871 -0.476163968768369 0.101313454754948 0.404114270838003
-0.349754187385307 -0.115287476097539 -0.0989935032897399 -0.059954121045832
-0.166829229387109 0.154753527778258 -0.0842829676556311 0.228700408049043
0.078412480473754 0.198406624874386 0.0788586907340919 -0.0622480375901699
0.17791877268074 -0.0638991747578661 -0.230660268510908 0.03409349493037
0.0169076721493039 -0.165189364139854 -0.11983070626327 0.214892248890812
-0.0964114854358413 -0.123884620167921 -0.0727601101383397 0.152399616872361
-0.140278594022858 -0.0936170309192371 -0.160378513470122 0.08905243472639
-0.128721494378799 -0.112746628846752 -0.250446281699496 0.00269848464705325
-0.0325224420031511 -0.169119647859981 -0.223078945271546 -0.190039276630019
0.135342851535738 -0.101734125762951 0.0446792715969577 -0.312647631793837
0.106081383076695 0.0858224867822984 0.437989955912488 -0.131214724767927
-0.0271680007884765 0.0889155988225308 0.403640987156583 0.540277990504642
-0.235139956299195 0.00548341508515946 -0.181348597187328 0.732196463496442
-0.0427431607436284 -0.350301064970025 -0.468104935739549 0.795793064301639
0.0674430767525161 -0.18645517599783 0.0475333377936876 0.481531214180716
-0.209024874651937 -0.123794719764427 -0.126161797611749 0.039332447465245
-0.166079990143735 0.186804204449783 -0.0677384093614988 0.286294443169715
0.154686549740913 0.244548086773003 0.151460139621322 0.00492523867749236
0.293739741595259 -0.0951413398330022 -0.141660821513753 0.0014562235689197
0.0885032841304391 -0.238904309360121 -0.0906198792627537 0.149530588678155
-0.036341012139197 -0.184819072138328 -0.0847672195926482 0.0961278313143446
-0.0603296109891126 -0.12261678032546 -0.200676400289771 0.0484467416951002
-0.0583749336092563 -0.0997499293218801 -0.293820838590842 -0.042909536004984
-0.00872622815900867 -0.128803319967271 -0.252220685157125 -0.251415301542208
0.160918767904652 -0.0949790762483318 0.0698669866580472 -0.364473961335221
0.148311912812452 0.17009510630534 0.453498735015718 -0.119474269684547
-0.0701043225757155 0.107760747657321 0.416089066126366 0.480986434336594
-0.153098713748969 0.183296296441218 -0.120299018528502 0.800152602684037
-0.190069363629498 -0.0423056607051314 -0.492446863820158 0.847692581402859
0.10033036522385 0.173169594392644 -0.0296261372158692 0.419562832932996
0.0493032515210826 -0.0406908138542431 -0.237426595430983 0.0364437487184474
-0.108811725326829 0.115911924567185 -0.154329679694203 0.376276848119238
0.198564955998352 0.249362502226744 0.228774730168666 0.15004722179583
0.35420739130795 -0.122707126957038 0.0148929677494496 -0.0268138864355778
0.128852759995725 -0.274056402852012 -0.0265506968717043 0.0418779461778652
0.0196707460187138 -0.208512656285586 -0.0786125480108589 0.0100032153173039
0.0299912080897992 -0.132796253756848 -0.209699195771526 -0.00116518038934376
0.0362010653412236 -0.0811235192275638 -0.299471286528569 -0.0644856660195446
0.0430564623446356 -0.0743484423930908 -0.27041858383125 -0.259735450899908
0.17786993258099 -0.0436592738320547 0.0311343954334851 -0.393624168432842
0.16800224938598 0.244293901309524 0.426438178513709 -0.18137737971941
-0.132032153081463 0.160059033659886 0.448895214235397 0.327500497921463
-0.0836294571187744 0.25869485160646 0.0833802500921886 0.787375606838768
-0.255020601799952 0.246745252045234 -0.419378502367043 0.840103885331245
0.0301762390008541 0.511500001020231 -0.0752522326459963 0.226662769370085
0.260158708407638 0.183404179912078 -0.34950789690748 -0.0695619029775893
0.0548315188380981 0.0507414672569989 -0.312886317370563 0.389955589091971
0.219006459086063 0.188897742695939 0.229549153188456 0.326097242291046
0.343382874810769 -0.133062580137285 0.184889308772498 -0.0136150293727101
0.133289695974987 -0.246128484497019 0.0606324332534601 -0.0674710698136906
0.0730173863549112 -0.182670278487797 -0.0575450796633631 -0.0833522199337261
0.115318678761282 -0.124279745284352 -0.186446603991586 -0.0531802363277551
0.131486731626012 -0.0686859994920919 -0.262436761522958 -0.0747532481672715
0.121827314609614 -0.0388288580448874 -0.258338596914649 -0.226549471850928
0.218812624131011 0.0272031231800184 -0.0178139237780913 -0.364930893322057
0.159445067581961 0.296329804169691 0.331351669027321 -0.24429013441535
-0.129723680669142 0.201124815289275 0.473444600355693 0.112455050118299
-0.00722913316807553 0.299061609808257 0.318654791162522 0.697764646042343
-0.22371407526486 0.496322237484962 -0.300708035380563 0.758968326149609
-0.0842889501690622 0.758983617287883 -0.052722344128574 -0.050064259098824
0.311203483827412 0.438165339525598 -0.401564718492913 -0.239077246652721
0.224520360349373 0.0752326525950229 -0.474515339482695 0.284585329097907
0.240640891497298 0.106454397995996 0.1311062957327 0.458385821433737
0.270601343087036 -0.122124541062982 0.294240980775077 0.0449827485396783
0.107063879411351 -0.156486321195141 0.143291913315143 -0.130289808353565
0.123299106689917 -0.111340062639479 -0.0204684229294098 -0.147266433150915
0.184622493660264 -0.0978829561889392 -0.134905524200499 -0.0978577460105952
0.202731413774162 -0.0638651959160744 -0.188919241312949 -0.0915141799815215
0.190071523029627 -0.0282289161919186 -0.179522420998355 -0.194726073329471
0.255697765339162 0.0748965714168033 -0.0110742884952825 -0.278306236628443
0.133723854967515 0.294031823285164 0.191072527957768 -0.220610402218107
-0.0574540634323334 0.170639505774657 0.413750165853781 -0.0945711924445945
0.104619787205178 0.317899908460755 0.485195928816833 0.55131346588632
-0.124807246855838 0.671882227389448 -0.188268598076619 0.58870896587275
-0.20219108191988 0.847993566993415 0.0532418317324555 -0.336741991172397
0.262406836808395 0.584574675422272 -0.343331413301383 -0.416780316476596
0.293182117847154 0.107507852587893 -0.565349980779656 0.0676002621267719
0.202710021977276 0.0471161190732424 -0.0375682050565982 0.480572303783604
0.156117513725904 -0.0765993656224229 0.293467583359112 0.125850011233693
0.0692766778982829 -0.0318629528310137 0.196140692010946 -0.114675415737205
0.161449792339824 -0.0246938334733207 0.0335485342290964 -0.163947710501991
0.225327277621385 -0.0589394420501013 -0.0595920972625182 -0.130015233403535
0.231437913989233 -0.0511280525085415 -0.100726868384829 -0.12048566412237
0.206439252357339 -0.0211624323830316 -0.064260735121466 -0.18861189448945
0.235320387865177 0.0806170889802652 0.0717244068014897 -0.179210445037736
0.0879576248510641 0.197270649295838 0.0703657082379593 -0.104308886324662
0.0664197979982847 0.0859282566514861 0.291568101736801 -0.243588409607219
0.231948130402537 0.29315309228131 0.513562845645418 0.402111123306201
0.000450256239206005 0.769560048003996 -0.127368583082315 0.343941301563586
-0.22459066596263 0.796785348713401 0.220358309259173 -0.563398411776569
0.241008880671166 0.540788612178718 -0.158982303448817 -0.543491376313119
0.242093787272978 0.0450877158202943 -0.521307693531196 -0.213901897979536
0.0979576303335914 0.00454782970450179 -0.219028379815912 0.372499793949831
0.0289947869462199 -0.0068786500391011 0.187694953188652 0.202907980807866
0.0400259112483157 0.0881828233621508 0.213666767404063 -0.0302514760057551
0.178168420299813 0.0593297406238726 0.103144948159725 -0.127573900008721
0.233501807890918 -0.00989857908923432 0.0240972404268204 -0.143955459090998
0.21768594873464 -0.0222562524541674 -0.0192337671214932 -0.156523715777462
0.162354078824293 -0.000580423734399003 0.0402810599974464 -0.208607266795314
0.126626896824208 0.0657180411224205 0.178524986232416 -0.110289877508212
0.0203949974216097 0.0330668283343387 0.00106106207620439 0.0203146635068295
0.165594182131476 -0.00976086499793214 0.183840384211529 -0.289633073975555
0.326132963120846 0.219377294887365 0.410488903969168 0.277518502011095
0.0886782464957566 0.766629196175805 -0.112762944874673 0.0606235547041408
-0.133824073070122 0.61488499462276 0.386848206416398 -0.704844555678982
0.25358156998151 0.300629645390574 0.0731748687044976 -0.620999573688856
0.104168163111187 -0.0427643225203344 -0.414355360778645 -0.461243558866234
-0.00740697613382629 -0.0278353474703702 -0.362523557901321 0.210138836815436
-0.0750529325503597 0.0570286527978292 0.0413289189945907 0.269511062411684
0.0272306308200192 0.162847960239353 0.210507586981471 0.0889442521317341
0.165390020963485 0.105654158636114 0.177345866464994 -0.0687270331767511
0.20573533460006 0.0407344376514577 0.106196930653876 -0.137104934240479
0.170888264293265 0.0341518815086958 0.0400759668994479 -0.177929542853388
0.0766505037237796 0.0675484227407022 0.109795420201857 -0.224199982815038
-0.0331350871462885 0.0556452050452647 0.242702971828433 -0.0769383090392914
-0.0458248235757262 -0.116992821858192 -0.0323338353076599 0.0778947004251028
0.192220908162213 -0.0862310618512464 0.123582397178773 -0.264014858047807
0.375666593040921 0.136368019345252 0.239914268905679 0.169133228729485
0.100278634277804 0.667512458649292 -0.11494742655879 -0.205301440260262
-0.0146019516369793 -0.478445652402664 0.106712694077448 0.404874821819952
-0.353012532532594 -0.111359487120032 -0.0996274515124307 -0.0580135501277115
-0.165473297502176 0.157348082601369 -0.0802598129812617 0.230908903096189
0.0819027074714409 0.198395515179604 0.0784494738053032 -0.0631131893920546
0.177992308998278 -0.0663893539983674 -0.230688104013399 0.0386038753778824
0.0140128148185648 -0.166198093527579 -0.116242215610622 0.216857852591746
-0.0985745575615371 -0.123911378376094 -0.0699480415258796 0.154110815180864
-0.142373463388277 -0.0926266922391316 -0.159747987753797 0.0911226695658332
-0.131101789014344 -0.111198819590398 -0.252946511819935 0.00578829412351481
-0.0354054646720243 -0.169286484074826 -0.22683650374128 -0.186173345920308
0.134959034764865 -0.104326898651948 0.0400177072382048 -0.314136682035088
0.10789209392155 0.0849777415068986 0.436873290733374 -0.134583140855447
-0.026605846015999 0.0897920111634122 0.408918225582392 0.539600154717443
-0.23535609463575 0.00850865337255009 -0.176523137788503 0.736342973630997
-0.0469177471951114 -0.350369363595019 -0.458952574310039 0.802873101507017
0.0667303438129777 -0.187932314594291 0.0513912609204319 0.484173708195566
-0.211850757352167 -0.119549623509631 -0.126084901161143 0.041835990996783
-0.162865827977415 0.190685351739958 -0.0656496914068698 0.287589994439689
0.160615960823908 0.242504331150631 0.152429149653673 0.00352865873497193
0.293983650632884 -0.0993608095666138 -0.142875588384626 0.00419431612207589
0.0845154439571481 -0.242588163106735 -0.08829834580272 0.152340694439948
-0.0402120943550942 -0.185672095847456 -0.0836923114785085 0.0978688515205231
-0.0631707483634035 -0.12251384997648 -0.199988935756429 0.05114798381199
-0.0597730984663899 -0.0984546984730207 -0.294869600644754 -0.0386940256873439
-0.0107928012295972 -0.129131121141927 -0.252980367918384 -0.250608558161432
0.159677704445179 -0.0974739134107413 0.0657404931436958 -0.366882548876152
0.151433554010561 0.169352765940551 0.45359070847794 -0.125044660532425
-0.0694903760150002 0.108290970965259 0.422496819031688 0.477176391685737
-0.15288508643126 0.184644381174773 -0.110947140669044 0.802863640323734
-0.190572658774448 -0.0414474555602397 -0.484942058221808 0.853085148331384
0.105057289844434 0.172936559306802 -0.0221734999031818 0.422981704234582
0.0491151688547486 -0.0404692534917971 -0.237497208274414 0.0391179413762722
-0.107158545050848 0.11832142185614 -0.150276671531928 0.379137200095298
0.203251072142918 0.246596958737143 0.231658425597304 0.147911277091185
0.353545981729572 -0.12772805684399 0.013646477400547 -0.0262540992982152
0.125863879872386 -0.277377862210387 -0.0249233842347196 0.0427550071467326
0.0166847225748207 -0.210508510856955 -0.0782230425103597 0.0106811396254093
0.0273305075156117 -0.133838161095121 -0.210457224662194 0.00161003910983994
0.0348579276151685 -0.0819486322241518 -0.301622820535975 -0.0612525199881506
0.0422297204458517 -0.0745440654222538 -0.275024338161875 -0.25747079661422
0.178670460720161 -0.0470930712369775 0.0252799233619591 -0.394925003827634
0.172208229086554 0.24297266404417 0.424929480744168 -0.186694499395696
-0.131092822709915 0.163959490136963 0.454968891088323 0.324358089792651
-0.0819055207163547 0.261166272579855 0.0930318971701346 0.788634729739748
-0.253750786640974 0.251233946542722 -0.413018114231745 0.846340356267618
0.0359798938206038 0.513816512684367 -0.0728795317434796 0.227620008242302
0.261625633075289 0.182087615338925 -0.351309293986021 -0.064692107120154
0.0572394796418579 0.0505507847104724 -0.308978020650844 0.39312254831971
0.223794242192306 0.186496287582811 0.230108333247118 0.325744135618326
0.342588762926895 -0.139036884641547 0.185838920619523 -0.0155485632026185
0.130565259295377 -0.249073065786515 0.0608396459981671 -0.0677536624487597
0.0685265495152327 -0.186458048097914 -0.0582784979832566 -0.0822674594678942
0.113447593845021 -0.126200088882354 -0.188179075370255 -0.0502271057383989
0.130135340769087 -0.0706611143072265 -0.263841742978583 -0.0723144524611308
0.120013070464629 -0.0349527656351757 -0.257260972865174 -0.226608288163757
0.218192004304276 0.0261116954962935 -0.0224818879681059 -0.36665344146692
0.162531293876342 0.295365144954745 0.329675538631169 -0.249917808564558
-0.13224840560474 0.195739610473143 0.475909799332384 0.113159824484532
-0.00563084727502688 0.299339574088209 0.327720764280256 0.699070865727015
-0.222914721651855 0.495605188734305 -0.294671525230372 0.764947183018021
-0.0764222467222477 0.760788851952584 -0.0531703687366661 -0.0491130919773344
0.317648458517795 0.435822131656216 -0.405263745322805 -0.235671505007927
0.2261768803786 0.0734592701472224 -0.473761804829114 0.291533815296982
0.244519649547325 0.10383456706644 0.136109682529328 0.45871312425036
0.270468714513981 -0.126992326844669 0.29533657343081 0.041629297279392
0.104793041163781 -0.159053978470827 0.142987626169541 -0.133248245503747
0.121392101220602 -0.113464685057934 -0.0224908276133536 -0.147254676919498
0.183012380346885 -0.100937868645578 -0.136195431103081 -0.0965988195160821
0.202801441463287 -0.0662364878583037 -0.191188831790641 -0.0890056588931617
0.190118210897567 -0.0309145638570637 -0.182894816926377 -0.193974817678097
0.258835834923556 0.0716723640144844 -0.015568427726408 -0.280117542453233
0.137555166062885 0.292400847631945 0.188971137074531 -0.225797724914086
-0.0563972211317172 0.172583426452887 0.415362179436261 -0.100021594883446
0.10782277620511 0.318802611609537 0.490640652892186 0.547246721397808
-0.118271316748612 0.677629833286256 -0.182602160258892 0.592562960167106
-0.219016124116684 0.83647904278958 0.0506429575009348 -0.337293323125559
0.270850386205608 0.584499261790734 -0.347275255314144 -0.415538588095267
0.298819609271734 0.10231301717346 -0.566035731799957 0.0724278864483567
0.209230592574319 0.039997165566391 -0.038775819468592 0.480626888735073
0.156057953952588 -0.0806974710758667 0.296288202906481 0.121965041899023
0.0689389635258147 -0.0326667279724103 0.195498382803976 -0.119600687583104
0.161327713768385 -0.0202620452303057 0.0294605047784719 -0.16477570205661
0.225370193938502 -0.0607510451788679 -0.0624639906050961 -0.129129591462956
0.231245763671795 -0.0566007281733026 -0.103508356418627 -0.119967608468025
0.208610648758511 -0.0349812544368954 -0.0684403157263487 -0.189272241863665
0.239236744248092 0.0760954188944265 0.0692433392070337 -0.181107580797517
0.0890372734909249 0.19748505952321 0.0693580233939835 -0.106412120890569
0.061367522283174 0.0846642273972589 0.286953326057371 -0.256113848201604
0.230382103099288 0.292967241272934 0.521502698364019 0.394097795008519
0.00149614516472508 0.766990993674484 -0.121286550796889 0.345808273838654
-0.258493155432232 0.773036407789762 0.220117625991809 -0.564106058392897
0.245747896039808 0.542452566134132 -0.166011580748668 -0.543439444654781
0.243346349677902 0.0437873401006849 -0.526464770940527 -0.210547297398563
0.0989143115500834 0.00409772016841229 -0.215203121411663 0.375732986649014
0.0288283702267337 -0.00794451147768707 0.190120932352868 0.20136894572123
0.041661814876389 0.0881466891041691 0.213382052578189 -0.0326330576301778
0.178516991686592 0.0567623916693092 0.101315026608714 -0.129982565488484
0.23448571271798 -0.0133269862659975 0.0222063518239601 -0.144852173264713
0.217716901314396 -0.025699904202623 -0.0213206841271208 -0.156656073981678
0.164083193871062 -0.00180477700484469 0.0363349815791938 -0.211008681761193
0.128469227227322 0.0643335782082504 0.17794750190098 -0.113539677578587
0.0213360354597898 0.0332770424868049 0.00126053432512474 0.0187747590054846
0.166962188180972 -0.0121802414128777 0.180905761552393 -0.293277449174311
0.329789188291347 0.216975231185341 0.415646728288021 0.272845810996335
0.0978296403655178 0.769315329729284 -0.112662210161673 0.0617457855679775
-0.146092301408765 0.60837249728457 0.383723976991004 -0.71030261473994
0.260017905680959 0.297552882343709 0.067098676491763 -0.624165643388669
0.103357554007167 -0.0442743592639722 -0.41735819514781 -0.45982182416438
-0.00737850205132236 -0.0285228304913449 -0.362655869679412 0.211228354610915
-0.0747375281250136 0.0576429829978414 0.0454124560722129 0.270635959463805
0.0284428706956468 0.163260560601622 0.21480547799319 0.0837497258307263
0.16508382911208 0.106594433970015 0.176391937070653 -0.0706087967417735
0.207377379649552 0.0383437658207612 0.103844697319665 -0.139842702892585
0.172517943781013 0.0315259784453179 0.0361490080382234 -0.179497030117656
0.0800177301938404 0.0656121233731255 0.10124790167991 -0.23100070370951
-0.0324586790269472 0.0554040674951651 0.243217245577846 -0.0796749010511692
-0.0458489891157507 -0.11644734249036 -0.031394900600928 0.0774390776361308
0.191239744814178 -0.0903268169390856 0.128070379172515 -0.259366087456688
0.383628625484109 0.128210473771876 0.244676992690793 0.165317224273584
0.108816476982033 0.669701912156195 -0.118957577149297 -0.205012941411397
-0.0208268918352298 -0.479371425969383 0.112085929246379 0.406214287764977
-0.355282538667789 -0.105864467655065 -0.100825328391911 -0.0564179486450374
-0.164209865902402 0.15950478033382 -0.0788240526302521 0.231154382151556
0.0851871272529186 0.197614366188322 0.0771137188840729 -0.0652504228220347
0.177001973787069 -0.0690349333018023 -0.230948806280903 0.0413744513927162
0.0118333664852613 -0.16738120301496 -0.112868837041677 0.21877437460736
-0.101485297958905 -0.122579463874003 -0.0682109769994411 0.154568902605793
-0.143641235585075 -0.0905365603579736 -0.158169027003176 0.0922659102325409
-0.132635707533932 -0.10949820097215 -0.251304411515541 0.00842701990300541
-0.0371853772624415 -0.168830506028866 -0.229502043278863 -0.183971513097093
0.134546713877743 -0.105764881107786 0.0354322229230266 -0.314438118501798
0.109176956483005 0.0835249799203206 0.436549470637055 -0.140540374823834
-0.0247603530212608 0.0906314524938524 0.417733261052623 0.535832577916544
-0.236760086774326 0.011152830121255 -0.167236782670512 0.741320936459732
-0.0514351488246686 -0.351417967987137 -0.453612650529459 0.810944975303429
0.06898414602061 -0.187202273961092 0.0562779488535712 0.483535655796499
-0.214957319671986 -0.115843653953336 -0.124936209726811 0.0437529436164153
-0.159617287231337 0.194917812518752 -0.0626407946331804 0.288980125624081
0.166226189265644 0.241440184752853 0.152308195513459 0.00171948771590013
0.292840962070707 -0.105093334611246 -0.143062487535315 0.00545141209114625
0.0816012655363431 -0.244533330446455 -0.0857472816977122 0.153175974535881
-0.042045687904992 -0.185464249145542 -0.0799466835398368 0.100731738017468
-0.0635554213997428 -0.121314262328256 -0.199482082922694 0.054645232034859
-0.0611596303576195 -0.0983367556961084 -0.296525112365041 -0.0336802041700299
-0.013319335966514 -0.129778391680172 -0.256097040104967 -0.246785061519682
0.159079262382606 -0.100987705939216 0.0611241223868444 -0.368082770004337
0.154551187120648 0.16705625973998 0.451772454791007 -0.130051186767483
-0.0695972791110445 0.108208686108404 0.423988615968119 0.477592738372049
-0.150861420470318 0.189152552020298 -0.10303542536209 0.805487035196902
-0.192177538485576 -0.0389586186205174 -0.475129057187998 0.860917177644929
0.111309455427877 0.171758617864759 -0.0162757423756911 0.425873227735804
0.0488039466951327 -0.040955884290567 -0.237871108297501 0.042418452681818
-0.105927252114223 0.119654696231036 -0.146296637493458 0.381116283509584
0.208737959217521 0.245065138386356 0.233968376570346 0.145619518922058
0.352998438628718 -0.134380034019242 0.0143217843423193 -0.0264636857799195
0.121269598153542 -0.281263572818546 -0.0239149566579756 0.0433382841748544
0.0137137099660471 -0.210939796811734 -0.078464857878453 0.0121485456808366
0.0258987885976781 -0.134063817662932 -0.210396780328493 0.00549181838478644
0.0332319592893853 -0.0822028181255801 -0.302158239363026 -0.0574116837620728
0.0421803817420093 -0.0760243725090394 -0.278552317300719 -0.253498916729679
0.178914187360457 -0.0494830238930897 0.021701577368554 -0.396712180776064
0.176813140602746 0.240269204035628 0.42303484082766 -0.191773357156079
-0.129329186423793 0.165259446972048 0.460577059344923 0.320105229238943
-0.0790028738097617 0.264009429563807 0.104352103787589 0.790806596484898
-0.25091065873161 0.25492717942152 -0.402292462198938 0.853936694832826
0.0565556528492489 0.520374334363674 -0.0688693563067541 0.230954922943882
0.264920946515675 0.17996644303639 -0.352163259336478 -0.0608158566437891
0.0596136340360172 0.0507657167050321 -0.30501149072877 0.399354144694929
0.234375055069691 0.181040719866236 0.237043839472093 0.323344835123765
0.341630620726525 -0.146805363307923 0.185441089475498 -0.0180755219400365
0.127755419580638 -0.250961002678214 0.0596162524152147 -0.0691913949560618
0.0695581163877568 -0.183816129953686 -0.0607708282395142 -0.0817940671595761
0.112537160119039 -0.127877878589291 -0.189917690719328 -0.0468967204866942
0.129781139479458 -0.0721146759773119 -0.266668326977171 -0.0673152437678083
0.120556026262627 -0.0384366472480834 -0.258351886642833 -0.226832138830308
0.219679131734583 0.021433913438757 -0.0283846023270073 -0.367260235611879
0.169229182523979 0.293574333679471 0.327920711454855 -0.255700847395891
-0.129910866810977 0.200001816235853 0.474077379495154 0.117244388161131
0.000106719594218714 0.303201390166648 0.336601502455452 0.694516130154945
-0.218030188125566 0.501105438576529 -0.285449066950281 0.771406959647407
-0.102700295774759 0.749359476730093 -0.0520375640988912 -0.0483526699357164
0.322755182265147 0.433644461831394 -0.408330158871686 -0.231447786291001
0.226998472431528 0.0717499708917601 -0.472021625707634 0.29679895127382
0.246989563749815 0.101167280379334 0.142134548989193 0.459404040135479
0.269994211003977 -0.131168898107979 0.29633044710761 0.0372048707946847
0.103466119614723 -0.161736022539292 0.141628922334807 -0.134957770747609
0.120348468487984 -0.115350849727136 -0.0245036442368742 -0.146744943988169
0.181173307167399 -0.103489986820356 -0.137774034916217 -0.0949644589507778
0.201009458475312 -0.0701640910472469 -0.193579567475944 -0.0868389672591116
0.189753335161558 -0.0332678129654432 -0.186541740943601 -0.191244936445141
0.260658047118693 0.0680318644246899 -0.0197689954946096 -0.279323483186031
0.143309164024169 0.291146999607622 0.187297608861063 -0.228723909960108
-0.0533862389187821 0.175216700460488 0.415262804091911 -0.104026588869616
0.111754038913652 0.317960016084911 0.498650277466748 0.543390587705083
-0.110768366728033 0.679828815887464 -0.175545766258016 0.596964836068869
-0.23686192556791 0.821055394170391 0.0553653552632341 -0.33522848818956
0.278000195929924 0.58319816067458 -0.349679075988379 -0.414433220599279
0.301350986325325 0.0988115216918957 -0.565876431462665 0.0768149591030753
0.211086570086785 0.0371583325517988 -0.0236209382416967 0.485114841607505
0.155222733178359 -0.0819452750249474 0.300463284312566 0.116382708333514
0.0693077318400154 -0.0341828835244735 0.194055084699725 -0.124084287271832
0.161434078415224 -0.0218802260766444 0.0307932974576014 -0.162196640921491
0.223833441669911 -0.065550828280522 -0.0654091380376428 -0.128943835005019
0.230400847241803 -0.0624154646229847 -0.103902417647468 -0.118752799458731
0.207639357635028 -0.0376875289193708 -0.0764522338516073 -0.18869516651459
0.238183983293119 0.0762085383714031 0.0670346976568387 -0.183030273469361
0.0922354695828036 0.196668664736859 0.0679558866187235 -0.108129157877445
0.0653931338410383 0.0857845030977244 0.288319667346542 -0.249698502302417
0.234104334670064 0.291636903830571 0.528094113629552 0.388715899354269
0.0139133835918096 0.771590831717706 -0.118121409778952 0.34878606421753
-0.268899344209454 0.765351234818162 0.216422180732264 -0.565573225810498
0.254533001753087 0.539778015455047 -0.170602709096509 -0.543401910097147
0.243966102414547 0.0412283718375139 -0.531165386176679 -0.2050168489756
0.099625941629815 0.00250306311063063 -0.210183597215025 0.378943932947995
0.0296319404583957 -0.00856047494498383 0.193283894734196 0.198633089198287
0.0437620628918998 0.0873433317323433 0.213101580461893 -0.0358664217080212
0.180185030394838 0.054630335975211 0.0989366333504549 -0.131005616604671
0.234102481362651 -0.016026711065291 0.0197793038915968 -0.145175156482419
0.217295399992301 -0.0292260590484283 -0.0242553474335308 -0.157493809211516
0.162962444674153 -0.00473659359803511 0.0334722154948812 -0.212345052650072
0.129799942507717 0.0632437638115943 0.176618991736808 -0.116888617075951
0.0221346002610979 0.0331155420463787 0.00199126799494014 0.0188142490915856
0.167697512811941 -0.013346882017148 0.178298934102613 -0.297360815036416
0.332389911952195 0.212818418547875 0.420341401785055 0.26957420590732
0.108471527990984 0.771527771970287 -0.110954598482716 0.0626288957041962
-0.156630585979998 0.600495706288594 0.387132735674125 -0.705602899139464
0.260965754561431 0.296272368492197 0.0649405190468794 -0.624267369505283
0.102543670462851 -0.0455739411498599 -0.427505180566454 -0.453923920267698
-0.00717518650513281 -0.0279644502651851 -0.357867449252863 0.225914962043994
-0.074058749431964 0.0589654503797878 0.0523092205086533 0.270553695775758
0.0312855541171061 0.162700116198412 0.214091304655621 0.0817854149258119
0.169117937500527 0.102623643627233 0.17545209115448 -0.0661719088770599
0.20866030482624 0.0338598654171064 0.102225477173962 -0.139911398140759
0.173851667088331 0.0285047774161258 0.0343136916033105 -0.179715099063717
0.0791171478065965 0.0658546276244885 0.0947083421975477 -0.236548047327236
-0.0316176310610971 0.0564914674175553 0.241783333011318 -0.0840210666256626
-0.0474129724832066 -0.115891216675378 -0.0295606128819013 0.0775990771646018
0.190447665494585 -0.102158559939954 0.125563849662168 -0.261185891150128
0.388511451366165 0.120299806648179 0.247602927495219 0.160886986616571
0.127301245947795 0.671252617260275 -0.120576225077241 -0.204817850939985
-0.0251425518166095 -0.480729588905473 0.116075580838509 0.404561804220132
-0.358268465434603 -0.102452510575014 -0.10098716844006 -0.0543910355854273
-0.161918123641394 0.162451355486994 -0.0770485341738387 0.232404319576711
0.0888815015422817 0.197476785404605 0.0769098063790979 -0.0648539780603932
0.175998439325216 -0.0717192991272431 -0.230312890701576 0.0457906556686326
0.00887942760968319 -0.168569628342046 -0.109031572625664 0.220884401641225
-0.103631909577857 -0.121653787851688 -0.0656801099728473 0.156083180918588
-0.145627119143644 -0.0884636119595854 -0.156828106253637 0.0954948353311039
-0.134476408830559 -0.107388802417669 -0.250876269717178 0.0124482968397869
-0.0393917247093063 -0.168555102027005 -0.231422759938145 -0.17983877664412
0.13310343748268 -0.107731782031153 0.0316503502500695 -0.315368097068631
0.109683339200261 0.0816744530630636 0.435381432272819 -0.146724968337855
-0.024157996831877 0.0910726573634325 0.423983744771129 0.530693620500161
-0.236870472080156 0.0149674822760789 -0.158492114199136 0.744159413699562
-0.0549667970588922 -0.351747131127805 -0.44581335741975 0.814707710047261
0.0659220063132225 -0.187893463625716 0.0626752726297813 0.484482587406809
-0.215973451371559 -0.115083501971703 -0.124816210591757 0.0451972391538595
-0.158320992966052 0.195500400111426 -0.0598036010214939 0.289978300842034
0.168463358303584 0.240735738090312 0.152884160275776 -0.000109941672470678
0.290175993315197 -0.109801488676402 -0.143244650072748 0.00825285106697954
0.0791091732992966 -0.247206364913617 -0.0828021794939068 0.155989045464413
-0.0437693227883497 -0.185293752357826 -0.0786526425017432 0.101827045200272
-0.065172050261879 -0.121212884422109 -0.1996630707845 0.0565238579275636
-0.0622722869125246 -0.0974910236738826 -0.2972369796748 -0.0311809151746722
-0.0151051586042665 -0.130259012158692 -0.261126205268052 -0.241560385146288
0.158609795784953 -0.102892469945656 0.056729253751338 -0.36901538667293
0.156383140564677 0.164771372476043 0.452893002680575 -0.136097129184806
-0.0676197589747223 0.110779721964678 0.429925164777079 0.47298120400258
-0.146822826865631 0.193020008309088 -0.0927596239491743 0.810716103561612
-0.194173302121071 -0.0350197972130462 -0.467110677103635 0.865767936495995
0.1103067331228 0.171450263012321 -0.0129194762820912 0.425098662920953
0.0486550893619427 -0.0407922214122941 -0.237948747834539 0.0458611995898551
-0.103963827050379 0.121882195656628 -0.142061285159923 0.383507353946899
0.213595613468478 0.242712263987134 0.235136676586964 0.14327176593828
0.351561551289465 -0.139590636442767 0.0135366767164047 -0.0260466444283019
0.117864312706361 -0.28240617858948 -0.0229793073435517 0.0441446115230504
0.0101859035329051 -0.21251888076797 -0.0779586883410467 0.0132238958648482
0.0235844031387723 -0.134750857374041 -0.210050156949966 0.00682121617699681
0.0319410831556709 -0.0823641725654786 -0.303705112392857 -0.052450171469042
0.0402544793446986 -0.0768719261227388 -0.283086746952388 -0.249488230965666
0.177387227344672 -0.0521726923228967 0.0156246976389004 -0.397833042736097
0.179374596883123 0.238162244217815 0.421375173995618 -0.198263734068349
-0.127611931873226 0.167553241284196 0.463646365693086 0.313926360789111
-0.0765598106879023 0.26445870617932 0.111749207154963 0.792472183448263
-0.250124185755769 0.259178230810792 -0.398106816816812 0.861521078189708
0.0627051280765751 0.521116720088128 -0.0651745014184047 0.231596401181876
0.268211360686373 0.177467545684324 -0.353836774651054 -0.0566032711909268
0.0596505047233324 0.0507406496459297 -0.301557381562135 0.402677312255477
0.235682845253416 0.178677855005861 0.244160781396197 0.319949931184945
0.339939295854188 -0.151471936465613 0.18526495668536 -0.0195788761716879
0.124509069328653 -0.254568552331331 0.0599047446427345 -0.0699357161160715
0.0685235665674094 -0.184019391490418 -0.0619820403492163 -0.0804382866842412
0.110120643398473 -0.129711834604882 -0.190047278885917 -0.0457682988831289
0.127895955143695 -0.075042428742927 -0.267133641724008 -0.0648789113581772
0.120184507902501 -0.0461350930683039 -0.265738476381002 -0.218809521671871
0.222402972305794 0.0177385065745358 -0.0328624283676461 -0.366997783211858
0.174616217876178 0.292086665106609 0.324377801010313 -0.258868505447815
-0.123285602903579 0.209764177125983 0.47730496973147 0.105602723509259
0.0037808846222563 0.304750264396168 0.344150501551878 0.691134531814252
-0.209509971832546 0.508712745266647 -0.276154922640536 0.776202760058758
-0.0933559728846028 0.753103324774691 -0.0522152621588977 -0.0485744774621113
0.32682882743941 0.431871732891676 -0.411946734082715 -0.225765832008666
0.228766240845279 0.0695869580851282 -0.468635304660148 0.302060375310602
0.249876933500701 0.0987690491753967 0.148627966174049 0.458259968811393
0.268903137409641 -0.136376179329355 0.296834096262242 0.0346465189424483
0.100686520469081 -0.164457419468325 0.140838898139026 -0.1378139737619
0.118215762207625 -0.117590924999645 -0.0264010839788959 -0.147426863209822
0.179186668214149 -0.10641627572001 -0.139078203922401 -0.092720894777623
0.200340885429202 -0.0720889295506991 -0.193796841470338 -0.0849617421546344
0.189737522444451 -0.0357951974308668 -0.189796408981484 -0.189125709665703
0.262909413959282 0.0632141883118692 -0.0224966571264124 -0.280678776330945
0.148180768847196 0.290572492961218 0.184186739908764 -0.232354462094635
-0.050820411299388 0.177139839608614 0.415461341261972 -0.110847481783249
0.115168454568819 0.318274897638234 0.505791360980891 0.535933630156361
-0.105096414616545 0.684194270173698 -0.169024774101689 0.599329281921277
-0.206040285002714 0.844383631273264 0.0500144977605252 -0.337738484817825
0.283405499228566 0.580907062106145 -0.357398826256809 -0.408998070213336
0.299522948090034 0.0989783251520841 -0.566870558211441 0.0838297627177615
0.208318967604122 0.0398723963732044 -0.0118832194883104 0.48797651828039
0.154889250311979 -0.0837048697801381 0.301492658826243 0.112686865001456
0.0677522274876123 -0.0358085472351564 0.193615538538293 -0.124344579743676
0.16021288309243 -0.0317987048232751 0.028796398975302 -0.162163316585747
0.22189717720825 -0.0704953087294343 -0.0664871080871602 -0.127289591804262
0.229491247047819 -0.0630528390984933 -0.105741376979086 -0.116814703492564
0.206580037234742 -0.0309079284876238 -0.0786189959259836 -0.188544154887783
0.239462305384766 0.0726361772045119 0.0638481196122519 -0.184390782537212
0.0982340288107938 0.195391643523941 0.0674984543836896 -0.110751139167855
0.0731721251564398 0.0868595599648692 0.28897801487416 -0.247253407567944
0.242739971714855 0.28874509546699 0.530169877828411 0.386055571508114
0.0307302323208789 0.776017021055256 -0.11570830534926 0.348408452876497
-0.228238236932548 0.79337260738582 0.208186487982575 -0.57148578839739
0.261975806951153 0.53868939312063 -0.178678060958215 -0.541195137656823
0.243985213854376 0.0383869517248656 -0.532575985016777 -0.20000237304986
0.0998362522430348 0.0010609013294336 -0.206779007195276 0.382058621006045
0.0295861761614968 -0.00910411328234246 0.19600389727647 0.196862066700445
0.0441928764730038 0.086628618530781 0.212538823891575 -0.0397242710984924
0.180795914159442 0.0513675717250613 0.0968120229231834 -0.132782394812261
0.234103647466833 -0.0194753311928706 0.0172567720902445 -0.144771091759367
0.216369867726163 -0.0329527608476011 -0.02684825777191 -0.156290013718981
0.163272187352611 -0.00603586917148112 0.0301316509975533 -0.212886781926433
0.130882151086708 0.0602782434108135 0.17506604327912 -0.120068132914235
0.0225806930901891 0.0326337401472821 0.00244110504412564 0.0188719829968554
0.167387075510224 -0.0143997890323935 0.175860636129027 -0.299547795331362
0.33537460891237 0.208667106509202 0.422170284694577 0.265613345397302
0.118515424880692 0.771537326113069 -0.111345441603168 0.0635896937291153
-0.13448073414006 0.613403758142097 0.379096340659211 -0.713098010018175
0.2626809241622 0.294042910916698 0.0567311430766641 -0.626161593525632
0.102019602576743 -0.0451284866279851 -0.436897124272902 -0.448615022366795
-0.00784879463029234 -0.0286443008204179 -0.354273676486189 0.232138751741294
-0.0741472756750056 0.0586729777045456 0.0547888654551751 0.271138139167651
0.0344497988951008 0.163596621514209 0.214314043132243 0.0812472063496093
0.171853895670968 0.097926622346436 0.174630562152051 -0.0693017214814109
0.209134505983225 0.0314980717025697 0.100022795015305 -0.140861158897698
0.17444631079478 0.0269595730238335 0.0314353070912329 -0.181165693014117
0.0785895311775469 0.066704478551009 0.0969719259975251 -0.23377761957918
-0.0306668068760532 0.0570100135228243 0.241078618543362 -0.0900014886451164
-0.0504125730843253 -0.11568796866703 -0.0288064280067421 0.0778966230569662
0.188900826009047 -0.103332710778263 0.116130623573594 -0.2699823053713
0.386414957394216 0.120421129922958 0.247286052771094 0.160247615559639
0.134068364251325 0.670723114174262 -0.122230693053529 -0.204221834999557
-0.0315630297112085 -0.481891782679718 0.120530693227531 0.404525321520661
-0.359897371440517 -0.0981261007418296 -0.100868445345733 -0.0529031280078451
-0.160151555265193 0.164690777561843 -0.0741891208781112 0.233305836362536
0.0913033599366001 0.19745013486233 0.0750564680756221 -0.0658979112495765
0.175305711142836 -0.0746438553386183 -0.230752954001013 0.0492863690188784
0.00719143247701784 -0.168498800475848 -0.105971450829912 0.22385739884877
-0.105432644027398 -0.120275199635687 -0.063412332316588 0.157164986660888
-0.147082822932743 -0.0864007650614367 -0.155614993013485 0.097082332957255
-0.135942678480067 -0.105586749509353 -0.251461315552614 0.0159005057692027
-0.0414473359095831 -0.169081326547906 -0.234003415033286 -0.176931621193141
0.132290354193048 -0.109916532129815 0.0282144250373952 -0.315069776469897
0.110241295968329 0.0804151937370248 0.432066008853339 -0.150987569511722
-0.0230331908623983 0.0909879302876425 0.429862745907439 0.527175202763439
-0.236569502190078 0.0171027546340442 -0.152681828236967 0.746811094914601
-0.0595127635980469 -0.349974823689867 -0.438323568846612 0.821398056420206
0.0594046292125562 -0.191135650804659 0.0686707826286819 0.485137147296738
-0.216503066402278 -0.113334280036359 -0.1243254204717 0.0479046782643489
-0.155519160907382 0.197671103814121 -0.0557840148391342 0.290545782066358
0.171392292328545 0.23920879604178 0.152589326580211 -0.0025548153774009
0.289894374110307 -0.112397083707269 -0.143338140986249 0.0115982329593768
0.0753892044480957 -0.248788248604212 -0.0801059025024476 0.15729114912158
-0.0485930894685306 -0.184889656471062 -0.0782390212330775 0.101012110299825
-0.0690674856140285 -0.120176299395716 -0.198271207128792 0.0583222513931857
-0.0644959597961352 -0.0962960414564687 -0.296530314433315 -0.027038506335648
-0.0157531266561623 -0.128671351232296 -0.265131397258902 -0.237961418530261
0.156443620026517 -0.105304161229775 0.0520850282529427 -0.370067296403391
0.157931446452306 0.163434189722166 0.449755925365752 -0.142246140828018
-0.066068257305983 0.112817109111338 0.440325310014463 0.465029971658686
-0.147099317855753 0.192704167431695 -0.0867186712477304 0.809923355796974
-0.195194349260049 -0.0341520111446142 -0.458432666781907 0.87131218667662
0.10800071518146 0.171696193451023 -0.00907315962219502 0.425337464342589
0.0475783684311168 -0.0414449717119919 -0.237274425072202 0.0488099585884388
-0.102621533562561 0.123169287984423 -0.138084940899607 0.385862676393189
0.217433823458882 0.240850677038249 0.237470736382306 0.140392554461819
0.349353863194739 -0.14579571820825 0.0126318310429423 -0.0262311407143833
0.114703002017952 -0.284642100314602 -0.0221764702594872 0.0446340968550714
0.00691062679625626 -0.213028059519012 -0.0775743213825718 0.0135777249533436
0.0210553663034358 -0.136394704890178 -0.21121006015667 0.00948180456455918
0.0303710402640095 -0.0830886298070282 -0.303133044467648 -0.0490921573673431
0.0399559230987043 -0.0769775977884729 -0.285765723034181 -0.245276751259674
0.177992393694621 -0.0544944446492321 0.0104611412188097 -0.397552664857353
0.182477173815302 0.236354985300164 0.419004928926916 -0.20233553306187
-0.125220713282308 0.170628128599698 0.468475416446298 0.311147585371421
-0.0733444896146087 0.266212731350431 0.119803214475228 0.789754005112656
-0.248073961436545 0.261595492668044 -0.387118808085708 0.863248297441822
0.0526401472550474 0.516545758915584 -0.0646120397437659 0.231949642675144
0.27124166938763 0.174184396027751 -0.35563189491387 -0.0531340240777424
0.0602957660151577 0.0506023679421162 -0.2969610549668 0.405035502357437
0.234323337601353 0.179888022942423 0.246291832102452 0.319028367591475
0.340241339253936 -0.154354425768953 0.184660093587804 -0.0220716404482759
0.119476017459155 -0.257832409420778 0.059637326984338 -0.0708036816843389
0.0603893597803637 -0.190164796641403 -0.0620297148282452 -0.0804497298965515
0.107078615232591 -0.132121962145096 -0.190366245993684 -0.0439368416622044
0.12666848954757 -0.076440734600519 -0.266861163723271 -0.0625131694614195
0.119538189090988 -0.0455268495732797 -0.271527051586565 -0.212221282245557
0.221807312933575 0.0149296844806598 -0.037225144787226 -0.366127110884577
0.178718359861078 0.289778537533814 0.320710262647762 -0.263112033957478
-0.121667949393677 0.211942093701291 0.483685373391067 0.092192031549898
0.00487555290759849 0.303547959033839 0.351679721499418 0.688882382918316
-0.206659229920432 0.51151800989194 -0.271722022988445 0.776867394113865
-0.0520340289050521 0.768921059875987 -0.0535321108585684 -0.0487393781220918
0.333176430970735 0.427921293968585 -0.414675993587777 -0.221283192077017
0.230859249021777 0.0673700519272906 -0.466827192312009 0.306693176988496
0.252160665730415 0.0952778798494371 0.154014049124847 0.455932035255148
0.266637555360651 -0.140946768159037 0.296823506164997 0.0310191454582217
0.0976862435880984 -0.16568015156806 0.138979847534845 -0.139736734351747
0.116058945389376 -0.119879055293951 -0.0286234169297956 -0.147011543124992
0.17721778330709 -0.109022418080082 -0.139995845058558 -0.0905225741888926
0.198585317176404 -0.0760835179458147 -0.195722403448859 -0.0813581414299228
0.188625783872067 -0.0383844693718795 -0.191923672830288 -0.187130481024417
0.263879279575683 0.0592345944993707 -0.0269086675681627 -0.280718577466435
0.152879455748274 0.288434412347307 0.182454754256129 -0.233861838275804
-0.048724148618645 0.178861275612571 0.414940416120491 -0.114706311053473
0.117873621126851 0.317484728554872 0.512533646206516 0.533425456465638
-0.0952054965999609 0.683961006105518 -0.164272295173061 0.601629447452418
-0.167086052585887 0.864269887644062 0.0392521179245027 -0.342543405383031
0.290706737682565 0.57833801599068 -0.363440795097206 -0.403458736463
0.301765442573598 0.0952689576862802 -0.565385445079006 0.092032852845722
0.211217684247099 0.0369899160937619 -0.0158955598096848 0.485472921244416
0.155262315812632 -0.0880030013620455 0.301074557635024 0.111643387349211
0.068169933593527 -0.0373689566584142 0.191944954412157 -0.126633653394913
0.159111098332474 -0.0343140520628188 0.0232139033629829 -0.165492900306319
0.22077056811738 -0.0707110752469478 -0.0689978995322753 -0.127569373667365
0.227982851424229 -0.0654435898615833 -0.109580934514652 -0.116114107174371
0.207434699171254 -0.0342105856840824 -0.0758329473979251 -0.187122140174872
0.242696555475701 0.0649212060704967 0.0613454662601593 -0.18576706844573
0.10083658335877 0.194305282821139 0.0668305616114243 -0.111498229038796
0.070323089847521 0.086676580427093 0.283052644161752 -0.26192432511705
0.244380267852858 0.285869049173383 0.535253148803761 0.379304644919585
0.0341734144354775 0.77272555789325 -0.11242737564133 0.35017591812624
-0.189205191978248 0.81214917093701 0.198895164068147 -0.576514852298032
0.266416483350935 0.536437157946158 -0.182887420322257 -0.540599397198104
0.245297615953218 0.036148731575725 -0.535596634858824 -0.192862808511889
0.100481026342286 0.00051436237499241 -0.202992753977548 0.384249587504584
0.0297491674617512 -0.0104735592585315 0.19808614523888 0.195446764713304
0.0448232921187786 0.0861949798245973 0.211991512000505 -0.0424403068098613
0.180987013383415 0.0498125405288431 0.0948977246022065 -0.134679795362115
0.232157369612253 -0.0228745878821625 0.0152678100164787 -0.145122902583868
0.216159861610832 -0.035672082289035 -0.0299269958679365 -0.156285984463589
0.162435291009445 -0.00887943549082831 0.0267207601569116 -0.213706201010816
0.131560023697048 0.0589545755595865 0.173206402671425 -0.123189253483959
0.0234607632293418 0.0329166973142977 0.00309982711671356 0.0183294675289665
0.168001996719543 -0.0166431173218976 0.172803603113279 -0.301306642177103
0.337202385139721 0.206206430690291 0.426636398422007 0.260235994528985
0.123664669503672 0.770341319735376 -0.110743992255811 0.0638535233359466
-0.109207300658472 0.623525270408494 0.359971538248774 -0.731187637002606
0.2695141842878 0.29020441482899 0.0477168250863794 -0.629054564060969
0.100663070252985 -0.0467852796839242 -0.437625612799162 -0.446965310784106
-0.00763148005064036 -0.0290970847869353 -0.355777199667007 0.226789790846381
-0.0726723377523929 0.0596538023953091 0.0546714945529298 0.270582533871074
0.036017195786833 0.163162647758326 0.215433092766271 0.0767576255209177
0.171278877682313 0.0977607284895766 0.172703606154528 -0.0771405657102759
0.208678616406933 0.0300518423747572 0.0972511401024209 -0.142491420555078
0.17332035077154 0.0240982080776785 0.0264801261787016 -0.182210494694632
0.0814361199840893 0.0642829253112354 0.0944069119164536 -0.232834702564792
-0.0296440142934669 0.0572257270989231 0.240285125843105 -0.0924896273029921
-0.0515638927174715 -0.115116282971718 -0.0281269650287268 0.0778412630579119
0.189181638020182 -0.0955049362532531 0.113494530885722 -0.272772238749347
0.385578423649433 0.11851324606423 0.249460663534533 0.15802373439123
0.131103285719475 0.668963884923797 -0.125219184687455 -0.20364557619471
-0.035621512531706 -0.481526591689668 0.123418061372377 0.40407365529705
-0.360633737378323 -0.0939236974259185 -0.102127699255966 -0.051886971210512
-0.158234739409367 0.165867823808946 -0.0720811443867539 0.233935051610565
0.0947694224444923 0.195901321325195 0.0742120535655804 -0.0661916841248964
0.174155682028543 -0.0766536016209985 -0.229407355302655 0.0519095118908209
0.0046659340611767 -0.168994429634591 -0.102651436635772 0.225436969700891
-0.107156819327662 -0.118744981288228 -0.0606824260421993 0.158141068537828
-0.148799158346417 -0.08435542407799 -0.154422904632931 0.0987813183446825
-0.137001085954866 -0.104307897006843 -0.250680040765695 0.0189528087363214
-0.043578473988582 -0.1682615987505 -0.235716264931478 -0.172928738446597
0.130164078375271 -0.111221212796653 0.0243689053807411 -0.315469780332763
0.111360576453537 0.07844237557558 0.43148616517201 -0.154706553980839
-0.0209689959557363 0.0909634790186576 0.432880235911873 0.522677143794798
-0.236725986030973 0.0208103675573304 -0.146914928808729 0.747433378240574
-0.0628710422557178 -0.349512057627944 -0.429427409146928 0.824571994226358
0.059194350880676 -0.19091071748622 0.0728389485306903 0.485164790456668
-0.219390679074813 -0.108525218909964 -0.123349568282061 0.0497919776699288
-0.152552452035913 0.201653914245803 -0.0521370086796338 0.290621681087541
0.177348442241109 0.236901716629711 0.152592415676212 -0.00339607008573915
0.287866091271379 -0.11591697347227 -0.143287537451058 0.0132962361602835
0.0713527200063161 -0.25024407807463 -0.0785759375377956 0.159088236753295
-0.0527999595436455 -0.185091357977626 -0.076595133723835 0.102384724997571
-0.0708515307241617 -0.119732116586486 -0.196797883621225 0.0617453567156562
-0.066062480595107 -0.0959205814896957 -0.296363822768745 -0.0228321532941442
-0.0167108019592456 -0.129184109654111 -0.265350385458485 -0.235613302205313
0.155735723590997 -0.106427299542481 0.0477309738381623 -0.369797802930016
0.161512249640843 0.161071521843688 0.447779231526361 -0.145229513522989
-0.0651545732637415 0.112555203405389 0.444458148414726 0.461379958304973
-0.145559602264711 0.193359203622674 -0.080482911985031 0.810625243824934
-0.194900812012126 -0.032789570175389 -0.449858868273447 0.875069323401632
0.113556466858756 0.170260309591489 -0.00362690124077489 0.426616352459777
0.0474970297784569 -0.0411661183900929 -0.237341616402686 0.0516150560920847
-0.100090160479948 0.125622439175013 -0.134480500097305 0.386457768653677
0.221164854891335 0.238064048936457 0.239313208713645 0.137627700264149
0.347837000985799 -0.14928383603432 0.0123554510866216 -0.0253947439322185
0.109737784148792 -0.287861357537229 -0.0205545346094272 0.0460011266037206
0.00392521334679117 -0.212778739939224 -0.0775892531444731 0.0151328410136618
0.0187931243056422 -0.136241536821573 -0.210156762072316 0.0123465274704517
0.0289653625496503 -0.0842227395505247 -0.30391883058814 -0.0462516037022276
0.0380923790817272 -0.0775846518426151 -0.288115145586645 -0.241678333051576
0.177616654126244 -0.0574375599001965 0.00586607937126756 -0.397642898846322
0.185838486836389 0.233802831895507 0.415137671523071 -0.208258022697584
-0.123491594225607 0.17243076803812 0.469645705977495 0.305423446217963
-0.0707832438815077 0.267395532749959 0.125994316540734 0.789149017116464
-0.245818773717912 0.264822873636226 -0.379478684103805 0.869397097213415
0.0580053445973478 0.51687991741699 -0.062458069543331 0.231541272194874
0.271677641627608 0.17329379780026 -0.354960013453226 -0.0472157812655797
0.0623053459023855 0.0512903235617296 -0.293155241720443 0.408860593387829
0.239903069533922 0.175878266897127 0.245656996705111 0.317765970252973
0.336983007952074 -0.160684969401627 0.184054213371327 -0.0242316245690596
0.116720468441755 -0.259803468297093 0.0589336947566384 -0.0711679125248749
0.0562378951808157 -0.190931783327504 -0.0629138338086727 -0.0801460984985237
0.105438500531048 -0.133534755096304 -0.192145513867138 -0.0399713596512529
0.125394122504638 -0.0779312317525535 -0.268590100437976 -0.0580517739307888
0.118155304004182 -0.0410268371374613 -0.269139944567812 -0.211526420320212
0.221186748156651 0.0135615454364265 -0.0417393825427286 -0.366517972067774
0.18118590434329 0.287733970047661 0.317333998322864 -0.268921705746603
-0.123463866161142 0.207337422680861 0.481851824735636 0.0950649088210405
0.00604203233055105 0.303583597153172 0.357974167614532 0.684779173287707
-0.204141873518864 0.509605463572826 -0.260727595435535 0.781339098352668
-0.0464159165319618 0.769537600721484 -0.0537928116769885 -0.0480779885561021
0.33766166377305 0.425107617151264 -0.416447882254115 -0.216755739495129
0.231006189128906 0.0653075940195128 -0.463695854552239 0.312589879532275
0.254309693351245 0.0924187640565069 0.158885719444895 0.454793078692429
0.265690203734472 -0.144339706753361 0.298433789405166 0.0278587975363126
0.0961669890332876 -0.166599769717362 0.138032843259355 -0.140946651273204
0.114550109135857 -0.120756134785201 -0.0305123200273083 -0.147028442216685
0.175303192759711 -0.110689723567628 -0.143010363224912 -0.088019168663486
0.196613023757296 -0.0786990215466256 -0.197344010527252 -0.0788406580239835
0.18803404793437 -0.0411994817096663 -0.194555300653351 -0.184139838316629
0.263709682228416 0.0562427321681422 -0.0310074411409178 -0.280234965550815
0.156829460676704 0.286178710504851 0.17947016510811 -0.237909017688678
-0.0456595055425188 0.180216197097272 0.413637199465064 -0.118890591870081
0.121996902687435 0.316143120108535 0.518245556480658 0.527946177315774
-0.0889764994933623 0.685082561170657 -0.157437601184161 0.602860544039826
-0.185240345050468 0.850052306717065 0.0386105566702593 -0.342568047111166
0.2961653886785 0.576634017401431 -0.365454667546433 -0.40199137495437
0.305671826570281 0.0904715297203031 -0.564780968785793 0.0951303870097415
0.215370508813683 0.0291559938121039 -0.0170571944054891 0.484562046259056
0.154232827325794 -0.0913597381620831 0.302159217760348 0.109762150572501
0.066895736739166 -0.037707339921311 0.189438684297372 -0.131725780350424
0.159510588866153 -0.0291896681359398 0.0207911773317833 -0.166074219194417
0.220878934470788 -0.0733045266567528 -0.071541681641355 -0.125776680299127
0.226692426361572 -0.0705144795669444 -0.111672962320945 -0.113570202136521
0.205452889644159 -0.0464496284275764 -0.0801686223837821 -0.187155760765806
0.244316005540935 0.0616160624489865 0.0589903386615623 -0.186150414728568
0.100887142791965 0.193508760968281 0.0657508855825328 -0.112607465230143
0.0667644167357266 0.0860569270312346 0.27724126713997 -0.272111583065962
0.24276379780072 0.286687788360133 0.541198050213695 0.372090098089662
0.0362827751684149 0.771959210874487 -0.106060967256 0.352599680049766
-0.229075930243679 0.786970977703616 0.198318098293808 -0.57568746035581
0.272120457204486 0.533503181327136 -0.188140608528058 -0.538336637936291
0.245325779460035 0.033303483725112 -0.537021507037137 -0.189903585369291
0.100783070642468 -0.00173070932275209 -0.199209543048558 0.386911137922331
0.0296466959214728 -0.0108966902136702 0.200377190825113 0.192897091375206
0.0460054406163663 0.0864165192904945 0.212888474698317 -0.0455025472896303
0.18108544831094 0.047553592079918 0.0924871009573909 -0.135661253773566
0.232455934332382 -0.0250101175827239 0.0129087238174182 -0.145223863337644
0.215522246322509 -0.0384157167502083 -0.0326557431257127 -0.155557384773876
0.162887140007832 -0.0105193835833997 0.0239936711522934 -0.214305940670279
0.133146492308657 0.0566512095700609 0.171327842236325 -0.125762856161713
0.0248602087078882 0.0321165304721783 0.0030842199746527 0.0175535955431679
0.168136177504144 -0.0181440240138703 0.169713950630441 -0.305224190237697
0.339018159772696 0.202029360488534 0.429471787068434 0.254079527834521
0.132575732243036 0.768691878975414 -0.11007173743063 0.0648989444631544
-0.118227739918432 0.617879570440625 0.359612695530548 -0.728644526313551
0.273667269278842 0.28703515819287 0.0438628800136625 -0.628789724679864
0.100253429228731 -0.0476736882639063 -0.438336272759338 -0.445603177851083
-0.00756926067804465 -0.0295287696400259 -0.354445236071922 0.228569438524893
-0.0716031850460492 0.0604446533725653 0.0594010833814531 0.269594836944099
0.0370980974111857 0.16228047161723 0.218376575291704 0.0712398985114063
0.171029470179651 0.0980125499404623 0.171384397455568 -0.0781719218127244
0.209095431239896 0.0263976338673094 0.0951812847063807 -0.142852045361022
0.174468586547654 0.020525934369766 0.0250208755041917 -0.181460335872167
0.0839522121335954 0.0616208998115505 0.0864991771251776 -0.239471378951746
-0.029546367512086 0.0575793186947278 0.238560894844032 -0.0942635170482873
-0.0510273871816992 -0.114414723388786 -0.0261837732263813 0.0786580120213791
0.188838089878453 -0.09864686520142 0.117535747603647 -0.266740759563164
0.389121513020725 0.110801268449771 0.253503805815299 0.153597361361827
0.142283105884662 0.667774774639797 -0.128262465883315 -0.203118525674721
-0.0412408937432146 -0.480736552791041 0.128108875476348 0.403057560678663
-0.361615266400994 -0.0897423334521085 -0.102242275927408 -0.0502259608818715
-0.156297340175887 0.168172321263555 -0.069547195313203 0.234457137727276
0.0966993348508111 0.195603577717575 0.0733109664118247 -0.0667976982032412
0.172671608660912 -0.0797051741403083 -0.229514783730853 0.0550831076135782
0.00179692927714688 -0.169396386909241 -0.0987294106888036 0.227195426803251
-0.109395433786209 -0.118204455320769 -0.0581702488153192 0.158679871926889
-0.149100540340686 -0.0831152337490765 -0.152972620488398 0.0999546231433339
-0.137946038110763 -0.10208091199421 -0.249710848662698 0.0208841470113522
-0.0455324378218809 -0.167767210565478 -0.23774170693768 -0.169516107482878
0.129826361516719 -0.112671659875912 0.0214038823553111 -0.316310794798479
0.112003319882888 0.0771064529585373 0.429554836888943 -0.159628542429341
-0.0202841141117811 0.0910710464001891 0.437781631314602 0.520905909230385
-0.236596945995856 0.0232239680499284 -0.1387470113848 0.748169624575929
-0.0658653027931556 -0.349380679485486 -0.426391889763176 0.829677751376544
0.060715424339071 -0.190401293956494 0.0766586238155476 0.484509697645921
-0.221645531061619 -0.104807952033116 -0.122694749666577 0.0523131578244057
-0.149950257952579 0.203770669760867 -0.0501783205220899 0.290331965272692
0.181239423068239 0.235167879001633 0.151772949279936 -0.004822798681733
0.286291552079934 -0.121720221776511 -0.142579905126209 0.0147020648922908
0.0679668445046889 -0.252123361951339 -0.0753620134289995 0.159892486242709
-0.0534293212255533 -0.183992127423667 -0.0731721131453639 0.10455240545451
-0.0711415103568696 -0.118218206273368 -0.195607021782702 0.0644452420053493
-0.0669417012403538 -0.095515856333033 -0.29597452273142 -0.0199005788199738
-0.0191950543008935 -0.12987511774677 -0.267049408241483 -0.231867955245647
0.154883846118449 -0.109384370533387 0.0424026074429093 -0.371154111060702
0.162373131072526 0.159583252258329 0.445855821503549 -0.150619549327836
-0.064457709069445 0.112731352264634 0.442983089568636 0.458682730147019
-0.142166018785433 0.197215617115019 -0.071371067814724 0.811011455358949
-0.195418470175045 -0.0297665704906309 -0.444058821905322 0.880620084762809
0.11834413455301 0.169318665963971 0.0024807677820147 0.428289069815818
0.0478589493921025 -0.0409819095341562 -0.236480453718869 0.0548216666138593
-0.0982731344343115 0.127248793690989 -0.129904749842764 0.386942501322018
0.224853867437378 0.235274703690336 0.240904090170433 0.136136082520283
0.34631005627664 -0.154333812497862 0.0124390921671405 -0.0254616996587716
0.106260193198554 -0.28901311151206 -0.0195350302247702 0.0463323130487688
0.00131575178739166 -0.212472353600964 -0.0769043959410202 0.015812077752941
0.0171762671978802 -0.135615490620809 -0.209861079181394 0.0149787703193933
0.0278987943198965 -0.0834604025621143 -0.304577659021841 -0.0420526582690282
0.0372342808635108 -0.0784937298253637 -0.290918150888398 -0.237621797953923
0.177182275577319 -0.0593714697344408 0.000866935138271197 -0.397780251085066
0.188467512335781 0.231184917919883 0.413819552778038 -0.212240878117488
-0.121654553697229 0.174375122846435 0.47293066542596 0.300504453056505
-0.0691609292770859 0.268393037335503 0.136490828910628 0.787848011078603
-0.243942520320279 0.267449039647985 -0.372083039270793 0.872015867501213
0.0806345796805724 0.521833434251001 -0.0575136467622192 0.234138079564748
0.272719590091225 0.17184142667644 -0.354517321603369 -0.0447351994800675
0.0631818601230413 0.051102186775117 -0.289828526315514 0.411615482015525
0.248343436872431 0.16928306143816 0.251762987228408 0.313920894483831
0.335807721603587 -0.166486085246502 0.183445399040619 -0.0254346258518845
0.113402691760126 -0.260055851596741 0.0582121140289349 -0.0720973931076712
0.0580647793853723 -0.188247524163416 -0.0643629789462545 -0.0791447880777232
0.104054158575381 -0.133248513485147 -0.192524732164365 -0.0373640300884942
0.124514533546801 -0.0792852172343259 -0.269201660177138 -0.0533169042156243
0.117733375523984 -0.0461382592787484 -0.269779625349654 -0.211353670533448
0.222199288777529 0.00942856822664103 -0.0470611714211968 -0.365723381941524
0.1862780470445 0.284732856143137 0.315042757663933 -0.271748984699394
-0.120385548434027 0.210055777312269 0.479351939231673 0.0969087514303002
0.0120960738028965 0.306007656012585 0.365473562450829 0.678829816332105
-0.199070897896295 0.513983828128231 -0.252304744899339 0.785067761459003
-0.0731669894435276 0.755686026961265 -0.052879983558054 -0.0481054519766868
0.341938285879812 0.423201474864553 -0.419291285952737 -0.213126442300686
0.231810647858102 0.0643004005376359 -0.460028056423733 0.316183205820723
0.257707602876615 0.0886033952766571 0.163737372184334 0.453266564291696
0.263947437526123 -0.147917797655783 0.298740930654886 0.0251660590379377
0.0939923363863586 -0.169019538348493 0.136915877802288 -0.142756393918771
0.112039577343079 -0.123212040335223 -0.0321062392556178 -0.146321575562937
0.173752844852716 -0.112963113924876 -0.14338709347926 -0.0865505249931525
0.195381176572061 -0.0799344467424246 -0.197541970814869 -0.0768618084012901
0.187167307574711 -0.0424056034010373 -0.195849734544413 -0.181992898828919
0.264782889878385 0.0528913115646165 -0.0343638765877146 -0.279094421008785
0.16204647244413 0.28388285068147 0.176767523347357 -0.240602309057192
-0.0438163615068617 0.182363202086714 0.412096831139452 -0.122741649771836
0.124067655938167 0.316549590119537 0.52275505026118 0.522718905125868
-0.0853035391900609 0.687671933099698 -0.151582099456642 0.604634975227237
-0.204493122270212 0.836636065440207 0.0432772398131874 -0.340300484564313
0.304449262144077 0.574546629757327 -0.366962081113127 -0.399089229232249
0.305853931026478 0.0891091372733837 -0.564804580692874 0.0987488736385613
0.215947178739463 0.0284187333484955 -0.000981321015543078 0.487475706631401
0.153593881242462 -0.0917159759534077 0.305541173102947 0.103356082433146
0.0665460124875668 -0.0382687339395813 0.189109605406072 -0.134120666180715
0.158414495204449 -0.0315494056241764 0.0215444947534876 -0.164366439763163
0.217804456571334 -0.0777100436481817 -0.0726710593948048 -0.125131923242467
0.224743571842168 -0.0747751620458603 -0.110232746420554 -0.113268965680537
0.205132131123973 -0.0478878949165868 -0.0884295454424759 -0.18583581474581
0.243191438286858 0.0623997562291664 0.0569029932681418 -0.188011959239949
0.105081198319948 0.193098520834129 0.0636091228208963 -0.114723813560053
0.0714728977089221 0.0867717381987152 0.280552938519173 -0.262790857472154
0.24588831554855 0.283289824987827 0.543766522773048 0.367080522477714
0.0453569176073869 0.774573197117724 -0.104130393313682 0.352599651664694
-0.239377442283432 0.777520928289504 0.196078020412455 -0.576013352778082
0.27857563320462 0.532447722710246 -0.192780891583194 -0.538015948992803
0.245812776171936 0.0322751508095915 -0.538288944998444 -0.184418000832394
0.101886979599197 -0.00258234604775259 -0.19520072569202 0.389299785051261
0.0296546506509069 -0.0120586607190391 0.201702982422672 0.191716710189027
0.0470850515924596 0.08490256238563 0.211210257390062 -0.0485383996946413
0.181803071716481 0.0449569423362325 0.0916033483636576 -0.135743380681015
0.231929616813569 -0.0286232825048912 0.0100217581620093 -0.144630834040844
0.214783983414312 -0.0416728139093195 -0.0339988084291736 -0.156079059988687
0.162429401079084 -0.0128026786184158 0.0206465816869496 -0.214729528001459
0.133950982949008 0.0549116693751722 0.170462581968801 -0.127318358733611
0.0256110067339896 0.0317207821633492 0.00341125212118048 0.0166950216352308
0.168029454818388 -0.0192924625274894 0.16696747945524 -0.306416520843364
0.341978701679232 0.198864547165656 0.431777787127236 0.252152152566214
0.140413545371504 0.766830080940407 -0.109339222565266 0.0656474112118036
-0.130071446065985 0.609795302991399 0.361101833530819 -0.722487642317
0.276054274422529 0.28523165638119 0.0422169461130622 -0.626883966037852
0.100328021171429 -0.0479696650410197 -0.447861191421938 -0.437643157161882
-0.00743092730447963 -0.0286301240362289 -0.348399062883309 0.242179792851587
-0.0710532659353491 0.0612141469951926 0.0650415667776122 0.26993098539421
0.0392549826998947 0.162152362415606 0.217447216847149 0.0710092432595356
0.173633408112513 0.0932036858787547 0.17184050501425 -0.0737928957854392
0.209643878147491 0.0229242672432853 0.0940656598951439 -0.14306662167466
0.174874685564643 0.0183947806906708 0.0242370322172505 -0.181352711219114
0.082561964922433 0.0630531058317649 0.0808866809023125 -0.241971501401139
-0.0285787686956837 0.0581187217858853 0.236913034616874 -0.0983865576608668
-0.0529649927524873 -0.113742056903031 -0.0257618089332251 0.0777755267151145
0.18601953832168 -0.111346865619462 0.115763270612173 -0.268807081635208
0.393056364700287 0.102498101276097 0.25495846845092 0.150102466262565
0.155297637857875 0.665958979907281 -0.12882418375831 -0.201813441359684
-0.0445846866534185 -0.480424433580463 0.13091854971426 0.403450566447354
-0.362328428941268 -0.0853491690265006 -0.102421040187363 -0.0489448717467796
-0.153926902836123 0.169700705563134 -0.0670558173346948 0.234888101562313
0.0988254067382487 0.194914858870709 0.0726178237002005 -0.0663424172351238
0.171378543305009 -0.0815661917721524 -0.228255796123063 0.0579799073460494
0.000533664935129246 -0.169456573154375 -0.0961938310932126 0.22836194976387
-0.110171022290119 -0.117175653100542 -0.0567156503745504 0.158587902599219
-0.150668597980793 -0.0816827540892084 -0.151729827797608 0.101750053956031
-0.13844556967516 -0.100330170826199 -0.248411003481635 0.0235223483300893
-0.0458805002226126 -0.167698197487121 -0.238362975018709 -0.167247059661839
0.128251675755864 -0.113906522326411 0.0175312838383428 -0.316233449812576
0.112550218048798 0.076966356102524 0.427401055695595 -0.163822871496058
-0.0196151180219188 0.0908404809501429 0.444299102992295 0.516780988417348
-0.236215889678731 0.025198020110375 -0.132810381902473 0.749522401659259
-0.0708764235024485 -0.348089129432614 -0.418389755606311 0.831062923629724
0.0577695490187521 -0.191838018087144 0.0807836495366299 0.483443908360838
-0.221045701913589 -0.104349227358243 -0.12204092621521 0.0525918270003958
-0.148528484655872 0.20389283993718 -0.0476705017269203 0.290857594265226
0.183353015644463 0.234060223314563 0.152527578589641 -0.00548026261788129
0.284692484000929 -0.125662486915697 -0.143042175659319 0.0169336480640713
0.0660661925593697 -0.253331214822626 -0.0729016207386513 0.16122976876475
-0.0547773532855238 -0.183800807604961 -0.0727850665256307 0.105537200553382
-0.0730012805087055 -0.118652758801553 -0.195341618346019 0.0644579789554543
-0.067558925308626 -0.0943152743799201 -0.295526227282305 -0.0182694731609894
-0.0199310312243095 -0.129155032028882 -0.271363206342098 -0.225971289405215
0.153487328221845 -0.110908429734633 0.0393254659161308 -0.371356307912294
0.163745155181902 0.156769904717742 0.444003734840709 -0.15464216727189
-0.0627481517723131 0.114521170759962 0.445525764236815 0.455853926848371
-0.140079167101914 0.200080211075471 -0.063865377453528 0.814790473302245
-0.197900236730997 -0.0279165930282591 -0.434826680693612 0.883919019213242
0.115756859264854 0.168763054184648 0.00353233445723994 0.426695572528128
0.0462990539885491 -0.0407697286986593 -0.235783452083216 0.0565897609336245
-0.0967015493985606 0.128373639125923 -0.126771054156865 0.388647646550433
0.228228870127701 0.23290644367302 0.242245635530238 0.134578741493531
0.344435048222771 -0.159888524511482 0.0115271831767335 -0.0254666791587145
0.103129571677818 -0.291784772434414 -0.0183403899130518 0.0460070014678199
-0.00168081508510152 -0.212937172599933 -0.0762115201217774 0.0156616058006355
0.0153147480183278 -0.13607066478452 -0.209802761985333 0.017416894794154
0.0267749436105254 -0.0835230310126363 -0.304438439124909 -0.039031336628894
0.0364963388475366 -0.0785180214051489 -0.292777815902505 -0.232753543494475
0.177130330292912 -0.0610357375700328 -0.00264698536015872 -0.397618705882435
0.19154003971859 0.229862685588547 0.411103476078258 -0.216433383984329
-0.120638476477104 0.175239933571671 0.477408111617937 0.297276857364918
-0.0665709638602455 0.27031440060902 0.142340801891642 0.788570417716998
-0.24131151675704 0.269769340761616 -0.365292236168833 0.876080543928019
0.0840330378954426 0.520012929226367 -0.0562384854602496 0.234605822799666
0.276413268595008 0.169050199000923 -0.355026582295624 -0.0420407931561923
0.0630892956911363 0.0507170959780906 -0.286025014429361 0.414107284733638
0.246807938480873 0.168895529128695 0.258370692916357 0.310055923057338
0.334344326714164 -0.171602625555563 0.184113161951899 -0.0259883185028721
0.110796115214918 -0.262249196297969 0.0586279455987661 -0.0725098115536843
0.057042948424226 -0.188610842345959 -0.0649060573898059 -0.0788284810212421
0.101379788613976 -0.134856041819702 -0.191896340529175 -0.0370181540104125
0.122321006548826 -0.0803509494674236 -0.26938393389893 -0.0523786425147342
0.117388443720725 -0.0519651895826291 -0.276752427142028 -0.204240338971589
0.223743867793197 0.00488900003544247 -0.049974441635185 -0.364476187748808
0.191723438979875 0.283909485549628 0.312451375568783 -0.273139689268493
-0.113335566799486 0.21879268138697 0.483562526491992 0.0859975463629251
0.0147372632364024 0.306722654390663 0.370850756856091 0.679100720965043
-0.191611809930121 0.518182259258691 -0.249989866932006 0.783978730133164
-0.0594111333225511 0.75981623928322 -0.0534206628373236 -0.0477843108774776
0.34385876094647 0.419691623552549 -0.421070459083446 -0.211461828279259
0.232638744912184 0.0631579497419278 -0.457890495714196 0.320064016135327
0.258824732512817 0.0862135138067521 0.167691464700169 0.451583670859425
0.263171172508076 -0.152143548601886 0.298744759013212 0.0218950229184391
0.09150167245765 -0.170336606671799 0.135034682425502 -0.144769384199312
0.110576947189245 -0.124253185221886 -0.0342062655340826 -0.145949161719695
0.171958386052702 -0.11532617451115 -0.144917445353038 -0.0853956917122658
0.193856006578072 -0.0820253232193764 -0.19853740544591 -0.0747731615411589
0.185908211208246 -0.045067550929163 -0.198607184329411 -0.179467393707625
0.266199884679575 0.0495458976814819 -0.0362658561950557 -0.280035541555005
0.164286981577559 0.282991017196275 0.175171536038417 -0.241279688391644
-0.0424772010013854 0.183051652584478 0.412141861760438 -0.126282486454114
0.126316034962685 0.316100408897332 0.52492227700478 0.517890057696448
-0.0783109061868132 0.688535678988275 -0.146710201029168 0.60546209074056
-0.172020272490609 0.854931950826736 0.0377438947315465 -0.34163807321124
0.309301146073171 0.571759056299977 -0.372823749605393 -0.395281443563888
0.304243689199535 0.0892393377774064 -0.56423594661524 0.107253814632295
0.213345527405838 0.0312745696879546 0.0071186580863475 0.488784432356013
0.15264440935944 -0.0938289324657726 0.305665039135786 0.102088265463548
0.0652173142322428 -0.0396847237949611 0.187818881085325 -0.13494681146978
0.156063100895944 -0.0402063852340204 0.0190543842751895 -0.16404208828702
0.21650484481303 -0.0806545760718093 -0.0734203304782096 -0.123556598397957
0.224453238715922 -0.0745123939809366 -0.112618236082919 -0.111865164416678
0.204312055216688 -0.0397720918604389 -0.0888655021186603 -0.184353164382594
0.243830684420113 0.0594556350908128 0.0537474320219963 -0.188309319985887
0.110019023252219 0.190521121937947 0.0627728783972054 -0.115137300936696
0.0783834053461638 0.0866780218426023 0.280475133779438 -0.261074628153507
0.253125912731903 0.280307315759077 0.545062993033159 0.363437297709769
0.0582533833419992 0.776220169063008 -0.103719973508544 0.351703384748782
-0.188006121618831 0.807423000284581 0.188234000294435 -0.581022623345911
0.282430517601529 0.527524795515861 -0.196148772890317 -0.534294477975572
0.245986045977644 0.0302239030450651 -0.540468668549267 -0.179455297662473
0.102157160354384 -0.00408424572720066 -0.190575842396 0.391450610069799
0.0300305440753749 -0.0124085652563219 0.203973338412474 0.189693634081591
0.0479282101117507 0.084844434470549 0.210564027335861 -0.0516655635848995
0.18141962088215 0.0426220940953393 0.0895855727640041 -0.136735583727111
0.23098518286903 -0.031294972184846 0.0088451554025601 -0.145228005984083
0.213752376089908 -0.0440544089848448 -0.0365520141519349 -0.154600264701558
0.162178469801576 -0.0143980287767581 0.0173393570490222 -0.215060399229737
0.134616200138026 0.0524094199847737 0.168106960804101 -0.129367064175209
0.025887384895427 0.0311693733129759 0.00410300239727339 0.0163064189019757
0.168318363762861 -0.0200287763880337 0.164573074591778 -0.308189773280333
0.343567350688115 0.196310713909444 0.434643148134519 0.248062662761632
0.145914099413406 0.767513744443845 -0.109601119771275 0.0660563321519915
-0.110592528976854 0.617583805125319 0.351686531539445 -0.733455077446231
0.275178555420965 0.283581788911351 0.0350325699017765 -0.629503251922409
0.0997157173160598 -0.0480150620365609 -0.452296552004531 -0.43338871563223
-0.00804256239181675 -0.0287764984219743 -0.344400060009394 0.245153250286904
-0.0698156685742748 0.0608896974367118 0.0658556892814133 0.268989473420111
0.0420943237361572 0.161549588354423 0.216285141338764 0.0700730885351437
0.176168600974381 0.0883566520708057 0.169373585209251 -0.0782505979115196
0.209727704853517 0.021462762511979 0.0902759350301505 -0.145522389016262
0.173369360497116 0.018485143261438 0.0188364086854646 -0.182042689981399
0.0824388762270944 0.0634206172520717 0.0836131525427275 -0.238252180359261
-0.0277261243712754 0.0590859948782141 0.235841101047596 -0.102716288290389
-0.0556729688346003 -0.113147008834796 -0.0254071766989039 0.0778509478556262
0.185675858698333 -0.110009093799532 0.105732785930921 -0.27814266496272
0.391929753573786 0.102126038915373 0.255015286135095 0.14957512966156
0.15695412661838 0.666375437244796 -0.13052860192918 -0.201616494647769
-0.0508915761790036 -0.480531670169566 0.134153516494921 0.402902845498464
-0.363292162828164 -0.0829782643271156 -0.102352912445044 -0.0479551758720273
-0.152767219407136 0.17149716490802 -0.0661536050778699 0.235427311603951
0.102429637630885 0.194319369948405 0.0722250497251498 -0.0672712243152132
0.170423832862667 -0.0836745686982856 -0.227826000922028 0.0612062805833667
-0.00184844659126421 -0.170545567202748 -0.0931579316327905 0.230302409314083
-0.111592133008584 -0.115949343915987 -0.0539876825032539 0.1599774316985
-0.152178763145756 -0.0794172396591084 -0.150192868931274 0.103371556038341
-0.140549930072284 -0.0996171141941588 -0.248240213457003 0.026816583557368
-0.0481335346779691 -0.166323045867824 -0.239854972746033 -0.164482025657959
0.127579812852312 -0.115715429476955 0.016535470384173 -0.31595254962613
0.113221488845513 0.0755147262844803 0.425051039129781 -0.166822971735527
-0.019979791288014 0.0908728146054955 0.447607501364915 0.513407499549031
-0.235185995489941 0.0276889112546819 -0.127966857884331 0.748824703697027
-0.0725365092292287 -0.346449345563113 -0.410939834198908 0.835240616850224
0.0520356909056473 -0.193249501066196 0.0871119885869564 0.483802499394897
-0.222369111183407 -0.10314667930922 -0.121185942715697 0.0544940146592176
-0.146208880428338 0.206646170904523 -0.0446171475841996 0.292493298027528
0.185608037787197 0.232085537156665 0.152094077273623 -0.00765804314276759
0.284006538346047 -0.12711806732498 -0.143202182639463 0.0200746722651682
0.0622974443827627 -0.253991192703718 -0.0705476850219914 0.163378492888938
-0.059061061778557 -0.183527797253006 -0.0726427543134746 0.103969481381176
-0.0748734069901166 -0.117557260141319 -0.193998297399965 0.0661576306116769
-0.0695123774143846 -0.0929872402191586 -0.295351713757391 -0.0151259558275299
-0.0205377700900056 -0.12842742285389 -0.273159510841637 -0.221957677103338
0.153149588563832 -0.111505087612403 0.0359072774748809 -0.370465843367087
0.165311464231695 0.156309547896535 0.442802391182287 -0.157722406349546
-0.0614054090277626 0.115947749136696 0.456731213048838 0.449828233662653
-0.140131808764884 0.200432647058547 -0.0594964021215942 0.811107113727151
-0.198830943925254 -0.0263575728986406 -0.429779254128112 0.882620686293005
0.11504900924434 0.168233026411645 0.00668834079980907 0.427153493832318
0.0460986819822216 -0.0405409531566416 -0.23498351483447 0.0588764830544993
-0.0952099855669724 0.129777377978877 -0.124316295932092 0.38958372620452
0.231782637184348 0.231911234038529 0.24262825842638 0.131433786349464
0.342356600678497 -0.16393318894203 0.0115044876833696 -0.0246830742646674
0.0989547720845647 -0.293064937760427 -0.017176292338116 0.0469446462992259
-0.00524166174808481 -0.213531605192623 -0.0756105879357451 0.01698135374883
0.0129355423129017 -0.136753952465346 -0.208830588179725 0.0187914195594161
0.0255282101165145 -0.0836570287426419 -0.304134830662197 -0.0359656982861587
0.0353309800146438 -0.0788561804115487 -0.294454381113449 -0.229650823558903
0.175992979591679 -0.0632470156818364 -0.0065175200678458 -0.398016636227857
0.194552484262914 0.227537848013982 0.40976856356689 -0.220327552330398
-0.118417560964585 0.177986046767411 0.479152204710196 0.294813388352309
-0.0651043730595682 0.271683713289275 0.14629211131435 0.785413367399357
-0.240702476102965 0.271373027253359 -0.359166596994395 0.875114835114378
0.0693365062543586 0.515769814133272 -0.0557469338038556 0.233678361295524
0.277721485604982 0.166471229803503 -0.355414610232769 -0.038637214868233
0.0641279244414608 0.0507619411322265 -0.282947413494695 0.415861312606837
0.247085040691842 0.168785361629042 0.258105969706116 0.310073974686776
0.332383282308209 -0.173171006652848 0.183066927880344 -0.0284376971369963
0.107248093201896 -0.265570813481583 0.0582564486814575 -0.0727886401800605
0.0494698446320373 -0.193602047417138 -0.065215894110029 -0.0777988330368991
0.0992747690632162 -0.136735255489354 -0.19150651844757 -0.0348792230527901
0.121352741364092 -0.0820505362059508 -0.268143521235891 -0.0505606463504975
0.116394104740977 -0.0495567670774082 -0.279139259003452 -0.20023483052415
0.222757444247809 0.00387184504495874 -0.0531574143072372 -0.363807436447462
0.194099015219392 0.281380599940527 0.310843213384466 -0.277511852146599
-0.112621887635196 0.219353070190418 0.486974335068543 0.0731991898579033
0.0149790548720208 0.305993757502199 0.375877650074662 0.675081643173755
-0.190121306290583 0.518155906558833 -0.243581883121637 0.784736863479414
-0.0183566846837126 0.774307723908197 -0.0547881419167037 -0.0476323328564353
0.349328795850519 0.41766610677793 -0.42139736089818 -0.207279200652905
0.235005038889609 0.0608674676911271 -0.455900571779686 0.324488606878262
0.260362942626581 0.0840943465480821 0.170819606570574 0.45106578666785
0.261453126520119 -0.155567199541144 0.297958207406636 0.0198958276959454
0.0899042869072012 -0.171661505607091 0.133024131784446 -0.146349825319196
0.109509556964612 -0.125162522521568 -0.0361438610824729 -0.146010609592139
0.169621876119177 -0.116833107487834 -0.145146062959484 -0.084270846289074
0.192682407279055 -0.0841064902456238 -0.199873246314828 -0.0727270675593575
0.184691067129364 -0.0467856166709845 -0.200396478228503 -0.177002614631423
0.267017234350117 0.0459233754834985 -0.0407623034162107 -0.279559258043908
0.168589224473458 0.2813285983138 0.172726094741816 -0.243536015761661
-0.0404393243731265 0.184733685835175 0.411225992015805 -0.130454903118127
0.128567125508398 0.315250716239134 0.531086444614645 0.514541780004551
-0.0722242733080904 0.690200939028119 -0.141380616182454 0.60597959621675
-0.132308106234564 0.87259867282099 0.0280678156212995 -0.345784838486792
0.309725366789585 0.569265416799341 -0.376079549725185 -0.391320921813961
0.306062067920253 0.0859397946021428 -0.563301755923167 0.110886911341993
0.215649384128697 0.0273353418474263 -0.00021387614305489 0.485750917060214
0.152478910095899 -0.0972006713004822 0.304447556552113 0.101996279462355
0.0649424132122274 -0.0408500112704055 0.186810719896324 -0.137750486059859
0.155831934755214 -0.0415670059737044 0.0148834470254061 -0.166520283378144
0.216239161479717 -0.0804043497649026 -0.0765738108373167 -0.122935713197413
0.223285038994634 -0.0767453193954303 -0.116461518139124 -0.110161965244383
0.203604715319615 -0.0438129762678158 -0.0855548180904045 -0.183484987451058
0.247703877600706 0.0530691748209609 0.0520942623322475 -0.189224577342342
0.112450914865421 0.190227513145109 0.0622999223231251 -0.115686935117454
0.0757910591853497 0.0873087163053637 0.273178819525115 -0.274790764440541
0.255233068300003 0.278416973539531 0.548205468713112 0.359261772782692
0.0588831209218168 0.772473680149683 -0.099936778932807 0.353534460878728
-0.159168194924703 0.818480012884863 0.179877773592509 -0.584393761378891
0.286488960740031 0.526017772143368 -0.201086539293277 -0.533958953700683
0.245523158331734 0.028990553039312 -0.541704532997862 -0.176098771135844
0.102919820559474 -0.00486420853226558 -0.188602896389919 0.393000958181759
0.0299754569774649 -0.0127002482670496 0.205950414843556 0.187863719643004
0.0489597901138905 0.0838734256713708 0.210191301787127 -0.0533477199103139
0.182427063459999 0.0409838628993422 0.0875699231118218 -0.137804855726003
0.230975339536165 -0.0329862987855715 0.0070966269785513 -0.144525445616368
0.212358311418748 -0.0462302395007674 -0.038703900759434 -0.153820321899239
0.161826562873268 -0.015121049696392 0.0144175292067894 -0.216153488571785
0.135649095710819 0.0513696228047291 0.166996616541415 -0.132818073090483
0.0273179126899109 0.0316986604390914 0.00469477559400219 0.0157375188954529
0.168114254267299 -0.0205003059727335 0.161876107131558 -0.309431116256718
0.344861709068668 0.193847881583096 0.43690669510492 0.242836828403384
0.151847774409563 0.764514472863595 -0.108807510706292 0.0667067133790516
-0.0853017789587539 0.628280504525305 0.335383676954397 -0.742484451465404
0.277781538539669 0.281483786125683 0.0272776584201897 -0.630795198514943
0.099182539158325 -0.0492632776146295 -0.452777709968626 -0.431046890402019
-0.00728085855055455 -0.0293487673212823 -0.346453172204227 0.237453261576761
-0.0694842144666498 0.0622761800013379 0.0666855218083696 0.269237178983849
0.0436731214117034 0.160429152141654 0.21817319755783 0.0638714575660652
0.17497553353594 0.0904725528386814 0.167122528564817 -0.0841245807219751
0.208309510841699 0.020190981685821 0.0873365498034009 -0.146785232457419
0.173515527464792 0.0146067024276993 0.0142456608344803 -0.18330922609891
0.0844539626514826 0.0609093162138254 0.082037539856258 -0.239680394885515
-0.0264833440526257 0.0585448601905279 0.234264665961535 -0.104389430987588
-0.0566519496482701 -0.112211509143247 -0.0240090896205897 0.0788884005044035
0.185944081029745 -0.102380006329544 0.105679092845145 -0.276771522466892
0.390878324114749 0.102668630276309 0.255077529612585 0.147930425256151
0.159165583065286 0.664660711578843 -0.132882102738683 -0.200483327120235
-0.0538221722120254 -0.480511924277038 0.136448868243954 0.402309457621441
-0.364781848367739 -0.0794878996490698 -0.103145132220985 -0.046482538948295
-0.150988773311561 0.172556787313726 -0.0646350968373664 0.235669892543793
0.104468381895257 0.193195790073797 0.0711886697523987 -0.0670560710208207
0.169736156073276 -0.0855289111081277 -0.227453398133714 0.0640744268542563
-0.00317109668666656 -0.170474344969942 -0.0908715678866938 0.230507641073894
-0.11357380735429 -0.11487240169552 -0.0527864406483271 0.159806974182833
-0.152590838398087 -0.0790816910083973 -0.149253645983569 0.103834921573406
-0.141171612747434 -0.0974216794052611 -0.247589481314844 0.0294355358397444
-0.0500394600151863 -0.167318122625806 -0.241348595450819 -0.160899906049761
0.126328459949968 -0.116230912527291 0.0127780692068786 -0.316483925244577
0.114178505198857 0.0738065446766015 0.424137558676033 -0.170940796908299
-0.0176311278500745 0.0913741574313224 0.44982059819519 0.510549783467693
-0.235661163539088 0.0297485063807077 -0.124289685412776 0.751209809048766
-0.0757227407101394 -0.347307814898079 -0.405613394063505 0.83673762857842
0.0525816496981536 -0.193426170057964 0.0900355752500911 0.485123558162142
-0.224349557860106 -0.0982670425316912 -0.120623249058152 0.0565387866803053
-0.142835055384782 0.209424722315144 -0.0429515030613219 0.291898028449771
0.190830452604355 0.230460857948238 0.152018533545469 -0.00752652927711996
0.282523804090686 -0.131220320567673 -0.14302664351148 0.0209734799749849
0.0596469037782935 -0.255113667274586 -0.068539511882912 0.163050312165413
-0.0621807193706682 -0.183115382231901 -0.0707521932280505 0.105463968028769
-0.0767158175903474 -0.116931488838407 -0.192938715561704 0.0706679174476857
-0.069973440353782 -0.0919330804479075 -0.296698737632365 -0.00938875458746962
-0.0222183390853285 -0.128785814137816 -0.273786911801817 -0.222585414586221
0.151240053524944 -0.113428046483335 0.0320075243619519 -0.371784231919644
0.166961677004614 0.154389965377071 0.441589089718401 -0.162073543190886
-0.0611661632902516 0.115879681261977 0.457481964636469 0.447960323282132
-0.138875121813331 0.200343483677587 -0.0539230180640993 0.812313919903494
-0.198175489995351 -0.0249892397838971 -0.42340786081258 0.890335599592375
0.120155359430956 0.167120245466809 0.0122626855623509 0.428011549387867
0.0459542298893597 -0.0410366406621026 -0.233579626753717 0.061604813401889
-0.0933562319973048 0.131206867110787 -0.120585860469379 0.391228971883142
0.234931759577163 0.228833989060629 0.244080540650197 0.130289595284533
0.340605708362375 -0.167841561471725 0.0109084736785988 -0.0248716519988279
0.0957306423735702 -0.294119134087066 -0.0155768550098316 0.0473796185382528
-0.00776655609642252 -0.213087813639242 -0.0755040706528448 0.0170834070334616
0.0116595375665262 -0.136787762938432 -0.209280902494177 0.0214712864162513
0.0247432331006454 -0.0852170925696838 -0.30446339317097 -0.0332344525797806
0.0349484934374522 -0.0787605582332618 -0.296724680712304 -0.226478813398483
0.175493155183627 -0.0644245442694507 -0.010864611651555 -0.396152488577334
0.197055797373781 0.226113991610282 0.407384147012392 -0.223040422414212
-0.11714104304236 0.17932860834862 0.480568195625439 0.291357021092393
-0.0629019962036911 0.272762119436494 0.154254636781748 0.785469473869684
-0.239743319369475 0.274245208987139 -0.350241859508452 0.878295013312974
0.0756799454686093 0.51717528169133 -0.0531449147888272 0.234237049552508
0.277960165738252 0.165424558691123 -0.35596688149897 -0.0354108343133007
0.0665636738556041 0.0507031532156799 -0.280286427620447 0.418583772526221
0.2528841804251 0.165026379834418 0.257478955482351 0.309336654536819
0.330968033697103 -0.178702630215794 0.183290364737494 -0.0286775958187644
0.103502001845643 -0.266570144607215 0.0578716267141252 -0.0736301288821445
0.0474936381842968 -0.193844557936144 -0.0662303191338208 -0.077577271556021
0.0972120345889789 -0.137774633755375 -0.192105399434842 -0.0318261649438946
0.120032002014231 -0.0828831901075071 -0.269474832095538 -0.0477169574715268
0.115896885364874 -0.0459703042835986 -0.277331577150045 -0.200456001077576
0.222885184899954 0.00246113354450632 -0.0567022980708343 -0.364253882720736
0.195275033222072 0.279644942396495 0.306959947453238 -0.280567977176347
-0.11541061702843 0.215240957796794 0.485848917505513 0.0801902141230151
0.0154937195573788 0.305738404153702 0.380026300090316 0.672229825552919
-0.189144968364598 0.517294166090578 -0.235207342838093 0.788452927716559
-0.0210061618349048 0.771577224452829 -0.0540677207155562 -0.0468804908937054
0.353822109648616 0.415803157799693 -0.422946204772273 -0.203689818993561
0.235220118916981 0.0596826239573976 -0.453491596463831 0.327447038570864
0.263531835029817 0.0818980243512423 0.175433513951255 0.44928386264781
0.260362214180182 -0.158118477522022 0.298030076529677 0.0177393182925297
0.088156296679778 -0.17345561291648 0.133601529333214 -0.148084636649399
0.108073534674201 -0.126935815061667 -0.0382869449698853 -0.14524401475919
0.169293715712252 -0.118400280860043 -0.145977019925349 -0.0826263684149153
0.191250119192742 -0.0867928693695689 -0.200488874938489 -0.071957323771215
0.184500804710687 -0.0492924718304645 -0.202100802822144 -0.175233592727254
0.26800067381307 0.0429362366139278 -0.0427934347737607 -0.279610991710302
0.172770034277831 0.278971679697156 0.170216980133741 -0.246755451992364
-0.037964657753605 0.186082348983983 0.410831485263921 -0.134790499591994
0.129945226858568 0.315650703491407 0.53406134316922 0.508918040193694
-0.068204092154997 0.690841809106203 -0.13948570822792 0.608711241831435
-0.159086578631198 0.857460125330711 0.029036127421066 -0.344197652563587
0.315932279962051 0.566884931077853 -0.375911416853112 -0.389526433527868
0.308696311148832 0.0826117950240741 -0.562542445125782 0.112216999782684
0.220313312151712 0.0207108321843686 0.00131562844376624 0.486389599231362
0.15136015633092 -0.100369919662195 0.306207941484232 0.098292928801328
0.0646702267828127 -0.0415371061993737 0.185735407842198 -0.141786331495283
0.156388697997036 -0.0358425936920291 0.0126110848551249 -0.166770125198783
0.215337854695059 -0.0818353558011964 -0.0781732408329496 -0.121968962002832
0.221500950786355 -0.0808886221622768 -0.117329297175161 -0.11055831878442
0.202538591866468 -0.056580920648034 -0.0912851424779204 -0.182780745577533
0.247768358126251 0.0492499866177583 0.0506697871490812 -0.190126344465573
0.11227288942847 0.189599498936866 0.0611041024446202 -0.1169602835937
0.0725140214790076 0.0863009028779743 0.269946938521061 -0.281030765176112
0.252821759626084 0.278805093150349 0.553438549911347 0.353306153892862
0.0632452160561052 0.772556691265973 -0.0947511926068296 0.355187960543231
-0.20624644095675 0.792131292951374 0.180486307692036 -0.584204635941428
0.290515641374302 0.52385203040787 -0.203062659029978 -0.531271288427067
0.245581327124248 0.0266870971172868 -0.544088877824827 -0.171958133313943
0.103307391786754 -0.00475427267243117 -0.184876353738049 0.39438328192059
0.0314789338653926 -0.0142616064805064 0.206988083411408 0.186599409383717
0.0492784331969004 0.0830191253942071 0.20969710051459 -0.0559378234316289
0.182044746777207 0.039526861418348 0.0860470030069704 -0.138264093331607
0.229666117982135 -0.0354057303706534 0.00547179855753738 -0.144222081141913
0.211931903668065 -0.0487649720167904 -0.0408476772585452 -0.154511043309984
0.160797912927248 -0.0170004716699384 0.0124802868465292 -0.215850089713115
0.136454554036665 0.0486817446412924 0.165337962054313 -0.134053139332664
0.0272702464991655 0.0315002069782428 0.00482089694777914 0.0165278009008686
0.168662124700883 -0.022715522471699 0.160159002479376 -0.311591537613959
0.347272637798096 0.191493865825915 0.438790770987707 0.239888928589013
0.160763001496676 0.764985522776736 -0.10880270708976 0.0665342995755804
-0.0968266272930216 0.622587750988406 0.336555387678127 -0.74204805707248
0.283437164163528 0.277421304448043 0.0262904098289171 -0.629301672739689
0.0989898139603673 -0.0493898645397131 -0.454973438291886 -0.431075455325932
-0.00793934012673422 -0.0296389922564195 -0.343968641481848 0.240473402602614
-0.0680859288720794 0.0626945265551615 0.0705633137138488 0.268459331110768
0.0444054462412508 0.161229839877452 0.220122957757977 0.0610328346781155
0.174066754171187 0.0910727767118225 0.166192310116354 -0.0841482270451002
0.208833799726788 0.0179162617021046 0.0869064844154595 -0.146027915623535
0.173224194139847 0.0121908822538277 0.0161763141233333 -0.181917940838851
0.0861800723200397 0.0594378201607174 0.0735766050962568 -0.244201772230972
-0.025806349747931 0.0589568671710523 0.233661729025471 -0.105999523408587
-0.0561054754208512 -0.112661399360082 -0.0227800949747696 0.0781041033228833
0.184911662941253 -0.105413461013542 0.110313133591253 -0.27298122220058
0.392730795907528 0.0957742662109707 0.258405618933622 0.143768012715024
0.169556535977442 0.662675820556773 -0.135345727191114 -0.20079682649921
-0.0585029468511431 -0.480663507407643 0.140194810287428 0.402127474253398
-0.36571431655841 -0.0764916441971511 -0.10269599410537 -0.0455702499055178
-0.150294251311995 0.175255722073358 -0.0635968089885166 0.23602536607375
0.106623202807541 0.193146505544966 0.0695719651612958 -0.0666495878863604
0.168508013311808 -0.0876318747906978 -0.227298240986826 0.0661585409523928
-0.00594061686832116 -0.171411292355839 -0.0872142748237112 0.23292851340699
-0.115220368197288 -0.114265235192987 -0.0513908667452436 0.159938682597208
-0.152991270092566 -0.0773183304763757 -0.148174144377342 0.105285105837383
-0.141347845932801 -0.0960291652971327 -0.247355830744237 0.0310090226672095
-0.0516058913375634 -0.166401549366107 -0.242825801152329 -0.158832366519984
0.125729382733403 -0.117677258136608 0.0107189978100395 -0.317191782962071
0.114408313620269 0.0735681538569141 0.422660514735428 -0.174377742679048
-0.0176334357618509 0.0912507229797773 0.453137456243099 0.508287285005041
-0.235973780967065 0.0320092853761621 -0.1192761721834 0.753133189900124
-0.0784534919044098 -0.34659512753195 -0.401346346001895 0.842443163003511
0.0548331297844436 -0.194250430908618 0.0918948451850781 0.484008377509565
-0.226143903373515 -0.0964244911606634 -0.119744160150761 0.0582805568841638
-0.142030108004975 0.209468138926735 -0.0411400836273011 0.292612678456021
0.195995287804209 0.228630365965854 0.151585324900451 -0.00856799052551505
0.281484731709009 -0.135467188510221 -0.142890895993435 0.0216886254244726
0.0566836345458936 -0.256546896672647 -0.0672718183580261 0.16464983459887
-0.0622001855269547 -0.182141568985318 -0.0676757149705606 0.107415570691236
-0.07741092230597 -0.116172549328712 -0.192842963329142 0.071399665583785
-0.0705436692440756 -0.0915577010601111 -0.295495120950133 -0.00902288465082245
-0.0240405423118776 -0.129158189669501 -0.274358238570739 -0.219044659836382
0.151401977709051 -0.115692018282733 0.0292422477808709 -0.371239178492798
0.168017909552712 0.153062264690424 0.439915416615616 -0.164623870339315
-0.0604561320308038 0.116036030318122 0.45673822185855 0.449149015557887
-0.13712780164195 0.204436437584488 -0.0507067995805384 0.815182436656315
-0.199927587413005 -0.0231224969211651 -0.418327765495108 0.892441168551316
0.124131532069233 0.166670850380357 0.0170263435801377 0.427874364334254
0.0450415937375869 -0.0409483664893971 -0.233153373227703 0.0636726110726347
-0.0924594783559368 0.133108705104036 -0.11759007068786 0.391713080971544
0.23869650901772 0.226857020455982 0.245112683089384 0.129200465737668
0.340365329161875 -0.171425177775971 0.0104714606950904 -0.0236026456374852
0.0933064800139216 -0.296414203552544 -0.0153910000975596 0.0475383877724943
-0.00954076561081455 -0.213180577482757 -0.0753415874707312 0.0182919760609711
0.0103262856236556 -0.136882965535648 -0.208007300817006 0.022780247950358
0.0232897903942735 -0.0840482874673262 -0.304563369824446 -0.0304458806734924
0.0346403188375463 -0.0795584196787362 -0.297731985261916 -0.223180898714985
0.175120115680272 -0.0671007579510678 -0.0141528784115749 -0.39689405330525
0.198876947316305 0.223619209881017 0.406695584921497 -0.227232897114713
-0.115935211376513 0.180026543446212 0.483028066011683 0.287071218947375
-0.0619706294918325 0.273111661975524 0.156225541717688 0.786274300010924
-0.237177685138072 0.276354541944679 -0.34588813978367 0.882782882929516
0.0999443561594448 0.520691038272429 -0.0489348303993053 0.235239675147816
0.279328566600135 0.165659299614491 -0.35534361603562 -0.0323319522989148
0.0674477622252511 0.0515227832026351 -0.278128951942873 0.420326087661198
0.258662455300604 0.159169350331857 0.264128663769912 0.306538660767511
0.329513667494985 -0.183712216479962 0.181706213065929 -0.0305422011103621
0.101443086413119 -0.267605417430227 0.0581482557711472 -0.0745409070618114
0.0501083217058416 -0.190978161979619 -0.066932300466077 -0.077246092863661
0.096200421583406 -0.137967557100939 -0.193221069902882 -0.0293926293661113
0.119195796430431 -0.0837555671747044 -0.270786211003271 -0.0448019655048299
0.11565446474552 -0.050432371347382 -0.278153283807191 -0.19901215111163
0.223906627673074 -0.00163059248217111 -0.0609401433399075 -0.363782033456109
0.200695467836032 0.278169356156144 0.30588200660175 -0.283550656110192
-0.112189241644209 0.218663385034968 0.484100625135061 0.0826601890760594
0.0198252637407545 0.30765164764633 0.384392784785854 0.671091562322847
-0.181770154896143 0.523093500785953 -0.229547648035638 0.7919337662874
-0.0532736493183266 0.760934624470117 -0.0534906141563113 -0.0476366537768291
0.356322096210842 0.414952612827449 -0.424338444067989 -0.200480018254482
0.236232787089808 0.057979131852117 -0.452061340731008 0.330670926812295
0.265268959611221 0.0786640389396856 0.178583930839218 0.449731948571163
0.260463122128855 -0.162389044128575 0.298910731501013 0.0150957478622176
0.0860182602421591 -0.174757084860538 0.13239280321388 -0.148976127338652
0.105553491712678 -0.127988132364844 -0.0393205416697758 -0.145617531359562
0.167438799865918 -0.120751239007279 -0.147412105442856 -0.0811219536885652
0.189616321778448 -0.0885502924169997 -0.201607678637967 -0.0688915805342293
0.184726180912936 -0.0505893116540556 -0.204747523320834 -0.172786271146145
0.268072106112942 0.0401550338153127 -0.045831939990645 -0.279203487349107
0.175273714056215 0.279508786115606 0.168413699792516 -0.248002557365556
-0.0367747702416834 0.187306128361558 0.410920345222218 -0.138468071402218
0.132763090782019 0.314946197935624 0.537587110135344 0.507890076290112
-0.0656102008959476 0.693671916743435 -0.135092216865759 0.609636905714333
-0.181191491079645 0.845982714693195 0.033024606895999 -0.343695235752212
0.324058407835856 0.565363857586347 -0.377529843441192 -0.388384597920702
0.30783294536669 0.0836943495911232 -0.562111754838942 0.117089502650612
0.220635656060073 0.0203450068375041 0.0158058425228867 0.489288133990333
0.151627314332652 -0.100375663947059 0.308304638901522 0.0932613262617554
0.0639805347331497 -0.0416234310151266 0.183336549588487 -0.14370008167038
0.155533896321773 -0.0392423075037772 0.0136780615624787 -0.165129464659932
0.214316730457477 -0.0861397372284584 -0.078834451112747 -0.121113828367123
0.219951504587562 -0.0841934498614368 -0.116038450678585 -0.10865589939715
0.202156475283461 -0.0553000756673008 -0.096877255242479 -0.182385861439523
0.247353205563771 0.0500158622958868 0.0481157991802316 -0.192233183017702
0.116007601352975 0.188984940609841 0.0611582692441812 -0.118661317037405
0.0773934847868702 0.0866975478101529 0.274095454206309 -0.270950342181169
0.254652745521268 0.277321152958941 0.556236942230819 0.348559072802014
0.0718795015489167 0.777496633248692 -0.0933179888960036 0.354201893744306
-0.21341520850171 0.790082826578366 0.179410717518229 -0.584154632007527
0.294991891969775 0.522807572067383 -0.207032403446483 -0.531398002896441
0.246183602414072 0.0256527877921036 -0.545100279580586 -0.169583859394329
0.104319872341165 -0.00668618899391895 -0.181786108426851 0.396348362486709
0.0319406507437018 -0.0155271488144919 0.208903944574238 0.184937637660476
0.0502417580268318 0.0831851468897241 0.209625379539153 -0.0593063877679723
0.181448904929201 0.0374796436411166 0.0838593872884577 -0.139065075984112
0.230025334529325 -0.0367808862941131 0.00336856792818198 -0.144323099239569
0.210237866556629 -0.0509220754557512 -0.0421268646585554 -0.154206704503651
0.16112984689158 -0.0186670224650343 0.0105137162996801 -0.217570573758258
0.136973951769529 0.0479587141561028 0.164051922955188 -0.135500879097543
0.0285920657582569 0.0306190750637902 0.0043425049781046 0.015350755631688
0.1691883666199 -0.0233316686988614 0.157602546412185 -0.31304750430765
0.34815234608895 0.188855387863793 0.440760812547927 0.236941277757247
0.164424382097635 0.765769563851273 -0.107683915819461 0.0669336720626302
-0.111116969950362 0.614007126247518 0.341584488672732 -0.736538236221078
0.285442932716794 0.276527467175282 0.0251500157795082 -0.630032564771456
0.0984505174772 -0.049213059521381 -0.461651468375867 -0.426384002245411
-0.00829888437144319 -0.0298976792855666 -0.339090088386493 0.253916238219323
-0.0681143729223457 0.0630499797649246 0.0743745788680178 0.268163820389849
0.0453755967852929 0.160607109188239 0.218752649809168 0.0605313037759445
0.175988184330897 0.086143363024768 0.167070978208037 -0.0813296421369385
0.210089031469371 0.0142870720524155 0.0861378627048802 -0.145379316981516
0.17366150275429 0.0106755117137794 0.0141357607375325 -0.181687841165328
0.0846405692924671 0.0602911124179768 0.070181006644872 -0.245819944896352
-0.026008581424814 0.0585599009763667 0.232794322021616 -0.11033642059191
-0.0570681043418593 -0.111000083050522 -0.0223806795805885 0.0774949343645205
0.182650856655889 -0.118021895237881 0.106252179975958 -0.275974365951453
0.396674148062595 0.0890793948550383 0.259369767360623 0.141253073813103
0.17474358994242 0.66410068757879 -0.135711500658146 -0.199248629291421
0.0489998068842211 -0.487980022958306 0.0521134949736161 0.419298033076527
-0.342242068913601 -0.15360712626592 -0.0884144135333133 -0.0687296760326522
-0.185523849782837 0.139157406055077 -0.113424031376861 0.21468874531256
0.0635525771431025 0.212660847278578 0.0815721762269502 -0.0490521505151125
0.185095820544645 -0.0498924526956023 -0.23513326604794 0.0196521016711124
0.0312361366358452 -0.168866658352391 -0.132088020986221 0.208896480759036
-0.0879572469941012 -0.136769333020297 -0.0832120974439365 0.144994651087137
-0.133685832732665 -0.109228715008046 -0.16637680279965 0.070248259927142
-0.118183207863802 -0.125560341921351 -0.247313894288646 -0.0244063551996505
-0.0140055876805929 -0.173756162719638 -0.201365948653845 -0.206527750095887
0.149321220884618 -0.0885488848938217 0.0784332204318177 -0.306625444355942
0.0945253054423488 0.0988835966247863 0.451544004145309 -0.0793080156606276
-0.0414241101203723 0.0841225070306024 0.332062645367526 0.589266898972953
-0.241964162562217 -0.0260427258316666 -0.277684943531711 0.70264126498687
-0.00354170401946959 -0.370813559672949 -0.565751323020911 0.731881457819586
0.0950917470414289 -0.181004870976405 -0.0125982069375022 0.489000642935241
-0.200326520738383 -0.14519979392173 -0.127826643747339 0.0285868931413468
-0.186031757462783 0.175008796496086 -0.105052664326227 0.272189674178848
0.139556721697741 0.266963367367399 0.147728162545187 0.0248058774854016
0.305894042731435 -0.0718599427619299 -0.143879152301063 -0.00650142491116769
0.111009637822118 -0.239772545108767 -0.0970906764492689 0.147100157639202
-0.0220592242267218 -0.192226255992626 -0.0888231842254797 0.0881076340214032
-0.0514207158174427 -0.131409745436147 -0.203219477054538 0.0251498620301002
-0.0502152116534961 -0.104924498262508 -0.285334051934561 -0.074934375535382
0.00492018580144344 -0.131704430858557 -0.223354352934997 -0.270832768098176
0.173307021546703 -0.0804332574903961 0.109129071648614 -0.357271218527794
0.12956121542933 0.189299617440365 0.466483707628072 -0.0665462218618771
-0.0892643205101093 0.100100525951823 0.348190381092907 0.529181746833275
-0.182393065482783 0.165311636127307 -0.223868306525383 0.779380008201497
-0.190779414966061 -0.0777794102392435 -0.591041403675458 0.781028322227793
0.0813967017527415 0.189227424905616 -0.0798092500815789 0.417300484634283
0.0534699702875654 -0.0288444032929652 -0.239149537982558 0.0129205394288169
-0.119169773376091 0.110773605652518 -0.200424482984812 0.354740709380052
0.185664418113325 0.274131969266339 0.20928780737506 0.179041650379941
0.370911272429185 -0.096630727609671 0.0166828432311184 -0.0183412591248153
0.154472680759781 -0.270599584896922 -0.0240437989650808 0.0431592059133174
0.0367779111320303 -0.211722529746467 -0.0762899390967553 0.000705828787093014
0.0391246665388759 -0.132073167746297 -0.207707291360135 -0.0232529374317716
0.0409443135420053 -0.0767858531167262 -0.290233017592634 -0.0951071593027899
0.0519284361227361 -0.0701989411785584 -0.243527473809234 -0.282422996884005
0.187711723303036 -0.0275570930251181 0.072120510004139 -0.392074804273616
0.145402634888162 0.2653969595728 0.44750429684061 -0.13416151981501
-0.157421609449865 0.152698168884629 0.40835280025334 0.380656529945574
-0.125958791404079 0.249849003392223 -0.0188338067938809 0.796343518161344
-0.29239581897593 0.210066107854874 -0.516484004671935 0.783985288332277
-0.0178646243457349 0.531867220736587 -0.101683664310257 0.216982383672292
0.238680502205015 0.222062061199352 -0.340269758395267 -0.106560183348863
0.0546181419562336 0.0663932814445959 -0.36004294309617 0.350444093596287
0.217057192519816 0.214275154165455 0.191926958243756 0.354383966981263
0.363292228144377 -0.109246010071402 0.185609037862374 0.0110286944569115
0.156868509890419 -0.240608100670965 0.0727966613394621 -0.0601303928111454
0.089946674340888 -0.177039776879991 -0.0489568516570373 -0.0895653967003339
0.123682471198511 -0.11387157964124 -0.180450415859146 -0.0716543441754667
0.135613370485573 -0.0567222507595656 -0.254914175795181 -0.102697310740036
0.125479271309163 -0.0292096399574712 -0.234251941024682 -0.249511915537062
0.22304425348953 0.0457250354108124 0.018732921002379 -0.36963768907419
0.136035925649236 0.320399828048036 0.361460541514743 -0.211448778923096
-0.158062650453464 0.199873726783747 0.457801583508826 0.176448842196307
-0.0528533431774115 0.305305026436657 0.227297471176413 0.729849299286507
-0.290345703441768 0.467991113278238 -0.388518837936226 0.71654132777911
-0.20682472368412 0.742870883635861 -0.045890233486618 -0.0598084575728715
0.258931331132819 0.483677728134615 -0.372264717864844 -0.283607103568644
0.219238488008349 0.111498110049202 -0.511112942030096 0.226123133317548
0.244598160021786 0.135372180925257 0.0770333175597488 0.475863746536897
0.290928654679171 -0.104621884733616 0.289404310668501 0.0799589295954534
0.121001517757519 -0.152092331411147 0.160142754193498 -0.118513169132397
0.130677801663249 -0.102370694140475 -0.00650676070985038 -0.149151592942639
0.189374938565055 -0.0815033022133243 -0.125603657323347 -0.110793108165206
0.206036806547196 -0.0455218322115041 -0.181669700195669 -0.11050156827053
0.192186523691835 -0.00953901094895314 -0.162979480459408 -0.213896199696247
0.256935389455458 0.0964042721230605 0.016061069569158 -0.282895389820942
0.112005590700748 0.314511145398495 0.219844092066841 -0.206963644167806
-0.0786395408886041 0.180322475492004 0.428133853518367 -0.0461982104633388
0.0549449188978421 0.337557728085004 0.411654811204276 0.607253855160365
-0.210717233362601 0.662472341473493 -0.254430932885182 0.558864552476452
-0.33451728751464 0.818228136955939 0.0980238132813947 -0.33034922861423
0.19333365869747 0.625734121122876 -0.291183271333652 -0.455287587469495
0.283606143723829 0.151185829012069 -0.572445827903565 -0.00282788643423916
0.208465309800368 0.0727287705520513 -0.0865471880377304 0.479688276728573
0.170508657889904 -0.0670425375545257 0.281618686278193 0.15912395988752
0.0718913999066987 -0.0289538536933775 0.208727171338791 -0.0984520023214425
0.159843241916344 -0.0110608263009587 0.0487410946696051 -0.15678318703367
0.227644228151557 -0.0388491958435774 -0.0504818074972688 -0.134218184977076
0.234608525930263 -0.0324107318007784 -0.0920724095153336 -0.130694311186721
0.209107012298452 6.15841907033662E-06 -0.0519316506214463 -0.19725582740139
0.233159922620111 0.102220836437156 0.0878800235665133 -0.177568982095164
0.0759063626670419 0.212431995261964 0.0847919982270366 -0.104336576796188
0.0611040358049797 0.10750650846018 0.32542258615363 -0.202209752665597
0.188943573139204 0.328315584302908 0.459697637336842 0.459095362734079
-0.0909022329504611 0.776845123497638 -0.163036901584627 0.318641681366788
-0.339640334498233 0.766436258432359 0.29138297160405 -0.533822647324517
0.176416224286387 0.578077586187047 -0.0903770685175656 -0.557290160906433
0.236197762394281 0.0808710907970521 -0.494544682974308 -0.279759267048709
0.104910589375333 0.0169969127825747 -0.260621152986305 0.346261031155283
0.0335297887303371 -0.0089098398443696 0.164582401488678 0.2247262570217
0.0308437617654463 0.0919563576354678 0.215525459338115 -0.0135090477356345
0.169407593891928 0.0770065182023506 0.111576627274597 -0.116651718581181
0.231329173984093 0.0130359013170561 0.0348364124302059 -0.140589653430246
0.21863201238116 -0.0057579850325299 -0.00891995823890391 -0.158187083093982
0.162784683037988 0.0169698898614425 0.0564718429487596 -0.209120056662488
0.124972239637355 0.0769229175210565 0.189575574350904 -0.0977467516701739
0.0217525738241735 0.0375093466461294 0.00204734227060384 0.0148652314964328
0.171215409318249 0.0170213736730199 0.219433015483183 -0.271827539076346
0.296831384319005 0.262633427037898 0.375230386712034 0.324256137764851
0.00215873966139693 0.788848952716424 -0.117108883386675 0.0388460390404574
-0.232373793565645 0.594408625154587 0.477860450449669 -0.649781175601399
0.217104992078193 0.334466296159221 0.153470812209194 -0.605416452691696
0.106155221589665 -0.0270616602147057 -0.35771489401431 -0.511279573610464
-0.00110761092416229 -0.0289844953416449 -0.383124515428374 0.172599594298808
-0.0799064364939092 0.0460884943902401 0.0136695784677769 0.277010362466876
0.00989441509350311 0.165987156907545 0.198248307076079 0.105424914433277
0.154522888630033 0.121692319804637 0.178845649927283 -0.0429188837376348
0.200939068748237 0.0603140826032511 0.113759814808022 -0.125091946166038
0.168165923519984 0.049089433847994 0.0497900334324148 -0.176272322806392
0.0691658749338564 0.0792725659235882 0.126316881643714 -0.219437310726343
-0.0384193418205256 0.053136797160248 0.251382012941725 -0.0587433330845269
-0.0332263269689767 -0.123267649754563 -0.0397153527823642 0.0712544280165009
0.205262704104236 -0.0705647589991843 0.155807074349009 -0.252817903375201
0.365452179611637 0.175499399610112 0.217988212732218 0.194308606530256
0.0300797158274064 0.692615387966089 -0.0871272504445805 -0.226031714003944
0.0465039668893834 -0.487486420288024 0.0544404135141198 0.420347147520673
-0.344417537312771 -0.151564616053395 -0.0885638322968294 -0.0674621305962853
-0.184335078436451 0.141323459017326 -0.112821429440004 0.215765338167139
0.0658263334394083 0.212331111507663 0.0804850520138123 -0.0488355693446379
0.18482180859642 -0.0514515104335562 -0.235424070441341 0.0210760486486598
0.030766785656814 -0.169807689641451 -0.130269456357228 0.210733555272968
-0.0896673998218461 -0.137151346285003 -0.0820580535454103 0.145979615298369
-0.134552021799351 -0.1085714097118 -0.166163348074462 0.0719552194421608
-0.119627262309424 -0.123983015804307 -0.247800272752956 -0.0204224544053246
-0.0154849979133106 -0.174804834046876 -0.204053023630708 -0.205408255548028
0.149043766736759 -0.0896198251405848 0.0770196794495525 -0.307963272318973
0.0944255967709174 0.0987281495432087 0.451024857103605 -0.0813229351666966
-0.0413923812338233 0.0845770670636867 0.3356840165774 0.588551713159179
-0.243064543575827 -0.0240861757181721 -0.274808484340221 0.705239929056609
-0.00482678463736257 -0.37123029598432 -0.561268387947057 0.736546113384183
0.0889083000815454 -0.184397210793192 -0.00821366114121233 0.490834549216771
-0.200736887683058 -0.143452506392616 -0.126713944833218 0.0303242840113297
-0.183483360138778 0.178678688516059 -0.103016473504132 0.274303904813298
0.14246605278202 0.265107787011242 0.148255316399298 0.0249109109017459
0.305765350756236 -0.0744311538826925 -0.14446875498813 -0.00373645729263147
0.108463723650052 -0.24061702021519 -0.0957098821657464 0.148808378656626
-0.025034583564497 -0.193055539724382 -0.0892094608334636 0.0888862834949731
-0.0520474347352169 -0.130727896044206 -0.203109496632453 0.0275387144129928
-0.0510086279856268 -0.105255767553754 -0.286638934207807 -0.0716451255015129
0.00480242291287965 -0.1308981577146 -0.224953861331515 -0.26960171536331
0.173604565138811 -0.0818450687377023 0.107856643032914 -0.358424282718918
0.13137919946894 0.188315922059404 0.466148973755493 -0.0697797031898288
-0.0884370545622928 0.101508059867319 0.356177841606856 0.527062397753828
-0.182250662197517 0.165504678357365 -0.218726437472793 0.780226691838683
-0.191119620313894 -0.0768353243782151 -0.589467502887258 0.781538140801577
0.0801228681211341 0.18853020074047 -0.0782834862395328 0.417909369063387
0.0530697245723258 -0.0299698901879098 -0.239729267124774 0.0149444393375282
-0.118418113718204 0.112677729663147 -0.198835162327509 0.356466730285328
0.188736744735574 0.273037930212471 0.211146761972194 0.179558449843216
0.370809749577719 -0.100948531547634 0.0160792685162842 -0.0186633461749869
0.151458518374529 -0.272765138724989 -0.0220608901427186 0.044432860701618
0.0341190075215204 -0.212687148078635 -0.0763236725325062 0.00107938779123895
0.0374620719570256 -0.133440832961678 -0.207968888413163 -0.0220685316788408
0.0401003552939291 -0.077795574618641 -0.291430792082231 -0.0934699688926857
0.0509830988034613 -0.0705417784495366 -0.245054410370659 -0.27969195000918
0.18819849404694 -0.0292098307741907 0.0689849067744645 -0.392206963695168
0.147663437215535 0.265568691669578 0.445856463972067 -0.137918447750251
-0.157197604376364 0.154879190375314 0.409920110172787 0.380390953126485
-0.124356028666808 0.25154343554549 -0.0122578556728492 0.793266497294919
-0.290918414657654 0.212662211134264 -0.514632330736549 0.787023855209836
-0.0353677415823014 0.524099901489817 -0.10149945391762 0.216831561145672
0.243151881880582 0.221287311168667 -0.340172817815037 -0.104412706773934
0.056368184484312 0.0661004722935671 -0.359104353377313 0.352563521858584
0.217036584784946 0.214679229132931 0.19218020364427 0.354946319492886
0.36393052449293 -0.111824191196717 0.185840416636567 0.00943629357838821
0.153265781294569 -0.244951953227969 0.0731199201240937 -0.0606646753152362
0.0836158332967862 -0.182643707835581 -0.0484004640778546 -0.0900173389298407
0.1214035797547 -0.116167905917348 -0.181354197293658 -0.0706161121397819
0.134366395612054 -0.0576430432301608 -0.254702010647441 -0.100729263319187
0.12493635209069 -0.0254595856683185 -0.234432055029715 -0.248110300688058
0.222629896901789 0.0454284734637341 0.0160787690898983 -0.3696108111447
0.139002234654099 0.319467491403585 0.360077405231781 -0.215414029799802
-0.158251365573616 0.200136065280342 0.462430872861161 0.167788897194013
-0.0551165756085453 0.304912492537812 0.232081678588127 0.731762829088525
-0.291808330991094 0.466825836267255 -0.38338955452956 0.717151384028007
-0.169566563853285 0.76521821502579 -0.0472019557165314 -0.0596053113579967
0.263608833185698 0.48302025901658 -0.374063182518904 -0.281282133292118
0.220587358504368 0.110260194080161 -0.511625849710606 0.230255980877314
0.247100066047917 0.133286809920275 0.0807882392444213 0.47675376955995
0.290648943568232 -0.106854924940917 0.289552341096184 0.0772797445066512
0.119309146399218 -0.154138435277336 0.159717266040968 -0.120369744049407
0.129998993669748 -0.103459588104838 -0.00805447169321964 -0.150216979030618
0.187673450057732 -0.0834549969173887 -0.127553586754658 -0.10934454391427
0.205719242003744 -0.0470643330282718 -0.182386449603384 -0.109318589550568
0.191612920812939 -0.0106493562308603 -0.164457717841222 -0.211610996801461
0.258170712348289 0.094182904211604 0.0131745094806872 -0.284276813213824
0.114734842821968 0.314960606018127 0.218561413248742 -0.209237077944237
-0.0780742938498116 0.18198484954455 0.428954433181127 -0.0476223045588987
0.0567015339189358 0.33861962903327 0.414673063893308 0.605156043508958
-0.207215790126513 0.665274773930705 -0.250401527583636 0.560408086324923
-0.301646040817998 0.839513455100702 0.0907444630674285 -0.335258120567892
0.191742663253535 0.626221089979387 -0.295546579386182 -0.45432375411665
0.287209358453504 0.147659067445712 -0.574469092583973 0.00114957342177275
0.212645376545591 0.0690501264575634 -0.0926143706101354 0.476442091922441
0.171667900707635 -0.0708868911583932 0.281086370107108 0.158449996569644
0.0705314004429604 -0.029248677983342 0.208663147815188 -0.102027572315872
0.160064514856733 -0.00983869498400063 0.045029920995362 -0.160870891158712
0.227130198454043 -0.0380391099564886 -0.0526747687439951 -0.134370889178817
0.234748135180009 -0.0349059352353038 -0.0951746862497228 -0.13074516089681
0.209928790284407 -0.00521473985875476 -0.0511840323988102 -0.197555339622832
0.2371936407618 0.0961615794231161 0.0872605208264364 -0.178752230521893
0.0773509639093394 0.212258397619008 0.0847349976887067 -0.104989108007921
0.0576758488377662 0.106870829819749 0.320217741673586 -0.217737047449137
0.190105908761891 0.327260026961488 0.465696267628848 0.456068587565436
-0.0928203965476234 0.776970209709626 -0.159732150679819 0.320975072318929
-0.32456653517674 0.778667513881128 0.285744537499591 -0.53714657020698
0.178904842477337 0.577306316047337 -0.0944484989928364 -0.558271633568294
0.235529508766432 0.0798069086373039 -0.497925630826601 -0.277314847838041
0.105571110028489 0.0165040301704356 -0.257674961517892 0.348341312990811
0.03490412437603 -0.00937842710014961 0.165897155365634 0.224779940019764
0.0315301894887404 0.0909340918315652 0.21664284639765 -0.0152252175809889
0.170514129122919 0.0751778441193897 0.110096516292568 -0.118271229634787
0.231341372714459 0.0117865755842562 0.0324860588573942 -0.13935316611424
0.218373352482603 -0.00672865579741727 -0.0113779604786612 -0.159213887149755
0.162439091485647 0.0153342766464273 0.0539547515864815 -0.21086770713229
0.125203179008382 0.0750936010149711 0.188748755336683 -0.100003628345046
0.0231090883209804 0.0373978413807813 0.001826530405534 0.0151388440780317
0.172800131642192 0.0161564986585581 0.218323246404392 -0.273820398716711
0.298183687630455 0.260047297717785 0.379110709265048 0.322272779749952
0.00828843237961353 0.791117195546793 -0.116314935640452 0.0385910985380161
-0.207239176595122 0.607347627212393 0.469808330948195 -0.660610344325007
0.220452299664255 0.332877817664134 0.149806543048417 -0.60518851525174
0.10602501185866 -0.0281130201674723 -0.359335671311749 -0.510384608756245
-0.000607401922588556 -0.0301885747027752 -0.384172832501425 0.165309419057013
-0.0795647888574638 0.047339168730095 0.0148378766494851 0.277061531254751
0.011538616710757 0.166281045615781 0.200636399738376 0.101045289278243
0.15296093853867 0.123540787734062 0.178655935679772 -0.0497481835906281
0.201020139668406 0.0599217175355964 0.112507383748598 -0.126017082273029
0.168446428881845 0.0462388558833014 0.0471306124594237 -0.176643051559002
0.07251523291164 0.0772156919900606 0.12258203578339 -0.222548341739897
-0.0380576109155325 0.0537873316534083 0.25029610824599 -0.0600538052640657
-0.0332363564048865 -0.122808445216671 -0.0381682729078293 0.0712553938414146
0.205812931529686 -0.0607480333224592 0.157439999393868 -0.251149975977466
0.364482705215768 0.177993561326989 0.219671171434631 0.191891266317722
0.036262791871145 0.69502660449568 -0.0903689980003584 -0.226097911167631
0.0419285534749517 -0.490259218720668 0.0563039556857638 0.421735066634114
-0.346077514641408 -0.149821364103819 -0.0888089418786787 -0.0671397142051434
-0.183952772326853 0.142323453617465 -0.112109796770162 0.216181933334594
0.0683257001032428 0.212142135694332 0.0801533456118216 -0.0491433935078688
0.183860069710341 -0.0534842481940828 -0.235597805770718 0.0236540277762136
0.0282419975934715 -0.171351956982861 -0.128818483183458 0.212885603811847
-0.0908165752430693 -0.13559152764807 -0.0805808805541903 0.146886488697562
-0.136262508881027 -0.106852283182641 -0.165411908258705 0.0733567077845746
-0.12048059245179 -0.123263840434516 -0.24806150924606 -0.0196480699729499
-0.0170136416976603 -0.174283217828836 -0.204975085637908 -0.202073157258365
0.148534156432909 -0.0904951582020126 0.0742935959949 -0.308596712808161
0.0949912043006664 0.0978973144755423 0.449678865148522 -0.0843900136535322
-0.0401998295164175 0.0844569328262578 0.338651782780874 0.58865577562181
-0.242623516807284 -0.0225415296865219 -0.273448701916584 0.707516280750962
-0.00743443072113079 -0.371171860380304 -0.560005735546752 0.741405829127903
0.0914170645863347 -0.183803262559651 -0.00744186621571197 0.492869683320505
-0.203521911259354 -0.140864705139425 -0.127132529225866 0.0326686438478475
-0.180529775326475 0.181142643967634 -0.10158370959892 0.276171441436252
0.147519971486263 0.265137448741673 0.148089196872615 0.0252158683082122
0.304838847206858 -0.0779671765840714 -0.144916826383909 -0.00277986069093737
0.10591280679027 -0.243683458666979 -0.0941408397916497 0.148615815889212
-0.0279302997501677 -0.193404865249068 -0.0875987256268996 0.0891566076773915
-0.0538480770792246 -0.129957458180434 -0.2019954147282 0.0313557685793127
-0.0519213671448308 -0.104648419292188 -0.28771185109295 -0.0680597892265422
0.00372365443779908 -0.13152555070845 -0.225529895976164 -0.268727816799636
0.173128518978317 -0.0836647070878058 0.102844858178755 -0.36020892322896
0.133449724927235 0.18767731027355 0.465762620628772 -0.0731667856349723
-0.0879196772417371 0.101756887591505 0.357925300884175 0.527807311479353
-0.182369778188064 0.166258422340802 -0.21770045775934 0.781881920036529
-0.192264044940658 -0.0744864507093398 -0.585284554573621 0.79132738937321
0.085973015439758 0.188995492519452 -0.0721820411845603 0.421050295625556
0.0527154165166581 -0.0290767745510727 -0.240263506014052 0.0172997699896023
-0.115770120547853 0.114425152586478 -0.195947743692883 0.357320362020178
0.192983637925157 0.272472575818704 0.211799826823425 0.177400931454888
0.369847853549903 -0.102995514042646 0.0159320326766505 -0.0187499149743542
0.15038311063987 -0.275348642360802 -0.0213532474096451 0.0449743954340096
0.0325738530361695 -0.213299166061939 -0.0768263783062747 0.00186811968317629
0.0364147659287495 -0.133521200188389 -0.208392414432698 -0.0201256961019867
0.0387061841421878 -0.07858855660462 -0.292190170932121 -0.0914438088368098
0.050717690784872 -0.0715483202380035 -0.247678735288052 -0.278163320495904
0.188655888343867 -0.0308798912942046 0.0657943435885583 -0.394329227542232
0.151430232305409 0.265758950582913 0.445313994346094 -0.141395001781928
-0.15551445109393 0.156255186782091 0.413511963077423 0.378524262858838
-0.123466850421693 0.254051513697812 -0.0109754363910896 0.797389188520997
-0.291851794431645 0.216548603165494 -0.512808575123414 0.789190913444695
-0.0270787766349607 0.528541887928875 -0.0999307590197615 0.217363142553821
0.242391543745999 0.221119218885779 -0.342425650047398 -0.101238090325216
0.0581159943827797 0.0671507535349136 -0.358382384958557 0.35436504678027
0.224092746567213 0.211233752710221 0.192080331013814 0.355116145626788
0.364482383762748 -0.11726122774958 0.185891806575953 0.00877622268166589
0.151612336699133 -0.24647906431433 0.0726796294097164 -0.0611627288173581
0.0830527897561669 -0.182935109720896 -0.0495839138118704 -0.0897654823436706
0.120453856933383 -0.117519438539987 -0.182375519707198 -0.0677548458365199
0.133601407573496 -0.0586479410149659 -0.25674156474927 -0.097865551618966
0.123665157219218 -0.023184214590188 -0.232113872799707 -0.250061811247107
0.222336082829639 0.0447668369875656 0.0135070258342973 -0.370508599648131
0.141312235174374 0.32005692964398 0.358662726579524 -0.218530798333854
-0.160871794774482 0.195866148920102 0.459778076640966 0.174917920976758
-0.054544605346214 0.305112513309394 0.23756214707054 0.730753110110349
-0.289352402505874 0.470220517571278 -0.381737181934062 0.722711184989469
-0.182052740160208 0.759487708835386 -0.0469802227901707 -0.0592588779611643
0.267857341226168 0.482643895558532 -0.377251345854883 -0.279355912504575
0.222123638460111 0.10979278241831 -0.512615789782926 0.23313748804035
0.249994119530985 0.131734373811374 0.0840576228351745 0.477406428930108
0.290950677289104 -0.109879195542019 0.291320181907784 0.0765012301366639
0.117592141400306 -0.155739694219523 0.159556178506745 -0.121216998208864
0.128864349099459 -0.105369810073063 -0.00875220606950671 -0.150170162622414
0.187312355090336 -0.0852052054952182 -0.127703842314594 -0.10887851767306
0.205089350136748 -0.0486097519701241 -0.184469029614073 -0.108138118984294
0.19177155121815 -0.0123504696502226 -0.166328510232859 -0.210856926355156
0.260017844598638 0.0923550698815849 0.0103908761337612 -0.284575373658536
0.118893716367111 0.314204904177621 0.217542110042268 -0.211586280916449
-0.0766079824063795 0.183935998674516 0.430313411355413 -0.0502408249989574
0.0590661069981562 0.339080888656989 0.418300720440402 0.604069963580218
-0.202770909376834 0.667162346206915 -0.247672006177563 0.563432412539126
-0.335033387475429 0.816558959084961 0.0942888493998796 -0.334017945439259
0.200436168535613 0.626295839228696 -0.294250034873855 -0.453961572128333
0.288524474089179 0.146724314240351 -0.57578879494854 0.00200378551738461
0.217802707001408 0.0639441352439994 -0.0906316587336078 0.478746681452975
0.171756038211509 -0.0731757465092999 0.283616663019436 0.155433287334806
0.0711670780998208 -0.0302035303891078 0.207644677543877 -0.105988512383158
0.16058254615527 -0.00542795961347472 0.0429950131314603 -0.160324546875499
0.226295150146763 -0.0409386093395973 -0.0535850175135652 -0.134689942849215
0.23367127659979 -0.0391388332109757 -0.0951055288677634 -0.130021188151263
0.210541011484053 -0.0173027195664399 -0.0568931166476378 -0.19814783765497
0.237406390890821 0.0954796516914259 0.0858429021245861 -0.180066546449106
0.0775184787606624 0.211764464597251 0.0855523532431114 -0.106464356372851
0.0538858193193948 0.107665048743122 0.319302177954966 -0.222475306518713
0.186553777794183 0.32913104567966 0.47028397285018 0.453999935937604
-0.0846074854805556 0.780614158643487 -0.156900111146473 0.322714225642812
-0.372017432134968 0.74261157242535 0.288938165060875 -0.537444456504394
0.182879672138747 0.577338466409299 -0.095629652833244 -0.558916819444678
0.236458614181705 0.0796814279783137 -0.499999290072825 -0.273666139099964
0.105661414291387 0.0154878717066727 -0.256177762706849 0.350499865581878
0.0350478241506198 -0.0100906358477035 0.169019211808344 0.223984109576564
0.0323366448527715 0.0915497153926668 0.216893216503911 -0.017799327843279
0.171099587359554 0.074189134304364 0.109031831425676 -0.11855513696697
0.230916132202248 0.00877892975893783 0.0312889934126449 -0.139606364753125
0.218630599913927 -0.00955549263043763 -0.0133661863721993 -0.159170594587239
0.163025147895389 0.0137222789482189 0.0513767366679161 -0.211520144401319
0.126610206100263 0.0737124578558077 0.188967278423452 -0.102695084452973
0.0234916974166046 0.037589756144704 0.00233769875231475 0.0149523232624573
0.173188080667139 0.0157109421075078 0.217986106772516 -0.276296369486902
0.301775510461455 0.259563224264857 0.379597658031866 0.320334358715358
0.0138865282524636 0.792999059035552 -0.11588170428224 0.0386059997662779
-0.22601790114674 0.597611595827562 0.475318890666328 -0.65603458002532
0.225905102806879 0.331323928543096 0.150467277163139 -0.607204413098733
0.105582479466404 -0.0268080218051281 -0.36150408867262 -0.511716089478651
-0.000946527412376154 -0.0302430670484915 -0.38340861405534 0.169479544644259
-0.0786315314601053 0.0477639822463926 0.0184116667822087 0.277938206200382
0.0125863973900636 0.166928256756291 0.203133857538379 0.0983183212623998
0.153611739857287 0.123685610932701 0.17841250471087 -0.0501814042797841
0.202308913857789 0.0577591524745098 0.111791146393459 -0.126161894559402
0.169503165552117 0.0437965664391953 0.0470864526152223 -0.175322764595275
0.074338439513696 0.0769692138617968 0.116306521256628 -0.229865688418097
-0.0368086420782439 0.05330305553939 0.251089260450736 -0.0619372551603183
-0.0334738013249779 -0.122154849686349 -0.0378205257374537 0.0711007242273067
0.205271562832752 -0.0679099552681862 0.161171767707066 -0.246143861405513
0.368151427383582 0.172954211380503 0.222165214284417 0.189151416878443
0.0487202063867029 0.696038692695892 -0.0929099131725169 -0.227263625183171
0.0403509574036192 -0.492229613111655 0.058850677325084 0.423481029471195
-0.348220275617008 -0.146868656207626 -0.089481855770083 -0.0657005173570219
-0.183563098441033 0.143466410982082 -0.111337791824238 0.217592677340812
0.0703117647454843 0.213409588932692 0.0800699242089724 -0.0496737665973913
0.18406869620633 -0.0551004258896954 -0.236768601968479 0.0262155047486584
0.0269447769500131 -0.171294847482481 -0.126123819134452 0.213960205619626
-0.0926290322992817 -0.136661578020433 -0.0797181900197798 0.147614883817909
-0.137181701723894 -0.106280097618161 -0.165445163614557 0.0742903397986801
-0.121436438140316 -0.122709161675087 -0.247951108004147 -0.0177104398327688
-0.0181525362721534 -0.175021346919283 -0.206637964841609 -0.202259625968959
0.149048526976995 -0.0921524156047109 0.0716077068520342 -0.310062303410791
0.0954131816457954 0.097402134554461 0.450964589555277 -0.0879873810509108
-0.0396107719563835 0.0853442521289453 0.341411886394667 0.588764556639959
-0.243758615197004 -0.0202261015195824 -0.268496210317743 0.710737203951102
-0.0112670413295084 -0.372772652904096 -0.559645750724917 0.745089311998259
0.0933854766038401 -0.182931807803541 -0.00485097179541929 0.494586737153917
-0.205720249652222 -0.138633296865662 -0.126879007607779 0.0339109362725704
-0.182158976238641 0.18094588928028 -0.0998944122137089 0.276707745068943
0.151399090906901 0.264657215819498 0.148368564850523 0.0243514593866443
0.305283867784507 -0.0825874218347034 -0.14551941449543 -0.00139189806601225
0.104411197899896 -0.245774824410263 -0.0925848473789691 0.151210560042393
-0.0273441869927871 -0.19354049953196 -0.0856161917008309 0.0911282120731591
-0.0548225283131875 -0.13075308089044 -0.202767529903651 0.0320821530562571
-0.0522752478450463 -0.103904776969332 -0.288205256534129 -0.066726913383738
0.00212142948973769 -0.132799858426289 -0.228853465448436 -0.266600130691015
0.173246968813582 -0.0861087259722741 0.100420520346155 -0.361864769267806
0.135195403298861 0.186872368816838 0.46721503737889 -0.0762155466119746
-0.088346300671069 0.102388704908562 0.357046579181774 0.530337944845361
-0.181812844940958 0.170415792592282 -0.214604836728616 0.784890974278696
-0.195198873985296 -0.0731053416558495 -0.584225849422936 0.794587078914415
0.0899020342918759 0.188979693881213 -0.0701432680324321 0.423633036552729
0.0528123347347653 -0.0291184800874439 -0.240059522987991 0.0189255248345197
-0.115428808000157 0.115976047867707 -0.194407256690563 0.360600106188297
0.196676577415615 0.271420176226275 0.213492979116231 0.17681418504715
0.370466957337601 -0.107982924669611 0.0160738753921179 -0.0178787893372761
0.148389725449792 -0.278424416959312 -0.0209089379212039 0.0449200825813252
0.0301779275643591 -0.213960579373498 -0.0761986276038755 0.00235286140981344
0.0352773129958281 -0.134111830987654 -0.209263831389436 -0.0183496031869078
0.0380029757070283 -0.0781434476478001 -0.29405238342905 -0.0896818525196972
0.0501453936832283 -0.0715097286739847 -0.249116489134613 -0.275875525512088
0.188776635761793 -0.0324026509129405 0.0629273217587184 -0.394783777361172
0.152488833420573 0.264965165906623 0.445912727376505 -0.144992120595714
-0.156454964102206 0.158222238578146 0.415908039281326 0.377925788146891
-0.122278157779033 0.255180882648346 -0.00559704239326598 0.800916875844412
-0.292620066452851 0.217678407934256 -0.510644072283408 0.79513373780573
-0.00256776402495568 0.538058351310816 -0.0975268966795718 0.219988321957077
0.244608206603921 0.221920290544076 -0.342762427853556 -0.0992547026048813
0.0580227535942486 0.0673424827070977 -0.358309122020837 0.357928455515617
0.231735218528289 0.209073375407453 0.198886397516514 0.354553843206419
0.3631104909407 -0.123243098128341 0.186252902958563 0.00818594901706044
0.150993536026803 -0.247572788626649 0.0732295421711652 -0.062317777105396
0.0853702155935158 -0.180499379011632 -0.0512534491220827 -0.0894765678429426
0.119862350911985 -0.117903614039246 -0.184674470566144 -0.066666742706505
0.132777448765675 -0.0599172795014791 -0.256855155424259 -0.097816439155334
0.124864738190207 -0.0281702932145591 -0.236574790795497 -0.248076154965547
0.225268443438432 0.0407934504686857 0.0100497578636173 -0.371950412752737
0.14567548091588 0.318051693442489 0.358451584499872 -0.221624755214159
-0.158390125306242 0.200236922089085 0.459157408099904 0.176416983732782
-0.0502607747538439 0.309854320315024 0.241307731126155 0.732871300401047
-0.284519734233932 0.478800507801984 -0.378796153454599 0.726720117350401
-0.208554770818841 0.745241090750993 -0.0458483122849321 -0.0602721026839534
0.271642495335033 0.4832212547149 -0.38037665227311 -0.277042977939261
0.224017868344432 0.109714876896903 -0.511672012740005 0.235114515690572
0.252529525407049 0.130561090867138 0.087932615823686 0.479644601717113
0.291411478495858 -0.114639580610617 0.292466104943424 0.0746171206486077
0.117495228937696 -0.157480187092668 0.158854598944756 -0.12385974906304
0.128833737029195 -0.106565602072235 -0.0106384344560727 -0.150709722544004
0.187083107805351 -0.0866879624091093 -0.129358867958282 -0.108586298244136
0.20492567165849 -0.0511094461718644 -0.185625868104144 -0.106915612415166
0.191913984846462 -0.0143322073580152 -0.168530564680248 -0.209747978372342
0.26170198713577 0.09019065284199 0.00885000334372637 -0.286631381054177
0.121856821726206 0.313758068322527 0.217160290612562 -0.214257976111789
-0.0761630152067451 0.185715380853428 0.431663531987285 -0.0541687709572058
0.0596246140645318 0.340158558631187 0.422751097825602 0.602139750446407
-0.199811043509713 0.67038428074528 -0.24610437952651 0.566190708386641
-0.355490209913741 0.803549209366588 0.0986901162371637 -0.331895048176355
0.20863294671589 0.627732942766683 -0.297575082466109 -0.452271793544856
0.287657656183923 0.14774018203613 -0.577705406270144 0.00295971578577636
0.21698590901113 0.0651453506992793 -0.0787038199843645 0.485213118759988
0.172299247267344 -0.0738119946271903 0.286979815744082 0.152979085411266
0.0709243693805545 -0.0301645162953726 0.207562613233863 -0.107922160772241
0.160594724872906 -0.00944203764202028 0.0445105708758238 -0.158747057779423
0.226029647778378 -0.0445850456398554 -0.0549539212523576 -0.133601250822304
0.233764720573766 -0.0411161170017399 -0.0958870405357504 -0.129959829122823
0.210327224747389 -0.0145359789521125 -0.0626722462744869 -0.198374459660949
0.237407415767834 0.0960203676526516 0.0844942566172081 -0.181693656538199
0.0811161692963402 0.212222574012017 0.0842249543570305 -0.108538543708341
0.0599511839173657 0.109248661143929 0.324542143265059 -0.212240057017028
0.190414913336957 0.328194223459057 0.473657031514608 0.451579936372839
-0.0771514388023631 0.783892856344003 -0.157654531478106 0.323115192664363
-0.369892789502154 0.745471114374535 0.289712761694322 -0.539728571084549
0.188135312163684 0.578378008693134 -0.100495917576808 -0.559516665571287
0.236467900081373 0.0781852000532887 -0.503685168939881 -0.273037329470131
0.106616197519446 0.0155680735839076 -0.254657439294514 0.353775951482554
0.0348869935266538 -0.0106913185544165 0.170466717815654 0.223898692506898
0.0329854169123068 0.0901580764999008 0.21599780477263 -0.0197328621482273
0.171228580762872 0.0726179855958711 0.108349909557044 -0.119806190443864
0.231220084422364 0.00757118943721026 0.0295391280252687 -0.140383756252792
0.218407684356412 -0.0106649351010658 -0.0145577146365385 -0.159336463776211
0.163295509495585 0.012824043292289 0.0500012122686693 -0.213149503213985
0.12822636790867 0.0733027513058895 0.187666942923481 -0.104107824106667
0.0246448862440106 0.0378081151683121 0.00190872601913953 0.0138321111026051
0.174242133068209 0.0154594616102042 0.217312155340739 -0.278280757446626
0.303757495880711 0.258987538137431 0.383314343683711 0.318667755177187
0.0181824763661308 0.796174592908916 -0.116605889932573 0.0382808101420006
-0.241199513454755 0.587625639413472 0.479439071024138 -0.654432190379943
0.229111009098396 0.330088266101353 0.149309828126313 -0.607757154002802
0.105157635869998 -0.027668866461189 -0.370010431195471 -0.508144841100854
-0.0013690312347912 -0.0299123017070496 -0.38030479887274 0.181567122404906
-0.0791379051558957 0.0479706704051996 0.0218798617212992 0.278850323615742
0.0146178140469401 0.166394724734146 0.2021683707498 0.0997218214911605
0.156585437391947 0.119907234652241 0.178524572125489 -0.0456920230753702
0.202951437778099 0.0549171000290906 0.11043842833487 -0.127227966352045
0.16988894701294 0.0442127774912254 0.0438003253111598 -0.176741147721853
0.0727351856869271 0.0782412578160348 0.116117326758468 -0.22943533299926
-0.0363639035849985 0.0529548897443583 0.250772273626005 -0.0662730659134991
-0.0353453278064316 -0.122386179854933 -0.0370533085602082 0.0716969492363482
0.204788796915015 -0.0790518620056633 0.157623998286055 -0.251670211427739
0.374847343452734 0.166128839237147 0.224398603897959 0.188929656180963
0.0490902723583357 0.697559177194291 -0.092630011437376 -0.22799418796461
0.0366185074528574 -0.494371866695281 0.060954339031319 0.425073000224469
-0.35018823888331 -0.145265484330308 -0.090381218124994 -0.0652599008279793
-0.18297154485143 0.146276569338461 -0.11143308319041 0.219203071432633
0.0728319471351266 0.21332598987289 0.0798143214658018 -0.0492669471638337
0.18445621999585 -0.0568974265212668 -0.236928917984617 0.0289436940202083
0.0247964572746498 -0.173084793151354 -0.123862259927914 0.216988309942501
-0.095023652299275 -0.135824376202909 -0.0779102158587859 0.149028393005109
-0.138382597064761 -0.105244864675788 -0.165364948642509 0.0757486879701945
-0.122175639004628 -0.121917819358256 -0.249975692799111 -0.0163324037501174
-0.0194000003137174 -0.175885329983419 -0.208484548479053 -0.199010152429515
0.148119402107958 -0.0928326341104166 0.0709888224896763 -0.312045649675587
0.0972734981070313 0.0964411026845004 0.452502150494619 -0.0904147062413288
-0.0393910396779079 0.0848130343171068 0.347031909304461 0.587556056378288
-0.245109603315396 -0.0193687159237416 -0.268082506365476 0.714731467209111
-0.0129283608632924 -0.373173049007488 -0.556150689295168 0.754610951033433
0.0893906519211165 -0.185824165758236 -0.00122623771882112 0.49692496598908
-0.206165265598754 -0.138700862175183 -0.126015218080592 0.0342176759701851
-0.181048498280231 0.182973022222849 -0.0996270646413209 0.277728331849886
0.152208558208802 0.265714590170014 0.149992320389247 0.0232758843487619
0.305184418153162 -0.0829250422575725 -0.146250441420204 0.000777050049283569
0.102814398267814 -0.247022914155277 -0.0904394951013673 0.153132073302818
-0.0300227160697277 -0.195119539022552 -0.0853750015786515 0.0923552299044435
-0.056436779227433 -0.130741691388397 -0.202683157968164 0.0309588523614698
-0.0540449344318961 -0.104042637192839 -0.289132338218175 -0.0664231514119697
0.00104546388018997 -0.133102344631053 -0.232000281555768 -0.263808481932362
0.173716469036456 -0.0868882678157385 0.0991315383587249 -0.36262649183142
0.136150706503412 0.187130983200287 0.466530246300807 -0.0798618494044945
-0.0882362028609 0.104189420719114 0.364923153706966 0.528919211140317
-0.180171277467946 0.172751565943138 -0.21039390269684 0.790851180029066
-0.196131966118041 -0.0728274137200555 -0.579904471823154 0.798203466635494
0.0856416293719449 0.190028760267709 -0.0702864846500693 0.423370990634881
0.053030292099866 -0.0293571253608952 -0.240747434172534 0.020924001697377
-0.115107899607554 0.117800176971863 -0.193474336386836 0.362303517612415
0.200881871610927 0.271468142427704 0.215601605059209 0.176621760097268
0.370634443623482 -0.11129433500739 0.0153811074811894 -0.0181316860809988
0.145426383469509 -0.281286475040492 -0.0198316185687964 0.0456427394528745
0.0286886776859878 -0.216188491767848 -0.0761996105536015 0.00288750435928581
0.033060076827813 -0.134875674463877 -0.209680548017368 -0.0166571366858139
0.0381221110754515 -0.0784191726749636 -0.295419845864295 -0.0880571927771911
0.0497038579211009 -0.0724338877721328 -0.253037979282031 -0.273380766863944
0.189235758486964 -0.0344699922981563 0.059906462736454 -0.395920579629103
0.155119113908618 0.264665059841616 0.446074949942913 -0.146961969299474
-0.155325207064438 0.160299845617 0.419112874071143 0.376684173306096
-0.122317296506768 0.257305298373984 -0.00177267280709781 0.801798706627306
-0.29285014040567 0.220508408422078 -0.508723449870545 0.800505443238575
-0.00958472082670642 0.537242264527745 -0.0968648762643254 0.220737481991113
0.248098650915535 0.220590348260185 -0.344726674126307 -0.0975209511034032
0.0593204516157439 0.0678362381889591 -0.356151537596905 0.361443760904076
0.229518234657022 0.210204289101712 0.204470597177038 0.354850897248635
0.365028455087455 -0.124632414800753 0.187012781460453 0.0061247099576835
0.147877774711146 -0.251193282175918 0.0732594555036762 -0.0634301490769593
0.0828112843946843 -0.182600856963297 -0.0523410111513561 -0.0896394622572325
0.118883079292713 -0.119588022377057 -0.184816427904011 -0.0666946323884861
0.133018453119896 -0.0605536164555227 -0.259179776991419 -0.0972325611717807
0.125090087815536 -0.033264173073035 -0.2454137280106 -0.242399034506447
0.227213965358245 0.038661312411651 0.00804593811699148 -0.374192858883831
0.149440733969529 0.318641739726026 0.359008356036539 -0.224634486517664
-0.153551641260199 0.20986635797687 0.467134502714321 0.165663145961435
-0.0486590955683902 0.311176979059854 0.246565870871658 0.732446008894964
-0.284190702758531 0.479651449045634 -0.374412599648841 0.730848459370871
-0.188323874983426 0.760538821877547 -0.0465696160014343 -0.0604890733596852
0.273089440983549 0.484684777553522 -0.382021028918726 -0.275808848032861
0.225111199847957 0.109071267086922 -0.51294077709405 0.239869370703328
0.255641812934648 0.129452305462397 0.0910651129625694 0.479358342380058
0.291664923196292 -0.117298400653104 0.293853266794233 0.0738595312631441
0.116700264335907 -0.160010724987822 0.158974275657514 -0.125727783408726
0.127115963577673 -0.108552973152623 -0.0116780566626769 -0.151189486443365
0.186669879041336 -0.0883942972448931 -0.130599920064525 -0.107510247733483
0.203925182852904 -0.0528313183188493 -0.187468790288607 -0.107039935786246
0.19272731867154 -0.0161655703118626 -0.170443575395885 -0.208927049806082
0.263822805987725 0.0879205792275049 0.00739298113637829 -0.287929559450776
0.125477338214361 0.315220021475243 0.216998506768103 -0.217176465200307
-0.0753765098298325 0.187822728379712 0.432591275434584 -0.0563197102991022
0.0615934729775805 0.341798818379319 0.428239661365341 0.603262910670882
-0.199135731461694 0.674494716136245 -0.243209136075387 0.568136273192972
-0.309958117922907 0.839586084608122 0.0917864275567344 -0.338048851426259
0.206998253276549 0.629137913580967 -0.302949928076394 -0.452611023038305
0.28976882493575 0.147006731008116 -0.580870354268266 0.00881271838970979
0.215605799634311 0.0677295582724406 -0.0748080200373665 0.486912465021439
0.172780684207631 -0.0750804174423666 0.287261355802621 0.153857297853816
0.0698214216943662 -0.0321449367430528 0.208157386040929 -0.107378491422909
0.15955276695376 -0.0175067856384002 0.0427142912059046 -0.159797521676438
0.226396475072628 -0.046574836869945 -0.0567756947231427 -0.133469434260866
0.233421390488829 -0.0408145910589762 -0.0988335980809307 -0.129772366804199
0.20966690268344 -0.00640650015196213 -0.0592634253103186 -0.197645644229414
0.240354157415228 0.0934135565350452 0.0828111862871082 -0.183942258460784
0.0860408074807705 0.211260921870482 0.0847692262484117 -0.109916563735462
0.0660610334531216 0.110458494080019 0.324531431750001 -0.21489415789364
0.197675070230577 0.327352282412269 0.476083159888873 0.453883422304529
-0.076806298334239 0.785142734805299 -0.158263347215183 0.323567045370808
-0.313496033338954 0.789529357056211 0.282668802245946 -0.546781386367492
0.192310445263475 0.579758470891247 -0.102525644990753 -0.560102650249012
0.238035822186119 0.0774572171328635 -0.507694884715171 -0.269376774561672
0.108167943824728 0.0139120917905379 -0.252806855332979 0.355720398908236
0.0358405405689362 -0.0111361178427129 0.173016211580697 0.223937891567741
0.0336702516047059 0.0909964046541488 0.216393642336719 -0.0218088908515958
0.172652906312151 0.0718230584296508 0.106577398434693 -0.120754157382221
0.232688672832707 0.0060662954639117 0.0290227590210416 -0.141029668295607
0.218459141465561 -0.0134984160775736 -0.016562655854112 -0.159995208539332
0.1636944384013 0.0121675448058879 0.0482768489390497 -0.214322891492281
0.128707957689563 0.0717836163080659 0.188850322196674 -0.106197105761891
0.0252550331424985 0.0374380967332378 0.00321458530086109 0.0138997707511642
0.17475182705733 0.0147502235019051 0.215757869130801 -0.280475600005809
0.305531833485504 0.256527483067602 0.387558681252419 0.318730398761849
0.0232290985614121 0.797748045626407 -0.116527020346688 0.0393068735482967
-0.216404711375048 0.605559907038508 0.469710203085899 -0.666558136158153
0.227165158581918 0.330972622238482 0.142915784843896 -0.613440575555708
0.105790634306513 -0.0279372267313365 -0.374956363990231 -0.508235180247699
-0.0012734895328808 -0.0304306107372595 -0.380732234678884 0.182188651032959
-0.0786795674745552 0.0482623593578102 0.0224155984787813 0.279460456428079
0.0163263951419658 0.167524058425357 0.202786515999267 0.097914705429553
0.159069494585198 0.118213474919473 0.178721983205829 -0.0496611355756008
0.204103460004018 0.0547603050091306 0.109834544217196 -0.128235450494573
0.170146332049305 0.0429834538450004 0.0412681467634162 -0.17865400565783
0.0733407041848303 0.0787514712461361 0.119402597049765 -0.226335839235481
-0.0364640885026664 0.0547742347712387 0.25175588107449 -0.0691298218381888
-0.037305341639458 -0.122788192378884 -0.0369661509630819 0.07228367455025
0.205887235698477 -0.0745038052115253 0.151441307284903 -0.260777254629245
0.373584577050182 0.16703164240191 0.224632818000418 0.190041209790999
0.0456023796536184 0.7000200422143 -0.0931399520974811 -0.227906770846808
0.0349004537758028 -0.496602459558779 0.0635383221637521 0.427905274612288
-0.353963413157804 -0.143691426907994 -0.0903955688307622 -0.0646860486907542
-0.182609302705432 0.147649238425794 -0.110605854498441 0.22078221214414
0.0757743220637041 0.214407882016294 0.0797902040569318 -0.049535752730023
0.184327396677539 -0.058859660320384 -0.238886320269495 0.0311785861980497
0.0243276114415068 -0.174068560717273 -0.122994465102792 0.219726301516428
-0.097148358623355 -0.136048358888175 -0.0774418731379568 0.150569757583591
-0.140242241158256 -0.105080947403896 -0.164962033404503 0.0773853021404981
-0.124121545211375 -0.122042710132374 -0.250037330390911 -0.0139612408453572
-0.0207297362718097 -0.176643165071709 -0.211605969314289 -0.198434786052969
0.148245754428542 -0.0948398367269204 0.0692981393567719 -0.313870142516951
0.0974214302302659 0.096161236997471 0.452372356688319 -0.0923998389689115
-0.0385636938298092 0.0857738349540685 0.352602455549777 0.591554911340103
-0.24632419291033 -0.0174088712186739 -0.264447408117928 0.718863328968528
-0.0143387326969512 -0.374496480837435 -0.555119249052499 0.759706748794182
0.08504283816381 -0.188966785558396 0.00223572482930337 0.499691801592901
-0.208332338487914 -0.137795974300346 -0.126313027452866 0.0359890450198525
-0.177752491719839 0.188525363326093 -0.0986970269604378 0.27925297945222
0.156239394015865 0.266431453022925 0.150635105310975 0.0224690069341907
0.306098396097926 -0.0873706682603804 -0.147184304136897 0.00286250828608514
0.101114207185781 -0.249525556846292 -0.0893474279261495 0.154630560807195
-0.0341218846156608 -0.195559376710687 -0.0860032292336864 0.0917106157088592
-0.059155360879155 -0.130764920121001 -0.20302207038649 0.0337547634467217
-0.0550934427335035 -0.103193679872218 -0.291819414227197 -0.0625643008907953
0.000664551440619432 -0.133411263645474 -0.233117362033952 -0.264867532943587
0.173437680823969 -0.0872769092282011 0.097868889845446 -0.365081896867416
0.138846536079221 0.18666413502214 0.468538690862397 -0.0825306955695232
-0.0877251568962367 0.106186841011434 0.37334798670097 0.525888811325901
-0.181126076584083 0.172392720237767 -0.206371753164145 0.795583509234395
-0.196987188219013 -0.0728525296259672 -0.583753284430287 0.803557477261868
0.0861093681750887 0.190327158086675 -0.0674483517119123 0.426159284423363
0.0524955370339702 -0.0294821500520259 -0.240827461145877 0.0233123769168141
-0.114296765993833 0.119843003833495 -0.192560982048737 0.3658522873421
0.20476554634802 0.271896273691051 0.218865797181987 0.175897223027745
0.372042456096703 -0.115465011396095 0.0152224536082307 -0.0168745071275016
0.143310630634775 -0.283357331035377 -0.0188751678722254 0.0465906604995927
0.0252091642287573 -0.217244251620628 -0.076573484782673 0.0032136636040649
0.0322488812624329 -0.135644974338826 -0.210560354151004 -0.0154456740667144
0.0372106685536895 -0.0792192671996224 -0.296569913942701 -0.08622237807032
0.0491085241011097 -0.0735136470067991 -0.256792371001895 -0.272940795834238
0.1895132411123 -0.0360064261737946 0.0577718852332211 -0.399480002531249
0.159742845761357 0.264420120152338 0.447236765838842 -0.151058877024851
-0.155075264506855 0.162875157976093 0.42390505496299 0.375791487251462
-0.120397850031326 0.26001827038947 0.00382707930193319 0.80660842195404
-0.292818483335367 0.224205063457104 -0.506086598354172 0.806746670931435
-0.0268049950898737 0.532948484327403 -0.0970135877638622 0.220964189435679
0.251624221447157 0.220261815968891 -0.347181399060022 -0.0969831410712511
0.0601532138046556 0.0686709376120064 -0.356316989820082 0.36448129820274
0.23076924396267 0.211512517198088 0.203344241758609 0.35713187000043
0.36585884856128 -0.125448191332382 0.1891851370685 0.00546982038771884
0.146146364722755 -0.254737294628403 0.0736575589574087 -0.0636900088293831
0.0770754901380528 -0.188680384508327 -0.052269821628857 -0.09035974388918
0.117454108131653 -0.122519993620829 -0.186875481462479 -0.0662013556465535
0.131798620799285 -0.062408634133295 -0.261425827254859 -0.0933827012176454
0.12450914257213 -0.0295377327734679 -0.245539691605743 -0.241945920447527
0.228752882230649 0.0372861925073552 0.00493111205858169 -0.374492700469581
0.150594150185862 0.31977131087417 0.358759465733621 -0.228331571548461
-0.154817537880891 0.210068566745014 0.473799997376629 0.160012474206209
-0.0502023880923276 0.311936755102688 0.250533065776515 0.738812499556906
-0.286016673533311 0.481018381071576 -0.375585932491082 0.735104929207672
-0.147312132891257 0.781683878511619 -0.048264177751643 -0.0603416923190104
0.278575834865823 0.485958227044057 -0.385166177249687 -0.276110435535338
0.227896159770714 0.10980786523697 -0.513579262024472 0.243844889497217
0.258586408434572 0.127443173068376 0.0939878850085618 0.482051800125014
0.294205437328819 -0.121398276399095 0.295697642537163 0.0717955439232411
0.115610672326166 -0.161564754939259 0.159029337737619 -0.127602138744641
0.125970167990675 -0.109882813273907 -0.0135169542694169 -0.152166101468711
0.186036235394741 -0.0899512224901124 -0.133089616747164 -0.106911415984568
0.204111726843327 -0.0547322393648047 -0.189566248334592 -0.105364694402413
0.192934525121448 -0.0182871869603534 -0.17344810639146 -0.20833473732477
0.266349808392334 0.0860173508356801 0.00501764555743578 -0.288289428174436
0.129973256646859 0.315710096294067 0.216297821196223 -0.219911913028946
-0.0731370503074625 0.191216615167624 0.435411780236146 -0.0594445217727652
0.0639053616129811 0.343524062303059 0.433591787160035 0.603387792724949
-0.196639736063906 0.679085037079367 -0.241877269718573 0.573150190850227
-0.281026949455589 0.860195079768943 0.0848910407041829 -0.34344377329742
0.208247925628731 0.630464675819281 -0.307194759472009 -0.451534824846107
0.293349307759279 0.145144601264858 -0.583930600897278 0.0136885275340119
0.221138075006067 0.0639948826479337 -0.0828283880444437 0.487316805237191
0.173666463916531 -0.0782773976903654 0.289655645368858 0.152975752231606
0.070145284456288 -0.0331247692429338 0.208034614358575 -0.112418866498003
0.160543227845763 -0.0159731242565266 0.0394454055885065 -0.164159005586044
0.2268757655198 -0.0465422735745423 -0.0582806679491699 -0.133446970324315
0.234202514012084 -0.0436081466126736 -0.101204171874974 -0.129552520440823
0.211998552603594 -0.01356225980563 -0.059885473319707 -0.198600336424996
0.245104770904381 0.0887694113949935 0.08169180827268 -0.185026086104801
0.0874618361556631 0.213353494057752 0.0845908865681389 -0.111022206708463
0.0615814787725826 0.110292346833912 0.320052659132468 -0.232436855405236
0.199587371971884 0.328610375087859 0.482845985191871 0.451777701780645
-0.075948690062933 0.787040450275768 -0.155481076593396 0.327627178954243
-0.314120645205182 0.792927639411957 0.279433810746601 -0.552553958021435
0.195196931134774 0.581669037988981 -0.105391882759508 -0.563408006668696
0.240580015271482 0.0771558707445998 -0.511497553584907 -0.268860738746953
0.109037592746691 0.0145251315772489 -0.251403637126924 0.358082622605395
0.0362710199422189 -0.0123812486649123 0.175565055025551 0.224145495650498
0.034368927809056 0.0909137685965664 0.217637085495732 -0.0252398053865676
0.173444964615654 0.06965559427574 0.106725651986865 -0.122114972743589
0.233607374516933 0.00366342907343724 0.0270691664520849 -0.142897349153851
0.217819365620999 -0.0141816301936895 -0.0184407132024911 -0.160048662264824
0.164328491002482 0.0109679615479562 0.0462076033537688 -0.216403990208312
0.130296130429951 0.0712660661592343 0.187343948833628 -0.108692976932467
0.026451746975545 0.0382875525385264 0.00351218943939493 0.0129371001479232
0.176280384749292 0.0141952037011102 0.216412270010307 -0.284087722553316
0.309454906291137 0.256089004070051 0.39113526158323 0.315195350478533
0.0273342888331942 0.802888661690253 -0.116514375741991 0.0395802452313833
-0.19229206292727 0.621662666160676 0.462773497428611 -0.67918205038619
0.230723829186872 0.331351547435064 0.139746769640327 -0.617410983486127
0.106287639553618 -0.0293137357298917 -0.375005603102449 -0.512005041686062
-0.00114023527959396 -0.0316910561358457 -0.383711107581282 0.17553756537704
-0.0781854768285705 0.0496988351467713 0.0242839289545763 0.28096901914311
0.0175383115711134 0.168181744268811 0.206416341814925 0.093463881463454
0.158263554081091 0.120497288310155 0.177801904708387 -0.0561315039968554
0.205321688093753 0.0542206392483411 0.10780265770838 -0.130884997040456
0.171178149231397 0.0410214287606759 0.040695489302361 -0.178957445493905
0.0762056482456916 0.0773507362260163 0.115089922545003 -0.232943244642418
-0.0358117701977396 0.0554845085175032 0.252052945450665 -0.0703261556403848
-0.0369931732696741 -0.122802527638033 -0.036387410639723 0.0724905532582443
0.20703067550616 -0.06694896553626 0.154477964659802 -0.259630813542945
0.372195937479269 0.171069271055723 0.228424332476364 0.188862096393508
0.0545334557786886 0.702536308900417 -0.0965605613139934 -0.22954403797372
0.0289472624113901 -0.500635306381435 0.0662958260935635 0.431895529818679
-0.357446154957742 -0.140893898216068 -0.0906848217293224 -0.0639568481404461
-0.181924753939381 0.150077860863278 -0.110092159355239 0.222848671231681
0.077960829755549 0.214695157318101 0.0795784499142296 -0.050706197443568
0.183931366197218 -0.0608289189512862 -0.239758521692615 0.0347124948643258
0.0224450408305706 -0.175824050750656 -0.120466085737261 0.221817324477401
-0.0990652482917657 -0.135946628521782 -0.0759701755070292 0.152777722735165
-0.141576325588179 -0.104097178987092 -0.164458795884885 0.0785433970571395
-0.125774358247711 -0.121094761431614 -0.251416002306912 -0.0122020195425717
-0.022255014749898 -0.177059526933507 -0.213542792537008 -0.196845421993415
0.148469173963658 -0.0972718882975175 0.0675443791597391 -0.315851404613131
0.0983983802164647 0.0959061212029056 0.455041871153903 -0.0969443399780616
-0.0377777835720865 0.0866752665883969 0.357016096347849 0.591413162429278
-0.247104466555068 -0.0151352771635448 -0.263301172513895 0.726208175262237
-0.0167299377399457 -0.37593909777214 -0.556102294253883 0.765910888858903
0.0876898672857273 -0.18951894458691 0.00356913008938065 0.502356440814504
-0.211420615096965 -0.136239746540881 -0.126180524639662 0.0377397879009042
-0.177685751999016 0.191261619828726 -0.0964523802993822 0.281945397043801
0.162983820145205 0.265222480226054 0.151218386351414 0.0226119682847023
0.306907568666592 -0.0930230476951294 -0.147757382235352 0.00365020312396543
0.0985583158750902 -0.253685866215712 -0.0884399072686599 0.156282946710377
-0.0356707445030876 -0.196730897377869 -0.0850033130317102 0.0938401410880324
-0.0604921518090431 -0.13118953300828 -0.203179264744048 0.0373170609406872
-0.0557214582880686 -0.103523748619521 -0.293366725065855 -0.0599272315434202
-0.000163480656594765 -0.134554610257237 -0.236062893141345 -0.26219534941782
0.174635023969661 -0.0894591459543724 0.0934077295989682 -0.367930443086126
0.141268400071284 0.186753501017713 0.469737429580182 -0.0858328507477824
-0.0873590057473971 0.106754007962637 0.375366298588273 0.529723597404263
-0.181807535953329 0.174852463365768 -0.203416774977762 0.799945772387571
-0.199135426040418 -0.0710474726007154 -0.579914731863966 0.812305034556431
0.0928348070681761 0.190811626467134 -0.0618280475979267 0.431028111953193
0.0524424281973146 -0.0292646127159936 -0.242665980638477 0.0249970729497001
-0.113221328242479 0.121892021098141 -0.19171309904907 0.368533789671251
0.208767193152487 0.270614512857713 0.220970407491475 0.175918926241126
0.37278520194647 -0.1204833081889 0.0148673394502066 -0.0170347362145844
0.142175421192672 -0.287021130576953 -0.0176318197797198 0.047151289558603
0.0239209585883087 -0.218584398810185 -0.0760159964871887 0.00383514359475118
0.0307191922967278 -0.137213852854242 -0.211251383191895 -0.0139242101772145
0.0368881171550299 -0.0803419722671845 -0.298666208407292 -0.0843384574759298
0.0489722265732155 -0.0742424150844885 -0.259868094892331 -0.27252547884757
0.190548511679902 -0.0374961962486064 0.053911747228965 -0.401342642231949
0.161512458851433 0.264902361252415 0.447471114923707 -0.156278379823148
-0.154494018597394 0.165370326148848 0.429069187897618 0.376460739245253
-0.120485667371839 0.262201431454363 0.00981489947599063 0.811882164230221
-0.293980214497405 0.227481119757933 -0.504787537383867 0.814267364386992
-0.011899920544243 0.541715853714581 -0.0950113545792275 0.223632402021993
0.251385284718523 0.22195243403444 -0.348292959828366 -0.0937028775803064
0.0627863961187048 0.068825819883837 -0.356767894562363 0.36915965820219
0.24011462195846 0.207983132056432 0.20622308078779 0.358641119618412
0.366614415111488 -0.133315232798168 0.188875719218504 0.0051234103489242
0.145678356450177 -0.257149351501231 0.0743809244686588 -0.0652533316245668
0.0769845301643439 -0.188887966335181 -0.0533335014913847 -0.090129755258041
0.117080087017663 -0.122995727823458 -0.188855344300817 -0.0634871040191367
0.132813990907262 -0.0632983614253859 -0.26379777618696 -0.09122615561046
0.12493818897776 -0.02745191518769 -0.242495178488451 -0.2460570838526
0.229312038592926 0.0361671691395656 0.00196129098445105 -0.375253699574584
0.155044378992324 0.320204289888579 0.359320672619867 -0.23248350616116
-0.158289875330445 0.20587317120125 0.471696741912584 0.168790402656365
-0.0498696874509776 0.314156563025489 0.258037805503568 0.738449015191008
-0.284690582364541 0.487926368733652 -0.370057154415331 0.741675592386869
-0.172726813362428 0.773381158220665 -0.0479859269589333 -0.0605082560555688
0.284259115308399 0.48713601046795 -0.388516896711617 -0.274323066283534
0.228962769375159 0.108920223313493 -0.515678957551527 0.249640477846075
0.262833610507187 0.12675309507787 0.0989824558945316 0.484463371307287
0.294568071619595 -0.125174371667683 0.297876979886479 0.0708296027668369
0.11423866272898 -0.163741023569965 0.159359351353794 -0.129706321996123
0.125220023200052 -0.11204637099248 -0.0148278064044343 -0.153007581700476
0.185767106236216 -0.0924388239974493 -0.134198608116745 -0.106545048056784
0.203954815266722 -0.0565116401720263 -0.191583209780626 -0.104803331096609
0.19436548400082 -0.019627802356705 -0.176100739407772 -0.208316507890176
0.268165961028468 0.0837815608738686 0.00178398160587515 -0.291128445720057
0.134599880038208 0.315907751084641 0.21559257183225 -0.223421924923171
-0.0721407312595651 0.194035093002677 0.437748578243275 -0.063350878913043
0.0661309866024141 0.345103428199619 0.442114062643234 0.604551485730795
-0.191277768751661 0.68655547486655 -0.239229352602272 0.577041772416586
-0.328973766565403 0.833845090919568 0.0901475582158293 -0.343390220697199
0.221940821384115 0.633405642258627 -0.309020036954918 -0.454628329316331
0.296469447134185 0.143900458677267 -0.586023968869476 0.0132015150613492
0.226941446054298 0.058068984170755 -0.0788821600478194 0.490208508158308
0.174389706648457 -0.083300353092893 0.292626413077733 0.150374486199834
0.0697370323964238 -0.0333094316170096 0.207719409222843 -0.116799089439783
0.160800055909791 -0.0114700584845443 0.0379403542857741 -0.165068884408058
0.227326244576614 -0.0494512454986839 -0.0608534830243935 -0.134742440985336
0.234051244881128 -0.0479078430204201 -0.101095021214153 -0.129751765384728
0.212489580423063 -0.0249137164373334 -0.0676735918335729 -0.199453692758257
0.24649000434229 0.0860082406384705 0.0815385348776399 -0.187243631661362
0.0881164281073481 0.21325813991873 0.0842635269563679 -0.112801436425793
0.0583753567134573 0.111482349695356 0.320958599879924 -0.234158740915061
0.196152152599818 0.331531017034598 0.489509106068291 0.451200076723336
-0.0685274243217639 0.7976274840895 -0.151563540577649 0.330002927746722
-0.364387995311271 0.762736155934836 0.283204378954291 -0.554924830318208
0.198280391037221 0.583707653081447 -0.108993732273965 -0.564246288790686
0.241924409089496 0.0759246175680604 -0.516553709189296 -0.268254243234823
0.109721567702804 0.0132808181636925 -0.249932162400874 0.363670404684161
0.0364591519542809 -0.0127987060743718 0.177221991551427 0.224170368183048
0.0351937007357633 0.0914157880231754 0.218219295911582 -0.02681694478087
0.174409122314289 0.0687344074468181 0.105927547119842 -0.124526479795807
0.235181360105992 0.00229480475434956 0.0258759950469863 -0.1435583132204
0.219718318183292 -0.0172911069468262 -0.0198101152316436 -0.160787003866415
0.165910130217928 0.00884401908081297 0.0437295597517377 -0.218587842083214
0.132494057282602 0.0704557978506592 0.188434260065035 -0.111426493372035
0.0264343952311916 0.0369546221743561 0.00401480583576083 0.0122409454254365
0.176675958374544 0.0132130278950413 0.216034149115648 -0.287259359663818
0.311712186205144 0.255782398782715 0.396389842607555 0.317319269198362
0.031495599439373 0.807788632085801 -0.116899901079776 0.0411349213861273
-0.217259478448479 0.610330683312027 0.47110379403383 -0.677774075325077
0.240265975252852 0.328260099309613 0.142573677251834 -0.621401604745861
0.106122521040863 -0.0289285638633384 -0.380401857364644 -0.513113827601508
-0.00143594001078222 -0.0306057287421021 -0.383769153880725 0.182750438334531
-0.0778206417882415 0.050120715321214 0.0288193171468141 0.282798647789747
0.0176134660207053 0.169446678722671 0.20831717470196 0.0914066208523454
0.158194770096666 0.12057906555255 0.178296746159144 -0.0562675686201132
0.205903164353021 0.0524587062480531 0.106813408844126 -0.132269640153693
0.172173688934417 0.0391519299052149 0.0399912144596966 -0.178262513968573
0.0780864043108625 0.075876317066929 0.106835382566548 -0.240598629988334
-0.0361540678941646 0.0552855259157959 0.252091818412214 -0.0723346899955413
-0.0371150710528138 -0.1228587786972 -0.0355522297710071 0.0726038185641654
0.207782704841012 -0.0759806177377807 0.159515250797921 -0.25684245396396
0.380046438216701 0.164978799248422 0.231755054130515 0.186640729911922
0.0645804391292643 0.70638641205396 -0.0985276298198114 -0.230347695519058
0.0263319215272513 -0.504678829200464 0.0696823279167135 0.433765653917915
-0.360118096416023 -0.13910365625742 -0.0913609541158141 -0.062829713887732
-0.181428696675705 0.153682933088089 -0.110164043782726 0.225299695502531
0.0815924903880428 0.215805362514255 0.0793639815870518 -0.0506146878928915
0.184434804117605 -0.0635098658374557 -0.241707777157834 0.0372889925536658
0.0196548925033132 -0.177281667496123 -0.118742795385619 0.225691033996142
-0.101855621793687 -0.135923490107453 -0.0749442905278569 0.154165174847232
-0.144229520254233 -0.103931573463422 -0.16435693498265 0.0805308523299783
-0.127303949628191 -0.120665069952566 -0.252481442116673 -0.0106572060573818
-0.0237241794241089 -0.177919188826188 -0.216617496112403 -0.19574562036629
0.149167387879922 -0.0985224961523316 0.064537494307225 -0.318031751260009
0.100011951580341 0.0952929505458837 0.456593617581114 -0.101058904842072
-0.037560933954613 0.0872305666469474 0.362785262352575 0.595054526092826
-0.249251828557228 -0.0129002487477659 -0.260541890254568 0.72746446717543
-0.0210607037852385 -0.378407014870002 -0.552728863232539 0.770696137653823
0.0903451153585323 -0.189973511011633 0.00767210849203187 0.507268843420228
-0.214472289302398 -0.133634345992396 -0.12658400225713 0.0398500410976274
-0.178811683590277 0.191847302654147 -0.0959227931133046 0.283949014300732
0.167727801982336 0.266123648260378 0.152430553609529 0.0221055911504674
0.308253154844401 -0.0968927142191879 -0.149187230173147 0.00542273669352947
0.0962346543178925 -0.255797879974471 -0.0859528082667654 0.158923458604411
-0.0363774471708462 -0.197236102536756 -0.0832884655564236 0.0962472743219619
-0.0620791275392499 -0.13203213476683 -0.204444669038183 0.0392919595438914
-0.0570665160974305 -0.103084082054163 -0.294889820383553 -0.0614401442413791
-0.0020277658302101 -0.13587241971896 -0.241700136866171 -0.260507730456856
0.174841242448667 -0.0928656675456896 0.0924831386094148 -0.37123752760908
0.143623411661326 0.187599903275417 0.472404632858415 -0.0905186100843447
-0.0876943391346359 0.106513871371132 0.378199863486586 0.531702102021457
-0.18110010290842 0.179379246925443 -0.199344136989585 0.808252184878165
-0.202286113717203 -0.0688435403939188 -0.575175261372338 0.824107235681903
0.0956460793142046 0.191747088937766 -0.058815231373522 0.434935110735105
0.0522000540284154 -0.0292226040370976 -0.242836416511837 0.0271354649034477
-0.112687855300925 0.124706746880769 -0.189090655762256 0.372914022790796
0.214351270962754 0.270979387009276 0.223395610336945 0.176142871754096
0.37403521108895 -0.125718523822595 0.0149750325898861 -0.0168579617317506
0.139182340859707 -0.291522402130842 -0.0172566805994805 0.0480961066262828
0.0221075882138895 -0.220210148798348 -0.0771706386091597 0.00412338894299918
0.0294939609265828 -0.138043522142187 -0.213280325128082 -0.0119438698642116
0.0357836288198478 -0.0808197517641584 -0.301655356909004 -0.0820752912520499
0.0482830773313088 -0.0747860589316319 -0.263225883146455 -0.270460232200609
0.19254482809977 -0.0403723880711546 0.0516576603116311 -0.404626235464119
0.165415786365933 0.264685679941758 0.448451902721531 -0.161061836184127
-0.154356272083231 0.167784678762985 0.434117573748499 0.37512323284882
-0.119718789644218 0.266015344362896 0.0133570254482495 0.8165929446153
-0.294909667599445 0.231418150248048 -0.50145466466211 0.822629413457659
0.0133389241663245 0.551275802878848 -0.0929107871229951 0.226755638709107
0.254797446136755 0.221886984358721 -0.351033623263069 -0.0912317820700498
0.0634019988546936 0.0700090211491279 -0.355989096261295 0.374080398586965
0.247491044763605 0.205281278919856 0.213180141870805 0.358515372423803
0.367933072512815 -0.143007333612005 0.190379197672038 0.00430363745647058
0.144511177506952 -0.260110634654175 0.0749670649876655 -0.0664293642061704
0.0786251178075346 -0.186734810577941 -0.0555441053071261 -0.0898584266083954
0.116531295783158 -0.124578430146754 -0.190150880328153 -0.0621080679587755
0.132375090480336 -0.0649515565767981 -0.265144760434942 -0.0921291971455459
0.12596838330702 -0.0345139073078488 -0.248665254663248 -0.244178735552546
0.232740934465307 0.0327490016272865 -0.00313081456900337 -0.379687204135504
0.160921457220277 0.319985467887476 0.358915273146166 -0.237608178217051
-0.156134935656364 0.212306103872923 0.474664856846244 0.16872788202738
-0.0436569256853222 0.318308619145695 0.263591469245301 0.741200054259116
-0.281516523605478 0.496163984045075 -0.369455341725478 0.749969958483033
-0.196768573811222 0.766588118445173 -0.0474972637823678 -0.0623058920772374
0.288517474988448 0.487960344981104 -0.391341058909087 -0.273644744029754
0.23145872900964 0.108105213704018 -0.517489217849748 0.254477202334312
0.266321499794298 0.125171585907633 0.104071641120914 0.487850535507698
0.296529863365096 -0.129456356058043 0.301419541910634 0.0696501097166022
0.112080087376759 -0.167000879394186 0.15894073850463 -0.132607383454018
0.124690270041817 -0.114454274382366 -0.0168989975803747 -0.153669482349908
0.185677737994037 -0.0947882146993891 -0.136075954630485 -0.104974345295196
0.204200086187128 -0.059558304805723 -0.192617596525363 -0.103012045202998
0.195018343889183 -0.0214385829884857 -0.179120511928358 -0.207112334330094
0.271857867390906 0.0809637066397596 -0.000122856123773692 -0.293132397122761
0.138577020611886 0.316477631412996 0.214438700674689 -0.227796416578727
-0.0713315048633599 0.195862684763172 0.440684450244858 -0.0677895685242688
0.0682793376623223 0.347819321587166 0.447669788431823 0.606171215159733
-0.18911273711979 0.691665971166925 -0.237695569129461 0.582255115873509
-0.341276759225453 0.833597947183544 0.0923744546665726 -0.345808464509669
0.230893985398053 0.634821941123476 -0.314050621783626 -0.453726481339049
0.296933403044979 0.145291177136916 -0.589488340672112 0.0179018089144357
0.226417090892522 0.060836490579643 -0.0640509211571106 0.498207845161236
0.175330856938859 -0.083530228277765 0.297504934449756 0.148660438276549
0.0702265071347694 -0.0345410397048876 0.208984256991491 -0.118642541518563
0.162003131468116 -0.016851809224667 0.03949277227819 -0.163269227672885
0.226690770303935 -0.0542598147820697 -0.0617033005135517 -0.134320567684824
0.234022441326298 -0.0504999116222282 -0.103581788946179 -0.129362280817128
0.212612645658617 -0.0208582512740779 -0.072302912830548 -0.201153485005223
0.246947127593024 0.0887508466149905 0.0792421365390233 -0.189526299051655
0.0941611957158457 0.213971277146809 0.0832124739472477 -0.115291756062747
0.066711731480746 0.113659448437806 0.326778563585271 -0.224904671378048
0.201687137199599 0.331162081308792 0.495261464801065 0.449973161495567
-0.0586384584246171 0.803597061501088 -0.153057979104581 0.331583220055079
-0.354104925709902 0.776545305929848 0.282549461306115 -0.559576020062398
0.207867921255254 0.585950791079736 -0.113354475862248 -0.567496118949783
0.244020783583841 0.0748224772552023 -0.522246042798972 -0.266804653537123
0.111058463273821 0.0121206989891178 -0.249231257016506 0.367277556862007
0.0363446671731162 -0.0139661154800955 0.181087845774729 0.224252852600504
0.0359921121409576 0.0913778358184521 0.219414074218425 -0.0298344456109875
0.175505912242951 0.0683380217102392 0.105124408955268 -0.125863723260871
0.235141111655972 -0.000536145211648269 0.0236623803222354 -0.144604221956125
0.220419840187243 -0.0191197036493951 -0.0227371845363748 -0.161978327868823
0.166494026329826 0.00751890229682092 0.0420874299547774 -0.220140157524845
0.133822211117308 0.0691159524477299 0.187221057136673 -0.114487921199266
0.0276429805968557 0.0374946270176805 0.00386090436793165 0.0127020201878202
0.179049064152006 0.0124884447163261 0.21526891245047 -0.291261218642609
0.315172854431877 0.255881414681641 0.400346531852581 0.314984655658673
0.0375891295375847 0.814746854231723 -0.118163298970103 0.0411452225827659
-0.229893236762507 0.606815334569254 0.473009492551624 -0.680148763457651
0.242794554315645 0.330203479527505 0.139830297081124 -0.626046122117119
0.106172661766424 -0.0290441024662354 -0.391756513191438 -0.510190540245672
-0.00234662155196022 -0.0315417129789054 -0.381094673945721 0.195781395005883
-0.0778543762143352 0.049554106611572 0.0319941573150273 0.284931723417611
0.0202331777165677 0.169750552529905 0.208325824259966 0.094004872141157
0.164228802020814 0.116162332373641 0.17933314753742 -0.0516305655768098
0.20824810743407 0.0493376495821063 0.106612016990466 -0.132458924372315
0.172826960552249 0.0377204547961039 0.035082235678583 -0.181716471335319
0.0769147628523917 0.0784176548710747 0.109481842261122 -0.239538773062121
-0.0349271840833338 0.055987912573494 0.253188828678099 -0.0785364249912394
-0.0394465915727878 -0.123808714995876 -0.0355346437505089 0.0733832806278653
0.20722982354164 -0.0876698442943665 0.153414165951324 -0.264823155046625
0.387483283208132 0.155759572920669 0.233647741952368 0.186975695871097
0.0689333863859081 0.710668818737195 -0.100086090747316 -0.231811086546723
0.0224987987274634 -0.508355981419786 0.0734260620487578 0.436519031228844
-0.364233406387506 -0.137395071655742 -0.0926843267311862 -0.0627819220738527
-0.181728940083226 0.156545191314191 -0.108871450019276 0.228660795655986
0.0853193176635922 0.216483618992793 0.0796016094114618 -0.0510154111781794
0.185374707920721 -0.0657702165725587 -0.242685329129808 0.0414182913443607
0.0187032192843325 -0.179419135877233 -0.115440231793022 0.229627644226049
-0.103642987780806 -0.135615267470477 -0.073271042824611 0.156009438688154
-0.14670090518387 -0.102543246246488 -0.165266819653729 0.0833566538537407
-0.128489307674858 -0.119682333905964 -0.254011904078902 -0.00671117672617887
-0.0258778395834671 -0.179026727804559 -0.218535529001489 -0.194830918681865
0.148745770308215 -0.0996025840633213 0.0618285327625021 -0.320637277118825
0.101274048900956 0.0955613675960572 0.457844421023435 -0.105162001989367
-0.0375990058090374 0.0877348225259609 0.370154667025002 0.59544218532623
-0.251164967050647 -0.0111164351105301 -0.255209271044193 0.738851232831266
-0.0239305445974326 -0.380884359983934 -0.551821815835363 0.785001990693096
0.0851925713520522 -0.193353626303934 0.0122457263111429 0.510377632268607
-0.216738500931164 -0.133881568333493 -0.127047384116695 0.0414002448493513
-0.177493168478609 0.19595176817766 -0.0950618627372471 0.286474309172665
0.169155214217507 0.266936808636083 0.153473388139221 0.0205133556042701
0.307942463503826 -0.0985810090813001 -0.150174285396553 0.00853083557754294
0.0947072137065014 -0.259270734655037 -0.0839062953159976 0.162135188990894
-0.0405639846118711 -0.199003662391561 -0.0832051152755662 0.0973103824850483
-0.0646261629609067 -0.131836271303579 -0.205883929881683 0.0387125159323336
-0.0584185952190014 -0.1039030303614 -0.297334739080973 -0.0571442279437455
-0.00314933942785651 -0.136062797287589 -0.24570285879595 -0.259133580466469
0.175874243693434 -0.094556120000794 0.0895208133600212 -0.374567546858872
0.146454521333562 0.186971647390372 0.474381231980783 -0.0945191996971813
-0.0875217383321801 0.110006290058514 0.38700375472767 0.531994349147289
-0.180026713751852 0.184205131029924 -0.193527476973845 0.814949218301648
-0.204215967890605 -0.0678870651705295 -0.575173607099523 0.831021014658146
0.0914901038724249 0.192761004160769 -0.0593166335267039 0.437476105478127
0.0525531412920683 -0.0297276646553295 -0.243984930846049 0.0300313402989862
-0.111564240981951 0.126987280800093 -0.188988776622236 0.376354490721404
0.220160964687494 0.269656263212392 0.22605943066257 0.175466110559963
0.375112889772081 -0.130582664762754 0.0144078564075153 -0.0168168511214111
0.136473565862933 -0.295530460064986 -0.0160510444347602 0.0483935971033067
0.0195018768381347 -0.222924832862637 -0.0770156065661272 0.00551300739804021
0.0275794689861078 -0.139444379251255 -0.214986769989928 -0.0101184350097206
0.0348067035347299 -0.0810693284333306 -0.303848105516759 -0.0797245747725025
0.0481999937342526 -0.0755319108284463 -0.266914211333397 -0.269232351342979
0.193143179702907 -0.0428740598412029 0.0482340509796874 -0.408344974472106
0.168363877315045 0.265474683888518 0.449757062057505 -0.166672882412894
-0.154468388260569 0.170759911386279 0.441359911174352 0.374345142669419
-0.117913509903263 0.267987635447675 0.0182585657135193 0.820977092500281
-0.29574989680788 0.235568625906548 -0.501776048449613 0.828165295100656
0.00155347430628336 0.552128869323888 -0.0919347971744773 0.22846095011314
0.26130046512481 0.22003686872296 -0.35461271777651 -0.0903596608688128
0.0637581121893218 0.0706334180885468 -0.35533074653138 0.379830006388799
0.247266761511654 0.206745871784475 0.220196364785395 0.358298240605732
0.369857874897996 -0.14564188482107 0.192004907376098 0.00184369320429263
0.141855080482161 -0.265272613505333 0.0740463025360786 -0.0678036529589588
0.0741424531141337 -0.192241913642972 -0.0566393039126886 -0.0907486115167812
0.115842563286912 -0.127209326598969 -0.191935382015657 -0.062372070050127
0.131235903760268 -0.0674001425503709 -0.268205537643515 -0.0895565550037968
0.126554823257414 -0.0380775691296408 -0.258021878629438 -0.237354549496336
0.235572431317867 0.0294739501122403 -0.00617396350466546 -0.381972282539027
0.165883756227261 0.322065436476317 0.359347726200953 -0.24215696025098
-0.1499914884107 0.223452722183762 0.48623537483324 0.154207665105347
-0.0414965246473448 0.321949142944391 0.269549716187551 0.746550658296174
-0.280397479020748 0.501862403592166 -0.366557130193547 0.757135789153948
-0.161653393736788 0.790262068070047 -0.048766260541379 -0.0626146712571204
0.293642989214652 0.490386227624793 -0.396485504131905 -0.270977159184208
0.234344098452456 0.106964601893733 -0.518483073053837 0.260704273327068
0.270215773567159 0.123852062924427 0.10952423792437 0.490381973165082
0.295930869848244 -0.133894611738899 0.303432050354655 0.0671189510732142
0.111779686835743 -0.168890543691323 0.158754983668943 -0.136096173494839
0.123711929833484 -0.11721403854221 -0.0187000107569957 -0.154677317049286
0.185206961297753 -0.0972093264118337 -0.138405092056088 -0.105394183799883
0.205029689103969 -0.0624799509125042 -0.196214149755783 -0.101852029627515
0.19550263575969 -0.0235037602529137 -0.182655701017393 -0.20772703458035
0.274254130489213 0.0794294879661132 -0.00406056752429068 -0.294573546979483
0.143031789884574 0.318457244427561 0.214160122178965 -0.230917135424586
-0.0696622635531694 0.198584382392455 0.443417225752631 -0.0708048045151105
0.0721575287866458 0.349432363131234 0.458372200422717 0.606293414548901
-0.184536233375558 0.699774496127077 -0.23501258252696 0.587418776954822
-0.282179212832831 0.874097598221622 0.0843328758177481 -0.350327547175541
0.228664825751853 0.639618100948752 -0.323385918318843 -0.452864112738111
0.300429071830017 0.145499290919918 -0.595051030768983 0.0258136293633405
0.2265278316922 0.0628297695202456 -0.0611959926520113 0.502347334223743
0.176188886505836 -0.0850929627123665 0.300304353404671 0.148635281803634
0.0697651750187055 -0.0371051113493435 0.208890695130679 -0.119898454203303
0.161078027917457 -0.0243079954512319 0.0365356778353608 -0.165306996783165
0.227545272816279 -0.0558835942411725 -0.0633633292802352 -0.134620263351203
0.235364413020521 -0.051526039494435 -0.108328702359463 -0.128748160767753
0.213970118232823 -0.0150057325352765 -0.068479030526466 -0.20049030276473
0.249997710660952 0.0848026782509362 0.0784029371663778 -0.193089002738633
0.0986550115604356 0.214120746253747 0.0839052053474526 -0.116775173262053
0.0724732309021489 0.114088143515167 0.327252816233407 -0.232923898549482
0.211969666379634 0.330952897995023 0.502008554616563 0.449745099932169
-0.056005328601076 0.809099589133349 -0.153027697012207 0.335417188988015
-0.293375934262061 0.817348126079461 0.275306684348471 -0.570335809824164
0.214564757145561 0.58751250068824 -0.120170538029152 -0.569731073007969
0.245574563921283 0.074953658504234 -0.528283207310427 -0.26376333391609
0.111995508407872 0.0114943307093289 -0.247074025214363 0.372440381156599
0.0382598147445103 -0.0156312061528398 0.184317440849453 0.224719259845681
0.0376328416717629 0.0906493851261063 0.220353295833558 -0.0328252076071381
0.176904637908893 0.0662518715546755 0.104138450825383 -0.127557109251291
0.23711152211178 -0.00305884056702191 0.0214698309288081 -0.14555105164709
0.220482073624782 -0.0219854696233464 -0.0247462321246834 -0.162516329903714
0.168111310777709 0.00632128169894972 0.039399263302859 -0.222466785365474
0.136056590968841 0.0672674466652843 0.187396660103174 -0.118434321009049
0.0292290132268827 0.037669132708757 0.0038432851258483 0.0126411431920466
0.18072019581676 0.0113382838704998 0.213915370454207 -0.295980721164042
0.319642314753553 0.254514646926541 0.406892190875938 0.313300848772053
0.046167603002546 0.818029446552572 -0.118470708371251 0.041927463018152
-0.196204518731416 0.630631558821895 0.462415857532527 -0.700172494244787
0.243051314570433 0.332758723135469 0.132018073846741 -0.631555199081376
0.106911466285518 -0.0303940344695549 -0.398545467321632 -0.510881052267136
-0.00202079126105791 -0.0317534257343111 -0.384765908618955 0.196157534720454
-0.0783239221910533 0.051326637562943 0.0328261716015939 0.286137622278059
0.0233956452565972 0.170615342606524 0.210974226311269 0.0910643305381505
0.166633127538005 0.114278630032792 0.179188328311413 -0.0572540687465831
0.210005080357053 0.04785708452547 0.105227606991161 -0.135161367226104
0.173528724749881 0.0372403045992452 0.0323779957362348 -0.184498552680147
0.078259402101807 0.0785248184227489 0.112222905643791 -0.238050296676502
-0.0346880754140462 0.0576072073230772 0.253357896547569 -0.0839465917440165
-0.0417461381599468 -0.124213813818993 -0.0351134344034021 0.0744972773242605
0.208853961568804 -0.0809868182497683 0.147752073247327 -0.27354207541083
0.386677858631284 0.160290402429703 0.235710775978113 0.187561989805909
0.0704418839109049 0.717147021202191 -0.102342456880706 -0.233444360704055
0.0182245368874131 -0.512019371202278 0.0783663583277742 0.438948795083436
-0.369129111674425 -0.1335897373053 -0.0943057052357391 -0.0617250828175248
-0.180706148837395 0.159971099131596 -0.108106600876765 0.230457477125496
0.0892124364431263 0.217201333059924 0.0796333220248391 -0.0514735784031135
0.185638744713662 -0.068282460526049 -0.244311517028682 0.043880080549952
0.0164155279960969 -0.1809912940984 -0.113733972185273 0.23217192827711
-0.106385649024707 -0.135310756632719 -0.0712404004695244 0.158750481483392
-0.149047963646283 -0.101202839317739 -0.165442783834715 0.0855509441883913
-0.131179521800347 -0.11986936887546 -0.255990892022577 -0.00486478323878702
-0.0275656058121194 -0.180528596838993 -0.221683819452259 -0.193425303897574
0.148449231898626 -0.103351380404544 0.0591969056601366 -0.323340174281289
0.103378086716425 0.094824085193694 0.459468540092526 -0.110132097697775
-0.0361346660932369 0.0886133406250275 0.378896928597344 0.596363113029811
-0.253424443543789 -0.00878994921594283 -0.251939453312088 0.745656951266467
-0.0278414274591526 -0.383542141810905 -0.550465756033074 0.796652240973008
0.0805137528426019 -0.196917732596445 0.0172200791919618 0.515388424325888
-0.220300515802742 -0.132609533942874 -0.126879292679078 0.0433293182971699
-0.17487690956247 0.201379946197025 -0.0923789440955195 0.288845013930264
0.175730445948534 0.266891505967621 0.154997569779442 0.0197656768553171
0.309754699953267 -0.102785058892874 -0.150409078563241 0.011070021233535
0.0913235861731685 -0.262817285918201 -0.0831352693202762 0.163883612796247
-0.0454597392154739 -0.200111499993986 -0.083874495166536 0.0978867753502825
-0.0668666116287397 -0.131914007665589 -0.207193367841435 0.0426004080644639
-0.0603554231826739 -0.103853666610929 -0.300875933413365 -0.051990275146233
-0.00393043113062336 -0.137107496340123 -0.247800006981094 -0.25853966458685
0.175032797843358 -0.0965371482293256 0.0859724048719884 -0.378310975210419
0.148596330482776 0.186518292197854 0.476933913505289 -0.10016586300403
-0.0865152020434354 0.111910379926103 0.399389631839002 0.529830782215798
-0.180656625336412 0.18454658405467 -0.189243084432593 0.822283114940744
-0.204996710371489 -0.0677317744719639 -0.576377750932519 0.842037229918291
0.0946297853035215 0.193236818665638 -0.0553305785948839 0.441588927049866
0.0526246939113701 -0.0300354625527046 -0.245709801101173 0.032401096806676
-0.111162222054327 0.1298474024606 -0.185996232771071 0.381144576863369
0.226053027181699 0.270716062689937 0.230921732095103 0.175117196130976
0.376734734362955 -0.135639804005307 0.0147223659821394 -0.0167842409039496
0.134047448092256 -0.299986888896939 -0.0150880058604353 0.0493615205478293
0.0158148020532897 -0.224908077509684 -0.0779982505063894 0.00594691619370284
0.0260713955895748 -0.141341287965175 -0.216078515599403 -0.00808562032109935
0.0338740721958977 -0.0823309201203843 -0.3063055622849 -0.0773666442999663
0.0473610518232478 -0.0772455974290582 -0.271460817059138 -0.268152406605323
0.194291133093355 -0.0446429705163334 0.0433535089519222 -0.411380866042319
0.173671068882152 0.266592018546731 0.451989697485807 -0.17146258173933
-0.15405367359622 0.174546431651103 0.447220340860978 0.374833720232326
-0.117077572767239 0.27210861396899 0.027896546651409 0.829301214672828
-0.295441707711278 0.240511387285177 -0.497302894621893 0.84085650656543
-0.0109175690612191 0.551160694296286 -0.0912345497836692 0.228891171023976
0.264840669725296 0.219503336541678 -0.356585990470086 -0.0860272744501767
0.0658121035130682 0.0711493187185089 -0.354705573949441 0.386604735788631
0.250617589587283 0.207347956989092 0.221188969540147 0.361732931465826
0.369902352409572 -0.146955950927571 0.193913328681772 0.000735872590662268
0.138817519141926 -0.269569155672586 0.075120752630061 -0.0689646306900824
0.0685417942723413 -0.197752619137121 -0.0568146448152474 -0.0908838990745343
0.113863432164342 -0.130829889449731 -0.193144324035996 -0.0603821019716156
0.1324281403015 -0.0686447468254241 -0.271190751273146 -0.0858329014923095
0.126692493825866 -0.0347791950715125 -0.26007073552478 -0.237326739170698
0.237043505965383 0.0278268197752663 -0.00860128911205045 -0.384871611357303
0.170106431392116 0.322906992651188 0.358191100226042 -0.249850259883807
-0.152285790642504 0.224188119717445 0.490618596703312 0.14979783174594
-0.0431677126726399 0.323291052937297 0.278201310905105 0.745574147629311
-0.281629607852903 0.505070097183729 -0.363181549795387 0.764225431818861
-0.125888219597855 0.808606303286971 -0.0506429680233146 -0.0623304604861529
0.301619104421353 0.490276653808165 -0.402201494899354 -0.269777272480093
0.237763311943378 0.106941250920123 -0.52055977483947 0.267530840345554
0.27545826425625 0.122111726935837 0.115093988811023 0.493411757561474
0.297686905582348 -0.138780126946308 0.30628450507165 0.0647741236784
0.10945024628434 -0.172877562642505 0.159063760251466 -0.138751327388455
0.123159165210924 -0.118701066856029 -0.0215708988308093 -0.155494598565165
0.185289097193543 -0.100276831497158 -0.141242488000422 -0.103857315664325
0.205690200019108 -0.0651839623448463 -0.199271587276522 -0.100499686372527
0.196192234719184 -0.0259040654664734 -0.186801345907141 -0.206488558093273
0.277195572255703 0.0747099814065356 -0.00688858848372022 -0.298123796793048
0.147790169650452 0.318559028726876 0.214132509326778 -0.235652316977134
-0.0678544536532382 0.202526036123166 0.445819785411301 -0.0748093841864906
0.0747354724457923 0.352721000003744 0.465663911006413 0.605169256058798
-0.17986907174238 0.70654456854419 -0.232898527334695 0.59426730092403
-0.266266153618461 0.886847945555424 0.0774763191490494 -0.355851171414148
0.234172151698527 0.642868800674222 -0.327921342216643 -0.454419680465101
0.307227784178692 0.141078721547296 -0.599680718817008 0.031845708724876
0.233178348559726 0.0562601326259765 -0.0665883861568858 0.502278665191467
0.177480477251201 -0.0906409874375161 0.301802939024478 0.148632731108323
0.0686586499385244 -0.0379983533750115 0.208702225711781 -0.126074906634359
0.161597033490464 -0.0225866291179274 0.0314321990431051 -0.170512496095007
0.229363228564901 -0.0561716818892976 -0.0657254350170575 -0.135332668469386
0.236134276537107 -0.0548959181702945 -0.109512348742253 -0.129759725086955
0.215650614784841 -0.022974049112156 -0.0702198471812653 -0.202117301193035
0.25558164498139 0.0784760664101525 0.0768758714938406 -0.19471998010502
0.100452291843219 0.216494031889891 0.0837675974721933 -0.118567521362985
0.0664263621641562 0.115162869838623 0.32177228608302 -0.250458333288527
0.21380461812051 0.332755877166336 0.511614148573788 0.447446821348251
-0.0539037894165889 0.814974791490524 -0.149570122024494 0.339084024124714
-0.306176889866906 0.817265083494446 0.271861254391632 -0.577932888750168
0.220797185031737 0.590995104677786 -0.125141801577234 -0.573183309064878
0.247724657905008 0.0729969025363488 -0.534713640985934 -0.260136471637412
0.114333229085891 0.00983893381772119 -0.243792700048765 0.376614020780174
0.0387084985243949 -0.0163568625475832 0.188899703652708 0.224628669256368
0.0388728672716602 0.0914827316123136 0.221380886776188 -0.0361598981773526
0.179071553272038 0.0649351289734447 0.102637513085922 -0.129861174734131
0.238880996398924 -0.00523203406251208 0.0198314787936278 -0.146863288377422
0.221487470083335 -0.0241234445141279 -0.027328027889478 -0.16314554707991
0.169051516784043 0.00391869506405727 0.0368598723920363 -0.224615792183034
0.137677690454089 0.0667301216398541 0.188451900113113 -0.122015380163137
0.0299492654243482 0.0376141669138027 0.00419228706593401 0.0121772477652817
0.182157140722471 0.0101203173687583 0.213791025773082 -0.301064192899672
0.325287076924038 0.252683729518422 0.412486821886891 0.312530538513681
0.0525772385551892 0.82437483961409 -0.11864516188002 0.0431748072365658
-0.177421566310367 0.642328307225148 0.45610846734646 -0.713127225459587
0.24950408865235 0.332497976245187 0.12716443366839 -0.637295673671702
0.106789720818159 -0.0318557400522123 -0.401304578641802 -0.513734046425845
-0.00201550776186806 -0.0321367902051403 -0.386877741573885 0.192475122482739
-0.0776105371158431 0.051889254251619 0.0354529910860868 0.289170238103874
0.0240222196489405 0.171800112425276 0.214307496419553 0.086301116461506
0.165579926439765 0.117430920461468 0.178587673979167 -0.0655950520488772
0.211837072422749 0.0479675221274925 0.102321936135644 -0.139831004047921
0.174949411460481 0.0339186339748102 0.03286074643156 -0.18351372756229
0.0823798101803723 0.0753635379410973 0.105916278676691 -0.245385907286325
-0.0339272297355275 0.058197729239731 0.255507313574489 -0.0847086256050655
-0.04194483896021 -0.12476137565363 -0.0347749369768666 0.0748302656480023
0.210352136379965 -0.0752615004748098 0.151594224529148 -0.27291157430138
0.388247372365744 0.162253593745017 0.240206516820257 0.185470196415006
0.0766762409782318 0.720027567194106 -0.106619467931165 -0.234509720523343
0.0117876950877895 -0.517403465823993 0.0831064025690728 0.442258208672962
-0.374067829136729 -0.130169118269397 -0.0945604823322227 -0.0608106106021765
-0.180881015463429 0.163409302076815 -0.106565571876086 0.23325175272186
0.0936502436131433 0.218427716450652 0.0802083540849613 -0.0531413532758837
0.185904395674086 -0.0718938042009827 -0.24547413845684 0.0481599096168163
0.0137292636270373 -0.182740099595313 -0.111035763956087 0.236018490516264
-0.109499055799395 -0.134812897471159 -0.0700245855096377 0.160726954136056
-0.151021441712647 -0.100330944161643 -0.164891296230721 0.0878955717109324
-0.132944896278573 -0.11851805303036 -0.258010423743337 -0.0021675401252182
-0.030575078585741 -0.181357068541604 -0.226166384139236 -0.191910261395683
0.149625759593648 -0.105824011903693 0.0554628608995495 -0.327764851118382
0.105370650412519 0.0944225782463457 0.461095014678011 -0.115100709748211
-0.0355364592019337 0.0903032758594522 0.385998169048449 0.598833801158838
-0.254706428884551 -0.00503960946315316 -0.246284653928167 0.752044607310774
-0.0315856826722386 -0.38626684547544 -0.546124947495143 0.804401885465987
0.0837005159209662 -0.197391168578819 0.0225390439979215 0.520307845383039
-0.22372218919973 -0.129933243697102 -0.126743087662221 0.046316397190425
-0.172442805711733 0.205503137706091 -0.0898960367392055 0.293206393087937
0.183913269995137 0.265710944526984 0.155729719192649 0.0189536543716861
0.311112829769442 -0.110271521860586 -0.152556618068465 0.0125642505251556
0.0878267932681306 -0.266844894974474 -0.0807135200843546 0.165799451227376
-0.0477445489174535 -0.200312337828818 -0.0818059755786687 0.100307990526313
-0.069448057115511 -0.131688628238502 -0.207395851005435 0.0468717992449163
-0.0619970717700478 -0.103329500138777 -0.301922597894494 -0.0506228929074443
-0.00602586045283914 -0.138515572576378 -0.250742336099027 -0.257871856162268
0.175720243430961 -0.100054827195819 0.0819358536978661 -0.381160697173391
0.153146749761153 0.185169135263746 0.477502257481909 -0.106083571634841
-0.0856627552459544 0.113429613971783 0.403016982820687 0.531917280447789
-0.180087667352861 0.187867599552184 -0.184303126236648 0.827849607179149
-0.208478428586871 -0.0647441538574462 -0.572012613708578 0.856576952020659
0.102802175417184 0.193413461246968 -0.0476422198142812 0.446890779251976
0.0525897844081084 -0.0304696964764173 -0.245897867981988 0.0360269113727934
-0.109507559947407 0.132619626144494 -0.184159383346771 0.386034914281058
0.232356276730637 0.269374353598578 0.233594957634552 0.173550715191412
0.376908540305052 -0.142766101223482 0.014607211609113 -0.0157834774947147
0.131260783255537 -0.304084387805517 -0.0137388220702072 0.0493593423954599
0.0119718529096584 -0.22648625938058 -0.0779925953905924 0.00673879351918261
0.0235610065790567 -0.142269266990294 -0.217005749735632 -0.00509192047027604
0.0332557422071552 -0.0827739850139655 -0.309400761797142 -0.0745267553397811
0.0469753296184234 -0.078385459040023 -0.276081937996722 -0.266023335167188
0.19537703625262 -0.0476569112306039 0.0381455197392466 -0.413365743728363
0.177929509413872 0.265902646727762 0.453326110431511 -0.178889486341978
-0.15292863360005 0.1778359514991 0.455426320467447 0.371946756543564
-0.114472494853786 0.275719986124429 0.0347280920369017 0.834783849624837
-0.295556105023452 0.245256366514033 -0.489977986459545 0.854579514507606
0.0144350827880961 0.560594178179799 -0.0885198616644618 0.232600992861445
0.267398935281941 0.220862636549911 -0.360719486607716 -0.0829180342814031
0.068737889244358 0.0716212970542035 -0.354322601472025 0.392613489274135
0.262907272529943 0.201667880595947 0.226458984460582 0.362088671028263
0.371621266982495 -0.155451802971416 0.1939950878535 -0.00112033708990701
0.135804286976438 -0.273441485805161 0.0753398531281249 -0.0710928319512973
0.0676378272942555 -0.198167591254736 -0.0592904013940581 -0.090678251065188
0.112704304440598 -0.132463909353815 -0.195846270062326 -0.0559138921775371
0.131880879253015 -0.0703440050601653 -0.274614200848585 -0.0833114243649778
0.12646903474956 -0.034593252353986 -0.25989507690927 -0.23965249896423
0.23933124388841 0.0263575747058398 -0.016155640296381 -0.387016853806584
0.174999987911513 0.322848803185676 0.358401484777696 -0.254879022803268
-0.155134133684142 0.221505208348489 0.492254663704717 0.156319568922865
-0.0398799980741642 0.326753559534398 0.289886399879505 0.749381075222717
-0.277628407145612 0.51348725337677 -0.357656952693637 0.774634918458906
-0.157010610374992 0.800352101802988 -0.0507806521379006 -0.0618769557767606
0.310068596545079 0.491462717662453 -0.407889888431483 -0.267714743425611
0.239984204271719 0.105642422886027 -0.520365845379786 0.275000765500278
0.280231381787377 0.119160078069805 0.122304957046554 0.49581696771009
0.29760237964972 -0.143845618266231 0.308763938913835 0.061437163902366
0.108454822803618 -0.175321615670931 0.158033325181605 -0.142357301813659
0.122218192358536 -0.121442262266315 -0.023325345143185 -0.156272042634086
0.184518387590516 -0.103366922590716 -0.143371718479771 -0.103727876244546
0.204963377606203 -0.0675246666786623 -0.202548245895684 -0.0994079598909961
0.197767711066861 -0.0287862136476129 -0.19119244363023 -0.205185457260084
0.280581777826478 0.0714787629311032 -0.0120045877370297 -0.299626063060107
0.15365249171274 0.31984417022926 0.212909840417785 -0.240304284360246
-0.0657659876141746 0.205703561563783 0.449411667455003 -0.0817126900380353
0.0787344167902015 0.354672294838239 0.476222409510827 0.604029026693539
-0.175635136028442 0.713698356822068 -0.226841370094584 0.599889025326651
-0.318089329888633 0.867357644357014 0.0820533759271602 -0.357428921922585
0.252754742573319 0.644103432603564 -0.332555071168391 -0.45458669413549
0.310218961248136 0.13845771354553 -0.604086978841789 0.034527665851237
0.238243660747268 0.0512859008215198 -0.058482900706947 0.50945222506611
0.177965455956879 -0.0959757340698907 0.307813861329864 0.14422859885148
0.0692213562156679 -0.0384445519307767 0.208325315372205 -0.131123703315017
0.163693476648416 -0.0197670078940143 0.0314397476524975 -0.170589970360215
0.229728940755024 -0.059817242875194 -0.0697676446878648 -0.13485589834274
0.235610240892297 -0.0597769518053096 -0.111112362729233 -0.128187452542944
0.215127285776453 -0.0353897267754194 -0.0804953529432387 -0.202688712096563
0.257438030995998 0.0772240775268916 0.0754449283960323 -0.19712847826727
0.103285294151955 0.216213615334928 0.0824256617257522 -0.121399918984603
0.0663401489579769 0.115828602094782 0.323679583832532 -0.251720134570696
0.211943719615557 0.333923169179488 0.52080142651241 0.444977556475115
-0.0413702414211969 0.820265013639282 -0.145402740347594 0.344111058057013
-0.352435884591586 0.796937724098673 0.272075288804178 -0.581821521005319
0.227282785587991 0.593241885588887 -0.132436898720778 -0.575378696312769
0.250122330921329 0.0711716097305287 -0.541356591396991 -0.256528344851126
0.114736969291801 0.008466757169816 -0.242222488375898 0.382855359631325
0.0390834551469989 -0.0175723394538307 0.192823912565595 0.224402175691403
0.0397516261946767 0.0916818379464449 0.222404181467245 -0.0400563262282485
0.180511104766195 0.0632964967157284 0.101907140405471 -0.131537398185947
0.240849737947777 -0.00935671801612379 0.0186774902100314 -0.148558799580443
0.221949618026569 -0.0278911450148043 -0.0298008755813601 -0.163994641153445
0.169700803429014 0.00182889005940603 0.0333900479632479 -0.22664719561405
0.139258103219514 0.0653332584219267 0.187179384520743 -0.124899930199126
0.0315854454407794 0.0376804799761887 0.00432913165304531 0.0117160464200203
0.183811264708744 0.00807189953972863 0.211377981370936 -0.306563854845467
0.328966320661459 0.251769498782167 0.419401811693279 0.309040934841768
0.0642704310035308 0.830872922121553 -0.118837793642479 0.0444577782721966
-0.207825090982929 0.631944999072831 0.463637241512773 -0.713681219571913
0.259032067878694 0.329230767064534 0.125568715937768 -0.642511757666573
0.107647085233303 -0.0317335912527085 -0.411105019033809 -0.512120708449437
-0.00254019868375912 -0.0324514646903053 -0.386082678526488 0.203740276955311
-0.0765914812355066 0.0534296582875439 0.0414366849796218 0.289736555814519
0.0256144949301753 0.173128587493981 0.2155816410262 0.0853292960269806
0.168009628493659 0.116225070870859 0.179610659697931 -0.0633743515919498
0.213608012543173 0.0441619460180072 0.101218507932804 -0.140365003475277
0.176826926599235 0.0315623906886577 0.0303911128171358 -0.185225906966976
0.0830937766298767 0.0751858016150335 0.0966476425687034 -0.252708443723989
-0.0336409941078746 0.0582195345675781 0.256239982003108 -0.0882604445404467
-0.0430202965468087 -0.124791179540048 -0.0329002575563871 0.0743661042172299
0.210073472949344 -0.0869681675708106 0.154210601312987 -0.271873290768098
0.39741462671343 0.150709418912004 0.245056424143842 0.182978718517784
0.0921733149898193 0.725249323514091 -0.109428319027932 -0.235877373534329
0.00425905797450999 -0.520298905013081 0.0876926823468574 0.445215575193091
-0.378398664561963 -0.126882963204564 -0.095574224377241 -0.0596993145308819
-0.179173129156173 0.167205979136913 -0.104670069728447 0.236731071212735
0.0971137410257509 0.218025379724134 0.0798362127641262 -0.052888317123332
0.186063635790625 -0.0753133589536992 -0.246093776391727 0.0525539032890772
0.0111852554087702 -0.184983193231097 -0.108108185570628 0.239560808862145
-0.111681406995983 -0.134297417892603 -0.0674728418533883 0.162692635085811
-0.153831091541505 -0.0996808848884364 -0.164802438694486 0.0899203950485898
-0.135370387179947 -0.117486806559586 -0.259245623339095 0.0014229597058315
-0.0321360630039872 -0.182260768829581 -0.229272628837524 -0.188963801919295
0.148734186567384 -0.108497707723593 0.0505352279449976 -0.329452702144987
0.106308085628757 0.0932873797793157 0.462458432428414 -0.122688240754495
-0.0353557287386628 0.0904852087911782 0.396932804988801 0.595950642565137
-0.257394623082823 -0.0019624676739849 -0.241513252920844 0.76225827684817
-0.0369860724784349 -0.387577020566334 -0.542669487333334 0.816248259931989
0.0838404619349628 -0.198771742601329 0.0277506739614773 0.522823219591377
-0.22743598131398 -0.126723417418201 -0.126178437081 0.0478413824547793
-0.173423874125806 0.206861171550284 -0.0875069453683707 0.295877160668173
0.188805823976191 0.265546287798154 0.157594404921119 0.0169128752674107
0.310389219299553 -0.115925962543047 -0.153955054785082 0.0149687224504635
0.0850483709676686 -0.270372777051506 -0.0771111692347895 0.16980988815435
-0.0499239090913403 -0.201997566369287 -0.0798766408919117 0.102789468327405
-0.0715896434468934 -0.131859875622298 -0.207001473539 0.048998184981548
-0.063483112576606 -0.102802250255865 -0.304390363110577 -0.0496317851200997
-0.00866484659739688 -0.139217296947596 -0.25792146191849 -0.253918720264249
0.17614606725261 -0.10360212504061 0.0780032960945909 -0.385282996639945
0.156481752463415 0.184540483670969 0.480890774982735 -0.112383655718668
-0.0858965842298687 0.114461920585217 0.409146043729097 0.534323283676841
-0.177687297848391 0.194006334819717 -0.173020521823784 0.837491027329218
-0.211663457869241 -0.0618707689938529 -0.561925556210579 0.867468392236961
0.105449202685954 0.19413387988824 -0.0440202310881472 0.449903056008731
0.0527002563186415 -0.0309792027582778 -0.24625298569248 0.0396649616639828
-0.108304021149181 0.136084570028577 -0.180605743835847 0.39047009935133
0.238954971374515 0.26772039685336 0.23699845379263 0.172767000713872
0.377798336491608 -0.149653176426416 0.0139677530542607 -0.0157094165436553
0.127505351017258 -0.308894632338853 -0.0127817628687813 0.0508725389915371
0.00802098698918501 -0.228515741369416 -0.0781137277703624 0.00711628766471881
0.0216034211662833 -0.143954023026986 -0.218601512726316 -0.00249082953158299
0.032298426897788 -0.084395699426147 -0.312722387189652 -0.0700434816528357
0.0465878390516341 -0.0794988694480938 -0.281084009076069 -0.264146301465273
0.196830904570212 -0.0502815043112209 0.033310187790316 -0.417683767342477
0.182544114440155 0.264698926536978 0.452569103327602 -0.185053097261889
-0.151891196681151 0.181830387303225 0.461655121258406 0.368126094160723
-0.112064138599294 0.27832438135172 0.0440596496190243 0.840061551482501
-0.295696991322199 0.25056689256515 -0.484806547744531 0.865052665415747
0.0361697391558265 0.565522979618208 -0.0846550253921257 0.236159526182827
0.271518533518667 0.219306054845048 -0.362473900526335 -0.0782935540005021
0.0700919106282092 0.0718518766828528 -0.350837711280546 0.398500063852455
0.26932793958682 0.198792513987442 0.237392013719638 0.360453941908125
0.371378456881599 -0.166716917418751 0.196389875241602 -0.00284984225342626
0.133872730613986 -0.276782655804075 0.0745775632945958 -0.0727833304937949
0.0692823784808615 -0.19869788315857 -0.0619325104328625 -0.0901819425983619
0.111219267257895 -0.13364702596236 -0.198395415654639 -0.0533422885291254
0.13063540112666 -0.0735209172984095 -0.276615239810719 -0.0819496380419438
0.127912585718946 -0.041836772253441 -0.266400547325921 -0.235078285185646
0.242481381513296 0.0213562293859087 -0.0217108341003695 -0.389715229349493
0.182368661504707 0.322911197860892 0.357281891714406 -0.261441631979279
-0.149122912956818 0.230620901097937 0.496244739282737 0.15227058590577
-0.0341516138131069 0.331372735570439 0.299992630988198 0.751756233203794
-0.269046740884454 0.523323172649564 -0.35016847487432 0.786873185774998
-0.170204590203305 0.800525391164416 -0.0502016510585232 -0.0633161809482765
0.316846971740204 0.492429656189161 -0.413474830133351 -0.264371603633119
0.243237708569426 0.103557324508406 -0.521422854287227 0.283063498591634
0.284061458368842 0.115171484512554 0.12994590771163 0.497076895489338
0.298916229159268 -0.150095463622409 0.312249354932191 0.0582347189483369
0.106584510914332 -0.178263208647361 0.156777353207671 -0.146000952270597
0.120133854900848 -0.124570636108893 -0.0260314604263271 -0.157702179097728
0.183722797815347 -0.106971184034269 -0.146000064805175 -0.10181298302644
0.205417185878261 -0.0702028079795013 -0.204064762939132 -0.0970319823090301
0.197999652456892 -0.0313926402412024 -0.193565509472799 -0.204222144442224
0.284262259944252 0.0680531017408951 -0.0151475876188728 -0.301657203830518
0.159556603260501 0.320447111375363 0.21203402694593 -0.244791951746258
-0.0636215296500369 0.209355210789839 0.45175860292627 -0.0877421772808838
0.0828880521034674 0.356602155235551 0.484201121160613 0.604812921915842
-0.167575932778568 0.720170530498653 -0.223650659910437 0.608683687790439
-0.310451487580345 0.877433542555605 0.0821087725286232 -0.360087696646916
0.261786769115844 0.64516060180103 -0.340658140647491 -0.453177987851363
0.312282810714389 0.139263345884593 -0.607164315929796 0.0420125844522734
0.237782701611104 0.0527652714800487 -0.0412517812792253 0.516641990689096
0.178329725956317 -0.0972717773065375 0.313378699414122 0.141352419689236
0.0695384583525042 -0.0396702622642413 0.207948982833507 -0.133348403055405
0.162518681160267 -0.0265438238907966 0.0311099787989092 -0.170157763266343
0.228124799287045 -0.0662874795389423 -0.0714803675667475 -0.134251735038441
0.236053023067019 -0.0627619745571925 -0.114647253740376 -0.128315567429053
0.216318209117599 -0.0305528151627209 -0.0841639693947395 -0.203017837071806
0.258780210630015 0.0762435739829336 0.071665506952938 -0.200473430088176
0.109707962009224 0.216720325258772 0.0817118175169521 -0.123885998928318
0.0760520265305029 0.116341259717462 0.329503778717309 -0.245619261899972
0.221592671803043 0.333143144837196 0.528796238968205 0.441469035987023
-0.0276918717686805 0.830282765219952 -0.14507312400822 0.346713871482409
-0.324028474269273 0.81696046723169 0.267966255024366 -0.589465347396632
0.236634179956916 0.593666283633451 -0.137536616427486 -0.578976020508897
0.251865990704326 0.068486810964452 -0.547987982400529 -0.252924370016264
0.117231348827755 0.00806806103137495 -0.238438284841491 0.388011247189389
0.0400166931224304 -0.0183904121094276 0.197487787069829 0.223681778688608
0.0414862091560605 0.0916751296461312 0.222803766016709 -0.042943068352479
0.18203551204657 0.0608625933756193 0.101094090464699 -0.13311719650008
0.240853952382063 -0.0122198058252419 0.0154456325164099 -0.148996763446479
0.222831798529437 -0.0307855331376995 -0.03355531869337 -0.164315096538671
0.170967956032633 4.6178663569426E-05 0.0299850433965461 -0.229061630099631
0.142277998512281 0.0625662476380618 0.187449328293768 -0.129970974164208
0.0321295995992008 0.0376288141749169 0.00531184167885423 0.0106247486240571
0.185458627213513 0.00704563450140346 0.209880636276047 -0.311219957323394
0.334145278358131 0.24957989660428 0.424814192085698 0.306562555731662
0.0732822451526196 0.836749234999367 -0.118314552441262 0.0449984439729724
-0.210960078277727 0.634915101334595 0.46131190211717 -0.718285974887846
0.262258317944749 0.328659594847893 0.120922589594993 -0.648630775745762
0.10768752480028 -0.0328629255733266 -0.423104739424487 -0.507844807446764
-0.00351737134606071 -0.0314073700673753 -0.381943895110226 0.217194121341072
-0.0767298147874593 0.0538559038818283 0.0460162281299854 0.291874456216864
0.0300991109036831 0.172999508917264 0.216789944416334 0.0843628598908667
0.173545921476407 0.111407525470125 0.180271100157316 -0.0605444621916263
0.21611567567442 0.04049641023206 0.101061725139276 -0.140386972282286
0.177696794748346 0.0307160006414097 0.0257776449815434 -0.188709814878794
0.0830574422621223 0.0774616843340048 0.0984461605188345 -0.252841518095749
-0.0332118958027572 0.0592205213299191 0.256488112871082 -0.0950025773429515
-0.0462030379840914 -0.125033465435457 -0.0326178435969517 0.0751499053715057
0.208664952044083 -0.097880224244037 0.147193140357084 -0.281557281617083
0.404577409218991 0.142587397678006 0.248892054802909 0.182131512077332
0.103049169097572 0.728510939022153 -0.1110365794841 -0.237215288345524
-0.000812318993731766 -0.524592795312624 0.0932992545901187 0.448279235628512
-0.381551820272096 -0.122077733108516 -0.0967966060267444 -0.0585513191006077
-0.177835865848102 0.170633320104326 -0.102896174873879 0.240093709261807
0.102726801641143 0.218016900469545 0.0792697969697248 -0.054090037692042
0.186231222239091 -0.0783243296523449 -0.246628149146354 0.0576728249101048
0.00850608425355675 -0.185446615602882 -0.103502196557048 0.243882797751659
-0.114821654865756 -0.133621825866048 -0.0652681098482967 0.165266851131676
-0.15598945089352 -0.0976610528796145 -0.164027220176961 0.0936253561545578
-0.137623051518026 -0.116556196890303 -0.25951335872191 0.00632778779772547
-0.0352161520486652 -0.183138469714743 -0.232199148406093 -0.187544473969739
0.148439763900968 -0.110646848889296 0.0481837732364475 -0.33153020552065
0.107566748351396 0.0930618026092914 0.463942046080814 -0.127186827896067
-0.0331762889008136 0.0908870299544107 0.406970926121294 0.596557957491514
-0.257618376935581 0.00112051127837384 -0.232591063010473 0.769498573863304
-0.0426043528943337 -0.389364078897778 -0.535348938517106 0.828954016176777
0.0756717890323006 -0.203544437530886 0.0368063989699116 0.525724581298531
-0.229292518981191 -0.126098693658067 -0.126308082143495 0.0496492499791581
-0.170406071656099 0.212447183189345 -0.0850076607248554 0.297785894569014
0.193111174737167 0.265414304119121 0.15854224396834 0.0154198757935331
0.310655010342137 -0.118974680011199 -0.153878034582834 0.0190930041075211
0.0820127072716635 -0.272940061791911 -0.0748751938839005 0.172285943945192
-0.0544285111343345 -0.201856157780322 -0.0799968834108117 0.103581809434877
-0.0740291747574739 -0.131364048501925 -0.208131885497404 0.0506457321260449
-0.0654862161198612 -0.103114244939951 -0.307135771848877 -0.0426132435772817
-0.0100883394837224 -0.140304155360414 -0.26297605168819 -0.25075816666743
0.175213833196925 -0.105924126478496 0.0719703640184041 -0.387647358929519
0.159390227541354 0.184130841362107 0.480378365608232 -0.117381293432801
-0.0843691192926911 0.116947883044453 0.42199995169991 0.529230572861337
-0.176989274655336 0.197658726492627 -0.163322145947378 0.845181426576134
-0.214843061196733 -0.0593710606655692 -0.559423610549713 0.878821711910303
0.102650569391949 0.194323101424506 -0.0408545539822878 0.453509510952546
0.0525837471423075 -0.0309697165451277 -0.246822634351824 0.0426490786646152
-0.106308770291276 0.139042132755442 -0.177307417224465 0.394919650197549
0.245781448197671 0.2655162688392 0.241783678629325 0.170952289525126
0.378511134203455 -0.156360054458694 0.0142991199887852 -0.0153135449950793
0.122140791877609 -0.314133988199413 -0.0114083416006328 0.0508738611415042
0.00450679690177994 -0.230550339784722 -0.0779716633738086 0.0090427752570593
0.0192428368610713 -0.144637015707582 -0.219851655950975 -0.000213892186566607
0.031703027333407 -0.0849500294046982 -0.315750580511125 -0.066855092781598
0.0458383182097512 -0.0810205934666729 -0.286962816137869 -0.260964775788178
0.196985075358458 -0.0536216101482506 0.0267727685585791 -0.420715727076053
0.188905484144617 0.264150856179568 0.454685360200452 -0.190435180109438
-0.150450026716326 0.18497163285658 0.469569123760092 0.365857721376667
-0.109699213940914 0.282974041058159 0.0547444370523997 0.844739711906483
-0.29399177140733 0.256438280887986 -0.477500887347013 0.875882198735505
0.0207908988850733 0.566642738513644 -0.0839143403275899 0.237824934902082
0.279283732523718 0.215241634810998 -0.36534467003104 -0.0753913965391047
0.0704326846880564 0.07197029515649 -0.347928413068597 0.40678046461758
0.270487950001435 0.199374327078062 0.243939742279698 0.359111967625082
0.372188108146847 -0.170845198626847 0.197531972907727 -0.00484509393057969
0.129730042747195 -0.28166204508215 0.0749518221931115 -0.0748684001555646
0.0630185561712258 -0.20258793516974 -0.0626527013061825 -0.0905060144776155
0.108904167691836 -0.137361087501829 -0.199200932543559 -0.0541003489652456
0.129978884552639 -0.0744819246348597 -0.279596401714978 -0.078329560996276
0.127194604689204 -0.0462661566863789 -0.275822267798918 -0.229263701968888
0.245255349907975 0.0167725334517247 -0.025739393632604 -0.391639058667083
0.188038425591226 0.321186080379553 0.357134546343329 -0.267730870900862
-0.142470667082251 0.240720028090921 0.506502321144092 0.13569068870438
-0.0305204675542213 0.33246634118471 0.309689517688184 0.752622080728103
-0.265649690326667 0.529557947071362 -0.346124195571834 0.79170375745809
-0.122675631095399 0.824278641268607 -0.0521492934336379 -0.0630639488881636
0.325541625527394 0.489044314789648 -0.419499679358028 -0.260381190028611
0.24768821672403 0.102617885725854 -0.522793267142466 0.291074441217927
0.288435697363848 0.111828475512506 0.137058546040761 0.499212071605544
0.29902280331499 -0.157297951899269 0.315010422838707 0.0551520452824601
0.103374114321783 -0.182325071652079 0.156519662675101 -0.149374754405827
0.118754929397643 -0.127091917013424 -0.0279268020794442 -0.158137932451161
0.182922201283071 -0.111174232182724 -0.147784682145479 -0.100116534959688
0.204886233638318 -0.0742088950473903 -0.20690497293074 -0.0948065738327346
0.198789923473697 -0.035611962661808 -0.199386059971611 -0.202979001376379
0.287571851856825 0.0641028257962496 -0.0192556389727544 -0.303731237385082
0.166306629769624 0.320125750832881 0.208291801312883 -0.249687337384324
-0.0622059693580131 0.211434707226931 0.454718998527881 -0.0932377025687959
0.0877630835939856 0.35756827133063 0.496786432357263 0.600106164548166
-0.158980305746709 0.729868293816749 -0.215884015722362 0.613404306798552
-0.238872907847028 0.913602498701423 0.0693466465368984 -0.366343927667183
0.264851264278834 0.647193345231782 -0.350545457205553 -0.450659556611449
0.315409174513283 0.137849692665971 -0.61124974917985 0.0549232243920275
0.239184152468422 0.0522866189114118 -0.0388521388246814 0.51945126005264
0.179027645822122 -0.0991807953486751 0.315339240481399 0.14026982388563
0.0673683156008806 -0.0427474103899355 0.206700363417185 -0.137015530156563
0.161007068372885 -0.0334802320608869 0.0274262890726685 -0.172552017257554
0.228971691505961 -0.0682349405240514 -0.0721790214212536 -0.134913331761799
0.237477102039356 -0.0650586483776317 -0.118852466774856 -0.126836571761865
0.217809128824619 -0.0260224543080937 -0.0826610953485809 -0.203638391243229
0.26305840163637 0.0715992305550696 0.069800930496916 -0.203497612434283
0.114741780852959 0.216379080852072 0.0801090395770656 -0.126992852771621
0.08091236495176 0.1167936620532 0.325075700061885 -0.256656856169605
0.232891468785959 0.331564993952563 0.536463835539362 0.438605487572084
-0.0230783003934655 0.833108113394568 -0.142665454143761 0.348929323784391
-0.259830736038991 0.855513035774179 0.256921209089292 -0.600692220549407
0.247097877476784 0.592647666358628 -0.145642956436322 -0.579847157290227
0.255658774232375 0.0669303903490661 -0.555153169852967 -0.2471763828008
0.117780901645109 0.00579203394360557 -0.232385157350494 0.393155812915982
0.0392366829467965 -0.0193282834046908 0.202225261998802 0.221737129348977
0.0431807315061287 0.0912142619711543 0.223001086754804 -0.0470118818601783
0.183825826302335 0.0588760501823043 0.0988208415082313 -0.136153296542478
0.242893456353746 -0.0161849892583888 0.013138314073447 -0.149015649918305
0.223327726596649 -0.0350517309737105 -0.0363799182619676 -0.165438986575675
0.171799985975377 -0.00297861257071388 0.0269083206473415 -0.231580804089351
0.143486285831853 0.061001516347746 0.185842564216439 -0.133326657058028
0.033325966324186 0.0377793605437319 0.00582010704477491 0.0109439984712399
0.187657788030499 0.00428756116893706 0.207239272797407 -0.315616598552539
0.339642070841964 0.246120535151561 0.432498041497998 0.302462595214038
0.0823022793896097 0.840219948349488 -0.119117183363851 0.0462590349309761
-0.164204288777022 0.658621977370187 0.446134410535347 -0.740977833141363
0.263467830798512 0.329979576100107 0.109753355729957 -0.655404175174547
0.106915089725296 -0.0339497118111617 -0.430859715543763 -0.507145149726379
-0.00332545910875792 -0.0326669007471086 -0.38395424028015 0.21672940132376
-0.0770799620085593 0.0547536579800342 0.0487266236187585 0.292274764986213
0.0332313920970877 0.173245595813722 0.21973169049958 0.080288299129398
0.175621690813819 0.108888280271475 0.179149135724101 -0.0687887727548672
0.217575834598798 0.0390198390143837 0.099028075455722 -0.143972287815968
0.179112282028499 0.0286508304496437 0.0215574714674982 -0.190041268556165
0.0854897670126585 0.0763539182027742 0.0992693680061782 -0.253275915025805
-0.0318614426084522 0.0607268480706622 0.255897572385524 -0.101075435242334
-0.0483192638509591 -0.124965486013049 -0.0311953985155848 0.0761071417691011
0.21135411167557 -0.0904480493838829 0.139438529750346 -0.290806440775845
0.403413930032637 0.147457385144398 0.251141631047923 0.181880525255631
0.106517166117528 0.73198080097544 -0.114901039387496 -0.237823955054026
-0.0104557291866987 -0.528066078002976 0.100473985194095 0.449393942002199
-0.38645465033545 -0.116673767893596 -0.0978652730268567 -0.0574829842460969
-0.175713910264578 0.175055998456012 -0.100014618645937 0.242651237857852
0.107332941884219 0.217025557416827 0.0790983920149038 -0.055216714705556
0.184479813712836 -0.0818762777110556 -0.247184898787588 0.0619843269471102
0.0057135270762647 -0.187433411910306 -0.1002340137299 0.246191739064119
-0.118642894864877 -0.131868743705366 -0.062660743738057 0.166383128987823
-0.158658881844592 -0.0955031472702706 -0.16360625901882 0.096567076215044
-0.139751696870859 -0.114826294657485 -0.261593384534123 0.00901094503811506
-0.0386864802010435 -0.183576174315408 -0.236485565794424 -0.183812605236125
0.147804608997898 -0.113672928765935 0.0426507267044257 -0.334411919441457
0.109654629171807 0.0921603757006796 0.463952890954284 -0.135877569668573
-0.0328075451909693 0.0925107592181401 0.41658637241513 0.595665925418372
-0.260565324460917 0.00483030569394947 -0.222288915117054 0.775060166127038
-0.0468035917380684 -0.392400616449548 -0.529741006268638 0.84148332446896
0.0721191554886301 -0.205698545153927 0.0444393795801263 0.530934150679187
-0.232984860422617 -0.122784197718119 -0.125407796545807 0.0523382614542517
-0.166491169193025 0.218598615649097 -0.081581222928873 0.301699796040576
0.199967454338147 0.263402396830651 0.159623090401107 0.0133458908332806
0.311233648365133 -0.12367899738961 -0.154733559442792 0.0222610246593937
0.0762423692177921 -0.277204833977715 -0.071993857622116 0.174326395165013
-0.0600387927827925 -0.203038390930968 -0.0787849004074312 0.105264698122877
-0.0775793232611253 -0.131522896262643 -0.208732605820478 0.0554233738206057
-0.0670863865359496 -0.101883057293832 -0.309250244218712 -0.0360846291758113
-0.0113898034938784 -0.140415309998186 -0.267130816468866 -0.24914818067465
0.174782501646843 -0.109400107030774 0.0652456237844208 -0.391470314036799
0.163175722949082 0.183461869782497 0.481151964644855 -0.12608167009813
-0.0828359863153244 0.120319641975645 0.43348675339398 0.525098601056607
-0.176693174266687 0.198275334028561 -0.160082101243302 0.852941919397313
-0.216111527808113 -0.0578481167125435 -0.554556093758462 0.888554595592769
0.106773278761732 0.194423724023363 -0.0337414141828347 0.456568295038541
0.0514557495767906 -0.0313170095633907 -0.247121273547526 0.0473080843653361
-0.10372012578329 0.141472210219951 -0.173365940779782 0.399547355165406
0.252233481003004 0.263494892242186 0.246324705966985 0.168397418308667
0.377742063917319 -0.16387269856169 0.0137454312977269 -0.014976233973954
0.118145257753824 -0.317541204521251 -0.00963217036873559 0.0519710223504229
0.000115518014329955 -0.232598819715963 -0.0791779450781847 0.0101439296634801
0.0167386600045362 -0.146027980022613 -0.221395779839578 0.00338666607478319
0.029638008937992 -0.0851835846351763 -0.318250617991684 -0.0620675867166932
0.0446976108078735 -0.0817181188901001 -0.29266734987507 -0.257639486603035
0.197898933171406 -0.057138358141527 0.0207970126374329 -0.423093653633622
0.193014535210116 0.262327065398674 0.45441351247352 -0.198389139840078
-0.1484035891964 0.189127901301002 0.476851625802486 0.361850530763024
-0.10712154303564 0.285941562000409 0.066810548011631 0.848879094534476
-0.293230677853372 0.263156919064732 -0.471046331182986 0.886300654507864
0.0165349135287479 0.568007149876273 -0.0819647000854341 0.239352629378382
0.28193125652523 0.214608311172825 -0.36851389377216 -0.069917166143261
0.0733934248587332 0.0719244077747836 -0.344649457674046 0.413669894017819
0.274865379662688 0.197196092124484 0.2459026361699 0.360081400758283
0.372000466598642 -0.176082071364801 0.197941616795383 -0.00712908070673734
0.124033614371267 -0.286392773772776 0.0741213526637065 -0.0760922579952638
0.0553732144235019 -0.207715175401825 -0.0633153457665989 -0.090325538993148
0.107210003281967 -0.140592705127097 -0.201380000479031 -0.0510350284247019
0.13004176760067 -0.0774523941755299 -0.282207859130278 -0.0721936239571939
0.126825850555555 -0.0429594841253166 -0.278551676485078 -0.22865285909425
0.244943877108642 0.0146541503118679 -0.0282567146473793 -0.393333269187484
0.193392603794032 0.321240553045337 0.353608369434515 -0.275891380662695
-0.144903479958898 0.240267832531588 0.511819846524427 0.129711788981615
-0.0301879847779179 0.334481908994432 0.323126711292108 0.755693446501693
-0.265271837873617 0.533547472830896 -0.335846671807856 0.801237723395138
-0.0923527135057048 0.834248321534616 -0.0544083717538124 -0.062243466677185
0.335283064474818 0.490039790387006 -0.425108407896586 -0.257142258607133
0.250105994552657 0.0998650707349008 -0.521632040712722 0.300637480613427
0.294051691439293 0.108969091650128 0.144809269716629 0.499675936257341
0.298927296040597 -0.162608045497572 0.318036150673928 0.0507455293687073
0.101731216329554 -0.184683151050171 0.154586453882918 -0.15343143867505
0.116917335255113 -0.129454756033828 -0.0302512117409852 -0.158812211750985
0.181037363959916 -0.113497680219632 -0.151474850235264 -0.0985338270513657
0.204283057769592 -0.0777447055462694 -0.209748337726852 -0.0925217615425508
0.198494896576322 -0.0381571929022394 -0.20301374536073 -0.199830009169392
0.290901632998206 0.059162589066284 -0.0251624872123276 -0.306375277986486
0.173052195687557 0.319571472683191 0.206693545107775 -0.254115821500995
-0.0579631279365116 0.215264011655026 0.456891517191181 -0.101582810862955
0.0926626688757317 0.359803185787985 0.505238545562627 0.600031164588863
-0.150971361932908 0.733767838117139 -0.210390180213045 0.619429191156723
-0.23657122601899 0.922407204056703 0.0624481923563676 -0.371151352066897
0.276972397597898 0.646861518316804 -0.355459851593278 -0.450254055515274
0.321107387403046 0.132017020371105 -0.61310600359055 0.0616279521583351
0.245899994894329 0.0444465684130922 -0.0419641167111261 0.518931104539447
0.178048631517122 -0.106320321565481 0.318621318272686 0.135707339513721
0.0671015057616323 -0.0434487452428646 0.205231665892283 -0.143081806059802
0.162372735760182 -0.0311422028654825 0.0213074123661511 -0.176919821206452
0.229690409763747 -0.0707028049825335 -0.0771246071258595 -0.133938090413274
0.235943336682558 -0.0701682194817881 -0.121634573731274 -0.125003422633414
0.217759181211184 -0.0375042065930174 -0.0858652118877126 -0.203583432030082
0.267641622729485 0.0639699627588866 0.0669835718704273 -0.205379995876673
0.117429273442947 0.216860795244067 0.0799595812843488 -0.128314331996793
0.074457587725113 0.118336770030013 0.318326005106151 -0.276226505842596
0.232515854047923 0.332052975082135 0.546430433075468 0.434980406289816
-0.0174850039304756 0.838891412699172 -0.13744864743252 0.354062682475964
-0.284838463244482 0.849312905961053 0.252249087060596 -0.606738940971761
0.255006586961509 0.593369820066159 -0.153880164910608 -0.581297426062997
0.25704360334045 0.0647001792486396 -0.563371724885867 -0.242242327607305
0.119009772542187 0.00440526707972763 -0.230606781881931 0.39812190648167
0.0402158922611655 -0.0206341100758484 0.206690731492266 0.219508371521177
0.0435934128542535 0.0913243631912436 0.223294621358316 -0.0515899286850642
0.185584458069492 0.0563847990270768 0.0969809991426361 -0.138806331987435
0.242283888900365 -0.0203014560557046 0.0103819241751195 -0.150632604013431
0.224225660187558 -0.0380026572163176 -0.0389405527415291 -0.164871600704861
0.172843735670881 -0.0064091147050583 0.0232247052341063 -0.233550959615491
0.145601882929773 0.0594791877165712 0.185377721864854 -0.138091944073172
0.034719386752562 0.0375771402648843 0.00554214574326412 0.00988414774561037
0.188375929000975 0.00291780319386945 0.204076110869296 -0.322363342984238
0.344405962413708 0.244126332553733 0.439282850878134 0.299546675686533
0.0970579011681894 0.845213559552184 -0.119200724902606 0.0479938724611375
-0.154766739004527 0.664280886271216 0.434077147575737 -0.752553942929286
0.27531023862977 0.32599513063408 0.102299054593849 -0.660459424301082
0.106988197224309 -0.0356382354821188 -0.437069093238608 -0.507593198857643
-0.00387871491078356 -0.0323568484734656 -0.38600007511209 0.215528951011335
-0.0757942738206771 0.0564683722584761 0.053410605019256 0.294022636882671
0.0356692775956312 0.174167730777695 0.222632440512378 0.0756028743307069
0.175121528641223 0.111175407298083 0.178084477143307 -0.0776014802979417
0.218603291170498 0.036512720093766 0.0942084925493163 -0.147886470847824
0.180508407739708 0.023482548321746 0.0196637730620833 -0.190352650269779
0.0889001819127957 0.0734037830380551 0.0918859668788402 -0.259432808661487
-0.031900917897963 0.061162365794411 0.255949015966999 -0.103972510115053
-0.0492655595956717 -0.125095078318178 -0.0303360506567058 0.0765868966677326
0.212745379662276 -0.0874838005158617 0.143817626902878 -0.288609103872529
0.405645492134788 0.145267932426315 0.256399469521882 0.177982185138392
0.11591793137827 0.735106308994751 -0.11921812058153 -0.237088908471929
-0.0179521169664875 -0.531403761014128 0.108159101189302 0.45196595584133
-0.389981053591449 -0.111185256607188 -0.0990152076513316 -0.0562077410151526
-0.173507217514833 0.178738543781933 -0.0983099770047501 0.245745436442353
0.112385193585941 0.217858026587582 0.0788734381006718 -0.0563757283127804
0.18495198258127 -0.0849448999225514 -0.247958636414529 0.0668464551372118
0.00151174126983582 -0.188654950850235 -0.0956426928507611 0.249728909814459
-0.120910243035716 -0.130411228684419 -0.0604295065103792 0.16833283279192
-0.160922782632983 -0.0938349404989759 -0.16360805222223 0.0983139059059123
-0.142192411010256 -0.112701660917253 -0.261356104772147 0.013168527069685
-0.0409541824344548 -0.183977733071625 -0.240222251150771 -0.180788667845613
0.146862852107224 -0.116808237348077 0.0382623800122204 -0.336921652836455
0.111729697787155 0.0900765227962747 0.463381008777656 -0.142816431013368
-0.0308336578164229 0.0930552623039797 0.427371784534641 0.592017414058903
-0.260787227519075 0.00898031687685786 -0.214033899741992 0.783795045677273
-0.053707282520312 -0.393536808085539 -0.520459092513775 0.850956492878595
0.0746140333864082 -0.206644485271292 0.0502228999013051 0.532438618234117
-0.237067498066513 -0.117803707854129 -0.124722873852757 0.0552138582000876
-0.162982147032119 0.221454935226562 -0.0776831433737673 0.30442479543005
0.208348761385968 0.260690529734084 0.160684292727796 0.0121576026705418
0.30993978318325 -0.132939037021801 -0.155452797577172 0.0251672063517189
0.0727313884615184 -0.280924461550695 -0.0691703637725515 0.176501144480127
-0.0623833715884252 -0.20277999448678 -0.075343042257977 0.107381264816756
-0.0799792935408678 -0.13114375621678 -0.207172725587302 0.0592382649630128
-0.0692186795936408 -0.101626986156851 -0.311193993340018 -0.0346922009504623
-0.014218162532213 -0.141302327766995 -0.270787168086279 -0.246632010766945
0.174372708431514 -0.113058762085689 0.0612511995405342 -0.394694111604228
0.166562155234048 0.18148973980928 0.480849533632879 -0.133917103070497
-0.0821882132102971 0.121113586057861 0.439208903230448 0.525411917910517
-0.174476307681688 0.204256232905568 -0.144598344296235 0.858447999040481
-0.218518658856526 -0.0546372919387571 -0.542337063806956 0.904981476087537
0.115227250596041 0.192386147616619 -0.0237982745931351 0.460233291225238
0.0515992399923402 -0.0323885737235772 -0.246869507038625 0.0516708854946987
-0.101736236761662 0.14508572300655 -0.168009556560379 0.403927833000439
0.258471704897198 0.260469554604195 0.249329023451323 0.166468171250891
0.376668349200853 -0.17164607298445 0.013612562038567 -0.0145495955226407
0.113721623637131 -0.321469974898921 -0.00856603703846259 0.0526390900707976
-0.00434747694259837 -0.233508992158632 -0.0783663568789655 0.0115105457524732
0.0139754150157699 -0.146965803102962 -0.222107219345926 0.00683697467361792
0.0284140358414255 -0.0860828415054184 -0.319988197993152 -0.0576423418934602
0.0437413814490295 -0.0834903584952783 -0.297408122311031 -0.253927665315301
0.198093597805949 -0.0599894543994624 0.0154224599907096 -0.425842230195209
0.198614933476156 0.261547414978898 0.451206109748218 -0.20756409511457
-0.146191339230632 0.192686745153854 0.485504189887188 0.355848692151155
-0.103197627834786 0.290088933220531 0.0795282679593443 0.851123600559987
-0.291032682049018 0.267788495001345 -0.460280459384243 0.897289920420966
0.0497752077927483 0.574712125559543 -0.0779289935293186 0.243345174224093
0.285342340524139 0.213143537882269 -0.37077968347745 -0.0649842189629726
0.0766406738363503 0.0723119483999948 -0.342139191294358 0.420064320381101
0.286634249721559 0.189602390507418 0.252628081621905 0.358659165478955
0.370663291684387 -0.187301212306406 0.198979881983213 -0.0102464246868662
0.120245482083188 -0.290267345333703 0.0735914695736096 -0.0781614640429596
0.055083975386168 -0.207633773577351 -0.0663437285276088 -0.0896276346376487
0.104973845800487 -0.141418961020493 -0.203641171977531 -0.0459862119575864
0.128668956737163 -0.0790233109445786 -0.285106219931484 -0.068210994737189
0.12720310201568 -0.043401059785554 -0.280006278657906 -0.228007193267272
0.24758511320503 0.0111040694370984 -0.0381136504194308 -0.395643037908366
0.200720993206881 0.32033500570575 0.350831487648334 -0.282069086640981
-0.147206177361476 0.239108158721452 0.512752617700221 0.133403220147774
-0.0243285295906252 0.338029801861862 0.332918263488081 0.752014473514349
-0.258382365677059 0.541126548723149 -0.324538044617059 0.812117545591704
-0.123564525841868 0.830697745145192 -0.0545526310818461 -0.0633047717423768
0.343662331810257 0.487804021856167 -0.430323209877513 -0.251670745552256
0.25318035444031 0.0984839385560134 -0.519658735416982 0.308168053146204
0.297912869520352 0.104226041896209 0.154280620531252 0.500367392185465
0.298436731827472 -0.168925994405751 0.320575892765545 0.0472056456130732
0.0986289897789799 -0.187564218330524 0.153102159400624 -0.156851697754633
0.114362182143943 -0.132058539714935 -0.0333516535950465 -0.158785505886094
0.179414871401422 -0.117053232144021 -0.153267434975458 -0.0967779072293822
0.204216415604835 -0.0812732997441772 -0.212719783866642 -0.0891943458976993
0.198911966136455 -0.041773778267408 -0.207156766236182 -0.198364562403454
0.293199261809789 0.0551550661425095 -0.029673309009274 -0.307255764350247
0.179523915433006 0.318728779761496 0.204443846411707 -0.259582363568168
-0.0547269081188599 0.217819944790745 0.456425139982473 -0.108552163013024
0.0968202321523731 0.360967678198738 0.518101178357152 0.593970367381959
-0.142019818848021 0.742191344865533 -0.201509411381222 0.625078395500493
-0.286164106816534 0.901643937539871 0.0665929014254394 -0.371514136720743
0.295129968045707 0.644730664680346 -0.361669680134113 -0.447804076809
0.325202791120997 0.128045456842297 -0.615514153977937 0.0692390269759114
0.250467926451535 0.0370170117693917 -0.0296429980215944 0.524351066966076
0.177524978568193 -0.111284286587492 0.324833708562161 0.130499752178216
0.0675341219535004 -0.0440227827326013 0.205180979289579 -0.147558668787261
0.163103783399234 -0.0296732122838117 0.0203395743002996 -0.175781776902879
0.22802150098297 -0.0754324304381321 -0.080954507049677 -0.133324928658458
0.235540800033992 -0.076294318643857 -0.122592263303162 -0.124554345322535
0.2169842892042 -0.0486307706521759 -0.0950316531998387 -0.202570599287265
0.269552191636327 0.0618286484717426 0.0647590549239946 -0.208255516860913
0.122403400419754 0.215600165906853 0.0782025572580445 -0.130922436149421
0.076006285078538 0.118175870093391 0.32056983980487 -0.276229979720899
0.232645332388426 0.33262593760124 0.556696043459678 0.425570113170441
-0.00182936703845147 0.843715907240099 -0.130697268426439 0.357788781607324
-0.319274595769908 0.836156776725407 0.250176368064603 -0.609872988840905
0.266041669789947 0.594484735849082 -0.162347866753774 -0.581921361986308
0.259297102739602 0.0616518709412475 -0.568960538671488 -0.234500935561608
0.120050056460118 0.00322213810982809 -0.22543880177025 0.403349126425517
0.0403487703233693 -0.0215727472138406 0.210911366806035 0.218646975625292
0.0455192384569986 0.090402772882558 0.223193767753957 -0.0560141075222587
0.186337223731558 0.0534650282332445 0.0950398380297466 -0.14136671945408
0.24265566161721 -0.0237401185034532 0.00793940422694012 -0.152378288545952
0.223168430587137 -0.0423454369761196 -0.0423538257914343 -0.164947811363579
0.172837375953918 -0.00772876341477919 0.0190471057961275 -0.235389430154964
0.147584422568936 0.0566067924020653 0.183529049609004 -0.142021796384934
0.0365295359950736 0.0374217625108432 0.00607305431426595 0.00945970280001691
0.190621537295172 0.000632325952880619 0.20133806558389 -0.326692658077783
0.349961355361682 0.23975990755409 0.445946915711864 0.293554282999416
0.109563992190215 0.846437525375327 -0.119826756662632 0.0497152262543722
-0.185774979620529 0.655199052618094 0.437962322271409 -0.756973708580438
0.284260402730285 0.31989746445226 0.0991726163838616 -0.662687975106409
0.10720726051672 -0.0371174950576493 -0.448127016341388 -0.502767827331733
-0.00381150951500004 -0.0330379296476416 -0.382589218710168 0.22780977402521
-0.0753368687888381 0.057843388905951 0.0607112783068506 0.29450100772223
0.0373020503713329 0.175687841003539 0.224341310739659 0.0719399632870817
0.17832136376206 0.109235989142179 0.178706824611917 -0.0741972101245211
0.220247566974252 0.0305811640086826 0.0929485968500695 -0.148185639746818
0.181005706684604 0.0210943273830866 0.0177095739016986 -0.190352366835941
0.0900426701541158 0.0727952986450398 0.0824701871552202 -0.265744678934329
-0.0310574791955869 0.0618612816208132 0.257031471283845 -0.10722225488922
-0.0509710516392239 -0.125015135719561 -0.0276792361086665 0.0770849038462803
0.209822852401738 -0.102751340654485 0.14443832425311 -0.289153044855094
0.416004373457778 0.131066258594513 0.260359025413041 0.173598665872877
0.133863197241384 0.736053010423645 -0.123884850483984 -0.237737338530879
-0.0259524921377345 -0.53355866027371 0.114881360770482 0.453755597092705
-0.393723770747063 -0.103828756540879 -0.0999808091488645 -0.0544081296300917
-0.171326396683792 0.18207534771978 -0.0938896931138593 0.248138210741308
0.116488335129696 0.215892117328496 0.0783098630339698 -0.0568240448851546
0.18284084052332 -0.0883816995002681 -0.247323277850871 0.072693527653405
-0.00146256215841948 -0.189858006621025 -0.0906682987658499 0.251868895479822
-0.124341628814537 -0.128873519645621 -0.0571725515622494 0.170639222127657
-0.164258534990745 -0.0908935983697294 -0.161351131195837 0.101659813587884
-0.14491769057326 -0.111508163975671 -0.263328110503542 0.0177084785770074
-0.0446257436016111 -0.184648996702799 -0.243399486083521 -0.177865955339707
0.14638387983446 -0.119256537679309 0.0329916227575538 -0.338650236959136
0.112534450331955 0.0887166880304266 0.462236866961016 -0.15115415131935
-0.0292107544296932 0.0933919807128359 0.436197632883597 0.589599231795722
-0.26251686601427 0.0130357260174888 -0.206189847084364 0.787531156696113
-0.0598723577728341 -0.393390543357058 -0.512823091053429 0.862013681048769
0.0712784319673606 -0.208636440077106 0.058568541503409 0.534604148455948
-0.239047275395619 -0.113765647865282 -0.123741741515445 0.0568684219861583
-0.161882938748392 0.225145210996663 -0.0736532800591893 0.306859878262459
0.213469130045103 0.258462356220471 0.161708462382967 0.0097551669649151
0.308723211951873 -0.139149727464447 -0.155839706245183 0.0277995421837622
0.0687753845193081 -0.282662228398995 -0.0647274664140805 0.178780757763615
-0.0661225106523086 -0.201984870615634 -0.0735279166358866 0.110082717867068
-0.0826998176900941 -0.130454091454314 -0.20849665015009 0.0620872627106476
-0.0709273408654948 -0.101055822744659 -0.313208724022135 -0.0315229217548754
-0.0174423324779216 -0.141807193883096 -0.277699745679678 -0.241481900116222
0.173744453510427 -0.116137424384023 0.0559661313538908 -0.397329964356465
0.170404841792041 0.180280619200941 0.480824145886499 -0.141576549011549
-0.0813019941503405 0.122603991397932 0.447144588101809 0.522565770258077
-0.170646483673675 0.209524943544656 -0.134636120880823 0.865520406736976
-0.221374268166724 -0.0500226634545018 -0.533604577147876 0.914187619900765
0.117266616595825 0.192260227064284 -0.0191703282521698 0.462221413222598
0.0508289927462864 -0.0326170667214548 -0.247363372644868 0.0555733088269953
-0.099466638607984 0.14724934054364 -0.163281325453738 0.40755240444522
0.266037671706971 0.256387717306573 0.254009898384312 0.163689751742541
0.375036621494567 -0.178930565211274 0.0136263286937857 -0.0144587793939101
0.107328536195383 -0.324910465804861 -0.00686017652009763 0.0526471355086699
-0.00848572595072975 -0.233955029543741 -0.0792735879897906 0.0123471539541954
0.0119482059358047 -0.148117446298264 -0.2226118125122 0.0107858705321046
0.0264768338596438 -0.0872619625882011 -0.322478964560235 -0.0529236811003306
0.0426985799352056 -0.0844444187008744 -0.300626610892737 -0.24957868996077
0.198819764826803 -0.0650549915035618 0.00814712468161746 -0.427642414244339
0.203667908684206 0.258955298815879 0.450078095557403 -0.214738988391081
-0.145065454192742 0.196772608856382 0.492092901785297 0.350096904206088
-0.100813222925434 0.292223892729427 0.0914952845473184 0.854582176956569
-0.288139183340112 0.274593549963999 -0.450871721981386 0.908663377537731
0.0665038370337271 0.576665441220523 -0.0720137136808784 0.245647089495346
0.291986929838275 0.209654570662968 -0.373206482675753 -0.0592633739061199
0.0779353666594279 0.0725836294006411 -0.336612634674224 0.427064264401403
0.292057897516808 0.183471322409006 0.264214992298386 0.354784206697849
0.368645257968894 -0.196851647376307 0.199233428866776 -0.0126960331171957
0.116724304011931 -0.293228393259903 0.0725630820813077 -0.0797719075590826
0.0549569268076969 -0.206728386377638 -0.0688402366682838 -0.0885325172023105
0.102895003138454 -0.143666446988417 -0.205732343507822 -0.0438661657663642
0.127718430771021 -0.0825770406347277 -0.287324774673546 -0.0649132364238309
0.126986104913343 -0.0512939592928446 -0.287158854200112 -0.221730823227358
0.249896050790655 0.00486242924604378 -0.0494078752158259 -0.396512768639337
0.208381382197744 0.318805322243654 0.348196586090991 -0.28813102125691
-0.136695126370212 0.2489107432033 0.517416536472009 0.125790396164131
-0.0167351238979048 0.342297261270404 0.349468606953606 0.750451103825026
-0.246728335650727 0.552564892026147 -0.313891124986532 0.820839818551763
-0.125256241522754 0.830538563861532 -0.0547103274178685 -0.0634542361821104
0.351410717525875 0.486596644298561 -0.435787211277919 -0.245768373911032
0.256139664346214 0.0956264222341784 -0.517596478253887 0.319012364238093
0.301791873791887 0.0995703519024142 0.163844669845677 0.501375597111775
0.297935202924182 -0.174874508070119 0.322664809719296 0.0413850984367099
0.0950610056179595 -0.190486948108679 0.151346417952226 -0.160333578373835
0.112331166280633 -0.134733797670412 -0.0373963935667435 -0.158983687211585
0.178283388871646 -0.121063375987822 -0.155673118702108 -0.0946051259941771
0.202653065439565 -0.0852090691937919 -0.215116554540732 -0.0857259530716372
0.199088178502073 -0.0450787029763576 -0.21130290405828 -0.195992209178071
0.296016550041916 0.049783499278983 -0.0354929553904672 -0.308730441260727
0.186930368732097 0.317264207280792 0.201691333118639 -0.264533650974107
-0.0516787767898164 0.221561390514685 0.458395137756448 -0.116314543047335
0.103037879776939 0.361110814072102 0.528910833567432 0.589081931092969
-0.130692434791842 0.748708888431685 -0.193439096939518 0.631045069174626
-0.258791348703576 0.917984938532196 0.0627721809537557 -0.374460291291569
0.302669725837834 0.644303444790711 -0.371097405719663 -0.443535083471418
0.325828852430662 0.127179266741575 -0.619133197808441 0.0813039518023724
0.250290152927034 0.0390687624311745 -0.0102800069020452 0.528501303521031
0.177474672278747 -0.113012545230163 0.327914897918822 0.126472291150774
0.0669428122685258 -0.0457306898014377 0.202775780095701 -0.150447088274308
0.162260596821711 -0.0378539146917315 0.0200718771914837 -0.174481344938073
0.227206334317758 -0.0818482275213336 -0.0827533914781373 -0.132168230777782
0.234543338010898 -0.0790305263188081 -0.126382817636717 -0.122486895837528
0.217754574563613 -0.0442539914286108 -0.0988531363753349 -0.201848453506496
0.270081556894104 0.0601073379210421 0.0602352450186623 -0.210674967323343
0.128778414187105 0.213711137438567 0.0757793832088722 -0.134026191509308
0.0864268486154957 0.116885867174213 0.324105728952954 -0.273069956337082
0.244312706746566 0.328452973851476 0.564858396176371 0.422513210706178
0.0206022990596255 0.85001558244216 -0.128894583031309 0.359045966890399
-0.279795168481534 0.859242182628947 0.240332746011355 -0.619095851945514
0.277665963371453 0.590534569555879 -0.170558207003509 -0.581053837145038
0.262460186897285 0.0582061697093207 -0.573938761137745 -0.225749766640763
0.121001477532399 0.000746970034244519 -0.218319015845056 0.408789337935429
0.0400882010169924 -0.0237222224154757 0.216634088364371 0.216512032999137
0.0475129168064052 0.0906408254297357 0.222077565914149 -0.060323762805322
0.188676423530195 0.0507253517830373 0.0925342581199966 -0.141833133962829
0.243073819311574 -0.0279885756151205 0.00449714322895682 -0.151667338270346
0.222653969782917 -0.0463296765290502 -0.0460221818460837 -0.165395963190831
0.173458851425282 -0.0105672948243482 0.0146642402795725 -0.237318564577141
0.149740179171859 0.0543215083079547 0.181407465568131 -0.146194478473602
0.0381312732777132 0.0370009177656674 0.00637202313831162 0.00932197919848226
0.190606088974483 -0.00193046071783902 0.19669396607906 -0.332424652009748
0.35448640124839 0.235350579679033 0.453106534836323 0.287296346675944
0.12321929594553 0.850580743179511 -0.118735980832015 0.0508347354589311
-0.173777753368549 0.663814456097263 0.429320130940301 -0.765346232625559
0.284787655738177 0.320729581006444 0.0878609252074625 -0.667354244141304
0.107666815287747 -0.0379002207527508 -0.461109461896553 -0.49586053989142
-0.00476605525045533 -0.0329624864011635 -0.376115583478206 0.241310308085085
-0.0746004448630059 0.0580488703549454 0.0662488546230225 0.294386314379656
0.0408557015113047 0.175376616820356 0.224436829698753 0.070977956511487
0.182963306805242 0.101745866953989 0.178887025243057 -0.0722051117669964
0.220970467567139 0.0278823414887332 0.0929088688920182 -0.14782609255466
0.181698288709706 0.0193024154521617 0.0128082268456196 -0.192650175851627
0.0898949871313805 0.074993432684989 0.0831310301892004 -0.265132980773127
-0.0291470917746324 0.0620186560044848 0.255362712990117 -0.114132188187814
-0.0543175314673835 -0.124605928337231 -0.0263471026089319 0.0777880593073653
0.207006194328952 -0.111874202799437 0.133290144696473 -0.29876727844847
0.419055604504222 0.123433514680986 0.265479952617168 0.172196676895192
0.148633961892023 0.739208020727172 -0.1258442058902 -0.238176560102017
-0.0333884109777969 -0.534415229301617 0.122975802570177 0.455296051574937
-0.396603871681966 -0.0984023638422827 -0.100916833664125 -0.0529647170890258
-0.168137229777231 0.186635143080239 -0.0914835771087338 0.250380580116793
0.121696817278305 0.215055387131857 0.0783615713267062 -0.058379593677299
0.182091811574616 -0.0926444067445629 -0.248194304697899 0.0786953559933187
-0.00567106807639036 -0.191002570817874 -0.0859324183015877 0.25490714124236
-0.127618371214746 -0.127857566532937 -0.0536496253097951 0.172150933787087
-0.166024145477887 -0.0883799570382119 -0.159687041977739 0.104687913032579
-0.147046199136017 -0.108816056233803 -0.263238316928442 0.022483192584506
-0.0473471808381651 -0.183997808780618 -0.246511453359692 -0.173804409264691
0.144123502668685 -0.122574510739955 0.0273499273263468 -0.341194132808423
0.115104215049869 0.0881847607240348 0.461774316783578 -0.156580679579615
-0.0283605643611132 0.0943150432754775 0.446383053880125 0.585630289663881
-0.262770649169275 0.0186619562902101 -0.193655112955245 0.796502673982452
-0.0669775130944102 -0.393672955499043 -0.501735791725717 0.874400145487897
0.0627326147250802 -0.211945211443015 0.0679510524419258 0.535113259894854
-0.242843753430327 -0.111635136247212 -0.123017833403823 0.0595109009506844
-0.158060531584094 0.229429539143335 -0.0701109324803373 0.309070575485537
0.21798697584748 0.256582493702192 0.16272581284788 0.00697443640939908
0.307538311791128 -0.143500219237392 -0.155092811835633 0.0332984549733648
0.0615612936377639 -0.285394805551277 -0.0608815422530744 0.181458443525495
-0.0714705979033902 -0.201759085805413 -0.0728187347077256 0.110131769599481
-0.0861156436730124 -0.129111555269257 -0.208244555363597 0.0642563369187658
-0.0736576319504427 -0.100072459979158 -0.314268286425034 -0.0239150271018852
-0.0188540400276368 -0.142280199513217 -0.280631615270293 -0.236246255855085
0.173632918100809 -0.119984564283559 0.0491488258017413 -0.399165232686335
0.172218654023198 0.177136925051794 0.48042275749599 -0.150506008068604
-0.0792030467326225 0.124517304854333 0.461748513147805 0.513794269363208
-0.168777983464475 0.211974596047976 -0.120396578350085 0.871705330771261
-0.22279142208696 -0.0469634419023514 -0.522187975613716 0.925347466355871
0.115271074203414 0.193042459555447 -0.0141407815158315 0.464105172391577
0.0507867533094937 -0.0326899438245126 -0.245979419339968 0.059632681661534
-0.0969966673601583 0.150020238625075 -0.158163315329187 0.412052933031697
0.272359928230068 0.253439992168301 0.257815501931607 0.159448680600921
0.374785320272089 -0.188035060722436 0.0128920373072634 -0.0144454356520585
0.102227400083871 -0.329669181201607 -0.00582805191785486 0.0530264962867156
-0.0138130194678009 -0.234485620664809 -0.0789027363939175 0.0139041204447366
0.00766824014039849 -0.148559581837953 -0.223002415610049 0.0145349366335826
0.0253432197102114 -0.0873344245365872 -0.324200606763968 -0.0473556675275577
0.040924260006283 -0.0848924197558658 -0.307192501357002 -0.245851974350406
0.199002643784914 -0.0693431269514349 0.000301148695958653 -0.428564621105611
0.209388856628939 0.256801428039361 0.44848214859335 -0.224190583350914
-0.141654625198006 0.200337996413559 0.499909690895695 0.344965688905444
-0.0960012326323241 0.295792271808865 0.105037671634505 0.855379060456478
-0.286522911259455 0.280565840503101 -0.440696537092933 0.916480908029733
0.0510132543251273 0.57723432783965 -0.0704733913437455 0.246356556378759
0.296774839331146 0.203853140165527 -0.374273847301505 -0.0542479880734775
0.078663673927777 0.0722672005422735 -0.332554308929762 0.433994516984765
0.29237313898246 0.183987181072843 0.272081319800388 0.351997491227483
0.367855042213137 -0.199821667117592 0.199963510758472 -0.0161440123007109
0.111381496999942 -0.296594034740417 0.0717021103604066 -0.0815297389555845
0.0478411162476568 -0.210643860769557 -0.0698585157797123 -0.0882096781169202
0.0995514829880447 -0.147606549615789 -0.205995802780115 -0.0425312796590137
0.125671164644381 -0.0848497225791711 -0.288397652828858 -0.0616900911382005
0.126250730428984 -0.0555479511300003 -0.294780764162003 -0.214247306435645
0.25100539410028 -6.00873149715286E-05 -0.0536414889920309 -0.396738120111236
0.214979539988188 0.317106263587587 0.345354759355517 -0.295900654239097
-0.129104791354731 0.256342567296455 0.524518152679647 0.108094120173972
-0.0131867908449451 0.343041243048707 0.361214433487971 0.74753712634731
-0.241183607326427 0.557657752930765 -0.306094417959424 0.826952627482641
-0.0701514176442944 0.847614395258365 -0.0570346314991406 -0.0629599924566963
0.361239812847487 0.481105998128768 -0.43940854352512 -0.240529313224364
0.259484301533859 0.0918618291338796 -0.51488981366003 0.325987552850741
0.305863752042529 0.0945974579945943 0.172527890544723 0.500837049688454
0.294886912968854 -0.181859752863589 0.324334711749605 0.0364163885791571
0.0916784413212791 -0.193560049189804 0.148272351689159 -0.164010400164251
0.109616243814346 -0.137987291258989 -0.0402054213581733 -0.158446612406159
0.176354919848697 -0.124565795897396 -0.158046666857188 -0.0921876866183007
0.201413325378088 -0.0886371253754596 -0.2166108383905 -0.0841000738551548
0.198546215370143 -0.0494849872774959 -0.215773559945201 -0.19325599929999
0.298080849362942 0.0438804738691327 -0.0410324255204202 -0.308913631878088
0.193613288063894 0.315962040061591 0.197485510025736 -0.26988568357237
-0.0481249321384905 0.224197560290027 0.457830149558509 -0.124782676155725
0.108756065197829 0.361341215713989 0.542376831032982 0.583031725252882
-0.120560274013588 0.752213186638263 -0.183239399096734 0.635682496078441
-0.183718528537647 0.945799259840237 0.0483474129840177 -0.377722849419864
0.308420769658438 0.643856690777445 -0.38196677558199 -0.437332014236367
0.32915472213975 0.12399127694114 -0.620035718386683 0.0917155203308027
0.251343655443305 0.0369718662888212 -0.00811428175505673 0.529074947666668
0.177086453002157 -0.116706689648815 0.329535825890128 0.122706615348305
0.0655550374154272 -0.04885010600008 0.200947994134179 -0.154758620372868
0.159957590244291 -0.0442452723372968 0.0139919945913731 -0.177300151364933
0.226123944543858 -0.0853729520090598 -0.0847857679673169 -0.131254095708786
0.234296883937978 -0.0823059708217623 -0.131010993843181 -0.120206879994589
0.219368181148843 -0.0421504955001132 -0.099276964163738 -0.201862892627626
0.273587884744371 0.0523583273612507 0.0548668443817084 -0.214532053191463
0.135088666618224 0.212512843008881 0.0750295235373846 -0.135620705454467
0.0904351791608476 0.117348190906757 0.317358872104605 -0.284749876165044
0.254523517661159 0.324622439233676 0.573643731495986 0.413765952876816
0.0286007339070064 0.853275229539847 -0.124059210996092 0.363527051749757
-0.210564080741899 0.884296668190775 0.226212067682493 -0.627020029828539
0.287347692993433 0.591355111654325 -0.181127066817361 -0.580474944060157
0.263508597507208 0.054439384217668 -0.58064798364038 -0.21986087748878
0.122233870130217 -0.00116569603609744 -0.211058497774139 0.413248192215804
0.0407637436507605 -0.0249878658882823 0.219990501120786 0.21379194164479
0.0485942452761821 0.0898769210752528 0.221779278245695 -0.0646953605526937
0.188859466346094 0.0474922502559522 0.0896277990471834 -0.144523067263894
0.243812169018477 -0.0325047239280135 0.00157513831241795 -0.152790644321399
0.223398983649477 -0.0511843970797281 -0.0500938648777751 -0.165953155876338
0.174024954875587 -0.013674314772434 0.00928184263559819 -0.23891195256837
0.151822914549862 0.051395050731022 0.179551437993578 -0.151557297648581
0.0388345336775451 0.0359962119457498 0.00716678822940575 0.00842705917100409
0.19216939649885 -0.00411047775069087 0.19185688506202 -0.337248778270808
0.359907570519482 0.230739944413786 0.459623137221458 0.282087016501755
0.136403279634281 0.852668036362219 -0.118430826232629 0.0532400330592364
-0.120289944571652 0.681464630324001 0.407355848095756 -0.781437265074996
0.289350227662198 0.31929834578306 0.0745457108724866 -0.673098085550697
0.10671699507044 -0.0392169968346505 -0.469868294142798 -0.491968665100368
-0.00491436083223097 -0.0328838619969453 -0.377519605382889 0.241282430117321
-0.0737115788861514 0.0592194078665569 0.0704533153906082 0.294672283731455
0.0454808695429375 0.174096745167756 0.227144114556195 0.0646842527012364
0.185067208563672 0.100890092301107 0.176067245777037 -0.0821898564798192
0.222624193098044 0.0249729898518082 0.0878440619764501 -0.151707200221759
0.182344388416294 0.0173997814898931 0.00644599340354783 -0.193576221699905
0.0917568094298217 0.0734793410668044 0.0811468818077516 -0.266894297646109
-0.0283297167940823 0.0643009078718839 0.252434817565053 -0.122483632163062
-0.0572921391886747 -0.123721532045215 -0.0258684718623555 0.0779805616128258
0.209948581433454 -0.103017549957733 0.12639312529269 -0.305421632486237
0.419408521331183 0.126727651751016 0.266101739842981 0.168807391275893
0.151855354630685 0.74013924899054 -0.130923716162128 -0.23722056531485
-0.0446005718278461 -0.536185814053253 0.128949233344083 0.453879654343431
-0.39946554162247 -0.0911891967014057 -0.102002500498651 -0.0510837195305487
-0.165141842420415 0.189061484533666 -0.0877338384291488 0.253762411752234
0.126717382331084 0.213107857436253 0.0771878730083538 -0.0592973753984604
0.180900420610148 -0.0963503453335984 -0.246334216191886 0.0840085754555218
-0.00854690353739702 -0.191996070752217 -0.0807300561292719 0.258038633598107
-0.130363190380074 -0.12562599358463 -0.0496683670131508 0.174185729421983
-0.168026584139293 -0.0849043550865461 -0.159334715281923 0.108370205301418
-0.149358070507302 -0.107076997951184 -0.263276749854183 0.0273824683962461
-0.0515858018281205 -0.18337440094911 -0.249935246428083 -0.168813981289687
0.143008212518165 -0.125118632413285 0.0217873726385362 -0.341102868749974
0.116935418973675 0.0851889723845615 0.460951817485145 -0.164291946475514
-0.0262832179445813 0.0944004320145482 0.458702678198025 0.580597047891023
-0.262801812985662 0.0219555432307445 -0.186166220959794 0.799961406416884
-0.0727244115416121 -0.394088814492275 -0.489871667442032 0.883792772115098
0.0596012295465595 -0.213206632319266 0.077320209696684 0.537283278821163
-0.245210365769625 -0.106501093715851 -0.121217493147302 0.0618003818731347
-0.15106655719857 0.234013840772065 -0.0658633038948601 0.310987882606074
0.225246370744317 0.251604431996656 0.163303230984573 0.00525785210784479
0.306213527245877 -0.149646286146566 -0.155526802797723 0.0358694148587669
0.0565273398555821 -0.288494991311759 -0.0588041078331399 0.182490318165859
-0.0768360427216468 -0.201437879501181 -0.0712613627291863 0.111712734597114
-0.0890338877259695 -0.128348592138354 -0.205986910065178 0.0692019729983885
-0.0747742023800355 -0.0986494205536312 -0.314752195387365 -0.0163593529847551
-0.0208386301553103 -0.141967837568941 -0.285928128487232 -0.232357396351795
0.170826493139738 -0.122347898803162 0.0384025553057369 -0.401563356631312
0.177061143780947 0.174570731124396 0.477265433230938 -0.158635628173105
-0.0756618485970117 0.127275912981533 0.472055151923009 0.505501197062236
-0.16712886530142 0.214583533393893 -0.108835105816522 0.874779301248821
-0.224152785758683 -0.0443175595836446 -0.511759851113273 0.935097862054675
0.120716563736209 0.190478042616153 -0.00497886708023896 0.464952285509848
0.0499127443021056 -0.033127007356612 -0.245328167387131 0.0632394130755929
-0.0932204525669124 0.152577404744444 -0.152247663253465 0.414572016815166
0.278730695916555 0.248111608339778 0.261026514765943 0.157494734253808
0.371482426432242 -0.195015011693786 0.0132729318066631 -0.0138747636703564
0.095442789093282 -0.331998540563463 -0.00336197305569677 0.0532769246494621
-0.0194126828932761 -0.235218307126898 -0.0786311541407957 0.0155294948109718
0.00451627169891209 -0.14889768530253 -0.224086249347458 0.0183538609386665
0.0240599593990239 -0.087960611604299 -0.325545679493641 -0.0426324013854487
0.0396858247884181 -0.0867047109675206 -0.312178069857601 -0.239550003449273
0.198307739082076 -0.0731573832419617 -0.00736431633362319 -0.429353101849798
0.214622711042576 0.254294032029804 0.446562126153477 -0.231563328140049
-0.139216495266504 0.202832191255182 0.506164548542637 0.337747481119768
-0.0914697891801209 0.299096164425395 0.119658887549208 0.855194499147809
-0.282437115658364 0.285843963096232 -0.426255205278117 0.927079413940519
0.0571173123381668 0.577502322175354 -0.0680880316246673 0.247801047966632
0.298744536632894 0.202002211560118 -0.375597265659878 -0.0473115887658199
0.0818394790655441 0.0710563026356886 -0.32584055857067 0.44060634367778
0.297696957276144 0.179388180722433 0.274459002578533 0.34991011302842
0.365596506723266 -0.206962194933764 0.200439516343663 -0.0190759991486311
0.105200739866699 -0.301162132613395 0.0706362728527811 -0.0827797824861106
0.0401005302668088 -0.213387006219451 -0.0715240376692659 -0.0868120723156187
0.0955491085157981 -0.14912291987243 -0.207873592633443 -0.0368817383618522
0.12510185039772 -0.0869337804144856 -0.291773961803057 -0.0563161839293316
0.125624037267895 -0.0521745842891137 -0.295324339525954 -0.212276554863648
0.251780040651857 -0.00418330237274985 -0.0568878917443149 -0.397757807453278
0.219372321382833 0.313171467276552 0.341122258421831 -0.303543958380875
-0.132803913539064 0.255249887437032 0.528799901442097 0.10000702568721
-0.0121323037134644 0.34330919774736 0.372143811472125 0.744463953882784
-0.237667413576527 0.559327832194246 -0.295747403579214 0.832476520549265
-0.0449885668855507 0.850993913711259 -0.0588200665669078 -0.0614753735263081
0.371642033839786 0.476715806651114 -0.443412061225078 -0.235580345938613
0.261280459765016 0.0890804490309981 -0.511760645265984 0.336602360064934
0.310362219612081 0.089385280951259 0.181772586520316 0.499320529195923
0.29358262675394 -0.188764328832463 0.326790092402391 0.0325727901712085
0.0886799865558683 -0.196131606499756 0.146228245432533 -0.166813084683737
0.106633000226 -0.139727164208516 -0.0434361455503289 -0.158519523506326
0.174228629474523 -0.128893702847167 -0.160127928407203 -0.0908903675173538
0.199756650722396 -0.0934488081142447 -0.2198861474836 -0.0789625634067193
0.198260615050444 -0.0531769509718626 -0.22015823083442 -0.189628098192868
0.300087417382999 0.0373665593218717 -0.0465510354302635 -0.309851146333465
0.200329047553206 0.313236015795856 0.193787628054519 -0.273844765028274
-0.0441572046431728 0.226861108872599 0.456250401230441 -0.131821251503447
0.114556177318775 0.361748426096729 0.553092263458048 0.573239758614182
-0.109408576668696 0.757843375032832 -0.176664886664837 0.640856083814819
-0.192986283999929 0.944366005887937 0.040880665216452 -0.381029893687128
0.325844682104309 0.639922298882801 -0.387136807140686 -0.433768407012376
0.335400369208423 0.115250808236058 -0.621127996284811 0.099913660155634
0.255691435929791 0.0269662613173831 -0.00832474849423776 0.529266911796668
0.175300330887181 -0.123584881509292 0.33377967456719 0.117721358353804
0.0646519356514588 -0.0503548113336476 0.197664730882029 -0.160508289774745
0.16173329862835 -0.0425488507309818 0.00792656699015611 -0.179926422766574
0.225169825704193 -0.0877833678081432 -0.0891859300192173 -0.130173274821272
0.231723588713955 -0.0877376700944525 -0.133175030473727 -0.118833118307119
0.217220884099017 -0.0547481607431953 -0.104467878067719 -0.20061404717636
0.276948449712353 0.0442239979272441 0.052392500324698 -0.216305200979616
0.137770072874333 0.212208967335493 0.0721803304584094 -0.137858982357206
0.0845728403589155 0.119025799946523 0.306666929011252 -0.301255712804647
0.252832526996474 0.324466929257634 0.583634266751082 0.404708313678038
0.0326315332727474 0.856492407816431 -0.117838374314463 0.367419227832854
-0.242631466870136 0.876860484957514 0.219130734474441 -0.63179562439233
0.296150167306619 0.585553772997083 -0.189619301812537 -0.579482144512173
0.264944384337049 0.0497132615991535 -0.585225234588666 -0.20910362652572
0.122579836327575 -0.0033894727501616 -0.20660733249679 0.419029319275398
0.0395557465847972 -0.0263942407448107 0.225019535635192 0.210812170691609
0.0505588819097337 0.0890996437585688 0.220976771729113 -0.0689871115832787
0.190488793567023 0.0446785392043141 0.0876503275556245 -0.146139379169196
0.243084401722838 -0.0368124188338015 -0.00206144003842559 -0.152402055777208
0.221965110632035 -0.0541337727915017 -0.0532717662312398 -0.165148818269509
0.174588205343622 -0.0171079428553752 0.00390379267019688 -0.239250367406663
0.152367548201497 0.0479276249704652 0.177551153951743 -0.154890977048488
0.0399239226600337 0.0356208579896047 0.00784031918607506 0.0076382687281429
0.193004615319116 -0.00776994994768077 0.187130384884783 -0.34198590445398
0.364579563839407 0.224776890444692 0.465403464827669 0.274700715213641
0.151952614415053 0.850920730516004 -0.118062603040141 0.0544501048519489
-0.122295159948347 0.683128096262306 0.395724437807152 -0.79132640371331
0.30087320768388 0.310591268243535 0.065494388274572 -0.674412303836734
0.10605929256528 -0.0416177620269702 -0.475841799130734 -0.488323586355827
-0.00544674559363638 -0.0331648900690862 -0.378132699725564 0.241435121592016
-0.0722911940940858 0.0609615717933635 0.0757440393012977 0.294799566247881
0.048533616578191 0.173079797806917 0.22887592341383 0.0585965105828425
0.184327144398653 0.101292653735396 0.17364802425123 -0.0896325550044619
0.223093240583327 0.0212172919446566 0.0830415244432146 -0.155539667981239
0.182685607131112 0.0128037800853792 0.00450892143753159 -0.193514643396464
0.0960441844844327 0.0687023563875261 0.0704815106260833 -0.272122084777926
-0.0271160318993098 0.0645290871532521 0.252018754179665 -0.126332228024496
-0.0584627771751955 -0.123124949065061 -0.0246519793669714 0.0780789320394697
0.210473320151463 -0.104016466624253 0.128756178017183 -0.303985741399254
0.422142845418829 0.118616493689528 0.271623279476258 0.163609640203279
0.162625168078634 0.740330449631243 -0.135232947948021 -0.234884184074026
-0.0550667202136716 -0.536405788234056 0.137090165589968 0.454565732541644
-0.402320395085276 -0.084459018396897 -0.102444462224728 -0.0491382993649618
-0.161551769458015 0.193278122689597 -0.0849476602222715 0.255559850368023
0.131220683560475 0.211008093033112 0.0768346371828816 -0.0608818081553264
0.179608116089524 -0.0994480126071667 -0.245140548581478 0.088783268215178
-0.0131125340627472 -0.191872687244261 -0.074998685323551 0.260535637502528
-0.133015030850312 -0.123116616811691 -0.04710332613997 0.175168508138612
-0.169658058019661 -0.0824706160343716 -0.157076963120118 0.110103448038448
-0.151294114958093 -0.104363663166999 -0.263383334234383 0.0315369723504593
-0.0538735884165295 -0.183421302582546 -0.252800875943624 -0.164169482380145
0.141469196242017 -0.127837225537372 0.0155446699666685 -0.342502525592507
0.117157020499377 0.084135025275392 0.458575576109981 -0.171940699194917
-0.0249826163784147 0.0952013839324211 0.467861449521878 0.573759081148967
-0.263102075539749 0.0261351452016358 -0.168883272309641 0.803702788032554
-0.0798722547797825 -0.392675572263822 -0.481295583018173 0.893857490242873
0.0613778106354819 -0.213656173381446 0.0848854699959121 0.537214928637456
-0.248541943414087 -0.100864173635169 -0.120457843930869 0.0646543476289192
-0.146310880344889 0.236633650286935 -0.059466789825326 0.312375284250643
0.234043054262206 0.247451348794105 0.164061622421895 0.0024532138402591
0.302733287347919 -0.158383598654996 -0.155192599159438 0.0393635579906239
0.0508861762916947 -0.289954136361289 -0.0532372305234695 0.184083754671849
-0.0804489365732502 -0.199979913614339 -0.067740899425654 0.114317862158112
-0.091590202950571 -0.126286491749433 -0.204803802244366 0.0746739308611727
-0.0768177074417482 -0.0973105638553089 -0.316479805202641 -0.0125873694278327
-0.0241367602916147 -0.142024799016219 -0.288693089951713 -0.227589100129831
0.169451917839059 -0.12727982377214 0.0329056635648958 -0.403558761104348
0.181849283369301 0.17241528384247 0.475636610884637 -0.165007557112231
-0.0750992880052235 0.127910511102231 0.477374934684728 0.504269433564466
-0.163870326514526 0.219224972946698 -0.0970737250931014 0.874123808844208
-0.225899411703966 -0.0398077004804018 -0.497641055306805 0.945493980840116
0.128409642615255 0.187656428259058 0.00438481964403203 0.466902467882744
0.0490292093507937 -0.03336758593935 -0.244247807731617 0.0676856738954019
-0.090318343382201 0.155471203399253 -0.144840257683433 0.418889120387013
0.285455673330833 0.243213390854037 0.264661820853983 0.152975629521546
0.368723668062955 -0.202220836111094 0.0131083866087356 -0.0135215444255663
0.0899546826015148 -0.335686685385633 -0.00184868751006772 0.0530194185219005
-0.0231911272638809 -0.235800692009304 -0.0785063039594988 0.0163327868164162
0.00165903975887484 -0.149421833104826 -0.223742735161375 0.0217213128138242
0.0223023289295115 -0.088554066541128 -0.327028759420846 -0.0357837746806267
0.0381366902959908 -0.0878480301534327 -0.314875027477771 -0.233591275361372
0.197311923493157 -0.0760421922090632 -0.0142670498895224 -0.430459378947965
0.219624600196936 0.250854273367173 0.441407828960478 -0.23987489300514
-0.13516121484564 0.206418743209362 0.51293566597183 0.32895694534459
-0.0869851994710936 0.301030458016631 0.133334015948879 0.856861569811368
-0.278868927627499 0.291281194131028 -0.411901355536037 0.935955976652946
0.0911140681650285 0.577692808278928 -0.0615139498606331 0.249554930429029
0.302610346707055 0.198370089521621 -0.376738271621328 -0.0423807297371267
0.085151251590662 0.0708193061657452 -0.319879564794623 0.446172392181066
0.306678853378813 0.168259879135449 0.281981844638581 0.345870780445666
0.359728335986657 -0.220509005128526 0.201141442094422 -0.0218334701538135
0.0971891005655926 -0.305132616524663 0.0697152846772007 -0.0849248180775308
0.0387719618969884 -0.212309264211196 -0.0748562324109307 -0.0857201660807305
0.0931463807657584 -0.150760781046861 -0.208569278864585 -0.0328069960346433
0.123625394180675 -0.0892598789102724 -0.292931249023717 -0.0491706872958131
0.125632270055919 -0.0543792316063916 -0.297304542523163 -0.20998108871025
0.252363299416134 -0.00922216798733687 -0.0661960824411499 -0.395859431484433
0.226728140369911 0.310166614477433 0.336225505491834 -0.309932997808892
-0.131881876554954 0.25420343091137 0.527309140031762 0.103552455815779
-0.00398858546048759 0.345342649563827 0.388062836435973 0.740366648218802
-0.227962769444806 0.565610555972228 -0.276911762029787 0.842235525850423
-0.0766564748439644 0.845957869553188 -0.0584166816096988 -0.0612797513910406
0.379431188059674 0.472522180519442 -0.448622412465574 -0.228100783109556
0.263982674758845 0.0853157057324272 -0.505676315991978 0.34484527680699
0.313980131998773 0.082971985696367 0.190808591086031 0.497578204444679
0.290983441929631 -0.195366178999227 0.326546480276515 0.0262624604704541
0.0837321000528032 -0.197895906788117 0.142933567239527 -0.170906234562446
0.103353206266551 -0.140971465795516 -0.0466667022480826 -0.157331233349539
0.171733649338367 -0.131397377078002 -0.162052589236978 -0.0864661273258744
0.19792139569308 -0.0959272293138418 -0.222012106174959 -0.0745624949454402
0.196960557146763 -0.0557481209715644 -0.223381066404732 -0.185523340165775
0.301859461496438 0.0318045576865509 -0.0531098181797323 -0.309293383637157
0.20584902155486 0.311688991521299 0.189293747993976 -0.277968415381557
-0.0399345780423416 0.229259024059817 0.45568956121197 -0.1404948874196
0.119550415704243 0.360067556275055 0.560958788009838 0.567732150194217
-0.0963677253789224 0.760061220142763 -0.163572338790252 0.643148144894184
-0.232534231275979 0.93380260200027 0.044182690219391 -0.382152996889533
0.338915549794719 0.633744609492226 -0.393023051133729 -0.429791071886327
0.337546250120481 0.111080862139421 -0.620879687069141 0.11016168499672
0.257763773985517 0.0201082591370622 0.00837718706900065 0.530654974034567
0.173450030828988 -0.128415946935748 0.336751228098557 0.110431709488359
0.064185579171149 -0.0499469845751622 0.19427234343317 -0.165284698316433
0.161463441119043 -0.0413541429873895 0.00788434237039333 -0.178349674897083
0.222022929659487 -0.093479787795272 -0.0926088169615478 -0.129202515701512
0.229923819150858 -0.093338461748801 -0.134237397283495 -0.116457583777187
0.213788953504399 -0.0645450195479677 -0.111604687693499 -0.198679622443596
0.277150224613852 0.0414488677934754 0.0505249773132015 -0.216727426063266
0.141847424423492 0.209573820028531 0.0698392889690055 -0.139732797042991
0.0876893109967588 0.118462309979882 0.307247146678116 -0.30030919397757
0.256902847911616 0.32242558128364 0.591683204736519 0.395556226878392
0.0558550067671928 0.858257413622054 -0.109668275075731 0.370687389585431
-0.26996240908406 0.866190795535395 0.215435752763122 -0.635472495957013
0.307050550162974 0.582742938352623 -0.199566030436032 -0.578770078015738
0.265931647330788 0.0471702579355113 -0.589554668415359 -0.200329589563124
0.123464520523889 -0.00556908714722023 -0.198370843039343 0.421980689707295
0.0401025707283839 -0.0283045125186979 0.228559018776725 0.20745584236367
0.0524297439578135 0.0885171713154391 0.219644272476028 -0.0746067671857711
0.190964664841366 0.0406252431839096 0.0842951402491343 -0.148349090857706
0.24288374659281 -0.0415306793555155 -0.00517992301660316 -0.152810938936717
0.220943958918372 -0.0583287627614868 -0.056662211935816 -0.163916757495929
0.173257477814055 -0.0205905003084236 -0.000312162479534024 -0.239755279952879
0.153424571346605 0.045862618057777 0.17502051439796 -0.158756714489923
0.0417298108223069 0.0352506228792583 0.00824528656201973 0.00744192246373353
0.193056657820075 -0.00960455233656986 0.181851230194323 -0.347501258581849
0.368704763494172 0.221262234014531 0.470863151454967 0.267581962675301
0.165585213862209 0.849372983698015 -0.116802622629711 0.0566704688587246
-0.148388730840719 0.675474449527074 0.396422477288172 -0.79054825382714
0.306970823322641 0.305035616234045 0.0595774749707804 -0.675702694248256
0.106137278809372 -0.0430817897400889 -0.48680007805988 -0.479708360458089
-0.00629079987113875 -0.0329133886347439 -0.369735959572972 0.256989373790372
-0.0709191164840534 0.0617534454265149 0.0845880307604055 0.292967693682485
0.0505583302529015 0.174589364402316 0.228546634492658 0.0558947683388898
0.186925313331033 0.0976956732766002 0.174720148546858 -0.0854189702496657
0.224015772775902 0.0161753706242689 0.0820728023830756 -0.154727444066413
0.182329117920736 0.00938912123891958 0.00212800388294529 -0.193279777496493
0.0969912781461721 0.0681730860598681 0.062187706679451 -0.275458180449732
-0.0262331704338312 0.0643140945152864 0.251318729528679 -0.128622954492666
-0.0599493448016611 -0.121478006232873 -0.0226303120224505 0.0785830000656899
0.204681355575967 -0.118683744336376 0.126546763824869 -0.304909890535241
0.427980015066262 0.101236952165859 0.275260981800838 0.157805338605398
0.187879230657814 0.73771240552568 -0.140209874396419 -0.234239533591403
-0.0637144075021254 -0.534356345626655 0.145857175619028 0.45169124829633
-0.403837600066836 -0.0777158265797927 -0.103956371229951 -0.0470089647414274
-0.157468036321633 0.196506916042095 -0.0799823263516531 0.257782307190651
0.136356035589522 0.208263121251855 0.0751065524983026 -0.0618724960668233
0.176887554946787 -0.102559337150416 -0.244084876687007 0.0947936728172545
-0.016586469050239 -0.192128152056493 -0.0688998800336279 0.262080076360348
-0.135656580551022 -0.120305598823783 -0.0433060369666559 0.17550214987983
-0.17174045367589 -0.0790643562603572 -0.15474542785724 0.113105847420063
-0.152835381560443 -0.101595664325113 -0.26151749870549 0.0366394647506539
-0.0577074251668992 -0.181758970214266 -0.256057095673739 -0.160028457737445
0.138933880201646 -0.130165717890245 0.00835640051046067 -0.342567751200285
0.119186140531432 0.0818321732690744 0.454949030370882 -0.181153613960653
-0.0226073433355835 0.0950847994543963 0.478031989465582 0.566648011297256
-0.262126099667987 0.0327172480842491 -0.157420856237652 0.806954870661004
-0.0865801609040042 -0.391951892577596 -0.465397972460535 0.899123936990271
0.0553815450330877 -0.21484520149994 0.0953363481016497 0.536317413904321
-0.249876479644854 -0.096064051121593 -0.118035066538903 0.0657781322286006
-0.145265883881526 0.238535386744554 -0.0546362553472678 0.313815111615777
0.237868047492684 0.243427819381387 0.16425444031139 -0.000560196905181116
0.300272293150764 -0.163491380403552 -0.154765101013009 0.0428298283492025
0.0463480068396485 -0.291114504656372 -0.0488494640743009 0.185341789207584
-0.0826532321186459 -0.198070934944783 -0.064597132272881 0.114506869660108
-0.0935121483486826 -0.124060031323815 -0.204504987863638 0.0760893789544759
-0.077947088657017 -0.096055998496401 -0.316131301625842 -0.00860573345511893
-0.0267289194053752 -0.141861463851231 -0.292893016279249 -0.221565891175776
0.166611139520301 -0.130217503889745 0.0283266399788303 -0.403130406680036
0.183457658503861 0.169415225009604 0.472784547606341 -0.173673513361194
-0.0734972696949436 0.128486713954074 0.482831054592696 0.498350356213435
-0.157563094341623 0.223242574100559 -0.0807566854090785 0.878713201634933
-0.227973577993089 -0.0347624391032224 -0.479565133340662 0.955730412263826
0.12823384643529 0.18759252114979 0.0126183412656928 0.467162216795612
0.0488965237452827 -0.0339339918582098 -0.242043964718417 0.0733471255018285
-0.0869887361671886 0.157620635401964 -0.138601006510345 0.421689407501015
0.291262428255641 0.237695951889985 0.267386260352639 0.147375565143215
0.364106966870252 -0.210407999705498 0.0126060315750979 -0.0130870226858906
0.082493046150068 -0.337399127656058 -0.00107971017064951 0.053410569506101
-0.0283320143134791 -0.234928168788423 -0.0779905365733948 0.0178567856031536
-0.00195822628180449 -0.149226119536459 -0.222920276055654 0.0255525293463613
0.0200033821780532 -0.088177232858572 -0.327448348910642 -0.0297395836994873
0.0365713523044337 -0.0883679661395668 -0.319304986289727 -0.22739388418127
0.196694674847307 -0.0809181961682538 -0.0224246947432362 -0.430262526297488
0.224550068188779 0.247233102022181 0.437846968346427 -0.246523479740487
-0.132232118364668 0.209162850778098 0.519255184895117 0.321227382557304
-0.0825368677882116 0.302880173013078 0.148251618510203 0.853374664244278
-0.274509984664235 0.296514756330254 -0.396287910451955 0.940784647741331
0.101849676012544 0.578883654954455 -0.0560364357875546 0.250964512453829
0.30726815466651 0.192648046402285 -0.376126051080044 -0.0366707985998648
0.0847982130272004 0.0706167643830253 -0.311871191973236 0.452420154448582
0.311923584392956 0.162123683560168 0.29305450669789 0.339500344479686
0.357779826337294 -0.227289317511234 0.200282589427411 -0.0258540055886992
0.0927861297668357 -0.305850056058522 0.0687446221141742 -0.0859207867191548
0.0374248770867438 -0.211446954823692 -0.0767781393709369 -0.083822006362988
0.0907429494289177 -0.15210831849046 -0.210038237352851 -0.0301482982257078
0.12101303720434 -0.0914855615319601 -0.293122449113855 -0.0448985733080765
0.122971758037241 -0.0618562251338566 -0.304456677067299 -0.200000629052197
0.253030741210716 -0.0161900954250652 -0.0768390409696911 -0.395384363771748
0.23322818316925 0.305395515814734 0.331509753704243 -0.316251697563357
-0.120329181528326 0.263461017982466 0.530202213330465 0.0924013022968483
0.00350691063411787 0.347017952615284 0.397260532453792 0.73285953687475
-0.213763596224301 0.572818341520239 -0.265071484901306 0.84526763596842
-0.0648711064124787 0.848369122452678 -0.0596108468781774 -0.0613495557101128
0.385696124847639 0.465763647431878 -0.452155260726181 -0.220053833125646
0.265685435733629 0.0811131238182011 -0.50151263138247 0.354621991475311
0.315307394669654 0.076117958732934 0.20112676693764 0.494135354353394
0.287677267439172 -0.202146790389675 0.328090480672364 0.0213072296336276
0.0801175228130123 -0.20020631006867 0.139719325521057 -0.173921428800222
0.10078416500207 -0.143861593999249 -0.0490097065682711 -0.156924965981648
0.167464340068786 -0.134157551614426 -0.164361345316528 -0.0838811413467223
0.195452678520498 -0.0999466603937499 -0.223255325333216 -0.0710083100457281
0.195986591979979 -0.0602720958731202 -0.227742481031879 -0.181531187826513
0.301512814343934 0.026039714359876 -0.0579324020360189 -0.309010495172348
0.212261365177031 0.306528887804158 0.182861356605583 -0.281349671379072
-0.0353558588659379 0.230544172729546 0.453312485226254 -0.148471134644152
0.125867351383734 0.358000499432284 0.572208348316446 0.559064110320707
-0.084130201973343 0.761925603423927 -0.155032794839712 0.646553177175867
-0.18834472136633 0.947335090271538 0.0380301491678611 -0.382404188062341
0.34257610692182 0.630031786251798 -0.401700960167326 -0.422094092122291
0.336808782639521 0.110366390024071 -0.617307699673923 0.121938751864909
0.256244650515928 0.0209226640780874 0.0284700561047996 0.530597897931475
0.172082185332878 -0.12830647080646 0.339364308048401 0.105503326138927
0.0624428722307686 -0.0503812143970172 0.191055855828535 -0.168104667055914
0.156997354532933 -0.051152209669995 0.00729419713198601 -0.176972699326903
0.220198982944229 -0.0995868372071426 -0.0926100829344445 -0.126724529089507
0.227938645292372 -0.0964584749756086 -0.13746607068515 -0.113692091617541
0.215535627295131 -0.0592695554464325 -0.115284119338829 -0.197180136358903
0.277198675201417 0.0390858376392522 0.0451604824123682 -0.219550998006294
0.146918448695532 0.207044601517108 0.0670407640431188 -0.141698042205477
0.0982908245017703 0.114985679370963 0.309016685637982 -0.297818018627262
0.266935782202322 0.315966475074968 0.598105998565517 0.386279824585196
0.0767577061277208 0.85592879200955 -0.106303891466427 0.370146272413739
-0.213427571237024 0.885754006510716 0.200149821591573 -0.64059572696344
0.318176023294502 0.577000836052818 -0.208429407658743 -0.574848085800035
0.266403734677701 0.0440209711371038 -0.592838458853734 -0.189911437391457
0.123544618042658 -0.00753657663248275 -0.190873901787903 0.424543688199889
0.0399482131876819 -0.0296745591891447 0.234190764337642 0.202333568342855
0.0543837601199151 0.0871120277147595 0.218436522708225 -0.0784132523009035
0.191625620870516 0.0372476452980997 0.0823423718398506 -0.149860269927838
0.24143258265525 -0.0457750604793773 -0.00853133877195827 -0.152541662761715
0.21939280766092 -0.0629747301359886 -0.0602944087339002 -0.161675745714188
0.173517111479981 -0.024111216912519 -0.00570307088568007 -0.240942962406159
0.155050169507967 0.0427040655223266 0.171597308434246 -0.161941054237875
0.0428979318568111 0.0344140838033082 0.00832449889060036 0.00644746573983007
0.193797927964824 -0.0125545640316718 0.176478122892642 -0.350410221389014
0.370780218034875 0.213378638114645 0.474218760963373 0.258730094606747
0.181932619842887 0.849498550716836 -0.115734209864921 0.057745873135273
-0.124004661697827 0.682880705540289 0.384418558236285 -0.799183409298169
0.307480836222705 0.303846968476372 0.047106002756495 -0.677646467536573
0.105564020009635 -0.0427908811849138 -0.497811784599363 -0.466301672470041
-0.0070151412470238 -0.0321010848306804 -0.360053639382017 0.268867391698196
-0.0703389572114557 0.0624266323170442 0.0894596073933421 0.290683548348911
0.0536011503682404 0.172565594083789 0.228422600865455 0.0523555742137488
0.190503364897548 0.0890160289041543 0.174610513901942 -0.0851583591356685
0.223801761930193 0.0115540888222259 0.0805898004007374 -0.155071113011629
0.182393897618002 0.00664848307595476 -0.00367932486371991 -0.193228997571838
0.0957505015615875 0.0699022193700768 0.0618495416303484 -0.274387798822918
-0.0246820499344466 0.0656074916311286 0.247804302017138 -0.136334265898367
-0.0632013110529725 -0.121060504522236 -0.0211337644110378 0.0790243750858621
0.201038888611884 -0.124093525285313 0.114079373039081 -0.312589983327468
0.428521339359313 0.096504426325168 0.277111738080737 0.153824363947365
0.201869825543414 0.732165852302199 -0.141830663177879 -0.232987924487082
0.284963018860496 -0.465542620322365 -0.159579128976057 0.443002725128808
-0.273358949550769 -0.309995879401743 -0.0520282218436903 -0.103612806507226
-0.245683237151855 0.0586303011907768 -0.222642653583425 0.155099658820258
-0.020107961814446 0.248069670839985 0.0975320192413006 -6.58650006669886E-05
0.203236523984527 0.0283691053769274 -0.249938029568298 -0.0712539032825074
0.104631754595272 -0.162955390358339 -0.211606683736092 0.16637124288858
-0.0339952597020842 -0.179311859044266 -0.141465333774067 0.113106958487695
-0.0874461871795085 -0.167030472178419 -0.192106179901682 -0.00589187241682298
-0.0597432976475707 -0.172577901993107 -0.229810385566141 -0.128798522983173
0.064089212508748 -0.179127797224798 -0.105714009512144 -0.280890700022843
0.189024811949456 -0.0208863269815065 0.213025522305346 -0.266256874886836
0.0445969389710083 0.136493186812744 0.46734007376785 0.132590994449921
-0.0773053498816055 0.0622087727017926 0.032091911283011 0.732036946535664
-0.234101361708753 -0.133286442211363 -0.613497955131261 0.535789547370312
0.163017298701035 -0.365286221851025 -0.906814077264343 0.428791602098984
0.177024708931128 -0.140280678209713 -0.251555681822072 0.479216625312306
-0.137675568496263 -0.230674094867098 -0.132834985711587 -0.0220911940958598
-0.261445039787169 0.101889643559044 -0.23781060891252 0.214155517270619
0.0364058502713187 0.338706661895623 0.1306041809812 0.103432596570466
0.33828631971846 0.0553451188349274 -0.147324181876849 -0.0579030697161008
0.214446561764487 -0.202928704696304 -0.149833821115843 0.11601361680839
0.055300292073023 -0.208322161245059 -0.122728295339877 0.0499217410468997
0.000715650068855443 -0.156161444352026 -0.207364154153751 -0.0660492717242835
-0.00525769912973409 -0.122529228479793 -0.245246606143097 -0.196279145526471
0.0635082490874336 -0.127010973730774 -0.0968812779636316 -0.351710865775796
0.210083402588371 -0.0029345230555169 0.264586389156238 -0.301875318121939
0.0421532159510117 0.244466201406977 0.479602757448364 0.147792431305844
-0.138575889584758 0.0608914904303408 0.0843615592310089 0.682394655216451
-0.268015874145369 0.0825904983123525 -0.596609729078098 0.638577755613471
-0.164390601313416 -0.165763638002494 -0.951562858044117 0.457999547864959
-0.0154799667895781 0.226083395867079 -0.279151147310399 0.373517989800322
0.0586407569545908 0.00456327093743854 -0.234057565039496 -0.0906253658341741
-0.164918072305097 0.0736505141153275 -0.367545542090099 0.247513252727023
0.0852210476983063 0.367190554279397 0.122303445383775 0.283784587061582
0.418243416825707 0.0543991129762048 0.0214508163188734 -0.00289318581581854
0.27008765087843 -0.217826477639904 -0.0317206805508187 0.0400352111561904
0.121620608499023 -0.203968410500446 -0.0729066949410911 -0.0344831266014776
0.0891147700766035 -0.118916748722046 -0.192816939817148 -0.1163950925054
0.0691768287622101 -0.0576209269756129 -0.239703868477474 -0.220282149593169
0.0811400331881239 -0.046988851288274 -0.11473874552884 -0.370884996318714
0.204170482945093 0.0529961215831257 0.240648335993167 -0.354944832480345
0.0278257988164489 0.331915868709268 0.493591786042289 0.0706464452653838
-0.234088316758099 0.0883798921327184 0.214469051384409 0.565743122058332
-0.255476857691661 0.195192251232253 -0.405674047845074 0.755803011909962
-0.402097137893637 0.0711226885148937 -0.875654753365981 0.498974268594084
-0.295591208948762 0.50691642005637 -0.202568034860613 0.161894242332735
0.123763101102902 0.344037702025042 -0.274471816302095 -0.257366575036878
0.0239363222385686 0.111939731990112 -0.522687684354627 0.168671664594242
0.142377493951148 0.323163167501577 0.024381254532404 0.448732012552427
0.422586973815454 0.0401868552684801 0.178294385105654 0.101162933747763
0.260954233831747 -0.185081017432575 0.107491875725044 -0.0287992136175839
0.157291517458236 -0.149147802923829 -0.00700454573544413 -0.113625052877113
0.164729032215268 -0.0660653431662715 -0.146006996019929 -0.15311247500349
0.150617395491131 0.00109296128472769 -0.203220506160462 -0.213578310816022
0.133642252739777 0.0258353827664242 -0.122078503476958 -0.339483988476216
0.210978401415853 0.139062026127023 0.179464412879955 -0.358824763073525
0.000898354405292372 0.384048052512935 0.45010833283632 -0.0486894100197868
-0.256594867147094 0.144113060499605 0.371734647705273 0.385083090425489
-0.214816446477922 0.280592917935878 -0.133395797612414 0.815050751049196
-0.520920288027509 0.32838709880481 -0.714076798641548 0.49736222029957
-0.548176052860775 0.665052798525132 -0.014957196641814 -0.0838991308033119
0.0156568383859075 0.611156539389552 -0.222698986583936 -0.447354122292108
0.158483631569456 0.233675985775106 -0.611151232332212 -0.0238260398357334
0.205259617888619 0.256539052453727 -0.140417858917939 0.513269780993194
0.354932433852565 0.0136847437432459 0.251178863827077 0.214289268894285
0.184710674408749 -0.110030096026408 0.215245536900873 -0.0542937815738962
0.167149766381351 -0.0517727764233759 0.0563973442954945 -0.155444243111443
0.214440381895106 -0.00369293139015731 -0.0784837497314396 -0.167070689679882
0.214473908642592 0.038901231362474 -0.132704266883683 -0.190433956931288
0.19100782478348 0.0704473612326982 -0.0701328240675722 -0.27971011115648
0.225406657450015 0.201661801385953 0.14102062980542 -0.279072233007533
-0.0154494655748868 0.372731811275912 0.316403123529076 -0.111965800889068
-0.169154767418116 0.165490288224706 0.447158303310515 0.157197126097247
-0.12070236007139 0.366642253411907 0.10960261435765 0.785551909497879
-0.530773220959107 0.559648102362213 -0.50884940335776 0.411318046832813
-0.703961039735324 0.676280867346142 0.251846610122035 -0.283580524492062
-0.123821153251933 0.713252368938541 -0.0639585991424872 -0.573672837793063
0.197646961075998 0.2997095301922 -0.562496611490873 -0.27677964364301
0.190891708332008 0.178446220920103 -0.305328526786427 0.432536712036752
0.219023356986031 0.000971479725658143 0.205888359738284 0.289757164227795
0.0802046537895514 -0.00416664120963286 0.253369078984325 -0.0179453074667615
0.156005800837199 0.053926710950799 0.112093695339395 -0.139995532034843
0.233093465904891 0.0577632240399134 0.00520457249228566 -0.157696811909606
0.238198452719067 0.0632704413387405 -0.0411881737613044 -0.173525219684262
0.203981487961835 0.0873648644305605 0.0322341350757581 -0.223117559878268
0.200582678342351 0.194719684318299 0.166978184687958 -0.14842945314489
-0.00555391963386802 0.254672304702034 0.14073619635195 -0.0714176846349032
0.0064648573753697 0.153374205566493 0.423381933883756 -0.0574706468681786
0.0215227071323723 0.419819245857844 0.232647244821345 0.664813943038659
-0.46501759948104 0.725864187416859 -0.303232666671434 0.222692906753988
-0.694897296269763 0.605140413980914 0.53897604860102 -0.385088024111232
-0.109453966873638 0.653729682367646 0.183542432356861 -0.576776516637139
0.180816906620384 0.202942779768699 -0.351029622295189 -0.510298781293862
0.104091080356637 0.0730138209992856 -0.408303021161288 0.218794919374218
0.050902989261497 0.000452250297104689 0.0639798902652842 0.302706138069869
-0.0115995901810345 0.10116668817377 0.219944617180973 0.0690788571821921
0.128232386272834 0.148125395283746 0.155767637874528 -0.0683704453483324
0.217845588060147 0.110617145232612 0.087508968971506 -0.125265041271872
0.210881883730136 0.0823377783145 0.0503746118478512 -0.165783634874482
0.151070733691279 0.0877164983775568 0.140028479794078 -0.193573249187225
0.0983113869346338 0.126540647844083 0.234314833233031 -0.0263338577368051
0.0138774756805934 0.0532121291637615 0.00328912895315043 0.0103899336038763
0.163956893368109 0.108148454102915 0.35031345417265 -0.169137955733461
0.165822406257261 0.400726663974349 0.215776320553022 0.491443431861121
-0.369764286140252 0.78921499365554 -0.122074993192381 -0.0278746349070335
-0.500834948200283 0.490770419290988 0.781450552507041 -0.404675391481954
0.0514890880826079 0.428640969606978 0.447451805226422 -0.50388687441631
0.106484434068272 0.031182879417837 -0.102421239079876 -0.672532550256998
0.0154180947098632 -0.0271825448830084 -0.446187457330549 -0.0195482177694645
-0.092160584677225 0.00696907278247382 -0.107010995111423 0.285606150594197
-0.0621664908915109 0.168469206207399 0.150948422313967 0.179546556264745
0.0933613576149431 0.18873118719587 0.192012827605895 0.0302056512913553
0.16875915446492 0.146497218538641 0.157800968485428 -0.0767440783983701
0.138763568457382 0.115603496119436 0.112329292053159 -0.156955037257119
0.0353535913469632 0.113085874867176 0.216334410259577 -0.176298293267037
-0.0585041946552018 0.0369286080894134 0.278427751919643 0.0374792999999705
0.0223524117208465 -0.134346050512604 -0.0643905790983133 0.0491519129434601
0.234996194824952 0.0354888484461469 0.277417107682658 -0.180916269209059
0.275067403335554 0.34592374483143 0.123029203669366 0.288290055236238
-0.291904367652304 0.701412237265939 0.0306952752214854 -0.272613689032434
0.275569904882257 -0.469858868421256 -0.152435993610791 0.445101492865364
-0.276936830974918 -0.305082204561952 -0.0540167345823878 -0.101063481288798
-0.24413197335464 0.0624892264999175 -0.220705920142994 0.157604543984489
-0.0151891947916584 0.248817893036046 0.0965406217887225 -0.000928432733770814
0.202882358098389 0.0239980761422116 -0.251151270284849 -0.0660589720239968
0.101557862786487 -0.164604541412336 -0.207748374217806 0.168890232007396
-0.036212481203678 -0.177093253841483 -0.138769311480482 0.115394847809199
-0.0892642875741762 -0.165188909163562 -0.192129746131962 -0.0021779321782417
-0.0624119112824186 -0.170753707462709 -0.230279501561541 -0.123951527458937
0.0602836724788492 -0.179973790180369 -0.109488205561127 -0.276943116438244
0.188140530173063 -0.0235736314606935 0.208250860540974 -0.268390843521774
0.0469519150170258 0.134719573359514 0.468309276988398 0.124677740404124
-0.0762514548697693 0.0639988524042438 0.0437889831712992 0.733684256493254
-0.23501429909505 -0.128820808368412 -0.605532891344152 0.539748820940762
0.157169425313423 -0.367415473680921 -0.89763287669276 0.440264020619101
0.175204216899903 -0.142164270397867 -0.241046644294526 0.482922171790147
-0.141803718281171 -0.227666364737381 -0.133295364573196 -0.0196308898743871
-0.257202473249021 0.109339877276357 -0.233639096713927 0.217330244999931
0.0453857680349071 0.337853841324749 0.131338154590619 0.101334041263672
0.338238151083385 0.0484758156048498 -0.147854717583701 -0.0540262369234533
0.208475668789426 -0.208549210970968 -0.146332940269666 0.11836286987069
0.0500156244586396 -0.209522629405957 -0.120188948981624 0.0520729161636738
-0.00161234811820544 -0.155786244317475 -0.208780886967606 -0.0617188749836242
-0.00710970292950047 -0.123158622776236 -0.248976822449123 -0.189038542526775
0.0621184870292549 -0.128115339632234 -0.101859595252535 -0.348097107230353
0.209837002915478 -0.00560570791910067 0.257185078928435 -0.307104903933327
0.0467024218851097 0.243044293697173 0.478352724150354 0.139823971471003
-0.136496638903107 0.0637956070921825 0.0964909768658707 0.678834234534788
-0.26653340463027 0.085462559415204 -0.588307087281087 0.645159833763545
-0.16504529338787 -0.164188635059572 -0.942800573863405 0.471748402621497
-0.00931900705282053 0.226988749584113 -0.270870213967601 0.378944269191894
0.0583931055604203 0.00494650366527236 -0.234863330783551 -0.0863524853418833
-0.162911043672596 0.0775089863146035 -0.363294484604743 0.252027113338717
0.0933871657785514 0.364395366897921 0.126261982936587 0.280992045124796
0.419111027766641 0.0479827428887535 0.0207559038073072 -0.00152465185423958
0.266395600010853 -0.222723279729605 -0.0303859472352034 0.0409477379679478
0.116426657541312 -0.205503990411786 -0.072841920351002 -0.0329726142552937
0.0863870565889229 -0.12135992008444 -0.193471357159116 -0.113070204536998
0.0680528133775633 -0.0577700583695057 -0.242293758739988 -0.216639670971222
0.0807353178390255 -0.0483775757146659 -0.120220755138643 -0.368642706886682
0.205316044868788 0.0486806790994958 0.23289596240873 -0.357705706850779
0.0329373520969655 0.330173319539789 0.493391077445402 0.061055298347766
-0.232392010133297 0.0921129514375045 0.221600774452235 0.560397265292604
-0.251559288069487 0.198911001396378 -0.392460920642209 0.761858873619081
-0.401854739377421 0.0777242801313168 -0.864902889633062 0.511733950396878
-0.285887158264533 0.511987906845396 -0.199138557641188 0.163946127273423
0.126089574835824 0.342021676040991 -0.278825545641126 -0.251101292861227
0.0275490173048846 0.113674515880717 -0.518628344315366 0.17577227584252
0.149753753516444 0.319374741187173 0.0280576921133498 0.447725636976723
0.422777138154479 0.0328586753561942 0.179543033663885 0.0980671661114074
0.255793480597368 -0.191686368697784 0.106850869098087 -0.0302910133830783
0.152150395124027 -0.154610827589022 -0.00948930317344499 -0.113842619532288
0.16165440165973 -0.0689097374891817 -0.149145130884681 -0.150310638158751
0.150112420748551 -0.00161445704295615 -0.207934412014265 -0.208032260571563
0.131634060907436 0.0281283112208684 -0.121910592980201 -0.338205425314025
0.211494596037471 0.136411677708205 0.17518709937672 -0.359293372387591
0.0073212584183517 0.384259168963212 0.450683080217406 -0.0580020619589078
-0.25674991720928 0.138355211392852 0.373651441285827 0.379799114679524
-0.211928490816924 0.281356764543009 -0.121944659211158 0.81615058815041
-0.520241581107769 0.328154392412879 -0.702452181068909 0.508420419006916
-0.536463124173465 0.668792806541116 -0.016338149858463 -0.0832960784929805
0.0257019531286768 0.608130213818827 -0.228765843520056 -0.441151528329401
0.161865210631789 0.23135578742206 -0.609065536155858 -0.0135023440740758
0.210273462377004 0.252878265846986 -0.131405160039023 0.514104083720371
0.354785725858579 0.00625398345113578 0.254310845561569 0.211044539523447
0.182073160350574 -0.113443084469186 0.21413891360323 -0.0582874205490829
0.165483981758644 -0.0549233825884142 0.053727738035589 -0.155398641663102
0.212848908233029 -0.00674494732020307 -0.080730833609775 -0.16527643372456
0.214115255253748 0.0350017771490468 -0.135811333840938 -0.187426085846924
0.191730837722088 0.0666185584041243 -0.0741194967364829 -0.27795013449385
0.228672740170235 0.19634456715415 0.135801361998759 -0.28090487560954
-0.0088714886560193 0.372798203112024 0.312818123466135 -0.117430673337733
-0.165857154416314 0.169564183335111 0.448543592406288 0.148638744517975
-0.114859163434926 0.368894754217831 0.120484530052984 0.781003116251934
-0.520328582963665 0.568323645409312 -0.500637617100463 0.417499820403705
-0.717975127907247 0.656973761185365 0.247817933398473 -0.286380220640167
-0.105688218416134 0.713131719857978 -0.0690631525343607 -0.572086137268289
0.207428063713133 0.293383793828437 -0.563961391354944 -0.267847163610635
0.199698227523021 0.171170119901609 -0.30392656008237 0.431177360262047
0.220265940858901 -0.00818778381733048 0.210309711349109 0.285335550616873
0.0798528460804358 -0.00708295704507299 0.253164642508917 -0.0242657104277019
0.154837609645709 0.0577294745338122 0.107421607638065 -0.143284312613398
0.23325250142963 0.0544632303630665 -0.000227779638914135 -0.158048701302367
0.237666638104232 0.0572104799881551 -0.0442086893882101 -0.171742637237935
0.208554552034903 0.0745454126800152 0.0265284324770459 -0.22369636378987
0.206480884427623 0.188709168350278 0.164372621627537 -0.149355491629621
-0.00343044167885075 0.253913527559582 0.138721554223715 -0.0726756315806263
0.00155575886375304 0.151055806046728 0.421255571546369 -0.0736987386268358
0.0207527154208413 0.416954324412143 0.24419417910723 0.659641470476356
-0.45822033987319 0.726609336269587 -0.297819162133595 0.22822484657085
-0.717032069026658 0.572261425739059 0.534341638115676 -0.389837996939959
-0.0985205946249261 0.651427750096513 0.175868853457482 -0.577246261275302
0.183454476598779 0.199595951893623 -0.357659791901564 -0.503166609188885
0.104540131103677 0.0711243456664231 -0.402652095545233 0.224097759176541
0.0523861588960712 -0.000598552579031424 0.0695613735638459 0.301481520273181
-0.0092338752663595 0.101071938937048 0.220140417042579 0.0641589137139772
0.129328340828011 0.14504920278146 0.154330802342929 -0.0701644993183867
0.218526927992572 0.106364955562544 0.0837136040113775 -0.127314529554495
0.211467731532376 0.0789277258923349 0.0471403700452549 -0.165724558774521
0.151618558861717 0.0833990584075002 0.136975735477034 -0.196228932287826
0.100021432482763 0.123609716200576 0.234031031814891 -0.0311338491841892
0.0146935712679432 0.0538103219313315 0.00382293568409505 0.0106567444698521
0.164320209302516 0.106148544336763 0.346297570477759 -0.175155820423828
0.171308275896042 0.396240955646718 0.223299895742116 0.486504435542947
-0.355744010578877 0.789297703956132 -0.122820579528103 -0.0262833617845626
-0.505233110711574 0.483342318536946 0.771543611413818 -0.413900677172435
0.0653169760313151 0.425751861360666 0.44041375573813 -0.509428348220228
0.106656897887565 0.029106814233924 -0.107788392365245 -0.668717444400948
0.0145781651591193 -0.0276750483423473 -0.444592877486216 -0.017319558954813
-0.0918061856786837 0.00901000853506215 -0.101380196618347 0.286617922284549
-0.0588239004322832 0.169412592991061 0.154381739767853 0.175156220356213
0.0930574594004646 0.188214883499335 0.192398397333669 0.0258583441558885
0.170542695771692 0.144055626960601 0.154680911809663 -0.0807772603982233
0.141944620778569 0.111497842071675 0.109292560897304 -0.15733860141772
0.039376864547649 0.110629863121722 0.208397055599043 -0.186657288130303
-0.0586504790471284 0.0372597861774653 0.278267579441046 0.0348287044928154
0.0208545794945376 -0.134214484318264 -0.0627955606843597 0.0498936969668813
0.233630913972157 0.0330213178585727 0.277470674618767 -0.176809348461697
0.283278975367321 0.339485126306777 0.129038940092872 0.285438673792956
-0.279261307905054 0.704639940206364 0.0251678698554424 -0.272276714027214
0.267229423579763 -0.472076175206541 -0.145865160968012 0.446277157028699
-0.280811796533049 -0.300187594379176 -0.055122193732185 -0.0999300129393094
-0.241770784275675 0.0678604959169967 -0.217496920364085 0.161022023161139
-0.0110751345306817 0.248275104507711 0.0962698700929514 -0.00283402709642448
0.203099888559838 0.020920030355238 -0.251669981535151 -0.0603495790333824
0.098493039593498 -0.165926938318337 -0.203564048057388 0.172429240485982
-0.0401807742123553 -0.175591998317211 -0.135783303590632 0.117739188399024
-0.0923506707173736 -0.162850884160545 -0.191253092152425 0.000677721891087284
-0.0641626623176843 -0.16878391686277 -0.231958059780544 -0.120750825689256
0.057692498419452 -0.179796555138218 -0.113004440471835 -0.273338782780712
0.186615359594395 -0.0268117020370565 0.203430931221697 -0.270585288884032
0.0481286876199049 0.133849392311723 0.466333603558361 0.116468170378253
-0.074946873486088 0.06474945867133 0.0534264071961109 0.728954816669341
-0.237139366920452 -0.124447820485167 -0.59363412739881 0.548841274809676
0.151586796141487 -0.367089595277469 -0.888965278701366 0.450837639817564
0.176220845976912 -0.141088038651229 -0.236458419532235 0.485291677558629
-0.147089733943193 -0.223807923516425 -0.132215848121551 -0.0165433412315775
-0.254783081643808 0.112781559116297 -0.230192292352265 0.219805464354538
0.0533084919462672 0.336604136255374 0.132027098767831 0.0995786420981671
0.339181119270651 0.0402194157240966 -0.148087907228821 -0.051736770472407
0.204844117798398 -0.210998618750927 -0.143193184120128 0.120463853473843
0.0472037745053523 -0.209333197946175 -0.118080245660614 0.0545193348306152
-0.00519808178722752 -0.154825041438631 -0.209225324628903 -0.056802271497657
-0.00877632863208338 -0.121737341031991 -0.250111679335703 -0.187252250656279
0.0596445718344343 -0.128754685935421 -0.107762126267815 -0.344034558978946
0.209603551772982 -0.0099558872174849 0.251021321229391 -0.309909994404608
0.0505878115736843 0.241870202885759 0.477803551560017 0.133013926429835
-0.136083893809579 0.0629213686114005 0.0982861192750362 0.676524930306802
-0.264339062455714 0.0906433858717731 -0.576006817343894 0.649437971264467
-0.167806055467394 -0.159760938893002 -0.930319496843118 0.484296426556496
-0.00169169924546596 0.227223928898166 -0.262475650565452 0.383426796202255
0.0572134156633509 0.00403665668751607 -0.235047220762713 -0.0828200271702758
-0.160895742120719 0.0807480843496708 -0.3579979394239 0.257020264285194
0.100030488439246 0.362741909512753 0.130486530889561 0.277892244614954
0.41797380322065 0.0395310981625675 0.0196425544781579 -0.00124022155299133
0.262640321873723 -0.226129824283032 -0.0284444582770359 0.0415483591367771
0.112619107288188 -0.206828881952468 -0.0731380698085665 -0.0310404646654583
0.0839729638534834 -0.121666787536217 -0.195037997211649 -0.109776172116315
0.0664672869659683 -0.0594640714858337 -0.24446345764856 -0.211199115863747
0.0800274083382432 -0.0502061542593469 -0.124873325177858 -0.365007871448543
0.205526191666058 0.0463781424770216 0.227436869384664 -0.359036614842203
0.0383664966142519 0.328837934681731 0.492673550165253 0.0530182074255103
-0.231379386315907 0.0958701943133621 0.229242806983075 0.554934265147487
-0.248033906436217 0.201828870409082 -0.375349722035207 0.762926583010362
-0.399090418249319 0.0828884465760287 -0.856241120285245 0.520191936793655
-0.257622088648192 0.526666156087309 -0.194689363183291 0.16799401948673
0.131205361448803 0.340298221344683 -0.280661614608086 -0.246195976205797
0.0299720265122151 0.113331178135785 -0.513773641600326 0.181858271459313
0.162249852589831 0.315044241572292 0.0366123202901062 0.444472671538615
0.42345785272545 0.0198951704107073 0.179264151854183 0.0961872804074253
0.250410017441673 -0.196995349764174 0.105994360566566 -0.0317195841034974
0.150778562721886 -0.15257349195716 -0.0126221091664293 -0.113209899765963
0.159529259614773 -0.070415360921015 -0.1519405865855 -0.145676871549268
0.149158492543281 -0.00313601821859762 -0.21075725850901 -0.203349068173354
0.131601229432127 0.0252331625626367 -0.123655760485898 -0.33564052466962
0.214554563079987 0.131466067225528 0.16600961909891 -0.362347800076914
0.0143363436898479 0.383342062822035 0.447824883508118 -0.0650092942858754
-0.254529047678384 0.140272498757616 0.370718808336455 0.38010786914518
-0.204452414190813 0.287439366366571 -0.109934239301936 0.813223567967657
-0.510354401426354 0.338804740629111 -0.694013557005433 0.51836830663829
-0.556088256926028 0.649029220823911 -0.0156499268308837 -0.0824669733055167
0.0331601376622399 0.605688712525316 -0.235439442740339 -0.437250365280093
0.165617598887671 0.228739165218767 -0.609016955709525 -0.00536006121002788
0.214172564959726 0.249048267425164 -0.122317191684093 0.515077010515833
0.353845924875947 0.000472507718226628 0.25633159796634 0.206985983331534
0.178978100040602 -0.116937995437348 0.212602057133415 -0.061605628048248
0.163256439917244 -0.0574199012934883 0.0502713863173078 -0.155861591048741
0.211740732736576 -0.0112856502467025 -0.0827790414562908 -0.162929638065374
0.213729010176419 0.0319396761772275 -0.137725389565635 -0.185221869606981
0.191977609592546 0.064113963469831 -0.0781118277737315 -0.276276369260025
0.231840989195553 0.192107280157809 0.130458987297993 -0.283227167983335
-0.00291734856746236 0.371925454634154 0.310965819411751 -0.121967874477992
-0.16346905938308 0.17106307800085 0.44953798670472 0.140032786948458
-0.109955806899176 0.369787163599496 0.130522335024462 0.77523299167718
-0.511526482345731 0.572140764207714 -0.492957647132504 0.422637250597973
-0.73313617220253 0.632940747595114 0.24911035942222 -0.284300253917656
-0.0932735512686859 0.710758880718369 -0.0752829268931124 -0.568407364917002
0.207516615211501 0.292459443930531 -0.565389304406296 -0.26187735889842
0.203616871288205 0.167204823735914 -0.288157540141139 0.439593478100451
0.220088055278763 -0.0102088496844898 0.217220965116202 0.280001829453662
0.0793195260588998 -0.00682342476832233 0.251544335915458 -0.0284364280192069
0.154328063235678 0.0562672500557864 0.106392388850478 -0.140967876323215
0.232646217835526 0.0491332657808769 -0.00245328745104145 -0.156843506048145
0.237905947465892 0.0518462196605693 -0.0443156824553913 -0.169892128446032
0.210519909930246 0.066492387688084 0.0183571897675972 -0.225306612189921
0.205339277536211 0.186963947700956 0.162707462573324 -0.151665351345275
0.00133020103129994 0.253022450764239 0.137462081472835 -0.0762459613023271
0.00651094514473851 0.152067553366316 0.420208907728148 -0.0718455332482531
0.026420532728166 0.415667865159255 0.253895032345467 0.654053071209333
-0.436275839852979 0.737969630990123 -0.292900104196586 0.232056280974171
-0.725130833790216 0.555698642515507 0.530140353670715 -0.393603079557674
-0.08922885671459 0.652461248491028 0.166289622011151 -0.57774951633959
0.18652631661222 0.196670897667619 -0.365876675092842 -0.495994369020004
0.106235800794128 0.069690321476698 -0.397943519392877 0.229618167830037
0.0519975296703157 -0.00296244741365105 0.0746253569920901 0.298783278531627
-0.00801134136578519 0.100615684694084 0.221233572265589 0.0607342404021205
0.130849922306696 0.141725187796469 0.151872939853298 -0.0721579392038654
0.21943816721603 0.102363076298314 0.0811086283657687 -0.127344921895066
0.210588982238491 0.0741397917390977 0.0434772453349812 -0.165705923472813
0.152920605459677 0.0801691642927535 0.132747738547014 -0.19807392428417
0.10219043311508 0.121685331501925 0.231302417031898 -0.035546155398803
0.0154337313176739 0.0525847138182795 0.00460723819441203 0.00942328617501473
0.165796654770044 0.103573578338505 0.343498188287783 -0.180551652942683
0.176501161151334 0.392442773096317 0.229988300396892 0.481587632508113
-0.342262017934568 0.794412979615023 -0.121757106749063 -0.024475422088822
-0.516640324860582 0.464640992576187 0.770157945121007 -0.413995480168115
0.0706965225648352 0.424225880877803 0.434257924035064 -0.510694538053527
0.106549230698838 0.0289175059668721 -0.121563794753963 -0.66410505590294
0.0142838427777021 -0.0277366307702456 -0.442927253351242 -0.00134006468382691
-0.0909274612578623 0.00902093911665802 -0.0936457291192117 0.287983939638873
-0.0572980868425305 0.168905201748786 0.155693572484062 0.172493487696284
0.0975375016649117 0.186438743963232 0.189917486486901 0.0305716186939778
0.172683443350459 0.138417881116195 0.153138591769094 -0.0797782095528204
0.142233758261708 0.108638524409556 0.10766625849738 -0.15559048443027
0.0396884722438121 0.110487697864749 0.201995416643074 -0.193042617584069
-0.0573144863100853 0.0390692658611318 0.277946550930695 0.0305923368327093
0.0188715087721493 -0.133858833038568 -0.060561031372066 0.0506343686680018
0.235860217799241 0.0175761527887766 0.27566960384665 -0.180318064582257
0.294459923525527 0.327395448407389 0.134052469288827 0.282565938600204
-0.255523197969289 0.711181663542396 0.0235164299934574 -0.273044794928366
0.260227558713093 -0.472932719323565 -0.139582937925227 0.446968530994134
-0.284981846923567 -0.294279574423658 -0.0556719973335407 -0.0986411417187665
-0.239704832653948 0.0698871393532386 -0.215650272575386 0.162635569848329
-0.00602341715218046 0.247233279442203 0.0958201630778651 -0.00293592140557034
0.201725086762818 0.0176516943897876 -0.251507985417939 -0.0552980526050883
0.0951048156840218 -0.167609289752817 -0.198836937669003 0.176046183050661
-0.0425935423920316 -0.174967947562423 -0.133408938986252 0.119320256334063
-0.0943273495742165 -0.160812545027057 -0.190198786504349 0.00409695996632404
-0.0671473262113347 -0.167599911394267 -0.231546014696065 -0.116509974461384
0.0548218796888445 -0.180137057915809 -0.116203424398712 -0.270800223936888
0.185509715090804 -0.0281541234165601 0.198579856399506 -0.272468456856699
0.0497685903076997 0.132630670565943 0.466164564973554 0.109741995312184
-0.0735314556527567 0.0649418843888256 0.0617435659818225 0.725454670137885
-0.238084571407778 -0.120326708695645 -0.585937764345659 0.554894206402877
0.144823431514514 -0.368370773335962 -0.879488542695667 0.459517773686999
0.170643930576638 -0.145618354887779 -0.228205191029558 0.486406486090658
-0.149026772171344 -0.221784009013477 -0.131629631121512 -0.0150926015530461
-0.252663811641761 0.113869296508514 -0.226935023460397 0.221264119497687
0.0574157846532643 0.334130164623988 0.133403406612637 0.0976036878748258
0.337481008258176 0.0377781904836471 -0.149418365101924 -0.0481295144988375
0.200743328295771 -0.212728999117538 -0.139606327522689 0.123261322907746
0.0436670098697934 -0.209350029203652 -0.117490865218899 0.0566507857898952
-0.00663159208599882 -0.153971359327707 -0.208940282805788 -0.0556400750643669
-0.0108546638051766 -0.12093477666236 -0.250951892707033 -0.184348196373199
0.0564296764317052 -0.129785444179753 -0.112284927274541 -0.339974985263732
0.208720911926484 -0.0138595385927833 0.245871364632033 -0.310813975912338
0.0535993507263044 0.240752977473075 0.478671325181108 0.123803309194345
-0.134334462481301 0.0648941919539949 0.106647851023251 0.672570991788923
-0.261922685781645 0.0951587244162783 -0.563224360384417 0.656246870704624
-0.171669037186055 -0.156258085667932 -0.920649290075459 0.493138739323329
-0.00357282577431877 0.225695370402747 -0.257473604018361 0.383102802069561
0.0564668095072247 0.00266156911621986 -0.233983003340206 -0.0789235944252907
-0.15873342526188 0.0826299029949224 -0.354952544091795 0.26083818814338
0.106384111001041 0.359688503006683 0.133259378966638 0.276347956612714
0.417977694301068 0.0336714206631632 0.0198379521537877 -0.0010031281516674
0.256303242413174 -0.230772297328383 -0.0277046655167918 0.0424881190368617
0.108634040131411 -0.208590493248674 -0.0731712431717054 -0.0309202449309483
0.0810824038656229 -0.122237619046852 -0.194912495641713 -0.105867939119634
0.0653668985150974 -0.0602417847983516 -0.247913263673493 -0.207312331858181
0.0787044722791628 -0.0507495470431576 -0.129915275678408 -0.359977698941773
0.206171010683532 0.0428276250041765 0.221209953322559 -0.361209150035273
0.0436488358907109 0.327710673276312 0.491010760289025 0.045276607313621
-0.228059591236778 0.0977615869537077 0.235641656181407 0.550320031295443
-0.245112656990375 0.204190295880049 -0.365962386717588 0.763936848062066
-0.397337928997455 0.087411740541374 -0.844967612112142 0.52639554437448
-0.254946084600891 0.525740684399914 -0.190930644540623 0.170335664453909
0.136428089573051 0.334798868987435 -0.28104937324973 -0.242360043646628
0.0298058951795632 0.112918995899332 -0.510929816515233 0.188243550683309
0.165219313016852 0.311499227919792 0.0471181501176845 0.442288041105034
0.422829344197857 0.0135286532681891 0.180106754620691 0.0940215752462196
0.247076255386549 -0.199394883976836 0.105399862368189 -0.0335065374051601
0.149337257186073 -0.152042856418277 -0.0143131848396295 -0.111936273388647
0.157113871329924 -0.0734185003732235 -0.152471411364233 -0.144539372901829
0.147668084650132 -0.00572307222458518 -0.211410310883778 -0.199824342287407
0.134354725445079 0.018301840458279 -0.133216164244809 -0.331009286408874
0.218126295146084 0.126429579344067 0.158405651038582 -0.363146029782733
0.0207277238682502 0.382608864872044 0.445077417633997 -0.071226061511497
-0.249883342886682 0.15290261251984 0.376146698747326 0.370225177034521
-0.198973414889212 0.289844299240383 -0.0977908587531353 0.81247847157752
-0.502279639119048 0.349322742716624 -0.68574398971018 0.525553147031546
-0.542938054106242 0.658534968570672 -0.0165393916423875 -0.0836929162093263
0.0402135931727977 0.603908046640706 -0.238939618354121 -0.43155615328515
0.167533647992283 0.227069667805828 -0.605523992093159 0.00349817994128088
0.21849511891299 0.244687300344995 -0.115815660954389 0.515501129429265
0.352736924335342 -0.00603404585406182 0.257687681887234 0.201526979561424
0.176788927726386 -0.119658889887898 0.211134927216357 -0.0658074713551535
0.160788344176699 -0.0600396569097824 0.0474964220793404 -0.15567030614292
0.20993396670877 -0.014706636702568 -0.0857057153878226 -0.161402622839081
0.213101559596177 0.0286987776013816 -0.140947691345311 -0.181984565170296
0.192211715822221 0.0605187172839702 -0.08170700846151 -0.273584110666072
0.234299668719091 0.187234572670237 0.126147037603346 -0.284932535082438
0.00327233920621663 0.370927133614023 0.308348866338257 -0.1260511277551
-0.160642840497235 0.17357541075243 0.450145190771856 0.134458234599574
-0.10617883530008 0.369051906906747 0.141602068225361 0.769305650341322
-0.501153589260282 0.576457177337571 -0.485183053069616 0.425460950212664
-0.698973039784943 0.667597622780463 0.24280211569233 -0.287371563978696
-0.0886984293392004 0.710066914868892 -0.0852407109186488 -0.562703229427091
0.206466177568822 0.29111680147847 -0.567669898119698 -0.250750192417465
0.200643255653809 0.167676487518927 -0.274510733472402 0.446551745007032
0.218062488690027 -0.00944283479503654 0.219844379232138 0.276724862270884
0.0783433604960167 -0.00719917785787766 0.249726782965298 -0.0314896080256479
0.154262987777957 0.0476381098605641 0.105111768227412 -0.139621188856793
0.232343117001468 0.0433045391560766 -0.00458971813747534 -0.156383956147398
0.237071898021967 0.0487786714480259 -0.0477371323106007 -0.169392805675927
0.206947102972805 0.0733030351716869 0.0169454556709166 -0.224068145473839
0.206756654435482 0.183927775283637 0.159231142055942 -0.155425425155634
0.00742676799627786 0.253225002497607 0.136437761164455 -0.0794725792208992
0.0147975826957246 0.154298526000429 0.417975620493219 -0.0675408078759989
0.0372459853403501 0.413329665681103 0.259457663786608 0.649182471504371
-0.420287817722796 0.743267639953374 -0.288729081481936 0.232506543316127
-0.686574002640857 0.599565269340349 0.521163282793108 -0.400059689265458
-0.0770263810312842 0.649977655029085 0.15869769927063 -0.576291642905542
0.186906754937997 0.193566237544935 -0.36943131328245 -0.488564914421112
0.106057150220561 0.0675664070870813 -0.392749778946244 0.235674428771261
0.0527048957245861 -0.00347275772514771 0.0781974462256123 0.297512099595018
-0.00592229018392975 0.0999557532214775 0.22033233517576 0.0555082309290382
0.132327619987609 0.139036870979863 0.149835726742912 -0.0741678257238135
0.219212735720659 0.0984633597943413 0.0785493963387518 -0.128456101044888
0.211454400926723 0.0710352251372186 0.040519560477382 -0.165174812634666
0.153317313667383 0.0779230730741097 0.128964399806354 -0.199833785641212
0.103499607139156 0.1191551435279 0.230560019520025 -0.0396643236213355
0.0169781966877976 0.0539936436786472 0.00463833546759239 0.00925913133302459
0.16655281393947 0.100745317298427 0.339904747911874 -0.184494427324987
0.180403522304126 0.388481268655878 0.235331358887041 0.477049247541966
-0.331801835584559 0.794900946118401 -0.120791201335382 -0.0234914636478232
-0.494760559930263 0.485377660096274 0.760456778008207 -0.425092062053896
0.0699554185832514 0.421794043039112 0.424857944898412 -0.513711415033173
0.105817353843388 0.028417397052812 -0.135865254248519 -0.657865777320422
0.0134178350561962 -0.0274529066097254 -0.440385175272928 0.00918117803212503
-0.0910084827932952 0.0100321022402163 -0.0889131183662635 0.288486809797557
-0.0548792683441561 0.170055847563419 0.154623522031058 0.169093742105065
0.102150277320037 0.180292289192039 0.188891307345799 0.0282071154909504
0.173554467135361 0.135078836826444 0.150841286367162 -0.0813027531301911
0.142571824198719 0.10645510095048 0.103405546586428 -0.159821485275848
0.0397290431153951 0.111480814812589 0.203098302301052 -0.18902914992382
-0.055914379156463 0.0397313904481612 0.277838928176161 0.0232744839266618
0.0160217067431437 -0.13425386185013 -0.0589917031850108 0.050830944076015
0.234802473462544 0.0144449349790946 0.268115914729893 -0.190762841574312
0.293078901439128 0.324954446413352 0.135801413167567 0.279388815577608
-0.250774399926627 0.710702231722116 0.0203521378038727 -0.272283648403862
0.252487556185919 -0.474921755743339 -0.133710766744814 0.446492517282165
-0.287156604425164 -0.289143204124751 -0.0568668432715271 -0.097545803357746
-0.237363372962971 0.0731256476159979 -0.213306636806254 0.165139513454014
-0.00123262574539318 0.246350809822607 0.0956905028916395 -0.00433620671967317
0.201166029735246 0.0152162713920947 -0.25197470924378 -0.0507950116726613
0.0913621643490405 -0.168237665408861 -0.195110548640759 0.178490242013699
-0.0449178723766168 -0.173443841804602 -0.130768775397125 0.121159756950052
-0.0966585651178928 -0.15901008431174 -0.188522439185699 0.00660921815571325
-0.0682212767640399 -0.164377877389338 -0.233319705380789 -0.111918662251284
0.0517165932390129 -0.179491970186107 -0.119509998225376 -0.266843091870123
0.184381071032195 -0.0313983433687251 0.193670000803212 -0.273925236240725
0.0516433392889196 0.131583693043092 0.465383732639566 0.105048203588722
-0.0717571518839396 0.0655472801685932 0.0706584240551317 0.7202445857375
-0.238435503864289 -0.11763295226141 -0.578306531598236 0.556773556799071
0.139992331713949 -0.367721591978305 -0.869027801255831 0.470329131690595
0.164983718395373 -0.147620472716044 -0.220863663919017 0.487943517650715
-0.151775054251012 -0.217878142207767 -0.130837274551983 -0.0135603863185066
-0.249349004922059 0.118493176276193 -0.223331240960025 0.224283586566954
0.0611052590699711 0.331932939328143 0.133771565182328 0.0953324322780641
0.334959979584163 0.0334754948231447 -0.149416134151192 -0.0448907230182097
0.19731588783704 -0.214426254976496 -0.137120711117158 0.126015463370324
0.038772306947206 -0.210202581518933 -0.116655468920318 0.0563190780397371
-0.00968336901507808 -0.153771216430436 -0.20862028509571 -0.0539330790820573
-0.0121098704049688 -0.119988439463472 -0.251868046391602 -0.177465782689474
0.0562295786060189 -0.129864549703776 -0.116113316174564 -0.336857791817508
0.207829590112299 -0.0158253454238119 0.241559755747077 -0.313513307730314
0.0559584388969325 0.238403284077069 0.4771801067841 0.117135926444195
-0.132868700328882 0.0684033211026879 0.121327750317186 0.665936501411369
-0.260755261837508 0.0972726470786723 -0.554439081244509 0.660541009131637
-0.171607229769158 -0.154657060133122 -0.911327999099229 0.501948612429614
-0.003656814484079 0.224718807803687 -0.254380953686458 0.385103103201265
0.0554041598152863 0.00318373165033058 -0.233286623666644 -0.0756198977849482
-0.156112763734551 0.085651953466554 -0.349972649065317 0.264062194393517
0.11220894667385 0.356500799841421 0.136640937932145 0.273343245437151
0.416034406029542 0.0257260437022928 0.0190547371012245 -0.000704678373967657
0.251903376689183 -0.233773590325721 -0.0263738968936507 0.0426916784914786
0.104688179153147 -0.208742259322584 -0.0728297556394436 -0.0293582671005984
0.0786429891542768 -0.123626721453472 -0.196073629703456 -0.103799390537108
0.0639047348017266 -0.0598551860093317 -0.249282237646817 -0.204000525711161
0.0771218772848925 -0.0513134200096691 -0.135171900361153 -0.356342303041912
0.206033306376766 0.0398173059739799 0.213752784228099 -0.363617609556844
0.0481619743510217 0.326550405087706 0.489665681049813 0.0407385462510854
-0.226320255831215 0.101665352152451 0.241595327465307 0.544468694314513
-0.242348227863949 0.207615879053005 -0.358577536924875 0.765168455863077
-0.394903704880648 0.0920184101854273 -0.83573582690542 0.536767281786174
-0.265370474374482 0.516288762745666 -0.188677723214169 0.169286715425821
0.13874316488741 0.333256408437595 -0.282219964185975 -0.236678919034405
0.031040243408382 0.112951479462676 -0.505247996685325 0.192989109405691
0.164384734433562 0.310196845625015 0.0502024584462507 0.441116092680674
0.420568030714486 0.011038037574509 0.180773496979224 0.0906043927147731
0.243094993121828 -0.202345980874808 0.105206821690213 -0.0339403407076914
0.14277497158466 -0.158021770983064 -0.0141672740609707 -0.111699899840536
0.154839249430429 -0.0759878281247963 -0.153447441097511 -0.141740289836773
0.147666854767644 -0.0087128933869537 -0.212679033656441 -0.197719949569169
0.133097153877383 0.0174743425511543 -0.140650593885022 -0.324533316680335
0.21755280791744 0.123952909024036 0.155338736347815 -0.362897958338894
0.0251948460226155 0.380124092992654 0.441896122158835 -0.0749867890668096
-0.245583564573212 0.158414744436893 0.386410210517444 0.356858387480432
-0.198684545275263 0.288421657580903 -0.0896507196393494 0.81059675942716
-0.498050404927291 0.349473011757558 -0.674301608196409 0.530271012280278
-0.499004485712161 0.684984009752191 -0.0194206321419933 -0.0826446588605623
0.0496279554411275 0.599943770277025 -0.241756001605237 -0.427639231253914
0.170348019673245 0.224887660125758 -0.603357366590479 0.0103316811076506
0.221997126282566 0.241545304312333 -0.106894181159422 0.513881439207065
0.352014714754689 -0.0107017913216359 0.259453993968548 0.198471136623065
0.173497373294585 -0.122560896946361 0.209278414584946 -0.0683912707213129
0.159116617645178 -0.062798681070157 0.0449491992195261 -0.155957266383841
0.20790187567149 -0.0178076230485995 -0.0873999966589465 -0.159647233371131
0.211562464669162 0.0247474672787301 -0.14383384303702 -0.179732272566083
0.191401296297456 0.0568319909583166 -0.0865234656341804 -0.270800496075184
0.236191027596984 0.182228188232185 0.121751573190848 -0.285092077455417
0.0101214051492222 0.370622863440153 0.305255454187664 -0.129147679952306
-0.158001447919336 0.17573268164668 0.450207787836433 0.12755527093185
-0.101753700307523 0.368166873261509 0.150259385754595 0.765845455095559
-0.491649112921541 0.578365824638735 -0.478176565510751 0.431934992112767
-0.655002129691068 0.701670381441903 0.232247082676023 -0.294585418020568
-0.0804314078567141 0.708310519248208 -0.0912992077027349 -0.560001009011064
0.212261971214017 0.285783177133251 -0.568402908593846 -0.241483241062934
0.201898891578267 0.164459661915576 -0.274910213584993 0.442563983185883
0.21879925176663 -0.0147380371470372 0.220578200928554 0.274046061118438
0.0785416675558785 -0.00991523225583681 0.247062644860665 -0.0349680219507707
0.154795447646098 0.0431474377449836 0.0995574184012921 -0.144584268486301
0.231192668342803 0.0410807190033014 -0.00712070226747798 -0.155538990812774
0.236240459922232 0.0463625990045226 -0.0530501013594946 -0.167422273705068
0.206834373037767 0.0720760772568778 0.0174842779086182 -0.222617758468324
0.212059684735433 0.177106555088244 0.155298389254991 -0.158279584843391
0.0117722121578738 0.252694541761529 0.135357681478412 -0.0794400961587834
0.0129189473371042 0.154008585462163 0.414804455760984 -0.0829881844970094
0.0416260760689792 0.412508900097149 0.26853002629632 0.641871582804062
-0.422463198878503 0.738719773461434 -0.285192031385998 0.235338806800976
-0.652978008126584 0.629078144766422 0.51104723914781 -0.408578008743459
-0.0723585213736555 0.64721410187146 0.150836073702833 -0.575074903470145
0.189288395286838 0.191129756946358 -0.375246282405166 -0.482169784366119
0.107762930586508 0.0659307111415587 -0.3870273368507 0.238594348040407
0.0525466493493473 -0.00478165387997226 0.0827117809079414 0.294763404287866
-0.00478265001418443 0.0993887088171299 0.219731217311786 0.0526651262683436
0.132627828862906 0.136399886030542 0.148344164668215 -0.07625558921447
0.220156558809218 0.0946653540611723 0.0758281286302203 -0.129428142353139
0.210357108203865 0.0680274183120014 0.0380265823275538 -0.164691159593542
0.153998968967513 0.0759482147666503 0.125167386618753 -0.201415721125822
0.106062617012503 0.11735492047095 0.229685495929293 -0.0438056537100384
0.0175085143235215 0.0526335658010977 0.0053079321392938 0.00861855129022102
0.166960021298712 0.0994194200201888 0.33598254992515 -0.189335943960358
0.184322802110749 0.383589357349448 0.241229697486559 0.472557121461574
-0.31958375125101 0.796318454708047 -0.120133803531265 -0.0221600329392993
-0.464159825521306 0.508375367390645 0.746027027456981 -0.445192842981263
0.0784472147647534 0.416777887729666 0.414125696075703 -0.519637912500777
0.105922107461263 0.0259662410728945 -0.138110376624575 -0.655546194491771
0.0128724101591381 -0.0278565493465746 -0.43838606366089 0.00442853182081713
-0.088949368778029 0.0108829571965671 -0.0860360545414579 0.286759018995386
-0.0506160180370674 0.17013571522406 0.158319892403827 0.165247741521764
0.101810726052603 0.179405959177572 0.190295720856647 0.0179367800649674
0.174087400906834 0.13336215695826 0.147690470308379 -0.086024774402769
0.142964595588459 0.103848645339103 0.098802468755577 -0.16194966522629
0.0425772739407533 0.109127693346554 0.20119505434139 -0.190737999840721
-0.0550086076938385 0.0401816707023243 0.277434048294565 0.0165442220608165
0.0143861439197829 -0.133339584760189 -0.0591378935515867 0.0512869420457944
0.232361653586658 0.0224794928567961 0.263654297425765 -0.194829690448489
0.291788079354904 0.323700414523859 0.137919762482378 0.277198300998319
-0.251530516838321 0.70650859776681 0.0167166454818679 -0.270533947467867
0.245862561443646 -0.47648802914539 -0.12885768905237 0.447085038932471
-0.289529328386456 -0.282755159128539 -0.0575263821896199 -0.0956183974015945
-0.23580477723168 0.0757957780147703 -0.209926317849395 0.166850557448415
0.00119658618267174 0.24516667164069 0.0951483852309772 -0.00501966019228355
0.199636044815546 0.0121218970207231 -0.251590369594788 -0.04632403174594
0.0893271394046947 -0.168835149809722 -0.191705267681789 0.180289346359139
-0.0472090972141154 -0.171308722990532 -0.12736342660835 0.122353993796153
-0.0973425851325148 -0.156815795664996 -0.18828515968057 0.0078867773830244
-0.0701342749362907 -0.163874227222027 -0.232576552843959 -0.108511319744873
0.0498921142988439 -0.179648469414363 -0.122507507000716 -0.264792944925372
0.182738193534716 -0.0334156798837907 0.189264877437037 -0.274762425221349
0.0525995485257752 0.1297708291348 0.46540908718695 0.0991416887649406
-0.0701571037184743 0.0659741833440261 0.0754976633875355 0.716845893840253
-0.239004321371258 -0.112991077506687 -0.569807319624842 0.560414004779792
0.135657409957907 -0.368603047585393 -0.861991281838931 0.475054986159273
0.164360936135759 -0.148414623578058 -0.214586783302528 0.488474752829219
-0.154551358399954 -0.213607793120826 -0.130209907087054 -0.0112097183071507
-0.245762817761582 0.123321462791221 -0.220389952631666 0.226820940123934
0.0672726409649443 0.329970927039576 0.134973558046384 0.0934822881458284
0.334832676885549 0.0268112262905174 -0.150564191939671 -0.0416011816636399
0.192053612701742 -0.218278188219983 -0.134641511586125 0.126565407054466
0.0357195263637374 -0.209147813362773 -0.114749858416028 0.0586759936105053
-0.0129796876395782 -0.152595557922828 -0.208453722732817 -0.0483343506966824
-0.0140859625975774 -0.118984868813991 -0.254812184606045 -0.17228426482878
0.0539650603508194 -0.128939520312586 -0.11760992519927 -0.334745987212941
0.207742126447104 -0.0170630856100287 0.235752443295306 -0.315704588583177
0.0590709674220499 0.237480412908435 0.476665025011266 0.114384555256628
-0.131270723293594 0.0698662179129912 0.127289042481082 0.66370929592503
-0.258381897652354 0.0991400873562857 -0.546676821153758 0.662621728860409
-0.1729194321359 -0.15219872781975 -0.903280170285362 0.507224548601246
0.0028273829283136 0.223703297599067 -0.247003291121499 0.387822652085518
0.0550935281163554 0.00269993744456314 -0.232595619692061 -0.0723386772323099
-0.154242114969533 0.0879785995065592 -0.344714790894533 0.267180770109979
0.116382112072114 0.354132383373135 0.139562648870062 0.26981853801133
0.413935167513273 0.0203763986446819 0.0191657471941455 0.000281069252870218
0.248026984949268 -0.237586112306649 -0.0254063179962256 0.0429110849018665
0.101027924888234 -0.210120020196484 -0.0729887612130107 -0.0276794099026952
0.0758375032023916 -0.124566049026774 -0.196550887433221 -0.0999287938980084
0.0626016596610566 -0.0607419808762433 -0.249809143729134 -0.199028835296576
0.0772874390306679 -0.0526611136167036 -0.137549626660753 -0.353175601422146
0.205240147441112 0.0374375115865421 0.207062728856577 -0.364410254337027
0.0521502060629045 0.323054548415757 0.488310863734022 0.0335230045976278
-0.224278784729376 0.104760267937054 0.246021771483655 0.538532454104361
-0.238673478577105 0.208091259877635 -0.347953765268115 0.767186095663926
-0.392946590286314 0.0969834143633491 -0.826249091939684 0.5440789667529
-0.252073398923209 0.519722982745293 -0.186496070559322 0.170670112557388
0.139288130263011 0.330175264216909 -0.284166642466386 -0.232386185618251
0.0350472351739751 0.112980892484242 -0.50071803859386 0.197782578989068
0.170942398881999 0.306724008890307 0.0504993008015715 0.439227133736786
0.419089174062254 0.00488720582198693 0.181265394263426 0.0894772500585504
0.238716532171191 -0.206232618067962 0.104100636767397 -0.0357696354579825
0.138075495098646 -0.161089877069517 -0.0157281934198086 -0.110300692315162
0.152594391353766 -0.0776369278746586 -0.156779075852035 -0.137864566266649
0.145495549557852 -0.00930094175876586 -0.215391820189688 -0.192731171648126
0.13160766488859 0.020111611236763 -0.137912145886979 -0.324567252821131
0.218072885762649 0.12143509128268 0.150448232694367 -0.364631153467256
0.0284080692061398 0.379114115960205 0.438483398218241 -0.079627089408657
-0.247040241560253 0.152553301497229 0.384276113736087 0.355291511410326
-0.195207201976166 0.289176811025629 -0.078515535597157 0.806638872848552
-0.494854817238513 0.348046343933834 -0.665502574112296 0.533513157647019
-0.497126845247105 0.681652893011937 -0.0195653492210822 -0.0817689917294038
0.0565471654358685 0.596125585750493 -0.244578082934107 -0.422915931741253
0.172577949915767 0.223121074454235 -0.600936101562576 0.0180524025569132
0.224842068532927 0.237216807046327 -0.101521225816636 0.512726700057795
0.350917212542431 -0.0162495680386245 0.260969112980978 0.194781123612412
0.170800412694954 -0.124157612782076 0.207514970134225 -0.0703738261295209
0.157028426721095 -0.0636870289077524 0.0429698658212828 -0.15602383071902
0.20679267262626 -0.0203172122160174 -0.0903667616454644 -0.158428178615739
0.210824835850356 0.0213710030019788 -0.144570349607414 -0.177165500489208
0.192237460988882 0.0541660360736871 -0.0897469184625004 -0.268591144930877
0.238916378459803 0.178434924336384 0.117171597836186 -0.285799168578023
0.0142912758420937 0.369779959165556 0.302381532062553 -0.13397417711435
-0.156023948827506 0.17834032505168 0.450228086327374 0.122110548837347
-0.0978506488728664 0.368450832732575 0.156614551813892 0.760052165814103
-0.485690741389693 0.582806782381436 -0.469652944114848 0.432117288779132
-0.675265256113186 0.676239766139238 0.23002831488837 -0.295134946935162
-0.0680152702742238 0.705240624817545 -0.0948857079449967 -0.556897537879835
0.217750342103453 0.280854852818711 -0.566969074817056 -0.235030782880075
0.208530774018279 0.157284316994409 -0.275376598124383 0.440708945505818
0.218577395657661 -0.0219791522913257 0.223443641321797 0.270250716798357
0.0771938972860845 -0.0122078356153584 0.245840883392593 -0.0404803768519296
0.153226030626201 0.0473270195636374 0.0962500859824196 -0.146352679681058
0.230057263315555 0.0398751231361141 -0.0119719277845061 -0.155324080103166
0.236076187064751 0.040331018082567 -0.0538303456279566 -0.166886851779662
0.208573442274664 0.0589593435563429 0.0116898981354373 -0.222938574730689
0.213686694639865 0.172549432925054 0.153998789406723 -0.15799100824153
0.014209474119405 0.252147247339903 0.13448175447599 -0.0798615903130363
0.0095130366787597 0.152065467419512 0.410247722392134 -0.0965590182293172
0.038833216677435 0.409301719317734 0.275308368679542 0.633559981345999
-0.411321706463981 0.738912591799291 -0.279911166455413 0.238598191297172
-0.679373566137045 0.594035618552458 0.506299013440997 -0.408731577826243
-0.063840170073898 0.645073588761353 0.144159284554329 -0.574084940883507
0.189111186712663 0.188562800258361 -0.37646621234158 -0.474326034581308
0.107935791081459 0.0647240177348904 -0.382244035287104 0.240608094802953
0.0527995714990683 -0.00640677987479776 0.0865242575034674 0.29200468216957
-0.00403119947880024 0.0988979251333073 0.21928334418991 0.048554728877048
0.134597154377343 0.135268325869354 0.145918325241388 -0.0782219787163612
0.22010562406871 0.0909837794534694 0.0728992346895447 -0.129569516317437
0.210618374216168 0.0633532005816238 0.0341596529924884 -0.164782414097532
0.153463964149174 0.0725911140565645 0.121891938160107 -0.20278637587494
0.106801484394092 0.114964469342299 0.228657691510961 -0.0462560682126017
0.0189713945237125 0.0522112744559049 0.00621229433273148 0.00831699866059643
0.166975066510073 0.097691556431067 0.33333334189304 -0.193690851129045
0.18617857217894 0.380396600728708 0.247063579955214 0.46572988510453
-0.308021474353261 0.797793821374987 -0.120026291423869 -0.0207844143013128
-0.474304245581147 0.495777618236246 0.739623535057877 -0.446410802025282
0.0870670418829237 0.414525989943049 0.408080291977986 -0.519434017505922
0.10475899636472 0.024857379549698 -0.140847887076038 -0.650229418846621
0.0128338894213189 -0.0277801781677923 -0.434595740532088 0.00542405655928706
-0.0877146674268894 0.0125159336381627 -0.0803532122834296 0.287469720463135
-0.047037989259639 0.170166663362759 0.160355217554556 0.160789964210757
0.100606580419502 0.180768481477142 0.190117963125316 0.0150947761771625
0.17437955030842 0.130867172933431 0.145123804754649 -0.0873272066565393
0.143898910394704 0.101274250730626 0.0965456105705258 -0.159953879800299
0.0461930334077746 0.107874182040302 0.191436464627953 -0.199722791716916
-0.0551738024283169 0.0403860883454602 0.276290279227789 0.0157077211431512
0.0143537040041615 -0.132434491110927 -0.0567936068846696 0.052093880929083
0.231918118345128 0.0187731134783708 0.265318660514014 -0.190052990552327
0.296518380304691 0.314984650880184 0.141859729531267 0.272712328489066
-0.23320451142225 0.709884503737944 0.0127420800511228 -0.270705572176543
0.238313141899741 -0.477246904738108 -0.124627050743968 0.446984375679654
-0.292150372747734 -0.278361930030539 -0.057789219404163 -0.0943084632756691
-0.23315874510129 0.0786135299328122 -0.20780958888339 0.168121486303519
0.00604719661524801 0.244599578702511 0.0945695000919728 -0.00623979185029803
0.198969373464401 0.00988419953654079 -0.250406991256932 -0.0431850220019836
0.0861312548308466 -0.169044943765407 -0.188306037299149 0.182895645117424
-0.0499486648077452 -0.170458994720728 -0.125997546589869 0.12359811862315
-0.100184169894814 -0.155049053123201 -0.186793071278272 0.00997835233837576
-0.0716172316573879 -0.16268674331843 -0.23203858945621 -0.106031890047785
0.0474828051018602 -0.179091690915735 -0.124806114245534 -0.260472724143449
0.182298625025236 -0.0353419593936703 0.184459864587994 -0.276505470243414
0.0538764304437037 0.128614511526935 0.462666809599647 0.0913869782480991
-0.0689867115683121 0.0665013230472717 0.0836868835515547 0.713523796567961
-0.238308927085786 -0.109342120999009 -0.563297672553149 0.564163819976449
0.130551793486471 -0.368732313582504 -0.856778831840559 0.480564665145698
0.163935884291434 -0.148325075816833 -0.208871895255535 0.489141149451519
-0.156350295005634 -0.210815987686219 -0.128841185672249 -0.00844617713919984
-0.243052008874285 0.124711730021913 -0.217228367830571 0.22654910045601
0.0735836727292487 0.327731232497536 0.135712558510677 0.0915210767107088
0.333673521284916 0.0209379079977581 -0.149778087027993 -0.0399023790701526
0.188152996439026 -0.221031260119595 -0.131530591953924 0.128700294169322
0.0330530545314789 -0.208833447910925 -0.112810065735486 0.0612846815023007
-0.0139064093455368 -0.1519413450861 -0.207940226283069 -0.0453800467163749
-0.0147659005383398 -0.117792887627397 -0.254225704926433 -0.170722626254896
0.0513204640083883 -0.129984035045354 -0.122135730809696 -0.331328873137622
0.205817162090947 -0.0212400888812882 0.230817708647436 -0.31705087582726
0.0614795866907962 0.236181983801352 0.474774825085575 0.109143513560957
-0.130654051658405 0.0683309613822437 0.125772454342809 0.658481380535043
-0.25563211929968 0.103021428113737 -0.537684303672318 0.663851725908893
-0.174821291297976 -0.148904799239135 -0.892354945567771 0.513945375951327
0.00717624230713309 0.223573097092211 -0.240808291617153 0.388324422624322
0.0538524918343068 0.00269830324284102 -0.232137678892331 -0.0694967965900874
-0.151688770127514 0.0904778136511003 -0.340591992044061 0.269556786355824
0.122075616784722 0.350412941691405 0.141441277565005 0.268453798180181
0.413574518901523 0.0147730696914395 0.0184790117089854 -9.06287345178945E-05
0.243921760580419 -0.239514493958397 -0.0246021999979113 0.0439372821915429
0.0968321197625911 -0.209852465641628 -0.0734278387704893 -0.0270811553035553
0.0735598239023258 -0.124673015179052 -0.196665081484359 -0.097746915706137
0.0606644654591921 -0.0616456832067066 -0.251854566345031 -0.194847283971135
0.0755630447872782 -0.0533365551744135 -0.140292827847441 -0.349702181770121
0.20512332070892 0.0344030667143364 0.203390823025989 -0.365514905573982
0.055327889574395 0.322221078450556 0.485879534465924 0.0272773310737728
-0.223032649233061 0.106249804142273 0.250410592972034 0.535162697314917
-0.236201369257208 0.209973433107161 -0.335962323483909 0.767311729119623
-0.390411148007749 0.0992436658523019 -0.815629466412805 0.551994846351675
-0.228302316155789 0.529426875593257 -0.182756049950246 0.173803478449245
0.143642176740898 0.327379918515056 -0.283845345524678 -0.227581298828223
0.0358527213392101 0.113408050448178 -0.496562771527602 0.20372180585307
0.179784464376046 0.300095512246502 0.0592571650194752 0.43722622613813
0.418667500061648 -0.00519405974625326 0.181584901557932 0.0877921636682173
0.234970769598138 -0.209146958781302 0.10307919864896 -0.0371233059009136
0.138017413540135 -0.158876970130585 -0.0196177510565579 -0.110571498889245
0.150816489371672 -0.0780767751298525 -0.15674627019338 -0.134627591522838
0.144507200944653 -0.0114283856944194 -0.216894790360674 -0.188389712800574
0.131086947566343 0.0163745810033865 -0.140028727577295 -0.322482103073171
0.218633872550133 0.116320229060876 0.140904504788815 -0.365520960187766
0.0334482080517579 0.378249978295268 0.435836130070719 -0.0877641816700989
-0.244220323310516 0.154242308599535 0.380931367450515 0.355602249753549
-0.189973959950889 0.292535232030109 -0.0706720410152981 0.804381522909615
-0.486174054677509 0.356978580832448 -0.659013688999753 0.541459908520733
-0.515569590306455 0.660691887570994 -0.019266112004361 -0.081883869383797
0.0612842406772818 0.593831873773732 -0.248697893315281 -0.418123748789399
0.174418690679728 0.22021945582566 -0.597760414063643 0.0242605482088747
0.227627259576084 0.232732948093402 -0.0936709260082988 0.512045549895368
0.349564971691576 -0.0214070586558632 0.262079690264753 0.192070158732104
0.169012980753788 -0.126599616894859 0.206042026863099 -0.0734332763071779
0.155038444688249 -0.0661325954991675 0.0398826480080546 -0.15566963032869
0.20386323235698 -0.0227688887070421 -0.0913079007522461 -0.156809331555815
0.209901238355661 0.0191246223130896 -0.146881205930968 -0.174165270455978
0.191444148338573 0.0515825905942561 -0.091660208891073 -0.267472800750001
0.239492077629994 0.175152376277585 0.112911805702997 -0.286891318892419
0.0191531606526327 0.368155111618385 0.29992499706279 -0.13642757751256
-0.153499181402028 0.180110352551036 0.451119723126992 0.116874003230211
-0.0936126708521282 0.368503895369802 0.165600272965132 0.756114362715494
-0.476861797110896 0.585428543789573 -0.463506284578951 0.437171500598179
-0.685656048770418 0.656846001974789 0.231722382868071 -0.291979623771309
-0.0603390217892714 0.703173565806424 -0.0983236539318492 -0.554191304318151
0.216596113754896 0.280406524973712 -0.567618036571216 -0.227965605050079
0.209878473953278 0.154334894268322 -0.259060898147983 0.445314730836832
0.21776956691311 -0.0234239252097663 0.227376242423892 0.265290066362669
0.076831710397981 -0.0120274902918968 0.243516075572743 -0.042980267338086
0.152586877784392 0.0464864645407091 0.0959560175677745 -0.143696822653209
0.228848691783755 0.0337534559091059 -0.0112397101703357 -0.154325502290826
0.234036669328095 0.0366829259855476 -0.0534110615592618 -0.1651733799732
0.20961143438054 0.0542562639997711 0.00445175026474459 -0.222728870463493
0.213510567041639 0.171459660729773 0.152073662411595 -0.15952421583493
0.0170404978417723 0.251389634328811 0.133029665029931 -0.0831278172584672
0.0140806434012396 0.152653752262983 0.409690936643435 -0.090388979260518
0.0429368529503197 0.406750505604417 0.280267944145982 0.628529165075372
-0.391704493525108 0.750114658249317 -0.275210176781033 0.238843535275775
-0.684527220683286 0.581279706928891 0.50269473976667 -0.409363002456618
-0.0564812780001567 0.643383593201842 0.137073750887321 -0.572150282388504
0.190653328126546 0.185323348435024 -0.379251711753338 -0.468499767076975
0.108016460752701 0.0630890259202921 -0.37806563205659 0.243467744135513
0.0525658463729073 -0.00695170077362109 0.0897992639940305 0.29133253799301
-0.00266658464805499 0.0985965103143672 0.218652790203097 0.0447102591283862
0.135500935549484 0.1312940949139 0.143706908479105 -0.0787021463508143
0.218743485330942 0.0877725077190635 0.0718149729640485 -0.13006618460626
0.21048130629789 0.0606161117394177 0.0323774215763255 -0.165250351223361
0.154389718431353 0.0711928052428135 0.117679996742703 -0.203723284770629
0.10832417443239 0.113257649216879 0.225735372615776 -0.0496307189429972
0.0207018404902474 0.0520651773616023 0.00660316472458088 0.00856837434324768
0.168239771945384 0.0962687981387154 0.329480310283672 -0.196181012820557
0.191038195832756 0.376702923784942 0.250431042240259 0.460436932231011
-0.298842117104543 0.796427344701158 -0.119974952830232 -0.0197540203704407
-0.484917013394023 0.482967342300317 0.737694106812368 -0.44243406456898
0.0880786917553431 0.410454176706394 0.403506447126805 -0.518775639682712
0.104426301988184 0.0248004311585953 -0.150932399494916 -0.6458105368951
0.0123676354455502 -0.0272536543879035 -0.432773423260741 0.0208230879062032
-0.0881706451981856 0.0131522011576288 -0.0740029175619945 0.287665035107057
-0.0473345294044017 0.170031023111828 0.160310591373119 0.159239136224253
0.1051134431173 0.176763504817003 0.187898782322783 0.0203919738166853
0.175974657329312 0.126719451246532 0.145175427084088 -0.0854205703753387
0.14459029141705 0.0981217578523035 0.0966127462578069 -0.159866228439782
0.0445426909855415 0.107972085236608 0.187021617066876 -0.202289022329004
-0.0545712307475971 0.040439036523152 0.275542580237963 0.0139125213053825
0.0117905227131392 -0.132596179681497 -0.0548434338549938 0.0523130665647597
0.232291853551742 0.0048994152544442 0.26207763245163 -0.191097366327507
0.304433442743633 0.306322847411675 0.14477895756881 0.268701980887152
-0.214778645704182 0.711133150161559 0.01173779635203 -0.270320554490423
0.232204072165034 -0.475526701179828 -0.120110095720896 0.447467138074525
-0.293774930391013 -0.274579416613512 -0.0587352505754497 -0.0928577073671355
-0.230302511601775 0.0803420249421217 -0.205252302182966 0.170852329503816
0.00897807196786254 0.243332089581232 0.0945800086239061 -0.00715940540272084
0.198224958799597 0.00762135513935332 -0.251001758243115 -0.0383335679144645
0.0833314704612579 -0.171127072638556 -0.183840760716861 0.184673915859559
-0.0514192867847006 -0.169457883384923 -0.123368428325098 0.12496944352708
-0.101277090979396 -0.152876988438446 -0.185527155076973 0.0124188918692861
-0.0732717688391742 -0.160729392422761 -0.232633123799708 -0.102518276465651
0.0449812927635682 -0.179046798013302 -0.126822409175724 -0.258738618048162
0.181616213298757 -0.037623558656624 0.181248388960776 -0.277216755139245
0.0543636066942764 0.12736496066866 0.461570355189427 0.089351771129191
-0.0673384468235724 0.0665684746905496 0.0896479231838441 0.708891686233458
-0.238805546687893 -0.105634947083221 -0.553896977066952 0.568390539978012
0.126882765433392 -0.36760476480893 -0.849044012273944 0.48666834271572
0.159300186354854 -0.150415403943063 -0.205568234826582 0.488524097590802
-0.158546057652877 -0.208134288915843 -0.127738712796764 -0.00859595220439
-0.241244722746161 0.126210274677574 -0.214672170905249 0.226658438058815
0.0762584524701835 0.325837065966446 0.135710721926168 0.0903940785300953
0.332388473044355 0.0179345990745791 -0.149271963998541 -0.0367947621745252
0.185775834910582 -0.222137566684477 -0.128236447138719 0.130489769197816
0.0308292362431527 -0.20817859785663 -0.111145878910843 0.0615646155192888
-0.01645909389505 -0.151104599162068 -0.207222659236174 -0.0457118114212109
-0.0160592599781707 -0.118390083553622 -0.253951968859087 -0.168827086538104
0.0496098243803244 -0.130354532077921 -0.127139824203794 -0.327084573561302
0.205307833300579 -0.0229724342977973 0.227039176368936 -0.318164252884735
0.0640071621138862 0.234748560294214 0.474701463276682 0.100199810136088
-0.129787200499789 0.0697936646094032 0.13359100872679 0.65537964374663
-0.255091555266789 0.106453565419283 -0.528246323209262 0.670107854122881
-0.176943639865618 -0.145960599410539 -0.886741550398333 0.522215404191483
0.00439992751539537 0.221632038178647 -0.237306091867932 0.387757481821713
0.0538069627273889 0.00273670971259324 -0.231356059200721 -0.0660554563847194
-0.150194381496198 0.091884588382938 -0.338052661657793 0.270614449358239
0.126631247535065 0.34770561308373 0.143778372356482 0.26579382446008
0.412333844043804 0.00944247775457827 0.0184509013149743 0.000138224317764666
0.238914037017013 -0.242740523697615 -0.0230488700044145 0.043320768203751
0.0946733674204875 -0.21084915676159 -0.0732364819937199 -0.0258901930081102
0.0717848522362868 -0.124433279858857 -0.196763713374676 -0.0953194388816151
0.0599077456462981 -0.0623232105411085 -0.252742774628342 -0.191103101999115
0.0749631198209913 -0.0541756777619981 -0.144446288730231 -0.345343968828658
0.204864407077716 0.0320917304933284 0.198807267469194 -0.365450848860401
0.05904513291364 0.321004062907668 0.483993477060754 0.0221253012494783
-0.221196093457005 0.108367254632008 0.254059688060495 0.529627471595468
-0.232922034324774 0.212195088579763 -0.33042923295848 0.766954379574052
-0.387960537306971 0.102498843083097 -0.809642419467455 0.553609065705421
-0.230989878152784 0.525649520003353 -0.179848397864643 0.175260058111821
0.146564313596063 0.325346816982312 -0.284350488910839 -0.224770227494402
0.0353999597316127 0.112963229234534 -0.492794700926456 0.207636603872379
0.182323657882425 0.297358747659685 0.066827147173981 0.433763253772755
0.41626299940172 -0.0109436838273916 0.181638117442246 0.0851788777874869
0.231557925216526 -0.210393569264777 0.10230224582688 -0.0383165464615341
0.136189832416693 -0.157911304554561 -0.0199734981234641 -0.109662548921837
0.147870158321443 -0.0799254424192767 -0.15677735415433 -0.134430337499067
0.14396354404672 -0.0136307925919867 -0.216616614602047 -0.187949846162874
0.132176443873649 0.0103797357110815 -0.148663560794192 -0.315603590660403
0.220670132305634 0.1122063741298 0.138108620381426 -0.365559460224559
0.0398271319226033 0.377094461475425 0.433488326429641 -0.0921494728119793
-0.237838806373296 0.164880948599093 0.387203126230081 0.347008973438764
-0.186127981651843 0.292582628095816 -0.06021685925813 0.80119219914037
-0.479991974217369 0.364068583609918 -0.65138107481906 0.541925465550452
-0.50161615848627 0.667644710500877 -0.0203423423016222 -0.0815332826280781
0.0649129846613975 0.59111080607442 -0.251060371524611 -0.414392301867984
0.175989238420593 0.21807439595148 -0.595213369884865 0.0304244508087979
0.23039497243097 0.230706363911196 -0.0877091546290746 0.511109875773485
0.348498420595714 -0.0257149867517136 0.263711507067835 0.189080506154073
0.165519038803917 -0.128465904907198 0.20407494416657 -0.0757201849955375
0.15343015015602 -0.0675435438574541 0.0390985790579853 -0.155748683307029
0.203277650996711 -0.0259018434582734 -0.092875659312265 -0.154314746510101
0.208824218732289 0.0165565131234121 -0.147274365231266 -0.172282965711097
0.191233809408108 0.0490280390899461 -0.0952493556999772 -0.265045329101403
0.241671651641776 0.171050688272566 0.109068512623714 -0.287600044869435
0.0235507655220033 0.368253585810859 0.29698120449443 -0.139244069113151
-0.151166598103733 0.182468004747137 0.449265073240716 0.11261994052227
-0.0908507781233197 0.367136519100885 0.171007819330812 0.753842255417395
-0.470872167579021 0.588469598911528 -0.458546898580721 0.437861016918761
-0.651403716764203 0.687919196582197 0.225719957542598 -0.294581011480876
-0.057222703565412 0.69923306869221 -0.104850250220788 -0.549640359332091
0.215331085048903 0.277910185005976 -0.56832330896797 -0.22017721072724
0.206341672753006 0.155725924180914 -0.24830544926962 0.448818797124031
0.215881094688028 -0.0234114216449334 0.230246598894572 0.263543986523017
0.075693746621261 -0.0128436485231924 0.241962063810051 -0.0451222730419521
0.152774506428825 0.0381739397063501 0.0949689603852287 -0.143460220257605
0.227277566921307 0.0301579123414534 -0.0127027211193869 -0.153178215540555
0.233150542903591 0.0357518555398503 -0.0570697360782172 -0.164126094515675
0.206364338632977 0.0623344823790096 0.00481435484140489 -0.22278544369745
0.214321894391748 0.168331891560323 0.148317650497014 -0.163345101200994
0.0222740414449671 0.250662590047866 0.13133886151021 -0.0857109315407166
0.0207527194893354 0.154758628504608 0.408763796217705 -0.0864210637743355
0.0530744549926172 0.404699284123385 0.283962402604835 0.624443664573825
-0.386503716298886 0.747078600323911 -0.274188234813619 0.238835924416602
-0.643082619585912 0.622944406380189 0.495466059751979 -0.418021313532973
-0.0492898600246125 0.641256258144835 0.131654354328005 -0.570309637437761
0.191685912728274 0.183639028889986 -0.382105461201268 -0.463559197349765
0.108558338637738 0.0623596243672838 -0.372535305187698 0.247486654728642
0.0533264804381518 -0.00743267089148051 0.0934994534777532 0.288186201731799
-0.00142857393816716 0.0984143548709064 0.218297133173003 0.0422628028590311
0.134850171560886 0.129874013567249 0.142941745061764 -0.0798426295440064
0.218830649930417 0.085070356503271 0.0690148870598334 -0.129709675895132
0.208996462453895 0.0579032841172173 0.030153484422194 -0.165414029791262
0.154733793362108 0.0688341734602137 0.115234621723721 -0.204307423834254
0.108681231673752 0.111603168803271 0.224882001488284 -0.0527450903562883
0.0212880061434212 0.0524109985025614 0.00746189592231826 0.00773335641538326
0.167855483612251 0.0949051834278749 0.326407217895282 -0.198451187222655
0.191884479520387 0.373537403342726 0.254845263650467 0.457603115899143
-0.289177235139331 0.797039645862263 -0.119159405621733 -0.0195188240698628
-0.462104456408178 0.500797277478667 0.729191498924556 -0.450179386543112
0.087188921448994 0.40918918059372 0.397102880568377 -0.521774145267941
0.104238268264232 0.0234975125377023 -0.157300815588147 -0.640335228834471
0.0121691955823284 -0.0273262295361411 -0.430156821238646 0.0271492176842874
-0.0872820681166996 0.0127588380655864 -0.07099864250633 0.286750277966266
-0.0444162285072988 0.169239314359782 0.159788465800306 0.156848810400802
0.108594970591795 0.171792581847134 0.186764024967529 0.0168293991002164
0.176279558037635 0.124244168611047 0.142069873342664 -0.0876414032449214
0.144136053539502 0.0976080835084883 0.0911769781480844 -0.162456810237662
0.0444514965398903 0.107775916937799 0.189168942523001 -0.198109468554907
-0.0530213098007827 0.0423352953271702 0.273989239690767 0.00506252828856102
0.00951933547833768 -0.132142926858075 -0.0542840893222858 0.0516254099290861
0.231503193223896 0.00506810828433138 0.255514511472736 -0.201149065341899
0.301298818370029 0.304690571388962 0.145249800485258 0.268531424177843
-0.215290210377591 0.708526166122159 0.0108109436256637 -0.270734958503003
0.227452216633391 -0.475906802616142 -0.116568333028828 0.446519198443016
-0.296081440002004 -0.270063768305888 -0.0589563247965815 -0.0917780360659375
-0.228496770827005 0.0831006168224293 -0.203694554328966 0.171917027352593
0.0124791335384978 0.242839458986669 0.093735790677328 -0.00727848047290668
0.197797962259125 0.00512913056097493 -0.250364035770482 -0.0348785559046345
0.0818723089714102 -0.170354537787141 -0.180354593363406 0.186217045125962
-0.0532690520376344 -0.167086386769475 -0.121137444696324 0.127116463073863
-0.102205815650741 -0.151174133954571 -0.184334398290513 0.0145224483221663
-0.0743015344715707 -0.160006506839629 -0.232749614740863 -0.0997999147537162
0.0429685703762126 -0.179333016440745 -0.128465166842768 -0.255707029604898
0.180523227589575 -0.0386961266303108 0.178105255125164 -0.277351897396032
0.0549643233323779 0.126861960479814 0.459735925852346 0.0830623360231714
-0.0674890220775512 0.0668572281763133 0.0948040550762422 0.706712330128173
-0.239862585194308 -0.103340287381302 -0.547971609683208 0.568885622589774
0.122727187035388 -0.368052131512942 -0.840847274320906 0.490863994333534
0.153969339652111 -0.152664477795989 -0.198856165603392 0.489636199896258
-0.160075454106735 -0.205683488412502 -0.127550744477158 -0.00649546871735841
-0.23685859617321 0.129591101315489 -0.211952430167705 0.229743070798491
0.0788461046319843 0.324137412668934 0.13596510619983 0.0891376428899036
0.330636685500675 0.0157730665752596 -0.149801932889737 -0.0333770633609591
0.182525663691936 -0.223661958719272 -0.125815009389308 0.131249739547653
0.0266064475626562 -0.207725659813636 -0.110668472588542 0.0619969504791112
-0.0185844950931889 -0.150824202497546 -0.207175908054833 -0.0424387945311055
-0.0170914413458595 -0.117119472477779 -0.255176400029454 -0.162569025773514
0.0480160615055533 -0.130328901279297 -0.12808297851567 -0.324499047880755
0.204652009071244 -0.0236915156519883 0.221849910597175 -0.319443294547883
0.0653060357350341 0.233902059698215 0.47334152154406 0.0952161379849332
-0.127336560617544 0.0726548869998597 0.14443642797355 0.650375539690696
-0.252567989760619 0.107318650425962 -0.519376712427556 0.670373330945526
-0.177042851006106 -0.144562531582907 -0.878620216435954 0.526053343973324
0.00395675876662133 0.22045154691239 -0.233740436360471 0.388631762882652
0.0525188450404213 0.00209662464511428 -0.230111490802643 -0.0642080915828322
-0.147917491413691 0.0942558459593729 -0.333921227502525 0.272768931322189
0.130772607501417 0.34566096135887 0.146078962917052 0.263466187165499
0.4096155471663 0.00513705352624081 0.0181505416654226 0.00176400707830959
0.234717952651607 -0.244743960852125 -0.0221542311212652 0.0438704929002186
0.0898040021074091 -0.211611203857012 -0.0727710357085589 -0.0251835025891864
0.0695625074029229 -0.125088009243558 -0.19680005658332 -0.0931407741428595
0.0589854094451323 -0.0622046771200467 -0.252559213282419 -0.18796929723548
0.0737912324687098 -0.054517491280351 -0.146417160760184 -0.342177320671507
0.205516689173141 0.0295335608375706 0.193439753331209 -0.366410315270792
0.0616119746905376 0.31975255605614 0.482346672801997 0.0178805431633628
-0.219342441808704 0.110381784065185 0.257264181453357 0.526361606511912
-0.230793036536173 0.213979542037895 -0.324563733955766 0.76481704589119
-0.385018847067105 0.105837720739391 -0.802432922407574 0.55821178708508
-0.240624610677794 0.517449644465244 -0.178477259108947 0.174273267032737
0.147287041138967 0.323914376058337 -0.285283746366531 -0.221917323183434
0.0376437220687908 0.113050350745803 -0.48931291018794 0.210695761980725
0.180375254914847 0.297310851965901 0.0677216967237738 0.431831102527939
0.414243524740595 -0.00965745058652679 0.181794252024616 0.0843655089355073
0.228024662320054 -0.213541969354355 0.102680468149324 -0.0398145126504464
0.130817612751082 -0.16289507293406 -0.0191234679266793 -0.108841940334145
0.146202258176305 -0.082306633454016 -0.157740017379325 -0.132261884785522
0.142342067917618 -0.0144562860261223 -0.217525332394861 -0.184834700019844
0.131206449065471 0.010433986994357 -0.152231144392594 -0.3114470102187
0.220975164387499 0.110275618232539 0.135959711450536 -0.36427721452002
0.0430316904445296 0.376308823827739 0.431831438803134 -0.0928069969350701
-0.236234657661024 0.167394492067588 0.393030356337759 0.334065302461841
-0.185118281100525 0.291881992819303 -0.0554227676665835 0.799699629180212
-0.478826099297407 0.361816161254314 -0.644807595557854 0.5456210739979
-0.462197295963476 0.694534842839667 -0.0214339328478134 -0.0819030752271859
0.0698555044402001 0.588424768499761 -0.252901048877151 -0.410042740007517
0.177386459808611 0.216630249697845 -0.593175585237882 0.0339696755111812
0.232639748689654 0.227051501948006 -0.0837939704791118 0.509572264713045
0.348184672933322 -0.02957776158514 0.265195052174807 0.184905679990066
0.163448375614501 -0.129132555645956 0.202587346779212 -0.0776529443680791
0.151117471427399 -0.0696450900095063 0.0364417179106221 -0.155411302531552
0.200709333195276 -0.0279782809201682 -0.0942200505985872 -0.15216176083131
0.207640967058085 0.014154520150557 -0.149557521648454 -0.170436382750986
0.191292845397054 0.046048563601543 -0.0971504594423111 -0.262853159861451
0.24250882212432 0.167002510252687 0.106384164965166 -0.287632220292123
0.0289409828270202 0.365982279986672 0.295487776703335 -0.142466004817716
-0.149149178753119 0.184340651694249 0.447807239077166 0.108428927444609
-0.0875164286909805 0.367164484781901 0.176497071050488 0.749199595980625
-0.462782780948913 0.590127854970074 -0.4526107039757 0.441003691823824
-0.617722643871774 0.711826469922225 0.216938226469274 -0.299483828678032
-0.0482544538735208 0.696771314511836 -0.11129911268741 -0.54597512593997
0.221188135893265 0.272812982449697 -0.568714003755712 -0.213170505375144
0.208180058238989 0.152859830915029 -0.250828140705825 0.444795560101402
0.215629993171695 -0.0266986924436042 0.229944058391705 0.261932631322217
0.0754891799075854 -0.0148907903418884 0.24135013502651 -0.0486097096845187
0.151464973249412 0.0357235437041896 0.0902891660137903 -0.147808285070144
0.226646246165069 0.0295778497323222 -0.015737162482059 -0.151810800081863
0.232158219893522 0.0338070519861933 -0.0611416630239163 -0.163158901488921
0.206027683327968 0.0596174884514429 0.00538394368578745 -0.220248565118624
0.218737630962128 0.162094789054856 0.145089307780084 -0.165359176806354
0.0255622050141245 0.250070992462583 0.130676728764795 -0.0851280414948033
0.0190539742153857 0.153345385324663 0.404249750531716 -0.102495976024795
0.0538897057154592 0.403188939510582 0.287759703032564 0.619972934987838
-0.384215978033371 0.743345756601151 -0.270509723036514 0.241288278311554
-0.61702997503185 0.640532294552412 0.486207918808051 -0.42039096718031
-0.0429025578720284 0.639500871358164 0.126404757642664 -0.56888540556644
0.191292430088269 0.181122953094854 -0.384448533782478 -0.457515059190934
0.109481436724391 0.0608320462024866 -0.368697319702114 0.248634623010153
0.0531009914468069 -0.00886690415389875 0.0950443650246312 0.286624759427142
8.28793891471443E-05 0.0975321039587232 0.217044871725983 0.0390786218132532
0.136241859937728 0.128000861083069 0.140990768584399 -0.0816735149998259
0.218777063896728 0.0821956743804249 0.0667203506226661 -0.129335825117851
0.208046016941236 0.055340676648297 0.0280916509243203 -0.164365548895331
0.1536685846944 0.0669146302551636 0.111977638282472 -0.20592721949561
0.110805483241675 0.109753661742815 0.223687989943165 -0.0558776783109207
0.0223895938623571 0.0525165647322538 0.00796409107896944 0.00707196547243217
0.167898536066373 0.093342508401645 0.32445450860687 -0.200906797393907
0.194959669439469 0.369354164962095 0.258174516260888 0.45334873945767
-0.281968370990274 0.794695776877446 -0.118290943726838 -0.0192814765513498
-0.437630810459511 0.515240011412222 0.714825277649056 -0.463478851047147
0.0949295310387058 0.404680246963869 0.388187063571922 -0.522752541276117
0.104019675823224 0.0226395495766129 -0.158849798837974 -0.636317579843903
0.0116068632441418 -0.0269865984439333 -0.428660094961928 0.019792084690581
-0.0862902723885705 0.0139863587321955 -0.0695063935271348 0.284973538819578
-0.041364885128802 0.168764967038412 0.1614782345788 0.151994150009295
0.107026474946333 0.17236894567422 0.186505205399175 0.0080582320940693
0.17542743893088 0.123085360969383 0.13913609125294 -0.09115658688592
0.144464878384441 0.0953149954814802 0.0865480196641528 -0.163254627995761
0.0481410185311453 0.105945921623576 0.187080814741362 -0.199897244938549
-0.0531721351227516 0.0423521134278202 0.273004564106955 0.00121362844919804
0.00832780138058569 -0.131770826996953 -0.053365507088749 0.0525696991428301
0.229889746714801 0.0132751824458659 0.252309788102719 -0.204022110496129
0.299465521180144 0.304157595658526 0.147572009602882 0.266139040012476
-0.2154738215397 0.70558018505967 0.00775052809807608 -0.269440778617979
0.221446392946648 -0.475916814740493 -0.112957985711603 0.446950195433514
-0.297308112148081 -0.266226606598641 -0.0590657614130075 -0.0906605468793621
-0.226456190672204 0.0848979698081779 -0.201761087009902 0.172111013633557
0.0147545701698456 0.241059058810664 0.0938589683554289 -0.00815289763991992
0.197408221759983 0.00337179694092108 -0.249980020357913 -0.0320373875138299
0.0793011363886155 -0.17079183201923 -0.177349920566458 0.186583395629122
-0.054771187204185 -0.166627550024984 -0.120013101299291 0.127106202488041
-0.103192585431049 -0.148688398238623 -0.183260838594009 0.0156387982010756
-0.0753160570064624 -0.157945109083588 -0.232658460758931 -0.0974562342950019
0.0412010184702691 -0.17904389748216 -0.130828490516089 -0.252668468169282
0.179700410253284 -0.0405988557633107 0.174118630748277 -0.278383196762358
0.0561936110539235 0.12550574879592 0.458998440199867 0.0799515666040907
-0.0655454554869362 0.0663570522574281 0.0985704605753593 0.703380136475952
-0.239406298449928 -0.101177619473623 -0.541598973452912 0.570473179999223
0.119626152273016 -0.367237697622217 -0.833354965742412 0.496720784435631
0.154399831922247 -0.151093489888871 -0.195101241466286 0.489943189114068
-0.161486481113687 -0.203650564518319 -0.126842647317807 -0.00483423389654795
-0.233715840236694 0.13239445961598 -0.20945141884395 0.230433138740655
0.0853315337638732 0.321573808655607 0.13628282584708 0.0875754123759652
0.330314778454535 0.0111365598453548 -0.149869537662536 -0.0315407520695159
0.17882900276802 -0.224614610980191 -0.123895973601123 0.131865539989808
0.0240426088342403 -0.207324481374788 -0.109111465808732 0.0638820545573361
-0.0199692444403264 -0.149426194500032 -0.206026779064527 -0.0390381947887476
-0.0187136635689391 -0.116719127738052 -0.256238082361032 -0.159394410958854
0.0473699533226354 -0.130130036150354 -0.128561328596013 -0.323117652249104
0.203885006050657 -0.026053541880756 0.218027814410124 -0.319474292494476
0.0674141725374108 0.232239941882669 0.47081020433966 0.0932935594509209
-0.126862507002307 0.073266748834632 0.145311390442004 0.646073772229156
-0.25133867308714 0.108027574613235 -0.513382140497363 0.672370622370634
-0.176889825364003 -0.142826638336171 -0.871343897688166 0.529455689268634
0.00944238888819574 0.220363351891208 -0.229469831950194 0.389644072518118
0.0523155937904025 0.00213093576339219 -0.230311914206759 -0.0613064823353085
-0.14593769169045 0.095413905446472 -0.331327126021883 0.274809597895778
0.133950756498841 0.342495321580522 0.147825472120118 0.261942578733805
0.409048833177789 0.00127950314536753 0.0174339675662809 0.0017155739392238
0.232402982053042 -0.246544300439386 -0.0206170191159176 0.043984218312115
0.0874869169206329 -0.211289787479967 -0.0727405473529016 -0.024709022348227
0.0671980727446609 -0.125555347867259 -0.197024947007205 -0.0903982802987977
0.0585245042584021 -0.0620616863014521 -0.253585287648806 -0.185529470677908
0.0733431781133427 -0.0556899530684952 -0.150298673375364 -0.339217984369084
0.205027127372129 0.0274295919648912 0.189150835367995 -0.368056450614348
0.0649984786983588 0.317769730643959 0.479719671997612 0.0125859928296954
-0.216451506732947 0.112638991652115 0.260981551673681 0.522149626752965
-0.228302134613354 0.215619725003386 -0.316261166580441 0.766224723097891
-0.383725412992751 0.109251974443237 -0.794397880216293 0.560753861598595
-0.226786886479455 0.522175444440712 -0.177564505917403 0.174446297527555
0.149168420728389 0.320757656047603 -0.286439172507251 -0.217850361415466
0.0400440934812261 0.113101317522126 -0.487070585235106 0.212978844973867
0.186161378853546 0.292775875411737 0.0679846096627949 0.430008086170493
0.412422511415403 -0.0151137612074022 0.181471462779229 0.0832024793348258
0.223652965433591 -0.216848771537716 0.101942901495871 -0.0400300333406161
0.127290352765308 -0.164744533420041 -0.0209997377108162 -0.108242280503154
0.144345201575934 -0.0836597941103567 -0.159122865346609 -0.128870409720186
0.141170179918746 -0.0168263505324904 -0.22024886731204 -0.180563737632645
0.129522515845301 0.0130199171113977 -0.148126824626081 -0.313612587965572
0.220400318044797 0.109011385215056 0.130193683831011 -0.365435339543111
0.0463663750145066 0.374483479187465 0.428683446127521 -0.0961374374041078
-0.237719176077598 0.1616326918277 0.390009322025596 0.334957356769583
-0.183246567201802 0.291920201122581 -0.0477082976624183 0.797850975012467
-0.474217382840204 0.3619345278463 -0.636138400485877 0.548101408305708
-0.466669625429608 0.684898843862429 -0.0214851788446854 -0.080897015308488
0.0763814354441171 0.58365275027985 -0.254277442472426 -0.405494629606654
0.178387435344954 0.215439864217219 -0.589413587964214 0.0390313853428235
0.234600850892281 0.223653142275266 -0.0781892313398144 0.508515604715075
0.346623950633289 -0.0332214068351748 0.265682348522454 0.182221846678926
0.161974386246608 -0.130381829328588 0.201010319754511 -0.0795713935519624
0.149796931049402 -0.0704743429761559 0.0349710862423529 -0.155016114407954
0.19889348989211 -0.028947566823722 -0.0955439622741237 -0.151512390355655
0.206526191313044 0.0118396837301902 -0.150416270813082 -0.168208602569514
0.189770378917872 0.0444858652242597 -0.0996240164406898 -0.261539022076582
0.24404483125915 0.163993916619278 0.102037493185748 -0.288281808687357
0.033414819653951 0.365763718613182 0.293404374580405 -0.144315828833035
-0.146549842247473 0.185329487054131 0.447984946051125 0.1035607356204
-0.0848116262104681 0.367122192262357 0.18431475727474 0.743560727084012
-0.455855448837287 0.59101017267424 -0.447905575003105 0.44248079885203
-0.64200733320785 0.68525675192442 0.216239360367026 -0.297852477115932
-0.0410208534433404 0.695435352327894 -0.111011464416815 -0.544265715889345
0.224511358802652 0.269643491829145 -0.566016753378175 -0.209212523043346
0.21365329871125 0.146190242092716 -0.249724044640072 0.442755021262564
0.215212741088885 -0.032832238434485 0.232356770738066 0.257436710018759
0.0751225453383239 -0.0157275408497266 0.239266938605111 -0.0522218874088188
0.150970304460985 0.0399666292232821 0.0872431538511371 -0.146904718755044
0.224503810178443 0.0284743391794664 -0.0185243166993204 -0.151860529459457
0.231269225398663 0.0296624798054731 -0.0603492003695525 -0.161613698946276
0.207195656527919 0.0478154574845294 -0.00103614573661415 -0.22144500878017
0.219686057927551 0.159600304133915 0.145135074816388 -0.164463234571129
0.0269533816997569 0.249123706073476 0.130603877745628 -0.0860069563890286
0.0152996040678921 0.152912190160453 0.40066336547366 -0.11003668154522
0.0510563547992888 0.400535975801399 0.295503069179907 0.614813329111745
-0.373838333509514 0.745049018178186 -0.265560551304066 0.241898279733931
-0.646556602873073 0.605569647861961 0.484495284676625 -0.421813677639282
-0.0388226125662988 0.633817990151526 0.122287829540027 -0.567856910090997
0.193213528050805 0.179548100633203 -0.387515485552026 -0.452564010430706
0.109897738943723 0.0596101001803185 -0.36269495805975 0.250607424363331
0.0534840376763394 -0.00975459768489518 0.0990042565027744 0.285446944620652
-0.000237673883333244 0.0971690376068207 0.216484760999522 0.0359775729489544
0.136428074705036 0.126235503798729 0.139592066122271 -0.0823597074515633
0.21762273982231 0.0792265143477866 0.0655033328382146 -0.130071363683873
0.207869262985678 0.0531448354589801 0.025859244797215 -0.164325285315341
0.154792644039557 0.0649008787330407 0.10890517336185 -0.206847430154313
0.111332185379957 0.107948464014768 0.222400454312839 -0.0582703101231245
0.0223217760316728 0.0519217574846038 0.00835182249162513 0.00609572714762625
0.168185650992224 0.0916370378649514 0.321012587499081 -0.203420215313793
0.196476399766971 0.366542201980632 0.259356690151781 0.448516495075721
-0.275288731573873 0.792641980123848 -0.117206326827749 -0.0181246105189312
-0.450926694895476 0.502450146709524 0.714392028218551 -0.463636981528013
0.100460948749224 0.401466432446796 0.384750288345482 -0.522954043487424
0.103707957980778 0.0219315825705364 -0.161435484851517 -0.634838915088877
0.0117006989321675 -0.0274725716536369 -0.426845361757565 0.0229181021109353
-0.0851809640188029 0.0141312071682205 -0.0646937952213452 0.285338362138286
-0.040989616174355 0.168510509206251 0.162721183052022 0.149295185391034
0.106739896778959 0.173132188143652 0.186459655647265 0.00862587540255278
0.176161482001105 0.120422164686419 0.137932784736662 -0.0900416161326359
0.144953877207578 0.0921967328772991 0.0873953513066469 -0.161291579253076
0.0504240043999157 0.103465452218758 0.177106138109546 -0.207305659533806
-0.0520073964861929 0.04234476318263 0.272793890928194 0.00259817275950495
0.00761891071543853 -0.130939145713181 -0.0521969072830486 0.0520861397504687
0.228894601845668 0.00904472937486185 0.255153558978499 -0.198482049621757
0.305000305274104 0.296600573450285 0.151008715368988 0.262358250374666
-0.199841429793683 0.706904653349624 0.0048187245426667 -0.269630480276698
0.216821842775678 -0.477038400775086 -0.109241643835735 0.447172939592121
-0.299679212732326 -0.262204024055332 -0.0597988105499905 -0.0901864466475974
-0.22464734373402 0.0863257805797454 -0.199939358109924 0.17412384523655
0.0177311895939485 0.240925220700286 0.0926279182173482 -0.00870128153564799
0.196356540189332 0.00110839878659543 -0.249411794367533 -0.0283620887419866
0.0775709795548405 -0.172291757132166 -0.174591409828404 0.188081970454664
-0.0569771957578692 -0.16514365019835 -0.117840805800536 0.127578181074569
-0.103849570853231 -0.147968968666146 -0.183395817799364 0.0168498833346154
-0.0762068933242448 -0.15647847847377 -0.232741279389347 -0.0951362403326135
0.0399345456502127 -0.178558397271213 -0.132024817829475 -0.250436948049153
0.179042494544815 -0.0406804542514031 0.171425507658069 -0.27852252344491
0.0563598904719937 0.124544110558588 0.458793419666778 0.0755710666898938
-0.0643256912408738 0.0667547066597891 0.104809055935695 0.700502503866131
-0.2391458951168 -0.0974933065674806 -0.536239323990915 0.570797534084704
0.115451609802316 -0.365949234268726 -0.829129351046329 0.498284046609231
0.153562864339448 -0.151505216335155 -0.191584691708525 0.488751215882247
-0.164034400503944 -0.200432073607977 -0.126303708972441 -0.00335860942842102
-0.232197947671909 0.133018607901418 -0.206762254836663 0.230149144450723
0.0908189649472293 0.320493011926377 0.135075631467 0.0870917040512782
0.329273418640841 0.00687894188957278 -0.149924262105503 -0.0303097021232341
0.176103284736392 -0.22688653708911 -0.120528877097603 0.133406810406915
0.0231699101885019 -0.206927735473934 -0.107371545516824 0.0655169960417548
-0.0212697262530593 -0.148385023607059 -0.205629663058047 -0.0372789188886597
-0.0193208213586425 -0.115880520858673 -0.256077341624973 -0.158052768168583
0.0459286749952903 -0.13110884886608 -0.132138455237942 -0.319230901680701
0.202990215148498 -0.0287197975662764 0.215457501975191 -0.320339941081353
0.0692404094521688 0.230840055139209 0.468597139467991 0.0908356695441387
-0.126291244632998 0.0718628047145254 0.14485947548928 0.647047074470962
-0.249683494103106 0.1123707788489 -0.508641144286496 0.672159720766663
-0.178073742398866 -0.140813960297843 -0.864797189650161 0.533473334274637
0.0129326478679209 0.218876827296952 -0.223532698491482 0.391935519857235
0.0520574365393511 0.00219311723090331 -0.228160665398427 -0.0601911594504364
-0.143843563439465 0.0966469004421218 -0.327327006987003 0.27595808994363
0.137374887407843 0.339820482896076 0.148969745111977 0.25946467870397
0.407211709251168 -0.00389440272241534 0.0174835513524903 0.00220709645663799
0.228290425117685 -0.24890630593721 -0.0196374202871327 0.0437438703637914
0.0849083344722203 -0.211800067614394 -0.0723612568194733 -0.0235697468415863
0.0654978311770185 -0.125008039141772 -0.197899654679176 -0.088402463800006
0.0572038486727857 -0.0624922479290398 -0.254614268237824 -0.183015682388063
0.0730320221718793 -0.0556843840780694 -0.151331553654763 -0.337571055248985
0.205395205771977 0.0260321604229942 0.185535833861368 -0.367266718822311
0.067427230954006 0.316776720659963 0.478357070305387 0.0100330996824098
-0.216254551144342 0.11312491744764 0.262030294158555 0.518079729692186
-0.227370603517339 0.217015093010103 -0.309323073250141 0.765062459452841
-0.381966501065872 0.111153577702746 -0.789174790310528 0.564662390916357
-0.208122439931222 0.527736220900711 -0.173568108272215 0.176724418306592
0.150773098365536 0.318372279764493 -0.285586785462569 -0.215353070137601
0.040511002366467 0.112491408688869 -0.482748770722612 0.216148220291276
0.193918275730577 0.287770398664049 0.0747976535430818 0.426809723493187
0.412916738425622 -0.0234261321424673 0.18184589872472 0.0814688771298666
0.222091585781594 -0.216764628923827 0.101301995937883 -0.040629016630175
0.127784121743657 -0.162258536379832 -0.0225131891610467 -0.107256740246892
0.14212269962015 -0.0831562897371412 -0.160053043005793 -0.127333976128161
0.140391871091268 -0.0177052561322912 -0.220527102842362 -0.177745736238878
0.129801805495975 0.00989014391811286 -0.150188169423869 -0.311076118453945
0.221741238133535 0.104843873940538 0.123743015010694 -0.366101892139816
0.0507500208741042 0.372621002042639 0.426967387980865 -0.102223571376711
-0.235233413277627 0.16443653138229 0.386178727823812 0.338022877228525
-0.178361537991801 0.294700907209731 -0.0425927666564141 0.794258352735334
-0.467256040039569 0.369893087284794 -0.631969061320858 0.551919442518644
-0.486583705743159 0.665766945331912 -0.0212654797776178 -0.0804379295994618
0.0800743041749642 0.582182189220529 -0.25636579207919 -0.402844646628668
0.179470666074405 0.214391646197369 -0.588425280101987 0.0425743376676462
0.236517984341865 0.22140671941266 -0.0721372794276018 0.508480929297433
0.345466102128646 -0.0365426394630883 0.266145988015264 0.180620557068693
0.160095213321365 -0.133062373114378 0.199537690121668 -0.0810520544109913
0.148082232058652 -0.0720373594889256 0.0332318337497648 -0.154989854219811
0.197553746977831 -0.0320322179382253 -0.0973024804841812 -0.149727988170342
0.204914724591154 0.0102512281757802 -0.152175550572181 -0.166500082597346
0.189850613916358 0.0419607980792117 -0.102050520007485 -0.259383865472627
0.245215428716631 0.160525544481177 0.0991204073369416 -0.287746018960052
0.0365717056374031 0.364866918495257 0.291011769601232 -0.146882563093948
-0.1449471229519 0.186910410932393 0.447223634450898 0.0996666179430791
-0.0836459435488969 0.365515934901673 0.189727862356215 0.737425022979729
-0.452002631863788 0.591651675359679 -0.440929900718886 0.444287642802561
-0.65284442075901 0.673685554348625 0.218782368643229 -0.295146608483844
-0.0376190998674292 0.692598884099695 -0.11486917654404 -0.541213994436696
0.221425348244056 0.271030985488197 -0.565318106661605 -0.205379969050459
0.213084301074486 0.145037450087965 -0.235813659786282 0.44736576983124
0.215382385692191 -0.0332026919310402 0.236813059380537 0.252973432531955
0.074800497852895 -0.0144879808815157 0.23820012399303 -0.0536493041175074
0.150970163625904 0.0386799558157344 0.0891934175258788 -0.143601107341213
0.22484928535127 0.0244555485328611 -0.0193530417209182 -0.151174713472714
0.229775339591691 0.02617738577705 -0.0602392030763891 -0.161217612646921
0.207125072164371 0.0458224011957573 -0.00667977498358941 -0.220902063491843
0.218447721160513 0.159311687607893 0.143262655152165 -0.165857185828843
0.0304848647392076 0.248926057109498 0.128974336252833 -0.0882969047308824
0.0202905758366101 0.153743373650687 0.401681756958561 -0.102727559574139
0.0555853684191116 0.398508516357462 0.299465080206983 0.609060062653172
-0.357240229513257 0.748306225690275 -0.263194013078831 0.243003408329558
-0.651772218911173 0.599518921923953 0.482301634100397 -0.420951411890964
-0.033494938295056 0.632080826344134 0.11824287163138 -0.566156412625895
0.193049720090956 0.178325697936334 -0.388456316620511 -0.447786113012069
0.110246280474831 0.0597230102648976 -0.359603680339592 0.252574905660946
0.0540750625704682 -0.0107327560341481 0.10086304582947 0.283692389152176
0.000400099260279669 0.0968160629703842 0.215535197532287 0.0339016630426779
0.137577909837486 0.124572684190821 0.138243336365976 -0.0830164807682153
0.217777558548723 0.0768909276795056 0.0629768832082162 -0.130195222518182
0.207353720540469 0.0504114141477881 0.0238513378661937 -0.164239654883343
0.154508458450412 0.0631971178446654 0.106115027719541 -0.207502582609237
0.112332800394188 0.105838800112582 0.222290291378324 -0.0603129410207085
0.0240869436421371 0.052379035889229 0.00958362458737457 0.00585610408827504
0.168408692270066 0.0900590684387126 0.319986743263745 -0.20638160754044
0.198229297460023 0.363046456641755 0.26320502890121 0.445666977629268
-0.269232478853664 0.792130042807716 -0.116154835261268 -0.0174422201791413
-0.457446778592778 0.492043533467461 0.714272102213003 -0.459575420962289
0.0990802276067196 0.399378069714924 0.382069527694918 -0.521020700139907
0.102527163617893 0.0217314090948857 -0.16937991829336 -0.627887374213504
0.0113445921345068 -0.0268652740053393 -0.422487390109573 0.0354032568801442
-0.084595707429774 0.0138831510469341 -0.0599087633749834 0.284082057098174
-0.0397813749287522 0.168983341961118 0.161815112165196 0.1487799821161
0.110621620501003 0.16924910767409 0.185035176786361 0.0132956875919066
0.176623880854535 0.116912943560586 0.137617752726904 -0.0887153847722378
0.144702320897504 0.0906348998563591 0.0858746788200447 -0.161868850721855
0.04934443833605 0.104426994124813 0.17417228162107 -0.20969218618823
-0.0517847329495931 0.0425528915913397 0.273469202562449 -0.00102777657266902
0.00686566445603763 -0.13064724591891 -0.0504739586536967 0.0522729256104647
0.228847375039396 -0.00246380665740478 0.251337040949988 -0.2013158573959
0.30834183478006 0.289718184407974 0.153092281919281 0.259503454838279
-0.187194910849737 0.706747917240733 0.00453104436540008 -0.269801072374133
0.213772340229736 -0.477475813378805 -0.106127565682519 0.445745177902447
-0.300349892042023 -0.259129926406604 -0.0604432741278838 -0.0886296426246595
-0.223011358960362 0.0879821819899895 -0.198327307816663 0.174794062700694
0.0210078353282211 0.239567876382356 0.0925670453463627 -0.00920257262286967
0.194842565274819 -7.09695834923969E-05 -0.250330250883464 -0.0255082984662197
0.0755024867927392 -0.172164191449846 -0.172020013000905 0.190858993883449
-0.058212898720764 -0.163953019631557 -0.115977626010815 0.129041338420448
-0.105476999931721 -0.146699433132708 -0.181864303051796 0.0181038068908763
-0.0784108666616542 -0.155546972856312 -0.232049461294988 -0.0933287001865391
0.0373911705077027 -0.178332156835736 -0.132734340752412 -0.248162655044162
0.178569391943533 -0.0421052948747127 0.168212534790576 -0.278421360982431
0.0565432746046554 0.123562148430831 0.457118014670288 0.0739558207939005
-0.0636994594560836 0.0667971899990468 0.108944085111697 0.6986285479363
-0.239176673603132 -0.0954235836615087 -0.531450550227532 0.573878289406792
0.112449458657466 -0.365494338840559 -0.822933230028694 0.501067191652783
0.149607650993403 -0.153343959044486 -0.187925475040229 0.489211157738601
-0.164411101735971 -0.198425271573444 -0.126032601634855 -0.0033192342719198
-0.230403595833441 0.134590710240727 -0.205287633328578 0.23111712212298
0.0907080253949247 0.318739857041698 0.136554109111507 0.0848833014684908
0.327883320387715 0.00496766992823562 -0.149983051103737 -0.0275663172666086
0.1729784500759 -0.2278381943102 -0.119523458457058 0.135142413647156
0.0202182608611452 -0.206142997023157 -0.106336320775167 0.0655381890555397
-0.0228855794450109 -0.1485125258128 -0.206095344722577 -0.0372878844629168
-0.020604689844017 -0.11495219993754 -0.255492497279521 -0.156225597810994
0.0444488585954954 -0.130197656610731 -0.135658320981082 -0.315831790994186
0.202371116226458 -0.0292628687223387 0.212245693227812 -0.322158087593962
0.0707466695820144 0.230234190439911 0.470232258017284 0.0857336628940958
-0.125472779405304 0.0728073070934557 0.150138043885426 0.643802256215463
-0.248540378064476 0.113924751675355 -0.502829845359514 0.674834510077691
-0.179780238595454 -0.138912616844649 -0.859686602813107 0.536382034627766
0.00977319471600301 0.218983516104143 -0.222856685609247 0.389399869211271
0.0513947813140332 0.00178124772594368 -0.227775710175331 -0.0580907244883234
-0.142681832483989 0.0980772782026116 -0.324558232562453 0.277556230357685
0.142623168097257 0.338167930392888 0.151744964344103 0.257826604145145
0.406321306367348 -0.00795556983710847 0.0178272344919275 0.00306589532664552
0.22596167876908 -0.250568563066812 -0.0186401884878767 0.0446665223062581
0.0831230799830865 -0.212553170408219 -0.0721256469304244 -0.0227862309100857
0.0639590578935826 -0.125420314374046 -0.197316411715085 -0.0872775414122774
0.0562565610068334 -0.0627390798482714 -0.256030752794629 -0.179900431279142
0.07234907615827 -0.0565534553316713 -0.155096084375468 -0.335349141312348
0.204714258554326 0.02376252837701 0.18186099646071 -0.367772957358626
0.0700805779738793 0.316462463518862 0.476025769428163 0.00694892510699643
-0.214745750209602 0.115268522333521 0.264627102407304 0.514688013459803
-0.22634280873635 0.217296783907256 -0.305858989851556 0.762725538175903
-0.380483236893084 0.113536714870075 -0.784818940142883 0.56727955715551
-0.213238187507179 0.524350218031554 -0.172486827324473 0.177256338070059
0.152424213036695 0.316680744531774 -0.285295621615356 -0.213567069099369
0.040289762828691 0.112623455564075 -0.479634368238989 0.218779292840499
0.194613097934828 0.287906322431473 0.0801836972518262 0.425418175608901
0.412187646474659 -0.0269760521228635 0.181805657655475 0.0802844797765466
0.219496063128711 -0.216784728647705 0.101064770417616 -0.0424085925825826
0.126020874085821 -0.161769714536158 -0.0230602165488293 -0.10683266045468
0.140046881675372 -0.0845916877136 -0.159557665434788 -0.127233935029532
0.139355397079563 -0.0186273898208191 -0.220814884207304 -0.177095460665701
0.130922912811694 0.00497831644544568 -0.158000862408641 -0.304695600311749
0.223862272974135 0.102091760444482 0.121227863612336 -0.365805879168223
0.0543011007298303 0.37218095329885 0.423336876906558 -0.106601489546453
-0.229771653807183 0.1743150914785 0.392429672451233 0.329261185677696
-0.178240063770394 0.295311239577394 -0.0383497826275767 0.791589760496763
-0.46479475197866 0.37109030888446 -0.626485726172557 0.553500059548708
-0.467270352548728 0.679104709352525 -0.022148823561216 -0.0809633892099308
0.0821628606303624 0.580057835384592 -0.258112283059527 -0.399655689199068
0.180437979028373 0.212176060364236 -0.586959310376587 0.0465023805799071
0.237945625464126 0.217744979447907 -0.0686801732675022 0.506722910465742
0.345619082857659 -0.0404859725117572 0.267444085954076 0.176907561001585
0.15894498571125 -0.134103322264282 0.197983485140857 -0.0829282548587078
0.146186700650293 -0.0733828325815281 0.0316576344208395 -0.154982854555129
0.196122885243711 -0.0330447924749464 -0.0978228497834247 -0.148900174170549
0.203668479174306 0.00753847721383859 -0.153126684505446 -0.164062879320068
0.190130556770114 0.0398814817837699 -0.102838070159032 -0.257573158667041
0.246902079278427 0.158634318632043 0.0966278485716074 -0.288788375801372
0.0405212075921566 0.363787439572671 0.290098959162722 -0.148757980339571
-0.143785345941201 0.188391908925642 0.447883037218519 0.0953970314088263
-0.0808547709400729 0.365286900169368 0.189861613632652 0.735363636089617
-0.448183748104009 0.594280659822837 -0.438280733024021 0.446860868330605
-0.615431896136962 0.700350911781163 0.213451826739625 -0.298347618752526
-0.0329256923265547 0.69008423429222 -0.118559155722192 -0.536880475161942
0.221420155256616 0.269419409863312 -0.565752880134662 -0.199933720579065
0.209980862486531 0.147920120277696 -0.228641693337897 0.450293860304788
0.215175001702713 -0.0333808858770245 0.236211246126218 0.252142569510606
0.0739455817855769 -0.0160396018228331 0.236565488001958 -0.0547647047748923
0.15073528638228 0.0306091463225531 0.0871737902983413 -0.143974385242431
0.223313519947267 0.0216386121622742 -0.0200011423509228 -0.14914544301598
0.229191368224371 0.0250234440813665 -0.0644119150226832 -0.160656916560133
0.205358294266654 0.0527311408082489 -0.00476031854823743 -0.220106520092299
0.220661817423268 0.156809145179667 0.139440455769899 -0.169462502475693
0.0348351818547449 0.248302942748737 0.127922590958181 -0.0904526331667494
0.0254465328578675 0.155351852913627 0.401438597075099 -0.101269874946275
0.0600634112588989 0.396846101983638 0.300253789059513 0.60759805823148
-0.359698444976071 0.74684276441212 -0.261398816353257 0.242076776397355
-0.608137127011715 0.634723418476399 0.475435273611353 -0.4247083145924
-0.0292065846252144 0.629772896319896 0.114724034022689 -0.564713050169486
0.19316020475426 0.175852198699073 -0.389704901066516 -0.444089743838567
0.110230323502673 0.0584032506598544 -0.357465060747356 0.2542035610907
0.0542886218565615 -0.0114414373116055 0.103659604914348 0.280965937680149
0.00147097204700841 0.0961729473547078 0.214904696486821 0.0313649511548013
0.136699414451896 0.123183442802512 0.136555591866619 -0.0836446966695901
0.216693627740563 0.0752647626198947 0.0612843510934909 -0.129078809304709
0.206807785645491 0.0484792476436928 0.0208544896506155 -0.163765365350855
0.155102606658493 0.0620797203687734 0.103656416300452 -0.208800877448395
0.11288214857015 0.105190160547497 0.220196909472907 -0.0638568366761199
0.0250741653436351 0.0525052538622379 0.00857419755745843 0.00555041264664809
0.168064865263285 0.0895017901943325 0.3171833905926 -0.208334647271357
0.199605541438135 0.361294789501776 0.266593279143968 0.441626321508644
-0.259890266005661 0.791680927622242 -0.11571040000215 -0.0170225180103661
-0.433913975844669 0.507832417407558 0.702708951090679 -0.466095324650358
0.0990400397911046 0.398111509886874 0.374647590604964 -0.523499457679205
0.102354044466114 0.0220870398074943 -0.1740557640554 -0.624558489828679
0.0104365321659727 -0.0267055804493871 -0.421398867024653 0.0385765918835096
-0.0845541936835998 0.0144690418875434 -0.0592149113977957 0.2835585185747
-0.0377355044098133 0.168117388626006 0.160846200657218 0.146995781540464
0.112766124643702 0.165853871310121 0.184487360320672 0.0097954867604828
0.175957126598809 0.115659441732563 0.134820294320185 -0.0912520298131281
0.144610485757914 0.090655842486294 0.0804154682930953 -0.164033663605865
0.0485721881461443 0.105704483670099 0.177543792164589 -0.204923988374096
-0.050752301282311 0.0432458142905802 0.271518604764759 -0.00767799008574431
0.00451536117606105 -0.130498809089803 -0.0502680556418551 0.0525412259576465
0.227987126621922 0.000273002990701417 0.245366142569801 -0.209559871462957
0.305878870326793 0.289941579837663 0.153038502377166 0.258633663649342
-0.192492185338743 0.702231904717315 0.00349086055290832 -0.268188126067415
0.209105866576299 -0.477203967892577 -0.103782069163889 0.446939396572173
-0.300589138979151 -0.255630570676797 -0.0607412936906116 -0.0877421748559435
-0.222112301752594 0.0891484470546756 -0.197309179546579 0.176850290748628
0.0229514477808924 0.239374123511084 0.0928126249591206 -0.00953997039864753
0.195046613439799 -0.0014226259378184 -0.248700156661923 -0.0226016654828702
0.0737353996561803 -0.172621118688722 -0.169627026207408 0.19177158232573
-0.0591437736865118 -0.163120583829779 -0.114332391731564 0.129681379054954
-0.106674925614593 -0.144974718377421 -0.181578727377883 0.019868831042349
-0.0780433045988232 -0.154531333375726 -0.232003260835547 -0.0911368285897635
0.0364254678062133 -0.17804890357625 -0.134302938966068 -0.246171699183775
0.177245806628057 -0.0433026040043653 0.166202936407701 -0.279675951706865
0.0580029773120055 0.123280824255727 0.455630416204737 0.0697757891650393
-0.0634648262530464 0.0665860843414387 0.110036976311169 0.697885795174976
-0.240316712900091 -0.0935903032040165 -0.52911610481123 0.576090947835077
0.110551463416236 -0.366913683293317 -0.81856106637591 0.504733517832768
0.14602647494056 -0.154902965048533 -0.183793724681524 0.489627634169926
-0.166630153086767 -0.196179128444825 -0.124631407104319 -0.00218065160970777
-0.228615793675764 0.137582636285871 -0.203539689703597 0.232392209297677
0.0933713735450579 0.317095945370822 0.136033458917163 0.084688138733536
0.327041657668002 0.00384359497911031 -0.150200307554442 -0.0247348050173519
0.170561175299804 -0.228420468613173 -0.117234580117207 0.13568796720573
0.0178192440464442 -0.206176971326351 -0.105730618029383 0.065883687398878
-0.0243805095962753 -0.147681390935394 -0.205694589288504 -0.0355900096283402
-0.0218909190755275 -0.114857270875209 -0.258008531807486 -0.151844615079929
0.0440045885403438 -0.130049970492367 -0.136470191080056 -0.31382747406845
0.202354757567273 -0.0303334309070357 0.206574853275389 -0.32307865204131
0.0721186429178277 0.229404167229409 0.468656088506845 0.0824077173211846
-0.124743644157004 0.075035008759533 0.156611304800155 0.639499123082477
-0.248337229786356 0.113787811942812 -0.499254843960973 0.676091029944193
-0.179887064350722 -0.138039888197176 -0.855838680225583 0.536076238253426
0.00856981874153588 0.218948298537901 -0.220970262430222 0.391162397590641
0.0502289418224675 0.00237801202964093 -0.227193654411894 -0.0571586770960277
-0.141326839656492 0.0999154420781035 -0.323268987994704 0.278522325364954
0.144865881609807 0.336767276397682 0.152806380475364 0.256997380080789
0.405417998306379 -0.0113150318955889 0.0174177456182637 0.00275349474033611
0.222947490512613 -0.252368136353433 -0.0178330172357889 0.0448084412451229
0.080130544713623 -0.212199495310334 -0.0721952527194929 -0.0220818463022197
0.0615076702528946 -0.125519128983844 -0.197978903371713 -0.0860070617021151
0.0555535821228655 -0.0633816169805014 -0.255557817321187 -0.177187293611798
0.0715971160334375 -0.056713011714226 -0.156959197904704 -0.332005599413328
0.205013643789277 0.0216352296164094 0.177813651460671 -0.368890615861358
0.0723531170819979 0.314474075475498 0.477228591501963 0.00379896218927933
-0.213876008515109 0.117103445166405 0.266844603454936 0.51252521239357
-0.223840891288868 0.217950144763879 -0.299552648203874 0.765909359874951
-0.380143184090583 0.115573497389085 -0.776054682033304 0.570149614832948
-0.22198567299111 0.519364806768581 -0.172540635880227 0.177032870154024
0.153543674386356 0.31628979855714 -0.285452817172408 -0.21153974404697
0.0429323039810832 0.113535025572008 -0.478022316136159 0.221850508388629
0.191484622342019 0.287995942825938 0.0812899272701301 0.426379969250443
0.410312832100816 -0.0273631520606321 0.181830089112326 0.0795640420536742
0.216261950677576 -0.220439291220614 0.100721717203177 -0.0430927457400778
0.120687704223261 -0.167058844726413 -0.0233002315235856 -0.107058773511487
0.138916257916042 -0.0864169092255462 -0.160455921440016 -0.125201644991607
0.138918204297328 -0.0201211404950637 -0.221320573952527 -0.17446389723953
0.129780475740171 0.00610068767694848 -0.160287183010829 -0.30308018647754
0.223648261854586 0.100822760332647 0.12191371111666 -0.365396053143029
0.0558160605042274 0.371676448692656 0.422196945286004 -0.107067608068236
-0.230278781176938 0.174801901911211 0.397359645182113 0.319938987277298
-0.177642427012645 0.293797822079377 -0.0339203417837884 0.791104128351612
-0.465928084763227 0.370125894069023 -0.622917253829565 0.552491874770351
-0.436923814727632 0.697102480771698 -0.0236942868165998 -0.0801318596735325
0.0864116423781685 0.578209179224056 -0.260118398244003 -0.397223119312595
0.18190310789613 0.211411993141016 -0.584625990911641 0.0511731754007959
0.240550492181778 0.216859850823192 -0.0645868207596009 0.505735318990589
0.345024790288428 -0.0428206146888141 0.268449045403078 0.176369062733629
0.15671460591545 -0.135426353955158 0.19657506440385 -0.0845460712980172
0.145164309546597 -0.0745486199957096 0.0306645490895552 -0.154971357198035
0.1947987387418 -0.0340773940523703 -0.0993748250314554 -0.1481509413448
0.203432109099436 0.00597144825273112 -0.153963421822155 -0.163218896195771
0.190154371298338 0.0380939810789602 -0.106361036503536 -0.255746040647036
0.247580896100682 0.156063369280533 0.0940393661518699 -0.288752953739846
0.0436289923543306 0.363023882286048 0.288271131668955 -0.150625795934299
-0.142462451920184 0.19039792127038 0.446326559200937 0.0930366735443699
-0.0798099430528795 0.364968302175733 0.195333860678029 0.733102627340917
-0.442214489867056 0.595243971338023 -0.435882993254359 0.44594890845607
-0.592334399607077 0.717851901284596 0.204992115344711 -0.30099495028179
-0.0280856249914243 0.68851848169456 -0.122788605471151 -0.534920579467847
0.226053804428043 0.264139405315743 -0.567125979570146 -0.194693829433793
0.213095283187311 0.14467018337112 -0.233926713580125 0.44592559653987
0.215073274505051 -0.0363094130618259 0.236734755397673 0.250688207161895
0.0735555192550274 -0.0183765306547318 0.235459643196959 -0.0577719540161908
0.14942496451619 0.0297037337592697 0.0833287651727577 -0.147909820519416
0.222361833738076 0.0215094763684964 -0.0228470826078813 -0.148994437140798
0.228487157077455 0.0248568790730205 -0.0668539307553733 -0.159477310384375
0.205709317188353 0.0500514123956542 -0.00387008809770212 -0.219249950044693
0.223907258972353 0.151242827522971 0.137938814254741 -0.170242777554748
0.0363044285185103 0.248111250611176 0.127944695587974 -0.090299763570554
0.0226103866992974 0.154964923904578 0.397612170297483 -0.114913720625809
0.0604444367191942 0.396624793739033 0.302940836627187 0.60464399243394
-0.363930463992006 0.746655251715033 -0.259047821404316 0.244132087721471
-0.59311040331614 0.64238256016134 0.468863596807437 -0.428912501069003
-0.0252503168162279 0.629007659733436 0.110654390724804 -0.564184944932671
0.193882725873424 0.174610126504028 -0.389969964003617 -0.439069083096297
0.110168630564012 0.0573653059726136 -0.354296020496852 0.255837765397866
0.0539264704309338 -0.0132527622477349 0.105554474700449 0.280253060528322
0.00226966868534822 0.0954938295131813 0.213719556300514 0.0297681063227152
0.137515451388696 0.121807436977533 0.136042066066206 -0.084341435371746
0.21687563086894 0.0736948324261649 0.0588308285363021 -0.129687571216416
0.206344922190725 0.0465053650320876 0.0198087893596778 -0.164321919900592
0.154445694373316 0.0605080593119359 0.101624767120095 -0.209168442287007
0.113887023367804 0.104027165030261 0.219508890314976 -0.0655129233691255
0.0252698014713004 0.0522222256513759 0.00960088722927931 0.00562646047983334
0.16926432706328 0.0896657893635003 0.314423598233615 -0.209566885899689
0.200754206803756 0.358498724341976 0.267960276611115 0.43917921538072
-0.257155967220735 0.791541087454687 -0.11608155571659 -0.0175622182963577
-0.418187832540674 0.518742491986748 0.693378476635841 -0.476569906005748
0.10418218532009 0.395349479401025 0.36884658499948 -0.525356798664367
0.102545547619204 0.0202868588844841 -0.173532193545389 -0.624430016406019
0.0104016033684395 -0.0266850073456385 -0.421476375705175 0.0301879761609266
-0.083805779526352 0.0148130275131457 -0.0574310078612503 0.283494218688118
-0.0348971444629844 0.167804136751124 0.162931439536609 0.14455562427054
0.111743690627068 0.168099590584389 0.184730099562125 0.00250992127627385
0.176646209645127 0.115280415647201 0.132220187171049 -0.0936918831820557
0.144162610183867 0.0888338589025167 0.0789267199914262 -0.165186909940694
0.0519762820807549 0.103124085839324 0.175270003925217 -0.207590751064759
-0.0507281445595937 0.0442892511979653 0.270132082540562 -0.0110207804378114
0.00440767220317603 -0.130090229999922 -0.0499174414524261 0.0527869580887276
0.226115625164825 0.00680097546676613 0.246099349966963 -0.21061569173946
0.304123322480983 0.289323765303978 0.153927539784581 0.257553206756516
-0.190483982671153 0.703050513613852 0.00212221407072634 -0.268509486721035
0.204835513475587 -0.479089473715213 -0.101818819398261 0.447493567662276
-0.302704590906216 -0.25209548431287 -0.0610040735867399 -0.0877320432123141
-0.221493553023711 0.0904210766553508 -0.196015644068278 0.177930633722114
0.0254813514354477 0.238863054672351 0.0923671827882643 -0.0100820476822725
0.194247881656238 -0.002727640704429 -0.249408342323998 -0.019972944988395
0.0723300354777266 -0.172948739299222 -0.166902543740949 0.192754779946724
-0.0611750382836187 -0.162722149326682 -0.1132246239944 0.131782218793876
-0.108215673121556 -0.144459326272324 -0.181477108810059 0.0204931561780804
-0.0792752067717392 -0.154298149827867 -0.232195742798137 -0.0892848582800803
0.0349040847683259 -0.178435852911331 -0.13600029010765 -0.244267642413668
0.176127620036066 -0.0445345068357146 0.163871494286033 -0.280406109278467
0.059048973802578 0.122464680249689 0.456363251047978 0.0666504770744057
-0.0621547603327042 0.0666845079736153 0.113795724109599 0.698089519576542
-0.241238246315506 -0.0905412566540335 -0.523948509267151 0.574896030623302
0.108494852826292 -0.365167760065658 -0.816852343918237 0.509276073867671
0.147522853814121 -0.153872714692299 -0.18117294651886 0.491566227827973
-0.167067620590096 -0.193804576779195 -0.124383591503182 -0.000676126064932468
-0.226415676860259 0.13906080725792 -0.201759431077787 0.233489175784932
0.0988055261590535 0.315581335184345 0.137214532224889 0.083752393842874
0.326829366102282 -0.000738245300326486 -0.150126325929661 -0.0245222017822898
0.167544594549465 -0.231025407045585 -0.116464113633599 0.136381385387049
0.0160263009446432 -0.206757117462808 -0.105013320508291 0.0672683502548563
-0.0253648564060406 -0.147460534917078 -0.205513244319736 -0.0324474138717912
-0.0222255806597195 -0.114864913192961 -0.257317683313712 -0.150422279461113
0.0428171098269045 -0.130243439496664 -0.136271245482178 -0.314754982862152
0.201153868681376 -0.0320274798644215 0.20395706822503 -0.32447555256446
0.0737475755265964 0.228257845529667 0.468275903666992 0.0804644714381452
-0.123912758992703 0.0752478951425644 0.160241400637334 0.638831659413695
-0.246259309335357 0.11586913914283 -0.493863529127555 0.675233690132409
-0.181033378562036 -0.137489957813341 -0.853300580628307 0.543363965611466
0.0146498112681882 0.218833446391402 -0.21745803063278 0.392639143927578
0.0501108981960691 0.00273161625299154 -0.22689847111625 -0.055868170760521
-0.139984220915143 0.101681713023617 -0.32153768744275 0.280479800004894
0.148659408343223 0.335565888673215 0.154053757709199 0.255494204824183
0.404767018109031 -0.0139861441212744 0.0174402849923099 0.00443893824803831
0.2205072983471 -0.254319485317542 -0.0172114864159314 0.0443443518170142
0.0778517892147345 -0.213460535983513 -0.0727323248251899 -0.0216659696094814
0.0607275757085032 -0.126781727352291 -0.198112722017629 -0.0835410372768282
0.0549368703147805 -0.06393944087365 -0.256581645762019 -0.176143259940556
0.0709629536021319 -0.0567821802581969 -0.159022161653563 -0.330512464376324
0.205373868495511 0.0209811110861932 0.175068519351807 -0.368376607251378
0.0742621413351702 0.314823621796422 0.475381602104115 -9.95228715761963E-05
-0.213345557762815 0.118449083686345 0.269791675781456 0.510042209458774
-0.222969361846566 0.220056772902202 -0.292326937031521 0.767059233017777
-0.379371104734054 0.117965262009788 -0.77374305640985 0.573926874813493
-0.211752896139961 0.524471989943886 -0.171270557760565 0.178781337607396
0.154750882897854 0.31529678219858 -0.286470717651408 -0.209428959318978
0.0440817138998989 0.11379350583109 -0.477728532798073 0.223252936310343
0.198093176435511 0.284174584856362 0.0803716639003797 0.424780264309622
0.410365198508034 -0.0316922295256043 0.181704479962803 0.0778208828816143
0.213405177727051 -0.223146936499195 0.100434479914645 -0.0440071913747907
0.118423213525124 -0.168699983363712 -0.0252923027641673 -0.10677197315189
0.13741487531427 -0.0869863248974652 -0.162796135711317 -0.122673058248981
0.137877183181039 -0.0205078824682897 -0.223319164577185 -0.171260163155744
0.12902919192058 0.00785930680932875 -0.157173083770797 -0.305156940639481
0.224116582755179 0.0996087461144732 0.11771470696803 -0.367169645284974
0.0586357499026834 0.372003389064753 0.421845673337206 -0.109558043281597
-0.233381396335758 0.170106375587515 0.395834932723023 0.324369176550047
-0.176273777599339 0.295266536392858 -0.0282698363501174 0.793035054762029
-0.462732911614923 0.37232312063541 -0.619004449696651 0.555787304921231
-0.448550412401654 0.688660334767184 -0.0237829603559513 -0.079696596511982
0.0891570663868926 0.577484505726921 -0.26138372299096 -0.396786618645171
0.182738066788249 0.210748619779448 -0.584034635911178 0.0527091153747691
0.241539392542053 0.214629524083172 -0.0601683181699939 0.506015905302175
0.344213030301921 -0.0465062382904474 0.26910666459007 0.17552274435781
0.154771457717939 -0.137197972688773 0.196718797184846 -0.0865736874565182
0.144116648629117 -0.0752814369627116 0.0295831490470555 -0.154498655916991
0.193930039068694 -0.0354481986448578 -0.0996769425328645 -0.147161169804824
0.203055526014803 0.00481067150121297 -0.154595515316497 -0.162124863541412
0.189998819890531 0.0366389210858837 -0.108722944970666 -0.255384381370271
0.248734740974665 0.153758419843125 0.0914443331145993 -0.289491027959083
0.0472952354471428 0.364017181012658 0.28714045195441 -0.153353176081879
-0.140905293771031 0.192046452815226 0.447413378877507 0.0893748436867692
-0.0783180908702367 0.365414960418765 0.202483554947016 0.73174377239364
-0.438595842704372 0.597931923227477 -0.431312432902537 0.446564772814078
-0.62126831211594 0.691464569436212 0.208536195029587 -0.3010410652509
-0.0254104217084309 0.687910321967723 -0.122403837240038 -0.535845387584339
0.227953273035923 0.26411252191345 -0.565301221272304 -0.194959500748862
0.217131215075472 0.138966297968848 -0.233241847486235 0.446056548104332
0.215222750530714 -0.0417950477437148 0.239835894415963 0.248344208068657
0.0731205049900456 -0.0191494054903337 0.234077743991188 -0.0608249152147583
0.149495419851201 0.035043816255695 0.0825898652959488 -0.1474548647367
0.221702620607869 0.0204465823757574 -0.0239508217251469 -0.14926411089673
0.228417964417777 0.0209808917788544 -0.0656922311092928 -0.158126600038195
0.207090876714174 0.0401279405676649 -0.00885426406570838 -0.220192364369639
0.224331521628142 0.149928113793915 0.137702495293926 -0.170460858822289
0.0371744539056844 0.248379127471609 0.128820558566894 -0.0907539267988745
0.0190612189396971 0.156068222345355 0.395052375524863 -0.120117866932227
0.0581429652384976 0.395836677123813 0.307492525347908 0.600820925507668
-0.352623317484072 0.749741168759949 -0.256329481602305 0.245212327838199
-0.630105605997544 0.612740517998952 0.471176422601342 -0.427855448810347
-0.0235420441046313 0.62723083663934 0.108267151175336 -0.56314243446756
0.19589221073537 0.174533161178488 -0.393863864423294 -0.438849251984353
0.11054974702839 0.0572019501839394 -0.352089039994823 0.256132417912099
0.0540675516301436 -0.0134308287943461 0.108386339039175 0.279772651094367
0.00345822860465581 0.0963783845401978 0.214975022745338 0.0275812565553625
0.138674259794061 0.121387647932463 0.135325337530499 -0.0857836924938177
0.215996558589695 0.0719307715019645 0.058678208749017 -0.130560495490968
0.205973522152835 0.0447906668547293 0.0185132358740633 -0.163630845648458
0.155355743659919 0.0594085514249953 0.0995044002359679 -0.2099739681465
0.11502163128469 0.102792767008514 0.219618278282735 -0.068167901234533
0.0263938091828614 0.0522707744144473 0.00978023979839495 0.00470494983187399
0.169595741614779 0.0889606044217398 0.314391018583293 -0.212914393353626
0.203093478378439 0.356584335504957 0.271498168693289 0.437367008017412
-0.251791321924358 0.793264970236365 -0.115437161402267 -0.0178301076470346
-0.434399376890387 0.506526323268608 0.69628527706715 -0.473521509438472
0.109866355679977 0.393407816589739 0.370066331267281 -0.524378859736128
0.102403902768048 0.0207478391218912 -0.173721926721412 -0.624337561353271
0.0105877966071477 -0.0265522438072999 -0.420289250551487 0.0332624807726578
-0.0835917643218873 0.0152282185729414 -0.0520551075889975 0.283874873927512
-0.0351079709668163 0.167905419537937 0.164554266632259 0.141404295479482
0.110536542899141 0.167725180556647 0.183293723901699 0.003923345408849
0.177415151430082 0.113421462061226 0.132054332218306 -0.0925199234648473
0.145516315588312 0.0861058143782517 0.0801944035446819 -0.162347362082881
0.0534613725118623 0.10161821408437 0.166773205621437 -0.216301090684847
-0.0501731294302989 0.0442656463785801 0.271138116759258 -0.00969940962956762
0.00425514231169728 -0.130603341162704 -0.0477063613938121 0.0524271282151678
0.227051524004383 0.00177421933994275 0.248116788027858 -0.204705006446282
0.30921491036831 0.283451510377728 0.155883351386576 0.254401032010824
-0.175705361346246 0.706232407029375 -0.000869677908405246 -0.269356062786279
0.20294908295951 -0.47928991453493 -0.099383532863303 0.448236143953419
-0.30511356783148 -0.249222101640092 -0.0606885024559234 -0.0860994052785646
-0.220055645053885 0.0916379006711689 -0.195637150091422 0.179199503059208
0.0280953806298755 0.239028817750702 0.0923329378242822 -0.0104986349028492
0.194414925429282 -0.00421158672708682 -0.249234333174235 -0.0168637936593033
0.0701182229656628 -0.174463960888822 -0.164339811049636 0.194778476041099
-0.062498089835158 -0.161946471556522 -0.111449351907929 0.132331528470212
-0.108823347617052 -0.14263854123962 -0.181413862218498 0.0220274500147636
-0.0807551870975756 -0.152823364429001 -0.233280457540118 -0.0873526884112735
0.0332981439539751 -0.178918844434178 -0.137114064901724 -0.243781010133632
0.177615373342685 -0.0461518074143765 0.160734758331732 -0.282307074459072
0.0600200447105596 0.12285991499036 0.456080184888949 0.0634561386425124
-0.0621895926699683 0.0670038966797487 0.119605597846119 0.696380915293316
-0.241201073383755 -0.0886690821268054 -0.522417989503696 0.580468861665441
0.105116041440986 -0.368003512191265 -0.81461368789836 0.513814098151694
0.147249216307941 -0.154017899399292 -0.180407687226165 0.492509176512546
-0.169191000876047 -0.192763609527197 -0.124299104129985 0.00029446850290543
-0.226035016526632 0.139733624612343 -0.202236336933295 0.234837621673843
0.103007822938983 0.315938578568046 0.137060149154013 0.0828843622644677
0.327403340403227 -0.00445521585705462 -0.150507032417018 -0.0213212803347234
0.166546968666966 -0.232105669302386 -0.114605355526339 0.137586110116208
0.0142032564891426 -0.20647131361267 -0.103633751487428 0.0688076409775374
-0.027541669144224 -0.146814091943043 -0.205915558440203 -0.0321705340321424
-0.0231377078355386 -0.114066874432829 -0.257403651986599 -0.151058070328828
0.0418567069684384 -0.131460590466203 -0.13983044305873 -0.312618867445727
0.201859445819258 -0.0338023355628163 0.203266577643146 -0.325802507417552
0.075803114242283 0.228204000797359 0.470125545637303 0.0788901359985134
-0.124140768409884 0.0742883195156863 0.157090597755491 0.639527662578636
-0.246235662113453 0.119190233234292 -0.488927352638073 0.678813540835071
-0.183061271523658 -0.135234464046164 -0.848340939578362 0.548622162667423
0.0161163985406664 0.218497604614898 -0.213941727988358 0.394663461060038
0.0495159392871695 0.00263514914019491 -0.226568792118274 -0.0541460113587579
-0.13841309669266 0.102326507983023 -0.3194555418734 0.283011635589547
0.15273444077073 0.33385824975544 0.155985138679379 0.254675399068019
0.405188456603251 -0.0184121689383023 0.0178987229719433 0.00470972144685027
0.218774377995812 -0.256267104286196 -0.0159902156080626 0.0451302497865643
0.0762878354866778 -0.213547915601155 -0.0722702316789323 -0.0206286568232504
0.0587914435358821 -0.126269959435028 -0.198506396142826 -0.0825687810022819
0.0541604383030051 -0.0638035421860693 -0.258211392325075 -0.173854527791655
0.0709236026076623 -0.0579460878992219 -0.160419355411948 -0.329525256740711
0.20550554688193 0.0191580634382781 0.172238334041215 -0.371204422973261
0.0773682913389139 0.315014573934982 0.476181097016793 -0.00339511393728081
-0.213580687636059 0.11984583906239 0.273101106322081 0.507341068324733
-0.222097005984032 0.222143677015689 -0.288745014001812 0.768606209586552
-0.37999508342672 0.120998883428768 -0.770916219051488 0.578076695444752
-0.193781713876697 0.530681024711745 -0.169161328986462 0.18027629719709
0.156917307849328 0.313706284345354 -0.286614420576088 -0.206925105040258
0.0449411641517582 0.113778878688676 -0.475911060639523 0.226220207329491
0.205321127299588 0.27986436835405 0.086419725311844 0.425169549730696
0.412002767982054 -0.0388239459001501 0.183866193925099 0.0781821352297926
0.212019757159388 -0.225041121315948 0.100936038690346 -0.0449070265787951
0.120349755133455 -0.165843675746646 -0.0261834926858711 -0.105630836141379
0.136507852835293 -0.0873309567989151 -0.163179984408484 -0.122263226804906
0.137751328874308 -0.0224124557100435 -0.223921356092037 -0.170977371619575
0.129463954297241 0.00392463276657516 -0.159511878570053 -0.304086403507657
0.22648749001046 0.0971123116346577 0.111228635940289 -0.369119281920531
0.062867275029615 0.371172311735642 0.421450386519662 -0.114589437289061
-0.230848751212867 0.173725978880174 0.393040885371763 0.325781119236438
-0.173444718453137 0.298223175347397 -0.022591241468114 0.792226835809971
-0.457011642418547 0.380527093566861 -0.614834180852473 0.559824960236503
-0.468063636592592 0.676291748026081 -0.0234259164595475 -0.0795843438348518
0.0912681031877892 0.577306496239679 -0.263615426644425 -0.394182970774682
0.18385316154888 0.209462367894788 -0.583990591644938 0.057412688178316
0.245419172763656 0.213504965847027 -0.057756881896713 0.506430265601322
0.3446610897935 -0.0493684346852396 0.270482700906045 0.172378363724021
0.153319020247893 -0.138005729915811 0.195618208466422 -0.0880266151706413
0.143093683891668 -0.0762870322637555 0.0279767913607387 -0.154167644696607
0.193190888273193 -0.0370603901646224 -0.10158159882521 -0.145451221152179
0.202927446108314 0.00314480069695856 -0.155745542281826 -0.161389922080419
0.189839341140806 0.0346818026369563 -0.111165293627288 -0.253984894291251
0.251205155711027 0.15124025146048 0.0885093624116571 -0.291530683536869
0.0502620300161229 0.363697671902354 0.286798776011849 -0.156045220760719
-0.140072613154313 0.194243991179136 0.448792385009646 0.0873146213667538
-0.0773876822948103 0.366159196525709 0.205478557721453 0.732591470684333
-0.435866902215703 0.597931373604683 -0.42930343117039 0.449947244922152
-0.628476983967801 0.68682982409283 0.21123081657605 -0.298946669522307
-0.0222150818455631 0.689079546685402 -0.124211395757671 -0.533455242860277
0.22623241549499 0.265442625410885 -0.567090921634221 -0.191203099443314
0.218416485846416 0.139534686709521 -0.219448253559281 0.450531370887107
0.215209541288152 -0.0427995794902685 0.242782743501898 0.245649009759827
0.0723025654830391 -0.0172571484688644 0.233998159369047 -0.0622491464817914
0.149570480102795 0.0322819312390974 0.0838589370948975 -0.145628520967592
0.221907218109608 0.0170959408630381 -0.0253088616010221 -0.147604980249047
0.227250054312227 0.0186093913561642 -0.0669939107067004 -0.157787053644152
0.206440046670032 0.0399374537660723 -0.0150436598331143 -0.220921518372512
0.224636729019982 0.151095721757283 0.136524461213103 -0.17192839882618
0.0414594475205571 0.248101304998411 0.127306973769945 -0.0931912885647413
0.0236931186265114 0.157177336578535 0.398735222922035 -0.112651001004073
0.0630414454585993 0.395710688137863 0.31399804395137 0.598536339880186
-0.340771397628332 0.755183327693824 -0.254996502378504 0.247378514567679
-0.63115424139922 0.614862508317968 0.468425780083997 -0.429820939519107
-0.0189285471667542 0.628545207932413 0.105886720169858 -0.564045661204739
0.195652228787308 0.173206231271477 -0.395541715527776 -0.436644303894804
0.112143901617917 0.0564459834988256 -0.34991312851197 0.257915143464429
0.054907761042314 -0.014273631664786 0.110866347322363 0.277778498498589
0.0032050956200888 0.0955597806337109 0.214148538134401 0.0253751970908449
0.138567208338905 0.119857102847876 0.135196123217867 -0.0855040270484443
0.216546494467011 0.069449426996806 0.0573452592277963 -0.130562860486355
0.206011512717348 0.0432575782217994 0.0163718563257432 -0.1636416288358
0.155536605956168 0.0573213770681465 0.0969427272372412 -0.211855058598805
0.115817718250839 0.101498144137053 0.218666048242597 -0.0702343024995417
0.026936295036886 0.0518822639429303 0.0105678230973124 0.00450304772961207
0.170577281122904 0.0883452055266751 0.312721198953075 -0.215405419009965
0.204286328262411 0.354879780669051 0.274713904795319 0.436031788234952
-0.243953021987505 0.794792441887628 -0.115549404047938 -0.0171391214117937
-0.439047158257154 0.500944823854909 0.699157025812131 -0.473501224476963
0.109116969235143 0.392679945689188 0.368138627130117 -0.525665925302747
0.102493070543549 0.0211543258589606 -0.180926768457778 -0.620444517346726
0.0101093070344389 -0.0262351264407533 -0.417718744282576 0.0439110889716207
-0.0832072387923774 0.0160597831326544 -0.0489451214203083 0.283410576225337
-0.0350597284417364 0.168423716343067 0.163686406575606 0.141815637417197
0.113884567095815 0.165114113617452 0.184106024829258 0.00836974355054277
0.177911067157229 0.110502482623069 0.131422978345755 -0.092313432110251
0.145527786185799 0.0854639915376382 0.0774241288004714 -0.165158750630875
0.0523062047599 0.103429848413696 0.16562701763877 -0.216067045079059
-0.0502731186410454 0.0451774166741719 0.271457296664394 -0.0129258345298508
0.00189840445662335 -0.130662509717132 -0.0467240362067737 0.0527013749618744
0.226699956040767 -0.00671445888207943 0.246184908176308 -0.209393621759224
0.313533791917942 0.278824198363392 0.158087883975121 0.253627494085129
-0.172006088676353 0.705773523736181 -0.000807664232776576 -0.270688223321046
0.198963695491004 -0.482307885972094 -0.0975462481383387 0.449646569954518
-0.307725555870473 -0.248337193267271 -0.0627882191113988 -0.08631736992037
-0.219370488222955 0.0940706769577574 -0.194499581871943 0.181024138905782
0.0301481698704498 0.238336506942578 0.0923887951045607 -0.0115453740027833
0.194519884398763 -0.00538986768518555 -0.250840061392394 -0.0133212291339305
0.0692891817424309 -0.174616539309374 -0.163067054333025 0.19672239917195
-0.0637467398301764 -0.161120984497818 -0.109803007582195 0.133361861385835
-0.109543793789507 -0.1426875589972 -0.180579695994345 0.0244989024415915
-0.0820202916402363 -0.152918788294572 -0.233665060658976 -0.0846994369225605
0.0328466372198633 -0.179377924293917 -0.13887296557767 -0.242991540865658
0.177276093716842 -0.0481378457276821 0.158375516003229 -0.283390940426417
0.0601803003367126 0.121723303704941 0.457567615492378 0.0621209682827169
-0.0614925181618837 0.0670700039591262 0.122577392003732 0.697414397727401
-0.242104408638247 -0.0871114372948951 -0.519159594268981 0.584757148717203
0.103083777107773 -0.368039031033552 -0.811541959911577 0.518989165693595
0.142744561969967 -0.156806425422609 -0.177439129689433 0.493859167679603
-0.172078573712862 -0.191555037194294 -0.12402959453556 8.59583249014349E-05
-0.224894994640781 0.141991209236295 -0.201065935869146 0.235662067739083
0.104411868035767 0.314838141820796 0.138587739857623 0.0823328168434483
0.327727426761521 -0.00549822835807036 -0.150793735213721 -0.0199388570708015
0.165425272380496 -0.234333586040035 -0.111714569536109 0.138942054338132
0.0119226537988944 -0.207178753489379 -0.103627410678881 0.0691668903119705
-0.0287490305046604 -0.146834525336875 -0.206067001216341 -0.0317967894042262
-0.0248600148027989 -0.114019430012703 -0.259058776850578 -0.148187651115202
0.0406109367442467 -0.131583569365413 -0.14420077747092 -0.30956896521969
0.202626767579503 -0.0356266499452433 0.200226853472184 -0.327415288418068
0.0765863693810784 0.2281953140433 0.469071478891753 0.0717060241916087
-0.124102789035474 0.0761975146658871 0.164010646919088 0.639293340733716
-0.245177881502426 0.120794501529946 -0.486292833952245 0.681614692694832
-0.183975230255511 -0.134126421885576 -0.848218270501652 0.553261741212866
0.0133338708909364 0.218313879694756 -0.213504179771844 0.395351219404035
0.0484157318409358 0.00284744041582916 -0.226270183058486 -0.0534492392206537
-0.137739332522233 0.10303707735853 -0.317952666127781 0.285296196932705
0.15548418154825 0.333176010314205 0.157901016869391 0.254142607672856
0.40470877684854 -0.019775547073275 0.017739497945397 0.00537117101203319
0.216657093073678 -0.259806927372446 -0.0156869071103133 0.0452420256718088
0.073230284625481 -0.214600416646037 -0.0723405822486096 -0.020019091167777
0.0579327193996637 -0.127168796364178 -0.200132569507866 -0.0805121613061114
0.0535514790628887 -0.0642811862737357 -0.259584773607998 -0.172524515576315
0.0703152397358531 -0.0587303608435019 -0.163718259197237 -0.328231097699166
0.206509586389921 0.0167171521273472 0.169091572794111 -0.372677837448344
0.079341109844907 0.314355096650415 0.475841059830439 -0.00756907397992535
-0.212981267570616 0.121899466692408 0.276373217255114 0.507907809703399
-0.222040172999858 0.223784228185185 -0.288500720980174 0.770193029508926
-0.378412553983521 0.122423025140721 -0.771369668190998 0.580825249081856
-0.200471305437123 0.528125080238405 -0.168287526357568 0.180819828018598
0.157921098360206 0.313992203866453 -0.287468754365558 -0.207624186860468
0.0451647466679918 0.114283781860439 -0.475028268116694 0.229244168154877
0.206830437410955 0.280187524549544 0.0930434286349265 0.423193055546122
0.412597789987296 -0.0426050037511847 0.184016930370527 0.0770951010255609
0.210887230595569 -0.226383756483917 0.100805632889616 -0.0452762407058119
0.119174253150576 -0.166286426270182 -0.0269822790714105 -0.106270640749964
0.134816431601044 -0.0889059308119724 -0.163898489277334 -0.122346854522599
0.136570996693674 -0.0232581785397889 -0.225566937341903 -0.170708105437137
0.130223148848283 0.000274019696772239 -0.16767350317286 -0.298851130930658
0.229108230426657 0.0943204773087019 0.108841401217728 -0.368987362032358
0.0678546880382973 0.372486169452305 0.420473610436729 -0.117110001579997
-0.225924735937698 0.18297461910089 0.399800217331638 0.319418778675267
-0.172063331698761 0.299398499997941 -0.0180431984580866 0.793359721634007
-0.457706102417321 0.381654211357949 -0.611752805355797 0.563086550960798
-0.448445735051833 0.691773434586113 -0.0236332820721018 -0.0799120668673142
0.0944132645776857 0.576737627691247 -0.265988678943735 -0.3931005803043
0.186378934150487 0.210065286607845 -0.584713943834951 0.0602152757396984
0.247564381032975 0.211219094680308 -0.0548227454903753 0.506211598498742
0.345522341462373 -0.0531796061592751 0.272585004682369 0.171901075243903
0.152431654850727 -0.140385996815509 0.19518312033039 -0.0900750990754923
0.142937627879863 -0.078574697773141 0.0263010451180089 -0.155391392073763
0.192083170385956 -0.0392883440899029 -0.103174604230014 -0.145180297209121
0.202782658329246 0.00131575271895693 -0.157829396421039 -0.160114816183045
0.190459159436314 0.0330172908655826 -0.112392990423023 -0.254557775074672
0.253909291650774 0.148962141017847 0.087042731847055 -0.292550432745933
0.0540105237658166 0.365141393066633 0.285627985698735 -0.159347262069668
-0.138354018071809 0.196665485753527 0.448587701988375 0.0835981688685228
-0.0753600874814585 0.367357648220071 0.210281896679049 0.730081224297156
-0.432892797627776 0.603127976276036 -0.427142475037799 0.45346655103071
-0.593405300229079 0.715915944482534 0.206046196227913 -0.302877887306444
-0.0181941252975319 0.689132060010443 -0.130181442134035 -0.532017189468366
0.229221323361918 0.26368294369491 -0.568810797633377 -0.185264579364528
0.215766671623146 0.141408429814484 -0.216079466379062 0.452503513590847
0.216502489323174 -0.0422117871513475 0.245531172815153 0.245737023444379
0.0729417451768039 -0.0190467877495198 0.233501800170013 -0.0632910524881533
0.149396311832891 0.025089033707803 0.0817646088219201 -0.147328573789465
0.220779491257732 0.0142953596186373 -0.0261737921075066 -0.148618949901747
0.227313234505635 0.0186854943720215 -0.0705598678671601 -0.157607036631241
0.205645522791857 0.0462260907621738 -0.0120304866341383 -0.221281385069717
0.226471844286544 0.148817119982687 0.133446312212759 -0.175749516241188
0.0452945766030443 0.249223809636076 0.127700058656942 -0.0962837107458044
0.0291532214820108 0.158612561979881 0.399170182011528 -0.112798835809778
0.0672782294203265 0.395497884582816 0.316092780664195 0.599037156131924
-0.345445017711542 0.755774643199954 -0.255545385805879 0.247035979775307
-0.586237181817411 0.651894443934187 0.462967161620165 -0.435346354831824
-0.0140333077667653 0.628323324284 0.102689778172416 -0.564869801453538
0.196747799730953 0.173025626558399 -0.398253198355531 -0.433665642788076
0.112047366135088 0.0560543322808874 -0.34816588125169 0.260236676353932
0.0548885972530845 -0.0156351230296641 0.112730397686381 0.27786591862413
0.00399588534486105 0.0948528014042351 0.213715394941114 0.0235922291372517
0.140246328455794 0.118172116500637 0.134376412223769 -0.0873304953917498
0.216565642831155 0.0684870220592691 0.0559390568262581 -0.130488377747145
0.20596007711717 0.0415977792649417 0.0145318940844301 -0.163935874868439
0.156301146005263 0.0560883405341247 0.0941768080565298 -0.214172942809637
0.117592209732649 0.100823217804989 0.217164309357701 -0.0728188428612781
0.0275138788990978 0.0521468695639356 0.0110550693829725 0.00412965190243437
0.170783023032822 0.0872575052925782 0.310934756325399 -0.217455005314419
0.206456235497061 0.354826004926057 0.276329802896672 0.434334194133381
-0.241050538018772 0.795512344713179 -0.1144544200688 -0.0168093115927436
-0.418394469983591 0.51701556022712 0.69054329736364 -0.480707685763046
0.109711398389739 0.393675249323682 0.364076973022352 -0.52973825785256
0.103027667764818 0.0202227589096625 -0.185769461598963 -0.618595224407666
0.00943863625718379 -0.0265113232731903 -0.417269041446709 0.0459518353860072
-0.0838134680187027 0.0159864364043913 -0.0484055316054717 0.283859113629015
-0.0323397493762939 0.168881903491569 0.164469016951458 0.141067536765507
0.116150085965697 0.161690200177108 0.183793308137467 0.00315121499630259
0.178189115269602 0.109684941302371 0.129269480860236 -0.0951726277121801
0.145064795633788 0.0853259321539477 0.0725069550433063 -0.166812596378651
0.0534199678218257 0.104471890295379 0.169151705747138 -0.212376955831578
-0.0494409588028514 0.0460559413563684 0.271962174392556 -0.0189945236627042
0.000254061075418 -0.13044382476055 -0.0462932702087228 0.0524264369281174
0.227292770368325 -0.00425716901035732 0.240394787366145 -0.217595103639224
0.311157389366421 0.281473421946683 0.158748268344487 0.254785835751547
-0.177786558766829 0.706609089178914 -0.00141647275878065 -0.271040220702622
0.193445108193521 -0.483520220216247 -0.0937836061768189 0.45240190430887
-0.309526384655291 -0.246321478596954 -0.0622150859566073 -0.0854018166587407
-0.218742890026988 0.0961356923438801 -0.193766962956278 0.182783894692685
0.0340886606143116 0.238738909617654 0.0921368312322789 -0.0117678643867856
0.19443072351731 -0.00738735364551295 -0.251074641799776 -0.0111592951497301
0.0676631336350902 -0.176057596210504 -0.160255441813336 0.198364582682578
-0.065569208439831 -0.16103281872483 -0.108303048303689 0.135530031408391
-0.11081700256383 -0.140833708459692 -0.181463833762431 0.0251892547718776
-0.0833453208006551 -0.152435717599802 -0.235490248723557 -0.0834628911820128
0.0307181586285294 -0.178863728591542 -0.141230276164475 -0.241372933243941
0.177682668218422 -0.0487123872029519 0.156483131363688 -0.285724484382168
0.0607009361975225 0.12215536281377 0.457385470986552 0.0589313704315505
-0.0610146566914918 0.0676047434959967 0.127000215423774 0.697104446522817
-0.242478192066685 -0.0855224853437043 -0.515251121997654 0.58648706571011
0.101003848383214 -0.369805082156188 -0.811499629385515 0.526764817625611
0.141484901148619 -0.158832477115573 -0.172760020115584 0.498555557245892
-0.174416912289916 -0.189518224776627 -0.12409625109289 0.00175649924981571
-0.223266147690271 0.145462330449772 -0.199600692359325 0.237670575108299
0.106683984988687 0.315381712422605 0.139512068931312 0.0819200437623493
0.327777264189433 -0.00749512673017778 -0.151925239939478 -0.01684485917692
0.162153425670257 -0.237657455780855 -0.110772831346929 0.140957903734082
0.00910620150222233 -0.207621872452865 -0.102994291017212 0.0702353808015364
-0.0304588725128729 -0.14651346802701 -0.206707102597271 -0.0288440016210044
-0.0251165945101052 -0.113546637257995 -0.262393302083424 -0.143993970752804
0.0399674501488771 -0.132230609226086 -0.145962467364592 -0.309465924256003
0.202477681586416 -0.0361333184402821 0.196982164246709 -0.330169084815233
0.0793832902197651 0.228399506812436 0.470620548607509 0.0700227365721482
-0.123100286869358 0.0789401048464174 0.171684140008125 0.636788481264415
-0.246149104834808 0.122297613473171 -0.484806708184121 0.688729179663666
-0.184320602321349 -0.133409867828891 -0.846861004651429 0.559317204259219
0.0135159011717477 0.218847762996756 -0.212032709284387 0.398139558499549
0.0481016748141675 0.00414201782501855 -0.227115841659059 -0.0522326101363982
-0.136215523365864 0.105677124640035 -0.317886613192264 0.286907984813438
0.160080349414932 0.332654434236033 0.160523709119033 0.253882672074709
0.406662025128877 -0.0243499870965152 0.0171407003764988 0.0059995951285481
0.214826718054625 -0.262732610891777 -0.0143952520613506 0.0456398179301856
0.0709560347392394 -0.216338608661651 -0.0723669952941032 -0.0191949784768001
0.0565989931545383 -0.127990159168512 -0.200993085944876 -0.07957915000909
0.0531908966114388 -0.0646639019340988 -0.261829491262062 -0.170935134413855
0.0696111183408695 -0.0592445016647647 -0.167028491271998 -0.32675813410226
0.207345446709593 0.0148524847126436 0.164769381558891 -0.375430127591468
0.0830174324278832 0.315507152213524 0.476435731617468 -0.00961639270642054
-0.21289995130023 0.1244551369395 0.278782004781464 0.506998615005117
-0.220747897581918 0.225747405044846 -0.28060476259935 0.774144450329825
-0.379982167832461 0.12571142158715 -0.769948684890437 0.589556823522289
-0.210999826758563 0.526540617299103 -0.167978801491345 0.181668656091857
0.160310393040041 0.314159912277467 -0.289506201384028 -0.204565384716265
0.0475462543694695 0.11440332953014 -0.474620982711261 0.23267382312289
0.206049043528008 0.28180542811813 0.0927855950032375 0.424572704969598
0.412444376248724 -0.0412642894466392 0.185681093970943 0.0763189416845602
0.207860049654428 -0.230755565584297 0.10009514120202 -0.0470925245826922
0.11345722442248 -0.17272302306297 -0.0267790277082777 -0.105685167474973
0.134508930655539 -0.090769773627641 -0.165801627042438 -0.119903701443944
0.136836197071789 -0.0242143405742567 -0.229021260750413 -0.167979313931742
0.129604918580334 0.00214447487735211 -0.169996777120877 -0.296837692494069
0.229447174676208 0.0933419725252188 0.107770040299939 -0.371178152026474
0.0701176965311467 0.373779301399934 0.421758670448659 -0.119589498693177
-0.227138315836757 0.184888157249976 0.406717974094318 0.309927937680433
-0.173071142807121 0.300134866674364 -0.0143757185584254 0.793501699887632
-0.45867667601299 0.381012223238842 -0.610338345405428 0.570197738952823
-0.418892841096457 0.708700455673743 -0.0257644476705622 -0.0796661952662865
0.09783855860151 0.577687794791324 -0.267498597940087 -0.391417011404349
0.188378192553827 0.209214530579402 -0.584826407835016 0.0638565106544272
0.249955790507621 0.210434440327461 -0.0506890699209909 0.508294775014366
0.345985868279174 -0.0567484303828537 0.27467437271788 0.170860288440068
0.151378697769214 -0.141842816071999 0.194333777321371 -0.0917610351814603
0.141764982106113 -0.0794639000205979 0.0249026287042336 -0.155498515934102
0.192403238702157 -0.0406471106399153 -0.104943502704749 -0.14446914683591
0.202609155272768 -0.000804073514338646 -0.159320883250555 -0.158949351266713
0.190595097284605 0.0313836146631471 -0.115192563397177 -0.253459865436537
0.255489023725725 0.146877223214322 0.0842836613845582 -0.294067413561936
0.0591716732079213 0.366182272674926 0.284872165051158 -0.161473007007879
-0.137529565417197 0.199231975920186 0.450354843615084 0.0808128323190338
-0.0742133577673325 0.369241454270199 0.215907985415676 0.730221450446458
-0.429400241592876 0.607458877878515 -0.423419547244005 0.45639417837939
-0.575090195685971 0.732377684206813 0.198744570037437 -0.30731836174241
-0.0113089392341578 0.689655976275361 -0.134609131777487 -0.533371817957947
0.233445568810474 0.261944709922386 -0.572223231926768 -0.181018756111563
0.219014325534328 0.139394175328079 -0.220371552379542 0.451123880100098
0.216480695265201 -0.0458448952119628 0.246892799841768 0.244930989671064
0.0721566736462347 -0.0216387087603746 0.232601978943589 -0.0670005375189825
0.149475434652672 0.0260067102379708 0.0781946538709279 -0.150160659079498
0.221678109629589 0.0144854701030696 -0.0290917115943479 -0.1485048134607
0.228275175079838 0.0153749371318929 -0.0730236846309732 -0.15816807157049
0.207936383477487 0.0410795996908642 -0.0126006137939352 -0.221278049008452
0.231569435733049 0.142893306362295 0.133140298337458 -0.177969572945976
0.0474927688480761 0.25031577375846 0.128128208732058 -0.0958846162091594
0.0265035970603659 0.15921294371042 0.396306636451137 -0.127886963546557
0.0672161106726163 0.395439739380078 0.321640136256228 0.596552832334746
-0.344302005807666 0.756607557551725 -0.252650509378893 0.249370429549447
-0.581852597785958 0.655702218406219 0.459586229666946 -0.440594379851546
-0.0112205626479932 0.630374639500892 0.0986234930995165 -0.566535615195461
0.198826666723829 0.171572107763053 -0.401931030814075 -0.431092546318585
0.112020354011663 0.0555533219394872 -0.346041086186698 0.263338408104612
0.0556893203752409 -0.0161338808425538 0.115305240537305 0.276837960083937
0.00441074550625636 0.0955149860971655 0.214411561210633 0.0212323442550242
0.141512601493001 0.118010644583946 0.133506269939139 -0.0887148973775976
0.217309271139514 0.0671463492495049 0.0546545144176397 -0.131260917112618
0.206075916399948 0.040037881062538 0.013094940435378 -0.166274390179002
0.15743470583894 0.0550675231300688 0.0925800076859602 -0.214747155546757
0.118678766130277 0.100350322466771 0.217540212961027 -0.0764689222895317
0.0293781831110147 0.0523537919127512 0.0112558688620141 0.00333768875201836
0.17235910893325 0.0863541602136971 0.310344103761001 -0.222119487955352
0.20971134532758 0.353484659493831 0.281755398583475 0.433403457021092
-0.235393096557091 0.800212176090654 -0.115854966055878 -0.0167364884668064
-0.406080428492022 0.529022760894093 0.684635534643742 -0.494384120318417
0.114932666899819 0.392402106098369 0.358963336675351 -0.532454034456565
0.102792430580725 0.019260539573713 -0.185369478875848 -0.620977970244637
0.0101071863446223 -0.02641461247756 -0.419982347076593 0.0394837127956959
-0.0834816071960859 0.0156540718188949 -0.0467534249457944 0.283836558618473
-0.0301286817645046 0.168863032157359 0.166584281155266 0.137230500692202
0.115842679935312 0.163614282187541 0.184540248934613 -0.00340590426599747
0.179052919221871 0.109355440732981 0.127385966883376 -0.0970491224825522
0.146345842517805 0.0833957862071279 0.0718742725546855 -0.167173876279612
0.0564522450484786 0.10232715204674 0.16675410649556 -0.216877872118922
-0.0488379300371736 0.0464761779415774 0.271934542152992 -0.0220986696022702
0.000418893427074087 -0.13051393516811 -0.046462047591939 0.0535094003761782
0.227875458187135 0.000767047820938221 0.241337531034166 -0.21820305500995
0.311931177378466 0.279154035562404 0.160812823180495 0.253805621931298
-0.171205761685405 0.70981505549706 -0.00315898699931956 -0.273074400655766
0.191836093155175 -0.485772271577167 -0.0922889557267931 0.45430024207658
-0.312476926893603 -0.244480175147092 -0.0636298560467951 -0.0854406561510334
-0.218208237274047 0.0972468144125486 -0.193542363239044 0.184586969920491
0.0360829518692262 0.238951914339088 0.0917034354350749 -0.0126201872263382
0.195010940180794 -0.00954278720078538 -0.252178344445445 -0.00701704626643236
0.0658026923123502 -0.17668428623544 -0.157968557275542 0.200840787400784
-0.0667138256477622 -0.160871028354495 -0.108151070461072 0.136940404663212
-0.112868068633042 -0.140846739729471 -0.181438315687249 0.0272008716452239
-0.084896706598687 -0.152483788879763 -0.23605543846076 -0.0818175200763967
0.0296707860302854 -0.180589018842029 -0.144234990776833 -0.239894891404971
0.177806396698014 -0.0508511751382134 0.154327014030483 -0.286761304615428
0.0618664602389883 0.121803273756044 0.458950230473647 0.0542505374978089
-0.0606345478516744 0.067803460281048 0.132587111030432 0.699099970950733
-0.24412409245557 -0.0832772248172472 -0.515195587448539 0.59363300708138
0.0984742465076279 -0.37110634943627 -0.808315743323749 0.531611687402802
0.14217433865122 -0.157758544289397 -0.170347411454646 0.500109770567482
-0.17597057563926 -0.188065577447591 -0.124293892137044 0.00369848585546741
-0.222012719895873 0.147749910295766 -0.197195067473491 0.240133548533686
0.113588754569067 0.313730862010765 0.13980721153541 0.0810699146468884
0.328413818472442 -0.0116128477921665 -0.152431637953515 -0.014693664571667
0.160007826448687 -0.240721730126607 -0.109546450190267 0.141546931522419
0.00708676451574301 -0.208263610979766 -0.101705133926142 0.0718916781224877
-0.0322834507426112 -0.146696193244801 -0.20703795268789 -0.0255005963122785
-0.0267566271260147 -0.113911021828484 -0.26412464288762 -0.142712400444922
0.0387111168022651 -0.132721700661005 -0.14772210860321 -0.3109510922821
0.203391098439101 -0.0392668367560191 0.193521978885419 -0.332598773844393
0.0821641029552175 0.228219753399412 0.470498369256443 0.0674401442164173
-0.122780108287971 0.0786257992554456 0.174215048209243 0.638982838644457
-0.245674965703178 0.12458194850845 -0.480824474578345 0.691659266326978
-0.186861980205582 -0.132157353141482 -0.842284826852435 0.565537158898157
0.019296788718599 0.218178982464173 -0.206867982652365 0.402049697191595
0.0476439114070966 0.00389588234260312 -0.228692866178556 -0.0497756896069052
-0.135071808290458 0.107725034387805 -0.316194600605863 0.290948010314256
0.164420681967322 0.332428971322918 0.162576125887525 0.253890582306987
0.406962734227826 -0.0287252190079113 0.017650427967573 0.00631140739180035
0.21163331871206 -0.265471860993495 -0.0141953407459771 0.0456177825777839
0.0690340184588284 -0.217431672044246 -0.0733420668505614 -0.0190579685034464
0.0540924518082846 -0.128767877273464 -0.201901036158537 -0.0781883237087709
0.0518376902054095 -0.0651996307396947 -0.264178874952336 -0.169147743115386
0.0698012128055375 -0.0603893533744626 -0.169576888946227 -0.324794176289492
0.208363395263036 0.0135065931542147 0.161187782549937 -0.377947576898778
0.0867537390718286 0.315394082442154 0.477431445616214 -0.0153305535147074
-0.212380675236874 0.126515054370107 0.282978117457619 0.506101063289303
-0.219893194839926 0.228593301465837 -0.27539726471239 0.776882231607023
-0.380395695400562 0.129287580315848 -0.763416564606734 0.59767451568701
-0.196194482467619 0.534414191932422 -0.166426109992191 0.184040421909887
0.162516633655418 0.314260538171213 -0.291152589038309 -0.203487440524511
0.0486405430490376 0.114821012166981 -0.47441703104709 0.235893414014517
0.210581319202665 0.280134771373199 0.0939594331808116 0.4259114615733
0.41396975280612 -0.0467695410097839 0.185815207480706 0.0756724722980343
0.205875766059455 -0.233927969148986 0.0998399787074061 -0.047542439284106
0.11142837412226 -0.173057401926888 -0.0289608010958656 -0.105341322145287
0.133535229479908 -0.092329281772107 -0.167007443759592 -0.11817755644391
0.137421510840347 -0.0253972893460796 -0.231189549082819 -0.16480562616696
0.129627442802938 0.00295762012407474 -0.168637532201976 -0.299328127011169
0.23105011476368 0.0909524250324714 0.104492532757495 -0.373453499165042
0.0732667192611889 0.374516069877328 0.420359601604569 -0.125320079525329
-0.229788852368182 0.18096809548445 0.404815193389096 0.314539613110119
-0.171284639783356 0.302678974161784 -0.00571770076881004 0.794616180588077
-0.45555701711364 0.387451129649915 -0.606512304224698 0.573422557610502
-0.43723934064544 0.702417501559263 -0.0259793844025402 -0.0799145267512709
0.103700885079577 0.577256108864949 -0.270590836514434 -0.3910349886778
0.190389451381222 0.208373136197605 -0.58590539924888 0.0707808102174077
0.253242803874614 0.208214616210287 -0.0451578395452366 0.50975668928364
0.346426807658695 -0.0596193898004166 0.277759058635123 0.168543987335813
0.150581466727859 -0.144121035950939 0.194334629491544 -0.0946263852876409
0.140208769829619 -0.0817269839764006 0.02385194454019 -0.15566621345378
0.191834345302691 -0.0419971552879856 -0.107060462384974 -0.144197810238996
0.202514449179359 -0.0029787346978073 -0.162092231524287 -0.157678637048571
0.191240429308342 0.0296637775852501 -0.119077713586865 -0.253201524962082
0.257995561957893 0.143940553208312 0.0803351481951069 -0.296666450511043
0.0627307691054375 0.366539782600238 0.284362422788378 -0.165161629040071
-0.136715684456484 0.201872532806742 0.451430228752638 0.0766219375512349
-0.0721095660994197 0.371148654557472 0.222215125870541 0.729236536317933
-0.425098208521904 0.612861173173093 -0.42267473398258 0.459881001350129
-0.606898894462529 0.710519335544569 0.201130879930823 -0.307417822970948
-0.00728520033903473 0.691967461235283 -0.135131241494313 -0.534192161317279
0.235272230544839 0.261225025128829 -0.573800038930595 -0.179214849019941
0.224361595931018 0.133547606604947 -0.219688504946134 0.455139902075949
0.217070653944029 -0.0513512782724277 0.250098525536172 0.242434985086827
0.0720102410661399 -0.021783785700979 0.232007755078221 -0.0707728833177668
0.149825086278386 0.0293865054661517 0.0773291511874918 -0.150495013065588
0.221229210040459 0.0136204789666296 -0.0298005270971967 -0.147917010892211
0.228426493973729 0.0126099146643478 -0.0719317628799849 -0.15799249456702
0.208633957553287 0.0314289311918554 -0.0198563506707427 -0.222535566625648
0.232516050890441 0.142400422936865 0.132247356817343 -0.17908012215953
0.0486736591655335 0.24976869004812 0.127294419201402 -0.097593635056278
0.0234577603045876 0.159724461446222 0.394945205757046 -0.133113811772056
0.0680787735312595 0.396894842844767 0.328758333168886 0.593936168309281
-0.330610590736875 0.762805691688086 -0.249970258790724 0.252283126626257
-0.618081911663101 0.629917554047245 0.46177077946616 -0.442427294070558
-0.00609932581082588 0.631760386150217 0.0959288093674681 -0.568765426674398
0.199895256039645 0.170576099819064 -0.406057242557215 -0.428896696428229
0.113406060554022 0.0548280193236961 -0.343937363301002 0.265469038405251
0.0555326287258168 -0.0177900824094878 0.119565811381817 0.277094090385278
0.00514897828930189 0.0957286295907163 0.214204260599335 0.0188967259701341
0.142509434361076 0.116191715404969 0.132733408275781 -0.0902252159447193
0.217639078936538 0.064370574970726 0.0525351393357363 -0.13084863878542
0.207070450749584 0.0370963522143178 0.0107786846549043 -0.165272906781405
0.157986547587114 0.0546306444624858 0.0904013161075791 -0.217021494017472
0.121040802553607 0.0989138978459989 0.218135241778565 -0.0785855075729287
0.030384205815663 0.0524889246219826 0.0123952813191013 0.00275093880491851
0.173007080888945 0.0860304098966279 0.310586155154775 -0.224311312498715
0.211787151310708 0.353040995658626 0.285066929723516 0.431544920187225
-0.22968423491373 0.805014920138763 -0.115555985575156 -0.0171812423903377
-0.421598536831116 0.518551148297896 0.686364223913006 -0.492975019848791
0.119978791601574 0.391623883932349 0.359274389550152 -0.534237539175332
0.103465555946913 0.0187876465065151 -0.191340588930977 -0.62106064908896
0.00987798389084794 -0.0254645892794262 -0.419388334990843 0.0442097883307637
-0.0825948438443387 0.016891260627756 -0.0416742563727889 0.284776414539458
-0.0301744078016092 0.170414048795428 0.168160570715989 0.13581014803277
0.115937136848559 0.164721504872799 0.185245194528952 -0.00123271437234122
0.180339089423403 0.108772080438844 0.128417366637346 -0.0958980107384324
0.147085772359447 0.0817666948448061 0.0721874732495001 -0.16678053275652
0.0580842802913626 0.100901344103207 0.158016461155091 -0.224776001373475
-0.0495561737489792 0.0468719516827094 0.272190977359845 -0.0233547684373994
-0.000897736253095227 -0.130975335573939 -0.0445999905719022 0.0526632669289179
0.227909503368089 -0.00541573271651072 0.243881125573168 -0.215262077464056
0.31924133277202 0.273923326922313 0.165583662044484 0.250439787341047
-0.154913904294229 0.713221778920636 -0.00584518392318321 -0.273905555488056
0.186578534715947 -0.487682269890936 -0.0882679351763161 0.455488701890679
-0.315387433550893 -0.239985037183412 -0.063915398098809 -0.0842207403584901
-0.218029020228056 0.100175431748663 -0.192410245079514 0.187524330116788
0.0387767094581443 0.239018579032072 0.0922142699495267 -0.013813130502524
0.195403539241573 -0.0107522334825865 -0.252565262446909 -0.00390927974445577
0.063450225404121 -0.178857494219679 -0.156313488040984 0.20351621636196
-0.0696083708305025 -0.159900970668459 -0.105075383705755 0.138106173462749
-0.114465575789117 -0.139866242302636 -0.181468230491942 0.0284220554870216
-0.086703726181538 -0.15074133554914 -0.237767901677318 -0.0796886397357016
0.0273303428865887 -0.181417072024844 -0.14616678727767 -0.239096911923788
0.177485553672925 -0.0522284252285056 0.150832245472386 -0.289689202387127
0.0636070047865954 0.120681770831769 0.459940114606139 0.0489300039227819
-0.0593496315153411 0.0683893376232572 0.138107916230023 0.697913965036958
-0.244865375424275 -0.0799746543435538 -0.5099592003742 0.595603469173256
0.0942746433634612 -0.372458308075539 -0.807856436814258 0.541814461430606
0.141670033819756 -0.159578528226289 -0.166582670509262 0.502852439895803
-0.178240408687898 -0.185966895707211 -0.123721551203488 0.0045425512179763
-0.221016673049943 0.14938880148009 -0.196907513498657 0.243129342888887
0.118980340041665 0.312703462040065 0.141968342657749 0.0800201728966438
0.32927612330899 -0.0174363519417074 -0.153296485460066 -0.0126490060832349
0.157376866940552 -0.241579567028454 -0.107267174534008 0.143699096223828
0.00529622194838922 -0.20879745974035 -0.101109323084394 0.0735037863160831
-0.0329193999026871 -0.146432778231818 -0.208152150739594 -0.0252632069163728
-0.0279878105861915 -0.113920189606167 -0.264622308255186 -0.141095582222098
0.0367870211750168 -0.132906218966005 -0.152326342540758 -0.307223131097136
0.203091395517891 -0.0417194318463837 0.190182799665221 -0.33477394229797
0.0845930442416644 0.228447294303099 0.474262785730986 0.0612765412423431
-0.122592972672597 0.0793848013226075 0.177509429482514 0.640034252359494
-0.245246922316462 0.128885953157032 -0.474591436623028 0.697557837671731
-0.189868988788465 -0.129838950675735 -0.841855444505295 0.574014534378236
0.0215212000775701 0.219204268612305 -0.204461582036442 0.405473891084128
0.0479453519968634 0.00450378747627704 -0.228067623968066 -0.0474278605995665
-0.134343362290215 0.109104711351013 -0.314145820733714 0.294591130219302
0.170650982767437 0.329309926976562 0.16552311150512 0.25267258036058
0.408185836930521 -0.0338011881403391 0.0172119764259505 0.00796022732994617
0.209051908971129 -0.268566133868227 -0.0133618315494543 0.0460991600462015
0.0669318735717738 -0.218348685562617 -0.0734857762146055 -0.0183786329129447
0.0533280077330278 -0.129214967275102 -0.20323293611857 -0.0757220909087807
0.0510286866853889 -0.0663615326900805 -0.265993275047536 -0.165477787818613
0.0696065382882166 -0.061229550046127 -0.17320263529935 -0.324188919838951
0.209186981181416 0.0118187025046579 0.157426947822589 -0.379992961024183
0.089637754876986 0.316464288411338 0.478138354731838 -0.0192323526111342
-0.212225137231208 0.129339853133374 0.288672226263666 0.504202613872896
-0.218719850160462 0.23231084678306 -0.270384811206425 0.780354139548916
-0.378857038499359 0.132754045044948 -0.760779346461587 0.603645161703329
-0.181106241433854 0.538432581325858 -0.164094605769239 0.187624129667406
0.165957106906386 0.313077776882978 -0.292439691149963 -0.201939062018073
0.0494313175653715 0.115703095346969 -0.472921885718642 0.241868789786876
0.221169369359989 0.275774779846709 0.103210872822151 0.425172815586658
0.4128647893334 -0.0569992009594996 0.187863761300684 0.074728379803703
0.204328443124571 -0.236460121252364 0.0994684209436236 -0.0490140905159384
0.113143930811115 -0.17197501238245 -0.0300072077927105 -0.105878642676761
0.131748575317978 -0.0928045009814985 -0.168485533227778 -0.117303531688644
0.136646236247643 -0.0267899094058564 -0.23232079564205 -0.164794257305473
0.130541830400772 -0.00174838735772232 -0.172820638027728 -0.298479789916659
0.234591840910893 0.0875752659560076 0.0967966392557041 -0.375633322796202
0.0799359334926157 0.373887982734852 0.41811216805109 -0.131304392390155
-0.228555862517234 0.186027034065269 0.405867027633582 0.315929904700728
-0.167930109747832 0.306051624781495 -0.00074255990568422 0.795996359948701
-0.449957724012905 0.395438852779566 -0.604615044487718 0.580819253930229
-0.448425616345934 0.693763837174978 -0.0244496446585827 -0.0790924322114865
0.107820968538448 0.57930031495456 -0.275090448913156 -0.389831845450343
0.192427926768468 0.207631898280377 -0.587471513570464 0.0749163391810853
0.256147024081353 0.206462095317602 -0.0410174133920924 0.511641526558241
0.347438319308466 -0.0644626328829595 0.27991087026913 0.167147658955562
0.148290162867201 -0.146809635706955 0.193683169779115 -0.0968586875208129
0.138960552472709 -0.0838497386317199 0.0220707806482767 -0.156568604203805
0.19068280746008 -0.0439282292525009 -0.10855269535533 -0.143192249063681
0.203074300248742 -0.00496326631822263 -0.163833214847636 -0.156228578804922
0.192342507114713 0.0269263199716093 -0.121479663334715 -0.251498027709438
0.260171023825986 0.140765353333237 0.0785643284163031 -0.297487854961508
0.066937943144312 0.366833484803719 0.283854229029956 -0.169111260404175
-0.135793195990801 0.203809623066052 0.454464288306418 0.0721797540363295
-0.069554488334041 0.37251603858884 0.229734423724858 0.728119925018251
-0.420721534690756 0.618231523318433 -0.417070007033171 0.464427467968809
-0.612324770324179 0.710064716711435 0.204658599322026 -0.30692203085137
-0.00215148898566069 0.693198657316603 -0.140343006567757 -0.534203382555339
0.23605950223997 0.262149848018821 -0.576359003312682 -0.174943087755064
0.22580165641694 0.133135517332374 -0.205416129552289 0.46006364003009
0.218228569278714 -0.0538781226918227 0.254632823617314 0.239367126222416
0.0714736193044621 -0.0208129234420537 0.231600598041875 -0.0727186290169923
0.15032724616247 0.0257721321565317 0.0798455407483514 -0.148783133602419
0.221469378323594 0.0092507483411897 -0.0309626808610382 -0.148398145668057
0.228581936693653 0.0093892578087027 -0.0752885995057654 -0.157393589762721
0.209579833080293 0.0332332032664435 -0.0246657974291908 -0.222751102936819
0.233768902773096 0.14184774666409 0.130913108368928 -0.181206907195805
0.0540214506899703 0.250065804544736 0.125834760836176 -0.101263644398519
0.0299654222183149 0.16054345257019 0.398793484092468 -0.127269206955652
0.0712565382460212 0.397447759219885 0.336000268212449 0.59253197718948
-0.320946962742715 0.768797251075689 -0.248153636789484 0.254208620973266
-0.612052783055595 0.636715712963914 0.4594138597563 -0.447714341696776
-0.000705938594210703 0.631287451899752 0.0908644354566169 -0.566575597425073
0.200346620955346 0.16919399516462 -0.409662387120861 -0.425273867136742
0.114665172450668 0.054741582988618 -0.341792952727307 0.269814573069245
0.056460280133758 -0.0187958924063171 0.122636571886054 0.276148910666978
0.00625395074684953 0.0961594233728366 0.215023317075968 0.0156864269891687
0.143449149989646 0.115739755635838 0.132815215427152 -0.0911426475910777
0.219020830421559 0.063100845126246 0.0509072183460857 -0.131959384872452
0.206216687674367 0.0351449487594448 0.00867316177649725 -0.164742050362341
0.159374751746491 0.0519137144276593 0.0879138827662018 -0.219568777506891
0.122677548088543 0.098015654218147 0.21712591640825 -0.0819521366871048
0.0316762160572079 0.0528425824857675 0.0128017036564861 0.00327817879950535
0.174868460862728 0.0859170867909372 0.308901307868142 -0.228183293172976
0.21576882978082 0.351068370188207 0.290757353285209 0.42932529803142
-0.225111014636525 0.806433008665298 -0.115816594459577 -0.0147377000291916
-0.425188987684188 0.518406208470443 0.689244837925953 -0.495649665137733
0.120976508630555 0.390529179593459 0.356624946851955 -0.537804755880272
0.103209492680747 0.0185105799361977 -0.19930896007325 -0.619390065571119
0.00899309405685706 -0.025375716496657 -0.41783336786552 0.056644571473949
-0.0815914943134161 0.016942135639894 -0.0371179378033116 0.285341696961441
-0.0299335166143064 0.169942091482815 0.167658425976926 0.134862560862505
0.119829725653612 0.160634986409851 0.185588794268602 0.000754763678908337
0.18236771161052 0.10502804789931 0.127113119005566 -0.0973913476076962
0.148381530336646 0.080856859513227 0.0686513499205953 -0.169585117262853
0.0576450440201012 0.103592897809716 0.15660766970003 -0.226016113427472
-0.0489251692803717 0.0475716071128895 0.27270221746566 -0.0277474028224294
-0.00224570147115363 -0.131916620604143 -0.0437481971754165 0.0528282527632149
0.228504990794434 -0.0136732798205526 0.241432341008674 -0.219979257393652
0.321489836429443 0.270126204022629 0.168342536058304 0.249769179063726
-0.151550667626707 0.715556709662605 -0.00732118511839043 -0.275015495191234
0.183419375905475 -0.491405804021087 -0.0841722176379118 0.459757861207828
-0.319377910066491 -0.236846872817076 -0.0649991943943504 -0.0836715787744831
-0.216842918673777 0.102766969549964 -0.190654601037468 0.190888055488314
0.042600348159953 0.239496467234975 0.0927519428263975 -0.0140338051337896
0.19610684511726 -0.0126856437325521 -0.253162411831505 -0.000698489149348151
0.0622509628296247 -0.1797810612153 -0.153440660232869 0.206023623978035
-0.0709989393888679 -0.159347361136694 -0.103332463836147 0.140496548453743
-0.116306627021612 -0.138333086034952 -0.181442451089594 0.0306683453535349
-0.087943950918269 -0.150385362721793 -0.238960505369486 -0.0770272792994772
0.0250224966970562 -0.181902334257959 -0.148741691334649 -0.23784413286891
0.177373815439272 -0.0539915640478977 0.148670762639832 -0.291589161793201
0.064978230401929 0.120106565430228 0.460961224821557 0.0457619030046545
-0.0581391427999738 0.0690274033671682 0.145204698413031 0.699487439586214
-0.246971360291701 -0.0764973659983103 -0.504800682515369 0.60220239537287
0.0907323394201592 -0.37414076173883 -0.805119850850187 0.544893919680327
0.137761839199406 -0.162098376703393 -0.161289971408757 0.506068068434091
-0.181149914445145 -0.183779513862796 -0.123625748637853 0.00459963396185623
-0.220282919899224 0.151960724749933 -0.19503724206318 0.244403022536744
0.120317860633084 0.313032256772242 0.14176415874672 0.078350611203869
0.33000042367926 -0.0188205122740593 -0.152923267026535 -0.0107489270701054
0.155931148723323 -0.243982496669686 -0.104874057371866 0.144696712361241
0.00220468990785433 -0.209420603034325 -0.0999033969844561 0.0744568711388284
-0.0351867992341253 -0.146410120893658 -0.20910818182678 -0.0235664353536397
-0.0291140673252133 -0.113185281252915 -0.267404059349064 -0.138776056328185
0.0356480132643901 -0.134274359749071 -0.15513388651549 -0.304585530848798
0.203807352525925 -0.0434070946581676 0.188812650703197 -0.3370948130204
0.0864399228350772 0.228152586161232 0.473439424627055 0.0560252460741464
-0.121952661173172 0.0808991587885731 0.185298166635842 0.637491100190008
-0.244449558650007 0.131920554534867 -0.468445530284253 0.701658774135146
-0.192095076452215 -0.128572266189795 -0.839435352992956 0.581482724624418
0.0182944509093994 0.219976300963097 -0.20197423114795 0.406434847111894
0.0475439709402152 0.00412790437596185 -0.228320252133376 -0.0458246133821816
-0.133044338930297 0.110859110296024 -0.312546327853447 0.296891712308432
0.174432657560392 0.32857677326765 0.168087635660792 0.251249439523377
0.408219303790473 -0.0389146849473569 0.0176574083879378 0.00790836576094864
0.205639688811523 -0.271627177555965 -0.0124199854353452 0.0458517231950405
0.0638772636975382 -0.219418631753229 -0.0727635347390039 -0.0175971705198073
0.0517743367086766 -0.129449047630997 -0.204216861527006 -0.073527896521258
0.0508417958749662 -0.0662880202923916 -0.268458728161264 -0.163177005098524
0.0689887105000714 -0.0620683153388192 -0.17716819193098 -0.322213825434109
0.210565586183965 0.00871070332855208 0.153609675539442 -0.382419175200209
0.0931060872392935 0.315299274000062 0.47873455212251 -0.0239907557524398
-0.211278432753058 0.131798684553336 0.293590715500327 0.502097885336494
-0.216295911086961 0.233895148710174 -0.263513621542008 0.784353555146083
-0.37988804522024 0.135936151298546 -0.75760878864221 0.613549333215506
-0.18805378114858 0.538141142507662 -0.16299359223203 0.187914492014529
0.168484916916057 0.312691386337529 -0.295287201842784 -0.199915695040472
0.050858717596762 0.115755981722994 -0.472395324943345 0.246691998205667
0.225870698520764 0.272702857168775 0.10854622349869 0.425209249748817
0.413721110870861 -0.0600416032146016 0.188956332289326 0.0735223824233471
0.202947664487612 -0.238431560802638 0.10060706275815 -0.0504278842357914
0.110046763161682 -0.174080400692727 -0.0306224246347032 -0.105767618516892
0.130415596833358 -0.0942560880187779 -0.169580747961402 -0.115454437939324
0.135938565801605 -0.0285235260764622 -0.234287358446115 -0.162732820021289
0.13175307279332 -0.00613490701301011 -0.180461971616819 -0.293008702138158
0.235897429355421 0.0851378429378209 0.0938136582707696 -0.376751797207497
0.085476578799927 0.37531180947056 0.419741892170981 -0.133092911147352
-0.22327830608485 0.195081152465318 0.413207145615771 0.306436571715165
-0.168700260490017 0.307782879166581 0.00554361798475343 0.799356346533573
-0.450098678458822 0.398683611122735 -0.603015742729932 0.585122609888162
-0.425243162977587 0.709296619367716 -0.0266233100789575 -0.0796958583152056
0.113665247954994 0.57798553240865 -0.278622046327056 -0.386810363053986
0.195268258739187 0.207339607803549 -0.586814724955606 0.0798669739192154
0.260668169701161 0.204500709723613 -0.0349579587521306 0.512972168222069
0.349143035778925 -0.0701164325332725 0.282108032223504 0.164517519850199
0.146863369362633 -0.148380594683612 0.192885436497844 -0.100525337559438
0.138750439148929 -0.085101241768628 0.0197662866836961 -0.156694033386006
0.189660323567587 -0.0459348753352296 -0.110602622405271 -0.141765514436753
0.202826513227176 -0.00730420624115945 -0.165714393582305 -0.155176954003317
0.192751272834621 0.0249681557667774 -0.125762379897341 -0.251103849180224
0.263493563660825 0.137663816759471 0.0743813997319273 -0.299831657242748
0.073287196189663 0.367832134751996 0.283036894734076 -0.172322637211247
-0.133626098196447 0.206282332551467 0.456313783124223 0.0693220676736634
-0.0670690354865764 0.373384565382355 0.237084923241852 0.728877998148501
-0.41785230079495 0.620192308670796 -0.414928675211756 0.468567904112847
-0.570531441005141 0.740924278972171 0.195858170972144 -0.311341002084606
0.00322798673822501 0.694443120208428 -0.146736942055961 -0.531953004639571
0.240893955336822 0.258555834346791 -0.578427600329189 -0.167645146184219
0.224309065717937 0.136119134498513 -0.200583207386207 0.462913905589671
0.217937357936093 -0.0530997483207066 0.256186508879517 0.239725435184458
0.0718978093870848 -0.0232588798893355 0.231454262582781 -0.0742979791465734
0.149389105614295 0.0191664712059817 0.0762652372834711 -0.150902678067498
0.221696029623208 0.00668039979025523 -0.0332851133015785 -0.147914839355594
0.228221514525297 0.00787590189798659 -0.0794039460583578 -0.156979594044653
0.208094016461825 0.0377159245131146 -0.0228868203951586 -0.222278481489237
0.237161263549967 0.138055068627027 0.127302919693437 -0.184563133128022
0.0579398454811976 0.251502760287002 0.126002695394105 -0.103168328674165
0.0350135773525113 0.162688280224268 0.397755758332462 -0.130110428468632
0.0772539810993274 0.396433501940466 0.34037986726098 0.592384359913801
-0.323324669356455 0.769707822701915 -0.248684698373757 0.255064197578755
-0.563288856398968 0.675318603664163 0.451151500381676 -0.453268289554647
0.00635394108888384 0.633219073600955 0.0855002746234053 -0.570123659431356
0.203292322529161 0.168132029333088 -0.414029157727096 -0.422167243800059
0.115167240144907 0.0535209360729029 -0.340071896756956 0.273779291639265
0.0560071743541546 -0.0191604175831332 0.1260123385527 0.275044142831668
0.00786711141900664 0.0952897366273689 0.21433818835154 0.0137804384951646
0.144557724527796 0.113893486524842 0.131836111409341 -0.0936921710539518
0.2187313009498 0.059860680392222 0.0488170723794428 -0.133336687163254
0.207404904075942 0.0333073938447214 0.00603341527725597 -0.166862302455325
0.159636565295243 0.0509481673489896 0.0849874155446307 -0.21966635704068
0.124170883632644 0.0972559809937314 0.215742089375771 -0.0852037648376826
0.0319031741985932 0.0524994444889454 0.0135608943649093 0.00198613103054478
0.175129825672585 0.0842427256606042 0.307110232288342 -0.23239835047886
0.218972111897371 0.351235852207061 0.296362810199302 0.427113822824881
-0.217198178690693 0.810960510802992 -0.11523358844863 -0.0162962771036002
-0.402736789449471 0.534715416790078 0.679785905272604 -0.506644317695416
0.124367251794899 0.390491883604539 0.34959898281848 -0.541157204115302
0.10278432969458 0.0180683126462022 -0.206746728316804 -0.616797818867479
0.00893963849497096 -0.0256356872466597 -0.418367999453408 0.0574428433829875
-0.0822748677495899 0.0164317431974012 -0.0359520959218068 0.285446700884874
-0.0268595408941471 0.171501372558469 0.169110311675907 0.134157322602329
0.123918754338289 0.159267419370678 0.18569293958555 -0.00423006049823267
0.183122094779008 0.103781962233456 0.125048510297287 -0.100486340791207
0.149233027018793 0.0805683693138111 0.0642985402831372 -0.171241097748767
0.0582622614819924 0.102584508399063 0.16086599644896 -0.2236635803468
-0.0480575034261131 0.0479209695665609 0.27359867178565 -0.0329660557236173
-0.00476271041957821 -0.130198669871987 -0.0438371992633509 0.0536221575654436
0.227690780633104 -0.0110912749480618 0.235449818494126 -0.229122146759923
0.322916252760453 0.269892303704203 0.168990839289714 0.248891017705416
-0.153766692462904 0.716844678155232 -0.00934532883153951 -0.276532184789922
0.01894299518949 -0.534004157249877 0.0586804576457541 0.464547367939051
-0.381110334824099 -0.12469529591656 -0.089367528628782 -0.0627145266730564
-0.174439908390099 0.168229403778921 -0.125761663578588 0.2422172957467
0.117200938993266 0.215621315989128 0.0851376439862954 -0.0409724642596331
0.182976023564598 -0.0724803744932226 -0.239839491427659 0.0775426685895612
0.00345266831906176 -0.19114753159047 -0.0831902164948514 0.242447840151229
-0.117541520700717 -0.129945583982647 -0.0555655984993612 0.165694978417526
-0.153706946064995 -0.095781936779209 -0.163326003296128 0.0857988335076973
-0.13044454130675 -0.115628351073016 -0.250166493357425 -0.00149245767255483
-0.0318590358067403 -0.180206286610352 -0.212546806800409 -0.179906405249915
0.151223159832347 -0.107168144032696 0.0512830516364639 -0.320575867156495
0.0993320291170885 0.0946598679235716 0.451648544043966 -0.0954603532644757
-0.0322150700490184 0.0865775586460807 0.349512474747455 0.618068929841607
-0.259625579232338 0.0110377252641607 -0.30048869659802 0.723007911211922
-0.0334092830665154 -0.376066458224253 -0.59587996456019 0.758917693431049
0.0812057569328385 -0.204649375901483 -0.00114362695095939 0.533476395638115
-0.232494697982586 -0.116765692090189 -0.117736630644218 0.0411360342028774
-0.160280435807492 0.216131554866997 -0.11233466820184 0.295556726288956
0.215894079408324 0.262984813150704 0.163274380080152 0.0333020184571917
0.310344637228917 -0.120561535488531 -0.148065943118681 0.0377202780254922
0.0713283420254121 -0.281321000566895 -0.0560650088549471 0.169286640395654
-0.0637849041258455 -0.201034298553886 -0.0729936117403452 0.10224223985678
-0.0796257560038007 -0.12814746759772 -0.206398221088225 0.0428954134979519
-0.062303331823468 -0.0985681844094797 -0.296315946227821 -0.0493056681863223
-0.0069289513140307 -0.137720630346086 -0.23907588767836 -0.244264919719901
0.178467041854548 -0.105085323710497 0.074020506157816 -0.376540368466633
0.152781923562316 0.189348684159957 0.467643245600386 -0.0872774906441753
-0.0889967073816633 0.118782175663409 0.370908134645824 0.545269473167732
-0.19163316592532 0.209989359531601 -0.237893620033106 0.806035156871868
-0.223523942347411 -0.0564759062392844 -0.617667630398414 0.799483173948473
0.0898785719838316 0.202116902010085 -0.0711622602067069 0.452060398455122
0.0475532402461906 -0.0085277409222615 -0.23390128993704 0.0247434687589207
-0.0892784476172532 0.150874668744462 -0.209174788377517 0.381175499456456
0.27427768253477 0.26042374399569 0.24093586317832 0.191248955090692
0.37920548152518 -0.166486230592198 0.0209138184926726 0.00053538133623398
0.11094135644464 -0.32388725735213 0.00211922343444753 0.0466486551839318
-0.00789270093817338 -0.229732618690217 -0.0752702918512395 0.00571721325082721
0.00793531728053989 -0.139580298212351 -0.217696499359182 -0.00727124416122813
0.0280054095554703 -0.0779887034797313 -0.305351100717902 -0.0743360101591719
0.0462811184217548 -0.0800384486383385 -0.264488244338734 -0.251817463020113
0.201489017920824 -0.0576329107667525 0.0297202585821122 -0.409094912716298
0.187168775486849 0.270682841723342 0.445957223792549 -0.166733700126267
-0.15755721950703 0.193898008193187 0.428968246720257 0.384560376324876
-0.132236318493282 0.299334650090393 -0.0160340081638203 0.822781605524989
-0.318399439817608 0.254808595393101 -0.536599395126406 0.800058483428647
-0.0182836929271438 0.576802727969838 -0.102986341191017 0.2316910967795
0.261436494831099 0.250354586904581 -0.342393545812997 -0.0994959758842368
0.089305083231619 0.0963538197415575 -0.376680918990852 0.381299027622417
0.302056592850485 0.195476501207195 0.233437152079509 0.375812379689072
0.378687703416849 -0.186454733128609 0.203127410713057 0.00895276371440266
0.116349943894723 -0.291738997672353 0.0785963775144894 -0.0790623363754041
0.0463277699370864 -0.203008536804892 -0.0618996904034658 -0.0910095581301373
0.0936634603849624 -0.130830925999189 -0.198312413735173 -0.0562985939474102
0.120660986059571 -0.0679034596663773 -0.271809953106025 -0.0813729992156035
0.123387869105055 -0.0417012922939989 -0.258635998367633 -0.224488572719608
0.248824834299705 0.00653317374797409 -0.023429573726142 -0.3871724255407
0.195690800329501 0.329725538326074 0.358150129740312 -0.253607827959499
-0.150620279258139 0.256044225355983 0.4850756925335 0.158403513185122
-0.059562370148958 0.352884440645995 0.244776031358112 0.752983058644247
-0.303528761355854 0.523917663407478 -0.396411325702206 0.727063040307967
-0.156961251955499 0.823882152206487 -0.0538450772632653 -0.0651316851534604
0.293835672613573 0.52203879351699 -0.384432030299213 -0.283844243493444
0.257109262757381 0.139363992933416 -0.53574720680215 0.25799835986246
0.32019030589579 0.112918785648177 0.12551282106537 0.502270763650406
0.311409473959421 -0.180149128125197 0.319662805395175 0.0662518939768799
0.0926472261909349 -0.187874458879546 0.150851716906328 -0.154257916787194
0.104806911396448 -0.124360493312504 -0.0291248212781295 -0.156155652691235
0.166337765635396 -0.102984526027568 -0.149030752669895 -0.101540836416299
0.1897563715204 -0.0680238755153973 -0.204496402404804 -0.0969405827248945
0.190162204069117 -0.0352942115774761 -0.195438493758662 -0.19984819660916
0.291639566780926 0.0475598514307661 -0.0206798130249628 -0.306799688343609
0.182809643082288 0.326239033235439 0.216412619583689 -0.249810428125072
-0.0594504467507608 0.239617408556065 0.450054920977999 -0.0750989332961837
0.0585632908543691 0.382775024062141 0.441395072535125 0.619846153028979
-0.198434331864902 0.725014308641486 -0.255506114446208 0.562902839833799
-0.308796091562346 0.899046098480686 0.0861403768325187 -0.355726006603118
0.224090897792171 0.668177828259568 -0.302959641070487 -0.461126189282038
0.317174447187187 0.174364131444808 -0.60411241713326 0.0188938541441926
0.263018642999367 0.0593057625402388 -0.0602586283778696 0.503223502814119
0.191927906333979 -0.124450399013082 0.317797807111381 0.146443802216715
0.0595750651329065 -0.0459425017048747 0.195673041583443 -0.143372598038095
0.150159345780053 -0.0260824412680159 0.0234231635628132 -0.169101871031204
0.213884404692623 -0.0604884775341413 -0.0787359345246493 -0.130715607424481
0.219797911546222 -0.0609858241854946 -0.121902429976952 -0.124956332647662
0.20963871480349 -0.0332360755115687 -0.0882467120406939 -0.205222361990896
0.267909966398335 0.0531417051699328 0.0640290653442537 -0.213539972691881
0.132225503539427 0.21977051627387 0.0902522394469696 -0.135372839676593
0.0819131672359049 0.143131095547388 0.329190552826771 -0.254747020131164
0.201524091309478 0.358229886516885 0.498934851025414 0.459683881818699
-0.0646816753981771 0.833904449599226 -0.161450821903548 0.31149180910576
-0.338863400357141 0.832207814678893 0.292903557506534 -0.569624082571476
0.202502027328548 0.608900215043973 -0.0907821083352189 -0.569877288905659
0.250015865917571 0.100838583192209 -0.523844096239167 -0.277358534890877
0.130723188778528 0.0176012615979974 -0.242610284707231 0.364729621773296
0.0492059050489933 -0.038363551927061 0.205528560909931 0.221914100305605
0.036591249887967 0.0886896409722882 0.207571487749552 -0.0528036508713834
0.17365076046533 0.0632099569871886 0.0963616506699546 -0.1293241538474
0.22802669515434 -0.0108260800556125 0.00632320425139902 -0.141391180834892
0.206575065122198 -0.0316202205696841 -0.0441293133270303 -0.159631377711797
0.167420589285925 -0.00171785445252268 0.0135262528520898 -0.235415150357125
0.14706350198744 0.0520501879784239 0.178231473467065 -0.147999888667377
0.0471982285760284 0.0393829759614151 0.0128630611431179 -0.00263245971729852
0.19581459197466 0.0238289648347561 0.219672124920951 -0.312796047741297
0.322379190101967 0.266787918625426 0.406109778146989 0.316708018551304
0.0518270727221005 0.836753530758568 -0.116819669770232 0.0155755742383983
-0.211983599456764 0.648928312390864 0.489785304910788 -0.695198787913415
0.240654867110049 0.334704874888481 0.171390324056346 -0.622770890310509
0.102939829778542 -0.0130843503155266 -0.379681219780879 -0.531242744868681
0.00158903336018259 -0.0241349473598767 -0.388181770834822 0.175341970799813
-0.0716115389819925 0.0428884141567862 0.0532806670320126 0.283039354598489
0.0291360402653414 0.170839762152804 0.201911603224808 0.0728132631236316
0.165781796760809 0.116682195193832 0.173730143257351 -0.0657347270571812
0.20671073860949 0.0434275622654313 0.0883173991372791 -0.134362181898845
0.165139077109092 0.0297320557725226 0.0116320184745915 -0.181308945534251
0.0887172288745043 0.0775565611509505 0.0805745544854873 -0.262154956095823
-0.0294276971610045 0.0607525778134268 0.248771857199058 -0.114838188345391
-0.0438229416122469 -0.122834913911075 -0.0249591840530717 0.0637803194622279
0.217205644165741 -0.0780960932294371 0.154949489369231 -0.286699039481983
0.393646125785485 0.160045478695476 0.234237842386031 0.186126046037796
0.0831414628791303 0.726294159858723 -0.095243300335132 -0.262252879290414
0.0144066817777085 -0.535479108163137 0.063642293333763 0.465143273207544
-0.384306973904009 -0.119466492171937 -0.0894999945495588 -0.0617778650769628
-0.172588002910881 0.170132008369641 -0.123268482808651 0.24380903756492
0.12143223538666 0.213999734825995 0.0851853186983115 -0.0416011124091718
0.182875370189581 -0.075829994870075 -0.238799420622163 0.0814668375044407
0.000256885702626864 -0.191734391460278 -0.0794795065761464 0.243309615987356
-0.118765142054079 -0.128317786901088 -0.0529539715683589 0.166812053339278
-0.155020205894893 -0.0937814990248504 -0.162988451407735 0.0879760262833965
-0.13144945967938 -0.115008484959855 -0.249890725476798 0.00127906949078058
-0.0333703016343221 -0.179879069081415 -0.214609145100418 -0.176818496635577
0.149841120908442 -0.108908286406722 0.0474505876868248 -0.321760364784452
0.100885752899776 0.0933776159176456 0.450902306548456 -0.098986015598452
-0.0317813917395932 0.0878806594230577 0.357686920229669 0.617037176980761
-0.26007604361208 0.0139604069997143 -0.295100356568708 0.726656869752228
-0.0380531096316604 -0.376903236901539 -0.59092977467459 0.766794017928357
0.0809105624764477 -0.205139082068618 0.00403319048441609 0.536395163758977
-0.23298118791683 -0.114834099322709 -0.117142480267912 0.0419867984147124
-0.15844520973045 0.22037466416132 -0.110433173563341 0.297688930850455
0.221540431659767 0.258667152884271 0.163791282728194 0.0322984358270885
0.308810818311068 -0.127069823822621 -0.147069558755407 0.0393117638359214
0.066079277125365 -0.283207343093628 -0.0536995896688515 0.170168366025482
-0.0672942160301723 -0.200229160827401 -0.0704819656534815 0.103284053205964
-0.0814364880861793 -0.127718954671149 -0.205704200630635 0.0451405891128246
-0.0640785692544667 -0.0975413366199052 -0.297055673451373 -0.0464444673997854
-0.00832185413012297 -0.138517934572481 -0.241426403892638 -0.24146375722164
0.178244811713821 -0.107079331603669 0.0683343559382115 -0.377598277963293
0.156231736480399 0.187919300872965 0.467470663967099 -0.0918290549129894
-0.0873869092741986 0.119537102608294 0.376786251243875 0.543216037935662
-0.190873882674359 0.212853914521374 -0.231690243300681 0.809182368802062
-0.224170779738284 -0.0534347884828455 -0.609635348340279 0.807066615634262
0.0947153967206247 0.200286653018193 -0.0636077869000937 0.453830280264338
0.0473026530070575 -0.00803262704822533 -0.232677176245782 0.027430178269357
-0.0878296000305621 0.151722822662243 -0.206058632388226 0.384809227710426
0.279557207373272 0.255823687519013 0.244081938285073 0.188814051746954
0.376633813353751 -0.172367659916198 0.019942222617162 0.00136301183726225
0.106575941434304 -0.325679192442464 0.00311272018757799 0.0464864658368609
-0.0112619819227852 -0.230090159501 -0.0753487049907836 0.00724667530528375
0.00600679028981568 -0.139412090850957 -0.218340606397418 -0.0048367474063874
0.0258486212542092 -0.0786290601820014 -0.304961998368984 -0.0712566131565039
0.0449195837637521 -0.0810132920612693 -0.268154775306715 -0.249481325950572
0.201594258168818 -0.0604059174973835 0.0239267013888624 -0.40965078360238
0.19052377847665 0.26944449243322 0.444758731683345 -0.172368368836537
-0.155787551127514 0.197094410725849 0.434435823503713 0.381508216552709
-0.129195097293186 0.301399900386227 -0.00780280184571691 0.824298784693849
-0.315660469983313 0.259850661971151 -0.528918509921654 0.809944363696459
-0.00115599921356089 0.577423394036751 -0.0985263852535744 0.233563131556136
0.263986978755667 0.24789891413707 -0.344597359316066 -0.0967536420079629
0.0917453714991798 0.0966725213387943 -0.372285978804111 0.38511446354757
0.306250602049145 0.19259454407141 0.236133307905953 0.375638333748198
0.376457209845095 -0.194341505416996 0.204377524605366 0.00801718461423973
0.112130162063237 -0.29420191837343 0.0782016978984302 -0.0805667543382785
0.0446448070324277 -0.202875054372193 -0.0632938134142581 -0.0905623961992645
0.0925908454661933 -0.131407133876541 -0.199412145206517 -0.0543212217728344
0.119887013623347 -0.0696558643013172 -0.273232182068725 -0.0787723636519628
0.122694842844732 -0.0421847522531146 -0.259970276246171 -0.225539921050614
0.250045690256962 0.00439947728344956 -0.0284209825459237 -0.386597119564196
0.19976638706297 0.327803929503015 0.354383111190782 -0.259158954483759
-0.153277938315722 0.255222904944299 0.484617971629537 0.160581356483434
-0.0569762048511388 0.354100581474548 0.253662841954469 0.753553019395848
-0.295097581964118 0.528612762889938 -0.389506611378992 0.734303899785217
-0.177955327469174 0.822068759057495 -0.0529768227260903 -0.0646869092473034
0.298093055609349 0.520909595634911 -0.387249908882476 -0.279858747513871
0.258902112834788 0.13876058172981 -0.53284626890611 0.263466631619301
0.322231083459119 0.110137297828229 0.131557156884873 0.500536119979153
0.309990981079198 -0.184916765563518 0.320959163121656 0.0633825561900778
0.0904310544755802 -0.189193209859797 0.149174645016642 -0.155561776451586
0.103596387041515 -0.125694443558251 -0.0300035444744381 -0.155214204932944
0.164969970147881 -0.105377960214377 -0.150703649333475 -0.0994099238968783
0.18908234640738 -0.0700526728943258 -0.206577032555503 -0.0940836763832425
0.189764724312306 -0.0380375211895089 -0.198204896505943 -0.197841630938974
0.293603966802129 0.0446125768836229 -0.0245642790450323 -0.308014074650248
0.187322459482456 0.325513576578411 0.21333798478775 -0.252719336281586
-0.0567328584519157 0.24214819266005 0.450571847182294 -0.0813276042648298
0.0616114723194341 0.382779239676408 0.447744573344381 0.617139164893396
-0.192117657555771 0.729282895696546 -0.24918642787656 0.564958122214569
-0.339808192070325 0.894423956644804 0.0882007672121793 -0.356841602379983
0.22968703384805 0.667262702636314 -0.30594215518207 -0.461324302708004
0.318373095664979 0.173181098980069 -0.602736188125875 0.0216593693003878
0.266033381658433 0.0526623277092291 -0.0546914876364786 0.504955634718515
0.190363565427241 -0.130596835825846 0.322192856005985 0.14174644616841
0.059245845312822 -0.0459363972114061 0.19286781862679 -0.14614870485218
0.151606230367916 -0.0234200390149074 0.0227467247609091 -0.168248802894906
0.212841560249985 -0.0639356116481261 -0.0793183715828948 -0.129278405313336
0.217482991407617 -0.0658394173297619 -0.123338303765613 -0.124792996625978
0.207012355724423 -0.0419605202943997 -0.0953301354397325 -0.203810213725742
0.26949010901519 0.0508746311660566 0.0629440021456614 -0.215505087053612
0.134221296743656 0.219794004040111 0.0885482901043679 -0.137069034749947
0.0799840414763022 0.145262029735395 0.326659299097134 -0.257851123832389
0.203530958564601 0.357995960489762 0.505573582032659 0.452235991763173
-0.0495084736818085 0.836926712328501 -0.15575032625274 0.313158622906294
-0.378434291443253 0.818390499308962 0.291564399391189 -0.572011240258049
0.20896002465592 0.607258632311606 -0.095514034404266 -0.570046876378627
0.250229143253164 0.0985744260390432 -0.525176810686185 -0.272587017018328
0.13148997455979 0.0165664033333523 -0.238022243856991 0.366762430771729
0.0490826527224057 -0.0396869911231989 0.209079877674571 0.218804997613686
0.036806320950554 0.0877652639074912 0.206130434055673 -0.0558285423679479
0.173878242350354 0.0620082843487585 0.0952006768730914 -0.13044622600136
0.227021907834933 -0.0126935552288175 0.00387990759025605 -0.141179883660106
0.20613703483271 -0.0350328700910887 -0.046518997965591 -0.159154488677178
0.167056355401985 -0.00395700000813919 0.00994358386774447 -0.235875154496889
0.148705908911443 0.0498367853168048 0.176769517631913 -0.150359579221944
0.0477820100883226 0.0401016084298881 0.0140832165417367 -0.00319988967985137
0.195684289066632 0.022123305994094 0.215337125311385 -0.316799357996877
0.32491941362801 0.264338746092375 0.410998789254832 0.312452106924385
0.0581821240152968 0.839969736224643 -0.117525953823859 0.0160603291104883
-0.232561354343719 0.646489751379688 0.491872090460856 -0.697629774934802
0.244792064229724 0.331171752431513 0.169084858056789 -0.625549224595072
0.102856061066409 -0.0129573681712514 -0.385352234244272 -0.526818183470861
0.0018718761798246 -0.0240899231354464 -0.385144530031349 0.181180152544614
-0.0707111666745987 0.0428998969554811 0.0584173700511459 0.282290174541102
0.030061014797761 0.170684428701983 0.202507745640145 0.0710005563796309
0.166466352884494 0.116311238900244 0.174884378608302 -0.0638398032383967
0.20772666762532 0.0400981460652148 0.0875868615439223 -0.133549619484614
0.166225688932642 0.0273939529668208 0.0106376233916203 -0.180905634937369
0.0898829665684972 0.0754332936558256 0.0704835738364734 -0.266817946705859
-0.0280282024780098 0.0607265686235134 0.249378635334496 -0.117092206636613
-0.0438905143843692 -0.122572356225676 -0.0230356340533351 0.0634729301824894
0.213663524869571 -0.0857673084249176 0.158130948038747 -0.285318538780135
0.397192119375145 0.151039367622292 0.238373097882929 0.181869962920839
0.0978654602320175 0.723505455107513 -0.0975971315707217 -0.261876632562718
0.00807280831752714 -0.537485377820181 0.0689898663203034 0.464647002731932
-0.38497812425201 -0.115292634165503 -0.0902682262727134 -0.0605634372896503
-0.171210568237265 0.172669438396494 -0.121264966917222 0.245272028226871
0.12397216904907 0.212827970706536 0.0854331867719155 -0.0428313992384409
0.182116142660047 -0.0777656701266788 -0.238147521888625 0.0859308933384952
-0.00284969757381997 -0.191365750109855 -0.0757658395504068 0.244740759078204
-0.121163463958794 -0.126565929002947 -0.0505997865085154 0.168041291595956
-0.15624885180596 -0.0917052364312208 -0.161785132490573 0.0899849280992588
-0.133054651884347 -0.113458213939878 -0.25092840347289 0.00466171106536287
-0.035315966824742 -0.179075063702125 -0.216581714614028 -0.175216250943882
0.148857454876075 -0.111523959419803 0.0432832395377156 -0.322091016511116
0.101104455353616 0.0921976601772922 0.449932075168543 -0.10493928757158
-0.0306178291574344 0.086809484614432 0.361056905862092 0.611576605216084
-0.26007916455514 0.0181128790924691 -0.287580346107746 0.727952797779844
-0.0416305049872577 -0.37738865737754 -0.584030734350584 0.774281150987453
0.0793951863930146 -0.206145963722161 0.00924332507899774 0.536175609817735
-0.234719029173879 -0.110861683129179 -0.115978548663762 0.0431316848048455
-0.155562751106893 0.221465677916091 -0.107495697394062 0.298819082456335
0.228088047357793 0.253052648056511 0.1644647844499 0.0299393475527912
0.30695122075149 -0.131117473995701 -0.146377422492675 0.0422445309927577
0.0640960478824482 -0.286060455112537 -0.0500875360313736 0.170858324217802
-0.0681274622666861 -0.19876366680675 -0.0695394034700848 0.104835961243245
-0.0830012092637144 -0.126226928239463 -0.206040016550663 0.0471031069877323
-0.0652321193008148 -0.0961787706831098 -0.297964589806762 -0.044590929439565
-0.0107107224098154 -0.138150736289029 -0.245331891451766 -0.237653179584241
0.177669587743897 -0.110442359649931 0.0655056450533908 -0.378990009022187
0.157759397191361 0.186521935148989 0.466021749952446 -0.0990236726555877
-0.0875520975982197 0.120542951672625 0.378777380328773 0.544044161711717
-0.187472249101867 0.215630985560826 -0.2214109982653 0.811751995942565
-0.225278688624164 -0.0502938836104888 -0.60456573916499 0.815841827362049
0.0967429976991553 0.199765526766135 -0.0589101357623787 0.455295964007971
0.0475145119443055 -0.00823812152668335 -0.232608951235891 0.0294293593283904
-0.085567442355862 0.153116550669486 -0.200037511491012 0.386869933452476
0.283923030055727 0.251777031152165 0.246356246255663 0.186051178332229
0.375779837940357 -0.17763853327941 0.0209096632529953 0.00209167696609308
0.102424220029125 -0.328472721167176 0.00365335429807776 0.0463441649768591
-0.0140011183190361 -0.229808669534892 -0.0754754490102797 0.00841293699456052
0.00377631131080422 -0.139500784588978 -0.218707331536117 -0.00165493017038072
0.0254099131843464 -0.0784023377253684 -0.306884730355635 -0.0679748461273922
0.0436311272944556 -0.0816017303985185 -0.271653143478309 -0.244673603881277
0.200830502414548 -0.0627547218726808 0.0189975367372284 -0.410403835890868
0.193610909687263 0.267840369190893 0.442200617873247 -0.178774319205523
-0.154844329319679 0.199128504875537 0.438676917672098 0.376470147805381
-0.127011015216705 0.304123560680285 -0.00251181231501832 0.82357048017615
-0.31361665624274 0.262234897616707 -0.521205577813835 0.814332584450329
0.0135740228024387 0.578999974062436 -0.0951357626519554 0.235812769670548
0.266823265363116 0.246238330491519 -0.345741843048196 -0.0934927482693348
0.0926950375914204 0.0959676596173488 -0.368273161888656 0.390256859630515
0.314815788488296 0.181299066166959 0.24482578601651 0.370855508210951
0.373666660722121 -0.204441149677796 0.205512673955324 0.00594829925833557
0.108795405220679 -0.296471281172148 0.0763539259250224 -0.0821635796158694
0.0462924762602082 -0.201802298444485 -0.0645944097024054 -0.0891802937855582
0.0915407399762713 -0.131462170619456 -0.200539737174732 -0.0522216085207953
0.118331559243082 -0.0708540613074969 -0.275797567866824 -0.0778347562573204
0.122394407855091 -0.0472237577834876 -0.262445011366219 -0.220595778842029
0.250699321496629 -0.000905118842649744 -0.0369277155779078 -0.386575357881339
0.206557526946417 0.326325654484619 0.350028163445481 -0.265165139055611
-0.147642605603961 0.25973666774368 0.488178670681645 0.159748872783989
-0.0521003803438089 0.356328463371174 0.262407047255541 0.752436383257205
-0.29052177572721 0.532548887413641 -0.37997793728995 0.738315309444596
-0.188531420698289 0.822378655233642 -0.0529150354784208 -0.0650651050355752
0.303752909451752 0.519517997204475 -0.391478997863425 -0.276691163475762
0.260514379699835 0.13518354749611 -0.530039520667833 0.269254115743172
0.3240766148517 0.106368904165965 0.136338557773063 0.499812819760198
0.30814957518366 -0.188692113239056 0.322979656064817 0.0600638646497683
0.0884641753741224 -0.191039851532171 0.146871023846715 -0.158220993113171
0.100940112341577 -0.126567145529407 -0.0329412890803118 -0.155739698342542
0.163756782908034 -0.106603660819172 -0.153219248495573 -0.0974624785752754
0.187615521443615 -0.0717893233883662 -0.208644154176876 -0.092496227977248
0.190077441292934 -0.0408131016341636 -0.201400056867453 -0.195766341311867
0.295115924649335 0.0398381549644017 -0.028885854876873 -0.307424501660691
0.192603128241935 0.323068449148348 0.210639854076696 -0.255259309916762
-0.0539876231764411 0.243805359744903 0.45026285899002 -0.084463458010877
0.0646398554559488 0.382112718528182 0.455254715086013 0.609682406720715
-0.185938931586836 0.72935102045981 -0.243702573850562 0.568286163991979
-0.337518628396829 0.895982895071796 0.0883059065780437 -0.358489623521206
0.236447706811658 0.666787897687015 -0.310420330353605 -0.458290666462492
0.319975680962198 0.172570261761872 -0.603769623073423 0.0283126637717819
0.269586643587458 0.0484605609537476 -0.0383393135300992 0.50368861221505
0.19017379286972 -0.131709044481105 0.324870264743534 0.136494989122218
0.0592864123164296 -0.0455797228759069 0.191992492035258 -0.147657624276584
0.150066577222867 -0.0281286700318184 0.0231482359174692 -0.167972604665446
0.210561013512793 -0.0676070787822575 -0.0817123568715566 -0.129238606781766
0.216236763285107 -0.0674752372067439 -0.125291218629976 -0.122669098059601
0.20839150690411 -0.0400962568884817 -0.100348334191786 -0.2009867765254
0.269629153482819 0.0496486487748357 0.0603459549478258 -0.216218703502177
0.139089985772329 0.217836241739993 0.085319015880958 -0.139666978199604
0.0876743551327651 0.143404956716942 0.332156056067038 -0.252925425098466
0.208230688598076 0.355197554618719 0.511400115894307 0.448606441372388
-0.0384099686490545 0.835995079596102 -0.154622237068454 0.315130658469269
-0.361651543024028 0.828244861949788 0.286850583509375 -0.575719454615292
0.216037049270269 0.606193301631735 -0.100958817498414 -0.567346198240142
0.251922166491881 0.097236678605818 -0.529282232487529 -0.266800772816772
0.131176593102539 0.0152785063458455 -0.233963436608569 0.368488544470634
0.0488178311770453 -0.0409415635627075 0.211229873680149 0.216733204150886
0.0386668981852789 0.0873029240562256 0.206276244115394 -0.0571994787024006
0.174880802836514 0.0599295915860475 0.0935650855055787 -0.131246881378085
0.226385847833284 -0.015486138923893 0.00205987366862734 -0.141705959063556
0.205381840752118 -0.0362930803255485 -0.0493669542978886 -0.159029646824812
0.16829350478466 -0.00597738191058589 0.00593055837876916 -0.236462879062455
0.150039460958144 0.0481974042491971 0.175412184619715 -0.154003837517886
0.0489885005506898 0.0388787328790778 0.0137238665631891 -0.00396544785422695
0.197310237501302 0.0205499939602922 0.212032544288055 -0.320162125193846
0.327413283201337 0.261769406495831 0.415137445951787 0.308544751078633
0.0678232683992685 0.838942246309834 -0.117578073808174 0.0167079897464508
-0.231751264607809 0.649453480544408 0.491056162171085 -0.69881205711796
0.245717424444782 0.330712732246794 0.164669388891462 -0.626385306848012
0.10309012755263 -0.0133264094231899 -0.394079816952256 -0.521730433962336
0.00181927869378586 -0.0236168736899543 -0.378417187355199 0.192383182973026
-0.0711951130802302 0.0429110332159971 0.0633315485161445 0.280931395529808
0.0319851051509989 0.170796328400405 0.202147317844023 0.0703954256752882
0.169621623544301 0.110169975101931 0.176136651553813 -0.0625963140910429
0.207795342088156 0.0365546474188513 0.086326453133283 -0.134412422302117
0.165860952695098 0.0263549252229178 0.00518618191878132 -0.182187541439488
0.0901938410230406 0.077244964985749 0.0693465695177667 -0.267335815233699
-0.027661135192843 0.0615868406176839 0.246721250321182 -0.120303202169698
-0.0466010162415226 -0.122534423935857 -0.0216713872957089 0.0631971875245899
0.212482137360841 -0.0931025210424504 0.152352268081873 -0.290513678737241
0.399335164026693 0.144702594375678 0.240745891342182 0.1803306791988
0.103729711743866 0.725220410792232 -0.100888767074832 -0.262424389896863
0.00212307084266508 -0.537216584943798 0.0733045942314138 0.46522096783262
-0.38683592700016 -0.1098421896657 -0.0909065337421327 -0.0592735293264636
-0.168926397235368 0.174970219555109 -0.117578367182335 0.247427381338841
0.126901287586484 0.211173840085657 0.084528129541755 -0.0433272463662999
0.181960945778489 -0.0792468162140116 -0.236564216607975 0.0909900822761062
-0.00524041098183192 -0.191794395759989 -0.0722532791317402 0.245986481637793
-0.123495610409265 -0.125557679641917 -0.047502871403476 0.16888931195953
-0.157695727057847 -0.0903028284449532 -0.160293700194498 0.092068796679944
-0.133968828292622 -0.111453506579372 -0.250493379947467 0.0082188493998032
-0.038020642778977 -0.179204130937281 -0.219815452346644 -0.172744644418315
0.14866087311805 -0.113250656697031 0.03876167642253 -0.322758923788179
0.103228510587438 0.0908673016490564 0.448498077758821 -0.109064853021701
-0.0294378198073103 0.0873444521467303 0.371271238584555 0.611176705001487
-0.259498101853483 0.0210164285752156 -0.280038140052629 0.732587061330354
-0.0456454931876967 -0.376306070030078 -0.575860594446182 0.779390527584313
0.073579249032424 -0.207306770884808 0.0156755743991623 0.537648292018482
-0.236291919359353 -0.107263604739112 -0.116340520364193 0.0444009290556975
-0.153557657566184 0.223537301219388 -0.104875473560256 0.301005314526783
0.230214241094752 0.25262022381885 0.165198751073913 0.0278506763399031
0.306250788067741 -0.133933484982556 -0.145535448241184 0.0460110584855666
0.06061842622943 -0.285198460118374 -0.0474933318165399 0.171024124011328
-0.0710843597640194 -0.197622282343037 -0.068068559586096 0.105615023101823
-0.0854511762772432 -0.124475158970238 -0.205115192425515 0.0496540841348808
-0.0668942236271735 -0.0958517668830256 -0.298548527807002 -0.0399042596069279
-0.0119919279274973 -0.138354084944007 -0.248907040001444 -0.233390092161826
0.176827403283091 -0.112466553446392 0.0616275425258822 -0.379745516687205
0.160403257099342 0.185250462113907 0.463889516880702 -0.10451725020437
-0.0860645767831066 0.12171941255972 0.3866938090608 0.538444232295554
-0.185049964706751 0.218815297751241 -0.213461300231884 0.815928557403706
-0.227010860040247 -0.0479355287984812 -0.59747284912688 0.821372794061851
0.0947927012782307 0.201144059185513 -0.0570246175016348 0.456919351223621
0.0466820415043195 -0.0075940713751709 -0.232724927922331 0.0311678767776046
-0.0837735502083906 0.154650689711555 -0.197895947117933 0.389405959848265
0.288574524341426 0.24774391472139 0.249648472456276 0.184201537988957
0.374483939295979 -0.182872714192025 0.0214498280636526 0.00206985378813907
0.0978344453583007 -0.329835582418294 0.00563111713120904 0.0463306870361761
-0.0178898685962715 -0.229568705478683 -0.0746887651529662 0.00916591682866305
0.00195796460092246 -0.139552677886339 -0.218773773015719 0.000714748839576219
0.0244176529899886 -0.0788757940657605 -0.308827025400473 -0.0631782274883678
0.0430119724784599 -0.082657928027154 -0.273445854674871 -0.241375516540273
0.201387429824038 -0.0664249722001492 0.0136311611904354 -0.410735678691775
0.198577092451339 0.26487310996369 0.441051457671201 -0.184328390972798
-0.152849027299596 0.20111923776845 0.44281308690525 0.373092042315577
-0.124220886565917 0.30548195501971 0.0100219491934942 0.824839833300433
-0.31171758033294 0.267193341326785 -0.514435838770876 0.817796346319057
0.00796746707240659 0.578936792491767 -0.0937802826055879 0.236421574108866
0.26975832816562 0.245398233243242 -0.345644807667785 -0.0908637789224124
0.0950528532738706 0.0953018985589449 -0.363886872157881 0.395097442347491
0.317611166143913 0.17880105315361 0.250577255169474 0.367824925321815
0.372713443168683 -0.206152686884729 0.206095017742962 0.00349320296615989
0.105297684430684 -0.298301900027748 0.0754322501058457 -0.0834713291420504
0.0413081074708299 -0.203008670884025 -0.0656247723372998 -0.0892334507292653
0.0886774088679656 -0.133292561526243 -0.201478987841157 -0.0507610563986231
0.117201406818889 -0.0722563366125212 -0.276678014939975 -0.0736783226532291
0.121666112381447 -0.0505338615102833 -0.267299251206611 -0.213842179718749
0.251678968371191 -0.00379902545825294 -0.0417225012621444 -0.385662214833126
0.211706620611454 0.324451101466679 0.349038663977472 -0.267961213841147
-0.139547705223345 0.265911860287536 0.491273155139171 0.145947782003636
-0.0504511127080072 0.357540560073921 0.267960067898397 0.74934585855958
-0.286832228213743 0.534401331243181 -0.373731913382043 0.744527897536647
-0.154957742450267 0.830017785560204 -0.0540287419629299 -0.0639374385693335
0.309168137264781 0.516358087431373 -0.393517357275507 -0.273877085897561
0.263037782612527 0.133532363145251 -0.529565092869898 0.274530200802566
0.327325880154728 0.10214019998457 0.143520697359836 0.498970254780674
0.307097747562497 -0.19555112164091 0.32486262912072 0.0568188517008262
0.0859656865022123 -0.192379696881091 0.145250426292164 -0.161064103302705
0.099769746101607 -0.128147286062485 -0.0349819968984128 -0.155569245168781
0.161849261755041 -0.108582349513024 -0.15342413389651 -0.0955258149927693
0.186457303306434 -0.0749853726987386 -0.210343059079758 -0.0895228196208478
0.188711250250963 -0.0428316862586985 -0.202690790985039 -0.192979361403832
0.295578758721605 0.0347526475731224 -0.033394726490629 -0.307514208867653
0.197635712355015 0.320935973572858 0.208876039644759 -0.259116223695132
-0.0508695373341171 0.245750412903938 0.449308769069283 -0.0901999493983996
0.0689414050679443 0.38386067249895 0.463073868187048 0.606566461559508
-0.1774277073879 0.731943832620896 -0.240333256278015 0.571765787184249
-0.28469612079822 0.910357623042328 0.0791413156493112 -0.359310690499715
0.243885046825051 0.66312600917786 -0.317312456208977 -0.452460363593036
0.322004258306 0.1677402050487 -0.603586720124105 0.0370369622897774
0.268501064419061 0.0514722835208995 -0.0332375226455445 0.506470159622801
0.189776331704348 -0.13191293242973 0.326585228727996 0.134580823201488
0.057977409615713 -0.0471214211825802 0.190697482368506 -0.149597331614706
0.147217024940179 -0.0334865486190375 0.0192929526052816 -0.169219138992138
0.209667103422436 -0.0694078845104579 -0.0831722211927376 -0.127596123962971
0.216195160607607 -0.0690706398640432 -0.128024025831474 -0.120055169443189
0.208786498857656 -0.0369091647121806 -0.0996565984193233 -0.200930571898208
0.271159752516525 0.0436587343588658 0.054806674896179 -0.218006750217979
0.143674270193064 0.214867882553936 0.0842302652619144 -0.141245837389228
0.0929389416571283 0.14288227953267 0.32947104391235 -0.258298212212471
0.212765672759579 0.353505353226301 0.514389504676998 0.444969834158041
-0.037352149561065 0.838383479563583 -0.153031381935934 0.315964767505131
-0.302673007632867 0.846880871405539 0.276300030447573 -0.579742403737839
0.223730324701553 0.603045893666031 -0.107426245092854 -0.566828101903224
0.253424257189703 0.0944388397687693 -0.532738822832005 -0.261616089142853
0.132247188325124 0.0134320172095402 -0.230361598095749 0.371296285602808
0.0481942257932979 -0.0422203115617653 0.214728580550931 0.213695201555088
0.0385334753910739 0.0875210440340875 0.20475631511131 -0.061191000727676
0.175770659021898 0.0581814587084869 0.0916137245794118 -0.132386330432296
0.226866505620471 -0.0174149239886064 0.000348961624674586 -0.141949253070859
0.204395503149337 -0.0391386225158222 -0.0523697751089795 -0.158498659700761
0.167894962416505 -0.00752933622158748 0.00235587785142682 -0.237311665975151
0.15138308897282 0.0454822623777671 0.172561978728753 -0.156888150843849
0.0503715650893064 0.0382538032344342 0.014342251872991 -0.00408791483179339
0.197536644194953 0.0185570933157797 0.208137511308105 -0.321918091619751
0.330160867796773 0.257853261207852 0.418670781707988 0.304214885684836
0.0750914528451754 0.837940050162449 -0.116929638510079 0.0172231315429996
-0.199396468952615 0.654985352207321 0.474591258157414 -0.70780185307906
0.250731535049266 0.328928241218189 0.156602129592755 -0.629334930844896
0.103651943069783 -0.0147608720219811 -0.40028499627521 -0.518435710960263
0.000507353078520827 -0.0235818211879018 -0.379254290036757 0.192640308339449
-0.0709783661356754 0.0434245730799242 0.0648795516220094 0.280198906760046
0.0343468744385417 0.1700758861993 0.202961786598164 0.0673889588750992
0.170896919046143 0.107895166992766 0.173297594281365 -0.0684078012821058
0.20816617750553 0.0348500015119593 0.0829518853186985 -0.13694211142894
0.165915745201236 0.0242426247262812 0.00128905189448161 -0.182249564408418
0.0917343397981981 0.0764978400889898 0.0714615201709722 -0.26643189360369
-0.0266318299974957 0.0621523782864411 0.244257824986743 -0.127361852514708
-0.0485686279282062 -0.120923555084697 -0.0216130595636838 0.0636667220885744
0.21337112601208 -0.0899731106918114 0.143099195766884 -0.29552184334181
0.400186562611119 0.145680143547834 0.240863060595488 0.179068995104618
0.103944309424007 0.725974338036895 -0.102856336835722 -0.262174685285539
-0.00545373833738672 -0.537467963327486 0.0782036158124877 0.465498770269404
-0.385909838926781 -0.104377985088478 -0.0912216174960512 -0.0583452919969729
-0.167160941256106 0.176485761563109 -0.114696857549515 0.249110907505893
0.130390189850751 0.209002728064192 0.0840912061163904 -0.0446624568101771
0.180828497252066 -0.0819493253354873 -0.23506386105627 0.0927178197701528
-0.00742974983811789 -0.192810634877356 -0.0682971379308731 0.247402374995983
-0.124362925027683 -0.12390770657321 -0.0442939624418448 0.169682286669451
-0.158855560821602 -0.0880615026053963 -0.159651716058903 0.0947045165816281
-0.135194564938984 -0.10936177610531 -0.250240661613373 0.011259729597596
-0.0405433262863793 -0.178620635152321 -0.221204008007944 -0.16914936403926
0.147253761540038 -0.115735601090352 0.0357856185424171 -0.324385795554242
0.103700496377203 0.0894765547109537 0.446811384759001 -0.11462372888289
-0.0285925159700604 0.0873214191500617 0.376336783275276 0.606365758824009
-0.259361720992817 0.02488089085321 -0.272783627075328 0.736722680193826
-0.0505897510013322 -0.37624020664047 -0.566219543045168 0.785483296926609
0.0712857525344352 -0.207977721170593 0.0228914992745236 0.538125782716106
-0.238087993940989 -0.103634999183629 -0.115543441225345 0.0461537389692445
-0.150044408046885 0.226444119186658 -0.101989631726387 0.302236743021793
0.232131708389215 0.251298638531359 0.165746044561841 0.0265914256232449
0.30491673711766 -0.136266089903737 -0.144413331789242 0.0491045244029216
0.0557652753838531 -0.287880009051345 -0.0451390342364269 0.172998297216927
-0.0751251269988268 -0.196838894242577 -0.0662324459686199 0.106226252178939
-0.0868657327947128 -0.123725801408778 -0.205070058710381 0.0535838813343293
-0.0672342758119748 -0.0951193846056288 -0.299438106561633 -0.0352591612127875
-0.0133236321437844 -0.13852895851972 -0.250476251543173 -0.230655678514469
0.17518760660026 -0.114267193861964 0.0546030252847553 -0.379784647479259
0.163061417029813 0.183177230035553 0.463699572977397 -0.108679176348771
-0.0841543425655009 0.1231374419163 0.395637511843976 0.531886020495125
-0.183079442874785 0.22149381052068 -0.205060181776534 0.819939851516136
-0.227409842323642 -0.045883913464702 -0.589665513533523 0.830102417852392
0.0968068387370781 0.199455993099597 -0.0507117392435705 0.45763266116955
0.0470553928742562 -0.00741053818703438 -0.232191486541184 0.0336454987846715
-0.0806483028777612 0.155531454584044 -0.195429803284711 0.392110045739085
0.29150641506373 0.244882594344672 0.25198169821143 0.181433844529891
0.371809990694038 -0.187500505124762 0.0223546630281351 0.00292028869452607
0.0933072484454356 -0.331925148142038 0.00584721895618006 0.0461194216910409
-0.021477410216878 -0.229476489254308 -0.0742663776793822 0.0107178391518432
-0.000209282374626495 -0.139339330190948 -0.219181607228976 0.00379965711216266
0.0231601595306839 -0.0794738531433318 -0.309235689286065 -0.0597565295249854
0.0419619264414895 -0.0830668788779862 -0.277098966762873 -0.237624774589496
0.199906689864551 -0.0683671961749982 0.00772845360061684 -0.410472244275208
0.20235719744212 0.262632346697854 0.438230751648524 -0.188283064132198
-0.150178148866084 0.203100094060828 0.447183038265349 0.368002302111699
-0.120832987929473 0.307011324107791 0.0198291508381972 0.825304065833563
-0.310105067772994 0.270925999372105 -0.504241851873889 0.823629703108482
0.00537895327766735 0.581624988124174 -0.0921327349563576 0.237013231330464
0.273715779098637 0.242457906088721 -0.347835946285604 -0.0855758012447111
0.0965402358779487 0.0944113828869671 -0.361525553436481 0.398675003204645
0.316172737167278 0.180981860097352 0.251271220964131 0.367670413901054
0.37125973907266 -0.209458036072879 0.206528292064881 0.00144405649136003
0.10098539836986 -0.299822289768708 0.0748426495520152 -0.0843901948607013
0.0339421749827958 -0.205574332780142 -0.0661424066336164 -0.0885231386059645
0.0864110072756151 -0.135279530868645 -0.201880005663981 -0.0471337703937415
0.115930962643355 -0.073624976313398 -0.27735181649172 -0.0691162927106466
0.12119000652418 -0.0487952936004528 -0.269534231100174 -0.210414853409575
0.251467500495725 -0.00665590396095905 -0.0435694686354713 -0.385583396561596
0.21532971362822 0.323622455999545 0.345817433642489 -0.272051146252435
-0.138998248410118 0.26630319285734 0.492478545628945 0.137282962216606
-0.0472682716683473 0.359222445829608 0.276723892646577 0.747294293362036
-0.283962066297256 0.539216708142642 -0.365205241674482 0.746017717486633
-0.12429015799569 0.832818975230337 -0.0547024034173234 -0.0630243208919419
0.315823716834816 0.513801451845904 -0.397760472499492 -0.269973624414214
0.264534634554841 0.130330669319687 -0.526098072916685 0.281650872046225
0.329273964296312 0.0978438602294356 0.150013948067844 0.495921291096408
0.304892743252459 -0.199651652311225 0.326584265017265 0.0514480469041762
0.0832131940072142 -0.193683469941153 0.14285706892749 -0.162513414495812
0.0975403919722187 -0.129822861813609 -0.0367700164214481 -0.154428060216945
0.159747157572244 -0.110279141635861 -0.154955899243757 -0.0935729545772423
0.185823359235155 -0.0780276180954542 -0.212348147767951 -0.0863498888830649
0.188093301766845 -0.0464536041294173 -0.206135540174712 -0.19043721234048
0.296953510848088 0.0306698855425532 -0.0377004320194672 -0.307884462457312
0.202744941624115 0.318715808739908 0.203976635209714 -0.261889737905062
-0.047702127306916 0.247553757273814 0.4491366639606 -0.0967310260024543
0.0724000717193877 0.383308140149416 0.471043790123622 0.602684573744603
-0.168981709776738 0.736781422884612 -0.233050853663862 0.572928026054583
-0.272118859290706 0.914576950454047 0.0725317945225231 -0.360954213247518
0.252953956014109 0.660334367052201 -0.322692953106225 -0.448668994739078
0.325611242853204 0.16402395111952 -0.603212779092862 0.0440377988350533
0.26899845321269 0.0484927574611694 -0.0370330745533174 0.505642867745891
0.187697066769525 -0.138680607273497 0.328436057954782 0.13211504023896
0.057256611317681 -0.0495863686346167 0.187521421277585 -0.153802373954298
0.148061617230855 -0.0321563080883611 0.0144200863477738 -0.170455066833175
0.209936724509186 -0.0699348017662353 -0.0861665917461666 -0.125477963293122
0.214820249286369 -0.0721450821692656 -0.130565133888826 -0.118613407142599
0.207198705806518 -0.0448257976779438 -0.101672363194167 -0.200977822596412
0.272849050925049 0.0371439626118245 0.051378071248625 -0.220377106456307
0.146383365130163 0.214979428336135 0.083637883993931 -0.14223778823371
0.0899000210774761 0.144398282310361 0.318173276042319 -0.271110041496158
0.214660706384243 0.352360736151623 0.521711051366982 0.436571810846851
-0.0286733153763857 0.838581081510771 -0.147110751634778 0.318234137826403
-0.312719796968931 0.845830738021648 0.269674875509702 -0.58316355594293
0.227993492529584 0.601062176746943 -0.112645768624631 -0.566383669977023
0.25483221029527 0.0914497667407018 -0.534464226905474 -0.255502432457321
0.132812967653156 0.0125687814600516 -0.225823286216384 0.373423015632427
0.0470331917799319 -0.0439022733109888 0.219044610521479 0.209768858266268
0.040666566631496 0.0874573652017926 0.20302446476124 -0.0635920422080033
0.175526564365412 0.0553522542782862 0.0897590768942448 -0.134277178548395
0.225932218992947 -0.0211381523642256 -0.00139673552351886 -0.141448499949395
0.203848780882361 -0.0427262707676105 -0.0559443300992521 -0.157437823233002
0.168521226167967 -0.010382532540214 -0.00166577211165354 -0.237093596079962
0.1515893144134 0.0436925191194772 0.171087801413884 -0.159801189291363
0.0514102963532247 0.0381898908283863 0.0143482907796488 -0.00520054065241836
0.199198161886524 0.0166245847602343 0.205261917798591 -0.325510959881067
0.331687806686729 0.254100969271267 0.421847734244517 0.298228218855194
0.0873761660579789 0.836776579672477 -0.117214848415178 0.0179211627970747
-0.184898957578402 0.659385154597161 0.46570548092371 -0.715139294221678
0.254985930207365 0.324347341253308 0.147808470089251 -0.630808168125067
0.103127567161894 -0.0159437893083374 -0.401893637937051 -0.51619441737073
0.00107481535466744 -0.0225923620784984 -0.381420395238376 0.190005986040368
-0.0698245200563198 0.0438717549428373 0.0682138968395269 0.278978283566292
0.0366074521923032 0.169880089807579 0.204251801426728 0.0625598805334101
0.171079823795534 0.109363579398699 0.17023424255508 -0.0739325104292158
0.209326500367435 0.03281835735029 0.0803556055311848 -0.138287325007107
0.166603214575798 0.0223115167662431 -8.75382166886805E-05 -0.181914885465312
0.0934193801044176 0.0732171278246239 0.0652237658432113 -0.269893347828576
-0.0259384940620457 0.0622983232273351 0.242211789250509 -0.131728867477609
-0.0494294951055924 -0.12073733903318 -0.0204510609462764 0.0633296100920091
0.21493014308397 -0.0876319043513823 0.143578938485129 -0.295554085594572
0.400862674076169 0.141816344373106 0.243196288956945 0.175679649270151
0.116764740684322 0.724367956270868 -0.107623318010678 -0.261744972864449
-0.0115618257600556 -0.536709806240054 0.0833059452746815 0.464803955613915
-0.38995936496661 -0.0987356071153842 -0.0919001283607061 -0.0568110499333597
-0.164766195674543 0.179635508900957 -0.112539849024324 0.252041139711412
0.133553134722811 0.206390249757601 0.0840390156590067 -0.0466540033758843
0.181042566604465 -0.0847622142725565 -0.232427178113145 0.0972704362778581
-0.0105273815599317 -0.192742339758618 -0.0651715850508248 0.248670148693656
-0.125442895902328 -0.122001947980577 -0.0413327775000771 0.170243456758393
-0.160171019365833 -0.0855397260516028 -0.158467350543381 0.0964461330729308
-0.136944784854744 -0.107548702313945 -0.249602855811052 0.0146815026391684
-0.0423895058350806 -0.177893715637474 -0.222760901706702 -0.165591052495768
0.145696566854938 -0.117410293553296 0.0302099944066104 -0.323866369912391
0.10442231542191 0.0890089413280053 0.445067329563902 -0.121305506559289
-0.027368558212674 0.0874009600785408 0.383183192304032 0.60363980181123
-0.25917827975059 0.029424797555836 -0.265828376193454 0.738723910513752
-0.0543004140506156 -0.375170564078381 -0.562271474954871 0.794570487954181
0.0709970354682107 -0.208663242283397 0.0278479298980046 0.53731341879886
-0.238883202257308 -0.100515814727356 -0.114647660157178 0.0472839425406233
-0.14675615897084 0.228433640280107 -0.097773828163472 0.303646076408885
0.238448962468712 0.245392351612711 0.166553329639212 0.0249263775248451
0.302774795118076 -0.143375502689486 -0.143823706101635 0.0505324484695995
0.0503871950862765 -0.289297094296812 -0.0428762843363652 0.173011995605308
-0.0785254223302167 -0.195972715582649 -0.0641380000732848 0.1071293556887
-0.0890747670459345 -0.121995704075997 -0.20376063989515 0.0557185260170473
-0.0691531104893736 -0.0937781676080419 -0.299800241506846 -0.0329043596486307
-0.0154137639320681 -0.138522875249472 -0.2525799400281 -0.228034745245213
0.173414003996597 -0.117039872749257 0.0478921839463848 -0.381091926604386
0.166643678904403 0.181073959332953 0.461978624332039 -0.114203194141925
-0.0830960155798068 0.123368560339075 0.398551367768959 0.530135973413093
-0.17990313329757 0.223246667641427 -0.196832274122704 0.819879166832106
-0.228759258471974 -0.0426135208055201 -0.579100268776245 0.832414765187822
0.103467579725666 0.197271688951995 -0.0432784555405574 0.458485264313457
0.0467052472807435 -0.00764878989136128 -0.23161849290177 0.0365607311719481
-0.0785543327635738 0.157635323315878 -0.189297118431305 0.395843060761679
0.297257332068782 0.240254369439772 0.254781409227149 0.178652553069063
0.369319319622181 -0.193042751598114 0.023300595654295 0.00264772837494767
0.0890783008361419 -0.334131992158335 0.00689802391539524 0.0449650821274304
-0.0255479140215253 -0.228642379111262 -0.073885205051828 0.0112281357379266
-0.00205011122944152 -0.138891272205406 -0.219054172254585 0.00682989112932915
0.0219640722017595 -0.0791960241220848 -0.309704322713403 -0.0554452694939585
0.0412859775736089 -0.0835608301265696 -0.279171279894038 -0.234578631945134
0.200553620896645 -0.0724876756716949 0.00153830237163618 -0.410567743339966
0.205822456792728 0.26163556223485 0.435820360240381 -0.195199664886982
-0.147544873271816 0.205522870929434 0.451871703600046 0.362133552754331
-0.1167642261214 0.30973073049495 0.026799064548155 0.828130052910214
-0.305597119543373 0.273183996152306 -0.494017451831021 0.831820115769752
0.0264108993091011 0.578722107474316 -0.0876619429728734 0.238326187583863
0.27503161333351 0.23967615474158 -0.348812835923768 -0.0826718276095706
0.0976961482247252 0.0937605454591754 -0.356230967603368 0.40367842886505
0.321262224492103 0.174500129768497 0.256370679978437 0.364049753216842
0.366810458905515 -0.216437923850388 0.206880609328255 -0.000694198887548534
0.0949068108758032 -0.302005207757559 0.0738484103892253 -0.085500884265896
0.0333602203307726 -0.204124241315668 -0.0673488524344064 -0.0869764278140454
0.0842390305300344 -0.134850386169466 -0.203071757318009 -0.0445382930099249
0.115480124049289 -0.075436977071308 -0.27848211215631 -0.0657813825557378
0.120956758169587 -0.0492311079428052 -0.271325043081376 -0.210197577067765
0.252448291442213 -0.0101055520603095 -0.0511090596503205 -0.385703222030192
0.221153562846294 0.3195490985428 0.340328739236187 -0.278467751594014
-0.142636510737665 0.264457431924143 0.49262527641566 0.140123086263624
-0.0428576743179002 0.359909227535955 0.284372276353874 0.742155008175824
-0.27567056165491 0.543657915295394 -0.357026470331747 0.749685329384329
-0.144046410862514 0.831540926618334 -0.0556027597972932 -0.0637717944688022
0.320900234058133 0.510188468532242 -0.400094057886 -0.265513688838799
0.265982261574231 0.127827378345168 -0.52291003666332 0.288856629961149
0.332189500272014 0.0934221816570038 0.155972178737508 0.49473742583574
0.302796742834204 -0.204401330328755 0.326851682732979 0.0489781397941023
0.08002564255606 -0.19507382769185 0.140483946160709 -0.164463084409483
0.0956551013765519 -0.130667654943527 -0.0393375719928092 -0.153700058861841
0.158129851306733 -0.111196289829158 -0.155935781068691 -0.0914593024911714
0.184581028641894 -0.079427908158407 -0.21297974980293 -0.0840063389222346
0.187679107317332 -0.0487391887010152 -0.209056049652577 -0.187358943814054
0.297805258259147 0.0256872416034575 -0.042966175936706 -0.306674610517709
0.209833634315156 0.315827881711812 0.201356099210448 -0.265564728721888
-0.0444273943145766 0.249019564593978 0.447921330446677 -0.101450603262517
0.0750324783037583 0.382615020863988 0.477619371615314 0.595743114544771
-0.161830884692856 0.73717626416104 -0.226099929097378 0.57589265641577
-0.30725688465981 0.907356479596912 0.0739115894290758 -0.362189256299505
0.259537817750418 0.658203116323798 -0.324852835755369 -0.44802470578292
0.326907828894769 0.162650930723277 -0.602053877720364 0.0488934572531891
0.271889733967178 0.0387247378451844 -0.0281678704387425 0.505558504945669
0.185519789832446 -0.144395195392749 0.330818913849824 0.125378950200676
0.0569548696747492 -0.0488389999226483 0.183875297771835 -0.157495432234961
0.149127850675173 -0.0306437300542266 0.0149534422270493 -0.170260073531783
0.208242100786176 -0.0732131630661429 -0.086781020246642 -0.125114346474911
0.21360120427713 -0.076091726099069 -0.131635762904866 -0.117806544179779
0.205395684129406 -0.0531933674717158 -0.107583419559635 -0.197764628062011
0.273843989140085 0.0357613763289168 0.0498885674269179 -0.219842904785672
0.14975249907098 0.213773465156659 0.0823224681260534 -0.143817372250032
0.0893863213504867 0.145011766270918 0.315937788402396 -0.27289740271586
0.217106938136279 0.35194102947162 0.526957852793815 0.429252437336478
-0.0133568166792946 0.837186848287419 -0.141209384140087 0.317875158635859
-0.346174907254248 0.834585254293763 0.267742854817197 -0.583712886810333
0.234561101008405 0.598384803504134 -0.119371271833424 -0.564029067883863
0.254766225400141 0.0888895327618587 -0.536706971384585 -0.250501961253835
0.133631064625116 0.0103980339070827 -0.220941865314548 0.376513546079606
0.0475314691112194 -0.0450183115373453 0.221200889827875 0.207613865034614
0.0413049437281316 0.08701695001697 0.201971259065327 -0.0658296640659146
0.17679596879096 0.0529626933595291 0.0880593123558168 -0.13565000238875
0.225981490221957 -0.0238951479311818 -0.00337488318386155 -0.140061380970364
0.202170155086879 -0.0451559369747442 -0.0577287831627977 -0.156399701904283
0.167970760158848 -0.012859667226779 -0.0062265292950498 -0.236633569980123
0.153370220488078 0.0414921780631712 0.168920305943136 -0.163152074910407
0.051295141258022 0.0378274422636591 0.0147755808031464 -0.00540072058311135
0.199189371926775 0.0156308798253342 0.20068437665834 -0.328670840904939
0.335879659350195 0.251285053312758 0.425480513649518 0.294319914110995
0.0967127668349991 0.835679809250701 -0.116615279086649 0.0186173615496604
-0.203756780717235 0.656416674195213 0.46514848978928 -0.714647460050718
0.259361167642949 0.319379814394292 0.145015886755688 -0.630588332083448
0.102913131588747 -0.0159120896531447 -0.407516301441693 -0.512934506030342
0.00155567793909396 -0.0230162370185421 -0.376647034177029 0.19871745622496
-0.0697438587754852 0.044531173996662 0.073504227249181 0.277110919586005
0.0389850691072637 0.169028173547529 0.205257132863608 0.0604693299384742
0.172862085826328 0.107380004668761 0.17192423211425 -0.0723856837817791
0.20867400205916 0.0296573164704184 0.0801897284897098 -0.137159164716186
0.165823613771113 0.0189457903099442 -0.00170478476617912 -0.181376993273993
0.0945575083126053 0.0707204471664643 0.0529642589929697 -0.271817580769901
-0.0251196434856223 0.0625774546557582 0.241524902628163 -0.134179023653117
-0.0516021469853959 -0.120696973279092 -0.0186169211233074 0.0630258160292524
0.210380424794181 -0.0963831850725437 0.144261172100469 -0.295367700597491
0.403531565282525 0.13168709069026 0.246527237019117 0.170613338239732
0.132290994394379 0.72047210865435 -0.111389249751039 -0.260957527521465
-0.018569566878313 -0.535848630669634 0.0903854365144052 0.464222584440866
-0.389923962844579 -0.0942064456906616 -0.0928172860214917 -0.055681754249829
-0.16113645620644 0.181014985314723 -0.109527535532016 0.25286504076283
0.137414409016457 0.20541995014768 0.0833360053640243 -0.0477363726095846
0.178496092349815 -0.0864165845874663 -0.230691453585054 0.101377261686897
-0.0131932286321776 -0.192200978679672 -0.0602116933380743 0.249188225608691
-0.128331954153262 -0.120353879436558 -0.0396686154223019 0.171019876692181
-0.160385156639582 -0.0840967779309863 -0.157263184645874 0.0979282534102007
-0.138498136163298 -0.10544639802032 -0.250234437575567 0.0177870847036365
-0.0447857998071181 -0.177727585243079 -0.224365454718067 -0.1625867843654
0.144480665544428 -0.118825578990424 0.0261958663793822 -0.323999705581345
0.104500169156478 0.0871044099431007 0.442348287385159 -0.125576817198742
-0.0260465511046867 0.0875780183995022 0.390747768169973 0.599214435221154
-0.257448768801818 0.0328414959341942 -0.254680944523381 0.741134649495293
-0.0595079107920166 -0.374665172207476 -0.549897514365431 0.797752290265995
0.0686775127546109 -0.209223968083924 0.0335068725676043 0.536641936284568
-0.23992960659018 -0.0972522841022266 -0.113253175699189 0.0483880656254902
-0.143594665257348 0.230264150587515 -0.0945088712775213 0.304763066011208
0.244939611327134 0.24013989298263 0.166651833332253 0.0215830311751387
0.300881178027457 -0.147397246801407 -0.142831067520468 0.0535385251497995
0.0470244725976761 -0.28910568146125 -0.0390074642981248 0.173624558641123
-0.0804344041912448 -0.194526149086734 -0.0622044287576471 0.108760317533783
-0.0906018556008725 -0.12123647632733 -0.203748181732317 0.0577858205777215
-0.0704047608774743 -0.0932080741508987 -0.300206630670641 -0.0296925082566872
-0.0179016122475554 -0.138302391559305 -0.255369825590985 -0.223641193438343
0.172760051622326 -0.119983703753528 0.0443643660550494 -0.37983070381667
0.167700656332057 0.178615670962909 0.459680890474406 -0.121162100840127
-0.0829912599349105 0.124264750928947 0.403123579053936 0.527093397382052
-0.176336235674287 0.227886513315828 -0.18443041555485 0.821556492661315
-0.229707699155608 -0.0396486668618538 -0.574020915669161 0.840216220851842
0.10437502366685 0.196303581260429 -0.0390679390886787 0.459043438545723
0.0467205776617228 -0.00718311582518917 -0.231134084814903 0.0389864810026536
-0.0772374637332988 0.158444112652462 -0.184032057770978 0.397302701108807
0.300105772282886 0.235420243318022 0.257111923297437 0.175613205323237
0.366840115274654 -0.198522658041655 0.0233477100604034 0.00386070262549279
0.0837924355967622 -0.335091712372726 0.0074800452736536 0.0457702847579262
-0.0281166014928361 -0.228160532981852 -0.0735839170709336 0.0126022894843759
-0.00457260487427078 -0.139164020129845 -0.218983786581982 0.00936908727089351
0.0209079240264867 -0.0785272851995125 -0.310425366965317 -0.0514851247770141
0.039410182467341 -0.0845509646313928 -0.283031103397618 -0.229670483584758
0.199507573358916 -0.0747635801351397 -0.00402353256591908 -0.410634476340084
0.209259459505579 0.258703592157053 0.431970920606961 -0.199244183347071
-0.145634037311624 0.207047353989424 0.455642104692374 0.357427175419597
-0.112879148781231 0.31199371815027 0.0375544475598926 0.825090026930111
-0.303750719682243 0.277513499213522 -0.487505570885877 0.836562486304292
0.0384632646879579 0.577919654340386 -0.0842924114852797 0.239907555093919
0.278491804010321 0.236861569772592 -0.349355604130203 -0.0792688699603352
0.0980636785513816 0.0936372485956596 -0.351807557044715 0.407117246695521
0.328676144039525 0.162345462381749 0.264598591120792 0.35904836266088
0.364207421183416 -0.224434071882398 0.207530841850751 -0.00297152614503899
0.0912015591707918 -0.303059724734063 0.0718017515813244 -0.0872108171632053
0.032943384708167 -0.203955587782468 -0.0690030384896964 -0.0854639774976782
0.0824281581376564 -0.134933928583126 -0.202759446434292 -0.0429578848533459
0.113398162670348 -0.0760573949066994 -0.27992455944009 -0.0637305243979402
0.118998178468756 -0.0544374223608512 -0.27340986822236 -0.20459095708788
0.25312186061018 -0.0159619030385735 -0.0604655509804423 -0.382734248968008
0.226184145303838 0.314796516283509 0.33582046743701 -0.282322666229417
-0.134520043818546 0.270408581406602 0.493574552123936 0.136825882225945
-0.0377941756263546 0.361466759241774 0.293161548623124 0.737818566757319
-0.267995571690795 0.545881857202973 -0.349218390027562 0.75275259778535
-0.150627677834866 0.833146711827473 -0.0554566781090807 -0.0634410815259421
0.324470149298586 0.506619483498137 -0.403557922736719 -0.260151669115361
0.268981874019452 0.125224835250432 -0.519133091558548 0.293615716210339
0.333593819235286 0.0887698263364731 0.162157302488012 0.492616447872371
0.299689801040645 -0.209435320703724 0.327615986665138 0.0441545010696766
0.0767971465796078 -0.196448643652594 0.13771937313711 -0.166318339185069
0.0931483957501438 -0.132078752461019 -0.0408374696112629 -0.153873930532713
0.155646335449736 -0.114281270766939 -0.157300985234952 -0.0886311047774277
0.182649655518622 -0.0819701226440638 -0.212988595002311 -0.0800934769540476
0.185983681543162 -0.0516555560896442 -0.211267164736584 -0.184612506123138
0.297872269212418 0.021968180034796 -0.046553143848625 -0.307688432251804
0.21317426969268 0.313717176461492 0.197057169301111 -0.268114360371755
-0.0416712269913202 0.249952105535399 0.444971858123379 -0.106520350147614
0.0801199158709577 0.382445011207925 0.484505199427537 0.58958213633699
-0.153705752698396 0.738905375992461 -0.220440134630505 0.577682190166194
-0.29526928230485 0.91196403111854 0.0732536977993192 -0.362347706315088
0.265676518064743 0.6575192381214 -0.330468688495441 -0.444103308897573
0.327610482273576 0.159577599052717 -0.602614782931285 0.0564892491747048
0.273305715948605 0.035886501623857 -0.0121407498575955 0.505158956472172
0.185227741574735 -0.144714566173038 0.334084699797287 0.120920490863891
0.0563527752370352 -0.0485206991149703 0.182151476507493 -0.157220394110155
0.146819211085777 -0.0353913635436484 0.0139058107275638 -0.168602922487474
0.205642604582764 -0.077930301257233 -0.087805921869705 -0.123585155822296
0.21125675959594 -0.0791066948334979 -0.134375071946451 -0.115324102869477
0.205381171493587 -0.0508934706065532 -0.112112949233035 -0.19556086594164
0.274955439758187 0.033300486175665 0.0463181268810125 -0.220946094797313
0.155416277741463 0.209579188169622 0.0787047373378413 -0.146044026365367
0.0967537581790567 0.14298821849287 0.319793929400589 -0.269996587904205
0.223788437625591 0.347155477891303 0.53136052170141 0.424505279295958
-0.00414465926639724 0.840910606172704 -0.141390187583023 0.319412696031512
-0.319336526991247 0.845488371340406 0.260989213950271 -0.587973680848305
0.243029680968905 0.593969216353324 -0.124487999043779 -0.562086513166671
0.256238335400769 0.0863452329535877 -0.539395774562189 -0.242788029361462
0.134182364452733 0.00956001434593403 -0.217059679221158 0.376902375515898
0.0468224030495623 -0.0467095343233989 0.223409767961089 0.203802940479909
0.0425006357204468 0.0860475105946585 0.200985809579841 -0.0696846572807855
0.177236118119826 0.0509511383336212 0.0866471433214338 -0.136728032775393
0.225253264686296 -0.0271359913316424 -0.0055031880597384 -0.141327832740941
0.201907001926086 -0.0474715918288842 -0.0594615656515718 -0.155195321000338
0.168168617150935 -0.0155422950202036 -0.00946037983479979 -0.236877780449832
0.154334634179165 0.0377348035321812 0.165841650376526 -0.165299666526717
0.0534727996716929 0.0372035362243909 0.0147550818732766 -0.00645984371149934
0.199378244981209 0.0138578071084106 0.196181657551961 -0.330910693429522
0.336648818428883 0.246331438636818 0.429151057821436 0.287493931433307
0.105426282625356 0.834471995584122 -0.116924937289926 0.0194771218741509
-0.20057651085653 0.658419252828347 0.458613383868164 -0.719643207867871
0.260527857961195 0.318063430480635 0.137031229937971 -0.630593128758081
0.102641305201748 -0.0168202648338919 -0.416322385943416 -0.503091737866079
0.000620387964203066 -0.0229036834436789 -0.368867148127459 0.207146761626726
-0.0691785012468314 0.0446020245756398 0.0771400557699673 0.275860293339617
0.0400701885578306 0.169802759689339 0.204036328834155 0.0595006330433991
0.174363108061291 0.102235623769164 0.171776799926954 -0.0719370507854258
0.209195020550272 0.0269368780933897 0.0775209448202797 -0.138346715746859
0.166154235696385 0.0177641614560352 -0.00677755401825381 -0.181767818338108
0.0950267027491784 0.0733263650890473 0.0511805732894036 -0.272537174400446
-0.0236313281757227 0.0630177798897403 0.239061773531197 -0.136935447779998
-0.053570515773133 -0.118298683644113 -0.0173949506580473 0.0625994170592035
0.207441884016004 -0.102694419281617 0.136417804173818 -0.300451116119805
0.405025612592032 0.125506133559653 0.247826322846096 0.168214701916732
0.135264147559871 0.719188385065821 -0.112219452308463 -0.261329872780687
-0.0250443333827513 -0.535415827597696 0.0933173212392718 0.46276080699536
-0.390214753869622 -0.0886151832738576 -0.0926241721782009 -0.0544100240246511
-0.160007500272834 0.183105128638269 -0.106731531483286 0.254643960882992
0.140726315941437 0.202096833568538 0.0827719446558818 -0.0484027897539485
0.177821378135019 -0.0888155109661479 -0.229071986170602 0.104931254645511
-0.0162779168490983 -0.192018621918378 -0.055670328588361 0.250397847399649
-0.128878531688088 -0.118392992724751 -0.0361304350963571 0.171049830412697
-0.162637979053136 -0.0810366568154152 -0.155252606991511 0.100247375891643
-0.138684921741345 -0.103247987456109 -0.249219173699519 0.021275228485208
-0.0465524702150077 -0.176539046261469 -0.226500946132546 -0.159794200816888
0.142195858621697 -0.120424314912472 0.0218049887959557 -0.322833225301021
0.106387604203318 0.0854979678925072 0.440887118282255 -0.131174323941692
-0.02571179701636 0.0863989171820733 0.396810238368676 0.592843541470559
-0.256645386645572 0.0352059765242103 -0.249470831143104 0.741705002706881
-0.06368038596588 -0.372786813948182 -0.539635886538265 0.804487576511677
0.0623859518829036 -0.208807653527174 0.0395961298441918 0.5362336925048
-0.240971289506078 -0.0927183799391057 -0.112788745719907 0.0498146398967602
-0.140043530201089 0.232063598999881 -0.0907979435116193 0.30526450613517
0.246524911608103 0.237187676823705 0.166857532702551 0.0197214835864431
0.299493123678904 -0.150023213421566 -0.140064868222243 0.0559832165056851
0.0448303998403175 -0.290419462933323 -0.0359801603314782 0.173991302536033
-0.0824030998353629 -0.193139852684045 -0.0607698516073799 0.109549818605039
-0.0917449570770448 -0.120168425751154 -0.202189870445804 0.0601193349164474
-0.0716263977063832 -0.0915069613393805 -0.299386655892484 -0.0235355748542514
-0.0190747737912494 -0.13754671281019 -0.257677552914313 -0.219728321444297
0.170791124542861 -0.121517411854112 0.0403407103038746 -0.380228999550349
0.169151336985867 0.175976628494845 0.45662659743939 -0.12740868684698
-0.0810999352184699 0.12547618385082 0.409163142902387 0.518788852663238
-0.174345373151086 0.229494160987718 -0.175860405472808 0.822921130735791
-0.229674914156268 -0.0367097622324295 -0.559132774973832 0.844405566341612
0.101982093970083 0.196824680742392 -0.0354272911354246 0.459582760298022
0.0463569295923044 -0.00690783130251863 -0.229544135564289 0.0407313249159824
-0.0736646597790263 0.159978148980731 -0.180559267309987 0.398209719846818
0.304346408570483 0.231299951389535 0.260015794809002 0.171288012887109
0.363519880090602 -0.203779529568578 0.0238566911664319 0.00337141081564985
0.0777021630929553 -0.33721435369313 0.00838383387889487 0.0453456156685948
-0.0326285771051055 -0.227393931995481 -0.0734689941206002 0.0138410442017824
-0.00632234197406422 -0.13830660970751 -0.21754527971285 0.0121151548746522
0.0197314586190762 -0.0792989710017629 -0.310679492590831 -0.0479355752532566
0.0388802549256841 -0.0840281191943588 -0.28497006645293 -0.224982561678308
0.19825319840055 -0.0774588768973151 -0.0094894549159088 -0.408484660180464
0.213193287161131 0.254955665007116 0.429453814742443 -0.204251002647237
-0.143138547720207 0.209220535385784 0.457504247430163 0.352674852782076
-0.109561581668094 0.313832591842046 0.044584417882617 0.823233256102301
-0.300928228831158 0.281188500417983 -0.476254512483263 0.838872314926891
0.0314681947792838 0.577622364136535 -0.0822095846927812 0.23966672547505
0.280410108774426 0.23382720172825 -0.349810133819116 -0.0757681683296842
0.100106997790775 0.0926186406017366 -0.34606152457861 0.409981392608118
0.329126108177724 0.159590266028387 0.268284759126537 0.355489653295836
0.362323477294164 -0.226645579968401 0.20789336061026 -0.00597803148008777
0.0887004272699412 -0.303896409321471 0.070823047762887 -0.0874847736579593
0.027753562056893 -0.204759313313684 -0.0700988076264321 -0.0851278555340774
0.0803750346914516 -0.136081960542939 -0.203155382925329 -0.0397904669645364
0.11141648232665 -0.0777215526749029 -0.279426797557625 -0.0578975770365099
0.117349924873116 -0.0573681798504808 -0.27711143565712 -0.198913286737838
0.252253265942572 -0.0196718373735566 -0.0634290841422106 -0.382726130314562
0.23138017583168 0.312061952061189 0.332839795996221 -0.286358815408788
-0.125800873527507 0.275204678584012 0.494742127272529 0.123128342792146
-0.0352293785114713 0.361334826103675 0.304753852432333 0.735925120657911
-0.2648203100145 0.547634694656075 -0.340539606346349 0.755200414058575
-0.112760873315987 0.834375594864995 -0.0566618393610303 -0.0610996462364411
0.330793720963066 0.502354398239428 -0.405464351038257 -0.255659329754281
0.268803754040927 0.122631394487741 -0.514701400818328 0.298036539199329
0.335262635005984 0.0849914317599968 0.168164591860755 0.489427861977908
0.296201365950992 -0.213482686372478 0.32789921180687 0.0393573712711795
0.0737242036332497 -0.196840528470699 0.134655467048349 -0.169243346907384
0.0908115781475076 -0.133100372901754 -0.0430688554228068 -0.152803105247768
0.153766540729045 -0.115232475129759 -0.158483884180978 -0.0871608561355287
0.180209294445861 -0.0838534833246204 -0.215738666345742 -0.0774214471955618
0.185280618888788 -0.053590254462833 -0.213860332061455 -0.181067500773112
0.299105426592721 0.017598471582883 -0.0513246057831357 -0.306518988550173
0.217955384335661 0.310056690685345 0.19316857060274 -0.270267726604215
-0.0371476445919829 0.251043758288527 0.443591260915767 -0.111969705163954
0.0835924023838648 0.381185380992899 0.488718145965634 0.58507446085707
-0.141402241402717 0.740966819513137 -0.212234689955406 0.577604140546994
-0.236058386493766 0.921087977329156 0.0615726790344064 -0.362245151597011
0.271936468203672 0.651603901073393 -0.337487859380494 -0.437550034356592
0.329183219674604 0.155364540269311 -0.599334180076377 0.0629535821950318
0.271418861164365 0.0389040021560699 -0.00909174001713078 0.504143330358629
0.182863687653547 -0.146367582698566 0.334384612583253 0.117463396732288
0.055324164242858 -0.0499808609030283 0.179525412577167 -0.159928211720284
0.144469566251154 -0.0415008736054077 0.00954141468280464 -0.169798890009151
0.203509047611838 -0.07961695031767 -0.0904875634978148 -0.121980699437975
0.209785175305232 -0.0808340620119223 -0.135977352303741 -0.111690622038326
0.206381298600888 -0.0488010685255312 -0.112366916704968 -0.195619469353628
0.274111606495888 0.0268774322402083 0.0409190921236976 -0.222752072646401
0.158720576174416 0.207851211148452 0.0770746640357561 -0.147704386265792
0.100725555589541 0.141498400712274 0.314074075542413 -0.274719208835696
0.22765952375522 0.344841661606398 0.534054294233396 0.418740573372038
-0.000559995550072464 0.837876117057266 -0.138062904816672 0.319629332897634
-0.259953455705207 0.857442466984534 0.249025000569054 -0.589742706397713
0.249955963388025 0.592276142553023 -0.131614267163046 -0.558885544420496
0.25591550468492 0.0833224395917702 -0.541136653421974 -0.23745226766589
0.134611691363585 0.00865623629398882 -0.211048655541287 0.379113792904315
0.0453794970369311 -0.047950398391062 0.225496176565908 0.20036442050783
0.0438600340483236 0.0856428905372103 0.198840075478346 -0.0719982808448305
0.177546702555749 0.048851719426751 0.0847253579339685 -0.137829368038418
0.224028009680586 -0.0296415573846213 -0.00736755511327515 -0.140424061336365
0.199620932864718 -0.0498567945503201 -0.0622496746196072 -0.153967251753459
0.167270332645223 -0.0177819644371622 -0.0140807989883065 -0.236710064842083
0.153795664036326 0.0364235689596592 0.162051596374127 -0.167809925292515
0.0532695840279402 0.0356378434466529 0.015436167694892 -0.00752481615447671
0.199741543164497 0.0114310001040731 0.191678666207967 -0.333178130411427
0.339181595291409 0.242918417216141 0.432341116881138 0.282703098291275
0.115571432847117 0.830153763455238 -0.11626928564044 0.0196576650453942
-0.165468636034707 0.66154368864023 0.442456905834539 -0.728245589667068
0.262859625729234 0.315565116289931 0.127524534566805 -0.632570105708561
0.101719865700454 -0.0180195551556267 -0.420745057635936 -0.498609205509448
0.000670958358544783 -0.0220454552881027 -0.369524660533738 0.20815411418168
-0.0688083000810678 0.0451517062765605 0.0787623285872262 0.27322858442834
0.0432521647239109 0.16798572279838 0.205323844855459 0.0556657688269479
0.175106122068039 0.0994471337609482 0.168856222693945 -0.0778609163348159
0.209379561544519 0.0245762416976556 0.0744411091386436 -0.139776271735009
0.165719339309519 0.0162240285231103 -0.010770195231526 -0.180104909438806
0.0965512904082265 0.0706157344783682 0.0529890016236248 -0.271706627417287
-0.0226682213468504 0.0628106298646497 0.235174189579103 -0.142671072643858
-0.0553693622423847 -0.117774232718032 -0.016728046025555 0.0625698632237714
0.208755972810637 -0.0978569185258713 0.126563809057863 -0.303352810210485
0.405082696345193 0.125873670817419 0.249024246140646 0.165869039896554
0.139887026841416 0.718439843311255 -0.115532961544725 -0.259933803935041
-0.0316595200674923 -0.532119587294484 0.0992075581981097 0.462233185408087
-0.390321817898183 -0.0837675330995223 -0.0932692417553558 -0.0531714150824831
-0.157054244538508 0.185134768842172 -0.102885771838873 0.254385151114767
0.142067804371497 0.19871404134809 0.0814765828133177 -0.0494524987387312
0.176091863315742 -0.0907474545772182 -0.226960049653172 0.107652665139155
-0.0186443852557833 -0.191520017627352 -0.0533229323944036 0.250038826366798
-0.130350616355523 -0.116109221948727 -0.0334279108575927 0.171057675860155
-0.163000525688936 -0.0794126271600872 -0.153773954521402 0.101502428687191
-0.13939254901328 -0.101164983774149 -0.248709839142289 0.024798992412088
-0.0495949184797759 -0.175142240491568 -0.227416526357466 -0.15605360949707
0.140158346176644 -0.122448219076531 0.017625968581037 -0.321585922216003
0.106947078005087 0.0839532196087453 0.437842532216827 -0.136290508394476
-0.0246434815992808 0.0871954824192307 0.40067680717789 0.586230840185788
-0.256019433970583 0.0390830114239064 -0.241215864468534 0.742802076524237
-0.0681347779205076 -0.371684085421316 -0.532449047913435 0.805440030034291
0.0595856909758143 -0.209031448983286 0.0468009203770332 0.534897137029298
-0.240805919755434 -0.0890011683021079 -0.112254443465397 0.0516947876210043
-0.13695347782065 0.233208073729411 -0.0866081258817432 0.30634802837316
0.247278459977779 0.235068842155734 0.166646346412644 0.0182983085460093
0.297143153299614 -0.153746510930407 -0.139646562691387 0.0587817407812473
0.037715765266793 -0.291272174977146 -0.0338826061881314 0.17335828871564
-0.0863415779709164 -0.19128932508423 -0.0580714408363221 0.10970426581792
-0.0940554395152585 -0.117663948493623 -0.20028888692664 0.0634563619579144
-0.0714054441464404 -0.0900792466566772 -0.299131961724001 -0.0205323259954167
-0.0205053250155675 -0.1372455506828 -0.260123122500098 -0.214694420657044
0.168890313970226 -0.122707499141495 0.0323853374542405 -0.378493240083125
0.172074498014463 0.174713813420048 0.453459150612555 -0.131299642575627
-0.0783718620207068 0.125900464110392 0.415810666444582 0.511217226935205
-0.170850043946708 0.231548504460105 -0.166684557817865 0.822459335061873
-0.23052371413017 -0.0336634303125907 -0.552954052265118 0.847082767645191
0.105440372768887 0.194803587245552 -0.0288386602645975 0.458109471811819
0.0465324773219186 -0.00625476988352919 -0.228822515211136 0.0438966738928486
-0.0711174113991217 0.160770528768488 -0.17582176234592 0.400512902435055
0.307476475656103 0.226504564345426 0.261311887051457 0.168230538078969
0.359593222251999 -0.207909274031197 0.0249414181468748 0.00404293621126212
0.072718679858944 -0.337319983212762 0.00843216183990656 0.0451540893169296
-0.0353820316233774 -0.226412288455614 -0.0730975691658977 0.0144928345196713
-0.00938939731334617 -0.137066153817361 -0.217624766185533 0.0152464846016779
0.0185888125039686 -0.0791343697302273 -0.310368498297365 -0.0438424774486128
0.0374233174606605 -0.0849646395672653 -0.2866962430057 -0.219971146522671
0.197445060860907 -0.0807958262868201 -0.0162632957844089 -0.407949620539543
0.216832305844662 0.251367843694467 0.425732956620612 -0.209703657087357
-0.14033786663229 0.211172347079167 0.458810863532328 0.347235869846437
-0.105513924019582 0.314560662674277 0.0542349981250319 0.820266848370406
-0.296606219330543 0.284378024869801 -0.466030321623061 0.841142876076949
0.0315181112738318 0.577776545388549 -0.080421492936016 0.239835893986491
0.281908600751574 0.230868524075798 -0.349705686772371 -0.0716917150252707
0.101958495072698 0.0913063447159904 -0.342523825059497 0.412326318144572
0.326781087765307 0.164306399145638 0.269658116598754 0.353622510408133
0.358941753585892 -0.231960262319551 0.207810382935343 -0.00732261454027805
0.0823137781453559 -0.305922586135815 0.0694743099897921 -0.0889454284407061
0.0206902679322777 -0.205663488759997 -0.0699748689478511 -0.0838913091206239
0.0774155577875439 -0.136705301936644 -0.204061325600919 -0.0371271468430512
0.110894293086569 -0.0795279806699519 -0.280196427007749 -0.0546257706916295
0.117219432896908 -0.0548674945666058 -0.279521239965508 -0.194253208625415
0.251616999310318 -0.0224164684339141 -0.0654793021165904 -0.380969435170435
0.234115101958454 0.309591029317281 0.330688924397264 -0.28916605698135
-0.127646083337477 0.274579058007859 0.495064939340092 0.114181758289337
-0.0320189207861414 0.361161444860489 0.308618639181651 0.729871785667264
-0.257837707186335 0.549050766533482 -0.334258704035157 0.756859027157362
-0.0850398037233686 0.83517822159332 -0.0579362456816033 -0.0612897258451409
0.336757400039877 0.497721850793249 -0.406485378234403 -0.250357913065634
0.270393795502033 0.120491391659493 -0.508799921436741 0.304558308288918
0.336252657144091 0.0795333546397239 0.17459474878339 0.485289858434906
0.294031322745778 -0.217530760759997 0.329331075066178 0.0368154313158284
0.071261685868508 -0.198128493692873 0.13259588323608 -0.169323180224524
0.0884766862165455 -0.133861789196949 -0.0446553824799854 -0.151439917020848
0.151788952184346 -0.116197673596642 -0.159298131550446 -0.0847410525132215
0.17849988998638 -0.0856188602733867 -0.215158057211959 -0.0745719954529808
0.184262250231452 -0.0564357427162084 -0.215403379290033 -0.176782554802964
0.297738159428428 0.0114124087424042 -0.0565636299510301 -0.304960879584389
0.223617633127785 0.307263625800238 0.190002463515431 -0.272760147147599
-0.0343918325674276 0.252155757521854 0.441134060774137 -0.116466883894567
0.086465624295802 0.380083864170733 0.493463709009465 0.574889412672543
-0.135595680960879 0.739131561660838 -0.207249412162566 0.578062470020422
-0.230968139013742 0.919524434058996 0.0570761880008406 -0.362885444930234
0.278314961812357 0.645598917648152 -0.339727787131241 -0.4334171341134
0.331743492556719 0.149678310233306 -0.596538203867137 0.0701272078130476
0.272206041837103 0.0345488636494938 -0.011599512630964 0.503093403710313
0.179676514675265 -0.151456665254625 0.334828401606804 0.113598869566796
0.0536027698798847 -0.0523762908146974 0.175983678255769 -0.163318924689165
0.144457480532831 -0.0393208593188954 0.00550528033217451 -0.169650644676431
0.202954439599692 -0.0811162373753716 -0.0919981830321644 -0.119757757497983
0.206132572175748 -0.0832179433708644 -0.137137727698375 -0.110501386562882
0.203019119602743 -0.0570920406543214 -0.11385701810873 -0.193044253679942
0.274441872320975 0.0201619417829134 0.0383817764962382 -0.222970055231433
0.160763257971606 0.206073737957854 0.0767836704712297 -0.147460696485217
0.0966776188328842 0.143674340164888 0.302291142422973 -0.285727508551317
0.227606369411268 0.343090767023594 0.539303872798246 0.409526996701222
0.0112404513087025 0.835916963102728 -0.13186294992787 0.318984929808022
-0.277232706176827 0.852422612684196 0.243485192177562 -0.592724402872373
0.254430634323466 0.587001458727731 -0.13730258115169 -0.555607122143589
0.256821864266138 0.0802444004941421 -0.540572185426633 -0.230268311573548
0.134437923502417 0.00703956406992289 -0.207794413482699 0.379145875071519
0.0447662853653045 -0.0494052335705795 0.228156063077026 0.195917147028494
0.0447593402086184 0.0845660854526674 0.19627181871091 -0.074091433861474
0.176729896836145 0.045733751076881 0.0822066704906195 -0.137745043682109
0.222809047955198 -0.0321591920923445 -0.0102747668959084 -0.139780380174268
0.198697773958277 -0.0530858666310529 -0.0646436264715478 -0.152586382732023
0.166139069938438 -0.020287718175098 -0.0166297897946659 -0.234375780814486
0.154444586614642 0.0334668850263805 0.160166194374213 -0.170308375106446
0.0550255057713367 0.0351424505457167 0.0149513312891095 -0.00744991521123659
0.199279149167703 0.0100007247240511 0.187101620158999 -0.335885685881441
0.339397038146076 0.238155725462167 0.435017261388161 0.276632196132913
0.124053927292076 0.828427035907638 -0.115615094687775 0.0207906992366072
-0.15593137586438 0.661651566802967 0.429743065416456 -0.731058720501186
0.266964803511704 0.309418437724089 0.120877354048041 -0.631322139125085
0.101645862458399 -0.0187294801210357 -0.422165219228688 -0.497569183324735
0.000961510200279878 -0.0221759916040887 -0.370201121041571 0.206208062060007
-0.0681081092662504 0.046018048211482 0.0823457560634525 0.271337194186361
0.0453720738303009 0.166401871462176 0.204801828765488 0.0515915028989394
0.1757900123031 0.10060306456541 0.166171812182064 -0.082316593216185
0.208814473330886 0.0225933283763386 0.0730841749755574 -0.140271739254827
0.164805540321541 0.0134129790100131 -0.0111023118430636 -0.17962652880861
0.0979091344980931 0.0662012462986636 0.0470718234688479 -0.272341051058378
-0.0211577509583387 0.0631967728229804 0.232232268888104 -0.146491291747919
-0.0564702781463656 -0.116883902450175 -0.0157271916254278 0.0618914243024149
0.209169384782124 -0.0966316564939822 0.12904869294746 -0.302117879442563
0.404554458949565 0.120694897976903 0.250140986885122 0.162799450797514
0.150802837662618 0.712643631231 -0.119536753697536 -0.257817353209199
-0.0362880039815089 -0.531033709466069 0.103913458675545 0.458138499811995
-0.389286609775881 -0.0784574879434664 -0.0931140643856839 -0.0520975096946489
-0.154397738574525 0.186066282074183 -0.100311897101786 0.255490208032018
0.145066118280946 0.197362693443365 0.0807179459063699 -0.0505235140507311
0.174516724878572 -0.0922591520802333 -0.223766368909037 0.110939914333317
-0.0222618551205429 -0.190568149954815 -0.0485226688435882 0.24947441515549
-0.130958993872029 -0.114186520430513 -0.0307456009903977 0.170973332655199
-0.16338626555562 -0.0770910649020976 -0.151514329936629 0.103196622308732
-0.140564731871334 -0.0992817241589358 -0.246866067613549 0.0271219987020499
-0.050920970767948 -0.174140130057711 -0.227377542520814 -0.152242122189442
0.139164453886077 -0.123527756154999 0.0130257277609956 -0.320737494967662
0.107731848107786 0.0832111725848501 0.433245536910382 -0.13936802080514
-0.0232756057506369 0.0865329237484097 0.406667697005695 0.582392911745047
-0.252858203259607 0.0420076112496053 -0.233922472501698 0.740676283072736
-0.0712517965155058 -0.369051228859255 -0.521320772896053 0.813002888513603
0.0592132834655895 -0.20823545722977 0.0514205101228778 0.532428503250659
-0.240613882804138 -0.0855663869619089 -0.110129002258403 0.0529810075641125
-0.133264072667474 0.235337435607795 -0.0831896561030444 0.305930240157124
0.252075463451651 0.229117356455671 0.1670827558146 0.0156862462556857
0.293825840083074 -0.157244937024998 -0.138271756842636 0.0599873485132793
0.0331434967703949 -0.290271045189138 -0.0319760651870257 0.17393520272672
-0.0878296341730555 -0.190694781489661 -0.0566498157074401 0.109955783483485
-0.0945933201676195 -0.11590562662217 -0.199262807858956 0.0647490954705441
-0.0730378648589854 -0.0887916600905862 -0.298622902766965 -0.0172411962824177
-0.0220033705733608 -0.13571256362824 -0.261189962931462 -0.211112910314232
0.166361137720524 -0.126041815570157 0.0264057875895902 -0.377827826170558
0.174409683438029 0.17132796194148 0.451750133115006 -0.134188996854638
-0.0782442577140764 0.126150970764005 0.41891659060047 0.508164214760785
-0.168521961287087 0.233452799289036 -0.15873368703836 0.819387115656755
-0.230927695381673 -0.0317815786134218 -0.542294440431654 0.850172133442632
0.109742957826411 0.191620869486745 -0.0217893697947472 0.456585572973342
0.0463007269909863 -0.00622223615146723 -0.227980008677144 0.0462419912431992
-0.0691766209908974 0.161197733873623 -0.171406912652406 0.400737585372611
0.309369432695186 0.220379661921726 0.262786281825987 0.164977672197256
0.3572331812635 -0.21262853139088 0.0252125028859178 0.00394606293265477
0.0678216867596701 -0.337451108160459 0.00912946207670905 0.044567943984529
-0.0383254285108701 -0.22523674081748 -0.0723616403127923 0.0152207710232858
-0.010165044315896 -0.136016455036195 -0.216315345822265 0.0174442234839991
0.0176533135892045 -0.0783021643230231 -0.309776851755303 -0.0387943040892206
0.0364535761259828 -0.0855665864494393 -0.287340868622069 -0.217055924540395
0.195753774225164 -0.0828797231908344 -0.0201439780822627 -0.405216402208562
0.219558011960997 0.24893699705816 0.421011505267663 -0.213348430323378
-0.137291292201948 0.212702159735656 0.462632433394229 0.34009800963415
-0.101765312620834 0.31492033259219 0.0643605227907767 0.816312667343685
-0.292792491859773 0.286046234343989 -0.455702981160304 0.842284925325736
0.0516068891115537 0.574116789084456 -0.0751422475051931 0.239615790468078
0.283674401622089 0.228111644482481 -0.350092107174227 -0.0674935475663031
0.103416991188588 0.0909268560169567 -0.337065712019321 0.416283902626792
0.330997665005642 0.154251154992813 0.274450021604922 0.348648564243388
0.353518781457609 -0.238352343774956 0.20738937355779 -0.0095498656211383
0.0760097772779193 -0.306689534368548 0.0679801463864861 -0.0894774392305571
0.0205361970209544 -0.203998292540184 -0.0718943769093689 -0.0827353039300597
0.0760691183784297 -0.136283317843218 -0.203262172511048 -0.0328342410730666
0.1092074454976 -0.0796849401587678 -0.279517614629638 -0.0511978469773379
0.116709474562635 -0.0557071747437178 -0.2790230507069 -0.192414238674358
0.251284720525271 -0.0253863746474549 -0.072998558072535 -0.378985535808471
0.238280063381702 0.305094234123583 0.323325129416514 -0.292769748728551
-0.128511121040474 0.273016491961553 0.494756228932354 0.117827765621035
-0.0274739652860333 0.361615514512943 0.316990470703438 0.723891360101272
-0.249135043687533 0.55238042005433 -0.320138050655542 0.756685298512518
-0.107585164301974 0.833904241308567 -0.0574418280023218 -0.0600258095597652
0.339509331521561 0.492789161641951 -0.407733882683381 -0.246009328620461
0.271257302080802 0.117289360252788 -0.505562701620336 0.307540597823726
0.336262405779687 0.0746448575456006 0.179233458590763 0.482830776790134
0.290492340896143 -0.222324566882288 0.329059720741944 0.0320520724735549
0.067758624991314 -0.199278875205186 0.129211569587598 -0.170944520590669
0.0860171487045468 -0.134542729759503 -0.046420348079025 -0.150275098707822
0.149752965414797 -0.118203189631057 -0.160021750850861 -0.0820637328254469
0.175310382829383 -0.0871009393390403 -0.216188409563699 -0.0712526999746199
0.18280648664565 -0.0587123052315916 -0.217234687737539 -0.172925288539151
0.298038931129294 0.00779593310036768 -0.0603107871321855 -0.302400687518012
0.22729580268318 0.302936019070311 0.185931937377008 -0.273789210910678
-0.0313344959483615 0.253144000114016 0.438270381534153 -0.121182136418582
0.0908181223242984 0.37855701982832 0.499821209937897 0.569204584571541
-0.127897045289634 0.737105120882807 -0.199129273045983 0.578311987795197
-0.263891884112253 0.911393380248572 0.0586328270991651 -0.362124885553311
0.28679372931564 0.641003991867352 -0.340800663356751 -0.429581982756912
0.331353421814431 0.147943948834887 -0.595051473099757 0.0745425789073021
0.275077345161401 0.0238867415912612 -0.00239486168892445 0.50143093983556
0.176195965048247 -0.155650388381381 0.336842223759209 0.107558721807936
0.0529984972756735 -0.0518988544753808 0.172021179915656 -0.165264942645219
0.144879128460069 -0.0379093283681555 0.00570581658931248 -0.168531444147369
0.200950310492669 -0.0831211286764184 -0.0931200515360033 -0.119391914941632
0.204748922448836 -0.0861761081639223 -0.137216411402365 -0.10860536213445
0.198770381034476 -0.0644655500920628 -0.118975731562757 -0.189729862604194
0.274171455847578 0.0176588864919008 0.0363858038572492 -0.222900658342099
0.164209464315719 0.203106512289889 0.0746874200322663 -0.148848645836215
0.0971257706951692 0.142333376860483 0.301178321291348 -0.285412704012999
0.228569789198801 0.340490193443052 0.541015565821228 0.401155135379917
0.0253649310185996 0.832147180623366 -0.128091464152451 0.3192835224212
-0.307064302616017 0.84452672151652 0.23939845132401 -0.591862812513203
0.257740529746617 0.581721947177548 -0.139841565763929 -0.552309901479234
0.25686398074557 0.0787332754860339 -0.542625742878621 -0.224181752091641
0.134281008304322 0.00607399274392815 -0.20141317736349 0.380402298034254
0.0439149258555442 -0.049629758170644 0.230825673534937 0.193082647255479
0.0450107207231698 0.0839930178951325 0.194482956699716 -0.0756465394227409
0.177165512917018 0.044151204144001 0.0803965094326146 -0.138086776562405
0.221106985804805 -0.0345794361281785 -0.0109684275864858 -0.139257578570518
0.196909633802766 -0.0549743067377118 -0.0671584703218155 -0.151181968057575
0.165776841515744 -0.0220380251423416 -0.0201894251611646 -0.235446305884679
0.154946461401691 0.0308126341316044 0.157112173934039 -0.172370061467194
0.0555170792666127 0.0340036048909715 0.0149631554392799 -0.0088975039580073
0.198647904410216 0.00762004852844345 0.18227350063646 -0.337270008564322
0.341907408244341 0.234821892436622 0.435864068008471 0.269999078353444
0.131764573489769 0.82489764282173 -0.115910831887085 0.0205971642892197
-0.176489282025638 0.655946002266392 0.429423038254409 -0.727943525409594
0.269423006294231 0.305718828692256 0.117634212957936 -0.630443603759884
0.100991775106222 -0.0193764647845786 -0.426017821920379 -0.491108567851473
0.00103503035435546 -0.0217933961352123 -0.363455915128887 0.213074593756186
-0.0672061717101086 0.0452946708496519 0.0877257894007046 0.267933684676506
0.0477168750893023 0.165769538268716 0.203119095194115 0.0505856800994404
0.175841719647416 0.098168367427204 0.166642141695315 -0.0794980754720469
0.20794073991567 0.0190913055168757 0.0725460504900404 -0.138780560930424
0.164611381281069 0.0108012981249264 -0.0133198002804726 -0.177478188134333
0.0981170210007933 0.0654722596090732 0.036551727089565 -0.272856530520094
-0.0203866251397047 0.0636852718058687 0.231478140243477 -0.147262256159669
-0.0572911262914534 -0.115490268113225 -0.0145135903567257 0.0613691548454937
0.204943487335488 -0.106348433762571 0.129165769335432 -0.301089871866653
0.405261545886453 0.111038342970619 0.2530938962876 0.157276993953176
0.161734443549617 0.708868464373362 -0.121448068320583 -0.256574260453255
-0.0410757362177322 -0.529427424534135 0.107787989063604 0.45782827864554
-0.388305892192242 -0.0741792646822949 -0.0930726525703214 -0.0500609122878187
-0.151846412761307 0.187445114380865 -0.096889712774332 0.255994423817694
0.147384783191806 0.193591795070759 0.0797837679425706 -0.0516290531501741
0.173562715460363 -0.0928783062092822 -0.221306023603369 0.114075638938025
-0.0247317561341638 -0.189992105915587 -0.0450995251422242 0.249828420508374
-0.132117199395674 -0.111858501925738 -0.0275828494142158 0.170781928110468
-0.163411079720102 -0.0746101282428 -0.149919268852647 0.104556496673896
-0.140840653212866 -0.0969004310039667 -0.245427565779778 0.0301685472222339
-0.0532521012759416 -0.172843121940362 -0.228703333248601 -0.150045472066595
0.136755317353789 -0.124797604388775 0.00898673594513125 -0.319962532329836
0.107746158785376 0.0813550661487059 0.431864447341302 -0.144563208608048
-0.0223829511704839 0.0859199237284035 0.411896293264821 0.574951054559164
-0.2509531836237 0.0461083390661245 -0.224471834232152 0.742572931619441
-0.0753026668456416 -0.366511623489436 -0.515015545784859 0.813945521776495
0.0558254512835274 -0.208470382527807 0.0551305789515911 0.530455772964872
-0.241102892955678 -0.0829834469933375 -0.109938493937071 0.0531172383954765
-0.130090516015989 0.235183280441933 -0.0805604960169206 0.306563869987016
0.256645496641403 0.222814334073964 0.166748341942306 0.0136812299094224
0.291648431462509 -0.160016661630578 -0.136577502923989 0.0628680602382926
0.0305453219690351 -0.28955493546761 -0.0284078224837527 0.173942245307889
-0.0892496947495061 -0.187924868304414 -0.054472239289703 0.110459076571391
-0.0962966180122557 -0.114758882902742 -0.197875992050954 0.0665371719232051
-0.0737507619711158 -0.0871112555567927 -0.29806787339673 -0.0138973298327384
-0.0247279378086724 -0.136070966544933 -0.261663548971105 -0.207996946920033
0.164654408107398 -0.127901393749487 0.0243173023587885 -0.376063405438218
0.17502707828307 0.169156994936529 0.446722564192036 -0.139584215554193
-0.0778754103199564 0.126163570920879 0.41885709061325 0.505895684691179
-0.163417746670876 0.234980952931811 -0.148932223415688 0.821430978119667
-0.229718199359343 -0.0289738528254151 -0.530593193685204 0.852299214778244
0.109749889421577 0.191546632106145 -0.0191375809150686 0.455840018411519
0.0460413790057043 -0.00638467775585955 -0.226659156286774 0.0474863529639815
-0.0662971961622392 0.162006276593445 -0.16678342876924 0.401757424893083
0.312209735713642 0.215651134905791 0.263726068805256 0.161398557829949
0.353305808366731 -0.215474851791674 0.0255524922364609 0.0042373522814287
0.063039047066479 -0.337798071446552 0.0095754027581138 0.0446114667962944
-0.0417168871341232 -0.223773082959168 -0.0710673673663743 0.0165978734940258
-0.0123253443767797 -0.135579020394625 -0.216340325010606 0.0203495471012358
0.0165694103951839 -0.0781858484313341 -0.309813048327251 -0.0358873887382634
0.034656897077312 -0.0856735009926052 -0.289423348507559 -0.211183224003709
0.194030325535596 -0.0849335838372429 -0.025221341481645 -0.404012552712274
0.221869601751436 0.245580478544332 0.417256744119931 -0.21635667108206
-0.135156371230475 0.213431623053052 0.463294659722685 0.334901229680305
-0.0986235902644388 0.31490025660432 0.0709779840880408 0.812873430547122
-0.290498589026988 0.288656513622135 -0.448414734540383 0.843531794542821
0.0619707736945306 0.571039837275032 -0.0719678574929086 0.240087420662113
0.285011436284132 0.224988871717347 -0.349675079170975 -0.0644802182301355
0.104426610693821 0.0900293871029584 -0.331574785626295 0.41733424335551
0.337037300191466 0.139346338439041 0.280384810007147 0.341713359666191
0.351098222409243 -0.240849106873177 0.207305745738258 -0.0125471809911896
0.0730498978512003 -0.305593955636724 0.0664324170593369 -0.090304696209561
0.0209607498944968 -0.201760460079158 -0.0716582641069287 -0.0810225984959537
0.0735539073758739 -0.136313462663047 -0.203244055869666 -0.0318942780923116
0.106959955058984 -0.0808080946916422 -0.28006637326578 -0.0485917101444999
0.115113053044283 -0.0604000072373133 -0.280673654185615 -0.188391255380976
0.249769388504602 -0.0300125374825996 -0.0781709805151149 -0.375106984761026
0.242318974284537 0.301399674841976 0.317605087673515 -0.295334234256345
-0.119916404657772 0.276748693576393 0.494742924276217 0.113834685689283
-0.0229570112303919 0.361570517455508 0.321085553741076 0.717342786128451
-0.243717065446979 0.552697102184814 -0.315395020652057 0.755020722600847
-0.109106193549013 0.82999140000663 -0.0566783251185746 -0.0600345090180097
0.3430707664713 0.488852481786555 -0.408402731187997 -0.240771466668676
0.272163113515555 0.114582109835284 -0.502461298091559 0.312141878439434
0.33690930804512 0.071280052233415 0.184071813793978 0.478458998751803
0.286604155736137 -0.226269750797009 0.329343146833257 0.028855438366736
0.0649531355249038 -0.19921970768864 0.12646545346072 -0.172389289963206
0.0831367258567721 -0.135396350451468 -0.0483270892457268 -0.149448466504047
0.14757212984459 -0.118740285612873 -0.160266350217421 -0.0802868637520418
0.173882196461532 -0.0890240989873409 -0.216817883415159 -0.0690081102849494
0.180725575353064 -0.0611168123615472 -0.218401932416923 -0.169860459563905
0.297327093152485 0.00362313452688222 -0.0630782838515461 -0.30101706004923
0.230246854734326 0.298504721205778 0.182147632782685 -0.274228059409004
-0.028526180346475 0.252857023285767 0.435604850163452 -0.124792414404812
0.0922443208785528 0.378146988016395 0.503447970724352 0.561483305250262
-0.120787405384815 0.734802537452063 -0.19260734584488 0.577566756685774
-0.244813347065389 0.912109462235808 0.0559000710296067 -0.361653581327047
0.289299303715024 0.637554327878421 -0.345231628741712 -0.424120543337321
0.330938994788915 0.146271422119992 -0.592019049296389 0.0799781325816246
0.273615689430806 0.0229182983980929 0.0121492279127118 0.498052052081134
0.176292838672128 -0.15484294070192 0.337577129913438 0.102127099825978
0.0526577738026418 -0.0509781089402974 0.171456047308008 -0.165234546197222
0.141871333891111 -0.0428287827787583 0.0059116707612936 -0.167915852117006
0.197862921879288 -0.0856631007496617 -0.0940433704032181 -0.116978186739445
0.202429511038726 -0.0875920776990327 -0.139038911025574 -0.106475543000407
0.199958738805633 -0.0606898817241488 -0.122767507027901 -0.186800136533604
0.273990331419676 0.0176341177607073 0.0319400415340925 -0.223190540132994
0.168038756974002 0.200395300203418 0.071501085096363 -0.150076784320417
0.105350939259611 0.140413515407931 0.304515629884018 -0.280748351924029
0.232866138864284 0.336385877728853 0.544077061977287 0.393748592207722
0.0306392453188173 0.825735674498085 -0.125609135129943 0.319765713282466
-0.272967646746991 0.847401248640682 0.233065293533499 -0.591551492977752
0.263839169073313 0.577324054675848 -0.145642035003852 -0.549902598410829
0.256972636019845 0.0762977049924983 -0.542992808985274 -0.21844077205452
0.134625744429458 0.00439528285756519 -0.196944422223058 0.379641025317794
0.0429617507891942 -0.0502476782486231 0.230813906057947 0.189127932758475
0.0461023080775757 0.0830057840106739 0.192856781850075 -0.0771746803267233
0.1764254836109 0.0413524512176245 0.0790131261488029 -0.139074578620619
0.220069310702783 -0.0370648898524565 -0.0127450735677697 -0.137469533501775
0.194223713653741 -0.0563754484956989 -0.0686681605003313 -0.148473961606852
0.164620956734746 -0.0244437885169042 -0.0243344833784664 -0.234300565397265
0.155199664743954 0.0287754885409517 0.153604384819369 -0.174223396455499
0.0557769977385826 0.033958277132205 0.0154953760861249 -0.00878244877540519
0.199236680564539 0.00660904375964877 0.179437507439984 -0.33714969652165
0.342029316013943 0.230720964496986 0.437466171679624 0.264514206337934
0.142348110656239 0.819399970891305 -0.114630370746551 0.0211453650178003
-0.165890075087093 0.656640711664704 0.422590329687682 -0.730299835057885
0.269563505300516 0.302921996302883 0.113293961256373 -0.62856391024373
0.100418568404567 -0.0201824337530551 -0.430941105269737 -0.482209924389001
0.0012240915896666 -0.0212113452557811 -0.356947472668072 0.218913187986141
-0.0674985981932138 0.0455737221100777 0.0909695857885111 0.265121080401013
0.0483267103128281 0.165195614797915 0.203904797942044 0.0498348495739276
0.176606950417973 0.0930470273441946 0.165239464473539 -0.0795292415534593
0.207805205104617 0.016988201912797 0.069650618416456 -0.139881732551373
0.163284492947666 0.00982139828882144 -0.0181094367620982 -0.177338157937884
0.0989515970907688 0.066694371173888 0.0335722811113923 -0.272238637573046
-0.0190852073028063 0.0631495118955722 0.22751214963698 -0.150794775333173
-0.0588875361164231 -0.114919953723471 -0.0140555582917045 0.0607999792779234
0.200223680224464 -0.110123827045192 0.119618605969883 -0.304487264032304
0.404676191384953 0.106084337336694 0.252194855493011 0.155135852124249
0.164948523419247 0.703898972057065 -0.123439552201472 -0.255578060779627
-0.0462939665308853 -0.526651280422059 0.110382573166623 0.455424150383414
-0.388455175756543 -0.0702239324473046 -0.0933254592932995 -0.0489193566646897
-0.148834295063769 0.187673809456161 -0.0942426711694679 0.255701746360245
0.149983024372425 0.190794284450937 0.0786971900342661 -0.0526316273873439
0.171726844444055 -0.0948470466334569 -0.219380102213129 0.11665019577443
-0.0264790936680215 -0.189325432308734 -0.0419316119412919 0.249465599574472
-0.132901409231049 -0.110696884003916 -0.0250633903512745 0.170653604786589
-0.163130858729449 -0.07221682542737 -0.149192052137349 0.105453557178328
-0.141221826248235 -0.0942998210099411 -0.244955886144256 0.032931654792342
-0.0543650324834625 -0.171718143126829 -0.22858430462883 -0.147319840536662
0.135828718360929 -0.12617075175305 0.00560642298143963 -0.317122420131984
0.108075379572305 0.0794877420124951 0.427084825357778 -0.14719519057395
-0.0213455578295764 0.0857854513184901 0.413990373172413 0.57169881115272
-0.250092035331317 0.0474705581007789 -0.21683515931065 0.739246916923971
-0.0780216479758178 -0.36377081585161 -0.505632966530272 0.812550644493698
0.0514411384821154 -0.207645568071791 0.0605678273238716 0.530323557254672
-0.240930006219325 -0.0794826946625338 -0.108482412199263 0.0539948906815588
-0.127311023679705 0.235409067846007 -0.0776249133246877 0.306970506417986
0.254650941129797 0.222826328782596 0.166092943456412 0.0116394283496882
0.28899139730822 -0.163333116266854 -0.134867421982556 0.0649136061569895
0.0265836211501808 -0.289753159085757 -0.0253889031729101 0.173034136227134
-0.0919057300700329 -0.186556797035655 -0.0526467149205816 0.110988428443645
-0.0973682976320318 -0.112671128812348 -0.197262631358322 0.068968176558367
-0.0736153375444964 -0.0862350364598577 -0.296217749386276 -0.0102299629559394
-0.0251765425213344 -0.134827882365324 -0.26224614158959 -0.202687272194256
0.163487199082104 -0.128206758549546 0.0198316959801821 -0.375042632818032
0.174928773308306 0.167260825855598 0.443793207507465 -0.143187259193816
-0.0752371328806682 0.127320567437616 0.423769862736224 0.497672476053327
-0.160638773463522 0.236659234289385 -0.140097116508458 0.81480794427848
-0.23011112232459 -0.0265862384693278 -0.522196023966814 0.854207997679535
0.107415175459601 0.191307370397129 -0.0174671092442747 0.454346384112969
0.0458243901236509 -0.00595748406110161 -0.224602805472839 0.0496660187785124
-0.0643408336293422 0.162651959040797 -0.162138398912183 0.400995363643634
0.313801340174137 0.211420738719567 0.265246824355173 0.157504212763625
0.351521718521368 -0.219969070599287 0.0261239714777465 0.00452221268957622
0.0584791440647808 -0.337887529291833 0.0102783287046332 0.0442004501676161
-0.0442785780820834 -0.222841151706963 -0.070564275533606 0.01675849974619
-0.0141544535308013 -0.134764365549343 -0.21518827474332 0.0213363619341506
0.0160192830188716 -0.0772684870474615 -0.308730815994545 -0.0320927628424391
0.0341230783474997 -0.0862181324159438 -0.28927776314096 -0.206928423865592
0.192770941098411 -0.0868418430838058 -0.0308448314675712 -0.401584505293472
0.222711943396441 0.242683598765262 0.413671896784397 -0.219666975084379
-0.133587276960052 0.214835734725663 0.463730563681348 0.329887571716322
-0.0957162039834165 0.315652050683841 0.07806725661649 0.806861427058141
-0.287125245083829 0.289740040845838 -0.438798765874883 0.843030046149842
0.0521609140448551 0.570664494514348 -0.0716248547988233 0.239212144781335
0.286466748061078 0.221899171675105 -0.34877817863308 -0.0627220974655105
0.105083115991467 0.0886843329771025 -0.327840976860354 0.419270031404064
0.335896563380178 0.142822706043575 0.281575500100214 0.337860052523531
0.348992535500025 -0.241587066624083 0.207287483274094 -0.014280488561052
0.0708909697437296 -0.305185761540553 0.0644646869855225 -0.0906654298187963
0.0143292070880855 -0.203006236379381 -0.0721389632847724 -0.0809846168372604
0.0716095225416476 -0.136733006843656 -0.203708610309638 -0.0300635140234285
0.105543564555675 -0.0806984508765347 -0.279515768623538 -0.0444348471919781
0.113632923069359 -0.0619947118228171 -0.282485798915854 -0.181625720808127
0.248764219381973 -0.0329958603317059 -0.0810264063172108 -0.373449406353858
0.244522930951482 0.298383686840328 0.313325761839964 -0.296594126421167
-0.111967526529106 0.280620394316442 0.493706575053765 0.0996884963608849
-0.0212158920048108 0.361682265126671 0.327090354997967 0.712041865685114
-0.240837994652204 0.552365369222993 -0.310787424116399 0.756307326913057
-0.0735880264822698 0.830418857392172 -0.0575530646605182 -0.0590786884672919
0.345700998681916 0.485504834585089 -0.409753949619828 -0.236222188039715
0.272400230569354 0.112166919772539 -0.495898423878089 0.316075016494955
0.337109499455437 0.0682405646494549 0.18766856446507 0.474552107810446
0.283368319778882 -0.227968067133482 0.329547684782655 0.0248319077809797
0.0625465344112781 -0.199477071352569 0.124128933117961 -0.172679870395789
0.0815688180168975 -0.135947628354325 -0.0498446062311915 -0.148995113413882
0.144936347582723 -0.119470309401418 -0.160613166103145 -0.0781929133195849
0.171757157022985 -0.0908470457016422 -0.216290655426094 -0.065437663392635
0.180333231921692 -0.0626483323051391 -0.219626606897345 -0.166418000272084
0.297086823718371 -0.000298568317483546 -0.0667764876110369 -0.299741493530478
0.234820168274883 0.295989754179041 0.178600176807616 -0.276800859283452
-0.0249082918322965 0.253480373067658 0.433490321503718 -0.128873739038459
0.0957376996691318 0.375793552792156 0.507873653330818 0.553680552409554
-0.114211043391029 0.73449474254505 -0.188270561708081 0.575577188573603
-0.19577568367436 0.91834677323898 0.0470296893023847 -0.360540576180531
0.293373201540789 0.633615552826548 -0.348234279579335 -0.417666698021594
0.331934670861657 0.141272990156564 -0.587671103818606 0.0872935585010579
0.271755327052019 0.0296376181675665 0.0106097795101802 0.49629924150528
0.173481240598999 -0.156988275685408 0.336366825702491 0.0994612797029748
0.051708103236001 -0.0520602483608569 0.168067192696051 -0.165819810739075
0.139377101885513 -0.0466807174859276 0.00183208570414609 -0.168882269565048
0.197117333879249 -0.086493282103007 -0.0947744117480213 -0.11489321004169
0.201085121741167 -0.0891197784175503 -0.140566441501758 -0.103619818595894
0.200720316049296 -0.0597476754509438 -0.121595822633954 -0.186244378698494
0.272859674361588 0.00973178833056226 0.0280949977535419 -0.224176740671105
0.170237694627184 0.196968788941365 0.0703061360749893 -0.151270212781781
0.107976773649952 0.13991776809569 0.296312457316566 -0.287285601015783
0.236902768027517 0.333159423784186 0.546404253810618 0.389931168667518
0.0329521233346504 0.823716393973876 -0.124830481363683 0.319309369872476
-0.223816864609226 0.853518735548696 0.225477347408722 -0.593330147686014
0.26951328828101 0.573804876812141 -0.149317125176761 -0.546188360794496
0.256384201484113 0.0746764572372786 -0.541658045044122 -0.214087747852968
0.134238339874499 0.00279264286958994 -0.192516739332582 0.379394721550069
0.0422591615788805 -0.0527227605316942 0.232956169685459 0.186661681052366
0.0460613204208506 0.0825821322895389 0.189328817037331 -0.0789074912961825
0.176281280123626 0.0404678430011824 0.0771244695605785 -0.139392451794475
0.2182940788432 -0.0385008197663816 -0.0140212639367169 -0.136940300535467
0.191782148257968 -0.0581389977930816 -0.0701103915749013 -0.14857247771254
0.163684056551873 -0.0259806733901324 -0.0275309510648586 -0.233145080484949
0.155867824820182 0.0255798513426857 0.150892391449091 -0.176594203936053
0.0566235569032744 0.0336350014385961 0.0154916726683217 -0.0102972998971444
0.198898109047473 0.00509999892987484 0.175583319997133 -0.337062084159908
0.342001576759468 0.226244108415626 0.438418599941511 0.259748133983028
0.147111571758411 0.813950567994091 -0.113825615371561 0.0220118621698756
-0.132703440417618 0.65837453142611 0.406448939888689 -0.733510704063382
0.270692817512577 0.299788963528473 0.103609729845371 -0.627590884552062
0.0997346217956031 -0.0211246692826154 -0.432215045797195 -0.477894007121694
0.00101308043641868 -0.0210339510580783 -0.357245509938338 0.217144857999227
-0.0669619262343841 0.0462098585608955 0.0910662917663573 0.264721560895085
0.0503031798748334 0.163286569874496 0.203394208077392 0.0454395088639138
0.177140372522661 0.0907290235407573 0.161794137675382 -0.085364457559917
0.207370270660789 0.0158398941538429 0.0660350685864601 -0.140444556149928
0.162701210312908 0.00812345757026565 -0.0203973491579609 -0.176221930267422
0.0991033107307784 0.0649378836739055 0.0355708174855933 -0.271139858790243
-0.0187706465546434 0.063363312339804 0.224213167682735 -0.1550991326296
-0.0596864669113807 -0.112138526003065 -0.0125455197953235 0.0611641949672711
0.202736433104144 -0.103773786695025 0.11280041450467 -0.305384632553245
0.404197300558436 0.107668582460802 0.25147061557787 0.152708769656171
0.16685832994083 0.702755367888976 -0.124856528042277 -0.254821329139646
-0.051796746131086 -0.522435821548829 0.113436892829846 0.454752926450591
-0.386462271906611 -0.0661406590582396 -0.0929522092680771 -0.0476450572475812
-0.146877250589748 0.188735747118738 -0.0922948464817171 0.255122799422632
0.150966275869553 0.188811752478389 0.0767293998182062 -0.0530849318794225
0.171291072612309 -0.0960763708749616 -0.216807470436503 0.118663620823461
-0.0287803170524179 -0.18820694101924 -0.0391633092452228 0.249170254613776
-0.133246291246756 -0.108752519296651 -0.022756390352992 0.170139649682559
-0.164169951913665 -0.0698628202663746 -0.147224043283152 0.106381566180577
-0.140869540092024 -0.0932206096285523 -0.243486868346594 0.0352827160197769
-0.0560366350037827 -0.169951989640177 -0.228638236746716 -0.142929117867245
0.133909153124248 -0.126806513425139 0.00246842576962019 -0.316782622444796
0.107743223303582 0.0786164843001199 0.424965641049458 -0.149652115509815
-0.0208746937327385 0.0848762716679546 0.417326284518294 0.565556977115477
-0.247940627630161 0.0501030941913996 -0.213980804211713 0.740256688121092
-0.0808591339166694 -0.363594208498101 -0.499932475434629 0.814107905992985
0.0497744333833069 -0.206913341407857 0.0647203252726762 0.527833449840719
-0.240664874551086 -0.0756307859854128 -0.107237867922945 0.055450378581488
-0.125005500497612 0.236611587525624 -0.0748898708393944 0.306136373967369
0.256321080499355 0.22019857829511 0.165562624669229 0.00989804635494583
0.288033922155439 -0.165402909853089 -0.132442295307024 0.0657577813371969
0.0221366621260612 -0.289547683284541 -0.0245967167400027 0.173236581167231
-0.0942549825711214 -0.184538239274076 -0.0510718693180651 0.110723463807701
-0.0985755127260314 -0.110502994798608 -0.195562965546898 0.0705657369951979
-0.0741544690559176 -0.0843557213418706 -0.295480294126559 -0.00810949711278626
-0.0263375719851485 -0.13382386594469 -0.263276453518907 -0.199653250868823
0.161357249231467 -0.129429960924858 0.0143420878460276 -0.374832761550885
0.177204991180955 0.165248401601397 0.439604587116121 -0.147485480602378
-0.0730056302832035 0.127089360028778 0.427479970523075 0.49103117063901
-0.158958390589923 0.236244276623668 -0.137176676843979 0.815357379466901
-0.228998402226678 -0.0235934418316252 -0.51476464595762 0.854097872316124
0.109853410898354 0.188849850005347 -0.0113644885367406 0.453577871351759
0.0460181318050648 -0.00529988416073696 -0.223192841362907 0.0517014454443988
-0.0623561201957555 0.163021904776104 -0.158919055533915 0.401206503745102
0.31578577426024 0.207025722506935 0.26537360450453 0.154654430614511
0.348501630975476 -0.222095628384405 0.026782004764505 0.00449913585754837
0.0550627184220031 -0.337959085635265 0.0108452997875774 0.0435356841385132
-0.0462870427525175 -0.220647686713703 -0.0698970953864818 0.0176935738965192
-0.0157196541203501 -0.133998500693713 -0.21371878072251 0.0240186148955086
0.0148813220176452 -0.0771026834454536 -0.30886042406328 -0.0296240307949911
0.0330179532210617 -0.085936180959297 -0.290372673812943 -0.203221023314959
0.191548725582539 -0.0892160097568168 -0.0355242695681923 -0.399207699295118
0.225341002113873 0.239416711914103 0.409077139872024 -0.222348268499305
-0.131386553186558 0.214531661872421 0.463992676259609 0.326191442810246
-0.0916740849736396 0.316733243168951 0.0835869493553164 0.806173102920622
-0.282718818105096 0.292108957268858 -0.430589047731731 0.847170555928355
0.0537327211089763 0.569433604213409 -0.0706676192240158 0.238912172569979
0.286958674809104 0.2189882815883 -0.348085338294114 -0.0576803790058736
0.106538244828904 0.0886406333934006 -0.323751771390456 0.421861983623078
0.331391779281999 0.148906054374441 0.280820554616677 0.338150193157554
0.344036586796619 -0.248352974579554 0.206989812395902 -0.015941253997588
0.0658911809440311 -0.30657265585814 0.0643134414773791 -0.0905952255895472
0.00989175923058325 -0.202837560100502 -0.0730921372689196 -0.0790708692169285
0.0694877804060079 -0.136937046911734 -0.202185789252296 -0.0267586246936934
0.104575413284043 -0.0815037946290231 -0.278866539295665 -0.0402930042129559
0.112394478340706 -0.0599742730116368 -0.283288319195087 -0.178315531186222
0.249421002520108 -0.0342512628796726 -0.08363420700351 -0.372400125662413
0.247167458553244 0.295657476088937 0.312211219456116 -0.29754803235096
-0.116018858979711 0.277985396909998 0.49139472472008 0.0972318314418456
-0.0194985607921987 0.361220072811858 0.330776142683612 0.705893771659863
-0.236453988153861 0.551863848596452 -0.301705016146505 0.757954704610379
-0.0583022994001686 0.826409438163801 -0.0577088819755611 -0.0579086602128851
0.349550279840099 0.479121934849564 -0.40974107714608 -0.23308010085278
0.272104995532371 0.110802506089234 -0.492444773597953 0.318927253006857
0.337164238686415 0.0650071941594791 0.192870107991443 0.471586578051603
0.281219449520953 -0.232041367090065 0.32757856900233 0.0204983495043516
0.0602921475810352 -0.199312269620914 0.121472592308418 -0.173308199001139
0.0795224958717494 -0.134585397589701 -0.0511497404021928 -0.147726051755584
0.143791166922965 -0.11981724224995 -0.160725132633899 -0.07614468579232
0.169885388188078 -0.0908398871006471 -0.217345624754246 -0.063743780876314
0.178941131329236 -0.0640995862516791 -0.22092410864941 -0.164491456094539
0.295439885866041 -0.00476251302453154 -0.0700389371006403 -0.297974785150308
0.236967871135792 0.292257906270911 0.175352707572435 -0.277377226218497
-0.022934392195126 0.25435569902889 0.429611925361212 -0.130696586456532
0.0975844782861595 0.374810150696539 0.511119812484009 0.549866375207572
-0.108111930808906 0.736628902945142 -0.183834143984736 0.576349718510003
-0.201638332847642 0.91317797318694 0.0445259759943381 -0.360334263554673
0.300276751137283 0.627174416971881 -0.349353979917252 -0.412754972476975
0.333560889977825 0.137747269924221 -0.587026371032706 0.0895545828871204
0.272250670217852 0.0232351093535295 0.00774454007908953 0.493260489300521
0.170625674520883 -0.161975207878044 0.336079933483644 0.0967226738614725
0.0502217831499956 -0.0542399008271829 0.164259830368282 -0.168842591125933
0.139973798246338 -0.0432931921307927 -0.0013001495460554 -0.16772600372552
0.195448616349827 -0.0862648794380547 -0.0979311906157825 -0.113446659858546
0.198259447421277 -0.0904014257840137 -0.141441950755942 -0.101805627223951
0.196684412770097 -0.0666993860684275 -0.122447387601203 -0.184956223327628
0.272868812805046 0.00464512932412661 0.026811994755541 -0.22258852454885
0.171693475533393 0.195052955892499 0.0694050273654087 -0.150445719379694
0.102460683628476 0.141278056718833 0.285203012002457 -0.294701445107157
0.23542818208421 0.333159078585252 0.547399655584398 0.383910197052094
0.0432789120345086 0.823358869362333 -0.119065037769825 0.317870534946297
-0.246935224850254 0.848248912894627 0.219217554207263 -0.593502473868311
0.27068769006767 0.568643264936457 -0.15337198885595 -0.541854317004243
0.255955650954232 0.0718828699201593 -0.543445245002977 -0.20762167250792
0.1346422977071 0.00248664131374875 -0.189940862887672 0.380550173399159
0.040460010524204 -0.0533052530614077 0.233184201672884 0.18144127482755
0.0472850556864719 0.0822018385488641 0.189719511235474 -0.0806140861586312
0.176271282874821 0.0389494512207005 0.075739062223417 -0.140265434084627
0.217380696711796 -0.0397329610161868 -0.016017612445186 -0.137418534612745
0.190036183883089 -0.0599438312127102 -0.0721533899520736 -0.14517045344001
0.163672634143417 -0.027982046773434 -0.0298899071411296 -0.231967683555805
0.155007218779795 0.0235755639260527 0.148703730129816 -0.177402775667185
0.0577757524522921 0.0323829134163317 0.0151967255968286 -0.0103833110434802
0.198977323892842 0.00403660387164643 0.172599036874631 -0.3384494390399
0.343142649009439 0.223926590580704 0.438706582531669 0.256654879059124
0.15457703452383 0.814071783498847 -0.114960345581321 0.0220335548807582
-0.133247949447292 0.655962337686427 0.400099495578737 -0.734820225902493
0.274104324743824 0.294927681132647 0.100352713429403 -0.6249015431787
0.0998844486577567 -0.0217133142232135 -0.43185213232866 -0.476111836016216
0.0015754475945384 -0.0204577404501243 -0.356935999685353 0.215169004772886
-0.0666050348544273 0.046125770324691 0.0936224344656693 0.261967965237643
0.0523606332530142 0.162795495240907 0.202954711369919 0.042582894683033
0.176575889182385 0.0924699815972745 0.159062543452382 -0.088255059342521
0.207125965931816 0.0146909202441016 0.0638371481644533 -0.140098730790187
0.161259566600593 0.00583428501240393 -0.0202168598058604 -0.175065646484202
0.100182566988771 0.0608204832114442 0.0314637917418995 -0.272197348168502
-0.018105009649362 0.0634909443570413 0.222948780014123 -0.156111922557863
-0.0593034606163357 -0.112625852808309 -0.0121706070190519 0.06018562271384
0.203048755812657 -0.103435994973953 0.115137258503126 -0.304261858406614
0.402681884068475 0.103397749863786 0.253935516441803 0.149614676438214
0.178373115215753 0.696718264858381 -0.127312894376868 -0.253167296528488
-0.0570980065495974 -0.522345552174571 0.117218292213086 0.452305549705922
-0.385821723094622 -0.0617242523420619 -0.093443131111442 -0.046491369718832
-0.145085542731212 0.189539045549687 -0.0896878541734636 0.256544796997448
0.153013752856886 0.185765668319283 0.0765930888183993 -0.053835386938406
0.169984938011422 -0.0972131398750468 -0.214823996216915 0.121288562610774
-0.0306170627978124 -0.188370700068178 -0.0351153275054047 0.249165032408499
-0.13467077250734 -0.106626888834781 -0.0211158034527658 0.170622074376956
-0.164135029412388 -0.0689099456119344 -0.146188011827107 0.107725370252174
-0.141299802372299 -0.0914934399564241 -0.242597963655995 0.0361085656790929
-0.0572683717286341 -0.169292457668037 -0.229953562011068 -0.141147092883569
0.132224218279581 -0.127852481154643 -0.00107605505318114 -0.315371922647474
0.10817680595692 0.0767389889794354 0.420460286429696 -0.151765345328556
-0.0199062542104259 0.0843638751037025 0.418269513251029 0.562784376133151
-0.245945771384787 0.0525169889413322 -0.207556520586203 0.737120313864401
-0.0844532701926913 -0.361736910034903 -0.49252115956899 0.81590166071704
0.0500530160140346 -0.206144086514217 0.067725909752726 0.526587320265482
-0.240857303223071 -0.0739545040251612 -0.106467205941481 0.0560218249998778
-0.121277475666776 0.237862458203112 -0.0715504107429038 0.306253700556052
0.262544514349945 0.212746142861134 0.165856189870452 0.00877970404244604
0.285672692458896 -0.1671654272324 -0.131766976180113 0.0679263766811005
0.0186206817194612 -0.29035880273061 -0.0223497115400359 0.172722652162625
-0.0953334345463263 -0.182595840029182 -0.0497064474597984 0.110921063503436
-0.0987771564270524 -0.109596584144926 -0.193680897944537 0.0722227694742337
-0.074329850041962 -0.0830567021713857 -0.295468349423075 -0.00510240484671177
-0.0273010501697288 -0.133566010542508 -0.26358364432709 -0.196586310725917
0.160483729853151 -0.130980589887743 0.0103223023899435 -0.37235394673907
0.178479414446883 0.162256335182958 0.437613523534164 -0.149347974657072
-0.0736548462417795 0.127128713297387 0.427265884146786 0.490141973871907
-0.155434118859912 0.237285871524683 -0.133063210253731 0.813072893915367
-0.229160069458808 -0.0218685471187515 -0.508784940518047 0.856617924617381
0.113737159475335 0.185874069850728 -0.00812401325898976 0.451465289563753
0.0460700648789875 -0.00496789801592059 -0.222405427488991 0.0529442546369676
-0.0604187620681847 0.163699849693117 -0.155126121866467 0.403182472665577
0.317671510187125 0.202622684321539 0.266263382776153 0.150753609484629
0.345347595072167 -0.224852900121304 0.0269382302277187 0.0049286868355563
0.050299130624272 -0.337669226951793 0.0119965690945374 0.0438849245923047
-0.0496779073263544 -0.220248977124181 -0.0696525091152517 0.0185680825393191
-0.0173380009351597 -0.13301968467083 -0.213854784939058 0.0258790623729632
0.0141705073630443 -0.0770950282089492 -0.308372307500147 -0.0264981175069548
0.0322865400040326 -0.0862386564413109 -0.291834822162843 -0.20108594782886
0.191056444377577 -0.0901101080187564 -0.0384034080441498 -0.398868997627758
0.226756177271572 0.237001008372754 0.407429378167777 -0.224874214413537
-0.129398283977516 0.217045585490044 0.466868121659091 0.32217175428928
-0.0897978513491863 0.316229212713243 0.0886051889440262 0.802507667174153
-0.281910992464019 0.292419914499417 -0.425678542532915 0.845412423244392
0.0701469392650788 0.56510136161499 -0.0666569343272027 0.239764492051136
0.28731675838063 0.217737253101732 -0.347696689767568 -0.0559616717253696
0.106431904019183 0.0879670481122777 -0.318828426482069 0.422908558551948
0.33742796862784 0.135615634879518 0.284367484022639 0.332216117569595
0.339271884328048 -0.253459798202407 0.206900978062312 -0.0170908769313439
0.0618383485336491 -0.306028146040194 0.0631448135159461 -0.0908721550628338
0.0104909989923617 -0.200945192293333 -0.0737030753633855 -0.0786323594750693
0.0683416215072833 -0.137150204550886 -0.202219485429071 -0.0252882951718702
0.103179976339914 -0.0813927843974973 -0.279354943880863 -0.0401034027963454
0.112557143296272 -0.0604761475293626 -0.281924823729437 -0.17774667868651
0.247648651936615 -0.0372697080032809 -0.0888029254993631 -0.369396064220741
0.250304010730146 0.292028311500614 0.306432041445262 -0.30151493707732
-0.117094708230303 0.276781687319257 0.489497475834556 0.100701272718688
-0.0167124589621965 0.360654698137876 0.33558964762801 0.701490743210998
-0.229015851562784 0.552571371916041 -0.297335461581226 0.756205802056272
-0.0842950807867087 0.823235753417091 -0.0574348495761069 -0.0587371584782894
0.351098347749754 0.475692750935212 -0.409844113170778 -0.230061226716317
0.273330644332004 0.108494017755725 -0.488861183917227 0.321189676213205
0.337816815277865 0.0602908303490388 0.195415111909345 0.467747091693519
0.278739501097318 -0.233900177009071 0.328286706328156 0.0184702193359915
0.0580988745358181 -0.199489087700732 0.119480789295796 -0.17400737451324
0.0775774573136294 -0.135492551737329 -0.0522332974197316 -0.146880296858164
0.141602467496044 -0.120678738790818 -0.161418700960085 -0.0740954875195091
0.168877899062184 -0.0923860582054067 -0.216481787390825 -0.0613226116676189
0.177360811414466 -0.0659837436469037 -0.221770885823925 -0.161007336537872
0.295264927403103 -0.00768996679388981 -0.0733624775076132 -0.297870522417601
0.240831653381374 0.289822178459229 0.171941412635504 -0.278483216617122
-0.0206482478609181 0.253740046924788 0.427970376854413 -0.134393441912499
0.10039724841788 0.374304604081273 0.512526662360807 0.543273052430088
-0.103022622233602 0.732601484203596 -0.179700413901919 0.573962402875746
-0.233486952392601 0.908342365687136 0.0481898717125351 -0.359354166122734
0.302211210753544 0.623624568155404 -0.347979755590152 -0.411810606760667
0.33335456509838 0.136782990825902 -0.583305324476523 0.0920916106924986
0.274444628188349 0.0106712472274669 0.0167042564276596 0.491244953563791
0.169150227425801 -0.161602132200557 0.337546429754688 0.0915261982652699
0.0503237640434688 -0.0532664565940715 0.161961257488331 -0.169334769521102
0.139785263579911 -0.0430813962079956 2.61692546360109E-05 -0.165820876867246
0.193637750806885 -0.0883908647445879 -0.0966879846635878 -0.112892480726975
0.196095661710947 -0.0924515058100646 -0.14108971159521 -0.100035271618137
0.193894285065896 -0.0715370973621795 -0.126311015025354 -0.181191262284994
0.272540517873701 0.00397442341911802 0.0242054131512918 -0.222870244252666
0.173592276771428 0.194515905944505 0.0683609066635762 -0.150971526960024
0.104150965786769 0.1409237684793 0.287798990099228 -0.292449933471603
0.235962526646123 0.331751563459299 0.550436890961837 0.376114448307814
0.0498643216870283 0.82108043113202 -0.116319883787153 0.317440940421433
-0.274339332143799 0.842407210024896 0.21991061839376 -0.592099015942711
0.274238173796581 0.565737779767474 -0.15635394909852 -0.540276980811853
0.256273950466679 0.0693440346738341 -0.542578873144113 -0.205724560493821
0.134788210446984 0.00144114430791879 -0.186265485669128 0.380601155158822
0.0402099037795991 -0.0531835287907265 0.235842327291798 0.179694175929757
0.0489439154141808 0.0810187466661678 0.187151800713318 -0.0821025745114561
0.175634137316914 0.0367763213698375 0.0743319934518822 -0.13979997986637
0.216550886815405 -0.0425376561749775 -0.0166583744894919 -0.135862680809442
0.190000554059325 -0.0607366501335845 -0.0728277245439155 -0.145825921908483
0.161571199454833 -0.0283787576963962 -0.032661787444225 -0.23104817500149
0.154178470970428 0.0221500234621994 0.145193929467572 -0.178832251847882
0.0576059595550408 0.0314533026633534 0.0145906492206047 -0.0114472194749836
0.198623762296376 0.00271115201848522 0.167443054516878 -0.338515231053789
0.344234324886448 0.221172184958527 0.43993757642673 0.251029318328369
0.16289375785053 0.807814620874819 -0.113954090092052 0.0210046327841516
-0.153424996118519 0.652803507179295 0.400477294677273 -0.731673921793735
0.274916729514217 0.291285718646137 0.0985614125296242 -0.622593977472439
0.0988488792590621 -0.0214048081391943 -0.435105375310594 -0.470564601354271
0.00243522999327486 -0.0210116086473014 -0.350997631006355 0.221448182726221
-0.0659488546396847 0.0462609979522524 0.0968403770621556 0.259212956365702
0.0532478348997067 0.162304607326371 0.202573915925245 0.0424337872482956
0.177034250146679 0.0896872484269898 0.160560054159403 -0.0850648895333428
0.206371537028123 0.0116672692164961 0.0646437221858687 -0.139603882050076
0.160122979411956 0.0043000285981611 -0.0229942324999221 -0.174153477791244
0.10093276990395 0.059896898911448 0.0197633831412167 -0.27045198148415
-0.0165952534777426 0.0632926583160107 0.219145326416892 -0.159014152008258
-0.0606770854558492 -0.112150868908025 -0.0108211102781474 0.0599345331861584
0.197713223825434 -0.111661587382092 0.116122138151007 -0.303228330447818
0.402878586362286 0.0937191396415468 0.253577091139544 0.145446159636456
0.184376101310087 0.692851381649593 -0.129605640631239 -0.252187729281041
-0.0598014364212826 -0.51972411689078 0.11916069637435 0.451810421768872
-0.385490683937391 -0.0579508705739541 -0.0933185938356268 -0.045823059365888
-0.143233181638103 0.190720153699885 -0.0873151544633868 0.256754415934376
0.154342817820236 0.184728498350707 0.0758647493317681 -0.05468568457546
0.16994111235553 -0.0985489780886421 -0.213295290227879 0.123987305832806
-0.0324557435511944 -0.187443863023425 -0.0326836763734084 0.249234404487995
-0.134033003500919 -0.104858929064909 -0.0186976049919824 0.169727792007977
-0.164875250265018 -0.0669210098667448 -0.14453665286689 0.108886104670532
-0.141293657145283 -0.0900242297155631 -0.241636515913164 0.0387664562154989
-0.058438487485492 -0.168377406900069 -0.229190770086532 -0.139006974906773
0.130743157270907 -0.129140297415555 -0.00386117829629453 -0.314036902408027
0.107813064954521 0.0765312274881429 0.419603974836885 -0.155723803714466
-0.0197448871420776 0.0841623888670867 0.423459621715928 0.558458594221021
-0.245375377827042 0.0544605724991741 -0.202499867527039 0.737359103051161
-0.086967436574766 -0.359269628038583 -0.485256779734049 0.818771631372254
0.047162164242278 -0.206732380891053 0.0703940197018347 0.524382640571475
-0.24133246219371 -0.0704549855709136 -0.106354360567755 0.0561135800430969
-0.12011453518412 0.238590647219787 -0.070674795216129 0.306944580464108
0.264470167098529 0.207273280257754 0.164623736139323 0.00705395848687255
0.28532337161658 -0.16871673291512 -0.130463656573952 0.0691401643005792
0.016718338985649 -0.289646444322797 -0.0197689595928846 0.172621911825442
-0.0968860998970828 -0.181815453677066 -0.0469944008225634 0.111256832333424
-0.100315701140219 -0.108386025938922 -0.194017961242098 0.0727926466955443
-0.075003587958186 -0.0815834869168932 -0.293636004419879 -0.00328839716669997
-0.0290699799333046 -0.132655536028139 -0.263603418429752 -0.194721276351311
0.158511107818076 -0.132704150325991 0.00796432909888421 -0.370540716593791
0.179028564221615 0.160869852966669 0.436510999827128 -0.151625926388162
-0.0729992081568123 0.127171396923078 0.427412794073741 0.487438807616542
-0.15264346268248 0.24022706702485 -0.125810064736515 0.812648448408524
-0.22970791530662 -0.0202271304949468 -0.50198486365037 0.857175397326932
0.111742325411092 0.187088621584367 -0.00627914919365685 0.452350527671121
0.0455572005125907 -0.00474122920871302 -0.2220924510901 0.0538074569025493
-0.0592387493278569 0.165085339540569 -0.153626534873484 0.402783021238045
0.320584974891275 0.199989435416935 0.267184489029078 0.148239534047313
0.34384976372579 -0.228672229259749 0.0278515285630211 0.00465330228622561
0.0473520825597685 -0.337420931308868 0.011305034672459 0.0431632766568276
-0.051827741889572 -0.219047178172066 -0.0688272894853272 0.0187573321686708
-0.0179537641266881 -0.132130240168695 -0.212309603410777 0.0272826795557716
0.014382967128446 -0.076834869119597 -0.30705764947784 -0.0235057435144758
0.031556152824288 -0.0860711773833448 -0.291074947785536 -0.19651756651397
0.189192340137488 -0.0922156545384768 -0.0417522270257644 -0.39653366057381
0.229148348713553 0.234672291471103 0.402406464071541 -0.22801174577663
-0.12773029027114 0.216179366445031 0.466974161231927 0.318873916648757
-0.0864542360573267 0.316137844602403 0.0932574048315083 0.799290425027305
-0.27846797520563 0.294715716073736 -0.420826709105659 0.846656567014182
0.0768157195073774 0.563093567430791 -0.0641600928281559 0.239715841789661
0.288215120505351 0.216193037107393 -0.347454067593265 -0.0529940159922413
0.107322470033177 0.0879994983898412 -0.316316607193478 0.423830964473845
0.343009889501362 0.121685212172945 0.289572774406571 0.326804502099807
0.339613275613975 -0.255231782994574 0.206681626693914 -0.018219109517689
0.0591188018663636 -0.30623382091359 0.0616182431207424 -0.0919025606170726
0.0108549385344879 -0.20059519455536 -0.0741252477633998 -0.0780746755016884
0.0664283430739594 -0.136244876859667 -0.20209212375581 -0.0239498206934262
0.102367307876494 -0.0819997561431224 -0.279038321662312 -0.0370276990739982
0.110222441448143 -0.0649354016987754 -0.282478077180569 -0.174234018118239
0.24773421056822 -0.0422642298544051 -0.0924517940443936 -0.367501603443904
0.253890554716802 0.288759056068275 0.302372574426528 -0.303805949485029
-0.107940443552715 0.281799741246643 0.489958127155419 0.0969203776286513
-0.0129081647678238 0.360310234509374 0.339860410447688 0.698025045666245
-0.225831540382393 0.55214560889881 -0.29038632223385 0.756505356452749
-0.082238824908821 0.823444026399579 -0.0577431060411862 -0.0589900089963915
0.352913857910405 0.474337210075467 -0.411905725184427 -0.226305770855559
0.274126840779576 0.106390511754158 -0.48615974913295 0.323580340518792
0.337946465107749 0.0568156656423318 0.197784015540379 0.464186949463339
0.276024552602747 -0.236588357389768 0.32791107992483 0.0156162067187294
0.0562206102850975 -0.200127377817692 0.116318972324709 -0.174713986915891
0.0759516724635786 -0.135425909688979 -0.0524607688282835 -0.146120062275055
0.139800211192433 -0.121468852830047 -0.161765786114237 -0.073452058259986
0.167615182697484 -0.0936902798683885 -0.217346138369889 -0.0584178732981157
0.176255884786426 -0.0680546324225799 -0.222668808391259 -0.158777515622784
0.29508481173396 -0.0108486845541041 -0.0765718495395459 -0.295770793535818
0.242888034987324 0.287122276427353 0.170001110546828 -0.279118001729153
-0.0175624911251694 0.255268530136822 0.425600423634108 -0.13778053664498
0.102157215050254 0.372614263786731 0.516861818354928 0.53770129889551
-0.0972554903040796 0.731983953156558 -0.176371588521388 0.574678665275374
-0.20936755370539 0.910546179715801 0.0449036372431805 -0.358619733764347
0.305033038518296 0.621096538397389 -0.35241308014551 -0.407707301165088
0.333194554451578 0.135283326263643 -0.580385717460249 0.0986311473689944
0.273144001343554 0.0144889787702941 0.0272607294621635 0.487459207872236
0.168052618488769 -0.162910788540338 0.337657938346308 0.0880197685355139
0.0501336714583383 -0.0526880707459027 0.16072464563582 -0.168954396574703
0.13688198672426 -0.0480399609896893 -0.000822990421687945 -0.165754199867015
0.1912384745195 -0.0921549643860902 -0.0976576262117557 -0.112542412336431
0.194324256688663 -0.0930434516419602 -0.142663823666451 -0.0984151769755921
0.195577782014633 -0.0674912075273689 -0.129846112296573 -0.178384026863599
0.272226198281226 0.00374714833971442 0.0216143089761599 -0.223249856605823
0.176958350644059 0.190294089395514 0.0649655883150882 -0.152683914743419
0.110745139069435 0.13779347808702 0.291770138321855 -0.287785932747558
0.239801259155471 0.32722741587934 0.550581111830834 0.37161365843095
0.0540544867559668 0.817094823227533 -0.115846833207469 0.317148807328537
-0.235268016112894 0.846530168929429 0.212289781260319 -0.591972015176355
0.27867390773987 0.560493984861465 -0.158944970905778 -0.537114281189354
0.256240001312061 0.0679786199649558 -0.541479955332178 -0.199927878176474
0.134908919272433 0.000921584759552518 -0.182443729207549 0.379530528047984
0.0401961941262607 -0.0542870015976008 0.236123614640402 0.176590365771862
0.0492892976196726 0.0810123155668666 0.184918596860537 -0.0827718976994669
0.175324797924037 0.0351625292915665 0.0724354465172403 -0.139745617452865
0.215647792051815 -0.0432434548808182 -0.0186000658291355 -0.135418085140717
0.188396022864917 -0.0623460445485192 -0.0744698075380763 -0.144131972401115
0.160926094483031 -0.0312469634736307 -0.034489510540972 -0.230621209201927
0.155486098370973 0.019333199046999 0.142380617628841 -0.180809632597079
0.0593375225958766 0.0308067376229052 0.0157443748588018 -0.0117804672131518
0.198901945044434 0.00216931469796893 0.165479284544104 -0.340526827777158
0.34390107768256 0.218126553160401 0.440933693971827 0.246631713633828
0.166267971458172 0.805951820576375 -0.113206684284178 0.0219552925691962
-0.140871004841163 0.653142406581275 0.398328113570762 -0.732785386758969
0.275221680633157 0.290671368694893 0.0930029386462694 -0.622081627331652
0.099482419268382 -0.0215639505202555 -0.438999079715848 -0.463212602788234
0.00107682639761983 -0.0204359335024453 -0.346356371207926 0.226317713430042
-0.0654740306947052 0.0463163874454013 0.0991846793745276 0.257819206485028
0.054081172555802 0.162476999904146 0.201157631576807 0.0415643685789916
0.178336366625199 0.0848693901041634 0.16030533124612 -0.0847250233322523
0.205347044873561 0.00945918128076626 0.0634940950319332 -0.139649351952304
0.160110806250268 0.00368010066637446 -0.0256491961580426 -0.172652237776068
0.100593249422441 0.0612931234798416 0.0199316006421745 -0.270705824305649
-0.0158729081911796 0.0630050899744021 0.216753328846051 -0.161833942195069
-0.0621827459115148 -0.110235483673803 -0.0098294177886535 0.0578241817168137
0.194929392293679 -0.113599407716701 0.107856976226007 -0.306065431441537
0.403012351283893 0.091886033517381 0.253886331939619 0.144440215499747
0.186531002024319 0.69207395921052 -0.131387258358854 -0.251955921529618
-0.0630857012224704 -0.518192946990666 0.122414913256749 0.450477707858383
-0.385504676602608 -0.0559834509162447 -0.093277234300185 -0.0452646563164193
-0.140835276901965 0.191881506212737 -0.0856130342633155 0.256670774969205
0.156392132258863 0.182085431060156 0.0748567855624593 -0.0549008699680303
0.16878874699495 -0.100222935857911 -0.211717665063612 0.12498356102691
-0.0343192609564235 -0.187740051387992 -0.0296245029446085 0.248303091228996
-0.135399547789327 -0.103613684095115 -0.0154253557119042 0.169552603808138
-0.164604324653272 -0.0657991069546969 -0.14368732192996 0.109258935873102
-0.141511621984788 -0.0889935566912911 -0.240735491292297 0.0407926855057685
-0.0596222858960635 -0.167035051258736 -0.229577588351933 -0.13682786638412
0.13004557336754 -0.130412690887277 -0.00518834513805423 -0.313413587403017
0.108604911670126 0.0758654197865028 0.418173650962108 -0.156282580031727
-0.0189642111361932 0.0838486576129044 0.42515287836042 0.555120518246796
-0.244055796087096 0.0562724724390771 -0.197184081191097 0.737334949165178
-0.0885691262158268 -0.357989885288159 -0.482057826769971 0.819453357930958
0.0435012059267288 -0.205830515075977 0.0747253432521808 0.524697757702691
-0.240211592546857 -0.0675925578786511 -0.105525484934948 0.057609184613483
-0.11853962843446 0.239099469034688 -0.0680424634519814 0.306423114603014
0.262725874275652 0.209713468380709 0.165356641359336 0.00556577382682138
0.281947533408705 -0.172895695720028 -0.128444879180553 0.0707798059382642
0.0138719138038381 -0.288252198961973 -0.0185873904783506 0.172660224534385
-0.0989618701781892 -0.180957917636119 -0.0462292764387842 0.112230537221853
-0.100776437097825 -0.107628974907469 -0.192873991264718 0.0751558295254982
-0.0751827418750385 -0.0818835411502626 -0.294282138155072 0.000781792421702524
-0.0295634935592519 -0.132686949625879 -0.264178642832426 -0.19138626314
0.157846998068878 -0.133987641075224 0.00453738577135974 -0.370040497685699
0.17920164136839 0.160284665033375 0.433581332601399 -0.155965691708662
-0.0716238451281059 0.127601628193764 0.433567306824215 0.48089144733373
-0.151003732692032 0.239809668222806 -0.120196348408973 0.811138803825296
-0.229759040090794 -0.0184807925844803 -0.498217394394274 0.858518451267985
0.11101219935101 0.187952034724693 -0.00345544445100082 0.450818859207732
0.045727170249894 -0.00325941937931227 -0.221426815837654 0.0551223600677626
-0.056659983912293 0.164494705938473 -0.150242830718716 0.403960252673329
0.32191061557907 0.196206514073276 0.268071656413962 0.14616171977138
0.340759082470753 -0.230647770914105 0.0282816380304155 0.00484303312857422
0.0433995953672496 -0.338570187448 0.0126459441380161 0.0428486560254019
-0.0539634331793216 -0.217653809488486 -0.0686591503428728 0.0194164291456018
-0.0197742561868536 -0.132066991625596 -0.212632399545819 0.0286593980218291
0.0134866527021032 -0.0764539683301014 -0.306972202328217 -0.020823318698969
0.0309903077061303 -0.0864272122697769 -0.292553503983932 -0.193671878739536
0.187565293848687 -0.0940244303764916 -0.0455777579121438 -0.393961168331873
0.230763659949442 0.233563452851139 0.399896194771866 -0.230176384987502
-0.126019704836987 0.217813182112415 0.468322926574386 0.316003879729333
-0.0843029669951893 0.317418472278139 0.0984305134851204 0.797002814699396
-0.277703455305213 0.297104744502155 -0.415528409754058 0.84837103789053
0.0655123467040145 0.564580058425929 -0.0635617965041867 0.238884690747152
0.290090929296249 0.215425923252752 -0.346299747821374 -0.051425079670299
0.108613797655506 0.0877089249303053 -0.313223634678322 0.424937097672107
0.339730915581785 0.129759846685387 0.290280643536249 0.324231470573451
0.338134584012868 -0.25573646312371 0.207198811255604 -0.0207866683650087
0.0571977397428501 -0.306444995841549 0.0605741667539225 -0.0916234716961241
0.00587795594853326 -0.201146178761579 -0.0739120097417249 -0.0777729361134652
0.0647341421662288 -0.13606565460971 -0.202742887740817 -0.0225674081212324
0.100731135370543 -0.0826321675816632 -0.278564730384761 -0.033590437880658
0.109410258025934 -0.0659674260861861 -0.284424210581246 -0.167450778061932
0.24689620394977 -0.0441402228446101 -0.0935056917021758 -0.366301780019447
0.256085399058842 0.287607777073617 0.300551474754177 -0.304196147234968
-0.102203304472473 0.283505036914226 0.490361051808431 0.0854066119339482
-0.0113719650644948 0.359986989297059 0.341440018266935 0.69498086617855
-0.223819688901835 0.552271130380036 -0.286672088712647 0.757062427801269
-0.0479526335301541 0.821943988561154 -0.0585686973887752 -0.0579084015689682
0.355964819602309 0.471466158488347 -0.411454009978984 -0.22388672109998
0.275097925925415 0.104985791513193 -0.483142084869832 0.327275506902381
0.339423298192169 0.0536907872908392 0.201544831247919 0.461246701500658
0.273516433501696 -0.239395461253665 0.328664267783275 0.012969309522833
0.05395236153186 -0.20013581319084 0.114901928886278 -0.17505557129434
0.0746309357186875 -0.136431803142262 -0.0541026827393485 -0.145627031785894
0.13879670195556 -0.12233783013346 -0.162768996223543 -0.0710963134168582
0.165173843593105 -0.0936999528045215 -0.217547391296656 -0.0572395526619907
0.17477470059437 -0.0686672201836341 -0.223701678516126 -0.155969716528566
0.294180275726332 -0.0143463707778483 -0.079447634839019 -0.293800505154704
0.246181131440441 0.284586172446074 0.167310758495767 -0.280904154608615
-0.0157002809093207 0.256596660915567 0.423752488555396 -0.138843834356855
0.103640504475767 0.373232270035655 0.518278613166088 0.533208186753563
-0.0932452731514346 0.73292492413344 -0.17179320773652 0.575097149174162
-0.166329968288605 0.912347460794578 0.03689211811416 -0.357922858145109
0.306667268561054 0.619960619551141 -0.3544875664119 -0.403618298266007
0.333860725874247 0.132541219398025 -0.580340716869666 0.101249501377346
0.271706312060779 0.0221458512917261 0.024580652563171 0.487380385545703
0.165531209211766 -0.166315041574901 0.33763563670049 0.0874901360388568
0.0490604762712856 -0.0541810984701217 0.157813583006882 -0.170002046411825
0.134496626809143 -0.0499653570865384 -0.00506892058372001 -0.166322499152096
0.190917417643171 -0.091785380530979 -0.098684373044123 -0.110952116416495
0.194341626127416 -0.0931136899758506 -0.144246348354414 -0.0962076610044917
0.195438310851434 -0.0667487418213508 -0.127733405941866 -0.178947053010814
0.272480596120082 -0.00193952777460324 0.0183615080000542 -0.223066027928142
0.179045480092323 0.187999132765752 0.0649147802860181 -0.153795734481296
0.111461049597078 0.138839384817578 0.282981116576768 -0.292745495692019
0.242089794343277 0.32592746764728 0.552418912033395 0.369597968797494
0.0556609710722837 0.816931789793123 -0.114165696661573 0.318053527378987
-0.198744024611577 0.849895648167307 0.207020655436418 -0.593556983276249
0.280150418892794 0.560498064366879 -0.161748004343269 -0.535304294470035
0.256464154859833 0.067337985057247 -0.541431063328525 -0.198661161286333
0.134998030926831 -0.000136198967904989 -0.18193690747781 0.379582846848676
0.039803600561241 -0.0546834080003124 0.237557797894099 0.174785309015348
0.049599254872885 0.080211346559063 0.184278014936625 -0.0842054795799356
0.174537068267241 0.0342131643479993 0.0718847761079277 -0.140737100128942
0.214205079289919 -0.0444766963944845 -0.019633083152564 -0.134535652960388
0.186651715880843 -0.0629505086264305 -0.0765773504532279 -0.143377986864163
0.161471906638407 -0.0326619509131336 -0.0378041841045055 -0.229094194479086
0.155477544563748 0.0180779155198589 0.140556654342211 -0.182243279488267
0.0597330928777065 0.030334329061885 0.0156527591193699 -0.0124465066734232
0.198665813236095 0.0012496054697993 0.162008660087239 -0.340192831600015
0.344167214954194 0.215921738925204 0.442857063462942 0.243734067630502
0.170717028048648 0.802986912691379 -0.113260897057135 0.0221213081769776
-0.111460395180641 0.652535565658588 0.383808126562134 -0.737833897897321
0.274912799861063 0.287734303355685 0.086651951377154 -0.622182240589496
0.0991674077767606 -0.022260681892307 -0.439162131033873 -0.46237514405665
0.00165425113478575 -0.0200563788007882 -0.349146040587962 0.223769997615754
-0.0649013508067719 0.0467859636250416 0.0981617377231677 0.255704452435318
0.0568342795560022 0.160961533244683 0.201128569299086 0.0393121283608982
0.177484555827826 0.0842273557791554 0.156791646944357 -0.0913413279012387
0.205170550659734 0.0083670936060837 0.0604490465476767 -0.140186166704288
0.160032898182869 0.00271587431563774 -0.0275552798121342 -0.172036339987067
0.100696673764667 0.0596094278728511 0.0242371818031303 -0.269853211654868
-0.0146488739960302 0.0627803723805274 0.214333161840416 -0.163751906853562
-0.0621955799772019 -0.109596361912537 -0.00954622976341337 0.0588094865400071
0.198518816318627 -0.108327874359266 0.102269805906327 -0.30758726101579
0.401665300738502 0.0949899067731143 0.254823721564701 0.143603051885623
0.184708711933526 0.689349039514066 -0.13179911466811 -0.250934933192995
-0.0683603793336548 -0.516761377187594 0.122964426448681 0.449774211855924
-0.386261349733283 -0.0518925982185345 -0.0929723196866107 -0.0446724381067045
-0.139755484118034 0.192329754887606 -0.0832230669856401 0.256931259569333
0.157711056920055 0.180382289397832 0.0736442212389576 -0.0564831862243811
0.167835829700905 -0.10127863381723 -0.209162497969151 0.128170169026356
-0.0364085191481809 -0.186175614897673 -0.0281735703531546 0.250303055462778
-0.135656176556735 -0.102514671814412 -0.0131913536530624 0.169187644279642
-0.164951574134404 -0.0637665661807201 -0.142295586942215 0.11043180609109
-0.141864857680619 -0.0872423119999306 -0.240127756679516 0.042446604191655
-0.0610046723453668 -0.166424010803454 -0.229878390736688 -0.135152061023253
0.128068116587697 -0.131282318400401 -0.00828368617406204 -0.312304004045315
0.10833103691405 0.0748903106116789 0.416945975122347 -0.159772765040482
-0.0180508943113593 0.0833542425344048 0.426157000829695 0.552080086154362
-0.242457729914237 0.0584433880230831 -0.194638048846154 0.736626776685638
-0.0916378384815774 -0.356581528168454 -0.477460441784692 0.821242292248392
0.0423206603366998 -0.205769295945609 0.0783226775754682 0.523812412049344
-0.240019948393684 -0.0659259967870881 -0.104873936353318 0.0583237913570643
-0.115026416411724 0.240399130294083 -0.0657672662339716 0.306950737227167
0.265004892542895 0.207295791103957 0.164284122103657 0.00380649191862563
0.280395360769693 -0.175136435561548 -0.128092059604354 0.0721809828581941
0.0109231963119394 -0.289255301276474 -0.0175650554894539 0.172505363063421
-0.101496838009242 -0.179428048737879 -0.0449288184063804 0.111709386902956
-0.101815410143156 -0.105752870142317 -0.191652685918653 0.0762868488557196
-0.0754571320189033 -0.0805591374520998 -0.29336294920729 0.00322442303488778
-0.0298984998400847 -0.131503550781119 -0.266259808739189 -0.187581235569274
0.156752916528629 -0.13417210440839 0.00192281488526299 -0.369654880968703
0.181440858437618 0.158411602449877 0.431702880959705 -0.158023908303407
-0.0710060744027138 0.128542460716761 0.4370911736154 0.477722666149709
-0.148835350954525 0.24114435477053 -0.119569861845297 0.812113769843829
-0.230282012244447 -0.0167729205852408 -0.488515302856299 0.860622264184723
0.112880290076739 0.185938239608317 0.000121060646381394 0.450709517247902
0.0461387879067907 -0.0030905530400638 -0.219909715318265 0.0570684039511149
-0.0552492722617131 0.16568435687012 -0.147183007358551 0.403513876300876
0.323266858194738 0.192757446979571 0.26892101032579 0.144324158942512
0.339491572787282 -0.233267637448724 0.0287204281561265 0.0052781680616696
0.0398066131328828 -0.338383645365955 0.012698074511398 0.0426285396622762
-0.0558847948836114 -0.217230136325206 -0.0677668915308075 0.0200118507318268
-0.020900144082329 -0.131093284091132 -0.211870058211112 0.030191016404128
0.01264862753819 -0.0761223697378729 -0.307857845312145 -0.0187008583086155
0.0300210739415326 -0.0864289758417252 -0.293685289870113 -0.191972204788211
0.188252029368026 -0.0958003230895589 -0.0501042883562303 -0.39297887497478
0.233045603610167 0.230722077596085 0.398237695683891 -0.232390671413845
-0.124250414167307 0.218647714011832 0.47003700111195 0.312860028527427
-0.0817087520912352 0.317384516198196 0.101904873073177 0.793684473408749
-0.275798095516314 0.29871452308335 -0.409553277076271 0.847922161001055
0.0684693401132802 0.564443802399529 -0.0625850514250841 0.238673295114901
0.290362530998176 0.213020653771724 -0.346568356482406 -0.0486119200040049
0.109613950611453 0.0867881991428698 -0.30991994938289 0.427395842982341
0.337482329185119 0.13331563125389 0.28971777315568 0.323223340013558
0.334039922667757 -0.261853362282236 0.207017446271074 -0.0214689747610983
0.0522045956916755 -0.307701547947573 0.0592948971972813 -0.092022536916729
0.00128371916587361 -0.200739718849231 -0.0744984682461527 -0.0767183119957431
0.0633231427482619 -0.136910812746837 -0.201912109925339 -0.0202249531616564
0.0999764857481926 -0.0821992551241308 -0.278013595202823 -0.0311914705271083
0.109760988259637 -0.0635139619840551 -0.284562591084808 -0.165475723403389
0.245387935787846 -0.0452033254778855 -0.0988541081110891 -0.363618216542628
0.257889899749352 0.285963121987315 0.298935454939137 -0.305250578334112
-0.107793017116674 0.28172801582758 0.489875351335911 0.0840896203846875
-0.00999454073511805 0.359961216947704 0.347236867485162 0.690932906581906
-0.219789065160323 0.555661111358025 -0.281012141480483 0.756745036081603
-0.0420507164265152 0.824435102266615 -0.0588732651807156 -0.057437009921108
0.359737543663833 0.469602475579237 -0.412816669090146 -0.219460179678484
0.275491429719737 0.104025699061727 -0.480362406566167 0.32881812798685
0.340357760931376 0.0512220399975167 0.203446222503475 0.460616256319998
0.271175575461019 -0.241920968377303 0.328909650002579 0.010164142671489
0.0520971803124159 -0.200208165093734 0.112739948059742 -0.175057120607542
0.072858722756017 -0.136244536350544 -0.0553108872444197 -0.14507556789395
0.137789687428932 -0.122668354376068 -0.162227381653088 -0.0701926197113442
0.1641225769018 -0.0951469976771762 -0.218355530183474 -0.0553796558040421
0.1735548725511 -0.0700148279091777 -0.225344553054181 -0.153638510233091
0.293785755021647 -0.0166091690611206 -0.0813336752657435 -0.293507586992449
0.248898545679738 0.282318514903948 0.164312136423099 -0.282485046786884
-0.0139264597181203 0.256407674726269 0.422649645271494 -0.142577299973544
0.105909504985073 0.371876249211635 0.51991520404318 0.531742054041636
-0.0881053412712507 0.732488557087905 -0.169037036265835 0.573750620432438
-0.183783925076234 0.91273273476598 0.0358409370879997 -0.359127867647005
0.310381246933035 0.615993951097181 -0.356689192908836 -0.402070586896696
0.335579935906325 0.129379576791142 -0.577780859152268 0.104951219636349
0.273078621604759 0.0130972480371908 0.0216787193404129 0.487285812819752
0.163517765732006 -0.169449216555667 0.33822829282944 0.0831991472296924
0.047488667210098 -0.055223944929927 0.154972981657686 -0.172252776072631
0.136369106926634 -0.0479709313895981 -0.00804298269522784 -0.167040493653581
0.190958945695333 -0.0911782859077852 -0.100064418087605 -0.109579348639214
0.191548367236141 -0.0953719807378179 -0.144235078075275 -0.094931252996318
0.191971972786822 -0.0741689601265876 -0.128739872377875 -0.178654095002473
0.27104867958521 -0.00689913027052379 0.0159066264857741 -0.22415968643538
0.17935096530914 0.188160710787076 0.0644472615724636 -0.153010281465976
0.107368242473703 0.140525927680894 0.275934351640892 -0.300460676937812
0.239782636204247 0.325129928233093 0.555806274372196 0.363223636301393
0.0621037529511677 0.81567355930094 -0.110512864457628 0.31594212570725
-0.229171115465114 0.845145656140503 0.204292769405263 -0.592701227857247
0.281874612961133 0.557447689144603 -0.163040956714185 -0.53308000963426
0.256698789970162 0.0655734082613881 -0.542242043299172 -0.193536028982643
0.135157292979702 -0.00116491126613319 -0.178416180808305 0.380274651484348
0.0387763029975828 -0.0558566060591867 0.238855690819389 0.172908897044896
0.050874281164857 0.0795046503033596 0.182606040726313 -0.0858948516837491
0.174992292770268 0.0325457302775615 0.070867478566763 -0.141477450489846
0.213442810835608 -0.0467459132803917 -0.0210265137697922 -0.134284752203246
0.185708724318713 -0.0647794608286419 -0.0777401279489115 -0.141557281002166
0.160823919252934 -0.0338528253727769 -0.0397916920966396 -0.228947874877871
0.155210206889308 0.0171082399602928 0.137989824692704 -0.183601918129383
0.060348044748786 0.0302122403176048 0.0162344958548624 -0.0122793051800418
0.198590987767133 -0.000494432907249074 0.159506618856701 -0.340758007538472
0.347189348169949 0.212569061399404 0.44389395957825 0.240882390087831
0.17621940082846 0.801649679399498 -0.113549977465018 0.0222872506658089
-0.117805268319864 0.653149418114605 0.380333857565961 -0.73804693427094
0.279313949228588 0.28327628084598 0.0860513071536868 -0.621109287603321
0.0989696693987027 -0.0229372897461042 -0.440756818938045 -0.463050212280928
0.00262945071259575 -0.020481626199632 -0.348883956775784 0.222728811472492
-0.0655431837535382 0.0467296648819491 0.100601329884043 0.255275827663218
0.0580263060719538 0.159771087378345 0.201119871255763 0.0365749381980106
0.177588390590078 0.0861467744065832 0.155662864924577 -0.0936486124448789
0.205396569976565 0.00661529102062863 0.0590183868759421 -0.140232333736302
0.159115394588885 0.0012193961878354 -0.0275076466249232 -0.170724307181058
0.102280480260412 0.0556351915662489 0.0172654158815144 -0.270085652790599
-0.0144971826616993 0.0631027911902556 0.214005715501806 -0.165183966510981
-0.0627254377442142 -0.10936259857227 -0.00887922203190217 0.0575677249683027
0.198468311563678 -0.108968218717701 0.106252315041191 -0.306368788198924
0.400744941062709 0.0906301946522975 0.254983187737235 0.140974030833142
0.194373769746483 0.685856282691113 -0.133974499488726 -0.249927435439688
-0.0713787007761856 -0.515949154877535 0.127436815052174 0.449039374734795
-0.384867057122426 -0.0500175975468158 -0.093059041289209 -0.0436700404145732
-0.137790763635143 0.19281100394093 -0.0813607059482684 0.257679668136117
0.158970975868669 0.178896924926223 0.0726894194963562 -0.0565488357980499
0.168081736732005 -0.102127165462049 -0.208893164991047 0.12990476477196
-0.0376606175476182 -0.186261658049916 -0.0243987101934623 0.24945990358236
-0.136536923448574 -0.101581142609242 -0.0115182756581095 0.168728294871099
-0.165856680651251 -0.0627468272390255 -0.141609502082357 0.111543760309895
-0.141736897603125 -0.0864705272362271 -0.239203065854499 0.0442737719863301
-0.0622472981521129 -0.165736037012575 -0.230923859194063 -0.132115043247288
0.1275663451015 -0.131868801109205 -0.0113012916063373 -0.311252552511367
0.109116349370054 0.0734112807209877 0.413293820071249 -0.162505815845338
-0.0177706506027341 0.0841388785118914 0.431707574309523 0.550186465044407
-0.241450327131619 0.0608876282314903 -0.190990585947494 0.73631981542179
-0.0941870344668613 -0.355403486465376 -0.473565073011086 0.821028368159196
0.0423270155931311 -0.205582449723938 0.0797173470937588 0.523353104863438
-0.240677944814147 -0.0640198084012467 -0.104193743502069 0.0591597451024629
-0.1120877096282 0.241188091339618 -0.0634819818168712 0.307328321982735
0.271539815335325 0.198474216113993 0.164793079891642 0.00251191720502298
0.280095547270779 -0.177442547072018 -0.126755712823904 0.0725923286212479
0.00696789104790228 -0.289566481607418 -0.0151286033299963 0.172069049563988
-0.102015617999069 -0.178711627470201 -0.0433645679633349 0.111733038984129
-0.102883081911647 -0.105205044689579 -0.190750917701629 0.0776505740284687
-0.0760736055797526 -0.0796667898876533 -0.293033637928558 0.00480212406462051
-0.0316385213875818 -0.130945928375301 -0.266390055567271 -0.187245428831504
0.155048375948005 -0.135716839902171 -0.00129061150899534 -0.36825830737367
0.182750965794704 0.156367579721601 0.431245631617814 -0.158275010108836
-0.0714206574488273 0.127975754391539 0.434852059413926 0.479680741614999
-0.147182798586569 0.242616852448563 -0.115447273481059 0.809826940738026
-0.230213457964394 -0.0159936142280009 -0.486430349249922 0.86224344151778
0.115609074428233 0.184181927704921 0.00488548819955528 0.451682878826922
0.046132810953849 -0.00232381361038573 -0.219969622216223 0.0591832582135082
-0.0538673186589779 0.166458466974425 -0.144346397945063 0.404455302422214
0.326491762805336 0.190032599987256 0.26985929900183 0.141688008803763
0.337501911950882 -0.237955483057646 0.0286745168651789 0.00487886710598814
0.0371813093025326 -0.339021701027143 0.0132238701949787 0.0426916080975831
-0.0586411756536208 -0.216742783911914 -0.0668871598673344 0.0204226629171286
-0.0217574571012151 -0.130444605288985 -0.211880987840468 0.0317644930170005
0.0119762447926656 -0.0758544947997875 -0.30687038656956 -0.0158934488845605
0.0289384631379068 -0.0870583174831223 -0.292946713295198 -0.188698192281014
0.188256029143731 -0.09709007811953 -0.0508189634389068 -0.39175476748246
0.234838155049617 0.228617616992317 0.39560492098106 -0.235074021186387
-0.123406820154722 0.219611815303635 0.468953359825419 0.310008249871647
-0.0802904321315099 0.319098795382082 0.106942578131048 0.792756005189126
-0.274171304915928 0.299613649887584 -0.407718191708214 0.850501238805656
0.0843923034617318 0.560890045180381 -0.0596610079503035 0.23950373294836
0.291508343704715 0.211791970237529 -0.345685483288895 -0.0461417015248854
0.110749478748662 0.0869402031056893 -0.307654409029277 0.428566704451516
0.343890721379498 0.119411534594035 0.292949285624157 0.320666227346708
0.330624232960237 -0.265515234581842 0.206683874847097 -0.0236306925634212
0.0488614739633232 -0.307658572524063 0.0584017556045251 -0.0921772524924464
0.00302144401991984 -0.19986971291574 -0.0749322346798251 -0.0751903259837646
0.0628334330832043 -0.136129601640935 -0.202640959075817 -0.0187365658682357
0.0998824002604473 -0.0829516427545225 -0.279120873920288 -0.0300028705440928
0.108469281352665 -0.0650999284327707 -0.284276165708735 -0.167580126071418
0.245404550435705 -0.048082756066215 -0.102842897631062 -0.362247322202766
0.261013137234873 0.283550150303225 0.296094074781755 -0.307343295783183
-0.108141152991209 0.281564950658916 0.489478967835737 0.0902704652316947
-0.00657363317018247 0.361046182915281 0.351980706205286 0.68904519312975
-0.215999433896259 0.556222588949267 -0.277844609121763 0.758475049998225
-0.0640229970999468 0.821421883489919 -0.0579493078297061 -0.0582230392909862
0.361012249284441 0.467765137975542 -0.413065210449414 -0.217561943999932
0.276551060180407 0.102380640716456 -0.479660490011221 0.331169377661778
0.340626518847981 0.0483044783267329 0.206017605973739 0.457303909730141
0.269007381776914 -0.245407733959126 0.328114335589198 0.00772353233005636
0.0493027718422661 -0.200229713813912 0.111175533579568 -0.175942072598548
0.0713275519802532 -0.136841003267725 -0.0555977588139252 -0.144415564911491
0.136248298327191 -0.123400445648838 -0.163630466652679 -0.0686231843765595
0.163355255308202 -0.0955292178741243 -0.218650049485809 -0.0530572964412342
0.172884396034265 -0.0715340857951006 -0.22457018480934 -0.151856566711766
0.294300933792021 -0.0189494455008066 -0.0846915580306815 -0.29190907192271
0.250037295195915 0.279074603587384 0.162188938774745 -0.284286278175131
-0.0124727673960487 0.258333190472646 0.421842111479959 -0.144848908589894
0.107944356950394 0.372272117394249 0.524902023461156 0.525208783592048
-0.0842669461171656 0.730793975673585 -0.166108226058371 0.57533522952367
-0.209391148844154 0.90669464321988 0.0387076395844338 -0.359092752211696
0.315057742685069 0.612847876825467 -0.358138274152458 -0.400929858269559
0.335371600459209 0.12921960949151 -0.577455554707222 0.106050880388288
0.274257393204557 0.000991440507049744 0.0302295338784591 0.485636381667015
0.163221723035227 -0.169286188507746 0.339095793662503 0.0792304307211877
0.0481342346008498 -0.0556006661927668 0.153174114327367 -0.172206272759549
0.137169051869418 -0.0475782537944694 -0.00560900332806766 -0.166419158867695
0.188268162564469 -0.0926029593637848 -0.0995255518464307 -0.108204223228915
0.189108310823285 -0.097003959526032 -0.144455386600548 -0.0935109578011261
0.18903801306984 -0.0778236296580758 -0.133594867544741 -0.174494089047898
0.272139948778784 -0.0074677714552674 0.0148278758629713 -0.224397547181895
0.181856284593352 0.186296915968895 0.0633416160382866 -0.154617743268732
0.110140743930653 0.140049956332795 0.278842505138594 -0.297032092163762
0.241355426441575 0.325427686563401 0.556561407354986 0.360649712020902
0.0701654908195702 0.814190017749639 -0.1094356093975 0.316942529848991
-0.250823678294242 0.840488574918827 0.203443559518933 -0.59442775556149
0.284901058759095 0.555837185328145 -0.165731820839499 -0.531019622234502
0.256927004738486 0.0641739027349693 -0.542001299427754 -0.19207688727137
0.135689058838839 -0.00214080366852477 -0.174845288435132 0.379823951857358
0.037443957116444 -0.0561171948356105 0.240717703291941 0.169863287580724
0.0517439181994247 0.0788485606304085 0.181470360920168 -0.086219205575027
0.174640869302391 0.0309051158904855 0.0688557033762067 -0.140858586969049
0.213371952437308 -0.0487251710033718 -0.0214810144572209 -0.134302717242992
0.184179609424893 -0.0653335665475791 -0.0797181963198615 -0.140453412520026
0.159728473190785 -0.0351940081319833 -0.0422877194679723 -0.22796931691099
0.156054444671672 0.0147892793448531 0.136399870269107 -0.184850063860687
0.0600231808168869 0.0296077411533858 0.0159026653451213 -0.0142905038156975
0.198590078878351 -0.000967787998633154 0.157156440515817 -0.341278498655525
0.345850103447592 0.212163762968556 0.444362139139376 0.236678072881898
0.180594621012481 0.800678771347128 -0.114042719504677 0.0227562545816495
-0.137402204470045 0.651297439491831 0.381899190011284 -0.737284635162069
0.280259430389023 0.280543878290876 0.0862020982282292 -0.62113354484119
0.0987710084033876 -0.0228989227351121 -0.442523030154776 -0.457819251331497
0.00257746433374301 -0.0200780847957837 -0.343037711927507 0.229911631207923
-0.0653021205833857 0.0468987293437769 0.104093767617973 0.253168289166661
0.0585936412820788 0.160120836027638 0.200781578322026 0.036871196345938
0.17897486982447 0.0842492698995322 0.157049427467831 -0.0894123816905138
0.204492832305342 0.00492326523588515 0.0592412700153495 -0.139167881348586
0.159091717485507 0.000143654438179839 -0.030039792037763 -0.169948996767084
0.102173109379191 0.0560963681500897 0.00674292855548817 -0.270251827460897
-0.0149557306413243 0.0631450476394608 0.21102039550292 -0.168694669143932
-0.0635626887599522 -0.107877814882257 -0.00821193829326382 0.0578915165266291
0.192988990306498 -0.116877389398663 0.105806111695727 -0.306659049177763
0.401135571610426 0.0816797020833646 0.255833392917254 0.137411462307407
0.201351223224739 0.682045148329279 -0.136050331731627 -0.249972263124986
-0.0736870400413115 -0.515023385767484 0.12886730486164 0.449021594980337
-0.384840687601187 -0.0469239107777736 -0.092973833099729 -0.0425811835567075
-0.136066829491685 0.195217794249714 -0.0803429019123534 0.257919157563755
0.160504707245752 0.176285082524917 0.0718905070319687 -0.0572428055316515
0.166361710205803 -0.103637027399039 -0.206541045915706 0.132014496175884
-0.0402709723001337 -0.185498027996994 -0.0229134921505197 0.249187148998809
-0.138212709151821 -0.100505143482147 -0.00981056828933055 0.169210295167543
-0.166094769986325 -0.0614516047419602 -0.141192611890119 0.112491072152747
-0.142045449246088 -0.085190672399029 -0.238316042088658 0.0459204501149646
-0.0633713160429652 -0.164995178842462 -0.231061200722809 -0.131367758432743
0.126263622557309 -0.132723792418007 -0.01306194117028 -0.31087672136477
0.108903429509596 0.0733323118204961 0.41156146380167 -0.163607345044213
-0.0178348306764134 0.0828888707702028 0.433340209258022 0.548147985170011
-0.239722528010138 0.0622223963002178 -0.186497701308405 0.736800231886168
-0.0957090573903703 -0.355249507165446 -0.466404257609088 0.825432962134307
0.0400125186652966 -0.205726523948645 0.0821734231166965 0.523111882352712
-0.240909570286332 -0.0611934324055472 -0.103526422908013 0.0602301566277948
-0.110639459663694 0.241170725444113 -0.0614419564815338 0.307924700133587
0.272728257865608 0.195059939757603 0.163413846568473 0.000820083344152675
0.279884075161794 -0.177959066497494 -0.12598027204117 0.0750324237133028
0.00502648558487454 -0.289301401736599 -0.0130004338237646 0.173278614466276
-0.104194227533663 -0.178521251799569 -0.0414853396698213 0.111942778471589
-0.103441193889414 -0.103866566616067 -0.191060026409226 0.0789129267829117
-0.075790417558695 -0.0789161970216579 -0.293627769557635 0.00660086038942886
-0.0329566806051659 -0.130980815386558 -0.267300728284241 -0.185587666144423
0.154438834990339 -0.137117123664408 -0.00463120170013412 -0.368870272547626
0.183121232445302 0.155704522650507 0.428935725277858 -0.161863506725821
-0.0704027457567264 0.128321929356276 0.438277340139211 0.476157416229989
-0.143946159763849 0.24382215499191 -0.108052698292804 0.810682054270693
-0.230736941215878 -0.0136623795075032 -0.481486247705651 0.862866026220887
0.115149986103489 0.185012392855663 0.00521869006989613 0.451079666588627
0.0453456767661897 -0.00266867725434149 -0.21908556211742 0.0596170744751219
-0.0513481202334705 0.167649728302817 -0.143251654271156 0.407230049689193
0.327908953173591 0.18542881665222 0.271153580374869 0.139355688274889
0.335230645730392 -0.240093516344915 0.0296794655475444 0.00524070033606409
0.0335580464699476 -0.339941085222324 0.0131023748516717 0.0431494564527772
-0.0604095963941035 -0.215327711291488 -0.0667799438163462 0.020626638438166
-0.0228524066746616 -0.129456693935979 -0.211207677382867 0.0324480872814769
0.0108874739465026 -0.0758461741919672 -0.306565657274508 -0.0144539603557672
0.0283460732756617 -0.0866755035413186 -0.295226885394427 -0.18690146538156
0.186468416688842 -0.0988232330019354 -0.0546975760403988 -0.39065450002083
0.237135260265528 0.227518615217522 0.393369278453029 -0.236692885393989
-0.122144982558491 0.221115037332258 0.471423161672765 0.307436335852369
-0.078648478834598 0.319948482112766 0.110765179881599 0.791442215230686
-0.273007538408914 0.30107030188234 -0.40150347309138 0.848621211341781
0.0879123233619269 0.560195308046232 -0.0584158798803054 0.240738052260308
0.292418701097057 0.211116052774566 -0.346020391590049 -0.0449950150928788
0.111335310540268 0.0868398984600919 -0.303315230764097 0.430536998076952
0.348020262014327 0.109727753436072 0.297187588712968 0.31478103469583
0.330572976061444 -0.266266187443812 0.207525592873652 -0.02481701024837
0.047569847859683 -0.308003756614593 0.057537895308128 -0.0920120692382052
0.00234928497946954 -0.198667667109185 -0.0759624024300383 -0.0751730176370763
0.0615235604133873 -0.136627317409391 -0.201732516181426 -0.0181483459135654
0.0985156265410231 -0.0837867892144645 -0.278858680839881 -0.0279996118609636
0.106968694251564 -0.0687487143560602 -0.285735375950872 -0.163856178247973
0.244979600783642 -0.0520890413802236 -0.104228017286596 -0.361934972547623
0.264984027958417 0.279144963257461 0.29237987377129 -0.310910884224362
-0.0984116509566214 0.2871482818027 0.488885330030033 0.0836373335400567
-0.00443286201901428 0.362078003862211 0.354734862548015 0.687616810416265
-0.213252563007046 0.557971983286868 -0.274553963174586 0.759086350913841
-0.0578161186411723 0.823733058787321 -0.0586348755347461 -0.0577085314255748
0.362908914077605 0.46614204783021 -0.414692485696592 -0.215947360769127
0.277406890702528 0.101591385674965 -0.475580333611216 0.334319602281479
0.34208537936976 0.0458726350415301 0.209490080424225 0.455849104450908
0.268084792109574 -0.248903469930035 0.328935313693201 0.00438184976135568
0.0480208645495092 -0.201168573266911 0.109118925288311 -0.176977550328646
0.070069308301103 -0.136949094465526 -0.0568304577062952 -0.144392535033408
0.135452047249254 -0.123522763086034 -0.163825438713317 -0.0676155013055897
0.161895522228079 -0.0974672419265043 -0.218952579603582 -0.0517817805877322
0.172248578131452 -0.0729042924712028 -0.226950961867537 -0.149925211473107
0.293871469430732 -0.0230230451945358 -0.0865157365521245 -0.291724010168592
0.253384232093781 0.277524671330145 0.161104995981247 -0.284171017804632
-0.00953362342092071 0.258327253574079 0.420002216890618 -0.147180503613725
0.110116666310044 0.37234631543908 0.5266349018157 0.523549274163729
-0.0795270358495542 0.732743793960785 -0.163177132032001 0.576871252800895
-0.181002666279074 0.912306353287453 0.0357910191494136 -0.358514994897767
0.316635373352911 0.612978731085597 -0.359724048091358 -0.396576952349433
0.336756836152914 0.128514659134684 -0.576624807209218 0.109737336617513
0.274294256137478 0.00752263931992368 0.0389339317886353 0.482852610956793
0.16155623705738 -0.171253074281796 0.340641742258914 0.0754105221775627
0.0471760363116966 -0.0552039255509515 0.152356124150447 -0.172815065856941
0.133251691748735 -0.0518009087595653 -0.00602617485671049 -0.165044444640082
0.186573651445649 -0.0950212325645833 -0.100839417850692 -0.107931362707224
0.189471407428839 -0.097141360150146 -0.146444232399212 -0.0918960351208047
0.191189059144856 -0.0738077522658596 -0.135341848629992 -0.173099902245925
0.271980241049863 -0.008271043334614 0.0104593048440977 -0.22423825648894
0.185409608321044 0.183875785773809 0.0606103969337753 -0.15602286666557
0.116835954014052 0.137441196599163 0.282211412089417 -0.295199894760288
0.244751297782448 0.322239342130043 0.558965357670422 0.356706700150592
0.0736355751261347 0.811964192509724 -0.109135924971397 0.315997124515589
-0.210222499296293 0.847581732769804 0.197498490884141 -0.594474896681637
0.28997115833648 0.552915063591917 -0.168676620145635 -0.529022303001862
0.25794368240345 0.0632349141322191 -0.543267683168558 -0.187626255811159
0.136142257192627 -0.00248461881015903 -0.17319368908902 0.381715856270027
0.0366540047697124 -0.0573529914334372 0.241222153242987 0.167369501655542
0.0517052586052503 0.0789224219451404 0.180960694442394 -0.0873587407448528
0.174613379496404 0.0304587773682142 0.0680537950983596 -0.141843342647803
0.212352748478127 -0.0493076030231427 -0.0233182615484243 -0.132915268496854
0.183233000988919 -0.0671838412427235 -0.0798024398021277 -0.138470191644099
0.159223557577022 -0.0370421356408927 -0.044460725816735 -0.22838500457365
0.155359144437335 0.013345982358414 0.134050697086007 -0.185610979589438
0.0618746281506847 0.0286349714594468 0.015835653754231 -0.0145721446365776
0.199817769753952 -0.0012990331066363 0.15552211849316 -0.344999046703533
0.346602428169095 0.20979715919885 0.445737427666877 0.23568585052652
0.184147872262814 0.797760176831124 -0.113569609052376 0.0230056996985636
-0.1200985380495 0.651829943838076 0.37962057795318 -0.737700149808066
0.280630745524934 0.283193088106141 0.0813419305760145 -0.620452146959594
0.0991659231576124 -0.0227058409089575 -0.448254996669194 -0.45280915740656
0.00218268914271591 -0.0192651944925174 -0.339879234858576 0.234273454078802
-0.0658485291016867 0.0468499690480886 0.105638827023739 0.250967334393364
0.0599561349052477 0.158972675588706 0.200484406379211 0.0367153323063857
0.179733856522408 0.079603258615952 0.157171927851973 -0.0891973168523065
0.205160287432805 0.00258652423306972 0.0575200171847193 -0.139224273224241
0.158832485786295 0.00065925396915383 -0.0325333535597315 -0.169688010510724
0.102739523712698 0.0571770970621846 0.0093569845112612 -0.270790842226545
-0.013110327607195 0.0639575799027429 0.207118057836344 -0.171359750710313
-0.0649506222039621 -0.107806231707246 -0.00722931745904014 0.057013682077622
0.192564733023537 -0.117819311577752 0.0978418484647205 -0.308816302805888
0.401606971474523 0.0816690393152882 0.256993943142363 0.137865451099172
0.202569784000783 0.683740186139081 -0.13737946830651 -0.250234068430836
-0.0784082161663398 -0.515135786704565 0.132827566239539 0.449210398329882
-0.385412604768137 -0.0429570834933554 -0.0923436372167126 -0.0411274599743547
-0.134555411808777 0.19640136742134 -0.078635215175507 0.259590714435035
0.16237972040602 0.175949340164677 0.0709652471320067 -0.0574255299356002
0.166414521597172 -0.105653892023549 -0.206056538378685 0.133957104878615
-0.0417524896066648 -0.185382158217894 -0.0202338166542236 0.250677567172923
-0.138565521166182 -0.0990968254766187 -0.00758496560776951 0.169675536197519
-0.166593349146173 -0.0595772245051889 -0.139835308543008 0.1137360717093
-0.141665245941339 -0.0835817529626037 -0.23887745067808 0.048421313430959
-0.0640812495874381 -0.163905016123505 -0.232447837543361 -0.129038303484179
0.126040550417769 -0.13376537829841 -0.0159729311158521 -0.310999770226256
0.109234335194781 0.0725508966428978 0.411511870563164 -0.165565912195138
-0.0173727508628981 0.0833666853164153 0.435817938668734 0.54537137344462
-0.238254180038694 0.0642696002019975 -0.182639406654837 0.740976346531721
-0.0973483099076921 -0.353888263687129 -0.463611960143228 0.827068173853766
0.0370529053378146 -0.205256633273682 0.0861520852438276 0.52182648400438
-0.240766826513899 -0.0592975505564179 -0.103616772777442 0.0601077402663656
-0.108890773419 0.243562098989291 -0.0604944539608522 0.308655827843513
0.270308655268694 0.201789168283612 0.164187711734209 -0.000663733128898832
0.27792853153553 -0.181773361035134 -0.12493566874904 0.0760664745417282
0.00232658782433067 -0.289818593672041 -0.0120622604195228 0.173643837129522
-0.105877426769585 -0.176328925696576 -0.0404400949725736 0.112112553186876
-0.104838325613449 -0.102386579948937 -0.190286938062204 0.0803052863919572
-0.0766706119191119 -0.0775700783185968 -0.293352114159266 0.00967074683787108
-0.0327606172552723 -0.130680619593017 -0.268835167046221 -0.182892597359825
0.153909051962714 -0.138059443362418 -0.00678027116880649 -0.366573710504349
0.184347381636334 0.155125265894817 0.42665750826421 -0.165362428168528
-0.0691638549565007 0.129361662460335 0.443228767803497 0.47123375131736
-0.142660452941365 0.245038070310529 -0.102284853766861 0.812072538632319
-0.23091906252649 -0.0120018865975617 -0.478817394065993 0.869334172135746
0.112589996597808 0.185495058834151 0.00611177872239075 0.451193026232793
0.0463302417984873 -0.00154771806821159 -0.219937227281119 0.0608040450321566
-0.0503221951028588 0.168163833880313 -0.13906927070193 0.407449952413827
0.330828588860527 0.183363683407337 0.27169448634825 0.136556709156274
0.334697199755182 -0.243433320625818 0.0300177817457903 0.0051179551437064
0.0300093406367486 -0.340154959238973 0.0137006910037173 0.0430736904993929
-0.0625056472195013 -0.2156876413156 -0.066740072599731 0.0209398924688523
-0.0241596136984245 -0.129099756506027 -0.212765897893716 0.03383434409391
0.0106897756366393 -0.0749705828352268 -0.307616806152058 -0.0114055256167224
0.0270573328504509 -0.0871944548395688 -0.295015316287908 -0.183565314163115
0.185506114184285 -0.100077652401384 -0.0583102942914957 -0.389708917398301
0.238568405568827 0.225672755188673 0.392384489131609 -0.239872612159532
-0.120604851353161 0.222434984138672 0.473395831057289 0.305176066676948
-0.0757273518562722 0.321106325300538 0.114904433772154 0.795063807149156
-0.270439863341398 0.303195948009108 -0.398087091888583 0.853039958573615
0.0772829396566658 0.563654993258713 -0.057873356406716 0.239473726158618
0.294542356686277 0.210080542890993 -0.346498849024669 -0.0424351713966978
0.112122602165853 0.0868873349400654 -0.301855557016143 0.432882074733492
0.345392939483186 0.118420010527079 0.299534450159909 0.314961253043919
0.329433561394072 -0.269614714634589 0.208339856961857 -0.0266202205208482
0.0434631118808743 -0.308772211432241 0.0570284630700622 -0.0931404817401197
-0.00284310815040966 -0.199376978496685 -0.0756943520901057 -0.0747852477231091
0.0597714876248349 -0.137178591190879 -0.202794898310961 -0.016944504536391
0.0980512561324086 -0.0843024787543 -0.278782005672109 -0.024441621404267
0.107005810311896 -0.0689478043835409 -0.287932919818325 -0.156798709697521
0.245311419053686 -0.053641407316727 -0.105263408642442 -0.361339860736335
0.266666384560943 0.279454442288779 0.291295948622968 -0.312074901773577
-0.0959208026754591 0.288463454358928 0.489385413204568 0.0740717350501787
-0.00434714593629597 0.362490039286649 0.36006428012388 0.688183609191826
-0.212735114231957 0.557356089885391 -0.270303888816127 0.759639249724408
-0.0260716085184158 0.820536308926667 -0.0598217961143097 -0.0564127623780101
0.36711848978701 0.464832713288978 -0.415248755604535 -0.213318425326364
0.279001167789278 0.100042395222198 -0.476103016016815 0.337394446182689
0.342530863072071 0.0441468776005295 0.212158634658003 0.453267907780346
0.26649032700081 -0.251602767794014 0.330047726879471 0.00245513225690066
0.0463083009963182 -0.202220864598667 0.107994537214587 -0.177769363749992
0.0682927130511147 -0.137875094023039 -0.0587240848047677 -0.14433261203057
0.133814605000276 -0.124453629425466 -0.165094142879274 -0.0665105190201959
0.160826624243125 -0.0975524138889204 -0.219880661962774 -0.0491038121920532
0.17192583608692 -0.0745380959137548 -0.22839493637658 -0.148346945641333
0.294644304010468 -0.0263833616962287 -0.0894872962073696 -0.291125821240589
0.257515872358609 0.27587829265029 0.158506831753143 -0.286664995663767
-0.00722387871844303 0.260673538902477 0.419680007118333 -0.149269874299448
0.11076638139559 0.372304614612557 0.531390680553785 0.520613799839272
-0.07709048441021 0.732221310026432 -0.159557194083991 0.576276623211177
-0.142104204400943 0.912525762665335 0.0280221416193706 -0.358821249708439
0.319301627371499 0.612249958213197 -0.363326355059976 -0.393097369870208
0.337255229837196 0.12574484315617 -0.575369599714573 0.115586954283008
0.27337741625952 0.0144760034545829 0.0352477153160404 0.482621917008706
0.160473932907839 -0.174695394338451 0.340730735666566 0.0755950438303441
0.0468427661355216 -0.056312636081646 0.150665778119851 -0.173098862608634
0.132361632448787 -0.053830832362909 -0.00983130139008375 -0.166536431360182
0.187173535519781 -0.0953055714116073 -0.102261584863383 -0.106985775898424
0.18925622396796 -0.0980071311404541 -0.147220193139073 -0.0900961623183071
0.191800456804515 -0.0732841061607244 -0.134375072312915 -0.174658116275052
0.272045525542273 -0.0147775871366998 0.00974819486672275 -0.224362098999548
0.186874196806936 0.182512161618262 0.060279444384214 -0.15716734804235
0.116041937497051 0.139307081000853 0.274984945485826 -0.301866261813063
0.247877942738368 0.321766670948156 0.560205956707008 0.353320519725867
0.0738549631257645 0.813680270994251 -0.107912481579715 0.317560215273329
-0.181689712187566 0.84988946521923 0.192797265013166 -0.596037946153468
0.291372068542363 0.553287620939242 -0.170904968631264 -0.527834326408249
0.256883656479348 0.062537352083718 -0.543997130587728 -0.186418891120858
0.136330189475336 -0.00347533303056705 -0.171735569351559 0.381357352016532
0.0368060942440588 -0.058584319989944 0.242512888743329 0.165039840901635
0.052320002610856 0.0778936606465929 0.18032236480946 -0.089019895664315
0.17497676515677 0.0291845960113655 0.0670029361466099 -0.142120614923849
0.211364652983909 -0.050498559095998 -0.0228952873149485 -0.132731470136784
0.182704438205541 -0.0682013617521395 -0.0816606144502868 -0.137656965441106
0.159261127167141 -0.0376307655597503 -0.0467955603984738 -0.227365173364082
0.155374076793252 0.0121107740221636 0.131391848635198 -0.188949705589748
0.0631312345283285 0.028041260496096 0.0157977926404066 -0.014845211475149
0.200573368043929 -0.00246890984115491 0.152158146852089 -0.345207202560502
0.348859139749887 0.207206755962495 0.447222974218361 0.232107294006415
0.189118628221495 0.798394225964311 -0.113794689768475 0.0230972085024456
-0.0943410946932526 0.653500471070179 0.366706457360877 -0.742579923246952
0.282052673530049 0.278955342393516 0.0764187608577367 -0.620286025974607
0.0985443223241967 -0.0236961276292577 -0.448388136426094 -0.452521605124211
0.00255877778171264 -0.0192037289641776 -0.344019339774054 0.230618007318979
-0.0652640644684332 0.0478127023910346 0.105828391128115 0.251893100553787
0.0615524229063211 0.158515851316705 0.201486113836459 0.0338577186207812
0.179863241047865 0.0797820047733788 0.153113733586618 -0.0963661203704994
0.20513050848742 0.00173374160296926 0.0547689773730185 -0.140813537005598
0.158320987327459 -0.000297933126239121 -0.0339166155187249 -0.169697230832714
0.103200468381246 0.0544293853362245 0.01368107813187 -0.270747813808013
-0.0117071117094003 0.0625003168636325 0.208783792375725 -0.170969535113691
-0.0653970343903552 -0.107186449926883 -0.00727029369253398 0.0566292312942308
0.196702328293624 -0.111628662722788 0.0940684395697606 -0.311087748822431
0.401347780274852 0.0835302540733146 0.258104428971208 0.1361514075033
0.202021017947343 0.68502879804902 -0.139307530326794 -0.249641683368056
-0.145920640422836 -0.505413161655445 0.185016967190528 0.429961509734797
-0.389342068661088 0.0066830116932928 -0.0992445958732317 -0.0313268761189723
-0.108879117595944 0.212904840217861 -0.0467100084877019 0.267751683484404
0.183754422518831 0.154446906950623 0.0638290211988838 -0.0668206173032078
0.153370638969331 -0.124996801317559 -0.186868667182875 0.158453993061962
-0.0645188925321486 -0.178718542245136 0.0104087003102843 0.24881403507683
-0.149249189379506 -0.0811659017090708 0.0135916342909103 0.167980088835581
-0.173056019434059 -0.0381165738323918 -0.124324924948572 0.129660133660711
-0.152589988705751 -0.0653526176986207 -0.231048773103828 0.0775484248529089
-0.0846090781685805 -0.155943756960964 -0.246239705583851 -0.0997900836071947
0.107388316093354 -0.149287608819156 -0.0536099688174329 -0.306105628915708
0.117062031409407 0.0592779838374468 0.388415517556756 -0.216232221836806
-0.00726066186038431 0.0849648963984428 0.498169716821264 0.488539476221676
-0.228732656192598 0.0958374996716848 -0.0983320631276422 0.754133537918177
-0.146942578248606 -0.33836714216041 -0.361107323042642 0.870408427414967
0.00899828564648197 -0.211368383201706 0.149162463038476 0.50933958974321
-0.24712824028545 -0.0289375481808529 -0.0964208755194219 0.0718502768264905
-0.0757750370379827 0.258161639963301 -0.0210261469194684 0.314482250132016
0.294461416055048 0.164854120229761 0.16369409570773 -0.0222847614421714
0.25440830761634 -0.215374386731498 -0.114150052712375 0.0903970357342352
-0.0337209136020215 -0.287949583011377 0.00870632932983593 0.173231223340284
-0.127898490274226 -0.16155139606087 -0.0258218117472026 0.115868256017007
-0.116830981513573 -0.0883090681571903 -0.177914875737606 0.103804083720053
-0.0874260035199176 -0.0684661721913944 -0.290738386118671 0.0468805412461267
-0.0497529503405554 -0.125785857102366 -0.290070463595972 -0.146346422249571
0.134752247883919 -0.157969723965002 -0.0517255324308417 -0.364576469284779
0.203407731399417 0.132186601684275 0.405114581472915 -0.216576242105268
-0.0528127136853952 0.139315443668852 0.495661036564829 0.412410813159124
-0.108461307675509 0.262333563944824 -0.00967788468151041 0.816283875629676
-0.231675698754406 0.018167894920193 -0.37450257824055 0.913523480007121
0.13781893917974 0.168522120216582 0.0620024703851517 0.448204264156122
0.0469958269949459 -0.00630375500788577 -0.211232777592532 0.0874891626384787
-0.0274932441968551 0.174671638926813 -0.0891879100931342 0.422140345123362
0.354470285984727 0.141320537796197 0.288003647671508 0.101475046414104
0.302337527726672 -0.282618069656616 0.0295068994210931 0.00044752691402674
-0.0115630167529483 -0.340436129585685 0.019410016831545 0.0408990586712108
-0.0880673101350769 -0.206293206444319 -0.0624777476404042 0.0288331224900389
-0.0398547075039688 -0.124855576384474 -0.204964545760709 0.0610389000217392
0.000943172796149742 -0.0765775243938882 -0.306516615162536 0.0278610121310787
0.0166869454115301 -0.091206099145421 -0.31671783734353 -0.145206221613762
0.172007752416732 -0.124707316677148 -0.107821574502718 -0.379866586698125
0.265735591901919 0.196304377816487 0.359543274306674 -0.287065230200736
-0.0908685200574859 0.238539606305515 0.503316304256891 0.243777535540034
-0.0311285737929804 0.328680364186838 0.20697079735687 0.772670854605223
-0.229062248090524 0.337063178335422 -0.29770239884129 0.889264247748956
0.149928597726591 0.551232874405501 -0.029854201091458 0.247772091193062
0.320489009910925 0.172074155242258 -0.349485782886344 2.91259481602254E-05
0.125265032634577 0.0728169487411423 -0.246586398159316 0.465043115417108
0.359655228433485 0.0797048614358094 0.334471537139786 0.276229006680698
0.292165354820139 -0.311352777311021 0.200200218678393 -0.0534649979008418
0.00465368083707657 -0.312269357416377 0.0442792891811448 -0.097378059758141
-0.0295958920864101 -0.197837920085476 -0.0837863015652709 -0.0654177034047647
0.0422441686991981 -0.142672216214438 -0.203003522332224 0.00970350917914097
0.0867708677606081 -0.0958425554585506 -0.280863559901623 0.0119575286332618
0.0986383725177031 -0.0802148564944205 -0.306020432865682 -0.121535759287854
0.236428734008144 -0.0860077662529379 -0.153662525170093 -0.34404443936512
0.301968924023435 0.245749608322018 0.25224697103356 -0.34537116515797
-0.0639951665557401 0.299757177264098 0.493149964915642 0.0175188405207586
0.0449497579659054 0.361973251700226 0.435895343551743 0.638204416232805
-0.135433636600728 0.581414182989062 -0.186608192540962 0.783750227223986
0.0751520515014204 0.826642069849886 -0.0669438443127582 -0.0463019358895453
0.424787141232846 0.416644434498957 -0.437932136912342 -0.159729812435927
0.291364336677827 0.0659589691120077 -0.427820380498044 0.393250131989148
0.349563332313928 -0.00255300879835735 0.26689702689945 0.423311874357134
0.232703648942423 -0.285190902379908 0.325338646799701 -0.0393647033122527
0.0217410784660581 -0.205425896335791 0.0842251372881278 -0.186966271070499
0.0505241084539609 -0.144573134987052 -0.0751762080187339 -0.135442831471275
0.117150766022765 -0.13986032757141 -0.171611330280866 -0.0448730822987443
0.148720541084593 -0.117417776845911 -0.224668333475252 -0.0206335320639712
0.161424923088565 -0.0966602456807966 -0.245412341590397 -0.118750992206267
0.288395612076902 -0.0655311675569462 -0.125549679555179 -0.278559312005935
0.292565440773911 0.243026062039298 0.12268313778396 -0.303155782243682
0.0284741516735156 0.262167689048205 0.395148284167765 -0.198623797882969
0.16230958063825 0.356045221575003 0.586080123932674 0.451587603628112
0.0222935475743393 0.737053254403208 -0.09680076847904 0.587528084503582
-0.0548055213747855 0.934991068522531 -0.0143932608200538 -0.35774067479335
0.398108296037228 0.569293954320044 -0.406754021884604 -0.346869034625302
0.353541782003429 0.0835574211184456 -0.555715520800994 0.184227708996345
0.277786371051551 -0.0292960876012105 0.0894111214724618 0.478668994931643
0.137152542962648 -0.194361542924053 0.345287572426353 0.0305948122867698
0.0393555259946488 -0.0609885972951413 0.126969138411227 -0.189772905178445
0.127634027462005 -0.0652890001199732 -0.0308440109335881 -0.163310347626691
0.173908447194783 -0.11653849222356 -0.115219086946104 -0.092124541495509
0.173964902520804 -0.121985475994372 -0.157976070015897 -0.0722080210957868
0.178503267883561 -0.104252499408666 -0.154443230010427 -0.156916463759201
0.267792181353448 -0.0521733366027371 -0.0178753699924981 -0.224375296162542
0.210593809110403 0.15970247280652 0.0422887103071885 -0.163219286411589
0.130516138989004 0.126506184913458 0.229117117762776 -0.334581232567512
0.28698736875599 0.2894499618128 0.597973773823039 0.284034926012175
0.18551590387004 0.792191948555181 -0.0759628743616258 0.328192169034154
-0.111808909701822 0.878415833285384 0.122091802263541 -0.613324055633184
0.359790540714473 0.515821508332202 -0.231975449478949 -0.50073158230042
0.264921465582129 0.0300735630934341 -0.561009515166745 -0.118786741474459
0.137201694670325 -0.0201837614636524 -0.124304138194431 0.400238229366346
0.0296280296398456 -0.0637376041774276 0.259253596080304 0.132441594100192
0.0608280887132044 0.0711712225139951 0.167152424057627 -0.108709649632682
0.178002963843955 0.00680786638723394 0.048154064616908 -0.148594083527441
0.204266818880839 -0.0762728787475663 -0.0410955175751889 -0.127321478496357
0.173913886349073 -0.0913509264545235 -0.0993342453664037 -0.127233101706453
0.153695783862181 -0.0591447621358358 -0.076541371911418 -0.219386506290718
0.156968884540502 -0.0096690491644205 0.107027306279119 -0.20331368622859
0.065892811460744 0.0201821588006674 0.0143896429023803 -0.0175821554709051
0.198912157201068 -0.0288887317117239 0.108715403839341 -0.360898474883986
0.373862441381269 0.160193553564864 0.471387191435924 0.177468684608064
0.295536960426187 0.762028573692286 -0.11571988944259 0.0383877691455116
-0.0259711641657979 0.671476774828482 0.276686663481094 -0.781134386928287
0.317635429718254 0.240778471320852 0.00599332010543327 -0.625428347110039
0.0944942626404695 -0.0357982326688017 -0.496659667130843 -0.397561972849413
0.00228976809853011 -0.0199148026161454 -0.31629297825407 0.270619481859129
-0.0583232110618337 0.0543287430618777 0.136509483894879 0.235391893284859
0.0796508392761617 0.149815308130449 0.20231141702125 0.00775455965905977
0.188809803727962 0.0602229593893724 0.139307699532855 -0.113276012456521
0.203282831760593 -0.0230381088761796 0.0378981065273113 -0.145659286172948
0.157594779603844 -0.021840917184846 -0.0543676538477551 -0.163869059280339
0.111028983984575 0.038726054499269 -0.0274670220125701 -0.269562222955265
-0.00380099111541118 0.0636467644904095 0.185340790012293 -0.19611248625012
-0.0782883920546945 -0.0989809045360504 0.000473676682298647 0.0564823679930011
0.180195734065694 -0.139205368357578 0.0617638410358103 -0.317533932723498
0.410698676647027 0.0257697237316948 0.272775353278112 0.104850090102044
0.29815476104421 0.647147111369044 -0.172077891034421 -0.228308381444874
-0.149015837126656 -0.506120988705028 0.187320095639738 0.430502109686905
-0.389581181603662 0.00987739326243473 -0.0994902522827462 -0.0300271486689378
-0.107301290867217 0.21396731083561 -0.045224059243924 0.268431923775136
0.185635400883111 0.152543698336754 0.0630171788967158 -0.0668787065352629
0.152962621555566 -0.125632012929029 -0.185781359432618 0.15952377654856
-0.0663761791098114 -0.178165183373716 0.0139077033499514 0.249294561205091
-0.150619085039756 -0.079982542538782 0.0153532580914336 0.168154484361445
-0.172939875663594 -0.0373282898141648 -0.123201220082984 0.131083321762063
-0.153500680709348 -0.0651276694339293 -0.23074043285339 0.0801897714707351
-0.0862591294773122 -0.155182674431104 -0.24752783327059 -0.0979318671600001
0.106581691360259 -0.150498733151247 -0.0575044830806746 -0.306512750138603
0.117420105986881 0.0586648382377327 0.386787612021368 -0.219213781707938
-0.00747157225348393 0.0843522357413179 0.502628367762975 0.485291244070044
-0.227758555359163 0.0983914400012228 -0.0948306749190126 0.755702455877988
-0.149534828255363 -0.338786962609509 -0.35645372351305 0.877302107745502
0.00901919335287902 -0.212969477924742 0.150943054508478 0.510600900749573
-0.24805041813008 -0.025729799980616 -0.0962492123811639 0.0737297620840221
-0.0737282316560648 0.258846694602315 -0.0187777602359585 0.315361456471834
0.301439352262343 0.153685028776228 0.16323634228098 -0.0230126837004595
0.253594938062363 -0.217904555672304 -0.11398673868104 0.0915427837725881
-0.0362259141875548 -0.287835494215701 0.0114343578739448 0.172747978244765
-0.128266786906837 -0.161179001031736 -0.0242075256625542 0.11570234470848
-0.117313887926382 -0.0875002890669071 -0.177564545600332 0.105058396866108
-0.0870199727675821 -0.0675435301301741 -0.290819661396736 0.0483221637878307
-0.051198753958713 -0.125899823752019 -0.290752800700958 -0.147328871120752
0.133539701291355 -0.160606767285396 -0.0543263389934219 -0.363948558730921
0.204964859081481 0.130700827830682 0.404787738177361 -0.216948930740716
-0.0530394970106874 0.13872337841768 0.495648830527245 0.413336903468183
-0.106225913299527 0.263633142339879 -0.0058365869740969 0.820106600853274
-0.232688603923302 0.0201272482378813 -0.368327475685056 0.919520469359512
0.140410135962784 0.166747811998398 0.066092366864856 0.449324843066301
0.0470796121719352 -0.00697740247002031 -0.209524175478023 0.0887448146395139
-0.0263288484637662 0.175046592833315 -0.0869426176241422 0.424097830628693
0.356702551960287 0.136788212978626 0.289115626295592 0.0990480280936737
0.300973829854986 -0.287492222036915 0.0296044872142864 0.000586957047237624
-0.0144621135166999 -0.341874884441241 0.0192690439387461 0.0415154856699454
-0.0913115720592325 -0.205411565626652 -0.0620364128433638 0.0298514497903443
-0.0412710286933022 -0.124520422434847 -0.20473144788289 0.0629124493539775
0.000753386271503195 -0.0765800442907592 -0.307011111770072 0.0307598484331488
0.0156600745458866 -0.0918067695404472 -0.318106483212904 -0.144436162114093
0.171163428909177 -0.127861008670767 -0.108896910058947 -0.379387626522368
0.269895157895868 0.194916227067488 0.359295180751639 -0.289523102116417
-0.090256417920792 0.23982606908443 0.507805427142 0.241282497963425
-0.0290613757843129 0.331277295405767 0.211665905623281 0.771945491632283
-0.22839186682002 0.33968943778701 -0.292752866257441 0.892595954650199
0.167860100216526 0.547744621478726 -0.0268279586040764 0.247991860878129
0.3233927468484 0.172476405159201 -0.35033922188623 0.00212238499803989
0.126509380387686 0.0726537537823987 -0.244287165686927 0.469526116904855
0.365078865299748 0.0654013715772799 0.33789764340969 0.272292481376559
0.291462493879892 -0.315575864840851 0.200979718890746 -0.0547490433580051
0.00417078313030563 -0.31218165336078 0.043691685657226 -0.0981934788053102
-0.028180561362107 -0.197119659519436 -0.0846014173514593 -0.0640532253898403
0.0416409911965197 -0.141683971580221 -0.202846154753229 0.011039960563842
0.0859793743802184 -0.0963640938777207 -0.281525773752519 0.0130123924598608
0.0983556199205639 -0.0821994123070184 -0.305759296540259 -0.124696863158954
0.235932544513157 -0.0886763702276283 -0.156438531803553 -0.343488427834118
0.306029351797403 0.2433549804116 0.247102431667473 -0.348448740702545
-0.0624855534712276 0.302029258102898 0.494792333901576 0.0219383006205308
0.0481582679915808 0.361735931105673 0.440163900807373 0.633783883934904
-0.130917373708724 0.58501170897176 -0.180911249540235 0.786607658245331
0.0542716634456592 0.832162480502393 -0.0668186064011098 -0.0464898326179965
0.42817676662663 0.416824460092623 -0.438781012054715 -0.15706634374052
0.293501302877158 0.0642658348828391 -0.427366884490353 0.396360121416009
0.350871613919319 -0.00436971415508121 0.271023306304858 0.422306167098316
0.230972611145648 -0.288629662143975 0.324875694011618 -0.0430966142718781
0.0191864837407106 -0.206603208374741 0.082241392091311 -0.188004500984973
0.048525186665928 -0.144550798524932 -0.0765269003483012 -0.134188412971125
0.115632616254668 -0.14028231700843 -0.172451744696281 -0.0438174626257492
0.147612215610265 -0.117697669406819 -0.22559034282992 -0.018919912034365
0.160520023355525 -0.0983361402065129 -0.24709303922498 -0.116344856957452
0.289617302637517 -0.0673841665239224 -0.128490095546733 -0.278035047024458
0.296647408738204 0.241864282618806 0.120311131770522 -0.305772705804045
0.0310707242453736 0.263484866699291 0.395408540645167 -0.200417870995928
0.16416778955948 0.356051110635906 0.594397117956017 0.451288906025982
0.027096449198334 0.737679005574872 -0.0948610403808777 0.591668099817081
-0.0797421429968481 0.940969099714734 -0.0122636884342641 -0.360426270235686
0.40327182713439 0.571255578061 -0.407520222390018 -0.345827827307886
0.354001297492289 0.0828465242671723 -0.556717106331012 0.184121070190227
0.278755148620054 -0.0381535944316522 0.0997321977514276 0.475229429883854
0.136459412658584 -0.196755591204839 0.346065553875589 0.0258704168292731
0.0399492182940474 -0.0609247768422975 0.125379572231312 -0.190504880242819
0.128144721391115 -0.0658642774162986 -0.0293846352629414 -0.162840993561815
0.172338896745356 -0.119120348946754 -0.114981198433801 -0.0923473629100866
0.172709285347902 -0.122831278822446 -0.158722953234613 -0.071135205909631
0.176260098605711 -0.107367051321307 -0.161056482224767 -0.151662274708118
0.268415563863017 -0.051845970109879 -0.0222207802951166 -0.224999024624281
0.212583221656162 0.158055134653188 0.0404731718004267 -0.164377695843332
0.134735963118392 0.125933423259652 0.233857001370416 -0.332932529520624
0.289888951816081 0.288375172323808 0.600948996437618 0.280182059669539
0.192612268109075 0.796123147962102 -0.0733605732697366 0.328241148525357
-0.122861658403233 0.880838259416299 0.121334573826206 -0.615007114433676
0.364862623268121 0.514244332682856 -0.235703055335938 -0.502177675678283
0.265719745211707 0.0281383055233833 -0.562391656519854 -0.114978099295775
0.137807636476516 -0.0207546431174971 -0.122705629816501 0.400941399753356
0.0283875511568678 -0.0647796516412199 0.261525292017224 0.129673866367741
0.0621518186377584 0.0713473396843536 0.166473544352386 -0.109911806680594
0.178037848153768 0.0062335837826203 0.0466359649500827 -0.149939999099416
0.203717501839654 -0.0780897996245282 -0.04187717597688 -0.127814550076419
0.172664795532031 -0.0917821958751588 -0.100000775215039 -0.125704961176233
0.153983797769539 -0.0603692301424744 -0.0789953886123078 -0.219550044174772
0.157342588136743 -0.0117272095490551 0.105026796374136 -0.205240716191227
0.0670071637396989 0.020301854874146 0.0144723711715088 -0.0175730126958986
0.200305119172912 -0.0294906083833636 0.106821900400288 -0.362150069476985
0.37620779605601 0.1587501700624 0.473736991160157 0.174503056829546
0.299788806747231 0.76393574091346 -0.115146829393762 0.0387540696098413
-0.0435008775689261 0.674657271501426 0.281066687430026 -0.7844829192832
0.318359450382442 0.241688154522036 0.00418342112488697 -0.627482109150387
0.0956334361481438 -0.0358889647369497 -0.501715962912466 -0.393722025274839
0.00161219191715241 -0.0191877531231311 -0.309650184284969 0.277723875582278
-0.0585968752152587 0.054694829507863 0.140086619914067 0.232473798645227
0.0814232943053197 0.149232669792756 0.202785207626404 0.00887025863050471
0.189480711286653 0.0576423038579261 0.142510312060876 -0.110772710383267
0.203074344664736 -0.0249143768298378 0.0380294392455744 -0.144929168550995
0.157567736791034 -0.0222704917364162 -0.0559976781545205 -0.16274774612821
0.111621483156589 0.0402861977797693 -0.0379036067484113 -0.269625307230398
-0.00392076480838345 0.0642057901231871 0.180578697023284 -0.201995739937428
-0.0791353522356072 -0.0980984997088486 0.00107966785622698 0.055686836240349
0.174804987357493 -0.146078875244291 0.0617410175491265 -0.318825393926736
0.410020707624105 0.0189186271863932 0.273679788524492 0.102048439052931
0.307901420816336 0.645450744566563 -0.174084042580328 -0.228270514070942
-0.153451637386285 -0.505262477677025 0.191429399950334 0.431836672209989
-0.390436656543674 0.0123173299302421 -0.0997997776050818 -0.0289697217136122
-0.106411737585078 0.215762716807608 -0.0430269275162756 0.269455825360244
0.188074624860266 0.150976792737009 0.0617964090987242 -0.0671559461324251
0.153593641758489 -0.128475087276303 -0.184087433466275 0.163845913523506
-0.0686878988113337 -0.178588389005572 0.0162684888470381 0.24933386740401
-0.151460913846556 -0.078320940012214 0.0178886724761259 0.168181360464356
-0.174843603128574 -0.0355029060917748 -0.123487794066238 0.132211223254673
-0.153858328411161 -0.0644350918694294 -0.231808490086503 0.0820895610817798
-0.0874066521502121 -0.154509875518422 -0.248041808143092 -0.0967565664878792
0.104926561951888 -0.151653397517581 -0.0597451860573816 -0.306798557670898
0.118793401138184 0.0588864356741096 0.386862382312545 -0.222353708050836
-0.00711206111962922 0.084514235131074 0.507849342204326 0.484229941115493
-0.227799180687765 0.0998721173523477 -0.0877302874638442 0.758646122334041
-0.152278779256988 -0.337989212291422 -0.351845202695092 0.878985618613532
0.00695836689423338 -0.212210322756763 0.155625039931306 0.511716138267637
-0.248950620968903 -0.0224721810461881 -0.0946655076105389 0.0731350387866303
-0.0731735089272898 0.260487408481287 -0.0177101379777479 0.317026015322004
0.304233918131916 0.153630413739336 0.1628525767133 -0.0244668119997914
0.252258347907501 -0.221102444524067 -0.112101753210258 0.0935465868777775
-0.0407801674389009 -0.289331775274737 0.0140510538107761 0.173653773473163
-0.130362337646813 -0.160559715025235 -0.023200213355357 0.116410188890348
-0.118489601959068 -0.0864298626376454 -0.178251863616635 0.107358978029505
-0.0869929638746461 -0.0670316462891514 -0.292016526901843 0.0511700368166643
-0.0523483522309698 -0.125541127710292 -0.292416076356197 -0.145281564843072
0.13274000601935 -0.161214933370129 -0.060077610325705 -0.363778343714273
0.206049385123991 0.130155201414997 0.403295928876361 -0.221300459239978
-0.0524547352400809 0.139487250034829 0.499889044362015 0.412182421267971
-0.104473719632359 0.265766953580071 -0.000782569374933928 0.820668431897252
-0.2329866872704 0.0225353280084842 -0.363431614046442 0.921969600577762
0.140158767269094 0.168136923035905 0.0668006347441 0.450957456388001
0.0474002577597305 -0.00668078880230085 -0.210541228414018 0.0909351433332043
-0.0231311540981736 0.177288797200169 -0.0838267199154665 0.426332140309669
0.360228280741687 0.133555354242093 0.289744542878079 0.0967497492127865
0.29867810166877 -0.291462529422388 0.0304596841746831 0.000110319916102532
-0.018344807408315 -0.343168465437806 0.0194356391692216 0.0418129351393045
-0.0934118040671667 -0.20518868595358 -0.0616656865017678 0.030155169779433
-0.042096327130266 -0.124204520152833 -0.205513890296263 0.0639986297489659
0.000339395685305376 -0.0763429344905035 -0.308224005755389 0.0326387934248279
0.01505085211434 -0.0915116217906429 -0.320729905299574 -0.141374024821835
0.170574535748342 -0.13010094550275 -0.114113894075519 -0.379240455184756
0.271575122191596 0.194166185082714 0.357316212616321 -0.293576939944993
-0.0885237451110393 0.242576329357369 0.509649097700809 0.239049027447459
-0.0268835229116809 0.332372482535719 0.215010573414437 0.772311406741317
-0.226241559483716 0.341661312309354 -0.289987740032165 0.896936522398798
0.166734710754647 0.54920096297285 -0.0252725124273818 0.249164467583414
0.32622165957546 0.17089384595008 -0.350517565282341 0.00414493456391185
0.128473092628965 0.0726885778583308 -0.241725948943248 0.472065462861487
0.36861800704278 0.0555448612653298 0.343728828507943 0.268718512802551
0.290519723474811 -0.318731442043791 0.201831387108568 -0.0567008932939108
0.000667072322599171 -0.313713234154013 0.0424790117851817 -0.0981089124867835
-0.0289858091918458 -0.198251156057684 -0.0855600921984029 -0.064124870650161
0.0399881306396532 -0.143071575470272 -0.204622342742327 0.0127520826152651
0.0859782449396489 -0.0970982997968844 -0.282568600178136 0.0154710130211138
0.0958397249280159 -0.0855917661802458 -0.307815771136981 -0.119669046522542
0.237078512573081 -0.0919617869309775 -0.157365942467841 -0.343655658097554
0.309738072326144 0.24154207167269 0.24536195167331 -0.352380326517929
-0.05229132587124 0.306212619156503 0.494942748038272 0.0145848816368671
0.0513615921552894 0.36347274521205 0.443863071167339 0.634426965937681
-0.12674344775465 0.586925469646195 -0.175370443218299 0.791782510217503
0.0651336484769468 0.835019657879957 -0.0673196798718522 -0.0466502263656112
0.431101858220565 0.416805189795935 -0.441734198472091 -0.154887429872341
0.295717389070529 0.0627832019651627 -0.425295000083762 0.399133744481926
0.352895238314217 -0.00791064088802879 0.273878490420601 0.420981588902416
0.22917120474092 -0.291816209697389 0.325620070874261 -0.0467409193176929
0.0170391771658326 -0.207908480958078 0.0817897117517683 -0.189578679479682
0.0482905127506733 -0.145462025643095 -0.0774602233219576 -0.135030895387974
0.115363216658425 -0.141617453120588 -0.172879291076598 -0.0420487139609409
0.146647407411915 -0.119120244507337 -0.226590781439055 -0.0168917773475603
0.160083328241957 -0.100647357081438 -0.247510080577288 -0.114812905632739
0.289156363222542 -0.0718438155913274 -0.131695239140531 -0.277294761275154
0.300540335685396 0.238830266614157 0.118497253542769 -0.307786649624053
0.0333878837907474 0.264074592040757 0.394792797744771 -0.204521813047441
0.166223457482028 0.355924833741816 0.594358458795727 0.448568511133729
0.0295714380836441 0.739119690076312 -0.0906605829389931 0.59259310226173
-0.0403124122628687 0.944803366683156 -0.0152786903182207 -0.36043200361228
0.407246399927162 0.570156231686387 -0.411689493043332 -0.34207219547707
0.356200516382471 0.0811881232336047 -0.556232321779505 0.190308375377348
0.279540043532695 -0.0314777507038741 0.106692919312897 0.474290242730664
0.134442976584154 -0.198416036599507 0.347190408104518 0.0220454581229477
0.0383663587925416 -0.0616270399505672 0.125119606921067 -0.190560768538758
0.124285908647784 -0.0707658752489787 -0.0313054651793662 -0.162767447868552
0.170634660892376 -0.121205859026356 -0.116935651200477 -0.0911793096554492
0.174183547914267 -0.124317515897753 -0.16108136263635 -0.068096848567194
0.179888832159384 -0.103123220570178 -0.161806175274166 -0.151785079831459
0.269156569785251 -0.0542799929175974 -0.0251001700290107 -0.226380271050527
0.217405176542109 0.154394477727368 0.0383334528959678 -0.165548645824004
0.141896432164033 0.122406383909562 0.23664138205234 -0.332538219462217
0.294145702858248 0.287476582580173 0.6043022137074 0.279163959875461
0.198520099497891 0.795296167015349 -0.0738406545718359 0.328668124732218
-0.0813225400429168 0.882490633635499 0.114482724557559 -0.618598357119788
0.370591853039788 0.51232271710484 -0.238944150562601 -0.50207254319824
0.267254814450132 0.0267897951092309 -0.564783924085521 -0.112457788855522
0.138487531984353 -0.021782090275361 -0.120489952230064 0.40422825812981
0.0287586786140569 -0.0655445005209293 0.263662938147164 0.127307712946334
0.0629214524954791 0.0710801157711161 0.166158911675294 -0.111301037008102
0.178105338651991 0.00496325435541374 0.0454580095607391 -0.150446225623097
0.203512430136911 -0.0794487706251942 -0.0431681601565079 -0.12763095640428
0.172720650433359 -0.0932367345499122 -0.102106280808721 -0.125728445257264
0.154464357499685 -0.0630805315600205 -0.0813570428594448 -0.219587842629928
0.157423116135922 -0.0131899180862569 0.103398281653665 -0.207766163579785
0.0681842016107492 0.0198331240425705 0.0147123276174543 -0.0184510281559875
0.201514183383349 -0.0309627295896106 0.104824288555019 -0.364270007888574
0.377247494282596 0.156386508163941 0.47623429594055 0.1716209864207
0.307685952773481 0.764469419906683 -0.116228115127273 0.0385952600708259
-0.0223376521310405 0.673987726348727 0.275833990464292 -0.788264683197051
0.318601665435965 0.24270917152824 -0.0013580604339706 -0.626591673461297
0.0952671937572693 -0.0365112880030964 -0.507357322673815 -0.389775938682702
0.00126490125443667 -0.018678668998462 -0.306594159405889 0.281756403437266
-0.059070677982347 0.0552756196084629 0.141349339083704 0.232319724485556
0.0837694690361513 0.148151866454886 0.203436362201081 0.00735945207781468
0.190108264282749 0.0523537953765573 0.141182880954508 -0.112269921493297
0.203879501832188 -0.0268837347913709 0.0357396766818273 -0.146415017207484
0.158161823767762 -0.0226823659655181 -0.060099300368703 -0.162793799318398
0.112032431083347 0.0408725163277332 -0.0331616544655087 -0.27163494076254
-0.0024247398955623 0.0639106578364125 0.178094649393544 -0.204177983293356
-0.0809992929817618 -0.0970853986331997 0.00159318993319424 0.0557242498835122
0.174748199374484 -0.146397949676965 0.052267971252352 -0.321912562426922
0.410900708090092 0.0182293110452285 0.275010013029237 0.101882810910697
0.305499542809688 0.647214495664233 -0.175985579841314 -0.229006029937697
-0.158432054960647 -0.506994777793601 0.194953700876778 0.43240909090403
-0.392111988366738 0.0171342606830044 -0.0998793461888101 -0.0289277047187904
-0.104850890316414 0.217635668241285 -0.0409021798040255 0.271631408294965
0.19014712840913 0.149423166738106 0.0613120761145836 -0.0684867183575555
0.152851300746465 -0.130206456756973 -0.182523262782064 0.16586482553229
-0.0703288029569091 -0.178840815396682 0.0201025331630579 0.250773591665671
-0.153131756970269 -0.0773165415585 0.0195898880218744 0.167870283736316
-0.175398501942985 -0.0342418395704768 -0.122164732308013 0.134577745948774
-0.154851267984966 -0.0627848575726332 -0.231021381732974 0.0845985485728655
-0.0892989715355809 -0.154673683337796 -0.25008816302136 -0.0955058149895926
0.104758736899899 -0.153517583374064 -0.0621074046153005 -0.306421197099301
0.119584542512602 0.0577991824816153 0.385328762852137 -0.225348548137438
-0.00620365517481168 0.0848735138745447 0.512057881574603 0.483611253773277
-0.225938046691872 0.101130010754353 -0.086422222926806 0.761800239691881
-0.155059189259995 -0.337121200170667 -0.347093267362191 0.885305825946939
0.00293918062353353 -0.21247034883193 0.159741535273124 0.512325853440132
-0.25012016389468 -0.0205573593854507 -0.0949465601602306 0.0751069238757507
-0.0699484989649704 0.262297846277413 -0.0150401463233702 0.318429371225181
0.30290836780698 0.158693895876335 0.163315193813503 -0.0258742944829035
0.252646384178201 -0.224873500479898 -0.111722138363639 0.0960894483806982
-0.0437220617094147 -0.289396513328035 0.0160199382683503 0.173141112193159
-0.134063867102571 -0.159755805706409 -0.0213222849584351 0.117529606023464
-0.119494783589651 -0.0856049893323847 -0.177939341949988 0.108201228820615
-0.0885442267639245 -0.0669363160075363 -0.29199778841047 0.0547025683552094
-0.0532885384305905 -0.125935641239085 -0.294166139470495 -0.140886337641983
0.131938322017524 -0.163495384891583 -0.0641945179900363 -0.363949783991534
0.207934433366611 0.129161012843864 0.402527295888163 -0.225853771125871
-0.0505188368138046 0.141123726185283 0.507348647839679 0.406493024862515
-0.100829995529621 0.267784296116346 0.00545046199642516 0.82561047387945
-0.234397189506047 0.0241771037104978 -0.360703053327255 0.92870598820082
0.140067771567994 0.169406111852837 0.0707831507797275 0.452840673844899
0.0472291182559436 -0.0064007610759585 -0.21063924727129 0.09210122598275
-0.0211895714110667 0.178267417497351 -0.0815312791016619 0.428989069038583
0.362332693835694 0.130028027276441 0.29149507842723 0.0939005033691599
0.297944248605449 -0.296862227735825 0.0305941646520928 0.000406299994052821
-0.0231360501016412 -0.344687232866009 0.0210560197554898 0.0412546547376336
-0.0967254663006379 -0.203733299323357 -0.0614554483244279 0.0309994389889578
-0.0437862256029881 -0.123723603410066 -0.205780847842901 0.065688337788321
-0.000662541202318268 -0.0768172587202632 -0.309183220758139 0.0362679919560603
0.0145285930723321 -0.0919093977163156 -0.321422502881883 -0.138750157203316
0.170012033779553 -0.131991414553011 -0.119085774837246 -0.378796621420714
0.275151809880667 0.191896347173422 0.356958271810967 -0.296798102833656
-0.0872703102492513 0.244899384757373 0.513357514327797 0.235692420326645
-0.0242048334330872 0.333782315528852 0.222558795893333 0.776473165048648
-0.225299875156356 0.346079863085216 -0.286032528773124 0.901239268462721
0.160282449730015 0.554642804408267 -0.024974385263768 0.250566385573419
0.329326755343968 0.169399836018733 -0.352466862122559 0.0071321072495292
0.129621752537055 0.07241974404338 -0.237641505366319 0.476993928993168
0.367984088733486 0.0621652398084463 0.343600330863099 0.267634202429919
0.286910751910304 -0.324650213331653 0.202393298649219 -0.0586769392491834
-0.00593073970884504 -0.315331871024283 0.0419257753309999 -0.0997437445636545
-0.0354511763627105 -0.197592609558237 -0.0859882632253368 -0.0642854191106528
0.0386814062139719 -0.144399897949969 -0.204847454340001 0.0141553015403107
0.0852202898688018 -0.0979325123141977 -0.282709308446866 0.0177136563797457
0.0956709390682155 -0.0860886240920647 -0.310061583614723 -0.112526127394459
0.236161153749757 -0.0945128781702892 -0.162591579627289 -0.342500235974609
0.313831075015028 0.24086170995974 0.245033934587984 -0.355053096537701
-0.0502724407667976 0.307698274500191 0.497254544939036 0.00505433385931785
0.052923490646117 0.365597389146204 0.449670687503883 0.633862209659381
-0.125842209057622 0.590924769832921 -0.172398084425605 0.791255638587145
0.100198513579097 0.830019097696388 -0.0682685495203265 -0.0459781521845645
0.437760114160411 0.412502866483528 -0.443892522322184 -0.151940940128529
0.297286745558108 0.0614394776632461 -0.423662545116335 0.40581245715326
0.354181177937141 -0.01042194109322 0.277255203746032 0.419766754178947
0.227614395004196 -0.29627414503367 0.326489219103222 -0.0497955304360797
0.0160551052642582 -0.208326515315097 0.0786586487933519 -0.190505943422975
0.0459660179460061 -0.146503792891269 -0.0796241174185332 -0.134116679706888
0.114188582621837 -0.14256716962478 -0.173949255333976 -0.0410214787110158
0.145993557633146 -0.12122154787847 -0.227225289744639 -0.01477026615999
0.159751659599467 -0.101999772436795 -0.250744053740146 -0.111932154416099
0.289243781647194 -0.0758628602237086 -0.135119288924975 -0.277088642871833
0.305303666679087 0.236988496121456 0.116737558337189 -0.310563226909102
0.0358047585477467 0.266317518560622 0.395138656217738 -0.208446323430222
0.16942277753685 0.358718634586935 0.602463300036018 0.446645781644136
0.0363426986782762 0.743260059659183 -0.0882387332502764 0.594100083142929
-0.00829896907846934 0.940204998157049 -0.0232998732828823 -0.360158899225397
0.412525814976961 0.570146219630223 -0.416937810722428 -0.338804332512269
0.360004650680082 0.0771687962096693 -0.556421340139676 0.197045604446477
0.281730417442235 -0.0281919308797769 0.104865805056394 0.477435639886717
0.132856476370484 -0.201694080658094 0.348552676227984 0.0213970380522074
0.037857303800681 -0.0632279549006302 0.122878486910117 -0.192630820955128
0.122741998650779 -0.0715184969513064 -0.0355136814395977 -0.164571844854958
0.17069040653909 -0.121457550464822 -0.118694087726698 -0.0901356705242035
0.173810109451142 -0.124100370323098 -0.162370441817754 -0.0663187345556455
0.180442018790086 -0.10519813627801 -0.161186082492775 -0.153526263167759
0.269679970710883 -0.0612196228589062 -0.0255627118676333 -0.22596832056176
0.219533133605345 0.154189829748794 0.0371102861753362 -0.166852696632692
0.140667105800294 0.125526474611531 0.227202187919021 -0.338565259935932
0.295769571851832 0.286091799871335 0.60884278759494 0.276911379475097
0.202874371339369 0.801225813008055 -0.0706399801205674 0.330009473102384
-0.0573434196261162 0.882695541687189 0.108138523787007 -0.620782321014158
0.375059563268037 0.512408685944613 -0.243221796799296 -0.499173210031012
0.268924307122449 0.0247547749327424 -0.566801990635343 -0.108499766365244
0.139446028801173 -0.0230157218589087 -0.116968050121826 0.406179466362566
0.0272190103262551 -0.0671176256534675 0.265362083136782 0.1246484247314
0.0633701656967292 0.0697932796136733 0.16489101751161 -0.113470202987365
0.178942914525004 0.0034347349862639 0.0439200265398034 -0.151644323231572
0.203505715762276 -0.0814097460819632 -0.0447744275141085 -0.12730118256652
0.171460488357667 -0.0945306242672454 -0.103752885779705 -0.123812237961414
0.153935541606406 -0.0641180528268948 -0.084311026757019 -0.219718903605246
0.157341424166982 -0.015329958180756 0.100860304710406 -0.209480795116986
0.0699022230384503 0.0183156527475371 0.0139527516404129 -0.0191901124896574
0.201470465971598 -0.0325518371664829 0.101763481763169 -0.366370720230747
0.380200330245205 0.154346954098272 0.479517197449196 0.16960645071488
0.314923192423129 0.766627948062694 -0.116616332334284 0.0394480038298027
0.00178612593287083 0.672576374739219 0.262642619262216 -0.793488139007178
0.322835731344162 0.238568097788986 -0.00601517919940504 -0.629180145106679
0.0951490948949097 -0.0373687268724194 -0.510272025631963 -0.389479674663944
0.00127396626377695 -0.0190684267313403 -0.312663137524238 0.280537142729514
-0.0588679071566048 0.0557911198433985 0.142799032307524 0.2326267583462
0.0846751545889394 0.148340798597745 0.203559577834827 0.00477765186324878
0.191176517963044 0.0534275326049818 0.137317539570661 -0.11884008483843
0.205212643671129 -0.0279849477943079 0.0326224861733902 -0.146508746273799
0.158205460239748 -0.0234819203013761 -0.0617567828544978 -0.161488936960065
0.112929959970098 0.0371849773620955 -0.0319424521392441 -0.272440999385257
-0.00196938054007278 0.0636365695992706 0.179954145413357 -0.205530163516442
-0.0816902788441222 -0.0965528248914039 0.00243218827947525 0.0553359719313803
0.179945912303059 -0.143087445529661 0.049332567539902 -0.322891973182893
0.413516127049085 0.0191449742834242 0.277499942385378 0.100349571035297
0.310270931327677 0.650009270543941 -0.178627167972138 -0.228995365387369
-0.164765872753084 -0.505867187083062 0.199327507170928 0.43325587792013
-0.391539216861471 0.0215156945225052 -0.100274134792158 -0.0282538169990586
-0.102164905555549 0.219424189000572 -0.0392156409112552 0.273484665451332
0.193743022644613 0.148172925128004 0.0598936350105995 -0.0685372442786108
0.152247919515477 -0.132615949907593 -0.180966282264466 0.169066918602946
-0.0739063461553894 -0.178009214160577 0.0234759334076004 0.251837106557389
-0.154330134911267 -0.0764626244924136 0.0224517142893517 0.168495276905618
-0.175742110392233 -0.0321596328717465 -0.121151992747488 0.135959772514602
-0.156290266450784 -0.0619085427549153 -0.230764878282352 0.0867153025638146
-0.0912284022258123 -0.154195107573444 -0.25204918345953 -0.0922306246916137
0.103607950267534 -0.154721760524237 -0.0660490341414474 -0.306409097292229
0.119886394627358 0.0571475826825193 0.385759365668642 -0.230128953462371
-0.00586133081446121 0.0845205421568466 0.517790709339484 0.481837349675019
-0.226273395691671 0.105076717427581 -0.0796030117253895 0.765630527307374
-0.158949079913707 -0.33787078730796 -0.344378300777357 0.89024542337757
0.00137801530114537 -0.213557058837925 0.164944286128563 0.513270836602418
-0.250669802983307 -0.0198063820276507 -0.0942474409032235 0.0768507410787321
-0.0662922470333843 0.263498495502556 -0.0110257431967043 0.320466315009315
0.30769384757252 0.153609887525076 0.163573142382741 -0.0284677576889626
0.251870670100543 -0.228037273616929 -0.110803298448663 0.0978256292752959
-0.0468003368384347 -0.290263326480819 0.0169461464795282 0.174389205849259
-0.135752218339883 -0.158160957870336 -0.0204791129228662 0.117336209391901
-0.12099400494716 -0.084581856685152 -0.177290944644263 0.110394635118049
-0.0878746832013927 -0.0662047464441445 -0.292292817442549 0.0583172088861197
-0.0547130736337481 -0.125272452173349 -0.297229813621296 -0.13837448674541
0.130952579266746 -0.165582756639436 -0.0657028934716419 -0.364930731685466
0.210484532553453 0.127276328723167 0.40342877305961 -0.229729695873828
-0.0496656908639246 0.142625895157015 0.512646647675014 0.405879566693243
-0.100175331136918 0.269772853467762 0.011716771911423 0.827020488218204
-0.236355787870981 0.0274837005546695 -0.356300713660042 0.933060351834188
0.14408939408654 0.167316909350761 0.0770595182512081 0.454047624102464
0.0472995253945291 -0.00612885007723945 -0.209199414817411 0.0945964288792217
-0.0193070000765599 0.179350396961005 -0.0758754625191699 0.430712859687498
0.366688767656994 0.126587435337042 0.29389335317536 0.0921605512507881
0.296589661145061 -0.301432231310687 0.0312384190071859 0.000365148947802983
-0.0266823494019723 -0.345937064023049 0.0212319622181231 0.0413910115229961
-0.0987217347226603 -0.204426192376554 -0.0613648509117501 0.0311002086114636
-0.0456988918374862 -0.123128766684325 -0.205669676315958 0.0695198804120475
-0.000664552121968831 -0.076573086816487 -0.310347150194388 0.0386124938502817
0.0137312796082936 -0.0921834278221047 -0.324387300011315 -0.136403498698367
0.169609523325323 -0.134416072072395 -0.1226966308648 -0.37803193808097
0.279066650560043 0.190510969339356 0.354535838764412 -0.300473600054469
-0.0854107268534397 0.24665457853055 0.517155217326104 0.233805952952041
-0.0217285443362977 0.337372763866763 0.229904516317352 0.775909364982828
-0.223765819287662 0.349576483091707 -0.27900613100767 0.90760902264381
0.168877727373363 0.554402505694233 -0.023023608439855 0.251426124541141
0.331936281425724 0.167905759405526 -0.352545906091656 0.0106305410136444
0.13225198544726 0.0716350436474784 -0.236139747184825 0.480175721355036
0.370747441130798 0.0628648350439117 0.347298640009716 0.267121210575357
0.284260960030598 -0.330547551165546 0.202894332684602 -0.0609772318017143
-0.00830863429951179 -0.317251660451161 0.04086988446812 -0.0998884843258938
-0.0381728155904909 -0.19788854022743 -0.0876105405083104 -0.0634539428155684
0.0368635355085843 -0.144058094547251 -0.205190337542673 0.0168714200356397
0.0851706939658936 -0.0991181006494135 -0.283991643515807 0.0224804949705049
0.0970399391333878 -0.0847982148712942 -0.312068088390619 -0.111480828817817
0.237232611092804 -0.0972246334898894 -0.16874413118431 -0.341361011921842
0.316145128736977 0.239072642654963 0.241772208624124 -0.358998059931716
-0.0548377720903053 0.308824438410444 0.499066026991413 0.00445929197335337
0.0559209580971411 0.367016359248396 0.459214176656765 0.630660903907985
-0.121428918756457 0.595339638108788 -0.168873388093101 0.797751945818726
0.0969698257100531 0.835307326170611 -0.0688929965302175 -0.045423645500838
0.444852766311517 0.413184483508134 -0.447401940576113 -0.149293151923025
0.300014917842183 0.0605186505935369 -0.421350611382707 0.410246092566277
0.357856792274257 -0.014883108219795 0.283623884749218 0.418865411201282
0.225659871981765 -0.299919005628263 0.328195383774872 -0.0525145389956599
0.0133660011395872 -0.209770526886649 0.0776130280806091 -0.191739055305072
0.0447271114520855 -0.146807974646913 -0.081652420459073 -0.134171109990658
0.113317573141901 -0.144339932621295 -0.175146829226356 -0.038747924617374
0.14516277872766 -0.12211839357961 -0.228215668844102 -0.0129114013305889
0.159406296728606 -0.10369274564257 -0.253249187077257 -0.110324083906944
0.290417498765262 -0.0795193120888883 -0.139465475379622 -0.276079122678722
0.309454654880247 0.234363655910494 0.113384347240132 -0.313419254848557
0.0392463259384122 0.268611848281394 0.393625502491591 -0.212166416617544
0.172486879352999 0.359399573104659 0.607780019821087 0.442396369283656
0.0426263026696626 0.74683796002938 -0.0841095780936908 0.597179757646473
-0.035782040982887 0.950078922880625 -0.0236817664367459 -0.36246350893927
0.419213642293947 0.566082272544778 -0.419775999703674 -0.339048266483377
0.361932722816755 0.0740705626542786 -0.556838205008615 0.200035941362411
0.282256709423953 -0.0398747377391303 0.104699584600591 0.47938874215133
0.132263320919247 -0.204238505254138 0.351021219318508 0.0171102509177526
0.0383457480166746 -0.0630038300328763 0.120761276304555 -0.195416776676456
0.126522682015143 -0.0693255707626137 -0.0380296071863866 -0.164644394366656
0.171721387832822 -0.122794481042713 -0.120073383929482 -0.0888802633139131
0.172339470079993 -0.128319864944908 -0.162786969315305 -0.065584257103172
0.174994394875448 -0.113756176859703 -0.164747288477916 -0.152469672783617
0.268815147376037 -0.0652647462868075 -0.029052233119211 -0.22756494355059
0.222002599247415 0.154250098363053 0.0376998090744298 -0.168452201165035
0.138771560348426 0.127809929634302 0.221238958734027 -0.345600649339233
0.297324616638528 0.286918748844321 0.614458597551314 0.270056373644036
0.208286591186983 0.799326815890431 -0.0663984413914333 0.331001439568615
-0.0936420612578163 0.890771263644534 0.108441646539779 -0.624868450115846
0.380141304534983 0.511115136786952 -0.245975886946534 -0.50181892313107
0.2692947080616 0.0227039366326144 -0.570332037008307 -0.104657828792417
0.140416205632987 -0.0240265919008455 -0.114624157364102 0.408463002268431
0.0272195848500737 -0.0672163212861255 0.267849322825731 0.122671093984458
0.0659581572627465 0.0693994534270246 0.163793184632355 -0.114891464173263
0.179521249308633 0.00182535582644446 0.0428270601825954 -0.152941787506302
0.204006886231705 -0.0838281889776411 -0.0461033261665471 -0.127598105382478
0.171094696686002 -0.0963678162298801 -0.106657459576046 -0.123138504305004
0.15389553497488 -0.0666559765243779 -0.086605801184574 -0.219407605026635
0.159029259885093 -0.0179915312470589 0.0985583630162032 -0.211242054228307
0.0698723197918599 0.0171814228934972 0.0147823033302284 -0.0205461368593911
0.203554680841969 -0.033638115930565 0.0986163660110137 -0.369013516928808
0.382371237921967 0.151580829378642 0.483536207560754 0.164684049236226
0.31971358854758 0.764608893778038 -0.117442597930168 0.0403424813236118
-0.0132056073275983 0.680308343954086 0.262591708553376 -0.798883940163218
0.326881440523662 0.234483608868961 -0.00985944855873078 -0.631039079195066
0.0951722459034915 -0.0383046618798624 -0.514909407035734 -0.389388479918364
0.00185380378141382 -0.0202114841558351 -0.311798574091674 0.28391994234319
-0.0584342693511237 0.0570153408726279 0.146415516441466 0.229239429780983
0.0862403352458834 0.148889368408687 0.205006911385412 0.00155605378365155
0.193887272735599 0.0547997563180024 0.137822059777689 -0.119591619960723
0.205513005992269 -0.0307066335008279 0.0323600944635647 -0.147154255672697
0.157911252270475 -0.0253946223078361 -0.0620423495087909 -0.162016099212998
0.113371179305994 0.0340009747112653 -0.0431599033377081 -0.271765191871439
-0.00087015943602188 0.064233479104772 0.177947662146363 -0.208533732693173
-0.082056501454182 -0.0968815480114303 0.00313069096747146 0.0553939367106907
0.178741394819536 -0.146873791472464 0.0530659854158273 -0.32429881020781
0.415793854676236 0.0133261501638615 0.279478073762479 0.0965944447308983
0.321632716811896 0.644720881838887 -0.182279647931248 -0.228321523067999
-0.169400325895713 -0.506055797312977 0.202398267258285 0.434099837964254
-0.394264065749786 0.0263923811927595 -0.100948465801338 -0.0267772147778581
-0.100351808169117 0.221509737292723 -0.0362441822787034 0.27485528995728
0.195725342811408 0.146069840809558 0.0585402988669895 -0.0699991684769388
0.151522909079397 -0.135502297983564 -0.179524948943879 0.172920669630505
-0.0763486810841164 -0.177824333412486 0.0260755910727336 0.252859727695261
-0.156270916806252 -0.0741867464929992 0.0256970578439539 0.168929074751965
-0.176557973940916 -0.0294949958242801 -0.12139399457239 0.137630470452182
-0.157076591670736 -0.0600341288709212 -0.231310411551648 0.0902174029569136
-0.0925813527183561 -0.153739519823647 -0.253178456773625 -0.0908062778600136
0.101692737647797 -0.157210335376627 -0.0690935229008412 -0.307255479090003
0.119997408594012 0.0564420893499853 0.385311718142656 -0.234634862100318
-0.0058188964492764 0.0845426714768934 0.526062880987203 0.47759920075664
-0.224926161312152 0.107302016980758 -0.0710750482506065 0.76783166571921
-0.162859505365236 -0.337112273742084 -0.337524682489124 0.89788744238793
3.84851028016314E-05 -0.214114327416137 0.170739122562914 0.515705347763816
-0.251558623793821 -0.0155296346227607 -0.0937352835361624 0.076557887414101
-0.0626307623469073 0.266035293953762 -0.00849435770626591 0.320865448147356
0.313979677471596 0.141156811037654 0.163066369210675 -0.0299058752599787
0.250733218737047 -0.232039799347244 -0.109797632919332 0.0997087508772259
-0.0511767512884077 -0.291207920161902 0.020914795158093 0.174922399131336
-0.1383039023001 -0.157618409053295 -0.0180473076749842 0.117692193210645
-0.122000157306421 -0.0825669481232673 -0.175901205748234 0.113510138025546
-0.0887062406458045 -0.0650452374580845 -0.292610344982743 0.060985356962121
-0.0558157561220311 -0.124898536916207 -0.29838529390804 -0.140220984231928
0.129125297604438 -0.167832389018861 -0.0699709813690093 -0.36424906934024
0.212533654524526 0.125277020405674 0.400544974161724 -0.234449473802909
-0.0505154444925913 0.143113613968689 0.517095123629398 0.406031840203976
-0.096548764008472 0.272026719767105 0.0187512336301852 0.828205392373974
-0.23635354946253 0.0298326998458082 -0.349804706152243 0.939084502836389
0.14659059545307 0.165107180219804 0.081660515579769 0.454271068091748
0.0486507541079974 -0.00529354866297931 -0.209618131415215 0.0970074654497368
-0.0169079684902008 0.180806500803574 -0.0732483107197201 0.433600962081222
0.370079119230348 0.121914872243151 0.295005905361439 0.0882769125600439
0.295221647612897 -0.307028601537569 0.0320832340103943 0.000499901139060477
-0.0331084649386061 -0.3468165290132 0.0219598102669261 0.0419359600096778
-0.101711517183999 -0.203568198016659 -0.0607576844627752 0.0317569843734765
-0.0468687792076205 -0.123197674205415 -0.205755766872965 0.0717188452625067
-0.00117340697253778 -0.0757759641340695 -0.310506085539894 0.0431590736402042
0.0124071745810644 -0.0930182055097227 -0.326139137292472 -0.133672089175826
0.169385919373785 -0.136368689572206 -0.127823070142833 -0.377908239217153
0.282035834657182 0.187735922054351 0.352803202217177 -0.305984106392835
-0.0835684605089013 0.249497179359113 0.52124178487537 0.229807963557594
-0.0171275115776228 0.337509351507186 0.237498572330036 0.776918808877245
-0.222085144306782 0.353436098412689 -0.272567900240521 0.916272872094727
0.188626374698515 0.549407236498461 -0.0194488595443406 0.252722800846301
0.334544658137022 0.166353302196553 -0.3540998590408 0.0140722467328431
0.133719274070852 0.0716531616670685 -0.230965254608947 0.484282397439594
0.375298369460956 0.0496649376325198 0.352627244890171 0.262007309370126
0.284481228846354 -0.334550694815659 0.203175040180819 -0.0639134668953079
-0.0101206794590416 -0.317362570964415 0.0398417400933981 -0.100340474066649
-0.037685487549879 -0.197731464834734 -0.0879055675858561 -0.061849927001465
0.0362877744316006 -0.144874723808356 -0.206555390320655 0.0198902837431227
0.0836428515747445 -0.0984752092908782 -0.285422893900375 0.0253594624379786
0.0948714302353594 -0.0874717547116314 -0.313201135353816 -0.112605690117192
0.236905812360532 -0.101418135722089 -0.172240643391297 -0.341041159733654
0.323048022121527 0.235170718802228 0.238783544002887 -0.361780972065023
-0.0510203784656169 0.311849100647673 0.502138087325018 0.00507963669783801
0.0616671831738372 0.368945077972018 0.467685669487955 0.627774994303944
-0.114234931959254 0.598765003283948 -0.161242587030238 0.802150966112239
0.0806577594391582 0.843812599684333 -0.0697487435071961 -0.0462982375862859
0.449797861781151 0.410052983247617 -0.450348846680231 -0.144562765346447
0.302134104530856 0.0571454077770321 -0.419825654337132 0.415605700378894
0.359430666582854 -0.0189867095312549 0.287726635159732 0.416072885240739
0.222951486769052 -0.305774996244607 0.328901281177158 -0.0572296983712256
0.0102123688633503 -0.210950707799893 0.0760214199742859 -0.192843462770619
0.0430564264473422 -0.147415802461162 -0.0832030703020849 -0.133612195320271
0.1111903543928 -0.145701290757712 -0.17680504996711 -0.0369625965633219
0.143882249224773 -0.124326420654247 -0.229367034613607 -0.00930390453003189
0.15822437047473 -0.106831650352311 -0.253968534227638 -0.106581894804387
0.288947860583898 -0.0842025610995683 -0.142464274848463 -0.27561015696266
0.314224940163287 0.232077037863654 0.109815079433708 -0.315516932177106
0.0438976174501012 0.269624619089142 0.393719890299399 -0.21668925540491
0.176750035786298 0.359405992056613 0.613679206555019 0.437842106905687
0.0507647865842594 0.749182216109197 -0.0789285197256663 0.600268719760426
-0.046124306205983 0.957662576580312 -0.0232969199492035 -0.365352700616579
0.427785399947727 0.564576758954893 -0.422841729972688 -0.337215814532208
0.36429962922295 0.0744017218570207 -0.559338011982868 0.204683202024853
0.283540424829552 -0.0480178987007726 0.117032116967036 0.477266550318869
0.129407027672867 -0.208697437255002 0.351627884687028 0.0103344602554177
0.0377747787121078 -0.0638210994922471 0.11874583551054 -0.195883270503788
0.125620972206446 -0.0715179715271049 -0.036106805991675 -0.164600794262465
0.169326778213113 -0.126311630597847 -0.121064557923692 -0.0874393950944085
0.170515249501478 -0.129814464011722 -0.164527784320934 -0.0636824846252296
0.173138247271081 -0.116167216607371 -0.170261269234754 -0.146954842149648
0.27039917271119 -0.0661054194865694 -0.032897586046622 -0.227532182854265
0.225630559560914 0.150735421243126 0.0346124054837441 -0.170253521634276
0.144159217612341 0.124936809858968 0.226379988971504 -0.344814047695518
0.30238076389504 0.285818916324725 0.619058414124467 0.262177727250957
0.220931380334611 0.799996674235256 -0.0647842654656769 0.333333467577318
-0.0966167213798947 0.896782736422827 0.102954167041678 -0.627032268941205
0.386729207727138 0.507159608133591 -0.252543696456433 -0.500173430300115
0.270772714275669 0.020277725855622 -0.574366892026207 -0.100125192151462
0.140678299462458 -0.0253925363292482 -0.111389847324214 0.410936816056136
0.0254172289322392 -0.067740746723426 0.269326423894289 0.11935194249995
0.0668625970717487 0.0687295282742072 0.164251354231084 -0.116620707716281
0.180335040104813 -8.35951148955676E-06 0.0411355491366275 -0.154010625614585
0.201931625030133 -0.0861179955201742 -0.0490519690769637 -0.126416069912312
0.170826392732538 -0.0977172278865386 -0.106754208939092 -0.122580025007954
0.153241707771394 -0.0690159395858434 -0.0903217435557145 -0.218506057207989
0.158636813006267 -0.0202042355215287 0.0960608695581141 -0.21483363724694
0.071283987695375 0.0169909459641876 0.0142765394804119 -0.0211076575484065
0.203935038076305 -0.0358293025699942 0.0946696262076332 -0.370843369724469
0.384286957097314 0.149368184389124 0.48818171582498 0.159643911900159
0.331418588081138 0.764866451905472 -0.117024543033014 0.0415639714170819
-0.0208305125663517 0.684000948300173 0.261304125086558 -0.802552805453276
0.329627079743024 0.233377736305284 -0.0131733813918078 -0.635030534264351
0.0955710410880933 -0.0390699895250917 -0.521667225415544 -0.382611020197336
0.00196714057189238 -0.0187617977067486 -0.304954010478054 0.293469831768729
-0.0584046127902569 0.0573326747842098 0.150211326171692 0.227635915258669
0.0895578170447722 0.147881760003449 0.206416002080839 0.00183562968739854
0.19365771640111 0.0502771899087766 0.138908682294091 -0.117546720486085
0.206026475688051 -0.0334126748942676 0.0323415853556279 -0.148357894673695
0.158821499549859 -0.0282148274485556 -0.0646714910933642 -0.160604662426835
0.114233423686492 0.0344953409926471 -0.0514187560109637 -0.271558869818111
-0.00041972540594072 0.0640549128807769 0.173160585230791 -0.213602142969709
-0.0831205419940322 -0.0956540174657502 0.00446007487552451 0.0545673519622839
0.172688627496238 -0.153452361440263 0.0486719928999832 -0.326404369948713
0.41614032188488 0.00494464668462048 0.281271331011667 0.0926017821378694
0.332983440519745 0.642575562717912 -0.185683831885018 -0.22909024737699
-0.176154928585734 -0.506269373839517 0.209708798586291 0.433986287724174
-0.394320012983692 0.0306645065851901 -0.101115996421183 -0.0261361381623364
-0.0971688418905754 0.223249641061829 -0.0332473684281641 0.276278127676039
0.198851919175777 0.144264382328674 0.0574692661880674 -0.0705639763630928
0.151549613185834 -0.137425962795563 -0.176627452337591 0.175578508981019
-0.0792038229565312 -0.177441383049404 0.0304945214853216 0.253310577679075
-0.158021492943627 -0.0729699870894524 0.0275259400266721 0.168100136992358
-0.177961710512417 -0.0274144250935637 -0.118558632453498 0.139885731051776
-0.157529064335325 -0.0585469329801958 -0.230357946128061 0.0930071398122418
-0.0945107793027028 -0.152837806647963 -0.255013018005913 -0.0875864198087732
0.100098042245155 -0.158300898249945 -0.0731523320432495 -0.306529926870186
0.121355862977712 0.0550259796018584 0.38273425486644 -0.23953698933527
-0.00450007189577984 0.0852196356608131 0.532479911571111 0.473655815094393
-0.224058415343397 0.110884217976689 -0.0645484187554701 0.770664242942507
-0.166887259071218 -0.337331467842447 -0.329466384999283 0.907711823490705
-0.00287588982568011 -0.214598581289713 0.17663030094374 0.515807431223628
-0.251537575312427 -0.0109854952441026 -0.0925516784683545 0.0792261060160238
-0.0612579725655871 0.268236517800815 -0.00479076470773284 0.323447065054838
0.316760503523522 0.140698871796411 0.163432054784656 -0.0322888081356581
0.247703911391906 -0.238533983096999 -0.107653539748175 0.102254243457138
-0.05597673020117 -0.291643077263007 0.0241597090203881 0.175247936025628
-0.14029076524308 -0.156369426795099 -0.015221848870483 0.117727733460213
-0.12396885831535 -0.0814878147951748 -0.175866311524543 0.11614360094835
-0.0900821206829921 -0.0638645130369394 -0.293005461443887 0.0644841539224283
-0.0577656557381603 -0.124310351290967 -0.301138859871514 -0.135524957187467
0.12752737343807 -0.169622823477102 -0.0777348158900101 -0.363573429525197
0.214279977873516 0.124475687964832 0.399233887921154 -0.238951582684414
-0.0486848404903532 0.144221056815215 0.523364713519703 0.400142928341053
-0.093042360637327 0.274229167488885 0.0277139859303833 0.833887183526103
-0.236572554369916 0.0329381951231704 -0.338098922305085 0.949955007403116
0.146627484949667 0.167472787203362 0.0841514604660918 0.457428580220129
0.0491841368287991 -0.00551331002023124 -0.209822717674335 0.0994393039457844
-0.0141829345265886 0.18249391454543 -0.0687759200478149 0.436493696235477
0.373822928720005 0.116866507847427 0.297629235316228 0.085694658408976
0.291745851178258 -0.312461545942726 0.0325025790110093 3.56272917697375E-05
-0.0376123977728978 -0.347732022102117 0.0229021115103066 0.0418486358834764
-0.105251871913663 -0.202632500032794 -0.0602621581685499 0.0323999136963581
-0.0484231447810887 -0.121471328982306 -0.206144562062238 0.0742604884678772
-0.0014219410424455 -0.0762125319233051 -0.311040151669707 0.0478054157713505
0.0112077606193579 -0.0935196905779221 -0.329278645925568 -0.128827188072465
0.168375579417723 -0.140938823047925 -0.132370956901596 -0.37648189071687
0.285598337067193 0.184996062319544 0.34960940547306 -0.309882568670134
-0.0809765264947713 0.251946697869263 0.523929685575569 0.225159090906514
-0.013577459475763 0.3406404505248 0.248474503386075 0.775585626337821
-0.218693256437689 0.356904935577661 -0.265397156049634 0.919149087458586
0.188361282954688 0.553613878107018 -0.0170026957934717 0.253130790072361
0.338576642952286 0.16310597087157 -0.355376734833299 0.0172216472142385
0.135771489915843 0.0703607295532972 -0.226582000330212 0.488939446733239
0.378013868318106 0.0396848542271971 0.356792921876134 0.256986972156453
0.280975564817732 -0.338576553319997 0.203686106227447 -0.0669212210195189
-0.016567669881172 -0.318006256097805 0.0395179077839542 -0.100775622617252
-0.0399832605275444 -0.197692805517508 -0.0890616756393411 -0.0612013565966862
0.0346726628823606 -0.145245987978003 -0.207394807484024 0.0209469690708381
0.0836255756445785 -0.100691194177511 -0.286371303098851 0.0283707232651374
0.0928819838271614 -0.0915178885529016 -0.31587534710623 -0.107313304853165
0.235559776775539 -0.1065211664587 -0.176123564534844 -0.340412323374287
0.327074673311416 0.232595606046366 0.235510768562687 -0.366576626462435
-0.0386958054625015 0.31643677828491 0.502441330207453 -0.00434410652087368
0.0657916344984296 0.369992176913649 0.474495810848572 0.626161230162498
-0.109175990949986 0.602100757443503 -0.154315321735915 0.805575742612632
0.0984482423949259 0.84378847738433 -0.0700075064714361 -0.0462162993323572
0.45569748159469 0.407386006681545 -0.453406740951166 -0.14020720415708
0.304203239219748 0.0543455848660198 -0.417092794142643 0.42055509146822
0.360491089540148 -0.0234815322439762 0.293818260435906 0.413487036114567
0.219827414024869 -0.309837190123032 0.329071907438951 -0.062060922515019
0.00825596606417698 -0.211782844710916 0.0734040144818774 -0.193932625657364
0.0411444708733795 -0.148688116507923 -0.0853727442182821 -0.133788154807311
0.110205981577278 -0.14774794074961 -0.178379408976815 -0.0349952969475836
0.143139585486608 -0.125334353568365 -0.230486631887146 -0.00577202460390718
0.156715879644827 -0.108904716313955 -0.257120693242323 -0.104099161345089
0.289743143962587 -0.0889230624315277 -0.147193364061289 -0.27458097719821
0.319350076327207 0.228518094872218 0.106354860027123 -0.317760943744716
0.0467944064726117 0.270515252632246 0.391610972858329 -0.222229691615438
0.181913113150343 0.359682502159195 0.620813620080035 0.433244342051958
0.0567114640060866 0.750842132946154 -0.0712332282385683 0.603272594246652
-0.00190959870351874 0.955826022318955 -0.0302111475729552 -0.365494228642209
0.434535974706324 0.56377923187033 -0.429836382969177 -0.331963337572319
0.366419229666216 0.0709894658118013 -0.554450585341245 0.212901316957482
0.285130786700892 -0.0431200247189034 0.125800382941053 0.475436805075184
0.126687875285639 -0.211345920720316 0.354520784409136 0.00784131557761064
0.0362460709106566 -0.0652295252850971 0.117976728528933 -0.19764213866541
0.122403505247833 -0.075928188029669 -0.0388853485961476 -0.164741145801781
0.167615083540059 -0.128754492073066 -0.122878832308663 -0.0867219218347779
0.170550312086875 -0.130959966824398 -0.166799017775493 -0.0604200721719434
0.177333636875739 -0.113171841261676 -0.172288219313928 -0.145472988112445
0.270213773504876 -0.0706088833106173 -0.0365048364017744 -0.227801200812155
0.229600784215147 0.14718683924805 0.0313401743106351 -0.171798583197565
0.151089332937273 0.121424512266407 0.225882388120132 -0.346447459795039
0.307766798982719 0.283205603322028 0.624143800745341 0.259493016111962
0.229883469495461 0.802835152697409 -0.0641065931004533 0.335747663919793
-0.0470886800559682 0.897347942466921 0.0945681614964653 -0.630999670216099
0.393812769944824 0.505384063193946 -0.258086488220811 -0.49887049370206
0.272195360746529 0.0170046481989721 -0.577048693827176 -0.0937580092170531
0.140945443566153 -0.0278547919791052 -0.106440884423074 0.414249414639753
0.0248257387793512 -0.0698138707935034 0.271803569914944 0.116386868400058
0.0678035695922725 0.0683694427681047 0.163391243385197 -0.118784608741231
0.180312758594431 -0.00221296349727048 0.040064467231243 -0.155633135254237
0.202020722268192 -0.0887523674149269 -0.0496721267571317 -0.126891911628757
0.16918020154443 -0.100753321007924 -0.110097061258473 -0.121077167505539
0.153122775877358 -0.0712515651229999 -0.0936705388714537 -0.218545087874947
0.160056338261691 -0.0232141923058324 0.0927806708242758 -0.21497626141777
0.0713873254984093 0.0158920824460647 0.0145151878687465 -0.0219522623914301
0.205293611272763 -0.0378896562321236 0.0918348162764006 -0.374212989149651
0.387765859301664 0.147096805205739 0.49111668819393 0.153664648929028
0.337966487036475 0.764621518238759 -0.117636908958766 0.0422820182852282
0.005765538412212 0.68353805644182 0.250479890049536 -0.810744790672411
0.332394872084514 0.232371617007899 -0.0219802340051087 -0.636139748904066
0.0957208838342823 -0.0400720146803321 -0.528960439150783 -0.37736470439059
0.00125782106730421 -0.0188569198177882 -0.30223169921833 0.296936750822383
-0.0573037078438652 0.0586586576201286 0.152834933610094 0.227139302603646
0.0921138900382872 0.144929922564975 0.206473361248764 -0.000656241071303375
0.195558608969483 0.0457246342562467 0.136787912893955 -0.121070172463779
0.2049770423825 -0.0360725005549896 0.0293934080319779 -0.149066418075362
0.159412876177979 -0.0283054616439399 -0.0691316409281957 -0.160108574248299
0.116249812040457 0.0346368133036911 -0.0481807038160874 -0.273026865225003
0.000318676944216826 0.0641809055961708 0.170802592593234 -0.216018645266578
-0.0846094869288105 -0.095462821231648 0.00462806139057274 0.054300304608652
0.172792992716728 -0.153748798139786 0.0402919068633865 -0.328499993034235
0.417666923080891 0.00371169736630623 0.282392580158101 0.0921766400102812
0.335060220448878 0.645530998072401 -0.187852438299862 -0.228441964552272
-0.183006849563613 -0.504743351032667 0.215959647825695 0.434050882742682
-0.39521843264346 0.0368678692372487 -0.101554603794573 -0.025570725306508
-0.0947985082521811 0.224720457112206 -0.0288840714766903 0.277121176207572
0.201410077019962 0.140611829550365 0.0565372797982809 -0.0711919640583425
0.149940011457472 -0.140038352180784 -0.17540684927014 0.17960467103297
-0.0820131941801207 -0.177302247096856 0.0354572430352173 0.253405924817412
-0.158768410789647 -0.0712852225738176 0.0307458050035261 0.167731807095495
-0.17884739214068 -0.0258421331304374 -0.11776726333135 0.141711872838103
-0.158879237131773 -0.0571600439877058 -0.230680980655873 0.0963197391111745
-0.0969165436155467 -0.151580073242782 -0.256250582339573 -0.0846559687826411
0.0989525626971208 -0.160065085824348 -0.0765738998685963 -0.306012920396732
0.121744653158491 0.0540331302326442 0.380650185775351 -0.243960827174536
-0.00360836723584426 0.0846700321590902 0.539512862310537 0.470145732060066
-0.222567490530138 0.113076607500544 -0.0583041608689327 0.77380824951477
-0.17279940978642 -0.335899032414086 -0.320484637739658 0.913184807769158
-0.00789250229234596 -0.213732373737269 0.185259962218023 0.516000871856204
-0.25303569303033 -0.00770902764164368 -0.091467219657682 0.0800492044046957
-0.0574703182743145 0.269452235997713 -0.000567138275713362 0.323793094546729
0.317225235012441 0.143196952717177 0.162521454093422 -0.0344582786456417
0.245352920546848 -0.242800156686158 -0.106310058300889 0.104951566803607
-0.0614528183650057 -0.292152375669855 0.0263072554512312 0.176232878240831
-0.143916398036201 -0.154145380181903 -0.0145566317067898 0.11823275787913
-0.125380991573281 -0.0788031746623914 -0.175546909435534 0.118598037144329
-0.0909327810144959 -0.063081577828002 -0.293032163710523 0.0698042961138164
-0.0595195897036303 -0.124537351319787 -0.30400700458385 -0.128385431322342
0.125910023569972 -0.172963033635574 -0.081914380802667 -0.363526651076356
0.217434827744549 0.122294675886149 0.397993450442966 -0.245472364582621
-0.0462980578630968 0.146558280533697 0.529405802497291 0.394588828939927
-0.0899355647274065 0.276092337921587 0.0368052025594873 0.833645893220222
-0.237915448007962 0.0365824810907509 -0.330910440174199 0.954439584143947
0.148080949478208 0.167973629042777 0.0898692275857942 0.45732265669159
0.0494728685700793 -0.00532986370414872 -0.207811565126428 0.102354696730809
-0.0102840678095425 0.181920712721963 -0.0646012227160385 0.438775064566754
0.376573848464112 0.111893657416279 0.298184218959031 0.0813234430822497
0.289650142600577 -0.316713932316031 0.0330254703568739 -0.000948490545023721
-0.0430601316253514 -0.347846555608687 0.0244208522384067 0.0414755164351884
-0.108534404443286 -0.200767149674958 -0.0600120617495236 0.0330307956358545
-0.0505914449481968 -0.121390207536644 -0.205703810779822 0.077673999721712
-0.00252830711769767 -0.0759267207655978 -0.311628308943972 0.0503032417386862
0.0104708821664407 -0.0937175946804379 -0.331148612437454 -0.12508790007636
0.166389663801634 -0.142558853112929 -0.138202881060062 -0.374992086381077
0.289270194930612 0.181294048573622 0.346583607129744 -0.314703234944424
-0.0778070985408599 0.25395164318432 0.529310387988147 0.220734217910777
-0.00890723901710462 0.340870474625168 0.254781098739565 0.776176852252534
-0.216234470849599 0.362217534024468 -0.255562526267701 0.924485908265105
0.18457685543016 0.558242449919288 -0.0152913499904808 0.254249024941759
0.342385368676578 0.159139318230594 -0.356291218433519 0.0213088162369116
0.138309884652096 0.0697854709976645 -0.222454899766351 0.493347483001304
0.380366211222295 0.0433048808757192 0.359180892704559 0.254697854830254
0.27596171373612 -0.346907628996322 0.203555763028011 -0.0686697485946749
-0.0232240131310247 -0.319131121684856 0.0378052679071417 -0.101795614987206
-0.046985732095851 -0.197243368297594 -0.0899216979218379 -0.0613483706122633
0.0314857024630892 -0.145532613511376 -0.207981640093298 0.0241127159336309
0.0822049568483911 -0.101960383269418 -0.286496198485343 0.0332389913644863
0.0928288570418336 -0.0906163301383751 -0.318716251323935 -0.099168408610258
0.23554432345789 -0.108856244590001 -0.18353820068156 -0.337848195568452
0.331422554016479 0.228569516034666 0.232535136769259 -0.370150817413222
-0.0363027952390193 0.317825094593205 0.503015588252687 -0.0143970029588043
0.0696539712417324 0.371317652614504 0.482983953444926 0.624337732609917
-0.105217640681153 0.605734809704146 -0.145733496884117 0.808046917574099
0.135754805105149 0.834574665755223 -0.0710022518332374 -0.0445912813711529
0.462042833232837 0.403871026601234 -0.454702474263608 -0.137265036879557
0.306411824564443 0.0518848884780331 -0.413129619089071 0.428576575817526
0.362422144130646 -0.0285311901924531 0.298538594469119 0.412120072284734
0.216095910658562 -0.314078267513286 0.330993589236998 -0.0671142941938415
0.00372735640842221 -0.212147271977402 0.0716577203141786 -0.195060565052985
0.0388639912220625 -0.149137683305337 -0.0875111528825506 -0.133650693785979
0.108409576877439 -0.147979222856978 -0.179239278110504 -0.0333555968347257
0.14235428500063 -0.126796005124619 -0.231572035963124 -0.00311849277037297
0.15627479871954 -0.110990438474985 -0.259412928753652 -0.101235379253435
0.289387196783182 -0.0930626885374172 -0.15247916217837 -0.273441071531597
0.322201336242858 0.224836541069825 0.102740153656301 -0.320879348193765
0.0504150712722216 0.271327546652106 0.390142554461181 -0.228049437399733
0.186500483406236 0.359222341091204 0.625829036083304 0.425622649406648
0.0661238543773271 0.752674371376883 -0.0672210836866982 0.606744471295475
0.0280526572350105 0.953992287569097 -0.0389074778453733 -0.36478375960084
0.441440497522933 0.560732384819392 -0.435074374198713 -0.325590138129877
0.369187224698099 0.0643156508574342 -0.556069521861364 0.221264980939553
0.286190148629693 -0.0427624603253538 0.123826877910677 0.477688067713296
0.12391310363439 -0.21338015011165 0.354718162770392 0.00393457673879834
0.0354332009342801 -0.0659003373695938 0.116167207623575 -0.200058934072997
0.120511469100138 -0.0773396228923671 -0.0448445827352726 -0.164895312799435
0.167548066438986 -0.130398451354978 -0.124548760974733 -0.0848055102801114
0.169417972487002 -0.132506264146664 -0.16789493193339 -0.0579044350016968
0.176438028833174 -0.116846940740258 -0.17161016235814 -0.146745926614785
0.269282168830906 -0.0776620052863532 -0.0396078857703707 -0.228583017716038
0.232278280482173 0.143787332677597 0.0303899425768496 -0.173095906544239
0.150434163842845 0.123297653635076 0.213812498827629 -0.354123485399285
0.31125074303047 0.282184456384723 0.630113377383881 0.251590039447174
0.236322906699237 0.80414556862048 -0.059390198647414 0.335878798728419
-0.0273623549301128 0.897172940264559 0.083501678657299 -0.634173758716884
0.400572752250247 0.504581297304889 -0.264734679633092 -0.49829416842755
0.273049917140248 0.0145298800447215 -0.578795838967859 -0.089218123034039
0.141821541581831 -0.0289992505916618 -0.103286407334929 0.416185192988679
0.0236958040036875 -0.0701217568366903 0.274295568870655 0.113394414677711
0.0686012251380118 0.06772055081472 0.161207774496836 -0.12227635673591
0.180840904998288 -0.00530840425754434 0.0377815036977469 -0.155865007254728
0.202176901839144 -0.0914316884042287 -0.0519705680485727 -0.125675133835585
0.169014249749149 -0.10176419369493 -0.111231279012383 -0.119516079336544
0.152137422981167 -0.0733734446166635 -0.0975401466750123 -0.217841164269225
0.159059824504931 -0.0248560487623069 0.089311046069351 -0.218483889244423
0.0730597491784999 0.0145411440023308 0.0146695590986232 -0.0222301032093881
0.206151767356739 -0.0395855275597277 0.0862624669333238 -0.376710716607885
0.390699835351401 0.142341365942409 0.494305448703077 0.149510208035917
0.34795303313682 0.762728825461812 -0.117672410455795 0.0430681592608192
0.0252680351309204 0.680580080708437 0.235555143892103 -0.815075048014938
0.338314916420842 0.226948292927609 -0.0295756207276256 -0.636998233606511
0.0952158489559309 -0.0422801551790233 -0.533872986056588 -0.376395057037873
0.00170554356181887 -0.0188196938663779 -0.305900282508698 0.298203031227273
-0.0575424787122347 0.0588792794999873 0.156026207148225 0.227255510310528
0.0943787285508516 0.146050373736936 0.206821496676771 -0.00477075578280916
0.196855327492591 0.045127225725882 0.132123535158035 -0.127400251675939
0.20613712891836 -0.0384122429867738 0.0262753144347811 -0.149084464703693
0.158639757685711 -0.029797406755163 -0.0709245518329379 -0.159764739778321
0.116297248401555 0.0310540985930481 -0.0487702380262688 -0.273561612033049
0.00165393218184424 0.0644252665498257 0.170664240531592 -0.218060408582156
-0.0864358534607615 -0.0940200588733084 0.00472906001132041 0.0533176698948056
0.177677617200997 -0.151649840400395 0.0357733811463301 -0.330537360629468
0.420188545821223 0.00215431962136984 0.284200182308911 0.0888607384857659
0.341081286847803 0.644456676769461 -0.191192438638077 -0.226107096205274
-0.189701280417507 -0.50273945033389 0.222235789060386 0.432157848646432
-0.394907646260394 0.0418109419390306 -0.101904375015334 -0.0236032020600206
-0.0924920601922795 0.227507830338674 -0.0256878832052188 0.278503733898117
0.204015364932291 0.138057532650901 0.0545657106557952 -0.0712602997733989
0.149633514812025 -0.14378494188383 -0.172277502181964 0.183331876639119
-0.0857456126263365 -0.176391610856469 0.0399240334263308 0.252995109101337
-0.159813509224064 -0.0686649367279472 0.0339827178236259 0.167458464820369
-0.180046072169955 -0.0225021740186549 -0.115931113660339 0.143821910880045
-0.159722773034952 -0.0546860977388356 -0.22859070870133 0.0998205300541919
-0.0984921898684923 -0.150976705645395 -0.258111612686366 -0.0815660167611817
0.0967177696080568 -0.162192680918501 -0.0816872564573912 -0.305019186142611
0.123198150488892 0.0527730758563143 0.378876156280912 -0.248195186326913
-0.00267767952547594 0.0847064009625463 0.547534371700246 0.466126660345402
-0.220796204054291 0.116178298366189 -0.049108304016817 0.776865801699984
-0.175800006972357 -0.334049962820624 -0.309682708465632 0.918233754706531
-0.00987709109480219 -0.213950568169017 0.190601173404644 0.51470070331477
-0.253198128539187 -0.00436843500329554 -0.0897056426080332 0.0811582546371858
-0.0515246665435197 0.271919539699766 0.00311705245958718 0.323990486365018
0.322275146946814 0.136774632361212 0.161602557232978 -0.0365649329769052
0.244939689312762 -0.246625231271517 -0.104400626785512 0.106073790083344
-0.065860910415746 -0.291586797789474 0.0287299122572712 0.175994932699222
-0.145973274696656 -0.152110852304047 -0.0126324808420262 0.118140799614715
-0.127170798984796 -0.0775361004862862 -0.174233408783827 0.121654642567428
-0.091179150927067 -0.0618684558565441 -0.293092603962701 0.0736364412529963
-0.0606712325983261 -0.12371238028534 -0.306020838949018 -0.125796006108068
0.123241954487058 -0.174572498760146 -0.085871675397873 -0.363987692200381
0.218869280495527 0.119033143200004 0.394558727187857 -0.250465438776064
-0.045740054189806 0.146306385907261 0.536789149783891 0.389311738367795
-0.0870004665014397 0.27798284445408 0.0444298841890323 0.835824690575802
-0.238148752480798 0.0399339010843821 -0.320584072058119 0.96213453723399
0.151739475469757 0.164675480595168 0.0966353981607436 0.456330304932575
0.0496682249488543 -0.00558463910695789 -0.207227974843268 0.104364554505117
-0.00733098738441798 0.183611374654924 -0.0583303626872574 0.440355371123529
0.37937904198919 0.107668261377469 0.299986853750347 0.0772869995209686
0.286284849150203 -0.323306890975486 0.0337938915004422 -0.000695646940207238
-0.0485276184190162 -0.349182963102058 0.0250553612242763 0.0413020354429037
-0.111813741603773 -0.199017275150389 -0.0589582929173309 0.0332641363236186
-0.0522683313130881 -0.120432113441788 -0.204704105592341 0.080603233454819
-0.00323759089301193 -0.0763146209765182 -0.310444762217356 0.0560336407237308
0.00910194778534151 -0.0938197271403645 -0.333453883956224 -0.12210925435643
0.165471160134402 -0.145341717215452 -0.143825747686467 -0.373420055986175
0.292292521534501 0.178049864681209 0.343534877622217 -0.320482484914778
-0.0750571681710477 0.256309359329079 0.533037138361675 0.214253737414516
-0.00470772581855221 0.342667742213244 0.265953614529384 0.773616099735748
-0.212187685577938 0.365535544709683 -0.245187788906657 0.931090345462617
0.198225542816987 0.554999543428915 -0.0122860302232294 0.254937255728471
0.344461286182407 0.15768915366671 -0.356030429223042 0.0263928956673413
0.139814215839866 0.0672836608713274 -0.21694304281424 0.496418665842795
0.382036756288728 0.0423449507861035 0.362384314252767 0.252870838486092
0.270690133735255 -0.353358974236952 0.203752578762077 -0.0729369035331083
-0.0267961007994133 -0.319583266489791 0.0367889666720416 -0.101785549780935
-0.0499064450772655 -0.196225552384764 -0.0913358165618009 -0.0596620023507766
0.0296185501215671 -0.145810435562391 -0.208010342338297 0.0279120715599268
0.0813834522318365 -0.102246309844801 -0.28577187321842 0.0381566494865304
0.0932466054483054 -0.0898373723274073 -0.320683752610494 -0.0971028775651897
0.234499628219856 -0.112710287184498 -0.188599835257988 -0.334460602360258
0.335699834254979 0.225641436271299 0.224772556339566 -0.37505502595385
-0.0394769908252738 0.319716683333958 0.504806823575887 -0.0150326795004183
0.0735100180507756 0.37226699251654 0.492073838114612 0.616067339184131
-0.0984861174182164 0.608999625238186 -0.136364160704625 0.813113913034343
0.131836740788192 0.838710480857413 -0.071667303734669 -0.0433019641618739
0.467825315653177 0.398006947065814 -0.457163507374695 -0.131741128116059
0.308612042334806 0.0482041445767226 -0.407903394387208 0.43348711405773
0.363268166354819 -0.034454722432321 0.304545099357207 0.408736102615359
0.211609712973169 -0.319591192861821 0.330347644226597 -0.071766432962107
0.000599340909806477 -0.212845618953998 0.0679160555304933 -0.19663001213699
0.0367287978936439 -0.149503619984474 -0.0888040230672594 -0.132802142556397
0.107195308071526 -0.149728869397556 -0.179564666248584 -0.030972843142168
0.140455612705235 -0.128845721506002 -0.23217916134181 0.000973486182385464
0.154677874859806 -0.113514434642275 -0.260382405127016 -0.0972393013217145
0.289010092140013 -0.0978199822286649 -0.156980183470063 -0.271186729395934
0.327481943686959 0.220031327764282 0.0984468840712268 -0.32405227676069
0.0554532702208375 0.273587884742728 0.38805808543324 -0.232643681610278
0.190611104961406 0.358940330359686 0.634119081784922 0.418256791624793
0.0748985855402602 0.753802038873098 -0.060517735668035 0.607754960387386
0.00238024654559496 0.961900969264189 -0.0391658353170643 -0.36723027367904
0.452328825897701 0.556422998408268 -0.438601175605532 -0.324772762152716
0.371925330544365 0.0591618803005169 -0.555860485726114 0.227155892971936
0.285264458751058 -0.0539936149279484 0.128261928719431 0.479469989227383
0.122213477751881 -0.21601651016005 0.35699259712863 -0.0031266029343704
0.0352126838041505 -0.0664734998466055 0.112354201129633 -0.201817359367601
0.123319447579107 -0.075814112354863 -0.0464857477765653 -0.164736182708691
0.166245190997312 -0.131800853210741 -0.126404291131948 -0.0836694174684831
0.166594662792208 -0.136298903806002 -0.168054574975655 -0.0570946235960557
0.169777046140742 -0.12470649550655 -0.175151864766815 -0.143484286255662
0.269312609424302 -0.0820086790801998 -0.0447523418357475 -0.228627992431861
0.234349363456472 0.142490578757517 0.0282443190086204 -0.174368223329271
0.150342816629552 0.125027890653927 0.208394064832917 -0.359411776479341
0.314356654546954 0.280664305972574 0.633230744057326 0.242141281219036
0.248531922897948 0.804116211005963 -0.05324450145679 0.337198115080719
-0.0580902544017708 0.906667074917177 0.08015533893432 -0.637885170538591
0.407653886816136 0.500464067244862 -0.269252554558911 -0.495246794963946
0.274178603347862 0.0116215949563245 -0.581636199579677 -0.0821880364987555
0.142570824965453 -0.0300982988020832 -0.0979982794754332 0.417684069224214
0.0220763468832049 -0.0721704534539851 0.277677849554644 0.108342529910245
0.0691893936066012 0.0668746530016398 0.16029652707305 -0.123266812204908
0.18185639579925 -0.00700443368898812 0.0350493635918368 -0.157506158860144
0.201027101152752 -0.0936767031459081 -0.053219356022312 -0.126099149138815
0.167118692327933 -0.1043001950122 -0.114007838844949 -0.117105514289184
0.151454900310357 -0.0757329931229407 -0.101041498090514 -0.215926907539764
0.159648819667139 -0.0274239019327334 0.0864405144796144 -0.220597771906329
0.0734446598050237 0.0138052579885777 0.0140828619145167 -0.0236601216447667
0.206798233352612 -0.0425669085845942 0.0811322506711552 -0.378710562755138
0.392670804218226 0.137787657165577 0.496200127932553 0.142434182480238
0.358985950313366 0.759327666500697 -0.117694558935713 0.0444459404663098
0.01497880165651 0.687384998735363 0.232140445892696 -0.818038680745815
0.340159442637086 0.221520269204863 -0.0349131572683818 -0.639060301953411
0.0947707977733922 -0.0427622158572879 -0.538829287130293 -0.371923872568738
0.00193616253088244 -0.0191983163635995 -0.301851299479511 0.30282070350469
-0.057689615418834 0.0596191431135415 0.159449178759796 0.223080231075151
0.0960147788201375 0.145553485927549 0.206953911194826 -0.0074776950003085
0.198327240524312 0.0456700206780276 0.132327317986415 -0.127707214116331
0.206324858029531 -0.0404206395405754 0.0253371796264862 -0.14920416594674
0.158857606104034 -0.0335854518458904 -0.0718002520308379 -0.158924841464024
0.116666615656311 0.0274837608223597 -0.0610034187362617 -0.272848822438506
0.00195457982720753 0.0647458181204563 0.164284439939025 -0.222908190848844
-0.0872934873238397 -0.092900114412716 0.00672579240408181 0.0530929670064982
0.174251162650972 -0.157654320234344 0.0378288299572166 -0.331800914797868
0.419790656577324 -0.00692913784743336 0.286712794028956 0.0839583103265733
0.356416651260555 0.637232350376248 -0.195078926285081 -0.226097361174683
-0.198184965285383 -0.501049146141273 0.227539260539614 0.43182631733675
-0.395887796724716 0.0469869321694357 -0.101600264821592 -0.0226288748887922
-0.0883061278004233 0.22916823050543 -0.0219801138117122 0.279546061539794
0.206717162850931 0.13483444683717 0.0531371359898874 -0.0719146184355205
0.148211830252253 -0.146077557153053 -0.168571381610227 0.187185305346269
-0.0888003352517177 -0.175262244785303 0.0451984370190937 0.252744384179641
-0.161407621883082 -0.0670332452153663 0.0370374496440476 0.167123497708279
-0.180516403581062 -0.020288717413035 -0.114306995916224 0.146015583969229
-0.160355731700044 -0.0524210532781218 -0.226861609045597 0.103888897714927
-0.100687072302869 -0.149773067830006 -0.259863296232945 -0.0779864299962299
0.0945105924516341 -0.163609770072404 -0.0860213103792492 -0.303389885814736
0.123544443214256 0.0510945150205765 0.373951651533782 -0.253683275692225
-0.00171327694760961 0.0845752383339745 0.553476802439445 0.458513131505792
-0.218698479727102 0.119689377258073 -0.0408670043675748 0.778892535066753
-0.181772053915562 -0.331520082404804 -0.298702917003289 0.924278323390866
-0.011720291597562 -0.214439290968148 0.196664027948925 0.514475069639814
-0.254250953399621 0.000700878014987013 -0.088445957831146 0.0831369502348955
-0.0475021641467643 0.272985866787791 0.00682173620169893 0.325331224872481
0.326933960937749 0.123946566873798 0.161110184312412 -0.0383854807987835
0.24190257588988 -0.250854558789082 -0.103392123090788 0.108212943686703
-0.0709590983676398 -0.291049047259727 0.0324745594404099 0.176401858227915
-0.148492018970732 -0.150574715221349 -0.0100253420308719 0.117953476666372
-0.128292102752496 -0.0750832626920138 -0.172662607224766 0.124143098441271
-0.0915487008842226 -0.0609133441692914 -0.291549716345383 0.0781929005285415
-0.0629887969510107 -0.12354884987789 -0.307451038254687 -0.126130236112009
0.121315140666136 -0.177380073952218 -0.0915353472272015 -0.361988253762122
0.221122653943767 0.116738574854635 0.392036741776885 -0.255446304782945
-0.0446553907843013 0.147568748902635 0.53956808397345 0.386021210648787
-0.081943534259012 0.279528879576563 0.0571174356205249 0.834943892297677
-0.23781616382348 0.0431909919358736 -0.309919498026918 0.967636845617434
0.155074314023669 0.163450910253326 0.102814205139449 0.456427691234329
0.0501522835525103 -0.00586753995193977 -0.205951362407401 0.10795953933069
-0.00467285813293709 0.184495530877705 -0.0515399732413998 0.44138163838272
0.382397082604671 0.0999361784843793 0.300414014077231 0.074424699646779
0.280534452265618 -0.32907438595971 0.0341834620670171 -0.000731984797806802
-0.0553713861629394 -0.3477068077225 0.0256023757745713 0.0411345885134553
-0.114843244357169 -0.198410675786449 -0.0586428024665893 0.0344184318892707
-0.0540967894776436 -0.119706083824054 -0.203885558302357 0.0839591276242475
-0.00438471333765197 -0.0755247743047583 -0.310759822054547 0.0610113622403558
0.00761644725130999 -0.094200603903112 -0.335216647716765 -0.11763497045209
0.164182369680899 -0.148777901796947 -0.149954521916271 -0.372372085335492
0.295144717180131 0.176017591741636 0.339390118248503 -0.324931156822495
-0.0713427708498261 0.259080801196434 0.537451183323404 0.207699759488167
0.000447593349830574 0.342955114244163 0.276730254372503 0.771394763269115
-0.208394469620427 0.368906603409026 -0.235539893689399 0.93707625776638
0.215240280328127 0.547998786793372 -0.00768989622895228 0.256104463252203
0.347852216575572 0.154661852506805 -0.35651032243127 0.0310770502398824
0.141599046024758 0.0665299388851919 -0.210315471426591 0.50126914169941
0.384470584965349 0.0264269797578184 0.368087516843609 0.245668364663315
0.267735157252079 -0.357028294083888 0.203410232280629 -0.0756237510188604
-0.0311052294434228 -0.319882748986 0.0351601898727919 -0.102648358372536
-0.0498849797074212 -0.195731811457352 -0.0928468057292556 -0.0584330219058955
0.0290721044877614 -0.14576157387709 -0.208000401870844 0.0306254477330025
0.0803222986441523 -0.104061883676918 -0.285686849071008 0.0411954074710884
0.090768530680697 -0.0935482837746889 -0.322358695077854 -0.0960792829932215
0.232972967757889 -0.117513399915683 -0.192848306242825 -0.333984959603812
0.339588592627622 0.220267720811743 0.22084254321817 -0.378029247051136
-0.0339222344359427 0.320964346960027 0.507098663230995 -0.0169284288396784
0.0799458020073229 0.371621678046864 0.500396568208871 0.610431379091485
-0.0882728912978844 0.612298438874292 -0.126521992206233 0.814838394871194
0.11802266867498 0.850946972724721 -0.0725718760245757 -0.0433890948014157
0.473938823021661 0.395053569849222 -0.46038206927407 -0.125262207141457
0.309526095935209 0.0443096587728095 -0.403152533649669 0.439843063240116
0.364795517384666 -0.0396855339376677 0.309750090590063 0.403650985889481
0.205833884983598 -0.325027462166637 0.331146077771569 -0.077680512716403
-0.00241053690941057 -0.214045200866328 0.0657131328807862 -0.197703180021899
0.0348141550375554 -0.149795260698398 -0.0917789626728679 -0.131684100600792
0.104590374579917 -0.151281856737068 -0.181025743881915 -0.0280884803655437
0.138362722952194 -0.131291132344401 -0.232847999060165 0.00350448392507199
0.15337238808394 -0.115729173243372 -0.263099467832052 -0.0936788000669402
0.288092406949712 -0.102950604722158 -0.16201012078487 -0.269264777294228
0.333150370709017 0.215861748278125 0.0941597431649825 -0.325807823976574
0.0592356658505236 0.273906349112743 0.3872477078473 -0.23740177715453
0.194275576656391 0.357529481647183 0.641472851205579 0.410156756755905
0.0858058182932815 0.754995484970131 -0.0533129807091587 0.609720798009563
0.00318595877181953 0.968578173491063 -0.0400933885655123 -0.368827996021019
0.459646245658191 0.551916949017385 -0.442081973342864 -0.318996720555219
0.373763409870116 0.0575572686458939 -0.553428539756601 0.231237967013028
0.285161760724636 -0.0631580820810358 0.142300316834644 0.475004350648786
0.118691906765239 -0.219926739488918 0.356837960830767 -0.00946387263275358
0.0343276299041231 -0.0673804197913864 0.109997746543937 -0.203191109913975
0.122518598043899 -0.0776606270457885 -0.0460162327439877 -0.164526801067679
0.164009152874604 -0.135667798296783 -0.127452219014108 -0.0822791895489659
0.164234859911526 -0.138060293128424 -0.169789319811134 -0.0539255223961422
0.168316421849753 -0.126496560412089 -0.1805161452383 -0.138136475132061
0.269130013285634 -0.0837072543769869 -0.0491891580805721 -0.228770875985578
0.238531998002369 0.138583687543164 0.0249385334476347 -0.175913032744002
0.156423957284758 0.120979358207685 0.211135806400036 -0.359055184939335
0.318444471333598 0.277669414296235 0.635651797406607 0.233279610501443
0.262402222657626 0.799286440506664 -0.0517729656857908 0.339264473850555
-0.052340419493232 0.909362834109495 0.0734410539230994 -0.641645062616349
0.414126978744696 0.495520040422521 -0.275918791329721 -0.492642439462459
0.275434990079619 0.00823289756224045 -0.585082335554836 -0.0746112587403331
0.142731405102437 -0.0322270737883741 -0.0933450814980648 0.41968729120121
0.0213918860972573 -0.0723581322530616 0.278631314610848 0.104963068481296
0.0713721437624961 0.0662175397473709 0.158311575968865 -0.126236374207956
0.181372305014682 -0.008791362961063 0.0334906358402741 -0.158500402704353
0.200253608370529 -0.0966388781815924 -0.0553645186235649 -0.124899691408803
0.166168310540043 -0.106780431375998 -0.115862763220291 -0.115654862950023
0.149722166027679 -0.0794701786619694 -0.105711419590382 -0.215486997016791
0.159627244625805 -0.0310780233387299 0.0828273105308752 -0.223139760261438
0.0746307412607626 0.0126839302812961 0.0138158910799765 -0.0245540144660489
0.206939522842067 -0.0447868492304237 0.076905250401827 -0.380334504587214
0.394686418694929 0.133918994919377 0.499202306545373 0.135398317479309
0.371911100049664 0.755278117343102 -0.117149580593248 0.0453874459887682
0.0141027598327906 0.690296643908464 0.227777374523662 -0.824570180890188
0.343558529854685 0.219366949472378 -0.0405434000288113 -0.640636541633314
0.09439783677408 -0.043144030330337 -0.546002127641168 -0.364359797672886
0.00251133556753525 -0.0180364032272955 -0.292266865696465 0.31031299234835
-0.0567573751267322 0.0609521135795443 0.164454986394588 0.220617803695755
0.0990307060579832 0.142537506449041 0.207393570386753 -0.00983538861025862
0.19846603150426 0.0401117490687764 0.134490148227558 -0.126105927967185
0.20579514122811 -0.0447965793906021 0.0250191844246936 -0.149320980447252
0.157762825037593 -0.0343171304354846 -0.0751350917597399 -0.156814055883432
0.117339122492728 0.0277363235235948 -0.0690497043955233 -0.270816322719097
0.00369527293988066 0.0646708593875372 0.159850960023333 -0.226824251790146
-0.0891992130065865 -0.0911870880182342 0.00744006979503576 0.0527688345162927
0.166479601360675 -0.164711255049687 0.0326460219246248 -0.332644433884203
0.420006244075582 -0.0154359507342079 0.287274665127447 0.0794602017847725
0.367761381499069 0.632973351090566 -0.198811783930708 -0.224079306707927
-0.205457506906902 -0.498203157169084 0.233452968609717 0.429656435391899
-0.394959862767676 0.0528050883013228 -0.101925918605177 -0.0216764384307865
-0.0854699807810862 0.231070015877586 -0.0180872576660807 0.280140049972911
0.209135258009981 0.131959288461337 0.0511134031055997 -0.0721141233244937
0.146040814930069 -0.148587319441088 -0.165576569713683 0.189893351403329
-0.0919167755931258 -0.173803621453691 0.0486924516198182 0.25222151290422
-0.162765405788529 -0.06400960040629 0.0403420245179271 0.165596166959209
-0.180486315793529 -0.017431338878373 -0.112225540109048 0.147922866944115
-0.159979230886615 -0.0503955601000875 -0.226286755540744 0.107705065876193
-0.103073626141818 -0.148517418322321 -0.260823330330454 -0.0750164135294515
0.0919169478561762 -0.164983871630147 -0.089680832089124 -0.30237623987507
0.124188543411376 0.0506681950801809 0.37186345445557 -0.258202644539693
-0.000853046285472403 0.0844456500711646 0.560248158266026 0.452744959468895
-0.217622629037398 0.123047282154263 -0.0321780739882273 0.780515056932256
-0.185713583922326 -0.329400837140568 -0.288377455537709 0.929714022159984
-0.0159930314532504 -0.212569754223811 0.2041228355762 0.511002698435076
-0.253221192053645 0.00539455022485689 -0.0877923507457977 0.0837905104928322
-0.0448503047857462 0.273575436168104 0.0118497361459813 0.325357963065274
0.329275990991145 0.122135749911202 0.160197422796173 -0.0401932662265828
0.23760359849671 -0.255945824162082 -0.101058547819487 0.110994188001588
-0.076216572592226 -0.289390501205053 0.0365898088840101 0.174998075097723
-0.150767243210923 -0.148372797480908 -0.00724686827678968 0.118102564438264
-0.129340670199227 -0.0729587516032163 -0.170489255671809 0.126761764953235
-0.0920838517190987 -0.0593756749966047 -0.291813512099558 0.0818554229307746
-0.0644579891789122 -0.121612753293803 -0.309663446781414 -0.119873745608669
0.119209214876529 -0.178962112073996 -0.0977677588548494 -0.360300473794013
0.222985976447611 0.114129705477613 0.388823043120655 -0.259847334205011
-0.0426777581008407 0.148183866760044 0.547282785762189 0.379556109269427
-0.0772896759185392 0.281604349633273 0.0676923254739311 0.837819365580769
-0.237756233936384 0.0475823328417108 -0.297332423689046 0.970771802679585
0.1546434755221 0.164130390396788 0.108922409424659 0.456190718453173
0.0509631153528451 -0.00535207382790163 -0.204929408454978 0.110349625420433
-0.00177398443561072 0.184821442166937 -0.0466839014158915 0.442697934076349
0.385538680188004 0.0943430267085149 0.302291911480092 0.0693387804067945
0.277228052579481 -0.334951765888764 0.0347123127154048 -0.000901435581957498
-0.0617866881620548 -0.34722424193964 0.0261038238450288 0.0406265818740017
-0.118561215576357 -0.195384668462887 -0.0580389342550483 0.034866962237455
-0.0560932520566928 -0.119081368509304 -0.203978258616842 0.0871225773343396
-0.00458012226944121 -0.0760593975894895 -0.310104489792872 0.0661135469374395
0.0058200818242728 -0.0943378502593882 -0.33693973463448 -0.111635776973063
0.160694671307985 -0.151231639084596 -0.155074725294405 -0.369701603278187
0.300091348891503 0.170899683709382 0.335406162980399 -0.331031438915982
-0.0681694192139872 0.259378340340431 0.540671233444824 0.202175045956812
0.00415108589663178 0.344132417170275 0.283823726134748 0.769713531906723
-0.20398084288088 0.37172415496791 -0.224938516785469 0.938435422093414
0.216119307535376 0.549709713325005 -0.00411953423625668 0.256495598357004
0.350500488248111 0.150390126819626 -0.356473962628837 0.0342664882316494
0.143195017353671 0.0654146643329288 -0.203872713257391 0.504913981457455
0.387162126304313 0.0160071564719182 0.371665213497471 0.239582933084829
0.264714821223249 -0.362699535030712 0.20237125040473 -0.0791726914453801
-0.0390860749808158 -0.320197286355803 0.0342198894414154 -0.103618945761088
-0.0533516590132968 -0.194702090989884 -0.0928036289105395 -0.0576088808407818
0.0261611338552086 -0.145795866633111 -0.208652171905012 0.033245442953268
0.0782320900343733 -0.104232780672151 -0.286836938537056 0.0455393428913739
0.0880660578089763 -0.0971964148059412 -0.323761009113185 -0.0889450461107674
0.232422072979363 -0.121741202746626 -0.19683366366048 -0.33029387334265
0.345694347865888 0.214503338648808 0.218094745063867 -0.380128038063379
-0.0207963053933511 0.324043866033465 0.50599326790463 -0.0290838547040043
0.0848460696122031 0.371397091506227 0.508189599132266 0.607647505125687
-0.0813531241589565 0.61394717575042 -0.118285863157665 0.818289403535627
0.146341216137701 0.844061082049916 -0.0733324336839012 -0.0430105647608449
0.480582495406389 0.390475469000797 -0.46276561340341 -0.119311545692404
0.311022731114058 0.0397801444631926 -0.398406434534591 0.445006709339096
0.364243404774447 -0.0448454628546875 0.315636369187694 0.400515459127296
0.201807028981616 -0.327912108482527 0.329606223046661 -0.0825606603820428
-0.00579392329299455 -0.214484288466224 0.062860996676041 -0.197291114386992
0.0318259051750914 -0.150590822255158 -0.093719842938557 -0.130592391461292
0.102343331996534 -0.15238152881848 -0.181780717134542 -0.0247450852090997
0.137134495500342 -0.132534233471463 -0.233107613223964 0.00807273379148917
0.151415025599752 -0.119578933234607 -0.264763698027541 -0.0896081235866696
0.285968873254772 -0.108663268038058 -0.165182772213886 -0.267622879861891
0.33631394645855 0.211590821216295 0.0901655228262538 -0.326704932984963
0.0648519850004248 0.273968867584715 0.384004632448396 -0.243278806035452
0.200287537146667 0.356581783449899 0.6457938402921 0.404190946590736
0.094270938728417 0.754573762077861 -0.0444672987935532 0.61015050253847
0.0484002195849599 0.960985652264365 -0.0485480593616816 -0.367373814789839
0.466196145473834 0.547455743478098 -0.446441852377928 -0.312020898788303
0.373987302063553 0.0523807279021464 -0.548818857392599 0.243261398428623
0.286551584994935 -0.0586739375807094 0.14873109850703 0.472926848851497
0.114697773728579 -0.222201267942883 0.357400675594391 -0.0144392544872408
0.0325592901825964 -0.0687123547864263 0.108026155676242 -0.20456010151528
0.117703014280733 -0.082175853755204 -0.0493860615445703 -0.164148250972964
0.161539129686577 -0.137320867683044 -0.128571297435789 -0.0799766468297226
0.163358516500431 -0.139957833465828 -0.171877604163228 -0.0498010976384284
0.172374409193273 -0.123972621450478 -0.182344991758434 -0.136717794902029
0.267969281888297 -0.0893329074095124 -0.0515391089057028 -0.228867766656732
0.242988802217533 0.134218609071623 0.0232402570408356 -0.177124936682228
0.162167827054265 0.117110173360234 0.209202764398279 -0.361475548178702
0.323924093834067 0.272004278811509 0.641662208743569 0.227835428939052
0.269748015131162 0.796261194271362 -0.0492928976808129 0.339754834386206
-0.000608347196167494 0.901628329987513 0.0631951738918772 -0.640877636694142
0.423532829014091 0.489074398264777 -0.282072188794027 -0.489599959477602
0.275400482557817 0.00463138479620497 -0.585443181015238 -0.0666395360245896
0.142226433334094 -0.0339608572752295 -0.0871444081039306 0.422230327382565
0.0203444146461119 -0.0733595464012178 0.280792523035598 0.100942395185628
0.0726686065238595 0.0642055060932999 0.157420672425558 -0.128486060219941
0.181896997764225 -0.0126749529210503 0.0306866997678515 -0.159039100737132
0.199300401618189 -0.0997719878585161 -0.0574883460209648 -0.123621251573693
0.16516145822721 -0.109202612203231 -0.11806382534873 -0.11427330652919
0.149556567626403 -0.0809576144448832 -0.10955233994095 -0.21345708033617
0.158905103371661 -0.0340175055162459 0.0786442694587845 -0.223888814300054
0.0754188060727744 0.0110637760881269 0.0130372623944744 -0.0250886243454363
0.207978618634179 -0.0474548329260139 0.071813486467533 -0.381798188897698
0.396675858949785 0.129439800174927 0.502317321024223 0.130005708723202
0.382427494276759 0.752069269241095 -0.117351984389 0.0465914861427206
0.041712682971456 0.685088881815738 0.213140828230627 -0.829348241710974
0.345934622094243 0.214534403843457 -0.0507685574103378 -0.639854375493908
0.0942660965001313 -0.0446338956854974 -0.550662651695926 -0.354800521638893
0.00219297403106153 -0.0183251984287802 -0.289514228385812 0.314684008032233
-0.0556462297819982 0.061680497214022 0.165496726788364 0.218083353433711
0.101378512492217 0.140389161598261 0.207488670737643 -0.011497866622341
0.198287434623271 0.0347389074651746 0.130887108346767 -0.13046353163002
0.205397627053573 -0.0480714562965784 0.0212942387981729 -0.150033113532613
0.158560087580454 -0.0361668314852436 -0.0791116239255599 -0.155634799993986
0.119241944603731 0.0274268375193416 -0.0674723432843123 -0.271828946685223
0.00465119783769092 0.0640109655934945 0.158640133437202 -0.227474523770228
-0.0910229374426436 -0.0899243211933611 0.00780162155533411 0.052446340565626
0.167896387693291 -0.163311087723324 0.0216807061204912 -0.334406258480833
0.419110313771796 -0.0171283845342721 0.29009069698224 0.0769702479862706
0.370690048213282 0.633350221680211 -0.201217057335379 -0.223058146355795
-0.212805241796844 -0.494347665142909 0.238776540846801 0.427598505340707
-0.39408876643169 0.0599392457758441 -0.102209080103544 -0.0194560931382159
-0.0821584773095401 0.232896620444879 -0.0155554342303529 0.279666540764998
0.211412460697569 0.127577566010558 0.0503267537832359 -0.0731362117531658
0.144384473652727 -0.152634933767637 -0.16206083340769 0.193560634857384
-0.0952103828945085 -0.172479827904937 0.0536090744167273 0.251173915259854
-0.163652994909971 -0.061218259270277 0.0432366702054347 0.164544251268913
-0.180981615448606 -0.0136429527083463 -0.109940824391046 0.149439979544315
-0.160721435420591 -0.0483877218618574 -0.223511487424778 0.111162401489846
-0.104474885080665 -0.146210163231202 -0.261034253307647 -0.0708092438129662
0.0892233293561721 -0.166759937655638 -0.0951142672513496 -0.301821628567797
0.124096097103433 0.0473955943925471 0.369065107565016 -0.263566555952177
0.000229842516709725 0.0841162575547215 0.567305537483511 0.447914843021301
-0.214668208728783 0.126035919582141 -0.0235140915941853 0.781021568516358
-0.190744037439532 -0.32751768835281 -0.278675410445836 0.931769503930927
-0.0216071533581287 -0.211108558688097 0.21309928254106 0.510643759558287
-0.252808087613804 0.00811247510857685 -0.0862283000383783 0.0854859184761712
-0.0403426503829066 0.2759224833515 0.0164492283024232 0.3267867714891
0.329746258910256 0.123047483367158 0.159086622261265 -0.0428952324811701
0.23323900077489 -0.261200063019125 -0.0976008872486249 0.11317409691642
-0.0822144816189306 -0.288145173745648 0.0391683933431773 0.175432812385199
-0.154809217505236 -0.145429539109144 -0.00587627612282534 0.118260216219213
-0.130631601990958 -0.0707195874389418 -0.169906470727063 0.129910401888014
-0.0932343188802492 -0.0580886480004819 -0.29003951745564 0.0868844672045746
-0.0661548178801548 -0.12139174721243 -0.311110750369339 -0.111372874862585
0.116297348423295 -0.180227132436983 -0.102143909000144 -0.35912386147523
0.224480626833357 0.111030115815815 0.385874607209181 -0.265174510259525
-0.039825552866633 0.149569304586005 0.553250004559422 0.367690834888616
-0.0734385139042837 0.282649616920939 0.0781690925242178 0.835837078906128
-0.237909812071443 0.05115961736479 -0.285824307190114 0.973847870855614
0.157065251001591 0.163390932828401 0.114533836955307 0.455484584093062
0.0504958036036848 -0.00502665715350272 -0.203340285114649 0.113418290798539
0.00250514500774989 0.184448855422532 -0.0406315031730164 0.444055788846902
0.388294136659849 0.0880763824358218 0.303065742730376 0.0652767419210851
0.273252401914678 -0.339863685571658 0.034837338524498 -0.00109865335250742
-0.0671046019575102 -0.346099259696386 0.0276849182895584 0.0407544255066468
-0.122579280642381 -0.193773603418733 -0.0570620691535041 0.0356103533778325
-0.0580797533124591 -0.117496229396326 -0.202151893966818 0.0899287603283459
-0.0060217696811778 -0.076205664664104 -0.309900952057206 0.0706683431919833
0.00536271587888043 -0.0944607839349524 -0.338435573653727 -0.107485103414067
0.159658952364429 -0.153941324610804 -0.160943436537987 -0.366022580355551
0.302282069793329 0.166542383006313 0.330918260854992 -0.335873159973396
-0.0644400897349545 0.262266420809723 0.542490439391027 0.197058414503987
0.0106387777357827 0.344546688146807 0.295385206302624 0.763685369198213
-0.198691049757697 0.37628912300101 -0.21322430443863 0.941125930575557
0.215157442647966 0.5523713465882 -0.00229487156891042 0.256453200742866
0.353378005065713 0.144240683925519 -0.35564499449767 0.0398955124223658
0.145195567250684 0.0633078986732508 -0.195872776461978 0.506795599876635
0.386983204530824 0.020061649124114 0.372687457522081 0.235921865599962
0.25597403730903 -0.367872474641277 0.201750288847943 -0.0828131786748236
-0.045191912819316 -0.319523984744781 0.0317648333023254 -0.103760213898751
-0.0599740811785083 -0.193510457012825 -0.0939260537599172 -0.0567317199797921
0.0224601727551596 -0.146514896291172 -0.207685284297968 0.0371629952055783
0.0771158101113923 -0.105360488113739 -0.285790643997318 0.0508760959595048
0.0881033877169091 -0.0958386183137674 -0.324354017661827 -0.0810018118100662
0.229313317361293 -0.126016876896947 -0.20561003413501 -0.324679107604304
0.348328819007898 0.210880683308627 0.210664521847288 -0.385151883874356
-0.0198642561544718 0.32548073680112 0.5053610974368 -0.0401093892570993
0.0888170280660143 0.372464072509617 0.51661214174148 0.60113790050679
-0.0763818993326133 0.616972066083709 -0.107143680214354 0.820034115021475
0.180968124913876 0.834583299510291 -0.0740437256040794 -0.0411827958210738
0.487270124790379 0.381954057408805 -0.463653642709147 -0.111746548428377
0.314812885580529 0.0352338874298378 -0.392698757047828 0.451102429697619
0.364836054015342 -0.0512563387688303 0.321248878364416 0.396120198978017
0.196539550841923 -0.332606696802252 0.328660399119197 -0.0882527705143242
-0.00960621664544549 -0.213490354041577 0.0596696861535952 -0.200013406269459
0.0291183493791629 -0.149907636908141 -0.0956532047187359 -0.128674284514548
0.100071929931106 -0.153763829037177 -0.181879033897877 -0.0216979732716611
0.134908701569793 -0.134621110410136 -0.232326231689801 0.0114769632633124
0.149779786040435 -0.121065386838158 -0.265076454225664 -0.0859023032139938
0.285038840908137 -0.113356983644558 -0.171252599640529 -0.264737079926258
0.340536593704437 0.204698777152073 0.0841469012821253 -0.32917459156499
0.0684287035156089 0.273981029473594 0.380729199785558 -0.249194105357327
0.205503411085352 0.355454699917607 0.652068857125457 0.394022736911115
0.103663445045117 0.75439830463112 -0.0380860076948862 0.612237116370949
0.073516962911841 0.9584708594042 -0.057651614853124 -0.364955544928048
0.47510417595308 0.539999550148973 -0.45130881161965 -0.305800471999178
0.375433589170611 0.0449184106926922 -0.545947433262609 0.251903808351831
0.287557544766159 -0.0579108610650219 0.148302833293423 0.474677509753005
0.110105689854232 -0.225339377251127 0.358438939969585 -0.0193338900957223
0.0317227932896161 -0.0687930050297586 0.103675003615587 -0.207196904523956
0.116561024802254 -0.08367213933615 -0.055343125071104 -0.16329196308153
0.160935416616155 -0.138784562529306 -0.130308635387223 -0.0773273157423583
0.162115669736395 -0.141270306643981 -0.171747303922331 -0.0475966354116424
0.168674729864946 -0.128987119779216 -0.182214060294465 -0.137259252363782
0.265690378390173 -0.0973086268902107 -0.0551622689927056 -0.228093649257096
0.245604389960459 0.130738484534744 0.0214253328733866 -0.177650490854653
0.160431996491923 0.119261553952119 0.195805331013797 -0.367499942654193
0.326170264813905 0.269744444223194 0.645790895763318 0.217320117441478
0.278588565835075 0.794045641235922 -0.043008889843168 0.340408533240164
0.0167643438915248 0.901019837865682 0.0525337592559724 -0.641323889022271
0.429043417711325 0.485563777497989 -0.288868629327819 -0.48441096546024
0.274954830886027 0.000961992368137219 -0.586158193614661 -0.0590540429126492
0.143046301301 -0.0360503133826128 -0.0824199406296089 0.423847315441175
0.0186539313278113 -0.0731953905909784 0.281967033416918 0.0958566506229398
0.0731574223804861 0.0627640453112737 0.155457713305796 -0.130931128821654
0.180948946391279 -0.0143919109396762 0.0279051017368748 -0.159715941296828
0.197803493031131 -0.102840929527437 -0.0598346483553386 -0.122400670313097
0.163418259671111 -0.110132077637403 -0.120216245753908 -0.112064302324525
0.147814009165727 -0.0836313984865487 -0.113620802780191 -0.211795173295021
0.158404411251742 -0.0372134888821836 0.074024147068808 -0.22713810507061
0.076162327135876 0.00987194480007082 0.0130238953535646 -0.0260032055485847
0.207611332466651 -0.0508545993662217 0.0661154775886042 -0.381938385700906
0.399048319595619 0.124231002821393 0.503551784058245 0.121478707135312
0.391299641212654 0.748397952299496 -0.117343970420141 0.04773604683754
0.0621273105488796 0.681499830892908 0.193049921194228 -0.830492785907422
0.349790957023364 0.208909638853222 -0.0614786135386354 -0.638272260160909
0.0930300846793193 -0.0465003296648724 -0.5544752568838 -0.351824008499651
0.0018653054943978 -0.0181616312714805 -0.292103709059956 0.316740322084726
-0.0554043490822209 0.0619063465215086 0.168966002426707 0.216617136330158
0.102852791013649 0.140531494562751 0.207671061292463 -0.0163111729676487
0.200468295265251 0.0346133079309962 0.124854864234476 -0.136133236224301
0.205500533252238 -0.0497192694979344 0.0177176568805695 -0.150550697317536
0.157256528008882 -0.0378322211550122 -0.0808958080245081 -0.154262236459772
0.118635059363892 0.0223742158653433 -0.0703853101560049 -0.272081016235476
0.00576651785297589 0.0640258541177114 0.154769442723689 -0.230811774864861
-0.0915831015468562 -0.0886726062537351 0.00879759442597915 0.0511638414327676
0.171310011326356 -0.16299856575638 0.0184384135516908 -0.333926911166862
0.421624319868558 -0.0217775295596604 0.291129262307613 0.072326141680445
0.379547831158275 0.629086865644886 -0.206450850295792 -0.219507208213968
-0.218993520527025 -0.490780671415089 0.246865506641554 0.424956717652845
-0.392229374681543 0.0648821587860054 -0.10168450636817 -0.0186754285892767
-0.0784937590800944 0.233975591863634 -0.010713955698159 0.280718518182521
0.213854183543393 0.123550230353329 0.0488108734506561 -0.0732006469807188
0.142064916085536 -0.154674316810792 -0.157809782512718 0.196812850033249
-0.0989015299531633 -0.170538520421852 0.0580332167952833 0.250086581462734
-0.164324012934303 -0.05799842077226 0.0453646492049728 0.162855520018537
-0.180646561151891 -0.0111947592087261 -0.107721342003227 0.151464065101986
-0.16222876707679 -0.0461985821964655 -0.223163172631899 0.11450463231856
-0.106419599199036 -0.145228966237503 -0.262892023847915 -0.0662333595755103
0.0868436988456532 -0.1682450250025 -0.0994027692755799 -0.29941653395677
0.124662844493261 0.0462449786426214 0.363933131754416 -0.268197138582213
0.00144055507557729 0.083994996856317 0.574500658295469 0.4382567312432
-0.212968986825173 0.129288433588198 -0.0124645737874526 0.78127057514504
-0.195046736488734 -0.323804888302644 -0.266220257105947 0.937413215291312
-0.0231038176805939 -0.21135163854039 0.218489987639991 0.506800918975819
-0.253664863144218 0.0129875322585911 -0.0845425020346064 0.086717259854119
-0.0341931136709686 0.274598730711284 0.0214956068202436 0.324564907275911
0.333509967066984 0.112515754243983 0.158156931563234 -0.0450358256533811
0.230304826088403 -0.264521787434235 -0.0963740030456025 0.115431720553103
-0.0865403062746938 -0.287658930039347 0.0430033631499696 0.174327053410714
-0.157186904600091 -0.142066722496048 -0.00433028425091136 0.117400733803654
-0.132086201653125 -0.0686210921823382 -0.167506773112232 0.132763309974049
-0.094144420319291 -0.0565656627655367 -0.287703037348344 0.0919027835937725
-0.067711179774984 -0.119726249448277 -0.312665693723023 -0.108599794724346
0.113664343336858 -0.182612632786707 -0.107248333110886 -0.357030768440433
0.226089804835937 0.107571164182322 0.380884816103097 -0.270607463499195
-0.0386934005724952 0.150366046449297 0.559474689848401 0.364703342895727
-0.0696360494953437 0.283235897816345 0.0863082610812127 0.834811037739715
-0.237982742795952 0.0536985500413363 -0.271895229091889 0.980995473153332
0.159665101213337 0.159007444776798 0.123412949644468 0.452530849682765
0.0511083225747025 -0.00522862204245905 -0.200749490542638 0.115695948866043
0.00600142593916273 0.185394936713595 -0.0328809737623855 0.445421849800837
0.38934317006092 0.0802718346143267 0.302849846429367 0.0607382718992282
0.267382692352737 -0.344660410301912 0.035149583679826 -0.00178822750561696
-0.0732294389839413 -0.344268998199255 0.0288684455231623 0.0399463400171452
-0.125756380172895 -0.190589719362081 -0.0566492993076073 0.0363995352205495
-0.0599835466883725 -0.115969408405805 -0.201931295950448 0.0937945333608223
-0.00719362431352215 -0.074932621089585 -0.307853721734549 0.0753490972577999
0.00366911213112768 -0.0946060308668737 -0.340093275626718 -0.101948817465641
0.156838815743995 -0.156126367967868 -0.16662419838878 -0.363856626750266
0.304966774740329 0.162431421766826 0.324807397346999 -0.339473218098102
-0.0612944571770256 0.263571878360451 0.545338981662945 0.187416435461374
0.0161729923133038 0.344075909579018 0.307485669005826 0.762295192874929
-0.194272152131143 0.379605503806437 -0.197713269383703 0.945493410544798
0.228446327968112 0.545373504944152 0.00146585330135446 0.255890496866135
0.355174573676508 0.141062511529618 -0.355357820974409 0.0451403796145603
0.146050161302507 0.060954515331368 -0.189927849800679 0.507710565958925
0.387833944122985 0.0183805298670637 0.375975409651909 0.231560408266972
0.248250393111825 -0.373650839550953 0.200715861388885 -0.0848887274362364
-0.0472925013778528 -0.318904349602885 0.0302410869094208 -0.103979312907379
-0.0628574110245285 -0.191773696279732 -0.0951144713076764 -0.0546894627820149
0.0212659645021521 -0.147156415102141 -0.206843002465476 0.0404801600716204
0.0751726798335782 -0.106366996169362 -0.285371810713279 0.0552018239334075
0.0878017937778162 -0.0962152330949583 -0.32547880029107 -0.0782700053959737
0.228368260434872 -0.128416724086291 -0.209499045905279 -0.322701480402403
0.353374954159939 0.204657006138936 0.200965749790661 -0.38989774502825
-0.0216312881876403 0.325944322861556 0.506265896495775 -0.0416518992086784
0.095279676143483 0.370750016765067 0.525208138740451 0.590979009235956
-0.066402229765815 0.616758498293154 -0.0921441276933458 0.820463756692279
0.174152668491414 0.83722211594471 -0.0748066682427256 -0.0409080143491385
0.492502089887861 0.376727299323603 -0.465713145526194 -0.106212301632575
0.312966941097235 0.030715997701954 -0.384265789336602 0.457341848889475
0.365006476704231 -0.0579060656071483 0.326579599667508 0.390356519136254
0.191561993311374 -0.337105103541827 0.32827046901763 -0.093582232419952
-0.0136581289680828 -0.214145123824441 0.0563362111641591 -0.200283204845612
0.0265770392474514 -0.150654690480825 -0.0980381679096014 -0.127223266438357
0.097665603551299 -0.155745773179739 -0.18315432352933 -0.0194275723037331
0.13374085523584 -0.136480489699871 -0.232648866155584 0.0151656915542055
0.147315029252786 -0.123937448199793 -0.267107297775249 -0.0819788558508338
0.283083535328792 -0.119321679421292 -0.175103870464109 -0.261099505137048
0.346040975748175 0.20159029549779 0.0801160923937573 -0.330658133224012
0.0741648265197166 0.273127996577487 0.377011213913523 -0.25423181186819
0.210524802660181 0.351794857760165 0.658783460598845 0.382870189765186
0.114048071575109 0.754102362243282 -0.0295483715770275 0.610061461439427
0.0523606290563434 0.965086203394893 -0.0600177276358672 -0.364838545663142
0.482342901182888 0.532973639824957 -0.455251776905067 -0.301672464080304
0.375830765711688 0.0392500148921937 -0.543395470873303 0.256189752754806
0.286588292477174 -0.0703877467034273 0.154599949223067 0.471940939689792
0.106436763715909 -0.22797426360962 0.357430880330356 -0.0261822139639641
0.0307671691475715 -0.0699854586311772 0.0998599107728939 -0.208693188886308
0.118524850997913 -0.0826781748944016 -0.0563178056650335 -0.163194449993211
0.158876182885871 -0.141080887569416 -0.132145644744819 -0.0752341722017448
0.158013754342837 -0.145165088698942 -0.172117382341311 -0.0449577818317585
0.161023000262562 -0.136189847502152 -0.184931243909625 -0.132149943139071
0.263946774469471 -0.101438495331656 -0.0617626271092471 -0.226418449266502
0.246705909598844 0.12749254926698 0.0176060633474517 -0.179078098665788
0.161035722432545 0.119970591481843 0.188077322138598 -0.371945499653166
0.329168514704245 0.267601741001957 0.648469329713804 0.205950537094142
0.293181441922672 0.786720437267008 -0.0381222851185191 0.340318540235827
-0.0102182277909309 0.910996343065364 0.0461411483318591 -0.642576527527139
0.435831574167301 0.478908157411533 -0.293497852725305 -0.4811727423507
0.27519161652237 -0.00360091354662263 -0.58629765687139 -0.0512853130281219
0.142550389766525 -0.0383626174462855 -0.0767967130599489 0.424196740560958
0.016632911362329 -0.0739811141231797 0.283883004041432 0.0902712569388881
0.0744243637492987 0.0621981228251763 0.152687034766912 -0.132888337111269
0.181627610453388 -0.0170289552608632 0.0253854209631999 -0.16027123330248
0.195501302015522 -0.104732274087448 -0.0615337619985505 -0.121304269110366
0.16081748734231 -0.112601706465254 -0.121655630729033 -0.109271755715322
0.14575210435456 -0.0864137748400323 -0.116571792358626 -0.209944527296034
0.157304198568947 -0.0391572322575518 0.0705343449612927 -0.227248541378631
0.0763412564244227 0.00872663254739469 0.0125672039322491 -0.0270528137363121
0.206581157480347 -0.0538566380359376 0.0598352032145711 -0.384505086274441
0.400626704534893 0.118220913350244 0.505309350002016 0.113902910233543
0.400953960181913 0.742448957674032 -0.115727456334481 0.0486941042209549
0.0515503437790633 0.687748091975214 0.187004664029544 -0.832426139147811
0.352269073021557 0.202642604961294 -0.0657016494499171 -0.63826413349066
0.0932281725953193 -0.0473383392159814 -0.559291414108256 -0.343173993547673
0.00287016329043343 -0.0189726468531808 -0.286448487589386 0.321205111203603
-0.0545536689233547 0.0632768346940722 0.17200991669295 0.210682591701684
0.105928765521319 0.138184533578888 0.207605585950719 -0.0207802794538973
0.201145115520148 0.0337464352139075 0.125402702753407 -0.134469390421899
0.204381007967833 -0.0533329027306333 0.0169706881198585 -0.150691079689508
0.156911711398594 -0.0415359059879186 -0.0819452526054082 -0.153385181236646
0.118392652211828 0.0194221200887186 -0.0817933244762998 -0.268515027656266
0.00715724092291476 0.0638289038735403 0.147086595459656 -0.235171572591631
-0.092082087868718 -0.0878460226013393 0.00965507356825377 0.0505080724750713
0.165943763020881 -0.168126828049819 0.0192147833833972 -0.335255623930899
0.418765899449768 -0.0313338658370094 0.291895067995073 0.0656000162432141
0.392662161058877 0.618288507403499 -0.20944239513839 -0.217189431620964
-0.227352401671588 -0.487467022707406 0.252276138749757 0.421969911659255
-0.389287172357434 0.0713084973145553 -0.102029852439599 -0.0166941636082914
-0.0745739325675905 0.234543442430624 -0.00592827555572621 0.280166218505709
0.21597100604208 0.119414877358458 0.0463505502217436 -0.0733609064299803
0.139675165673594 -0.157807935652479 -0.153704495098525 0.199508418775408
-0.101096122435584 -0.167733178506254 0.0629698327004306 0.248799356560559
-0.164634815479309 -0.0556521884050055 0.0494212954943824 0.161942644647122
-0.180907052906472 -0.00824372462375828 -0.104591955362521 0.152524028401104
-0.161904671468025 -0.0442407951739043 -0.219895191052151 0.117773302083341
-0.108820311177829 -0.142779010019642 -0.263130138426142 -0.0626198597974909
0.0841746568698492 -0.16890777854959 -0.103987710752138 -0.296648551508802
0.125409203139624 0.0453649357119365 0.357672764355028 -0.274625717836302
0.00167442609363021 0.0835586634446406 0.579078823431438 0.429793030851869
-0.208867194384459 0.131658630675378 -0.00194794172510344 0.780524733516253
-0.20079390889249 -0.319806404834823 -0.24975923854807 0.940849014584244
-0.0246079744504915 -0.211100853469943 0.225837590871394 0.504866273874221
-0.251709891340455 0.0182221372324016 -0.0833719010564721 0.0863483770327914
-0.0293040110975639 0.277072398552966 0.0267466903702463 0.324645574519495
0.335755780238896 0.0998142082975847 0.156146700373728 -0.0476187814347692
0.227487183095411 -0.269093825657054 -0.0933021101786386 0.117163069969706
-0.0922596568851774 -0.285262426328682 0.0461639992600799 0.173167472162483
-0.158704239888443 -0.139286157584197 -0.00109686807304376 0.117319093088125
-0.132211508618035 -0.0658556960854918 -0.164759105667222 0.135595282887113
-0.0943114185490039 -0.0548737450818326 -0.286507353576924 0.0959509102479697
-0.07032875482751 -0.118494907395482 -0.313065381718282 -0.106271825335611
0.110576775559569 -0.184266338458227 -0.115890626404789 -0.352960739469634
0.2275675706871 0.103892950668834 0.375241921033368 -0.277173042876312
-0.0371633588742034 0.150189893668545 0.561972990760809 0.357504888834618
-0.0629179437724234 0.284508609138843 0.0986493640476963 0.832708320921461
-0.236844074527681 0.0581682502021536 -0.258726716357379 0.982459020217454
0.163405028453013 0.156268527949853 0.130021878237919 0.451053324671093
0.0513553828148269 -0.00517971101039657 -0.198504977058566 0.11877419957749
0.00891825580355278 0.184988312943654 -0.0270835745746362 0.443541169771887
0.390868536558676 0.0735261145715961 0.302432898792066 0.0556244385181222
0.260089841095951 -0.350147089368603 0.0360145667332443 -0.00196535211827364
-0.0801571150382245 -0.342714234432033 0.0297983792651768 0.0400250077378846
-0.128542069924167 -0.188379940744104 -0.0555132366164962 0.0366735607079575
-0.0615992626702258 -0.114329576580871 -0.199881051310684 0.0966526201974973
-0.00822720676495592 -0.0752537254028267 -0.306729092629236 0.0808026660841251
0.00216288143463836 -0.0943146114887017 -0.340143528977808 -0.0964977815751896
0.154021303111438 -0.159122596832784 -0.171617669658933 -0.360057704123958
0.307084193438098 0.157750574241237 0.319236490912828 -0.344152480520983
-0.057839310048629 0.264664372260902 0.54780272885293 0.179880956564723
0.0203280301178057 0.34379285073673 0.316953816942504 0.755134686600134
-0.188990948143705 0.382364771081005 -0.185735977874414 0.949216738362679
0.245196267686294 0.536551446732995 0.00742578444956001 0.254971494128968
0.357742170355464 0.1370249046262 -0.353164569996413 0.0496385134911236
0.148677757856018 0.0592312578372715 -0.179846327582124 0.511198894958219
0.387900312815223 -0.000513474698304817 0.378938159276688 0.221785395257543
0.244194428558098 -0.378157556285201 0.199606645384761 -0.0885946963494376
-0.0547234831385041 -0.31731230572244 0.0292951296077992 -0.104432432413582
-0.0632130545508486 -0.191002817694654 -0.0953235640222999 -0.0531835596370719
0.019997984960777 -0.146118432700675 -0.206321529710112 0.0444665219793239
0.0745223916990604 -0.106984326877667 -0.283922334399278 0.0592485173015459
0.0848603500178155 -0.0996414029444622 -0.326433581412501 -0.0757850482494682
0.224838323972083 -0.134179204795216 -0.213397082118365 -0.319410556684752
0.355953052412215 0.198314462373766 0.199576411652505 -0.39032880494865
-0.0128490179911982 0.32587985434196 0.506062304995648 -0.0446122496026587
0.102186908247573 0.369226116672221 0.533444131328874 0.582630308412512
-0.0564833493489358 0.616592312544356 -0.0831447159591973 0.820820774176626
0.169499359651255 0.842225164575102 -0.0748474024760593 -0.0399447092122066
0.497034315090891 0.369348247481266 -0.465527541509019 -0.0994689384173321
0.314284925384254 0.027471838052787 -0.378106558997182 0.460612488151236
0.364101788108042 -0.0627864657324864 0.331232912398768 0.385497532141687
0.185429181122078 -0.34112830446676 0.326276245690149 -0.0992633532540614
-0.0176818683782819 -0.213499784148825 0.0533181252228138 -0.200880444754827
0.0235137227758353 -0.150050656531046 -0.100302481704313 -0.126600574014603
0.0956697593477887 -0.156283778069398 -0.183446593081954 -0.0158981366895688
0.130403769352816 -0.136948231886824 -0.231280303465242 0.018644721450403
0.144534157866286 -0.125351626501064 -0.267812387769647 -0.077327021175017
0.280529767343376 -0.12326582948256 -0.179095668283406 -0.257991404303675
0.348426883837571 0.194686480558556 0.0744191786591197 -0.333049087921291
0.0784304777988767 0.2732110663905 0.372392952406068 -0.259448917094977
0.215369182240497 0.349658086270586 0.663456487689542 0.371406447279755
0.125176831687509 0.750274185095563 -0.0207388182676154 0.610057051878103
0.0585562114026839 0.963471809315143 -0.0614445271199762 -0.365939359341419
0.490428998521969 0.52644553199416 -0.459625447922384 -0.294715584503034
0.376285098913003 0.0365452857993508 -0.539231668362696 0.263009054749227
0.282518769301898 -0.0803662067944234 0.167547745892933 0.465698778137084
0.102517994490468 -0.228923074228688 0.355681398435066 -0.0345322456902277
0.0297035602191932 -0.0704385605935081 0.0967330834326797 -0.208734254946003
0.115477022270591 -0.0844810077224781 -0.0562752573926496 -0.161848448208641
0.15490922722115 -0.143623222852045 -0.132104389380836 -0.0737244957028541
0.155719249314458 -0.146625647540731 -0.173362373597976 -0.042295725787819
0.160763822027736 -0.136454804176934 -0.189069467833334 -0.125835308546867
0.262821483391967 -0.103429552977277 -0.0649536723371363 -0.226253590904853
0.250668694143806 0.122499762388639 0.014231809040648 -0.179524269763496
0.166982186943219 0.114094440142655 0.192526263676198 -0.370846321509686
0.333291188156957 0.262627147879789 0.649878700925628 0.196020391152765
0.305095315771062 0.781950748901345 -0.0341709451393302 0.340378295932091
0.00277093435503966 0.910317597644419 0.0372247174709575 -0.643264677868265
0.44183279357231 0.469902096437433 -0.299909383574538 -0.474781882459914
0.275079363144172 -0.00715507754096212 -0.586594734787083 -0.0428296858156975
0.142129387842057 -0.0396293202954266 -0.0698503434183945 0.425458008985521
0.0151958764504653 -0.074460360485325 0.284771968804655 0.0859819170324189
0.0757643092678079 0.059553939891894 0.151354368097566 -0.135690610662563
0.18024757592315 -0.0200773448373212 0.0227407411142061 -0.160085277534053
0.193425015818437 -0.108200813933126 -0.0622651309047696 -0.119845509364425
0.158281781703423 -0.114996340753272 -0.123952916767906 -0.106265919083271
0.144287072644311 -0.0894221851072446 -0.121459416730263 -0.207651774836525
0.156563489171344 -0.0431072272341119 0.065907888059142 -0.228566043167306
0.0766211825687275 0.0071261467899547 0.0122046372980016 -0.0277067446762927
0.206417122741817 -0.0560679329453599 0.0543388145826193 -0.385254876667892
0.401164693201386 0.112557244868893 0.50632720344261 0.106074879795729
0.412707890991749 0.734971076275334 -0.115098568078821 0.0498913886617554
0.0541065921422683 0.686858390074281 0.183385205906846 -0.838203721198491
0.354641077106526 0.199201772757292 -0.0731570267005694 -0.6368486457887
0.0918320112148886 -0.047918023325635 -0.563283678747783 -0.332576349281511
0.00231754505538145 -0.0186369164891974 -0.27324505634493 0.328698339040811
-0.0539878381225566 0.0639303161785157 0.176642044394852 0.206880631875076
0.108300988368419 0.134359977077541 0.207381407765252 -0.0222836688056057
0.200489878026032 0.0267712674619131 0.125951774030444 -0.135209515871164
0.203415733438329 -0.0565981017654646 0.0153961156209739 -0.150035656432029
0.156012198146817 -0.0427772825547419 -0.0856124552988903 -0.150594224402493
0.119531494104973 0.0197751958514492 -0.0883267540574371 -0.265588080062369
0.00790859058721892 0.0634907251871902 0.14280734643706 -0.238162377406357
-0.0938967203599222 -0.085823146501164 0.0114497931480798 0.0500376579735784
0.157039980166167 -0.173271942243653 0.0112486477488345 -0.335216950662638
0.41740901687035 -0.0390913249480538 0.290987322353324 0.0611030350820671
0.400926219173178 0.612753142835469 -0.211808089750476 -0.215125522553071
-0.234112752777582 -0.482165467497476 0.257595918705728 0.417380731916721
-0.387234503593443 0.0783765828068165 -0.101658655819056 -0.0155578249326184
-0.0695927300383157 0.235830682802899 -0.00223930257321673 0.279461685647564
0.218196080674157 0.115658464028778 0.0443878166086548 -0.0736711511545042
0.137693672461582 -0.159777896790726 -0.148638600990563 0.202516063083839
-0.104529126905538 -0.165750185299364 0.0671064775413223 0.246711398235337
-0.165695446388539 -0.0528632515492816 0.0524841180632541 0.159908202696629
-0.180575788588918 -0.00485566406708934 -0.101849348853496 0.154159702457203
-0.162494670952947 -0.041616939112363 -0.217587550858478 0.121023221055583
-0.110915895884068 -0.140680686379251 -0.263389422627567 -0.0597678111539219
0.0814163066733638 -0.169860896683194 -0.108384955674062 -0.294035601523403
0.124820336174556 0.0425804576702936 0.353220783792811 -0.277996894530617
0.00267716566974971 0.0824540557799571 0.585481318048593 0.421685654974189
-0.207035167938472 0.133964159113544 0.00834728967692865 0.776963387446908
-0.204404746542533 -0.315798301062441 -0.235907733888862 0.939704829848565
-0.0301542629806507 -0.206973143518324 0.233342180048793 0.501696455535353
-0.25108911978902 0.0223460615891516 -0.0813216578700209 0.0877023216294462
-0.0264449975447474 0.276365817616989 0.0310497888130561 0.322870341965987
0.335700037190133 0.0981457368378316 0.154727495209411 -0.0497117431088701
0.221594118065392 -0.273392550777816 -0.0899755291046502 0.118941641013907
-0.0972615269058696 -0.283148050836814 0.0492586319714448 0.171775591025971
-0.160611395859379 -0.137361680092828 0.00193559267009502 0.116571985302482
-0.133903008163121 -0.0632798215799959 -0.162410763239832 0.137672655479024
-0.0948946028127795 -0.053042483690656 -0.284499467916582 0.0985743954649681
-0.0712624506074206 -0.116795880035774 -0.314702264013741 -0.0999702813356695
0.107045577925378 -0.185781776553154 -0.12014461610301 -0.349015000374841
0.228620699024388 0.101062514139381 0.370269743699044 -0.280313831273078
-0.0347091264283859 0.15042665510301 0.566578444531108 0.348192691390135
-0.0576460236405253 0.284013633966294 0.110192416052638 0.827337972170476
-0.235797186034649 0.0636101138019421 -0.246420621030006 0.98436345218442
0.162755470965425 0.15721912445806 0.131978632887373 0.449678926560195
0.051565224663048 -0.00554922735988649 -0.196026882785948 0.120816700359842
0.0124428937722579 0.185338143708605 -0.0206779454807249 0.443085989417268
0.39206732238528 0.0665548381617201 0.302158792261434 0.0510634893643351
0.255356453963474 -0.354472353171325 0.0367747079023736 -0.00263108963843084
-0.0867278072954343 -0.342150636897972 0.0310649768986299 0.0394859867030137
-0.131946829614442 -0.186077892661962 -0.0545957126994185 0.0373333785160131
-0.0626717624386298 -0.112730473215137 -0.198084347367531 0.0994964834622176
-0.00827341389222988 -0.0750713916606738 -0.304941381984731 0.0843338374647321
0.000475059913100648 -0.0941456050681534 -0.340560501613389 -0.0909186605286903
0.150945313010582 -0.161855485562105 -0.176736063644557 -0.355766358534609
0.310020192824005 0.153128752362281 0.314368813616896 -0.349287481111244
-0.0533500456379065 0.265055075229318 0.550460752385545 0.173152683799993
0.0259908096872094 0.343041977370625 0.322557214789981 0.749824007760535
-0.183370106397584 0.385083825513845 -0.175012150637661 0.946642720368318
0.245427519789256 0.538673353603052 0.0100553605843464 0.255053250313592
0.360220129623158 0.132422085551558 -0.350825596366484 0.0540209965879942
0.148794007288549 0.057124930980226 -0.172005409792301 0.512661842998298
0.387540007520256 -0.0114136212883053 0.381240195479581 0.214652113762867
0.238143501899142 -0.380027175385645 0.198253699891278 -0.0926065490704994
-0.062241057972986 -0.315062770326462 0.0275771153808353 -0.104595641315888
-0.0663533387318002 -0.188628739136923 -0.0961933696727752 -0.0525742760301668
0.0161921374957225 -0.146117872892402 -0.20605320981988 0.0466976456089672
0.0726586386520269 -0.107428601385178 -0.281588067109827 0.0646700313195408
0.0814170516341505 -0.102568342179195 -0.327399201086966 -0.0687619163600063
0.222948593225433 -0.137124960061429 -0.217440748963062 -0.314107602125321
0.359342796620502 0.192784534286034 0.194917401641514 -0.393137322578783
-0.000912003583977922 0.327052926334923 0.502845649507612 -0.0563722363251215
0.105758595425264 0.367330817767627 0.539645278014525 0.579083129494861
-0.0492299116133963 0.616481385497354 -0.0728679983414603 0.820744894197065
0.19429449283399 0.829649839728387 -0.0758078993443265 -0.0387156264800677
0.501415192793742 0.363106148506863 -0.464793077588076 -0.0925199690946328
0.315160041035201 0.0235036220259359 -0.370973445214287 0.465148006551386
0.362934646607665 -0.0685580805015082 0.336374270436457 0.378899533801185
0.179423867188644 -0.343299142274521 0.324172445163531 -0.103798072505504
-0.0208095303623102 -0.212707042339706 0.0502899438739912 -0.201381226465957
0.0214785935275316 -0.149698522069527 -0.101668854095258 -0.124324012559995
0.092993427500549 -0.156340073512591 -0.182536861369467 -0.0129760765850608
0.128335669071509 -0.139353940917369 -0.231280196963186 0.023174495729804
0.142090991687249 -0.12831057633837 -0.267861693315374 -0.0731629963062126
0.277748372864722 -0.128326834453945 -0.182120130539322 -0.25551306821457
0.351497190567171 0.188845449759015 0.0695400142855156 -0.333645764508136
0.0836529237652025 0.272916116810757 0.369031413553011 -0.263477487298709
0.219423961881283 0.347928966668802 0.666970709881423 0.363954647127476
0.134988339232943 0.749252139534838 -0.0127721966659193 0.609422315483266
0.105145115708238 0.951650085459519 -0.0691096967496946 -0.362129058701478
0.496859692490785 0.517875582148074 -0.460708507763246 -0.286309604463742
0.375188974840102 0.0310151800811706 -0.532475408291643 0.272007590273587
0.285156615858989 -0.0757634675858826 0.17361895072746 0.461734589179031
0.0989425187190853 -0.231302902806768 0.354063302120994 -0.0385893788982294
0.0278242083911145 -0.0707095954892632 0.0948592503772012 -0.210000395009373
0.110935081228291 -0.0879551640594891 -0.0601557296799618 -0.161389107728126
0.152100318415938 -0.145538067327202 -0.133334553148819 -0.0711637366317021
0.153753145998337 -0.147304112567917 -0.173345562752508 -0.0383055246852049
0.162701894434799 -0.134659552880807 -0.190152494305071 -0.123835802259481
0.259640609149901 -0.109043065396798 -0.0675014045574857 -0.224491190837035
0.25372784189989 0.116041444054681 0.0129260767683375 -0.180288658828882
0.171087857935312 0.109318230030286 0.186062238062857 -0.373072697246685
0.336488102875603 0.256190414176904 0.650169729819555 0.189207166450376
0.310050089291579 0.776517392052547 -0.0305008706847072 0.340603569285316
0.0537221983614498 0.896753552605189 0.0265705039523474 -0.640746992077081
0.448550038763589 0.463607653213128 -0.305524595785106 -0.469817752416525
0.274143021291922 -0.0102258125886946 -0.585002876382482 -0.0336430038699868
0.141902149092519 -0.0416882107834245 -0.0631859452593945 0.424494407647081
0.0137376660747842 -0.0748993920619206 0.285259162303138 0.0799353600742683
0.0761253251294785 0.0584998463117423 0.148769920462638 -0.136942256001761
0.179733878845911 -0.0226036908710807 0.0202203958291273 -0.160602091909158
0.191435041831345 -0.110831768491707 -0.0649710727276929 -0.118530427418263
0.157203392507777 -0.116607972191124 -0.124690271105425 -0.104549694510029
0.142904441700093 -0.091704706990242 -0.124173694852813 -0.204737218973329
0.155907738081916 -0.0462663584010867 0.0607585834176648 -0.229719314384925
0.0775554224139916 0.00595512751221401 0.0120055423998586 -0.0279086891921877
0.205961121401783 -0.0594533484171668 0.0484109357260716 -0.384621083613157
0.401528312611608 0.107424509195252 0.507112632850415 0.0981485795103592
0.4211529969948 0.729667196328794 -0.115455326240774 0.0512804818850476
0.0823188652139135 0.678154928735227 0.168391866297156 -0.83480435340582
0.355433876997927 0.193636255703969 -0.082746645427322 -0.632889226559537
0.0915041503434007 -0.0494246177940802 -0.568291286904827 -0.322386935580871
0.00228401302784433 -0.0181608361388702 -0.270506612731172 0.329261572357497
-0.0527213769098545 0.0643828294237191 0.178242844058483 0.204943106647037
0.109646733066728 0.13318654969854 0.206663183881677 -0.0251782811268573
0.199291514697321 0.0227275474083793 0.121320044676339 -0.137991029756403
0.200828766041655 -0.0600817618045238 0.01157658291914 -0.149958271405531
0.155610615807754 -0.0446944216773766 -0.0890972522823995 -0.147893142849264
0.119813092535509 0.0186789078830441 -0.0868182535023635 -0.265857762355267
0.00895634764606765 0.0632465915249141 0.141359932987057 -0.238852971878237
-0.0951572155704705 -0.0833096822644593 0.0118044309859644 0.0495724703852077
0.159276209691202 -0.172714611497985 0.00169353373537448 -0.334339832560669
0.416535770630459 -0.0402609538555813 0.292220900362307 0.0591834457247934
0.40550688923767 0.608101193207871 -0.214662191447865 -0.213053510095277
-0.24146473325269 -0.475293535584459 0.26305989579919 0.414042853867698
-0.385858529398036 0.083333912539488 -0.101293839370672 -0.0141881299945441
-0.0663432698978788 0.235621036737369 0.00136936940416469 0.279376179018404
0.218983359302282 0.111034718008872 0.0438793175893288 -0.0736092278241069
0.134410250076897 -0.161628459734706 -0.144581376594467 0.204814069474423
-0.106290533613981 -0.163256989045102 0.0717911777848353 0.245048122629691
-0.165527909987144 -0.0501884427823458 0.0552408178202026 0.158029726004606
-0.179314036552606 -0.00155366400422115 -0.0998581311258377 0.15541669391743
-0.16234081755846 -0.0388479277475947 -0.214607273757439 0.123176984593871
-0.112629662599484 -0.138234836874263 -0.26430529470418 -0.054410411377047
0.0784044188304355 -0.171034281059114 -0.11212263118194 -0.291223056510737
0.125547234122014 0.0424344614014527 0.349450606338053 -0.280493197126943
0.00401081049919428 0.0822330646371799 0.587985364893535 0.411903846972801
-0.203797229546146 0.136460921417385 0.0157439994870429 0.776097903054909
-0.2074926443978 -0.310215236439215 -0.223887372800815 0.939656935651772
-0.0340246047911619 -0.205057497572386 0.240573886178747 0.495350262441965
-0.249400072766866 0.025737867209127 -0.0784362682646445 0.0881395137011635
-0.021392037258399 0.275705636470172 0.0350767774204984 0.322218559563527
0.336754340794191 0.0981664656829604 0.152253819003048 -0.0504012598135737
0.215381506589808 -0.276512974282548 -0.0878680495442759 0.120313745329592
-0.10167164200263 -0.280638754482249 0.0522747925851113 0.170324387856525
-0.162358169562036 -0.132810827456971 0.0036029516725695 0.115826569879227
-0.133643651897482 -0.0596712099328194 -0.160497699348991 0.139027840739605
-0.0943803972565906 -0.051504400968411 -0.280907154695371 0.104286157949037
-0.0724418550193366 -0.115815005836652 -0.314950760997242 -0.0924746060381601
0.104169950039896 -0.186736647770787 -0.122214509118907 -0.348066621814659
0.230238838370737 0.0969202974323642 0.367463432537728 -0.284724670093973
-0.0319214762576422 0.150748625269563 0.569637526629394 0.338513702123581
-0.0539323972432026 0.283724599064464 0.118950977024644 0.823553453292959
-0.233534933880881 0.0669431674492487 -0.233303235353327 0.985247595631557
0.164633126129787 0.155349104800338 0.140205615663455 0.445991051254
0.0516418614744067 -0.00537434525808699 -0.193025566172273 0.123043077704928
0.0155998553033145 0.184521459442071 -0.0130624423826118 0.442390520584718
0.393017799185284 0.0585310855028888 0.300979768194356 0.0471809845005094
0.248458567367225 -0.358144308194798 0.0374015876935549 -0.00256104925319206
-0.0919523480409791 -0.339724797485366 0.031913279159844 0.0387438749913759
-0.133217666227915 -0.18301192633734 -0.0533312501691416 0.0378214677745917
-0.0645505668810213 -0.110619041404614 -0.196044091430325 0.102670864614607
-0.00921774977288695 -0.0744893580603216 -0.302936195840242 0.088464479169943
-0.000349315138821188 -0.0943226620335459 -0.340978075521154 -0.0863018163286202
0.148276908119242 -0.164282258334092 -0.182910336716799 -0.351793921651225
0.311050461923649 0.147218304097135 0.306216320414727 -0.350700523161654
-0.0491341623250697 0.26514072881659 0.550268429412678 0.165544061695991
0.0314944856030525 0.341437040726991 0.333616134009952 0.740522706088173
-0.177726211728281 0.386123311942798 -0.160446202369369 0.946646326183333
0.244654740181875 0.539073425018939 0.0127313470073963 0.25378293670106
0.360405082204843 0.126756911745952 -0.349408394189465 0.0590025039585224
0.150959726905791 0.0549869731800462 -0.165249273043888 0.51328941149874
0.387442950088221 -0.00500665140032351 0.38244568944943 0.211036702872912
0.230126377877329 -0.384855705787767 0.196621826506031 -0.0944270660898465
-0.0661547012568013 -0.313275234237237 0.0261142053430172 -0.104269331545574
-0.0727373186355257 -0.185321791140052 -0.0958673921751453 -0.0513423397121404
0.0144223996242586 -0.144401441871629 -0.204435667083089 0.0509132843826399
0.0707099064632706 -0.108389701798406 -0.27961962108309 0.06760783134701
0.0815438603513854 -0.100918396015828 -0.325974632991263 -0.0607972395579944
0.220019994498614 -0.140795691722376 -0.224549959792297 -0.308642246033342
0.361964665312891 0.18729658910348 0.185675200705113 -0.394587921619864
0.000620732820235795 0.32665759447273 0.497634392169061 -0.06709658000632
0.110054344813797 0.366146066064906 0.544572547150251 0.566661747598591
-0.0418349323558052 0.616808237964169 -0.0642063746664734 0.819907792215137
0.223933079538993 0.814231631235598 -0.0760553386657786 -0.0370401890931002
0.506472402282773 0.354156345339697 -0.464899261811494 -0.0861419491764926
0.314756554658889 0.0183137715984846 -0.363122363003308 0.468672143822611
0.361655671611583 -0.0748120399510427 0.341013490036921 0.374325197722366
0.172507860986481 -0.345593479215781 0.32055242586421 -0.109331489606816
-0.0248211338359059 -0.211745891611188 0.0469983931938953 -0.201144273078196
0.0184416955111811 -0.149506511887564 -0.103494748026382 -0.122514867695576
0.0902934801090037 -0.157583061043051 -0.182809097290977 -0.00981318179533649
0.125816860762764 -0.140207885192614 -0.229577479066469 0.0270746934944962
0.139631306531365 -0.129449127418485 -0.268251950517805 -0.068015059900301
0.274840149771076 -0.132658247972366 -0.187173110757099 -0.250988702073937
0.354302782161804 0.181747152319373 0.064576361368388 -0.333658307307007
0.0874182812663201 0.271975061488534 0.362978760146799 -0.268501010388123
0.223228377753669 0.343860689687322 0.667690254198753 0.353106631780582
0.143526894656139 0.744848481705356 -0.00456044027802678 0.608045588078342
0.124119246611241 0.942670333352246 -0.0781243466688386 -0.358144760420082
0.501567532524487 0.510202614715966 -0.464045037081252 -0.279389433508275
0.37503480344892 0.0231930943933564 -0.527063484889947 0.277788237721401
0.284925473648879 -0.074719565233232 0.172248760523931 0.460644697770265
0.0938351924936703 -0.232777147223977 0.352611103016482 -0.0430405848782657
0.0276465276574011 -0.0704926748935942 0.08962193158174 -0.210611489002594
0.110858649554169 -0.087988076507251 -0.0646911555351548 -0.159517147975588
0.151330642233516 -0.146921370909196 -0.134348408469071 -0.0677519201504942
0.151345358720039 -0.14890230072017 -0.173156302335753 -0.0348850926580814
0.157623270942708 -0.139013398463704 -0.190436560382959 -0.123820163248218
0.256346060645417 -0.115199536477412 -0.0722294370682815 -0.223004443908989
0.254842051272127 0.113715690650454 0.0109421079303631 -0.180559067253586
0.170168493725705 0.11150093188627 0.171519285486943 -0.37631619708278
0.338972071305063 0.253126951578284 0.651880571183132 0.177228524644146
0.318846715587592 0.774439926006199 -0.0251057819090231 0.338794675614692
0.0617579740892439 0.893564971452558 0.0164923977673164 -0.639182815803374
0.451995017739657 0.457023786690378 -0.310913383842554 -0.464443536513067
0.273519072261856 -0.0136261371168215 -0.585767882162049 -0.0269172581821936
0.141674711735806 -0.0435369074629685 -0.0581968746562326 0.425000502388053
0.0125396954165429 -0.0758339426202958 0.286164817220691 0.075280797649006
0.0769465119246027 0.0566826681427975 0.145827948311486 -0.138952084607471
0.178372352964366 -0.024953359120008 0.0180360770097655 -0.160133658054694
0.189024309936896 -0.113494976052045 -0.0661026019463304 -0.117038853990326
0.15497426832424 -0.11909707314853 -0.126126868649471 -0.102128821289825
0.139810883865365 -0.0932624816406578 -0.127645024008882 -0.202659943622368
0.155107182096914 -0.0488478488304602 0.0574541939126962 -0.229080902563865
0.0780043321020326 0.00442102601764257 0.012047157467915 -0.029287021345139
0.205259802857334 -0.0608390611753776 0.0431426305204248 -0.383236110589836
0.401633835958343 0.102257661400357 0.506177191726176 0.0901113100630785
0.430163611246675 0.71898044916953 -0.114459198020762 0.0513907213400427
0.0958961145020399 0.670759599185278 0.148112099076586 -0.834933782882793
0.357043916628129 0.185171133984535 -0.0903547838349317 -0.627800933508718
0.0888712167960372 -0.0504769390071281 -0.570063891573825 -0.318735666775678
0.0030085265061782 -0.0171340075415296 -0.272278267509436 0.330680865310929
-0.0514746681165948 0.0648294597534065 0.179602634359478 0.20159939365186
0.111292047159131 0.131244588522338 0.205258928346154 -0.0298888759482138
0.200660300139462 0.0221858912266478 0.115236706116527 -0.141868008719299
0.201010837073963 -0.0628528385960715 0.00941201327571535 -0.148965627223887
0.154266498050055 -0.0467539827662905 -0.0897993185594837 -0.145399342661597
0.11852820710456 0.0142314564398186 -0.0896040511340984 -0.264451398693769
0.0105198720651806 0.0628329992334783 0.136239613819962 -0.240391577091377
-0.0956976816111582 -0.0822746567695296 0.0126217542015375 0.0471855822641498
0.1617911482969 -0.172131013705658 -0.00118366112687474 -0.333176695587976
0.414158893851126 -0.0465073530151023 0.291269946248283 0.0545073328533289
0.413453869355989 0.59916356407617 -0.218402460432003 -0.208009856923468
-0.246326713397847 -0.47073243573952 0.267269147187203 0.408466842153189
-0.382253846090886 0.0891345888706907 -0.100578316911082 -0.0128190145535455
-0.0624974882259278 0.23472374786465 0.00564989156453119 0.278087640268261
0.219306298579845 0.107361812032039 0.0417134960410809 -0.0739402535107825
0.13244879304004 -0.163711619944623 -0.140242959121908 0.2070601025195
-0.109308195264732 -0.160746678738176 0.0752826479512334 0.242836480824757
-0.1655496179164 -0.0469903049436383 0.0580102128045824 0.156031355762546
-0.178637688259817 0.00137376097360198 -0.0976816965795706 0.156109115665698
-0.161146801805412 -0.0360050919141482 -0.211661248827196 0.12689102572509
-0.113949969518439 -0.136160940096586 -0.263175584152331 -0.0514980356912429
0.0767409287449149 -0.17095328593246 -0.115808979088745 -0.287635773275184
0.124688282178489 0.0397536311405636 0.343275285633534 -0.284735955265141
0.00514169786794693 0.0819024676595408 0.592429914247961 0.401717933180049
-0.199681994742255 0.139315751631629 0.0253997369876944 0.771619322190271
-0.212113075285225 -0.306354898582682 -0.21210692297829 0.93828888905281
-0.0353858824671912 -0.204058438140212 0.2459977909893 0.489657652105088
-0.247600701797844 0.0295290345587814 -0.0775937953302299 0.0897937175437673
-0.0158281436069626 0.275152473126817 0.0404075966355237 0.319795250550996
0.336815867797108 0.0875438512532314 0.150869225765775 -0.0527334015052105
0.212108755887337 -0.278909227631493 -0.0844975686002324 0.121388817592788
-0.105937137012726 -0.27704283396116 0.0551824831311288 0.168265953559289
-0.163552236015929 -0.129742835172739 0.00515971190712997 0.11445045599421
-0.133199011099407 -0.058121406283932 -0.15772189446147 0.14102307369078
-0.0945194853213268 -0.0501646615593126 -0.278631636625759 0.107893933166167
-0.0737657071847431 -0.113120236449235 -0.31398761060788 -0.0894150140093622
0.100882033400336 -0.188231354775978 -0.12672723155555 -0.344859117334897
0.230812524047314 0.0932945390898431 0.360587194191355 -0.288175199072447
-0.0307629093994349 0.150996465398078 0.571363109081292 0.33098554374137
-0.0499238401473125 0.283637677589583 0.128591221273806 0.818435415954519
-0.233059963280282 0.0690507823156826 -0.220191893780745 0.980016356882983
0.166611925430591 0.150418649056116 0.147487992259436 0.440054017567662
0.0515457540680023 -0.00509185487789519 -0.190023799770966 0.124641907999046
0.0193056747488 0.183908831597307 -0.00907354212607013 0.439457199755897
0.392191335186282 0.0522952611827841 0.301104247248117 0.0419763376591206
0.241760074197768 -0.360632064862212 0.037195414924857 -0.00350168904607602
-0.0972350007988437 -0.336198455718746 0.0326965666223961 0.0371854175111413
-0.136803326720615 -0.179352778719772 -0.0529931342140752 0.037812855152806
-0.0655124941911198 -0.109450500127055 -0.193787331396818 0.104985353317392
-0.0102623236510136 -0.0740302182986114 -0.299090111620348 0.0942338204797086
-0.00193535164186471 -0.093334923119851 -0.340669600668109 -0.081370290334385
0.145331203101407 -0.165489482445279 -0.186807104894369 -0.346547899070694
0.312483144369075 0.143504960203214 0.300376627983001 -0.35447698398428
-0.0460720618503699 0.266372210813971 0.549761812899669 0.156713407946139
0.03581832959312 0.339866846777452 0.342188910406481 0.734883875357882
-0.171865920888107 0.387239147010979 -0.146912919561012 0.943591055963167
0.259480874575977 0.526156117049678 0.0163424543881755 0.253392682784413
0.361505360584462 0.123029767595849 -0.347180395667388 0.0638430516093284
0.151617909038871 0.0525102487465038 -0.158559061294254 0.512813235377793
0.387004025594481 -0.00868250779082341 0.382743360763793 0.207307217704597
0.220094219529093 -0.388924021003734 0.193596014940345 -0.0968410647302152
-0.069361876955584 -0.311161081427408 0.0245925553664243 -0.103854593190043
-0.0744572815422908 -0.183432379587081 -0.0969579048554704 -0.0499859483405045
0.0124845444079461 -0.144284633463715 -0.202508710109331 0.0530084849990863
0.069096582233566 -0.108589809109294 -0.277974915243064 0.0723196483517999
0.0806615868452119 -0.100522367158421 -0.325383661014602 -0.05774913031442
0.216233394378168 -0.14330133010406 -0.225630025262244 -0.304878253263272
0.363324033894165 0.180657604268875 0.177481299289583 -0.396066700254231
-0.00102832026824169 0.326355319607032 0.497310360664058 -0.0660773763100399
0.11458557639483 0.363716209723647 0.549852823164319 0.554462932645138
-0.0337076369639865 0.61542383021114 -0.0514760469116646 0.815529951775161
0.216803994384351 0.818897113238023 -0.0765600945705808 -0.0363866292838692
0.508329165007508 0.346461393340155 -0.463067620690651 -0.0803157049846559
0.314327831691769 0.0145104299737713 -0.356640907976063 0.471190140452279
0.359218558399395 -0.0796717763554581 0.342831951779557 0.367200420414106
0.165895522954379 -0.348942828543494 0.318008186873326 -0.113692250895821
-0.0278565012953939 -0.210171997564269 0.0444238746171648 -0.200881417723234
0.0166430763003569 -0.1488200861247 -0.104112839481297 -0.120786895142351
0.0873855323959578 -0.157098824997589 -0.182416651361468 -0.00698090587767597
0.123903266017076 -0.141277717172398 -0.227506343564309 0.0298284952116464
0.137118798391751 -0.131015281658411 -0.267108090316753 -0.0637599913602564
0.271677014935424 -0.13660103249305 -0.189703113688318 -0.247071666624443
0.35715827038693 0.17590151226585 0.059318930676331 -0.33380024449596
0.0911698760792922 0.270808933312937 0.358976089410989 -0.270864463324687
0.227320233686575 0.339363205254606 0.67138134782994 0.341458827294568
0.153707796255021 0.73647119654535 0.00296762118032943 0.604510473300036
0.0997639086810323 0.950283398309778 -0.0795669235338808 -0.35806858262222
0.505518006335489 0.500201113541317 -0.461961388457665 -0.272400716418563
0.373825521653007 0.0190077704975963 -0.523126774236742 0.281748375128224
0.279693932700914 -0.0873787866753639 0.178021791290614 0.458116845740555
0.0903639221694681 -0.233904673282972 0.350574451216012 -0.0497084274407495
0.025343059192212 -0.0709320525699583 0.0856726722181439 -0.211728261266678
0.111895052940697 -0.0877200196609622 -0.0657642237762946 -0.15830975105534
0.148290860957793 -0.148000290638248 -0.134484022280913 -0.0657324682248761
0.147296768780702 -0.150577335229433 -0.172859944423672 -0.0334259784648784
0.149567861816657 -0.145210526602249 -0.191677873305224 -0.118638128307754
0.253921228894931 -0.119620360764726 -0.0760481370019491 -0.219847187800591
0.25471558881963 0.110688261262262 0.00747352795057116 -0.180399074002846
0.168914648623657 0.110890046591176 0.166894370090365 -0.376974417567735
0.340539190346472 0.249001254052273 0.650420349258649 0.165920595622509
0.331919602139566 0.763372335639341 -0.019302578602058 0.336309453789043
0.035906033741487 0.901925731106669 0.00964593554906061 -0.636916835678167
0.456387319233987 0.448520617212093 -0.312836632821571 -0.457017232951835
0.271056354713458 -0.0179346648799584 -0.579752714076599 -0.0194115870137821
0.140373109338676 -0.0449542001359153 -0.0529513190414667 0.423605449227447
0.0104001939450772 -0.0757355786421242 0.284547361517859 0.0698522254617907
0.0770575319844534 0.0549908854721158 0.143844765134894 -0.140691641535186
0.177660464015278 -0.0273676138345784 0.0153171517389326 -0.159750760433519
0.186834893863706 -0.115739090100283 -0.0682563943914956 -0.114585324305342
0.152285579132194 -0.119796984056124 -0.126694774497666 -0.0985849085726869
0.138222732324441 -0.0957452799470924 -0.13005046913492 -0.199619619574298
0.153582491460819 -0.0510111069237819 0.0524560964113672 -0.229241918806603
0.0784715351346293 0.00351304836287139 0.0120596172794433 -0.0304769515639452
0.204135811298983 -0.0638948757752641 0.0374494594474588 -0.383211830177341
0.401451058858595 0.095954290551223 0.504454115806031 0.0827647861961317
0.436938911988686 0.712764898236912 -0.11276362811796 0.0531559909650874
0.0863941521159039 0.675730412562376 0.139055003190811 -0.832157836457929
0.356616020464581 0.179787522371885 -0.0954210184571837 -0.625142813075596
0.0887495697456086 -0.0515769509465418 -0.570951133592892 -0.309056683269895
0.00299941191441353 -0.0178637054412033 -0.262475018376224 0.334272996172085
-0.0513247135210117 0.065174100777905 0.182573295227647 0.197309869117751
0.113097648311282 0.127741849158704 0.203238754444914 -0.0323563956439555
0.200366849014231 0.020307817272576 0.115544310874042 -0.140860624151119
0.198721455437309 -0.0656736821333752 0.00815063994279726 -0.147744598015805
0.152779798202921 -0.049358513196694 -0.0910655233555847 -0.14430803499633
0.118130525284942 0.0104137879681445 -0.0994420126826825 -0.259513511378312
0.0110611380326084 0.0629869307906708 0.12917605950683 -0.243275671925772
-0.0962731962256077 -0.0806366661541392 0.0132806347111161 0.0466847038605549
0.153278152634577 -0.175544114949078 -0.00130543279579249 -0.332390814294698
0.410480056190808 -0.0545576924975313 0.29075643551865 0.0485719009624757
0.422164115396826 0.585741088633981 -0.219629128760919 -0.204987556725035
-0.250846310661341 -0.464642742296178 0.271221741380453 0.40573292002634
-0.37789062872317 0.0943173282464858 -0.0996677122653971 -0.0113807642212597
-0.0590666863276019 0.235634520002133 0.00938948025908293 0.27634137780149
0.219785986095125 0.102791387929106 0.0398971058014585 -0.0730819982930263
0.128757015086784 -0.164101042450792 -0.135577700956771 0.207584093248635
-0.111792656269635 -0.15793007267161 0.0790622519419868 0.240007504292611
-0.165749050491627 -0.0446789249536526 0.0595029951921294 0.154141981665016
-0.177417937966472 0.00371354817952018 -0.0947751617412528 0.156593199312438
-0.16041140516999 -0.0341878611243592 -0.209314267727802 0.128491699421634
-0.114457403745713 -0.13359471755335 -0.261334043891748 -0.0477138015586939
0.0729581509877657 -0.171054170663154 -0.119751164779269 -0.285034565835691
0.125221854566685 0.0384367200014833 0.339157482901264 -0.285657550159855
0.00543757112187024 0.0811371903614516 0.594765775216719 0.393384309177017
-0.1967103937193 0.140575749649439 0.0361313127783525 0.768145212122953
-0.215221407457013 -0.302294097760736 -0.200391267664243 0.936766605509774
-0.0363991017947823 -0.202682906721899 0.250254609297378 0.486707387242912
-0.245420489572791 0.0336066845731201 -0.0753163209648463 0.0891451367627329
-0.0121586410328185 0.274608368728544 0.0431476732136958 0.317209049268176
0.337709496884797 0.0764783099387823 0.14822193804885 -0.0539907179761238
0.207921683255027 -0.281652660484175 -0.0823117064517921 0.122118165880371
-0.111818937760331 -0.272736248066653 0.0576224255381599 0.166100611322313
-0.163917482272228 -0.127492035186427 0.00829376405694584 0.112881768705334
-0.133743098647621 -0.0549692797867554 -0.153939801576139 0.143808104063096
-0.0947214524378435 -0.0493035684117652 -0.276666061302341 0.111548744157004
-0.0752711475594098 -0.111695729702548 -0.313832752711201 -0.0873126968808139
0.0982529413618898 -0.18764053054396 -0.133402747223644 -0.338853239552283
0.230479846375117 0.0901365262823802 0.353132857055666 -0.291243126473807
-0.0303805640805754 0.151369546531743 0.571578917717695 0.322299681380027
-0.0455161364311268 0.28279924635898 0.136416244050334 0.813442159788688
-0.230715616580186 0.0730830366939158 -0.20717098300372 0.980707814434228
0.168433591411696 0.148117367779034 0.151854476881954 0.437580038678837
0.052263483916022 -0.00507335184801354 -0.18715997118517 0.126809934942562
0.0213150282969979 0.18247569992998 -0.00277343725799613 0.4368393883494
0.391333324773582 0.0453271606125555 0.298423558680531 0.0384156194544217
0.235501560764375 -0.363892078827023 0.0373547263862998 -0.00355391049341775
-0.101813056237288 -0.333900160204196 0.0330167577906813 0.0368900481493839
-0.138000991741608 -0.176044469773797 -0.0518129140058984 0.0383219862084873
-0.067028148253212 -0.106796233109691 -0.191321927201137 0.106970831364206
-0.0111160830748425 -0.0735177927852022 -0.297048746823176 0.0973835759678761
-0.00325025582520486 -0.0928998832713212 -0.339731787096226 -0.0761005176661914
0.14130566684716 -0.166768201640002 -0.189607881788439 -0.343076055117581
0.313156167823577 0.137904017832492 0.295255471947073 -0.354455619192431
-0.0431974680244582 0.266314727694497 0.54951744499843 0.150933295693288
0.0400388169241531 0.338305707402927 0.347980739694562 0.726729437600297
-0.16725815372881 0.389070395918023 -0.138236924288204 0.942975210857161
0.269474067305878 0.517014300453433 0.0194344620253197 0.251655712616627
0.361455340360285 0.117748011462416 -0.344521910646374 0.0668253661322347
0.151685456572145 0.050877901606975 -0.151579457140164 0.512411539645781
0.383877451137106 -0.0288243147234067 0.383057029694044 0.197835539855303
0.216290079208365 -0.389937612161222 0.192519831640827 -0.100260695408048
-0.0757119658250806 -0.308734402547199 0.0235966692100255 -0.104221550938841
-0.0738000101007179 -0.182867705847638 -0.0969927930087084 -0.047126578606777
0.011194740453351 -0.142825036924831 -0.200938260142755 0.0556267080193579
0.0677544298938434 -0.108542224019863 -0.275366223054718 0.0763093044028889
0.0763241356662813 -0.102784190733066 -0.32493470027239 -0.0557019223513308
0.21313792296676 -0.146771174035055 -0.228869220172625 -0.300854603256107
0.364532358811064 0.174269146576304 0.175052726723302 -0.396168947274549
0.00766663672961197 0.325367392203399 0.496464347882803 -0.0700298855044392
0.119923913547315 0.359921668767535 0.554322203456389 0.545197987578841
-0.0246647946662863 0.613763451677253 -0.0409289836469771 0.812361906265853
0.212486349744346 0.822312901872246 -0.0768248931712524 -0.0357462862536041
0.510241472000887 0.33879394893446 -0.461736214292428 -0.0752134007887664
0.312854847586938 0.0105525239608088 -0.348053189563888 0.472290054427025
0.356941220387425 -0.0838624552196765 0.346011220166816 0.361041025139625
0.159377896094295 -0.349508916367029 0.315779616498026 -0.117785529242389
-0.0317246662204996 -0.209335713562418 0.041335416091788 -0.199993521199229
0.0131957892691737 -0.148295374329158 -0.10639730471001 -0.119418332950546
0.0841949850277304 -0.157368942864995 -0.180343991831741 -0.00431879670132822
0.121685334554255 -0.14165454621713 -0.227240803261322 0.0334839275777365
0.135030518373587 -0.132986279372127 -0.267447040921352 -0.060120526804417
0.268775618022623 -0.140426561595107 -0.193315260645113 -0.243699663961685
0.357854636920109 0.17037036638318 0.0545356594856907 -0.332907402177577
0.0948367703995911 0.268201794492759 0.353773147783918 -0.276032532957406
0.229908949582166 0.336487729132808 0.671554493644303 0.331857590402983
0.161577023623637 0.73233531480678 0.00867138125328142 0.60128296667142
0.111509889452182 0.949887616919603 -0.081493686643158 -0.356766063274123
0.510676686022589 0.491454264901827 -0.464057085712927 -0.265959804463329
0.372767194914079 0.0161849869909105 -0.51663910144779 0.287365337112805
0.275635064429206 -0.0954883668869545 0.190499861786268 0.447276612219899
0.0874129738341981 -0.234298459273206 0.348186685636069 -0.0546171118214219
0.0234684438741876 -0.0719647271543588 0.0833231209011332 -0.210069862605638
0.108734148681492 -0.0902383989066116 -0.0648783279547002 -0.156649900565044
0.143840332680847 -0.149498317961846 -0.133945034086578 -0.0630143549624225
0.144340328127591 -0.151446172243462 -0.172418200408237 -0.030237548650641
0.149357355724473 -0.143314456245527 -0.194357528443998 -0.111939684924106
0.252659862088031 -0.120699930551872 -0.0800195001054124 -0.218095311777024
0.25543517074633 0.104661145489937 0.00394060551028683 -0.179542063169958
0.173432345265031 0.104915773371435 0.169335643795671 -0.376282667826897
0.342198115499608 0.24346819768108 0.648578387646082 0.156552099614233
0.339992003603359 0.754072042095409 -0.0170196327467057 0.335029069219156
0.0540459380251068 0.894061574457999 0.00502627179813597 -0.634549424158994
0.460252496537484 0.438033707004516 -0.316828601542264 -0.450037146988098
0.269617444423596 -0.0209328360831951 -0.578414983283309 -0.0117353314513849
0.14009157015796 -0.0467992281713197 -0.0461673977452728 0.42158201498073
0.00828419950379679 -0.0768232187153245 0.28378807042584 0.0652777061261797
0.0771315168491651 0.0532442430180968 0.14105183170087 -0.141684500499577
0.175667436102093 -0.0303137267286256 0.0131501899202599 -0.159461594117998
0.184795945316617 -0.117692707476393 -0.0689591936038763 -0.113117669213033
0.150246349161853 -0.12074844896058 -0.12754512410075 -0.0966041707309632
0.135908878413584 -0.0972923034240345 -0.133491525047017 -0.196198161561439
0.152178616848539 -0.0547254735735842 0.0488510221167964 -0.22943848127588
0.0782952028019946 0.00212954456002767 0.0108057151761511 -0.0316015500397322
0.202456826223317 -0.0658047153567959 0.031323737773654 -0.382374753618997
0.400322822589078 0.092233556071079 0.505091181255755 0.075485643871397
0.445127060871767 0.700615766913687 -0.111801359126915 0.0530697927679412
0.0898582151416089 0.670884786055137 0.134779111227896 -0.832202101077927
0.358166434958404 0.175453160777588 -0.102758052367719 -0.620634459152886
0.0885603878651859 -0.0516082177475931 -0.571274287246541 -0.29786000141683
0.00296317485738458 -0.0174567110801913 -0.251680730742318 0.338784912774856
-0.0502897751519195 0.0648472462373829 0.184403892412159 0.191598599105433
0.113948689630321 0.123570913115707 0.203244955298581 -0.0340782446550969
0.19858086195053 0.0145038553663729 0.115831950676929 -0.140596276447285
0.196318281616158 -0.0689450007957367 0.00637138455028973 -0.147629701419876
0.151466990677614 -0.051247245662265 -0.0936557795553562 -0.141524382987951
0.117907566159931 0.0112192949326777 -0.103858970531894 -0.255077050212866
0.0116598994791312 0.0615831795525335 0.124551149660711 -0.244631963768146
-0.0968563197719002 -0.0784140508971742 0.0139049340405093 0.0464270855645246
0.145872517335368 -0.179514852374659 -0.00947802117480718 -0.331247270993252
0.407089593375512 -0.0601518883750192 0.289613799939829 0.0443496954501153
0.427480545659215 0.580171463667051 -0.221447385441992 -0.202326081725231
-0.255021967913361 -0.458155873301414 0.274442383899592 0.398510351947499
-0.374681379143249 0.0979637358908998 -0.0992808150210734 -0.0100999073553985
-0.0554294572409108 0.234172022670678 0.0126349596320961 0.274761373262437
0.220662024287554 0.0987214221071516 0.0383476013473006 -0.0729611763229128
0.126594431168153 -0.16661337873023 -0.131818214005538 0.208662051220099
-0.113396583367894 -0.155443454346386 0.0831550803617531 0.237200088861456
-0.165123896469883 -0.042483864070239 0.0621955998279241 0.151208029986793
-0.176593659747078 0.00644414513449967 -0.0909634711254586 0.157809121051456
-0.160003852230642 -0.0320548469219383 -0.206581891496455 0.130608064957168
-0.115295438142506 -0.131987340717704 -0.261014224242474 -0.0436163060594198
0.0697484601309797 -0.170653810031412 -0.122250274399502 -0.281016342787148
0.123638866061498 0.0369355071074451 0.333295503850859 -0.289339531463595
0.00500354275626907 0.0803914542624189 0.595764194023275 0.385822714794112
-0.192842536085566 0.140539373008317 0.0424316568384161 0.764032950808388
-0.2168092447757 -0.297255818425733 -0.188859541550773 0.933060640809675
-0.0401130102805862 -0.1985212654853 0.252780969888518 0.482202927757891
-0.242687647775044 0.0376191922189463 -0.0741766901061235 0.0903712275154692
-0.00986036474558802 0.272177485031921 0.0466579039212972 0.315398195380097
0.337026786910034 0.0751698754545943 0.146153027509487 -0.0550474663445609
0.201122219448566 -0.283159619237553 -0.0792256669708022 0.123234273638908
-0.115526114636305 -0.269791667096868 0.0609112288685465 0.164261510340093
-0.16534297225768 -0.123677897135217 0.00950944727678874 0.112467760171015
-0.133312567031825 -0.0532730525010506 -0.152197407752253 0.145119158232808
-0.0944289249522386 -0.0470931307033966 -0.273313018486817 0.113304580625529
-0.0758573976862405 -0.110674963612282 -0.312726074762484 -0.0822593535429242
0.0945557801067689 -0.187727427612499 -0.137106926587253 -0.334046475012516
0.230583168360242 0.0879636914936075 0.348935243358244 -0.292254959149924
-0.0283999416351439 0.15071099242762 0.572682034666175 0.313503662386662
-0.0401402019081642 0.280560371837773 0.146743148938708 0.805085256166339
-0.228759454980914 0.0755128692702344 -0.194677944485754 0.977486215793325
0.166251710655671 0.149136570821695 0.152262543735036 0.435603893529953
0.0520636359586716 -0.00539712730808117 -0.18503355237262 0.127253068333741
0.0247148808868654 0.181425817675456 0.00188081216644358 0.434715902088043
0.390521090907601 0.0392771392156876 0.29669854132913 0.0338334439575119
0.228902864595818 -0.366483020891299 0.0372724301370833 -0.00349364639389458
-0.107911575526758 -0.328480323699112 0.0338736597216866 0.0361983960960878
-0.139857355769671 -0.172989068335276 -0.0508667291216376 0.0386441202850347
-0.0673882672776374 -0.10481448653726 -0.188789525027027 0.108795417909153
-0.0111817690561572 -0.0726348232322076 -0.294245279382066 0.100430899147711
-0.00452274625854338 -0.0922384849815338 -0.33824644292003 -0.0709618248636958
0.138300280605891 -0.168079188227292 -0.193486463723636 -0.3366756908609
0.313480862226499 0.132683017229205 0.288836098169205 -0.356664087414181
-0.0391730093717783 0.265338765520003 0.547303018263425 0.144392334024311
0.0437803452035259 0.336277354306479 0.354515241044064 0.718939843332226
-0.162295348636174 0.389292028308557 -0.126231815685189 0.936691716363556
0.265442130095643 0.516913759597713 0.0230147814326343 0.249829156876072
0.360768482466103 0.112507627460326 -0.340718425244294 0.0690067640273601
0.151129628042155 0.0489528607232741 -0.144705617445056 0.512794309574786
0.382357155917948 -0.0346788876295117 0.383960360792543 0.192689424523304
0.211851245713004 -0.389831836059598 0.190277204176474 -0.101635166746784
-0.0817237588055093 -0.305738900601952 0.0223363045316135 -0.103699076155125
-0.0773021341215245 -0.17911541222863 -0.0972323567829285 -0.0465463966022461
0.00782864081618331 -0.142111773900591 -0.199554625307203 0.0576502596525792
0.0659074693202949 -0.108800083745445 -0.273146338709415 0.079108225644241
0.0735846331558028 -0.103981172190113 -0.323166764188125 -0.0488573923918417
0.209676241955228 -0.14981353650378 -0.232721661740547 -0.294720111379756
0.365625130755061 0.168016817965885 0.167686124945333 -0.396012291266157
0.0171309314411722 0.324236579074298 0.489266901211933 -0.0814278341327828
0.124005926764009 0.358417517734274 0.55651894717958 0.535905480836478
-0.0180259596128879 0.609975853083061 -0.0329247471768307 0.809547496858833
0.236190709510798 0.803746127156999 -0.0765843712608128 -0.0339152915407648
0.511170352838006 0.331014876770833 -0.459284382204892 -0.0698203323242774
0.311984106540552 0.00769852570976425 -0.342024681490426 0.474640082862417
0.35448403424318 -0.0884567826006744 0.348253896169545 0.355229024690374
0.155106917681401 -0.35028069961563 0.31158220575556 -0.120721916368436
-0.0349067497784398 -0.207751082084417 0.0383147298566114 -0.199194404600433
0.0114146143531754 -0.14702622379808 -0.106774212263323 -0.11719621590738
0.0816112108699108 -0.157874394931245 -0.179498701906061 -0.00151596092749293
0.117811279171724 -0.141490864584892 -0.225255907352507 0.0363573376605333
0.131255480499721 -0.134074114465208 -0.267899983963884 -0.0559339289146433
0.264235377467629 -0.142947277823487 -0.194369268618915 -0.23921136043815
0.357744798602041 0.163936435872381 0.050635554164159 -0.331771710393623
0.0977880056612948 0.266083079866405 0.348646223130718 -0.277042891237193
0.234150726625657 0.333737840739847 0.670565780848349 0.321637052221049
0.166789756664713 0.728197227585858 0.0170692577677792 0.597496489865591
0.150124007183844 0.925172048011753 -0.0861918285037962 -0.352568377041946
0.512208415085581 0.484890028744518 -0.463898542172048 -0.257269836602672
0.370713502053361 0.010901049690491 -0.509040746395273 0.291655950306935
0.277898798536351 -0.0879384340303457 0.191926620749406 0.442646447483471
0.0808290650084723 -0.234869998515763 0.345530272765605 -0.0591995729062015
0.0234794088885263 -0.0715430794065275 0.081783611050891 -0.209979726916475
0.102730273165131 -0.0918490951331612 -0.0688332861497303 -0.154911296741454
0.141344335739446 -0.150611820964772 -0.134828890951136 -0.0612750116460907
0.143133617374272 -0.151371703566763 -0.172029403029778 -0.0267193003676435
0.151177097300585 -0.142818187868075 -0.194398101387408 -0.109807171842487
0.249216319836934 -0.123936127737453 -0.0818065329038591 -0.216203171507652
0.256453879343713 0.0995325842151723 0.00269312756496041 -0.180019638941531
0.177375012914066 0.10044359652459 0.162133837169076 -0.375452251542718
0.344137719632147 0.236495469492853 0.649528241227213 0.149465275833049
0.343802872135475 0.753111360555716 -0.0131678994889712 0.334216697338113
0.0975342949880157 0.872969213468482 -0.00608838977841395 -0.630085005195331
0.461818613071122 0.431773060352571 -0.319713856339554 -0.445034330937938
0.267616429013778 -0.0236171748310228 -0.575869918659178 -0.00570138701110878
0.138731822751932 -0.0470204872591955 -0.0408395051774382 0.421719602398696
0.00778798800844269 -0.0749544654156771 0.28425302890164 0.061047488052426
0.077562379332419 0.0518750217927571 0.137726182979992 -0.142380519407885
0.174828831527422 -0.0313837098814689 0.0101252612281711 -0.159068800485271
0.182296151585061 -0.118739105600286 -0.0697062983069254 -0.110773331380889
0.147510381175882 -0.1222265230259 -0.128763132835777 -0.0943062715392286
0.133914904417848 -0.0996259331181869 -0.135119782149017 -0.193854772497627
0.149953940520141 -0.056267297302932 0.045554963638872 -0.228634173325775
0.0791250156498213 0.000839313664475338 0.0104682338703634 -0.0308361504870757
0.201049598713802 -0.0675703335806469 0.0259140436646239 -0.380765026130419
0.399179510958246 0.0859351614982464 0.502676820075506 0.0691275839075027
0.449211360537683 0.693151098545339 -0.111142234819235 0.0541149476194359
0.116235635490762 0.658141590141461 0.123066466256788 -0.828187199753232
0.355212872631931 0.169953049971895 -0.110346574416493 -0.614647943360157
0.0861759495694706 -0.0517838644472486 -0.57129599736538 -0.289483916725514
0.00260143336734939 -0.0171143049218562 -0.248523270369029 0.337682454115233
-0.0494704268034636 0.065890643199129 0.18515637647441 0.189993061607524
0.11485987765763 0.122812260997092 0.201522890049295 -0.0361690338624316
0.196463402665436 0.0112139304400935 0.11028004494222 -0.142806697304948
0.194109740236399 -0.0704376350230217 0.00315837798522335 -0.146297405056282
0.150672039563166 -0.0521605873474295 -0.0961292759931842 -0.137986781573835
0.117690535730458 0.0097350683134262 -0.102240152285912 -0.255904067480356
0.0131509436613254 0.0605549790201734 0.122150125955242 -0.243152227100844
-0.0982840290443542 -0.0766455055220189 0.0146405562705395 0.0444146991355056
0.148215774148129 -0.177826834935345 -0.0183174314965489 -0.327543746638201
0.404963256043858 -0.0618555870383104 0.289519446793615 0.0415421284640791
0.427992167479818 0.576082731689667 -0.222366373663316 -0.200226324990573
-0.25846408400932 -0.451611432487595 0.2778353813674 0.395974504728699
-0.370252053652779 0.102389071231366 -0.0987170610942615 -0.0093822408537431
-0.0521640240949648 0.234277323368882 0.0158667829451365 0.273335314601872
0.22041335067271 0.095408903634244 0.036606711061432 -0.0720812900229716
0.12377606761431 -0.166519804313519 -0.128279497135579 0.209988432033114
-0.114205769556033 -0.152624255866013 0.086279249499087 0.234414114109158
-0.165036175719977 -0.0408158002619375 0.0641171030438032 0.149336661147521
-0.175389798162897 0.00816686770311942 -0.0896481048489031 0.157444867455846
-0.159696304923029 -0.0309042635598103 -0.203139498402345 0.131963102795204
-0.116297764253143 -0.129434212431681 -0.26043525050266 -0.0404269125355659
0.0678218250532267 -0.170720462570536 -0.124598312553044 -0.277632556440582
0.123520111619699 0.0358296995362486 0.328895018772793 -0.290165921207388
0.00667025824751803 0.0794355909722007 0.597718589671249 0.378932709640517
-0.190110639206245 0.142527388675091 0.0484435198207239 0.759200097198758
-0.218869833266377 -0.293136669875705 -0.177813768873799 0.934167198595861
-0.0426733044276614 -0.196938214277402 0.258381163302588 0.476167217602787
-0.240816818965769 0.0396786565477186 -0.0716327061229495 0.0892589434484275
-0.00372785567903707 0.271531758198011 0.0505783419264391 0.31306996113801
0.335180013955633 0.075918103076463 0.144594108674517 -0.0563262203714165
0.196530451849204 -0.28578404127046 -0.0762917300091406 0.123666169375413
-0.117224336956889 -0.266998702668567 0.0625534385371907 0.163535977892399
-0.166063466143845 -0.119659514648138 0.010538995929086 0.110962057172517
-0.133650542640341 -0.0507627739041528 -0.15024315187074 0.144743859949348
-0.0940179562855874 -0.0461754267810357 -0.269494372263738 0.115957962151496
-0.0761335411804676 -0.109225190631844 -0.311144015378787 -0.0759135941033716
0.0913646114733795 -0.188168815557576 -0.136117975297166 -0.331770754601778
0.231002820952642 0.0844263907254055 0.345687993841458 -0.294424507764919
-0.0255322308551311 0.150599182397374 0.574413252806981 0.304819552825316
-0.0379150714221113 0.280417569630316 0.151544574803952 0.80089483930719
-0.226766555795888 0.0784713983595153 -0.186315405307433 0.974277105984205
0.167270897231811 0.147109817904517 0.158356648717448 0.430363767764152
0.0528441766454195 -0.00485193085117387 -0.182316582061447 0.128351504525737
0.0266820612178817 0.180560603563816 0.007315479862505 0.433037221670736
0.389397849172728 0.0327462634072697 0.295297128145892 0.0312899652724141
0.225297891407049 -0.366391151908138 0.0380333058477115 -0.00407424774368202
-0.111199307962896 -0.32540970332173 0.0346645914897515 0.0358946302466022
-0.141977522492595 -0.170112952728398 -0.0497451678829125 0.0387006608995079
-0.0684760646148837 -0.103441955027182 -0.186226178098936 0.110847163023349
-0.011745613457659 -0.0719145711742024 -0.291234690071134 0.103552261018158
-0.00461143644355641 -0.0919465938041857 -0.33742730270195 -0.0669655749291579
0.136124671435749 -0.169354479497147 -0.196613012189115 -0.333545728164477
0.313944456990254 0.128583226615291 0.282648262781853 -0.358889917672788
-0.0363836784932058 0.264500728855248 0.546491610085554 0.136086524755261
0.0489524167126391 0.333586090100558 0.357891112260627 0.712183293350011
-0.156379706495189 0.389381234107478 -0.116975390648278 0.934308877503887
0.264338990633394 0.516680198810347 0.0249508791655001 0.247189757135939
0.360857365423141 0.109170915894619 -0.337769306723044 0.0729548743792898
0.152573745154453 0.0475989668734852 -0.139208110890169 0.510832767720289
0.382775034486421 -0.0256471563789841 0.381789572442472 0.18957139493491
0.202281415209858 -0.393406310628297 0.188069874997697 -0.103252650050684
-0.0857558427037663 -0.302976467355803 0.0210333205589816 -0.103255933979747
-0.08292096172334 -0.176190847996931 -0.0976812676406815 -0.0460065471577079
0.00628764307313708 -0.140600060906299 -0.196901480782889 0.0607788682694697
0.0645517827741677 -0.10825471985999 -0.270348572685318 0.0824348138411057
0.07445695262515 -0.10218580841783 -0.322367924753077 -0.0424946393713653
0.206625705192236 -0.150332013942833 -0.235349554366042 -0.289424029399984
0.364440230241335 0.163257234005268 0.159615184557292 -0.396157556208018
0.0166532813283461 0.322656411609946 0.486684700581554 -0.0854719251701754
0.126301528619416 0.354766924897955 0.558839049573116 0.528371988871521
-0.0126643161487235 0.607470273000137 -0.025849787531768 0.805300649336005
0.254881574739668 0.787744123150652 -0.0767128533748364 -0.0324460676772778
0.512499420016304 0.323410279726152 -0.457788320827667 -0.065411320025903
0.309949474252493 0.00418955634682442 -0.333404091110503 0.474311323912552
0.351348253071488 -0.0927291129547136 0.349600561385978 0.34918001913541
0.148557387505788 -0.351019603941958 0.308276516233572 -0.124621046711898
-0.037350628227182 -0.206325499068429 0.0361962628206939 -0.198821862934889
0.00944940571829351 -0.145013724859291 -0.107609412738506 -0.11532584323105
0.0795980055525289 -0.157337905990804 -0.178846603359451 0.000278144122627238
0.116662865690577 -0.142623611458932 -0.223077005059116 0.0390809651708777
0.129225466997461 -0.13479689206334 -0.266360588793059 -0.0519822429549989
0.261206983157422 -0.146530693975828 -0.197886927108068 -0.235684626302366
0.357841414091505 0.158292785617311 0.0466600982100555 -0.330466044162652
0.10161241926041 0.264529542337868 0.344978593725212 -0.277732364030443
0.235739193236607 0.328988047746034 0.670089099229304 0.313558141856063
0.173520738404784 0.724292196896608 0.021289552783514 0.593115527355303
0.163151510048839 0.918008133779139 -0.0926688428215749 -0.348085161077443
0.515616366113793 0.474794249180894 -0.462509656784047 -0.251447915095908
0.368451070044813 0.00681322691866587 -0.504056801747294 0.294826764117558
0.278257044800388 -0.086958636308445 0.190306248153308 0.444799379437036
0.0774728341118045 -0.235497107348268 0.343154567233182 -0.0633899693293397
0.0225682209710513 -0.0714622924356018 0.077151759503375 -0.210023549541802
0.103104268175003 -0.0911212340212835 -0.0720820589778379 -0.152511414753462
0.139903182826982 -0.150172823764588 -0.135887818378013 -0.0590983758568682
0.140207340669725 -0.151756924296793 -0.170977691585207 -0.0243554703050479
0.144980653307961 -0.146097260654161 -0.194069466682408 -0.110190810290253
0.243572517445954 -0.129173260751061 -0.0848807561629087 -0.214378409786438
0.257436674086925 0.0966270900109417 0.000301364953544089 -0.179593859258107
0.173700623249725 0.102723872683508 0.150177508829427 -0.37631944893605
0.344163504367088 0.233516478524008 0.645963341301719 0.143749892499716
0.348148877035109 0.741305829320923 -0.00948573699928324 0.330878617047612
0.0990344761479257 0.8725207265767 -0.0144463814536212 -0.626401326405393
0.464146801911515 0.423427911088518 -0.321826665663186 -0.437703059833489
0.266573878931944 -0.0254937597541327 -0.573340917008527 -0.000162409131800892
0.138408138458944 -0.0489051585261453 -0.0369278039378684 0.419646868266669
0.00685515910984056 -0.0761622841361929 0.281610130991699 0.0566104732159609
0.0772900458623982 0.049960441317836 0.136206241038784 -0.144000819114938
0.173375437788108 -0.0335937540991075 0.00892700880882982 -0.157127544221147
0.179488731596403 -0.121106284753261 -0.0704689021072398 -0.110306043235993
0.145542788767022 -0.122139817413001 -0.128784248379883 -0.0903889903565899
0.131012241490921 -0.100017624757149 -0.136948810252459 -0.190610965846698
0.148739322567274 -0.0587270322469324 0.041795544097417 -0.229518612985082
0.0784179292986016 -0.000892321997679012 0.0110458084314178 -0.031946900488972
0.199710141210175 -0.0696467189575593 0.0228971074098417 -0.377834425566043
0.398211470989853 0.0832332028914193 0.499753262846713 0.0626938700319019
0.453857935973662 0.684584970464062 -0.109896207946624 0.0546516008576201
0.123600387841288 0.652754546684237 0.111509594151251 -0.823128768180352
0.35749744170366 0.163084999002976 -0.116717304080153 -0.610524028250184
0.0850795026683207 -0.0524112107210555 -0.572222327095548 -0.285355396765087
0.00297699755926051 -0.0169784479107231 -0.248475975840966 0.337912390414666
-0.0480922070030699 0.0659037275713966 0.185735431024618 0.186334914687647
0.114812180192981 0.121488481603702 0.199618575096104 -0.0405174623917938
0.197702914781663 0.0117690857957871 0.104876648703285 -0.14546698750905
0.193132180022887 -0.0720073770934459 0.00156576197281175 -0.145409332596568
0.148433642952109 -0.0530951003884086 -0.0957151433292778 -0.136593400241699
0.116111644445502 0.00550939782184091 -0.104234053487607 -0.252553794718414
0.0139336747945518 0.0603996848256258 0.118349309490233 -0.243918619015466
-0.0972740948005606 -0.0762370453483747 0.0142546874341062 0.0436438261026972
0.149591346873453 -0.177384511457236 -0.0155679738336985 -0.327516905019442
0.402250974319967 -0.0658576647152019 0.287792700716532 0.0379267213062545
0.432944011888443 0.566113621145129 -0.223065574530014 -0.195741334618804
-0.346874526468149 -0.392076013623014 0.350114953768287 0.330042147323291
-0.34132524101466 0.175330319588486 -0.101716616125358 0.0120706274695606
-0.00367025258287155 0.240467761581354 0.0705547383204922 0.265042335301011
0.234435903276404 0.0492686016570025 0.0222821098487336 -0.0773029548056171
0.0900858967617704 -0.188184369901429 -0.0815284657067427 0.229443328272123
-0.141802593270206 -0.127523362925369 0.129885034300028 0.210822995136982
-0.169572609887559 -0.00820403162821862 0.0911067478506409 0.132836066385384
-0.171081584047024 0.0429330730945896 -0.0566483476213801 0.171287072632373
-0.162643425367378 0.00124308312200964 -0.170234949802141 0.16873846403643
-0.137971114827394 -0.103015815439637 -0.260055949163043 0.0120084210670592
0.0322330229303578 -0.178630766224661 -0.175956830687658 -0.242145103276956
0.129442677685494 0.0108045989504295 0.259578991177375 -0.346810643733578
0.021915823123992 0.0784197895084205 0.652652327781656 0.248215422042465
-0.158077073775712 0.175917430097358 0.195940890659828 0.730045236761855
-0.273909014965012 -0.238796972101295 0.00736280187684059 0.943149613517653
-0.0829388316505409 -0.186612056924607 0.350251611452629 0.414781462534028
-0.227247907052929 0.0872083276202524 -0.0546637383578278 0.103287342811968
0.0519715657380807 0.267760405998978 0.11242210698915 0.296709025284206
0.343940724973789 3.05873317796219E-05 0.130885906887503 -0.0846721179848016
0.138385034581287 -0.318223134846325 -0.049582371718084 0.135999056127561
-0.164509820650535 -0.239617756106143 0.0930444511084745 0.146486612791993
-0.18740260400661 -0.0861369936850698 0.0318123592828373 0.105075743391188
-0.140283852170885 -0.0250006783607445 -0.117289992209156 0.171519594865624
-0.101210564587404 -0.0262387726599542 -0.236344439622803 0.167513952287884
-0.095965631628478 -0.0904383998702938 -0.31704220778724 -0.0121222944074677
0.0527278028706586 -0.200901603069874 -0.200356061929343 -0.293662155377051
0.242443449008679 0.036709302055836 0.273125529591104 -0.354238811877453
0.00481390778506059 0.153826345090592 0.615963313187627 0.187824908348444
0.0159274925351165 0.280790580958722 0.304325238030182 0.753522129984951
-0.210351616755716 0.119735018141161 0.0106624319728066 0.985544417974734
0.19416791801675 0.107261178732824 0.246587182048502 0.390109277260806
0.0508886175743033 -0.0154409496561669 -0.152113225666857 0.161834294916644
0.0637981806526003 0.171717007130043 0.0947883242889248 0.421618096913133
0.389571617048621 -0.0463821960918513 0.296260564666902 -0.0285495271902789
0.147237175900253 -0.404888464261844 0.0365377614515897 -0.0115119199451831
-0.1710632322635 -0.298262240666027 0.0416182534504568 0.0272056697450433
-0.171841008013179 -0.140218406347848 -0.0407230355772747 0.0465280256695062
-0.0865627031228964 -0.0876268018044204 -0.159843424579499 0.144760357275034
-0.0254535691770493 -0.0678563443477372 -0.260600995169886 0.158057650232632
-0.0234959275988398 -0.0876067202418938 -0.340039051108345 0.00208988547794015
0.0983452359104678 -0.190685235263396 -0.257233331884498 -0.282280891065658
0.331805339361706 0.0636595663324414 0.203253439273724 -0.403256009123139
0.0185933897504051 0.266119465828772 0.557115122003701 0.0266807124311432
0.110281128345109 0.31608471724963 0.488365563429693 0.621903573018267
-0.0817536890861683 0.407544224753824 0.0704742279238902 0.934324126484204
0.372076484482749 0.444332788418969 0.0780343747560646 0.242913670387424
0.376642532464387 0.0339544310762858 -0.312382808126618 0.139824708764882
0.159499576428891 0.0171405403494486 -0.0316607793712209 0.525527136923093
0.370909875020867 -0.105570205871519 0.412176743026385 0.107534016687171
0.119093518981252 -0.424949398945275 0.162607802040062 -0.137899872939636
-0.138315548884523 -0.283404394852075 0.00139453400718303 -0.105190169150745
-0.113351007425448 -0.157964586822175 -0.103690595729987 -0.0254150271735405
-0.0201680443224549 -0.139122569629053 -0.17927006135056 0.0980923248185575
0.0423459651659789 -0.118499527755536 -0.2448583360789 0.134495704209924
0.0518388064200083 -0.113755884935485 -0.320458129410975 0.0207071047411739
0.170176886582602 -0.187930893880895 -0.285031822133116 -0.232600578952943
0.389598321540328 0.0857669122063629 0.077086818078296 -0.416408049090002
0.0777822238962265 0.313650019733709 0.458087468985989 -0.173004637955901
0.19156624503278 0.321781775676178 0.64640229775527 0.403024608316578
0.101092075155411 0.589927316813534 0.129666480434778 0.793315304372391
0.395769975912036 0.739350703778498 -0.0780730504178917 -0.0115531481471766
0.568466433095685 0.214651011325977 -0.455678360750085 0.0307979561557126
0.305420644156083 -0.0567777033325274 -0.227131715666409 0.530246865295415
0.328150367724595 -0.164150995459401 0.412416011788127 0.270684011518513
0.0757096075889932 -0.373574236011769 0.275751663577865 -0.182715752037494
-0.0744164599146101 -0.196156674763807 -0.00279799066622116 -0.200622027167534
-0.0184985331064808 -0.145100080615836 -0.127960885121356 -0.0913959815384828
0.0478232355229674 -0.169047939781259 -0.174365393107055 0.0353586929364444
0.0856457543781815 -0.162622907821221 -0.207198271961421 0.0831412752910336
0.0978232639051867 -0.15651129179996 -0.267971836191586 0.00238358290242669
0.222798194439912 -0.194782064817519 -0.237766340691963 -0.187106181568581
0.382359793796637 0.0824780890679742 -0.0214009222511873 -0.330568017025616
0.153467672911845 0.236439786912403 0.277394350536772 -0.337349643613228
0.292802868514807 0.275697431239774 0.714406864305062 0.172898957248783
0.305797869685929 0.663927652586514 0.135587824122301 0.579448943875745
0.315811856038048 0.891425980399222 -0.156889286905421 -0.317020330194197
0.600588689736192 0.363400665710822 -0.499446986650254 -0.151400723436968
0.363020562960633 -0.0650755393605249 -0.432179984543318 0.388858375018148
0.249834086023694 -0.15156221441428 0.276239624626116 0.393463082559091
0.0301408308384837 -0.246670958776534 0.320400244787576 -0.130991323781549
0.00838594183118126 -0.0752505095432262 0.0344658863782649 -0.219716475872506
0.0870603485383361 -0.108195173932041 -0.0990097229092235 -0.135309220574281
0.109183196253875 -0.173350638689014 -0.14348280598975 -0.03100997982429
0.105256546839809 -0.176128028876423 -0.169310468756195 0.0100806714649563
0.105496031541455 -0.172117896701188 -0.209463720187737 -0.0650142048600335
0.211305898462148 -0.172799929547743 -0.125101081150474 -0.189013997970201
0.26950195836127 0.0437424030575277 -0.0361303966411527 -0.173885400274596
0.190920007780525 0.0667991357064709 0.0741708043036842 -0.393962910969311
0.378758301155452 0.164326648420551 0.65597776195355 0.00851199278632238
0.481705679354839 0.646471829285037 0.0536649195884183 0.329385214864133
0.243056929148748 0.858118374592003 -0.13374711777234 -0.606299369998954
0.539004620361853 0.323760832221865 -0.399490900266837 -0.362531165516421
0.255342004555406 -0.076753485449502 -0.557446715715773 0.114487120686285
0.127729406473915 -0.0760319166070623 0.0490864591912079 0.416879472559479
-0.00937638684686534 -0.07664911991379 0.285540545938619 -0.00156307733114409
0.0864810621610642 0.0338950702716069 0.104768166756254 -0.165931937800021
0.16409851822601 -0.0663824364344979 -0.0224413322960526 -0.155363866105508
0.152412745825813 -0.152347644108661 -0.0907939230710647 -0.0932075440944442
0.117288660694876 -0.148892807691655 -0.143098908967774 -0.0620652439564431
0.107225388194738 -0.123761651008829 -0.172140727257036 -0.156238994807675
0.132635445142103 -0.0844899333327007 -0.00732404573291458 -0.229362293982842
0.0761981850591007 -0.016465581815685 0.0040413748463624 -0.0336251756775066
0.180957043523425 -0.108015885025632 -0.0526679327712519 -0.371102861958064
0.40256665261714 0.00465472269793073 0.500055155072796 -0.0359829215839613
0.573171708791909 0.571824197828351 -0.0976595712087595 0.0796740265884376
0.239339868593144 0.631201126563973 -0.0548130323428119 -0.82477511987265
0.381904520849434 0.0895875156346474 -0.23032565815188 -0.576106491580539
0.0723755638502688 -0.0672311270136486 -0.614949819405528 -0.16512289237613
0.00161057486271716 -0.0184566990476736 -0.173164045747794 0.381309008359203
-0.0351113035714745 0.0739003873860665 0.217678861450561 0.142871883279097
0.136430168229386 0.0960917656408147 0.186748379662444 -0.0774736086271031
0.19765875174678 -0.0247977531679792 0.0787784539944165 -0.16012377929904
0.174527491882334 -0.107146992756964 -0.0253620293172049 -0.142050122026812
0.134586462313812 -0.081663773982788 -0.119177627921895 -0.112711673329319
0.113325192120655 -0.0178803072671673 -0.157811460944424 -0.218807012967017
0.0250823583004731 0.0558445662208117 0.062422103847807 -0.260487188270366
-0.109603641686239 -0.0549504030596158 0.0231933429223478 0.0388691124825495
0.105382106927571 -0.203320562413229 -0.0770654262798294 -0.31556342763265
0.374646387942376 -0.144903646530126 0.288786423947795 -0.0211417702939681
0.531580631811673 0.455417092617225 -0.256955460391794 -0.142614860519991
-0.349054248613973 -0.387519117381728 0.350281283274952 0.326709213709051
-0.337895097206592 0.175943568168552 -0.101627352566924 0.0133504765133165
-0.000991794906652664 0.238944429354564 0.0724692174481602 0.263395696294673
0.233207197175276 0.0455179995837755 0.0204154502370145 -0.0766544906102357
0.0869434097683337 -0.188167253999567 -0.0773379587450143 0.22897235734794
-0.142199179921709 -0.125341668769701 0.131801690447778 0.208148423931986
-0.169063859441726 -0.00605025444343162 0.0932366572180452 0.130305018768167
-0.168738990791091 0.0438967124807678 -0.0536422658960838 0.170707835846272
-0.161089089116708 0.00339997249117606 -0.167630918391376 0.169558134379906
-0.138688630906867 -0.101432927719609 -0.258494603451273 0.0149242109835825
0.030095603952949 -0.178004962815866 -0.177826175728061 -0.240176143929683
0.128197397727364 0.0109083843909973 0.254894477682412 -0.34699487889433
0.0214739062023926 0.0780690365120072 0.652278138422062 0.240787361807033
-0.155213270681292 0.17721271281241 0.201230921502728 0.723161664906552
-0.275789140081106 -0.234596704970246 0.0144202330756717 0.937075982377972
-0.0834349854440719 -0.183759857994359 0.351444055304165 0.409072762615577
-0.223604822816434 0.0898753109541509 -0.0531586857653032 0.102384849012183
0.0538248170670362 0.265596793313221 0.114300833604758 0.29421873823273
0.341388510987289 -0.00892108054945241 0.12843753370299 -0.0842634976605703
0.135163231207051 -0.318682420549524 -0.0465152954813739 0.135404099515296
-0.169086228872387 -0.235313006369853 0.0949696765797474 0.143356842137551
-0.185901644853229 -0.0851487083969092 0.0339219889915142 0.103927255545844
-0.139671479565409 -0.0219269605680965 -0.114040419309753 0.171572290949337
-0.10101259492064 -0.0253271084541873 -0.234649194898178 0.16769509074951
-0.0957525359214503 -0.0889966919075626 -0.316990421149557 -0.0109506983164394
0.0503259594157689 -0.200024752448926 -0.202647881283478 -0.287492935935516
0.240831636802427 0.0348146025792998 0.26891668849165 -0.354243043512069
0.0050077211725092 0.153281916211638 0.614699399635571 0.179370878505941
0.0196886473892217 0.277872026938028 0.309193754275695 0.742033005192653
-0.207304428866291 0.12252067169184 0.0142942357117811 0.98215752354353
0.194017206380264 0.105955543768634 0.247738316994626 0.38555283121654
0.0516729370351231 -0.015715418458427 -0.149274246388453 0.162356470632692
0.0654763893842117 0.171002752605816 0.0974955534871092 0.418619359748823
0.386566071881419 -0.0519401447562244 0.293464680962524 -0.0315847749400573
0.142238717931197 -0.404108165199094 0.0367024682890396 -0.0115644576202795
-0.173977993018972 -0.294146488188554 0.0416380193511154 0.027034958619002
-0.172052137201295 -0.137850908694113 -0.040185175965588 0.0460769431939873
-0.0865924937906675 -0.086879812605141 -0.15755356765931 0.145798212859727
-0.0253920623145549 -0.0670677516816749 -0.257391201018852 0.160167841947645
-0.0242158808103473 -0.0870832346008785 -0.337172785590817 0.00560300096725953
0.095551489573898 -0.190275544762885 -0.25835906822035 -0.277313153352715
0.331626766650923 0.0605535108423787 0.197654023660019 -0.402466967420496
0.0213137718167432 0.267143408954365 0.554852765831143 0.0211919237135586
0.112296759918096 0.313085196071853 0.490592245580317 0.617017551279181
-0.0786729011227519 0.405877330360947 0.0729665643661668 0.930466409123193
0.375461342742018 0.434225066551478 0.0797365710534306 0.240934358165251
0.375571497827807 0.0314068549700387 -0.309409854350778 0.140100189984267
0.15995539254342 0.0154087051930857 -0.0271455311041026 0.522990142957398
0.361092723572139 -0.123895022787541 0.410329856613927 0.0997592039339024
0.117564735320669 -0.425425217699464 0.16060924039774 -0.138854100488015
-0.141650674201539 -0.278181935682551 -0.000105144615209205 -0.104305544073924
-0.111661002177419 -0.157528252437574 -0.103584955291972 -0.0240984954786531
-0.0202626945994984 -0.138712248195903 -0.178416297134543 0.0998403215838377
0.0409240264958322 -0.11791407333477 -0.241877338769356 0.136675217332806
0.0481868608163272 -0.114982343878317 -0.319685399157791 0.0211120550942914
0.166429702532447 -0.18977999922848 -0.28627801604016 -0.229890335443286
0.389664068727369 0.0805513596547469 0.0769227493660052 -0.414867838688103
0.085326995638825 0.310658129660401 0.453483170461927 -0.176433207458355
0.193507133005062 0.318206424051035 0.646994428622566 0.397153774261634
0.108063044093373 0.584823998368629 0.136029146508594 0.786623008648111
0.393906782137543 0.73898539731718 -0.077484371054942 -0.0105140623509548
0.567642315225226 0.208628619034194 -0.453883945416757 0.033723649171463
0.304183388976741 -0.0602396427568205 -0.222761234371316 0.528696925623686
0.325296636910579 -0.165058257048936 0.411526807979112 0.264786305362811
0.0710484535388808 -0.373963320420578 0.272045255499477 -0.185163927961965
-0.0775620625447099 -0.193242391059978 -0.00439335312540812 -0.19963062868056
-0.0197285852354132 -0.143432091037944 -0.128162078922934 -0.0892815772231909
0.0463672819144761 -0.168308403835913 -0.172933898307424 0.0370696416279111
0.0838971982376157 -0.161371050799415 -0.20539940386352 0.0849271332058397
0.0952674285441579 -0.157198325715705 -0.266198609299941 0.0058305168793941
0.219961927184514 -0.195927222458241 -0.239228238594417 -0.184458715759124
0.380997314923524 0.0774703957427621 -0.0248445526406623 -0.328159587095776
0.156625772023451 0.235446090521593 0.273611111038785 -0.337878180315746
0.295046360590103 0.272031121595089 0.713097999823182 0.163882672525635
0.309536880215439 0.65933606271146 0.137544765133901 0.574534610603182
0.326506922668777 0.883680643899485 -0.155426414078343 -0.316007741996514
0.601414132201034 0.354939547496838 -0.498058158654752 -0.147389361682907
0.360779552739169 -0.0664087624843158 -0.426078724785478 0.388335041447287
0.24611078795913 -0.156106428930868 0.282457496666258 0.38385117684401
0.027472848088398 -0.245305114973679 0.316937277227946 -0.134433032649206
0.00680055332112185 -0.0748197524643047 0.033298274409847 -0.219104056687593
0.0831618863985064 -0.10902755893997 -0.0980661323271828 -0.134584842992979
0.104145194824333 -0.174217227027196 -0.142344292917231 -0.0296542897145167
0.104028643679363 -0.176597288992818 -0.168822657241309 0.0127653846148116
0.108081564159079 -0.170810694912645 -0.209579980779095 -0.0603418054764815
0.209980887474532 -0.173014375961823 -0.127826305797932 -0.187308682857674
0.269741112810674 0.0375768325825783 -0.0358921679239654 -0.173517945234012
0.193607099686172 0.0600748868875734 0.0789499840911397 -0.392604329762977
0.379341747895212 0.159307436800125 0.652744275724555 0.00597600004510442
0.485380084735787 0.637722147180494 0.0556468614659368 0.326639097830076
0.260611906525535 0.84643288597779 -0.138069500255419 -0.603356905247339
0.54043788348598 0.315504529303748 -0.398933881548628 -0.356864923679063
0.25259644447793 -0.0775298540515713 -0.55383268119475 0.11647222362066
0.126728879080807 -0.0768119801534967 0.0511631235097077 0.413716500061766
-0.00966131157896579 -0.0754330716770094 0.282683405786786 -0.00466266023699991
0.0861893715801793 0.0331737992377484 0.102182858306337 -0.167185073146174
0.161419415801675 -0.0679778240418424 -0.0244439767443834 -0.154512404587966
0.150214525944933 -0.153753538224533 -0.0907555342018711 -0.0913412260451039
0.116031836181057 -0.148713625742539 -0.14216384036488 -0.0601761959620024
0.105482514102828 -0.124500147280993 -0.171934261075315 -0.15404062368179
0.130010477699998 -0.0874901759605815 -0.0100759067741309 -0.228566775394687
0.0758446015650348 -0.01624005541774 0.00274975205313024 -0.0345653742737369
0.179774256596329 -0.10925006097544 -0.0555454176261135 -0.369274918840363
0.400018327429608 9.59468582436096E-05 0.496466518837851 -0.0421929044722934
0.572069559066585 0.563164948720947 -0.0975130662214371 0.0793704632097204
0.242817738575053 0.624959625409029 -0.0580437806774075 -0.82406462159508
0.380601174490023 0.0882069907860701 -0.232501488972617 -0.571980915012987
0.0716512716837285 -0.0675788637519672 -0.612223755041039 -0.154278703130773
0.00216444471040613 -0.0177848278910627 -0.162531991815571 0.380241937189132
-0.0344001022983047 0.0725612300404366 0.219105577539217 0.138419476816582
0.13659611439231 0.0931542497523934 0.185392105207914 -0.0779266139705301
0.194094813378525 -0.0299047486737044 0.0786873787236252 -0.159139181817198
0.171902033115441 -0.109567207780529 -0.0265130354998904 -0.140716419468947
0.134164241678475 -0.0819183398630493 -0.121480306855785 -0.109214198747204
0.114084076199323 -0.0171728927460987 -0.160425913948808 -0.214930267532942
0.0258346749594766 0.0548391928158219 0.0570535523977282 -0.259874140191492
-0.109241139079818 -0.0520243551453013 0.0238583578489529 0.0381035664653666
0.0988640689439871 -0.20415286756472 -0.0848053327291918 -0.31127942511447
0.370806115432135 -0.147317412479482 0.286422746538416 -0.0229090146793583
0.532165354650877 0.452122301459023 -0.258304564268215 -0.141397411825188
-0.350168858806755 -0.380361426127599 0.35230476790734 0.322175717964264
-0.334038789816568 0.180008197713535 -0.1001883979363 0.0134939358846896
0.0017307480739939 0.238035052937823 0.0747253552901111 0.261519779227005
0.233217818416306 0.0419672303588746 0.0195250290167333 -0.0760328228769431
0.0845635513782461 -0.189347262744129 -0.0745125657443066 0.228556400409671
-0.143001661937912 -0.122331194335236 0.133981712465534 0.205002784795332
-0.168078968210696 -0.00500781682282561 0.0939309675219373 0.127655147068039
-0.167174094517296 0.0456602350395214 -0.0515266105488522 0.170656521602541
-0.159906649650704 0.00508107884411868 -0.164934492812441 0.1701457162353
-0.138256877266821 -0.0992483269060454 -0.257216001118499 0.016888437206272
0.0275759346704514 -0.177320146722417 -0.178453552316519 -0.237047267639081
0.128090115974885 0.00978427939646267 0.250797728897036 -0.347796349425437
0.0218527647072407 0.0771877119232493 0.650871805253959 0.234535132950065
-0.153002846002515 0.176896099001566 0.203719590032457 0.720496389653372
-0.27409086904845 -0.230987255125794 0.0207839265310265 0.932154230119481
-0.0857024396325971 -0.179704357262534 0.352902743048811 0.406220688507031
-0.221224864516199 0.0917448203720416 -0.0517196772312068 0.102414232039081
0.0552369634216481 0.264667835357086 0.115954085459513 0.291734150650468
0.340093200777938 -0.00720311063282076 0.127632742903815 -0.0848664604431864
0.129770306057836 -0.319766895140988 -0.0437012567195615 0.135124067147901
-0.170246941736047 -0.231504285963448 0.0966192790851837 0.141181400909526
-0.186557105485825 -0.0824356604311046 0.0351044690322894 0.102948100593839
-0.138621104135467 -0.0203226504868012 -0.112420106430301 0.172222973051671
-0.100197273768837 -0.024510603108091 -0.232340135018827 0.169342756696141
-0.0962979052933888 -0.0879312223019176 -0.314692455127676 -0.00655482144435533
0.0469811966891004 -0.199260803438408 -0.204394510960093 -0.283883653086548
0.240750105642101 0.0331909691547765 0.265820617445686 -0.355142085802042
0.00717604685743002 0.153409881495339 0.613969226510212 0.169072011399985
0.0227270560288969 0.276376486355678 0.314404160005876 0.739630068132193
-0.204382007778317 0.124489105961636 0.0231760206948741 0.975436331212907
0.192909545346583 0.106160720115786 0.246114046272894 0.386153588672017
0.051915348612784 -0.0149997882923625 -0.147751648248558 0.161777887886586
0.0682749155811024 0.168797441168857 0.100350019185604 0.415675773217544
0.384147594842289 -0.0555987645733525 0.290888446776953 -0.03344695769898
0.135804680467657 -0.404565165353315 0.0372184555595098 -0.0112995098836839
-0.176545413853059 -0.2900649374328 0.0425039403233936 0.0263281371219227
-0.173262063881481 -0.134490710282137 -0.039351226456093 0.0462460859467054
-0.087115876817113 -0.0844333066745724 -0.15518613867863 0.146413850790453
-0.0254718836435238 -0.0668701844824553 -0.254662031880539 0.162610093411206
-0.0249169678644591 -0.0868878791316703 -0.336184200793356 0.00843442603613079
0.0931286306368747 -0.190262791193254 -0.2594031581409 -0.273462566962995
0.330961798661093 0.0560280543873327 0.194643606492877 -0.402345827087081
0.0230843177787649 0.264793281843475 0.552425923949724 0.0171848516692685
0.115330681230814 0.310929231496837 0.492754242952146 0.605578400849106
-0.0731863865643767 0.405934135392954 0.0815778428510039 0.923005133430466
0.371074164632789 0.436987010060242 0.0807541444874994 0.238541030240672
0.373921464069037 0.0282366786245469 -0.307893978321654 0.14208332056404
0.160008263875964 0.0144087298916889 -0.0227379324787361 0.520614994297842
0.360638383308649 -0.122219892521949 0.409716287083409 0.096616517991648
0.112424160589065 -0.424383434665761 0.1583877985771 -0.139922187396888
-0.145574883940899 -0.274605250424353 -0.000632821895499109 -0.104154208819383
-0.114338745344592 -0.153474661588973 -0.10320051321871 -0.0238398997947469
-0.0220485176463988 -0.136518621662728 -0.176349740366263 0.100267621030024
0.0395020018960993 -0.118142320835312 -0.239753787231223 0.138544587579752
0.0455132468033618 -0.115039228443727 -0.315730311837549 0.0280232630804327
0.163991447110212 -0.190203234467263 -0.286170390176428 -0.224585099301974
0.388977800718814 0.0766763473072371 0.0674406606950274 -0.413010566501543
0.0922774312618932 0.306990937908322 0.445244198193353 -0.185268478481668
0.195342666948195 0.315561804817394 0.649026465245045 0.389690486039877
0.109598696450786 0.584319268548157 0.14041287670246 0.781526592995471
0.411012657902532 0.716277403590959 -0.0772926870571122 -0.00902441172182273
0.566037456772714 0.202092408696718 -0.450621639937403 0.0369041522872955
0.30219285796457 -0.0613854864345769 -0.217476077728301 0.526896195910452
0.322079572858292 -0.168738869835083 0.412286026466502 0.26011191951849
0.0662343735175985 -0.372279214118128 0.268908377192045 -0.187364146695933
-0.0787284874243 -0.192406582767351 -0.00642099657257837 -0.198425804160585
-0.0210398373644914 -0.142158551666498 -0.128175912546126 -0.0879673955515765
0.0438491349717878 -0.167410200563725 -0.171733001930455 0.039039517167566
0.0819543913757257 -0.161477420157021 -0.203466713631167 0.086581048213811
0.0935033591726086 -0.157083044172951 -0.265091585659249 0.0084289005712789
0.2158728136836 -0.198062586920537 -0.239241248898089 -0.180682465169004
0.382040270526888 0.073587445611459 -0.0282173158189004 -0.32716860394266
0.158131780058868 0.232219809157899 0.269555019197877 -0.338615245706763
0.295694573292806 0.270267777443757 0.708361888758847 0.159024996531728
0.312534340778148 0.653876455378744 0.142292479757426 0.572001437456285
0.356407916408542 0.853402939469061 -0.158160342840994 -0.311442481160067
0.601415102078717 0.347522864530047 -0.495639867061468 -0.139942351212628
0.358495838989514 -0.06983582016625 -0.419103989789228 0.392629541669893
0.250626887388139 -0.14787709027518 0.282835935858569 0.380550737426343
0.0228187089115047 -0.245113351707132 0.314701445124129 -0.134591200946949
0.00610046777584289 -0.0752595035333045 0.0310663923966457 -0.218733250009687
0.078261499538548 -0.110183864994602 -0.100782068311199 -0.131708123554419
0.101108449744278 -0.174592396625371 -0.142061248250855 -0.0274107340530233
0.10263198387206 -0.175796160175137 -0.167548566840859 0.0149744651910501
0.109823073902755 -0.170028658102999 -0.209122150741793 -0.0594403645043231
0.205966335869807 -0.175843048794019 -0.129076458595429 -0.18537564128395
0.270016880455883 0.0344710111404521 -0.0384608629981153 -0.173120358117974
0.194337304486294 0.0564994981394904 0.0688049695327257 -0.392538044696846
0.37946136117925 0.154793409121755 0.650833305604638 -0.000572962253552989
0.483907793979999 0.636114417940026 0.0577327861126392 0.32469869649923
0.294065890264663 0.816543410629648 -0.143141106133257 -0.595755251926105
0.539080367649314 0.309571380431005 -0.399300167738238 -0.352129192560065
0.251031021256194 -0.0800396869069449 -0.549845641441029 0.120827959426802
0.126528563888641 -0.0777295733634992 0.0546619657314002 0.411703625848781
-0.0111095706073713 -0.0759903359627905 0.28133406761886 -0.00748581164810636
0.0852202244355996 0.0314537454685136 0.100164706597125 -0.166706862552053
0.160792963028032 -0.0686980959713517 -0.0258859045972683 -0.15296218627286
0.147784641569145 -0.153444963589646 -0.0911100503290021 -0.0908747960280494
0.113361304893959 -0.149216607697244 -0.142010846596285 -0.0575217421864799
0.103109068581421 -0.125254026120123 -0.172973629346947 -0.150641866748648
0.129137239492719 -0.0885078646881341 -0.0128598218637751 -0.227398503637445
0.0765064396577337 -0.0175168547719498 0.00343045906364332 -0.0351795062521645
0.178587310068062 -0.109841784864894 -0.0586651589532292 -0.36651211705503
0.3978873023848 -0.00299117319863029 0.494579575901439 -0.0459589181839603
0.572838493460247 0.557967663220108 -0.0967869806091724 0.0793853739764354
0.261553281351683 0.605351953355387 -0.0635707899772144 -0.815253968625611
0.378998885306602 0.0827591053216595 -0.23762341150779 -0.565003045977559
0.0703968882115542 -0.0676731115157998 -0.610676780409496 -0.150729091942779
0.00246056733222673 -0.0172054534905708 -0.162552066172269 0.380021482481944
-0.0326111686518982 0.0730508826212321 0.217930963201083 0.136671684254016
0.136012390009894 0.0927736557183403 0.183723747320608 -0.0792824136714856
0.192242258982898 -0.0317913590084751 0.0722481878478587 -0.160716944855648
0.169503289937476 -0.110580191923623 -0.0288831601906308 -0.139453500127198
0.132507588813467 -0.0822265948288734 -0.122485552385737 -0.107122499146053
0.112636949139949 -0.0180080018433116 -0.157994573305424 -0.216587214369688
0.0264287516453814 0.053369784400962 0.0563747811074546 -0.259496034144169
-0.109049598936639 -0.0506464363983126 0.0236362768726608 0.0351852487952727
0.102042462665123 -0.203040951860115 -0.0902074276366616 -0.307091114666261
0.36906247398399 -0.146900047069445 0.28529088885384 -0.024895488728722
0.531623277727336 0.44738116931579 -0.258456088388779 -0.139744364718422
-0.351641188915816 -0.375883160846392 0.354544567272019 0.318096500687326
-0.330072895168721 0.181284768207922 -0.0994227483550682 0.0141924074361608
0.0037156889402241 0.236666125592684 0.0765774807669828 0.259342856921125
0.232461202031533 0.0397920296476785 0.0186215023933645 -0.0753855730088617
0.0825636260935241 -0.190306410936304 -0.0699779692761572 0.22890782770997
-0.143338940091827 -0.120244108844598 0.135287232072636 0.20192722926765
-0.167174736382372 -0.00346529169262996 0.0952857400163945 0.12586417688063
-0.165623049122789 0.0465649392125408 -0.0503059221486853 0.170297998079044
-0.159233269551259 0.00529095394929837 -0.162649433241847 0.170668428442556
-0.138695395695659 -0.0976959033990842 -0.255888102584764 0.019011786005913
0.0261376975880755 -0.176849354131331 -0.179499191502723 -0.234129807522186
0.127239291996642 0.00935239234693842 0.246914813020123 -0.346724480005257
0.0216508175769942 0.0760050418230855 0.650962573970781 0.230582003103782
-0.150415108340126 0.177052592457828 0.206984059983318 0.714448403071887
-0.274309604965479 -0.227488315855815 0.0282504386078961 0.930153610610342
-0.0866341109186843 -0.177894000512959 0.353409766377414 0.403818395562524
-0.219207310506306 0.0934784440623548 -0.0502931883699132 0.101165399467919
0.0590982974606539 0.262741522685669 0.11794379880844 0.289404241605955
0.339549649330464 -0.0073047159339031 0.125465316799325 -0.0850758729322733
0.125387811350892 -0.320077301514689 -0.0411706198479657 0.135806059483405
-0.170789353447607 -0.229453159809054 0.0972445442263549 0.140009844330102
-0.186468524291852 -0.0790724916495755 0.0350871316335017 0.101234448322989
-0.138032614150303 -0.0184025989096362 -0.110367536488774 0.172169967987347
-0.0993149987158818 -0.0241224507824888 -0.229081728928898 0.170802734640012
-0.0964984033623586 -0.0873960426562189 -0.312157158799174 -0.00202949174325026
0.0456692973554015 -0.199047980752137 -0.205040502138602 -0.282368608296881
0.240052358726229 0.0308803596843813 0.262186705703335 -0.354223667385298
0.00833271953995721 0.152403063274257 0.613470249003662 0.164869611220765
0.0252474264094174 0.274357898014765 0.316994847865067 0.73287367948173
-0.203744490874567 0.12488986072894 0.0312192626551166 0.969018276084858
0.194114135893208 0.104653006188207 0.249129293374584 0.383209573837376
0.0521682216896619 -0.015292389608379 -0.145551101909218 0.161970459744825
0.0695589370710414 0.167756084009403 0.103040127090242 0.413005952850989
0.38214874505346 -0.0600339405566487 0.288935180502552 -0.0351214108681973
0.132745459299925 -0.40487954870938 0.0376480431053582 -0.0121046630983551
-0.178766194123906 -0.287080178247506 0.0430704267959965 0.0252835875978095
-0.173178593336679 -0.131810844223352 -0.0382038934047663 0.0468074688310644
-0.0869330176930651 -0.0836492086217268 -0.152629332519563 0.147420075003899
-0.0260941252413421 -0.065929360757835 -0.251544794571524 0.164194967502024
-0.0253088766383566 -0.0858297029387357 -0.334900836548207 0.0110507871402645
0.0918191458916695 -0.191006847923861 -0.26146560433962 -0.269324944533081
0.330245680110665 0.0532208145876819 0.189929671826062 -0.40068193166691
0.026036997048537 0.26432209047063 0.549894084720646 0.0116183915155851
0.117277846182301 0.308544211839313 0.4941456481639 0.601249948857651
-0.0693154624747102 0.404848747161094 0.0843720264120592 0.921440345767239
0.370526615563832 0.438697262470949 0.082720161397095 0.237440245851989
0.373421689014603 0.0262557761903788 -0.304445938989819 0.143546207304382
0.15911073444857 0.0129089158018745 -0.0175024363646194 0.519060599285415
0.364822204398301 -0.113896012847364 0.407837616697083 0.095917680957872
0.103743495455797 -0.425351558532514 0.157688957544453 -0.14095532493829
-0.147442950223599 -0.271101183302459 -0.000639689750782836 -0.103550702789384
-0.117409016663246 -0.150442386879458 -0.102950633230356 -0.0228917393443298
-0.0247805194294914 -0.135029973697449 -0.174274680957315 0.101758989070591
0.0385470426475659 -0.117425550333358 -0.235768667388764 0.139165177148178
0.0468874530548086 -0.113362732469942 -0.312998645176427 0.0314528751481062
0.161709144965185 -0.190732443006166 -0.28760130890419 -0.21809114884769
0.38924089911588 0.0738393383093964 0.0622611030711148 -0.412277708868272
0.0902093620427515 0.30834462778452 0.443842660166716 -0.185473474263351
0.196650418118939 0.31416765136395 0.644353062741705 0.383986326723617
0.113820966329136 0.580052312558077 0.142087538129661 0.778051237594783
0.420096080013198 0.701940454177919 -0.0765508440356528 -0.00857027410771001
0.566398221358458 0.19742819477223 -0.448422249722895 0.0407885240067567
0.300619441985277 -0.0633720607501493 -0.212740363431399 0.526155041861255
0.32033211469221 -0.171496802056607 0.410765845926253 0.254298402865918
0.0617760438160746 -0.370920414332349 0.267130907923097 -0.19051398454621
-0.0803488423566958 -0.190627207291101 -0.00842001225856882 -0.197836041591408
-0.0218618855613762 -0.14146131561924 -0.128142015267103 -0.0866951295767978
0.04217564009037 -0.167250619509665 -0.170805907222117 0.0407702146747975
0.0797348500538441 -0.160488552380971 -0.200709484351977 0.0882739466625069
0.091205657947761 -0.156657843167189 -0.263153577070912 0.0103222808122316
0.212678618782397 -0.199934706083837 -0.24110680852271 -0.17711513773062
0.380712490414947 0.0681495585825863 -0.0311573566381255 -0.326440595676468
0.159546912350773 0.230959955184071 0.265693125004471 -0.337547711263784
0.296282519705618 0.265634880587485 0.707192382904307 0.153292433855568
0.316666848838643 0.647849456583121 0.145162319861162 0.567335688853613
0.356774671669044 0.850781336499202 -0.160552902464706 -0.307215850847366
0.60109594850892 0.341719172197347 -0.494410699278355 -0.135531849255666
0.355692178708886 -0.0726982800179643 -0.414186860545747 0.393378181612588
0.250305433631857 -0.148256288111028 0.280619351757241 0.38209530386565
0.0191505670995107 -0.244867583866749 0.311868159830234 -0.137112592525239
0.00565631008194336 -0.0750229570148261 0.0277351995566932 -0.217724408405901
0.079896797667646 -0.109530463781574 -0.102824835730125 -0.129853556725366
0.101834119180478 -0.17419149085635 -0.14168700528301 -0.0252743682442759
0.100478210281745 -0.176574505090307 -0.166796955206905 0.0167656696628661
0.102767316561026 -0.17218033402783 -0.208905581585038 -0.0603671886290156
0.201069422548563 -0.179322878055482 -0.130112324073144 -0.183511057902841
0.268897435981961 0.0325101816258174 -0.040440948356772 -0.172849220035693
0.19329249808767 0.0601749240736245 0.0574321609558038 -0.389769060897237
0.378426747238838 0.153863151622243 0.647740941712383 -0.00529050429654064
0.487441900717867 0.628460188628118 0.0605494248921442 0.322760663213932
0.288009293962041 0.820712202888748 -0.147598391383649 -0.591269875533029
0.537961213785395 0.303682619846233 -0.399020138742966 -0.347868128078661
0.248760305133033 -0.0811003909201061 -0.545978734857825 0.124054716579723
0.125976261747818 -0.0793354099252831 0.0576637897060004 0.409997553006433
-0.0120098856865276 -0.0756396032288257 0.280256952670217 -0.0108012855428981
0.0852171636170126 0.0307076158293798 0.0989475369159697 -0.166467539047584
0.159585641885703 -0.0695654888181834 -0.0267071424983029 -0.153137171289655
0.145758431466736 -0.154287726864312 -0.0916199760306392 -0.0895246228399927
0.112182467354525 -0.149239490490268 -0.141615524535659 -0.0563771636986109
0.0999701140201694 -0.125916469760797 -0.174627849173546 -0.148578321653647
0.127214787227911 -0.0895797899920468 -0.0159413089558509 -0.226247001189428
0.0758403857148671 -0.0190035371082215 0.00242604391308702 -0.0361901527301774
0.17617516983418 -0.110324614014553 -0.0620021126877205 -0.365150600344622
0.395971045986999 -0.00515651822406408 0.491405619139194 -0.0498207871907885
0.576162580243702 0.548729621335183 -0.0961623309974149 0.0791856968856141
0.264845587089913 0.602787387335946 -0.0722454000587135 -0.810325729291926
0.377355440572872 0.0775730627864828 -0.240468879951993 -0.55969183413708
0.0693955342159527 -0.0672723491767339 -0.609414864697641 -0.149184592476449
0.0026548861298448 -0.0177549323667279 -0.163261336567883 0.379112996324319
-0.0327107392198551 0.0727734983348069 0.216639741801615 0.133888320063553
0.136191603992457 0.0909855092073397 0.181830514961442 -0.0820904223007873
0.193242345685776 -0.0305485868841134 0.0686547031059534 -0.160736044189614
0.170343949592374 -0.110085467819805 -0.0295011224973659 -0.139033422504536
0.13119583602518 -0.084381208079474 -0.121022298722721 -0.106138950644759
0.110046189320268 -0.0215296991047594 -0.15905729711491 -0.214601686492066
0.0262872182250621 0.053195825881893 0.0540729544163912 -0.258710104658973
-0.109944186559139 -0.0497376274035283 0.0237558243828138 0.0351223022712125
0.103915379145641 -0.202217427049272 -0.0857571938212586 -0.309320771394537
0.366686831547803 -0.149604194461948 0.283484313256684 -0.0274019708984239
0.533118145479497 0.439653775961125 -0.258135862360975 -0.13698933653283
-0.353121845211543 -0.369528660958001 0.355153128842956 0.314443445654663
-0.326911905276951 0.183760170520426 -0.0988172035242917 0.0149595727946365
0.00537822902277027 0.235536563382904 0.0765797195600911 0.25728254759245
0.230329476754078 0.037339313082652 0.0180514426269572 -0.0741858865812066
0.0803571614888274 -0.190229721948778 -0.0672515470825656 0.227940451107301
-0.143881562501228 -0.117699413374753 0.137346570077838 0.199616083664911
-0.166711092886201 -0.000987049998143476 0.0951999759861613 0.123259100228234
-0.164356543968116 0.0480303516184746 -0.048265008370696 0.170337173739206
-0.158575061480923 0.00591190421758806 -0.160634156605368 0.171059011686222
-0.138993555087916 -0.0963296877547009 -0.255058352982835 0.0208736092610997
0.0250268736950025 -0.175519415952479 -0.181170036616253 -0.230698201912241
0.126289570309392 0.00802309579596987 0.244172147354581 -0.347988123075104
0.0216571005745544 0.0764681301455709 0.650035440511749 0.222201874235765
-0.147754624318344 0.176790324771268 0.212038182482976 0.710143313824886
-0.27531664652177 -0.224242136669049 0.0323827099112007 0.924520693507973
-0.0859227610356747 -0.17718228432813 0.35589751102637 0.398065996718521
-0.216173528683394 0.094142736293374 -0.0493542361860857 0.102196129228292
0.0623266785031095 0.259906313008465 0.119821447080903 0.287016543544516
0.337217309771488 -0.0176715311983643 0.123952696852114 -0.0847232984045344
0.12344359571397 -0.320547473674117 -0.0391556316296273 0.135187622441045
-0.173406789703199 -0.226244646086155 0.0992424868598101 0.138067766170754
-0.186038937939565 -0.0765935786515359 0.0360907366107877 0.0997477693045029
-0.136864571435584 -0.0182670202961101 -0.108343221191121 0.172377804739173
-0.0993717509409096 -0.0231157649482432 -0.22657368589735 0.173007622298916
-0.0961341571951698 -0.0853615753087976 -0.312485598641496 -0.00118513005407021
0.0437732770860893 -0.198747461890842 -0.205537792997002 -0.278969419992372
0.239869768930044 0.0289329207640915 0.255900173876664 -0.356017977987341
0.00789133949828923 0.152019894665422 0.612311396752049 0.16623525844723
0.0260566487665498 0.272956251293759 0.318248563386942 0.727388855087657
-0.201643393569556 0.126437850356764 0.0365662187730584 0.968284741183199
0.19420752615358 0.100296930562215 0.253328297196158 0.375873880312121
0.0518349768882147 -0.0141871496139179 -0.143530456686451 0.162798322233732
0.0713933001378909 0.166852579203146 0.106038346275084 0.410201550242315
0.379859147883781 -0.0640053546127332 0.287954796767179 -0.0368081228174147
0.127427758797726 -0.404628042413069 0.0375575749245621 -0.0124580200604309
-0.180829927740841 -0.284126540774957 0.0435314151045618 0.0239018229769588
-0.173826334411725 -0.129403787049372 -0.0383160325315542 0.0455623271423953
-0.0871348077000008 -0.0819393139698806 -0.151382947846497 0.147838532500005
-0.0259790530701181 -0.065856399789952 -0.249939537623428 0.16501020463057
-0.0264778921631216 -0.0855642984390002 -0.332668723925898 0.013426515643303
0.0888595242639738 -0.191787347356857 -0.261867228979656 -0.264730305828115
0.330430978451166 0.0497859640360034 0.185594785314173 -0.402162595403398
0.0271252884394129 0.264027815164481 0.547648409665476 0.00938992153354343
0.118840317177516 0.306345849516114 0.497901617233293 0.594539033310655
-0.0666790440857048 0.403972013798052 0.0920726282905849 0.914383939351409
0.378393232572836 0.425584539694206 0.0842742461334213 0.236193714673608
0.37234933955846 0.0237392184860753 -0.300776541417337 0.146340800355423
0.15957237441138 0.0124881184806397 -0.0157051668313383 0.514683019454651
0.359066423796306 -0.123509799865533 0.407400796990933 0.0924355209838037
0.100091271618163 -0.424377087409835 0.155983684974069 -0.141877690989005
-0.148184565904675 -0.270462339453544 -0.00157793912541147 -0.103292446272594
-0.11662116972503 -0.148724552468425 -0.101965293046556 -0.0215126679506116
-0.0247969404458579 -0.134318233955272 -0.172021753237653 0.103731915337786
0.0386140721486638 -0.11728247067562 -0.233202523022768 0.141317498508996
0.0463350584840562 -0.113955701160988 -0.313174481593424 0.0303583221610146
0.159378309073116 -0.191621465104966 -0.288818032747992 -0.213809678294886
0.388026604834626 0.0699360372656108 0.0619948867086366 -0.412090405441004
0.0892934012802467 0.30802058133321 0.447416063769397 -0.182310435560798
0.199180729034628 0.310256508832286 0.644465972518548 0.372886333021885
0.116575936302499 0.57824593072249 0.150254473649687 0.772906833699157
0.408793051762548 0.712122900272514 -0.075708645278822 -0.00838208027029379
0.564847686602436 0.193501721982643 -0.445616813750488 0.0428129531823684
0.298435653513348 -0.064954950826385 -0.207228559039509 0.526378901629623
0.317587933280961 -0.1745922632444 0.412900052440565 0.251188820973368
0.0569209739307904 -0.370432799775565 0.263293983132217 -0.191804325528029
-0.0826145071446536 -0.189121008854452 -0.0101094690603329 -0.197148242654644
-0.0237074365103137 -0.140453663660755 -0.129425151569886 -0.0847400579231115
0.0416430619013162 -0.166771426703719 -0.169811889596229 0.0417693798198491
0.07927504148631 -0.160250273169836 -0.200088984024056 0.0893939174858957
0.0890221677264026 -0.157020044099162 -0.262756549824107 0.0129184489594622
0.210239763930811 -0.201560931509485 -0.241259184904849 -0.17403092067567
0.380997837905837 0.0651340583792105 -0.0335739482860018 -0.32535546533375
0.16154942431427 0.228972970987923 0.262601389121619 -0.339390906931354
0.297521782638942 0.262908934936461 0.703168020890563 0.145593958478485
0.319676463593308 0.644184422243707 0.148737325652388 0.563321710965019
0.33866149470545 0.865225961082701 -0.161150522624537 -0.306364815777545
0.601412268836439 0.337929320668016 -0.492230991066973 -0.135389359234234
0.354915296919419 -0.0739696545910458 -0.41197314171963 0.393027816061442
0.240147608375562 -0.160209419943112 0.283966406393311 0.377269239663827
0.018804922065985 -0.244213714353336 0.308164822485018 -0.14203666739462
0.00488345307602041 -0.0738247527942799 0.0255685619142128 -0.217846515916116
0.0811138023678832 -0.108236013059491 -0.101959378819007 -0.130217159941177
0.101005212036179 -0.17375465890366 -0.140859393393385 -0.0245393344144156
0.0976075795945549 -0.176154123975718 -0.165557977897313 0.0171852169447121
0.0967507478524549 -0.172958864336415 -0.209000116167854 -0.0548852937897011
0.199448007312246 -0.179570857019363 -0.132690004017077 -0.181219692752464
0.269112874560021 0.0308284527969711 -0.0415860566024314 -0.171977531620998
0.192302477696315 0.059782223213026 0.0620642338045718 -0.388944098031961
0.378959673603029 0.151920662995148 0.642239762482957 -0.0137372729193462
0.491903309600628 0.619062358524881 0.0617304788655899 0.318889894421077
0.264796958454491 0.832500925403169 -0.148101927870455 -0.590651737592191
0.537754297144028 0.299776683640012 -0.399467784304163 -0.344543066968497
0.248090628445197 -0.0809738268446632 -0.543213270972582 0.12768180660808
0.125465011542043 -0.0792500939597725 0.0606013664470412 0.407316195243873
-0.0132132058108829 -0.0753617647231796 0.278553598052428 -0.0135157719030739
0.0846221999571722 0.0291005394653397 0.0970992384510715 -0.166102057931293
0.157534303535139 -0.0700422772482343 -0.0284531537034515 -0.151947102334112
0.143349710570356 -0.155160176914895 -0.0919693122378627 -0.0878999421272468
0.109752871815775 -0.148837979345793 -0.140779400403318 -0.0541598757843472
0.0989623020643741 -0.12610633859456 -0.175527686810419 -0.146218258512548
0.125861363232137 -0.0903704697319467 -0.0178618557472678 -0.22544274685096
0.0760447791618975 -0.0199035131428358 0.00171971167072094 -0.0360421099610846
0.176203252918605 -0.111600378216326 -0.0643690532935554 -0.362604620388849
0.394538964879231 -0.00709368034389249 0.488235654557326 -0.0535223431239763
0.576979433643542 0.54216415327296 -0.0951091915893266 0.0784945328896405
0.25292933977206 0.610842944733943 -0.0750473676625457 -0.809815645944184
0.375278503358759 0.0747710025970839 -0.240485491964197 -0.559187725621021
0.0687172483717591 -0.066812208282236 -0.607928306951011 -0.144937076899249
0.00248368168958134 -0.0184300720013128 -0.154016137154178 0.379895006478262
-0.0327784701204555 0.0734012676271151 0.216525831233943 0.129349362988527
0.136292964569432 0.0886613908917949 0.18059366739419 -0.0835313068891492
0.192874695911458 -0.0319776805415567 0.0709371424177188 -0.160262984564286
0.167930323153205 -0.112499079903067 -0.0296006183039625 -0.138267458976608
0.129599207550518 -0.084346212749101 -0.121205079641214 -0.104510390861952
0.109216375329346 -0.0222831033464004 -0.166183642187997 -0.207034878797385
0.0269484129690302 0.0528740323258413 0.0479297957772217 -0.258468923050995
-0.109081016418129 -0.0482805295863706 0.0243393713319834 0.0347924176048747
0.0954831719657486 -0.202674027323943 -0.0862206847900508 -0.308857632424453
0.361113999881103 -0.153781124124499 0.281201441590332 -0.0306088573602808
0.536123226279012 0.430129941514644 -0.258975831235359 -0.133776667619986
-0.352966269957617 -0.366354874947098 0.356594818788604 0.312312473749845
-0.32338339282584 0.185245631026755 -0.0982261355110665 0.0157079231237017
0.0081674927200124 0.235157454651055 0.0781998966055868 0.255633873135817
0.230351195069708 0.0344442426971354 0.0165450385610989 -0.0730254274107937
0.0786131139694523 -0.190807163922734 -0.0633152231728111 0.227613994115943
-0.145238513691475 -0.115030147907756 0.139119477808138 0.197609747645812
-0.165739161130317 -0.000204389603490141 0.0970526958725942 0.121569521980417
-0.162840080427135 0.0491827524448382 -0.0463841099114764 0.170062918811406
-0.157717489938806 0.00672198017598957 -0.157744794163941 0.171781303531452
-0.139369832825939 -0.0952205222231574 -0.253127255083218 0.0224466207700405
0.0233685922377691 -0.174968523786142 -0.181517136634962 -0.227886637697627
0.126264717770445 0.00753648730741436 0.239761377499469 -0.347828703331982
0.0225407572738431 0.0750487604386254 0.650003761201124 0.219216936246115
-0.144679289518209 0.177309128661312 0.21316309883209 0.705997099533152
-0.274964384350144 -0.220709914601725 0.0388239548271913 0.919243803265545
-0.0874771712789357 -0.174283467844618 0.35929361941006 0.392235069694212
-0.214161126788026 0.0971567592181564 -0.048530049949285 0.100843100453703
0.0626733575453295 0.259256448113865 0.119530518723548 0.285566502969335
0.334314439651383 -0.0234238133191661 0.122686569597015 -0.0850230109263509
0.119922876295163 -0.319910786586197 -0.0374121804514848 0.134789520975797
-0.175431867143214 -0.221779553870832 0.100036252229641 0.135255186314212
-0.186165429095475 -0.0748111559797716 0.0377006844659568 0.0976884425036733
-0.136241335137775 -0.0163835480369928 -0.105837437924366 0.173328034472814
-0.0986174094276571 -0.0223777168734828 -0.225345024571878 0.173096232047303
-0.0965954859397649 -0.0842767507751947 -0.311318216358748 -0.000795241155051395
0.0411203276013537 -0.197809300567066 -0.208767149127713 -0.273611670825927
0.239325367645373 0.0275213273450944 0.253813191008041 -0.355281249409854
0.00840436734083739 0.151370927215367 0.611167164932139 0.160463691616448
0.029163943076964 0.271056717542701 0.321868077711515 0.720244866924235
-0.199728948153211 0.128283373933046 0.0420465011119992 0.963357582141923
0.193862794356062 0.100492481614286 0.255227176103669 0.374374767595394
0.0518676180784856 -0.0145255138407132 -0.141804265104177 0.162223119120089
0.0716465776844507 0.165966177169062 0.107489735440247 0.406715904501576
0.378437923200922 -0.0680331592063607 0.285716550809441 -0.038790693365438
0.122097339491567 -0.404549772460032 0.0386003842173406 -0.0129865489395428
-0.183733435952602 -0.280475332163281 0.043272419369952 0.0236672061299301
-0.174595103025372 -0.127001717612275 -0.0375961324586276 0.0458132635201239
-0.0874257810909198 -0.0810690356150302 -0.149383842454176 0.149823789749651
-0.0264332580039115 -0.065271315978644 -0.246757459160578 0.166808666154519
-0.0267304255825251 -0.0848400250643216 -0.331477519044862 0.0175002951914675
0.0868344398923676 -0.190836642133159 -0.26181313048679 -0.261875302052828
0.329177203571249 0.0478618757054785 0.180965601806364 -0.401113951970095
0.0291735577405342 0.262513487336371 0.546049005829971 0.00561748711346752
0.120526476228461 0.303322020466784 0.498468217718021 0.591336035010812
-0.0651021842869189 0.403426123000157 0.095519334440171 0.911309496802604
0.382006204188102 0.416500513226328 0.0860148565172299 0.234187085838929
0.37137099069657 0.0206327023442146 -0.300225250090581 0.14502420939187
0.159125328081582 0.0114331547655104 -0.0120111177535282 0.514128205796583
0.350131014980382 -0.136905006091228 0.40408706418043 0.085601579989744
0.0985963982966373 -0.425116215261471 0.153963290382779 -0.142872922609438
-0.151057284806462 -0.266737319946401 -0.00227555735817862 -0.102960617001194
-0.115865040114518 -0.148847231966171 -0.102182340706777 -0.020818751697617
-0.0241788877299569 -0.132919376738984 -0.171928439230404 0.10421552265541
0.0366332175601471 -0.116968124613495 -0.232280225725286 0.142622998673908
0.0427030867349167 -0.11455812932244 -0.312251725746111 0.0320267891302333
0.155394763159362 -0.192218199466546 -0.288857040502536 -0.214523795120884
0.387437765315024 0.0647713202018878 0.0598693777659045 -0.409739709184408
0.0969180039592238 0.305496766059365 0.44074551154028 -0.187111624440169
0.200544312933864 0.308067749302122 0.647441943999181 0.36956003458958
0.121990814903756 0.574744944576139 0.154746203770342 0.768998998409252
0.408753962865718 0.713406184869205 -0.0762813843962562 -0.00815490294988272
0.564374592498569 0.188754045756452 -0.442353931713311 0.0454800346560973
0.298046688856389 -0.0669080654126227 -0.204530683950655 0.524771613728309
0.315496200401576 -0.177138788389304 0.411517819546984 0.24772402213603
0.0525789729228646 -0.371309526271237 0.26146051515477 -0.192880081535724
-0.0835097086075531 -0.187244248039621 -0.0102752310145663 -0.195334499480438
-0.0247013690484764 -0.138574559458662 -0.129090873600394 -0.0837401429182589
0.0403461796447873 -0.165125843100776 -0.168364122353766 0.0434408667546299
0.0775166690163178 -0.16085375742019 -0.197786191328859 0.091949329226867
0.0877941220925808 -0.157341379357439 -0.261574039364063 0.0152355906599915
0.206479534046592 -0.203104224602995 -0.242317505515122 -0.171018123553767
0.380541358212246 0.0605769214566847 -0.0357131368499131 -0.323628644352383
0.163191819344408 0.227954787098987 0.260399760769591 -0.339747459970589
0.297798115974364 0.261619272618737 0.703966115864564 0.141509425357319
0.32207538683079 0.641434874840026 0.151152940102216 0.559391341944023
0.348084009543447 0.852920171116919 -0.162284449201273 -0.305209530730213
0.598477422480453 0.33109230795933 -0.490731653823145 -0.129901550984809
0.353216201732882 -0.0745543008283263 -0.406298610929386 0.395391258232306
0.238787805165457 -0.160290499653716 0.288239724927554 0.367611865036858
0.0156712767479104 -0.243906939040125 0.305683967085801 -0.143927843457973
0.00299396182225574 -0.0739956042028028 0.0247515530736938 -0.216382446379156
0.0768249910131289 -0.109456418860288 -0.101988070018031 -0.128562173600891
0.0968794232261082 -0.172685305569254 -0.14064277227701 -0.0233983513948483
0.0964780587672937 -0.175565870321745 -0.164150690905054 0.0193698405582656
0.0987500850849161 -0.17225120615781 -0.208190285867242 -0.0508719706656654
0.19840552835153 -0.179715796851057 -0.13462937276948 -0.178087367842847
0.26799787680499 0.0259578148397766 -0.0422106572310801 -0.172606797934177
0.196075316116393 0.0525721912313908 0.0659254015905964 -0.388594251844683
0.377986381714733 0.146326503761312 0.641275208385179 -0.0170378807329876
0.494334837037466 0.614171620133487 0.0631901456274337 0.318955036549477
0.285776070088971 0.817478929630865 -0.151367193763337 -0.586145105935639
0.538109036479196 0.293375356975428 -0.398466511743061 -0.339799721171703
0.245844249172333 -0.0831256638373182 -0.540582172440408 0.131648607772824
0.124589503795271 -0.080135653436433 0.0632604868799478 0.405239275049979
-0.0142084142548388 -0.0741273685333408 0.277035095219743 -0.0166952287255249
0.0840271479899136 0.0283251378836653 0.0947030398293837 -0.167245833108575
0.156680460134759 -0.0707555398184441 -0.0292347687688767 -0.151208784498517
0.142111996998887 -0.155204361350211 -0.0916798003804608 -0.086484182519177
0.108249846076612 -0.149298903524547 -0.141560537894813 -0.0525480624302422
0.0971547922180741 -0.127545157622496 -0.176639258956174 -0.143073252747927
0.124249147455998 -0.0922816752056586 -0.0207162137541635 -0.225314737498331
0.0763910834256808 -0.0200139804633246 0.00174051685539091 -0.0371973455357519
0.175614662895655 -0.112933730320177 -0.0663473807383527 -0.361227826991254
0.39208534812282 -0.00952586690070376 0.4862803804724 -0.0567880918344735
0.580064326006105 0.535762246138405 -0.0942149022068731 0.0781472816306189
0.258305919744336 0.604422472570767 -0.080877726416072 -0.804482433887298
0.374121268683225 0.0738028846542159 -0.239396303136639 -0.556042226207799
0.0687359875687403 -0.0667078248581773 -0.605022844051918 -0.135573851212204
0.00379175298596021 -0.0172606649192067 -0.147527839758264 0.378603540959673
-0.0319860000234225 0.0724904312426826 0.21833941304935 0.126662536109109
0.136342611577202 0.0859941612500433 0.179777465490618 -0.0836536538308117
0.189168683854689 -0.0359065106803001 0.0708927024287587 -0.159605217658585
0.163902068750553 -0.113768156400782 -0.0310720841447335 -0.136441920350962
0.129157145977433 -0.0842459219299608 -0.12298628523513 -0.101075115966085
0.110449921693724 -0.0218233625452016 -0.16733268026952 -0.204884889342714
0.027137090850348 0.0521459052595573 0.0435951936268261 -0.258121575713053
-0.108907089981117 -0.0471937105437525 0.0248667947322525 0.0332857823347809
0.0913677287471894 -0.203200205168657 -0.0934618208904263 -0.303173894834299
0.359254515822177 -0.15642272999422 0.279563430135976 -0.0314433721818709
0.534888374131904 0.427587202470561 -0.258949653065465 -0.133768751891242
-0.353104209051295 -0.361564552023574 0.357652961966312 0.309398133902348
-0.32050486849736 0.185988713059842 -0.097619816706706 0.0161746626247286
0.00887154020417735 0.23453185609893 0.0805137281234 0.254298393161926
0.22938467764474 0.0314780968198601 0.0163342921224291 -0.0723589224581863
0.0764315920998772 -0.190494252019473 -0.0608639497341857 0.227832002458891
-0.145724539708762 -0.112984629658344 0.140647802865726 0.194696726639189
-0.165141564359157 0.001739256847731 0.0982264104852102 0.119286036201987
-0.160726985273997 0.049952677928313 -0.0446966435598656 0.169642731030388
-0.157223670411451 0.00820032849111263 -0.155996891978936 0.172783669836516
-0.138898100735116 -0.0942628157608179 -0.251953661898908 0.0241105706372836
0.0221321884981428 -0.174312886433837 -0.183399902800771 -0.225564314155543
0.1265302037602 0.00666723109479383 0.237031816645162 -0.347268186205157
0.0221094366198233 0.0753905606284323 0.649245960378309 0.214923701146288
-0.142559563920318 0.176631600915864 0.218930002043331 0.703716449627467
-0.274699726166418 -0.217462235241626 0.0451876469279366 0.914918702251845
-0.0883402876417543 -0.171905098095999 0.359256443536305 0.390265936233194
-0.212546372637899 0.0984050273058807 -0.0469157085254308 0.100950102958745
0.0642447922598881 0.258741571841056 0.122809241814091 0.282924769660721
0.334961449006179 -0.0214435616930252 0.120883162312713 -0.0848884408416397
0.115714899216199 -0.321447131470783 -0.0345983437411925 0.134202809272723
-0.176910177217876 -0.220608510776064 0.101281136918563 0.133278044181818
-0.186872230698804 -0.0728777768140362 0.0383288661521037 0.0978913698320843
-0.136236228319 -0.0135034251058912 -0.104090938722851 0.173127837200647
-0.0977840923447775 -0.0220573493720674 -0.222958612330567 0.173435851854166
-0.0972938932434623 -0.0832411989749293 -0.309930565415746 0.00361122943216753
0.0399055433709489 -0.197973212195107 -0.209085024759659 -0.269896262745336
0.238438677745242 0.0264743391611969 0.253586948782626 -0.355452145524838
0.0107893688606069 0.15171847695812 0.609397250158701 0.151666359717434
0.0310091287328509 0.269350980794732 0.326251638761171 0.716677678074278
-0.197021930993271 0.130212543000425 0.045901610942157 0.960666159503882
0.193605715926582 0.101887712970869 0.255411470738883 0.373412132245385
0.0525766064378822 -0.0147084394439793 -0.140105525327545 0.162151390854882
0.0729845570847343 0.164933544482426 0.110974809143881 0.404878405283328
0.376511546487828 -0.0723589313385489 0.283780385212314 -0.040505229265048
0.118414455997402 -0.405387116052236 0.0387629283370798 -0.0131422492299607
-0.184901340901476 -0.276353766149031 0.0440539427519911 0.0229550953811492
-0.175724498331522 -0.124096291607268 -0.0368726184967947 0.0454414018374949
-0.0877412353717994 -0.0790652246681726 -0.147910773521427 0.149837141918587
-0.026592554488322 -0.0650524846191225 -0.245412458154046 0.167560275536164
-0.0269673774672881 -0.0838212628985257 -0.329958166474811 0.018950987499509
0.0852446095795174 -0.191403527082529 -0.264298797390587 -0.258159723439311
0.329410979712389 0.0448695253167647 0.178315400046391 -0.400824518270879
0.0311808951514312 0.26241019412163 0.542940640217476 0.00177054947352608
0.122843293879898 0.300772824955741 0.499283066497473 0.583276014788846
-0.06131297801401 0.403530208409824 0.100623345388288 0.908081779356871
0.376309808881562 0.423001411410242 0.0867578447747123 0.233606502471491
0.371861509270789 0.0190273336674964 -0.297751568040439 0.145782660698585
0.159145996955143 0.00972908529484623 -0.00866557620889818 0.512918032207558
0.352975111943279 -0.133647220678782 0.403154188724806 0.0845085639329264
0.0932500894128755 -0.423409888823507 0.153351867576261 -0.144396851819409
-0.155001493608742 -0.261871921461408 -0.00265064267979917 -0.102839474418654
-0.118557526075734 -0.145068714864641 -0.102001938176103 -0.02108134750875
-0.025434449530779 -0.131857452901954 -0.169730836960816 0.104809158746096
0.0363419494098813 -0.116674782359623 -0.229570963910505 0.144138836415353
0.0414658282104683 -0.115588056130756 -0.308326063205603 0.0381619459473829
0.154109894877511 -0.192803590990468 -0.289493756491895 -0.211107357877561
0.387154355395867 0.0614686364473341 0.053315974663595 -0.409137501571368
0.102622185354313 0.302122772431842 0.434772706147119 -0.193802153033283
0.201943613780594 0.306324276576952 0.647996325186782 0.366925715945066
0.124645520555577 0.572232425226603 0.156681389728636 0.765970190406113
0.423386952688748 0.691505634383033 -0.0755822712031149 -0.00673915643194281
0.564108221308296 0.183083542113401 -0.441203430538304 0.0474344773286868
0.296722687497924 -0.0675001425505867 -0.199372562394642 0.525015494533167
0.313260609003601 -0.177985528725388 0.410823418988166 0.244075603571241
0.0500144459587096 -0.370277820447468 0.25827114297732 -0.194822391799673
-0.0854749741031812 -0.185462958841271 -0.0121426550967503 -0.19461697837602
-0.0255663862708226 -0.137076840834368 -0.129575242432965 -0.082938660337781
0.0384604613896621 -0.164897927688102 -0.167609782982307 0.0444621407783823
0.0767637031400834 -0.160801466018619 -0.196371061339997 0.0926840450249492
0.0853953534079143 -0.157303552314588 -0.259579961183429 0.0169512232902569
0.20329614630113 -0.204000731154769 -0.243687346598654 -0.16886196629307
0.379532388126306 0.0570960801374651 -0.039264929845366 -0.322409094445701
0.165645667677489 0.226513665943044 0.256690075689514 -0.340102055844231
0.299324501519968 0.258356762733196 0.698674744557608 0.135517198005852
0.325549719472013 0.635721913231246 0.154611482189152 0.555946691459571
0.37641906645724 0.825251539236066 -0.16479446040832 -0.300024941663414
0.60003839349733 0.325835829480579 -0.489067775815299 -0.125358152005087
0.350483581036927 -0.0776290686147439 -0.400160282258321 0.396410555097404
0.246251258600415 -0.152905299612818 0.287520154868888 0.367981782868924
0.0113999978025735 -0.243249612895215 0.303964377443044 -0.146046821130597
0.0020613136399049 -0.0740962887788746 0.0235276899330428 -0.216174063449278
0.07328208601262 -0.109872317582777 -0.10464069820956 -0.126467467435753
0.0940276813378934 -0.173983213333804 -0.139640298720481 -0.0215686646343762
0.0958514695678148 -0.175621810841459 -0.163663884121367 0.0211775181214294
0.100618588311291 -0.171531256261027 -0.208255947229636 -0.0513428899846546
0.1940799849788 -0.183049842936854 -0.134818987345854 -0.177413938786136
0.268075793581116 0.0228550484549455 -0.0439244002570224 -0.17201032076771
0.196059663105509 0.051282061700394 0.0561627234984674 -0.387698384791838
0.377239001687794 0.142658111648419 0.637681017620381 -0.0187972558991362
0.494011234504435 0.612726571575567 0.0634823217176715 0.317038484988887
0.311523251994952 0.79202603879558 -0.155599809350722 -0.581041164511423
0.536165684289885 0.287981241036662 -0.399174420098593 -0.335674898144822
0.244543976593546 -0.0843255361317589 -0.538190953859483 0.133369125928132
0.123749457184687 -0.0811924409730807 0.0656781635903834 0.403132468722952
-0.0157218483413039 -0.074693968172867 0.275066736659405 -0.0184261864288161
0.0849007458268566 0.0270147706791014 0.0931049598613687 -0.167306077166538
0.155751699538443 -0.0725766187528445 -0.0307819214380945 -0.150503054609343
0.140911615302883 -0.15528178304682 -0.0918798386313025 -0.0851050598335689
0.107530251861375 -0.149044152235616 -0.14106428657582 -0.0512475782292017
0.0953217313967811 -0.12695679049085 -0.177986033644835 -0.140539571185479
0.123564354611995 -0.0928279786992818 -0.0239675064148209 -0.223509861703463
0.0761380130333389 -0.0210940351881287 0.00095379757233595 -0.0377071237773863
0.173941934734784 -0.113083188767492 -0.0696801826522864 -0.358584013613539
0.390330978772786 -0.012757490481115 0.482835964752019 -0.0599232482278479
0.577346399483316 0.531355054015204 -0.0939387722855238 0.0783117287097577
0.271871603488209 0.58664437093008 -0.086844808548472 -0.801341115535297
0.372416269759853 0.0706112896457892 -0.24395781256497 -0.548356499285152
0.0675124832135304 -0.0673251492055389 -0.604192850800741 -0.133688184095617
0.0033066242416782 -0.0168614116404746 -0.149036930394432 0.378558219368904
-0.030885811901456 0.0722055335011194 0.217117183730054 0.125424092942373
0.135978816045674 0.0843535367792805 0.177642961014455 -0.0861689359794975
0.188553273891063 -0.0374552615718172 0.0653317865283165 -0.160188299850813
0.162633989127981 -0.114670754637121 -0.0329908863207211 -0.135527342398575
0.128309844170957 -0.0849963305380784 -0.123486594487357 -0.0998389501911818
0.109225116254258 -0.0231676020080121 -0.164517006564319 -0.207527011338146
0.0278871929056166 0.0516395723051711 0.0426738149913497 -0.257557028305567
-0.108539585450255 -0.0463786157407639 0.0248027760863698 0.0321702697427497
0.0953679374573612 -0.201891533436049 -0.0971363465429211 -0.300238461481431
0.357301141792294 -0.154898365918295 0.279807582733816 -0.0317330087260471
0.534120814373068 0.425623287641191 -0.259108104139592 -0.132351457527473
-0.355678759850344 -0.357102484349793 0.35859108821857 0.305533341016473
-0.317420812854186 0.187607897317334 -0.0972660349039679 0.0160021395669011
0.0122153192054707 0.233228606488794 0.0803345732086596 0.253401244381076
0.229255193985479 0.0295096903220869 0.0154940403692238 -0.0714237407459807
0.0749403749969516 -0.191316598017563 -0.058339777470866 0.226695461355399
-0.145041245700692 -0.11193133317132 0.142180750073516 0.192878330415938
-0.164257508468749 0.00298080911352283 0.0985028053704306 0.117790762258925
-0.160358939274271 0.0512272595590267 -0.0435089127826078 0.168595126392379
-0.15653534214241 0.00937623949036504 -0.154260927574816 0.173614716553744
-0.138961932361676 -0.0920540423863242 -0.25168045206314 0.0262809999620585
0.0209040550413129 -0.174091131974987 -0.184094536143278 -0.223080627130944
0.124898320330723 0.0063686894904413 0.234240985114748 -0.347443991665827
0.0223558795383671 0.0743644020638657 0.647860362642935 0.210844110468792
-0.141609364227668 0.176524662700283 0.220145191032404 0.701603256038185
-0.275851567609108 -0.214751621996921 0.0489017984264365 0.914105835109844
-0.0891111251638661 -0.170304425550341 0.36220578980054 0.386570851187163
-0.210827817810983 0.0992984762254608 -0.0459248249051449 0.100319754227093
0.0684152752750329 0.256353023377296 0.123541247403375 0.281373062292518
0.334230655419734 -0.0226817762402837 0.120172212883377 -0.0851551655713698
0.111816318914197 -0.322854953416514 -0.0336275925037913 0.135039761763926
-0.178378049662346 -0.217657584826163 0.102580276876258 0.131908614933414
-0.18641730466763 -0.0699624034869337 0.0390824497908358 0.0955377710524038
-0.135366227082867 -0.0126490915514594 -0.102617793901116 0.173304783361774
-0.0980739962423937 -0.0211280926232733 -0.219615128349163 0.176384613436611
-0.0970205476660748 -0.0826901384546221 -0.307709765587116 0.0075014907964622
0.0380547305888775 -0.197037611050409 -0.210125366875817 -0.269928268483356
0.237952813283504 0.0236638164705968 0.248670338106872 -0.355392194121305
0.0109371596952876 0.150902501440901 0.608451221315894 0.148352367359924
0.0329871094558895 0.268691372207478 0.327806979509581 0.71518523641462
-0.1958172518695 0.131484380284819 0.0527507259285942 0.960138535055424
0.194470191297849 0.0993104915932233 0.259603108660295 0.369564367127963
0.0532362023826938 -0.015010770312084 -0.138588040543188 0.162380331089773
0.0748756023255284 0.163837544913797 0.112541005635735 0.403102828465773
0.375010110031088 -0.0757457744356786 0.282938378584008 -0.0421916937497309
0.11495079789738 -0.405256964981124 0.039272252111418 -0.0137075055510909
-0.187097015611079 -0.274422312737513 0.0441992289243975 0.0223448224392487
-0.175983421138745 -0.122177124147613 -0.0359565983712375 0.0454690720948459
-0.0876658395905903 -0.077972262603779 -0.145942575168278 0.150366899384068
-0.0269694959320988 -0.0644117623612366 -0.242265754421021 0.170055724576195
-0.0272987170964913 -0.0834676515529389 -0.329139180408657 0.0215949477337905
0.0833031760651617 -0.191448949959325 -0.26555435201574 -0.255347809553285
0.328542938959202 0.0428186670389622 0.174039766750751 -0.400846047326778
0.0335644319522979 0.262057148156871 0.542861492355095 -0.000765701895835193
0.125780366464107 0.298734518604983 0.501576382001263 0.58013956975528
-0.0589126495198068 0.402425100900346 0.105136907457881 0.905583933852318
0.377464931655219 0.423139631073749 0.0878672872746563 0.232413674664934
0.370221558239249 0.0156038948720785 -0.29537796951725 0.148002528794507
0.160002487186654 0.00904147662604914 -0.00583921396834023 0.510943347659923
0.356174029830775 -0.127217878792014 0.402672928840475 0.0843354245770366
0.0848723832458783 -0.424625371900227 0.151566688266279 -0.144928481424222
-0.156767781131034 -0.260471631331302 -0.00246328717518509 -0.102564444690083
-0.120780371056157 -0.142199707591982 -0.102149829186024 -0.0201936915086597
-0.0278531912077697 -0.130820141657492 -0.168085848954209 0.106291865754498
0.0348689291194701 -0.117494580230087 -0.227379419511889 0.145621132064992
0.0424624207031124 -0.113842978448375 -0.305890576952226 0.042118541531734
0.152164520185974 -0.19368186236715 -0.290690424583794 -0.204248790539851
0.388019028646884 0.059433114447445 0.0495629168201739 -0.408553233456228
0.0999090136585989 0.304446523105424 0.433161846989142 -0.193199297741278
0.203950544696481 0.304370088857747 0.643605157517222 0.360851373554596
0.126497832719239 0.572243891328227 0.159804068109643 0.762461404196383
0.432955747153513 0.680532362784502 -0.0749293245638806 -0.00567526887625747
0.563657918089161 0.179457689315132 -0.438701857136605 0.0490310565624102
0.295507030759293 -0.0689396089138708 -0.195647008602877 0.523965234511908
0.31199160804683 -0.18060381669498 0.412492182296939 0.240529009985644
0.0452307062417667 -0.37027952220311 0.256170550366109 -0.196366711726894
-0.0871758314950936 -0.184762882318268 -0.0134810685784181 -0.195075661080213
-0.02682019292713 -0.136137880796685 -0.130315173748613 -0.0810908550335531
0.0370328539347818 -0.164622989545982 -0.166030927301672 0.0459191953963131
0.0743580710342056 -0.160698072086124 -0.195036600617867 0.0938283295200817
0.0837564822827655 -0.15748130063714 -0.258833978536793 0.0195977019602024
0.20282766971632 -0.20502410964469 -0.245405090230207 -0.166426556414859
0.379269697003377 0.0531750163658558 -0.0408530432731358 -0.322103532031976
0.167262671649824 0.225540284356707 0.254495800271425 -0.341430110642935
0.300318966741872 0.256725792112625 0.700584072524468 0.129364180477091
0.327443510534659 0.632237948154377 0.156404357950497 0.554765220788348
0.371509026565971 0.828997806895857 -0.165777371361224 -0.297242200131367
0.601022404309609 0.321294767805999 -0.488368763933604 -0.121486199752332
0.348243719543366 -0.0806778018773812 -0.398256397499774 0.397038534682427
0.243283317981539 -0.156313673707318 0.286661943567651 0.369920860331568
0.00907349799107144 -0.242348326212673 0.301536416523793 -0.148136697385296
0.00197121793074006 -0.0734233540022669 0.0210288329685498 -0.216189854838525
0.0750440272349551 -0.108899663975035 -0.105926440968249 -0.124527472843046
0.0946096941566525 -0.172952138930368 -0.139734053546271 -0.0201218539860134
0.0930308279000824 -0.175961184941715 -0.162048343795233 0.0219132604303834
0.0936509214343212 -0.173239387961135 -0.208450680075212 -0.0523945812079996
0.190648438402824 -0.184609577647184 -0.135723944048612 -0.176104835121375
0.268390435302465 0.0216940908060661 -0.0461713531979967 -0.171842952593602
0.195275306054971 0.0547201555239906 0.048579830615648 -0.385629239519809
0.377083731998344 0.142673388268576 0.635763120061458 -0.0238402854127687
0.497676545530611 0.608069332458869 0.066673921234596 0.313582499759008
0.298020008497171 0.801673145172436 -0.158409443358105 -0.579507801669399
0.538334610150433 0.28414586086268 -0.399401449245292 -0.333318686289261
0.243633247612846 -0.0857014938181827 -0.534714713069411 0.135632529814942
0.124086038472236 -0.0813405873776646 0.0688281510073728 0.402981914718787
-0.0157947984035945 -0.0745713640130478 0.273594783993496 -0.0211440415743715
0.0835074200916086 0.026471130931052 0.0919762169026131 -0.167979991806996
0.153741841336897 -0.0726346991874342 -0.0319160215606345 -0.150492045682292
0.139447549822757 -0.155540409412491 -0.0923761361084261 -0.0851286151424069
0.106479610935372 -0.149278601866406 -0.140381927286421 -0.0495637433424929
0.0933422010523282 -0.128691870369422 -0.178571813195927 -0.13927158351632
0.121134316536315 -0.0943434513650827 -0.0256032013755855 -0.221962478271724
0.0764377022366847 -0.0208564478900888 0.000788004058440841 -0.038133737053841
0.173916964567993 -0.114887323874615 -0.0714570314416181 -0.357510913569928
0.38858252263938 -0.0144788154200534 0.480235477361473 -0.064767720723537
0.580815616297519 0.523486862947143 -0.0929591358279687 0.0785239585512931
0.271288688669744 0.586903869557005 -0.0919572911257008 -0.798669822761226
0.370968563664989 0.0661048742935856 -0.248107146609378 -0.543473391276993
0.0673329880213435 -0.0663098188841495 -0.60324432604896 -0.131812986432439
0.00358389719766937 -0.0183378187014291 -0.148754960367729 0.378725645935159
-0.0310977878590234 0.0726801490061761 0.216958963054619 0.123294165664891
0.136078205728922 0.084473048612863 0.175620369781272 -0.0875125598809244
0.18851965957369 -0.0370161413951904 0.0623473968579802 -0.161157395800157
0.162956815562543 -0.114756288071006 -0.033710071588712 -0.13439797266319
0.127287146977157 -0.0864945524796574 -0.123000212030184 -0.0996622828566205
0.106329399655425 -0.0250134374707806 -0.16679050414899 -0.204016361911524
0.0283486808377636 0.0508386408102712 0.0430717963398241 -0.258436305193474
-0.10846481788547 -0.0457951709568062 0.0241704331771522 0.0314368760132681
0.0957388335198362 -0.202241341421342 -0.0951541957546947 -0.301716444449498
0.355164520277665 -0.157975593207656 0.277558027706407 -0.0346732267768805
0.538921267405244 0.416616593892441 -0.259952904221886 -0.129778649120848
-0.355978346701158 -0.353421482844838 0.359662785987507 0.301995082027829
-0.314641197023832 0.189865763605502 -0.0968568306757061 0.0169371597809279
0.0137074153022743 0.233105752374332 0.0830037383817122 0.252366871551044
0.228800244660353 0.0273292584591744 0.0145901731471112 -0.0705361628481711
0.072092366101873 -0.192593500214083 -0.0546740412991533 0.227597910237935
-0.146295238182257 -0.109236130067718 0.143690557578918 0.190533999058172
-0.164029857416119 0.00450550869231223 0.0986264645928284 0.116428088454834
-0.159224724024051 0.0528027194381082 -0.0417478647815909 0.169284951679448
-0.155659817982025 0.0104365894631652 -0.153168152342184 0.173790147289495
-0.138869039003696 -0.0905133017717133 -0.251686019950216 0.0283900305858613
0.018898626389752 -0.173286576168558 -0.184939080570734 -0.221137013690705
0.125086163807972 0.0054682557064881 0.231690635640412 -0.348764813196354
0.0219166413849455 0.074031341955095 0.648568790975421 0.205395304323169
-0.139702001491644 0.176814976619319 0.222877333611829 0.696924774615031
-0.276387736799599 -0.212113817542666 0.0558803491066696 0.910379649216966
-0.08984428730185 -0.170002551012852 0.364355723509546 0.3846687451391
-0.209182880098776 0.100694743227598 -0.0456934299043616 0.100242399605479
0.0705922014555432 0.255234193966063 0.12486514537683 0.280034526564514
0.331539578242809 -0.0317044289106797 0.119308726414715 -0.0845629575480593
0.11015544195683 -0.323239985030269 -0.0310844829367248 0.135000586620397
-0.179591601120349 -0.215407669230571 0.103206261313724 0.131155852302581
-0.186790116685127 -0.0687462418159593 0.0399334647821051 0.0953043956812756
-0.134723405829262 -0.0116899428036816 -0.10105070854607 0.174414243336441
-0.0979060839350241 -0.0209495151294144 -0.217416941921915 0.178116187662936
-0.0969768061962017 -0.081205351354426 -0.307845115815847 0.00738980412620923
0.0369188843480768 -0.197900829212489 -0.212309061595663 -0.267187877487793
0.237659968021506 0.022794867948507 0.242227475697534 -0.358296390376334
0.011090003572124 0.15102523854053 0.609375933170602 0.146954946110022
0.0342140293317295 0.267220760538711 0.331019523079861 0.709976656067327
-0.19419256021984 0.132544877566899 0.0590971408376952 0.956253321868129
0.194533244707903 0.0956234080127638 0.261149594135286 0.367365031433013
0.0537342288610461 -0.0146247333196599 -0.136478444783176 0.161848182076622
0.0766503617270187 0.163440643002906 0.114657573572216 0.401431242783396
0.373488593744293 -0.0794093998787864 0.281624228580817 -0.0429025429746635
0.11010645478418 -0.406848539030606 0.0395389517469825 -0.0134657565305701
-0.189622085150706 -0.271120626437583 0.0446520460807152 0.0216847978770736
-0.175320238964198 -0.120759271623257 -0.036028579425887 0.0453660559575183
-0.0877888112243137 -0.0768459287149395 -0.144209011383345 0.151762100488031
-0.0272732121789019 -0.0643166092570915 -0.240666562769473 0.171479657040256
-0.0280896829728202 -0.0833919294009004 -0.327421588322284 0.0239517238083653
0.0804600231039209 -0.192707565180265 -0.266211650575311 -0.252062741420515
0.32828355336387 0.0400461340477237 0.17150345179171 -0.400952536131768
0.0353371681998866 0.262005069219258 0.541721616271411 -0.00432719368473458
0.126599663862851 0.297348035200953 0.503453332290909 0.574631976170725
-0.0553105691573976 0.403649672946 0.110807768040366 0.901670792992097
0.384879469920805 0.407522435270492 0.0887004284097138 0.232358371786911
0.369090207143131 0.0148383840321912 -0.291847844855267 0.15008305269161
0.160025222794257 0.00777049578164089 -0.00235946307602983 0.509654540447984
0.350248866317356 -0.139228799140664 0.40268225507692 0.0810518406159855
0.0827903499946633 -0.42512539979891 0.151312470410198 -0.145981750431917
-0.157595439127246 -0.260516160396402 -0.00347340885524612 -0.10207838810718
-0.119622049133853 -0.141883323589818 -0.101307399475429 -0.0189046004597456
-0.0273194292156312 -0.130387701136348 -0.166620524771612 0.107464877715477
0.03518726628933 -0.117194587071227 -0.225375624067543 0.147315029000155
0.040934923463909 -0.11323290222925 -0.308567009914359 0.0388147186315512
0.149098834867389 -0.194983326247123 -0.291561397073544 -0.201008260988971
0.387257699935129 0.0548222946472917 0.0488262901869213 -0.409065863264417
0.0986638051336375 0.304521438840353 0.435533763187849 -0.191691977115943
0.205335890525916 0.301946846675875 0.645387628053954 0.353683856992983
0.129743645156348 0.568674958532672 0.166226210135045 0.758874459683228
0.423338676303038 0.695201718440643 -0.0750333686208185 -0.00538473004969868
0.56455339568769 0.176603533846455 -0.436365056404176 0.0515428608392925
0.294298535130435 -0.0719674719857138 -0.192012724315789 0.523693688819489
0.310044863733439 -0.183018150001906 0.411256529949976 0.237488710445315
0.0413847822051961 -0.370911202498113 0.253782714947354 -0.198093875546646
-0.0894341982025708 -0.18384518399618 -0.0145441555311317 -0.193809032599009
-0.0284818109360358 -0.136123279502976 -0.130396036530555 -0.0808463389491888
0.0359112845460426 -0.163846651749767 -0.166226778040615 0.0474985875233325
0.0735889813930496 -0.16033762658951 -0.193336323857477 0.0953310866987218
0.0819044369385446 -0.158120110067621 -0.258455960639592 0.0215076441465072
0.199912125008944 -0.207010644661141 -0.245131636895547 -0.163336298031324
0.380751280861959 0.0503672069980242 -0.0443716782782319 -0.322426890761623
0.170205465175875 0.22455256381973 0.251837868463214 -0.341473136439986
0.301877964096051 0.254915288044075 0.697260564072716 0.124269104701601
0.331575068449903 0.630609897736347 0.160150591539238 0.552052088309105
0.35294059217172 0.847357379869586 -0.165979600186691 -0.299076983027077
0.601484566299934 0.315618972653186 -0.487838519350901 -0.120110267451697
0.348288061865018 -0.0809001241875191 -0.39651143724776 0.397909127970261
0.232680165271807 -0.166801594989371 0.289835048186449 0.364332234744439
0.00785394345740144 -0.242235651052437 0.298243940684699 -0.150582992323406
0.000814259689308428 -0.073797693423158 0.0191647609654725 -0.215484928068607
0.0765084916518149 -0.108679923934242 -0.105001573061187 -0.12513950918281
0.0940637321079585 -0.172659297804422 -0.139899294279852 -0.0195317210867354
0.0910789726418849 -0.176288926796932 -0.162126871703004 0.0229193667233867
0.0880039731201381 -0.174746272259777 -0.20866130567065 -0.0461545625129154
0.189786028155523 -0.185669978306689 -0.139471900360541 -0.173707948002474
0.26844276945439 0.0195296663757759 -0.047103987815142 -0.17176799388715
0.195274351994017 0.0542799491351064 0.0515956680080581 -0.386134247253023
0.3775852923121 0.141360399846051 0.634754030409549 -0.0314295319742412
0.502660108014948 0.600509672578506 0.0687574319033679 0.312985082964448
0.280760242902588 0.816863508746302 -0.15942411911107 -0.578463965703943
0.5366879236102 0.279830016100384 -0.400091065910358 -0.329960171255631
0.241850342331281 -0.0867778634131187 -0.531922976882577 0.139898319456341
0.123646343477808 -0.0823276545566139 0.0714928321505086 0.40138460166147
-0.0174633617462805 -0.0743287581407906 0.272379873693502 -0.0233596769021632
0.0832598788402851 0.0250573420513206 0.0897820136532603 -0.167821287485409
0.152924413523063 -0.0736604884756352 -0.0334322053568879 -0.149457336541397
0.137030930673631 -0.156722917952888 -0.0928290024325553 -0.0826464765404288
0.10430063727297 -0.150598996862078 -0.140613534123327 -0.0479975058481059
0.0915500564566203 -0.128193665656906 -0.18017894451513 -0.13699829729039
0.12057060465088 -0.0955094012308723 -0.0282964092121657 -0.222275859450994
0.0759931362545069 -0.0223311452953921 -2.3773491767261E-05 -0.0390103381485899
0.172388727134263 -0.114810044481371 -0.0743445667861336 -0.356576787932444
0.388577387769953 -0.0166889820254315 0.479930585128531 -0.0664307949644646
0.586652393501009 0.519201550825433 -0.0924029264602369 0.0784396464847033
0.262337874671793 0.593409232855346 -0.0941259130073628 -0.797135085220077
0.370024472084481 0.0635690491229069 -0.248093963452643 -0.544087591389828
0.0669105572140248 -0.0669747332860167 -0.603265263735714 -0.126863110691786
0.00422489061418304 -0.0182830864766969 -0.141278876606834 0.377967285733453
-0.0304515310025556 0.0733017647107897 0.21645255543608 0.119536192212029
0.135693786512947 0.0814286656289123 0.175208164910725 -0.0886770821290001
0.188368773710702 -0.0379617100151588 0.0650339854148031 -0.160345335646202
0.161950446505455 -0.116394696169759 -0.0335078846045101 -0.134273092338117
0.125791452734881 -0.0875881400767805 -0.123174127798257 -0.0979588843720712
0.105612799884209 -0.0260020022397983 -0.174736791380364 -0.196284733120623
0.027867583724585 0.0507182789436451 0.0362617611206103 -0.2577398348843
-0.108245468951837 -0.0445066092643449 0.0244661483630748 0.0307808796386219
0.0882621119459273 -0.203310761854033 -0.0952344196357623 -0.300739330067222
0.350264953072749 -0.162441419119037 0.274955204851127 -0.0383171373394447
0.540534635339151 0.407947355352697 -0.26126085110955 -0.128011766658285
-0.357808762321271 -0.350797774738361 0.363078505513296 0.299692306775739
-0.313026617238738 0.191520628635735 -0.0960914013899841 0.017922998593232
0.0144697751718733 0.232305230988068 0.0841703114648963 0.251173612012543
0.228454001330034 0.0242901856851144 0.0143064967172973 -0.0696188694979984
0.0709324917811783 -0.19390069242007 -0.0517066678898405 0.227383579739648
-0.146912836857989 -0.107661578136093 0.145181960709785 0.188926601477723
-0.163885870299006 0.00558861848966259 0.0998557759330446 0.113736888264417
-0.158533094119085 0.0540051834521439 -0.0400630249326579 0.169337686254137
-0.156091632566005 0.0108463987459683 -0.151301858343669 0.175268872410772
-0.139043762559251 -0.0896741159278292 -0.250557300772922 0.03029449101594
0.0175189844508403 -0.17367765734813 -0.186863782020951 -0.218676799917304
0.124486787552908 0.00607952511794042 0.228865810448804 -0.349659178705095
0.0220397090512817 0.0742684493840468 0.648273733356895 0.199309984521851
-0.138241580489403 0.176900076488739 0.228176706907823 0.696173073616911
-0.278373257763392 -0.209292670105695 0.0603795303226496 0.910358868702131
-0.090010680574282 -0.168266323198906 0.366023394601035 0.382102491519327
-0.206732190224721 0.103104515971796 -0.0458386798546033 0.0994928387746664
0.0712523027314314 0.255928616107721 0.126409767507437 0.27858039109716
0.330641127105815 -0.0360679734803013 0.117795187595835 -0.0854263927522151
0.106394644840308 -0.323988650245123 -0.029186685400525 0.134839347534032
-0.181689785913482 -0.212481746086445 0.104974773978977 0.128224166829455
-0.186046067963686 -0.0676757029024862 0.0409772442455924 0.0939429117031827
-0.134240022712757 -0.0111888267526358 -0.0996463590370111 0.174648655327049
-0.0981047421045428 -0.0204249826727979 -0.217376228964859 0.178372129491751
-0.0976436400191338 -0.0801119918961738 -0.308646951570382 0.00959421237645042
0.0357889093166153 -0.197478657824156 -0.214389390552535 -0.263051098620613
0.238050137864938 0.0211662955021554 0.242313791068234 -0.358899923943798
0.0117572470553552 0.151458843411956 0.610237362396147 0.143086796906732
0.0373897898121518 0.264931049016883 0.338010905653246 0.70400090866486
-0.19236192443024 0.135030932859753 0.0621369051551784 0.95371693888289
0.195101138115518 0.0960775216569645 0.261919586919751 0.365838299348501
0.0536887729015791 -0.0144095056247421 -0.13554024864863 0.161753782545591
0.0784140976938563 0.163214405838961 0.116667475250245 0.400117719401689
0.372245430892122 -0.0831174545891373 0.280436539158225 -0.0443996525313283
0.10675137682591 -0.407029178284372 0.0399675974764569 -0.0147719832911582
-0.192293587821862 -0.269744716487627 0.0456548615496168 0.0209898009347405
-0.177255853405874 -0.117783156307084 -0.0350640512932384 0.0450169501042081
-0.0876015207947304 -0.07554181039379 -0.143148684523114 0.152619033986924
-0.027106559730855 -0.0643360392786751 -0.238730140271869 0.172662547552678
-0.0284826401055076 -0.0831679131555989 -0.326491237694338 0.0271207303727869
0.0789535085634495 -0.19236697821827 -0.2682789246137 -0.249827219114087
0.328350484009476 0.0363127624390761 0.16774124142465 -0.402968621290817
0.0358792989673359 0.261540379391856 0.540679993410811 -0.0083728392974473
0.129332227975754 0.296366773397828 0.504856771591664 0.569793982551606
-0.0526652931957171 0.404086137075298 0.115371178609669 0.9029011661254
0.386161101566761 0.403248766145746 0.0918561077388036 0.229771598989043
0.370689390912763 0.0122505755056499 -0.291896103085217 0.150534232207608
0.159720507176413 0.00742615229376375 0.00153393689827842 0.507577578017912
0.343482311951005 -0.149386150905808 0.401760516887245 0.0751847513762126
0.0813039871014999 -0.425388292135818 0.149430476642834 -0.147419613339845
-0.159446445032073 -0.257110558366883 -0.0041892310876274 -0.102478909303248
-0.119742319441988 -0.141294692870981 -0.101929958854282 -0.0184408244197642
-0.0272330428577298 -0.129465292405763 -0.166539294057528 0.108932080570129
0.0342026974975051 -0.116945371680661 -0.224601799882799 0.149025114739355
0.0377236008584566 -0.114419479399551 -0.307681431607415 0.0424875650627156
0.146294350051529 -0.197209030780731 -0.292132106577382 -0.201753243878852
0.387741836001266 0.0499855807909776 0.0465144522774486 -0.409421687169041
0.107287761109549 0.301625200471329 0.432749367830417 -0.196395268641663
0.207868829418253 0.300416541756832 0.646316865868644 0.345761808147848
0.135508619521237 0.567963394165181 0.170938930453837 0.756633150485873
0.421573703349563 0.695376988492774 -0.0748878343506284 -0.00545098998030908
0.564198678665019 0.170763890549134 -0.434668523490395 0.0540500563260678
0.293843709042469 -0.0720395865549883 -0.19077199076861 0.52334250017799
0.309017509616286 -0.18594959168533 0.412583615220937 0.234762967597115
0.0372331555936139 -0.370045067131678 0.252332390331011 -0.200799474283479
-0.0910005848153064 -0.182187116422883 -0.016496729884347 -0.193422366848251
-0.0296026880895602 -0.134689409953554 -0.130891128088429 -0.0791639929372703
0.0347382743345286 -0.163410011145604 -0.164804323423077 0.0486896215349703
0.072303865286573 -0.161255371952866 -0.192849492328728 0.0968636262679604
0.0798290359116999 -0.158222927048503 -0.258056065616932 0.0244325697146005
0.197911423530456 -0.208786131190113 -0.247520378928566 -0.160385067427871
0.380666561079508 0.0467091871858901 -0.0458216364772689 -0.32086375702779
0.171837077588899 0.224078659573692 0.249102788649278 -0.342289585953741
0.302401188802956 0.251827290666397 0.698470789019119 0.118363054302799
0.334977219940189 0.626075833262288 0.163487923592619 0.549551290540537
0.367032557297646 0.833279436378014 -0.165841499702963 -0.298047150328799
0.601852326206763 0.310607789393438 -0.487211593924944 -0.119404356115974
0.347429062585312 -0.0824585581981039 -0.391931838610568 0.398932157258007
0.2354227857744 -0.165516301553971 0.295186537281775 0.356651212651316
0.00364841621798045 -0.242209158164445 0.296061420121244 -0.153490625705702
-0.000833290195245993 -0.0740963252714671 0.0181370792562379 -0.215236324743094
0.0722134646699068 -0.110011708348867 -0.104805879904422 -0.124409395505288
0.091227788777741 -0.173829715779142 -0.139539700516411 -0.0184967483751524
0.0899812317944324 -0.176125572501319 -0.161831459216365 0.0252129181447108
0.0907718231938482 -0.173621934699049 -0.208659786474177 -0.0417014974222443
0.188816298657543 -0.186932074685982 -0.140728245284336 -0.171936358015601
0.268862249909557 0.0156188204474957 -0.0483917831521083 -0.17170235932816
0.198326785784405 0.0478532410637698 0.0542711913731179 -0.386841542568248
0.378050633136623 0.137375622654136 0.632714011081636 -0.0369696182411636
0.505580065182096 0.598490832141717 0.0688451447988826 0.312362872817564
0.304456986132132 0.794151146448181 -0.164016871521362 -0.575161526602118
0.536965285304539 0.275816382548331 -0.398519713283062 -0.326734013542596
0.241699351294256 -0.0865998930115708 -0.530538067744664 0.139886327574459
0.123471960501507 -0.083833567614072 0.0735187762097457 0.40060150542841
-0.0181749856753634 -0.0742510819597276 0.270972985324217 -0.0253027617472612
0.08331515947148 0.0241291039554413 0.0879301698341283 -0.169267144084524
0.152660207271419 -0.0748549580971914 -0.0344232505729016 -0.149264837694173
0.135023365164009 -0.156837919935009 -0.0924442078404666 -0.0816540372789432
0.103714657519503 -0.150941462232506 -0.141450579854764 -0.0464313603645859
0.0904363122111561 -0.128619786665702 -0.18228760202415 -0.134904093912849
0.119084287733415 -0.0966004704005546 -0.0303840423519874 -0.222058983860432
0.0760248626167064 -0.023241138300376 -0.000517961916907571 -0.0401189626607191
0.172252775130143 -0.116781510215627 -0.0756056767256333 -0.355248978652196
0.388613824619092 -0.0195751754370137 0.478432243861454 -0.0710148917916698
0.58613882559549 0.515729240017416 -0.0923617423189893 0.0784956572919639
0.269512532239959 0.587408849630018 -0.0933967353780758 -0.795151946265337
0.36858486060086 0.063139061664612 -0.24655462951813 -0.543905595967319
0.0664661810336256 -0.0670369993454419 -0.602142373215618 -0.119358774135558
0.00456393331009007 -0.0178116597237075 -0.13506827908254 0.379689223495893
-0.0303236329215734 0.0731296660602189 0.217428288572869 0.116922406792074
0.135082278114289 0.078778887826309 0.175437997206695 -0.0898247887631655
0.185894644481324 -0.0418424512975639 0.0647379399814907 -0.16033693166873
0.158028556965846 -0.116966394252458 -0.0341665205511821 -0.133504364191713
0.125603631775594 -0.0878365334911231 -0.124677550933266 -0.0955820594557529
0.107782281153068 -0.0257054217544116 -0.17460744460046 -0.196373322673591
0.0286671175690615 0.0502522062400025 0.0308376619497295 -0.256993481728159
-0.108538091952262 -0.0432191989422284 0.024542139101247 0.0300684216574855
0.0842272196678187 -0.202642805414162 -0.100676243907661 -0.29782298112177
0.348715901618484 -0.163702487640071 0.273861931390384 -0.0402500088655692
0.538738134077914 0.40891836336136 -0.261707450340492 -0.126833419327579
-0.358925026008237 -0.346512112808169 0.364853144752268 0.297199211436948
-0.310514893021857 0.194123183998793 -0.0957777587630365 0.0184495264038364
0.0168858523675848 0.232151448673416 0.0858448184453302 0.250361070552859
0.227336927444511 0.0227605379125801 0.0139227810874065 -0.0689070918954652
0.0692874671614357 -0.194024818364523 -0.0487003232382089 0.227592073046839
-0.14782788361693 -0.105614073121537 0.147569400192098 0.186660900348306
-0.163900001669267 0.00708613057138393 0.101273460810408 0.112192319809597
-0.156879844573649 0.0552367324308919 -0.0388256369123068 0.170027166019893
-0.155889146860208 0.0116689845835619 -0.14935517735033 0.176121863140643
-0.139183472863365 -0.0884473803694558 -0.251304326777153 0.0333275869276226
0.0163871004791554 -0.17316157514675 -0.188665868524354 -0.217108091704426
0.123945685732594 0.00426780691494361 0.225838941553757 -0.351442838617127
0.021964717891754 0.0736835792413647 0.650035920322398 0.196896688109023
-0.136030991283892 0.177686095643002 0.230314959943166 0.693025949640326
-0.279046922108482 -0.207923415668298 0.0682961554245122 0.907228433487766
-0.0915202749479562 -0.165443758873323 0.367582920258209 0.379675243833104
-0.204736776077431 0.104087872707099 -0.0436083817808205 0.0998777885260728
0.0739170732592135 0.254656698552675 0.127054865960505 0.277147529991614
0.331099292357496 -0.033353894529367 0.116537995304328 -0.0846231899663459
0.102828495582579 -0.32443599867037 -0.026929293109836 0.134472833050557
-0.184077212206909 -0.210171187544571 0.106639278086856 0.127915780200024
-0.187368082890639 -0.0651203834787394 0.0424295918125705 0.0928636926290431
-0.134010159587053 -0.00943258101330116 -0.0972792595174923 0.175936186784338
-0.0976702380088613 -0.0197025833927859 -0.214485572480299 0.18012797487973
-0.0980727815165163 -0.0796915682482799 -0.306931983219031 0.0146002822644597
0.0332803925192981 -0.197342555627215 -0.215756834137904 -0.260286926072928
0.238078212121614 0.019605603414907 0.239243519175514 -0.35937418394252
0.0127622080255806 0.151767797897445 0.61028778494243 0.135888749720636
0.0395172233875564 0.26508310841319 0.336315935962752 0.705341359528031
-0.191785859227364 0.135996014527264 0.0694216565696119 0.950494757264031
0.194356204544984 0.0983915679663129 0.264292751286723 0.364420040837999
0.0548452712438831 -0.0146863104850603 -0.133685823353789 0.162261051583473
0.0804154671573337 0.16186432449862 0.117876089773114 0.398624335925324
0.370571123632961 -0.0867385251426823 0.279184906283647 -0.0456217385033796
0.103023626596519 -0.408053871106659 0.0405422803467471 -0.0149640529670735
-0.195212134921064 -0.26582095593829 0.0460844408115459 0.0194434270253822
-0.178001647825603 -0.115830263549291 -0.0347595236573497 0.0449930492838085
-0.0877794084478707 -0.0740010608064559 -0.140895282130178 0.153831333525652
-0.02831973271542 -0.0644208213524038 -0.236860711010074 0.175216246489448
-0.0294742218469736 -0.0822500515471717 -0.326219578205899 0.0297258826672114
0.0778329202214265 -0.193621787963277 -0.269836075534765 -0.24588697103209
0.328901025773954 0.0342324828496717 0.164301345164163 -0.402442186220764
0.0389532312235384 0.262416895653413 0.541893787687762 -0.00974858957761618
0.130242892776291 0.294261016715716 0.509195172280806 0.567253116723626
-0.049310031563892 0.404135092855336 0.123368375140725 0.898905840249402
0.384079118976979 0.411473814763302 0.0935663944070464 0.228395778400468
0.36946083652627 0.00898098471186879 -0.291510307921572 0.150337600091831
0.160872442952076 0.00706519174326337 0.00541527260824235 0.506444618379075
0.348027098736896 -0.143425971213893 0.400960602021728 0.0738629455947591
0.0740728607337197 -0.426272715745734 0.148367750588165 -0.149086792336657
-0.164401074275442 -0.253722289180815 -0.00485201097871138 -0.102262771184806
-0.122784098584841 -0.1375879213185 -0.102713205844291 -0.0184737050170537
-0.028938550113262 -0.128694935703863 -0.165028403399516 0.110412285598377
0.0325779011737474 -0.117932874393186 -0.222736662739857 0.150503310458078
0.0369465491284207 -0.11483516695785 -0.303663952505636 0.0484565665052376
0.145143207196325 -0.198242687031898 -0.293933908904788 -0.196767289500024
0.389359159701366 0.0480819169320488 0.04077495432383 -0.409054579254467
0.111850069868339 0.299173538637337 0.428458012869064 -0.202408464935128
0.209139278965126 0.298790286491173 0.647855123070046 0.345920714299676
0.1380363609747 0.568445802000184 0.17288835477184 0.756208289586163
0.439596735575507 0.672449078001638 -0.0744651519358135 -0.00417909538478477
0.563981069732399 0.167272427384773 -0.433664024397821 0.0552941263488831
0.293610602589011 -0.0744298382036487 -0.186219683127821 0.525057104780388
0.306790641008136 -0.188978211179183 0.414289400061504 0.232021615852015
0.0331668206134463 -0.370467462978057 0.250173272202807 -0.203422148530198
-0.0922898029438505 -0.180633214729722 -0.0179927863711 -0.193727006875969
-0.0303210330500074 -0.133630029687542 -0.131297917677426 -0.0780137201262743
0.0341264630189232 -0.162893396379448 -0.164254435927805 0.0497215165214357
0.0712884556364878 -0.161634479759623 -0.190469500708389 0.0982412919603098
0.0782036150161987 -0.159238808690801 -0.257179797176214 0.0262902380835061
0.193649398240445 -0.210578463089731 -0.247286889923149 -0.158638679237142
0.38131813626812 0.0432053338166579 -0.048741863600289 -0.320932479046114
0.17421344090762 0.222098570061295 0.246439325051319 -0.34436360706842
0.303454258277646 0.249829678885892 0.697724512016654 0.113071979514377
0.340300609208013 0.623580766196737 0.16605198801043 0.547908035494643
0.39185343274271 0.802154079093047 -0.169571018409622 -0.293793885604783
0.60227363741427 0.307749338784039 -0.485411029097176 -0.114740188365146
0.346124990981887 -0.0857888673495049 -0.388031073470649 0.402351142773635
0.242279774285424 -0.15867226996126 0.29401880371702 0.358609068774637
0.000181180749724024 -0.242044511258916 0.295457562356943 -0.154963472601845
-0.00204383534219953 -0.0735024481494001 0.0162068046708531 -0.215504315469671
0.0688410686334376 -0.110318140685424 -0.107972670862314 -0.122334013781889
0.0879809860797974 -0.17373431412821 -0.139225119040699 -0.0165841983413053
0.090369750744412 -0.177092023435028 -0.160898885118034 0.0268544007865223
0.0915810252686694 -0.175062397544171 -0.209356163732251 -0.0439004668965455
0.184875763315009 -0.189983084168453 -0.140775167222585 -0.172079323774393
0.269650979217328 0.0126718864989013 -0.0492306067159346 -0.172677156331403
0.198586899447323 0.0467266080195118 0.0451261844872298 -0.38500505944235
0.378836310448576 0.134143478660635 0.631363072065686 -0.0385068445563771
0.505978521722702 0.592832716628182 0.0712881792729795 0.310546658567105
0.324578422705493 0.774507801650955 -0.169183527100382 -0.572871782507652
0.537684470050592 0.270243817998261 -0.401445071070367 -0.324762993369286
0.240456215662883 -0.0873477055555047 -0.530256340410594 0.145056382168097
0.123034362866633 -0.0843827586123262 0.0765362423239272 0.399604650979699
-0.0191313955105936 -0.0742345423020507 0.271176431220973 -0.0280844805650417
0.0830718899860536 0.023392870405877 0.0868253431619567 -0.169949317243343
0.151657192966019 -0.0765634280111063 -0.035199248177723 -0.147606060304991
0.133661070364102 -0.157085513940625 -0.0935783090742264 -0.0802446890046063
0.101745661829802 -0.151927614778994 -0.141429223856013 -0.0458870723383743
0.0873924646026431 -0.129793727305653 -0.182721458433294 -0.132701931410812
0.117509865939521 -0.0987353280659873 -0.033295938888582 -0.221481775372478
0.0762062847426021 -0.024304306923573 -0.00073360571820971 -0.040180315512261
0.170679840377548 -0.117547604657419 -0.0785230164831108 -0.354184891994788
0.386453475451502 -0.0222565303489005 0.47668186050449 -0.0738927930645386
0.590975232706248 0.50839695799112 -0.0920855517174149 0.078873115937787
0.285139209310719 0.570044127802391 -0.102900543642727 -0.792440335482703
0.367000828318979 0.0592071677853552 -0.251190857615616 -0.538707558773254
0.0653918234142882 -0.0669215130244953 -0.600579226579853 -0.117881942612302
0.00522616740638865 -0.0178997998036722 -0.137107375918247 0.379234757067192
-0.0294696648329064 0.0735699160110513 0.217210233891656 0.116347390585246
0.135456917795649 0.0780314615099458 0.173143373754649 -0.0918068912177533
0.185420366224785 -0.0428439431347169 0.0584260135564123 -0.161524879751922
0.157677060224518 -0.118534457497974 -0.0359522246847615 -0.132631854851968
0.125160643479226 -0.0888361516404367 -0.124445276042775 -0.0943042845500277
0.106036303248742 -0.0272310300322833 -0.173058111124386 -0.199352719230825
0.0295785249828449 0.0491604534494269 0.0325245706029591 -0.258167306143112
-0.10835836365219 -0.0428900323222736 0.024626176977958 0.0285679111984036
0.0887794528496439 -0.202515180149765 -0.103301567020146 -0.295032555213342
0.348690111874039 -0.16416495774502 0.275238383645047 -0.0395125594828852
0.542997413684909 0.404501367685344 -0.262001386129089 -0.125240362774824
-0.360602842422521 -0.342586660683294 0.367013341850844 0.294456738878649
-0.307416032404465 0.195829974287583 -0.0952726663958819 0.0183519306181145
0.0192980185270469 0.232048104187695 0.0879703300835154 0.250269544064511
0.226963735086465 0.0204390014842511 0.0127905857682434 -0.0681648445145548
0.0670611773746801 -0.194669831698517 -0.0455369213361986 0.226989978273915
-0.148539312872403 -0.103015652115661 0.149699989716062 0.1841854700607
-0.163655972325157 0.00944709088967896 0.102140493973751 0.110870588108057
-0.15644745015161 0.0570528903867959 -0.0370072538047943 0.169898254673221
-0.155812654413321 0.0131176802403705 -0.147966329791151 0.176802437485089
-0.140527476854264 -0.0869533573078131 -0.249534746609026 0.0357217082434177
0.0146531607602595 -0.172344732235181 -0.190343849242274 -0.214482477905485
0.124250273160938 0.00407767595827538 0.223125468946382 -0.352877408022886
0.0225126080521059 0.0729908014543337 0.648882813010405 0.190880034026723
-0.133422427661336 0.178690089497604 0.234718756077434 0.692425300686975
-0.280262846827684 -0.203609299196053 0.0716945925077846 0.906736124916822
-0.0919683969360224 -0.164523710655632 0.370584171336517 0.375842023888619
-0.204356981147768 0.10525037137962 -0.0422678622548944 0.0995610498704412
0.0779404298785509 0.253699014592483 0.129535890480115 0.27542555956598
0.32914371138039 -0.0381797704806294 0.115185354204043 -0.0849269312875765
0.0995604377951019 -0.326131413449597 -0.0250688634109068 0.13500770832059
-0.1845583511053 -0.209139393889003 0.107885553106676 0.126554891803184
-0.187790230199602 -0.0623781730378835 0.0429499508312181 0.0919633304342608
-0.133941790023631 -0.00784222419771451 -0.0963034386054112 0.175708085396657
-0.0976438949264754 -0.0187351060340328 -0.21199829562301 0.182274548332627
-0.0983695120629578 -0.0788368384917152 -0.306677528388487 0.0176526943483959
0.0309912921859666 -0.197473496170164 -0.217170370393781 -0.259309926937486
0.238607796523062 0.0178537694402098 0.234350902258613 -0.361877504278739
0.0142651741348894 0.151488210351622 0.609667931339018 0.131720765520343
0.0409985367187776 0.263987226262497 0.340170334072404 0.701876616450892
-0.190630941371766 0.137222842797432 0.0761136209891437 0.95024803820742
0.194884145538837 0.0952072424522603 0.268091013386985 0.358892671793388
0.0545543754289235 -0.0151022467915212 -0.13293609309505 0.162683008889909
0.0823531023712106 0.161656315679219 0.121018407151043 0.396932367330455
0.370353808588495 -0.0907997421931322 0.278694533296309 -0.0475842744831876
0.0976875401305664 -0.410210040477366 0.0414012025322591 -0.0152287035106939
-0.1972499047199 -0.263602170944168 0.0461420764209519 0.0192870160456049
-0.17924903935394 -0.113121161622201 -0.0345532649494826 0.0443157426013108
-0.0883035396163873 -0.0730897361927278 -0.139311015153075 0.154610105444969
-0.0277463618748986 -0.0646145787434407 -0.235237526240159 0.177369360486147
-0.0297078699845299 -0.0820883175617 -0.325735855091897 0.0318394081192343
0.0760975532155016 -0.194153926934497 -0.271982689082359 -0.243154308809053
0.330436665059923 0.0318123319118813 0.160923572144495 -0.404899104755426
0.0416668264192234 0.261956709283175 0.540672373922853 -0.0142995683886478
0.133477821164179 0.293587262243741 0.513190723272527 0.561269937577912
-0.0474975470155898 0.404383658894256 0.12928324360797 0.895360853260905
0.385799220414386 0.408573815066797 0.0938881737078601 0.229159189103382
0.369544150888643 0.00625874020664256 -0.289067425224222 0.151566751510498
0.161019996546035 0.00485338487966706 0.00845284231247051 0.505953102559827
0.350583276553487 -0.143215431629162 0.402571213211326 0.0730337388466532
0.066384823150398 -0.425993804209093 0.14714588718638 -0.15029203881135
-0.16583413060085 -0.252391572290046 -0.00660641550551527 -0.103161195493589
-0.125314333854016 -0.13542280542542 -0.10247174843127 -0.0172518441841648
-0.0309940183823266 -0.127170997206432 -0.163475686384615 0.111333128075267
0.0322021610755822 -0.118425420041214 -0.221195717837703 0.152906044179748
0.0376798530557727 -0.113897792845194 -0.302501305422271 0.0511814360370843
0.143202714541424 -0.199360848935382 -0.296893096084056 -0.191056276892767
0.388791853917532 0.0446634519351526 0.0354715084966787 -0.409284279975592
0.108619142279103 0.302897953872522 0.429206903131623 -0.20355814123201
0.210744600711227 0.297038662845509 0.650351397190508 0.342237644531935
0.14108383576756 0.566874308202113 0.18014262648369 0.75537697005414
0.444796501461073 0.666424170834917 -0.0742032547765951 -0.00282461252380187
0.564969790258586 0.162926202613413 -0.433106118601646 0.0591533563266753
0.294252859410054 -0.0763934049806791 -0.180974958591608 0.525184127743084
0.305300488878469 -0.191977144972944 0.415687616901988 0.228848999406816
0.0291302327185281 -0.370390078967718 0.248278071322926 -0.205400190873038
-0.0933883969306412 -0.180076569811783 -0.0191734715990195 -0.192573685390246
-0.031202821642548 -0.13280109247732 -0.131882461411718 -0.0766797000748248
0.0329621970408333 -0.162426875781104 -0.163650222116726 0.0520584577510489
0.0701228007309452 -0.161805714319844 -0.189190029338295 0.099893192019983
0.0759949158729603 -0.159509018146776 -0.255904635124738 0.0285098835723829
0.19225479606663 -0.212206271589469 -0.250036774199349 -0.155686742992144
0.38177657007705 0.0390164993279745 -0.0525066913017342 -0.322054584754616
0.17658755489338 0.220833393779988 0.244181847400405 -0.346191053898347
0.3056736338598 0.248141864027558 0.69784026948047 0.108168783947366
0.341663383639771 0.622248904299126 0.168575072343158 0.54515207482692
0.386718149763643 0.815190987456589 -0.172511251317468 -0.289077733491325
0.60352699425237 0.302203902683871 -0.484177398517151 -0.108213881818633
0.345936980507693 -0.0876607650861547 -0.385736076025761 0.405239021307601
0.236996185272038 -0.166137356398078 0.295548502216589 0.35946777176799
-0.000172291196260501 -0.24261709092146 0.293467068403793 -0.157080977242238
-0.00187224193241914 -0.0734204449556428 0.0132850575104077 -0.214950613035487
0.071567759447966 -0.110146788907062 -0.109962627708124 -0.120573478656516
0.0894974534927175 -0.173370588335128 -0.138965606653248 -0.0152031073636095
0.0877588992499787 -0.177790914030021 -0.160551778687764 0.0278298459275429
0.0834820908473086 -0.175735247945764 -0.209520829195522 -0.0432464412288194
0.181530158805654 -0.192738679949664 -0.143722080909586 -0.17033002413224
0.269707054503725 0.0115132784600832 -0.0529785259355854 -0.171952391953576
0.198800861157058 0.0504973139005105 0.0384155174586538 -0.385916272738525
0.378985512126242 0.133218486335637 0.632256515268173 -0.0413690168092253
0.510954034558354 0.589313429201866 0.0736063223377066 0.308056221928481
0.311545328581114 0.790113804755477 -0.172646716957505 -0.569840865887599
0.539246477091795 0.268031239590597 -0.40178241618704 -0.32131812899476
0.23900939589452 -0.0902156026253419 -0.52778941453066 0.149211479583191
0.122877626618059 -0.0846621698001333 0.0796177343581716 0.397897117399594
-0.0206174990513113 -0.0740015013456225 0.269456508285861 -0.0313848077435335
0.0826572101955627 0.0228486128313552 0.085409709983434 -0.171330614548834
0.151290239075609 -0.0766623810310197 -0.0368179745143518 -0.147798066910752
0.132370789000618 -0.158649572003465 -0.0944247727398223 -0.0808576590387499
0.100493772370469 -0.152472643279767 -0.141677719550653 -0.0440807800426724
0.0860647961354726 -0.130977198581944 -0.185515245175076 -0.130823973210084
0.117382107207611 -0.0992718858106179 -0.0355263686523889 -0.220541888954871
0.077122690798818 -0.0248653408183707 -0.00127809081421704 -0.0411458434410066
0.170263846765162 -0.118997684101576 -0.0814687109624256 -0.353211713306466
0.385885154283101 -0.0248426946859714 0.475857060634287 -0.0788136403208169
0.593001670028767 0.503492901534042 -0.0918692331033382 0.0789225238157368
0.282732642733261 0.573843309131492 -0.111970853376983 -0.787673003034117
0.36682682892058 0.0532936212266713 -0.257293432681086 -0.534311885384467
0.0654452780993256 -0.0670079389168333 -0.603704265598806 -0.114575398285884
0.00480133758099316 -0.0185651570491445 -0.135414141511407 0.380900189831107
-0.0293244919330444 0.0735045190905838 0.216968254289039 0.113088568095117
0.136756736382614 0.0780040264391627 0.171489176680177 -0.0942922728848064
0.18725386282534 -0.0427033095453743 0.0564358782718164 -0.161821425445605
0.157809955714447 -0.119234169132523 -0.0370817925444151 -0.13283227046014
0.123536257157775 -0.0910156329655841 -0.124814281623512 -0.0934403856418301
0.10359747013046 -0.0299002508375461 -0.178271784010073 -0.194559264048696
0.029181849720016 0.0485212057639614 0.0292229352142225 -0.258838244832828
-0.108735643887 -0.0412678473027382 0.0245500996578862 0.027164954448363
0.0885311571044474 -0.203830061563221 -0.101823919529788 -0.298769571886082
0.346047426823226 -0.167874298507505 0.273963795311692 -0.0418421713057928
0.54613493031235 0.396848242393567 -0.263148945161103 -0.123611278490381
-0.364462407379754 -0.338653120359782 0.371160835617574 0.292726658934921
-0.305121771030766 0.197480859454423 -0.0951872404273541 0.0192536697821317
0.0217702240518503 0.231338088924846 0.0886041110848457 0.248466728604723
0.227992830521486 0.017387067001652 0.0116890753116573 -0.0680002513630853
0.0650212999188134 -0.196605819716366 -0.0425021917202897 0.228015328264739
-0.149664615106828 -0.101458054837189 0.151294431120379 0.182619615306653
-0.163534101620586 0.0105059467606829 0.103432456182427 0.109263464806271
-0.154914743568887 0.0578219341636388 -0.0353520959894067 0.170873504991801
-0.155624133357081 0.01420158842467 -0.146657688048508 0.178251338536589
-0.140811503591837 -0.0858544320518747 -0.250367320704579 0.0381739579075269
0.0133637961176094 -0.173075051332609 -0.191527801798866 -0.211917457676961
0.124356371346891 0.00363209833304081 0.218407165807052 -0.354224030003698
0.0226831762830893 0.0727493536032956 0.652882999875241 0.185431005084592
-0.13179076544486 0.178668461092902 0.239892816188022 0.688816973922228
-0.280877675313139 -0.201268006304271 0.0802252632107916 0.907521252804229
-0.0934604944798307 -0.164184327994915 0.375692047310921 0.372833988084953
-0.203005129484275 0.107864589990258 -0.0418383870427075 0.0991265833712565
0.080355758228217 0.252784344053524 0.131246557369799 0.274571169985843
0.327211268403074 -0.0473726489462802 0.114518510015108 -0.085691384603573
0.0958397969414235 -0.326958271921016 -0.0228031762434519 0.13450588457021
-0.187362663863453 -0.205872360833472 0.10950032342103 0.124545707995678
-0.188503554272565 -0.060276180136851 0.0431224485172052 0.0910031164562376
-0.133274849930543 -0.00629147732043441 -0.0938371792687165 0.176620680429464
-0.097972972730009 -0.018717800764455 -0.210743935642061 0.183894350286365
-0.0991784753892171 -0.0773647454097065 -0.306939625107621 0.017529615924333
0.0293329113582677 -0.19723751987002 -0.220255641562608 -0.256740290042922
0.239296577361895 0.0155696126472908 0.229735291555797 -0.36400087008898
0.0147192433317218 0.15157899191501 0.611627557012113 0.129394978481477
0.0435007798384028 0.26368819693084 0.347869176892913 0.699248821986275
-0.189457467955898 0.139438023578463 0.0838459231293332 0.952329364224652
0.196060655178415 0.0921733941274849 0.271546607014545 0.356871214996734
0.0558798076136282 -0.015369423822837 -0.130957569961615 0.164124128888136
0.0846006560087431 0.161214591134125 0.124036002385841 0.396414024388448
0.368781428884808 -0.0957984227764645 0.277349482273798 -0.0485287471823935
0.092417811910213 -0.41095928235369 0.0412470509885376 -0.0160165953558991
-0.199946784307294 -0.261465540114218 0.0463770054746517 0.018520986297433
-0.180176449439078 -0.111460496522925 -0.0341588201573478 0.0450506328930107
-0.0878740274433886 -0.0723862168680116 -0.138749420258482 0.157182306269056
-0.027938391577823 -0.0638301715703406 -0.233715156701223 0.179606331992784
-0.0306082731766996 -0.0810037042549386 -0.324648708886151 0.03563824518063
0.073416757888192 -0.194377332336347 -0.273931848671867 -0.24094610794781
0.330833069894288 0.0282429778046295 0.156398122046995 -0.40612605601593
0.0430760031964003 0.262288387654733 0.541218868475769 -0.0209828256782536
0.135631118725055 0.292013550919883 0.516942728905968 0.55899864925283
-0.043276661419555 0.405876171182926 0.134915895952288 0.895370221948566
0.393177060505556 0.395985373621986 0.0960769380855154 0.228439396265222
0.369955071657056 0.00354525494168336 -0.286530957798918 0.154258290434614
0.161868933531914 0.00387993501922322 0.012085522771479 0.505421451884584
0.342735392465988 -0.155940240819038 0.402158630559911 0.0690037303494987
0.06424473412647 -0.426972061620223 0.145627880738057 -0.152185603969814
-0.167703543251578 -0.251666181899889 -0.00693246842432867 -0.10296425740817
-0.124277160568639 -0.135397325562721 -0.101965777957677 -0.0159848593202413
-0.0300000147313566 -0.127192817881293 -0.162299628293841 0.112535788236681
0.0321717136025072 -0.117800779801749 -0.219246723505129 0.155660124636464
0.0365168489453246 -0.115549655264468 -0.305291416159689 0.0498568501799798
0.140957437710155 -0.20109324093234 -0.298460316368914 -0.190668351701011
0.390880240150664 0.0414929064852615 0.0341463683627964 -0.410188971980069
0.111740364426934 0.302841183420617 0.429700111888905 -0.204877351616325
0.213315601508282 0.29537385950684 0.651000259778225 0.333680452728809
0.14732353057295 0.564490815041671 0.184479978494153 0.750938876454149
0.434979092330089 0.681563147843903 -0.0734077248719413 -0.00367515001942722
0.566239737883821 0.158878873612021 -0.432313967160864 0.0610377257639861
0.293542092097233 -0.0781743099818949 -0.177062939313098 0.526625316738049
0.303130137080004 -0.195016738981258 0.417524435922168 0.225954924548341
0.0252237949666805 -0.37097076438411 0.245617760528926 -0.207733191293161
-0.0965042959844054 -0.178304376521995 -0.0208198951839273 -0.192905278361319
-0.0332252700768721 -0.132340216330923 -0.132319069227861 -0.0757228090260526
0.0308253706195524 -0.162868901040549 -0.163099652290812 0.0530774621873616
0.068453655296874 -0.163032923819384 -0.188306284468757 0.102023395354376
0.0743792508672993 -0.159469643849677 -0.256240363948463 0.0318164478109775
0.190219807857689 -0.214683724577406 -0.251272797002979 -0.152361788838899
0.382489438273093 0.0351924226467882 -0.0555679342404931 -0.320787645021141
0.179565866317397 0.220084087115386 0.242022670041894 -0.348263019670699
0.30727541666033 0.246316603361707 0.697776332875891 0.101566191766017
0.347922131259981 0.617304952925261 0.174562094840798 0.543400327114862
0.37747269608396 0.834427336660245 -0.172899222157505 -0.292125454544954
0.60734310071728 0.295891364590019 -0.486599065986262 -0.10694011641091
0.345452404617489 -0.0903669118389773 -0.383739061944078 0.407227458442562
0.227772863440549 -0.174901980121366 0.299618832819997 0.352942565152713
-0.00339403652177626 -0.242250045752899 0.290728074356216 -0.161606861236302
-0.00321246386582827 -0.0734870020288168 0.0112746379460129 -0.215434283117879
0.0712778536708551 -0.109590136190551 -0.10948931811884 -0.121550415539392
0.0881270809435708 -0.174115661484311 -0.138962327346413 -0.0143510554187016
0.0853570521879272 -0.178198145164399 -0.160951201405858 0.0295821369698861
0.0797228710424293 -0.176432013472403 -0.21066165110349 -0.0366652105788353
0.182217132024775 -0.195012318896758 -0.147767572500885 -0.16670164149196
0.270080717822706 0.00709681785540465 -0.0539112572628057 -0.172426596052459
0.199487048652814 0.048224769847726 0.0416683680888749 -0.387063390714398
0.380672731778212 0.13137125038706 0.629060952220146 -0.0503204870289245
0.517528411444831 0.583743302082251 0.0760640482952263 0.307646006287406
0.303525120307936 0.801833514984082 -0.176066103150158 -0.57083179379916
0.53990249009668 0.261845132555944 -0.403132965819559 -0.31898702504116
0.238870206367952 -0.0911640409393737 -0.525806035590318 0.153298740752953
0.122940386342038 -0.086051134535448 0.0831361142404487 0.398274001970762
-0.0215529975283963 -0.0733403405736753 0.268452230881123 -0.0344002610449549
0.0822448939292944 0.0214002461114979 0.0837088683007725 -0.170649344863458
0.150447481282861 -0.078360711798249 -0.0380175977219086 -0.147138801837023
0.131649872605443 -0.160139363659345 -0.0944363272136292 -0.0794092550557091
0.0985226758646893 -0.153231663341429 -0.141800380251471 -0.0421772359636662
0.0845830233077797 -0.131581632702953 -0.186474386524797 -0.127412072844898
0.11538527445162 -0.101822791403215 -0.0388570438575181 -0.220482145662451
0.0761437163664985 -0.0264266793799713 -0.0026420091518828 -0.0417014080764152
0.170121624618136 -0.119582998845591 -0.0844991094425838 -0.352262703399788
0.385573760629782 -0.0277896157870988 0.473823225228231 -0.0827516424647914
0.595855298171796 0.497902407331573 -0.0910730802379979 0.0786432469337697
0.276266323155501 0.583213140641329 -0.113311191937607 -0.78953205249763
0.367264522183973 0.051941263380988 -0.257973618669582 -0.533378063147929
0.065264730536593 -0.0673235283812534 -0.602583028999813 -0.10881316100387
0.00559029941343544 -0.0193750441691558 -0.126047512409365 0.381426039526869
-0.0294006897249993 0.0739852554990653 0.218641530025104 0.110496373687187
0.136080228248187 0.0757963199113149 0.171061510991386 -0.0948369853912291
0.185937015106256 -0.0454239789703558 0.0588903838114466 -0.161015315321302
0.155878095246802 -0.121258066817736 -0.0364347699555048 -0.13224892845434
0.12229739705746 -0.0920699221601403 -0.126537958307718 -0.0915357761978318
0.103913806362724 -0.0304163966121666 -0.183845564591066 -0.185838274985616
0.0297183226109397 0.0484687110736347 0.0232446239387653 -0.258185457134821
-0.108691219905019 -0.0407871719491137 0.024941195796997 0.0265714105349102
0.0802550210645334 -0.205708857436928 -0.103984803998159 -0.297105930658256
0.342752224752737 -0.171880417810942 0.271412198373597 -0.0467783528983949
0.547633147008282 0.390102783227537 -0.265373818103454 -0.122193456847588
-0.367014067593417 -0.335440000812891 0.372473092645188 0.289972852193004
-0.303588112880365 0.199795637264679 -0.0945038155329865 0.019969578126513
0.0244777905132569 0.231021723014829 0.0912228944481196 0.247727116633287
0.227608582612745 0.0146945513157727 0.0106716574828243 -0.0670511887239961
0.062069021901201 -0.197354608434425 -0.0393656334516572 0.228611758245107
-0.150353366749587 -0.0995925265171086 0.153603493569217 0.179455797022776
-0.163001489741815 0.012468802101252 0.10428721188809 0.106292020360908
-0.154397907789139 0.0596990433826348 -0.033189925273492 0.170027273961269
-0.15627524070959 0.015498546367717 -0.144361598565792 0.179868746674876
-0.141543294702885 -0.0842169382375266 -0.249615866007888 0.0398295500908573
0.0115685917280012 -0.172673681206735 -0.193942345518988 -0.210493630567191
0.12470621924697 0.00291569048937183 0.215228329911628 -0.355426298870441
0.0228917518227995 0.0727042911032015 0.653683207506067 0.179670999841665
-0.129990583299312 0.179480986470389 0.245193123544469 0.686798583821068
-0.282770865257761 -0.19801408951572 0.088183216419874 0.905624487438078
-0.0942239147503207 -0.162182256655218 0.377225193406938 0.372174228871609
-0.20078607449173 0.110000732825903 -0.0416961757824045 0.0994405757481877
0.0821438591445741 0.251389648559002 0.133086250098024 0.273899908049626
0.326794921269151 -0.0504324759081798 0.113742127427415 -0.0857200180074771
0.0925223401948443 -0.329128237492956 -0.0204861287252669 0.134909078392386
-0.19030439685305 -0.202021125348825 0.111192583851212 0.122453085035482
-0.189207011351163 -0.0585994495101359 0.0447224349047301 0.089558190634597
-0.132904008317079 -0.00478774721679905 -0.0915148915983259 0.177514023575615
-0.098183843660501 -0.0174861170418079 -0.209121039545623 0.186531841102457
-0.100409410899249 -0.0761141734204335 -0.307090007629306 0.0214669378878773
0.0276860211566565 -0.197601621044379 -0.223286446383987 -0.251992489495387
0.238806029363417 0.0132872544847843 0.22681522151196 -0.364622326392812
0.0151458358370587 0.152687574139106 0.611941448701902 0.12249766785569
0.0468960995350668 0.26202106663405 0.355442407450653 0.694028765766925
-0.1875801664702 0.142041356909213 0.090639299517075 0.947163937110666
0.196898904673148 0.0930079149021654 0.271985107850033 0.357036305481357
0.0553414603514016 -0.0156191320483933 -0.129721442293164 0.164090108955568
0.0869828339106267 0.160465718927175 0.127412004994423 0.395324958025848
0.366188368114436 -0.101410507484749 0.276595528613702 -0.0509116824975824
0.0881518084148724 -0.411699648393425 0.0418778808085139 -0.0160065311299593
-0.203218778069039 -0.257801250331923 0.0471818036781788 0.0176174590664756
-0.181222414396306 -0.108707456674905 -0.0332631170319272 0.0445562700798183
-0.0888534491315141 -0.0710439098419206 -0.135673889655121 0.157436150531508
-0.0282838259551373 -0.0635869981534129 -0.231547644607134 0.182215963922259
-0.0317964321689289 -0.0807462605168775 -0.324547338223352 0.0385346347938498
0.0709747000066501 -0.194568965118978 -0.275095954665378 -0.236555676917706
0.330862950327536 0.0246749624326682 0.153586401149746 -0.407056235888835
0.0468014375455555 0.262159136940963 0.540666988250294 -0.0247361937595555
0.137565108818532 0.290437283744788 0.519309478727181 0.55417178431288
-0.0393856472984891 0.405467059056649 0.141733219305803 0.894481583890593
0.396965666587681 0.392262295001448 0.100069276618318 0.226944201677301
0.369652057461423 0.00101675718186383 -0.285805435025059 0.156467487219392
0.161593527163673 0.00394200558735087 0.014575402994683 0.505524443982495
0.337403697949405 -0.163375848657422 0.401927853167906 0.0626128887498772
0.0608002294490403 -0.42851145932784 0.144196162269956 -0.153422613576324
-0.171438696614237 -0.248247351075103 -0.00732851643547557 -0.103097095851647
-0.124958461458231 -0.133820701524926 -0.102003827005132 -0.01478445383615
-0.0305029064090423 -0.127127932909011 -0.160832241978673 0.114289217027039
0.0308350592915042 -0.118244198287018 -0.217687226385192 0.157112062477208
0.0330323426026342 -0.115761028646131 -0.304154587467584 0.0545631799895078
0.138290373752328 -0.202663244312726 -0.299781579469431 -0.188567953847251
0.391071933745606 0.0358716001534123 0.0314182116381572 -0.410360830061327
0.118944658714502 0.299672094757927 0.425365778386711 -0.210010824077382
0.217045202035607 0.292840759071099 0.653975379958141 0.324359242621461
0.152085162103481 0.563686160017197 0.192235296729143 0.749208065842774
0.442162856634307 0.677271240236872 -0.0731448839268759 -0.00338733387784573
0.567879995797804 0.154440791673013 -0.431493836234901 0.0649748229344803
0.292270176018522 -0.0806464769976448 -0.171704126662647 0.528229591056244
0.301651512838202 -0.198892589659778 0.418825170127014 0.221327349370847
0.0202696891944664 -0.370955824671378 0.243018307265888 -0.210310557703657
-0.0978579049975221 -0.177258331211937 -0.0232942305684684 -0.193295288625355
-0.0350779879981259 -0.131816633426736 -0.133305721743349 -0.0739076960157127
0.0296205132087464 -0.162264480880335 -0.162862847940057 0.055148590547278
0.0662582232291499 -0.163282251935535 -0.186939010059482 0.104438093286225
0.0722276702458901 -0.160948809057306 -0.255951208353536 0.0341445243586115
0.187334953956961 -0.217263937809148 -0.253282312955669 -0.149050805329168
0.383116046657967 0.0301361768784828 -0.0595820610662805 -0.320712863399875
0.182042471932432 0.219510686432949 0.239107877307708 -0.351155112202118
0.309574535303532 0.24334619019189 0.695792823122275 0.096331355591748
0.354564077908688 0.6146838277012 0.177410605696982 0.541747657240306
0.395272998501802 0.81214556517851 -0.173954957904335 -0.291228363158728
0.608148406260155 0.291111397357632 -0.487263528848836 -0.10543485975711
0.345325585064865 -0.0914561357246478 -0.377002914036443 0.407949104512003
0.231956944239063 -0.172353761701069 0.303948004436382 0.347591382485054
-0.00851098811833662 -0.24213067409357 0.2892294842864 -0.165937990289188
-0.0049690789635952 -0.073993312452233 0.0101665716884932 -0.215835553077752
0.0668183627162533 -0.111116266027377 -0.109930976378322 -0.120563157222538
0.0841512275279863 -0.17476510994446 -0.138661298215718 -0.0126764434183676
0.0834847661941702 -0.178967144386049 -0.15908192797457 0.0318574574594873
0.0824774190093602 -0.176065650692832 -0.210728709984213 -0.0321816703044367
0.179610780119991 -0.194947372790094 -0.149301656620713 -0.165329869337211
0.271417620812404 0.00327588316497631 -0.0555589879765009 -0.172307757334993
0.202327296750733 0.0409854595128258 0.0391664287466475 -0.387281068063446
0.38104196737293 0.12604067321589 0.625377587819437 -0.0587396320792802
0.519792536339618 0.580156179350668 0.0772157277467089 0.30702004736724
0.325368038299704 0.779054363471975 -0.180547004590246 -0.567663640809191
0.540958092658005 0.257105730883398 -0.405711327149692 -0.315718243508881
0.2380313705844 -0.092329800218398 -0.525379448753007 0.157744390267087
0.122160281999251 -0.0872637262416451 0.0884285181671533 0.397303071971213
-0.0227638450427784 -0.0729805409673582 0.26782851124452 -0.0371864217304523
0.0832939464946717 0.0203401042569946 0.0806930666667834 -0.17211834869839
0.148862606326369 -0.0792602354418367 -0.0397225503515166 -0.147037423001321
0.129400096694272 -0.16144724449126 -0.0953259051621414 -0.0786756507663662
0.0972388584950237 -0.154679008964866 -0.140617959849893 -0.0405347743096691
0.0824007374969372 -0.132694274914448 -0.187869784460727 -0.125197706064849
0.11355064684159 -0.10236054213251 -0.0421536494147014 -0.220152063149054
0.0765134711415039 -0.0269533965604963 -0.00246455350917974 -0.0425024558677818
0.168305386974857 -0.122191613737732 -0.0877527217745083 -0.350980917967143
0.385297654992836 -0.0316244841559759 0.473686996816455 -0.0857852567287961
0.602883887208669 0.493911235098739 -0.0907708060982858 0.078395070452983
0.287540311369581 0.574290966271132 -0.115060723088026 -0.787167953481406
0.366435152144797 0.0508749999681243 -0.259022387996314 -0.535311659682753
0.0646367011721286 -0.0680511100338286 -0.602524064423198 -0.102178468558095
0.00535618325448259 -0.0181046651143758 -0.120835414708584 0.382372165655278
-0.0282432855241947 0.0740932103767881 0.218751959705513 0.107861813180262
0.137083980623865 0.07213636401695 0.170139060681212 -0.0961313819714081
0.182671273006571 -0.0485368526514184 0.0581595158609197 -0.162510090257428
0.153264690406995 -0.122914851988297 -0.0386837930372045 -0.131099364578284
0.121292243690768 -0.0932806240321967 -0.128171130355497 -0.0890374923235412
0.105236819660189 -0.0302819779699948 -0.18299969766662 -0.187688496556762
0.0306804928410918 0.0477692652855339 0.0201360784948393 -0.259015730722029
-0.109234253250963 -0.0392761892283522 0.0248943633167674 0.0259680706196202
0.0777145551897584 -0.205890516975016 -0.110681863540232 -0.293771774565752
0.342049048169696 -0.173947197311434 0.270654586114869 -0.0501798678466049
0.551473878280427 0.388246674974171 -0.266463973745871 -0.120237084485784
-0.368556701248343 -0.330232033972719 0.375165720077248 0.286842591974727
-0.299251648038683 0.203066880615296 -0.0944715430698998 0.0208432410729694
0.0260355021809736 0.231092292142598 0.0931308109428859 0.246543143886728
0.226550818911559 0.0118799076648374 0.0103909356442702 -0.0658752934743705
0.0601405176225645 -0.197998748045651 -0.0356237203652646 0.228739913278252
-0.150935165286702 -0.0968120615452394 0.155796908090155 0.178214726581588
-0.162502678067593 0.0143522168515246 0.105436969481644 0.104958772711188
-0.153439002997619 0.0600780081556521 -0.0310185825438125 0.170730226766275
-0.155439639614446 0.0166673881363866 -0.142214623757267 0.18136641139843
-0.142210750100696 -0.0820415476087789 -0.248597980686014 0.0428452822553638
0.00923195947580636 -0.172191954013924 -0.195149922927584 -0.206615393882513
0.12449156792715 0.00106478802046382 0.211850885772101 -0.35807283631016
0.0230708589166845 0.0726573537761555 0.656039249785541 0.174630549369072
-0.128440477927739 0.180219676711339 0.250441576818168 0.684230965050347
-0.283931496527988 -0.195911716826154 0.0973471499912065 0.904326108227019
-0.0972813253969121 -0.160013366712499 0.38169898562717 0.367856939192867
-0.198695995966403 0.112229379637556 -0.0403386903033214 0.0993375065706719
0.0855723154850688 0.252350352282063 0.137025783682437 0.272489784798265
0.328423692815157 -0.0501602566971902 0.112348436434787 -0.0856743283643149
0.0868015857126331 -0.33180200381965 -0.0174198914661799 0.13431675461036
-0.191954274922452 -0.198142402014047 0.112193608591148 0.12041775029888
-0.189520855795189 -0.055630886866281 0.0453798477766163 0.0886047991561934
-0.131445050865519 -0.00288593679797748 -0.0895719997913264 0.178090004664792
-0.0978463700448114 -0.0161383660715662 -0.207266041828907 0.188957927872039
-0.100009579168246 -0.0752959033970803 -0.305342175991388 0.0275292843431201
0.0256282827428058 -0.197713149607036 -0.224917888250312 -0.248966460892837
0.239353114724353 0.0115711729014484 0.22468869781678 -0.367105259462261
0.0174438323239663 0.152443955366153 0.613256109586196 0.116197503240499
0.0488910467630849 0.26082788723716 0.358937000212924 0.692755738796697
-0.185385283285592 0.144411111115424 0.099597839410886 0.947282744647484
0.197988787474358 0.0928027348766945 0.275070783785657 0.355544449924396
0.0556502575745988 -0.0155006548256762 -0.127656159693522 0.164599811344799
0.0894400583055834 0.159046101690832 0.131301708698388 0.3927745599249
0.366094195343043 -0.105050146379451 0.276128151878997 -0.053841566339058
0.0831549657446422 -0.41342278596928 0.042815837130761 -0.0174624759134724
-0.205833128658416 -0.254764811843607 0.0480607167071028 0.0167059060257775
-0.181879148194401 -0.106254282714361 -0.0328461526377883 0.0445772289628839
-0.0884444946932275 -0.0699899219355708 -0.13501628136419 0.158537094939407
-0.0291804960040962 -0.0638998622078439 -0.229156185495796 0.184536590560945
-0.0317990066183461 -0.0810193018297295 -0.323307160363731 0.0432243987110143
0.068991851179043 -0.195115501582387 -0.278633765463294 -0.232096455830289
0.331396258432174 0.0209867211699587 0.147615603497055 -0.40879172373103
0.0482418989744947 0.262574340156508 0.538745083339129 -0.0283514426275451
0.140132225834076 0.289127011414524 0.52573273996434 0.548502317881757
-0.0346462206923878 0.405228504752274 0.149369507970576 0.891812194986148
0.396101901958516 0.398988497452528 0.101333641244456 0.225311808579988
0.370269264660668 -0.00286723765236468 -0.284704481384315 0.156994653927866
0.162669867721075 0.00212698717211813 0.0215320027551148 0.504594879730303
0.343760021093371 -0.158142602621096 0.402772593824706 0.0618164513020176
0.0515447511340741 -0.429151374871753 0.143427960213764 -0.155278339390383
-0.175170967192925 -0.24452743012118 -0.00884657570731716 -0.103035653808616
-0.127692610070596 -0.130377211503948 -0.102208221905948 -0.0148175968941323
-0.0328789826559324 -0.125440490144529 -0.159645384244495 0.115952960663883
0.0285330427348009 -0.119275162220104 -0.215555304195479 0.159570297936247
0.0312781379594585 -0.115520542559137 -0.300576945473295 0.0618083785272963
0.136774091487414 -0.204353863618123 -0.301149258754659 -0.182366201119846
0.392075944589295 0.0310398593232449 0.0246664011825916 -0.409881975070341
0.123722912309021 0.297196390088051 0.42112274599058 -0.215481685424042
0.21851450237216 0.291432083701994 0.656278377714407 0.322533238458375
0.156692988265787 0.561858512467004 0.197634985484015 0.746779995274297
0.457954111227677 0.651220075330984 -0.0727621885272392 -0.00263334806292329
0.56830950720974 0.147744077822193 -0.429551538667677 0.0680012308898026
0.291345928798887 -0.082240374567954 -0.166591285053106 0.529494105628267
0.299923148804525 -0.202049082656554 0.42035767190875 0.217548991145043
0.0157118120066728 -0.37199729698142 0.240719700358736 -0.212633377165606
-0.100555412027119 -0.175780928312396 -0.0256842972774832 -0.192388653168186
-0.0352490276378934 -0.130645182331489 -0.134439085773483 -0.0727476540731395
0.0277970599412175 -0.162376185013797 -0.161253807844665 0.0563911895193407
0.0648076543516519 -0.164614979945448 -0.185234433759806 0.105990608771144
0.0701408253368217 -0.161938806255162 -0.255102986354992 0.0372921286599759
0.183509786498988 -0.219886001975784 -0.254353092145312 -0.145486299817036
0.384744012350522 0.0262030059231591 -0.0624899468855024 -0.320758321595452
0.184803641268291 0.216959263834493 0.234878111555277 -0.352687539051109
0.311752682915079 0.240630244448297 0.697548339977447 0.0898175614819131
0.360034020209164 0.61015839130584 0.182466170519937 0.539256737982629
0.414946241610784 0.788314892456916 -0.177783422193928 -0.286388749947216
0.610342816728144 0.284713297422835 -0.485478173162233 -0.100625403437618
0.343594020341362 -0.0948997946666158 -0.372237175626053 0.412886878888455
0.236656438635408 -0.168331345678442 0.305410445707357 0.347850012819188
-0.0115085314583274 -0.241183913866724 0.286707642694469 -0.167645074532272
-0.00558539274953996 -0.0732526263293769 0.00804727334781711 -0.215724881564941
0.0648924972676528 -0.110674155078766 -0.113311090451138 -0.116685291173416
0.0827967990506163 -0.175536308208545 -0.138496884047671 -0.0113523881795126
0.0825526413473454 -0.179699161522482 -0.15794084979292 0.0330568442956153
0.08148036344472 -0.177239846104907 -0.210902286104406 -0.0341569599204865
0.175454637890359 -0.198954938606006 -0.150579017456748 -0.164477267028638
0.271909772882814 -0.000693118879160574 -0.0578843609283953 -0.172719946313183
0.202912993435594 0.0410635161910962 0.0299760587246305 -0.385638119189575
0.382357545509678 0.122249240525425 0.625208314030635 -0.0604770739307909
0.523137424762322 0.57750595332513 0.0804043110158709 0.305847313184827
0.346261757212859 0.758473232611134 -0.184632779099784 -0.562892558743583
0.542324519224239 0.252216209469215 -0.406461603567886 -0.311749097072644
0.236798160499913 -0.0947212690204338 -0.52245009402775 0.161356121691928
0.121729544168344 -0.08896985411936 0.0903298968367666 0.395373183698097
-0.0233356998263811 -0.0731053938555605 0.266704874836703 -0.0405195747025182
0.0821914058623898 0.0194011095461655 0.0796553223409548 -0.172571811391262
0.147745220435398 -0.0808851562210527 -0.0417433372867224 -0.145685686183503
0.127590269552093 -0.16170226340619 -0.0955297549154528 -0.0767442422673499
0.0956206613839049 -0.154484012398952 -0.142096624961181 -0.0384207806472978
0.0796632742667747 -0.133250980473945 -0.19035558725965 -0.122635675496584
0.112358890535408 -0.104647666376391 -0.0443829994659525 -0.219370255947484
0.0768988668905439 -0.0281439709432384 -0.00394164170866188 -0.0426735076870226
0.167606836972798 -0.122749125577675 -0.0906275431123803 -0.35030540509055
0.384708889559301 -0.0343861573621557 0.471087228451481 -0.0901407874481643
0.60499063619035 0.487555633633748 -0.0908754663265572 0.0795821286677965
0.300574862489115 0.557252082809619 -0.128693117195386 -0.78365690016199
0.365084780379571 0.0461911231599934 -0.264507782741001 -0.530114973104064
0.0642831826122291 -0.0677657321068262 -0.604465815828652 -0.097170501843684
0.0057938955769678 -0.0186079655519083 -0.120775683704674 0.383769381725568
-0.0277141216108299 0.0731295017700632 0.219774373875532 0.106513033201142
0.136866516071355 0.0721297729489485 0.168288572335613 -0.0994420945433184
0.182761921265257 -0.0508317988993882 0.0514965933343087 -0.162794120739807
0.152942235732796 -0.123951478583765 -0.0400542560636977 -0.130356142129154
0.121632176651371 -0.0933125427153489 -0.127633443899239 -0.0867936749967692
0.103259801815285 -0.0316923356309868 -0.183657398544439 -0.189580941487698
0.0314262784757092 0.046529857502066 0.0185777761112762 -0.25980592607365
-0.109294789482842 -0.0377853670179922 0.0245879920821126 0.0246098506590132
0.081495434808764 -0.206131593414487 -0.113573538982212 -0.291241571097615
0.340632810099183 -0.174825726769513 0.271507217563157 -0.0491425187508936
0.554132610421572 0.383626559183668 -0.267838240833385 -0.118168881749097
-0.370731595421625 -0.324678918242884 0.378497029866292 0.283187744954079
-0.296867788023958 0.206081010773918 -0.0941574153379475 0.021043095236405
0.0286910061356765 0.229928426760014 0.0955973232545401 0.245824885554618
0.226039015137028 0.00893400130124604 0.00959198089500967 -0.0646191175033399
0.0574410197579391 -0.199162598145415 -0.0320660276383306 0.228147421657798
-0.152080690989343 -0.095840316305081 0.157769126200028 0.175804223681441
-0.162097901424159 0.015893974483354 0.106097720788689 0.102550561367131
-0.152395196965662 0.0623065823158458 -0.0292473555653685 0.170477337520477
-0.154942246621281 0.0181882585333086 -0.140360891024003 0.181940945084438
-0.142639002689108 -0.0809205660956904 -0.247729608020075 0.0459713959846816
0.00820748929331334 -0.172155021981748 -0.197437868680324 -0.204971192948332
0.124421787315699 0.000834994365577676 0.207339175163815 -0.358713118027625
0.0228198311462405 0.0721167311656708 0.657166753632013 0.168242113126259
-0.125732835942606 0.180867398781419 0.256020125720138 0.682414921784354
-0.285529514038379 -0.190413892079986 0.103440626894571 0.902078401646788
-0.0971957695915618 -0.157735480590032 0.385192262331493 0.361187761093136
-0.196466328172579 0.113630150857629 -0.0384236458222717 0.0995479510716161
0.089525292505679 0.250035944185941 0.137795333353674 0.269503670816588
0.326465649295264 -0.0562778324634669 0.111667117468977 -0.08587229952208
0.0842198905680519 -0.331354969112222 -0.0155624843504956 0.134484609231047
-0.193734004082403 -0.196359107304025 0.113791958339551 0.119379559291992
-0.189439955331918 -0.0523916835229786 0.0461675909191426 0.0874925559339121
-0.131940531833074 -0.00197082032875892 -0.0882125417429864 0.179322993228635
-0.0974949909539362 -0.0161442086884907 -0.203518175302321 0.191592742992691
-0.101237381394597 -0.0743402641153544 -0.304177714858273 0.029752887155758
0.0227322459260504 -0.197228430931292 -0.22696664109075 -0.24796564843953
0.239053097113242 0.00840184988189792 0.220586764133893 -0.368916704974215
0.0193153634525414 0.152656285460308 0.611370750829265 0.109407832734222
0.0511285325528117 0.259542077763794 0.362058304493604 0.689496795599198
-0.183860906996523 0.146042046373107 0.109925496019981 0.944937192310663
0.198426049038202 0.0898069734599994 0.281007373616367 0.349330799643922
0.0561797433952547 -0.0164329574756492 -0.126559754741624 0.165170836691435
0.0913672669982463 0.157997587444013 0.133874545080111 0.390533008733399
0.36361253514772 -0.110035538681252 0.274823116666916 -0.055734252034637
0.0782305774371919 -0.413962268608442 0.0424270585456717 -0.0176843856651416
-0.208869612801331 -0.251779764348356 0.0473441222881398 0.0156085892316341
-0.18309900387949 -0.104040810689744 -0.0326106970588317 0.0448425249358328
-0.0889979961995071 -0.0679945805504318 -0.131880798431264 0.160308727179201
-0.0297745145418095 -0.0635376860451054 -0.226711235027001 0.186727610882254
-0.0334243060255812 -0.0801978758620456 -0.32219760139599 0.0457866263682588
0.0668344019730417 -0.196232679577277 -0.280545628536514 -0.227905824238456
0.331833661627911 0.0173938566982334 0.143852735727792 -0.408779528529134
0.0517819791978832 0.262129631316806 0.53869142458967 -0.0345955572784836
0.143546922510281 0.286564839883482 0.528159773378111 0.540371456219728
-0.0311316592775239 0.407164574886914 0.157232442396138 0.887907992284366
0.398294584760735 0.393399053393503 0.103784241416511 0.224144344766712
0.370341207232104 -0.00652107526178456 -0.281679659441494 0.159528437870111
0.163321786189609 0.00072882589562568 0.025273606261554 0.504673735404731
0.342694219253844 -0.161050132254688 0.403058436408251 0.0590065361361604
0.0466054013409594 -0.429116617701602 0.141346701128123 -0.157111111097078
-0.17657659099457 -0.241663857224054 -0.0100813356678103 -0.102803107131768
-0.130487506267875 -0.127492654257902 -0.102729900504811 -0.0136566346710019
-0.0339348127958137 -0.124464462118156 -0.158202496592936 0.117525668025743
0.0267658368276116 -0.11956027009839 -0.212984007498541 0.162391992129336
0.0322826458056642 -0.115110881435779 -0.300625557196704 0.0643477431870671
0.133447569212223 -0.205225948511846 -0.303371055665789 -0.176597005277348
0.391980209599268 0.0269417901166392 0.017156036741038 -0.409703754712155
0.122611471363549 0.300242508843612 0.420932033456679 -0.219169369909929
0.221620606305146 0.288867190146859 0.65886651436565 0.317622336492741
0.162245645179791 0.559970191140522 0.202567964768456 0.744608163594678
0.462852580083182 0.649034870405217 -0.0727164930531378 -0.00112671940992488
0.568176223489746 0.142264898426456 -0.428770754259518 0.0709942305727379
0.290834332188531 -0.0855678314049519 -0.161765244622708 0.530279914301679
0.297347670397727 -0.204994616420818 0.422222611578483 0.213089722295953
0.0112614448732288 -0.371421293392051 0.237710129882436 -0.215992782267549
-0.103179106759304 -0.173753173791215 -0.027347561567477 -0.191300768840011
-0.036421889096741 -0.129666284391782 -0.135221101101455 -0.0717579169709948
0.0270503998384969 -0.161775720508953 -0.161066036492921 0.0584058398934416
0.062928016576797 -0.164342752387403 -0.183507880394713 0.108113287140017
0.0678075837127009 -0.161933024743814 -0.253893737014603 0.0413510921705413
0.180987581280743 -0.220992902918731 -0.256755789833717 -0.141886138212434
0.383989375109891 0.0211595690677611 -0.0675358375510419 -0.319179182414869
0.188369860340114 0.215742334332699 0.231384760714411 -0.353610914152862
0.314511632997338 0.238342098708551 0.697002500098077 0.0819836967239974
0.36583849662126 0.607361186896981 0.187536326199733 0.537211363185755
0.409114014283139 0.802197160170886 -0.181781133277021 -0.28339329484562
0.611613525122371 0.277157024805106 -0.484962586632193 -0.0949477648629662
0.340879092013383 -0.0989192876869009 -0.370491311168572 0.416024544855357
0.22993381162384 -0.177006912218123 0.306922808042215 0.348241268169715
-0.0131965931084065 -0.241109662481086 0.28375889008706 -0.170870275447058
-0.00518771068372926 -0.0736435509488941 0.00354132765585216 -0.215249529790622
0.0665635461891878 -0.111277448939696 -0.114504249161957 -0.115264795928658
0.0840712348704762 -0.175959281227854 -0.138297916736408 -0.00944758742777363
0.0805870759754325 -0.180646192173098 -0.157559023171786 0.0352816606700883
0.0737500974675527 -0.17854767893975 -0.211679877997628 -0.031840271483657
0.171137743793306 -0.2022834894976 -0.153073806577128 -0.162232573604522
0.27171226283333 -0.00342791631595283 -0.0603851488179265 -0.171573237933137
0.202696364300166 0.0441767928360149 0.02500300627822 -0.384899404520658
0.382690601326811 0.12096285324545 0.625366797667138 -0.0658613731195517
0.529601035130593 0.568279578267296 0.08312197557168 0.303080282003707
0.331829051020321 0.780000713484816 -0.190040134498858 -0.562700074837926
0.542122013651525 0.246200353270602 -0.408342321563336 -0.306114902253704
0.235944219327082 -0.0957328988755481 -0.519465297430348 0.167270998751996
0.120488700329451 -0.0899317880914112 0.0952927476492096 0.392987408050051
-0.0250321481737471 -0.0719494609840762 0.265310264026325 -0.0433811226166588
0.0822459221000298 0.0185216208205085 0.0770758562802231 -0.173622047423907
0.147089747792694 -0.0826805626096704 -0.0432734339869092 -0.145196402460131
0.125320811798619 -0.162861054722454 -0.0965049205728739 -0.0752232542942501
0.0929505233792868 -0.156016788340272 -0.142425915267442 -0.0362766497692987
0.0777467215006523 -0.133714196252803 -0.191632249843838 -0.119556411419701
0.110109350997457 -0.105800260690918 -0.0479083551385212 -0.218811252378793
0.0767750930776292 -0.0299338756042257 -0.00485804205858189 -0.043464576537412
0.166161240213113 -0.124776958741831 -0.0931750527492907 -0.348462331083079
0.383307540105725 -0.0371055815499901 0.469644219074195 -0.0965370105417513
0.61001903981255 0.479224783915768 -0.0888723771318087 0.0789192821375071
0.29903193451642 0.562977106708701 -0.136916741448959 -0.777962864908997
0.364390081043269 0.0415597634596174 -0.269261676762151 -0.52299728424299
0.0634456653226286 -0.068335554327053 -0.605205065210295 -0.0943716651881507
0.00612608286051253 -0.0197063102529831 -0.118566023786262 0.383879032173275
-0.0272888477275266 0.0746142322227384 0.218972082775994 0.102810528623361
0.137857667852503 0.0715846061515908 0.166016592393254 -0.10165975985307
0.184583749202582 -0.0504601846432271 0.0495899338647111 -0.163413196956315
0.152124125375554 -0.125373366666314 -0.0407713319346163 -0.130250467550728
0.119731527091269 -0.0959332354835011 -0.127987454999126 -0.0866446801193722
0.100555944245952 -0.0348901176280291 -0.188645842423997 -0.182364121505064
0.0319878028737671 0.0464788937219014 0.0138971325759682 -0.259020338011623
-0.109057358835672 -0.0370627162800029 0.0242702666159641 0.0235830593290744
0.0795768153439299 -0.206073513212092 -0.112805152781686 -0.293716010011703
0.336218414591526 -0.179710899514773 0.269883669677565 -0.0518683874509495
0.558621106323289 0.37300427215173 -0.267595532144445 -0.114530417168633
-0.374217137678616 -0.321131160097791 0.38026573980032 0.278107116523731
-0.293970690880433 0.20895768653821 -0.0931048139977049 0.0226948315227581
0.0329035957406385 0.229613129994743 0.0974323964571124 0.244640230251901
0.22502916651778 0.00626826574619515 0.00936511994689604 -0.0642610864063422
0.0550191368419035 -0.199856040734216 -0.0280001104002419 0.228152485168183
-0.153186741175991 -0.0925597362444947 0.159494854521126 0.172474068794406
-0.16133893860095 0.0181942050440578 0.107419589272786 0.100950424871555
-0.150868437162258 0.0642050811453489 -0.0272646997377479 0.169962315867443
-0.15402541681856 0.0200011377209032 -0.137340027637209 0.184056866181735
-0.143436629838474 -0.079750500648047 -0.247110392859983 0.0491012201361639
0.00592540551392159 -0.171902137748076 -0.198574335362737 -0.201448281416655
0.123597171833856 -0.000311540179645461 0.203921769456131 -0.360808821440447
0.0234822100463879 0.072074908383821 0.657785279302718 0.159012097529082
-0.12295672988904 0.180946832611528 0.26133601924163 0.677993752375127
-0.286162689941926 -0.187289633993419 0.110301741282394 0.898536913183803
-0.0980418211236725 -0.157555670550043 0.388369563808434 0.357860268712174
-0.194511935547197 0.11559864443455 -0.0372466396887628 0.0995449971815515
0.0929956721377875 0.247816768490643 0.140001502439831 0.268684065880898
0.322506463779671 -0.0640498783254588 0.11063539258691 -0.086426277092203
0.0795976312312886 -0.331967610722139 -0.0136085486704971 0.134467185391347
-0.195669933741077 -0.193093465462828 0.115398418031603 0.117223118989819
-0.189544474798539 -0.0506023113990503 0.0467406958690468 0.0859099618759108
-0.130685017033176 -0.000331396398399511 -0.0850019219521309 0.179249462120407
-0.0978765707679907 -0.0156092307813457 -0.20098254331465 0.193570031217632
-0.101004474135099 -0.0721584029143642 -0.30487202084704 0.0315924365391822
0.0201526924052922 -0.196932591827127 -0.229446053968772 -0.242931305402866
0.239124468181238 0.00537953490831802 0.212983789850087 -0.370998561636319
0.019617043811213 0.152559995694241 0.613832181035314 0.104480938280018
0.0542009378917097 0.258706546301132 0.370847159108842 0.684175705177698
-0.182417513297885 0.148044101581428 0.117811547319585 0.942115257610635
0.198109944858622 0.0860167396095598 0.28478911021915 0.344140813151988
0.0567106232064544 -0.0159089346989918 -0.124187557765525 0.165550009781397
0.0936434335643951 0.157636664238732 0.137239003117994 0.388541923288595
0.360844809203378 -0.115825289594768 0.273609118089934 -0.0580860245453668
0.0718064058606923 -0.415121598348771 0.0428412308617014 -0.0186645612376116
-0.211352949433966 -0.247723287361683 0.0479119227840087 0.0150320226610198
-0.183853532815084 -0.100945660994602 -0.0313025980306494 0.044943634998033
-0.0890117751134621 -0.0668599521942767 -0.129370810159307 0.16124986578546
-0.0301243196522471 -0.063434351387355 -0.223403422366178 0.189425650561697
-0.0340308526992208 -0.079469784519862 -0.320515594963609 0.0501419248586066
0.0639921514026974 -0.196835280007501 -0.282743930351389 -0.2240554200786
0.3319203711462 0.0142188384792975 0.138231003105393 -0.410113424676632
0.0539329174800812 0.261792715605443 0.537994039309313 -0.0403290075728672
0.14494888777021 0.284139180345418 0.531822008478116 0.535158403515545
-0.0273556169813586 0.405734098402904 0.169179820428822 0.883741146123363
0.406846686319299 0.378887178320209 0.105851809610016 0.223433641118852
0.369749878712908 -0.00958588703591224 -0.279264889595883 0.161618631524349
0.163117615386478 -0.00125080837011266 0.0294151234237733 0.50381140070234
0.332776895313491 -0.174175440184937 0.402183327865718 0.0538924325879992
0.0428373668003966 -0.429794491582087 0.138742106754576 -0.15935520706261
-0.178239171636739 -0.24158022336078 -0.0113745306333759 -0.102913180314028
-0.128602218114447 -0.126602873203721 -0.101607944309417 -0.0123830659961541
-0.0338336999380646 -0.12403146932744 -0.155288398201646 0.119386163973236
0.0271419935661677 -0.119382430634926 -0.210328963830791 0.163580988669391
0.0296868254214863 -0.115299327042081 -0.302205737441462 0.064311893849628
0.130243515908882 -0.207117236646598 -0.304647627958349 -0.174587144974642
0.392955344713123 0.021945572131363 0.0146281590853903 -0.409899275548196
0.125185014892419 0.29953350580468 0.420112656434251 -0.219312555032349
0.223992295927503 0.286324233670006 0.658332302865891 0.306232997746402
0.168200703956119 0.557388041353351 0.212138637366926 0.740758478398188
0.455891337634644 0.664139171054172 -0.0719746083327733 -0.00188291066544862
0.568634599883054 0.136656496141306 -0.426691273274301 0.0751270751001384
0.290096975995786 -0.0878597665734542 -0.156544451523205 0.531284990426888
0.29480925706001 -0.209358478963692 0.42291590164554 0.207881880638195
0.00601363564404306 -0.371150734344361 0.235442564536339 -0.218648899373638
-0.105654983704125 -0.171824128549377 -0.0294972326855475 -0.19037115573336
-0.0381736346544432 -0.127937728014024 -0.135912123670112 -0.069587964077334
0.0248325021951116 -0.16217822409626 -0.158692205999827 0.0598368261843536
0.0612482363117569 -0.165166013589733 -0.182241822066598 0.109604305236221
0.0648254253848724 -0.162442129776272 -0.253160806747051 0.0436285978006571
0.177251281980287 -0.224083037742909 -0.258169470145036 -0.138678769042222
0.38518178553159 0.0153992877378602 -0.0704284692389429 -0.31914093257699
0.190053968698594 0.213902815087555 0.226490043532109 -0.356055816939966
0.317000807772549 0.234703115812138 0.69362851350342 0.073884827878182
0.369296909706041 0.601655866685174 0.190655199097767 0.533390309319325
0.402373947142046 0.81102314037879 -0.180842908360199 -0.282981709501134
0.61328618821479 0.271310405042033 -0.486759187970482 -0.0906376364055063
0.340382153018065 -0.100689426811955 -0.365444139994592 0.419799520765658
0.222193369505235 -0.183725608855514 0.31225415121108 0.339231596913546
-0.017173535350107 -0.241399775093461 0.28004255794924 -0.175113345169271
-0.00735525387822575 -0.0730422390734004 0.00115880783079085 -0.214896117824907
0.0659320361674493 -0.111337245035483 -0.114285025876051 -0.115360347649472
0.0801734534539666 -0.175670867486332 -0.138487872244509 -0.00824792063480506
0.0772799452563681 -0.181314127831577 -0.15770175902938 0.0364197770224183
0.069322926419917 -0.178666840320246 -0.210979956008834 -0.024278552742849
0.168687338222807 -0.202320856366091 -0.155931413820699 -0.158280509273459
0.271228721500424 -0.00667324562384413 -0.0634942115943296 -0.171580901941045
0.204034009417945 0.0406077472871356 0.0267122268422717 -0.386734069227514
0.383276457752379 0.117889627624211 0.620765059887382 -0.0755894309197296
0.5370284872381 0.559845631085661 0.0861208744418083 0.301837107180015
0.33025559745393 0.783920078186703 -0.194816616869361 -0.560627715905101
0.543517310766394 0.2396001390129 -0.410556910107667 -0.302676595282694
0.234565224964133 -0.0981938426848082 -0.515051632173885 0.172614720452377
0.12026045888099 -0.0914557451449171 0.0994459658337292 0.393102022893975
-0.0264989941292528 -0.0718093718717114 0.264214825475215 -0.0470959693650883
0.0812745922596742 0.0179197840424552 0.0748035328980484 -0.173523454421818
0.14603365057339 -0.0839195525102993 -0.045321789135731 -0.144484567250725
0.124313089525346 -0.163488626919636 -0.0963996791248451 -0.0738297059356699
0.0904992004881735 -0.156514985369767 -0.142279193883715 -0.0344308146631963
0.0752261466645291 -0.13434193271298 -0.192458338359024 -0.116541385450201
0.109060971758063 -0.107818412891013 -0.0508080307260231 -0.217738370587292
0.0771200379662737 -0.0311518101226151 -0.00506956418038282 -0.044534652261555
0.166036129127897 -0.125875729145408 -0.098466336932103 -0.347113420645235
0.381078937870972 -0.0416326936780945 0.467591962823202 -0.101492887315911
0.613230352537865 0.473915796958978 -0.0893739814238379 0.0798968609553673
0.294832096639016 0.568889297504135 -0.141422838204348 -0.77906289454065
0.363305001880059 0.0387446235946669 -0.272090504173775 -0.521864756521508
0.0626663961618513 -0.0684195183070467 -0.6014555756842 -0.0860670657059125
0.00596564363061657 -0.0194349382538782 -0.108351029718586 0.383771720178034
-0.0263258319621519 0.0741724288079505 0.219806189760126 0.0981930164391968
0.136928731383375 0.0683832168998858 0.165634838443792 -0.102964550885542
0.182391486889504 -0.0537645417629608 0.0517011207067725 -0.163075047783716
0.148467424390442 -0.127660524884839 -0.0419122336978267 -0.12927962046609
0.117587614054262 -0.0968004968281992 -0.128923767962903 -0.0838349654848697
0.101071976258889 -0.0349058335198829 -0.193083160208416 -0.174044549394203
0.0320110687827499 0.0460456987257093 0.00706494695429442 -0.258615831739042
-0.108826192853078 -0.0349592177277005 0.0255918281636353 0.0229146729925701
0.0710267326774748 -0.206861287457323 -0.116595770442239 -0.290760630936255
0.331649449174293 -0.184162637612168 0.266669892630193 -0.0574240997529093
0.560697296825441 0.364116281031603 -0.269643791577134 -0.11258474291376
-0.374238071503955 -0.316014234516775 0.381710982092784 0.275175131789819
-0.290590893644377 0.21111398213028 -0.0930008550757891 0.0238489515971813
0.0350455595454086 0.228421938930941 0.0998216594736728 0.242913213014551
0.224477105243413 0.00277380823011766 0.0086363114821102 -0.0631529177518502
0.0517694482099187 -0.200749773284131 -0.0253380904171917 0.227076114682336
-0.154267683337293 -0.0901864630989231 0.162260658864118 0.168947409033327
-0.161084891362218 0.0202556666584212 0.107739876414374 0.0984476872926997
-0.149061253427752 0.0650261480913206 -0.0246259602378333 0.169464250428597
-0.153800053813156 0.0213580126195 -0.134564643999304 0.185087280935387
-0.143522509514798 -0.0776892167795398 -0.245930588813522 0.0515319622421902
0.00393676016267797 -0.171470130596348 -0.201659728606329 -0.197628992274463
0.123920515551223 -0.00166351912474086 0.199687256684224 -0.361124085394997
0.0238510495596203 0.0713355723328294 0.656653918773879 0.152624757678901
-0.120047074237988 0.181160276591775 0.268497426451984 0.673452305850703
-0.287188500924851 -0.183497805976026 0.122177428007205 0.897277497751307
-0.0988473546193995 -0.154335381249695 0.390625322485994 0.35380379432389
-0.1922766778796 0.118173874248641 -0.0360873038071977 0.0994615773355312
0.0947285508572749 0.247910169541608 0.143171632107712 0.266206173988285
0.320682680062704 -0.0659635116050216 0.109026798818231 -0.0860973196185713
0.0746104170353441 -0.333153406853728 -0.0103292413173698 0.134079718897398
-0.198368308253429 -0.188597067355193 0.116468255455508 0.114756203050004
-0.189695349094306 -0.0474492448081599 0.0481313882885646 0.0843754876159732
-0.130384761430927 0.000852885127677428 -0.0827949758333269 0.180485479884728
-0.0978418519200726 -0.0139995489664379 -0.198321714579863 0.195337266328467
-0.101227122197011 -0.0709719083228773 -0.303100998976852 0.036256914584433
0.0179333578841665 -0.197361738806891 -0.231500516649476 -0.235769188280787
0.237779669899453 0.00361315241329676 0.20899927027072 -0.371833340596399
0.0212949971866344 0.151825069550981 0.613072214589485 0.0956386590138999
0.0569715845180414 0.255755468778848 0.378281012164995 0.676608617369463
-0.179074214062737 0.151501370146317 0.12495476183145 0.936330314946139
0.199289872945438 0.086571600161458 0.28665589553065 0.34306993994792
0.0567459597257175 -0.0161852947882565 -0.123052337325665 0.165730996509434
0.0959441602299017 0.155856225171436 0.140850000223375 0.386699266444423
0.358375527454714 -0.120210323805532 0.271985288115074 -0.0599415007979001
0.0660526071987935 -0.41506871656105 0.0436458581538431 -0.0193414348204128
-0.213567683307821 -0.24451685136714 0.0482080609665054 0.0137817406690946
-0.184442625354521 -0.0979202985530737 -0.0310713288900031 0.0445323127428993
-0.0887814464927999 -0.0658436746855398 -0.127498454923711 0.162681358936047
-0.0309917324954275 -0.0636886005118104 -0.220439420925013 0.191296546370857
-0.0343427251763071 -0.079067012338422 -0.319263649884383 0.0541303901381926
0.0604026575847575 -0.197566953286471 -0.28496072802672 -0.220088555039933
0.331180571442211 0.0102891775475562 0.133297185292821 -0.410886845923592
0.0570442140695217 0.260512470488912 0.53508258907983 -0.0456929977722327
0.148889788945866 0.281687693990832 0.536700333075054 0.52727598611075
-0.0224665448918399 0.406186241163223 0.175030336452804 0.880647654518177
0.407349127303093 0.376852992654128 0.10875573290614 0.220980647882175
0.369494832235499 -0.0129558955782687 -0.279353696938008 0.163478339466156
0.164357451049065 -0.00209039755513182 0.0343520479396922 0.501293626706373
0.329810023613478 -0.17909632388155 0.400334451740792 0.0482883241250604
0.0363634163835432 -0.42925435762513 0.137439337879141 -0.160423149682815
-0.181898070742654 -0.236638609203661 -0.0124048881684053 -0.102323094436789
-0.129697884759762 -0.125031954322959 -0.101881078150115 -0.0111782666026049
-0.0347605583250573 -0.123086556936513 -0.153762368520119 0.121079050442211
0.0259777903503882 -0.119141741640348 -0.207073033985304 0.165921241784383
0.0263662366376493 -0.115433146456515 -0.298002163603351 0.0704016260121158
0.125741868333898 -0.208862560333371 -0.305722998355838 -0.170064693154606
0.390724140049037 0.0151359148593766 0.0115402640109775 -0.410431457419926
0.134356888671575 0.294210199635104 0.414578815728129 -0.225777218116373
0.22677488115306 0.282643416365626 0.658972815140763 0.294900738620062
0.174252428332862 0.555450702366268 0.21756285522896 0.738291901470905
0.464713449488464 0.651845032425186 -0.0716838538650107 -0.000437426191353629
0.56873711343872 0.130358839472196 -0.424789659022691 0.0787589965011051
0.289855821380678 -0.0902840379611314 -0.150841316972234 0.531129049618076
0.291882728454384 -0.211750258792371 0.424547332383504 0.203395542995375
0.00039896265596852 -0.369485298882653 0.231046422625701 -0.220768684812215
-0.106465622044719 -0.170296732921025 -0.0321116131308131 -0.190317456365419
-0.0395368775822622 -0.127634570666827 -0.135980378601064 -0.0675259150034993
0.0232237008283109 -0.16139317025559 -0.15754085745947 0.061809523676529
0.0589611746640077 -0.165645485563212 -0.180184665436067 0.112076611222847
0.0622226144576776 -0.162104606195807 -0.251048106179038 0.0469692014571721
0.173673619872582 -0.226204703488583 -0.259530750397911 -0.135285342415221
0.385022820144681 0.0100556415073104 -0.0743432911075286 -0.317797858505976
0.193841128574913 0.211469613290924 0.223533422638885 -0.357664849258418
0.317224821475944 0.231097855152428 0.693592214970879 0.0664396324845713
0.374424777755555 0.596550000894001 0.195327731957434 0.529718731708806
0.423299892017104 0.784702827332235 -0.182995878263294 -0.281659872982193
0.613285915545712 0.265811751284869 -0.485418640208156 -0.0869607053985118
0.339246934957202 -0.102448167863258 -0.358586717909448 0.421158837998001
0.22650256216955 -0.181360347173942 0.316402252419598 0.331584596939114
-0.0218855361090167 -0.239413376653086 0.277556877371029 -0.177275967250077
-0.0105552846826295 -0.0725576832363918 -2.36729005731878E-05 -0.214681995831307
0.061020377084216 -0.111636025043583 -0.11471030735271 -0.114712282801534
0.0747933593097642 -0.17660134693211 -0.137420693788172 -0.00668870587116634
0.0738856831554581 -0.181865894869166 -0.155441978240918 0.039601327051177
0.0714991953034256 -0.179447200857273 -0.210783338667767 -0.0213749553898003
0.167140403347388 -0.204640903139655 -0.157423067255048 -0.157207640344019
0.271878837715943 -0.01186093848712 -0.0655547934517825 -0.171930340205344
0.205107420142953 0.0331405154760933 0.0244952886710407 -0.38586745566665
0.383263891276175 0.110758628509359 0.618038591536878 -0.0841768198404752
0.538696203977503 0.552468484627473 0.0873742275502846 0.300477492721927
0.356064936085507 0.755856126550586 -0.200229738508437 -0.554165105270588
0.544855971827028 0.233012044892332 -0.411824627085154 -0.29728002869255
0.233362255233714 -0.100067979386055 -0.51219042245563 0.177474906124057
0.119143134896353 -0.0924497241738998 0.103111277203362 0.391029318086149
-0.0274160417324675 -0.0707119274900131 0.262331306544996 -0.0501620541273896
0.0811270248042234 0.0160622847030295 0.0723960392406838 -0.174888184999641
0.143737035776084 -0.0855699831164153 -0.0466160487967545 -0.143309925997249
0.121547510963464 -0.164744584444437 -0.0972177763103519 -0.0732157275263255
0.088608860878898 -0.158033793809444 -0.142164935357363 -0.0319857640830664
0.0734678121948416 -0.134674058886976 -0.194221001404274 -0.113493265314526
0.107081007212004 -0.109611529269263 -0.0553767136907755 -0.215625548625103
0.0766343966588106 -0.0320071017657789 -0.00617090052631803 -0.044640130351839
0.163205472254543 -0.127496252739241 -0.100679957446023 -0.344686184511628
0.380124658159247 -0.044823045883049 0.464881461309893 -0.106181391310503
0.616744459085446 0.465634021083298 -0.0878883899419035 0.0796662843285631
0.308035937571855 0.554831824668821 -0.146763449188898 -0.77555618361255
0.363386975315832 0.0367543164823391 -0.27568561122512 -0.520088013484249
0.0626442402085329 -0.0691477195373704 -0.600456361802637 -0.077387754615837
0.00597788045311053 -0.0188012719440901 -0.102971329265182 0.383734617717591
-0.025901161674948 0.0743396616241031 0.220166861223534 0.0956378041603313
0.137153154727337 0.0650123836181071 0.163806603240409 -0.103881141140209
0.178275795340138 -0.0565017181265851 0.0493335553644704 -0.163469864200394
0.145741366817426 -0.12927881014959 -0.0436040624392624 -0.128112114280348
0.116542095681505 -0.0979544609235758 -0.130503592610823 -0.0807253317609872
0.10107590475387 -0.035512135904042 -0.193397544976909 -0.17604837825368
0.0324594041970117 0.0456086263207518 0.00466999788583691 -0.258472651140627
-0.108497840750586 -0.0334620327381183 0.0255329524307824 0.0224759969928001
0.0683379508346114 -0.206817000624638 -0.123348428238218 -0.286246673785278
0.328588566860955 -0.187113581547187 0.265959879136322 -0.0595034932645646
0.562309395949835 0.361665756884378 -0.271241422873815 -0.110892131503681
-0.377123656684282 -0.308527716260626 0.383776021079468 0.269728759282075
-0.286730361368276 0.214272220352186 -0.0921488122345548 0.0237791859993881
0.037783477408703 0.22735508090822 0.10136575688217 0.240500871178891
0.222845686404007 -3.03370410409172E-05 0.00757970260143953 -0.0620729281242349
0.0500229059639699 -0.201214244577098 -0.0214561523769809 0.226956862075077
-0.153505006036772 -0.0880778634696199 0.164116376752758 0.166394269535529
-0.159469944380121 0.0219430487703203 0.108581089735012 0.0959589356261012
-0.147936810599567 0.066573062645047 -0.0222654238371631 0.170320628667355
-0.153794346906736 0.023049633076477 -0.131398069019448 0.186246542808882
-0.143649111570234 -0.0755036987145973 -0.24344472574385 0.0544752611090626
0.00102987225119534 -0.17064273892573 -0.203154688080663 -0.194632424904288
0.123458183160906 -0.00305183775847301 0.193232630962593 -0.361733618518443
0.0242083936536764 0.0709971826084801 0.658171424738252 0.144845752135458
-0.118360495819761 0.182247218694431 0.273979916161579 0.669133971736973
-0.287757647108615 -0.180001039337149 0.130516852215112 0.891818887323674
-0.100320485259293 -0.151276745565499 0.394844808244548 0.349091621836442
-0.189730917240995 0.119331468816349 -0.0353551973887342 0.0986049900672078
0.0985108088416166 0.245749304486751 0.145112857154741 0.262956448714574
0.320961497493303 -0.0672504529252982 0.107071935256513 -0.0871135491037589
0.0694396166346396 -0.33297933796791 -0.00731877244239324 0.132210901054862
-0.199728845042094 -0.185080604500731 0.117956798333846 0.112909623983513
-0.189629811405768 -0.0447114398426814 0.0497165718401976 0.0833833238535763
-0.129423201427143 0.00274692383160757 -0.080754190273021 0.180560898833653
-0.0973229231168039 -0.0134687454296919 -0.196269871160877 0.196585017640399
-0.102088458574833 -0.0695243927731366 -0.299684715305354 0.0417275547905692
0.0156984542221053 -0.196688517745027 -0.234291514148678 -0.234652735502365
0.237712430781006 0.00121332375472667 0.207028112483675 -0.372402800646752
0.0233242565863936 0.151417845468375 0.611808355083038 0.0896838719165876
0.0592547382079104 0.254537888874417 0.379787948202704 0.670137647337117
-0.176579704842289 0.151507216231893 0.13493646461022 0.9315538362119
0.199756688536813 0.0861061297293617 0.28857954159575 0.340682504923657
0.0575969408030158 -0.0168372656827047 -0.120282601249345 0.165402947731609
0.0978758261150937 0.154749378239143 0.144613474569085 0.383575201406277
0.356949852395465 -0.12506190659589 0.270772055647221 -0.0620133614453171
0.059929392413499 -0.414527152190835 0.0432062721569961 -0.0204091269871181
-0.216520172984041 -0.240445974753956 0.0484200692485072 0.0131073136738274
-0.185393724909986 -0.0950977431491687 -0.0309360912908824 0.0440344958301973
-0.0897453879854301 -0.0640935919136151 -0.125071343211194 0.163755842725197
-0.0319624779925039 -0.0628285226592351 -0.217823837628237 0.193931426628671
-0.035240571597905 -0.0780586299633052 -0.317685372142777 0.0578946276237941
0.0583989781214245 -0.197440254650339 -0.285840115309333 -0.21522649877099
0.331154559197357 0.00569041885632248 0.127360983221956 -0.411573041714449
0.0604737485829984 0.26024907369828 0.533857414873953 -0.0517491321184122
0.151186531235412 0.279137524581468 0.539375068052208 0.523269443280516
-0.0159885410569192 0.40499270285886 0.185026354766047 0.876925696358263
0.407605309952533 0.381491251503506 0.110763890654556 0.21886249471222
0.367748021503285 -0.0171586223330704 -0.275900709941046 0.164058666539927
0.16439416441182 -0.00383783657844773 0.04065908827441 0.497639650931405
0.332931513566947 -0.175741472986408 0.401316140121313 0.0461011385878645
0.0288955242479612 -0.428744118252763 0.134355962337745 -0.161388786145108
-0.185968939417964 -0.231837058032381 -0.0134459422688944 -0.101389639631264
-0.132201953612341 -0.121090675978179 -0.103019672552353 -0.0105498216215066
-0.0367537615295762 -0.122365030670691 -0.152315666706159 0.122451838108998
0.0231857734056629 -0.120059274283784 -0.204250253237575 0.167810880339289
0.0258973312745207 -0.115435544336026 -0.292916450533462 0.0754754755734922
0.123584500135764 -0.209268675299792 -0.30698243450564 -0.162377572398231
0.392145642458121 0.0115684695933847 0.00394008857439253 -0.407767639595242
0.137807674756903 0.29218477265502 0.408212570211983 -0.231971464035561
0.228832997237246 0.279857691579174 0.66215552966756 0.290604294796426
0.178659287593081 0.551167095446 0.223167579457006 0.733721178169136
0.480213868041302 0.627782902396712 -0.0714555424020503 0.00074909875299747
0.568534364304481 0.123203568972051 -0.422815107925095 0.0814970507892532
0.287990727397737 -0.092646259463908 -0.144321531973851 0.530405417717416
0.288741773955129 -0.215379404638707 0.425463957921144 0.199174119048485
-0.00459424851899019 -0.368420372694184 0.227223010124771 -0.223222486432898
-0.108253684630637 -0.168530780851739 -0.0342622588213781 -0.189461885933439
-0.0409477246351228 -0.125829216545795 -0.136774335437856 -0.0660661785367779
0.0212599446886883 -0.160982201529578 -0.15683652821089 0.0635437017759306
0.056837001224691 -0.166068704506689 -0.177889408875939 0.113733461099864
0.0600907486571582 -0.162911596684455 -0.249914552074602 0.0503196429748999
0.16942776055273 -0.228437085748781 -0.260979907956603 -0.130356058200946
0.384279470299373 0.00447370458235532 -0.0787962679474332 -0.31566492985108
0.197286660487469 0.209877892666413 0.218551542999351 -0.358272909670324
0.319574957338275 0.22772226333497 0.693189412644112 0.0601893052604391
0.380077179901726 0.592172974143103 0.200144874867006 0.526204854875335
0.44240976197701 0.762423638074027 -0.185933834935356 -0.276724883836796
0.614302632406504 0.256150119150439 -0.484175632349397 -0.0800029579702033
0.336653478192297 -0.107080086490483 -0.351589986550377 0.423769821397074
0.228637669783158 -0.179938387620555 0.317979382538744 0.33360119629365
-0.0245117857992821 -0.239368963147986 0.275019423200496 -0.178552036369085
-0.0104707040372131 -0.0722844892051913 -0.00275397661024038 -0.214109906529513
0.0591355180217433 -0.112513180454405 -0.117431445448606 -0.109916989902409
0.0750064765736622 -0.17676912147947 -0.136768843907927 -0.00407483541155236
0.0738848764474323 -0.181088860251901 -0.154831817070809 0.0417099905052088
0.0690797385199709 -0.178953515304334 -0.211076829594816 -0.0222348593578325
0.161865035934945 -0.207983721147472 -0.158566743708937 -0.154788198320703
0.27130572861856 -0.0155835341223087 -0.0666191187349107 -0.171193999412492
0.205423460968466 0.0338655775252605 0.0142651887432745 -0.383654213614221
0.383605730476131 0.107727355714968 0.616775215646686 -0.087087957947484
0.543528224995948 0.548667421554831 0.0898991039179225 0.299025536503682
0.371902635584434 0.739861045786199 -0.203498627798599 -0.548513371922545
0.54420346743919 0.226863789019804 -0.412746278131785 -0.293744441255231
0.231430960421167 -0.101953861300953 -0.508089025741949 0.181014329763461
0.118908534628177 -0.0933151533657638 0.107486119485615 0.388781074677341
-0.0286820921133149 -0.0705087934037254 0.259867876944198 -0.0525002561766064
0.0805818804839804 0.0155645006891703 0.0698193667292872 -0.175017514439891
0.1420362236105 -0.086925001889943 -0.0482181922907372 -0.142856392942935
0.11894867839733 -0.165933950910493 -0.0974749627245581 -0.071120613221486
0.0875595888540259 -0.157312541261072 -0.141651185941688 -0.0302565074002161
0.0713324291770673 -0.13550844699631 -0.195720692524276 -0.10953536191711
0.104809210849716 -0.11111659593144 -0.0583871326132448 -0.214658915081356
0.0760180743341382 -0.0325002744426256 -0.00687687603946552 -0.0449291705472353
0.161929997186306 -0.128296942094169 -0.105350211578103 -0.343038719698717
0.377809309242051 -0.0483215444141296 0.462482103684928 -0.111399416981917
0.618638564584329 0.457352865715724 -0.0876277792515871 0.0801898661811765
0.318302038906516 0.538948205135943 -0.157897198332914 -0.769586178567949
0.361340710912006 0.0303976782584564 -0.280655083619608 -0.511715820599151
0.0621477074986871 -0.0692278361056694 -0.597843327964603 -0.0715123342869782
0.00662490216402318 -0.0190516031102996 -0.102838783320965 0.383898852900568
-0.024746936878599 0.0748146871650427 0.220347219697523 0.0932213967848343
0.137302094769625 0.0643285859589001 0.160611699312141 -0.106079443294227
0.179163479698034 -0.0579404549581855 0.0424732919218824 -0.163536990865367
0.145738189905966 -0.130061188608068 -0.0455634985989741 -0.126001681728149
0.116028528581231 -0.099034738146744 -0.129776827514377 -0.0785113838778561
0.0981496908579003 -0.0367824915965272 -0.192869926978766 -0.175816898244088
0.0331274310802222 0.044589950790863 0.00424271519902576 -0.258179341723949
-0.108414132318762 -0.0324229197260089 0.0253245054032986 0.0202769239118895
0.0715332426252525 -0.207224111887603 -0.124341753848725 -0.284817642321094
0.327735795326125 -0.188408905459988 0.265983975893723 -0.0607689043877741
0.564785470896381 0.353945650960306 -0.271360905746599 -0.107141534112958
-0.37836895771511 -0.304089739130711 0.386672316363605 0.263268496906152
-0.282198702717534 0.215670791146734 -0.0913706181068212 0.024541116402776
0.0412888864727744 0.226023354425173 0.103442749330018 0.239204814173999
0.222377552868897 -0.00281149064579061 0.00730926347378581 -0.060643848625481
0.0463559731275807 -0.20139282672542 -0.0173829426741117 0.226528530130078
-0.154211157717142 -0.085800617972237 0.164597468592458 0.163594767294127
-0.158903520490464 0.024400077171166 0.109330819402977 0.0933770315797165
-0.14655107070882 0.0676885615882521 -0.0207027289343364 0.168729429074678
-0.152240652298453 0.0248435943925882 -0.128901605974078 0.18704265321869
-0.143785019405297 -0.0739933613612873 -0.242902980689505 0.0581372997168776
0.000285250703554192 -0.170289286711527 -0.203984584305221 -0.190267087365285
0.122693310878368 -0.003353802450035 0.189140794384814 -0.362511808409105
0.0246551535158304 0.0703128551095256 0.655856360791606 0.138224136705944
-0.115087695396662 0.181849033706313 0.276748574095192 0.664390824719793
-0.288649137031608 -0.175546276483623 0.140420366192895 0.88587410265348
-0.100747363782497 -0.14995099177722 0.395676269094405 0.343345103585078
-0.187620246291532 0.120967867790241 -0.0340063450397116 0.0984073293717289
0.101647423832723 0.242961799710899 0.146991477540072 0.261440106101677
0.317820922120777 -0.0740745991453094 0.106087766428135 -0.0868253234317652
0.0649351745692303 -0.333770592357572 -0.00595249509388357 0.132108104573108
-0.201278313823957 -0.182070274956987 0.119064283762718 0.110693316396435
-0.189327619328061 -0.0418250507721769 0.0492477935052979 0.0818853094986971
-0.127608631132524 0.00394067238839888 -0.0780013534682636 0.181164830590562
-0.0978867259659098 -0.0111799507686718 -0.191446908927073 0.198569129111684
-0.102493097053727 -0.0683992346010781 -0.299433114841868 0.0436440606065632
0.0130496356587568 -0.196218299768672 -0.234176668425863 -0.231548331086204
0.236913640326518 -0.00209918472670062 0.199974716620974 -0.373946657070499
0.0247380093625347 0.150168381832864 0.610848995135184 0.0832959924203338
0.0617111312756586 0.252187590463793 0.386273974729185 0.663872638700028
-0.173843472832517 0.153610685391049 0.145076277546164 0.929607298102734
0.19989638269276 0.0824693461270576 0.293629503806121 0.333245243638634
0.0576680479632988 -0.0177728009172824 -0.118021170828523 0.166200196258499
0.100131012066943 0.152126570604479 0.148013371913512 0.381095314725343
0.352501299149368 -0.12924833828973 0.268403147999643 -0.0639741302752213
0.0549156915199534 -0.414359407083253 0.0439557131075978 -0.0204155976185302
-0.219039214012123 -0.235923742612724 0.0485534639009995 0.0119875707530191
-0.185014441215797 -0.0921693319416565 -0.0300658127594178 0.0438996906200312
-0.0895088596996341 -0.0635582736195428 -0.122199317968238 0.164183285808125
-0.0331931110050963 -0.0624637971749298 -0.213256111313702 0.195023930899654
-0.0364571709903457 -0.0774487763578781 -0.316138937787973 0.0617370496277272
0.0557187815640711 -0.197411253401607 -0.286909029560246 -0.210182380131088
0.329619351392086 0.00191390447713174 0.122982160295376 -0.410776343598047
0.0624432002802694 0.259435199885935 0.531854092349113 -0.0575661242954877
0.153746915218686 0.27583267968175 0.542396645042413 0.514742970287315
-0.01289280031654 0.404957391671791 0.193669669639392 0.869921708185465
0.411707323815784 0.372953860855335 0.111675274158153 0.216820299307002
0.366835161630538 -0.0210266739302005 -0.270780952430513 0.167200185797395
0.164141152894948 -0.005696944581831 0.0463479173762252 0.494644352236218
0.328486095986712 -0.17902354799674 0.399919573167118 0.0441912876964603
0.0227602393923524 -0.427166372981487 0.133210637488518 -0.162396864070752
-0.185727643919673 -0.230457645384253 -0.0136298697468116 -0.100833046274577
-0.133061757722495 -0.118312426276329 -0.101721451925346 -0.00929053604622863
-0.0377345642869137 -0.121597524925675 -0.149670381463936 0.123203923039198
0.0215857710435937 -0.11979370290335 -0.201989727223586 0.169430992429262
0.0252128875376452 -0.114526484442986 -0.292954347995403 0.0768129961887549
0.120795755875322 -0.209613150339662 -0.308187115898778 -0.158047809297149
0.390852755193371 0.00754575014418511 -0.00368719304712454 -0.404557918582166
0.136899245136843 0.294451018191716 0.408059247044664 -0.232528267676154
0.230549664232853 0.276422961387354 0.659185365913361 0.282128608164639
0.182905506415897 0.547654248389036 0.227529971527281 0.72723201384881
0.482247300375946 0.624990668002317 -0.0699696232312327 0.000996219021684022
0.566986001743855 0.116879672695668 -0.419031423397973 0.0857058362560196
0.287082989688277 -0.0945711420042435 -0.138115018313934 0.529916447248655
0.285086644995589 -0.218005248698093 0.42478452082717 0.193517402589804
-0.00954373816795511 -0.367571903991454 0.224385303391062 -0.225690472988664
-0.111204437297735 -0.165638418464563 -0.0363020376129802 -0.187608345494264
-0.042485219947397 -0.12404367196796 -0.137392792606439 -0.0640743565265258
0.0202851118862119 -0.160958074410795 -0.155483800427968 0.0647363668724277
0.0552996007389857 -0.165399808224532 -0.175369390391195 0.116046064358377
0.0570525806394856 -0.162626004154206 -0.249011611788052 0.0537890870486032
0.166080627962692 -0.230135154132619 -0.260741171465124 -0.126067257555596
0.384394224546127 -0.000421411892888609 -0.0830070243039083 -0.313301762617099
0.198705105501224 0.206267201862474 0.214591546878592 -0.36035649653634
0.320672763684042 0.22359196472823 0.689790627505302 0.0510132795241
0.384280374656392 0.583167780288583 0.204525287433631 0.522331277914359
0.433906272856104 0.775049956535368 -0.188618214150198 -0.272714086293004
0.612698493893759 0.248305537383892 -0.481319219110112 -0.0744763410188782
0.334673388950481 -0.110230748441518 -0.345016160158794 0.425905016875579
0.219429904843122 -0.186256290276254 0.31917426273336 0.331399072207316
-0.0263431163950301 -0.23697184347483 0.270855914827721 -0.18284705803533
-0.0102484695685947 -0.0729400388745255 -0.00746266650088299 -0.212697436147755
0.0614287818954547 -0.112597930640702 -0.117874574911594 -0.109357821100634
0.0755094670251928 -0.177243990346671 -0.136740652517046 -0.0023376224213532
0.0710537737587832 -0.181487358250857 -0.153802078722191 0.0426053420948128
0.0603958146084168 -0.179435740264838 -0.210847619674647 -0.0188160546063053
0.157485897613586 -0.209844059593494 -0.161423904728518 -0.150457114392037
0.27110349356963 -0.0176695722312669 -0.0693625382346051 -0.168840947354541
0.20574637710114 0.0359544247059117 0.00899697814353689 -0.381763080514926
0.383664884359407 0.106464193314346 0.613723227015101 -0.0931425563539471
0.545883519886863 0.537097076178871 0.093265509339753 0.294560369349093
0.357706016566962 0.757467980718502 -0.209466152379665 -0.546775856682177
0.543815088127067 0.218815619346928 -0.413763917937687 -0.28820714629549
0.229812540018044 -0.1036959742873 -0.503659949963037 0.184089093144465
0.117383230749664 -0.094750909493873 0.112049816416047 0.385297784781034
-0.0297606555684854 -0.0689781096714777 0.258336268409217 -0.0562688680804161
0.0800039855173141 0.0139505939321909 0.0675020475712293 -0.176130475251559
0.14100035659707 -0.0885674089858943 -0.0495496851779456 -0.141323901851335
0.116823810938322 -0.166618931345656 -0.0982201205799406 -0.070000935677333
0.084528308771134 -0.158443275740695 -0.141881141307088 -0.028861893107206
0.0682257623700707 -0.135504326602611 -0.195224253152968 -0.10726183275586
0.103351693321298 -0.112423502084234 -0.0616937541064005 -0.213146211178714
0.0755353860645443 -0.0337123012013129 -0.00830563341866719 -0.0453817786281341
0.160208343587495 -0.129944178135683 -0.107601283665045 -0.339911843485157
0.376125524312221 -0.0519360125482398 0.457198134678156 -0.115047730909204
0.619527329684246 0.449800678239287 -0.0873202395472658 0.0808841868149443
0.315771912326121 0.544410531036714 -0.164010608491568 -0.763305918298505
0.359020828356346 0.0264740288056453 -0.282717819295159 -0.507249209379819
0.06100775682101 -0.0693877548970211 -0.597547395804905 -0.06938477970062
0.00616512421537571 -0.0202951749336923 -0.0988272878219619 0.384368028205576
-0.0244862529998045 0.0753166801620637 0.22029921151756 0.0888305207843338
0.13779075670797 0.0640445587988018 0.158623457015772 -0.108764380607327
0.179223719696937 -0.0589542550943823 0.0417391840351482 -0.163504766265407
0.143078109237665 -0.131401456421281 -0.046014813283627 -0.125349622864141
0.11336165625989 -0.100223245952245 -0.130082683053605 -0.07742795423192
0.0956743187492214 -0.0390760146263609 -0.197729668622934 -0.167550861446608
0.0338177732976252 0.044400117754031 -0.0030144136585538 -0.25722590631142
-0.108484272797587 -0.0307556489468731 0.0240643475654496 0.0195197179854829
0.0683845352843572 -0.206949229893907 -0.123487693167473 -0.284620209461139
0.323228481546574 -0.192221293492935 0.26270557186543 -0.0647771262441448
0.566732996254632 0.342187637865775 -0.27243761715036 -0.103009313318703
-0.207826668659361 -0.437612788229059 0.227659849063999 0.403189929078087
-0.345873793411362 0.0673878023820527 -0.0945178341654595 -0.0168108508073505
-0.0622232861434873 0.218128912460915 -0.0120093084584048 0.259772336853151
0.199786231835942 0.0961849165825136 0.0330189685476607 -0.0515063632874482
0.132312783188619 -0.159922702441419 -0.114423018154028 0.193114639146218
-0.0990790368655271 -0.146159490790879 0.0750588970709547 0.218822876033603
-0.153357405764611 -0.0506830099509466 0.055707875958791 0.131214956813539
-0.160906935224845 -0.00564792573073513 -0.0942563889930561 0.141855407262361
-0.146652585533666 -0.047743369324376 -0.198678009850365 0.106323464114738
-0.0933302013272771 -0.130713978939811 -0.240315218566553 -0.0591034710034989
0.0774866306113125 -0.148745087126483 -0.094172781812063 -0.260055544526624
0.108787795334601 0.0540095883834594 0.331802888665876 -0.234014722651519
-0.0124981993807941 0.0703865302753557 0.519625759755384 0.41480403539233
-0.182956417369563 0.105713936083466 -0.0517625725814716 0.714998411373973
-0.172893180196631 -0.288696327760251 -0.281121188897175 0.85550102577986
-0.0281651796557886 -0.178982227599356 0.205081436781426 0.477532306865646
-0.219709903907014 0.0250732981598023 -0.0753010671232216 0.0737379303642091
-0.0158572931541538 0.260499639455875 0.0149948413820883 0.298117514832992
0.315167668539079 0.071753433177623 0.133627938269515 -0.0309655666401939
0.207240720951154 -0.269101167842884 -0.062627410081956 0.115258956778224
-0.0980828117069527 -0.254303907214725 0.0577313897452786 0.151163184128217
-0.150760138497571 -0.123262104195388 0.00822061819300401 0.0944902264895599
-0.115619946989493 -0.0552879391978761 -0.150044669521771 0.126636227910591
-0.0809530979070844 -0.0545972208556339 -0.259742297319158 0.0880189430211556
-0.0575495717826293 -0.106237821540268 -0.284381627895987 -0.0989945958776699
0.0997421669865717 -0.165577853626109 -0.103874094452331 -0.309065437382803
0.208785504048619 0.106812239802471 0.344132792120981 -0.240724624755399
-0.0494577761353328 0.14213103027723 0.504629502548937 0.348700843496414
-0.0584650759810629 0.249061919107436 0.0443387844791574 0.766931905412013
-0.221289123444819 0.0530949812680967 -0.290510471681154 0.897354063091535
0.139370853513862 0.160578678603671 0.119456095503145 0.424935562914716
0.0585853436808755 0.0097115609884721 -0.177197520056466 0.095446563634094
0.0220451884359026 0.178853809556816 -0.0338364815722055 0.404109244853961
0.370556608781667 0.0393964933372183 0.268706036615693 0.0597064846177079
0.232789491706021 -0.34723415758782 0.0480800249003902 0.000847990226865613
-0.0895029697457813 -0.310032457386983 0.0382502040201281 0.0320437350253034
-0.124690713083692 -0.16513796392869 -0.0461462412320926 0.0254849039990839
-0.0513076432392055 -0.0973997641925953 -0.183043886823227 0.0910767971058756
0.000377786473846341 -0.070392573404113 -0.277225887440018 0.0752877998071451
0.00469541915953128 -0.0845875334688873 -0.305767180020446 -0.0890595552781048
0.138642020035298 -0.14757175070542 -0.158000481514845 -0.3155587412785
0.290149404505728 0.153530578323821 0.294972522306466 -0.307710509883846
-0.062614412281209 0.257700966339117 0.497644732483927 0.188908273361834
0.0107343488133284 0.310383594700572 0.250658856479491 0.701866095120469
-0.193516515122266 0.348042167363372 -0.221877798341114 0.865993894014809
0.208230210382063 0.504908568513632 0.00913513839914721 0.245137861393501
0.336730180320883 0.1425247585509 -0.312621836209915 0.0304748178572169
0.149063976638875 0.0663554637828006 -0.177758941180206 0.461789696408945
0.370073686188671 -0.0258398174837777 0.339799290308649 0.211488362038744
0.212972952500658 -0.371348654836912 0.190157348848754 -0.0857702469242972
-0.0620314357085938 -0.290622394906244 0.0329585489715057 -0.0971600647822445
-0.0634078817178506 -0.167026231182884 -0.0864155878946364 -0.0538849797237661
0.0230403645416032 -0.125499075968173 -0.188952486775538 0.0428625905565664
0.0745727865054561 -0.0951693858163083 -0.254516311168833 0.0581336490222535
0.0758169455295044 -0.0903904384003113 -0.294073640296563 -0.0686878300621292
0.201562809838282 -0.129962417258816 -0.199455901636117 -0.281015756905677
0.342228610198601 0.18341526336149 0.184770930269816 -0.360783291551907
-0.0127643954466383 0.320795698095874 0.46998603144737 -0.0218037956223828
0.0780456509175775 0.346166552166435 0.461283762091658 0.546664491334812
-0.0838112936270051 0.565182149491731 -0.120350400084576 0.758861230853099
0.140709564388205 0.78060270678349 -0.0597579633624328 -0.0268075202517429
0.45347941516609 0.3542957004333 -0.409499826585685 -0.104711991895269
0.298152612261571 0.0408051504110587 -0.354826238014681 0.409683315341722
0.35115759369788 -0.0700510449679352 0.294822959511503 0.359185670455266
0.154586786977033 -0.332436048299239 0.298218506828523 -0.102003598895475
-0.024139671187288 -0.199164158083797 0.0519055167072052 -0.183597893725592
0.0188364678527413 -0.130543831989263 -0.0929695943370025 -0.119180823062969
0.0913874178090471 -0.135124022217431 -0.167819241128755 -0.0117996392040706
0.123914929589147 -0.121481397929106 -0.207239711009195 0.022686049063573
0.12564393151484 -0.117779332277088 -0.243768072134845 -0.0652853319520642
0.249231355832866 -0.126764716610075 -0.174378545290097 -0.230112152906174
0.339756951865502 0.175303509041719 0.0711342505327141 -0.315732732928989
0.0812008600169662 0.273020672592693 0.353982127130736 -0.223495435842724
0.180970576322848 0.340387568956773 0.59104390751922 0.357621676848264
0.0753564368774815 0.690386319532322 -0.0505420882414963 0.561452231524947
0.0322832034024017 0.891627526643118 -0.0450182908369155 -0.322629040268889
0.437077567470639 0.490004154739601 -0.392526548894674 -0.278366084064608
0.348004932783914 0.0509544240529349 -0.495151645156254 0.224492302226438
0.276687081166891 -0.0759243994117555 0.142220070285566 0.431153800212317
0.0803253675138543 -0.225855949244978 0.320863747463874 -0.0441185243462814
0.0227200804880484 -0.0695874489803879 0.088971693196582 -0.192640841078256
0.10563028859122 -0.072218493209931 -0.0545443258522869 -0.15011871142126
0.14634047303545 -0.125175096975738 -0.120308223619048 -0.0638844638732187
0.143711939550012 -0.130495589281733 -0.154723527996558 -0.0320116256879087
0.13604780060584 -0.1309487510494 -0.178482826338187 -0.107850972733566
0.2351882379032 -0.111168083944947 -0.0758515224956271 -0.205969040852203
0.249119046050484 0.107945949199921 0.0156172368229557 -0.181754606673224
0.165876256556818 0.123261310697362 0.186118701656266 -0.33372352139139
0.289884487925247 0.264722221979485 0.588896160064342 0.189143232589317
0.238008228581705 0.723611690026276 -0.0477382402944096 0.306398530560784
-0.0177460368834516 0.836645126072148 0.0545988992564229 -0.57473040330589
0.387667422756185 0.434841829318076 -0.238915928762556 -0.434677635789996
0.25090520055766 0.00997803186080022 -0.528331502117696 -0.0572654571748446
0.146903484910105 -0.033490713463378 -0.0692799084424795 0.393209217479686
0.00459614707168158 -0.07631651304933 0.254505996519107 0.0632451095481811
0.0648096866264264 0.0494317348841944 0.138326039226029 -0.126584510414426
0.166362341738936 -0.0148745527295656 0.0193899792681697 -0.147718898905494
0.179926254146646 -0.0968925636481694 -0.0560652788219866 -0.105991049469202
0.146838587256699 -0.10102167701583 -0.112021540831337 -0.088168262225698
0.121739590100258 -0.0884675841182158 -0.124988170429407 -0.182584435276512
0.141219931791903 -0.051996942364019 0.0417484250987249 -0.216608592316432
0.0836126106102775 0.00430929464285236 0.0142295568243719 -0.0450149075403857
0.199920574919701 -0.0408559905736776 0.0563086599374293 -0.35161462906406
0.354389094533483 0.123210445590823 0.46187980241029 0.101830293050371
0.348528502692692 0.678186669343864 -0.111730790210151 0.0319129916999752
0.0369389357978163 0.632909571383833 0.190287364961301 -0.750803128452587
0.307945051700242 0.183925106234331 -0.0266251602166466 -0.578743696302111
0.0864659499009992 -0.033860180366079 -0.499792387793873 -0.324675532581696
0.0161386034694451 -0.0158870295171973 -0.250321241521845 0.299882478250362
-0.0548726556690921 0.055575518222209 0.156219862759458 0.174843657227834
0.0940443512507276 0.117015711348952 0.190126616667154 -0.0242014467237603
0.185545159157328 0.027020082045429 0.11394330647162 -0.124232909951295
0.187554356144788 -0.0530321415966945 0.0162645683206425 -0.132889894210777
0.146060084788811 -0.0370056620124 -0.0803394634558481 -0.126681921895222
0.103727087349096 0.0113211304443417 -0.101523630960527 -0.234852188696638
0.00923814252893033 0.0541973939408484 0.110720118049408 -0.228693901627292
-0.0819572241965883 -0.0774273144498285 0.012438116892017 0.0284710986030073
0.147337079695658 -0.152386205025374 0.0153743046659764 -0.309365717253497
0.369912513950656 -0.02757934660723 0.26334692025542 0.057822482566112
0.345780628899418 0.560656979840839 -0.193924044537456 -0.217115186816648
-0.20999694708206 -0.43290461371196 0.229311494239968 0.399719894616924
-0.341935799737783 0.0698324844541324 -0.0949356613253614 -0.0156966241645886
-0.0590293278867592 0.217436136877396 -0.00989730059467038 0.258968113243954
0.199595948028895 0.0925583952621724 0.0321502388190705 -0.0499532208172716
0.129397679114951 -0.160831695471379 -0.110713337585644 0.194080837996324
-0.100024534835274 -0.144701040969125 0.0775778075194964 0.21685688503732
-0.153523091768201 -0.0482138306582162 0.0572435965051907 0.129943813795351
-0.160271389305025 -0.00465806380231638 -0.0924438383719064 0.142548310444155
-0.146639900081735 -0.0462792520201046 -0.196671056318234 0.109115411457805
-0.0935939821332504 -0.128452816299609 -0.240351818408905 -0.0565666763885426
0.0749493423477495 -0.148454200647269 -0.0963091933848458 -0.257591239928614
0.109269094593943 0.0522616380663223 0.327242987039467 -0.236259262305329
-0.0125905406600129 0.0698733654360206 0.522117769586709 0.408425109929708
-0.18069631210588 0.107259825932232 -0.045167311985007 0.711765483437441
-0.175544525259688 -0.28571485393437 -0.269498164049848 0.854936409212701
-0.0302322467735235 -0.176288000079325 0.20821705488697 0.473868960750624
-0.217424625329638 0.0284454794979833 -0.0738821497423321 0.0733949876031614
-0.0126911433906697 0.259530220593296 0.0181521808408452 0.296602271437114
0.314592362090178 0.0689735396918407 0.131943975737173 -0.0316852250905288
0.20326245323939 -0.271260506802672 -0.0606511285566523 0.115628053141505
-0.100805353714227 -0.251654598298352 0.0591899307417277 0.149492540407701
-0.150895845920807 -0.120986150877934 0.00922092250830683 0.0930532491792905
-0.116310441492176 -0.0528450537048022 -0.147621488581668 0.127263898825413
-0.0812602787343336 -0.0537912261666453 -0.257070569516878 0.090024692397814
-0.0588034155931912 -0.104836237351452 -0.283756296087166 -0.0938273376085139
0.0973408284366097 -0.166040148849857 -0.10793255960983 -0.304747277492609
0.209572853046015 0.10526265541408 0.34251506447684 -0.240812586998972
-0.0472898820756859 0.142266727745431 0.504606768750111 0.340980382088132
-0.0554668458589027 0.247454552570894 0.0518397682871355 0.760665513825473
-0.219602521337372 0.0562462373432562 -0.283067399499767 0.895743098338355
0.139575498140224 0.159068100132556 0.120197255115202 0.423639251509662
0.0591015780626827 0.00872281826607037 -0.175451177945602 0.0963609394109793
0.0254455969303302 0.179449464391632 -0.0316305953840912 0.402147588135698
0.370551092281318 0.0342703365139454 0.267434818364799 0.0577594723915195
0.22693357534376 -0.347833675955821 0.0484795945925777 -7.40007606700817E-05
-0.0927405080409015 -0.307948516067083 0.0382906014813655 0.031528040106558
-0.125785763639099 -0.162849562606122 -0.0454925950813131 0.0250975910404148
-0.0517708483973352 -0.0961450420425639 -0.181010232272261 0.0933676279407077
-0.000734882057587197 -0.0695042370391591 -0.274679746350298 0.0783669693555815
0.00361983128213414 -0.0837659254098157 -0.30460103523681 -0.0845063478465864
0.135703583510924 -0.148343019823136 -0.161567856653098 -0.311236186251556
0.290864249058206 0.149907797863781 0.291134704976588 -0.308490395059728
-0.0596035786217309 0.256596235248971 0.496223502968006 0.183307190944412
0.0137532124926639 0.309473772689074 0.25406365021572 0.695057626590142
-0.189293069103711 0.348852756153652 -0.215833776196786 0.865610245270667
0.208228479612729 0.50408651314339 0.0124494366570316 0.243308083175632
0.335255549943475 0.139054535512685 -0.311485016131247 0.0302437553195768
0.150574983336883 0.0654412024451054 -0.174066415508047 0.459767906415197
0.368828714143925 -0.0299399905306767 0.339310114422322 0.205979848197499
0.205485166875819 -0.372869763233627 0.188686071536753 -0.0875845457160723
-0.0676516046463237 -0.28820472554511 0.0319845006907578 -0.0966302222802348
-0.0652635990059819 -0.165326062762343 -0.0861351873090252 -0.0532528002408043
0.0218857106155787 -0.124520434698031 -0.187568723446807 0.0451466587173825
0.073101319637087 -0.0967285149638077 -0.252503349916641 0.0614923486068865
0.0728297152098211 -0.0914996212722141 -0.291952854446296 -0.061067534314092
0.198846800294188 -0.132782282349556 -0.202053500047691 -0.276840694113096
0.342355507266368 0.179577892752034 0.1832512151718 -0.360695971120254
-0.00383949536371379 0.31918156101925 0.464440241082279 -0.0284830029517161
0.0807850325427144 0.343335167885513 0.46503954326752 0.538560531281505
-0.0787519243333115 0.561266271743616 -0.112503314261972 0.753627626721251
0.150993410717111 0.769195423152443 -0.0600594019473349 -0.0263120951167637
0.455362262129991 0.348012753885456 -0.406311212757915 -0.101654112723317
0.297216679628958 0.0389125887414042 -0.349044822632815 0.411486624686621
0.348445269043869 -0.0742957647685429 0.296766161616621 0.353661060431432
0.15024537618577 -0.334169848340442 0.295381319715423 -0.104559836608823
-0.0250907164684315 -0.196707447308208 0.0491821191472802 -0.18400970275925
0.017165499143142 -0.129327694246623 -0.0936726410073752 -0.11752078775554
0.08919028232277 -0.135212531104961 -0.166512577385635 -0.00979860851372607
0.121656094536647 -0.123094763728516 -0.205573894282945 0.0253209061641441
0.123196502894289 -0.118484270382872 -0.243682779266511 -0.0624552152676953
0.24716176539292 -0.130652656136037 -0.175960849378876 -0.226951845666017
0.34095137371535 0.170749074467816 0.0664908045483401 -0.315940751607484
0.0849727444288522 0.272231278869879 0.349375258665483 -0.224952662531901
0.183824363265014 0.338096750173067 0.589997261088147 0.34867004610717
0.0811253498411762 0.685794563691281 -0.0454173518009985 0.558739408521101
0.0637537768617032 0.876002612762237 -0.0473963825236859 -0.320297324728994
0.438280330273467 0.486771396155977 -0.391839056233061 -0.27254360003171
0.347427302979611 0.0482128858226015 -0.490870331022815 0.227894905448926
0.278710553572338 -0.0708792955054363 0.147861945276742 0.427000031677433
0.0774392696096326 -0.225162762402106 0.319143852327061 -0.0467669935981004
0.0209132162940269 -0.0698511175716992 0.0874185383414875 -0.192537383460197
0.101198255650178 -0.0739118443187992 -0.056043659610331 -0.149273038467504
0.142084314219499 -0.127063264603761 -0.120565378502076 -0.0625061972737004
0.141288284199252 -0.130613937623007 -0.15453269524098 -0.029330825205475
0.137625959363688 -0.129442929441125 -0.178742237539853 -0.10614819343884
0.231838521205912 -0.113771290158337 -0.0760313155589927 -0.205187919258163
0.250215456161258 0.102737026826036 0.0146331883625277 -0.182665022387167
0.168383954795456 0.117775535688308 0.183078273192747 -0.334796383015321
0.291636443196052 0.259484308703104 0.58561899042929 0.182591712254189
0.245357946013663 0.71559040772818 -0.0448041614456853 0.304734083490668
0.0171056979704242 0.82162161266274 0.0484144282741487 -0.571318819356424
0.390409564611592 0.429174314780373 -0.240409373252913 -0.430452917798693
0.249773715080959 0.00720410730469695 -0.526116196161933 -0.0524066348334112
0.1482176220084 -0.0346058745617325 -0.0661317514051571 0.392222182426719
0.00374527336067719 -0.0763902905069019 0.253254231880839 0.0605515983316566
0.0654291396917511 0.0475429830073336 0.135891173683709 -0.12662643523152
0.164874596150385 -0.0169972889820237 0.0176570492878096 -0.147451471085121
0.178634948532829 -0.0974958299628981 -0.0574901122104381 -0.105090887961241
0.144778538279076 -0.102555432905581 -0.112915735100105 -0.0862073330069539
0.119773173496852 -0.0895693448229002 -0.127983397959496 -0.180944867517382
0.139535917952101 -0.0537468206295143 0.0382634653877434 -0.215636192994755
0.0840309717352148 0.00416902132782695 0.0136530102216714 -0.0455072196817743
0.198582678480562 -0.0423122138563018 0.0522323217321246 -0.350283754910524
0.35237253601138 0.119391757047452 0.458240646907266 0.0974508841615524
0.349670964006757 0.670221051459708 -0.110942436120441 0.0327609361924956
0.0558558215112587 0.622355042432496 0.182042740693317 -0.748387616277269
0.307860711771792 0.180771542767884 -0.0288891923160189 -0.576215983089327
0.0865512150635902 -0.0340668121473984 -0.500643005636848 -0.314462550733268
0.0160848819013766 -0.015219631973885 -0.246461432155858 0.300161971255595
-0.0536758641081547 0.055569542770948 0.157318648991462 0.173615322460447
0.0944512582670333 0.115270984946864 0.188953723879713 -0.0264064909797241
0.184498623788876 0.0234038071641522 0.110696748592538 -0.126024804965361
0.184557017587145 -0.0555026878680078 0.0138284535820025 -0.132483577523552
0.144212958990587 -0.0383083195347965 -0.0818638811109147 -0.123567840811228
0.104146942214404 0.0111406012959693 -0.100045475800277 -0.236452137917387
0.00985846227804851 0.0535405749951906 0.109331821464176 -0.22926695208919
-0.0827457879529855 -0.0745722453282287 0.0132226269143349 0.0278756535197879
0.146305870644349 -0.152430814586427 0.00696843950118772 -0.305754203453428
0.369022832794676 -0.0282974324616809 0.262447925572689 0.0568580395124151
0.347672271148213 0.557091622034681 -0.196037933445461 -0.215883939419475
-0.21397032064956 -0.427586118766829 0.23291892153828 0.396320942286037
-0.338569997016575 0.0733964608420451 -0.094184608205117 -0.0145280348660466
-0.0562605893057958 0.217550813093677 -0.00705285580292396 0.256853126620987
0.199117828693601 0.0898528942369886 0.0319820092058125 -0.0490560561526604
0.126666774379615 -0.161125289473483 -0.107590175196019 0.193639246680462
-0.100871268929689 -0.142535309638971 0.080289205655385 0.215174764497844
-0.153063748037742 -0.047399419034358 0.0581913891039827 0.126976152067923
-0.159672193869718 -0.00211343747214017 -0.0891950848708734 0.142097587162978
-0.145604031300236 -0.0449596306021265 -0.194580797895841 0.110152591022212
-0.0939217274117456 -0.126370775777167 -0.238396738705019 -0.0524895389259628
0.0728314166233572 -0.1483371285884 -0.098531748956713 -0.255232059915703
0.108562136816223 0.0516936832326863 0.323617938672677 -0.237806018730367
-0.0121763230003763 0.06908242239746 0.522388083842057 0.402124950810558
-0.177757550427659 0.107993978655376 -0.0409421204242535 0.708443486520742
-0.176117015993304 -0.281400910180451 -0.260531444323211 0.851869453135337
-0.0329567940803854 -0.174192199158849 0.209971294812467 0.470374755377827
-0.21563727658286 0.0293046097253025 -0.0726871698031067 0.0737668853197894
-0.00953662864197252 0.259153891765792 0.021711077295981 0.294035744853778
0.31380746129374 0.0664781345844731 0.130867719922711 -0.0314206923087956
0.198369921817648 -0.272560343840713 -0.0577321295213334 0.115094296745435
-0.102662579208786 -0.248169337158661 0.0605869340575383 0.148309058053721
-0.151809270616944 -0.117992251862157 0.0101065674255922 0.092417641988793
-0.115207021958913 -0.0511547473537896 -0.145913142230551 0.127783333552067
-0.0813513176147132 -0.052621414418757 -0.254706802254851 0.0927734088292881
-0.0591342002186149 -0.10365031676615 -0.28259784834808 -0.0887167198745827
0.0951154419861019 -0.165864304173799 -0.109156244318578 -0.303207545695645
0.209529276193933 0.101992801443949 0.339864059635099 -0.242639362356737
-0.0457253819208683 0.142515672031985 0.505616207894549 0.332389989800811
-0.0525048771202012 0.245640671887393 0.0573923458410477 0.756775973912355
-0.217038940829538 0.0576247549325255 -0.276709034896401 0.89519286310925
0.139316499367649 0.15895676076389 0.121837113070388 0.421265928503809
0.0592285290902807 0.00870681366996764 -0.173130948992864 0.0971074197930682
0.0274167749425039 0.178392552150573 -0.0283174472751115 0.401242300066392
0.368124196091498 0.0299033257812854 0.266198318835658 0.0554980067267135
0.223251957012728 -0.349409801393798 0.0494405243766795 -0.000856213963202416
-0.0952998748423157 -0.305071947505448 0.038973995434757 0.030538855781279
-0.126812034976641 -0.160390652832622 -0.044180599397593 0.0242721462885327
-0.0523685104974604 -0.0952040237409747 -0.178871142689548 0.0951893419955329
-0.00182480560555564 -0.0692116922792152 -0.271575982613561 0.0797927189301515
0.00247965042920062 -0.0835715415735012 -0.304416032490796 -0.0819495674683826
0.133424934128068 -0.1494656279761 -0.164101759917223 -0.306402079067589
0.289982979619189 0.145143478305047 0.285416014373119 -0.309870934661568
-0.0561301437434097 0.256876088136589 0.496685391144538 0.177158591311499
0.0166123929320413 0.306214508172725 0.258308958351273 0.687070071266387
-0.184118529402351 0.348324502621202 -0.204784227612798 0.861615382386885
0.205018223686845 0.50652266338643 0.0148619770200561 0.241666977459315
0.335976988044275 0.135501434947995 -0.309087550006028 0.0335540938826895
0.150779322209535 0.0642700632853475 -0.167115597670148 0.458872912849598
0.369385691807148 -0.0249258377348324 0.338342513753603 0.203586044264024
0.199135041104191 -0.373406309869152 0.18610906498445 -0.0900611529812857
-0.0699154770592218 -0.284025021368401 0.0308998209249191 -0.0972621271758727
-0.0686663683374235 -0.161667228807924 -0.0867726598142365 -0.0517692750761466
0.0197847434026696 -0.124011507113256 -0.186467676248523 0.0458769356115398
0.0709903509040292 -0.0968566032841418 -0.250682983219592 0.063813706659761
0.0716048563900184 -0.0912040254069784 -0.290508674805126 -0.055330220607198
0.195944112085773 -0.133637528536978 -0.20535618880533 -0.269348039959217
0.343084806998035 0.17585272006447 0.17421581637327 -0.360360017110018
-0.00153990028215534 0.318453220217471 0.459994252530011 -0.0354025921650731
0.0829129062714996 0.341081242901641 0.463189125088085 0.53687798028829
-0.0755631933052205 0.560375734385001 -0.10963345076832 0.75022792375303
0.174021569806903 0.752524935218339 -0.059627371217657 -0.0252944051787313
0.455031863052839 0.341032541672902 -0.404969634809897 -0.0980423141100821
0.296284432801788 0.0356748192779013 -0.341614895855415 0.411092192218022
0.345560720296152 -0.0774408555999233 0.298511938373478 0.349803795502311
0.144335609682079 -0.333500369396477 0.292691322200967 -0.106916260089126
-0.0280093314993337 -0.195504349073945 0.0475161795395839 -0.183352119501987
0.0154722740243598 -0.128874707219751 -0.0939769079660358 -0.115404022703632
0.0874934291486115 -0.135202515535731 -0.166028133894222 -0.00799730231538303
0.119547198795992 -0.123401851393358 -0.203484484662525 0.0278181037256207
0.120623722617849 -0.118936590417801 -0.242303919877474 -0.0597143726098328
0.244033562448763 -0.131768858845419 -0.177885643738019 -0.223354966945651
0.341855813978743 0.166150720362949 0.0629606361699086 -0.314132724910459
0.0879871758636228 0.26997650056806 0.345181354698447 -0.226922366408023
0.185095201483817 0.33389511547361 0.590341108828342 0.340776308077725
0.0849741951915692 0.681385445635287 -0.0401010774263159 0.555279276370426
0.080487374065733 0.861254385509025 -0.0510554622827198 -0.315894404078655
0.440077459134948 0.477502280207783 -0.392800200409078 -0.265217679380085
0.345506118675359 0.0431769336580534 -0.48241028589624 0.233081450636945
0.278387970856003 -0.0685501046168939 0.14749758374585 0.427034831377103
0.0752898263964884 -0.224161756741349 0.31666372732815 -0.04928293351935
0.021111169346441 -0.0692319184064901 0.0838061463572899 -0.191981029475338
0.100648810352493 -0.0750337567091006 -0.0584201244574166 -0.146593299538039
0.141579995379017 -0.126067487213524 -0.12100061320896 -0.0603802313808458
0.14103874919871 -0.130778944092659 -0.153514021345046 -0.0272019001505773
0.134261385744789 -0.13067301395175 -0.178647116132144 -0.107634093045761
0.228689236188723 -0.118571819008149 -0.0792127414716493 -0.203183413387826
0.249921970830355 0.0994946543599206 0.0124747672707643 -0.182293712089838
0.168713504433071 0.119317478068056 0.171785983910914 -0.334264020859261
0.291890672504832 0.256649873544994 0.586243029540663 0.181224934655951
0.249901733417143 0.712635165442637 -0.043206944840793 0.303551982228899
0.0298560127920188 0.812222193908279 0.0419668756754674 -0.569441149161265
0.390241318447296 0.422294596601929 -0.241953855553416 -0.424080825703754
0.248196067344088 0.00540721700698202 -0.52183818520418 -0.0483545446474574
0.146555557174145 -0.036689017935576 -0.0621146477705883 0.39031446037936
0.00199373446845875 -0.075664164969836 0.251965150539778 0.0570646832327472
0.0652209659596046 0.0465988788618482 0.133610483469973 -0.126846532667019
0.163665854746264 -0.0179052039196276 0.0161240890854278 -0.147404379302136
0.175592654836717 -0.098813082413842 -0.0575575437062523 -0.103469879512305
0.142378418838446 -0.103849896445208 -0.113143452361946 -0.0849305523293833
0.11790004356639 -0.090341904326465 -0.128500171761379 -0.177770657752907
0.13772421876856 -0.0554425145654655 0.0336351293433224 -0.215497747036672
0.0836564864801274 0.00234510533829691 0.0121534078894795 -0.0465630914564435
0.196828999128527 -0.0441518086545557 0.049431180434392 -0.34743304120682
0.352840707459554 0.11528217335426 0.45586966329239 0.0915639525663178
0.353269774276353 0.660649815134461 -0.110467352201531 0.0323201169861675
0.067775127716686 0.611119844446362 0.17300383626156 -0.74464749979059
0.306064545374735 0.175092379658847 -0.0376889045307317 -0.568524323496299
0.0853543393936871 -0.0349312332114518 -0.50049137848435 -0.306046589502106
0.016581354366105 -0.0151662003208158 -0.246764696134895 0.301034434033734
-0.0540553654134942 0.0559833277603258 0.156839711975952 0.171556605864756
0.0944521558021075 0.115084314645584 0.186656847978773 -0.0289243509126887
0.18498623542224 0.0232219170888498 0.105057942038694 -0.128243384303084
0.184604206640044 -0.0560789895273961 0.011807234204718 -0.131222577735663
0.143524502783607 -0.0400581962181207 -0.0826755061376967 -0.121809826233695
0.102127620072304 0.00783182631250796 -0.100720296338884 -0.234611807333708
0.0112698880007918 0.0524541513378255 0.107572532078697 -0.228448193410542
-0.081944232205388 -0.0736534371796529 0.0133064728292874 0.0257544024686015
0.148641632784604 -0.151756358344838 0.00675759403111043 -0.304500360791595
0.365640626890479 -0.0299691953556991 0.261186832087226 0.0550838204305617
0.35073954054697 0.550846078043478 -0.196517562587299 -0.213249715136018
-0.214976676177417 -0.421689261491241 0.235071075438546 0.390414999353572
-0.336745932801631 0.0757290333706113 -0.0932871512765602 -0.0141659726665271
-0.0542582421432837 0.215931644445804 -0.00467062958046644 0.255980236285433
0.198621635956117 0.088124617469259 0.0308207824700478 -0.048790784598314
0.124394434437627 -0.162862556902655 -0.103795885350765 0.193562818346549
-0.102304231114806 -0.139598349446089 0.0814904606853243 0.212164239612877
-0.151887768805902 -0.0454654790344632 0.0585433479723482 0.125642780992854
-0.158178489642089 -0.00125007853047819 -0.0883256185208267 0.141561764325491
-0.14590722666255 -0.0423036408562964 -0.193333281454146 0.111342702007431
-0.0945653508575046 -0.124855632776952 -0.237524749079982 -0.0500225172567753
0.0705888598448965 -0.14770245496089 -0.100687888646826 -0.251107699863648
0.108565169183462 0.0505226385298877 0.318203992523811 -0.23823476710636
-0.0121424094769996 0.0694973612243644 0.522818509899078 0.395841507918864
-0.175517599418301 0.108119133402559 -0.0348676529442114 0.704358384418867
-0.176671261422025 -0.277344005573882 -0.252707018526809 0.847369163572876
-0.0329624745699855 -0.172524366997918 0.214264968545365 0.465199941789598
-0.214341210469278 0.0310477988066859 -0.0716243497605461 0.0731052067530134
-0.00614139169230238 0.256819807369374 0.0239049124077025 0.292562394980826
0.311739196034101 0.0606588156395827 0.129634668987887 -0.0312833011143666
0.195175205934452 -0.272869239745091 -0.0560850729778317 0.114765879849923
-0.104181110881034 -0.24581626380533 0.0620941771936145 0.146041388016169
-0.15148531844187 -0.115227196830109 0.0105932597521525 0.0909677056282926
-0.114906451869985 -0.0505056775560136 -0.143571402062637 0.128204254464762
-0.0808293278177797 -0.0516583365804201 -0.251061139775547 0.0960507481226812
-0.0589906398825929 -0.102397501092003 -0.282008902881841 -0.0863844837075985
0.0930138043266244 -0.165438228012134 -0.111113363585286 -0.299519571317461
0.20884129567766 0.0995741170261299 0.332322130234365 -0.244346587897606
-0.0441902651696452 0.141947564026348 0.504917544304261 0.327774713524403
-0.0505771774401 0.244330223743788 0.0627823940072393 0.752582440789448
-0.21567383477683 0.0596820138673997 -0.263288974665927 0.885565234899734
0.140797248107319 0.156189363122029 0.12725281197894 0.415448997001415
0.0592141389990177 0.00846494301062685 -0.171432242838005 0.0975537683975545
0.0291918241057522 0.176462340375591 -0.024670580554657 0.398687719317473
0.365483485255939 0.0246766468345518 0.264698393699461 0.0536262331629892
0.218114509319721 -0.35035063437214 0.0495267528871794 -0.000560137714736352
-0.0982065298354223 -0.300573141042502 0.0392259648681639 0.029886999899468
-0.127125367819255 -0.15753163450474 -0.0437123917185331 0.0251802235920843
-0.0515179250201975 -0.0936035543608177 -0.176809280179336 0.0952087583745225
-0.00194751104866852 -0.0693067112836074 -0.269646115644764 0.0838093805111077
0.00169283538298953 -0.0822702936499882 -0.303654817875138 -0.0774743028741494
0.130396413774279 -0.14933368811061 -0.165685278168444 -0.302718509151192
0.29038152999708 0.141969528201296 0.280314556492686 -0.311129551562065
-0.0548142968908982 0.256539130642112 0.493528776335935 0.17148396771222
0.0194773061966738 0.303481026899828 0.265876479734418 0.678884451392202
-0.179324533901119 0.348402263858144 -0.195906447029164 0.859285955568027
0.210712350051039 0.49808962562067 0.0159757543541855 0.240965649661877
0.333761791011852 0.132115358290465 -0.305853117717184 0.0361660880355046
0.151377638975232 0.0626977092455024 -0.16118994819916 0.457394657509491
0.366562294803757 -0.0306238856197746 0.338121101740872 0.201599528756207
0.194709944567479 -0.372986150389449 0.185340274861833 -0.0908598872102
-0.0707043012909744 -0.282644933474582 0.0299725987857157 -0.0969306697767346
-0.0693688498396592 -0.159896219333627 -0.0860344667182986 -0.0506565084345408
0.0190088558805156 -0.123255771262064 -0.184468656747274 0.0484063960181118
0.0705076473921552 -0.0961769982630839 -0.247217497781521 0.0664307308323717
0.0713410748991222 -0.0901856598991231 -0.290688625650584 -0.0550306862612705
0.193536643184071 -0.135590925923312 -0.205569095874804 -0.266276095856276
0.343292495014336 0.17096367615131 0.166825858057844 -0.360047550741429
-0.00372144829871261 0.318757515504461 0.459850842909662 -0.034193641130272
0.086040607939719 0.338203075661266 0.467135750777418 0.526201536340259
-0.0706010264964506 0.556844537067558 -0.103489046436554 0.746302718426294
0.172412972994506 0.753127448612896 -0.0588366323332689 -0.0238936696789582
0.456089557366643 0.335336273369066 -0.403103789236785 -0.0949955663409431
0.295178028192837 0.0349065834513219 -0.337767190091546 0.410514806227289
0.343807775162046 -0.0805505656237545 0.298647183802895 0.346206418213544
0.139102732358284 -0.332215372088556 0.290434939121808 -0.109382622503035
-0.0296791438059107 -0.194489922439723 0.0455949569898429 -0.182356853517471
0.0145229316984975 -0.127816399908682 -0.0945202912978354 -0.113276293465628
0.0864911647365298 -0.135201846371923 -0.164956332654742 -0.00645437817652838
0.117766745991556 -0.123485735871344 -0.202855343472214 0.0288165284123068
0.117859472786501 -0.119297297453785 -0.241233770281979 -0.0556821353248563
0.240119998343235 -0.134003354644387 -0.179217257169913 -0.219103133216049
0.341017036975034 0.161038204866598 0.0594546662202072 -0.31379822733022
0.0889891711559951 0.268162422349334 0.34139830764096 -0.2291902541172
0.186605483251487 0.331829306907876 0.590356502086075 0.335197208291609
0.0905029118560662 0.67472464320757 -0.0358637255508252 0.551452942747697
0.0652230798519108 0.86837436687208 -0.0535691581770029 -0.314243847378199
0.440993826659324 0.471171734479873 -0.390360867023342 -0.261315713599698
0.343318669657173 0.0411337804763736 -0.475622048401753 0.235372672513959
0.272268524340429 -0.0788686551191856 0.148777609875811 0.423911404770662
0.0715583763482407 -0.223895464972167 0.312930633877773 -0.0533786317002818
0.0195619816861471 -0.0693651478342566 0.0815868359021242 -0.191337375215013
0.102436255057749 -0.0740798675451424 -0.0597179331542545 -0.145902713902897
0.141722215306133 -0.12633057857979 -0.120323187872279 -0.0590693103235708
0.137482405016919 -0.131331609872029 -0.152984460574114 -0.0250733292292613
0.127505344225678 -0.132846790127865 -0.178688674159071 -0.102760457764159
0.224773822543199 -0.121210439693155 -0.0829957562835187 -0.199636185842958
0.250075789464505 0.0972894663094387 0.00901474494401933 -0.181682667252081
0.167223331265929 0.120765680264437 0.168447248335097 -0.333423712965253
0.290654704041148 0.254720465338445 0.582179005780259 0.172821251463946
0.252368008292579 0.706915970924448 -0.0391430188674474 0.301093549094107
0.0127286325208829 0.821919300498232 0.037980925176569 -0.565528984417628
0.390152910404041 0.417358169326115 -0.242610861013606 -0.421850969899211
0.247619179500783 0.0048551964885785 -0.520657785187376 -0.0433674437736302
0.145475786562712 -0.037032959429852 -0.0575181208946052 0.388559756397368
0.00116234345685681 -0.0748555595384116 0.251161477096076 0.054088225358015
0.0650942569157345 0.0462290235171003 0.131662277249931 -0.128306657695718
0.16271489046675 -0.0194571796575834 0.0150558721780925 -0.146099039379139
0.174082097002228 -0.100281321471185 -0.0578716173354193 -0.102271781668754
0.139855010671675 -0.104848128946813 -0.112443538673559 -0.0818864221730583
0.115103837552317 -0.0912937895674097 -0.13033251491851 -0.173757529509219
0.136267551353847 -0.0572045296897743 0.0310595993581308 -0.213658469341969
0.0848842772024511 0.00130685078046714 0.0123985211535323 -0.0475639206699431
0.195211878860458 -0.0448865600371659 0.0462142089837058 -0.346077762038161
0.349660285360925 0.112158086805146 0.453551845334913 0.0872925479805521
0.358035007411783 0.654167181041836 -0.109346263668987 0.0329593198342277
0.0594432356512935 0.616178260408633 0.165986933067432 -0.742461415895296
0.305364343447126 0.171096616295022 -0.0408068070055759 -0.564578404509322
0.0844424798031529 -0.035070052232852 -0.498306414190884 -0.304120765410055
0.0171387330623295 -0.015758802155652 -0.242079437189446 0.300887605945465
-0.0532167517417929 0.0564092183294097 0.157157143720228 0.167378451926782
0.0943867338188468 0.112843691082784 0.184762595451615 -0.0312754134233914
0.184205808998595 0.0229261962086482 0.104678596638785 -0.12740306901998
0.183307865477531 -0.05691465691028 0.011856871247519 -0.130914334198878
0.141679824382118 -0.0417656976900519 -0.0820412333952269 -0.120742412438242
0.100042357791743 0.00631124738924701 -0.107667187828778 -0.22818742336961
0.0105378720812726 0.0520400641726349 0.100277034910645 -0.228915650988493
-0.0826312728100244 -0.0729140049296274 0.0137274939851064 0.0244637386330302
0.144121268723439 -0.152212283843168 0.00863573305713716 -0.304776469390962
0.361504230998715 -0.0358614889514964 0.259322837630877 0.0506929946923989
0.354624891106132 0.539145085785909 -0.198751598427936 -0.209159569239475
-0.21689588952136 -0.416687803707321 0.236133698014785 0.387171487282581
-0.333056897300683 0.0784844209446736 -0.0929884557845243 -0.0131423463478503
-0.052589496945787 0.215083059588001 -0.00365066770806276 0.254507479307105
0.197611815126727 0.0844361997874638 0.030056964617052 -0.0475953151994093
0.122620738939337 -0.162530525450723 -0.0999334580278142 0.193823111791716
-0.103396332658841 -0.137110315550485 0.0841006546443747 0.209633740826391
-0.150899337912148 -0.0430886209377413 0.0594515611682023 0.123295307089383
-0.156743759076471 2.72783244621396E-05 -0.0861797534111024 0.142006936442032
-0.145168053217867 -0.0411019281590763 -0.18973295618325 0.112501754153651
-0.0941428665707991 -0.123180803129741 -0.236566063010563 -0.0477090295311754
0.0691133857241577 -0.147662441916612 -0.101835592009088 -0.24789781525471
0.107908186127185 0.0495651866450954 0.31373327932002 -0.239794450945918
-0.0112674857725849 0.068932305168703 0.522316234233079 0.387830436978909
-0.172186679656898 0.108882564523395 -0.0291868831166292 0.70008294579382
-0.178407763982372 -0.27411138237697 -0.245898466462511 0.842769355954185
-0.0339603240592262 -0.171510043145349 0.216044679659991 0.460609941363406
-0.211919532551166 0.0337004795980768 -0.0707481976174834 0.0727079893092777
-0.0033546556478397 0.255869694832199 0.0244318793565683 0.291093513303544
0.310811158470766 0.054602263953619 0.128062182877207 -0.0319042909147449
0.190436362767124 -0.274351675916304 -0.0537106888822814 0.114648887595032
-0.106028418679567 -0.242665157640268 0.0635024427045073 0.144136001962196
-0.151460077990529 -0.113082708427769 0.0121256671088213 0.0897953292597255
-0.114019223612766 -0.0493440312698796 -0.141740238355292 0.128642239306607
-0.0801318325046391 -0.0512793547024642 -0.248881325062447 0.0967255445849226
-0.0598639923884475 -0.10063860194078 -0.281213919424141 -0.0842662955862711
0.0909794560209799 -0.165127731923778 -0.114617040300045 -0.29518081381769
0.209031146232037 0.0968377489395471 0.327323471628134 -0.245774168333332
-0.0433501746818617 0.142273128735037 0.503297087490151 0.323383955859608
-0.0473210132853258 0.242705508368703 0.0677179045761509 0.742729003732487
-0.213553740642223 0.0607196233108529 -0.252479650306701 0.883569128204492
0.14092045705223 0.152651194190579 0.131289768846436 0.41172868554555
0.0593574016365084 0.00941268172781587 -0.170277894488603 0.0978701733228915
0.0302365347773408 0.176182737124818 -0.0228940270171909 0.396262477462942
0.364319217649375 0.0206719967898337 0.263418511001586 0.0517962633083932
0.21313903523087 -0.3508602648229 0.0500074633712437 -0.0013348996405037
-0.100217853720499 -0.297690692882945 0.0398144354604236 0.0288684561305543
-0.127679510003712 -0.155944696857302 -0.0437505708667271 0.0253424252705953
-0.0517644648768754 -0.0926561899347292 -0.174484148092188 0.0953442288410112
-0.00218752329019064 -0.0680940212493363 -0.267470694732267 0.0851242455237911
0.00146091248341898 -0.0823988375966838 -0.301421391652898 -0.0742994366198213
0.128671507876348 -0.149722874087837 -0.167719292801868 -0.298744894739499
0.290190300365192 0.13796003492575 0.275721910173819 -0.309847454727696
-0.0528410020219341 0.25514531754209 0.49250870613464 0.167899619156709
0.0215943952751151 0.301197395751297 0.265696915988393 0.67463219170699
-0.176658761217441 0.347780592496621 -0.18921841849426 0.853347271594648
0.217643548158151 0.485794163303052 0.0179861827721326 0.238814651950565
0.333090623466044 0.129196789205293 -0.304662539733149 0.0376053785052667
0.151175139631873 0.0616769952390083 -0.158979379904465 0.457254992506479
0.36101676593864 -0.0416658315183454 0.336331495127316 0.196386719027983
0.190174218299611 -0.373352411828002 0.183463070226299 -0.0914230459960937
-0.0739626594170469 -0.279519528635609 0.0292245430075657 -0.0964289300875159
-0.0686068548889329 -0.158656275941946 -0.0856603264143787 -0.0497153466822218
0.0186535082652745 -0.121529560221714 -0.182180435519874 0.0482921531420837
0.0689808533764111 -0.096145473182326 -0.245111987937265 0.0675909114238286
0.0690789224945438 -0.0909284244979382 -0.289286734770324 -0.054571385095886
0.190925649541174 -0.136878290350686 -0.206312323663321 -0.263299393770162
0.34455153986088 0.166430483199083 0.167139360392129 -0.358758610422645
-1.04793849720081E-05 0.316575844645583 0.458303020044638 -0.0366151242235703
0.0882612260492091 0.335964037774954 0.467437339506877 0.516081069411742
-0.0642588091671556 0.553888237393825 -0.0930403362067277 0.741723641724867
0.161310675139627 0.756663677213639 -0.058743716035904 -0.0247032136197785
0.454076668651846 0.330652989502861 -0.400589924818564 -0.0936822495938812
0.294377835836083 0.0321530328270982 -0.332748837883256 0.410785399707838
0.340380548840844 -0.0823680341622173 0.298610627583359 0.340664210277458
0.136404449321164 -0.33215178145739 0.287549790327784 -0.111848040188273
-0.0319724255393495 -0.193245423184979 0.0430971745362004 -0.181050680588335
0.0132110457461326 -0.126823984986409 -0.0948287574660178 -0.112736527299286
0.0851898056163353 -0.134393545159034 -0.164165235148915 -0.00512754543544188
0.115921418381744 -0.123914646735388 -0.199499633523762 0.0309714664805146
0.11543714406247 -0.119215169751986 -0.239441390960002 -0.053854829512242
0.238443660067744 -0.135324215458144 -0.18019730324576 -0.21668523474869
0.342186218221553 0.156671751078733 0.0553432216032281 -0.312304952541371
0.0911120714640527 0.266408099639949 0.338025240353564 -0.230458631010354
0.187706967792543 0.327504553918271 0.588192646963733 0.326506911809063
0.095522606355777 0.670161002288531 -0.0324553824902821 0.54795344725218
0.0653699068361752 0.866265139113869 -0.0536112133542369 -0.312555155586269
0.439285779740627 0.465625554011424 -0.389708012160225 -0.26112843432827
0.342083502862667 0.0397419577049686 -0.473472653141014 0.235008287435523
0.269666114833235 -0.0823726686865406 0.153710302990414 0.415359531457687
0.0683811408227236 -0.223470229144057 0.310144968668391 -0.0558946495371608
0.0175743771304457 -0.0695435549198794 0.0793985376672245 -0.19090275107076
0.100472751784255 -0.0738613888217359 -0.0592518875721705 -0.14421546146456
0.138494515481519 -0.126977511041921 -0.120214015733336 -0.0576544899703925
0.133857021695717 -0.131890018117118 -0.151967756185824 -0.0239295599618512
0.125663296487466 -0.132243283932305 -0.179084486772462 -0.096895084522683
0.223853333745622 -0.121270832928535 -0.0837146881432216 -0.197960549775545
0.250514203172552 0.0946371775737747 0.00807724239983664 -0.180157319336764
0.16863746151315 0.116822309091339 0.171084376162331 -0.331368132038511
0.291479537266625 0.250199944438231 0.577524123254862 0.159324502324939
0.25826699760831 0.698118834426445 -0.0361506364886719 0.297909538806988
0.0138677459996094 0.818101838247083 0.0350274995032679 -0.561952505636713
0.39178390036322 0.411930300049202 -0.244730230486244 -0.415897714933634
0.246587564292779 0.00232585446648184 -0.517095593024768 -0.0394834278034906
0.145013572765645 -0.0373123808849681 -0.0544836113500048 0.385994045024574
0.000312276854361162 -0.0744261607548682 0.249304903842016 0.0506379190707948
0.0647967819425419 0.0446967229308776 0.129650654706022 -0.128320881866994
0.1612629545049 -0.0201952246104334 0.0131346907309866 -0.144803545201874
0.172271340915987 -0.100401815712903 -0.059002504205262 -0.101000710972659
0.138408781240095 -0.10576833592076 -0.112854635000164 -0.0801166868179171
0.113067105930983 -0.0914970069111709 -0.131853261562501 -0.171983007760064
0.134730839920314 -0.0585591413183565 0.0290830616040358 -0.212320502654642
0.0831458592211335 0.000368906002760899 0.0115871227131065 -0.0470912523920756
0.194480547230884 -0.0465887513887837 0.0432654301129996 -0.345110513029752
0.348649786408399 0.108809448135597 0.450972474142733 0.0831897296709942
0.360102903437342 0.645852713736775 -0.109771754353475 0.0326443367878072
0.0580941079811051 0.61436951866052 0.160707716176673 -0.736745782634345
0.303942889059347 0.169413738331759 -0.0390949903097983 -0.563018282977832
0.0842292620909523 -0.0352551442834554 -0.497003513828863 -0.301646014363084
0.0166860840019108 -0.0161869904629596 -0.232457430732385 0.3018307319864
-0.0522315481361828 0.0564719270855537 0.158462640411713 0.162660489657212
0.0941945468942212 0.109560878621692 0.183985081166574 -0.0319011407600108
0.182743678344994 0.0191427381619973 0.106519739392329 -0.12549317937041
0.180231646423579 -0.0585943080185703 0.0112740450026931 -0.12920095830895
0.139657694744177 -0.0426263847494275 -0.0836079939150002 -0.118328553497896
0.100143636081489 0.00597908605588403 -0.111323630838748 -0.2234136308234
0.011618649389619 0.0510282499985332 0.0961959968211249 -0.228113563523753
-0.0827127512764591 -0.0708095705818918 0.0131534957884138 0.024151579290659
0.136871343237292 -0.154560397611682 0.00482732230381325 -0.30209616727169
0.357453480665024 -0.03943689343352 0.257700772162341 0.0468941873302046
0.357100841906477 0.533991876383913 -0.199136387691465 -0.207071774023576
-0.218680941609237 -0.411509057528202 0.23655245036519 0.385053601514304
-0.329735711599368 0.0789149982808631 -0.0921746892179619 -0.012817499410181
-0.0500532930076494 0.213876125798601 -0.00162477319659188 0.2533355552975
0.196821121947811 0.0816535525445511 0.0297620174094796 -0.0471837306558262
0.119332184156083 -0.163230807978326 -0.0971654852344489 0.193176073057849
-0.103194770252387 -0.134890961791221 0.0845585942151416 0.206660506172904
-0.150730957862258 -0.0418215859845409 0.0601929743518912 0.121793560463146
-0.155166621270917 0.00138726392843684 -0.0841230656460096 0.141286575322142
-0.144883077622479 -0.039672239170258 -0.187984221009432 0.113316520236046
-0.0942226809126751 -0.121576270051111 -0.23638871452142 -0.0452482629700316
0.0669903263156498 -0.146600051328742 -0.102367193791162 -0.245492717253691
0.107166387947642 0.048940904361458 0.309728476606525 -0.240119465404038
-0.0114802472026354 0.0688698163377603 0.520621885678193 0.381683135865128
-0.170537541619365 0.108240753748124 -0.0270661937066702 0.693246702572329
-0.17749042081003 -0.271101823956874 -0.238623180488032 0.839017327180586
-0.0348969181094578 -0.168108254431395 0.21735720135847 0.456939073287843
-0.208914056001051 0.0348363547708068 -0.0697704161357139 0.0719589137363452
-0.00221649626537244 0.253637995430075 0.0256539101388975 0.28833749536842
0.309218702252209 0.0538912310119916 0.126990758198712 -0.0318118742923289
0.186242485594643 -0.273763655919485 -0.0514896304845328 0.114615375770747
-0.107986471779871 -0.239826919777416 0.0646787799389974 0.142300658804019
-0.150962471590032 -0.111509738806058 0.0126500319484317 0.0885147336249892
-0.113226084875442 -0.0479144406660095 -0.13956233337199 0.129115903974285
-0.0800243216779734 -0.0501965461878063 -0.246588590440758 0.098237870193237
-0.0597694217149591 -0.0996438642192544 -0.279532862884852 -0.0803928587012577
0.0883470654969408 -0.163870253057398 -0.115939862344508 -0.291682507764561
0.207771656451364 0.0953706650239259 0.324635571570346 -0.245927863446015
-0.0424850023205835 0.141312521465858 0.502203987231226 0.316821829636923
-0.0451342779174162 0.240815971203202 0.0694649014052292 0.738307947371072
-0.211025211531513 0.0633087531802674 -0.248024357942238 0.878646869301566
0.139888988933528 0.154053707010688 0.129789855929429 0.409315775294289
0.0595870356517246 0.00906798208456453 -0.168727075264014 0.097355655819888
0.0327770738008023 0.174517587927559 -0.0195533478763565 0.393909629896193
0.36280098859558 0.017564792053818 0.261281469666897 0.0499374201193446
0.207827788105149 -0.349610747100569 0.0497986677494302 -0.00188591862997787
-0.101876430031001 -0.294505798529357 0.0401324873065957 0.028626930803096
-0.128134426830508 -0.15200611005836 -0.0429563409546543 0.0249981855349361
-0.0522366535751348 -0.0919137261041604 -0.172397468188383 0.0970122556676939
-0.00232590912087835 -0.0685045325953639 -0.264042539231025 0.0863250234911816
0.00156543145214718 -0.0810278883192528 -0.300009554050929 -0.0711660660494332
0.126335329987266 -0.149550784631296 -0.168129148422218 -0.293726353196356
0.289698656964032 0.13439623726697 0.272228848187315 -0.310121539306034
-0.0506308725218848 0.255057773711652 0.489537215507029 0.162663254660209
0.0228330072245297 0.2991666666512 0.268323111037208 0.668167969784659
-0.173459081112744 0.347254261622664 -0.185061381441665 0.84723280943829
0.21512444105815 0.487291056685116 0.0196477986066169 0.23619004260082
0.331396638294888 0.127213829064596 -0.302884809835088 0.0366471939539296
0.151130000112593 0.0614575782143321 -0.156817109256096 0.454084849685737
0.359023925960701 -0.0425182517907495 0.335906307742782 0.191788506339117
0.184595588915764 -0.372580205547756 0.181305685236743 -0.0932591940436179
-0.0770461143778359 -0.276199005924295 0.0284079232612658 -0.0952538988448061
-0.069559208900964 -0.157463673010433 -0.0858492146848668 -0.0496123167075517
0.0181853004813804 -0.121033400611136 -0.18162628567372 0.0495649867730614
0.0667804355819614 -0.0966066897038875 -0.242945585716349 0.0695691472870793
0.0666368120877986 -0.0912126083381038 -0.285807863950376 -0.0482743035294781
0.186857193462727 -0.138266915249634 -0.207462515025819 -0.258252255325063
0.342853419825893 0.161484770386499 0.162991031414201 -0.358317437530073
0.00856517300708095 0.314306878191826 0.451932927763573 -0.0424957581035497
0.0895414574936341 0.332184004727999 0.466564759753179 0.512762917611178
-0.0604040142771548 0.55177064159117 -0.08698491740022 0.733879299243542
0.169578370783991 0.745258166766674 -0.0576375166484599 -0.0235908577525678
0.453041256837995 0.326613736331297 -0.399135492658527 -0.0904335574350642
0.293109557062113 0.0298711489985667 -0.32863780939876 0.408825300729389
0.338633206580874 -0.0842365532374714 0.299483055769271 0.337869109692757
0.131872139718305 -0.331390531286037 0.284218271324577 -0.113529904430475
-0.0332923023099488 -0.190963489492812 0.0419368659302347 -0.180076271711825
0.0126318362542409 -0.124928992165951 -0.0954374065760458 -0.11168971262143
0.083031342801041 -0.134226632195102 -0.162647823754117 -0.00418528040512217
0.114157414073184 -0.123969483362751 -0.198361952406478 0.0331115490026629
0.114217267056826 -0.119980070689433 -0.238371276761627 -0.0510453713378884
0.235225563468753 -0.137816861806756 -0.181470262784788 -0.212095727283677
0.341366238296874 0.152317462505357 0.0530246682363002 -0.31217862572443
0.0937640585455774 0.264703875279678 0.334612273535821 -0.229074442865356
0.189361420360964 0.325015432691853 0.584849221569836 0.319846262066012
0.0978757779658648 0.665898623002543 -0.0295661250177317 0.543925737014228
0.0872483847898725 0.848319959883523 -0.0542821756029716 -0.310874297605495
0.439615272643953 0.461270696950968 -0.38802703772347 -0.255574629361039
0.340082698152971 0.0372589060965226 -0.470491462936337 0.23464169594853
0.271671119376245 -0.0766768243002919 0.157192040240896 0.412129287814982
0.0654032909316767 -0.22279010770169 0.307401107380245 -0.057989341584659
0.0170677664508287 -0.0688932007303021 0.0786552536582571 -0.189796592833455
0.0966856942382816 -0.0750251117603376 -0.0599059066839488 -0.143316606767767
0.134471466070081 -0.127844235896519 -0.119111137133207 -0.0554928557226781
0.133145486414415 -0.131638597393404 -0.150422464888852 -0.0217187722180004
0.126725554791165 -0.130747713330158 -0.179359346932817 -0.0963290182554897
0.221172666863551 -0.122978824155009 -0.0844704905163665 -0.196925242365352
0.25017312102881 0.0897036467162563 0.00711243036686226 -0.181111633027178
0.170155035409737 0.112183520880566 0.16774586603959 -0.330464775381241
0.291926650567573 0.245763735642954 0.576465118070753 0.159939503605868
0.256353017487077 0.69102236352018 -0.0356141108271309 0.296015491690808
0.0395222201179328 0.795998387641704 0.0313005020068212 -0.556605023024581
0.389916791902877 0.406326270123483 -0.244623301980085 -0.413064078816799
0.244536482078402 0.00138203854618519 -0.511923794827647 -0.0377367142855503
0.145051724441924 -0.0380390573872548 -0.0515403051844633 0.383776419227998
-0.000583630091565817 -0.0744120713560863 0.247964023437477 0.0482421316693128
0.0641139943748026 0.0443386784078589 0.12694705624879 -0.128062757532501
0.159525589709288 -0.0219731349934408 0.01245732135426 -0.144906121638568
0.169697930539822 -0.100802516230414 -0.0583209818049709 -0.0993470788619519
0.1366580860823 -0.105033301899659 -0.112437270482427 -0.0788315480671504
0.111786359537977 -0.0925399335870219 -0.131689637874278 -0.168980909816932
0.133663329522829 -0.0601604818256692 0.025625475183053 -0.212027810029189
0.0835317359283062 -7.10113077903281E-06 0.0114500662921629 -0.048100000163868
0.192738326049807 -0.0462864542482496 0.0404848198807894 -0.342907077999532
0.344954477928108 0.105835705041384 0.448958108735049 0.0805333197313785
0.361496855671881 0.639937401572106 -0.10814812985296 0.0329309151020913
0.0725696894200503 0.601607789544431 0.157157672437028 -0.732742471167258
0.301948638695403 0.167705064281146 -0.0411070306298406 -0.557239076672204
0.0841724615481363 -0.0357215869612965 -0.494398744964586 -0.292901263235357
0.016894220863841 -0.0147609330730907 -0.230121322114354 0.301305459156367
-0.0512584397818833 0.0557795988452222 0.157225851428165 0.161486542385586
0.0942223899948166 0.10841993300426 0.182158439770009 -0.0328937959144586
0.180053615451657 0.0165689228349695 0.102556573302125 -0.126280934182582
0.177661776070766 -0.0611123453214411 0.0091711884067262 -0.128280092407495
0.139815397159129 -0.0435926313986909 -0.0849684352310223 -0.116101876131931
0.0998519451067728 0.00525747340217021 -0.10855069562701 -0.225482297978535
0.0116478296006563 0.0505460262367364 0.0955247200326362 -0.22778760555363
-0.080775885885945 -0.0697008988707995 0.0138408209268782 0.0230577956848368
0.137781263538388 -0.152055087353536 -0.00229591649094754 -0.298538151823309
0.355620250447886 -0.0390378075085317 0.256952091227774 0.0461568149833783
0.356089910215656 0.529948760571894 -0.198551714522822 -0.206493086572846
-0.218775673887623 -0.407060067876289 0.236170973385636 0.381289438218167
-0.326724826490499 0.0800738074257225 -0.0916480590801764 -0.012476985467105
-0.0474110322559047 0.213093991462377 -0.000998170734554228 0.251187258172927
0.196716436267385 0.0803515866658475 0.0283363988468182 -0.0457421998286211
0.117675245536712 -0.163679312397859 -0.0962294780455819 0.191675726438064
-0.102440649353913 -0.133012986784108 0.085841880842127 0.204842487978021
-0.149754415155374 -0.0408365718745233 0.0603400120890006 0.119084747543606
-0.154687020250609 0.00200578337323096 -0.0832908651204457 0.141202064385914
-0.143617183294624 -0.039067462200699 -0.185556315791993 0.113404266996403
-0.0948910325414133 -0.119783840750778 -0.234088384131566 -0.0426341357211327
0.0665623291492472 -0.146763395259927 -0.103378600088561 -0.242247425046136
0.107331904942156 0.0476276201363113 0.306767043247611 -0.240473169537526
-0.0108884334086583 0.0675497527844635 0.518529185046684 0.3779743741063
-0.168314264918385 0.10837286114726 -0.0228005849805835 0.69021145515302
-0.177192872914987 -0.267343547461836 -0.233397335635706 0.835185671280773
-0.0353681203266815 -0.165861016753471 0.216486933223135 0.454344156511765
-0.207892235435391 0.0360497541719415 -0.069294870613222 0.071686277753623
-0.000108746557678202 0.252441095750607 0.027493217922493 0.286120131139727
0.307996087964213 0.0526885161185084 0.125740433250955 -0.0316162280438261
0.183541470391425 -0.273592872007996 -0.0499854399968799 0.114362322324847
-0.108366702030418 -0.236866252682524 0.065301553580901 0.140877901567941
-0.151396982459021 -0.108919131916417 0.0129785779593503 0.0867497700152761
-0.112685900422195 -0.0459214401223251 -0.13844920637383 0.129379545984454
-0.0798369852045629 -0.0500287611187143 -0.24422130626673 0.0997013427813918
-0.0601801210001193 -0.0989499883399756 -0.277911651899174 -0.0775272527530283
0.0877174552273352 -0.164015053902043 -0.115782884145645 -0.289664579096888
0.207232974586743 0.0930870410852007 0.321740481714203 -0.246201541738352
-0.0415926315736036 0.141047907612646 0.501173763251174 0.308667833048892
-0.0437936494519316 0.238942504474855 0.0734372099238563 0.733555865301709
-0.209156636068564 0.0645291102295663 -0.248214034113926 0.874235059150179
0.139611739084075 0.153474774481606 0.130539566694393 0.407168381561288
0.0599377289504934 0.0084596681864748 -0.16764810733413 0.0978797665024623
0.0343638996229071 0.173570935844461 -0.0180510974270717 0.391041725649555
0.35984977515591 0.0148017951046285 0.259819088933696 0.0487895978089971
0.20476912746347 -0.350023471517705 0.0499217038451029 -0.00226564602645912
-0.103778897759908 -0.291925407102125 0.039424436007137 0.0282436488910293
-0.128148854351696 -0.150098484842487 -0.0424181922705076 0.0252211205083203
-0.0519567551249949 -0.089956955661325 -0.17126540347023 0.0972668776075765
-0.00278856308111234 -0.0684313982431486 -0.261616123851977 0.0879702102530494
0.000588833337224711 -0.0809049511430871 -0.298768251088547 -0.0683115630666525
0.124938330708995 -0.149183074287073 -0.169406704983026 -0.290826455852969
0.289683632903722 0.131650539823376 0.266660609537936 -0.309876782421439
-0.0479260870795446 0.253241598778943 0.487928429393666 0.159792836024263
0.0242413199560553 0.296462558236796 0.26904386506404 0.663443079339933
-0.16915189209759 0.344946243079973 -0.181432534747565 0.844485499474311
0.21193775160754 0.487716880147107 0.0205890740725551 0.23454966290719
0.330303956510643 0.124318128211119 -0.300964113945032 0.0381854260387827
0.151146536472333 0.0604643439341176 -0.151666875334223 0.452000198548466
0.359099751735418 -0.0377144487089882 0.333441685376942 0.190973133991262
0.181201415260392 -0.371772613174475 0.180519226290707 -0.0939828195398475
-0.077797886018978 -0.27416716885783 0.0271127827221202 -0.094644439836525
-0.0717724438777905 -0.153998728642817 -0.0856785177608888 -0.0498557452729438
0.0168356497077147 -0.120770903359957 -0.179712031957389 0.050734652681573
0.0655757238678601 -0.0967883578013402 -0.240790493900161 0.0708691920763626
0.0667805275034274 -0.0904806968652992 -0.283195820295467 -0.0442934813337912
0.185644667228064 -0.138007030819553 -0.20892076163497 -0.253796764906627
0.34231554559923 0.158931702041203 0.156208187015994 -0.357696359598574
0.00837434765977099 0.314101074096962 0.448318287460543 -0.0458728051709258
0.0889239574981659 0.330172575941632 0.464369094864981 0.510348056847101
-0.0571692848155153 0.547020285427599 -0.0886872584788697 0.732145242094268
0.187420901215944 0.72974311041829 -0.0571116798101594 -0.0235605568348314
0.451450476826286 0.322653833448132 -0.395937762964937 -0.0885394538283035
0.291175188254875 0.0293580656021159 -0.323298328518025 0.408591173838749
0.336589900007458 -0.0866882865226629 0.299175837615686 0.334692630738814
0.128513581526789 -0.329439911406001 0.283062497885371 -0.114427626732778
-0.0345495925783292 -0.190637394352378 0.040677527554177 -0.179186162616414
0.0115511416827181 -0.124957188153783 -0.0950333391455525 -0.11055215840694
0.0823397269854349 -0.134264005861387 -0.161983725211046 -0.00317137673619518
0.113059338109684 -0.123667975206994 -0.196735934750833 0.0342642238046431
0.111798564619753 -0.118997803804771 -0.236964649794818 -0.048676262548643
0.232929912836869 -0.137977834721664 -0.181440734348984 -0.20948989879262
0.340837837523184 0.148602444758126 0.0498900167642125 -0.310236650797308
0.0955030866146194 0.262970074448175 0.331706800690377 -0.229828610898937
0.188812910850335 0.320816160714372 0.583996638749063 0.315181228209843
0.101250346311458 0.659766890025224 -0.0258773421768371 0.53939571262571
0.0963331015584268 0.834339283515831 -0.0566587744133349 -0.306454914976222
0.438238678242793 0.454508618439205 -0.386636526516605 -0.249202742192481
0.33754592432925 0.0335242056348804 -0.462846233167672 0.237180233336352
0.271531076629736 -0.0747945497129835 0.153502339419028 0.413242184183374
0.0646289490173491 -0.220443585901878 0.306199069535187 -0.0592559756704564
0.016978491798572 -0.0691842341069423 0.0763964396076604 -0.188822664973937
0.0960972140503851 -0.074477489589325 -0.0618979205470528 -0.141606993796499
0.134236414378423 -0.127492313287592 -0.119808794338882 -0.0541017473587109
0.132909430471802 -0.131290985784859 -0.149675640148474 -0.0205740740280232
0.123804889210467 -0.131683515312211 -0.177150416099935 -0.0971033449991997
0.217012948256617 -0.125357220520515 -0.0860904624099864 -0.195642305529706
0.249768071965132 0.0884945298860027 0.00523665322325473 -0.180668917677777
0.168899225746799 0.113557518598032 0.158690708345635 -0.329427200659936
0.290105545665588 0.243682350727407 0.57277181989915 0.160505100644966
0.259143133265212 0.685852391358401 -0.0349621509291268 0.294094588400824
0.0436591656315969 0.790108667770102 0.0289864993135645 -0.5535760239592
0.388658548379626 0.402620638627416 -0.245293337126867 -0.409156331616561
0.242789189120654 0.000889634505602503 -0.50839876165157 -0.0365398956944759
0.144509967600926 -0.0388901954446013 -0.0489375880924452 0.381691307999027
-0.00155462128489802 -0.072968346050572 0.246328566062492 0.0463708112551397
0.063369402943201 0.0430466261064694 0.125367831181717 -0.128865953005009
0.15939374268655 -0.0228142885984546 0.0117844279245273 -0.144248479250117
0.16857201157677 -0.101589276722048 -0.0593602591002844 -0.0986025980899473
0.134011189226519 -0.105461197791655 -0.112477565354815 -0.0777276265327148
0.108901184201995 -0.0918339021929328 -0.132752905364749 -0.166140361302238
0.131765862149961 -0.0603436772207496 0.0232012672367668 -0.211039063268338
0.0843263272268948 -0.00117382479191097 0.0107170368536148 -0.0489228480957669
0.191818342903155 -0.0470488642971466 0.0378328463028489 -0.339739109995468
0.343847953164547 0.103124129361684 0.445767451235767 0.077789524421339
0.36305490592873 0.634289360181359 -0.107757671419629 0.0317323108714257
0.0781832209288843 0.593409291557342 0.151898382959035 -0.725165866544414
0.299799270971625 0.163174519738697 -0.0472593383880729 -0.551043372601758
0.0826746740345909 -0.0352662776098029 -0.491385457203096 -0.288630797030149
0.0174119749892668 -0.0152176957015824 -0.229505154098072 0.300173811052584
-0.0507552677710204 0.0552756519057828 0.156892047171738 0.15924600511707
0.0940876323381317 0.108548018639641 0.180534314337976 -0.0349295393389547
0.180248563406095 0.0170599079277694 0.0990353850673009 -0.128048426265588
0.178326540749184 -0.0613852469236754 0.00778566885572388 -0.127786328593697
0.138734032884041 -0.0439188012786277 -0.0838074755242021 -0.114609931764311
0.0984789095791936 0.00425643899576654 -0.108677393514718 -0.223162194998028
0.0125965995115971 0.0500181989521678 0.0930107452062324 -0.227636802579595
-0.0815715513589476 -0.0696543295413863 0.0131529577493108 0.0210579209395898
0.139912961425983 -0.151013588857423 -0.00137188630290672 -0.297615943191609
0.352875008099874 -0.0405018350888972 0.254042227206904 0.0463911034510257
0.354548833173605 0.524105713787054 -0.199183614842863 -0.20460137068184
-0.218193458364288 -0.403326816071468 0.236662867813002 0.377309152776798
-0.324338297847957 0.0820363060517906 -0.0912080139088698 -0.0113812657247813
-0.0456041120715786 0.21231026349542 -0.000397558168730625 0.250470740340771
0.195218159055775 0.0777921656441627 0.0275631593242953 -0.0445841293750031
0.115685588283899 -0.164814033172545 -0.0924267365114813 0.191563718877183
-0.102697625056303 -0.131999496975761 0.0876154713284784 0.20303436543717
-0.149233517174309 -0.0391537594208234 0.0607841756903394 0.117635744871544
-0.153374220315157 0.00338365129588531 -0.0818997668994607 0.140719791692035
-0.142643882850957 -0.038040900126776 -0.183814832461384 0.1150147120769
-0.0940610131534824 -0.118985700043075 -0.233054689139158 -0.0413847790446792
0.0656026150294403 -0.145593660808892 -0.10413492224136 -0.23997511985805
0.106883937390268 0.0470489221923665 0.302712384724164 -0.240064223331975
-0.0113587107408857 0.0674931928413091 0.517616575267101 0.372072599725998
-0.166642511932658 0.108164581272878 -0.0232174078392633 0.686764594896483
-0.177460624430681 -0.266138949590438 -0.229141470732397 0.832002575915423
-0.0357626897387796 -0.165620194631948 0.218530679107383 0.45194530126298
-0.206353785462967 0.0370592843480323 -0.0678811133330188 0.0720710323583263
0.00284047413154884 0.250602664339598 0.0290078220818994 0.284332037091453
0.305533059102778 0.0479934368036668 0.124020905898019 -0.0309928808034718
0.180554441450627 -0.274468356705141 -0.0480271092593872 0.114290463224549
-0.109561266059329 -0.235284826480279 0.0660808733645684 0.139092003447635
-0.151365687407331 -0.107024985104523 0.0133543841490239 0.0859461807147154
-0.111847804865346 -0.0456471370108211 -0.136611819547908 0.129331606033847
-0.0800096796105363 -0.0491894163992428 -0.242677535851454 0.100944771995541
-0.0598345974176731 -0.0973275834033405 -0.277087938695066 -0.0759660877984746
0.0858584134663161 -0.163017515296686 -0.117008940656182 -0.286437766676421
0.207094273448536 0.0920835664616342 0.316634177402532 -0.247019717446281
-0.040970403138981 0.1408566120699 0.498588952943936 0.309962755772804
-0.0422748186214748 0.237821005533806 0.0754341029328885 0.72874327780553
-0.207852577909432 0.0646385735694149 -0.241478063827824 0.869143709200609
0.140347223313597 0.150752159094077 0.134530372654972 0.402513523379667
0.0588232662595677 0.0089503777331215 -0.166101957425908 0.0972805286044988
0.03535634378539 0.172383287474168 -0.016951358125642 0.388176602483914
0.357148490229696 0.0117554682786705 0.258031289137896 0.0485610101252943
0.201298880648431 -0.349079599417142 0.0512655593216301 -0.00230459515000175
-0.105518353195417 -0.289439055921684 0.0401419374163774 0.0274938560830135
-0.128460759262179 -0.149047553772686 -0.0420448834129258 0.0242556513969593
-0.0520392294482865 -0.089720282541633 -0.168935623868677 0.097899298366828
-0.00379302898168927 -0.0674450000236889 -0.259788694375647 0.089382006222489
-0.000196511208469895 -0.0796874025213237 -0.297074359954435 -0.0663243607383146
0.122356884989032 -0.149143228979705 -0.16981303113081 -0.287441878465693
0.288619895738617 0.130087528978801 0.263698529312269 -0.309959145978736
-0.0471603571697892 0.252875404157426 0.484567110529936 0.157367752849986
0.0251743762415514 0.294088415640742 0.269641223265581 0.657837669809149
-0.166529520363083 0.344402970707026 -0.173862635411566 0.839967206598438
0.215702929093249 0.481119758121963 0.0210215437067937 0.233719951582405
0.329433496333645 0.122705389659407 -0.298409901199403 0.0403974171632264
0.15181197452285 0.0592024109557185 -0.149668219629237 0.449946044572891
0.356437064774397 -0.0419307622351865 0.332834755876428 0.189165141899442
0.178254993180281 -0.370825077384588 0.179967385029733 -0.0945650494854702
-0.0773909279619472 -0.273167639247005 0.0270141971306531 -0.0945500185128491
-0.0715222856434706 -0.151746014096581 -0.0852954362276797 -0.048594369767162
0.0159124981398367 -0.119450885685147 -0.177637276395828 0.0517014969018383
0.0664685458912645 -0.0961871357488115 -0.238313315161959 0.0710737883845987
0.0660977577400946 -0.0895707825020188 -0.283101372277014 -0.0443157838695705
0.183690252982415 -0.13822107707146 -0.208860195252633 -0.250961315717668
0.341559620074137 0.156967940170793 0.1544254973096 -0.354653577825029
0.00573943554735958 0.312501876723044 0.448926681591104 -0.041941129800824
0.0907478385442042 0.328163528495182 0.463628388424457 0.502457309866381
-0.0553694352813472 0.545586438474983 -0.0871146915221181 0.727130505096182
0.180200125213198 0.731853361604054 -0.0572510470450899 -0.0224222898331774
0.450980496633273 0.317762078525188 -0.393310491106683 -0.0865757728373533
0.290784305952131 0.0279881867477517 -0.31957886556179 0.407839396051564
0.33406833784242 -0.0876068728083718 0.298425928106613 0.332088349249961
0.12495865701746 -0.329534368286098 0.280366060683199 -0.116419163567885
-0.0360214007976037 -0.188967124881896 0.0392842030463694 -0.177910442703211
0.0105911470293718 -0.123017995756936 -0.0953820212764735 -0.109065617671371
0.0816208918742658 -0.133356060552957 -0.160714941455842 -0.00153506193785721
0.110987996467016 -0.12357626487539 -0.195126908183842 0.0349882471418588
0.110606252877986 -0.119196924524802 -0.235770211104112 -0.046179445870437
0.229593155509592 -0.139166745769577 -0.182351678172346 -0.207519903276746
0.341053850237575 0.145751751982465 0.0467149973356299 -0.308825187928743
0.0963941667655619 0.261973742968244 0.327865565072607 -0.229746437339225
0.188521047853116 0.320071284872984 0.580100510890384 0.308715871372009
0.10106397841973 0.655898561398813 -0.0232647303003133 0.535566348451752
0.0800968456615238 0.844799300700943 -0.0569790737872036 -0.305015772988562
0.437325629760656 0.45059068113307 -0.385659200153602 -0.247397139997348
0.335974289382653 0.0332398420167091 -0.45871387304292 0.23886748643639
0.26551574614984 -0.0832521483633198 0.154669306273435 0.411157686920085
0.0626353011797079 -0.22013536207267 0.302873701349393 -0.0613608344200774
0.0162576957397098 -0.06893735920475 0.074068681193035 -0.188826997455645
0.0975880003091965 -0.0733784729651096 -0.0617329173899936 -0.1408260960292
0.134981450347681 -0.127242882728096 -0.118473769506492 -0.0537379448208347
0.129552309118304 -0.132093870853099 -0.149137180863871 -0.0197751337169805
0.118178949005803 -0.1324591239188 -0.177546846469398 -0.0931615003364514
0.214255767883569 -0.126458228227938 -0.0885549247144501 -0.191238769202692
0.249230054365526 0.0865395377201417 0.00256898629874215 -0.179172877856934
0.168092445829554 0.115224639481336 0.157061868446653 -0.328539844735398
0.287919783871255 0.242068837090982 0.568652273167098 0.1538378052652
0.262498970466897 0.680176234314802 -0.0325904937483583 0.291902193803467
0.0255198956589521 0.797099069922252 0.0270239208319031 -0.551099568082599
0.386521074976886 0.39951645082314 -0.242886707973366 -0.406063035506206
0.24084615143969 -0.00120572668281591 -0.50512553615938 -0.0330056795765933
0.143244019253554 -0.0383823051395949 -0.0468864669067928 0.380413784541827
-0.00154246707861619 -0.0734351318554753 0.244825859556755 0.0443042891273378
0.0631858268054948 0.041658030604617 0.125286459592924 -0.128107922855219
0.157696732544319 -0.0229801174970373 0.0107907710980146 -0.143087064040652
0.166851394551607 -0.10177264630706 -0.0593961550237927 -0.0969577687437906
0.132429105007482 -0.105078127091894 -0.112115434896441 -0.0759967720948657
0.10743309181876 -0.0918166841698085 -0.133428121829855 -0.165464816766465
0.130659020419541 -0.0615782854174729 0.0214943452076184 -0.210074931663019
0.0845225425022965 -0.00199581413795828 0.0103359580552669 -0.0491619912272737
0.190270689417482 -0.0473833492932581 0.0381254869448377 -0.338351708001256
0.342394678438286 0.101070314093798 0.443067328371576 0.0745541441952825
0.36263466482087 0.628359668573111 -0.106984188736419 0.0323500769422082
0.0682370923640229 0.597213354699304 0.147266204266105 -0.723516644163918
0.298356768703389 0.16103740498613 -0.0484615095820759 -0.548569119958674
0.0819612114756707 -0.035303918795609 -0.490189375049784 -0.287745037475144
0.0186230021861631 -0.0154519331798399 -0.225936996602962 0.299337477965515
-0.0508151203104139 0.0563123190213927 0.1570791902749 0.155780121998925
0.0944356485880988 0.106794807509887 0.178457665725801 -0.0356675648569567
0.179326657404867 0.0177559562717278 0.0997598812835641 -0.127008801575923
0.176939688873767 -0.0613567930496848 0.00847286525228803 -0.126418278625166
0.135669497110132 -0.0443174095243628 -0.083576780925955 -0.113123372123752
0.0966983730293423 0.00236177620303102 -0.114715362713112 -0.217222341503455
0.0126635718704404 0.0496755275767227 0.0872330212160765 -0.227374835267645
-0.0806452126935085 -0.0676808458230999 0.0136081086554169 0.0208840169083353
0.135599803435047 -0.150540289177791 0.00289672884826829 -0.297379102504664
0.349199753320256 -0.0449781725223411 0.252854592701586 0.0429516021857418
0.356967683630399 0.514430034772004 -0.19915941298386 -0.202385575233607
-0.217789192446632 -0.401306266519553 0.237361576320628 0.376254875306914
-0.321781418276399 0.0817387462945054 -0.0902720985251125 -0.0109628085659992
-0.0446670973061814 0.210767190299531 0.000872178992236868 0.249389178473995
0.194291149707964 0.0767443197848071 0.0276335912304967 -0.043902581361956
0.113710462806054 -0.163553277721723 -0.090477728918701 0.191697123492587
-0.103108482440843 -0.130180514344544 0.0886494077995443 0.20215413747518
-0.147857569693339 -0.0385497232616813 0.0608338798574877 0.116491586666977
-0.152444701486595 0.0029019224582562 -0.0802343014649316 0.139718785115643
-0.141581167971403 -0.0373238722405906 -0.182838108201968 0.115145688085858
-0.0937725023077832 -0.117991626661412 -0.232443428975755 -0.0397713876662834
0.0644494990937556 -0.144162428573833 -0.105210560675394 -0.237678220585521
0.106108211378139 0.0470298602980277 0.300267765095316 -0.238930388794199
-0.0114849903296859 0.0675144549564357 0.515229305230611 0.369971497914434
-0.165059324334879 0.108047124225451 -0.0196476518546835 0.6836816565882
-0.177318501709638 -0.261536858193867 -0.225310777171147 0.826893322600856
-0.0352598931546292 -0.163705022301511 0.218755576308632 0.448722091825346
-0.203802950924638 0.0376328325945822 -0.0679214717302603 0.071183363711632
0.00477535104162461 0.250501222513933 0.0274630161960564 0.284150122588868
0.30401452273806 0.0443511134034387 0.123082178809102 -0.0314586191572641
0.178519119522015 -0.273771442759228 -0.0465319896750408 0.113550983621818
-0.110312590642178 -0.23161876572438 0.0664814575581007 0.138130507788475
-0.150249566362199 -0.105938643872444 0.0136934405703348 0.0853402877868446
-0.111253595285264 -0.0453558525414483 -0.13512462249669 0.129535778600934
-0.0792908866747756 -0.0480297810204072 -0.240603758830011 0.101933188842367
-0.060101344822283 -0.0965722670437111 -0.275303672049265 -0.0747924780773099
0.084565437348577 -0.163097662158695 -0.118555282021873 -0.282447436083763
0.205993826509417 0.0911202846011774 0.312164203643403 -0.246366021494433
-0.0415344382333094 0.140361413884206 0.498013834900754 0.306871322425827
-0.0407603486776746 0.236273930815751 0.0764707341622938 0.723520469073237
-0.205886834119059 0.065101021771618 -0.2340093559368 0.865578153252441
0.139657358216076 0.149346624210165 0.134606671810892 0.400670849695222
0.059386063231022 0.00889757562188178 -0.164751399240855 0.0969095764855868
0.0367373280405708 0.171512165088774 -0.0159694723483679 0.3869607478206
0.355644181674393 0.00960345318532331 0.256897795104068 0.0475089656495219
0.197029245600748 -0.348916722058761 0.0509914382344412 -0.00318526659239191
-0.106265587991479 -0.286224336195155 0.040378711803573 0.0273216478872184
-0.128010108113723 -0.146706022157741 -0.041647033968726 0.0239086913041995
-0.0520687990905622 -0.0886608016632843 -0.168268411650525 0.097562492935499
-0.00387388699456696 -0.0675421702512791 -0.25706281879911 0.0891814896790704
6.00789073712969E-05 -0.0797432994823322 -0.294583763836037 -0.0654207233371591
0.121416732943448 -0.14877917352976 -0.170286804105183 -0.284915214882363
0.288149250404817 0.1278705396988 0.261302917351536 -0.309968945533618
-0.0462581633938424 0.252017611999729 0.482506257404768 0.154842766856427
0.0259715959667664 0.292761229400418 0.268976610036782 0.651866997765765
-0.164550403462579 0.342647837791135 -0.172772033024266 0.835250193772732
0.218949310954323 0.47266590251327 0.0225247856958297 0.231960248896333
0.329126136750183 0.121282825229671 -0.296300699380652 0.0390317801083678
0.150523292605426 0.0592062510953515 -0.148558096700539 0.44825827193605
0.351563969408988 -0.0505875324551606 0.331892009399363 0.186734223088109
0.174470189441429 -0.369810545646638 0.177962704194159 -0.0949982593764763
-0.0804103025092352 -0.270019301086897 0.0268711205038613 -0.0936706629754043
-0.0702651659672692 -0.151092026317816 -0.0848820375869852 -0.0475948562337328
0.016479380472649 -0.118898750291715 -0.176951849462915 0.0520331890646226
0.0657843640746481 -0.0954395250077071 -0.236189993771584 0.0723857019926368
0.0643939309068007 -0.0896695297738576 -0.282548652949377 -0.0439270141969846
0.181177443017288 -0.138047654381208 -0.208718859768457 -0.249951406451047
0.34125998203306 0.153520149372175 0.154396894343077 -0.354385250807794
0.009245345794437 0.31235112820551 0.44732347734987 -0.0428384938943835
0.0921031340578934 0.325476451456817 0.464572730950324 0.496467540513381
-0.0523668146727746 0.542731160354329 -0.0809724568730617 0.721071389888704
0.169181191857339 0.736347027288438 -0.0565844113294203 -0.0228092760972673
0.448354724797937 0.317057383022313 -0.392263702432255 -0.0857998645880939
0.288468845166442 0.0271805393924681 -0.317615314379603 0.404949589375782
0.332345293457896 -0.0878880395173706 0.297651860395992 0.32908178316781
0.123172917474757 -0.328494011386164 0.277768388868704 -0.116605793148218
-0.0366842126626241 -0.187665270357877 0.0383918318909681 -0.177020106242681
0.0104674415359593 -0.122689759393714 -0.0950203154652697 -0.108591307469934
0.0802991507352832 -0.132125079348307 -0.160358311511018 -0.000725791861538211
0.109813358580329 -0.123052244867291 -0.193379777816109 0.0360789984573883
0.109055796634949 -0.119071683990476 -0.234926295504451 -0.0448591255861204
0.227498009061078 -0.14121996618682 -0.182845467890737 -0.20511074590365
0.340479973504934 0.143037187080702 0.0458159545073266 -0.308239621590937
0.0977441662089379 0.260982939711436 0.326913535185266 -0.229341049006938
0.188452490041958 0.316903084548169 0.577540680841481 0.306218218529263
0.1042727308229 0.653728240699009 -0.0221334057741781 0.5331835687363
0.0756748172737645 0.843431883623703 -0.0564258213122719 -0.303365708564914
0.435412182324724 0.447514385500202 -0.384283815985041 -0.248879089987455
0.335017688950961 0.0343871947465776 -0.459012870503206 0.236696401765606
0.26394774221476 -0.0837516040603139 0.159239769266689 0.403944352874905
0.060074297929635 -0.219370886124488 0.300727576029916 -0.0639444961723272
0.0142034126505229 -0.0692669957962177 0.0728977181645185 -0.187340817594833
0.0960113458265589 -0.0735947411540852 -0.0605322058908963 -0.140706848061614
0.132759403278744 -0.126231496642672 -0.118661209549007 -0.0533423381253705
0.125901831099904 -0.131799714264666 -0.148033220804514 -0.0196065651072358
0.117854357415003 -0.132143576189315 -0.177234299609584 -0.0883943048834497
0.213798342415929 -0.126707161055875 -0.088504183321996 -0.190597042014048
0.249542900603521 0.0838827177968715 0.00298340494299583 -0.179822744374076
0.16968565054923 0.111666196075088 0.163604330964144 -0.32684898400979
0.28783883243059 0.239797970081373 0.564960666243841 0.147031056659928
0.263399815635196 0.67538006518296 -0.0302891484080189 0.288319421795323
0.0268572352823979 0.793312090166612 0.0254197658996869 -0.548231821495362
0.384581148555835 0.395087839504771 -0.243203637759033 -0.402573519238325
0.239186426411058 -0.00127837008593559 -0.501747930592756 -0.0326941106020848
0.14302330906046 -0.0391912764589596 -0.0437735764169983 0.378331711359085
-0.00195656828660466 -0.0734060040802988 0.242982911852117 0.0428584180973252
0.0623559529188629 0.0410899296670783 0.123002826992973 -0.127917219398042
0.156939465773465 -0.0232225081461379 0.0104590826186982 -0.142519038068629
0.1652413703058 -0.101908277238934 -0.0590828648710657 -0.0967259390266355
0.131674865373593 -0.105098470810913 -0.112257687245231 -0.0750106447455888
0.106174388146441 -0.0922867459214768 -0.134240400721499 -0.162694564304551
0.128810029013572 -0.0628101240048811 0.0194607373835408 -0.208465215140056
0.0847850565784289 -0.00183135728495783 0.00966023031002158 -0.0496344202367976
0.18951858762296 -0.0470681348361219 0.0359081045284722 -0.337110791795406
0.340772801561303 0.0999969967531666 0.441379980344464 0.0722276977173948
0.362294228056472 0.623751940133535 -0.105590703297489 0.0312905883137585
0.0657456711165033 0.596620835074736 0.14639111491078 -0.720824757904215
0.296910424130345 0.160865445288703 -0.0457128627678556 -0.548874624709052
0.08156299992351 -0.0346174093249199 -0.486956792280801 -0.286220299366378
0.0181549561535411 -0.0147213700381324 -0.219990992739632 0.29818219771392
-0.0502810477735572 0.0562543189560675 0.157076384576386 0.153071055318142
0.0933645589941569 0.103988604802235 0.178018597513717 -0.0360360607586425
0.177461184804044 0.0142044495074644 0.100693813004039 -0.125725330099542
0.173758010505273 -0.0630971918922024 0.00863154405708945 -0.12588646515698
0.135402566052167 -0.0449900134097877 -0.0841454962271884 -0.111977169297922
0.0971139411412029 0.00355685290251656 -0.116458190341928 -0.213976667025676
0.0126053082796268 0.048499259369101 0.0852702213319524 -0.226131674493698
-0.0811212801705753 -0.0663479201332243 0.0136083076276602 0.0200225498783914
0.130663364066408 -0.151185545701294 -0.00269639695975835 -0.294148840439959
0.34630210571607 -0.0448970621808637 0.250707028369965 0.0401298160475321
0.35697821736451 0.51097898699213 -0.19896082503699 -0.20111124521713
-0.218319923419162 -0.398666981066781 0.23697247753263 0.375392299075478
-0.319523679064964 0.0826844067913332 -0.0899605058907389 -0.0110294345414471
-0.0441553678996034 0.209871286733103 0.00123121267662411 0.247573331555557
0.193568512659317 0.0757328391605421 0.0271837246518247 -0.0427171963906972
0.112006410401274 -0.163612061419308 -0.0880081796427779 0.191329575239128
-0.103568991438474 -0.129309204864963 0.0896649977889779 0.199804535262703
-0.147895351518895 -0.0384497913848718 0.0606660102443036 0.114637275095898
-0.150998219122899 0.00357327777849238 -0.0798135501193422 0.139351159431824
-0.142086084425328 -0.0368473368296944 -0.181246357207551 0.115254352091317
-0.0939483869506862 -0.117023183576368 -0.231094363277027 -0.0391792003103397
0.0632608874242348 -0.144704182707604 -0.105574212799219 -0.235923386258398
0.105462662432897 0.0464540918916003 0.2974647061686 -0.239011190219233
-0.0118386511986722 0.0669012907935656 0.512210053016119 0.366428264826493
-0.163459293953953 0.107288318912068 -0.0195838560214856 0.680959338749153
-0.175638680275466 -0.260625584413274 -0.222875457563625 0.824027421418372
-0.0360430370781649 -0.162266159378035 0.219629482677046 0.445982484400561
-0.20309065558088 0.0388626834961676 -0.0675782927330841 0.0711034264461175
0.00488957576966153 0.249706835474073 0.0280938686081515 0.282266566016772
0.303212077825387 0.0448132519136779 0.122982841988383 -0.030308626594043
0.175950547473381 -0.275073531399456 -0.0450061120792427 0.112479923845163
-0.110359765921598 -0.230689850658826 0.0677514481530486 0.137463895535519
-0.150159373773571 -0.105677925190346 0.0145587841035971 0.0838405602926825
-0.110978119076614 -0.0450900284350767 -0.13437760501872 0.128818400722285
-0.0788146666169607 -0.0476647116652758 -0.239601738540781 0.101898961911639
-0.060065103915881 -0.0957166173029792 -0.274472634387404 -0.0722539026214456
0.0834816144349934 -0.161668684440972 -0.117848700197846 -0.281280308892017
0.205792194790267 0.0901155201230468 0.312284324749452 -0.244624263989271
-0.0408698460067545 0.140855562346948 0.495534764300444 0.303187445134973
-0.0395428656163646 0.234458146124511 0.075587063479495 0.720209683509466
-0.204945791507627 0.0665952863974841 -0.235257376738411 0.860841833751806
0.138305311967881 0.151281225945696 0.132542225686269 0.400446362210152
0.0590155378777395 0.0091023398468301 -0.163683191916418 0.0962529213925633
0.0378907517023618 0.171646708973132 -0.0155206283297883 0.38517434483585
0.353473168618291 0.00821324958022516 0.255773895933255 0.0472901610725828
0.194847801763283 -0.349211849475072 0.0512605159921979 -0.0031239606425649
-0.106590566098814 -0.283311736232531 0.0400959527305473 0.0272518735288497
-0.128404567212867 -0.145073353282162 -0.0408392610032969 0.0236360414367232
-0.0512632946776367 -0.0878050165452358 -0.167275922141896 0.0973133141940287
-0.00361868119259744 -0.0670549368819347 -0.255767094075265 0.0902801300210718
-0.000460663612510913 -0.0789208543972643 -0.293930902532021 -0.0631084629383896
0.120206488917443 -0.148748398471382 -0.170055472214849 -0.281198836578941
0.287661692617147 0.126534647920514 0.258190826717679 -0.308170460208877
-0.0453297810990971 0.252071739684023 0.480876418156976 0.153897574255888
0.026838184638948 0.29083094133536 0.267716697781052 0.650855157149176
-0.164242429290664 0.341755608700314 -0.171970252497662 0.830709861464378
0.216130355988951 0.475184764250319 0.0236219146585068 0.229696039479645
0.327644377096564 0.120741331961685 -0.295661033532707 0.0374842460462861
0.15074473775114 0.0588659087258102 -0.146762152184628 0.446114132856781
0.351122143139138 -0.0486570379281157 0.330071902384275 0.185254737622831
0.171890151481441 -0.369453119039908 0.177923947846365 -0.0957535656663508
-0.0824581802679005 -0.266722608143831 0.0263546654829222 -0.0937369025051815
-0.0705889025195116 -0.150203313708899 -0.0839781427511082 -0.0482655117621699
0.0164241310789806 -0.118486686551821 -0.17628734784896 0.0532121785189276
0.0638996449881748 -0.0956863232653267 -0.235212166615517 0.0726609302550952
0.0630760744131858 -0.0894776791100905 -0.279907712633925 -0.0401461969776683
0.179772497187236 -0.139466863668364 -0.208276411802972 -0.245673564479755
0.340799482133113 0.151235487855453 0.150037833121463 -0.353529136515032
0.01426963008658 0.309551846311954 0.442810277207383 -0.0476565281054192
0.0914561859684926 0.324229819365309 0.459938428776695 0.496287012955292
-0.0510770731584022 0.540004376979118 -0.0791424527321916 0.717991186793871
0.178480262042013 0.726884295404223 -0.0561673171806127 -0.0230146303797649
0.446694836365181 0.313450451248614 -0.390637978657531 -0.0847119974975263
0.288624912443046 0.0267667282120773 -0.315254871209304 0.404215221387669
0.331344173587993 -0.0893438259955357 0.297679593458612 0.326816349485551
0.121713410420417 -0.327319312253279 0.276560768234361 -0.117708711646748
-0.0379071657834382 -0.186690099519777 0.0378105637626737 -0.176294451924379
0.0106469637988869 -0.121440230253342 -0.0948938972119547 -0.107646062016796
0.0801202439778003 -0.131130429328036 -0.159394501774013 -0.000222370734904268
0.108452218059568 -0.122880220010975 -0.192430860315235 0.0364543858173468
0.106463621958211 -0.118590108062749 -0.233546089247473 -0.0427708972780468
0.225632612020685 -0.140979292935354 -0.182940780007133 -0.202344601490914
0.33917708981971 0.139636974993431 0.04486667370175 -0.307465849424768
0.097998192158759 0.260195664305356 0.325128514742288 -0.22950697871834
0.187644335681239 0.316510742932711 0.574188098751385 0.303098077596774
0.106213080405632 0.648459313252011 -0.0223442930573321 0.530341656188967
0.096030899329383 0.828942580775697 -0.0559081903352056 -0.303127050779957
0.43414002836853 0.44500050048117 -0.381653667441455 -0.247981963585419
0.333267214520275 0.0332343651071828 -0.455146362189446 0.23430101077652
0.267030212120403 -0.0785163785395238 0.159661880740859 0.402250949500165
0.0593730861236683 -0.218816841570709 0.299619530788228 -0.0645365630032406
0.0141367128289879 -0.0682990745763287 0.072899850465749 -0.186935606751523
0.09250896552443 -0.0744323793100731 -0.0610933659577609 -0.139961907471862
0.130326547907 -0.126612562086158 -0.117858033554441 -0.052311058886615
0.126441793187084 -0.131815658108878 -0.147317913823686 -0.0173561726667795
0.120014938799993 -0.129765704331443 -0.177084417921531 -0.0893912215916116
0.21153893537946 -0.126474856638636 -0.0886635818927696 -0.190053940765185
0.249298152217855 0.0813951556887857 0.00249107495966057 -0.179935878608162
0.17006198792089 0.109915892583249 0.159544566774154 -0.326806624379225
0.28744634606087 0.236511234883321 0.563041612023318 0.147302499130904
0.261012994909889 0.674095596505561 -0.0316929123273271 0.28802423148981
0.0481242924867385 0.776056504764436 0.0236418907430427 -0.544263776657588
0.384104798453762 0.39351136684905 -0.241146837648839 -0.400623227808126
0.239133440390515 -0.00193084214878376 -0.499620865615147 -0.0312100892900831
0.142949383285899 -0.0389018721271811 -0.0442331312761797 0.376438020323929
-0.00257468747698091 -0.0720531530594559 0.242103449138122 0.0409151263327492
0.0622143865164088 0.0411721222885466 0.122916373606017 -0.127689053466692
0.156282684548924 -0.0241516089220705 0.00967547845052648 -0.141810073992381
0.165150714852493 -0.101988114332315 -0.0586772580822484 -0.0956738753126765
0.129837464896599 -0.104998367154644 -0.111562523040853 -0.0735325513964737
0.104768098968757 -0.0921045615233187 -0.134295129131548 -0.160739960155555
0.12862841439038 -0.0634486647410147 0.0179456920702813 -0.207588237714358
0.0842387910964903 -0.00255411787895011 0.00965795072049415 -0.0498770840401127
0.188385990773932 -0.0464556722996843 0.0347467772313443 -0.335645753883506
0.338371632411228 0.099976748074203 0.438232994600648 0.0703339684716726
0.360448922165157 0.617389446256119 -0.10598408056856 0.0311763561594102
0.077111658945608 0.585574574456841 0.144907252064759 -0.716416362770476
0.295251760961963 0.159574822762323 -0.044535808171425 -0.545159364922104
0.0811722507556812 -0.0348458016438021 -0.485290158033444 -0.28180963715848
0.0183844799756596 -0.0144725293199169 -0.220344668518163 0.296472670525944
-0.0495465060226738 0.0557162268950023 0.15506744253053 0.152600640286623
0.0928595922414819 0.103709255689397 0.177878902257664 -0.0363984921754128
0.175635971617921 0.013267157363627 0.0975698246472621 -0.126235467303198
0.173165658779281 -0.0628403447901589 0.00688650800512688 -0.125030794122669
0.136234809827382 -0.0451845156822602 -0.0841625362643244 -0.109700160716433
0.0964559431120058 0.00306922545347099 -0.113286791602736 -0.216162856505474
0.0131565251823154 0.0482508894734386 0.0851678552013839 -0.225443164833988
-0.0802915132429795 -0.0657340337891064 0.0136792996880498 0.0193234894680109
0.131966474197942 -0.150349220572411 -0.00589606198493536 -0.291775673073212
0.345912806978811 -0.0433902850029156 0.250558411748944 0.0416650518401073
0.354390882911764 0.511341613573111 -0.198693217341976 -0.2015248747802
-0.218071846710103 -0.394929150206589 0.23618911545096 0.374874938778765
-0.317775229559224 0.0830074197955245 -0.0897029857123673 -0.0107744975034602
-0.042152553316047 0.209193922265093 0.00103413422356256 0.247773566706722
0.193261431498123 0.0747589406701609 0.0276412991212397 -0.0418875706724024
0.111080604933243 -0.164596602598032 -0.0865422261140558 0.190210717828308
-0.103057483469949 -0.127681884245136 0.0899406677622965 0.198371153529128
-0.147337219862596 -0.0375896072786437 0.0612449827649018 0.114142562911513
-0.150888305259423 0.0036080371667141 -0.0800237587137442 0.139690334001595
-0.141213724659205 -0.036009919589423 -0.180154296179436 0.116094206577612
-0.0934681234081011 -0.11621786840384 -0.23062671908314 -0.0374782766489342
0.0629251375994037 -0.143851573750251 -0.104553487432253 -0.233743714873398
0.105124600864693 0.0466121219341043 0.295331285930591 -0.237947438398902
-0.011975970466839 0.0663606926324672 0.513419729940919 0.365147916844449
-0.163309259593015 0.107055324849326 -0.0196918653591808 0.677116718807132
-0.17507688478728 -0.259455929672163 -0.220220097032122 0.819236174347723
-0.0361154618182372 -0.160317978035076 0.218453011667568 0.444956910434379
-0.20185964167605 0.0393257098493048 -0.0666579865123133 0.0704718795885867
0.00688288115052716 0.248525839404784 0.0293377890023124 0.281582091466727
0.302421574019237 0.0444890687779676 0.121839135803946 -0.0303065696771879
0.175211860376038 -0.274252276467148 -0.0433416713818258 0.112365969092354
-0.110648998912897 -0.229157997265465 0.0677999216141731 0.13619985488683
-0.150489096523243 -0.104039385604557 0.0140750085163352 0.0830363475133954
-0.110188871770453 -0.0442551671064547 -0.133491771983354 0.128787297675369
-0.0787622329405591 -0.0479436169128842 -0.238635997103691 0.102496862266952
-0.0593643451139442 -0.0955845864547853 -0.273467303815418 -0.0707541804630107
0.0826888394544258 -0.161119359970221 -0.118391755700075 -0.279347133556486
0.205268177539143 0.0895728993063125 0.309895961249454 -0.244264381137392
-0.0399232341326501 0.139704724692414 0.492038674216416 0.299859504857395
-0.0393207240395695 0.233254538696481 0.0752907229230945 0.720419765928229
-0.203267887623384 0.066646393216951 -0.233598411566205 0.861709145982588
0.138070801511444 0.151259774902484 0.133656118993823 0.398646534938035
0.0599884163206826 0.00924629917688519 -0.163442922715723 0.09535924435317
0.039525229008351 0.170653800871097 -0.0155841460585668 0.384144213896778
0.353451783675937 0.00696309151386294 0.255085086620059 0.0470618799423804
0.192767070094562 -0.348511219183755 0.0514132548955311 -0.00335646583993061
-0.107620263633933 -0.282615993260404 0.0412387466930654 0.0263829359090319
-0.127425306991428 -0.144738128489067 -0.0402074289190329 0.02335485436655
-0.050994884504866 -0.0873994130243548 -0.165966111366396 0.0977083810957157
-0.00343619521212134 -0.0664963074506537 -0.254436990719417 0.0913673836871934
-0.000169914354395878 -0.0786277333599811 -0.293365352233281 -0.0621312239014469
0.118941005999821 -0.148044844382071 -0.171988473021128 -0.278838105936947
0.287881179894386 0.124397096457837 0.256138144425529 -0.308084800181227
-0.0444261650693433 0.252256843095108 0.479729535817289 0.152488057351637
0.0277611282451235 0.289943213330316 0.268045452708824 0.645704280711553
-0.162885873715111 0.341257089418956 -0.168595100509476 0.827227086521916
0.212914562204087 0.479188055630973 0.023399584591547 0.230496343519766
0.326323808973272 0.11969335717203 -0.295357071033693 0.0381361953396768
0.151473996028178 0.0588167749777559 -0.143515316144668 0.444182896215858
0.353827268091239 -0.0445172916184782 0.32930957775925 0.186062653579654
0.170395502559737 -0.369388599049828 0.176793875487019 -0.0962744256279277
-0.0818747803713288 -0.267128403737453 0.0258775816988007 -0.0934269154383754
-0.0722830953993887 -0.148085331703337 -0.0837537459323521 -0.0477477121331339
0.0155118085583081 -0.118126218776525 -0.175702987374841 0.0524756490977056
0.0634270943784655 -0.0959886800541895 -0.233550702313186 0.074195411859919
0.0636894796864769 -0.0882616086798885 -0.278479183661763 -0.0379541091864025
0.179023450432694 -0.138024542147148 -0.208965749604368 -0.243842995634445
0.339444422264757 0.150185079912113 0.145519334279963 -0.352331011639812
0.0132129150720561 0.3107682446085 0.44085972500766 -0.04972931388856
0.0913642330060453 0.321626504926442 0.458963688587424 0.493483345638163
-0.0523409608404273 0.539231720673504 -0.0793295546440966 0.716193403027055
0.188793594069788 0.712091424941247 -0.0550958786253084 -0.0222962689438904
0.446348580918247 0.311553819281034 -0.389359571063223 -0.084551468988663
0.287471637326468 0.0259079533901172 -0.31385835600951 0.404358173402903
0.330420553424704 -0.0896938497405542 0.297064186026535 0.326152948340422
0.119195566844495 -0.326823880004933 0.274279732484177 -0.117671874934675
-0.038296227773413 -0.186025529580912 0.0373814484138247 -0.175421938579218
0.0098471919612317 -0.120866235195116 -0.0954620880318625 -0.107460627454482
0.0801735800366416 -0.131716043095316 -0.158879387386148 -0.000611350980544478
0.108118724117799 -0.122790604315724 -0.19101009778884 0.0366354413094488
0.106040429304833 -0.118758689020414 -0.232136517468376 -0.0429628942523776
0.22365884772311 -0.141941759611059 -0.182843799146865 -0.200309056580664
0.339477171684975 0.139446029634572 0.0431233113761334 -0.306721342496732
0.0988499690574799 0.260041033227517 0.323400852797326 -0.228553801996888
0.188504134360935 0.315021861597261 0.57150750363217 0.302464723404694
0.106561367173766 0.64691506201347 -0.0214180205824744 0.526732415215559
0.0991696453515213 0.820258822305846 -0.0572385677209607 -0.300791672256041
0.433009958218809 0.441547550188368 -0.380713583245729 -0.242167638233247
0.331946687187905 0.0307690899082363 -0.450014281998581 0.236317194205715
0.267500711757177 -0.0772857830938961 0.156790272655579 0.404797240597943
0.0586622861966535 -0.218489340215151 0.298023615243742 -0.0644878730904194
0.0143595145354604 -0.0677840488197363 0.0724476187783087 -0.185884599705024
0.0926018408189837 -0.0736563977003247 -0.062649432433904 -0.13901167087173
0.130895286416455 -0.126411626453379 -0.117938143188795 -0.051586515588816
0.127587668099249 -0.13029709141381 -0.145922113306505 -0.0171347726774249
0.116413816771988 -0.131103744157022 -0.176407038097265 -0.0905446796972006
0.209430872197284 -0.129219354050937 -0.0900937903132913 -0.188234761899483
0.249460923916503 0.0802341037185834 0.000206293347739818 -0.179777194280772
0.169489220532707 0.11218939702777 0.151622115355905 -0.324947537150914
0.286032117374538 0.237265179815658 0.562732284115698 0.149313115996241
0.260902278073742 0.669650888525229 -0.0317045353571384 0.285461605532428
0.0470411788468517 0.772291440920376 0.0231025565585829 -0.541700817805789
0.38351218830602 0.392001858718321 -0.240086283093754 -0.398369265067327
0.238343112202528 -0.000985993801079585 -0.497793910629827 -0.0314648663228633
0.143297800765981 -0.0389486538863016 -0.0428391319915144 0.374583881278952
-0.00294005922036386 -0.0713899899329468 0.240008811382342 0.0392272575251534
0.0609944720489804 0.0407928984869514 0.122034715214851 -0.127924562761645
0.155087017978355 -0.0243197382200169 0.00939441116092951 -0.141958817557976
0.164858577063192 -0.102513999255686 -0.0585780660497305 -0.0955920224921635
0.129206182741881 -0.105264942177925 -0.111052515673244 -0.0730018710472842
0.103595661337699 -0.0919537645847996 -0.135011332939908 -0.159715980340928
0.12836170196475 -0.0640035361492421 0.0166768911321096 -0.206973917895743
0.0850129845561763 -0.00380915023798562 0.0092362523031602 -0.0509778221626364
0.188837222778719 -0.0471137528460442 0.0346197295812036 -0.33408165573687
0.337280018264433 0.0982850306029511 0.436891790817285 0.0695402277687517
0.36163753864922 0.616745396400704 -0.10586930609647 0.0303967336918648
0.0799388899520966 0.580314032403381 0.143800204462648 -0.71397613357629
0.292934096729133 0.157328625532092 -0.046402290483723 -0.541117328558016
0.0809757403143347 -0.0353642989252133 -0.484978089362148 -0.282258117072008
0.0197775816242877 -0.0145108235755903 -0.221417394495539 0.297578877245338
-0.0503715543027505 0.055979631108276 0.154214342995529 0.151374832180606
0.0920631496211958 0.104648436279999 0.176066474907264 -0.0378381732163225
0.176500708920765 0.0133679629117395 0.0948836346662353 -0.128046765006267
0.172200169407724 -0.0629391999182237 0.00637075859378278 -0.124810287688104
0.134656897595924 -0.0449367816627 -0.0845672041179857 -0.109885128356883
0.0954566630483055 0.00175273180432547 -0.114735616381904 -0.213771339857743
0.0131143096786641 0.0477253727497095 0.0835202932326061 -0.22622279214485
-0.0797001432132677 -0.0659879616361884 0.0131266274148721 0.017578004028196
0.134857674649897 -0.14930550808532 -0.00325188186581612 -0.291447130723984
0.344061578474506 -0.0450499437393641 0.249183707345985 0.0420567504187721
0.354716633897015 0.507618536434988 -0.19809289772536 -0.201081968722101
-0.216979112987451 -0.394544592954474 0.236892610301892 0.37239689136309
-0.316711484897111 0.0834734394022942 -0.0890193623441999 -0.0109268552108623
-0.0415016919477591 0.209433735505091 0.0012541484132117 0.24638612122643
0.192326722958506 0.0738949406513896 0.0271415431482152 -0.0414875739670135
0.110852767587187 -0.164779459699503 -0.0854219684672485 0.189817531290758
-0.103802314958984 -0.126797581012796 0.0911795444307859 0.198150971156649
-0.146889781323031 -0.0363341262446236 0.0615082030651764 0.112411166410802
-0.15040095991877 0.00496827530524617 -0.0790832342192653 0.139097109004438
-0.141338882153148 -0.0356104003465335 -0.179491714089424 0.115541249411086
-0.0931920389193221 -0.115602113771759 -0.229567279549581 -0.0370800335058403
0.0621168087341594 -0.143663673272098 -0.105644167935809 -0.232282787466429
0.104946497166333 0.0467047735538601 0.294810423555795 -0.238181029396933
-0.0120181558697099 0.0662938545964405 0.512120818966975 0.364120851911832
-0.161573717279254 0.106406758117872 -0.0198590710905912 0.676240965143427
-0.175107765024223 -0.257728268449178 -0.220498606638686 0.817881414545076
-0.0355119801637487 -0.159400247546675 0.218888146543876 0.445474823961468
-0.200757394261187 0.0390857548361384 -0.0668208724201398 0.0711117153485912
0.00800910956689792 0.248002833574102 0.028138352222506 0.280509675760694
0.301234343810687 0.0408372483805731 0.122110485507016 -0.0285275100855903
0.173632705380563 -0.27540524375224 -0.0425484882563868 0.112777323754206
-0.111055730404417 -0.227516446758657 0.0683952998340361 0.13500755097729
-0.150781352275309 -0.101985628481876 0.0149317811390969 0.0824541924165162
-0.109648140836553 -0.0437789073966213 -0.132889267868502 0.129294448155212
-0.0788042284077883 -0.047194295876159 -0.236607935375066 0.103024835707432
-0.0594251452800101 -0.0945599973975236 -0.272562871634146 -0.0709207470852126
0.0826038149648504 -0.160972548258482 -0.118573668488555 -0.277193631312673
0.205806385307634 0.0882868307526055 0.306573518948605 -0.245702318413271
-0.0399989915194206 0.140381649902096 0.492893668323892 0.302596402408856
-0.0385864230452105 0.23253172130407 0.0746267714169221 0.716253001994366
-0.201808750361274 0.0663462144657557 -0.231436946010746 0.859893408622127
0.138383885125564 0.148433971199551 0.13609896490675 0.396427278634895
0.0602738575184342 0.00996637531129929 -0.162957603782816 0.0965088211285019
0.0401174723840176 0.170830808994531 -0.0140340360396029 0.383260508492549
0.353262376483721 0.00491253396691695 0.254993831262397 0.0475701910749471
0.191527129450048 -0.349410640321053 0.0523294671924838 -0.00392926623519217
-0.108324720848136 -0.281888759293747 0.0415548167125114 0.0259803438393251
-0.128044061373741 -0.143869556299867 -0.0415129639879425 0.022958062340717
-0.050528494930741 -0.086760400833431 -0.16582528220275 0.0982280352160224
-0.00414278216199893 -0.0669495177713377 -0.253585174230343 0.0920705902004852
-0.00116460630811319 -0.0782022605072486 -0.292365847500046 -0.0605146076397492
0.118217446119077 -0.147955065846969 -0.170940110493533 -0.277485331215796
0.286062223371102 0.124513120602062 0.253754088621849 -0.308388096092028
-0.0443013137162055 0.251982125281639 0.478727736565695 0.15177311116801
0.027315585087914 0.289161349835802 0.26743573499752 0.643394144659129
-0.161519783167667 0.341488787315893 -0.167716120364419 0.827263564515281
0.215673595144149 0.471164159096486 0.0231279359552023 0.230382823552457
0.326962095484688 0.119576329524832 -0.293366311248305 0.0388395176587317
0.152208784475901 0.058174340787375 -0.14450879623487 0.44443695671681
0.351285221860696 -0.0476873328860002 0.328433112688355 0.186903831721483
0.168394494738031 -0.369091885493906 0.176888749353117 -0.0958375723320005
-0.0823706640536641 -0.266852581739954 0.0262252740523397 -0.0932826757272513
-0.0729853825004941 -0.148028594960134 -0.0834167741844292 -0.0472076801527503
0.0155007909553679 -0.11795991275363 -0.175034180432265 0.0531313618388706
0.0634604756295898 -0.0953220658780793 -0.232639391508944 0.0743579354523253
0.0635362467468619 -0.0878188194195116 -0.278697011351232 -0.0393962099411124
0.177764440915313 -0.139050642764355 -0.209082950527706 -0.242146285258185
0.341308890791904 0.148220973756602 0.146166150836016 -0.352523659661077
0.00995379302100003 0.311771331195007 0.443201374278726 -0.0456307037565601
0.0917583157801133 0.32226129678838 0.458146334978665 0.489775982715588
-0.049981867005896 0.537607445606754 -0.0790533848625698 0.714855904862579
0.179618133335835 0.721887101748697 -0.0551221020788512 -0.022504513330132
0.445185006477375 0.310854311042016 -0.388258644324669 -0.0844346671700614
0.288065713511877 0.0257153132332943 -0.312205330730165 0.403612543053875
0.329739542943509 -0.0895923806176773 0.297085498819055 0.32547220366729
0.117757350930061 -0.326527854510731 0.273974753614095 -0.118636049180748
-0.0399144535050564 -0.18552183501763 0.0366957726782146 -0.175873077618187
0.0100318504182435 -0.12031557600112 -0.0945390168450493 -0.108080169882072
0.0797445083020993 -0.131033263158667 -0.158267079231766 0.000941834406620775
0.106831758385125 -0.123206949074494 -0.191158498649385 0.0376327947845211
0.105242916103311 -0.118154258727825 -0.232297333549223 -0.0408751144521818
0.222056060699241 -0.142520555161391 -0.183993712199699 -0.199281760364835
0.340617927892228 0.136472772059417 0.0419344227516702 -0.307384071161203
0.0992393254007164 0.259915412162895 0.324114395043152 -0.229555365159411
0.188356175222282 0.313860455545249 0.570362021452047 0.300411822748113
0.105928364601409 0.646117523178771 -0.021036562932158 0.525938961167445
0.0810304355790061 0.829145185813702 -0.0575083101623973 -0.300246094389335
0.433628023931999 0.44128420381674 -0.379908701046594 -0.241709522724608
0.331362727355317 0.0321786480115128 -0.450274881099215 0.235571368730993
0.263387788974937 -0.0835774274174259 0.157006109142415 0.404569458269423
0.0577997526157286 -0.217594497593205 0.296723284811152 -0.065964366520295
0.0137119665647954 -0.0684011062799485 0.0699787400453781 -0.186635106164132
0.0955698424277979 -0.0730782983608807 -0.0623459740791555 -0.139811656665526
0.132373907562048 -0.12590815575465 -0.117720098892157 -0.0510145147930709
0.124694914741571 -0.131211532261455 -0.146056811422196 -0.0170304887613629
0.111824746493762 -0.132360864280601 -0.177085402706942 -0.0875328306196922
0.208959571007342 -0.12864992045959 -0.0919066014009403 -0.186741615822301
0.250072285447834 0.0804374227265624 -0.000249707687786896 -0.180378850976633
0.168645172999023 0.113935325156434 0.155371299576365 -0.323896873173156
0.285599063348441 0.239186196793285 0.560544255423795 0.145986625680251
0.261474338711858 0.664054701572901 -0.0304717685843738 0.284751371974238
0.0270390617949381 0.783748927915437 0.0243881814896473 -0.5407841657356
0.380890075717677 0.390736304432968 -0.240173006863974 -0.39799387898949
0.236953394077081 -0.00118915706548219 -0.495024966364966 -0.032261352503053
0.143963083929997 -0.0383971775599595 -0.0416729540271264 0.375139975723838
-0.00335367314340245 -0.0711179438597989 0.239363872008883 0.0383387193773067
0.0613339601199234 0.0398971392579017 0.121417752274302 -0.128175547331103
0.15536077416357 -0.0231521571793893 0.00922376412058311 -0.142055629673312
0.164001776540107 -0.101753408720797 -0.0585173673034899 -0.0949386642449744
0.128339271164991 -0.105664816824876 -0.110697893534159 -0.072544195472389
0.102518950634027 -0.0925461832148995 -0.135411821555889 -0.158623296995563
0.126499051536113 -0.0643172542374032 0.0155747203150816 -0.20765585109569
0.0850896169683424 -0.00351367817296982 0.00947769794361076 -0.051666476175257
0.188909049348899 -0.0472219058432813 0.0344978526176618 -0.334072277678665
0.33718948149948 0.098622403687058 0.436362813932917 0.0686656217259175
0.361502428102235 0.613848164089301 -0.105529339600066 0.0288214746588698
0.0687373659671069 0.588081080698407 0.14401711034454 -0.712627351918994
0.292364589948852 0.157329402321654 -0.0463045470575298 -0.539374583072095
0.0809429654865895 -0.0348010531892981 -0.484158403971079 -0.284266449232171
0.0202345079993165 -0.0156910500781421 -0.218226933194952 0.296425189405759
-0.0504238266267852 0.0558242794675481 0.154390346447549 0.149935601071198
0.0923438289695731 0.102443549038157 0.175325055913889 -0.0384893075900607
0.176455756864888 0.014583147929651 0.0967877851064059 -0.12589585470699
0.173178141313426 -0.0624549905641647 0.00756553002005817 -0.124374735567216
0.133003103601251 -0.045449579974554 -0.0832902288991363 -0.108860002214197
0.0940098534561579 0.00119095657876309 -0.118387475275184 -0.209496504351192
0.0132885701827249 0.0475662242143429 0.0796489130140776 -0.225746352934823
-0.0791753119590504 -0.0653170463640485 0.0138823437889602 0.0173773626330752
0.130906567046416 -0.149325998866634 -0.000772968443201264 -0.293815710373989
0.341025713718942 -0.0464552866930745 0.248081385226622 0.0393654965625483
0.354790286918313 0.502610118873535 -0.197912830902126 -0.198849964577578
-0.217232554628934 -0.394368561275162 0.238289133109605 0.373747858463643
-0.316608804826487 0.0837192773933405 -0.0887701417420017 -0.0105632237164707
-0.0408013968073745 0.209418089140001 0.00279978747546837 0.246689551792533
0.193130474452653 0.0732519442867607 0.0272560511027709 -0.0405464559270437
0.110001541317585 -0.165489136638933 -0.0827722534610558 0.190446870523328
-0.103433714672808 -0.126376955239981 0.0918907030219565 0.196580947575738
-0.147302724934335 -0.0360002730059492 0.0622444453468845 0.111722862407115
-0.149596257822987 0.00432651778187077 -0.0788301815434829 0.139285079272637
-0.140960776937243 -0.0352317469268519 -0.178633301182405 0.115890159512819
-0.0932798127345402 -0.115040372621153 -0.22938277949437 -0.0357196928885965
0.0621012725680795 -0.143390589013653 -0.106083879765533 -0.231217511735332
0.104980764219836 0.0463173698534678 0.293357579981776 -0.236888501040669
-0.0121087778402109 0.0666715942073267 0.511846859936877 0.362129616683066
-0.161211101930574 0.106711866624817 -0.0199283428278497 0.675484358612264
-0.174833698570927 -0.256549696161818 -0.220571454742297 0.816159220017215
-0.0349939924212203 -0.159293851949001 0.219604713940042 0.443552768932253
-0.200466641493086 0.0397191841433399 -0.0663979250293316 0.0702571695055712
0.00888573720851248 0.247927391215634 0.0288664847596801 0.281232995409947
0.300481144447222 0.0394381904135047 0.121840715894546 -0.0286489339535149
0.170745559144459 -0.276085462953 -0.0416496688003371 0.113405219454324
-0.112416833418631 -0.227115040437656 0.0692907273337789 0.135478850926784
-0.149917718306047 -0.102322094810969 0.0149249146775897 0.0818586581089967
-0.109408810086533 -0.0435627590654426 -0.132992915754567 0.128935781119135
-0.0778359048493402 -0.0472556139965377 -0.235690500049499 0.103709364365976
-0.0589144899830063 -0.0946396592143377 -0.273031494535297 -0.0696767156636221
0.0820372495514355 -0.16075020440124 -0.119039189676303 -0.275725896574924
0.205678338945417 0.0880735135691936 0.306293279298681 -0.244979913164123
-0.0413904989250679 0.140641745173491 0.492182514115011 0.300828025719288
-0.0382430663227281 0.231888481071769 0.0749816565584808 0.713426404105685
-0.202536690009071 0.0668390793533556 -0.229647401254318 0.853777085709674
0.139141283147188 0.148701467585728 0.135705755649834 0.396242788689312
0.0602830217328146 0.0103112338496074 -0.163474608791086 0.0949544335729716
0.0404187904369632 0.171271187003552 -0.0139729832088974 0.383269804743385
0.351770843551002 0.0020868581848961 0.2544825206089 0.0475543567420017
0.188729467513352 -0.35047369687616 0.0527879447643429 -0.00403272977396774
-0.109358992335709 -0.281144703263318 0.0414235298465318 0.0260875737101594
-0.127691742304714 -0.142213299710085 -0.0401531400668967 0.0224344094774788
-0.0507769055265231 -0.0870176133321179 -0.165715619975647 0.0982301648367901
-0.00357871269603712 -0.0663471607734111 -0.252497647934172 0.0926135437568639
-0.000745316791025862 -0.0780631721725639 -0.292340758787775 -0.0597164080665109
0.117452178428122 -0.148261093579309 -0.171745314567274 -0.276569431298859
0.286981813725434 0.123008705103417 0.253318598018548 -0.307099497953097
-0.0440194775032089 0.252694104096088 0.477979299721336 0.151523055262807
0.0272206275439844 0.288034355285379 0.26617873020963 0.643136357976421
-0.160749111906985 0.340336944955974 -0.166055756764556 0.825247137107402
0.218764504383098 0.467849582437185 0.0240528594655919 0.229648204823186
0.32654047066569 0.119962030905687 -0.293367486434039 0.0381241671459143
0.151641522963478 0.058753646521942 -0.146194912799985 0.443727775850763
0.348161893715586 -0.0556625083948969 0.328292112758669 0.183848843255644
0.166050616171478 -0.369827218284401 0.176695165913034 -0.0971129587785544
-0.0835750144812687 -0.265420784779087 0.0266407797705669 -0.0932073007061714
-0.0718811786581667 -0.147238583680068 -0.0841726466266328 -0.0477127005497126
0.01712536818931 -0.117060761353745 -0.174982522122235 0.0535152953676139
0.0638288699135519 -0.0949062934091046 -0.232437896811328 0.0750478561941287
0.0617726332001169 -0.0882480252750298 -0.278690779574415 -0.039127328337147
0.176568720854699 -0.140039124293537 -0.209643026911693 -0.24126699876166
0.341159887573008 0.146749125007955 0.147430647137783 -0.352435833207512
0.0138957413384688 0.311586160855903 0.442650750625492 -0.045513952252218
0.0915893633167598 0.321751290319495 0.458842071638761 0.486561617285967
-0.0484697704049227 0.536786275863522 -0.0767397326266899 0.714554318640416
0.16834492348071 0.728858900624268 -0.0550190678716221 -0.0229899160643655
0.445191133195734 0.310554096663144 -0.388915811233446 -0.0849705086615357
0.287109088705604 0.0258717233564854 -0.31228500686458 0.402675935889591
0.330611490892064 -0.0902519376698259 0.297064327802254 0.325641053589974
0.116567129805236 -0.326485248683202 0.273636458283044 -0.120223103396707
-0.0402294682642019 -0.184683411562023 0.0369337085124015 -0.175884643606824
0.0089857210774626 -0.120045283404779 -0.095283236987804 -0.107477662732511
0.0799577445127528 -0.131074910153985 -0.158725109133254 0.000833746369626
0.106820710233339 -0.122059810462414 -0.189575000326346 0.0378090997564505
0.104634196204982 -0.11837425838922 -0.230985513870893 -0.0405914080751654
0.220894862825734 -0.142807940937998 -0.184467049297837 -0.198017040675377
0.340421425554599 0.135983309464731 0.0407098851727315 -0.306985025734247
0.0998033802029417 0.260598175625364 0.323798919801232 -0.228925613471487
0.187020513504804 0.313518940195166 0.569044787785685 0.299100998328657
0.105951285965263 0.64392017637269 -0.0196091279377472 0.524069180125913
0.080686298908544 0.831337878313261 -0.056620221182821 -0.301011550770613
0.432046483662561 0.440634405124381 -0.378960794886954 -0.245093661969459
0.331526291379342 0.0324915761494421 -0.453385923060673 0.232800630396226
0.26355786740773 -0.0838660666206781 0.16021986139311 0.399517874689487
0.056575973142538 -0.217860953029124 0.296083689310811 -0.0676404469524281
0.0115858931248728 -0.0684072989108996 0.0713344869147919 -0.186016553014745
0.0944359085756796 -0.0728721878143757 -0.0605161082801662 -0.139888063096116
0.131638829695449 -0.126256758149675 -0.117514646032951 -0.0510033893133502
0.122598720946005 -0.130474095461091 -0.145503021291867 -0.0163130850156863
0.112336436367321 -0.131365905019198 -0.17621914814722 -0.0844160849019286
0.20875178391373 -0.129507772382341 -0.0926088610974188 -0.186029734032065
0.249896841800832 0.0780968116379405 -0.000149362057699824 -0.180760752621324
0.171276652364319 0.111283313827731 0.160156516109948 -0.323662243929004
0.28531825640375 0.235984474584936 0.557972011703836 0.140871685430416
0.263058139800643 0.663723519299608 -0.0292714139749137 0.284169734191577
0.033301177330532 0.781502123854729 0.0245870785247401 -0.541016130736054
0.38118169227924 0.387782078519221 -0.239912196441283 -0.396138260448904
0.238335850510151 -0.00144760825490117 -0.49625101120091 -0.0318871010421603
0.144208176797814 -0.0383303874279495 -0.0405345813633677 0.37434897857702
-0.00356094641498184 -0.0717357852640863 0.239362742716445 0.0364111840007628
0.06092430167931 0.0398936474964117 0.12089804754541 -0.128266081215982
0.154792457222408 -0.0242282976093405 0.00895368725020685 -0.14274455007356
0.163254349685287 -0.102852185474 -0.0584749305047164 -0.0942623630151839
0.127604939958233 -0.105573812859947 -0.110965138176034 -0.0716131656754399
0.101376747975537 -0.092476459039753 -0.136544381382918 -0.156924066385929
0.125832041092565 -0.0647560210108316 0.0137743594948383 -0.206899372964294
0.0857470887430034 -0.00414868112154546 0.00905625328846742 -0.0524007501998289
0.188366872275474 -0.0465970516035549 0.0342271979520486 -0.333684723733092
0.33648449014983 0.0982482712569616 0.43437706885375 0.0674036127855836
0.361893293264759 0.612469370641682 -0.105668940745383 0.0285865482207309
0.0689431293690846 0.586986587848088 0.143813620423944 -0.710393213363969
0.291984090834067 0.158120348474172 -0.0432708524899734 -0.540339697821412
0.0814560280997861 -0.0350684111102036 -0.483273898303518 -0.281668559390791
0.0207988836037005 -0.0148745704565363 -0.214589237047253 0.296470884733862
-0.0494637015642919 0.0559531249278163 0.154236547244489 0.1475449703043
0.0912806492817971 0.101758662878004 0.175282916781271 -0.0378562458108444
0.175308423114579 0.012630947335516 0.0986246223349859 -0.126416703850671
0.172048458280735 -0.063484964423422 0.00754071490253962 -0.123906707499676
0.132637902731821 -0.0462011937887776 -0.0838994325647703 -0.108191682966206
0.0948356882978722 0.00170569662731119 -0.119031411962778 -0.207759201930485
0.0136646471714377 0.0473368362865942 0.0791430451398325 -0.225530758003805
-0.079587776518467 -0.0648795659075742 0.0139027532580067 0.0169989246183259
0.127567870312188 -0.149868866575629 -0.00383683530929419 -0.291337153781726
0.340276718194304 -0.0463967483677168 0.246986328727779 0.0393954400151449
0.355646646639496 0.501737352039383 -0.198819348914384 -0.200069401741208
-0.217667474721328 -0.392469001794581 0.236991778291849 0.374610963425848
-0.31486229766469 0.0837923109563204 -0.0892137176752669 -0.0104128656544308
-0.0400386236595576 0.208969933672286 0.0022044250093991 0.246755375453702
0.192681128198704 0.0725914988216822 0.0268563005146536 -0.0397400755794158
0.109297368813737 -0.166050604436267 -0.0826184778417727 0.189997623448445
-0.103222420757971 -0.12610652743155 0.0928145653070603 0.196151756820921
-0.146855813175829 -0.0352657180881214 0.0622163963016468 0.111186858992937
-0.149437420273761 0.00504368723829262 -0.0785658370015073 0.139919520180907
-0.140928602593277 -0.0356427129817656 -0.177921819920184 0.116870667464806
-0.0933368552352138 -0.115151233125365 -0.229698181669986 -0.0351506930361855
0.0614750160410872 -0.142491549441298 -0.105136759607158 -0.230375525625669
0.104673988516519 0.046726023321452 0.2917250236534 -0.238108577430505
-0.0126345162127776 0.0662420564642188 0.510995762516813 0.362168411295579
-0.160178782584157 0.106466570965311 -0.0204079921896923 0.674877781013703
-0.174197855413392 -0.255839774639515 -0.217114843223524 0.816818650726555
-0.036678824996187 -0.158057506183617 0.220224036737356 0.443462413683615
-0.200578040829706 0.0403761500847434 -0.0661555037097467 0.0700633331551344
0.0092382987960513 0.248854977910237 0.0291758586839402 0.280183774244313
0.300953544638103 0.0400896867959944 0.121342782874597 -0.0279935841276965
0.171018061584229 -0.277437595786762 -0.0403956833320121 0.111816414885441
-0.112540550658387 -0.225518391219247 0.0691551310535073 0.135033572942402
-0.149974735487837 -0.101589673166474 0.0153031026302441 0.0807109654036039
-0.10978687259981 -0.0432787537155946 -0.132195887419955 0.129524605187052
-0.0780672291313764 -0.0471887853334432 -0.235144185280587 0.10339321434821
-0.059380919847505 -0.0943771619519129 -0.272714636619931 -0.0677837408277826
0.0811483382030189 -0.160764076354666 -0.120137028271373 -0.274216869876427
0.206041523996405 0.088416815141504 0.307118011161 -0.24357941924945
-0.0408071724203208 0.141036785110223 0.492976442156917 0.298476799321709
-0.0375277072363173 0.230916562223285 0.0757172551024766 0.71387856419307
-0.201519034889995 0.068005757794368 -0.230780967823099 0.85606612609633
0.138058147027554 0.152035485499232 0.134640703391204 0.399647113677707
0.0611083187090502 0.0103005381104332 -0.16384785118202 0.0952229832569853
0.0424354208107324 0.171088642032412 -0.0139212930805772 0.383985488033257
0.352475969947473 0.00220192538952252 0.253798458102747 0.0470609721948229
0.1878247265229 -0.35127839119718 0.0530480019879798 -0.00469210363061612
-0.110486969565413 -0.280142960211119 0.0422946839620993 0.0253533415795739
-0.12895187852886 -0.141993638877503 -0.0407568695580833 0.0222410717148063
-0.0502750776571404 -0.0863989133325691 -0.165663630827137 0.0993209350494403
-0.00390153636367002 -0.0664708451585261 -0.251553852273991 0.0929199079014391
-0.00065448365022599 -0.0778808253881027 -0.291925723295359 -0.0579301184818312
0.117003446847776 -0.148647496276471 -0.172190418981148 -0.274819140172869
0.287404991911803 0.121991909642878 0.25193794835006 -0.308333613908708
-0.0433622057673995 0.252676658064165 0.478853563014393 0.151025786147762
0.028491225928769 0.287424778926114 0.267995839590915 0.642091059948086
-0.159627748606499 0.3420585160804 -0.167771234361459 0.825601468191184
0.215756379322143 0.473040471127211 0.0248095430387988 0.229685941560865
0.327036587469148 0.11939885556662 -0.294648988383061 0.0374044606051423
0.152782519660618 0.0589938900633332 -0.144953519192239 0.444742638165325
0.350131924585539 -0.0534554487582243 0.329023891943905 0.184025697130076
0.165390537431546 -0.370727913613914 0.176932579889684 -0.0981159198464664
-0.0855174399011945 -0.264594569919472 0.0259740464494542 -0.0932661538610703
-0.0711073834636376 -0.147237464321153 -0.0847247405009814 -0.0484517644595904
0.0174956656379457 -0.117866676941197 -0.175136090692017 0.0539953385017257
0.0626706561264915 -0.0954782071580136 -0.231446841979785 0.0752719469191375
0.0617408374345203 -0.0891512001806978 -0.276902244153344 -0.0359410100566603
0.175032689102597 -0.140339779226771 -0.210734802144434 -0.238980824755465
0.341954213319734 0.145373419303232 0.142994223760528 -0.352707578087164
0.0179485398192314 0.31062482500104 0.439327802122152 -0.050058573985482
0.0913891716031602 0.321164695003854 0.457123256298798 0.489473300844572
-0.0498989072865438 0.53717372566292 -0.0767875462481582 0.711898031549704
0.179609245693427 0.718050650113866 -0.0552459114494185 -0.0229626076279263
0.446351265220744 0.310482812780162 -0.389605793872775 -0.0847456189175759
0.28719331312084 0.0261277645981029 -0.311521475297635 0.402942537447892
0.331699735496668 -0.0918944175591524 0.296780266148122 0.325129066430449
0.115280140119841 -0.327790845150299 0.273012126211627 -0.120957825496272
-0.0404349839054799 -0.18425817499426 0.0366579126334054 -0.175624623802022
0.0090226872536245 -0.11963090863252 -0.0948825436372686 -0.107211429800138
0.0797660539837595 -0.131472329032476 -0.158299051110289 0.00124048774384839
0.10645727191769 -0.12306413160205 -0.18875237592926 0.039022035559161
0.103912484445404 -0.118289914248113 -0.231596898947002 -0.04011566970103
0.221380413420945 -0.143978534901346 -0.184916293415984 -0.198139276549229
0.341037427186135 0.133959484759553 0.0404163924898623 -0.307226388604493
0.101546793866068 0.26112502742043 0.324245797271536 -0.229426608263526
0.187661349621728 0.313513832418219 0.570635632680325 0.298796412957912
0.105160744585115 0.643405055290765 -0.0213591368000036 0.524688630271558
0.0987682127478312 0.817799247126828 -0.0557310460064897 -0.300832763832692
0.433338878566747 0.439789250957732 -0.379588929061529 -0.245057545048842
0.332078381676059 0.0318717461940272 -0.449746403252691 0.235339413902192
0.268253421192017 -0.0788085345779132 0.161231823353417 0.400399332291942
0.0557496700290741 -0.218173597774205 0.296591109277133 -0.0675429340878552
0.0116563453821152 -0.0686604603133185 0.0716534395389971 -0.186010010890952
0.0911123993081476 -0.0743509624320754 -0.0622444318218664 -0.140164012906842
0.128427323620036 -0.127225582988777 -0.117370033792661 -0.0506380709480679
0.123993457657736 -0.12987609959625 -0.145458661079153 -0.0151926023639245
0.115012996471507 -0.130896830551889 -0.176858559212282 -0.0862764900944286
0.206715695903988 -0.131155677416033 -0.0925039971083262 -0.187217155674755
0.251712872670783 0.0761744728577422 -0.000472094055576757 -0.181215196342401
0.172221459638859 0.10991703952294 0.15574905942678 -0.324571991675492
0.285805119860823 0.235692270205857 0.558996347677523 0.142215238012032
0.260638407022083 0.667211351441826 -0.0323600641553799 0.283235799909575
0.0517756923113606 0.768611635998768 0.023021680491197 -0.541073078449273
0.380665729015451 0.38920229265731 -0.238559945274551 -0.396861109193521
0.23637352686301 -0.00103121162621746 -0.495766449559633 -0.0316288982867093
0.145130933986928 -0.0381980844586761 -0.0414852575530559 0.375049264996197
-0.0045614861286612 -0.0713738670730372 0.238771838712034 0.0363175553160789
0.0601504398491386 0.0391235363455884 0.120571309295888 -0.129137021898555
0.155101753843703 -0.0246509086813795 0.00839151895853082 -0.142453810514234
0.162342905133805 -0.102844759869761 -0.0587485896402667 -0.0947833451148475
0.1266902840366 -0.105105499452448 -0.110991131190075 -0.071473405088897
0.100542222489045 -0.0932568310874788 -0.137044709322259 -0.156387605394824
0.125564830244685 -0.0662830578087023 0.0120896939999108 -0.206904885797409
0.0864527998213895 -0.00444023062113093 0.00811263673074814 -0.0533819371962096
0.187924465180841 -0.0457821677832422 0.0336446801915673 -0.333395924680501
0.335430344909017 0.097481021323479 0.434002659552525 0.0673424461357896
0.36305211952992 0.612744806936904 -0.105972162362877 0.0285383268603257
0.0788570594039787 0.578657349841831 0.143878936422838 -0.712606118776637
0.291286812530326 0.157676400799024 -0.0437712474539428 -0.540031828530645
0.0800460661529457 -0.0343602661377783 -0.481985919134938 -0.27783616766308
0.0218119258070829 -0.0144764498349513 -0.21314720132595 0.296502688328826
-0.0490625044860059 0.0560546957891456 0.153584496712956 0.148503182143122
0.0904693403027207 0.102248182052686 0.175235477600407 -0.0390594210882536
0.174147854426634 0.0109959271457487 0.0959484606846005 -0.12690771932
0.171367552285555 -0.0652450859432089 0.00646789861700211 -0.124114575982212
0.132946336035206 -0.0459030430134327 -0.0849044611502791 -0.107246005230353
0.0946882739122724 0.00207514859829963 -0.117869045291526 -0.210960120259402
0.0137018116604463 0.0465407246556542 0.0786743774103991 -0.225806576610827
-0.078744062284795 -0.0642828345124177 0.013412059103388 0.0152209314376126
0.130723330295165 -0.148361266871231 -0.00703212898376646 -0.289279215020883
0.342263459959177 -0.0455269783714388 0.247134141431727 0.0396512910795628
0.353503447889341 0.50480187962378 -0.19955187113761 -0.201214899457534
-0.218208366722987 -0.391681963558575 0.238678436077205 0.374829335040936
-0.315072159082773 0.0857780937196241 -0.0894876605805246 -0.00982630577648184
-0.0396770073072062 0.208676058009819 0.00213563360467533 0.247330991661518
0.193199250297919 0.0718765160985732 0.0270676501807677 -0.0393662214049116
0.107785314634889 -0.167094119971442 -0.0823518471710959 0.189943530738656
-0.104435137593198 -0.12439750823065 0.0939865234392222 0.196185445754879
-0.146911442683284 -0.0351686870163978 0.0622456384314538 0.110448972900476
-0.149393051228084 0.00554314102447353 -0.078804088011617 0.140187301683754
-0.141073573256629 -0.03496322126406 -0.177929128835157 0.117721388532627
-0.0933951676203204 -0.114791756727195 -0.229461245384426 -0.0341226083894951
0.0610574667677242 -0.143234243424809 -0.106675927458119 -0.230217182438638
0.106129830965401 0.0465240098148342 0.291811873200668 -0.239536787340381
-0.0136436530823452 0.0667835288802658 0.512162146765881 0.362995857929356
-0.159785555788078 0.106005726409104 -0.0206168384596311 0.676434060130069
-0.175596923450016 -0.256531504285666 -0.217361466393149 0.816964395210361
-0.0372739040297005 -0.157869665630401 0.220403027078416 0.44640756201097
-0.200288682221112 0.0416023287386064 -0.0660404168644704 0.0708096457548009
0.0101508693298986 0.248558374757689 0.0290415543432769 0.280579646349468
0.302242348332835 0.0392675951292272 0.121184098395458 -0.0273067434735331
0.170569910294042 -0.277811237382182 -0.0388282890462647 0.113162623413238
-0.114038243129897 -0.226207275321302 0.0711182064097216 0.134507600974825
-0.150999192044995 -0.100547050694682 0.0152626846771545 0.0803962155232657
-0.109039097108808 -0.0431518217115576 -0.132526048778551 0.130134788223376
-0.0779500527421886 -0.0466461460690218 -0.235148837156259 0.105380392874185
-0.0592849594739457 -0.0941409539420787 -0.272586531711731 -0.0663253136689382
0.0809254607728311 -0.161241355303771 -0.120183759804842 -0.27410757657689
0.205630765668104 0.0877123864215431 0.306062201293394 -0.245938123768727
-0.0404452124057031 0.141641443429559 0.491670328607472 0.298513639128148
-0.0379329783834569 0.231663692502692 0.0745504024321168 0.714795079428745
-0.200720535886165 0.0678343546453261 -0.231066792661637 0.857145075247126
0.138295818843646 0.15164677517977 0.135494792213244 0.39767300591868
0.0613317598187069 0.0107134754813427 -0.163389540109914 0.0951218413118752
0.0430471878683825 0.171634696347527 -0.0138783223766076 0.384331501021772
0.352851338676709 0.000365292508251749 0.254585478181834 0.0483162282022121
0.187668646408196 -0.352904139814687 0.0539961847173053 -0.00526318092167151
-0.111277527096076 -0.279552006190962 0.0421018651586382 0.0262375041027704
-0.128808858361994 -0.140756408600705 -0.0400677892082506 0.0225684742736172
-0.0509444125413439 -0.086838765864048 -0.164569312579871 0.0994986545125082
-0.00399224410961464 -0.0667541911738647 -0.25239986918122 0.0936422130513702
-0.000754957258527225 -0.0776144072045518 -0.292096356792129 -0.057980187923161
0.117380874327799 -0.148291987851918 -0.173917331306212 -0.27390639391547
0.288120527953482 0.121844523209615 0.252198183716384 -0.308321643568636
-0.0429830398948751 0.254412205345126 0.479757061534927 0.150401073365199
0.0281033753511226 0.287813666581634 0.266705423772458 0.645962411126372
-0.159591358230468 0.341695990241006 -0.165197336470529 0.822922615251439
0.213436844006422 0.477967450506794 0.0252330079650922 0.229482594062446
0.327463643084916 0.120689994803401 -0.296093132931679 0.036505593346704
0.154616756759328 0.0585481571663191 -0.143020679657295 0.444623196146047
0.353391970262184 -0.0487709921667749 0.329537628228552 0.186359492094417
0.163523114805193 -0.372636682954851 0.176362358976979 -0.0982344452230847
-0.0855543611202442 -0.265083836393029 0.0263669202058907 -0.0938260841047032
-0.0720397515281202 -0.146219091798529 -0.0843398887250872 -0.0483563400383164
0.0155490400111888 -0.118016048046182 -0.174962724861373 0.0546252999639791
0.062492788547782 -0.0955452887158485 -0.230849022005934 0.0769173798589171
0.0615000066858052 -0.0882432005154584 -0.277081466222072 -0.0348742538868236
0.175872777760805 -0.141212152524609 -0.211400166909701 -0.237879196754632
0.342939627429192 0.143887642050597 0.140129187967008 -0.354155756359594
0.0156541409559899 0.313026564823779 0.440668624997933 -0.0502800191654354
0.0913974688104962 0.32094380245727 0.458054881715652 0.490866987258439
-0.0500966342023292 0.538749587088005 -0.0790611983472631 0.715220969082029
0.189366807399775 0.711649322713032 -0.0550826841657253 -0.0226180041733835
0.446158084211165 0.310352359918611 -0.389055504193937 -0.0837313529570101
0.28872311017631 0.0260035212667785 -0.311152548214909 0.402964554297042
0.33214116977603 -0.0926318481284455 0.297618543840483 0.324615059028848
0.114959557804126 -0.327427548510876 0.271903525362873 -0.121916409747337
-0.0414699093220762 -0.185095679343907 0.0362406356007844 -0.175451587400689
0.00872135167823431 -0.11974502348376 -0.0957579443269056 -0.107499963102709
0.0799572842799017 -0.131802611262631 -0.158525780625834 0.00172105683490124
0.105747838359157 -0.122679521285229 -0.188868227314805 0.0391172358125811
0.10370554376139 -0.119492533155208 -0.232139168770124 -0.0379459413231962
0.22063451962656 -0.144758422447118 -0.185645661904183 -0.196061689746355
0.342416706916509 0.132814949036249 0.0376481959293058 -0.30784499207078
0.102823196286326 0.26209167687085 0.322218060156927 -0.230040120620952
0.187777996517307 0.31407675479752 0.570462577904822 0.297800692161891
0.105804671000046 0.645309367235064 -0.0213084934650549 0.524544606583065
0.0998913175246643 0.817363385697599 -0.0575693407182219 -0.300839763287358
0.43425905890695 0.439391608617869 -0.379421975684578 -0.241273524349003
0.332126157359767 0.0305339391509173 -0.446730186367401 0.236860392149641
0.268879725482248 -0.0791642991409054 0.158257604522676 0.405339389552832
0.0551405424047827 -0.218024928029419 0.295480632154958 -0.0687990770428035
0.0120049710093054 -0.0686527659761259 0.0694898934427039 -0.186454992629357
0.0927964842392939 -0.0733269796092143 -0.0635687559051572 -0.138899830280234
0.129835290225916 -0.126423029731896 -0.118338998582095 -0.0494729213572427
0.124770424310097 -0.130179431732825 -0.145482232323868 -0.0152188305926563
0.112133338352064 -0.13156856133725 -0.177484977433337 -0.0866237041521371
0.20510428765179 -0.132766087567858 -0.0950417286542844 -0.185679462042766
0.252154225784826 0.0762948909744104 -0.00266849937394337 -0.180936115487922
0.17232302001946 0.113319392552333 0.151089546996483 -0.325104916274371
0.284599796024465 0.237598916972631 0.559304555194463 0.146362461250489
0.262551902148534 0.666981454861765 -0.0320035323641129 0.282559728883078
0.0462643637352538 0.774136149306199 0.0231580505049582 -0.541241153368596
0.38175927369252 0.388824125817334 -0.238569329425591 -0.397194596897587
0.236900916649061 -0.00157932001543202 -0.4965921985307 -0.0312573767274838
0.146852032370472 -0.0390234836537316 -0.0386167128135044 0.375477482364079
-0.00423058994241145 -0.0711991287649688 0.237950214785543 0.0355619717968383
0.0601702598986909 0.0393584894194832 0.120293663250569 -0.129909521950536
0.154512825346405 -0.0248881063497707 0.00796418919660615 -0.142771072570648
0.162887727461515 -0.10290701005901 -0.0589704817763663 -0.0943234446838038
0.127344287401064 -0.10625914061538 -0.110393840834318 -0.0703312273683451
0.100327917379735 -0.0926751770297754 -0.138115888310231 -0.155259079290685
0.125342672287574 -0.0672754489016504 0.0109562576971451 -0.207527144635575
0.0864181977030391 -0.0050428395439763 0.00786414846437771 -0.0542073002979909
0.188584070786698 -0.0462669198276612 0.033509803306904 -0.334301699414418
0.334575736975081 0.0974331378024613 0.434610882115202 0.0668524828023671
0.361289444495688 0.611291191020832 -0.10630473497435 0.0278800428343599
0.0789089237467196 0.578427775682403 0.142285053407047 -0.712885798574211
0.292118893367791 0.155819837036262 -0.0455628413440736 -0.538857321411126
0.0809201457482818 -0.0346023129539028 -0.48435994448358 -0.281209749717981
0.0221604507701231 -0.0148592369407919 -0.216973349271388 0.297872603616307
-0.0497642150504514 0.055875293953592 0.153703376803919 0.147341215949845
0.0915948453830347 0.102990054344924 0.175003083812301 -0.0402995463059116
0.175365618210354 0.0117281143018393 0.0934722024288542 -0.129704703249226
0.172400256118357 -0.0649524649306892 0.0067315970455493 -0.123853472388694
0.132303778427038 -0.0458698456997946 -0.0844932990649627 -0.107193992520553
0.093374597602129 0.00107716268211483 -0.118952979224061 -0.209943564942362
0.0136522943949036 0.0466317852804859 0.0774803035161304 -0.226601690230859
-0.0794843421983125 -0.0645534385402244 0.0131233662177344 0.0141655999823883
0.13413861638304 -0.148327979444176 -0.00335291958160509 -0.29165197184687
0.34084842755021 -0.0461252545089149 0.247556596490713 0.0409896809868417
0.355641726371413 0.502688544271686 -0.199768551280716 -0.200266764129715
-0.219803208792368 -0.391457026465775 0.240212095028002 0.376393427922093
-0.31634801345456 0.086193832254995 -0.0889731929659661 -0.0100657274300033
-0.0395953196269272 0.210184575199613 0.00226418626925701 0.247830027186809
0.193355555934008 0.071647461328892 0.0269796753889467 -0.0381923528038491
0.107506223096243 -0.168336798501193 -0.0797807842557931 0.19075981860092
-0.105097772850028 -0.124704196232046 0.094808427286638 0.19524398453488
-0.147836938850148 -0.034907934972333 0.0624730082286644 0.109958233134871
-0.149349230229581 0.00556500424139538 -0.0777015451160852 0.140164656856392
-0.141659618424129 -0.0349326633901962 -0.177726126499758 0.11860240695172
-0.0935102924413333 -0.114688506015897 -0.230449393244909 -0.0334691196644276
0.0613571269385439 -0.143882628856819 -0.107247964713816 -0.22972841399366
0.105254637571048 0.0464095964271392 0.291261373718744 -0.240533452326102
-0.0130706782905602 0.0660239775449993 0.511748477555119 0.360862946800061
-0.159275225997156 0.106745674137818 -0.0195941870393368 0.678653789692765
-0.176438209138727 -0.255682849419293 -0.217482195007182 0.818246153813852
-0.0370069713543767 -0.158980884526713 0.22294659275965 0.445787469422663
-0.199672652295933 0.0421300179859471 -0.0670577069765328 0.0713599707892199
0.0129211435434795 0.248709518903256 0.0290488663515804 0.281921326129215
0.302237098413832 0.0370177450058054 0.121832085745382 -0.0273021418963212
0.169206568095547 -0.280240385951224 -0.0388513894903058 0.112500843791813
-0.113883500947672 -0.226310977507348 0.0720557966652429 0.134622086960225
-0.15144824016891 -0.100015761951743 0.0158834177873875 0.0804082755588532
-0.109843218665737 -0.0425762060950132 -0.131952051826626 0.131160175029691
-0.078321409007778 -0.045959688407555 -0.234656345103261 0.10672568968791
-0.0589104300243367 -0.094190867273774 -0.274040247594851 -0.0665207168104621
0.0803596657380271 -0.161625606117661 -0.122376407054941 -0.273137298246483
0.206407496974007 0.0879612059306972 0.303675419863988 -0.246301494188769
-0.0402457102211085 0.142533550787773 0.493186141859107 0.297966489111737
-0.0381132687018074 0.23136769325809 0.0772049120277982 0.718851664210241
-0.201838017393532 0.0678550735864135 -0.225239207029506 0.855790263848638
0.139356987135619 0.150381373471967 0.138785615920068 0.398043344775173
0.0616799017782363 0.0106760748237818 -0.164321848827251 0.0948616560913824
0.0440160825874574 0.172039332592846 -0.0136456460553494 0.384859216001567
0.353852053232585 -0.000769456177849506 0.255471826302516 0.0480995995131204
0.185723279799621 -0.355431698629957 0.0546232705921752 -0.00517503720649016
-0.113373997023763 -0.280144877906861 0.0429725221268893 0.0259629870896351
-0.129230323777539 -0.140808819767131 -0.0399613050478646 0.0216873216934516
-0.0499618372634518 -0.0862564614963693 -0.165078101862273 0.101198124377467
-0.0041849809430778 -0.0664146226001747 -0.251733606254923 0.0963300702231641
-0.00101452153204793 -0.0774802599271811 -0.292717016053511 -0.0566655759040225
0.116726462843572 -0.148859287184177 -0.175657627516121 -0.272483418221458
0.289270363588752 0.121614668339065 0.25072209932651 -0.310617432608632
-0.042884504374614 0.255798798501668 0.480227850271875 0.147739157390226
0.0293202783395419 0.287576782963367 0.268396634923257 0.643167094549789
-0.160312829975041 0.342881107038815 -0.163884343910975 0.826107984268453
0.21977581770305 0.473457523988723 0.0252216682141914 0.230765984007581
0.32889107118975 0.119924014617157 -0.295505582565909 0.0389971020570559
0.15605293477958 0.059498917446747 -0.142811719316604 0.445950143798953
0.353000404629165 -0.0535024204747385 0.330749576846279 0.186667609034225
0.161634253430193 -0.374442652952873 0.177641349283957 -0.0990756290622512
-0.0878583322969325 -0.264736889183769 0.0264193518261795 -0.0942915129283731
-0.0744644033499915 -0.145796599348482 -0.085175757471515 -0.0481965222572095
0.0158673042688425 -0.117964714771904 -0.174752506841661 0.0554106934792984
0.0632131297277326 -0.0959088608935971 -0.230444858023764 0.0781457866819599
0.0625353439732684 -0.0881109379686089 -0.278631904464124 -0.036054916233186
0.174387413210384 -0.141862779753599 -0.213105848115678 -0.237635847839097
0.344237294984372 0.142575690383201 0.14165346598657 -0.354971380956992
0.0135905838982239 0.315513213956986 0.443534838212509 -0.0473285382580402
0.0924489093090782 0.321646680761487 0.459826932591728 0.487614900420105
-0.0475149769342349 0.539014141196442 -0.0747695630645546 0.714298980088993
0.179259916765088 0.722664522181205 -0.0554377649160375 -0.0233345184011219
0.449401328008439 0.312299984112016 -0.390509686905581 -0.0845546164004816
0.289473198119641 0.025604920808107 -0.31208316120839 0.404894579399888
0.332722485367979 -0.0939776566488283 0.299428342173208 0.326331564044779
0.112638770529726 -0.329887002040428 0.273566993797181 -0.123636228227426
-0.0424925586428431 -0.184423323053856 0.035511805852112 -0.176057647758549
0.00853893613927004 -0.119423518140608 -0.0960242152838724 -0.107623532530398
0.0800012423448315 -0.131990407906132 -0.159141250477018 0.00249201367045402
0.105932461516026 -0.123160455522345 -0.189300105493466 0.0393346853123046
0.102756444037567 -0.118771141967039 -0.23194981432789 -0.0380154275313869
0.220853728806481 -0.146908878394183 -0.187303577665111 -0.195068489947058
0.344823532299984 0.130654603216872 0.037429849871444 -0.309682530380944
0.103380407759105 0.262194148405137 0.32385285073467 -0.230961843030807
0.188616953053618 0.314175689553821 0.570183056526998 0.297671935831168
0.109143811098802 0.645089028497365 -0.0189607214713358 0.52469684235919
0.0849656512177608 0.831697372521933 -0.0571769403054982 -0.300881541144891
0.432721168527965 0.440177057955712 -0.380195866438632 -0.242230938746816
0.332844173391128 0.0308916769311751 -0.451112220659949 0.235816131227139
0.266406714867375 -0.0857882571322348 0.16053353375435 0.405181504625706
0.0538182379500326 -0.218292801022847 0.295540260476797 -0.0723712349510021
0.0106800802545926 -0.0687524533654835 0.0692543047055082 -0.187820189780474
0.094845402764494 -0.0733919319161398 -0.0631195480289763 -0.140073491175783
0.132136987357119 -0.127234084434651 -0.118272434176581 -0.0500138255694321
0.122854621932946 -0.131856987217473 -0.145387198555032 -0.0146156917700723
0.108429698706277 -0.133386857342169 -0.178427095518843 -0.0834040872071277
0.205480395572992 -0.133446302773436 -0.0962005491863375 -0.185426749089486
0.253759124256672 0.0750065507160784 -0.00285706755630224 -0.182818529252088
0.173107635960607 0.114825274295184 0.155332954760196 -0.327055998010163
0.286470629259202 0.238701750791024 0.559796447129555 0.142223209194716
0.266537890702367 0.664757870404195 -0.0300937226855731 0.281388777895192
0.0289546100477257 0.78655211495182 0.0235833724585591 -0.543215197607522
0.381622813786448 0.389224448555304 -0.23923819860601 -0.397413435521218
0.237551125846505 -0.00119941502059804 -0.497155425914277 -0.0316177545911147
0.147770479715974 -0.039843582965274 -0.0373878923429445 0.377837588696367
-0.00531109638831321 -0.0717188516480302 0.238875959962945 0.0348088408189098
0.0604574938660669 0.0390908950102502 0.120209635422032 -0.130456487556869
0.155027915072162 -0.0255386910468272 0.00774057558867126 -0.143382442242325
0.163452474794942 -0.104386730208525 -0.0591067892356165 -0.0942596539849174
0.126101950508767 -0.105751321612597 -0.111164854590131 -0.0698988715437495
0.0989827933577906 -0.0938143161584747 -0.139439552968931 -0.155758370431746
0.125243511049537 -0.0686517357961266 0.0105135453866191 -0.207409752285282
0.0875693592612817 -0.00577339933049357 0.00792367688546361 -0.0550605385840612
0.189541238664423 -0.0463286968737062 0.033103315493625 -0.334792625297143
0.336577628767601 0.0972866256309698 0.436413590330905 0.0651147251108695
0.363251410113674 0.61215783387819 -0.106833549126465 0.0270313074333047
0.0705533338869586 0.586342806906391 0.141358020705842 -0.714607985324954
0.291905482328751 0.156663614283094 -0.0456141574498829 -0.540656668195242
0.0805682490922512 -0.0354243182951926 -0.486059481502746 -0.286459249436729
0.0231794059065776 -0.0160322409008011 -0.214421197883064 0.299307260950683
-0.049295228659559 0.0568024622772308 0.154107919715915 0.14579715201967
0.091921701780021 0.101103147222279 0.175384704212581 -0.0413155027811922
0.176871073034742 0.0123880692211928 0.0960188210656679 -0.128936799241104
0.172507256359024 -0.0651826685122996 0.00704314279237443 -0.124524060337697
0.13190954606073 -0.0473430048120552 -0.0845859359597343 -0.10725644237972
0.0927402308409473 7.6407270510114E-05 -0.124608539450725 -0.206618403060469
0.0139212889599983 0.0466013965817368 0.0737595350609977 -0.227305025616221
-0.0789862796497578 -0.0643327480329972 0.013596135818909 0.0135708702334463
0.129831650633028 -0.149780674210294 -0.00193965296125698 -0.293932873591614
0.338706755923311 -0.0493869298322267 0.247476504058197 0.0379664640509412
0.357596112949071 0.497856935741826 -0.200499277010138 -0.200815738939845
-0.220939633433847 -0.392384156711977 0.241310451131765 0.377454954560598
-0.315991767383875 0.0871633590382712 -0.0896544432743456 -0.00954925882317515
-0.0379213400789205 0.210660847712937 0.00439784462116142 0.248343100911834
0.194287396509523 0.070435324200442 0.0266068400112762 -0.0380265443046529
0.107119637957387 -0.169678722137174 -0.0787737899498715 0.19143907841162
-0.10594752685939 -0.124081034600825 0.0976261223254296 0.195806301636404
-0.148020671549707 -0.0335963089665707 0.0634246889083747 0.109628455519547
-0.150035438752395 0.00592630909293905 -0.0781023472451202 0.141841960600911
-0.142360436990726 -0.0337773820368323 -0.177579535559701 0.119877460214896
-0.0939456847089145 -0.114373475736479 -0.231317014397817 -0.0325667271763488
0.0599455456752352 -0.144127658484558 -0.10843180925468 -0.228787187482295
0.105261169664945 0.0467123398713446 0.291196651354898 -0.240837140880307
-0.0134272544830881 0.0668575751145854 0.515468447412021 0.360422369539226
-0.160086188567111 0.10775534284727 -0.0179665752945454 0.681312114214053
-0.177186871058372 -0.254707624925318 -0.216378752222338 0.820643608664758
-0.0365792017245427 -0.158232378578103 0.225569762085438 0.448235296172695
-0.200829966456392 0.0432658409826502 -0.0669482681142086 0.0708968312550407
0.0137126976521496 0.249848434557098 0.0303143995033184 0.283404015190311
0.303989550870093 0.0327457462664835 0.12166798695517 -0.0266022417730444
0.167913616640086 -0.282948009759903 -0.0370133774588527 0.113034502452455
-0.116256540999552 -0.225010158594295 0.0733630112348507 0.134063719603485
-0.151224687124367 -0.100177919899203 0.0159729952849036 0.0798126114586919
-0.109867445867753 -0.0422381332616288 -0.131884730719096 0.131728545511448
-0.0785242197245504 -0.0468111291118407 -0.234803083430029 0.106981735177734
-0.0589738224913401 -0.0937910267516729 -0.275124813132732 -0.0660564732249394
0.0796910991183034 -0.162187787308305 -0.123266142328755 -0.272321589420828
0.207969587882615 0.0870530653627231 0.303880342801739 -0.248263279471691
-0.0410319687177361 0.143565976402102 0.496547714744748 0.299566901484634
-0.0371593836788022 0.231825811941171 0.0808278834899042 0.718560772920563
-0.20193637832979 0.0702520824790717 -0.2288040896487 0.86108594741464
0.140617896817764 0.151445315359791 0.140754354841384 0.400094683486141
0.0627881615122655 0.0112176546211025 -0.164598114017682 0.0953684615195509
0.0456842068587629 0.172450288363779 -0.0126617170341026 0.386792795493888
0.355574593072083 -0.00394710010407049 0.256601467085228 0.0485246229606232
0.184822514220074 -0.357945862437404 0.0552840211753946 -0.00605724540325663
-0.114571809295177 -0.279540615387191 0.0438185320089368 0.0248482888546743
-0.130254786940632 -0.14009222729112 -0.0405694417554314 0.0217511584342972
-0.051121443592674 -0.0867936887703615 -0.165494312343609 0.101864927587907
-0.0035847725479129 -0.0669658580675629 -0.251539247280294 0.0973360259713509
-0.000836730053782774 -0.077524030987658 -0.293604998931969 -0.0553514460180991
0.115688432703096 -0.150929913002213 -0.176805670584424 -0.272351656799628
0.29136757066364 0.120162191708064 0.250086035400104 -0.311493106574611
-0.0417160595939214 0.257573568358011 0.48217837778561 0.147669970177274
0.0294760993251215 0.288536352858595 0.271388645467716 0.645450171128966
-0.158967209976319 0.34481068660038 -0.165379952883372 0.829975255937324
0.223025611964324 0.470347637099023 0.0277929495463638 0.23041289984396
0.331367116479119 0.11872228854644 -0.296031585037511 0.0388366721661513
0.15700638953165 0.0593176831614305 -0.143728318791438 0.448839014438486
0.352169174549379 -0.0608175391859916 0.332464073428843 0.184589180713547
0.161638188099071 -0.375718786010954 0.177933729906268 -0.100717013995873
-0.0897006863348566 -0.265082696261391 0.0263867429232293 -0.094436554799268
-0.0738676014754792 -0.146463925289916 -0.0851569928563855 -0.048313389320535
0.0175649385213285 -0.118006101608018 -0.175176635388035 0.0562155532275799
0.0637459348072978 -0.0959084447773623 -0.230566131478076 0.078787809300126
0.0610149384788465 -0.0893697343098116 -0.279267770939848 -0.0348237942705461
0.174315033122027 -0.143547307017226 -0.213626213563585 -0.23714174167004
0.34779279376017 0.140595910570521 0.142539782564375 -0.357244533256862
0.0181994722664789 0.316926114742563 0.444664445145991 -0.0488119780905338
0.0939291598723569 0.322486146962063 0.460164188990416 0.486426805220282
-0.0452890320202906 0.540263671757703 -0.0729896729218498 0.715335865310574
0.175822407030235 0.732206378370515 -0.0544913981751732 -0.0230189753824724
0.45117848175899 0.31146544432102 -0.391864647268442 -0.0840253467928647
0.291517708357489 0.026033538116992 -0.31287024918714 0.40712351468677
0.334219823171729 -0.0955420867780144 0.302267276454216 0.326220908751115
0.111023734564957 -0.33099687288214 0.272591720349857 -0.126030600617525
-0.0446349908217301 -0.185425912509122 0.0354064799287986 -0.177155983956045
0.00795286549146002 -0.120133098508458 -0.0970566919951578 -0.108290745096746
0.0799590300431526 -0.132684192182152 -0.159848668838947 0.00313769301639762
0.105634882368107 -0.124209583481814 -0.189642006470948 0.0411795579914591
0.102797512403825 -0.11970609331655 -0.233368165809067 -0.0357995564058987
0.218947302575831 -0.148427661486105 -0.188545322796586 -0.193579265114343
0.347857781677106 0.129143355721882 0.0360778361716164 -0.3108444679069
0.105437869361267 0.264504074699239 0.324457170903403 -0.233462379324605
0.190157754247122 0.314968808182669 0.573737471944834 0.296625793736726
0.109801690906007 0.64740869953734 -0.0194432500443564 0.524832815780421
0.0869674023511945 0.833712342051766 -0.0576150158244752 -0.303117848954344
0.437607663679821 0.440328895911897 -0.3823494686641 -0.245861344732348
0.334104134926737 0.0313464347176994 -0.455469015723197 0.236287448712012
0.267997111437574 -0.0871364350283408 0.165652023882316 0.40181287559101
0.0527115511927341 -0.220504226914466 0.29543684200853 -0.0738034972872572
0.0100959286866063 -0.0689395325620186 0.0698201438246161 -0.188591631085735
0.0945304148206649 -0.0733501646862275 -0.0633417801997364 -0.141388530499363
0.130879621607731 -0.128871151893441 -0.118489852379739 -0.049689745655196
0.121568024421606 -0.133210911748379 -0.14588958582262 -0.0137260301486877
0.109074473252784 -0.132741676653606 -0.179152873552462 -0.0815881368026277
0.206072883293538 -0.134392308561284 -0.097876460849638 -0.184850212142309
0.255373228688185 0.0736859800284159 -0.00345331516798429 -0.184215971664966
0.175061465744942 0.112465282724912 0.159353851783762 -0.328466999893991
0.287994486076737 0.237280474840771 0.561144122122996 0.138531353570869
0.266407117394511 0.666281736079564 -0.0299451393775424 0.281918205841047
0.0356311805523474 0.783955597053152 0.0218666766994112 -0.543940412540806
0.384175652888851 0.389679970071673 -0.24110687758446 -0.398959583697421
0.238887979519657 -0.00165059821166325 -0.499292024295228 -0.0302972239617318
0.14876409769752 -0.0396872009576461 -0.0354956665645726 0.379073118552713
-0.0046064481552485 -0.0721141738277849 0.239582741759761 0.032904315170307
0.0594863978263095 0.0383807812564465 0.120112112766049 -0.130378617450115
0.1548084890608 -0.0254628277262805 0.00740800926801742 -0.143801222629778
0.163610860230948 -0.105523365964459 -0.0598987683174531 -0.0946326744662226
0.125562154594044 -0.10675211172056 -0.112528267553493 -0.0693896526973215
0.0988956952646219 -0.0938831803393689 -0.140628214193684 -0.153608437948518
0.12475709081165 -0.0689446821386408 0.00852891224777995 -0.208393185362757
0.0883770319610029 -0.00661539905266614 0.00673388896745517 -0.0564333658328823
0.190184616312129 -0.0471390030320227 0.0322047135283463 -0.336095679129093
0.336776707840911 0.0972557732265296 0.436622403506088 0.0645765128496265
0.366185009376848 0.615126120720254 -0.107329027222426 0.0268405912041972
0.0729095837416348 0.589166070445409 0.141974855737893 -0.716893820997216
0.293273287815382 0.157651239832032 -0.0434333440274975 -0.543142365915164
0.080925850871875 -0.0348194198063665 -0.486424318256119 -0.282284451999136
0.023628381942247 -0.0154579099229597 -0.210961169371687 0.301352779892992
-0.0495968129655075 0.0570140101923364 0.154952627307557 0.14558591906213
0.0923580231674663 0.100382566774659 0.175266836584341 -0.041645439481432
0.176244497361054 0.0100592790226589 0.09707914129975 -0.128696654516195
0.171341863207375 -0.0666246588129602 0.00624399547672124 -0.124754264498321
0.132026994740234 -0.0474604010713576 -0.08544336660426 -0.106404390617906
0.0936514040259854 0.000991232279955346 -0.125486634281231 -0.205543589497758
0.0141110552881023 0.0471933340427814 0.072264659849469 -0.228249532834327
-0.079184596401528 -0.0635723863440517 0.0135668786775005 0.0129566943983658
0.12743369466699 -0.150222067488216 -0.00609260748944507 -0.292898737460149
0.33976848275791 -0.050470806621813 0.247963951418327 0.0370678664084523
0.360633689353552 0.500565850732009 -0.203583594710064 -0.202560693105494
-0.223594960838011 -0.392457765638372 0.245132221104019 0.379322178977096
-0.316780762558516 0.0888395551397103 -0.0900484564143958 -0.00935156031364321
-0.0375461311032769 0.211955954857217 0.00473486156757095 0.24973632772471
0.195305751743906 0.0694629406909449 0.0266327763872342 -0.0370602706089002
0.106412492212903 -0.172049361623962 -0.0778679785124855 0.192090921713257
-0.106817119981808 -0.123996015384683 0.0983208942844148 0.194877058921801
-0.148550346758254 -0.0329616858092643 0.0635894155389962 0.108426594319937
-0.150620840293003 0.00665739203903227 -0.0772804874212141 0.142498817788765
-0.142471710505931 -0.0336856338038555 -0.177360162705803 0.121517425986641
-0.0948745048120816 -0.114150679946458 -0.231936813381091 -0.0311046161826967
0.0598035297610188 -0.144672228615795 -0.109470553374044 -0.22899053613305
0.10628384895062 0.0467101874549387 0.29187678792611 -0.2436650023655
-0.0130678593601334 0.0677805022605572 0.518599748576027 0.361060265351155
-0.160032672033069 0.107654517451358 -0.016055012369256 0.682360638453785
-0.177940702072262 -0.255981441148102 -0.213909036660493 0.82357079909518
-0.0385720823317054 -0.157485696746571 0.228170725551787 0.449678546038139
-0.199826721524281 0.044243109754323 -0.0669265853309085 0.0713834513690287
0.0153578016916741 0.25180584564266 0.0320336611309944 0.28464509870952
0.304601206175873 0.03487314152239 0.12226927231322 -0.0265835133158499
0.167002249696938 -0.284957636225898 -0.0365607949602525 0.113347896210465
-0.117614361003824 -0.225131323972697 0.0744547499976414 0.133842656037426
-0.152102912438547 -0.0991393964042868 0.0166728320436038 0.0788272875854291
-0.109778071070675 -0.0416231550589872 -0.131697540350488 0.133399637363723
-0.0791110203098243 -0.0465069191743355 -0.235500602501549 0.109415212729592
-0.0600377747214961 -0.093444135351235 -0.275729220629468 -0.0635610164491066
0.0791327350588645 -0.162920311671287 -0.12519886150198 -0.272727244942047
0.21026277868797 0.0860610797178234 0.304220281268517 -0.249913610643487
-0.0402043373899277 0.144218633668159 0.499700867269827 0.296970533255214
-0.0356343204663863 0.232497128862941 0.0823870540906517 0.721574426549737
-0.202156430720581 0.070593982375293 -0.227759434670024 0.863097667468905
0.14050452918712 0.154284256933628 0.140004777699839 0.403200795722904
0.0628146971576094 0.0120132359439372 -0.164930784772084 0.0962628416711055
0.0481499573959909 0.17386775975305 -0.0117128072271333 0.3881355878345
0.356500914328624 -0.00442647889216011 0.25787718470748 0.0486364865599954
0.18325572415687 -0.360863383105018 0.0562938706916973 -0.00635339986257682
-0.116687454184937 -0.278432342850263 0.0438686218430637 0.0252558546697123
-0.131729762391775 -0.139480429008263 -0.0408352490941614 0.0213643091834969
-0.0509917908977219 -0.0864987166447339 -0.165285572339211 0.102475545566122
-0.00360772916234859 -0.0670274718756998 -0.252166668397142 0.0989576323770455
-0.000911654264688589 -0.0775905061673925 -0.294130143731853 -0.0538482320740858
0.115960510879292 -0.151261449880606 -0.177886819785428 -0.271525605318348
0.293510525269207 0.118397279732362 0.249006376245897 -0.312916315428946
-0.0414408870589502 0.259578633705478 0.484792241806307 0.147857750115653
0.0310137344226069 0.28928532351326 0.273898912996723 0.648116516757208
-0.158092156064205 0.346192658616943 -0.163042146919816 0.833853943516321
0.222112788538287 0.47959419262017 0.0270415410812876 0.232152526828706
0.334003337561175 0.120484304837348 -0.299022715498675 0.0387193817842597
0.158266000089058 0.0594161303462662 -0.141596314520447 0.450724941150824
0.354487440918633 -0.0596067814286839 0.335626102230842 0.184608901227783
0.159730699172237 -0.378142844149753 0.178120710553108 -0.103120099535274
-0.0918691881476045 -0.26462425667876 0.0263592933448493 -0.0955354687158989
-0.0726437971981797 -0.147291934887046 -0.0860186546787809 -0.0487072224440478
0.017001447644905 -0.119163130622422 -0.17598198955267 0.0570258900376498
0.0623882913320196 -0.0972996734393466 -0.231210614331407 0.0808639152416405
0.0605211084924392 -0.0897006157421849 -0.279426807587342 -0.030829972795881
0.174857817358775 -0.144996553380224 -0.217063474760929 -0.235137328705902
0.349805578470245 0.139871058722599 0.138257720313975 -0.357883598762467
0.0221878839821142 0.317734423142061 0.44405030371806 -0.0546981597991635
0.0943322418533209 0.323298812668631 0.466451520204149 0.486212937505759
-0.0457913385876664 0.543655232266055 -0.0745347716925051 0.717891295658268
0.188935223426069 0.724390808007622 -0.0552627399833373 -0.0225207470911441
0.453932955756187 0.310428746326041 -0.393475927948177 -0.0841953423885296
0.292191485273262 0.0255329006801311 -0.312183327725652 0.40833415884239
0.3362320737874 -0.0972372286022518 0.305015799865103 0.327328297663261
0.109496943842253 -0.333672374468888 0.274135580455385 -0.127886544697307
-0.0456526515749247 -0.186039352106923 0.0357765518350247 -0.178043142169156
0.00716834300859339 -0.120398555653611 -0.098281490232709 -0.10855999600079
0.0801113135556958 -0.133588877618031 -0.159890858489424 0.00313344687958312
0.105401799647689 -0.12491385463336 -0.189128954538174 0.0428842874495809
0.101995013947557 -0.120753487194726 -0.233115011944013 -0.0352791503873344
0.219535348382099 -0.150409233254066 -0.190856372663081 -0.193049645613893
0.350073521067613 0.128242663401206 0.0335456091983323 -0.312104481353874
0.10770732831658 0.265066853628651 0.324692283661822 -0.235504076273225
0.191920738851502 0.315560211849251 0.576867033172223 0.295902258279211
0.113741594618953 0.649322199509046 -0.0168906045862989 0.52747594461075
0.107263480857494 0.825854643159617 -0.0585444378219631 -0.303408662833481
0.440411319162192 0.442223310373074 -0.38417440278361 -0.244894531153411
0.334804449279116 0.0302558600700535 -0.452789848069385 0.239270953172364
0.273496761306708 -0.0818169597380807 0.167461459562947 0.405803703683279
0.0521128823001506 -0.220659089555326 0.297219689529936 -0.074430585393923
0.00977302106415084 -0.0694519376603943 0.0692223074109939 -0.189625731529426
0.0919989839147737 -0.0751907921319512 -0.0654868281530784 -0.141089417688885
0.129742917536517 -0.130547774072665 -0.120106919660377 -0.0490928257553087
0.122298845881527 -0.13371183367745 -0.146068021129068 -0.0125807636198474
0.111572469430446 -0.132272825330316 -0.180994390203428 -0.0825978382047277
0.205586354978665 -0.13631398145991 -0.0993137178199925 -0.186107346639374
0.257105884787412 0.0710977425501777 -0.00456978377886957 -0.185355077816047
0.177459411034188 0.112756197030768 0.154774176490807 -0.33007533306839
0.289955875589942 0.235848102162976 0.564835781928174 0.138300092810868
0.270608910278763 0.669443896848087 -0.030593982572828 0.28402681268508
0.0600292866502044 0.775684174101113 0.0200738413247003 -0.54660006577005
0.387062338049579 0.389392425413528 -0.240407216311107 -0.398700178512059
0.239808789309544 -0.00203196020292335 -0.502618152295639 -0.0297063365615252
0.151029517148411 -0.0400679057977152 -0.0344618837351623 0.380862125500034
-0.00575063702911577 -0.0728928077610169 0.240429348092661 0.0315602042106869
0.0602750032933081 0.0387854324255392 0.119915393927936 -0.132284700276766
0.155210587110404 -0.0266354958161382 0.00582416015626546 -0.145032041928648
0.163327722169927 -0.106834016761428 -0.0604218248073809 -0.095074056129908
0.12536822433619 -0.107187464497399 -0.111817964092525 -0.0680169081211477
0.097698578417015 -0.0939392331826091 -0.143079448364098 -0.153400829705969
0.124662466724229 -0.0708205185409154 0.00607790271294605 -0.209250567404374
0.0891122454140299 -0.00698426195211542 0.00578401967479747 -0.0566899274968518
0.191185858813982 -0.0474740014672312 0.0320994753182084 -0.337798217294528
0.338574035892311 0.0968872868265363 0.438423896811497 0.063330644613264
0.370326052157013 0.612604942965926 -0.10872223308992 0.026916850660665
0.0834565277002188 0.58151616124983 0.137604802241768 -0.719220481881296
0.293578302667645 0.156761460245517 -0.0446445707273291 -0.545788731730132
0.080609893322215 -0.0350595672712618 -0.491343280165097 -0.278840219027525
0.0243022748034706 -0.0155502319666193 -0.212173238224211 0.302727733384939
-0.0492233439133154 0.0572482080943431 0.155955935925285 0.145781536530223
0.0927000470781812 0.10161538891314 0.176113445329398 -0.0432286695238579
0.175341603307132 0.00791081329247019 0.0943670605698259 -0.131377964054789
0.171700833078665 -0.0682588063705484 0.00507319842709325 -0.125097392874853
0.132131502313912 -0.0473052817979101 -0.0866269347565188 -0.105220905298529
0.09436978448708 0.000363106903749281 -0.124294768116665 -0.208265461424205
0.0146223486849478 0.0462349287970993 0.0723561775695162 -0.231344745865933
-0.0801139791435157 -0.062964056716624 0.0127514734877918 0.0122155759369519
0.131075276707764 -0.150038925439248 -0.00820740326545586 -0.293331257068925
0.341335004792462 -0.0488993709006762 0.248901451834217 0.0376205714907717
0.362108216698641 0.503983532757946 -0.203606303192376 -0.203808096334739
-0.226194142699741 -0.394082026000542 0.248205970944334 0.38171342030469
-0.318266142257508 0.0909906112828156 -0.0899182242790995 -0.00880121463448292
-0.0360250437893198 0.212364121341174 0.00543685525177547 0.251381758371568
0.19733566370072 0.0676106928052039 0.0262403962420739 -0.0368520468944998
0.104907306830238 -0.173437441327481 -0.0761536100974197 0.194088215261763
-0.108384876246309 -0.123333832083605 0.101017343988317 0.195568042423029
-0.149622559865809 -0.0319030296894333 0.0644303125515804 0.107548429077464
-0.151053499760336 0.00691507632012292 -0.0768840197710061 0.144235136616877
-0.14296967231514 -0.0324629040054904 -0.177069402665787 0.122754470750241
-0.0955875538254887 -0.114494588568391 -0.233768138657326 -0.0296310115023816
0.0588846876508533 -0.145641521026258 -0.111012789202591 -0.228517899314935
0.106895673508927 0.0462971543984124 0.289836795159539 -0.245291617441123
-0.0132738832053677 0.0678541499183152 0.522861614190828 0.360975338346138
-0.158950272213618 0.107805721477036 -0.0144757468526385 0.687870003671957
-0.180455192815396 -0.25549718671699 -0.211476991573265 0.826997096568357
-0.0394708026646266 -0.157330398532098 0.232034881907076 0.452323899817731
-0.200239762719126 0.0457281575415083 -0.0663596841287358 0.0730782638531559
0.0177773098569594 0.252548949374631 0.0337183491473427 0.284860639487134
0.307390884831568 0.032438855131018 0.1230521516716 -0.0269626875364511
0.165714701917791 -0.288521243577445 -0.0357876619760759 0.114276598411438
-0.12064349714737 -0.225557020979771 0.0759986501076064 0.134462674956128
-0.154910959656689 -0.0980538939593526 0.0168814357170542 0.0789016822475325
-0.110350670698994 -0.0422923749222728 -0.132160496927721 0.135006350676027
-0.07934976226059 -0.0464930744148565 -0.235257548963337 0.111295939365638
-0.0599717674166659 -0.0939070307627059 -0.277990799111923 -0.0605440961879275
0.0786000693965652 -0.163790424401482 -0.126928371451064 -0.272649224948219
0.211152885700399 0.0847896279781502 0.304537847618856 -0.252626946126347
-0.0399930835093116 0.146111514857025 0.50361911907116 0.295503419047506
-0.0346923217905819 0.233702817741295 0.0829711946038498 0.724294219406962
-0.202088318641343 0.0727204547512088 -0.22191618090363 0.868369760578852
0.142766994386946 0.153797933080224 0.144570856011206 0.40349264102011
0.0636491040669074 0.0115136068617321 -0.16518317131066 0.0974073514988413
0.049661303451007 0.174163499823188 -0.0101141200234035 0.390714825083652
0.359971130970093 -0.00810977416314355 0.259588498856114 0.0473423521818226
0.182122235854632 -0.363344256011616 0.0571573301761698 -0.00703766291691506
-0.118915964925252 -0.279876771800488 0.0449745388389025 0.024723494731996
-0.133170800653874 -0.138443214727696 -0.0407240411111414 0.0217996785853414
-0.0514560965948206 -0.0867821958245707 -0.165465135826385 0.104683340884561
-0.00458744638130741 -0.0675752676385471 -0.251938923772993 0.100747703168789
-0.000837696736329751 -0.0775801148438961 -0.296033093675251 -0.0526796260512658
0.115185864447518 -0.153050038992381 -0.179486882667467 -0.271451432098962
0.29665299540431 0.117045886783581 0.24802651582279 -0.316211074816769
-0.0397941758294154 0.261530873089573 0.487729126105272 0.144387079871829
0.0319840988631694 0.289662179660857 0.276154875529804 0.648321572385219
-0.15680281259777 0.349407935772542 -0.16135311206916 0.835956174738388
0.223082028163011 0.483044012245803 0.0288917876003785 0.233480916548094
0.335752942676107 0.119042512766437 -0.299470918240894 0.0402012298939467
0.159663259010228 0.0588942699600773 -0.140311140899801 0.452701745277639
0.358639348504053 -0.0582326972464446 0.338401863224971 0.186229261462656
0.15793188966688 -0.381987949109614 0.177996049094745 -0.105097203910829
-0.0935359882155497 -0.266065318778676 0.0266439169170254 -0.0956833910271605
-0.0755665119623655 -0.145691875539592 -0.0862237075274204 -0.0494098164470334
0.015302115476609 -0.119189324644956 -0.176507963016088 0.0590267217446086
0.0626406666749741 -0.0982780474816291 -0.230449098635685 0.082634948227814
0.0612187422448836 -0.0899174453685397 -0.279704160740429 -0.0289443757855454
0.174717803308286 -0.147130947884517 -0.218637412579096 -0.234176261916175
0.353315067921694 0.138842987810112 0.135015573835538 -0.362161053808763
0.0213132831849985 0.320650796345254 0.445766416631853 -0.055962264079028
0.0954860778096931 0.324694064229484 0.46804530086409 0.489985391638604
-0.0424675726040211 0.5471070268266 -0.0730865916017307 0.722999135708624
0.197717441092763 0.721952684842385 -0.0553346936165075 -0.0224388451197379
0.457511294893541 0.30960401662204 -0.396006774403014 -0.0837911426659699
0.294558882401589 0.0245253163086293 -0.312302677303879 0.413158700994083
0.337101608105204 -0.0998969784839726 0.307175767871029 0.32771754749613
0.108291800886118 -0.335719609111756 0.274219226677869 -0.130893929352118
-0.0480898489937422 -0.185164030234927 0.0347920812172527 -0.178847429961142
0.00713153330447767 -0.121209393554962 -0.0996796092862558 -0.109021739694977
0.08049725057606 -0.135076316227689 -0.160532814123344 0.0047630199852272
0.105068144302928 -0.126504568506633 -0.1891876700389 0.0431210709752601
0.101182332958134 -0.121018244212571 -0.234357029393062 -0.0337975445527666
0.218722006437555 -0.152382261250502 -0.192747835225722 -0.192317284680082
0.352615705365877 0.126271836983902 0.0322774183219214 -0.314513541422259
0.110728653636896 0.267135662505033 0.326185577685931 -0.237894171567082
0.193338019787946 0.317460391483573 0.581156343939699 0.294150347837015
0.117122614704677 0.651430000529288 -0.0153131105489836 0.528888491685229
0.105933569729489 0.829428230501595 -0.0610582445454979 -0.302149160361667
0.44494611123571 0.439901498134813 -0.386888264553469 -0.241718826118505
0.337117756525413 0.0278242125508756 -0.450290648679181 0.244539702999287
0.276234089002257 -0.0848021044008907 0.168783590268852 0.409802079507276
0.0516210717414675 -0.222578402217927 0.297793069796001 -0.0778910091051044
0.00907048910537922 -0.0696687692198013 0.0681875100280341 -0.19141490362424
0.0915243993345526 -0.0764424616963381 -0.0677629699788578 -0.14195550797874
0.130446045043555 -0.130654458674569 -0.120056973755995 -0.0480398947225374
0.123314212403151 -0.134078527528211 -0.146051452298285 -0.0116856039131791
0.109055162833723 -0.135050121185328 -0.181618207759975 -0.0828620804360194
0.204268673994872 -0.141035044650862 -0.101098437953792 -0.185084523518821
0.259516114750222 0.0712383605537651 -0.00758503147077547 -0.186335682023661
0.17859259724052 0.116026087041575 0.149261881999175 -0.332527997008308
0.291813030321573 0.238080067117888 0.567577237707949 0.139012856135474
0.27460504363953 0.670383341408102 -0.0301514312060032 0.28401952902862
0.0530703375701695 0.785909015417297 0.0179270858770997 -0.547707701116467
0.390720299862306 0.38961051322891 -0.243825727137012 -0.400110414083671
0.240787304944127 -0.00310139953659622 -0.503695426947162 -0.0278297018717119
0.15185299236427 -0.041371515037449 -0.0326490601352914 0.382125661398705
-0.00604884528408889 -0.0726268729555077 0.24216791863695 0.0297932695369661
0.0605409549726244 0.0394884712118133 0.11999066099423 -0.133960812227407
0.156331043387025 -0.028321799227592 0.00450657697199736 -0.146942073171321
0.163410572769538 -0.108627909011194 -0.0606706480735017 -0.0941973605958618
0.126199634801337 -0.1084431936295 -0.113349280573955 -0.0673996736493665
0.0978186871790995 -0.0957808344592677 -0.144605182196356 -0.151930502995602
0.124785723963695 -0.0719837965836345 0.00442746873901874 -0.21008751341115
0.0896722060245375 -0.0076895947705078 0.00649405236943141 -0.0578831246823604
0.192358297786559 -0.0474946470020203 0.0298319643514806 -0.339487560781311
0.339657459750948 0.0951060439702584 0.439475491793233 0.0606626274820829
0.374789172004567 0.61350540102022 -0.109341173180206 0.0257391284241471
0.0853620490555835 0.585674958148604 0.136342755823145 -0.724197904476683
0.295058138660688 0.154660661048927 -0.0482433332495441 -0.54755585481955
0.0809460376994458 -0.0360645540160763 -0.495545119287399 -0.282173984242619
0.0256980117996038 -0.0163188978161144 -0.213308408053988 0.304160403114186
-0.0506038167115727 0.0582158448120671 0.157059123890321 0.145503705335842
0.092479548271212 0.101779549363481 0.17641710038778 -0.0453737962304848
0.177025885371263 0.0082304703453617 0.0922699938861112 -0.132939380181136
0.172844240736904 -0.0694040184891492 0.00561528780061881 -0.126015012104304
0.132856332405589 -0.0491206179755369 -0.0875668879139734 -0.105489832026014
0.0924703872327709 -0.000949690470704098 -0.127313492903773 -0.20758603315463
0.0144908664067474 0.0458310249115423 0.0699400378561857 -0.231676196659827
-0.080224286538199 -0.0634907497341724 0.0132368543614321 0.0117998860257257
0.132516810388572 -0.1509666089902 -0.00745660986488706 -0.29574057823346
0.342868421233709 -0.0518787897953581 0.250358575475618 0.0376774448005311
0.366799126298496 0.502863035379899 -0.206478480756688 -0.20289343056198
-0.229670325820113 -0.392907701273654 0.250943629909848 0.381086695432139
-0.317465232094073 0.0927861593873194 -0.0904530150501674 -0.00739092277661902
-0.033806970157993 0.213963398270829 0.00705917068195194 0.25328667366963
0.199377106977251 0.0670524242139206 0.0266023117198287 -0.0368459526625091
0.104985956683709 -0.175367809126464 -0.0735888043597404 0.195430511007728
-0.109114240894416 -0.123247961739752 0.104206813815388 0.195218167401014
-0.150337842098346 -0.0317365246106188 0.0660259608722628 0.107759508855467
-0.151693151976587 0.00849336039988277 -0.0761986439696448 0.14490812353815
-0.143888025883555 -0.0317698768178876 -0.176283032636874 0.125358909670646
-0.096892860482149 -0.114134319674548 -0.234640598406276 -0.0274904452096009
0.0584677334197513 -0.146796361187405 -0.113321406567675 -0.227968572497741
0.107429016464568 0.0460211846459626 0.290086658814857 -0.24826857906794
-0.0131826848778078 0.068080764865432 0.528526043832153 0.359713341469056
-0.158802414661511 0.10942322554342 -0.0117441590434037 0.690546479057513
-0.181981894391856 -0.256067257326436 -0.210677317847489 0.832988772547195
-0.040042482794916 -0.158336859082518 0.235897777725933 0.453226555853502
-0.200890174381159 0.0469222429616807 -0.0665420917821401 0.0731838120852454
0.0207731282152504 0.253652683409916 0.0343074227555954 0.28729167532947
0.308068096696216 0.0284500666428266 0.123964715328626 -0.02738782045158
0.163789991862865 -0.291557339264613 -0.0333466275956216 0.114789358632609
-0.121800762398324 -0.22487118586324 0.078066772201784 0.133759216547217
-0.155421016731549 -0.0967025433247731 0.0174800375093771 0.0786994681475652
-0.111260088372461 -0.0410444105274553 -0.130609710899306 0.137095952143886
-0.0800316897910515 -0.0462978040433417 -0.235024129466228 0.114537632123344
-0.0607953654045607 -0.0936652275098486 -0.278495996621383 -0.06021904806655
0.0773973390928432 -0.165799563732757 -0.129402368931105 -0.27228453892788
0.212469139559992 0.0839652156043198 0.302683113559499 -0.256596806222064
-0.0402386821754666 0.14746778795878 0.506858834340234 0.295921163829576
-0.0337132623493351 0.234266342277456 0.0870551718752254 0.729669885344818
-0.20292809944541 0.0731380164825436 -0.216848565509098 0.872600706634521
0.14480942943908 0.152365695922339 0.150545371699899 0.403577269147941
0.0649819461944836 0.0120155539954939 -0.166030194712657 0.0989938170511307
0.0515196069702136 0.17468727190201 -0.00741958840074177 0.392559960150324
0.36061194928652 -0.0118700034946567 0.260825682748456 0.0476537715766045
0.179186873018222 -0.367338238320931 0.0576800088637155 -0.00742739696021931
-0.122868182100199 -0.279509146797497 0.0461998411967294 0.0241386134234591
-0.134710007812768 -0.138740648499484 -0.0409616681692871 0.0214921839978989
-0.0522257871107936 -0.0868016533143702 -0.165420083842631 0.106340247252491
-0.00483633602130149 -0.0675569498460836 -0.25197577894982 0.102972726529858
-0.00098795449451398 -0.0783826198956847 -0.296999256970477 -0.0498965858033943
0.114194426310001 -0.154315430010839 -0.182660196950497 -0.269997251179133
0.298301519943762 0.116244286522791 0.246345469069637 -0.319109662157659
-0.0384004607928154 0.26372135321351 0.49215847266848 0.144032700596968
0.0339168627106561 0.289958061442332 0.281147481560787 0.650386829789492
-0.155113900930425 0.351626236744216 -0.155589528174915 0.842889380540953
0.231601336253076 0.477816845100543 0.0309894022292213 0.234502738400535
0.338695368731928 0.116277170658742 -0.300369438437672 0.0434076185612485
0.161986520547042 0.0581722976276678 -0.138642288552593 0.45627693379401
0.358782541823349 -0.065414032443747 0.341338875935832 0.185097980160927
0.15499245811747 -0.38605705384351 0.178124928078897 -0.107287758684466
-0.0961754549003733 -0.266458878059658 0.025769829522414 -0.0964989984345637
-0.0792191030569196 -0.145511582193215 -0.0873676806869525 -0.0484074606152462
0.0161871936245732 -0.120507678148407 -0.176153885846872 0.0608453533017275
0.0624598064300838 -0.0985149414986506 -0.23104282741029 0.0846264543022787
0.0612868698748409 -0.089644437215503 -0.283395847560625 -0.0288951942886933
0.173933175518155 -0.148520433320543 -0.220846788386153 -0.234221392128972
0.355529165251068 0.136822402538618 0.135377300544171 -0.363974857932793
0.0209423527207584 0.324888125762738 0.451899492346324 -0.0565371386727748
0.0987812529329069 0.324637536263397 0.472532350126702 0.489554952170686
-0.0395448005055571 0.549636626876804 -0.0674077532441401 0.725944796884484
0.19453719366782 0.734127851626682 -0.0557522494872137 -0.0227343187558591
0.462195007713655 0.309343444296459 -0.399000473937204 -0.0821060464784354
0.296470219751398 0.0226161866233513 -0.310924287052648 0.417862751821212
0.339457995364455 -0.10229508962273 0.3120200868951 0.327532714512045
0.105764315239842 -0.339304171879142 0.275027079332425 -0.13358587626653
-0.0494718443915492 -0.185743831769432 0.0335552893354527 -0.180556484490864
0.00605141027874716 -0.121739619161129 -0.101351538343913 -0.109018345820787
0.0797957451342619 -0.135956378473438 -0.161916910871973 0.00627105194650246
0.105102564450919 -0.127043515006892 -0.190179705757137 0.0458517542351164
0.0995205136185638 -0.122718262473042 -0.236029259394492 -0.0316211853480651
0.218163699218689 -0.155333988880539 -0.195362621741413 -0.191278083154317
0.356132242437729 0.12429132594083 0.0293855559011608 -0.316257247597519
0.113370427944319 0.268757146917186 0.326868508896668 -0.242078193335735
0.195884843788083 0.317770958234296 0.584640842751223 0.2915339571241
0.119637899345796 0.65561912212119 -0.0119452087432774 0.531876794211902
0.0962699225060955 0.845846729873229 -0.0624256593763501 -0.306634973172499
0.449788315572605 0.441462377993713 -0.390450545324292 -0.242022461434324
0.339376779977626 0.027982305056107 -0.456305491990043 0.246433070927588
0.272316709161758 -0.0932604252677011 0.173274246886227 0.410694572458319
0.0501226061388623 -0.223488778657263 0.297960863241404 -0.0813625726204438
0.0072852427853732 -0.0697887996885383 0.0676324366808055 -0.193246035919006
0.0944134882205327 -0.0761386708380785 -0.068596310091883 -0.142954355431904
0.132584067113869 -0.132753968860805 -0.121653942059695 -0.0474733355803269
0.121399457147779 -0.135164568707537 -0.147007424448549 -0.0106626607356331
0.105162781082643 -0.136299590525959 -0.183383411740695 -0.0787509621252678
0.204265305992434 -0.142790167358902 -0.103785997962133 -0.184669466797528
0.262613488887577 0.0688374275272279 -0.0088010262147495 -0.188369230647329
0.180089139534106 0.116647868702489 0.153522246979256 -0.335761594423041
0.293725468093636 0.238119720421318 0.570698019232816 0.13381221986276
0.282429615800735 0.668722678046931 -0.0271233488794954 0.284389369990349
0.0433851396856163 0.80046111346826 0.016351633655052 -0.552991660837598
0.39428742611664 0.389993020360136 -0.246970720182975 -0.401492290206404
0.241963025634669 -0.00361378253439896 -0.506142084655893 -0.0256596879418969
0.153023691540351 -0.0431522251277246 -0.0298779132673423 0.385406002565396
-0.00700533111644528 -0.07356428454497 0.242544428718603 0.0275330756055785
0.0595178355144292 0.0384335235487547 0.119295729465942 -0.136233003570574
0.15673461969253 -0.0292585277859574 0.00380703892409412 -0.147034842487405
0.162925804253916 -0.109057712077791 -0.0610505345327639 -0.0932452615750455
0.124782183567639 -0.110145834216947 -0.114017813820043 -0.0670679918669463
0.0971610248310241 -0.0965214817020379 -0.145771983997236 -0.151632563211309
0.125043073542774 -0.0741750175469749 0.00224692099676102 -0.212171009798501
0.0916625901252203 -0.00873024018068344 0.0059167361287439 -0.0593074315412198
0.192947934809418 -0.049150144111317 0.0273865567639071 -0.34143066844228
0.341933116182044 0.0943846924201276 0.443085806384551 0.0579610443303952
0.380638638497043 0.614828790576355 -0.109964342914754 0.0266936625564111
0.0797556400208118 0.595808971754643 0.134572557771235 -0.728529500828772
0.296974800516259 0.155158008119186 -0.0514216453014123 -0.549769195651191
0.0813479475759005 -0.036249736661672 -0.497690709798232 -0.283322569593254
0.0258218362422594 -0.0174446298853624 -0.209139121575861 0.308154154251793
-0.0495885541680639 0.0592204450790317 0.158765675335091 0.143564721553124
0.093370875421459 0.100591395864768 0.176653920613161 -0.0464955693549562
0.1802120820997 0.00885534847914418 0.0948693490261779 -0.133576898082076
0.173236171498406 -0.0713023603449988 0.00549392460740799 -0.126126682965034
0.132728332409912 -0.0504164914623968 -0.0880134761757414 -0.105222584641346
0.0924602937020745 -0.00138148143501912 -0.132804709001561 -0.203655161685774
0.0152980435621702 0.0461795961561242 0.0656733079687223 -0.232835017219913
-0.0807428146858696 -0.0630018569049806 0.0136769495180535 0.0111146517247724
0.128409337466347 -0.153526679204739 -0.00798358146295555 -0.298601097349379
0.34148322036127 -0.0552260014920998 0.251146724064764 0.0347699328802643
0.372449201243424 0.499670679471219 -0.209832350687215 -0.202511801793094
-0.33308722007838 -0.310855224611469 0.341659369217054 0.298564188058392
-0.282319287631742 0.175414473062502 -0.0885996729704273 0.0195662568358631
0.0218032233526696 0.217375271802695 0.0760498534725749 0.241190619238573
0.210290505446628 0.0106534670729609 0.0167603630158068 -0.0426278861985773
0.0528180649780291 -0.19882416430049 -0.0188253664392323 0.208098359938879
-0.139242959641381 -0.0887216782663484 0.152093276666265 0.160894390814344
-0.15480571199122 0.0108611082531694 0.0909971213044258 0.0857941126370518
-0.144896923330837 0.048772185210001 -0.035701902897838 0.161250595923838
-0.148913140498027 0.00782797764867294 -0.14085575272653 0.168883385098465
-0.123643103164484 -0.0859849092927736 -0.23824685747445 0.0334275415801676
0.0170568054639027 -0.156510828426287 -0.170565835114385 -0.193928123868075
0.117170050852104 0.0151539984875255 0.220578306528144 -0.319064753276357
0.00805304859331408 0.0699426562744992 0.604676370407788 0.211866744585717
-0.124748034664096 0.151206521000366 0.166711443962432 0.672212273991652
-0.242721881165656 -0.199085405286633 0.0126363927444795 0.867527947101869
-0.0877136329647474 -0.134414290492049 0.347955310874335 0.369078887833555
-0.18225143022852 0.100089877799722 -0.0436853010210024 0.0900706560066338
0.0849350934517538 0.241669244064531 0.111154479419819 0.26699186582588
0.306687809641433 -0.0554812141703699 0.111640888691611 -0.0599487654691528
0.0796800936449866 -0.328357524060184 -0.0020302485578563 0.119500778214803
-0.1799417794058 -0.185789484493569 0.111120611069185 0.108646945176125
-0.177029405901545 -0.0524371994889082 0.0376573785234617 0.0702833690469967
-0.118680424587601 -0.00999496832087008 -0.0907554805466226 0.166587654650669
-0.0910446085661351 -0.0229235193193316 -0.200447686895527 0.172595180872045
-0.0834661657657787 -0.0745845408697392 -0.290425845788091 0.0128916091056229
0.0307983525569523 -0.180034598561813 -0.197190310398061 -0.23353824902662
0.229960157623217 0.0256613445363095 0.23223953479251 -0.331222802994507
0.00245192066561513 0.153380934818101 0.568741485707017 0.155287522613984
0.0296279726097532 0.239123239660609 0.274730657125407 0.682753392387196
-0.178488310692619 0.126925589386392 0.0144448821632221 0.911500350297939
0.174531300974734 0.114378013211284 0.253625819969687 0.343187708405282
0.0641128976642441 -0.00685195471906288 -0.132014224463805 0.139585253375749
0.0935912954783139 0.15770699484741 0.0979197078276266 0.379282091830447
0.346484588146535 -0.106419500299525 0.264138175684447 -0.0263694313073696
0.0755279947976266 -0.407025105459411 0.0530326416363581 -0.023554719012727
-0.193992372990993 -0.240478929536151 0.0509191599859455 0.0103427814370975
-0.168312929314182 -0.0987309379331552 -0.0342160035468983 0.0300993221760319
-0.0741577638146048 -0.0693874152191236 -0.131778760094446 0.145973197882215
-0.0231607622060135 -0.0639576887664705 -0.219449974112391 0.16696003342808
-0.021868047324907 -0.0750824302271399 -0.306123050803157 0.0280366325536947
0.0695019260392485 -0.178915192769502 -0.249240891224271 -0.218403490634523
0.322310615341046 0.0333582316204696 0.160077152888115 -0.378749984698462
0.0344291137661236 0.265614408586728 0.51536623162327 0.0140142413410513
0.108913286972345 0.27694900473612 0.442065571341306 0.558488313967565
-0.0617788032868553 0.384465362519944 0.0692256919293555 0.862536186059943
0.348602086811842 0.399831108091203 0.0985269421208993 0.211590228853454
0.355492852232792 0.0191203174912531 -0.275123028811326 0.119954577360211
0.168409969980177 0.0151885804577541 -0.0123573264315526 0.475967159978725
0.327262386447662 -0.161054714429755 0.378827136820027 0.0826677628018961
0.0472623263180697 -0.416055495009605 0.142405157799657 -0.150779005653113
-0.165638932922071 -0.234649411524548 -0.000910366675583909 -0.101418642100564
-0.114278244770636 -0.121571022769497 -0.0977620020896104 -0.0240836464549948
-0.0164953674553152 -0.120886078349701 -0.154530229940064 0.106035151593689
0.03582868519454 -0.111781787870696 -0.204264816094093 0.142577708354689
0.0343782238080466 -0.104029720030588 -0.284672053468428 0.0450000321683704
0.128158135338519 -0.189808603146463 -0.277434917453991 -0.171658746147568
0.383174941879194 0.0376411588649236 0.0400461459771244 -0.395201962165032
0.110684319401392 0.305282351480611 0.423851446550852 -0.172049629721465
0.182096487057373 0.291624030900218 0.586151966375416 0.350786362126275
0.101170046947251 0.545341485222795 0.128555919417602 0.723301488856496
0.38329189665353 0.661380566721602 -0.0515144803536784 -0.00895430765859403
0.526401476311005 0.169394559544273 -0.400882465074461 0.0271567533359895
0.288650742225768 -0.0578524408557634 -0.186434728359427 0.482827129072506
0.300484594601296 -0.188426990326838 0.390369703108546 0.229630628959933
0.0127313926239282 -0.357253006114588 0.228388674552462 -0.202729656387919
-0.097896962828748 -0.170320356997171 -0.0145504596001459 -0.184517333142516
-0.0269990775611863 -0.119956909848353 -0.126034796411852 -0.0794651202970465
0.0392885307284414 -0.153013580530771 -0.154913163758756 0.0491013740229678
0.0675427108211124 -0.151959385203648 -0.173612871669693 0.0934887600412995
0.0654608757955969 -0.145786955046339 -0.239516933923101 0.0295640574691111
0.170092977823234 -0.208579838561167 -0.241645213809864 -0.138468784843207
0.380058723268934 0.0261400374422248 -0.0521271859344322 -0.320664014107348
0.181802462501927 0.229271894853875 0.255271972612534 -0.31929643327528
0.274794409423305 0.259156891211207 0.6447703755309 0.132844462566366
0.285586186702518 0.607714488333165 0.13033344890499 0.520236311160084
0.329297979241113 0.78426922500011 -0.134507067086386 -0.277751782125469
0.55170373776551 0.298363610262827 -0.435303704632193 -0.129788830022099
0.33303900270053 -0.0658809072370527 -0.372791633567266 0.35620643846957
0.238296351527838 -0.161253607176188 0.280101351504736 0.343983472839718
-0.0116706666231112 -0.230142626743664 0.264659399195431 -0.158197546498323
-0.0103966855460996 -0.0711399713412737 0.0151285578085763 -0.205447424743527
0.072487063245113 -0.100158745587389 -0.103125977095528 -0.121336443146521
0.0908379085091589 -0.163684988921271 -0.129507082128694 -0.0138801583461477
0.0802785659393027 -0.164037893183391 -0.145694557057494 0.0276422876521641
0.0680411079205015 -0.159890968958595 -0.199814972437978 -0.0289930485879139
0.161600865294123 -0.191862346457964 -0.150266230659898 -0.155119348654379
0.273772857974529 -0.00393409617559461 -0.0561936887284696 -0.185611073429688
0.205918137308183 0.0607258807337635 0.067168553322654 -0.366965036091108
0.348833016701439 0.155511488710264 0.586903282615101 -0.0208450826292491
0.446241749790495 0.582980777430811 0.0517540254487163 0.28060805075882
0.272412430251371 0.749149222226566 -0.129288283744605 -0.532580468529221
0.487468023395619 0.263282057651433 -0.341552431944256 -0.318913261815862
0.230487837068038 -0.0722047276613194 -0.493567911821321 0.109842776216087
0.135372950263229 -0.0823659932124852 0.075766935040278 0.378772012074038
-0.0261679675960371 -0.0680674181608607 0.240013475784038 -0.0382430952591142
0.0703953111318041 0.0212713099731005 0.0804325100041069 -0.163354272132627
0.145046294505781 -0.0713662153660647 -0.0351511742561522 -0.143719351567572
0.130082006644397 -0.150872096214883 -0.084423386728429 -0.0748777792529464
0.0921616314309023 -0.141100134876395 -0.128173041078138 -0.0361506259867883
0.0679498015848388 -0.119183576207658 -0.18353048138215 -0.110990192868755
0.100607541159685 -0.105465649450487 -0.0529737615922697 -0.207838263042727
0.0871055872404492 -0.0326263886664849 -0.0102778683872543 -0.0617137249785896
0.174269364379502 -0.0998272595049235 -0.0612286008236086 -0.33941345995043
0.355734389334611 0.00244423737898508 0.445480590556332 -0.0608663649352308
0.527401878457826 0.496721982824462 -0.0973783797871798 0.0501945502567455
0.253233984918955 0.55106056237318 -0.063205051129003 -0.7318619196822
0.335335702380672 0.0663189993284519 -0.194870959701987 -0.515609227662821
0.0694625892705959 -0.0618825506898932 -0.555018558429262 -0.135686418063054
0.0180494654411975 -0.023584795793945 -0.114989843685916 0.352564535817094
-0.0326685656711308 0.0709391756161401 0.191263366379674 0.0956246668615294
0.119434470807853 0.0746164036516866 0.160048077104401 -0.0920545917078646
0.176574903249859 -0.0411639591774739 0.0574314271969898 -0.154168712779387
0.147669610379952 -0.116055334349907 -0.0277938350452561 -0.123488925145605
0.114662621442873 -0.0848918332217623 -0.113147374023919 -0.0789497584787948
0.090562245712874 -0.0253506602818153 -0.183031385263806 -0.165496612128382
0.0260926863836626 0.0405335284522825 0.0047154529133998 -0.246240558573043
-0.094579290558836 -0.0406699596847823 0.0145245209594713 0.00740336068758208
0.082682469777141 -0.181968136420631 -0.0882028575505794 -0.28689453980386
0.317104614695732 -0.142281673327119 0.251565130581751 -0.0346416319302988
0.489068575255412 0.390950784495882 -0.256070615812296 -0.147551729113355
-0.337762728200389 -0.309130084159941 0.345720341382855 0.298442289822756
-0.281998310756723 0.178104896468331 -0.0887923547937736 0.020590552292956
0.0247692939353173 0.218146672639734 0.0786202235080444 0.242251090167427
0.212314861251563 0.00898589745766812 0.0159591706512338 -0.0413209106444749
0.0505162328247592 -0.20149745854582 -0.0157062449356193 0.209012165058329
-0.141064504542578 -0.0882131848192206 0.154604517827452 0.15989907634566
-0.154941914156469 0.0127551475646352 0.0922509320808895 0.0849036018434764
-0.145041371829849 0.0506406356052494 -0.0337312360398266 0.162180189638355
-0.150749733057255 0.00922150006561704 -0.139348807011587 0.17152446912505
-0.125371100534189 -0.0847613984725355 -0.238421496860877 0.0364702782415627
0.0161339585779484 -0.158387307082894 -0.172675186971962 -0.192827126989408
0.11905276305904 0.0143039320009699 0.218788133196964 -0.321686566730038
0.00825833080964384 0.0705657673291766 0.608981596759724 0.207315327700808
-0.123800933764595 0.152003933333672 0.172166971928069 0.675710375183159
-0.246182697673835 -0.19678994190344 0.0194954942880636 0.875745811714235
-0.0895680153125069 -0.132931506141218 0.353314365552758 0.367711744007681
-0.181305121868558 0.10250719811617 -0.0431951933123813 0.0899454135564528
0.0881925456769207 0.242517608546426 0.115610797747236 0.266494303474083
0.307054637191829 -0.0587476052447607 0.112007182062651 -0.0598890765981419
0.0761779470361521 -0.331378384277315 0.000521854199837617 0.119764323111431
-0.182299100356576 -0.185107005917248 0.113514390429567 0.106588154751018
-0.178331637008187 -0.0512077280940365 0.0376452651292924 0.0698756284279877
-0.119487634741487 -0.00884277316285724 -0.089202157571632 0.169114271043377
-0.0922904359318629 -0.0223012687141827 -0.200101618009755 0.176093744887185
-0.0852065778157716 -0.0736821253317563 -0.291013744239883 0.0170653108905749
0.0294620033432509 -0.181437987610319 -0.200155150600239 -0.231973374605914
0.231655351401071 0.0232286399860104 0.23015578724786 -0.33468137629849
0.00463388861225287 0.154627598880845 0.572675665681015 0.150554461531406
0.0315600577137502 0.239656763804626 0.280293295495933 0.683397070094146
-0.178298970462448 0.128882534442375 0.0207400123709383 0.917486596733892
0.177008037768904 0.116424647861872 0.257890872697175 0.346607066251829
0.0647826776494407 -0.00825544369803224 -0.13135902160841 0.140901843987346
0.0965574567116123 0.157891500559107 0.103620311533223 0.38040115287698
0.347161382214301 -0.111611610990006 0.265590043888873 -0.0288570858721419
0.0701859778385932 -0.408830559829898 0.0539397393087778 -0.0248166419103485
-0.197279909648778 -0.239302092660847 0.0515168810583335 0.00924287714676325
-0.169624953779112 -0.0964595894109133 -0.0342436938724796 0.0299735470019287
-0.0743103211745604 -0.0696052925324843 -0.130727344470128 0.149324146234063
-0.0239063196072594 -0.0644977166343458 -0.21824145669226 0.169970581569754
-0.0227909229610254 -0.0748576288246269 -0.304790478570339 0.0320942373500726
0.0682568836192741 -0.180349790364708 -0.25260614026637 -0.21602671117368
0.323574637942046 0.0298136669210665 0.157062304412991 -0.383037163264764
0.0371495173267135 0.266995951633889 0.517785813841476 0.00793803011622466
0.111415920859242 0.277093888067211 0.447962295436663 0.555938891880226
-0.0589523652851558 0.386507012657684 0.0770831225918454 0.86616761278671
0.351910487990191 0.405755479552092 0.101475214651913 0.212077265172002
0.358060496481472 0.0166245781794385 -0.277271692245447 0.121183559139632
0.169871270494911 0.0130562431975951 -0.00696854596964213 0.478191415690097
0.330998108169343 -0.161921417093762 0.382332229845242 0.0805826060929706
0.041971716153674 -0.419586699173985 0.141912940697191 -0.154107538769483
-0.168946984531589 -0.232856263313623 -0.00118595959233793 -0.102339652745835
-0.115131141441215 -0.120857099455476 -0.0991473838794145 -0.024779577383225
-0.0180053963527521 -0.121124432517589 -0.155172559068473 0.107655475102763
0.0332208554360124 -0.11336993085924 -0.202687472139725 0.144915563790816
0.0332127383139076 -0.105200908773492 -0.283717937060737 0.0493798589183316
0.126930454799799 -0.191758029007597 -0.279801131331357 -0.168024391901999
0.384910686965819 0.0344882043473563 0.0333223275961853 -0.396677429498656
0.116393361727594 0.304483843001561 0.422579637207106 -0.17875494412849
0.186066139479154 0.29255106053583 0.592427369349432 0.347695612150267
0.106419534395238 0.548089054365342 0.133193188866848 0.727210695886776
0.394596029621599 0.649115420989059 -0.0517939061516604 -0.00856956518843911
0.532511632661772 0.165629158931882 -0.403695597867429 0.0315290222652744
0.289240441005274 -0.060068296800066 -0.183952355543559 0.486264311766147
0.300756351140246 -0.192024355692603 0.394526583367824 0.22836693400078
0.00875539204165402 -0.358600182133541 0.227281689520378 -0.206498547034812
-0.100150611262159 -0.169830050788273 -0.0169448657708103 -0.18563249577022
-0.0275162326981635 -0.120442917904137 -0.127881453644372 -0.0794022044817402
0.0397711422765042 -0.154617155199284 -0.154584838723272 0.0506074504907228
0.0668509441188291 -0.152870864525555 -0.172600240661778 0.0958165627337222
0.0636903718772475 -0.146687438270272 -0.239785896899534 0.0328451879079846
0.167948734663903 -0.210955768108896 -0.24334205848983 -0.136239743474352
0.381427910097318 0.0215689288716076 -0.0560370308916275 -0.321868211402293
0.184729497104692 0.229076327004222 0.255486772946205 -0.323629641124913
0.279133625477968 0.258609407307999 0.64740518800394 0.127375408936206
0.291123107239672 0.607784503318105 0.13502068478354 0.520096903017161
0.349396921603928 0.767463064002115 -0.138340067037481 -0.275949011181635
0.557102820311373 0.295925056702368 -0.439262677525282 -0.126696312040893
0.333613914845281 -0.0692188288221579 -0.369077545390941 0.361044837229007
0.24534716925073 -0.159403116155936 0.284069511717657 0.345044995808799
-0.0142167023515192 -0.230373395230155 0.264875556997911 -0.161029778841424
-0.0109133643390418 -0.0708501168979739 0.0133324478686912 -0.206321959708398
0.0678655823874059 -0.101967258570698 -0.106400180719214 -0.120312756275303
0.0886218116839819 -0.165621887546538 -0.130186174664418 -0.0121905798624527
0.0800887018435348 -0.165782821256593 -0.146090752900081 0.0298620553383141
0.0690731066295141 -0.161666201239189 -0.202010447869292 -0.0290679418164638
0.159310120402776 -0.195794094860098 -0.152902587227596 -0.155138232261399
0.275430597057051 -0.00678760712627281 -0.0592446652390103 -0.185989869260751
0.208558729178796 0.0586901735532181 0.0607748055515988 -0.368007597234691
0.352745267117192 0.152861018068796 0.591859267534815 -0.024944632197692
0.449890160434114 0.584652912066201 0.0528309167178833 0.282537299912998
0.293056739089998 0.734925501034332 -0.136159438740782 -0.532919939150442
0.4937141236195 0.262455153315304 -0.344545240866724 -0.318659093837256
0.23169733451271 -0.0748170247174399 -0.496157612329134 0.114960338253711
0.136355070306727 -0.0841479149037909 0.0806698482618515 0.379754728111422
-0.0264661508251616 -0.0672697746896421 0.240592176786461 -0.0411719787212391
0.0700155193060969 0.0204319865457734 0.0795309495178789 -0.166406115860139
0.145190003325904 -0.0722339752213793 -0.0371149552220973 -0.144896051139552
0.128304762246923 -0.15284096244941 -0.085125341433872 -0.0732775132893503
0.0912218034789639 -0.142308804622274 -0.129103213935421 -0.0354631946621669
0.0664911020367804 -0.120370825710847 -0.185108618795452 -0.108545249662793
0.099318589309532 -0.107453275722853 -0.0562245340825471 -0.208168395761067
0.0874621886392852 -0.0341371280208959 -0.0112566784789796 -0.0620875155078848
0.174725753701484 -0.10045616880049 -0.0641810690530955 -0.339975999418234
0.358649788430624 0.000382942930364248 0.446195289230122 -0.0635275496706455
0.533248151977648 0.496897374758521 -0.0979300668102906 0.051237451180035
0.264888536123614 0.542021706379376 -0.0747133800785127 -0.733608079028631
0.337128976054669 0.0637894879076959 -0.198356689201517 -0.517729531779205
0.0696531438976189 -0.062650491226648 -0.556750387878041 -0.130843170202018
0.0191581706811903 -0.0248831746233479 -0.115331637851553 0.355521390025543
-0.0320677172489294 0.0711760840819319 0.192013381495968 0.0948862855739758
0.119995200831519 0.0739240857812576 0.159613520809495 -0.0953652229242598
0.17402845835179 -0.0444401994613558 0.0534858122197445 -0.15662795148002
0.146555466448414 -0.118693894255996 -0.029984022100454 -0.123389157598142
0.115808126439764 -0.0862750127602253 -0.114855188681815 -0.0778814023837848
0.0908597201663605 -0.0266662630620119 -0.183915410712428 -0.167777593796491
0.026720578382916 0.0399234974655814 0.0028745462960822 -0.248056632307861
-0.0952485530588444 -0.0398049546037861 0.0142138862540079 0.00626828422028644
0.0851972200677054 -0.183750183394328 -0.0924969795892299 -0.284717292673564
0.319142765644699 -0.14473790791062 0.252936727528305 -0.0356905208945217
0.492016529977421 0.391791110368556 -0.258961527915202 -0.148297124291969
-0.341894135780831 -0.305940701347951 0.352836326952921 0.296282626439394
-0.28133802272973 0.183426658073147 -0.0879698814523864 0.0221185267022308
0.026978523231515 0.21865247338823 0.081063779373696 0.242933837691964
0.212569615181348 0.00560179215765227 0.0155452381840879 -0.0413034369366062
0.0479864389653886 -0.203142384935016 -0.013276646191396 0.210215744942764
-0.142705271610435 -0.0863114746107497 0.158034812702107 0.158524289462435
-0.156241434337972 0.0143158341364683 0.0930077350354519 0.0840721211938504
-0.145168844484178 0.0527473939541632 -0.0326475982585363 0.163822287001713
-0.151448655375237 0.0110746751118457 -0.138023485520395 0.173501099511061
-0.126162530044229 -0.0841857768904817 -0.238698759359686 0.0393302287772758
0.0141556963154934 -0.158540029635807 -0.175339591066515 -0.191620751125253
0.1193759164867 0.0135220255809137 0.216509596276895 -0.325415459342494
0.0084841701828667 0.0710472253844498 0.612331612191142 0.202130531429098
-0.122606238419667 0.153763570203334 0.178979595635738 0.676123300259441
-0.24831328096431 -0.196256382266558 0.0288131387628827 0.880175654973499
-0.0912571901820837 -0.132370666372302 0.359070060274317 0.366806441337741
-0.181513877551005 0.104771668246895 -0.0420103944735407 0.0914110668075485
0.093090795943495 0.241234802592203 0.119121800491426 0.26667348728438
0.309387206018821 -0.0627161130573234 0.112518772092038 -0.0614677744156809
0.0733655336182576 -0.334770949812343 0.00194294971299142 0.119969432095938
-0.185348962779668 -0.182894353063652 0.115864179009828 0.104996777009183
-0.179196033320966 -0.0479486026232914 0.03809473172221 0.0694873689129087
-0.119297876948047 -0.00681355050775143 -0.0878771870828427 0.170893185684904
-0.0920018859878188 -0.0217479854484393 -0.197725809300605 0.178853846197362
-0.0863652204724579 -0.0738999261630458 -0.291663531318345 0.0210373543060383
0.0276119853710669 -0.182759211364921 -0.202591570091273 -0.229512111966433
0.233339429436198 0.0202621229408664 0.227380712514099 -0.337630425225519
0.00568747575085654 0.155257246582337 0.57480542874626 0.143762240770947
0.0337636707382783 0.239912107609137 0.288102098535407 0.687440845826846
-0.177952191794871 0.132445681625648 0.0303514244499022 0.921547691350596
0.179151408485445 0.114339410319739 0.263652984289212 0.343450960795818
0.0658562095434454 -0.0083881363463137 -0.129914002981179 0.143673497979868
0.0995443602432771 0.15696894492834 0.107684492678508 0.381410070585855
0.347064059674027 -0.116295270600368 0.266526695708972 -0.030440764276131
0.0653303080519279 -0.412071015834511 0.0537820026834211 -0.0260942643848294
-0.201248817791973 -0.236821324717704 0.0521213335362688 0.00819451284531251
-0.171449362626951 -0.0952304026655134 -0.0343246766832625 0.0302532316473459
-0.0752275142586856 -0.06914448655581 -0.130154692554288 0.151168718519299
-0.0239509487242608 -0.0644086894513987 -0.217183791767646 0.173985939546326
-0.0230354339628011 -0.075388858232328 -0.306688899645776 0.0354583570902913
0.0662672784026303 -0.182286550911487 -0.255675959309545 -0.212235766312141
0.325321929822538 0.0271545257481702 0.153633694482848 -0.385662807198209
0.0410907365242354 0.268233199640031 0.519107896677062 0.00267252657099186
0.115072563452998 0.275757219241745 0.455554842703186 0.554821913106418
-0.0554827285366259 0.389268318444609 0.0865770478706755 0.868264382503466
0.358296360228555 0.406514538854213 0.102779369424417 0.212695296455961
0.360868693790324 0.011924076530242 -0.276417952159148 0.125434855160747
0.171720921610897 0.0113958450285537 -0.000292631956754525 0.479678904396139
0.333531451996796 -0.163664411523951 0.386067822750509 0.0783752204512155
0.0373366241962863 -0.421776416466429 0.14087131356917 -0.156944222642912
-0.171319347759892 -0.233003742091793 -0.00176971174285425 -0.103114863366816
-0.118693363473878 -0.1191507646304 -0.0993006833944321 -0.0235792842020545
-0.0197458534413534 -0.121299679390305 -0.154435279888294 0.109593952543855
0.032032308719646 -0.113937085339742 -0.201152042339849 0.148792098107774
0.0343264540466613 -0.104726372141163 -0.283470941244038 0.0529221241132817
0.125622976271917 -0.194075061847832 -0.283548067039029 -0.165606975619684
0.387468988107709 0.0296089715377841 0.0294625277696346 -0.398357085236154
0.118774433132709 0.308069121568002 0.42244205873869 -0.183208789311714
0.188379706149416 0.292204959473992 0.599981807228886 0.345650750309504
0.112143363625235 0.548691534705037 0.138905672031177 0.730475370496432
0.407010558954659 0.644682106795618 -0.0523377661680688 -0.00844518285072085
0.537064740595086 0.160324609425557 -0.404893010584665 0.0350555412202306
0.291254647684542 -0.062707790407958 -0.179680991647909 0.491090194111847
0.301105871716719 -0.19709109920324 0.399931958102755 0.22554535322699
0.00386992613274723 -0.360167495844544 0.224967996102849 -0.210653938002737
-0.103127755042021 -0.168315179319221 -0.0190917562348213 -0.186492450817404
-0.0291619335238171 -0.120598965882275 -0.130260249181373 -0.0781639140686752
0.0378433146856194 -0.156326531963203 -0.154531130966734 0.0523779559766042
0.0657168213068846 -0.154193415887599 -0.172008843767209 0.0982623450855631
0.0621070196695949 -0.147007103062432 -0.240713627972808 0.0357678279276471
0.166709959958409 -0.214575669716958 -0.247136396495014 -0.13331773710552
0.385438404879965 0.0170451959203574 -0.0608138407524021 -0.323041087689599
0.189593890205438 0.229114123332895 0.253790824117153 -0.328513218554904
0.282186925028675 0.257488013918783 0.653738785003368 0.121253554052125
0.298145543382288 0.607632508003279 0.141326584321419 0.520609686047376
0.354095723352643 0.775278068628048 -0.141988048807811 -0.274679622978111
0.563420852414303 0.289778901832234 -0.440662456481218 -0.120769367614285
0.333550343513536 -0.0725396756310306 -0.365899363102879 0.368514531772981
0.243515106025692 -0.164762972684843 0.288657401767527 0.345995018107866
-0.0165182442586345 -0.231294255080715 0.263211920929551 -0.165701679863957
-0.0115984656063609 -0.0715228687487713 0.0109458590948496 -0.208146203725999
0.0667404213487283 -0.103030033765191 -0.108534404980235 -0.119561880175785
0.0890296266986727 -0.16714352073058 -0.131060041162414 -0.0108316227034502
0.0798603253706169 -0.168126592811692 -0.145569538744148 0.0312039349331427
0.0635828165198876 -0.162394786381638 -0.203531474398816 -0.0277653779787789
0.156627358361357 -0.198699358044233 -0.156228401524355 -0.152086300407209
0.277702151143245 -0.00949222683272026 -0.0625285381468889 -0.186397874927611
0.210403595466461 0.0623800584709104 0.0543871618880033 -0.368934414009952
0.354001402093445 0.151999312254068 0.5941825148285 -0.0279337623758638
0.459541438316333 0.57962835985408 0.0544081655872314 0.282944422395183
0.29283528554127 0.747322377591011 -0.140471490328964 -0.534304148526313
0.496866097350995 0.257854075321399 -0.350146418784861 -0.316360990619504
0.232075176193977 -0.0771318615970419 -0.495428028106916 0.120045539242943
0.136592059760536 -0.0866840689089366 0.0852729467386466 0.379136195578789
-0.0274519487671212 -0.067715687572977 0.24004911134663 -0.0436646517053143
0.0700735308438256 0.0199085119097945 0.0780208695976824 -0.167237009596305
0.145285797776556 -0.0740963456110477 -0.0391697389554755 -0.145614293933587
0.126964034688788 -0.155891206729634 -0.0865524000579945 -0.0736140567638326
0.0896088554119301 -0.142989553693084 -0.129908040918771 -0.0334332286464573
0.0652966399681376 -0.120981109704043 -0.187671969611617 -0.10677243527238
0.0988459100746079 -0.108434482246653 -0.0599795716941776 -0.208338789303001
0.0877826070865253 -0.0360490845939915 -0.0129511329151685 -0.0629088504377576
0.174998666174144 -0.102719878398252 -0.0679106274760891 -0.342002493964199
0.359957389409828 -0.002309973041905 0.448372895022749 -0.0688008838099264
0.541764818613012 0.4918043623286 -0.0979556058998839 0.0516652847926209
0.270943208074148 0.543181325961413 -0.0811378123745749 -0.736368025181278
0.338302077217283 0.0597485976943821 -0.205834237437548 -0.516017735950657
0.0685329483268792 -0.0635121825686036 -0.562536854186761 -0.129189464126786
0.0190047180446806 -0.0261244171490607 -0.112553404416955 0.35694223523507
-0.031192143279545 0.0721496039654888 0.193554846260353 0.0930677530755634
0.121567208337935 0.0730355885021783 0.158451358233876 -0.0979015185810499
0.177320775609342 -0.0459950371673803 0.0511386015702982 -0.157671382084114
0.147218947996851 -0.120745957122173 -0.0305358357255633 -0.124284275790562
0.114383180314866 -0.0881533180742139 -0.114690506401032 -0.0772166986742563
0.0891928383257065 -0.0281521869891237 -0.186631138082907 -0.163609557314896
0.0271606560900257 0.0399231137767707 -0.00166462991641618 -0.247844810244241
-0.0957506387798845 -0.0391844674794752 0.0141796626242309 0.0052840008085043
0.0851503534415255 -0.185487768287992 -0.0933491630822008 -0.286957675878123
0.317400573758164 -0.148631087802655 0.254690637730819 -0.036758051895291
0.499863640197986 0.38313146522126 -0.26156165382372 -0.145757620821003
-0.346506920928064 -0.303184533417232 0.357878624295105 0.293120420125515
-0.279102620343721 0.185616332375478 -0.0881730293330909 0.0222619195114936
0.0304985585048478 0.219089243911733 0.0847581937027769 0.24232768108839
0.213995639365631 0.00334938093280688 0.0156153800360938 -0.0409617594251966
0.0450217325048898 -0.204976321716532 -0.0100711177623863 0.211044001468969
-0.14375526385276 -0.0841799804988348 0.161314575396681 0.156914551302006
-0.155472177854496 0.0161516779589742 0.0946341039957977 0.0830653841083057
-0.14502983706249 0.0551769782377995 -0.0301871206283056 0.164278369989675
-0.150984721821115 0.0136822146302568 -0.136285503200003 0.175402861694462
-0.127989813608635 -0.0824264811950297 -0.239483394444141 0.0433515200010103
0.01264624974309 -0.158972719615859 -0.177697784497277 -0.189488655985629
0.119890144666273 0.012354923663957 0.212526590310174 -0.327751765203722
0.00936507439302118 0.0714348648427579 0.617778347822871 0.197083366890126
-0.12190337520961 0.15568905810271 0.188557689437336 0.67989963240406
-0.252386387517662 -0.193976841489034 0.0362405016557868 0.880210776618688
-0.0920631955686328 -0.131217631243503 0.365860194022478 0.364038804107063
-0.180102837784346 0.107207385272396 -0.0418788945161318 0.0919118555607599
0.0968133477185821 0.241430485106755 0.121552543603794 0.266966473406735
0.307403068094019 -0.0685743909786074 0.111901554322875 -0.0625324896816025
0.0668707166562016 -0.3371163416538 0.00399854672226022 0.120407684016631
-0.187680294298523 -0.180637308240893 0.117627891459941 0.104812997281879
-0.182037754122199 -0.0458077019428064 0.0389280749975202 0.0690462765364672
-0.119775820876608 -0.00596800775313686 -0.0852809267760572 0.173208229493038
-0.0924359832309559 -0.0208163502781082 -0.195409218065206 0.182300440352119
-0.08628217546861 -0.0732829134855507 -0.291913029097931 0.0239947603608325
0.0254865580682277 -0.182782719036686 -0.206595051452799 -0.227252973683339
0.23350263105447 0.0180518378324265 0.223611584896254 -0.339758453014686
0.00801929874888468 0.156680946719339 0.579890656814668 0.140137834830475
0.0369501821520256 0.241091570819674 0.29574416769191 0.68627264137899
-0.177147717245872 0.134309683462208 0.0411906979241587 0.924662591913285
0.180827463391635 0.111936112570884 0.270245752976355 0.339523765304834
0.066257895661613 -0.00913700674775366 -0.129892257802441 0.144889583728315
0.10217537026211 0.156103907556943 0.112528600740411 0.382570285289036
0.348055222520184 -0.122564903922988 0.268175662895833 -0.034007943315585
0.0593095896990697 -0.415889405716361 0.0535240603334157 -0.0272099253718759
-0.206124211579815 -0.23528882185705 0.0528120934701317 0.00782628100374399
-0.172587080136681 -0.0933022890782547 -0.0338537813081905 0.0310317250664655
-0.0759962559588912 -0.0691753047488241 -0.128430460272734 0.153655382732532
-0.0252146335629817 -0.0650843051077056 -0.214624014066784 0.176952456404183
-0.0238567283818803 -0.07532983214954 -0.306442553686495 0.0385604180966947
0.0644397473586608 -0.183282071330511 -0.258795201461372 -0.209264303377627
0.327733168780405 0.0226330916918364 0.148671075426824 -0.38763610503608
0.0438257458343655 0.269134709804271 0.522309748849507 -0.00316100769899711
0.118109955176774 0.275941544207776 0.463880628663747 0.552926406126708
-0.0499383891383506 0.391071339834944 0.0953616846376202 0.871124698005917
0.364751121891871 0.397213373650205 0.107108366865168 0.212320137593495
0.362933223179765 0.0086429019654112 -0.275064719898287 0.129303162845609
0.173093307213336 0.00989170249597277 0.00418342811743487 0.481895352529752
0.331268889325593 -0.172977627425975 0.388777538118951 0.0759538534155156
0.0308222183481464 -0.423683973599403 0.139678136402189 -0.160149853987467
-0.175784629601571 -0.230187081256293 -0.00381910151811705 -0.103430478001291
-0.121096555462895 -0.117115055922995 -0.0998800254959733 -0.0226045875016853
-0.0204439399640603 -0.121904342479762 -0.15302779283387 0.113069317635261
0.0315854968671897 -0.115189316036985 -0.200209583100677 0.151851420526521
0.0326760380484742 -0.105025054223334 -0.285178533147466 0.0548328416305076
0.122875279056257 -0.196380098074017 -0.285577426973274 -0.163228804122665
0.389301551357329 0.0243563698471849 0.0255363514127025 -0.400443795679637
0.121120464493041 0.309517859745819 0.425294631585753 -0.186995892531982
0.193132298673745 0.29156419496815 0.602228203168137 0.34075632521974
0.120097764576409 0.550758254780148 0.149018319987745 0.732486991685179
0.408732217207694 0.657415676864884 -0.0518739752597352 -0.00783312750864061
0.540688572570306 0.154279107556165 -0.406434462761773 0.0398646103080891
0.291850377780077 -0.0664498075186067 -0.173555089058019 0.493711365128774
0.300611884462683 -0.202212586993387 0.403878900571957 0.22181036948916
-0.000284534257575494 -0.363045181232419 0.223709716981956 -0.214448671739041
-0.105379508451301 -0.168147342043424 -0.0218981242311579 -0.187709603764955
-0.0300758020484736 -0.120466835760681 -0.131830140491834 -0.0768113880352322
0.0361682010883201 -0.156309885329636 -0.154472466536234 0.0551241154728365
0.0641482114725853 -0.155909533168411 -0.170587624485296 0.100224783706606
0.0604176234454766 -0.148499239905741 -0.240102062310494 0.0389584263065252
0.164322313420579 -0.217434642136303 -0.249511832546476 -0.129317881800378
0.386703218022506 0.0122567215950604 -0.0649736557207549 -0.323334076553635
0.194469660326735 0.228192551149866 0.249899316395969 -0.332485820318651
0.286960263176966 0.254921449021722 0.655367391803725 0.114843149241482
0.306618465871021 0.605916210958636 0.146119039445596 0.521170464817744
0.352667383250561 0.79050777728982 -0.145164863426859 -0.277335908383256
0.569866101707254 0.286469287770232 -0.443802173551991 -0.116672326038669
0.335233372113872 -0.0759408161590542 -0.363713484695124 0.37304437719546
0.238181234934291 -0.173577105800141 0.294516363788797 0.343577487636453
-0.0198743466697767 -0.23307420513309 0.261133214735432 -0.169961274099181
-0.013723979604895 -0.070718688376054 0.00835386165123137 -0.209284170199009
0.0701721859011408 -0.103082515651905 -0.110272083010365 -0.119537207409174
0.0882419083599841 -0.169659011875528 -0.130911833834209 -0.00946078448792437
0.0771278136421948 -0.168366905349498 -0.145987901816142 0.0326621485213685
0.0596652303830384 -0.16391102525139 -0.202978481698572 -0.0230519765712493
0.153449639327718 -0.201996776517988 -0.15837896130732 -0.149680762853189
0.278599293085426 -0.0135501600743596 -0.0650849486430313 -0.187589550230388
0.212630299240328 0.0602162653352421 0.0529686862599622 -0.372639866010108
0.35857704237223 0.149160431576063 0.594910670462457 -0.0356472588446395
0.467777621264266 0.574391097351249 0.0587623408927968 0.281301447510225
0.292462865035442 0.759148890186866 -0.146203433146473 -0.534408330799887
0.502517955401695 0.253153243555268 -0.354129290771221 -0.313730783290086
0.231572980411573 -0.079156950955466 -0.497131881811345 0.125952037495774
0.136585059513327 -0.0896988504321381 0.0907622319417914 0.380285763346463
-0.0285792764920727 -0.0685219108780155 0.239973812612454 -0.0474529414541447
0.0710022373364101 0.0200048079935096 0.075728502663953 -0.17000996639478
0.144553403794635 -0.0774606311843654 -0.04033600381093 -0.146099596758075
0.12607679191041 -0.157708868975574 -0.0875442808007451 -0.072504822215615
0.0887824243166751 -0.145494108453871 -0.130315212410531 -0.0322735849073917
0.0627462977939734 -0.122243858993429 -0.189364817401464 -0.104188466246401
0.0971681981286235 -0.111571215073823 -0.0639124277168573 -0.207403866231719
0.0883585463947874 -0.037760306705493 -0.0144692881942718 -0.0633709542329065
0.175622668993184 -0.104778208856962 -0.072213534449548 -0.341882745708289
0.361156356026622 -0.00653064183825541 0.447387411579652 -0.0747156367956283
0.549007137202292 0.487266371297369 -0.0987025308482744 0.0524686090021029
0.271750486579215 0.551742128131419 -0.0861219692602683 -0.74179003621123
0.339698603870654 0.0567011084847258 -0.211130266942752 -0.515847486455197
0.0686961522053407 -0.0645110215970091 -0.566923254145255 -0.123840528959792
0.0200045603469598 -0.0272161812845446 -0.105675833639388 0.360965938567594
-0.030655265868448 0.0734095315163813 0.195294887578989 0.0895846457908025
0.122051954359856 0.0715147287081452 0.157569733965375 -0.101062487392602
0.180241320194003 -0.0468737118572969 0.0519633982151402 -0.159163146980266
0.146208999408499 -0.122611394115941 -0.0312050482168212 -0.124801795886084
0.113741395980445 -0.0892274924087871 -0.115777237445046 -0.0755870532837759
0.0888677235710707 -0.0285204200005601 -0.192907920816624 -0.157796153502984
0.0279943054311836 0.0389057149842197 -0.00757085254184318 -0.249106063210731
-0.0967212119602564 -0.0381377481867981 0.0136887798515155 0.00450317071074803
0.0794933602439761 -0.186292932815034 -0.0959881826860029 -0.289640654958878
0.314356901570055 -0.153037681025169 0.253328840126834 -0.041490184995749
0.505994537871077 0.376634858461434 -0.264146032459612 -0.143398019957825
-0.349684420278191 -0.299727316985151 0.363176645250573 0.290383918150706
-0.277745419676705 0.189869382931607 -0.0879668167815917 0.0231182246556633
0.0345040852458856 0.21908559526382 0.0879300964682457 0.242695694918944
0.214364960219106 0.000231812592124189 0.0159652866040469 -0.0408811665985878
0.041981302321387 -0.206160722766113 -0.00705680006364825 0.211223778594837
-0.14517591194881 -0.0825087167206002 0.164294359395857 0.153808751512583
-0.156102925716475 0.0182952031714311 0.0958171810317978 0.0811365954501205
-0.144351693452348 0.0567088735747981 -0.027792502504881 0.165577324678565
-0.151618607974495 0.0148245336535081 -0.133210957982134 0.178503374094236
-0.129299046256007 -0.0819965461905768 -0.239090592534903 0.0467483057426592
0.00996878531910144 -0.159313743077494 -0.180891799475707 -0.187732079024726
0.119809922519396 0.0113061521494736 0.208945711252296 -0.331639141506396
0.0102547451457686 0.0708712962375234 0.623816057664135 0.189590047719916
-0.120867042371448 0.156223284516957 0.195993123097351 0.67711851507477
-0.254622492552262 -0.190723588514832 0.0487120923431266 0.884126354674273
-0.094058096832478 -0.130985278462018 0.372389352781153 0.36221761734544
-0.17896252669423 0.109933013293346 -0.0410589425317339 0.0928389148540481
0.100235047407276 0.241317914224191 0.125524273127473 0.267163752889079
0.307540294456145 -0.0740813115157677 0.111956615142244 -0.062645295874552
0.0633540133767717 -0.340697570850502 0.00652908966988167 0.120146701651416
-0.19139175518795 -0.178297483467893 0.119856952875715 0.102554551793395
-0.182325428387487 -0.0444544814564167 0.0398481158649153 0.0676864686055651
-0.12054268091168 -0.0048017842923858 -0.0833760052016729 0.174665921103872
-0.0925754332858292 -0.0200738662239142 -0.195059824579264 0.186064425539069
-0.0876254084696996 -0.0719984257336728 -0.292668715164982 0.0291146602929056
0.0231322050218946 -0.183404438596561 -0.209336619362557 -0.224975119618412
0.235256762442131 0.0156108242425691 0.220185735536242 -0.343731707859995
0.00955147580982221 0.157712333658224 0.583809272569322 0.133784052814387
0.0397190082773301 0.240398496786111 0.304150007770021 0.682351228556261
-0.175216138562495 0.137471190468862 0.0519202303685893 0.927482899142562
0.183608788404688 0.112042699721016 0.274917477538612 0.340106790410972
0.0667198799759507 -0.00991306260787178 -0.128710021052169 0.145982503299489
0.105420770569847 0.155566387271657 0.117194508430854 0.380730171828665
0.346362486090659 -0.128625451343784 0.268480247559438 -0.0369657089317911
0.0524375670367193 -0.417575764943002 0.054144564882096 -0.0283334868857047
-0.20945643434684 -0.23208208751619 0.0531222896976595 0.00668570725133447
-0.174577706791578 -0.0910272233014628 -0.0339433445565976 0.0314311890466206
-0.0765538020376823 -0.0685128450684667 -0.12730031661084 0.155771012279675
-0.0257827890894245 -0.0643778638752323 -0.213825984004982 0.180367452849179
-0.0246966942799081 -0.0751883565211268 -0.306567669870529 0.0437422294727444
0.0620563845711522 -0.185176298721941 -0.262533565567197 -0.206411965323962
0.329157695362148 0.018572579671096 0.144176775856083 -0.390478316078287
0.0482577502471111 0.270689733000657 0.522676889672 -0.0084238866759838
0.121690758065138 0.276287391319256 0.468741705252968 0.54862939945116
-0.0453527330533253 0.393315390304547 0.106369934301368 0.869863040868005
0.373102779615799 0.392203854114033 0.110861121812355 0.210316501216317
0.364910717980593 0.00466668801724864 -0.276457063475882 0.131460887016947
0.175818233716708 0.00734566670402015 0.00707518853326232 0.485634945336447
0.326134282989133 -0.18137519711053 0.390202810244827 0.0690100400808942
0.0254136428802146 -0.427327777490123 0.138178911056907 -0.163229133414039
-0.180614349829568 -0.22822847713065 -0.00459636117671579 -0.104884740906621
-0.120251881413842 -0.117999139998236 -0.101401243113538 -0.0216874222408998
-0.0215467595605096 -0.122782996850819 -0.151614427049165 0.115472944044905
0.03032627140438 -0.115705056027792 -0.198429917589934 0.154267276591984
0.0309094296747946 -0.106615100532008 -0.284235285264559 0.0602310755949363
0.119891821007003 -0.198567132637473 -0.288583367314978 -0.157492830428145
0.392337166057227 0.0182810865208379 0.0201192303419457 -0.402134129935213
0.129627993356872 0.306745884669484 0.424726118785691 -0.193658128014704
0.196618011629627 0.289134788848983 0.606845326298446 0.331062315510935
0.126275751741895 0.549972734487844 0.157972281570633 0.728646559401386
0.415168549143799 0.657633987404352 -0.0521850888380032 -0.00806304313676037
0.544436513078744 0.147847484765778 -0.407679659838079 0.0438410047281738
0.292586693738249 -0.0701702805936411 -0.170072327987701 0.498667004310703
0.299950835353426 -0.207624281614019 0.408209480384655 0.216969754701732
-0.00700236284586225 -0.363350686395502 0.220602154191725 -0.219173294984874
-0.109079975943497 -0.165879641999308 -0.0241767870361899 -0.187878677068559
-0.0316899980213789 -0.120071020275097 -0.133768577932249 -0.0758944706113315
0.0352691003898114 -0.159010659162426 -0.154284216391742 0.0577345968190136
0.0613341620274569 -0.156555374657999 -0.169920367539964 0.102901847569943
0.0584203248749984 -0.148828243829356 -0.240885799263498 0.0427132035127088
0.161469895279441 -0.219850508211755 -0.251624527841383 -0.126631925906404
0.388413495234128 0.00625243945976722 -0.0711646975511823 -0.323453829204708
0.197780813808839 0.227325384543222 0.247599328710703 -0.336570486346412
0.289670402655861 0.252473871314316 0.657797236721616 0.108990322995336
0.314736071540894 0.605261977606681 0.151945494934883 0.520032266375933
0.36917984608343 0.782531952705016 -0.147707087901965 -0.278103184449534
0.574235553136426 0.280169476488914 -0.448738504177928 -0.115217934270977
0.335832878113173 -0.0796038136837622 -0.364374164969818 0.378292346558715
0.240432819302253 -0.175007516133968 0.301540018758793 0.335874685665211
-0.0241102455804507 -0.233273976654521 0.257788817187963 -0.174365255647799
-0.0152320239473049 -0.0702398391769309 0.00500085010722414 -0.210818924983226
0.0691074405535581 -0.105510157816824 -0.112668462857334 -0.119577949037777
0.0849094810479109 -0.171635083084318 -0.131854550883594 -0.00813893700854243
0.0733893403730485 -0.169557674506624 -0.14597282343069 0.0352110441540686
0.0610654121335562 -0.165245352847874 -0.203008388840303 -0.0183228008461566
0.152405952799821 -0.203704004986183 -0.161671072349719 -0.148988755144342
0.279633320740231 -0.0184952702170359 -0.0670767072993617 -0.187471183250826
0.215770784023921 0.0542426914184603 0.0508876470441267 -0.376104821475884
0.360450484556591 0.143813336782191 0.593305208094196 -0.0471129410397963
0.477219309848377 0.571315696557159 0.0624162071362059 0.280852402504284
0.310826031196375 0.749094660893787 -0.154059772507671 -0.536025023555242
0.505890718837786 0.248126269849226 -0.358937914565542 -0.310486790524904
0.231587864577792 -0.0823737086630978 -0.496368018983132 0.131123120957269
0.136998116653238 -0.0917955020031772 0.0961156357328661 0.380974530562707
-0.0299570505047541 -0.0683980752523465 0.239684271065704 -0.0511608404519042
0.0708571145710756 0.0195322224647385 0.0724141828584412 -0.171865421444386
0.144207388216395 -0.0779545693959701 -0.0436168148927409 -0.146094224603817
0.12471708418603 -0.16053857929319 -0.0882066502352866 -0.0712063536596706
0.0867876413156601 -0.146391356988324 -0.130790816996055 -0.0302200399185218
0.0609660554406241 -0.123323359572763 -0.192225643447831 -0.10174591626662
0.095912610838141 -0.113155589045355 -0.0666190682057213 -0.206866075443877
0.0893349610404496 -0.0390173635796648 -0.0154510556090822 -0.0647883454506791
0.174984093866605 -0.106977969439995 -0.0769491756486759 -0.341984907027339
0.362405648279303 -0.0105309309896282 0.448898594032111 -0.0802234808733057
0.554757886391228 0.484929215509658 -0.0992364881182817 0.053271898702561
0.280629243835179 0.54640555542246 -0.0931424573572582 -0.743108461058978
0.340407378187183 0.0542453370293658 -0.216521059652427 -0.517926573781266
0.0682572866378299 -0.064746768173033 -0.568885054595339 -0.11588273355624
0.0200067119319479 -0.0275401075721046 -0.0999221352311816 0.361559389697296
-0.0301665598440485 0.0735689272718116 0.196606790191354 0.0864708969420817
0.122493140829745 0.0697787990002001 0.157098331899786 -0.102327937320443
0.176597574185854 -0.0506698253840262 0.0501616251518651 -0.160263417033597
0.143561787937629 -0.125471397440193 -0.0325969049981424 -0.124322423094051
0.112316784697901 -0.0909687267037473 -0.117635339163677 -0.0732989900750959
0.0895015933767216 -0.0297054406418309 -0.194946408152513 -0.156414610332652
0.0287170308495789 0.038275168476449 -0.00970477927100771 -0.249892835227268
-0.0966507148016997 -0.0368068647639529 0.0141755484614243 0.00375771288789553
0.0772789294046579 -0.187854430975022 -0.101101574248235 -0.28796125101555
0.312990057454714 -0.156899117989031 0.252430833289817 -0.0459414481898362
0.511189537881405 0.375387267048138 -0.268007041749847 -0.141806364132065
-0.355816396315679 -0.294229167954721 0.368516017903943 0.286657612914394
-0.275176686693613 0.194307641293238 -0.0876159581563278 0.0242666009590277
0.0374095554013644 0.218741189417787 0.0919816524641264 0.242199031920502
0.214576547582828 -0.00378753615102165 0.015253951290458 -0.0402650401619946
0.0384232512876859 -0.207817105599028 -0.00207938083636129 0.211572066526584
-0.146275093556077 -0.0808622622101944 0.167048917195247 0.15115989171288
-0.155595885558182 0.0207248796863369 0.0961930568521149 0.0790449970883504
-0.143615931060243 0.0586007363369494 -0.02592163050591 0.166440811823222
-0.15149776600305 0.0169658380198007 -0.130979761413295 0.180623160575167
-0.129291475089155 -0.0791889535633543 -0.238470166654671 0.0502268115536247
0.00765981830214573 -0.159688380567418 -0.183308155822312 -0.185484891112373
0.120364590951813 0.0102696463238075 0.205209468018914 -0.334243651492482
0.0101923784069324 0.0713121041105205 0.62850638180272 0.182155657088544
-0.118439567436155 0.157633073659917 0.204483727607535 0.677323384738921
-0.258296877075368 -0.189304234458238 0.0581744528335711 0.882119753285766
-0.0961458100558711 -0.12852212867099 0.378843381861123 0.357041823984692
-0.176689946040306 0.112897502694428 -0.0389509335057296 0.0932697232797139
0.10517353919414 0.240038827134241 0.129606499221639 0.267273120879544
0.308404352416654 -0.0778381875113946 0.11187755432905 -0.0638571645890085
0.0571542351088136 -0.341685395260043 0.00782632304089212 0.119676830568999
-0.193637353109523 -0.175328053464422 0.1218702965569 0.100084955708185
-0.182517494293558 -0.041335097605232 0.0406385698383035 0.0672857634189845
-0.120328067038339 -0.00405515149708284 -0.0821285207280607 0.175485249701313
-0.0936092225805569 -0.0183367795696473 -0.192478273099868 0.18841157995207
-0.088633319290789 -0.0715273866170212 -0.292873309756229 0.0323981541611945
0.0212695500866468 -0.184675763932099 -0.212195012943595 -0.22175929134675
0.235762935417717 0.0126284714249704 0.215538382361773 -0.345896131382751
0.011513552084474 0.158469357583415 0.587005676069303 0.127384428967002
0.042132703994201 0.23998206570737 0.313997596518207 0.679806752661013
-0.173258516727861 0.1396837802465 0.0639308344853705 0.926029243435944
0.185493036597792 0.11111317629471 0.280452995638543 0.338854545117164
0.067069846898189 -0.0113222182241207 -0.126414645864224 0.148006153543034
0.109817252762452 0.154142603100895 0.123274616112957 0.381239263650374
0.345575766454777 -0.134468083539246 0.269349039189173 -0.0397136578386228
0.0463764965510642 -0.419362405736239 0.0544651776581666 -0.0297729993266072
-0.212496599248387 -0.229446097558216 0.0540737693507205 0.00521304326868947
-0.176411206150521 -0.0881738465068753 -0.0335017705215109 0.0308480120513365
-0.0779619746965049 -0.0671513799733967 -0.124944211178514 0.158345273254362
-0.0260271737214073 -0.0640897076784021 -0.21111626040208 0.182885207838448
-0.024933252496428 -0.0750729372403467 -0.306637803366998 0.0486756713823978
0.0594825688798038 -0.185496900172651 -0.264811918550502 -0.202832244420874
0.330015235831681 0.0125881794504584 0.137849698227456 -0.393212795904593
0.0534079336562751 0.270859238526175 0.525903208212942 -0.0156712853998149
0.12498691781568 0.274253656456216 0.478102768805246 0.545989469712992
-0.041590688072646 0.39455587836517 0.116259597454817 0.873560785736422
0.376436411716954 0.397460245307757 0.114205841019647 0.210128004740797
0.366450801302928 -0.000615707348330396 -0.276930998220773 0.13530008052604
0.176759652738521 0.00538796574642229 0.0149032868956686 0.485857576281289
0.328487005495787 -0.183334014149118 0.393068962225594 0.0654895494743459
0.018700415676854 -0.428973671565221 0.135928310992165 -0.165590304350232
-0.184800549475324 -0.225046509084793 -0.00588084831584286 -0.104707539965166
-0.121510326820887 -0.117474251366051 -0.102387762844474 -0.0214746066447652
-0.0240704251069658 -0.123019191695258 -0.150904739408741 0.117687668979684
0.0275879027400303 -0.116291566327632 -0.196510893762067 0.157735631400176
0.029645617070602 -0.106959931815642 -0.281977187940791 0.0651781064014336
0.11736147267369 -0.201633362598592 -0.291544061540783 -0.153672721813096
0.394652313331552 0.0126239756502317 0.0116774006333701 -0.402536594998051
0.136017881568134 0.305506389489427 0.420123814437273 -0.200542262293993
0.200737827712015 0.288827298320097 0.61273332346139 0.325649093216315
0.133629974543602 0.550853807621431 0.168632803698249 0.729461545470006
0.433551890029572 0.639617973307448 -0.0520978483994582 -0.00695995268396056
0.546657457368341 0.142824007616062 -0.408060746012663 0.0481715305880184
0.292668857838068 -0.0742615595842272 -0.163237867957771 0.502881100058823
0.298387160884693 -0.212998443638516 0.413247809925729 0.213428907553074
-0.0119257801947352 -0.363944420560048 0.217840972365897 -0.222694812085516
-0.110782824682929 -0.165080319328572 -0.0264175357746419 -0.187995301122061
-0.0330363727935242 -0.120060478084646 -0.135056589968952 -0.0739262955683901
0.0335818302663773 -0.15996470561696 -0.153812277229258 0.0600505560231801
0.0597991698001006 -0.158141169125732 -0.168748258448239 0.105868407872932
0.0566007349442331 -0.14987645781402 -0.239923099976186 0.0458409695942339
0.157558067323189 -0.223173387209381 -0.254375106818991 -0.122969756500063
0.390014861717312 2.51928753034316E-05 -0.0751455711682565 -0.324291946456618
0.203216192698918 0.225503794361009 0.243865066985402 -0.341085585205641
0.29459760304876 0.252046389062912 0.660605510233048 0.100716169899875
0.323034797139165 0.602858418565198 0.159881316775072 0.519245940657398
0.387835518704052 0.762384411066864 -0.153293781396514 -0.273652034932822
0.578541593721435 0.272792469906378 -0.450459452576175 -0.108527058956837
0.334842184775674 -0.0851585081508622 -0.357550985454222 0.384521454550445
0.244969699396795 -0.175116684104322 0.306171950895747 0.336045896800505
-0.0265918113115538 -0.233145148287999 0.256572437575227 -0.176890164626515
-0.0160713083975365 -0.0709711084896477 0.00241982053751511 -0.211277515192273
0.0635851613977212 -0.106268882425522 -0.115218681763628 -0.117474600473527
0.0832683303883377 -0.17346746993813 -0.131463130398592 -0.00582393509105465
0.072680170715632 -0.170365847820894 -0.144891132773619 0.0370306955285457
0.0600196327149163 -0.166093271194011 -0.205208207843908 -0.018464902539977
0.148688037486445 -0.207793595915786 -0.164135834558801 -0.145846852277959
0.280403790974684 -0.0243790847682157 -0.0712578101687294 -0.187382074645169
0.218093531865395 0.0520355627520757 0.0444826893110265 -0.377172373149756
0.363080400536087 0.141231935277831 0.597656606328908 -0.0518609123309988
0.4820390392684 0.567333250660029 0.0637627603563209 0.28173732253225
0.329980869235677 0.729917032404855 -0.160165774924769 -0.534470434046676
0.508673782616538 0.2423744961328 -0.363156701722868 -0.307951696934123
0.231259361772375 -0.0857057329890041 -0.497921213753802 0.138072678494682
0.137323027720949 -0.0945020223058032 0.10236769873454 0.380423251978692
-0.0310566469184249 -0.0678718896416273 0.237849755548572 -0.0548013427202236
0.070831777502404 0.0189038423921253 0.0708374837014985 -0.172767149828143
0.143954413141283 -0.0811172282412641 -0.04559442942102 -0.145618423649404
0.121950511870206 -0.162401070364268 -0.0896456204813888 -0.0709121866144359
0.0843750314332164 -0.148294144752547 -0.131231045437943 -0.0282163719963917
0.0588828344121179 -0.123787128021951 -0.19346603211093 -0.098599562164223
0.0935278596112166 -0.114830165762437 -0.0700035003149784 -0.206090898339914
0.0894167639771806 -0.0410128544920973 -0.0166626451037763 -0.0651761082993558
0.174814255486684 -0.108880399460769 -0.0808448903940933 -0.341611383160935
0.361501787977477 -0.0145516297902964 0.448426762855351 -0.0858492394401179
0.562151488336744 0.47685924970926 -0.0990640645808694 0.0538073254799142
0.29315335912818 0.535372036137315 -0.109883525334059 -0.739995190135426
0.342009911728895 0.0493165190677569 -0.224342756458273 -0.517748986264815
0.0672307325785538 -0.0662863945661383 -0.572220978262858 -0.108857339494346
0.0195245162726431 -0.0280288716136917 -0.0970778780122485 0.364188682890744
-0.0295344426035479 0.0746084222387306 0.196936423511042 0.0845792113360452
0.124052336648551 0.0696333658970691 0.155694871588008 -0.105493994585596
0.173838817387724 -0.054818916185539 0.0446118496562085 -0.161234638334324
0.142928073042651 -0.127932159183715 -0.0352765443155728 -0.124204475693762
0.111038847569658 -0.093040352261387 -0.118706280802043 -0.0718120052301188
0.088964074919028 -0.0309648274992632 -0.19665729745595 -0.157221889987846
0.0290669626407371 0.0379551137181592 -0.0139447142108479 -0.250168390626455
-0.097251821380797 -0.0355669906778712 0.0132191261834909 0.00264605729247804
0.0786380796617978 -0.189112858214994 -0.106729128210503 -0.285760675077947
0.312988194996193 -0.159982528878254 0.254288795411924 -0.0470702403283965
0.516644878188211 0.371438371425658 -0.270894575255216 -0.138736194318969
-0.358896391145134 -0.289001395237871 0.374188002982379 0.282387595993855
-0.27443668190927 0.198547700427762 -0.0882115128421513 0.0258383300926247
0.0405856673193648 0.218534038773072 0.0948983455869471 0.241260054011258
0.214703285265957 -0.00676623469613848 0.0149589458731593 -0.0395374725153462
0.0348325884601219 -0.209128365163784 0.000537568041445378 0.211554060721673
-0.147598503603956 -0.0784499464798082 0.169930707053114 0.14834222373399
-0.155578092568622 0.0226014745007692 0.0972271667393425 0.077633113257412
-0.142956308867626 0.0599477377359786 -0.0233743591023727 0.167480796122612
-0.151854740507103 0.0191358561529071 -0.128326061787462 0.183036779038894
-0.130794951435702 -0.07844712547175 -0.238128143984553 0.0546603875648666
0.00597307788105769 -0.15910458416218 -0.185746736235682 -0.181592309050094
0.12115387725384 0.0086810739390603 0.199249753022668 -0.336172355830768
0.0119226760650441 0.0712591927652482 0.629038972330769 0.174365395582044
-0.116029814084714 0.159809710291324 0.211391694669242 0.673885755468793
-0.259490749693127 -0.183910159353482 0.0696742661336071 0.884235367886828
-0.0976061342274045 -0.126663691037227 0.386097736575363 0.351634779658281
-0.175694419605566 0.11522631555137 -0.0378731663716386 0.0949138119428342
0.109541055391312 0.237840399474384 0.133030286094025 0.263542824719999
0.308156301783394 -0.083399711463777 0.11133058543465 -0.0641263454433641
0.0498961242481281 -0.341992081431159 0.0107762196424269 0.119741794421329
-0.196869021677925 -0.171805129645933 0.124380707060817 0.0978934903104027
-0.183086858222047 -0.0373921068501923 0.0414959189122048 0.0669725363249665
-0.119801753894459 -0.00190275740748437 -0.0782343514688544 0.177888085879071
-0.093537156743763 -0.0175292110927779 -0.189013323986003 0.192222936027067
-0.0891933409097324 -0.0703470269733084 -0.29167167014195 0.0378740058052959
0.0183798486496855 -0.1840529126166 -0.215907732242341 -0.218723184277921
0.236617492926681 0.00899717686667561 0.210144803717556 -0.35006256044191
0.0138168609738544 0.158310844250085 0.589484050418118 0.117799417359101
0.0460501644926759 0.23974458285506 0.320862024757533 0.677951771244219
-0.172111575235242 0.142547667018242 0.0736341661419753 0.927611494833981
0.18765331865269 0.108341816094242 0.285687035832025 0.333583879180427
0.0673225352084131 -0.0118287929580206 -0.125831752191942 0.150245792345709
0.112125479259708 0.15228887560015 0.127483548069925 0.380248152907326
0.344313618923728 -0.140348564695771 0.269986756963818 -0.0426972498446646
0.0404227949530805 -0.421304812343874 0.0541335945012277 -0.0302564375208303
-0.217450891996898 -0.226760569675468 0.0545702514376284 0.00398275116129158
-0.176885172880151 -0.0856967782961133 -0.0339901397553092 0.0314215508893413
-0.0783119379040456 -0.0672563776553795 -0.122263214001684 0.160218690274852
-0.0272005987035487 -0.0647874272357981 -0.207797512030801 0.186746393269646
-0.0258407799487251 -0.0744740000458775 -0.305581135838686 0.052233644802462
0.056506998113249 -0.186177219121654 -0.267533780584526 -0.197480493215021
0.329377363413046 0.00866451881221064 0.13260309689402 -0.395211853568397
0.0565752903578481 0.272316930865884 0.524570617866536 -0.0237309137251519
0.128558297145999 0.272563202049011 0.485364295196674 0.537620980855193
-0.0356128039985302 0.395134859988079 0.128549979770312 0.871716599678265
0.382205180914667 0.393979384837664 0.116647071792602 0.21011676712249
0.367288812012423 -0.00548072064115706 -0.274341471011419 0.139509329136356
0.177676139716589 0.00270047722467466 0.0236827728267466 0.485412508958917
0.329153436349416 -0.186060879473203 0.39405824211578 0.0623912143637165
0.0120631239054221 -0.429525963348524 0.133882679989502 -0.168073690133777
-0.187398210515046 -0.222145163375919 -0.00772933376054727 -0.105365301395956
-0.125793294418418 -0.112051273109724 -0.103307019814875 -0.0193280122900519
-0.0244579272970663 -0.122762159460162 -0.148970371764856 0.120249150500195
0.0267740831437847 -0.116780598072538 -0.193505772464448 0.160491924471932
0.0295670564609612 -0.107514522013845 -0.281832179094007 0.0686498583098706
0.114437941870889 -0.202288868339495 -0.293095117492877 -0.148590850976847
0.393794000965514 0.00693331769724855 0.00723478541705465 -0.403209405558225
0.138394265192991 0.307229504985888 0.418143858957817 -0.207505886773715
0.204253304104534 0.286990581364684 0.618938014688949 0.321610716244701
0.140248234653303 0.550044657716684 0.175215349704942 0.729909654925584
0.443136984697355 0.631149320120196 -0.0522408292709165 -0.00624663991938361
0.549341755986662 0.135448114778205 -0.407152110181117 0.0545781002314945
0.293009832035445 -0.078330171799206 -0.156930047438001 0.505266782487666
0.29594023425937 -0.218212261641346 0.416441342792082 0.206383203996325
-0.0168204076704361 -0.364869074189833 0.214076012664943 -0.226507102601893
-0.114052864722419 -0.162856784047083 -0.0291953332482419 -0.188942468763648
-0.0351648135466844 -0.11985464846779 -0.136641425699907 -0.0726552828953142
0.0312771501654559 -0.160148869186694 -0.153045244213938 0.062664593793668
0.0574941672983681 -0.158781161324857 -0.166546042241426 0.107875328984525
0.054825105253555 -0.150323522499121 -0.238428878331419 0.0495667211366742
0.154590552958232 -0.226348833283065 -0.255290466223341 -0.117889212395088
0.389397264771067 -0.00582844971626723 -0.0810003196460501 -0.322266783581317
0.207146175002734 0.222622553948543 0.238686794896797 -0.345378968643209
0.296832403943627 0.24698956462412 0.661069579866847 0.0908009287336241
0.330099252806765 0.597853192418062 0.164796671555661 0.517454547506698
0.394240011323975 0.766105367253544 -0.155963205341074 -0.271324727538189
0.581720683324076 0.263942289842104 -0.450224004774811 -0.102363057488199
0.333915701995327 -0.0896165753507639 -0.349960531036639 0.390234002377906
0.23992892138592 -0.182020425666785 0.311036439424222 0.334586597196516
-0.0310239459101846 -0.233483267815237 0.253929575897326 -0.182731391657744
-0.0167067804335197 -0.0698072418444624 -0.00111060570983379 -0.211672605020058
0.0633460915015716 -0.107269822448123 -0.118049956571822 -0.116157194384342
0.082265704552852 -0.175399567882618 -0.131934021738102 -0.00388887745029642
0.0722245924179514 -0.172377744424391 -0.144035533473098 0.039576892665302
0.0540221787917069 -0.166467358293942 -0.205599624346022 -0.0155699209641978
0.14358159135192 -0.209562456850982 -0.166741591835807 -0.142714057313298
0.28127432412 -0.0281623272146068 -0.0759161466459767 -0.186266846082132
0.220024516616785 0.0531795354513586 0.0366453271013212 -0.376455945352443
0.366072589559078 0.137220534918665 0.597162091702748 -0.058814566103302
0.49006622892671 0.559827631917072 0.0665025707184898 0.280944380103642
0.327844879163076 0.740298373309768 -0.167512832106575 -0.532859732922696
0.513131078397947 0.236841314564065 -0.367742401330401 -0.303003738902593
0.229786146859483 -0.0876489939405324 -0.49480702908528 0.144496233795775
0.136307426532151 -0.098003675482301 0.108490289757768 0.379459141993925
-0.0322826021520928 -0.0672283103227589 0.236991543681607 -0.0588342985043967
0.0711984739480805 0.0178418539910922 0.0684656577785796 -0.175265372300238
0.141733200398374 -0.0837163302461593 -0.049110943497579 -0.14543754063013
0.12022704027861 -0.164523831753425 -0.0902463219335146 -0.0697634953063616
0.082373637441857 -0.148213167569704 -0.13150594922654 -0.025889329147745
0.0565959138245211 -0.12486230923355 -0.195733040249775 -0.0946551129116615
0.091930222267871 -0.116537179398868 -0.0747388776730365 -0.205098170739647
0.0889623960678207 -0.0428229918533306 -0.0183079580332786 -0.0656605142016568
0.174204907174216 -0.111163318428776 -0.0866012244431367 -0.341139797721915
0.36091164304219 -0.0185308495998558 0.447377547885668 -0.0921900031023459
0.567616368085594 0.467698110417779 -0.099119197613767 0.054941971483881
0.298245388950091 0.533987555063073 -0.117886443761679 -0.739795487326793
0.341668792835272 0.04486880801979 -0.232621363326696 -0.513557470211085
0.0662488068614722 -0.0667412292271524 -0.574649847288667 -0.101450391479431
0.0196544513307507 -0.0295330947592676 -0.0925942834250786 0.365965643313449
-0.0285045077035087 0.0750439732057322 0.197965695447387 0.0817022910798923
0.125318383057545 0.0676604717500212 0.152709802360063 -0.108662253524136
0.177056073412701 -0.0550379744174001 0.0418493921722788 -0.16282403798316
0.140256252963983 -0.130783989268852 -0.0366064672709186 -0.124571502925598
0.110686207181358 -0.0943317411452206 -0.11959792104402 -0.0702332325043579
0.0868309224293647 -0.0328624859350965 -0.19966812137795 -0.151713586361006
0.0296085591813316 0.0358858895614124 -0.0188024156680522 -0.249521452868612
-0.0971188150651354 -0.0344625046474488 0.0132057129646245 0.00177549967374977
0.0764198783763373 -0.190911219857478 -0.109202490541865 -0.286364137617189
0.309886495757123 -0.165041319887689 0.253812879406612 -0.0498682585034672
0.521673716238356 0.359648670894784 -0.274026793466934 -0.135357767859458
-0.362118048263683 -0.284032440142663 0.379364877505852 0.276898132012155
-0.270760505795915 0.202586380760609 -0.0865147384641746 0.0270609802133979
0.044368887377675 0.217280303993882 0.0985458558206238 0.239339789986456
0.213990926396735 -0.0106931614301456 0.0148329672080623 -0.0388234106109734
0.0313247455345168 -0.209882296799649 0.00514852947977612 0.210921305654612
-0.148424997992803 -0.0756167672099624 0.172136782175225 0.144978155639277
-0.154464429989305 0.0253978055688598 0.0980876034332944 0.0756440623532977
-0.142268616078137 0.0627332616945876 -0.0213577990448848 0.167787026599884
-0.151167693678009 0.0212054567269054 -0.126096191406678 0.184469786368237
-0.13166998863694 -0.0760592407519863 -0.236024872352698 0.0582974703476727
0.004300827863532 -0.158886121592897 -0.187345416802998 -0.178526144697697
0.120526636810629 0.00658206179163487 0.194678587688624 -0.340111489591577
0.0117395432456661 0.0711320535582148 0.631035101713907 0.165069832672642
-0.11259951112531 0.161082287779216 0.22200584864601 0.6734449437765
-0.262073520094514 -0.180545580114623 0.0808849269538446 0.882895008193195
-0.0985240152648617 -0.125897691739159 0.391390606892458 0.3481372640064
-0.173677276469354 0.118564302943786 -0.0365008460489075 0.0938751131833173
0.114682544078787 0.236101429468641 0.135099875526123 0.263421617075118
0.305771579243053 -0.0901914831327662 0.111302602200695 -0.0656995704621017
0.0444160203484061 -0.34445384083257 0.0138760154942557 0.119264760339754
-0.198922040462843 -0.168267470207846 0.125803757658994 0.0952970945532129
-0.183780118504076 -0.0338399638200354 0.0419404939102404 0.0654901452047809
-0.119712851035682 -0.000610084350676251 -0.0759990057267295 0.179157996017836
-0.0936303650343916 -0.0159922436271161 -0.185285742788799 0.194795953386922
-0.0896434718862235 -0.0685231327420024 -0.291369744691529 0.0424278384174567
0.0147849227507701 -0.184554527632304 -0.218565322072601 -0.213617316930651
0.237096127017417 0.00580882546705929 0.20516370947812 -0.35240562665754
0.0157499018257638 0.159059114562761 0.588999531636237 0.1110299507799
0.0481860179830643 0.238839846018195 0.332329743125509 0.675565362289373
-0.169682031402426 0.144210068562913 0.0878521346616606 0.92394340807653
0.189202436758793 0.104080028048744 0.292434302240306 0.328201609115906
0.0680480599446968 -0.012625838056119 -0.122768624136825 0.152397723907903
0.11630763075865 0.150585442549561 0.133090077495761 0.378893425773902
0.342412752026279 -0.145105026902532 0.268987070909122 -0.04598059869499
0.033498401905411 -0.424486178061186 0.0541979793710587 -0.0315776761088008
-0.219963239143488 -0.222203634364141 0.0543450705355057 0.00309507282488623
-0.178098734412425 -0.0827267616962191 -0.0333207053140743 0.031677020066493
-0.078903115544063 -0.0659719247554272 -0.119958551286422 0.162287744982915
-0.027793807122662 -0.0637299169364794 -0.204083767371953 0.190016335892985
-0.0271764311947888 -0.0741645790911048 -0.303906151904149 0.0579166709300423
0.0539383224582406 -0.187612249833198 -0.27012283130278 -0.19376201680471
0.331098357898825 0.00358390070936457 0.126508483061815 -0.395647122557629
0.0608771107894258 0.271084916881568 0.525345060559143 -0.0293944503219235
0.132345666984835 0.271471601099021 0.491632351266438 0.531746781475227
-0.0298288979475987 0.395601599598477 0.139010547943723 0.868968986601148
0.388940053618052 0.381739740414468 0.120913154315112 0.206866549423625
0.366656460454259 -0.0103487802779396 -0.271788430633746 0.143276010739583
0.17819998862064 0.000639933139707978 0.0293361330701031 0.485078559984969
0.321985427180968 -0.197003779232246 0.395639253045887 0.055860696427284
0.00374582960039295 -0.429788721969803 0.130655226910412 -0.17050772520995
-0.191358913671989 -0.219415313586503 -0.0089478280836539 -0.104680346425274
-0.127069325532766 -0.109726546539956 -0.10351895059849 -0.017930828631138
-0.0249729449369245 -0.122389181004868 -0.147171453855572 0.122383749334703
0.0264988740938232 -0.117072463521561 -0.190860632095417 0.162382277888212
0.0277829236608969 -0.107056340577759 -0.282413852719029 0.072226453949996
0.110912268821683 -0.203946588318899 -0.294217739666547 -0.14387892892186
0.394034773391508 -3.37237411075324E-05 0.00129137925613437 -0.402846119807327
0.143485392030408 0.307050868932168 0.418106081926282 -0.211936775967876
0.208416768173496 0.283591835360968 0.622256404320425 0.308973977664604
0.149730292214983 0.546279128552683 0.186681800003663 0.726022366936968
0.447543558708543 0.637500994372299 -0.0522329038169495 -0.00515654575036813
0.551036409131939 0.127562712980558 -0.407988473328951 0.0592193304536569
0.292554960941229 -0.0822241342590144 -0.149484441064468 0.507244643238825
0.293527594429357 -0.22357024555593 0.420977284931941 0.200618672170659
-0.0233114164649908 -0.363955929737102 0.210302139063457 -0.229848777651318
-0.116512442630673 -0.160685296886343 -0.0316957708402422 -0.188574698650282
-0.0365632309125543 -0.11913576275436 -0.138228055233495 -0.0706394958781232
0.029200037693704 -0.161805387072046 -0.151987604416762 0.0642619303556698
0.0551752035572282 -0.159129024167733 -0.164845233422194 0.110074211361503
0.0517515709887185 -0.151491648218219 -0.237533360040941 0.0532900949018508
0.15046224000253 -0.227236659795925 -0.257518534194465 -0.113450682852072
0.390922330465521 -0.0126481897308973 -0.0861391888544377 -0.321576065809672
0.211118152378524 0.220897821212163 0.235407891732019 -0.347440262971007
0.300785381065771 0.243088965022474 0.663968180716383 0.0821340283004623
0.339626951824907 0.593278890791943 0.171707986940221 0.514649460645053
0.395861078442893 0.776031934979336 -0.158793625371506 -0.272459829200863
0.586384244899211 0.258744835890619 -0.454528346637432 -0.0968665313820086
0.334309512232442 -0.0931731007288942 -0.347707735107524 0.393359472401787
0.232287832442174 -0.189852442881444 0.316487376393502 0.327920681324013
-0.0345307015790447 -0.233462486795274 0.249632320249313 -0.187156126375291
-0.0199872282796867 -0.0696721392049037 -0.00455045111405579 -0.212795331528667
0.0671329254545301 -0.108432959654359 -0.119270007459441 -0.115513090946432
0.0785577449055463 -0.176744125454235 -0.131086758819257 -0.00228316526221505
0.067153297562644 -0.172972875531397 -0.143309662250583 0.0411652521563355
0.0494107607508634 -0.16582845372512 -0.203606167801764 -0.00878514891846183
0.141511795484553 -0.213039928658843 -0.169484802270884 -0.139163033330966
0.280300749639952 -0.0330524636134344 -0.0785650317006117 -0.186645606365229
0.2219722046995 0.0500397197920382 0.034015507183708 -0.378432218067304
0.366598540045723 0.13280232226418 0.593096330083786 -0.0701539903960163
0.497364393436094 0.550638268847278 0.0713179523560884 0.278674624591239
0.332470634257958 0.748843535145451 -0.174895789953986 -0.531396657255016
0.515258100287053 0.228044247930471 -0.36998065603249 -0.298471031498471
0.228862364962233 -0.0907459255543732 -0.49263076807449 0.151270325293434
0.135073970786992 -0.0995714381849482 0.113647042024874 0.377453528589687
-0.0337379877078497 -0.0662945927975217 0.236155862435133 -0.0630682362847499
0.0711052947159895 0.0173554824766086 0.0650646465528202 -0.176587907724189
0.140927874459897 -0.0848147542201585 -0.0513899040810511 -0.143909961526834
0.11709497401901 -0.167341568818418 -0.090959378154308 -0.0684725215708951
0.0795404708537746 -0.149094782651729 -0.131813715492515 -0.0245472197757529
0.0545843619174965 -0.124914827203554 -0.196597984727733 -0.0915010278440893
0.0895725234686058 -0.118267212651376 -0.0779461254095735 -0.203248456461942
0.088856049869825 -0.04513547325663 -0.019765892333443 -0.0655066427376708
0.172852441727231 -0.113454939322951 -0.0907785547271529 -0.340913409261773
0.360676502014321 -0.023885376660936 0.445271866283598 -0.0994286291061357
0.575872718020304 0.461126440890819 -0.0992978328170272 0.0556050241952881
0.300343254055637 0.540664850565146 -0.121939609203828 -0.743504835033851
0.342467648863711 0.0396606022714254 -0.235272237314817 -0.510558832169373
0.0658456037380188 -0.0672686398432582 -0.576198979159786 -0.095099865462963
0.019992089851126 -0.0309474993924528 -0.0842746453101907 0.365649284530432
-0.0272865696241719 0.0754513966186969 0.19883404047408 0.0781511976206601
0.125603556098408 0.0656689832677881 0.151852529958036 -0.110887269065238
0.177466358541831 -0.0567907654591106 0.0418950597043558 -0.162872164172386
0.137193379505095 -0.132625730558722 -0.0368010540223985 -0.124113336157794
0.10817633522404 -0.095734113266587 -0.119516182759888 -0.0670975773389011
0.0865293745718675 -0.0334326726607668 -0.202992403075353 -0.144051522726188
0.030151805730942 0.0365634168675126 -0.0254054664514156 -0.248303008435629
-0.0972689949896092 -0.0331168749478217 0.0122056528015097 0.00129958640004949
0.0707471269559005 -0.190367963179353 -0.11054490295331 -0.286991378804998
0.305623564798909 -0.169953785936622 0.25126596732795 -0.0545073215865775
0.527256581107639 0.350341333005449 -0.276406515204033 -0.131350754669039
-0.367007383097309 -0.2783948238135 0.383138480621686 0.272614019043168
-0.265928235335158 0.205518514522229 -0.0862225761840954 0.0280862737040445
0.0482512659068988 0.216670263411599 0.101259610148978 0.238358826693872
0.212937620974678 -0.0142433005204259 0.0141249978376109 -0.0388807606843688
0.0271792771473623 -0.210093429678408 0.00828155744244248 0.210585457944515
-0.149130323141011 -0.0725025289202148 0.173732382656762 0.14099773701622
-0.154123695746403 0.0274935084033962 0.0986233175959939 0.073586844482994
-0.14137067954714 0.064124489406346 -0.018392354990817 0.167345678639719
-0.151018447851712 0.0234395981060173 -0.122471961721364 0.186789741765159
-0.132197372132655 -0.0743542818546771 -0.23536843662097 0.0615201649984307
0.00176595728415425 -0.159032619831308 -0.189624150564695 -0.175535875591147
0.121087216475082 0.00569629270672218 0.189291967494421 -0.339677606619252
0.0127138355921054 0.0715633224379309 0.632714801795314 0.156319325601298
-0.11070322824297 0.161039618762159 0.228649357728821 0.669277462979737
-0.264551622287072 -0.176322784870702 0.0941509656688644 0.879022624836973
-0.100254482234088 -0.123510499582689 0.394679513099849 0.341968403210332
-0.171353426865351 0.120084070138956 -0.0352284299414596 0.0950043145174914
0.11755391082987 0.234289220730485 0.139566794001008 0.261648644745418
0.304006817181423 -0.0945314302679776 0.109380437221794 -0.06704212779548
0.0401784460657367 -0.34532243612445 0.016165096186104 0.118191225583269
-0.20074997691692 -0.164698636999159 0.127365473175366 0.0930501595094577
-0.182890740830802 -0.0338849430000039 0.0426385530916672 0.0642074007389963
-0.119368542480242 0.00131535414833436 -0.0734806612663514 0.180358148363348
-0.0931550954355362 -0.0150576020156333 -0.18214920807299 0.19752062313823
-0.0905077928053332 -0.0671327174629977 -0.289969430849833 0.0462960869053837
0.0127858556399962 -0.184020875623245 -0.220916933786711 -0.209994052382438
0.236605919378064 0.00226629577719513 0.199815998636219 -0.353337153913477
0.0182172381978314 0.158238354160801 0.590673486660622 0.102293868550941
0.0526297127171076 0.236893311403553 0.339518924851728 0.668328371763669
-0.16669021680674 0.146812309514744 0.0996081292555741 0.922240767597196
0.190598004967865 0.103030457252669 0.295739447293678 0.325071076795256
0.0681382392971665 -0.0133306671015131 -0.1210499774513 0.152587471640233
0.118584372343918 0.1488712634335 0.138327637584023 0.377076165684771
0.338333002779783 -0.15247630214202 0.267941001373339 -0.0490212574097047
0.0250174175542226 -0.422774195685733 0.0532737449637862 -0.0332891146488539
-0.223501441881552 -0.218026553863755 0.0548339351649368 0.00140863073210465
-0.178687439366236 -0.0798359468681449 -0.0335285004399146 0.0318887994985317
-0.0792122031016661 -0.0648948513883476 -0.117919241826158 0.164402577787712
-0.0286843735311996 -0.0638828543364153 -0.201844867340961 0.192186610751454
-0.0276426929572836 -0.0731609446777303 -0.302039618642959 0.06324164284605
0.0510776297010145 -0.186778703858791 -0.271862343287392 -0.187313105592134
0.330504600913414 -0.00189916864812403 0.120263662798345 -0.39716677049843
0.0648712607623726 0.270375391574143 0.523630472450228 -0.0367288573827686
0.13533950079958 0.269290653695715 0.497466486095847 0.525183091931111
-0.0249644211070423 0.395887494367476 0.146475597926077 0.864366374202951
0.395912704919047 0.374960811149286 0.124198224666393 0.20348169305653
0.366801332383098 -0.015560417449486 -0.271748258075527 0.146081961581838
0.179206118380282 -0.00215564674442238 0.0340216185668475 0.485832903075641
0.317689282423017 -0.204138783349009 0.396624385984308 0.0487235990343749
-0.00215578171649744 -0.429492350835245 0.127633013093296 -0.173237194975279
-0.194517060474478 -0.215043855937433 -0.0101405612217735 -0.105623035144649
-0.125222533660587 -0.11146504715471 -0.104130589072519 -0.0169242225812639
-0.0279545027285095 -0.122238333349861 -0.145285850797832 0.124838140520327
0.0242440903899726 -0.117650580924539 -0.1876091075107 0.164210381641823
0.024434625487715 -0.107788551690533 -0.279776290365292 0.0775470422422029
0.107732565963359 -0.205122293815305 -0.296548802987642 -0.137987297947116
0.393247293153641 -0.00612597490439882 -0.00554876293689436 -0.401801780021154
0.150438441287908 0.302539272820512 0.415880993314905 -0.217761064379237
0.210888282687855 0.279808593653424 0.625297372505018 0.29986976082375
0.156875811117194 0.543768685661756 0.194981182540647 0.720456006713732
0.454803533926831 0.632067972328705 -0.0523917577053941 -0.00585472057656037
0.552889442090755 0.119410057465396 -0.405304288931176 0.0651435573422862
0.291765036445047 -0.0859097516001124 -0.142405850262131 0.508964969112098
0.290474987343255 -0.227948551184226 0.423619264970963 0.194725659727007
-0.0299233359518582 -0.364912861361111 0.205992391845076 -0.233410569493289
-0.11969526466415 -0.158338671121516 -0.035295295501819 -0.187976448107508
-0.0382372378351839 -0.11852050427393 -0.139724458567845 -0.069029283280049
0.0265323770967436 -0.162307143655461 -0.150401543517593 0.0667962477164258
0.0526047563034643 -0.159662946433216 -0.162247102621804 0.112282209776622
0.0493952134396459 -0.151522250436692 -0.235823817136521 0.0573760383982049
0.145702036477132 -0.230790263168371 -0.258381118585022 -0.109443067439117
0.389778738226192 -0.0196593997631615 -0.0915154542776072 -0.31977170806979
0.215540637159511 0.217760898758136 0.231096585401011 -0.34966789581102
0.303772245894581 0.239255377962248 0.663628739232039 0.0713774422122369
0.345158146060267 0.58787371545576 0.178095980897151 0.5100687529775
0.413607014514384 0.758542846546655 -0.162038724093503 -0.270551503661223
0.589350075285702 0.248733428743894 -0.454790007097764 -0.0920029007369347
0.332718389340678 -0.096540524026924 -0.344420015944291 0.397774278237911
0.233155471024349 -0.191764185678049 0.322792541141736 0.319255873708335
-0.0388250395617947 -0.232261959788278 0.245957960466747 -0.191764738514583
-0.020671721899879 -0.068440864440628 -0.00782831742281259 -0.212702513262267
0.0621895209510427 -0.109569129524394 -0.120941679120196 -0.113790804680575
0.0737834328939558 -0.177283030151849 -0.130649533884919 3.06381556457906E-05
0.0636569887991202 -0.17318659423227 -0.141791535882213 0.0429993067744202
0.0497575450621148 -0.166853664370276 -0.20380333233742 -0.00507381134721669
0.136902008404491 -0.214117299149838 -0.171495640875702 -0.137191020157888
0.280390428310109 -0.0392940525514767 -0.0818573485344085 -0.18484082352592
0.222979498613643 0.0435652448093343 0.032040623008465 -0.379317404906504
0.366999336579761 0.126918673203217 0.591251753425036 -0.078508628363019
0.505203030632959 0.544062487494435 0.0737665139159214 0.276566710164163
0.350040907100065 0.730216723057895 -0.182834419302294 -0.526847832513942
0.517995304663377 0.220252037091317 -0.373975085456488 -0.292774464317657
0.22804532544875 -0.0944102454479831 -0.49087620002307 0.157360869575736
0.133941324801684 -0.102516338928465 0.119983399555985 0.373994657477426
-0.0345414900347773 -0.0660840434108715 0.234229367965974 -0.0661868487693657
0.0710023822546689 0.0170693383666012 0.0623352798383288 -0.177428145755042
0.13959173774758 -0.0876376228697096 -0.0545846468432041 -0.14336540061167
0.114970126111797 -0.169410913836449 -0.091981443918518 -0.0672294099194704
0.0771754176842231 -0.149975086131895 -0.131437915662965 -0.0215137223822376
0.0527359769983323 -0.125325625377263 -0.197939886763757 -0.0874614767251294
0.0863492137558472 -0.11939596771378 -0.082324648582975 -0.201797189472352
0.0883794676428677 -0.0463432926930421 -0.0217445405546051 -0.0658550762745224
0.17273015965854 -0.115418854708148 -0.0958566178178083 -0.33875822881141
0.359090055915548 -0.0278527501824744 0.443002826781915 -0.103794120352617
0.579785818781633 0.451446812627623 -0.0994678629929043 0.0563698216766848
0.308044283414371 0.531086737905166 -0.131814472221623 -0.736466475370493
0.343108934523267 0.0362019275366138 -0.24180027964936 -0.507951411157465
0.0645465247826713 -0.0679509350614738 -0.575941507727048 -0.0864026278134715
0.0196455181705537 -0.0315332898940057 -0.0770306167212748 0.365983426143871
-0.026577085165036 0.0761283623586368 0.198803484738668 0.0745402691051007
0.125134378542373 0.0635623590373043 0.149843950695314 -0.113315764730566
0.171913694705462 -0.061531779337029 0.0393111717829686 -0.16387515507555
0.135116591063509 -0.13488014016363 -0.0395941929526128 -0.123433499461122
0.106179582441603 -0.0968250144307497 -0.121108717568738 -0.0651159238514647
0.0869225500565384 -0.0344454796912716 -0.204865985482993 -0.142124909861733
0.0303968644261328 0.035946907550777 -0.0285393587906593 -0.247814024696473
-0.097128805596121 -0.0310290728106262 0.0116304382316471 0.000149110797723323
0.067625142840233 -0.191795482132336 -0.11676338168759 -0.282745242704447
0.30298068937977 -0.173475368611759 0.249619598579976 -0.0592827677409571
0.531436343153891 0.34444025263735 -0.278016280721084 -0.127614054976403
-0.367933167196147 -0.27189249813346 0.387803580972117 0.266940818942183
-0.263209451225255 0.208795511755183 -0.0855404005709244 0.0288739036037793
0.0512599457551422 0.214661738647703 0.105356295638724 0.236431120288476
0.212739535317086 -0.0174955704328215 0.0145884562012011 -0.0377587298526598
0.023531267416734 -0.209949786810093 0.0126135814654899 0.210091413003119
-0.148746956131883 -0.0700481074763148 0.177066719966222 0.13798638110835
-0.153457062841425 0.02906291248108 0.0980703961593093 0.0722379033877686
-0.139961891228849 0.0658262593226662 -0.0157455393571046 0.167246176489024
-0.149729572263551 0.0259591482249633 -0.118409240203617 0.187584386333964
-0.132992133018839 -0.0725319679671772 -0.23279503526555 0.0655555015920229
-0.00101182132406036 -0.158351141035273 -0.191305563287769 -0.171464546652814
0.121081353973896 0.00387860967725696 0.183937839416303 -0.342107331963023
0.0136224062659057 0.0712364188091167 0.633115379172351 0.14787858026334
-0.108175652566614 0.162758405242444 0.238111855944322 0.665936198926833
-0.263916352062181 -0.171914195488184 0.103120549627167 0.875824417472959
-0.1014735433683 -0.120747325594023 0.399582334188333 0.336666048030968
-0.168276405526684 0.122525520322129 -0.0342823805467503 0.0951312462783925
0.121534028220979 0.232362628259926 0.144033471966236 0.257840370307971
0.301090450719217 -0.0983604531604176 0.108822964097772 -0.0673602459019796
0.0331310325532905 -0.345775285817188 0.0184229328537594 0.117404421191244
-0.203232184762962 -0.161116037970172 0.129550195670499 0.0907284270795162
-0.183437657258767 -0.0308063313996488 0.0436904777565385 0.0636522937379185
-0.119269400435722 0.00230886011478211 -0.0701205978751512 0.18074383144304
-0.0932358405635861 -0.0135615638660408 -0.1784080331971 0.199874063178306
-0.0905910353645168 -0.0666211851978096 -0.28834122260214 0.0505486972151228
0.0103451782767978 -0.183502142553718 -0.222648936030953 -0.20547242443749
0.236887823612799 -0.00100823986649686 0.194203971141692 -0.355358217749682
0.0209752692112268 0.158056498009137 0.590475762579948 0.0956387928864086
0.0555503499312679 0.234778751200067 0.346661018687668 0.661514234617067
-0.164569817856182 0.148803351869149 0.111764233069146 0.917775187606863
0.19285263315902 0.102389887706964 0.299518735780407 0.321827795996059
0.068357469535398 -0.0146182173897143 -0.118835540929845 0.154610193117882
0.121959198012292 0.147186672611552 0.143188521132022 0.374383442059039
0.33609163888902 -0.157630401240278 0.267505076807322 -0.053792414726801
0.0174043771443093 -0.422373814830116 0.0529893837156822 -0.0338963887416768
-0.225196909972007 -0.212905985310474 0.0543087418210943 -0.000175216540143109
-0.178369151399383 -0.0759740377159651 -0.0332145951113113 0.0318709746354237
-0.0802945745615767 -0.0638979356673242 -0.114688802999156 0.165387687390366
-0.0299981906015571 -0.0629826177372159 -0.197284955006943 0.194341544782112
-0.027925698997397 -0.0728360495672489 -0.301677404837858 0.0658781639800566
0.0479807723407978 -0.188193972504575 -0.274093336814994 -0.181900389449158
0.330127530233101 -0.00677242614338507 0.112752983950493 -0.397207487087017
0.0690207335869713 0.26976226493751 0.521893704051831 -0.0445054196678762
0.138582645928328 0.266708563078036 0.502910492416481 0.516273326883117
-0.0185879622676997 0.395698474678662 0.160308718530069 0.864485158089296
0.397653815253612 0.376856613350089 0.125882968429708 0.203309611941526
0.3660123683887 -0.0208016641125985 -0.268800259450526 0.149431402472138
0.179719792898804 -0.00480159984555512 0.041669820120594 0.484125060183356
0.318984953659556 -0.205877963181023 0.396046977801613 0.0438967379820069
-0.00998611953351306 -0.429172612158347 0.124511498135109 -0.17493407441749
-0.197556723500364 -0.212299825863359 -0.0114229242160333 -0.105773636655311
-0.126324003524615 -0.109109099307293 -0.105280089173928 -0.0156580573569981
-0.0298929323773678 -0.121195962581315 -0.14346107422881 0.1260027879282
0.0212878360164836 -0.117608934955304 -0.184479963622362 0.167900275375883
0.0237780208669448 -0.107871619550862 -0.275083414146551 0.0815318973477939
0.104839448574135 -0.206361375506277 -0.296540336233807 -0.132405875715748
0.393828770565778 -0.0122981043283255 -0.0130162845153125 -0.40007551772475
0.155856514647291 0.300322269450361 0.409428931376212 -0.223745807088664
0.214447894734253 0.277797673706216 0.626428205597128 0.292439707446458
0.161837397681018 0.54097873905022 0.203292857179095 0.71375283460622
0.471505927997514 0.611643982903504 -0.0514357699974981 -0.00484823432657791
0.552126576222323 0.111971639720967 -0.405692978750433 0.0700946852114743
0.291150143897866 -0.0888470183844087 -0.135734473658904 0.508052619262969
0.287476085411456 -0.232817375927771 0.425848277787375 0.189851352269951
-0.0350354334657232 -0.362475020444749 0.20128147517751 -0.236433418317341
-0.121240349533508 -0.156023265415332 -0.0371443293113157 -0.187479148072104
-0.0395600509794771 -0.117461097156521 -0.141023938006228 -0.0675745118972682
0.0250341294825042 -0.162429551219805 -0.14902262895315 0.0690020029706427
0.0514416103387647 -0.160096565133085 -0.159797212015484 0.114095338777978
0.0465527090582639 -0.151526355368387 -0.235018942783358 0.0600807642395098
0.141917292170528 -0.231770642541331 -0.258734178842876 -0.104632768518071
0.390122808881467 -0.0259063280795869 -0.0961536882609398 -0.317279325258179
0.219079574435067 0.215620360873858 0.225336563162954 -0.354652138408298
0.306129396009343 0.235535948024385 0.661759057833951 0.0655750910474922
0.351520911696728 0.580382989851909 0.182885209076138 0.506836556739162
0.43100977424453 0.736071939763386 -0.16676097919142 -0.264634336621114
0.5906048475572 0.241214161962717 -0.453500654375738 -0.0840001038189057
0.330195791832588 -0.101968746824266 -0.335910938715881 0.401611219538165
0.23663983540446 -0.192394497105793 0.326781685909797 0.316382502917601
-0.0417997000658824 -0.231248322116538 0.241818165552712 -0.193530351898829
-0.0209782880012323 -0.0676289478600124 -0.0110511264893901 -0.212242072983693
0.0550271898420828 -0.109471962916866 -0.123194195507097 -0.110517688415228
0.0740362754522674 -0.178900635606092 -0.131388700312555 0.00167149662491161
0.061961316417724 -0.17345236986667 -0.140829708917662 0.0455777616514347
0.0476718317253413 -0.167011333429061 -0.204682444677679 -0.00311091702665382
0.131940602514744 -0.215535826553725 -0.173496270281104 -0.134655724008364
0.279980671469149 -0.0436768679672257 -0.0854931435126625 -0.183005723956247
0.223880082344031 0.0411390191489704 0.0252706544890197 -0.37825922456479
0.368315506187402 0.122606503671868 0.589876894609615 -0.0832289173091971
0.5096772796112 0.537738099860268 0.076013897030504 0.276366872153711
0.368360860326024 0.71109648571505 -0.188879285334838 -0.523906938945956
0.517393086621497 0.214407402939417 -0.378166861094739 -0.287822803944376
0.225362335965468 -0.0963749987272883 -0.488838578092817 0.164502100934869
0.133422906060696 -0.104890467220263 0.125486217883587 0.371481961623456
-0.0349054644912741 -0.0653871130981413 0.232034896332817 -0.0693005169989288
0.0707474323464189 0.0155853957782886 0.0591190227469214 -0.177910021428547
0.137682865724099 -0.0887327857321604 -0.0564814592530941 -0.143767407302713
0.111325492045127 -0.169555589413298 -0.0932925910668415 -0.0661496038451255
0.0753132977120941 -0.150669653310123 -0.130497538994105 -0.0193417394161244
0.0506122755320624 -0.124761845757197 -0.198521858835779 -0.0833466340372439
0.084517522503954 -0.120627435856236 -0.085569619605572 -0.199937810708075
0.0876733501341433 -0.0482853343778703 -0.0232198111672416 -0.0658750570503595
0.171202888816938 -0.117351821525225 -0.0994475639242031 -0.336553073402246
0.357534084326826 -0.0324227303777572 0.439654330090469 -0.10901802806289
0.583777558478575 0.441702405284001 -0.0993802224938543 0.0574575224692182
0.319681591026342 0.515858616359641 -0.148548723100968 -0.728864897539916
0.34208288559812 0.0312427395955262 -0.249241210667797 -0.503018059235286
0.0637638595664888 -0.0686679332364366 -0.575339616094671 -0.0768964265009387
0.0198146690170119 -0.0321111831358633 -0.0735924574392898 0.366847637713176
-0.0248695199977984 0.0753711711842766 0.199169264880631 0.0730854374601593
0.126926430297648 0.0627924581829966 0.146875763157476 -0.116107882528298
0.168911118060176 -0.0652303276545382 0.0331865049054375 -0.163457597001683
0.133199963229695 -0.136627725087777 -0.0413249932673328 -0.122459382945149
0.104900144995512 -0.0978074588842392 -0.121088958081844 -0.0629901058374507
0.0852696990803374 -0.0358253787153176 -0.204864563155746 -0.141760111071821
0.03037980246683 0.0344730403416958 -0.0309162296493788 -0.247003515642317
-0.097381239301178 -0.0300417923740266 0.01130607009839 -0.000892284395960281
0.0684916216938364 -0.192126043354551 -0.121795860522297 -0.280517073259612
0.300577676382161 -0.175649111871496 0.24949310263254 -0.0602278460989856
0.532429306710463 0.336784157630573 -0.280210695848099 -0.125347099107624
-0.370064877305429 -0.265677406317172 0.38989671294214 0.260256731328827
-0.258220858904108 0.212359983742497 -0.0845833220216542 0.030261017631192
0.0541804886925014 0.213113992205611 0.106174992109635 0.235118645752032
0.21154768716428 -0.0212015095072831 0.0137985260232953 -0.0369473645898635
0.0202095723435938 -0.20965457150546 0.0160845681708274 0.208795526131856
-0.149185090509916 -0.0671849429724605 0.178274200886764 0.133469434492034
-0.151848872094433 0.0316189735151576 0.0989104356133209 0.0699744413299552
-0.137676399856277 0.0675489474252408 -0.0135160268423225 0.167475838533098
-0.149108404415059 0.0279073196456159 -0.116071003235248 0.188400056196111
-0.132826180120659 -0.0702225911418644 -0.23186019017421 0.0692742209534164
-0.00337868723855159 -0.156838670509799 -0.192867103618376 -0.168425830177874
0.120911260282704 0.00290621658771692 0.178300348747843 -0.342003888834415
0.0140269135635821 0.0706792956516898 0.633502713849668 0.139223396918288
-0.105812330602143 0.162469839118429 0.243977412913676 0.65985163193936
-0.267426121588149 -0.168319215872115 0.11468888309334 0.871384592150316
-0.101228394703764 -0.118228808795256 0.4052564978722 0.32818296436529
-0.166154473002939 0.123895820844006 -0.0319656153886899 0.0946306588401869
0.12548461243986 0.228856419290129 0.146368530594893 0.255765112218673
0.299139993870267 -0.102424333795373 0.107523548730878 -0.067714463429464
0.0267905856896065 -0.344753558049261 0.0199811422890169 0.115974574433248
-0.204119900122693 -0.157430289250141 0.130235491786559 0.0876223570905851
-0.182936242905691 -0.0259352468447404 0.0429111798315879 0.0617230182058667
-0.119302997427131 0.00378274386419784 -0.0675119758875465 0.181241353456532
-0.0928191381447043 -0.0120001769823596 -0.174032192145016 0.201456231599368
-0.0909317276464156 -0.0649406590766656 -0.286013152922924 0.0559587395960937
0.00797650920225745 -0.181872586086236 -0.224562364932418 -0.200837697007168
0.236015149952719 -0.00403457008646549 0.187331528082085 -0.355335946298485
0.0224311938555907 0.15809977738573 0.589293796827782 0.0854624131487077
0.0575215120202947 0.233573271638703 0.35233336582975 0.656286875831679
-0.161989109916019 0.150323580664269 0.120488659280801 0.913497908033976
0.193193847231321 0.0984627463081519 0.305284322425201 0.314061350640237
0.0676540932273753 -0.0152479091739354 -0.117038399031501 0.155774234850273
0.124199813834608 0.144130555221316 0.14721337057208 0.37093969480945
0.332913058949973 -0.161632116779243 0.266923295507486 -0.0548305127185786
0.0104778147887764 -0.42348323269874 0.052814188800099 -0.0354235056816734
-0.227437322559392 -0.208532040290836 0.0543865428641564 -0.000659079954875738
-0.179644065450152 -0.0746071938177145 -0.0332495424037651 0.0319976584255779
-0.0803699342533215 -0.0627913625314592 -0.111596772219974 0.166182708116148
-0.0299485545778741 -0.0632863151955199 -0.193886464208513 0.196516641863776
-0.0283913549709999 -0.0725458464314212 -0.298016261898154 0.0706000008427742
0.0459051533494829 -0.187847231684807 -0.274638791965999 -0.177501036591476
0.329092864982781 -0.0114753934653631 0.108387204134437 -0.3965840339925
0.0731254545341312 0.267775483536627 0.519270282117021 -0.0490348404195758
0.142437111821566 0.262344837013919 0.508061134202 0.511358534121793
-0.0140292196823423 0.393862288490117 0.172042144596489 0.856790145611503
0.401843219489954 0.368889396167466 0.129003063168133 0.200505828923568
0.36392582216437 -0.0256518891783762 -0.264261331880945 0.152592117217092
0.179460794810928 -0.00718776911706459 0.0508275944927357 0.479798617004742
0.315738168367663 -0.208017199864834 0.397012391969487 0.040257709251663
-0.017286773593979 -0.4274934321309 0.121868606456736 -0.175713903808076
-0.198767499555709 -0.208790294470319 -0.0132148624425185 -0.104845155003835
-0.130783292245673 -0.103077420174352 -0.104808440095787 -0.0142375700914858
-0.0299123288925498 -0.121464533787675 -0.140442152361113 0.127835125889846
0.0200763676081741 -0.117912767460663 -0.180793975029255 0.169111400704877
0.0233679213685513 -0.106970591876889 -0.273518520426429 0.08618194142907
0.10097882860721 -0.207646264707312 -0.297540753182296 -0.126745979132215
0.391653654917336 -0.0178806531668953 -0.0181157438724024 -0.398765292120713
0.157490580786312 0.298712252965149 0.4037076466431 -0.228528673552242
0.217262944995196 0.274557665118989 0.626770559774947 0.284623108165207
0.170271327107242 0.536713031178569 0.209317541529318 0.70981289406689
0.474670648940959 0.605305087910243 -0.0511917903123413 -0.00504502797134322
0.553381443961996 0.104276759481246 -0.403896461396199 0.0745582239315606
0.288875494319051 -0.0922478945979624 -0.128200684760504 0.509788263829279
0.282908381155243 -0.236937769166754 0.426724947047621 0.181478972418324
-0.040687526926548 -0.361569357449931 0.196425697918641 -0.238311637418617
-0.123596859600297 -0.15301575809134 -0.040232147883591 -0.186418374715478
-0.0404938756943659 -0.11663834276761 -0.141831852148503 -0.0645881673693693
0.0228654511788702 -0.161506732925601 -0.147152514131424 0.0706347568522675
0.0491583754700431 -0.159661130935488 -0.157654773750383 0.1159645808155
0.0445794875792711 -0.151413852325542 -0.232420380493635 0.0647745555359262
0.137118332964901 -0.23344657954557 -0.259908463999588 -0.0991941190949097
0.387539329500747 -0.0332994722151859 -0.100111614378578 -0.314913726830008
0.22343178656335 0.211343035961759 0.220435385016076 -0.356134903362264
0.308573881054981 0.231597737364083 0.658235376784765 0.0548398516193773
0.358648612611178 0.574440584937213 0.188744315835359 0.500569302790115
0.434273750501255 0.740380054300511 -0.170030014549981 -0.261156810718688
0.591069828754299 0.231177409241914 -0.452650535839999 -0.0760906231168052
0.328234274860387 -0.105825158418276 -0.326913681459919 0.404354536256381
0.229765844305336 -0.197888817758561 0.329719414357199 0.313698700441345
-0.0448394562108471 -0.230274390224034 0.238842511758278 -0.19615947769113
-0.0226361496963421 -0.0666442093607087 -0.015174201422417 -0.210418083669721
0.0577232202644578 -0.110036645960604 -0.125447530840974 -0.107636845276251
0.0725537329904889 -0.178994718979494 -0.129672428512878 0.00354289883147559
0.0606119733853098 -0.173105865397792 -0.139300072934874 0.0473108702379369
0.0421198114993124 -0.165615875513845 -0.203941344812553 -0.000269401572960671
0.126712145750207 -0.217163620394603 -0.174836508038543 -0.129991738475339
0.278351337795287 -0.0481934176879394 -0.088137133369897 -0.18192331227531
0.225648859179068 0.0416736001558114 0.0167549656810336 -0.377725870771729
0.369360477199275 0.11868570912639 0.587948722224185 -0.089904173239732
0.514899552466032 0.526898271138385 0.078846955257487 0.27259982776177
0.366487096129168 0.717302228156363 -0.193682359080971 -0.519280666353766
0.51854959715854 0.205626188125027 -0.378818551942652 -0.283014545063615
0.223232068240212 -0.0978293395071938 -0.484076153925759 0.1701815523772
0.132819578258712 -0.107277003700254 0.130623231186396 0.368193308654025
-0.0360785863288296 -0.0644654220992007 0.229038429575266 -0.072306182497215
0.0705845502114578 0.014439745069592 0.0566662960706123 -0.178395505531937
0.136415319273372 -0.0909488826136415 -0.0585308251063166 -0.141311541478308
0.10706185975175 -0.171258013250167 -0.0936536809695707 -0.0646059824953243
0.0724927772163397 -0.150545665348131 -0.130888718537692 -0.0185334996477177
0.0477127705762762 -0.12490034155747 -0.198822446075632 -0.0793415914435717
0.081917392631362 -0.122751873379427 -0.0891215857250799 -0.197168346010259
0.0874856364251981 -0.0500944189515027 -0.0249201609759028 -0.0659835100306342
0.169556888059897 -0.119391294036124 -0.103520809405453 -0.334629613228208
0.355852672822319 -0.0364459275618677 0.436570186794749 -0.114554266325306
0.587872241612586 0.433315705252627 -0.0986456912575613 0.0579895506040113
0.323048387592737 0.514102575747932 -0.15474797729289 -0.730112082424775
0.340616733530701 0.0262088366495175 -0.252635658999061 -0.499443318574012
0.0631644911807701 -0.0691338935589954 -0.575131073025421 -0.0706366544906057
0.0194961282358662 -0.0331384061647154 -0.0692952907424533 0.366728957632309
-0.0241775174776023 0.0762590602134171 0.198312141566291 0.0686857462264418
0.126828400265484 0.060893286528881 0.143938668237258 -0.118553545060901
0.172243070109002 -0.0652379769854041 0.0310651383017005 -0.164418378392942
0.129677639948905 -0.138459543886589 -0.0421692079938471 -0.121095312054162
0.103680803322926 -0.0990587532144083 -0.12101563533926 -0.0612633690614661
0.083078645868493 -0.0363762857567685 -0.207202866642724 -0.133226678751076
0.0310995244556394 0.0341017033789737 -0.0366017715696056 -0.2449355581977
-0.0966988929423703 -0.0289518383219203 0.0098236050837529 -0.00165376103831172
0.0661181575047229 -0.191793243390651 -0.122892914850128 -0.279697138503617
0.296330631876789 -0.179182097980439 0.247234749305143 -0.063527305282252
0.534696001567131 0.325708048941472 -0.281332018662614 -0.119594506651487
-0.372230118559352 -0.2591795859071 0.391931751583123 0.255356391928054
-0.253322605846218 0.214967203773603 -0.0834054858973892 0.0309500146513362
0.0573514189289225 0.210689650012542 0.109882681316122 0.232015642778155
0.209929599327219 -0.0241980621817319 0.0138531387697696 -0.0360313515620932
0.0167977122000858 -0.209300139016036 0.0202676020774488 0.206810538483388
-0.149068134846594 -0.0649371942908559 0.179241108071422 0.131010360268326
-0.150611808239734 0.0335540291306516 0.0986104733396644 0.0677740903556984
-0.136488322136177 0.0688655643579107 -0.0105492997193095 0.167078054176858
-0.147772763177871 0.0294771293520547 -0.112201904041 0.18950727744765
-0.132833290550597 -0.0688828480602984 -0.228642136952095 0.0723685019463818
-0.00482664576683901 -0.156042450630947 -0.193078415940674 -0.163666969651315
0.119411178790815 0.00117771136123421 0.172543664463332 -0.342460187803671
0.0151322360732089 0.0699901778597953 0.632062903767166 0.128881621644615
-0.102740596089989 0.16286877623411 0.251031538775786 0.650711777964011
-0.266947080960167 -0.163452993764621 0.125135283877371 0.865778300386739
-0.102958040769914 -0.1173754684504 0.408077722437937 0.323377281875757
-0.162927515303101 0.125878279198697 -0.0309037708318905 0.0944912858796857
0.129295526422994 0.225658095824264 0.14787225171251 0.253991438363877
0.295791440582947 -0.109551898907005 0.106927997845767 -0.0679268573215722
0.0210092133103128 -0.343879933078108 0.0225872642010562 0.114824940649411
-0.205044015685836 -0.152914768680168 0.131021301872909 0.0849518519079648
-0.182667667880987 -0.0234702895986581 0.043131563228361 0.0607356150282628
-0.117252703305064 0.00562684025250847 -0.0647078402513877 0.180920989132386
-0.0925689813054831 -0.0121357067899467 -0.169643054756881 0.203142612176629
-0.090213988323418 -0.0640770585851304 -0.284293468415063 0.0589127096254012
0.00560229297998694 -0.181504808788426 -0.225455581106766 -0.196725933782465
0.234297772537291 -0.00735405383960464 0.181864689652747 -0.355853319157474
0.0242715523337965 0.157146162404593 0.586782598686194 0.0790011999560503
0.0606166684059856 0.231309509943042 0.35867290880468 0.650510130596335
-0.159222114388964 0.150565267116555 0.131158299044984 0.906744379398265
0.193699811779685 0.094334115758728 0.308021582645371 0.30817200092004
0.068461951313007 -0.016144655464672 -0.114802781633187 0.156095824528122
0.126691515215259 0.141422497856292 0.151455861289909 0.368506430684599
0.328073060390857 -0.167277136976715 0.264753501087947 -0.0591473150021099
0.00516245105151081 -0.420072583893928 0.0522704206836588 -0.036320829672542
-0.229912480408009 -0.20448711723234 0.0541532950014791 -0.0025193245291492
-0.179675523571752 -0.0714357362049949 -0.0332135313594139 0.0316553289313346
-0.0807476395117689 -0.0621361888658843 -0.109257718046993 0.167702432560473
-0.0304955580011778 -0.0626320485766698 -0.189817154183669 0.198167905245257
-0.0286661928925639 -0.072392367552128 -0.295899168405267 0.0747269786892275
0.0433058730613685 -0.186638021562791 -0.274782707378399 -0.173459518431336
0.327279065222362 -0.0154698825750086 0.102134686814611 -0.395816190004109
0.0768264748608309 0.266872371681888 0.51582192770962 -0.0573084514250857
0.144200754523658 0.260359741666295 0.511109905373825 0.49984771637385
-0.00769750097691271 0.391404451173158 0.18160999917358 0.852923646515698
0.406933799056514 0.354621674532575 0.132064705230652 0.196098076889211
0.362850646051842 -0.0313133094626716 -0.262211539266611 0.155062831995821
0.179347104233905 -0.00949219105510227 0.0535626923910645 0.479578949849557
0.307471215341425 -0.215610666624202 0.396175751609411 0.0332338624953736
-0.0238525494703888 -0.426754082062201 0.118616219402771 -0.17704868734309
-0.200877972480811 -0.203120469915331 -0.0146709544708583 -0.103657121736982
-0.13055769649991 -0.101544637879876 -0.105336817242614 -0.0127879628772547
-0.0313974176862236 -0.121360207668271 -0.137969369322209 0.129547466945486
0.0195071039118612 -0.117434199008803 -0.176660388927839 0.170775964440034
0.0216204051447586 -0.107033081800001 -0.272497050573653 0.088405578129699
0.0975369127587069 -0.207026547679405 -0.297789575288085 -0.122394453690183
0.389463910266153 -0.0239279342185019 -0.0230618920784509 -0.396117740185594
0.161056037903605 0.29710967438646 0.403775078535906 -0.230356341691081
0.2187152168744 0.269906117617207 0.625218875940751 0.27344714943159
0.175445828075874 0.530969686437374 0.216793579753165 0.705038940046884
0.474890448796077 0.608663764953707 -0.0501032278824959 -0.00452994374797032
0.551751987574101 0.0957087903835951 -0.400095597065337 0.0800325064745398
0.286117686493369 -0.0953065696984072 -0.121498004393979 0.508457066995088
0.279305242782656 -0.239389618957141 0.429302650347282 0.175433313725552
-0.0469169938870261 -0.359335199220876 0.191340150724241 -0.240423594632175
-0.12624564367487 -0.150344922162841 -0.0429366464657668 -0.185082739787305
-0.0424144638920978 -0.114676043488636 -0.142398079528653 -0.0625963382129125
0.0206990110254814 -0.162549426371878 -0.145150945384056 0.0727161678136097
0.0464861667890279 -0.159719926945288 -0.154926244306418 0.11763778545779
0.0421348190008542 -0.151585848658906 -0.229740884048669 0.0670125525646641
0.134009138201828 -0.234087873143541 -0.260672520898196 -0.0945883739592934
0.38580558381239 -0.0381777240127902 -0.104543280264117 -0.312767062036243
0.225905167152788 0.207981159864162 0.215008102289279 -0.357862294049412
0.309272354171885 0.227435321703419 0.657278960709015 0.0455590618204258
0.363001749867529 0.566086777254899 0.1925031788846 0.496040557334015
0.432011812144983 0.74355578714804 -0.170633037049298 -0.261005072728643
0.590208221272425 0.222918274347169 -0.452574520601278 -0.0738741592917835
0.325666331304451 -0.108397623559975 -0.324101861168303 0.406609467001871
0.221110292664778 -0.203529016316902 0.334081192120703 0.30520971426541
-0.0480140881720275 -0.228340136731854 0.232340164547921 -0.19983865785575
-0.0236194716553213 -0.0662874511903021 -0.0179896237955682 -0.210378855953283
0.0619323392089116 -0.110742901733401 -0.12620031894401 -0.10727258649159
0.0668151943775235 -0.18049721231927 -0.129030355046671 0.00446800870957058
0.0562791162083095 -0.173394893578463 -0.137487895009402 0.0489336228349738
0.0385652695779312 -0.16487690537351 -0.20043341708694 0.00439466795325866
0.125161610774233 -0.219079383235879 -0.176447010212812 -0.125712179766847
0.277241805900361 -0.0523707521437481 -0.0902177056666129 -0.179731745418296
0.226098604626627 0.0386374162549294 0.0152118594942468 -0.376247872910178
0.368393676472658 0.114397431678609 0.581528880844437 -0.100553049808324
0.518002722702752 0.515396861500699 0.0822473489374249 0.268921031477911
0.366098054699558 0.718632040753314 -0.201594073973894 -0.514021842375935
0.518421822667015 0.200333227779503 -0.380619541002561 -0.276289343496666
0.222058479622135 -0.100844008222416 -0.479369976511626 0.173690437310421
0.130171088325153 -0.108912191834876 0.134639394234804 0.363976586352475
-0.0365011458930655 -0.0639934187681322 0.226891970227675 -0.0757515641039077
0.0696734600102874 0.0136479366708674 0.0531942472112894 -0.178580691691737
0.134944398051106 -0.0920586402124534 -0.0606875318815345 -0.139726932619542
0.105122416983803 -0.172588545000543 -0.0927378796683237 -0.063321645263465
0.0700285718371695 -0.149530372517013 -0.129990846049992 -0.0149304928241796
0.0455314167811229 -0.124984022592393 -0.198531476916843 -0.0758080105275413
0.0794351434703918 -0.123360264181814 -0.0918856300690948 -0.19573659753366
0.0867136529600961 -0.0513581553742313 -0.0256642911680373 -0.0662187190527236
0.168388000721028 -0.12034496598476 -0.107086095781116 -0.331730707584931
0.353341821958693 -0.039432104240607 0.432494301781663 -0.12139605292998
0.59041734587561 0.423528870460652 -0.0977691958392945 0.0586565089089252
0.323594945507435 0.515839416683823 -0.15895904107005 -0.724324241464424
0.337161771601922 0.0221923081502383 -0.2579165703941 -0.49594926740954
0.0621389864392773 -0.0688439126569105 -0.574977784966848 -0.0648527228652411
0.0192027840005353 -0.0340187597969518 -0.0600210743337704 0.363688445167087
-0.0223099723092707 0.0753413587235822 0.197269967873162 0.0651220194901444
0.126999689951535 0.0583950677150033 0.141698606219982 -0.119656773249082
0.171643620303153 -0.0664956932315568 0.0306960911384812 -0.164163814994832
0.126326548123439 -0.139055906694745 -0.0425323793414952 -0.12082087542179
0.100973487674726 -0.10048554690613 -0.1212178877651 -0.0600538490233436
0.0820162660127244 -0.0363908413851804 -0.208838892549383 -0.127091247157648
0.030689658248924 0.0331464094449398 -0.0424582214253217 -0.242481467013365
-0.0959186775014957 -0.0276784735484671 0.0103116619587925 -0.00229507459585608
0.0597895139015588 -0.190769875405125 -0.124455526120351 -0.277711062150406
0.290252511479244 -0.183152228926533 0.244619088398072 -0.067009193078443
0.535922599807106 0.316591756941 -0.281322397252211 -0.115905957329728
-0.371922467072664 -0.253188088065283 0.393505643067892 0.249459962492153
-0.250155491843103 0.215720781962964 -0.0827381115357851 0.0313416017235402
0.0593406535607841 0.209011777545078 0.111976583920754 0.229439368030483
0.20776673877819 -0.0269798585881574 0.0131752427758815 -0.0354793912361831
0.0128804610248338 -0.208640744656983 0.0227085947417638 0.205837322560762
-0.148591279305545 -0.0628079329334491 0.179947003806955 0.126580588171695
-0.149348229155951 0.0351392117791033 0.0981244747935935 0.0656903640098298
-0.134868458841584 0.0701106123842493 -0.00796576796286944 0.166575645641102
-0.146484794940439 0.0305706579743923 -0.109369272307903 0.189577889902298
-0.132834359025915 -0.0671227302563711 -0.226952131277934 0.0746422137936435
-0.00609922332247231 -0.155307445610879 -0.194019137554339 -0.159925720572314
0.119036361649443 -0.000391113302480742 0.167639133972989 -0.342235062054129
0.0153958561658372 0.0696930606353205 0.630515318164131 0.122044977409645
-0.100286167735998 0.162818152115385 0.255521614209623 0.646366956457545
-0.26743070010621 -0.158840245992498 0.133098190433785 0.859613962605639
-0.103054212733803 -0.114047415728952 0.409257796879666 0.317649269322887
-0.159746465604071 0.12844173172181 -0.0287340811955429 0.0937876796352768
0.130932421050075 0.2222236928986 0.150262522967285 0.250062557525364
0.292150584564353 -0.112494580227447 0.106543112307265 -0.0680746870617265
0.0156891359407162 -0.341814696286903 0.0245116350160642 0.113776526770333
-0.205023024457006 -0.149409897271895 0.131407060437549 0.0822213868969996
-0.18186095470899 -0.0230224833143563 0.043454452791683 0.0593853118039258
-0.117590013911854 0.00675960568499846 -0.0611593833570977 0.181283466023363
-0.0919605143787709 -0.0101256162937413 -0.167743446548307 0.202974827427707
-0.0906023098979298 -0.0620580039420797 -0.280274121642024 0.0627187098748984
0.00327512456912108 -0.180743507793264 -0.22622314221127 -0.19219996789202
0.233225737538339 -0.0102792703546881 0.177118979369764 -0.35570447893386
0.0263800911265219 0.156697222240563 0.584884671125031 0.07309614066449
0.0622196625814944 0.228745888315603 0.364113247664593 0.642252176523936
-0.155417044453351 0.151947986448174 0.142907848863592 0.899341198649029
0.194002255887088 0.0932025863758006 0.30941805953822 0.304441996680429
0.0676261259797082 -0.0165917644613214 -0.112317602598588 0.156365424227982
0.128232335082411 0.139262369724067 0.154490802047707 0.364428342596303
0.324041336047059 -0.171510568626488 0.262680313624803 -0.0607138076559885
-0.00252375466288498 -0.417729655421054 0.0522861312162324 -0.0373986941503577
-0.231281279387033 -0.199029714387328 0.054454939970815 -0.00338716284061606
-0.179246259804953 -0.0684790594278533 -0.0330244223171382 0.0318462995225442
-0.0806572583037769 -0.0608232727663641 -0.106635771781925 0.168198044055299
-0.0313893545078919 -0.0615500148117606 -0.186269847709966 0.199884917386803
-0.029612744143681 -0.0713144589675341 -0.292663915016451 0.0784938028178905
0.0401061753309026 -0.186596358203725 -0.275324082371034 -0.167321159575157
0.327023459589144 -0.0208138589526709 0.0960281899464711 -0.393939568772034
0.0804052905360064 0.262745510185905 0.513193452584955 -0.0620591641163838
0.146244360940011 0.257058061035679 0.512862468629661 0.492645783715079
-0.00306237891465086 0.390256747621825 0.189923558490076 0.841823621201563
0.407694904250844 0.349926112481104 0.133286491282799 0.193499592566784
0.360414883586018 -0.0348342672181616 -0.261159807565957 0.156669234083443
0.179379586702922 -0.011377675530196 0.0586887250289932 0.477177622676677
0.301660337045945 -0.220536028492646 0.393587667180111 0.0275309739601953
-0.0297538156130679 -0.423292583491117 0.115013649263508 -0.17870229970016
-0.203484308373938 -0.198931153978713 -0.0162480072157846 -0.10470649373273
-0.127829414152702 -0.102125706176811 -0.105742878406158 -0.0118651230256784
-0.0334133607061368 -0.12015356171855 -0.136111088568673 0.130476362937265
0.0175007354280894 -0.117338163838307 -0.173856328837842 0.17215975632354
0.019150946353213 -0.106836430073474 -0.268451256933813 0.0913515055471944
0.0948511718084697 -0.206871775455668 -0.296908161330196 -0.118302975289385
0.387275751046778 -0.029405621207249 -0.0282404531202322 -0.392488145342965
0.16785824996063 0.291712471026213 0.398406152805532 -0.234302027849917
0.221348971200736 0.26545071572498 0.626064324486096 0.266115984992985
0.181101255584064 0.524388103852948 0.225600798802455 0.695238843308415
0.478994426810517 0.599735420468136 -0.0503144037923958 -0.00389614178215473
0.548309567309406 0.0886907005456357 -0.397446498926161 0.0839413844226642
0.284992300717393 -0.0985220507933662 -0.114696493626356 0.506890182548708
0.274452272317233 -0.243797231773051 0.429195709930835 0.168562047127286
-0.0505622407340887 -0.356372750788703 0.187243473029555 -0.241697674285505
-0.1262263625104 -0.148065863422903 -0.0456165957678543 -0.184021347141602
-0.043096282062203 -0.114244676319135 -0.143789972111472 -0.0606164925439107
0.0185988913577171 -0.162148830819919 -0.143667659541866 0.0740157488831658
0.0443565795485987 -0.160107934290062 -0.152034351135783 0.118912568221354
0.0401877227734178 -0.150896547373399 -0.227095855140185 0.0701777895310404
0.129194283000716 -0.234109635566745 -0.258879284307787 -0.0906449112535164
0.383755985770854 -0.0436315545045752 -0.109248766586176 -0.31003013321744
0.227159960578024 0.204602207337472 0.210380025450688 -0.3570647354971
0.309908709144639 0.221739925957776 0.654560661673666 0.0387883838785183
0.368512471737442 0.559042182715471 0.196600546716295 0.492523077359816
0.447176825066211 0.723011144420594 -0.172762244585637 -0.256776271584734
0.588940418358111 0.215345740631417 -0.450548263719443 -0.0671420973097876
0.32270555428019 -0.111024955041774 -0.318720672680287 0.408187394467866
0.223858634425053 -0.203161684789953 0.3359944840761 0.296360996990978
-0.050990402626191 -0.225344428838927 0.228174422993561 -0.20029449329006
-0.024958391487036 -0.0657339025771034 -0.0195917935257728 -0.209458032438005
0.0557004379439568 -0.111013722021835 -0.12764423356303 -0.105391849428392
0.0633508241986905 -0.180939369201896 -0.128326259439936 0.00707674165495168
0.0540736125844708 -0.172101459010276 -0.135808120718784 0.0503331077323705
0.0389056742182436 -0.164642619975535 -0.200106174495772 0.00710839299596799
0.121029322845293 -0.218937988136463 -0.176585282648424 -0.123668579792071
0.275608488951982 -0.0566178422852701 -0.0924796478114873 -0.178150369124958
0.226051634071441 0.0318062990662528 0.0142203070867438 -0.376114644851211
0.36792202937341 0.10872845485646 0.578031084774845 -0.105816033029295
0.520921340606868 0.510231971013159 0.0842989186320737 0.266191305673617
0.382247908490101 0.696335569281363 -0.205174495942736 -0.509402429284287
0.517774160284808 0.19263951878207 -0.380173362621742 -0.2712059217348
0.219082218285484 -0.102197637437093 -0.475958983369432 0.177313181081322
0.129448398521318 -0.111149418546694 0.139741019182881 0.361576951421804
-0.0376445390157941 -0.0632323571867216 0.224254690009586 -0.077576447134461
0.0695732525696247 0.012935033948106 0.0499124062245509 -0.179256594917444
0.132319009637022 -0.0944395843398388 -0.0620242192970334 -0.138832683921872
0.102996815914353 -0.173201125755258 -0.0934180045348692 -0.0622369974982754
0.0673717154967883 -0.15074275971292 -0.12847658015194 -0.0141669628978551
0.0432508358607887 -0.124791855142819 -0.19870976466079 -0.0729858093460709
0.0768291792386112 -0.12419747107986 -0.0939812061454301 -0.191885653230522
0.086048007427892 -0.052667065102159 -0.0267954286790487 -0.0655777219455018
0.166318467451451 -0.121148570989718 -0.11064115757649 -0.329081003749984
0.351825116385798 -0.0436083985441205 0.428122291293523 -0.124121015378366
0.590546568236149 0.413386342435779 -0.0974535182388646 0.0596874443466963
0.330186607066313 0.502874908518032 -0.171727500410765 -0.71614576923991
0.336945783476837 0.0198863670238284 -0.262237777250907 -0.487998004026817
0.0606655471248245 -0.0694002424936962 -0.571503291475913 -0.0567899446032986
0.0193919800275438 -0.0336984194742629 -0.0547208379778431 0.361004528156126
-0.0216882125654086 0.0750754335646197 0.196894310679329 0.0629681751716488
0.126209704941475 0.0566034525266145 0.139434329994878 -0.12135583056845
0.163414924470445 -0.0709137375848971 0.0278000517760757 -0.163789053268062
0.124300646370465 -0.140349533996723 -0.0441534724944664 -0.119565080607196
0.098629492088062 -0.0998426245937099 -0.120135550457 -0.057453527329369
0.0819569443677329 -0.0381518952757955 -0.209763886446901 -0.126500677109227
0.0316960586109544 0.031808896785399 -0.044524919150772 -0.241097617684706
-0.0950615634712266 -0.0265297711719642 0.00951168943484463 -0.00375162531058136
0.0582952844652279 -0.190546746475476 -0.12857442523571 -0.271702403148836
0.287620005857096 -0.183493559303919 0.24333832889318 -0.0684428052049153
0.53835722339997 0.309561706522555 -0.282033390824507 -0.112941306682028
-0.372398391850165 -0.246189539462812 0.393806498761796 0.243067657499174
-0.245459445505742 0.217730869925077 -0.08217172312362 0.0321178963509549
0.0625694030222277 0.20592546833539 0.114196143638957 0.227170527539596
0.205844818274347 -0.030297309633601 0.0140753049070845 -0.0351287397738268
0.00897107458476425 -0.207403782620019 0.0257846012229605 0.203852363491764
-0.148451169817225 -0.0602383566882701 0.180806638452265 0.123445049275429
-0.147719681841989 0.036403808559498 0.0983831265569379 0.0649142793926476
-0.132872670923106 0.0706613544175914 -0.00665865675427963 0.165779401944757
-0.145082351696794 0.032355279457861 -0.106328707030795 0.18993401894762
-0.132459572170569 -0.066093690237913 -0.223782928869229 0.0776077697061454
-0.00777554176087617 -0.153659313581856 -0.193976741645658 -0.156933965442189
0.118721684633312 -0.00123291365568482 0.163527976768696 -0.341815865978122
0.0156743493193249 0.0696195661177806 0.626887112549339 0.115762327618739
-0.097887948982192 0.161956172413342 0.260923962834096 0.641252058401071
-0.266267802017548 -0.155689034679503 0.141468073653884 0.853488679290015
-0.103226200206327 -0.111191809412852 0.41142760377372 0.308540324799647
-0.157013303236669 0.128733425785979 -0.0276875071392845 0.0938695597926069
0.133013889920245 0.219163882831648 0.153249514913509 0.246868182389332
0.289561912239426 -0.114291124545001 0.104692362197954 -0.0684220921035307
0.0110345859410964 -0.34131621998663 0.0258383877818918 0.112378961246306
-0.205481620640841 -0.146090191975278 0.1320940950895 0.0800586635613006
-0.1801768644408 -0.020186709211646 0.0437323494542231 0.0590232625615536
-0.115421802716951 0.00755935483626144 -0.058946361120289 0.181658221607311
-0.091031501922535 -0.0095614882058453 -0.163572225392827 0.204042153118255
-0.0899859802058034 -0.0613231999432843 -0.278975267489138 0.0660887762897792
0.000907863708249989 -0.179735017896693 -0.226654241057725 -0.188076212716813
0.231938859099043 -0.0119087107351986 0.171235912093578 -0.354871392358132
0.0280629655948873 0.155531151440607 0.583305887941916 0.0650676950235333
0.0649079484722827 0.2265886304843 0.367488828636047 0.636101868248148
-0.153122948277402 0.152852581526393 0.1453423456465 0.893432389259998
0.194935419747851 0.0920161290432223 0.312349836860989 0.301127126007513
0.0680439142095139 -0.0172989496756428 -0.109927638298368 0.155828313215716
0.130429658414475 0.136506333942413 0.157107008546764 0.360425596042578
0.319390699251022 -0.174261082550624 0.26076433641753 -0.0637362525952349
-0.00847417914024825 -0.415776088323697 0.0509369281456164 -0.0376408770986529
-0.232333900483418 -0.195461190581288 0.0535936827232244 -0.00448256530881941
-0.179074782143994 -0.0658339304033757 -0.0324970795965117 0.0319724103281192
-0.0815680206406701 -0.0599933164517197 -0.103296689660267 0.168253844695053
-0.0315137561787157 -0.061644951890203 -0.181863086726271 0.200347680619665
-0.0299916832165302 -0.0703835071421835 -0.289186937738172 0.0807636067763491
0.0383697852881227 -0.184840087098544 -0.275000362055796 -0.162292768956015
0.324540416236614 -0.0239236285536273 0.090602609172224 -0.392161978267534
0.0832349857320558 0.261759460162544 0.508799033813917 -0.0668289615510956
0.148458166840378 0.25403273082515 0.516376055638499 0.484163923831281
0.00151463639422478 0.38749225532557 0.194189205301639 0.835770160962119
0.408999582532832 0.350647976415677 0.134720453926943 0.19214364894182
0.357759102849924 -0.0383449215842075 -0.256889035976911 0.159300740404252
0.178884680021596 -0.0143530981667334 0.0647749505431234 0.472461889614588
0.301468916614357 -0.220083613759478 0.393373719334852 0.0250301748369483
-0.035205522230784 -0.419380772691587 0.112135583966817 -0.179659232591386
-0.20511700399472 -0.195341953566567 -0.0171654369034058 -0.103497970778895
-0.129352959360636 -0.0994121541732672 -0.105644717649793 -0.0110719759205462
-0.0335752986965513 -0.119231374636378 -0.132744740597094 0.131200306003411
0.0159807008677835 -0.116248000724205 -0.170617104363661 0.172053215696002
0.0192301637639462 -0.106085693329376 -0.263402488013771 0.0948666814870378
0.0909682467721432 -0.206691699264573 -0.295760324536878 -0.112523616881193
0.38581163564625 -0.0336181246258723 -0.0335656318002317 -0.389170039504453
0.171749428103252 0.287848451745473 0.389212425795037 -0.23878853874289
0.222442345891133 0.262856946831379 0.624388572215461 0.261052260997434
0.183861496177898 0.521069229037531 0.232076974598166 0.68782300889051
0.489049862194782 0.576707259263746 -0.0504400817490504 -0.0039014975681381
0.546761696987011 0.082304447193758 -0.394016446417872 0.0870276945312672
0.28270404632973 -0.10090428714395 -0.107745518175072 0.506047215050888
0.270343926020301 -0.246532081228788 0.427971094784627 0.163878729648933
-0.0546193798448046 -0.354332088525872 0.182072535458049 -0.242764841757366
-0.127462569331866 -0.144167349502773 -0.0475602931106634 -0.182324894455417
-0.0444251103010314 -0.112836582977372 -0.143552852008279 -0.0586046341802909
0.0169095984157128 -0.161895878239549 -0.142034681018861 0.0750203047310776
0.0420525590948207 -0.159341695448923 -0.149550889336739 0.11937158934726
0.0379416414860537 -0.149260808876325 -0.225307242447812 0.0720732058622692
0.125135466527152 -0.234727076176079 -0.258275858567477 -0.0863643954418094
0.381009381469002 -0.0480792322956384 -0.112390109168892 -0.307024336310559
0.229670620518484 0.201035898815396 0.205274781423072 -0.357846916139184
0.309859849637127 0.217781449582971 0.650313776945977 0.0314388223465666
0.371422610779006 0.551533963904891 0.200561961188119 0.486385542598822
0.456050055650505 0.700051596797917 -0.176152279610118 -0.250678307049098
0.586683988725312 0.206877063355158 -0.44797166750237 -0.0609630664488772
0.319657768100516 -0.115615243382791 -0.310485474697295 0.408251252511867
0.224532601545024 -0.203756164143629 0.337434875250374 0.293850245590798
-0.0537044149099985 -0.223836513403738 0.224647956642413 -0.202810050218977
-0.0248536069300292 -0.0634964128575409 -0.0225550880124604 -0.208896252844161
0.0484216478900079 -0.11044400391805 -0.129610239475244 -0.101595710084066
0.0629968609711624 -0.179884612167187 -0.127472040304065 0.00848930018637258
0.0527464793536318 -0.172495736734846 -0.13420442512079 0.0515164712891207
0.0372825660418553 -0.163877996652733 -0.198829407033572 0.00725221323679354
0.115476416231824 -0.219538643588816 -0.177764217731782 -0.120680425620694
0.273572267971917 -0.0606506607231819 -0.0950823546674418 -0.176945174293119
0.225706513176798 0.0307988214383206 0.00695292589776101 -0.372531426959604
0.366351891704263 0.105015705174784 0.574355711067864 -0.108907439367645
0.523386929369936 0.501384680694102 0.0835808383836402 0.264413582682321
0.393087425683624 0.676677833525647 -0.209308250655482 -0.503530761160743
0.516736709901534 0.185578317224837 -0.379739335639429 -0.265586412310419
0.217102965714087 -0.103938709308756 -0.469836616165341 0.183648498240549
0.127229589368516 -0.112934959383739 0.144385874028009 0.357320218311413
-0.0382695277284646 -0.0629834280511159 0.220887928198412 -0.0799733329581739
0.0699291253589175 0.0127255395009826 0.0476440633780919 -0.178349102528289
0.130164031411953 -0.0948777724639172 -0.0641971596649415 -0.136627949384866
0.099772112508233 -0.173471384147517 -0.0926902637324796 -0.0597656209693782
0.064637498869319 -0.150327303488283 -0.127530608645037 -0.0133528730434207
0.0416313322951143 -0.123208710249551 -0.19808324535284 -0.0687853085241421
0.0738242683023359 -0.12396081627835 -0.096344520800128 -0.189573118824091
0.0852562500978353 -0.0539067490529694 -0.0286587481390997 -0.0656979359218348
0.164994047580556 -0.12241906164369 -0.112704361060082 -0.325991971208591
0.347659142731205 -0.0465674857713365 0.42422906632647 -0.128724874760734
0.58960140416189 0.402676551162089 -0.0970956443751137 0.0595283580792099
0.337361902168828 0.488594789103697 -0.178199512620097 -0.70864303426622
0.333570606861991 0.0160006740089737 -0.265905113273351 -0.480928022809598
0.0595319222585213 -0.0691973665010269 -0.568069079619697 -0.0496058132732971
0.0197188528921451 -0.0348546654326247 -0.0516533847961548 0.359874394261738
-0.0205542455987844 0.0754940681167279 0.196821452138225 0.0610329319852614
0.126693982556219 0.0554649597803679 0.135737356383829 -0.122085821043878
0.16194462967132 -0.0716714195329597 0.023004823062091 -0.162501315848796
0.12307517448571 -0.141350346136574 -0.0465927605015338 -0.11891338145932
0.0970890424641362 -0.100798028767257 -0.120168659731237 -0.0553555731407349
0.0798937134119152 -0.0386491424120883 -0.208813061413906 -0.124892492177284
0.0312030406998435 0.0311255696813436 -0.0465584971555494 -0.239817111127996
-0.0948462167136373 -0.0258136585647586 0.00890877233496654 -0.00378196015422604
0.0594553500985804 -0.191024383531988 -0.13280412501828 -0.268344498508133
0.284093831275577 -0.185500019329068 0.240863756839684 -0.0709840069015263
0.536333860770276 0.302620127970569 -0.281943314613558 -0.109407104110076
-0.371979009830451 -0.241877865011402 0.394297888881209 0.237523730082464
-0.241151193450309 0.218882605687014 -0.080607823816467 0.0327204533715635
0.064421008070703 0.204114527534948 0.114580747738681 0.224345245918314
0.204121804618194 -0.0325422501910907 0.0139044578974319 -0.0339302635757398
0.00614529441707085 -0.20611008444772 0.0281461672041958 0.201682605347683
-0.146870967562897 -0.0584627937351963 0.181527251943821 0.119512053012281
-0.146247708355954 0.0375714236511053 0.0973705201611009 0.0629718652704527
-0.131894712681307 0.0720361179119216 -0.00361162375354414 0.164442411837468
-0.144022063917982 0.0330822029286176 -0.103237661760825 0.18966078443888
-0.132692288367475 -0.0633091274931938 -0.221954715252188 0.0797731380723499
-0.00969069807958936 -0.152173565805793 -0.195034228414783 -0.153028070587265
0.117427598627897 -0.00192828687855202 0.158804633369274 -0.340577935442163
0.0164553597876808 0.0683621366765585 0.623686483905522 0.108428227224688
-0.095166128150209 0.161905993635909 0.263493287370938 0.635801089116858
-0.266067756211293 -0.151484639770339 0.146543484278816 0.846208467900802
-0.103009726380958 -0.110000812040631 0.412373291119724 0.302673909904922
-0.15500553423883 0.129660410694594 -0.0267232059864736 0.0932149072859333
0.135478239897536 0.215830581917517 0.154275729796211 0.244229668576665
0.285720255826402 -0.11804642476702 0.103901069787444 -0.0686420221964792
0.00483109746058162 -0.339387309950655 0.0274058749511714 0.11082210039584
-0.205900320510046 -0.141981598107008 0.131516605027386 0.0770584702910906
-0.17928484976216 -0.0159872843073678 0.0430763388289331 0.0583474168776837
-0.114882880061965 0.00800993883138299 -0.056782220579616 0.180807467490645
-0.0909698775399529 -0.00880237327796729 -0.158918030120704 0.20451862711128
-0.0896190158665831 -0.0606148925094066 -0.275816241334565 0.0695333772794777
-0.00025432225706884 -0.177569429413086 -0.226366121737785 -0.18334866599272
0.229980119813342 -0.0146978867118876 0.165295459606403 -0.354005845191757
0.0294861679048389 0.15413355406337 0.577954387507954 0.0584639183560112
0.066475581721691 0.223916326972671 0.371903145500954 0.626801670951362
-0.150200935852062 0.153432435229298 0.154087193300452 0.886639173706067
0.194714861184917 0.0887203778811457 0.313974761849218 0.291258845381828
0.0675761170572229 -0.0178112917552689 -0.108289887982794 0.157179289546617
0.131668031847834 0.132656474201589 0.161358373378775 0.356407906959853
0.315994817529363 -0.178296778182016 0.258984125937099 -0.0653843189898204
-0.0134066699494433 -0.413439185319389 0.0508602359992983 -0.0390203002254267
-0.23302475963993 -0.190670822053077 0.0538391122313367 -0.00477503882599784
-0.177839021566787 -0.0641553003451854 -0.0325219498999952 0.0319265254499529
-0.0807287044196771 -0.058867176492276 -0.100654553616925 0.16888039152359
-0.0317163663205041 -0.0609893530402637 -0.178059314859596 0.201879744060904
-0.0298508783533865 -0.0700654196428902 -0.285766934206529 0.0837260361139009
0.0358954326203217 -0.184351774534082 -0.273081169000519 -0.15755884603564
0.321672003022347 -0.0281621620747965 0.0865279361492639 -0.390552936088779
0.085423389548271 0.259745514394891 0.506032982232549 -0.0726007122548374
0.148930786506686 0.25061885892509 0.515061060895085 0.475782833874583
0.00426135951065972 0.384887389016724 0.202379636975925 0.826821229425492
0.41032315192522 0.342605685482441 0.135938169158645 0.189276644138331
0.355034478657559 -0.043224592111493 -0.252044743202198 0.161407864379627
0.178148177697094 -0.0166265133521475 0.0693984255291075 0.469484185363129
0.299510221045069 -0.222519008531426 0.391342716047226 0.0212634807670802
-0.0400140135228044 -0.417863789186941 0.10891022441007 -0.179138605244066
-0.204270944637862 -0.191553979682194 -0.0180773578286868 -0.103883761552072
-0.131701926508594 -0.0943276240409803 -0.105263870823392 -0.00961478157131118
-0.0344131800892174 -0.119523482703747 -0.130114389220895 0.131834778350942
0.0154065775903925 -0.115746979945657 -0.166555677178025 0.173597950707336
0.0191127581945394 -0.105275266376662 -0.261948222411216 0.0965322788331369
0.0880196514790741 -0.206454533077575 -0.294872033754969 -0.107608103440832
0.38251861986885 -0.0379347705315756 -0.0379389499744027 -0.386961972368561
0.170752049145923 0.288768512451523 0.385118258837623 -0.242813692681036
0.223194704822486 0.259087216241587 0.622957234948039 0.250213840607516
0.18857493770745 0.51598621568665 0.232573401564468 0.684913450186663
0.492067198120047 0.569349922124979 -0.0494191128182108 -0.00331978401342165
0.54418911499622 0.0766271304907327 -0.390298364212291 0.0904689778824219
0.280453164592713 -0.103283097958392 -0.103823254121944 0.503376867162332
0.266991575251458 -0.248294988801562 0.428156967278882 0.157181468862726
-0.0589785665519188 -0.351330995110426 0.177991778738938 -0.243540506945851
-0.128216478194448 -0.141314458988305 -0.0490676798247667 -0.180586572848462
-0.0446718414023919 -0.111785256556429 -0.144352889464336 -0.0566350883592839
0.0151881090684697 -0.160775178326123 -0.140566058720515 0.0762211147355643
0.0406674263096655 -0.157918304846101 -0.146803708713735 0.119800200851105
0.0355792970682575 -0.149260534537488 -0.221842644917069 0.0738303701389985
0.121964342008336 -0.234365146262722 -0.258345927561477 -0.0816854137268301
0.378358974538981 -0.053081315171332 -0.114771771372356 -0.304095436675176
0.230908835767901 0.197622966574707 0.200512773592248 -0.358091881566112
0.310040819513411 0.213630286667048 0.644883626898205 0.0259070370540344
0.374235889387303 0.543932585657532 0.201614174595911 0.480642203283497
0.455867300021939 0.705507059087439 -0.176012258349429 -0.249939688600285
0.584809582944559 0.199745354218393 -0.445791519963414 -0.0581094805660314
0.316655620698991 -0.117254743775457 -0.301901934462582 0.408528081580554
0.217384518789441 -0.207535936897485 0.338715823804702 0.289715039037851
-0.0554571675951737 -0.222588210774998 0.219997887683517 -0.203824267515428
-0.0259223426573341 -0.0622830333925676 -0.0259828485405259 -0.206737800848127
0.051844420960064 -0.110424851890633 -0.129940729452638 -0.0993166206471769
0.0608215301386134 -0.18040011885152 -0.126218977926566 0.00940908386740148
0.0513985745618007 -0.170859655181495 -0.131209820774755 0.0520158484999769
0.0315273993826237 -0.163243349241083 -0.19752633969454 0.00974957270021724
0.11234899578446 -0.220040596446736 -0.178015988357474 -0.116083076834117
0.271859947296261 -0.0628213347303833 -0.0967204653928946 -0.174115081016063
0.226262754054442 0.0321878146768956 -0.000268904544449545 -0.369833023916016
0.364916101929687 0.10260840467679 0.56627153904562 -0.115626452396686
0.526475807105336 0.491748652623014 0.0854871522078162 0.260739924676748
0.388043086141454 0.68665350512838 -0.212159977947809 -0.498215225822862
0.513291229031454 0.179341441064447 -0.380921918404982 -0.261872171489463
0.21572627686612 -0.105506649822199 -0.467189285021893 0.186469545431844
0.125982306482898 -0.113597826063442 0.145997985124701 0.352650614851375
-0.0384730928328604 -0.0618553613600956 0.217858820552669 -0.0817894497429857
0.0692799145004473 0.0120947047741268 0.0447385371326741 -0.177756277464287
0.129258866418957 -0.0957601773669909 -0.0659523519156084 -0.135045437924852
0.0961470321864109 -0.173463367923515 -0.0920951762399278 -0.0589122690150179
0.0631022123660753 -0.149390084562508 -0.126686782713827 -0.0113163156287069
0.0393944023298083 -0.123226037522144 -0.198076847268718 -0.0651529558918239
0.0724629600421495 -0.124548612417445 -0.097832097647278 -0.187051702710129
0.084636190689249 -0.0550577865149446 -0.0301413013301189 -0.065741928993983
0.163687363232282 -0.123275549481123 -0.115301767841647 -0.323167190536958
0.345288019438433 -0.0482960291977171 0.4205153605576 -0.131234470221701
0.590286835777791 0.39524528513254 -0.09679566142804 0.0589601631538649
0.335969529330137 0.489522154095965 -0.181075832063741 -0.706957909426479
0.331470546531337 0.0125038534160397 -0.266897490993803 -0.477876589442508
0.0585684912473232 -0.0694876430857807 -0.565078488395438 -0.0442922341786342
0.0183311482836574 -0.0364086852053432 -0.048177699672933 0.357959818978286
-0.0196503161851087 0.0748577803953707 0.194569533927512 0.0571761594954484
0.126137986716021 0.0543691859309126 0.13339481265771 -0.123633140421943
0.16565044219354 -0.0713973380320371 0.0213562727613236 -0.161210924485442
0.118998698914187 -0.141488879442136 -0.0465349377315638 -0.117317216194362
0.0954524943477811 -0.100744613163635 -0.119023838106215 -0.0541900543408242
0.0779610599472455 -0.0388326242032076 -0.209073569526223 -0.116555117817415
0.0306941373538099 0.0300929678480375 -0.05112501793277 -0.235850410142301
-0.094332398592815 -0.0248247907394927 0.0077085903752665 -0.00469611481205419
0.0571919826353083 -0.190058250493517 -0.132463266776513 -0.269234289465381
0.278290545462174 -0.186997910286134 0.237710390129591 -0.0732999875821173
0.534000931292911 0.290830648931364 -0.282487559079625 -0.105726914872358
-0.370912345683747 -0.236119879054814 0.395445147018508 0.233263163200042
-0.236586749978662 0.219666735401893 -0.0803337973042163 0.0330539822537437
0.0665129645448058 0.202059923147661 0.116147340341981 0.222212412486517
0.201684938582411 -0.0347747137878367 0.0138159029302427 -0.0328187661410223
0.00409903090654031 -0.204931581412362 0.0312183883304498 0.199685840907377
-0.146868781225329 -0.0569547398775058 0.181664534378886 0.117297605946927
-0.145437022634352 0.0384633889549473 0.0974003236943708 0.0611972892689205
-0.12986992406032 0.0724452569638523 -0.00223492743258827 0.163782070186713
-0.14269407761173 0.0339168874417972 -0.100702401240816 0.189540236485483
-0.131642174416864 -0.0633669798455713 -0.220212883979867 0.0808438366646634
-0.0100999639923422 -0.151020159766375 -0.194279307893171 -0.150279179325345
0.117223564521799 -0.00275383486038915 0.154429070839802 -0.338347711950516
0.0165595975401272 0.0682063570782433 0.621537596019795 0.102728454563428
-0.0936469858921423 0.160965373768478 0.266823482589412 0.629138365287563
-0.265351002869949 -0.148280625769564 0.15071028396023 0.839901959601501
-0.103205561714442 -0.108715686027912 0.413395331625861 0.30021608674363
-0.152242337362501 0.130104641702996 -0.0266058007096548 0.0930952153864994
0.137871910208291 0.212887577957205 0.155801145466537 0.241791559129877
0.281577132892405 -0.121930266760729 0.103314773146302 -0.0678823054908698
0.000969484648387839 -0.336487513730803 0.0285111614412475 0.109797477014693
-0.206261636105807 -0.138782302928608 0.131941070140299 0.0744534253567081
-0.178402204945814 -0.0157223776870763 0.0430315472670494 0.0567203864911105
-0.114160574399278 0.0090081543774644 -0.0548249164347932 0.180044799230843
-0.0901443886365368 -0.00773870888716414 -0.156156374261192 0.2055653547708
-0.0895832620654277 -0.0591374954232173 -0.272700143101934 0.071552312696722
-0.00220579893087031 -0.17642711294479 -0.225600136592491 -0.1803257684222
0.228647175458073 -0.0168524463669975 0.162752276978936 -0.352375418298667
0.0306057789344033 0.152790904022849 0.57519911324524 0.0551352610823881
0.0679836172882714 0.221143968650747 0.373444564646946 0.623123972260783
-0.148067684876928 0.153856857903361 0.160340370809949 0.878554072225801
0.194601490712916 0.0861796516846647 0.314507519951927 0.288586711189669
0.0674465521075549 -0.0182495966620616 -0.106155593809036 0.156887282144201
0.13330980183512 0.131268035501283 0.161686651043067 0.353607630683711
0.311517348103711 -0.181031646061669 0.25747494116889 -0.0665786053327483
-0.0187470353785716 -0.41103346660425 0.0498395591334439 -0.0384446082607145
-0.232839401532536 -0.187705546908685 0.0531755853838631 -0.00650956213238677
-0.176654937311419 -0.0609641471414203 -0.032874533275924 0.0316919473485602
-0.0802362123139172 -0.0587861744554323 -0.0983600057427672 0.168178593276706
-0.0314703918587204 -0.0602399430961463 -0.175018278386282 0.201405545322519
-0.029887832168819 -0.0692241505164877 -0.283805646707835 0.0862617900869381
0.0346974061806697 -0.183636396520502 -0.273704011839766 -0.154543619062839
0.320045528947362 -0.0294530715470783 0.0816311049456326 -0.38863313337733
0.0875421086494458 0.25815250633021 0.501745526727718 -0.0754475526509712
0.149142335981566 0.246974402754795 0.514981403629177 0.468932761368164
0.00702327417007654 0.383019038999793 0.204369225409506 0.821762901565501
0.411218078743696 0.330313164249212 0.138463974432088 0.184816988469027
0.353686365620505 -0.0450162172236536 -0.252166809100513 0.161529307913171
0.17805586930528 -0.017666048261316 0.0707768290117869 0.466079403299382
0.29063785862572 -0.228083454739408 0.388667825062437 0.016621722769591
-0.0452717565433177 -0.414024426414558 0.106270049979801 -0.179412952818866
-0.204203521132931 -0.187113807153381 -0.019092192852293 -0.103087802975968
-0.13119478646066 -0.0931219651755551 -0.104982883455775 -0.00829020221055896
-0.0349640374194588 -0.118277654352138 -0.128580494667678 0.132861488278896
0.0140933999868701 -0.116116462857799 -0.163902028555911 0.173233222245503
0.0174865689498484 -0.104722581670764 -0.259850557570808 0.0970114684510457
0.0858734439425658 -0.206342768615747 -0.292826926014385 -0.103592859019642
0.37995123564494 -0.0421982537755495 -0.0399576040276144 -0.38410769299441
0.173217766012181 0.284002734092201 0.385618073599673 -0.240750312021928
0.223441642234417 0.255752664878603 0.619886398083992 0.242524363931815
0.191084725871453 0.509801096022823 0.236301869932063 0.677348839442497
0.48920011311337 0.574816142324928 -0.0492672377429911 -0.0034738086130075
0.541286580005842 0.0698027219183323 -0.388537051268796 0.0937007172012912
0.278135423233349 -0.10574851039701 -0.0979100751891955 0.501531589641583
0.263328130744793 -0.249709673442173 0.427605668348942 0.15288018028112
-0.0628285385291097 -0.34890148258378 0.173413845706635 -0.243234431588813
-0.128679129414451 -0.138395576164432 -0.0507018279197585 -0.179629226112331
-0.0460621474370915 -0.110122830337262 -0.144418267776945 -0.0551069648287415
0.0127405907726697 -0.160096024256628 -0.138799067222563 0.0765458571543553
0.0386123475229244 -0.157599333274496 -0.144683279975577 0.119873111902413
0.0344072576909248 -0.148354142359243 -0.219526921554023 0.0764409949464185
0.118463138473692 -0.233820647871262 -0.256344468956638 -0.0792046483726131
0.374919660674716 -0.0569801684699948 -0.117765486745916 -0.300050555682726
0.233144279599501 0.194819729747419 0.195795183536668 -0.35823383502663
0.310159533499786 0.21059647825284 0.640910691763309 0.0202800051996065
0.376411971962024 0.537969666822777 0.203292992753926 0.475131472558536
0.453983896899734 0.70924945121805 -0.176563196797078 -0.248598641060483
0.583346206872403 0.194331479824206 -0.444907535190037 -0.05568535807916
0.314303337915353 -0.116867195708639 -0.298054775715812 0.408867655612663
0.21053758260118 -0.211156867191356 0.339999583985288 0.281420098743256
-0.058011356208875 -0.221101324419656 0.214547314288303 -0.204439314491849
-0.0259662010403674 -0.0615543604716305 -0.0274900196362233 -0.204239881138384
0.0549042329429518 -0.110956537964596 -0.130026956612235 -0.0987307229757028
0.0570516925158724 -0.179341455440034 -0.12528996779814 0.0102865830988629
0.0473679720536702 -0.170433746814798 -0.131186292985408 0.0524869940650403
0.0294544222482833 -0.161532486353 -0.19410317356504 0.0148667583570515
0.110076371534869 -0.219821443900844 -0.179049803819053 -0.112975162712401
0.269679428176879 -0.0663982017912177 -0.0979485345790011 -0.173515095473476
0.226122074190868 0.0281357672568348 0.000790375373606522 -0.369691654235426
0.364081849038566 0.0993375768602987 0.56064896531667 -0.120288460562813
0.525250485814218 0.482743917233885 0.0871157595581351 0.257398060524574
0.384557877834818 0.683716543788271 -0.214804471295396 -0.493239315628482
0.512500785843438 0.174755492839349 -0.380451435742695 -0.25485252401803
0.212553938374675 -0.104778151643701 -0.461392762733261 0.18779784165231
0.124536096302538 -0.114353858547015 0.14945229245043 0.348105812452354
-0.0389545538066877 -0.0608636281742057 0.214859526006171 -0.0831013085741527
0.0689339868336233 0.0116447768900931 0.0431832474184141 -0.178194928043791
0.127345885780222 -0.0960511586263668 -0.0679246037816528 -0.13332607307801
0.0946092632706278 -0.173211058704681 -0.0930563123705653 -0.0574826547218015
0.0621930032268926 -0.148215595189503 -0.125208596884856 -0.00992835464123857
0.0374206306996675 -0.122436055322156 -0.196680066088042 -0.0629357407347867
0.0705124295540612 -0.12428737849948 -0.101030784703454 -0.184488918224764
0.0839669460140965 -0.0559435861519745 -0.0305541223565001 -0.0653436298285468
0.161774322960882 -0.124169724451522 -0.117053977127322 -0.320113359562154
0.34299058401967 -0.0507055553406477 0.416270075750488 -0.1342069108446
0.591094477474926 0.387480288366545 -0.0954618691398315 0.0594321026561771
0.333841685269811 0.488729054497929 -0.183732741183286 -0.700578889455782
0.329387289841837 0.0110935070610705 -0.268504378522997 -0.474314499653609
0.0577454748709265 -0.0690386533562899 -0.563149815089597 -0.0424769776649849
0.0180209675624959 -0.0373873499620653 -0.0422164252138984 0.353661204578585
-0.0189320781203511 0.0744165677770712 0.193622153762884 0.0551593152955776
0.125134682048981 0.051695083059321 0.131645951463945 -0.12396506112401
0.163352330009991 -0.0727957057816279 0.0222032333505914 -0.161751638288174
0.115528915533616 -0.141853311234074 -0.0474896053797691 -0.117065776305966
0.0938887368539865 -0.101105491271169 -0.118618860799002 -0.052089762956891
0.0779353158717798 -0.0384648128101123 -0.209602750026662 -0.110948137432532
0.0309515831104459 0.0297951556314054 -0.0547191524419801 -0.233565655934209
-0.093877315199661 -0.0234388629919642 0.00761182374016995 -0.00482542215815447
0.0510871201624744 -0.18801656955957 -0.131497581046953 -0.26737936258021
0.27375111808205 -0.187535903095436 0.2352715445094 -0.0741709307057228
0.53368337471874 0.285698714361684 -0.282437313554674 -0.102656475202508
-0.370266475108044 -0.2312763726858 0.394948162603027 0.229357225178743
-0.23324622487329 0.219444629627236 -0.0792071670168856 0.0331588706818786
0.0672844549695259 0.199297144948354 0.11808827405225 0.220725172444703
0.199882225103765 -0.0367350182930634 0.0140759912770367 -0.031463925145233
0.00170064769400389 -0.204112602606127 0.0331259996873314 0.198221383562796
-0.146091110119628 -0.05457706396783 0.181401275057669 0.113919309576985
-0.143762945714116 0.0391908108322922 0.0967547995817119 0.0595494478305404
-0.128275995180813 0.0727342214532268 -0.00179087298653385 0.162704139244187
-0.141669277607567 0.035029415018018 -0.0981425318951976 0.189475470975646
-0.131623701066847 -0.0613502275038821 -0.217885857794432 0.082642227781843
-0.0121198216773999 -0.149959367702879 -0.194265799501871 -0.147089725187354
0.116035269344789 -0.0028231126855088 0.150882671607773 -0.336936182566459
0.0166219808728065 0.0675034989799656 0.616930007857156 0.0979994328587735
-0.0918882761385838 0.160417251399624 0.267561500425884 0.62309326653172
-0.264211488638195 -0.144596315645649 0.155971345345812 0.832704480704095
-0.103074536036807 -0.106637257805089 0.412473994439118 0.295425427666661
-0.149700226960511 0.130689565426885 -0.0247268479707506 0.0920956377072704
0.138761788306036 0.209461428657091 0.155631245614869 0.239155067996341
0.278280217431455 -0.123057986793424 0.102375491962742 -0.0684109744433092
-0.00224989877524486 -0.336409545518674 0.0293208444375701 0.10816744145685
-0.205742774385546 -0.136434642749103 0.131759758791064 0.0725282401411488
-0.177882536484415 -0.0159719911084827 0.0430654698750714 0.0552878259983084
-0.112758985022367 0.0102883277373618 -0.0525348281132246 0.179813643042728
-0.0898850632964625 -0.00767691288252916 -0.153516934780811 0.205149997212214
-0.0888759694439538 -0.0581998758254496 -0.27064941741138 0.0729989543543897
-0.00347759473482347 -0.175172082602377 -0.224890532600605 -0.176471761701986
0.226994204424912 -0.0180973999660728 0.160245337030901 -0.350891636074665
0.0315257588150343 0.152842291463292 0.573459184811512 0.0511755134180281
0.0686785577140525 0.218842715730166 0.373859689365403 0.614830740017193
-0.145266194096799 0.153256629715509 0.167976848180981 0.868879461263065
0.194003483318712 0.0853014174103838 0.315602681342508 0.284905789589517
0.067022431821286 -0.0188444283533717 -0.104829414435006 0.155937836871367
0.133730912498008 0.128971425344864 0.163967138072126 0.350390010398268
0.30815045370699 -0.183899572511121 0.255272718764194 -0.0674563798580243
-0.0218175641099086 -0.408179116038817 0.0487796803615398 -0.0398092834072529
-0.232131401292319 -0.183351250641155 0.0528784138045589 -0.00713199539634804
-0.176263134833667 -0.0590727099273853 -0.0324185758086842 0.0316549986259717
-0.0809933463380524 -0.0576278627356487 -0.0968511606707886 0.168351302570812
-0.0320340886597023 -0.0600041255842399 -0.171787605490623 0.201565157247754
-0.0296425194773291 -0.0689017197271095 -0.279938734436639 0.0885659392408289
0.0329133331375888 -0.181924652279561 -0.272531814822423 -0.150435557203357
0.317311851670884 -0.0325529589950632 0.0787971845604563 -0.387040942781671
0.0895063595348079 0.256197939566263 0.498223682643089 -0.079036365378149
0.150673450565768 0.244053038034124 0.51592918755834 0.461239760026074
0.0100660161354469 0.380304972631267 0.210096562941047 0.814539056859087
0.409733443794837 0.32716568177474 0.137864372518848 0.182746323446686
0.350300292000429 -0.0473474153555127 -0.249478359262004 0.162596970763437
0.177429750408982 -0.0188095155711112 0.0740208017219043 0.462236506883333
0.28572973075015 -0.230165312688427 0.387064214886325 0.0129075438795524
-0.0497227269660348 -0.410606671280611 0.103847533543529 -0.179715489915506
-0.205233536006433 -0.183658665297347 -0.0205741661671865 -0.102411459177816
-0.128311581528461 -0.095116049628128 -0.104697457054556 -0.00767535144070845
-0.0364844505743541 -0.116582287972395 -0.12674195861965 0.132583264979817
0.0129415610233736 -0.115304090328177 -0.16160121835559 0.172424000890109
0.015769202105764 -0.10484458954843 -0.25543664937285 0.0999343820040948
0.0834461500485874 -0.205171512754142 -0.293018362916787 -0.101018500138258
0.376526841137296 -0.0444781092925556 -0.0441096459775945 -0.381305990710967
0.178057441696159 0.277911919615737 0.381463507481393 -0.243267147740487
0.223941462043483 0.252553128335529 0.619221162816832 0.241214832265925
0.19296486459921 0.504941201803772 0.241319708673687 0.6686686730175
0.490005241177754 0.56069876159774 -0.0484644913018207 -0.00310592998882225
0.53841922015846 0.0664830474959665 -0.385342613397085 0.0948106546292319
0.276505820417733 -0.106214624921611 -0.0942407870452559 0.498926503364619
0.260300099629006 -0.251828069529395 0.425024151430789 0.148936087878803
-0.0655135253915489 -0.345371125554979 0.16981686341319 -0.243295352926401
-0.129189147128658 -0.136393077967568 -0.0520612686704421 -0.178512539240245
-0.045533771182956 -0.109586362582754 -0.144095774716489 -0.0530416135741412
0.0118451439106252 -0.160632969315492 -0.137266382485487 0.0773780694929936
0.0370360475533768 -0.156774952043952 -0.141765396275047 0.119452074524105
0.0331965417650306 -0.146837407728663 -0.217199385409372 0.0770506272210633
0.115946935180843 -0.23359273853433 -0.255367849787498 -0.0757796972635665
0.373418980259034 -0.0601421881412032 -0.120184801205852 -0.297470857117017
0.234112988783319 0.191774498847309 0.192727805757885 -0.357935688579718
0.309699218914974 0.207329729441475 0.636818635682087 0.017741759361999
0.378363112809437 0.532176381000287 0.205564652790822 0.471466222846539
0.459148006701756 0.686655167746287 -0.17781080611495 -0.243628700003971
0.580970560275533 0.188783512652817 -0.440887450580344 -0.0494341366383667
0.312371355768492 -0.118591654089345 -0.296143009096838 0.409432240015259
0.213713982989957 -0.209531651960731 0.341050361445392 0.275015284748588
-0.0598011153196189 -0.218992134877988 0.211092085767104 -0.20509643236951
-0.0267255019611614 -0.0607192007964045 -0.0298838784943672 -0.204681189928402
0.0480150615953336 -0.109884380019418 -0.130280144851392 -0.0965541062209575
0.0551527067903994 -0.179429554596609 -0.1243622756263 0.0111765758918116
0.0465260286460695 -0.168380156430859 -0.129269102179581 0.0531291855768589
0.0318473495233496 -0.160728950594153 -0.193425628184681 0.016211925332677
0.106795135906611 -0.218948546797748 -0.178252733255191 -0.11152628249656
0.267022819811775 -0.0698257099098762 -0.100322489773271 -0.171291339825605
0.226517478497656 0.0224619280920117 0.000825729521845276 -0.368472299222947
0.361939273429819 0.0954211016068063 0.559333163304121 -0.120589615552191
0.525252450201937 0.478514796841092 0.0876715747847229 0.255391852896516
0.399679028513801 0.659898698401709 -0.217157447588503 -0.487717476076957
0.508772286414814 0.168547068308239 -0.378683068456678 -0.250937031179879
0.211157650068309 -0.106854691239854 -0.457646173276615 0.191154120068849
0.123224415780025 -0.116488079659748 0.151380945144093 0.345309547353841
-0.0390862177348557 -0.0607532458294507 0.21287587359973 -0.0840536562645531
0.0688209835603594 0.0108905795571577 0.0407707457927209 -0.177704067068903
0.125431244222464 -0.0975054139888536 -0.06851659823797 -0.131684173927814
0.0917842217416752 -0.17314702172776 -0.0923434170838065 -0.057434358650472
0.0598012482772572 -0.147926894051317 -0.124040300441519 -0.00891039704664173
0.035965793229479 -0.121917258477612 -0.196399474782685 -0.0599259366371406
0.0688186109440502 -0.124617810825151 -0.10118571473794 -0.181773432222431
0.0833986489581809 -0.0575994183575289 -0.0316386719793815 -0.065140389306279
0.161679342490026 -0.124269655298154 -0.118450867355428 -0.317648269959304
0.339736162934343 -0.0529341651958867 0.414113585833514 -0.136250735562427
0.586020059772267 0.380655994758937 -0.0958602824937404 0.060033552807425
0.339074230447991 0.476511808681093 -0.193527062644372 -0.689324881621176
0.326915941043505 0.0094053988948316 -0.270325045652204 -0.465689830158318
0.0573314004517915 -0.0687136188815179 -0.558372374201411 -0.0363142820697328
0.0185237285414386 -0.0363731492173294 -0.0381035274836305 0.351664594391202
-0.0177945677526665 0.0736686609223499 0.192326248897019 0.0530424318959334
0.125406069445437 0.0508142764454728 0.129604248841127 -0.123581284061887
0.155505845567625 -0.0754521047963444 0.0198447437758418 -0.160511890220944
0.114549927786492 -0.141847605241118 -0.0487530513727227 -0.115661285215348
0.0928839628471341 -0.100664428005726 -0.11776159812144 -0.0495916246548426
0.077815271940912 -0.0389700445203124 -0.208221004025472 -0.110867912564506
0.0311332219152155 0.0283379916724351 -0.0555084169315797 -0.231335437526481
-0.0932421237832349 -0.0232402594355634 0.00702092009987503 -0.00556075264454409
0.050915840274676 -0.186671672379462 -0.134989109931045 -0.260893868186971
0.271953380321363 -0.187455085571513 0.234831020560165 -0.0744077372419088
0.531522678830984 0.282738828930732 -0.281929808809825 -0.0998970438881517
-0.369047850055389 -0.227647166599078 0.395134115127858 0.22577138046999
-0.229681941626367 0.220398271667639 -0.0784307446214411 0.0334839343495369
0.0689918014538115 0.197687173313156 0.117831495832888 0.217888161419466
0.198111169775122 -0.0385322500463551 0.0132467685281105 -0.0308495874667822
-0.00078860538455252 -0.203172967769895 0.0348437550608263 0.19550992490873
-0.144926328626018 -0.0534075967598705 0.181536345817756 0.111333725168962
-0.142468950740024 0.0401100793844543 0.0961946408653933 0.0584412905074112
-0.127070321325587 0.0732095250399252 -4.66971506308392E-05 0.162372383572297
-0.140426810609283 0.0360734149497804 -0.0962921246996914 0.189390596414884
-0.130974902854521 -0.0602569906328079 -0.214885279318476 0.0840484777589466
-0.0126316952591819 -0.148706880208169 -0.193119168647896 -0.14454779160098
0.11637296731497 -0.00442988477218666 0.147539292790206 -0.335159518492378
0.0161729929220211 0.0672274243349865 0.615780268028715 0.093819830909681
-0.0893996656735687 0.159449513247756 0.270782558338381 0.619516629694674
-0.263692769950074 -0.142584388715371 0.160931254565341 0.826868608763589
-0.102714079459441 -0.104429637187183 0.413296002785924 0.285905834235101
-0.147695214360504 0.1306495517099 -0.0243968901336988 0.0915829668444619
0.140948684786147 0.206635534961557 0.156084613568475 0.236681476534853
0.276057194941474 -0.124030228991945 0.101405370580849 -0.0675158383218701
-0.00599452546789768 -0.334181891579972 0.0312046256824272 0.107633570396036
-0.205549726051205 -0.133298988529726 0.131610517496796 0.0707273373713919
-0.176180955449032 -0.0129691741759872 0.0424005365841459 0.0548018345429259
-0.112098675842534 0.0103926743485794 -0.0513413826441226 0.178978877186674
-0.0886797243511669 -0.00703647715814926 -0.150835496014678 0.205067667327018
-0.0888254258525005 -0.0581903481868402 -0.268076355874029 0.0747948641579599
-0.00416773278521241 -0.17514103645031 -0.224472729124831 -0.172878672431334
0.226185715205067 -0.0195275806370224 0.156284377170095 -0.349707071770728
0.0324326208727682 0.15114769023816 0.56792140707953 0.0465617836811058
0.0697444740640771 0.217233918674427 0.376093777464016 0.608315594142841
-0.143796205380065 0.154155989003032 0.167537391740263 0.86798311747674
0.194733970129783 0.0845032724695396 0.316102728095207 0.279997272997315
0.067688082362141 -0.018973858381086 -0.102649385616429 0.15581314331202
0.135214558868624 0.126087508709402 0.165428521701647 0.347202672501564
0.305169817960021 -0.184340339379769 0.253596199680836 -0.0686300962683246
-0.0264886644740305 -0.406066221261264 0.0483215096137586 -0.0402356513988631
-0.232256155376872 -0.181349780695723 0.0525850506207548 -0.00785925097196023
-0.175597129203277 -0.0575943974505647 -0.0326060476667299 0.0315024568850656
-0.0802395882505386 -0.057278425109937 -0.0942733343318893 0.168126683590288
-0.0317951459739407 -0.06018493587899 -0.169755095105357 0.201186576640848
-0.029554833755548 -0.0689758440150396 -0.277740284689156 0.0900251679711361
0.0313968468816593 -0.181736319782542 -0.272011387260655 -0.145681048770921
0.315871711470254 -0.0348006965487211 0.0755318252240425 -0.383671470108017
0.0913081394941824 0.25371053468465 0.494699693604878 -0.0822396123104891
0.150970969917704 0.241988978625304 0.516239492767222 0.458866186972999
0.0122143218140333 0.377188563244571 0.211994130916522 0.809800265815316
0.411099859545929 0.328264986495582 0.138211839614416 0.181504650755087
0.34771071000964 -0.0494428166946319 -0.246347307280286 0.163832034378526
0.177750226077738 -0.0203078816439293 0.0785485526228172 0.457650733997331
0.286377955042494 -0.228117063570567 0.385174028651495 0.0116110990043285
-0.0520653242119199 -0.409169325778219 0.101679646079138 -0.179336723731045
-0.20587934585732 -0.181288483382743 -0.0207331192909025 -0.101496065595171
-0.128913484050628 -0.0920913096645565 -0.105157338732696 -0.00675562215585441
-0.0363966233253137 -0.117148931611934 -0.125715663510228 0.13346847664039
0.0128566196677856 -0.114474558588263 -0.158713158912834 0.173494453618939
0.0156342559790207 -0.104103174542697 -0.251848539615548 0.102695464165
0.0811248201749756 -0.204350997079408 -0.28978977573054 -0.096823900605282
0.37467156324872 -0.0474980528692142 -0.04666644753282 -0.376880174464858
0.179252258577523 0.276600721341754 0.372353691277661 -0.246081575008034
0.224500580355131 0.250868875837313 0.61610925424418 0.23666933210624
0.19423076368157 0.502419109467774 0.242457896195653 0.666739053673125
0.494102600892385 0.544178985235289 -0.0480316506575977 -0.00314285667276403
0.533669500758685 0.0626432915317808 -0.38338786889736 0.0975079464908449
0.274190607817433 -0.108001754062545 -0.091301870795397 0.49717174261771
0.256832791690359 -0.253436617070341 0.424697558270171 0.144708050036963
-0.0688459314391256 -0.343714871602411 0.166264842639572 -0.242803342950334
-0.129270179888401 -0.134768409281881 -0.0531598688683122 -0.177750781393394
-0.0464844092884284 -0.108455537244176 -0.144878741507688 -0.0516338685289005
0.0114479558698614 -0.158835293714072 -0.135188659521951 0.0780384899819246
0.036141552561911 -0.156007870279529 -0.140655671912411 0.119850706389396
0.0325158769032196 -0.14594423755559 -0.214899877527429 0.0791097333965661
0.112940208839687 -0.233668117769886 -0.25535909533542 -0.0727231788530878
0.371063209226405 -0.0634633430966112 -0.121633390596333 -0.294829515714819
0.235835942896827 0.189221168412692 0.189988908425772 -0.356701021724904
0.309543543522159 0.205890759118966 0.632408587021922 0.0116787394657435
0.37849475904414 0.526321272241194 0.205746559003607 0.467119374656465
0.464735951441804 0.669589198130318 -0.179979262304545 -0.240204240568186
0.577580287424419 0.182737501512947 -0.437762501915156 -0.0457790627397624
0.308877962235492 -0.120928214879172 -0.288867879299005 0.40828245584847
0.214478421849587 -0.209183207678965 0.3397498860616 0.274837019479339
-0.0609414159057568 -0.216714778487006 0.20920170097028 -0.204626795800393
-0.0260366798463594 -0.0599859126401494 -0.0309048765793079 -0.203721808902597
0.0445087756812995 -0.109449594816877 -0.132169370455269 -0.0940334236653403
0.0558914551657892 -0.179482210053544 -0.123203000574282 0.0122394128589231
0.0463947970788339 -0.168844100055335 -0.127672029303322 0.0543705980435489
0.029730971956751 -0.159827286604066 -0.193538241153357 0.0153540978129245
0.103883530080166 -0.21883393219044 -0.178530292765827 -0.107983856256244
0.265430360515838 -0.0711683681175095 -0.101152672093492 -0.170340744843096
0.226119361393936 0.0233978011243983 -0.00425346219368825 -0.365666783980438
0.362486863599197 0.0934394375833291 0.554193964803068 -0.12309676084069
0.523429963849021 0.472021070333847 0.0868554320879302 0.254577561652963
0.400347300685303 0.649285909999886 -0.218485689323677 -0.484214482944293
0.506744504660811 0.166665358755645 -0.378074608768331 -0.247889461745076
0.209274081073534 -0.106111060221686 -0.454084883098211 0.191618707607589
0.122248311304916 -0.117068942632779 0.153075663124072 0.340892936744339
-0.0392593964728033 -0.0602865840116403 0.209638361121615 -0.0855796751827321
0.0684774353441049 0.0110565474241634 0.0381319445679272 -0.176793659976241
0.123927814797029 -0.0968961997539865 -0.0685918760329312 -0.13058838997878
0.0906755009722421 -0.173025774028514 -0.091647717145902 -0.056281370898686
0.0587678450273453 -0.146592633453529 -0.122946330127643 -0.00765096722064809
0.0343777764437907 -0.120847414319532 -0.194917405521281 -0.0571998410457063
0.0659428320161044 -0.124461989020109 -0.103295498465837 -0.179404850519925
0.0825238331103242 -0.0580841616337193 -0.0327919878539983 -0.0651040222960604
0.159942535207744 -0.124186151174568 -0.119989816155175 -0.314379225030083
0.336948518858081 -0.054397097399231 0.409584171671777 -0.13854250036014
0.585279587789245 0.374460814453085 -0.0953277879931356 0.0599158431867523
0.341084265791343 0.465054394877092 -0.194118803079238 -0.682022705705986
0.325065817901984 0.00672643240636109 -0.272307866177675 -0.462234762548818
0.0561906117155316 -0.0688409225813074 -0.555857675757277 -0.0324051681320941
0.0173310846092667 -0.0375607721605342 -0.0365749829102804 0.351072714734627
-0.0168030805984101 0.0737568702183308 0.190342475986602 0.0517355973976374
0.124734408089484 0.050801538253887 0.127194039477566 -0.124615551044105
0.155885950077767 -0.0763825111284778 0.0154952943793319 -0.159302556447749
0.112144885531969 -0.141273152458738 -0.0484526242043384 -0.11447644602338
0.0909391126080057 -0.101097542989199 -0.117308752676027 -0.0497096302462032
0.0759147334203575 -0.0394880652250535 -0.208232361660367 -0.110620452923618
0.0305217540259285 0.027381368902281 -0.0569999012293366 -0.230358497081216
-0.0920017989518527 -0.0224167649999781 0.00574307560200221 -0.00685961865942665
0.0532226634075106 -0.186449461404113 -0.137047349110635 -0.258516282742511
0.26937727713257 -0.188492019153027 0.231835553582739 -0.0760919778157759
0.53031243239719 0.277752054042801 -0.281535273257795 -0.0990277340909449
-0.367937685241242 -0.223358446585145 0.393908154687453 0.22090866609187
-0.226867078651872 0.219761819461119 -0.0777539342676346 0.0333914830793136
0.0701977436687443 0.195495054199956 0.118593416719565 0.216696805259086
0.197558851918505 -0.0389709690008024 0.0140366917039953 -0.0296719235849534
-0.00295712688247927 -0.201734137625102 0.0369273474147112 0.194249576585187
-0.143880833120269 -0.0519123347571184 0.180685454943737 0.108329274477512
-0.142068497276292 0.0410013618229797 0.0952040919391427 0.056996385266422
-0.126433778487088 0.0736112772793186 0.00137615927113972 0.161412969790527
-0.140111764483584 0.0362975391176326 -0.094328457777521 0.188760657649992
-0.130409479423951 -0.0598938772226693 -0.213063417649718 0.0853632702019763
-0.0126815618931163 -0.147210858704768 -0.192736949004601 -0.143086682304575
0.115385874235625 -0.00445669640739398 0.145089612095009 -0.333064605499296
0.016703687891059 0.0665437669386906 0.611886694407341 0.0886485579027424
-0.0881747079949528 0.157639778066217 0.273880602147102 0.61442645821009
-0.262026273823675 -0.139625771894946 0.162769835819005 0.82098764397184
-0.10223226019884 -0.103732748233757 0.413232123437822 0.284516618637988
-0.145369457925743 0.130919833363985 -0.023676258289563 0.0914763477399919
0.142023227891601 0.203071922841269 0.156500859021259 0.234475244943334
0.273381679346381 -0.126224093248008 0.101121192999444 -0.0673079915265037
-0.00966190129813784 -0.332781154121314 0.031907531314896 0.106163442739419
-0.20429426045287 -0.13111531267791 0.130913143837517 0.0691286651057459
-0.174577834334317 -0.00960700108910159 0.042116436302289 0.0540525012457664
-0.111386261545098 0.0107343161931483 -0.0484021284062549 0.178075788717709
-0.0883078851667736 -0.0066507992332544 -0.147720812722271 0.205924214100395
-0.088303561460008 -0.0567727666258262 -0.266218303548149 0.0759101484191745
-0.00445674159915395 -0.172622938713953 -0.224473387459805 -0.170171824939183
0.224950277022975 -0.0209738358319587 0.151298645251143 -0.34833757150482
0.0332976634057128 0.150588109398717 0.565343435876057 0.0427927145950683
0.0704740630074434 0.215292709375096 0.379683775467141 0.600889814490603
-0.142117159684871 0.153453673269975 0.171220697739357 0.860088252088239
0.193159441946792 0.0820061522900984 0.31652730931737 0.274941292755085
0.0669887186424226 -0.0193784952244531 -0.10153152988377 0.155847672254389
0.135832009853284 0.124549583854213 0.166128684699986 0.344240452731539
0.302264036983167 -0.18614091101857 0.252385588036 -0.068492306103897
-0.0301017613483198 -0.404379765898872 0.0481365082710808 -0.0406100066286054
-0.231600689591148 -0.177163146456005 0.0526145248524129 -0.00894443285159095
-0.174545950253769 -0.0567461440135357 -0.0330020194461142 0.032150746991613
-0.0797399053085049 -0.0557078131733629 -0.093596786771109 0.167714073781219
-0.0315467301253 -0.0593285842783158 -0.166449935841734 0.201080892915258
-0.0298304330808272 -0.0681168414911751 -0.2762290901247 0.0916685885351478
0.0301033546042455 -0.180007722273804 -0.271461837722902 -0.143509044994673
0.313158781979326 -0.0375752293807242 0.0722878308974566 -0.382698817113383
0.0933123466711004 0.253642982448274 0.490848816316179 -0.0841429293667554
0.151158998135193 0.239669147889108 0.514341229814304 0.451135402255916
0.0149899769755938 0.375728083503521 0.211241429576492 0.800749661772146
0.409491057424162 0.323641505673257 0.139305320793235 0.178062889101725
0.346467954384863 -0.0515643321828963 -0.245396151717768 0.163126709011852
0.177279027809188 -0.0222869979136843 0.0783977349775152 0.457023481303065
0.283857557297934 -0.230419033509235 0.384481826845246 0.00956106977078648
-0.0554683966631219 -0.406812858883862 0.100110636656584 -0.179378079370356
-0.20502580135765 -0.178238421661708 -0.021625741453363 -0.101637235643318
-0.130514417078069 -0.0878253992930555 -0.105283116238157 -0.00502703851828958
-0.0362432432200244 -0.116395008780357 -0.123104507164292 0.133302241598753
0.013386173424502 -0.115208949073585 -0.157032235196268 0.173075008072922
0.0158051997106151 -0.10385088409504 -0.251779442626825 0.102431595157558
0.0800765455457225 -0.203989584478741 -0.288993502964056 -0.0943609041985139
0.372537152972497 -0.0505851315928579 -0.0487680814827914 -0.374915249355935
0.178403096246063 0.277636541792319 0.370396397806512 -0.247895609625884
0.224293795538528 0.247807242859819 0.612400979911139 0.225978964454884
0.197430484721246 0.49858659437111 0.240501568972225 0.663187095789609
0.492865290025969 0.544544809777908 -0.0480986160768369 -0.00274016326398201
0.532999061788072 0.0591712875362359 -0.380017629018685 0.0999729489292324
0.272207999214049 -0.108178271051598 -0.0870132328801343 0.494890930440413
0.254769446388695 -0.254186722352009 0.423607465855809 0.141280478987165
-0.0704829814605729 -0.341156828139484 0.163891580614035 -0.242529314155559
-0.128533534399847 -0.132599369910226 -0.054673107862101 -0.176325184750334
-0.0469850089343406 -0.10817749516225 -0.144899023435052 -0.0505778615836142
0.00966483660785009 -0.158943190696396 -0.133909947229903 0.0785765951689738
0.0356004761407238 -0.155722663339026 -0.138621961763611 0.120512353802089
0.0312064530725169 -0.145748509503709 -0.212930831232626 0.0798592618995682
0.11009078843963 -0.232058862130909 -0.254521236387336 -0.0712898994743222
0.36907040789928 -0.0665910178877374 -0.123676004049784 -0.292661325077851
0.236452219303043 0.187104956797114 0.187194635398475 -0.357034810483031
0.30855278143761 0.202609750681398 0.628459143939204 0.0108240216325821
0.377988417796549 0.521069780815805 0.205744702206823 0.463409896700549
0.462760048457417 0.676632887214679 -0.178352505899507 -0.239320731215866
0.575112294505113 0.177479717557066 -0.437266005626001 -0.0445999054290238
0.306692195579968 -0.12155046021337 -0.28615077623958 0.406650075764544
0.206302181217465 -0.212941198561254 0.339894283801703 0.271881581593785
-0.0609313670477017 -0.216086371532513 0.204963951292569 -0.204037171783851
-0.0263177909769872 -0.0584461553614705 -0.0325355793486295 -0.202179843994619
0.0485504762846235 -0.109497133708268 -0.131432131069165 -0.0928303356394158
0.0533039364228529 -0.178940019424205 -0.122917253466153 0.0129592691276682
0.0432227122503925 -0.167912311343667 -0.126946045829164 0.0538236475891833
0.02516972534466 -0.157758391876904 -0.190799024280943 0.018067277387966
0.10050539736196 -0.218648465803705 -0.178762801891475 -0.10560048226454
0.264401565782155 -0.073423887818978 -0.102641524033386 -0.169876313158174
0.226673682146745 0.0242122344774724 -0.0089455874407389 -0.362108532052677
0.359982686803879 0.0932233344773147 0.548825877394948 -0.130085136653368
0.523296395516076 0.464855615799137 0.0869522668344584 0.25244770390314
0.396129216342641 0.65692064893523 -0.219953413865099 -0.47991331835874
0.503425399192403 0.162614790101663 -0.376832687698648 -0.244778743878287
0.207750312083802 -0.107814465385749 -0.450864749459878 0.193394205602882
0.121300004637504 -0.117677909544314 0.154776393962161 0.338355129424192
-0.039604225648855 -0.0593422339440122 0.207965057730791 -0.0852912324986832
0.0680119504001828 0.0105088669258997 0.0355779086689863 -0.1766500390326
0.123214970933576 -0.09799227282387 -0.0703267573973478 -0.129208148414904
0.0882017140168627 -0.173354511234776 -0.0920808688786478 -0.0557790652922682
0.0574511765771328 -0.146740230531642 -0.122705442245118 -0.00686344065303331
0.0338406355395704 -0.119733552150319 -0.194936802513698 -0.0556296376079435
0.0651464613895601 -0.124812830693993 -0.104384491636136 -0.177382439009382
0.0821419733267749 -0.0594204164531638 -0.0333302271113655 -0.0643078446084877
0.159722490391012 -0.125308313922838 -0.120563609176985 -0.312933777662915
0.33502849552675 -0.0542140427478846 0.406363274707038 -0.139896212539345
0.587309524204329 0.369141251937814 -0.0960020594012881 0.0599945609792725
0.338097758335718 0.469027419695144 -0.194133273055305 -0.684159427428094
0.320941349499855 0.00467327539704991 -0.271966674580098 -0.461275999493905
0.056363180836727 -0.0684402687216643 -0.553441080082926 -0.0283676560237438
0.0180201364765168 -0.0389281066869884 -0.0349707560133343 0.348374414013728
-0.0166102677692675 0.0731563737629397 0.190294763296331 0.0509143125592086
0.124193964195385 0.0492971658826406 0.124010243764767 -0.125537444229002
0.158682440057744 -0.0742886398849945 0.0151294052846836 -0.158610540938895
0.10995624314388 -0.14229903940953 -0.0488544075306003 -0.114555143996818
0.0894750198297969 -0.101006400818101 -0.11646666794337 -0.0489664131074154
0.0744191810960884 -0.0395611366547123 -0.206837643918352 -0.10403294606056
0.0308310019265561 0.0278859313276361 -0.0601935896556918 -0.227063813905282
-0.091722489981211 -0.023293372411261 0.00567535720926703 -0.00681485740935619
0.0512970700450245 -0.18576871847686 -0.135133674162573 -0.259853998477924
0.265190413685056 -0.187987044548616 0.228574500548122 -0.0779634945249884
0.527971091767666 0.269918956887675 -0.280728579613292 -0.0962537502866958
-0.367717256079657 -0.220111106358649 0.395553486653582 0.219208525326385
-0.225042063892824 0.220904699304596 -0.0768686805155082 0.0340569766297242
0.0717244765640021 0.193875575215124 0.118552439771867 0.215512157619804
0.195985971476705 -0.0408337703433322 0.0147924601535978 -0.0294888598031963
-0.00440412524422098 -0.200672164437211 0.0381722963679444 0.193112946676709
-0.142295293004827 -0.0514803285792872 0.180870431449805 0.106528299639098
-0.140713673080554 0.041652973008709 0.094882209067882 0.0566342454682376
-0.12471762795904 0.0742419043626783 0.00173323131188576 0.161337144980927
-0.138349597141416 0.0367488499305754 -0.0927441937592843 0.188378544927482
-0.130053051919188 -0.0590253263343773 -0.211693245174735 0.0859794233936606
-0.0131359355234164 -0.146969752257668 -0.192360772504641 -0.140158451175044
0.11504046435237 -0.00446035735296854 0.142670558990446 -0.332492024927782
0.0168831059614176 0.0670979129458464 0.610498181738396 0.0869149376851753
-0.0871543837788698 0.157272854846346 0.27260194886255 0.60865261043535
-0.261602922465705 -0.137518491063496 0.166670671375365 0.815487511594962
-0.102303711551263 -0.101882423316276 0.411473169664807 0.284294534748881
-0.143279451220913 0.132026433229335 -0.0243560729861027 0.0914672341573429
0.143650784833045 0.201677971404883 0.156083999014587 0.233946748825593
0.269148812068686 -0.129690275142779 0.100960668806278 -0.0663029586046923
-0.0110816339295574 -0.32994850784721 0.0330462794575999 0.105087284971733
-0.203854063252532 -0.129328753945783 0.131464615076958 0.0679033814041542
-0.173738869055303 -0.0102192676549789 0.0418986366806485 0.0538396341419296
-0.110727018825613 0.0108874290311527 -0.0479755267812075 0.177915138571528
-0.0879122178685301 -0.00691908052989934 -0.146639420045931 0.204840630755532
-0.0879942643896443 -0.0574472218088324 -0.263415436836777 0.0779874642994664
-0.00493476101916906 -0.172340858099322 -0.223948325528029 -0.168873719016991
0.224253428399821 -0.0211441520682765 0.150118330937001 -0.346599738522473
0.0338271702349823 0.150484725521757 0.565823354665857 0.0409250077056871
0.070589991814896 0.213818851028958 0.37895680670169 0.600488660414283
-0.140367469025694 0.153415681903403 0.175312070570179 0.856677509939839
0.193069967274039 0.0804016263466807 0.317226705745745 0.272704210221551
0.0662141520850754 -0.0188512681731457 -0.101156593898961 0.155192986554805
0.136948685571855 0.122737017652538 0.166154846433684 0.343003497067661
0.299036933000197 -0.188654825801146 0.250982068240635 -0.0701953258034478
-0.032058543392998 -0.402845476221274 0.0481849050327452 -0.0410287504901436
-0.23119172602137 -0.174882902804876 0.0522747298904538 -0.00898199328588516
-0.174101669960439 -0.0556575217854058 -0.0335857252746933 0.0318082992952395
-0.0800687464988168 -0.0567894448924967 -0.0920291758520263 0.168242310968885
-0.0320937683098474 -0.0593047064895014 -0.164047116861574 0.201263208895188
-0.0293830592138007 -0.0678066940178884 -0.273963482212612 0.0925203149551006
0.029465904921553 -0.180953235262821 -0.270235121164859 -0.141000141450262
0.311969284658979 -0.0376575347106264 0.0692061240206474 -0.380313539865778
0.0937539246850205 0.251777595606492 0.490416280359916 -0.0852523572983392
0.151657496555297 0.238444037914294 0.512655502423809 0.448796263466959
0.015710174122261 0.373297455427499 0.2180564624802 0.798277639338277
0.410557493468943 0.31365293694899 0.139896273382725 0.175824639051109
0.345697921738414 -0.0521719269610875 -0.244795306193044 0.163938394937302
0.177226765189732 -0.0226194159031653 0.0786249677033486 0.456903279446568
0.276101907033915 -0.234085983184008 0.381778389993407 0.00722165586890804
-0.0577478725817913 -0.405312664779624 0.0978836505784979 -0.179064290817496
-0.205542100483954 -0.176023933076199 -0.0222171604604399 -0.10156168824956
-0.129968170895345 -0.0882289361282718 -0.105275926502699 -0.00460746919761073
-0.0377909153848442 -0.116280838187493 -0.122132611392552 0.133412407574099
0.0119162496278066 -0.114209127616583 -0.155035463608286 0.17349207660839
0.014978749038426 -0.103392199803088 -0.25095509515898 0.103097165879247
0.0789811035675411 -0.203363894776367 -0.288017409653107 -0.0925417452406286
0.371314081724104 -0.0530910878179977 -0.0510475934148719 -0.373721282605151
0.180146557213381 0.275332793921933 0.373994806284328 -0.245088597896253
0.224938873016526 0.24573036274692 0.61139591503086 0.225036721299871
0.198321469874375 0.494091102958817 0.24385535855533 0.656766199843708
0.490481189016511 0.55242239506596 -0.0479044176083374 -0.00357901785499072
0.530417074580424 0.0569778047609226 -0.378716715813978 0.100591501217809
0.272740505865264 -0.109101527661176 -0.0855457451094014 0.49269221725781
0.252266213791646 -0.2543798836157 0.422599652175927 0.138391679547636
-0.0725331028900861 -0.339173280701925 0.160465341110158 -0.242544132474715
-0.129372058944132 -0.130487946993593 -0.0559088620879088 -0.175955419791364
-0.0471929684946891 -0.107642325492698 -0.145501667608409 -0.049622664443727
0.00852179175507061 -0.158494878560914 -0.133397947218403 0.0790077879771271
0.034163863964715 -0.155009684335671 -0.137486726406808 0.120142011635696
0.0300856747368332 -0.1451094080579 -0.211415073113354 0.0807742543618526
0.107784116499416 -0.232147890051679 -0.252782268585066 -0.0676781355478488
0.366849263764613 -0.067989601030489 -0.124825543054428 -0.290833906450026
0.238103435972675 0.184942835804599 0.184295110590055 -0.358240683529582
0.308410469132362 0.200352575878397 0.626680777202027 0.00495827778716205
0.37902845723729 0.517126971021966 0.208362037163873 0.459669406848329
0.458898827624358 0.681155999759557 -0.178729450379623 -0.238939049383595
0.572718619876374 0.176048800488359 -0.435758328157458 -0.0443768225341601
0.306501307534401 -0.122076690107004 -0.284964146121369 0.406657046277045
0.202475675991818 -0.215261811767956 0.342264402412352 0.265547114609686
-0.0634701987117055 -0.214570989392539 0.202756103367028 -0.205703468948193
-0.0272918057436592 -0.0588781952783692 -0.0337831918323447 -0.201104914490891
0.0509718987652097 -0.110904742908035 -0.13208971603176 -0.0927523945212597
0.0513895975765391 -0.178313664898675 -0.122412997872714 0.0128532865895799
0.0424411022958853 -0.16664165227742 -0.125575599184141 0.054968386460348
0.0238847613835306 -0.15671416622303 -0.189299983696973 0.0210286744110368
0.0997609841682643 -0.218488928213773 -0.178890242757991 -0.102953799943603
0.262809006065212 -0.075304922503129 -0.103687688779768 -0.16888938304811
0.22590376957474 0.0209982425635238 -0.0070671920815179 -0.363615943933063
0.358424120983056 0.0918098072476379 0.543972271688721 -0.131342989233586
0.522625061936736 0.462079026396683 0.0875468231668933 0.248486321475633
0.392696308331029 0.657108537221221 -0.220236724040646 -0.477169628640728
0.502917968409402 0.160060449056382 -0.376255599550568 -0.241721475240574
0.206709846806059 -0.107061656048437 -0.447581583715277 0.194802881246044
0.120314110120692 -0.118909639830861 0.156089712038994 0.33528489525452
-0.0400838257698159 -0.0590912115131055 0.206398100449419 -0.085529996530561
0.0678583407006231 0.0103313191141632 0.0341890956687266 -0.175734091392801
0.121719597564545 -0.0980485957910318 -0.0699410075892262 -0.127832646461614
0.0865686063812322 -0.172367915290253 -0.0911731051529144 -0.0551352949042886
0.0573079912475004 -0.146540875650967 -0.121684532623666 -0.00665108929321958
0.0328552834587614 -0.119486068440791 -0.19459498787619 -0.053688909040561
0.063274914359103 -0.124252811912994 -0.105451812211907 -0.176135903460507
0.0820581569607611 -0.0600713605033671 -0.0340870027391256 -0.0649282740837366
0.159786914091695 -0.125361919186324 -0.122025220766984 -0.312433223894323
0.332829853856347 -0.0557525038273684 0.403477249535541 -0.140558491203932
0.58275131987986 0.367123705722545 -0.0954588335784126 0.0590026761018891
0.339062621983233 0.47006706126759 -0.194543463320857 -0.67941607825481
0.320943028366912 0.00458401574923956 -0.271150701342403 -0.45890196701016
0.0557019486449837 -0.0678744025489663 -0.551484008852902 -0.0268308632435033
0.0180237268506266 -0.0392137535072209 -0.0304444698196172 0.345661178571897
-0.0161398924614506 0.072657306479013 0.189401564279723 0.0485825844636746
0.122971164434683 0.0487184061434442 0.123238812773387 -0.12507091533043
0.156041763133376 -0.0758491715466465 0.0169328766483345 -0.158195169490205
0.108407257991197 -0.142079434170068 -0.0486119183097918 -0.114163542455648
0.0896097305056706 -0.101539211362016 -0.116412004476077 -0.0474827058973327
0.0747613312646697 -0.0391057589258453 -0.209028433078614 -0.100974767093373
0.0303915856350181 0.0266484929858727 -0.062800490287857 -0.225487270136868
-0.0907148217215669 -0.022309995788426 0.00523689058980091 -0.00696547800736324
0.0477322120732594 -0.184761110194606 -0.13456448782794 -0.260071030168026
0.260853228185665 -0.189261087448593 0.228176881056445 -0.0770344757647099
0.5269819935367 0.266306019366978 -0.281612190199084 -0.0947714576005512
0.116968591632155 -0.406791567351843 -0.110527894942161 0.433656928081318
-0.268467410588448 -0.160747536250715 -0.0529751949920424 -0.0638899698350294
-0.168174986487302 0.116345023122662 -0.175408669012989 0.169682170710168
0.0893587807071532 0.178417439127138 0.0314786741607493 0.00651888569115859
0.193773307316491 -0.0565784228004705 -0.175289543443669 0.0872439382110787
0.0115267240848423 -0.151888449580725 -0.0563799175762547 0.201804286042313
-0.0770430537244966 -0.124614770334065 -0.0299795738068045 0.104444242289982
-0.103515195265264 -0.100733985075689 -0.154270675757484 0.0434538262626868
-0.0723463803260171 -0.122193697387961 -0.206328806615369 -0.039894706715951
0.0217308006538656 -0.13989259401805 -0.139135583894835 -0.180416119078951
0.135549097237187 -0.052005092377874 0.0828606609292161 -0.221293217445606
0.0352998565555294 0.108280943084767 0.358052876837734 0.0489816607129988
-0.0578445250038181 0.0347056777713458 0.0758371414138908 0.605854561205192
-0.173086003296917 -0.0377693880834316 -0.515199653720764 0.419480010904952
0.066608782502206 -0.280737080909432 -0.74192425939867 0.37772134084775
0.0682311069657376 -0.121958838157341 -0.164061076295943 0.466680749286116
-0.162728805717452 -0.104472810062684 -0.0936836047138535 0.0022812943503076
-0.157943159719913 0.188933114999338 -0.182188348350269 0.21011417665456
0.193146732692651 0.227081707465131 0.0897182920313088 0.0793747456236074
0.317491930073458 -0.0961478621208554 -0.0925855664256295 0.0594440020963776
0.0729195745699736 -0.231357108557144 -0.0306097072240008 0.143682579774604
-0.0331301078303686 -0.171224579314433 -0.0398932858349231 0.0533617699081537
-0.0392341452725024 -0.103056250610919 -0.184219640275723 -0.000937884192163012
-0.0176046074599733 -0.0855389548683241 -0.235587050121643 -0.087686988576501
0.0306107899430952 -0.0988310389077932 -0.145430455125179 -0.234198294791648
0.161898248738961 -0.0513070960701472 0.102207256192152 -0.260464283929218
0.0808435690413494 0.208939831535055 0.37328495269329 0.052248102256469
-0.133755993823413 0.0717333469834897 0.104730761058378 0.553031946039054
-0.186517406965505 0.12964214138323 -0.480555434406047 0.51708846173744
-0.184665616779833 -0.0900805814330673 -0.776902393863228 0.394866727418371
-0.0333121189741762 0.208271602503799 -0.17899952739617 0.372352023884679
0.035254742351261 0.0595472482914035 -0.174236048131263 -0.0571419805893349
-0.0828155831767078 0.163077563494665 -0.285180634353872 0.247305747274407
0.257929254714601 0.239850606218874 0.131942265572681 0.222704703633122
0.38136968912432 -0.136595351128064 0.0512412752927231 0.0365361752090931
0.110289252477332 -0.271816616208607 0.0231188185663746 0.0470244248547172
0.00863014769829661 -0.182639564011832 -0.0381747453264913 -0.024923532671892
0.0341455841375021 -0.0916565641300997 -0.185231541964939 -0.0449122504823087
0.0483350686212449 -0.0452408675769084 -0.237418582836708 -0.104656077622216
0.0569926986523745 -0.0454737380842068 -0.162942444147813 -0.237576661105664
0.177529912730898 -0.0192923443838844 0.0632754757303064 -0.296069952067987
0.11967420488944 0.289138318372109 0.384248990715156 -0.0347006582511141
-0.21555230506713 0.156496406679562 0.209465326003036 0.445365935134542
-0.188673866147362 0.212412152844739 -0.298012849239587 0.607444415833515
-0.358606518025196 0.115668401856723 -0.708675629871295 0.420349248105322
-0.203690671249644 0.474734968097418 -0.12844039245687 0.17807181670364
0.137551653299758 0.318021901810495 -0.21792789179353 -0.192213086181864
0.0670647017740534 0.165543537813221 -0.411850422955314 0.194134432557314
0.298036512636965 0.20712522022358 0.0916109830511814 0.368418481792922
0.376885410594556 -0.161922566975756 0.197246126666325 0.0472801392733581
0.118220143110396 -0.245683850120579 0.0932165832369563 -0.0484620739156173
0.0541841647697724 -0.147484538542644 -0.0211267077403251 -0.103632652880534
0.102472849388608 -0.0663519543422514 -0.159295588553398 -0.083455538366745
0.111057635174698 -0.0187239578706261 -0.207575240443911 -0.102905748202935
0.102650319384879 -0.0129512837851339 -0.165346414551171 -0.211240109713385
0.212924177820809 0.0213302113122544 0.0115398233615569 -0.301728040546159
0.148154675042208 0.341547342235564 0.345892216431871 -0.150516504091242
-0.212585455069942 0.245263470763368 0.334520492878314 0.291938812163415
-0.175114496631869 0.282636848635655 -0.0615803530465178 0.64435968542727
-0.430724643414454 0.321172946783388 -0.565023646558865 0.409435620051339
-0.401138878013132 0.61182423227761 -0.00413636817153361 -0.0473616840847153
0.0795750829338464 0.524416375003063 -0.189198843876584 -0.33645189166
0.174314039682987 0.23540149341809 -0.493745068855147 0.0425623807764331
0.311999204976024 0.17864848491458 -0.0236222370831729 0.440762156291346
0.30987322495895 -0.159535724557838 0.273685822043522 0.0926099849975446
0.0940258266810905 -0.159576327362237 0.155458707216013 -0.0990960859161425
0.09184837280227 -0.0739766501395802 0.0101899450645617 -0.152014192683497
0.156101715342365 -0.0322137974289189 -0.109909937429862 -0.106998008380327
0.158261060400604 -0.0071121948355196 -0.152342679160936 -0.0993420014003396
0.14556885846446 -0.00861281730294503 -0.134434784428917 -0.181823852759016
0.248648657722007 0.0420194550687636 -0.00164791142790045 -0.261868259349955
0.163450013867212 0.334341255942034 0.247187921973193 -0.198980319919824
-0.115563911647211 0.274978793812301 0.389982668965876 0.0853757237538176
-0.111694560210732 0.349678006598811 0.155174318922494 0.602065227080786
-0.405789784728611 0.500452396203293 -0.386806819175065 0.319730266035487
-0.52010380147266 0.614164386421433 0.185509614895065 -0.231100303858686
-0.0260278603803699 0.595372800144405 -0.0687600512512089 -0.425883696035759
0.193823168015807 0.265935694913036 -0.461582915115263 -0.169872218700714
0.260118025145958 0.146824659746462 -0.165288456481121 0.39647270519041
0.191500207270303 -0.117081323134623 0.249581879905949 0.140658306292057
0.0499516333472184 -0.041803764832833 0.185808192651025 -0.0839728219737179
0.118253323778098 0.0161082277468607 0.0553189142833154 -0.150126003342802
0.185392370582644 0.003117120423424 -0.0440820924771501 -0.113096091512017
0.17208447849392 -0.00234369051481071 -0.0853372984371881 -0.105644576221312
0.156790226215231 -0.015607493224611 -0.0698001479285068 -0.176671961922226
0.23353366002507 0.036813862613373 0.0528265146361168 -0.200480725325689
0.143018736147405 0.231921226653353 0.135353794659871 -0.146301149831577
0.0402655652537924 0.221643731710099 0.348011596538527 -0.0980077737694562
0.00817788012187038 0.36815349823258 0.26310155424884 0.492279884801911
-0.315825264020387 0.624065052335116 -0.21510528709491 0.147428960571866
-0.512498230317321 0.550522427947551 0.402702327981927 -0.332662731279722
-0.02698217170911 0.524680918135022 0.138101648606717 -0.421784766955806
0.155443502544977 0.172828549167405 -0.300563382574907 -0.38172628704715
0.146382957117793 0.0858081096911556 -0.28155175538959 0.237077379137228
0.0469178970649412 -0.0540932650038827 0.135511792224849 0.174956605628404
0.00778411282293777 0.0687498297760346 0.178680099158772 -0.0121812842502364
0.126816436307979 0.0922480637290768 0.104825309649849 -0.100534264253803
0.189419790051439 0.0390150500088038 0.0307991189154676 -0.101581573396421
0.154966154582817 0.015733802088827 -0.0259856347826591 -0.118421220527297
0.121378606314221 -0.00148740900142214 -0.00022877032006245 -0.200900624936093
0.135990595265079 0.0266533883034624 0.140462506319628 -0.148777698228795
0.0804203068474963 0.0632675677175762 0.0535912399242147 -0.051065002921066
0.162062805692308 0.119845213796053 0.266869309248629 -0.196944203258848
0.140495777915345 0.307204217317482 0.24025679388665 0.350393693025557
-0.207189314652961 0.656715440214691 -0.0822022514609176 -0.0791925186648378
-0.354690635199485 0.445601232451158 0.596139859912431 -0.361504611773946
0.0757024752490951 0.309947606930747 0.36742658760809 -0.377790688645219
0.07904719170465 0.036816131073276 -0.115678453848056 -0.535622493393403
0.0426330867068646 0.00773346871754146 -0.33806434131089 0.0608670881070119
-0.0747819985912661 0.00253273577606714 0.00119179989791479 0.194210626428652
-0.0152117857206757 0.133467722285513 0.152697961434194 0.0868859800908345
0.114469970781409 0.126990365815521 0.15541005065315 -0.0255549310864437
0.165424014341685 0.0677833493819971 0.0970024379411003 -0.0760573576913859
0.119993974299948 0.0595120091918899 0.0145854931155596 -0.122455998852182
0.0570415412257328 0.0605015642370699 0.0439076981573281 -0.227136550832989
-0.0177323065024992 0.034302448884685 0.200395360826014 -0.120361012939022
-0.00198154043744796 -0.0928350429729192 0.00841470753376054 0.00298915618549712
0.189580479175409 -0.00040820400977536 0.209116451119569 -0.198330563067406
0.248783840900027 0.20550939587091 0.133163818520387 0.199241143733281
-0.130413710675106 0.57657798836954 0.0172905920362868 -0.298793227938715
0.113204977825223 -0.404612541416888 -0.108586223992854 0.433964125953786
-0.268861746508909 -0.157711075700352 -0.0523171650233362 -0.063260141338004
-0.166881810876388 0.117682383380069 -0.17477835032555 0.168894196363235
0.089793732610928 0.175902275987972 0.0302850875004333 0.00753945356784088
0.191960510168019 -0.0584149777143404 -0.174805322070614 0.0886012264290816
0.0117192641416871 -0.150895032610166 -0.0537562166895084 0.201552330648262
-0.0765464944610103 -0.124608332151313 -0.0292746232165671 0.104492904591397
-0.103447838466418 -0.10120648595269 -0.153983318000061 0.0434395282366435
-0.0730877676276932 -0.121849327409951 -0.205923556859185 -0.0377717102585613
0.0215378303874004 -0.139694355259998 -0.139896512298484 -0.179288499221075
0.134860690015242 -0.051384442019485 0.081793042449815 -0.22100892686909
0.0356022716875884 0.107630854505761 0.356186541942528 0.0473070522808293
-0.0575505519800008 0.0344410882151786 0.0773205814079848 0.602500799276792
-0.172218898644151 -0.0366972597410404 -0.510990560210084 0.419832596953372
0.065755007980425 -0.27943565135643 -0.73818861143304 0.380049755024515
0.066535753395743 -0.120655523906769 -0.158509003072503 0.465785770208084
-0.162981521620515 -0.103472602970436 -0.0929728532535469 0.00296512513626813
-0.15599148177645 0.18956428736053 -0.180993920989167 0.209854317732931
0.193629459301626 0.227091523358144 0.0896315366710077 0.0794588744308171
0.315818351174764 -0.0996342130414749 -0.091459876102965 0.0602440684437706
0.07092493013186 -0.230708286606957 -0.0295810121478038 0.14319675676363
-0.035836473263858 -0.169698003512826 -0.0400190709617914 0.0529316913677241
-0.0389841115404173 -0.103281244789058 -0.183394018920546 -0.000229423388135669
-0.0171513149946217 -0.0846122711447771 -0.23557673421849 -0.0852651387348393
0.0303162839303408 -0.0995012002496792 -0.146718864220502 -0.23085219724162
0.161101675321452 -0.0516818810623646 0.100155570204892 -0.258633139844588
0.0811212786744622 0.207416990657008 0.372502676917167 0.0500069798172207
-0.133190305421502 0.0733452204731892 0.109587260824361 0.547425359847401
-0.185644796906186 0.129632178914349 -0.474253067301569 0.515277285612714
-0.184832131813162 -0.0879286057363189 -0.77350677943943 0.399289129843507
-0.0329659096826256 0.208447473505701 -0.176945339137009 0.371300434758967
0.0356510861984642 0.0600243196507681 -0.174276133791055 -0.0566859713136014
-0.0807103789336839 0.163807745501029 -0.283007576195062 0.248731523103828
0.259481577572258 0.23709197450302 0.132358141031969 0.223146641368651
0.380234703209286 -0.139462979936916 0.0518700237919324 0.0356161102382645
0.108572987321462 -0.27008210964735 0.0240487568333337 0.0462321665249976
0.00799433869983213 -0.182924143932179 -0.0385576877102226 -0.0250311730983232
0.0337705282019077 -0.0913218640291008 -0.184312241474803 -0.0441808042954124
0.0479554094118267 -0.0443673593193207 -0.237137696565222 -0.104024217751262
0.0567296559196021 -0.0457381250064963 -0.16329008116268 -0.236495462191121
0.177492908287141 -0.0203464795862593 0.0613927227595103 -0.295111244779365
0.121441559242228 0.287473322319132 0.382618787155933 -0.0364938190763858
-0.214277644905705 0.156587454864748 0.210846373220394 0.44417044733623
-0.186303367927441 0.211481359154118 -0.294121309845348 0.607258555259531
-0.357031217927432 0.117071917761647 -0.704542240329594 0.420875872634897
-0.205202096826729 0.475840749336389 -0.128524674019926 0.177357363005115
0.138434273185771 0.316608709231269 -0.219049900746445 -0.189822466275398
0.0676405032530265 0.165128349038792 -0.409206592711466 0.196222360920798
0.2977266932068 0.21006774297677 0.0936214511098044 0.368792184619365
0.374700507287636 -0.164126438592109 0.196854678082351 0.0467846186122234
0.116463926534687 -0.245809925514501 0.0928090289523215 -0.0488566508099365
0.0526789732986208 -0.147949522704363 -0.0224319756022424 -0.103893332123866
0.102788804254419 -0.0660070540789271 -0.159757384606341 -0.0818915397586635
0.111885611943172 -0.0178599913299363 -0.20679815103784 -0.101154871401264
0.101649477170873 -0.0122477094107604 -0.167635555185752 -0.208062333978328
0.213319482308055 0.0198719088419237 0.00993455063370285 -0.299581635977225
0.150026328508861 0.339929984551189 0.343832200429079 -0.15291482286848
-0.212254355803535 0.246529667358569 0.33336702517143 0.284561947065345
-0.175381839174103 0.282553649991279 -0.0575277309895356 0.640943996589665
-0.427346396149934 0.321867024999058 -0.563993732705891 0.410701695313373
-0.387262326365324 0.609408609841815 -0.00388279154895657 -0.0469051978850691
0.0814936583768791 0.522107293572835 -0.190868074877683 -0.335673639372076
0.174408392719253 0.235480004853341 -0.491427549955677 0.0445599317186601
0.312277737561371 0.174917802996406 -0.019659472060378 0.440876639079894
0.308621072578523 -0.161008180227731 0.273214078429802 0.0906983892167626
0.093128387359358 -0.160180958330859 0.154755425031278 -0.100790187758528
0.0917022901918327 -0.0744907657539677 0.00865790806261778 -0.152511396622802
0.155688665989471 -0.03390560083766 -0.110095916354598 -0.106137192442551
0.157049479752654 -0.00756704673161962 -0.151142047232869 -0.0983621187408792
0.144588837931252 -0.00931797552085486 -0.134953914995385 -0.179509465810885
0.248919642671432 0.0405584339932821 -0.00330381249990939 -0.25956460004806
0.165139727953523 0.331768515975018 0.24576691598935 -0.201377342341785
-0.114815210076009 0.276151249790852 0.389297514268445 0.083403155914769
-0.109374863235188 0.349641338836128 0.158022529180361 0.598900004351727
-0.40297335412933 0.49982527859848 -0.383754769859806 0.320372846601038
-0.508028177034515 0.614523913099462 0.182665569563833 -0.231834002692759
-0.023257431217362 0.591887644913772 -0.0704625332225552 -0.425302178463843
0.195579901442275 0.263907718303694 -0.460812451881989 -0.164564482132914
0.259863881889786 0.147668122057487 -0.166751039482348 0.396634709597677
0.190538343994753 -0.117923753264065 0.248438117185938 0.139754867035402
0.0496822788831871 -0.0409903012401029 0.184746621673044 -0.0857531968318719
0.116583046438517 0.0128170945738805 0.052333397982679 -0.15107014659856
0.185857637187062 0.00274972953146372 -0.0444081509309442 -0.113352448169757
0.171269072642107 -0.00215796892461323 -0.0854532979845885 -0.1042873227591
0.155961921619046 -0.0163028315881689 -0.0708871419573153 -0.176724334383714
0.233072592975742 0.0339543634462121 0.0513535932957134 -0.199441733471978
0.143773607687164 0.231743212082161 0.133769785350161 -0.146733801268977
0.0397781298703408 0.222716858491669 0.344733933058485 -0.103082355376011
0.00789288621118363 0.367625787748014 0.265306951661528 0.488084024689042
-0.315031635034154 0.622185782222352 -0.215475524625459 0.147192064469711
-0.505676263048515 0.54886273353542 0.398873200386538 -0.333983207683898
-0.0255740313099415 0.520293083329398 0.135510045712637 -0.420922224034701
0.155531669661561 0.172828072695818 -0.301320699292488 -0.378897983021393
0.14704599705965 0.0851407564159351 -0.278886555233463 0.237811530181246
0.046412511547086 -0.0544825609512329 0.135408885666654 0.17353808936223
0.00723204361075751 0.0691587044193973 0.177990849986496 -0.0130995186226064
0.127306940725792 0.0908902332274309 0.104124652518898 -0.10126453222141
0.189145285060518 0.0373137790153593 0.0294921996787466 -0.102163246559972
0.153764600123762 0.0152583931956642 -0.0260731592007306 -0.117329290583939
0.121052511772938 -0.000968257551576758 -0.00150444410409458 -0.200648551448046
0.135785614953591 0.0250605564877189 0.139161390516252 -0.14984420627439
0.080749756804519 0.0620645891236942 0.0531478005444376 -0.0521620096992227
0.161494561432116 0.120170058577984 0.26533643649398 -0.197936941892572
0.140780884137062 0.306199036767829 0.239741545135678 0.347721945821296
-0.205090731200799 0.653157981987824 -0.0823217423885389 -0.0794168094196524
-0.345465982097572 0.445046269408276 0.592931170849508 -0.363995029720749
0.0776420796357835 0.307252844731132 0.365275068859264 -0.376830878633637
0.0783642714291816 0.0367010962363625 -0.115889135116852 -0.535242022922601
0.0436856707588586 0.00674744284043023 -0.339014430196322 0.0613040161876968
-0.0745355529673187 0.00345221376877779 0.00158156899437289 0.193323866279122
-0.015105216990779 0.133336729760184 0.152616777923611 0.0850196826397414
0.11425904705839 0.127070970292184 0.153721007145547 -0.0283895628557641
0.164302608748648 0.0656027098984353 0.0965315063617124 -0.076829222763264
0.119191846005957 0.058294997819641 0.0139441573397111 -0.121991855077911
0.0563669424795331 0.058683568967813 0.0432540929615612 -0.226955377207967
-0.017000630303241 0.0339761206200883 0.199416444405512 -0.120380920148907
-0.00255607069555679 -0.0924340047037959 0.00900801843777564 0.00197192254535871
0.191454495684879 0.000737788354143904 0.207772356053397 -0.198428240667175
0.248048304954883 0.205409000626241 0.133162763367856 0.197084039259631
-0.125424348063605 0.573170623533858 0.0172501573528769 -0.297908519724125
0.112161159988732 -0.405594754635341 -0.105271358390607 0.434113095636748
-0.267729114225738 -0.155444493646971 -0.0529721875496756 -0.0628229507572713
-0.165203907155851 0.118208170687856 -0.173014949731381 0.169706930292975
0.0905414645551398 0.175719137934145 0.029979676805615 0.00752378479648428
0.191513555552401 -0.0595232670397897 -0.172913944263401 0.0905207578476819
0.0117247697800393 -0.150764568106967 -0.0520621495149359 0.201841854173219
-0.076988413169458 -0.123376207962821 -0.0289227386808165 0.103804197839993
-0.103745514719679 -0.0996696781294333 -0.153233585084777 0.045262067891505
-0.073310430034236 -0.120727999733601 -0.205672743796993 -0.0372160156250744
0.0210924544478949 -0.13949311837417 -0.141018592558942 -0.177379541783544
0.134051053355236 -0.0514632965580163 0.0801150807980965 -0.22051653822618
0.0353507529918062 0.108268586135561 0.355360180777501 0.0443124524669519
-0.0572694024913446 0.0340753036529293 0.0795175863415819 0.601567101911543
-0.171576930127667 -0.0356422398192053 -0.509393223706376 0.4220786396736
0.0637081308158356 -0.278783494746527 -0.736525757501796 0.380822146568301
0.0669378512015287 -0.121225338118775 -0.158399154192603 0.466104600712719
-0.162450667392579 -0.102007823068028 -0.0929267467142283 0.00194212020865188
-0.152860429380681 0.190516015498191 -0.180297035659331 0.210480766254733
0.195657308365818 0.224357441839093 0.0887940399282228 0.079776799147181
0.314398414901972 -0.10208037859747 -0.0901702821830084 0.0610523835989133
0.06969090481076 -0.230503137960794 -0.0279151924811107 0.142670498836161
-0.037506628385874 -0.169114229856734 -0.0396177148716515 0.0517135635283841
-0.0393088874416465 -0.102843028257528 -0.182814487475828 0.00204368262767278
-0.0178177877666563 -0.084317275508581 -0.235326754797438 -0.0827371489018464
0.0306055357463056 -0.0987071598057998 -0.146987271336278 -0.228984912708012
0.160494600726931 -0.0518514938887029 0.0982493264407412 -0.258165611486368
0.0819178361754076 0.207627627130377 0.370722331280508 0.0468564710289772
-0.133384892719651 0.0742831395243429 0.113642471140368 0.54475337690886
-0.184070919708862 0.129215252750059 -0.471294261196269 0.514489537784087
-0.184807071478983 -0.0878571458101831 -0.768304693536185 0.399072698747981
-0.0315244572695034 0.207328249975123 -0.17050067535306 0.37123305790714
0.0359787221315752 0.0603269669007694 -0.173623345660055 -0.0545170372975953
-0.0794743664869518 0.164405099174837 -0.282163843363717 0.248130451421074
0.260567313972827 0.235422739361052 0.13283580833615 0.2219237751224
0.378483109981026 -0.14174350356289 0.0529003266295952 0.0352431254819912
0.106202597813924 -0.268600193988911 0.024152056980357 0.0466194108420732
0.00675522254210547 -0.181872499276884 -0.0384790265919319 -0.0253024853812914
0.0340327998963195 -0.0910413565101976 -0.18520319011973 -0.042128613785433
0.0482809259999774 -0.0449395757194349 -0.236924830370915 -0.101185390242095
0.0557723166208088 -0.0457791892870171 -0.163866192634678 -0.234510563945599
0.17669469470941 -0.0208747880584772 0.059932924083623 -0.293763491540439
0.122730789551748 0.287045044956523 0.381966106879456 -0.0394875872494943
-0.213391685195127 0.158098416229465 0.211732993090373 0.441507435207331
-0.185735630584911 0.211753200869811 -0.289636857797272 0.606194658079178
-0.354716228267727 0.118698107395943 -0.704335001502059 0.424382638991805
-0.199793831395115 0.473716471099601 -0.125985955368936 0.177900152241315
0.139705936482355 0.315416259565438 -0.217815245383908 -0.189860126509694
0.0701773494270741 0.165365955091069 -0.412382045458901 0.194058544671386
0.298631327714052 0.207459583912167 0.0949043966323258 0.36783259043392
0.372854088323206 -0.166937440882228 0.196140185326696 0.0450686889443619
0.114890800938453 -0.244878057120411 0.0923648313190727 -0.049995281572506
0.0491720600664489 -0.149100173600302 -0.0228006979574445 -0.103405439826208
0.103299331144391 -0.0663460292882287 -0.15971171627863 -0.0805639986335362
0.112035430754549 -0.0179762198005413 -0.206965574462996 -0.100362537274807
0.101529148839626 -0.0119042025332985 -0.166723739777512 -0.209027215879087
0.21280365879197 0.0198083298111774 0.00698995074130377 -0.297911519057963
0.152264882824593 0.33771396451592 0.343530988243789 -0.154141766628682
-0.213816326983722 0.24660076437158 0.33535874199073 0.28440917417626
-0.172973848158608 0.282313271683554 -0.0521328108420428 0.641353149375909
-0.425518410541551 0.323908733975676 -0.560981716808353 0.410087025073108
-0.389891912284594 0.610447178550136 -0.00408380176679999 -0.0472063954251143
0.083667128145239 0.520052308643494 -0.192602763322741 -0.334457560599895
0.176220562472713 0.234467209250427 -0.490952388913008 0.0468135982826505
0.313609734177257 0.17442022829584 -0.0174945088851822 0.440226273624862
0.306616758845764 -0.162085532628355 0.273425723592321 0.0883032926927352
0.0918320261211929 -0.160541761016287 0.153759478547905 -0.101362594948332
0.0908312370773413 -0.0743726742300556 0.00717676395525348 -0.153055731551524
0.155905671077399 -0.034014221759234 -0.110240105168692 -0.105557080814804
0.157404414471783 -0.00795009765609372 -0.1510040295576 -0.0965205677427843
0.144801473863179 -0.0097025553603012 -0.134703759032247 -0.178232500064617
0.247475947859942 0.039323789272835 -0.00578984340195214 -0.259936570746392
0.167738419609448 0.330072510423805 0.244305701412247 -0.202007812466413
-0.111701518648602 0.276404248142752 0.389154902474515 0.081645891133754
-0.108296954423064 0.34975938205684 0.160048147857033 0.596838094263566
-0.399368143524371 0.500856173905024 -0.381401476173744 0.320835118369671
-0.520863401131919 0.614166848585106 0.183456081305912 -0.231754032541947
-0.0212550707495957 0.590891655468796 -0.0707422464650137 -0.426511515449431
0.196127416326912 0.262916056413987 -0.461639396669874 -0.165900200236924
0.261081170334201 0.139199904836802 -0.162879913449913 0.39683587396737
0.189542115106375 -0.118576411273652 0.2488434308742 0.136827438382679
0.0495323520261874 -0.0410270302404736 0.183490300690328 -0.086995485374689
0.118915229559247 0.0162104830884319 0.0516734721233976 -0.151371148289945
0.184444105817148 0.000753555367221549 -0.0439193092116642 -0.112503748470516
0.169305296675772 -0.00431668076487824 -0.084977600793644 -0.103959098524751
0.153897804490155 -0.0200195869924141 -0.0716440670769775 -0.174871074387489
0.232515885405652 0.0323945735891824 0.0488972046066887 -0.19949672606287
0.144649334380272 0.230456343976402 0.133567374325527 -0.148477303023669
0.0390750287074114 0.223032634162404 0.341042833481561 -0.106214558796037
0.0093496747030382 0.368645523289206 0.268061351444857 0.482862945451792
-0.310016374907713 0.621649433340047 -0.212849159551274 0.146424526327598
-0.519427091895747 0.545591272731616 0.39868652629747 -0.333800820525577
-0.0242660563483961 0.518444219043577 0.132989958818692 -0.419852726285015
0.155021639165393 0.1712099998417 -0.302588920752883 -0.377395162238782
0.148408648805324 0.0838159049786701 -0.2770401877161 0.238365650268837
0.0455243573625694 -0.0551470219141065 0.136127911548414 0.17206219488719
0.0077044519043286 0.0685747886455194 0.177754022049682 -0.0140676305646979
0.127658351576596 0.089909868752142 0.103385009045177 -0.102414439823637
0.189004610798235 0.0362290995551458 0.0284844781095768 -0.101071576619878
0.153535163983076 0.014968456548738 -0.0266536683627918 -0.116503103620926
0.120610592325933 -0.00233954209773536 -0.00327400390445012 -0.19854690292844
0.135425424105435 0.0242675690427477 0.137845157197064 -0.150315692402168
0.0817160491054675 0.0614947692591559 0.0531610576581763 -0.0533747670567768
0.161928588071948 0.118993051529946 0.264617533455115 -0.199097916676528
0.141561102290414 0.304378338590819 0.24097860188662 0.345833348800008
-0.2015395358749 0.653979399016502 -0.082246790192588 -0.0796633417479376
-0.35223478746813 0.444853890194972 0.59512084839393 -0.360636494642342
0.0780495229293547 0.305585245492346 0.367359887185658 -0.37744010215995
0.0787338854981779 0.036855289547918 -0.119421037243641 -0.53393993383491
0.0444834827474042 0.00630357771117041 -0.336784668050777 0.0633732508040409
-0.0740567525146956 0.00341072654779909 0.00341714399318804 0.192170593689521
-0.0149113081665902 0.133518650658653 0.152809883338259 0.0829251446569008
0.115300961804596 0.130366991482499 0.154053431182196 -0.0281279898185154
0.16394062341519 0.0639308498701738 0.0963532953208419 -0.0772770217962703
0.118600668024756 0.0566839411376039 0.0138846869325557 -0.122260138393212
0.0565691910881718 0.0578502498396364 0.0373535972129268 -0.224924023838022
-0.0166982796576927 0.0334098452000994 0.196494267304263 -0.123884660563414
-0.00242682400291766 -0.0922713598143775 0.00927309473271412 0.00112209877538944
0.189677622097157 -0.00122885992131956 0.210067394142003 -0.197922429542961
0.248651759349402 0.201639441648223 0.1350448606065 0.195288208029085
-0.120938674047547 0.57243758672832 0.0150365003181527 -0.298654453424556
0.110067154786557 -0.404596289503775 -0.10348020635921 0.433688197047083
-0.268586148199268 -0.154885521839 -0.0532337090820114 -0.0626599130331773
-0.162697347545433 0.118992093487991 -0.172605128981571 0.169868086171886
0.0918294656852301 0.174592724755277 0.0287255424350559 0.00871490796926139
0.190514925808103 -0.0611664012674767 -0.170862875552958 0.0917457000749235
0.0095297255815307 -0.149536806981756 -0.0498161505988106 0.201826535093156
-0.0777995225316059 -0.122530597150054 -0.028617796810438 0.103387820623238
-0.104786509373941 -0.098940884128786 -0.153211859064584 0.0451643883945001
-0.0742966954446233 -0.120076712593803 -0.206280871792733 -0.03631328142912
0.0203692119229017 -0.138985349925225 -0.142482184278042 -0.176354691392942
0.133648953482853 -0.05279645996093 0.078864539051859 -0.22088333090899
0.0363072994360365 0.107563929909198 0.353732295679216 0.0437640051880653
-0.0574817153929058 0.0344683860584812 0.0825757823085141 0.600284781700014
-0.171414902993511 -0.0350330340709928 -0.507016027166689 0.422093482665785
0.0624675541637595 -0.279042148035611 -0.731446004864839 0.383764298263942
0.0657805002708919 -0.121089516318544 -0.155614265361101 0.468064451736328
-0.162577186212788 -0.100322717285916 -0.092629362246721 0.00231657856045204
-0.151303420788137 0.191999017696038 -0.179112391762589 0.210265670755953
0.197228312926133 0.220138124339338 0.0881875296869084 0.0804059275735336
0.314239445882999 -0.104341925725148 -0.0893969333069862 0.0616740312291387
0.0678396355923449 -0.231185372007598 -0.0261086615935718 0.142776500731637
-0.0373327519782358 -0.16880131474787 -0.0389411578551332 0.0517356071718682
-0.0395633757900559 -0.102479526495321 -0.182772375780759 0.00309923467871636
-0.0179620365285355 -0.0847989051117552 -0.23614388668673 -0.0818729593981642
0.0304157605311686 -0.0981221422528396 -0.148193651523759 -0.228987855735524
0.160271945665016 -0.0528767178736597 0.0963175944245388 -0.257914770997908
0.0828456382677197 0.20689263553703 0.371262536724525 0.0446606690517133
-0.132418178749369 0.0743235364778566 0.113884011915276 0.545484300336301
-0.182915615568799 0.130488355519252 -0.468587103145848 0.518506157103593
-0.185592923357057 -0.0859326930836802 -0.765806364689533 0.400613450130935
-0.0299506157389823 0.207127518605481 -0.170146588269441 0.372670459656293
0.0355056177090524 0.0599505841451607 -0.173863174830783 -0.0543920223831214
-0.0786360317123722 0.16567155443128 -0.280095313618274 0.249708940198615
0.26286905919735 0.232891677974501 0.133311040508964 0.221550418564622
0.376523346355642 -0.146343581276396 0.0531048975984741 0.0350537056572112
0.104455236630451 -0.269238385534224 0.0245267446234552 0.0452750084453083
0.00571376028107743 -0.181611024426845 -0.0388859547456883 -0.0250774748406984
0.0337634590290343 -0.0913628459590579 -0.185145964698705 -0.0413574814087368
0.0481878400050043 -0.0455708143465307 -0.236429157031185 -0.0988289232262083
0.0570462399572158 -0.0459411393246182 -0.165144061286654 -0.232589595846691
0.176459053827315 -0.0225962805385753 0.0579385063778782 -0.294453846585481
0.124459943265901 0.286792627049485 0.380837151296059 -0.0417920174807101
-0.212531826413372 0.159472697439073 0.213246302238164 0.43983728483758
-0.184717842924406 0.212112097547036 -0.287731412456818 0.607614952528939
-0.355186396148155 0.119754281145733 -0.699850829008477 0.423211017033246
-0.192653440445026 0.474784936587395 -0.122919592090384 0.178677827499889
0.140482045221173 0.315124734844187 -0.219660814197028 -0.189280586029608
0.0706277048087496 0.166288563764506 -0.413499291712763 0.194892612035136
0.30110051087338 0.199996014679608 0.0978165203805736 0.366143810568396
0.371691170404535 -0.169429220680528 0.196287597287434 0.0439818886113986
0.112303926065249 -0.2451376101261 0.0918366807675404 -0.049832872570533
0.0493322235933193 -0.147561144839831 -0.024275764324288 -0.103070998385656
0.102817896247028 -0.0671384472475318 -0.160310371913321 -0.0791624640287857
0.111243988278786 -0.0186598847481403 -0.206732061967636 -0.0984933138984935
0.100806628281889 -0.0126316030765163 -0.168475218190154 -0.207495090705073
0.212600027010563 0.0175763698432464 0.00545038120257082 -0.297064454128208
0.155210838891108 0.337268155712406 0.342226090797124 -0.155367127218101
-0.21083341438778 0.24911124300719 0.336045462888589 0.286928585982127
-0.172391693653405 0.282359990829646 -0.0510417383821197 0.639484745035411
-0.422093413406686 0.325497831409542 -0.557452959805134 0.411499692789643
-0.39468117866094 0.6124430005578 -0.00368961633741738 -0.0474003325988762
0.0856241767071965 0.518732454314649 -0.194062987096207 -0.332621097086486
0.176877320925179 0.233987797911545 -0.488664618394415 0.0500466771065724
0.315007449173706 0.1728672105155 -0.0156311510545243 0.440075754429221
0.306075137506381 -0.164961111694301 0.272961351206736 0.0854161580013789
0.090418043334772 -0.159699658053381 0.15336610409531 -0.103282885407235
0.0906133395974286 -0.0744681593027105 0.00709110953139349 -0.153813340841649
0.155442084754918 -0.0347393553690017 -0.111702985711233 -0.104582235470165
0.156486644281183 -0.00890956220795064 -0.151077026947777 -0.0965377927805555
0.14429168528392 -0.010898542769038 -0.135941657030328 -0.17749819749895
0.248302708060513 0.0360219172894145 -0.00784039303325856 -0.258832830425007
0.169511332143661 0.329763407209414 0.242708753934737 -0.204348233244097
-0.11023267869764 0.278183824859614 0.390001378259869 0.0789669605942102
-0.106983619255053 0.349703399296795 0.161861496281398 0.596731306529044
-0.396696821379865 0.500468524001828 -0.38077700843195 0.321174641350626
-0.520309062365513 0.612796125905943 0.183612523227003 -0.233208477639727
-0.0186590223189143 0.590972419768048 -0.073659890094616 -0.421201806442253
0.197049636169573 0.262682827349125 -0.461162043122341 -0.164542842970573
0.262821351208506 0.136194506311604 -0.157704276911866 0.396541024215252
0.188487544709292 -0.121267232629257 0.248594071303958 0.134562161148712
0.0486710259001103 -0.0411599209936353 0.18268272467574 -0.0890124244071164
0.119978116036351 0.0175394833440048 0.0517548970842846 -0.151056491945019
0.184811414135942 -9.11683239450795E-05 -0.0449975709018652 -0.112197018326736
0.169193956235081 -0.00452667703093456 -0.086477878053928 -0.103726763833279
0.15316871313816 -0.0200911691769913 -0.0739677428743081 -0.171921440011194
0.23299714416955 0.0318072542492568 0.0468906634017204 -0.199411305129209
0.147841665993821 0.229005785780551 0.132713547475631 -0.149412604874566
0.0433817400967719 0.223708432351502 0.345227478330428 -0.103638195130786
0.0106671305261397 0.367385425638745 0.268897089065284 0.482192911871831
-0.305379220972206 0.621556886327487 -0.210634576853309 0.147154398832914
-0.516792106882805 0.547386557434607 0.39618524030238 -0.335070988422599
-0.0214355442484342 0.518536153851456 0.131925202250118 -0.418837323466404
0.155845001319427 0.170792743586761 -0.302716331591941 -0.374533815917424
0.149648435063611 0.0824379402513605 -0.274611783989032 0.240322799494844
0.0460577903781973 -0.0549935489310935 0.136631092007741 0.170624741623253
0.00847948339736899 0.0681485991682638 0.177028462327535 -0.015429254271636
0.127173587952511 0.0887139125123995 0.102570796539782 -0.102598523542779
0.188439364883376 0.0342313030778866 0.0286171846602016 -0.101071369290836
0.152974963109401 0.012965871762701 -0.0271204669719057 -0.115216595522101
0.119795894376932 -0.00330094974704436 -0.00532470943058984 -0.198175220212096
0.136043018895594 0.0220337195665837 0.135568629608937 -0.151772856959222
0.0825261836364204 0.0616060595135326 0.053886759607507 -0.0540996446472495
0.162961989558352 0.119510640725286 0.264243215468436 -0.200054220673125
0.142155883104388 0.303373121558134 0.243450368579233 0.3443823782409
-0.198724736183712 0.655919686457449 -0.0823804005886921 -0.079744972815612
-0.353295601955128 0.446461385836981 0.592311127979309 -0.363556748671794
0.0780250024237667 0.305957988682427 0.363190590795409 -0.377399530282918
0.0788830192408294 0.0371912092097589 -0.123838608762515 -0.529560388692768
0.0453330825265894 0.00620949781464058 -0.333610482872365 0.0658769499356957
-0.0735624577488172 0.00418960455051829 0.00433853526419867 0.190910245802446
-0.0133215295228366 0.132118158211952 0.152744575676984 0.0820822042650269
0.115650643774374 0.128588802986877 0.154782760410647 -0.0269625386387475
0.164855177007977 0.0631497415837655 0.0970532800739119 -0.077057472674174
0.118865466322299 0.0566047749959522 0.0125676334162749 -0.121381190935942
0.0560706039695567 0.0588011339727838 0.0354678845866008 -0.224557538713642
-0.0165136757108252 0.0336246989825165 0.194920547164647 -0.125771312842009
-0.00286565888577174 -0.0913921042586684 0.0106925011171587 0.000287367919625153
0.188546357622382 -0.00372256281617176 0.209094306756867 -0.199369623733622
0.247738148669893 0.198925400800469 0.134110489300425 0.195271852137663
-0.117618557576806 0.570984675576572 0.0137087570388468 -0.298985155368942
0.107622030928028 -0.404477879357502 -0.10096355762058 0.435776307599555
-0.26863918183165 -0.151732797610552 -0.052456707199453 -0.0621635233571544
-0.162687926745175 0.119617892959399 -0.172001747002845 0.170313080591461
0.0923529080996828 0.172952785818139 0.0282248959966325 0.00941063270287028
0.189946580784972 -0.062727974945594 -0.170013729987343 0.0925807600913823
0.00855869701146423 -0.149391429054456 -0.0487784389688208 0.200889610601062
-0.0780221583817461 -0.122202945467259 -0.026688416554676 0.103076824331273
-0.104599281108076 -0.098208851848385 -0.152882237750216 0.0461867405472646
-0.0745584238553364 -0.120349418784807 -0.205362266325356 -0.0338484227416171
0.0206492505434633 -0.13922798145583 -0.143506290490362 -0.174554204192453
0.132863743909712 -0.052811641952756 0.0777655826691841 -0.220718920149192
0.0360146117170453 0.107689146687123 0.354440854301808 0.0417854940958368
-0.0573027895707739 0.0346919000555133 0.0850074529759335 0.600285288910064
-0.170421066191632 -0.0340217797997604 -0.504589190191091 0.422596673858765
0.0618175445753396 -0.277966977766664 -0.732032745881339 0.385002009630782
0.0641840934873137 -0.120383260124277 -0.150033302945767 0.467526852620046
-0.163161873023709 -0.0980027814287426 -0.0922715894048876 0.00398326696344653
-0.150015248611699 0.192348622203968 -0.177274623099455 0.211602238261878
0.197908166987428 0.219375724133439 0.0882235095751957 0.0802551072511715
0.312577939431001 -0.106718372102773 -0.0883097187070221 0.0624962350401508
0.0660549974177644 -0.229865193559926 -0.0254866426533209 0.142661342791375
-0.0362264444470273 -0.168886662954865 -0.0386099256171921 0.0513811681447463
-0.0402733682092665 -0.101642016316812 -0.18356872107566 0.00399421504418121
-0.0181740657617049 -0.0837232234325479 -0.235768895757294 -0.0815268821056125
0.0295178099392708 -0.0981263379392349 -0.150587377683843 -0.227343556884442
0.159859511620824 -0.0530688558773488 0.0935437690277143 -0.257451637703066
0.0848675931662946 0.206620976686704 0.369466815081881 0.0444579688685696
-0.132688348226076 0.0752697665149327 0.114874621053536 0.546351166254458
-0.181125661494717 0.130445161029196 -0.465652596284362 0.519395442509877
-0.184751747113701 -0.0843656502112398 -0.765903067485436 0.402864254438319
-0.0300411432827463 0.208988742288693 -0.169060872074238 0.374065080393895
0.0364867871803294 0.0605871065187931 -0.174068614875867 -0.0540034234978645
-0.0762000587732286 0.165725961990615 -0.279190830209244 0.250561493048611
0.26347368719819 0.230358392615892 0.134098788341137 0.221035625097981
0.374892471229258 -0.148056635514467 0.0534774253356234 0.03431586986594
0.102157752920766 -0.269724322248477 0.024983177798623 0.0455687857172246
0.00465145078450599 -0.18109096563193 -0.0386970574563999 -0.025506837240858
0.033669667692286 -0.0907465892387082 -0.184555577462139 -0.0398943818649966
0.0482646130824648 -0.0453219133790716 -0.237167836810928 -0.0985689762540775
0.0566490605615994 -0.0452226028314069 -0.166551988931423 -0.231283473266962
0.175882884318852 -0.022108274293208 0.0548542486428496 -0.293221278485443
0.125631017691172 0.285375845691367 0.380207029520793 -0.0428808945729489
-0.212566988014321 0.161279981027166 0.215570502680356 0.439051536110683
-0.183010969815176 0.212304673284794 -0.285572684833182 0.607087149960664
-0.353334103008822 0.122398232315355 -0.69923437134078 0.430153000936173
-0.195195965374112 0.47617902668702 -0.123212655984111 0.178763896489226
0.141940175687154 0.31320564639392 -0.220421775306833 -0.187409801323108
0.0723263298347106 0.165424108219993 -0.40424396355178 0.20121710038574
0.303168720937445 0.198855189077303 0.0991924288211153 0.365034156454617
0.370054872302121 -0.171436250914842 0.197062692774509 0.0418983243021465
0.109408279637032 -0.244944602260067 0.0917982803880427 -0.0510851567812669
0.0505927453363444 -0.147540907308864 -0.0246575805123396 -0.104249167401842
0.102658639248032 -0.0682481281835004 -0.160926303718881 -0.0788416616770332
0.111728053054258 -0.0198245044680284 -0.207016425624735 -0.0967617298954411
0.101466038178457 -0.0135883922807501 -0.169511715794212 -0.204693383532029
0.212747923920299 0.0160756942476173 0.00376951615824025 -0.297578384151274
0.15740604247304 0.337118723672582 0.339614049579447 -0.158211757192852
-0.204998318580915 0.251374847148275 0.338213294292035 0.284176939572561
-0.170726770666524 0.283581264207812 -0.0476414919430525 0.640671890707225
-0.421289924815448 0.326443822712134 -0.554256282514264 0.413242337029119
-0.38508918908286 0.612990099324963 -0.00432640633065227 -0.0481185629999122
0.0866227300264616 0.51791636402691 -0.194883218432463 -0.331245431862421
0.178191827588859 0.233109437177068 -0.490613915681891 0.0509334411034729
0.316499717583605 0.170085394111278 -0.0129491444534118 0.439745518050637
0.303464760008921 -0.166620918553325 0.272788638885883 0.0837437319624592
0.0897931537812212 -0.160140527583101 0.152844797575213 -0.104113055456377
0.0902238975344619 -0.0747662447906824 0.0061259053056008 -0.153513184813577
0.155553508878421 -0.0367643984951181 -0.111702342033498 -0.104387090049175
0.155659178939622 -0.00893410702648076 -0.15163258907057 -0.0946465017462114
0.143828554201175 -0.0109964410029219 -0.136574390044647 -0.17557137949337
0.248003112660287 0.0361293116733836 -0.00969976958130679 -0.25850741625973
0.171519927708532 0.329075266988744 0.24154492013172 -0.20518383107519
-0.108838061320506 0.280385332901288 0.389826020449361 0.0762147922039177
-0.104618369313187 0.349348695104872 0.163896950353935 0.594273483583857
-0.395006108334821 0.50348762702559 -0.377305767998066 0.32083531791067
-0.502200852977543 0.619039841387105 0.180519587109864 -0.233945545787798
-0.0164872730181608 0.591443268337868 -0.0764311958894743 -0.42117866106672
0.197659474924888 0.260777600035033 -0.460850915858539 -0.157518745036027
0.263527260019667 0.141308788278858 -0.154777269290469 0.396603570166048
0.186823630273527 -0.122522295128457 0.248474316786701 0.133974013654762
0.0479618097973283 -0.0413250959731086 0.183108737748153 -0.089763870985175
0.118866171415622 0.013023774330619 0.0495193763967567 -0.151996910442348
0.185471963802743 -0.000588248589601632 -0.0456577534621759 -0.111382845751428
0.169876630871211 -0.0042380600819601 -0.0866148475050515 -0.102544678143398
0.154274516224943 -0.0186690383095371 -0.0743701385351196 -0.172542001364647
0.233849941558908 0.0296097584004969 0.0452978331468509 -0.199646785337476
0.150369781451534 0.228320430902464 0.131208011439621 -0.150754959481923
0.0456281456057459 0.223538150835065 0.344909156598453 -0.104289950370717
0.0129000468405059 0.366628421035613 0.269352680318396 0.483113557734507
-0.302891910550274 0.622638347164773 -0.212227673678833 0.146309215827019
-0.495607221617781 0.550949421705941 0.393699230385152 -0.338926468874572
-0.0203111661385215 0.519269033027352 0.131226936565166 -0.419801949685557
0.155361374705306 0.170405256093146 -0.304041832703581 -0.372385182116112
0.150736979602341 0.0818446401069373 -0.272197992892396 0.242362517987677
0.0452380329558203 -0.0560133649532232 0.137680077167901 0.169148035241561
0.00779059944116604 0.0689741313289649 0.177800854467462 -0.0170083057221243
0.128303519867449 0.0880078193471618 0.101432663340373 -0.103528534681967
0.188588951528124 0.0327450048218903 0.0280624166976011 -0.101767021662373
0.152238824219535 0.0129872023212295 -0.0279435919369454 -0.115927956001858
0.119328078145645 -0.00426942375733196 -0.00715589260718012 -0.198235542962516
0.136281113011797 0.0214136516728826 0.134528494040519 -0.152589728182565
0.0836905477603111 0.0618873404356878 0.0533026579784416 -0.0558061857277926
0.164017984569395 0.118944802261545 0.263538614382976 -0.201048938728058
0.143394616604401 0.301932197301755 0.243587069270449 0.34299110863033
-0.193399416596608 0.652632995241337 -0.0832011038899066 -0.0803635077472742
-0.340486384907516 0.447345000854878 0.584977699721064 -0.367705303424795
0.078538328257877 0.30570189920873 0.358437854886348 -0.380344008872725
0.0785432321928499 0.0363623489828081 -0.126211298060137 -0.528491257520767
0.0457267067867571 0.00651397720652356 -0.332304873914501 0.0685413947183498
-0.074000648925698 0.00497584517842163 0.00467968140430509 0.190965092256026
-0.0139953994934205 0.132819882854384 0.153242790818634 0.0809578173036425
0.116261215014792 0.123169441757581 0.153178639565216 -0.0307003472060487
0.164581601575678 0.0623483098193737 0.0961198686614864 -0.0786089566238391
0.119253019410467 0.0566580114148596 0.0123408027455309 -0.122230224157067
0.0569998029551793 0.0588663509614788 0.0367330398390558 -0.225675601026067
-0.0162026164255046 0.0331242629560378 0.194155497538653 -0.125706440977718
-0.00306789640034571 -0.0911411178410191 0.0103359574410693 -0.000733931214423398
0.188693933011948 -0.00207934920477645 0.205561462524297 -0.201163338108216
0.248606702868482 0.198660361013473 0.135750828575754 0.193712540038118
-0.118076191069265 0.57226103690192 0.0119502763767205 -0.29900141083503
0.104063059877587 -0.403087595114512 -0.0981797805922533 0.43603236666505
-0.270382380553972 -0.149276673369996 -0.0533612620963499 -0.0619684083751854
-0.160694277637116 0.121278545392778 -0.170761092484937 0.172066764369554
0.0942002222082866 0.17235316627925 0.0276863033583431 0.0106104114685983
0.189050702779392 -0.0649127058677703 -0.1689437706427 0.0950370761393502
0.00835842610169234 -0.149047105531266 -0.0465456116022678 0.202213386935677
-0.078373306885306 -0.121249157599899 -0.0267543216358746 0.10291870323453
-0.105024771792185 -0.0983545200704818 -0.152665886669293 0.0471360465110247
-0.0744757983319029 -0.119818188759243 -0.206013349973967 -0.0333422082619921
0.0196820345907699 -0.139099359771141 -0.14431066344207 -0.173679331108833
0.132921900479723 -0.0530143766372203 0.0759897575375453 -0.220537378015747
0.0361983768776039 0.107670066652983 0.354464326574769 0.0392409722015735
-0.0568003707061525 0.0346127160959295 0.0878412611979354 0.599104737713804
-0.170055040988779 -0.033622216917921 -0.501638512464607 0.42540497317196
0.0597619333496325 -0.277677923415137 -0.727942574448883 0.387792397734295
0.0630387080137206 -0.120061036158346 -0.147443726968715 0.468773363441216
-0.164138232174953 -0.0965088844421581 -0.0921386382087191 0.00398761192360463
-0.147018034761984 0.192744724175653 -0.177317218883282 0.212584771178538
0.198362192410209 0.219475271889933 0.0885077990533389 0.0802506947139982
0.310430668749947 -0.110748034610852 -0.0880405295660158 0.0632985454971835
0.064985767271567 -0.230776667727087 -0.0232293661632404 0.142947506915537
-0.0390392564014978 -0.167927891136101 -0.0388403769196882 0.0516740530129209
-0.0395087565907441 -0.101638220207013 -0.183688575326454 0.00481674210030057
-0.0189284951301891 -0.0841777323154152 -0.235762096928962 -0.078152720052055
0.0296841850991826 -0.098808542372906 -0.151641434649764 -0.225192407747195
0.159444557183697 -0.0538999838159053 0.092771290341721 -0.257618745522909
0.0847229328136268 0.207101625171436 0.369328767060001 0.0415064817334069
-0.132297851423026 0.0761442605595422 0.118781580400401 0.541777535450203
-0.180469601498196 0.131713373580577 -0.463193121423582 0.522636752503021
-0.184960458020538 -0.0832909290212678 -0.75838559036444 0.407761396800631
-0.0295086287881253 0.208626350432778 -0.165441013127556 0.373730219932788
0.036716449740426 0.0606857018132166 -0.174283170585822 -0.052997841823854
-0.0735926682896008 0.167647431724584 -0.27796078082962 0.251456682477023
0.266079696637396 0.227809003940716 0.134581365594332 0.221215277399771
0.375047993398993 -0.152001620080702 0.0539345884604228 0.0344289564545013
0.100361201544902 -0.270946420507653 0.025622707710598 0.0448268316915217
0.00345666965387347 -0.181365829795353 -0.0390436201526589 -0.0261291623409455
0.0333849065047894 -0.0914153806091812 -0.185855902540912 -0.0385069217073403
0.0481914559883306 -0.0450933326971942 -0.237473798320727 -0.0962223977665754
0.0569828687895461 -0.0449515512383841 -0.168654418865661 -0.229943275754575
0.176216810723811 -0.0234363452279575 0.0530809904766192 -0.294082660106364
0.12784230003583 0.284198795060817 0.378834484689181 -0.0458050289858828
-0.210825177491945 0.162447711445646 0.218491730659746 0.438236757928937
-0.181896068687851 0.21340034626624 -0.281342040110624 0.61094738837457
-0.352006192278036 0.12451761959169 -0.69517953549761 0.428826367776636
-0.195233060303952 0.478235080562841 -0.122322579256863 0.1792277907543
0.144166380795036 0.312785144719376 -0.222068881131176 -0.185571800457948
0.0741949752393583 0.165523807250898 -0.404138311891713 0.20333183917988
0.303791582938628 0.20140717200634 0.0995073352039634 0.365653301303298
0.369434094123714 -0.174568525488023 0.197232323470661 0.0407397331488853
0.108370290653384 -0.24563759538563 0.0920225190618661 -0.0515600932761484
0.0490680612819907 -0.147719592656269 -0.0253759523673623 -0.105233308696637
0.102643133138583 -0.0682601028927712 -0.161111667331354 -0.0767597456046162
0.111599274518753 -0.0201637978742863 -0.207539139492796 -0.0957228634859206
0.101456964258943 -0.0136134404922543 -0.17132700784984 -0.202862450575943
0.212587528130364 0.0155828260449357 0.00089835439703971 -0.296464467163651
0.158125514797159 0.335817234292057 0.3374705767884 -0.160726261529573
-0.206798577223667 0.253668895484444 0.339272124845544 0.276150121038685
-0.169661804929669 0.283025036848029 -0.0444092497164046 0.640329256269356
-0.419532686781995 0.327643278626235 -0.5556289511594 0.414419619489814
-0.370045910066361 0.61474574519315 -0.00409371285331779 -0.0476327664909886
0.0905277867864631 0.516034327194305 -0.198961062678586 -0.331181480672969
0.179944992172021 0.231950058879253 -0.489746390363023 0.0544249629735845
0.318005850775217 0.167874178841834 -0.0101969244146257 0.439947563050125
0.302237213906259 -0.167271274261832 0.273735283438648 0.0818224337927322
0.0877808401604237 -0.159551011870721 0.151207490582986 -0.104596953423597
0.0896688743836792 -0.0752685159701456 0.00348520893927583 -0.153790189723651
0.155445304697715 -0.0373600208050453 -0.112127978044456 -0.102594239794646
0.156787721977587 -0.00946160916369628 -0.151850727096985 -0.0931392747300393
0.14288879458521 -0.0121595760001551 -0.138376302272015 -0.173888774072234
0.248717290685777 0.0332903702579737 -0.0120870147866705 -0.258539800019421
0.1749785510043 0.327044290225034 0.239878075452412 -0.207828889758527
-0.106539727561684 0.282209375213889 0.393443541381753 0.0739875777316598
-0.104183059561007 0.350483373710432 0.167602978649172 0.595317035274503
-0.391448229962835 0.505270727058832 -0.376417691318939 0.322040497647554
-0.496558735989455 0.619418195927876 0.177506451374774 -0.234830933215953
-0.0135361754176797 0.588219947762631 -0.0770620376091989 -0.421986120776562
0.200100632077889 0.260460292983215 -0.461540962497816 -0.153896185905724
0.265589360709188 0.140041991936231 -0.154924268571306 0.398613036575226
0.187307756726483 -0.122573702556353 0.249097728609784 0.131451920731847
0.0479690145867721 -0.0416245951415643 0.181421692658513 -0.09115654077161
0.117220132853968 0.00995019440144074 0.0471864546493311 -0.152900002800545
0.186036289468433 -0.00239169229607931 -0.0460899521610333 -0.111531317071535
0.169397533019567 -0.00545243272810549 -0.0869846333290882 -0.10130572547658
0.152881478165061 -0.0202120767757278 -0.0748358720196754 -0.172791946707768
0.232754586006028 0.0266592315590971 0.0432459561026922 -0.201114059508036
0.152036919158998 0.226268904895923 0.130807568147796 -0.153575134299286
0.0445980858361688 0.225654965798992 0.342629976599987 -0.109621785725867
0.0137699213377777 0.366741883342295 0.274158611697557 0.478182842101897
-0.302313003419117 0.622730246305771 -0.211054463513724 0.146043044301393
-0.492872471688937 0.55400758310274 0.39097166735225 -0.339463869594465
-0.0185755241047309 0.515935330562534 0.128575008767983 -0.419428080180013
0.156855094744803 0.169529882122225 -0.307030948330002 -0.371670801850044
0.151569430120078 0.0814700158488807 -0.269707385233446 0.243743178791207
0.0445922619141279 -0.0559310178339409 0.138799446721104 0.1682738880658
0.00883952074963171 0.0687633961548448 0.177016306243171 -0.0199672013210678
0.12875020572492 0.0874923317854868 0.100324855695076 -0.10400784944137
0.189053484674164 0.0313153994992127 0.0275072171633275 -0.101528728172046
0.152692997139691 0.0120666109808624 -0.028367156636544 -0.116258964240868
0.119019483439233 -0.00459135220544902 -0.00880338202527306 -0.197601340316548
0.135513777699644 0.0197123702561462 0.132590941988896 -0.153891970419781
0.0844493999201813 0.0607808303061306 0.0533737558253171 -0.0566959792999828
0.164226053297531 0.119186363268571 0.262050390773843 -0.203169517574125
0.144115380282595 0.301949144262405 0.24641965921491 0.340350439196198
-0.191423120094919 0.654270734744698 -0.0830242275439981 -0.0808920523859334
-0.334534733743925 0.447556902848167 0.582766451690179 -0.372857025538779
0.0806928772745678 0.303054682266096 0.360083743028928 -0.380016157266215
0.078541676365297 0.0364752396869736 -0.124123077719415 -0.534668047853676
0.045748915846263 0.00519734325956789 -0.332451278572606 0.0690301381750284
-0.0744972532757977 0.00414790918938664 0.00511374700028681 0.191187970995571
-0.0130221697503798 0.13302818631795 0.154041438148252 0.0788162157918977
0.116862642007989 0.123313709725339 0.152346835056586 -0.0319345599169533
0.164521093938164 0.0607166451445214 0.0961678456803389 -0.0783049436382696
0.119108266106779 0.0547798732280935 0.0121301273955686 -0.121368846852466
0.0563395391526351 0.0571007238445492 0.0336968921036837 -0.225193306070431
-0.0158589508847094 0.0331328270390482 0.192582640757755 -0.127897256993862
-0.00306958545612651 -0.0913696783864236 0.0105617216495875 -0.0018565370704268
0.191030874165013 -0.0018603173834568 0.204745021224933 -0.202567555022825
0.249539571455876 0.197517005065363 0.137127265005375 0.192641149008276
-0.113612326128956 0.572474046796717 0.00900433103211183 -0.29892982008452
0.10115445750363 -0.403109975353727 -0.0936571770828814 0.437898080691539
-0.270686208193252 -0.147907971494459 -0.053624382216993 -0.0614106553145408
-0.159501890259027 0.121550751433071 -0.170381736039109 0.172345357135129
0.0950470918149384 0.171238318908037 0.0273689293756851 0.0107517777552744
0.18847868791109 -0.0661484665975751 -0.167028936233319 0.0964427180827098
0.00723645185778837 -0.149002885807435 -0.044545207157309 0.201790141415391
-0.0791470886956866 -0.120579399189919 -0.0260154207191272 0.102955958056492
-0.106039662273463 -0.097448424636974 -0.152638346525188 0.0481366767993969
-0.0756954547277793 -0.118314855044125 -0.206316159849497 -0.0312680093764812
0.0190029319539854 -0.138869962419694 -0.146462274982486 -0.173023142915742
0.132425112739212 -0.0540798246629676 0.0742888878896363 -0.220761158828684
0.0375210800273182 0.107800871154829 0.353676171952294 0.0368395117331731
-0.0577158261349245 0.0348180927211895 0.092228594147453 0.598788597956357
-0.169802194952453 -0.0325195386316723 -0.501848374702904 0.429223379057003
0.0584624310172426 -0.278477907773496 -0.726586408916138 0.394306834153052
0.0626431560763065 -0.120026737114808 -0.144652596877296 0.470828700556452
-0.164845154396388 -0.0950262441155937 -0.0920580836716083 0.00395950090553458
-0.145620712301663 0.194487994774742 -0.178451721247473 0.21309839254179
0.201710938261362 0.216255797761316 0.0882650344475104 0.0808151839544497
0.310621128642041 -0.114029903019484 -0.0869480365732867 0.064581864243738
0.0634106789078231 -0.230120000769036 -0.0220331365787048 0.143274855278676
-0.0419291496755351 -0.166977439703296 -0.0388166355722518 0.0516250906802782
-0.0407737851061469 -0.101692149471194 -0.183701835219566 0.00655503534938583
-0.018796358245429 -0.0839965135772461 -0.237043413377402 -0.0759712226999632
0.0293258474364519 -0.0983839006768921 -0.153379302413949 -0.22382731886871
0.158942303811045 -0.0546170178622673 0.0904372826955247 -0.258689686937768
0.0868010304248821 0.205838012948605 0.369279768872806 0.0391346388838219
-0.132508579779432 0.0766271031259321 0.124941939210097 0.542258369688082
-0.179616600696747 0.132353651905583 -0.462830349352914 0.524575870008496
-0.186030066837888 -0.0824425259570971 -0.759946866761831 0.410727572343259
-0.0273598697150494 0.209065492296027 -0.160008099608064 0.374654655548681
0.0365378711423002 0.0610940226072799 -0.174416271056844 -0.052781386083651
-0.0727843865522594 0.168005377970565 -0.277066472908999 0.25369044206347
0.267884632939499 0.225557983955684 0.136333244839555 0.221122828654291
0.372952213969665 -0.154569659504014 0.0543913536252427 0.0337124146053506
0.0988351596919099 -0.270203577720636 0.0261223424918612 0.044440756729781
0.00207249115246865 -0.180918430141827 -0.0395047616075264 -0.0264424055164372
0.0338069760670362 -0.0919846644357895 -0.185782208880906 -0.036695454493822
0.0476926665362031 -0.0459655322869998 -0.23773849985557 -0.0939227073612009
0.0569499749010303 -0.0456634229796765 -0.169833675741043 -0.228543056768716
0.175394251138511 -0.0240961200576911 0.0503418266159478 -0.292760912139802
0.130918726600881 0.283901118788801 0.378973526396453 -0.0478017442893691
-0.210051133708335 0.164630068208397 0.221760361278641 0.436845628971975
-0.180711885197903 0.215228820240413 -0.279439324516746 0.61148348475291
-0.351277188639717 0.126460022195803 -0.694007356464981 0.433944682842726
-0.189113545123331 0.479593527537478 -0.120717524266834 0.179578980832391
0.146254815263875 0.312591167876538 -0.222237550225401 -0.186417019652297
0.0755654761814664 0.165835615251124 -0.411153093097484 0.200821739261762
0.306657680098763 0.197080097251231 0.102032592496715 0.366519932926479
0.367097916644868 -0.179020805801381 0.19713371160294 0.0389007633049902
0.106946872667696 -0.246946929126392 0.091609335248764 -0.0525126250083695
0.0455861875456051 -0.148446602386918 -0.0268265159987729 -0.104505579108384
0.103093366188189 -0.0693831931455964 -0.161273164578544 -0.0759132831624953
0.11196711592159 -0.0200691896660642 -0.207461493415308 -0.0934442726374748
0.101808126283098 -0.0132490406589021 -0.172499967152316 -0.202253851232461
0.212591484334965 0.0144353162386053 -0.00160462788495359 -0.297010142553502
0.162462416387279 0.335240846865849 0.337538256746875 -0.163301176585002
-0.207545255754147 0.254075657941817 0.341785337707714 0.276979155657664
-0.168572657308397 0.28431596233863 -0.0399586945133124 0.640247021868661
-0.417723177265648 0.330285352978642 -0.549163327367866 0.41756173879137
-0.375653751586012 0.61821945522343 -0.00291619419579278 -0.047454104948756
0.0938927464929148 0.516299898249128 -0.198894740453179 -0.329538690999153
0.181987250413441 0.232124525308356 -0.489654754123353 0.057970588191016
0.320934383248208 0.166696315718829 -0.00781371148347813 0.441570993404809
0.301106854239819 -0.171438683676767 0.27418071367032 0.07895164623077
0.0864927177879918 -0.160966767026608 0.151245655305275 -0.106681405169781
0.0889069286828043 -0.0764768900716323 0.00245860431618867 -0.154009467670714
0.15656879888561 -0.0382943664734616 -0.112818910174721 -0.102578219685763
0.156559240129127 -0.011362447685826 -0.151877178930085 -0.0927418619347255
0.143332127547664 -0.012571187655531 -0.139717879378827 -0.173064761099887
0.24938054022834 0.0320260004490591 -0.0143551625945191 -0.258133545790612
0.178566865588079 0.326610953573038 0.237706586079746 -0.210406536905615
-0.104296109737713 0.284080535937203 0.393354426798044 0.0715265689631625
-0.101469542346981 0.35165152981589 0.169382077290119 0.591776667085993
-0.389188587602886 0.507864594362936 -0.374493686732177 0.323861320798276
-0.509053770884056 0.622364562579877 0.178350459120575 -0.236500020311375
-0.00979854494644788 0.589890576311853 -0.0791085669029956 -0.421727175733465
0.200393498913404 0.259645928099369 -0.466477157010837 -0.158071569822433
0.267808339947877 0.131439490850246 -0.152779173291194 0.401090913148163
0.185325305554381 -0.123695591935071 0.249888330801245 0.12824339894114
0.0479542412626313 -0.0416494554992568 0.181176099146993 -0.0938560772901849
0.119538378418075 0.0139577065147891 0.0461907663554236 -0.15365548071818
0.185286601030158 -0.00488248280736625 -0.0471209362948671 -0.110575776341694
0.168412084255387 -0.00737977647554409 -0.0869365794472406 -0.101292243277206
0.151449514357258 -0.0239623127091323 -0.0764234231944336 -0.170621075322953
0.233855644241513 0.0246047146893785 0.0412344206394183 -0.201127769335725
0.153625776746096 0.226476996122377 0.129440717686854 -0.15444183407298
0.0455049007603351 0.227394008257117 0.341028048223567 -0.113841642541474
0.014932811039405 0.36689772082657 0.27827727208759 0.475948343873183
-0.295739166245476 0.625048500116892 -0.210148119789274 0.147968573163179
-0.506403280003137 0.556381545947187 0.389709467507806 -0.341357068568881
-0.0153015954283341 0.51705641289108 0.12506377940442 -0.420753658105551
0.157802339712474 0.169133700635759 -0.309108577759889 -0.369560083955319
0.153657480328092 0.0803234331895431 -0.26684574731404 0.24534567816486
0.0450135436748808 -0.0551907713422244 0.138775509865129 0.166971724242517
0.010237778935962 0.069021115776153 0.177058006414988 -0.0211406783124308
0.130007223555329 0.0866882347966441 0.098757404800657 -0.105037660675629
0.188955863885441 0.029636706003244 0.0273754097835655 -0.102478448261048
0.153440340418895 0.0110106315577722 -0.0284603732501759 -0.114630386787986
0.118123992435733 -0.00552346720952356 -0.0113435223654347 -0.19694161842437
0.13639826036155 0.0187841964082849 0.131310796337632 -0.155621520664909
0.0860940795135637 0.059587742361323 0.0535847024452457 -0.0579608138961548
0.166275450434172 0.118739644591793 0.261601748937507 -0.204928299695452
0.146099645631584 0.300192083608483 0.247696983166085 0.338727193158335
-0.187631479497116 0.653723490775471 -0.0834282753378353 -0.0808298190083035
-0.341246087935249 0.450807347783897 0.585753518762368 -0.373296515363227
0.0815771181782442 0.302556471709016 0.359910236889929 -0.382480987563385
0.0782393046417218 0.0360923872904111 -0.130661384962248 -0.528993573142144
0.0469659621422232 0.00413387110523433 -0.331692145018324 0.0722987114972392
-0.0739114900440849 0.0057248252726485 0.00779502912670396 0.189996109034143
-0.0127376219314083 0.132681139889583 0.155115691923408 0.0774531064909481
0.118637283029066 0.126664935843847 0.153159401376431 -0.0315137631994197
0.16468989646249 0.0584353841525109 0.0956445821846331 -0.0791347556523596
0.119579739450896 0.0536818521157795 0.0120308052723357 -0.121489067286545
0.0560822908790952 0.0565510032464078 0.0289382145618548 -0.225140432354289
-0.0155107174851647 0.0329923645016825 0.190625153823477 -0.131741241654962
-0.0032086077759899 -0.0911118837517045 0.0105113349419452 -0.00236573479452327
0.189643161819218 -0.00323491260975221 0.206384073977723 -0.203218710162038
0.250659899506971 0.194601998625611 0.137431704778715 0.19231062162573
-0.106213427646419 0.571299589095638 0.00837921811430064 -0.300886289819641
0.0998918252045003 -0.404301481988864 -0.0925289473049679 0.438524255086027
-0.270817596013571 -0.145568356672464 -0.0540794605750671 -0.0609491706613244
-0.159070719453632 0.122621093906789 -0.169817448521768 0.174636513486118
0.0969288209511814 0.1703105457562 0.0272780750822329 0.0117363018638264
0.188181626313148 -0.0682288211206582 -0.166383453127203 0.0986174516073272
0.00610550556424982 -0.149121448709455 -0.041712793018099 0.201864386979718
-0.0805575117257075 -0.120400747969536 -0.0262289138128412 0.102537535753494
-0.106279233875155 -0.0963871480678225 -0.151699745011182 0.0496985912840949
-0.075822653026368 -0.11829044239781 -0.206685455720644 -0.0298915362244614
0.0183192373111071 -0.139298142398447 -0.147749967910069 -0.171462095474566
0.132898703633594 -0.0546733095016176 0.0720882488512206 -0.221293003843536
0.0381731857316511 0.108269160491262 0.353352420416584 0.0349468596122976
-0.0571327080154495 0.0347888631810985 0.0952220183656277 0.597898823891819
-0.169612530044515 -0.0318831215438109 -0.499173588298084 0.429991185656087
0.0569050347613668 -0.27807607625168 -0.723461341002502 0.399294949854698
0.0617377707515808 -0.120573483885848 -0.143557335844442 0.472468642408368
-0.165121529557715 -0.0931922368392015 -0.0915000108754623 0.00480141672008946
-0.143167140420294 0.195856014273187 -0.175734414150576 0.214406313208622
0.204897646569886 0.213147655947597 0.0884018132354066 0.0811406591376577
0.309915263634233 -0.115961570812683 -0.0853852035670254 0.0664762392557113
0.0616245020456633 -0.230360372227547 -0.0205563981024327 0.143249839619
-0.041332977108829 -0.167231324551846 -0.0376621791255794 0.051411214893163
-0.0420994703901815 -0.100914548974245 -0.18325094272146 0.00794248056295514
-0.0194915426790538 -0.084283762083417 -0.237603517289371 -0.0745054557747813
0.0292933474811522 -0.0982278463541858 -0.155887522511268 -0.223633659387864
0.158423406704678 -0.055326512901663 0.0891174337057157 -0.25842331510577
0.0891670806134516 0.206664691342557 0.369770570300608 0.0361085097429562
-0.131720003785013 0.0780170906491788 0.12569219791235 0.542803052295343
-0.177816929192757 0.134085732821838 -0.459508158942373 0.527595030690432
-0.186828037080961 -0.0803767656490654 -0.760707206480623 0.417492208089319
-0.0257944779212216 0.209056302415848 -0.159477862942834 0.376109975811835
0.0369863847894023 0.0613065871262604 -0.174895835821841 -0.0513913507401191
-0.0700863074474928 0.16918123377552 -0.274987461012909 0.254697335062233
0.270503665570671 0.223115271434008 0.137382639556476 0.220630804458665
0.371823746215301 -0.15936547424141 0.0545214385754937 0.0336099955403951
0.0949723039315959 -0.271078226512736 0.0271761069065756 0.0443629551452905
0.00163067852576904 -0.180765788341488 -0.0401688401965849 -0.0261460600481673
0.0326411569307665 -0.0917716630778682 -0.185951239815639 -0.0359734226899061
0.0479969130093603 -0.0458245848539391 -0.238958039971135 -0.092675470155865
0.0564577082872096 -0.0463612015127779 -0.172307659211791 -0.226399878651563
0.176499744766426 -0.025254210017344 0.0481926099740563 -0.293146720995655
0.132227660533831 0.283566195360827 0.377920047030819 -0.0512051606367038
-0.209571863433483 0.166961262596371 0.225549215289395 0.435473211258052
-0.179232799851443 0.215504166260994 -0.275648773052601 0.612892908952476
-0.351905539858798 0.128205101321536 -0.691864690296579 0.438345689054061
-0.181414001894679 0.479544530676876 -0.117604986903495 0.180941423726433
0.147321706210951 0.311802210413799 -0.224421103005172 -0.184767432135643
0.0775072359375685 0.165678899128529 -0.408305012452303 0.205930598842868
0.309510410502944 0.190736975759626 0.10636772420389 0.365199295837774
0.365819832353765 -0.182012894386465 0.197943018137534 0.0373457566769303
0.104512542272576 -0.247127019389666 0.0909106056527651 -0.0535684653999635
0.0455621618089642 -0.148504012252734 -0.0281941667045467 -0.104699319720526
0.101828754991103 -0.0709035242473279 -0.162611865986946 -0.0750891234706748
0.111690684800317 -0.0217610689719922 -0.209056800051434 -0.0921660229047467
0.101617634055626 -0.0145408435399409 -0.173181152014269 -0.200774852516084
0.212949751677941 0.0119699885450751 -0.00482232542448467 -0.296383421267751
0.166426382199965 0.334493986399035 0.336164772401037 -0.165709593607745
-0.20411848948173 0.257548403415682 0.344919829436369 0.279343631321759
-0.165617593879406 0.286292651713223 -0.0361554641959397 0.642649775332545
-0.414293665657968 0.334137415446913 -0.546816869546882 0.422354566085278
-0.379738031218928 0.618578631627168 -0.00344440894807167 -0.0485027228613019
0.0969359160579621 0.516785099146287 -0.202093047481865 -0.326969095118717
0.184451709751738 0.230955377724994 -0.490497677846503 0.0613891680025081
0.322612680291424 0.162937364024764 -0.00353676896467713 0.442170528617486
0.299470013826473 -0.173890120019576 0.274269789566421 0.0761222298652748
0.0848894479742336 -0.161071451669691 0.150872431607722 -0.107810661509572
0.0886494764083217 -0.0767801965454774 0.000548833570521448 -0.154924123919506
0.15585974243415 -0.0398678587873567 -0.113880752277478 -0.101168873057096
0.15661955432684 -0.0117940128951693 -0.152450889493633 -0.0915585410836246
0.142885873564679 -0.0138617240146384 -0.140944666897535 -0.171353854579358
0.249629297025894 0.0289405908997701 -0.0169267260396038 -0.257679224223034
0.182028286127521 0.32577987445605 0.236849481521765 -0.212704064811109
-0.102202841038855 0.286615185336819 0.394993621484857 0.0691454233442172
-0.100670719058214 0.352471947179697 0.17572556152555 0.59244699030053
-0.386318781577725 0.510323282929496 -0.372594841512445 0.32647577726077
-0.505577148661428 0.626299109672312 0.179477921489833 -0.236869684398982
-0.00584225566581371 0.588920770750042 -0.0838708081809374 -0.419560918329473
0.202259058394347 0.259369177463878 -0.466044744067852 -0.153981621187306
0.26969455025468 0.129852908435192 -0.145985685236836 0.402033881892603
0.184915179122948 -0.126005678920201 0.250256183033963 0.127151378801351
0.0472665972951831 -0.0423031527895215 0.181108503011806 -0.095026490519742
0.120583154397979 0.0145571662697766 0.0458954173361188 -0.153980095899901
0.185699249427912 -0.00691487211430655 -0.046682279068454 -0.110692998000497
0.168681396537504 -0.00821235321290113 -0.0876321632148122 -0.0996518245744647
0.151315224298356 -0.0237581871257491 -0.0793188673063898 -0.168074613387613
0.23458472891745 0.0233566958945674 0.0389802724283355 -0.202543748807856
0.158043555612785 0.224428396972817 0.129159644169655 -0.156032970620222
0.0496332554857017 0.226876411237007 0.344237108537012 -0.112101131834091
0.017456252470434 0.367111743866746 0.280047585970967 0.477331873445504
-0.291244676485819 0.630435909305968 -0.20866928119157 0.147786507229223
-0.503350584750984 0.55813474001197 0.387989496944253 -0.344260099915748
-0.0117197288880411 0.517579878128832 0.122832699127755 -0.420329043000053
0.157846864235679 0.168592261549342 -0.311595499713057 -0.368382329128572
0.154729552713179 0.0794334113189072 -0.265100640782916 0.248600599857311
0.0446547070448021 -0.0571764584980753 0.13996567020552 0.166001547094466
0.00951481540433671 0.0689636533541529 0.176143831722253 -0.0228782034699502
0.129956535372202 0.085647749822165 0.0979170722510672 -0.106383185692939
0.189354564333447 0.0280255629561587 0.0268782652033626 -0.102431522744106
0.153371623402208 0.0100524824497128 -0.0294866196397646 -0.114604880345223
0.117252030184217 -0.00623056098115271 -0.012475801370398 -0.197328690953215
0.136427796570733 0.0167610691147015 0.129229769947264 -0.156898077046898
0.0870772515828326 0.0593824395062074 0.0531991567566422 -0.0587309692492253
0.167642800222989 0.11855431617884 0.260006866628471 -0.206234773548298
0.147710250000957 0.301198672589208 0.250496077659615 0.337930308018432
-0.182272000309658 0.656428387447668 -0.0851582668856677 -0.0810892579171092
-0.341127516370806 0.452888903440959 0.584006183419354 -0.375644031125042
0.0833847670900227 0.302484179126395 0.352571281486989 -0.383657983935582
0.078643175340885 0.0359320877324568 -0.13916936731766 -0.523968494333002
0.0478336380293271 0.00402074961005302 -0.328399454991739 0.0761318210681295
-0.0741843353414011 0.00580398501946972 0.00842333234727255 0.190673737002078
-0.0107516151756287 0.132428207483318 0.155325350159207 0.0761328629370779
0.119046799919009 0.124161960355986 0.153463607098344 -0.0317419760561769
0.164773439415953 0.0566517798575021 0.0960043373722794 -0.079592656387723
0.120158443980879 0.0546800554074746 0.00976300053918967 -0.120860494456266
0.0564187104816166 0.0574373199859925 0.0258293552050928 -0.225079223405455
-0.0144332914850642 0.0330854522620839 0.188613372389908 -0.13399549037176
-0.0031218488870748 -0.090817518236311 0.0113481817712266 -0.00295446414736701
0.18864603152849 -0.0067856639434581 0.205271401726858 -0.205340623111247
0.251090990124378 0.192021388595905 0.138269804633884 0.191600612398147
-0.104207588092242 0.57240651182019 0.00645578849336831 -0.302572240878903
0.0949701144569405 -0.404424587306993 -0.0890424570005252 0.440006445267361
-0.271767469468508 -0.143639219201706 -0.054498129877358 -0.0611370560550028
-0.157682150700004 0.123888491716335 -0.169308931068448 0.175257160127377
0.0982421848384226 0.169720428512849 0.0268177562755979 0.0121096066055822
0.186870612439712 -0.0707708289114607 -0.165141390696831 0.0996996546841806
0.00498198735282726 -0.148824096357093 -0.0402071613832064 0.202607850219269
-0.0809835866375492 -0.119892131807875 -0.025166503995515 0.102502809311162
-0.107337045716046 -0.0946944728035539 -0.152075949095473 0.0516390973043207
-0.0777508085834935 -0.117959425761981 -0.20722842621167 -0.0271319689075316
0.0174470008773044 -0.139837936293098 -0.149747356235161 -0.169599928058299
0.131312602847116 -0.0548318686874235 0.0703871421333018 -0.222739133216522
0.0389488090486065 0.107898098346498 0.354245126133104 0.0326791267708375
-0.0572606366117431 0.0355452718875492 0.100167668311816 0.598939861623947
-0.17008185682695 -0.0303918433321956 -0.4968910174355 0.434346010156924
0.0538810228210866 -0.277599298419019 -0.722114240693528 0.4016370524893
0.0601890140706137 -0.120323463626162 -0.138487383262822 0.473072335377046
-0.165631563081446 -0.0910538244224316 -0.0919871317991221 0.00602436835986416
-0.141042566169556 0.196817215421105 -0.171169449130959 0.215645937311143
0.205724644523604 0.211993786471191 0.0879679731192465 0.081477046044364
0.30926214147031 -0.119397824429932 -0.0843960669192118 0.0667333528725659
0.0599036004340433 -0.231431407311586 -0.0190487213662359 0.143594482961143
-0.0416183591159522 -0.167570275754648 -0.0380639936913018 0.0513352475495087
-0.0417766864751152 -0.100979455752545 -0.18328196573383 0.0095762831040016
-0.0190715656220255 -0.0838437515083531 -0.238180958274899 -0.073592068433793
0.0291954184487062 -0.0985336416446258 -0.15776281469766 -0.221600219684157
0.158284748878234 -0.056475782397472 0.0863410111504718 -0.259300073129692
0.0900552937144705 0.205422836839129 0.369443740714975 0.0341861879168018
-0.131606904237912 0.079312457510383 0.128964439239495 0.543334022788497
-0.177054826316442 0.135395922643598 -0.456053866944524 0.531574504783395
-0.187703861294685 -0.0792472306606857 -0.756629355876453 0.420383457152687
-0.0253986839571913 0.212005535352905 -0.158052899092399 0.377440695949979
0.0380076653035687 0.0615880420211198 -0.175342091941228 -0.0497093270668559
-0.0689301769079074 0.169926700664042 -0.274370566506952 0.257688890651645
0.273105025986527 0.220566188317213 0.139178432224572 0.22099710393625
0.370109147555574 -0.163289437166337 0.0553730579946628 0.0331503370822853
0.0934129078126424 -0.271691877626629 0.0277395634711079 0.044625751422671
-0.00086998528736316 -0.181566699786326 -0.0407295815985077 -0.0261436501441389
0.0325808636793668 -0.0923669648143965 -0.187320431367476 -0.0346960579568596
0.0480257572958371 -0.046890408138815 -0.240287094140615 -0.0912865283557921
0.0571887997237723 -0.0459965079200025 -0.174119516185003 -0.22566669376868
0.175365496460392 -0.0266985728877631 0.0453627363570625 -0.293930380762499
0.136135022835504 0.282481280258523 0.377796166613091 -0.0544274994976837
-0.208356163876455 0.169049858736244 0.22689771694221 0.43521654952252
-0.17847512745682 0.217047667264162 -0.272688896549506 0.614040552652409
-0.350496072051722 0.130850491327813 -0.686245031785473 0.442422804255754
-0.18330918600447 0.482639571199472 -0.116159201223308 0.180480235190684
0.150289863845904 0.311759003236422 -0.224908137187558 -0.1820593049704
0.0789603745037121 0.166071930748425 -0.399900411009648 0.212375389501773
0.311251448795732 0.189986057843676 0.108821229947149 0.364531783973428
0.364441830914229 -0.186573922910398 0.19823641761125 0.0360153077380049
0.101909005185768 -0.247613767645368 0.0908795120545008 -0.0548999062356154
0.0473961171373931 -0.148190960277701 -0.0282715832233493 -0.104831418771108
0.102171829574199 -0.071421800647551 -0.163500941495245 -0.0734573057032363
0.113261764331869 -0.0220895296242697 -0.208472297413802 -0.0909235043260579
0.102686115990215 -0.0157511572961549 -0.175621526897965 -0.197943188946699
0.213560757796566 0.0106443141769411 -0.00747363157602229 -0.295697944783068
0.16941733499275 0.333462398698866 0.334628381831803 -0.169707202649904
-0.199693641877654 0.260812765805015 0.347208713550317 0.275086349687516
-0.165528689105677 0.28812502070287 -0.0319394491617172 0.641023718539731
-0.413980854392256 0.336106519824974 -0.54894490147064 0.422338412113245
-0.367492821035692 0.622253235138715 -0.00394996325846185 -0.0483039718005915
0.100829623146461 0.515319013474452 -0.204617362959092 -0.327744141745841
0.18533058666261 0.230188227562972 -0.490769173385446 0.0646292909890884
0.325407005457998 0.161306432810872 0.000558997510342901 0.443189574556717
0.297765821362816 -0.176619071483721 0.274310874148616 0.0738714396333388
0.0839106788069222 -0.161748541241254 0.149469427744175 -0.109814517993581
0.0888237648838536 -0.0773052410648099 -0.000813477847914581 -0.155350965941128
0.156941184068329 -0.04090857431441 -0.115390516911094 -0.100255786945576
0.157359698811171 -0.013101775354776 -0.153048257552246 -0.0899946817087219
0.14286236910393 -0.014607437659963 -0.142378301636406 -0.170553966693139
0.250312120343067 0.0276956418360063 -0.0193892530441912 -0.25777406892474
0.185971763381066 0.324015795755134 0.234758923476547 -0.215757081405612
-0.100227104465056 0.288630989758703 0.396959913045154 0.0662904991676559
-0.0985988292926803 0.353617100659581 0.179502317473839 0.589613240773411
-0.383172417157343 0.514459147753063 -0.371446053645526 0.327970331863544
-0.483804668300127 0.629575170936001 0.173882271810914 -0.238653309251511
-0.00237455881943305 0.588859120196066 -0.0861522586652006 -0.420495816158333
0.204334541754561 0.257435418551257 -0.464509365543366 -0.143403830105323
0.272446243398355 0.133616962720359 -0.143019091410001 0.402660046399869
0.183673908533403 -0.128312507900501 0.250901236178831 0.124186325227035
0.0472270350362313 -0.0418173456170418 0.17999426569975 -0.0973307954380844
0.119425118906392 0.00944351549764184 0.0433918928831526 -0.15465057685905
0.186835862280625 -0.0077413712788229 -0.0482767146705048 -0.110532138931656
0.170584103677515 -0.00843865595492162 -0.0880138144858418 -0.0995179358711581
0.152503555985435 -0.0227780363848775 -0.0797696599135119 -0.169528088475097
0.234912315880921 0.0214795489761707 0.0369339997660824 -0.20220916325963
0.160086469204098 0.224060928592817 0.127890256004413 -0.158518952791357
0.0538699045871525 0.226427876226107 0.345274246038742 -0.115174763460194
0.0196368846499314 0.367358708685399 0.282418129183704 0.475038059909543
-0.289038815044941 0.630011692473601 -0.20941955875349 0.148685995173639
-0.480399064225023 0.56277629333634 0.384877449706589 -0.347503515626719
-0.00771054710422593 0.518580663049189 0.121078825446538 -0.421718641722735
0.159370646077849 0.167988523519025 -0.315339954643684 -0.366718493714526
0.155974404245783 0.0780749510572986 -0.263213761739147 0.251548311454903
0.0436509376021148 -0.0575623397411283 0.141726595984112 0.164253644576437
0.0102735860332651 0.0693895611998607 0.177271041695598 -0.0245078115172743
0.131259997300221 0.0842522346984463 0.0971017416822207 -0.107465007778191
0.189584330323721 0.0268244509809581 0.0264066139277378 -0.103155331040078
0.153429265322593 0.00901343389519987 -0.030066177669625 -0.114438711971375
0.117177781701871 -0.00770517204821346 -0.0147813947515179 -0.196948298266959
0.136541030979947 0.0148186701916498 0.126486163321618 -0.159828027612805
0.0888428151689399 0.0587998251841681 0.0530745851596545 -0.0605766442530925
0.168974182007035 0.118075729508876 0.259966400294505 -0.209162962630065
0.148762190495566 0.299311040983029 0.253633991417848 0.336599749186261
-0.17561674672039 0.657526705122146 -0.0853675499290295 -0.0818661232501114
-0.329259118977649 0.45433921351921 0.577359180778071 -0.384256221600454
0.0844766415838298 0.301753711346814 0.350215889490702 -0.386732152489959
0.0787907411177905 0.0356763190028223 -0.139058527746783 -0.528423989227481
0.0478591999152738 0.00404866140804259 -0.327083603350257 0.078629553477508
-0.0731068471234823 0.0063922265895332 0.00994050129679166 0.190462638633854
-0.010159726921362 0.133141212484224 0.155044261627958 0.0745211370319838
0.119271707010218 0.119807124752752 0.152398712930592 -0.035039900990821
0.165701032222781 0.0562414715154055 0.0947018223107112 -0.0811039175136815
0.120576850183358 0.0532842624141222 0.00984233677240712 -0.121413227253236
0.0563175864472777 0.056926005050933 0.0269198831139649 -0.225653802208084
-0.0142417399221238 0.0325596607533254 0.189581828337373 -0.135225951207438
-0.00468397454281095 -0.0913936111103965 0.0117180715812786 -0.00416738241570422
0.189307455175413 -0.00662231782690708 0.202454293954279 -0.207121291533776
0.251683804897913 0.191189807153345 0.140047923794909 0.189236229176323
-0.103387807727284 0.573461629889453 0.00336105483088359 -0.303301257054
0.0910634513441629 -0.404780261727181 -0.0856867484690163 0.442015146584857
-0.274325281011333 -0.139515859713762 -0.0547875844916105 -0.0605266780273206
-0.15586953036116 0.126052172461933 -0.167572952771373 0.176494671130293
0.099941271050202 0.16776441392238 0.026028999269624 0.0127793843445199
0.185690578256797 -0.0731654024759667 -0.163508800044537 0.102480052624891
0.00320341279824524 -0.148826654125283 -0.0374983009234478 0.203165751835105
-0.0822000771347413 -0.119149510106001 -0.0238644446218383 0.101960815291664
-0.108118381633965 -0.0941220481105319 -0.151163965374069 0.0517520329715968
-0.0785997718202053 -0.117268528067156 -0.207832353783731 -0.0257000163682258
0.0168400152037598 -0.140584976777792 -0.152402175500095 -0.167959116529932
0.130958524523743 -0.056039254706427 0.0677170596165482 -0.222807106523
0.0393544064694901 0.107676549458482 0.3542545267146 0.0291524782274336
-0.0568078660341262 0.0358603017116466 0.105693938619176 0.597444277812277
-0.170292697614308 -0.0287355320010142 -0.494385995699209 0.439426170203268
0.0517902704294429 -0.278017452705779 -0.718992158194551 0.409635581684784
0.0580709996060899 -0.120156204192991 -0.132688663488857 0.47481292687792
-0.166115679202582 -0.0894215780958714 -0.0916493135924798 0.00624252692782588
-0.13914797613224 0.199040000899712 -0.172582606440223 0.216787461338498
0.20738981624902 0.210773197012216 0.0887381032413336 0.081915249016599
0.307629787109787 -0.123459228602688 -0.0828816310683373 0.0678553354413794
0.0564849227553816 -0.231617162104663 -0.0175324644173783 0.144006467171297
-0.0445610066582422 -0.166055610560069 -0.0370981507381912 0.0512069382054055
-0.0422981595301579 -0.100468558969693 -0.183952984130852 0.0112491386261755
-0.0201947436094655 -0.0833787034400933 -0.239503675565512 -0.0697251575525893
0.028604169263105 -0.0987144386574771 -0.159878882501666 -0.219527512220001
0.157954174428944 -0.0576362392468214 0.0822095830381143 -0.260150261387866
0.0926315792192668 0.205021962297242 0.37051769739052 0.0303068177521805
-0.130756788223068 0.0808532921855231 0.13615471211806 0.540616356305536
-0.175714886799232 0.135773553797295 -0.448799346163586 0.533338225636668
-0.188398206058253 -0.0778794379763114 -0.75168707795722 0.427712959552847
-0.0246704296505353 0.211874989569494 -0.153665468739927 0.379491296751375
0.0388806353313571 0.06099962689013 -0.176001066862976 -0.0488318278853767
-0.0659726851444125 0.170826450253204 -0.271456466662625 0.259495134744909
0.276512081604328 0.218750471836515 0.140279739479133 0.219762402955196
0.370033468969757 -0.167534591316544 0.0563373107769364 0.0322671677429185
0.0911607226702111 -0.27286321621667 0.0283995638906354 0.0434895684798154
-0.00298310674149279 -0.181075209846301 -0.0408560575846186 -0.0259703658246651
0.0317521168630344 -0.0927790121928009 -0.187992463246308 -0.0323147706069551
0.048068884281324 -0.0468591540802544 -0.240620649500895 -0.0878974722201203
0.0572383373692967 -0.0469219185028054 -0.176852911798818 -0.224059170446961
0.176040072952294 -0.028271527929573 0.0424876947163818 -0.293052708768638
0.138736699814552 0.281623629120228 0.377467800751407 -0.0582321132020295
-0.206929673192181 0.171875416023524 0.232190322280838 0.432717990361116
-0.175875686899155 0.218360987872109 -0.26644291618242 0.617410662275532
-0.350061695563392 0.134709627560076 -0.687181783225018 0.446954870833013
-0.182586465323458 0.48630406839908 -0.115661134910806 0.181649133743188
0.154105079538297 0.310516697292769 -0.227506149993503 -0.18032065805373
0.0812555326484307 0.166033932674894 -0.402603323931836 0.214271093619118
0.313354554738534 0.190921156382695 0.11233249638278 0.366992504883289
0.363806674077877 -0.191894554386546 0.198884135299893 0.0328804240078942
0.10004484302781 -0.248678091877569 0.0909242116164809 -0.0555720027031829
0.0443724162627064 -0.149016680796926 -0.0302555900545683 -0.105657558244544
0.102779878470058 -0.0725397777759579 -0.163909317624488 -0.0716265136761307
0.113322919248724 -0.0218496007209678 -0.209324917035396 -0.0883816219900185
0.102069329822233 -0.0157838606129513 -0.177807928525326 -0.195695684563054
0.214096840150669 0.008730240194047 -0.0107474058986986 -0.295549197511763
0.172946705815938 0.331959438606505 0.333327862954008 -0.17339281935141
-0.198825698742281 0.263569544584916 0.3504571271838 0.268892067506229
-0.162489051674543 0.290293952724534 -0.0264788853900017 0.641544836617152
-0.411308921086952 0.339986518004306 -0.544196597864715 0.428453986522776
-0.355439185893655 0.627379710693254 -0.00346003158493374 -0.0488942660832078
0.105679383534233 0.514857606496431 -0.207644256675127 -0.326926142478006
0.188433060251022 0.230086261106604 -0.489582349962283 0.0686373268217365
0.328023799242916 0.158181884201821 0.00370720578692786 0.443536307569813
0.296567528101342 -0.180229224761047 0.275718828425773 0.0717257036061622
0.0819396750887284 -0.162621463487764 0.149155761883983 -0.111504272426656
0.0873842668066983 -0.0789847867535181 -0.00209796381380055 -0.155431075178038
0.157221009134308 -0.0431779563521521 -0.116648502267505 -0.0994703759297711
0.156738415867997 -0.0151614004205567 -0.153804621632461 -0.0888943391596547
0.143566373905907 -0.0161919040325317 -0.144614783973033 -0.168757161665379
0.250947832324371 0.0242953468202665 -0.0219308339600715 -0.258024437280905
0.188642069079691 0.322940188441859 0.233556143736865 -0.21881043764502
-0.0974591846198289 0.29088444034718 0.39804050003389 0.0627511268312746
-0.0955911059824015 0.354795752471407 0.183358009207028 0.590129634860114
-0.378533347545327 0.515930502671986 -0.368103480959979 0.331797846643757
-0.480434708693162 0.634306808350944 0.17009810989649 -0.240034443642348
0.00252481160186056 0.589270892607088 -0.0889864822083429 -0.420923581891354
0.207589584259166 0.255707441965855 -0.467236207009862 -0.14187351337583
0.273402421196254 0.131284421389372 -0.141612331647316 0.40676256283741
0.183304366430289 -0.129774231934003 0.251941043754048 0.12240381602948
0.0460148342994948 -0.042251605764296 0.178895234331326 -0.099761251370745
0.118244416818624 0.00605857418248921 0.0403287330164372 -0.156415958354475
0.187666069571086 -0.00863693486311675 -0.0491246103838115 -0.110149590787355
0.168068098959062 -0.0108289327585503 -0.0886927636838223 -0.0984750886568334
0.150746819289672 -0.0251444065148966 -0.0808846423486934 -0.16951854536725
0.234646752745046 0.0164858487676992 0.0345554897653022 -0.203562891726665
0.163696449403481 0.222787816813283 0.126167321171217 -0.160343124195164
0.053463813762059 0.228327601913116 0.341863701027341 -0.120519409294275
0.0225147449434748 0.368900923508545 0.288534819756015 0.469866488650516
-0.283489556955071 0.634061351705877 -0.207579887098804 0.150256023422542
-0.480813290081567 0.567049256214083 0.381380479037524 -0.351560594990522
-0.00437607732383793 0.517256872514479 0.116420613952814 -0.422087992680333
0.161002642125959 0.166672801745968 -0.318630740339332 -0.36348935559145
0.158026555437698 0.0766846696308383 -0.260768367952163 0.253186697831236
0.0439099532158292 -0.0578380156516176 0.143448122706035 0.163614147928761
0.0100334569492722 0.0687493801076632 0.17685373874074 -0.0272996829198532
0.132225096999157 0.0831899091590365 0.0958670343047527 -0.108545526440285
0.190677337756352 0.0246644427200409 0.0256753751547723 -0.103405393125209
0.152373295907114 0.00825202690621818 -0.0308144094484717 -0.113471030195302
0.116872260657304 -0.00852086807158461 -0.0175966501053042 -0.196560031872576
0.138108297527981 0.0128066247386653 0.125238269140193 -0.16127296737971
0.0897438721791154 0.0582028145712683 0.0530144377061079 -0.0616593329237852
0.170539757459353 0.116909190195456 0.258650045141819 -0.211171046559158
0.150686441570236 0.298351250856476 0.256615709590654 0.334324604036094
-0.17283135241738 0.66040905721769 -0.0865905639237687 -0.0819730752461364
-0.323939803791115 0.457532398251934 0.571028058231363 -0.388655199567982
0.0878942084729286 0.300634363544424 0.352020748577455 -0.389287742162976
0.0792806370771148 0.0349548718308377 -0.13929536927405 -0.531871956234236
0.048713846526556 0.00266281265105979 -0.327907234604961 0.0802930039601309
-0.0740818503735893 0.0069422272866587 0.0109680801408254 0.189825944697716
-0.00916887155412168 0.134566413228207 0.15699909340742 0.072133846899083
0.12042098842613 0.119745027539747 0.151452754819991 -0.0377320749047962
0.16586171138357 0.0545284434247646 0.0944511229406585 -0.0823608754290966
0.120286595000104 0.0509297225372086 0.00843097524497713 -0.121086249214652
0.0569403996197446 0.0556787971964745 0.0235972101226773 -0.225777968438671
-0.0141098464810162 0.0320990026420091 0.18630348127709 -0.137526331333166
-0.00519475997274122 -0.0910034125507512 0.0118230442701643 -0.00581375356097438
0.191460960413769 -0.00647864029977355 0.201335494124351 -0.209190389484613
0.253093313821479 0.189507223642959 0.142931216868959 0.187868298621848
-0.0971088388431736 0.573263216541546 -3.7461906224439E-05 -0.301881448286133
0.0875272943449052 -0.405542126820557 -0.0808263926067528 0.443162368532137
-0.274785785220927 -0.13604189234812 -0.0547219125242477 -0.0599372808947036
-0.154801301299716 0.127271030082111 -0.166557046488763 0.179380100457366
0.102400886275095 0.167057672861377 0.0256928398067281 0.0138656929164554
0.185300292537721 -0.0758328491566002 -0.161481326841999 0.105215701706127
0.00239065145638244 -0.14777357043991 -0.0340617337831241 0.203488667736179
-0.083758452383224 -0.117822241431469 -0.0229289775235459 0.102292395679796
-0.109711017630681 -0.0926615548174716 -0.151284694770701 0.0542682803397024
-0.0796474593163226 -0.116813449483752 -0.207670456993342 -0.0231104027027499
0.0152844110176174 -0.139936916697321 -0.154001983397516 -0.167179571803648
0.131327145713388 -0.0569233594068131 0.0654073233228058 -0.223108384108284
0.040054757400201 0.10812113356397 0.353450403819862 0.0264007215901622
-0.0569768352953954 0.0357607480724593 0.111150189048506 0.595965697616941
-0.169970462932921 -0.0276737438472502 -0.489343768885311 0.442323407015959
0.0493854391357573 -0.277982177038518 -0.714320252484377 0.416154412083328
0.0579607273766725 -0.120977912787751 -0.128970787916732 0.477580658908311
-0.167403750582331 -0.0874247801478402 -0.0908580567097578 0.00655311378060986
-0.136251952644471 0.200616795845297 -0.172684128922624 0.218741416479478
0.210735829170706 0.206987628550426 0.0888363441100939 0.0813836988072428
0.305230039832159 -0.128763114040503 -0.0825010519876085 0.0687363392098482
0.0539206919021488 -0.231032993731886 -0.0151244457907811 0.143610608048848
-0.0467924536814547 -0.164710523859664 -0.0370235267594835 0.0510836849845484
-0.0431771279185112 -0.100862134555614 -0.184521274311318 0.013448448123009
-0.0203677969567167 -0.08411212488385 -0.239904123466877 -0.0665820558567495
0.0286339018269608 -0.098648327057402 -0.162805839930466 -0.218384363007063
0.157955511886808 -0.0589507207218931 0.0812139501162977 -0.260666608614508
0.0946572582875316 0.204366763076052 0.370990832104056 0.0277425643466038
-0.131232503011559 0.0817709920266605 0.141254928835197 0.538371361172739
-0.174440500714499 0.137998849846377 -0.446935412638504 0.538789550005164
-0.188819393127445 -0.0760649195626062 -0.746613785484411 0.436925669381257
-0.0209839113745571 0.211723768567722 -0.148437054118138 0.379705827594054
0.0391487100866755 0.061558175423242 -0.176257463401786 -0.0472890740662056
-0.062907631454705 0.172306486457676 -0.270413568332418 0.262208575847847
0.278975798194322 0.214495408060317 0.142786126200989 0.218729160086892
0.366740750956452 -0.171958247707463 0.0563400226912923 0.0315715720079757
0.0883702418467686 -0.273769064063397 0.0293434167508698 0.0433557737071094
-0.00357947363835767 -0.181213071919285 -0.0411772644481896 -0.0262400272185045
0.031874656995313 -0.0932589961872741 -0.187833978304182 -0.0299544495451103
0.0482229202883766 -0.0470806915473361 -0.241264543470531 -0.0851402654629613
0.0563646427370581 -0.0469804966363206 -0.179042290464557 -0.221552145931107
0.175935633325312 -0.0300854805755838 0.039357412118288 -0.293866179833134
0.141967949697064 0.28091257309127 0.376263855281843 -0.0632149159797252
-0.206055534381434 0.174260178235582 0.236635467600007 0.429995200463101
-0.173983767647258 0.220218757504315 -0.26006304308494 0.619667054303135
-0.34935411098549 0.137640483096758 -0.681918573861597 0.454132400849038
-0.172464270147016 0.486366364175189 -0.11338281531915 0.182970518746554
0.156759304767761 0.309193471819198 -0.229362318878028 -0.179518765107278
0.0834997962657654 0.165484722868078 -0.408057606492505 0.213819772261547
0.316835570811328 0.184861363386904 0.115569053275305 0.365769663686426
0.360195321602875 -0.195255245929311 0.199642918692683 0.0309166026064757
0.0975471672297122 -0.249369347574932 0.0896841332375913 -0.0566648376579645
0.0392766276502875 -0.150070506620735 -0.0316852830710629 -0.105346418423603
0.102564074877262 -0.0737795541577318 -0.165509506096151 -0.0695487095886302
0.113733013714468 -0.0242193518247118 -0.20999933450334 -0.0867731058930944
0.101742383352701 -0.0160791289636287 -0.18022371946286 -0.195089993700766
0.214433354704622 0.00694721854211778 -0.014454736161502 -0.295762208390748
0.177713804360638 0.330346237186872 0.331675213849701 -0.176549437550758
-0.19905658762857 0.266065355979438 0.355059616053903 0.267492550638546
-0.16062053239781 0.290446632671675 -0.0210179581819441 0.642630524850411
-0.40656847536307 0.345098819801923 -0.53739536173296 0.434135952343842
-0.358032527683154 0.629158812886403 -0.00434880984780568 -0.0487438385770859
0.110436450074474 0.514418092410729 -0.211115847455529 -0.324298149083298
0.190732758537406 0.227192417994596 -0.489720343526722 0.0741985045122245
0.330001175494808 0.155020961415819 0.00928814741593989 0.444889028265441
0.295781343864277 -0.183703841711139 0.276189542275455 0.0681837521382877
0.0801664342357659 -0.163096828287488 0.147910713210651 -0.11419237184793
0.0867504464080836 -0.0794085078963121 -0.00472180308419094 -0.155909173744141
0.156109644453829 -0.0451021735734138 -0.117174763114437 -0.0986635593660793
0.156656049745679 -0.0160210291668881 -0.154175386114694 -0.0874529348248568
0.142340468382741 -0.0173676329318055 -0.145595046130754 -0.166729746080539
0.250575714491154 0.0214070108975553 -0.0252048988066097 -0.257109705278701
0.193353488404678 0.320607618641411 0.230419532428722 -0.220821366221051
-0.0946595886560945 0.292131463364986 0.399550059547323 0.0585202256944623
-0.0932225737132026 0.355104480636869 0.189463179443025 0.588282871796554
-0.373968090117454 0.519603985635936 -0.365855121097877 0.332787962632154
-0.490102398309672 0.638462442469757 0.1706823120007 -0.243254513832677
0.00803860320212325 0.588496575095671 -0.0931080460028701 -0.419235228310089
0.20847719106903 0.254788124581297 -0.473277637691938 -0.144837982547424
0.276682531160039 0.122628176086175 -0.136840475885027 0.408307447185875
0.181883728367731 -0.132472993866601 0.253890488328851 0.118345040592917
0.0463480758488277 -0.042526404890192 0.17801460355585 -0.102297072171328
0.120079793602599 0.00973148670666846 0.0394254697538742 -0.156503118668916
0.186728803937357 -0.0120113843371901 -0.0498483156558758 -0.109582783593876
0.168946766023136 -0.012664070982871 -0.0891591279988587 -0.0977709404505365
0.149323658484271 -0.0287825438080147 -0.0838291582369776 -0.16614530095635
0.235437467956975 0.013657238569005 0.0310311739513298 -0.203449964584952
0.166751547888987 0.22121553984974 0.123806482457357 -0.162529667389834
0.0554848497394691 0.230211655158483 0.341755168011637 -0.124630819076206
0.0242959906749188 0.368307865696928 0.294085377963881 0.468345072850516
-0.27514976262087 0.635129161277265 -0.205002882258344 0.151979302683945
-0.490186690646984 0.569976852981054 0.377772861063027 -0.354794275422812
0.00104231156322307 0.517261140444812 0.112824300713834 -0.423474167242995
0.162182823211765 0.165386103623512 -0.321841816329078 -0.361033428007832
0.159617976954486 0.0751529169765724 -0.256372867070803 0.257350700039979
0.0429396465036939 -0.057985407270504 0.143399793334091 0.161168653874772
0.0112247210642856 0.0695165606470463 0.176380118792093 -0.0294480706180891
0.132822526119891 0.0820828771364014 0.0953462120525862 -0.109329916547229
0.190708462268908 0.0220623429041217 0.0246647276255472 -0.103891337578663
0.152869157139418 0.0066660554529623 -0.0313759512858176 -0.114165049536981
0.116553126816557 -0.00977307106346506 -0.019388909007607 -0.195462835264148
0.138422270095175 0.0113827777684355 0.122938848962156 -0.162744675340786
0.0917064326870891 0.0575947416617381 0.052389816672595 -0.0632838017466445
0.172160293845787 0.116230450981992 0.257521310407692 -0.213991316421044
0.152974929616436 0.297882776325835 0.260060436771541 0.331605837558866
-0.165280503704999 0.659527414091588 -0.0878129004564638 -0.0818935286620083
-0.329181114951145 0.461195588205565 0.574972032777181 -0.393088466882702
0.0901006697365607 0.300128617528403 0.348648142330903 -0.393155018341464
0.0794190595933284 0.0351350049376853 -0.149684765857378 -0.525382806931087
0.0497565809284802 0.00200086420629912 -0.325440121083944 0.0834631936962319
-0.0730237106305866 0.00770773909278206 0.0140031841597195 0.189822490736637
-0.00798169088911033 0.133869618599901 0.157717820167294 0.0695742477002906
0.12301309503291 0.122823069428918 0.151786866113665 -0.0378488094369925
0.165927540313991 0.0516975827080717 0.0953333622507635 -0.0825578976554158
0.121869429813366 0.0506563196533626 0.00749418869542313 -0.121127077254452
0.0572295409204912 0.0541194063865001 0.0179453843278387 -0.225091759435551
-0.0139372012935352 0.0325290919339034 0.182842358644306 -0.141212937608414
-0.00467396514763316 -0.0906799485099127 0.0118555352561973 -0.00617701481666079
0.189494476486099 -0.00935592215583846 0.201637039101473 -0.210829670506508
0.255662888780014 0.185431245472098 0.143749318765588 0.188893832801692
-0.0888123538039954 0.57304950657655 -0.00281400816414085 -0.305119681696048
0.0832213210365532 -0.405604905171442 -0.0764549265079553 0.444902078702403
-0.27575369050007 -0.133131348195382 -0.0552771225073871 -0.060239910968077
-0.152297411499712 0.128766731546015 -0.164637286964392 0.180226838562462
0.103999118876053 0.165186981159031 0.0254930685981204 0.0146330815931448
0.183864421180859 -0.0780378562070524 -0.159909100430198 0.107107712190406
0.000695053407492955 -0.147605884183323 -0.0314965981306047 0.203288780823029
-0.0846734461533323 -0.117280111262614 -0.0214680041308984 0.101681749012004
-0.109589338080785 -0.0921230267534826 -0.15115364036241 0.056326146724543
-0.0814159828001744 -0.116724115666333 -0.208187987118856 -0.0207375875313075
0.0139689261858617 -0.141427793351688 -0.15549836687789 -0.16477256706459
0.130774294976085 -0.0582096783977746 0.0624088138830408 -0.222883824766792
0.0422162947736464 0.107744597145665 0.353699298117617 0.0223908972429201
-0.0567770711968148 0.0366980627816326 0.11935611811414 0.59445747150208
-0.169145598976204 -0.0258721871540243 -0.485672513310572 0.447417653676767
0.0463113192571327 -0.278632354287632 -0.708373198508469 0.423971835658322
0.0562837569042571 -0.120991916339051 -0.124873475165986 0.478033719421144
-0.168140174139397 -0.0845219237842434 -0.0909958084293359 0.00779345157810575
-0.133486270107784 0.202580833767606 -0.168620184439116 0.220974646575542
0.214064097923282 0.203291209231202 0.0895634024405304 0.0815134127953725
0.304492642156684 -0.130174743387998 -0.0800216487147522 0.0701359149256452
0.052973122854226 -0.232176180373526 -0.0125396106755031 0.143284978873632
-0.0473211135429774 -0.165132233235759 -0.0362855125265091 0.0518079999557819
-0.0444137930543933 -0.0994494646075403 -0.183859512238915 0.0158984868564042
-0.020588008296921 -0.0836852065409657 -0.240764574374111 -0.0650036001984893
0.0278143219794555 -0.0996792387549232 -0.165628620897307 -0.21630182925504
0.157024604533921 -0.060111273300807 0.0774363320253982 -0.261186942584657
0.0964466289489552 0.204695274743441 0.369573135514132 0.0238843597363685
-0.130047101127396 0.0829631871006555 0.144872284357015 0.538221224934221
-0.17261508543877 0.139163328954729 -0.444793754432877 0.544418129780628
-0.190058383965268 -0.073404494031578 -0.743981264530567 0.442548349498155
-0.0190096374916011 0.212460041101116 -0.142667528982987 0.381644070524758
0.0392554646827367 0.0616362621568547 -0.17741250550301 -0.0457202269543721
-0.0610524686401439 0.173610054662806 -0.268054753837964 0.264992554402712
0.282503017601503 0.211501888252067 0.144565882473325 0.218721050812034
0.364208672911892 -0.177901272456207 0.058325182937686 0.031478632060417
0.0840844648941503 -0.274024126101112 0.0304223432610139 0.0430486836819799
-0.00618319165194833 -0.180623186979582 -0.0418489734732162 -0.0264189157405184
0.0304201135769567 -0.0936112023605923 -0.188918056514473 -0.0287122492206091
0.0484833868045267 -0.0477921815419706 -0.242649452222765 -0.0831061196934716
0.0569138995124582 -0.0473191139052966 -0.182089613840146 -0.218525519063663
0.175571942953321 -0.0316345922423869 0.034893531445861 -0.294576543373881
0.144065074920117 0.281282417801605 0.375516113559413 -0.0665855263478163
-0.204044973606755 0.176626127034359 0.241411632598419 0.427433569703816
-0.172309216062434 0.221359711363993 -0.255678406796728 0.621372866503098
-0.346971642235019 0.141865329477062 -0.67798986036503 0.458835856971484
-0.164196631785345 0.488178956763724 -0.109313079773344 0.184045960574562
0.158600604800318 0.30815991093205 -0.231364837778996 -0.17761455295205
0.0851969611084155 0.164812859706995 -0.400699154305287 0.220833326849391
0.319487491933893 0.177457223948943 0.118689650142048 0.364571647752863
0.356625133533607 -0.200243624122332 0.199205109048494 0.0285954589781021
0.0945231180167792 -0.250537897259979 0.089392671484453 -0.0581317934332506
0.0403579864748581 -0.149445000144478 -0.0339561261734321 -0.104700082435022
0.101477345696786 -0.0757992134873858 -0.166189351471703 -0.0682146909419112
0.113651888868859 -0.0259369996671924 -0.211457150703848 -0.0840326888982573
0.102305021754871 -0.0171370417322542 -0.181615061689902 -0.1930871451735
0.214582919138239 0.00394118990541894 -0.0176143519518276 -0.295323697028905
0.181752211613805 0.328856071209935 0.329662595759387 -0.180790486834999
-0.19298961725808 0.270010888106496 0.357507929837706 0.265826735836566
-0.157223640418928 0.292697792283569 -0.0161709093903908 0.642933727051109
-0.403599907676976 0.348360212976076 -0.534355473695384 0.439631099432479
-0.358037335932968 0.634875232993736 -0.00514019689924464 -0.0489231026881082
0.115404011560812 0.512625859168843 -0.21357705892558 -0.322420063023747
0.193157723735138 0.226047117479323 -0.490247054053442 0.0786590956299654
0.332981940730829 0.150904306503667 0.0140694492859964 0.443798318178366
0.292086382347778 -0.188898642731599 0.277001279359826 0.0639231826615048
0.0784556172207869 -0.163951881937556 0.146647992879162 -0.115381298171405
0.0858586838445383 -0.0802456733013143 -0.00741080286505822 -0.155943883663445
0.156803667504236 -0.0469863667223955 -0.117374378939618 -0.0961642229698661
0.158107836846304 -0.0182738354335707 -0.155152962539048 -0.0857617733579476
0.142367293628907 -0.0190590306645148 -0.147468046082671 -0.164376803128851
0.252027694753918 0.0178931641785354 -0.0280897096263945 -0.255451536343037
0.197892051894559 0.31935629698952 0.227059204062752 -0.225036949658874
-0.0893683958051654 0.29463362140105 0.400025142470772 0.054700979722078
-0.0892483011653565 0.357193010778752 0.194932392605893 0.585341802744956
-0.368278411076323 0.522686607019398 -0.362114538470853 0.337054528149202
-0.482982819727508 0.644669391819066 0.169798211685176 -0.244658358624803
0.0134280462937963 0.588428321892622 -0.0980663600433039 -0.415848159840757
0.211371989641314 0.253387059914721 -0.47177274039149 -0.136974895992059
0.278792851265043 0.120748313948223 -0.128973164021468 0.409018744021989
0.18000995467384 -0.134511109721408 0.253829929277878 0.115008406340437
0.0449450204835569 -0.0430704395073386 0.177048931765104 -0.103457029210664
0.122491966081465 0.00863573005431031 0.0378916651927852 -0.157166318858937
0.186138975096303 -0.0150439487623686 -0.0506983326720568 -0.109403360718922
0.169612893472729 -0.0135662135615388 -0.0902349129670573 -0.0966654070368477
0.149061757170291 -0.0289268724908741 -0.086785123631091 -0.164232789485103
0.235376023627827 0.0112773335657467 0.0288673170440794 -0.204390993307878
0.170789205388029 0.218935978349938 0.122893072262718 -0.165365296557556
0.0617935561366795 0.227929449271044 0.342951658668966 -0.126255138343487
0.0288965135604712 0.369085419161085 0.296526051735128 0.467357526466288
-0.269988714659922 0.638259121051121 -0.20631005167571 0.152476987052193
-0.47997153353209 0.574950546238051 0.374517636875924 -0.357195934251516
0.00537772561380266 0.517358694487152 0.109213523176912 -0.423756857028708
0.163948995791476 0.16464283139076 -0.326232521270854 -0.3586297834045
0.16065528792333 0.0729722077031507 -0.254171832554098 0.260703141874003
0.0416142601650864 -0.059348437327988 0.145898244705655 0.159151390554516
0.012045166152255 0.0692363972005105 0.175897787836029 -0.0314195346911652
0.133366601808105 0.0801096824253305 0.0933638712434482 -0.111112757150332
0.190281303801642 0.0201323303857225 0.0241670716193576 -0.104429451950918
0.152671316908554 0.00503048497102986 -0.0330326499618858 -0.112799300284238
0.115625923193388 -0.0111696880628647 -0.022200876972467 -0.195251398368219
0.137682642256359 0.00921348765551322 0.120361832947582 -0.164828077395466
0.0927663165744464 0.0562278829808302 0.0517075313691744 -0.0653663424689272
0.173568414819272 0.114546365003689 0.254250234185126 -0.217770315809885
0.155604640213898 0.295775719279776 0.263601031506997 0.328892144804815
-0.158220200370658 0.660910423200121 -0.0885878254588875 -0.0815665265181291
-0.323684041379399 0.463363047471832 0.570254579711127 -0.3978937374012
0.0917340706465076 0.299574285210258 0.342817166462676 -0.394696948615444
0.0793818663445981 0.0340295470837533 -0.157894997810819 -0.518273445132798
0.0503518112608065 0.00110517535275162 -0.322258905973252 0.0890659577369501
-0.0733932830321847 0.00781641982344498 0.0162966014544972 0.189442207743106
-0.00620003887844568 0.133583276912447 0.158151452858894 0.0678608310436116
0.123772770463534 0.119784850296449 0.151689817319179 -0.038409238518865
0.166538530780631 0.0493455153095171 0.0937472425098329 -0.0845808538952002
0.121728382830758 0.0502242279048115 0.00630329876820524 -0.120843969045572
0.0581515818890292 0.055192783062619 0.0153614686711281 -0.225351171723743
-0.0130551324714821 0.0326234978319846 0.18065987930181 -0.144106902050024
-0.00571864849627466 -0.0908364456802524 0.0131650272131463 -0.00684716359013886
0.18854535302773 -0.0124151735120646 0.199719868436814 -0.21313545283827
0.255980361249536 0.182407801741979 0.145067376788195 0.186255359921879
-0.083566747790237 0.572839387098123 -0.00526609234287769 -0.306181213500381
0.0777549763736696 -0.40541182981704 -0.0712458353111185 0.446123407516177
-0.276492783672482 -0.129106440479088 -0.0555539143957559 -0.0591359474750453
-0.150454226876639 0.129687980797849 -0.163414592435667 0.181789989422499
0.105337269960803 0.163639758565699 0.0247231797272717 0.0157036680506439
0.182626363562042 -0.080844190167281 -0.156996442623854 0.109577017814483
-0.000617164185256377 -0.147391414048993 -0.0282281260751453 0.203352849971616
-0.0866502602178351 -0.116400065212329 -0.0211927800821443 0.101170097127867
-0.111173486052909 -0.0906008837824222 -0.149829950521255 0.0577536312256996
-0.0817311552475962 -0.115290761918157 -0.208033165177459 -0.0184097604702558
0.0132487316801156 -0.140946599772748 -0.158207269773736 -0.161900782354983
0.129277078041566 -0.0600786369768097 0.0600356255791047 -0.222521661066596
0.0430574652976902 0.107356631524599 0.35410915801319 0.0184202160524886
-0.0566253841995877 0.0370062795665692 0.123981582367766 0.593025823502058
-0.168587663323514 -0.0240305858128529 -0.480286225079554 0.451690111210972
0.043421220262129 -0.278004188390949 -0.703829877305818 0.428089921051486
0.0532919228385468 -0.120015641168223 -0.118378465313557 0.478949481838193
-0.169421108742067 -0.0818530192326811 -0.0905290740188788 0.00892436420705112
-0.129935041502744 0.202904085107799 -0.163773462000583 0.222507933908838
0.216331902895266 0.201291184817667 0.0889724877227349 0.0813422647880439
0.301642539565836 -0.136652315488127 -0.0784061749563135 0.0716058755080919
0.049080086207064 -0.232387737496387 -0.0105804766127977 0.14341373948111
-0.0486213348217421 -0.164774198325165 -0.0362812514606932 0.0510798338650508
-0.0445030471257597 -0.098866035241938 -0.183678448845125 0.0178099065753946
-0.0217881442085667 -0.0821376963227542 -0.241933288480184 -0.0624712778037125
0.0261645023530099 -0.0994544865129617 -0.16882637236047 -0.213365040761441
0.15620299485439 -0.0622824713891038 0.0732832464598497 -0.261204649836215
0.0989054668682188 0.202721279829774 0.369698455926219 0.0176889581823038
-0.129168524727953 0.0856760078077344 0.150442663950332 0.536739102294956
-0.169859073002376 0.140989281199174 -0.435699018159819 0.548119920419484
-0.190561705175059 -0.0708940187439897 -0.740613652415088 0.448516797179745
-0.0180200312641066 0.214177379895391 -0.140858292563886 0.384039183148995
0.0401033737042602 0.0617523720663223 -0.176608785389768 -0.0433343573003215
-0.057890442013422 0.174053263308899 -0.264072218145574 0.267537351601573
0.284552724497162 0.207492176303232 0.147702004294997 0.218166408751144
0.361358353919533 -0.183132977842049 0.0580881316396495 0.0314113719428042
0.0800653886529424 -0.274373850075455 0.0307624891573763 0.0427004027718036
-0.00774570420705253 -0.180662253300469 -0.0426705498338434 -0.0258553756845778
0.0296895153143941 -0.0944611271267349 -0.189031648979152 -0.0259266349650162
0.0477885805188745 -0.0479718779793401 -0.24377255663481 -0.08019589008155
0.0573916393035767 -0.0484687832225981 -0.183724507320228 -0.216033111886629
0.174671508392299 -0.0333339127040167 0.0306157016167738 -0.292507000446962
0.148814051685404 0.277966317732245 0.374235035933061 -0.071003009753607
-0.201210769252821 0.179843213853752 0.246269810076399 0.424375458576242
-0.168470580106898 0.222968196438919 -0.248869450006096 0.623095765782202
-0.345436530060714 0.144282395021992 -0.670344601797507 0.467228622910676
-0.164473393365643 0.489964365538891 -0.108119840666801 0.18418809942252
0.16195881056629 0.305620676861809 -0.232418840014306 -0.173828870312807
0.0877353185259285 0.164508034869569 -0.390204358114282 0.228704458218106
0.322643197167316 0.17494696493813 0.124251655933462 0.362517588904646
0.355715322988822 -0.205348427496227 0.199405578072636 0.0249023277035356
0.0910180358976192 -0.25127704846236 0.0886234820871317 -0.0592776057452998
0.0411126709035516 -0.149774658948746 -0.0344000804147436 -0.104607000884298
0.101136318593294 -0.0765103730270852 -0.166314730871539 -0.0666022690043768
0.112961699941078 -0.0260605732447561 -0.212314590716419 -0.0809360999391437
0.101793885972432 -0.0182157856430979 -0.183825376700278 -0.187773200581087
0.213203182866554 0.00102388631385623 -0.0222007891587897 -0.293367116374349
0.186178958886918 0.325898472170174 0.326964405325001 -0.185312225850311
-0.187708724665305 0.272116559227267 0.360369529661781 0.259682699884896
-0.153999889635969 0.293514084009252 -0.00783343556484084 0.640656684967829
-0.401133652799708 0.352482716275366 -0.534256427486841 0.444241034053908
-0.338131207735226 0.637658190509362 -0.00627889124547525 -0.0489494922211658
0.120330949998841 0.511621044635754 -0.21703280844024 -0.318969854425692
0.196358552837243 0.223784815669882 -0.488309899226215 0.0832956780764231
0.33494564616219 0.147339137998933 0.0205292520946759 0.44432334079055
0.290083367672465 -0.192353071111844 0.276429804707058 0.0614810094557936
0.0759947273154987 -0.164499454804989 0.145410987724026 -0.117221427964019
0.0851818193685165 -0.0814917552343936 -0.00865593599183974 -0.155827793096859
0.15684419104749 -0.0491212078655078 -0.119042432989465 -0.0954046254316069
0.157835574868773 -0.0202119885965475 -0.155727635686719 -0.0833003174717167
0.142077644283488 -0.0200319732684863 -0.149812597914558 -0.161774354413259
0.250920426671462 0.0145571909079356 -0.0325406206222182 -0.256073651126668
0.202181401517809 0.316266604761398 0.224796442803939 -0.228668945550719
-0.086447826186549 0.296578746209948 0.401550479976234 0.0502079234593439
-0.0861218466975811 0.357715778362281 0.202498073635249 0.584392860396953
-0.361957328778909 0.527119587979914 -0.357546068196534 0.338478654180014
-0.456959385643557 0.647324513267343 0.164272513387185 -0.245983292788475
0.0199117996071669 0.588881429700318 -0.102102033087326 -0.414640294665991
0.215162633623206 0.250626853619373 -0.470336809961798 -0.124205229057239
0.280306437778113 0.12288693218547 -0.123935396687431 0.410921576985703
0.178170590626187 -0.136947888320635 0.255323847929864 0.112933115881354
0.0451309585742705 -0.0425945091606174 0.176302731438453 -0.106479140823901
0.119695238156108 0.00405652195459184 0.0351602884732642 -0.157770272536527
0.186391255742998 -0.0165498005697697 -0.0522935088151275 -0.108537954635019
0.168844850565833 -0.0162978917589569 -0.0906136388029126 -0.0944938583304183
0.149758032925872 -0.0288843251184012 -0.08776855041008 -0.164542539388435
0.23586588839891 0.00748597106307478 0.0251574825416881 -0.20442938844077
0.174349562372425 0.215289739207265 0.121196155224811 -0.167182959501729
0.0655833759661337 0.227727453553043 0.343316268240384 -0.129523071145581
0.0313372296806809 0.368104479768005 0.302766520167494 0.46313322057368
-0.26471132758776 0.640574450676544 -0.204839365656378 0.153660780518065
-0.456392509768343 0.578774962119075 0.369827756929171 -0.361814602345202
0.0102723671158735 0.515577494101431 0.104004853823398 -0.42480520574037
0.164680850231085 0.162511451655574 -0.330320315716452 -0.353947017546639
0.161677049913677 0.0714584450443313 -0.249107820280369 0.263196447122678
0.0417020342719149 -0.0592740634262685 0.147216738038928 0.156973047699052
0.0129004140219143 0.0691057716976643 0.175259131275587 -0.0342725078491152
0.133989573612884 0.0782635010512867 0.0917368665451952 -0.112864938449547
0.19045924576428 0.0170547609222139 0.0221771370697733 -0.104418105614761
0.152344967846039 0.00341834544719365 -0.0342230978807707 -0.112712932586056
0.115499152036559 -0.0127836764049169 -0.0249628711934329 -0.194693713285754
0.137891223820437 0.00630236165944765 0.117644332114769 -0.16685833809923
0.0933824695319814 0.0547931562794186 0.051151206011324 -0.0669042373474615
0.175064503931237 0.113261595247137 0.252500353409413 -0.218908073079735
0.157987921699147 0.293715144897174 0.266514834007131 0.325008877143387
-0.149782102299434 0.660239702815462 -0.0897279659031872 -0.0811958109420165
-0.30983836601945 0.465597278442149 0.556648193837005 -0.404036544519092
0.0949636101828511 0.298636079327605 0.33650911686262 -0.397853839146211
0.0794194078262017 0.0333493245851462 -0.158937567551389 -0.523990952130414
0.0501519006610453 0.000957234315727343 -0.319899616248995 0.0931060481584042
-0.0732089406698788 0.00935942508587517 0.0175681222626229 0.188985604510748
-0.00479719389555132 0.13376682821078 0.158155722903883 0.0661106722674133
0.123592827253382 0.113295028388327 0.150415552844384 -0.0426743814278275
0.166786795447997 0.048470530684045 0.0930094482199021 -0.0860864553765636
0.121338071307414 0.0475660228169964 0.00503980088247173 -0.120689443633276
0.0577877958267627 0.054749022522792 0.0150229302724334 -0.226526430510541
-0.0123462669015696 0.0318738956429327 0.180205094602279 -0.146413592636993
-0.00696087969108512 -0.0899809333150316 0.0122075744836184 -0.00858742143735887
0.190158083335801 -0.0121424501948873 0.195839109965633 -0.215918997378426
0.257076393531067 0.180410242361175 0.147798992364274 0.183711386272608
-0.0776738882090534 0.573990491830721 -0.00969448113535131 -0.305409405786883
0.0727889409029071 -0.405114622532472 -0.064144826134676 0.445799541010007
-0.277593484250583 -0.124841028133823 -0.0561565554066325 -0.0586352504365212
-0.147626832427201 0.131804644961626 -0.161296881840747 0.183239910276315
0.107348080865261 0.161725009924777 0.0247744809940861 0.0163190883464609
0.179954410600352 -0.0829766533398862 -0.155088248208295 0.111805815362278
-0.00224787208475461 -0.14694551188923 -0.0251156808977943 0.202595821435038
-0.087381835983904 -0.11467307164036 -0.0199807473831952 0.101583179146158
-0.111448307587969 -0.0892520926073919 -0.149273608685105 0.0591476264560072
-0.0831078503276245 -0.112791732100865 -0.208701477415872 -0.015457887582298
0.0104722166739307 -0.140294489883875 -0.159917112022908 -0.1597834448176
0.128003881933303 -0.0609939453564863 0.0562441408659866 -0.223360998479674
0.0433948302188754 0.106905252471546 0.351994372323285 0.014295136167692
-0.0559479822818065 0.0372258916788409 0.13094045851368 0.590748375319675
-0.168379668755085 -0.0221172516179279 -0.475140458353677 0.456399431264123
0.040599650081184 -0.277167417624539 -0.700456311462135 0.43887936861502
0.0525181706397641 -0.120468820468674 -0.109406335209127 0.478821390780683
-0.170022005581187 -0.0794643395507539 -0.090141310840275 0.0093062241848143
-0.127051533418046 0.204601629550483 -0.165525615995566 0.222832331912576
0.217894351686075 0.198840053183877 0.0908396447531594 0.081327961596937
0.298240759260422 -0.140941528170735 -0.0770698158784694 0.0723749800409533
0.0460037109778614 -0.23223162117978 -0.00827785001648097 0.142725655359261
-0.0517495703064494 -0.163928090997609 -0.0360622397237754 0.0508840461021609
-0.0453536102978222 -0.0982528007554711 -0.183288907941884 0.0200517535002721
-0.0231589129739376 -0.0822522034957106 -0.241476957601148 -0.0582845859616551
0.0261212634120712 -0.0998385641531495 -0.17076463354932 -0.209390278126119
0.154623393838811 -0.064239172138921 0.0698975222567525 -0.260829869245936
0.101486178214185 0.201222467885084 0.36832052496419 0.0138091554797581
-0.128356288659854 0.0869640408388056 0.157432499502346 0.531401473799882
-0.168303520026142 0.142164977911602 -0.425837286922436 0.550109195236301
-0.190667949102798 -0.0682509485529076 -0.730105593244578 0.458542241342069
-0.0153840297569754 0.214120497066155 -0.135068348732498 0.384298132535366
0.0408308376818702 0.0622291772328438 -0.177178345467956 -0.0420723275081366
-0.0548776832493566 0.174874813092026 -0.260836425694185 0.270155095675804
0.286894194586229 0.202933062373058 0.14952452633339 0.216622936567482
0.358581453642672 -0.188599468477129 0.0593401587864992 0.0300863567549263
0.0773076237819429 -0.2747897549395 0.0319476268285594 0.0415276240108599
-0.0102164606679224 -0.179770728477241 -0.0425105379498075 -0.0248672872483102
0.029256193010298 -0.0943163297709792 -0.188286462166687 -0.0233959747521558
0.0472321306162229 -0.0485309339801068 -0.242842390534243 -0.0758548958053918
0.0562264222097426 -0.0481791064326173 -0.186491037957271 -0.213409194398546
0.174096130482982 -0.0353158847270505 0.0267511897899639 -0.292917655103876
0.152026509724514 0.275524223567058 0.372222198265833 -0.077135298842452
-0.198580046534992 0.181462240951313 0.251809389497695 0.420638019805263
-0.165375967914261 0.223484613148192 -0.239631165917707 0.625566633587143
-0.341294744985157 0.148724171553043 -0.665242100160455 0.473478485023415
-0.15918514469304 0.491859185855644 -0.106867549651327 0.185571546809788
0.166052509930791 0.303153978713743 -0.234416074044572 -0.170189573312758
0.0907494189457167 0.163182775596916 -0.396147413559693 0.228986988499909
0.324701273373858 0.175075032992154 0.129068367467138 0.362122806942181
0.351240491078816 -0.209741262433061 0.1996401231851 0.0234661011761578
0.0874790059794339 -0.250606293638272 0.0880516276995506 -0.0609386111393757
0.0367595637514993 -0.150316827889905 -0.036161930988732 -0.104699227807947
0.100696913036599 -0.0773560949029215 -0.166628497391197 -0.0634072703802449
0.113552436357169 -0.0267053631709158 -0.212589785285177 -0.0778715808031902
0.102005564063491 -0.0190785433003145 -0.186519488810182 -0.185313850031814
0.21389128744182 -0.00123322261691842 -0.0268313305860209 -0.291800845400309
0.189378762207618 0.324318274400714 0.322471371411152 -0.189344796974702
-0.186116636012382 0.273818278625276 0.363250773321653 0.252523295345258
-0.151405920459086 0.294629586342114 -0.000664232129872796 0.638752357448408
-0.395036677083272 0.356343044612549 -0.52480525486939 0.447584310307494
-0.32608279233998 0.63686012952792 -0.00572804482415279 -0.0487961186567132
0.125835571237211 0.508221952357134 -0.219224343394909 -0.316332014788494
0.199035790806921 0.220655455620744 -0.486487437370174 0.0896302918779723
0.336840577512904 0.142446705980178 0.0254514933844716 0.443703173782322
0.28630384329901 -0.195843404530809 0.276487339402213 0.0571371491848369
0.0736238693823345 -0.164782816947456 0.142798345650054 -0.119028672722884
0.0838340169638817 -0.0823879251683007 -0.0104997199216997 -0.156019050625717
0.154996052757352 -0.0511873900926235 -0.11988896147427 -0.0931389885246174
0.156625945847193 -0.0214366220751184 -0.156116774230031 -0.0812665487521252
0.141422304137858 -0.0214219689900253 -0.151281283477677 -0.159493744059275
0.251289635212695 0.0113543896142962 -0.0362128495258198 -0.254158657751861
0.207062514768143 0.312392111832087 0.220674455025365 -0.231350514317417
-0.0816405684376081 0.297432870789525 0.401420565112592 0.0453064360799031
-0.0825042841821687 0.359178124737399 0.20774847286062 0.578738473549962
-0.35511585275457 0.529062679767718 -0.353520256671217 0.342620372636973
-0.452417463201251 0.650853988549966 0.159826975879968 -0.247072897804227
0.0264284098818378 0.585069942383165 -0.106544806906429 -0.414182747232506
0.216622582940245 0.247125481290242 -0.475228916678091 -0.124145091367373
0.282361780471179 0.117958393709451 -0.119868554807565 0.412003434023008
0.175382681031788 -0.138045153678537 0.255357281209017 0.10886068323745
0.0445833818956856 -0.0430632517355807 0.173560355916946 -0.109478786056153
0.117938192415548 0.000784476658523078 0.032028067482615 -0.157315291848952
0.186712064756366 -0.0183560415505273 -0.0542481497436631 -0.107512414295161
0.167760601262186 -0.0184748275581616 -0.0914720247028658 -0.093305832590502
0.147467913904766 -0.0323316436598841 -0.0899324608818916 -0.163315379936352
0.234804347260028 0.00265931380453201 0.0219129837222388 -0.203734774187877
0.177142759647878 0.214322268946502 0.117782262201725 -0.169200421430552
0.0648169585989046 0.229331392731487 0.337430553253059 -0.135525333326598
0.035116710657541 0.367196343910385 0.307316971673208 0.455366006177262
-0.254247362403073 0.642230090808513 -0.200449847333606 0.154875172634165
-0.45642105955397 0.583415651741377 0.363745042343674 -0.364446046024616
0.0164436184810596 0.514646850510079 0.0997399225530484 -0.424186148295186
0.166985428672332 0.16076305728529 -0.333751894013651 -0.349276385512496
0.163544033541776 0.0684470947486458 -0.244738234827141 0.266265303289792
0.0400933478553479 -0.0596063858877024 0.148810496498737 0.154530169245553
0.0134734723679567 0.0689487302569381 0.174319685254509 -0.0367990008194912
0.136204176181292 0.0763296855135082 0.0904141634102295 -0.113013104160611
0.189396022424113 0.0142495947922415 0.0220245352564911 -0.105083195354906
0.151551240831656 0.00181018704988981 -0.0351165270331601 -0.111770440921611
0.114499074518815 -0.0134102210825945 -0.027787751856616 -0.193188729421121
0.137408046624364 0.00409068493351054 0.114535300907741 -0.168190022116385
0.0950867619979764 0.0535960484052837 0.0508152606867106 -0.0680481146040455
0.176822350537455 0.1113570643657 0.2498858562161 -0.222408164886763
0.16120253464112 0.291620604302236 0.269507090644243 0.322076783935529
-0.142765950054706 0.662451811067645 -0.0904617019929157 -0.0813624205963505
-0.304520027545913 0.467175051724161 0.553932118526917 -0.410297865102354
0.0973525635311404 0.294192121487613 0.335359017145101 -0.399652461495108
0.0795314382281755 0.0329815444228697 -0.162981307056918 -0.52371854362705
0.0504886665817763 -0.000935585202751723 -0.318123516441371 0.0955889478178776
-0.0730655738956048 0.00951033021954995 0.0198561569899338 0.187693464562503
-0.00404301814538788 0.133634788128587 0.159418368174593 0.0625867205397403
0.125320030950021 0.112769899847284 0.148880534630962 -0.0448457938592471
0.166752991820934 0.045183061170227 0.0918561706754179 -0.0862455157084256
0.121972475960419 0.0460114055093895 0.0041766370048899 -0.120014395165146
0.0579253550270143 0.052710491404284 0.00939532659463244 -0.224981395372771
-0.0120333471542242 0.0318328298446289 0.176413635442741 -0.148966214540731
-0.00678649919428218 -0.0897273525561513 0.0125312411080837 -0.00966461601321206
0.19014225211271 -0.0136828604952445 0.192419375581088 -0.217585589866023
0.257627478199427 0.176479143963843 0.149304606887617 0.181599386691511
-0.069413457103267 0.573196557540609 -0.013472904293709 -0.305005577003662
0.0661155059536717 -0.403613263702183 -0.059598680539555 0.445418054812765
-0.277727110574814 -0.120765438027537 -0.0568074025107885 -0.0578561202124769
-0.146568437117698 0.133929535954291 -0.15893060432667 0.184444188184572
0.109831866928565 0.15983503268069 0.0249330908223018 0.0171412502272598
0.17869168521786 -0.085903011576168 -0.152300006201135 0.113733644426261
-0.00387193261961607 -0.1458996822958 -0.0210823179457934 0.202521156054208
-0.0881836369808221 -0.113209264273869 -0.0182990688349414 0.100232628395725
-0.11257580112275 -0.0865459433513919 -0.148499758120521 0.0618064357157901
-0.0845735530187927 -0.111920164851575 -0.208119855310257 -0.0132911847405972
0.00936245060257174 -0.140734707248394 -0.16235111629177 -0.156255111100235
0.127133709792353 -0.0623340542816874 0.0522314664436131 -0.22285153768488
0.0449526496292198 0.106657048601417 0.352059832395398 0.00890513205776479
-0.0558174332982351 0.0376309600710165 0.13708066530167 0.586491651529252
-0.167214308766997 -0.0209383899595713 -0.468746038686336 0.460501395841512
0.0363680945685614 -0.276225958861828 -0.693050158520287 0.444037587329701
0.0497553175347704 -0.120099130718406 -0.105277128437955 0.479328080588099
-0.169780067992272 -0.0766986709568566 -0.0898730609080382 0.0101910902561241
-0.123222829203538 0.206323239629774 -0.163136835074192 0.22385584411689
0.220349118272563 0.193601300382572 0.0908156026938958 0.0809317201451779
0.295996096202632 -0.145221328889944 -0.0759504453890286 0.0736720463760671
0.0426737664953025 -0.232009280002508 -0.00507961756446553 0.143220904595222
-0.054620103589615 -0.161432267131135 -0.0346432889194994 0.0509870925907042
-0.0472452434768274 -0.0981590860319804 -0.182718782992483 0.0226515900107834
-0.0236010784562201 -0.0817285082382408 -0.240639327840784 -0.0544262463080557
0.0245059063266491 -0.0999204950703142 -0.173017240010792 -0.207031143696409
0.153449997057788 -0.0647131116402328 0.0664647983632044 -0.260605892145926
0.104329846657753 0.199484520753826 0.366739315706293 0.00961514264858097
-0.127476413995047 0.0879392435626982 0.163871612683356 0.528060391832871
-0.166080131843064 0.14284347890778 -0.419382008100228 0.552191910951549
-0.190310448631731 -0.0663383777142097 -0.723872605998626 0.463745609664474
-0.0117099503830225 0.212251629695273 -0.127470978703885 0.383862045142809
0.0420947789962871 0.0615115003248958 -0.176628428200174 -0.0404165662038273
-0.0532079690560642 0.175196125882125 -0.258099614529051 0.272363335581193
0.288906113009883 0.198108239497714 0.151314259777 0.213975099262832
0.354056301007331 -0.191776642138159 0.0600160312618362 0.0292202087146936
0.0746973564462599 -0.274844597785773 0.0321197092063608 0.0409371027598437
-0.0117441319922749 -0.179412924624931 -0.0438317053615767 -0.0252892764236128
0.0282142010730987 -0.0950539279249742 -0.18874375526267 -0.0201157789310372
0.0465770350364813 -0.0494227431774783 -0.243370574712818 -0.072348656063237
0.056183291067977 -0.0481046315112092 -0.188360212910864 -0.20935073709086
0.17368434971308 -0.0368996989079231 0.022280307619478 -0.290959981187714
0.15540837097612 0.273395279388346 0.369548556340337 -0.0800119921781413
-0.196905860625777 0.184416950471604 0.255822274628857 0.416602686640297
-0.162743982840438 0.224035442101014 -0.233751552884261 0.625844230221496
-0.340148259035761 0.15202358532426 -0.658562441337848 0.481907130761677
-0.148115749955088 0.490202266210491 -0.102433739558711 0.185719186734651
0.168164269693248 0.301304100732169 -0.235700608282623 -0.16922719391547
0.0928799872387017 0.161972839569346 -0.398467838050212 0.23211921256288
0.32579115650791 0.167225484928989 0.132994142891952 0.359364573628084
0.346546559352574 -0.214364927365125 0.200053712943447 0.0204983965167913
0.0841344538658266 -0.251695746305561 0.0867560312705678 -0.0623052359876001
0.031829377547571 -0.150458295193928 -0.0379940909562564 -0.103604254022535
0.10033736926886 -0.0790674861299519 -0.167625448022905 -0.0618497623239402
0.112661981086661 -0.0289705765438553 -0.212441677538698 -0.0751822773054582
0.102302137661286 -0.0190759267998635 -0.187450592916349 -0.183713551851739
0.213531902663949 -0.00330730943971745 -0.0296861680295831 -0.289895225787119
0.193761457183798 0.320086148182766 0.319797539516197 -0.192778641259741
-0.184341615129372 0.276775196980021 0.365411451903544 0.249183599352562
-0.146762450619765 0.295319923495217 0.00622317626762861 0.637165831848618
-0.387370837566689 0.359310419415925 -0.514043389456289 0.451484055949588
-0.327127790091895 0.642368742821061 -0.00668668037965474 -0.049528921127238
0.130579457713143 0.504702331025809 -0.223728275755781 -0.312141377322613
0.20044784537163 0.218617517545722 -0.484512666035973 0.0961810999090786
0.338597503281645 0.137675767710617 0.031531022665414 0.441862107816825
0.282824320597677 -0.199553237226526 0.276889625965809 0.052916025879657
0.0717358331467757 -0.165079558766614 0.140775201138772 -0.121120111989621
0.0823108089492594 -0.0829787076628321 -0.0141024522205056 -0.155379271220869
0.155034770877975 -0.0533382307045268 -0.120495472519053 -0.0915586623991986
0.155536371639648 -0.0227919334163183 -0.15642307681786 -0.078438365018878
0.140530160049921 -0.0234031376897795 -0.152941150305946 -0.157469735056222
0.250144590173771 0.00803993995250068 -0.0397608061866025 -0.252563472767564
0.211910613315778 0.309855870928386 0.218052730056058 -0.233905236038268
-0.077388077003712 0.298315794669535 0.401339776634377 0.0390755656677404
-0.0782885486901001 0.358874657672612 0.214672451550232 0.576040951371089
-0.348045120305423 0.53108259183115 -0.348994741784903 0.344438019345427
-0.455378707590191 0.655417083399921 0.158865399044581 -0.248967522148662
0.0320360262608361 0.582855437702025 -0.109703442132211 -0.410714349113866
0.218681395598726 0.244999049978404 -0.475998185274199 -0.122638226695859
0.283413780163661 0.108300759750112 -0.114299457472516 0.413087966823965
0.172913109905561 -0.141160109993657 0.256453075014913 0.104493100443053
0.0435199359326748 -0.0439953235060256 0.171920693894858 -0.111482038287018
0.120833632154403 0.0044886135046552 0.0307157997575416 -0.157495096106971
0.185075943806104 -0.0222566397389888 -0.0542350285119381 -0.10706284159472
0.167589791536167 -0.0194319637597186 -0.0925586409813663 -0.0920138323206679
0.146054249628119 -0.0356471952896827 -0.0917249713817149 -0.159770139127982
0.23445179093446 -0.000461638502508597 0.0187234951190292 -0.202923496132533
0.180064256469994 0.211219293333574 0.115674716331581 -0.171608372129506
0.0680457155663736 0.22904256469255 0.335490978258723 -0.138981883359109
0.0387978749227239 0.365853960278792 0.310697269496469 0.45116418712815
-0.243639246521485 0.640382490631113 -0.198326195821721 0.155968442708035
-0.462044819821797 0.587266113293739 0.359397560751273 -0.368592371596632
0.0209299944390128 0.513231753690945 0.0947518983912986 -0.423123999156013
0.16749254822246 0.158195036070794 -0.33692896694482 -0.343756297178761
0.164575203403248 0.0661803308525034 -0.240036284128567 0.267903907061109
0.0393898619378963 -0.0602518339420524 0.149765976049342 0.152025342227687
0.0145070266827576 0.068274231975276 0.173817061166735 -0.0391158704696846
0.136146446854508 0.0748759220545287 0.0883288108032215 -0.113901048144783
0.189932495896487 0.0113722519466893 0.0207274992880562 -0.104623640779694
0.152375512911421 0.000105507353689505 -0.0362043207614961 -0.11064722974277
0.113163475119554 -0.0156810228718309 -0.0308593402113675 -0.191949426738368
0.137463540663501 0.00232534966960248 0.111535831938292 -0.169328426917382
0.0963229950707033 0.0522107303551091 0.0500268315775727 -0.0693440052210563
0.177553449632572 0.109468145172956 0.246324814901383 -0.224825451718609
0.162882578276711 0.289036671984653 0.271870209799048 0.315993092551848
-0.134854813501557 0.660335360688569 -0.0911241948472011 -0.0808058427315062
-0.306572800670904 0.469719554426246 0.550797979212861 -0.413070017190396
0.0996650796934525 0.293231494174822 0.32983395830812 -0.403042249615977
0.0799790555067722 0.0321776572671894 -0.173269432468363 -0.510340857972389
0.0515467837569311 -0.00152350384084547 -0.314358466347522 0.0992508904139741
-0.0730567063926442 0.0107655077669986 0.0223819213999856 0.186638781440635
-0.00193699243658166 0.132448440366849 0.159556771915129 0.0604060361153938
0.127689825606372 0.116134313822568 0.149420504940869 -0.0449335865014971
0.165776795145322 0.042344339853638 0.0915135990944763 -0.0874063943624461
0.122450488066982 0.0453517454976122 0.00291961185129974 -0.118773592454144
0.0582695205977255 0.0517784781648233 0.00407488387877785 -0.223099699690296
-0.0119615127675377 0.0317781695242062 0.172300001000575 -0.151727352363858
-0.00757347261697759 -0.089676051852683 0.0133943717217412 -0.01033214967046
0.188248180526605 -0.0174709928055719 0.192925591513872 -0.219874924940408
0.258904852044264 0.171407371051822 0.150911061789831 0.179460517388537
-0.0618283128469128 0.571002787272826 -0.0168129472450355 -0.305191980361619
0.0621138997311401 -0.402836280594962 -0.0536645681689341 0.445326680532145
-0.278003453377985 -0.117407890633935 -0.0571927616042866 -0.0564327535184379
-0.143138538779417 0.135540163866806 -0.156488646658281 0.18577349200075
0.110714793764677 0.157508254014989 0.0249483365313998 0.0172332488775128
0.176625863944142 -0.0876281121257758 -0.149305611291167 0.115371614519593
-0.00568742174063683 -0.145084912888397 -0.0182136761036673 0.20100943699393
-0.0890120712681809 -0.111281965798265 -0.0167675346631472 0.100114206877006
-0.112646094187589 -0.0852430367868781 -0.146948751800485 0.0631303837514433
-0.0854670177753699 -0.110486708994404 -0.207976486168757 -0.00934963578819023
0.00799542903396901 -0.140337988904286 -0.163213497418089 -0.153391061712348
0.126876778240058 -0.0632163449659753 0.0497655556584096 -0.221624742604686
0.0455587299248773 0.106068333495759 0.349092060413112 0.00579222450443983
-0.0551013021862854 0.0382986396122928 0.142454187179652 0.582162079882788
-0.166691537675688 -0.0183318415847145 -0.460318978277587 0.463640369720757
0.0334388413937193 -0.275445212070069 -0.684673153932027 0.450934296026754
0.049386678534443 -0.119505493793439 -0.0995118497926044 0.480072912972857
-0.169509960153851 -0.073017297699985 -0.0891179646676547 0.0117713589020492
-0.119469661892886 0.205029425568544 -0.155844698164289 0.22500702234208
0.223085809794769 0.189128535270419 0.0916240659900497 0.0802810848227658
0.292494294460143 -0.148547399945541 -0.0737098016491214 0.0743073619240989
0.039830866458979 -0.230034845466807 -0.00334704366359425 0.141678337761457
-0.0547610855279205 -0.161130635319789 -0.0333773585417981 0.0510740965243687
-0.0471613416257767 -0.0968946540730311 -0.181316437085925 0.0251078206486841
-0.0241403980180055 -0.0814980367688347 -0.242005942851766 -0.0518173984447539
0.0239098943481369 -0.0992664043912181 -0.174759701078705 -0.203474763739578
0.152184439783696 -0.0661562357012941 0.0625305186573104 -0.25895573579198
0.106285609219232 0.198338520434078 0.366109701259738 0.0052396882421355
-0.126211214422137 0.089718852975753 0.168307363186828 0.524791921905201
-0.162726143042143 0.144655975166763 -0.413167021089329 0.553882888365205
-0.190739672701952 -0.0630282355162515 -0.715842897538574 0.469386119803472
-0.00947790805553487 0.212396444073023 -0.124595728161961 0.384464854992203
0.0428571329958503 0.0613927047666938 -0.177032856980038 -0.0377830455045234
-0.0498296221203606 0.175946154481199 -0.254072362373291 0.274112380882293
0.291162915800389 0.192902841895385 0.153438130176436 0.21307343919977
0.349435539326932 -0.197107339307638 0.0598029007943243 0.0286060279820507
0.0699731810747252 -0.274685271815906 0.0328445681613202 0.0395539064445445
-0.0141201392921702 -0.177696384598812 -0.0438865084168171 -0.0246378816038711
0.0275539303565053 -0.094749815760946 -0.188277956888718 -0.0174410332535106
0.0469645777770084 -0.049763942777373 -0.243421899542224 -0.0697345703729468
0.0558325763148737 -0.0485144503482713 -0.190347826233578 -0.205643759592881
0.172555696326742 -0.0390504624842701 0.018371200134692 -0.289925057523062
0.158118287537147 0.270579953623187 0.367497631073959 -0.0843384307214336
-0.193455077973814 0.185887883285133 0.259259728097389 0.411616344258205
-0.160212795631103 0.225678146997186 -0.225630527532156 0.625054581615139
-0.335762975594284 0.155800210434117 -0.650964458294118 0.484686494562851
-0.141635283815656 0.490827667536004 -0.0985830334289204 0.185620678211927
0.170883849664692 0.297964084362334 -0.23659492411984 -0.166218859157953
0.0938022525450325 0.161266269351294 -0.382340451784726 0.237961001551032
0.329118962976893 0.15840559680663 0.136277860903331 0.356907437879796
0.342904954085799 -0.217811462135641 0.198696419854299 0.0175724256286692
0.0799089760012433 -0.250821731192119 0.0857266317038913 -0.0628294852558463
0.033525602293184 -0.150517378589362 -0.0399107080005945 -0.103277801398968
0.0981937579180759 -0.0807419687343392 -0.167850488709089 -0.0590578941078632
0.112485264260419 -0.0305925224628239 -0.212360368358153 -0.0728773294196183
0.101179642176321 -0.0214838016294922 -0.189594856370236 -0.180132256817091
0.211845990045584 -0.00610546290861813 -0.0336321064295039 -0.288318565130679
0.198256160155471 0.315717176885141 0.316476083229564 -0.196750142504267
-0.177887632502637 0.27843592502932 0.367303351450308 0.246460181758717
-0.143884370212502 0.29576169651179 0.0127808116820516 0.634653560332708
-0.383352385408386 0.362079110997911 -0.508084490265021 0.453345651091228
-0.321509798496897 0.643794207285505 -0.00701778334245798 -0.0490592652812129
0.136257073053213 0.501142973509957 -0.226003664655786 -0.308160657094945
0.202452100618051 0.21525247138739 -0.481423863939654 0.100493896888596
0.339954413869828 0.131851800122362 0.0359598797809408 0.439929789527417
0.279499492271433 -0.202496126172506 0.275700614830743 0.0488436442755762
0.0690397922194662 -0.16479672503156 0.139163199862186 -0.121608970309085
0.0818214411669727 -0.0828322743093094 -0.0157407310416419 -0.154552266643266
0.153372415605203 -0.0560616034363615 -0.121654564650264 -0.0902663308182945
0.155636675873924 -0.0247973202505812 -0.155789800819418 -0.0767141568632439
0.140100132022432 -0.0244726347571584 -0.15442279757662 -0.154234733112972
0.249668705809091 0.00428803335629312 -0.0445502439161057 -0.250460091661288
0.215434247119813 0.306329420962027 0.21451308768693 -0.235681372894733
-0.073242883033891 0.299219911803414 0.401062637427359 0.0344993830110383
-0.0745751681733268 0.358065174352122 0.219410128325549 0.569464302810024
-0.340106921455699 0.533643054635568 -0.344367689062487 0.346824155304659
-0.445422196132307 0.657354188909585 0.156247661325574 -0.249355926545599
0.0389540520925809 0.580398205571642 -0.115378037328104 -0.406722263031508
0.219725978784308 0.242380844926946 -0.47167667202263 -0.109012011384702
0.284698929660014 0.106761208740872 -0.106163350099062 0.412726581644765
0.170385051150731 -0.143118631743522 0.256636439159267 0.10087584225334
0.0421438745673994 -0.0437772943903339 0.169657270149175 -0.113220666547086
0.121990456421416 0.00328122014225033 0.0286083683003453 -0.157565849675892
0.18310112330504 -0.0247145883185689 -0.0553993238435497 -0.104953371334776
0.167043325939798 -0.0209057324024688 -0.0932276399804591 -0.0906637612939203
0.145638829295881 -0.0348731334077125 -0.0935025038060315 -0.156601679250502
0.23388070363644 -0.00273755978607088 0.015425166735136 -0.203674052432222
0.183367910442674 0.206231331278094 0.113362524829244 -0.173935433012613
0.0741052729013381 0.226390073975422 0.334987596591959 -0.141241526085911
0.0433221300203308 0.36392661240058 0.313566310687334 0.449887783443388
-0.237357966235781 0.641023286721249 -0.197947829552265 0.156731251121066
-0.448359628842975 0.588802209053472 0.353396325936865 -0.370286465902124
0.0269503438304708 0.509733136379598 0.0904849140742149 -0.421675126968229
0.168186095166411 0.155386189587645 -0.339867376935402 -0.338204277448376
0.165030557950172 0.0643736470789178 -0.23525273190404 0.270044701414974
0.0388193932572112 -0.060831331176214 0.150695034442946 0.14953194225497
0.0150559038490659 0.0685933236321216 0.172631697200398 -0.0411988239655609
0.13656750341427 0.0732536694791412 0.0862199404693007 -0.114834683378573
0.188662572815896 0.00924403148210901 0.0193578494325586 -0.105012939023026
0.151308796639166 -0.00216588083991412 -0.0368842536364904 -0.110143923174696
0.112775630295506 -0.0168019649254509 -0.0325065304739064 -0.190092704458827
0.137036327192403 -0.000455649299902383 0.106966709784765 -0.170579637041986
0.0971661553994631 0.0500420973012349 0.0489393027022345 -0.070510091877441
0.178997400738381 0.107729763510453 0.243841393342138 -0.226886543000456
0.165311680608697 0.28619692142324 0.27491942740232 0.312262980642781
-0.128861161279515 0.658236076772378 -0.0921652996546816 -0.0800016142630887
-0.299585492569752 0.471145372061056 0.543455850671039 -0.416730252536066
0.100937559000849 0.291870820427683 0.323438963146807 -0.40457588151414
0.0801300755344185 0.0313930343087181 -0.179499746034328 -0.505767378784431
0.0516157129153297 -0.00270799903026204 -0.309794077648541 0.102963746444334
-0.0722670295881439 0.0113443961085357 0.0256650136855862 0.185372114312012
-0.000560143387636232 0.131926579161348 0.159687855807005 0.0579169890897898
0.127079669942623 0.111347947756353 0.148437303459319 -0.0462180715817155
0.165765364239 0.0398252273967096 0.0900677496239881 -0.0887817108526284
0.122010061043136 0.0437931593788445 0.00131242122398665 -0.118929427464287
0.0588314923312766 0.051863540034007 0.00195105867754817 -0.222378857346944
-0.0109756068834369 0.0315205027980932 0.169938182789647 -0.153017077236091
-0.0079159443614239 -0.0892584134806498 0.0130644238087432 -0.0110455631870984
0.186838296642642 -0.0199757310781561 0.190284961538295 -0.2205638793833
0.25871551483817 0.167306452690681 0.152564046240443 0.177934572208323
-0.0569270933901226 0.569199923100377 -0.0210773827133225 -0.303281588891006
0.056934557145909 -0.399816087944641 -0.0469739234985942 0.445178446393693
-0.276852883895948 -0.111464703664507 -0.0568175458129247 -0.0563093164526414
-0.141340284728797 0.135304877670093 -0.154093970367044 0.186476006606551
0.111780157811877 0.154849260025721 0.0244753473977001 0.0186287269197884
0.174618790559691 -0.0892100336973723 -0.147086957715228 0.116998013815003
-0.00770894114867436 -0.144387608446434 -0.0149548955626834 0.199657313741192
-0.0904680199313112 -0.11058020604813 -0.016269536446544 0.0994469505400851
-0.113446894891096 -0.0839048313775332 -0.145765705872916 0.0644345435822088
-0.0866478374538713 -0.108614097936393 -0.206749977465119 -0.00708093360111529
0.00669347839273202 -0.138989315741809 -0.164316313348105 -0.150987920679828
0.124396580527263 -0.0647165766516581 0.0471008592377203 -0.221333607066162
0.046620075679297 0.105136812381611 0.347349443360789 0.00166132066692951
-0.0549265785278137 0.0376628764388446 0.149347839183139 0.576887486659469
-0.165662992058893 -0.0167313255401601 -0.453924820163988 0.466274523870705
0.0306937242109102 -0.27439652854209 -0.673648575697166 0.452821488317552
0.0457530539921611 -0.118747715343108 -0.0910893681550353 0.478496230690989
-0.169472368757 -0.0700820745156831 -0.0880574275659664 0.012386321264276
-0.115858032174855 0.206163952695767 -0.154317691181989 0.225916993414408
0.223750086400508 0.186552440208187 0.0918279270183896 0.0805860854973588
0.288719622939076 -0.152970964695232 -0.0717520827085895 0.0746841145903488
0.0370626831460945 -0.228848219113561 -0.00045898171400384 0.14178513931952
-0.0550659428511561 -0.159580033189529 -0.0338554799374565 0.0502918115462368
-0.0477525152547889 -0.0961986601741022 -0.179867317671079 0.0269784506535025
-0.0250173252280501 -0.0808193636949058 -0.240592222719763 -0.0487821719179061
0.0229780654025769 -0.0991104657007319 -0.176237645443618 -0.20065726859185
0.150339495821868 -0.0673477910652582 0.0584091410888133 -0.258112453339761
0.107420911535561 0.196993491794382 0.363746601935691 0.000254763014936214
-0.124400534513026 0.0906714698034271 0.174741863666005 0.520571565662641
-0.160506510015576 0.145199681677042 -0.403989951131617 0.556705864660217
-0.18982462180657 -0.0607028921285267 -0.704837986711322 0.472889171513894
-0.00811376679311833 0.213279938547197 -0.11962576554549 0.382493521172507
0.0425374219696776 0.0605563071256952 -0.176528053289683 -0.0359546432938876
-0.0463120476156808 0.175052095446064 -0.251362340518601 0.275270912215724
0.292263483869834 0.187795371873771 0.154608727029709 0.211317323828228
0.345865044207948 -0.200843041189416 0.0605817996121167 0.0275076586189473
0.0660334877615842 -0.272786282273425 0.0340135301106669 0.0395478399545103
-0.0161963338119987 -0.176922618385988 -0.0441052385790105 -0.024638619061859
0.0264544783230895 -0.0950565778129638 -0.18769231947469 -0.0148853034628669
0.0467392594005493 -0.04986038224297 -0.242587886960042 -0.066760926233798
0.0552185057561806 -0.0489122882474128 -0.192329652040981 -0.202340675957957
0.17121637989777 -0.0404560296585413 0.014640571490377 -0.288109385827243
0.160782382610963 0.267966719966738 0.362960372281718 -0.088633177742135
-0.190922673255951 0.187897373738668 0.263172562624855 0.406145906832049
-0.155854629730776 0.226222563184223 -0.216547980051318 0.624781659567347
-0.332610241935834 0.158278247570136 -0.639280448385015 0.488145666758331
-0.138612552386719 0.49068882992059 -0.0975567135185024 0.186792536966467
0.17386802863408 0.29516562306336 -0.237245132225028 -0.16147049556327
0.0965402639584525 0.159480357508948 -0.375171489786502 0.24172768152323
0.328510266030757 0.155949672210333 0.140185612115309 0.354100892056659
0.33800614593891 -0.222392968857096 0.197806607667746 0.0150818799590266
0.0761887909332701 -0.250528015573245 0.0843833738292314 -0.0638242140070567
0.0344570189549555 -0.149087157493422 -0.0408787057841702 -0.103024829675801
0.0967671437535959 -0.0814226584453243 -0.167673207056591 -0.056955121554039
0.111798087233863 -0.0311823453992859 -0.212006545907248 -0.0687616373986541
0.100787294232814 -0.0230415189510973 -0.190262783727637 -0.174136728080615
0.211438611048114 -0.00896018105757319 -0.0381086440521747 -0.285796446555256
0.200442825009586 0.312517047790245 0.31081458685385 -0.199870838709832
-0.171422518908575 0.280513777559037 0.369490498720329 0.23886756363794
-0.139526582822261 0.295284171320085 0.0206736796898684 0.632640994927891
-0.378121309997917 0.365179433912942 -0.504571945140234 0.458247171140888
-0.304417643384973 0.641289108727961 -0.00750149266440568 -0.0490746943367437
0.141055678978813 0.498179591673564 -0.227765660698752 -0.305283595006256
0.204107754163215 0.212532875054396 -0.478963273889186 0.105257322540489
0.339955505052062 0.127021068077429 0.041746681345934 0.437928538915115
0.275555333298003 -0.206046367809496 0.27595003816124 0.0455469355651182
0.0663787800414233 -0.16407870481483 0.137153350508024 -0.123781444199402
0.0802091299379573 -0.0837233883891734 -0.0186772638295432 -0.15385012827808
0.152180207973672 -0.0576863178827295 -0.121430065502036 -0.0878529823569627
0.154501335342992 -0.0272260327604232 -0.156444353815004 -0.0745407376299978
0.13886690898744 -0.0261155227938801 -0.155394746259969 -0.150360625352205
0.248389058970733 0.000760038341996164 -0.0472384418220272 -0.24796009460901
0.218846413884489 0.3010071213649 0.20996944742074 -0.239201842989578
-0.0687662522358416 0.299569260430697 0.401152029771539 0.0291268410827952
-0.0711429532214501 0.357311854796871 0.224425446489391 0.563203521826754
-0.331011720105342 0.533742765125731 -0.339551522282166 0.3486055819276
-0.421788944688433 0.656990266408219 0.148595000211811 -0.249356258820968
0.0458787228587122 0.576888534569216 -0.118032553377605 -0.401418335863349
0.221601526168215 0.238605425197749 -0.469679829835837 -0.0997612894514396
0.286238515915591 0.106727448212135 -0.0996310145774209 0.411866821048449
0.167392382068592 -0.144880098079103 0.255551024648313 0.0972358551911339
0.041713752828879 -0.0441737018036816 0.167349648692695 -0.115672371472587
0.116927702561935 -0.0030295095146781 0.0255558151539308 -0.156828389879994
0.183465586105605 -0.026247652887436 -0.0566694421224593 -0.105034665695843
0.166297678410658 -0.022387806537673 -0.09261651556558 -0.0886672688457308
0.145111192075434 -0.0360606130056827 -0.0950169338369035 -0.155798460188207
0.232054385805263 -0.00650936226350818 0.0125703352095987 -0.203090787759368
0.185680357264326 0.203778681128513 0.110333534452098 -0.174605488700856
0.076597143788996 0.225320540967491 0.334219904130791 -0.143737922862335
0.0454926557179561 0.361981051847684 0.318165963959938 0.443053971851338
-0.231128588279543 0.640134389088545 -0.194861906428519 0.157521381921105
-0.42329641076174 0.590185788827465 0.346184852293877 -0.373163198517933
0.0308656315089263 0.507356571096136 0.0857584858532795 -0.420551862859696
0.169544109557339 0.153566605534712 -0.341241269296445 -0.332008546377972
0.165942784559232 0.0611481943025487 -0.229950635973909 0.272474761105082
0.0384526345983886 -0.0614203288078282 0.151247892845684 0.147057484576775
0.0158287283594312 0.0677769773895568 0.170728036515314 -0.0439128303246561
0.13683088253418 0.0706280989586008 0.0839262013477547 -0.115189136156008
0.187323937037442 0.00605180579526296 0.0184045843278264 -0.104596525378929
0.150118253907322 -0.00408678035146728 -0.0375081527955759 -0.10862900463553
0.110986224767723 -0.0178469507207509 -0.0348185662103287 -0.18904410086694
0.135621456947092 -0.00246038514592633 0.104703687504109 -0.171764763374595
0.0979942009154999 0.0488176306771303 0.0475813339636417 -0.0716244767549558
0.179573887536758 0.105156032999599 0.240407769773185 -0.22855738301521
0.167152165719635 0.281918827745436 0.277625611583289 0.307569296337463
-0.11728100832434 0.655280329588769 -0.0933119427374365 -0.0793446554704466
-0.283400990115917 0.470397611839494 0.532001455642527 -0.421785778848685
0.104291210823619 0.288653644175509 0.315950727689756 -0.404582358791654
0.0793032166826438 0.0305343905288336 -0.177804847216537 -0.5133105069007
0.0514150735051052 -0.00309053135738011 -0.30664273736966 0.105856289164162
-0.0717939947472478 0.0118642025182339 0.026757691650633 0.184226358987388
0.000327375611593169 0.13222537060244 0.159919857918749 0.0554201481981832
0.127213737491133 0.105496710380382 0.145794770525699 -0.0493923961241158
0.166008673296611 0.038618915331002 0.0885218904005696 -0.0896241349193518
0.122181579285758 0.0416486514155987 -0.000547877870856801 -0.118187667632903
0.0595960908450572 0.0507845101378363 0.000969773490106531 -0.222143398707317
-0.0103824812237736 0.0305797161480911 0.167325611340818 -0.155809756440195
-0.00936237081026033 -0.088331458065231 0.0130133254805946 -0.0124093485627329
0.187512232340444 -0.0200273914752655 0.183767207627002 -0.222131793028871
0.258874395618839 0.165473233956446 0.152922261215482 0.173990460251057
-0.0522469956605704 0.565528849535958 -0.0247407126324465 -0.302848765429146
0.0525950422232673 -0.39727687770613 -0.0428550734583558 0.441938177080215
-0.275515251105461 -0.10808710080672 -0.0568445667588342 -0.0558393454229396
-0.138468277186403 0.135610034836574 -0.151968955920997 0.18724723197814
0.114073966511105 0.151763736877492 0.0243379667514953 0.0194202053273282
0.171487135737462 -0.0918874164559177 -0.143913565585502 0.118593422309994
-0.00826349583726733 -0.142620796408493 -0.0114837430642064 0.19964533868174
-0.0903896348636226 -0.109070013980953 -0.0152184601901503 0.098709292736351
-0.113141058428574 -0.0816807650152602 -0.144218849697614 0.0654290010675122
-0.0870418549796154 -0.107938720142587 -0.205543993196758 -0.00418670004574534
0.00528915884136436 -0.139537003451943 -0.166358018425601 -0.147785804703178
0.123243980699634 -0.0644384940493212 0.0433210896052594 -0.220195294696376
0.047301740202529 0.104429954594334 0.345950880099973 -0.0021314902197259
-0.0545236107458574 0.0381885542352806 0.153352487431508 0.573115918296369
-0.164517606389801 -0.0153975135961133 -0.449397064477203 0.467818714582108
0.027256463117624 -0.272396636659467 -0.666153469913617 0.458113408444306
0.0447318987440102 -0.11746840367962 -0.0850645300479429 0.476678493019845
-0.168634616607292 -0.0680058285943409 -0.0876141984569399 0.0122313329465449
-0.111682081738427 0.207462974379725 -0.156686805871022 0.226472845541886
0.224517598242614 0.1819414370179 0.0918422230672572 0.0796339435316827
0.284151232703395 -0.156256328972871 -0.0700492239365039 0.075322604222224
0.0336774422390205 -0.228288059034612 0.000889893601629248 0.139718603570415
-0.0593706820156613 -0.157286003944043 -0.0335525061483772 0.0494180735043101
-0.0493726278725232 -0.0951270836186491 -0.178985370990219 0.0291115220218039
-0.0252194079559587 -0.0800901285691522 -0.239085142203748 -0.0443859449726253
0.0221257641470386 -0.0987185002429508 -0.178140287383706 -0.197096776914554
0.149139898702648 -0.0684490481339316 0.0543531424805005 -0.257360378702778
0.109361810082327 0.194165455835634 0.361099784951651 -0.00295314308409566
-0.122845659474189 0.0913630902873054 0.178431497046969 0.514423811529816
-0.157961145269158 0.145089737799137 -0.396896517864184 0.557452110385703
-0.189792289419062 -0.0580235693936855 -0.696726293660315 0.47964621817703
-0.00513154990791488 0.212060387857923 -0.114258343354353 0.382718767785229
0.0438218592219375 0.0602797736081675 -0.175243693807344 -0.0332724613630314
-0.0432462045565576 0.174970358227431 -0.246374046576806 0.276441752511157
0.292438756071575 0.182445621393302 0.156400760636001 0.20940351370666
0.340716351627517 -0.205077793357246 0.060478187483112 0.0261483591449183
0.0619566841077333 -0.271827987485632 0.0343940403154677 0.0389338469110217
-0.0184751252776503 -0.175861563332433 -0.0443986672171712 -0.0241025095960924
0.0261168869885457 -0.0948168241438933 -0.186601436735972 -0.0135379674220266
0.0457027217876831 -0.0496590945068535 -0.242047869117789 -0.0627417779804094
0.0551760843103509 -0.0491202086470341 -0.192732395822221 -0.198806991455498
0.169865063687789 -0.0413509461031758 0.011100103792547 -0.285356413790975
0.162897379712751 0.264402590186879 0.360561324652689 -0.0927126577062193
-0.187589611485226 0.18987263378019 0.265336658505896 0.400060254266039
-0.153071294220071 0.226259682868759 -0.208420392807189 0.621545453277132
-0.329290413529195 0.161570324079458 -0.630778367627651 0.49277843999541
-0.134730990960161 0.490865843633926 -0.0958505655016534 0.184920438966578
0.177568214911218 0.291494255861218 -0.237851910881929 -0.157837477967894
0.0984344065025197 0.157015315695249 -0.383047824684231 0.240283953689527
0.329046458733916 0.154560949734492 0.144176213524063 0.351476337922303
0.332799165211708 -0.22596800702685 0.196556995541241 0.0127134249709334
0.0723374859054074 -0.250356009781195 0.0845356322510299 -0.0645987109127317
0.028931318976439 -0.149239678277409 -0.0423869846774473 -0.102325295852845
0.0968985024163802 -0.0818499256328727 -0.167773189234555 -0.0541146008740295
0.111349857126389 -0.0318683527756169 -0.211592736864047 -0.0663256019836567
0.100762492193979 -0.0223680727222017 -0.191263136911528 -0.171298759121501
0.210384050146782 -0.0120803673133859 -0.0412533159547071 -0.282940850552677
0.203550479720831 0.30986509393146 0.306700405821119 -0.203399121877968
-0.170605395246161 0.280970759774162 0.370777863201127 0.230171196560712
-0.136419835105106 0.295756836199529 0.0280963270678089 0.626194628129473
-0.372989485539959 0.366575909684963 -0.492909482708966 0.45955920177825
-0.2886031741215 0.640153662573901 -0.00729393930715945 -0.0481253238044122
0.145196392885927 0.491561240346331 -0.229988911352448 -0.300316560511272
0.204654347313365 0.209560105517006 -0.475143248449624 0.110364452758486
0.340685129556745 0.122946633554591 0.0469460006464955 0.436175277201812
0.271762530834756 -0.207069839190201 0.273103123090625 0.0421566298773909
0.0648237969786483 -0.164680844757947 0.134343416304933 -0.124796068985195
0.0791009403487603 -0.0836093203561489 -0.0203632068066715 -0.152887570616524
0.150746688866154 -0.0589563453920269 -0.122409718387579 -0.0861780552365561
0.154081159372365 -0.0287347019229711 -0.156106962157218 -0.072877252079365
0.138348671847368 -0.0273258931173037 -0.155772270249847 -0.14789884233695
0.247209280452987 -0.00264962729815686 -0.0500570050557732 -0.245972990335846
0.221357518942156 0.296175254591968 0.205314668088901 -0.240179850325127
-0.0658766792474778 0.299175428954971 0.399179080079649 0.0258416529747428
-0.0663553116202958 0.356205719780405 0.227612825449528 0.556981455655646
-0.32486526780159 0.533835720583015 -0.333236369655808 0.347716857971142
-0.414250631066417 0.655768525321199 0.145131811342963 -0.248794013764609
0.0496908451307097 0.572749733305796 -0.121783199999451 -0.400971271762324
0.223185416696932 0.233645824616557 -0.473692263098576 -0.105052261759728
0.286455524216243 0.101646828184425 -0.0950249699899786 0.411855364348213
0.16617390532717 -0.144942162304313 0.255497735115451 0.0946794702017778
0.040834346604298 -0.0437685056748497 0.165056464484932 -0.116611963902239
0.115787284867694 -0.0043838785173085 0.023087624716124 -0.156985243743937
0.183231324128918 -0.0285566203265695 -0.0567664833862733 -0.103695953233055
0.164047988990029 -0.0244704165177877 -0.0931628244202085 -0.0872864779908635
0.143087415804928 -0.0390269924623653 -0.0963440625160869 -0.153397555546036
0.23019775691885 -0.0107876667756603 0.00870832669159395 -0.202066679714216
0.188238654821966 0.200231108643579 0.106376805881331 -0.176161977873824
0.0767971895896315 0.225472380602757 0.329151814574895 -0.14849719521242
0.0492715894610998 0.360235915336319 0.321394560858952 0.433803795007672
-0.222136441812161 0.639233839909151 -0.191280582756864 0.157433866161607
-0.423607592123484 0.589506617395871 0.341619699794933 -0.372620725199302
0.0356861369038431 0.503035722894833 0.0814060802308429 -0.41875224140418
0.170146589479709 0.151488529842867 -0.344069883738996 -0.327337782529385
0.166073218965498 0.0591970099923365 -0.224382616040737 0.273048219544503
0.0379223444804751 -0.0614490425412673 0.153162325157198 0.14446999405162
0.0164231246415647 0.068337735623765 0.169015781217159 -0.0455019172164384
0.136555211118919 0.0683120228430042 0.0830129368709104 -0.115188305159491
0.186654545511492 0.00334974318039427 0.0179660326971439 -0.104717634912051
0.148653421790229 -0.00549640216954937 -0.0385344589255919 -0.106439486134615
0.109891813356529 -0.0191033921866462 -0.0376521149270143 -0.186377000050679
0.135239455301723 -0.00474610031022209 0.100861469076991 -0.171990145255403
0.0986672023856356 0.0472983070603923 0.0467513011673278 -0.0725187992267699
0.180587760489073 0.102907038504632 0.236317819112415 -0.229974104731062
0.168344117035227 0.279929227356219 0.278794467452803 0.302800120514652
-0.110594517958932 0.653021427108738 -0.0936809204646873 -0.0783985849341873
-0.280426050417647 0.470108512746607 0.523804218009672 -0.423423407184135
0.10619650816318 0.285031185445366 0.312087150793224 -0.405330349408509
0.0796708110149493 0.0301978144006225 -0.184196270493792 -0.505398122473565
0.0519606075382189 -0.00489002639695508 -0.302982777247136 0.108740963249363
-0.0711850885923482 0.0128178907566567 0.0286652314735249 0.1827518552709
0.00146942464923328 0.131439403063058 0.159290092486551 0.0528061593359085
0.12771962196677 0.106070124503692 0.14466506100174 -0.0509781607135193
0.164524071173061 0.0354849291296118 0.086625994506038 -0.0903871860905463
0.121865444012765 0.0401360242619832 -0.000358910150361013 -0.118072928808446
0.0591029798668099 0.0489965594504125 -0.00279873858301439 -0.219211288625992
-0.0101052590807846 0.0304875013563153 0.16310642500817 -0.157282074858116
-0.00985325542126218 -0.0879983794248527 0.0131415595622489 -0.0137108808892511
0.187348578446038 -0.0212343800719912 0.18214309609359 -0.223584229082178
0.259425398325217 0.161602458507449 0.154608103366439 0.171920370508462
-0.0430626876822762 0.563072942310497 -0.0279694857773061 -0.301739250196125
0.0469615415604633 -0.395709508893666 -0.0366572735956449 0.440655983042139
-0.275134096656426 -0.104097170021817 -0.0571258543905021 -0.0551678315891824
-0.135133812434812 0.13678921220033 -0.148918233756298 0.187425505624182
0.114328398450367 0.149563643094345 0.0243584115158783 0.0203571445324014
0.16926467485219 -0.0930201814099609 -0.140342641104828 0.119793021523641
-0.0100382177265909 -0.141939325119455 -0.00986140257698386 0.19766907777751
-0.0918470291456849 -0.106801049912995 -0.0142631788339293 0.0975386310742415
-0.113744245407672 -0.0800608708000696 -0.143807891088433 0.0669232580502889
-0.0875802579121479 -0.105695203587902 -0.20507656255625 -0.00173515447792127
0.00420659263531226 -0.138356660408356 -0.166275368740249 -0.144292542264495
0.121941774057814 -0.0652201435059314 0.0404236862481634 -0.21864691586023
0.0478155838626418 0.10379894109584 0.342776307116517 -0.00618978379996043
-0.0535868672782293 0.0382835702270336 0.160015526519895 0.566177730963695
-0.163780287153305 -0.0138296267283966 -0.439905309548177 0.470246739842857
0.0240575182706523 -0.271023275712739 -0.655403127501621 0.459999526608237
0.0436449270041494 -0.116588018626819 -0.0817444195329371 0.475811954225487
-0.168272478720758 -0.0655340563545405 -0.0868881205945229 0.0134301684267486
-0.108663925034176 0.206635397390014 -0.151666954945331 0.226800458309594
0.225006190067491 0.177286134955423 0.0923813661472692 0.07952884688801
0.2806055676939 -0.158641597808945 -0.0684185103625784 0.075236674689755
0.0325124624328134 -0.227925226683209 0.00367125825388608 0.138885039573997
-0.0601228534956245 -0.155548925758823 -0.0326722345526255 0.0498041286309152
-0.0491681119558797 -0.0933930798914713 -0.178777216216063 0.0308808420925728
-0.0260359836239145 -0.0793353591426008 -0.238370141773957 -0.042513279933491
0.0215353360372451 -0.0984820207559958 -0.179932429743432 -0.192666815205422
0.14723978124153 -0.0698819561161207 0.0517090272942172 -0.256357609456094
0.11135541910907 0.192102810924239 0.359253484164704 -0.00749012803611561
-0.12159441183938 0.0918902958506982 0.184091946770489 0.509060749171524
-0.155197881370296 0.146460700720901 -0.388340246272732 0.557634472263049
-0.188890938601596 -0.0555083628838934 -0.689766350861428 0.481997093281669
-0.00242656694721162 0.210327094270878 -0.107833063036129 0.379950931244478
0.0440257257397577 0.0607149608768076 -0.173861537727537 -0.0313863477105443
-0.0409490065830222 0.174699490416951 -0.2430221170409 0.277262414372933
0.29426221852259 0.1787070264442 0.158072586882153 0.207023954778136
0.336972515876513 -0.207229257810313 0.0611852024786879 0.0257731189188131
0.0586854437567086 -0.271340320159325 0.035028169765641 0.0377594805295211
-0.0200800346148041 -0.173754717132255 -0.0445294486257743 -0.0242643105204762
0.025876170186917 -0.0950617887218041 -0.185568618927355 -0.0107762456156676
0.0454098831585998 -0.0505988119583781 -0.241271737954431 -0.0592854223052195
0.0551259127619775 -0.0494086301597228 -0.195281295439499 -0.194830960523748
0.168472383312111 -0.0439917533255105 0.0070141275134474 -0.284042854070625
0.164914827933775 0.260404902745997 0.356333192901821 -0.0956309236982464
-0.184484278936304 0.191148012603498 0.267696560759628 0.395473203624317
-0.150977413505188 0.225517324023131 -0.201149130440115 0.620539845828524
-0.325680944973573 0.163218219495901 -0.622858220506519 0.492766515582787
-0.12443223442667 0.485240043392932 -0.0909693791643646 0.185838308971461
0.178146906628587 0.287716678888603 -0.237731603126309 -0.155837834863277
0.0996054683138659 0.155811918158253 -0.380607875201228 0.243091342328877
0.329607210008814 0.14613818886226 0.145965386864267 0.348836722869284
0.328001422983061 -0.228885611873742 0.196240110782329 0.010506995979528
0.0700794902771259 -0.248309899073248 0.0833014515050193 -0.0653466595987558
0.0255717888241671 -0.148796133832489 -0.0431217722986309 -0.100547732998104
0.0953453294751482 -0.083466417899881 -0.166823839698836 -0.0509052931192229
0.110472415124548 -0.0331818226896856 -0.209444297079384 -0.0634703201908289
0.100264560257344 -0.0238570325814075 -0.192421303110622 -0.169842171359086
0.208663131909184 -0.0122881832878824 -0.0444923925373098 -0.280571372977736
0.20756705773503 0.304101777641955 0.302271190629495 -0.205369920343413
-0.167627873783727 0.281895293388326 0.370224166813859 0.227462857243678
-0.132608427540538 0.294859839680749 0.0344082752937432 0.621164762227092
-0.365535580356297 0.366342663796617 -0.486744853620245 0.461249463650291
-0.290719583598119 0.639715972297576 -0.00868529547074991 -0.0484261415856346
0.149324250415929 0.487406635141088 -0.2314437913565 -0.295964275306619
0.206008190341939 0.207007365473575 -0.470351877113807 0.114303777075888
0.340519106225648 0.119013499263758 0.0522561499424935 0.432897014142435
0.266286483476803 -0.209196030675903 0.272065135106425 0.0389337504162523
0.0624527325750028 -0.164887358679576 0.132760673985296 -0.1254089880638
0.0775380960711306 -0.0847544552895094 -0.0219519879483648 -0.152263113714886
0.148937187861767 -0.0608766429236197 -0.122875819768102 -0.084252847422138
0.153250694497517 -0.0306302085917063 -0.155043449185961 -0.0701309666848395
0.136363492075511 -0.0285415106675168 -0.155788141962538 -0.144732749743589
0.245530810596116 -0.0063618874124089 -0.0526339776365709 -0.243828269994593
0.225220152508323 0.292216252732256 0.201480746712789 -0.241552669108666
-0.0608231434302409 0.299480371541345 0.397405477979779 0.0208753744341059
-0.0630249540698475 0.354529653927233 0.232443425199325 0.553809721086241
-0.317976305929651 0.533590706062041 -0.327750213391315 0.348448900889755
-0.418467424842058 0.657591220256269 0.14474924975652 -0.250335385276438
0.0549545147098014 0.568086395335328 -0.123453171506527 -0.396552200108122
0.224033682655298 0.230855231847596 -0.472185067454541 -0.0983480488598283
0.285126459294199 0.0926075165268688 -0.0899358552798076 0.410144835415213
0.16296508115323 -0.146453239410483 0.254121883599594 0.0894609873934882
0.0404359686775257 -0.0446815960383304 0.162474515511065 -0.117841295422497
0.119515547331981 -0.00197333638511621 0.0210808851727982 -0.155916562189687
0.180833972898211 -0.0314120640009353 -0.0573757295903967 -0.102351387918123
0.162687552625205 -0.0257754825866557 -0.0929148492269734 -0.086101742096664
0.140238450709222 -0.04079974805235 -0.0985459973225106 -0.148852618743346
0.22871591692385 -0.0129787194036898 0.00567346857644194 -0.19974482386112
0.189866011601849 0.197042975164408 0.106191685116416 -0.176738016413469
0.0791429876733828 0.224497577186481 0.32494287813489 -0.15245425346877
0.0511123087402575 0.357163722679927 0.322850127792512 0.427095960078554
-0.212398762915337 0.63405493400756 -0.190720714248962 0.158203102826846
-0.423317951148095 0.591155366277955 0.335121056367202 -0.372436614391282
0.0409116876143613 0.500084232405492 0.0771427190009585 -0.416600299237257
0.169787832448503 0.148468723616753 -0.344261772726417 -0.321052625738002
0.16602985741352 0.0561280500504842 -0.219367986683518 0.273950069160293
0.0359769997928111 -0.0615580214203445 0.15325848205729 0.141815842964502
0.0169100193841138 0.0676332281980289 0.168231737656078 -0.0475183096163584
0.136276095669859 0.066256151066565 0.0799595025859574 -0.115216503136744
0.185787440388155 0.00138690547483726 0.0165397047236833 -0.103530776472375
0.147908235143817 -0.00606282956082709 -0.0391380189555952 -0.105841784126667
0.109057945149831 -0.020087404593681 -0.0404200408171506 -0.185267016944869
0.134670417067717 -0.00749556334752151 0.0972335415401468 -0.172353342494838
0.099931777507068 0.0452658167749989 0.0458305823279808 -0.0735754938641337
0.180982148975241 0.101653363576881 0.233477236633045 -0.231271869465717
0.169527098779053 0.276219467806154 0.279692048969781 0.298276629318696
-0.104042227654402 0.64984313353834 -0.0932431490861038 -0.0783470753740324
-0.281532750899494 0.469922992019127 0.52183396892629 -0.424514741041945
0.107489583373581 0.282812968551812 0.308487500133657 -0.405747314807468
0.0791400488710178 0.0294113067523886 -0.193820058574461 -0.486083984971171
0.0523967515398739 -0.00552528605860121 -0.299201493682277 0.110752707785454
-0.0708209072997461 0.0134180456286486 0.0314188238286077 0.180970362908816
0.00383370134732091 0.130295945067122 0.158665829506636 0.0495951941873464
0.129603699865942 0.107115897155541 0.144177437438426 -0.0506621296112921
0.161933514811185 0.0325653957924463 0.0868325605896222 -0.0906349898634852
0.120828286481225 0.0385640960638402 -0.00142254342446388 -0.116804868599711
0.0589459790346994 0.0479879227210179 -0.00818461209960353 -0.217026789274948
-0.00946318850559631 0.0303624521037318 0.158402022631868 -0.158524269217726
-0.0108293768011113 -0.0874173702385489 0.0131768346448962 -0.0146836822796912
0.184351062065494 -0.0238996746536947 0.180948260010129 -0.224695216949439
0.258367827841216 0.156217858753175 0.154941128796976 0.168798011876925
-0.035760786340726 0.557924940347998 -0.0296887973689186 -0.300685912302447
0.0443024678196744 -0.392382470801694 -0.0327848389144041 0.437620140225051
-0.273867865947233 -0.100345306335548 -0.057715212311931 -0.05392458245094
-0.132512181955303 0.137206671023305 -0.147043460617483 0.187812578692189
0.11525036420014 0.147054230395053 0.0244107146692099 0.0212176211616694
0.166842562872795 -0.0943626456348414 -0.137413993349025 0.120127677876309
-0.0105807870862107 -0.140445535043158 -0.00687872811847496 0.196187896376179
-0.0918054534067763 -0.104424414625346 -0.0132590736572101 0.096019517325076
-0.112984863511505 -0.0786370480205809 -0.14209506851405 0.068581328167999
-0.0885057319941123 -0.104464895044845 -0.203479575518764 0.000511619163772175
0.00299269272636119 -0.137751503431388 -0.167334184750803 -0.141780100142622
0.120910839426691 -0.0660540165583458 0.0378571139527726 -0.217260853780913
0.0492854880662102 0.102614215548641 0.339128260421191 -0.00880335210144229
-0.0534342723389071 0.0385596550702114 0.165549765917026 0.560369494979712
-0.161945643373403 -0.0122776532608037 -0.434725794138385 0.468470900122489
0.0219935417191795 -0.268709761799563 -0.646100480711325 0.465885552596031
0.0420554362541208 -0.116472681748339 -0.0754780327934351 0.47285412196269
-0.16774295780837 -0.0623711501818149 -0.0862628786279368 0.0141602058441828
-0.105512273924776 0.206263993876503 -0.144197698905364 0.226222516395514
0.226428406814901 0.172930825122842 0.0923146108204125 0.0794586269199808
0.27697233805785 -0.160662095351348 -0.0657437549962489 0.0759435496992513
0.0293598104770152 -0.225959224760244 0.00521000720049778 0.136786778396263
-0.0603080379526462 -0.155380168466466 -0.0320434946111656 0.0498376437121792
-0.0490738763934895 -0.0928295180894042 -0.176196925024186 0.0325994841459032
-0.0266017707262864 -0.078546037817742 -0.238193856106227 -0.0388381398754294
0.020603487112827 -0.0976485166209033 -0.181647063286276 -0.189539410221266
0.145194052896154 -0.0705471522559595 0.0482724480517761 -0.254548569413981
0.112533212422264 0.190238655022337 0.355571506937737 -0.0116179130577031
-0.120179692387054 0.0930724450888951 0.184428048415202 0.505199612676208
-0.152980442959396 0.146286220777632 -0.385071174557891 0.555482138373196
-0.187516179035415 -0.0532617844243381 -0.680489760019753 0.484658481363536
-0.00166572613685309 0.209912868291069 -0.104706169873306 0.380144343661964
0.0438997734038124 0.0599099838857536 -0.173507924759449 -0.0302229914218956
-0.0382317437458033 0.174719734121672 -0.23766956773584 0.278292281852317
0.29340262039248 0.17308677401739 0.159182645295491 0.204415725423803
0.330056811796322 -0.210795038899245 0.0617856808164686 0.0253720153413513
0.0552324242463557 -0.269740180094405 0.0353169738096829 0.0367316705241596
-0.022133005262211 -0.173324801099552 -0.0446366568802604 -0.0240625589394727
0.0241089499418378 -0.0949231825896404 -0.184929132248096 -0.00935005321171706
0.0445433847454961 -0.0510930542306947 -0.239568194053662 -0.0571146700287399
0.054311392995041 -0.0495032058684078 -0.195682151704715 -0.191102452666113
0.166605739003019 -0.0448427946697509 0.00481784207875924 -0.281496313547462
0.16743541840718 0.257135900837564 0.35253201599524 -0.098651424947518
-0.181537327715415 0.192216591420137 0.270520697050616 0.390286504136746
-0.146325607051197 0.225824693728466 -0.196149196962547 0.619088465863389
-0.321870176445582 0.165311783171676 -0.612792347934983 0.498017210494499
-0.118128403986838 0.484288601164755 -0.0879977221024561 0.185185327879933
0.179258251962708 0.284024573629152 -0.237308455364798 -0.153083927964052
0.1007461966033 0.153887566372451 -0.363863285818861 0.248387292204384
0.32948676187059 0.138833180875336 0.148974197916761 0.345624147785062
0.323433664264822 -0.231060849165281 0.194809986608585 0.00753496838235882
0.067404468270219 -0.24826359846015 0.081962278698694 -0.0659274653229039
0.0276351947418251 -0.147528063841689 -0.0449257406874456 -0.0994778319509597
0.0935046891340383 -0.0840749501368003 -0.166475081271668 -0.0496694612566872
0.109597654023195 -0.0347002954743363 -0.209979296831332 -0.0608314028141392
0.0992315379081685 -0.0249360707541421 -0.191701766431893 -0.164866425241269
0.207045986258633 -0.0162594457136198 -0.0470600241154005 -0.277799995177373
0.209132797105926 0.299725936247766 0.298634730462917 -0.20756534703377
-0.160162973612498 0.282421186340179 0.371122351885976 0.224406943284532
-0.12935850524283 0.294266027730502 0.035210914512081 0.620125693255711
-0.359468857890092 0.367961016237105 -0.481402957154328 0.461834852001715
-0.285473315096229 0.640459679154249 -0.00846063923771295 -0.0486890843390973
0.15193290225317 0.482543388847056 -0.232249036142289 -0.292201386927934
0.206321319277603 0.203580242192229 -0.467670706307558 0.118759913435688
0.341280810253419 0.112599208000123 0.0562731057208987 0.430013261737675
0.262451814562692 -0.211045111428036 0.270525964937223 0.0352002485241587
0.059831586194009 -0.162676111735623 0.130098078363084 -0.126326787569379
0.0756473407173813 -0.0850104598353526 -0.0239054995602926 -0.15063153268244
0.148095381334433 -0.0623502859944129 -0.122241771706815 -0.0825614788813417
0.151905563434555 -0.0311534880500087 -0.154423331283835 -0.0677391138975355
0.13550179504802 -0.0294732677459595 -0.156355976694845 -0.141658060039993
0.244129163196234 -0.00799031885966604 -0.055592757100189 -0.240606043988068
0.226652280853224 0.287994232324397 0.197223107645426 -0.243947611340902
-0.0568616185094304 0.298724159549041 0.395365666820151 0.0170024813293663
-0.0600922693689945 0.353858675470874 0.237151120589069 0.547314816029251
-0.31154061875773 0.53091705083989 -0.323659284350279 0.347367304435143
-0.405975125206024 0.657355929023338 0.141898556486862 -0.250278344182747
0.0586799906059252 0.564154964884765 -0.127198776566709 -0.391117245799045
0.224497599769402 0.228110161638344 -0.462242471606091 -0.0827988750867515
0.284804867883062 0.0908985074321915 -0.0837676123827978 0.407065667379026
0.159338650214086 -0.14859233813381 0.253627155889748 0.0866396474713322
0.0398566030001406 -0.0448865930294852 0.160447558184528 -0.119628134102351
0.119757203149685 -0.00277016496439586 0.0202872297153674 -0.155635034162169
0.1780759610755 -0.0343801533761499 -0.0583990212000137 -0.100866280036064
0.161974074137612 -0.0268525545571403 -0.093384537386312 -0.0841074786083426
0.140522728964274 -0.0406799571897238 -0.0991070703764225 -0.146797457346157
0.227726007635077 -0.0157407748592741 0.00325537903429649 -0.198145293488247
0.192080965980586 0.192974376363508 0.102530978400604 -0.177412596806081
0.0841581460305664 0.219968802887201 0.325226072160131 -0.15251906961686
0.0541489411248151 0.355381508083114 0.326053191402984 0.424737251469575
-0.205701572451137 0.632705143145812 -0.187915106451106 0.157831099761074
-0.409766124010101 0.59162022254236 0.329301944667574 -0.37474367881961
0.0441534063362222 0.494981007126415 0.0731758653667348 -0.414065707439115
0.170273333481027 0.146683771216452 -0.345460834945709 -0.315955996959244
0.166608075041473 0.0549357488469139 -0.213296174439304 0.274575114644492
0.0352164686710133 -0.0619099920134941 0.15329829067581 0.138885468101311
0.0183453233712256 0.0663168783679192 0.16544597163727 -0.0499321124280563
0.136337348612534 0.0639337644551948 0.0782080053323585 -0.115422302326765
0.184105966095953 -0.000971914360901984 0.01531703058423 -0.10381824145847
0.146962684538861 -0.0080559041258136 -0.0395941849557367 -0.104891667221992
0.108053330381745 -0.021454332116915 -0.0419361329588754 -0.182756015441684
0.133427419901651 -0.00936380611319194 0.0939380318421433 -0.172639720830786
0.100372995009812 0.0452152212914276 0.0444286670314138 -0.0747814340495527
0.181229377499494 0.099594537160418 0.230211236153461 -0.231997114883518
0.170214465001542 0.272154423970375 0.281149045784203 0.293995457137094
-0.096583623830132 0.644411719654643 -0.0947903671062275 -0.0768247620952945
-0.271718029626541 0.469531358214611 0.512685534366239 -0.427406667535269
0.108650411352553 0.279673802949806 0.300075949138808 -0.405281490936309
0.0782577029747143 0.028367897112418 -0.193209938969001 -0.486389693865461
0.0514395554691016 -0.00621438412003649 -0.294601374635527 0.113048433009136
-0.070303964691943 0.013381276518987 0.0328909361410373 0.179462878236379
0.00543181850489155 0.129092952417206 0.158385916962357 0.0471513556666717
0.128033286864466 0.101914291238497 0.142775710987659 -0.0522574309734652
0.162181859312638 0.0309567968432807 0.0855499995187194 -0.0914175092164612
0.12119300386352 0.0380152599026512 -0.00346298626334861 -0.114904251717335
0.0592009922549513 0.0476254197838845 -0.00994533703717684 -0.215026942385619
-0.00953069756285744 0.0299124054009317 0.156385130058591 -0.160320402211239
-0.0109777358368512 -0.0867752326294446 0.0130618331803173 -0.0158245283951505
0.181959311214171 -0.0258705406937525 0.177963376113403 -0.224630157857371
0.256903305751198 0.152466179956031 0.154888139260686 0.166833541649691
-0.0308114359881515 0.555098806777462 -0.0328161925095568 -0.297828076855161
-0.250235157795365 -0.300716753311805 0.288665874054236 0.329349830797698
-0.260813265553069 0.12341686654008 -0.0771351642385 0.00546808627765601
0.00244514406801242 0.189409865492728 0.0331728894129224 0.235259177298663
0.184173162679114 0.0198147380073918 0.0329745410083841 -0.00339243299582134
0.0462211419478758 -0.187103470977275 -0.00948892028568047 0.182337552333605
-0.108955096216763 -0.0902963096073829 0.135740037341766 0.140622128632979
-0.139535069043231 -0.00729885210542415 0.0592974523961977 0.0773414310647792
-0.135214177412731 0.0261818567688488 -0.0490623893104925 0.148487154906557
-0.134069115405228 -0.0107303957366563 -0.140720645399062 0.144622887922408
-0.0941149266848923 -0.0974883268692815 -0.215024179390957 0.0214781933079598
0.0389571470297919 -0.129300612004519 -0.127748317605239 -0.17706979000432
0.105748790025948 0.0392395548994583 0.228695532377514 -0.245440944055016
-0.0147581245167372 0.0671329784680983 0.507660236301632 0.274543955929725
-0.124506637763172 0.101920643076626 0.0309409395395011 0.629722065237672
-0.177703700587931 -0.211085840363925 -0.118156919008733 0.781745184453097
-0.0566745690323485 -0.107751517953453 0.284274539321218 0.380689030248327
-0.16034208524536 0.0750196542675037 -0.0491704572736425 0.071694160029495
0.0708048402439068 0.219024802822767 0.0597181523002362 0.261772721077493
0.280754819304134 -0.0396249785169653 0.121262522145369 -0.0129121367310701
0.0764792318116557 -0.312452863169284 0.00747329484660643 0.100193937666874
-0.143691737585707 -0.179102869450048 0.102192676544331 0.0915977621996544
-0.151893750947224 -0.0645507827118492 0.0119807562407816 0.0578444529662882
-0.10061694925283 -0.0299411473322409 -0.0981036468168648 0.149155300758034
-0.072996795413279 -0.0367680713734451 -0.191045282366634 0.140920566236794
-0.053294549898573 -0.0835611981958522 -0.258170644263748 -0.00245153313923043
0.0529356927909451 -0.149973777129453 -0.146046948890945 -0.208549454098773
0.211507812491788 0.0556628236724921 0.238485491724861 -0.258099647172059
-0.021856460088262 0.151972215029022 0.483770912068342 0.219303164755064
-0.0078727549404409 0.205923570128795 0.12835833584057 0.655272535772331
-0.171835260487137 0.0890248473248337 -0.122455963495145 0.817021320835185
0.146192771387105 0.150795236522989 0.198372082249672 0.335652093699169
0.0736162379283762 0.0090956799565833 -0.141684153218498 0.101779582136518
0.0948626258139354 0.147574764436526 0.0331661049455545 0.363259538440528
0.326832774008969 -0.0873813638455528 0.256977447328386 0.02661573629688
0.0773649339420062 -0.384065100705277 0.0589142787161899 -0.0264115825446694
-0.156675989459331 -0.22844963615075 0.0497503764006391 0.000737020456642323
-0.13923212405514 -0.104704339211086 -0.0487660005743526 0.0159232846413416
-0.0508323311317537 -0.0840067847582955 -0.134170135821001 0.125711843682219
-0.00371279564785474 -0.0675473657912435 -0.205988929600003 0.129721086226677
0.00364763973395532 -0.0739507056538781 -0.268678448885836 0.00687495707254407
0.0863235415305179 -0.146930472932077 -0.195834614431297 -0.196496327569864
0.297236688998106 0.0619945276526575 0.174562493090235 -0.319345939960441
0.00761765089795044 0.264322678398826 0.462235012970649 0.0805211584943831
0.0512631364587869 0.259528866364639 0.30041696353035 0.565732189630839
-0.110411606349752 0.337809151198037 -0.0705309698284546 0.779511999811343
0.259905496895496 0.429137969012665 0.0706966258254391 0.188008342503622
0.326136590826201 0.0691052243557749 -0.272782568574529 0.0614219681551009
0.177710814199454 0.0346767384177049 -0.0755147541487584 0.431904681539704
0.328232275908238 -0.135135799724268 0.350708258691524 0.12923647086785
0.0581452517126448 -0.391967181715172 0.138679390142018 -0.13423738455936
-0.131753493520416 -0.222334547216103 0.00665294112892298 -0.104394434888545
-0.0862563440157101 -0.123497124827549 -0.102974252151929 -0.0369462433056683
0.00479797022345253 -0.125939942813508 -0.15083808248873 0.084087248603307
0.052740963238931 -0.100625672236796 -0.186511600348624 0.104500834226064
0.0528959160446041 -0.0878823251137239 -0.247167275890466 0.0236383030639287
0.132754186280003 -0.156285730570599 -0.227924434411536 -0.158023619770257
0.357620106707559 0.0629597206061336 0.0599260906309605 -0.354990843844908
0.08773008999562 0.311764865963203 0.413772880263646 -0.106996022786725
0.111481993179476 0.296051471538728 0.461401313829908 0.401510326948094
0.00682344460298301 0.508659197305883 -0.00352675711576633 0.659994888954899
0.260119004335224 0.640136637341106 -0.0377141953614306 -0.0316471849755105
0.449280114613681 0.22628674236008 -0.369166604164432 -0.041394322575699
0.287760647968269 -0.00598269951973695 -0.24024114312445 0.413811134618439
0.315008829926193 -0.163747151110946 0.34778504309675 0.254023655260537
0.0296562882960691 -0.334028667420688 0.211170055420242 -0.169251721383657
-0.0762436537091504 -0.157672295426821 -0.00219161096252917 -0.181196009075238
-0.00733716128095838 -0.11415650311873 -0.124812812599193 -0.0862765995280339
0.0581578991842909 -0.148878539916321 -0.143320317770595 0.0292566436141968
0.0841799003745883 -0.12835307627465 -0.153790287005643 0.061168921651564
0.0736130048072039 -0.116452304392289 -0.207180317168044 0.0119639632797908
0.163429381717619 -0.176399411749256 -0.207934957259875 -0.128187834200481
0.360640753412681 0.0406663441758578 -0.0352778203695802 -0.30849312433462
0.172422349657246 0.2503994031352 0.285943874291685 -0.267248368498428
0.202692344980358 0.290576523211453 0.549653049665546 0.211479480157333
0.157686953401841 0.590115313394567 0.0258028776158101 0.471225832631784
0.193857151332062 0.735402517278903 -0.0778601387425752 -0.274911859516138
0.442005447479159 0.348868497528125 -0.364022669060818 -0.182517140106074
0.318172515889399 -0.00136143597569967 -0.383487774094899 0.269795728370747
0.265193750707646 -0.137735135816415 0.235923196833458 0.339107680471928
0.00408196349195061 -0.21555605331794 0.237741225221086 -0.120675578439597
-0.00314214445419761 -0.0590106743695598 0.0245767755221455 -0.198514865137189
0.0750651794027312 -0.0882481162697283 -0.0983287733941862 -0.120893042186686
0.101920545194657 -0.150863872411361 -0.112298976559935 -0.0289000521709406
0.0930879087636531 -0.133237034898024 -0.123483248336702 0.0064371903313205
0.0695340591210655 -0.126541349888892 -0.172795240034356 -0.0333148291678965
0.147273888416488 -0.170833991246002 -0.13887394534167 -0.139809649821631
0.269568723111289 -0.00153036317690688 -0.0541718863296184 -0.196636053672473
0.217349390783889 0.0964583563137593 0.118213804867179 -0.33482822666986
0.284427903456246 0.211009450523659 0.52382223868144 0.0651752073342413
0.305204863447993 0.588998094454981 -0.0151752765228655 0.241027377961781
0.143238160979224 0.692508868864049 -0.0346934902078047 -0.497317450079435
0.383924266606809 0.312292454723314 -0.241424500459843 -0.341872417889439
0.223972970670692 -0.0190036440961048 -0.464858556656313 0.025353373990507
0.15293749811271 -0.0828490515400861 0.0493198473939069 0.341197228527554
-0.021148256489511 -0.0671559203141255 0.205438767695366 -0.0141159804565018
0.0601249268585202 0.0344859822423573 0.0792120879229795 -0.15420026938899
0.141596583979464 -0.052949121366816 -0.0284229428529753 -0.137474684445954
0.127512121885477 -0.131265765876072 -0.063262949550812 -0.0840690031344117
0.0970992826907931 -0.108357812876374 -0.100714840054943 -0.0455173454408144
0.0595899978087154 -0.090182139647798 -0.157995968088274 -0.0959284078301103
0.086202436886407 -0.0989187767045792 -0.0571110484976422 -0.184983878487206
0.101371955495957 -0.040014602747 -0.0228976101052305 -0.0842943224563606
0.198884383180048 -0.0574722953673887 -0.00413563145462166 -0.324672914785271
0.308698960265008 0.073429701147456 0.401480086214743 0.00512809210597327
0.391176726667301 0.521345962427786 -0.118799483514924 0.0133099632258071
0.151993576732885 0.516769040331305 0.0479199353050532 -0.658948273321886
0.276205894212163 0.118814161420313 -0.0804712059584854 -0.495943522014128
0.0778927542408439 -0.0369723416949689 -0.486674437533104 -0.212299307296195
0.0310208077977031 -0.0425995326434209 -0.1218657029582 0.287797142650995
-0.0403288316894352 0.0601620766027633 0.151613200711526 0.10039637290301
0.0970007071454337 0.0867505752035843 0.144446824767442 -0.0817049910661701
0.158819482266559 -0.0223063262880103 0.0594771133535644 -0.139476366872194
0.13560137576775 -0.0937552766574963 -0.00670529995001236 -0.124691086360117
0.1105684508609 -0.058405530151934 -0.0829796777118493 -0.0783407880099143
0.0746231595563596 -0.00875830834539591 -0.157493943779486 -0.142720684581159
0.0145779805888235 0.0283452142295542 -0.00499729852296026 -0.220126803695187
-0.0682374768721663 -0.0526525772285037 -0.0028661998123061 -0.02005100322496
0.112321273612382 -0.145532056011788 -0.0369660761671341 -0.278700882543563
0.286038658516338 -0.0725689510779932 0.224429857906437 0.00516339880648586
0.376101298442485 0.412376965427941 -0.233711987780929 -0.181037840719572
-0.249405244332895 -0.296336354644361 0.289316088569701 0.324099802540718
-0.257843759451951 0.124984666318037 -0.0759388957333402 0.00529236166102242
0.00459897805204947 0.187194360708723 0.0347795158418236 0.23334215145037
0.183563670016574 0.018626587554009 0.0335056568886779 -0.00233394208680667
0.044143863667039 -0.185899886810835 -0.00662309629553924 0.180428751316442
-0.109108922155637 -0.0888333978126927 0.136459274672753 0.138112928582307
-0.137810063350911 -0.00620449035784164 0.0588001386524758 0.075902589530943
-0.133164573205631 0.0272403700074058 -0.047471855374241 0.148181056401292
-0.13368857483247 -0.00972206292598177 -0.137636327221608 0.144356664584699
-0.0940767281051643 -0.0964380053737267 -0.21314565352273 0.0227858128098638
0.0370494523064513 -0.128520359860754 -0.128019018765786 -0.173859827911107
0.105510151461634 0.0380656145445969 0.224012633399457 -0.244269561599271
-0.0141860755162457 0.0668209915097042 0.505424869912197 0.26748571303119
-0.123191188083847 0.101152953785717 0.0328328764998485 0.622966068736935
-0.176882689272519 -0.208371709499802 -0.112049562990065 0.775936486539945
-0.0556160630119631 -0.105200933186564 0.285294424383017 0.376177611670665
-0.158341616483286 0.075278902145136 -0.0482510782498333 0.0710999263121835
0.0729058716900749 0.216350581971299 0.0591600675355428 0.26314117563692
0.277892734011589 -0.0418709149013111 0.121162578459586 -0.0122383974815249
0.0702987139483996 -0.309587521769314 0.00886671922996432 0.0994224187710968
-0.143301154152307 -0.175967620592421 0.101260688699432 0.0901508668745911
-0.152193619015506 -0.0615957021724567 0.0120704270775373 0.0575316485070881
-0.0997727575740793 -0.029668981729918 -0.0963333322840575 0.148937065055695
-0.0724981965080062 -0.0359606464925138 -0.187662864800465 0.141587376840294
-0.0535565226107561 -0.0828416589274384 -0.255420806734272 0.00137941935615268
0.0508710081970084 -0.148819541299366 -0.146182414626794 -0.205926170595942
0.209605629211484 0.0528092083149469 0.234756848307477 -0.259032965769699
-0.0206900740686701 0.15114253069926 0.479756145383376 0.211337051563504
-0.00612414953179685 0.204269547687932 0.130234251459818 0.645953532915059
-0.170129254879566 0.0894011772558515 -0.113880604305416 0.809008144295128
0.145365889624762 0.14749265847613 0.19850902387398 0.331190167999369
0.0737648208224565 0.00869968305895168 -0.140205106809682 0.101501584747012
0.0955509941498909 0.145760909952866 0.0358782987480809 0.359979940038465
0.323431538588803 -0.0901687771508551 0.25596558425573 0.0251002472137479
0.0727488489193587 -0.382956393323766 0.0583734627864479 -0.0266517740272171
-0.156960683595457 -0.225101478943052 0.0483724865323877 -4.31435661831773E-06
-0.138434280921138 -0.102529898056782 -0.0490306165869511 0.0167492953118528
-0.0509399106270605 -0.0831578988861375 -0.132409670634146 0.126137887537228
-0.00427704769415985 -0.0667889119193787 -0.20193590136458 0.130696816275198
0.0034271496378191 -0.0734855001034142 -0.266046371039116 0.00874057134070714
0.0833135668129702 -0.146868901014958 -0.1953928940006 -0.193105986175622
0.295510717703354 0.06012231671005 0.170034507786181 -0.318510805290565
0.00945971492599714 0.262572060620711 0.459434146495117 0.0741875553124814
0.0524145055422773 0.256548884333561 0.300312022473441 0.556901080765562
-0.107260849638921 0.335482048347408 -0.0650885740927285 0.772977810109349
0.260492607970969 0.421520046864628 0.0721697878652651 0.185698630611919
0.324248390078229 0.0655858140940464 -0.269953020150929 0.0628736320964288
0.178045146155696 0.032622278713901 -0.0803813324684532 0.433908630590802
0.326845660519718 -0.136492388656907 0.349895354288936 0.126523394639183
0.0532931459124258 -0.389468605074036 0.136631560111966 -0.133898502847608
-0.132281847960652 -0.218892815171344 0.00612945552826372 -0.103144055813987
-0.0884870895727089 -0.119168273798019 -0.103141080310216 -0.0356062025203631
0.00500870768286364 -0.126039630634013 -0.148879410178167 0.0853052550419638
0.052378511691991 -0.101470486964613 -0.184497482863187 0.105490750822326
0.0516636492958875 -0.0879064379961904 -0.245377608914242 0.0247474377270082
0.132676940983563 -0.155219842958988 -0.22762349147976 -0.153844733736824
0.355715607021873 0.058020815986971 0.0549081444060388 -0.351700480899443
0.0886239770623273 0.310772600352962 0.405972831800036 -0.111381236810699
0.113074111564358 0.294262690705792 0.460350596592839 0.391706919699218
0.00982159560497103 0.503346921647852 0.00393239255879927 0.652860434148729
0.263868734159827 0.631227777795196 -0.0376631688724181 -0.031554282163258
0.446835755531766 0.22094785891916 -0.365381659866968 -0.038326538277894
0.285326644499016 -0.00799133721045464 -0.23550560837921 0.412137786730673
0.311505455723638 -0.165900457673541 0.347688023379946 0.24896332454172
0.0259548427383171 -0.331261211107495 0.20765254146451 -0.170225480208993
-0.0762231313473603 -0.155099425708203 -0.00421006760055617 -0.18052783803429
-0.00834751369054863 -0.113181989647527 -0.124969670500938 -0.0840964741065499
0.0569373579169878 -0.149454224292323 -0.142101151820372 0.0310146677496363
0.0819667566658192 -0.127610029056361 -0.152218032806823 0.0617762352363266
0.0723322199838803 -0.116213456533012 -0.205354204900535 0.0142926992616398
0.160721821971545 -0.177234013727008 -0.20884469785572 -0.124487373651428
0.358879735222043 0.0358561966382738 -0.0386288845226244 -0.305970184851225
0.173437653813238 0.248047578478144 0.282243542329997 -0.267989411437513
0.202779046741833 0.288012697756589 0.546448881399941 0.206880465050004
0.160123953563249 0.583345623957151 0.0282059908302957 0.465396427945315
0.193123472736731 0.731224395374832 -0.0787671518605739 -0.272956918737533
0.442271902029334 0.344238374970516 -0.362679752709421 -0.181892545758285
0.3160836317884 -0.00461457926311033 -0.38965826754803 0.26945056826662
0.260076825120046 -0.141633753927938 0.235973491295675 0.337285450119862
0.00233790910944868 -0.214240999002703 0.234234501131893 -0.121927551185304
-0.00401951532118293 -0.0587956824990236 0.0212784368561426 -0.19763108830714
0.0747834822954598 -0.0875116301631499 -0.0988966028478796 -0.118722053008302
0.0998150364792613 -0.151308192618767 -0.111797506611144 -0.0273286033636324
0.0903759758238405 -0.132486990198962 -0.1218763694043 0.00650766801643382
0.06568826856183 -0.125845607644297 -0.171022583488462 -0.0315546230103367
0.142150430662975 -0.171436286811197 -0.139171121638342 -0.137394100850672
0.268713718990773 -0.00459808600145295 -0.0569672344559208 -0.195012267650152
0.216683487804353 0.0963317372028557 0.111454870856873 -0.332833819206022
0.283921633364632 0.209600622659829 0.518297174888146 0.0560059832441329
0.305923425985055 0.578023524769962 -0.0151143346416258 0.238933163643527
0.143432373589951 0.69319720527785 -0.0384706869093504 -0.492172874801359
0.382018393546994 0.307757813032943 -0.241259411582075 -0.338630442852684
0.221789434586563 -0.0209022871753492 -0.460834977105502 0.0286612739931321
0.150849575597057 -0.0838599408037066 0.051709062809467 0.336361736716134
-0.0210941284862895 -0.0666306821377599 0.203116399520997 -0.0152764591893234
0.0596745971081063 0.0337277703387589 0.0771231998784659 -0.154605975531869
0.139581541274761 -0.0535612772488048 -0.0299474330440491 -0.136038037805686
0.124837977144852 -0.132028933082879 -0.0637351351079991 -0.0823165750079232
0.0946176554400393 -0.108392179954445 -0.100241367791869 -0.0439649860819416
0.0588432449302224 -0.0906451168084964 -0.157359325022207 -0.0934158520519585
0.0834946020579287 -0.099190755656407 -0.0593825852556371 -0.183633721049993
0.100684045908082 -0.0408347200939001 -0.0238054301948148 -0.0843960270813845
0.197270643946826 -0.0582645575302099 -0.00629362697467948 -0.322269930819723
0.308075357293123 0.0704187859672574 0.396923665934896 0.000727096924054804
0.391936476022134 0.511993370668217 -0.11761150343788 0.0132997919156644
0.152703285755525 0.513583605354575 0.0473314817819839 -0.656668014650121
0.273960307919979 0.116207327426327 -0.081256477758193 -0.493248077464502
0.0774828958579684 -0.037233207614415 -0.480879832524812 -0.201473469247119
0.0301375705471795 -0.0438033154037592 -0.117925400492111 0.28571510912013
-0.0393732845586636 0.0601206163724268 0.151309090823292 0.0990367764184953
0.0965308789554955 0.0853984317794708 0.141318396333396 -0.0826821620611475
0.160897823710781 -0.0214151313227887 0.0583139562488349 -0.138638346875282
0.131560566666041 -0.0931780852536614 -0.00710729881967337 -0.124170481689668
0.108315132750497 -0.0595905672935142 -0.0818967828616964 -0.077046756630659
0.0729472920975719 -0.00856130097506916 -0.158525303282052 -0.138839651479069
0.0137259612777655 0.027335665817656 -0.00856521831877414 -0.216910597850927
-0.068126789265854 -0.0519276465380743 -0.00351253727843073 -0.0204206172813282
0.11120200662599 -0.145702874832788 -0.0381900214190911 -0.277051671433807
0.283207820371024 -0.073708710574432 0.222007756804089 0.00241348214832923
0.375203923176163 0.403783866639475 -0.233272246748798 -0.179611950221914
-0.249693580319283 -0.292651403447382 0.289254780231597 0.320929556658151
-0.254200851327362 0.125965329436708 -0.0755281214970765 0.00608063089028091
0.00597345168732306 0.186190924755862 0.0351483808720378 0.232381667543857
0.182010648826102 0.0166298360411625 0.0340381023563998 -0.00193383000340173
0.0416138448738118 -0.184776494404449 -0.00445055398594625 0.178132613267169
-0.108477497289813 -0.0873136582569077 0.135907670097801 0.135676997080039
-0.137161945599457 -0.00485679416779639 0.0583962956980806 0.0749772303263422
-0.132097427852817 0.0283530521063783 -0.0462009511655998 0.147936899858636
-0.132443497234907 -0.00873466788920192 -0.136063318449097 0.14458528048393
-0.0939260281620649 -0.0953404778850208 -0.211065606606614 0.0258056434428334
0.0361160038233362 -0.127825233725776 -0.127378201081642 -0.171156846417133
0.10448817751959 0.0373263371366014 0.220509248385389 -0.243691443857279
-0.0137398800070587 0.065912645594514 0.502982026237132 0.260968704647148
-0.121033698434065 0.101114297480002 0.0362494786089697 0.617771531561223
-0.177262163143088 -0.204276912730447 -0.106958212865329 0.765977724044363
-0.0551711859913352 -0.105157742637752 0.285175593791665 0.371867423865894
-0.155253488039881 0.0767873995599682 -0.0479380568389813 0.070643774146753
0.0741142834675689 0.213796222347135 0.0624887203249457 0.25791878315275
0.274645024548147 -0.0451248527853241 0.120675033970605 -0.0126998202068816
0.0677303151916517 -0.307457891768654 0.0104012578138206 0.0977399368560189
-0.142862332854777 -0.174429209311553 0.100942748445338 0.0875999701935425
-0.150758253585635 -0.060764085767692 0.0121185001685081 0.0562856403934861
-0.0992302619208399 -0.028628238575004 -0.0950502180821661 0.148600951416017
-0.0717707995116713 -0.0355015018558716 -0.185099789948523 0.141700477382921
-0.0537912485425335 -0.0819052825998867 -0.253710677531775 0.00266955052411234
0.0503352714887362 -0.148445526395887 -0.147116063473467 -0.203260733927239
0.208853419215914 0.0509000952241242 0.229553895962055 -0.258429853507343
-0.0195499386265925 0.151233300635974 0.478014098781148 0.207045976055156
-0.00469920427566057 0.202648485382889 0.134970152024322 0.641774294238116
-0.168020429171442 0.0889392802520395 -0.116398749895489 0.805248808949957
0.14595778872007 0.144506826962492 0.200327468140618 0.325166611403787
0.0728201185654261 0.00878184733509369 -0.13912893243401 0.102037396293359
0.0967739019340619 0.143689883493804 0.036687998028937 0.357754017263882
0.320151611509264 -0.0923883100057313 0.254533178267221 0.0227155529340461
0.0677712614633413 -0.380295771143657 0.0580922029055421 -0.0271814690382313
-0.156602287920359 -0.222799528680978 0.0481560040742131 -0.00035809241382702
-0.138147515159657 -0.100901421678062 -0.0489441991241621 0.0172809940689644
-0.0512515668037792 -0.0830555557519163 -0.130393613276894 0.126452369877387
-0.00378497267609698 -0.0666921633693432 -0.199276991509268 0.130908032556265
0.00277711812771018 -0.0732594022568805 -0.264650587376766 0.0119053516070283
0.0822573278974941 -0.145922962066699 -0.195078391818839 -0.189255865430214
0.293539037474679 0.0573468469158621 0.165275260849522 -0.315309883103287
0.0114656706338273 0.260919192311573 0.455957171798984 0.0712803849766382
0.0540889461458532 0.253778373667944 0.30188971078987 0.550539043063044
-0.104917997514606 0.333650964176382 -0.0593015346736969 0.765112997862103
0.262185567968107 0.412049982239779 0.0729953148711414 0.182317626148966
0.322942030483392 0.0633314804550865 -0.268585834202541 0.063101191061346
0.176805455372838 0.031409021961631 -0.0760729447220063 0.431634401236957
0.320827035853387 -0.140861099199764 0.348125278311083 0.123645925209006
0.0485068450806779 -0.387427906980448 0.134907412841479 -0.134399331523481
-0.133073625251866 -0.216083825920956 0.00515563367797732 -0.103190302150724
-0.0892862150424109 -0.117866982529828 -0.102722678100029 -0.0339166933487878
0.0037811670234704 -0.125571766761003 -0.146637215752046 0.0855826780614844
0.0507606352874145 -0.101197893527704 -0.182056027405818 0.104671817091226
0.0518974314847046 -0.0876997097289297 -0.243998865662687 0.0252663960148903
0.130599166451395 -0.155421331220206 -0.22712757757257 -0.149910731753553
0.352713592897431 0.055108970568767 0.0510753153715448 -0.350035787162388
0.0898929391172617 0.308870850688182 0.4065844968077 -0.112797939974172
0.114452212754366 0.289714844545892 0.459459692928144 0.387719065388597
0.0123712289224937 0.4989037868081 0.00587027780584541 0.647694594890684
0.261396330288682 0.632536606521688 -0.0374963909886594 -0.0311721207000628
0.443572766429487 0.217467119410054 -0.363423424103056 -0.0337822892457395
0.282696255333256 -0.00985042422100157 -0.231227449558776 0.410928843297476
0.309016239987814 -0.167111455807088 0.34667993670489 0.244041403362608
0.0233738441684194 -0.329649539130988 0.204190182674874 -0.169495072719823
-0.0763118429486503 -0.153424094150276 -0.00569540675247237 -0.179158996103595
-0.00986576212058983 -0.112285545921052 -0.125743222011021 -0.0831796174474019
0.0548136818559046 -0.148423785741873 -0.140550952098069 0.0315582426984803
0.0809365182624925 -0.127384485177658 -0.150713196562127 0.062021989596939
0.0706978133593735 -0.115987510157603 -0.203526321751466 0.0162608464203577
0.158289057828179 -0.176847698727059 -0.207206668252815 -0.120729248673587
0.356902085451454 0.0323229858068307 -0.0408563054978523 -0.303320193216521
0.174676757477624 0.244676977882775 0.278701962889106 -0.269156625623387
0.203782010022434 0.283744871569002 0.542141407263025 0.200540138150428
0.16182410853563 0.577100159279687 0.0297839212356671 0.462001464419414
0.188676768595128 0.737537893936757 -0.0773656330858015 -0.272030421102636
0.437776548984778 0.337071791000362 -0.361055186450457 -0.178021216440637
0.313138104499171 -0.00547235374731606 -0.381368692889441 0.270511147618392
0.252877809445387 -0.144439123656347 0.237677584903554 0.330337366384578
0.000786932809278075 -0.212557111525022 0.230878819426375 -0.122554305553569
-0.00508405598662281 -0.0576270541322713 0.0208282851131921 -0.196199387845755
0.0796752799835083 -0.0871844666160933 -0.09812214073654 -0.117462904857444
0.0951136322923491 -0.150965548461892 -0.111079143231956 -0.0265627576198047
0.089063800203713 -0.132833603235447 -0.120782622082666 0.00742046236961987
0.0638680730876219 -0.125327636131987 -0.168219355196081 -0.027624668371804
0.140236859568831 -0.170986764233647 -0.139351636294734 -0.133699343653262
0.266436752055613 -0.00673259640207492 -0.0586054296471079 -0.193831282472066
0.216183215044319 0.0940108924227005 0.108777879509213 -0.331795485288842
0.283320073734935 0.206708465433702 0.514093456069136 0.0537930135687573
0.305437809083836 0.571148914400093 -0.0147284898379782 0.238423685732372
0.141114316729071 0.693966101335182 -0.0395880144107193 -0.486701521951669
0.380254551453131 0.304343138741464 -0.240694464764325 -0.333508601724434
0.219776959872518 -0.0226005590903608 -0.45635173570618 0.0318984534648502
0.149466789832903 -0.0843522643876869 0.0543737578317747 0.333735161373501
-0.0219201019665966 -0.0657260548998027 0.202121160591809 -0.0170774548018095
0.060309776058239 0.0327806997343606 0.0751318733485913 -0.153679758884654
0.138673715073957 -0.0550160085945662 -0.0299771023140134 -0.134547136318495
0.122014333294307 -0.131588143937559 -0.06393681974332 -0.0814416880886963
0.0935356006224811 -0.108539962311633 -0.099289004968887 -0.0442690289488464
0.0578908891733542 -0.0890701730551968 -0.15657935365896 -0.0904633587106068
0.0816614515184417 -0.100045538275824 -0.0614717756632631 -0.180861033914957
0.0995294756929732 -0.042737338120255 -0.0250430333266494 -0.0840912762018421
0.195825508009873 -0.0598467820752354 -0.00851482664719611 -0.318996828220995
0.305068897559891 0.0678131368723624 0.394552580952934 -0.00144612838593904
0.390299225730889 0.505407112488341 -0.117747147246282 0.0143265460881244
0.152658886549829 0.513941115511789 0.0474797864343907 -0.654227427357994
0.27342166767096 0.114360008966565 -0.0806474161713314 -0.490995887298956
0.0761070297998428 -0.036809884234158 -0.473448232449848 -0.185665785079306
0.0299334350229727 -0.0436301294354339 -0.113642761071593 0.283063484603545
-0.0393060412369087 0.0594113678898084 0.15063630910217 0.0964598827944017
0.0963328124219438 0.0837367571644716 0.139055628448134 -0.0830080544169602
0.162793657761977 -0.0204307579940561 0.0591382110253416 -0.137555069604349
0.128483767306893 -0.0937186827788107 -0.0077364738410969 -0.123167933411787
0.107973277060658 -0.0588235300594282 -0.0817389380380544 -0.0761146915630449
0.0731858738491031 -0.00939738017754987 -0.158287370351203 -0.132692240980459
0.0144419298599369 0.0268868607884791 -0.0116014069169956 -0.215348667303474
-0.0675941323532146 -0.0513349238727193 -0.00470059321082366 -0.0212721039350554
0.107606018032853 -0.144929773539332 -0.0376705350733283 -0.277487698021024
0.278553258212473 -0.0755063800780372 0.220720508620256 0.00204147049073533
0.373135782900021 0.394103325352985 -0.234059924090123 -0.177653716932887
-0.247765220614763 -0.287526766696637 0.289724812320717 0.316764709929837
-0.250692879186673 0.126020899730723 -0.0751990464471187 0.00568014170668766
0.00646986442283624 0.184161341744468 0.036374058689561 0.229885086912818
0.180125787988527 0.0150503702028875 0.034807955818039 -0.00139277410855546
0.0403023433695016 -0.182594521909157 -0.00344060995872185 0.177107062058805
-0.107563673280677 -0.0861826791112724 0.135264817991017 0.132575310947153
-0.135986712350457 -0.00457876870715727 0.0582134294595744 0.0739607791605328
-0.130648615913261 0.0278228258489486 -0.0445845482578974 0.14694704952416
-0.131102604809107 -0.00672610961588256 -0.133664161566142 0.144354637407894
-0.0938311332448091 -0.0940974875075632 -0.209403855675479 0.0270258568952468
0.0353372502368642 -0.126907235985966 -0.127932096171097 -0.168453881823048
0.104079842408294 0.0375923084486022 0.217380376649119 -0.24294602528165
-0.0136342438411714 0.0661034851521912 0.499496369965461 0.257201879104159
-0.120120427481385 0.0999210520052779 0.0405063439886727 0.612035196546416
-0.176581963903694 -0.201954490702603 -0.102602085911226 0.763719765541332
-0.0559421367596478 -0.10187445000318 0.284610603426524 0.367518858468022
-0.154216198327606 0.0769016421995537 -0.0463249686572038 0.0703129885933261
0.0750068966258037 0.210682899182611 0.0648818210620782 0.252946361698741
0.271673866876323 -0.0473768998089585 0.119583346683438 -0.0132890446124385
0.0652459065614364 -0.306239870398564 0.0113417234784749 0.0967065052210351
-0.143642487184807 -0.171475161694896 0.101465222008533 0.086190990199507
-0.149710704097051 -0.060351277998996 0.0114154608613634 0.0560200652363235
-0.0981912559667208 -0.0280325241969142 -0.092713272978439 0.148257793908551
-0.0715721895293996 -0.034317372904634 -0.183136585619648 0.142464070006136
-0.0536740550140629 -0.0811656734866394 -0.252530941378512 0.00401323372207373
0.0491725672531243 -0.147726459745958 -0.146595183535909 -0.200010081137534
0.208057080737689 0.0492753542523144 0.226286705461096 -0.256194354774614
-0.0187077155457514 0.149963807232642 0.475277172421973 0.205063856311249
-0.00379934041884815 0.199551573584051 0.134655256974026 0.636543714045976
-0.165938336471911 0.0885849343320616 -0.109710812836955 0.798885074608971
0.145371167111463 0.143931615383206 0.199501989054049 0.323809179529446
0.0733795496660956 0.00802594675081586 -0.137191896641482 0.102063510666194
0.0969345798195329 0.141485945154363 0.0384648773039088 0.354579209090565
0.316367753400907 -0.0945499620369784 0.254203580259959 0.0223590265901267
0.063344975950003 -0.377108568638011 0.0574281454551191 -0.0276946109109394
-0.155881058408952 -0.219659645346723 0.0482534900794147 -0.00103253682365834
-0.13735283928914 -0.0993086132681959 -0.0490691597945031 0.0168845953241112
-0.0514449336218311 -0.0827091378768683 -0.128343430580706 0.126347565896075
-0.00471269795733033 -0.0671426976540415 -0.196524517039798 0.131792476315832
0.0028340356093221 -0.0732057053579222 -0.261364862606638 0.0133172481339733
0.0812982923575233 -0.145098286632002 -0.194104977430221 -0.185746143633841
0.292182889631936 0.0540588569781309 0.161978776997174 -0.313960514425922
0.0126974220688522 0.259162227816533 0.452450671401033 0.0691413030338574
0.0549850626751645 0.251442259823889 0.299993391856813 0.545603010250763
-0.102325276012743 0.330500023094588 -0.0563008796597576 0.759302270879228
0.262562202588873 0.408881808915226 0.073475144719506 0.181093368147997
0.320192701404634 0.0618196535876924 -0.266419411018987 0.0655152226094166
0.175822198877557 0.0305558419682567 -0.0658261580312412 0.424461975082717
0.315655468141143 -0.142885703375298 0.346766208960147 0.120431709550217
0.045718782049328 -0.384770036994049 0.132712808858244 -0.133573116073661
-0.132746243778262 -0.21292449746023 0.00437994199260506 -0.102292040303784
-0.0861373957219772 -0.118805439573786 -0.102553089333522 -0.0331134421959812
0.00178488507041956 -0.124005085675548 -0.145587434058951 0.0859550146538938
0.049669495822251 -0.101334459900827 -0.179802650329503 0.105556932905901
0.0501994749147777 -0.0879823007482211 -0.241012109389114 0.0280483605104312
0.12790418957908 -0.15568751120178 -0.225790040633736 -0.148030908269872
0.34968201526437 0.0514610370527388 0.0487298784072532 -0.347680390241946
0.093465863747716 0.30403547194525 0.403989819938273 -0.11289755671977
0.114467242877195 0.287459067563491 0.457204670558527 0.384913291445904
0.0151618390796808 0.493902844173768 0.0059897000781533 0.644198319006377
0.259375741297025 0.626305609758136 -0.0370678790373241 -0.0304064185564811
0.441287196356071 0.212824421833679 -0.360334170582667 -0.032780844113876
0.281010030518992 -0.0108002865980902 -0.227402325206524 0.409341481662691
0.305874123583783 -0.16780699011569 0.345899243148483 0.239615134891966
0.0215326951574356 -0.325644771170364 0.202625354898263 -0.16962019203483
-0.0775296026119042 -0.151485113414822 -0.00703966544413955 -0.177512360418043
-0.00989163822771094 -0.111245051483428 -0.125075452440882 -0.0816294738800991
0.0536212827330974 -0.148646141981205 -0.138996870892078 0.0320564357637248
0.080011517347161 -0.127518481066036 -0.148233457584103 0.062242773791301
0.0696806593455079 -0.115320388930145 -0.200780165654244 0.0176881744380288
0.154787058493609 -0.176314394306309 -0.206187755433331 -0.117985173166463
0.354074302681391 0.0291247669096865 -0.0431868696568795 -0.301950856129913
0.175297670114327 0.241631304841313 0.274828642473228 -0.268918739445579
0.202224758086223 0.281215573808661 0.538574048113083 0.196440408245896
0.162963465804609 0.571606894480763 0.0317518560118154 0.456316175785078
0.195224628366237 0.721501033494152 -0.0803843362689125 -0.268435007283095
0.436973886639986 0.333716526002095 -0.3575304361377 -0.172964929742514
0.310676752164042 -0.00637711062655103 -0.366317429100923 0.271655955865201
0.253412208128865 -0.14459683522769 0.238429920653987 0.324954117162631
-0.00102015220142255 -0.211931986477928 0.228022442912799 -0.122957149743286
-0.00527265671444635 -0.0570450523124024 0.0179572196725435 -0.194519535127833
0.0763086232231868 -0.0879648342108929 -0.0990873370872 -0.11636706323282
0.0937013030932341 -0.150610464076075 -0.11047971794604 -0.026472117723971
0.0897296506888463 -0.131647047717603 -0.119740625273007 0.00772691437770193
0.0645730964346312 -0.124335417918777 -0.167248097051884 -0.0271782012252274
0.138197998139556 -0.16974256522194 -0.139923462682705 -0.132502629824753
0.265260403300315 -0.00991562593947388 -0.0604994998765553 -0.191889381420336
0.215834017825897 0.0891291203219302 0.111138374068156 -0.33149267470066
0.281341595964708 0.202621351553993 0.512915322556858 0.0538739563845545
0.305286142841802 0.566900308905792 -0.0137299372562351 0.236194338915039
0.146953209536032 0.679131554660625 -0.041128157507308 -0.482339531267453
0.378698174993771 0.300978580111021 -0.24016828717228 -0.329604524761939
0.217924339674317 -0.0223613508652232 -0.45250236443008 0.0335373366888389
0.14716945067481 -0.0851408109344917 0.0574930891776032 0.329743424874507
-0.0216560285684306 -0.0651518831940032 0.20072510958677 -0.0183247304634421
0.0601291785306553 0.0317218430234803 0.0734557564756862 -0.153102232437919
0.137321601654694 -0.0546677326155814 -0.0304091124098576 -0.133034351381038
0.120515209373695 -0.13148584317839 -0.0633161579494183 -0.0805321311774546
0.09228380213431 -0.10779342029329 -0.0981724910058348 -0.0431142705184473
0.0559835264612697 -0.0894715503865567 -0.156041010490955 -0.0886928143390697
0.0799719451994393 -0.0997919907506658 -0.0618725656866142 -0.178341826008485
0.0991897535485612 -0.0442952982832372 -0.0263202696141292 -0.083816361198523
0.19447541492988 -0.0599902634502646 -0.00932794723789293 -0.317186689254668
0.302260736082899 0.0677747705731846 0.390541482219739 -0.00403992009628987
0.388960911632741 0.49715225330341 -0.116421424143354 0.0145347643930655
0.154296241739069 0.504706507795248 0.0392095334334059 -0.646716811159754
0.270433798226679 0.112641877912901 -0.0839313202976024 -0.484127143665809
0.0759736322014763 -0.0374386443001705 -0.474260994459527 -0.188635218243513
0.0291437855109184 -0.0437956743341034 -0.110046656574796 0.280198160513428
-0.0383038782234226 0.0596345692953879 0.150706405647595 0.093052013268882
0.0959111606929217 0.0828761983282896 0.138025791181616 -0.0840498738622571
0.156895470688243 -0.0236048766389917 0.0575451139026017 -0.137639046998863
0.128652134929159 -0.0935920640109462 -0.00899921259703978 -0.121899092365669
0.107434955444969 -0.0589852889098503 -0.0819479724492579 -0.0747140915209073
0.0725275506500047 -0.00877007490190284 -0.15828705296245 -0.133034712188454
0.013388837893231 0.027089510497922 -0.0132564018268352 -0.213485616796642
-0.0676823623352446 -0.0506281171310381 -0.00508673656014003 -0.0221295904337682
0.106045766469432 -0.14380597165849 -0.0405020122744622 -0.274142882937326
0.275689563008036 -0.0738420201545003 0.219537876892966 0.00146810879707193
0.371306036565381 0.392788611203776 -0.233487406755881 -0.173692607105296
-0.247270772177086 -0.284048957040322 0.288758826941036 0.311876588727068
-0.247649816990802 0.125644825661986 -0.0747700007849403 0.00640850977596416
0.00730347787480514 0.182131817495741 0.037077224953008 0.227915657865569
0.178189884624446 0.0139824418023646 0.0353493888647554 -0.000849548839116231
0.0384027089383861 -0.182136523035036 -0.00140700534078046 0.175633416487839
-0.106998529183894 -0.0845684397120575 0.135018499946928 0.129982614865586
-0.135722954534881 -0.00377574256623915 0.0573724734425547 0.0723958576018442
-0.129354196059853 0.0278681262386073 -0.0441355378133691 0.146372379620866
-0.129591210733972 -0.00769362029891913 -0.13243171810042 0.144458770437067
-0.0936161616171854 -0.0934089158717087 -0.206994822306901 0.0282275364819447
0.0342012695250472 -0.125547512836588 -0.127291038620552 -0.16598519291189
0.103957139676847 0.0365493926851755 0.214667592756587 -0.241204169664198
-0.0128251375394024 0.0654212391767089 0.495692754584728 0.250957667352763
-0.118470893190397 0.100097856368135 0.0391337085705573 0.606311810475741
-0.175301267197402 -0.198765233914999 -0.0986729573136776 0.756396764067733
-0.0554208278535707 -0.100441861222806 0.28434432373368 0.361844719336423
-0.151799292144448 0.0765798003071756 -0.0456853961325875 0.069368671915792
0.0758592276352053 0.20880973702392 0.0624746618867522 0.254692131172556
0.270141689555411 -0.0468514181839806 0.120116262170753 -0.0124439786411597
0.062245080590972 -0.304099905669455 0.0123442272991542 0.0952475665089196
-0.142570492224206 -0.169032709010415 0.100510576624371 0.0845852444452041
-0.148292228356818 -0.0584302600830398 0.011523166497141 0.0560429339327161
-0.0978877057672252 -0.0283060582497407 -0.091560049038727 0.14826602634666
-0.0711787430475631 -0.0339409884305253 -0.181054548931443 0.142331049804776
-0.053851555032261 -0.0806411567844528 -0.248556564208263 0.00533889174086313
0.048320366281872 -0.146100174634859 -0.146858195605671 -0.195753210435597
0.206360860107899 0.0483563565400972 0.222800233188108 -0.25558524118588
-0.0179585210814175 0.148808420946749 0.473103198192016 0.199935752918462
-0.00309749592245678 0.198399075408768 0.135132345288661 0.628445379580698
-0.163970001108405 0.0904799796537204 -0.104387031041116 0.791993083059635
0.146054225544637 0.143639564233432 0.199874178598782 0.321070502550051
0.0735741007463611 0.00765125541704949 -0.136099866910244 0.101513819659198
0.097266923818404 0.139410278352072 0.039321988298294 0.352946905978717
0.313102952622003 -0.095641505339339 0.25284762655448 0.0215158936820527
0.0618066712797375 -0.375987210988633 0.0574614269277241 -0.0283644505751074
-0.156972526132358 -0.217140113037336 0.0469964099877848 -0.00172304922695646
-0.136760110670829 -0.0982755885227427 -0.0484073105072355 0.0169923701909628
-0.051644952524757 -0.0816847312996678 -0.126500843108878 0.126363149016629
-0.00497613580739847 -0.0657017070619731 -0.194739556076844 0.130938374799336
0.00245202513068459 -0.0728001864800166 -0.260110960198398 0.0156936681112955
0.0799504798833199 -0.144309266499092 -0.193432750342558 -0.182857060559852
0.290300236721998 0.052237420129194 0.158501588521978 -0.31244136636711
0.0142782697690853 0.256853793932789 0.448636351816978 0.0668155317725884
0.0548169672558196 0.248891505353242 0.30065268755111 0.539426146878666
-0.099955413911613 0.327106707853594 -0.0520658256383231 0.75391941724861
0.260664202733283 0.408592541629718 0.0724783299244596 0.180433040745341
0.318186355380539 0.0589437923855548 -0.262480971357003 0.0654168240071276
0.175249071999006 0.0292043269618342 -0.0651456433225241 0.422436735841877
0.315389231488743 -0.141622819210971 0.345946864974815 0.116480750283737
0.043244999846822 -0.380786157849518 0.130530901876705 -0.133869553309506
-0.133057662904428 -0.210960551807291 0.00404031861303943 -0.101819724902237
-0.0863435502956942 -0.117407829285638 -0.102935851705812 -0.0324150550476326
0.0023304025254473 -0.124833040571801 -0.14432538419082 0.0868056507890307
0.049002625701823 -0.100821301799595 -0.177580864147292 0.104999938980365
0.0502288901287537 -0.0878151244278809 -0.237329237352182 0.0291442776562471
0.125129741430999 -0.154891363539884 -0.224109665476066 -0.14405592845427
0.348608565916048 0.0493896895767032 0.0454276898352495 -0.3446996455775
0.0951746876857991 0.301646129249972 0.39778055498106 -0.116672968475789
0.114550817909955 0.285502353348155 0.455529933828191 0.37806388879564
0.0164311569518393 0.491226632476093 0.00807028286466846 0.636570104990583
0.264947445630006 0.611546230382968 -0.037245881814084 -0.0294591930136792
0.438257745605671 0.209191460277013 -0.358009326425175 -0.0308355021888814
0.279560023802112 -0.0126609516600086 -0.222860048968094 0.406188529823124
0.302827446193339 -0.168415307045579 0.345704360256694 0.237015165159974
0.0182763275227561 -0.324989760070882 0.199518844322264 -0.169085485424865
-0.0766861875996415 -0.150404267364558 -0.00839625908327334 -0.175683813977567
-0.0102375693745434 -0.110629985822045 -0.123992192703819 -0.0806402921827719
0.052730046522337 -0.14805110606227 -0.137566076925986 0.0329983684355134
0.078918605015918 -0.128195159333437 -0.147332275253251 0.0622195124089315
0.0689444245347552 -0.115055202439744 -0.19903859786113 0.0188844716224387
0.153135584457353 -0.176775535123392 -0.205148975862584 -0.115298547542622
0.351948115354182 0.0263543171622447 -0.0452348434396129 -0.298795551816487
0.176701060396054 0.239435578226726 0.271386568021541 -0.268031818546737
0.20263049797515 0.277996468381458 0.536096188038155 0.193548012735105
0.164261665539205 0.567322474250959 0.0316638006285773 0.453095729387168
0.1999451515462 0.706580220550518 -0.0807096189692166 -0.263465561697452
0.433263002188136 0.329032629398827 -0.355170070913387 -0.169842296381873
0.308049281504569 -0.00822361457958527 -0.365845285426343 0.269973072986156
0.254236056045306 -0.143268017308934 0.239177413183426 0.321092546018975
-0.00226765132309888 -0.210103477277196 0.225560439838291 -0.123320472170782
-0.00487069467040875 -0.0573915021768873 0.0170959172312864 -0.193910060282471
0.0687192021363478 -0.0877109075035414 -0.0985168172119552 -0.113793086857
0.0946652110338198 -0.150933808119725 -0.109542792125482 -0.0260479802105601
0.0876388392935605 -0.131343136511775 -0.118529776295557 0.00832286220554207
0.0633032156993235 -0.124112229929006 -0.167089895519332 -0.026421655681034
0.135543104124894 -0.170289724184963 -0.139762967680538 -0.130047253692839
0.262802686238467 -0.0119839730392816 -0.0613874417324309 -0.190803956885496
0.215344920165045 0.0885510017697737 0.108239233954554 -0.329498287197586
0.279752819661149 0.200300525810194 0.509218263228348 0.0505792527334426
0.30563945229694 0.561898433495035 -0.0118157170312338 0.23341216927849
0.15346871783798 0.665318965426875 -0.0438515567870493 -0.476871612700903
0.376705125546675 0.295905675277652 -0.238753348789654 -0.327048056512692
0.216648528032643 -0.0229002223379722 -0.449293426535284 0.0341749727487781
0.146636618864289 -0.0855960994371207 0.0586330438716427 0.326306057356815
-0.0223388285550384 -0.0645009474586506 0.198786406375636 -0.0190207710917058
0.0601759309155001 0.0317480760633046 0.0710478466326267 -0.152716243000656
0.135612924413678 -0.0549569433818647 -0.0311976004161534 -0.132174923787944
0.118668913043811 -0.131230411839804 -0.0635301745210056 -0.0792568989465493
0.0912421231047031 -0.106852226005452 -0.0974822750324467 -0.041808986056064
0.05462154508126 -0.0879539024091894 -0.155158115135582 -0.0868681440067694
0.0782282132750142 -0.100270465577248 -0.0638053838181396 -0.176317701105182
0.0987965861107445 -0.0447220823863926 -0.0273529454063305 -0.0833433435492322
0.193166045989463 -0.060941030419634 -0.0112218845291033 -0.316136739387566
0.299921718530813 0.0654178941792993 0.387952387703635 -0.00471947514926764
0.388876921284043 0.492419323071941 -0.117493060291914 0.0145870529811149
0.156546013686945 0.493626023653671 0.0338217102349447 -0.636327116951794
0.268003292961658 0.110600382095493 -0.0853730063964116 -0.478024753283396
0.0753237134301434 -0.037129110430919 -0.474845490122977 -0.194329584199036
0.0289483578992626 -0.0438850340243259 -0.108427467660248 0.278261573628178
-0.0374232352896157 0.0586920966500113 0.149758831073655 0.0928729869494998
0.0956682094087122 0.0826047672674843 0.13634966226765 -0.0846676663742502
0.154119898535488 -0.025761279690863 0.054932173128282 -0.136764816568686
0.12709917603843 -0.092933080191954 -0.00927417623256689 -0.122262877056527
0.106037718113358 -0.0600825190260394 -0.0809471487190771 -0.0743542246916227
0.0717097615947523 -0.0093835140223907 -0.157178264073075 -0.13174278514705
0.0127952999306539 0.0258015498202732 -0.0140407639602609 -0.211209568038457
-0.0663776588230564 -0.050333601023775 -0.00564197585429178 -0.0218579067980633
0.106434934069929 -0.143801889684864 -0.0428188471386401 -0.270206615504863
0.273101996223075 -0.0753025824647617 0.21738432583771 -0.000417356105485182
0.369494244496724 0.387457973669989 -0.232589337221192 -0.170736118339103
-0.245357918847833 -0.279998929560412 0.288142853193797 0.309980217492976
-0.244732878341599 0.126040274476962 -0.0743450810689715 0.00631429728436443
0.00858839981316311 0.180849350294675 0.0382162694591426 0.227566102843904
0.176864395277369 0.0127397712926987 0.0366002048483188 -0.000278618405093162
0.0367663242536744 -0.180790903569716 -4.6681211666392E-05 0.173582082725742
-0.1064081484388 -0.0844645396910878 0.134802860836021 0.128414843759676
-0.13432251762297 -0.00374716500522325 0.056694641492528 0.0722059108864922
-0.128452102204674 0.0289148325930501 -0.0432106332449931 0.145631368038057
-0.128976581450695 -0.00573615556972559 -0.130394302899296 0.144172377286016
-0.0927561756349592 -0.0929909655728279 -0.205522413430544 0.0289526927489557
0.0340284222366049 -0.124569261089471 -0.126942621006507 -0.163703601432596
0.103883837454359 0.0365152868710306 0.211168203434799 -0.241158895029293
-0.013089807646065 0.0653828366510388 0.49323565170682 0.250293640379718
-0.117419831177717 0.09870134088586 0.0415234335371021 0.603798892238973
-0.174032737272894 -0.197054318178804 -0.0954620663898577 0.749909028278936
-0.0543382874954155 -0.0991974010431359 0.284504565509676 0.359331465777378
-0.149454950057274 0.0764948566344231 -0.0459431739770991 0.0684411629089211
0.0759816428836786 0.206261832801335 0.0611451283295822 0.255320112434192
0.267330323014857 -0.0481320469422844 0.120601103859371 -0.0127997765677574
0.0587602876567656 -0.301979774214745 0.012587250770444 0.094106474373405
-0.140790525640294 -0.168051241837983 0.100368424829852 0.0830539464944673
-0.148448067656631 -0.0568472209204633 0.0109849383772578 0.0553640317414624
-0.0970118036749048 -0.0279816390663882 -0.090420345539227 0.147495436747182
-0.0708373443296166 -0.0346262960715152 -0.179192730010324 0.142137279077465
-0.0532265334708664 -0.0805839814941301 -0.246829947443904 0.00822843010702259
0.0479531578477709 -0.145340263623064 -0.145889885509418 -0.19419647129181
0.205969457614717 0.046313619307834 0.222407508116774 -0.254940784468413
-0.0177286619585549 0.149127622381261 0.468975814235396 0.193877637242096
-0.00240458453898159 0.196228189172408 0.136244347371998 0.622813276298456
-0.162269859455148 0.0891405874285496 -0.100974752586803 0.786761326769312
0.14559487783273 0.141291999640726 0.200018711012489 0.31569343203524
0.0729961464966409 0.00799648972930517 -0.13420165020074 0.101066117512937
0.0981743543804809 0.138268585467949 0.0395151265649682 0.350589345770039
0.310170061781527 -0.0974197187469482 0.251486457019409 0.019694088020925
0.0595898946072544 -0.372338948818855 0.0573714502588383 -0.0285606017065462
-0.156407591564752 -0.214803191805509 0.0473011983085555 -0.00302743331520747
-0.136262235025411 -0.0974300027421262 -0.0489676809756173 0.0174886771179876
-0.0517062352367641 -0.0814415448104131 -0.12452725147797 0.125526295581372
-0.004284763621551 -0.0664291321817267 -0.192376246220454 0.130658282569713
0.00314818886490049 -0.0725968385336425 -0.25663001246016 0.0161478353703247
0.0791949635309946 -0.143728349334966 -0.193012682254334 -0.179704967226515
0.2888024543512 0.0510498633950063 0.15593569954121 -0.309791596246757
0.0154321599155451 0.255329171117336 0.44452072824313 0.0631558469313814
0.0547044006466611 0.246852155133685 0.301490856444344 0.534739633526517
-0.0978824608091092 0.327206793227527 -0.0522087078615072 0.747230402912291
0.259162729522634 0.402825218642048 0.0733586026401043 0.177841691227894
0.316190468906052 0.0592784505427116 -0.260824597263 0.0659370409843258
0.175216473563919 0.0277110453741256 -0.0698690939088834 0.42420897213886
0.31412212390353 -0.142694847988641 0.344800279049405 0.117044624719985
0.0404387377050547 -0.378525095719016 0.129370623902203 -0.133876379001092
-0.133237005735047 -0.208544940767031 0.00357593163097278 -0.10075895592587
-0.0886057974627231 -0.113201254550153 -0.102365571931089 -0.0318689001636935
0.00208729686721082 -0.124814723571649 -0.141638008178691 0.0862783023708252
0.0495855536198063 -0.10112145959673 -0.175249598657466 0.105764422576951
0.0499332737642582 -0.0875982183176952 -0.236165503447964 0.0300414861657544
0.124230841678035 -0.154187831131864 -0.222998505730012 -0.141097300823098
0.346682962227735 0.046883927746658 0.0438656907105762 -0.342271410603283
0.0934655629653049 0.301620988721404 0.393226619239562 -0.116875792410655
0.114316964201424 0.283516853088255 0.4541927707817 0.37249051019948
0.0183617589226068 0.486951569306497 0.0123320675037396 0.632124919947349
0.264153980831923 0.606248141564821 -0.0366151364649269 -0.0297298477489429
0.436518441638774 0.207430809305069 -0.355333629708864 -0.0295660035710097
0.277197968314858 -0.0121340434657367 -0.218237339946214 0.405108602686633
0.301091590209441 -0.169689520280409 0.344742185694049 0.234196792952017
0.0164048523358954 -0.323287386131116 0.197156015007702 -0.169642692079457
-0.0768821452739766 -0.148955071065487 -0.00885944487157579 -0.175309978000186
-0.0100675938533453 -0.109981137143037 -0.124602432197006 -0.0793144234683573
0.0517912700749919 -0.147927143952447 -0.137306056718368 0.0331701052655325
0.0786084387532834 -0.126346707375243 -0.146511219390438 0.0619105742180636
0.0682162025166676 -0.114343160446769 -0.196875261518329 0.0197109773167441
0.15084134403955 -0.175445730346709 -0.203978310774751 -0.11296221387036
0.349840124677984 0.0233417813601336 -0.046879214084181 -0.296938909264592
0.177000284144211 0.236889045582093 0.268733886507512 -0.26776209941158
0.201426697623719 0.276119311622494 0.531924942728213 0.189293800157958
0.164417405167146 0.562681350378213 0.032736597085837 0.45009028648839
0.196775986208175 0.704124683882342 -0.081040592923154 -0.262107879965387
0.430773487440888 0.324938558468185 -0.354643890685496 -0.169281369149142
0.306080198068671 -0.00916345005190702 -0.373020175432769 0.268297200569585
0.249349683271149 -0.145076698567725 0.239406216479699 0.319248480936981
-0.00244008924731997 -0.207992958552775 0.224409160600986 -0.123363989059217
-0.00508192136264177 -0.0573524648899371 0.0159684048881273 -0.19223132038539
0.0721264476355178 -0.0866069611426001 -0.0992741247891211 -0.112745270837254
0.0920802894252457 -0.149443192386936 -0.108451206442927 -0.0246773128167769
0.0845317786230959 -0.130836726718952 -0.117267941723222 0.00828103122210695
0.0599996350101264 -0.122932961179796 -0.165270605974562 -0.0248061387140806
0.132735255529461 -0.17007308039842 -0.140208507258039 -0.126975438246939
0.262130844652872 -0.0126121857462014 -0.0622993451603886 -0.189489260409929
0.215321568934806 0.0891572297702386 0.1020381073463 -0.327040448437507
0.278223129821254 0.199905567022989 0.501930375401452 0.0451438321041386
0.304540459819941 0.554794639023324 -0.0112741741776913 0.230856790553671
0.149116386862792 0.667385441571663 -0.044418046020646 -0.47327873540007
0.373176264021913 0.294245631138 -0.23803711888351 -0.322964324554556
0.214883298415116 -0.0233711519215659 -0.44563290312407 0.0364586831450193
0.145369077215453 -0.0858852669510937 0.0601150921987028 0.32328102724934
-0.0230576511946949 -0.0648095254092161 0.197687193880649 -0.0197204963033595
0.0591499780784882 0.0308681628848208 0.0701986041712264 -0.151680848518865
0.134980582378195 -0.0550329828316227 -0.0310913857079206 -0.131769721484312
0.116761551979469 -0.130887564685949 -0.0630749932229725 -0.0801764776769995
0.0898697739226011 -0.10650196782302 -0.097021202292746 -0.0414932867845325
0.0549120629755819 -0.0874663218912204 -0.154086693590589 -0.0850623306759881
0.0777003378865116 -0.0998291162936453 -0.0645710608714804 -0.173839645579468
0.0973985827020305 -0.045330694968898 -0.0285660634142329 -0.0840131963724697
0.192065746966139 -0.0602049911181079 -0.0105375244092412 -0.313823861348743
0.297847843710307 0.064780611734042 0.384854844258644 -0.00682008787360135
0.387300147709459 0.488049973261622 -0.116466208138852 0.0147415666739382
0.154768548938994 0.493525735013337 0.0376220835892682 -0.636942596830592
0.266117271537391 0.108901784216993 -0.0835668923053835 -0.476778307024506
0.0743501001582487 -0.0363632119281457 -0.468165548022786 -0.183221035549035
0.0273552306118907 -0.044358288852768 -0.106940371197133 0.275121075058564
-0.0373651209375611 0.0587461532904816 0.149111540507245 0.0920326286385789
0.0959834574456737 0.0816827540034184 0.133065611791565 -0.0840692070283741
0.156599110298624 -0.0233690502237307 0.0536586432034518 -0.136078992697312
0.124301686853939 -0.0929126056101924 -0.00942186253387431 -0.120605439073426
0.104714369026737 -0.0590553881177204 -0.0798095330284719 -0.0742653652225496
0.0701905311681981 -0.00969830530614901 -0.156519813498029 -0.127423491058053
0.0129968603086435 0.0247300795908464 -0.0165472831776156 -0.209557926270426
-0.0661221823797253 -0.0499864428156275 -0.0060645923492836 -0.0226428430877325
0.105358033780318 -0.142959562203151 -0.0417627660889481 -0.270074417177551
0.270877525314624 -0.0756062535152864 0.214561506039575 -0.00178084897887427
0.369205649414956 0.38130652011505 -0.231699117900939 -0.169157358149259
-0.244387871713531 -0.2783987740723 0.287388134607769 0.30732400931886
-0.242350970033947 0.125094031086109 -0.0737291939612327 0.00581268177248678
0.00950973429291134 0.178740602980046 0.0373715208891667 0.226101651752438
0.175714804724096 0.0122678149236479 0.0364670354422004 0.000605092823969113
0.0350413189769037 -0.179682117515271 0.00153897646782984 0.17274433997957
-0.105541862039163 -0.0830934343364013 0.134205822759655 0.126370078850394
-0.133151034753786 -0.00333803912532689 0.0558870317502327 0.0714528213071186
-0.127990036331313 0.0286586140987493 -0.0422880307227936 0.145507439314538
-0.128386617479239 -0.00560824633311205 -0.128914802636159 0.143243576767296
-0.092918662817349 -0.0919467096393443 -0.204010355150776 0.0299091828156322
0.0342462049796887 -0.123501327690111 -0.126544023394135 -0.162200766476856
0.102579761306026 0.0367924345478065 0.209806009516154 -0.239233005378053
-0.0134794935674814 0.0647583484021623 0.490711558180831 0.247457849846709
-0.116172757536094 0.0980983462171158 0.0424871537364548 0.600540518642714
-0.174092982167487 -0.196039310865168 -0.0925734210468667 0.745075254599802
-0.0538450226318449 -0.0982792780821963 0.284033163289356 0.357596062176708
-0.148301107000505 0.0773634467284314 -0.0453591110270627 0.0683999081256432
0.0765031767374933 0.20505033953936 0.064225767074294 0.251934222297442
0.265930967313067 -0.0495321051268794 0.120695500575784 -0.011337729436355
0.0574023626047926 -0.299878778450454 0.0137126301695073 0.0940514788987748
-0.141724660739839 -0.166597278982373 0.0999519126671053 0.0816826749120934
-0.147810061067424 -0.0563171986681402 0.0107815087789172 0.0555728193391465
-0.0972219935907519 -0.0270570925236357 -0.0889514827418654 0.147068413878327
-0.070526119811803 -0.0345376277316726 -0.177645960211785 0.141289946253666
-0.0524293234910861 -0.0801757905929904 -0.245595476951857 0.00895385729190602
0.0467295561300881 -0.143982820001732 -0.145594576455562 -0.191439177287452
0.20500782482521 0.0462517966900938 0.217793153095561 -0.252282419217469
-0.0172997015835793 0.148725006460968 0.466859448865793 0.193453628731841
-0.00292348301283091 0.195177897660753 0.135766191743095 0.620341291872612
-0.160320427408583 0.0894461769045104 -0.102585562930407 0.783218420665744
0.144602009133223 0.140260527203547 0.19896598520889 0.31283859828963
0.0718083001842638 0.00803826863168722 -0.133578990056063 0.100123179132263
0.0982083494111396 0.136232823658127 0.0409206667913173 0.349294326120198
0.309309983527394 -0.0984264592034084 0.250751615629656 0.0203857517584867
0.0557894604952078 -0.3716143480228 0.0577773202376546 -0.0288103140607565
-0.15652577628846 -0.213043284666713 0.0472459714180332 -0.00279023231013508
-0.136152567653189 -0.0962529762332414 -0.0486207455336069 0.0179379421664483
-0.0514046666767858 -0.08152141200467 -0.123610764748025 0.125278867236644
-0.00428197201145081 -0.0669095881276804 -0.190935337166551 0.131686149475848
0.00364464625658833 -0.0727729433709196 -0.254743236544416 0.0174861429937865
0.0785694924046878 -0.143404417216588 -0.191519182478371 -0.176428348174719
0.287737090648076 0.0498747602403228 0.154228256339936 -0.308616979046586
0.0157558189060249 0.254468318846382 0.443514817971793 0.0621624857078321
0.053995252001383 0.246202519420587 0.298063926586959 0.530745873917094
-0.0974606952232347 0.324300867002659 -0.0512674591803406 0.74467301505975
0.259546846417509 0.396245252783669 0.0732684571234909 0.175936556241779
0.314483819980092 0.0581151028103107 -0.260189342793052 0.0651685152189513
0.174060581967021 0.0272241593950573 -0.0657605385778809 0.421121151444941
0.308907163653529 -0.14541990718118 0.34416031149087 0.115206706447076
0.0382892104695991 -0.377149718917331 0.129301888507533 -0.133265238119799
-0.133084046712459 -0.207613978866697 0.00259690796601919 -0.100924731948859
-0.0877766375124855 -0.113857176087561 -0.102196017978778 -0.0307769128067031
0.000449142745365523 -0.123668127575671 -0.141349328193002 0.086509977731825
0.0485236274498725 -0.100452857956524 -0.174810414824304 0.104515878573773
0.0498333668751931 -0.0870663558982526 -0.234951792214351 0.0303864186600497
0.123820841722536 -0.154293894081244 -0.221657638822008 -0.139096397912726
0.344615434023239 0.0449554736304441 0.0423477223808226 -0.341789084135338
0.0938735408121914 0.299254600187652 0.394421580103512 -0.116030551970259
0.113456818885283 0.280879631285177 0.452814295153937 0.371824173672859
0.0185479600231401 0.484410099618483 0.0108661178842983 0.626752233198784
0.259230449204686 0.611263371533976 -0.0367564535923724 -0.0294635271347049
0.432726530765445 0.204684456885068 -0.351819042844711 -0.028561950608343
0.276026918540363 -0.0138452001801814 -0.217876888954773 0.403057366711293
0.298431420769331 -0.169908742045418 0.343661040204244 0.231729760057448
0.0155716298258632 -0.320047858309594 0.1957718877418 -0.168926814888403
-0.077030419626188 -0.147756549809976 -0.0101393827730115 -0.174251928611813
-0.0098905547993384 -0.10966064916127 -0.123875068294869 -0.0777618467659281
0.0500453975774425 -0.147702300559663 -0.135852883477588 0.0335359787996149
0.0773247203874482 -0.12721027005819 -0.14478761797973 0.0619153125260042
0.0668620262245205 -0.11420389997498 -0.194789353974945 0.020401148481528
0.150171770136372 -0.175640164433206 -0.203569130026582 -0.110724441204546
0.348496428240234 0.0237807041112591 -0.048540797568031 -0.294555954096614
0.176190256789106 0.235147109624915 0.267047371958337 -0.267986383603604
0.200666067618447 0.274706880733705 0.528466967427953 0.188200396546636
0.163501848167147 0.557888753445561 0.0330374803498794 0.446914939368197
0.192795977153657 0.709378907414931 -0.0794875749637706 -0.263311380215553
0.429232328545148 0.323948334060391 -0.351180428111899 -0.168268750135188
0.304741389333928 -0.00863434637645158 -0.363595192129718 0.269347612568974
0.243989244907799 -0.147974724812179 0.237952415025222 0.315227132316746
-0.00452710170174012 -0.207353886245858 0.222503561451485 -0.12322166162478
-0.00443434213658368 -0.056585758616465 0.0146721483532444 -0.191626108063912
0.0759416466916427 -0.0877562513135005 -0.0984249187544537 -0.112055640029525
0.0887451290470066 -0.149375063966019 -0.107827560226296 -0.0249945008462809
0.0860254650874452 -0.130542136623035 -0.116401526613219 0.00892212265093341
0.0600267541284437 -0.123594177931035 -0.163118898425464 -0.0232305922087927
0.13144972624152 -0.169733166332974 -0.139430458309277 -0.125630411305333
0.259960959486021 -0.0144293067873276 -0.0636781413316226 -0.187849260707338
0.214426801469574 0.0875273600927792 0.102855033818266 -0.327286593985215
0.277426157909267 0.198123162028545 0.500016239984081 0.0440478798721821
0.302769300276476 0.549975451869646 -0.0135520241969533 0.230505848119003
0.143307215275329 0.671658101273434 -0.0449447638642171 -0.471149367479661
0.371079040308454 0.292311963565536 -0.236103564402419 -0.321281934324112
0.213121519266682 -0.0231109984703485 -0.442956120157482 0.0366099975633087
0.144246041451994 -0.0873022170794518 0.060969237433526 0.319987646160815
-0.0230866288459 -0.0636791122909202 0.197131927470541 -0.0201008480447934
0.059721776285202 0.0301778083874892 0.0683916802006439 -0.151763975519258
0.13324059817514 -0.0556237750857819 -0.0322124847996013 -0.130430127382406
0.117017748510635 -0.130334833247101 -0.0624450261471995 -0.0787982995595365
0.0898135892575404 -0.105823191527836 -0.0969444025927892 -0.0412659909950129
0.0525795848891523 -0.086944674244283 -0.152332193786276 -0.0834975742949651
0.0762745027287294 -0.0995598836920719 -0.0650903443654161 -0.172532643573855
0.0973002098718272 -0.0459097364751964 -0.0292379464786055 -0.083521814935213
0.191741856019041 -0.0608370202332417 -0.0124897530389112 -0.312467021272679
0.295614751593421 0.0635121668743211 0.382637819526708 -0.00688058704939366
0.383545033895474 0.482408321009722 -0.116287768574001 0.0148731934622023
0.151829782575182 0.49422862007506 0.0382020802392448 -0.634341311249864
0.264752681559467 0.109007182481797 -0.0824286077527017 -0.475759717737897
0.0738943443217838 -0.036825281882549 -0.461206486074082 -0.174130691828095
0.027665433312891 -0.0444766243351317 -0.104633350831256 0.272994379989485
-0.0370188045438245 0.0585645388926499 0.148241222883856 0.089792467511911
0.0946661015969086 0.0805011268895109 0.132697127013142 -0.0848277180367428
0.156975184704534 -0.0244818456991441 0.0551106094371917 -0.135985054595979
0.122798497707068 -0.0927365678024827 -0.00928387834490534 -0.121363242202736
0.104448263695766 -0.0588754675719592 -0.079899884796178 -0.0729812926709778
0.070231967984742 -0.0092940229133086 -0.156844213922456 -0.124114668267504
0.0127553761580945 0.0253746621188722 -0.0183610430282529 -0.207507603060691
-0.0652788157700864 -0.0502032154479944 -0.00760857172456376 -0.0229727410527775
0.103345355474168 -0.142391046599331 -0.0400790988285915 -0.271431736435507
0.267434747814741 -0.0753267616988101 0.214948068334047 -0.00122167922186757
0.365586687940339 0.376747042287596 -0.232606467434997 -0.168903411281599
-0.243143732494953 -0.275934882057242 0.286011084359735 0.305754606668179
-0.240577572684609 0.124579715742936 -0.0741560817802303 0.00604688196650783
0.00928198387852313 0.177801842743291 0.0376842691735093 0.225373509189965
0.174564269038849 0.0118233938903592 0.0379720515952502 0.000617602017196541
0.0340611470459922 -0.17828342413317 0.0022948114279207 0.170931037978252
-0.10520505886917 -0.0829620929807801 0.134503662044854 0.124908745456325
-0.132307096710437 -0.00276910040985342 0.0559781083287634 0.0709114148020446
-0.127206188959164 0.0286147039794533 -0.0418404150721873 0.144903437543018
-0.127490555652371 -0.00520913577028425 -0.127578654869144 0.144135293286808
-0.0923471421738902 -0.0917892599698056 -0.202868999232984 0.0309796850271221
0.0336346945547742 -0.122947538279468 -0.126692092729463 -0.160809074290546
0.102329733413058 0.0353129725694998 0.207388053008522 -0.238517370625075
-0.0134399946174642 0.0649817661654301 0.488430767730475 0.245148221055162
-0.115316734466254 0.0968728514176545 0.040406946935069 0.597971490652483
-0.172452143268439 -0.194225592473268 -0.0902034398526324 0.741252578563266
-0.0531297772166504 -0.0967007383989514 0.283758263994139 0.354339790885225
-0.145956896703412 0.0769002268928436 -0.0440669392397505 0.0686838820551738
0.0771243833192256 0.203842892230565 0.0654672313360883 0.24846839751088
0.263291435465573 -0.0509475349866246 0.121090257152318 -0.0113181964022904
0.0567686614499734 -0.29846059348942 0.0139264942085815 0.0928094862224018
-0.141523166737134 -0.164969054898365 0.0998235266686178 0.080121373691656
-0.146915201880581 -0.0575425970417525 0.0104752792861615 0.0544390428512819
-0.0965841581854709 -0.0265763837617639 -0.0883721225309028 0.146562622811483
-0.0693245109547791 -0.0340758358187267 -0.176534950687176 0.141888331541193
-0.052276245507243 -0.0799617518160487 -0.244465859660517 0.00989668752364494
0.0462094958525377 -0.143569886629068 -0.145202608738333 -0.189894096477428
0.204191197692259 0.0459729499913296 0.215977633531744 -0.252106023466267
-0.01763188098068 0.147848483635147 0.466055163426335 0.193759153324021
-0.00165399226006965 0.193445885878111 0.13540506657838 0.619767633337591
-0.160302327120509 0.089253249176973 -0.0992046023751031 0.776454294997382
0.145131042983685 0.140002108231681 0.199693023549944 0.312329210780183
0.072965391228543 0.0079968996181699 -0.132808759674864 0.100097946682572
0.0989705399163766 0.135720779645085 0.0409218014507586 0.347182258580228
0.307318381016489 -0.0987769423613809 0.250642999888181 0.0200667301578234
0.0541378511898191 -0.369798747579303 0.0568471001575394 -0.0289972025773747
-0.155252150707494 -0.212871021864715 0.0464454209269745 -0.00343012428669174
-0.135479949509968 -0.0957668505468217 -0.0488435828477715 0.0179066247614436
-0.0515327178537036 -0.0815157027482646 -0.122932437741813 0.125629948613424
-0.00433595531623255 -0.0669828572695663 -0.190021863949967 0.13120789011405
0.00343207773514281 -0.0732188313379085 -0.253765007245512 0.0187519178366586
0.0781281466760262 -0.141842313442372 -0.190386248456998 -0.175142935715006
0.287099733942347 0.0489350861064207 0.151259540405 -0.307276150222451
0.0165283740001231 0.253824660224695 0.441305460206612 0.06110624115141
0.0547793609880087 0.243650650098869 0.297602015333251 0.528531621481835
-0.0964009392729721 0.322690174812817 -0.0485648132366207 0.738532402070765
0.2593406938072 0.39538087337215 0.0729275994630236 0.175630330706619
0.313605528514958 0.0575192295174311 -0.258476525082583 0.0647423098880035
0.173562967413152 0.0271826141574197 -0.0594085041591317 0.416479958002388
0.306930645887613 -0.147665725452248 0.342233621960887 0.113805988099888
0.035912376234491 -0.374983432905708 0.127533125348677 -0.132871996671366
-0.132342462847219 -0.205178649385374 0.00231869834661352 -0.100401101562855
-0.0847741799829462 -0.115670652811992 -0.10260507156225 -0.030171273315802
-0.000455127677148981 -0.12397967514379 -0.140574127562634 0.0863810680743063
0.0479403354801054 -0.101018762971855 -0.172918106268985 0.104963510349859
0.0488421973105736 -0.0875113722854208 -0.23208513867297 0.0308949134075856
0.121408499242958 -0.153113639084816 -0.221264645161924 -0.137234775059139
0.343128010546519 0.0425345283712078 0.0394328997645935 -0.338954417617878
0.097784015054752 0.29611717673394 0.392843222170501 -0.116517941150465
0.113699646485421 0.27915993497552 0.44836972690678 0.371461850226825
0.0187413064617983 0.479887899751097 0.0108012638496379 0.625284630702623
0.261674098651828 0.607608143540721 -0.0359796423705269 -0.0293475564709473
0.430874229284174 0.204029175490067 -0.351384992655741 -0.0283241129251329
0.275135105390142 -0.0131766671533766 -0.216005965934979 0.403176644323279
0.295999852947563 -0.170775417393684 0.343866304465791 0.228936950769574
0.013287962534256 -0.320164932416501 0.194824580000701 -0.168402628181461
-0.0767189385144875 -0.147172719914553 -0.00988205272152159 -0.173095454311132
-0.0102302675382683 -0.109400256050254 -0.123740229969174 -0.077180612163231
0.049269228543189 -0.147244043135161 -0.134674252299891 0.0336081690185214
0.0774518558341698 -0.126208645367769 -0.143626378973863 0.062163981175971
0.0675094401203943 -0.113651250911386 -0.193949958987077 0.0206525862650226
0.1482286371715 -0.174841173444971 -0.20257364593938 -0.109215403551501
0.346609007507916 0.021302537127281 -0.0499979025076537 -0.292613010997586
0.176992857234508 0.234139711835935 0.265834513945539 -0.2688756062935
0.199886300734027 0.273194330864757 0.527185524878401 0.185750271487649
0.164348473805436 0.554928258085333 0.0318231808851782 0.444587693330384
0.199389169327264 0.698638181286575 -0.0796984055575213 -0.258956477487677
0.427785571587536 0.320540418484629 -0.349168982040947 -0.164960292282171
0.303944440757404 -0.00832217527400575 -0.353000082325786 0.269410941957826
0.246979356019771 -0.146222334564564 0.239079152050431 0.310686665950583
-0.00495956840210613 -0.206200883251727 0.219133835110795 -0.122489837691826
-0.00525357765932694 -0.0564300722638259 0.0138106424321545 -0.191116279601739
0.0719913309341901 -0.0875058090268089 -0.0990094516867577 -0.111317053931782
0.0888008727157796 -0.149096401260041 -0.108322796878736 -0.0241727629382851
0.0865147384833988 -0.129531697097939 -0.115620841097813 0.00862474527151309
0.0604270709711663 -0.122738342803065 -0.162415103788033 -0.0222387847837289
0.130722284216238 -0.169129526819233 -0.138853821713766 -0.124237622669375
0.258619714927488 -0.0170796734217736 -0.0649380864656691 -0.187291664882623
0.214831307175499 0.0845737646899549 0.104859921502574 -0.326888655396209
0.276124839157154 0.195483350108395 0.501056685114713 0.0477905243784992
0.299989204055379 0.546366549548542 -0.0133814193728933 0.230031772591448
0.15008457940701 0.659574071303212 -0.0455400290685058 -0.468064751322456
0.36909011740524 0.290866441977647 -0.234914044107112 -0.319054785104407
0.212659645949423 -0.022833396566434 -0.439179674656886 0.0383258341043193
0.143529375776363 -0.087146819488506 0.0618301142390781 0.31771398914159
-0.0232783763490039 -0.0636275262952324 0.195811015470577 -0.0208999107392371
0.0591569429080717 0.0296608578259377 0.0669091254207407 -0.151103005263166
0.132638826976674 -0.055950662378879 -0.0321727626317503 -0.129566817026016
0.11475962096739 -0.129547965289152 -0.0623356937503063 -0.0791401070095671
0.0897928968938426 -0.106323747705837 -0.0958420676859027 -0.0411017810068236
0.0523715591696623 -0.0865569576215128 -0.151836710994832 -0.081838882772243
0.0749909906823334 -0.0993675336140804 -0.0657705863974058 -0.171728456079769
0.096517210394225 -0.0464673287251426 -0.0295195860538457 -0.0839471138608403
0.191103359470826 -0.0611799451459441 -0.013278181433244 -0.311424094295835
0.294166087215172 0.0624869264693528 0.380615556831626 -0.00833789803657546
0.381924612069684 0.479832399840279 -0.116973071074294 0.014661481329322
0.153924829668934 0.488418137201998 0.0321757183469208 -0.626059741728882
0.264019650851112 0.108029405202855 -0.0848384326118064 -0.469758646839128
0.0742266766375142 -0.0361851817008217 -0.462898580104552 -0.181695754694891
0.0278211390980688 -0.0445108680794803 -0.101325651603898 0.27060759732781
-0.0364178453362738 0.0585612712216993 0.148375468903006 0.087472460361699
0.0945717361327618 0.0794420555107302 0.13213997003033 -0.0841835354902821
0.15205038470592 -0.0259980042776723 0.0532174734291172 -0.135719371750478
0.123617935541493 -0.0923945062970997 -0.00979014999704975 -0.119870661246142
0.104059437746991 -0.0594025665982559 -0.0797789950391204 -0.0724762692327334
0.0701726034261993 -0.00921542316390899 -0.155472270648325 -0.124372371602532
0.012431123296353 0.0250231344392712 -0.019506025477727 -0.206678890554377
-0.0652562259862788 -0.0496802168051438 -0.00755361520350937 -0.0232453427351584
0.101755728134181 -0.141799027179844 -0.0419104896762512 -0.269029297712513
0.266787518213251 -0.0740815046515188 0.213451296178764 -0.0005539032586422
0.364251865987784 0.378150194046194 -0.231843984362355 -0.166999525749418
-0.240815809935597 -0.27322118480474 0.287371982155909 0.303461795022234
-0.238899345162769 0.124231653612477 -0.0739235836561065 0.00570123748141761
0.0102589624529987 0.177564132158915 0.0373258213333936 0.224959256206532
0.173572454920037 0.0107887094418489 0.0381458390879176 0.00129355090487512
0.0331148094197261 -0.177728324469306 0.00410638980731999 0.170317967860918
-0.104899136036651 -0.0820486584851249 0.133616740119354 0.124043286467505
-0.132275000195598 -0.00289741737957168 0.0549748987340258 0.0708829523249127
-0.127012855887904 0.0290371605633992 -0.0418528613261517 0.144511639756181
-0.127001794849785 -0.005105082670951 -0.126816238668739 0.14338232725049
-0.0923419178126667 -0.0909118100177436 -0.201537785976508 0.0316719343329676
0.0328886349427402 -0.122841063658273 -0.126289492182956 -0.158937533961851
0.102480326644272 0.0356901485951931 0.206307898821666 -0.237641336548535
-0.0135357574156824 0.0649995229958337 0.487921466363084 0.242643290909235
-0.114872337867038 0.0965085524662413 0.0430500226205719 0.593738103776488
-0.171335532587782 -0.193058758574327 -0.0917346031195362 0.737998558370475
-0.0525782060038687 -0.0959211139593924 0.284061076435168 0.352338136168257
-0.14525442204546 0.0770953523385514 -0.0445843852505849 0.0672869468689202
0.0777350672880979 0.201780532430064 0.0630344848765099 0.249961924524066
0.263034723637024 -0.0510998876966752 0.121666078005851 -0.0109544079753508
0.0538253615073023 -0.298284004374325 0.0149737959618151 0.0918774503851589
-0.140706134979546 -0.164106557565094 0.0991338304229991 0.0798165218420899
-0.146627906025739 -0.0561515567579965 0.0103716553115595 0.0540372700297571
-0.0963706966529691 -0.0271524535264995 -0.0875626676657523 0.146665006657957
-0.0697005652489446 -0.0335009459975612 -0.175365456561236 0.14191762536847
-0.0526055716843872 -0.0800844693164223 -0.242338718133064 0.0118619205819014
0.0464227719669718 -0.143283077306652 -0.144815433651218 -0.188088845226315
0.203495105429975 0.0447199245545384 0.215548693735975 -0.251760004139669
-0.0159831856337278 0.147131153053914 0.462095682529377 0.19121652002425
-0.00185005099802135 0.192555769551654 0.135806124672784 0.613778675954583
-0.157807779645417 0.0888223878001313 -0.0953452953726412 0.773740426921386
0.144761783988319 0.140437979099587 0.197963950652127 0.311857686130185
0.0726865201616356 0.0077684434525234 -0.131837514424514 0.0999338787491908
0.0986405853987747 0.134424510265298 0.0413200203788791 0.346510734164426
0.305697342278247 -0.0999114932134946 0.251346541793026 0.0201252921089713
0.053113404839649 -0.368681767899615 0.0568056301434696 -0.0296752737204641
-0.154862750027567 -0.210142381011142 0.0464631655247905 -0.00345363415705061
-0.134903478697246 -0.0951141701039013 -0.0493294356681346 0.0174424195517979
-0.0510421193241982 -0.0812963906825044 -0.121969596623981 0.125540389874336
-0.00421693347642765 -0.0665693068543438 -0.188475204917926 0.131231642277322
0.00346128999153975 -0.0727064733802858 -0.250565384890686 0.0194797915256785
0.0768918379918418 -0.141988627624147 -0.189452056022581 -0.173810660956016
0.28594646829333 0.0466185761231368 0.150464891585648 -0.306416971531177
0.0172362905698443 0.253154560144276 0.440366090789457 0.0596321494173188
0.0548012779987693 0.242475902001871 0.29559301146923 0.526787184050183
-0.0955073418711711 0.321605788680408 -0.0486255141127325 0.736948729523646
0.257783593524413 0.397483119543193 0.0725487790234556 0.174920985894304
0.312563331806532 0.0564471055435756 -0.256763000663677 0.0659363092301181
0.173574637866292 0.0269432923363162 -0.0590558277784556 0.416105890287061
0.307790564852469 -0.145050004168562 0.342820670316126 0.112018041821146
0.0345664310609929 -0.375553321138258 0.126923554242536 -0.132770313848628
-0.131518844894824 -0.204823755810742 0.00201461001940202 -0.100468410517981
-0.086101080371795 -0.11438021030048 -0.102140279642665 -0.0303992490311991
-1.45433969413892E-05 -0.124536291798421 -0.139690699990982 0.0869852896454677
0.0487086856487471 -0.101122118830165 -0.171767203908261 0.104912896371671
0.0482982441025386 -0.0868671928959441 -0.229469196184595 0.0328838221449847
0.120769549665468 -0.15317667695077 -0.219929126000205 -0.134360936274809
0.342292576616885 0.0428252170311562 0.0375755341442395 -0.336973684828515
0.0975140800429811 0.295515083882238 0.387260641342726 -0.11959476149144
0.112320285466771 0.278198593182661 0.447498572992534 0.366313157741489
0.0191697818198211 0.478893627353254 0.0117060979313713 0.622518201057175
0.261222849260736 0.595191366930123 -0.0361349692228856 -0.0288451430813262
0.430243549663794 0.20219263253492 -0.349560405516172 -0.027445091047514
0.273400943262788 -0.0129117417886844 -0.214106687424028 0.400991559907564
0.295337120331769 -0.171558589752987 0.343811096269461 0.22699074903867
0.0122246409266072 -0.318626874192852 0.193161645823879 -0.168272888194105
-0.0764081359916475 -0.146981728820442 -0.0103132853769395 -0.172545441282389
-0.0105395423084887 -0.109452220688871 -0.123790534954196 -0.076532791842223
0.0489318534418325 -0.147056347149953 -0.134930920179196 0.034794313651537
0.0766505688367679 -0.127548010799086 -0.143388488611439 0.0618784937296817
0.0667681082752547 -0.11344170741696 -0.192227720068827 0.0215400450335183
0.146005676919703 -0.175403351229428 -0.202319617588427 -0.106683634354139
0.345860758097006 0.0195675298979143 -0.0520432585525581 -0.291762010312067
0.176924033139312 0.232548279919797 0.264639037531648 -0.268192837283398
0.198523286044068 0.272321697628293 0.525091042363569 0.185450427242522
0.163617417628898 0.552058467873951 0.0308150946082311 0.441492759208274
0.200703912814915 0.686095068882538 -0.0813754490910839 -0.256308542847858
0.424824700533776 0.319813218092833 -0.347908214083439 -0.162848731552033
0.301198197563873 -0.00895266223795161 -0.357223000869211 0.269925618883773
0.247944602561425 -0.145727472233043 0.238884203051912 0.309025999891283
-0.0055013228384634 -0.206175440695151 0.220050251980813 -0.122567700903755
-0.00506667899404006 -0.056364465726266 0.012763033100871 -0.190102628026557
0.0669781321080408 -0.0875639065553849 -0.0991009664386011 -0.110356290709859
0.0898967948682475 -0.149776109382055 -0.106812755875896 -0.0238836284109845
0.0856653886945422 -0.130181858942386 -0.114497612611723 0.00870795591490413
0.0599948946302912 -0.121414407583881 -0.161903521509958 -0.0222197777026692
0.127929891038475 -0.16963392106423 -0.13886745064362 -0.122719953482919
0.258174355669287 -0.0180120469289742 -0.0662912752631028 -0.186449930991398
0.213736881866167 0.0848765985522052 0.10167867135691 -0.326160910422455
0.274510078868294 0.19572369174691 0.496324682427665 0.0451107333823411
0.301232281813701 0.544342415125612 -0.013440216130672 0.228110968753804
0.150818439857083 0.650484255017886 -0.0468264195030162 -0.464800043397369
0.368233349536426 0.287893624136489 -0.233485443255287 -0.318559385018642
0.212074534390639 -0.0225201587294008 -0.438822893195056 0.0378946056687511
0.142704168488232 -0.0874814490982352 0.0633683811124703 0.313755609225082
-0.0233573326718941 -0.0632448447143848 0.194647730394377 -0.0216859536454876
0.0600900606603278 0.0296204215919622 0.0661344182131453 -0.151668728759923
0.132242130545492 -0.0563557129589467 -0.0321512371016285 -0.12844297926335
0.114217201394682 -0.130164959580161 -0.062884060889621 -0.0789316094868272
0.088368074301039 -0.105437031433829 -0.0950696866736831 -0.0404897029369005
0.0519675756787992 -0.0864406320750823 -0.151608137344358 -0.0812205281713824
0.0739473442468901 -0.099848438596717 -0.0666298133801551 -0.169524215832293
0.0969307045146649 -0.0472287619487166 -0.0309600995651279 -0.0837380203086793
0.190601929078297 -0.0614903606534053 -0.0124814359064869 -0.311775477560272
0.292762074643696 0.063434788166335 0.377765886448553 -0.00841197926459305
0.379649488744622 0.476587115124339 -0.116779668245792 0.0148550827938817
0.155425494346124 0.482813055958764 0.0299652117247021 -0.621497192445509
0.261757106715014 0.108510548798971 -0.0832942818750827 -0.467114568784993
0.0740419132864615 -0.0362332444463051 -0.464388041560558 -0.184364920819853
0.0272539122150524 -0.0448775161911639 -0.100890992482426 0.268914257342981
-0.0364666200730292 0.0579519097731654 0.147535631188393 0.0877491307193189
0.0940418327859364 0.0799178594030645 0.130018388311278 -0.0844449948600311
0.15003904756045 -0.0264046522577198 0.0520168153799045 -0.135267505110089
0.12158109299796 -0.0926181119007325 -0.00986882488501446 -0.120596742053308
0.10306454515139 -0.0590568362946216 -0.0788425453700996 -0.0721563453531325
0.0695953407575849 -0.00980396488039966 -0.154654026074705 -0.12405496435931
0.0123159843293874 0.0238326098880467 -0.0205060200873238 -0.206752651232575
-0.0651501499655452 -0.0490646987961938 -0.00880090041481798 -0.0239320306448173
0.103704432527985 -0.141468763030297 -0.0435580741888416 -0.265778247270168
0.265421784698164 -0.0748923362123289 0.212198261537504 -0.0028933913500281
0.361759812988752 0.37421809136721 -0.23107751794904 -0.165358015284276
-0.240358925405757 -0.271955191476135 0.287320965883735 0.301907213377434
-0.237582547354233 0.124952333053819 -0.0733863527891447 0.0060774982441844
0.0112542195540242 0.17576718096736 0.0380698644961274 0.224941751234154
0.17333353615462 0.0106102528885683 0.0389331077336725 0.00173943073003645
0.0323833519505398 -0.177073573219118 0.00408289967041492 0.169018779124918
-0.104002858244062 -0.0819848153617146 0.133369475019957 0.123057094890806
-0.131857430522659 -0.00256317534835948 0.054636891264844 0.0708535979230711
-0.125918031273931 0.0288463327480243 -0.0412071878366554 0.145337177798545
-0.126641943284166 -0.0046298970043227 -0.12622582785731 0.144226155482491
-0.0919586330563898 -0.0909735889156409 -0.200559901409917 0.0327102893930956
0.0329534911543869 -0.122745263630147 -0.126270760444159 -0.158292894166533
0.102249695772624 0.0355445055224168 0.204065051273061 -0.236412337294124
-0.0139004406166331 0.0646487918425436 0.48669677984279 0.242499367220431
-0.114450105538066 0.0959302687834356 0.0414882922695696 0.593847801477739
-0.170776174433987 -0.19225581747226 -0.0907530380822376 0.736301127755047
-0.0521178875479132 -0.095186743653042 0.282919332015132 0.349424415089383
-0.144391578402418 0.0766651480271406 -0.0445292814536661 0.0672181881292638
0.0787992217018135 0.200567704905269 0.0619926250090829 0.251264381578362
0.261876700940092 -0.0505975744581778 0.122300324017615 -0.0107513708641935
0.051511002683953 -0.297419906250307 0.0155009289846432 0.091495354539135
-0.140302291807938 -0.16314807544402 0.0991672587184659 0.0786019381159064
-0.146358038572365 -0.0549193152957032 0.00968474289322754 0.0542552636108896
-0.0960307733575604 -0.0278355859955603 -0.087076494401023 0.146538779595616
-0.0687694222111659 -0.0334540797560665 -0.173756925410388 0.142237504267046
-0.0521799867933511 -0.079519789345967 -0.240956362102597 0.0121428820233203
0.0466969169526099 -0.143098960327385 -0.144962660885711 -0.186188809615539
0.203736863964797 0.0444029192738989 0.212722661162213 -0.25080707353226
-0.0156570667051301 0.146850138326778 0.459864242650094 0.188304420001116
-0.00151968477002777 0.190912534635081 0.137979067359465 0.611865011308878
-0.158178022564674 0.0888480687166644 -0.0958118602999875 0.768841235445714
0.144544568515591 0.139061364905855 0.198945378415485 0.30871056456691
0.0736390563837438 0.00755057598709303 -0.131646657535079 0.0994372661403471
0.0992599168995048 0.13314112608193 0.0413967692417096 0.344963365016333
0.303890347237133 -0.101531427989037 0.250356851186687 0.0208514121499406
0.0494266483951988 -0.367312316116484 0.0572196711972203 -0.0298490582091058
-0.154139235512313 -0.20915367401107 0.0467443762788493 -0.00386101341840146
-0.134791056066665 -0.0947138504783392 -0.04826381686116 0.0186181358393246
-0.0516198094090449 -0.0819897325247678 -0.121690466212011 0.125704280316891
-0.00441723042455942 -0.0671163655387139 -0.187383410732006 0.131149586955336
0.00362181789544682 -0.0728618990541727 -0.250730621887978 0.0202837528270072
0.0761276895697686 -0.141729602648787 -0.189916939001412 -0.17157101534933
0.28542452136451 0.0468666755773265 0.147957722361575 -0.305064152257745
0.0173833772633141 0.252818434493776 0.437176838531143 0.0584827039274142
0.0541451822794191 0.240762228785735 0.297393309434414 0.524541649621279
-0.0948312765276872 0.319339919289646 -0.0468608234210121 0.731756137038631
0.259343098796589 0.395324821380939 0.0733499085780201 0.173312692537697
0.311352878101442 0.0556241265333033 -0.256614814036089 0.0653290036368315
0.173188621784947 0.0249766499497129 -0.0661229203521697 0.418891016033654
0.307617908683251 -0.146045774202639 0.343071767655995 0.111766509749414
0.0324984373522263 -0.372284266686384 0.126257737581666 -0.133511621858252
-0.132017620000118 -0.20430332862753 0.00183384656651101 -0.100191011945101
-0.0890567452518889 -0.111685347036814 -0.101919244492433 -0.029330317691561
0.000270045508926861 -0.124228802775645 -0.138519467874126 0.0867222161471164
0.0489328881421722 -0.101383772694633 -0.171044695360619 0.104691566572102
0.0489819220584339 -0.0871319437250893 -0.229360003300105 0.033159064217188
0.120845247707825 -0.1523542491936 -0.219460482425603 -0.132838817498755
0.341696614934056 0.0416601259033506 0.0363947968837564 -0.335008142495059
0.0953378751193849 0.295742470691783 0.385246981458199 -0.119989180779182
0.113144407719075 0.276339930659953 0.445823868848606 0.360850840540854
0.0194692770139207 0.476384266518587 0.0138100381280887 0.618279279804968
0.260927923636229 0.593959500565147 -0.0357284197319484 -0.0282850432720051
0.427688633078007 0.201206132879704 -0.34764959559249 -0.0279946367680982
0.272868055665596 -0.0140458062088328 -0.212654292288399 0.400476537568061
0.293838402599812 -0.172742317816496 0.342605884712186 0.225184890966401
0.0107642446415751 -0.317008848900687 0.191869039556964 -0.167750943029354
-0.0757090063228637 -0.146389339570944 -0.0118866714226562 -0.171738161851308
-0.0110510089594838 -0.109492614164915 -0.123637893737732 -0.0750366164582628
0.048048383314488 -0.147048426437016 -0.133909883303136 0.034064436298366
0.0763862861429256 -0.126670831669654 -0.142399767384858 0.0618292284994267
0.066193216894053 -0.11396600415188 -0.191218183869694 0.0224095981469494
0.145386047214838 -0.175646888795134 -0.201535615520901 -0.105131262447122
0.344829908256026 0.0173818168383905 -0.0521635145360317 -0.290742519110669
0.178002645709087 0.231909957814636 0.262853844194149 -0.268317466274889
0.19901614870237 0.271118609410325 0.523589307963265 0.181754754971183
0.163094454951134 0.549224302957561 0.0320996578442081 0.441472106594172
0.197227515038755 0.69192247607854 -0.0791323438046923 -0.256445912212508
0.423014213574704 0.31900694044543 -0.347856839231558 -0.166098492094601
0.301191335045773 -0.00978207113508326 -0.362093347464273 0.267524022106955
0.243783749262126 -0.147264204618201 0.240353738172747 0.309117124075848
-0.00619077036665032 -0.205087441036072 0.219517313035119 -0.123340700892544
-0.00481568817959257 -0.0561053162170984 0.0109960206936439 -0.190084880134607
0.0715715678676584 -0.0869574811831413 -0.0988799166744513 -0.10934482940263
0.0871766349931813 -0.148641475332208 -0.106386099524425 -0.023745847622776
0.0837014371452347 -0.129975149011949 -0.114508151599363 0.00907236184984445
0.0577369609857549 -0.121061413577857 -0.160658009768435 -0.0208914821704122
0.125946243990157 -0.169308458225379 -0.139119509281245 -0.120511378350736
0.257516447243244 -0.0191403577755086 -0.0665410907866109 -0.186166562207155
0.215049724257346 0.0866293604175959 0.0975913325762986 -0.324771439932411
0.27389877459278 0.195837118070619 0.492146940504528 0.0400038305866041
0.299476352195547 0.541365090866223 -0.0133978695706703 0.226628850488185
0.146893615474039 0.655262305347381 -0.046017559739423 -0.462940042325361
0.366956166443091 0.287899188336369 -0.232395186943933 -0.316521346849944
0.211899948077199 -0.0234209497163024 -0.436355589273223 0.0390866698793262
0.142533954880206 -0.0882875560690357 0.0636804956147958 0.31248648106657
-0.0231262305895087 -0.0632898897953979 0.193841770795526 -0.0220415160568854
0.0589215089219137 0.0298632517050241 0.0651348192328649 -0.150652664038362
0.131757815529707 -0.0566656341694545 -0.0332204087511996 -0.128757594068288
0.112471503484795 -0.130213795934294 -0.0629173267960637 -0.0781569466878823
0.0880112003957663 -0.104834469048759 -0.0955142492649357 -0.0405874496291604
0.0516403346552581 -0.0858577411674946 -0.150396148540236 -0.0791308243648806
0.0730107269945578 -0.100062422397016 -0.067887902284651 -0.168850892043897
0.0966274101421959 -0.0480147156216311 -0.0318056208776992 -0.083910021159129
0.190769590726379 -0.0614985204182554 -0.0129289028902451 -0.310130772390754
0.291674124342656 0.0633487869545932 0.377015855421451 -0.00999853260472831
0.378747146949416 0.47158358954176 -0.11716407392094 0.0149459752721243
0.152751192162463 0.48291437469229 0.0334128688790294 -0.622887175495524
0.260942605894386 0.10798764705551 -0.0815712466065178 -0.468852279998843
0.0735584127886347 -0.0356293355172411 -0.459782680407406 -0.176415743702123
0.0272182138310674 -0.0460582845648565 -0.1015011409492 0.267650954944938
-0.0361155467997575 0.0580701504153869 0.147851231010368 0.0874955901127322
0.0938349544434795 0.0795003443513219 0.128502415363277 -0.0848163723026467
0.154041860121437 -0.0248595077481469 0.0518103534074996 -0.135341483333782
0.119348826739934 -0.0916440988708557 -0.0101727454740661 -0.120622060369037
0.101705936620728 -0.0590345902964287 -0.078542869113279 -0.0719482048259342
0.0686987442963019 -0.0103811923523211 -0.154827946318396 -0.120788298793438
0.0120494873532622 0.0241673373832734 -0.022528696674635 -0.203600233394941
-0.0641725994337748 -0.0502020853203214 -0.00900144856459727 -0.0241888580553486
0.103123958692186 -0.141336709694523 -0.0423500444972976 -0.267403436606034
0.26325882074299 -0.0746591199511023 0.21143245005655 -0.00327248848064415
0.360558441883545 0.370725542882197 -0.230884451700584 -0.164305657200345
-0.239290374562243 -0.269908311019607 0.287063873426233 0.301170808556573
-0.235729013503083 0.124785911760042 -0.073362435435132 0.00649207812453151
0.0108500488734776 0.17538039595161 0.0377607028384895 0.224424498873129
0.17209219620235 0.0097065628273749 0.0398919062387834 0.00166500719029065
0.0311780330743239 -0.176729524690827 0.00556504355241853 0.168101662945783
-0.103602838621843 -0.0819169818755494 0.133950137003337 0.120876058037404
-0.131118558974728 -0.00265424875543957 0.0542268207204454 0.0708440156999565
-0.125623734673878 0.0285692864931794 -0.0408620742738078 0.144446714324938
-0.126175567508298 -0.00455905242385187 -0.12546692604099 0.144535924961316
-0.092195286180862 -0.0906911379365209 -0.199149562113201 0.0335473470091364
0.0330475397129145 -0.121929110374767 -0.125454912022666 -0.156252658351189
0.102807163099961 0.0353725643535004 0.203180440657541 -0.236379062925923
-0.0135789522196098 0.0645579623432051 0.4847532956197 0.241227259179288
-0.11385646493576 0.0955664609962854 0.0438598798040034 0.591762419448301
-0.170322983465051 -0.191158084304587 -0.0914694883961511 0.733747786656119
-0.0505024923653469 -0.0947966426687084 0.283330742356476 0.349661411126736
-0.142036867341202 0.0774304732563155 -0.0439862462005874 0.0665939777337946
0.0793095203617102 0.199127526298689 0.0640057435141256 0.248870188971623
0.259705415740103 -0.0541105069878484 0.123188325322848 -0.00993610494524198
0.0503020261841647 -0.29667502029125 0.0159456117169845 0.090557615736497
-0.139585554899566 -0.162534914213422 0.0994268621706334 0.0776758689106116
-0.146316636432858 -0.0549306517751 0.0100744682643765 0.0546528457219641
-0.0953041479772053 -0.0269194880446552 -0.0872498459743138 0.146233240018256
-0.0688178056019042 -0.0342168871156965 -0.173181863960836 0.142377999799513
-0.0520394548036245 -0.080289736492801 -0.240385813023406 0.0124812025166497
0.0458514825731747 -0.142277463374371 -0.143933825644475 -0.185810719914553
0.202821704388938 0.0443815998641785 0.211553786647732 -0.25040625802718
-0.0161376276211442 0.147210648726351 0.4594134706182 0.188617868929723
-0.00201544523542364 0.190813139608743 0.136313881358444 0.61055526238993
-0.156601005055118 0.0878080581306051 -0.0973996655586657 0.769274953152607
0.144133344198851 0.138177809404113 0.198943607411938 0.306234277951756
0.0737302330618226 0.00777830089919343 -0.131641242927766 0.0990999705903726
0.100027177158191 0.131614067816098 0.0425909142193336 0.344713027821341
0.302854499395097 -0.102737149532639 0.251224616284727 0.0197425816359189
0.0476191065422004 -0.365508711894877 0.0571621376114909 -0.0302281751137641
-0.155256447599418 -0.209168430078955 0.0466693535494577 -0.00444437982253696
-0.134808086031984 -0.0940642917011777 -0.0494334862877791 0.0187011824613568
-0.0518647309012258 -0.0819650984864445 -0.121255407264331 0.1260934064837
-0.00378061936781907 -0.0673612767605864 -0.186162485117781 0.131973385735708
0.00405303842458063 -0.0737527343861089 -0.249491837792796 0.0219174961181939
0.0770856057990494 -0.141844567948087 -0.189130899882302 -0.169830287570921
0.284570032451332 0.0456932338928452 0.146896442040547 -0.304104248866506
0.018368619695657 0.25218161374201 0.436560485988076 0.0570679477990484
0.0543932876377398 0.240578628584954 0.296268768250167 0.522563400277966
-0.0942372690140581 0.3194856628536 -0.0456911934913853 0.73048592165132
0.257803389271713 0.390298480278624 0.0735194882223352 0.172150052783128
0.310057666385021 0.0559474047288722 -0.257189315769005 0.0650899702735804
0.1733808136214 0.0250773917410578 -0.0621184509724758 0.418131502816943
0.303044672434585 -0.150955679610876 0.343523833347917 0.111486213934517
0.0310669532398824 -0.371732131650682 0.125932272770854 -0.133647276167616
-0.132223129990988 -0.203549072947164 0.000912505972974085 -0.0997387689320468
-0.0872137870983708 -0.111962335836634 -0.102212381767909 -0.0282556692487181
-0.000762212093154417 -0.123844723448896 -0.138505491620133 0.0866950905858422
0.0479332359713123 -0.101851892267897 -0.169928289788746 0.104425496894803
0.0496429413483964 -0.0873706403507332 -0.22852121997246 0.0333149523028461
0.119772433013079 -0.153008612796905 -0.218464497249323 -0.131494560344082
0.34164354770607 0.040287784655089 0.0352916223021594 -0.335671077834934
0.0971640036652513 0.295258732843533 0.388502749195804 -0.117729006658416
0.112779144785549 0.276276008191162 0.446303918727571 0.363270036773715
0.0205091958680184 0.47523513778848 0.0125342474940855 0.617832851711787
0.259391359729384 0.601139818609638 -0.0368394584684994 -0.0288081585100902
0.428488609459251 0.201716288869781 -0.347529819920267 -0.0265900304552141
0.272621013907844 -0.0150015927737751 -0.211221262708214 0.400703170505031
0.293518536809861 -0.172997492014943 0.343618307009622 0.222704171489317
0.00997142457925944 -0.317019842922074 0.190729773921325 -0.168307968150189
-0.0769206099245575 -0.144808388185227 -0.0115398555248652 -0.172677949508666
-0.0113342242699678 -0.109189311718367 -0.123873185252799 -0.0744081656780922
0.047550669491791 -0.147810900609511 -0.133093203857917 0.034916011897455
0.0760307545273915 -0.127151923950347 -0.141336789396825 0.0621008649118372
0.0656081937478773 -0.11398211168028 -0.189950559742379 0.0231608874909256
0.14389770809015 -0.175780168580986 -0.200336436421486 -0.103996968361685
0.344263073384402 0.0160882785752237 -0.0535084292606528 -0.290079343329091
0.179099010942537 0.23194214109429 0.261542066251449 -0.26847246453514
0.197887579476359 0.270588993784091 0.523306680844142 0.182699043560935
0.164066532641829 0.547245122247533 0.0325676067777889 0.438476635163682
0.192204823378688 0.69513084376589 -0.0792515534297062 -0.257695258208686
0.422759214382165 0.315534272034544 -0.346648668723638 -0.164463033998509
0.301562474726357 -0.00937824316321811 -0.355207755175498 0.268646112952239
0.240686149110117 -0.148872719509998 0.239834957034047 0.306950688566874
-0.00614439138970662 -0.204698141983184 0.218034655356967 -0.124120344326879
-0.00565885302663346 -0.0556809645077358 0.0109747232172421 -0.18973236203169
0.07351942749648 -0.087699341983076 -0.0987991642796558 -0.110258671113111
0.0849695833681084 -0.148621875887855 -0.107027713645792 -0.0233512587895273
0.0835081370415949 -0.129976814715756 -0.113956623144898 0.0092712205955614
0.0567026057821483 -0.120750787105556 -0.159018170807822 -0.0196381505563675
0.125943658404312 -0.170438919884151 -0.139600278638998 -0.118671107410814
0.256795028856731 -0.0206666381072329 -0.0671874086547248 -0.186377376390911
0.215089040596331 0.084600430846631 0.100007382997366 -0.325141636389663
0.273716942327158 0.1949976814343 0.493752245281894 0.0418742956979726
0.299036959857369 0.537769426127508 -0.0144665754947022 0.226351749006973
0.143484383492268 0.659708383372309 -0.0457455302894375 -0.461757114846297
0.365699104723919 0.287061172036007 -0.232667218703759 -0.314959684238666
0.210558271367162 -0.0231683953867871 -0.433888177249191 0.0395688381831271
0.142107436814698 -0.0890651988172345 0.0656611838052179 0.310365957674327
-0.0243653423224041 -0.063550427216224 0.194573057978319 -0.0220219845836142
0.0585344640227948 0.0293000867117361 0.0644263204980838 -0.149969201495073
0.131571867635072 -0.0566346256316669 -0.0333265777228383 -0.127960279224109
0.112349581484243 -0.130491713920134 -0.0631080854487474 -0.0785511403019815
0.0884617207458569 -0.104922351674061 -0.0940254395109163 -0.0404210094929631
0.0504018393970631 -0.0851772581314466 -0.151072519673709 -0.0788517533012437
0.0719442036343287 -0.100335933512008 -0.068666112984813 -0.168085177133184
0.096191814351055 -0.0485392136647814 -0.0320081090368666 -0.0841047049940664
0.190936507865895 -0.0616715932061238 -0.013536147439246 -0.310618401613796
0.290777884538912 0.0633002486253456 0.37566642932927 -0.00928001181659141
0.378435175944723 0.470916167479553 -0.117960013063504 0.0146512717728614
0.150470721082997 0.487031910561408 0.0337177392932223 -0.622369865456519
0.260928245454693 0.107520443816107 -0.0816888484880569 -0.467569331069822
0.0738260557474235 -0.035133947607977 -0.455831596453333 -0.170104673374977
0.0261930358496766 -0.046642495025639 -0.0997713499644002 0.266118671348954
-0.0356624767199476 0.0579156632971752 0.147297727341984 0.0854968819400484
0.0937799472339665 0.0779071903595167 0.128031913548301 -0.0853051273022084
0.153019154188489 -0.0251519970383034 0.0524389918950116 -0.134882747040041
0.119299164610818 -0.0915263340623667 -0.00997573050064026 -0.120525570821559
0.102134716506166 -0.0590498271882368 -0.0789428867090086 -0.0716358504284735
0.0682256954688218 -0.0102020071542684 -0.155018042282977 -0.118926606503838
0.0121977866481437 0.0235771422334242 -0.0242410502831097 -0.202780718331122
-0.0647183111976594 -0.0500492534736684 -0.00908921012876204 -0.0248504249112544
0.101585977954359 -0.140509855084135 -0.0414973703721461 -0.26893326466609
0.262032304987516 -0.0747416232833554 0.211568999378586 -0.00122177937983681
0.360155730398977 0.367267863193983 -0.231716930450923 -0.165075404912332
-0.237989818892042 -0.269495881646614 0.287937846388766 0.300768766710077
-0.234370182340282 0.123964044754032 -0.0733050913998795 0.00583267622161279
0.0111826045347967 0.174466420072817 0.0384607327892871 0.224476380508648
0.171368733291222 0.00864166113504025 0.0406355430467734 0.00186159039210974
0.0303236047068248 -0.17622847868555 0.00698756437431753 0.167316017393026
-0.104400383601603 -0.0813592740062742 0.133796912708353 0.120436728156514
-0.131348659452279 -0.0022598328972616 0.0539562728479951 0.0706813144783661
-0.125009221075979 0.0289617563356547 -0.0399820412180276 0.145944300673888
-0.12621247626597 -0.00461594759725708 -0.124551290862636 0.144779634672249
-0.0922168443269254 -0.0906346416787129 -0.197915217066638 0.0345020437383346
0.0328386293336121 -0.121643703756377 -0.126057823648708 -0.155429516857332
0.10271973487365 0.035932246965627 0.202377829568639 -0.235963675343287
-0.0135067621699344 0.0646209794888251 0.485850557217903 0.238915248133423
-0.113003720865593 0.0952972030245531 0.0426593434299931 0.590174446649289
-0.169930500736371 -0.19046266828835 -0.0890639284708197 0.731918027983658
-0.0514893129344075 -0.0934273434347453 0.283827156337716 0.347985474151593
-0.141764806652574 0.0774581081572632 -0.043748101594934 0.0665969002319571
0.0791775840640626 0.1984363461161 0.0652399992300242 0.246183006490665
0.258546877649957 -0.0547880658257308 0.123499572512971 -0.00976258516103926
0.0485890033806815 -0.296735775354285 0.0176621925468505 0.0893018735570023
-0.140770060113449 -0.16260907378002 0.0996698831911544 0.0766981310142744
-0.145804124413747 -0.0558577792354546 0.00940723096087803 0.0545361111193542
-0.0963673694893819 -0.0275745037925265 -0.0861660178142799 0.146848559100291
-0.0687373210740522 -0.0341887316688608 -0.171897645510912 0.142710062014289
-0.0519470598775338 -0.080247184049278 -0.239935535464321 0.0138495586511609
0.0456064438069223 -0.142250898967428 -0.144450998825203 -0.183799119609195
0.203697476379018 0.044277619544979 0.210524055167314 -0.249454247797299
-0.0155109332026894 0.147330841698811 0.461619133176339 0.18886078194378
-0.00141915789130386 0.189922342470246 0.136721366420981 0.60868580400175
-0.156832236739547 0.0878750389737626 -0.0967495953645727 0.768189009161692
0.145112025419881 0.138742009586858 0.200338297318283 0.306989876152669
0.0742801661975535 0.0076579918155952 -0.130655347152333 0.098794554340752
0.10070484307187 0.131943200810488 0.0432834178172979 0.344633919464891
0.3017041091022 -0.103240424256265 0.251985351550173 0.0185804198693119
0.0462071985498868 -0.366366402808923 0.0569516180206805 -0.0303734590773163
-0.154960783209594 -0.207499797204796 0.0460378154456232 -0.00466942240514836
-0.134482635246261 -0.0941010536337475 -0.0497532004379617 0.019262890044445
-0.0519999133187833 -0.082069922294861 -0.120499549701175 0.126708523584198
-0.00474458944318555 -0.0675168498567545 -0.185286372636064 0.131265250299655
0.00395822739188934 -0.0744612348305618 -0.247701253305724 0.0232067282220691
0.0763471799351072 -0.141705608367706 -0.188941935343469 -0.168522151363309
0.284342911407736 0.0446488376784329 0.145242270096871 -0.304578084642618
0.0189598438358728 0.251433118097903 0.43649802300402 0.0553124576059495
0.0543813626116651 0.239445487963007 0.295499629613839 0.520316053923887
-0.0936956450223495 0.31830246045512 -0.0470630957738638 0.728330654312069
0.259317548263558 0.389279129321919 0.0737189522018358 0.171585012798788
0.30977280776394 0.0563062916753553 -0.255654755845346 0.0665358575890729
0.173831431394233 0.0242185706704636 -0.0563410182356453 0.414022556619204
0.302119994550742 -0.150753018301265 0.343028599472682 0.109047235562869
0.0294886529998836 -0.372713814740304 0.124683422713638 -0.133978285199883
-0.131808141721157 -0.201980772946645 0.00109662938703502 -0.100151257993318
-0.0856137182585807 -0.114869582322467 -0.103086713322074 -0.0282307465618196
-0.00148643098520015 -0.124952407012681 -0.137893459316548 0.0881181754756524
0.0468791000942968 -0.102419283586636 -0.169852810955213 0.104767012075603
0.0483140098008146 -0.0885272097194095 -0.226224702058627 0.0347548437743782
0.118634327807419 -0.153049082675269 -0.218799641421671 -0.129418030668957
0.340967087049496 0.0373886923806207 0.034388352239232 -0.335131117128387
0.100373209048449 0.293356365714046 0.3858288913521 -0.1215008475712
0.112465962990723 0.276945969810686 0.445333710703421 0.36311605526056
0.0196174773170089 0.474644718015615 0.0126981369648694 0.617095257986903
0.260491107304568 0.59736741266676 -0.0368360133350075 -0.0288186217677173
0.426861264180299 0.199465134390691 -0.346840211936315 -0.0261190865361172
0.27333081057518 -0.0147060175821755 -0.209041999908411 0.400140921568028
0.292119654570893 -0.175619566508494 0.344162250538298 0.221300343271614
0.00918568366030764 -0.316701346360906 0.190092133048237 -0.168787686399086
-0.0771678725320569 -0.145665610471381 -0.0130563286161479 -0.171723715200016
-0.0116090686279182 -0.109230738149968 -0.123821902972144 -0.0739194868947753
0.0469331790548286 -0.148340172747739 -0.132714995166695 0.0350587063138894
0.0756022722154941 -0.126807237790677 -0.140279176323821 0.0620446160042819
0.0654731036746617 -0.114737003749529 -0.189337182520557 0.0236298385963654
0.143156509840153 -0.175120477594795 -0.201145500997883 -0.102461620697068
0.344210099243499 0.0140615649961972 -0.0550583463855905 -0.288853555399564
0.179752554762044 0.231298787205348 0.260770122788343 -0.26863366950079
0.198497780419766 0.270679469750676 0.522152402654036 0.180646046559022
0.162672303587717 0.544704927298036 0.0325265130393697 0.439114043083785
0.197995936279785 0.684603942101389 -0.0804841043086273 -0.254455426341175
0.422236562708172 0.316445555650527 -0.344099721412272 -0.159518550199808
0.299747952679013 -0.00989074542020457 -0.348206191606458 0.268873563836196
0.244150764135471 -0.147640929143709 0.241214519469177 0.302267318962458
-0.00715707624192563 -0.204199017596742 0.216386076142234 -0.124384886562652
-0.00461914031686439 -0.0560722982314208 0.0109627343097318 -0.18885297899426
0.069523287446741 -0.0875359029229171 -0.0994184692136137 -0.108996332198825
0.0856744578185156 -0.149996705005599 -0.105870886663638 -0.0240337450985935
0.0847904504730267 -0.130040798250459 -0.113780935503763 0.00854917778749506
0.0579607187795868 -0.120867909268371 -0.158736444240524 -0.0195525459164872
0.125596225425364 -0.169585322571226 -0.139809151882681 -0.118332880103152
0.256672824371313 -0.0234798743630949 -0.0691632459494716 -0.185524692793455
0.216025210477896 0.0816504928981207 0.102072105316357 -0.326902472049419
0.273048470398881 0.194052907365618 0.494919528120699 0.0426552348486883
0.298480872402691 0.537804716932977 -0.0154136195421083 0.226916978666746
0.152250906953641 0.649469339896199 -0.0468916481408811 -0.461034389016588
0.365122140143015 0.285811326722602 -0.231447278084248 -0.314359972001512
0.210664760252475 -0.0224737834761468 -0.433328325331242 0.0401305409879699
0.141232098947698 -0.088221040348578 0.0653777055209791 0.309500316394245
-0.0237276880055904 -0.0629299371053566 0.193236156689951 -0.0233673491027352
0.0587598305683236 0.0290884994560377 0.0626626775621773 -0.150688658344665
0.130159730652122 -0.0578341243828208 -0.0330485719623773 -0.128642402678186
0.111417170651146 -0.129650343483373 -0.0628279413651637 -0.078139107031521
0.0881243394822406 -0.105578318706441 -0.0940673105649811 -0.0403517922377132
0.0506705780161841 -0.0853373867771384 -0.149303897309646 -0.0774160953442675
0.0708317575885958 -0.0995353372618404 -0.0697870229313709 -0.166931652171641
0.0969106608395335 -0.0495025364719364 -0.0331372747149156 -0.0840996697043892
0.190921804103724 -0.0618025203520645 -0.0138796383501573 -0.308736737819454
0.290427239297536 0.0624983671598408 0.376536788152887 -0.0104886874211664
0.377697340249766 0.468890070224592 -0.118082246254951 0.015544403427161
0.154606661223173 0.481014419530607 0.0290853799750284 -0.616040350214587
0.259425518764597 0.108496314306103 -0.0832599285262142 -0.463468858062113
0.0737496675350932 -0.035265897394362 -0.458946776036405 -0.176130071654455
0.0270535035963441 -0.0462575689141614 -0.0973017731074944 0.263716457204676
-0.0356352138441967 0.0581658322919357 0.147046118006387 0.0844178511522476
0.0938420982637183 0.0779960557356764 0.12789134491242 -0.084636911834883
0.149842768971669 -0.0272820122426106 0.051406308893505 -0.135818422068055
0.120333197439762 -0.091777946316362 -0.0108811357816783 -0.120250990176054
0.102653060573019 -0.0596322135208662 -0.0783351304917393 -0.0722324501151847
0.069066590669242 -0.00981444784720375 -0.155099363601514 -0.119347217021459
0.0113561881208183 0.0235990586637109 -0.0243697741585556 -0.202270158491089
-0.0648605749025378 -0.049182439044864 -0.0107091854822804 -0.0256843531357951
0.100725440193145 -0.140144232066882 -0.043815991905741 -0.266790371221112
0.261247419015739 -0.0742912757660656 0.211556718529544 -0.00238321951305404
0.358792711139486 0.368783406090447 -0.23104596987611 -0.163962179957722
-0.237854089485586 -0.268652816875978 0.289002957114377 0.298818418414144
-0.233560541329163 0.125612613865659 -0.0736530348822117 0.00600052116699613
0.0117906447359111 0.173900025313119 0.039074022267901 0.223663308545655
0.171287206144859 0.00846184003866659 0.0421062380866999 0.00196255368333375
0.0292485928154834 -0.17630689922741 0.00742018380108468 0.167630148599647
-0.103734507328129 -0.0819147254376922 0.13412695761637 0.119444081858397
-0.130917506957466 -0.00158132568124732 0.0537656037048149 0.0702118031050519
-0.125985016730407 0.0290508988462959 -0.0398092455330656 0.145709742249485
-0.125272096478756 -0.00400892746387054 -0.124008904423299 0.14469429542592
-0.0926397392511419 -0.0900974473072223 -0.198266009898799 0.0360611569060741
0.032943793983567 -0.122119354946176 -0.126131253228014 -0.154191225274165
0.103086011501797 0.0354740537823294 0.200266306978856 -0.235438074815757
-0.01441305001538 0.0643948135150565 0.484187678462308 0.238540736011337
-0.112510366847863 0.0942587540147378 0.0429856333939223 0.589733737693413
-0.168890238424782 -0.190482329704257 -0.0860726620430706 0.730297685396918
-0.0503083911074175 -0.0931367951608871 0.28464436183211 0.346142951357631
-0.141468917345754 0.0772669079250996 -0.0438861894211902 0.0668895868502767
0.0800491400683848 0.197649318942915 0.0635694126768142 0.249632920949064
0.259505110092046 -0.0545668697746259 0.124384412973754 -0.010652706304748
0.0472366607993176 -0.29697308235636 0.0182032975578773 0.089822831972155
-0.140168685258648 -0.161029665541445 0.0998805462574288 0.0760718183467915
-0.146477327298128 -0.0546961019197888 0.00873955858252226 0.0549500327128906
-0.0957268931972186 -0.0277168866168526 -0.0861968592277607 0.147503402753263
-0.0683986529350783 -0.0345957832579829 -0.171445289382929 0.142552151799101
-0.0522808709924721 -0.0798238952121551 -0.239005954727995 0.0156517434313166
0.0459091703264076 -0.142033335198736 -0.144980557887929 -0.182613608777561
0.203092560846152 0.042874958534804 0.208699205835283 -0.249894079779347
-0.0154148137940839 0.147428423524961 0.459081424643825 0.185220815597665
-0.00193330813677915 0.189033143154599 0.138802685176534 0.607996960505589
-0.15614493538233 0.0879128868834289 -0.0921128381806728 0.764582778458945
0.14573051610886 0.138874217754238 0.199780116036893 0.30646041385189
0.0741168209947694 0.007721966487118 -0.131263932200391 0.098412445072168
0.10156676386703 0.130032487435825 0.0439437382683444 0.344386423789421
0.302192994205901 -0.105920121725126 0.25273686721672 0.0184917236129741
0.0450513059814565 -0.366375100289981 0.0566113718544556 -0.0312419070729369
-0.155384509300479 -0.207341443562706 0.045451446831005 -0.00501363833692316
-0.135009677109488 -0.0939913691845741 -0.0501745585499741 0.0193056275529629
-0.0515582621719658 -0.0823039926342694 -0.119234276847899 0.126735270732234
-0.00392687727098305 -0.0669765751969655 -0.184056286666168 0.132053557050014
0.00413256947117295 -0.074018653904692 -0.247476679967154 0.0241193654542672
0.0765212349396686 -0.141713540580347 -0.187926860268289 -0.166784827682476
0.284347994253873 0.042859459106971 0.143516509884527 -0.303695580626279
0.020042462596579 0.252374365065302 0.435229261261501 0.0548591547024948
0.0543886125667926 0.238832017735248 0.296921920676258 0.5188430355657
-0.0909503302333521 0.318439080317017 -0.0431422425506237 0.727679836190816
0.259418795586908 0.393480398884829 0.0736885350520681 0.172942023770574
0.311009740151355 0.0546400290934857 -0.254315108234203 0.0669897819450345
0.173900185208168 0.0231337927317611 -0.0559181357163985 0.413912271048105
0.305084549127307 -0.150079877953602 0.344271778985608 0.108134371408066
0.0271011148658297 -0.373310926729529 0.124055915899334 -0.134276318979417
-0.133303556109998 -0.202306405213383 0.0002984550652186 -0.0996633121111321
-0.0882062202903097 -0.113393316508249 -0.102888551896871 -0.0274558178744274
-0.00134519719773194 -0.125229264465861 -0.137272288521064 0.0882229684969489
0.0480599604522574 -0.102494288029371 -0.167716526532482 0.106111506669645
0.0488490002634111 -0.0884634796105094 -0.224303707500453 0.0368038974414597
0.1182482227789 -0.153429994507944 -0.218385627504347 -0.127658774474384
0.340207730226753 0.0364599559748757 0.0312174180186738 -0.33360289587863
0.100377597386421 0.29313030694744 0.382201292214439 -0.125506135877459
0.112913902318321 0.275530232216045 0.443937507803996 0.359457449253606
0.0195332656755692 0.473620735293093 0.0126804643614162 0.615883974640341
0.263859551848069 0.587742175746753 -0.0355166797904626 -0.0280848260089657
0.425450460850605 0.198817342488766 -0.346728516590251 -0.0255171664045548
0.271975902364651 -0.0149457460616691 -0.209149405065455 0.400940395151117
0.292673018923422 -0.176613415597301 0.344593132341611 0.221155267605441
0.00649295518692157 -0.316602912526014 0.188975826162758 -0.168598041263391
-0.0769036719009037 -0.145000646058946 -0.0140478518287794 -0.171791685224197
-0.0111586665808172 -0.109332941637723 -0.124512472714754 -0.0733721923227631
0.0464242353232467 -0.14871860870485 -0.132885063679498 0.0352255896554645
0.0751191694179519 -0.127650466030731 -0.140223905024566 0.0620228963831776
0.0649447373789766 -0.114107340127877 -0.188149140103692 0.0245548115620345
0.141983939448765 -0.176132749454619 -0.201145888142589 -0.10082481565292
0.34390004732876 0.0119566200938626 -0.0567343660734491 -0.288507592756143
0.181529721866258 0.230386694047943 0.260385897472438 -0.269253085841388
0.197640410334789 0.268693621613978 0.521154897616769 0.179266510786357
0.1642847474931 0.544428861537291 0.0303822604181391 0.438682158835961
0.201399008943528 0.678896556852264 -0.0812518327202292 -0.252328976114617
0.422660170387155 0.315742316417848 -0.344135324008093 -0.160584817252032
0.299215186323626 -0.00984360171272926 -0.351748387262444 0.269637992522789
0.245379033683633 -0.148936337793812 0.242044873243705 0.301079912542034
-0.00808024730200229 -0.203745530298497 0.21616963823206 -0.124539858254561
-0.00451611270557406 -0.0562649234538466 0.00951077967295129 -0.189493801886679
0.0666289288420455 -0.0873347232021 -0.100257123145713 -0.107857248862954
0.0859349914734769 -0.150731525277221 -0.106240612225209 -0.0240060091740234
0.0835229361714634 -0.130785014251414 -0.113191421029816 0.00924488615463609
0.0576837374376213 -0.121146899063281 -0.158622490982457 -0.0190130454851924
0.122207752333313 -0.170819565997996 -0.140763227340603 -0.117433724116777
0.256300767706555 -0.0247731742042828 -0.0701409948105714 -0.185020920329034
0.216409582062787 0.0823590012757265 0.0981934276609352 -0.326794015645822
0.273150962249082 0.194484610869981 0.491390131485329 0.0397720340006374
0.299102653583519 0.536437522449588 -0.0140751553533388 0.225836049274417
0.153077185563388 0.640777358426218 -0.0477716454905767 -0.45782112765036
0.365078480445386 0.286663551383117 -0.230898558499538 -0.313790893830882
0.211318062905392 -0.0240338935866588 -0.432835278856749 0.0410616857310325
0.140840576991553 -0.090070405986866 0.0674664254663959 0.308018783181827
-0.0240699620554576 -0.0623810206571282 0.192834517581695 -0.0248870556046825
0.0597435692928051 0.0276050297966987 0.0622062827614579 -0.150561957359503
0.130162761947323 -0.0572279332271647 -0.0336636884487409 -0.128499856322992
0.110475969771371 -0.130783361421397 -0.0626870728331374 -0.0789731392338546
0.0871068378642716 -0.105559001120425 -0.0943727134093427 -0.0406498570795797
0.049740154348431 -0.0849315863530371 -0.150041948894826 -0.0765940342691587
0.0698847317632599 -0.100985319790833 -0.070531652351358 -0.165538954710762
0.0958740103647125 -0.0504715257033621 -0.0342819061939521 -0.084525325105504
0.190628846062555 -0.0625072407002067 -0.0152881691469877 -0.309983002016793
0.289208040852716 0.0626377769203418 0.37527412737122 -0.0106149776320096
0.376552853351784 0.467469558305456 -0.117886236635217 0.0155611120942329
0.156454376663922 0.477472986186738 0.0279066906510267 -0.615912068273688
0.258967632427873 0.106878526726111 -0.0836653456089203 -0.463761721086453
0.0733353390300639 -0.0348954026488458 -0.45982308056728 -0.179061888678126
0.0258832156813162 -0.0465902163756676 -0.0960286685147167 0.263572787556297
-0.0361223086248609 0.0581711252017063 0.147103754570575 0.0842069394489876
0.0944757711346146 0.077907437456636 0.127071151590008 -0.085654656734731
0.15030307224113 -0.0274286315050456 0.0494865725468521 -0.135979199546249
0.118764595573786 -0.0922516348970941 -0.011468399773548 -0.120692612247248
0.101125833373816 -0.0603207137765906 -0.0777242542643992 -0.0717780352099969
0.0681277777827125 -0.0105533487216195 -0.154013657877046 -0.118237791712021
0.0109678811837071 0.0234074460008478 -0.0258835185185105 -0.201329307850213
-0.0640150952743687 -0.0494096470037599 -0.0117577015964664 -0.0254100325739913
0.102871129108831 -0.140894638986389 -0.0451473849457293 -0.265151877032255
0.261167569645269 -0.0737921664228528 0.209764544956349 -0.0039533298248332
0.359881309241509 0.365686933000227 -0.23183793103588 -0.163188353630208
-0.238122567169687 -0.267116243731626 0.289602045916787 0.297369532381968
-0.2320989488799 0.124518011061791 -0.0741268238401282 0.00601108424326023
0.0127528164544139 0.173446770727064 0.0394240607532759 0.224275613993647
0.170744815245706 0.00799762272479566 0.0425546371930187 0.00259854949680697
0.0282399890886529 -0.17626607403342 0.00830502241363602 0.165495926581493
-0.103771110396989 -0.080821711294617 0.133587800704796 0.118611373125298
-0.131079864771884 -0.0015603670055462 0.053133930777736 0.0705959907797539
-0.12439692314691 0.0292074590257915 -0.0402272550930376 0.146267059020193
-0.126224285486431 -0.00422469246718908 -0.122752076443939 0.146089094298479
-0.0930957925843841 -0.0903741453964914 -0.197227156223419 0.0373376294444489
0.0320102868724089 -0.121959086944737 -0.12702715640649 -0.15307277480283
0.103668026420567 0.0351364084378082 0.199270503285783 -0.23632155451837
-0.0138500961205437 0.0649167963817561 0.484003209038617 0.236118585277497
-0.112874769885146 0.0940020311910151 0.0447042529641014 0.588462044577916
-0.169159195051754 -0.189163567914454 -0.0834374265209904 0.73011915454622
-0.0499153505965486 -0.0931957720118472 0.284440138533347 0.346068350751716
-0.140515745954249 0.078078860737579 -0.0444884463014948 0.0667086487400159
0.0815043489838487 0.196928910430392 0.0647915178066393 0.250725584153882
0.257995986294836 -0.05600644815398 0.124944522355451 -0.0100692465937858
0.0440710289047689 -0.296106799534317 0.0183983196887098 0.0892768174364615
-0.140651373550918 -0.160526001285666 0.0995483151597288 0.0751636432723267
-0.14647061652153 -0.0539694543068352 0.00904180969365421 0.0547219924474756
-0.0955696210779517 -0.027390010611414 -0.0858123884192342 0.148104589627416
-0.0689738077542073 -0.0338937964216794 -0.169893077755005 0.14500822019846
-0.0518446527637042 -0.0806102222031893 -0.238342203235111 0.0166269889679614
0.0454131790217538 -0.141824997341331 -0.145031925103838 -0.181607248515198
0.2033046545927 0.0428862596047838 0.208192037528197 -0.2504462109148
-0.0148122279772819 0.148156467621555 0.457831849557759 0.181886548478881
-0.00150494514092886 0.18853429059674 0.138676909184119 0.608340142955099
-0.155676325398373 0.0885474135717875 -0.0919175643398572 0.763176876720647
0.146366875758775 0.137639859299967 0.201449009648583 0.30352669100995
0.0750168909953197 0.00738478601024494 -0.130764359352047 0.0989534767399592
0.102186292954091 0.129893828172842 0.0451738307543764 0.345263113167791
0.300449490989632 -0.106736960225175 0.253527631602496 0.0177947418838973
0.0420939002864863 -0.365736775173566 0.0574080291235209 -0.0309839818188967
-0.155787451222729 -0.206538907032843 0.0452785458576187 -0.00573651291778336
-0.135494561044667 -0.0936725369596998 -0.0504516661168513 0.0201751755557786
-0.0521238419539999 -0.0831028961873321 -0.118709763501059 0.127245206505273
-0.00429808294155366 -0.0683962152884968 -0.183286927782957 0.132889867970721
0.00414713261890013 -0.074815267719793 -0.246431306520715 0.0243005237362332
0.0751062469162207 -0.141524783684579 -0.188440783155609 -0.166385657225279
0.28516694749347 0.0425142473834678 0.141451142621811 -0.30445130652348
0.0209077167399069 0.25313032604452 0.435853845261312 0.0509774708511304
0.054050239913033 0.239143523124762 0.297975033497149 0.518187892502294
-0.0916300692244485 0.318558646843396 -0.043309927818216 0.727836858848559
0.261469502391295 0.39018528694849 0.0750504754194839 0.170920582774082
0.310856072221261 0.0542566367596275 -0.2553516347777 0.0667865239767442
0.174736936962094 0.0230676294896981 -0.0611826023931042 0.4195381169836
0.304522902162773 -0.152332833363922 0.34477741635544 0.107513338886013
0.0260177333715567 -0.371757494588585 0.123904135777769 -0.13472155904314
-0.133786840887541 -0.201168961386471 -0.00066796786298328 -0.0996737104185929
-0.0887845520275947 -0.111549771434581 -0.103160932552881 -0.0268632192559891
-0.00220114121084984 -0.126627352671611 -0.136149656918743 0.0881564811890545
0.0480598989833556 -0.103467523589442 -0.167335141630179 0.105973946437475
0.0488490712993059 -0.0890087804090727 -0.225534270835531 0.0365006651472456
0.119005350060182 -0.153779900254345 -0.218659694929699 -0.126225059412285
0.341405120706782 0.0352405351946004 0.0301662999299261 -0.333384315388435
0.100397598301161 0.294395665466995 0.381931035489636 -0.124345250588768
0.112898186756998 0.275813600659034 0.444882642602951 0.357303539817535
0.0216880099154924 0.472430499463701 0.014035226669417 0.613247704942338
0.263268436078149 0.589574967121111 -0.0357771549205081 -0.0284111677216758
0.427151376427084 0.198409476109194 -0.345774218397331 -0.0247067885975802
0.272064887773508 -0.0159959034187408 -0.208181493552183 0.401324950595675
0.291497774261572 -0.17838708755508 0.345966782933764 0.218824031208271
0.00725326282371411 -0.315880500676827 0.188026865706595 -0.169822526904704
-0.0778929924728533 -0.144531221574122 -0.0149134344932825 -0.17156095111129
-0.0120941764934951 -0.109543174719208 -0.125239080027629 -0.0721309681863283
0.0458532790118412 -0.149553036890049 -0.1327697850882 0.035986077632489
0.0758328994853482 -0.128505157272974 -0.139610621763925 0.0629605361185371
0.0647923181859804 -0.11447208517444 -0.187033853142792 0.0262712185982877
0.141550623365153 -0.177991861117475 -0.201123129488133 -0.0993655901462717
0.344190063611365 0.00979657116229249 -0.0581042746595377 -0.288418715443846
0.182069265918122 0.229342516054564 0.258889484103195 -0.270864016819522
0.19938606296921 0.269066164176632 0.522332767645972 0.180086387392751
0.164386951100704 0.543810089825879 0.0332375232336421 0.436808732382707
0.198413268353241 0.685836398206082 -0.0807669816070642 -0.254171195955061
0.422538290513577 0.314390700390946 -0.344439070103524 -0.161490811944591
0.299586066373806 -0.010992206733532 -0.35590472362399 0.269935011845505
0.241441111072188 -0.151375888607438 0.243758333263473 0.301692980223931
-0.00880414144466066 -0.204114547817851 0.216137736492291 -0.125418750837212
-0.00524663454376284 -0.057124824877007 0.00756740946516042 -0.189431938898053
0.0702111124124367 -0.0880875667564892 -0.0999825673312084 -0.107559023705704
0.0842080063329749 -0.151129448500154 -0.10662943908603 -0.0228144748080273
0.0819774369747703 -0.130314208032238 -0.113153002052151 0.00876643056488769
0.0556123844437348 -0.12080072383485 -0.157682355790386 -0.0177137921675244
0.12077077841051 -0.171304171273773 -0.140656642838456 -0.1149666682771
0.256753953934626 -0.0261508948887832 -0.0725411008149742 -0.184901411279766
0.216988691650068 0.0839922574179915 0.0947285441296819 -0.3263962521216
0.273554216832012 0.194734078456102 0.489951535503572 0.036377676608753
0.300271780187158 0.534967917624117 -0.0143279647287919 0.224624937269465
0.147395633495365 0.650602522468174 -0.0484165396148033 -0.458616768628494
0.364888145944818 0.285693426544272 -0.231155206691553 -0.313927053775498
0.21067704180754 -0.0233097776843093 -0.431869639534004 0.0425316084939843
0.141426805612809 -0.0911749159974335 0.0675418551501224 0.30652991526468
-0.0239886167649968 -0.0633467470877243 0.192154032258033 -0.0257734056573231
0.0594195895492237 0.0285055361488589 0.0612542224336448 -0.151485832692812
0.130195910024229 -0.0581484973139378 -0.0341107713807915 -0.128118716334025
0.110096737073498 -0.130649556609247 -0.0631688992126802 -0.078000630344889
0.0863741717411703 -0.106488887052618 -0.0941370335546552 -0.0400296627821339
0.0492637096044866 -0.0856317913473006 -0.149405404145666 -0.0751934356403756
0.0689449940647519 -0.101111743563789 -0.0711411396853291 -0.163971552006981
0.0962361592185222 -0.0519366318286687 -0.0355845249149658 -0.085052132439811
0.191116779408763 -0.0629379625175857 -0.01589323618518 -0.310352792975384
0.289642495244342 0.0627511673441145 0.374106227644506 -0.012458107105904
0.378566267227105 0.467434063298943 -0.118528461233115 0.0155709022796754
0.154646270275192 0.478196191889713 0.0302130013062268 -0.618632052330215
0.258704920941978 0.106343289874742 -0.0837874193169081 -0.466830390126179
0.0738113832310776 -0.0354100325591227 -0.456909020112949 -0.171055366831862
0.0257609920623947 -0.0476489054817078 -0.0967304074822463 0.262217265338627
-0.0359810296731148 0.0580342553638793 0.147225788730404 0.0835661942634433
0.0945896760904867 0.077844807183472 0.124737381259384 -0.087050580050846
0.152840192498859 -0.026041028465879 0.0497228315771852 -0.136037440303213
0.117578593551405 -0.092368050750378 -0.0112383887568214 -0.120887140322399
0.101152762517445 -0.0600659488748355 -0.0782508155753072 -0.0713763769859338
0.0675449783742815 -0.0108155206465096 -0.154806522833764 -0.115475686633718
0.0115037117797349 0.023377262069069 -0.0281691056752887 -0.20113823932058
-0.0633669303998219 -0.0499869287606269 -0.0127636861090289 -0.0264252871367668
0.101541569194711 -0.140752374340498 -0.0443012785218533 -0.268709527804711
0.259154468100072 -0.0741953795943975 0.21051257428227 -0.00451564641029439
0.359287392038256 0.363369900841692 -0.23205518860762 -0.161684289041994
-0.238031821273551 -0.265492640449733 0.291508350293301 0.297556987019316
-0.232049266935301 0.125089085681701 -0.0733786426316889 0.0070056969564257
0.0139452859046661 0.173152163753279 0.03990738368933 0.224578638874205
0.170479928838745 0.0067634435318378 0.0438699114128019 0.00242684987250559
0.026760016840816 -0.175944174728893 0.00970984109584006 0.16631196954968
-0.103982888805221 -0.0808075937718517 0.135321341696547 0.117050265206851
-0.131265603254155 -0.00174375178045974 0.0529886803094462 0.0705611557949539
-0.125361172146969 0.0295301903638212 -0.0395839325145629 0.146209739329936
-0.125851452070198 -0.00349924028674855 -0.122216355481011 0.14639003760153
-0.0928827497026233 -0.0900483017667927 -0.197413121902652 0.038243796041816
0.0319974798991161 -0.121823128054789 -0.127440243043456 -0.152208187965609
0.103768952819015 0.0352525074920003 0.197718984974388 -0.23636403596925
-0.0140528431557497 0.0649390784178482 0.484646526411523 0.235487587697412
-0.112311056979032 0.0940418204075985 0.04469911176069 0.588999615378405
-0.169051646583071 -0.18828792268661 -0.0810274628456222 0.72994097655855
-0.0494121882962911 -0.0925434668423947 0.287866419491717 0.344719274712895
-0.139612456451895 0.0779095898310492 -0.044275130307887 0.0661727336525463
0.0820404096570507 0.196302760301339 0.0661106792367158 0.249065244061542
0.257742207161755 -0.0585093290979859 0.126200897155655 -0.00966763109941837
0.0420093496715217 -0.29673824460842 0.0188645302782867 0.0887551553947112
-0.140850699251876 -0.161065663940265 0.100038147383759 0.0748263463930176
-0.146153849549021 -0.0537710741454032 0.00860200376479826 0.0546680886156585
-0.0956200698745239 -0.0279724890229972 -0.0853013293196961 0.148358459982291
-0.0690792826824756 -0.0339466520165707 -0.169853248971128 0.145181171986438
-0.0517661721064917 -0.0804638805013362 -0.238090434144841 0.0178208037171585
0.0441603496345553 -0.142481705224138 -0.146036029086376 -0.181070571928245
0.203167026046176 0.042063948017584 0.205826526669841 -0.250354975070409
-0.0146575979902108 0.147973779362056 0.459395283997329 0.182741737094003
-0.000554622567576433 0.188410021438513 0.139474371512794 0.608578863786718
-0.155224403741515 0.0896797126414761 -0.0926467607383793 0.764126708975085
0.146883882751804 0.136514532152656 0.202113460129472 0.303716462318093
0.0749898604501876 0.00715362593318966 -0.130744269997601 0.0997783369736798
0.103249933696849 0.12926003555054 0.0458561123725923 0.34570436893945
0.300194190377389 -0.108851033272227 0.254158997988446 0.0177890435775907
0.0401666235779543 -0.366721571306427 0.0573077234821021 -0.0319175944972215
-0.156649982685551 -0.206574815715521 0.0453226941419225 -0.00597591551540319
-0.136126291891161 -0.0936977103224327 -0.0507537518077765 0.0199877394687655
-0.0531629843573902 -0.0832069580293352 -0.118930717871976 0.12766902394867
-0.00441582578136702 -0.0689329801996627 -0.182317600325863 0.13357448724835
0.00393715616653841 -0.0752635300016581 -0.24572692561896 0.0264074182510201
0.0759063889678841 -0.142279809984505 -0.189250229633422 -0.164064822765974
0.284949276423825 0.0413043286411772 0.140064128432997 -0.30496770242488
0.0212612508577421 0.252437871183184 0.434807036916288 0.05143680635264
0.0546667739981348 0.239143434477544 0.298306247393718 0.518114997018509
-0.0915936399630926 0.318470279772653 -0.0423023483024236 0.727697649663286
0.262768019946357 0.385956945275761 0.075788964355719 0.17107755595873
0.311559762678289 0.0527022111571541 -0.255344023905845 0.0670049079173865
0.175130720004571 0.023213611016676 -0.0588515921226972 0.418849579156236
0.300317707066115 -0.156808711097147 0.346775713456505 0.106481257169958
0.0216205666133043 -0.372554650659992 0.123663607451778 -0.135620028174701
-0.134029795869988 -0.201276902496853 -0.000698938868943172 -0.100336714702192
-0.0881236171918022 -0.112551050407151 -0.104406136524922 -0.0253533192432361
-0.00382476214506422 -0.12647928475686 -0.13614125806693 0.089079288908507
0.0464174431429985 -0.104194183008745 -0.167242308358796 0.106801185350291
0.0486886188178216 -0.0897621997970333 -0.225172654123528 0.0374394729241494
0.117479456127143 -0.155128598996447 -0.218046730460687 -0.125096588771638
0.342415951560933 0.0339348747766776 0.0285713032603046 -0.333508414986263
0.102423052875779 0.29390354985436 0.386464274976464 -0.124546012606681
0.113769822839689 0.274947887396412 0.447210437248278 0.35756458368829
0.0221885162356596 0.472633131171265 0.0161695630574195 0.613919645900839
0.262147804034073 0.596141197711711 -0.0360740186247686 -0.0283489370610467
0.42720701745254 0.197720461628095 -0.345813381012029 -0.0238210108971742
0.273543838126943 -0.0163153140759604 -0.205019005842161 0.403275634624583
0.29062752734589 -0.179149410110509 0.347608073653574 0.216882897802505
0.00378078535861824 -0.316073058413457 0.188472646228725 -0.170649783188378
-0.0784641639677041 -0.144691897141271 -0.0155964459182667 -0.171507778925913
-0.0121768693779891 -0.11006265449874 -0.12592444307211 -0.0718055551171395
0.0446279473137743 -0.149765223176683 -0.132806620478356 0.0365113569925961
0.0749920399645422 -0.128967068899154 -0.139498434947254 0.0630368581970932
0.0641614403014829 -0.11463001684431 -0.186870707650204 0.0265325553070496
0.140412338867107 -0.178191931852099 -0.201045779230237 -0.0981532072894418
0.345059419225342 0.00776310323473432 -0.0605772321248344 -0.287603668106406
0.183823447021935 0.22924703292194 0.257933340984882 -0.273608212988382
0.199748708784284 0.268754171931242 0.521489634753251 0.175413717860055
0.165480712850496 0.542829743115055 0.0322408174144591 0.436863224179754
0.199042212160753 0.687645237071386 -0.0809783216039536 -0.255242138292977
0.422410360730828 0.313405236535857 -0.345607356050067 -0.158421036743576
0.299478742763079 -0.0103470018748279 -0.350624994836843 0.272218505843068
0.239718166910533 -0.154812163545981 0.245009640144361 0.299815111899989
-0.0106363221233496 -0.204166996057565 0.215180621908676 -0.12749603866663
-0.0054987156638715 -0.0569634688627246 0.00697364237921097 -0.188187117198075
0.0723175017075459 -0.0888110234701579 -0.10096036170372 -0.107449195848428
0.0833027854158892 -0.15116109174545 -0.106709615770756 -0.0231731547003896
0.0834485561884526 -0.13101837187422 -0.11343854157111 0.00946441287819946
0.0547384739110287 -0.121120168097025 -0.156235631062102 -0.0161907414736251
0.121511336287666 -0.171532256285108 -0.141248328686252 -0.113712544997692
0.25763864150303 -0.0270067930058199 -0.0742344219635726 -0.185189823090195
0.218386904345928 0.0815920538098383 0.0966518940431492 -0.327249870587362
0.273857027079465 0.194049420943084 0.492517398930249 0.0384600314668396
0.300780606368492 0.533440657364237 -0.0147982146317347 0.225898225264646
0.14810767578545 0.653362704128436 -0.0484602560503878 -0.458766668838334
0.365602368284707 0.284459833912431 -0.230638863841136 -0.312690584439878
0.210756985198412 -0.0240563259760769 -0.431877498867198 0.042596865752446
0.141144492712633 -0.0919665890623316 0.0696399296141082 0.305325010035558
-0.0242187276516054 -0.0629289288905755 0.192903360665323 -0.026309241071691
0.0590120988941407 0.0286304095160386 0.0606595161357616 -0.151505748799908
0.129969631933898 -0.0582551496182496 -0.0353592766371593 -0.12825293804228
0.108928570903737 -0.131393364726266 -0.063434975902039 -0.0779931319171578
0.0869569616393425 -0.106287208823075 -0.0943879766083792 -0.0400939511992084
0.0487138370279921 -0.0852425084775379 -0.149101297176752 -0.0747177746886382
0.0677732654677611 -0.101491922516285 -0.073347454310434 -0.163289128675668
0.0966594677492342 -0.0526487398135533 -0.0365632484615655 -0.0848409501153822
0.191183393787409 -0.0639583538004374 -0.0168761856180382 -0.310393058244994
0.289838971338197 0.0616304106792347 0.374472436293149 -0.0132758351475325
0.377743861085231 0.465292096497292 -0.119281889562233 0.0169094004688937
0.15378282003728 0.482561462071961 0.02819063289919 -0.617804690344457
0.259339585520702 0.10648068136847 -0.0836719705911561 -0.465787301432342
0.0736901346137516 -0.0354155223302872 -0.45462535507568 -0.164854960702927
0.0261709871448039 -0.0470990070841088 -0.0939472171919447 0.26200213354095
-0.0352896806677128 0.0579630757717257 0.147472303279027 0.0812341016933519
0.0946627057018031 0.0777110020556366 0.125315154240748 -0.0874187284088206
0.152749513155461 -0.0267275124277117 0.0507537119192674 -0.136924559471742
0.117555076418563 -0.092758565212905 -0.0120780104848902 -0.12128766462511
0.102111408707355 -0.060788941719537 -0.0786779252109938 -0.0708777392459247
0.0680827916499659 -0.0101500732589728 -0.155360584928425 -0.114197010507819
0.00988209325088966 0.0229216137630869 -0.0299561811078211 -0.200223706318938
-0.0641322578352217 -0.050112393750565 -0.0126423322876866 -0.0265510587645142
0.100020871781473 -0.140555237870246 -0.044262809338361 -0.269637509576277
0.25836250669943 -0.0748076460642122 0.21166256969873 -0.003374020940251
0.35986818829134 0.360227070482853 -0.233830145703518 -0.162488260592631
-0.238413871178984 -0.266371668002536 0.293942654721682 0.296644723633218
-0.23076224916421 0.126224917906592 -0.0738652850813462 0.00569781608264542
0.0143983758789139 0.173240453591095 0.0407026855658738 0.225599873770962
0.171031078273067 0.005476119456655 0.0438759308909221 0.00297051905094458
0.0244446331443436 -0.175981932154544 0.0109323439099505 0.166329028279149
-0.102799539238131 -0.0803621529218564 0.135048006462358 0.116820708892833
-0.132132993454537 -0.000607998593470643 0.0536899702959515 0.0714927096195833
-0.125070361334524 0.0301694857260909 -0.0389089830369072 0.147002254798209
-0.125190904650187 -0.00240664416249926 -0.121942252386649 0.147888209153046
-0.0934795997982639 -0.0898748957731683 -0.196062694009254 0.039741613311383
0.0319009705093532 -0.122012698469376 -0.127815136069843 -0.151091373353874
0.10403545641569 0.0347372431401643 0.197735522576047 -0.236290469393257
-0.0137986849900968 0.0652549976218915 0.485847027197029 0.23297922121684
-0.112330804711455 0.0944194516873838 0.0443501866405742 0.588453219216542
-0.169425783514317 -0.188686771925475 -0.0811150232649254 0.731030472980437
-0.0500700053182531 -0.0918277006100412 0.28979252947347 0.343538153680895
-0.138001341052016 0.0787520916174451 -0.0437990773965649 0.066508355227649
0.0833087573433307 0.195706880600333 0.0681442925323395 0.247878064104422
0.257033593275132 -0.0606383956713858 0.127630254198491 -0.010150752638267
0.041530060902938 -0.29710178344042 0.0201832783681697 0.0879409233830063
-0.141895856734438 -0.160658810432068 0.100110712548957 0.0741583026954566
-0.146519030452759 -0.0540675518062362 0.00798247113869568 0.0548606143973304
-0.0962149214970403 -0.0276941884511454 -0.084465267776544 0.148929293086941
-0.0684650410802468 -0.0340799414763773 -0.169550235002793 0.14594807642417
-0.0526704345919901 -0.0814580537057698 -0.238362152370428 0.0197011260410311
0.0442361705003288 -0.142420472441919 -0.146054679126068 -0.179406870543252
0.205029123765021 0.0409659180835877 0.205517996368406 -0.250746946987605
-0.0146189646854109 0.14875744635786 0.460464785374409 0.181245008148215
-0.000307656212549674 0.187437065047104 0.141356921083023 0.608113685933523
-0.15428728608821 0.0894019781624606 -0.0885829622511595 0.766661844106741
0.148556681662829 0.137287122532124 0.204280699104615 0.30445750293657
0.0763619438510344 0.00722989948639891 -0.129929689272466 0.0997763117211824
0.104562782110957 0.129312072458101 0.0468061917232646 0.345233315307983
0.299346796223707 -0.111025741671064 0.25616451292066 0.0168732650167281
0.0381595489102567 -0.367394948955029 0.058044652680798 -0.0324873058125609
-0.157662949264129 -0.206526210029928 0.0448114105016507 -0.00606994534176203
-0.136496826148728 -0.0930699570244822 -0.0509331840813314 0.0207225947697365
-0.0533887784578931 -0.0837619157635313 -0.117891968069761 0.129431699589974
-0.00383416928095991 -0.0696011455890967 -0.182548788410664 0.13490038954956
0.00348137265451168 -0.0760984132066588 -0.245433225318025 0.0283043167323873
0.0754764521887863 -0.142188877967422 -0.189700886681112 -0.163499590688685
0.286335042304083 0.0396674719459122 0.139043663384809 -0.304415424602115
0.0230109829767208 0.252668974365446 0.435298968965621 0.0494043205583976
0.0556700915628797 0.239309142574245 0.300957493588138 0.51654977400008
-0.0900692211476504 0.319036414880125 -0.0395423502240185 0.727968367403397
0.263691198801706 0.388129969427873 0.0748039163471426 0.171060833670428
0.311837597490007 0.0518800022081558 -0.254451027272366 0.0682758366113692
0.175782613717278 0.0220339222256496 -0.0500956538429592 0.414367041369141
0.300286315493633 -0.158140073056613 0.348282745702412 0.104417261944344
0.0205630689265598 -0.373577217522115 0.123059536224195 -0.135815741682246
-0.135533311405695 -0.200641788734239 -0.00147416199591917 -0.100116001391081
-0.0881398383398898 -0.113993429169437 -0.104589857343754 -0.0246716779048811
-0.00432302614951631 -0.12698984218986 -0.135423648838293 0.0902625454027938
0.0463769851807842 -0.104441168747686 -0.166797415974938 0.108008706012444
0.04765394571672 -0.0905865464649081 -0.22428292454886 0.0398658978456517
0.116779219568065 -0.155475138564054 -0.219225864425275 -0.124452741705113
0.341583591092513 0.0309926888092815 0.0257445407740002 -0.333765024239009
0.10515301988431 0.292407265576498 0.384423714189871 -0.128247078478043
0.114569791193541 0.274969422119125 0.447721215705485 0.358705959391378
0.0238807425245412 0.472984280277849 0.0155502068869691 0.614291560863266
0.267172570252193 0.592393813608182 -0.0361650267312766 -0.0279365820041571
0.428591833149515 0.195857155187152 -0.346055477894102 -0.0221957714191863
0.273295961118531 -0.0182003540966418 -0.203880360336776 0.404926173341368
0.291626534606792 -0.182707499483673 0.349679131484366 0.21540652075662
0.00261563357529471 -0.317096514539748 0.186751888655492 -0.171943239659567
-0.0784106423492896 -0.14475979886997 -0.0171788113594873 -0.171973650914726
-0.0134501288456496 -0.110877467104032 -0.126923391393205 -0.0710990041142354
0.0439201758769245 -0.150618566765912 -0.132171295204412 0.0370253968303856
0.0752242125783159 -0.130314339081417 -0.139420685124813 0.06288973151164
0.0644705234562832 -0.115378342324931 -0.186321779266922 0.0274787793716482
0.138999338905636 -0.178408832990422 -0.201323529604627 -0.0964212356773471
0.34477324101342 0.00524596052927197 -0.0630947487723277 -0.286933544572849
0.186565760717076 0.228386957993449 0.257271156154407 -0.275912056268993
0.200538666891339 0.268833708884595 0.522562617993334 0.175479153409092
0.168241323212317 0.54231222383698 0.0333916791366397 0.436844953073402
0.204988481986557 0.680741251647987 -0.0831046001735124 -0.252809888564239
0.423675659388616 0.313170925880599 -0.345386979097839 -0.156767257543017
0.300149555332616 -0.0118179896690208 -0.342687088585321 0.272645230009988
0.243575911651277 -0.154436893287565 0.246568282479942 0.295942071613255
-0.0110039534036604 -0.204767551037172 0.213638605653401 -0.129555578266167
-0.00581904517675085 -0.0567269146327097 0.00602918075659937 -0.189283228129757
0.068234721568977 -0.0899419726807892 -0.101267644408701 -0.10696338412245
0.0832255815543943 -0.152520966281805 -0.106889018480263 -0.0220049613222437
0.0836976355429927 -0.132171351833371 -0.113282739486318 0.00973021370204923
0.0565317426581564 -0.121100488996872 -0.156733159087343 -0.0151069658951912
0.120784677727543 -0.172870431436689 -0.142089626083228 -0.112587962630056
0.257578654672816 -0.0295080299956774 -0.0756784286647217 -0.184552863027661
0.220194766735164 0.078884426118185 0.0972131328699614 -0.329870549513344
0.275220417342851 0.19308076233304 0.494402927444437 0.0382552197438926
0.301899262249805 0.532334991502179 -0.015721668757727 0.227408408333131
0.155430690272795 0.643527123256319 -0.0516125939455186 -0.458871281656304
0.366605650653597 0.283777601337928 -0.232228747343641 -0.311083970439168
0.210628299127019 -0.0235192012186023 -0.431157701444589 0.04563008423509
0.140570021922676 -0.0930204122444251 0.0710295610651577 0.305195712648566
-0.0253536140928755 -0.0629375907420086 0.192364532767828 -0.0277430222445971
0.0605473790215673 0.0277723745564922 0.0586648767652907 -0.151768999735906
0.129207354085362 -0.0594362961174311 -0.0355057776896637 -0.127385095557773
0.108784736539279 -0.131817361767237 -0.0633037653071186 -0.0788528291277174
0.0864124265153251 -0.107760310235241 -0.0943339551727848 -0.0398108180238693
0.0482665932700501 -0.0851006918203836 -0.149550528050565 -0.0735941715210196
0.0669123103043982 -0.102218240888093 -0.0742014951104189 -0.162938499565781
0.0961700370861604 -0.0548386877537193 -0.0379209564559784 -0.0853163632018608
0.191921219781007 -0.0646562606277145 -0.0183268346431357 -0.31236448315107
0.290566550615404 0.0623167675820145 0.374950633489684 -0.0146008595416818
0.379273597701576 0.462893678955511 -0.120148009873446 0.0165460025880947
0.158698433874888 0.476840095714989 0.0240708261329368 -0.61433212915294
0.259636094525403 0.107405469698667 -0.0857066053791358 -0.463112891476872
0.0737972798549939 -0.0356818931936009 -0.459911282842756 -0.169804561254444
0.0259699098954967 -0.0484267815515133 -0.093006036657226 0.261261056917003
-0.0348900181617259 0.0581405934219766 0.148018423163933 0.0807052859197329
0.094563144063651 0.0767447392419382 0.124179369935785 -0.0876646577091657
0.148572434950338 -0.0291775237232591 0.0487913854330829 -0.137005928419572
0.117450953693048 -0.0934739947814805 -0.0128958590573926 -0.122004472490687
0.10250032426513 -0.0612770093752582 -0.0781667563640016 -0.0707235525556377
0.0683694718357583 -0.0105502108582635 -0.155510275726736 -0.114227987495479
0.0106709570003073 0.0223364071114338 -0.0308498101877197 -0.200351968657568
-0.0646724336559071 -0.0499755055806582 -0.0141612750003877 -0.0274723142386142
0.100195417307949 -0.141912844045161 -0.0480265200039833 -0.267654931917718
0.258372846672567 -0.0745222713620974 0.210630376405013 -0.00370687207091806
0.360882811060934 0.362391262824213 -0.235315925886967 -0.161439260585392
-0.239153856180791 -0.264974426493418 0.296348924145523 0.296017477468117
-0.229714616791328 0.126701271064213 -0.0745622738321573 0.00688971714206187
0.0154160104652695 0.172541268688263 0.0413797785250489 0.225974340197647
0.171055730140816 0.00504662638787546 0.0450101854648107 0.00309588395058389
0.0238962091951057 -0.176246333929938 0.0130093955769221 0.165867714312628
-0.103965749937987 -0.0803638515296609 0.135723607067481 0.11582722731081
-0.131874346277907 -0.000335487072345086 0.0534882915657431 0.0704296798780828
-0.124752094702953 0.0312837908938818 -0.0385525905206792 0.148242903336086
-0.126184474995506 -0.00283768684120026 -0.121721940100802 0.148537698146753
-0.094100191489772 -0.0902954836612611 -0.196339321888875 0.0408566926896253
0.0309387022573556 -0.12247131477377 -0.128609693983913 -0.149856262772882
0.105335124196713 0.0350915696727681 0.196225281486722 -0.23746207883791
-0.0137460027583745 0.0654458114094233 0.485748836640507 0.232258043896758
-0.11203824923483 0.0950898221674178 0.0472483968035078 0.589898764012611
-0.170488735051057 -0.187734812803788 -0.0806333820081465 0.730561668471845
-0.0499379209999715 -0.0918016043229909 0.290823773283755 0.341585882865271
-0.137329745677494 0.0795255316899617 -0.0443425710880754 0.06631122561199
0.0842570778608117 0.195564017012002 0.0680600440649474 0.251638423157806
0.25788610155744 -0.0611466168747666 0.128675571627493 -0.0112865813687823
0.0394182569238976 -0.297004404953332 0.0210887277867321 0.0878122769273105
-0.14297267964534 -0.160639288553462 0.100209593773494 0.0739300544433407
-0.147250242198597 -0.052845005462916 0.00821568594382498 0.0558149380583802
-0.0966004874020884 -0.0280338266295786 -0.0830317551474845 0.150140458376463
-0.0687270055779789 -0.0346036998233302 -0.168410601735273 0.147656002935903
-0.0521863691724171 -0.0820421180608925 -0.238025746465613 0.0222880984630495
0.0441423341999501 -0.143413479122434 -0.146968155559157 -0.177742009010218
0.205337828589376 0.0399965065991954 0.204690321014823 -0.251927540884891
-0.013710686193078 0.149324589006621 0.460051458746165 0.178284763598906
-0.000130075792374814 0.187997192357309 0.144079338691912 0.606008517178318
-0.153872084921454 0.0907315765224248 -0.0838947617077952 0.764619741921262
0.149653554790375 0.138973314706943 0.205727999135159 0.302406493961446
0.0765182283001126 0.00699688193662674 -0.130238033738857 0.100706208945373
0.105728199520688 0.128789464441041 0.0485285220182209 0.34716735235544
0.300265782957951 -0.113534641312107 0.258117204053145 0.0161535607766531
0.0346636399679627 -0.368243816201749 0.0579419322397142 -0.0329643104225502
-0.158512863814946 -0.205515349501264 0.0451572430950349 -0.00632197485424644
-0.136898203257461 -0.0927939663596352 -0.0514220663995103 0.0212281315004396
-0.0542358723063321 -0.0838846749503027 -0.117575711736341 0.129995355319258
-0.00493423115243918 -0.0699612524037667 -0.181339940767942 0.136547317342693
0.00357060307374793 -0.0769286871729603 -0.245648712453754 0.0304041688648714
0.0747590375851155 -0.142393966860223 -0.191082459316156 -0.161741454294812
0.286563678275463 0.0384463797083132 0.137366428257504 -0.305631562472644
0.0237279937899806 0.253649704015969 0.435794521602474 0.0465038079620882
0.0564556467431191 0.238189858337566 0.302597926861286 0.516598978422559
-0.0887915485004147 0.320200350695305 -0.0380216063390331 0.728700489212123
0.264830459649386 0.38857918273873 0.0770951477717519 0.171432504681181
0.313133691500968 0.0509656670988232 -0.254398584932833 0.0697456522689948
0.176226410620219 0.0208237186874254 -0.0511870631983688 0.418566403185191
0.303795415032773 -0.159378360767061 0.350256882783106 0.103245601322691
0.0190653011770588 -0.374730148498851 0.122414205818913 -0.138243309021007
-0.135915685929182 -0.200504050395522 -0.00240509871718312 -0.100416073203706
-0.0899470002874009 -0.112371316578257 -0.105558879027578 -0.0251099841878374
-0.00418739280728654 -0.128094636328593 -0.134935721139178 0.0904969835350999
0.0472866206180419 -0.106823258785378 -0.166600482970384 0.108558645561247
0.0488303296868352 -0.0908460749918476 -0.222386225041147 0.0409800838148904
0.116110843861139 -0.15598644891231 -0.2190457705872 -0.121630432675563
0.342849418881061 0.0292809073087358 0.0232689721256622 -0.333735658087059
0.107048104927704 0.293408484820829 0.380190272415685 -0.131887892643276
0.11565597167879 0.275125080563329 0.450684951867408 0.354275987559563
0.0249289919490149 0.47383698163239 0.0182874341107927 0.617030015237006
0.272195118722445 0.58466840605797 -0.0362523902059553 -0.0285871216299976
0.428730556730693 0.194912543697782 -0.347306685707992 -0.0214650072284851
0.27456269556427 -0.019198562524866 -0.203281509005603 0.406316193754503
0.289552671341965 -0.184548260529773 0.352086791136801 0.213849302444027
3.79317370578641E-05 -0.31720052218332 0.18627839521612 -0.174074684566026
-0.0794009047168424 -0.145021637265364 -0.0190429235272174 -0.171431937808647
-0.013034476755665 -0.110836342201494 -0.127424503691307 -0.0703523314487956
0.0434203917791207 -0.152049542670574 -0.133156030639478 0.0368849597652014
0.0747396075124045 -0.131555323545095 -0.139358520432366 0.0642050809232577
0.0637421533255849 -0.11623824603124 -0.185941068814423 0.0285255078927673
0.138478944235007 -0.180158711009721 -0.201971919238539 -0.0945117716306379
0.346539278496899 0.00273155528935822 -0.0652504985378108 -0.287972199079981
0.186754937556285 0.227821479848839 0.25589873442556 -0.277798744577527
0.201736418073815 0.26906106630286 0.524960383612897 0.174550637054511
0.169964289692925 0.542552262043405 0.0336608086041984 0.438448530058858
0.211259558906631 0.674915364422771 -0.0843191758569037 -0.251466382680366
0.425836677528389 0.311459478014128 -0.346338242423218 -0.158234409454981
0.300314599215179 -0.013057858107265 -0.34569356461999 0.275868087997895
0.243965282315276 -0.155350271595626 0.249563988091175 0.295839081100168
-0.011773915693028 -0.204465401634899 0.214587738271875 -0.129812297245712
-0.00538589505995928 -0.0570415563016874 0.0042104644256541 -0.190347519010591
0.0658827321911831 -0.0903573825271253 -0.103551929750374 -0.104792889549973
0.0825309792200438 -0.153560425292314 -0.106976510235944 -0.0219310039430958
0.0820209361123949 -0.132045449107159 -0.11303042776595 0.010170134214787
0.0549103160916522 -0.122221015009295 -0.157544232516106 -0.0158770839669913
0.117198151763158 -0.174205175031724 -0.143243296200851 -0.111156035523472
0.256906654102086 -0.03322354085142 -0.0772767029998436 -0.184668796618649
0.221565858054667 0.0792068804487019 0.093113625038824 -0.33161708205539
0.276119593508631 0.193810252996176 0.492408606144087 0.033446503682753
0.303972828758059 0.532940587600125 -0.0142316357701301 0.225279608793284
0.159567372175207 0.642001923365164 -0.0526745685329256 -0.45921730928222
0.368059772551313 0.283352286349157 -0.233739332390792 -0.311269402537725
0.211472983944339 -0.0243297383080064 -0.43110335313986 0.0473851649654328
0.139706197883579 -0.0939981336237204 0.0728168417691857 0.303320226090513
-0.025314208532568 -0.0630862660559668 0.193052455232637 -0.0296068791900198
0.0598482980222227 0.0273342730881962 0.0583027522321643 -0.152419374969269
0.130265132688855 -0.0605999712883674 -0.0368756902238004 -0.127362824337032
0.108794844833832 -0.133108897834455 -0.0636223189935585 -0.0790632675830866
0.0862183066020014 -0.108097803792561 -0.0950571821529026 -0.0395242730041298
0.047412412901686 -0.0862580183627382 -0.14990761387704 -0.0722557153490174
0.065499223718259 -0.103525467959085 -0.075921771207366 -0.162350713584274
0.0961785834939228 -0.0558775198455634 -0.03906767338407 -0.0853464266038076
0.192282280733498 -0.0664999959809432 -0.0200369954993874 -0.312185470536987
0.290969860616961 0.060935387867235 0.375667702852347 -0.0169369529213057
0.383049405415562 0.462751298245947 -0.12028697421496 0.0172165862695005
0.161351551973872 0.475710578741174 0.0211144769650332 -0.616433984201616
0.259810422013218 0.106682187506748 -0.0872087287504599 -0.465329635785484
0.0741923755970294 -0.0352272055252934 -0.463725702543246 -0.172788155849913
0.0256737566976785 -0.0486177507355098 -0.0918702822771133 0.261145226228936
-0.0350923254015593 0.0593013809676645 0.148518343059131 0.0804909331642111
0.095630848416046 0.0773411273319188 0.123953707527348 -0.088160445038522
0.149567850889627 -0.029015467695611 0.0469279788572411 -0.137764701141646
0.117303407242702 -0.0938966179407702 -0.0138894057605866 -0.123311209995767
0.1008880294588 -0.0616591181863117 -0.0787024184991783 -0.0707708947943943
0.0675289746681099 -0.0113270781695306 -0.156183294024297 -0.113713631016257
0.0113943760571208 0.0220278551582982 -0.0328190826179799 -0.199589996881614
-0.0651011468945637 -0.049834487533806 -0.0149079279024616 -0.0273001718105645
0.101856297752822 -0.141866984314387 -0.0492211535646486 -0.268024195865453
0.259368654905362 -0.0754150848779285 0.209694180804235 -0.00649516242971103
0.362671566725226 0.360485584658842 -0.235766476414927 -0.159187930094554
-0.239907062451177 -0.263124924586676 0.298081065188668 0.294493209822808
-0.228157806853841 0.128683537059416 -0.0741320779519606 0.00714231482372435
0.0156489347604069 0.173064713220002 0.0422396490815854 0.227172171531513
0.17099280021209 0.00386225115825826 0.0464409807790074 0.0030953000484582
0.0230654068241436 -0.175974300048553 0.0150562956416394 0.164352186846753
-0.104150392270391 -0.0799110854984287 0.13637517386956 0.114671165053155
-0.131690771677269 0.000427736309279492 0.0538905502626761 0.0713374741621008
-0.123951376903668 0.0320025377051491 -0.0371040906714436 0.148974976137813
-0.126513634935946 -0.00117711729895477 -0.120479166044074 0.149811215009013
-0.0953846388277257 -0.0894167689787096 -0.196251417851952 0.0436614678613741
0.0311229945909416 -0.122426270709795 -0.129545928464585 -0.148928805696613
0.105695109269124 0.034731176980532 0.194641202505313 -0.238315861978721
-0.0137111248736337 0.0662369472119997 0.489220567810049 0.228160440262747
-0.11144494870839 0.0946555444595629 0.0508485148937037 0.590006470355443
-0.1715807971629 -0.186867366988766 -0.0767421608496235 0.732829467543354
-0.0491713928258199 -0.0912493877974771 0.292744580172337 0.341434886336173
-0.136513162540643 0.0801258152509843 -0.0438023741018133 0.0669691811766963
0.0865512140392456 0.19447905483241 0.0682490116641314 0.252393417533549
0.256512487581839 -0.0637139164561612 0.13000481516359 -0.0109685499046867
0.0357418811702345 -0.297105916004268 0.0219835256281937 0.0876677392180131
-0.1440296326717 -0.160077021751692 0.101630768164773 0.0723807072868859
-0.148219682518269 -0.051961826630429 0.00854171916407234 0.0562436484340328
-0.0972739583772056 -0.0274089632660856 -0.0818063184864635 0.151906916497913
-0.0696187664558081 -0.0343077753302655 -0.167050530482525 0.150022482002283
-0.0534329901175852 -0.0809735294530916 -0.237355585927951 0.0231705349928034
0.0428912527489186 -0.143175896997132 -0.148939943139151 -0.177069894117025
0.206681742039962 0.0391261008822488 0.202594829695594 -0.253644995408661
-0.0117754965277672 0.149884267677438 0.461423139938397 0.176909538066205
0.00113770583686319 0.188093884576955 0.146045217977889 0.608021667206304
-0.153641868267983 0.0912015590741197 -0.0813424530648435 0.76704558108397
0.150525632167174 0.137261489592841 0.208123023675694 0.300129895230842
0.0769153535008863 0.00617390810976742 -0.129747661705285 0.10110583967579
0.106722854294625 0.126932221567933 0.0505993247071614 0.347387680633901
0.299967403698301 -0.115738283712167 0.258610410930101 0.0142027232698956
0.0311480154098058 -0.369386399702493 0.0578759957125172 -0.0339034929910511
-0.160413841780819 -0.205704977641735 0.0448981573025556 -0.00663267677183406
-0.138279681741025 -0.0924155619043557 -0.0515688070181728 0.0219951868422426
-0.0547515870950992 -0.0843954989307362 -0.117314715099911 0.131119799282593
-0.0048451392553369 -0.0703961433665881 -0.181190958576535 0.137909578003994
0.00344165019246985 -0.0769540130777183 -0.245240521617628 0.0315991753047276
0.0739786535701219 -0.143479076372113 -0.191822436198684 -0.160282647715369
0.287816503681915 0.036585185434443 0.133423123464043 -0.306457159906372
0.0269568983041183 0.254403329914893 0.43569790435877 0.044543179778279
0.0562458693930116 0.237803668364435 0.306278315695035 0.514924336577688
-0.0869410304443531 0.32043543293126 -0.0343538329836426 0.730108225507477
0.268183588597505 0.387226135818684 0.0789818691571002 0.170381303162914
0.314353235893346 0.0499297871835004 -0.256187508816099 0.0709151870069632
0.177044159031651 0.0196610020866325 -0.0533734792276559 0.424559157348373
0.301940889993951 -0.162870456574913 0.351865074816696 0.100767580034434
0.0150787401854553 -0.374829562248409 0.122272336954908 -0.138888219395496
-0.137499866152695 -0.200006229415939 -0.0035288603512235 -0.100490753954196
-0.0917977597425899 -0.110740904514847 -0.105245523767787 -0.0237608320760526
-0.00511584470427738 -0.129030336074609 -0.134823439891361 0.0927689807829677
0.046809572386656 -0.107396275253034 -0.166011433190534 0.10976507785901
0.0482864199059615 -0.0923225933661853 -0.224067368451577 0.0428467078462495
0.115378219526518 -0.157183728585158 -0.219874288571042 -0.119517809107725
0.34422336848951 0.0280731431821526 0.0204746108053235 -0.333050240358953
0.108690596601184 0.295964622616461 0.382618552933475 -0.133359644404492
0.116639213274531 0.275277119734075 0.45341663781148 0.351707576449558
0.0290915103575134 0.47430504740971 0.0226268860828337 0.613701285742841
0.274976651203156 0.586798749276361 -0.0358992659471177 -0.0278393246346191
0.431804956238265 0.192375363270609 -0.347898271362841 -0.0197365897486704
0.274492471144104 -0.020923503829901 -0.199854113220324 0.408150787530474
0.290430092330921 -0.187897758569833 0.354492438155776 0.211386441096861
-0.00171589568313981 -0.317999908941017 0.185911123014574 -0.175813380499539
-0.08034878194713 -0.14430792390451 -0.0200119633931569 -0.171512245865548
-0.0138077799098019 -0.110958547303387 -0.128638950036444 -0.0697022719716533
0.0426108051867244 -0.152697235726139 -0.132426064430372 0.0393701754833162
0.073414109921402 -0.132539338467818 -0.138196359279984 0.0645291043849627
0.0629377821734512 -0.11747836891042 -0.184954742728473 0.029990030701815
0.136968179567644 -0.181538152750313 -0.202473123443865 -0.0921779863500793
0.346819065149728 0.000358513875889548 -0.0685531218959793 -0.287022515679127
0.190837041272853 0.227938642142497 0.254777829992011 -0.280186816829981
0.203847743439929 0.268336070229938 0.527052441769458 0.170161797405802
0.17212688975329 0.542189158215698 0.035886029745945 0.436940428325172
0.20861962140217 0.683776189382043 -0.0846685360730654 -0.253944214521471
0.428613638403419 0.310035314627167 -0.347952114805113 -0.157414324504848
0.301918343058279 -0.0139705974083683 -0.352860973646092 0.278209925430559
0.239228430145373 -0.159882626521657 0.251230985584439 0.29364069809022
-0.0136066093453243 -0.205361684783793 0.213460146230686 -0.132534076215327
-0.00569459726937289 -0.0574612317058209 0.00253878325439685 -0.190240706077114
0.0690902391830103 -0.0925120280279701 -0.104100783182626 -0.104712551509751
0.0801758937281147 -0.154057859994797 -0.107693458902827 -0.0219766121352972
0.080680623605414 -0.133057462208902 -0.112949582451548 0.0108763639104392
0.0527719328864323 -0.122392248262845 -0.156917753569752 -0.0136886960786998
0.115430457668567 -0.17467771346157 -0.144384317574531 -0.109564836500968
0.258227321070203 -0.03435458595965 -0.0794998487288595 -0.184711825507486
0.223107928834445 0.0800633613320236 0.08942412800589 -0.332007765546758
0.27674153691408 0.192855599361891 0.49224678416414 0.0294032607259443
0.306633249134525 0.530498953145959 -0.0142423131519733 0.22525696522211
0.157411734643961 0.649619467098084 -0.0553653470681065 -0.458347501281221
0.368896795959348 0.282101145865846 -0.235274477533488 -0.311791482473806
0.21139993665864 -0.0256740298486793 -0.431846618046077 0.0502310494603858
0.140226983697402 -0.0957764593177207 0.0757654661803379 0.302308785532293
-0.0255774868150597 -0.0625407213479145 0.192437627509137 -0.0310064071945315
0.0604508524125706 0.0265322196453051 0.0566059841438993 -0.152886219836056
0.129495179989054 -0.0617439101836828 -0.0375772287179858 -0.12858185306906
0.107009932904186 -0.133770306022309 -0.0653270609420126 -0.0787833277613854
0.0861088599846444 -0.108824856426726 -0.0945704805135161 -0.0390142994409762
0.0470910785304935 -0.0859855372079841 -0.150320742614084 -0.0700727442786799
0.0647245412592814 -0.103815004307231 -0.0784743039493728 -0.160359630588579
0.0963123654720748 -0.0577597567708668 -0.0411517620463962 -0.0848922739268133
0.193144546905867 -0.0669500836793389 -0.0221502270672044 -0.313559654283688
0.290914681268066 0.0608175120253136 0.375254544719752 -0.018781736138253
0.383127304858217 0.461098035305108 -0.121963506108393 0.0184029822726823
0.160079656501808 0.479747947640506 0.0208371882568545 -0.62110618467976
0.261468820906113 0.104952116730136 -0.0876023444156735 -0.466652027198772
0.0744379007530681 -0.0353242776003071 -0.460863353269514 -0.163947975005019
0.0252721800150144 -0.049771634251875 -0.0907181622832447 0.260540754080678
-0.0347777742024355 0.0590855328554779 0.148674241566703 0.0785482261964457
0.0958175859409144 0.0760944437861344 0.122436829269611 -0.0898120790467826
0.152985487319786 -0.029878657625049 0.0474372247260208 -0.138668678551371
0.115354269508178 -0.0946888307883675 -0.0137617144942583 -0.123162675282539
0.100287344086011 -0.0622951617505138 -0.0794497148021646 -0.0703846368428921
0.0665620556813941 -0.0118686502195167 -0.156365469292331 -0.110306988986415
0.0104927521702264 0.0221164523332332 -0.0358655754501324 -0.198556824020017
-0.0647478493033109 -0.0500952537740188 -0.0156212959365067 -0.0280370560514482
0.0998653432127291 -0.143161788903713 -0.048887399683836 -0.270328718277689
0.257844586652432 -0.077119032098473 0.210124696665718 -0.00680050366242447
0.362849211920873 0.356639802054922 -0.23878603990846 -0.158543680278539
-0.241829255034564 -0.261929431487619 0.300985854415242 0.292534421953359
-0.227474736267334 0.12960936936054 -0.0749466364143774 0.00764764275395324
0.0174772477031238 0.172103118551624 0.0450847155628415 0.226718208555133
0.171205352225577 0.00244517714723393 0.0470907243896571 0.00270769369900037
0.021958813740446 -0.176676526215757 0.0163177693690294 0.164860430546
-0.105092140447845 -0.0799357516638678 0.138192710899491 0.114202936533377
-0.131939618596279 0.00121520983782552 0.0541041881267196 0.0709643332652418
-0.124895948884163 0.0324418722617565 -0.036497098704297 0.150303580241606
-0.125842126500389 -2.10198039074594E-05 -0.118444971239699 0.151470478872219
-0.0955797040181723 -0.0889721867328605 -0.195687114172478 0.0452683944686105
0.0306117356312609 -0.12263844159462 -0.130217911278363 -0.147511370764839
0.106398358533873 0.0333291021073238 0.192943805319636 -0.240631709809227
-0.0139691915488306 0.0657246797746242 0.489783812823151 0.226967823447664
-0.111261339745125 0.0952368386337082 0.0555355146273563 0.590505923873288
-0.172325641861603 -0.185967391292543 -0.0698955525032181 0.731204141243799
-0.049390305016064 -0.0910602890946446 0.297620410157994 0.340297576633551
-0.135530060453803 0.0809348675163913 -0.0437444189046344 0.0669155375255938
0.0883778848967239 0.194383969260069 0.072231312983262 0.249692725086686
0.256441588598393 -0.0668922503292398 0.130440960306465 -0.0116414531717451
0.0334619049047816 -0.298418267442271 0.0232290717918781 0.0867830395021178
-0.144774121250341 -0.159094472271362 0.101322363562737 0.0712593131869083
-0.148440165010673 -0.0520787207213732 0.00830861933063573 0.0562435524758996
-0.0973468037419792 -0.0264508206712074 -0.0818879942357672 0.152591181460133
-0.0691809600322872 -0.0333574838557144 -0.166082916065443 0.150749028088903
-0.0533664521480646 -0.0819070351982013 -0.237485184211002 0.0260816146897432
0.0421738987826357 -0.143223078482485 -0.149217618240508 -0.176605569878617
0.207080647027295 0.037339646889907 0.199352826449671 -0.255483185111068
-0.0114086530692625 0.150302836789703 0.464000351900253 0.173605357154592
0.00198975942543373 0.187790032802461 0.149092969071443 0.60884218174094
-0.15231859108255 0.0933914115237637 -0.0785872777317141 0.769056415475989
0.152421404198662 0.135667660629582 0.210368358929851 0.300185586898964
0.0777714431559834 0.00604302732772112 -0.129995344467557 0.102407993888666
0.108951937208263 0.126617230297552 0.0525590138533247 0.348451291207264
0.297944649503501 -0.119959923977714 0.260583618807368 0.0128444971448825
0.0275198727797194 -0.370196456150162 0.0578249291701062 -0.0345598175113708
-0.162344150283641 -0.20411441828388 0.0451120538258501 -0.00754046630047572
-0.138468755510225 -0.0914972022845493 -0.0517457894665333 0.0222363151012667
-0.0558505699053819 -0.0853078338894177 -0.116695923535745 0.133138873583014
-0.00557542691999204 -0.0709814476599515 -0.180092430671329 0.139423392001626
0.00308504478613069 -0.0778605448109355 -0.244447392536896 0.0337904857536526
0.0738780908826054 -0.143926553612469 -0.192657167210515 -0.157887917629448
0.288429693462938 0.0339308877022373 0.131264726825606 -0.307244595580732
0.027692753943035 0.253668144837593 0.436954819034072 0.0405794668054882
0.0589078897834363 0.238226703603533 0.308094532438353 0.514805023662556
-0.085057229707442 0.321274414424445 -0.0302834560652983 0.732183068032419
0.271843941178117 0.384671613302555 0.0795707079074354 0.169769327438311
0.314137904134007 0.0487579451301135 -0.255226111839557 0.0729921937914211
0.178467549221818 0.0185092216662909 -0.0485875766308684 0.422903975061937
0.298180907678529 -0.168290194762947 0.352995062827461 0.0985936296339691
0.0121412599573551 -0.374665817966701 0.122429228515545 -0.139852169982483
-0.139244409379576 -0.200052581202134 -0.0041779562689563 -0.101301287910518
-0.0911854431934663 -0.112386714402974 -0.1064110705798 -0.0223436444429617
-0.00649731087230021 -0.129093272104318 -0.135002168109096 0.093641852876217
0.0449729473187893 -0.1085176352337 -0.164392953696918 0.110679486764316
0.047766957099066 -0.0927889781924486 -0.221757157808892 0.0440311933383627
0.115536022459381 -0.15830872444546 -0.220599819826424 -0.117403620820087
0.345087018059157 0.0237197700384141 0.0173717854846275 -0.335467184054496
0.111218539991429 0.29387662802305 0.383842516126238 -0.134979386628041
0.11829578531788 0.274910795609883 0.455507301441375 0.352665934045442
0.0309246998485294 0.475209702784098 0.0247074270874247 0.616685320484882
0.277172766376272 0.592204574923375 -0.0366057885171037 -0.0283972192847968
0.433644251298434 0.190333135176984 -0.347667742403218 -0.0169069857047876
0.274649145645775 -0.0228652658731262 -0.19729570467757 0.409546383923384
0.289481201179766 -0.191340293751331 0.357063805197664 0.20902057024415
-0.00528742205126474 -0.319416123311581 0.184315206097152 -0.177277061084948
-0.0820582912225456 -0.144451631038516 -0.0204360287855691 -0.17172944849724
-0.0153111642489986 -0.111357763624842 -0.129219671050595 -0.0681162846930161
0.0409131811724364 -0.154581484524742 -0.132620776917722 0.03984895153492
0.0725718830534714 -0.133404882996136 -0.13784022294446 0.0656768279152447
0.0624032208773894 -0.117639518181587 -0.184532634954182 0.0313052465809448
0.135789261546179 -0.183135416239722 -0.203159479315862 -0.0909094449686845
0.34669364279865 -0.00291500358156091 -0.0711636374026754 -0.286921527209001
0.19296203464933 0.226364879287611 0.253070125197501 -0.283720893692905
0.204583166905883 0.266473314334242 0.527729970655174 0.165772878643336
0.174071563541023 0.542273635151049 0.0385740502445321 0.439705952680076
0.212271776859563 0.686975856076253 -0.0866504751615862 -0.253439336027226
0.430202237051906 0.308634131938288 -0.347654236592221 -0.152535359385297
0.301524785117622 -0.015978304220086 -0.345342861229275 0.280383937087768
0.238359338329611 -0.162562115821025 0.253960644296081 0.291509447468729
-0.0149908305727693 -0.20499815562723 0.212256690742191 -0.13373869457216
-0.00696488021712243 -0.0574085220939992 9.4231401639539E-06 -0.190315832942516
0.070039771501683 -0.092111643357228 -0.104862329297387 -0.105472626049954
0.078998674400564 -0.155055113049716 -0.10791884960958 -0.021332251608266
0.082146736107528 -0.134458726820788 -0.112874587760743 0.0110039260956852
0.0521916228007817 -0.122464558068763 -0.155324425944188 -0.0108257594565679
0.115690968871813 -0.177208941689687 -0.144764059210909 -0.108030718196821
0.258066258718943 -0.037975269571846 -0.0822573125082413 -0.184414534185578
0.224724097459917 0.0770993194310507 0.089932819536869 -0.335305027389319
0.279290356607303 0.191548889101171 0.495298893783262 0.0284712748193895
0.309617070732782 0.527954774293429 -0.0140981838571967 0.227950340021393
0.161188245159422 0.652556092124528 -0.0579094908698516 -0.45883565942518
0.372024855838884 0.280038908482906 -0.237726480598108 -0.310997745237997
0.211560287693844 -0.0261999229106132 -0.4315898577356 0.0521479712776048
0.139907817598672 -0.0977772719725556 0.0779497771967951 0.301094094406909
-0.0256029100963918 -0.062920794798641 0.192075827946125 -0.0328071969658463
0.0605080413648257 0.0267310391650568 0.0554239437434692 -0.152880536719754
0.129563041648082 -0.0628983994265082 -0.0384117552866819 -0.128399015560351
0.106461075787196 -0.135423314074507 -0.0650534020727952 -0.0797447289736458
0.0851688205582454 -0.109448658348782 -0.0947178423507438 -0.0386564710425657
0.0467994557903884 -0.0866758922566011 -0.15054631373085 -0.0692096591315608
0.0638578841646546 -0.104826570924449 -0.0789774520747206 -0.160001668431193
0.0956732356771834 -0.0585424678124873 -0.0424640817909011 -0.0855513117515304
0.193275632833998 -0.0682014385024226 -0.0235011238658849 -0.314068915387961
0.292710306898891 0.0580956611158784 0.375831141763756 -0.0216138901130925
0.386774056231295 0.458124659189122 -0.12273428858554 0.0186057847391736
0.161950086626568 0.479827717007439 0.0164027869086444 -0.619105599168893
0.262007664656979 0.104923137401749 -0.0912708465546186 -0.465661621430437
0.0734373212430707 -0.0357333407615207 -0.459025661855058 -0.156475264570344
0.0244028771545423 -0.0503588317430408 -0.0883104628447921 0.261587249922393
-0.0340577598923479 0.0593714534497692 0.149880720069153 0.0763919327966413
0.0968403704863551 0.0750886236460385 0.12133985890969 -0.0912982085641951
0.15181033104889 -0.0312539806864694 0.0469834972625649 -0.139964837701465
0.115916313041273 -0.095689134572481 -0.0149871754075547 -0.124423198244641
0.101515362452627 -0.0629270707048137 -0.0790378735589593 -0.0705786470017829
0.0673529208930173 -0.0123003121579882 -0.157881514308889 -0.107958321607222
0.0100790220070076 0.0217717348169766 -0.0384242023842785 -0.1978404311278
-0.0652211175510985 -0.050221252700768 -0.0171108512091415 -0.0283084565605321
0.098576704288156 -0.143593760601651 -0.0511895916131626 -0.270792480933165
0.256918542059076 -0.0787117944003771 0.211174770948012 -0.00704610702752395
0.364379581426815 0.355762364456439 -0.241091504085322 -0.157806194298368
-0.243168067147863 -0.260202591047269 0.303153829223814 0.290008571526312
-0.226022894522012 0.130914864843053 -0.0754888370135445 0.00814650459611395
0.0190673461648482 0.171776552607462 0.0463544273587463 0.226249629183067
0.171112251133862 0.000590628866137656 0.0477692220289453 0.00275167672283446
0.0191831229592633 -0.176525365459392 0.0179591693795699 0.164384553833384
-0.105376769207162 -0.0789797838187203 0.138768821381341 0.112170934212566
-0.131880492889686 0.00162381699505762 0.0543176739273602 0.0703702769074249
-0.125162307362703 0.0336957749743416 -0.0356937570804196 0.150676519163463
-0.126076889868298 0.000472508102523935 -0.117326081569336 0.153314407424288
-0.0968783980174752 -0.0888735966758793 -0.194184320830291 0.047372559617336
0.029358005822211 -0.122686623605978 -0.131614903024338 -0.146453842122861
0.107024986278088 0.0328717709716702 0.190054324697707 -0.240690351032502
-0.0136349734043766 0.0662182739197993 0.492466810942107 0.223288981378231
-0.110813657805999 0.09588257249288 0.0585234602571767 0.592041805892588
-0.172435958000421 -0.185423816516034 -0.064856347330094 0.732615442800146
-0.0499269307585458 -0.0898482208140248 0.300295532257289 0.33670020701472
-0.134368998151016 0.0821610088989967 -0.0436810377469667 0.0676220787199194
0.0911838718436534 0.19258299282029 0.0741705053400102 0.250007154481048
0.255782656475382 -0.0693282944975216 0.131818923712772 -0.0126042417548841
0.0297962817585635 -0.299416570969645 0.0249296725712821 0.0861486850069978
-0.146663297957812 -0.158126544640261 0.102475868248375 0.0702895810363864
-0.149328707905408 -0.0514229364455307 0.00924604145052479 0.0567917617182987
-0.0979118877299992 -0.026506306488002 -0.0807160194166045 0.153813461208553
-0.0694611167019963 -0.0338222580821475 -0.164909686435841 0.153330448336676
-0.0550530371852043 -0.0811954039040548 -0.237167458099186 0.0285859596879475
0.0413963074703071 -0.144154169299089 -0.150854869816487 -0.173412627405346
0.208578246004792 0.035979575931134 0.198242856969734 -0.255160385996983
-0.0099145477809238 0.150505965410312 0.464942942681346 0.171605183029621
0.00338777829383898 0.187514098558522 0.154700239443575 0.608434474886
-0.15174070047782 0.0934384513862981 -0.0718184582448119 0.769129724297604
0.154537114155594 0.135775744329032 0.212573248443896 0.299558093289782
0.0782106585743254 0.00485729089636618 -0.128699096159581 0.102569414328137
0.110184677256087 0.124256333069303 0.05552552277612 0.347935552250223
0.297793307574984 -0.12235540370451 0.261826667059231 0.0106548160538282
0.0246544579433224 -0.369512583190873 0.0580542920877602 -0.0358634375705739
-0.164010464952883 -0.2029086883648 0.0443278681131824 -0.00831334029780939
-0.140242434241121 -0.090672117395135 -0.0523352363724156 0.0234012903628152
-0.0560311411255637 -0.0845587503606602 -0.11561386901134 0.134204831983538
-0.00634613802634598 -0.0716908703524496 -0.179161575575126 0.140858816051217
0.00279869352773642 -0.0780640632699416 -0.243772175904229 0.0368848936339999
0.0723007324815618 -0.145243275708192 -0.193624378501141 -0.155168142609434
0.28887382275907 0.0315721562255984 0.128034400539749 -0.308861043909674
0.0303548830762394 0.255560456933758 0.437840073055332 0.0374484291912347
0.060259156897385 0.237025577027641 0.313686809347818 0.511567368087892
-0.0837106176940501 0.322137631093298 -0.0238496273844574 0.728734735937565
0.274570341335555 0.38286336658891 0.0810212118615447 0.169536451778761
0.316417691140085 0.0451785971901341 -0.254881199886782 0.0753843270094618
0.179542968292654 0.0166201047563265 -0.0386943741251345 0.419265017379501
0.297639750215114 -0.171045009157873 0.356515311608198 0.0951170918930071
0.00789198857382307 -0.375830982853389 0.119376450748495 -0.141710891110017
-0.141321146407296 -0.198582544742372 -0.00532656930531908 -0.101211735963915
-0.0916333100171329 -0.112731124845149 -0.106549392029625 -0.0210430048341173
-0.00767512254386621 -0.130896497478738 -0.134025986720186 0.09454086834161
0.0446414996383497 -0.108551563573815 -0.163861885589695 0.112215419944939
0.0468344867463391 -0.0941063679195238 -0.220054032529366 0.0462755734386996
0.112661897465612 -0.159911469326965 -0.221548419482802 -0.1149835703864
0.34520022393167 0.019984145365608 0.0138786256313015 -0.334263548725101
0.115579411433872 0.293036304513749 0.379921554232985 -0.140846115170901
0.119439210901017 0.274078204815009 0.458036019478161 0.347714404467485
0.0358442042071399 0.472908903517521 0.0280594121060851 0.618015316899456
0.281991360807942 0.58575407760105 -0.0367072158177124 -0.0277921696992563
0.43499696294004 0.187854790323988 -0.34928155940005 -0.0143939728673198
0.274820051797152 -0.0237898434435245 -0.193441492175188 0.411948795596533
0.287421123304689 -0.19460833535033 0.358865528812943 0.205416551192109
-0.00800608836953577 -0.318913868129239 0.183946120239177 -0.179996286335165
-0.0825502021212025 -0.14342621833857 -0.0231732567305756 -0.171710263319446
-0.0160352432009653 -0.11104887309335 -0.130389159516723 -0.0662303289593451
0.0390233114026793 -0.154908241200156 -0.132016400215396 0.0406268973825086
0.0720700174483496 -0.134783410032444 -0.137665212576571 0.0667375458879849
0.0617982919699668 -0.119082617963399 -0.183506853186142 0.0334969467052203
0.134428883338861 -0.184226839774518 -0.204512751643782 -0.0878793418716586
0.347524398876883 -0.00737079073718244 -0.0736340679770841 -0.285771914605519
0.19502981659953 0.225563000267953 0.250920054226014 -0.28618641990764
0.207341988995353 0.267879767418495 0.528257525349343 0.163319728149846
0.179335781021149 0.541308261007465 0.0399593925689581 0.438742830746556
0.223444219368337 0.678079363360735 -0.0889565947144129 -0.250754901509495
0.433092277967584 0.30484179155294 -0.349336952315117 -0.15018003069813
0.302033312559024 -0.0182512066083609 -0.33388197180711 0.283536589499553
0.240177132330201 -0.164084453803673 0.257849974250982 0.287435355497903
-0.0168798655951866 -0.204724396973304 0.211364635375017 -0.13644585908081
-0.00672423668885173 -0.057447723320262 -0.000974899751149031 -0.190772953793317
0.0651956783083497 -0.0934071226790328 -0.10589676208687 -0.103960389172604
0.0794965706420525 -0.156816593209563 -0.107746912645503 -0.0205597373830924
0.0813490972208259 -0.136162036543777 -0.112033193036528 0.0125000157182775
0.0535126152145128 -0.123413966396601 -0.155830316833835 -0.0106920673690304
0.114936488499336 -0.178028302738926 -0.14591653878569 -0.106793242019139
0.257750449841193 -0.0412123100035543 -0.0846268473880618 -0.183306852421077
0.22606882032782 0.0734430725000009 0.0888874160185386 -0.336954262569637
0.281075911097183 0.188902795659391 0.496374629970956 0.0256031045601835
0.313733121033064 0.527031624813229 -0.0130759554987546 0.229341212875608
0.172298516244597 0.642242055829906 -0.0613686348658666 -0.458410152233733
0.373569635780326 0.27921142667482 -0.239132712914059 -0.307481078629943
0.211892236323568 -0.02700445931918 -0.43156119112973 0.0555105261216051
0.139151838487272 -0.099326059549782 0.0808222863834629 0.299456235212409
-0.0264542845001219 -0.061951308940624 0.191676772530666 -0.0349865891751105
0.0606110229166062 0.026333196266676 0.0541110946970073 -0.153826177661548
0.128617169699997 -0.0649030438390342 -0.0406332484230356 -0.128687144268112
0.104670932204632 -0.136108120618081 -0.0660686973116462 -0.0789967490652384
0.0852549438267439 -0.110476587297032 -0.0950660343069397 -0.0380130069492979
0.0460751999823266 -0.0862805314260698 -0.151180144152271 -0.0681733584561861
0.0620789281624817 -0.105681217939316 -0.0817940545217318 -0.158026359758491
0.0952415865038343 -0.0608624273125091 -0.0444731400631786 -0.0854958330512169
0.193499208915342 -0.070443931627477 -0.0265787723765127 -0.314705037231525
0.293126643180917 0.0574882245552875 0.375770192846236 -0.0240398766403469
0.390056847485206 0.455875764960732 -0.122294535666759 0.0195189860435338
0.169971135130812 0.475515890897437 0.00982643497059731 -0.617328229153785
0.26382841892241 0.103577126513531 -0.0952338891565966 -0.463154495647684
0.0743859574957721 -0.0361498631565009 -0.465388444720745 -0.159071839874159
0.0245395542304962 -0.0508347295834436 -0.0864498266417488 0.259789043344787
-0.0338305239452591 0.0600467485810167 0.150018614207514 0.0743550509917113
0.0978948532601801 0.0757458240830185 0.12106783779493 -0.0925218874112891
0.148482191426433 -0.0333296720104603 0.045069721331454 -0.140387690794628
0.114946790223538 -0.096125911230898 -0.0161116272246759 -0.124198423549764
0.100935784936629 -0.0646376479025802 -0.0798849928928151 -0.0696549019632417
0.0680967733233326 -0.0122076466246409 -0.159082521231808 -0.108636797303327
0.0104155030707005 0.0221336414205505 -0.039962697163676 -0.197395889239362
-0.0661430913006292 -0.0498598473965846 -0.0178316268460542 -0.0286567861324539
0.0986205839402401 -0.144199938215809 -0.0557941287658071 -0.270194173283432
0.257146630317022 -0.0793145726799907 0.210564189937051 -0.00916287798207207
0.366165149565611 0.354557421073233 -0.242384018602806 -0.154708438042632
-0.203137612286013 -0.289400478368053 0.258261437722899 0.326683768447025
-0.240626991867591 0.100193510740864 -0.0750130120307911 -0.00310263007201144
-0.00281136707198845 0.174527325473908 0.0133599618995068 0.229346685586213
0.169546434242356 0.0223535251304848 0.0473672447859162 0.00944214672005243
0.0408117130500121 -0.171729637543564 -0.00253485285403741 0.163402548121555
-0.0944029186678297 -0.0911316107867398 0.122000064003884 0.128634003456927
-0.131308990419659 -0.0153591120598319 0.0434383305335189 0.0769534834159049
-0.127605749963926 0.0174443698133637 -0.055462395537759 0.144101249899767
-0.124474931481097 -0.0162306393612992 -0.138243149739594 0.136237024739673
-0.0850225233792247 -0.100685440758771 -0.199984211040524 0.0207323915286134
0.0455988330405453 -0.118235250855061 -0.110692824424784 -0.16269118411006
0.102790544911942 0.0488085745887112 0.221803190229418 -0.21440133809033
-0.0216253567651799 0.0658238671449215 0.458614992300849 0.287138877828335
-0.124391344261806 0.0814880066381563 -0.0246032001027005 0.593160343537557
-0.151742124732534 -0.208889080412003 -0.156725250638072 0.718444148587171
-0.0334263982213042 -0.0942809376515792 0.246051071723251 0.372432606702522
-0.143711063303463 0.063714095034271 -0.0519679322715082 0.0588244135597415
0.0662049896385846 0.204953027705875 0.0346508932448749 0.258589435843869
0.262414580327346 -0.0349410355144488 0.132199575717921 0.00575211816062371
0.066134725010897 -0.292776719519235 0.014273314412474 0.0889335865452015
-0.125188122277441 -0.175190085633215 0.0919937130215441 0.0839296122055873
-0.14113340320202 -0.0690783406287873 0.000690091582329484 0.0576992233352245
-0.0932329696602374 -0.0392188235738929 -0.100232701464595 0.141139785902788
-0.0640688988549342 -0.0429915892178237 -0.185127819669559 0.129217519594476
-0.0436751565259665 -0.0880969652129483 -0.238544646617444 -0.00344335079334646
0.0610579155510496 -0.137139302000853 -0.125652410482468 -0.192109103314556
0.202266295827036 0.064225982296512 0.23035890680135 -0.227706574060692
-0.0292787439540963 0.149961131167048 0.436669580006773 0.231061470024942
-0.0232722370307833 0.1878811672759 0.0680411109824621 0.620673707321793
-0.165918404682579 0.0724913763459064 -0.170623878508396 0.754537642966698
0.138609151360276 0.157439263195367 0.163724276612706 0.321944720008942
0.0775285142473731 0.016157995751831 -0.141837274993917 0.0820644623114634
0.0953342993074965 0.140344669855546 0.00457282840039215 0.350551954553721
0.312423123202095 -0.0837315599042753 0.256341123315144 0.0469085764043774
0.0698273412749167 -0.364289694741475 0.0635371189398156 -0.0265940643776207
-0.138207003185908 -0.223823760610823 0.0466802306178325 -0.00144146520178011
-0.127318563325592 -0.10822624976984 -0.0543709953741566 0.0166602475014078
-0.0451415550346698 -0.0910245342146465 -0.131725166677181 0.117007206300338
0.00452752682378672 -0.0725025975822052 -0.196847632017252 0.114653202048666
0.0124836400206872 -0.0776758572833593 -0.247199009215318 0.00420501444979253
0.0913585548342866 -0.134208927143931 -0.171585289991271 -0.180531183007504
0.284180583673801 0.0703319257760984 0.16792257901677 -0.28902895120027
-0.00204113035636941 0.258490048678755 0.426506040250307 0.0953856072649004
0.0277985015167522 0.246788429367089 0.23785666476488 0.549631105164439
-0.124755588983247 0.310934721353148 -0.122988373665934 0.721444651712761
0.223026957573198 0.421055018599256 0.0520472007730069 0.175325990374832
0.30572082067677 0.0878230033086509 -0.26057357014586 0.0372872890013592
0.178267234674382 0.0430088928175595 -0.101708317252056 0.410115651587021
0.322185276824023 -0.129709868682155 0.337586570044297 0.14259886522791
0.0535742653272619 -0.371834323885149 0.138645396256211 -0.121973946454445
-0.117154033027722 -0.216149332142545 0.00869556341056968 -0.0991376021382614
-0.07806860301579 -0.123079935086213 -0.102371499765221 -0.0349407993019281
0.00930569562286132 -0.130119981095909 -0.14473255877335 0.0752491626390972
0.0605927976953376 -0.102669678356989 -0.177723768196309 0.0890209093911329
0.0594219114903014 -0.086868316523369 -0.225133102641096 0.0164548829171178
0.134544100658033 -0.143757750634885 -0.204016380086919 -0.143190120610696
0.341646691657072 0.0667199104498931 0.056464455534697 -0.330436560716169
0.0774345468029077 0.307699365484414 0.392114334895037 -0.0904529067893068
0.0836185793723273 0.291661679318916 0.403785099307171 0.406092720539005
-0.0266559645416411 0.478830412622104 -0.0545549629986887 0.616957546338422
0.206958014870592 0.614512922062598 -0.0354026634338215 -0.0351770502595831
0.402997699989436 0.244632025299456 -0.341916760425145 -0.0640749893428097
0.277702427032286 0.0162269519647867 -0.249892871019446 0.378373091714157
0.312514552102106 -0.156468500392501 0.326190782510298 0.250368163027574
0.0323044181635786 -0.318715808541051 0.205961446668936 -0.150441778488472
-0.0658407524582304 -0.155305320266122 -0.000569831643752711 -0.172158622849067
-0.00240841691545927 -0.113048175888777 -0.119753809685831 -0.0830470885926612
0.0591667188287444 -0.148396278241251 -0.134843004107772 0.0224316472949309
0.0910733445015792 -0.124233907751069 -0.145154305655734 0.0474133831504221
0.0771249440118311 -0.10965808000234 -0.186088584015068 0.00872210643532866
0.157583502988319 -0.164534629585073 -0.190740046656 -0.113669688394616
0.347200502558859 0.0387541944078659 -0.0382960828163119 -0.294235298554933
0.166097545536296 0.249959436522105 0.286252675233615 -0.249749722289444
0.172224035901143 0.296120764945737 0.500229978030787 0.236176303641861
0.11059394628884 0.563021467927518 -0.0215325543355121 0.443340240661033
0.133349528645597 0.698371510988271 -0.0543102532536241 -0.260562695638886
0.385342718970003 0.360255431544166 -0.32292423063556 -0.198493583574454
0.301848131556808 0.0265023643632903 -0.377152408640137 0.231798595096221
0.262977099248694 -0.131223781055771 0.214600458168885 0.319022495431079
0.00984104054523954 -0.20632912206996 0.228390566447448 -0.104863643325868
0.000227608797765284 -0.0603457680132947 0.0250729660327741 -0.188048083416011
0.0746956590175401 -0.0835858791724955 -0.0907138282678596 -0.115687437598916
0.0982142315674298 -0.14427187776363 -0.103086934079964 -0.0347650704099009
0.0972770604331878 -0.124203747542899 -0.113566234047247 -0.003609160001807
0.0683291122191187 -0.11568834005392 -0.153526742535087 -0.032784419146998
0.135120385116038 -0.162365269869984 -0.130809305792993 -0.124411391101542
0.26371728413552 -0.00736050939881709 -0.0615968605568771 -0.194341935585095
0.216201553049577 0.103806415012369 0.129527235896702 -0.321508267464685
0.255878349383429 0.228522454281356 0.484942176975521 0.0915949085756988
0.247434461052673 0.568767941312227 -0.0461682575883673 0.225741170659346
0.0835294179443976 0.655906781231911 0.00396114921220368 -0.460087084171408
0.330977496075903 0.326031466772679 -0.191983389888077 -0.336366645903662
0.212485746543908 0.00335458219994974 -0.433190592817621 -0.00458863710609671
0.152621902076149 -0.0802849777200763 0.0377645345328046 0.304327906067163
-0.0170447618658078 -0.0660305211379577 0.193904625740577 -0.0080748747818304
0.0579775247245403 0.0314471134978491 0.0730524888999393 -0.144771555785802
0.13607921755987 -0.0475761195046882 -0.0216101730988397 -0.130711923641782
0.12090007480536 -0.121087238214167 -0.0546268809919974 -0.0870481660916727
0.09857260465839 -0.0981525611928883 -0.0883092425130121 -0.0512334001792136
0.0569235988829388 -0.0797266738990354 -0.139873419261833 -0.0867840256725943
0.0752274705946488 -0.0969012552834802 -0.0592763328583903 -0.168209833170716
0.1040041873768 -0.0476046175178215 -0.0338495626949057 -0.0910237751297466
0.203331598897298 -0.0456513194594312 0.0164596621749029 -0.315555077785208
0.285539334046923 0.0976679817960739 0.375765039114195 0.0289664747255841
0.333665166595263 0.504783410297365 -0.128658866772445 0.00577965680970877
0.104192423684111 0.489451029572514 0.0980003405362933 -0.606243312631701
0.244383066224826 0.13516363155133 -0.026507791535148 -0.469675125174222
0.0763651514202752 -0.0245635630106934 -0.435644948137735 -0.229154207974381
0.0313498424416694 -0.0461959415885551 -0.119786508788028 0.243171488891429
-0.04014167078982 0.0551546734116668 0.136546884288462 0.094274176510556
0.0879732179608279 0.0857867981916799 0.131450525920664 -0.0745242342848462
0.152986687003319 -0.0129995954700138 0.0613196940405619 -0.131446749255411
0.124915064440943 -0.0800524429460742 0.00107370885153062 -0.124286550114327
0.107816420623965 -0.0508796714893962 -0.068885332879458 -0.0814814320423744
0.0678772667757109 -0.00296230830849488 -0.142559290681977 -0.128927610227458
0.00686937943852631 0.0221420428231518 -0.0132491390820682 -0.202136734694151
-0.0587167255033123 -0.0592431925749908 -0.0147484645335869 -0.0311591482920417
0.119203403533673 -0.131943937531811 -0.0175602504088297 -0.274682074237118
0.267397237872409 -0.0456564783161435 0.209094329458849 0.0203530805327377
0.325048996063202 0.399273613907005 -0.224548077528694 -0.182646610116931
-0.203446650731962 -0.286009474534189 0.260457910011516 0.324477165938598
-0.239964975576763 0.101015208299084 -0.0747899119018762 -0.00263418446207895
-0.000950880401415866 0.174476850347072 0.0149873059289881 0.229765785056813
0.169335710657759 0.0207567619542099 0.0489091239935652 0.0102127940947836
0.0385127169762368 -0.171628212914334 -0.000519777670615209 0.164110924308035
-0.0943385516017926 -0.0909765795976204 0.123301364772368 0.126988175712832
-0.131144979413163 -0.0138033988450031 0.0436434376468577 0.0768962061617122
-0.127257377499527 0.0181205332885845 -0.0536430195304736 0.145337893642282
-0.124433857915836 -0.0147834356311362 -0.137413909085916 0.137384852800909
-0.0852850307516973 -0.100446900935919 -0.199287254236357 0.0225376622715539
0.0455939397884325 -0.117735670921594 -0.112096897355474 -0.16104716634391
0.102764904345985 0.04726889029854 0.218361456487132 -0.215826847668107
-0.0217308373576799 0.0658353455945655 0.458949657573293 0.281873494334142
-0.123419488330048 0.0821107725756527 -0.0206327787821146 0.594858534814007
-0.153479114215353 -0.207248854959483 -0.150289080623667 0.716939768612042
-0.033822690746079 -0.0939432987545435 0.248340264900898 0.370089278040574
-0.142299221427077 0.0652212508247355 -0.0524143787044625 0.0596293557068906
0.0687377387260615 0.2037527653475 0.0350403515851853 0.258578800839041
0.262185233787611 -0.0384252518297817 0.132524333118264 0.00561257249882014
0.0626038875480803 -0.293105215333243 0.0153272082729971 0.0889367748604975
-0.126716540514668 -0.174915824897411 0.0927091697491933 0.0819610431881015
-0.141828822014221 -0.0678086773237352 0.00071321946271108 0.0576492277057996
-0.0941606067883467 -0.0381232238785098 -0.099083199889761 0.142002919965375
-0.0645419483567967 -0.0424199038096865 -0.182617732516049 0.13019431403762
-0.043917088544187 -0.0880459164071293 -0.238015266113973 -0.000438330517329528
0.0601042569568006 -0.137926398417666 -0.127458454196673 -0.190813165222148
0.203665342817752 0.063308306389028 0.227401502337774 -0.229036259102796
-0.0277960237988178 0.150552096138144 0.438231500916536 0.226270494925224
-0.0212721774479281 0.188469520006386 0.0740051826764926 0.620500038974572
-0.164863512805777 0.0731635095947898 -0.164414733149254 0.752426457228742
0.140092209495087 0.155570439860987 0.166805380839466 0.319742767200251
0.0782862003816681 0.0157549808496199 -0.141245033231736 0.0841867331372802
0.0967348125120821 0.13865583246539 0.00833486316063125 0.35051596712814
0.309896077320752 -0.0873363587724913 0.256712548355985 0.0439167537451127
0.0644727734684489 -0.365270576505104 0.0637709327481985 -0.0274846456855882
-0.140206233625572 -0.221413840674671 0.0459810516694749 -0.00197242914099135
-0.127544018081332 -0.106676128358314 -0.0541944587345337 0.0165736277941317
-0.0464283812132705 -0.0912819870036932 -0.130750511998771 0.11890518885494
0.00321963177775195 -0.0723602348446184 -0.195600425439108 0.116746761874814
0.0125702466969697 -0.0778024282169201 -0.246393636282509 0.00637737942389321
0.0912798138119524 -0.135223265826855 -0.172229210461496 -0.177638776271441
0.28527989644607 0.0684873345249119 0.163916606270118 -0.290410210534632
0.00100958584091836 0.259386849719458 0.427869798758465 0.0930388413581827
0.0291186309461604 0.245715021011053 0.242981838972731 0.54856141607136
-0.121356658246226 0.310955725867338 -0.116258392225412 0.721648182061641
0.227214035787411 0.416803331542716 0.0535292638343578 0.174721535184977
0.305202253104628 0.0844707154208078 -0.262395512872001 0.0390809373012622
0.178156883920078 0.041120925405423 -0.105398676167993 0.414836124374357
0.320566960409622 -0.13396558819561 0.339715687686141 0.138646071223538
0.0495794500465519 -0.372260869009822 0.137457518630621 -0.123133492957996
-0.11737879018128 -0.215662140460364 0.00751911569626234 -0.0993111993158717
-0.0796958661799402 -0.120836297283098 -0.102305634970078 -0.0340318024124297
0.00686666368313072 -0.130230851723583 -0.143389409688918 0.0772779579204964
0.0589621872381217 -0.102822450294793 -0.176389758918475 0.0905146290471918
0.0592570707169171 -0.0871570234868856 -0.224388791177999 0.0184063238895509
0.134809868382886 -0.144786324084323 -0.205475099382364 -0.140554729005887
0.342471351698013 0.0631249265746895 0.0536274230066081 -0.330729253987681
0.0800643375506236 0.307883737281643 0.393958873799971 -0.092115784061325
0.0856560757680025 0.290533076071923 0.408107674885529 0.404399817586085
-0.0221308305405468 0.479587006493794 -0.0501051498355209 0.615227824144172
0.209021341422668 0.615709974282537 -0.0347951575984791 -0.034171441038584
0.405790011666426 0.241117212514213 -0.341689825435728 -0.0608127555485024
0.278115818185081 0.0138940956804778 -0.245166987130846 0.380541882543573
0.311258331102856 -0.159299771883226 0.32944486769376 0.246534662163087
0.0289312476980441 -0.318469862895857 0.203847157728837 -0.152803393506961
-0.0671139179504372 -0.154897996604695 -0.00244560088602588 -0.171713069601667
-0.00414431698285197 -0.113212611741503 -0.120551065200523 -0.0819555400657668
0.0568918365171385 -0.148673703631521 -0.134579230828599 0.0236375636793615
0.0894460825096518 -0.126100158410474 -0.145426965068624 0.0483656206668211
0.0755752614464166 -0.110817066942268 -0.185454079615522 0.00981979600962221
0.156447272008842 -0.166827591247187 -0.191778958101616 -0.111403162644997
0.348283632703444 0.0354677672186255 -0.0426360644624234 -0.2936141643284
0.169430790572539 0.248626568832107 0.284205607338034 -0.253102399748386
0.173717191312899 0.294049137398248 0.502172044619897 0.230380613316762
0.11359476454529 0.562129354844647 -0.0174823504870377 0.442637998023609
0.129203194061801 0.703924985126244 -0.0555629345686336 -0.261010032257538
0.388067358600997 0.356486922859907 -0.324092593068749 -0.196207929582398
0.302666233552131 0.0244176803978542 -0.381538677283897 0.233465804563414
0.258835217805715 -0.136740804424127 0.217300989359274 0.316747042760219
0.00760609401561457 -0.20729318117197 0.226864080648417 -0.106479035902835
-0.00106624122484265 -0.0601532991354486 0.0217771380876624 -0.187432057158201
0.0779023586894949 -0.0849240007408052 -0.0915959525284359 -0.115212938179178
0.0952556206210237 -0.146159041648796 -0.103147987719268 -0.0336621349748354
0.0966902950825633 -0.125877199311401 -0.112903909620479 -0.0026499013261163
0.0649399778480563 -0.11540436763317 -0.152541503639854 -0.0297958531773016
0.132609436967552 -0.164167036440576 -0.132958883503352 -0.122056549411494
0.264040897654898 -0.00912839491038805 -0.0646102291795239 -0.193213110390587
0.218457920700381 0.103044839925533 0.125817942732089 -0.322268441667983
0.256640568128167 0.227213740196847 0.484806567334755 0.0876594734061439
0.25229499507619 0.563731316049159 -0.0449965711021347 0.22553079875831
0.0824830525207225 0.663194736516991 -0.00122352534985494 -0.458483859070977
0.333121171181754 0.322883783151318 -0.194056691036663 -0.334876408831996
0.212151276753168 0.00196944562864018 -0.430608774720332 -0.00297102947545523
0.151449739224189 -0.0819851524018236 0.0410244068132139 0.303633061656858
-0.0185064417570511 -0.0647477675051558 0.192768995206247 -0.0103693102590114
0.0583705784755166 0.0309192930110035 0.0707331808599178 -0.145781196433514
0.134317458116053 -0.0488353277694766 -0.0238408516219916 -0.131203670965813
0.119455871862034 -0.122080831404949 -0.0558560462581643 -0.0863888198693226
0.0988137527041618 -0.0999071778598601 -0.0886097470934845 -0.050533945323996
0.0550070989623664 -0.0797425789382518 -0.140677481809308 -0.0860731154415858
0.0737622755652106 -0.0982129176262414 -0.0624866988402722 -0.166682390574359
0.103086114645899 -0.04920975579189 -0.0358590799601847 -0.0912355363467822
0.202299453445217 -0.0469854486138101 0.0134670311111776 -0.316084803304402
0.285359124832458 0.0951567806033473 0.373648143544699 0.0260623136342351
0.336337364028507 0.501408211990622 -0.129589614094123 0.00640370021091385
0.105832720641168 0.491253005116053 0.0945189329851814 -0.606333834800249
0.245478354711477 0.132901519088209 -0.0281772497747036 -0.470422565305783
0.0760190330213357 -0.0257739147482503 -0.432727638896269 -0.216284538228735
0.0305692434029754 -0.0466461684043262 -0.117871464152763 0.241610574876277
-0.039416272239764 0.0549358211421773 0.1376163641667 0.0919029146115239
0.0896026740423302 0.0844986991603951 0.128968394740243 -0.0765425957697948
0.155858225360105 -0.0149873963736489 0.0617044363458087 -0.132650700280699
0.124221357793722 -0.081546409006571 -0.000830200237179801 -0.125366747967727
0.108161789834523 -0.05141965786393 -0.0695821524753956 -0.0804046689726591
0.0677729787035739 -0.00373070168606218 -0.143875691238769 -0.125576415623164
0.00742835624274391 0.0227833532289462 -0.0173207550816019 -0.200290007880198
-0.0589589761986204 -0.058516993312767 -0.0155420161048518 -0.0310445317230938
0.116898090756302 -0.132776480507101 -0.0177519206721861 -0.276793485200201
0.266231520974069 -0.0471092705057135 0.209973635797992 0.0196063179726878
0.328744709492179 0.393979187723279 -0.226289738965945 -0.182107175135183
-0.20661685033835 -0.284328873127279 0.26345843401964 0.321289344442875
-0.237248409962562 0.103699598453206 -0.0752939463659619 -0.00200538098921163
0.000637653493534457 0.173307505235774 0.0167487254989353 0.229806005243103
0.168602384336329 0.0193076104822717 0.0492861152167864 0.00989733115341087
0.0366046569388915 -0.17190569305082 0.00188551684396961 0.163533125783459
-0.094233963440464 -0.089789326302392 0.124630537968614 0.125532057680032
-0.131099047273356 -0.0128337402856746 0.0439301915917499 0.0767528538459724
-0.126897630435193 0.0195089328361127 -0.0516285182079636 0.145860448917201
-0.123973715983842 -0.0136049074059758 -0.135532726440834 0.138922664977086
-0.0868281010008082 -0.0991874206989871 -0.198127174021036 0.0256799128987104
0.0440889719896567 -0.118697675686604 -0.112938178572278 -0.159716541277052
0.103526222413792 0.0463116820975775 0.216049761594645 -0.215778056435591
-0.0214395127215588 0.066611340294195 0.461436231386703 0.276724830503758
-0.122834072750782 0.0826359702543118 -0.0149368220963491 0.592417848182343
-0.154182647154548 -0.204610626765054 -0.145554247764495 0.717763482866925
-0.0340126538113743 -0.0929409543047611 0.252019876988054 0.366514904517976
-0.140622339096842 0.0657209462690319 -0.0510430554407706 0.0601210261824325
0.0705155188359624 0.201690270559647 0.0407793901045513 0.256078530527104
0.260452663515215 -0.0415531421594071 0.133617236994669 0.00434082359511278
0.0586774930287121 -0.292552260905349 0.0167314453294156 0.0875598180964723
-0.127462832828483 -0.173256572760773 0.093573031431346 0.0813248810347387
-0.142425654426208 -0.0668767625815305 0.00137658404248135 0.0577873930826774
-0.0934031571327168 -0.0373139779485451 -0.0973672148703719 0.143389050621822
-0.0642072842243641 -0.0424773083180297 -0.182091792844169 0.133022901108837
-0.0443497478055086 -0.0878868235662786 -0.236994073103218 0.00210231605013401
0.0587067961094213 -0.137614284379037 -0.128958312065997 -0.188447831656559
0.204174070277428 0.0607420883713229 0.224411051145607 -0.230540321331845
-0.0271536095415275 0.150925366478537 0.438459716689556 0.223649535985196
-0.0204425807431783 0.187163229475305 0.0764008456778056 0.621653787590231
-0.163122586810174 0.0753310387748218 -0.162753413943436 0.754421655810048
0.140845577241024 0.153760771125067 0.169374552489961 0.31787053651593
0.0781008771799031 0.0151924472802272 -0.140589134894536 0.0840444772203824
0.0987308453514389 0.137718914956099 0.0112327214586477 0.349717501784228
0.308602043483575 -0.0908895124070414 0.258002836382088 0.0425576180317717
0.0605408040171932 -0.363841084778535 0.0635329010575453 -0.0278144687001208
-0.141616296884787 -0.220427633645937 0.0457331532495687 -0.00299112298036359
-0.128803901106177 -0.105826792177683 -0.0543929532992325 0.0177703655683982
-0.0467895416738931 -0.0918686215145607 -0.128921099959998 0.119375995004967
0.00283049724892936 -0.0728405938628163 -0.193129872124005 0.118639538493223
0.0119090677513144 -0.0787002947897496 -0.245348422290997 0.00883170736538135
0.089725910757256 -0.135508693225443 -0.172793595215419 -0.174828364784164
0.285395279295805 0.0652785052125404 0.160882051991651 -0.290590009509344
0.0023702694420746 0.258870864141892 0.426841290672215 0.0875630112477207
0.0308381606959071 0.245464957764083 0.245376216310462 0.544271733642707
-0.118805010768579 0.310907860944648 -0.110884036684325 0.720523636417097
0.2317213363283 0.41162334703146 0.0547574138904742 0.173395401642131
0.306773085682354 0.0831891714960308 -0.26109724317236 0.0412637938062858
0.179034333037669 0.0387716462818624 -0.0958423425492705 0.412333955672501
0.316459073297951 -0.139940329905856 0.340776892594642 0.134748245403349
0.0464544616716154 -0.372376893886199 0.136620630447583 -0.125163559202437
-0.119942691811174 -0.214720184739032 0.00673002081293862 -0.0998938311559258
-0.0794947381968006 -0.121883108985791 -0.10373664473384 -0.0325682219661264
0.00533154038264403 -0.130879241337741 -0.142502588327802 0.078670885818075
0.0578273248369837 -0.104697161656613 -0.17514101656623 0.0915143759998841
0.0582170627450993 -0.0890059547448066 -0.224032294016326 0.0205333555665043
0.132371423264994 -0.145763755539038 -0.205239715133083 -0.137344687688648
0.343697781703621 0.059476768383174 0.0487984544374225 -0.32996161919251
0.0829018561188265 0.305396297312568 0.394354309213095 -0.0948828854203455
0.0872977300674132 0.28874979843375 0.409952170139488 0.400883780989785
-0.018556994028558 0.477325443261896 -0.0453009498383693 0.61523442278844
0.210525064208755 0.618179276748066 -0.0358008135434762 -0.0346700573870024
0.407974342800851 0.238028896708247 -0.341477957805198 -0.0576511045924827
0.278319290138734 0.0121977934939319 -0.241339152805863 0.382468524993533
0.309455170171592 -0.162933552301605 0.329611287631134 0.243606696496898
0.0258007435475841 -0.318706938480889 0.201854678965139 -0.15471753283493
-0.0683342162481014 -0.154365278421144 -0.00456685018930571 -0.171909417075918
-0.00490221021566327 -0.113307165043525 -0.120592279126108 -0.0795364080182673
0.0548367896812505 -0.150510828910967 -0.134588560355601 0.024411030009736
0.0883592901107925 -0.127204282030631 -0.143571405168551 0.0496087276180758
0.074352070191635 -0.111610074236521 -0.184278176192593 0.0116378349311594
0.153856884506626 -0.167968862513297 -0.192543366237565 -0.108332894038671
0.348368440437635 0.0308929642348817 -0.0451890423859571 -0.292749753917641
0.172393232322359 0.245716703715831 0.280549439495322 -0.255712628181443
0.17578430473568 0.292799498475995 0.503427240673787 0.225905017767556
0.119892040638979 0.559095240402189 -0.0147856729335055 0.441275752300742
0.13686152764278 0.702654219071001 -0.0573764166884278 -0.261022476632439
0.392165539537996 0.354323361594028 -0.324572887111823 -0.19123392005773
0.30347301030881 0.0219130362646355 -0.371089406555947 0.237095158424932
0.256877827828527 -0.138924387525279 0.219700587266223 0.311826541716827
0.00494957906529434 -0.206168819597225 0.224306755236525 -0.109908822102189
-0.00080427955354443 -0.0607543970382807 0.0187163155409656 -0.187632160296823
0.0778999936868063 -0.086827474222134 -0.0925951469717007 -0.113849657485805
0.093577626839504 -0.147275283504421 -0.103609028369779 -0.0327557036081938
0.0966692482564164 -0.126579513181177 -0.112505777103684 -0.00179070243176167
0.0652775236108591 -0.116072091648003 -0.151385803439503 -0.0269106042638231
0.131240497993386 -0.164508213251771 -0.133392862573298 -0.119295823513536
0.263229674798995 -0.0137184261605633 -0.0669568214179473 -0.192432108051054
0.218980235538043 0.099282084325029 0.126410365178613 -0.324173467775705
0.25927503149117 0.224450854256765 0.486781791575541 0.0870822930794456
0.25530037700636 0.560815755111856 -0.0452294575626578 0.227025945397119
0.0896534383930138 0.660660361721928 -0.00379480728478072 -0.458243798703572
0.335862714493902 0.319693750745676 -0.196007924494769 -0.332533595185106
0.212838443761856 0.000671170478758189 -0.430829898333732 0.00144760451164814
0.151340013454518 -0.0837145669281067 0.0445703712671054 0.301438358265422
-0.0190393520853269 -0.0651328807040284 0.192117655488779 -0.0127914976524686
0.0582857552252959 0.0304797652615562 0.068812867688164 -0.146832635803544
0.133928442012739 -0.0503671028874942 -0.0254051671579144 -0.130396712918705
0.118049256960109 -0.123243191867133 -0.0563487054761718 -0.0866585983939876
0.0971430316773167 -0.100845234132759 -0.0882351322981994 -0.0508026080374172
0.0544628856679512 -0.0807916514115739 -0.140685954634088 -0.0842472056920115
0.0718510725868458 -0.0981174997069787 -0.0641799603962477 -0.164983706830783
0.102378229908673 -0.0518936547892777 -0.0374056071519616 -0.0908982599466197
0.20293156153859 -0.0490699008636753 0.00986307694505054 -0.316181589420848
0.285023405641039 0.0944879284974697 0.373727259634103 0.0227045703800575
0.340086688278442 0.497659536677764 -0.130002877716513 0.00809627158236478
0.109076995959486 0.49031658391273 0.0882540682638128 -0.606121157157593
0.246227867495137 0.132007069533673 -0.0330259723063239 -0.465873815042317
0.0759251625979952 -0.0256894396881793 -0.432265231660018 -0.206434029865
0.0302098846743972 -0.047128072871113 -0.114937164386027 0.242214326720277
-0.0385911794369933 0.0539292955790662 0.138537445908524 0.0889372796896007
0.0901563538238609 0.0832046212513408 0.127783600369622 -0.0773455560210513
0.153837229069104 -0.0162701411411788 0.06136848255285 -0.133886159154673
0.123349354151883 -0.0817663899096449 -0.00116142960147721 -0.125480615056989
0.107714640107543 -0.0530717466904689 -0.0701999763796107 -0.079465758200094
0.0679251262531502 -0.0038594213908241 -0.144642679688502 -0.123223284921043
0.00681043338170676 0.0218185103447253 -0.0192897200102946 -0.199518854906537
-0.0595941684361012 -0.0585684603334552 -0.0165220818442262 -0.0316598054567625
0.114561154754543 -0.133286522745813 -0.0203800887904347 -0.275392979553005
0.263858319129737 -0.0485736617247879 0.210049013757746 0.0186560893321718
0.329948144211676 0.391534561523173 -0.228357655201898 -0.180220212362436
-0.208124425317523 -0.282061817958347 0.265905061318339 0.318925322599925
-0.235681557412846 0.104070732611283 -0.0755676101101894 -0.00121342142517942
0.00226147393120583 0.172893095676276 0.0186368781318654 0.229458226504413
0.168410763003454 0.0177873569039043 0.0502979556127746 0.00965705468755015
0.0352010771883076 -0.170883508212166 0.00358010678171223 0.161734568779211
-0.0954267991917477 -0.0892110980592314 0.125465995521825 0.123704810852914
-0.131063720426391 -0.011427015533322 0.0445960897097396 0.0762088462654981
-0.126666712402561 0.0202883792566448 -0.0507033969377398 0.146242578750933
-0.12374611755689 -0.0126200189830145 -0.133384306656502 0.139700636848496
-0.0873232381581412 -0.0989253621135302 -0.197030196347545 0.0281796430797103
0.0434931588938169 -0.1179108487596 -0.114274690195903 -0.156891561167277
0.104131784787265 0.045446529891323 0.213251747848004 -0.218544729831174
-0.0204808227728052 0.0664384503657377 0.462559419018645 0.273878990283613
-0.121526893936742 0.0833776978036166 -0.0131157182699603 0.591686040265894
-0.154593526399576 -0.203304499671159 -0.138774456761799 0.716216049197912
-0.0343952763540795 -0.0923763482780098 0.255496805821277 0.363691698183765
-0.138491949493328 0.0678546275120819 -0.0505491748460617 0.0594782497993599
0.0725136155680154 0.200253367559228 0.0425958701917655 0.255391195438328
0.259984673320021 -0.0439720493003671 0.133975881299216 0.00360924271707237
0.0559700546961435 -0.293472692111253 0.0174845756440309 0.0864649127569173
-0.129192966584528 -0.171824830178336 0.0940643302044934 0.0796006303617581
-0.143060989110079 -0.066048301960582 0.00136443994180533 0.0573082930806116
-0.0941148762981838 -0.0369206877411156 -0.0961172810806771 0.144285527888295
-0.0642797892678229 -0.0421854188062958 -0.178818755435002 0.134121452165382
-0.0452974311775851 -0.0873405853137728 -0.237131145896447 0.00488073592257623
0.0576494025631446 -0.138032638327868 -0.130119927092983 -0.18603250466147
0.204663169741387 0.0578990056524244 0.220345312274759 -0.232091324890457
-0.025730733747529 0.150844476635909 0.44011045247509 0.219843369958148
-0.019293981769828 0.186624692894993 0.0829936969688082 0.617928835108792
-0.161417512558351 0.0757155082183456 -0.152881464793734 0.753414824791049
0.143168294975653 0.153151458078617 0.172426582587522 0.316491625106631
0.0791305728923812 0.0145598551208807 -0.139642129795261 0.0844273250160089
0.0995533615967573 0.13604859505121 0.014512158192637 0.349672420072019
0.306831848380116 -0.0944012777763838 0.260087267020589 0.039804542145253
0.0549503056266807 -0.364555599577238 0.0635198871380157 -0.0289696592391573
-0.143620639581396 -0.21898509481686 0.0456779200877651 -0.00298482205161521
-0.128898312283247 -0.105170927423387 -0.0545249796727284 0.0186718823896112
-0.0480503617178712 -0.0913991253528429 -0.127818402473931 0.120438850045564
0.00241818776287942 -0.0737665996835849 -0.192669730478576 0.119958729739965
0.0113079077263106 -0.0792087929005201 -0.243573498327648 0.0116228340718493
0.088313170500895 -0.136873652715775 -0.175036123787341 -0.171833150192662
0.286107264527122 0.0611521854102264 0.156759831695646 -0.290836123415744
0.00609451170134601 0.258689552684854 0.425598512677426 0.0843894379429139
0.0327622204065087 0.244673775912701 0.249556797488603 0.540272103381768
-0.115827787544161 0.311837104496554 -0.105793797670436 0.723022340178738
0.235937268845379 0.410632102429321 0.0560951037860404 0.172912486582519
0.307214604949434 0.0799886913685435 -0.259731045137666 0.0432012136703738
0.179135401419101 0.0376854327211925 -0.085636314645273 0.407797634419747
0.314546057074198 -0.142400792520216 0.34297703579442 0.131517308377033
0.0411312845988932 -0.372602616744881 0.134638072901211 -0.126422742190092
-0.122282073152587 -0.212759224322191 0.00499318650730823 -0.0997738056795458
-0.0803608136875228 -0.122056567827973 -0.103994884526873 -0.0306132268250411
0.00531461902484488 -0.131314304042724 -0.14200843097556 0.079723503457398
0.0575837249771044 -0.105264892720228 -0.17474397742764 0.0923605844809802
0.0568742923466006 -0.0895697750272979 -0.221818588375013 0.0238921415292812
0.129925668004543 -0.147213722639077 -0.206279271970973 -0.134485899092625
0.343516491621981 0.0538048429731005 0.044542284633147 -0.328980526547222
0.0877830375376064 0.303863359461801 0.388898571874741 -0.100182215809139
0.0897547350240721 0.288204247649952 0.412323958923835 0.394794357110837
-0.0148876948671383 0.475375201076877 -0.0430791466107685 0.616680287282133
0.218411511867126 0.609910726038925 -0.035877924676506 -0.033951494819513
0.408475160326004 0.232577472873294 -0.340703097033115 -0.0548398118382282
0.27803259478039 0.00817744512013252 -0.237888331439717 0.384049428119697
0.307919070069348 -0.166717357484703 0.333635688145031 0.237957840483762
0.0219387111651305 -0.318740913537692 0.200025424907936 -0.15649847963292
-0.0703034170601728 -0.153737931336284 -0.00591901095823739 -0.171368293630814
-0.00577589388457839 -0.113097910555582 -0.122252550057325 -0.0786623706472387
0.0532157564603534 -0.151126946380209 -0.133641438607071 0.026539061226186
0.0867107799307812 -0.127659946255299 -0.143165781269819 0.0501552450270957
0.0736748437807121 -0.111908595948577 -0.183087736141197 0.0134083654954916
0.151668335393093 -0.169170459202594 -0.191885710678649 -0.105104114010549
0.347661377127832 0.0272364342391077 -0.0486683996379253 -0.290325030443905
0.173862901883314 0.243895907514055 0.27737520339498 -0.257569469588063
0.177923059225102 0.291031680795135 0.503772966804488 0.221918997397777
0.123342375860233 0.557153521713116 -0.0126178187681453 0.441526910353412
0.148150089418489 0.691078415457542 -0.0602923566760229 -0.257370381304787
0.392949626008341 0.349421748148876 -0.324593683089677 -0.187962303246002
0.301406786842599 0.0184408035639718 -0.361017143331553 0.239021511943199
0.258593561652298 -0.139814689708721 0.223514335780116 0.307503112254481
0.00286548818649508 -0.206661099800611 0.222378004967909 -0.111480590040759
-0.00111742326598062 -0.060870201691642 0.0174651946104445 -0.187062508839461
0.0729337468996429 -0.0863591677577115 -0.0939856190746306 -0.112715456312062
0.0924342426403451 -0.148298035609341 -0.103910735581695 -0.0316335217830884
0.0950502079178636 -0.127365335021988 -0.111550167751075 -0.00105287521704362
0.0647298852771627 -0.116238802340707 -0.15149206404863 -0.0255510629893057
0.129975269267618 -0.165478504628179 -0.135321741831237 -0.118026371921206
0.262566279234202 -0.0182641543212932 -0.0692753256789856 -0.191970237929467
0.220098838946731 0.0962137146914413 0.124507205560209 -0.326080376084535
0.259772825631048 0.221122179061773 0.487772639643044 0.0808534882944728
0.25877696572242 0.557185523391417 -0.0435281732092035 0.22662222999419
0.0998791650996095 0.649636070887708 -0.00981304598179395 -0.456486886732359
0.33835547075837 0.314799510083254 -0.198900328960533 -0.329896677554319
0.212633138521455 -0.000483958102252991 -0.429750980367752 0.00583546121324829
0.150006837932279 -0.0853942638069319 0.046407190479196 0.299959343101728
-0.0192482792718054 -0.0651156942213429 0.192358327414006 -0.0159149718281422
0.05851428388397 0.0291186478692527 0.0671501945473464 -0.146600052443019
0.132953065886111 -0.0514945528354817 -0.0258528152284779 -0.130736007735526
0.117002970260289 -0.124119755282354 -0.0570738103619701 -0.0860806417072143
0.0957874135884503 -0.102248406232519 -0.0887166847244838 -0.0486775684398671
0.0536714963085365 -0.0804881983480474 -0.141080912106795 -0.0817047779034605
0.0708215191066327 -0.0990396590392538 -0.066307525896662 -0.163730970650826
0.102038612305709 -0.0528025523249066 -0.0386512594562725 -0.090390217062108
0.202438711792648 -0.0500029145657964 0.00814210539949429 -0.315637962667505
0.285680566600835 0.0908322974878669 0.372881547668352 0.019649821230776
0.342656352159473 0.491941005128073 -0.130230793202385 0.00938237488682715
0.115155266309638 0.483174587392671 0.0794761676897826 -0.602992732198076
0.246751917543915 0.128594978514911 -0.0373683959022508 -0.464928373677105
0.0757091737086874 -0.0253541995032546 -0.437712454966703 -0.212668020509
0.0299884355962742 -0.0475977165562682 -0.112891962704079 0.241072576967209
-0.0379316644490875 0.0554472788146069 0.138445450138399 0.0872010637235095
0.090735803554566 0.0829112960503616 0.127090502149026 -0.0788409031314005
0.150380201034412 -0.0188955911527385 0.0590012650098908 -0.133169492359719
0.122778454849156 -0.083144477209626 -0.00279554727349915 -0.125694313232611
0.107077115347112 -0.0533134703421439 -0.0707302639501145 -0.0788325576024782
0.0678529473781878 -0.00499195571215114 -0.145561109953052 -0.122508711774797
0.00687276005736583 0.0216136239121306 -0.0214635283999282 -0.19888224520786
-0.0603612032718496 -0.0577644277902745 -0.0174111593632989 -0.0323767003583169
0.114868857647794 -0.134388108764212 -0.0252096841046766 -0.274401076007142
0.263527021629864 -0.0509327061753346 0.209702974546185 0.0156184263531187
0.332306086865581 0.388093918324365 -0.22887487033155 -0.17662021789993
-0.208748953130667 -0.278932375227881 0.268976735793518 0.315080039647319
-0.233531605722807 0.105819487501166 -0.0756858265348087 -0.000336830515450703
0.00347404390861605 0.171660973386792 0.0206627688935314 0.228962194831196
0.167823686306774 0.0158504276164292 0.0502808720371156 0.0092716471131414
0.0326656035051561 -0.170765351135833 0.0054981751783395 0.16065065426357
-0.0953288014854847 -0.0879226612469437 0.125173645445073 0.121987191708908
-0.13103228314536 -0.0102460928182953 0.045139442891897 0.0757810781498347
-0.126538461190233 0.0209663004038635 -0.0492766118144763 0.146931815899627
-0.123678882289771 -0.0117807769498659 -0.131675429332948 0.141195691939015
-0.0875980553760727 -0.0979585606793166 -0.196083258824174 0.0306245716357666
0.0423082895714444 -0.117355168265327 -0.114651955900559 -0.154654199813302
0.104436381478146 0.0445469131072819 0.211178023126637 -0.218433289232395
-0.0200529572307552 0.0665248626424022 0.462145463736994 0.267678164528136
-0.121391273909397 0.0836471796492784 -0.00711107558663465 0.590802955665443
-0.155979754278711 -0.201913180463729 -0.13492110430359 0.716057571505755
-0.034423973640151 -0.0917452753793231 0.257574649744276 0.359790231489477
-0.137181245182282 0.068234310648925 -0.0508965815511732 0.0597501932439237
0.0742985843705311 0.198637545511763 0.0418443757581604 0.257281497246359
0.258477761829593 -0.0452855472477912 0.13463444633964 0.00195596990209913
0.0529062831684536 -0.292012004262655 0.0184143547553797 0.0861107896915054
-0.130383613784076 -0.169807696709699 0.0954714429558937 0.0776391667552297
-0.143589530263156 -0.0640782554926509 0.00127387951724829 0.0578018601303959
-0.0938821061861594 -0.0361938724667128 -0.0952226404938948 0.145396577541077
-0.0645289241857211 -0.0410335320513806 -0.178357710705191 0.135602395645515
-0.0462707600623754 -0.0873204123077347 -0.235188105183455 0.00809653829817404
0.0571930951628809 -0.137711568600741 -0.131247347664299 -0.182951906494879
0.204406736118539 0.0559665211136496 0.218334768766865 -0.232103284766857
-0.0240399430791477 0.151387328805262 0.439516497397742 0.213435638701151
-0.0173340904171852 0.186557668924256 0.0880354662305732 0.614579682463934
-0.160821519269891 0.0772612384398496 -0.145159744913306 0.747286474079142
0.143934976865391 0.152055552039986 0.174361188710552 0.313401351470112
0.0795463357680131 0.0137949065593602 -0.13874518790407 0.0853564954330455
0.101215982815736 0.134279145847727 0.0170402227791326 0.349116116441029
0.30595792128985 -0.0979218412780228 0.259217250657478 0.0372757481926668
0.0514509901993232 -0.363653237482051 0.0631851095108127 -0.0304530370140099
-0.144534964917784 -0.216896155915042 0.0454242752506212 -0.00363643034544962
-0.130769315858286 -0.102858136967026 -0.0548233627756864 0.0195691014221695
-0.0487114527816985 -0.0912018935161078 -0.126211876540202 0.12223561327251
0.00230014710384331 -0.0737786074165922 -0.190124884654615 0.120946256458486
0.0107983611229099 -0.0800333551599352 -0.241802933234677 0.0142400716165004
0.0879306874492276 -0.136524341011761 -0.174806748262433 -0.169249095092266
0.286470180803399 0.0596218149388981 0.15331665883813 -0.291095108342793
0.00793433681407888 0.258779166504778 0.424666962198129 0.0791930772749311
0.0342894249829583 0.243385932173682 0.253776253096797 0.534222146746545
-0.113136669209318 0.311052841466851 -0.10081603424336 0.71931221913283
0.23777293382777 0.409647201687447 0.05716514672362 0.171901416537588
0.306765740147217 0.0770055570676735 -0.258890816431848 0.0452056899414626
0.179624786375875 0.0353329783795533 -0.0888137632613453 0.412126514031958
0.315367530159136 -0.143551049877339 0.343054360956018 0.127772989088271
0.0368292792950759 -0.370749203088101 0.132772713167671 -0.127746591527234
-0.123854467869105 -0.210645595821665 0.00478547678960544 -0.0992487136372246
-0.0828755275243947 -0.119624748912838 -0.104479307346649 -0.0300951558484849
0.00319181481292855 -0.131891379917695 -0.141308514923693 0.0813684995476609
0.0566284193812284 -0.106271610528519 -0.173506246689609 0.094119243137549
0.0562370974915487 -0.0901055429529842 -0.218837010898356 0.0254542084016628
0.128858579938511 -0.148160827221874 -0.206299458028544 -0.130745375085224
0.342187745646232 0.0528212868760129 0.0405289857821285 -0.328045688607691
0.0899347605177576 0.303846108031237 0.385663048301524 -0.104419614713991
0.0914325769274503 0.287247595452371 0.414619100834737 0.389575898269108
-0.0119898529526118 0.474797610712602 -0.0359117154390102 0.61223014339144
0.224158819827079 0.601968429148095 -0.0362104576887876 -0.0331720197582036
0.408251006343978 0.230307047043974 -0.340791629393719 -0.0519119469182135
0.27720089863788 0.00700678970052549 -0.233519633655063 0.384732041514566
0.306264610893924 -0.169184664977969 0.333975803149069 0.23407746629217
0.0188840923438199 -0.317338038592077 0.197181778462677 -0.158888876550729
-0.0709912040280853 -0.152766310127756 -0.00742716042477995 -0.170216840586467
-0.00685500845956786 -0.113094619423599 -0.122565853002786 -0.075945427491353
0.0517534186185462 -0.152068003292469 -0.133954076996285 0.027187881590832
0.0862275785653231 -0.128766037291627 -0.141608834144622 0.0514767236025069
0.072349897990619 -0.112339071847189 -0.18176277323987 0.0160644130895346
0.149293270401929 -0.170503616221037 -0.1929208243358 -0.103063155081758
0.346536435880508 0.0229470901501053 -0.0517803637579759 -0.289527747961563
0.177594663805661 0.242760196248945 0.273362009737712 -0.260733265846207
0.179986062923521 0.288888584430911 0.503884877352384 0.216772895863435
0.125040920954744 0.554272826964855 -0.0091253697189911 0.439591916371247
0.153713373627973 0.68814086174972 -0.0621817290566473 -0.257132912563257
0.394781703615676 0.345075958503391 -0.327191332024897 -0.187114044046251
0.301354121138317 0.0172000459890962 -0.365799340638417 0.241929168443513
0.257038719323195 -0.142788484974688 0.225534612349612 0.303946369745457
0.00233456130399417 -0.205629170655288 0.221734936488592 -0.113354101304882
-0.00187642030827128 -0.0605667142078065 0.015545672922325 -0.187509891878679
0.0714124470499741 -0.0867717603669856 -0.0947476407173187 -0.11157822893713
0.0911541918140542 -0.148135992372941 -0.103338627118202 -0.0316621606375788
0.0928655387795667 -0.127725811337924 -0.111648586687833 -0.000465038831342061
0.0625970712795043 -0.116809342656012 -0.151799244238418 -0.0253524306611001
0.125881421432908 -0.166228747448463 -0.134778356071429 -0.115475775356418
0.261580393678131 -0.0199827008781518 -0.0721484716810189 -0.190291921559872
0.221984057242513 0.0960161456433322 0.115972750228405 -0.326067202780521
0.261453780304267 0.219553234388699 0.484289997974487 0.0748544889267841
0.260716824719981 0.55398206632737 -0.0409374339718647 0.225268526179608
0.10384196043445 0.648256234068217 -0.0139128748985206 -0.453631639673388
0.338227783762369 0.313118814146915 -0.199636808711723 -0.327906179577172
0.212752508915867 -0.00184816302762134 -0.427408794703228 0.00800406501421372
0.148500213731622 -0.0869910987012801 0.0501015946290734 0.297403307597647
-0.0198678127402847 -0.0641680985797415 0.19119779206564 -0.0172756997244326
0.0585054398368307 0.0291934111991276 0.0647534639395689 -0.145859255797573
0.133160648899081 -0.0521380624754057 -0.0274473456623837 -0.129772477959885
0.115113555896797 -0.125719495979468 -0.0591239295528221 -0.0852253222347917
0.0969253300119865 -0.102421799923783 -0.089542966234678 -0.0491423161551972
0.052144607221278 -0.0797856849627986 -0.141145654271123 -0.0817294777186707
0.0689938565208879 -0.0994083167357047 -0.0675488665702033 -0.16141925146793
0.101811623289644 -0.0545102891419656 -0.0405179059683174 -0.0905694962404548
0.201774320170506 -0.0516276782244045 0.00507702711086059 -0.31543629152015
0.285497474346943 0.0885747184913785 0.372601012765776 0.0178114556903037
0.343923845724065 0.489117510580061 -0.130560583335637 0.0108705987559811
0.118983434683227 0.479162802429597 0.0770610093815494 -0.601425639123437
0.246539951609561 0.127664879136601 -0.0386360865622607 -0.465840051834057
0.0751687434870534 -0.0261867388414197 -0.438910859946537 -0.211313157863401
0.0290932406059819 -0.0483394449378768 -0.110644839003502 0.240579367189461
-0.03761089927195 0.0559856612673142 0.138681236639558 0.0869237944699201
0.0916386033063098 0.0821171797600808 0.124814786073249 -0.0799539546108428
0.151479508036872 -0.0184153670633497 0.0558770049709665 -0.134961864496249
0.120544391019202 -0.0838961484294512 -0.00454934452269444 -0.12566870152282
0.105321568519404 -0.0544013365017636 -0.0702639352336245 -0.0787028605167429
0.0666962935825892 -0.0054131764341284 -0.14473646032788 -0.120314573680375
0.00708705141045793 0.0215651105916624 -0.0254898561264837 -0.197092325468675
-0.0601216450371458 -0.057571925535019 -0.0197988428063382 -0.0320381260937975
0.113763178864645 -0.134540512364494 -0.0274458186021082 -0.274699769003757
0.263251289918009 -0.052293468965597 0.209234587175252 0.0140574869454289
0.332080538258967 0.384015424047006 -0.230584634684451 -0.173730041338556
-0.210208946408145 -0.276698721923754 0.270378960225927 0.312621055242943
-0.232410540634656 0.107091523995698 -0.0756000912545483 0.000171835730747867
0.00572160471250027 0.170921607963487 0.0219372219346593 0.228705295771684
0.167115521912699 0.0144499494328293 0.0514165382626223 0.00938932997061167
0.0312822809018275 -0.170270850576747 0.00716150367625921 0.159176971773675
-0.0960342304132193 -0.087358238257745 0.126575351194258 0.119376803998625
-0.131256977617909 -0.00964035691767364 0.0446539919003302 0.0756211383536571
-0.125173431047294 0.021442233179331 -0.0481475420215368 0.147631848413438
-0.122977190631227 -0.0102514689929238 -0.129529574731427 0.142330456260685
-0.0880884582822552 -0.0966459419644978 -0.195542157476312 0.0319487651233396
0.0414841798002828 -0.118025361181009 -0.116512754452972 -0.152845787074096
0.104889150955802 0.0446474592909712 0.207012097013148 -0.219105674687203
-0.0197509858829092 0.0666193551259751 0.461793620875804 0.26507976566188
-0.120108183109486 0.0833957231083239 -0.00238154827909814 0.588038740945758
-0.155732761518501 -0.199970334779175 -0.128088887947554 0.712906735867636
-0.0337240334600395 -0.0912194170729892 0.25974516412667 0.357315503235528
-0.136569697822564 0.068721530743103 -0.0510317328795927 0.0598290884250329
0.0762200100680056 0.198253641742096 0.0452929255273373 0.256661117404021
0.257056685966917 -0.0491000896478991 0.135466669986832 0.00123105794706655
0.0487074677904796 -0.292065228063489 0.0194597836621325 0.0850219357885456
-0.131807100333798 -0.169595772246147 0.0954062727835974 0.0769728534663751
-0.143470565991365 -0.0624294983355262 0.00201597370104585 0.0585851750280934
-0.0944425457865677 -0.0359502998993709 -0.0930132997467723 0.146311452357435
-0.0643946462769321 -0.0413898642625873 -0.177092445414824 0.136938119282265
-0.0461714913083139 -0.0870448946253468 -0.233616717554602 0.0103370224699468
0.0558799900021207 -0.137793708640381 -0.132499967994644 -0.181923864334825
0.205249365342416 0.0548003367817071 0.21468119481795 -0.232725501573269
-0.0228251096465661 0.15150242506309 0.438397238968926 0.209859196998933
-0.0157303786175239 0.185375135557017 0.0909719519013367 0.612256799023551
-0.159339645292497 0.078086831766047 -0.141644816821612 0.747767188306531
0.145413026911547 0.1496884370206 0.176829226324314 0.309705640894372
0.0795352016003103 0.0129324896276327 -0.137700902726269 0.0871973371630453
0.102749151526044 0.133100373553373 0.0196740145895586 0.34823318304706
0.303132291095025 -0.100286724969063 0.259614790000151 0.0351702414207037
0.0473441138476198 -0.363737003567861 0.0627861708803519 -0.0312373617090484
-0.145838859198092 -0.215216738051049 0.0460275688919883 -0.0054273093120849
-0.131382053352135 -0.102018423656498 -0.0546444384396422 0.0201787064245778
-0.0498518080982448 -0.0909756429912554 -0.124776919387527 0.122945122826631
0.00123783147336636 -0.0742397179774916 -0.187731877895324 0.123379787370642
0.0100011157544543 -0.0794129758441771 -0.241518951247405 0.0156740434120729
0.0865216642126277 -0.137515034728763 -0.175695442669254 -0.165889195349977
0.285320384778712 0.0569594941376258 0.151296495445878 -0.29060742100939
0.00955257062705653 0.258518588796595 0.425050802046968 0.0747490518634576
0.0356181292341976 0.242365600171895 0.254342293554726 0.534862060843456
-0.1110314981163 0.31095529932332 -0.0960171475873374 0.717173639605835
0.24065461210586 0.403436661197397 0.0591453278064035 0.169705745484961
0.307049692032555 0.0741702502963859 -0.258076580684681 0.0474304645398214
0.180085479749192 0.034312074394269 -0.0890587767212155 0.416707172278605
0.311576313545769 -0.148049902317802 0.344555348202048 0.123780292786712
0.0334551344507466 -0.371064407863027 0.13211310304666 -0.12918559113959
-0.125756263004412 -0.210408096843941 0.00292227597822075 -0.0995807772404558
-0.0844333232639324 -0.117879338006004 -0.104462246368282 -0.028521721345447
0.000992028911754832 -0.131829011527513 -0.139367986865155 0.082715725554135
0.0550861033434274 -0.107134276937251 -0.170255648051631 0.0960359318459704
0.0560361387917302 -0.0901570009134854 -0.219347455964828 0.0264230570284955
0.127748803979737 -0.148938464357496 -0.206269476555105 -0.128344735436535
0.343474004727041 0.049992139168648 0.0374740641717432 -0.326667316969784
0.091456900061542 0.303089757712693 0.386588460395805 -0.105470822169756
0.0925564024157904 0.285313182944971 0.415997414057326 0.387307206136785
-0.00755362372810006 0.472246378773602 -0.0329021442204791 0.608972498682033
0.227583310434623 0.604253501120691 -0.0366375560931753 -0.0328592346803344
0.409230857566393 0.225225230832837 -0.340523522873577 -0.0494155332792078
0.276795442616451 0.00491128398263701 -0.229865032111442 0.385116522308333
0.303521461712323 -0.172459357203659 0.335924052555863 0.230279191295336
0.0156156627569698 -0.316296551416467 0.195156975884884 -0.159289804301868
-0.0726010067742228 -0.151990597861251 -0.00966293926248418 -0.170088073077295
-0.00783720481295976 -0.11332655807659 -0.123126655524955 -0.0750363754072539
0.0499218672695748 -0.152476848283873 -0.132827040746451 0.0283997987434294
0.0854299833023566 -0.129761594569381 -0.140980536581931 0.0522675393528685
0.0715447531366731 -0.113133175550671 -0.180406352617578 0.017334998265944
0.147112292783199 -0.171087377072542 -0.192821163944337 -0.0997701024113227
0.346843276994313 0.0210631328329351 -0.0546717247656673 -0.288409301542776
0.178941476010264 0.241370423138664 0.271017611700149 -0.263311605071027
0.181574355715574 0.286536769874006 0.504729077030853 0.211950994726665
0.131509881014915 0.551460187074029 -0.00675096569534606 0.437549859313602
0.151575065088027 0.690584942457161 -0.0638959812016733 -0.256588965876244
0.394885962176239 0.341309357025777 -0.325911089333253 -0.183003823984269
0.300662463797383 0.0156522942483563 -0.369365659213844 0.244472504950752
0.251132011739238 -0.146937351057855 0.227801062074135 0.301044138321494
-0.000213510796137825 -0.205658548734973 0.219510232704158 -0.115689620741629
-0.00284195235013197 -0.0610467796854153 0.012815324438345 -0.186966575257673
0.0745592404157161 -0.0883887948825515 -0.0959110484828887 -0.110220618799869
0.0879310679137857 -0.149600952634242 -0.10416696296026 -0.03101828165759
0.0924225564898007 -0.128383130627609 -0.111419970698111 0.00017326095307418
0.0600049476496074 -0.117042274124864 -0.149428150280599 -0.0229670550668291
0.12338233179638 -0.167029437636041 -0.136244428217292 -0.113042455628369
0.261440172047775 -0.0215386969370869 -0.074243406969378 -0.189585149988805
0.223107877017383 0.0953094037087618 0.113256772257603 -0.32630589761797
0.262909799846104 0.21789931368462 0.483811226901919 0.0715083974688018
0.2644866494027 0.549321437143607 -0.0407054871171349 0.22576889381995
0.102388607457477 0.652173483830166 -0.0152852308082876 -0.452064774510893
0.339125246894551 0.309119258280867 -0.200631022566524 -0.324473319380021
0.21127126884608 -0.00380815126040308 -0.427461992171489 0.0117154069758743
0.147624057267239 -0.0887643309205727 0.0521871972626556 0.294865705392797
-0.0205810464829971 -0.0640569563270005 0.190581140094538 -0.0187053664285161
0.058302399650928 0.0288849954329474 0.0637227746153353 -0.147675684467959
0.131805971195067 -0.0543256445261449 -0.028514172031934 -0.130142623288765
0.113678577598137 -0.126053773098816 -0.0587822315997217 -0.0853883396113811
0.0942152077321943 -0.103026256488131 -0.0891322616103411 -0.0489025061299305
0.0517732099182191 -0.0800431487008474 -0.140302714075982 -0.0782686082981722
0.0680798848125916 -0.0993784698460224 -0.0696796756527538 -0.160734040715489
0.100021172301732 -0.0560487775543919 -0.0415503220800304 -0.0905193897438921
0.201069519832372 -0.0537074398162989 0.00260149078711135 -0.315214773446464
0.284695338983909 0.0865567656605644 0.370977008173053 0.0133607307432107
0.346340404815189 0.484263658722279 -0.130786134400113 0.011291643260777
0.119595103199209 0.482198829649491 0.0742332364812243 -0.601936195845077
0.246892511671918 0.125623248506116 -0.0416922375605122 -0.465204262195165
0.0760061465092915 -0.0266423362068019 -0.434312160553234 -0.197001426377963
0.0283142625232169 -0.0483860817010357 -0.108244278391579 0.239940027709907
-0.0365230321061984 0.0570421119999349 0.138540393175374 0.0843185811922789
0.091426295901716 0.0802612042276099 0.124204035833768 -0.0817022825282393
0.153329052270047 -0.0193606300500924 0.055823348276082 -0.134408079430461
0.119392947093272 -0.0846937099837272 -0.00548771364495492 -0.126051080241448
0.105248346994697 -0.0555137185009887 -0.0707421038399888 -0.0782781216531312
0.0662294634299986 -0.00571324402275089 -0.146445982940624 -0.116778567264399
0.00677392515310458 0.0217886928332537 -0.0280728215559314 -0.195492858189776
-0.0602972147453096 -0.0572359900439039 -0.0186610148702666 -0.0323424300511741
0.111513390086767 -0.134720101908972 -0.0276215111382933 -0.275621008499699
0.260486433494445 -0.0536748380021423 0.208424466076079 0.0136801954298713
0.335696559338807 0.379278680589773 -0.232490363496486 -0.172522794104052
-0.210848698851729 -0.274638632340084 0.27258888141179 0.30910715037769
-0.229876980741836 0.10860843109445 -0.0755480064389481 0.000506803060208409
0.00733432289525952 0.170725191140967 0.0235170532474446 0.228005718719468
0.166386246780529 0.0132336393453879 0.0520816782184223 0.00919287023365
0.0292470594225357 -0.1695117059245 0.00884795458290704 0.158797249507461
-0.096567515986533 -0.0861295401689353 0.127051635813472 0.117623558916604
-0.130585397172148 -0.00865869152225968 0.045833641607602 0.0756756065299531
-0.125118815444497 0.0232640494956233 -0.046771343803156 0.14841152789124
-0.122367248809793 -0.00987778884820627 -0.127795519653233 0.142838151117973
-0.0888413179176569 -0.0957772933365863 -0.19380024511784 0.0333736125349389
0.0407691469463893 -0.117245074025585 -0.116665336033342 -0.150969621204899
0.105139758268648 0.0428501788396344 0.205161159426526 -0.218510653991993
-0.0192228781055394 0.0664079305071279 0.461103438171286 0.259921859768852
-0.118912843109169 0.084039646684944 0.000414579234050099 0.585392942820476
-0.157021620253261 -0.198148280710723 -0.122216534859249 0.709579525457623
-0.0342326231651686 -0.0900864915847898 0.261835804817946 0.353649735678521
-0.134298934716578 0.069520905814952 -0.0500097279216072 0.060236978746481
0.0776641519641713 0.195350845115453 0.048355030830251 0.252744159687295
0.254785483514679 -0.0520373784688666 0.136098806254455 0.00021554446842058
0.0451164070360475 -0.290056531966286 0.0211141585542419 0.0840305719189353
-0.132133490557894 -0.167719675687534 0.096145757618041 0.0752521348260635
-0.14342786902604 -0.0619774927765699 0.00167803154158707 0.0580130682886229
-0.0944794370964263 -0.0349209389330042 -0.0917735396892278 0.146759859568512
-0.0643051444991871 -0.0411377746833275 -0.174136079634515 0.138201641601902
-0.0468613381348945 -0.086835064340334 -0.232492310529319 0.0120522367930865
0.0550581662303474 -0.138034137392939 -0.133501640087118 -0.179121305541528
0.205084156345241 0.0530248049417865 0.212228194857859 -0.234390246054563
-0.0218726581443482 0.151183429916874 0.439315953210744 0.206150153275773
-0.0147540207776746 0.184699496846198 0.0932964731091823 0.611528673846865
-0.158003426765248 0.0792551694558436 -0.135403234067228 0.748503592521647
0.146968460072569 0.148131170385103 0.178875138371768 0.306517449028759
0.0799588782262448 0.0122795972478727 -0.13735322442942 0.0873429009417886
0.103230432454214 0.131677279158026 0.0205768576825849 0.347705853681987
0.300810846691659 -0.103760444978955 0.259981492691147 0.0323528970134281
0.0435717660260279 -0.361622724944711 0.0625757260074158 -0.0320057802156125
-0.14794945678497 -0.213768499805125 0.0452726593874502 -0.0051032811285813
-0.13203830137514 -0.100412896395326 -0.0547350768979572 0.0211355064271424
-0.0507733842513528 -0.0903728466488051 -0.123080983936731 0.124016124534235
0.00089512505213704 -0.0743582441595144 -0.185720855009628 0.124664534350044
0.00915992218583348 -0.0803466525387126 -0.239113412096307 0.0186960824696358
0.0849357403881965 -0.136754605789167 -0.175678787162391 -0.16435641481795
0.285244531439303 0.0534182760228513 0.146395345823771 -0.29099339977665
0.0124689123162891 0.256843617855277 0.423155537103996 0.0716778489240366
0.0367185527463099 0.240975710736639 0.258599828430029 0.531684490835529
-0.107855605100826 0.311340034277731 -0.0892773755629558 0.715326811396794
0.243407801448756 0.399181119074338 0.060078370545259 0.16852600124145
0.305934197659035 0.0718291389300313 -0.257026892756429 0.0486167086005839
0.179700507066231 0.0320826308013224 -0.0781728578319121 0.410315863439713
0.306880608484445 -0.153722762303275 0.344994742689104 0.121001359368464
0.0294971823860321 -0.369238407695323 0.130053782169421 -0.130091614800183
-0.126449411485139 -0.208125959124373 0.00217818231885478 -0.099318019722458
-0.0836411397725324 -0.118394035786406 -0.104678603996164 -0.0270630959051316
-0.000427163068575506 -0.131716837898747 -0.138763312065185 0.0831606444986817
0.053367541654005 -0.107561070454369 -0.17021451213974 0.0963848549167907
0.0550335095763743 -0.0916810283923018 -0.217404868856205 0.0289394898112258
0.126091244602325 -0.148210051949038 -0.205968780162022 -0.126269394569805
0.341225652596856 0.0453997697094701 0.0338824032010023 -0.325601804618035
0.0951713166553192 0.300581039820999 0.384396992977435 -0.108367542031229
0.0945165499407377 0.283947497173334 0.417976703977097 0.383666907264088
-0.00356421733936694 0.471314764753462 -0.0307155105805767 0.609892769842251
0.228656611533724 0.604167945970925 -0.0364271516158481 -0.0332971520104674
0.409339892304504 0.221260722028649 -0.338575765273349 -0.0468348665895906
0.275876839275777 0.00351295120835471 -0.2250410677071 0.387566766878051
0.300459908571318 -0.174757703065188 0.337604759638928 0.225680591282992
0.0120799730834471 -0.316376727824707 0.192595236161115 -0.161283010403083
-0.0726389368199204 -0.151181999807879 -0.0122027665290363 -0.169423270732594
-0.00923736978576294 -0.113044180344051 -0.123435358996932 -0.0739076427290589
0.0479232084583152 -0.152944107002295 -0.131996546686474 0.0296076221806994
0.0834419168097026 -0.130265667213411 -0.140115004437932 0.0536989975011085
0.0700042750784817 -0.11338332156442 -0.179122870651556 0.0180916269737248
0.14555854621066 -0.172545520997959 -0.192379107986411 -0.0964803295545784
0.344887678941585 0.0152763365092782 -0.0590307021728156 -0.286700419955176
0.181167783550597 0.238354202503502 0.267831763098945 -0.264195017449492
0.183692387502234 0.285319253020047 0.50311861129293 0.208490470869579
0.132913982378812 0.548758303934813 -0.00529382458622083 0.436347243094026
0.158219177078955 0.688472328381776 -0.064583691053614 -0.255030168379415
0.396223611889431 0.337373205747567 -0.325943975757279 -0.178115803182381
0.300977714382737 0.0137629939255634 -0.35547188164933 0.246778422628759
0.250585973060324 -0.149064604523441 0.228649407164717 0.297528193019238
-0.00212989510846475 -0.204505355617425 0.216937603708642 -0.117586742838794
-0.00353087188484641 -0.0601801903185414 0.0106651170070348 -0.185641081145456
0.0728961941084457 -0.088968408940557 -0.0965409832062746 -0.109644544089481
0.0867248440678249 -0.150023446697281 -0.1040791435786 -0.0297170678134416
0.091884703018462 -0.130044561833257 -0.110161532182132 0.000884901361822309
0.0598657944271896 -0.117251282685556 -0.148151791100398 -0.02137318320522
0.122578415536452 -0.167760268033148 -0.136380993627094 -0.111031360539695
0.25972937820917 -0.0253765618867594 -0.0772637545313325 -0.18788595303518
0.224033191496695 0.0910460846530696 0.114128715159003 -0.327766921085945
0.262174053989365 0.215475463409441 0.483995623797822 0.0705016880367492
0.267842157179565 0.544454918915625 -0.0410665073689908 0.225871999872824
0.108945100571821 0.648037746019545 -0.0186470994283161 -0.452407180989108
0.340726450845145 0.307099991539443 -0.20172155873241 -0.322252342230071
0.211407910428459 -0.0043152764280489 -0.42541078108451 0.0152832604589795
0.146310549709698 -0.0894327894786061 0.0541452755840686 0.291749097211539
-0.0205895182717038 -0.0639748634080114 0.188588087435877 -0.0213157272798038
0.0587719840473958 0.0272935275719538 0.0618908705087139 -0.14718057276955
0.130825883417732 -0.0555388460103215 -0.0299691072556884 -0.128898529483109
0.111683803783433 -0.126123612559162 -0.058989895090525 -0.0846023292343533
0.0926957640904243 -0.103962108420484 -0.0885707541455171 -0.0473770500966496
0.0509155812473064 -0.0807287332205703 -0.139991669898153 -0.076988828833905
0.0658132000223031 -0.100100726019964 -0.0709433410236346 -0.157673100109551
0.0997115239474709 -0.0569056524399282 -0.0438983612396836 -0.089630715697743
0.201000672650989 -0.0549062097879384 9.01001473623284E-05 -0.315048561394454
0.285023703335482 0.0844829144689568 0.369710884876722 0.0110642950756749
0.348875101990782 0.479629654305408 -0.130412097658696 0.0113108122735403
0.122083641314473 0.479933079878391 0.0674687773941146 -0.598417608813096
0.247190356085075 0.123379311698772 -0.0450013580549955 -0.459920270693265
0.0754316602884226 -0.0259433895582228 -0.433291748816732 -0.189910121048869
0.0276156304393023 -0.0491322099939941 -0.105861329511491 0.238782786645508
-0.03585058003439 0.0558361927305736 0.139523930697988 0.0818701627126716
0.0915125766355423 0.079559410856636 0.121807347735012 -0.0823228202770327
0.151008975082845 -0.0221625693234962 0.0554093432335766 -0.135563316709871
0.118543488450795 -0.0857426456684333 -0.00641158753753015 -0.125666070971106
0.10499622276135 -0.0559716778087204 -0.0708879331200851 -0.0773362099490869
0.0665150494446895 -0.00572590982079623 -0.145973247553546 -0.115414957699059
0.00692669711671734 0.0214645359909803 -0.0294419996031443 -0.193581683298738
-0.0610363857366753 -0.0579832903339883 -0.0207169356568107 -0.0327029026445855
0.110674904672861 -0.135241020603453 -0.0303599094339621 -0.274688879978095
0.259326353026159 -0.0556462028557381 0.207580405064175 0.012816566446213
0.335910166043534 0.376523558996565 -0.232677126715904 -0.17017548388351
-0.210617050887952 -0.271364993749277 0.273497491418632 0.305305396387785
-0.227039921374353 0.109129617215971 -0.0751290844764298 0.00119379581420482
0.00853301340896054 0.168731086893548 0.0262757950633527 0.226965550749827
0.165305071981238 0.0114526591077593 0.052864500937596 0.00861679369359177
0.0271750434765011 -0.169428812785379 0.0108369191537925 0.157977680687246
-0.0968900357948579 -0.085539364685377 0.128146160666604 0.116101700286305
-0.130191761997503 -0.00756292241071648 0.0454086386329721 0.0745995377897948
-0.12414861226862 0.0236874490006795 -0.0454826039231253 0.14825047422416
-0.121968778247108 -0.00870209950182393 -0.126047028159203 0.143705788915577
-0.0892496855329356 -0.0951085246716181 -0.192157527507531 0.035762033185219
0.0402797182382368 -0.117328524296235 -0.117450167891984 -0.148812479793509
0.105809034546898 0.0423932148430965 0.202568682396635 -0.21901670249289
-0.0192806610332694 0.0667423582022453 0.461388243696275 0.256157408608529
-0.118130852840004 0.083746130883966 0.00361833685703594 0.583123708542933
-0.157103182304554 -0.196556189412285 -0.116022512376673 0.710796514087503
-0.0346141416176876 -0.0893531652597038 0.263484926999341 0.348857719972719
-0.133108840215301 0.0702173279074831 -0.0499032400649957 0.0598761772152744
0.0784101296889811 0.194306214674162 0.0498417870736519 0.253471304804961
0.253906935923454 -0.0541074602189322 0.136391457791628 -0.000560758268078565
0.043415370317559 -0.290061822046031 0.0226632794330302 0.0827311431996853
-0.133307556771988 -0.165724290166956 0.0957554687703937 0.0747232971602506
-0.143710489895091 -0.060461601930253 0.00252305440691881 0.0578207714023497
-0.0944606789548427 -0.03497974877618 -0.0902425967561196 0.147863000463316
-0.064214296225266 -0.0406567091594824 -0.172709950759246 0.139003638947599
-0.0473862363689025 -0.0864746689277829 -0.231508394616285 0.0142477893951785
0.0534514876607948 -0.138172774153638 -0.133589434309731 -0.176209295548208
0.205659498071873 0.0507026727977374 0.209410907710771 -0.233065140299047
-0.0211138219821446 0.151208317229007 0.437311705293166 0.201761032305676
-0.0131407434590059 0.183367127980776 0.0979036258624849 0.607139160772755
-0.15664319919158 0.0799922234222439 -0.129348503789428 0.742733404154152
0.147764424704127 0.146952291823575 0.180234449356275 0.305715015816009
0.0802050320418881 0.0119288325907414 -0.135468185401959 0.0880468758067193
0.104459575143697 0.129408533183363 0.0241502046149601 0.34699621837823
0.298796944202333 -0.105816721034972 0.260721608468917 0.0305176473342252
0.0398912424970717 -0.361063287515031 0.0623860721414819 -0.0330994487505466
-0.148437836280118 -0.211467247525978 0.0447069982556531 -0.00603845504375682
-0.132839950369456 -0.0992827253677404 -0.0541071843406789 0.0222375660526567
-0.0511170843321256 -0.0898711709342696 -0.122726938324032 0.124576976668126
0.000903179079996324 -0.0745006970129356 -0.184494613861024 0.126028144559888
0.00925622470725787 -0.0809140415732716 -0.237574174428908 0.0201843360007241
0.0847247713366336 -0.137398540653519 -0.176891785550924 -0.161504203120429
0.285366752324984 0.0514622742947464 0.143448209566773 -0.290576153200399
0.0152577864414628 0.256307668546074 0.421364607355555 0.0682603934564627
0.0382527304749265 0.240232322911625 0.261833022228381 0.526347126687102
-0.105135407643156 0.310816297669096 -0.08587317547097 0.713013754644429
0.245136927773664 0.397132739149273 0.0604413001434772 0.167708277611908
0.306407458565442 0.0696696663418548 -0.25571893612094 0.0509630394983682
0.180012920310877 0.0315255415162831 -0.0719537842044249 0.407324244178796
0.305456298611962 -0.154913535675336 0.345239814433012 0.117421285638142
0.0261328124197429 -0.368087635182975 0.127710328721459 -0.130550132983276
-0.128138384748305 -0.206850485732178 0.00141102748254793 -0.0981063122345996
-0.0838395847351716 -0.117945150741214 -0.104963308884967 -0.0263401292214847
-0.00170740124379394 -0.132062826323722 -0.138106820104849 0.0843169292486926
0.0540066159655355 -0.108040987250634 -0.16816072988931 0.0967355379324742
0.053527839087223 -0.0924100876887826 -0.21462885318028 0.0310895589415404
0.125210058856739 -0.149755622868317 -0.205532112541306 -0.123029891962486
0.341061337151652 0.0419928371161239 0.0305692711065895 -0.323216311731084
0.0980660164636924 0.29811808801648 0.379365524084549 -0.113711882159498
0.0956447148591533 0.282169748586295 0.416641477160875 0.377702371807554
-0.00229752151712353 0.468897795117124 -0.0273221467539064 0.608406948456805
0.234934128621743 0.592720757571268 -0.0365713088054981 -0.0328818866462474
0.40966365907272 0.218670781960551 -0.338393124782289 -0.0434569778016701
0.276195192668875 0.000648046547530211 -0.220907850717441 0.386410398806457
0.298198176112264 -0.179102469943193 0.338213886821255 0.221269752706197
0.0106702429912388 -0.314561150686944 0.190678998989161 -0.162489039558953
-0.0740222859725661 -0.150657907007357 -0.0133587722993426 -0.168858643311989
-0.00984118038441059 -0.113307701655207 -0.123222162789001 -0.0719771856018821
0.0464634015067554 -0.152647736172378 -0.131912454226586 0.0303235629011068
0.0816225009104478 -0.130896069797512 -0.139021025953855 0.0531212064203503
0.0689800935034843 -0.113199417187986 -0.17716575888953 0.0196947770337746
0.142754236040323 -0.172269365384002 -0.19213243223649 -0.0947048889380379
0.344379390480581 0.0127023203548199 -0.0616195664393129 -0.284354081441404
0.182113543277549 0.236064009847209 0.264544270710714 -0.265830293159595
0.184462262210689 0.282457405568005 0.503584087625131 0.204250790365491
0.136800830438498 0.545825557799048 -0.00163360796616624 0.434962484395859
0.167254237036466 0.675132227361409 -0.0673082786886229 -0.25154526086021
0.397119843818262 0.333562011494432 -0.32576775736953 -0.176930779761825
0.299850584981843 0.0108635558803263 -0.34753942799215 0.247713627335148
0.251178754369029 -0.147787784914424 0.229782960927586 0.293043231275826
-0.00404171003109775 -0.203295323520592 0.215041170650038 -0.119302172877939
-0.00325020677085596 -0.0608243503812201 0.0092677609046876 -0.185892391046617
0.0686036446953723 -0.0894946681618546 -0.0974864922177869 -0.10717230536739
0.0851283103162469 -0.151537347329818 -0.104168058561747 -0.0292103810379162
0.0891910185654643 -0.129973297833224 -0.110229734474629 0.00115786073780213
0.0602074467557113 -0.116682684935956 -0.147725269873451 -0.0211291188595547
0.120451968304809 -0.167646611124211 -0.136683249612885 -0.108809156139072
0.257545293928594 -0.0293324772781723 -0.078775478320601 -0.187347954767166
0.224828228967338 0.0884229023167998 0.110379501174664 -0.327471282175848
0.263639827020766 0.212390942036437 0.480511627129946 0.0659550987356617
0.2684494762055 0.541557208702148 -0.0390683565242971 0.224109336045789
0.119649692499111 0.636585215784481 -0.0217249190559749 -0.448164372243673
0.341483344807951 0.302340782809829 -0.203571907796719 -0.319848195616919
0.209984244735143 -0.00524922753360579 -0.423130711276854 0.0183828526346278
0.145220174054537 -0.0904318307261835 0.0562176468013081 0.289566747050175
-0.0209840726142146 -0.0638901258627036 0.187764306901516 -0.0223338420079145
0.0587137614357114 0.0267333428106166 0.0598540453933794 -0.146947316652869
0.129791915358681 -0.0562097906859249 -0.0309242577714973 -0.128180584933067
0.109812598185346 -0.127652063001127 -0.059817549335614 -0.0845886922211069
0.0922837966058164 -0.103204363213026 -0.0899914032671141 -0.0468444147041734
0.0495054823062804 -0.0803881064165363 -0.139737203873691 -0.0755666991817691
0.0640372908649051 -0.100171868627439 -0.0730831247005919 -0.156476509114628
0.0992601948337355 -0.0586458235131405 -0.0440527191970243 -0.0900203811292759
0.200551466173362 -0.0555829574588441 -0.00280421808402184 -0.314222885548204
0.284703286876596 0.0822906976547278 0.36905715366047 0.00747648562483285
0.349169520222568 0.475582616581156 -0.130936439908073 0.0124707353826317
0.126717517873553 0.473253749966338 0.0619659762540288 -0.594665120685143
0.247430536548487 0.122605797679486 -0.0486979467654645 -0.458348024531548
0.0757582279005127 -0.026574642041273 -0.43713486671789 -0.197053822885204
0.0270397032397448 -0.0494228741309863 -0.103326511300526 0.238126664549985
-0.0353499326331267 0.0566706821782791 0.1382790485325 0.080510233607091
0.091973186450062 0.0792036851704801 0.121229288999259 -0.0824086782542459
0.147875988450246 -0.0235002675041664 0.0525537412823338 -0.13563184889998
0.117860549814107 -0.0862154484600163 -0.00821012641423905 -0.125050330935465
0.103702877346601 -0.0571482457673727 -0.0708897125423344 -0.0768021526574572
0.0668720932432185 -0.00593197432733246 -0.145987668138217 -0.114538902827482
0.00666589126403368 0.021057282577117 -0.0311733352207548 -0.19302753145451
-0.0615146784108106 -0.0571016853546046 -0.0218041302367162 -0.032652649825224
0.110396557357811 -0.135751910069749 -0.0331547382205258 -0.27180375373079
0.257998008177094 -0.0565631651053373 0.206406182614484 0.00930731980082839
0.336451477828868 0.373321246456673 -0.233440402803296 -0.166478524470566
-0.211226554837122 -0.26881564202114 0.274783456271358 0.301411292450608
-0.225520519391718 0.110032911016183 -0.0752930716789325 0.00207793680502354
0.0101929343111667 0.168552175136975 0.0270454776988075 0.226804236302942
0.165515937818971 0.0107367030552448 0.0533348786065781 0.00857140003271724
0.0258178003695479 -0.167933788562853 0.0123434680708135 0.156179175343785
-0.0968970391657143 -0.0848390488119846 0.128360359993735 0.114617432083721
-0.130054416587874 -0.00619375340609353 0.0456541706927916 0.074475649247462
-0.123041004231774 0.0253223276974648 -0.0449126787969396 0.148882244334504
-0.121949973634292 -0.00867031326241231 -0.124030305300837 0.144416539272866
-0.0897754674673385 -0.0937586413929319 -0.189852070845823 0.0370164183553556
0.0387716051528043 -0.117152293506847 -0.117617243106964 -0.146630906797043
0.105941540773095 0.0410646683265687 0.200197052651699 -0.219891299304118
-0.0191031020706477 0.0670877370072479 0.460422245018024 0.252614725960172
-0.11737027059523 0.0841772546684389 0.00696990996769993 0.580093403753418
-0.157385309471964 -0.193542967070656 -0.111266126890798 0.705263674054553
-0.0333335085761286 -0.0889212931387292 0.264910416487419 0.345977229506165
-0.13183783284733 0.0696605854315485 -0.0496730154573772 0.0595955979112046
0.0808991887407652 0.193033029342375 0.0491492646372072 0.253497344729731
0.252563596631852 -0.0554860163736521 0.1362217375827 -0.00138575471757126
0.039521492956436 -0.287936386582123 0.0231029083773681 0.0816759261766725
-0.133764235989603 -0.163849823721952 0.0956841744509823 0.0736156727202329
-0.144007804480157 -0.058653054179591 0.00238102103347881 0.0587771678735319
-0.0948481269896464 -0.0345165400086035 -0.0886857127726604 0.148253876995633
-0.0641490144934239 -0.0409815674221514 -0.169793293758253 0.139943116298588
-0.04797388047405 -0.0863379270703625 -0.229212710677781 0.0170331645521153
0.0530070711070742 -0.137826123624777 -0.134468955556036 -0.173728502825435
0.204701096593466 0.0498127186041464 0.205889001337923 -0.234055700027699
-0.0191850334404424 0.151360506549612 0.435289423916144 0.197414478536422
-0.0124181571694545 0.182552183819371 0.099797291413098 0.60187927617956
-0.154726944067477 0.0801315118169538 -0.124893339046653 0.738517863432895
0.148149195120343 0.145212086280921 0.182640940047584 0.3023457182368
0.0798920749276365 0.011055379455078 -0.135142638688115 0.0884961910376349
0.105022289901614 0.127939484635918 0.0279253234163137 0.345248310810723
0.296232772624664 -0.108280817099381 0.259969632900081 0.0280240595311707
0.0359893793580396 -0.359917570140361 0.0612434314073569 -0.0338448836947493
-0.149876768537793 -0.209461223131119 0.0447248214672219 -0.00615753917411781
-0.132865706841729 -0.098264956674368 -0.0548416746994937 0.022375528174574
-0.052367662621403 -0.0900072820202381 -0.121036388630234 0.126251383754244
0.000476586752906681 -0.0744877724105525 -0.181652975084942 0.126404998513965
0.00888758448379619 -0.0800053683074909 -0.236500787204435 0.0224985404428096
0.0837018588884537 -0.137257598598999 -0.176135983051639 -0.158591552671253
0.284136998137206 0.0491633672366018 0.139308715470644 -0.288794239436876
0.0168059865449561 0.254960821504857 0.419629689801436 0.0643104788807252
0.0391423577237037 0.23727541267075 0.262089541803449 0.521704612208702
-0.102907547179053 0.308978380800553 -0.0773656040518788 0.709713311830541
0.247995308639728 0.395573713783087 0.0618364861348734 0.166189328122138
0.305222816146809 0.0672252793140241 -0.254954843834868 0.0521640509743972
0.180217681900701 0.0288069020043448 -0.0754299120693423 0.411334266534969
0.305087038515931 -0.156396541649544 0.344477483272543 0.113510669834746
0.0217759672595874 -0.367350223233443 0.126738542226926 -0.131983521993196
-0.12925917336722 -0.205547018823364 -6.41448021806659E-05 -0.0984051789455715
-0.0866357636858318 -0.116383453400265 -0.10512614866796 -0.0246195064631483
-0.00301199500047579 -0.133039743041144 -0.136322129868016 0.0853492374496659
0.0538519063003708 -0.108935391143698 -0.165935494284423 0.0980189074221255
0.052897445269996 -0.0929101013973734 -0.213498760791192 0.0329612974085095
0.122935917087571 -0.149889043081339 -0.205337908221088 -0.119937991867501
0.339855543896095 0.0389867503688107 0.0268949109835993 -0.322179694670558
0.0995721166424701 0.298053900060163 0.375329485559196 -0.117019760832579
0.0966065527655272 0.280367198863678 0.417230998346531 0.372753365188052
0.00163527466705602 0.46697938317663 -0.0213839379087948 0.603855165209001
0.238736204164853 0.585543812696702 -0.0365099767011135 -0.0323754080820923
0.410184417262599 0.214013995862758 -0.337655726508633 -0.0406239347143838
0.274262307163471 -0.000344085544057602 -0.217720013294489 0.387539017838154
0.295071977645468 -0.179881125444079 0.339785387456001 0.217995194296161
0.00673307086869903 -0.313190189011724 0.187704866496184 -0.163538664263283
-0.0747814689186935 -0.148666491840302 -0.0150444461402805 -0.168474110163562
-0.01102706397965 -0.112325462914234 -0.124074742825023 -0.0705979253871269
0.0446917150960003 -0.153441167475721 -0.131693147109894 0.0318159194977009
0.0815405466591586 -0.131800860185659 -0.136973157639161 0.054136934765443
0.0683450966004191 -0.114358059478784 -0.175642953767888 0.0210262494382439
0.140610283311995 -0.173342305769979 -0.191479193936654 -0.09176653252188
0.34276908525808 0.00912932595330107 -0.0639442353753447 -0.282740289289234
0.184948518979916 0.234695328919442 0.261225282334358 -0.267186015722478
0.185798332780811 0.280498083660756 0.502542442609852 0.198956653283378
0.138882541918215 0.542201136423681 0.00101985230983691 0.433214450942774
0.169248671900895 0.671885156163313 -0.0685631211542702 -0.249858339766188
0.398192704120899 0.329817867985768 -0.325817038275765 -0.174079602084361
0.298594725331084 0.00981361075458739 -0.354675696583621 0.248577113198234
0.249191610039761 -0.151096216324952 0.232591225759426 0.289102359821538
-0.00548994335268276 -0.20215856080142 0.213821626387017 -0.119939352380719
-0.00373992599271566 -0.0604024359870558 0.00748824466875158 -0.18508510008948
0.0679910211436423 -0.0898587585582188 -0.0983316967828528 -0.106510011923228
0.0836840829630415 -0.151281841814587 -0.104274795763691 -0.0274350462923624
0.0874994037499855 -0.130299727092435 -0.108653561285571 0.00177360738469741
0.0584898618929916 -0.117015118562249 -0.146569518721266 -0.0198732776803583
0.1169540601069 -0.168867924193831 -0.136998962561263 -0.107157370679203
0.256126499263943 -0.0313160894950433 -0.0805360143767379 -0.184771039102283
0.223824670874728 0.0878636447391528 0.103807329723591 -0.326984581166339
0.264651009780291 0.211117680794044 0.477702543838161 0.0600909084101213
0.270200792639046 0.538229585694682 -0.0364606165275299 0.222768855952992
0.119474379355246 0.634842927282761 -0.0242577600716643 -0.446653418376845
0.341881288403699 0.300025681383965 -0.204040241693411 -0.317033340398496
0.210024496321203 -0.0065591945242877 -0.419241595995579 0.0207341279049494
0.144012025239931 -0.0914148992184577 0.0580928219472787 0.287220481532065
-0.0214283906754365 -0.0630414095806096 0.186636361231348 -0.0243770974151488
0.0590675198949747 0.026038773328879 0.0578614209341832 -0.147495860915925
0.129447901418527 -0.0572889564135714 -0.0319315342706487 -0.127713758812344
0.108394455970582 -0.127725866348656 -0.0607193580864975 -0.0836831480835425
0.0907963569644959 -0.103984104515524 -0.0879950975664983 -0.0464871804176323
0.0487631423050588 -0.0801102555075586 -0.139603891515337 -0.0740838814388476
0.063042457650239 -0.0999802766402182 -0.0746408649723471 -0.154363668925084
0.098112410871397 -0.0596236144649003 -0.0457077501620367 -0.0884892607459242
0.199224552577695 -0.0575668852017691 -0.00468473750516156 -0.312802898583972
0.283362354648218 0.0805124906373636 0.365926066003637 0.00570125103276366
0.351104770206321 0.470954631525386 -0.129937349712709 0.0141463994059515
0.129051849371729 0.4693438424533 0.0598217589095416 -0.593917371362476
0.2462545972718 0.119652139664383 -0.0485742209157346 -0.458090494892487
0.075064159846522 -0.0268891941447795 -0.437502348557884 -0.195716378312633
0.0272042620652685 -0.0495908686897355 -0.101245890345411 0.236495359914158
-0.0346368749741963 0.0556228760949342 0.138579930100364 0.0785386844503122
0.0920794475852082 0.0781228755978383 0.118772222248562 -0.084004050414993
0.148578805937199 -0.0234507047942563 0.0500856526998584 -0.136092513529045
0.115617164308867 -0.0862510211146381 -0.00943467311699444 -0.125144818575444
0.102220095071642 -0.0576158156994749 -0.071228149494774 -0.0765731215980209
0.065473770099052 -0.00613461213130997 -0.145798771467813 -0.112216154009387
0.0063122011814968 0.020542776032203 -0.0340705252404852 -0.191400490571553
-0.0611386680700364 -0.0564939716897593 -0.0226322221357491 -0.0332915492220928
0.109738656299913 -0.135448860356272 -0.0350529949720508 -0.271927208116556
0.25614493721135 -0.0573116063657164 0.205673389900356 0.00781633859652234
0.33771969132765 0.367859660647489 -0.234017055674742 -0.164574499746348
-0.212094336025452 -0.266101413925807 0.276636463809172 0.297551353281632
-0.223067140323332 0.110966876142734 -0.0751588259021863 0.00254778630980387
0.0107355833128335 0.166435018608087 0.0280472151130222 0.22479129840854
0.163992333530242 0.00897850118006952 0.0541350755128274 0.00783072014768948
0.0241081457257645 -0.167053314868395 0.0139062711346978 0.154994086108767
-0.096829891861037 -0.0840955636060569 0.128280676823383 0.111957241540225
-0.130013569496316 -0.0060696218454073 0.0460004167402601 0.0745264460605918
-0.123471581293144 0.0256068806316296 -0.042902201740766 0.148498008004701
-0.120795858046467 -0.00748684674631282 -0.122122782455514 0.144592494861903
-0.0897429596220862 -0.0928317305946012 -0.188484427522161 0.0387638700275987
0.0386295162082574 -0.117102251785505 -0.117792152414238 -0.144283494053512
0.105135407641746 0.0407105787608358 0.196193490859721 -0.218952666569654
-0.0192014607233598 0.0670217289869715 0.4592818861758 0.24847707678808
-0.115727189101387 0.083941729912231 0.0103735295251066 0.578926454188565
-0.157187688350499 -0.191867778884194 -0.105606197163466 0.701682262360307
-0.0335660769114459 -0.0882015727640357 0.265886646816196 0.343521481763566
-0.130187703467304 0.0703435731553981 -0.0495373909135066 0.0603481097274422
0.0813693779192944 0.190329238618104 0.0512746655221622 0.251852029709149
0.25056726674892 -0.0577113632252952 0.136450599186358 -0.00215365967677041
0.0360105730143617 -0.286533187952257 0.0237058335710833 0.0813986126608058
-0.134808862002438 -0.163161210213848 0.0960638363214781 0.071735019961662
-0.144123133085656 -0.0573434929256342 0.00257746773323323 0.0585597348439504
-0.0942913126495455 -0.0341492966559513 -0.086909494171489 0.14927351859852
-0.0649098734750746 -0.0403021372012015 -0.167968890839627 0.141245208646429
-0.0473187106238649 -0.085952976914809 -0.22729994923985 0.0177430735418872
0.052138606147641 -0.136773055064736 -0.134097196876862 -0.171492722359977
0.203597186847579 0.0486672639081747 0.20329742916421 -0.233754165789505
-0.018628221828307 0.15112505587784 0.436182794340188 0.194144321138243
-0.0121236066619087 0.182685930041291 0.102148153465808 0.601108789095679
-0.153498016994013 0.0810622475631524 -0.122890806730459 0.738241390665163
0.149031641205649 0.142306571347348 0.183638337974081 0.297674777127132
0.0795353418138113 0.0102026467989722 -0.134283772654895 0.0882578559486275
0.106490182631693 0.126205940049733 0.0290457901402568 0.34315160746847
0.294480306557002 -0.111680131499357 0.260190845931856 0.0268601258068653
0.0324038168391452 -0.357785255245221 0.0609859960774717 -0.0344552597292239
-0.151059935307931 -0.208079130691881 0.0441052330642432 -0.00659491708905734
-0.133082587006031 -0.0969495677487725 -0.053768743064063 0.0229749547938208
-0.0527655559719708 -0.08998887915858 -0.120064927451173 0.126094845468071
0.000206445972770798 -0.0754277663635893 -0.18005231491728 0.126970167103812
0.00865201531740622 -0.0810689309640186 -0.233388747487909 0.0242694083639988
0.0815316988006364 -0.136640273350432 -0.17614208115832 -0.155619633206202
0.284604983817843 0.0461738601738889 0.136024357900162 -0.28833775601066
0.0181451205252375 0.254729313829436 0.417616905150867 0.0613694117612033
0.0403689427563518 0.236471274953025 0.264843265159203 0.518318536899019
-0.100132479194892 0.308065440229027 -0.0779445432102006 0.704985507843321
0.250132992884455 0.388235998117217 0.0630389682851787 0.165190586012183
0.304291239555179 0.0645652948849935 -0.253765410252134 0.0535941854976465
0.179775515277331 0.0276309496886637 -0.0743811409295241 0.412071985781049
0.301206960248859 -0.1588871875535 0.34519802041465 0.109636685093916
0.0190612808102353 -0.365283594683643 0.125210956251891 -0.132143200253676
-0.129648635112846 -0.203917603906667 -0.000745783815516028 -0.0975912049151453
-0.0867486475348524 -0.114335778869773 -0.10411670224111 -0.0232428298309248
-0.00455689641690481 -0.132469177813727 -0.135398769032224 0.0860479805623678
0.0514552792074126 -0.109257534918681 -0.164684920128476 0.099112429699168
0.0535734708115803 -0.0927333583805699 -0.212474452596036 0.0337878140530881
0.121511131953362 -0.150054878798381 -0.204374483441465 -0.117792578336069
0.339245548731227 0.0359282322658344 0.0239580399566052 -0.320305906244348
0.10093205034359 0.296733077587435 0.375115400609001 -0.117011189732313
0.0977009603253736 0.278486863516243 0.419634580429796 0.369276990859279
0.00453732533790978 0.464881865183527 -0.0185934875105335 0.602014473085604
0.238895774364092 0.584278114173069 -0.0364239146627466 -0.0318173464681896
0.409220624034488 0.21063529477641 -0.335332565688751 -0.0389212954997007
0.273505742711461 -0.00286962923221293 -0.212778631619863 0.387494546833697
0.29302040135743 -0.182544330568888 0.339703211732537 0.213181804644985
0.00429429445591383 -0.311857145609858 0.185860931610981 -0.164327605379234
-0.0755238769520891 -0.147885561886116 -0.016217450703316 -0.167483289160206
-0.0124129215181538 -0.1117359553923 -0.123983489128966 -0.0688529281117372
0.042781462237326 -0.153468918507091 -0.130389894414994 0.0322005945127695
0.0794997135220214 -0.131813832985905 -0.136677073390659 0.0548290971865933
0.0669071583852116 -0.114091844065219 -0.174731169856824 0.0220785376356534
0.138342203689191 -0.173891791171418 -0.190674445345145 -0.0894226650896784
0.341553750690049 0.00595374199763174 -0.0662479361506898 -0.28095110876706
0.186239086214509 0.232606388702043 0.258324470342971 -0.269196767886667
0.185986906710763 0.279034141713724 0.501033792276578 0.194916914555795
0.141048052672001 0.538052912732755 0.00281524278117305 0.431054067333929
0.167818253708999 0.675146288184444 -0.0694737452410859 -0.249652723828826
0.397462144190172 0.325454224214352 -0.32433772501423 -0.171234825724071
0.297896707345121 0.00779141568097902 -0.353756688367355 0.250022416456347
0.242970082607959 -0.153893497417275 0.233493469192509 0.286729238283729
-0.00662327462260846 -0.20238940315804 0.211153008602112 -0.12162030484961
-0.00398632298350628 -0.0603308124933555 0.00439773710050829 -0.183305292948587
0.0709706070683496 -0.0907318339002917 -0.0983764042860345 -0.104826956106797
0.0812774856801873 -0.151350867405363 -0.10430407423844 -0.027235171115026
0.0870513051914404 -0.131222732233559 -0.108991388412141 0.00210005411440884
0.0548677759671122 -0.116508145026438 -0.145268214490271 -0.018192899424547
0.113731616655934 -0.168725873656236 -0.136827564404478 -0.103799912407556
0.25693796833157 -0.0330609497511487 -0.0816286998984304 -0.183697777961934
0.225098149433181 0.0865956073131563 0.10219008249944 -0.327215985006066
0.264037345145934 0.20832021746447 0.477080468295012 0.0583978213908832
0.272160035506574 0.532112217730851 -0.0379265468736431 0.223698619574236
0.117398894534445 0.637892290962672 -0.0275666490634699 -0.444155016275092
0.341999373585984 0.296342509018253 -0.204449300884454 -0.313232111793434
0.209057527084706 -0.00742015659737361 -0.418032223155897 0.0239045236063033
0.142521725046708 -0.0925581235707745 0.0599200302741879 0.28454233529539
-0.0211797766070387 -0.0627778817538772 0.185659029388475 -0.0268590867130844
0.0590049951351875 0.0253041878023295 0.0558448463936353 -0.147627496308541
0.1284477301873 -0.0578717482572338 -0.0327085420828437 -0.127319755851362
0.106378149955576 -0.127997182635365 -0.0611849534253207 -0.0831938772974165
0.0904163773764704 -0.104851414026883 -0.0886020883281977 -0.0457592870996152
0.0474137497918241 -0.0796750559652567 -0.13921334264653 -0.0729247600876679
0.0618802842473411 -0.10073738364239 -0.075266107945261 -0.153209981795282
0.0969298151030475 -0.060281024165501 -0.0471609342112458 -0.0886657536804959
0.198836038329339 -0.0588071633531662 -0.00767501497529487 -0.311724486785086
0.282021346730031 0.0780211702965398 0.365040995426448 0.00358519035645381
0.351114774194649 0.465110874276559 -0.129713638597055 0.0148335560108697
0.129795154060879 0.469536159491178 0.0577080100632427 -0.592032723740807
0.245375215422971 0.118401383723573 -0.0521375916716983 -0.455851775900237
0.075084871453082 -0.0266482686812221 -0.430551504534381 -0.1810722005867
0.0263357817629554 -0.0498899352866585 -0.0991645051365337 0.235267660422542
-0.0338157327920636 0.0566613409803887 0.138262151661882 0.0770797745820845
0.0921080482490331 0.0769752478295896 0.117065518780647 -0.0847549453251621
0.149971231441231 -0.0250633637401836 0.0501676506379066 -0.135645836434279
0.114359215410997 -0.0862806037139184 -0.0090932209623067 -0.12559254352366
0.102337009610579 -0.0581526593504286 -0.0711473870433602 -0.0756911064485949
0.0641132691606722 -0.0070527537113624 -0.145872259456535 -0.108714483414544
0.00604555265991798 0.0205563324478072 -0.035743613069411 -0.188195138395541
-0.0610379559728254 -0.0559932746045554 -0.023782655823959 -0.0327973623951736
0.107105177232931 -0.135370663072338 -0.0348080346056243 -0.272680894610874
0.253301603062428 -0.058957992077841 0.205594498312578 0.00761357634922704
0.336612412405302 0.362706394184946 -0.235432741611421 -0.163800357787272
-0.211886229502418 -0.263085534571879 0.277301184567303 0.294133337135379
-0.221354187901285 0.112099690076911 -0.075272960334751 0.00332608121062898
0.0110747318056513 0.165715136188781 0.0285524772965996 0.224524456931939
0.163446750943161 0.00723230662688117 0.0547536110746926 0.00762815866655371
0.0225673669797609 -0.165842326890963 0.0154433519669799 0.153557242983204
-0.096727728022631 -0.083271386731252 0.128757241902015 0.110679377533286
-0.129151696808494 -0.00506620845571904 0.0453011962696239 0.0742825443834505
-0.12245499986028 0.0263568839668637 -0.0416425077545232 0.148876806593242
-0.120104649813645 -0.00664378355330322 -0.120949548393488 0.145454932207187
-0.0897945417805232 -0.0921363746727974 -0.18764947973635 0.0413980658804262
0.0379135001516873 -0.116331859783413 -0.118181206294691 -0.142457965280374
0.105091156933205 0.040078445556404 0.194228042560325 -0.218364715571596
-0.0181441134768168 0.0665944858803608 0.458743297493947 0.243145386586805
-0.115118054396768 0.0839746618276762 0.0134969126664741 0.575646138629928
-0.156985876745656 -0.190914044911831 -0.103143958948509 0.696746130676314
-0.0335281197054134 -0.088018480583672 0.267785414540992 0.338330580604988
-0.128619637252426 0.0708455273471013 -0.0481695552788595 0.0602964543756132
0.083549375416665 0.188964891415354 0.0545802568277381 0.248731688296567
0.247439363520174 -0.0592095075956036 0.136658685414046 -0.00274981109586706
0.0338360119297839 -0.28613592327756 0.0248581205113641 0.0800477397733504
-0.1341745227523 -0.161344522736045 0.0960647263419762 0.0696896633707083
-0.144260814375241 -0.0566022263759139 0.0027589726188653 0.0585413920240536
-0.094683084054659 -0.0332968231210571 -0.0859764890890611 0.149760172207728
-0.0639577298208944 -0.039974480023153 -0.16573199287086 0.141980262540194
-0.0482850863777219 -0.0852264990941504 -0.226562758067335 0.0199870869532831
0.0507887819787053 -0.136774236259363 -0.135147912936716 -0.169299582092106
0.204426613869569 0.0460120171545121 0.200165688714896 -0.233283209891886
-0.0172531610042184 0.150946416073987 0.436346375559413 0.191050597331727
-0.0106030740360133 0.180913603108337 0.106198591841186 0.597461115973843
-0.152258236260158 0.0808011556162313 -0.117578721987532 0.734396200558773
0.14942298632964 0.141534983450399 0.184276310722231 0.295952107895072
0.0800071391313689 0.00942483218578946 -0.133182423891752 0.0888164519656591
0.107309399695485 0.124321548641076 0.0309302239797176 0.343302961957515
0.291710040352444 -0.112552123140751 0.260165412472659 0.0241118382033712
0.0285457855542155 -0.356612191307401 0.0606486012015556 -0.0350802246125233
-0.15097390828316 -0.206442651725793 0.0438479488682897 -0.00688418000028079
-0.132391131633199 -0.096230152618415 -0.0538178795680944 0.0238645234926056
-0.0535142105062302 -0.0899347715991352 -0.117631846896424 0.126434880258184
-0.000448871597629034 -0.0759471828561431 -0.178762795639523 0.128333409968594
0.00759495035649706 -0.0809638593590166 -0.232525290588704 0.0261096371756404
0.081002934286009 -0.13707757544602 -0.175027080093122 -0.153023924756751
0.282407001672003 0.0453337764703312 0.13364687704346 -0.287974555812016
0.0205383795747067 0.254192232481369 0.415710313803032 0.0586444225503146
0.0413427548387627 0.234755152280785 0.265585749083404 0.515231139544034
-0.098592511863613 0.307013818731262 -0.0719793007523316 0.702439195200537
0.251200789038556 0.384945497474589 0.0639672169233267 0.163503322697213
0.303787819269266 0.0615941828582231 -0.251516568053462 0.0546348709380503
0.179314236375782 0.0264666491348752 -0.0645381733729322 0.405907447102074
0.297239186097625 -0.162468696908194 0.344609995652647 0.106668297514363
0.0157370572978327 -0.363655709782651 0.122736382402038 -0.133072665963267
-0.12988962578115 -0.201678384074381 -0.00164556728573538 -0.0973164380404476
-0.0860192798278002 -0.115181268662481 -0.104810844722159 -0.0218506219097463
-0.00527992873740544 -0.131838578192922 -0.1351126168917 0.0873709022455315
0.0506721708967917 -0.10965478435298 -0.163025697275976 0.0986597278056263
0.0532090152106063 -0.0935550921069746 -0.209918140891939 0.0352548614462704
0.120003948493027 -0.15017759581183 -0.203846263205527 -0.115175853809535
0.337894176544474 0.0336673839881107 0.0219341419224237 -0.318817395321198
0.103275044282573 0.294334530775698 0.372900954977448 -0.118474801372647
0.0995282481523487 0.276648122677325 0.417365924513725 0.365210649389224
0.00637959335160402 0.462452799513123 -0.0182092074835401 0.600010130379548
0.240940108868628 0.58299066154557 -0.036657935993137 -0.0311642391318969
0.408294454477647 0.207252790099181 -0.334753326061368 -0.0364908365991695
0.272202612032665 -0.00408268815621923 -0.210127178026919 0.387366919217999
0.29078189268953 -0.184124853259731 0.339398992525937 0.209376597084297
0.0012350042943478 -0.31084342315534 0.18322902605797 -0.165327541813136
-0.076659261348366 -0.147011974242808 -0.0176305024640443 -0.166196483234066
-0.0124000307272158 -0.111742829490457 -0.124932664986579 -0.0675039392708774
0.0411928247015498 -0.153860154854817 -0.12996647493445 0.0330695484047864
0.0786479309096231 -0.131892924082477 -0.135417412942081 0.0552221534296131
0.0651272264054351 -0.114261090382355 -0.172986080286686 0.0233946957159809
0.136289892540106 -0.173383530258974 -0.190774138473081 -0.0869317759713456
0.339862819126212 0.00292858713090741 -0.0685500455379581 -0.277812285940702
0.187160863476714 0.230927773056717 0.255488669052099 -0.270294977827352
0.187033610292347 0.276588876564932 0.50000589222813 0.191184694267055
0.142666302459975 0.535582950982519 0.00516264059907913 0.430251152858236
0.173318467691748 0.669673800189162 -0.0704928765315311 -0.247642483217827
0.397175705576333 0.320808321127311 -0.323513072102134 -0.166759927481527
0.296920756235049 0.00713349356355831 -0.337311493925817 0.251162158883133
0.241979597050541 -0.154665248051136 0.234059828737964 0.281543457296401
-0.00812303518610956 -0.201444495518626 0.208529049527175 -0.123293570114197
-0.00505820969443088 -0.0602004893214064 0.00351839623676729 -0.183042348055406
0.0689203892756293 -0.091328721406123 -0.0992406322621165 -0.105085099279367
0.0794043065088807 -0.151953771064557 -0.103936504680163 -0.0265316080235896
0.0865465892889878 -0.132318061140336 -0.107790369414143 0.00304286149333011
0.0543346675433363 -0.116419653759284 -0.143444459928794 -0.0167735391022364
0.112869076808646 -0.168789329540336 -0.137538393090751 -0.102053384515381
0.253483838592406 -0.0365688489350793 -0.0842087521848663 -0.182859077752457
0.225601768258208 0.0832723575391704 0.102671271015393 -0.327261278129771
0.263583090042887 0.20648317500588 0.476769453524654 0.0568061678102297
0.272964801287536 0.527939160377604 -0.0365884580904582 0.223014804288327
0.123102936814904 0.629592946280636 -0.029980525931342 -0.441613281576437
0.341236176818626 0.291712301363118 -0.205230917471253 -0.311668639126223
0.208547651032563 -0.00818886005143399 -0.415883977881864 0.0262380160907797
0.141713374175638 -0.0934616516677433 0.0618088458759761 0.281249896080771
-0.0217415484662166 -0.0627615745542718 0.184466951366335 -0.0271576479398711
0.0587805447977278 0.0247388742389147 0.0546275313035196 -0.147417433858048
0.127346094453339 -0.0592418892928323 -0.034186319428217 -0.125983908451136
0.105168547870398 -0.128519145801719 -0.0613791166488962 -0.0826188325791495
0.0890801292511614 -0.105278392343252 -0.0877555884633379 -0.0457207617422417
0.0464612574551527 -0.0790762955474823 -0.138236096583209 -0.0708318856687996
0.0602561596340302 -0.100078268411429 -0.076023462687701 -0.150187872933016
0.0961965223937168 -0.0615853114197045 -0.0477503537496718 -0.0878163560664636
0.198185612801509 -0.0601653141506424 -0.00870652345154922 -0.310902829406066
0.281722754861972 0.077403389448432 0.362720897493308 0.00220081430146702
0.351967307240584 0.462246993992361 -0.130228531557779 0.0154930668010877
0.131342111737553 0.465065414948422 0.0515349705558308 -0.587299096329587
0.245115554871951 0.116522996835868 -0.0540964256406643 -0.451709553169217
0.0744172889376289 -0.0277948498435416 -0.430147230385737 -0.176955056146401
0.0257587524608803 -0.0504440397716722 -0.0975454925026037 0.233106260024396
-0.0336256603385538 0.0558152731920568 0.13896894765427 0.0748766264327711
0.0923052612320725 0.0757810528679185 0.116334758863914 -0.0845076853831331
0.147467025902782 -0.0250810028187065 0.0501681061730963 -0.136051232103937
0.113382582740082 -0.0868756480337412 -0.0106775311502135 -0.125604391982498
0.100353859941171 -0.0586109533841999 -0.0712834028182317 -0.0752851562707929
0.0650168803983253 -0.00742870609187014 -0.145809434859513 -0.106825561087911
0.00597757544585237 0.0203364399657389 -0.0371224189467985 -0.187157147852818
-0.0612110971167142 -0.0557733317886057 -0.0242922101622594 -0.0328151457879934
0.105646942561397 -0.135161668411057 -0.0374346486778907 -0.270865516900163
0.252057931130589 -0.0588178695434428 0.20475284717951 0.00650069680022018
0.337261473474046 0.359984174259396 -0.235387989768705 -0.161395231465449
-0.211837638772148 -0.261332749338118 0.277105289374968 0.291734944060085
-0.220007101751018 0.111336129508027 -0.074642908029402 0.00386554268289226
0.0122254387901596 0.164272129657545 0.0302121192601808 0.222992693240385
0.162632402173252 0.00667690585051352 0.0556598562991633 0.00740893674526815
0.0207349210426286 -0.165083622826664 0.0166820609974762 0.151916347736178
-0.0970170426516703 -0.0827950913960864 0.128754918033616 0.108803571656292
-0.128662600306609 -0.0040924144704439 0.0460290864967056 0.0731441616419518
-0.121025217534475 0.0269058592869473 -0.0404194457069982 0.149302798281016
-0.119999523801528 -0.00593095443864325 -0.119438020707687 0.146013320576377
-0.0896623183661202 -0.0903610143642647 -0.185631187699823 0.0412687951145005
0.0367512864359209 -0.115274200698864 -0.1183173784492 -0.141243821952382
0.105499055191527 0.038531562098457 0.192062769966968 -0.218765286654676
-0.0179393253779688 0.0666380194569032 0.457512165231877 0.239985276645391
-0.11463306079245 0.0843300741624788 0.0155872487108678 0.572179797847148
-0.157585820596365 -0.189169158462407 -0.100561860620889 0.693090195751819
-0.0334624068799128 -0.0865729105398869 0.26798555164524 0.335402158674319
-0.126646511746998 0.0709806529941917 -0.0481148886431835 0.0603147951304044
0.0832467607366434 0.186239545169929 0.0532509754335304 0.249085327963138
0.247025315465848 -0.0593651954352504 0.136457655834042 -0.00351275317984723
0.0311215362123779 -0.283710609266188 0.0245426274632072 0.0785781596613803
-0.134855913229676 -0.160774652239996 0.0957714839682089 0.0696535083876621
-0.143577485054602 -0.055240812610426 0.00268276935226271 0.0590125182106489
-0.0949230906089453 -0.0331889122122952 -0.0842235849699785 0.149255286448337
-0.0634680233058532 -0.0399342369969488 -0.163981456228392 0.14171221510494
-0.048968488478917 -0.0848222145748719 -0.223872686261921 0.0219777680924026
0.0506628860715181 -0.136754179656855 -0.134861539118166 -0.167194093174664
0.204057161908424 0.0445218186447626 0.197329265284032 -0.232660967613973
-0.0160187836230147 0.149993247970597 0.433050645718839 0.188041822993815
-0.0107811350145219 0.179153788582609 0.106494260703413 0.592755168626182
-0.150669093628422 0.0808410159532634 -0.111686389955203 0.729076953438868
0.150283533749451 0.139614993113981 0.1852921574715 0.294596760675376
0.0799814107443549 0.00919892586059744 -0.131987142189917 0.0893000764340645
0.108096548037345 0.123364758335122 0.0316671525836356 0.34059975355107
0.29030297466022 -0.114636006100071 0.260052578696539 0.0223789700741093
0.0260469991458177 -0.354218854936197 0.0598529078290461 -0.0356810583546222
-0.151514581508507 -0.204004057387629 0.0435446273617427 -0.00708319007375576
-0.13316225530786 -0.0940807409083802 -0.0539347427675937 0.0247752257720037
-0.0546735731524347 -0.0895239906934068 -0.116675678426591 0.1267786316923
-0.000779340860133025 -0.0755174659115525 -0.176877920175279 0.127807677618584
0.00804882003953142 -0.0813372036365285 -0.230323538122604 0.026869364353649
0.0808422941826284 -0.136857320182251 -0.175409850028595 -0.150678573288587
0.282678779084993 0.0425584037684515 0.130318273678946 -0.285659476213787
0.0217586561315873 0.252450849005154 0.41301844994186 0.0556931980285502
0.0420968961898554 0.233313335440969 0.266306197960858 0.510775055319992
-0.0967346076509048 0.305824748245221 -0.0681572570354052 0.699190960144736
0.251998901091474 0.383808209406932 0.0644600028046792 0.162376991734261
0.304064362556374 0.0600494594866215 -0.250534102205409 0.0558286067995136
0.179786312871316 0.0254502143257267 -0.0617959979425097 0.403445786737226
0.29573293630392 -0.162341500264572 0.34396571243166 0.103720951113079
0.0126119861270124 -0.361781353221015 0.121151119744808 -0.133038226637901
-0.130885320856974 -0.200345326735453 -0.00259537369350417 -0.0974007808286379
-0.085978255635686 -0.11472962464262 -0.104084533199862 -0.021180621047642
-0.00690808719669896 -0.131788632876355 -0.133114631766529 0.0874779954841238
0.050683568729467 -0.109784890141296 -0.16125849054758 0.0991856263096325
0.050330769757443 -0.0939473456486508 -0.207123491110948 0.0356695740354435
0.118480936294769 -0.150130214510702 -0.202744300341826 -0.11247244239308
0.336087913853494 0.0295173659374964 0.0178356463875844 -0.317105559828606
0.105862958437618 0.291459795891014 0.367839745377384 -0.121227147522038
0.0995671757605006 0.274877749849323 0.418445728680039 0.361045631869423
0.00794331400369371 0.458921215167368 -0.0136590287279484 0.595666428460063
0.244746848857403 0.574352515471625 -0.0368943355420596 -0.0314560134046214
0.40876258267768 0.204552596274689 -0.334084705572358 -0.0351220426395834
0.271743402131039 -0.00526403036943833 -0.206908360578639 0.386026405260213
0.288891056204628 -0.186358407588455 0.338667834007141 0.206447092011923
-0.000135085209521347 -0.308562337080669 0.181952586479939 -0.165561108066263
-0.0769501276909143 -0.147094531105441 -0.0184888615140471 -0.165264594130931
-0.0133758177763042 -0.111203371957365 -0.124908156980014 -0.0661305218031463
0.0390831082925488 -0.153649865384535 -0.128857784023828 0.0339493368943508
0.0778187326967432 -0.133400014824016 -0.133316557135442 0.0554718848004203
0.0648733240996923 -0.113794698343487 -0.171403144766094 0.0238359064938772
0.135359169174367 -0.173633247660071 -0.188907336183259 -0.0847756978518579
0.339072043543283 0.00103154945820572 -0.0710968469914611 -0.275966468905679
0.188429920550687 0.228648760044149 0.25259660360542 -0.270717987650914
0.186981870245902 0.27499223435674 0.497204205274321 0.188796223603285
0.143227937289531 0.531833318292567 0.00460502161870301 0.427129906833301
0.181012720511323 0.656077888499426 -0.0721517820128504 -0.244617824878374
0.39720542938921 0.318450295042437 -0.323772985844887 -0.164894763972163
0.295391393935792 0.00498387992917098 -0.333477311825846 0.252696988592739
0.242421160731912 -0.154236655549528 0.234956031704112 0.278737900516253
-0.0086651918751294 -0.199958231960291 0.206470295971857 -0.124139566412074
-0.00554018701333281 -0.0602043119847607 0.00261410389068057 -0.182926419952224
0.0651386401794192 -0.090533891102471 -0.0999655857630465 -0.103104023741047
0.0784611315431453 -0.152069346488322 -0.103860841922845 -0.0261423798349746
0.0850043797276262 -0.132099973363951 -0.106863467951095 0.00309267009521289
0.0551890210241325 -0.116211723767279 -0.144310156398796 -0.0166167740962078
0.111702490842853 -0.16811494051549 -0.13725496214467 -0.101292394802995
0.252155215425687 -0.0383939829182689 -0.0851784134559182 -0.180534712636869
0.225835050336437 0.0814395786417089 0.0997163279169404 -0.327569143750408
0.263707636340828 0.204338818348783 0.472818637404385 0.0523516886355518
0.274135966106433 0.525397612390831 -0.0349633797006309 0.220540986452839
0.12886531576194 0.619432723844474 -0.0319822589320547 -0.436757132636241
0.340460793921997 0.289306692854816 -0.204837625194315 -0.308815399301465
0.208064017004251 -0.00866324674184625 -0.413389812148665 0.0273357715511676
0.140446127198032 -0.0940860083231232 0.0629880278698999 0.279377301869149
-0.0220888059508325 -0.0625514783882811 0.183522005434322 -0.029451662983314
0.058477272141608 0.023590675491382 0.052396317230813 -0.145899176256305
0.126402504986168 -0.0594879459973079 -0.034771762009223 -0.126736684341379
0.103027173046129 -0.12847888646246 -0.0616803235316397 -0.0821864692309278
0.0880149020198376 -0.105026254264516 -0.0870190836420533 -0.0450532801826698
0.0461447576328574 -0.0795559274275616 -0.137259251849476 -0.0697853956545234
0.058509186018763 -0.100404237377501 -0.0771067774436698 -0.148566302474078
0.0957970384369073 -0.0621357955702558 -0.049276203262099 -0.0876753435612943
0.198130433707214 -0.0602476960913696 -0.0104423180114074 -0.31056298861667
0.28103902983786 0.076587738362348 0.361886663253532 8.00608059810754E-05
0.352618888274001 0.458697093239018 -0.130264475959035 0.0154007662466026
0.136190260559651 0.460102306319353 0.0460001710858635 -0.583387068047021
0.244201502890405 0.114733753359702 -0.0550879502630509 -0.449335095043788
0.0745561236317892 -0.027560552040559 -0.433259495304812 -0.185769116011644
0.0253782698123082 -0.0502546629240387 -0.0962693746894684 0.232367397339212
-0.0330022412029524 0.0560911608586585 0.137977248136784 0.0726836518174664
0.0925115612508239 0.0755743390171156 0.11545102548533 -0.0849675291772455
0.144596117649322 -0.027369005456045 0.0480644730772085 -0.136536068348478
0.111566894492329 -0.0874551700035966 -0.0120251061229059 -0.124406656632465
0.0993033799423511 -0.0593882381241983 -0.0710663884226707 -0.0749320473113606
0.0649060884123871 -0.00774167583928414 -0.144824998118899 -0.107380588074667
0.00545950825999581 0.0202044308015747 -0.038114794161786 -0.18567096901232
-0.0605575360596386 -0.0550189663075048 -0.0256565768310014 -0.0323854034437079
0.106443395812085 -0.135383597321918 -0.040011253594231 -0.268107498120465
0.251235594285006 -0.0591506263007986 0.203686746264919 0.00541008051252151
0.334832876778074 0.357906893588523 -0.234887776040773 -0.157509286756873
-0.2102539381187 -0.258948048108785 0.276931730974771 0.288558203477277
-0.21752535197189 0.111315416057542 -0.0749152767761447 0.00396798639048231
0.0127675817816983 0.163082769724815 0.0306727382182906 0.223211684219486
0.160636759802494 0.00610765013614095 0.0554233918262944 0.00710291659365928
0.0199097033600151 -0.16428576467262 0.0174969391496972 0.151447007694026
-0.0963496005909601 -0.0814528063816761 0.128339333362875 0.108059797193241
-0.128260794369983 -0.00276084842648028 0.0459250754494381 0.0734033839625219
-0.120866279353198 0.0272486897992715 -0.0398934059652042 0.14971513242717
-0.11858398476797 -0.0048495834786232 -0.117202889413161 0.145530688648949
-0.0907973051726566 -0.0897862487073455 -0.184939644333757 0.0422932577043464
0.0364616100688878 -0.115043584234444 -0.118204309650391 -0.139011507927321
0.105937196170298 0.0388462466871849 0.190444790796652 -0.217328734710006
-0.0179966877122045 0.0666584206685491 0.456620779283164 0.237391461487876
-0.113615912825654 0.0834235564121064 0.0167212630197708 0.57075837538431
-0.156511068728773 -0.188182896343901 -0.0963641498729382 0.691352500662574
-0.0330802795766604 -0.086416524732251 0.26819154900697 0.331781448739911
-0.126003477106153 0.0710220619902616 -0.048419889769317 0.0608034634346049
0.0846062493025034 0.184978156624554 0.0530560657980114 0.250034737851333
0.245406048374477 -0.0610472257587004 0.137688617720577 -0.00421612543339639
0.0285610203113803 -0.28238642215532 0.0250834212915371 0.0771450820747739
-0.135027111427207 -0.159471711592275 0.0965390500704157 0.0682037838267471
-0.143380520740907 -0.0541079027110641 0.00248958662820831 0.0589127500411149
-0.0944353330406683 -0.0329283935802013 -0.0836915393486586 0.149463007174452
-0.0644494561102092 -0.0402239285344534 -0.162547122673445 0.142324656134191
-0.0481573212045819 -0.084937626854926 -0.223167444081155 0.0235569568027559
0.0504599486274735 -0.135869922821717 -0.134960588966363 -0.164944172863228
0.203434652230253 0.0431742222482632 0.196052789174589 -0.231286733191448
-0.0159394647136249 0.150051181847004 0.430815163539018 0.18449775179162
-0.00979947006144856 0.179232862466667 0.107097152431887 0.590021712833287
-0.149115321560906 0.0811073175543389 -0.110288350050354 0.725888935312066
0.150127249414268 0.139005434120428 0.185825732378887 0.291338103911696
0.0804532745070742 0.00815019719476509 -0.131346135763501 0.0889995909741768
0.108402074611378 0.120770737224941 0.0338510455549261 0.339662348885528
0.287621416103506 -0.11620118707979 0.259919156353828 0.0199778667539106
0.0238395787762687 -0.352755303620921 0.0594514521919135 -0.0365925081836423
-0.152323504573706 -0.203394027907503 0.0435041296870909 -0.00754548870731662
-0.133297147441281 -0.0927955893927027 -0.0540717506778031 0.0247121466343839
-0.0552836248295932 -0.0894594871400072 -0.11544531595888 0.128355981513662
-0.000992017640990755 -0.0760708192852752 -0.174787028949206 0.128305860604328
0.00676194173632424 -0.0808614262193761 -0.22902204430023 0.0289310860807692
0.079499328582913 -0.136953852633492 -0.173952887072947 -0.149309793589391
0.281502612850913 0.0407767841600847 0.128703092907906 -0.284817133748459
0.0235308520832317 0.252183144567003 0.411365290230045 0.0532538522538869
0.042135043208608 0.233372991759006 0.267872157298205 0.507067280884288
-0.0946867047478506 0.304503840121227 -0.0666491961608158 0.697638987912622
0.251579750002456 0.381853258939828 0.064291502596844 0.160911209655136
0.302510073554534 0.0580363546501258 -0.249565818495823 0.0567542968924982
0.178961283210384 0.0240743475570257 -0.0654446932924256 0.408690827509494
0.295264531270977 -0.163338580554131 0.343820998172329 0.102274495390561
0.00998165175060059 -0.36062963181227 0.119759052741293 -0.134033306211919
-0.132045152055144 -0.199328975373028 -0.00325204086220179 -0.0966164715463094
-0.088328544039635 -0.112509286305081 -0.104493195686531 -0.0199616879491875
-0.00738930454965646 -0.132006198838702 -0.131723806844062 0.0883223762139185
0.0485939850117981 -0.110363327361057 -0.159879039317838 0.099976083327827
0.0493939020769214 -0.0936543317580071 -0.205791295871013 0.0362614714126023
0.117604144518088 -0.150330873435907 -0.201701314665421 -0.11018386929369
0.335356974115084 0.0289663428435186 0.0159189308346434 -0.313673512941646
0.105688696906158 0.290836531506153 0.365671115618856 -0.124171880885343
0.100143375900667 0.273382584534103 0.417709878598673 0.358122194041386
0.00968801076600439 0.458487796222365 -0.010159109290344 0.59095618989024
0.248173257576847 0.567500599397254 -0.0359881292166537 -0.0308812872556045
0.405250407474972 0.201663599414709 -0.331779528318613 -0.0333617480336605
0.27083318449185 -0.00703509862332939 -0.203058026845304 0.3863946810134
0.285816789587994 -0.186633760930791 0.340092577778179 0.20282761734012
-0.00204964395515649 -0.307331826061811 0.180589217782969 -0.166499303937458
-0.077420056306417 -0.145251793134592 -0.0195335769847398 -0.164566716268893
-0.0143204026422415 -0.111227120146854 -0.12513881736591 -0.0653530468401141
0.0382208627273244 -0.153321693538337 -0.128516205389093 0.0346949671484469
0.0762973465896989 -0.133458601013724 -0.133254953853477 0.0557130991342656
0.0637099486063423 -0.114420025687831 -0.169305473579976 0.0242419348098085
0.133045336552948 -0.173746163259218 -0.188490420337232 -0.0832910940605084
0.337381989372803 -0.00117294610716233 -0.0719915863266748 -0.274733640539459
0.189504856978412 0.226485744942938 0.249071589996549 -0.270506878954783
0.187089122441867 0.27399772695415 0.496371624447539 0.186183615489491
0.14452640723653 0.527945366525243 0.00773955736910222 0.424684417625699
0.180891890754552 0.655466904117379 -0.0729568685039325 -0.242773679667845
0.395773182623087 0.314360182693982 -0.322309864556068 -0.164218879650275
0.295256150906545 0.00420850515996243 -0.344284141129521 0.251727144816512
0.239492082845424 -0.155493131565849 0.234775168684197 0.275172053209421
-0.0102886247262098 -0.199775463663715 0.205162929896172 -0.124371971639229
-0.00524538123617872 -0.060184089708045 0.000878231327707169 -0.181957046315498
0.0650579272130548 -0.0906343472667064 -0.0994155842176333 -0.101872459261006
0.0761916709302791 -0.151335656212715 -0.104236670599085 -0.0257545944001782
0.0835931678738589 -0.132186798725734 -0.106575273272013 0.00292444304466017
0.0546182666066033 -0.115639773694861 -0.142995548157525 -0.0167123062264664
0.108191026028839 -0.168375825969457 -0.13711188421834 -0.0986108392139955
0.250164948962654 -0.0400429094106357 -0.0866649287156853 -0.178518080586838
0.225267718195153 0.0808933426824323 0.0937547777294085 -0.3263025115736
0.263355921982865 0.203620776432612 0.4704411504838 0.0494153713331212
0.273505167966458 0.520050333779987 -0.0344878584305418 0.219250687380805
0.128412488677968 0.619351522967151 -0.0328866219838315 -0.436468469989177
0.340193430204626 0.287647508446764 -0.205361338130971 -0.307463985980638
0.206886333284731 -0.00941310594546092 -0.411703273980702 0.0292861336120196
0.138222620890179 -0.0951850657530534 0.0631673676635258 0.277154335755874
-0.0222428895043595 -0.0622508051496344 0.181998271896499 -0.0313843660279217
0.059197890034875 0.0229761477401795 0.0512058603831876 -0.146628258142775
0.125790554387753 -0.060293701041553 -0.0352803639235929 -0.125615106609893
0.10236322211197 -0.127738678942501 -0.0618251302953722 -0.081890148435336
0.0871171884401347 -0.104457615266957 -0.0871553875224207 -0.0450624578101256
0.0458497362038848 -0.0785245927037139 -0.136432711058853 -0.0686046230510584
0.0572241483614216 -0.100066317429032 -0.0779394202494087 -0.146688341480821
0.0946414720614102 -0.0631676892181054 -0.0507114433429361 -0.0859982110698915
0.196845559289253 -0.0613919719503966 -0.0118227179801874 -0.309635773465811
0.279638502006356 0.0746309304815151 0.359759039565577 -0.0019436304389234
0.349276502233811 0.453869200453733 -0.129471189880975 0.0167024476733834
0.13496652975877 0.456287810742873 0.0469329634655461 -0.580964505728372
0.243285342239527 0.114757496383012 -0.0555080559561399 -0.448901393390072
0.0743056231078475 -0.0274217298112363 -0.432549842515114 -0.181269035288006
0.0250489324061599 -0.0503269264352548 -0.0945213767955192 0.230162644800782
-0.0323163331418055 0.0559168138200418 0.137198496888661 0.0722479724546926
0.0918465142610204 0.0742534866958295 0.113284042109343 -0.0860854321629868
0.146484041670458 -0.0271621799782142 0.0455828347438235 -0.135813540697584
0.111076779925811 -0.0872397449963884 -0.0126018743387748 -0.124816401284625
0.0985621937053324 -0.0591481964421192 -0.071271175609231 -0.075115091138346
0.0641476217197456 -0.007053437905125 -0.144182757974474 -0.105415183061926
0.0052942844199088 0.0201757794198008 -0.0398912142790987 -0.183468246447076
-0.0616090364046616 -0.0544354041053305 -0.0263687007671009 -0.0330058872607935
0.105358883390792 -0.135165677852298 -0.0403070494388238 -0.267787856775635
0.249049123669814 -0.0596793210097769 0.202812245648557 0.00511066912982518
0.334420374373404 0.355737000717209 -0.235299470799849 -0.156056598563125
-0.210852640366744 -0.256814867043933 0.277853835974901 0.286012215593338
-0.216065141345265 0.111844860234742 -0.0746960902399733 0.00483591904069594
0.0140169742766457 0.162377186389251 0.031604259490939 0.221502640087912
0.160674597794598 0.00561648139696821 0.0564157890379572 0.00724900318187499
0.0193865161138676 -0.163079468828963 0.0185598147202284 0.150267722013352
-0.0962419904962592 -0.0817834164822127 0.128862527270113 0.105868527204365
-0.128216786028052 -0.0028174047058831 0.0460099614944308 0.0732524802142364
-0.12114481906938 0.0275905337561788 -0.0384975857057232 0.149845685756427
-0.118637816491985 -0.00400651937494563 -0.116014409934418 0.145702327016497
-0.0905177781635979 -0.0897705910215224 -0.183413455533483 0.0436357547499056
0.0369898593904699 -0.114920568739667 -0.118059637555144 -0.137289245381921
0.106164743066408 0.0372751352131358 0.188389564513671 -0.216545651067104
-0.0177221201802034 0.0662250319187045 0.455187142175675 0.234699503631091
-0.113934913144445 0.0834090488931088 0.0178240912513283 0.567618605117005
-0.156186907789483 -0.186364384623955 -0.0945626231536719 0.686862231979023
-0.0329456782422168 -0.0864120219968398 0.269468686809945 0.329334387564267
-0.124816572203026 0.0701865699820186 -0.0476113969375974 0.0595903448358397
0.0849947330024751 0.18296657744483 0.0555765781436261 0.247711130171741
0.243352940310661 -0.0631080704456331 0.1383237619211 -0.00497726660285201
0.0277005103595392 -0.28205877424752 0.0259916377879687 0.0769866122361691
-0.134784342988766 -0.158088656866148 0.0961407350149888 0.0662383119704137
-0.142860860209757 -0.0539437584802645 0.00285606811892196 0.0589371024704665
-0.094416308670128 -0.0318763913262496 -0.0820476746065013 0.150224524126056
-0.0634607025115058 -0.0402533773771259 -0.161397295371949 0.142841092968399
-0.0485207799303536 -0.0846718520428956 -0.221247501079104 0.0238701240318322
0.0498516291505658 -0.135423163304051 -0.133942054565285 -0.163293810402328
0.203595419684914 0.0431406844649241 0.193359849256162 -0.23173569840246
-0.0147722161372232 0.149837316478435 0.43043296570332 0.18124609312055
-0.00967319831847111 0.177236716011595 0.108151192048507 0.58823753329645
-0.148750065739364 0.0804087430187787 -0.108322337008108 0.723823365836932
0.149656148529494 0.137071195742384 0.186484764641993 0.287998396080751
0.0806500822462603 0.00845921101599391 -0.13117319235643 0.0891646847806116
0.109049785243723 0.12076266742084 0.0350740736406113 0.339529258796215
0.286632463282561 -0.116404493704332 0.260097637742863 0.0202559038492185
0.0214100434459835 -0.352151637621872 0.0588722652454013 -0.0365747146259549
-0.152134334060015 -0.202155129339845 0.04292997288747 -0.0080740494338381
-0.133040475189159 -0.0925218189689619 -0.0540946205192423 0.0259786269996656
-0.055160516440407 -0.0886494331469471 -0.114075269602128 0.128499796758854
-0.00158385728618305 -0.0772124781162179 -0.173316141203994 0.128313427135575
0.00682767731654325 -0.0812748604404158 -0.227432504722004 0.0291858762311205
0.0797083338393037 -0.136961301451799 -0.174026246318612 -0.146819473617969
0.281117576543852 0.0392839967307739 0.126947515542489 -0.283275075452174
0.0234638764881513 0.250751581419796 0.410740480128216 0.0512031203389356
0.0418287367853692 0.231558914625799 0.268015149077326 0.504062493504383
-0.0932076738086137 0.304010819337407 -0.0654370362711975 0.694382284990998
0.25262311740953 0.375613567866945 0.0652697555870147 0.159130732870175
0.301111076500217 0.0583450332039198 -0.249167484427793 0.0566992841729959
0.17848572138874 0.0232436001277268 -0.0632603228980711 0.406635611615568
0.289985596987508 -0.165753242254846 0.343639069201881 0.0990975524282585
0.00744576418898361 -0.358557991491658 0.119133507881746 -0.133867744516744
-0.132128136623272 -0.197743699598806 -0.00383752942492785 -0.0965131400529013
-0.088737370502839 -0.111468838716858 -0.104233482656079 -0.0189457444003082
-0.00890296571872566 -0.131729899495092 -0.131545871577259 0.0879695447092377
0.0482359637508461 -0.111519069650655 -0.159178289458664 0.0993402742559376
0.0513022391091436 -0.0936872172550264 -0.204887801398104 0.0372635720751261
0.117882210549577 -0.150582771964453 -0.201838729738211 -0.109129056223232
0.334962811989485 0.0280650858846591 0.0151344601835781 -0.313595344883853
0.107135198162304 0.290691969812876 0.365166133133953 -0.124017988660493
0.0996631363660787 0.272461621412615 0.416137423285582 0.355804654652444
0.0104777821318188 0.455775085811359 -0.0114348220463058 0.589487816478225
0.245896459060491 0.568203894368674 -0.0368493405124263 -0.0309557537004851
0.405182977625098 0.199069799530868 -0.331479579095204 -0.0317065527494963
0.270149249682286 -0.00657537701636403 -0.201799726465146 0.385979277279798
0.283578328001065 -0.18698276075181 0.338910395725866 0.199693134288241
-0.00323255468620921 -0.307602390213163 0.178141832182914 -0.167072643280471
-0.0779073204635488 -0.145156474027658 -0.0202835893487872 -0.164287030839819
-0.0142912159715907 -0.111035718851668 -0.12455245823639 -0.0645794436276477
0.0371783560714946 -0.154126132845496 -0.127989960568048 0.0354441622430317
0.0758659482677991 -0.133912999670951 -0.132393335504688 0.0553589542123436
0.0634539545733907 -0.114329825219332 -0.169043899024409 0.0245577354695272
0.132234231071894 -0.173321314078413 -0.18812521117626 -0.0822702958894708
0.335809556760378 -0.00371547019653905 -0.0738510720643606 -0.271842075688124
0.190648310687428 0.225558830791782 0.247376993043022 -0.270955345186576
0.186326154482181 0.271975600928324 0.496344630141176 0.181958949309274
0.144701197300897 0.524969806793945 0.00815418608611218 0.42330408851891
0.175305299859567 0.657457156379865 -0.0721945142013063 -0.243256182815421
0.395366584898911 0.312692059079394 -0.320771695412876 -0.161421030616767
0.29356666234492 0.00361632022393877 -0.340258809297893 0.252591174928835
0.235352540710515 -0.15832267824272 0.235734756664798 0.272255748270473
-0.0115478128446656 -0.199574493942863 0.203811554354717 -0.124762353647575
-0.00614081542213037 -0.0595018672673391 -0.000936526979338939 -0.180325057076144
0.0673442481583862 -0.0912310711334251 -0.0996736654534931 -0.100831245363897
0.0744669500124859 -0.151841240676364 -0.103990312103695 -0.0246955809172913
0.0834450381849913 -0.132610755065769 -0.106055835018045 0.00312202635197812
0.0513915524863854 -0.115422655278517 -0.140747178554653 -0.0157579566800206
0.10744668294961 -0.168207308796848 -0.136795241020332 -0.0967978189691632
0.250127155839353 -0.0405989449107881 -0.0878195280670093 -0.177850751252386
0.225035945596217 0.0810085191087883 0.0936997207894327 -0.326319590926473
0.261813179379843 0.202212069632143 0.470551044639823 0.0476997553800151
0.274538856604293 0.516730108197241 -0.035075844130766 0.220845710354071
0.125751304509942 0.62150872040928 -0.0336963122080039 -0.433505915946158
0.340049249079484 0.285891890442801 -0.204404400603988 -0.30560999868305
0.207475628603244 -0.00949972479128793 -0.408757862922296 0.0307864438716868
0.137639393527949 -0.0951113166663895 0.0644616917437289 0.273762805839491
-0.0223612178324861 -0.0619438990330213 0.181046956780695 -0.0316058556953154
0.0583904846545101 0.0230837649315584 0.050506352531482 -0.146859965063468
0.124706540822818 -0.0609127725388679 -0.0363663405408575 -0.125753979794626
0.100685032557758 -0.128829747549585 -0.0628487592435101 -0.0814622090822111
0.086530807489532 -0.105523138701341 -0.0867741694035807 -0.0447153450156911
0.044540316051388 -0.0788210719659139 -0.136933049025986 -0.0680982944461066
0.0560141123938413 -0.100134634672982 -0.0793874089788484 -0.145423132026554
0.0939384278876331 -0.0639269638613737 -0.0516455785242876 -0.0860869251099402
0.196380792035395 -0.0618579239274474 -0.0134738358046642 -0.309544798077983
0.279611384340908 0.0747644592868437 0.358503402401704 -0.00312263874405542
0.348198959838619 0.452183363095103 -0.130452041893012 0.0170189784266847
0.134453984683338 0.459560852116311 0.0459444647730111 -0.580677327443013
0.242675556596457 0.112967357997459 -0.0562735764029042 -0.446681519475306
0.0742189563837979 -0.0271348304862554 -0.425834338595209 -0.168463585776043
0.0243089379418316 -0.051176197466517 -0.0939982507655967 0.22914161330816
-0.0322953250471866 0.0556507891987185 0.136918932586107 0.0709501161622435
0.092209892223408 0.073541847930013 0.111766737778493 -0.0866486570132719
0.147695705806945 -0.0268575013839057 0.0465034858287508 -0.136920675683806
0.109685237077619 -0.0864314183377751 -0.0127894111775964 -0.124861347574927
0.0985392695352592 -0.0594893781245009 -0.0710687455004997 -0.0747536824744454
0.0630323520696236 -0.00776061716902438 -0.145177347600561 -0.10250041884647
0.0052807025329657 0.0196855297674649 -0.041367344166288 -0.181825961365012
-0.0611365419403329 -0.0552279361290777 -0.0271154133259953 -0.0335763494055688
0.10329742283492 -0.135046162285289 -0.0398305253452111 -0.267675128042038
0.24636933897593 -0.0608682116219956 0.202309875464393 0.00449085460964511
0.332758423174096 0.350486915294066 -0.235476769826465 -0.15568111932282
-0.209783527954239 -0.255098299521713 0.278580134872584 0.284333269410502
-0.214649735957612 0.110965526367453 -0.074278052096109 0.00485192507809831
0.0139436702713838 0.16180521504437 0.0315875323625965 0.222116352556461
0.160853118780357 0.00552915169956829 0.0573814955518676 0.0067994749243754
0.0181203806812775 -0.16255103848457 0.0190106359081832 0.148753959514759
-0.0958645270284693 -0.0804336762268352 0.128716574457572 0.104925324520069
-0.127579002891218 -0.00150223585338001 0.0454115582132993 0.0735011987250433
-0.120512182874558 0.0284417156340939 -0.0382064394717028 0.150577057686962
-0.1183597167097 -0.00512860201974898 -0.115695770944643 0.145998050391534
-0.0904902871754251 -0.0889412753084597 -0.18240290360452 0.0452617354529337
0.0370013416105777 -0.114671496939074 -0.11766856211569 -0.136230274760291
0.106101460357928 0.0371610682968547 0.186394451851298 -0.216200270358533
-0.0178231044023442 0.0662747479204118 0.454742873010953 0.233625517730975
-0.112928499590666 0.0829330476501903 0.0183300582388942 0.566903995829665
-0.155937432777628 -0.185490631741363 -0.0949640204517696 0.685903053356515
-0.0324644122898725 -0.0856615870194207 0.269047302448927 0.326968253137506
-0.123748952089235 0.0707264514473628 -0.0479930726014122 0.0603300818486475
0.0853267858060779 0.181723037941499 0.0571172923066746 0.245761890593481
0.242010067295903 -0.0639472789888667 0.138748045030143 -0.00551436820522436
0.0257750706585354 -0.28135688582102 0.0261446036350373 0.0759240167848737
-0.135522515361429 -0.156882420055845 0.096914127619607 0.0664972970324777
-0.143375553275398 -0.0535697222775067 0.00280321403003929 0.0590029377610197
-0.0948878549256666 -0.0316380155990079 -0.0815317733162066 0.149943254427432
-0.0640703859502091 -0.0399706330113824 -0.159820735578812 0.142444360877241
-0.0485101652482705 -0.0841562785751051 -0.220444623957805 0.0246422020135071
0.0496751967408517 -0.135629292891558 -0.134502925943941 -0.162764804423624
0.203651742065817 0.042066654780433 0.192379923238555 -0.230391688757272
-0.0146209568407073 0.149233741664836 0.430059201790899 0.180576559474909
-0.00894114031473841 0.177282561484408 0.110022456187727 0.585429671517432
-0.147430015083853 0.0807648747961801 -0.107909981141274 0.722186365038311
0.150484636246615 0.136869878144415 0.186736615755003 0.28639803911598
0.0799811589728929 0.00723869440847404 -0.130486019955745 0.089882323310182
0.109518776058016 0.119323035557183 0.036421691643649 0.33936606934955
0.284246448411341 -0.118418471725602 0.259779575908426 0.0174113235057035
0.0199884565303934 -0.349978473819978 0.0591278410706928 -0.0376501577281802
-0.153206336829133 -0.200303277867672 0.0428577241486098 -0.00851988438467537
-0.133593470314765 -0.0922180743652267 -0.0537371717974221 0.0259793899391179
-0.0564779721538895 -0.0885789506349439 -0.113941929027836 0.128865311324633
-0.0016210608376865 -0.0767979243001981 -0.1735001905224 0.128975200538258
0.00700026188711577 -0.0819018840106033 -0.225839459395233 0.0302268378621456
0.079930298744506 -0.135880171381867 -0.173936916729279 -0.145199077769224
0.279713763456643 0.0381292784661771 0.123927496207757 -0.282166242707314
0.0252493632660956 0.250147411969863 0.40909275223788 0.0504455252389754
0.0422991549554424 0.230090668730103 0.268445501270289 0.502304982001777
-0.0926228964417977 0.303211843841203 -0.0656409706156568 0.690943445493683
0.252547856857511 0.373764805889711 0.0651527623146287 0.158772236742734
0.300826451755686 0.0559494990513404 -0.248082287654711 0.0572407592216839
0.179077585780735 0.0224128629914419 -0.0566048454877249 0.401619429306047
0.287814469193141 -0.168148108043069 0.343359951719298 0.0974975425366437
0.00701230239845874 -0.357076484524107 0.117842836880448 -0.134520122928276
-0.133513125629241 -0.196685319271105 -0.00463217518435024 -0.0960581460309568
-0.0876907192461232 -0.113113004528639 -0.104431376813512 -0.0182148678039344
-0.0100100266157672 -0.13242261322767 -0.130543095888636 0.0893255530639987
0.0477582302221508 -0.111747732220829 -0.158270675286337 0.0996431107194903
0.050159380591079 -0.0951302189653093 -0.204086715666679 0.0376864320272514
0.116389016445923 -0.150580751449202 -0.200731790049391 -0.107007882517392
0.334223745429585 0.025951079680347 0.0129291637054567 -0.311547018814547
0.108714369226498 0.288573639345234 0.363825484966008 -0.124437363745139
0.100117267857741 0.27029780643015 0.416763274874718 0.353726806648152
0.0113942570528079 0.454178425364627 -0.00997671894061483 0.589932976149521
0.245279673935344 0.56867586726368 -0.0363338567300676 -0.0305632297205386
0.404061976012781 0.198728821930433 -0.329410021858881 -0.0307997142352636
0.27060894449303 -0.00719039251879191 -0.198964903634557 0.384630012687187
0.282548762903488 -0.18870179765718 0.338743706419391 0.197093783053245
-0.00495173323838652 -0.305945757486876 0.177048818055209 -0.167104197151657
-0.0782905928786848 -0.144662086716575 -0.0208887716113966 -0.16353382521044
-0.0148622697154956 -0.111025747774767 -0.124704954633992 -0.0639592753656392
0.0355550825224576 -0.154069279912568 -0.126929898773911 0.0352377686391387
0.0761698951580379 -0.134507711524895 -0.131826708995863 0.0554154832050878
0.0628059521527367 -0.114214498526341 -0.167153985846909 0.025436170617441
0.130778658148967 -0.173579751186476 -0.186914324897503 -0.0796743295121074
0.335357492746999 -0.00499638354200053 -0.0756974766729813 -0.270384214437192
0.190283389127654 0.224998824825376 0.246021799156501 -0.2727880613536
0.186684458322566 0.271782834432812 0.493319132526404 0.181494228074392
0.145394418233079 0.524187235740783 0.00841711834234068 0.422434305225686
0.177609858581058 0.651224403653307 -0.07243264860166 -0.241624249095841
0.39349373105772 0.311573969071706 -0.319599444887241 -0.16035316812473
0.2929781409075 0.00348312671014015 -0.326569484502338 0.253001164348281
0.235899457128977 -0.158775911167936 0.235517275897601 0.269322288168914
-0.0121292527755445 -0.19822581578717 0.20180741744182 -0.126194541271259
-0.00540928883475564 -0.0605753712419938 -0.00127763397222661 -0.180848906126236
0.0655644392060982 -0.091767839412723 -0.100578572391552 -0.101013474020764
0.073310584741844 -0.151882613382064 -0.103499643254948 -0.0247049123751927
0.083579175715187 -0.132587509355443 -0.105957517704327 0.00302974213617315
0.0507229557037562 -0.115059822039626 -0.140181724651269 -0.0150493622993665
0.107022340601482 -0.167804616138398 -0.13691087070783 -0.0954293737861784
0.24908895257937 -0.042929277199375 -0.0888935440800415 -0.177076457763327
0.225974734950821 0.0782727591596142 0.0947674712919841 -0.327115970343316
0.261570092383002 0.200989112956713 0.469574927141614 0.048057008814074
0.273004394086743 0.516522601830111 -0.0347441130598444 0.22064131260907
0.129163291556243 0.615271997470635 -0.0349814573406471 -0.432650409438236
0.339700525464309 0.283715253798593 -0.205245901952618 -0.304506813040806
0.206225309021825 -0.0100382035289398 -0.407891172233968 0.031274929477392
0.13713106847341 -0.0958330762557119 0.0650881438093394 0.272473531924257
-0.0217957111937627 -0.06184378617806 0.179896854040766 -0.0323268302174656
0.0584157803939694 0.0226728441215909 0.0491643371624375 -0.146175431887174
0.123801433922137 -0.0611599955947859 -0.0367972478405879 -0.124551897499516
0.0995781138875943 -0.128971483057413 -0.0627766241920015 -0.0817107336432032
0.0848531095742391 -0.10526425869105 -0.0870297942299327 -0.0451388579405442
0.0445242729447423 -0.0778945138531616 -0.135510249422403 -0.0670352207499221
0.0555103345195393 -0.100084913425684 -0.0785268936965912 -0.14475517981944
0.0933709577115552 -0.0644499652642345 -0.0522343721337205 -0.0851528300055331
0.195679992284946 -0.0622681871503274 -0.0143449383632045 -0.30860639267624
0.278455546975264 0.0738247575088061 0.357913257708534 -0.00423720684247869
0.349349230297422 0.450082614799624 -0.130665724914507 0.0176119214938576
0.134649661513028 0.455008989770568 0.0423079789213212 -0.576401692420873
0.242834723294314 0.113219631523218 -0.0570901439441633 -0.443374818281933
0.0745197342777274 -0.0272414584109249 -0.426066409892672 -0.169633812249347
0.0242691159265976 -0.0509263983100313 -0.0921075053598011 0.227447704690805
-0.0313594682049872 0.0547112466257175 0.137117276944234 0.0687085238655915
0.0920797475087257 0.07355343600818 0.111354077048654 -0.0862073972811649
0.144048489838856 -0.0285678963768333 0.0453276717732368 -0.137201479976956
0.109685006291327 -0.0862609516955526 -0.0131581049475805 -0.125114450467262
0.0977720307958453 -0.0596150256405238 -0.0715239178475029 -0.0752151405379434
0.0629384003553601 -0.00758846622152834 -0.144403761354117 -0.102478157280586
0.00535514298225672 0.0196867398728647 -0.0414170970629471 -0.181368853713895
-0.0611360861169206 -0.0553352155992877 -0.0278265031407177 -0.0337080462125042
0.103043938088287 -0.135168046355752 -0.040979362142393 -0.268551347643732
0.245658585227056 -0.0601244065193817 0.201736638104478 0.00460200492355263
0.333082621729493 0.34994716466129 -0.235155759931428 -0.15371616670858
-0.209381274839612 -0.254096664097923 0.27888588454695 0.282636974165829
-0.21336782032346 0.111947825636118 -0.0739952852052306 0.0053049598973137
0.0144636945864082 0.16129264384298 0.0316137892687417 0.222254069780972
0.159576886548446 0.00436280807687453 0.0580221578044445 0.00724323043765111
0.017799151975256 -0.162309187594074 0.0198607109598781 0.147765368952088
-0.0967083289521219 -0.0803558659350104 0.128775288274897 0.104020404203171
-0.128161794163703 -0.00182095988518853 0.046066112045408 0.0738039282861811
-0.119689107122412 0.0289806892594794 -0.0364865022554632 0.15104878856929
-0.117987220066205 -0.00397868425695748 -0.114404651225917 0.146597346507741
-0.0906059163708369 -0.0890692214563476 -0.180896850399255 0.0452819236124066
0.0366308826410854 -0.114090843166451 -0.117158967172945 -0.135225485078198
0.105660077483628 0.0370127810065104 0.185819129539153 -0.214881560537416
-0.0178322839182176 0.066630900385575 0.45349835995778 0.229796885946136
-0.112508470119109 0.082604973362741 0.0190443182232444 0.56530072735906
-0.155304066912808 -0.185244692009502 -0.0927556313955989 0.683197396642331
-0.0323954964325928 -0.0844218322357191 0.270835219596155 0.324952270318427
-0.122808221947955 0.0707662966684432 -0.0483066249733351 0.0599322048337098
0.085862793050579 0.181078551380449 0.0557324192220213 0.248202388472689
0.241416511146116 -0.064264687358944 0.13931297463105 -0.00617403420595603
0.0238071026333884 -0.280774604292331 0.0270243076408501 0.0751333057146255
-0.135920383753156 -0.156564685954521 0.0960821970744224 0.0653728996478414
-0.143926416113391 -0.053534728465735 0.00264267654441984 0.0594114375557477
-0.0949098224973062 -0.0321127523224918 -0.0807290576414379 0.150626293478228
-0.0635740833699146 -0.0403602681216843 -0.158963517873885 0.143099035526157
-0.0485077946931745 -0.0841607590391683 -0.218799788577859 0.0258680670349794
0.0495528008278373 -0.135094459229816 -0.134554662401255 -0.160640215401639
0.20178755930224 0.0412004305734955 0.191401492429745 -0.230151987329853
-0.0139158285756915 0.149133305025005 0.427668206714749 0.179979846165692
-0.00910328077118635 0.176137155320719 0.112004404963439 0.584107575611674
-0.146607186847698 0.0809152483881476 -0.104333581359802 0.72038489212143
0.151735052147977 0.136031223311391 0.185806723925484 0.285940967109695
0.0804031339763174 0.00673588921354766 -0.130587745886526 0.0892825150692622
0.110416858875293 0.119052381205973 0.0366866562510928 0.337950352623497
0.282916148797572 -0.119836163258511 0.260209741119854 0.0167246924629284
0.0181951795148464 -0.349208911683336 0.0582164120836073 -0.0378948224257819
-0.153709246812243 -0.199763202488001 0.0423112300615476 -0.0086119663742405
-0.134231892534585 -0.0918522592224488 -0.0537659765653442 0.0268494630978059
-0.0571482915903666 -0.089284456498506 -0.112223166945099 0.129526405971304
-0.00185764731443262 -0.0774878203115958 -0.172985436897349 0.129394768549579
0.00696167581348538 -0.0815457452980323 -0.22532012535609 0.0304255455279156
0.0795920595702462 -0.136521426853136 -0.173714690846403 -0.143750730453479
0.280138364509823 0.0379250683768452 0.123741673441437 -0.282837957979985
0.0259546180604942 0.250353560232216 0.407273008292255 0.0486868551938535
0.0429147525877534 0.229485905367195 0.267365606498566 0.500109804868425
-0.091232172816515 0.302403006492808 -0.0622675434927744 0.690820859230187
0.252869669188378 0.373943195426299 0.0649480808086659 0.158572470376069
0.300978351454361 0.0558698244064758 -0.247815306913916 0.0583843486291495
0.178808802620235 0.0209568222665569 -0.0556172741275942 0.402390171961854
0.289052393211887 -0.167120676970313 0.343315289411698 0.0950551628538608
0.00572972337352681 -0.356922191024238 0.117507653187565 -0.134643156927795
-0.133447319198762 -0.196338261074512 -0.00501626484806534 -0.0963039364845089
-0.0885705649429434 -0.112970695380233 -0.104778000830995 -0.0175340211827669
-0.0109559649622473 -0.132057774049657 -0.12964019508042 0.090155765111232
0.0472366394235124 -0.112812589374775 -0.157531205045269 0.0998742915639107
0.0481969180903443 -0.0950815165583844 -0.202219538739304 0.0379997050783786
0.115859512542054 -0.151413826433509 -0.200585735751058 -0.105489722876382
0.333178202654583 0.0247794685899443 0.0103293740522309 -0.311626064646162
0.110706923987117 0.287244453183971 0.359112184769693 -0.127129455774747
0.100280175556036 0.270550005268048 0.414648429211313 0.350863571531037
0.0116128552630453 0.452867973061492 -0.00889424364076957 0.587154014168146
0.249332485571771 0.557168210926051 -0.0363490902124026 -0.0295737145845302
0.40359273460991 0.196481709543058 -0.329802596252955 -0.0291387462989395
0.269390686876596 -0.00827118954932653 -0.197873563099226 0.384344958338168
0.28129943940199 -0.190239915124994 0.339755790419011 0.194663847144238
-0.00582465255515999 -0.305595398301914 0.1744561736498 -0.168193055703601
-0.0778806793730918 -0.143711863323027 -0.0221409052262029 -0.163299172248764
-0.0157234077104652 -0.11078384562223 -0.125288526275676 -0.0628033426649799
0.03464147156652 -0.153985143539553 -0.126753568972609 0.0357974071365099
0.0741213736994216 -0.13515238417814 -0.130645765499669 0.0559990417278131
0.0627473671289369 -0.11468258183011 -0.166442910179647 0.0254391186234893
0.129940344699308 -0.174009892137701 -0.186235243509322 -0.0779510048048245
0.334752074722398 -0.00705370432981893 -0.0770787058187076 -0.270117576320003
0.191968913622859 0.222962772712159 0.244000736389025 -0.273702047818442
0.187573195611772 0.271038681102874 0.493738115125142 0.179956671161729
0.146022590982284 0.522621436385325 0.00776289245777752 0.421277527617702
0.184605527866864 0.641878513401423 -0.0739292245623368 -0.239254689494542
0.394771911908132 0.3099512137463 -0.318913340204565 -0.159730601392861
0.29310129497022 0.00222229445506526 -0.327252028776964 0.253788603004717
0.237479664485781 -0.158276044557421 0.235894587610608 0.267654627561683
-0.0128695310382261 -0.198392909370357 0.201054002005909 -0.127620560306363
-0.00629012891797204 -0.0607871794489232 -0.00200036354021124 -0.180883467619265
0.0617827696062834 -0.0917722400593883 -0.101085802877218 -0.100096619431819
0.0728988382798567 -0.152538148644354 -0.103121697833096 -0.0241670160968617
0.0820364895961399 -0.133279043763076 -0.105457525957351 0.00261087904311676
0.0533813019774716 -0.114236827186818 -0.140097920472861 -0.0145201081988976
0.106076219166712 -0.167560799117037 -0.137768468188588 -0.0945025030330317
0.248133224735874 -0.0443848394017695 -0.0903773633047428 -0.176466202562946
0.226425583636322 0.0768305281450148 0.0924419011090444 -0.327491346595076
0.261862068645383 0.200095043100205 0.468395728937782 0.0455520241929966
0.273914899624401 0.515624566369522 -0.0336047246551551 0.218842393264019
0.133988644408144 0.606715999600233 -0.0352730439010297 -0.430138598849743
0.339224170987811 0.283223210800128 -0.204078581140874 -0.303829622468074
0.206536762412114 -0.0108019493646172 -0.406394113247886 0.0323115703166156
0.136422052092257 -0.096445754669255 0.0655771410136837 0.270057546819913
-0.0222390259347126 -0.0621512427241789 0.179602850987 -0.0333113037896327
0.0579304803341247 0.0221827833473832 0.0488029265197072 -0.146321821396383
0.123606002526802 -0.0616380858239742 -0.0368545731248519 -0.124822395723503
0.0988551831699625 -0.12906961319231 -0.0631706717270445 -0.0813075893288074
0.0848150953890525 -0.106403215367876 -0.0868437744811376 -0.0456657270829881
0.0438376431634425 -0.0778762762088006 -0.135051860287334 -0.066883316475379
0.0542124343676703 -0.0989872308046292 -0.079741465739759 -0.14253440173159
0.0925543540828872 -0.0657773376486545 -0.0538983213689414 -0.0862767554249819
0.19685078677794 -0.0627980469099973 -0.014869969432144 -0.309214936644779
0.277336418429007 0.0727831620648185 0.35735818845816 -0.00400647558743325
0.348884254671699 0.448044586894994 -0.130391845332536 0.0177323976692074
0.137859320925452 0.451050127824334 0.040411131140041 -0.572772101184348
0.24247103470487 0.111820968337113 -0.0582008070877435 -0.442893991329619
0.0738203942460862 -0.0272667990658195 -0.429600641985137 -0.178272048959073
0.0236500915910795 -0.0512716952408982 -0.092350049922549 0.226909783170004
-0.0312294781228236 0.0549859250637456 0.136971405376428 0.0675506535823244
0.0922852168318424 0.074021459315835 0.110743649458897 -0.0866533326976913
0.142274877862293 -0.0291381926454239 0.0441774762502128 -0.137029815096308
0.109007020759355 -0.0870949415949794 -0.0132735123643142 -0.125088293170186
0.0967566466573056 -0.0601383964370478 -0.0712437709580292 -0.0747643855189478
0.0631913071556936 -0.0079388457607705 -0.143731188692038 -0.102466049671374
0.0044079064037603 0.0194707985482462 -0.0428865117949988 -0.180082709916045
-0.062084422822429 -0.0543345070457891 -0.0291616021015067 -0.0332969429773531
0.104042745576374 -0.134864156990179 -0.0448357080868893 -0.267135356526487
0.245782542724894 -0.06012158101371 0.200931613737275 0.0033349698775874
0.332133784521059 0.349298658179511 -0.235355143445768 -0.152312255810077
-0.209433926513798 -0.253820316157051 0.279801563434633 0.279916654689554
-0.212637753416008 0.112234634673072 -0.0738016236884368 0.0057079080587781
0.0148611649188873 0.160010645978627 0.0327228452481084 0.221483739224416
0.15910799061639 0.00433943096676902 0.0592899225412765 0.0072658331213545
0.0168357784721424 -0.161354848412913 0.0216813810527837 0.146999063810564
-0.0969801932934899 -0.0806934523847745 0.128877795379559 0.104103128060134
-0.128374783821904 -0.000971091830080812 0.0456981347904621 0.0736667300709772
-0.119837754088818 0.0293345061457745 -0.0357864087835685 0.151620444233415
-0.118162826581043 -0.00413656681734218 -0.112930220754263 0.14761907415841
-0.0915870714759289 -0.0883606306931897 -0.180360171015308 0.0471795300612255
0.0365066442102874 -0.113626045558306 -0.117592799160582 -0.133147372415602
0.106742016744696 0.0364300912294569 0.184351910652285 -0.215685667250772
-0.0174659173178109 0.0669293531462994 0.454543856544397 0.229082685709568
-0.111796735329412 0.083220658612164 0.0196951122700433 0.564571732529094
-0.154800993238318 -0.184801852761554 -0.0900137219466097 0.6826513100574
-0.0316520794885572 -0.0852109173859502 0.270344426753806 0.324459568404415
-0.122960115846005 0.0703808028428562 -0.0473142768466225 0.0595114750181578
0.0867307716765024 0.1791714820072 0.0557866949780087 0.248401516075234
0.240439795570977 -0.0647221851916468 0.140179530002831 -0.00698657441194608
0.0214611166491359 -0.278846865235111 0.0281260693455985 0.0743394135227577
-0.136170395771878 -0.155910715190343 0.0972042510137707 0.0643079940112437
-0.143831901031949 -0.0516894644783528 0.00293750385470861 0.059950061748718
-0.0953157780689754 -0.0316811784821902 -0.0806215358383253 0.151300644488773
-0.0638229183041643 -0.0403648825093489 -0.158319161631467 0.144351577979046
-0.0491595697954579 -0.0844856943538844 -0.217895908063562 0.0274553203184128
0.0493926209887546 -0.135469616342383 -0.134521597063524 -0.159260071275839
0.203005345647424 0.0399063493981931 0.189424183513323 -0.229149812121766
-0.0131161998102113 0.149451243512107 0.42662460818101 0.177099345092757
-0.00912359285318739 0.175648411072132 0.111888894737284 0.583397502208075
-0.146617502839939 0.081323288561461 -0.103041442737648 0.719702682826587
0.151400361882945 0.135965058946813 0.187670079544905 0.284123865313448
0.0805261220526269 0.00693639227342731 -0.129842574359651 0.090313523738411
0.110133787815297 0.117032156922071 0.0390716651377537 0.337051738538839
0.281962632143046 -0.120971993341595 0.260543984931736 0.0153166690740102
0.0150899285838183 -0.347924405182513 0.0587476954836734 -0.0388867136475739
-0.15415874477104 -0.19917518711612 0.042910314424718 -0.00928503458348482
-0.134873793718525 -0.091390447677845 -0.0537509056575221 0.0269697778956339
-0.0576887328421873 -0.0889831850799678 -0.112251761015777 0.130728046132404
-0.00240946197792659 -0.0778112752077804 -0.171449524001129 0.129067835109988
0.00630117260612738 -0.0823128820179978 -0.224455965729763 0.0314268007379878
0.0788094708295767 -0.136061436551549 -0.173238803273919 -0.142736960725776
0.279754969011318 0.0365555848856745 0.121774828838266 -0.280935421257706
0.0272623458881843 0.25002174150635 0.406368973190578 0.0477207130311936
0.0427522119097652 0.229257228704627 0.268471231034623 0.499235896067662
-0.0900462601749101 0.30146004391932 -0.0597112215203184 0.688250609974928
0.254820158017112 0.372361281110262 0.0658898161885791 0.157159046665047
0.300014418844508 0.0552573076805616 -0.247683366988474 0.0591159226171186
0.179053018625768 0.0211346722805135 -0.0589975075179047 0.405054839926583
0.287937699341838 -0.169162858713457 0.344466605066542 0.0944202999138041
0.00332110709541701 -0.355801620967638 0.116326630133251 -0.134720962652399
-0.133002101176132 -0.195513293450439 -0.00536397952841154 -0.0961386113133181
-0.0899194853228291 -0.110765511873284 -0.104844726311033 -0.0167863379941671
-0.0119532333045493 -0.132688853074596 -0.129378767580901 0.0907599073298571
0.0466281215147395 -0.113554421266784 -0.155958792066404 0.100116410533418
0.0483007636640056 -0.0956537187104667 -0.200948631580259 0.0393324539362139
0.115684997607861 -0.150994614983783 -0.199282131626366 -0.104069612595422
0.332555760945057 0.0229780233549274 0.00906522541605842 -0.309117717242802
0.110817781985212 0.288218769889881 0.357586328236746 -0.128970574348745
0.100089485337234 0.270775904563942 0.416855595914919 0.349503582156094
0.0136170200287609 0.451779318396829 -0.00700228367099085 0.584399036125161
0.249809104846486 0.555433953098996 -0.0360625639931224 -0.0300301350249332
0.404176248321123 0.195066460398742 -0.329315746121306 -0.0294773889935614
0.26908448247714 -0.00885869213367438 -0.194411550946923 0.384558934629921
0.280002947469586 -0.191841293099873 0.339285653166505 0.19234585149179
-0.00709595863886065 -0.304808650471116 0.174586043648216 -0.16881215468897
-0.0785822564329194 -0.143536318934065 -0.0228020116317008 -0.162744572543236
-0.0159974604055738 -0.11069742798005 -0.125634757255905 -0.0616852669924151
0.0328870261331852 -0.154266077497186 -0.126902046467948 0.0363137183015893
0.0740866382956652 -0.135578853942839 -0.130708149168993 0.0560150887501766
0.0622460498987282 -0.11442963399339 -0.164940912013366 0.0258697164566142
0.130056921746489 -0.174234783232045 -0.186160241437684 -0.0771585466619006
0.334137368145366 -0.0086500324697041 -0.0786809259618115 -0.26726069106682
0.192572171750851 0.222852867053509 0.242650239033021 -0.274374480381876
0.188273465931167 0.269536107815334 0.494164582065332 0.177838970525083
0.147023475807486 0.521112982786374 0.00905952901878747 0.421383328897384
0.183425528186119 0.643656984611508 -0.0735813765552863 -0.239151132753656
0.394155938100263 0.307195863741042 -0.318682800804097 -0.158901630034052
0.292227400541854 0.00173397649123925 -0.336382248365146 0.254288282039839
0.234647740870534 -0.160045788162004 0.236697762373127 0.266047682459653
-0.0141488798743102 -0.198585680507816 0.200778552964393 -0.127160310554262
-0.0061338895576017 -0.0599696136417413 -0.00323621104710855 -0.18015415283218
0.062735361680815 -0.0914198616532338 -0.101451709470287 -0.0993015239712036
0.0715021774194275 -0.152349937837654 -0.102982933889199 -0.0238071151249902
0.0812896947837302 -0.13368027175394 -0.105201456101909 0.00284165941265198
0.0517848531705214 -0.115633186493221 -0.139689786815311 -0.0146111542691122
0.103452122697418 -0.168281858016527 -0.136342425459412 -0.0934132802689367
0.2477339859332 -0.046132417522239 -0.0914170313412962 -0.174946540175128
0.226950917220473 0.0783983769038078 0.0875007018704307 -0.327533612074311
0.2621495888147 0.200151612838752 0.466645800767738 0.0435916671817364
0.274407892912731 0.513274044288854 -0.0332448514235549 0.219093432779043
0.132885863534662 0.611205475410872 -0.0378566138972779 -0.428938664678554
0.33963590001912 0.281767929059498 -0.204430416013616 -0.302147830537651
0.205723638667443 -0.0107960812862486 -0.405504682611553 0.0335087984514484
0.136425034774729 -0.0972320498485049 0.0669203518269852 0.26930380030389
-0.0225279911058199 -0.061190848683615 0.178745601327207 -0.0338773051247555
0.0575837230747115 0.0218334733741256 0.0473493053014079 -0.146548496932262
0.122560897882466 -0.0623492216464652 -0.0380480363047708 -0.125129798229046
0.0973515714334667 -0.129850484638613 -0.063055127523072 -0.0813783477302453
0.0837651204858506 -0.106715110178658 -0.087208824564448 -0.0447011899820186
0.0425587901900109 -0.0787714003612185 -0.133832148568151 -0.0661145185884404
0.0534384877055806 -0.100142428506414 -0.0801393996015525 -0.141839658277221
0.0919839478961114 -0.0659796941200481 -0.0543453806290834 -0.0857671385606911
0.196163245785532 -0.0633971236143679 -0.016287012562639 -0.308531577210823
0.277348285761582 0.0724906333004145 0.357213326065917 -0.00508770544444126
0.348973781132339 0.446753463306839 -0.129643421118187 0.0187394326806576
0.135939376883243 0.450986474374587 0.0400997191023993 -0.574322641724761
0.241321024911745 0.11260466699102 -0.0574844786676896 -0.443512581290211
0.0740639164950833 -0.0272043058486341 -0.42755524813365 -0.170868144049224
0.0232800724662925 -0.0511760811455435 -0.0915346738777391 0.225474261864298
-0.0308870644154928 0.0552761565845334 0.136900721456027 0.0668767920318213
0.0917222313744255 0.0718137372322286 0.109523987872936 -0.0878031759016102
0.14436681890578 -0.0291817076044048 0.043003331824856 -0.137156014902345
0.107400781273223 -0.0864296029692248 -0.0147007986966221 -0.125622020699092
0.0969507987697442 -0.0607086193014391 -0.0707346025940915 -0.0748318173139643
0.0627301248520248 -0.00818701202091807 -0.143804009282157 -0.101224375420993
0.00475264322579962 0.0196923133381225 -0.044828823736301 -0.178482060471577
-0.0613114883221301 -0.0541108788255492 -0.0296740452227857 -0.0333888496340497
0.103401456588802 -0.135494344742902 -0.0435918886328792 -0.26793829479582
0.244796951279713 -0.0606555795256714 0.201555157854545 0.00222873372075408
0.331136573920296 0.346836947148165 -0.236335877044359 -0.152172568138729
-0.20880967963281 -0.253060883851552 0.2797991251841 0.278775203344696
-0.213029383014593 0.112050116063201 -0.0741727242729355 0.00615205657306832
0.0155352165819007 0.159517914858079 0.0339911324508269 0.221665330619849
0.159164091021844 0.0037016384417253 0.0595689909030684 0.00648405891594836
0.0152273226687791 -0.160726777147491 0.0216134890582662 0.145655921591299
-0.0965901325036403 -0.0806816916506652 0.128681551975365 0.101841353143685
-0.128009795407689 -0.000848955001148883 0.0457369085291988 0.0738992517203834
-0.119790073758987 0.0291762118241228 -0.0354653890656049 0.151559380611131
-0.117864090776504 -0.00379929125668762 -0.11251504500439 0.147523374308648
-0.0905823656366423 -0.0877743942737341 -0.179246653134075 0.0467237610463698
0.0357425129584683 -0.114094440504458 -0.117672927664212 -0.132937678443863
0.105574668089521 0.0361788525455045 0.18329860013 -0.214740390597903
-0.0176577313276245 0.0666274474608975 0.453487367596436 0.228207284027984
-0.112239346856344 0.0820625461941038 0.0219335005091098 0.564358326524011
-0.155285610909304 -0.18468664193925 -0.0892131277546677 0.680201364924955
-0.0311875214339721 -0.0845251632877077 0.271565043908034 0.321663126335786
-0.122305519283926 0.0709587421964215 -0.0483435056974231 0.0599341745093997
0.0875627900449577 0.179139757302043 0.0574272808233903 0.246195767150324
0.239417277530814 -0.0664838809503222 0.140582161288701 -0.00744190132976778
0.0203304349570066 -0.277699999937976 0.0276356748721894 0.0740452428570321
-0.137444242700176 -0.156299321779203 0.0971533022753949 0.0634913728492572
-0.143790864352743 -0.0511008955819991 0.0036041308113587 0.0595830756916112
-0.0955223149070498 -0.0315492875869309 -0.0788968566244206 0.152125036448311
-0.0639527902093762 -0.0400684420611944 -0.157736273467787 0.144288767158798
-0.0486466186633598 -0.0844682575596575 -0.218387351001532 0.0288045431690318
0.0491472014753954 -0.135591116378608 -0.134838635347401 -0.158356963878345
0.203786764946992 0.0392276399389173 0.188204128404409 -0.230359218678731
-0.0134287326414253 0.149553979491262 0.427215526344084 0.176867358185814
-0.00852050261050915 0.1755223856263 0.114303415526312 0.58207430280072
-0.145683331034175 0.0801839617178634 -0.101270250729702 0.719011708101281
0.151717054274708 0.133364317940809 0.188127310069523 0.282127132773509
0.0811752313003361 0.00601199231351194 -0.129683621164588 0.0904877531381566
0.110994130688241 0.116834815847719 0.0393297347154654 0.337272527975686
0.280380656696964 -0.12230156174834 0.261175079571214 0.0144048803945627
0.013563769746128 -0.348477125578152 0.0582345700702896 -0.0396169690296659
-0.155468695065104 -0.198709926979252 0.0426077733972361 -0.00925232324895409
-0.135427927576702 -0.0908939685542368 -0.0540382350591992 0.0276643139418977
-0.0578739443176712 -0.0894025107561198 -0.111717135681958 0.131997196012147
-0.00259078976997808 -0.0786188303276684 -0.170425022497088 0.129735469999584
0.00629787647080976 -0.0827133012360121 -0.223214640420429 0.0329310041283583
0.0786544688080093 -0.137063695661311 -0.172699455835696 -0.141274204211854
0.279804212109274 0.0359395581204966 0.1195089636822 -0.281092820499788
0.0282432360342043 0.249906610057216 0.405730222399988 0.045742484713283
0.0438328695616189 0.228807294535931 0.269783852191148 0.497974527641118
-0.089538653973788 0.300693014473066 -0.0590352164092238 0.686418901720846
0.255026574049845 0.368242033615495 0.0664289676761255 0.156585897105618
0.300205177243895 0.0541104743799523 -0.246966079589736 0.0602031695059517
0.178822398375856 0.0197555820306615 -0.0555144848598628 0.403735698552359
0.284804664425499 -0.171676165298991 0.343924948481403 0.0918465147997664
0.00061351663705779 -0.355550372555408 0.115679488464492 -0.136500353947899
-0.135199662936298 -0.195368246840407 -0.00601639053621729 -0.0962850858664586
-0.0903010773718391 -0.110610607881052 -0.104822897263687 -0.0152967942642417
-0.0129830178320736 -0.132758452440787 -0.129174167692145 0.0907975285093348
0.0466001898684676 -0.113971075975525 -0.156535664838315 0.100313308717045
0.0497484118025864 -0.095270128857427 -0.20104811945232 0.0397744212449636
0.115833218918008 -0.152038759413896 -0.199112421620768 -0.102865758277259
0.333289740774341 0.0214479953074697 0.00824569446021282 -0.308756040057219
0.111684815346438 0.288204312164678 0.35802057746142 -0.128954596250352
0.101609162147671 0.270321975405697 0.416951841655734 0.34772717236564
0.0144865895992449 0.451443115702001 -0.00711454388849847 0.586102343927441
0.250387100029806 0.559814163163753 -0.0362038507308181 -0.03016730432347
0.40510564017706 0.19368196793191 -0.328415389516798 -0.0271802403694589
0.269065484444359 -0.0102334457301811 -0.192286071737084 0.384971898530767
0.27814594079257 -0.192988732399991 0.340882637688318 0.19061876179098
-0.00937234560465647 -0.303983091122557 0.172665290955763 -0.169932096271589
-0.0794367425139149 -0.143579860393539 -0.0245634330986432 -0.162501187897069
-0.0172235329057036 -0.111051649117742 -0.126260442630885 -0.0612874217803298
0.0319911600553298 -0.15517475841206 -0.125675408258049 0.0378033441630169
0.0738820321727169 -0.136063027478748 -0.130153209943639 0.0560487023542891
0.0613177896107013 -0.115328205929346 -0.164510078131193 0.0258201801344877
0.128101939651876 -0.174789054696899 -0.185240205853018 -0.0759240838536806
0.332834623159419 -0.00905835195354729 -0.0801090490827647 -0.266986559408581
0.194143814156381 0.22142134834029 0.240160091921342 -0.276183160347959
0.187818387898272 0.269119039552629 0.493787088679156 0.176088043453496
0.147540035736799 0.521160136743391 0.0100123301079361 0.420978825292911
0.180566998945988 0.647953838778421 -0.0747539476228591 -0.239834328420864
0.395001433797446 0.306578932851058 -0.31942137260706 -0.15642977869536
0.292919926630243 0.00153597849891196 -0.330368701885954 0.254477970397906
0.231330188835251 -0.162739489933288 0.237643781334882 0.263868563126551
-0.0143132708100741 -0.197476148403472 0.199759582011012 -0.129023132339017
-0.00762092822297168 -0.0608927569644971 -0.00499939441847999 -0.179540427909482
0.0650180782576305 -0.0934004518022673 -0.101503055653829 -0.0991670658530532
0.0699352880550968 -0.152262950138933 -0.103385983602695 -0.0234219891597313
0.0814913911796963 -0.134890026089159 -0.105418930561516 0.00244141423086854
0.0492187454323629 -0.114898477060118 -0.137659754557046 -0.0135671478994992
0.102385957723765 -0.168829016131245 -0.136545766150413 -0.091422801132617
0.248006246319741 -0.0471059263782872 -0.0929669464573425 -0.174326382391712
0.227257604858248 0.0766679832703289 0.0890214457361021 -0.327596719515857
0.263347932265898 0.1991107087999 0.466211275189821 0.0424425606440607
0.275331009085315 0.512589318002225 -0.0347744597832263 0.219898995240059
0.13034208171471 0.61393385456781 -0.0388176729462685 -0.427575784124551
0.339958765844726 0.281824159584158 -0.20471455986471 -0.301687067097231
0.205439404285268 -0.0116116288803071 -0.404467097048079 0.0350103578419832
0.135047857450506 -0.0975257940751859 0.0673092480548814 0.268123435400198
-0.0228251103560958 -0.0612497333168438 0.178458056519063 -0.0361275018476662
0.0580459470718547 0.0212124870690467 0.0455508401808684 -0.146039542875337
0.12210306059828 -0.0635603274132844 -0.0384970005817852 -0.124487854159686
0.0958515365335636 -0.129266165557608 -0.0638655221658698 -0.0813502816374246
0.0834313459867705 -0.10673069488052 -0.0868096772343997 -0.0456745103091135
0.0428969306460014 -0.0778733666696266 -0.134553285398281 -0.0647093378021034
0.0527788650614689 -0.100721313669138 -0.0812445852353475 -0.14005196243828
0.0928423124793611 -0.0672077340687134 -0.0558446394856315 -0.0854202993939316
0.196750042565256 -0.0639353450353994 -0.017794625756291 -0.308592341088785
0.277662193708805 0.0718827394648097 0.355723035313995 -0.00675202958796028
0.348832549349771 0.444491000076395 -0.130750303781905 0.0190799169431138
0.135517323901556 0.4530439677547 0.0394065197654702 -0.575495563104576
0.241529567913235 0.111134262896705 -0.0586518268877885 -0.442794375994216
0.0745553905022724 -0.0279721996117566 -0.421741384440257 -0.161936229731963
0.0224737215926955 -0.05239059940441 -0.0902256676379531 0.224425288036137
-0.0304151175931908 0.0549975600151232 0.13669163416811 0.0657264225450019
0.092768930772434 0.0721603486424712 0.108155045576231 -0.0879235790163734
0.145660069129671 -0.0296399640805346 0.0432916666714752 -0.137583627643259
0.107477503480412 -0.0878794813800833 -0.015203738121566 -0.126126605340417
0.0965354540147514 -0.0618480024818147 -0.0711666766182718 -0.0744733735183754
0.0617215681941127 -0.00802331803369454 -0.143432412182234 -0.0991234119192794
0.00460126014455402 0.0192494412981297 -0.0457205421238392 -0.176244591181449
-0.0619110413930601 -0.0549703625145692 -0.0306070847880598 -0.0332968907350613
0.102432294055918 -0.135164948067521 -0.043736595987556 -0.269214260778871
0.243630228967139 -0.0624601369573687 0.201337020844388 0.00239174003400798
0.332528410288311 0.343943320883399 -0.236749736072113 -0.15017694701334
-0.210309485264309 -0.251103164917722 0.280819802635677 0.276453093519236
-0.210993461336124 0.112347821060053 -0.0740510385291806 0.00635037647068491
0.0163376096282036 0.159394355862734 0.0345924971053877 0.221163720807347
0.158124775856785 0.0023075371364225 0.0600748817216558 0.00630591505995021
0.0149707445350418 -0.160651071868523 0.0220530723194364 0.145057972025195
-0.0974627836427187 -0.0797784671296834 0.129228149634701 0.101601773423203
-0.12845203598609 8.15312076115886E-05 0.0462050464957348 0.0741421216297085
-0.119402514260324 0.0302722561722669 -0.0339282493546396 0.153049853806085
-0.118350983532198 -0.00398830547345131 -0.111750995371064 0.148573198652751
-0.090738886036573 -0.0877263245838701 -0.179198849463979 0.04820331905515
0.0358043408898832 -0.114750857105498 -0.118091762770874 -0.131201220293053
0.106834755742407 0.0361332840035454 0.181710513232241 -0.214796229266551
-0.0178795925975113 0.0671850022158137 0.452133896970464 0.226495810971907
-0.111457003618063 0.0825658203334489 0.024653203652886 0.563941520398958
-0.155126184779764 -0.18337097546486 -0.0865649972805089 0.681335416140159
-0.0314307510086056 -0.0843479483357177 0.272701337264443 0.321222931600255
-0.120415319736819 0.0714184451521502 -0.0476080272391111 0.0604262363275731
0.088671971540775 0.178300556592558 0.0597643933868546 0.245378475333788
0.238578704469364 -0.0685854703165196 0.141539733449981 -0.00846992448615428
0.0190397948428684 -0.27908015712609 0.0283933426555474 0.0725608578157737
-0.137105357424585 -0.155275255629648 0.0968282019942451 0.0632351936711776
-0.144578379177908 -0.051188873188366 0.00335833777028887 0.0599163016971872
-0.0962459533029166 -0.0311023012288318 -0.0789220927297284 0.153517201218348
-0.0643065835653855 -0.0403451832633502 -0.156648553920588 0.145163167696768
-0.0498024865615961 -0.0843977923543305 -0.217499362616913 0.0298065644737228
0.0483388975811162 -0.135278451638952 -0.135419303949302 -0.157270973351362
0.20450839492576 0.038830961347439 0.186100985977061 -0.229913285665518
-0.012507788374626 0.150414207900982 0.428091287783687 0.174849326831183
-0.00873264423055819 0.17468866762559 0.115392472870244 0.581222199997784
-0.144570798288099 0.0810611502206377 -0.100698202806231 0.717950264452981
0.152780743384227 0.132962586477898 0.188913372667168 0.281168236930954
0.0811880175230782 0.00609212975261711 -0.12994765895172 0.0906876249785597
0.111394103187263 0.115697433000641 0.040334064040073 0.337671022244507
0.279474205773093 -0.124021845142864 0.262708243015349 0.0127968082891585
0.0103967614930784 -0.34693002136312 0.058064625284895 -0.0399962739865538
-0.155814535941282 -0.198249954886618 0.0423143026938696 -0.0101789190167097
-0.135625538592465 -0.0897048192724416 -0.0537524596631406 0.0284389362094979
-0.0589038320898395 -0.0894972520681307 -0.11120253434003 0.131553672313575
-0.00287882487077409 -0.0789485661734928 -0.168888370268513 0.130779641562117
0.00555721891699773 -0.08334435533775 -0.221915537666205 0.0345091101299636
0.0783526920909781 -0.137227662042435 -0.173175346740752 -0.139770664501608
0.280680624977774 0.03361338824331 0.118026626542577 -0.280662804203817
0.0297183005530053 0.250719784709531 0.404915606171676 0.0441995895407206
0.0435808210351041 0.228489499661716 0.271296677653271 0.497186081889409
-0.0889716468136079 0.30161757757843 -0.0576591892301659 0.687877692376935
0.257374837140514 0.365840508370158 0.0659583590343448 0.155866337890099
0.29927200832271 0.0520825028313357 -0.246049180300234 0.0598877371215721
0.179512861171883 0.0193154827551669 -0.0490613270113154 0.401729852932652
0.283092430480318 -0.17354718373608 0.345102487529359 0.0867960449877769
-0.00157958422749348 -0.355868186876851 0.114854985703092 -0.137165302290214
-0.136181243489915 -0.194287086986718 -0.00622834583326742 -0.0959208037346886
-0.0901710944828866 -0.11154827804942 -0.104759428389921 -0.0149294815085131
-0.0138676016655299 -0.133151824818859 -0.128716801284846 0.0920765195446394
0.046068757763529 -0.114990784441091 -0.15570959313859 0.100246046010501
0.0487600320700009 -0.0965185268729632 -0.199828085733786 0.0396536211684098
0.114606066735852 -0.152217041574563 -0.19890688792306 -0.10088758985091
0.331702369908596 0.0189502531922178 0.00599951728764118 -0.307905835091668
0.114389101220569 0.285837849065575 0.35806456258273 -0.131527627904442
0.101521193239981 0.269527009434504 0.417217911361498 0.345857722407375
0.0166570857318364 0.450758771440283 -0.00597907030753424 0.584343881294465
0.25131631089405 0.558489808866091 -0.0365779078848156 -0.0295280078252508
0.403449383756072 0.190945952795135 -0.328136906370177 -0.0265199318048723
0.269199781740316 -0.0106676451134597 -0.190232918194552 0.386317024911602
0.277796231077844 -0.194824098102241 0.339897884718809 0.187459578862384
-0.0107155516783658 -0.304233667057541 0.171492373233854 -0.170826194800267
-0.0804472870990656 -0.143576316154664 -0.0247233592583177 -0.162284336052053
-0.0171144326496394 -0.111718627071732 -0.126186367766888 -0.0604767407786099
0.0305702533700102 -0.155104514179547 -0.125810670728541 0.0376582944237254
0.0720744075615566 -0.13749799347596 -0.12956023830538 0.0569198545525064
0.060394225982761 -0.115578585252778 -0.163988984849103 0.0271709123591591
0.127324774545368 -0.17542436624705 -0.185144667752488 -0.0747547376711806
0.332467078649267 -0.0124843511437554 -0.0817120518887753 -0.266159865456115
0.196044626025576 0.22090024665673 0.23884477764583 -0.276983744825277
0.18718336080362 0.268176073704432 0.494648275986145 0.173759007406849
0.148191075062108 0.521313662367827 0.0109932170583947 0.421022591580096
0.186520359734252 0.643483301340845 -0.0753071059007648 -0.238507053860488
0.395006820135635 0.30540012311404 -0.317984231547879 -0.154307214838359
0.292188029347752 0.00113698683941746 -0.318932879957285 0.256072304347866
0.231953524623535 -0.163643944514449 0.237728195805417 0.25966586420967
-0.0152303545044414 -0.198070528471851 0.198014400059932 -0.130429747304543
-0.00695938919737889 -0.0604906884225944 -0.00574854504131614 -0.180277157704493
0.0625570676381553 -0.0938237130296928 -0.10251776036595 -0.0983764624709602
0.0687728041466765 -0.153473775370181 -0.103073118341412 -0.0236395417954832
0.0798643920038695 -0.135263180700684 -0.104705622558884 0.00357754101762425
0.0486680556178902 -0.114987198079749 -0.1377864651085 -0.0131580334071661
0.102656326343212 -0.168455084615173 -0.136273245192851 -0.0902290027344532
0.247142468826635 -0.048659756908578 -0.0935005899262729 -0.174344689325581
0.228753035462532 0.0734630874842655 0.0894238290666976 -0.32904399141107
0.262997042312061 0.198921038332526 0.467957007852416 0.042749457431257
0.276439661715063 0.510049581667988 -0.0340303247458177 0.219888581224158
0.134433135198079 0.607845403223069 -0.0396306347009094 -0.426356424110048
0.339393028796825 0.27970128942428 -0.205410573062554 -0.300225237346788
0.206813949911046 -0.0122342640985719 -0.404250747413848 0.0367905092395822
0.13457171782608 -0.0993790648484984 0.0677203744684806 0.267082296070306
-0.0229373637700862 -0.0616640852946552 0.177827493889713 -0.0369126254526433
0.0578035468828972 0.0210790331449809 0.0452275160145531 -0.146015895796444
0.122850106591164 -0.0638073878965902 -0.0396951767570761 -0.124314907806127
0.0957178745284687 -0.130188604852225 -0.0635467441977534 -0.0809100867473831
0.083135671116721 -0.10797599124074 -0.0867597937465769 -0.0458261033478058
0.0421532156669011 -0.0778079180802995 -0.133968877993483 -0.0650983075881236
0.0520526441613192 -0.100610330823924 -0.0822445667305841 -0.139077442340222
0.0915153468273839 -0.0674731005138078 -0.0563866281285837 -0.0849055008968896
0.196284530596889 -0.0651507729358316 -0.0194243056650299 -0.310296265398455
0.277480979813032 0.0721898499929791 0.35554493965633 -0.00739369909091831
0.349677917265466 0.444351666125488 -0.130951281434591 0.0189344966422946
0.137940111865631 0.449582435163694 0.0358658459761297 -0.571722300617364
0.242849716165973 0.110509364915947 -0.0607436778723945 -0.440797100485175
0.0745514753176929 -0.0276210686928037 -0.423740008781751 -0.166107001028242
0.0229512767008699 -0.0517314932946256 -0.0894141373458499 0.224738069108392
-0.0311872126644742 0.0550777207602452 0.136907220655571 0.0639581931693942
0.0925925321821503 0.0717396949827499 0.108286086342714 -0.0884509457604449
0.143036866047315 -0.0316978766719854 0.042124006002412 -0.13783967668681
0.10709929356003 -0.0869488082291167 -0.0158302326158756 -0.126303992128376
0.0957972521533877 -0.0618911556354968 -0.0714527890725527 -0.0740817688273962
0.0616759496178429 -0.00837585673686373 -0.143490709159918 -0.0989690047223361
0.004475178603351 0.0197227583256152 -0.0468782939109072 -0.176501755364834
-0.0627000237487967 -0.0548028482639649 -0.0311376323122504 -0.0335416527035693
0.101540761945868 -0.135481479706711 -0.0463286934028073 -0.268690033383859
0.242791465946566 -0.0621482210816476 0.201841100702341 0.00201775480272394
0.332571013384477 0.343898699757296 -0.236589869448805 -0.148781377807945
-0.210715045477471 -0.250807473663822 0.282574518602739 0.27539161870029
-0.210559901938964 0.113048915140182 -0.0745410545998021 0.00683240329579524
0.0174240366421221 0.158702685229625 0.0347765449863043 0.222998987008396
0.158725722388671 0.00138842177426105 0.0609751970467491 0.00551140423869529
0.0136970703963643 -0.160401457536747 0.0238462873299137 0.145563467331579
-0.0973833362531298 -0.0799333451727567 0.130159982523835 0.100716496755327
-0.128831392679427 0.00103338353715205 0.0467391933564494 0.0741032533683589
-0.119257863355841 0.0313052429364103 -0.0332271398259125 0.153709064442156
-0.117297526293192 -0.00321854128627683 -0.110804777286935 0.14932545778601
-0.091318600418393 -0.0871009148915627 -0.177495212852969 0.0495875103168271
0.0357650198005721 -0.115047112182281 -0.118461173012574 -0.13091478739453
0.107134721649505 0.0351834516473363 0.18056907799549 -0.215284380297629
-0.0173497303350903 0.0668626026510065 0.454814402213683 0.225882822893427
-0.111444755453272 0.0829607709298563 0.0249208841316862 0.563501142988063
-0.155858415669475 -0.18388214563116 -0.0833432975640112 0.679019425576422
-0.0314725236932923 -0.0845749780126976 0.273453967263588 0.319860086833173
-0.120243299718199 0.0715212215517299 -0.047261595958332 0.0602715526740356
0.0895872254660603 0.177629922501694 0.0590977953005659 0.247906270220877
0.238416466937483 -0.0699025214514741 0.14206931185045 -0.0092219903396185
0.0164304000012377 -0.277368511775854 0.0289007879907543 0.071812952912532
-0.13838715461918 -0.154095578757718 0.0969827229031895 0.0628367546229901
-0.144914884406963 -0.0505065443777553 0.00371016234129595 0.0615216063042814
-0.0968308488912822 -0.030482416084927 -0.0769163056641079 0.154159730171343
-0.064286683818089 -0.0409339646515654 -0.154650478926029 0.146051585466504
-0.0501186873015225 -0.0839471188597211 -0.216058647325015 0.0314799458553259
0.0483419621377792 -0.135597483006783 -0.134784505515276 -0.155682130294926
0.204359522785257 0.0373630008573296 0.1857412616406 -0.230047155288188
-0.0114162584107867 0.149911318752581 0.427116941476087 0.173449909474948
-0.00808236763013071 0.175019406870387 0.118294743529029 0.580578250935815
-0.144902303075777 0.0801932274491763 -0.0939550252621305 0.71689045275138
0.15495975206184 0.133196711664703 0.190486074473533 0.280295037687131
0.0810102284160656 0.00514346582839698 -0.128921860070986 0.0910550090126222
0.112448046976706 0.114837880761777 0.0416098941425075 0.337114617939164
0.278372471190145 -0.126433016808507 0.262834120171809 0.0109993396451044
0.00859426394090002 -0.346931335454888 0.0575978713742113 -0.0409133016306601
-0.157299510711228 -0.197225269943671 0.0423031007702145 -0.0101295682732291
-0.135547700583317 -0.0899744347185233 -0.0540281521841741 0.0290846763590359
-0.0595570854591309 -0.0892954347188176 -0.110070985918829 0.133250415093785
-0.00391019548319863 -0.0797121895431163 -0.168241858826933 0.131316863679437
0.00554908437248963 -0.0840477063553967 -0.220722819423578 0.0342957978595869
0.0778143145954583 -0.138458549471482 -0.173420200245592 -0.138385192777492
0.280777720704469 0.0322376741114116 0.115697187439667 -0.280818264560803
0.0299156373710849 0.249948113282754 0.404615715000051 0.0429543867262837
0.044108527565473 0.227994002552699 0.273336729377035 0.495891435004494
-0.0877373566169756 0.301399647697237 -0.0555000017687204 0.687569307587346
0.258236719024742 0.367535001965239 0.0672067617674017 0.155484734830144
0.300136119797223 0.0509149065190422 -0.24636699957328 0.0613967232625337
0.179956592486694 0.018998705855862 -0.0490194046849654 0.40312920546395
0.283324823252115 -0.17398540153473 0.345811522691684 0.0860942366049995
-0.0042012806578401 -0.356030096982437 0.112522207092205 -0.138570081771804
-0.135693079605709 -0.194361598344267 -0.00729090800569893 -0.0965687768506887
-0.0910664424103318 -0.111533432510223 -0.10550771893638 -0.0134920726816584
-0.0159682423902234 -0.133420692157346 -0.128128407898957 0.0932310109513329
0.0458068246890691 -0.116121424742584 -0.155249521539257 0.101511432310019
0.0472250445880206 -0.0975420906100728 -0.198149663758809 0.0415436089755439
0.113348004821894 -0.152721687409291 -0.19890255963682 -0.0991797579350581
0.333355340574283 0.018675789285287 0.00377147425472181 -0.307655397651227
0.115784329062854 0.286081159574638 0.354180469308552 -0.133546610990592
0.102503380406279 0.268912555769761 0.420250198615658 0.344401899573274
0.0174852380228473 0.450670073489109 -0.00316438403583505 0.585821137689503
0.255032502594188 0.551560408831979 -0.0373039387622553 -0.0294727939421812
0.4034050810125 0.190841565344804 -0.328166007319905 -0.0254684997596897
0.268525848958204 -0.0117236568902052 -0.188126747810017 0.387006097912819
0.275616967023211 -0.19660036312391 0.341922842683917 0.184868135534762
-0.0119931879935941 -0.303606894362235 0.170751881269474 -0.172485924132486
-0.0809092646619562 -0.142791717670892 -0.0264331714622928 -0.161912048848233
-0.0187165822342607 -0.111072292540946 -0.126675464822097 -0.0592703214241271
0.0296191823486662 -0.156027532235793 -0.125883592142657 0.0389251239720661
0.0717314704336572 -0.137905396396074 -0.12952262288794 0.05652165225722
0.0602920737709094 -0.116229014642855 -0.162853839098772 0.0272492754255477
0.126679766592595 -0.175489066782957 -0.185404819895898 -0.0735095826433999
0.333146357113069 -0.014665953913644 -0.0840144680192559 -0.265282119018537
0.197392195404155 0.219669249805703 0.237565050904953 -0.278712641167821
0.189192706469802 0.268770622581396 0.493628784997928 0.173013460094985
0.150733608279199 0.51867625961397 0.0118556624334798 0.42072095008868
0.191584207513786 0.635396124335637 -0.0766972813316952 -0.23662433873137
0.395597273772866 0.302971883664407 -0.319604151361084 -0.154093304612432
0.292651016308734 -0.000488557467381364 -0.322678954138466 0.256266187307529
0.232858790913104 -0.164635810375893 0.239010926607809 0.258517031204899
-0.0163578273106441 -0.198365189503348 0.196527933442387 -0.131911484362075
-0.00731684032874436 -0.0614160620048357 -0.00669463364142154 -0.180270366971089
0.0586196049417245 -0.0936283905464255 -0.103345470692937 -0.0976991503943287
0.0683431753115814 -0.154643764535372 -0.103267472055158 -0.0226278250088929
0.079174990358248 -0.135885632305775 -0.105070479442469 0.00328249609512969
0.0507329975627193 -0.115240112151181 -0.137444427308274 -0.0135319768786745
0.100666948506557 -0.169327136930504 -0.137198274293158 -0.0897564154750414
0.24666946404513 -0.0510515423509312 -0.0959401226929082 -0.173094949574196
0.229921262615624 0.0730374999305089 0.0855904389678363 -0.330057935787522
0.263714875134891 0.197993757428489 0.467099742021351 0.0390830632265969
0.275563079128843 0.510206385064213 -0.0322982410626745 0.219437771192361
0.138075317041524 0.602392422703816 -0.0427647125398255 -0.425641109970756
0.34039473847386 0.278665903114817 -0.205967488137005 -0.298589624401593
0.206274643663043 -0.0120301338761646 -0.402473490539263 0.0383205073088385
0.134321929091944 -0.0995204165243759 0.0691196326394807 0.265594377523352
-0.0231931820740649 -0.063009305021514 0.177338700525971 -0.0388439541970803
0.0580449510916332 0.0204924590488306 0.0437045154021187 -0.146598599036166
0.121461863295784 -0.0649535442223277 -0.0408514068009366 -0.124116932154069
0.0945285963588268 -0.130593288991863 -0.0641601950262702 -0.0818030207287042
0.0830427155259624 -0.107809333812207 -0.0863478303634514 -0.0453369969501587
0.0416083813866555 -0.077669707685292 -0.134787378045812 -0.0640661216381129
0.0506495325830054 -0.100543103082094 -0.0824704546204296 -0.138216790773711
0.0905502585089258 -0.0693097409920169 -0.0576369289699392 -0.0842241205711291
0.196855233563376 -0.0656883632418269 -0.0209280110804845 -0.309468611226857
0.277896736169797 0.0711317389043149 0.356953225460935 -0.00866628897227527
0.351936804451027 0.441832229242927 -0.130773328349204 0.020278807075318
0.140707859461299 0.445493464492145 0.033051630350493 -0.570516238422862
0.24186505379488 0.110215359330214 -0.0617724362363423 -0.441768948707591
0.0748426773819617 -0.0274966711986197 -0.431077167220157 -0.171752340372776
0.0220732373626453 -0.0526925662767513 -0.089218356321087 0.223935992976189
-0.0296214909381057 0.0548770258419359 0.136757424431218 0.0629265040252973
0.0936972775865692 0.0711469961964599 0.106808055868112 -0.0889925701357085
0.142286488661345 -0.0317894064661672 0.040090285618627 -0.13927754214062
0.106467055149697 -0.0880565153034319 -0.0162624193865396 -0.12581870994816
0.0951574753736936 -0.0621425792792496 -0.0720519283229425 -0.0755463543237379
0.0627144840386216 -0.00818093834079484 -0.144274026528126 -0.0991756441834945
0.00389013899407798 0.0191232964739346 -0.0473719327837422 -0.176279480419725
-0.0629284886011767 -0.053875062399675 -0.0319355186096713 -0.0334893493957832
0.101712222465451 -0.13603515751774 -0.0485790561333886 -0.267582084227181
0.24309133376603 -0.0614238005338226 0.201439043014091 0.000397709736406945
0.333392544526996 0.34392772128973 -0.23822226268131 -0.147610835560946
-0.308366311331133 -0.0993398103845979 0.385003571188282 0.0842795977116898
-0.11570726693486 0.20874338054569 -0.0578285890477569 0.0471042069706381
0.102480877183698 0.125305947701456 0.149862930451286 0.169275487158002
0.13422650976708 -0.0848390244360528 0.0552990407229015 -0.0287960233332931
-0.0759617868277486 -0.141066038452048 0.0972789682761635 0.107225057607605
-0.125169440800247 -0.0133853844444745 0.163125581621587 0.013288226405169
-0.107441609090629 0.0699373842354507 0.078891628360185 0.0377756991400794
-0.0837499038420114 0.090205730311956 0.0556204871883219 0.147169053482312
-0.100944245392733 0.0612810179841783 -0.00998252323480075 0.185895350957587
-0.123719149886307 -0.0241858722953178 -0.120507432778825 0.13983975203015
-0.0314522842838766 -0.114548498550436 -0.170047500964034 -0.0431842041276922
0.109075572410012 -0.0283530019773748 0.0335036256682058 -0.278142969569955
0.0208562564645427 0.0640570456535217 0.501438462178614 -0.059020411995659
-0.0470172946859053 0.128321092516668 0.325736282396001 0.460977456688505
-0.229449564894366 -0.070087779401133 0.298888103729746 0.613685146484285
-0.0673993579452947 -0.0563529835386438 0.400237983115985 0.124739551663912
-0.0616669742931156 0.12528342580947 -0.00761783704826843 0.0771508325107071
0.173483892605721 0.100499465741074 0.18363787043978 0.177956294623532
0.162212587744024 -0.189085668681634 0.115037169944933 -0.0863331273115683
-0.137709294256093 -0.240315563686215 0.062799551218033 0.0440197396313467
-0.200263440191447 -0.0531278100053365 0.115064106590573 -0.000341789623779585
-0.149718931648444 0.0368835673951342 0.0354842642931709 0.0498416512946822
-0.0979186027350693 0.0258892787382601 0.0192706343025264 0.170960924217704
-0.076627209998844 0.000277527885978906 -0.0489629206665214 0.207601931177372
-0.0874224639759105 -0.0443413373294138 -0.162610488094019 0.145140929041676
-0.0321808458868513 -0.139290989139083 -0.197747431335331 -0.0555297745413804
0.189511218267996 -0.0804780523927182 0.0276294575630067 -0.292952069904014
0.0714558594666069 0.130114994883929 0.450244080397024 -0.0868422430374352
0.090212847510402 0.1475237767675 0.412333509396162 0.424259347740971
-0.0732688281830845 0.144728185793168 0.307627561930119 0.652808362028378
0.205640717964512 0.0255787982592834 0.308022273606266 0.135625261233713
0.071656223846049 -0.0382823390714353 -0.0613265968685102 0.145963745136767
0.159808403633403 0.0348310215571319 0.21723151742435 0.261964017851282
0.164794434755996 -0.259535018539134 0.226105350236899 -0.134461505581803
-0.18342685279343 -0.294278332690325 0.0251762500836778 -0.0663823098635989
-0.240150679594773 -0.0789647974468553 0.0298534546733091 -0.0313439513105636
-0.163009309241037 -0.000838498584307537 -0.028881132211714 0.0541594307691711
-0.0992711970988122 -0.0426903957210885 -0.0199743373733711 0.170884836887041
-0.047146002098766 -0.0660690931072868 -0.0679950162691554 0.201567240327083
-0.0408059716767564 -0.0739364684090998 -0.163470735566542 0.151185295777642
-0.00887790317468563 -0.157580329757145 -0.219861768524503 -0.0192240158408362
0.251915591610057 -0.126214793278377 -0.0569464455060714 -0.296001369258903
0.161696328145936 0.190845261179878 0.360739793191542 -0.183461713397104
0.162358479964916 0.163384828105834 0.496848436828696 0.270503105947904
0.0973954157136398 0.297300644590377 0.327558041110327 0.607343248414684
0.420724619360354 0.16721665975632 0.138914670314861 0.0948893875591219
0.279609742933392 -0.117021340825736 -0.175218204193338 0.181180734952311
0.164929268195625 -0.0828576444825781 0.173889193576926 0.371091692265941
0.144438097004415 -0.303809885800896 0.337677725380917 -0.115920096553513
-0.197808913779005 -0.293552375404147 0.018294285369813 -0.178161260835775
-0.222887290826216 -0.086765499793961 -0.0585464611973191 -0.076082123970204
-0.137636230589104 -0.0419350873166885 -0.0955288032857504 0.0459812237912274
-0.0861202520815951 -0.104523301958991 -0.0564009829503901 0.146306089676005
-0.0260518533604916 -0.122909167577581 -0.0736003619075373 0.169242512414495
-0.0127347639803921 -0.108778561872986 -0.141835809521318 0.14425523513274
0.0133126409404094 -0.18941359217167 -0.219338290635322 0.0272474175727958
0.289463893405865 -0.168873042601268 -0.16539314475805 -0.257349569067912
0.2524772333451 0.176756733758742 0.223764163200475 -0.304796539223747
0.232714182839296 0.166861788496992 0.538379221790732 0.0647203141338698
0.267395672903318 0.363709726711761 0.315669264414642 0.493733979813008
0.51455169849969 0.324185811912879 -0.0464803227944401 -0.00674094232268425
0.442617126385892 -0.0552723785307284 -0.28961872318029 0.15167012773171
0.225023970205007 -0.155200061699302 0.0479385154116368 0.425510345020603
0.123988504115801 -0.317846044087392 0.385444357336187 -0.032346245829336
-0.177103152964145 -0.247661184520852 0.0493056572462354 -0.236310334174476
-0.148404190069109 -0.0752909569183764 -0.110618319980096 -0.12166238563237
-0.0765768963725434 -0.082980142337853 -0.138073862733966 0.0193389244737976
-0.0604760241511396 -0.146729435548486 -0.0841941868386544 0.100248379144439
-0.0163146833283213 -0.15666135789411 -0.0771295092231411 0.116915934666306
-0.0133681167091122 -0.131211746411981 -0.120156869876131 0.112231187650495
0.0102620015185348 -0.216250627462824 -0.193456398437743 0.0423414115676388
0.271660384044681 -0.19582667426909 -0.216178443589604 -0.174161337159524
0.284271642314864 0.0757500439473961 0.0461174007556085 -0.361852164899499
0.30463646078927 0.117864743758863 0.50871064829646 -0.121323190480473
0.417298414445764 0.347842861979125 0.239348554516371 0.347719004268374
0.506738106276933 0.432437266187149 -0.190712511585616 -0.162074736748494
0.495362662495083 0.042630831676818 -0.350994301724616 0.0364994552910553
0.24895104002028 -0.1566987090021 -0.141372020126158 0.392710472100134
0.105958501872542 -0.264862442484751 0.33970106630568 0.0874982032776381
-0.122550589261534 -0.157600066863111 0.0935544940183233 -0.216432932109376
-0.0406449243270173 -0.0473855219838075 -0.103715394428132 -0.146572256397971
-0.000419815415677466 -0.112542390434025 -0.138907940746141 -0.0263495085427078
-0.0260346247112798 -0.166102656539108 -0.0992166500371949 0.0362311166236204
-0.00881563193493274 -0.157970370080192 -0.0858947728307738 0.0594435646064936
-0.0208827575240646 -0.124330526167735 -0.121738734689143 0.0644295885525468
-0.00883763921552024 -0.196041795954045 -0.162881990678347 0.00163261158299037
0.177617670513308 -0.177399252668046 -0.176325885770882 -0.0905474474336393
0.232800877734855 -0.0621875157226949 -0.110070174268326 -0.319857093913882
0.328326108714759 0.0193429824873976 0.413551412623581 -0.219405956284846
0.515253401234798 0.270134977995833 0.0922831300554901 0.205243313465759
0.441628518385572 0.433220125160982 -0.260552129505371 -0.339833659386407
0.433275479748421 0.0507534498940442 -0.331809556336283 -0.14597924270478
0.16853957646481 -0.119349430625998 -0.320176937752719 0.247278527608188
0.05901020149156 -0.157430516844299 0.19989119416221 0.18480267896021
-0.0534358762998943 -0.0398812059100671 0.127842704557756 -0.128609216021554
0.0595506446340071 -0.0148654157857217 -0.0428440734331087 -0.146763225337059
0.0657188158922674 -0.12147806648475 -0.101962207477604 -0.0828974540793532
0.00797423872691452 -0.161547875996151 -0.0983828555953297 -0.0336171894440715
0.00892487907550897 -0.136273973726466 -0.0973592600201065 0.00866695960054299
-0.00753003391007969 -0.0882151328340741 -0.146473921405228 0.0207061648151229
-0.0127494819471127 -0.110266375204118 -0.144400365614874 -0.0693921786634927
0.0377040454673272 -0.108175556091093 -0.0958321459818951 -0.0380821919133607
0.128706941684351 -0.162040444905635 -0.184784135237902 -0.248143658242046
0.270006729012033 -0.0943711507197317 0.294275785285606 -0.199776191275712
0.539916193200638 0.174797639659404 -0.097953402325562 0.0920197744539351
0.355814883271126 0.296829628345492 -0.273503553395168 -0.503688827582677
0.257739834632265 -0.0382167023323672 -0.286286920560918 -0.343118545329867
0.0469513048303999 -0.0608910328287669 -0.447795390794659 0.0878308746756898
-0.0096021892483538 -0.0553767019044323 0.0448482680697187 0.235571779225668
0.00490123641948378 0.0617812046599342 0.148664781700216 -0.0207224597189614
0.116901350369047 0.00765099413429912 0.0405830872562114 -0.133046007912385
0.10333206797545 -0.104953737141579 -0.0412248662369638 -0.13853184589389
0.0418878124416649 -0.131428403559112 -0.0825893611950324 -0.0977665915406532
0.0456892001043693 -0.104891545197865 -0.101649255954829 -0.0244038519225636
0.0480820726813137 -0.0402434248280018 -0.173294303160052 -0.00270065904440413
0.0143442310001277 0.0144702682268618 -0.136640404884162 -0.119821281592131
-0.0821761252590089 -0.0102784171932451 -0.0459578071862372 -0.0108177220480767
0.0101986175972676 -0.168605826562942 -0.185058597390789 -0.199956347930504
0.167774150361685 -0.186639812361978 0.170823919110028 -0.107779225691202
0.469295162339836 0.101110753947392 -0.279624276880464 0.00837546644650248
-0.310158367455009 -0.0971529899677468 0.384687441121226 0.0818994721265804
-0.114431073493 0.209273827038741 -0.0580313776567381 0.0466126405800803
0.103105446510718 0.123590637020627 0.15031079281379 0.168840707707365
0.132916272387161 -0.0854058446464175 0.0558363793036625 -0.029884473964868
-0.0766254097276595 -0.1400490892819 0.098224043644588 0.1068960647292
-0.125448052469414 -0.0129406307466644 0.163433579586312 0.0113586052859621
-0.10812439659087 0.0704758963051665 0.0790971126556477 0.037887217826455
-0.0834159253298122 0.0905607659077405 0.0575765554456562 0.147397383350095
-0.0997437074951488 0.061932489131434 -0.00912165523595001 0.186421818707278
-0.124543327125092 -0.0232867211012694 -0.119412671988087 0.14077163045218
-0.0318818649316826 -0.115118314801541 -0.170010115966471 -0.0417597531626325
0.108199791909056 -0.0295289079470833 0.032498031055884 -0.276958155315286
0.0208850761692685 0.0636972711601989 0.501328102955622 -0.0618136925250746
-0.046710399410299 0.128079840378942 0.326814225244009 0.459737870186167
-0.230060126230037 -0.0689871989021671 0.300506514196869 0.610275197494572
-0.0679175411423805 -0.0561627656681083 0.400673341423261 0.121868814127771
-0.0609661411850617 0.124582791353722 -0.00748721317896236 0.0772262768409707
0.173632771930202 0.0986548591713119 0.184961534318138 0.176414894284485
0.160235587673356 -0.190471878648676 0.115065623156464 -0.0879881759166518
-0.139585880180919 -0.23909703173371 0.0624851187079905 0.0429798672991047
-0.201370984025211 -0.0527316625668252 0.115060368029341 -0.00167197096579325
-0.149120798723585 0.0367073548003178 0.0359616340034722 0.050160004191996
-0.0980747349755512 0.0263732942701533 0.0211713598417328 0.17196430591846
-0.0762185095336761 0.000348438433956077 -0.0476294713435591 0.20810049347616
-0.0880928097090162 -0.0446052867946298 -0.161314645047057 0.146223339458166
-0.0328903395885395 -0.140261953890152 -0.197130600749674 -0.0547486139052528
0.190613948729777 -0.0820352512758953 0.0266293591912908 -0.291572490913631
0.0721526671674686 0.129905983454452 0.449815548003819 -0.0884020484225581
0.0904757416707283 0.147425165201258 0.413318561125239 0.42503890136105
-0.0718954472541747 0.144702376827729 0.31081412731101 0.652172885012283
0.205608926390428 0.0241274884656491 0.308590817798812 0.133372917199215
0.0721894374625079 -0.0383546689533608 -0.0605852025179801 0.145859041732766
0.160120435908646 0.033416854498937 0.218706114134751 0.261858949151355
0.162424565285896 -0.259649835646734 0.226108615753442 -0.136347181910429
-0.185487714707262 -0.292051110561353 0.024224059068732 -0.0668863244133825
-0.241137938885284 -0.077576837733774 0.0295546008189057 -0.0320523220902528
-0.163559258895211 -0.000111764080023533 -0.0288501506816069 0.0545103368582224
-0.0999556016086625 -0.0424381087581587 -0.0191991928150985 0.171256728727267
-0.0482294174329647 -0.0659934647170927 -0.0671775422764491 0.20264619097906
-0.0415596761860341 -0.0746980443313647 -0.162812215999993 0.152035101403831
-0.0100022407168756 -0.158292790582099 -0.219475639606818 -0.0183341736486082
0.251571610956259 -0.129097873115276 -0.0589068178237877 -0.295222525141409
0.163371879015368 0.190392332124839 0.358772361040051 -0.184668206858814
0.162947125096255 0.163059133366677 0.497548501364563 0.267082208633032
0.0979451168129211 0.29639496564046 0.329006679036957 0.604630597990276
0.421078451714978 0.161917809004742 0.138930030317964 0.0938381830845945
0.279371092783222 -0.119405363977847 -0.174976324850783 0.182701902974408
0.164606266727417 -0.0837736739731066 0.176905908722067 0.366520080769038
0.13877063552762 -0.303538725230305 0.335618202951212 -0.118753771873976
-0.199370842168587 -0.293281082398493 0.0184236327178855 -0.178154904774458
-0.222799633801886 -0.0856007074152976 -0.059461398420336 -0.0756999909167151
-0.138706972038228 -0.0417433852882929 -0.0958433879544238 0.0473818863737211
-0.0871617980399765 -0.103563054297661 -0.0547838430206799 0.147574136785668
-0.0272523568291581 -0.123996168577847 -0.0724429080810939 0.169611087698459
-0.0121181443098548 -0.109974107200287 -0.142162064095033 0.142991742078542
0.0117452808942804 -0.191163742969763 -0.219143483416565 0.0273378076266835
0.287992514982134 -0.170109488594058 -0.167089969131324 -0.256241227041855
0.254205749478825 0.175767007062166 0.22391355929491 -0.306228734354725
0.23319379951891 0.165619412868768 0.538817226740704 0.0616293631983366
0.268139808818399 0.362696302225113 0.316838688253724 0.494466557322799
0.518076973188815 0.326631157086863 -0.0469433160328757 -0.0069749664874871
0.441719232301123 -0.0590412956397446 -0.288572614715507 0.152799781533392
0.223990257787403 -0.156370985336565 0.0508531827040861 0.424910799468953
0.122732696457229 -0.31844089811972 0.38504751572308 -0.0343559415980356
-0.179016662469935 -0.246676285445365 0.0474375745518211 -0.23758003158618
-0.148685695599393 -0.0747537119357971 -0.111276041703842 -0.121127143091293
-0.0775458048078129 -0.0832857550767482 -0.138167930447108 0.0202274676787369
-0.061742464810003 -0.147317187987118 -0.0834934597947366 0.0999276660104972
-0.0169058757595208 -0.156874406002209 -0.0761286350827771 0.118319203998301
-0.0142219405498078 -0.131531084288095 -0.119830146288799 0.111470565846493
0.0084975961736093 -0.216507947007855 -0.192745322488972 0.0436258201169149
0.269372534599003 -0.196857780439495 -0.217468977449994 -0.171379331847594
0.28616696374071 0.0735655589455926 0.0448805080540771 -0.362626091146692
0.305191727229365 0.117445235385399 0.507814733135635 -0.124240457580881
0.41779833444363 0.345268229155405 0.239852188708588 0.348230221799221
0.509809644915506 0.437059083335481 -0.190889150688645 -0.162088067316865
0.493955879553874 0.0421811718669524 -0.350048410007695 0.0382925514097499
0.248855800726905 -0.159297108319892 -0.134149320777756 0.389189052592459
0.101747746679212 -0.266889626363089 0.339162112071088 0.0827767417492622
-0.123583897351499 -0.157465373593661 0.0926616554924595 -0.218640460895297
-0.0420844512618314 -0.0471259858460543 -0.105431997067302 -0.145330722220785
9.29396494052451E-05 -0.113522035902613 -0.139772265748034 -0.0265863711436282
-0.0283689079003944 -0.16576717565224 -0.0987488562668919 0.036172495935265
-0.00983159217950422 -0.1592602969756 -0.085778282891167 0.0595455105036806
-0.0235141551283243 -0.123009863143563 -0.119603752455471 0.0644312878673235
-0.00985614712437905 -0.195973161039179 -0.1618519562972 0.00320526149416027
0.176510109356499 -0.179329062653391 -0.176923977771333 -0.089135300094511
0.23202727639279 -0.0650747474064172 -0.110385129464587 -0.321592745349677
0.328034922260812 0.0178587895869312 0.413153339823837 -0.220706277846081
0.516121657687311 0.267640615617072 0.0927838299092003 0.206372031537524
0.442735907842413 0.435560753721605 -0.261640678146637 -0.338116396678742
0.43406835898232 0.0485698083248423 -0.330385619182535 -0.145249388131228
0.168150070552292 -0.120761271410597 -0.318067549278829 0.248111892915927
0.0581511391367403 -0.157930785286451 0.199964951076082 0.182249798528786
-0.0535546832703265 -0.0400533251818879 0.126154500278846 -0.129948991744798
0.0590903041192097 -0.0160061993221497 -0.0445772882443552 -0.146587969013145
0.0653082256861795 -0.121242726291171 -0.10185068048677 -0.082242780004749
0.00767077002688546 -0.160499315001894 -0.0988370218305076 -0.0340407423711343
0.00868619761428977 -0.136180520153862 -0.097424451213518 0.00896885995117891
-0.00742978664319217 -0.0875904637955278 -0.146131499078712 0.0214582519021671
-0.0126243969268917 -0.110713717799049 -0.144090928486579 -0.0685298162465975
0.0373558033196948 -0.10825558873862 -0.0964080707179012 -0.0371476460965114
0.127041153818837 -0.162953211942676 -0.187107260624425 -0.247676080172582
0.269551416184657 -0.0950467714646931 0.294619530269613 -0.201130525918873
0.540099268961061 0.172914440355202 -0.0980604598283115 0.0925819636979458
0.357478038879825 0.298973220595257 -0.273885102193969 -0.502606646116966
0.257640745273215 -0.0397966225001998 -0.287126334010159 -0.341649026132106
0.0472691069941376 -0.0614364007185681 -0.439698774198899 0.0943168519200137
-0.010101736281922 -0.0554425253815566 0.0465419543171655 0.232944724149787
0.00498424796161748 0.0619766852531797 0.148925883579757 -0.0219192793654105
0.11654082637674 0.00675730245421803 0.0393312203545856 -0.132813371499503
0.103532548025807 -0.106637572873269 -0.0412608465431479 -0.139560785148324
0.0405666604235635 -0.131317952480012 -0.0825226291567956 -0.0975413671726068
0.0451596517125438 -0.104805879696431 -0.10128191139354 -0.0236545234535726
0.0475344908863282 -0.0406427171838297 -0.173157212327255 -0.000151440342537377
0.0143351399467684 0.0153871932864268 -0.137071530368938 -0.117848985788185
-0.083511058969121 -0.0106605116594813 -0.0472711102776904 -0.00997714827866951
0.00917668928786453 -0.167874876235269 -0.186981009856554 -0.201497740686828
0.166038457177315 -0.18629281800234 0.171239796602463 -0.109014651638971
0.468653785206339 0.0991797126696213 -0.27998193159103 0.0109070859560127
-0.309235373403478 -0.0942921395572479 0.385026903659648 0.0784995756930451
-0.113322305163291 0.209691885252771 -0.0574951191998404 0.0473823866014736
0.103358814134955 0.123343765882427 0.152762102167731 0.16813205213181
0.133286657080557 -0.0867158653568906 0.0563456213033117 -0.0309448061855371
-0.0766416249417844 -0.139264421329274 0.0988587588012009 0.106031888884558
-0.126209658766778 -0.0122895997681053 0.163307799631886 0.0111555206171868
-0.106924010401278 0.0725324603949239 0.079337440051189 0.0382615502478804
-0.0828474493452883 0.0916775617825743 0.0589242810408017 0.147159566632562
-0.10068095835014 0.061587225929644 -0.00713741316443385 0.186330497259456
-0.124638658453705 -0.0219665111471858 -0.117825025354079 0.14140764503786
-0.0322007625265832 -0.11529204334067 -0.169760965660633 -0.0416542173310272
0.108602314978541 -0.0300954632614389 0.030481178027036 -0.277927863245578
0.0204241648353244 0.0639351096493704 0.501493682852348 -0.0616334367301357
-0.0458826413279639 0.1279402204915 0.330228277222389 0.458565190825408
-0.230478267374434 -0.0693946692378423 0.305123210669929 0.609841647143487
-0.0671520953840656 -0.0551694746277747 0.400223240542986 0.120220780534192
-0.0601834780495299 0.124922312487315 -0.00658162465898584 0.0772456601681671
0.174565306679338 0.0971462527262413 0.186608448752244 0.175188109955702
0.159032180596676 -0.190708352625353 0.114815913303531 -0.0884261015554378
-0.140896331734937 -0.238507504475032 0.0630974924131083 0.0423757759858818
-0.202186445905361 -0.0516428963310507 0.114657466871913 -0.00196203730073712
-0.149731844339331 0.0380803068812823 0.0365336372805154 0.0504243999632458
-0.0986125551864952 0.0268844163315585 0.0227898629329026 0.17209973909501
-0.0774926727986652 0.000530929944448281 -0.0461950780819779 0.208312106896987
-0.0886855856643516 -0.0438885711318384 -0.159136362139809 0.146848015885957
-0.0335440453315955 -0.139950536691683 -0.197457597135844 -0.0526835675932263
0.1898112042456 -0.0821988854942687 0.0254868603270389 -0.291693411085258
0.0730426212587269 0.129893012443774 0.450210211979778 -0.0897281967543284
0.09120497460054 0.146931324913931 0.415495789233781 0.421409016639778
-0.0707428980425082 0.144109321040774 0.312081222964484 0.65025404920529
0.206912094486245 0.0224166151380926 0.309163227158904 0.131087132719071
0.0716562545111841 -0.039880260529672 -0.0593450995354898 0.145984388476116
0.16039847135148 0.0316850816663747 0.22117444241411 0.260803668520912
0.160477348224434 -0.260468626099916 0.225878621100327 -0.138817689088943
-0.187219549082022 -0.290369822036304 0.0242745411037958 -0.0675469027613057
-0.242377444617612 -0.0761919673732343 0.0290240304541683 -0.032345068902859
-0.163180262975136 0.00122572027036809 -0.0286366135558911 0.0553062428697904
-0.101517763756441 -0.0417656690011316 -0.0176964169199614 0.172078832103631
-0.0487948474598893 -0.066735645643384 -0.0656330798602672 0.202942598590784
-0.0424379376664539 -0.0752954321921275 -0.161475017816088 0.152863414966095
-0.0104226753358554 -0.158975073163613 -0.218066643374031 -0.0170444590920601
0.250561805014001 -0.130208695939133 -0.060657208270173 -0.295154972629938
0.164241797464442 0.189738593410153 0.359653923337678 -0.187152498999746
0.163520928759225 0.162502189286726 0.499035695420291 0.264858393229252
0.100681184303505 0.295902330529028 0.3314032536766 0.604860617903176
0.420961752076997 0.158406006828721 0.139339235330172 0.092799160091367
0.278498816135367 -0.120634325715955 -0.173972899781468 0.183540808658537
0.16465068721171 -0.0839532684379859 0.179363122963497 0.361465939260552
0.13551463674872 -0.305141558615418 0.33489673270683 -0.123091630957384
-0.202247213266324 -0.291001173424994 0.0162594597042106 -0.178351617918841
-0.224208363887444 -0.0849526677553487 -0.0602853593085761 -0.0756656483747869
-0.138222183991895 -0.0423202866471275 -0.0948510570513751 0.0480058751772617
-0.0882539030653861 -0.103332543482233 -0.0541486425074065 0.148424054661232
-0.02869571912927 -0.123976378512556 -0.0719753355183291 0.169999343274602
-0.0146860607845984 -0.110602189226558 -0.13985114461734 0.143983273317153
0.0107102355064189 -0.1920743543094 -0.218073800420266 0.029271578315282
0.286098123620117 -0.172640805286317 -0.169318450575166 -0.254632222640008
0.255601870843213 0.17143201350233 0.221103421993241 -0.306052573963582
0.233665771842429 0.164564819763663 0.537933947778905 0.0585335824812176
0.270005576311089 0.360373703264294 0.319317844325842 0.492862714396533
0.5198016794554 0.322567831836827 -0.0479051952164462 -0.00693422278565913
0.441148226564577 -0.0598944486883682 -0.287994845554291 0.153725414625157
0.223323461690844 -0.157995353038097 0.0532546087768543 0.42505729770221
0.120460805197952 -0.320144447451483 0.385213717525541 -0.0372342732299746
-0.180613134278743 -0.246579206058829 0.0457250158848537 -0.238673528238107
-0.149900271433977 -0.0739164622730104 -0.112646742788316 -0.119420532539322
-0.0785813802528688 -0.0831921596899099 -0.137615399262996 0.0215071195086985
-0.0636599457652989 -0.146251685826214 -0.0826683641442705 0.100826354684943
-0.0189690337611019 -0.157527182503797 -0.0764263274610588 0.117826115912796
-0.0151245313339292 -0.131887288456754 -0.118649827437323 0.112109874040204
0.00641562420461332 -0.216573469321016 -0.192393540809078 0.0442255662303704
0.268011641381456 -0.198605197756105 -0.218019845437389 -0.169846611143018
0.286876888213611 0.0720014253546214 0.0420793848811905 -0.362896086319834
0.305458885714943 0.114765857915132 0.508944297033201 -0.126911637203248
0.419688388568791 0.344539458848614 0.241963994040464 0.348738098731652
0.509891583908488 0.428608498324074 -0.19178386350084 -0.159799404010932
0.495719116437708 0.039751533640206 -0.348372785050135 0.0412313651467718
0.248179527673178 -0.160009497305011 -0.126056095989475 0.385344312468442
0.101407516913349 -0.268085523496948 0.337929781501576 0.0801708542372629
-0.124904944115387 -0.156128773087353 0.0894017282032835 -0.218706144166687
-0.0429044433577832 -0.0465522323276268 -0.106146443072173 -0.145027259506018
-0.00191794025223597 -0.112879165901101 -0.139876424303349 -0.0242771872154283
-0.029692913673768 -0.166677318414418 -0.0985361523190546 0.0367919859353798
-0.0108762671706405 -0.159542144915324 -0.0857275702018443 0.059573574384353
-0.0231331293001593 -0.123477670198065 -0.119691142911833 0.0644677570666315
-0.0109025329307531 -0.196061804468387 -0.161567639340285 0.00462817505811458
0.175181577996849 -0.181762373468847 -0.178249526168322 -0.0870715336504855
0.231753299988829 -0.0682296097113077 -0.111697674074019 -0.324568707653665
0.32802789570995 0.0153886264452742 0.412355337874079 -0.223044841705179
0.518192923669946 0.265059771269105 0.0941619518782499 0.205713390374352
0.446322762183189 0.428164025644484 -0.263765632984718 -0.337153571024048
0.433178208991447 0.0467357948499952 -0.331999915734498 -0.142771368694202
0.167655846687521 -0.12146774833835 -0.315881045896699 0.249787035373229
0.0576645577835505 -0.158343667106841 0.199970705976956 0.180317473853628
-0.054223961318985 -0.0392092104696799 0.124593230068905 -0.130266480416179
0.0588649247242575 -0.0161663323294003 -0.045529670227554 -0.14575371197737
0.0639791476538069 -0.122409134763605 -0.103003150051761 -0.0818144544284656
0.00556772869548531 -0.16138153657633 -0.0991150406675815 -0.0335820803959146
0.00750359308963912 -0.136637308900351 -0.097902473400551 0.00974710558468991
-0.00805126694471679 -0.0869102982091343 -0.146044256248075 0.0216831997321485
-0.0148250539978556 -0.110344195170575 -0.144540851055711 -0.066325566147295
0.0357321283016214 -0.108714146281734 -0.0974172428309574 -0.0356947145520154
0.126306787608761 -0.16437713542815 -0.189200181540826 -0.247395285007342
0.269042235647116 -0.0964835247318603 0.293152175804459 -0.202141384910615
0.540416244323526 0.17087330122822 -0.0978360448499523 0.0935845608933265
0.357742020317742 0.295098917520953 -0.277450525723586 -0.499033978877361
0.258129628773213 -0.0406288809066828 -0.287572427102671 -0.33986114900636
0.0469537341480222 -0.0612822834498239 -0.447058143846038 0.0920254575516543
-0.0101369881971318 -0.0558393364045283 0.0467563150429766 0.23250703077748
0.00552925671853538 0.061574262103421 0.14794996258894 -0.0236738596718533
0.116816163874965 0.00628585119973287 0.038069272770791 -0.133620539188604
0.100108431834444 -0.106102976988668 -0.0433314560532249 -0.13846197357778
0.039398164436523 -0.131653543291838 -0.0845908945127158 -0.0979643526196781
0.044213561407544 -0.104798849428744 -0.101965292348318 -0.0236111855301092
0.0483998294579342 -0.0412722511868295 -0.17293857399859 -0.000749415189415194
0.013665723821243 0.0154955267811315 -0.137144940068624 -0.116559145742936
-0.0833545464952638 -0.00994309870417092 -0.0471303799276622 -0.00898518185451431
0.00839840822794391 -0.168542947318228 -0.188515521810837 -0.198941325203248
0.166153178361796 -0.187357690637562 0.170384808502233 -0.109455984062416
0.471025838618183 0.099347218840263 -0.279433452461679 0.0126812557271726
-0.30889327960284 -0.0933201487223393 0.386523843834309 0.0772661910768773
-0.112438816408982 0.210016864769354 -0.0574771649829601 0.0474217670608173
0.103923945446156 0.122667587596062 0.153684857716113 0.168881153977938
0.132692861048881 -0.0879472659924828 0.0572359613317465 -0.0314970118545703
-0.0779909977644977 -0.138843405856717 0.0990982427087746 0.104975882792466
-0.126732532214448 -0.0121666384319027 0.163821591801368 0.00949422016419047
-0.106684655086046 0.0733084223589903 0.0804606445636194 0.0378546021680686
-0.082520825826494 0.0919573178138992 0.060059246336878 0.147978765795073
-0.0995229953033636 0.0629902603277562 -0.0059491302525624 0.18654634509473
-0.12447852882243 -0.0218367708240993 -0.116623015004315 0.142787643045922
-0.0333884281613612 -0.115253366368084 -0.168981867767421 -0.0402353385487576
0.108035258045406 -0.0314914364197735 0.0291668068994091 -0.277196143325678
0.0220128661126623 0.0639365699072662 0.500659098347163 -0.0655856467076788
-0.0456186370417724 0.128733383244257 0.332708531496063 0.45865501006807
-0.230763471986248 -0.0672899787973746 0.305593586893824 0.607849031508024
-0.0669883243769292 -0.0550681744706426 0.401841147030793 0.117258175217564
-0.0593805273140059 0.125261169266577 -0.00661290996138078 0.0772318628485836
0.174950726998123 0.0958980133497931 0.187102375078978 0.176152346520483
0.158262335825838 -0.191806770458861 0.114793334893531 -0.08970248767583
-0.142380716001988 -0.2371755505055 0.0623477111780801 0.0412503749915719
-0.203326293272484 -0.0502169535404115 0.115124759675555 -0.0027314957643038
-0.148750840301605 0.0400948168938746 0.0372958163419817 0.0508610548045356
-0.0991439969958974 0.028294038109154 0.0234290313044999 0.17231547316757
-0.0768629699425882 0.000756040827768765 -0.0449595230433619 0.209106219490826
-0.0891168867273509 -0.0440958568541182 -0.158112187240802 0.149111477224764
-0.0350526553368961 -0.140392388429845 -0.197154291595263 -0.050741525837635
0.190335741667616 -0.0854770188019269 0.0246357706361574 -0.291537187480339
0.0738354409659331 0.1293357903947 0.449557565774263 -0.0931361612688153
0.0919372371494939 0.146062952513374 0.417529538264243 0.419884239979869
-0.0711780226662317 0.145016191514891 0.317593189106057 0.648251599392378
0.207723336877353 0.021760628164489 0.309622914908962 0.13104061070245
0.0718618662514062 -0.0396817442380181 -0.058683138430387 0.146146852054856
0.160279746015194 0.0301402430231961 0.223632595696363 0.260070476421936
0.158531259593658 -0.262491952795986 0.225335387171508 -0.141933122931729
-0.189890555389127 -0.289349128215197 0.0225026846038979 -0.0681662176366448
-0.243733237171603 -0.0742229943281816 0.0284283301743153 -0.0320805065561616
-0.164430199124772 0.0027823114384172 -0.0280345466249374 0.0565538568635701
-0.101922146513988 -0.0414897374429681 -0.015793565872805 0.171927929149138
-0.0497766480290615 -0.0666327289326387 -0.0642851094247131 0.203918367952894
-0.0427160586966578 -0.0750165999744529 -0.160617442730381 0.153926784853317
-0.0108695072896872 -0.159744615940393 -0.218597471311537 -0.0148265066690513
0.250086630952051 -0.132298277788984 -0.063361444343975 -0.293771836060141
0.166886078890261 0.188532153126628 0.357238664081747 -0.188295174301561
0.163851923112334 0.162061326708029 0.500901753920288 0.262374969659585
0.101175198979173 0.295051564326836 0.335347547724519 0.603315255475976
0.423218839280603 0.159459002773139 0.138933282477519 0.092233705478016
0.277507142316996 -0.122481274553928 -0.172831032291785 0.184544704775828
0.164057799499357 -0.0866023032821508 0.182723251121164 0.364514243190457
0.135670101756473 -0.30700689324984 0.334075217582279 -0.125309863155923
-0.203482890621103 -0.288792243905873 0.0146687455510745 -0.178303829666377
-0.22649112464983 -0.0835575321030331 -0.0599631227424407 -0.0753013606355459
-0.139327278360824 -0.0413894214823557 -0.0950619942356793 0.0491471595899688
-0.0901822033629567 -0.102592278028612 -0.0532120555341705 0.148107179327845
-0.0304579332487067 -0.124222835939723 -0.0708968677312347 0.170284322608959
-0.0165236260968031 -0.1092413273112 -0.138091753843462 0.144835680914854
0.00952838609095904 -0.191639578721004 -0.216982068791771 0.0309795988928896
0.285001071110337 -0.174162933047801 -0.172261310482246 -0.251281466181234
0.258105866773563 0.170699971099892 0.21603894134503 -0.30883432074427
0.23361123261756 0.16398680147742 0.539809172575924 0.0555030687818273
0.272807667128879 0.359882027709132 0.322174453988667 0.491037714029058
0.52105784942047 0.315332336552978 -0.0474495588351634 -0.00652523929696845
0.440435136644663 -0.0623049378882548 -0.287238351446057 0.156549723425725
0.222989116236369 -0.15936643966298 0.0573441272868866 0.425848296240499
0.118312623889965 -0.320902510674273 0.384295610917221 -0.0417503921689818
-0.183908685791166 -0.244476231970634 0.0433549279966383 -0.23800394128023
-0.151115267667434 -0.0725023328329494 -0.113498856901983 -0.119153735583677
-0.0795917662419023 -0.0827842076308486 -0.138210741227902 0.0230430091012421
-0.0644394215454827 -0.145939554003339 -0.0821446974302652 0.101854627260837
-0.0204590884110237 -0.158071552662629 -0.0758876272374402 0.117616609798715
-0.0151816248228035 -0.1317359774884 -0.117549126341648 0.112758492597605
0.0058811816118527 -0.217735220313163 -0.191650847927717 0.0459346313216713
0.267611863920662 -0.200992590227972 -0.219789243614464 -0.167418791292592
0.288558445748244 0.0693242896478078 0.039193967479711 -0.36349549302056
0.305779252019606 0.114662569714283 0.508265888176742 -0.129958742292482
0.420974069453805 0.342523478239756 0.244462126912258 0.34746284728845
0.509253784808707 0.420206972894428 -0.192816928112616 -0.157830298538343
0.494331550914699 0.0360753621463654 -0.349617238603299 0.0419750124718543
0.247072950805412 -0.16198941195012 -0.129541441506078 0.390451288662319
0.101499835129275 -0.26973017120572 0.339321657655868 0.0781251478130918
-0.126149274161909 -0.156403834943465 0.0873680078735048 -0.219394343857913
-0.0430983444469972 -0.046956400679811 -0.107157013300773 -0.144556026804427
-0.00500703411312439 -0.110957481006083 -0.139637676644965 -0.0227405635535952
-0.0318708181978033 -0.1663840824895 -0.0993385808969179 0.0381564988283283
-0.0129306203445453 -0.158807134963471 -0.0855068521928549 0.0596039275369483
-0.0220022826783783 -0.125486839320403 -0.119939684006612 0.0651563355989889
-0.0131120052670975 -0.196146158061514 -0.160818589494 0.00588857638129867
0.1739298420251 -0.183004766738858 -0.178922824370619 -0.0853837792883349
0.23251800233964 -0.0696314271184927 -0.114924226913224 -0.321583589320724
0.327671223378922 0.0149141420498601 0.409975153216116 -0.225408873841282
0.519743770336761 0.264112281591997 0.0941445737652638 0.204759245745439
0.446923065736837 0.421453933105153 -0.264308114698024 -0.335635162654939
0.434654888071471 0.0457326949348025 -0.332318999576194 -0.14169378521181
0.166997642279451 -0.122872809718693 -0.31467186476972 0.250570320804677
0.0557023516295991 -0.15971523774027 0.201840568551606 0.178556821983376
-0.0552602698305925 -0.0389646451273212 0.123552152131569 -0.131650554482125
0.0588737653137587 -0.0167995903549921 -0.04719716065206 -0.145618685550201
0.0627427515092553 -0.122548546533395 -0.103719569444083 -0.0810928734698586
0.00458550114050787 -0.160787566509997 -0.0997310538052719 -0.0330102636276427
0.00660747796391717 -0.137719423901129 -0.0984218264544657 0.00943714101280009
-0.00858166627893282 -0.086956065080124 -0.145999647584645 0.0225407659152247
-0.0157417444346246 -0.110136611618003 -0.144851784092306 -0.0653199417261102
0.0340609326398513 -0.11016704429326 -0.0990670408027806 -0.0351350726165033
0.126615692341553 -0.166179828532359 -0.190960585963572 -0.246744000019515
0.268942512728193 -0.0971353737801893 0.292398475023317 -0.203606861451442
0.54247767876795 0.167143465094781 -0.0971047261639176 0.0944152074110682
0.358955411604645 0.291268246777193 -0.279746179898803 -0.495531404798449
0.258227466024754 -0.0416782918595768 -0.290910187829875 -0.338402509097321
0.0464131044510309 -0.0615717547654134 -0.451620815837846 0.0923609936453311
-0.0110614996033433 -0.0554657261848927 0.0476602621194459 0.234013285487878
0.00583417269147728 0.0614489554738085 0.14680243875789 -0.0251232574341566
0.116454587629438 0.00608080868136915 0.0378908643655763 -0.133262806447295
0.0991194873708595 -0.106562268573139 -0.0451394067014351 -0.13783004218573
0.0387207537337943 -0.131431352754419 -0.0857383948572501 -0.0962728480533913
0.0440100135814028 -0.105699479579741 -0.102161427975387 -0.0230582664512214
0.0480781488220928 -0.0413849041455563 -0.172986187753949 -0.000760060490997503
0.0142194733775928 0.0152814546019729 -0.138502343799558 -0.115614082073516
-0.0838133788427662 -0.00969558618331617 -0.0484371125632604 -0.00840784598963843
0.00882341422980396 -0.169400719236839 -0.190768060850682 -0.196257577802467
0.165443744738377 -0.187488288323055 0.169433693458657 -0.111173050631017
0.4713700129469 0.0965808469816152 -0.279592053491375 0.0134360394217753
-0.310248238401195 -0.091635877535275 0.386527622142005 0.073106971004079
-0.112437348332041 0.210623931510075 -0.0569086814972176 0.048524789802028
0.104436919459785 0.121547873777229 0.155051972772192 0.167423679775681
0.131680811971085 -0.0878515658268041 0.0568122394810155 -0.0325235041962603
-0.0792160683460846 -0.138785908688538 0.100079619381772 0.103502197377132
-0.126656761954821 -0.0120942313758008 0.1630202568263 0.00789977024822307
-0.106425040257261 0.0739310471731415 0.0805800114666316 0.0378380270982616
-0.0816762005539434 0.0930278542723488 0.0624833328380337 0.147848506149565
-0.0992106832645852 0.0635965774447287 -0.00353184192746535 0.1875217633243
-0.125068097941932 -0.0219504578043387 -0.114911112329287 0.144149919900204
-0.0342339363035843 -0.114909191806577 -0.168991705776944 -0.0387012845244727
0.109016353973962 -0.0326504939560075 0.0285196165971339 -0.276426317711562
0.0218462754050998 0.0642204605945859 0.500533883446969 -0.068463413408244
-0.0447917229277205 0.128319552147333 0.334528416273957 0.454509365761282
-0.231738737999229 -0.0667530894838104 0.309555253250332 0.605442361851271
-0.0673203530521657 -0.0559865779069309 0.402556385958686 0.114181439984566
-0.0583531252363279 0.125096091542425 -0.00600968655316597 0.0783668164015351
0.175696011960282 0.0944600839426879 0.190139270406229 0.176510558540978
0.156106660323123 -0.193206654604517 0.115288506019524 -0.0922504927285011
-0.144939470939525 -0.235214315605862 0.063458978391591 0.0403464289710352
-0.203693835456408 -0.0488033820400224 0.114014615179977 -0.00459850085593758
-0.149568706524754 0.0404738289217369 0.0378292228018982 0.0506945002180339
-0.098889997425476 0.0290579720947916 0.0257411380541569 0.172634322736639
-0.0782872154132068 0.000824942755955397 -0.0428795547802965 0.210259271586336
-0.0902528148546563 -0.0438023379970356 -0.156291412172766 0.1503186286564
-0.0355194958916157 -0.140251026736797 -0.197084033194199 -0.0496467587658043
0.189562832177998 -0.0861033697602575 0.0216295164294 -0.291954367655931
0.075114684122886 0.12919548480337 0.447988131678803 -0.0952588936730707
0.0925397853577159 0.14536649189404 0.421198318609954 0.417997054550072
-0.0707573858348446 0.144909948645438 0.320286360907442 0.647751523993251
0.207583503261581 0.0199997275722353 0.310565261075125 0.127276164399282
0.0713083953555936 -0.0407170242648272 -0.0583079286985705 0.147819638373046
0.160910273842685 0.0281757592621205 0.224895282277219 0.258655878567112
0.156341438769479 -0.264130925323606 0.224703585283982 -0.142839471900443
-0.191849202194308 -0.288536235424021 0.022580513619857 -0.0677169280844521
-0.244356216627302 -0.0732371457770153 0.0280740475622392 -0.0323547559638427
-0.165020743143834 0.00263059181836751 -0.0276297466180736 0.0572295861359252
-0.103317301687736 -0.0410782040224315 -0.013925743117197 0.172835804079877
-0.051279616860619 -0.0670742356778046 -0.0630345359741197 0.204144490296122
-0.043332355411175 -0.0757604254909427 -0.158977813217634 0.154868452521968
-0.0120258889009841 -0.160788291578781 -0.218688485452083 -0.0130994322759059
0.250127940387888 -0.134543838990154 -0.0643542221400184 -0.293092677500061
0.168349570519075 0.188208373241014 0.356128481633708 -0.190804096033692
0.164596609905171 0.161275143662699 0.502159791533639 0.259794532681195
0.102228629976523 0.294933176580431 0.33946212678308 0.602123249908
0.424428752995852 0.15671590480881 0.140090253523553 0.0909263046226159
0.277363846487192 -0.124443841646264 -0.17183424277185 0.186559498584006
0.163293083628689 -0.0885389084150266 0.185196457565682 0.367661218083344
0.133813840427134 -0.307918483480966 0.33498160730103 -0.127197849374016
-0.207550345626344 -0.289154183796282 0.0127294364596652 -0.178888641953741
-0.227013041297821 -0.08261104609685 -0.0612207833322656 -0.0751999905663954
-0.140116316168105 -0.0389911175436918 -0.0942002828640978 0.0503328110942212
-0.0923047470383053 -0.102712087763703 -0.0521614947745418 0.149735787547511
-0.0316997504007244 -0.124419921593435 -0.070029231542933 0.171192503414486
-0.0160618478910118 -0.110944790234262 -0.137014928996898 0.145485724492365
0.00834673807965738 -0.192622166010837 -0.216678295086671 0.03293499292777
0.285686481465803 -0.177605938597095 -0.173257771188235 -0.25033125256206
0.260132418031381 0.171226141358146 0.214794502985294 -0.309874192211701
0.23558591518284 0.162351613117591 0.541081617671746 0.0519365663148823
0.275839458193291 0.358977920739071 0.324754837652563 0.489477837117391
0.521949052109214 0.311323337744781 -0.0477506449297571 -0.00600784085765887
0.439996606993723 -0.0654360634251838 -0.286989612031351 0.157788852675831
0.222497459135803 -0.1615320794655 0.0595806863323118 0.425032443207848
0.114526985002747 -0.323842657515222 0.383792473175083 -0.0440929041818109
-0.184757314742345 -0.243409924859975 0.0409194634217324 -0.23924171560708
-0.151762455428033 -0.070990021615996 -0.114154566500309 -0.118000237110112
-0.0815480626033315 -0.082510605779102 -0.137238896893419 0.0239450094210449
-0.0671733091535276 -0.14555766389576 -0.0819352296531902 0.102879501018627
-0.0227869355816962 -0.158460698507872 -0.0752126287598508 0.119445908188278
-0.0166232135832605 -0.131888869729286 -0.11688519443701 0.113180457525603
0.00404887626994987 -0.217819964317141 -0.190792378262322 0.0476878498759263
0.266712064675281 -0.203949892363849 -0.221268000221614 -0.16455239493942
0.28956591455067 0.0677290506705181 0.0348241788183513 -0.36379656321173
0.307188321055467 0.114142161245457 0.507244739816822 -0.133786538376424
0.423302917415473 0.341262213614849 0.246263294774768 0.345612157483567
0.513142254684441 0.423328696673628 -0.192831607175502 -0.156556362219915
0.496615805828355 0.0339829133922818 -0.348501676238068 0.0444021037159045
0.246279220413268 -0.163297060129951 -0.130622798250195 0.394249676231607
0.0984888266495438 -0.26997106657296 0.339669290605548 0.0762052118833706
-0.127144254203634 -0.15454763144922 0.0858867675801192 -0.220901099375731
-0.0432584183618062 -0.0463301215098486 -0.108377164063027 -0.143835365256951
-0.00455632216789664 -0.112778386302503 -0.140969229087826 -0.0214058252171829
-0.0335495242269611 -0.166036631677281 -0.0986301714478805 0.0386147158771029
-0.0144256310833315 -0.16026566255405 -0.0858762247097016 0.0601745309709889
-0.0252414491586779 -0.12424138319043 -0.1189538002768 0.0656840627919201
-0.015043991110191 -0.195717171889008 -0.160637103954385 0.0076526884008498
0.17251335245311 -0.18533011935774 -0.180370899198026 -0.0842865062255902
0.233727765452589 -0.0698205014553072 -0.118639943467901 -0.320075714017114
0.329417025960713 0.0132775758694153 0.409959720740333 -0.228898105147356
0.52098428285057 0.261210306723075 0.0965069499613179 0.205913510171945
0.450251415445149 0.426540852506825 -0.265789488450315 -0.332938687941189
0.435624170495292 0.043248268071592 -0.333273004037953 -0.140299859862212
0.166909965874661 -0.123879205099226 -0.313530394554031 0.253923826337067
0.0544753325253935 -0.160796700628691 0.201891670956394 0.176395511782552
-0.0553417403380821 -0.039326675021308 0.122676333055265 -0.133609513930293
0.0587917793167277 -0.0176271444966897 -0.0484323903276309 -0.145138053685932
0.062118975830947 -0.123229728490296 -0.104638078095197 -0.0802386878491612
0.00335574812075098 -0.16140678150561 -0.0999061416883215 -0.0326959006257083
0.00519759431053137 -0.137492658699948 -0.100016150531577 0.010200744756811
-0.0092138921114934 -0.0871528598686467 -0.145464911382222 0.0234739971560026
-0.0170192888320876 -0.109530759107938 -0.145221581989968 -0.0641926363630515
0.0334680191468156 -0.110208490227459 -0.0995527057174006 -0.0335968196414325
0.125620621891211 -0.167318519390779 -0.193561220677472 -0.245635767392813
0.267789531706025 -0.0984511913927884 0.292418591291494 -0.206375037713338
0.544835718616776 0.164067867431692 -0.0971744634259833 0.095096618524026
0.35940027271755 0.291225811949489 -0.282766476062427 -0.497000557073933
0.257925842577505 -0.0435093983725704 -0.292118430637144 -0.338665905262153
0.0467455427812209 -0.0627431295002133 -0.444562368191925 0.0975624710999249
-0.0118321426838092 -0.0553108366642966 0.0480313176611896 0.232219171540451
0.00660947394675722 0.0618009244293695 0.145796153511223 -0.0262819700416534
0.117697883912305 0.00449642971113903 0.0356651249262703 -0.133314681710797
0.100493680806437 -0.10800722124449 -0.0463139601238192 -0.137450619275863
0.037579810013063 -0.130872897100799 -0.0873558339949118 -0.0972340274127653
0.0425049153520949 -0.105156088005211 -0.102721665402037 -0.0229318856616271
0.0467664440436631 -0.0409886018657316 -0.171527319886999 0.00190215281879815
0.0130180381148453 0.0156506603764617 -0.138924523679441 -0.113602189121436
-0.0842052209770579 -0.00878742483965018 -0.0491580227405831 -0.00793701713507205
0.00751446828042942 -0.170254727468956 -0.192359518188704 -0.197435654983945
0.163629379289837 -0.188018590784902 0.169908220564795 -0.111673795032557
0.472672429641585 0.0922693171930055 -0.281076805600597 0.0166524514838951
-0.309199415208694 -0.0904102623303876 0.387627333171791 0.0707456871700524
-0.109094082305412 0.210448870723185 -0.0567630078509486 0.0487588496154658
0.105294278831421 0.120699200493385 0.156987085369151 0.167366836981746
0.130820235242641 -0.0892858440336736 0.0573243783414229 -0.0335820808441905
-0.0800997530032753 -0.137313791154348 0.101250165453764 0.101744213195049
-0.127018555449022 -0.0102983721494705 0.162513950406544 0.00692526572966559
-0.106219001865144 0.0749459257664418 0.0813157904764736 0.0376591133194467
-0.0805139813266943 0.0933137233951862 0.0639642669320375 0.148052574353266
-0.0996690806102119 0.0642768328330248 -0.00211869991934206 0.187844262519239
-0.125047422501212 -0.0203305971247505 -0.112839370027959 0.144545606208498
-0.0348792531638421 -0.115883313539478 -0.167938382354246 -0.0366676150242576
0.108711378764374 -0.0336087131899857 0.0256976604596496 -0.27678402187871
0.0217770628128511 0.0640242426952776 0.499444742314812 -0.0720352508710577
-0.0442113649272347 0.128738091411156 0.338788963304943 0.454219804296277
-0.232130840310476 -0.0659195217411427 0.312852668934583 0.603621020972437
-0.0683653923268066 -0.0563022820849762 0.403952535105846 0.111214157269783
-0.0575573051832703 0.125830019665034 -0.00583360069181196 0.0779482769403512
0.176545612861415 0.092535366693071 0.190839524379158 0.173640687066697
0.153559287783894 -0.195073105640724 0.114303461210136 -0.0935081934387961
-0.147467251407283 -0.233872910475393 0.0631944903306962 0.040005095101502
-0.20386935416937 -0.0473152952430132 0.11444996041691 -0.00599175209315488
-0.149237961096526 0.0419840859704812 0.0383454861836553 0.0507649036614864
-0.0995119181553432 0.0293483794078411 0.0280303190416057 0.172929678332841
-0.0781161481708305 0.00107735818337415 -0.0411092335886512 0.210698525110312
-0.0905758117967259 -0.0433755084145868 -0.154349768489781 0.151470083287704
-0.0366770982205304 -0.140894123387931 -0.19700476021415 -0.0473789688671786
0.189536006917989 -0.0882264105646184 0.0193315225988221 -0.290679012123146
0.0763131778662061 0.129280556320121 0.447281940838901 -0.099053855103287
0.0935640035402476 0.144940494794516 0.422706232831486 0.415628509874396
-0.0695696859878302 0.145410033325686 0.323223471224641 0.645363272500331
0.208120657092278 0.0173294369065806 0.311908915639947 0.124672661542234
0.0706308456535594 -0.0411529268514433 -0.0580582831151509 0.148226784242646
0.161382659437467 0.0272392802890111 0.228187049243383 0.257518075974263
0.153644711429155 -0.265771049183387 0.223532449050692 -0.146658189130668
-0.194983929898749 -0.285099815704883 0.0211512599719524 -0.0688390154118676
-0.245270014136664 -0.0698520556425718 0.0278347124382796 -0.0329864372831963
-0.164366837970175 0.00512526394730023 -0.0271122113294348 0.0578883723322677
-0.104130262593888 -0.0395661784120894 -0.0125953130054127 0.173631694097428
-0.0530977353015339 -0.0672379790365478 -0.0604623785040109 0.204631609061748
-0.0445049897859294 -0.076242835726995 -0.155735015110642 0.155976569069417
-0.0129094810463855 -0.159994624362715 -0.217561492955827 -0.0114032273489236
0.249247857954092 -0.137796202879665 -0.0662996221716859 -0.290823450319518
0.170548674719677 0.187251049691757 0.354700567783842 -0.194257515077677
0.166426980915712 0.160807812500227 0.504437788194839 0.256930712774039
0.105608560993993 0.293370324311348 0.342373660799233 0.600140156884899
0.424421749471225 0.151092713561808 0.140826545417386 0.0895166717324232
0.276493367779395 -0.127235441278554 -0.170905111758682 0.187906368327471
0.162955703093419 -0.0893520519199887 0.187760907404309 0.362372690202438
0.129316213895746 -0.31139049548439 0.332759239049799 -0.132410959418961
-0.209729837654851 -0.286166708318238 0.0110452050383894 -0.178865295596942
-0.227867365100838 -0.0805148516153885 -0.0621849786765564 -0.0741319358868955
-0.14079321588204 -0.0378634972323682 -0.0939323719865034 0.0512914786332051
-0.0931927910400835 -0.100413163279875 -0.0497291022262927 0.150569686906658
-0.0334035634330524 -0.124509696205302 -0.0688511659962392 0.172304228271906
-0.0160192521802984 -0.11201217560305 -0.136566656884217 0.146487911548491
0.00623081903521646 -0.192563660609956 -0.215561273783509 0.0344980435998757
0.283746979575279 -0.178916629986404 -0.174454693798247 -0.248052734211727
0.261829396707612 0.16808315942214 0.214017321121162 -0.312166878253917
0.237443137322124 0.161842648080086 0.540280867270901 0.0496984755727409
0.276991861195454 0.355656121675379 0.329669301289761 0.487927977223227
0.525170692061927 0.312668613726751 -0.0474978594996731 -0.00584865648566771
0.439685878496922 -0.0690954263737656 -0.286123669090046 0.161581072898094
0.221179430920423 -0.163024874746858 0.0642811478847133 0.423047571751318
0.112877885932284 -0.324408666296212 0.382366317215277 -0.0490437197366936
-0.187665332390716 -0.240549064550469 0.0379057268531481 -0.239347569319301
-0.152912373716331 -0.0699538852976478 -0.115427870590465 -0.116081081758938
-0.0820136313415365 -0.0811217928721929 -0.137327067792977 0.0260411906336725
-0.0686349068020385 -0.144962788490502 -0.0806480688468502 0.103184671938779
-0.0247618775306904 -0.158784164216751 -0.0740771200705662 0.119582760617345
-0.0173119014944108 -0.132723245685914 -0.116329371104207 0.113518105641968
0.00171453970471958 -0.218029245687538 -0.189161289500476 0.0495277246930425
0.264932293141633 -0.207221863027063 -0.224121578341119 -0.163437359347966
0.290232635854282 0.064911793034952 0.03165271209241 -0.364810038612638
0.308194162967137 0.112029180529936 0.50687902771384 -0.138312679156067
0.426346819204889 0.335939213450932 0.248409215059786 0.344545357604071
0.517933999440035 0.422462068266476 -0.193469687966262 -0.156477128556078
0.495430804359854 0.0295890796250173 -0.348168031720594 0.0476140010441759
0.246272245119384 -0.164705005603187 -0.122233565037217 0.391740707524224
0.0928423666616847 -0.272120215574087 0.339338402924223 0.0710223349890279
-0.129327431087045 -0.154081605685776 0.0831683641155375 -0.221818609459149
-0.0442517807680412 -0.0461929798162982 -0.109987551139674 -0.14197980869246
-0.00500625658650285 -0.1153273262606 -0.141467302385558 -0.0201426995818346
-0.0357569521467331 -0.164635016926874 -0.098701179477502 0.0394126348022942
-0.0160879302232335 -0.160149561007012 -0.0857269667488052 0.0612205306874331
-0.0284194676803565 -0.121604154620781 -0.117661019070979 0.0659810020919666
-0.0168315813746472 -0.196811469874088 -0.159657372652969 0.00884242229656338
0.171375722558859 -0.18807878593894 -0.180887000776761 -0.0812657761272244
0.233923679355257 -0.0727760051534454 -0.121236228820599 -0.320976051734465
0.33036237962094 0.0116957686191193 0.409083592772601 -0.231597334227108
0.522632067366394 0.256957424918287 0.0975801464418675 0.206787587238894
0.452840589620521 0.424836449367736 -0.266973002516596 -0.330945823997039
0.435119975747613 0.0387702564457023 -0.33369006856352 -0.137204845759273
0.166823244851842 -0.124817132859771 -0.310356156664091 0.255885891632587
0.0529394028911048 -0.161396440774438 0.203894231095724 0.174410338975469
-0.055355224469418 -0.0392043205398159 0.120604834109156 -0.13355645585071
0.0583268038483901 -0.0180985565867055 -0.0504074174006066 -0.144461985264356
0.0609198735504625 -0.123958701883528 -0.105375362907463 -0.0792019650978331
0.00119919534844461 -0.161028415980884 -0.100708484784866 -0.0322872713994175
0.003247785097499 -0.138303276857274 -0.0993891782536621 0.00998318701029343
-0.0108018812114891 -0.087182271554179 -0.144798434211614 0.0247322030463697
-0.0181970037587155 -0.109975357310346 -0.144566154282649 -0.0611154689885724
0.0320067456609448 -0.111220962222499 -0.0996044262511146 -0.0325072689248902
0.125308729337 -0.169057740152279 -0.196755821947132 -0.245345069741779
0.267552613379025 -0.0999318507698456 0.29013759525891 -0.208927999912675
0.544177743340449 0.160721449710851 -0.0968249745409021 0.09641109639036
0.363987455428904 0.291132457924815 -0.285641645171354 -0.495951366270881
0.257945947934743 -0.0439304921225831 -0.293762678656005 -0.337196826612229
0.046705807810384 -0.0633141857876697 -0.438055218943668 0.104213839257265
-0.0131785888830478 -0.0555411079718575 0.0501896532101859 0.230513326521204
0.00635253599459758 0.0618822771899469 0.14566918102095 -0.027880253714585
0.117020284144639 0.00320294714862899 0.0333773021895522 -0.133743877056343
0.0997225782389054 -0.109956538049379 -0.0469344729578794 -0.138300686138677
0.0370314379765371 -0.132004895049257 -0.0883060639957937 -0.0966448429321797
0.0412850410083782 -0.107691612842756 -0.103978018229877 -0.0228649001369599
0.0462466856900535 -0.0415207433520658 -0.171831435263903 0.00397286739275924
0.0132458871790022 0.0157531452099496 -0.141048097033813 -0.111638646670579
-0.0849629905041747 -0.00963727016216515 -0.0503472193336933 -0.00722288587997311
0.00522582610097564 -0.169601669243931 -0.195005661231037 -0.197738729702498
0.162526154604383 -0.188840794325785 0.170480488908327 -0.112975559996244
0.47146999431668 0.0896467798061337 -0.280474381938604 0.018211865565806
-0.310735126123363 -0.0869167957521855 0.387686585480024 0.0668235025302043
-0.108331558898859 0.211407567285747 -0.0556970697380188 0.0497298488679804
0.106004083944919 0.119277857944045 0.158710618718086 0.166188567911873
0.129532221529775 -0.090927334213845 0.0569157030359801 -0.0348127359926316
-0.0814033740341527 -0.136427092881323 0.101608375283421 0.101241447066591
-0.127387657282104 -0.00940641210262799 0.163045846899465 0.0051815643490246
-0.105230618993985 0.0760786218042531 0.0820168508600861 0.0366770546864015
-0.079891815155141 0.0946062350579275 0.06610115269454 0.147299813421201
-0.0985159881882294 0.064515676494176 0.000302538068828556 0.188356885508822
-0.12610609705028 -0.0195189547483524 -0.110809504664182 0.145197056412081
-0.035844452633714 -0.115757530138906 -0.168567889039301 -0.0351940386175326
0.108060702624851 -0.0348625554687001 0.0224176169029916 -0.276267731438843
0.0223035123156422 0.0648096412786139 0.498506853238541 -0.0759204049160821
-0.0435720099837003 0.128891866808022 0.341179111342607 0.451784077953369
-0.232342117564424 -0.0639041512970989 0.317255973704803 0.601586211988287
-0.0675361743741575 -0.0553717432478705 0.403518548876989 0.10812674344971
-0.0561951659029084 0.126111201393981 -0.00527133110538639 0.0780187506302444
0.177114764758157 0.0904617219833836 0.193315156686114 0.172250065213527
0.152324284125515 -0.195933410473407 0.114595605672115 -0.0955282450269573
-0.150628104867056 -0.231621888271153 0.0633928419220387 0.038972111956959
-0.204935114113319 -0.0459446959976518 0.113390853684141 -0.00749770858769226
-0.14910657823094 0.0437878104531275 0.0397943054010994 0.0507016434263886
-0.0996772996711281 0.0304816000740822 0.0294500613593647 0.172779377990657
-0.078177835593753 0.000939095274828043 -0.0384299036691686 0.210866935183266
-0.0907460038724311 -0.0421848961022714 -0.152884904245682 0.152179178249818
-0.0373902416484332 -0.140620821366529 -0.1967248316903 -0.04581364747766
0.188745737654733 -0.0901518838227731 0.016495212329417 -0.290851974556713
0.0777434299314132 0.128929925235347 0.447162726320693 -0.102684444135546
0.0936159802232448 0.144761693125014 0.428064493101479 0.411281362593856
-0.0678323401147832 0.146056484066418 0.330324513932985 0.642698994519193
0.207801571274994 0.0155356796559052 0.31226557637205 0.122918277621661
0.0712636672528596 -0.0426982170554173 -0.0567180441735599 0.149047472775539
0.161282101733002 0.0254556629168264 0.230199202431598 0.255587186925529
0.149971332529019 -0.267523741911802 0.222057495037623 -0.148781323055974
-0.198600629134538 -0.282960697900067 0.0209488572515431 -0.0691562301580026
-0.246243865034105 -0.0688436636513703 0.0268441602913611 -0.0331619393812595
-0.164870734420932 0.00649127650839101 -0.0254430777415496 0.0582628782163405
-0.104598485370862 -0.0388562586733941 -0.00962851673647645 0.174117594017376
-0.0527790695677074 -0.0663896380208395 -0.0589603945566137 0.205113693780972
-0.0451836093609585 -0.0757319488267828 -0.155329654116994 0.157158022069106
-0.0141708524762072 -0.160517353491046 -0.217182197846377 -0.00937721032220538
0.247855491767154 -0.139410385849382 -0.0685491206375425 -0.290638484019389
0.172533714276601 0.184940606089679 0.352239723020217 -0.196581808181255
0.166743661010589 0.158635478510704 0.505697026844899 0.252328905438625
0.107021611481639 0.292008521415794 0.346653721609705 0.59710949654981
0.425707254126741 0.147061199218724 0.141461487158851 0.0884371320142258
0.275414147775296 -0.129707464965992 -0.16913712563297 0.188309645400906
0.162271738261998 -0.0918686092211915 0.192701515476872 0.358244943621809
0.123650555469339 -0.31114177784123 0.330276973535458 -0.13532213453851
-0.213411671785183 -0.283449690523283 0.00926980878149027 -0.179693036226517
-0.22949758294496 -0.0777023312862095 -0.0632967033515506 -0.0734239884785675
-0.141627701873588 -0.0385082160219677 -0.0930636951257686 0.0527605596074131
-0.0952585979355111 -0.0997199078355607 -0.0483112441172345 0.150608434108961
-0.0354243683463694 -0.124777862923694 -0.0673167147554098 0.172281271170383
-0.0194273364738055 -0.111469248032947 -0.134604574477901 0.146743514493839
0.00408617699688045 -0.193636535471394 -0.21436339145231 0.0367442431603952
0.281326398467586 -0.182747859030894 -0.176742809910025 -0.245682092980845
0.26384012258241 0.164346610715929 0.209787980961605 -0.314079227041779
0.238389762037812 0.159410565750727 0.542076539710581 0.045624110221636
0.280940056954729 0.352385888563715 0.331359839192858 0.486498926758795
0.527541925274115 0.307124689100113 -0.0472192380139689 -0.00571740903231676
0.438395704960638 -0.0721057110887587 -0.284684783226345 0.162734362117164
0.220500127701146 -0.164888158476796 0.0684117518258184 0.42210432091495
0.108753326214144 -0.325271323714118 0.382053718680533 -0.0520330089509812
-0.190194328285355 -0.239457997277614 0.0348158182571464 -0.239369534569075
-0.153545396069715 -0.0691627628840705 -0.116362368051456 -0.114883814291098
-0.0828375623692294 -0.0810329334020053 -0.137812526492538 0.0275993913452454
-0.0708997159596982 -0.143921281442058 -0.0795634127039453 0.10411836760573
-0.026792018994812 -0.159042811898388 -0.0725331289474888 0.120136416279975
-0.0197663602833665 -0.132758045694319 -0.114959771802479 0.113974393407092
-0.000767727260726082 -0.218705196545982 -0.188193376039155 0.0507754302105006
0.262195297859086 -0.210006696490001 -0.224978954611318 -0.160023043861437
0.29203595306496 0.0611907318015863 0.0285840104124439 -0.364850131530075
0.30894439346873 0.10864315184773 0.506256438386008 -0.142425927518358
0.428975225633491 0.333466196618263 0.250694517308164 0.343710394728469
0.518331225834416 0.41452325775459 -0.194582594556836 -0.153708349960689
0.496645568668387 0.0247646389880481 -0.346919987590963 0.0503615415805519
0.245254854988054 -0.166873770934294 -0.112721542448178 0.38873244041927
0.0924099258694686 -0.272346121937671 0.338645551403283 0.0682547928853273
-0.131004332292697 -0.152507576267222 0.0798374414582717 -0.221752859774362
-0.0444141187435586 -0.04607993595704 -0.111169248844792 -0.140138485837586
-0.00822320449635536 -0.113304870784754 -0.14155592010981 -0.0191883088927681
-0.0380932836973285 -0.165119647524359 -0.0983781221772928 0.0397475724698036
-0.0176491734090328 -0.160714943649188 -0.0848473718110485 0.0612247212963464
-0.0278331557638267 -0.123317414871439 -0.116434828235305 0.0670428006093858
-0.0192742554008294 -0.195308161098435 -0.158599393556193 0.0103396053516134
0.168419630362159 -0.189022061954718 -0.183616278123636 -0.0791163062050163
0.231491707200884 -0.0767577299347817 -0.124394946804287 -0.322367079066845
0.330798637072133 0.00778382354200165 0.408945848528809 -0.23466308801164
0.525018648014613 0.25445607201603 0.0998988885766818 0.204590170031981
0.455226648912831 0.415935994930504 -0.270808450837693 -0.329054607119246
0.435774924191042 0.0367304829412059 -0.334013065819054 -0.135262217060893
0.165870328255714 -0.125947101797836 -0.307847973881509 0.257476890079458
0.0510152439619912 -0.161012914795083 0.203475207653883 0.172292483131938
-0.0562818718388236 -0.0383979562502228 0.118126138651435 -0.135161499712918
0.057823280589753 -0.0192778494967579 -0.0520278231597064 -0.14298071615744
0.0593029204728347 -0.124668374993681 -0.106400412210542 -0.0779333441139353
1.74333390273629E-05 -0.160400166704677 -0.101417546514842 -0.0314616379026478
0.00184446930567568 -0.137943479670122 -0.0992222593899547 0.0114037621860896
-0.0108349735732509 -0.0873276782457829 -0.144500974089337 0.0247887122985552
-0.0200224608666287 -0.109258488941096 -0.14566645321139 -0.0593321752903423
0.0301554072900188 -0.111608396010095 -0.101378918479524 -0.0314068269151528
0.123398052750676 -0.170064749856091 -0.198886902724717 -0.244185822791175
0.266607224831215 -0.101843186484281 0.288667512248065 -0.211320540543914
0.545006193527685 0.156502510321156 -0.0962789762476287 0.0979374459899525
0.365140559328529 0.285961236152638 -0.289526822125928 -0.488147580854321
0.257851030955041 -0.0467429862345197 -0.297117438156029 -0.33407328478229
0.0455975118756158 -0.0633963570677499 -0.444392045304947 0.103219982312993
-0.013596925776207 -0.0550810707447219 0.0510437952834986 0.229776897844911
0.00661912049404931 0.0608967668806983 0.144693683398811 -0.0297038824992248
0.116851556120649 0.00248221185913092 0.0332367921089615 -0.133226348748161
0.0959539361990519 -0.109168584611413 -0.0491499189368565 -0.138284715421984
0.0353932446857222 -0.132036712697336 -0.0898683429784679 -0.0964290237007608
0.0403152618223435 -0.107339161436003 -0.10424399441531 -0.0218911039211033
0.0468488164400225 -0.042476828690114 -0.171548117619985 0.00433126459051836
0.0135836615104705 0.0156775848453137 -0.141211784233243 -0.110335096943852
-0.0849541940513294 -0.00801513589872222 -0.0500179427338663 -0.00653944911062844
0.00482185325497642 -0.169469113813225 -0.196679233268482 -0.195287995256644
0.161146219204641 -0.190869383123039 0.168277976681342 -0.114274577257613
0.472719597688022 0.0872979525321479 -0.280113100384116 0.0213837557302408
-0.3115783115897 -0.0849306428853882 0.388355971838277 0.0629225143261034
-0.106340753994578 0.212333485221956 -0.055204484486114 0.0498548409821477
0.107090582308431 0.118296371024447 0.161058182671423 0.165210404443683
0.129179892022145 -0.0917590634148715 0.0577740657710823 -0.0358458380278637
-0.083382242924256 -0.135166758739601 0.10162697715531 0.0995421667309017
-0.127140391165354 -0.0077792635991491 0.1625070572607 0.00292856526042945
-0.104945688316013 0.0766426366576305 0.0832913560029978 0.0361387085205709
-0.0792158378315574 0.0951108337716624 0.0682113273076809 0.14663542794915
-0.0974792800287949 0.066361375964422 0.00253750696634073 0.188176703146439
-0.12674583038307 -0.0178517528022073 -0.10906440884723 0.146945301343149
-0.0361527512128287 -0.115464694314588 -0.168287516172323 -0.0331780366646623
0.108411890576165 -0.0352699986284131 0.0206542293593453 -0.275747874614298
0.0230129778293906 0.0637827416660173 0.497772192369046 -0.0810863307016558
-0.0429177461278167 0.129102882816984 0.344864211644098 0.447978887142438
-0.233281427088937 -0.0627836016334224 0.320344524341831 0.596572435475979
-0.0674527389161942 -0.0546087796489965 0.404434795847418 0.103629299149337
-0.054756152320308 0.125847909275974 -0.00460150369394629 0.0777502013386134
0.177627348398227 0.0880785050256928 0.194067825028903 0.172099907572591
0.149651595142497 -0.197880143113593 0.11256103651292 -0.0968886841233694
-0.153404984572297 -0.230119312503494 0.0634507144036564 0.0377161286878209
-0.205289920810019 -0.0426225605359446 0.112826285982643 -0.00837453617618541
-0.148373451994158 0.0451408128847093 0.0401453197233189 0.0507465570320547
-0.0998805650093252 0.0310793651413875 0.0323925712980731 0.173045345364159
-0.0789243379234559 0.00219029403523935 -0.0357058891437191 0.21085741317992
-0.091262217466215 -0.0419119199457372 -0.150369145195539 0.153860131248988
-0.0379292297186313 -0.141057275877121 -0.196539480737747 -0.0431830695280459
0.188077013616041 -0.0925131674231567 0.0146442713475816 -0.290124451470979
0.0788566883490872 0.127371464706016 0.445211850699861 -0.103771041208968
0.0947528238136128 0.144104962128993 0.429546485928433 0.407189805821041
-0.0662781050561283 0.145046953704048 0.33219134657904 0.6362501446343
0.208072176236051 0.0136297654621219 0.312654169055993 0.119031870604275
0.0705514778317143 -0.0440950954888651 -0.0545729397297638 0.149203230947811
0.161564229678314 0.0225833916032912 0.232160398901386 0.253274115082125
0.147125158373667 -0.268811947859423 0.221647196238229 -0.152312604741279
-0.201313890086354 -0.280124800966267 0.0187338197380017 -0.0697478787274103
-0.247680043144638 -0.0662873641625435 0.0264684669809924 -0.0329877351137059
-0.164845755497918 0.00808735536216699 -0.0250514844551939 0.0591596824729865
-0.10558972816946 -0.0375418702934811 -0.00767173779030541 0.173531297465574
-0.0548780037861208 -0.0668043758859256 -0.0567115980200011 0.205409967483894
-0.0466524970017572 -0.0758783408365643 -0.152581784648277 0.158652466183813
-0.0157083226094114 -0.16149540503364 -0.21570332838424 -0.00728038088332432
0.246965094264831 -0.141930871734153 -0.0726955452093048 -0.288368512388527
0.174195820671116 0.18399097546338 0.34903986214325 -0.198969453973827
0.167475153993758 0.157499657419535 0.50733813248013 0.248823868996342
0.109723404508058 0.289978163845198 0.352881945124059 0.593003260125712
0.427748492037822 0.144603988842078 0.141171313266971 0.0875226179923424
0.27327639802301 -0.13150686763063 -0.166573405323906 0.190272380859465
0.161918826385943 -0.0940085729070842 0.195665906206519 0.358712229046551
0.123330691635055 -0.312996540979463 0.33048609995442 -0.138784731764791
-0.21590794008897 -0.279525073937905 0.0066977648213644 -0.178883971759129
-0.228992060647901 -0.0753213734105235 -0.0645689844711984 -0.0724391651859626
-0.142330743327356 -0.0361750341924772 -0.092390919328645 0.0551197696876623
-0.0970483507933509 -0.0990285698145671 -0.0467561633306286 0.151218897475594
-0.03644689220977 -0.125959100297581 -0.0649701402779047 0.17218023566896
-0.0221322144446194 -0.110355730336499 -0.131206747145838 0.147168464207824
0.00350369570433916 -0.193723651673462 -0.212534490766639 0.0385349488972828
0.28012403568703 -0.185424662878653 -0.179713550531453 -0.242734894607471
0.265259022259316 0.161453770339727 0.203801133907875 -0.314895284747565
0.239916385491952 0.157915454535209 0.5415858852024 0.0388152806066498
0.282957788460298 0.350502057235117 0.336803595365725 0.482289657642555
0.528477594013831 0.296927459092636 -0.0476731712351707 -0.00512748604969314
0.439324205338747 -0.0764065694077078 -0.281151405313519 0.165913247091733
0.21830149684709 -0.166755311418337 0.0717309166168742 0.421102363810614
0.104427948052313 -0.326507013799953 0.380056744426933 -0.0563964862757095
-0.193470561682046 -0.236808245475375 0.0323997700206003 -0.239190639123205
-0.154768481826166 -0.0679502238595137 -0.118886791599067 -0.113464538223649
-0.0838933981662654 -0.0798872996628972 -0.136681601196848 0.0294771491876737
-0.0738337707772509 -0.142983785054313 -0.0785274069171976 0.104525648557563
-0.0289337348556804 -0.15842389208228 -0.0724756737213089 0.120203986880292
-0.0208109637071289 -0.132765398054634 -0.112780151694486 0.114494200775383
-0.00294791769618859 -0.217564940217824 -0.187135905993645 0.0528683637026449
0.259994527306593 -0.211646195894965 -0.227048104364064 -0.156984388887933
0.293273707212174 0.0593516576833371 0.0235196575247602 -0.364193963483845
0.310146727565808 0.107057864469403 0.502525953477341 -0.145637813970346
0.430319943971819 0.329593502420145 0.253169602368263 0.339812397278925
0.519421195315169 0.403545680665826 -0.195883979741633 -0.150821918525513
0.495264195509853 0.0221867647611261 -0.346876862405156 0.0524715983980682
0.243084210296678 -0.168357924861283 -0.115420322984639 0.393643924674522
0.0914180089966328 -0.274689603330938 0.338825990018913 0.0643628194833572
-0.13220375759106 -0.151982948040582 0.0782243778511158 -0.222385436465235
-0.045065078328172 -0.045340305316431 -0.113428693698838 -0.13963147427363
-0.0111897668951577 -0.111561189999668 -0.141594937251253 -0.0160695312828913
-0.0396900386286183 -0.165254975403423 -0.0981507520170195 0.0403886150757608
-0.0205812072161132 -0.160459791427888 -0.0839922673616451 0.0613840330999533
-0.0264145691864005 -0.12528413660996 -0.116775098120473 0.0677718037331106
-0.0211976224575292 -0.194981424521501 -0.15848773505316 0.0126748925749984
0.164971587208545 -0.190776721992619 -0.183313088703997 -0.0765074948730836
0.23269772792792 -0.0787987941495945 -0.128730846537055 -0.318483274698081
0.329636699047518 0.00668609720031071 0.404788051569159 -0.239699801634755
0.526403479053572 0.249475038248375 0.100669748503926 0.203528782256159
0.45759744608163 0.407763717198426 -0.273523875186982 -0.325253126683249
0.435659462377404 0.0339451392614531 -0.334254702930459 -0.132605841564718
0.164370341645298 -0.127716567880155 -0.305705039883372 0.260158865150873
0.0491787397247363 -0.161990870613986 0.2048506998114 0.169913533942618
-0.0565299964297297 -0.0378367964337169 0.116846792774656 -0.137032554736074
0.0571323800710579 -0.0192338051990633 -0.0539125023405502 -0.142658846109464
0.0575378933833615 -0.1250996604945 -0.107403901048001 -0.0764411267300362
-0.00195110189438064 -0.16072911769496 -0.101755456767071 -0.0303568642193247
0.00105545879633726 -0.138346377867316 -0.0993791599345559 0.0118908057213451
-0.0120686152576715 -0.086442686411724 -0.143960987179699 0.0262787944117508
-0.0207581582238175 -0.109088128773873 -0.14526692505587 -0.0581461359279143
0.0291916634209836 -0.112385327446891 -0.10095553824112 -0.0292979255158469
0.122029702079507 -0.172173801975006 -0.20119068332355 -0.241646716228809
0.265551350542862 -0.104621128220614 0.2863696129789 -0.213278832501839
0.546591820675742 0.152891508260178 -0.0952645071170331 0.0986343618415588
0.366248930630318 0.279738202989254 -0.293028931197028 -0.485142325386826
0.256934017870506 -0.0493690527397189 -0.298269693332551 -0.331873294528879
0.0454253335880547 -0.0637704613235984 -0.446610585991772 0.104555265040138
-0.0140110635199288 -0.0555483743238755 0.0521522234522031 0.229897284953171
0.00783864054571136 0.0610198034187177 0.144392719525377 -0.0313484301630068
0.116770802606808 0.00101518046443729 0.0311512774031357 -0.133927271570305
0.0954662926182289 -0.111009394715056 -0.0516308188657128 -0.137043569806252
0.0345055912936985 -0.131894708048809 -0.0907890864135546 -0.0953836579432869
0.0389867451128611 -0.10717307100327 -0.104141349090004 -0.0217169763973992
0.0460509010940027 -0.0422184089112586 -0.171625676866646 0.00511067138688827
0.0133204348628234 0.0148969463191599 -0.141775883145997 -0.108664081464841
-0.0845570661437187 -0.00691229728447208 -0.0512722528520742 -0.00559178115389237
0.00384507783184378 -0.170620292933661 -0.198705193168406 -0.191482308321581
0.159740267690261 -0.191033201221623 0.167133467093795 -0.117052170442423
0.473241486825514 0.0832171104177268 -0.278667367221467 0.0256931789559012
-0.31154672355461 -0.0827017893123837 0.386719154380186 0.0605375623339157
-0.10384843143003 0.212582153366297 -0.055064010358472 0.0508182684250341
0.107382812818922 0.1168109159489 0.162053281455788 0.162798841831756
0.127926841970144 -0.0932790481471581 0.0573098536222595 -0.0368044180278586
-0.0841574620594831 -0.13410123974345 0.102813673870305 0.0978496276229144
-0.126915200927524 -0.00714690677166136 0.162067903646349 0.0014014756172343
-0.103373557022055 0.0781147844052387 0.0832302969860419 0.0357812178291142
-0.0786592139340359 0.0950829992387071 0.0707614233106801 0.146493107110026
-0.096854783609734 0.0666812084283294 0.00487821351574187 0.187563997247365
-0.126535374311736 -0.0170202927760957 -0.106587071821501 0.1475337786933
-0.0374117819544708 -0.115453732222612 -0.167215148028097 -0.0310032035118103
0.107302186723758 -0.0363838407519475 0.0183635252997952 -0.274557095631904
0.0235403785181798 0.0641723142087056 0.495535346967664 -0.084360279140736
-0.0410102192360384 0.129156007681875 0.349840128031969 0.44438086027697
-0.233310182160418 -0.0606870091337308 0.326395715815865 0.593431072971749
-0.0676107277309908 -0.0547596240262793 0.404746391615485 0.0984597182867485
-0.053720092865422 0.125344944628415 -0.00431369553079027 0.0786704039835782
0.178190755084664 0.0860314125784912 0.195746499008149 0.170264097723511
0.147919926922757 -0.198982009503196 0.11356495798468 -0.0988793734381583
-0.15439965788625 -0.227029550156175 0.0634419656516153 0.036460092165241
-0.206415963736421 -0.0414436142559868 0.113204179868015 -0.00931207222622081
-0.147480606459421 0.0470838293740098 0.040693500146725 0.0506455750950363
-0.0995583349952627 0.0325214770141766 0.0349232193886214 0.172540010886321
-0.0792451552358847 0.0023843913400241 -0.0339817465326031 0.211403338554713
-0.0929581886802078 -0.0420537513345897 -0.148111431089546 0.15454157099877
-0.0392417576040903 -0.140276203804682 -0.196104881517278 -0.0412786353185886
0.186144799630386 -0.0943533697094118 0.011412016282151 -0.288325019119491
0.0801692592744758 0.126597834838935 0.441056141657663 -0.108655578999561
0.0945436044040758 0.141946263710427 0.432885367480983 0.40313593786677
-0.0663339807219747 0.145166352639962 0.340201854028577 0.634439451543357
0.207240429142816 0.0114777214157601 0.313041385286384 0.11536603219872
0.0698662527834137 -0.0438121219651364 -0.0540753171173843 0.149925101414804
0.161516461102414 0.0208006921095228 0.23543127959448 0.251155065983678
0.143407837072895 -0.270141442266616 0.219754525067091 -0.154109466598548
-0.203669000590705 -0.276587709525113 0.0179349249475451 -0.069910023310735
-0.247556573021132 -0.0633924217578855 0.0253925273992056 -0.0335664248237606
-0.164499788190275 0.0097631434308066 -0.0238705742869404 0.0599269542242586
-0.106860690366274 -0.03629740407795 -0.00528889692850466 0.17405589282491
-0.0555427364151598 -0.0665925642341657 -0.0540970574913638 0.205839019274854
-0.0472752232946258 -0.0753602572452878 -0.150378081431531 0.159230393095046
-0.0179233908827999 -0.161024073492899 -0.215389447365615 -0.0053780089736166
0.245169856940358 -0.144261999797104 -0.0748833531336562 -0.28729006371643
0.176257770601237 0.181149293878914 0.345980242225359 -0.201216297348707
0.168488608791561 0.155643459671975 0.509475982245789 0.242256332131238
0.111464767686609 0.288124413652615 0.354691672914866 0.589726349511422
0.427198546849866 0.140797487621272 0.142838046367048 0.0854384227886613
0.272212297380165 -0.133427672548909 -0.165284373126305 0.192369171214259
0.161003773327973 -0.095104945906977 0.198763131590397 0.358319569893423
0.119709567724907 -0.313467451492646 0.328575451962859 -0.143108207052053
-0.217294896985439 -0.277680066438274 0.00400208031505257 -0.178503314364343
-0.229866479798118 -0.0731698812016474 -0.0648417587186492 -0.0715920692436701
-0.14236126687678 -0.0325017864817038 -0.0909093232248129 0.0554759095665504
-0.0973876663083186 -0.0977959115359372 -0.0443434471037167 0.151379461587986
-0.0395927477307432 -0.124792116045573 -0.0634708952741838 0.172272581222476
-0.0209014965271266 -0.111235136713023 -0.129829128979433 0.14825946635387
0.00171793900833867 -0.194247214526241 -0.211519327904758 0.0406067700372254
0.278833061459017 -0.188413411725212 -0.181643263938037 -0.239458524789663
0.26670681064345 0.160041623979105 0.200835623419308 -0.315683884476532
0.240449501023118 0.155659241908744 0.539377191795475 0.0335782618212442
0.284870591584309 0.349052480883231 0.338816439103547 0.47904578063459
0.528561723475274 0.293146173472542 -0.0469357208039104 -0.00438419579580274
0.435530772071612 -0.0792478904110962 -0.279090752920907 0.168109526324757
0.216520694203409 -0.168699527847301 0.0762132077617503 0.419126499241302
0.100450728449322 -0.326816436390208 0.378942467549274 -0.0604621781380341
-0.194698403076565 -0.235532793501932 0.0303857607118398 -0.238929232714795
-0.155181756567015 -0.0661485365830576 -0.119062925402544 -0.111638079184369
-0.0851541559356614 -0.0795627481268471 -0.136163692290532 0.0308695504239654
-0.0753110004734574 -0.141935605331321 -0.0771896275258047 0.105096245203702
-0.0302295138409413 -0.158984863008666 -0.0709740303576604 0.120254760515456
-0.0220076648173757 -0.13216512501846 -0.111071036039642 0.114734877251395
-0.00476796862304831 -0.218134146611559 -0.185700722899036 0.0547393461907787
0.257801092360747 -0.214834945163914 -0.227966271214902 -0.153441292887127
0.292045666530827 0.0564042006393584 0.020066840659595 -0.364420245532792
0.31078200273927 0.103459813345127 0.502047857428891 -0.150425069968594
0.432879373877378 0.325350934058129 0.255835454369935 0.338477154034286
0.524142305916383 0.404884470255823 -0.196877514871986 -0.149442955455996
0.494240191731845 0.0172317152356632 -0.345502884647999 0.0559803688519718
0.240560557918015 -0.170734349715042 -0.114375051727644 0.395209902363659
0.0853951627052664 -0.2734306753462 0.33868542403175 0.0618614075280463
-0.134251421870599 -0.15025290439398 0.0748744298868087 -0.223075873983716
-0.0461629894014742 -0.0445799548680594 -0.114824605334057 -0.137198020131153
-0.010669975094428 -0.113021449506008 -0.141872064320389 -0.0148292933656194
-0.0427259733353734 -0.163361668295488 -0.0976604189239065 0.0413151658557078
-0.0226935961833567 -0.160479695051066 -0.0842192609764115 0.0620817436972621
-0.0308494047497122 -0.123042132896507 -0.11535112827276 0.0679565432023742
-0.0232387146087078 -0.194670172471791 -0.15762631807061 0.0145974006388034
0.164088205305622 -0.191866021572517 -0.184278930995201 -0.0737458421411004
0.231349037971704 -0.0811686507205656 -0.133003223120315 -0.315450451744321
0.329335778803367 0.00426669910365954 0.401143019352789 -0.242406945205496
0.528210435556751 0.244140218204527 0.101995473354526 0.202997572870068
0.460936991788634 0.409244756342759 -0.274158432664922 -0.321397915420765
0.435083088516911 0.0306194109705359 -0.334285581026155 -0.129754584858464
0.163195149279846 -0.128697346125026 -0.302626604809039 0.26139064575291
0.0471170265225855 -0.162570979547935 0.205203789611364 0.16684271039447
-0.0573661045455903 -0.0367961652002415 0.114458825598265 -0.138036270951111
0.0567361098774101 -0.0193680362644896 -0.0551368051066825 -0.141810480120743
0.0563196038269103 -0.125538252742605 -0.108792650198951 -0.0746095410487698
-0.00427897006689121 -0.159740929017897 -0.101858634166534 -0.0296756772410488
-0.000862528499395277 -0.138502364763048 -0.0990730407438008 0.012275861814764
-0.012834306747831 -0.0859196314690091 -0.142708664665124 0.0270292756757121
-0.0221013259221799 -0.108040730828925 -0.145420974962288 -0.0556356781657477
0.0276383078684561 -0.112856107106579 -0.102698467634944 -0.0282114200821883
0.12094862445549 -0.173226036187506 -0.203247821911039 -0.240573683789605
0.265384346916202 -0.106665525810442 0.283766500108887 -0.215207017119127
0.545346002926122 0.147100776881258 -0.0939994428278825 0.0996062338393486
0.368004929163819 0.279481970056375 -0.294104783775949 -0.485633707488207
0.257222932606481 -0.0509102353071679 -0.300977752822771 -0.329913981564934
0.0455279881348302 -0.0642636946940334 -0.436883693313001 0.112745301118144
-0.0153225779058693 -0.0554163651706448 0.0538142205711454 0.227871429817365
0.00795077469925699 0.0607528203150949 0.141949573460734 -0.0324593670019692
0.116269934147647 -0.000606437263741063 0.0293940803292648 -0.133681902018052
0.0963855967841787 -0.112688748921194 -0.0523200168701328 -0.136265789122805
0.0313067858111996 -0.131576359311715 -0.0920566746992137 -0.0950245219261179
0.0375200499112045 -0.107748926460425 -0.104786681648121 -0.0204582633079533
0.0447885843548252 -0.042084638126363 -0.170503759017864 0.00784896649428405
0.013197044803257 0.0156647642781001 -0.142112610773432 -0.105871432153979
-0.0851259596203949 -0.00687057220596411 -0.0513658223994161 -0.00428033339924866
0.00291851463899351 -0.170870164960913 -0.200916381811168 -0.191030150886136
0.157474908103473 -0.191527276557415 0.166390747835533 -0.118342422467457
0.471588448939945 0.0788002478322755 -0.279264472914362 0.0266545637568349
-0.310267877642835 -0.0794349040337372 0.386276421321742 0.0559685660445938
-0.102430852900108 0.211929965392019 -0.0542322912885315 0.0510255911008849
0.107987918388772 0.115050484630026 0.163978680614483 0.161261043250241
0.126286594742141 -0.0935567377843322 0.0572305648293467 -0.0380339341346774
-0.0850451209455216 -0.132513185650294 0.103708215216932 0.0950519153000821
-0.127217356171076 -0.00607014216182923 0.160923697140439 -0.00109957269177231
-0.102607542368683 0.0791187941720668 0.0833398277054972 0.0359092114344025
-0.0771870875217546 0.095536191799468 0.072140510178641 0.14437837227272
-0.0962425919296092 0.0670530812980254 0.00734387747414947 0.186905643708571
-0.126274792219433 -0.0159589584321296 -0.103904309009507 0.147801558721591
-0.0376504539620951 -0.114620462971539 -0.167047706821996 -0.0297406588602129
0.107657936360223 -0.0378724734437641 0.0170479663059197 -0.273782592306321
0.0243747422145627 0.0640615193866431 0.493589157522547 -0.0885953942835039
-0.040962529897528 0.128640201624624 0.35176866630737 0.441288930027382
-0.233266780064958 -0.0582121310221986 0.327837002713545 0.586590638246063
-0.0673626998435296 -0.0539924833470414 0.403318351316168 0.0956983258377328
-0.0525782695224707 0.125195004667926 -0.00356458515623242 0.0779789965662152
0.178342592974087 0.0834503671465324 0.196880007905323 0.166593578632024
0.144156308884811 -0.199838693392427 0.111870259179586 -0.100046683235776
-0.15639269654509 -0.224605930583098 0.0637277576172398 0.0357301045982775
-0.205677755654406 -0.0400635793199614 0.112319420269461 -0.0105269713150077
-0.147283327782789 0.0487156704554369 0.0414341130079514 0.0509874228656101
-0.0986697377816678 0.0335645863916777 0.0370237390394293 0.171412267823988
-0.0793893139046323 0.00307251665982712 -0.0311484912813078 0.20994993152854
-0.0926145939798767 -0.040641235949544 -0.144962471976525 0.155168856730899
-0.0412736529963304 -0.140194158972462 -0.196032481645563 -0.0393967823240827
0.184944674305125 -0.0957963398117955 0.0089613383053092 -0.287364007692399
0.0811995732391078 0.126059016704389 0.440680187975437 -0.112712772662842
0.0959642740163991 0.14083379426413 0.43455254734257 0.398479424008809
-0.0639498330493 0.145098512985684 0.344232454833514 0.63093860930748
0.20709417352029 0.00891868761365227 0.311862379063082 0.111841952092908
0.0700351497085169 -0.044755605029928 -0.052742752658111 0.149808188262645
0.160758014232991 0.0188819370458464 0.237605408376226 0.249204655909239
0.140906754185431 -0.271756958101295 0.217721061060039 -0.156767444022359
-0.2053290975909 -0.274120264749977 0.01737346670954 -0.0698645540325793
-0.247440875714427 -0.0616674134977965 0.0251598412943577 -0.0339349437618111
-0.164726797010116 0.011617928779166 -0.0227559013140307 0.0599985290550026
-0.106920201090744 -0.0350500583014821 -0.00289131236623688 0.173750387185335
-0.0571181648693997 -0.0661322733431358 -0.0523642899997074 0.205802323441593
-0.0484523306563707 -0.075673639916855 -0.148719774497168 0.160251212179122
-0.0193190078995334 -0.160676944704114 -0.213298355625626 -0.00254191934063651
0.244134774539934 -0.14753081409642 -0.0764308557838064 -0.284938239272758
0.177558834703218 0.179291660414481 0.34293675645992 -0.204590140053015
0.169234162550308 0.153805195018223 0.509347073969603 0.237138961768654
0.115079940849961 0.287720131703116 0.359061000373343 0.584206812505186
0.425103450307529 0.133471994080202 0.141728359186053 0.0834732886955743
0.269578300476241 -0.136065865417783 -0.162748815470988 0.193207499851049
0.159248954863034 -0.0965790531388291 0.202539742143435 0.35217849869033
0.112943497902725 -0.314501232497745 0.325415684672046 -0.146499884137882
-0.221584443556933 -0.274644955566895 0.00189291174980091 -0.178195686765269
-0.229936373623854 -0.0707179953216848 -0.065427208033546 -0.0710223795056226
-0.142985235030315 -0.0324891625058002 -0.0898417013438652 0.0568272550190891
-0.0986772898670313 -0.0965514164534877 -0.0423515058314852 0.151090274739521
-0.0410352800513897 -0.12510559917124 -0.0619766269136875 0.172968633478274
-0.0211363869185899 -0.112279474166469 -0.128821012942922 0.149261764349093
-0.000973955596416068 -0.193116492275458 -0.209994188007407 0.0431205500036504
0.275576068189838 -0.191678741883561 -0.183533837259897 -0.237550527278677
0.267459847499305 0.156755505327293 0.198940664375977 -0.317567294548552
0.240777034301866 0.153437101377453 0.53842034474243 0.0296174641968948
0.28779972270863 0.343745638453773 0.341224421209206 0.475882534657289
0.530968865297373 0.292494680744808 -0.0475353169000507 -0.00370834693303972
0.433321065210856 -0.0840757115670919 -0.276551614353459 0.170027483877385
0.215575883123081 -0.170010085689925 0.0796619036701024 0.417922319113566
0.0975917144631035 -0.327227033797248 0.37647546439292 -0.065400515380898
-0.196676881682483 -0.232297808789629 0.0263988182897883 -0.23837485693145
-0.155886285710109 -0.0654339351968151 -0.120808739471922 -0.110438182306555
-0.0861156259838538 -0.0780947699375483 -0.13541744454127 0.0331317938987274
-0.0764896514884922 -0.140036627863785 -0.0756681215939403 0.105548861540689
-0.0333878446429168 -0.158125810207888 -0.0703159073917486 0.120440448001317
-0.0239313658102589 -0.132341764630898 -0.109766247625162 0.114917118528923
-0.00740607381517285 -0.217128969543815 -0.183494471791408 0.0564111943577207
0.253970302107674 -0.217529326064945 -0.228921074968926 -0.15088912152091
0.293313127555053 0.0527388283039138 0.0167371026468014 -0.363873157860769
0.310457765657338 0.101046539621098 0.499359322980002 -0.154072213817665
0.433405565663414 0.319971242574447 0.257401119135946 0.33560682552065
0.526099198920553 0.402918883893316 -0.197799231697728 -0.147200239608311
0.491405534137298 0.0131501640929519 -0.342817685447846 0.0590228310320571
0.240219168111517 -0.172667779781258 -0.105793609886575 0.391265542863589
0.0812604565462069 -0.272476866948631 0.335998575512734 0.0556516872381325
-0.135081801332953 -0.147915812683624 0.0708392553337122 -0.223366474623371
-0.0468733420910557 -0.0448359423659986 -0.115804155487313 -0.13499087737864
-0.0109157002689435 -0.114460850531549 -0.141087731741879 -0.0133895043826852
-0.0442548703293116 -0.161992872662562 -0.0965017576829706 0.0418047378687384
-0.0238133573018113 -0.160540681222842 -0.0835891076524208 0.0625122743742837
-0.0339566739704667 -0.120208602332721 -0.113287987933071 0.0681297186952303
-0.0252156383621754 -0.194089784756542 -0.155719397456633 0.0161028071718902
0.160984680097686 -0.193872644346086 -0.185264817762441 -0.0707435927241493
0.230590876029742 -0.0836516075235518 -0.134763117873446 -0.315925348654042
0.329093153584752 0.00173795617526956 0.399707551147471 -0.24409030091248
0.527796526070447 0.238094694005321 0.102891117371508 0.20273944206614
0.461363112944295 0.408325404160124 -0.276003350951193 -0.319672619864181
0.434973275644077 0.0262566650330518 -0.334689429927761 -0.126540549895725
0.162545871712721 -0.130051359799242 -0.298983088266931 0.262849618985571
0.0457534218418146 -0.162702441770664 0.205588652069007 0.164392582147662
-0.0579469833380099 -0.0359635772038213 0.112852005990636 -0.138080753307782
0.0560885107155466 -0.0209057521317628 -0.0561130357255744 -0.140479377316281
0.0540132406642588 -0.125308749900394 -0.108774719966137 -0.0736689891770009
-0.00525087066296214 -0.159522234399272 -0.102760552290311 -0.0289677330734019
-0.00234594442073863 -0.138224971531024 -0.100022976969233 0.012515911803331
-0.0139610829086229 -0.0857968123664889 -0.142076529488372 0.0276077176361453
-0.0238145029903727 -0.10735479702895 -0.145638110566184 -0.0532409030725321
0.025930216257528 -0.112403384875854 -0.102635009799052 -0.0269552213126573
0.119260091560153 -0.173789886898083 -0.206549831144696 -0.237515533433143
0.263839821242087 -0.108065137714916 0.282032324262675 -0.218664236034214
0.544846424251971 0.14091781683249 -0.0933821316496081 0.100835807362492
0.3701700983074 0.276829298746622 -0.298146462899752 -0.478500863344073
0.255391922112471 -0.052330501227654 -0.302805133638653 -0.32668749458599
0.0446070301600068 -0.0648329497436629 -0.43108549630536 0.116206808449431
-0.0156579894430489 -0.0550297691443455 0.0554247149416662 0.225637058286671
0.00853481706548394 0.0606433530594072 0.140975706321715 -0.0342306539384973
0.116390061426838 -0.0015253086245391 0.0271904023383631 -0.132757244588132
0.0939010431085503 -0.112654194069154 -0.0540960978403358 -0.136323769736993
0.0314499392934818 -0.131160845570938 -0.0928641576664229 -0.0939398165443443
0.0365794527214899 -0.107535858886648 -0.10536497663933 -0.0201183233449683
0.0440385810456664 -0.0422616874071903 -0.17051533449486 0.0101137646870568
0.014022375018437 0.0158965128060274 -0.142936289331718 -0.102491169349758
-0.0851418785383147 -0.00576143007962503 -0.0522244501867777 -0.00405975739620162
-0.000435273830178288 -0.169604721285877 -0.203620108664886 -0.190481154486417
0.154151059978473 -0.192162083816856 0.165612763669302 -0.119428691132951
0.470153241826939 0.0740371787868593 -0.277871774225472 0.0297954198905259
-0.310314219781701 -0.0776243148001554 0.385482044600009 0.0524694283268969
-0.099551899646861 0.211997558249413 -0.0535367445944329 0.0513466825111958
0.10910419378159 0.113242654294404 0.164960197958868 0.15995966735518
0.125535728605121 -0.0950503651249707 0.057155635830035 -0.0389938968991085
-0.0859134940557508 -0.13087780810202 0.104092298270335 0.0941564527720183
-0.127288789149456 -0.00516400010608408 0.159019975231106 -0.0014453667622916
-0.101746631874394 0.0806244858751649 0.0839355293388403 0.0354198931352973
-0.0761263850602512 0.0968729580634562 0.0738251084632083 0.144346847408047
-0.0957138867501611 0.0677204347461813 0.00919613153825963 0.186691569894693
-0.125662514526415 -0.0142743956054194 -0.101644308167301 0.14884791542645
-0.0390967769973715 -0.114503442493292 -0.166040239276037 -0.0273912068545248
0.107005277415858 -0.0399915256256589 0.0136267270038076 -0.272164989565072
0.0236622320798755 0.0635216309643978 0.490959208649736 -0.0934839670974669
-0.0400855498467193 0.129450133912902 0.354395871935641 0.436110665268592
-0.233210033140996 -0.0570238901004963 0.33347211321527 0.582789133638621
-0.0681336869546574 -0.0533043959560966 0.40326830128382 0.0919753411589164
-0.0507895652086 0.125349693225255 -0.00283803451558494 0.0776284381840569
0.178156289946189 0.0815320635658486 0.198563198174602 0.165250872597016
0.141752318863372 -0.200534475468553 0.111129769196837 -0.101367285967225
-0.158589786879281 -0.223501926513539 0.0636004295452316 0.0340427287678051
-0.205813503377732 -0.0371372235272738 0.110905790607454 -0.0123280494491209
-0.146904705226882 0.0496212169452279 0.0423150879236956 0.0505715944420093
-0.0987527403595059 0.0338017060437282 0.0395983974453955 0.171001165868714
-0.0795860961912182 0.00332874793737433 -0.0294248169674465 0.210480616279501
-0.0926019929064504 -0.0391996767015471 -0.142880824328215 0.156552737197999
-0.0416402778185479 -0.140054559184853 -0.19391903200296 -0.0371194268950959
0.184069046942631 -0.0983339882685634 0.00710250892533723 -0.285684325370287
0.0821770110674842 0.125877119696794 0.438099180384064 -0.115482694003767
0.0963368279649649 0.140191891557325 0.437584492800735 0.393055454865328
-0.0633093011103123 0.14530794398213 0.345281700814452 0.623913600090106
0.207753123109561 0.00709100838800579 0.311642231202402 0.109092010782496
0.0690249924430899 -0.0457131617266356 -0.051004099287927 0.150009537706758
0.160340976265822 0.0167847078945538 0.238582730037892 0.245665351074827
0.136765245248036 -0.270929745766353 0.215703430325288 -0.159725720864561
-0.20805493565181 -0.269667211865306 0.0160225280205917 -0.0695907804207988
-0.247609511617182 -0.0592609966463341 0.0247167343598468 -0.0342484696339034
-0.164151118209841 0.0136979780964818 -0.0217379440717097 0.0607719863179625
-0.107586493254934 -0.0334981967193994 -0.000879698371693486 0.173502233639428
-0.0575333189444085 -0.066057253289597 -0.0498412817974038 0.206029300288381
-0.0497369670154979 -0.0750155546682774 -0.146114474111391 0.16119594151274
-0.0200483561097091 -0.160851353005073 -0.21267708812002 -0.000296426567350399
0.241068820491409 -0.148986898800343 -0.0792495666932133 -0.282437418635589
0.178281541465079 0.177292056363244 0.339827346220926 -0.205891657073604
0.16951053233085 0.151824310795255 0.510564600104122 0.231680663434952
0.117265920897871 0.28488552586463 0.364086462048622 0.580519369994522
0.424677886886967 0.129748120196075 0.142391366704443 0.0814374284561474
0.267210256444717 -0.13821517137111 -0.161386780562151 0.194249851639847
0.157565786679169 -0.0982901555901225 0.206198170816906 0.347056474172877
0.109748255612472 -0.314312268916476 0.321562117961548 -0.150283691905731
-0.223188524577396 -0.271367704012911 -0.00115017740738008 -0.177345389437281
-0.230935062232482 -0.0684022112151361 -0.0659575907904124 -0.0698971159093014
-0.143311872309615 -0.0323517354554872 -0.0890440980470196 0.0586281561011687
-0.100430885075003 -0.0953795175250681 -0.0409941666915527 0.151788311325682
-0.0426972404081711 -0.125196503117695 -0.0596616545447767 0.172643186382979
-0.0250784382854259 -0.111022528497388 -0.125977382740514 0.149667816440562
-0.00192757592080267 -0.193883179953606 -0.208162712170863 0.0445276126738059
0.27316829023137 -0.193386950755459 -0.185237638352875 -0.232725919037952
0.269368034788102 0.152396969824158 0.192584518731967 -0.317692977523505
0.241123076219199 0.151306947566948 0.53691755994583 0.0253001731841419
0.288580903888902 0.341242215640075 0.344869557256432 0.471606676797855
0.530715471762997 0.284544698195001 -0.0462398913421704 -0.004325083748529
0.431638035451562 -0.0876364484194822 -0.274339783204491 0.172280463888558
0.213323589240671 -0.171456345965831 0.0830939918467515 0.414431458077949
0.0932691324905294 -0.327252737727414 0.374569637308582 -0.0688160890691263
-0.199166168161924 -0.22936863848174 0.0234871636698479 -0.237675145449973
-0.155814446304523 -0.0623418664414902 -0.121144186431125 -0.108420092063132
-0.0877468070365455 -0.0763189560923594 -0.13400720202129 0.0346173364098644
-0.0787308378215013 -0.139450044125583 -0.0745890570183871 0.106010297618566
-0.0353539163598201 -0.157890579983887 -0.0689630507004486 0.121170141903806
-0.0253964834005432 -0.131363238869186 -0.108393412049464 0.115335857442747
-0.00940546008346783 -0.217390995874815 -0.181145565909953 0.0582898536110111
0.250537779025152 -0.220386145159385 -0.23019879954228 -0.146638969593536
0.294140968607038 0.0501734182816555 0.0115820916357092 -0.362918753140588
0.311199074969777 0.0985668918109379 0.497034625603473 -0.15864128058187
0.435532233730879 0.315506862746736 0.260314646049518 0.3323170611936
0.525189230405224 0.390508715665433 -0.196938784355461 -0.144476293191233
0.491024474249404 0.00966374193861919 -0.339887321367398 0.0613502770923061
0.237979089160591 -0.175016895162447 -0.0989567062288617 0.387994046318605
0.08039174533114 -0.274305712730351 0.335794736893111 0.052242396742264
-0.136636396419377 -0.146969960864312 0.068661809455267 -0.223201364839966
-0.0474660911079578 -0.0451354616533951 -0.11680213275567 -0.133354770629146
-0.0136647688679673 -0.111748054672578 -0.140917379610178 -0.0118345973890057
-0.0450144760710168 -0.161229438675709 -0.0965781376438394 0.0427076364592228
-0.0261400842583498 -0.16018411965696 -0.083270452313719 0.0623488052646588
-0.0322629090995977 -0.121388867484772 -0.112763220269916 0.0691455000569714
-0.0274389487558464 -0.192776412253071 -0.155410401402602 0.0185185097899522
0.157444547071413 -0.196059446165858 -0.184937345313587 -0.0681972318729931
0.22840080054119 -0.0869539690174824 -0.137292780969107 -0.314677350302784
0.328141259517027 -0.00164099570983058 0.396297919030065 -0.248748094389081
0.529398140700428 0.235702363088975 0.104598175042285 0.200651778699372
0.461841636535325 0.394985459852186 -0.278706470697637 -0.315082369645931
0.43239129744235 0.0215318868488857 -0.335193667526628 -0.123882835202106
0.160009999424366 -0.13053444764435 -0.295264064106851 0.264611805072053
0.0428766875401099 -0.163150582872568 0.205241584170811 0.161158313082932
-0.0582136222668426 -0.0364447827963817 0.109798284078159 -0.139014686187971
0.0561604587627692 -0.021136945984309 -0.0576198350537266 -0.139258916790368
0.0520802141023241 -0.125873300861156 -0.108710266897075 -0.0730612839719591
-0.00759429592284023 -0.158207659982035 -0.10295218422871 -0.027563355354409
-0.00473454036528959 -0.137840910678816 -0.0991162290218074 0.0127478299918303
-0.0139246219803508 -0.0853133906774982 -0.141496075089389 0.0292028360746221
-0.0261121324023104 -0.106521099449323 -0.144810753513093 -0.051730380653598
0.0240152179059014 -0.112934303787183 -0.102644832310399 -0.0247836520268145
0.116623063084308 -0.17589269262618 -0.208240551244835 -0.234956530876636
0.262014981030515 -0.109541883469796 0.27813585175191 -0.220795511417028
0.544401561026975 0.137080190581745 -0.0920687961484316 0.101836106163943
0.369964834966731 0.271313002075243 -0.300695665877303 -0.472579558402548
0.254835355397328 -0.053956449185984 -0.304800846081751 -0.319601723871837
0.0443473605730642 -0.0651440074791682 -0.436180435699392 0.117890224823363
-0.0165728547399706 -0.0543987205428885 0.0565483993514256 0.225079819946309
0.00830892502276943 0.0602415732604395 0.140277308167287 -0.035795490632081
0.115485621587628 -0.00296195147869138 0.025619625228275 -0.133018748729649
0.0903555932823565 -0.112168565056984 -0.0560229398084333 -0.135041356781016
0.0299689325147324 -0.131843968416544 -0.0938621461076223 -0.0920142884174429
0.0352156615964884 -0.107142933952451 -0.10598458297318 -0.0195084396010123
0.0444778835195277 -0.0433196241568683 -0.169697036634588 0.0102948758289034
0.0121912092459785 0.0152146011812136 -0.143359277835373 -0.101520255355659
-0.0849318827948799 -0.0056197631472227 -0.0528222188864476 -0.00257575993650342
-0.00147560684834243 -0.169251496195975 -0.205036468721216 -0.186354148633945
0.152598442745919 -0.192909451989444 0.164001402934411 -0.120349009665737
0.469359324731268 0.0707070280467346 -0.27693104633662 0.0327861128481832
-0.308180172292381 -0.0744883085060253 0.383419187715017 0.0481891001671834
-0.0973402466438116 0.211850194029133 -0.0533612150514117 0.0519684103608819
0.108339407831942 0.111975747054033 0.165531124934592 0.158888971928665
0.123916566634493 -0.0955450000510358 0.0563720476268321 -0.0399532642992563
-0.0866166405257743 -0.129167802452304 0.104761200168808 0.09195618026107
-0.126711484760311 -0.00392221926159565 0.158921796033775 -0.00419574547406302
-0.100417769363217 0.0812798845303473 0.084124045934582 0.0347206929388381
-0.0751443699966855 0.0970927906627807 0.0749172028378975 0.143137438724509
-0.0945783475422599 0.0681811348817439 0.0113023051148437 0.18595351369271
-0.126252551754835 -0.0130692113552386 -0.0993573429535059 0.14898193225987
-0.0402794111715994 -0.114286517060746 -0.164728328566148 -0.0257977972698136
0.106398590122013 -0.0401905617119946 0.0110461080019529 -0.271219031745286
0.0250213604319257 0.0637972224013543 0.486971224930788 -0.0961384207186352
-0.038520571495784 0.129367651746363 0.356065263495467 0.432151577160463
-0.23260093283916 -0.0547885071794482 0.333969206349014 0.578808358733818
-0.0677709657014495 -0.0528399112416512 0.400223822569733 0.0863612424143883
-0.049437702237335 0.124634617399414 -0.00219598606666971 0.0773474828718726
0.177932339934255 0.0789407450573798 0.199482671187928 0.163552780340995
0.139957150237695 -0.201895208593261 0.110010934304429 -0.102581402504208
-0.15960309977799 -0.219959214637072 0.062694998711118 0.0331484145294932
-0.20498998078814 -0.0355201598405129 0.111052507994089 -0.0125147385194577
-0.145196854616423 0.0511533908563209 0.042603896875365 0.0502248201715861
-0.0977840701683022 0.0346286303824654 0.0408987719882547 0.169754249858873
-0.0794117758472224 0.00416201276976598 -0.0265993135648798 0.209620226547918
-0.0930945886733051 -0.039264379738428 -0.139812710042777 0.156531163663585
-0.0424929441094664 -0.139598215974118 -0.193454819595149 -0.0349627046596796
0.182726308660207 -0.0995656180074898 0.00411340817135595 -0.284385921484401
0.0835541389423947 0.123851482783012 0.435073352310009 -0.118126852091809
0.0972795296486182 0.139226566144395 0.438660715948048 0.388592823568972
-0.0620842984006704 0.144194888405764 0.349229763794093 0.620195362581987
0.206608795858486 0.00506635306671266 0.311583872025153 0.105388227984445
0.0682498101356559 -0.0457150500456064 -0.0494121754067329 0.150095990583508
0.159800476089106 0.0149885978152694 0.240875315296474 0.243050665261367
0.133300723312813 -0.271275678225987 0.213936430565708 -0.160792934434958
-0.210005357388581 -0.266891519803194 0.0148752224855935 -0.0698226786602587
-0.247967961696057 -0.0560044911924041 0.0237370062902944 -0.0343213906560061
-0.163425921956854 0.0149814281872709 -0.0207714044602051 0.0611925720409776
-0.108308366228095 -0.0320516922422686 0.00121433594744315 0.172547664219178
-0.0586739502137038 -0.0655414046297473 -0.0483462074961352 0.206225560209033
-0.050393743799789 -0.0751867906055494 -0.142698203855235 0.160564363522478
-0.021728338198355 -0.160315421672881 -0.211731882747422 0.00104475893907332
0.239280116772908 -0.150777100630766 -0.0810176093712339 -0.278915319597367
0.180633252253008 0.174683307665697 0.33542722749909 -0.207211669436529
0.169072997831476 0.150803249079309 0.508335368712365 0.226973620242804
0.116477821829626 0.281676196986979 0.364944042490504 0.575505036865473
0.425024548837127 0.126239076974883 0.142370599050379 0.0797576304107894
0.265252606623607 -0.139852309259234 -0.15792864189373 0.194521626925965
0.156038346049066 -0.0992973153104489 0.207259774481139 0.347166270067842
0.107601030095798 -0.314776530561184 0.31964682506793 -0.153249109426704
-0.223740781815459 -0.267555438491901 -0.00180498894100619 -0.176711194914952
-0.231759953417253 -0.0661057477243832 -0.0670217569019154 -0.0682497615302702
-0.143400512977464 -0.0293180864652624 -0.0874350512904721 0.0596120278426581
-0.101491555057144 -0.092917484264781 -0.0391093598885125 0.151929135680494
-0.0440726365938489 -0.124524946178064 -0.0576961632486374 0.17256241032937
-0.0261638057401805 -0.110058319436149 -0.122911547332685 0.149021315436986
-0.00421575296736119 -0.193955643916193 -0.206499493188445 0.0470537146169851
0.270447385928656 -0.196174086105417 -0.185442252074926 -0.230010893903935
0.270565299175875 0.149729206523664 0.18709096621708 -0.316876781450431
0.240528017668693 0.149095325462264 0.534252719867609 0.0202171540657075
0.290337011157625 0.338092582127074 0.347168330872301 0.464917740637572
0.529294659134303 0.27394702975347 -0.0467535262915615 -0.00277461863568549
0.429722003936976 -0.0901673709333972 -0.270716070500392 0.173781616830933
0.210120416297379 -0.17264571787938 0.0887865247660462 0.412174145178384
0.0893841647013118 -0.327512323110613 0.371540660799997 -0.0737040954680553
-0.200393976660836 -0.226576960305908 0.02166023104683 -0.236571734569717
-0.156577710162962 -0.0615449076291553 -0.122017745664422 -0.106201670920086
-0.0877951146439404 -0.0756226348570313 -0.132632416254916 0.0362070289517014
-0.0804787436384587 -0.138589006308441 -0.0732155971857184 0.106576652090847
-0.0366651395227894 -0.15726275697783 -0.0669796203211427 0.120863997798824
-0.0265531962537068 -0.131269436755093 -0.106287315990496 0.115203759997508
-0.0121154748552977 -0.215318601912335 -0.179949017425837 0.0597967469984385
0.247810731244885 -0.221115120915614 -0.229738946217947 -0.143234537866883
0.293706177187552 0.0455105443271125 0.007062143160162 -0.361252296763583
0.309579321102797 0.0956695077037212 0.492356580363597 -0.161897848674239
0.435727980734253 0.311178493736666 0.261856148321812 0.330517702795762
0.525615184073428 0.380503918848899 -0.19741702265579 -0.141659121280075
0.490107986549918 0.00521520988706115 -0.338784200328758 0.0636433742900558
0.234471057739405 -0.175875159295038 -0.0999202152621336 0.390429883058342
0.0781325493396134 -0.275112090574398 0.334952693154549 0.0494390668429631
-0.136725072132734 -0.144169028102468 0.0662305077234684 -0.222257215902972
-0.0479138607867711 -0.0447083030980482 -0.117558973896828 -0.131425107441556
-0.017049710085778 -0.109811830931586 -0.140440612051705 -0.00944779050198504
-0.0470397594601566 -0.160376797501391 -0.0955213161652623 0.0425193285324972
-0.0290557595907049 -0.15881090127494 -0.0824151110723176 0.0627698362884523
-0.0318921967754544 -0.122071663456344 -0.112394294321043 0.0686528516811705
-0.0301777403314617 -0.191667106243499 -0.153774950185251 0.020032128032939
0.154253453724066 -0.197732022255412 -0.185277483539025 -0.0655055276363486
0.228392184157425 -0.088673340756533 -0.141625296769959 -0.310384297866474
0.326790295496443 -0.00486948404902773 0.39047043604732 -0.249587166092891
0.527247623019839 0.228594996032771 0.105134503381164 0.199361707658076
0.463780621842528 0.387783095740092 -0.278375228849403 -0.311178398499076
0.430416504738004 0.0178961733573599 -0.333347463098008 -0.121036165897389
0.158276833507428 -0.131724013333656 -0.291234905979133 0.264977863688512
0.0408780515144405 -0.162756768105157 0.205064757629174 0.158337424996139
-0.0579683146983473 -0.0350502469588913 0.107340669303662 -0.139981934434479
0.0549740567032179 -0.0211304179499395 -0.0588714989112831 -0.137530117134671
0.0503553545638086 -0.125984291214741 -0.110556285001391 -0.0710896665139707
-0.00991772084615556 -0.157585476444176 -0.103445868852713 -0.0270961314919768
-0.00559912554672339 -0.136404940760434 -0.0990526732358702 0.0137768950795174
-0.0148715919534182 -0.0840161655140859 -0.140262079993028 0.0303443343373846
-0.0255896316147305 -0.106047197752867 -0.14447787689654 -0.0491084700696033
0.0231009217122943 -0.113443607106033 -0.103564910402231 -0.0235447307410817
0.115113388703159 -0.175927446906366 -0.209699598628286 -0.231184136248507
0.259918550816664 -0.110780908698644 0.276651259036954 -0.221858914349383
0.542110439475506 0.131828463122775 -0.0907734441558876 0.10194715789215
0.370128298072468 0.264185370470651 -0.302316153922178 -0.468748366294368
0.253660699411718 -0.056388186508957 -0.305299907786425 -0.317552474454018
0.0435502136335656 -0.0654537720645367 -0.435545628046409 0.119789902954059
-0.0172985094921654 -0.0543823533227343 0.0565137866824703 0.223560103744944
0.00944906526981859 0.0593439981365612 0.138271748469961 -0.0373099329831093
0.114887940840609 -0.00356776898622013 0.0236611085963212 -0.132929101042946
0.0890172742224275 -0.113407080656702 -0.0582034180495751 -0.133222513401758
0.0282743193589616 -0.130799994409639 -0.0961467066763681 -0.0915006739376075
0.0331605480033425 -0.106864552439145 -0.104946616364947 -0.0184630879098998
0.0443148236005088 -0.0431698922803858 -0.16867869407644 0.011066993399464
0.0125226769050746 0.0154124217477409 -0.143574146274152 -0.0994120758912407
-0.0855517189391343 -0.00439491623642175 -0.0533087167552984 -0.00142316400108154
-0.00249596452390746 -0.169508411597511 -0.205954749766437 -0.183924176847094
0.151645400428527 -0.193597031429553 0.161161058325414 -0.12195837995495
0.46909411245379 0.0676735622536452 -0.275783065964467 0.0345914764058278
-0.307581324490457 -0.0721975922010717 0.382379827090892 0.0453499705678214
-0.095301170559841 0.210753145803893 -0.0524682745876244 0.0517878870261069
0.109198014889954 0.110490967801005 0.166679619555646 0.156991509572689
0.122336702138956 -0.0955119335461581 0.0568907070173995 -0.0409772658462574
-0.0877011510102816 -0.128202839196488 0.104783981057324 0.0902227905104797
-0.126793972763836 -0.00333822232497372 0.158241505183172 -0.00614437174377927
-0.0998166432573905 0.0817744324577489 0.0845081292588242 0.0336268596967843
-0.0727208834925204 0.0967619910442543 0.0768334978041669 0.142406250716175
-0.0940584459648952 0.0684129894693386 0.0138959326452933 0.185062765028452
-0.125352515630826 -0.0133161878822963 -0.0969135095789916 0.148763441226285
-0.0406286101892912 -0.113390995343114 -0.164547283892415 -0.0239206246484766
0.10555673565254 -0.0419871160354383 0.00933623235411965 -0.269195063509631
0.0257519033255548 0.0629074510416824 0.484111911587407 -0.099149194561313
-0.0374947621509888 0.12835284881137 0.35756654450136 0.426562246779696
-0.231775171264097 -0.0541881275795947 0.336648220022797 0.574022129702018
-0.0675677760928523 -0.0531994394156092 0.399242511844556 0.0830572732212414
-0.0477394774696884 0.124155459399712 -0.00192635987262607 0.0780154700554304
0.177739830982241 0.0772316823335659 0.20110840759074 0.162015716085051
0.137000344094175 -0.20145409389014 0.109155186177541 -0.104328445646547
-0.159751580255855 -0.216149606902142 0.0636563019514683 0.0329432392834739
-0.205279095732453 -0.0337049786249212 0.110106631085123 -0.0139566997405666
-0.144142890379976 0.052971456202551 0.0437734273889509 0.0498833849006633
-0.0972964719084367 0.0352786042104326 0.0432206345704573 0.16974664356116
-0.0798514356631842 0.00459272428715115 -0.0242776921703851 0.209594620813412
-0.0937943719593753 -0.0389013052801894 -0.137038522968329 0.157298239569394
-0.0429864043094669 -0.138556226375573 -0.191985627483576 -0.0324797956842428
0.181141249193668 -0.101116761346703 0.00248478822745083 -0.281425141560896
0.0837372494713713 0.122582493147168 0.431445119682933 -0.121259032027295
0.0978593123851629 0.137667884412626 0.439412933916619 0.383376902710822
-0.0609178022185128 0.14429082025755 0.35167250998538 0.613995385591681
0.205268249166861 0.00292567970709235 0.309718761880578 0.101478579096857
0.0677739761752648 -0.0472771540449896 -0.0480234583727417 0.150167190803126
0.158826462567183 0.012670189249306 0.241997571964995 0.239385124553966
0.130016624863304 -0.272193932716258 0.210486441317701 -0.162593262037604
-0.210883230350728 -0.263298232987865 0.0139177958536432 -0.0698907393797346
-0.247131454755336 -0.0543287290193796 0.0237129062512744 -0.0337241862351601
-0.163791655742437 0.0164586367831637 -0.0198439930734258 0.0617749163160664
-0.108771205758065 -0.0312092592621568 0.00286227049082847 0.172360539352432
-0.0593444593117505 -0.0649873739496417 -0.0457809230994953 0.205266161593647
-0.0508797167603926 -0.0745299133216923 -0.1402140112051 0.162160576581039
-0.0226845598768684 -0.159369458666093 -0.208924399492148 0.00392616930918756
0.237113392349786 -0.152996545604403 -0.0826023078987552 -0.27629493581428
0.181258899959895 0.172302600436917 0.332471081328234 -0.208886653775713
0.169818883531305 0.149189044069736 0.50846234074187 0.22287095692316
0.119205327230223 0.279622141143815 0.367711834933203 0.566857935661505
0.423513584988898 0.122595392430635 0.142182880747479 0.0789088794575993
0.262105318140566 -0.141700777139251 -0.155953888772983 0.195073658660362
0.154716519757641 -0.100125994633918 0.209211790677951 0.345077885155201
0.103529126137071 -0.313238874010095 0.316003302461122 -0.154830894487325
-0.225946369548063 -0.263417937917342 -0.00406365090965515 -0.176613960213176
-0.230735598557287 -0.0645367136789608 -0.0668377306995068 -0.0672926218592252
-0.143133640638756 -0.0266460291224451 -0.0867927317225525 0.0602644602867472
-0.10296840118336 -0.0912735439666247 -0.0367040742111743 0.150376593400982
-0.045981451383168 -0.123785052570578 -0.0561507322189079 0.172537098936986
-0.0258528167648898 -0.110850137414533 -0.121904513029267 0.149652256457541
-0.00581708777362881 -0.192968905968273 -0.204065198532316 0.0482172542967177
0.268066640728443 -0.197345061840257 -0.186884598410679 -0.225400701766943
0.270308274159701 0.147238863292037 0.184229122813325 -0.316836005175328
0.241588511442739 0.14693031919451 0.530957047805261 0.0153279865587167
0.293134624409222 0.333863114474639 0.348914181255422 0.461251259127067
0.529773750399404 0.270683763422906 -0.0463900343722977 -0.00350421663853624
0.426590263099747 -0.0920359487361451 -0.268962487514645 0.173862229572182
0.207583851455174 -0.173512994356128 0.0904251503261122 0.408039200291401
0.0860564483169865 -0.327766218430744 0.369250756938269 -0.076218690797186
-0.201887692083678 -0.223480965926125 0.0184416683476237 -0.235658376586288
-0.155778134497635 -0.0598967234628466 -0.122279601636278 -0.104333938342494
-0.0888426037155267 -0.0750812596736681 -0.131783616075292 0.0377793919758421
-0.0808194886419188 -0.136163911109647 -0.0721410083251123 0.106807386391257
-0.0385301345256214 -0.15729547688382 -0.066191854748127 0.120576084696363
-0.0284296784111965 -0.130155389344689 -0.104717699720835 0.115208759145315
-0.0136502629299842 -0.214835421810725 -0.1771886837341 0.0613331375415489
0.244919429386236 -0.222928291705838 -0.229821056659391 -0.139335194048938
0.292365630659936 0.0428065148090564 0.00395559897906822 -0.359108110630884
0.310118562174228 0.0928587358662228 0.487947889180175 -0.164891131418278
0.435530253994807 0.305637277062706 0.261665065502043 0.327396060891722
0.526528162117464 0.382303235854179 -0.196989324415188 -0.140502432727752
0.486561949063947 0.00186477385552224 -0.33597317362377 0.0657599165610876
0.233195768912443 -0.176632277377731 -0.0985518779213907 0.390923614144179
0.0738045210522055 -0.273130202709176 0.332121110932142 0.0448551175258619
-0.138124458782585 -0.143062440375479 0.0619515128975524 -0.222314914837763
-0.0479244426614139 -0.0436875062074844 -0.118667998615309 -0.130024704415101
-0.0157788031614705 -0.111726193455364 -0.139729422682198 -0.00886738365142704
-0.0494643207558037 -0.158632754129113 -0.094939093026041 0.0434800278796947
-0.0309495184305514 -0.157823347675005 -0.0812309418694639 0.0629115030282393
-0.0351621139124074 -0.119052807484459 -0.110675954566372 0.068995309359558
-0.0321678073569396 -0.190546374729184 -0.152322866415509 0.0210153163028881
0.153591350732885 -0.197774845619088 -0.185527339661281 -0.0627516019474273
0.227670285449219 -0.0894360641275136 -0.143970689930003 -0.308081634313479
0.325811576836521 -0.00574833352862058 0.387803453170109 -0.251528226052734
0.52590267245989 0.223181599856382 0.106481753011275 0.199087353699514
0.462849868023538 0.387902146591055 -0.278221212172427 -0.307254772974634
0.429526618786136 0.0159239142168086 -0.332613494867309 -0.117508667728814
0.157215435329083 -0.132720249494046 -0.288308536038005 0.265878582605532
0.0393325942077502 -0.161689683703342 0.204961451215958 0.15577033524942
-0.059083387927741 -0.0347148497501664 0.104759933226576 -0.139515157280695
0.0541916639570444 -0.0222082842582023 -0.0604784505233405 -0.136264974469971
0.0486225448230687 -0.12675140256379 -0.110520420447172 -0.0700339377835227
-0.0111033956959799 -0.155700767784491 -0.103739276999893 -0.0260526976694654
-0.00780042780443929 -0.136370240287775 -0.09900426836806 0.0142198229542182
-0.0160952883197236 -0.0837971003894277 -0.140025256948388 0.0304586866786774
-0.0273732806458202 -0.10496096819161 -0.1444066258857 -0.0473648545629435
0.0217340735870008 -0.113466753637553 -0.103758523984937 -0.0212626300273757
0.11337295742943 -0.176806666249094 -0.210882872606228 -0.230234124222657
0.258333421723009 -0.112865627182876 0.273928189463395 -0.222655928164299
0.540226086161908 0.126526213789068 -0.0893725462171434 0.103232014067404
0.371269700090174 0.264269254764706 -0.303771759243888 -0.46511499831775
0.251945041687023 -0.0574923724467429 -0.305951201955613 -0.316677901733507
0.0431519674965122 -0.0656500151909432 -0.424450476508965 0.125161577572885
-0.0184189685024653 -0.0535678152033247 0.059034838036626 0.220444071927931
0.0097123405855273 0.0600731642834464 0.136635929117901 -0.0392320385723427
0.11414804422649 -0.00445553344280676 0.0224764452089857 -0.131922560257747
0.0897092051031804 -0.11484285520399 -0.0591728749720277 -0.132586614339778
0.0269539981759974 -0.130134056988793 -0.0965367462921395 -0.090524631555208
0.032957452613926 -0.107374093772241 -0.105331602099812 -0.0186379067675913
0.0419114337173157 -0.0423681033322802 -0.167191258451562 0.0137816346782158
0.0121478944098079 0.0156441304456396 -0.143195905431963 -0.0959951459296343
-0.0850346869052631 -0.00438877048854719 -0.0534929193837724 -0.000425392345251078
-0.00398789450507058 -0.168913304138853 -0.20647465902898 -0.182882796661114
0.149042810116919 -0.192886156618926 0.160818025394685 -0.122036183822606
0.464841950831445 0.0626238348376251 -0.273495094940978 0.0367749555858453
-0.306086399961115 -0.0702797255010875 0.380606699129266 0.0425789483552192
-0.0942229327139401 0.21060145444462 -0.0513849530845425 0.0520069449851259
0.108995207171746 0.108901296963666 0.167711473244479 0.156133019642707
0.121305660424052 -0.0961799149275265 0.056444336730142 -0.0409108571123314
-0.0885469446546535 -0.12648325586252 0.105116343744443 0.0890481808721157
-0.12601020045792 -0.00251599737026662 0.157099382667784 -0.00699860105221491
-0.0984175987360106 0.0819721806583122 0.0847371731485508 0.0333898515809406
-0.0721498332090979 0.0968251936372614 0.0789336939957651 0.140168518779831
-0.0928402465980865 0.0687056877470458 0.0149582822397296 0.184345803098448
-0.125192177770339 -0.0110208324049994 -0.0945473783841877 0.149308271965927
-0.0415166724558832 -0.113542414960081 -0.163723154594631 -0.022355192866552
0.104714726160462 -0.041587457078503 0.0077721505401347 -0.266709658361791
0.0253480243251862 0.0627188418438239 0.480530860958557 -0.101334167416777
-0.0372268872293145 0.128185669849088 0.359650775086564 0.422541182590533
-0.231699509856831 -0.0517979951400481 0.337868010162886 0.567273123709083
-0.0673565566248669 -0.0524223636165297 0.398852793358672 0.0794640996144013
-0.0476365880533257 0.123499423734803 -0.00112461858675992 0.0774036850664966
0.177016798008887 0.074557793375656 0.201586255429741 0.159474010396795
0.133859312977996 -0.202034303656311 0.107857751041401 -0.105028661444601
-0.162065985087537 -0.214595908012113 0.0625624112250231 0.031316192786985
-0.204766980802228 -0.0326064697056001 0.108648253041283 -0.0150570228395448
-0.144251069377692 0.0526440886742715 0.0443095369780936 0.0496749856250728
-0.0976478346642051 0.0364760611088489 0.0449157663427336 0.16818874135071
-0.0794329882458773 0.00490530284885105 -0.02337392035752 0.209355611497573
-0.0938837145927003 -0.0375076002483483 -0.135302051305886 0.157549601502103
-0.0452809091738675 -0.138805933011983 -0.190905866223388 -0.0313067188962974
0.18004078307532 -0.102882317087376 9.07640405986883E-05 -0.280883041350506
0.0848078457717356 0.122227433410506 0.428519872046074 -0.123275370270989
0.097864435501651 0.136407654385332 0.439634576953371 0.379097948592109
-0.0591051574859541 0.143262724832871 0.355285360390712 0.608531385865123
0.204419572786749 0.000367794770131052 0.309820400030691 0.0987337219724564
0.0675469308601734 -0.0471131491177266 -0.0472147841864397 0.150098004455393
0.158472290670862 0.0112841110396538 0.242966402752531 0.23740502403123
0.12628612958792 -0.271387422694066 0.208942284100088 -0.164822540588471
-0.212798806922347 -0.260177033072343 0.013273271434059 -0.0701490528122353
-0.247113310339725 -0.0516540092710186 0.0226858178665098 -0.033497981698272
-0.162876940516811 0.0175026827822513 -0.0195343503074507 0.0615695616064965
-0.108677708898522 -0.0301945857078449 0.00480108822706131 0.171868586631581
-0.0598191729998217 -0.0644400915898959 -0.0437365745643244 0.20489433414413
-0.0513417107115867 -0.0743537581080773 -0.138960502507735 0.1618875483429
-0.024176336806209 -0.160146404164305 -0.208023357532738 0.00497145488614391
0.235720866516442 -0.153743960541858 -0.0849519082246732 -0.273314974326768
0.181853451927762 0.170885498488704 0.329419700115241 -0.210351901350523
0.16983382771591 0.147492449715934 0.507588833842305 0.217500837838538
0.119922232636335 0.277220606978841 0.368706850985419 0.567373907191705
0.421128876775477 0.117415992214061 0.141647445199064 0.0772844667124652
0.260718040555267 -0.142673407120191 -0.153894831140863 0.195169795521833
0.154206378144556 -0.100903065621873 0.211443883422536 0.33928442751212
0.0979316024773966 -0.3127098601263 0.313759973510499 -0.157794480747201
-0.22656951374114 -0.260555915472505 -0.00589351249333296 -0.175114899784707
-0.230343554562485 -0.0625748090837788 -0.0676847864860439 -0.0668837524034621
-0.14302534699541 -0.026686005507745 -0.0851413943867353 0.0607597682415601
-0.104096532677796 -0.0903668090638552 -0.0351946872974705 0.1511178163791
-0.047242452192054 -0.12336214570159 -0.0547045233748988 0.171517111639477
-0.026901472227365 -0.111349506759499 -0.120581120669937 0.14971488627295
-0.0081592089094919 -0.192011425495143 -0.202274829822461 0.0492261188055546
0.263956948219224 -0.198983734754571 -0.187195696457104 -0.223104562723131
0.269886107695687 0.144641969579218 0.182301096596432 -0.317764688216332
0.241620357872197 0.144642682826004 0.530069855425778 0.0125961567196726
0.292078485170249 0.330789484922677 0.348939055598196 0.457250017375995
0.529730921828432 0.268686176634255 -0.0467324124880914 -0.00286772256907142
0.422492472867055 -0.0953031334408271 -0.26599297847822 0.175703873495582
0.206017913828519 -0.173809702416005 0.0928391569034913 0.406462736839449
0.0825773152163486 -0.326381469507278 0.364866903629078 -0.0799352634159787
-0.202318944856162 -0.221578601345609 0.016018207051505 -0.234677439475541
-0.15615093406784 -0.057860188758547 -0.122893075920345 -0.10340794915845
-0.0894048129319473 -0.0737602945093658 -0.130616184886176 0.0393550907129186
-0.0834859952315182 -0.134779412395859 -0.0710661085579201 0.106651687531712
-0.0409527482640398 -0.156741082345813 -0.0660328780176325 0.119981418615813
-0.0289737184833325 -0.129502715096584 -0.103829009513256 0.115099978897489
-0.015774698794797 -0.214270121565393 -0.175956384100088 0.0624570189306037
0.241302034041594 -0.224034373443001 -0.230691331074251 -0.136330438616005
0.292517537056453 0.0398289978725266 0.00116514741331569 -0.358492177020704
0.309077135886552 0.0918168297014806 0.485990674211569 -0.16867227675293
0.436314792388544 0.301547037651991 0.262761440315003 0.323137845611025
0.527861666874501 0.377681686604496 -0.197617876334547 -0.1383001820064
0.484760295287675 -0.00104096484440819 -0.333022634042878 0.066536033481745
0.231258217406628 -0.176412204931497 -0.0900080177014232 0.384549566997221
0.0695656680157857 -0.272403491070328 0.329467405827777 0.0405682147175201
-0.139039020038508 -0.141030832432839 0.059919936833586 -0.22147512927604
-0.0492836028006648 -0.0429512499158748 -0.119011771614844 -0.126955299096519
-0.0164176384822169 -0.112112113206622 -0.139748857799251 -0.00708785010890602
-0.0508348590659518 -0.156766159922927 -0.0949440789673887 0.0439023123364122
-0.0324013100423072 -0.158024011404058 -0.0809712950965531 0.0631579433215374
-0.0373146690363203 -0.116881551123383 -0.10921155128141 0.0687411575978949
-0.0324660662430877 -0.189401733631904 -0.150967423135884 0.022271004544128
0.149318502289763 -0.198715804856227 -0.184781115266342 -0.0603783366748606
0.225752718619098 -0.0926182143089349 -0.145644492690927 -0.308538245117711
0.325043124758797 -0.00814541420150168 0.385588406109379 -0.25461051056231
0.525355892973259 0.217885321438897 0.107716918705399 0.198073203425975
0.465289560785054 0.385694411394451 -0.278490251484849 -0.303169448368885
0.426788595606752 0.0134933693291155 -0.331507933968319 -0.115473717899152
0.156925331008892 -0.133809138577277 -0.285236242265757 0.266254984907442
0.0379826066622532 -0.161894710564364 0.204444444294885 0.152592664086229
-0.0584050720136049 -0.0340886563065625 0.103313855348482 -0.139391712313696
0.0532355961153482 -0.0233012579617269 -0.0619141585612031 -0.135081393652239
0.0476244570186902 -0.126000623615921 -0.110722305326333 -0.0681763903564006
-0.0126892684250702 -0.15616248122245 -0.103990057717822 -0.0252736717844567
-0.00972139575420553 -0.136774755685861 -0.0984958310838816 0.0147323747404771
-0.0166369505841803 -0.0833416717792233 -0.138484596302749 0.0318558630330542
-0.0286344651784708 -0.104539751023193 -0.143024015396006 -0.0460354291950807
0.0202331389927254 -0.113308563819949 -0.104418532197822 -0.0197335573187272
0.112374411621638 -0.176523158346236 -0.212824697481567 -0.227944068198429
0.257221695492561 -0.113132009387421 0.270297540676075 -0.223737246897914
0.539619811893564 0.124330141371344 -0.0891384200503025 0.103223341200936
0.370058141721732 0.261776585604004 -0.305968950869082 -0.460636835462935
0.250890974858727 -0.0584322327297852 -0.305620091579218 -0.312870502068789
0.0426679517593015 -0.0655881135771181 -0.419693814087705 0.128082051995212
-0.0189367825712348 -0.0533957322432465 0.0589245953883007 0.218246749958429
0.010199039972342 0.0594877825177071 0.135061870265961 -0.0395889998684869
0.113219886616664 -0.0050283552977351 0.0217126468027552 -0.13131561423345
0.0873743061758338 -0.114314936809916 -0.0598750772494915 -0.132416603764345
0.0264845958067744 -0.130067761918568 -0.0966762007610292 -0.0900378964367884
0.0314192135714031 -0.106854366310805 -0.105345777566998 -0.0170644359730771
0.0419884104538452 -0.0425364366044596 -0.166689344324517 0.0143133014443948
0.0125309892697105 0.0151851812541495 -0.142910783534397 -0.0938494038798139
-0.0853520045732124 -0.00309201602982668 -0.0537694144898 -9.93907805829034E-05
-0.00539428647419738 -0.167473337458978 -0.207721314154776 -0.181254507886883
0.146367867842442 -0.192497817259565 0.160141925284864 -0.122835907307579
0.463093453636645 0.0596508486092421 -0.272525364188441 0.0389317700623338
-0.305258811077906 -0.0683498729169147 0.378574058024023 0.0379955458233434
-0.0915385909493011 0.209559183658745 -0.0507668971877537 0.0534102775807494
0.109005096533422 0.107333756101168 0.16795753805205 0.154150580587937
0.119755519867671 -0.0967316753060899 0.0558097116175886 -0.0415868816998415
-0.0882999718950649 -0.124812895782362 0.105178441315799 0.0871478404645169
-0.125737237546742 -0.00188367899031588 0.155591313984297 -0.00779587396889054
-0.096955489202705 0.0817848951763774 0.0855444238406402 0.0322737708401189
-0.0715109775209845 0.0972420617265243 0.0801101152174373 0.14023823944932
-0.0921062992461513 0.0691938010845833 0.0168220926959502 0.183042421473051
-0.125202469405923 -0.0110268922723852 -0.0926604684589493 0.148448997599195
-0.0416235987010893 -0.112300387733698 -0.161391572068671 -0.0208707574965359
0.104080379838221 -0.0425051313114503 0.00636023365959513 -0.265657289798405
0.0258646472404188 0.06215831438495 0.478202253641124 -0.103272542667857
-0.0360054293580335 0.127544368165727 0.358509323621568 0.420416858412939
-0.230867584968482 -0.0503449293889789 0.339926302868309 0.561817205668633
-0.0669066048634156 -0.051298493918961 0.39690249304774 0.0764817929238726
-0.0463676559990306 0.123283315372181 -0.000506418493554321 0.0772001477295163
0.176732131676179 0.072926271432817 0.201591400356438 0.157558056917244
0.13185597177365 -0.202431331583304 0.106573681799134 -0.105266778870295
-0.163175653696669 -0.211531358121438 0.062277079956558 0.0306452929785408
-0.204324458799511 -0.030149014139785 0.108058240683205 -0.0155011280109297
-0.142956480414942 0.0537352831822787 0.045016289856775 0.0496968837280435
-0.0963226113884362 0.0373934781780333 0.0463532324985449 0.167559219745965
-0.0792198511147087 0.00578962092409915 -0.0202942291344713 0.207999231999473
-0.0929649402602644 -0.0368533117420149 -0.132885647599269 0.158312990562395
-0.0451094318791397 -0.137980673713127 -0.19012050808678 -0.0294818892071699
0.178067061456916 -0.10377105094737 -0.000271528237329654 -0.279182233449148
0.0846047484356807 0.120775506183121 0.424864493505553 -0.125081300081607
0.0978363952500337 0.135728350929107 0.439168124790559 0.374478283988828
-0.0585110031309978 0.142808039249742 0.354886133954803 0.601549178154662
0.203150366057672 -0.00134577773018332 0.308770054000967 0.0960946896474705
0.06600318275515 -0.0467481929398604 -0.0468579320716733 0.149265541021079
0.157820188880852 0.00942520393494297 0.242662359837422 0.234627277518741
0.123684450785056 -0.269866853841741 0.206493366703955 -0.165651934353987
-0.213887984441434 -0.258221067580198 0.0120791105609226 -0.0697192699030535
-0.246498608397291 -0.0501477419418839 0.0217693738735097 -0.0338729790615742
-0.16185308013331 0.0187897591384916 -0.0177525765839925 0.0617949895787617
-0.108791193410053 -0.0292604685025825 0.00657989127736953 0.171019015755492
-0.0611577226571208 -0.0642638079481826 -0.0422753019325638 0.20404631036583
-0.0521390315823252 -0.0739602200142788 -0.136275463682305 0.161862729576829
-0.0240897614699637 -0.159622259493343 -0.20598389602556 0.0065019327439008
0.233014081873238 -0.155155284382001 -0.0863702125656704 -0.271252329203246
0.181491992060407 0.168331509346136 0.325496660404011 -0.211300671814749
0.17012077806492 0.145963947487598 0.50602408726466 0.213825490728236
0.120754517431829 0.275524448647701 0.372245286139356 0.558792409958469
0.420690866372285 0.113159484698419 0.141443026559267 0.0756462773566248
0.257234133651486 -0.143566168953961 -0.152290996095487 0.195245681991908
0.151910677989357 -0.101860818424774 0.213615249191138 0.334152309401218
0.095506233565925 -0.312474614951954 0.310445161908875 -0.160374842786995
-0.22774459902982 -0.25695910983134 -0.00767631678647269 -0.173017636384527
-0.230465668236875 -0.0600086233143681 -0.0682061981774497 -0.0657083994467961
-0.143326373040097 -0.0265719526507557 -0.0846552921829474 0.061556663575271
-0.104366802950342 -0.0888490678203857 -0.0340714716206009 0.150220633422195
-0.0484811882184473 -0.122498116704096 -0.0529296757092812 0.171668111176896
-0.0292069407304932 -0.110332285522776 -0.117835368929926 0.148755004817818
-0.00953155563894144 -0.192274082455387 -0.200362827318977 0.0514314623809093
0.261648362593119 -0.200585300231261 -0.18913902789662 -0.219544378769738
0.271548843312751 0.139968496801666 0.176636023355124 -0.317087379595542
0.240383360614176 0.142351342958076 0.52814155505829 0.00920456621152261
0.292780776008326 0.325570619503047 0.351353619035973 0.452867934604231
0.527266315426763 0.26233502304934 -0.0462086310221225 -0.00217847989060717
0.42080867155358 -0.0967152358690604 -0.26334401915387 0.176819973201046
0.204303778058236 -0.174805635491678 0.0959447182937012 0.402124857238879
0.079370885300916 -0.325624686458767 0.363140663152494 -0.082085417152786
-0.203026520926732 -0.218918591949815 0.0132182176214562 -0.23286163737614
-0.156878636081524 -0.0569349028267115 -0.122905919947509 -0.100643508421124
-0.0896887424855231 -0.0719647353280516 -0.129959944681853 0.0398581496545275
-0.0841048825905483 -0.133588654138489 -0.0696777639773736 0.106243503679986
-0.0425352360996702 -0.155761784088048 -0.064061211669641 0.120732628454327
-0.0300204736729822 -0.129509822642082 -0.102081385406856 0.114898019969082
-0.0175436749101572 -0.214536924101008 -0.173597096829077 0.0635634090913437
0.238208592893094 -0.226125924069274 -0.22982635889709 -0.133452671953332
0.291943391405931 0.0374030517840466 -0.00241586486395198 -0.356303259178765
0.308669461098726 0.0892536346314159 0.482734317304658 -0.169430836449742
0.43423059676745 0.297605450346308 0.2631140376494 0.319656486158022
0.52516199063341 0.366528884983155 -0.196227314594005 -0.135629138644276
0.481559795275128 -0.00369293144638161 -0.329907752536628 0.0690671587796611
0.228577866387884 -0.177646291556399 -0.0859345055718741 0.382472386713
0.0700998915616241 -0.272891592281428 0.328278623787659 0.0384759982995251
-0.138833603200778 -0.138761830595168 0.0581235325833632 -0.221080861365554
-0.0487326351502935 -0.0426285374337519 -0.119865570606286 -0.126116769874217
-0.0193254003277634 -0.108678478931665 -0.138167721368009 -0.00594388923493789
-0.0520462854783896 -0.15630642446813 -0.0941631307635343 0.0445970030527543
-0.0327599454487946 -0.157250611484665 -0.0804058386995292 0.0632613569473692
-0.0354730938155532 -0.118274703713292 -0.108450602022018 0.0689732269973165
-0.0345523445896036 -0.188141370375172 -0.148858186964046 0.0241773906578392
0.146428487597168 -0.199208820756051 -0.185025386508997 -0.0582170875001266
0.223197759424214 -0.095222182863495 -0.148239196916706 -0.305768520959637
0.322919770516629 -0.00984071934097023 0.382673696231572 -0.255244348518119
0.523127888676928 0.214895163276741 0.107907036493868 0.195940133041105
0.464184900914659 0.372967391720308 -0.280213706345461 -0.300578860864912
0.426057092592772 0.0100423814544419 -0.329349597348151 -0.113947013081124
0.154649793465757 -0.133220973486183 -0.282160563637214 0.267597249952271
0.0366849286679457 -0.161346570508455 0.203956656447025 0.150897524690411
-0.0591275633816837 -0.0332907990919113 0.101438243391016 -0.140257442906356
0.0529617030450555 -0.0234431133652539 -0.0623360788779738 -0.13388392426612
0.045495551561891 -0.125858817131793 -0.111351079401124 -0.0670276274994537
-0.0138517790242201 -0.154697060491375 -0.104189502081696 -0.0249151132462312
-0.0106780033344615 -0.135124609631467 -0.097493860720408 0.0153728616530721
-0.0169683552772771 -0.0825038090811189 -0.13793177997509 0.0316400723094904
-0.0294641754264371 -0.102964793122893 -0.142713872420995 -0.0442977780962222
0.0182692183607745 -0.113063723936447 -0.103259947049895 -0.0182545440031808
0.110488627451957 -0.177663742792422 -0.214044040983033 -0.225576219717299
0.255464923977659 -0.113614684366108 0.267462740454616 -0.225200851766132
0.53684432303989 0.120577748884445 -0.0881984653625731 0.103631353547652
0.369575287029986 0.254652109086762 -0.306754880210432 -0.454145278140177
0.250113299286495 -0.0590087648154509 -0.306816994756895 -0.307288192017801
0.0422691771167513 -0.0656852077519643 -0.423905751585932 0.126223651749477
-0.0191375482538049 -0.0525880247707011 0.0592066173942429 0.218378097733545
0.00982933267669779 0.0585462703837954 0.133845865907302 -0.0402113003288225
0.113080609527118 -0.00602868477780406 0.019957877225266 -0.130659235496346
0.083968386572091 -0.113557702867536 -0.0611399737727418 -0.130778768209946
0.0251536889385431 -0.129699122185944 -0.0979383852637693 -0.0888896055799633
0.0296585198699208 -0.106552490221394 -0.105736013948332 -0.0166327881886575
0.0424295013780753 -0.0423538586357145 -0.165416849647868 0.0153332497303257
0.0119848850124073 0.0156114229276422 -0.142584627033298 -0.092498363021286
-0.0854997225469907 -0.00286709266872412 -0.0535845577673226 0.000891819667408314
-0.00686029909743021 -0.167505315458514 -0.209534605598151 -0.177751200946067
0.145757379749689 -0.191481054107798 0.157715907577579 -0.123130166507163
0.461167275324545 0.0557567609526844 -0.270921403657822 0.0408246674219112
-0.302213894446396 -0.0653161239860139 0.37650303036385 0.0362608410634266
-0.0904558524405338 0.20960284738977 -0.0504750241432203 0.0527654974749456
0.109354075860174 0.105211149693395 0.169498908210416 0.152169286758402
0.118321501768788 -0.0970457255186093 0.0557690872257635 -0.0422365784799857
-0.0888803771533443 -0.1232007190643 0.105173558117082 0.0854382903510375
-0.125140827247032 -0.000697382115677857 0.154989111480062 -0.00883846381306391
-0.0960607511854013 0.0830596101772244 0.0850972188446022 0.0318285176833949
-0.069952508573626 0.0970925699970456 0.0816819455393236 0.138905142393443
-0.0915979448569657 0.0686539244541509 0.018301814951787 0.183186309143223
-0.124033387753147 -0.00988851535323442 -0.0908999324443121 0.148497051631887
-0.0422025313768024 -0.111843031837157 -0.160342469871874 -0.0193127064722041
0.103154183727755 -0.0431780739619819 0.00447199397610844 -0.264631329529949
0.0256073599453296 0.0619721125214264 0.474717175296674 -0.105052636411456
-0.0356505617833403 0.127694197017828 0.360567580859384 0.415366594267113
-0.229205854881591 -0.0485343156261111 0.340000589281888 0.558402018293664
-0.0666315163622699 -0.0521521925640959 0.394552030919599 0.0728649439104822
-0.0458022078087504 0.122593929359374 0.000311213022033971 0.076757285474305
0.175081365606886 0.0710330003318107 0.202613141083242 0.15606485783614
0.130162192437939 -0.201555537680799 0.105697489626853 -0.106208867709696
-0.162843082872855 -0.208540067344652 0.0617023533166476 0.0302556290517211
-0.204273570319607 -0.0289155912822606 0.106908299721425 -0.0161625685845056
-0.141554244199467 0.0555079469542271 0.0453391133675586 0.0495544409211208
-0.0962164496815078 0.0370960332088126 0.0480707723562993 0.166778168390108
-0.0794615506053199 0.00511219061102047 -0.0184950158986412 0.207660581874119
-0.0937287123332629 -0.0371131144283461 -0.131285104944083 0.157990305147044
-0.0463167369163944 -0.137775864716268 -0.188470727409604 -0.0275189916959117
0.176627444530195 -0.104419786152431 -0.00315568077665751 -0.276895776683903
0.0861174093035701 0.119593773098442 0.421884307900237 -0.127305789545807
0.098038960156765 0.134025669974925 0.43959451043745 0.370580681187826
-0.0575600454823146 0.14123207375942 0.356080924192434 0.596704642810002
0.202750347722344 -0.0023881277860199 0.3071980615531 0.0940350440504615
0.0659218255442292 -0.0476212332740167 -0.045279423109738 0.14873098425808
0.156765968560137 0.00832957439799244 0.244274241776894 0.231546155807474
0.120996092913267 -0.270692150251898 0.20410524067322 -0.167109899128464
-0.213885218612257 -0.253356269759614 0.0105101354133086 -0.0690790676201893
-0.245229769890135 -0.0475868972436237 0.0213088901735377 -0.0341383348367345
-0.161791952086644 0.0202641782533739 -0.0167208454233636 0.062063568509087
-0.109845660308453 -0.0278465818539494 0.00750697908141799 0.169368508220591
-0.0623881023462863 -0.0643579486929996 -0.0402204540284278 0.20314341302348
-0.053413755151565 -0.0735395661502662 -0.134327909111902 0.161380361126435
-0.0250977529535635 -0.159061659525255 -0.203895785835841 0.00817726736232191
0.230475948720701 -0.157182958229804 -0.0880078365354939 -0.267982018422387
0.183179449549327 0.166209447391997 0.321759314024282 -0.212156837151863
0.170075557087776 0.143831699883606 0.506440646042044 0.209839267106685
0.122119887333448 0.272304489698298 0.373646554639248 0.552538354419918
0.419883011339376 0.110892763587023 0.140387532560994 0.0743186865286504
0.255507601704395 -0.144249739929117 -0.150398855103764 0.195101043489246
0.150696297741272 -0.102696270239971 0.214260167011142 0.334259167459655
0.094136674763128 -0.312415277469628 0.307884927763431 -0.161633051450469
-0.229451681581303 -0.254410628405245 -0.0100478924709587 -0.172505714508518
-0.229498745711836 -0.0581325960827244 -0.0680137905986091 -0.0649468924318227
-0.14286316999293 -0.0238831940151781 -0.0828839119437879 0.0620345777855757
-0.105223996304569 -0.0875797072328627 -0.0323760542374462 0.149609104155923
-0.0493928104814866 -0.122783115001831 -0.0526504481799115 0.170670646430432
-0.0301863174483462 -0.109449382486931 -0.11541828733661 0.148128942116663
-0.0102757689495914 -0.191643127670992 -0.19866773226514 0.0525497116910512
0.260015709997996 -0.202302580058698 -0.189192474166255 -0.215399418427199
0.271387391424999 0.137671611564218 0.172358423491912 -0.315135633062696
0.24036884262615 0.141156191669518 0.524521513196293 0.00535645255193671
0.292668801313498 0.322813113762316 0.350681932389184 0.44922031596558
0.524058092902714 0.252230830062587 -0.0460955056451527 -0.00180085113373421
0.417214778559305 -0.100069381297574 -0.261121844955261 0.176961577171855
0.202357125569765 -0.175240629143426 0.0985894062756564 0.399413836147968
0.0755095533864091 -0.323586490809191 0.359081525174614 -0.0835094398284412
-0.203050932223304 -0.21634967226819 0.0104050324021403 -0.231546999034642
-0.156265023099006 -0.0556654092883536 -0.124752549171087 -0.0989826630836027
-0.090456485583629 -0.0716244692471017 -0.128958833797392 0.0415622767777281
-0.0848584858288757 -0.131588346050199 -0.0683655868694751 0.106816274994588
-0.0437435135068093 -0.155273163292288 -0.0632120178344506 0.120134970243883
-0.030756249107095 -0.128333912194159 -0.10073696099179 0.113918673405064
-0.0187525203143743 -0.212827218303899 -0.172469057677601 0.0640157176672967
0.236703840300184 -0.226745307859724 -0.229547485867494 -0.129777405665347
0.291337188891894 0.0353358303778644 -0.00711014172836251 -0.354432321073167
0.308056869890167 0.086886453443836 0.477612627306021 -0.17365289434576
0.434220785233327 0.292420080600909 0.264418961184966 0.316983152038064
0.522333610808506 0.358847321524429 -0.195223422345096 -0.132742676313885
0.477773514882805 -0.00677115851994181 -0.329742408641107 0.0697011927460858
0.22693333847693 -0.178383796614989 -0.0871659564709742 0.38463729633688
0.0677719380801517 -0.272539464301252 0.326377449326092 0.0372967214902363
-0.139639072787177 -0.13743190775523 0.0553537426205363 -0.21978598289376
-0.0486822255268937 -0.042254965788114 -0.120097129608869 -0.124673429945455
-0.0208641827698522 -0.107869711948812 -0.137985950235302 -0.00459066917847943
-0.0536316940643498 -0.155110576460858 -0.0938309041982301 0.045315152844976
-0.0349121259470655 -0.155235877651076 -0.07991290906528 0.0643344768790303
-0.0359480768007723 -0.11925409313922 -0.107443918564777 0.0690469090383464
-0.0359202253151071 -0.186630410423574 -0.147855399618062 0.0249933251148418
0.144663856096555 -0.199978059896218 -0.184345210420684 -0.0563694903582924
0.222870356311907 -0.095214729705084 -0.150089219586843 -0.300490077426411
0.32120402508213 -0.0126785961391891 0.377104954723901 -0.255698947393107
0.522129242976556 0.210204360410167 0.108655779317092 0.194531607490644
0.462545502931386 0.368532760396652 -0.278358664053354 -0.295938795721594
0.423097040962413 0.00844458866279603 -0.329472944030828 -0.111802010271037
0.153577856412929 -0.133878974059177 -0.278547272287911 0.26696474454052
0.035570115934132 -0.160478311699865 0.203431056176247 0.148419235638123
-0.0589913096354663 -0.0333838579530301 0.0985903367696423 -0.140435352064164
0.0521249140351546 -0.0234570152344152 -0.0631500804453721 -0.131943447760126
0.0446439975356593 -0.125933081205334 -0.111184493509731 -0.0656846068838819
-0.0152040018323136 -0.154002132385758 -0.104574043625363 -0.0241080492742451
-0.0118638232061468 -0.134502891287795 -0.0981274497621463 0.0156866076517672
-0.0174017940448397 -0.0812847639377493 -0.135898988460133 0.0319646700675487
-0.030419111447518 -0.102319186682522 -0.141066270107452 -0.0420228642375565
0.0174300224207116 -0.113455338858852 -0.104009981732977 -0.0174044383465164
0.108671167615078 -0.178121193196869 -0.215214224317274 -0.222896674754466
0.25282496295537 -0.115044610793735 0.264997120136866 -0.224863622321035
0.534180993583328 0.116537945076223 -0.0869830804917751 0.104283537403832
0.369045031855259 0.250969390025621 -0.306665604655945 -0.450935001690675
0.247851574568855 -0.0611943526267197 -0.306792416928055 -0.305889171421003
0.0416481256260666 -0.0663164531354484 -0.421238126094858 0.127898293446457
-0.0194813221555211 -0.0522745592597811 0.0595207611157096 0.215929056625082
0.0102706933915627 0.0582638825239366 0.132132321658274 -0.0412714227503119
0.111889653328902 -0.00689290008169472 0.0177345865611748 -0.12994235080853
0.0843081466922546 -0.114344971502738 -0.0621391061960093 -0.129285921303595
0.0243261885053941 -0.128803180146716 -0.0987353699125897 -0.0878307358488839
0.0288611931385603 -0.105976158802996 -0.105790003078027 -0.0159527757684035
0.0417150605365229 -0.0427358288672769 -0.164544934073388 0.0151981147742493
0.0120147197217503 0.0153576559236515 -0.143170926658206 -0.0908382526708417
-0.0843533885608454 -0.00217328605310245 -0.0543679702158438 0.00216008246354447
-0.00629519757305062 -0.167712520950285 -0.209274572821473 -0.175674220549747
0.143549183299971 -0.19237033588882 0.155787298088663 -0.123823827154939
0.458543840776229 0.0541289684271334 -0.269298166263755 0.0427807603161426
-0.301988089713007 -0.0644304858227183 0.374402741246158 0.0326317967804146
-0.0890926137672943 0.208264149062359 -0.0498825437602017 0.0534016086201478
0.108404561016707 0.104545365954587 0.169109525070215 0.151812706436067
0.117273211245275 -0.0972052177539163 0.0553972010035884 -0.0424768389956102
-0.0887607430359952 -0.122272125482955 0.104925299499885 0.0842116196983579
-0.124676546922742 -0.000988581587851182 0.152959357231306 -0.010218390056799
-0.0943905878940719 0.0830419378109992 0.0853841836942515 0.0316447379882373
-0.0689577524684428 0.0967564545818905 0.0827350214807896 0.138008541582931
-0.0901716057230495 0.0695596716814107 0.0201629424818458 0.181775549713319
-0.123783819839033 -0.00901474163210238 -0.0886271945615741 0.148062912411636
-0.0429080151728914 -0.111808159763299 -0.159654803481105 -0.0174100368784274
0.102892528667346 -0.0444293687310223 0.00331806961023189 -0.262052109316877
0.0258681352807532 0.0623022230025294 0.471607342714076 -0.10799607545468
-0.033947933084232 0.126939435369435 0.360559357531431 0.410907706512299
-0.228412901972203 -0.0470325310216869 0.341288960610332 0.554574522083549
-0.0661178128836873 -0.0520216170464432 0.392063564585542 0.0706460372782809
-0.0442757267720813 0.122234009981011 0.000171191300576469 0.0771333107918647
0.174618486894117 0.0679487987216789 0.203210973251292 0.154732350552811
0.127820999596856 -0.201744518349114 0.104374359758385 -0.107100151213017
-0.164089873095513 -0.205242524112624 0.0615273127363991 0.0289493742086008
-0.20245090819193 -0.0280523074342561 0.106117005129432 -0.0175113545461889
-0.14010867599751 0.0560611903288815 0.0458033223755661 0.0493155903847652
-0.0955938189899073 0.0382231815301145 0.0487988636956757 0.165656969370979
-0.0795044597422352 0.00544533562009225 -0.0174394623352665 0.206439385987889
-0.0939004761179381 -0.0372184054129056 -0.128591352245594 0.157322587088121
-0.0463117868865328 -0.136687335900264 -0.187262025328322 -0.0267232688276073
0.17590123679772 -0.104457381248592 -0.00427274223522866 -0.275024372343914
0.0864734908727716 0.118572304062644 0.419306180564128 -0.127684651945634
0.097849557380702 0.133292760599375 0.438205712644062 0.364887752755754
-0.0566222174523671 0.141142222814811 0.35552038650126 0.592421122573366
0.201100976720386 -0.00425914929732923 0.304080799149966 0.0913249441459883
0.0655942641503006 -0.0485570502735448 -0.0442751749264646 0.148257968325966
0.156223273679115 0.00733128687593352 0.244906370363198 0.229841551259775
0.117652926942316 -0.270350303101216 0.202383552712145 -0.167734953106458
-0.214057944729058 -0.249897491376001 0.0101195482850708 -0.0690534318746203
-0.244895226852865 -0.0450551222553619 0.0203487850453649 -0.033589124522414
-0.159406418601599 0.0216184600922674 -0.016124583417789 0.0617677557350751
-0.109409387455582 -0.026645320714231 0.00919446649538927 0.169621044944092
-0.0625621532902156 -0.0637327799321738 -0.039309078108607 0.202215378149255
-0.0530956451128805 -0.0730991060030932 -0.131933227963311 0.16132038967265
-0.02650362241871 -0.158179041168971 -0.201671475309631 0.00919313973509332
0.229131756968878 -0.157405247010536 -0.0890588528503576 -0.265885544661463
0.183509723005413 0.163812985053847 0.318691086604835 -0.211444417760731
0.169569061744865 0.142966505531459 0.504763344379327 0.204513915716053
0.122475211537264 0.270417858502024 0.371656619780356 0.549703630508479
0.417475592324764 0.107064286486501 0.139827880128234 0.0732421263393516
0.254007539615282 -0.144875551155207 -0.147075053819362 0.195135869318861
0.149821795267612 -0.103714986980104 0.214952044940856 0.332619997616796
0.0911049873416086 -0.31043019875872 0.305312981562526 -0.163044117689338
-0.229719021919661 -0.250301486978291 -0.0103482704900481 -0.171391481077643
-0.228990019688557 -0.0568782888231463 -0.0682654544201038 -0.0628275233326754
-0.141679558468021 -0.0212974096860654 -0.0808257564158369 0.0619851683223397
-0.105726819334884 -0.0857867857963681 -0.0309133157309653 0.14975909471261
-0.0519997740481477 -0.121338015087026 -0.0510388803413615 0.170189072026886
-0.0294277543128995 -0.109516346843679 -0.114434246249533 0.148215997886541
-0.0120323467191326 -0.191077722956637 -0.195989560502462 0.0538638030802465
0.257293292532216 -0.202543411934352 -0.188941096779977 -0.213865730739819
0.271118700100968 0.136924060692739 0.169721314343395 -0.313947370842038
0.240199138219364 0.140317280704375 0.520646045224831 0.00190577932539452
0.292577825288741 0.318896932822213 0.350140349523929 0.443642620631122
0.521484900753951 0.251050641826724 -0.0464664518469551 -0.00194568796166085
0.414640777001359 -0.101691513655677 -0.258439891883474 0.177565917241134
0.200458885536809 -0.175739903987804 0.0999684353267591 0.395869390930336
0.0745122395013252 -0.323760695810499 0.35797489169351 -0.0868450458795053
-0.204125364623641 -0.213265279986994 0.00882897092988098 -0.230369263245574
-0.156669461078118 -0.0541396607930573 -0.123559258597697 -0.0979173548536579
-0.0905138400094829 -0.0705081779680639 -0.127039137470029 0.0419388825320019
-0.0852993023341849 -0.130699883342098 -0.0667794207155344 0.107143649266975
-0.0460722203072088 -0.153493230793233 -0.06245425146787 0.119870632602834
-0.0321653061482622 -0.127576073193996 -0.0997031475092975 0.113054723099608
-0.02012382034643 -0.211674576119692 -0.170174660275454 0.065101769305691
0.233171622380514 -0.228001684965639 -0.228985456902967 -0.126480689364969
0.290779876908354 0.0329237487223013 -0.00907108036523235 -0.352257928915563
0.305993761672579 0.0859183051149702 0.475405860176973 -0.174425053720195
0.432456756233733 0.289809187955094 0.263032823396695 0.315471155945022
0.522256833798147 0.36175364152449 -0.195325289517362 -0.133041917853653
0.476668870315706 -0.00970747623110597 -0.325656363909877 0.0717693009982052
0.224417217253415 -0.178152097070652 -0.0856457420816104 0.382633126738998
0.062661663671375 -0.270841837104015 0.324776416361206 0.0348306051406948
-0.141100881335794 -0.13619292009307 0.0525601984498184 -0.218718551896464
-0.0494912004321107 -0.0420725602436074 -0.121027532052906 -0.121883620348341
-0.0200576693542139 -0.109505454691042 -0.137622531046117 -0.00333251616812981
-0.0542385501442485 -0.152894416740165 -0.0932262748929922 0.0454331886470007
-0.03624510594814 -0.154548344638687 -0.0797370969056373 0.0632611652838664
-0.0383685628562584 -0.116031404973034 -0.106697674024902 0.0697201933919418
-0.0378267386211379 -0.18512744690449 -0.146012678288603 0.0263220235453618
0.143337843832618 -0.199991940245805 -0.184005244394834 -0.0543818412922618
0.222223686595322 -0.0965520705380939 -0.153049121205025 -0.29804512806396
0.320012313321401 -0.0137111174788203 0.37434527405495 -0.257346240558373
0.519474643933732 0.206227035771131 0.108415783396794 0.193751622210191
0.462396473075815 0.369498123262019 -0.279003965644264 -0.292833617021726
0.42036981275862 0.00619632115563814 -0.327097683102909 -0.108051726875752
0.152078082767886 -0.133292936612225 -0.275019029496805 0.266071243728107
0.0335798130075943 -0.160122677206226 0.202133720467965 0.145810712536386
-0.0587747016315011 -0.0319033629418865 0.0972481865789095 -0.140028140590676
0.0528445561351119 -0.0235383545903762 -0.0642533661931222 -0.130532709015212
0.0441362499701213 -0.12580045984618 -0.111340680629521 -0.0645192947956513
-0.0161000388190024 -0.152927802511486 -0.104294937974951 -0.0233841828953959
-0.0129707154367321 -0.13398247331808 -0.0974579100888494 0.0158354067842741
-0.0171214387080007 -0.0816146204524649 -0.135761900767063 0.0325735716445477
-0.0304943942808428 -0.101018617481388 -0.140685096261593 -0.0399191717693198
0.0161864379138045 -0.113590427889255 -0.103885266072621 -0.0155314815713064
0.107447264937747 -0.177915890063113 -0.214818557049538 -0.220819076527367
0.251691349087687 -0.115489672578846 0.262832503668001 -0.225923167282943
0.531085824433192 0.113110255181496 -0.0854732901945981 0.104331069502736
0.368480127458417 0.249791319444134 -0.305756053499259 -0.448408507806967
0.245807856820032 -0.0623670908442492 -0.306297357360085 -0.304350298596736
0.0410826316357052 -0.0656966310845379 -0.411187921207168 0.13165988243088
-0.020567949830732 -0.0521668998440538 0.0603236253328237 0.212826275302739
0.0107131390546746 0.0576447884906986 0.130502193155645 -0.0430349791153508
0.111447658903887 -0.00766554344011496 0.016948835913206 -0.128550287938347
0.0841154725751515 -0.115193673426849 -0.0629692276534061 -0.128978765241832
0.0226192287556043 -0.127394938304679 -0.0994773817828992 -0.0862267274637254
0.0275426339282782 -0.105873479163189 -0.10560304965407 -0.0156217061097833
0.0403488248544684 -0.0426361429490341 -0.163258318704833 0.0169378743545478
0.0112961110809535 0.0155187820027683 -0.142059857921074 -0.0873600564792278
-0.084467482426357 -0.00234845804594752 -0.0541855992714673 0.00318950735137699
-0.00786689404009551 -0.166014560121807 -0.209604001545835 -0.175684084617387
0.141335198650331 -0.191746075995457 0.155385954905945 -0.124300067808624
0.456115510931791 0.0507688424945502 -0.26735155849233 0.0445011897873916
-0.300023205527058 -0.0626620560871428 0.372827561084025 0.0315897990491519
-0.0873444052728505 0.206948165142256 -0.0490926837429141 0.0526028875342635
0.108612061795327 0.103188002011947 0.16861833245277 0.14875144034716
0.115771879126456 -0.0976305737841312 0.0553487699199991 -0.0434027116347126
-0.0891507248751001 -0.120573691435479 0.10465569589419 0.0827448381845616
-0.124461858601135 -0.000239614021303488 0.151856551432354 -0.0111023505122722
-0.0948105410593749 0.0829327359269136 0.0858573593253426 0.0315476380892853
-0.0681600539036948 0.0968205490430241 0.0842032939509452 0.13702055506821
-0.0895022473023999 0.0697560890876202 0.0220405026317088 0.180784554267962
-0.124106516952437 -0.00860826450379564 -0.0866905716010376 0.147811108609079
-0.0431154370420728 -0.111037627421293 -0.158233714710372 -0.0169068298340624
0.1016684204109 -0.0448609460212708 0.00211819989840502 -0.259530590386103
0.0258977430761391 0.0617786686561955 0.467456161440462 -0.108305771176744
-0.0341673274215297 0.126751437375441 0.360483740047195 0.406863331381404
-0.227644687596671 -0.0461636367530672 0.34039009469445 0.547094898540903
-0.0666142650279881 -0.051851990744205 0.390503712336177 0.0686554699524815
-0.0433612702377925 0.121460558906588 0.000353904802281596 0.0765772474684133
0.174025734747749 0.0663284276188784 0.202689056429277 0.152449915084491
0.125192659912467 -0.20180168091 0.103716974134573 -0.107552447986504
-0.163740378631449 -0.203779185979794 0.0614263931962983 0.0281579061543857
-0.202189690492947 -0.0260240148879787 0.105055024456529 -0.0171365073890803
-0.140031968347072 0.0566101649612151 0.0460289786110961 0.0490759508235587
-0.094633565554005 0.0374562772056077 0.0503599763684361 0.164875386728718
-0.079670975265926 0.00570589332449832 -0.015683205096074 0.205334285552619
-0.0937260655206974 -0.0355588120278517 -0.126327018448248 0.15770668409166
-0.0461228526358303 -0.136011984590049 -0.185547361354798 -0.0245999589559085
0.174315105656006 -0.106799534537861 -0.00632118223301298 -0.272499194512152
0.0862521114557835 0.118260841244058 0.414633890074148 -0.128909917117809
0.0977516445673958 0.131530505109729 0.437207505853363 0.361509020610912
-0.055137766903324 0.140880532889817 0.357642468201971 0.58816354106799
0.199928416564247 -0.00501364796695183 0.3038142977374 0.0892891269604207
0.0645887380357793 -0.0482153027454141 -0.0435544043358943 0.148156361914411
0.155153028241922 0.00507390722748431 0.245059268669667 0.226948194992659
0.115523495608601 -0.269382226000925 0.200310215026685 -0.168260696985373
-0.214412487346058 -0.247122796442446 0.00962094531843532 -0.0684279321343108
-0.244462852626231 -0.043967170542637 0.0207651818314069 -0.0338711311673084
-0.159376500458613 0.0223627405649166 -0.0154596734638936 0.0622299082358623
-0.108701240062563 -0.025873210535508 0.0100922703224518 0.168873033938331
-0.0632113363884701 -0.0632932511759219 -0.0371258027012686 0.202062739872101
-0.0538243021554604 -0.0734071416719768 -0.129709354352876 0.161050833841148
-0.027126897461732 -0.157560456930741 -0.200317334844688 0.0116881475906691
0.226663754860831 -0.158840000949712 -0.0886319629376987 -0.262875928590231
0.182901326823712 0.162625595302213 0.315838764309294 -0.212056905953933
0.168907312827151 0.141478532174838 0.499904088888032 0.202431526768889
0.122669022346538 0.268332544144239 0.372403038119889 0.545191892176367
0.413555504438886 0.103481036732751 0.13962771990166 0.0719121438229797
0.251690123782345 -0.144750710479814 -0.145808726818334 0.194920449878824
0.148483653937619 -0.10344710634967 0.215724922150431 0.325590521884105
0.0862621116518325 -0.309477888964374 0.300985969113416 -0.164752918802331
-0.229801643036481 -0.247953800316518 -0.012285206637862 -0.170245379730544
-0.228546632245001 -0.0545989042129389 -0.0688077465950304 -0.0623914239513628
-0.142044230972907 -0.0223507363684142 -0.0801492217464531 0.0634736532642838
-0.10599247511011 -0.0845439258617518 -0.0294157170303619 0.14911932579395
-0.0529320754432673 -0.12069726607363 -0.0499729265352651 0.169586621683347
-0.0307393857524617 -0.110194201436474 -0.113263780167389 0.147445827338142
-0.013442410084572 -0.190054892319144 -0.193476243583681 0.0540379236774027
0.253673490410542 -0.203936516503694 -0.189473817200101 -0.21060809063719
0.270791803456429 0.133846262100465 0.168439957929102 -0.313545491186292
0.238457631823612 0.137071591839772 0.519123203135012 0.000368983723436185
0.291701340003429 0.314962081149493 0.351131625156101 0.441386628806908
0.521073925754767 0.250612548585288 -0.0454404871614973 -0.00160881575302525
0.410796545670406 -0.102229040798561 -0.254981995881255 0.177384965162784
0.199018545158531 -0.176236292526186 0.101984961547122 0.393573008023876
0.0704801512515263 -0.32270416479177 0.353030377127279 -0.0876825702042701
-0.204630908012802 -0.210834803536892 0.00697451946963805 -0.229450985414306
-0.156421430569288 -0.0527309569880801 -0.123566331974106 -0.0956747095157977
-0.0907131052655033 -0.0696034120347647 -0.126576588155268 0.0432172190466811
-0.0866526122113338 -0.128642881532772 -0.0663463490205259 0.106446848384042
-0.0470849128165619 -0.153040910224854 -0.0613987996190645 0.119626695302371
-0.0330107738441053 -0.127475257966563 -0.0977758628653699 0.113255635773623
-0.0220878499169842 -0.210371631231634 -0.167823893981292 0.0662125745063224
0.23090813708495 -0.227673382503056 -0.228559075646094 -0.124081647402033
0.288333744766049 0.0307527280262139 -0.0103663566951257 -0.350100372434846
0.304589952526259 0.0825187085609981 0.470257996922993 -0.175723335588442
0.432238952189743 0.286142212013241 0.26376888045402 0.311882911398132
0.521684777117611 0.357002018100359 -0.194697821760912 -0.130349842576579
0.473255333105272 -0.0104652692224932 -0.32324244449447 0.072286376286997
0.223141780152674 -0.178623694412168 -0.0779231830633516 0.37628168878607
0.0596043035804576 -0.268815739306655 0.321011961548553 0.0309004642039961
-0.140173089684028 -0.134583759438548 0.0507504318961876 -0.217104012066437
-0.0498162424086817 -0.0416164154724044 -0.121345128106641 -0.120476869207228
-0.0208287457319907 -0.109435160049783 -0.137053538497512 -0.00266899600416059
-0.055270325413487 -0.151812396480149 -0.0918828387352235 0.0461302094582542
-0.0378591898066988 -0.154839108342168 -0.0789889961074014 0.0630759533908675
-0.0399586723875363 -0.1139725435836 -0.105808949939769 0.0686371078762
-0.0393306379710677 -0.184427558970724 -0.144774157378865 0.0273076529528748
0.139177590308279 -0.199843662538507 -0.184212838328694 -0.0511758178769921
0.219344356435575 -0.0974552795908228 -0.152353852044963 -0.297359524648402
0.319497306195771 -0.014606536430939 0.371656504407535 -0.257850271564329
0.518337847232686 0.20402337176463 0.108780442181568 0.192537554418874
0.461711359981084 0.366586037759019 -0.276289723014295 -0.290037551528221
0.418648224128032 0.0035636993597282 -0.325448492620514 -0.106840487192312
0.150834007354039 -0.134036264667969 -0.272438129966677 0.266137515412045
0.0322348298525664 -0.16031064468915 0.201726836460097 0.143910787884299
-0.0584712251811855 -0.0319147303991906 0.0944839673860171 -0.139716662532783
0.0508252457157216 -0.0243096760698267 -0.0644004350616304 -0.129480239991755
0.0417814492888181 -0.125124407273099 -0.111233333584851 -0.0635804026705984
-0.017301398758223 -0.150774476663244 -0.104421813289784 -0.0221494220612611
-0.0144820620912268 -0.133437172625671 -0.097532124971495 0.0164265442291773
-0.018888174884527 -0.0802245060438742 -0.13399998831659 0.0331965660064651
-0.0319339685369111 -0.099881702167557 -0.139610365286143 -0.0388556431039572
0.0149941895672639 -0.112723217227156 -0.104368709591376 -0.0137518902585007
0.105349676475946 -0.178355192486683 -0.216530771840969 -0.217901985748079
0.249851378872571 -0.116393718941942 0.260025859047725 -0.226329902312343
0.529100616396084 0.111017953737916 -0.0845225563498536 0.105130362634213
0.366976488190722 0.247856110367583 -0.305012284143869 -0.442257040960011
0.244759451995119 -0.0620235157151087 -0.305443082892023 -0.300520912585094
0.0415906180065219 -0.0659816629545293 -0.40785742697069 0.132651332011415
-0.0208336531232363 -0.051554573032276 0.060445957006985 0.210914666099029
0.0110857189349659 0.057674091376926 0.128732894766172 -0.042930007170658
0.1105301617683 -0.00790665729944355 0.0166273023814079 -0.127735092451501
0.0821986671583839 -0.114521819789678 -0.0635994660701945 -0.127769079415258
0.0217483397949084 -0.127062225650643 -0.0995487541035353 -0.0861410966393253
0.0266730869928093 -0.105052733455394 -0.105158598010863 -0.0149998367938463
0.0399444925284774 -0.0425037083024985 -0.161614013931735 0.017572952031942
0.0115529056957326 0.0150735515377714 -0.141384819631028 -0.0858110548755397
-0.0841758303794422 -0.00143060373899585 -0.0549272255450078 0.00308542526025206
-0.00909314814391526 -0.165161311612943 -0.209596586213703 -0.17332897982677
0.139735334546825 -0.191116469902903 0.154817291473871 -0.124777597642861
0.453993327220897 0.0491656103052216 -0.26527505611253 0.0452994256538645
-0.297603918685347 -0.0614536311847129 0.370179845604269 0.0303088795196564
-0.0853916526656785 0.206307838176902 -0.0490126189462123 0.053412515378651
0.107780830219504 0.102636857671534 0.168337832348696 0.148707189736673
0.115505885351148 -0.0976740918858829 0.0549431687942166 -0.0438867319616623
-0.089172323723009 -0.119596323832827 0.10434527796891 0.0812799061493576
-0.123948414744106 0.000548618626693321 0.150857449916676 -0.0111303138526033
-0.0932833531949746 0.0837838962071233 0.085788581636698 0.0309487085055911
-0.0670923470611446 0.0959894673833939 0.0851679674176527 0.135825732699652
-0.0891765123257649 0.069729087622078 0.0224727363967842 0.179606215237108
-0.12289648568468 -0.00786499890975175 -0.0849620080327826 0.147858290581794
-0.0434573003667336 -0.11027866516971 -0.156873624101426 -0.015707842674952
0.100294792080585 -0.044615282330378 0.000728276291965563 -0.257541185490761
0.0264971909307169 0.0620521745674913 0.463843038697032 -0.110398660788962
-0.0338424199052155 0.125998795566146 0.359521685857085 0.403518226134411
-0.226805280627292 -0.0449380898625444 0.341000324351669 0.543412987392466
-0.0653963335979115 -0.050670236319463 0.387952652574435 0.06590783210258
-0.0423881686201621 0.120393966132996 -0.00010247860712856 0.0767896179579941
0.17275080391545 0.0657745991042898 0.202910034884804 0.151015800065787
0.124103706459077 -0.200364319240247 0.102380606276903 -0.107622945113162
-0.164641635665812 -0.200906288168578 0.0604422057864378 0.0285180455069574
-0.201668006248906 -0.0251781211179528 0.104387046655875 -0.0173122702276969
-0.138986877136532 0.0568648019844518 0.0466479682257771 0.048194169578659
-0.0939390085217805 0.0391084445145732 0.0522421045191281 0.164022578352691
-0.0795228008440614 0.00614881271293022 -0.0142927330749499 0.20477158343365
-0.0941410811598206 -0.0356133933171115 -0.124535608793959 0.157564258994883
-0.0477716289987528 -0.135719418038224 -0.18356429864958 -0.023593017550035
0.171764264421242 -0.106607986198852 -0.0059179240634245 -0.270448345358085
0.0870494038081971 0.117194286476765 0.413455708117376 -0.129071602386052
0.0979456468464755 0.130808366735451 0.435981758279296 0.359162391259027
-0.0546836829394772 0.139481805440771 0.358979219544001 0.581533740004492
0.199004849364088 -0.00564137285108385 0.302772794854593 0.088608003049236
0.0638160086029618 -0.0485058372958735 -0.0431379424814276 0.147456140357263
0.153060304984547 0.00409509191390294 0.243619591125283 0.225012755466656
0.112956491882995 -0.267615983078568 0.19793040902683 -0.169658586639417
-0.215234587473502 -0.244269922483497 0.00836833218267176 -0.0683649223576155
-0.243249887465732 -0.0429129197352237 0.020132584449897 -0.0329499694396701
-0.158016229275046 0.0232978415541789 -0.0144777752324368 0.0621436651707748
-0.109300168829603 -0.0243517105927268 0.0120263265218035 0.168143633465094
-0.0639800877651891 -0.0627783639635144 -0.0354982133479646 0.20140489561127
-0.0542627923379916 -0.073178727057561 -0.127883797280556 0.160169723820074
-0.0280227410333845 -0.15837844980557 -0.199150350218025 0.0115896323671316
0.224623454982635 -0.159999253683544 -0.0897906409102347 -0.261107525212534
0.183046807331203 0.161047924336285 0.312484127229169 -0.21154822653082
0.168462385289808 0.1397165132383 0.499689233402036 0.199534532476131
0.122962851143784 0.26607379279722 0.37213268588614 0.540433788632723
0.411784203808268 0.101766995694857 0.13914204436978 0.0704920048924014
0.249189159833527 -0.145134832040795 -0.143987422889019 0.193914524377155
0.146663004927706 -0.104234807960181 0.217583351180037 0.322821573242341
0.0850532234762138 -0.30815864676224 0.297303101147347 -0.165688791092577
-0.229854393077496 -0.245473600624219 -0.0132812476468074 -0.169127681525033
-0.227460154524612 -0.0527423623334681 -0.0684418133597621 -0.0615806096661845
-0.142056173605354 -0.0220036095590325 -0.07953272136708 0.0635903123960358
-0.106559624338816 -0.0832076889168552 -0.0282421683318055 0.147995101018537
-0.0537462214493651 -0.120382671530736 -0.0477217436826499 0.168998023695039
-0.0328780035909452 -0.108330824518578 -0.111281921426601 0.146444197379403
-0.0132640501732267 -0.189657859695853 -0.191590499160171 0.05315149746989
0.25159644863259 -0.203695858784399 -0.188861621247608 -0.207628110123886
0.2699227826264 0.130709623153055 0.163404949195279 -0.312361189333834
0.237830316152173 0.136122027365379 0.515964640169178 -0.00164758343009717
0.291039810498079 0.312581259101972 0.351473846798402 0.436674736504115
0.516749663187412 0.244333713899254 -0.0451105801937425 -0.00117017570386117
0.407602265838053 -0.102917764339596 -0.253181885789932 0.177919215253624
0.19697907707596 -0.176253265340636 0.101912026574184 0.391659487459335
0.0687639767948681 -0.32074123541049 0.350106213851459 -0.0900678055641475
-0.204471099230783 -0.208980890507071 0.00591013883402993 -0.22763862605942
-0.155901196479356 -0.052830848530838 -0.123625476137972 -0.0948588063629689
-0.0906559514910586 -0.0687851478667605 -0.124826898011215 0.043345098950391
-0.086863321495854 -0.127767376869818 -0.065280741421539 0.106184864742787
-0.0481424592328354 -0.152440762277802 -0.0608954887819033 0.118488114469501
-0.0332582927760255 -0.126773120831973 -0.0968871743988006 0.112450863504293
-0.023848821025593 -0.209422897737135 -0.165392307132719 0.0665828542439708
0.227882433912137 -0.228559390396753 -0.2276329662663 -0.121665911439068
0.288168521868734 0.0294789162058966 -0.0137740183769466 -0.347615176460701
0.303292309800943 0.0821350141415581 0.467944843759561 -0.176827423593155
0.429616699764887 0.282097280729825 0.263749077858603 0.310882280214621
0.517718198858607 0.346628873351178 -0.192998719049268 -0.127730368356112
0.471089702329893 -0.0122516688333774 -0.320885634572469 0.073204427116313
0.221200091242231 -0.177989601948152 -0.0758312064851734 0.373304662059558
0.0611649975233301 -0.269243245770875 0.317985585760836 0.0296152975864736
-0.140552364810489 -0.133413237390647 0.0482064890377911 -0.217274826785022
-0.0493476953010524 -0.0407557004743689 -0.121081866538263 -0.119439380618947
-0.0231971280698307 -0.106225324002552 -0.135762841893113 -0.00170739448697513
-0.0561986423018974 -0.150767361580358 -0.0923800979233591 0.0462749779358478
-0.0384855616064703 -0.152722036235746 -0.0783834022834179 0.0633383407481482
-0.0377429967237713 -0.116155765325162 -0.105244478673213 0.0688433842151705
-0.0398945530537925 -0.182808544120567 -0.143156675009793 0.0275719621195073
0.137324371688167 -0.200193833238248 -0.183078687296952 -0.0500474135983713
0.217445506124215 -0.0997468372635886 -0.15391119127665 -0.296186823438561
0.316967471197479 -0.0163609373223283 0.368668351221359 -0.257587831434273
0.51497711552612 0.201441658169451 0.109385751276466 0.191088931645784
0.457864270316298 0.357315123524657 -0.276889390494681 -0.286707416989151
0.417121957720748 0.00299824006980728 -0.323940013312803 -0.105199034192214
0.149953480584604 -0.133652845791046 -0.269858145375583 0.265178507378251
0.030778475171729 -0.159264069820625 0.199598862851917 0.142145933678166
-0.0588037647150755 -0.031937311494368 0.0930412925400999 -0.139786969653635
0.0508408454649056 -0.0245401042610673 -0.0645900695530207 -0.127675030343763
0.0401534322073376 -0.124044847124756 -0.111124383385179 -0.0625621743916083
-0.0184974363825772 -0.150100526218399 -0.104447101855299 -0.0224661711174326
-0.0147912010843656 -0.132414226371566 -0.0975588308924946 0.016414164012654
-0.0189949225790033 -0.0799011239778648 -0.133665757388323 0.0332026371015241
-0.0325551770896442 -0.0995711508072853 -0.138514742096876 -0.0381098584992617
0.0135416068181507 -0.111878774482657 -0.103118061795765 -0.0132598807042462
0.105592635286664 -0.177653962294076 -0.217301817003391 -0.216525483023227
0.248375758270562 -0.11600630568068 0.257499586298877 -0.226175010046556
0.525509071566988 0.107217880035148 -0.0834296349568903 0.104343472592337
0.365779677321552 0.242847938881052 -0.305728113287492 -0.437840220342573
0.242857048243749 -0.0626798191654679 -0.304541975060342 -0.295436126614708
0.0406445460900573 -0.0657974718488868 -0.41188138830658 0.131401529209782
-0.0208820527028204 -0.0515983683288589 0.0604339778501793 0.210501963730381
0.0110788904781503 0.0565225074689178 0.127530513864253 -0.0439394326623557
0.109661179634241 -0.00860155405865872 0.0155863963114326 -0.127153416092414
0.0788030332939661 -0.113598076227175 -0.0641147886794746 -0.126662616426688
0.0217179455266621 -0.125963782053699 -0.100568441761819 -0.0849508387327818
0.0259217619375765 -0.104061553654966 -0.104993731696104 -0.0145678843027001
0.0404607361265547 -0.042798974546296 -0.16114933689616 0.0174086988109247
0.0115773118756055 0.0153835018218068 -0.141275153486155 -0.0850220658118486
-0.083857450489912 -0.00140385335966761 -0.0549529749033705 0.00414192304827076
-0.00906034168738153 -0.164524120077314 -0.210539736316159 -0.169429326290971
0.13839719694049 -0.189908726021411 0.153098008254681 -0.124438215570177
0.451976492202471 0.0485959958910177 -0.263673224284993 0.0465890052500767
-0.296840350800921 -0.0611579919693717 0.367687834489555 0.0280858699390342
-0.086509872329287 0.204905321869324 -0.0485536057465965 0.0534723195981114
0.107847862701195 0.100976352244917 0.168873481795229 0.147801796750857
0.113513195383492 -0.0969212441111187 0.054612028972036 -0.0434762886847047
-0.0888698772618328 -0.117981645726494 0.104628168108432 0.0803869987775086
-0.123726738559825 -6.73950505359678E-06 0.149738820590818 -0.0122076663488793
-0.0922736379002058 0.0829527939467282 0.085899886413213 0.0309597868299808
-0.0668332643105132 0.0961153156560469 0.0857393195181086 0.134885233903471
-0.088690595079342 0.0697406126316811 0.0238864585628385 0.178391961328141
-0.122623818346549 -0.00678782267675082 -0.0833015723996069 0.147016409267572
-0.0431556227627106 -0.109739278810763 -0.155446251284186 -0.0144627105348091
0.101355056177562 -0.0449736425235808 0.000535295885288896 -0.256384459236844
0.0264156119269702 0.0611682460865429 0.461717634820536 -0.111584370471951
-0.0322815968827169 0.125400382072464 0.358622759914732 0.399765728155758
-0.224957859575934 -0.0450018901413712 0.339837763282803 0.540956178228306
-0.0654025955829866 -0.0516794118675111 0.385358717913843 0.0645264139255093
-0.0415679677687582 0.119258166432233 0.000325859925887526 0.0756799417011161
0.172143187854016 0.0644425148622194 0.202135777719218 0.150909888748395
0.122299924175514 -0.199817530610325 0.101914194680989 -0.108071671471149
-0.163970934397612 -0.1982350523173 0.0606658576389466 0.0261684237729004
-0.200796377191365 -0.0250508286695372 0.103519697638811 -0.0176319208375091
-0.137229221672877 0.0572016499660869 0.0465993681457115 0.04860247817263
-0.0945674377045448 0.0388014688285137 0.0532260816176443 0.16294913358192
-0.0796544477805377 0.00649350860094578 -0.0127075180500915 0.203586680775875
-0.0936962286133298 -0.0344234087123079 -0.122804887784605 0.156363425487688
-0.0482800601499208 -0.134844149665973 -0.181862613681357 -0.0220381240542172
0.171005990749232 -0.107523017939221 -0.00738155456249229 -0.268012948420927
0.0873201370942626 0.115853080794781 0.408517197105806 -0.129445585329184
0.0970627651536957 0.130437322591705 0.434815575268395 0.355896043220035
-0.0545792640492696 0.138339518120664 0.356354524816965 0.576394775563601
0.19825006771534 -0.00723866678164511 0.300317167012312 0.0856148747994383
0.0636434009952017 -0.0478400511868812 -0.0415594796697646 0.146463101538724
0.152658616335295 0.00342431996037526 0.244121366984031 0.223096732672938
0.111372642361198 -0.267313175326249 0.196479425720147 -0.170366394112076
-0.215238407979713 -0.241701841869246 0.00739679202791384 -0.0678566033602758
-0.242663412746758 -0.0423865894610662 0.0193489110203645 -0.0332084541596811
-0.157220911077671 0.0239709241996616 -0.0135965196932288 0.0623984367283747
-0.108948658712379 -0.0245121414469399 0.0130055035661491 0.166890103155607
-0.0645491108804702 -0.0622319214947348 -0.0350673824491222 0.200376880825876
-0.0545754263994481 -0.0718454939361505 -0.12587018693687 0.16012596733657
-0.0281108241271933 -0.156939417664624 -0.197306043095341 0.0123412819658435
0.223196404335049 -0.159824509650229 -0.0897768544623917 -0.257586361653561
0.182560550118339 0.159416667700376 0.309873924789422 -0.211638430575108
0.168030480537596 0.139716598586771 0.495973686656684 0.196996971500611
0.122499362345376 0.265264157659451 0.371855153234226 0.535889502666597
0.410594245407179 0.102254356213031 0.137832038754119 0.0708112615922096
0.247341023298337 -0.144440878651121 -0.142700242745615 0.19472941674282
0.145640424061953 -0.104415423310382 0.216112424234535 0.323297740183134
0.0847998962676912 -0.307132454666315 0.296221657146924 -0.167287790393462
-0.228632997703459 -0.243098224372133 -0.0145113157526255 -0.167358446663287
-0.226350976375353 -0.0522356004690874 -0.0689200575702797 -0.0603901283274554
-0.140956531566451 -0.0198776116121568 -0.0782351960506367 0.0639083837822315
-0.106534201327597 -0.0827575778395224 -0.0276239061880104 0.148108219586424
-0.0546742546945308 -0.119475998884376 -0.047659851622954 0.168929728104863
-0.0334449028811199 -0.107427750176635 -0.109602813772076 0.145783066758135
-0.013819125839222 -0.189517075155099 -0.190260300787576 0.0542860757916314
0.251081255570893 -0.204234617231087 -0.1886700618503 -0.204075030562956
0.26930520822229 0.129661964788902 0.160256423504217 -0.310207969140335
0.236659292904407 0.135015285056017 0.512832234003626 -0.00363825242047568
0.289881885270469 0.310508742821859 0.349288943884373 0.434214831589221
0.51426726637216 0.238433219973743 -0.04520333280151 -0.000873611478260829
0.405086560819085 -0.103884741123185 -0.250806682864674 0.17747838540683
0.196266547931309 -0.175113758455567 0.104159842427048 0.388000569827467
0.0669829273837874 -0.319114990058957 0.346918002592222 -0.0911250230148357
-0.204285612411161 -0.206534469748198 0.00460855863872706 -0.225743002009786
-0.155416133673747 -0.051800592840257 -0.123444939718967 -0.0937074900203199
-0.0908760245341292 -0.0673060007073555 -0.12392853626493 0.0441174514436943
-0.0878830334618425 -0.126210734226895 -0.0642427290236658 0.105478457507205
-0.0493093171996148 -0.15124694799512 -0.0608271280660418 0.118495944517545
-0.0339948907328041 -0.125772174314755 -0.0959777644585767 0.11190112700069
-0.0241286265888052 -0.209227304231195 -0.164439128325528 0.0661168673383275
0.225683689497799 -0.228447802672151 -0.227108445001867 -0.119442081634533
0.287834073365499 0.0275431837270151 -0.0154880536102359 -0.345713778843954
0.30267204048609 0.0802615351701421 0.464625858804638 -0.177287696612738
0.428715466529405 0.279114854847138 0.263519585400591 0.307857618690824
0.515200825857324 0.343990536216613 -0.192659416645956 -0.126608080503353
0.468266449624958 -0.0126331928011394 -0.319426016313951 0.0737137116814066
0.220417485680945 -0.177963227580356 -0.0782388966006332 0.377111560475229
0.0596486203151874 -0.268997276385552 0.317107095190921 0.02947172205215
-0.140259380747933 -0.131675470764885 0.0479420464702071 -0.215102190542634
-0.0496420139479718 -0.0411838456151136 -0.120959040652346 -0.117769181679593
-0.0237928711431725 -0.105140029066343 -0.135017008575793 -0.000448524869005232
-0.0567624518926479 -0.149021326517419 -0.0918646760981334 0.0461260197742504
-0.0398028074211736 -0.152427680640729 -0.0779767600195148 0.0634451958384105
-0.0382260195212528 -0.115587288294118 -0.104433415864902 0.067881222979173
-0.0408812083336163 -0.181844516464588 -0.1423460411305 0.0282167019191551
0.136153164027276 -0.200335118484244 -0.182531380572694 -0.0472202732862225
0.217504226604748 -0.0998092826668784 -0.156428990182074 -0.291275290518982
0.315473725634479 -0.0164072326120948 0.365196362086317 -0.258450163472174
0.51204231744476 0.197864245420942 0.108884113959361 0.188594079344162
0.456735495274927 0.355091572209306 -0.275499772191876 -0.284843509307766
0.414788035593503 0.00189145403806252 -0.322742691476041 -0.10399631415083
0.149014469062808 -0.13404212797364 -0.266560532563541 0.263585894333948
0.0303186498713958 -0.158245682314586 0.199229398475065 0.139815902210336
-0.0587841541186952 -0.031272213904764 0.0903977250479149 -0.139285111681457
0.05024230449419 -0.0247686187812018 -0.0650144642436959 -0.126658084831214
0.0397006783372731 -0.124017537937228 -0.110669270660747 -0.0618306161468153
-0.0184637138685719 -0.14925483505377 -0.103976633579848 -0.0211846103547331
-0.0165206819082077 -0.132004773997958 -0.0978031080175426 0.0162472013318834
-0.0189552595341212 -0.0794965236802719 -0.13251303976098 0.0327634282814848
-0.0333488255497861 -0.0985654579906215 -0.137751966831222 -0.0358807888142799
0.012748476913473 -0.111780437617071 -0.10328900058635 -0.0129825758439571
0.104271635048178 -0.1772664093433 -0.215905086150611 -0.214299573806347
0.246112180358113 -0.115843813566953 0.256076663704937 -0.226140373015121
0.523738055521324 0.107205276671408 -0.0835560580920372 0.104530420691826
0.363699384126484 0.239750362861252 -0.304433976937158 -0.436310810498132
0.242383235917563 -0.0621191690129926 -0.304273915303952 -0.295438494318485
0.0399904488531792 -0.065594661771403 -0.409181666146041 0.130917632619104
-0.0208314816258101 -0.0513438713921729 0.0599148251840003 0.209516558530436
0.0116145974174479 0.0565225087727704 0.125925661821448 -0.0444452665310708
0.109081228954751 -0.00952557279668413 0.013263877982771 -0.126386004531478
0.079255000600696 -0.113926262442517 -0.0657480130366002 -0.125455900468787
0.0207214357369031 -0.126058219486528 -0.100617324422816 -0.0837775822460524
0.0246154583730419 -0.103783723615247 -0.105783440612355 -0.0140526972906351
0.039809447076494 -0.0421770333522703 -0.160677152914001 0.0179221175080223
0.0112964814900877 0.0157144531023008 -0.139579645495155 -0.0834512614234086
-0.0842172372149811 -0.00148417521210954 -0.0547246225833681 0.00537984929392453
-0.00900657368142248 -0.164226760695858 -0.210950597561872 -0.168780620871873
0.136335199668773 -0.189291417591532 0.150691910999634 -0.125037281040527
0.4487747266899 0.046400678281677 -0.261853924398521 0.0474750567899017
-0.19518941386985 -0.22521455477208 0.273918333233953 0.243745115339684
-0.191250592766744 0.111030209987226 -0.0721615790820185 0.01438045132019
0.0248194215984153 0.146642390511171 0.0467865768792474 0.219976161548128
0.149556644174743 -0.00778267925262412 0.071074122182623 -0.00333110196367632
0.00172492022445824 -0.146323021056728 0.0338811150034021 0.124139938404422
-0.0978002385081503 -0.0741686260806604 0.125342675577858 0.0805786632677971
-0.123556115086057 0.00983028534233391 0.0480821971681478 0.0768829813019969
-0.110442854696245 0.0358892577268385 -0.0147341585888606 0.159606627752701
-0.110521261420182 0.00126868917442848 -0.0893179849265467 0.155454993441964
-0.0915957036873139 -0.0802345594686257 -0.153078351618015 0.0654914923195643
0.0328138367150296 -0.112835296874227 -0.112452601280451 -0.105173161686518
0.106379845258522 0.025166395971446 0.155701638430704 -0.19923654607796
-0.0144329638546513 0.0632899462630649 0.430001804616067 0.194746025773874
-0.0991268857822087 0.0804277957105298 0.0349966410925286 0.536110977034573
-0.14807002532717 -0.172489290280643 -0.0628673467828323 0.632281116558894
-0.018650048807946 -0.0787440766209726 0.265374948786749 0.284769368385752
-0.105456981493128 0.0698296404312602 -0.0467511865883279 0.062152496054995
0.0987156675243095 0.156571645911497 0.0715287857759602 0.243391137177521
0.217374291904816 -0.0851315541080865 0.147308948729172 -0.0274379964377484
-0.0104334542814166 -0.255280295714288 0.0308138979657934 0.055013838544254
-0.145475170067781 -0.140013799184441 0.0920462588553236 0.0460633362391273
-0.143879887680689 -0.0369368347845349 0.00705295572965918 0.0665491620580533
-0.0976817637050875 -0.025893867314993 -0.0571000002432659 0.161273463517122
-0.0656441391605367 -0.0438252139818602 -0.132948363977582 0.153352717161503
-0.052238840814091 -0.0845691680813461 -0.190317674456694 0.0496214392372482
0.0444413767881308 -0.134969452497191 -0.129528643599999 -0.128171011493611
0.2002289255811 0.0193616445447743 0.156733111728108 -0.213256702706495
4.64606277348169E-05 0.142673291397305 0.401194243883024 0.148583148658627
0.00124076169941634 0.162840327531171 0.122318428409173 0.546708668894556
-0.122408212134222 0.0772851071230663 -0.0732723544474132 0.67531187138839
0.164397739225269 0.113901560971864 0.186429393832221 0.251449940463289
0.0789434339481358 0.00117320735705459 -0.122037922877745 0.0907587485416695
0.12106523455515 0.0967628203976927 0.06072579923133 0.326201420608874
0.249726712063793 -0.144616074477118 0.259472825465721 -0.0202078198769539
-0.0252196536237396 -0.320165140492998 0.0463333210327397 -0.0519627733811077
-0.168279875137836 -0.178483849861525 0.034962696706168 -0.0155699757492908
-0.138688467949742 -0.0764704127504527 -0.0492494855193789 0.0408627938846524
-0.0715690714910955 -0.0851317220762095 -0.0911175815603723 0.139534332872539
-0.012604999182586 -0.088852120184285 -0.148002768772069 0.136703839947426
0.000777962211217758 -0.0901851175282528 -0.193935023573676 0.0495590054228583
0.0734812631072491 -0.140982859318293 -0.161831126031516 -0.109229674082945
0.272504022654464 0.00969136124807874 0.0854974655352246 -0.256235474869613
0.0501079048636075 0.235132658085218 0.371151843814211 0.0246198330409432
0.051652270259099 0.212415418166818 0.267467560451351 0.460393666673532
-0.0564268154377639 0.28404105009782 -0.0371086335063206 0.650384526367866
0.267118609590763 0.326561825817163 0.0679632563645024 0.141061471438576
0.28197929754531 0.0355196916449176 -0.228063565149178 0.0667385471174477
0.180442140707527 0.00832683920184661 -0.0217919183528095 0.387835527435073
0.252231098729631 -0.193460077617145 0.337303168690649 0.0420349610945077
-0.0362520992558215 -0.330419874766728 0.0884214902080531 -0.144918737523439
-0.150047279581946 -0.177548151221931 -0.0189687698276862 -0.0904065855023796
-0.100199453262385 -0.100488563367323 -0.1009048120444 0.00235029705507422
-0.0350702337720378 -0.129735770461439 -0.110906899214598 0.0991626438876375
0.0299300149949507 -0.128160316156246 -0.138392717723402 0.102898367829583
0.0408914325398456 -0.105110803552018 -0.17373178550024 0.0476016069721676
0.103761796459501 -0.157000909417373 -0.182319385231166 -0.0713321619317232
0.320833007439477 -0.00898224833828509 -0.0242206199343603 -0.273125773083346
0.134304300429809 0.264773554095462 0.31592941850078 -0.14490306933873
0.10903072081298 0.249572891319901 0.403518192467539 0.313183700911469
0.0488560727792229 0.420965337015153 0.00908724468047099 0.558576149938311
0.263639353830393 0.49833843559928 -0.0349447815374797 -0.0242483284893157
0.381211251571356 0.163868382025978 -0.301488228974647 -0.0107553245114206
0.261806435869516 -0.0169395118998267 -0.150091871264898 0.369648518754085
0.246556181333174 -0.211752580730912 0.330879074908212 0.131662439038205
-0.0375080699455486 -0.287157765963138 0.138816447355121 -0.17916439499416
-0.0944415370266627 -0.134959502896835 -0.0423034520249261 -0.149126342262683
-0.0323448206115772 -0.109019649385776 -0.123932912029148 -0.0407999382585345
0.00669684189958522 -0.153359637806289 -0.114923613660478 0.0435215921557681
0.0526750427463565 -0.149697732114814 -0.119198626046989 0.0556986691378063
0.0499679985388056 -0.120259780678733 -0.142402497384005 0.0295799234598914
0.107470936736637 -0.178346271294284 -0.168113737812537 -0.0465778990141784
0.316541372428173 -0.0433102340148965 -0.107203412914696 -0.229891868377097
0.209843345481613 0.19376534783058 0.199148213038766 -0.281131456542141
0.191673470895053 0.24599356142914 0.474866401153563 0.148218696092336
0.173645192114578 0.480526739740639 0.0201574386424956 0.405244706817411
0.198245003385058 0.584582309365357 -0.0754732935968752 -0.213943539204844
0.375062757225091 0.272201003657107 -0.293091111730159 -0.135019594041153
0.282268596794622 -0.00541436067276879 -0.287893177161252 0.250519935855239
0.207165124974476 -0.176020369568235 0.235698783193037 0.208432892437268
-0.0305639655637551 -0.189385176391107 0.165896387762696 -0.144332277315318
-0.0173817119343817 -0.0632119697405235 -0.026304542157798 -0.165895162687863
0.046896904025141 -0.0987068259317915 -0.105664483463817 -0.0830732695653826
0.0450177876200845 -0.152761260071718 -0.100123520318422 -0.020599279827201
0.0608825671585046 -0.145149050223055 -0.0995171491154773 0.00133606660200466
0.0373979244269502 -0.113326386788176 -0.122211714884938 -0.00967713797923475
0.0782904663039028 -0.16697540982082 -0.127035064838664 -0.0628129283554551
0.228114613686917 -0.0744924778521497 -0.114512849277866 -0.147597303082508
0.231382528296599 0.0524792727127825 0.0560441907783665 -0.323286632877296
0.260599415768104 0.176596887872872 0.446270348271346 0.0231388936496435
0.289736476368801 0.466913071044937 -0.0297878273427089 0.219522774568125
0.146682132181314 0.555897486413141 -0.0451875075644138 -0.388901656640291
0.323701742061167 0.250787730331719 -0.187876583210439 -0.27729172787716
0.1975935395806 -0.014723475409308 -0.370298165038881 0.0479727828135966
0.119549757127867 -0.105846680598882 0.0737219196694476 0.227991190133212
-0.0273235198948346 -0.060721947530332 0.155208768277053 -0.0566721176132947
0.0531730982945488 0.00969684164843029 0.0242420444275568 -0.139655062435665
0.106328203014494 -0.0749721179856282 -0.0494593733983263 -0.116419795314939
0.0753884486803653 -0.129628619221491 -0.0695332796031801 -0.0811437077445866
0.0668831727244789 -0.113490552679314 -0.0867433714209951 -0.0467445274890444
0.0332424856326783 -0.0735125387752529 -0.123874116400717 -0.0540228126942701
0.0335520485155689 -0.0971647485454416 -0.0860221498084088 -0.111322711076793
0.0773462975400995 -0.0806866231308631 -0.0746774396349843 -0.0717198868420191
0.188695571925039 -0.0782688271715061 -0.0384486012685469 -0.301752563070168
0.26635526242667 0.0563504832778561 0.339766042135332 -0.0194297565833198
0.352733010388897 0.400755212133128 -0.129592562860662 0.033562421039533
0.142555227536024 0.407397977337176 0.0242910844843442 -0.527102728159086
0.227588503573387 0.0936059068717688 -0.0588359554645518 -0.419219441181285
0.0692208484393237 -0.027184771038196 -0.400681644819031 -0.136716651610445
0.0135201857421075 -0.0521983855930944 -0.0772348745700309 0.200480659363237
-0.023958804026329 0.0514512346506018 0.12558840690546 0.0410611909832014
0.0916822523014227 0.0573460366255618 0.0866114404128898 -0.0913552357255053
0.133743204255343 -0.0426417724978786 0.0252169803240838 -0.139014413611118
0.0918640116407094 -0.0869663231355718 -0.0289618054457343 -0.128644673463382
0.0828676568596931 -0.0658702985523107 -0.073940202601766 -0.0758127740748473
0.0555219822449332 -0.00790491404141666 -0.136913351617421 -0.0813311132589427
-0.00119289815369443 0.0195191950502849 -0.0603076922122805 -0.149152804503936
-0.0657026207078923 -0.0522726430310938 -0.0463826430159168 -0.0297458286666322
0.0898515117711921 -0.136336793512585 -0.060958737373908 -0.263319577237786
0.223948393324351 -0.0672039223265914 0.196790709307918 -0.00446787807245695
0.327647062598554 0.308879068022096 -0.236427431600432 -0.121669758717712
-0.193768072630157 -0.223106262816773 0.273717478985395 0.241722839665185
-0.190431838249219 0.110643786208722 -0.072066584708554 0.015104769044206
0.0249593301226043 0.145555976385381 0.0468330448153923 0.220826202447298
0.149105403238029 -0.00900889161470487 0.0716363781626544 -0.00375383002270457
0.0010046159699193 -0.145763916729111 0.0345689561803448 0.122985697363538
-0.0978097125285475 -0.0736912495772929 0.125136187631156 0.0793071850580577
-0.122100194041495 0.0106737724331152 0.0478468715625979 0.0767877284344088
-0.109919496845222 0.0360706702991406 -0.0134750393769775 0.159704604742723
-0.111190566158827 0.000702481585587525 -0.0880643861917727 0.155885945220576
-0.0916474585622119 -0.0791183510343226 -0.151956272919086 0.0661031744702967
0.0331068118832212 -0.11276652752104 -0.112205914951454 -0.103972003155945
0.105790807718639 0.0241132445847567 0.15406534573836 -0.198848252968252
-0.0141705477061379 0.0630973108179058 0.429087407158755 0.193665159500826
-0.0994978102241203 0.080549610119787 0.0346858027003101 0.531915380858021
-0.147222949988253 -0.171269955030642 -0.0628622839651866 0.631177116459688
-0.017398397348981 -0.0778035591678584 0.264970063746891 0.282949020844264
-0.104759809908886 0.0699036228014107 -0.0474652305663714 0.0615704067921971
0.0987084523287313 0.155264122381714 0.0725695478510808 0.241567119554794
0.21683927075104 -0.0857517615572611 0.146958599135661 -0.0284893956634366
-0.010038568231273 -0.253987097387303 0.030628405525215 0.0542239714492467
-0.145401495821168 -0.139594810865495 0.0918111038407372 0.0465229440325364
-0.143672409514601 -0.0377730686439025 0.0067967502671327 0.066110036297872
-0.0973234872585989 -0.0260518498296517 -0.0557507412400007 0.161059840851892
-0.065782240393503 -0.0439656978394642 -0.131787577542804 0.153554701078223
-0.0520210748788463 -0.0835983335601062 -0.189137611949483 0.0495240212902338
0.0440399798536817 -0.134449928200815 -0.128240476024468 -0.127245313584908
0.199046542361978 0.017600486280141 0.155241427922522 -0.212701885200424
0.00087329454482855 0.142779215361571 0.398763622823406 0.147092430359497
0.00130902363813082 0.162430676067077 0.121304979458483 0.543000811163215
-0.121421321129852 0.077177271334449 -0.0716057381404864 0.671185013238505
0.16335183144112 0.112144250779905 0.185438929743175 0.250013599505888
0.0795089297173427 0.00108060363682058 -0.121276980067183 0.0905138481704357
0.120593468924644 0.0957472825879473 0.0616750675893344 0.324638244187912
0.248750837119247 -0.145609043624532 0.258326360246512 -0.0219672940451048
-0.0269452800535517 -0.318612445540198 0.0459720084007791 -0.0523570722751105
-0.169081600524606 -0.178003807583206 0.0339948030710971 -0.0164098814914025
-0.139987891231625 -0.075856433932641 -0.0487101324109634 0.0405694267359943
-0.071937654480441 -0.0850187895447875 -0.0896499898960191 0.139910661913895
-0.0132049235233389 -0.0891987636191243 -0.147174059913505 0.136447302545171
0.000616611944390166 -0.0899149965055304 -0.192718005226131 0.0500393428411965
0.0729902343986762 -0.140386456824227 -0.160928810372848 -0.107360575916035
0.271407885358447 0.00854630082308552 0.0839655848529651 -0.25395096560774
0.0498666407851649 0.234902891235385 0.368860322490929 0.0230383403239972
0.0516394285760462 0.211732993056846 0.267162779780978 0.45856622647627
-0.0564996761187955 0.282782767797322 -0.0344570197048652 0.64819947725361
0.266735799502674 0.323266913729656 0.0669184295879349 0.140652916180712
0.281222425896474 0.0354045194478997 -0.227454002475399 0.0670298881900697
0.180137050993548 0.00722570947939482 -0.0186179173872452 0.384441671979029
0.248974204522439 -0.193868676107962 0.334107579542487 0.0400812662112364
-0.037075829337068 -0.3288902877904 0.0873213442298682 -0.145090873575584
-0.150214128066217 -0.176140417130159 -0.0194845645410441 -0.089481081286329
-0.0997524697679826 -0.101371967717517 -0.100205196834479 0.00278851501421145
-0.0355499989003288 -0.129120399785073 -0.110058339471296 0.099769990260469
0.0291470513532149 -0.128071391095354 -0.138152091061209 0.102536945225074
0.0405586337911786 -0.105706232678119 -0.1722139447335 0.0479857627054307
0.102598714399861 -0.158200210770085 -0.180622003018108 -0.0699547510876541
0.318662392916642 -0.0110491489063186 -0.0260038388707937 -0.271493775585083
0.135317231466146 0.262062962066997 0.315029182987642 -0.144568440422038
0.107748535509411 0.248004843797369 0.403399279659545 0.312444458072251
0.0493518323211325 0.420372803105739 0.0101294616687341 0.557423410845257
0.264572535082389 0.499547987195077 -0.0351737859361441 -0.0239060885246246
0.379706934179514 0.162883729567609 -0.300936822733495 -0.0112299802529328
0.260561910475221 -0.017848006296148 -0.148202634797317 0.368624399373156
0.244775829498857 -0.212136783686153 0.32982600820088 0.130214910670793
-0.0384265440577758 -0.286387200605215 0.137064542999469 -0.178858280161284
-0.0944147632447832 -0.134048526991274 -0.0431375972576879 -0.14768883496307
-0.0325475442108156 -0.108433089887516 -0.123744399960991 -0.0398106478089485
0.00557374400844507 -0.152952529320866 -0.114534058852829 0.0435544799422082
0.0515729093481485 -0.149652998761922 -0.118581358390309 0.0557712273996928
0.048935664311027 -0.120126291483313 -0.141208956152998 0.0292055850668925
0.107122965326873 -0.178705222958283 -0.16673012045226 -0.0455643931189221
0.31409886562999 -0.0448875502860693 -0.107306901433671 -0.228750316011177
0.210278383327335 0.191705532983325 0.195728140853227 -0.279593060903989
0.192779031362627 0.245109965593466 0.472029026468023 0.145969984441161
0.174612907308742 0.478837177400804 0.019798781286121 0.40391102580722
0.200067040992279 0.580524464051756 -0.0760858037198641 -0.21187408104481
0.374292578982987 0.269634270774398 -0.290542079983954 -0.133835071255766
0.281263413496755 -0.00542036774067406 -0.279623508538345 0.24950781429873
0.20608780908955 -0.176552151951612 0.233397568623377 0.205909122242065
-0.0318583930278144 -0.18955045842175 0.164215586225508 -0.14451211260214
-0.0176189203116239 -0.0632229567420683 -0.0258457645038755 -0.165499686881616
0.0464012090412051 -0.098698388448684 -0.105663941588061 -0.0828175097857076
0.0438000512296243 -0.152581530519623 -0.100427824886892 -0.0205767541270176
0.0604833983402354 -0.144531189675179 -0.0993021722276074 0.00103561187599973
0.0364708429968504 -0.112329146360048 -0.121525954634144 -0.00858932239832197
0.0775322401969009 -0.166353054762638 -0.126713817411357 -0.0621881541958955
0.226157205044996 -0.0759071589732779 -0.115063400032132 -0.146051483481029
0.230758267898074 0.0502586019721077 0.056127304305422 -0.324783301400719
0.260370189812878 0.176499987917219 0.445696323940628 0.0238938994339939
0.288110440511852 0.463991185201648 -0.0296902403839799 0.218674445236611
0.149493487342282 0.552241877034515 -0.0463405559484891 -0.3867861638957
0.323493954219907 0.248384363726668 -0.188110819482207 -0.276091293236724
0.19703457302136 -0.0143375136359638 -0.368454737945024 0.0486202284116366
0.119466898348692 -0.106124104454806 0.0734176806418859 0.22737402218593
-0.0268140209474919 -0.0602275647812399 0.153754055305413 -0.0557838086590009
0.0540401169782928 0.00939201339158415 0.0237227319262484 -0.139645321455301
0.105359928664525 -0.0745187996411476 -0.0501185525988123 -0.116247415741956
0.0742545318251927 -0.129207229146211 -0.070168894915653 -0.0809066261686264
0.0662810694560589 -0.113106145484591 -0.086955177847243 -0.0466915374733081
0.0325201600872973 -0.0730873316975507 -0.123728575750868 -0.0533355670117434
0.0331467559893301 -0.0967631155391487 -0.0855005375323289 -0.110929177873532
0.0771027833353777 -0.0804410367773731 -0.0746059509244131 -0.0710106129059679
0.187776973955988 -0.0789988551244908 -0.0399119519930439 -0.301402288351872
0.265533266140502 0.0556783724256817 0.338588013443437 -0.019594051045887
0.351022445640385 0.399337995484029 -0.129037633173679 0.0334297106764935
0.142734694210625 0.404637062286869 0.0222752403137559 -0.522908194157064
0.226971260679832 0.0934030149237438 -0.0602727941764036 -0.415392590775684
0.0695206253780683 -0.0269664290559873 -0.398385694889164 -0.135409319940409
0.0138101791159988 -0.0517811952941117 -0.0766039357360801 0.199905403666988
-0.0239822946293475 0.0517225225169907 0.125002984788739 0.0402004434803344
0.0918086806300763 0.0567996780881226 0.0869495219915453 -0.0905348420175751
0.130723461681885 -0.0420969417255008 0.0244900188339632 -0.138516739307526
0.0920304880571788 -0.0865372116292194 -0.029630861815454 -0.128500031416929
0.0825791071566486 -0.0665457577725513 -0.0745845249719041 -0.0756225619234644
0.0565993794174205 -0.00869167830162745 -0.136351155442931 -0.0808942092857828
-0.00118984272730043 0.0194258513223262 -0.0610082053494612 -0.148101888562249
-0.0655858713749107 -0.0514749812972684 -0.0480740172741798 -0.029457840316243
0.0898890588968957 -0.135057907528217 -0.0626046952328052 -0.262292542956553
0.222845660760887 -0.0671416007053811 0.196158397512198 -0.00487916613165308
0.327277643614037 0.308055778633622 -0.23534928574977 -0.120813635044644
-0.194232431795733 -0.222726445015192 0.272529805290959 0.239540360254924
-0.189415938279688 0.110361654619669 -0.0720443625825621 0.0151705652986408
0.0251146003805517 0.145184428058151 0.0472188353672206 0.220475395657812
0.149074692385087 -0.00864414482836531 0.0713503903893854 -0.00392661972875651
0.000474961045722336 -0.144485902030738 0.0343030711417628 0.123020361258939
-0.0981926995806932 -0.0733774480996164 0.125064004223571 0.0782933958705139
-0.122655639807825 0.0108968407709047 0.0491234463173167 0.0765824348347551
-0.109726417138982 0.0363394696570526 -0.0124923612004622 0.159631487995668
-0.110302584174808 0.00135429654763601 -0.0870813828893476 0.156798577372369
-0.0918104458460629 -0.0795007033789564 -0.151545279303822 0.065959711432295
0.0321344096731524 -0.11261659334725 -0.111687238857735 -0.102846876298153
0.106656549120214 0.0245345064699614 0.153966342700189 -0.197788714525879
-0.0139834628682892 0.0634687040498654 0.427258878048633 0.192654389970997
-0.0976786231671563 0.0801421664466665 0.0344130914917195 0.533849931535347
-0.146782844685703 -0.17002463956932 -0.0614414220347704 0.626597389845083
-0.0169303195745694 -0.0779599395805371 0.265901310405595 0.281333668025705
-0.103904860871751 0.0697451504289607 -0.0463896181988601 0.0615513155859957
0.0988882880792242 0.153653759544507 0.0722285676542622 0.241713533890968
0.21552823970803 -0.0851356387987115 0.147337335914529 -0.0283971034819182
-0.0111006094895867 -0.253937510765555 0.0304283334888499 0.0535732790736455
-0.145328955483627 -0.138690000009663 0.0905610244714369 0.0458734560101405
-0.14391732889411 -0.0364640006407241 0.00786159628204961 0.0665541626850185
-0.0981335915769949 -0.0257953290386606 -0.0544908539259534 0.161134290497981
-0.0657584183857013 -0.0437853439634158 -0.130639841810125 0.153373475489119
-0.0526710824326526 -0.083965084964137 -0.187829708707749 0.0511524356301931
0.0442111991602574 -0.134944668651454 -0.127842155394947 -0.125734502557488
0.198375551027569 0.0171738675243479 0.153643723437602 -0.211495164367453
0.000844789082262785 0.142385503620367 0.397478557472349 0.146598099632827
0.00143553957204997 0.16191947063759 0.122269185439257 0.544083270917832
-0.121318568899325 0.0761774460836135 -0.0716500934151259 0.668874606199093
0.163725559087305 0.11397389021548 0.18562694969208 0.249719930021276
0.0787943616404436 0.000257973157727459 -0.120749852722565 0.0904982852496551
0.120312931607301 0.0942513857785398 0.0627464141221747 0.323919630210319
0.247135321041889 -0.144896584633983 0.257816570377316 -0.0228811655413787
-0.0279188893974276 -0.317616673218089 0.0451791746020492 -0.0527205820783109
-0.168946062434244 -0.176861074941085 0.0338502635800583 -0.0158030144264786
-0.139267619311676 -0.0753316802284944 -0.0483170853647169 0.0413351708310583
-0.0722568560105356 -0.0848643488617405 -0.0886359242947484 0.13955413614376
-0.0138479035689129 -0.0896011674696465 -0.146904159089034 0.136500339167753
-0.000222484543820009 -0.0898690494149326 -0.191479549824851 0.049728067880927
0.0730398178012389 -0.141033478389841 -0.160463247798879 -0.107315203274204
0.271949064501942 0.00768393279213927 0.0834125676858062 -0.253350546796794
0.0513280832782904 0.234584302469524 0.368070092274606 0.022464876063985
0.0512999285452697 0.211694224706472 0.265765481539107 0.456468898654096
-0.0563847946952177 0.281435927479608 -0.0341229917831855 0.646899260440184
0.267184587968803 0.324021322240833 0.0667851757648121 0.139749371183611
0.280651074858264 0.0348327191090376 -0.226487571992546 0.0671880635600478
0.17948480427468 0.0062884353040946 -0.0168612698574602 0.382586821848844
0.248848093358014 -0.193465243114596 0.33327962162315 0.0370774511469619
-0.0376484232191862 -0.32726966943936 0.0857798164106069 -0.144735797990046
-0.151968369938982 -0.176683943400608 -0.0202120863807004 -0.0896035506928952
-0.100411285112377 -0.1016184689517 -0.100767098407474 0.00366303944347142
-0.0358657472962757 -0.12904298217421 -0.110023181286311 0.100044301692356
0.0274629099889362 -0.127986536965392 -0.137859063910605 0.103005915094634
0.0387063738156208 -0.105643485714751 -0.170991466717831 0.0486529434457423
0.102570243003831 -0.157606643627529 -0.180161554082181 -0.0693790072762725
0.320001299373712 -0.0113554506137174 -0.0264692507393361 -0.270324711798981
0.136272948672771 0.260999242942224 0.310731368880818 -0.145804867466569
0.108438408282397 0.248283191540152 0.402689008284776 0.310420617385828
0.0480676044853666 0.418370693920028 0.0105423278791307 0.55561173962802
0.263156438607952 0.49508762183386 -0.0342379687851678 -0.0247049429028584
0.37964340694991 0.162299285802446 -0.299195909697546 -0.0108281527885417
0.260191840025044 -0.0173347647364973 -0.147447297279202 0.367993476124667
0.244444879493604 -0.212357451480259 0.328478023103509 0.128181631853714
-0.0388233658700431 -0.285295359421082 0.135539177323323 -0.17805971418063
-0.0944017243027119 -0.133360365822795 -0.0434061223239717 -0.14798053268888
-0.0331621184579778 -0.107553171811393 -0.123201460637525 -0.0395167302723773
0.00555086885241508 -0.152398280949754 -0.114590750345829 0.0442063305828066
0.0509323717301408 -0.150022861834407 -0.117536932100325 0.0548761280801931
0.0484925860285415 -0.120827947523641 -0.139860623282678 0.0293422264823806
0.106918256259538 -0.178326840568911 -0.166386437027457 -0.0446897498155288
0.313598367083734 -0.0447932574508387 -0.107868624688952 -0.227249183355465
0.210682374636887 0.191468865929253 0.195646201121301 -0.280060688293211
0.191144893170622 0.244792289497474 0.47104028655932 0.144943250114018
0.172729098636691 0.477731541039494 0.0194922197832203 0.402981690716552
0.20082128872599 0.573901576388663 -0.0758318290560669 -0.211039933391183
0.373303418824365 0.269356727590137 -0.29039394816895 -0.13253778364223
0.281505516011453 -0.00543421760477084 -0.277513126535962 0.248455167753531
0.207543968851677 -0.175810374711065 0.233252380803591 0.205621538507606
-0.0317847717375626 -0.188305427091123 0.163645631774175 -0.144568510631629
-0.0178938064850782 -0.0631052529574411 -0.0257819771458753 -0.16513197412774
0.0427207221663954 -0.0972289654989848 -0.105401388899344 -0.0816789874687963
0.0433656993821809 -0.152272773751615 -0.100194682950886 -0.0204165367346655
0.0587843678706136 -0.144165440151476 -0.0997381908418639 0.00136679634288104
0.0377695360884096 -0.112492826887404 -0.121104884435186 -0.0093841960831041
0.0766510502068707 -0.167152090487095 -0.126509198353829 -0.0616677277661023
0.22658827435339 -0.0764773917495419 -0.116404019269186 -0.144005449240489
0.230916913981914 0.0494535833951947 0.0547166025052868 -0.324515865306986
0.259999247000755 0.175201756571178 0.443852737777816 0.0218313404857615
0.287872419762406 0.463351978830247 -0.0296687486657899 0.216395962145948
0.149543007076429 0.547036231542034 -0.0459052349609323 -0.385684724372103
0.322902260825941 0.248650888069471 -0.187281605760254 -0.275647560278047
0.196810328195647 -0.0141641539258959 -0.367650852880824 0.0491364859311271
0.118662696971902 -0.106456352185818 0.0729232809466956 0.225749073611987
-0.0263162404411704 -0.0602075468028155 0.153106748689493 -0.0576125783732252
0.0531584357163279 0.00953995835793475 0.0227372665253517 -0.138619816620297
0.10421642764989 -0.0750033780732439 -0.0501549764786575 -0.115699835527039
0.0745368242058421 -0.129337108066024 -0.0698567471491024 -0.0813134997787167
0.0653329562661994 -0.113740905473339 -0.0867917442863176 -0.0471072852566607
0.0320888760525868 -0.0727995793444738 -0.124012094333747 -0.0535132642909209
0.0323143640039887 -0.0972955909053982 -0.0850203060347951 -0.109329583253739
0.0768408284214987 -0.0807114282492118 -0.0755333942899868 -0.0713511362942069
0.187627825265611 -0.0794524160526172 -0.0411856412099817 -0.300429317902684
0.264020302787528 0.0564346998738966 0.338794177620015 -0.0202291719312086
0.350651682864043 0.398101505250043 -0.129400875069575 0.0337367632962937
0.144133281734755 0.401155887825433 0.0215262315409773 -0.520084728427096
0.226744984269591 0.0931583470261335 -0.0599589180827702 -0.413891626054455
0.0688561076006465 -0.0271831737293279 -0.402551700707618 -0.140679884683013
0.012987976664345 -0.0520829426522437 -0.0773826023469283 0.199525833479802
-0.0238233132793807 0.0503710064285694 0.123789963648123 0.0391784365198536
0.0923562363061064 0.0573394521388541 0.0864093045335978 -0.0907610105259748
0.128324755275184 -0.0429846568999026 0.0232352786814363 -0.139154417591407
0.0919451012692241 -0.0869636217116975 -0.0304560683598125 -0.128658477291895
0.0816400161333106 -0.0663682640987424 -0.0751440358782319 -0.0756562327482015
0.0566899910519752 -0.00704047159364112 -0.136163166744621 -0.0807969657690474
-0.00178262539634911 0.0191597087473635 -0.0598061397016567 -0.147469818157215
-0.0660797358000667 -0.0516709685212247 -0.0476591823516206 -0.0283697210013867
0.0902233363560145 -0.134929386255957 -0.0642388879849221 -0.260210374777922
0.222438109351659 -0.0667134556407977 0.195501653251142 -0.00554930110171715
0.325788743735282 0.306768673656754 -0.234128572190861 -0.118550243000678
-0.192686187752461 -0.222115391326908 0.272877905426881 0.239636208436057
-0.188791647709243 0.11039399262249 -0.0718057872101023 0.0150386749499617
0.0252008338154695 0.144889659716696 0.0471340130167935 0.219827434796182
0.148738071996089 -0.00890217097489932 0.071996616631031 -0.00414513301992521
-0.000262792080997004 -0.144530100457884 0.0349048368202769 0.121746736498961
-0.0981764479833606 -0.0733602583435854 0.124614118582185 0.0778696917647965
-0.12229048425413 0.0114154521214932 0.0488529294178751 0.0772370315470804
-0.110101479880091 0.0361948812907718 -0.0120023764690707 0.160111423214826
-0.110341865105383 0.00139105823155877 -0.0866969209939014 0.156233778559871
-0.0913304849979618 -0.0785409301603072 -0.149997054995816 0.0665176708640035
0.0318099394146539 -0.11256837574245 -0.111064157650509 -0.101970930107509
0.105708425301058 0.024153562699045 0.153007681133425 -0.197187908342287
-0.0145066879256919 0.0634275730690862 0.426949709532937 0.191760778053828
-0.0979733599195237 0.0795307567685579 0.0341603565156738 0.531474833871618
-0.146918540075 -0.17050704076436 -0.061354909105392 0.625585616897714
-0.0168000230747425 -0.0784642938402445 0.264767110848615 0.279861017694733
-0.10310492086331 0.0695062281275608 -0.0464349038915559 0.0618521022853785
0.0994384769073164 0.153810765178494 0.0727500324998147 0.241771262306309
0.215712286337301 -0.085305597370961 0.147570755682427 -0.0292900388085084
-0.0120488722294905 -0.252490715619649 0.0307916745355028 0.053188224496349
-0.146300536048857 -0.13917759060264 0.0908998321518058 0.0452479020494358
-0.143514828004018 -0.0360969642990142 0.00773931734248092 0.0671600953520786
-0.0982731444684243 -0.0250943007950024 -0.0535846450489403 0.161164269829607
-0.0660721563379502 -0.0434886700053759 -0.130973125261582 0.153921457936202
-0.053181073220751 -0.0835170382135433 -0.186224721424389 0.0516376317649068
0.0440267576369314 -0.135096238858002 -0.127366294830495 -0.124210270302519
0.19814439553799 0.0169929431268695 0.153661019722668 -0.212412018474647
0.00152121594231153 0.142501619741474 0.397014707894866 0.145754399044056
0.00180266836564178 0.16137908908129 0.121719373296847 0.53988835013005
-0.121648634857798 0.0763149513885596 -0.0709359910563552 0.665849288899045
0.163593782456846 0.112399818270774 0.185390525810764 0.246543532276169
0.0792851535851088 8.15636355974798E-05 -0.120682200037734 0.0908036284660226
0.119707114709217 0.093303070632145 0.0641099946594008 0.322860134284297
0.246362567128362 -0.145621114005054 0.257976868609528 -0.0236849518614986
-0.0276562595483721 -0.316494666869222 0.0443000213289571 -0.0534896703119507
-0.169179271823967 -0.177057117018954 0.0328559824058769 -0.0162091685147926
-0.139268949185063 -0.075331543325991 -0.0478009448879114 0.0415089887206838
-0.0727892909226119 -0.084508897662389 -0.0879368096473558 0.140458387199282
-0.0139485343711676 -0.0900627986520744 -0.146025493870157 0.137286951651129
-0.000670018520072021 -0.0909239864101542 -0.190877066690458 0.0505856959915548
0.072412215831503 -0.141316470570698 -0.159328454693358 -0.105333856796104
0.27111813557806 0.0061116955614563 0.0825567624237924 -0.252335535207482
0.0513553370166408 0.233899192762233 0.365858809636416 0.0218381340718807
0.0513276461076518 0.211164881106383 0.266311999678301 0.454761330811197
-0.0555998676587098 0.279930924351492 -0.0327766029732196 0.64530176203898
0.266290250531795 0.32150566188655 0.0673348194773955 0.140048686493085
0.278927331421867 0.0341159330018124 -0.226912675761496 0.0672065138262858
0.179078126460923 0.0064375509096023 -0.0181308210371219 0.384879503824952
0.24958850576881 -0.192769908551458 0.333652079485446 0.0357866852233247
-0.0390189164686657 -0.327615134721425 0.0853592868212487 -0.144217470551523
-0.151046888773302 -0.175039789091379 -0.0206253773593031 -0.0892015263196959
-0.100765176380063 -0.0996636482606193 -0.0998418693657342 0.00498111099668976
-0.037191176623152 -0.128712606078835 -0.109771011136438 0.100157566020723
0.0269481563171774 -0.128915319344618 -0.137050732292887 0.103025888862768
0.0376394726354129 -0.106075365653933 -0.169779932364155 0.0483958355045388
0.101821856385085 -0.157840953977435 -0.178992295992045 -0.0679165210559656
0.318490845097974 -0.0117765219042641 -0.0271567357238066 -0.268396952647304
0.136446069814117 0.261355058457486 0.307957404600292 -0.146119527114549
0.108376819157753 0.247639645500937 0.402024997081744 0.307735461354051
0.0498677017303801 0.417204302038141 0.0122505735634318 0.554073889374724
0.263962276766604 0.491804104884873 -0.0345626820434974 -0.0244617252665945
0.378182815236248 0.161259719200094 -0.299483294765892 -0.0103239634074489
0.260761251242667 -0.0179573648854403 -0.145240229307087 0.367688421525365
0.243298184417089 -0.212519518702182 0.327373976696403 0.126434636327567
-0.0396772742161344 -0.284298982269356 0.134963544637692 -0.17862392703831
-0.0955569156480788 -0.133623659500725 -0.044571180794465 -0.14699269374641
-0.0332184779904654 -0.108040725878202 -0.124118172670648 -0.0388921548760117
0.0034313138640469 -0.152833326933717 -0.113980093599542 0.04418092472849
0.0499620551566364 -0.150515926061251 -0.118335111515998 0.0550949371707979
0.0484600014276627 -0.120339201347074 -0.140236571026885 0.0290077039953993
0.105647300494899 -0.179583275162936 -0.165944104561757 -0.0443135015417789
0.313512328093565 -0.0459965510684132 -0.108740515087605 -0.224725659490462
0.211373303713215 0.190510554782004 0.193132392492938 -0.280536725907699
0.19249997707391 0.243746287178174 0.47002026296389 0.144622340464925
0.173649902444337 0.475375696413823 0.0202800883668113 0.403099747323329
0.200048322844855 0.575284108723247 -0.0760976648930025 -0.209255526987335
0.374227536362099 0.26833539970959 -0.289670217582165 -0.132703986730085
0.280129852933573 -0.00578310755353131 -0.283665469300885 0.249770163170055
0.206400044335587 -0.176244714288882 0.232039097154928 0.204985981380484
-0.031255092070188 -0.188413870931638 0.161039467235792 -0.144752007221723
-0.0180547532140277 -0.0637860471257462 -0.0274995292194215 -0.163783924489314
0.0418914356676929 -0.098328070804249 -0.10608228673502 -0.0809374314307362
0.0430580289590622 -0.152025467051677 -0.100172221463289 -0.0192254771457419
0.0574944143762684 -0.14518243217504 -0.099673248790614 0.000684867557996617
0.0380448659262564 -0.113254031596465 -0.12060993493869 -0.0102399455152758
0.0762848084421957 -0.167360707601272 -0.126285732208868 -0.060178831753753
0.225318785580881 -0.0787042689744178 -0.117295686350928 -0.144002753955319
0.230633210003477 0.0498658807988693 0.0504823423607612 -0.323088308242638
0.258780867687156 0.175193447487326 0.441627280254825 0.0197756065966479
0.28716445288811 0.461817634696647 -0.0289917702398817 0.217792197756129
0.14900311630891 0.545680102034582 -0.0475192496559083 -0.383755573729249
0.322790268175517 0.247429258702077 -0.185823581517202 -0.274514124661054
0.196387774090804 -0.014092381379568 -0.366063399172793 0.0489869617224421
0.1183004679318 -0.106838971399121 0.0733299614230873 0.224734073939745
-0.0269899821571304 -0.0601714063984685 0.151691696939513 -0.0581559813571619
0.0534092245244729 0.00952454961980321 0.0221789397612411 -0.139377488943387
0.103298642378705 -0.0752084252732769 -0.0510929370666256 -0.115567254073087
0.0719775913575935 -0.129325858434866 -0.0700101034128109 -0.0805327595982949
0.0642408423294324 -0.11377283298556 -0.087039428026292 -0.047300855690024
0.0315491640072753 -0.0725833389801501 -0.122824287157129 -0.0529412921621051
0.0309671443840821 -0.0965076642399974 -0.0850927148871827 -0.108550723143107
0.0758256130612433 -0.0810009732467934 -0.0759111378218009 -0.0695735119963681
0.187552757945881 -0.0796883630580799 -0.0417401233111809 -0.300618850681094
0.264783706167757 0.0552528721060469 0.338348322916904 -0.020337176714046
0.35006461636058 0.396878281524615 -0.128553555951093 0.0337878921207515
0.143486422936003 0.400703344080214 0.0212456301774824 -0.519399980623989
0.226328724603026 0.092187903226806 -0.0589917397790468 -0.415612410328094
0.0687596835323865 -0.0267658385610568 -0.399159435132453 -0.139366470940234
0.012921815450867 -0.051816904617848 -0.0778715543938829 0.198653113208466
-0.0234050463873649 0.0517636049457724 0.123231801929355 0.0374872601634733
0.0912004920842295 0.0566857122428806 0.0838230384894718 -0.091855574793097
0.129943422277938 -0.0430644023070483 0.0226231865306029 -0.138695647151685
0.0907683003534138 -0.0868471083529197 -0.0309516339049887 -0.128125940465128
0.0806823309304717 -0.0664844509257079 -0.0749202179901401 -0.0759726030367515
0.0558688949406678 -0.00794852134206529 -0.13599859732657 -0.0805162591381406
-0.00178453036178944 0.019442603849699 -0.0608591193145714 -0.146959096957949
-0.0666396361078751 -0.0515534357743722 -0.0494304982647664 -0.0282796234880996
0.090110434682796 -0.135338679528076 -0.0650641181099781 -0.260918404335766
0.22152845262002 -0.0666400298006647 0.195698191195792 -0.00596155316604017
0.326157969959813 0.305949312176206 -0.234120094458669 -0.119486750792417
-0.193690751502353 -0.22164451593353 0.272762300635769 0.237498003808686
-0.187434246636643 0.110761871326353 -0.0713056614312459 0.0160018288679061
0.0246676529251119 0.144330735336133 0.04795715692642 0.220371672028013
0.14857011772959 -0.00918958661151911 0.0723361123467198 -0.00399679330164984
6.39372355362533E-05 -0.144384128760165 0.0346929601291836 0.121568128999008
-0.0982177759477194 -0.0728838511651786 0.124385652280364 0.0778529467292237
-0.122248605565966 0.0119685840768804 0.0494401837642223 0.0762757252867866
-0.109197387065711 0.037098499337797 -0.010063061748497 0.159714449527573
-0.110563458406126 0.00163688522096543 -0.0854457531833692 0.156646789530757
-0.0923842664986231 -0.0786186282414472 -0.148818908451383 0.0669653846538402
0.0324604967166851 -0.112630901302051 -0.111410281149281 -0.10158515101752
0.106478867322735 0.0237708899143231 0.151292804719187 -0.195592000224555
-0.0138377581892413 0.0635031548715995 0.425882026069597 0.190375630214442
-0.0979747218098008 0.0803659148910954 0.0365521887139158 0.530113629569725
-0.146112902039524 -0.170451372688606 -0.0605332506437042 0.625781120469497
-0.0166996445672835 -0.0787045764574516 0.264703330601475 0.278212919673762
-0.102871564756976 0.069602317966837 -0.0470396670161572 0.0615413518550953
0.0991789330295884 0.151868147761381 0.0725737332146006 0.241942479115067
0.213908031354497 -0.0861383556409006 0.147082762202222 -0.0301947448361512
-0.0131510710814996 -0.25087214517137 0.0309300722302202 0.0522989640039369
-0.145307538946952 -0.138775421812768 0.0907793892454545 0.04452265121892
-0.143348485665227 -0.0351315959261715 0.00846432310709528 0.0671776026153881
-0.0983521126158472 -0.0254849571728188 -0.0531108202568173 0.162034020724922
-0.0668189611515949 -0.0433429117458076 -0.128946510567322 0.154096387907162
-0.0530178491250181 -0.0845685892824852 -0.18587026967784 0.051590382306222
0.0437951172923274 -0.13571109099131 -0.128295665068831 -0.123035305817138
0.198962579362716 0.01615812161228 0.152420919200073 -0.209952756696242
0.00207861866871234 0.142548067970253 0.393827421204621 0.144408912241702
0.00194757223873551 0.161381322049112 0.12234804626664 0.539100523421125
-0.121083247495922 0.0770476387610159 -0.0699931094477906 0.66579531649075
0.163831772134382 0.111584000273224 0.185148717660268 0.245840073652713
0.0790709141325327 0.000128309842278458 -0.120599524632915 0.0908670166537278
0.120375823849063 0.0930876606488959 0.0636524915938326 0.321953496734022
0.246147588655094 -0.146448329630066 0.257184814567013 -0.0248913670976662
-0.0289172814472451 -0.315113060530097 0.0443232042086786 -0.0535797737143198
-0.170265259688429 -0.175678259813915 0.0330067881283614 -0.0159289720798379
-0.139404223296739 -0.0738509875786955 -0.0483158109886522 0.041887741631208
-0.0737097379556555 -0.0834323923263026 -0.0869670890672709 0.140735146255636
-0.0150659139722929 -0.0894731160647265 -0.144210806383963 0.137554242768047
-0.000353725389913131 -0.0916133025471609 -0.18931551305015 0.050777401774754
0.071508859696172 -0.141962843053253 -0.159103362320799 -0.103968217108416
0.271575035318421 0.00575511700420332 0.0806292447800537 -0.25147484451507
0.0528024081043219 0.232866405456398 0.364859565019226 0.0207095477482776
0.0514869702225831 0.211243338170337 0.266056930946587 0.452663615889064
-0.0554508434241375 0.279949700959762 -0.0311698374338578 0.644058365439531
0.265090543533461 0.317914950885527 0.0675109224492936 0.138950700774073
0.279221994365534 0.034430847113754 -0.226150332588255 0.0679290855469775
0.179518916008594 0.0056889646132302 -0.0174619456813516 0.384662442882054
0.246097434886949 -0.194661134828779 0.333585340113803 0.0358529330204694
-0.0406764728042862 -0.325956765847062 0.083840220445472 -0.145151550996713
-0.151877706743419 -0.175517108759812 -0.0205816398700048 -0.0895160334169106
-0.101398224196597 -0.0988853943307568 -0.0992878352658154 0.00520851465306329
-0.0379975123232004 -0.128742188924973 -0.108340132101129 0.100332647710542
0.0261344848853751 -0.129988117247933 -0.136680127500525 0.104002175839018
0.039239069118208 -0.1070465290685 -0.169996456984529 0.0487001528368046
0.101259919759368 -0.158831242623811 -0.178505690506221 -0.0666981993850739
0.317413616856915 -0.0144864896177714 -0.0289645923384278 -0.267344568783307
0.13698717586285 0.261036724177856 0.309195138003267 -0.147242601065017
0.107796120207687 0.247519471300139 0.401992928112617 0.306065125553124
0.0499808083505422 0.415947047139146 0.013375610120336 0.552988527105432
0.262637225343999 0.493382230767248 -0.03427126573275 -0.0239868442693378
0.377783569944062 0.160681384539136 -0.298355932332142 -0.00914366470634642
0.260828799185803 -0.0195518151628438 -0.143777614183455 0.367143712172977
0.242067327550548 -0.213569076974838 0.327517780685673 0.124911912552061
-0.0419231800424855 -0.284548889544691 0.132185381881497 -0.178826897531714
-0.0960677814644593 -0.132749311468128 -0.0444094954626949 -0.146989683600081
-0.0339757288514558 -0.1072746983019 -0.123474936948149 -0.0381785909223017
0.00243189774308928 -0.152398349847982 -0.114451984198498 0.0454075821919172
0.0480619733313079 -0.15107961983349 -0.117960771763112 0.0552699835808748
0.0475248070633781 -0.120658118364917 -0.139216944159896 0.0285027568659728
0.105165314189968 -0.179708869245982 -0.165076442866759 -0.0424334280707919
0.313061792985272 -0.048103378402801 -0.109983158018752 -0.224266094022742
0.212142250614898 0.190115272694044 0.192169493641412 -0.281020056392352
0.191605008229412 0.24369306368373 0.470762962894034 0.142093445381294
0.175173166256734 0.474524930103887 0.0205310071130753 0.402004574663651
0.199385715731463 0.576325112469929 -0.074585210024458 -0.208955917101275
0.373081014482663 0.267375004490246 -0.289486757021888 -0.131755098651499
0.280869934303232 -0.00582859665527454 -0.280736394206841 0.249774631271027
0.204101787944304 -0.177934146190451 0.232885305300886 0.202070443562713
-0.033746051839193 -0.187707476946365 0.160914886995619 -0.145742421040304
-0.0176183569592933 -0.0635786291156081 -0.0292997431759859 -0.163394379617245
0.0438419024620463 -0.0988201537922197 -0.105890548181215 -0.080840711186344
0.0415566167316146 -0.152305399364785 -0.0998947459330973 -0.0190481659090306
0.0563062642266554 -0.144992842563826 -0.0992689072044022 0.00137923586198023
0.0354385369155966 -0.113386624356425 -0.12080853113498 -0.0106133302741998
0.0737572906059345 -0.167261632829007 -0.125355344883529 -0.0592397790785332
0.224148066182305 -0.0784102106998438 -0.116863414197373 -0.142176335821085
0.230554969265818 0.048674121183821 0.050396418187986 -0.322567659838806
0.259803408317191 0.173650650021236 0.441994389156455 0.0192730954511678
0.288427562824126 0.460719636694189 -0.0283146116707659 0.217984362796252
0.147331815303457 0.548313628957518 -0.0467896780424409 -0.382161812726598
0.322411583346148 0.247247303343943 -0.186706918347677 -0.275004043252297
0.196458836421911 -0.0146315058537331 -0.3666857562249 0.0495186651754659
0.118193770210557 -0.107058449209399 0.0741508459668466 0.223618370113402
-0.0270806828041646 -0.0609290688602928 0.150293161890679 -0.0590970273995519
0.0529900920853474 0.00889615331553677 0.021089913418889 -0.138478663074998
0.102707986393742 -0.0749731828040215 -0.05159507441295 -0.11579493596876
0.0719728263185886 -0.128480863104117 -0.0701832771925945 -0.0808844152051844
0.0633721958988507 -0.113371113082623 -0.0879802622644295 -0.0462338806274089
0.0311958101122038 -0.0726779662344736 -0.123330334471547 -0.0528658185693142
0.030646113869133 -0.0970536582823506 -0.085510602820437 -0.107247456467197
0.075574207617284 -0.0819855239279205 -0.0767628542477647 -0.0689425670636006
0.187106421213103 -0.0806284090247419 -0.0440898701752967 -0.300024946320496
0.263815627984951 0.0548235108228021 0.33742188444832 -0.0217074435273085
0.350042327937507 0.395590446154274 -0.127760336644215 0.0347491520761659
0.142721646138828 0.40239500699418 0.0218572456663362 -0.520756770543708
0.226215403511638 0.0923294400451727 -0.0600272027403777 -0.413570391098804
0.0699174341879077 -0.0273475709823102 -0.396187899096627 -0.133043344024805
0.0125452606469132 -0.0519328428083043 -0.0760540621372039 0.198146848439916
-0.0241740059606037 0.0512035411041505 0.122851513373368 0.0364978794783048
0.0910014317858106 0.0559953169643649 0.0833218531320025 -0.0922042178574904
0.130401844688793 -0.0438840552756009 0.0226989960876832 -0.139438171021337
0.090860754383541 -0.0872784185212319 -0.0316560863918068 -0.128467713540957
0.0806542954788649 -0.0663108448626542 -0.0752535350301929 -0.0757113343079026
0.0552813462395869 -0.00788680733440212 -0.136457202810566 -0.0795094770435589
-0.00180993565499429 0.0199540258575346 -0.0617426002039626 -0.145217974003344
-0.0663947931265921 -0.0513511517451714 -0.0497364557035948 -0.0280754448533645
0.0890971104785741 -0.135207516891602 -0.0650572895147041 -0.263024789636911
0.220441195284649 -0.0673636342550127 0.195911583810199 -0.00690294564629788
0.326056133010873 0.303696336421126 -0.234648036456898 -0.118814093251348
-0.192911897988632 -0.221293489315306 0.271794626763745 0.238033118711997
-0.187756816755692 0.111156459306823 -0.0718438830351963 0.0158069165430296
0.02558881752924 0.143823144837251 0.0485587019390966 0.220297081697399
0.148610441631145 -0.0100104421297513 0.0721712960980318 -0.00473403237411442
-0.00117012881054005 -0.143756668934236 0.0351644545140154 0.120961143989523
-0.0993754923324852 -0.073132552600567 0.125050752357162 0.0775048000737295
-0.122166957064101 0.0120368698116393 0.0493800677685557 0.0769803914637206
-0.108580858159855 0.0370907157342497 -0.00936485460366032 0.160186968993739
-0.11017801718018 0.00213886217970011 -0.0840204757182332 0.157118418184744
-0.0925768169205232 -0.0784537658665268 -0.148651513282281 0.0679160554457525
0.0314605817370771 -0.112764992368926 -0.111198072495877 -0.100295848699762
0.106406332053129 0.02273530373577 0.151130309715261 -0.19577417016489
-0.013812040458156 0.0636377612579287 0.425038571436157 0.188081442864777
-0.0970463019485879 0.0801009879462914 0.0363776802327412 0.528886137497282
-0.146638597649808 -0.16963698978457 -0.0584250659088317 0.62425016711743
-0.0165441341850544 -0.0784752096621738 0.265002529318879 0.277248880731618
-0.10248677578732 0.0691917198134716 -0.0463137657588438 0.062170316683194
0.0994185520054246 0.151732662406985 0.0738532837913298 0.241262999246944
0.214378598082073 -0.0873026433215522 0.147378592836352 -0.0310564962443045
-0.0133924021879961 -0.251125161358493 0.0308718800799358 0.0522384044326129
-0.146700950814176 -0.137701914936867 0.0903455720061349 0.0442501178217663
-0.143979248694838 -0.0352015734238686 0.00791617831252298 0.067236474595348
-0.0980565560345587 -0.0244681745913744 -0.0515676158714418 0.162679155753835
-0.0669867182408404 -0.0440950111268546 -0.12862025256277 0.154230804858951
-0.0536947528499515 -0.0840309190222812 -0.184624251509269 0.0525241901356237
0.0444390088937004 -0.136442507966769 -0.128042965367236 -0.122658329379131
0.198940604626017 0.014456115702076 0.150720530389688 -0.210436199270279
0.00269517521789151 0.142377995260517 0.395320398849997 0.14309103115058
0.00155220189025821 0.161738482045794 0.122709106561127 0.538555640116723
-0.120286943329299 0.076634362518341 -0.0671035062373254 0.665504398269826
0.164299315887511 0.10934303273773 0.185254334729775 0.244959031207065
0.0797211500154717 0.00023715344794681 -0.120663375118598 0.0908987291745636
0.1203904346535 0.0927479717790941 0.0664177913497818 0.324021902407349
0.244799921487102 -0.146672818431518 0.256625973563894 -0.0265701879705998
-0.0306716506416783 -0.314498498363749 0.0437158776589499 -0.0535107693996615
-0.171891026679267 -0.175612096426877 0.032746667887783 -0.0163673771531338
-0.139538968869893 -0.0737955926024827 -0.0473862371383092 0.0424082319803586
-0.0747459160443422 -0.0834644715616537 -0.0863535985877834 0.14141912850738
-0.0161240216683425 -0.0907079122665991 -0.144317767749693 0.138233584459376
-0.00080106266398315 -0.0919325728775539 -0.189493894318509 0.0516001834350824
0.0714918503652989 -0.14243337479094 -0.159200103244003 -0.103126077050686
0.271232230711657 0.00468016302961684 0.0799349404533732 -0.251094502831423
0.0530940363211151 0.233446861784041 0.364650186369534 0.0198217501852929
0.0517601404828941 0.21038517214171 0.267680268688204 0.451976653280962
-0.0540211516318945 0.279539552156262 -0.0318587027210207 0.643182431079775
0.267122249785382 0.318253130791397 0.0669278873541867 0.138590482122171
0.27952946574303 0.0334517770153297 -0.225494809329405 0.0677700466210051
0.17916196107729 0.00498386500527936 -0.0136235764069999 0.38090106599337
0.243936525612396 -0.1955395475457 0.331044210680448 0.0323576784579726
-0.0416681241224701 -0.324721899280509 0.0827054240343019 -0.144157728358357
-0.152316895893473 -0.174628398247508 -0.0209926013505126 -0.0882676810121784
-0.101872892384145 -0.0996953190396309 -0.0987503868098403 0.00509559532251505
-0.0386208119925219 -0.129237834468172 -0.107937426937924 0.100655831401421
0.0250218238683492 -0.130354620762893 -0.136290187084218 0.10387432738768
0.0382419126406954 -0.106941308525399 -0.168909727183245 0.0491560944059304
0.101235874673497 -0.159469504343896 -0.177503819319669 -0.0664025770133561
0.318801689535285 -0.0160223139976812 -0.0291205739743494 -0.265982381420121
0.13882671239637 0.260477425991757 0.307192244092879 -0.147328359249058
0.107740441997477 0.247820124075275 0.403740478948187 0.305199824152058
0.04960006694629 0.41524450045397 0.0122775021650622 0.553100047258039
0.263229251564119 0.492314835023016 -0.0349554303477341 -0.0238587686930927
0.377039792895296 0.159646667169667 -0.298861598992246 -0.00803932973665331
0.260014239356096 -0.0192390691030759 -0.143528868502349 0.366482773751481
0.240105694308338 -0.214298972124345 0.32803037911022 0.12444150094814
-0.0420338207943519 -0.283406579456458 0.131441012942864 -0.179142159902422
-0.0963211696709245 -0.132744724079855 -0.0448453277242618 -0.145805440927331
-0.0342446840987828 -0.107804842111978 -0.123794586546326 -0.0376077300656445
0.00114617455772325 -0.152366947898739 -0.113563102611314 0.044727419857457
0.0473872033768211 -0.151665154265725 -0.117442146775051 0.0561974061107368
0.0467077260311122 -0.121319582162326 -0.13870122248508 0.0294938239559513
0.104267692792816 -0.179723493881372 -0.165085578641322 -0.0419424539321434
0.312273539678298 -0.0496308066498865 -0.110198236999612 -0.222944495622063
0.211701375474443 0.188827052274558 0.189813381667602 -0.281413612111417
0.191571412989973 0.243613846494731 0.47043544188206 0.141083374215846
0.175595454524947 0.474002947109952 0.0220262276375603 0.401244003150474
0.201045593600211 0.572756009173094 -0.0756263689300521 -0.208140824456801
0.372362794689671 0.266825001740929 -0.288913964292687 -0.130067412605866
0.280124796891466 -0.00639513644964569 -0.273909089546988 0.249104672780484
0.202742298945593 -0.178192283590314 0.232327647247886 0.200219681022688
-0.0340937074925676 -0.18770685404665 0.160174198362498 -0.145838309293463
-0.0184938605139467 -0.063442358725992 -0.028436237239928 -0.163852130957268
0.0427713073153062 -0.0988443677571841 -0.106095113942839 -0.0801873291028289
0.0398752200297455 -0.152541424074467 -0.100262126788158 -0.0195771383800401
0.0569687949256824 -0.146369982325448 -0.100301415080869 0.000914965540313614
0.0334650555368333 -0.112275312949083 -0.120230296690437 -0.00937088872520501
0.0737515174922952 -0.167320842288933 -0.124820264559898 -0.0587271633298696
0.222416126748023 -0.0806408935184547 -0.118270687770891 -0.142073707157834
0.231949011938643 0.0467755899235594 0.0500568465033599 -0.323291475472614
0.259372658164591 0.17348155171534 0.441797295735893 0.017904424427045
0.287970539342555 0.46011930841058 -0.0286524109253728 0.218426210516468
0.149084391209153 0.545725307710152 -0.0472471333085817 -0.382251806984525
0.323233914643554 0.246333920545738 -0.187427783678522 -0.273813520444862
0.196482300363389 -0.0148698652894029 -0.36543567938594 0.0507262306841075
0.11715512822578 -0.107574825779574 0.0737049918159074 0.222968800726422
-0.027064636839692 -0.0598534444093953 0.15026659121867 -0.0597088256615625
0.0525148615105791 0.00843489883770192 0.0207740132753289 -0.138553604492211
0.101889821671685 -0.0758019422724984 -0.0524350704094816 -0.11493833751493
0.0705815359124887 -0.129051220847364 -0.0715514991550867 -0.0803374733958754
0.0628720362052828 -0.113841827026816 -0.0880939921128789 -0.0470838052005702
0.0319883604994985 -0.0722531475717661 -0.123194467486858 -0.0528183941678108
0.0298744327974728 -0.0961493465033394 -0.0852988747131572 -0.106397681175345
0.0753201456240327 -0.0817530975903204 -0.0774862977095983 -0.0684304717567109
0.186971469158109 -0.0811595287517862 -0.0456833134292383 -0.300102541017687
0.263808929901674 0.0546538716405783 0.336641343720432 -0.022813371793411
0.351766112996178 0.394779082034611 -0.129380674483646 0.0350792466994958
0.144266277044414 0.401671461229652 0.0186650349914042 -0.519442484575947
0.2271884017508 0.0914661693073551 -0.0609835327876087 -0.412618399150538
0.0695603583119701 -0.0273328820067582 -0.395870434474603 -0.133360296903542
0.0121803141185098 -0.0521462737016654 -0.0744463879076421 0.197077520560294
-0.0234462782189213 0.0511792490285794 0.123090390149386 0.0363430338321928
0.0905808338401457 0.0555282384783745 0.0851798166566398 -0.0918134087231109
0.12844847879642 -0.0444113293058373 0.0217140132151042 -0.139509914840635
0.0903449657383277 -0.0872213178558632 -0.0320671058641204 -0.12853650170504
0.0804839696515978 -0.0666943624095346 -0.0760855424823827 -0.0766229798456445
0.0554229799032179 -0.00763467536655262 -0.135726700908871 -0.0784975658824804
-0.00222073244918118 0.0195555533625835 -0.0614297162780227 -0.144344717216081
-0.0664575120662663 -0.0516934003795584 -0.0505505574826586 -0.0278912440942496
0.0879511078510763 -0.135387723183398 -0.0669399499999108 -0.261898551197633
0.220419129174643 -0.0673145412692974 0.195768711556731 -0.006532575481359
0.325383801412746 0.303465477933617 -0.235107101237893 -0.117071180352227
-0.193787044533432 -0.220639729992303 0.273039940829183 0.235666967888154
-0.186596867327501 0.11173680839153 -0.0714450399471874 0.0162417694146002
0.0252612859554332 0.143740968335028 0.0496385797291475 0.221214432650378
0.148505649922599 -0.00986839142762016 0.0726941651406314 -0.00539450597726286
-0.00109170208633316 -0.143390221471068 0.03588643044411 0.120327216862202
-0.0988683894241568 -0.0730567111683102 0.12484808763357 0.0765270538652531
-0.121644888672368 0.0133700939679968 0.0497906477440445 0.0768915738385991
-0.109287705513922 0.0374954055673718 -0.00805988291370575 0.160864877444063
-0.11032940619062 0.00223356315009503 -0.0837774730600005 0.158413554662348
-0.0924374935032337 -0.0774001826056096 -0.147408618257087 0.068713669541298
0.031882643826427 -0.113941207478891 -0.111771153544077 -0.0989930567426523
0.106938896770321 0.0220401855214909 0.150630047250008 -0.195778877572665
-0.0136136896565674 0.0637366160227559 0.425439754402872 0.186787604722163
-0.0972005034171708 0.0805400654490334 0.0381903879082256 0.530200549122796
-0.148296743752692 -0.169737427837016 -0.0580416924346948 0.623066508531794
-0.0158323645232932 -0.0775113248123368 0.266301882958283 0.275984787810622
-0.10214542035732 0.0699687646011786 -0.0464456075509894 0.0617341238216078
0.0990055249011621 0.150837508235869 0.0754063467811423 0.242375972410653
0.214148880821312 -0.087654583331152 0.147151667921326 -0.0319143940833346
-0.0150330504712817 -0.250587161083024 0.0311038464478646 0.0521327994283628
-0.14704296744784 -0.137057650584081 0.0909101407441392 0.0447012029969506
-0.143908038089299 -0.0351155538996865 0.00919977899889663 0.0676952190037629
-0.0989989709587134 -0.0240212458020269 -0.0504540936964736 0.163154318652686
-0.0668937955012047 -0.0438052961498806 -0.127404539511127 0.155167626218729
-0.054059225955474 -0.0834398410143446 -0.184116418274999 0.0529847431467161
0.0430696334737304 -0.136242417351242 -0.127747275066303 -0.121126121812963
0.199516870009743 0.0138906568956402 0.14999194894881 -0.21048936526824
0.00349534932385542 0.142818937123359 0.396045447125529 0.143090531166662
0.00189348623659868 0.161656841225462 0.125097685586827 0.5385915331324
-0.119867876329752 0.0766680616808384 -0.066820297561914 0.666215778340651
0.165118064431808 0.109892023155549 0.185223161508156 0.245300260999839
0.0789304267665747 -7.30721883005583E-05 -0.120604265314598 0.0908095137517356
0.120951881448076 0.0914633749366953 0.0666500939008912 0.322440450652598
0.244067968646313 -0.148340860980483 0.257501391518977 -0.0282809617597958
-0.0315800447716532 -0.314345707827801 0.0427903799925643 -0.054196542878359
-0.17201137648104 -0.175045424521234 0.0320545420214017 -0.0164840581241783
-0.141147061184518 -0.0727736927749392 -0.0461028828963643 0.0426800617595302
-0.0755095158552226 -0.0829726808575212 -0.0853039884960755 0.142336859971338
-0.0161502997628581 -0.0907204148331897 -0.143682488380372 0.138377948009351
-0.00131778792839535 -0.0918053645136676 -0.188380097454084 0.0525640264088304
0.071314729272988 -0.142878780075443 -0.159041918467073 -0.102083004124978
0.27107872179202 0.00340669751397696 0.0787086457405864 -0.250661247450897
0.054664742084084 0.232975716917508 0.363692475938816 0.0194657190558007
0.0522626607648371 0.210425780867397 0.268980011076532 0.450703294041241
-0.0536117839278391 0.279081767348246 -0.0292637434355194 0.642134887286856
0.266891488836223 0.317992618963009 0.0672995656367897 0.138192442305795
0.279409873966809 0.0327266409604813 -0.22530053022316 0.0689219606150434
0.178853765321509 0.00423679961893092 -0.0118412272394508 0.380864211398525
0.245790417660978 -0.196361452268694 0.331488229238659 0.031073651796149
-0.0429857877690596 -0.326050720437868 0.0819997241251714 -0.144888608736363
-0.153293293893382 -0.17443833613505 -0.021410618159782 -0.0885662517453774
-0.102896713401581 -0.0999071628390079 -0.098546830221726 0.00686882931813391
-0.040203270381617 -0.127927611117379 -0.107571003878377 0.101526168139392
0.0236423921406836 -0.129638419051445 -0.136520248071019 0.104585546400066
0.0358681706578844 -0.108004760150319 -0.168115999253302 0.0502429450283326
0.100737421361123 -0.159216289953086 -0.178348201732002 -0.0650347725246402
0.31909113418256 -0.0167236184963175 -0.0312239203286585 -0.265615224972834
0.139705500021251 0.258479681447649 0.304534226690421 -0.14879043745179
0.108536374806094 0.247209812491939 0.402577395703697 0.302968193155464
0.0506642419975775 0.415569085013996 0.0142134217932439 0.552473924940195
0.264359270956896 0.486845661824019 -0.0348126654637443 -0.0235532112036521
0.376981261878862 0.157938395858424 -0.298247675540928 -0.00793500368574087
0.259775385044835 -0.020423218966486 -0.141373900024628 0.365786396292549
0.240423155614282 -0.215188623391963 0.327718092254143 0.120912734013383
-0.0422918758725268 -0.283301603414527 0.130119966915526 -0.179053372883768
-0.097389343593435 -0.133334098824378 -0.046312347316251 -0.145939731210857
-0.0348191420819426 -0.107867839476906 -0.123322679538223 -0.0361834396462222
0.000215779995360452 -0.152445126662858 -0.113242888892547 0.0454274518667161
0.0460673601212013 -0.152567875298768 -0.117703442435879 0.0562943763281584
0.0461709288118999 -0.121120417675036 -0.138554407614581 0.0289822258997902
0.10342732023892 -0.179948187470079 -0.164279021236815 -0.0403619084427881
0.311919755636195 -0.0504590167605434 -0.112178508173088 -0.22162206659064
0.213265234837195 0.187151186967048 0.187419077963442 -0.282234578763257
0.192795184389142 0.243238989291818 0.469738091009971 0.13878190055386
0.17621416568146 0.472684135081212 0.0230288196365562 0.401776644387393
0.203365477139313 0.567049036617828 -0.0760170130012501 -0.207811221052544
0.372673368022359 0.2654243409643 -0.289261669353968 -0.130409711708306
0.279652348824344 -0.00723097779085377 -0.273074115713747 0.248923599497862
0.205676491497322 -0.177475731993819 0.232573156163895 0.199458326386453
-0.0349815559823375 -0.188478055974599 0.158507720149755 -0.145231704662282
-0.0187492930163716 -0.063408228211969 -0.0288237416565303 -0.164423190947425
0.0391885945013333 -0.0986345573646246 -0.106972964246608 -0.0794829470122796
0.0396448298064821 -0.152292575682441 -0.100226577321296 -0.0192143971982988
0.0542968435745466 -0.145986613138111 -0.100103544481357 0.00108515549843847
0.0359854620472691 -0.113453823658779 -0.120212417458231 -0.00912415032321233
0.0726249410501777 -0.167605163231702 -0.125646026518226 -0.0574390966242382
0.223893644601356 -0.0811686392087034 -0.118606528220525 -0.140545351961312
0.231951516642417 0.0457705124264932 0.0485138621861698 -0.325086307456574
0.260211693580824 0.173073898121353 0.441509917110786 0.0162224552665502
0.288528422470886 0.458820004345397 -0.0280892021800613 0.217611522053743
0.151750602511633 0.541950811772386 -0.048704173191767 -0.381223107303726
0.323660885360819 0.245495315864028 -0.187573688795137 -0.27239901470349
0.196573284053961 -0.0152408834688191 -0.365220245553881 0.0509268988174153
0.116985421628057 -0.107861878240773 0.0738088296789928 0.221412083757328
-0.0280686134173885 -0.0596079275805761 0.149093709027239 -0.0597694049549739
0.0523922420517884 0.00785696906525014 0.0197906362148831 -0.138287542202217
0.102144247863808 -0.0762257957741157 -0.0532266518856366 -0.115387260325839
0.0712060446988769 -0.128921122691148 -0.0717849347350871 -0.0806810527816706
0.06152419442343 -0.113884595778007 -0.0890049295848045 -0.0471873448807766
0.0310050526463038 -0.0725438783607049 -0.122856734183094 -0.0528048658281019
0.029471754543544 -0.0967991939481 -0.0855617380094637 -0.106142995104765
0.0739507092895751 -0.0832758464980044 -0.0784073599964617 -0.0684708716285185
0.187179790395037 -0.0813020663480221 -0.0463010416352047 -0.300438624688131
0.263890980876986 0.0543015671662987 0.336322518493488 -0.0240967399710233
0.350648562259007 0.392851124196649 -0.12857736604793 0.0359573135602845
0.146757057712199 0.395714969720749 0.0172746523735739 -0.516695581479146
0.228175285571269 0.0913321165555412 -0.0617181280799985 -0.413079086136803
0.0691500113739309 -0.0273871546652464 -0.399978012988164 -0.135956670899461
0.0122825051583306 -0.0520432681425958 -0.0761549778057097 0.197436616355995
-0.0232920632273701 0.050491583913958 0.12229440081403 0.0354416203030136
0.0914835878661408 0.0561516156264402 0.0833463546526048 -0.0923216015460712
0.127603415272273 -0.0447031828956339 0.0198329698731248 -0.140058472513556
0.0895793337214113 -0.0867894744141497 -0.0340474173259117 -0.128494907148915
0.079144061496095 -0.0665320182246976 -0.0762822664668304 -0.0765190616950551
0.0563446252540737 -0.008233655804245 -0.136946046150211 -0.0791333072152003
-0.00244798058020092 0.0197755403533104 -0.0620735234572222 -0.144364134951973
-0.0676254818933768 -0.0511680900830679 -0.0504553631010646 -0.0280317887248275
0.0886920035015812 -0.136020178217986 -0.0685325549755786 -0.261342542115055
0.220376335275557 -0.0679231311987202 0.194939405053529 -0.00798495916281624
0.32588703721008 0.303810514011833 -0.234148505554539 -0.11549079454514
-0.193339133599065 -0.220412871430769 0.273510483189726 0.23471374744895
-0.186815006638182 0.111577657529588 -0.0712609645407752 0.0163626656720709
0.0259096796797417 0.143298978378798 0.0511718507053122 0.221283508393572
0.14924161208356 -0.0110293817443508 0.0731668530609035 -0.00532548527055658
-0.00178145248893341 -0.14336839611449 0.0362936112366803 0.119647504955087
-0.0994335507255511 -0.0723473054504159 0.124495607151144 0.0751912490960412
-0.121791963743721 0.0139257588350908 0.0498207118992023 0.0771307730049158
-0.108473285356014 0.0379019232477509 -0.00667860467093022 0.161935189774835
-0.109977711883306 0.00306942303772574 -0.082023946801392 0.158593042078638
-0.0929927487745316 -0.0770106334219019 -0.146417866762402 0.0692404160081459
0.0316970088933997 -0.114084883773539 -0.110060079061063 -0.0979412654907324
0.106749998248864 0.0219828259276557 0.148577624889437 -0.196515413676689
-0.013558487633181 0.0642146885565445 0.426149525136026 0.185046007880136
-0.0972769279881041 0.0803375920837022 0.0398248502655663 0.528256789084334
-0.148086365476604 -0.168458656036309 -0.0566062791405262 0.621725485429452
-0.0161702339346275 -0.0783466873003832 0.26571776347099 0.273835358380564
-0.101106120896083 0.0698427707591085 -0.0468997632465083 0.0621063360525037
0.0990523585994451 0.149662636048794 0.0761821069638003 0.243006423251001
0.213115631755763 -0.0889428983551745 0.1468213316511 -0.0328969975305707
-0.0165281724831439 -0.249527192324917 0.0312161513523137 0.0513367770369671
-0.148142432749116 -0.137247944272024 0.0906006301509487 0.0441309535868538
-0.143505300986026 -0.0332881824808866 0.00975049497144042 0.0676275906032479
-0.0988273287286849 -0.0241911188354682 -0.0497825907051439 0.163643355006357
-0.0672638456471313 -0.0429353361475711 -0.126530138992358 0.156687151461144
-0.054808565610114 -0.0842594258246576 -0.182988520232218 0.0546850216828168
0.0428713915524492 -0.136747737030035 -0.128099704455388 -0.120050428241017
0.200014982411035 0.0129174608385469 0.148940589764624 -0.210889201000726
0.00358085334244558 0.14249372903313 0.395098941459773 0.140584708321826
0.00216290918062612 0.16156096070617 0.126386611941287 0.537070431814444
-0.120491847408128 0.0765974991989713 -0.0660473869929134 0.663731831358945
0.165780730351559 0.10979066323483 0.186294930692563 0.243161521780186
0.0800334690649834 -0.000153666564710299 -0.120431235095188 0.0921250345246092
0.121068061639544 0.0905002193044414 0.0679641736781027 0.322663213823762
0.243474447230503 -0.148760165074325 0.257312957502756 -0.0297070957799663
-0.0338550208917699 -0.31339415183418 0.0428245443011528 -0.054225457515554
-0.172345892426356 -0.173876816435618 0.0322950559842454 -0.0162586736391038
-0.141753554084173 -0.0722451859952829 -0.0464507397146246 0.0438423421057455
-0.0759275447148731 -0.0827231871413781 -0.0844251658689196 0.142389542199504
-0.0182333900670115 -0.0913039641309479 -0.143180837979374 0.138929007378697
-0.00246036718194191 -0.092125852930773 -0.187903271754576 0.0530469623685535
0.0708603924188675 -0.143671285003429 -0.159004945682744 -0.101208535517446
0.272010467841099 0.00188394073965766 0.0776635410276945 -0.249972356305678
0.0552156180156635 0.232964133746446 0.362091266417406 0.0172442485936263
0.0518417618896845 0.210610193986968 0.269324574862942 0.449973753606522
-0.0539586599018183 0.278578967499411 -0.0262047373291821 0.642489480720506
0.268171478637431 0.316749279392978 0.0670041974183684 0.137774081621295
0.278750325810147 0.031078346033143 -0.225158658290602 0.069195417066542
0.179270064354969 0.00404547010643824 -0.0125456227681302 0.383037225046022
0.245390420537707 -0.197856829491942 0.333079313931112 0.0293071166663032
-0.044220805870855 -0.3252429535081 0.0813807000284412 -0.14538469389467
-0.154834941612378 -0.174007205581767 -0.0224406472366545 -0.0879277563876142
-0.103688015676747 -0.0979303094620069 -0.0986579184650877 0.00758996655803416
-0.0407017866761007 -0.128189540962167 -0.106488385239305 0.10238611754754
0.0220667592078893 -0.131312807409638 -0.134908549758941 0.104603420765377
0.0347038593650371 -0.108285149455891 -0.167740762373039 0.0496821599632695
0.100143827886059 -0.160974875878967 -0.17768848179558 -0.0636751453440603
0.318181856639701 -0.0189207536048196 -0.0320399634292485 -0.263992185846944
0.141335843547531 0.259411875320991 0.303439023295143 -0.149392883279707
0.109989815784868 0.247809205713702 0.40458687243915 0.301373438739165
0.0520144092904086 0.414678939061855 0.0168475301276102 0.552075647673555
0.26592346322348 0.485059381290379 -0.0349396452199314 -0.0242023367420629
0.378959172352047 0.157313752429158 -0.298663247986535 -0.00725790230009397
0.25976830814669 -0.0208751640310387 -0.139470440086893 0.366245475953491
0.238976577167107 -0.216290544016486 0.327624470361837 0.119043735367803
-0.0447463578845196 -0.282682789077205 0.128688995131214 -0.180072447184452
-0.0978268817100614 -0.13281429620086 -0.0474423654736356 -0.145006617310807
-0.0365808664894145 -0.106714410343877 -0.123282934694736 -0.0356891436604662
-0.000850538066376968 -0.152480661069171 -0.112492237957029 0.0461749460873187
0.0449036029680768 -0.153007489442242 -0.116367501605134 0.0560029469073105
0.0461568369421735 -0.121694867338307 -0.137710902165314 0.0296809127672327
0.102578043838418 -0.181888383690357 -0.163425154230636 -0.0398506730890053
0.312553174811747 -0.0527856336965672 -0.113256723094676 -0.220065412431184
0.215768023710508 0.186920939735955 0.185853203578212 -0.283404720303363
0.192774097994769 0.242992027820784 0.469234208248682 0.136482364204822
0.177210548139206 0.472287532299431 0.023283554696278 0.401134602153044
0.20302211256311 0.569840041624487 -0.0765053593336286 -0.2074394072675
0.373553844359019 0.264158478920269 -0.288700427710684 -0.129444107204794
0.279424248826236 -0.0076120219238498 -0.278492093309064 0.250801163880861
0.20298650191119 -0.17916594976966 0.233087015676991 0.198258121997095
-0.0348097606093889 -0.187566518716094 0.155877007572054 -0.146888675126691
-0.0196252981566393 -0.0631440814346812 -0.0311625482977908 -0.16293383752647
0.0395454360925308 -0.0992739075247635 -0.107594246741173 -0.0776038793553965
0.0386639086247318 -0.151746393768755 -0.1009243763236 -0.0185228519853811
0.0519649062020748 -0.146604140553492 -0.100555804573843 0.000729204789418488
0.0364586046877673 -0.113779076250002 -0.120347699051943 -0.00994225156290987
0.0718962823845948 -0.168491186191969 -0.125355926849031 -0.0563328251812204
0.222379938348526 -0.0821064264276386 -0.1199549415406 -0.139436176036778
0.231864937449654 0.0459802745219203 0.0436811972062426 -0.324002153957905
0.259996325799579 0.172793899282749 0.440804877982782 0.0136526292040242
0.291295084946314 0.459003738216367 -0.0269923682116063 0.217375605537605
0.151329590015395 0.543491120876957 -0.0493763918860638 -0.379519373925713
0.323186548635799 0.243423828837415 -0.187667164219421 -0.272408854903899
0.196245784537404 -0.0153558259253788 -0.363052942475589 0.0534745960495085
0.116366052704796 -0.108183885686832 0.0746089790534041 0.220130530056314
-0.0275821572150845 -0.0598491692924342 0.148822545774917 -0.0613945771856324
0.0527612629895689 0.00757205444488947 0.0187423381982122 -0.139088299527962
0.100680294137514 -0.0771485215833134 -0.0540026013851166 -0.114494652605431
0.07035288502677 -0.129614656332038 -0.0730898276498518 -0.0803716086070035
0.0597540442770119 -0.115278773149068 -0.0889201726819536 -0.0472836263823099
0.029966539858725 -0.0726897478303927 -0.123417491792814 -0.0529520497765687
0.0282632383283418 -0.0975537664499855 -0.0857617516235915 -0.104117513870124
0.073498512040814 -0.0837952553565729 -0.0795240947190709 -0.0675948098480191
0.1864205607483 -0.0819347306367845 -0.0484999342089807 -0.301266717754297
0.264269127581218 0.0540841650565931 0.337171333320094 -0.0256028008233636
0.351507245140948 0.392435157975541 -0.128402856875024 0.0357953116745741
0.146682166320615 0.397129807771169 0.0177307209803423 -0.51636217461005
0.227744903850305 0.0901970954375154 -0.0624377101249556 -0.412993168246868
0.0695409342596321 -0.02767966222604 -0.398175488751954 -0.133663158751035
0.0120432534247041 -0.052969532982443 -0.0758407642474645 0.196396289192268
-0.0235059368886085 0.0510753063695704 0.121992402807303 0.033781175286172
0.0915837134813265 0.0554907684479857 0.0808888207491167 -0.0929433595134499
0.128729098751473 -0.0446651984129428 0.0182850608755453 -0.139604980134769
0.0892323294627255 -0.0870950410661818 -0.0346271430484177 -0.129094580418122
0.0785599973630645 -0.0668531815768441 -0.0778082462394175 -0.0764873217857663
0.0562933528865093 -0.00829008512322996 -0.136278032109652 -0.0787117627606149
-0.00263853877401775 0.0200167436687325 -0.062820573612645 -0.142536723145923
-0.0676933241628215 -0.0505333960869172 -0.0517578665037354 -0.0271079383936783
0.0894117302083101 -0.135897084095901 -0.0699853699811868 -0.261182423578513
0.219354293586428 -0.0678585945774704 0.195427469672098 -0.0096138917263571
0.326072466107286 0.30236773676271 -0.23445418897718 -0.114470715931652
-0.194501877000157 -0.219655965211209 0.274415524943693 0.232474195138838
-0.186360853569843 0.112180431518664 -0.0717647554862387 0.017149306170351
0.026449976108012 0.14239883708004 0.0515850290856126 0.221324499319198
0.14831012255036 -0.0119691536130059 0.0729887699230844 -0.00581195091023238
-0.00279003901081226 -0.142429660328098 0.0367288183985119 0.119265547771845
-0.0998593653201161 -0.0725224158495417 0.124933334495068 0.0745644820582505
-0.12168449180478 0.0144775030578198 0.0510350033721525 0.0774003069341578
-0.107935048374387 0.0387810374278848 -0.00583269952065299 0.162600525586141
-0.110277593704735 0.00322996431935378 -0.0818599636004828 0.159235398330732
-0.0933872575661347 -0.0771127109932393 -0.145757953817947 0.0693599176633804
0.0309251024020375 -0.114204846318974 -0.111267980960377 -0.0974570763204228
0.106869506723456 0.0207963973796257 0.149177526658525 -0.196519121362392
-0.013654055299281 0.0648551432392293 0.426302377662607 0.18294968796825
-0.096771994561012 0.080952184690854 0.0417233612000122 0.528833226227239
-0.148224378130325 -0.169044694015332 -0.0547215600074911 0.622167724550278
-0.0159163048332571 -0.0789258196181923 0.266437331245196 0.273429590604921
-0.100822312270502 0.0707802993519432 -0.0474892012297235 0.0620742028559483
0.099793197548433 0.149805270824379 0.0769312158657832 0.241535330119542
0.213209661400388 -0.0890537572289667 0.14764696108326 -0.0336367785176856
-0.0176480602725697 -0.249863080900553 0.0307915804800365 0.0506651892907794
-0.150259762190411 -0.136511349805432 0.0911153525954917 0.0416543307528143
-0.144750545527991 -0.0319091962935611 0.00954330701520942 0.0682100049783121
-0.0986272307688235 -0.0234040837418116 -0.0483428752418381 0.164384699218518
-0.0678715644958968 -0.0438661791796823 -0.125194721010065 0.156687785234491
-0.0550270768706295 -0.0849442344921945 -0.181989099980769 0.0549965717544908
0.0426846153315734 -0.13721572728817 -0.127339479038454 -0.119591262033199
0.19953104890679 0.0118372224164717 0.148292328992977 -0.210362447160185
0.00411753337913307 0.142780525579173 0.3939492778982 0.139096828699987
0.00255170908371833 0.161845042641922 0.127392084094256 0.536603019028387
-0.119596278954991 0.0764384188113417 -0.0647486015584481 0.664648829945696
0.165170628117571 0.10697656272446 0.187160464703896 0.241419945968965
0.079565025840764 -0.00123146266323357 -0.119738808372644 0.0927439492473667
0.121743833713961 0.0901998336961458 0.0695496538356285 0.322317673211844
0.242361430561847 -0.150190677034538 0.256748645315463 -0.0313419718416785
-0.0353544868272113 -0.312258029823082 0.0423047982594516 -0.0543010544555565
-0.173892948507058 -0.173536349941008 0.0317766535120619 -0.0167036452866725
-0.141919803559502 -0.0719914367837669 -0.0460116560455512 0.0441736582943819
-0.0764593317238121 -0.0824377351059913 -0.0830227284316589 0.142994647042718
-0.0185277688136975 -0.0915665164794867 -0.141818459996375 0.140077181498449
-0.00243123028254042 -0.0928316019931764 -0.186963200887928 0.0537574003016578
0.0700437820140656 -0.144054564408804 -0.158645931269644 -0.100373400887357
0.271780748507385 -0.000366704840887353 0.0760904647023117 -0.249375716625583
0.0564483907007235 0.233198230462241 0.362568302989002 0.0161410105461065
0.0529443323433869 0.210591984272003 0.270668878806958 0.447347865022878
-0.0530910209360572 0.27929871863339 -0.0259711833351879 0.642576445197489
0.267913629935962 0.312793428220739 0.0681944219666478 0.137425520376723
0.278752519665342 0.0306175471574097 -0.224817788467682 0.0698807941912608
0.178826309780645 0.00275075627373703 -0.0113177987126829 0.383418942638691
0.243080987542202 -0.198889011547193 0.332520617168393 0.0278072198170529
-0.0466544492641404 -0.323345070008102 0.0798336970930816 -0.14597479048806
-0.155841423839622 -0.173713078592338 -0.0233300126374817 -0.0875973028339018
-0.104644063722909 -0.0971695915816559 -0.0984802116174152 0.00748969171881386
-0.0421176324979784 -0.127806827555587 -0.106197631975194 0.10301147836743
0.0208569628955605 -0.131968816831735 -0.135565419023437 0.105957418800637
0.0370826436882537 -0.10919220071478 -0.167623368838834 0.0494770188042291
0.0996715332675312 -0.160575929687819 -0.177330431717757 -0.0626004334586556
0.318015279528032 -0.0217042421171766 -0.0343291296825078 -0.263155311949261
0.142892797036759 0.259657348549 0.303950036766772 -0.150286092398696
0.110128163266048 0.247491946078731 0.405174929616361 0.300073459810844
0.0519632713611934 0.413785759244044 0.0169576168123111 0.55039608714625
0.266099135383388 0.487052709103678 -0.0341010167589506 -0.0231716188193799
0.379560128740663 0.156366568522001 -0.297664728103959 -0.0057225944378187
0.260752806682012 -0.0217296960256923 -0.137108220001291 0.365822576555534
0.237579526519792 -0.217977884666608 0.327003390125902 0.116086263449328
-0.0457874730799788 -0.282811312283057 0.126885754981126 -0.180366138866718
-0.0992786696218073 -0.131973700969 -0.0478597661511475 -0.144728649413608
-0.0376629311575529 -0.106928402989516 -0.124083565211203 -0.0356229444735035
-0.00220757348453358 -0.152113205982487 -0.112271677250698 0.0464123989881055
0.0437657487665093 -0.153562740645291 -0.11688895448215 0.0571977366193931
0.0448395323871925 -0.122492321806308 -0.137958258759506 0.02947498707556
0.101392533398595 -0.181629035393015 -0.162938170660225 -0.0382235123732097
0.31168210318468 -0.055157215659675 -0.114797014631114 -0.219549736453069
0.216276200298397 0.186623741366833 0.184080547401677 -0.283340815655288
0.193709195070361 0.242213897708722 0.471411240990312 0.134093936766658
0.177186593119974 0.47211189716958 0.0246534616086911 0.401096471697015
0.204999839843681 0.57330704644421 -0.0766789658246052 -0.207466254504459
0.373547222618655 0.263981231964323 -0.289107097025674 -0.127527273046647
0.279970694677795 -0.00958446864378759 -0.276277285241784 0.251040477776435
0.200074875336869 -0.180657449558283 0.233383690952011 0.195406730013794
-0.0363230699227982 -0.187866913521914 0.155514922279295 -0.147724130758157
-0.0197722003509129 -0.0636068266241916 -0.0317007512106287 -0.162236014929525
0.0409822215239299 -0.100673480614003 -0.107684371408332 -0.0778320008898498
0.0364819410517102 -0.15261321495177 -0.100767019493115 -0.0187104362775716
0.0522798499509464 -0.146867073019174 -0.100457071924037 0.00227322292676497
0.032963623757639 -0.112988331720806 -0.120450690544314 -0.00928626965214019
0.0707316118371775 -0.168497185182784 -0.124359969716994 -0.0550972820319401
0.221614339851813 -0.0840870709575917 -0.12077692274225 -0.138200426850177
0.233008707458782 0.0448930978736387 0.0423581864080483 -0.324785282590827
0.260330912689795 0.172088605102801 0.442236832975476 0.0118068125933072
0.291172966493499 0.456385985843676 -0.0270046793395026 0.218085699551816
0.15259903670935 0.545131834467446 -0.0499341694477369 -0.380175985351616
0.325802824030627 0.24378870264274 -0.187876398964847 -0.271445460850437
0.196653085456213 -0.0157754037155078 -0.363824840002472 0.0543551521137639
0.116337226357751 -0.109497886428098 0.0753694002344412 0.219463543402661
-0.027981673974918 -0.0598598944858701 0.147770206581888 -0.062609543353696
0.0518631489031 0.00726112652792602 0.0177971403076838 -0.139091905056967
0.100764673104994 -0.0773350596626524 -0.0544405756543948 -0.115161008215487
0.0687036690094148 -0.130227511697827 -0.0736407674520132 -0.080613427995832
0.0596636793485107 -0.115115568914263 -0.0893894755682953 -0.0470503562317368
0.0299778046004687 -0.0722302295361515 -0.123662260890254 -0.0521431618188369
0.0276561868522198 -0.0974119795669359 -0.0861663945085617 -0.103670603628147
0.0732679724527135 -0.0847886026807911 -0.0793643591730259 -0.0667518507004653
0.186515241513473 -0.0833734090331753 -0.0502015672809644 -0.300984567782325
0.264404508793964 0.0523781472329913 0.336589114302986 -0.0275403315050175
0.352786492534157 0.390577425470306 -0.128545535308502 0.0368191866236203
0.147064881526848 0.400311358993268 0.0164139260148079 -0.517606675515771
0.228539054199739 0.0901848792256509 -0.0639064139308116 -0.413291814791504
0.069694637321632 -0.0286119217571002 -0.396024771184314 -0.127252494987316
0.0112886560134734 -0.0520657177799711 -0.0735976641010589 0.196164274165172
-0.0232789084409637 0.0510242496814675 0.121212587741969 0.0333295777442014
0.0921781029542601 0.0546131420491121 0.0820504981841929 -0.0931101261824312
0.12939911805207 -0.0452152561008704 0.017696216262138 -0.140769178659575
0.0886784770521386 -0.0873608612306187 -0.0350029683024458 -0.129043972845245
0.0789793609962925 -0.0672658480602788 -0.0780465897473286 -0.0763322879723864
0.0553325749395776 -0.00840407000367775 -0.136590996126933 -0.0770158391534411
-0.00282306052740317 0.0199035247937943 -0.063876932254529 -0.14194213980508
-0.068102894893345 -0.050569955346433 -0.0526611103708003 -0.0269584051096071
0.088009213103249 -0.136527611312582 -0.0702264664349964 -0.262693286442025
0.219457085303737 -0.0683570386443486 0.19604093079849 -0.00914300900877499
0.326565306323866 0.300362381679712 -0.235401127752593 -0.114735069800225
-0.194785089649742 -0.219420129915892 0.274769387549602 0.231070433936197
-0.185363204564316 0.112449038890314 -0.0718261844558326 0.0175513496256842
0.025890496620852 0.142509398699031 0.0528510662669231 0.220879275457247
0.148628352962927 -0.0126364036487128 0.0738290260090632 -0.00601655502308596
-0.00316940597664301 -0.142794860218922 0.0373599342933911 0.118161063881721
-0.100605787356883 -0.0722041004693071 0.125445153314951 0.0744812484294535
-0.121736091400544 0.014874709760521 0.0511740864262066 0.0771025496064294
-0.107932538154406 0.039156899196586 -0.0034068176807017 0.162242087927627
-0.109913379557235 0.00361426826452276 -0.0801264639601221 0.159239170239627
-0.0935759047499938 -0.0763896326826863 -0.144375103744382 0.0712669649798527
0.0309174077889397 -0.11441663992487 -0.111487909281567 -0.0965961354659463
0.106863841341369 0.0211593053047468 0.147218961579903 -0.196289630447221
-0.0127806722610159 0.0648690418896727 0.426662431091812 0.182452251812435
-0.0964127757456557 0.08116987196413 0.0422828622630297 0.527999947860425
-0.148959687487555 -0.168171773962562 -0.0536668870123926 0.621295438539969
-0.0166488755583034 -0.0789821307565182 0.268163206186604 0.272429660623276
-0.100553434276094 0.0709036162515433 -0.0460934488228996 0.0623871160869602
0.101278823344144 0.148950688517323 0.0787504934082799 0.241877387824389
0.212681435976428 -0.0908497778928362 0.147624749171057 -0.0350961174776837
-0.018610362804897 -0.249049517664955 0.0314570311607259 0.0505445235366375
-0.15014987328817 -0.136378249627888 0.0913088812550323 0.0421937284094524
-0.144566661238875 -0.0318691995980027 0.0108891718689327 0.0676320321381725
-0.0993107415675296 -0.0228258775421003 -0.0467579430137351 0.165162755254988
-0.06894065661063 -0.0439621453106199 -0.124751089031351 0.158574115728632
-0.0556690363137385 -0.0842123453638021 -0.18101239311564 0.0562250290468468
0.0421479619742664 -0.138640359206524 -0.128119824372009 -0.118100712847792
0.199170824528586 0.0100847837651853 0.147801034537809 -0.210615520782299
0.00527004753320861 0.1429097451879 0.395609772258614 0.138344037092675
0.00403031355228247 0.160750715133355 0.129537016632562 0.53597575715502
-0.11959322148395 0.0770696558515032 -0.061073086773942 0.665239140171589
0.166225378868807 0.105675391127162 0.187709484067017 0.241092842466931
0.0797968361318091 -0.000862162641189466 -0.119860750345229 0.0934474362684052
0.122320879427073 0.089892222294124 0.0704622277985257 0.322390563893811
0.242069497332958 -0.150923263924362 0.25605898388448 -0.0330714639539509
-0.0370957899700423 -0.312502758973043 0.0414505034487516 -0.0549532969082052
-0.175332493817207 -0.172107875778716 0.0311388034940626 -0.0170541813385408
-0.142678816206561 -0.0703615819754927 -0.0456861829671951 0.0443234880752981
-0.0773904083363367 -0.081978607186496 -0.0820665747631968 0.144098008066869
-0.0198026974796027 -0.0922891799946288 -0.140981076667439 0.141284552054181
-0.00338445033896771 -0.0936231171228364 -0.186314373814223 0.0542649452206565
0.0703431246511232 -0.145743049857583 -0.158237990642123 -0.0985292814168
0.271849171885488 -0.00193046104162588 0.0747621289143208 -0.249404832395126
0.0583615665006525 0.232642134381823 0.361929438119956 0.0148789843611707
0.0531256412723908 0.210116645765534 0.272354971127355 0.446569584065473
-0.0520088702652137 0.279334689352114 -0.0231892212034398 0.64132369296322
0.270688277828936 0.311092252733927 0.0686924786570844 0.136219640529621
0.279669242843071 0.0299635970277202 -0.22535159087384 0.0715312004377889
0.180251417035945 0.00287531593615514 -0.00654296896101558 0.380274444850733
0.240582641552627 -0.200320763231441 0.331572287777199 0.0241691999796255
-0.0478430179794863 -0.323346336750202 0.0776743410454734 -0.146221733352074
-0.157107694914566 -0.17192559064109 -0.0242634692447026 -0.0874304344888535
-0.105250115891992 -0.097908726882225 -0.0986595145975921 0.00880731530137916
-0.0431355821060719 -0.127343250837349 -0.10521899644755 0.104354369823087
0.0200531097325723 -0.132167492184541 -0.134276439002046 0.106142307604826
0.0354829752150439 -0.109895648318027 -0.166587542385807 0.0508434332534458
0.0980440082800658 -0.163454896230874 -0.177051021215549 -0.061585711680259
0.318676385934463 -0.0223331525258457 -0.0355067443390595 -0.262751439099284
0.144407055989683 0.258388862109388 0.302577502101884 -0.150930715165118
0.110719811916033 0.24710781614962 0.406205046753794 0.298787864625276
0.0538594715190418 0.412771906246697 0.0203459126088334 0.552002342037769
0.268620983976339 0.485443027011293 -0.0342963986831893 -0.0238604002003277
0.379288109442655 0.154585586314301 -0.29711653556886 -0.00406450456273953
0.259767853515393 -0.0225609434823857 -0.135376133886446 0.366406226771929
0.236889421676874 -0.218735093468526 0.328259232295846 0.115749403259637
-0.0474053437670674 -0.282744974315232 0.125831947358475 -0.18156914728613
-0.100317547251425 -0.131668307656344 -0.0489815751364195 -0.144705434216677
-0.0384517672394387 -0.107026164917128 -0.123357089392773 -0.0342352972303875
-0.0030706208517719 -0.151911080908704 -0.11267525527901 0.047283763772057
0.0420198029793318 -0.15405086963008 -0.116770072533025 0.0570343522621612
0.0441244476301747 -0.122585651879331 -0.13750844270828 0.0299783928093261
0.100896311168113 -0.182583414706786 -0.162526006137058 -0.0382216119396323
0.311529997601082 -0.056978557497292 -0.116263654997307 -0.218099429919252
0.217792726669961 0.185055294043435 0.182090861692004 -0.284467112050181
0.194586005291756 0.242536856657775 0.472088166088458 0.133714456682651
0.180076819311264 0.469869542747115 0.0265458432734586 0.400966369477297
0.20845284209342 0.569526295100409 -0.0767306078051659 -0.207505310656135
0.376663714349322 0.261479626859348 -0.289080546761275 -0.126422658420836
0.281402675309051 -0.00979984053546048 -0.268406696266015 0.251325400780523
0.201138115624202 -0.182320616023501 0.23370976839989 0.192697403621044
-0.0380370246647692 -0.187825960025095 0.154269488288196 -0.148554665428001
-0.0202763051191908 -0.0639644404722606 -0.0321079311972307 -0.162768520499705
0.0387867079903526 -0.0998688697214972 -0.108544457599697 -0.0777814469087074
0.0353278837585876 -0.152638649582544 -0.101332357524619 -0.0179266097103248
0.0508608751523438 -0.148186393986269 -0.100772835141643 0.00149769649903489
0.0318919747852191 -0.113300938143031 -0.119748051750078 -0.00914627095866361
0.0690373988305054 -0.168843014432524 -0.123856791132075 -0.0551349917631785
0.221263617973009 -0.0854877709592203 -0.121889893839906 -0.137728190107915
0.233141642551077 0.0420115579833103 0.043025221213913 -0.326706978682382
0.261094115593347 0.170953372559946 0.442806812437588 0.0101717682050777
0.294139911750533 0.455223019452154 -0.0263230648124808 0.219203978977682
0.153904538987439 0.541742197304611 -0.0502710209103645 -0.378895579654959
0.32666676606763 0.242880931138117 -0.18972067147892 -0.271871374624373
0.196979248974717 -0.0169842432741142 -0.363055166905836 0.0555394482666931
0.115348319005879 -0.110179999874063 0.0760332768288438 0.219949815105202
-0.0281545343189221 -0.0603402792280023 0.147064950047559 -0.0635377005541802
0.0524717236751951 0.00669122538349956 0.0170313421808049 -0.13934967592261
0.100089881689228 -0.0783692639068637 -0.0552892934413222 -0.114871378521571
0.0673672599981104 -0.129897122485784 -0.0742675964524594 -0.0800860281678786
0.0587484036283137 -0.115999079001694 -0.0897459375213161 -0.0476196938656212
0.0293022907895202 -0.0719085327177951 -0.123384675964542 -0.0520401792522241
0.0272826176785279 -0.0971426825558526 -0.0866354151070198 -0.103349925305465
0.0716571952557788 -0.0857185455222293 -0.0813340391425881 -0.0662560067748993
0.186254050243773 -0.0838593919970118 -0.0516999792330788 -0.301870909845655
0.263819282007966 0.0521384788892555 0.336835815407317 -0.0286478289606161
0.353905074123165 0.389347686228024 -0.127980177257092 0.0378400711182608
0.149301902223135 0.398301811564446 0.0132161735167636 -0.515654117166148
0.228887843294851 0.0892053001347561 -0.0660248165451283 -0.411840918945247
0.0703293610412853 -0.0280385558701442 -0.397397085566306 -0.127968542366681
0.0114570209600401 -0.0528644486910622 -0.0726536429109716 0.196519615561507
-0.0222662030620302 0.0512840078886319 0.121489474186166 0.0321740190339766
0.0918030399789807 0.0543743236256033 0.0811880646336821 -0.0935769095508306
0.12726316990029 -0.0466864000155237 0.0169973422455945 -0.141039789811878
0.0879254845436203 -0.0880474885140573 -0.0364499505985471 -0.129810547248515
0.0783321698959959 -0.0683561794547657 -0.0789112488827669 -0.0762282436750932
0.0555641678615616 -0.00821389081278879 -0.136995692139967 -0.0764443569182163
-0.00293233867528121 0.0200899135252365 -0.0636359874900269 -0.140612220199241
-0.0682328794533382 -0.0499116504270465 -0.0528245877401961 -0.0264446463279519
0.0864710883985336 -0.137160951785997 -0.0728781534404685 -0.261721489465528
0.218691488897272 -0.0684412295682742 0.196205966064154 -0.0105427771197793
0.328311501643817 0.299595243152681 -0.235976953701483 -0.112898711018462
-0.19532790822735 -0.218683234792033 0.275250852865542 0.229746971643621
-0.18422162765798 0.113944270747079 -0.0721383551844759 0.0182631671367993
0.0275751377336094 0.142931384017134 0.0542361614989376 0.221463191921912
0.149056916122662 -0.0132212931949937 0.0743105749075281 -0.00667293376272423
-0.00373610506690175 -0.142290453813105 0.0379522545508693 0.117676867969761
-0.101601260331932 -0.0721449641942668 0.125407823854565 0.0738964457111629
-0.121460248592781 0.0159028351006279 0.0521730743700568 0.0776362143617916
-0.107728509567614 0.0399700588592845 -0.00226885042618087 0.163084224734799
-0.110284566854899 0.00416444202875964 -0.0791296441535352 0.160577345938114
-0.094724358907122 -0.0760302351188863 -0.144306744543544 0.0714022779799104
0.0304155399140747 -0.114844533394156 -0.11131103600591 -0.0959114841099053
0.107232050960107 0.0195220526388949 0.146451609285949 -0.196521783061011
-0.0122348542150471 0.064600639096955 0.428067454559344 0.180043852627259
-0.0956321278315024 0.0813726299021299 0.044850317075246 0.527259313996799
-0.14999534647681 -0.167027527833029 -0.0518244563800614 0.621093274325815
-0.0160693608132875 -0.0785249602503011 0.269334391142541 0.269511578287672
-0.100216932635226 0.0711183117042433 -0.0466529912679327 0.0638565058764643
0.101291226747847 0.148618159829136 0.0802612018353747 0.241586726720955
0.212598329441206 -0.0917849501228272 0.147971687757983 -0.0362608146905133
-0.0195478719933666 -0.248719593296646 0.0315228056814049 0.0495998113925555
-0.152319717006559 -0.134909814055059 0.0901373240864877 0.0426570144953254
-0.145080546226908 -0.0313832212236796 0.0109207839326814 0.0685019675865783
-0.100182877046832 -0.021840086903459 -0.0456095526875496 0.165705155286185
-0.068814376139277 -0.0439566335273411 -0.123212709186189 0.159526473064357
-0.0563115098739719 -0.0838063866160741 -0.181029275971471 0.0575001318679525
0.0405388374565754 -0.138435899961418 -0.128718588994066 -0.115907960264785
0.199375140836315 0.00989700996571479 0.145311776009938 -0.211016267048064
0.00684741060152799 0.143688054574045 0.394673961117997 0.136683174037053
0.00423287997777781 0.161005804315047 0.132702297211032 0.53505251388039
-0.119654152451424 0.0770835867349577 -0.0596217370786997 0.663631271239531
0.167983878339438 0.105405092446943 0.189426552953135 0.240798171329719
0.0796991121134991 -0.0014248501258261 -0.120000021593356 0.0934923031946976
0.122162482200486 0.0882550803928884 0.0730231269226583 0.322039384269611
0.240212317307927 -0.15370656401659 0.256881152930225 -0.0352352825464713
-0.0394397608381243 -0.312198552745707 0.0402309280235747 -0.055514241852286
-0.17702304608591 -0.172381042914167 0.0313481746987284 -0.0167261895015842
-0.14321604461549 -0.0701768165010919 -0.0452598605196871 0.0446424333898762
-0.0786874034169362 -0.0817226728283946 -0.0817594812816716 0.14455502370453
-0.0206332089300724 -0.0926726376198531 -0.140274114712982 0.141582741170306
-0.00405805552252834 -0.0932846371651617 -0.185571740706792 0.0557756683969817
0.0688558641125713 -0.146637303604093 -0.159114260532802 -0.0977086256560517
0.271892093712449 -0.00378107564140687 0.0734874298506882 -0.249530254902023
0.0595890285016614 0.232842297925299 0.362292185984916 0.0122456421548359
0.054893769906851 0.210171148754636 0.27425802954833 0.446582735666483
-0.0500204320428888 0.278352951949595 -0.0205106874921164 0.642454348478203
0.272001669486673 0.31197207501969 0.0694742463847762 0.13600820023046
0.27966295837773 0.028310697114608 -0.224546962912092 0.0733603521072722
0.179730884018938 0.00154949756914666 -0.00343930228796116 0.380866847017632
0.239931905412636 -0.202382362890726 0.332314917238239 0.0223399105023292
-0.0494785079435941 -0.323304497459082 0.0767529266382649 -0.147013370197139
-0.158637597256802 -0.171711580610593 -0.0241790600536882 -0.0876842820382174
-0.105817342737613 -0.0975969144660603 -0.0977055664311398 0.00961837816772796
-0.0443936334724991 -0.127097259506328 -0.103727102569079 0.104388918658238
0.0180740031404284 -0.133423317487217 -0.133747938833616 0.10680943456003
0.0328246930067317 -0.110116733500678 -0.165880067004363 0.0513465819649354
0.0977036518061032 -0.163432901138332 -0.177098141724609 -0.0601353524781405
0.31930063860271 -0.0248028801835611 -0.0365848179276638 -0.262069157387892
0.146222792753604 0.256888281687853 0.299541366172689 -0.154020294840515
0.111807157673438 0.247307919486287 0.406776847147398 0.294996593638089
0.0563341446266279 0.413621599249008 0.0228197039987899 0.552385306111937
0.2727061188964 0.482285721481119 -0.0345521092332143 -0.0229036498852552
0.379664547071349 0.152969668676077 -0.297969931295992 -0.00338523180760933
0.261171229662947 -0.0229873719193119 -0.134559077304689 0.367592946877262
0.235799707191234 -0.220595062760932 0.328667088141393 0.112516430977373
-0.0484534372907973 -0.281860881892535 0.123739099774846 -0.18075503578453
-0.101001729473274 -0.131480442681571 -0.0495376584337686 -0.145199822940402
-0.0396068973675649 -0.107144376337087 -0.123472407748131 -0.0328842777514441
-0.00467309939696935 -0.151719278171131 -0.111669026765407 0.0479925116630586
0.0405963190137041 -0.154736373300544 -0.116765380530006 0.0573316731348119
0.0428602012756592 -0.123713687474412 -0.137226737766729 0.0301586778118691
0.0989385582345348 -0.183093344555769 -0.162688990533014 -0.0368795632713917
0.311351032446146 -0.0590394172462458 -0.117719210691286 -0.216593927616862
0.219066164078356 0.184122731757784 0.180740361995092 -0.286183468706348
0.195673430251716 0.241660819167971 0.47250866357174 0.13029344475084
0.18176554043973 0.47008858213652 0.0288327948682891 0.401058112362933
0.210796640468788 0.563785616185566 -0.0784956970132746 -0.205113069085202
0.377702954761943 0.261198485493988 -0.289120381272557 -0.126299363866957
0.280133101581369 -0.00997499920222455 -0.268134550783202 0.252920693143383
0.20160155125469 -0.182745002505146 0.234744323638375 0.192732121202942
-0.0390615517377471 -0.187512897337552 0.154295673384667 -0.149269568148394
-0.0216742168989543 -0.0634416736747993 -0.0338724427049098 -0.163120491694717
0.0367550601363311 -0.100222470414355 -0.109382250883419 -0.0769401843809997
0.0345270252674901 -0.152790920726883 -0.101617361703659 -0.0175472696157555
0.0496765061007982 -0.148527511740039 -0.101159969206354 0.00193207590948066
0.0341969798637258 -0.11496875707626 -0.120341724781994 -0.00865133696102474
0.0681762739161887 -0.170106131070316 -0.124024906625531 -0.0539127449069369
0.220735527704612 -0.0878382658494878 -0.123750755017546 -0.136487897922403
0.235171460797839 0.0404536820295901 0.0391150003283847 -0.327017344641267
0.261897732552666 0.170162004559851 0.442104937980376 0.00807280902733859
0.294031132140842 0.454018105220941 -0.0248519974554307 0.218753232952729
0.15808200831582 0.537325105358781 -0.0522474418880123 -0.378300909020247
0.327213170471393 0.240105549318587 -0.189660107753251 -0.271630593999456
0.197427885667749 -0.0179625783299784 -0.362599797760873 0.0570471356410611
0.114740524358193 -0.110004686096917 0.0778069444599547 0.218610015155714
-0.0290558970109084 -0.0592826378571958 0.146663178209707 -0.0649872269741614
0.0523673135980226 0.00606469291005511 0.0157725036268196 -0.139525320571736
0.0987857757418945 -0.0793105067236735 -0.056321938296083 -0.114684211927365
0.0661793610476604 -0.130635128073394 -0.0746508479210825 -0.0807771897634571
0.0578092752763631 -0.11620407212482 -0.0909422657677107 -0.0472195896249801
0.0300010713930362 -0.072307014726615 -0.122887415877723 -0.0514370876624605
0.0256951370511668 -0.097169873292024 -0.0872144663590997 -0.101400361985718
0.0718124608541892 -0.0862750954383781 -0.0819420287935163 -0.0656867542214055
0.186395927598577 -0.0850477796710279 -0.0542635779942302 -0.301708553138823
0.264059306987168 0.0504186901120753 0.33614348281684 -0.0305218477170649
0.354442179256965 0.388723187620198 -0.12874823933514 0.0381134752745793
0.152501275711775 0.394701207933725 0.0115200553981492 -0.515557591506138
0.230020443528338 0.0886190797416162 -0.0655510986126721 -0.41199477516281
0.0701159330018558 -0.0290961075822458 -0.401734991524342 -0.130095233954115
0.0106147519311322 -0.0521570397332146 -0.0738249726537868 0.196361918075756
-0.0217789116531302 0.0508352100062357 0.12118502989393 0.0307120220381521
0.0926994222885747 0.0540654319855986 0.0788923525222841 -0.0943245045422581
0.125838623586998 -0.047662358330416 0.0152465737090641 -0.141366708368926
0.0878187221872879 -0.0881295004740013 -0.0381485632784336 -0.130038631898237
0.0771139824271738 -0.0675652710633871 -0.0796160919765199 -0.07671751260586
0.0564111524473396 -0.00855015998588494 -0.137522248100377 -0.0764807127733991
-0.00321303037480691 0.0204048476177846 -0.0635919010775757 -0.141306792332265
-0.068850177926804 -0.0504871782132741 -0.0538622109324267 -0.0256801552240087
0.0868649167008058 -0.137523748167932 -0.0752835122081521 -0.260963880620389
0.21778247629071 -0.0699014250610476 0.19573679526993 -0.0117576872748639
0.32966661470543 0.298386078862944 -0.236864188330452 -0.110665872162203
-0.19582177789356 -0.217861464469015 0.276318960340569 0.228207992064041
-0.18425029347696 0.115511481028486 -0.0711678811020542 0.0185521169031411
0.0279843325952687 0.142085420755215 0.0552166220525676 0.222104384985618
0.148934933488399 -0.0146065504837435 0.0749050591064342 -0.00682367267872187
-0.00416626421811867 -0.14281301227286 0.0384666796790389 0.116459473794642
-0.101865381383899 -0.0712147430562886 0.126085498151465 0.0724651486772372
-0.121739972499287 0.0178066734045552 0.0528346543158755 0.0777143363590834
-0.107111966181016 0.0399854673179944 -0.0010224005865196 0.163509003025145
-0.110485344737148 0.00471441702859754 -0.0777144326784284 0.161810506582604
-0.0952739046395917 -0.0762194835934853 -0.143161585666275 0.0732730997351975
0.0296402860538269 -0.115414955983877 -0.111656461803541 -0.0940358116831478
0.107775150197758 0.0188978403213378 0.145626150368181 -0.196759020931229
-0.0131417212199983 0.0654350446577787 0.428095347541185 0.177370858883157
-0.0951248543476159 0.0815536182262497 0.0470815235628054 0.527019848461787
-0.150623858690378 -0.16700357126888 -0.0480865088060967 0.622544806065501
-0.0162465545643297 -0.0798367008412785 0.270851847855575 0.267546655482577
-0.0996662850349501 0.0715396879256876 -0.0459709552610579 0.063519822396687
0.102411552150469 0.147788740485511 0.0812440133936404 0.242268079091971
0.212029258606334 -0.0940202759589897 0.148407150279517 -0.0374510733063164
-0.0219106610209714 -0.248158680523403 0.0318212800376391 0.0491821522759748
-0.152502208089782 -0.134590847986491 0.090440683502716 0.0406219056854356
-0.145735955108933 -0.0294184831617135 0.0119214123777271 0.0682124818830394
-0.0999812405667512 -0.0221120962417146 -0.0430484965927258 0.166949695015722
-0.0695283526112917 -0.0429538210928453 -0.121026504422727 0.160126744263484
-0.0572106979519323 -0.084965436329792 -0.179735379858943 0.0588717784192246
0.0406321947144902 -0.13879053474405 -0.12876759502 -0.115504398024922
0.200695207038555 0.00803117899514341 0.144781148427276 -0.210484069545989
0.00700835955533223 0.143781474510535 0.394519562385475 0.134246581556466
0.00483214822398077 0.161580157500568 0.13464797065832 0.534316688801769
-0.120111585025545 0.0778316069048428 -0.0562871713437873 0.66335569714743
0.168322122504046 0.104782299661797 0.189826412603851 0.239112357278849
0.0801059430363828 -0.00235828410283561 -0.120284348261508 0.095103924290118
0.122514878218863 0.0874612620039697 0.074923948331759 0.321887069186143
0.240290363592176 -0.155030565627439 0.257253641164363 -0.0373765364368139
-0.0411563873555129 -0.312017134757388 0.0406728841436849 -0.0561115158376746
-0.178180667237523 -0.170785239702273 0.0308460671879852 -0.0169370199555969
-0.144848678597639 -0.0691953055280154 -0.0450579956641847 0.0457684067734516
-0.0793111428702297 -0.0806517189087376 -0.0796181413148583 0.145929095826303
-0.0216184348902667 -0.0928173490719429 -0.139577699021187 0.142997310855284
-0.00548171720642283 -0.094363317921619 -0.1850895819904 0.0564409715916935
0.0679004400907568 -0.146715506635407 -0.159512158402529 -0.096273370716555
0.273677785416108 -0.00545906485239002 0.0719514341724644 -0.248623992353444
0.0612977945204045 0.233345992938955 0.361464826478261 0.0111266335895904
0.0553718536639924 0.211134855608636 0.278363401968166 0.444465385126738
-0.0489379269075388 0.279655377530947 -0.0185463115690651 0.642783305643712
0.273504415193916 0.310069202803074 0.0696197497740322 0.135521652790109
0.279997388710254 0.0263970510750273 -0.223681374026501 0.0744851606875304
0.180438707137777 0.000274001320523966 -0.00417568237118237 0.38324280227295
0.240917351055695 -0.203836284203349 0.333550592430698 0.0207500963197708
-0.0527485704058481 -0.323321412265797 0.0760614583639855 -0.147287874371181
-0.160343497983208 -0.171766411070747 -0.0255060697981811 -0.0876606444738732
-0.10744285089827 -0.0956420158438145 -0.0976149992471729 0.0109156103935624
-0.0464380940097021 -0.127760559933356 -0.104130155242344 0.105712192085242
0.0168588444013925 -0.134331002123445 -0.133055354065419 0.107724669128403
0.0325277519462335 -0.111047016499528 -0.16540204731019 0.0526491042821363
0.0969597879807966 -0.165523990583064 -0.176916939386141 -0.0586562764077435
0.318190623087744 -0.0268450718528188 -0.0385255854296922 -0.260615462199922
0.147527178575955 0.257785562468276 0.298037513706217 -0.155514669028038
0.112811683709049 0.247155839449122 0.408406907784291 0.292973190232835
0.0584686282226833 0.413877053767563 0.0238085297248913 0.550754910026205
0.274725151811747 0.478410293508477 -0.0347808996786353 -0.0233510362007965
0.380806529571678 0.152121902296418 -0.297581524751125 -0.00129306933781894
0.261338360045792 -0.0246357750653324 -0.130158695877738 0.368846656663874
0.233760162998734 -0.222776596541447 0.329346336740707 0.110286346990141
-0.0506890824040899 -0.282186860071095 0.122489685968497 -0.183247338481768
-0.102339772633145 -0.130913735496802 -0.0513274423347313 -0.144584662204195
-0.0407450215595538 -0.106961743492903 -0.123851337235033 -0.0324077377881899
-0.00573448190543947 -0.152123766359424 -0.111929797172528 0.0486759806771789
0.038329237874522 -0.155746856545184 -0.116966871801585 0.0578603869337004
0.0423141312938019 -0.124182139377879 -0.136571416399203 0.029939257617317
0.0977797894233454 -0.184990099623815 -0.161394834749013 -0.0353411094474856
0.311627862605038 -0.0617323702431258 -0.119341030675294 -0.215438161802384
0.220977464907887 0.183608531032384 0.177832903402393 -0.287935274661896
0.195989038252507 0.241340577898949 0.473382873629077 0.127323531344548
0.183312637601678 0.469824819794829 0.0297022101498273 0.401021041482927
0.211610607947344 0.564425922981747 -0.0785530524829608 -0.205156591069112
0.377906372587279 0.257746688309951 -0.289840711674388 -0.124690770680837
0.280883509921052 -0.0120502457252296 -0.273182050453329 0.254839747047394
0.199484282944192 -0.184728968441047 0.234954970727161 0.192224117651687
-0.0400387336043893 -0.187206415551972 0.151816760088737 -0.150185269009994
-0.0217406476368713 -0.0643091802182304 -0.0356504569671302 -0.161339477605
0.0363560843469726 -0.100483812619203 -0.109636523834773 -0.0767038505988615
0.0329098895308871 -0.152945376559956 -0.102008905642566 -0.0168808422568398
0.047748410013858 -0.148745350557814 -0.101556628730216 0.00162141793156932
0.0324518567512505 -0.115068434539531 -0.120020634956807 -0.00852239171555529
0.0667113879108399 -0.169839136707438 -0.124088307524703 -0.0526360583029008
0.220552312515471 -0.0894639375916635 -0.124274534177652 -0.134811871750938
0.235645667534367 0.04077625009243 0.0344176328049419 -0.326367874511536
0.263443170673782 0.169462663027099 0.441959534962399 0.00592601773075379
0.296059773653841 0.452427798514805 -0.0228145801478415 0.219235393707223
0.160218678800347 0.53926710341155 -0.0546379762933783 -0.379258121006012
0.329675099654166 0.240177124813776 -0.19095259108495 -0.269799736609348
0.19765554733021 -0.0192176942143763 -0.361741680460659 0.0594879896396406
0.113746538871926 -0.111347184207808 0.0784354536152169 0.21802017245473
-0.0297771461684095 -0.0597527316132853 0.145240919920176 -0.064932156732066
0.0520764732367199 0.0060931289702759 0.0152480104802052 -0.138987536564874
0.0989172083247406 -0.0789235543058983 -0.0579872472381421 -0.114317840669819
0.0659592861277731 -0.130960785624782 -0.0759525443280988 -0.0800385537803031
0.0565518566813933 -0.116677362091018 -0.091503946799666 -0.0472283954536503
0.0289877819768592 -0.0731187619415895 -0.124121040421602 -0.0514174680361967
0.0248287613217944 -0.0972995056930974 -0.0874081507993145 -0.101562855688107
0.0704323583196742 -0.0859472977403382 -0.0830745004326064 -0.0644910346989151
0.186835120239925 -0.0871723354692319 -0.057092375337588 -0.301948941552917
0.26480542412673 0.0501420331467025 0.336932346501928 -0.0322433520094592
0.357451309974311 0.386737693381218 -0.128503649680637 0.0396272909766295
0.152285702630102 0.396081665041747 0.0094196158932301 -0.516593938728002
0.22986851018157 0.0876159099157307 -0.0683857785988826 -0.412818977898106
0.0706237792600248 -0.0288927650989102 -0.400545882748591 -0.126123063384033
0.0103903565874026 -0.0525310805157804 -0.0727798428530508 0.196862776199624
-0.0218884455681581 0.0507546941528712 0.120553291235765 0.0293736509255401
0.0930589920388214 0.0536571433648441 0.0768389034941728 -0.0952876491657865
0.127067086563685 -0.0486769447675763 0.0136145220234415 -0.141459606517795
0.0868246739448466 -0.0887581376104876 -0.0393392783636164 -0.130121174966768
0.0766411472030533 -0.0683772995049062 -0.0806011400264934 -0.0761451798965416
0.0562168194997157 -0.00851338858332343 -0.138517001153251 -0.07621818537542
-0.00327564546509226 0.0204503688324886 -0.065639338947367 -0.139331330673409
-0.0695468761221014 -0.0497646895464182 -0.0545028387174383 -0.0254815769785086
0.0863698310212552 -0.138162619263804 -0.0765990508501135 -0.262568012124365
0.217975254083713 -0.0708268807262809 0.196328319037158 -0.0136644179959409
0.329446052193997 0.29661707077976 -0.237024264367916 -0.110586401996103
-0.197093259281109 -0.216038318274769 0.278152766063127 0.225939555873833
-0.18388394000454 0.11566298155487 -0.0718269784004105 0.0198046735770408
0.0284074210065715 0.141865111171655 0.0572899901799176 0.221491875239077
0.148908608961638 -0.0152873507438941 0.075453110400367 -0.00766781566699956
-0.00601217599719641 -0.141724344933066 0.0397625048745754 0.116588784727296
-0.102896814836978 -0.0703740713719889 0.126598931864815 0.0717688553711356
-0.121951936050088 0.0183285775886226 0.0527884804054166 0.0777505657360279
-0.107686072664437 0.0408372462378454 0.00131785294763162 0.164696676735904
-0.109851541380612 0.00621123074092646 -0.0751194453202382 0.161925039746682
-0.0962964387007267 -0.0749475650831449 -0.141946462760372 0.0739805559314497
0.0291542725045423 -0.116160665570547 -0.111249590899082 -0.093442937826238
0.108092318214736 0.0182493312707206 0.144425025458297 -0.198161911175946
-0.0117799641790077 0.0658779234101691 0.42753562854343 0.175459104782308
-0.0946468527094274 0.0818694867703254 0.0511888670399245 0.526962517074304
-0.151527390622272 -0.166678707522785 -0.0439698002290388 0.622452985113269
-0.0166454674735696 -0.0792117272943969 0.271432249063412 0.265709445102374
-0.0989839857905004 0.0723269656213703 -0.0470362311418494 0.0637429307665542
0.103400330016976 0.146337992466835 0.0833053652610731 0.241924273267446
0.211557657289271 -0.0945416732812061 0.148614542559845 -0.0384460385999889
-0.0244470973665851 -0.247119222831975 0.0323679143936149 0.0486861510892909
-0.15423455885986 -0.133536734131014 0.0915955900543668 0.0393426720062468
-0.146385143490774 -0.0281586439298458 0.0125558949612738 0.0691324071277532
-0.100944056131995 -0.0212564371734975 -0.0423011751984449 0.167443229330966
-0.0704563492568695 -0.042842605283281 -0.12048265964831 0.16128474817236
-0.0577875154813092 -0.0842482887498973 -0.179272102194662 0.0596066501834659
0.039185590579195 -0.140462683471105 -0.129330654932194 -0.114293583973126
0.201394295379227 0.00605586274328448 0.143153332654519 -0.211670991835496
0.00821994565006433 0.143878489892213 0.395508124688168 0.131607089420355
0.00593355664708582 0.161319737267274 0.138457883613057 0.532846027516778
-0.119650710812952 0.0779564089353999 -0.0509509717167236 0.664478920970697
0.167837849540498 0.101614943731462 0.191769193894552 0.235711070912738
0.0803472721052457 -0.00230471913387163 -0.119165324846241 0.0954827901034049
0.122920372955977 0.0860478116512442 0.0769898993576083 0.321919207444865
0.238358020073125 -0.156503564941197 0.257501545274405 -0.0394818079550283
-0.0431470459193632 -0.310437299268809 0.0396651533442923 -0.0564416247112708
-0.17965004337296 -0.170109324117489 0.0306245174643806 -0.0175441741129295
-0.144712347528362 -0.0676305462888123 -0.0438883235930495 0.0459180736737475
-0.0799455901767067 -0.0806335333862205 -0.0785222436032744 0.147021970573505
-0.0229804621026632 -0.0927748104326386 -0.137510504195564 0.143893993780721
-0.00610561736040988 -0.0948255886275557 -0.183676930021865 0.0577326386629623
0.0678920424689828 -0.148325116320696 -0.159511076011998 -0.0948478425732064
0.272773697565988 -0.00827704235376916 0.0697528187492459 -0.248131750028508
0.0629397213015374 0.233089773222199 0.360934132520814 0.00857030574398386
0.0562992354517927 0.210538538509335 0.279539698785922 0.442859145774727
-0.0482567813008189 0.27920460307656 -0.0148285627863923 0.642963990357769
0.275061992447 0.305626106621826 0.0704160517109685 0.134880490257046
0.280894562712098 0.0253342928786073 -0.224024239648673 0.075601418082234
0.180067795095795 -0.00129390712103457 -0.000828805322593072 0.383752872972725
0.236980671345108 -0.206466280289803 0.332630213670866 0.0164964792366575
-0.0542464018662478 -0.323482038749234 0.0739286776098651 -0.147982246960649
-0.162332442699503 -0.16971328966475 -0.0266115922987654 -0.0869874160104064
-0.108124122428329 -0.0944526539814411 -0.0974388210630727 0.0116183620100643
-0.0472610575455324 -0.125932496811636 -0.102517418627527 0.106655475400972
0.0145957274420243 -0.134964953829314 -0.132183494169015 0.108881831938017
0.0334313752821996 -0.11160700780558 -0.165225566710805 0.0527725458315835
0.0953823386499996 -0.166038234962695 -0.176585069536795 -0.0574166915903997
0.318261858803078 -0.0303781093433402 -0.0405154405959821 -0.260085558347341
0.149756790726186 0.257578165040675 0.297127156468897 -0.15724985900878
0.113602424429179 0.246280816199037 0.409254811143351 0.290664855666757
0.0600301045605511 0.414296780681993 0.0276991023886336 0.551058459609634
0.276047697123215 0.479871561525431 -0.0350503705752086 -0.0231246992813738
0.380976830004521 0.148808931256988 -0.297378696542401 -3.62395034098567E-05
0.261441643823913 -0.0266329791787526 -0.12827842386216 0.36903356481877
0.233037045700996 -0.224012298592987 0.328638623882215 0.106485173850971
-0.0531908254578173 -0.282344963320949 0.120694829870917 -0.184205505357872
-0.10375597321711 -0.130306681619977 -0.0527297061256571 -0.144066717237816
-0.0418264783941678 -0.106215781205373 -0.123927723218101 -0.0312069217104674
-0.00832030022509221 -0.152499004828977 -0.110836967183643 0.0498238497662004
0.0365830886550849 -0.156931809003656 -0.115968513238764 0.0588967749727339
0.0413411533107697 -0.124809809076425 -0.136343524158506 0.0318702692393801
0.0963230497425188 -0.184901458847402 -0.162372713146054 -0.0333602977236761
0.309703717101142 -0.0632085609401118 -0.121288662391508 -0.214543141319959
0.22286051043298 0.18159409151303 0.174628923399706 -0.288147448424857
0.198849782861901 0.240050019026681 0.474793003493055 0.124817987591044
0.18515514729179 0.467203201832656 0.0344075305785117 0.401360950732226
0.214686626076638 0.568077628952693 -0.0798623233531099 -0.205728933574366
0.38050737146785 0.256928774476083 -0.290699881430161 -0.122616040977191
0.281503282852278 -0.0134593617760459 -0.270085868038656 0.256227297109824
0.197544250665487 -0.186927221547769 0.235805602980621 0.188987455860873
-0.0420305607095929 -0.188101699161839 0.149258677501611 -0.151544045013657
-0.0221866638120166 -0.0635059379928091 -0.0363158142636469 -0.16178816719935
0.0362370736035954 -0.101743712225278 -0.110322780941777 -0.0749927802379871
0.030868093953149 -0.153614521816613 -0.102333832680417 -0.0162711410623609
0.0461881139645694 -0.1495519796972 -0.101157077030705 0.00226790756699608
0.0287840039174074 -0.113997597660941 -0.120094085306407 -0.00807319646942279
0.0660790018680822 -0.170738612163094 -0.12445652219376 -0.0508172669931503
0.219561157558877 -0.0919681858743336 -0.125954605066959 -0.132738686109313
0.236123917305869 0.0391306203398092 0.0332621737777434 -0.327592759232752
0.264145052621284 0.168191719494003 0.442652874673915 0.001618285319744
0.300329557909523 0.450809907884752 -0.0225889276763047 0.220448917590652
0.160251763739301 0.542096828239848 -0.0555596360903077 -0.377029158818759
0.329967791115843 0.2373920001903 -0.192876433578578 -0.269450669928393
0.197747901891282 -0.0191554228965533 -0.361457686051281 0.0609616874589231
0.113024184158999 -0.113625416956969 0.0793048209626396 0.216168926326089
-0.0302964963363552 -0.0603949530613607 0.144504264580941 -0.0673860587933205
0.051835008976176 0.00548909514190538 0.0123596211467942 -0.138960070519334
0.0974944040249118 -0.0808845628055469 -0.0592396192792255 -0.114037502233425
0.0638753629789209 -0.131200030567575 -0.0772969473493052 -0.0799372831504382
0.0556641242598691 -0.116980729809249 -0.0922259774415279 -0.04591428201969
0.0282148748471177 -0.0732188888788578 -0.124869281202572 -0.0503672099619788
0.0235539456560937 -0.0978649986948014 -0.0879422168231934 -0.100434267688413
0.0699615619935695 -0.0876266580206139 -0.0837349604596585 -0.063767725816467
0.186566478047267 -0.0888426163713323 -0.0587995001910172 -0.301764561003419
0.265246578665781 0.0486210826501548 0.336410554097244 -0.0364130629713994
0.358855912617779 0.385168645758406 -0.128481389389508 0.0399089849655006
0.153702664555923 0.396913732338354 0.00749608258468456 -0.516541105406968
0.231358633099187 0.0847627060682873 -0.0704304718595832 -0.412696555620352
0.0702227804141305 -0.0290799738066131 -0.396333307643782 -0.119317646242278
0.0101788451402999 -0.0530666135675803 -0.0703342503890668 0.195510213109618
-0.0209409801707388 0.0505401951348521 0.120446037338847 0.0278919009204813
0.0932126451974506 0.0521726183209959 0.0785905195819723 -0.0959417251808398
0.127736654005123 -0.049135103080916 0.0115785473251373 -0.142490870218598
0.0857565006044282 -0.089801213584723 -0.0406609131196468 -0.130090602610669
0.0762554255323197 -0.0684974308569185 -0.0813325631589519 -0.0760697130929001
0.0549634595623523 -0.00950280447944915 -0.138204700322928 -0.0743418812132452
-0.00262504737269573 0.0207519567377921 -0.0664660316351488 -0.138817438016071
-0.0703021629183636 -0.0489453827682788 -0.0558876152973981 -0.0242063347207135
0.0851252580337418 -0.13903393475843 -0.0791349988016852 -0.262562594842704
0.217023093545092 -0.072078777139343 0.196940030661279 -0.0148465256313475
0.332386263268031 0.294018252835942 -0.239337223486709 -0.108601107788537
-0.197676635062071 -0.215243915795512 0.279539074589775 0.224365129931591
-0.182128874506179 0.116798138178561 -0.071524193297891 0.0203811235681339
0.0293622194230325 0.14125990242366 0.0583612855399056 0.221790212032691
0.148951083038844 -0.0164245556704269 0.0752447507097556 -0.00863449220033709
-0.00620749803222956 -0.141825394611393 0.040017953468208 0.115364868298131
-0.10356699151825 -0.0708213610366476 0.126752770021922 0.0703709822981772
-0.121643391062726 0.0191748553729894 0.0543957030863173 0.0771319434043059
-0.106658519746546 0.0422900782496142 0.00315396958237701 0.164571465808902
-0.110300652017456 0.00712681475478289 -0.0732349656993026 0.163036369306508
-0.0964125223934106 -0.0745378903886386 -0.139981213080087 0.0751846383448028
0.0281163998970455 -0.116237830679679 -0.112281663029207 -0.0923259495345713
0.108053522727041 0.0170740022026664 0.142408470544011 -0.197060108342528
-0.0122385800925184 0.0660881218016567 0.429435826324248 0.171776734460028
-0.0941931799440469 0.0824633164185728 0.0537483149705563 0.528976913712164
-0.152917484012066 -0.165133286025905 -0.0409453752413391 0.620968088248162
-0.0175221485208957 -0.0797976566969315 0.273504548916545 0.264005730260893
-0.0981900414392074 0.0724486625377496 -0.0457321918117895 0.0641342450291425
0.103793560764496 0.145912044158788 0.085876499791901 0.240295133214017
0.210229511550051 -0.0970431926944287 0.148414351655379 -0.0402591338167286
-0.0264288555967803 -0.24781955940172 0.032136909041532 0.0482272165767484
-0.155784964466016 -0.132283582446917 0.0908684746081682 0.0400625847706397
-0.146980998901924 -0.0275293016936524 0.0136734533456024 0.0686239414575289
-0.101730101011792 -0.0204592605142299 -0.0399077819513068 0.16886813573652
-0.0711935758608547 -0.0431700383743399 -0.11861701567441 0.16204020852043
-0.0585507306519435 -0.0834941121059299 -0.177933025562018 0.0613680909578156
0.0390584033262492 -0.140819393577404 -0.130512225431768 -0.112499010870699
0.20103528704419 0.00375380392758043 0.141567912324084 -0.211456710204249
0.00932489508366873 0.143772728783768 0.396419893893479 0.129557052960436
0.0059677855184942 0.16176096301589 0.141001282060853 0.531822254412392
-0.118792882259891 0.078595093732007 -0.0484179063816998 0.663327837408636
0.169566838735183 0.101138352112091 0.193035951075967 0.235435790072193
0.0803336933301014 -0.00277354229865341 -0.118637474876119 0.0959488646998141
0.123526525217955 0.0854485668796162 0.080170439103835 0.321273057446346
0.23717915827211 -0.15824173621592 0.256026275469614 -0.0417633211389909
-0.0464375125210387 -0.30985811460393 0.0389957647360382 -0.0568349794992283
-0.18188093564052 -0.168278664338285 0.0305353143907886 -0.017620245200512
-0.146170865611663 -0.0665738969435812 -0.0437569196062943 0.0466174944616764
-0.0821206218965762 -0.0803336047291713 -0.0761255109721419 0.148237042888868
-0.0244495027673483 -0.0932604369141952 -0.136332205961998 0.145745060786248
-0.00701785771483901 -0.0947932384406382 -0.182904735361216 0.0590887351750291
0.0665804642851959 -0.148916071637897 -0.159010753049405 -0.0928525233929239
0.272518822372754 -0.00977448969555427 0.0675370207025396 -0.248314752827278
0.0655365523324543 0.232133163312647 0.360310761800253 0.00612848173497744
0.057207978384206 0.209987437935304 0.282733958840394 0.440289139485123
-0.0456364015969817 0.279331164274586 -0.0104516688385374 0.641996144391058
0.27687581018435 0.303699932189806 0.0715976352371039 0.134949482323618
0.280851073410151 0.0236196425445353 -0.22397316340903 0.0770041243943385
0.180298430764676 -0.00202727461115782 0.00431407517857916 0.379603822283678
0.234302556667056 -0.207323553686736 0.330904155077442 0.0131443782816527
-0.0573135997625024 -0.321416434599326 0.0727428092672871 -0.148098633084332
-0.163628574369102 -0.168270415700459 -0.0269969143546764 -0.0862595130779155
-0.109145868934854 -0.0951577083333517 -0.0973790737711603 0.0122907084840024
-0.0489807916863238 -0.125837152696383 -0.101258566379396 0.108182462207943
0.01260505266177 -0.135038137910604 -0.131584058671733 0.110162550095477
0.03117120891088 -0.113429733415345 -0.163374280315482 0.0539043606905021
0.093533011819426 -0.167688646011179 -0.175919285582713 -0.055441805169417
0.318290271881113 -0.0341068838232207 -0.0419613166505739 -0.258865483698646
0.152740227769292 0.254878534698423 0.295083690553361 -0.159527697044821
0.115873641548222 0.246202936845916 0.411183679861512 0.287798413044236
0.0623726160683434 0.411227254553688 0.0322618368149669 0.551359747149741
0.278974969799851 0.478530776795277 -0.0352278537106003 -0.0223133909661936
0.38176690951767 0.146688001530301 -0.297250758734137 0.00168362299264146
0.260204114352151 -0.0279172129228849 -0.125767948790437 0.369271913324601
0.231110661405714 -0.226132197792423 0.328514834754466 0.104100077213859
-0.0548924437508466 -0.281556838962184 0.118929701239995 -0.184502322525211
-0.105823774833504 -0.129788800890002 -0.053154912080407 -0.143526618287302
-0.0433492396840084 -0.106379021982483 -0.123965158132086 -0.0291657270238875
-0.01017060610839 -0.151756450380706 -0.11075259843239 0.0508662297775198
0.0349463696552283 -0.156639761577998 -0.115963338057462 0.0592686927589457
0.0398454874009805 -0.126366400533628 -0.135508342399469 0.0321381970460241
0.094331294507413 -0.187661546161462 -0.161702905861179 -0.0327231153509241
0.310662492635883 -0.0673468478198309 -0.121817557607078 -0.212652537686908
0.223762262167814 0.17921971467722 0.170773682985882 -0.290720346972455
0.199698672060441 0.23870679781292 0.475725468896623 0.119737981041916
0.189938966544248 0.467301334955811 0.0354765019901654 0.402435369209235
0.218116017184841 0.562030439706928 -0.0820543138570121 -0.204663512261527
0.381968105047858 0.253961199248398 -0.289978117079471 -0.120445784781995
0.281402320950844 -0.014261990746522 -0.261756810384309 0.256599777846625
0.196104796407175 -0.187972836692346 0.237011461527168 0.185357899736348
-0.0433533862448169 -0.186797164759627 0.149064159485009 -0.153782983612356
-0.0242238721573039 -0.0638519275095185 -0.0373741732677011 -0.162074397907785
0.0348474496144803 -0.102405542232178 -0.110854480671548 -0.0746116131580172
0.0293702465848432 -0.15371236648895 -0.102274927414505 -0.0151568300868869
0.0449106402382358 -0.150419704707919 -0.102000954757855 0.00298130382056608
0.028558388391675 -0.114477341522676 -0.119461221977337 -0.00750621822120373
0.0637694581161863 -0.171735959241716 -0.123359937757461 -0.0500835803995241
0.218238201729244 -0.0936073937644608 -0.127434927804422 -0.132465098022352
0.236115270730476 0.0349352853003014 0.031585884111162 -0.329510531490112
0.264785774062341 0.165226742677164 0.443569538527486 -0.000561333592028241
0.302651966522195 0.448773126895899 -0.0217467564623364 0.220360860134902
0.165276225662954 0.538936402287687 -0.0579336621356406 -0.378128412668642
0.331429011680487 0.23591582504301 -0.19419710439253 -0.267342520622169
0.197778633394702 -0.0204439807197962 -0.359897494785327 0.0633718938368822
0.113197897301867 -0.113406457178069 0.0809005460810005 0.215814744983789
-0.0309021515624787 -0.060322855348873 0.143381043983866 -0.0679796470166763
0.0516360243722735 0.00557763620649919 0.0112915230694156 -0.139127443406124
0.0978876505016244 -0.0816172370907055 -0.0597878986938051 -0.11372814050517
0.0634252273196732 -0.132588746281664 -0.0782854135353169 -0.0793255909316751
0.0548015450083785 -0.11704782780716 -0.0931037602798042 -0.046583623383622
0.0269260545280012 -0.0734089192022034 -0.124187921325009 -0.050220495147523
0.0227903095307398 -0.0976918914974682 -0.0888304502256798 -0.0993270927182667
0.069037808295744 -0.0893317638738538 -0.0850971043397284 -0.062275981405021
0.186257269765389 -0.0888967617540056 -0.0622927525312428 -0.301060920603785
0.264562736218054 0.0475450070475132 0.336220723019468 -0.0389718242703335
0.361510926958981 0.382376391872394 -0.127526620920259 0.0416100600443673
0.156863526615477 0.394173386808911 0.004450781027915 -0.513554511204784
0.231087631226507 0.0848313342040549 -0.0729620018458073 -0.41061720138607
0.0711163375511713 -0.030001836467653 -0.398056249789632 -0.118522002899849
0.00944767864888986 -0.0533301492092923 -0.0696225464353915 0.19608385637465
-0.0217358197983787 0.0513232637056416 0.120183293044658 0.0271782874516124
0.0931453856388463 0.052481720330529 0.0771600770400249 -0.0960268695784457
0.124902129341559 -0.0506561225465864 0.0107880076355874 -0.142202115644181
0.0848889850105702 -0.0903982520160397 -0.0421037726778691 -0.129914269514977
0.075710077717822 -0.0699267562646044 -0.0824638520040771 -0.0757138954740433
0.0552866597983545 -0.00971894457564418 -0.138864224140666 -0.0737168024549114
-0.00329258013471318 0.0209794487138932 -0.0681187008937153 -0.138246059985929
-0.0704152571763036 -0.048739829004978 -0.0562898298971687 -0.0236884287283918
0.0840457343769805 -0.140190500821033 -0.0822455920351751 -0.261034276494664
0.216505835878692 -0.0731095930574145 0.197425980950615 -0.0154937644166133
0.333924956415334 0.293598105631594 -0.239034102724631 -0.106809627725748
-0.1998057460113 -0.21391067736992 0.282208373042924 0.221069462807779
-0.182105678654997 0.118422999385585 -0.0713492054040847 0.0209242953462272
0.0311373465001489 0.141616645935109 0.0611158560264007 0.22195410347195
0.14935034728176 -0.0181706293013921 0.0757923133055228 -0.00892408664046374
-0.0077840550337531 -0.141177855663363 0.0418940663092835 0.11522596902029
-0.104265829778094 -0.0692221878627035 0.127777571726203 0.0693759827959633
-0.121268954634277 0.0207349825611083 0.0549608026494873 0.0772898794650309
-0.106891296274293 0.0426766599467898 0.00551002119727362 0.164868104881459
-0.110717966611732 0.00734418069738609 -0.0715188340757076 0.163558568346276
-0.0968924222024233 -0.0736713550070809 -0.13953858108356 0.0761349080869231
0.0267041547630103 -0.117223679503182 -0.111939569898581 -0.0900577862793183
0.108901712974184 0.0162620891017662 0.139813380189107 -0.19791050784857
-0.0111600473508536 0.0662097847335446 0.42871924913621 0.16963109866933
-0.0935917425819076 0.0832810664649162 0.0583395448600689 0.526595017932074
-0.153281790717934 -0.164178938276641 -0.0381447368344119 0.620243840191434
-0.0175548232877067 -0.0803703964704927 0.27496719180221 0.261372754156438
-0.0975662730903692 0.0730522262621207 -0.0452218177315697 0.064495794300955
0.104865942263467 0.143776128894815 0.087504121047873 0.240927524702984
0.209591554750904 -0.0980507885590204 0.147568970694846 -0.0415421378485809
-0.0280889718956684 -0.247247503090474 0.0325135762080363 0.0475052136076889
-0.15688136571594 -0.131189851898771 0.0915596669552392 0.039973484397329
-0.147007257631627 -0.0259833926807149 0.014383897762663 0.0689994178892023
-0.101454855899475 -0.0189868386061319 -0.0375559725715377 0.168443601052885
-0.0718899132324882 -0.041906164094172 -0.117123090928724 0.164324739476811
-0.0595750431972891 -0.0839719870340695 -0.175436152657334 0.0622897538701532
0.0366905699143016 -0.141110623640021 -0.130083326212291 -0.110812263726442
0.200255842308378 0.00251805106660468 0.140113485688642 -0.212182065725353
0.0103753959270328 0.144360852801968 0.395975269809114 0.127044178872053
0.00814822413560814 0.161346027155459 0.143742739026673 0.531455512338041
-0.11848834134979 0.0784102832514072 -0.0427915825849281 0.662483447511866
0.169860948186568 0.099792156422841 0.193873374909069 0.233916302757432
0.0802515961475829 -0.00399461434534436 -0.117408184276659 0.0973090449902077
0.124983764835151 0.0837235751675768 0.0826615486682688 0.320320290568342
0.235742283678556 -0.16118676182655 0.256022805010366 -0.0451813972940963
-0.0489073125033908 -0.308821241735775 0.0381022380842038 -0.057580935696081
-0.183619815742973 -0.166910394533735 0.0301367398288723 -0.0174438151513142
-0.146231576515545 -0.0650471117287086 -0.0427437543761361 0.0474502224400561
-0.0827768316593734 -0.0787852699134367 -0.0749154307884323 0.147868797805588
-0.0262220610339545 -0.0932576509325542 -0.135077600938193 0.147146543739835
-0.00831999485799105 -0.0956020366712074 -0.181991148083466 0.060296104445838
0.0650080678234504 -0.149380185233889 -0.158841415279108 -0.0909611695582171
0.272960966787936 -0.0129036146901461 0.0652513003733678 -0.248820237681176
0.0669398753188858 0.23149406442648 0.359968170090862 0.00415395169239632
0.0596095426883038 0.209580544036325 0.285014147854347 0.437720781489309
-0.0444092785196966 0.279607948236431 -0.00567936230156606 0.641691698115697
0.279296891820945 0.303239032923336 0.0723610732259328 0.133488872504683
0.279945214794441 0.0201098374508821 -0.223001871650355 0.0785773576636988
0.179895383923676 -0.004379989108043 0.00740182692784029 0.38113123058893
0.234648384734773 -0.209743035331629 0.33199425135423 0.0105572342586683
-0.0598449544535866 -0.320981767110973 0.071858281383569 -0.148905420430557
-0.165131809326644 -0.167096524150958 -0.0277030205996136 -0.0872234982963473
-0.111155672582052 -0.0937514301279458 -0.0963252342586957 0.013262488079813
-0.0505415151932779 -0.125538160815171 -0.0995153989857847 0.108688724974902
0.0110044212519001 -0.135402505631456 -0.130130602572413 0.110910224867741
0.0281359046091028 -0.112737712204662 -0.162797168282048 0.0548231565000759
0.0926468973793749 -0.169282993434644 -0.175358045676674 -0.0539840838359368
0.319178618594253 -0.0354060020198821 -0.0443085343662927 -0.256892066646424
0.154826502653118 0.253304849307897 0.291964982007049 -0.161409937744409
0.116585435689513 0.245891784905834 0.413563648097688 0.283968022331238
0.0645059691237212 0.411771562763986 0.0344170295498228 0.549208650653056
0.28203315229189 0.471928033450456 -0.0358158060452749 -0.0224834951532351
0.38206906500365 0.143552912285982 -0.296234170488413 0.00437872648831232
0.260693930021369 -0.029395562504233 -0.122029403515535 0.370356274188315
0.22807387200729 -0.227857099502185 0.329304862666533 0.100381538270426
-0.0576992613886645 -0.281357109609522 0.116372450342053 -0.185710792709945
-0.107638586002913 -0.128761744417461 -0.0551742257076049 -0.142003562603501
-0.044909338455958 -0.106265263128483 -0.124460493368877 -0.0289536092083744
-0.0121555711441857 -0.152178349821067 -0.110136971945617 0.0513807700196676
0.0322785520792288 -0.157083728766319 -0.115330060343853 0.0602004116586791
0.0382790467952978 -0.126490812495413 -0.135030397161875 0.032336222054226
0.0925697600078591 -0.187188938379349 -0.160864004059489 -0.0307510380142999
0.308808052069823 -0.0700248964768331 -0.123864505658402 -0.209883419793077
0.226074298205708 0.177770115566757 0.168786196621828 -0.290998645167434
0.200688184221169 0.237649466637108 0.47577175058397 0.116824313617958
0.19269366792132 0.464488793354736 0.037381170080388 0.400788518244989
0.22303463638713 0.556830383823547 -0.082370921749989 -0.203123436889469
0.384389966388086 0.251562523376104 -0.29103501017473 -0.119002824713305
0.281284204301457 -0.0170211707478606 -0.262055744104453 0.257604469223664
0.196401344096527 -0.1901609005639 0.238263151322139 0.184708313772851
-0.0444396754904386 -0.186725364039797 0.146876987055298 -0.154240281915338
-0.0247623763570416 -0.0638489827779498 -0.0406091306302987 -0.160944802707118
0.031808463449834 -0.102010446459847 -0.111961259086108 -0.0735047476503464
0.0284976530402024 -0.15404003413961 -0.10274320149058 -0.0149467656628691
0.0425511892877662 -0.150714378752906 -0.101972139538648 0.00360605264797612
0.0304284658808555 -0.115459499506216 -0.119264619052151 -0.00692354249408322
0.0616048821507146 -0.172256529380217 -0.124609863911683 -0.0490516975460527
0.217993289739632 -0.0958497407045522 -0.128421557890512 -0.129831069228533
0.236653221997444 0.0335797694641676 0.0275678233328298 -0.329366373058516
0.265273123494866 0.164658910266033 0.440994027393858 -0.00455553422410834
0.304939386279312 0.447359647955872 -0.0185738421745676 0.219517519338233
0.170015995221746 0.532834913662462 -0.0608555984532935 -0.376007644575109
0.334108115037836 0.232828957545708 -0.195932372342862 -0.266640099835744
0.19771581397363 -0.022502866799335 -0.35968907097124 0.0669002811571147
0.110987589615233 -0.114666672865453 0.081440636107771 0.213952235711164
-0.0312275954106322 -0.0593885767709266 0.141754743815163 -0.0704700936001706
0.0513089301588036 0.00440651396856816 0.0106414416813314 -0.140422724763737
0.095354034262999 -0.0830038518856254 -0.0616284494298519 -0.113171448884018
0.0613857169601929 -0.131929741066659 -0.0790990432637331 -0.0787088904007184
0.0521211762119118 -0.11785776607661 -0.093667889619862 -0.0456584670783374
0.026523063536747 -0.0731410344535729 -0.12491822225828 -0.0489405257329595
0.0213420159930529 -0.0979521676509678 -0.0890614297773124 -0.0982321841396847
0.0683995631378408 -0.0894720394568592 -0.0863831773895229 -0.0612092610086883
0.185111727048486 -0.0916659184574877 -0.0653605979215328 -0.300790609092313
0.265947058861403 0.0451870582637553 0.336979554721067 -0.0404814356182656
0.363421813591668 0.378759451684393 -0.126999627983148 0.0424246358645945
0.158926570937712 0.390222891815323 0.000467145427161663 -0.514350617206688
0.23320073754087 0.0827082635799944 -0.0755672998213222 -0.410702737687558
0.0702097922538372 -0.0298634088601131 -0.402569575529357 -0.120018942200805
0.00868794244166233 -0.0529630595321537 -0.0695499200301827 0.196693965846021
-0.0209503932783661 0.0511244584692017 0.119894959240671 0.0258242082901516
0.0934878590378935 0.0512791404196176 0.0734170838449683 -0.0974929772183011
0.124018899562932 -0.0515599166646295 0.00897880487487648 -0.142135496228586
0.0840064624635335 -0.0907296114425998 -0.0435004900942002 -0.129909085618704
0.074048154375339 -0.0698742440002296 -0.082993579737361 -0.0748372249071316
0.0563518309962635 -0.00936214575911546 -0.1393289382579 -0.0735167618614401
-0.00327869967455484 0.0212871818529608 -0.0684054182384833 -0.136967055344649
-0.0712485817098113 -0.0486604219071157 -0.0567891260128088 -0.0232385477656037
0.083747671868942 -0.13966486010315 -0.0852912126353733 -0.260436624706368
0.215359313889324 -0.0739554796949345 0.196142148547042 -0.0181200510182705
0.334825810771361 0.290258972640217 -0.239155393941829 -0.104649817651264
-0.200317256589353 -0.213039521246851 0.28266775255631 0.217719530618878
-0.18017848409913 0.119845769538298 -0.0710317958080247 0.0213547693257984
0.0309599744950792 0.140162152553032 0.0635965377474538 0.221390783266334
0.148527385779068 -0.019352615703237 0.076389278989312 -0.00972691399441078
-0.00860727976021182 -0.141129848977441 0.0423017273849991 0.11417482896588
-0.10597210860699 -0.068474105481825 0.128556430706691 0.0676584481356028
-0.121198509813138 0.0210789146136808 0.0557896523999187 0.0768457053989353
-0.105969692425304 0.0436041251562813 0.00770250367123568 0.165267285628984
-0.110118326334074 0.00815245598683007 -0.0697121067707685 0.164173573573223
-0.0979734778660174 -0.0731376073125083 -0.137910806061397 0.077441696375756
0.0261371611760737 -0.117011688656784 -0.112217199605663 -0.0886418987742239
0.108343704763731 0.014507710843996 0.138149484871393 -0.198454392249625
-0.0113394785503741 0.066342581280472 0.43009259053129 0.166589644145953
-0.0922931728170661 0.0838319291035018 0.0621995894119536 0.524957951818673
-0.154779713984599 -0.162476280791885 -0.0333118851780933 0.618136257978581
-0.0181378187653195 -0.080272841427836 0.27576365102035 0.258229645721364
-0.0972302111022744 0.0727292360932051 -0.0455758359742181 0.0646322720046448
0.105211220520197 0.143498057289504 0.0894777607132608 0.240995900204274
0.207442623265142 -0.100528418967058 0.147817433781091 -0.0429679387734921
-0.030580151796669 -0.245509249998218 0.0327047893679155 0.0470204159031152
-0.158041320206626 -0.128558135407571 0.0913887520564083 0.037525816903836
-0.147007017842998 -0.0242836372092953 0.0149180988157823 0.0692099240436864
-0.101846390835856 -0.0188086977110972 -0.0351635254766111 0.169321637574688
-0.0722324737900696 -0.0422115020875567 -0.115752155045881 0.16398177201622
-0.0605272755100944 -0.0836218343926793 -0.174868688130182 0.0640038417078281
0.0355420592819062 -0.141518760573269 -0.130375848973983 -0.109629678192634
0.200356135398531 -0.000232141077606607 0.137108567362676 -0.21228680428228
0.0112996096033925 0.143406193502041 0.395532285416259 0.122795072080027
0.00884855299461807 0.160938420226035 0.148205339508262 0.527597836981786
-0.118089568859047 0.0797879673841774 -0.0384880999535067 0.662287585954369
0.170058061964563 0.0970609469654513 0.19527530363106 0.231015336632529
0.0801839728520106 -0.00404259121636997 -0.117050257676533 0.0979044286575013
0.124825781337462 0.0825019443497809 0.086114398374172 0.319149936951361
0.233476756195496 -0.16198503137831 0.255318927615481 -0.0469642743360078
-0.0514110315342641 -0.308395743437867 0.0368361543745136 -0.0574022876848229
-0.185311609819041 -0.164732036249103 0.0294761986116065 -0.0177612184035964
-0.14691915532774 -0.0639895714577293 -0.0417472379413 0.0479626999283371
-0.0835048183309781 -0.0775463125483328 -0.0732522526575478 0.149270488752232
-0.027166692236476 -0.0930712704310148 -0.133603605270664 0.1467694844898
-0.00945644926923939 -0.0955494913923696 -0.180423814633071 0.0615253296086718
0.062971006482108 -0.15090743899262 -0.159723183884811 -0.0886991616852187
0.272689868047923 -0.0159437735030334 0.0635116160255351 -0.246952217654811
0.0683097154319446 0.231557860849976 0.35782399112987 0.00111679152218415
0.0605404663041529 0.208669874276442 0.286536948813009 0.433415794892197
-0.0429795839242253 0.278735716930049 -0.00117656976809577 0.637749828384602
0.280069966058597 0.298044934571657 0.0732881932710928 0.132943763591886
0.279951183403952 0.0187033163820311 -0.221585969990736 0.0794742136803978
0.179627634970833 -0.00465060040528618 0.00739144377474741 0.382338127972912
0.233221484039645 -0.211646735453714 0.331584629787874 0.00752465795726053
-0.0630502648923719 -0.31930217804332 0.0701264229959455 -0.149193107211881
-0.167737145390318 -0.16509371261772 -0.0293142585154505 -0.0859097848872524
-0.111562377626128 -0.0915727345988174 -0.0961528550565251 0.0148515845551168
-0.0529722899015014 -0.124376289693735 -0.0986999823787984 0.109446042050857
0.00946961238555396 -0.134979995171974 -0.127989921931949 0.110684386029688
0.0286107411554283 -0.113959688018813 -0.161385933438457 0.0561841271715435
0.0913845199714372 -0.170128423992275 -0.174696429284255 -0.0521686653825268
0.318088525995608 -0.0393655135355291 -0.0460866446121975 -0.25546208057836
0.156646711040939 0.253046082354813 0.289931676088509 -0.164054396527133
0.118173801267372 0.24533547148849 0.413876332109885 0.278753579326589
0.0684656622430154 0.408996892613684 0.0400835145367928 0.548526445936078
0.283941349250069 0.468607469810755 -0.0352324887913876 -0.0220290609270757
0.382716790442633 0.140601729654768 -0.295453244090594 0.00668531663368628
0.260316738620458 -0.031138761215945 -0.118545894829766 0.370179523879133
0.226524060772403 -0.230499628082421 0.328400155170935 0.096703578523949
-0.0606169968492604 -0.280101457515186 0.114740266651594 -0.185976325463629
-0.108083747041907 -0.127500465152923 -0.0563367000670852 -0.141102596898828
-0.0456402115489913 -0.106240281156017 -0.12406408239601 -0.0278271467993428
-0.0143673928620927 -0.151099991492017 -0.109207824073644 0.0526162671442186
0.0298755118274891 -0.157569981381349 -0.114509910118003 0.0610715257153887
0.0363133692082633 -0.126281352042822 -0.134849970246287 0.0332859866540584
0.0908468119330787 -0.188527011329043 -0.159760642587144 -0.0295236784793499
0.307691720181451 -0.0729340853686478 -0.125428699117702 -0.208330383096153
0.227164819300587 0.174775420163137 0.165297049222093 -0.292385396496901
0.201609715095912 0.236191508542191 0.474383901347727 0.112023963377043
0.195586126882038 0.46222174453802 0.0408288505719267 0.39969220254532
0.224504608825038 0.558114986754094 -0.0834387288656053 -0.201990116793225
0.384278218381188 0.248463596195764 -0.290920360048455 -0.116256379419427
0.280249649369692 -0.0187298279717262 -0.26388023107461 0.260677111942604
0.191869388270462 -0.19186047676761 0.238006049166127 0.18140452443377
-0.0467562172530889 -0.185679723898205 0.143568248204115 -0.155621466238129
-0.0251797886078836 -0.0635602988831476 -0.0420006077512779 -0.159468274203515
0.0305390031750232 -0.102455510244859 -0.111898959395618 -0.0719814166118883
0.0261020112159165 -0.154388711456033 -0.102382866736921 -0.0145444943678229
0.0401787049256453 -0.150343439128994 -0.101691319646641 0.00399867547048601
0.0276329237730188 -0.116959146236111 -0.119045913771009 -0.00588826318477595
0.0603376436722154 -0.172174155723598 -0.123439307992096 -0.0473182812963949
0.216384320309662 -0.0978697307700961 -0.129857751397586 -0.127775437905727
0.237610053740013 0.0332439255973049 0.0218690118087622 -0.32691718097877
0.265956903276701 0.1625539667635 0.440796245681333 -0.00887909063936051
0.307691737835702 0.443070696703748 -0.0177482676491256 0.22028145690303
0.174997200056285 0.531120313723464 -0.0629424467659722 -0.37294466641782
0.333922095074587 0.229618645980161 -0.195663577794844 -0.264337103451206
0.197663225547023 -0.0235955172817188 -0.356976470981414 0.0682393078105336
0.10965079814781 -0.115621173738118 0.0828132859887971 0.212102155258476
-0.0315925901405562 -0.0597193343911912 0.14102155710958 -0.0712035678683974
0.0510915896734625 0.00381764683949169 0.00876109181715846 -0.139293267660514
0.0939554772513855 -0.0833179406048724 -0.0626401908714685 -0.112638621229128
0.0594054440226008 -0.132736690972131 -0.0799200443647741 -0.0784085954453546
0.0510510389182734 -0.117854611684602 -0.0945778623456316 -0.04507158638247
0.0258621264643634 -0.0726084074798518 -0.124876157034605 -0.0483067820325847
0.0192546152295015 -0.097878770946568 -0.0887354768437878 -0.0966020545380179
0.0659232707559426 -0.0907446765301119 -0.0868077074838346 -0.0606957888832855
0.183315787382324 -0.0937657077194141 -0.0681066704767056 -0.299710638624023
0.264685061861442 0.0426122382228895 0.335072382768245 -0.043900518973447
0.364403903378946 0.374844435922488 -0.126970427500783 0.0438352584213785
0.16224078456764 0.388668710349214 -0.00320917850035801 -0.512839083222886
0.232980641861025 0.0803170867578459 -0.0788564131259927 -0.40969649030275
0.0696407916583601 -0.0302250228070133 -0.399944490283863 -0.113161331020876
0.00789162418890234 -0.0531915509103462 -0.0674848474894267 0.196063041855944
-0.0203142071072367 0.051088485612889 0.119230113630485 0.0239216190063251
0.0935974394830373 0.0503797166704393 0.0722708738079187 -0.0981578062506799
0.125566431784638 -0.0528671394090481 0.00734052401036336 -0.142342535562757
0.0831604482676603 -0.09127105752441 -0.0452538826044579 -0.128941527219341
0.0732736717104878 -0.0704493194210544 -0.0848183327286975 -0.07490336927983
0.0549299556795003 -0.0103591388780854 -0.139785402877795 -0.0716316612171589
-0.00319746097514682 0.0215390293151555 -0.0698675334874869 -0.135500714834874
-0.0713321830091546 -0.0468568413082514 -0.0574298856731164 -0.0220629810889709
0.0823326816757801 -0.14056827020346 -0.0862280811654779 -0.260019471430817
0.214730811781914 -0.0748728500575162 0.196090197450523 -0.0189164293187856
0.337041545395835 0.285859386166581 -0.239936271048341 -0.102659011024564
-0.200490440276613 -0.210436055950524 0.282259099492903 0.214441440804568
-0.179160157362875 0.119675798031769 -0.0707145313248821 0.0222618795782767
0.0319390747994495 0.13978834474759 0.0638900641335785 0.221778593194918
0.148316419839091 -0.0203924132689973 0.0761193868361505 -0.0107265393720772
-0.00980340449408491 -0.140503998815804 0.0431750713217195 0.112863242803866
-0.105441218824357 -0.0673474835247677 0.127732638902282 0.0671087227666115
-0.120887249905885 0.0227498953378823 0.0560241852573191 0.0765412355614163
-0.104849828349006 0.0448059008047404 0.0103949120251591 0.164288888057143
-0.109399730829307 0.00958028639451954 -0.0675796798681699 0.165027810108724
-0.0980917572127844 -0.07209621961574 -0.136214007618365 0.0791556917412304
0.0242799812956995 -0.117985687682919 -0.112400586429452 -0.0873607763647743
0.107757804875959 0.0142623543136604 0.136000663073406 -0.198278631067166
-0.0104893468452632 0.0662000153969047 0.429128961563574 0.161278803569177
-0.092618857216719 0.0835033891875838 0.0654366470992004 0.522565958456319
-0.155847184063738 -0.160447902361021 -0.0301288086912377 0.616506146026676
-0.0182125618996843 -0.0803350568258337 0.276795061771682 0.255108208206396
-0.0950458871817372 0.0744328357357568 -0.0446114247609078 0.0651979904795117
0.106750363874454 0.141678232437945 0.0915024341534587 0.239558209985229
0.206575150079689 -0.101979755075503 0.147428215579319 -0.0445385537806421
-0.031568367053099 -0.243992316198084 0.0324752026152868 0.045888501218936
-0.159172564357456 -0.127347040455605 0.0913890863564485 0.035889634570238
-0.146812713105359 -0.0232972406489263 0.0155101329192039 0.0691884997832532
-0.101881562248035 -0.0176102058876886 -0.0337217738978861 0.168493744563667
-0.0723208461298281 -0.0414812162216534 -0.111693642604883 0.164710925928135
-0.0615517390976607 -0.0831677860141885 -0.172940039036366 0.0648948331263264
0.0352595477756072 -0.141561299167313 -0.130247057645796 -0.106872780983192
0.200219551218086 -0.000819248148710011 0.134495670602034 -0.211650201377242
0.0130242184488111 0.14293023021367 0.395716825625886 0.11840187384264
0.0102350818834017 0.160323552866592 0.150189084792444 0.525664229810734
-0.116815794387285 0.0802146239714874 -0.0347693533194266 0.6607549647768
0.169697573640707 0.0949270845001793 0.19700442901043 0.227489609123746
0.0802823630804684 -0.00469262958834981 -0.11642467241366 0.0985968068017564
0.124682395125696 0.0820600079175609 0.0881455122671773 0.317617223329427
0.231790457564666 -0.16496675844733 0.2539694656732 -0.0485719580024929
-0.0535800104090535 -0.30672045641682 0.0362088413970363 -0.0579681039156542
-0.186634770473724 -0.163196465732199 0.0297984169850825 -0.0180854373050564
-0.148113934152239 -0.0624310501140124 -0.04170091042958 0.0477249831591125
-0.084354142222857 -0.0770731621856191 -0.0709596368637145 0.149816017631615
-0.0278458242928883 -0.0932314935015262 -0.131516980535514 0.147620529574799
-0.00973749624121571 -0.095065993952897 -0.178387762102599 0.062496844382059
0.0625592598887877 -0.151626816578506 -0.159132601562053 -0.0877336176206099
0.272340715257699 -0.0180384283554849 0.0607440778492357 -0.246418372289973
0.07098331253408 0.230264353833967 0.355304274480832 -0.0022011399782607
0.0612927764966241 0.208211840383634 0.288250991011356 0.430896296022897
-0.0400264170038062 0.278728303239258 0.0021505464353719 0.638101034693601
0.282016108104855 0.294622540226983 0.0735328818781769 0.131105324821281
0.279095975458564 0.0165154931620846 -0.22077125366769 0.0817283286136644
0.179295598500769 -0.00646805885124291 0.0124978260703692 0.380105993818063
0.228689962272435 -0.213445869675894 0.329594553454996 0.00359933238029252
-0.0657595443313206 -0.318869494206485 0.0671232733872848 -0.148831106400045
-0.168821197537762 -0.16336609550847 -0.0296458032217457 -0.0848253001175557
-0.112786050753204 -0.0913492010903291 -0.0957382279231796 0.0153449613513288
-0.0540861144323047 -0.124303416063606 -0.0968454337712138 0.109835842928501
0.00708209427964318 -0.134812387615007 -0.127427200646083 0.112134991590208
0.0281693236991635 -0.114183291640124 -0.160667032612259 0.056344200570672
0.0887148715322463 -0.170458345533307 -0.174434455086435 -0.0500527269786705
0.315425857863752 -0.0418696844020034 -0.0486855085218571 -0.253682716123512
0.158969865041076 0.251369453815108 0.287975044731014 -0.165007688070354
0.119668121981108 0.243340393103263 0.414324918606163 0.275852946864835
0.0700981002623813 0.407955225885876 0.0435624381973144 0.546805027719816
0.287137163932503 0.466657312692427 -0.0353531482913285 -0.0220776617244552
0.384239129085597 0.13701074719717 -0.295428427940761 0.00827349945814444
0.259233244358321 -0.0331227469565431 -0.115672158268448 0.369261288064773
0.222664016761766 -0.232439314155516 0.327499289017801 0.0940851262567582
-0.0617624707645789 -0.27870828783846 0.112260346428675 -0.186284698446201
-0.109592744812003 -0.126571800736161 -0.0577313834628923 -0.140174023603708
-0.0473130347096764 -0.105169208589979 -0.124791232840124 -0.0264018515212933
-0.0156773148109633 -0.151040775010772 -0.108284263252771 0.0528525382850467
0.027785564635433 -0.157685961919906 -0.113870308028275 0.0618614663404698
0.0354637546432912 -0.127111886764659 -0.133255463523166 0.0331354522242496
0.0890356720906628 -0.18901669041877 -0.158911254385778 -0.0271836783728507
0.306937620892867 -0.0768272522096356 -0.127121880773887 -0.205961128304672
0.228644885073876 0.173446884852028 0.162448829922646 -0.292004064662149
0.202848922208483 0.233893605208646 0.47435840883431 0.107292350249365
0.19764279549153 0.459602090631607 0.0439825699284565 0.399231965448267
0.227318776711137 0.553883062611664 -0.0849179299006777 -0.202431385345811
0.384141485213111 0.242612260980488 -0.290683361711634 -0.11438358092002
0.279782061961067 -0.0211164011304427 -0.257497754181752 0.260583129702756
0.187937299968458 -0.192908571720029 0.238635927572102 0.177376515183161
-0.0476894296940173 -0.185321487294374 0.141121048009234 -0.156101367227069
-0.0262013099245488 -0.063345173550043 -0.0424327397255018 -0.160080403882541
0.0306069579991152 -0.102893405007905 -0.112778060882914 -0.070515999578831
0.0232357035905484 -0.15367106709288 -0.102792932549877 -0.0136896904423775
0.0386882137032456 -0.150987990115921 -0.102347522313428 0.00486089785367723
0.0237546410371428 -0.115141997214106 -0.11864745397006 -0.00568708146414543
0.0574483209098208 -0.172604262432295 -0.122936109472129 -0.0458134483871788
0.213764577757949 -0.0992883138262556 -0.130916631891596 -0.126035395104316
0.237692849194919 0.0304843274766554 0.0207441590807168 -0.327729269539063
0.267239269897321 0.160986042159071 0.441981668008008 -0.0122131128055994
0.308837614933971 0.43925212925511 -0.0168280589152597 0.219266495670091
0.175288651728977 0.532683726988284 -0.0662074903221653 -0.372759588058649
0.335554516238483 0.227132222026459 -0.198404005485621 -0.261905913904206
0.197490678580913 -0.024276638354596 -0.356704697644356 0.0715061725518059
0.10928620881318 -0.116274156180484 0.08480046264081 0.211147987061623
-0.0317923606684581 -0.0595036184069785 0.139335670034267 -0.0730166253695533
0.051596955231463 0.00412054943555579 0.0066942469369345 -0.139071279317374
0.0938707546458308 -0.0840485143449849 -0.0634976652369388 -0.111295726769496
0.0581795820438278 -0.132269218528462 -0.080073070566948 -0.0782116412141241
0.0496063336897389 -0.117622007964196 -0.0948220911514878 -0.0446695052527702
0.0253496368918636 -0.0730160183663483 -0.125159132098417 -0.0469699751312287
0.0186227591846552 -0.0971343513299699 -0.0892599719404755 -0.0957387199493026
0.0648197076278135 -0.0912911633903153 -0.0876227950603218 -0.0589872097305972
0.183606932132131 -0.0947576349955242 -0.0715672041151895 -0.298207585027798
0.264988089369853 0.041600707683613 0.334472657386126 -0.0457233882339816
0.367758109462681 0.3719367956688 -0.125953496765146 0.0443750804569396
0.165129225755141 0.388284622804587 -0.00492920271655719 -0.510830372517327
0.232988887863941 0.0777257322677611 -0.0809293682606048 -0.408009901552436
0.0704660243471927 -0.0313727684013076 -0.395963655031579 -0.104444049532334
0.0074381817309659 -0.0534222054228118 -0.0645856487273022 0.195397902722817
-0.0200586318996571 0.0505937835602132 0.118220856844899 0.0220878895363094
0.0937520879307528 0.0497876588134226 0.0736788785578372 -0.0978868840940189
0.124469666861807 -0.0535555483318693 0.0048896592640091 -0.142191190451509
0.0823065009977675 -0.0914504390918715 -0.0453697942765928 -0.129120113012119
0.0724675142055422 -0.0702457862358069 -0.0849726842022837 -0.0747369709971646
0.0535720497905963 -0.0102607757989837 -0.140097350682766 -0.0694678297335644
-0.00310546761138442 0.0212572522534675 -0.0705017383699287 -0.134258700579628
-0.0730643199509955 -0.0465710149798867 -0.0583288040014225 -0.0215756848864181
0.0802380534313565 -0.140673385589511 -0.0890424581130641 -0.259430886812513
0.212535767332426 -0.0765032906105162 0.195109043322549 -0.0212208697677158
0.335295472083382 0.282779233283735 -0.240363656887719 -0.100114972627613
-0.201797584265588 -0.208478317754532 0.28187482145268 0.212789913238451
-0.177251378415346 0.1205720333043 -0.0700938309254693 0.0234293251009328
0.0327564509197093 0.139239388287647 0.0668522625666815 0.219247493716047
0.14756593592691 -0.0218834678787617 0.0762029218351439 -0.0111254004559446
-0.0104751697168544 -0.139108368763899 0.043546404248525 0.112426087598212
-0.106203929184827 -0.0658115525860101 0.128128900207562 0.0648874505478937
-0.119866860982679 0.0236534844353345 0.0569053336354558 0.0763835039751019
-0.104315233939634 0.0453740260774395 0.0121760168938176 0.164197682967275
-0.108918439029013 0.0103038990614509 -0.0658533336975547 0.164791095225269
-0.099037261643788 -0.0709316200716506 -0.134226290510418 0.0786527463848995
0.0238695916467371 -0.11688831438141 -0.112040372862451 -0.0857393371049267
0.107819558551341 0.0133165365709009 0.133828336907982 -0.19798135048941
-0.00956729849755602 0.0664555750921071 0.428136267774239 0.158809738284318
-0.0911148744529946 0.0843049160819176 0.067851112030557 0.520002988467309
-0.156463776247533 -0.159397365442069 -0.0249350833099804 0.613212756307652
-0.0184411219744376 -0.0783533278327116 0.277625771516831 0.25236788676557
-0.0940210361654758 0.0745152496015623 -0.04348991177693 0.0655118961726355
0.107049263334274 0.139866525911686 0.0936863473392446 0.237122596023763
0.204602246958422 -0.103522957593605 0.145701591504053 -0.0452909728770976
-0.0341124421123675 -0.242790007662166 0.0326672673128918 0.0456158645653555
-0.160358565103857 -0.1256307785243 0.0911501480409568 0.0360790720047569
-0.147513772874864 -0.0218710588336216 0.0161352281665222 0.0687338778405508
-0.101620827630055 -0.0165704527049562 -0.0307907981877633 0.169343421955641
-0.0730445892488594 -0.0404820868002294 -0.110738974788081 0.16617632267541
-0.0616454549651152 -0.0818579592728485 -0.171952054001486 0.0656288179606258
0.0330210696019681 -0.142003278948496 -0.13049199062538 -0.105193866070633
0.198836830637831 -0.00414648477499463 0.133402843501327 -0.211734976337369
0.0142013257824135 0.142677500866683 0.394264988126435 0.116277453744571
0.0108614149001233 0.159763420578836 0.154372257788614 0.521550900649231
-0.115950863559718 0.0804161259887081 -0.0281027831321957 0.656194539263346
0.170797286869501 0.0935319111466346 0.197325245829452 0.225909761641128
0.0799536588734401 -0.00558362032770373 -0.115313981102573 0.0996306560217339
0.124795069405078 0.0793554160928956 0.0897580482519686 0.315836355689684
0.229470654085713 -0.165777166736703 0.252031184510115 -0.0516362938186792
-0.056592851478577 -0.304299899838331 0.0349844909246846 -0.0575099662534571
-0.18715112048847 -0.161286751527571 0.0290139539300203 -0.0176613041594061
-0.148016806051747 -0.0608090787605263 -0.0403626647677764 0.0484172011767901
-0.0849533288920505 -0.075858804689963 -0.0694980250218293 0.150710450555312
-0.0300370318321649 -0.093183128987866 -0.129845389570082 0.148463518692227
-0.0111456884612597 -0.0953026802908884 -0.176360325505733 0.0631749678014754
0.0608323283464681 -0.151235635597234 -0.15814568199666 -0.0855237053430881
0.269543235605921 -0.0210217715687949 0.0589256304962101 -0.24480873548746
0.0724011135354767 0.228760862327008 0.35453273267211 -0.00361766502368001
0.0621612930102144 0.207176188812537 0.291213225751864 0.427685418901791
-0.038835995434483 0.277695536654869 0.00616427591251735 0.634401016212043
0.282683781323904 0.291090122834863 0.0737255136609778 0.129736451648416
0.279036274140242 0.0145735922712206 -0.219274332527216 0.0837373159535407
0.179226051516846 -0.00774085548936616 0.0167295331053539 0.376600594558255
0.225545342973342 -0.214479456886349 0.326808880978721 -8.56703178523615E-06
-0.0688614133805847 -0.316228152977179 0.065803025293034 -0.148508723198969
-0.170252186951907 -0.161514140216733 -0.0299885551371828 -0.0845780981361805
-0.11327410246664 -0.0909353315433088 -0.095082405530981 0.0167413889241664
-0.0550395192586942 -0.123419643653917 -0.0952695901843123 0.110292562045751
0.00554686646548742 -0.135575652486952 -0.126451472328125 0.112662868152834
0.0252598922761827 -0.114249765333864 -0.159312540505982 0.0573290190185559
0.0876547715596578 -0.170368230401363 -0.173016916029796 -0.048211970139507
0.315084022861993 -0.0447884605127095 -0.0513224007760483 -0.251586829405601
0.160216683951632 0.248141230295613 0.284508622488541 -0.166910204566686
0.121054055704946 0.241723288872705 0.415637913409218 0.271914000213909
0.0736190179350565 0.406375710878555 0.0479470396611256 0.5455367603326
0.289149093739565 0.461811456781274 -0.0350258880123497 -0.0218758019113895
0.382549147377741 0.133892427971066 -0.293381344722726 0.0107053821957025
0.257865982572202 -0.0352953207922894 -0.112835312549384 0.368738390329365
0.221534514633025 -0.232617713692784 0.328020943345534 0.0913337311432265
-0.0652816770283488 -0.277294589457826 0.110783301613234 -0.186167429608279
-0.110848650311703 -0.125342887616499 -0.058578959516893 -0.139722084094272
-0.0486690686205784 -0.104942069578044 -0.124300746263396 -0.025184189131212
-0.0170828072126443 -0.149672751980796 -0.107367645075585 0.0535038193826155
0.025755919299646 -0.156710219041899 -0.112863903537797 0.0617725824975815
0.0339603843510344 -0.127294288350379 -0.132467123610835 0.0335267406260112
0.085986539336287 -0.189088363246255 -0.157975931886138 -0.0256035495203727
0.304223905628735 -0.0792542545970007 -0.128638442237634 -0.202458950175132
0.229195077611613 0.171715049805332 0.158105701769044 -0.292797606857145
0.203906609607002 0.232570765426069 0.472194017725352 0.103352835522114
0.200119579457443 0.456590852833781 0.0462391034001322 0.396460438213508
0.231356816590042 0.547377755989068 -0.0862514623930285 -0.19997605706535
0.383368464951848 0.239463590427629 -0.290433680803495 -0.111637023959385
0.279928028225813 -0.0227634625388541 -0.249581414439962 0.261172234153063
0.187298227561448 -0.194062559733582 0.238767186744978 0.174576050250466
-0.0495171200731953 -0.184009163008786 0.14015471889671 -0.157095416962313
-0.0268543300757963 -0.0633289640686448 -0.0431526143833461 -0.159309883602041
0.0286955034561657 -0.10246349623859 -0.113779616372098 -0.0695276781141015
0.0220682417646263 -0.153027575665418 -0.102591125717718 -0.0124043620325476
0.0363841139718197 -0.150350165245011 -0.101481177496864 0.0058133740212225
0.0244381219732905 -0.114117208884839 -0.11848252196304 -0.00463260057509832
0.0548509857245849 -0.172697075859132 -0.122142767363281 -0.0449195922558716
0.211415721608282 -0.101913927821356 -0.131834284802468 -0.123706164822171
0.23699091061954 0.0275403507914038 0.0178572342839497 -0.32806822251221
0.267853114826268 0.157970030744215 0.439049935312248 -0.0147147465447876
0.310370893401444 0.436918733158004 -0.0155024595275686 0.218829607858548
0.178224086477506 0.526802676371361 -0.0673616409858856 -0.369993600248266
0.335487416383481 0.223730297293034 -0.198549932715824 -0.259271199128631
0.196745608233665 -0.0258238607008094 -0.354338206683933 0.0720965497902153
0.106821350100367 -0.117265152689338 0.0856668084090363 0.208664603989233
-0.0320546229505542 -0.0601035416270262 0.137121445963082 -0.0735113859829279
0.0504686657501278 0.00322305240895272 0.00537326934722285 -0.138897569434168
0.0913198488601039 -0.0853608511851537 -0.0651120259081962 -0.110159020768464
0.0564317196252315 -0.132239689106662 -0.0810943880068586 -0.0767144214739623
0.0477516136450228 -0.117880937885679 -0.0947679851514933 -0.0443996775427925
0.0244062430961519 -0.0728223095382309 -0.124565524790108 -0.0462311533756987
0.017637743368395 -0.0974269192068062 -0.0890602087127305 -0.0939861527563826
0.0637372398748852 -0.0915588227369037 -0.0866443882840002 -0.0576668983310314
0.182384616100877 -0.0957634317035545 -0.0731521420297957 -0.296745131784393
0.263650765167902 0.0402289398514731 0.332542013092709 -0.048783716508931
0.367126572766262 0.367752933246299 -0.124073553547483 0.0453254469974292
0.166468306939875 0.383927909250091 -0.010116794341117 -0.50770954997374
0.232831426053555 0.0765417994739874 -0.083128728840163 -0.405394594859553
0.0700946385481333 -0.0311989422934343 -0.397111506857031 -0.10711024183437
0.00627174705366993 -0.0533532210177476 -0.0636333863746376 0.194178249244247
-0.0193701482524941 0.0504932208126754 0.11742530970101 0.0208706129631655
0.0939341560085983 0.0489393779131428 0.0716196999940215 -0.0975404855812464
0.121368461917394 -0.0544305434918827 0.00407232226414279 -0.141386546308063
0.0808288062110981 -0.0912932097533556 -0.0477801618231652 -0.128780288877249
0.071172275137665 -0.0707936339784371 -0.0859485872176326 -0.0725885315776528
0.0542949956651686 -0.0112106581311986 -0.140110547659981 -0.0691536929045482
-0.00363446803755171 0.0214547911261604 -0.0704701866152081 -0.13321370434015
-0.0731064288357725 -0.0460508261049635 -0.058526887212187 -0.0207152360238922
0.078942464561306 -0.141238763307612 -0.091875615372657 -0.257461545872377
0.211014310311334 -0.0776172833978652 0.194458299782753 -0.0227375447837421
0.337613770485792 0.280293377211642 -0.238641874421062 -0.0972862544187431
-0.201536901170851 -0.207179574129638 0.282713975406717 0.208715383757042
-0.17596369018946 0.120690446881157 -0.0696159683113404 0.0235139686580909
0.0335273152197618 0.138670401274187 0.0674017217092148 0.219816208096723
0.14689181352343 -0.023347669638447 0.0762991528254443 -0.0112985613744562
-0.0120007553418432 -0.138262787997124 0.0441795835493149 0.11170432176166
-0.106748720468037 -0.0654470609685151 0.127557935069285 0.0639272308735173
-0.119362115305615 0.0257769620046332 0.0579557992156881 0.0757563540691789
-0.103811643462655 0.0459870039906627 0.0134871160077567 0.163830273321441
-0.10877942216169 0.0107422451020988 -0.0631721012620031 0.164515249499038
-0.0989019433175421 -0.069422310787143 -0.133208810780733 0.0799713916819649
0.0228112063147049 -0.11682340398294 -0.111888718450152 -0.0841222266814308
0.107660801464762 0.0118085715056402 0.133244486297053 -0.197673253919865
-0.00955263681397759 0.0661536025731595 0.426311683311373 0.155078095375534
-0.0902823588253302 0.0845234130560715 0.0717544111217665 0.519014499374561
-0.156469922905277 -0.158546235837449 -0.0210924785433069 0.612092930906861
-0.0189817216678451 -0.0798365697155113 0.277590395376548 0.248011881107934
-0.0934852678676382 0.0743347121940346 -0.0432070209035637 0.0659181365949824
0.107690362619729 0.138371042475929 0.0945070758807836 0.23700186250707
0.204204405470361 -0.104985981931606 0.145232494810097 -0.0464700373214127
-0.0368191950569284 -0.240754204449641 0.0326479259135045 0.0451798801566165
-0.159598277125802 -0.124243167873822 0.0912088277796492 0.0352927268210705
-0.146245260841504 -0.0196795434581898 0.0171917573257735 0.0687632177514393
-0.101420526111094 -0.0158325500490428 -0.0298785344616803 0.168833382368928
-0.0734847907845125 -0.0400190755941806 -0.108535131217768 0.166077950113419
-0.0619726511343498 -0.0818084964662317 -0.169942134574313 0.0667589109783718
0.0327308872999846 -0.141888160018824 -0.1295180922199 -0.103677163900335
0.199056808746751 -0.00605477646486723 0.131144312871185 -0.211165640295895
0.0151701524855433 0.141119695421505 0.393428239970039 0.112799002016281
0.0120868530938461 0.159355948715315 0.156084233130127 0.519715326017664
-0.114709157884861 0.0801835301725455 -0.0261719375145792 0.655694126691891
0.171020478301829 0.0918141093565333 0.197880159132782 0.222956753476431
0.0795080177886262 -0.00651912439568708 -0.114449076860348 0.099765003210269
0.125105866413426 0.0784183116178068 0.0916090150301603 0.315121041900529
0.226568654430307 -0.167035290127464 0.251771481330537 -0.053014017685705
-0.0586019042966392 -0.303043760310251 0.0340208780036248 -0.0583945361555554
-0.188148422630784 -0.159114514805538 0.0294620144349281 -0.0179319206994422
-0.148440274598318 -0.0589204756349083 -0.0393496777548914 0.049026636992523
-0.085703208163784 -0.0751629952374485 -0.067270305780101 0.149545471305113
-0.0307730407951946 -0.0922623652421596 -0.127575560051148 0.149207920530928
-0.0128359575733298 -0.0955304276996571 -0.175181266204651 0.0640041287788999
0.0594479301124016 -0.151942318402036 -0.157820788506224 -0.0835182556817154
0.269395859376814 -0.0231511137351384 0.0567193075635967 -0.24382884518784
0.0744030591119194 0.227350017137776 0.351388226017402 -0.00636496057794758
0.0632592072480314 0.205199744142943 0.290717191409285 0.422782982188174
-0.0364567413965431 0.276110793388225 0.0111204722978844 0.633561947075228
0.283004892868917 0.287985432380446 0.0743181422009491 0.128637078838335
0.276227620998309 0.0125023404269812 -0.216979809768096 0.0837470121323634
0.177863649775078 -0.00910419369995925 0.0190830926132947 0.376046104066393
0.223938254219889 -0.215160560942318 0.326067956205547 -0.0022041421473921
-0.0707195991677457 -0.31398809178207 0.0637303065171661 -0.148942699497265
-0.170238316640916 -0.160211482450457 -0.030108070897263 -0.0838624280897688
-0.114500780417272 -0.0886072812820264 -0.0942511037948815 0.017415000146832
-0.0569443944403119 -0.12224239535028 -0.0945190653151723 0.110886672810313
0.00277048738331321 -0.134712849229115 -0.124390143722826 0.113107437868862
0.0237636931978609 -0.113393695742297 -0.157123053809041 0.0580519098952753
0.085702237899062 -0.170891897195436 -0.172077111975699 -0.045599257537013
0.314257590595474 -0.0467968605937363 -0.0525035766509803 -0.248604916910023
0.161966287770295 0.245322426409972 0.280249622253791 -0.167837367218957
0.122047268021569 0.240141322771705 0.415268949029534 0.26765168517033
0.0753754934586516 0.403501579400167 0.0506586431754906 0.54042702880156
0.288651890978078 0.45539766877058 -0.0351105948360581 -0.0212360305351298
0.382475953036449 0.129472926844501 -0.291751710943045 0.0119433752897744
0.257445460660736 -0.035900553474507 -0.108350963830609 0.367122977222763
0.217312639068762 -0.234124475986432 0.326143197733826 0.0879153078776279
-0.0665521720635926 -0.276247709389966 0.107922575192135 -0.18597304584143
-0.111863594379382 -0.124332846967683 -0.0596600852325773 -0.137322500497035
-0.0501247765925042 -0.103466829776718 -0.12351816177248 -0.0237326426969583
-0.018848539017611 -0.149330745512487 -0.106565370237832 0.0543670920950482
0.0237547021166446 -0.157056906539741 -0.112750548014523 0.0624926545937745
0.0323046783085943 -0.127261139203998 -0.131719635927854 0.0345133264540859
0.0841015777210656 -0.190235410042238 -0.156748188628482 -0.023672089983419
0.30263234128375 -0.0814878904785051 -0.129535848592331 -0.200031796506311
0.229941198174812 0.167873139115991 0.154584376378617 -0.292849225773331
0.204669100405168 0.230794417147764 0.471681048307378 0.100543569544227
0.201046580710834 0.452764386277092 0.0498463654761474 0.394117128211875
0.233088529944869 0.541576688253412 -0.086484473155534 -0.197146152931732
0.385673126490251 0.236658165523185 -0.289729421186773 -0.110268909520314
0.278023598447344 -0.0241229902659757 -0.251797684586618 0.262386127204979
0.186945112130859 -0.195247292112928 0.238883734925688 0.171235752096727
-0.050513846984265 -0.184592090738353 0.137110022424973 -0.157220562057497
-0.0280426702696411 -0.0625364964505101 -0.04563902351727 -0.157504894219598
0.0260775632109579 -0.101680882432501 -0.113192733956374 -0.0679607357193256
0.0212633907080111 -0.153081170930449 -0.103059056003951 -0.0121155324269035
0.0346127624327525 -0.150204060646571 -0.101405765589459 0.00525454492328224
0.0259102980449104 -0.115833962620264 -0.11799081908949 -0.00514766051251595
0.0535441047510959 -0.172460667214046 -0.122518305505964 -0.0429847035328388
0.210121620604223 -0.103687743979633 -0.132017138167664 -0.121799290348811
0.236341276671715 0.0257773999783624 0.0140311200555639 -0.326282141991232
0.266742222162213 0.15512120499642 0.436233526389271 -0.0185014942000017
0.311755907597458 0.431904847929816 -0.0133067503633913 0.218012355077728
0.17963678283393 0.519514887769842 -0.069174311220762 -0.368240375926841
0.335631986030268 0.220445407519073 -0.198624220968318 -0.258277081500985
0.196044238430753 -0.0271176854605731 -0.350692578958378 0.0746469297849719
0.105581132475201 -0.117954026228359 0.0867976975911416 0.207249273388867
-0.0332360780023482 -0.0585868373367171 0.136599969986776 -0.0744910104245455
0.0500880779626924 0.0030502467781013 0.00404725034123725 -0.137757752290336
0.0904067748293137 -0.0852204842571795 -0.0652172275018852 -0.109167521701254
0.0541250914754451 -0.131665587194457 -0.0821772317173627 -0.0764635261508158
0.0460898161414693 -0.117597380698526 -0.0949034315153105 -0.043497794344215
0.0231747069313008 -0.0728986592252625 -0.124652984597006 -0.0449176741040746
0.0162454941726868 -0.0970404481740462 -0.0894858287701069 -0.0925298487455951
0.0626290314049256 -0.0911714703329277 -0.0887854112238282 -0.056677910391625
0.181328244070654 -0.0966013160626665 -0.0749478784709744 -0.295250293516549
0.263026524367403 0.0387860240261376 0.330715793712945 -0.0505932874306375
0.367159588642603 0.364116002961086 -0.124700957971687 0.0464032466205146
0.168269229035167 0.380933198531333 -0.0135006130361664 -0.503573524737987
0.233254714006569 0.0751094357271081 -0.0849473307868662 -0.402317181285063
0.0687968562056605 -0.0319586562915586 -0.398942111109851 -0.106793720400318
0.00617219600572121 -0.0529379934736779 -0.0636034277660601 0.194268416088305
-0.0201892032660595 0.0503098666213331 0.1173955123777 0.0197023075140808
0.0939033094842981 0.0483602263614499 0.0678703928908462 -0.0986648189358866
0.120354726780934 -0.0561266236924038 0.00217741826850815 -0.141404056400633
0.0795285914523425 -0.0915329952643963 -0.0491147956014244 -0.127878407541013
0.0695788024407507 -0.0712030699473659 -0.0858754169669447 -0.0729058320254138
0.0549685540848508 -0.011436221468039 -0.140111348953064 -0.068012696528053
-0.0033354376061248 0.0215023964209866 -0.0707895592851254 -0.131308312496804
-0.0733832091690293 -0.0453507241822658 -0.0595758876922247 -0.0196216172904306
0.0793173275598154 -0.141382998043287 -0.0944098302014269 -0.25574582410803
0.210639490178977 -0.0779024900548153 0.193538297926314 -0.0241066559853744
0.338234109653466 0.277904936730777 -0.238656804307483 -0.0962569878484508
-0.20190172547089 -0.204702816163544 0.281743166801749 0.205304132829061
-0.174443304616244 0.121437660232948 -0.069182213337162 0.023832730027685
0.0340608725527834 0.13742133250918 0.0695314646367214 0.218893331396499
0.146347586225227 -0.0238753338317858 0.0766231028263958 -0.0123138559223004
-0.0125429497260711 -0.137245877869624 0.0446924729079427 0.110378044597097
-0.106341019241445 -0.0646250474657688 0.127252856812528 0.0626747046964745
-0.118736915109652 0.025700884745067 0.0584021619227523 0.0753459407709833
-0.102256057906316 0.046016474435492 0.0153015012800657 0.16329801912609
-0.108217048066392 0.0116776405416047 -0.0613648944670038 0.164402181188472
-0.0990473826149019 -0.0692749759434738 -0.131006401408837 0.0800964665648231
0.0222133549135694 -0.117283304201411 -0.110978414452123 -0.0826994193790219
0.107114495130021 0.0113081024095717 0.131523591671254 -0.196697040761873
-0.00854312434230567 0.0660667870539177 0.424946514763674 0.151418957171011
-0.0889280156861365 0.0835332676929958 0.0737922228398279 0.516218258970814
-0.156868160028834 -0.156499867371532 -0.0180337018989917 0.607885782101899
-0.0191929613940617 -0.0793908462814241 0.277883605652186 0.245321454708062
-0.0925522418636864 0.0747262080382002 -0.0430445726586203 0.0661845578933272
0.107201948892024 0.136978325665651 0.0959873843735325 0.236596072081057
0.201734831169043 -0.106466451211259 0.144939630087982 -0.0484126419400161
-0.0374859804482381 -0.239534961750689 0.0328653514072706 0.044332283217328
-0.160926950826382 -0.122110083310588 0.0909937243757444 0.0333078799403102
-0.145602698953287 -0.0189561521070439 0.0177004602271738 0.068585314461771
-0.102111349690358 -0.0147415591866562 -0.0271975960505238 0.168339115449764
-0.0735064871492318 -0.0395405230543034 -0.106485553578769 0.166153598232648
-0.0633269073375671 -0.0812327310174578 -0.16789320814468 0.0679676309231115
0.0317907250346145 -0.141794248182077 -0.12918439638152 -0.101501694225425
0.197787856809459 -0.00704980434256274 0.12840451876464 -0.210394343244975
0.0161802494946607 0.141559461476325 0.389786898196747 0.110878442457293
0.0126260207254655 0.158354849793471 0.157722245341673 0.515592334362383
-0.113793078031896 0.0813663103803242 -0.0210706577365868 0.650801329426566
0.168966738205541 0.0902431869021549 0.198159445974103 0.221076566235853
0.0793912680191343 -0.00712039311763944 -0.113370629742633 0.100408862650841
0.124324403530111 0.07692624216209 0.0941036627483118 0.311795283284458
0.224649366437072 -0.167495161737348 0.249648664243287 -0.0548926062961953
-0.0608737981196995 -0.300817828120992 0.0328958241716943 -0.057845145282162
-0.189141328453425 -0.156807322018044 0.028345880162214 -0.0181528396027133
-0.148439099792653 -0.0574027181361236 -0.0390379118202089 0.0499165111558144
-0.0867902723332114 -0.0743700271485497 -0.0650191475660475 0.150779445837022
-0.0323982546639985 -0.0913953242332405 -0.126054790404676 0.15044836586926
-0.0129918334389699 -0.0953546585382898 -0.173621259003334 0.0642399135853281
0.0580198309503671 -0.151695209045631 -0.157032116555554 -0.0815427238552964
0.267939828217373 -0.024974295516412 0.0555416627740273 -0.242376800428362
0.0749032909171204 0.225830752466707 0.350689843614222 -0.00836400035256966
0.0642932086080175 0.204808155583875 0.293673259350709 0.41922910200853
-0.0353721739397919 0.273723493180593 0.0153777381170696 0.628967914694796
0.281674336577079 0.283622850259683 0.0751854813313903 0.127314987982256
0.275966028220706 0.0103850965130126 -0.215961529733319 0.0847883176498565
0.176792158275649 -0.0106735052563161 0.0211078500174022 0.37621768099668
0.221280309216255 -0.217423185186466 0.325769310462787 -0.0047032264019862
-0.0721057426928018 -0.312958764254854 0.062382764798526 -0.148661794321875
-0.171916770730808 -0.157799816141336 -0.031208292461883 -0.0833065812988299
-0.11464147592785 -0.0863283676811993 -0.093708794926483 0.0190954826631635
-0.0578577070570201 -0.121100454794825 -0.0933079204769612 0.11116239689558
0.00168284051086652 -0.135145342206457 -0.121987740279991 0.113653844871363
0.0232339756968687 -0.114563636739564 -0.156070616497617 0.0584556987400155
0.0837500570957826 -0.171342345970762 -0.17099750971349 -0.0449506015660223
0.31308142944724 -0.0499204742722215 -0.0532268477203605 -0.245944748371752
0.163089425845633 0.245913153388591 0.277654107756871 -0.168110469043863
0.122901532592881 0.238462799845506 0.415200362674237 0.26324498211122
0.0763049706014253 0.401172761186865 0.0533717770591653 0.54022805805507
0.289771872638081 0.451796761824536 -0.0354708116386619 -0.0209383375427679
0.379649495316473 0.127626738695494 -0.290762452557587 0.0137532869748323
0.256404076683027 -0.0379018715621953 -0.105476498573182 0.365902891981692
0.215121598520931 -0.235155159809933 0.324779352990084 0.0840760913990512
-0.0684476076712308 -0.273420762346224 0.105860693854719 -0.186836800127366
-0.112121085957825 -0.123169073420508 -0.0609280623864326 -0.137313455962653
-0.0513479255249321 -0.102908702588492 -0.122697671853729 -0.0227378800106943
-0.0209207717254425 -0.148609417183648 -0.105682700844048 0.054644295289019
0.0215880235472665 -0.156557730054345 -0.111377358948517 0.0627881793808805
0.0312890433381424 -0.127311145639421 -0.129927960529061 0.0353089074170768
0.082143543408656 -0.190427319531332 -0.155439514839842 -0.0228667684954442
0.300359980512131 -0.0842318769242608 -0.130292626329502 -0.197525815880817
0.230369573337867 0.165587408711647 0.151662848843709 -0.293247055082869
0.205044942943151 0.227857231437788 0.470415054102304 0.0969836782900706
0.202848669965123 0.449142688889989 0.0514772220841364 0.392514633600236
0.233965904286771 0.540887094847302 -0.086630537106106 -0.196155339398513
0.384268912293216 0.233926575809021 -0.288260844822162 -0.107906792682617
0.277219187534974 -0.0256165770164816 -0.251275454480146 0.263150896785421
0.184052160014393 -0.195593534751273 0.238199632855233 0.169816935923928
-0.0513512953460761 -0.183325213228919 0.135635551835039 -0.157271014572386
-0.0292472110081236 -0.0621443883917762 -0.0480897812436401 -0.155801862673836
0.0261822297229877 -0.10178572697392 -0.113452874193591 -0.0664845015932491
0.0184599667241849 -0.15233250982105 -0.102466092901064 -0.0110852762787749
0.0321098710541449 -0.149673251716233 -0.101555652093401 0.00615712031705541
0.0229423442575519 -0.115217555949887 -0.117248013873397 -0.00452449565691047
0.052705968933626 -0.172577676509331 -0.120909269391346 -0.0419519973768883
0.209498001603571 -0.10472885053942 -0.133322163913458 -0.119566552552266
0.23689906045006 0.0247680709878451 0.00938192236023386 -0.323343996743625
0.266582512385472 0.154244815362336 0.433731572577513 -0.0214810920483699
0.312185845596273 0.428787360330499 -0.0113048542596522 0.216799662915092
0.183944556455911 0.51814233858893 -0.0712521906268969 -0.366129553507118
0.335318317413988 0.217782687889502 -0.199459616277784 -0.25584185074587
0.195368588877087 -0.0283054607322318 -0.34874767269681 0.0760077263148664
0.104503032929502 -0.117987857393414 0.0872278325372375 0.204906513100531
-0.0333601757027039 -0.0587065533481542 0.133230489476157 -0.0756049311415108
0.0489305986545109 0.00217526817836182 0.00193032098064301 -0.136984370047298
0.0894209295590351 -0.0857569907531564 -0.0665906460808048 -0.108196201366615
0.053039197393043 -0.1321043891856 -0.0830810215349264 -0.0752414143948685
0.0444567286937302 -0.117383290649573 -0.0952257799060942 -0.0429599131870948
0.0229073453628798 -0.0724318517287201 -0.124040302692111 -0.0447683329195547
0.0150810663435709 -0.0965549394434543 -0.0893101858407241 -0.091213652499648
0.0615923091484479 -0.0919950361506271 -0.0883227772783044 -0.0548962661071474
0.179630654935794 -0.0971905722391742 -0.0771290787037668 -0.29437183438161
0.261006050698015 0.0368990875392686 0.328556260202015 -0.0524977524937902
0.367928692867862 0.359701475304437 -0.124209659857184 0.0466007964477035
0.167719591803325 0.379425665507914 -0.0146983560843702 -0.503034743712797
0.232162659269937 0.0729002909622024 -0.086316531829458 -0.401503619287512
0.0691798263990807 -0.0322119256965221 -0.393075792769337 -0.100192709530279
0.00523085303424248 -0.0529980165137183 -0.0609253953075398 0.192826320476645
-0.0190124950500235 0.0505507887821073 0.115994245320915 0.0182722787359637
0.0937590714296513 0.0473481098590319 0.0674847076465192 -0.0987496999678037
0.120271146141359 -0.0563594178862769 0.000888385033339345 -0.140173922968745
0.0791693006788364 -0.0914324400913087 -0.0500657589941667 -0.127277419355889
0.0686774967665765 -0.0710469816980801 -0.0870400520497959 -0.0722819518828747
0.0533008706867416 -0.0116124380505915 -0.139446936267132 -0.0668441471539606
-0.00355719319800296 0.0215518955667174 -0.0724130223781007 -0.129845401771467
-0.0733491455898234 -0.0447720017931671 -0.0589114977954525 -0.0192349394985261
0.0773465021550806 -0.141288796646636 -0.0945621893266917 -0.25494668199792
0.209305243176468 -0.0781500018842212 0.192725965785747 -0.0266355479950534
0.337200747948203 0.273474279701372 -0.238890830899477 -0.0936193555845121
-0.272009567214162 -0.0888366014661345 0.344551031958532 0.0547331692852572
-0.0996778837578651 0.185497022926947 -0.0500043108264147 0.0529812803659115
0.0905353222366037 0.108416240286779 0.161158862992526 0.162018777761537
0.119615184809483 -0.0866792653349557 0.0612433514040468 -0.0463505783698382
-0.0729313839670469 -0.116018929760459 0.0877939713914604 0.0775582711759107
-0.122748012086883 -0.00952550313822928 0.140955439154001 -0.00208475391013738
-0.0941195302171789 0.0757258710881046 0.0856858726234271 0.0418524502713316
-0.0709785317280967 0.0870408739380801 0.0878677386959538 0.138235005841773
-0.0918762372876805 0.0587258539682481 0.0187521402213633 0.174660743324627
-0.119970545005284 -0.0176557341906413 -0.079762936292387 0.130066561816778
-0.0324045223697434 -0.115184524603484 -0.135102209847601 -0.0234840355653689
0.101950269920891 -0.0396996166139188 0.0300817314150664 -0.232617394925193
0.0251763343770251 0.0622186203789796 0.446421607332873 -0.0507113533033762
-0.0385225783536301 0.117273163803727 0.291064214847761 0.42900659667486
-0.205778672858443 -0.0670867966696621 0.253582590577684 0.554431089071274
-0.05446749970725 -0.0599351931699546 0.358337365693491 0.0916233539718528
-0.0492542560072441 0.107227697075901 -0.00850085591296454 0.0788877360241561
0.155660780297102 0.0750528270797853 0.1927588321704 0.165513716198533
0.1320291063461 -0.184460976798133 0.104504827637081 -0.10850217090047
-0.140568003640676 -0.194651417205904 0.0475935501611684 0.0254409635303752
-0.197342488487019 -0.0351664357850351 0.0963324475812926 -0.0107140197451445
-0.138508736196412 0.0486781367535906 0.0467102960168857 0.054768854039444
-0.097558690450473 0.033036591788772 0.0514567447409423 0.162188632364694
-0.0847813970753716 -0.00310814020069377 -0.0209179472153892 0.195052222692215
-0.092909732538891 -0.0446699805980017 -0.118218030142369 0.135763824267649
-0.0349335974404314 -0.142344362398976 -0.160472576558179 -0.0332555474309199
0.175040430146819 -0.095252582496956 0.0211077606209584 -0.244300807433798
0.0799416975209059 0.118104406431128 0.398250320230017 -0.0727832846703327
0.0869135190635245 0.137119510226822 0.365536113261971 0.390822553591112
-0.0613484523739074 0.125183448220139 0.269517818304629 0.590711212639218
0.188847876911813 0.00417989608373164 0.274380095876317 0.107122535886242
0.066924199733588 -0.0418169390942107 -0.0554392913436637 0.140031494087564
0.144560135538053 0.0138113434979189 0.225650131754331 0.234622125730224
0.125878252656866 -0.248635053650938 0.193057360744312 -0.162449048750657
-0.188039493958996 -0.239447554339935 0.00202423518011695 -0.0647490281405401
-0.23784284128615 -0.0524956310915508 0.0175508709758712 -0.0285146293087104
-0.158255246025935 0.015361256226281 -0.0127978227392324 0.0622610343337076
-0.111077255831689 -0.0270514149065632 0.00994069610695699 0.163304213102671
-0.071017803726775 -0.0671546033706849 -0.0461427195989656 0.190092211237009
-0.054778351774145 -0.0798043809848893 -0.125263308568003 0.135305099693767
-0.0162467894130713 -0.163663029432196 -0.176318754017317 -0.00287250665722656
0.229054591483557 -0.143200991420811 -0.0589228411832931 -0.239203943954727
0.171159277847924 0.166155473699761 0.308414325622356 -0.162153137909788
0.153168758712717 0.154354741127932 0.444581395703251 0.24535288980204
0.0959315252846423 0.261579939746412 0.292508310773704 0.55331954355619
0.377141341969284 0.1238933708319 0.123790382246821 0.0808972284814157
0.249304892885866 -0.115528333243358 -0.154196709485848 0.172187482554192
0.151789555120531 -0.087581074040331 0.188033979579759 0.321189212084903
0.10102536591088 -0.289534461847343 0.28059034575952 -0.15192253030018
-0.202745665482217 -0.244512802030254 -0.0133168112616993 -0.157962577416401
-0.222921520205289 -0.0615174029145965 -0.0652564730536698 -0.0588406267546172
-0.141517138718343 -0.0260602596661435 -0.0747580820009735 0.0585143527751665
-0.106472502931871 -0.0816117985183096 -0.0325270210306994 0.139919329094169
-0.0595372466736573 -0.121292325943454 -0.0605922112973962 0.156630562682369
-0.0300165393892734 -0.113933567744837 -0.113482995840257 0.121842764799585
-0.00262950491696506 -0.19131755300908 -0.172729240390811 0.0362454859841951
0.256649918849807 -0.185402683425803 -0.158978850839811 -0.195748165494416
0.255833605076475 0.142554015958534 0.173834634074205 -0.275493227151169
0.221319049973728 0.156822164513784 0.485852922437275 0.0516966991585934
0.251790163676818 0.323254965829328 0.286777607447532 0.453357795949189
0.460262675596914 0.271419733186873 -0.0408903554975136 -0.00136820473298932
0.393676044423434 -0.0581519558043125 -0.25147757748894 0.142622598999691
0.209115316772837 -0.14692820880552 0.0725205563132476 0.371528502340915
0.0875495378186923 -0.303316168611412 0.32108371156994 -0.0730087096329549
-0.182348119087151 -0.212507482199526 0.00840676986819492 -0.210683180857959
-0.155429354701346 -0.0572193023242774 -0.114715293178474 -0.0936172661691518
-0.0912977723175611 -0.0686039891219963 -0.119606270081993 0.0343741867149759
-0.0858578271222794 -0.122464089011687 -0.0686909143416196 0.0957481808846344
-0.0519865304053156 -0.149924813430349 -0.0718897732265781 0.106175002835233
-0.0287306769461723 -0.127590302623784 -0.100538758030942 0.0893191638318898
-0.0111031774022852 -0.207464330255684 -0.148705523856532 0.0485687872536925
0.231507579055456 -0.209691093884466 -0.20493872223293 -0.117718536668034
0.279497795800326 0.0432905358917917 0.00469692076577137 -0.328663894476603
0.287601576216423 0.109367389959264 0.46315438393289 -0.120997092365838
0.386077405699532 0.311301977327342 0.219114815428454 0.323730852420384
0.452343370496587 0.371850310879786 -0.166767402028994 -0.133896331969789
0.445404657159289 0.0346309713663654 -0.30424036252983 0.0338016929944519
0.234726498706229 -0.147153978276768 -0.101407232891072 0.343420706514469
0.0757246887161909 -0.253203970231214 0.282433143068478 0.0414796456209289
-0.127207137830541 -0.13930797180449 0.0477814022492392 -0.197889325370634
-0.0539673208864996 -0.0424463954004827 -0.111774231323921 -0.117859822386084
-0.022639204438539 -0.103388640627265 -0.130450425156347 -0.00953698246756948
-0.0525145653899794 -0.142335999899004 -0.0961374626207542 0.0361811642231147
-0.0390882871390545 -0.148593922506327 -0.0889708174120761 0.0507936976867273
-0.0334943431662274 -0.11132759853699 -0.106226911082115 0.0485017032025803
-0.0291109755926612 -0.177819341277505 -0.125477631860311 0.016875825567083
0.139379892777867 -0.186600350994803 -0.172314564521309 -0.0471799412729946
0.220113433069917 -0.0855618880799515 -0.134741564551559 -0.295329633716009
0.30974819712447 0.0154944488366195 0.378291776015172 -0.211595772063467
0.471944379483768 0.242494498767478 0.0837004794506093 0.193064612172428
0.396223393656216 0.378728297816954 -0.228642232510763 -0.291689159784492
0.39547542180678 0.0423426295780294 -0.291442641167387 -0.138075233705195
0.160389825872647 -0.114069761325224 -0.273265467119665 0.22468190961087
0.039679626809017 -0.14983790289913 0.167634244941831 0.141721996363626
-0.0554007295812306 -0.0372908110881303 0.084096175038394 -0.127304342164148
0.0442783592856213 -0.0208511554709589 -0.0593286176440123 -0.122502334125464
0.0404890324578198 -0.116170347061579 -0.107570876902935 -0.0670944071760343
-0.013118961902163 -0.141541678804043 -0.107677781596623 -0.0304189400341271
-0.0120873385028072 -0.124880019917813 -0.105069810679085 0.00436808664138962
-0.0120680922284751 -0.0756611883079896 -0.130521313679047 0.0155239634176955
-0.0302144700178494 -0.0929534281666175 -0.119735719923401 -0.0412899390535399
0.013120621640457 -0.110652989362043 -0.103493068266149 -0.00862359236178772
0.11509608563549 -0.169223084704469 -0.199466594649909 -0.228666449348218
0.251604199203331 -0.0868926472630674 0.27067191463426 -0.192484936276221
0.490394467010899 0.157852986226375 -0.0922271996225921 0.0905585251395492
0.323256786995739 0.260357758224272 -0.24094197363783 -0.439377652319842
0.23968773464596 -0.0391849721273435 -0.257236032174117 -0.317418783071675
0.0466050657801588 -0.0622756975551337 -0.389712908972048 0.09074867273585
-0.0195925814020457 -0.04886379658259 0.0324811084153336 0.197998069625665
0.00561693107483014 0.0535965205120042 0.110373863661787 -0.0352705347137968
0.102750447799773 -0.00088591208529807 0.0171386543961239 -0.117832671323375
0.0819294968916242 -0.104133015390941 -0.0616653978918943 -0.125900708360835
0.0285497276637725 -0.116789699929806 -0.101697711053169 -0.0917336954273184
0.0297670194152726 -0.0943339555395382 -0.110821275460587 -0.0257215193466257
0.0422723888006189 -0.0341767154026965 -0.153984811303597 0.00321402406935281
0.00655637528297411 0.020281728580724 -0.12123379884192 -0.0838469853130606
-0.0865997312877137 -0.00751704440156358 -0.0608038811523765 0.0100680233465101
0.00456744876859033 -0.161001604484878 -0.197769082784062 -0.185425742098099
0.151856515128519 -0.164679408217166 0.160128735566301 -0.107061989353212
0.421925183373237 0.0928913185151236 -0.258055449859546 0.0173054800561004
-0.270676207185889 -0.0878983940642196 0.342775420011318 0.0534101754559106
-0.0993376159586879 0.184515012549662 -0.0494472487069326 0.0537415728028685
0.0907338662507123 0.107839216559346 0.161771603540434 0.160841017213241
0.118288654621775 -0.0868562910150485 0.0611798544532144 -0.0468505206742812
-0.0731377252762146 -0.11535146221194 0.0884056610548613 0.0768061069766428
-0.122000962266623 -0.00812112292526903 0.139917264975702 -0.00277670380253633
-0.0927195701077029 0.0759262438074519 0.0867400986901734 0.0414548946561722
-0.0703073907663209 0.088335139812268 0.0894442325082633 0.137044683100825
-0.0909001842084827 0.0589254499980908 0.0210311688599793 0.172972901762134
-0.119242836917332 -0.0170159075078185 -0.0774988911293567 0.129471469623395
-0.0325428303604407 -0.114692309294466 -0.134287638526023 -0.0226728295518627
0.10105618745244 -0.0396103297268254 0.029004617541303 -0.231237505543116
0.0254910771294197 0.0620347538026827 0.443263346261399 -0.0522075914695735
-0.0374193640007246 0.116785151022381 0.290380577347161 0.426665513799484
-0.205751713843821 -0.0660367111153995 0.253279521553184 0.549557407055258
-0.0542770552535325 -0.0597658542656311 0.356990837416224 0.0895146463553199
-0.0475820530002657 0.10626785838336 -0.00738235154754119 0.0781763420709203
0.155285734479126 0.0739608703614544 0.192886466197436 0.163145162663634
0.131263874445115 -0.1842484179047 0.10348380826392 -0.109511640029239
-0.140846876746505 -0.193004380136659 0.0472628259371055 0.0251720794721842
-0.197130090434851 -0.0340246255848423 0.0963597247620141 -0.0103876950121049
-0.137792993752593 0.0490371116132193 0.0472787678958046 0.0538507457092309
-0.0972239601283816 0.0335613743789561 0.0529499221148182 0.16146326876991
-0.0854066911984284 -0.00207631192084465 -0.0190830814918327 0.195240843427412
-0.0923085374287435 -0.044241869962621 -0.117097568576116 0.134797634529331
-0.0365867122152919 -0.141654424316794 -0.159247098206171 -0.0316853712143527
0.173397846212109 -0.0957815688716223 0.0199666803368303 -0.24230171221241
0.0815254611147886 0.117091187629878 0.395521990307429 -0.0743302483420428
0.0870868093303523 0.136259473242184 0.36554800314246 0.389051151339025
-0.0605564990381523 0.12500033275107 0.270029378258407 0.585837482989617
0.188153036046675 0.00269478354380512 0.274016176852353 0.105685304340997
0.0665441718386644 -0.0425752121911685 -0.0549419090340032 0.139815698281257
0.143780738039332 0.0121317031154445 0.226477923433129 0.231761391805361
0.124326374739068 -0.249229085798481 0.190840234245887 -0.163461249391533
-0.188675968735102 -0.236084836864496 0.00187485404613247 -0.0647325786563047
-0.237269933148536 -0.0512805114322622 0.0173198939705739 -0.0282836374009965
-0.156930872285789 0.0162173280505876 -0.0118896675501903 0.061877785511316
-0.110474792618306 -0.0256121260015531 0.0107521684299362 0.162448445250436
-0.0712123248328991 -0.066778647962636 -0.044336888391712 0.189290687497763
-0.0551864811655692 -0.0788753837391695 -0.12344640729732 0.134868277941626
-0.017085829636234 -0.162204028821066 -0.174162417183749 -0.00168867233242659
0.227311396465046 -0.144036521317514 -0.0597301895109177 -0.237312117722213
0.1703389675425 0.164453717284037 0.306224858010973 -0.161917775375771
0.153613820508677 0.153600360200919 0.443903902102358 0.242321927458383
0.0967651426989588 0.260377095148071 0.292509191126025 0.548753535939962
0.374604900465894 0.123605957760075 0.123095322035967 0.0793356877423299
0.247121462677864 -0.114589989810125 -0.152323504468089 0.172000864189992
0.149823053695293 -0.0880694068827374 0.18887530169194 0.316774358227162
0.0987775679161781 -0.288269078528708 0.278796944476084 -0.151981737126628
-0.203089202864564 -0.241947419027476 -0.0143093590407406 -0.157033572160475
-0.222860120556181 -0.0602075545268304 -0.0645809902914858 -0.0587879993657816
-0.141475635731214 -0.0256237780240594 -0.0745073410142528 0.0583570456378098
-0.10646164304267 -0.0807384029348113 -0.0310978888576015 0.140418384923936
-0.0609376285279769 -0.120040233498258 -0.0588711585606784 0.156766344659545
-0.0319135591008853 -0.112619762759028 -0.112043510285008 0.121093013360763
-0.00315923314136952 -0.191583689134225 -0.170870128087619 0.0367567977101778
0.253664884933172 -0.185763179660564 -0.158013433187352 -0.193399959013782
0.255371834697872 0.13979773123801 0.171160458659054 -0.273179268522733
0.220232754678713 0.154750888660481 0.484911296321074 0.0502034079988578
0.251887630097364 0.321805130901131 0.287187737792748 0.449840555067748
0.458802174429869 0.2672514493263 -0.0411934649499189 -0.000451038567541496
0.39118364647948 -0.0586056782584809 -0.249445684218431 0.142723381305402
0.208318507414165 -0.148573899539744 0.0734737692358945 0.368568846817547
0.0864063603259826 -0.301513806253947 0.318973439525632 -0.0741074755108546
-0.184075433796903 -0.211310588606049 0.0075291795155023 -0.209750396728282
-0.156206596830796 -0.0568044662326739 -0.115200738337365 -0.0918254688108997
-0.0919181745537941 -0.0682317706953477 -0.11920257434357 0.0357531161199974
-0.0859843437209349 -0.12151240008408 -0.0686193950668965 0.0961736343716126
-0.0527339309046713 -0.148022825812029 -0.0715707574388686 0.106355839531145
-0.029871887005388 -0.127488916623111 -0.100487264843157 0.0891223194110773
-0.011965346868234 -0.206347422195778 -0.147243849189278 0.0499773087037753
0.228342161891653 -0.209486972310787 -0.204565041356985 -0.115703265583381
0.279004361274302 0.0404205496012285 0.00348312122234447 -0.327909236803372
0.288205048371871 0.107689251730071 0.460643392984915 -0.123625667903773
0.385519186454535 0.308466654476322 0.219611675656262 0.320271617886382
0.448404790297887 0.36574923297587 -0.166425510997328 -0.132166095075081
0.441880241613685 0.0331970176132239 -0.302577465752886 0.0345198144898654
0.233054891196351 -0.147157812617874 -0.0947555542229919 0.339013364595442
0.0750691390343625 -0.253258479832051 0.282611887960133 0.0400476499823052
-0.12733304307119 -0.137601945846511 0.0459958952863589 -0.198164657234134
-0.0544588184337077 -0.0410880893919131 -0.112191584938726 -0.116217870052479
-0.0240608743404144 -0.100874516860532 -0.130305145715929 -0.00885503924656768
-0.0533366537128976 -0.142211316320784 -0.0950611924150242 0.036306313763353
-0.0408275238928811 -0.147002496938278 -0.0889183929043603 0.0510330560842338
-0.0324750306095097 -0.112470992197515 -0.105705295996201 0.0490115870057499
-0.0316659484184156 -0.17602344247931 -0.124367420223009 0.0166684884134232
0.135343251816559 -0.18749545310651 -0.171665776939488 -0.045472486581194
0.218241150293712 -0.0872307435003384 -0.135840218672544 -0.29432548940036
0.308255370696989 0.0140139898779939 0.376973480320165 -0.211426141706809
0.470455689527279 0.239170676414069 0.0845198987432529 0.191562808479671
0.394787326326607 0.372755009075322 -0.228356886926705 -0.288563113128135
0.395118014416356 0.0395092252041721 -0.291342635409991 -0.13655872672789
0.159621006084497 -0.114070271432685 -0.271555891854725 0.224412932727
0.0382970678094064 -0.150606348130979 0.167945269288493 0.139734391640288
-0.0551831862063676 -0.0372579625129558 0.0828550258438331 -0.126231158686144
0.0435293632333872 -0.021187056492331 -0.0609270902482787 -0.12084956163476
0.0390572765980245 -0.115681336697974 -0.108017880269361 -0.0654945957158693
-0.0132279416604001 -0.140495450216717 -0.107527402368392 -0.0299194213096941
-0.0135802616800139 -0.124441580750226 -0.104434492326172 0.00574648534797402
-0.0127286466506191 -0.0744772715646266 -0.130013390503887 0.0152913297854454
-0.0303227922288826 -0.0926605909263847 -0.119042793262652 -0.0402397175937758
0.0122524498105425 -0.109669838421516 -0.103610238435615 -0.00776203023523031
0.113964225226506 -0.168652886556966 -0.201279281183521 -0.226581039454677
0.249823248285294 -0.0871984432017922 0.269193818122628 -0.192244364781205
0.48813194966252 0.1557009698539 -0.0905528448765902 0.0911409198229332
0.321786093817824 0.255777028037582 -0.240359954413641 -0.435144038898155
0.238156072541021 -0.0401142971005434 -0.256903963907814 -0.31532018542235
0.0464515933570498 -0.0623589180985285 -0.394150054617169 0.0896139674363025
-0.0205186835775152 -0.0480061139130385 0.0322096769475176 0.197031574608378
0.00552649126958283 0.0523438828738747 0.108831476351052 -0.0360720311134507
0.103705872030611 -0.00240183113036603 0.0148612344363637 -0.116818941276202
0.0798276415431103 -0.10308910427309 -0.0624565210099549 -0.124988005448865
0.0278786815753402 -0.116925276397218 -0.102437036034057 -0.0911002796766488
0.0286242860833209 -0.0936532494521434 -0.111152086831339 -0.024860762198215
0.0429328105502688 -0.0345487054408588 -0.153536486514586 0.00323980520433075
0.00575381226653951 0.0207503891161967 -0.120904342043419 -0.0830732921167336
-0.0856912149498401 -0.00731425000467982 -0.0605413886034425 0.0106201952760778
0.00429958125161354 -0.161049695978784 -0.198975389684636 -0.182093880914794
0.15026124210298 -0.164382292602387 0.158816384453636 -0.107333944425256
0.420445132258709 0.0916854678255874 -0.256429285001045 0.0180824949942753
-0.270010191274393 -0.0865361029100422 0.341596438979132 0.050279550269837
-0.0976592657640576 0.183823535090961 -0.0491502156523748 0.0536473983485995
0.0907995385791606 0.10630926978767 0.162244682379837 0.159301902474925
0.117809051086984 -0.0868653516332286 0.0612511347479355 -0.0466741462668032
-0.0721578237582594 -0.114255166839829 0.0879774424836067 0.0758466733177699
-0.121590884019726 -0.00718969499500128 0.138744493226498 -0.003401355531346
-0.0919300682473555 0.0764563337211767 0.0864790235726919 0.0416830315712178
-0.069815939582061 0.0876748154168406 0.0904528190955853 0.136221834267862
-0.0897355087641866 0.059625127604355 0.0217518406412246 0.172503325878251
-0.119181513382399 -0.017056413234415 -0.0768822987450006 0.128675525141392
-0.0335401846911707 -0.114966854594957 -0.132623565494514 -0.0220536349823561
0.0999777582609643 -0.0404440811794384 0.0282515146108032 -0.229200145196284
0.0257985715740385 0.0620403569979948 0.440959557522906 -0.0543750903901206
-0.036943029272665 0.116460897229082 0.291792663582739 0.422830159644621
-0.204694809364283 -0.0645978239885353 0.254406403318152 0.545023709222402
-0.0544728278010218 -0.0597832272229866 0.354068789308602 0.0880356864955349
-0.0480284419763367 0.105520680034897 -0.00706135434239924 0.0780672833484494
0.154698277297333 0.0725850171629103 0.193598042347066 0.16248852614716
0.129421072820875 -0.183803072701214 0.103158319274692 -0.10958121321095
-0.14142719003747 -0.19140536349684 0.0470232615309358 0.0246344596634406
-0.196975725360442 -0.0323898647680878 0.0944746811428697 -0.0115084221883337
-0.136827346012458 0.0492411629091247 0.0474941578768577 0.0539743554401661
-0.0965082101625573 0.0330979420763104 0.0544023004628235 0.160718948420429
-0.0844812299148199 -0.00185755356517379 -0.0176557568543364 0.193830481780559
-0.0931087428794982 -0.043188437540053 -0.114411239281827 0.135186188338908
-0.037045698625216 -0.140457621343431 -0.157871986599029 -0.0306336298475525
0.172152355168712 -0.0969727499234965 0.0196195310209558 -0.240202863716927
0.0812661263745128 0.115877541606682 0.393925202237484 -0.0745020378329292
0.0871611336668443 0.135180314678645 0.366482990473742 0.38709182009423
-0.060656571012555 0.12425964081743 0.271059881241039 0.583254671544457
0.186820694800197 0.00293545495879116 0.273491543216389 0.104327710174515
0.0660492222358046 -0.0425351719727488 -0.0540136287643271 0.139877356370165
0.143227842136312 0.0122776936258491 0.226724018281154 0.230323037090647
0.122006724604559 -0.247677632719175 0.189503925052693 -0.163076022289161
-0.188019870975845 -0.234038695554904 0.00113325797766743 -0.0641768019942214
-0.236752347690657 -0.0500192866641694 0.0169903511363398 -0.0280979496568501
-0.15649480504002 0.017213962859212 -0.0112242774600446 0.0621271640200969
-0.110937264609288 -0.0250973448125818 0.0127961240322943 0.161454278803712
-0.0721258226109091 -0.0657459104676223 -0.0429114074498984 0.188283534964413
-0.0565400398275288 -0.0783645287255816 -0.122074438073418 0.134807962581666
-0.017884173175277 -0.161054284852812 -0.172614166292126 -0.000895669628080598
0.224642394959855 -0.144642068462768 -0.0607393952669996 -0.235533517725062
0.17136665126944 0.163015757230148 0.302616391135381 -0.162516572384522
0.153327563130683 0.152021919229637 0.442018985590933 0.239761538134906
0.0964777702969772 0.257917824809748 0.293859027895902 0.543283769765048
0.374698219103483 0.120798444112836 0.122961515606936 0.0786538516171851
0.244340304923317 -0.115800403100704 -0.151447660820739 0.171930036328776
0.150269863959069 -0.0878878649970346 0.189475052260495 0.315682892312301
0.0980864803239173 -0.288022626499084 0.277757559721509 -0.152516576268186
-0.203354815837254 -0.240052266952929 -0.0149028325702315 -0.156238561207263
-0.222657431790168 -0.0582098343761919 -0.0653558691665136 -0.057592147669441
-0.141597757171655 -0.0243014757490138 -0.0729023660157226 0.058551800287361
-0.107291760831968 -0.0792561206553729 -0.0299280410488007 0.140301803147531
-0.062328282771877 -0.1187970845198 -0.058490319512016 0.155981230407593
-0.0337682847504096 -0.111190420286416 -0.110279077736263 0.120655411061669
-0.00448944007830853 -0.189701092898466 -0.169391066720082 0.0376419279184359
0.252161947587737 -0.186991254739506 -0.158810251184888 -0.191012522470818
0.25546246878053 0.137834814273177 0.167226299068278 -0.272655627429604
0.219321880925995 0.153614623565175 0.480640223178521 0.0477178991217773
0.252018653528329 0.318148823367299 0.286713668177848 0.447551112701491
0.456875404568642 0.262497818683629 -0.0403693673758622 -0.000951225301906765
0.389035185619398 -0.0609958296197683 -0.246905800112052 0.14393113769602
0.206921983260222 -0.148749276626349 0.075416607452391 0.3667223948836
0.0838630195000758 -0.301182724256084 0.317286455767382 -0.076128973233429
-0.184216327043036 -0.20873141117566 0.00567255148746915 -0.208258930040668
-0.154780670092173 -0.0552462567665392 -0.115207864822867 -0.0907642193022382
-0.0920662314838573 -0.0663536618220778 -0.117569919139849 0.0363055107201841
-0.086633772468952 -0.119307562569535 -0.0672918335995639 0.0957067638505415
-0.0541772747756848 -0.147819768153265 -0.0710862013851931 0.105879365061733
-0.0306355778284047 -0.126502813168846 -0.0992049260922625 0.0886645975281114
-0.0140108375470716 -0.205927278044586 -0.145681407698542 0.0500573598407736
0.225522227033515 -0.210578424808829 -0.204696211579646 -0.113462736436855
0.278026672391118 0.038774705195527 0.000970558153410971 -0.32581931090053
0.286699557718846 0.106266835087187 0.456243394914206 -0.124211451787432
0.384511486582783 0.304242792438395 0.21951232247868 0.31739452200058
0.446856866408807 0.361834689070538 -0.165227999690921 -0.130027628582765
0.441524939536877 0.0309459320512989 -0.300873071530967 0.0351106028512523
0.231691627268961 -0.148520185706467 -0.0960689328684553 0.34051121434979
0.0739688777688051 -0.253048755382534 0.280600940387479 0.0394416355457129
-0.127906599084523 -0.136342196916664 0.0452823277644057 -0.197702739727953
-0.0544227585813927 -0.0413341364536039 -0.112746859531455 -0.113253756468624
-0.0257649845483653 -0.0993745828355958 -0.129749256340443 -0.00755377447620663
-0.0540770831512066 -0.140833424738716 -0.0950776405864964 0.0368878432821069
-0.0418495168531869 -0.146122649960874 -0.0875784096034001 0.050792720818345
-0.0322569315461772 -0.113240372619076 -0.105627347635685 0.0487537950364352
-0.0325956949748753 -0.175137403710776 -0.124322695170618 0.0172568507824488
0.135076803483689 -0.187631071009807 -0.171652705718795 -0.0437641414618603
0.217572315900048 -0.087764674541044 -0.13765369061851 -0.290528745939987
0.306481513404007 0.0126742595775719 0.372446729300503 -0.212346093318998
0.469276157791458 0.236532578840666 0.0845627710342688 0.19045644243187
0.394353422583936 0.368227074995575 -0.227735479552125 -0.286832034339785
0.39124918759645 0.0388574927886397 -0.289686438863737 -0.133986180020185
0.158864003142312 -0.114824398565172 -0.268608357310576 0.224548005950142
0.0373807729754538 -0.149372924196433 0.166480050961806 0.137293808557092
-0.0556432462437429 -0.03639816218186 0.0804818069150046 -0.125399745892306
0.0430865679287233 -0.0213774121625716 -0.0613681704216765 -0.1200441267556
0.0374079040631058 -0.11510137627964 -0.10750009725189 -0.0646807458834944
-0.0140563215430136 -0.139182177910676 -0.107200389093528 -0.0289234887994171
-0.0152346291581998 -0.122814757966902 -0.104575601917156 0.00626097716416979
-0.0126538950290411 -0.0744323354605854 -0.128883770565336 0.0160960362565083
-0.030755309019625 -0.091288408854875 -0.118137057133925 -0.0401233523478165
0.0112191086897866 -0.109220300695851 -0.10357382890789 -0.00690069016887891
0.1126723833958 -0.168912908686098 -0.202424093790637 -0.224055209671896
0.248373183106565 -0.0880790169661456 0.266334360818767 -0.193639718734042
0.486090718574675 0.152308261741673 -0.0902954437690623 0.0909075214242891
0.320980275429709 0.25323395390077 -0.24098218276611 -0.42979236265598
0.238434333955139 -0.0407495249666433 -0.257547976096391 -0.312251491879661
0.046380788105562 -0.0620293826996483 -0.392501811677605 0.0898230668111348
-0.0211087588818681 -0.0480777370920761 0.0322221134669743 0.196303930411701
0.00603737768988223 0.052326050631153 0.108262125559756 -0.036621282126682
0.102038712322417 -0.00264902222847192 0.0122857554261511 -0.115735885816859
0.0779794780988018 -0.103383443660377 -0.0630690311876254 -0.122950019645809
0.027680332583112 -0.115674310299089 -0.103363771442018 -0.089912539821478
0.028061187801338 -0.0937965496110944 -0.110979519669094 -0.0246310223719394
0.0425170172877691 -0.0348493642410769 -0.153078286397937 0.00350407397735007
0.00589480613145329 0.0208703732528221 -0.120199042880875 -0.0816808573603993
-0.0853922710160278 -0.00646652255787922 -0.0608844782851035 0.0115580956319681
0.00357492606070651 -0.160557976974905 -0.199105330281527 -0.179879602945087
0.149203036424788 -0.164048010602932 0.156974404076179 -0.108149625519386
0.418322496794736 0.0904392658609064 -0.254650667322928 0.0207006661641255
-0.268442684499915 -0.084825681716879 0.337675366996264 0.0492536805485913
-0.0959507166556992 0.183182303294716 -0.0483355081703714 0.0538507929198556
0.0902866892962849 0.105646097669354 0.162107510805038 0.158111076286397
0.116639425081971 -0.0882045715105508 0.0608489890922366 -0.0474282218453996
-0.0732082906785546 -0.113607437786277 0.0878560035342651 0.0749313362399419
-0.122166730448412 -0.00702464344395155 0.138604778395334 -0.00431767259657585
-0.0911081246914693 0.0768300830139797 0.086915340946917 0.0406585402437769
-0.0687517986594743 0.0877010237758707 0.0923881634732398 0.135177048910518
-0.0893893119085238 0.0588398880081782 0.0231692950429147 0.171046757910377
-0.11822139789528 -0.0158879220364653 -0.0753958381607966 0.127905252122114
-0.0339308379942138 -0.114090087967364 -0.132475910386035 -0.0214498788809888
0.0996282715715437 -0.0400105352981901 0.0268047453287255 -0.227848793225772
0.0258791451284751 0.0612100223543186 0.438119242120237 -0.0543222240979782
-0.0359486291276408 0.115665802471117 0.290940091883341 0.421044945762541
-0.204192470068846 -0.0642338806975328 0.254566144678181 0.543635057077209
-0.0543190865859214 -0.0593905064737696 0.352198294505416 0.0857591006440373
-0.0474567823543506 0.10552244387307 -0.00669659189891493 0.0781691573305527
0.154480188826736 0.0711726132607195 0.192969766024784 0.162069688835047
0.127092803308419 -0.183157919784739 0.102123876259415 -0.109678372061201
-0.141417172468691 -0.189076396308553 0.0467665521422027 0.0241526586441482
-0.195530203970776 -0.0313205363443156 0.0941589731141866 -0.0127602696255271
-0.135013468086108 0.0498787661599024 0.0480587194584853 0.0531963645133506
-0.0966498711288602 0.0341512627868494 0.0558467677067468 0.159825149893756
-0.0847846338461577 -0.00119214573574047 -0.016208085911488 0.192635532082687
-0.0935884044511528 -0.0428064041334152 -0.113348490617518 0.134404407072042
-0.0375852883507183 -0.139738305602756 -0.156709027502985 -0.0302113141009234
0.17039915269976 -0.0980395985656827 0.019496043035829 -0.239996896515438
0.0818576854718971 0.115275694744193 0.390210381254316 -0.0750966085875354
0.0866158499808252 0.134137623175695 0.365163829915457 0.382818215348461
-0.0592695788664064 0.124163232790558 0.271117476325228 0.578489073589992
0.185435621736793 0.001000504932905 0.271783354424568 0.101699195390369
0.0656380982211768 -0.0431003245965154 -0.0526482204350612 0.139588044366478
0.141325202232986 0.0119411142581085 0.22634042244641 0.227807371870796
0.119692880965315 -0.247908008171114 0.187457242282001 -0.163773942680855
-0.189082216740893 -0.232172207449743 0.000283040704773053 -0.0637289160803971
-0.236122702338643 -0.0476260564192605 0.0165023902799371 -0.0276681542648674
-0.156061059864423 0.0180648423690209 -0.0104479061546417 0.0615697645644191
-0.1106887990484 -0.0245183324786132 0.0142559617310041 0.160738347139584
-0.0727297893732694 -0.0644932543264605 -0.0406253867825981 0.187997899660758
-0.0566453206280115 -0.0788327825278795 -0.120889966838908 0.133713425304052
-0.0187425971829267 -0.16096261219642 -0.171008841442427 -0.000458890865580091
0.222918049051248 -0.145681361772543 -0.0609327019146567 -0.233484628145049
0.171031860175632 0.161239187838805 0.300723700866675 -0.160505161725406
0.15338258343927 0.150291864889378 0.439518233507226 0.238067016200242
0.0964133884754678 0.257983246367601 0.293960242813402 0.539533120091902
0.370817433782849 0.117593535091157 0.122077257422789 0.0771230601923086
0.243807347232058 -0.116643798635146 -0.149015352614284 0.172594062484464
0.148354817070247 -0.0877083127584988 0.189836316273735 0.316371744336565
0.0956687403120868 -0.28805566888871 0.274765651370288 -0.153278427113454
-0.204298991498026 -0.23781065842793 -0.0159001794123377 -0.155358114300584
-0.222387350992821 -0.057277744865104 -0.0654369524591505 -0.0567559189307907
-0.140154312731156 -0.0216731484066005 -0.0721196852377166 0.0589671944379857
-0.107908080341602 -0.0768856720648197 -0.0289267964267695 0.138785355858598
-0.0635170746649515 -0.118481010780531 -0.0572032409028483 0.155310820611271
-0.0328259244394337 -0.112234447980361 -0.109576377132295 0.120234386173301
-0.00563395541467707 -0.189508827323636 -0.166579382199607 0.0384228663518309
0.249813701243166 -0.187226061724361 -0.157755272764013 -0.1889060227064
0.254680088974477 0.137390831332134 0.165899065961139 -0.270921918826986
0.218968597886068 0.152783729337206 0.477557498134939 0.0469044368111053
0.252029049065633 0.316336788234415 0.287125907949113 0.44328700333707
0.45390863373859 0.260012129452643 -0.0406345140529079 -0.00040696912140369
0.38714417440285 -0.0611529780655557 -0.246575042645977 0.143654785023883
0.205430613816661 -0.147762459272845 0.0765570901646619 0.363546576559924
0.0829541162999628 -0.299910766530818 0.314979848474308 -0.0759041462338401
-0.183776486841699 -0.207300282150039 0.00477876662541569 -0.206806704874209
-0.155629060309238 -0.0545536188610136 -0.115380013867512 -0.0897462793838882
-0.0927638806773631 -0.0662553130923138 -0.116986122144599 0.0371583538082949
-0.0878816659074838 -0.118042691200382 -0.0664043645486385 0.0962958980311854
-0.0553690015105454 -0.145773461336191 -0.0703553429394235 0.105658895858895
-0.0313188954550137 -0.125754589914073 -0.0985260698001754 0.0881251078447111
-0.0155427825160539 -0.20440971070698 -0.14310480414893 0.0501128896145595
0.223859014644978 -0.210706559629169 -0.203942840494764 -0.111944837268269
0.278442784841241 0.037493284635804 -0.000356773783871252 -0.324038345518431
0.285347639504207 0.105214049575948 0.453653944201285 -0.124656725140477
0.381304441776561 0.30143427979064 0.219175116639975 0.314791509151736
0.447138943159105 0.361099831020761 -0.164389526364552 -0.128653274641947
0.437035432146526 0.0283062715045665 -0.299829084308021 0.0353669589720039
0.229023589532423 -0.147613858533929 -0.0963195941533223 0.340101521743176
0.0708339670798218 -0.250291845291249 0.277893502285086 0.0369925813260978
-0.12773028732778 -0.136041825810708 0.0428716185513458 -0.196183467793407
-0.0547205020873297 -0.0411981804686226 -0.113142410920378 -0.112274888105614
-0.0255295507347274 -0.0998360885150894 -0.12921890840557 -0.00681539169489824
-0.0551076657589998 -0.140127450445532 -0.0944686278894302 0.036749598108348
-0.0424602539547217 -0.144529582244986 -0.0874310261985176 0.0519904183190021
-0.0333987987559974 -0.110697307638616 -0.105011485342957 0.0477117245669385
-0.0328733264129063 -0.174630958023758 -0.122357631027882 0.0188595058220088
0.133096092146909 -0.18690657145367 -0.169772522984443 -0.0417826483002754
0.217272778440168 -0.0882099596660161 -0.13882514051631 -0.287463590676689
0.304766127758002 0.0128779429276306 0.36883072194201 -0.213045268705698
0.468199188155959 0.233718542572845 0.0846801508602834 0.189541667017681
0.393386464025068 0.366807766818462 -0.226785570497972 -0.283779582433576
0.389144642135048 0.0369443834508532 -0.289222203093334 -0.133713233978243
0.158344533326356 -0.114597100919634 -0.26606613403469 0.22544734280115
0.0360239126756171 -0.148542492733429 0.165935067142489 0.136525928123896
-0.0555842427649437 -0.0359167916792574 0.0799063983991883 -0.125596350686269
0.0425091313894976 -0.0217532634029738 -0.0619997781719454 -0.118751515392662
0.0364694049369791 -0.114675943949813 -0.106179996668418 -0.0635662664092929
-0.0144940374061668 -0.138216552409962 -0.107578780791563 -0.028939635885925
-0.0159237373252295 -0.122404350466066 -0.104690750668973 0.00614390888785001
-0.0132133871869248 -0.0745705391835146 -0.128286581672931 0.0160288567706116
-0.0313062541692943 -0.0913104187494315 -0.116891437066098 -0.0388813421589017
0.0101270525245401 -0.108602657038933 -0.102659141909021 -0.00525790430668388
0.112097741406783 -0.168670891714243 -0.201788675823492 -0.222138515946647
0.246259151336518 -0.0872231751833839 0.26393826149349 -0.194015174064762
0.482382100964613 0.150715838855325 -0.0897192474670915 0.0913364930465471
0.32045035653293 0.252122444905778 -0.24141545630422 -0.430543172961286
0.236117349903163 -0.0419516550458415 -0.256713002391245 -0.310411578493959
0.0460151245994637 -0.0625838536078613 -0.384363539302596 0.0935288063041956
-0.0211282481098808 -0.047578481610194 0.032386489857947 0.194688678017358
0.00571062162868649 0.0525830984988855 0.105774699578988 -0.0374027655448766
0.102196729373511 -0.00262991772240987 0.0121138238133006 -0.114892034111816
0.0789964635385298 -0.104235822635126 -0.0644391551837008 -0.122275821057887
0.0265040408883134 -0.115262726798476 -0.104249807205317 -0.0880628855204927
0.027630393410003 -0.0927435503584172 -0.111028370832017 -0.0240461969684522
0.0411836194777653 -0.0341702620684088 -0.152563730873246 0.00479336885669904
0.00599850925588603 0.0212018559911295 -0.120021863441702 -0.0805817328428889
-0.0855943655778201 -0.00642697256206442 -0.060130973401285 0.0120124311005503
0.00309540648041857 -0.161057512552527 -0.199618708288235 -0.180011102892167
0.147862418457669 -0.16343872657398 0.156120506931104 -0.108459334647265
0.415882178205153 0.0882002950703592 -0.253592973296285 0.0204457760370671
-0.267403021891765 -0.0836625455315076 0.336012991207543 0.0475786550680562
-0.0959319581000829 0.182488534537943 -0.0483858435338944 0.0533322003618063
0.0900356632038924 0.105534989557397 0.163134391518808 0.157477757165408
0.115206693540048 -0.0878855619304914 0.0611240779479907 -0.048702912497749
-0.0720252429870654 -0.112595364654239 0.0873778882989131 0.074022652948641
-0.121532099943621 -0.00598194135716848 0.137564526176967 -0.00501475317197081
-0.091008075062299 0.0765112237651594 0.0873306507453641 0.0403179363987087
-0.0679608025772729 0.0876563530695692 0.0924748388978017 0.133248294377352
-0.0893374680800093 0.0595209096342271 0.0237511796267985 0.170045242511511
-0.118105844461739 -0.0149617700943028 -0.0742987306923264 0.127046351709052
-0.0338176362466989 -0.112847826866956 -0.130487933458132 -0.0205086837209043
0.0989304068684026 -0.0401699282351614 0.0272628512469229 -0.226840808173673
0.0257702282721488 0.0612590466380649 0.436357561849851 -0.0562855590019932
-0.0362420341379719 0.11501094844222 0.290402603508342 0.418446795440222
-0.203948073343162 -0.064092003300125 0.251630299590787 0.538132457042336
-0.053708671957667 -0.0597027040717005 0.351112208176052 0.0839365997916014
-0.0467825564614382 0.104934493325201 -0.00663320612948162 0.0779093445164178
0.153101948026126 0.0707284726905155 0.19347291414853 0.159457979851247
0.126383859425997 -0.183779472043758 0.101038926507904 -0.110173426899297
-0.141403484959535 -0.188181801721054 0.0463530086397914 0.0233253272161701
-0.195511454455734 -0.0304471662375795 0.0935132917987282 -0.0123713431315411
-0.134871179880267 0.0503888028092431 0.0486046724121703 0.0524743643250061
-0.0963936192003312 0.0344704096409381 0.0578255002031453 0.158068644216689
-0.0850368780264683 -0.000788168017201091 -0.0149139992718547 0.192374474633705
-0.0931793570452716 -0.0423343171222914 -0.11199949489505 0.132884504421231
-0.0382243741379993 -0.13937140780981 -0.155033946693123 -0.0287020737524431
0.169447465747202 -0.0975738668718366 0.0182732321368919 -0.236696407495025
0.0808744065760839 0.115198587685339 0.388795349487938 -0.076100860410907
0.0870433152268213 0.133092368378494 0.36332631838963 0.379361065243118
-0.0595640425180831 0.123352613301473 0.271633211319422 0.577181146226331
0.183831781710141 0.000389713331462591 0.269639772135688 0.100850639146847
0.0649950956129969 -0.0435834993904368 -0.0530772851967993 0.138887779084378
0.140717293054123 0.0110038053654791 0.226543471412208 0.226725013418612
0.118289363205818 -0.247270294298477 0.186146244747502 -0.163976873461142
-0.188243123503436 -0.229986794718826 0.00030201883672998 -0.0636439799649572
-0.235730091505139 -0.0465954063923654 0.0161425024976857 -0.027922701841798
-0.15536143519769 0.0188656476263349 -0.00946435469660921 0.0614598000144406
-0.110784466428778 -0.0233996483348179 0.0149620230195435 0.159361102870671
-0.0737696024960977 -0.0644140516423664 -0.0403556469357584 0.187632252363631
-0.0573921703657161 -0.0776257912367564 -0.118702721707196 0.13329141285461
-0.0197271159355953 -0.161141811501857 -0.170214429679893 -1.02624392928299E-05
0.220941270686225 -0.145853663328756 -0.0607291481023283 -0.231866710594202
0.171030436988622 0.160414955112294 0.298461307820307 -0.159806154367998
0.15305838254928 0.149107156545978 0.437607604617095 0.235098758773605
0.0970761302583254 0.255349970096576 0.293054771429061 0.536966650065149
0.368481509823051 0.115186936202525 0.121038191142198 0.0768281514757562
0.242665217552538 -0.115912611114281 -0.147682502359314 0.172035332893738
0.147544446593646 -0.0879971637780016 0.189350144723624 0.311157500132004
0.092103586619858 -0.287229538232956 0.271127409188921 -0.153970641152909
-0.204037253888991 -0.236209301068789 -0.0159376308623806 -0.153799774793129
-0.221644701834633 -0.0556508589763118 -0.064083904023723 -0.055399382782887
-0.140858450778128 -0.0215117890486335 -0.0712581717491856 0.0590471391261155
-0.108032986958628 -0.0763784404447227 -0.0275583471079092 0.138646210770698
-0.0641526477365394 -0.116579010489052 -0.055995637057479 0.155190089102354
-0.033774689039762 -0.111630398563404 -0.108736088222445 0.119633718290461
-0.00692886000293039 -0.188788454186361 -0.165768683747624 0.0385363073004023
0.24634425912029 -0.187747134914893 -0.157976246462177 -0.186810695665826
0.2546529828549 0.135073376494859 0.165385808283964 -0.270441298369706
0.217655800578207 0.152280999333214 0.476656070143544 0.0450183251258737
0.250732122565699 0.312861761660146 0.2858884995505 0.440119722288767
0.453837738884852 0.257489413015589 -0.0398298242768401 -0.000135863927000058
0.383466326646931 -0.0616633620948881 -0.243098242975269 0.143165562786329
0.203612654876984 -0.148560454999068 0.0773856983656677 0.362543863577127
0.0797277611155955 -0.299342079200589 0.31211522887011 -0.076263013638541
-0.183331069472759 -0.205097411668746 0.00411462963581687 -0.206655783037829
-0.15561091927518 -0.0531332512342737 -0.114242446358528 -0.0879741070742289
-0.0931310545192925 -0.0650797922548476 -0.115817358930186 0.0372136061323118
-0.0884411472209097 -0.115874678429627 -0.0658153920200801 0.0957082027975951
-0.0569740009765357 -0.14440076881855 -0.0690349474208943 0.105004436538579
-0.0328845838607464 -0.125547547456729 -0.0979764278001131 0.0873508792631061
-0.0158216372765499 -0.203434492267112 -0.142272521805806 0.0495861433536145
0.221478530582239 -0.210782539584961 -0.202164665500606 -0.109162507867422
0.276892483584679 0.0356757809577502 -0.00282502927815132 -0.321136676695125
0.283915130002216 0.104217091483724 0.450871473998993 -0.127215949576293
0.381617839613932 0.299611885037175 0.219405909055691 0.312318711202783
0.445352580740488 0.35933701318506 -0.16465229764343 -0.128250386941552
0.43475263324947 0.0268910290306663 -0.297539762561038 0.0366091498553583
0.228411505515061 -0.147427674052399 -0.0929045457963355 0.335574419779367
0.0690096227874588 -0.250474203715304 0.2764593107204 0.0349602157865798
-0.12792001189155 -0.134416637603374 0.041900089448002 -0.195199793259113
-0.0551293297228294 -0.039869691209196 -0.112738587434298 -0.111769716300209
-0.0255301062107766 -0.10004559813318 -0.128479760692276 -0.00619928051827957
-0.0557448972047468 -0.138605097348795 -0.0934303401214111 0.0365595832471015
-0.0436418507333375 -0.143778934615772 -0.0870311929874486 0.0514386921108442
-0.0354678085483532 -0.10829167033032 -0.10430514779989 0.0482593716412356
-0.0347043154724222 -0.173329242061669 -0.120716091209036 0.0183498180343616
0.129965629573836 -0.187158926817628 -0.170133712572365 -0.0404262198011669
0.215105574183901 -0.0900211608208136 -0.139165998856251 -0.287362189422555
0.304096816727762 0.0117897385795786 0.367125419730074 -0.213168605452408
0.464852173066711 0.23148491698124 0.0851011089852444 0.188796009762246
0.392093145068697 0.364217528505271 -0.226831859919502 -0.282028158605073
0.388279218613495 0.0350321918829205 -0.288325274943769 -0.131080307547406
0.156654741446794 -0.113832891982289 -0.264415069028718 0.223130631180378
0.0354276987834792 -0.148551025549904 0.165004732902416 0.135493629649518
-0.055652831987791 -0.0364153521956252 0.0782244453292206 -0.124905632436285
0.0417998593627554 -0.0219499538258288 -0.0622677036323613 -0.117643615786571
0.0359215047235353 -0.114717835627721 -0.107062910156664 -0.0625259202598697
-0.0156534496231262 -0.137963695198082 -0.108039451948824 -0.0275278445611401
-0.0168202183008777 -0.121453515822067 -0.104928519393259 0.00616743275536684
-0.0141581059001443 -0.0737091317227009 -0.128533379131073 0.0166930705993413
-0.0317405211970776 -0.0896828035601183 -0.115824593196572 -0.0381692163331861
0.00980170283876709 -0.108602856318689 -0.102280217623515 -0.00504706409938153
0.110523468958899 -0.168370220537456 -0.202522355947767 -0.220422899404328
0.245884180547313 -0.0873099481146253 0.262081190153122 -0.193405477539116
0.48081534380314 0.148632662870341 -0.089266173379941 0.0910611639263405
0.319326514973067 0.251330557660785 -0.239942337965848 -0.427316975664334
0.234114945862836 -0.0417584004580275 -0.257050506738965 -0.307823709188124
0.0456190574145989 -0.0625284002099149 -0.380412808102305 0.0937941509611802
-0.0214869953457589 -0.0479541248439596 0.0339843289313786 0.192602728592579
0.00592340897828005 0.0518863422418581 0.105247338205574 -0.0373945966581686
0.101274551711891 -0.00323022390879636 0.0123991766409609 -0.114985597818962
0.0778111303968637 -0.103938983457423 -0.0644278056307079 -0.120879257010839
0.0260194275068019 -0.114771429443575 -0.103730673708778 -0.088294697244824
0.0274720680470443 -0.093171985349677 -0.110785984490218 -0.023002687580226
0.0409437973081401 -0.0333564139636164 -0.150581099162491 0.00604434108098874
0.00593654421605207 0.0212482654518916 -0.118855776826076 -0.079192562769118
-0.0855999188696281 -0.00591114646500147 -0.0603947327389076 0.0132866005987051
0.00179345145162601 -0.159012676699146 -0.199709183349314 -0.177691982044094
0.145589330014757 -0.162195706772264 0.155901364716294 -0.10842198881581
0.413514458947897 0.0871152663030489 -0.252193134777625 0.0212793420450665
-0.266498061278833 -0.0835827074580784 0.334554215375935 0.0468560624692385
-0.0946275282714588 0.181747558005677 -0.0472920624708309 0.0542013609005828
0.0903372193502286 0.104557861393952 0.162823092807849 0.156129264146474
0.11450878337977 -0.0883965009073086 0.0616023087634866 -0.0485452095144702
-0.0728150864300259 -0.111457511839896 0.0882150212465538 0.0733330128662509
-0.121001239394848 -0.00558919321824699 0.137126284530687 -0.00553311172267326
-0.089619618257245 0.0768049311026875 0.0873478630300074 0.0402719331031259
-0.0671594255836229 0.0869797882111862 0.0932852594579009 0.132832387252966
-0.0890603342713249 0.0587757804674259 0.025711280969553 0.169608485261398
-0.117498181001526 -0.0147251632333849 -0.0727096267223165 0.126944376262079
-0.0343040715623217 -0.113236181733233 -0.129289758071796 -0.0200052572558536
0.0983727941001317 -0.041041361330284 0.0277920126092665 -0.224755539121607
0.0258113249382256 0.0607505995675532 0.433546527612079 -0.0548338738650131
-0.036093810756193 0.114118849515624 0.288825599868269 0.415609497776877
-0.202971002702295 -0.0632348967775351 0.252409657192384 0.536089090256381
-0.0541313968556983 -0.0595279548652644 0.349284244272641 0.0835532266368448
-0.0458505047581682 0.103890855168727 -0.00664056303568437 0.0771520560854325
0.152806739850526 0.0706278710920798 0.193323564682941 0.158155186250544
0.124673163334114 -0.183528635215528 0.101242642217649 -0.110136399350603
-0.14073144997961 -0.1875590917235 0.0461225815538737 0.02363989612302
-0.194252127848399 -0.0299041295735353 0.093805012874354 -0.0113871198270233
-0.134645970342034 0.0507186991647588 0.0486146285215476 0.0533699062949411
-0.095601938035239 0.0344305577805158 0.0584623235484179 0.157859196687915
-0.0845448012067447 -0.00042016865347821 -0.0138842702813078 0.191419626079878
-0.0931291393983821 -0.0417828331265021 -0.111082563275991 0.133327190337688
-0.0382799833576899 -0.139139612479224 -0.153695081755587 -0.0292576601953255
0.168175151637551 -0.098793170758831 0.0182488909751152 -0.235355209094401
0.0813444928978619 0.114085822497916 0.386191638905069 -0.0758476405502134
0.0857916792738746 0.133230885351423 0.363180990403914 0.376887904757656
-0.0588298306918362 0.123037929947458 0.271267420177146 0.571138984967852
0.182844492167564 -0.000404516234151747 0.269811752201612 0.100150816814151
0.064007586632423 -0.043471634257475 -0.0522819790535652 0.138849378219838
0.140134475190162 0.00992978081648368 0.226956985167865 0.225221781205933
0.116379140661872 -0.247035248821573 0.184465286843888 -0.16390204253048
-0.188779604662274 -0.229033984236807 -3.83743011632915E-05 -0.0627436503610149
-0.235317955102916 -0.0458227969028445 0.0165259424231995 -0.0277593317380539
-0.154738110313913 0.0192915361960341 -0.00906298786357273 0.0612068091832786
-0.110413613879402 -0.0229071853432393 0.0155896741173263 0.158683389255105
-0.0736217324270784 -0.0640603007798701 -0.0397926583753988 0.185897524483485
-0.0579781514173497 -0.0773393819659678 -0.117400358107394 0.132575484217955
-0.0200360313958971 -0.160509389544495 -0.168013493708184 0.00121881756741233
0.22016269518467 -0.146824008680823 -0.0604910723269327 -0.230128406799516
0.170591900636752 0.158308717844768 0.297022790985147 -0.160511015086002
0.151899109875017 0.148887867751058 0.437213266228743 0.233747978807907
0.0967492887073169 0.253855120584675 0.292336328869359 0.532953443860993
0.367240659989514 0.11530160540811 0.121334765683745 0.0762729075163691
0.240186231753606 -0.117121471647974 -0.146255235393192 0.171669270834631
0.14713006550841 -0.0883066617975077 0.190951739696059 0.307654816467573
0.0911410034753234 -0.285459421287027 0.26809729504417 -0.154172065998426
-0.204072834872576 -0.232812759374511 -0.018061028136936 -0.152642246974725
-0.221621708831363 -0.0543301337596009 -0.0639702275781004 -0.0547472055618827
-0.141005433107235 -0.021792268570137 -0.0705626167548236 0.059733670882719
-0.107741759905273 -0.0760583740063536 -0.0276319526917406 0.137645120976739
-0.0654791178919936 -0.116403247186689 -0.0549885304929458 0.154048411243273
-0.0359149164239537 -0.1107941346972 -0.107963180465049 0.117993992722688
-0.00735915488085455 -0.189445201100647 -0.164444905584687 0.0388556063453698
0.246014019603153 -0.187646010895589 -0.157453943023179 -0.184744304136501
0.253916763575361 0.132957298271205 0.161688161654672 -0.268420908766131
0.217365036420937 0.151101693225571 0.473833877497183 0.0435731932222947
0.249075721440708 0.311705791827104 0.284996914014988 0.436631791894563
0.45000461352415 0.255784279124669 -0.0398454795759361 0.000254958544746907
0.381597121004697 -0.0623784898722658 -0.242216182517896 0.142922659987947
0.203721339978887 -0.148234001853167 0.0781670309128217 0.359783883809016
0.0777073774789409 -0.298328024660565 0.309173284745068 -0.0777332962218464
-0.184075061008782 -0.204120781409257 0.00214006857030005 -0.204007730468544
-0.154840568496285 -0.0520492875579848 -0.114447702946026 -0.0868950008577704
-0.0929677894084458 -0.064171842684803 -0.114991470394279 0.0373416628957561
-0.0886892056057027 -0.115468559093564 -0.0645198750912789 0.0949998700571336
-0.0574050090157364 -0.14327028724281 -0.0691350463739441 0.104682776625599
-0.0336283223983558 -0.1247598164974 -0.0978491967711612 0.0876167722940743
-0.0166261254282942 -0.20250583437539 -0.140664611678358 0.0503237918679999
0.219680861952303 -0.21142115925513 -0.20120738959325 -0.107451933229907
0.275186877046105 0.0352358317002805 -0.00382867022350615 -0.319009369292176
0.283486996986994 0.104423089041219 0.448404096249159 -0.126169400913038
0.378529585973298 0.298213364389152 0.21800144675887 0.311088978620732
0.440634077118127 0.354066191661175 -0.162959690019088 -0.127206248781338
0.434600327542308 0.0266124437347338 -0.295427863348449 0.0369595453643486
0.227533531546406 -0.14748032050941 -0.0890485270108145 0.332963686788098
0.0693228461955607 -0.250274024180042 0.27624910332458 0.0338110171176095
-0.128954471092167 -0.133675322376869 0.0412839001836189 -0.194275913576563
-0.054878309253906 -0.0404280412214961 -0.112298819710051 -0.110393725856613
-0.0278820344473472 -0.0989588919001393 -0.12818655841226 -0.00523551254307885
-0.0561512236645367 -0.137417996542173 -0.0935189559163896 0.0367704070842793
-0.0440571776981736 -0.141990638889512 -0.0869491927190634 0.0514644078794471
-0.0339908473366126 -0.110156087847583 -0.103875915278552 0.0478638843743715
-0.035177276473658 -0.171547381302277 -0.119578593386616 0.0184277057393854
0.128888202606586 -0.186529406622864 -0.168875334542729 -0.0390348398232951
0.213288647760358 -0.0901708053779574 -0.139345838355689 -0.286053589999702
0.30194335791892 0.0116032011286871 0.365761323586645 -0.213835863693775
0.463052057587381 0.229372145419172 0.0854286567090333 0.187746719085857
0.390209559065487 0.360351401766343 -0.224375866799145 -0.279514949566284
0.385351396256371 0.0352723062981461 -0.285770293427456 -0.130548609139517
0.156033387847331 -0.115381109965848 -0.26222746642118 0.223320952137945
0.0340421518335192 -0.147807113572739 0.163521456098815 0.133315808748611
-0.0562482119237291 -0.0355320613018121 0.0764160300895094 -0.124425237995975
0.0411512949417111 -0.0207480495139293 -0.063066574371546 -0.116597869205878
0.0343382211715043 -0.113636976346946 -0.106674080808864 -0.0617871209612902
-0.0166285545631521 -0.136536760057561 -0.107681218751982 -0.0279292402017537
-0.0172009205768842 -0.120099635903644 -0.104663720122009 0.00703287191768959
-0.0136825320512278 -0.0725588784043411 -0.12810540651647 0.0168596964277327
-0.031999150377956 -0.0897543147724461 -0.115508765101129 -0.0380406131784077
0.00866727914297298 -0.108256704255769 -0.102094111064134 -0.00370761751742635
0.110502495206932 -0.168036241749958 -0.202678040685276 -0.219378558555097
0.243971047458712 -0.0876642272851327 0.260693719637501 -0.192890082285523
0.477839673757785 0.146307131804501 -0.0873528796692435 0.0906204256241192
0.317508551569743 0.247071734290764 -0.240510140339754 -0.422033410752695
0.232758146955048 -0.0427167158033113 -0.256422473899927 -0.305412831686148
0.044889314990162 -0.0630043901449767 -0.383875162299179 0.0912598908756908
-0.0214920341773659 -0.0472852098658249 0.0334459210383533 0.191013980205314
0.00599321606541442 0.0511929491203341 0.104130889442534 -0.0378121628329892
0.100010213887959 -0.00298376416413182 0.011258298520156 -0.113277829438505
0.0747594126702388 -0.102339498499266 -0.0649644311766061 -0.120313128368632
0.0251338724854255 -0.113613688366811 -0.104343286574855 -0.0868802450342042
0.02594684959848 -0.0917024706460984 -0.111121048153864 -0.0228074980843801
0.0413815760222908 -0.0346431639993035 -0.151112601235925 0.00541414447577835
0.00559438360652778 0.0209310872288934 -0.118502272618717 -0.07874885172723
-0.0854922075753428 -0.00536928710773172 -0.0598885102126103 0.0126022703005304
0.00162314016250371 -0.157986669496629 -0.200033671324569 -0.175796467969659
0.145599041779779 -0.161618716263976 0.154582526549466 -0.108694030315702
0.411775693479358 0.0860695012638689 -0.250231287902853 0.0227815590470721
-0.265347420905321 -0.0833462985659302 0.332074731798321 0.0462312191239955
-0.0940100939578444 0.180983736610925 -0.0467366994981858 0.0541901705088308
0.089367850131412 0.104081261504258 0.162844965603385 0.156183825495659
0.113828216436702 -0.0887906110868184 0.0610556117649035 -0.0488178150871647
-0.0730253462982481 -0.111484186853452 0.087346463133635 0.0726843260471696
-0.121029930526016 -0.00544752736692492 0.136047825612444 -0.00544611383852237
-0.0889904224716081 0.0768298966690826 0.0881838490362232 0.0400041464515782
-0.0661938792743103 0.0877206046420285 0.0942306072895797 0.130869656385181
-0.0884627012510493 0.059015095293145 0.0258322720482376 0.168379497156837
-0.117537590620987 -0.0145506519958469 -0.0716169037420405 0.127052443987745
-0.0345782318285402 -0.111987448979605 -0.128411940375443 -0.0193821262260542
0.0984526518602207 -0.0411594827225931 0.0273410671170463 -0.223963936444151
0.0260764050052611 0.0608597516587252 0.431800993745273 -0.0558493667691019
-0.0360666904698774 0.114173729953185 0.289009724699149 0.412678220920075
-0.201967614355983 -0.0628917941302004 0.251937176710009 0.533245895398317
-0.0531147724506648 -0.0594906096645011 0.347564105680401 0.0825204976370145
-0.0462126682619923 0.103290308915598 -0.00619100255881167 0.0774137776673034
0.151759536409502 0.069364144245485 0.19381331733136 0.158308598944562
0.124544382870082 -0.182568897615323 0.100636734172674 -0.11069200806551
-0.141255791865083 -0.186236985597511 0.0457437119202795 0.0229248432681726
-0.194222516707239 -0.0286236720954509 0.0938260227641292 -0.0120062018935048
-0.13400782378763 0.0511513625939533 0.0495044828892248 0.0524979679552637
-0.0951119343394162 0.0343724458542772 0.0590827961014902 0.156843944129138
-0.0851139037909332 -0.000692038404497929 -0.0131635648426645 0.19130724506389
-0.0935365308247324 -0.0418012779998578 -0.109288887344354 0.131839427439007
-0.0379468508978129 -0.138409906108658 -0.152232121482934 -0.0274828323671228
0.16706717255724 -0.0982419684341776 0.0181771735935234 -0.234182821404255
0.0815570398256972 0.113195892943541 0.385168711063745 -0.0757094550904201
0.0856202925412512 0.132238913345148 0.360500568408637 0.376912080252571
-0.0594336267806632 0.121776491131755 0.269774500955356 0.567412301577985
0.182838947620834 -0.0010365101813742 0.267251590978283 0.099764292358447
0.0640095826588583 -0.0440151705559173 -0.0511563858932689 0.138153695624098
0.140061071503131 0.0102002629565818 0.226274154935072 0.223712028984417
0.115551315810893 -0.24622601432598 0.18387142462686 -0.164076636792464
-0.188120569149196 -0.227003487687964 -0.000746670906367291 -0.0622781159388943
-0.234551259928204 -0.0453196103958478 0.016579614477206 -0.0274430301178131
-0.153988664654018 0.0196498625298106 -0.00850532787062335 0.0615623278980997
-0.110118157125222 -0.0218742145892884 0.0169099859599294 0.158520439494642
-0.0740262021910129 -0.0631045971400211 -0.038326211492446 0.185657697179404
-0.0580081442613557 -0.0773676601186547 -0.116816389942121 0.131599198790005
-0.020782859952687 -0.159871843840598 -0.166838576786626 0.000841945941537663
0.218299124955708 -0.146145875464658 -0.0607448866418507 -0.227535123347626
0.170240686899925 0.158377217981017 0.296736925226858 -0.159965379806115
0.150871080740078 0.148562103755811 0.432852932616056 0.232964239823792
0.0963286169151362 0.252002616885499 0.292867800556315 0.530985258325706
0.365890637862106 0.114258464645137 0.120326884385037 0.0759325211073938
0.238811457655068 -0.116980377427742 -0.145212278464884 0.171550297666147
0.145980253504584 -0.0876341554887695 0.190590732742077 0.307602414296888
0.0903639408260789 -0.284860603404007 0.268940528449166 -0.154192464739298
-0.204365353461632 -0.232524075118677 -0.0176811784012653 -0.151443431839239
-0.221129880705529 -0.0530633293109828 -0.0638075131705418 -0.054233126833625
-0.140094833356887 -0.0203872920752393 -0.0697889316656586 0.0593714697010183
-0.108126882537169 -0.0750154398260287 -0.0261001881660149 0.137447676506708
-0.0655163621152095 -0.116104096878525 -0.0544947727611202 0.153821193290443
-0.0366004013872511 -0.109776664097821 -0.106504534352187 0.117442829684751
-0.00809642096543307 -0.18880541985576 -0.162246333278445 0.0380134834727734
0.244517650165641 -0.187258818070654 -0.155772871210427 -0.182030302965583
0.252937990924104 0.13170835523726 0.159834887894026 -0.266403891764871
0.216548649056722 0.150028194795638 0.473029257132915 0.0434339418607315
0.248183307341377 0.309674670949045 0.284873134724884 0.436427536696767
0.44670667038151 0.252793344018657 -0.0396888725847693 -0.000186174935001823
0.379557227969666 -0.062958737563539 -0.241447666902024 0.143158542103155
0.202531084097087 -0.146749463538074 0.0782200374648863 0.357963259852394
0.0772608293099128 -0.297753845561527 0.307695071448261 -0.0784613415557685
-0.183777303222788 -0.202424146315095 0.00189834345963732 -0.202823828999207
-0.154940352547796 -0.0514021627338286 -0.114158268630073 -0.086614350871811
-0.0926837188845254 -0.0633147410626316 -0.114355826989931 0.0382743682143794
-0.0887224004979175 -0.114667966808426 -0.0635831240140615 0.094600153531341
-0.0580636549238452 -0.143063924234162 -0.0689285881976638 0.104317634756959
-0.033118107904765 -0.123948135550573 -0.0967783725361239 0.0867260517926126
-0.0170877058647456 -0.201741258384872 -0.139604819830209 0.0496873855799566
0.21806701011701 -0.21070406748923 -0.200277093941335 -0.106032375210358
0.274299541880355 0.0343088602896029 -0.00494210794765154 -0.317484663606455
0.281840250777407 0.103417155080099 0.447448759520689 -0.127510949105861
0.377857837762756 0.294638397633028 0.219039599731209 0.309946975548849
0.438621066224491 0.351559842914113 -0.162932536219946 -0.12549255578805
0.432548515450484 0.0263522931545221 -0.294429981343672 0.0373412312991337
0.226811822572477 -0.147894711218278 -0.0921727553865715 0.333970477415901
0.0685381545468337 -0.249356378822084 0.274499887160974 0.0345784203244155
-0.128471737986558 -0.132864260295868 0.0401285740866573 -0.193577367110266
-0.0554018675113609 -0.0399581522837969 -0.112724143464335 -0.108384125753632
-0.0279982044488955 -0.0961659111673663 -0.127117620440948 -0.00518862601445514
-0.0563119442142076 -0.136407965452807 -0.093987703537657 0.036641870460543
-0.0450757402607076 -0.141334790025037 -0.086785680839588 0.0511625777299006
-0.0338660187970825 -0.110278804265458 -0.103242215665884 0.047246385848355
-0.0353751675057192 -0.171094311010756 -0.118952423920333 0.0189766528985695
0.128923455891376 -0.186039382533725 -0.168143711852831 -0.0384283721557692
0.21356433144813 -0.0900619492539952 -0.139762713698658 -0.282713754841735
0.301135235759146 0.0116800255980372 0.362556380288613 -0.212716876593009
0.461386462414297 0.229980146147977 0.0849817391567507 0.185787102611814
0.387324821417523 0.35731806961888 -0.224436013757616 -0.278616363655916
0.383647568441629 0.0343793151282556 -0.284906244019191 -0.130327272782843
0.155533460238979 -0.114508232493116 -0.2604125185931 0.222075949983684
0.0331626343402753 -0.146796212498925 0.163687419775093 0.13263864190997
-0.0556981584193493 -0.0357987087884853 0.0760767718116924 -0.124146506677324
0.0413934201927975 -0.0216928711210493 -0.062767051727994 -0.115255072570857
0.0341631212887037 -0.113808944789111 -0.107451048050727 -0.0611652800461561
-0.0169443424429143 -0.13521728757958 -0.107581902661619 -0.0273665246629517
-0.0186290024928321 -0.119901119729702 -0.104379280033865 0.00730592257856496
-0.0145849796704006 -0.072378683115337 -0.127631158997242 0.0170600456187733
-0.032528227868261 -0.0890094691090483 -0.113954508288974 -0.0370340696240452
0.00794629900796428 -0.107421126446873 -0.101141489077632 -0.00260241198276252
0.109358872916475 -0.168145901231066 -0.202636404955689 -0.217218985241667
0.243856306037368 -0.0863222508984687 0.259409866181224 -0.192544575924097
0.476367226499496 0.145647360057655 -0.0873933825558956 0.0901413011732032
0.316147530382619 0.245142437209493 -0.237502191310437 -0.420586527121008
0.232318574848373 -0.0422047728157312 -0.253653591716632 -0.304460702951249
0.045375964073984 -0.0628421552915349 -0.381498772075191 0.0909770243922994
-0.0219298827078941 -0.0469415160206566 0.0319704660528853 0.190976151973243
0.00581562411471985 0.0511818616172074 0.102272660654829 -0.0380912732920844
0.0995936954642025 -0.00386712226651283 0.00912845875632074 -0.111937734370012
0.0750823933962844 -0.10246181117599 -0.0656670753369214 -0.119459329557907
0.0251288938512541 -0.113462040969803 -0.105500335330901 -0.0861570539982615
0.0259668547765244 -0.0911415894372563 -0.110810544449352 -0.0223216255185951
0.0411445859299785 -0.0341552303663782 -0.150534984420202 0.00554622593896272
0.00595155426573997 0.021290506884243 -0.118248084169979 -0.0779522053936281
-0.0856385472270943 -0.0055988927861854 -0.0598891641188388 0.0139099126782408
0.00145233212446716 -0.157282682314567 -0.199041146899049 -0.173312394157214
0.146338494671382 -0.161368598556174 0.153165243477977 -0.108581873763377
0.410695487289025 0.0863440581391244 -0.248052774360408 0.022607776914723
-0.264045459788532 -0.0837491315031186 0.331487586901605 0.0472808315538579
-0.0938039827361219 0.179661959895533 -0.0468653416510625 0.0539951956039468
0.0894483608073286 0.103698456122886 0.162786419604516 0.154857515799149
0.11338679930462 -0.088092274020913 0.0615164614059339 -0.0490948151424766
-0.0723405212927543 -0.110615091393003 0.0869234990210246 0.0720354522220398
-0.120094323721008 -0.00511864407938968 0.135033264376687 -0.00549285474884595
-0.0886403002844501 0.076739702657319 0.0881007679318243 0.0396496426144217
-0.0667577868341893 0.0855669147115228 0.0952263643827953 0.130758161204859
-0.0873994850595546 0.0583448020101772 0.0260891274104934 0.168271905897329
-0.117039009059684 -0.014245354536705 -0.0708182410775481 0.125650109080627
-0.0347853658969495 -0.112445746639634 -0.127247283151916 -0.0194618368866787
0.0980681991688429 -0.040611267432137 0.026497352465839 -0.222378371116201
0.0253204199370789 0.0603264322433123 0.430055072999729 -0.0549720969622086
-0.0363459713102458 0.113038923105987 0.28665055214104 0.41103782453559
-0.201838630686412 -0.0625337097116781 0.251074429424236 0.531963190427334
-0.0538471141828762 -0.0600429357617867 0.344563851696489 0.0818562042216907
-0.0456917493236148 0.103102168873701 -0.00612276439802192 0.0778607434838963
0.150695889542631 0.0684765400578751 0.193954016755998 0.158919521591417
0.123169521785558 -0.182713139998912 0.100266075420103 -0.110303663060499
-0.140486979948921 -0.185346544809175 0.0460120369040337 0.022462574755815
-0.194689391433984 -0.0289596387575142 0.0917183967761113 -0.0129751143292989
-0.133748679498545 0.0519194187586686 0.0500833330318183 0.0526792457926059
-0.0945302789762052 0.0343558614700944 0.0593885072997554 0.155492095431776
-0.0843827178553773 -0.000364051190433196 -0.012090800922274 0.189853434937832
-0.0939829245121662 -0.0415687506502194 -0.108650637379978 0.131629350216251
-0.0390677248400228 -0.138037034545883 -0.151771036978316 -0.0272844318696555
0.166374811499273 -0.0982616886799361 0.0181787308547809 -0.231941062402714
0.0812533610476003 0.112294334674707 0.382140263506552 -0.0745456858361234
0.0856330070772738 0.131564364384659 0.358868603776279 0.374677823636329
-0.0594303883101852 0.121321512812856 0.266788568059375 0.567169404435977
0.181124453620925 -0.00178898659604675 0.265581742686143 0.0985885486998484
0.0636833428524973 -0.0436501743714838 -0.0508569469569264 0.137750532713532
0.139673387498662 0.00958816696554833 0.226216280195399 0.22192239946912
0.114785543158429 -0.245835954347265 0.182135357076674 -0.164345377522881
-0.186957529581737 -0.225977971636428 -0.00158280409662861 -0.0626403148445344
-0.23407635762403 -0.0435655345159089 0.0159174469871987 -0.0270256119217663
-0.153716084402892 0.0198218548716583 -0.00844062689670372 0.0613594734218735
-0.11082563337582 -0.0217236113753321 0.0172735318851203 0.15798518590608
-0.0746631588745398 -0.0632454008993142 -0.0383496586311842 0.185322793590718
-0.0590226879802555 -0.0766538513867968 -0.116414887278485 0.131643510959094
-0.0209610194697062 -0.159722611034975 -0.165751141749372 0.00105476973649943
0.216640268668881 -0.147114871184158 -0.0601365061000626 -0.226373475548195
0.169750265681267 0.157083261491253 0.292813927955776 -0.158602909360676
0.150716363373043 0.148733874193203 0.433688227487548 0.231374023195973
0.0952906749316968 0.25141316997428 0.290154232702342 0.52990035445756
0.36273394776795 0.112679187960518 0.119099034478469 0.0758894778734899
0.238121639687138 -0.11612733218354 -0.145359511956965 0.171178353825578
0.146174739530792 -0.0881588165063528 0.190773041859721 0.307461296999612
0.0895146016629574 -0.284403576039711 0.266777681285846 -0.154775449973926
-0.203983055916703 -0.231762577170805 -0.0180239188719543 -0.15175998401023
-0.221077969774659 -0.0528481068677168 -0.0646336455369184 -0.0542177590882178
-0.139268066394806 -0.0187406408499627 -0.0691409442275252 0.0600354442738677
-0.107781144457682 -0.0738090228266669 -0.0244911286007774 0.137178926186231
-0.0660297612249912 -0.113777275310929 -0.0536381903061402 0.153497606813467
-0.0362043721155607 -0.110356572995699 -0.106095845378581 0.116603986789814
-0.00884241906215848 -0.186995409266077 -0.161301213122971 0.0380248496157001
0.242992649805869 -0.188074212001751 -0.155219070184987 -0.180969940759755
0.253624986304784 0.132273474806456 0.160024576371466 -0.265212074179838
0.215104959453263 0.150115969550116 0.471178615605264 0.0419383641819698
0.247522782804871 0.309426700028787 0.283961010953746 0.433719558005375
0.444986236898162 0.253631580758296 -0.0396937942952746 0.000350080190217341
0.379984633954063 -0.0631314057242941 -0.239267563928761 0.14289987934308
0.202382016209868 -0.147357648406936 0.0789790796854402 0.354530226822168
0.075750399814158 -0.296883582450361 0.305471545196056 -0.078091202500098
-0.183472184266816 -0.201399925107725 0.000947328098675332 -0.202564551707781
-0.154817547392241 -0.0504980988987906 -0.114104081078539 -0.0860490248085106
-0.0933784898005932 -0.0629161612478948 -0.113435031288488 0.0377256430278289
-0.08895241631941 -0.113936121035275 -0.0639476540241376 0.0947809574777337
-0.0591499737086051 -0.141842350786816 -0.0681423611613651 0.104117214350825
-0.0345219414713894 -0.123838256066106 -0.0963823443158609 0.0859344025921417
-0.0176654011707145 -0.201164634850778 -0.138136008174053 0.0497532451345624
0.216018279494388 -0.210632231668603 -0.200023612353853 -0.10465007771672
0.274143384749073 0.0335762839871822 -0.00592959843579856 -0.315555516465983
0.28175193283069 0.104031841700515 0.445062940672463 -0.127005419095643
0.375982747004623 0.29527849115179 0.217798785089824 0.308589644438427
0.43809151279145 0.354374244367824 -0.161871190496915 -0.12601141847886
0.430353932658679 0.0249319971474592 -0.293078929203212 0.0367719072043291
0.226236182318654 -0.148050275323096 -0.0916328174307301 0.333317311827888
0.0663064553154622 -0.248799738625038 0.272258785866571 0.0339411213873768
-0.128259800539386 -0.132405824508752 0.0389073429221277 -0.192017640314792
-0.0553658764249564 -0.0383027093598465 -0.113202909342311 -0.107508199912612
-0.0281020310808852 -0.0983373071536391 -0.126633448793631 -0.00445386144057958
-0.0574209743941626 -0.135169165830073 -0.0936285387946 0.0370247968020804
-0.045824853459869 -0.140292712417838 -0.0867464466803241 0.0514110817780919
-0.0358932657234525 -0.108105235451404 -0.103499045968199 0.0471444158332429
-0.0351909946337084 -0.170793482522529 -0.117601020788065 0.0186966545319389
0.127301185518992 -0.185833195910302 -0.167273936992911 -0.036688350932022
0.213777757115787 -0.0905737986511653 -0.141229637608646 -0.281020132938727
0.300792085126218 0.011844949017875 0.362491741209044 -0.212258461736149
0.458066462538336 0.227648801573907 0.0844812800298484 0.186702644802053
0.38428711423728 0.359075443444538 -0.222772199421394 -0.277067134418733
0.382613042696113 0.0350139927643099 -0.283735218051162 -0.128942357175869
0.155435496459495 -0.113417831643134 -0.259529019067754 0.220867994576812
0.0330765702167957 -0.147221825555853 0.162136134512223 0.13232209862003
-0.0555239618265976 -0.0354829638477697 0.0743124970857589 -0.123591218185839
0.0408810301452101 -0.0215277570891219 -0.0636862581128978 -0.114462314283069
0.0338338059360686 -0.113463204106821 -0.106532781851838 -0.0605081847572958
-0.0169994392621404 -0.134878612784621 -0.108206285549285 -0.0270456648151804
-0.0184479192458707 -0.118669413339924 -0.10484195942968 0.00741892814177498
-0.0147151954839131 -0.0719862910008591 -0.127087416205992 0.0167063396562164
-0.0331905548310238 -0.0883613095269813 -0.113243708102736 -0.036730147611514
0.00728997289771293 -0.107670098587369 -0.101345257851767 -0.0028653666691807
0.109285174494366 -0.167737730930484 -0.202416785319446 -0.216076669526644
0.242627351351413 -0.0857694539522129 0.258465139250168 -0.192418971996144
0.475345194544928 0.145088530066048 -0.0871502500115156 0.0898601918796533
0.314690330518966 0.247951317558819 -0.236654323787552 -0.420711746980305
0.230838310057708 -0.0430406445404311 -0.253955466435928 -0.30415922510367
0.0454559882461247 -0.0630440875673813 -0.376353408378863 0.0922098819471263
-0.022263147224412 -0.0470806797950536 0.032596160255057 0.189158010266478
0.00555833794976197 0.0508219847307604 0.100997799244272 -0.037971480003845
0.0999264044990048 -0.0040117571398599 0.0102651352269677 -0.112258885501126
0.0755019297887573 -0.103403836802745 -0.0662799738908929 -0.118610565830689
0.0248492922875844 -0.112850719413628 -0.105232312245177 -0.0856840149143331
0.0255489702126185 -0.0908522490882214 -0.110827689786106 -0.0223078615727171
0.0395496530198654 -0.0339316670389164 -0.149766917800363 0.00575529659463904
0.00493147413321619 0.0212399116045448 -0.117112309598514 -0.0768823611336699
-0.0846904213294614 -0.00486341271425956 -0.0596812319581322 0.0146304634405366
0.00151428979237767 -0.158041944058214 -0.199213419253623 -0.174885930689802
0.144859464602347 -0.159939257166396 0.153613204225406 -0.108413080351797
0.408591796090787 0.0853860094503065 -0.248343393372094 0.0217693474692186
-0.264546567071845 -0.0828723859752524 0.331444144023694 0.0463213553916961
-0.0931943456723961 0.179650729155004 -0.0464625924516384 0.0541853950299024
0.089229285346094 0.103796382040672 0.16333783432561 0.155023495249823
0.113199553159735 -0.0877909342597075 0.061214080250894 -0.0495536102071334
-0.0718895916790213 -0.110231289062209 0.0868464998994601 0.0718276911425619
-0.120913935276287 -0.00545672900527168 0.135587365615072 -0.0057743743697918
-0.0876618021714246 0.0762034184588373 0.0884859382298467 0.0401970915168123
-0.0660124600518648 0.0864389739422728 0.0957871404433056 0.129791475941679
-0.0871815159779491 0.0585625032274649 0.0270112073167215 0.168262119781533
-0.117103269141595 -0.0139129078507219 -0.070254432467688 0.125254076952435
-0.0345561874574867 -0.11178039815509 -0.126319303885213 -0.0190760444877062
0.097616799810817 -0.0412629012293739 0.0271641639267508 -0.222191054929421
0.0254317653650024 0.0607652283280821 0.428095865614984 -0.0548808784529333
-0.0362675697070054 0.113311563672579 0.287351243626019 0.410818426297627
-0.20101341979709 -0.0617203245586467 0.249813968614193 0.529561867814875
-0.053310794552849 -0.059799694969662 0.343429694911629 0.082302725679342
-0.0451572690475652 0.101456620093522 -0.0063498764909818 0.077891476180707
0.150905536488869 0.0686906900623038 0.193313385180681 0.157090338068127
0.122411627326866 -0.18243884074063 0.0998509664685889 -0.110647021898623
-0.139543643053597 -0.184074669285146 0.0453740922485325 0.0229328312502928
-0.193759278426707 -0.0274388654543951 0.091864825837188 -0.0128442242357268
-0.132615830303596 0.0517870016787182 0.0501931814118141 0.052643992642177
-0.0951542391247705 0.0350986426740453 0.0600441369428967 0.154797471523527
-0.0846974615472455 0.000260242770117435 -0.0119810515320814 0.189132878052369
-0.093454137060478 -0.0409824698024202 -0.108013293882963 0.130756239640085
-0.0390513009541533 -0.137768268038605 -0.149683275003282 -0.0271276316394972
0.165450227152825 -0.098684332544436 0.0181442579827241 -0.231411222973114
0.0811738367531965 0.112815213808229 0.381798604649894 -0.0757322670810629
0.0850320230593627 0.131660015373397 0.358127006226365 0.373969647640974
-0.0592792152169307 0.120316659416973 0.265893655809073 0.56664614576681
0.180183234490525 -0.0019130796776135 0.264447898635737 0.0986096393137986
0.0636704768886854 -0.0440203943445502 -0.0509712761575314 0.13830722676893
0.139356232615908 0.00935356726192565 0.225768245320483 0.2230992494474
0.11327593020764 -0.245076605466291 0.182641974116999 -0.164070601071489
-0.187312617098891 -0.224809473643604 -0.000854636340738476 -0.0619206856838797
-0.233901063302805 -0.0430571398626273 0.0164707045005632 -0.0270777937405403
-0.153241454667264 0.0200811375805886 -0.00784148938222701 0.0611989022217234
-0.110683866331137 -0.0211899116840666 0.0189658650911042 0.157752645223894
-0.0753143020084037 -0.06322591832504 -0.0374849713940938 0.184322119954302
-0.0586793062389952 -0.0768454528540867 -0.115628506269385 0.130882767975478
-0.0210415908824042 -0.159311465349625 -0.163960912573712 0.00218451973347765
0.216328313748611 -0.146834749582208 -0.0591224245746142 -0.225519849763896
0.169283534773177 0.156130051046657 0.293894150723842 -0.15756951085032
0.150399741535712 0.148200948830776 0.432617669116321 0.230498523947478
0.0937061255295388 0.250220019549627 0.289963610075569 0.528689537398406
0.361381965231307 0.112574867694427 0.119146218739112 0.0749586613200472
0.237370913032444 -0.115742028314901 -0.145025713573672 0.170573874086117
0.144976067259847 -0.0887314252707721 0.190270842161283 0.304403918318667
0.0877313219042696 -0.283842796692721 0.265348694982713 -0.153736875202207
-0.203376859289923 -0.229546438770395 -0.0180754731768524 -0.15004422945184
-0.221121405589028 -0.0525300178468126 -0.0639969034448537 -0.0538811057173779
-0.140064485778181 -0.0200094458633556 -0.0688887932122669 0.0602201383052206
-0.108055873994152 -0.0730449778855156 -0.0243132671612875 0.136271205655013
-0.0669942141946386 -0.113740281612116 -0.0539097815539826 0.153364443844614
-0.0366911788733553 -0.110150231828911 -0.107338681829808 0.116651639387765
-0.00996320927802023 -0.187694323161546 -0.159504278188872 0.0383743912918238
0.241735479664393 -0.187683127073772 -0.154942900295848 -0.180857293301249
0.252600729376092 0.132000826080062 0.160408265796961 -0.264608570472229
0.214711163781248 0.149912791157552 0.468930396854157 0.0422314561864895
0.245505204250541 0.308495525444467 0.283242716327532 0.431996568937035
0.443500418815003 0.252244537434563 -0.0390411568674887 -0.00012644579022234
0.377895961644392 -0.0624327793990873 -0.239009973415073 0.142345093369082
0.202173592052303 -0.147907632783989 0.0790706611968249 0.354457969493823
0.0754514345744638 -0.296236258732575 0.304538794428341 -0.0799248556134595
-0.183773081858672 -0.201661019081486 0.000536762123593137 -0.20094339839219
-0.155051867601844 -0.0512487732052197 -0.113987689397695 -0.0853562014485956
-0.0935986251273886 -0.0622613366782901 -0.113107118045997 0.0380242510385841
-0.0893552616624529 -0.113681764293599 -0.0632471323021158 0.0946373955578606
-0.0595774886384506 -0.141383557719135 -0.0685040387139513 0.104152202537667
-0.034822778592836 -0.123504472170432 -0.0969958873182718 0.0857244448792324
-0.0181019753159625 -0.200256965326416 -0.137507616416574 0.0495301162266795
0.215349893600977 -0.210188404002749 -0.198999799081654 -0.103671811931064
0.273839067770343 0.0333302095924563 -0.0060410832505821 -0.315012326385889
0.280915941739016 0.104372099955358 0.444482113024108 -0.126383139912765
0.373905352702946 0.293700289992534 0.216582068469969 0.307315553477256
0.435945503039407 0.352477363165432 -0.1610416157384 -0.125559719559127
0.42901243354834 0.0249848820344382 -0.292108363528738 0.0368389531441532
0.226995163853873 -0.146731532567153 -0.0880923522669763 0.328938695520112
0.0653497638714009 -0.248548194809656 0.270672479834578 0.0322479980728185
-0.128499903855726 -0.132414834442887 0.0383952196447807 -0.19195170242725
-0.0562051801828611 -0.0387666196107743 -0.113262119638775 -0.108477640588013
-0.0280787391152693 -0.097598674317575 -0.126770122496119 -0.00395885032261049
-0.0570396255733688 -0.13443021132791 -0.0929937272459928 0.0369345711497373
-0.0461764832599438 -0.140817945257881 -0.0869654164750337 0.0505737946934673
-0.0364543378077029 -0.10712099461938 -0.102610386608987 0.0467075366340049
-0.036615142680145 -0.16978419547145 -0.116192401099311 0.0187126529784337
0.125832553963778 -0.1858968991952 -0.167015665507198 -0.0368002514971685
0.211968429814582 -0.0907737399779601 -0.139882255276505 -0.280900422109276
0.300308708308378 0.012067464924006 0.361639178631019 -0.211968241404928
0.458104881520872 0.226889413645543 0.0839528458785567 0.185022744093223
0.38638684673301 0.358641621532282 -0.221950768424724 -0.277428312856486
0.38208691714981 0.0348870831311265 -0.282705552349147 -0.128976615366808
0.155903071156905 -0.114538632482762 -0.258607062688148 0.220028200062273
0.0330997894384853 -0.1461371013081 0.161053402840104 0.13074642190366
-0.0556056527139888 -0.0357662228141526 0.0738673739802461 -0.123233985508745
0.0404481406611649 -0.0209007454795531 -0.063132999529191 -0.11364740249143
0.0333539539398526 -0.112580884087412 -0.107009418495993 -0.0600401770643189
-0.016776824581546 -0.134222967290807 -0.107253231612448 -0.0268845715192453
-0.0184881310654704 -0.11805727915947 -0.105169476142853 0.00699977417486714
-0.0144052613095417 -0.0714194316430994 -0.127395482231478 0.0168047910937427
-0.0332264223085411 -0.0873617125182221 -0.113568444990164 -0.0357875493297712
0.00717737074151895 -0.106995486446192 -0.101389194054814 -0.00203325478056943
0.109147156603275 -0.167638167497608 -0.202658223173234 -0.215519851635532
0.242493952725207 -0.0849719697281557 0.257870483562708 -0.192368866643415
0.473234952751178 0.144903527674651 -0.0876041771635503 0.0906009535750041
0.314326865968163 0.247853288097488 -0.234939949371762 -0.418825875900831
0.23115008305814 -0.0434371954064937 -0.251696609624445 -0.302607803296527
0.0447903849810799 -0.0626944260187899 -0.374481127708896 0.0920150057608875
-0.0226504082657845 -0.046571253938461 0.0319542640126127 0.188118814658308
0.00572956797404755 0.0507775960901785 0.100232755483415 -0.0375414898095579
0.0989939524162815 -0.00342966210522455 0.0100714939117963 -0.111063157243425
0.0738345725145761 -0.102349820315803 -0.0660110773002617 -0.11769053321852
0.0247352090389755 -0.113349670830196 -0.10686058798496 -0.0861877331437053
0.0256450833652151 -0.0903812858313915 -0.110960909624859 -0.0223055290654536
0.0401855774177254 -0.0337410052118837 -0.149032084779577 0.00660500161879716
0.00508217004246518 0.0211710508682477 -0.117205426806064 -0.077093143908808
-0.0854220982544936 -0.00452273496133181 -0.0600815668624434 0.0148481399564609
0.000340381280444862 -0.156599701032109 -0.199590348327943 -0.173961075444553
0.144277430667078 -0.159025876355305 0.152883524557896 -0.108334144979274
0.406060619118272 0.0848598611010758 -0.247543191341494 0.0223017294967286
-0.262801829068953 -0.0842759880432484 0.329305472216249 0.0462802865114215
-0.0934089199427158 0.178666333468226 -0.0456915321131452 0.0540036299379352
0.089733852776018 0.103026430977937 0.163496880438839 0.155999807960416
0.11214502294908 -0.0883181877875801 0.0614540182723634 -0.0499889816790782
-0.0720549656409674 -0.109219942328394 0.0861860289605708 0.0715264154387826
-0.120341135446567 -0.0047232174771717 0.134799128866941 -0.00563168742520854
-0.0877388938965682 0.0758721858196737 0.0887367566124823 0.0402929987529667
-0.0657100076471778 0.0856927378974332 0.0961889004798854 0.129286254685826
-0.0870913327782208 0.0581398929135806 0.0281055645621897 0.166990765795403
-0.117403630090085 -0.0135811417483925 -0.0700171076073808 0.12517527763864
-0.0348419046615529 -0.112063325054878 -0.125499420880369 -0.0187810715635474
0.0972955023638409 -0.0409270068658456 0.0279936212301404 -0.219687642236496
0.0257440553000753 0.0609524066337072 0.427659273626991 -0.054371531313458
-0.0371058516258045 0.112672955908998 0.285730426725063 0.410942075629378
-0.201301787473592 -0.0626482535684904 0.247165283641821 0.52923775638694
-0.0540760544210964 -0.0603660079218452 0.34348139866521 0.0828617895480762
-0.0448972707876877 0.102401393453819 -0.00579168626346769 0.0771066735880979
0.150624993356473 0.0687548059253246 0.194437942328657 0.156613309908863
0.123098678764981 -0.182980637883841 0.0998265037079267 -0.111197470040865
-0.13997477742114 -0.184457641493943 0.0444911818753588 0.0231523297080205
-0.19437852199203 -0.0282198049485052 0.0927534716939073 -0.0118755787365526
-0.132455522246614 0.0520255120526862 0.050634872519868 0.0525892395681703
-0.09528031712104 0.0350318080203072 0.0614310329643212 0.154810884572323
-0.0852783673406212 0.000264523951291654 -0.0111247926935478 0.189651569075888
-0.0939352757188921 -0.0409112732067434 -0.106980501103013 0.131061077111869
-0.0384260533576507 -0.138548893903644 -0.149367705599333 -0.0268536500617344
0.164889989822527 -0.0991353670543248 0.0189133709087509 -0.231082434528724
0.0814551297773567 0.111916878488124 0.381183623901712 -0.0744106143687385
0.0846936983110158 0.131420242126767 0.357566398734269 0.373196614995703
-0.0600659603046182 0.120641053008148 0.264001616476644 0.565347199407726
0.17908399300891 -0.002137344716046 0.264752111728067 0.0992305980025937
0.063168100463544 -0.0440856953451828 -0.0517159549498566 0.138745718464395
0.139333813217629 0.00952305729809887 0.225370156412579 0.221944728490718
0.113149686371584 -0.245452577239416 0.181258942008609 -0.163780586726019
-0.187809758833492 -0.224054220267085 -0.00122962979153398 -0.0621139032541748
-0.23378050038597 -0.0423809445103969 0.0165737334399286 -0.0269967111767991
-0.153813228958326 0.0206717749102102 -0.00697738572601931 0.0622029446777678
-0.110369951185221 -0.020978405798655 0.0190951270411256 0.156956929833356
-0.0760420091845496 -0.0628742243392467 -0.0372019347604423 0.184861068800867
-0.0589960253607497 -0.0771411326954512 -0.115583982022331 0.130849470463569
-0.0217873570259297 -0.160173571606311 -0.162952791585241 0.00115800310013205
0.216240593037115 -0.146696252971725 -0.059402442183725 -0.2234154499465
0.17020949460324 0.156729360834549 0.291964388730971 -0.157430568939245
0.149998103758299 0.147919998490866 0.430734884494459 0.231481072020742
0.0935136492613815 0.249511059061836 0.288477237822637 0.527612450873252
0.361079817705821 0.112549298298309 0.11881120649933 0.0753595322387547
0.236054216668167 -0.116057431437247 -0.14475204815493 0.169787657963366
0.144690435409644 -0.0877651549819548 0.190507717073857 0.302701285861284
0.0864085979845184 -0.283309249804783 0.264267795730558 -0.154571748055155
-0.20379879909081 -0.229132331419922 -0.0183398626925587 -0.150175170683917
-0.221450789394533 -0.0520402474193175 -0.0638888494263349 -0.0536299507223049
-0.140927621759817 -0.019667892213336 -0.0677550363507889 0.0593712793391164
-0.108718909947498 -0.0734227525310652 -0.0240894637362559 0.136728183377459
-0.0669505281613818 -0.113216755176762 -0.0539367156381885 0.153278774612849
-0.0382972702676301 -0.109340464687396 -0.105787233929269 0.116805664756301
-0.00934306290458828 -0.188225203907958 -0.159590664787952 0.0378319237785984
0.241306435757597 -0.188426958713384 -0.153824918811546 -0.179270468788761
0.252241244739972 0.130620132004804 0.157884054687669 -0.263227680626658
0.214195961243976 0.150241183189825 0.466474850600136 0.0423820986307096
0.244261192475416 0.306638626243262 0.282198462314043 0.431210196617124
0.442961803770367 0.250883299530257 -0.0398534744921526 -0.000143081643154584
0.376939337946965 -0.0627029609752922 -0.238724379898194 0.142746494925785
0.201679795561312 -0.146296492756281 0.0800327580729924 0.353885413648783
0.0748880577704314 -0.295884747652296 0.303396771834085 -0.0779385071502875
-0.183558010729418 -0.201869303820586 0.000937405621376546 -0.201152793477839
-0.154537749490788 -0.0500786051338135 -0.113493752149756 -0.0846636462289906
-0.094164274963822 -0.0614554348237566 -0.112932113010588 0.0389798763811118
-0.0901126674557293 -0.112829901677028 -0.0626817918129131 0.0944298464491338
-0.0605576155966118 -0.141136966286665 -0.0681659421934316 0.10361851756763
-0.0354979559206625 -0.123073564700176 -0.0960767370161766 0.0854776312144129
-0.0190865430777235 -0.200248422407996 -0.136608476931981 0.0491394448238707
0.215027503774045 -0.210717342596667 -0.198039472407893 -0.102097045480185
0.272844564519991 0.0328352217557459 -0.00606616714861442 -0.314609565292598
0.280773240892244 0.103841218774968 0.443127703645621 -0.127706354720656
0.372487875977141 0.293689190370615 0.216729723810897 0.307553156453268
0.434430420924412 0.348851917417968 -0.159941882383063 -0.124563677580989
0.428607328714123 0.0267025798055443 -0.290840453292267 0.0368754574624049
0.226780361961318 -0.14728693277409 -0.0876201859534807 0.328111172758326
0.0663686362589693 -0.247594914942139 0.270925458079435 0.032917274641363
-0.128499543174641 -0.131424238592485 0.038812454260587 -0.191541330356329
-0.0563418877804524 -0.0388667583528822 -0.112816294291139 -0.10734430151434
-0.0291666947937273 -0.0963573329296397 -0.126562802385658 -0.00350801561542626
-0.0580166088190508 -0.134424449964749 -0.0929964212313642 0.0366641656695132
-0.0467815734996107 -0.140121018724977 -0.0864800518158081 0.0512106794027649
-0.0354404064653218 -0.109400582551861 -0.102432802155133 0.0466800958652209
-0.0368426270607398 -0.169399272916841 -0.115999606568037 0.0186948005477754
0.125356928255402 -0.186308907440126 -0.166111490437083 -0.036028039086592
0.211728475072181 -0.0911254571194155 -0.14116743395575 -0.280932553617704
0.299164243182885 0.0126354829333556 0.360631858824667 -0.212011690029879
0.456138967938848 0.226666343301432 0.0839936809877961 0.185117168762092
0.38236124514639 0.35635262346884 -0.220933439629001 -0.275581179086896
0.380184763554151 0.0334641836216328 -0.280979749811765 -0.129560156425622
0.155300247401573 -0.114711969442504 -0.257610946844149 0.219381729580186
0.0327709895967593 -0.145955078404554 0.16087931176026 0.131747625605315
-0.0564895817424357 -0.0349417433051338 0.0731292011395201 -0.123572144236347
0.0397671575698227 -0.0213362513761727 -0.0631435412915796 -0.113691115584318
0.0321355224846853 -0.112184160249284 -0.107454525757068 -0.0598008245260452
-0.0176779429024448 -0.134604063114439 -0.108475142822414 -0.0265366052599096
-0.0191063757184588 -0.118200287859113 -0.106483097138996 0.00687989186038362
-0.0146267542059908 -0.0718192134042014 -0.127266198270949 0.0166349023694941
-0.033204120027935 -0.0871047604252622 -0.112664279760466 -0.0359755628908233
0.00662374659866218 -0.106954581744502 -0.101289185810226 -0.00168179251531922
0.108141746490436 -0.168362010659525 -0.203044934991082 -0.215184058198077
0.241678576133394 -0.0850722444640032 0.257849442838656 -0.192553221481069
0.471077279769837 0.145827265473339 -0.0863381632517801 0.0894581630840563
0.312349636758257 0.245750553727146 -0.233880176798717 -0.416893956272611
0.230818116891393 -0.0423783611539107 -0.251943684787165 -0.302949467458792
0.0452710600762637 -0.0620313019918033 -0.377750421616268 0.0911103032494831
-0.0223128320856312 -0.0456744861018084 0.0326274070370682 0.189426910832291
0.00537157860901271 0.0505930796902277 0.0996073161738332 -0.0379441881902631
0.0990604987374549 -0.00475598493157049 0.00961501392133832 -0.110630391099937
0.0733221378206123 -0.10242764850981 -0.0657321871902891 -0.118116493682891
0.0245657859970336 -0.112969883680482 -0.1062146137044 -0.0854538676443838
0.0246356765624175 -0.0895185454102176 -0.111483497083641 -0.0210269694906117
0.040068130012335 -0.0343552178166577 -0.14927036413968 0.00584912905281869
0.00477743490669017 0.0219964881024225 -0.116866652513188 -0.0762098510015231
-0.0852344565615554 -0.00451756207892504 -0.0606622476473977 0.0151168541665126
0.00132183951881025 -0.157692109449804 -0.200131104724184 -0.172351240377319
0.144761922045107 -0.158290003475865 0.15194239523352 -0.107976568078915
0.405295994364437 0.0849333726120374 -0.246150295018511 0.0227940665508492
-0.263408695519768 -0.0842476221860411 0.328025098778452 0.0461276874259796
-0.0935061826955864 0.178586941711581 -0.0453527758810004 0.0548675533219003
0.0887508391677475 0.102938474465108 0.164039027307499 0.155081682556037
0.112661807561255 -0.0892574892759613 0.0616331687269972 -0.050334088866792
-0.0722614637507673 -0.109970110562926 0.086343554844313 0.0710506128023914
-0.121131839583185 -0.00472119267489404 0.134839678326057 -0.00597168412602696
-0.0877810406967757 0.076187490407032 0.0889605897206972 0.0397647990398533
-0.0661264790924045 0.0862605833381311 0.0976736724859835 0.129289954790956
-0.0877870956046995 0.0578896199417413 0.0277070923301008 0.166480841242328
-0.11751619978981 -0.013617559116194 -0.0694927205214088 0.125164729893546
-0.0357991336954394 -0.112442126039407 -0.125438862747671 -0.0187461972490371
0.0969072858260978 -0.0413336097901395 0.0283935789135587 -0.220379443141227
0.0253312263680462 0.0607556034431874 0.427208057514853 -0.0545658181190737
-0.0369612365206638 0.112496109583362 0.286003510892157 0.412689468682513
-0.201540321404484 -0.0629614932772831 0.246688638194714 0.529402441972081
-0.0537815720150888 -0.0603639013025351 0.34176537321649 0.0824976822534799
-0.0453267640570815 0.101952617710572 -0.00651140994250043 0.0784859194943128
0.15067571814862 0.0687559596728786 0.194623999997228 0.158202604612028
0.122750229586311 -0.183567863466597 0.0999730630122628 -0.110910964133066
-0.139620314377348 -0.18353281218547 0.0448297458800283 0.0229946395360394
-0.194073457464432 -0.0264306079225001 0.0917747684538262 -0.0122353738798322
-0.132491531806296 0.0518463955549019 0.0513890266936525 0.0525047140629865
-0.0950614148095748 0.0353579962174102 0.0631647272773534 0.154926191354909
-0.0855998659969612 -7.57871868249638E-05 -0.0104010890398064 0.189744830105856
-0.094299415744373 -0.0410978992788502 -0.10584209655023 0.13071584579638
-0.0399675925723293 -0.138126378767882 -0.148465937911486 -0.0273816117883039
0.165307317823088 -0.0994909851305327 0.018990947276341 -0.229487392952008
0.0815445513271628 0.112084869603465 0.381191168744759 -0.0724166773769756
0.0837715475790703 0.132001169058075 0.356950730571253 0.373873544020938
-0.0604360755353762 0.119865869533048 0.26380450647733 0.56496023001593
0.180192793531193 -0.00133366419699769 0.263758878062051 0.0982018429031212
0.0628962126486951 -0.0444323682362429 -0.0502445347128345 0.139282808685554
0.138004676937967 0.00936714801409633 0.225803809627656 0.221273982615086
0.11249782901837 -0.245756072698039 0.181901927217435 -0.163596885879702
-0.186946801700829 -0.223691436213787 -0.00158718960435633 -0.06127223868709
-0.234300210877747 -0.0425811778982307 0.0170385894826752 -0.0265696572772462
-0.153291683953117 0.0208377081958613 -0.00678178059138912 0.0619206006436142
-0.110750502172174 -0.0201172504013269 0.019708729299045 0.156952762976867
-0.0762933992738073 -0.0622349985407603 -0.0370897675559142 0.185091652511951
-0.0603118835151617 -0.0774174599262769 -0.115195366637804 0.130880937338911
-0.0223849318571185 -0.159942524946972 -0.163051608969316 0.00184568848429811
0.215081984656627 -0.147162556406982 -0.0589168179855129 -0.223242161536555
0.170468871531448 0.156831115803319 0.292725550402053 -0.156524444366388
0.148933646104156 0.148092211136708 0.430354126649126 0.231698319691219
0.0937129538908941 0.250512192832055 0.286758320248162 0.5267558857648
0.36035618041649 0.112460790787475 0.119024890122053 0.0757845760882198
0.236053097157761 -0.116316870918074 -0.143724320843121 0.171375298402919
0.145198589214622 -0.0884332102428234 0.190684011320856 0.305283573379709
0.0884031055537823 -0.283855601106984 0.263514934215631 -0.153102829310397
-0.204347397590717 -0.229178448282133 -0.0187651336294977 -0.149396832604043
-0.221332426739705 -0.051080497851218 -0.0638918544246926 -0.0536249177386107
-0.140181581303017 -0.0188701157152992 -0.0678687274410508 0.0601478507535389
-0.109072830917298 -0.0730532899371617 -0.0237992265458447 0.137190930846419
-0.0688535586481703 -0.113428030532883 -0.0531487052238591 0.153154937890235
-0.0389457771886592 -0.109751487753968 -0.105779105347555 0.115894521272709
-0.00969007495047778 -0.188185839924025 -0.158356797795873 0.0377331843780531
0.240635314056605 -0.188564289564568 -0.153366541523971 -0.178197439875157
0.25245696633031 0.130077520802 0.157603432954614 -0.261808295826984
0.214724566690419 0.150597360101318 0.468018676248957 0.0421624175435703
0.245165421970352 0.306573119149008 0.283123057358401 0.432637412920057
0.440904440505982 0.249954359955845 -0.0386030333582909 -0.000134055861287501
0.376459308598187 -0.061979299180877 -0.238717750736072 0.142603283953225
0.202236216286056 -0.146946247952974 0.0782296267602594 0.35247634967148
0.0735599439400505 -0.296510375915474 0.302857375847036 -0.0785885269634959
-0.184800128931566 -0.200283175281026 0.00054983129076809 -0.201332321515256
-0.156218569578095 -0.0496820617156762 -0.114375134988745 -0.0849931312210764
-0.0939021931707914 -0.0614899156447998 -0.112452729185329 0.0384040104141837
-0.0900787815219012 -0.112830548057695 -0.0626254179459864 0.095027737610686
-0.0611886277665766 -0.140677811083887 -0.0692531649771883 0.104711494134151
-0.036325067289932 -0.123961557788483 -0.096768259286737 0.0849683490961802
-0.0191296486975853 -0.200786966604774 -0.136210285678605 0.0492561235573724
0.214777150804571 -0.210518583933539 -0.197460960425723 -0.101551697541181
0.273724088728616 0.0322545241415181 -0.00701616559944027 -0.313797508555714
0.280785179812668 0.10488587335569 0.442208046111905 -0.126673538036546
0.373784014091905 0.293681861295751 0.216132620827374 0.3073902491616
0.431919000297464 0.348790372167019 -0.159534449911791 -0.124678351302619
0.427191844614543 0.0266143122665808 -0.290974060950952 0.0367266008140905
0.226261419054929 -0.146801327236203 -0.090235403479703 0.331314805075426
0.0665584451975002 -0.249290734864334 0.27065190574215 0.0322793830511953
-0.128538237283173 -0.132206584872631 0.037573942890787 -0.190800066171854
-0.0567455426986678 -0.0388913849825027 -0.113044040746704 -0.105524713064353
-0.0301145222324793 -0.095161021065665 -0.126767099265576 -0.00279240571261918
-0.057556352529083 -0.133625692249456 -0.0932984481329383 0.036762531838816
-0.0471268003311772 -0.139318781368113 -0.08791538197678 0.0521958673675394
-0.0348532641591929 -0.109820762999454 -0.103824055197184 0.0459158172495159
-0.0374785817387768 -0.170057084578675 -0.115687132321626 0.018267362558038
0.125356668745516 -0.186015121329156 -0.166468170191528 -0.0359568733078627
0.212543896523814 -0.0916826725956396 -0.142231296333562 -0.278181380111245
0.299498396862751 0.0132206658073225 0.360288994363847 -0.212206309851118
0.455275599564688 0.230004176642936 0.0837542272720064 0.18486942785438
0.382770470391598 0.356074386122812 -0.220721118383303 -0.274528122326827
0.380592215540785 0.0343266639382065 -0.281533187782923 -0.12892275339637
0.155607338578478 -0.114385358045981 -0.258209721045312 0.218687757654683
0.0317990882818478 -0.146809182479232 0.160403020233987 0.130659586639347
-0.0564603373627465 -0.0354228852409129 0.0714470584106957 -0.123842422539795
0.0397805521164275 -0.0211116537544233 -0.0643072881779605 -0.113322127636249
0.0314296374618279 -0.112169756762098 -0.107057379817327 -0.0580296220557056
-0.0186793276683764 -0.134276992144514 -0.109309322225218 -0.0264803126010495
-0.0192712780657484 -0.117567238580034 -0.105723660926973 0.00723282028847978
-0.0153638817809579 -0.0711538259725898 -0.127331300885815 0.0167915345957563
-0.0335642785137012 -0.0874502906146108 -0.112383901026336 -0.0359309339585133
0.0063928044677302 -0.106824787727681 -0.100569511064016 -0.00023554519305278
0.109201616769647 -0.16802894147352 -0.204166186529777 -0.214583547745156
0.242627781486345 -0.0845691119350969 0.257274385869129 -0.191713879842664
0.471910980933117 0.145895466575306 -0.0863325562957374 0.0902005866211982
0.311860567545347 0.244353633909015 -0.233682598313672 -0.417156865688792
0.231001456081448 -0.0423969675437455 -0.251820657478222 -0.303149761073704
0.0454428666481173 -0.063760143129589 -0.377526337314525 0.0898283627271321
-0.0225587503218672 -0.0459334947855715 0.0309004699439802 0.188660535336198
0.00488046967051588 0.0503157252273126 0.0986507518606141 -0.0383277144828784
0.0999291642181587 -0.00374085199711618 0.00775362257724648 -0.10962771478616
0.0731459585896585 -0.103161705272196 -0.0665973149996803 -0.117542933089548
0.0242701303154854 -0.112598722322717 -0.107518729920288 -0.0850686103185812
0.0244162570745043 -0.0897702573033317 -0.112038806532099 -0.0210654159754321
0.0407962007882769 -0.0333368949372515 -0.149202849324218 0.00528859540190761
0.00510513075393512 0.0222480588146648 -0.116716883398731 -0.0771186048266832
-0.0850443784062572 -0.00472463757269858 -0.0602189945153608 0.0161862146568771
0.00184137923469449 -0.158017837156576 -0.201470758805011 -0.17277973574011
0.145256840831543 -0.158252062010899 0.151867112909582 -0.108658461477465
0.4056882034779 0.0865976697283601 -0.246601127378822 0.0220218371171453
-0.263482625304017 -0.0840810809666855 0.327391730771552 0.0467358211157585
-0.0932210433707894 0.178612596139328 -0.0457520556482714 0.0543802778847273
0.0891481685929734 0.103547867419084 0.165074759551683 0.155430001995528
0.112158918824514 -0.0887246400553207 0.0615912909547134 -0.0513294336094133
-0.0714108197154341 -0.109758866105306 0.086330215456048 0.0710325717053611
-0.120962162863077 -0.00403568106337806 0.134747102094215 -0.00551502540695764
-0.0877302309453382 0.0773280034272096 0.0904914408817084 0.0406414881536424
-0.0658569460260341 0.0863145544463152 0.0985338245475216 0.129070432167047
-0.0870059626744454 0.0584925462891529 0.0293410459147835 0.167000992602796
-0.116705253822417 -0.0136490735824721 -0.0687364998755354 0.124274867268868
-0.0355563306588153 -0.112505154753398 -0.124527554659774 -0.0181086189293814
0.097009206484721 -0.0423579302465644 0.0279692996028891 -0.219587380123709
0.0257485668478208 0.0602267091556616 0.427007345772427 -0.0536420887954378
-0.0367093817478842 0.112744082332322 0.286325688167112 0.411052072800044
-0.201318334291997 -0.0636046136206918 0.24482008412553 0.529103804212002
-0.0542855155051782 -0.0613642914237073 0.342678592869042 0.0823320027434739
-0.0452456658806309 0.10146389230052 -0.00598104104277282 0.0785780310983636
0.149822878348815 0.0682138337759985 0.196163561139577 0.158467618807556
0.122350122389046 -0.183229361479724 0.0999716561785048 -0.112350699464021
-0.140064254006517 -0.183364501987795 0.0455136578017338 0.0226642954028478
-0.194906774080163 -0.0264961083055474 0.0914041683907361 -0.0133980767426039
-0.13292620069244 0.0524002791119367 0.0518589216162433 0.053637560507512
-0.0953262251611134 0.0362400166003263 0.0632788390396636 0.154596646453724
-0.0858701729672748 0.000435244347861657 -0.0101944232218081 0.189013229210578
-0.0947163494559329 -0.040934776333375 -0.105956957385537 0.130911807970894
-0.0390863655221448 -0.138447970656273 -0.149161092437251 -0.0271659766594427
0.164891577403397 -0.099843515968443 0.0193137336654678 -0.229671471080156
0.08133714003543 0.11266631833331 0.380847136266769 -0.0738103140349838
0.08375444398506 0.131913760995324 0.356283226193172 0.373053959022835
-0.0605411334750897 0.119987299476252 0.264801404367029 0.564593290742306
0.179109023594047 -0.00300509709567587 0.262866592822241 0.0984857894684807
0.0639952626188055 -0.0444978853421845 -0.0510908799606426 0.138610740887443
0.13856261718719 0.00881935363295207 0.227675963648358 0.222849530190264
0.112050852560306 -0.245452753937543 0.181214211525633 -0.164551404152921
-0.187915479778827 -0.223867705669002 -0.00160466355615461 -0.0614586523605533
-0.235348286371685 -0.0416686007337785 0.016674283164325 -0.0265994163771869
-0.153949781480016 0.0219755874072608 -0.00639829852282559 0.0628601182691475
-0.111257881798819 -0.0206706464317568 0.0209382943845587 0.157059531190862
-0.0770332335416926 -0.0630514556129452 -0.0360890052409836 0.184771040385978
-0.0602523458486072 -0.077291280089382 -0.115340134031229 0.130166048411742
-0.0223379116554198 -0.160251240595217 -0.162211087103606 0.00141737922514138
0.215909065793858 -0.147854830774937 -0.058450987329001 -0.223301449131153
0.170174303724751 0.156518350627787 0.291244842818056 -0.155867368849179
0.149635245701253 0.148165444371299 0.430467184442076 0.231331292318733
0.092755502662158 0.249956474128234 0.287270404024948 0.528453604003088
0.3593102314352 0.110756522542315 0.1182752542149 0.0754350532962321
0.236844158497972 -0.115545304620037 -0.144262297573846 0.171288548632835
0.144632495499677 -0.0882625739139008 0.191747630429666 0.305489124235568
0.0868008122275589 -0.284719189277443 0.26409541430706 -0.155367923729681
-0.204056571623998 -0.229279053748469 -0.0189269423797958 -0.149253302539704
-0.222408800279351 -0.0505957144190676 -0.0638194169391303 -0.0526676311290708
-0.14025127661953 -0.0175644486717988 -0.0670018110740474 0.0600974045740836
-0.109089692297124 -0.0722444046925303 -0.0222557972977424 0.136199173214093
-0.0690678664767485 -0.112779188715967 -0.0526447082948263 0.153183958798998
-0.0380447214332778 -0.110149777925834 -0.105928563322924 0.115770793263443
-0.0108228925995315 -0.187072434056191 -0.15778957502768 0.037841812799583
0.240042465183907 -0.188550795981568 -0.152652153325936 -0.177409421881721
0.253032502494927 0.131026426654276 0.15804811902646 -0.26249787460217
0.214243117621793 0.151596051396271 0.466726652123024 0.0429438384193054
0.242850449218594 0.308825791248641 0.282457074351465 0.432750308278365
0.44018459584603 0.250548384011967 -0.0388986553539373 -0.000326311467038059
0.376271571129725 -0.0620289148538111 -0.237553247819732 0.142980633209856
0.201151927251311 -0.147500749284041 0.0787264059977256 0.353015893930984
0.0739741893414064 -0.295729424304298 0.302342671269518 -0.0787024656819773
-0.185017883113014 -0.200797731018941 -4.38882151678187E-06 -0.199829974181792
-0.156782000400375 -0.0494327604173273 -0.114341214004016 -0.0834991088567636
-0.0946802203476172 -0.0602549845917859 -0.112600828783578 0.0390303391495318
-0.0908028502665652 -0.112089403908083 -0.062455675927284 0.0952159298877253
-0.062309716915072 -0.139619525789007 -0.0690656245613036 0.104787343382042
-0.0359191104880384 -0.12365328405112 -0.097003877884885 0.0848472043211385
-0.0195980674608323 -0.20057726978371 -0.134984744044189 0.0491935927580721
0.213680429490319 -0.211606624699031 -0.19744989964222 -0.100998216302301
0.27395407858479 0.0320713850447127 -0.00809057486963407 -0.313721077489947
0.279420498930274 0.104409955345296 0.442740694494655 -0.127630988370027
0.373018830891887 0.293870961461577 0.21663085930981 0.30777655534263
0.433551836534176 0.353091590193055 -0.159520467038689 -0.124428130084907
0.42747440624585 0.0259742499048141 -0.290187075937257 0.0371835266663149
0.225919266138552 -0.147503448436939 -0.0896657390111948 0.329927270163046
0.0641418683854929 -0.248269922111481 0.26977674127851 0.0320415586405358
-0.129099463597218 -0.131195549824986 0.0362652675980025 -0.190924641107598
-0.0570403489049757 -0.0383731308872319 -0.113463606007312 -0.104957484035387
-0.0294039168172587 -0.0971684965109376 -0.126105126960139 -0.00289017210597472
-0.0584317269638089 -0.133866774339747 -0.0931839155797631 0.0379880238534712
-0.0477205829851715 -0.138973715337777 -0.0879346396763244 0.0512589897039957
-0.0374996725981033 -0.10733929622033 -0.103707879479668 0.0462681764787803
-0.0378942489810908 -0.169601621870183 -0.114002207435352 0.0185393870154762
0.125041017988107 -0.186313579280381 -0.166009171732814 -0.034462223327051
0.214170515856207 -0.0912970281683376 -0.142250197264036 -0.279157212887274
0.30057011615186 0.0135248277158246 0.360888883071628 -0.212506919812716
0.456304581466491 0.229627181074737 0.0837105957728825 0.185813722524114
0.382797844129869 0.356982235930261 -0.22061988851873 -0.276333293176639
0.380907959023255 0.0340317053629202 -0.280474495743825 -0.129276483702011
0.156431474257424 -0.115458246539323 -0.257609189573601 0.219216725784225
0.0321202230610194 -0.146725719231313 0.160016462617372 0.130112013550247
-0.0569708897757814 -0.034928168841887 0.0717016343018149 -0.122968548993949
0.0403586551247073 -0.0217324668030635 -0.0645514888598483 -0.112984521342461
0.0312366934117624 -0.113203328667061 -0.107410194306285 -0.0586136796739059
-0.0183614560391953 -0.13321288211505 -0.109421165639 -0.0258673812762226
-0.0197277197658581 -0.118025807529817 -0.105799764785316 0.00765478781306884
-0.0148886885757392 -0.0710170105244445 -0.127681400961196 0.016173376371549
-0.0343004393504595 -0.0871079211694888 -0.112066629758394 -0.0363600312741794
0.00576653205710877 -0.107020479129682 -0.100666397382665 0.00064737986962521
0.109113478671386 -0.169030295640299 -0.204066103378581 -0.214937597375266
0.242591227933045 -0.0841791428109632 0.2583829687491 -0.192453884022026
0.472272534286553 0.146025761811513 -0.0871009865817011 0.0899679908428203
0.311807495514982 0.246841821255621 -0.233169034450267 -0.417596747317293
0.230140344448584 -0.0428922775673931 -0.25116952990784 -0.303635746025502
0.0450485454129087 -0.0634643841834247 -0.373352575523834 0.0904095471557474
-0.0227405136591974 -0.0456155197727468 0.0322122565536467 0.187462226017196
0.00432793856328273 0.0508540103279377 0.0977890908710103 -0.0385801014127702
0.0995601274583995 -0.00485469051666584 0.00794304533090279 -0.109940750629923
0.0736129943154618 -0.103525286745977 -0.0668092990479552 -0.116852264245963
0.0244334770132412 -0.11237305160747 -0.10802948742654 -0.0847641320281589
0.0248478940246528 -0.0902529734774878 -0.112240133014442 -0.0213952653346392
0.0392326900773688 -0.0334164082880027 -0.149525208728455 0.00657697105127938
0.00485072203083095 0.0217448830286218 -0.116200427919717 -0.0756839513512495
-0.0851524726603692 -0.0045913923793238 -0.0601778244720912 0.0164489378149575
0.00120958613896485 -0.158104659533066 -0.201065199976549 -0.17434228907161
0.145189661785026 -0.158299470731816 0.152542161658578 -0.108823268802431
0.405127394552613 0.0860111282333238 -0.24691745427674 0.0224460798567956
-0.263602844224059 -0.0844398467341692 0.328838044824193 0.0472787721230806
-0.0927252049011216 0.178582127556325 -0.0445125033658252 0.0548483448159784
0.0892273988756842 0.103188597335498 0.166548059117901 0.155342256168336
0.111866151177375 -0.0897903961011036 0.0623930242549577 -0.0514073323860428
-0.0733061649684752 -0.110097889198538 0.0866269656452091 0.0711403194452312
-0.121201074955446 -0.00458881805898836 0.134641782509477 -0.00543585941722442
-0.0876950604995452 0.0766798442430666 0.090795594859475 0.0399571145001081
-0.0656343395063981 0.0858080463177114 0.0992879383225615 0.129496595904738
-0.0872554471003233 0.0583003760059009 0.030240937403195 0.168050741164334
-0.117784823458708 -0.013338653119817 -0.0680994193632066 0.124685915146737
-0.0363095038413709 -0.112758395510054 -0.123474081490624 -0.0187362009517695
0.0963829341065825 -0.0421515863672833 0.0283344816429865 -0.219613906293237
0.0260472920058507 0.0609805073058976 0.4269466971672 -0.0525159623520381
-0.0369020006805176 0.113028414305137 0.286393442413452 0.412224126472312
-0.202293962015714 -0.0626632551123911 0.245371223113927 0.530335815686805
-0.0545292976778858 -0.0612798483941964 0.342241896417295 0.0819949136292161
-0.0455027425166284 0.101096893642269 -0.00607206096881811 0.079424734238343
0.149981950543711 0.0684697845908238 0.19576969851815 0.157050626367878
0.121211661527279 -0.183835352898454 0.0999863981892103 -0.112906828046588
-0.140869692318648 -0.183285902983543 0.0455362005090419 0.0226906467392317
-0.19550317498525 -0.0264460858990042 0.0918371763728872 -0.0130421401580841
-0.132911797570851 0.0531212215008383 0.0520530303616425 0.0524098407557205
-0.0956591284851392 0.0356283400626396 0.0645351581259395 0.153987397990648
-0.0859131996967725 9.92806734811066E-05 -0.00964694214480338 0.190002598433676
-0.0947181548698941 -0.0410251338218149 -0.105532163319722 0.131327468701557
-0.0400092644251442 -0.138971274672266 -0.147046751101629 -0.0271427395562485
0.164694145816051 -0.100230556923817 0.019118383219479 -0.22951366250983
0.0812955803545319 0.112427709029818 0.380985590435785 -0.0725600910146353
0.0839898873844219 0.131554462030902 0.356193308258278 0.374284561290695
-0.0606495319113687 0.119824274668053 0.263181276286904 0.566685929546825
0.178549596495703 -0.00348308624378049 0.263507460468152 0.0984129101734051
0.0630890640122839 -0.0447299406963201 -0.050535944727826 0.139064702818657
0.138213752981037 0.00845654981574766 0.228483137579207 0.222132027831707
0.111346800095011 -0.246027933001713 0.180876778205495 -0.165885426064888
-0.187664325411778 -0.224740343963086 -0.00225930092699296 -0.0615258139999141
-0.234863921346589 -0.041624217408945 0.0162231343532415 -0.0272950313944885
-0.154058868994716 0.0225632073059474 -0.00508181661418307 0.0625284803223197
-0.111477096265208 -0.0195631249107462 0.0217281494274144 0.157063847681231
-0.0779574410180528 -0.0621018088462195 -0.0355653640922148 0.184569402145164
-0.0606020617612192 -0.0775319328240523 -0.11489453538642 0.130117898225579
-0.0232155124657271 -0.161094826114748 -0.162065940376139 0.00158270200918252
0.2149426993973 -0.148525806568307 -0.0578042685552015 -0.221903636308769
0.170822296017707 0.156359025697477 0.291895161665026 -0.155886797220156
0.149500532392512 0.149302445889283 0.431279614142737 0.230987640493238
0.0919896738458238 0.249713091765611 0.286367590434713 0.526704700426303
0.358521182608902 0.111246901362911 0.117563919906031 0.0760499915783519
0.236467262275766 -0.116058511061042 -0.144196986768335 0.171796942075127
0.145783393312411 -0.089304883848557 0.192246924615326 0.303886318474899
0.0856289268023125 -0.285591176981835 0.262922640095561 -0.156112762041824
-0.204906361910315 -0.228635825944403 -0.0194097389053001 -0.148694096341606
-0.222379835631533 -0.0504973580188 -0.0642076669401052 -0.0524375565461312
-0.140725271894974 -0.0178136056777254 -0.0671115694568862 0.0605155959788607
-0.110175996783426 -0.071954995684853 -0.0221956825317389 0.136515555982281
-0.0707617938076761 -0.113757963329996 -0.0525850694212708 0.154076748477399
-0.0398913117136227 -0.111017226075143 -0.106287721058266 0.115457577994553
-0.011614722140885 -0.189059788031922 -0.15652741662403 0.0368497683059906
0.239306405120266 -0.191100391381376 -0.153296734754244 -0.176963718848118
0.253557651128299 0.129804068737475 0.15763748715683 -0.26279040039034
0.215165708055935 0.150996229568922 0.467796474299157 0.0419253071864514
0.243223465631371 0.308251265581988 0.283030211904008 0.431726425377035
0.441265103293158 0.252181929429576 -0.0395495105886749 -0.000185754966011368
0.377000472251026 -0.0634866377956088 -0.23752224409179 0.142910418331132
0.202606165244272 -0.147829028020141 0.0797942171334447 0.353175167247638
0.0738312208649168 -0.296007840739636 0.30151766520417 -0.0801585180258469
-0.185250354047568 -0.20031026991334 -0.000664613699210804 -0.200354741953248
-0.15689577737868 -0.0492930129289516 -0.11480625524276 -0.0831990215178963
-0.0948462653264691 -0.0606808948715894 -0.1121104746971 0.0399319404743306
-0.0917453998493274 -0.11171159608842 -0.0621313630834124 0.0948576263966874
-0.0626332913222995 -0.140382825756924 -0.0683957123505986 0.105012112679018
-0.0371001373294789 -0.123581683865293 -0.0964874446847558 0.0849987333324829
-0.0210957533714615 -0.201755296148118 -0.134801150161021 0.0491194607513023
0.213458164249121 -0.212442183890619 -0.197723135036977 -0.100639985400553
0.274494228706455 0.0320150752132859 -0.00864619779572492 -0.312973294125734
0.281147661603128 0.105505186382941 0.442989516189114 -0.127433768598346
0.37275854687774 0.295009696978544 0.216066477666439 0.307415121828835
0.433993614129414 0.351691062905988 -0.159944152662392 -0.124883370573591
0.427554147440018 0.0260329581380653 -0.290171032165358 0.0373078205325468
0.226653802153412 -0.147628306354588 -0.0870381507850134 0.327210698525867
0.06356837814542 -0.249925201799301 0.268987652146316 0.0318302174311497
-0.129738979858582 -0.132183488894415 0.0351263863104734 -0.191620345816123
-0.0577812788179767 -0.0386056021726926 -0.113337358621273 -0.105887389736308
-0.0299569994262263 -0.0969499101206871 -0.126384154454562 -0.00228259329623399
-0.0587711732037551 -0.133528843418333 -0.0930030251159927 0.03707257889108
-0.0495202280722182 -0.138407746492804 -0.0879734530541758 0.050830205003177
-0.0378732026141812 -0.107209611887458 -0.10313644146449 0.0470646732594972
-0.0385660919433179 -0.169163797127133 -0.114639725906461 0.0180719295353901
0.123773388323698 -0.187705688477768 -0.166729867526745 -0.0337727535364019
0.213064380424648 -0.0923480811213988 -0.143259943562805 -0.280133334077542
0.300486704012038 0.0133954080160249 0.362241839336938 -0.213880468530412
0.455568622970913 0.228285419771996 0.0842341665515504 0.186672682561549
0.383873866128306 0.359765897737381 -0.219392462708479 -0.27534914836218
0.380976056621045 0.0351026575751818 -0.280652644457936 -0.128729457567235
0.155786553902722 -0.11493660711023 -0.257197060907417 0.219353284598081
0.0316661897631282 -0.147311362475483 0.160143072127607 0.129870475182964
-0.057017627607419 -0.0351502550238996 0.0706638403582033 -0.123590972758081
0.0394587535601863 -0.0221708781150415 -0.0641094121461737 -0.112281276814489
0.0311701104022559 -0.113048015052426 -0.107839985540813 -0.058203480291814
-0.018492130083896 -0.133994029662936 -0.110283778558198 -0.0263172805042869
-0.0204079100652905 -0.116864208811586 -0.107643373141329 0.0078167678596623
-0.0155566462045764 -0.0714237691988946 -0.127784092533551 0.0162269685579726
-0.0339871017720642 -0.0868025470320708 -0.112084428575069 -0.0357465249553307
0.00535312577040691 -0.107436858040873 -0.101248847581673 0.000844879113547154
0.108283427892961 -0.169825918524336 -0.205834741123793 -0.215160116507501
0.243491580394524 -0.0843506255531938 0.257323625993057 -0.192844761618819
0.472052088014354 0.146428296251089 -0.0872954605843694 0.0909232563966057
0.31253798711429 0.247077362014112 -0.232785414884416 -0.417999539891634
0.230200750482681 -0.0432785243615219 -0.250976749800003 -0.30264103424945
0.0452989457965864 -0.0639850510574529 -0.372978938965423 0.0916601555273273
-0.0234060290545373 -0.0458118026586959 0.0314981681963838 0.188365799531882
0.00546177679372794 0.050163350282553 0.0974184329974631 -0.0382730618463021
0.0991235776280901 -0.00459391442016869 0.00891840675905644 -0.109956438345383
0.0724353266888604 -0.103528620869269 -0.0682081423671733 -0.117507624920476
0.0240136484940031 -0.112314377296215 -0.10918898375813 -0.085079197748773
0.0246117777887662 -0.0897609817072891 -0.11338262263791 -0.0214886887566415
0.0402496985408251 -0.0337868853724172 -0.149631696739073 0.00687068016665537
0.00492816514291218 0.0224076619862994 -0.116092386384463 -0.0755718459928252
-0.0850766083324926 -0.00434839590191166 -0.0607225388373121 0.0170602834490685
6.15635371062195E-05 -0.158050262710567 -0.202505347439981 -0.172708058678816
0.145108013081756 -0.158371252987599 0.153430216004679 -0.108856359243732
0.406012518196109 0.0855069830390858 -0.247333734921539 0.0229976499466463
-0.263663861798095 -0.0851774700670028 0.329465584820261 0.047375147420523
-0.0928828324541816 0.178974098140664 -0.0450313235279346 0.0551999270076388
0.0891787216268231 0.103038020749721 0.16708211227517 0.155576727073281
0.111538328705091 -0.0909274272635827 0.0619571049411048 -0.0523027230169269
-0.0726132646166801 -0.110043953103139 0.0875292573687077 0.0704437597152831
-0.122060372556072 -0.00399415109879123 0.134466811597233 -0.00606928036966553
-0.0871635327296138 0.0777537958016 0.0922560300788819 0.0398505457042376
-0.0656523352630004 0.0863361697178576 0.101372174312438 0.128038770723034
-0.0874632286378254 0.0584734587652982 0.0302870223724925 0.167395728514259
-0.118148306347899 -0.0127877947354633 -0.0678767249892272 0.124628178249853
-0.0363692239175506 -0.112748100607112 -0.123461807399548 -0.0178724510156217
0.0966582451567027 -0.0426774722026338 0.0285553817052693 -0.219509246051138
0.0258026557934749 0.0613152812443554 0.428059911778398 -0.0538744724794619
-0.036889771870359 0.112911516874797 0.286635113699752 0.411330087932196
-0.202131093634948 -0.0632974984785816 0.246067942489682 0.530813352561391
-0.0551014533001854 -0.0620234741605745 0.343133235879611 0.0809106278952321
-0.0454478219332979 0.101557753868987 -0.00598403367597054 0.0794612122546523
0.150522283386575 0.0678279175699456 0.197136763944735 0.156764466755028
0.121310963014811 -0.184494246593801 0.100095487150578 -0.114240908134384
-0.140292538004176 -0.182915707244502 0.0451552200570275 0.0230493669816041
-0.197114996804865 -0.0267103290698139 0.0925047168442281 -0.0127165969838811
-0.133665528147875 0.0536068469178717 0.0528098730026598 0.0525416744384584
-0.0959261980767275 0.0363418230356507 0.0653848981814712 0.154447961015086
-0.086783840915634 5.00925613221093E-05 -0.00838817602635689 0.191084243835597
-0.0954790450935462 -0.040751408515793 -0.104677590134477 0.131153515611423
-0.040621296951153 -0.139231225962418 -0.147210825899886 -0.0265800610495889
0.164669156240363 -0.10112604492368 0.019635087248095 -0.230080300259749
0.0825029195131678 0.112684322411719 0.381626214020995 -0.0733033239872435
0.083994539915459 0.131648393665799 0.358516247855879 0.374266172045795
-0.0618381243698437 0.120229591915223 0.264659282470058 0.565453436789815
0.179705159266177 -0.00393900727868225 0.263415602670463 0.0990917559154959
0.0632350301097632 -0.0453451363374641 -0.049976131975991 0.139599921630168
0.138460034772054 0.0087346308940165 0.228822378454426 0.221898802122011
0.110987226238966 -0.24665038674195 0.181526412046031 -0.166378904199681
-0.189479766290152 -0.2237425068633 -0.00201608761769146 -0.0611109121397858
-0.236258031042199 -0.0407824481255721 0.0161232672706755 -0.0267376262219253
-0.154718930767793 0.0226337671402224 -0.0053379731539665 0.0625422814619569
-0.112126620426691 -0.0195595498950588 0.0223931375873573 0.156582666543622
-0.0789970806299039 -0.0625405794436295 -0.035231652209569 0.185374859455348
-0.0613362617206731 -0.0774405464143699 -0.114066937847168 0.130617796641303
-0.0239141061202472 -0.160805814314692 -0.161336803700681 0.00169580674595589
0.215850254868986 -0.149609127498734 -0.0576628375895698 -0.221959850249116
0.171661808634894 0.155239434576446 0.29159834425167 -0.15648378665346
0.149346750079652 0.14892954215062 0.430857478333453 0.230869954600065
0.0926227897390843 0.24909736661684 0.288574949120166 0.528143748801905
0.360120497408956 0.111601613084314 0.11839382844328 0.0762435552229499
0.236269257773132 -0.11691650242109 -0.143358901987032 0.172554645022582
0.146245315377872 -0.0894050486879871 0.19305611372301 0.303121386041451
0.0847111921471774 -0.286289954822208 0.263041682311234 -0.157192302229059
-0.205913773601905 -0.229815002258864 -0.0198536883825285 -0.148699888709744
-0.223531860002842 -0.0489228479231816 -0.0645761144584766 -0.0522081368740816
-0.141761435968491 -0.0177723724080246 -0.0663982993441598 0.0612016405580362
-0.110535032868795 -0.0711538870942216 -0.0216155413639248 0.137451707230284
-0.0711002196824741 -0.112813807772836 -0.0526166592435264 0.154023090545205
-0.0406834250023339 -0.11024012798145 -0.105025019596593 0.115823022090643
-0.0110554867805405 -0.190070606882378 -0.156077523336316 0.038253155450256
0.240861266868599 -0.190963082165096 -0.152853243104969 -0.176496330380008
0.254813962663525 0.129147194517553 0.155673453174849 -0.262739463030415
0.215493467615979 0.152054208876371 0.46753209219509 0.043048172241358
0.244648936643278 0.307397091993758 0.281823521703963 0.431706981305141
0.440500637107123 0.250500188495217 -0.0391951089802972 0.000750967196954133
0.37599760160221 -0.063148682091279 -0.237154816991826 0.14323018317613
0.202785296221591 -0.148324027920341 0.080572152651081 0.353035326437092
0.0720266572528251 -0.297079023540451 0.302780538230172 -0.080779789152544
-0.186504538545664 -0.200704387994118 -0.00265324240637078 -0.199843239696906
-0.158224089787982 -0.0484339756803282 -0.114874737191923 -0.0832788006343477
-0.0957194357823114 -0.0600379712229793 -0.111999376991439 0.0406417921148794
-0.0928732808394373 -0.111112831474838 -0.0620710201835184 0.0953260187560206
-0.0642864262043527 -0.14005340010005 -0.0685366645054312 0.105091954400422
-0.0378170223704488 -0.124232798897026 -0.097161635695614 0.0848001626475156
-0.0220040183594665 -0.201953648434291 -0.133811027147213 0.0498711962862426
0.213155579284393 -0.214489734551744 -0.198064156215579 -0.0995411811123164
0.27528262576396 0.0305843136310534 -0.0100418391629163 -0.313161524150897
0.28134923695749 0.105938852758096 0.443568166020449 -0.129642582593552
0.372631012982828 0.294706278237349 0.216166692313164 0.308919502130202
0.431947386633959 0.348111016997755 -0.15981864603674 -0.123844453038856
0.427381815958797 0.0252887604243138 -0.290370272647593 0.0370838413920169
0.226668475200943 -0.147753011366934 -0.0862525702574234 0.328084551267127
0.0646849267726528 -0.250028339602853 0.269204790272653 0.0311265349510506
-0.131023081449965 -0.131992455520236 0.0356651898915889 -0.192023419586391
-0.0569332295263455 -0.0384198193880659 -0.114329404414416 -0.105748104062604
-0.0313965926906278 -0.0955044709264144 -0.126287550406559 -0.00167469095159338
-0.0601411482208959 -0.13262835610784 -0.0943443680234038 0.0383685725456625
-0.0495683825709714 -0.138726676920283 -0.0883560567163308 0.0526110034419367
-0.0375186267566279 -0.109241728464255 -0.104250386730239 0.0464094481256554
-0.0394997594780614 -0.169571527768636 -0.114537527319034 0.0185947244841553
0.123438990499701 -0.187366925834366 -0.166695134092912 -0.0325571119758025
0.21276953282631 -0.0941844657902998 -0.144772176087076 -0.28012490169537
0.300012017116434 0.013168322854487 0.360714577983656 -0.214586277103994
0.456014159949994 0.227940882384638 0.0847358516557736 0.18589815018183
0.383076899042065 0.356516150180585 -0.220186596827945 -0.275216867043143
0.381998644975896 0.033463010223743 -0.281286630260198 -0.129267317522489
0.156269361331842 -0.115949758803805 -0.25622434004899 0.219850553657262
0.0313828778165639 -0.146843705724503 0.160587617179211 0.129690330656722
-0.0570367990551277 -0.0357364755140113 0.0704205668764244 -0.123672626016752
0.0393768846195453 -0.0223013959181217 -0.0654459385780466 -0.11213437619326
0.0305918872037769 -0.113159506225336 -0.108928853254132 -0.0583960193909817
-0.019214583921099 -0.132848881564192 -0.110187007066773 -0.025694264287272
-0.0211551545265497 -0.116916973415389 -0.10750505751077 0.00802405824128146
-0.01529677397834 -0.0712710875915547 -0.127809986482037 0.017384369555307
-0.0347984660627551 -0.0863964469882634 -0.112183381632957 -0.0361286830662762
0.00450317272253547 -0.107471274491938 -0.101821814938457 0.00138874982317632
0.108803384591309 -0.170438526377163 -0.206250483102443 -0.214516570242552
0.243245696292225 -0.085315540363795 0.258209320948116 -0.194865762677786
0.472266705982167 0.146565999451916 -0.0871967367129 0.0907190749609979
0.313030034234383 0.245022785836771 -0.234909465782283 -0.417182794106503
0.230935073686723 -0.0435079588256812 -0.250784073960695 -0.303945213308259
0.0455773241700474 -0.064253582762455 -0.377379445745876 0.0903080683914516
-0.0233922077833637 -0.0456948457662745 0.0317413523712239 0.187842978089982
0.00524406870458914 0.0503450911971163 0.0966338135211086 -0.0386312823845884
0.0995767544341501 -0.0054330729874689 0.00837050344730774 -0.109795965591176
0.0712426288130708 -0.103025446295101 -0.0686963781660712 -0.117243904518993
0.0238721744403036 -0.113332286152377 -0.110064757000644 -0.084987344433346
0.0237032692055655 -0.0902086550429716 -0.114429989923762 -0.0202662812381907
0.0409392961719901 -0.0343972304896284 -0.149980355379662 0.00657348458677867
0.00475125785157931 0.0225138181729953 -0.116141445631421 -0.0752920006869939
-0.0858924335469129 -0.00383606968161376 -0.0615267762991123 0.0181150096609281
0.000880135793235553 -0.158305044818593 -0.203537526766616 -0.171746110040657
0.14539697771085 -0.159149069683245 0.152283826064707 -0.109198080057923
0.40758591870123 0.0864464482590786 -0.246757084414032 0.0234118920088303
-0.264702117840528 -0.0862505601080263 0.32946730858012 0.046167206239863
-0.093387987053718 0.178947520120765 -0.0447711253049487 0.055003558433403
0.0893280837351191 0.103534298270719 0.16863969294587 0.155383512344429
0.111943458504207 -0.090992100820458 0.0626542344986757 -0.0533252570827817
-0.0738772482132554 -0.110615877985032 0.0873721295646431 0.0701722502039761
-0.122764516480531 -0.00385526196531385 0.134780913847196 -0.00627728890619823
-0.086835958746424 0.0777396443851585 0.0926280401099254 0.0400520921978743
-0.0649504615953574 0.0867792420805747 0.102731537812561 0.128414418711309
-0.0884722382136314 0.0584908301831702 0.0309538272978513 0.167542917621942
-0.118093010445804 -0.0127567825839526 -0.0669631404688835 0.124686577479008
-0.0362792360301135 -0.112964948526991 -0.122992398493789 -0.0179775470797004
0.0967044632964432 -0.0434913864140541 0.0288396009885342 -0.219346569851216
0.0260120517391268 0.0614503274335281 0.42884629445566 -0.0549344105645592
-0.0376260440090848 0.113099638657836 0.287860397178976 0.412293920704749
-0.202508011080942 -0.0640171668380682 0.246758882168685 0.531829942086698
-0.0554841067750279 -0.0622617942211458 0.342188520247401 0.0818128047416904
-0.0453813261788107 0.101644965314147 -0.00544845117218815 0.0797499851768043
0.151354983964909 0.0677201569701783 0.198605346552341 0.157255091260274
0.120711525060545 -0.18557126723486 0.0997324638700633 -0.113773824112322
-0.141806629961902 -0.183583649158822 0.045474033327011 0.0224324683338552
-0.19699401774925 -0.0253552125108795 0.0923644678513148 -0.0131682835401702
-0.133024204461766 0.0546329831036409 0.0540712168800977 0.0532447162281154
-0.0954718103692371 0.0364241827409544 0.0671936744310851 0.15443426246069
-0.0868107082254252 0.000171368249388704 -0.00703466352025281 0.191057046592295
-0.0963430061174503 -0.0405149069752295 -0.104435568754084 0.131334294704444
-0.0412520418694561 -0.139573195689947 -0.146931136089045 -0.0259878709303164
0.163793019507209 -0.101635466371478 0.0197681238257727 -0.229376519308723
0.0828481577251334 0.112291491315416 0.382200910732825 -0.074120818170172
0.0844229503921465 0.131528137303579 0.358638722974734 0.374018283134281
-0.0612194253710456 0.120407991474772 0.265296363334339 0.56520225016598
0.179186758921564 -0.0041159513609011 0.263330797234064 0.0983350295971463
0.0628587270173784 -0.0452052251263887 -0.0503430664300734 0.140994045357917
0.139166030711523 0.00770945198381877 0.230392320363186 0.221796896834332
0.110201979940993 -0.248003878386893 0.18108263860663 -0.167373134546421
-0.190285811251215 -0.223709007779992 -0.00237788521028935 -0.0609014630724243
-0.237293824024758 -0.0399338861943512 0.0157214626561878 -0.0269743017198235
-0.154984578086024 0.0236609840523131 -0.00444836477713479 0.0630794197999518
-0.112928126267854 -0.0185003244365077 0.0231708044425175 0.156292330505606
-0.0793894757963932 -0.0614082999498245 -0.0347416281966162 0.186146127494875
-0.0622307988442601 -0.0772347607482646 -0.113576028269818 0.130908943149633
-0.0245734400095553 -0.162702622714051 -0.160641306643815 0.00251275911807293
0.214640752898268 -0.15135670370232 -0.0579249204903194 -0.221036431217324
0.1726928054927 0.155580646798328 0.291590426397757 -0.156945395924399
0.150438342600767 0.148732360245165 0.433726556599023 0.230483190732291
0.0927389087920175 0.250317566963132 0.288984703917726 0.528873358463797
0.361119311494736 0.110577822925448 0.119065877081773 0.0763287785933991
0.235505227252788 -0.118309076869706 -0.14298393542721 0.173414313911462
0.146014359308836 -0.0902240493193511 0.194285358239007 0.304658517562701
0.0851317360508015 -0.286977162674604 0.263962462520945 -0.158518245880979
-0.206349650141821 -0.229069812606572 -0.0205427147409899 -0.14953416353605
-0.223704620951795 -0.0491400216954634 -0.0640457332400795 -0.0522814402587175
-0.141757274292012 -0.0161715997198318 -0.0660840952937176 0.0614277281120975
-0.111506181350783 -0.0709403315565298 -0.0208347861523055 0.137659772508557
-0.0722736225360551 -0.112488596968272 -0.0521182744191153 0.155038044515958
-0.041567616838333 -0.110741768655365 -0.10521104763803 0.115830742297729
-0.0131756401665196 -0.189658344067878 -0.15585590159128 0.0386149576985094
0.239529984798898 -0.192318649350737 -0.15281871354974 -0.175203086241262
0.255719392739903 0.129759465960692 0.154753786820688 -0.261933117047115
0.215841472287932 0.151670548461936 0.468395895569165 0.0400058695119267
0.24449949638872 0.307062962737881 0.283870815416766 0.432345212204269
0.441480792860099 0.248427971708021 -0.0394905627030875 0.0011472863374666
0.376262982323207 -0.0637200907839678 -0.237045693260766 0.143625476199594
0.203658566518105 -0.1488024284386 0.0815186390854289 0.352147311095588
0.0711379441594992 -0.299446388381214 0.302264493611668 -0.0817567463662044
-0.18719171526504 -0.200572011479654 -0.00310207872522579 -0.199806782595267
-0.158471474822772 -0.0484829219573898 -0.115028876979296 -0.0823238418725998
-0.0966400367717309 -0.0595173707417763 -0.11148586834836 0.0411128474877164
-0.0927458973792141 -0.110809750737808 -0.0617019747115471 0.0951910598547264
-0.0651155488570587 -0.139662927623937 -0.0686588441175405 0.105489096064736
-0.0387744287317542 -0.124665417370123 -0.0960845818461542 0.0850517542190147
-0.0230522971221945 -0.202061718970775 -0.133247878522613 0.0498621804657237
0.213087112249941 -0.215523825644903 -0.197442072515967 -0.0986452158371183
0.277347252321761 0.0305832907871153 -0.0108473438331402 -0.312757196443187
0.282537904526508 0.105834115744542 0.444075395122781 -0.130335691786593
0.374758011014065 0.294205485414206 0.217331906025474 0.308793612710383
0.433772333988126 0.349951398723153 -0.160129348505681 -0.124283648072339
0.429119212604778 0.024192388907685 -0.291700586772609 0.0371208745536242
0.227363922449222 -0.148837558111999 -0.0876851389954239 0.331835587025061
0.0633156885510689 -0.25062508780019 0.269606322232431 0.030179633140327
-0.13148727379412 -0.132480358366254 0.034541356704148 -0.191530235591777
-0.0585553144742455 -0.0386624229369811 -0.114721541442442 -0.104310382116118
-0.0324646040777844 -0.095193004011432 -0.126994030922185 -0.00112693336632271
-0.0610721001427111 -0.132373880185174 -0.0939722320982314 0.0391041450810237
-0.0509696139658046 -0.137992771117224 -0.0887013961204023 0.052764481039805
-0.0373869203115405 -0.108607270948444 -0.104489326555202 0.0466975668413737
-0.039885345479029 -0.16977885724539 -0.11422503104647 0.0189759145345485
0.124387393087002 -0.18869313509584 -0.166957804939462 -0.0316262299434246
0.214957599555061 -0.0948437973388041 -0.146832364223762 -0.277731057919265
0.30250510148478 0.0135715170769808 0.361313108835299 -0.215450557420058
0.457252062949433 0.22750847131362 0.0854501678466081 0.185412827139757
0.383628748178698 0.357080084408317 -0.220456246227473 -0.274651176931015
0.382714502427009 0.0324533585454016 -0.281289456333826 -0.128599301029234
0.156667449208677 -0.11614639883766 -0.257617952303933 0.220535316249537
0.0306403511832193 -0.147356268868382 0.160750135639836 0.129213674916843
-0.0579255222299697 -0.0351661473054984 0.0693234902157761 -0.124049235774834
0.0389269499015185 -0.0218599924036296 -0.0659009594564295 -0.111284434129081
0.0295826320898698 -0.113138859386512 -0.108852625592002 -0.0582002274182254
-0.019642419950888 -0.132984236090115 -0.111530920729824 -0.0262116417091593
-0.0216371494270377 -0.117109608817639 -0.107722204539573 0.00907342299572792
-0.0149558816004029 -0.0717729932804012 -0.128489380689112 0.0171400983311036
-0.0360285832688253 -0.0862303309126468 -0.111556364527985 -0.0356793758792558
0.00417606304793964 -0.107323609625615 -0.101841413509011 0.00218089403740758
0.108684270114268 -0.170937991275655 -0.20711026436888 -0.214780684863604
0.243222259101892 -0.0850783748832669 0.257880222579326 -0.194983873688076
0.473370830094149 0.144921750337107 -0.0866215301900677 0.091575145295698
0.312075613780083 0.24611757508138 -0.234155743022682 -0.417941371251702
0.230463854070623 -0.0437244124282782 -0.251828606637294 -0.303781148975069
0.0454533835990098 -0.0649227253923879 -0.377200057191611 0.0912567136089521
-0.0239384658940717 -0.0460116991813041 0.0309587494787172 0.188484012031678
0.00494269879411116 0.0505913281450861 0.095919095465115 -0.0383943493894524
0.0993377450884407 -0.00508545987043983 0.00611831728020002 -0.109074030558255
0.0718597089846773 -0.104666633490146 -0.0691295859820888 -0.116857561636398
0.0230012249894578 -0.112247104427004 -0.111320981697878 -0.083630705851702
0.0237570892622008 -0.0894498833089986 -0.114543589477523 -0.0204975475931359
0.0403870590913947 -0.034163592592327 -0.150617842281052 0.00722628000868363
0.00471491549648647 0.0230944958972065 -0.117186366844254 -0.0753764521359103
-0.0861038727640575 -0.00411387363007391 -0.0611277948092655 0.0188009128032808
0.000388770895879062 -0.158959911247528 -0.204428362651773 -0.17121472841472
0.145849826074938 -0.158999910545168 0.152677146848146 -0.110827557630638
0.407572583771292 0.0870507523925864 -0.247507456840585 0.0242960302232922
-0.265165276961674 -0.0852706156525517 0.329928217417136 0.0470123105245852
-0.0924809430046076 0.179664609177385 -0.0453571480308553 0.0561286914307902
0.0897553388990497 0.102965172448099 0.17018693350587 0.15588058250638
0.111540560278386 -0.0919535508837612 0.0633267990035725 -0.0540650594651321
-0.0734640315584654 -0.109806404156345 0.0876570782058994 0.0702723263841858
-0.121994412430348 -0.00326243753169161 0.135298682123858 -0.00670424831301304
-0.0872863090870156 0.0786664879037191 0.0934980096086929 0.040206641290044
-0.0648781762283854 0.0868398949690298 0.103971765993591 0.127220433705078
-0.0881611293754513 0.0579927868990158 0.0315676742581535 0.168291498953821
-0.118582864162378 -0.011977452156335 -0.0668346676863447 0.124690868216035
-0.0371263492280504 -0.113699572424309 -0.122673312334702 -0.0174058867053783
0.0967408384569243 -0.0438703718816734 0.0289287981548409 -0.220325376761148
0.0264842254407589 0.0620367574312199 0.428802959511114 -0.0543464074579812
-0.0377541758280951 0.113962221689118 0.288371533721408 0.413240262660996
-0.203648245785689 -0.0635662683829047 0.24731466849292 0.532287243178493
-0.0558857438184849 -0.0634280330193351 0.342874621195271 0.0813126704248864
-0.045070473269277 0.101407791827173 -0.00542989100861079 0.0804064092752499
0.15086907110141 0.0675789549178314 0.199926503505514 0.157687467640617
0.120605885956909 -0.18756529376574 0.100047851318912 -0.115639422605511
-0.142519804674392 -0.183641869363439 0.045203539717327 0.022907538318632
-0.197857560365182 -0.0244910912086184 0.0922663139975617 -0.0143401095788117
-0.133426601156382 0.0550178697755393 0.0550221567897922 0.0532809579807191
-0.0964087605974149 0.0365391303404708 0.0685045939745665 0.154300358204595
-0.0873490661867459 0.000688950142365012 -0.00566525895846423 0.19155815880133
-0.0972088112603521 -0.0407282068416378 -0.104058991213378 0.131254217290514
-0.0425050289052766 -0.1403553255222 -0.147148279811752 -0.025924002258655
0.163614659696519 -0.102840204422752 0.019096923946975 -0.228720141979313
0.0836770689525788 0.112405505935804 0.383316192843122 -0.074956330359823
0.0843399914728974 0.132087056194571 0.360344596732527 0.374494672849322
-0.0614774357934978 0.120610213169247 0.26686847615735 0.567134018492672
0.178706671233986 -0.00469080477534039 0.264521910511318 0.0977023812408379
0.06268908495901 -0.0458359449273801 -0.0495091728006924 0.141373803192364
0.138742477766309 0.00737707537357123 0.232282607900621 0.221338014186475
0.110684257824875 -0.248405412851863 0.180637031383629 -0.168939084538944
-0.190226782042615 -0.224224729392616 -0.00303128980731618 -0.0608591679584642
-0.238841743124402 -0.0397052708979744 0.0163248483459573 -0.0269180823256591
-0.155424776696921 0.0245276450774131 -0.00391821373256448 0.0633279104713326
-0.113310786909887 -0.0184450913656966 0.024633702307252 0.157593079971384
-0.0802025333298328 -0.0619568832365422 -0.0331679324689814 0.187152748332344
-0.0635877473688623 -0.0775644885016546 -0.113059130332674 0.13126929660769
-0.0254097138455528 -0.162668225128021 -0.160415796302208 0.00293706658353332
0.215936133884422 -0.151597563957461 -0.0585258557636217 -0.221480957157572
0.172600528513393 0.155986644258561 0.292692690943316 -0.157263350510677
0.150806894850345 0.149026185867115 0.433020399162448 0.230583694680959
0.0925349174891787 0.250815719233732 0.2906157307137 0.528526090131771
0.360163359570823 0.108913770380975 0.118538511264569 0.0756378417906518
0.237400992526462 -0.118165888779681 -0.142578351198173 0.174326838294595
0.14592141364912 -0.0904213602002579 0.19552110874603 0.305310652157307
0.0835616335764348 -0.288363002891272 0.262954689424604 -0.159237470421929
-0.20822790867444 -0.229272267137783 -0.0212194064357756 -0.148690440259916
-0.225238757995092 -0.0486446255202681 -0.064660698862959 -0.0521298661260708
-0.142332100728817 -0.0153536092031906 -0.0654756836644504 0.0620938773471217
-0.11205262598761 -0.0697530410974126 -0.0200101449299094 0.137851512811664
-0.074039931627927 -0.111970097194336 -0.0519872488285978 0.155184367098818
-0.0420578777838345 -0.112142664869585 -0.105949194186151 0.116503764040905
-0.0139323790916739 -0.189961336383633 -0.155877288900743 0.0377779631735493
0.239282289987431 -0.19390759226538 -0.153996397338016 -0.174141206341707
0.257586617769851 0.129161974025315 0.154935114964197 -0.263433011347019
0.216164954232182 0.152425635760772 0.469781925547258 0.0380564412286188
0.245958844242066 0.307916286996255 0.286610531029328 0.43308812014706
0.442565706782516 0.249802284295334 -0.039091808510916 0.000982853009627592
0.377238044707461 -0.0644127762765841 -0.237228944068434 0.144683207692166
0.203397251895071 -0.149809826926312 0.082944574087474 0.353078990495596
0.071517126120235 -0.299739005862893 0.301597638665399 -0.082954261502882
-0.188032235761566 -0.200267232608329 -0.00341476553856667 -0.200468743887691
-0.159318971578474 -0.048126759404294 -0.116035772731373 -0.0818421075339266
-0.0971254119171421 -0.0591784273447619 -0.111321012356075 0.0409655063683209
-0.0941615792910182 -0.110260736892143 -0.0619873774821191 0.095977202286272
-0.0661152269595983 -0.139412041487628 -0.0688806602263679 0.106016346174003
-0.0393705809696857 -0.124221158255543 -0.0969235379793581 0.0849313789143061
-0.0236191114066967 -0.202601656501728 -0.133686244058294 0.0499882739902505
0.212357466287669 -0.21632718267221 -0.198583895707435 -0.0980823927023074
0.277987829982145 0.0279992666905497 -0.0122573874035371 -0.312938561396386
0.284420862111963 0.104489148700857 0.444259543740917 -0.130244321750641
0.375400620763542 0.295152089299999 0.218933755068835 0.309273694129597
0.436907520413081 0.352087078268644 -0.160329566059199 -0.123992332164663
0.42906163205403 0.023494283497747 -0.290634302968249 0.0379265199759448
0.227053865815192 -0.150490338098916 -0.0877949312471811 0.331725378759466
0.0619371413112518 -0.250864039456696 0.269303728082715 0.0290261205350238
-0.132484344125056 -0.132133437399916 0.0324549227050951 -0.191252671442041
-0.0587688333671319 -0.0377000997816834 -0.115576068338959 -0.103265566487477
-0.0320628612494968 -0.096472536804403 -0.127519181825363 -0.000438264183874445
-0.061200703757459 -0.131529464208557 -0.0943182487098019 0.0385133569357129
-0.0518718788958039 -0.138439879996875 -0.089720736986394 0.0533747651572253
-0.0401169128907452 -0.107697928454088 -0.105115990135288 0.0462195130006464
-0.0411165962282189 -0.170321284625765 -0.113808865978188 0.0193575224454845
0.122379062387563 -0.189906632716712 -0.166744685022417 -0.0306682201592504
0.215260825103394 -0.0959899230715534 -0.147845673631064 -0.278516682585229
0.303573039251848 0.012899231504152 0.360912196332775 -0.21754891833159
0.457841538146996 0.22830190842872 0.0860124228822798 0.187595111670744
0.384432200136878 0.358668908557884 -0.221310453978889 -0.275577781996986
0.3827779685418 0.0318960751422187 -0.282015808494807 -0.128926890999387
0.1572631046949 -0.117246104939208 -0.256570744372288 0.221287422181304
0.0296737513724021 -0.14799862863142 0.16117788942437 0.128326371729588
-0.0586668566321178 -0.0351132886084754 0.0688000274842556 -0.123854666920285
0.038734378505807 -0.0224689018982908 -0.0667018285472848 -0.111702515203594
0.0291338022044347 -0.113974338525239 -0.1093016602379 -0.0571983493140876
-0.0210168902865933 -0.133254342389679 -0.112532085068661 -0.0246574503743401
-0.0219464222490137 -0.117571350383092 -0.108683184095532 0.00940832267601063
-0.01668936365579 -0.0713449338454524 -0.128096969423941 0.0175694767334758
-0.035876643813162 -0.0857712252734855 -0.111531711158749 -0.0356560601505627
0.00432204179862993 -0.107155671442066 -0.101843568497857 0.00373157727910787
0.108948383060676 -0.17193716748135 -0.209652846395518 -0.214570997033671
0.244473879741822 -0.0855729269899483 0.258136590905941 -0.195873899554319
0.475037534913664 0.14613104948716 -0.0867224183670639 0.0921127967180752
0.313945836224167 0.248933293057641 -0.234693230120433 -0.41819449776539
0.230639803838412 -0.0453168151447659 -0.253865060086306 -0.303581569148493
0.0458078246786046 -0.0649709211378496 -0.374520049063728 0.0936561490619459
-0.0241348398727006 -0.0455479563087936 0.0315670173355172 0.188786572744978
0.00509106175737339 0.0502259393241275 0.0949739601112661 -0.0395265033559415
0.0998272300665977 -0.00562129373782451 0.00614721425026969 -0.108925277302246
0.0721894737213531 -0.105300699494847 -0.0706435050240543 -0.117213112406389
0.0232115106246485 -0.113186852895167 -0.112394766032218 -0.0838279398108763
0.0237072183615585 -0.0895556782123473 -0.115343402301079 -0.0205020493522632
0.0396625981603769 -0.0339607919557466 -0.150979253675932 0.00770057242760955
0.00460113920592457 0.0229342017163868 -0.116800655145312 -0.0748570360688184
-0.0860413242588759 -0.00377691627304654 -0.0613858925227364 0.020064595505438
0.000419326703851927 -0.159617638747994 -0.205999389382846 -0.172793155101805
0.145573587863961 -0.159560088455414 0.153770997710244 -0.111121297565775
0.407837307516719 0.0858518935614504 -0.24852636438835 0.0253306755276444
-0.265760777688556 -0.084993060310399 0.329982124711272 0.0443080577817458
-0.0920227595141133 0.180495471992793 -0.0440921654325875 0.0562110131319007
0.0911209506824373 0.103518972562361 0.171683021420446 0.155298136915538
0.111534709325285 -0.093144882501414 0.0631868121851742 -0.0543467843673717
-0.0736323270418135 -0.109890068460533 0.0881583906700877 0.070206198601012
-0.122580898311625 -0.00316259151818916 0.135232915536402 -0.0067210400785817
-0.0862716355185371 0.0790067622985204 0.0946116587899212 0.0393031984716581
-0.0644678342228659 0.0874598307592166 0.10500513921564 0.12717616266871
-0.0881983532328017 0.058719497493491 0.0337735032576082 0.168145150338027
-0.119185744062442 -0.0122443601119453 -0.0659718145126198 0.125672954500343
-0.0381690985203923 -0.114022902391398 -0.122689547797221 -0.0169413400205013
0.0974347140062284 -0.0448276344926422 0.0278527214229686 -0.219713377913505
0.0265342161966627 0.0618667787439544 0.430159922683098 -0.0566345633104733
-0.0375821233914428 0.113926852691931 0.291454159906779 0.413994433550468
-0.204483033479317 -0.0628431001708547 0.248053865647846 0.533540895598118
-0.0554988228871267 -0.0628950114069601 0.344563921247702 0.0798740314290223
-0.0458881127344771 0.101517412007447 -0.0044707623591604 0.0812505829308883
0.151709788704699 0.0677920725249668 0.201177600075767 0.156888171156096
0.119250731440403 -0.188315143232949 0.100417814434749 -0.11654699130512
-0.143484396543196 -0.183084045905406 0.0456480379641632 0.0218741683509824
-0.19845401050167 -0.0233751317206957 0.0926242202282517 -0.0139684622636325
-0.133688353242812 0.0565363063300228 0.0554369992668998 0.053234571757222
-0.0962930230639596 0.0376729079644987 0.0694383337581847 0.153669566863395
-0.0881078838206316 0.000845147375113659 -0.00553018498897943 0.192636292649233
-0.0969082728023759 -0.0408662850590634 -0.103327146448757 0.13188701970117
-0.0432053222789915 -0.14079343919705 -0.14712602977001 -0.0251855087663623
0.163934283094426 -0.103898869247619 0.0182147798155504 -0.230042102501148
0.083742366797858 0.113489886888219 0.383095611112741 -0.0764173571875482
0.0847448629169426 0.132131609396295 0.362902364227543 0.37630333946395
-0.0620916322389323 0.121196542462939 0.268658662154971 0.568686865537713
0.178731815912539 -0.00617916230022988 0.263941485740276 0.0978485805252587
0.063010246476109 -0.046466534597168 -0.0487702525927989 0.141854152265585
0.139905654162804 0.0077388807175735 0.233671988027075 0.22165591445338
0.109469786297941 -0.250417605256867 0.180372813034168 -0.170466503738566
-0.192340582268819 -0.223469772204537 -0.00273377071951155 -0.0607205842618265
-0.239548693935478 -0.038458600045804 0.0166558328144172 -0.0268987881571137
-0.155769146268314 0.0254923470639817 -0.00262837915789164 0.0630876493494591
-0.113925140729694 -0.0181342283112515 0.0261998073444583 0.156598175897087
-0.0813549681916043 -0.0616103645584711 -0.0319107684659098 0.187807028949776
-0.0642751416778664 -0.0774305634860904 -0.113107685931594 0.131714789292689
-0.0266347639434809 -0.163367876369605 -0.160797695935096 0.00306435767213623
0.214721397882173 -0.153438628590847 -0.0598279148468178 -0.220819009017398
0.174937252259278 0.155228486385352 0.29176825477561 -0.157900054634537
0.151627623895593 0.149119410512039 0.435375059057068 0.230156462638084
0.0937622838676804 0.250912741401367 0.291237015230686 0.52961700468812
0.361246096648399 0.108689173603845 0.120081178776648 0.0756253434178589
0.237145444470792 -0.119606209964294 -0.142542206119935 0.174839637895641
0.146621561758631 -0.0914635221024119 0.196456986034511 0.302972687218018
0.081163779175672 -0.289393616211363 0.26230977129186 -0.160978271459813
-0.209662613104165 -0.23005781453904 -0.0218485958218162 -0.14835955573015
-0.226519272551974 -0.0470410248440769 -0.0642889974754113 -0.0512875296153698
-0.143569695778065 -0.0146643242302188 -0.0647470899772941 0.0629278939280278
-0.113313387009545 -0.068841779135967 -0.0191090969096966 0.137691683193367
-0.0749262103848048 -0.111908711223161 -0.0514381034461716 0.155955578885388
-0.0435423384486963 -0.111744832557218 -0.105641854230159 0.116806493578407
-0.0146365024946169 -0.191603631760644 -0.155875246344503 0.0396226927312872
0.239660246059163 -0.195918964863064 -0.154917000382691 -0.174754631852147
0.258681492860062 0.128761054806085 0.155761220913042 -0.264175408537212
0.217834711749738 0.152657555180971 0.470559401693264 0.0385581304021484
0.24591839986867 0.30871183137644 0.286553047224519 0.434182806754315
0.444014356248933 0.250767180205001 -0.0393232831925237 0.00171726250561053
0.378808057394706 -0.0664808642160832 -0.236941260986575 0.145460889511896
0.203820609950448 -0.150836999426499 0.0841439481392166 0.353923768818825
0.0706251757086376 -0.30030837488717 0.302445448334042 -0.0835556821722595
-0.190228225024943 -0.200411978144863 -0.00479259435173863 -0.200480107239458
-0.159921244087613 -0.0476964550905183 -0.116538575519465 -0.0809934999547515
-0.0982578635366203 -0.0587482266234893 -0.111927993162061 0.0421444011887687
-0.0952156492250942 -0.109711518388088 -0.0611693819345598 0.0960146818910814
-0.0682622542288989 -0.138952451296539 -0.0688904605361682 0.107005925906161
-0.0410892979781414 -0.124384855632154 -0.0974106846359495 0.0858736063919213
-0.025067576535478 -0.202775109582391 -0.132940640092115 0.0500880290204168
0.211901537628732 -0.218028091075346 -0.198780429611832 -0.0966014513768652
0.278972927772339 0.0278980882329834 -0.0133546360195751 -0.314033764231681
0.284996323824765 0.106078950953732 0.445763448472406 -0.132147509626143
0.375367226919065 0.293848959349586 0.219973052360932 0.310234879771924
0.437146035921731 0.351010659462688 -0.161059937806727 -0.124205803652492
0.429743874070587 0.0224068234314142 -0.290830370122622 0.0388720769896706
0.229224325411031 -0.151526216647462 -0.0842231466254243 0.33079249451757
0.0604578087583657 -0.252693152346566 0.269652352624238 0.0290983587879164
-0.133567757079537 -0.132297794450557 0.0320003588609613 -0.192651760090667
-0.0594784008947527 -0.0384022926855198 -0.116022320476734 -0.10455210727271
-0.0333344990463533 -0.0963214740282659 -0.127218270772916 0.000315760784761242
-0.0622460216884309 -0.133183621332247 -0.094508242906898 0.0389607067860287
-0.0535960758612406 -0.138707926285806 -0.0894037676713105 0.0534504712454469
-0.0405516631254072 -0.107339027281595 -0.104750936519678 0.0466331442232247
-0.0424391331725414 -0.170374572293809 -0.113268939673764 0.0190150221890574
0.121306859908044 -0.190587441262752 -0.166917619581958 -0.029804216291439
0.214681246455006 -0.096809458358374 -0.149485347416664 -0.279787332041325
0.30428095054069 0.013086063187367 0.361897720787179 -0.219154638001321
0.459935644958234 0.228008882864423 0.0869017736397783 0.187470453839032
0.387706971165919 0.358693678764424 -0.222110686357631 -0.274892958238018
0.385070540542578 0.0306101242123454 -0.282357466905896 -0.128247218971262
0.156784809688957 -0.118736648038187 -0.256851824679873 0.222310552170862
0.0289506187218912 -0.14791211885705 0.16064699662194 0.128455695122287
-0.0587810361091716 -0.0349223328616272 0.0681773038726812 -0.124186513001559
0.0383878194626547 -0.0220108184880585 -0.0676140015198981 -0.110965941116485
0.0289886613320485 -0.113806023249038 -0.109898116439963 -0.0567764863737512
-0.0208950516819093 -0.133407545539944 -0.113194223833721 -0.0254094216791263
-0.0229033960420224 -0.117095493125424 -0.109574095064958 0.00947496951997581
-0.0161641627033033 -0.0712459264718157 -0.129881772992111 0.017788745816015
-0.0369073292960486 -0.0862497105983055 -0.111402873969773 -0.0355677143356376
0.00304286739343408 -0.108284712180717 -0.102431430049889 0.004410582847499
0.108254806249857 -0.173560276052698 -0.211920835384994 -0.2137553138144
0.245399614008766 -0.0862664355128807 0.258284162368089 -0.198676114027577
0.475978981758705 0.14456828224273 -0.0866469955121738 0.0922286756690079
0.315789622344538 0.248701890301576 -0.236735427074353 -0.417868720653359
0.231560157391335 -0.0454114715883559 -0.253912977154346 -0.303544955490232
0.0458107767269052 -0.0659027285121876 -0.374805387716925 0.0939370481498832
-0.0244303617661455 -0.045547186973589 0.0320621582734829 0.188326954148557
0.0045088972064081 0.0504724944671898 0.0947918145801239 -0.0393578621682254
0.0999353026858764 -0.00586405484060751 0.00680881690102395 -0.10987527023538
0.0707368779204949 -0.10576039701843 -0.0714209161684787 -0.116296476651192
0.0229328909753579 -0.113540799872472 -0.114311525677049 -0.0840410771546718
0.0234228123033858 -0.0902013961435726 -0.11668617630588 -0.0200903450169531
0.0399550028679084 -0.03503225369815 -0.151709491633461 0.00835608326663293
0.00491708862751842 0.0232542763739747 -0.117479375388096 -0.0753003374037005
-0.0864003102645744 -0.00254693367609459 -0.0616942605813944 0.0202322153958907
-8.73589944102538E-05 -0.159810717970146 -0.207961007588501 -0.172512490925261
0.145535903376132 -0.15995963187795 0.153162980566902 -0.112585671861335
0.408616285605463 0.0844643736228937 -0.248288051389716 0.0254603597301361
-0.26777070979214 -0.0847849888372113 0.331536712901644 0.0444302749942508
-0.0915901395586459 0.181001107492212 -0.0438312630221215 0.0563041178656628
0.0909556930989594 0.103960806683199 0.173197428104076 0.155668703704084
0.111212221832687 -0.0933287757482563 0.063015853476288 -0.0555151570044427
-0.0752979426468017 -0.110057357114404 0.0885607085209475 0.0688467042541874
-0.124218634426547 -0.0019651576693349 0.135214190376648 -0.00760960199455417
-0.0858667010341749 0.0801452391103039 0.0955072998960326 0.0389963297804476
-0.0646279973136412 0.0883544802879415 0.107301168981537 0.126649504977448
-0.0880933665000541 0.0591171410268594 0.0346391694734362 0.168995297874288
-0.119470904968369 -0.0114880943187446 -0.0657396941760642 0.126382335074542
-0.0383708340280171 -0.114749254931687 -0.122618436079191 -0.0165857459947819
0.0974761384388596 -0.0449971085496173 0.0275978565979182 -0.220353374481111
0.0274289209525538 0.0625751093014693 0.431954899272544 -0.0582004021699316
-0.0371459229474656 0.114060780177806 0.292720405687432 0.414489320270422
-0.206011514073315 -0.0624901058288271 0.250743745495193 0.534873432052597
-0.0569545614627427 -0.0633193455132642 0.345342752498688 0.0805026301995855
-0.0446890337996396 0.101871316243148 -0.0036275727697766 0.0818432038776589
0.152560641377561 0.0671463369098151 0.203700746828237 0.156544547659438
0.119979374667706 -0.189938726998687 0.100028150349004 -0.11752541602493
-0.144946236198716 -0.183712722698929 0.0462145845776877 0.0224331889909077
-0.199499080556807 -0.0227972327432956 0.0928831872313013 -0.0138742214035234
-0.13358794158565 0.0563176102668517 0.05697313676035 0.053153639226134
-0.0969429050340165 0.0380461355653659 0.0718644990914267 0.153922473418004
-0.089103045938615 0.00160605001063362 -0.00464470495211446 0.192813723039711
-0.0979941978621804 -0.039791743388709 -0.103027320740638 0.133274405164673
-0.0439746122312347 -0.141577169246792 -0.146906206856419 -0.0240802339978651
0.163975779348622 -0.105465684988775 0.0182169708755438 -0.230271113383809
0.0847713505467804 0.112855011567226 0.38502449073032 -0.0761349263318999
0.0860800205258486 0.132901643983067 0.364750146365254 0.376439728420668
-0.0630074086855317 0.121187566699042 0.271361225684324 0.56896430347578
0.179271306010111 -0.00735068371747282 0.2662846925909 0.0966422277575688
0.0626337027051035 -0.0469328305422166 -0.0489247254909241 0.142852315702133
0.139934532187607 0.00641782241872864 0.235411858428116 0.221324153793645
0.107851011396374 -0.251763809153921 0.179980821592509 -0.17245438943494
-0.193427670861124 -0.222966218245228 -0.00333697061397387 -0.0612487551617267
-0.240957930659807 -0.0362812376870545 0.0169881580031342 -0.0272562929788604
-0.155928482423083 0.0265200599777255 -0.00175097311725168 0.0639728493362424
-0.114818816071284 -0.0167879479459749 0.0277998268706223 0.158196721227347
-0.0829311544313796 -0.0608804722658583 -0.0320373171387582 0.188863945961593
-0.0646914978365776 -0.0774970213883897 -0.112209808166212 0.132426571432567
-0.0270204909916829 -0.163991940521893 -0.160578093340736 0.00339950740977214
0.214530345354223 -0.154967953151816 -0.0595713450225864 -0.221192629053345
0.176549724535683 0.155132262888063 0.291834064082725 -0.158785888683731
0.152701841114139 0.150000836260963 0.437196857093031 0.22904521186609
0.0941044930034516 0.250700643449319 0.29584707940927 0.529896954483972
0.36316868122047 0.107167839857361 0.119288394772268 0.0759514619124481
0.237236589160157 -0.121251229230047 -0.142519580159788 0.176470277568506
0.146720044596947 -0.0924042678565465 0.199702068326669 0.302805936081881
0.0815452002081422 -0.290658911258009 0.262279677007916 -0.162806057844697
-0.210763647876479 -0.228584290285534 -0.0219250411522518 -0.148724394068081
-0.227939291355874 -0.046049431053179 -0.0648915368680918 -0.051180315672139
-0.143970873038925 -0.0146320664990755 -0.0645854313630009 0.0632909155492063
-0.114562120839306 -0.0684956193410441 -0.0185062542723639 0.138154900698974
-0.0769896376442169 -0.112681758037035 -0.0504305128116424 0.156719935619162
-0.0444235911558212 -0.111100090547574 -0.104199358116122 0.117442618648392
-0.015544555443489 -0.193044048913304 -0.155719225907914 0.0392903398663212
0.240137811018872 -0.198244369088182 -0.155769002839659 -0.173718507015081
0.259749753953006 0.126746094728873 0.153392127112038 -0.265002992413804
0.219717258338728 0.152237359915778 0.472592562730851 0.0369141868877851
0.247431572858759 0.308197190501526 0.289070846678882 0.434907866280967
0.443879134136754 0.248009911813 -0.0388947156755107 0.00112164997531583
0.379022477669323 -0.0666934521859174 -0.236252882049037 0.146891910676038
0.204811215912077 -0.152310331355322 0.0858747684249164 0.354148260763947
0.0693783124500564 -0.301777301265479 0.301813660853726 -0.0861704145527278
-0.191880673162343 -0.200548415494035 -0.00549262376954708 -0.201099903995212
-0.161501612877331 -0.0459081203951095 -0.117547979437711 -0.08087056178064
-0.0993528774129454 -0.0583544684408112 -0.111659687438064 0.0435035703846204
-0.0954108135183811 -0.109419232549852 -0.0610143089005635 0.0975813036577008
-0.0698713058522358 -0.138579122778619 -0.0678183157229165 0.107527496564713
-0.0418499864137662 -0.125105514316365 -0.0972918036383904 0.0857910189318435
-0.0256376888696116 -0.204142759160813 -0.132985162170419 0.0511105950749016
0.212588204048373 -0.21979956773301 -0.199918883008737 -0.0949739705533309
0.279769020795787 0.0263332127525969 -0.0155411945678655 -0.315041590565128
0.286048791514714 0.104649885186974 0.446528547954991 -0.134952826680291
0.378034684214506 0.293256265759337 0.220543942072986 0.309945593306671
0.437435218161498 0.347347276899963 -0.161766288076679 -0.123369826537193
0.43239473011909 0.0214579756278241 -0.29100372871061 0.0408589992206814
0.229373301461428 -0.151970964612588 -0.0828994544718377 0.330172175131347
0.0609450122364558 -0.253379512346785 0.270766958582342 0.0269325103796263
-0.134991702636558 -0.132191099457901 0.0311515379290816 -0.193377163996519
-0.0599005687521951 -0.038480050923204 -0.117524433306202 -0.102816856503631
-0.0344972335890202 -0.0950314702189512 -0.126797106195857 0.000926190971750391
-0.0628974262803832 -0.132969937030413 -0.0955533764621821 0.0396729682506892
-0.0533873248267198 -0.137640991886414 -0.0902351369590437 0.0538015434093653
-0.0397096077137416 -0.109425701605337 -0.105548824795896 0.0480589400731334
-0.0428113706628849 -0.170457435468569 -0.113383001954143 0.0197798558223145
0.121239665835997 -0.191999016852373 -0.167737753969271 -0.0293010747256428
0.215024064894116 -0.0983672657470183 -0.15182195613312 -0.280965311539198
0.3042941217036 0.0117031229838357 0.36187178137023 -0.221105679190981
0.463889168344251 0.22807664708352 0.0876598984462986 0.187389169534998
0.388575180431809 0.357860900235911 -0.224094520886363 -0.275650143111195
0.385086138081537 0.0302321148591161 -0.283575861132597 -0.127874748377564
0.157096550274356 -0.119788216720474 -0.256934154489762 0.224330230624208
0.0281597094506186 -0.14941303804008 0.161376473441724 0.127786423632309
-0.0588569199341097 -0.0347897297675487 0.0674942457175044 -0.12566930669342
0.0387623486079616 -0.0230001382526586 -0.0681592156642946 -0.110363859671934
0.0283993577376296 -0.11432215637405 -0.110746384923176 -0.0563050746977096
-0.0221389783911193 -0.132958830149226 -0.113781615040325 -0.0238516758558504
-0.0238934026081813 -0.1164594722177 -0.110678890988058 0.0109142795221355
-0.0170719484364187 -0.0716482677271108 -0.129945970832194 0.0186919561745423
-0.037553429546253 -0.0860062871927225 -0.112285389629101 -0.0347310435381297
0.00257752787678549 -0.108607544887414 -0.102502974191266 0.00510798789020305
0.107611698930179 -0.174372940954938 -0.213528340342939 -0.213238335846901
0.244688732346666 -0.0872219764531098 0.257830828939284 -0.200056334912584
0.477801848085053 0.144788539615255 -0.087133818208276 0.0932068963354582
0.316798536391595 0.245392662784064 -0.238251007027816 -0.417499262412155
0.232578693925581 -0.0463545728773546 -0.255132566810852 -0.304179418268094
0.0454482326872631 -0.0663247583330786 -0.378316777149952 0.0948962989054452
-0.0248081459981573 -0.0454322221897631 0.0309401950281013 0.188360406361554
0.00562609779125026 0.0505920021048076 0.0936016308106977 -0.0399789003524471
0.100642322348061 -0.00627913862478303 0.00483823789246727 -0.109211796262377
0.0698779268616519 -0.106115262398892 -0.0721524370040355 -0.11632284032442
0.0223076285617222 -0.114521475287533 -0.115766170434801 -0.083311716958241
0.0228557268712342 -0.0904382459702463 -0.117536064760263 -0.018454913430604
0.0405431361008611 -0.0352071901789141 -0.152352299228786 0.00840125204071819
0.00494102089641471 0.0234663641006744 -0.118413787494533 -0.0741891042996341
-0.0874577606295148 -0.00263559336358214 -0.0620772733052811 0.0205991973361136
-0.00045485527527883 -0.161038136439216 -0.21001792475388 -0.170097788034002
0.145443184634612 -0.160971989268417 0.153335392920722 -0.113767047839876
0.41167623027569 0.0841627141671747 -0.24857986332152 0.0272165593989704
-0.269167160437064 -0.0835165389215772 0.331483392419053 0.0418813114069814
-0.091501336451132 0.181718413561152 -0.0439522743408535 0.0567289036139018
0.0917279085050529 0.103332054487816 0.175705974158958 0.154393238448692
0.111187189890228 -0.0940176703399388 0.0632993732589061 -0.0569726281488666
-0.0752471007131513 -0.109678311445168 0.0894090536647355 0.0688440600008855
-0.12455005461045 -0.00122848630134158 0.13590893608288 -0.00908703626733537
-0.0855810990968375 0.0805066157962479 0.0966396211604809 0.0382319517874874
-0.0646161177204916 0.0882272430669428 0.108395809660388 0.126125010616306
-0.0881643263221852 0.0604788873254935 0.0364732951766792 0.168895744609144
-0.120965418653682 -0.0111350458507612 -0.0648118610350836 0.127077740329419
-0.0391516626271131 -0.115465097759118 -0.12234406329756 -0.0159843417444969
0.0970856189428862 -0.045632785783229 0.0268877902492782 -0.221042742525296
0.0274360220978606 0.0616358810820248 0.432228236107316 -0.0588867254139762
-0.0369486412675521 0.115087921340955 0.294730973043072 0.414080150427214
-0.207218031555079 -0.061505120695685 0.252424343900798 0.536778064183134
-0.0573502733445708 -0.0636767923294225 0.346481947324887 0.0782937741268325
-0.0449285875605678 0.102278612262247 -0.0037583118410604 0.0823037602719497
0.152413982507335 0.067391967467695 0.204886335774087 0.157190357072823
0.118738777424774 -0.191393648383394 0.0994674707351946 -0.118542498800475
-0.146467973129257 -0.18279236972751 0.0460109536228581 0.022320882631604
-0.200533709662666 -0.0206802744425862 0.0923818425869311 -0.0148855669708451
-0.132933709451031 0.0582336228295521 0.0575421543891393 0.053358443468967
-0.0963038427720997 0.0393858751401812 0.0732011237241312 0.153648563760614
-0.0893215925665326 0.00154064463826862 -0.00226799311194111 0.193260165776231
-0.0990100553708682 -0.0395774287389756 -0.102560767113721 0.133327870689519
-0.0443315562143106 -0.142603678008079 -0.147286579479783 -0.0233569844397864
0.164710776160844 -0.105946855973524 0.0178561204361037 -0.230424137371225
0.0857756091729066 0.112991066931519 0.384788055400856 -0.0775743534845925
0.0867548234088382 0.133469816563695 0.367532707195807 0.37445246480584
-0.0635234991326618 0.123024878508909 0.272796731473934 0.56995215173817
0.179824568852234 -0.00756238384590484 0.2668579142778 0.0962096676210875
0.0622724055967817 -0.0471344879478863 -0.0479224614244207 0.144795093314822
0.140136260909648 0.00606521495303026 0.237520813419164 0.221775943795807
0.107567546212093 -0.253868969463782 0.178795859383828 -0.17450002707866
-0.195312881443757 -0.223135181826205 -0.00389644586411632 -0.0615248991046402
-0.24269549928415 -0.035715616925705 0.0159030186340014 -0.0275889965005227
-0.157127139399665 0.0278046618979658 -0.00142875488150446 0.0646550610701138
-0.115382291301028 -0.0161497228645436 0.0290292239302442 0.157644405211563
-0.0838549331015026 -0.0607687140056411 -0.0304576044557572 0.189190264384405
-0.0666929740284615 -0.0777342406544461 -0.111336029723725 0.132671439921345
-0.0281371803693761 -0.164589538908805 -0.160653280126298 0.00531119230279237
0.215012313450414 -0.156536282596909 -0.0605559390128402 -0.221253439071673
0.177598059696989 0.15517934970442 0.292223260521448 -0.160147300630971
0.154252366919895 0.149617024699018 0.439801496778005 0.22765937605854
0.0948150634992224 0.252119385815494 0.298126255315495 0.531285770828966
0.364529725157716 0.107695532898828 0.119745480812861 0.0758921386082144
0.236128336903759 -0.122677755698288 -0.141689718434737 0.178177005468118
0.147230839041889 -0.0930846887298249 0.201930914758284 0.305514946783365
0.0810816285486216 -0.292113753369336 0.262807813452094 -0.164625787582427
-0.213647899866534 -0.228755254359461 -0.0242559555318272 -0.148400310052352
-0.230076952669011 -0.044087422730961 -0.0660687166271288 -0.0509406488672278
-0.145264847020688 -0.0120566152312302 -0.0641037896793392 0.0640695672673127
-0.115410305002889 -0.0680079633724597 -0.0173634032486566 0.138155169535818
-0.0782344029712375 -0.111437570693441 -0.0500147847913464 0.157177836432538
-0.0455592440351817 -0.111990693502361 -0.104078831722646 0.11778591529383
-0.0172929117804221 -0.192835971568167 -0.15503037107627 0.040875240751129
0.238903634127614 -0.199326313248079 -0.155872475948381 -0.173487173780859
0.261580360938161 0.126942466102429 0.152573187161562 -0.264715315818368
0.220741450200812 0.152849670558487 0.473107348910457 0.0345734641363423
0.249968813931301 0.308469813188198 0.291903877179492 0.434271397733158
0.446938229874431 0.247126414484436 -0.0394126141538473 0.00209875374034724
0.378867456987237 -0.0694272557991053 -0.236296860054967 0.148830008681604
0.204548479432371 -0.153721047339898 0.0877031708244726 0.354998696612973
0.0668521497486789 -0.303730508624506 0.301865439254593 -0.0875579313196023
-0.194328866231274 -0.199146991641482 -0.00646131407977666 -0.201184989074399
-0.162323926116218 -0.0456430717834066 -0.118526428350001 -0.0808809789691786
-0.100064881685336 -0.0570490933058967 -0.111320570648728 0.0438108177454592
-0.0973113022647207 -0.10889328488752 -0.0606972595803679 0.0977502816663369
-0.0708426854439012 -0.139592500212689 -0.0685148097546677 0.108580149327086
-0.0426788022239126 -0.125747235800614 -0.0971806794864379 0.0866815542885437
-0.0279696902807786 -0.205095392352272 -0.13210790460779 0.0507673484891208
0.211750581730532 -0.22180390210079 -0.200508807528856 -0.0950126465226196
0.281300787873103 0.024765169061548 -0.0179261546884385 -0.315310771573508
0.28772280012602 0.104611965887896 0.446427395424877 -0.137678909659818
0.380593993816395 0.294721793478043 0.224223160009151 0.309126857690475
0.440683582751903 0.349122487572494 -0.161590496824261 -0.123158172620526
0.433062985102733 0.0199217052553111 -0.291795919140029 0.0409794605206303
0.229078196438997 -0.154183996019277 -0.0845522333251187 0.33548901954764
0.0594098220241622 -0.255450131372989 0.271463395729387 0.0262990381703426
-0.136827291658543 -0.132006527149428 0.0293144076445809 -0.19295769883235
-0.0600477133325378 -0.0377111429801456 -0.118369207132932 -0.101085888416777
-0.0359847900797137 -0.0952072418751006 -0.127445034621711 0.00209639209545163
-0.0645908723434985 -0.132337468696567 -0.0958481743727795 0.0399316747832088
-0.0554829926249005 -0.13766738850061 -0.0907194319954514 0.0553316171315855
-0.0406127274847979 -0.109683999504118 -0.105955743722816 0.0474303996153918
-0.044864365764397 -0.171000606561538 -0.112918258208955 0.02024645867091
0.120312571740687 -0.193231025241287 -0.168702533510285 -0.0276456882808708
0.216745227351297 -0.100319124798311 -0.154540503679258 -0.277893013327675
0.306656481432542 0.0114164353111715 0.362181907233377 -0.22366460664469
0.466670238304088 0.226692833233373 0.088503284885392 0.186832557233595
0.391551016908865 0.357105717120258 -0.225397784953269 -0.274816218359771
0.38678647538365 0.0274740956839015 -0.283952208456339 -0.128321038063458
0.156824243636504 -0.119736720720123 -0.256245968813049 0.225590354925054
0.0285130178147229 -0.150205340997765 0.161495731277725 0.126964973592568
-0.0599770797804823 -0.0351014131267401 0.0649401797260237 -0.125921560055764
0.038564066692991 -0.0235287145253769 -0.0693107195621265 -0.109971830457058
0.0269347694371071 -0.113948223829694 -0.11136620411473 -0.0554161667926998
-0.0231415056268227 -0.134163873624304 -0.115495384573519 -0.0229493780689907
-0.0250867705589315 -0.116867430532895 -0.110876746606571 0.0104654889485838
-0.0179566077015606 -0.0717350854902781 -0.130800415499634 0.0189271078444733
-0.0380630870815865 -0.0863601396941917 -0.112059426239949 -0.034343652648178
0.001520151591941 -0.109310001990859 -0.103250442208391 0.0054066540598526
0.10793118406956 -0.176299611615047 -0.215512120966574 -0.212737666161686
0.246094641649965 -0.087570372226663 0.258152820863723 -0.202112195573761
0.480678491798855 0.142127134017099 -0.0870774403264679 0.0945617275004455
0.319064907139963 0.245038053343396 -0.239721224432564 -0.419737059469392
0.233271184144744 -0.0480028547407649 -0.257311951150901 -0.305078709362783
0.0455505222844174 -0.0669640777851941 -0.379093859615835 0.0962470614084771
-0.0250399251457544 -0.0456440992549445 0.0326307153797307 0.189108447908852
0.00565119906428514 0.0510330051667727 0.0930070217683642 -0.0404887972710633
0.100818003967159 -0.00725104276410808 0.00302618347702858 -0.108782453229949
0.0702732391412314 -0.106969457283624 -0.0730621826073752 -0.11587951416156
0.0209558976017589 -0.11450987512519 -0.117295730877841 -0.0823799358986139
0.0230533670434808 -0.0899480421715269 -0.117915287301452 -0.017673659802604
0.0406719758511357 -0.0351624944030237 -0.15314788991272 0.00921259705399586
0.00475109228448428 0.0241007192212208 -0.118858030671025 -0.0732486986420572
-0.0877989556595186 -0.00192141633975246 -0.0622170060721977 0.0223142554008912
-0.00100463641196861 -0.161962977235474 -0.210971544279537 -0.170397547051847
0.146270450197339 -0.161731297236615 0.153323271694371 -0.115040083730968
0.413412380851104 0.0826612609739637 -0.249977011548602 0.0282793169635325
-0.270308354159223 -0.0828892094058895 0.333887744662453 0.040874170492798
-0.0910649375172324 0.183266926051145 -0.0439206675760086 0.0580000212779802
0.0925089441597115 0.103495933551497 0.176894440076186 0.155537413647467
0.111119904222949 -0.09623959271087 0.0632709943679739 -0.0580586497160727
-0.0758955914673606 -0.110815850876733 0.0899099620234491 0.0692970510501019
-0.124782261877214 2.72982655500941E-05 0.13675742159636 -0.00981690407843116
-0.085807389491806 0.0813396401569442 0.0976560560420913 0.0384416822142389
-0.0641750702052713 0.0891096819946333 0.110678290750708 0.125831070872076
-0.0883121708196279 0.0612222426528322 0.0384206346186323 0.16943941513475
-0.120385039796428 -0.0100883193335817 -0.0637262380809709 0.12742691188768
-0.0402519550864183 -0.115538013258885 -0.123385432075338 -0.0151985144495725
0.0972026449672278 -0.0467436753488645 0.0266963800013205 -0.221377352458312
0.0281914956934907 0.0620829072429662 0.433301429798483 -0.0606751511968593
-0.0370441811178855 0.115589555848767 0.29821371044377 0.413880528095974
-0.207859548620645 -0.0618647673063978 0.257269214578831 0.536244700266188
-0.0577366000531812 -0.0636340084193189 0.347336930985946 0.0774400134022885
-0.0446318301066508 0.103424522887236 -0.00270444256318086 0.0825458293393662
0.154392958632266 0.0653411371369984 0.207374174580446 0.156382820693488
0.117527862243536 -0.192841587378928 0.0995682672702652 -0.120768634754617
-0.147591345946762 -0.182470787487541 0.0461286031443191 0.0217493969694521
-0.202461587569909 -0.0205415484647985 0.0929180607912125 -0.0161137902152867
-0.13353209984599 0.0589899763500305 0.0586816554221632 0.0530657081722257
-0.096884770076492 0.039327153558525 0.0753710001370515 0.153688051260788
-0.0906301236141949 0.00116170865295247 -0.00106384708531417 0.193777643767833
-0.100128200701105 -0.0389077609049421 -0.102001105595519 0.134104467624639
-0.0460163684465555 -0.142077552158778 -0.147034474681012 -0.0230312216901216
0.16392138621207 -0.1078394155899 0.0165121323759381 -0.231512478498195
0.0872249661020541 0.112238380704656 0.385898487494592 -0.0795762121985093
0.0871487118438813 0.134137823503507 0.370251920341737 0.374343681933033
-0.0615919852715783 0.123442337333418 0.277027939543517 0.569721302748024
0.178653472365242 -0.00933424851999765 0.26752667971106 0.095468211161856
0.0625770797015273 -0.0485478452248892 -0.0474508639449498 0.144901079094533
0.141084260039664 0.0052411558392514 0.2394323135073 0.220067417333298
0.105614531040383 -0.25547341762889 0.17918695086556 -0.176333298297977
-0.19769020495458 -0.222480523237736 -0.0051039605576451 -0.061515290275698
-0.244660468288348 -0.0329414483647571 0.016167879251724 -0.0272750944127779
-0.157055028350395 0.0292708137944749 -0.00070101347982546 0.0643362746322518
-0.116469364453663 -0.0153047874023667 0.0303007773720738 0.158122773499197
-0.0851073750519263 -0.0603934501449639 -0.0293029383665671 0.190916570869304
-0.0676470914993026 -0.0778658737237689 -0.111541916060076 0.133156769720896
-0.0297450404464053 -0.166000039867389 -0.160432473811241 0.00523434763253607
0.214817731396038 -0.159350336400917 -0.0613530652181839 -0.221037724696313
0.179425571684422 0.15434142408366 0.292561440879811 -0.161871916962351
0.154731733317656 0.150034120008539 0.441896831005433 0.226619729426459
0.09663808561147 0.25228892430083 0.302366934904014 0.531625228322498
0.36533722626079 0.104481840113828 0.121381642825735 0.0749115978355863
0.237115446198955 -0.124376224641266 -0.140637847900957 0.178574627326144
0.146876426044514 -0.0948854696832893 0.204076700868996 0.3048971857206
0.0775900989135034 -0.294112617991037 0.261160651065417 -0.166746541206721
-0.215250455807745 -0.228229228569106 -0.0257712166041316 -0.149414474766197
-0.231074380576481 -0.0436754281895523 -0.0670921487342921 -0.0503462215655819
-0.145802572874234 -0.0114090714772777 -0.0631815711111529 0.0651310630909142
-0.115822001973786 -0.0669354732132203 -0.0161160555766147 0.13876067891166
-0.0790829243053325 -0.11122969125814 -0.04872564482867 0.158344900276208
-0.046525416023789 -0.112592070238372 -0.105045237044718 0.118484861827197
-0.0192704672936869 -0.193971690742577 -0.1544585448555 0.041742326063816
0.238071127939322 -0.201806281978481 -0.157202624163664 -0.172142264481087
0.265072604388072 0.12587091566493 0.151952771455706 -0.267024655492687
0.222751408524634 0.153209727224543 0.476385518780969 0.0325855981278381
0.250291644836339 0.308308025385575 0.29552278235251 0.435608929310143
0.448863841034405 0.246271891921734 -0.0390811635200763 0.00210185817447114
0.379392739952131 -0.0707765176919593 -0.236636426379374 0.15097442513773
0.204686259210697 -0.154893365862687 0.0899366416624217 0.355334218446515
0.0656447586453358 -0.306792332023325 0.301967406326019 -0.0901828595129371
-0.196390404280124 -0.199806332470183 -0.00816237024492724 -0.201540431766453
-0.162754347372043 -0.0449599120122615 -0.119284646997173 -0.0798813463099807
-0.10119302354623 -0.0569280355056802 -0.110951216372367 0.0448134829532789
-0.0991730699083155 -0.108446385484746 -0.0604932380340011 0.0981921039824716
-0.0724099177989112 -0.138609517582663 -0.0683139623064731 0.10933444888895
-0.04457683670339 -0.125858439347388 -0.0972688760124528 0.0870651890944167
-0.0297805188124728 -0.205691089049606 -0.131858161758353 0.0510473785019465
0.211231451557795 -0.224165845387891 -0.201391867590779 -0.0937451539821643
0.283313307376697 0.0228567074513199 -0.0199373566660506 -0.315978800364622
0.289320304213974 0.104028045255746 0.447063393935688 -0.141142470929809
0.383895654735809 0.292130778935458 0.225870236239131 0.30961165063922
0.445793645770517 0.351157837651607 -0.163313972189699 -0.123746410899
0.433609223888372 0.0168826530354178 -0.292648036457754 0.0426494896219258
0.228713765030028 -0.157148431483567 -0.0827847671763868 0.335806394621568
0.0566650636285699 -0.25549060099224 0.270710286891294 0.0238646274660389
-0.137070303254297 -0.131409985141231 0.0275823139431338 -0.193616664473397
-0.0619616373049766 -0.0366602079086473 -0.119881431439017 -0.101163075598544
-0.0360253363768845 -0.0957448817204764 -0.128126570084176 0.002633066896721
-0.0661612208175552 -0.131853345760708 -0.0956235149698417 0.0410619428583927
-0.0571874576068022 -0.13816892899496 -0.0905641435093358 0.0558245164511284
-0.0437775104279931 -0.107820876400186 -0.105566571553246 0.048375270139319
-0.0467730564533975 -0.171184868778613 -0.113224331176122 0.0207530473913376
0.119540348772755 -0.195171414520807 -0.168968840550292 -0.0264188370537276
0.217209094613638 -0.102624464408208 -0.157052806138919 -0.27832167757333
0.308119051801341 0.00936669762627523 0.36333730407254 -0.226594403891639
0.468200152347759 0.224716799700623 0.0895114728939255 0.188572975029788
0.393642481576071 0.358120853958422 -0.226362040157439 -0.274943343092058
0.387943803184144 0.0267270804105935 -0.286138961529617 -0.126338856905213
0.157583791350625 -0.122058526546948 -0.255525257807715 0.228000209091603
0.0270543420664952 -0.150898634623586 0.16285362511599 0.126474764958032
-0.0598402534199879 -0.0352318319430277 0.0641736752284473 -0.126822006230676
0.0379443271377315 -0.0233942702773153 -0.070218929088699 -0.109436535214238
0.0259843238562464 -0.114538782276969 -0.112736649852615 -0.054684844005355
-0.0246871645577119 -0.133782954460119 -0.116665778565049 -0.0219442075326359
-0.0258294961683792 -0.116234649528903 -0.111276944978909 0.011721732574016
-0.0179969654925661 -0.0719775089960968 -0.131090450940532 0.0195783778093566
-0.0385038152460617 -0.0852679076144061 -0.113177855032833 -0.0337452267356668
0.00108439465596147 -0.108934490657465 -0.103959394593634 0.00797684976862316
0.107045483883006 -0.177746118872892 -0.219019501282065 -0.212270490329681
0.246704932275645 -0.0901062776205157 0.25837467707747 -0.204950753675707
0.482810280870391 0.141745208941121 -0.0863638025442978 0.0952051589214013
0.322660756602104 0.247432583965203 -0.242803084473044 -0.42040315411225
0.2326718801399 -0.0494075802565343 -0.259640559502861 -0.305513126813822
0.0456079927086552 -0.0676806548988331 -0.375891680119508 0.0997220384493311
-0.026005802881291 -0.044932685608441 0.0338144226106546 0.188935590594118
0.00572848717208111 0.0514550715771193 0.0924683991499449 -0.0411363846778142
0.100621320998795 -0.00809782752601221 0.00340298580673044 -0.109330274848807
0.0709673133330248 -0.108319711269063 -0.0756520047165668 -0.115624406611389
0.0215294645129936 -0.114822977116429 -0.118563949010481 -0.0817092933240117
0.0222991293734104 -0.0912647188285601 -0.119148919305211 -0.0167842326262359
0.0395896003844149 -0.034742022106588 -0.153520602788952 0.0108997754317825
0.00489516261909698 0.0254135427337446 -0.1194731990629 -0.0732946504658589
-0.0878860644260274 -0.000725731836440352 -0.0627548056422026 0.0230642282839502
-0.00186330960138135 -0.163445451097715 -0.214879596516933 -0.171487418101459
0.145885737289843 -0.163107900705529 0.153950159363476 -0.1160831371327
0.41534643852546 0.0802838411388062 -0.250983159474781 0.0295157667763406
-0.0820413617122001 -0.272633265867661 0.153929527811917 0.302015597878467
-0.201964879669807 0.0246886740267169 -0.0730136911040948 -0.00262757034905249
-0.0373221456026175 0.134359475619097 -0.0301670007487818 0.235835533465158
0.142546561526776 0.0398849110993394 0.0838320145827638 0.019750958489662
0.0505495121119534 -0.124339589212557 -0.00865211747896947 0.113258399458911
-0.0685673099052614 -0.105685506634816 0.0819376513840055 0.108514878601533
-0.115420453674798 -0.0277857178709559 0.0213617803617972 0.103923984771769
-0.110736418301205 -0.00444253127524374 -0.0435510762352186 0.162978639556377
-0.0996231948408796 -0.0404147982526203 -0.119758906918069 0.126154336031465
-0.0572300236896056 -0.106974751665449 -0.141328489120749 0.0168674018800104
0.0756291306697959 -0.0967597316039459 -0.0556891557372814 -0.11084257886175
0.0921429194159506 0.0576477863614994 0.199783734427858 -0.101456523392621
-0.0383593971988695 0.0571136933774125 0.290565585681902 0.327293771547402
-0.117394042990548 0.0302685942509925 -0.180694467596008 0.480177676452662
-0.0609381897543794 -0.211787326968571 -0.302310157659062 0.515276998547937
0.0198523303064875 -0.085450931876355 0.13273258236241 0.334555061484727
-0.10997912875495 0.0187481623857287 -0.0713331889727523 0.0438032249504949
0.0278694008256774 0.166333230746875 -0.013387414198438 0.261254560956248
0.226284435973538 -0.00764479150257924 0.155807499706612 0.0145242658699489
0.071644427545495 -0.223398760463664 0.00650410134966778 0.0500664599715639
-0.0943614915064521 -0.179486374346176 0.0640378321041162 0.0695087042054619
-0.123079117900205 -0.0802544260291423 -0.0124909359869797 0.0788135513166811
-0.0874441248189188 -0.0600514545184328 -0.0872562898660496 0.14835230713246
-0.0520817356253512 -0.0747887686524742 -0.162968862061997 0.10666372157153
-0.0207658778599779 -0.105464131686905 -0.168700196378148 -0.00998965716177171
0.0946819243773107 -0.116715233974835 -0.0623666587906356 -0.136614168521567
0.180436055429906 0.0804206687236967 0.201901372816582 -0.114080793674735
-0.0491761508170996 0.133926951927961 0.280401881481043 0.278977335592299
-0.0640064333890071 0.144681654265151 -0.107054202244111 0.516350073922181
-0.136920699094945 0.010384490129801 -0.317722191959966 0.550030886105778
0.106160869435366 0.143015948031543 0.0718138804378091 0.279406420588904
0.0748666490826114 0.0242186722006429 -0.148359417796985 0.0430543721861646
0.071338789694401 0.120436936250447 -0.0488174321968479 0.324918844158286
0.273121462556354 -0.0510983715778423 0.246674168643669 0.0497770294031315
0.0778998330735077 -0.287957293177134 0.0479249996582024 -0.0375802095230639
-0.105910931018493 -0.222098856905792 0.0316912273654693 -0.00170529534672507
-0.11044440938869 -0.116004326877224 -0.0540375052613471 0.0352428309970014
-0.0516133498773418 -0.107181314786556 -0.115592623273879 0.112913013997512
0.0032575833723029 -0.104535834930017 -0.176105885190813 0.0805050577208377
0.0282235071154697 -0.0996425868132462 -0.173580755497234 -0.0191363665824863
0.123635625691498 -0.115370333326984 -0.0931249345576844 -0.131280169762467
0.251260074262537 0.0950500378321698 0.150731887704351 -0.175211154462989
-0.0337406319720994 0.23458969588779 0.298208846325923 0.15393017184231
-0.0426733325162095 0.210500465235788 0.0566766647518366 0.493925036311241
-0.158743357605894 0.213876442692607 -0.267786653353268 0.549618488030711
0.114790598497484 0.361550088985807 0.00467305879527325 0.14514109277332
0.235138525313535 0.128514469342859 -0.229017960904282 -0.0173933628019091
0.15924358154325 0.0700423694692116 -0.137945392659455 0.340287996955667
0.28934987562313 -0.097683486944016 0.283073525674919 0.12386750846439
0.0706952121383216 -0.305023124685805 0.109894206866941 -0.103198793746053
-0.0914585282580336 -0.216362654974453 0.00499538011451084 -0.0835502774639716
-0.0700573150309021 -0.129311186749535 -0.0901330793778214 -0.0181849569681834
-0.00798351526329979 -0.13528017666507 -0.12555830157457 0.0634527831742164
0.0486289372814353 -0.128578814504056 -0.160580364404717 0.0465401543485555
0.0689168530654551 -0.1015381220664 -0.156823925090161 -0.0226278913568151
0.153933595990314 -0.122465395368739 -0.120355377541912 -0.107067981987475
0.299970322641083 0.0914693353647152 0.0566109644894131 -0.228077331693794
0.0384171601279218 0.290643753807087 0.308476420724955 -0.0222115394266006
-0.00888369208460285 0.26975535555877 0.239669026090827 0.415819801032463
-0.121716475628684 0.375553378643545 -0.191462389640253 0.488967481763204
0.0438267999299699 0.512252675759092 -0.0245546923527209 -0.0300956770662644
0.270580067789405 0.277696934681682 -0.257531925123854 -0.113093153711205
0.243548589723187 0.0844167783216478 -0.245807105400627 0.274497612712284
0.291989156554795 -0.114679510036299 0.241831075840952 0.201441673846565
0.0584060087903487 -0.274042759924171 0.162929246374481 -0.118830068600028
-0.0538720562051741 -0.160805685198513 0.000819559637694941 -0.143856214265266
-0.00736185435783556 -0.115569580942392 -0.0987697315410036 -0.0689575092034297
0.0363086721701337 -0.142693222985053 -0.115667640441539 0.00310922070946145
0.0751752479293136 -0.138298815695325 -0.129839524517382 0.0032040386466014
0.0814674729256261 -0.106567970491956 -0.1264206211853 -0.0339474023356263
0.157157012696809 -0.136809914005797 -0.115956515891764 -0.0818745601873714
0.304712338339823 0.0557839459039915 -0.0343819425733244 -0.221335979803883
0.134396340760466 0.251788612670986 0.253688163062449 -0.192658962820919
0.0677845081630305 0.299345833488985 0.36917487658135 0.294284721306041
-0.0363808322095735 0.478578622519594 -0.124292144114183 0.360360178630663
-0.0428192463124251 0.565850012322326 0.00945661319017694 -0.204433297013713
0.225807744625381 0.372434229456104 -0.198868312610272 -0.220587732542811
0.258169970363492 0.104479051875769 -0.322718817304584 0.119239092865044
0.24603262471254 -0.0946262576082137 0.129518323618617 0.238546194232157
0.0338926367470396 -0.188119634003315 0.1777599010383 -0.0840945343827348
-0.00507425916217675 -0.0715363152240349 0.0199489895460581 -0.156702761070923
0.060962399031203 -0.0830967296251154 -0.0734734500109189 -0.106868944713588
0.0734628444347488 -0.128375818335276 -0.0880765184683582 -0.0582459791753323
0.0835635573635768 -0.123936832764989 -0.0972235955349406 -0.045862672388925
0.0674695638074545 -0.0952201020430622 -0.0990931828529911 -0.0624238985129398
0.118413919574819 -0.132056390905762 -0.0798663553063194 -0.0837374955826303
0.229198920081879 -0.00572429478407954 -0.0724603041348975 -0.15627637975601
0.203687947651839 0.126778992036312 0.147475445130983 -0.287521259190256
0.157294632759783 0.264356253248617 0.394266100556009 0.175076610065665
0.0676229934068382 0.512567421631947 -0.100539438047852 0.177385495166388
-0.0790458931741802 0.529901668550619 0.101300235393449 -0.344164054839096
0.193317223572832 0.339954338105832 -0.0538250712504649 -0.310662911635887
0.191356298858552 0.0633468313406808 -0.332112970598849 -0.0860610965295598
0.140590070263086 -0.0614923542300799 -0.0154788467657449 0.206453436330433
-0.00455963454701019 -0.0696132657656854 0.140735364050684 -0.016190855207038
0.0395967969482568 0.0190792241993664 0.0524401325426209 -0.118969424908511
0.111042142588407 -0.0408281394872795 -0.0158886822517826 -0.125664533693417
0.0991210760493659 -0.0941476942728401 -0.045561642972554 -0.111116940535718
0.0829657345081266 -0.0857909766858064 -0.0723862457595076 -0.0874624268399317
0.0509736937654225 -0.0544319321661516 -0.0891102055873776 -0.0987668953071267
0.0513109586231536 -0.0793360449392293 -0.0348513191226896 -0.11375410188144
0.0927937182246947 -0.0595585558671506 -0.0642749884016045 -0.0825242524506577
0.208806835718093 -0.00523711274903862 0.0551869530654399 -0.301487832182573
0.208770554126434 0.159518663369329 0.315232465152012 0.10099271078182
0.144548826141646 0.48245179286241 -0.122491029475856 -0.0219009447583718
-0.0264781959094984 0.407862242189337 0.212715782318513 -0.440004133295288
0.170676426944763 0.168947613247731 0.109776249161916 -0.389222788542733
0.0844215713094881 -0.00125480662517666 -0.293508710105661 -0.259098901603281
0.0236506027772202 -0.0472392795247664 -0.14004209282381 0.132829083428631
-0.0392195266957181 0.0329481532127737 0.085103135845871 0.0545260223942872
0.062149420918484 0.079542143765765 0.093948390707936 -0.0564808694416838
0.128199132843182 -0.000191850455129832 0.0562786117310372 -0.127307718224427
0.10846040590021 -0.0458320351004841 0.00438834238328464 -0.145479590822691
0.0871489858403205 -0.0318161803266949 -0.0522206261254248 -0.109825696096315
0.0520289861458141 0.0149179029042295 -0.0936474518728923 -0.121916707609634
-0.0174954121072189 0.0187448644725659 -0.0047131549655705 -0.140270036254516
-0.0473157208469753 -0.0752077196180768 -0.0547028147010956 -0.0385601320723021
0.136186101616693 -0.0896074879429333 0.0228036712738172 -0.273400169488464
0.215757270839871 0.0342187053324252 0.182772995512908 0.0610546506163619
0.159362824284071 0.392253956615975 -0.161771478146328 -0.194573108248542
-0.0843745589469111 -0.273226641896376 0.156926344538259 0.302102373676809
-0.20196422565231 0.0261485067070284 -0.073285522104507 -0.00259990610947588
-0.0360729117727781 0.135381445230889 -0.0276507891573176 0.237100058931623
0.143855549155166 0.0387653517688793 0.0845443196549515 0.0184364579925867
0.0494285501661388 -0.125087059570816 -0.00737727017388037 0.113507614276788
-0.0696485506122396 -0.105192016343649 0.0826405852621487 0.108471530024662
-0.116324045891543 -0.0264271163011637 0.0227247540599415 0.104409247910951
-0.110954691331079 -0.00385823741664127 -0.0419403203176593 0.163367473758897
-0.100680400256412 -0.0403350272323409 -0.118638691159898 0.128052036397119
-0.0581217054881261 -0.106227267251985 -0.141236987396179 0.0186805411729773
0.0752425885549401 -0.0973005941839036 -0.0559403759051426 -0.110007210556654
0.0931665586291268 0.0573166235958107 0.199669732937896 -0.10132013679176
-0.0381847824286621 0.0575476203553045 0.292529294779047 0.326786434404472
-0.117310129562012 0.0309443526025703 -0.176731100198554 0.482198081442111
-0.0630584543766959 -0.211714886487577 -0.300754126630176 0.519155690498559
0.0192022679117905 -0.0849524510711105 0.13544927656057 0.335068813745034
-0.110110987535801 0.019946192165855 -0.0710708686985622 0.0462712022344168
0.0297055538399048 0.165872218242018 -0.0107654532237017 0.263334712809622
0.227694248498332 -0.0102508079964668 0.156656122454769 0.0127879440915339
0.0701101303002892 -0.225606580393189 0.00702774464150637 0.050573145178487
-0.0966934994357275 -0.179264122567642 0.0643303935965329 0.0695539002281597
-0.124081026377603 -0.0788508698233253 -0.0112485472851893 0.0799841049043882
-0.0873559177398451 -0.0596331701740318 -0.0857384096849315 0.149234427049639
-0.0524348667172507 -0.0748771111377631 -0.161145165031581 0.108020295170849
-0.0222435300031649 -0.104986490021275 -0.168647052120665 -0.00868596991675127
0.0943844604961215 -0.117264463032484 -0.0634500088324313 -0.135425581522494
0.181645422679208 0.0785820317409306 0.201250232776741 -0.1149650397292
-0.0482960191617006 0.135234739649088 0.283304579105571 0.277643596496066
-0.0636255790732962 0.145223518613768 -0.10310705316513 0.518876795393024
-0.136740610156294 0.0107036594323217 -0.316399591557363 0.55496534123913
0.107707713716025 0.142645794685458 0.0737397450760374 0.280000918186076
0.0755957174248331 0.0239246126508401 -0.148494398369604 0.043781993901489
0.0729991376138454 0.12034693436762 -0.0461686204413506 0.325753300877292
0.272143151634962 -0.0549704318107028 0.247410963216067 0.0472934383898058
0.0748579066342493 -0.289387893373999 0.047713075669829 -0.0383896985039618
-0.108616965270367 -0.220979774595319 0.0318842800384958 -0.00243027233580037
-0.112006142665852 -0.115762108787323 -0.054338679059967 0.0365925329698803
-0.0524808931479387 -0.106402984677318 -0.113990825646316 0.11463755584656
0.0014034313101195 -0.105118220098528 -0.175357784102869 0.0836588622338569
0.0275605502693803 -0.1011765668369 -0.173861305368591 -0.0181775962555394
0.123516681150077 -0.116882248128147 -0.0943439466893087 -0.130367331056432
0.252902560640277 0.092936812784304 0.148841958327735 -0.176494772502979
-0.0316868491773285 0.236549448339433 0.299800850237219 0.152420554785548
-0.0414115560915507 0.211503121267503 0.0603589258197115 0.495297089816029
-0.15793884278236 0.214844447707009 -0.266423432412184 0.55132942072068
0.116883355277354 0.360979422445054 0.00588798054913497 0.146162557842937
0.236248445934646 0.126911433860294 -0.229006403938053 -0.0155988108168699
0.160473613516572 0.069312920542391 -0.134732879714898 0.34256281559371
0.289344009642377 -0.0996374326776011 0.285307178233466 0.121491507079537
0.0692451271872582 -0.307819483733522 0.10984529958332 -0.105309831282148
-0.0949505084789316 -0.217174473447394 0.00424266401045529 -0.0837713864427989
-0.0719238679095034 -0.128855692980328 -0.0898989450225928 -0.0168904042736321
-0.0102247036056135 -0.135688416434465 -0.125349256033755 0.0640489304155848
0.0472408832728268 -0.129753013072015 -0.160635453607087 0.047778225578993
0.0675553315369765 -0.102136061444879 -0.157062606325848 -0.020546517605812
0.153763703867722 -0.124007460423792 -0.121444368219327 -0.105474913701629
0.302951036052555 0.0910844948930608 0.0542789660311894 -0.2279914773339
0.0404750093571174 0.290130897288996 0.307708858074268 -0.0247793005736302
-0.00660733351117767 0.269706308704731 0.243947647524965 0.414348310703465
-0.118997486395494 0.375944653235884 -0.186646787879984 0.491868259068184
0.0481581303264836 0.511041455151541 -0.0253899235088344 -0.0303499294337046
0.272759580038436 0.276810673197324 -0.259304985388408 -0.111471814617799
0.245020301062125 0.0823570095380329 -0.244192177505019 0.275607058313035
0.291197031028018 -0.118737066935551 0.243998068459158 0.197679573603591
0.0569339862251181 -0.275284707204572 0.162422066318727 -0.120568657560984
-0.0562576194884532 -0.160808350033813 -0.000227299932220888 -0.143821163324265
-0.00945603583237758 -0.115709390966178 -0.0999831017710927 -0.0677939576637343
0.0348841326456052 -0.144213598724262 -0.115106989537526 0.00426086633598491
0.0735514952677382 -0.139511749324298 -0.130103653464626 0.00363926297501124
0.0805992413008298 -0.107589327150938 -0.127145566859472 -0.0328943270893058
0.155999746752286 -0.13936727620531 -0.117167371961257 -0.081737510585334
0.30562893992148 0.0528593462882461 -0.0364594769051745 -0.220277537888444
0.137346030782601 0.251269142209774 0.251462535562645 -0.195749501923116
0.0698333239147234 0.300301968009048 0.372514334471975 0.292729981371372
-0.0346394683766332 0.480727313021321 -0.121623191488033 0.361961482907569
-0.0379861992863603 0.564689862144464 0.0077776698675013 -0.204432988974675
0.229721370054061 0.373619529055282 -0.201180866619591 -0.219422830026352
0.260525652181271 0.103511697415644 -0.322108087083872 0.122586266722602
0.246962640285517 -0.0963526394043665 0.131161667348294 0.237140274264796
0.0324139736661938 -0.188784735357882 0.17652813823837 -0.085352961208205
-0.00502800271852834 -0.0720539922044998 0.0169721951484365 -0.156508359390546
0.0583322703961027 -0.0824945314950561 -0.0736919788489281 -0.106418168975049
0.0728474441333362 -0.128965788521237 -0.0887813146891937 -0.0575414525646679
0.0817165990434642 -0.125244018537986 -0.0987099813507294 -0.0450076561317243
0.0684068008810218 -0.0967990772449112 -0.100412408420621 -0.062447573329113
0.118126031157773 -0.134441924869572 -0.0803196613498246 -0.0834760961274402
0.231110471470859 -0.00758187457750752 -0.0735097915693126 -0.155821361184697
0.206397254520626 0.126256025511005 0.143496303849025 -0.288699549789138
0.160499581858617 0.263772678748703 0.395707743149208 0.172338572926734
0.0704588133790942 0.514106256072198 -0.100003761498414 0.178525598814426
-0.0740891316304862 0.530317427490539 0.0999542579780799 -0.345299043079051
0.1950861223805 0.338469234563841 -0.054681289143354 -0.311291237238957
0.193128588033494 0.0608117291227092 -0.332955721372241 -0.083800416137577
0.140289253256102 -0.06287569177266 -0.0148513582564944 0.20531719520176
-0.00500546216083054 -0.0705611003126422 0.140247860433864 -0.0188066024457216
0.0394339235351041 0.0192332750210389 0.0507569949237007 -0.119875034710967
0.110655008878488 -0.042365610198678 -0.0167215071853697 -0.125623176286192
0.0983121382882535 -0.0954556743148708 -0.0474657412268694 -0.111745055576608
0.0820384375893315 -0.0875002051557499 -0.0734599420089115 -0.0877100732887084
0.0499986713719744 -0.0548506969384363 -0.0907655193358393 -0.0979157455317036
0.0506246163472592 -0.0798010728584894 -0.0350188250080535 -0.113213611368122
0.0921022180036403 -0.0598612200528504 -0.065178310390165 -0.0817117529771596
0.209748045030509 -0.00780952552851857 0.0535005618234859 -0.303386308512688
0.209911885000301 0.159101614390205 0.317399264950771 0.0973115592924772
0.149652589909497 0.481814097596309 -0.123006487242015 -0.0207212012400351
-0.0216729383397495 0.408706498506008 0.20939045345749 -0.441153334967096
0.172032852898666 0.168646392444861 0.107638166881923 -0.390885176188076
0.0854635562881216 -0.00119878429610801 -0.296764924909336 -0.261555220249676
0.0226363837223773 -0.0475960567942511 -0.140215663017285 0.134398690097922
-0.0395202774915286 0.0328822539187633 0.0853357792234922 0.0534905445182334
0.0619274377052878 0.078991499944022 0.0926045153557247 -0.058015986378095
0.127467318109213 -0.00166454547148396 0.0552515501666288 -0.128152928953463
0.107787676983074 -0.0468763136699479 0.00197581475247978 -0.147143277616876
0.0875659683096967 -0.0318802299472424 -0.0540236635085259 -0.109611601233451
0.0526794267593484 0.0150581594974251 -0.0945069938290238 -0.121754575629314
-0.0177602710816654 0.0191931352967739 -0.00627064328695616 -0.140885459770125
-0.0477586433243161 -0.0743162730940789 -0.0561696222322474 -0.0382419238193623
0.136452118569606 -0.0900371384251861 0.0177891132517305 -0.274833740222708
0.216148573872335 0.0329784023240496 0.183386228560384 0.0585774978334273
0.163167055354683 0.393134176396981 -0.163653846943921 -0.193418324558071
-0.0868463969716802 -0.27321683121926 0.159561418886807 0.300940575472675
-0.20315241179017 0.0276005484670595 -0.0738157987835304 -0.00168693624304704
-0.0352079602781398 0.135831869535895 -0.02559674908313 0.239392720459845
0.143559584832365 0.0378693658506653 0.0859151826365906 0.0179844063052512
0.04891754281935 -0.12545397579161 -0.00613421777297869 0.113077398813539
-0.0706573620910608 -0.104891180210662 0.0842506224681715 0.107082947569089
-0.116131121737533 -0.0251383015431903 0.0243165725562619 0.105726697090793
-0.11059349485194 -0.00208872388821373 -0.0394814602457618 0.165084804922191
-0.100863566022504 -0.0391833106038922 -0.117700878791996 0.129568035121794
-0.0592612201347547 -0.106714358412535 -0.141095063687554 0.0194475397402608
0.0746356161116278 -0.0981465098590576 -0.0571540060141026 -0.109594233662682
0.0938932508123022 0.0561381862342364 0.19908500821907 -0.102763442199669
-0.0373170453818003 0.058161970936586 0.296445934762058 0.324436570163128
-0.117418412884752 0.0318321133862132 -0.174935192890376 0.484317529106475
-0.0645428470060479 -0.211997223045725 -0.297324165906306 0.522412186335645
0.0187026731982772 -0.0868112005275664 0.138483201632581 0.333863589422178
-0.110434158571075 0.0203094914125265 -0.0707604982892736 0.0465503640457793
0.0311748294408089 0.164736840805227 -0.010233715030846 0.264631308971345
0.227449216214829 -0.0120021359593108 0.157942654236695 0.0113345991898519
0.0676575366730451 -0.225892927406238 0.00724224378358964 0.0499222360787355
-0.0985795958005055 -0.179197758459757 0.0652628573276574 0.0680728822802318
-0.125180367348421 -0.0775981390672591 -0.0108093572744142 0.0802259793057349
-0.0890856807269276 -0.0589009172412836 -0.0831808762457133 0.150784420974326
-0.05379769209794 -0.0748585230494311 -0.160721056923475 0.110005082239918
-0.0238192336941215 -0.106455535830432 -0.168007266732948 -0.00720676009830563
0.0941650293291403 -0.119144653723164 -0.0648266515058989 -0.134923355553418
0.182746450236611 0.0777140625882852 0.200668145927534 -0.117565621480936
-0.0463933622962502 0.135507712491069 0.285750765091037 0.275292496341367
-0.0629729832285653 0.146201688010185 -0.0998027038686302 0.519930623924263
-0.137529047568499 0.0112031359754557 -0.311910625419898 0.557647207953363
0.108994676521209 0.141961942496552 0.0761283250269876 0.279026079588385
0.0755280781226435 0.0239429998567445 -0.14855592223166 0.0449280449667908
0.0741668384572599 0.119381116630202 -0.0439712539614164 0.326509779778972
0.27303858247643 -0.0579400604480405 0.248319636206132 0.0448249606497576
0.0719719232051523 -0.289981747528128 0.0468568948461198 -0.039034200779616
-0.111400823315831 -0.221575595819786 0.0308256726938531 -0.00219294584015624
-0.113631882358163 -0.114704016178552 -0.0540349016988846 0.0371309026514069
-0.053806823227508 -0.10617607640774 -0.112407297126413 0.115417828219218
0.000582390123651542 -0.106318365394412 -0.174626452669959 0.0846566981766261
0.0262629699751405 -0.101617469691845 -0.173381759035106 -0.0167475184327072
0.12227340168522 -0.119181036598947 -0.0951183938073566 -0.129158068620855
0.254243677586697 0.0907880980561126 0.148173327030896 -0.176907484933918
-0.0301042123458777 0.236479626866943 0.299869444897874 0.150969593747395
-0.039380992811778 0.212345375558489 0.063748900404595 0.495553502991116
-0.156582414249636 0.216086900658024 -0.263491126138917 0.554773474090289
0.120496376510074 0.360383345515263 0.00742626031990906 0.146250673125045
0.237267389075671 0.124758916126064 -0.229667692797749 -0.0130098438804968
0.160484035000936 0.0679298330477366 -0.133516667257271 0.344389367518562
0.29116688058376 -0.102290039137228 0.287701702333402 0.118668738615799
0.0656272358323602 -0.308983658097972 0.107627863431939 -0.105770261146047
-0.0972377308917221 -0.216002523132587 0.00316301241773877 -0.083687520119047
-0.0735489652857424 -0.127514869316966 -0.0901154241182848 -0.0154370746340577
-0.012204511826677 -0.135641519362025 -0.124396169431395 0.0662895513746674
0.0460422124479959 -0.130959239700431 -0.159824452891604 0.0501552153819309
0.0675700920434297 -0.103804169251325 -0.15741390079372 -0.0203209355641395
0.152468057660931 -0.126274215231733 -0.121936128214345 -0.105340584089228
0.303834899570324 0.0866569367601714 0.0528102106296433 -0.228388645841247
0.0439828647299379 0.291660758064213 0.307849482992478 -0.0269781606866443
-0.00602909047453319 0.271341786788809 0.247107667822952 0.412282315783716
-0.118168576353898 0.37777349073989 -0.183009562002959 0.493164340950323
0.0527998338386876 0.510522962296782 -0.0248852522362422 -0.0302396400979231
0.275763747394547 0.274322341416251 -0.260272549288864 -0.108671756069128
0.245918192128851 0.0806889239909828 -0.240804318904418 0.278268728863956
0.29087458201808 -0.120945055747176 0.246057538936719 0.196416744551539
0.053038166546847 -0.276922014552784 0.161221469152226 -0.121808373117178
-0.0575489545680975 -0.160836813209628 -0.00215593739340623 -0.144106413420333
-0.0108973793843288 -0.116031221529623 -0.100381392162922 -0.0677561527514132
0.0323586511910987 -0.144330791495564 -0.11593159248922 0.0054494025835783
0.0714341130577764 -0.140318861569479 -0.130756409693026 0.004998436457269
0.0795966935570354 -0.108255240441732 -0.127937827759451 -0.0321719067347889
0.155651685729093 -0.140936211601628 -0.117468576901682 -0.0796813393150934
0.306363680722348 0.0496936875831179 -0.0381811130634116 -0.219234124866625
0.139823436836365 0.251461057694429 0.250158933516675 -0.196972344208113
0.0726420769353789 0.300990318054938 0.375337889386807 0.288770070324765
-0.0293268782547786 0.481201649742282 -0.119216660377936 0.363724908812158
-0.035267842597307 0.567092142873621 0.00675328810417072 -0.204943261238312
0.232431688859717 0.372088326813067 -0.202653238622488 -0.218510745162905
0.26186405519315 0.0996895628176908 -0.324250291943003 0.123795877264052
0.245579387672386 -0.0986006268612426 0.13329304374612 0.236578417141099
0.0306843387906621 -0.189338079151341 0.17521234288943 -0.0881239452191979
-0.00649553548627383 -0.0724956168085255 0.0149517734721669 -0.156314132736521
0.0575393668301597 -0.0835920322978063 -0.0759141535064998 -0.105418970981023
0.0718054260057532 -0.130028092367553 -0.089177260244181 -0.0569972434732661
0.0799814575083869 -0.12669183501393 -0.0992631592237391 -0.0441969013472491
0.0669988939947704 -0.0980214480591413 -0.101430253642617 -0.061610666323593
0.116661434727845 -0.135323340048898 -0.080848922155824 -0.0827669815936455
0.230106012712157 -0.010056513443921 -0.0754389618589661 -0.154559271033256
0.208137494654052 0.125461163200729 0.138717463192382 -0.291033906422585
0.161725726239457 0.264224157492976 0.397433772505075 0.169267528625125
0.0738132547048804 0.5157144500471 -0.0987873128794698 0.179553896061342
-0.0697393486447799 0.531586331479769 0.0966676644926174 -0.347465464364905
0.198831109102801 0.338030283881973 -0.0563829204137441 -0.311082000684253
0.193665397382753 0.0593313697117334 -0.333229251529201 -0.0812657598895175
0.139910229918302 -0.0638128687423939 -0.0126705682082407 0.205499602528868
-0.00538355390441057 -0.0705924751457064 0.140479398491257 -0.0193849652292292
0.0393295129329242 0.0185279324826705 0.0497742712190879 -0.120670781848205
0.109844751450661 -0.0435653230625459 -0.017958413830692 -0.125203584092182
0.0973553796425835 -0.096450794925712 -0.0484877040860174 -0.110734548059198
0.0812138332150407 -0.0872023894805694 -0.0748868740770586 -0.0872462336128434
0.0495838872870501 -0.0549928181786873 -0.0911969149161252 -0.0976059880877052
0.0492523544135712 -0.0800995449289969 -0.0358139259953353 -0.112962205531788
0.0921293362884453 -0.0614799994373154 -0.0659518728430176 -0.0808798989641337
0.210772258688074 -0.00916376628722087 0.0493656294946405 -0.304422542167255
0.212188672214748 0.156486807396205 0.318390499504541 0.0950778802772931
0.152641633567921 0.479914608518752 -0.123621492526908 -0.0196507410579419
-0.0197382221373394 0.410017016843752 0.208447843634667 -0.442873921958663
0.173694932850568 0.167965049812626 0.106392879243147 -0.392043065074633
0.0859011738904259 -0.00288945331154862 -0.298555289420331 -0.258112168588772
0.0225753942413723 -0.0482180519414611 -0.138498675490227 0.134294391570606
-0.0389584983362002 0.0334894685511888 0.084640429668862 0.0522525458949779
0.0633511899763441 0.0782863530885981 0.0918825799503819 -0.0599380980009711
0.128664657940042 -0.00272215970621135 0.0537255958248343 -0.129493221271221
0.107507822128176 -0.0475923897344478 -0.00120750060160351 -0.146687627692632
0.0874509972143015 -0.0328120143484679 -0.0549718753536642 -0.110292950921075
0.0527665837901973 0.0137088601254138 -0.0967821869425781 -0.121917830932309
-0.0179646500158095 0.0193110178612122 -0.0068623745505737 -0.139709536582149
-0.0492354209244392 -0.0744448669283341 -0.0557991538006877 -0.0373325256497386
0.136123419669594 -0.0922664165316823 0.0169097290206333 -0.275432399069252
0.216514181529374 0.0316746222345166 0.184609163435999 0.057683244023239
0.166446131906198 0.392564228387024 -0.165287128352717 -0.192967496925475
-0.0896296241712002 -0.272140135247385 0.161093930077968 0.299793714156324
-0.202517886458537 0.0290937273940452 -0.0731865460131591 -0.00112926980411024
-0.0334086808223519 0.136451703419453 -0.0232245680228486 0.238817862930882
0.144873746743912 0.0360618496302775 0.0859466402468698 0.0164199414161927
0.0482678840018196 -0.125055768313571 -0.005317651755492 0.113462611816447
-0.0720928112808829 -0.104875157106634 0.0857686303615303 0.106528863150399
-0.116126491861042 -0.0243678922650982 0.0260718207001905 0.105099967560031
-0.111067311125561 -0.00198595037412212 -0.0380698643537414 0.165164149015182
-0.100886385106211 -0.037674563911803 -0.116502890527872 0.131364593354167
-0.0603565852716157 -0.106165661399626 -0.139853639984453 0.0215469846064925
0.0737344734227514 -0.0994554377360678 -0.0567941858622791 -0.108630110378716
0.0940833133523554 0.0552504051539998 0.198063162025894 -0.103986852194425
-0.0373447682856891 0.0585128424574907 0.298151667162577 0.322602719139074
-0.116796891113822 0.0327951615916001 -0.171591745517084 0.486271442025648
-0.0671396812096997 -0.211580292376531 -0.293909243557794 0.524789483091443
0.0176424516501822 -0.086978014156567 0.140163600589955 0.332215195919925
-0.110650318702224 0.0213239287444237 -0.0703003620209184 0.0468638896183824
0.0322610283794137 0.166053822120181 -0.00704134578873983 0.264141353027497
0.228302816177243 -0.0152419797395976 0.158360584557833 0.00926300797048219
0.0667168381224429 -0.226788040316437 0.00770654848496407 0.0494946706444204
-0.101141700422038 -0.178377533845723 0.0658032616479047 0.0670385677767454
-0.126319579863654 -0.076830122374985 -0.00994192082045681 0.0806225995115798
-0.0897839510654658 -0.0579030025294611 -0.0816469747283417 0.152419869064027
-0.0548572708704339 -0.0747662751086804 -0.160640038882723 0.11251543099407
-0.0243306355973377 -0.106117920968626 -0.168558292608249 -0.00577174499406096
0.0928519632051959 -0.12061032622574 -0.0654080769792344 -0.133182158802773
0.183910240485153 0.0759236429838311 0.200054377331763 -0.117804915564702
-0.0453540251670221 0.135687589281968 0.287041695396408 0.272204540611493
-0.0619629542086315 0.146566356931095 -0.0951744001084776 0.520922179073932
-0.13701466427579 0.0128215795558348 -0.307776782257854 0.560294668779543
0.110234834969544 0.14035715631772 0.0786546146345894 0.278971634195059
0.0754768101956616 0.0224943300833499 -0.147516693737725 0.0472547169261635
0.0747175747199352 0.118804317373998 -0.0402065202744832 0.327957213554374
0.272499854963703 -0.0609589038648169 0.249015380310797 0.0424245370801028
0.069267088191101 -0.291452231908686 0.0464663599688973 -0.0396513834019993
-0.114455703270438 -0.220634473696376 0.0318671508251204 -0.00333643155972067
-0.114993673232521 -0.113530310857105 -0.0531832255982843 0.0375559666646228
-0.0554877902154129 -0.105760534299087 -0.111036230052066 0.117177886879648
-0.000912974020556953 -0.106218363073418 -0.173421844845349 0.0866918193989798
0.0252569143946419 -0.10154019822336 -0.173222221527093 -0.0147223322991181
0.12170330235243 -0.120769953619202 -0.096197867165392 -0.127773429093401
0.255483419033953 0.087751562636083 0.146856915960191 -0.177399746491422
-0.0279404441090512 0.236965554999208 0.301842048749279 0.147643888452975
-0.0385083315331319 0.213471334676621 0.0684560547265118 0.495191139956604
-0.155670153909872 0.218134937392127 -0.257797964328187 0.556484686721962
0.123152052242919 0.35832452681686 0.00848222073106582 0.146094733291628
0.239062377781045 0.123591405565735 -0.230069795296725 -0.0102615548341965
0.161990473523641 0.0667855265651773 -0.131237752198551 0.346935807784381
0.287702864819748 -0.105733641107793 0.288506904824872 0.116342523501046
0.0632226764599381 -0.309620237407008 0.105637234854851 -0.107445278363321
-0.0999419172988646 -0.21474443666022 0.00214484198940798 -0.0842803662335811
-0.0753357808371974 -0.126879950918453 -0.0900071454604471 -0.0143511474901
-0.0131154505958354 -0.135583150761815 -0.12344992005651 0.0673131063956059
0.0433443267747339 -0.131144936676905 -0.159687261909328 0.0511040667461764
0.0661367321584829 -0.105192613773657 -0.158281470898998 -0.0197225033320274
0.151603264965705 -0.128119619417209 -0.122721210825212 -0.103230139194951
0.305101164564864 0.0835012940269359 0.0496520216944872 -0.228352543532856
0.0456503018649105 0.291327304276003 0.306665809345984 -0.0293416231494501
-0.00425095443885935 0.27195639877692 0.249688894255553 0.410480939765682
-0.115185232300408 0.379122067473417 -0.180429667093333 0.495081841413016
0.0546156297309652 0.512676582064714 -0.0255279626016881 -0.0299049047611297
0.277753812625187 0.272626093506538 -0.259992665535239 -0.107401647115781
0.247029216977329 0.0794250036396537 -0.238659161204091 0.281368150133779
0.290368577514764 -0.122987409967289 0.246785436025224 0.192914191168859
0.0506513644200184 -0.27747348953095 0.159873043653658 -0.123134514406661
-0.0605940347082832 -0.160211878819182 -0.00410522012917668 -0.143858078712781
-0.0127772990016713 -0.116331305128026 -0.101116211072176 -0.0654158618354732
0.0299265966963726 -0.145084549910142 -0.11597422496809 0.00689965910033056
0.0695900488234283 -0.140621566102072 -0.130671544194866 0.00589251791949354
0.0786785332327877 -0.110036631730497 -0.127850086392379 -0.0321484163720747
0.153678937119546 -0.143003418482705 -0.117664612871562 -0.0785695155705768
0.308128167728278 0.0472065665546604 -0.041005291106589 -0.219278011825665
0.142217382798063 0.250180298003643 0.248380253126925 -0.200107326430313
0.0753038669533437 0.301178581960777 0.377938327157422 0.286461855343402
-0.0274155413478029 0.48082920774337 -0.116942528916212 0.364781924322857
-0.0344331917241114 0.570410259361549 0.0053742796430867 -0.205524686727119
0.23527023362595 0.370341056243584 -0.20334224872993 -0.215547840619013
0.263627122009834 0.0983414785949176 -0.32354317032531 0.126645855145747
0.244292663621445 -0.101155310118703 0.135763155721173 0.233989069935986
0.0280909268116355 -0.190361414669204 0.173315416348754 -0.0896327816329754
-0.00790559783696158 -0.0719028511286353 0.0133490040973747 -0.15688032894055
0.057772027690749 -0.0851518750698612 -0.0761892624650851 -0.104659214223198
0.0687502842248315 -0.131057877863349 -0.0904950961681383 -0.0568590111576328
0.0787927518841132 -0.127481875718552 -0.0995442219842023 -0.0439068601230765
0.0643993376877903 -0.0981368258092523 -0.101640905847313 -0.0614008563418783
0.115419472747401 -0.136806455335051 -0.0815378140798566 -0.0818416465147323
0.230593892973811 -0.0124269502097911 -0.0777240676825785 -0.153228154120556
0.210179717670574 0.123956793242966 0.136592887188193 -0.292761902489588
0.164278847777255 0.263150282367884 0.39957225067434 0.166433329919592
0.0791440167980998 0.514159989423678 -0.0966155843269577 0.180538874462142
-0.0677572921084333 0.532303929532448 0.0927472894708339 -0.346214708475713
0.201246434854924 0.335840625899674 -0.0599687547708398 -0.311307976977261
0.195163845450299 0.0587206427725644 -0.333343487945772 -0.0779795489378614
0.139361231525763 -0.0651285816162942 -0.0106752847965343 0.205342250161569
-0.00577335228275373 -0.0703314889454052 0.139135459886275 -0.0213061237258051
0.0401690872615493 0.0177919343748568 0.04887575045506 -0.121455842136362
0.108621763586103 -0.043884993388153 -0.0200721536100624 -0.124994197346336
0.0960757433749715 -0.096668885390888 -0.0495789877901287 -0.1114098704025
0.0798109652289968 -0.0881091271210193 -0.0759754393858754 -0.0872245489041981
0.0495839386913499 -0.055223398632782 -0.0929246155514558 -0.097649701061164
0.0481071253451254 -0.0807428554682936 -0.0374824986729103 -0.112559473520861
0.0911310127546656 -0.0626854181817578 -0.0671938965413888 -0.0806660064864926
0.211019021756051 -0.0115999629981314 0.0464789491482838 -0.305971917928125
0.212423920775935 0.155563984495811 0.31985640721864 0.0912291340926898
0.157478148440753 0.479928750177286 -0.123878246054944 -0.0185035809964148
-0.0170749575213417 0.410811696201635 0.204259941753193 -0.446136710823897
0.175949872282446 0.165463795812053 0.103320552824223 -0.393370174306948
0.0857844238284461 -0.00302980435933572 -0.298777610602305 -0.251499604738221
0.0213453295842581 -0.0478432964879887 -0.137182651307626 0.136148831188671
-0.0387066562501179 0.0333084027015216 0.0846839321898007 0.0508327897706989
0.0640199995602397 0.0772154967204814 0.0913131931711989 -0.0595489426808021
0.12940785903722 -0.00368395525592843 0.0521875324373316 -0.130228471186177
0.107216373611364 -0.0477614240557201 -0.00277009500975207 -0.147417885766386
0.087484089515719 -0.0329456785814258 -0.0561834042786922 -0.110235503272566
0.0516174381565567 0.0140188183776678 -0.0981090456622248 -0.120832128812555
-0.017747782812862 0.0201460106885001 -0.00862132362930607 -0.140521470936282
-0.0503193948633256 -0.0746760507024051 -0.057209747428547 -0.0374045553328577
0.135231058367979 -0.0934806437292317 0.0142003925988669 -0.277545266418185
0.217716436388203 0.0300371215512104 0.185307454784652 0.0558256346720234
0.170289557463425 0.390563346441724 -0.168204221001656 -0.191648855532068
-0.0911110319613502 -0.2712856695275 0.163163276390856 0.297680367546632
-0.202064534931358 0.0312464315451129 -0.0730627305501145 -0.000420301523462329
-0.0323734813317607 0.13642673970129 -0.0215146656883657 0.240278981056548
0.144222557434997 0.0344872815375557 0.0867065480036118 0.0156989859620535
0.0467657289470084 -0.126259116463726 -0.00471465148923292 0.113144609348233
-0.0724584224146864 -0.103302283258747 0.0863928176292397 0.105057485086126
-0.116818255369501 -0.0222559208021727 0.0269627505402696 0.105548185246755
-0.110942086002374 -0.000809660118813991 -0.035619231656809 0.166143359464848
-0.101315705913096 -0.0376219221971957 -0.114657974954448 0.132168390132753
-0.0617410098324283 -0.105080186839692 -0.139271334638233 0.02324207899366
0.0727909699943675 -0.10048359674373 -0.058614575741488 -0.108391046167598
0.0949578641248519 0.0535755975702179 0.197428964939767 -0.10503280198097
-0.0370230988039193 0.0591237675953025 0.301743379030754 0.320415662710251
-0.116390338815432 0.0331517905215982 -0.166954502034688 0.486891122698473
-0.0684906146202354 -0.211616649737349 -0.289838432902595 0.526240719058784
0.0170510798323061 -0.0866701475222502 0.142489666650583 0.332479430169206
-0.109538266100854 0.0220532204564757 -0.0707975540963517 0.0478572787143381
0.0334224610525639 0.164631031644059 -0.00338263357452246 0.264312782076023
0.227781155261296 -0.0175673203664496 0.15784676341631 0.00739899691583998
0.063686446130132 -0.226802684594097 0.00795717781779738 0.0497249852151447
-0.103075716510249 -0.177649595735934 0.0665943336726372 0.0670726032946002
-0.126869268970053 -0.0748852125618665 -0.00851031022628163 0.0812382023512185
-0.0897827234566812 -0.0569462267221191 -0.0787461415022059 0.152903331279556
-0.0560105614987742 -0.0736599400250361 -0.159819529711965 0.113820847196712
-0.0257058172578184 -0.105389770295553 -0.168050086096153 -0.00474173823852292
0.0915581712257781 -0.121688426585795 -0.0662637125373122 -0.132744076130627
0.184052595502184 0.0736483716699468 0.199237193863749 -0.119907439551586
-0.0445614979791707 0.136295607453453 0.289410266743971 0.270798610182437
-0.0606228948097955 0.147492169320252 -0.0917414737497766 0.522439585878799
-0.13725252444021 0.0135131146435622 -0.303041544444796 0.563709057719239
0.11074459228158 0.137892809481478 0.0802214389429444 0.278103907977607
0.0754219336938155 0.0214479279854775 -0.147875351972966 0.0479660619716333
0.0757114958205565 0.118026940402347 -0.0376823218129709 0.328253117754832
0.272250537232775 -0.0634645658274507 0.24854725817002 0.0390703438891022
0.066652817775942 -0.291688997504052 0.0458175760789108 -0.0398508042432929
-0.116550788493854 -0.219804744934489 0.0309569249078073 -0.00307121960382679
-0.116521669736365 -0.112461471793655 -0.0524449624252014 0.0385443769797102
-0.0573862434674862 -0.105096542733439 -0.110575840250205 0.118905580417396
-0.00302941162757942 -0.106802076491365 -0.172890796646061 0.0884590070400883
0.0253254682956147 -0.102163879822873 -0.173763067948642 -0.0131686116363968
0.121236897924342 -0.122945000717793 -0.0974341203990212 -0.127122757910362
0.255973963811041 0.085604294870363 0.144397161202101 -0.178026882805526
-0.0255830103758412 0.237359355009234 0.302559150372163 0.146275064091792
-0.0372157852521242 0.213884456189369 0.0731595616693419 0.494433387919695
-0.154261496857375 0.217759725183853 -0.25371542533441 0.559441632618758
0.125957377653613 0.357335149343187 0.00933357935458951 0.145741023497815
0.238946586478252 0.120427380609728 -0.22881630096089 -0.00916041146321952
0.163005160353755 0.0650085851372119 -0.125645471910165 0.34517824811933
0.285812675206406 -0.109851906850133 0.28923199138308 0.111577087221936
0.0599055488449542 -0.309209874440769 0.105697799055246 -0.107903542112846
-0.10161393566184 -0.214243148800527 0.00136183818366304 -0.0838076579051353
-0.0765577031344996 -0.126985935357539 -0.0896893147772001 -0.0132032198878504
-0.0152035893675594 -0.135678577950841 -0.12218491281766 0.0686174885247254
0.0414819760668559 -0.132085056553123 -0.159693582592897 0.0530731913384056
0.0645319834415868 -0.106308472481212 -0.158223809312601 -0.0178904025996762
0.150575920717588 -0.129807051901575 -0.122670063333657 -0.102601260654482
0.305607310604381 0.0820310400692664 0.0482715075661603 -0.228305184687955
0.0494318526611646 0.291856225477422 0.306846821220583 -0.0317633634943114
-0.00118063360260469 0.272687998384081 0.252809592316617 0.40837174580578
-0.110793798306255 0.378489940277009 -0.17644753252783 0.496838837751576
0.0600218250334072 0.511288578264134 -0.0252989519320748 -0.0293077705306119
0.278031571046451 0.270601926930942 -0.261346831460186 -0.104337759543543
0.247722019432181 0.0773410869692751 -0.23608831687565 0.282605746345384
0.288736739259042 -0.126286313383838 0.248962354803896 0.190537104652279
0.0478833654500429 -0.278356362267285 0.157844360925412 -0.124953936807753
-0.0622578418194745 -0.159829183996147 -0.00611356879250402 -0.143656097313591
-0.0143480271027976 -0.115630026628949 -0.101710098910007 -0.064163347898691
0.0293472101019576 -0.145111440221861 -0.115167397266105 0.00682422854549006
0.0674752745848647 -0.14189194565785 -0.130775109898629 0.00688289030549219
0.0776547817219509 -0.111327784074937 -0.127700674455199 -0.0306593687910292
0.152322207827665 -0.144668759948559 -0.117501658100056 -0.0781296096859429
0.307221933527199 0.0435765469610024 -0.0419396422164985 -0.218430057641721
0.145010674446363 0.24893690056239 0.244940096904533 -0.201839055048638
0.0776001494093293 0.300726276287394 0.379711758007349 0.283367581969717
-0.0232339429376314 0.480952318230973 -0.114243417873063 0.364771320123615
-0.0287867484873355 0.567499506656959 0.00366995580042246 -0.204890976481933
0.237386037600839 0.366147656289678 -0.205442414061364 -0.214185934560906
0.264692570844461 0.0965508599350022 -0.317883763657196 0.131245666483374
0.24324293406683 -0.103004243262478 0.137920037809253 0.23311401822733
0.026567846687688 -0.190810393483777 0.17299713434931 -0.0909523810225392
-0.00870618465276143 -0.0723997948012237 0.0120261731101444 -0.15742801582542
0.0563608047181074 -0.0852485452056523 -0.0770633043345582 -0.103272754922378
0.0674570378892751 -0.131865296730378 -0.0910344097878198 -0.0562092542038896
0.0764022321529357 -0.128239143229696 -0.100924385430281 -0.0429778919940082
0.0634853613699858 -0.0988612146462525 -0.102098525507831 -0.0604035167384626
0.11355376158589 -0.138455957212191 -0.081528291370229 -0.0806331367210226
0.23044055599391 -0.014073062982319 -0.0787383174753594 -0.152677606450867
0.211187392059993 0.120979963309154 0.13520820413786 -0.293830517492016
0.165450228539782 0.262578854495383 0.402339017889421 0.162517454075245
0.0815906444634442 0.512285106423129 -0.0951282507863013 0.180691716067725
-0.0627726484724447 0.535200173913332 0.0915865652015881 -0.346970289970767
0.203908640706072 0.334354289212602 -0.0616231771251365 -0.310137875573543
0.194832052941877 0.0568172621858893 -0.333472974640805 -0.0761223245656271
0.138467814383023 -0.0672512926153934 -0.00989344047995337 0.204771518510697
-0.00649037029667228 -0.0702814051187431 0.138843534373414 -0.0230018126178297
0.0398401793030529 0.0173139035860888 0.0464933858049054 -0.120823205809494
0.108284584238726 -0.0457423822280372 -0.021041896023705 -0.125437732039633
0.0946932285722879 -0.0982410622665196 -0.0517977095925703 -0.110748297066068
0.0785475318596263 -0.0895189769093107 -0.0767992764266177 -0.0869101619725776
0.0483247525286265 -0.0567475761795324 -0.0933738069941436 -0.0982726590325275
0.0473902102797144 -0.0808696639426585 -0.0372921700537864 -0.112009255272452
0.0905750950696182 -0.0626467103871183 -0.0691494884757973 -0.0792785982817293
0.210972266460258 -0.012706150198219 0.0432888670858822 -0.306614603994686
0.214211823070724 0.154463587093801 0.320988645796179 0.0894488717479457
0.159458382805196 0.478942892922071 -0.124660803885433 -0.0182660539648929
-0.0150235833021154 0.410724416439331 0.201013536289488 -0.445692465303099
0.176291733484275 0.163637693023125 0.0996797467868319 -0.393920151759815
0.0857912152610118 -0.00435366631844922 -0.301728843596298 -0.251377500220098
0.0213705899728034 -0.0477946261527784 -0.136947554597982 0.135773787423697
-0.0388988052231445 0.033743451846318 0.0847705374012404 0.0498309607181771
0.0645890195152409 0.077476539778614 0.0910705589048828 -0.0598960159332505
0.12823611719523 -0.00587265483353813 0.0502721314890209 -0.130405220156647
0.107035366880587 -0.0490393828119002 -0.00445491162760096 -0.147843211361768
0.0868696287524083 -0.0347939787757235 -0.0589562759540715 -0.109497508919981
0.0523970265116995 0.0128126196584874 -0.0987329258653583 -0.120106906750528
-0.0177624808735801 0.020499389061396 -0.0103445280706135 -0.140570442399187
-0.0503891773314529 -0.0740504483235681 -0.0577223026103067 -0.0360182057742475
0.134772295336616 -0.0944481505789503 0.0107058321545412 -0.278345994455219
0.217505711696175 0.0279049324200806 0.185774041770091 0.0546840401446901
0.172429718290429 0.390735339200612 -0.168667909615368 -0.1900142615317
-0.0926921119922955 -0.27117952358152 0.16637166744185 0.295971141247314
-0.202355581752629 0.0328804245975974 -0.0731482955969227 0.0009409852953028
-0.0316812340980568 0.137519916208556 -0.0182664205475681 0.240176883024734
0.144338885713987 0.0325392376975924 0.0867760525574806 0.0143600490955212
0.0457990387869585 -0.126090642409569 -0.00273911229254567 0.113150989823896
-0.0744647979370963 -0.102782039698219 0.0867156298686321 0.104541912088054
-0.117325119149536 -0.021652326448064 0.0279369522370269 0.105839361306704
-0.110571076387645 0.000341744115026377 -0.0332924807055993 0.16662435085907
-0.102212302197888 -0.036719936936318 -0.113403216089656 0.133271446293534
-0.0624677974602074 -0.104516628928403 -0.139278650299976 0.0248800248284737
0.0720019730077291 -0.101388637292606 -0.0585789743212339 -0.106897788984219
0.0959382636742257 0.0535400380342355 0.195991753267993 -0.106089603451079
-0.0363938416340314 0.0595747313817736 0.302653426098942 0.3170254105231
-0.11668231084911 0.0343517715361698 -0.164066818191951 0.487338103952049
-0.070915293067799 -0.210674549699619 -0.285486793460661 0.527132215688248
0.0165568092542965 -0.0870596911183846 0.144737252124298 0.329142176029358
-0.110163444894801 0.0230444193976465 -0.0696408127266873 0.0488775731640142
0.0352424855683009 0.164694019031639 -0.00121053841068777 0.264172290785934
0.227859704320726 -0.0186581725343865 0.158191789500672 0.00530119429966978
0.0613850314480723 -0.22786488340561 0.00812840004473008 0.0494379182344032
-0.104856751503178 -0.175999342656974 0.0658476333254211 0.0667445888204384
-0.127401316929882 -0.0741078667803029 -0.00759012158340917 0.0812633805459048
-0.0905256003549769 -0.0560729726256078 -0.0769917903858335 0.15375702041492
-0.0567434641440548 -0.0736332648707046 -0.157694691810798 0.116786558064746
-0.0262069735743726 -0.105702561579482 -0.167478940778002 -0.00261632898327022
0.0909670639529117 -0.121957313811267 -0.067539353604284 -0.130644360675734
0.186038811213111 0.0714432416977312 0.197963860647664 -0.120758583560235
-0.0426376836485044 0.137417978856817 0.290845013057549 0.267240055793083
-0.0595376290904587 0.148133755612595 -0.0879854325289 0.522700237203316
-0.137039805122486 0.0141841346295644 -0.297840459069319 0.562944222663303
0.112614851569569 0.137080017727429 0.0814871833347123 0.27733142796364
0.0760561791216865 0.0213835326570133 -0.147012227061049 0.0494406397460099
0.0773188967534255 0.117703706998958 -0.0341299254999415 0.329450649126952
0.271363127074347 -0.0655145403375666 0.249794168305581 0.0364372648831529
0.0643750002330548 -0.292087223006853 0.0452541545787802 -0.0406525421125341
-0.119200843368901 -0.218027959987626 0.0309808403908492 -0.00345238285003349
-0.117474583316224 -0.111023480179781 -0.0516774739804532 0.0393763762838818
-0.0591066099989161 -0.104233772906724 -0.108490168699626 0.119855896315836
-0.00382684715197518 -0.10723351191145 -0.172835282328792 0.0906109355056902
0.0232187424124448 -0.102551252936605 -0.173439423748773 -0.0121302777235797
0.119203083661053 -0.123594700142622 -0.0974992560165709 -0.126407658403943
0.256641004882624 0.083316233060028 0.143064288845757 -0.177953069194207
-0.0227019306457618 0.238194999913093 0.302615065008038 0.14369549748379
-0.0349191293325537 0.213948753150807 0.0764530215715986 0.492472621183191
-0.153099283296431 0.218600792496193 -0.249512764217569 0.560915265496869
0.127483214416576 0.354754174315549 0.0100596709303536 0.145319130073721
0.240434198607335 0.119288026300138 -0.228854455932793 -0.00700680977047018
0.163782739205596 0.0644373641807646 -0.122610782403724 0.348162478827538
0.286461142649895 -0.111306090020161 0.290626948842219 0.108241908277023
0.0576180553318391 -0.310693027915946 0.103659855302361 -0.108847127117399
-0.104664986764182 -0.212422870009413 0.000509186977970364 -0.0833163150746948
-0.0781194536073696 -0.12553472630364 -0.0896845716488928 -0.0122990315989607
-0.0167817616141591 -0.135706758917176 -0.121484649826292 0.0695044999733621
0.0401733391623897 -0.132549513372351 -0.159269540037033 0.0543776823060731
0.0630368255538827 -0.106738976987204 -0.157352858031763 -0.0165093242945354
0.149739240641519 -0.13266350823398 -0.122430961560799 -0.101570239996003
0.307474055985327 0.0790555302424147 0.0462283683182795 -0.227393358016122
0.0523736331148409 0.290624028640131 0.304135020934468 -0.0350145874175372
0.00153797325071649 0.27155482344616 0.256891564516714 0.405766889565389
-0.108975002078241 0.379460664461205 -0.172677209928359 0.497581466015207
0.0618281400574963 0.508429386800742 -0.0263884344021152 -0.0288974922737562
0.281323323408739 0.268192439185916 -0.261178143451682 -0.102503420020861
0.248454975577388 0.0761261736925034 -0.233802918723721 0.284440759701307
0.287835162984093 -0.128666806221599 0.249660256699719 0.187587777436308
0.0464966313226441 -0.278501761316384 0.156283462715604 -0.12685443897316
-0.0644445945186206 -0.158792109364769 -0.00637808840113643 -0.143713186269375
-0.0154608602325469 -0.115879328285145 -0.102224692671587 -0.0634377721464949
0.0268855136656176 -0.145185377162825 -0.115807905107511 0.00829902636556305
0.065730064307164 -0.142470317757101 -0.129904646794191 0.00830163537750588
0.0750618865649569 -0.111858216413545 -0.128503443927722 -0.0304680807296893
0.151171465206631 -0.146050409697125 -0.117163153945457 -0.0765628529128512
0.308634013655101 0.0415311406184632 -0.0449415397802536 -0.217709853197037
0.147871274108874 0.248099191350287 0.244370469962839 -0.203901574011355
0.0793934613830127 0.300692900291205 0.38269088959191 0.279188517990683
-0.0191957672989754 0.480246846584014 -0.110537586165464 0.365838266428241
-0.0212652327876728 0.565508514576709 0.00109179075106809 -0.20464066768154
0.238929560631933 0.365819556542141 -0.205913702667477 -0.212524343570031
0.26619987661734 0.094631969200772 -0.316941894325837 0.132841768979737
0.242886408870857 -0.104871427067754 0.138503848529058 0.231187727853664
0.0248333726577047 -0.19163454262116 0.171079881474965 -0.0936095345578544
-0.00908985096433747 -0.0721781064683902 0.00981961146695569 -0.156403574995206
0.0541237340783948 -0.0857634830326643 -0.0785057363242329 -0.102468852667479
0.0664460873979874 -0.131965230254435 -0.0910673470697503 -0.0560992330813392
0.0742588925743253 -0.128263157156923 -0.10091579573565 -0.0425470580062004
0.0641706415747334 -0.099994589193087 -0.103139603551002 -0.0605305021729786
0.112434807370561 -0.138315905645222 -0.0820359554121962 -0.0803841690201804
0.230367465420225 -0.016894326264491 -0.080774269418944 -0.152287600593952
0.211870462329127 0.119565631706786 0.131602087652099 -0.295216934041698
0.16799310589674 0.25987654043486 0.403111029779426 0.157230271199432
0.0852530958395858 0.51181549456366 -0.0935897574684875 0.182267185630734
-0.0595931090382021 0.532196373848147 0.0882642140795641 -0.348272014237411
0.205131090435593 0.333428011605319 -0.0633169132108155 -0.309870149060695
0.195137340401335 0.0549102012542559 -0.334150108489086 -0.0731247799501447
0.138021043375991 -0.067908714688919 -0.0084926533162282 0.204133987641218
-0.00784668946933538 -0.0709799367274122 0.137661192069888 -0.0247860989887159
0.040556852872093 0.0165326357567339 0.0458481504337315 -0.121533344497026
0.107566177649363 -0.0469303417550876 -0.0227715642022352 -0.124665985864819
0.0930744471863236 -0.0985791591313755 -0.0520148486152546 -0.110921820966864
0.0776287708739839 -0.0897918028014337 -0.0784127082970947 -0.0868970159677027
0.0483015691544624 -0.0568848914101908 -0.0947782984551592 -0.0968411738894236
0.0458501777378363 -0.0814746470654381 -0.0386989052574918 -0.111817401139781
0.0900071349403228 -0.0644355462237525 -0.0699186441130913 -0.0784611404002893
0.211548136980654 -0.0142586067261693 0.0401100368546037 -0.306729444427147
0.215081585328 0.153186082697221 0.320879098769725 0.0859533748277159
0.163685162155617 0.47771121062259 -0.124193234301786 -0.0173044559016164
-0.00983479608376065 0.409653847876095 0.197062991295083 -0.44763933835541
0.177777309250565 0.16443161369327 0.0962277736201183 -0.393969693328643
0.0854452672121367 -0.00503654626013954 -0.30368582596383 -0.250318791304822
0.0207965363057645 -0.0478587729357641 -0.136001385339266 0.136336973962061
-0.0376773863099337 0.0339512329757233 0.084897099850299 0.0486303888664343
0.0656314229974727 0.0770380213735445 0.0882585752380806 -0.0621587714724688
0.127521388342184 -0.0075544580331107 0.0486729561474535 -0.131211659250725
0.106249514079589 -0.0501616971917336 -0.00694473353261321 -0.147984374724639
0.0854674919801424 -0.0345209591004376 -0.0591098735171969 -0.109655900433791
0.0528622359385685 0.0136094383747741 -0.0998423379573747 -0.119643456665894
-0.0178054547341894 0.021109696922121 -0.010942697969906 -0.140569248767189
-0.0509173337375064 -0.0733720077773778 -0.0588919087404771 -0.0353618863576929
0.133319172799226 -0.0962662973391989 0.00755230749227684 -0.277011150633796
0.217737631804198 0.0274822016365815 0.185966821418173 0.0520205649877661
0.175334327561917 0.389371977267453 -0.170027954567202 -0.187746586714287
-0.0948586800159611 -0.270004999596512 0.166857158405694 0.294482011462778
-0.201074345703472 0.0336872636216821 -0.0728594009358186 0.00154263476300138
-0.030969212089337 0.136672144364887 -0.0166540326245656 0.240080174622956
0.144957551143361 0.0317184341863546 0.0871303667700156 0.0137360792853306
0.0451511403409537 -0.126944982407749 -0.00195814140652133 0.112540753186503
-0.0746423618259884 -0.10206003563135 0.0872232814854806 0.103892332737699
-0.116542018384932 -0.0198604737895476 0.029342535922628 0.1053156127245
-0.111289186579384 0.000959411980524408 -0.0303261022759031 0.16647433142563
-0.101790275329179 -0.0357989785376098 -0.111071317822346 0.13540542303858
-0.0636663837275754 -0.104356156356993 -0.138220742695124 0.0256311601732664
0.0719172156981045 -0.101782532459568 -0.0593354227216833 -0.106135685479047
0.0959169338201765 0.0528886376885868 0.194656492486965 -0.107416298361335
-0.0356733261115163 0.0597056032528856 0.304699624867986 0.315692178349837
-0.117285705064267 0.0354601666820826 -0.159897839437997 0.488237418082784
-0.0719433756369411 -0.20945880693842 -0.282608047765424 0.528410209294247
0.0154573297483237 -0.0883851610004154 0.146580049845355 0.328606804698586
-0.109363966768046 0.0233763656475174 -0.0692947345547091 0.04992805042043
0.0363437128909162 0.164921599100693 0.00057481532837459 0.26560505796286
0.228099590803372 -0.0209775905564342 0.159093643561031 0.00335810276968569
0.0591782274109923 -0.227823710839317 0.00887553312527117 0.0491893153806114
-0.106733360695638 -0.175055294999476 0.0674279851119298 0.0648190926552068
-0.12848955558544 -0.072010972171369 -0.00654513405961161 0.0821473403563935
-0.0913177005525864 -0.055960863352465 -0.0754612281104897 0.155202872669349
-0.0579417868333975 -0.0734899337463523 -0.155521048533847 0.117373068190875
-0.0280547000093095 -0.10635690234614 -0.166719144744771 -0.00135527112793844
0.0899598735339931 -0.123503361729889 -0.0686332221495315 -0.130827443323476
0.186013382394547 0.0697844215751392 0.195639820070494 -0.121429470434952
-0.0418118939964784 0.137146848914073 0.292590673942898 0.26553050221545
-0.0586036024355459 0.148498477844759 -0.0856564971349382 0.52235978261637
-0.137030338099326 0.0148951083472095 -0.294520566505638 0.564836333088299
0.112980862637308 0.135900840740527 0.0839356677927253 0.274780684347924
0.0763122473448513 0.0199077784321115 -0.146291469149625 0.0508696213870663
0.0777256338988321 0.116715469463972 -0.0307101333097628 0.328353959054135
0.27021397837843 -0.0687174181893522 0.250552724370613 0.0339875052366359
0.0617662180812263 -0.292540440980733 0.0444851733799599 -0.0413217911805393
-0.121582159952605 -0.217102496727506 0.0303484151723082 -0.00373997848018077
-0.118715454550134 -0.109726087410373 -0.0514625704075619 0.0401030947790884
-0.0600531880580372 -0.103455883524249 -0.106429311388108 0.12140271900262
-0.00564028975545021 -0.107259333693161 -0.170704888123861 0.0922614616286902
0.022582339069071 -0.103332167410608 -0.172269260624797 -0.0103475612870142
0.117682249653105 -0.123799756948111 -0.0976979651818306 -0.124917284042085
0.256849340621826 0.0805953301094266 0.140418490254067 -0.179651672538932
-0.0202742408881375 0.237538126998151 0.302997511771608 0.141502387430618
-0.0341587555225308 0.213886640499757 0.0799752961223049 0.491795664396833
-0.150995549622543 0.220024285254976 -0.24573847897929 0.561078046513244
0.130492252687125 0.354821428851823 0.0109813072484321 0.145217790836833
0.240167818428952 0.117733926325595 -0.228435452740695 -0.00472360350546006
0.163509447929859 0.0626160499182505 -0.121444337648629 0.349367709841886
0.286715211026557 -0.113203435063419 0.291033672986524 0.106135830848406
0.0550748506509515 -0.310993839376958 0.102348624727078 -0.109445080057152
-0.107325913365175 -0.211572619609071 -0.000460783788554415 -0.0829451930001822
-0.0796608231815687 -0.12427501141678 -0.0892086006187227 -0.0107214994316158
-0.018590912122669 -0.13465722531725 -0.120619597515855 0.0720168384346431
0.0382290340220213 -0.133163501036267 -0.157792099951891 0.0552021199762625
0.061777696857859 -0.107916148725937 -0.156948505650148 -0.0152123881791808
0.147817689151982 -0.133717929569549 -0.123031349158404 -0.0995275986615857
0.307617015227115 0.0745623813837757 0.044599552329856 -0.22755815165987
0.0543050917249876 0.291131794291929 0.304413944409531 -0.0367375119615661
0.00196527213463026 0.272876162730908 0.259041834141923 0.401891942148198
-0.106607634274812 0.380025237784204 -0.167770726369642 0.497023507065537
0.0665553077308332 0.506294928644344 -0.0272383075339694 -0.0286986893884669
0.280513430802457 0.26530759926965 -0.261510684121094 -0.0994801983376761
0.248149826496863 0.0731070443502862 -0.229103828463984 0.285225015718071
0.285859478384078 -0.131292945066833 0.250583950556651 0.184584476102664
0.0430531449946348 -0.278825029681366 0.154761191426901 -0.128481836492044
-0.0655677054553656 -0.158284637030379 -0.00816307875258843 -0.143233413584234
-0.0169463071118592 -0.115694934116326 -0.101992435093804 -0.0616411992937784
0.0243591084846929 -0.144930297751126 -0.115356993719878 0.0087397668684302
0.0639389761245442 -0.143814446088011 -0.130328841639668 0.00918799126978363
0.0747308380168884 -0.113252727596381 -0.128309097807226 -0.0297576475884145
0.149418707401405 -0.147996422589015 -0.118093175830993 -0.0760648472477409
0.308502024316031 0.0384754540770688 -0.0464961693162537 -0.216036513406412
0.149450587673258 0.246182871107604 0.240024556819231 -0.205710741197841
0.0811287705161499 0.300079881053012 0.383934459614768 0.276065753879882
-0.0156863027232057 0.479211372325222 -0.108623681449242 0.365663598109484
-0.0203758165858786 0.565413054319648 0.000163181370408558 -0.203958566457783
0.242544053932058 0.363277265832083 -0.206602961969421 -0.210808802100433
0.266296347885816 0.0924057305408434 -0.318789762891142 0.134273758928183
0.241656951208298 -0.10726268666383 0.139585470970036 0.228478497954053
0.0231658489751732 -0.191476615610217 0.168822739281852 -0.0941352785012929
-0.00972446686754491 -0.0722811437978721 0.00729504987161146 -0.155484402748066
0.0536693206231034 -0.0865099295048016 -0.0788755536027583 -0.101989423175497
0.0639611192274634 -0.13224746508953 -0.0919269743464868 -0.0545904736768083
0.072266832378894 -0.128790155852099 -0.102255010997379 -0.0413473588340185
0.06267928181249 -0.100909676802127 -0.10376840128541 -0.0601085781043296
0.110143579338666 -0.140041110413023 -0.0827126320253436 -0.0787191547284556
0.230177793029613 -0.0193030450278444 -0.0825377739165705 -0.149866310770009
0.213639776902697 0.11829588950467 0.12642248515442 -0.29690815010827
0.169000823047336 0.259000180667739 0.402801294642524 0.154336666312874
0.0890553660724343 0.511275380880593 -0.0923946388040423 0.182346495876945
-0.0546960586956902 0.531859547801687 0.0864228825864384 -0.348048830209158
0.208156021275531 0.331063942102862 -0.0660003007918776 -0.308677822563888
0.195930014251739 0.0537893731522349 -0.33372098070913 -0.0706586265547034
0.137441636447998 -0.0684314642734888 -0.00717236673370086 0.202566380680748
-0.00782664148070824 -0.0711466873738663 0.135816212268213 -0.0267595255926991
0.0398343241641049 0.0161072011300831 0.0432020926199522 -0.121971464164659
0.106958748469219 -0.0473670576295745 -0.0233892937737541 -0.124147530902414
0.0927909821104982 -0.0990286626714943 -0.0542194696872573 -0.11001570173852
0.0762851106079913 -0.0899258853331281 -0.0791192970073513 -0.0851833759837268
0.0476494534960606 -0.056721782351282 -0.0955629284573878 -0.0966805413514041
0.0451765619623396 -0.0822186758920153 -0.0385525869906529 -0.110845087587586
0.0893585258787275 -0.0646705054082472 -0.071195251045315 -0.0779847814941223
0.21058760925085 -0.0162841595117868 0.0363284030761384 -0.307403749752208
0.215599663874783 0.150420703051413 0.321520116148587 0.082919659092252
0.168257616895956 0.476106580227125 -0.124587519326298 -0.015965847525783
-0.0079236882860448 0.410482830584892 0.194373567513975 -0.448077756502769
0.179162914014112 0.162295716228284 0.0959000241053313 -0.39402647273807
0.0860398277997033 -0.00544579900895698 -0.304010376997463 -0.247872839186165
0.0203446572220724 -0.047927233531627 -0.13518390756763 0.137430548716696
-0.0382526495574878 0.0334474555326273 0.0839113384341262 0.0466606316168436
0.0660969109423541 0.0756889219634984 0.0872201234052509 -0.0630447816342588
0.127690564005374 -0.00837928993796516 0.0476323715086241 -0.131586416946498
0.105265765327512 -0.0511777137988557 -0.00798539761436749 -0.14799674238422
0.0853839273279793 -0.0347215737090216 -0.0607110679696918 -0.108819913750235
0.0533747152397855 0.0126624175399937 -0.101049575597106 -0.119216802808371
-0.0180800397787638 0.0206874945054816 -0.0120062096804468 -0.140928341018276
-0.0521607763562716 -0.0721785808578687 -0.0594369551436592 -0.0345142302366611
0.133881125271439 -0.0964376804455748 0.00574405971130203 -0.277881012738067
0.217403704767564 0.0256903794401553 0.186895476392613 0.0504328760232003
0.177159394175919 0.387979354559733 -0.17095455836649 -0.18649782122375
-0.0961785182696338 -0.269282693454272 0.169068397131705 0.292807636579446
-0.200330201005037 0.0353561549585978 -0.0729481594289211 0.00186246611776739
-0.0296738879899382 0.137703674867144 -0.0144450707499854 0.24062389603298
0.145415933464993 0.0303531583148105 0.0879226224831158 0.0121746272761473
0.043946270082516 -0.126907031183045 -0.00119489159982651 0.111816037953259
-0.0762680627563251 -0.101590147877649 0.0882096006075544 0.10286436614116
-0.11627155008334 -0.0190314524203978 0.0306575245254996 0.105367467698557
-0.110041138330716 0.00215802228678118 -0.0285505190762858 0.167812048573657
-0.103234992486482 -0.0349130741002707 -0.109571332101111 0.135857494880379
-0.0648081234105334 -0.103299579888951 -0.137401216128194 0.0267799777713405
0.0701032433727239 -0.102799130037461 -0.0603096131440086 -0.105520751909784
0.0959501773171318 0.0517241305680443 0.194356344839723 -0.107435284959362
-0.0353289900468242 0.0605087830987421 0.306046304499932 0.312195795468542
-0.116607403505813 0.0360139344238849 -0.156513733840118 0.488393743869466
-0.0741059590146053 -0.209620934976101 -0.279022946417723 0.529641137372618
0.0154254008542837 -0.0886298633509353 0.149031837144398 0.326755847404404
-0.10871984773293 0.0242371708020773 -0.0683455722528151 0.0494741759804421
0.0367388056859774 0.163257651660584 0.00281463661667928 0.265261811537152
0.226874230478588 -0.0237700710647727 0.159041347909937 0.00173364885649642
0.0571373742706155 -0.227114560882953 0.00895852070312297 0.0490037888670745
-0.108701904010451 -0.174113468833846 0.0676915526500113 0.0639962475204239
-0.12906551995619 -0.0715876719729737 -0.00511393873047869 0.081662796049299
-0.0923595145008068 -0.0544045882181344 -0.0730128387530831 0.155562096342187
-0.0579722389606882 -0.0730368081598219 -0.154676415759777 0.119483322764837
-0.0290958384979956 -0.105618906779951 -0.167249553028086 0.000292161091298316
0.0887375141732573 -0.12396726094228 -0.0689346912463746 -0.130503667306894
0.185976479229755 0.0683270775374647 0.195600672063098 -0.121048219683917
-0.041429909595803 0.138025380113396 0.292419163882119 0.263493430161647
-0.0577768650455299 0.149027008447104 -0.0799450501598539 0.522345721828376
-0.137489800776785 0.0159564328107861 -0.289860782776649 0.566547472991
0.11338990643084 0.134340571425048 0.0854684327274839 0.274259326153006
0.0757028011411498 0.0193633502738422 -0.146176254504989 0.0526749481391603
0.0783516951183859 0.115791793009912 -0.0286007096282345 0.32915826846418
0.268927618296972 -0.0702479588815928 0.250334308685338 0.0318715232718501
0.0586471809170172 -0.29207485476455 0.0442901102374981 -0.0418659507919064
-0.123872873567403 -0.215335958109304 0.0304505051793697 -0.00375245390465683
-0.119072848952483 -0.108957835699162 -0.0511761598044628 0.0414118692600802
-0.0604165907024466 -0.102944363989617 -0.104945112819693 0.121926562366424
-0.00656383187325246 -0.107245386206496 -0.169686059335375 0.0934189991166763
0.021011719825177 -0.104000359138981 -0.1727971265682 -0.00883292298788628
0.117332334633254 -0.125756223640185 -0.098224488126483 -0.12292758566879
0.257862412911351 0.0782852660772426 0.139811763057504 -0.179569677961201
-0.018684440204188 0.238004026088467 0.303340582488341 0.138901891269743
-0.0331143930838829 0.214892090896435 0.0822892219442296 0.490170202554932
-0.149599815988977 0.220249200235772 -0.239583095460382 0.562505117737653
0.132359860200258 0.35166599187037 0.0120309424596818 0.144265158304183
0.240974980512578 0.115246578070655 -0.22840537051302 -0.00296658981456081
0.164440823759165 0.0622077287099377 -0.117988788133328 0.348765990465276
0.283569249525998 -0.116689827926665 0.290065809926754 0.102129587238054
0.051569685587912 -0.311369829408224 0.101316440160525 -0.110811509613836
-0.109308474823371 -0.210253539553093 -0.000790509858238223 -0.0832925888712456
-0.0808031991148551 -0.123269267846279 -0.0890809644411457 -0.00985310991561663
-0.0194901100512822 -0.135281300659562 -0.119644327643444 0.0717299145556426
0.0356968843478724 -0.133216812782447 -0.157361911957584 0.0573444892097323
0.0610822227304679 -0.108586040288431 -0.157710117833519 -0.014326128686898
0.146440822404213 -0.134691090928018 -0.12338699156883 -0.0981280380373842
0.307237931670202 0.0712955861925946 0.0426773641345163 -0.227180464306506
0.056401928014744 0.290608063971256 0.303625747124096 -0.0381987924927187
0.00377531856848686 0.273078531630947 0.261751188589554 0.400246660815791
-0.10318521760151 0.380532569448214 -0.164764672819338 0.497809292900179
0.0698641369304266 0.505756117327625 -0.0261595637720334 -0.028834934187673
0.283286047286744 0.263159163899857 -0.261252253431356 -0.098235526850243
0.249662826194899 0.0716932488640713 -0.227620926714236 0.286763490249999
0.284938328160606 -0.133972069671905 0.251775152463681 0.181895030909515
0.0403402902222142 -0.278997041043062 0.152794976993598 -0.129835478239282
-0.0681934071226564 -0.158244636436635 -0.010333200679644 -0.142856540048797
-0.0179566316313437 -0.114622406321949 -0.102541233321453 -0.0605160272746191
0.0237473480421892 -0.145259657957228 -0.114592482527527 0.0100808179767232
0.061945039344263 -0.143302595675317 -0.130179569048692 0.00975557200408452
0.0734177368025018 -0.11401437372448 -0.128695925535263 -0.0291855398238558
0.148281819346779 -0.150171522443587 -0.117757597083967 -0.0744849277084024
0.309248486568148 0.0351961809512366 -0.0488337573555469 -0.214766104306522
0.151814679422902 0.244802098522045 0.237901227156838 -0.207393075908196
0.0826146869936466 0.298900104837994 0.38563159092101 0.272792903948317
-0.0130174355587711 0.479259378979443 -0.105331443178311 0.366207039410305
-0.0191181370861147 0.566517380555044 -0.000426657448423306 -0.203972949211658
0.243716118485493 0.359143444554908 -0.207700062640247 -0.208839549922983
0.267188722344815 0.0908364490998496 -0.316479030104332 0.136481129481218
0.238412791359176 -0.10913921370969 0.142558216614737 0.226651424777585
0.0213874596026855 -0.191792917503078 0.167187152325727 -0.0963774752639119
-0.0114596076948876 -0.0726956981693235 0.00670230563466318 -0.156341686166225
0.0528522005572317 -0.0867956862129013 -0.080268789731377 -0.101062093455683
0.0624886820054469 -0.132887893058862 -0.0922930601188677 -0.0538181554068182
0.0711937936003407 -0.129325211928401 -0.103051938071205 -0.0412241491398375
0.059675227768828 -0.100623163759171 -0.103721404802904 -0.059262507392171
0.108347041219798 -0.141442467510832 -0.0824668779950914 -0.0784197765621118
0.230210597946949 -0.0214433519985633 -0.0831731337871982 -0.149436466521748
0.215865823750759 0.116491417494553 0.124906217982705 -0.297227446873222
0.172306196899481 0.258959219123666 0.405259969914083 0.151445685556492
0.093382269460477 0.509332143873798 -0.091420964384856 0.183431802370116
-0.0515903454892914 0.533501526256888 0.0828593154660109 -0.347653746290507
0.209992024350078 0.32977226373718 -0.0665633360961732 -0.30778382428749
0.196671356719245 0.0527582936668601 -0.33417646837787 -0.0678113713189844
0.135436906904626 -0.0691807130466737 -0.00548076116634559 0.201797329237551
-0.00841398823702375 -0.0711275091887663 0.135421189190164 -0.0279409731108563
0.0402232677609308 0.0158833541886061 0.0420043834838629 -0.122027831887268
0.105841814599798 -0.0489533828458938 -0.0248762342531129 -0.124154603594545
0.0906028829028867 -0.0999275720067515 -0.0554156829948212 -0.110703302069378
0.0747380284205554 -0.0912567963558222 -0.0804060736112747 -0.0854084396306164
0.0459133761167602 -0.0576349133139398 -0.096306964387037 -0.0947374594719209
0.0439616655602529 -0.0823545051854681 -0.0394638407991224 -0.109972047721819
0.0884223704037394 -0.0650666736514266 -0.071227783341875 -0.0764106194583423
0.211198531872581 -0.018253978443784 0.0344431295361572 -0.306679240974281
0.21670079408186 0.149631140451767 0.322410917442848 0.0798453866902901
0.169591628527295 0.473751889157467 -0.125000932072149 -0.0145380729738284
-0.00567335036929103 0.410141071912521 0.190550860833115 -0.44910968885845
0.179729259214487 0.159776751430398 0.0916130230998495 -0.393817975359982
0.0856842766916528 -0.00600517422510737 -0.302341919586604 -0.241942354724679
0.0191598914408373 -0.0485459610316868 -0.133601059297208 0.137425114741792
-0.0376651956502176 0.0343709213280671 0.0834457895628343 0.0457930878489082
0.0667526371567073 0.0757667206526827 0.0877670045440576 -0.0633545179026928
0.12749408143908 -0.00959997969974068 0.0452970770535313 -0.132260816325847
0.104411908590713 -0.0514608305108534 -0.00989709652560608 -0.148256592215927
0.0855349838464702 -0.0356151104308852 -0.0609811481207888 -0.109266883182047
0.0522825613274994 0.0121707427272351 -0.102649430793661 -0.117790065826225
-0.0178232477403224 0.0209086051137105 -0.0140268900691287 -0.140002678815042
-0.0527327767850556 -0.0714950377797887 -0.0600755194165918 -0.0337563902645052
0.132706026780228 -0.0979638938095231 0.00228781705366078 -0.278514816216789
0.217655001151862 0.0236388892994244 0.187558916245021 0.0494601996810935
0.180138199621317 0.384363891640947 -0.172943749371484 -0.184647639702429
-0.0986855214818258 -0.269338115659228 0.170178760824309 0.290860318012357
-0.20022954530717 0.0371577297399328 -0.0721221144129934 0.00228371938719829
-0.0297973314956356 0.136832670014354 -0.0123062896749744 0.24049614433028
0.145327246499843 0.0286617167172818 0.088172569544171 0.0118049894034358
0.0432793226598963 -0.126389224599745 -0.000327222792565183 0.111755874129781
-0.0773232734916988 -0.100522582711184 0.088799870938116 0.102159291412175
-0.11664175645664 -0.018447898302678 0.0322368003944077 0.105659241484797
-0.110754581157071 0.00261536861771118 -0.0263922802662008 0.166997504492075
-0.102246088054543 -0.0343835605836015 -0.108595269396745 0.137262784668991
-0.064599469749144 -0.102646996766443 -0.136126289536225 0.027344839693639
0.0693808615892252 -0.103402497265692 -0.06006249398517 -0.104290883947074
0.0960558185569958 0.0503232965360172 0.193658033070564 -0.10898636064274
-0.0348706055464729 0.0605890280994707 0.308396002416869 0.309623347993102
-0.115964216449552 0.0371986328842089 -0.153499800451487 0.489902200799433
-0.0750330720002325 -0.208560660166437 -0.274517170673103 0.530638212970938
0.0141228339117921 -0.0885069753408806 0.151043127116216 0.324035093088181
-0.108067366918218 0.0245772824978587 -0.0682841074685527 0.0506112667822026
0.0382182157587758 0.163285900675546 0.00509562091425827 0.264244679011147
0.226390385921756 -0.0260409021505435 0.159169760221579 0.000300823859857025
0.0562230066918224 -0.226986699802347 0.00900335833946543 0.04816485288196
-0.111135318705286 -0.172948515753937 0.0671591375766604 0.0649155845633951
-0.12946146018007 -0.0701530616122235 -0.00372149312181344 0.0821055159034512
-0.0926107619744577 -0.0537393474492374 -0.0711889740646857 0.155836220220581
-0.0594269773746369 -0.0726117748750115 -0.153549204993442 0.120010400122473
-0.0302291059737693 -0.105073270034544 -0.166086467689203 0.00187677905416668
0.0867338871792786 -0.124975185437678 -0.0692552829989088 -0.128856926515033
0.186197973725425 0.0665491806764436 0.194604354084567 -0.123578832790892
-0.0394085635564497 0.138503996226751 0.29390991077958 0.260569787490037
-0.0556124243232977 0.149230832335159 -0.0763337931127018 0.521064117812935
-0.137290591171174 0.0166638395219995 -0.285654851772206 0.56732213540303
0.113553421630717 0.133162012117622 0.0873244176706463 0.273141015297646
0.0758582750295312 0.0196965884838224 -0.144969178813588 0.0532396445148443
0.0801801164069386 0.115622840327462 -0.0262160899534555 0.328987576725718
0.268770562423235 -0.0722817198346657 0.249680096899338 0.0288455307369428
0.0556730350064088 -0.292661413003745 0.0427497465816967 -0.0417865320614967
-0.125164382959045 -0.213926950168137 0.0305565361852123 -0.00443742439806327
-0.121063894037598 -0.107295591824592 -0.0497079575362107 0.0418936535600469
-0.0622052027091567 -0.102165360083698 -0.103489609984065 0.12343397879163
-0.00852124472539175 -0.107118419500875 -0.168886819534126 0.0953490788649477
0.0191370625192897 -0.104484000156476 -0.172195396803941 -0.00802437849586377
0.115880457640086 -0.126943407147775 -0.0991818956894266 -0.122105079061441
0.257656128248401 0.0763127514579985 0.138339727009593 -0.18022379457375
-0.0162674977410158 0.238101359398717 0.302771335728697 0.137074305341858
-0.0314613158043217 0.214734505827063 0.0853981182785639 0.487704385689906
-0.147516214777195 0.220778395540548 -0.235423519468383 0.561245509456907
0.133514357301604 0.34953830137601 0.012799058067742 0.144520031262967
0.24039330547341 0.113554003022732 -0.228128343663949 -0.00137930915621801
0.163879988909734 0.0601448905793822 -0.114166463621655 0.34850768633923
0.281778211579327 -0.119018482246425 0.291266423527888 0.0993305800945591
0.0493310061270305 -0.311220211985235 0.0997407639280877 -0.111839414856515
-0.111318426785367 -0.20891975447436 -0.00196154848465254 -0.0823558041669411
-0.0820952612544402 -0.123606104994518 -0.0888594829004962 -0.0082605441775696
-0.0223701861994237 -0.133894396030967 -0.117805919910137 0.0722875545722455
0.0339794312225589 -0.13334784160474 -0.157184128868494 0.0586489896384936
0.060062654420885 -0.109283709210992 -0.157295084597592 -0.0126501990002036
0.145471167980602 -0.136338695758244 -0.123580192891289 -0.0970097970865493
0.308074543257959 0.0699489578162365 0.0402429733497428 -0.226295972204269
0.0587514079541274 0.28998681446868 0.301186188623302 -0.0403765728555783
0.00591984121614719 0.271409319420005 0.264747688983481 0.397456501498735
-0.100539728308876 0.378524926445444 -0.1608067460683 0.498004915890841
0.0731969043877442 0.504801577949075 -0.0264796635941288 -0.0282723653691527
0.284092001054986 0.260735926043929 -0.261638354741599 -0.0955838340210038
0.248921423043133 0.069894460779239 -0.223540804866209 0.288139345997621
0.283379836786624 -0.13588297859124 0.252662805134512 0.179618139478174
0.0383218920510474 -0.279596504713525 0.15114205510419 -0.130890468880252
-0.0683240031834228 -0.157614520282613 -0.0117247386109867 -0.142397866278727
-0.019684077621251 -0.114166769361091 -0.102965154121319 -0.0595373892879758
0.0219492555414925 -0.145419629615616 -0.114287579459956 0.0116879356485231
0.0596076659982781 -0.144474794414688 -0.130853985985577 0.0110908571426157
0.0711584511287398 -0.115039822585381 -0.128511834389589 -0.0273984503834579
0.145931018816771 -0.150648548957282 -0.117416494547456 -0.0731445733379644
0.308776125693912 0.0325426810486687 -0.0499199488132289 -0.213778317057532
0.154208989678728 0.243786741099718 0.235346533156587 -0.209461681563785
0.08415141541203 0.298169177363093 0.387118294735751 0.269591008275948
-0.00933410817097632 0.477621325661634 -0.102734517561992 0.366391134757592
-0.0131624014700848 0.564160946989497 -0.00239461765338767 -0.203673252971975
0.245347264027806 0.357476250576863 -0.208120565177995 -0.206571972858875
0.266629871790163 0.0899902545980769 -0.310138443415654 0.138576485389043
0.238569359647595 -0.111030227019516 0.142442338386846 0.224445914614136
0.0191377029132483 -0.191567072666304 0.167354463761743 -0.0978946437718549
-0.0120989180270769 -0.0722140707605532 0.0055128688939534 -0.15626593017855
0.0512003733246464 -0.0870787451324124 -0.0807061404513837 -0.100414053316996
0.0606417080132046 -0.132868886332482 -0.092566841172327 -0.0532047911716994
0.0695063751742254 -0.130018503814364 -0.102682055894363 -0.0405494284167332
0.0593736726582408 -0.101110157302491 -0.104022735207417 -0.0580189084897605
0.106616845876132 -0.141541139660552 -0.0824606881096852 -0.0771968186635683
0.228506352052477 -0.023130646664657 -0.084571925190584 -0.147488120989335
0.216201110558112 0.113818137004999 0.122907470678963 -0.298702041615397
0.172650280328428 0.257643932823913 0.405074756585563 0.147837370173175
0.0963352387417227 0.507263906951036 -0.0901481645165309 0.18272942106511
-0.049353568157069 0.531977575188658 0.0813533891107612 -0.347443299323574
0.211037239892195 0.327320005487376 -0.0685484845579977 -0.306616056111055
0.19713698479373 0.0514696446073532 -0.332551447394568 -0.0667388862091818
0.134302510019505 -0.0712661677381807 -0.00434289373171519 0.201779565932455
-0.00945045767665568 -0.0709585926546453 0.134781671094083 -0.0288621475007699
0.0396761447670797 0.0151666718288546 0.0406312595430135 -0.121946442781976
0.105103879624943 -0.0492239320003918 -0.0264336836589645 -0.123791345888652
0.0891104429195506 -0.100847177042084 -0.0566718360630503 -0.109897965402803
0.0730032930746068 -0.0907191621906916 -0.0812300546012644 -0.0847935078071993
0.0457582858653049 -0.0575255208341378 -0.0968707318410527 -0.0947128646210167
0.0426941788321696 -0.0819941777920105 -0.0405822980516609 -0.110296004966708
0.0873186416170104 -0.066348624998819 -0.0731273394927555 -0.0751606666104542
0.209639295773213 -0.0194835379569075 0.030988216520651 -0.307211592944124
0.217483463741558 0.148410893119214 0.322592894148289 0.0779255919434239
0.173386638450868 0.472909368655546 -0.124831070340007 -0.0134479093297769
-0.00272875994312401 0.408838846187183 0.187038533890834 -0.448427324667646
0.18008992098232 0.15795561042544 0.0883090287360824 -0.39408978241629
0.086048621901158 -0.00697259212153514 -0.30541597063582 -0.2418322534678
0.0184995753640594 -0.0480488205897869 -0.132411468091816 0.138096529264273
-0.0374261379314993 0.034102475318785 0.0830065244035357 0.0446712589935931
0.0666799234486405 0.0748216584228955 0.0866600161398153 -0.0629701713449446
0.126298111264106 -0.0106713288825913 0.0447480563991551 -0.132134791475384
0.104366582596236 -0.0524452998157499 -0.0123841941155525 -0.148861621338039
0.0844418970335523 -0.0356123899535375 -0.0634586927014411 -0.108664182273123
0.0530556910956739 0.0120549561371375 -0.103601962805929 -0.117301986183579
-0.0174025925969422 0.0218303332959373 -0.0144718889115759 -0.139249249802204
-0.0535677043630697 -0.0712300686418085 -0.0608114523627762 -0.0336675521748651
0.130425820315511 -0.0991762427658571 4.24914453155463E-05 -0.277571453225155
0.21679269304065 0.0216009975766709 0.187789892756558 0.0471134484062226
0.182590551995122 0.382696506054012 -0.173512211635138 -0.183524100966829
-0.0999495547270521 -0.268222722588993 0.172630129956966 0.28940467167425
-0.199546090281621 0.0377387519837515 -0.0724191875612323 0.00283577713839673
-0.0285243726479403 0.137463537664789 -0.0102923045009892 0.241213884790432
0.145305005657594 0.0269994704414769 0.0891903388721772 0.00996924989111153
0.0414825521106726 -0.126386881035552 0.000779002151885946 0.111474749845254
-0.0777770346123317 -0.0997489934713172 0.0891741886334581 0.101489883546151
-0.115657626434194 -0.0167825788707034 0.0334442512026373 0.105272632883023
-0.110154039808795 0.00383275670599741 -0.0244832124028316 0.167118114825207
-0.102562748979533 -0.0333665817555056 -0.106696273903055 0.137750268363775
-0.066512886782521 -0.102785205445796 -0.135758993296932 0.0287055799466593
0.0688059770245788 -0.104450868279587 -0.0613051638996502 -0.103280236438983
0.0966270107583386 0.0497828534913524 0.191875493323186 -0.110062993546997
-0.0343858013050071 0.0617837736132774 0.309827980221637 0.307610823587749
-0.115825627816353 0.0380107876011519 -0.149679829550899 0.489774484201398
-0.0765861391623011 -0.208426645569387 -0.270599750636872 0.530466989794718
0.0139425274732802 -0.0888409250513392 0.15334165653064 0.322494965299391
-0.108293410322478 0.025047933862431 -0.0676593950782285 0.0509035828342581
0.0388920744997208 0.162854363540745 0.00714379663193577 0.264117961355126
0.226359817632956 -0.028087261457637 0.158168481265739 -0.00093733595585758
0.0537144649724261 -0.227516666811642 0.00908416085853932 0.0479775000519865
-0.11112673408219 -0.172145639096943 0.0678234220787167 0.0638036156289771
-0.12911803901798 -0.0691983407950194 -0.00307740497434233 0.0824582786834272
-0.0928623336468858 -0.0522268376831028 -0.0695318485490878 0.156540159147544
-0.0602492724413842 -0.0722858394886214 -0.151645681570979 0.122434062509857
-0.0308942729758995 -0.105454363356076 -0.165277977332283 0.00258370106758126
0.0861864928376038 -0.126570564156203 -0.0696226116234027 -0.127600970790948
0.18701952953773 0.0642897666064301 0.193059600632363 -0.122899646276623
-0.0378815485855752 0.138010148505455 0.296049116077819 0.258752372660311
-0.0554505727316846 0.148918480383607 -0.0737130457778116 0.521671009708884
-0.137948629726214 0.01747382847323 -0.282698158698189 0.569067259646948
0.114347681954245 0.132586710366179 0.0879458956872578 0.272272486384599
0.0757351832774225 0.0178832100404056 -0.144615876080278 0.054919467300303
0.0798770978589923 0.114013870285077 -0.0238936309761096 0.328753174636072
0.267367775056636 -0.0753662739178776 0.249944264846191 0.026724099601841
0.0534763914487021 -0.292245601902014 0.0424467249326257 -0.0426641066916673
-0.127949345972998 -0.212050950694683 0.0299640710805091 -0.00401523730624073
-0.121456261397317 -0.106378050181822 -0.0495213280151216 0.0424239890884529
-0.0627080574630339 -0.101469547205065 -0.101448839930264 0.12354448277029
-0.00944211404337299 -0.107472992520093 -0.167455559846637 0.0965130025166229
0.0181937669400276 -0.104972665074038 -0.172117022784075 -0.00667208244288569
0.114229596514531 -0.127227021323322 -0.0986626864342624 -0.121108373133437
0.258706621589052 0.073193312586118 0.136304591265754 -0.181085842266176
-0.0153512662864677 0.23861434294226 0.30305030068471 0.134069147938488
-0.0300849737832222 0.215129061348958 0.0885402278060323 0.486311613428228
-0.146863127552436 0.220535423102198 -0.233084450771392 0.562381111011625
0.135396041529379 0.347766911709294 0.0136774024958408 0.143646453363216
0.240449477093664 0.111802853391058 -0.227114659049794 0.000289621016544104
0.164921652732041 0.0595827583291934 -0.111236106881635 0.349435839445403
0.280737469847069 -0.120791844099882 0.290900022207955 0.0961934952337949
0.0470134915053015 -0.310695112197063 0.0981862496903073 -0.11186091205199
-0.113177823421359 -0.208085737857666 -0.00269489767127002 -0.0830005396963504
-0.0839066997150359 -0.122410652885971 -0.0885259504825322 -0.00777284346920984
-0.0234472289146527 -0.13407471540186 -0.116941375223044 0.0741799148060716
0.0326415399664395 -0.134095229005605 -0.156150820941385 0.0595212511014322
0.0572021001607438 -0.109907696407239 -0.156553998771966 -0.0120324956211782
0.144231427011476 -0.137353949625063 -0.122961596703272 -0.0955563224261962
0.309789085264641 0.066975187196993 0.038843481299194 -0.225615896692131
0.061505320146458 0.288253267128855 0.300061730683609 -0.044094114584985
0.00808922959927385 0.272198359316656 0.266415534814447 0.394492627646146
-0.0990974375620927 0.379624560216034 -0.157295573744383 0.497897826917662
0.0757839619346218 0.503187594060018 -0.0265971948957002 -0.0277078008607354
0.284882253574303 0.257087967329593 -0.260462066614278 -0.0942801904590458
0.250003291013422 0.0683754123374642 -0.221249083575775 0.287994215618084
0.28148699748646 -0.138641910632655 0.252764074506717 0.1765143362063
0.0347739275682269 -0.278602301889308 0.149207420561582 -0.131415100069647
-0.0710428709512268 -0.156236682892172 -0.0130415384685759 -0.141453996019154
-0.0205051698724155 -0.114929640826647 -0.103498214485376 -0.058127021809403
0.0192833066597572 -0.144789160781193 -0.113879284633997 0.0118641894207166
0.0576546281811899 -0.143426252211932 -0.130486271223705 0.0120642300422087
0.0703657749964184 -0.115211444049329 -0.128495484231692 -0.0272006445920124
0.14426719478216 -0.152339782840631 -0.117299250800764 -0.0726580035445989
0.30798856061029 0.0302612673393096 -0.0516438351443591 -0.21257693105517
0.155650524671562 0.241444007764256 0.232949287960829 -0.210440968804246
0.0865193351390817 0.298177856068919 0.388801824469999 0.264991999975647
-0.00699153143172617 0.47765860676018 -0.0997177146696211 0.366483889618667
-0.00869411482178955 0.561355378223334 -0.00381134281261005 -0.203058982644287
0.247902317080174 0.356284925453013 -0.207947348649831 -0.206098209041423
0.267449279815508 0.0877265845062516 -0.311488533698305 0.139225452245738
0.23868858169515 -0.111830865094182 0.143272377458999 0.223370859178382
0.018797473111261 -0.19148550725551 0.164441976910983 -0.0998174336475042
-0.0127538195490062 -0.0720006376515491 0.00292646829700701 -0.154850430942876
0.0488623326669192 -0.0872341246169951 -0.0815143360073298 -0.0993370395892405
0.0593367834774348 -0.1329368308211 -0.0935456529580433 -0.0535417330351208
0.0680652163092543 -0.129742897998886 -0.103064648573489 -0.0397927675906313
0.0600810277869157 -0.101995383010351 -0.104395814025994 -0.0580606676708444
0.105991774891792 -0.142807440573537 -0.0828411055573151 -0.0765109069590264
0.228802008174975 -0.0256394757807943 -0.0855018209884567 -0.147489125729482
0.217006405574163 0.111322450366719 0.119044029435918 -0.299317435020478
0.173827110916094 0.25503124273502 0.40575647364837 0.14395033003311
0.0997683046626487 0.50768837128486 -0.0886763914925646 0.184581649840877
-0.0438480681677601 0.531411129175514 0.0786054078621402 -0.34691831885037
0.213137612751977 0.326015863174701 -0.070769416578565 -0.305672902016162
0.197164659714713 0.0487869734758042 -0.331931783245841 -0.0636517347281506
0.134922274639624 -0.0713216067197121 -0.00347145924844442 0.201537150381382
-0.00893972391783513 -0.071342685833949 0.133041326746486 -0.0304093430907538
0.0394059090538971 0.015240818114564 0.0392841739035207 -0.121660027867661
0.104851285646907 -0.0504364148670489 -0.0278140193415139 -0.123596050131277
0.088312555249972 -0.10148336598051 -0.0580721100069972 -0.10967379348346
0.0724136273974601 -0.0908725810003113 -0.0823889390096961 -0.0847006361846336
0.0452177641158027 -0.0584475403719637 -0.0978441252289313 -0.094277921883096
0.0423373241892621 -0.0824637838204611 -0.0413953584093954 -0.110519559167244
0.0868512242001437 -0.0664997802219475 -0.0732457804777561 -0.0747506247369938
0.210615730884504 -0.0213672770091208 0.0286479994747503 -0.307800904413498
0.217927987884213 0.146991731017493 0.322799819047661 0.0746850470403367
0.175813333900541 0.469551746059787 -0.124866175517169 -0.0132106701823438
0.00112488008802256 0.4081658343701 0.183048436452594 -0.448163108478001
0.181288146570986 0.157756760645729 0.0869837091003643 -0.394751393049329
0.0856804486575917 -0.00759221398509459 -0.306446400908174 -0.240906203558151
0.0177288433604097 -0.047695033146178 -0.132394026330292 0.137995587745375
-0.0374266213937852 0.0341579944582445 0.0824602532794816 0.0437854529039813
0.0671519504688041 0.0738473748959902 0.0839974600045759 -0.0650222326872793
0.125333778841988 -0.01196724122331 0.0430667144246146 -0.133023769362209
0.103280359765944 -0.0532449143008208 -0.0142434882891345 -0.148973101197654
0.0835917691085041 -0.0355739464059829 -0.0643223768402072 -0.107283351171661
0.0532763512495336 0.0111559754162811 -0.103910242020813 -0.117140633903665
-0.0175950350080257 0.0218338612851098 -0.0160501234483423 -0.139020010455854
-0.0534255058835259 -0.0709207812040336 -0.0611652898240851 -0.0327811807012088
0.130526414407091 -0.10001052137871 -0.00335643060347195 -0.277159597519504
0.217167745195093 0.0211330936193453 0.187185426371458 0.045182159578115
0.183358998151215 0.382122598736522 -0.174070407296073 -0.181652547662348
-0.101460607480482 -0.265675400120709 0.17308744587456 0.286600430883269
-0.198304961730314 0.0385809075172013 -0.0726604400506419 0.00310968822113855
-0.0275785767416853 0.137770652251976 -0.0080879999735346 0.240146110154709
0.144639542615512 0.0262972756334943 0.0880108855844478 0.00932041953998715
0.040698793554106 -0.125940872372318 0.00175240783270815 0.111224954857759
-0.0789081050028652 -0.098688880173 0.0895779568950364 0.100399922434722
-0.116253167944436 -0.0159568473255306 0.0349159075583796 0.105092748478222
-0.109689798418201 0.00499012235921052 -0.0217761529001281 0.167284201865266
-0.102477363704577 -0.0327601311566041 -0.105147722746995 0.137804169912356
-0.0668422070121013 -0.101320255164663 -0.135214375850762 0.029450152159592
0.0672709342969142 -0.104923181421608 -0.060418535772009 -0.102020982206757
0.0969550330174898 0.0485034920157548 0.191064986308704 -0.110187155526571
-0.0334392075925075 0.0619412095422392 0.309926964110906 0.304723677680107
-0.115512141644694 0.0376298077248865 -0.145518934861881 0.488931523824096
-0.0773109811447474 -0.207052378738211 -0.266851018535035 0.532526871708269
0.0130057064004996 -0.0898148238364646 0.153661631094063 0.320899402021128
-0.10812271720768 0.0252362444293501 -0.067452861045061 0.0518498137259129
0.0400474348875803 0.162216680614305 0.00888173712651807 0.264668328156551
0.226172148881224 -0.029153503950026 0.158507098902623 -0.00284565817144753
0.052407457844532 -0.227341217843139 0.0100873384618739 0.0473693445243958
-0.112631253532895 -0.169509107113218 0.0681980576617438 0.0623711242668906
-0.129938496548616 -0.0674494592886332 -0.00212870071057634 0.0826344362059863
-0.0928643137499619 -0.0518221927223419 -0.0666753896090938 0.156843964016923
-0.0613248801365175 -0.0719947167543465 -0.149709194375015 0.123044439871917
-0.0323251794501092 -0.1049500075127 -0.164558013464051 0.00418640083148481
0.0850635406692567 -0.126666190552188 -0.0703245742031313 -0.126003759791944
0.187515935094019 0.0634301344864798 0.192020938805783 -0.124128127036921
-0.0367089727977439 0.138142948576744 0.296393532741526 0.255907838179934
-0.0550710683129138 0.149146922076913 -0.0713756449790569 0.519943509079865
-0.137182462103639 0.0187011538862039 -0.278273101976392 0.567792429075529
0.114598411258492 0.130039353288322 0.0907319506413027 0.270144967856173
0.0756025567578233 0.0178257256596425 -0.143543998728943 0.0549791548407473
0.0801629151191497 0.113949717064856 -0.0213606402100828 0.327925443632102
0.266217844726503 -0.0777021657048931 0.250323851169947 0.024405992455483
0.0515012873499839 -0.292186334836686 0.0424344588142648 -0.0431859405602742
-0.129191888516417 -0.210441682423044 0.0301500076827738 -0.00435235613857919
-0.121987736963275 -0.10440312024224 -0.0485232315121796 0.0433789678894437
-0.0636870470910804 -0.100704282884932 -0.0998176142584696 0.124524211230357
-0.0108598966504559 -0.106895456724158 -0.166554682259053 0.0978711730199221
0.0166608718703679 -0.105117809182975 -0.17107315503456 -0.00503153758136961
0.113456871143651 -0.1289948031111 -0.0999168272589303 -0.11927219210682
0.258618450676063 0.0723794447182674 0.13545632178197 -0.180726990230601
-0.0126836549975557 0.237294585294526 0.302934152089752 0.132273528128632
-0.0292884716398855 0.215256564069134 0.0910754875667003 0.485273467581764
-0.146384612301586 0.220507040022521 -0.228280613701064 0.562607926779539
0.137651446320254 0.346757270201309 0.0144203288364489 0.143092599980833
0.240322304907056 0.109404327319255 -0.226117141863752 0.00279033188945156
0.164938377370565 0.0580520541758229 -0.109624411280856 0.349436013344179
0.279655830940433 -0.123063455539223 0.291807215848081 0.0942921036614955
0.0443997954709258 -0.310182051703367 0.0970804502984066 -0.112704048735006
-0.115049385400568 -0.206746103260454 -0.00305140992972009 -0.0821858970545325
-0.0851415431708396 -0.120497114105861 -0.0887136245682534 -0.00627490820603302
-0.024669667239876 -0.132936804357411 -0.115914095073232 0.074350898443844
0.030441716040806 -0.134179382156705 -0.155359616344474 0.060529727812924
0.0571329097238315 -0.110045278292091 -0.156200265232113 -0.0103249167426751
0.141472110578231 -0.137940191905053 -0.122468957772053 -0.0940765311211524
0.309099987626022 0.0639629908410645 0.0364926825912523 -0.224205158907598
0.063280855147315 0.287831346372865 0.298074680051891 -0.0441237101199998
0.00885494316693264 0.27255609731133 0.268050101024565 0.391377420937541
-0.0964657894710839 0.37875481206392 -0.153612121172362 0.497482061603967
0.0784221120390231 0.500012157542796 -0.0268140549172913 -0.0272131899822521
0.28561306725134 0.25539649423909 -0.261287170918436 -0.0920521963253415
0.25026003905182 0.0664949472170761 -0.219456958429328 0.288495630541691
0.279985074118746 -0.139439428297529 0.253797195630934 0.172495283478269
0.033367946354796 -0.278568307137319 0.147398247084688 -0.131766603986653
-0.0723265521023619 -0.155580720080535 -0.0142835919268966 -0.140794306529049
-0.0215968082280901 -0.114689736086376 -0.103247473876595 -0.057860311692862
0.0187276966255714 -0.144281403191386 -0.114540657487214 0.0129597718796023
0.0563355674749767 -0.144609272238326 -0.130311707151683 0.0129077383380876
0.0691993731810555 -0.11540365323388 -0.128593156782459 -0.0262715819353451
0.1431478447437 -0.153177391350443 -0.116909823783282 -0.0706325811277021
0.306942578769976 0.0278962500060407 -0.0535650023050179 -0.210811217326863
0.158038605927587 0.240125237719187 0.229996574709327 -0.212027169063065
0.0893448625932404 0.296498270852513 0.389532810408595 0.262484451001465
-0.00435513721569379 0.475691326622798 -0.0972695603095547 0.366671331851424
-0.00628271385301564 0.560600962106644 -0.0050979162600489 -0.202285654435903
0.249390940607414 0.353630774524897 -0.20873809603203 -0.203314172630878
0.267657256293975 0.0847644416963073 -0.311022562995352 0.141190442469013
0.236790630688975 -0.114605090012143 0.145010231152557 0.221023279577182
0.0162910830010875 -0.191375019561322 0.162544000908324 -0.100113388439799
-0.013385960653382 -0.0720629337792432 0.0010778265599882 -0.154537387766594
0.048298447645665 -0.0876658523141375 -0.0820129528789964 -0.0983616127401636
0.0569474012715433 -0.132732760218462 -0.0934575186429921 -0.051749330980426
0.0657946528136273 -0.129781781780716 -0.103568846108895 -0.0392307536760441
0.0581952400293901 -0.102072124919139 -0.104920894857205 -0.0576309117817184
0.104648067463472 -0.143441397239752 -0.0823943276300796 -0.0757078127300704
0.227828953458478 -0.0263668016737686 -0.086800719603099 -0.145009939496299
0.217027335218644 0.11045566688218 0.114819038922194 -0.298720205111251
0.17560824434764 0.254569966296224 0.405816747242853 0.139639345709671
0.101313800549899 0.506164684176591 -0.0867076555141441 0.18336001566673
-0.0405014806409968 0.530646178235318 0.0764057160212755 -0.345184236231561
0.214267870854835 0.322886509884025 -0.0717888528059644 -0.304112291188443
0.197369326237903 0.048380560521509 -0.331801278348708 -0.0618849700600487
0.133727173488928 -0.07278394251501 -0.0017023681607129 0.200105212514366
-0.0102075544870625 -0.0707827091857989 0.132273953452873 -0.0314525397824836
0.0400717100785319 0.0143192411668749 0.0376478181215171 -0.122211741286175
0.103492301037708 -0.050990596721705 -0.0278925533413635 -0.123505174583644
0.0864762999591561 -0.100286831188005 -0.0585721441638285 -0.109479474074266
0.0708758572187364 -0.0912861976805836 -0.0835260282892241 -0.0834333927224829
0.0442350534499953 -0.0583182234502549 -0.0984744015042381 -0.0936708779980176
0.0415443773434012 -0.0823975034918455 -0.0416785934103958 -0.108832922210206
0.0860229422235003 -0.0678086915218525 -0.0742232096002439 -0.0735823165327176
0.209756017656398 -0.0227414332368776 0.0249191200039573 -0.307181031183288
0.218956897785471 0.146115790456559 0.32329517825753 0.0716847362897551
0.178778251024134 0.469207266729682 -0.124491225300643 -0.0119933668551672
0.00352748043565283 0.408178050240797 0.181189384751143 -0.44700303638782
0.181265436484852 0.157107153917151 0.0841638393236158 -0.393996691861184
0.0857247119028431 -0.00866091251088335 -0.306871881872217 -0.236193447009701
0.0178032075977525 -0.0478394486823901 -0.130276883489953 0.138720458944771
-0.0372152767736651 0.0341091175041171 0.0818656124325246 0.0415898980350621
0.0681252618079508 0.0729156733857597 0.0837081927017965 -0.0654970864272857
0.125935129652544 -0.0126198552333061 0.0413840245087383 -0.133086623483894
0.102382279717497 -0.0540834102509625 -0.0163116004278878 -0.148016403559129
0.0830259947946073 -0.0361612682592258 -0.0652041206435793 -0.107860576859227
0.0524736597082598 0.0115040313906375 -0.10557178402953 -0.116338342993798
-0.0174086571590896 0.0226907565928508 -0.0162638942269254 -0.138652512020629
-0.0545491985413952 -0.0700946768842246 -0.0615720742685338 -0.031897694949874
0.130692183967045 -0.0997069921590241 -0.00510416871592605 -0.277715210074373
0.216783679531788 0.0203702071165298 0.187896725801675 0.0436620254301961
0.185911498774619 0.379658868058263 -0.175629334009612 -0.179563291349003
-0.102812038510541 -0.265556536574769 0.175212328630796 0.284466434293005
-0.197797708481648 0.0395430934934372 -0.0720426050718551 0.00411600040474091
-0.0262676674243069 0.136878396375437 -0.00551731025853293 0.240234187950003
0.14467760338072 0.0246022923117497 0.0884572281782321 0.00840755029027454
0.0395895138450643 -0.126375829848984 0.00218497410471488 0.110590373311884
-0.079604587245952 -0.0976718893565774 0.0903829993086048 0.0999160077604149
-0.115620313695599 -0.0151708374725008 0.0352458181850742 0.104317907581399
-0.109593339989655 0.00598854334969804 -0.0201069265933461 0.16721369943338
-0.103108360049072 -0.0315615926869623 -0.103044689010374 0.13934204110768
-0.0672340287500849 -0.100284957336001 -0.134139056936956 0.0308260808537981
0.065934047323808 -0.104922793362461 -0.0607465364008074 -0.100514319985824
0.0974155722176374 0.048085767051107 0.190708930482036 -0.110351782567288
-0.0334188642423368 0.0619166524166029 0.311170270193539 0.301692745508655
-0.11523154867482 0.0394193931266779 -0.143085311248226 0.489585873278707
-0.0792573158194436 -0.205801832216679 -0.261044093385987 0.530637581854766
0.0123402616646082 -0.0889699024495167 0.155144580717426 0.318493105749668
-0.107778417343866 0.026802351581096 -0.0664626244786475 0.0516550711090188
0.0409761863263753 0.16122375722127 0.0115062072608565 0.263640693755855
0.223689424544471 -0.0316172537601846 0.157939036705917 -0.00425930165928914
0.0500067708689354 -0.227605413366639 0.0100485663313895 0.0475592068975006
-0.114814859664065 -0.16880093645221 0.0687487892080209 0.0618717115502505
-0.129960973209144 -0.0651822602799705 -0.00116037451545112 0.082585246056805
-0.0938053009639351 -0.0507059217464457 -0.0646025166978842 0.157998874460407
-0.0612246366667108 -0.0713514661615522 -0.148449468129827 0.12476369307485
-0.0331024645257366 -0.104139215791017 -0.163748388917297 0.00581816001781882
0.0837124757192833 -0.127352568076223 -0.0703672232448095 -0.125035995558069
0.18659774588616 0.061228973184907 0.190406471564451 -0.125415186385868
-0.0364279474767286 0.138565652170418 0.296712577832162 0.253608380430682
-0.0535618296311217 0.149796404190631 -0.0659196043822028 0.519086686271143
-0.137632878990515 0.0193856207891412 -0.273013272089714 0.568367057416282
0.114604475560373 0.127975044345818 0.0913283937635808 0.268863289773532
0.0753761857497422 0.0172055863762446 -0.141964151875208 0.0561459320207889
0.081291192672846 0.112825709641682 -0.0181580640830689 0.327594328688472
0.264483990359267 -0.0795027638780369 0.249019471910056 0.0221133856668114
0.0487035284280347 -0.291325062417066 0.0410611512232615 -0.0427703944220844
-0.131322159349421 -0.209739430362932 0.0302799936240674 -0.00471842840612968
-0.123006691836448 -0.103618357395111 -0.047273863792573 0.043573424642154
-0.0645484483257022 -0.0995282833120576 -0.0981544795226789 0.125162076333676
-0.0129372424391559 -0.106899109143881 -0.164897166850742 0.0998871725420284
0.0162237083363854 -0.104826480222674 -0.170234979319655 -0.00380836247319548
0.112547188564316 -0.129715284258398 -0.0996114373927947 -0.118303617646328
0.258658587505528 0.0692907336039689 0.133419213540738 -0.181148656435013
-0.011450190667451 0.237120874467601 0.303408852813661 0.130160978915419
-0.0267693975285191 0.214960621223236 0.0948231501056184 0.48239570928077
-0.143424688470079 0.220892893526309 -0.224202572861793 0.563102002374488
0.138669918372823 0.34325391697598 0.0158255975297966 0.14225154520336
0.240238754656835 0.107298445549222 -0.225650914428953 0.00400024959937094
0.164012644869063 0.0562311275611236 -0.10643138135792 0.349130516041406
0.277380698075083 -0.12519802207136 0.290595308511055 0.0908605730402069
0.0414132534231089 -0.309177325255344 0.0956985155575554 -0.11252550371414
-0.116495472211172 -0.205945002226547 -0.0042960025643509 -0.0821511476672002
-0.0857015176427082 -0.119444221844294 -0.0877724357146878 -0.00521694209866128
-0.0258504263237301 -0.13221798712881 -0.113765121684226 0.0756719976308115
0.029084792530042 -0.133814570271785 -0.153938800651193 0.061522288139374
0.0561972645254214 -0.111431278833054 -0.156115295897284 -0.00975221718556715
0.141218806780489 -0.140772819786412 -0.122960932468432 -0.0931452478449152
0.307704252217063 0.0612730537359208 0.0352126221242352 -0.224362982888008
0.0651189112792219 0.287296784171635 0.297207618727942 -0.0458296420309915
0.0110648708337864 0.272426880446391 0.270205957505263 0.38909177264241
-0.0946372298684161 0.378755194766811 -0.149988866003011 0.497273875520207
0.0799774223059737 0.498680654159544 -0.0267942389870355 -0.0278610525731752
0.286363120415419 0.252807749524662 -0.260077144236034 -0.0896974802245054
0.249841186138164 0.0653534902119313 -0.216671275711323 0.289024353804929
0.278033405844221 -0.141786717419446 0.254369720546878 0.17012132147839
0.0318318421892016 -0.279088756804629 0.145433450270616 -0.133236568622946
-0.0734771893980916 -0.154578891483862 -0.0158288607154923 -0.140635264743305
-0.0226592042904689 -0.11373950268847 -0.102828808616278 -0.0564816326401544
0.016546738003709 -0.14402100811727 -0.113175452049459 0.0136625427022813
0.0537718156771288 -0.144613715511135 -0.129562965289045 0.0136550312997213
0.0675865513585429 -0.116281811198616 -0.128443982779269 -0.0253588043527811
0.141140244938186 -0.153940076840871 -0.116675346284467 -0.0700071665442202
0.307180872846252 0.0242307743228076 -0.0546154940306881 -0.20991383323695
0.15905138514604 0.239074281918546 0.227302315978538 -0.212853890554265
0.0905246498720117 0.296523627229832 0.390908887037411 0.257799789135436
-0.00132851644972221 0.474679096378985 -0.0948678249287695 0.365866350137864
-0.00342114910802714 0.560865155654696 -0.00565511928330231 -0.201534455004487
0.249418212703282 0.349417692331698 -0.208818498662669 -0.201187422131635
0.267747463305114 0.0836126203556332 -0.306717258959535 0.141878980884347
0.233928370243243 -0.115662539829119 0.145040211615456 0.217785164288262
0.0146499307204048 -0.191167970726861 0.161884487311467 -0.101338275052835
-0.0147106691272625 -0.0714655775855274 0.000741654266633422 -0.154673687478422
0.0483408926105257 -0.0875205387031967 -0.0826499555790607 -0.0972051588656693
0.05549625914071 -0.133106848834216 -0.0941918439282596 -0.0513337843954274
0.0640325260469533 -0.131226293026305 -0.104231513476291 -0.0385763378595009
0.0548124869428138 -0.102285374661659 -0.105339127209688 -0.0565516080195721
0.10210956381071 -0.143528562075342 -0.0820879795008329 -0.07478274301123
0.226703624950315 -0.0289447471793798 -0.0880468045469226 -0.144246780899424
0.217848370987331 0.108788671143599 0.113082392520549 -0.29969479169287
0.176641513319889 0.254402184180549 0.406649986431746 0.137740372563514
0.103583763639663 0.501557956401429 -0.0861053940412611 0.183902316623186
-0.0391386350230061 0.529571231817799 0.0739822143509157 -0.34468743578459
0.215738292526891 0.320386795766334 -0.0731687012927539 -0.303474749365116
0.196781951563292 0.0462063969036171 -0.33053193516079 -0.0596444872083475
0.1327111497336 -0.0731240818187226 0.000100452635053996 0.19923516765735
-0.010975788603668 -0.0710082050138573 0.130180486675365 -0.0330589170621969
0.0388208762397051 0.0141349824408577 0.0363564600541263 -0.122334496797068
0.10230118312647 -0.051485256024973 -0.0297901778496489 -0.12257764160453
0.0863021952539587 -0.101205919371122 -0.0603694630248377 -0.108544867895091
0.0693789361046836 -0.0912972186480334 -0.0844189829309689 -0.0828788980024414
0.0436574119456306 -0.0589480169731994 -0.0989383140900868 -0.093563661051281
0.0404436953040523 -0.0825305552018187 -0.0420831524121623 -0.107984857175502
0.0850096825402579 -0.0683016808332616 -0.0748935656605041 -0.0727797146124677
0.209442857724395 -0.0244092778653655 0.0226752023798454 -0.307011197019437
0.218977417905731 0.14451806938204 0.323645668772729 0.0700611192963775
0.18112814253707 0.46512401126832 -0.124047080023094 -0.0110790856991146
0.00452454826500533 0.406779876157154 0.17749931650749 -0.447075697707954
0.181798288546261 0.154328530086011 0.0815762654432464 -0.392988518823613
0.0854340188593418 -0.00842131852424841 -0.305291234599491 -0.231422429181914
0.0172512119609918 -0.047848528176783 -0.129512258399747 0.138565573053967
-0.0363429483972164 0.0350250120868901 0.0811616664468241 0.0417347278938346
0.06869365294919 0.0724564468176045 0.0842352070216911 -0.0645449558385822
0.125337626612006 -0.0136089514118937 0.039990516958236 -0.133546249484756
0.101862510256536 -0.0542160847641319 -0.0177435124906417 -0.147883195202515
0.0831244554203663 -0.0365158752861089 -0.0660465747308721 -0.107590046232399
0.0521226475033283 0.0107487009655549 -0.105418976645315 -0.11482647425154
-0.0169496708366476 0.022857934704504 -0.0175068522945814 -0.138081945794693
-0.0556033915187076 -0.0693975650199527 -0.0622506097798454 -0.0313528891241599
0.129241558886996 -0.100701404054919 -0.00740374956367579 -0.278457888369831
0.215446481845821 0.0189819077677817 0.18851342875603 0.0424665745918721
0.188858742049907 0.376495776525655 -0.177275568170789 -0.178050650174023
-0.103939071929888 -0.264744479602876 0.175324916759863 0.283765695427098
-0.197055877543115 0.0403279692128443 -0.0717454991299104 0.00429699699441264
-0.0253176433615939 0.137071026929836 -0.00416473509475304 0.240740326690323
0.144889553586338 0.0230524146460785 0.0890704715343628 0.00741174847660127
0.0395620924866086 -0.125945481355354 0.00321988101187936 0.109752847165915
-0.0800106018178585 -0.0971088618918957 0.0899543027036732 0.0990640049378568
-0.115509725117916 -0.0136906933535784 0.0369839263476525 0.104550815728151
-0.108816572869039 0.00629201655937517 -0.0177824985772091 0.167140878837224
-0.103292511963459 -0.0313351771586675 -0.101274219205285 0.139858246068837
-0.0684811395410248 -0.0997384227997375 -0.132991372678246 0.0320681825348564
0.0656876965553841 -0.105604464170761 -0.0612924586476286 -0.0999965811990658
0.0970087447706931 0.0467411943796186 0.188807959069208 -0.112027858020942
-0.0330299367951143 0.061466873506466 0.311550173427695 0.299197874729707
-0.115168782536475 0.0397845969390049 -0.140483988098047 0.487680128109612
-0.0802854725714211 -0.204603132437275 -0.259361557825018 0.532669838204282
0.0111211826690041 -0.0899381167334611 0.15648968382437 0.315865295439758
-0.107220978091816 0.0266734951262027 -0.0658489097507782 0.0523683359868072
0.0419900670204515 0.160967338087106 0.0136510734107319 0.263142697973846
0.223791474561744 -0.0326892185212616 0.158305439736015 -0.00574418708779311
0.0487684280546639 -0.226588811390186 0.00972384122569532 0.046830141673874
-0.115733356851932 -0.167636904005362 0.0691193607363043 0.061843589575062
-0.130294214367498 -0.0648806126408587 0.000488609153568253 0.0829957969673502
-0.0942147886542094 -0.0503829255354895 -0.062005358848326 0.158650420972744
-0.0621037160800075 -0.0708597740590052 -0.146949928705655 0.125738492817881
-0.0341408621437857 -0.104462629664748 -0.162370438873197 0.00599786104582906
0.0823820867240817 -0.127668442287028 -0.0704590363780561 -0.123405752489873
0.187110379707358 0.0597916002235131 0.189492492199411 -0.125679080194844
-0.0354486754241674 0.138854621582371 0.297197773693169 0.252395942065491
-0.0530353681576403 0.149391563761043 -0.064061607808117 0.517508587144677
-0.137468796652556 0.0198066352153495 -0.270039176011467 0.567426598032256
0.115318659019339 0.126668443247154 0.092545360213566 0.267478653481932
0.0745189630033936 0.0162984319398516 -0.141556782792133 0.0568534359561786
0.0817172058957344 0.113028218768412 -0.0155506738495651 0.326999738060421
0.263247189743948 -0.0806155297905631 0.249010678964784 0.0192974880938131
0.0465590673639543 -0.291372267324706 0.0407403311332593 -0.0434036961146568
-0.133103059556549 -0.20818810418696 0.0296511162956583 -0.00503459030032956
-0.123954883824546 -0.101908408049777 -0.0468242069104418 0.0442916363758727
-0.0659348405500172 -0.0986405794481319 -0.0964742909962967 0.125043481025324
-0.0135185398847063 -0.106590500436506 -0.163516160916213 0.100986544128615
0.0154790218457231 -0.105033147272736 -0.169694903573882 -0.00313413104125517
0.111878281549897 -0.130547084328781 -0.0996596959709451 -0.116986756504902
0.258282866036034 0.0671765845756646 0.132613026400825 -0.181217642523026
-0.00950061374635175 0.236801943151596 0.302627914967126 0.128413628442404
-0.0260664909967789 0.214724681398914 0.0980903710960511 0.481520162578048
-0.142903162244846 0.220860990739413 -0.220090736495654 0.5612791574828
0.140319790981139 0.3406704426719 0.0163154827442255 0.142516752012753
0.240113867157872 0.106289308267412 -0.223724166175058 0.00497022890480654
0.164327280363082 0.0562048296931025 -0.102425769192023 0.347607590002893
0.274959827478195 -0.126739367219131 0.290267237537327 0.0871479284684286
0.0392377165450064 -0.310222973890809 0.0941204871425949 -0.113321890472112
-0.117880699350741 -0.204151612799445 -0.00457758829356467 -0.0820324240732119
-0.0867079227427967 -0.118542543976607 -0.0873590194505011 -0.00559004444322202
-0.0274085238653436 -0.132223889827925 -0.112958193884747 0.0756798943538724
0.0271971757189464 -0.13409842438663 -0.153659667690243 0.0630538106501587
0.0543904810085414 -0.111564897144148 -0.155404618323452 -0.00993536486510197
0.139671624724496 -0.140581851727322 -0.121939181247305 -0.0917976710467848
0.307583822573177 0.0591651297142724 0.0338067729006816 -0.223041472134362
0.0663618075943438 0.28712855337235 0.295589619587775 -0.0476709189151297
0.0117883246403739 0.271499775157361 0.271820244366688 0.385243060221806
-0.0922994899129141 0.37780842152804 -0.146488409090925 0.49741789707059
0.0817755974677755 0.496055883477779 -0.0265949124513878 -0.0268106157827656
0.286498567797687 0.249572490883447 -0.258712904719646 -0.0875711053629576
0.249864600202688 0.0645348274809628 -0.214198523906562 0.290242605109613
0.276335679780886 -0.14305088397641 0.253473893131653 0.167959593022821
0.0304220026095142 -0.278618847900583 0.143195821979613 -0.134378532061836
-0.0742236822261221 -0.153789718134753 -0.0169559538897722 -0.140394736209794
-0.0238995620151582 -0.11277765338159 -0.103383409475837 -0.0551372409106685
0.0143741933110448 -0.144169866694643 -0.112790207622114 0.0143545190906598
0.0516022569334013 -0.144343070815669 -0.129034710337926 0.0147236340219742
0.0666819281205948 -0.116540044331361 -0.128192150950615 -0.0251645451337567
0.139290223785145 -0.155266162865878 -0.116526885395501 -0.0686192705408413
0.308330547299349 0.0229705605354462 -0.0556460542620195 -0.207838785344255
0.160475520878851 0.237172968305463 0.225468255646107 -0.213601011559217
0.0914407085288844 0.295466607732867 0.390903757652551 0.254415652575152
0.00016318959500989 0.472583852215845 -0.0922045624644488 0.365640364224422
-0.00086259888801042 0.557970703856474 -0.00672415468559682 -0.199632814517465
0.250373163962771 0.350032223177388 -0.209161955908507 -0.198943964978632
0.2677475215057 0.0815352094127946 -0.301547909991547 0.143327321294707
0.23319226920247 -0.116621240763226 0.146544069930465 0.216477398310508
0.0132895342029487 -0.190756064752353 0.159159882980622 -0.102256613208551
-0.0151808842079816 -0.0711738451953902 -0.00104983895631077 -0.153572262035017
0.0462181764888064 -0.0880192941425179 -0.0827159570831689 -0.0966705032936443
0.0535134225815803 -0.132610805206172 -0.09414365904097 -0.0509734500170724
0.0626527790720379 -0.130428105089035 -0.103657329459158 -0.0375807918095768
0.0544610079055511 -0.102550915385639 -0.104929126879051 -0.0558013913638422
0.101009018565255 -0.14430052299775 -0.0818292211885481 -0.0743389380089622
0.225763972891242 -0.0304953727994194 -0.0882631342278186 -0.142696464694975
0.21762639097426 0.107185845060609 0.111117904616033 -0.299698273517627
0.17707636516879 0.251893652639427 0.406941953541178 0.134526068111078
0.106430578085447 0.500438737699857 -0.0850567237994292 0.184429352805104
-0.0350526006589246 0.527215880541782 0.0713704705408315 -0.344109762771784
0.218061598328993 0.319345362341702 -0.0732789853357827 -0.301743366565387
0.197302017315768 0.0459763476030828 -0.328979327588089 -0.0567191998217156
0.131499366356902 -0.0733214343201624 -3.78614548211884E-05 0.198350257887103
-0.01133053827399 -0.070978831395795 0.129022024643768 -0.0342760593705943
0.0390142307764424 0.0138399334929965 0.0352847345903928 -0.120954633369535
0.100556791518039 -0.0529215377954391 -0.0304629065626205 -0.122338629719835
0.0841743799972892 -0.101516333567016 -0.0612214315983644 -0.108276397809943
0.0690369427369708 -0.0912932108494231 -0.085121528419591 -0.0831775016128581
0.0431654675476308 -0.0585992696746853 -0.0989371914314658 -0.0926478336636503
0.0386921679865936 -0.0832531339783212 -0.0419162766026317 -0.107647413881637
0.0840435536524795 -0.0686072730685764 -0.0755677238357537 -0.0719097518188661
0.209153941446537 -0.025670434093164 0.0208379398560034 -0.30702438144181
0.218986218914207 0.142509021672228 0.323131875289992 0.0668732303550197
0.182098078865451 0.463690973544868 -0.123796225103954 -0.00975180590273776
0.00834500383250614 0.406857649885587 0.174420773264665 -0.446040781136139
0.181924567387293 0.152826362258568 0.07883294695398 -0.392570549903344
0.0851204691571203 -0.00969512546688001 -0.306088642457178 -0.232837473527489
0.0163000986841233 -0.0472104197159313 -0.127845833969414 0.139264272635231
-0.0365074047587627 0.0347792440832171 0.0806415604117652 0.0399836688131317
0.0686020264707423 0.0710973843069963 0.0830632162962158 -0.0647933063150172
0.123737967491627 -0.0150181324621208 0.0385956910810621 -0.133537152092117
0.101378366374868 -0.0546419079354601 -0.0194191372019208 -0.14810940366066
0.0821937937824374 -0.0374150744035359 -0.0673773728185033 -0.106454662610359
0.0525426431965494 0.0104704988202574 -0.106627441718473 -0.114358938295623
-0.0173772109784375 0.0223304395261875 -0.0180350012016042 -0.137307918934186
-0.0558844971480317 -0.0683349776495179 -0.0626479302748014 -0.030459987943085
0.127419533652266 -0.101773744834717 -0.0105313255594184 -0.276711905931765
0.214902438756178 0.0181857670174239 0.18804257246082 0.0409622922049717
0.190034538772881 0.375260734589289 -0.176580428355467 -0.176341543196871
-0.106312775587306 -0.26324647775344 0.176675102944008 0.280981134474989
-0.19704229448524 0.041826669849803 -0.070785946378737 0.00515571586883831
-0.0247569891228933 0.13715326506136 -0.00181965114122865 0.240335089914999
0.144318086742806 0.0223649728637764 0.0884765230699056 0.00672957876003836
0.0387078840121471 -0.126460972371014 0.00360635490179713 0.109674289713688
-0.081251430895978 -0.0964930372378333 0.0902603602761031 0.0977074410764225
-0.115042140294629 -0.0126095083070785 0.0384781916885948 0.104871028643935
-0.108723705965726 0.00741102322390209 -0.0153768078614984 0.166746549594477
-0.102900318144521 -0.0298527767794627 -0.100664161120563 0.140850068281576
-0.0682466999873654 -0.0990692800413455 -0.132635169907184 0.0328412313347998
0.0644880015789124 -0.105836309984273 -0.0618364496512992 -0.0992509389696229
0.0977526988166524 0.0464359016889953 0.187711675025777 -0.112403041399049
-0.032295983506247 0.0617093386775099 0.313289395253512 0.297248748871211
-0.114734146614043 0.0398972872584301 -0.137551686955093 0.487571798340051
-0.0808433648427088 -0.20384645730174 -0.256550687902141 0.531586105887781
0.0106111370302794 -0.0902162817755576 0.157373272210455 0.314464998977432
-0.107407062246798 0.0270203460710385 -0.0653253180092896 0.0531357782244703
0.0423961196229086 0.159621198855533 0.0153383502559705 0.262910980903452
0.223089300186984 -0.0344721225315866 0.157596245246049 -0.00714550101779601
0.0473596309990756 -0.226147726807278 0.00950094864463877 0.0460447445149102
-0.116565531564558 -0.166331367220824 0.068322568997791 0.0603757760862923
-0.130349572664231 -0.0635468557152922 0.000989040212509938 0.0828304428386811
-0.0942977231630073 -0.0494262334667043 -0.0608738801377582 0.157921327667849
-0.0633940066546914 -0.0704101719058539 -0.144830476188074 0.127257409864223
-0.0351661182876372 -0.104042334564125 -0.162202298449951 0.00775095020434463
0.081651229135784 -0.129018850779433 -0.0705478849392406 -0.122526163126237
0.186620962348862 0.0584389304861845 0.188447332116023 -0.126131353132969
-0.0341067503195103 0.137929822708284 0.297357133261583 0.250057283169764
-0.0521919281867427 0.150012479432924 -0.0610529818125381 0.516444812059227
-0.136895865712128 0.0203965146561614 -0.266920654703497 0.566126529102433
0.115573406666923 0.126911132561741 0.0927146057270439 0.266078725645027
0.0746795537445081 0.0159270021975658 -0.140578790745959 0.0577575398972343
0.0818379476834605 0.111652173036492 -0.0149778668123551 0.326168176040334
0.262278276001163 -0.0833128071086562 0.248023843561676 0.0167755109461036
0.0456984746977024 -0.290104896625277 0.0399985947173436 -0.0430269925164774
-0.134109644351465 -0.206356406256733 0.0295768424602634 -0.00491546793852941
-0.124358501423704 -0.101015242692228 -0.0458758827099479 0.0450689239555289
-0.0666213063856879 -0.09783599580882 -0.0950293786527587 0.12550659984341
-0.0147885853262728 -0.10626683663085 -0.162745096038708 0.102226693435194
0.014290978851969 -0.104974480712881 -0.168896325768727 -0.00183262688502794
0.109747426245151 -0.13153437383441 -0.0990927348128921 -0.116560369990052
0.258465589760798 0.0643181618465858 0.130887231629508 -0.180017864819069
-0.00855644755359107 0.236453214868321 0.302683509763273 0.1272007470537
-0.0249566238313396 0.21472571729387 0.0995254022952193 0.479341184103695
-0.141756758227387 0.22102521258493 -0.216973717917698 0.559958476276346
0.140938172903372 0.340365212537483 0.0167642221531574 0.142075104958204
0.238721679690192 0.104822773236971 -0.222783818521351 0.0066565805548425
0.164362691458207 0.0547963879158855 -0.100032389433054 0.347897857443757
0.274095626125083 -0.12840493244176 0.289510953239481 0.0853489103249068
0.0362871294930031 -0.31015549018048 0.09254355970568 -0.113662212470548
-0.119966550810369 -0.202968092791922 -0.00556630701164755 -0.081364080209794
-0.0869120600324294 -0.118714963942198 -0.0865572053077516 -0.00426545102302079
-0.0285986214513579 -0.131425668714168 -0.112512507461273 0.0769419724558201
0.025556425126997 -0.134008795451794 -0.153051764239426 0.0631847422124343
0.0531368774828928 -0.111974456903144 -0.155138301295034 -0.00831136914504978
0.137569424054476 -0.142004402154765 -0.121673846350521 -0.0904440618847457
0.307656434118082 0.0568873675097956 0.0326538640716798 -0.222537120885386
0.069480233175823 0.284844504633839 0.293603415684739 -0.0497609463420643
0.0132855892376 0.270294610533656 0.273471704136517 0.382212513169647
-0.0906956230885334 0.376958382124741 -0.144081014305859 0.494460250219935
0.0843108152518323 0.491676356810083 -0.0268342297510384 -0.0266598475793087
0.285538606085138 0.248751968394711 -0.258816501435396 -0.0865477213477779
0.248893300642065 0.0621344933064203 -0.211224627276016 0.290445826094001
0.274799006733844 -0.14478416809913 0.253610547934891 0.165323434951317
0.0268742368065652 -0.278740482368655 0.141861062803527 -0.134047470088958
-0.0753217684798302 -0.153084489862367 -0.0179343439917995 -0.139564703167205
-0.0251684452568152 -0.112465736104899 -0.102680308178195 -0.054366778388606
0.0135722215519184 -0.143739392641012 -0.112992939050691 0.0149789941830168
0.0504077117734421 -0.144683519003563 -0.129339429373667 0.0154378080120061
0.0653430026058833 -0.117358172021734 -0.128008345322967 -0.0249120722171949
0.137457170927762 -0.156585610060068 -0.11541052716387 -0.0679984010557989
0.30655562346968 0.0196562765182896 -0.057501574348263 -0.20671110001195
0.161118255014933 0.23541745560003 0.222370937519919 -0.213720919585548
0.0927507346711069 0.294517993358961 0.391179091244286 0.251210650968274
0.00280770765164921 0.471930966244634 -0.0902884624174864 0.365518861348502
0.00293747576626423 0.554769118205339 -0.00816874530335341 -0.198174093702532
0.250813139310098 0.347388504467644 -0.209357401958382 -0.197877020576975
0.267520788876803 0.0805560284217055 -0.302790352999189 0.144301649790639
0.232875865990891 -0.118129180396658 0.146145953754057 0.214337399050161
0.0120290343904682 -0.190809315544865 0.157718279235726 -0.103245960384966
-0.0154969393847444 -0.0710036269547022 -0.00284594096755664 -0.153258732683169
0.0442816795396492 -0.0885069005699603 -0.0837249586908987 -0.0958467794060223
0.052203005048118 -0.133230374211005 -0.0948605384664258 -0.0500213354891762
0.0610865520625054 -0.130745891390585 -0.104245561864954 -0.0375402116116472
0.0553094384391334 -0.103579535679219 -0.104911585015093 -0.0561716242551454
0.0997968298454916 -0.145334354110391 -0.0822073555388762 -0.0741294863135527
0.225421157616791 -0.0314236142993973 -0.0900405540089407 -0.140665086155441
0.218673158178605 0.104487076823168 0.108015496155167 -0.29908085132701
0.178585027113324 0.250242025605395 0.406221981903093 0.131044398343002
0.107700368779613 0.498257094981719 -0.0828782095594972 0.184307798872704
-0.0322901503687792 0.525652884907003 0.0705773834667818 -0.343179065657292
0.217401829840572 0.317575665454568 -0.0745813876661617 -0.301717250626864
0.197726147505109 0.0436964754513162 -0.328293682272161 -0.0558863916226647
0.130702113431288 -0.0742583490876039 0.00134218214022119 0.196595479379414
-0.0118299180453401 -0.0707263365368328 0.128232190772673 -0.0356741159583279
0.0388693009278589 0.0135652624460626 0.0342430202840299 -0.121366052608694
0.101148396633946 -0.0536135841869996 -0.0311790686802721 -0.122154909778436
0.0825947138126511 -0.102160487540333 -0.0623539170354396 -0.107657242845309
0.0676255154023217 -0.0914385962596417 -0.0853491220691086 -0.0820269361270163
0.0419673262104805 -0.0588444365262969 -0.0997567647485307 -0.0915131359363407
0.0377450565300307 -0.0824703437496476 -0.0425146656189781 -0.107860462818834
0.0826683544340901 -0.068914637547393 -0.0760250699178357 -0.0704771013625132
0.208537232215625 -0.0266138081537719 0.0179525413347412 -0.306423058742556
0.219015142871808 0.141599957851596 0.322982538482525 0.0648262801477847
0.184439683442496 0.461330059024928 -0.123257614445661 -0.00900367607758849
0.0108561911648148 0.402602374591466 0.171615123945741 -0.444660030808992
0.182050508024418 0.152118037545061 0.0786421914679577 -0.391489504875045
0.0849878451086013 -0.0100996302319304 -0.307404573910161 -0.231756296224572
0.0158651650026652 -0.0470177098983761 -0.128639769427847 0.138696358997949
-0.0359469385364896 0.0342033193699672 0.080047129359475 0.0393780497829612
0.0688722133977007 0.0706684306196372 0.080255192058315 -0.0660232433220143
0.123340618500867 -0.0158830878975309 0.0366080704831265 -0.133615113065426
0.100116983389554 -0.0554874495755934 -0.0205720390182014 -0.148109802792174
0.0810674690461306 -0.0373946790661528 -0.0688393897934687 -0.106397216900976
0.0530865764517273 0.0107671863068732 -0.107881404336027 -0.113947067557015
-0.0175758060882428 0.0230650685785573 -0.0193169787730772 -0.137028018799775
-0.0563472266145435 -0.0681229222472113 -0.0630636725363884 -0.02922416538231
0.126783229603125 -0.102169148463621 -0.0121042245345776 -0.275094618021976
0.214827966910953 0.0171416404726804 0.188859650497398 0.0391299136982957
0.191012411444938 0.372830501201585 -0.176049489680256 -0.173867781119642
-0.106738711544167 -0.261671178754602 0.176475324042508 0.278938170087135
-0.196848109227338 0.0430300140926761 -0.071123813231751 0.00528998370615236
-0.0247819147718702 0.136440932843345 -0.00133718392805179 0.240229486318248
0.1442108854551 0.0209947566191702 0.0890482670267855 0.00597421919256247
0.0382104644403609 -0.12591865722482 0.00455319778714022 0.108761156386545
-0.0811803299003798 -0.0958189112050383 0.0911385878746846 0.0969269229646441
-0.115611060352029 -0.0122532597266831 0.038826946146198 0.104180468039001
-0.107602481810034 0.00767825529776693 -0.0137890448300999 0.166750328919091
-0.102355274306715 -0.0297385704540679 -0.0986504142989247 0.141977078715734
-0.0690701590043906 -0.0984127834922691 -0.131252742550096 0.0327605152156447
0.0632056812060478 -0.106155879376171 -0.0617901629449077 -0.0975907607417002
0.0974733448471855 0.045909604927305 0.187003573864135 -0.112252888038057
-0.0324982587162238 0.0622644528452022 0.313151234376448 0.294699394740225
-0.113930768845169 0.0406982368456025 -0.134496303465883 0.487280523328712
-0.0812823969263874 -0.203084232174337 -0.252615487114248 0.530935075137757
0.0100617451574999 -0.0903314713759387 0.158618580936469 0.312552078738307
-0.106347599832684 0.0277619430038122 -0.0657940807031015 0.0529751954640821
0.0428563832457627 0.160206269973736 0.0161036612746476 0.262587382025812
0.222374639993777 -0.0344825518660199 0.157925402037324 -0.00801052094229165
0.0457705479672662 -0.226661240584617 0.0107389042379589 0.0458987488545896
-0.117514970556754 -0.164865375653128 0.0691916273590957 0.0595426752444507
-0.129822680931468 -0.0625653541720148 0.0020387252799221 0.0830854723084095
-0.0943821607961855 -0.048534236646731 -0.0588435048358565 0.158050407568621
-0.0640356575182166 -0.070533178932813 -0.143938841473561 0.127434871846401
-0.0358288566626325 -0.104241515006772 -0.161855615549133 0.00859298490262613
0.0799809916930628 -0.129586166048756 -0.0706302793351529 -0.121623323125296
0.186329858466382 0.0571749478607626 0.187283828838887 -0.125809839210415
-0.0329497929662783 0.138004029052655 0.29743972351338 0.247569423908862
-0.0513026289045455 0.149732841928494 -0.0581973606989396 0.516516450765831
-0.13717036616612 0.0204458608122813 -0.26310830877511 0.565729234202263
0.115250951628668 0.125315132503378 0.0940630333069042 0.265512182883207
0.0740885449061508 0.0151752462838492 -0.140752454430651 0.0587137760258006
0.0821414974061341 0.11146666205281 -0.01217492108387 0.325975591013153
0.261255844070523 -0.0848166117342129 0.247808591838379 0.0148650198006726
0.0430761484780467 -0.290088470558415 0.0391148204183481 -0.043685551552184
-0.135680230015907 -0.204780965096786 0.0296976703042859 -0.00496328274587205
-0.124918192966401 -0.100077338995309 -0.0453250136831154 0.0456883219983086
-0.0676409447137736 -0.0974011005192125 -0.0932214456642391 0.127089823497565
-0.0160876168879341 -0.106309211478068 -0.161083841957887 0.102430627507316
0.0127091760097521 -0.105428868722033 -0.167910728437958 -0.00165448155110696
0.108332929434499 -0.132209018313021 -0.0989725854402871 -0.114993392896198
0.257950493590747 0.063507874795575 0.130104254196226 -0.179514785735065
-0.00716734347667531 0.236650181828794 0.301658714279486 0.125028484378951
-0.0239876334263969 0.214421618152998 0.100588401684551 0.475973742548081
-0.14110792313169 0.221429646704769 -0.213469525469462 0.560087842553936
0.142005238906527 0.337589577923146 0.017780603168067 0.141389398539642
0.238949503685808 0.104275806807524 -0.222587173049138 0.00772603088715048
0.165182060759173 0.0540966533272859 -0.0985220728991028 0.350269801105897
0.273041506695001 -0.128586294603642 0.289094217088034 0.0833414720214647
0.0361817531413787 -0.308710370029619 0.0921685058510597 -0.114326816483648
-0.120708048824514 -0.200506779131237 -0.00608418296467788 -0.0810488891597068
-0.088292769087517 -0.116592555956874 -0.0859874353203179 -0.00341858641431601
-0.0298575196190475 -0.130656618306012 -0.111222210425235 0.0777997909160859
0.0232302259817764 -0.134109680445822 -0.152059243284443 0.0656722500019122
0.0528141598300395 -0.112271553233976 -0.154528872812029 -0.00825382132956176
0.136500319570061 -0.142588704464118 -0.12251388072482 -0.0891450036625065
0.307192282556504 0.0550716210227297 0.031492346350268 -0.221168579597039
0.0703419738925067 0.284292824311838 0.291488974997165 -0.0505958309483624
0.0143796032314056 0.270775678017106 0.273778391678166 0.379901115793323
-0.0893596104963381 0.375605578238 -0.140100993521061 0.494399350196164
0.085114919734596 0.490841514178984 -0.0266944259186219 -0.0266598454871385
0.286317041202221 0.24656978337452 -0.257174201072265 -0.0847076654653872
0.249505687793887 0.0612187904977574 -0.208526029630371 0.291326050501882
0.273374357581867 -0.145898151571098 0.253041286815596 0.162748112872441
0.0254048806463973 -0.278228492040463 0.140421384158694 -0.134670215991699
-0.077572833686355 -0.15128311780227 -0.01849145072533 -0.138221991173592
-0.0267034980320676 -0.112580135972069 -0.102463241360885 -0.0538353278554699
0.012101103779135 -0.143832525931149 -0.111935784973501 0.0156481552384509
0.0486563895569908 -0.144697422606822 -0.12916638045755 0.0159922062732644
0.0644114435913027 -0.117280639242771 -0.127450673815966 -0.0241036808069083
0.136747146278653 -0.156673913524528 -0.11469899147402 -0.06723392102206
0.306182961291127 0.017854825303801 -0.0577733482767145 -0.204809339082199
0.162733224136731 0.234531635048465 0.21996112206927 -0.21504155735538
0.0932347191100941 0.29334469226958 0.391501224088914 0.248409219433261
0.00373420553785868 0.471504007965083 -0.0884058865007628 0.362292492212816
0.00346884561276965 0.5541545560893 -0.00813529349110014 -0.198725661143105
0.252594601076319 0.344889221245772 -0.209412643564753 -0.197284006790688
0.265834499052433 0.07862586199011 -0.302060278688417 0.145093450066683
0.229876911379815 -0.119269387658027 0.146291298997652 0.213072279367418
0.0106186794714136 -0.191469866091831 0.15601448689587 -0.103244932926833
-0.0162016800998289 -0.0713213739761649 -0.00442622158916362 -0.15178576303517
0.0436409624008037 -0.0888351548746648 -0.0836862984269034 -0.0952283154552765
0.0507805805717572 -0.132899048453905 -0.0952184990802873 -0.0499255810155753
0.0594666741464428 -0.130645517802039 -0.105047789817718 -0.0377880391104373
0.0529379025572928 -0.103815591395846 -0.10527743217198 -0.0557437432058776
0.0981979865823884 -0.145090621539657 -0.0823397256093738 -0.0726929842653576
0.225046944916115 -0.03410641462737 -0.0909212977045205 -0.139566165979044
0.219069314078399 0.104269893705233 0.104531427587761 -0.299509780414575
0.17905355050305 0.249987801467783 0.406137315536499 0.128349302987999
0.109882215015302 0.498358722462396 -0.0827118703012674 0.183518716625744
-0.0313360478062338 0.524693850626949 0.068824821166224 -0.342346983655997
0.218593184101857 0.315051629913159 -0.0765015130032978 -0.300211846287467
0.197481915367153 0.0433651735135433 -0.3276167276591 -0.0540493182876067
0.130166349366132 -0.0746930594228821 0.0018294717114222 0.196107874573862
-0.0125959241890117 -0.0704230702115572 0.127006092114492 -0.0356891387622489
0.038490450163166 0.0128242417963405 0.0329184990343951 -0.120643861983613
0.0994892927041972 -0.0540634037841852 -0.0317780330420729 -0.121595055922125
0.0821007631738796 -0.101821247886389 -0.063631161334747 -0.107262080752981
0.0665212205418273 -0.0913158653108062 -0.0858536537210884 -0.0815664802521914
0.0417335250390347 -0.0584901508367977 -0.100404032573735 -0.0914700479291602
0.0380012744495804 -0.082812866577239 -0.0424040406541531 -0.106244038342629
0.0819927380610538 -0.0694635597910106 -0.0762268780772715 -0.0696536088256123
0.207659772186991 -0.0280612575135314 0.0155007336553662 -0.306507895080873
0.21922794317337 0.141696448496158 0.322734282390376 0.0636728721531328
0.185697024399214 0.459407158627216 -0.123562998992483 -0.00869676971040886
0.011066632013389 0.403081030232059 0.17083873824677 -0.445641270244676
0.183093361167233 0.149993360910213 0.0758765291043637 -0.392235466732168
0.0840703823110123 -0.0100340144261031 -0.306550341138397 -0.226732701721639
0.015627945076849 -0.0465710998657447 -0.127180772092428 0.138572520038452
-0.0361094745620667 0.0346020499628986 0.0791106096912307 0.0382720961518222
0.0690304997084611 0.0701380109051554 0.0797395673807508 -0.0663007399195184
0.123664489671925 -0.0169362602987025 0.0356202254793393 -0.1339339171145
0.0999900886702655 -0.0556810465424859 -0.0219730411171761 -0.148041187713516
0.0813938698372215 -0.0367985684860883 -0.069206905858758 -0.1064893672357
0.0518041061067244 0.00947168665496086 -0.108230589685496 -0.11230275123169
-0.0169467165952789 0.0233401214691107 -0.0195391666445708 -0.136651346829723
-0.056256558147444 -0.0676397564321361 -0.0636318466676613 -0.0289938662592904
0.127661074000008 -0.102302196075968 -0.0132156989165257 -0.276211726384881
0.213962422159009 0.0160686374787882 0.188101489356417 0.0373353656286922
0.191750112158413 0.372629927282451 -0.177087292045103 -0.173789249941232
-0.107266002878658 -0.260904490924442 0.177907890966472 0.278817785477329
-0.195255373890569 0.0428579926031317 -0.0704919324143568 0.005844803039269
-0.0233854307852415 0.137030810882451 0.000126621420627378 0.239427223955026
0.144679856370122 0.0203254691048022 0.089281340845388 0.00482631204300481
0.037467816480846 -0.126298509112346 0.00444532544985795 0.108298078476946
-0.0825036708775561 -0.0946905252730362 0.0910927682124041 0.0963941675975191
-0.114905019041726 -0.0116114560110732 0.0396086779329025 0.105106151350887
-0.107750587665274 0.00801986526481052 -0.0121468046312175 0.166307052691306
-0.102951494257518 -0.0297070516460354 -0.0970301787895782 0.141503709295163
-0.0699054751609376 -0.0977019591323602 -0.13102778550641 0.0339108842337584
0.0635768491967787 -0.106503631897212 -0.0619207150605277 -0.0970005223077498
0.0971798184072093 0.0454664908704498 0.186686239941291 -0.112050778033149
-0.0323625430824192 0.0621291979225176 0.313737818859258 0.294404488305514
-0.113707704607601 0.0410182649190549 -0.133178950094994 0.487710318626287
-0.0817034916718038 -0.2016888220618 -0.251892915883706 0.530622904199609
0.00992002149055989 -0.0894408915862023 0.159307378633241 0.311943792269512
-0.106307285102624 0.0284594041793808 -0.0648291819224638 0.0529335088583807
0.0447142068561069 0.159278437716771 0.0185239174929029 0.261648723317446
0.221476801773072 -0.0373498331502387 0.157412664070969 -0.00954533495124506
0.044619136928023 -0.227115199334799 0.00965062397301148 0.0464700731547715
-0.118577280680444 -0.163579087324627 0.0694062640038348 0.0593928584107319
-0.130934848234464 -0.0609884233108077 0.00273669356272071 0.0837688333744802
-0.0953602903861511 -0.0487108332928867 -0.0567144059259477 0.158106245855739
-0.06391150451667 -0.0694679612872716 -0.142294900836117 0.128677488967735
-0.0357228597992107 -0.10317317277862 -0.160634055281623 0.00904461747693378
0.0797704782264948 -0.129811135684629 -0.0712025495468713 -0.120855131444422
0.187379356169878 0.0552654500518762 0.186680201243072 -0.126301138543381
-0.0330012542343017 0.138537760193202 0.29793390779264 0.246057301741908
-0.050229202251148 0.149693204791156 -0.0567685613142843 0.514530516353126
-0.136153201335382 0.0212557912837035 -0.259895190861425 0.567369313567168
0.114911324157774 0.123628242646499 0.0958259490141468 0.263701032714788
0.0741943234190932 0.0156183219195647 -0.139947199718361 0.0592890437544061
0.0823420947898984 0.111005040271226 -0.0104783430681132 0.325662928439282
0.261023105447253 -0.0865122085012696 0.247077302437575 0.0132936306364511
0.0419266906883257 -0.289758675409738 0.0386670937599457 -0.0434754587253129
-0.136825570014181 -0.203649590369784 0.0289984081475919 -0.00551277246427249
-0.125260945573632 -0.0995846465947194 -0.0447202058571756 0.0454550304186463
-0.0688494471207806 -0.0968068488492418 -0.0917293905472103 0.126786876593398
-0.0174176060130895 -0.105861442323963 -0.160647620467749 0.104263018660833
0.0124671672148145 -0.10556955612807 -0.167932723283698 -0.00103339851689744
0.107701570706498 -0.132675484904884 -0.0988710388285936 -0.113227041536287
0.258067634804369 0.0612120177525812 0.129274413471149 -0.179391793586468
-0.0051097867183728 0.236335437682736 0.30093471393914 0.124315428723401
-0.0231897074509975 0.213880306451732 0.103081253916678 0.475959908493758
-0.140854256448524 0.220950728904459 -0.211949656828834 0.559154368138668
0.142592129130903 0.335638579455002 0.0180405371656891 0.141103011740498
0.238715938706825 0.102799432918565 -0.22198049626331 0.00870472482227494
0.163895544446259 0.0537544427414388 -0.0964859261743286 0.348595297695748
0.26990913712925 -0.131902928937755 0.28811020643207 0.0808481165632684
0.0332521593073082 -0.308562340424012 0.0904219133843058 -0.113852388223433
-0.122099948372926 -0.200178005998933 -0.00670581300243165 -0.0807706069224056
-0.0895404445368532 -0.116030548383047 -0.0857185198507061 -0.00271328999334455
-0.0314965518733069 -0.129970731185665 -0.10944291954043 0.0781851772114195
0.0225631731021371 -0.133673607742199 -0.151330397330555 0.0655832642355044
0.051566355037942 -0.113084542547087 -0.154444167799238 -0.00773337744490406
0.13521065747257 -0.143496674870134 -0.121678482873251 -0.0894567392342462
0.307885920238908 0.053084440651237 0.0294661505273769 -0.220891272450327
0.0712026132394918 0.284403197076139 0.291980312243051 -0.0511296944942091
0.0149230056729099 0.27132229185004 0.275247562350076 0.378737225110452
-0.087390883792723 0.376201382575845 -0.139968028388048 0.494227226656148
0.0867736328739199 0.490469829981185 -0.0266832856573202 -0.0254344449453042
0.28630879668984 0.244547705507737 -0.25729400681217 -0.083315815954345
0.249629708670915 0.0609723709410802 -0.206761723570786 0.290171180776402
0.271693285705254 -0.146430766709835 0.253288760814877 0.161797094644026
0.0234229955076081 -0.278056226253222 0.13842629489861 -0.13554720314418
-0.0779399292440601 -0.151298536911259 -0.0195798918273138 -0.138313942377268
-0.0277264645845996 -0.112152779323205 -0.102526002130858 -0.0528124318140381
0.0104417009418697 -0.143150532467533 -0.111389890065861 0.0165673768833964
0.0475135775963779 -0.145448548026284 -0.128984419981071 0.0165183363071882
0.0630452950463452 -0.11735297639486 -0.127595054496041 -0.023795707251901
0.135800537791495 -0.157271720181665 -0.115470908325899 -0.0664448640066299
0.30625078325834 0.0158208480631848 -0.0586243396427819 -0.204676719573279
0.164103731676956 0.233047321309105 0.219546767618567 -0.215455250069013
0.0949586252930745 0.294285454490334 0.393097939553391 0.246723757923851
0.00552343239369281 0.470074172411055 -0.0868987185020526 0.363743887610419
0.00535581819114748 0.555682488067148 -0.00868015070057548 -0.198496040346983
0.252980580130494 0.342496721648084 -0.208813887223699 -0.19501686236687
0.266800397225429 0.0776134020476563 -0.298865930732909 0.146277633636323
0.228267454093598 -0.121325084249115 0.147718111689071 0.210820503120726
0.0093840055135436 -0.190957581763872 0.15484289411049 -0.104856731841711
-0.016778015301702 -0.0712757020444274 -0.00400572492653793 -0.152807852234741
0.0443900504311011 -0.0885705977887158 -0.0843870673989033 -0.0943123519767536
0.0494980667923346 -0.13295147872657 -0.0954636420978238 -0.0486261522995368
0.058773037985119 -0.130542699073004 -0.104671418884405 -0.0366926636397216
0.0508483543224748 -0.103882875028514 -0.105333886570309 -0.054814857840491
0.0970035047755406 -0.14543400588821 -0.0816751394567899 -0.0721753291785859
0.224123853709094 -0.0354988099596917 -0.0916347613952827 -0.138501874770998
0.218945447845771 0.103281729060402 0.103574364181482 -0.300247070122992
0.179169682756899 0.249835218108744 0.405745488663544 0.125679172705159
0.111841022848648 0.494848902072945 -0.0811845566944996 0.184085511179258
-0.0290103347428323 0.524654605423039 0.0683815770175354 -0.342491033527253
0.219617380853092 0.31494308315799 -0.0766056266976493 -0.298243159782424
0.197768422094723 0.0416740316917767 -0.326117645772911 -0.0521745713698324
0.12862046356824 -0.0749653697964524 0.00344177335449185 0.195812353676513
-0.0133118504549187 -0.0708927878566459 0.126073838889503 -0.0370023785042834
0.0383055878797349 0.0122723577672988 0.0320086511612382 -0.120138944293897
0.0989890433345276 -0.0544281187424182 -0.0329636408627369 -0.121060096010344
0.080614959514967 -0.102693103802446 -0.0643659212514194 -0.107318462927504
0.0653656624290995 -0.0912548154652676 -0.0869394268372394 -0.0814127015462347
0.0412025241983355 -0.0594750560539945 -0.100742928287512 -0.0911131234628003
0.0365388715516272 -0.0827393836955889 -0.0437925552033276 -0.106383587169853
0.0818013024065072 -0.0706748985995319 -0.0768274399417859 -0.0682834976675827
0.207545375558184 -0.0295558042213402 0.0140139096909016 -0.305653814189118
0.218389073572169 0.138993216022328 0.322740083171986 0.0603621137574683
0.186262694985974 0.457537598454401 -0.122515039125132 -0.0075028632699357
0.0111538310467881 0.403343189472791 0.170178378251571 -0.445258794082408
0.182421861520438 0.149975497326809 0.0734864492476045 -0.390614392155997
0.0848924696114101 -0.0107746391434145 -0.304783849672149 -0.22437294467263
0.0149983826516192 -0.0470070284061648 -0.124667022551182 0.137986764515239
-0.0358931701890319 0.03461512762312 0.0795020030326972 0.0374198845205774
0.0691355199526381 0.069396202654911 0.0806768206640186 -0.0654140265422965
0.12282244176913 -0.0168801771610513 0.0347956087542723 -0.133826236050854
0.0986686348989429 -0.0562786249036316 -0.0225566791875502 -0.148238726067402
0.0808882029325483 -0.0375508408238855 -0.0705955153526198 -0.105815175139353
0.0517675375343573 0.009894609156031 -0.108327532328927 -0.111421556866364
-0.0170163280532357 0.0227797211289209 -0.0201862478374747 -0.136505037990207
-0.0570565826549212 -0.0671401472575151 -0.0635017983860816 -0.0280583557608461
0.125702424010967 -0.103206848263992 -0.0153025046810958 -0.275632431982686
0.213778588218305 0.0148475441493625 0.188599599587512 0.036458801161027
0.192127612129897 0.369330112820457 -0.177848533162266 -0.17275912993304
-0.107963398297916 -0.261578602201772 0.177717642196338 0.277498296237691
-0.195638767074786 0.044606013513622 -0.0709692262424401 0.00635006839892156
-0.0236410330706978 0.137394987328518 0.00156879429828117 0.240115854074992
0.144060823531191 0.0189721471664648 0.0891631840924694 0.00424406082305934
0.0373980932717866 -0.126498862806703 0.00600240183086953 0.107693988356118
-0.0830868731301024 -0.0946603410385862 0.0921134625821177 0.0965168693204221
-0.114981813946574 -0.0103171580972324 0.04159144603533 0.104350572051568
-0.107796861920169 0.0089080088668509 -0.0101647228100144 0.166992008085568
-0.103667772287768 -0.0294504816266659 -0.096006394899557 0.142385227573115
-0.071407957538123 -0.0976413740905684 -0.130008169337709 0.0343647023698953
0.0617320426369286 -0.1067924655366 -0.0608003162546408 -0.0962357801893984
0.0974733007215788 0.0445022570344302 0.18611607610294 -0.112389796012325
-0.0317172506933918 0.0623739305263417 0.31411155117392 0.291447282985668
-0.113587121904563 0.0417213533167294 -0.130664306120302 0.486892451723376
-0.0835854359131795 -0.203023858664338 -0.248641525965379 0.53002543451159
0.00933714520293295 -0.090129181671293 0.160025769991564 0.31076142162106
-0.106414259543527 0.0285715987492699 -0.0649255413541737 0.0535502418569391
0.0430247770150471 0.159520210426568 0.0202085589387003 0.26309122315351
0.22087966716668 -0.0386960823259333 0.158153286223646 -0.0110458766279122
0.0429913898566161 -0.226907924025201 0.00994373680160085 0.0459909789063644
-0.11998489781675 -0.163313964302489 0.0691776161383249 0.0594251889983773
-0.131377199352272 -0.0603735780362505 0.00374553144462126 0.0838704007346666
-0.0951073879145416 -0.0471456709200705 -0.055358589000507 0.158422178387925
-0.0656167230663076 -0.0692663542747019 -0.14133504647807 0.130461235068785
-0.0372167896691971 -0.103163777777911 -0.159738625725378 0.0094911712838393
0.0785638681484625 -0.129850186249692 -0.0713928847256305 -0.120632786555703
0.186695410323588 0.0536669690872221 0.184952019722259 -0.126412334747236
-0.0320985217003526 0.138510170271618 0.29888095245932 0.244745990189765
-0.0498995404254839 0.14960636210519 -0.0545466797236434 0.515829148397232
-0.137195294395526 0.0220726245244797 -0.259500502592825 0.566897953521772
0.115635088960601 0.12249785218214 0.0957149015556765 0.264539231309439
0.0736232450225201 0.0154410030944084 -0.13887291285397 0.0596328188678915
0.0831107379853036 0.109586722984168 -0.00905764709446574 0.325406509209546
0.259319269010136 -0.0874092755259142 0.247683126617643 0.0121063148331408
0.0403524183011837 -0.289839808598748 0.0382472966222289 -0.0439722048697931
-0.138129334241176 -0.203088753595399 0.0290534286403288 -0.00590576346563541
-0.125345408704371 -0.0979630326059847 -0.0440781732074916 0.0462500141075358
-0.0695194587997836 -0.0957198135514511 -0.089664207765303 0.128349982608674
-0.0184439199997741 -0.106727488744158 -0.159896193167508 0.10452843949695
0.0114790952000852 -0.106289829073959 -0.16779178835945 0.000880267907352686
0.106291895347481 -0.133888375602668 -0.0999182611929979 -0.11228285853074
0.259340179144564 0.0595488886586869 0.127392748076785 -0.179368800243816
-0.00413188482275075 0.235976822808708 0.301426614123721 0.122106569861197
-0.0219873451866879 0.213661400865935 0.105012664725763 0.473766503007383
-0.139644751000072 0.221277971336098 -0.208795244816329 0.55899951032139
0.142166834657365 0.334503686485087 0.0188637087880711 0.14103821772557
0.23926185385362 0.100710579385473 -0.221485668949005 0.0100001432974776
0.16448208252291 0.0528041751328318 -0.0927746501131971 0.347404326891366
0.269004248983762 -0.132268073410077 0.288000322255933 0.0787645127514733
0.0310794506803204 -0.308372772729313 0.0894049172440849 -0.113613892743289
-0.123029724549646 -0.199709331943345 -0.00634275455993912 -0.0811692205853994
-0.0903116148398168 -0.116336796178997 -0.0853508809702716 -0.00193612172507938
-0.0326038510554488 -0.129674516690832 -0.108977080424542 0.0787054013515868
0.0204340124188678 -0.134448706835855 -0.150535238115512 0.0662729656671088
0.0489098469473019 -0.114120189181221 -0.153946084644919 -0.0068674343074812
0.134018342333174 -0.144574074338685 -0.122016300228293 -0.0876441650770281
0.308163481877325 0.0504140129810157 0.0286452234679083 -0.219230435150603
0.0734863747029782 0.28312039589157 0.289938521269351 -0.052720904576508
0.0170561072605918 0.270282708385197 0.276808098049516 0.377320785603554
-0.0875364664589346 0.374664262982447 -0.137889204855058 0.493100843361171
0.0876778328461808 0.488815513092922 -0.0263010260841279 -0.0259048594895152
0.286642359990703 0.244049762239887 -0.257719599765059 -0.08274144924763
0.250099574586619 0.0594728153169604 -0.203970667653717 0.291068114885888
0.27050417166428 -0.147310028862363 0.252923195388393 0.159944256213185
0.0219541108282204 -0.277714369384538 0.137350078244981 -0.135828099048788
-0.0797506343151134 -0.150947452176035 -0.0206544222480169 -0.138388112072018
-0.0278072505909039 -0.111171086166704 -0.102168553014738 -0.0517975188401665
0.00989411539237169 -0.143329702640887 -0.110297014291013 0.0170503456256898
0.0454361350146477 -0.14451109461079 -0.128474347964853 0.0170245480655388
0.0627083943901104 -0.118244039705488 -0.127933864094954 -0.0230658078120781
0.134608226018055 -0.158379686566811 -0.114534738127909 -0.065632901142882
0.30534848905933 0.0142889364601054 -0.0598245982204258 -0.202858128864179
0.16582315071981 0.232613318523363 0.217284118660119 -0.217053575196716
0.0953770082482726 0.293162407405065 0.392519385678761 0.244977161506795
0.00664498877809769 0.469447947548683 -0.0853962912406406 0.362985505489236
0.00740920784371546 0.552825352205787 -0.00983564057613835 -0.196923770080662
0.253455466170284 0.342311850568794 -0.208985400734557 -0.194419033552614
0.26768739409498 0.077674703858057 -0.295960895102197 0.146822362291188
0.228455973536949 -0.121046225620531 0.147642100739421 0.210646567758468
0.0072881783780585 -0.191404879039285 0.153613246306695 -0.10559445331067
-0.0174573385283767 -0.0713602837782101 -0.00502893461867304 -0.151874384403817
0.0426149748895119 -0.0890521074779397 -0.084762540641674 -0.0930862363761189
0.0482649278683411 -0.132927668909931 -0.0961538973212659 -0.0490072853744853
0.0574585783753576 -0.130609399066765 -0.104789055914357 -0.0358412259129242
0.0514650504575113 -0.104971232465684 -0.105846660000884 -0.05424863358379
0.095610635658911 -0.146402341342766 -0.0806863627238189 -0.0716564667607669
0.223512030543986 -0.037005235873528 -0.0922593036063533 -0.138101738118582
0.219232249186045 0.100242790954437 0.101950491209226 -0.300149229012163
0.181205312434186 0.249074360033633 0.406485388111929 0.123511276429989
0.113826361615009 0.494473968450551 -0.0803589821500247 0.183590717274285
-0.0271803680584656 0.52506189230723 0.0663472566582701 -0.340793722182579
0.220241815936582 0.3134553868151 -0.0775962791365371 -0.298294959460942
0.196414177361565 0.0412563881052635 -0.326094522500412 -0.0511212633880667
0.128121221653698 -0.0755421819986453 0.00325241292670012 0.195064434839805
-0.0139053522197126 -0.0713595817306093 0.125175885481304 -0.0376550900897188
0.03858679658071 0.0115627599694294 0.0311600710054063 -0.120390929449829
0.0980972879279836 -0.0550715831987183 -0.0336756731079191 -0.120595066249543
0.0795609886332947 -0.102536897089101 -0.0648038277495864 -0.106301689274902
0.0651215672397184 -0.0911458444876757 -0.0877680616114706 -0.081374191865908
0.0405568056800944 -0.0590659585714727 -0.10168037418901 -0.0907916518124339
0.0351779271530883 -0.082305962123186 -0.0441417895505349 -0.106197734207005
0.081837263553035 -0.0697300013845283 -0.077094028082949 -0.0686201585800023
0.206794197403461 -0.029944637529893 0.0114333987325255 -0.305627156548304
0.219331388230905 0.13835150384534 0.322814949702032 0.0590658715659831
0.189165615341746 0.456897195476712 -0.122832581200469 -0.00725606975256636
0.0138792175615958 0.403255566761314 0.165854801318496 -0.443251599834193
0.183142148601581 0.149479335833012 0.0718574115339332 -0.3904622714376
0.0845317031499503 -0.0112561514230214 -0.307285889872487 -0.223830145613436
0.0149512279210948 -0.0467153008417065 -0.125428851068281 0.139688586715699
-0.0357560460514869 0.0343304082741739 0.0785192645988555 0.0365767915390026
0.0692337966074855 0.0692785853768815 0.0795890040163426 -0.0664550823634195
0.121440987814488 -0.0190541768943428 0.0336437271756847 -0.134090003955348
0.0985774433484286 -0.0563421435076729 -0.0242820362522741 -0.147612942649962
0.0804372359620935 -0.0372840815581659 -0.0712283631371068 -0.105526489643415
0.052496966418732 0.00899721152664352 -0.109871480881845 -0.111626604816911
-0.0167688026373677 0.0241875888393814 -0.021457116228542 -0.135938415820875
-0.0573818823103995 -0.066596174039035 -0.0641780586763945 -0.0277172403107265
0.12472444059596 -0.103869745810923 -0.0166996853726467 -0.275777165371906
0.212992113982497 0.014150326128526 0.189401170456876 0.0356493206888156
0.193539716962276 0.368800560146154 -0.177373094088311 -0.171827176488142
-0.110297488190249 -0.260016671798462 0.178215598855196 0.276101374346569
-0.194960695559898 0.0449257868142688 -0.0707623434129761 0.00686307132449914
-0.0225487485078015 0.137302236241737 0.0038445222546974 0.239760337633478
0.143135249315686 0.0175686274959851 0.0895071050890682 0.003582992456267
0.0364088439107285 -0.126368073196031 0.00599262025915732 0.107907888485907
-0.0835518757188689 -0.0940211859414999 0.0910281844071678 0.0952109725504524
-0.114640070263508 -0.0101420382881476 0.04207115253126 0.103783424784574
-0.108015049513716 0.010422065915863 -0.00836449233402906 0.166133584586361
-0.103741195992082 -0.028324299307598 -0.0942489895231708 0.143189555133178
-0.0707005065264318 -0.0970287924083731 -0.129757113042656 0.0351447480023578
0.0615323660081305 -0.107330543570656 -0.0613091226497549 -0.0954523754360489
0.0983425229322414 0.0432513871896543 0.185507536099291 -0.113847013350546
-0.0313757796465477 0.0626650262708193 0.314679656982558 0.289836732997959
-0.113072698049373 0.0415526554935446 -0.128444332540736 0.485401970166652
-0.084536978912134 -0.20175508331712 -0.246860152947115 0.532930570721295
0.00824749637067403 -0.091065527435032 0.161003043202531 0.309828647064573
-0.106075002804259 0.0293025597641832 -0.0647733906411256 0.0544894874511071
0.0450751759818148 0.159061594300253 0.0219603863450907 0.263050552197921
0.220603245364779 -0.0393735852487951 0.157029187151504 -0.0120217870599601
0.0418675684798561 -0.226433853064075 0.0103050250880447 0.0457469298310133
-0.121062852083035 -0.162395080016162 0.0696398816299659 0.0585593112209535
-0.131003175946966 -0.059628349264135 0.00471883855445155 0.0839012648634948
-0.0950322561892424 -0.0464793297972104 -0.0547472696791053 0.159946617802069
-0.0661177613446285 -0.0695585328377784 -0.139826627954503 0.130913607321476
-0.0376232042461667 -0.102652145785027 -0.15957221278301 0.0113620643382328
0.077398474967226 -0.130447705986087 -0.072069521874615 -0.119285143882424
0.187716160942126 0.0526656351710154 0.185170642472964 -0.127249192578988
-0.0315687642654689 0.138657379412619 0.299595939532964 0.244571441852949
-0.0491641215168392 0.150393461044848 -0.052075304652124 0.514355394941743
-0.137467528526115 0.0220034864671923 -0.256819622806496 0.566067569040011
0.115464382357895 0.122103704780056 0.0969746068335785 0.262874380947759
0.0740226729258932 0.0147698382907071 -0.138090809713983 0.0608900280257606
0.0837351970949643 0.110279610382689 -0.00630789420468032 0.326264159895761
0.258757260538758 -0.0889285491947455 0.246317417424874 0.0095438536427545
0.0381800301442662 -0.29020976284293 0.0380939851154425 -0.043921585621772
-0.140517653993577 -0.201765653231227 0.029099383098479 -0.0056763335704335
-0.126878959636964 -0.0963438103241041 -0.0427217491525013 0.0464280929502411
-0.0697073939149802 -0.0954682682904285 -0.088781484246419 0.128304873158658
-0.0194705185786108 -0.105882153448877 -0.158608424764787 0.105504143982914
0.0104123658396893 -0.105307921910143 -0.167584797597824 0.00131040616703494
0.105675603463542 -0.135336875254763 -0.100316363740778 -0.112482735383512
0.258741254553871 0.0584158741911915 0.126154544437247 -0.179178656135354
-0.00259840648045532 0.236745835514585 0.30138766928986 0.120809122226671
-0.0210592842092543 0.214366201102756 0.107915377883157 0.473827548087323
-0.139655934549315 0.222100468558826 -0.206448622036851 0.559068925293055
0.143835946228649 0.333754530699984 0.0184992635121655 0.140837821737946
0.239001348856056 0.100210351279957 -0.220457141752348 0.0111817940929031
0.164251808148007 0.0522135968934957 -0.0910236791196895 0.349235093942432
0.269383646810411 -0.133551860304873 0.288614494821523 0.0769626638154805
0.030133262997698 -0.307938584941421 0.0872032458853785 -0.115096884504038
-0.124818056018583 -0.198269469343503 -0.00680229986806512 -0.0801506450070725
-0.0913776322109241 -0.114843632974574 -0.085375538025522 -0.00114689820828378
-0.0333327050847657 -0.129115942622267 -0.108135708471573 0.0791336818996442
0.019352460626741 -0.134879408230525 -0.150646002411196 0.0684250812071286
0.0484581052156496 -0.113882642212973 -0.153549969738886 -0.00545629076801462
0.133447039503946 -0.146300421346296 -0.121685586964964 -0.0862161235478901
0.308099059418316 0.0487179941198691 0.0273815683834029 -0.21935472100052
0.07524771760788 0.281806794381168 0.28850906086782 -0.055251764434028
0.0170465628751485 0.270847902044612 0.279405681876988 0.373363419364598
-0.0859666293125522 0.375039419007163 -0.133592301800607 0.493691965633238
0.0902341930587958 0.489142403925625 -0.026995661508484 -0.0255286149197377
0.287109786114379 0.242752437154069 -0.256786986468897 -0.080428465462864
0.250381243831206 0.0575237116879229 -0.201436654757315 0.292003729586068
0.270129631052062 -0.149946910203633 0.253811857001939 0.156963820279496
0.020633999777953 -0.278479455817671 0.136152091451333 -0.136487169264542
-0.0806212255445554 -0.150326859342876 -0.0205411426685255 -0.136745603260448
-0.0296589070457853 -0.111250573471368 -0.102900326122747 -0.0506274415475856
0.00759980458406179 -0.142603989808995 -0.110992214279847 0.0173934224808218
0.0440775850642998 -0.145466670291148 -0.128408974873144 0.0181177305187204
0.0607108497221681 -0.119414772887612 -0.127876298473667 -0.0218983429543237
0.132745119342899 -0.159557388659729 -0.114547302627926 -0.0646427919597045
0.305943351201905 0.0123088733417318 -0.0609687097055647 -0.201920485161549
0.166493794843835 0.231703812605404 0.215424781100907 -0.218077607344892
0.0967118298992728 0.293773422618603 0.393843626703003 0.241713382953337
0.00892874379039198 0.469808588758668 -0.0837489957211931 0.363998296257846
0.0118514484910847 0.550518672939517 -0.0111071078207409 -0.196957210684549
0.254875112989164 0.341636747676726 -0.209683130816476 -0.193217970312615
0.267695733634916 0.0754889524306567 -0.296812349337104 0.148289021281674
0.228169307589544 -0.121428451909402 0.148521113888654 0.208941959999711
0.00624624570055666 -0.191461946887363 0.152174104408018 -0.106270232685894
-0.0182254218571748 -0.0717157796575132 -0.00745230153915216 -0.151466874361953
0.0399384050269937 -0.0893371723811977 -0.0846712411490324 -0.0931277345280184
0.0477712396078316 -0.132907053162899 -0.0967781547447868 -0.0474254237059041
0.0553428497419751 -0.130352062715418 -0.105682260829758 -0.0354617309364632
0.0513115311522616 -0.104546146904014 -0.106510677007938 -0.0540387314367272
0.0954835395147699 -0.146775175948985 -0.0814982520069777 -0.0711947500170621
0.223350186946612 -0.0377187299395792 -0.0927277977393684 -0.136692585831091
0.221160342140458 0.0994430019329161 0.0977729199673238 -0.30122889374936
0.181416327936737 0.247303580576296 0.406744074369487 0.120199509281265
0.115510185382716 0.493906217194397 -0.0792482045805356 0.183983080224077
-0.023512958607054 0.522292249112887 0.0652822865009202 -0.340550239972956
0.221873860879287 0.311835112303525 -0.0776787517809517 -0.299061414388904
0.196322656284797 0.0403028539002855 -0.325872401257348 -0.0493340348582998
0.128015718199353 -0.0762717318643796 0.00392728789316957 0.194766445135966
-0.0141349443014017 -0.0712811275601731 0.124228431284293 -0.0382293617277238
0.0390662842446619 0.0111277028392374 0.030059821577652 -0.120754600769967
0.0977662005610748 -0.056103460200567 -0.0346319843466827 -0.12091688522234
0.0791718116465574 -0.103498554108465 -0.06642137725235 -0.106352302891431
0.0636571081806208 -0.0921484517651462 -0.0889180942962078 -0.0806670654718618
0.0395875891603496 -0.0596172366538029 -0.102714259671145 -0.0901650153417295
0.0350425937517209 -0.0835168727361922 -0.0437071611055288 -0.105366519237476
0.0807071712459734 -0.0719178159034359 -0.0777190120237935 -0.0673115849926749
0.207827308437508 -0.0313798340049375 0.0098888048273724 -0.306753315012935
0.219460353907922 0.137592120665615 0.322347160608275 0.0558853472641139
0.190053210829778 0.455792037750925 -0.122912106328527 -0.00650552502117528
0.0170170779913205 0.400617358158254 0.163372471547022 -0.443930616705108
0.183500591195807 0.148272194414782 0.0715009852785286 -0.39023258687957
0.0844548866583369 -0.0114505069523275 -0.307986553036339 -0.224384624382435
0.0149992976463193 -0.0468612915470901 -0.125025371125355 0.139049515638601
-0.0361652067873381 0.0345453928263491 0.07808879091932 0.0356072549187046
0.0703627151628744 0.0684631324760287 0.0779903704645871 -0.0675971633094207
0.121106907777581 -0.0188387977110542 0.0324659360739788 -0.133882489173507
0.0971989834807702 -0.0573990801874188 -0.0255926553841828 -0.148049563050257
0.0796031333858466 -0.0382541169566403 -0.0727700160039007 -0.104725142079167
0.0524779673935335 0.0093571399377493 -0.110329767376868 -0.111283071419697
-0.0174295193452062 0.0245603133213246 -0.0224550956185571 -0.136000296826006
-0.058541515890465 -0.0664081524333801 -0.0645145031203944 -0.0269548169456547
0.125487838815729 -0.104312514674463 -0.0197514264271996 -0.275273812214974
0.212938021660811 0.013256739204324 0.188754440783525 0.0339627134218999
0.19586852672429 0.36847431794561 -0.179348905257135 -0.169494531564004
-0.11037344055963 -0.259258227339853 0.179558722270684 0.274538475862175
-0.19542346543768 0.0450497726759837 -0.0703300840751355 0.00724113098015547
-0.0214748712685363 0.13710729376625 0.00488298712220917 0.240996895291245
0.14324035746206 0.0170786758124432 0.0900063613925717 0.00217944335590457
0.0357142076618207 -0.12667015641533 0.00635745224715267 0.1077906416528
-0.0842798400974733 -0.0938788500818036 0.0924375643861884 0.0949629685613474
-0.114247369523477 -0.00990477666539386 0.0427899870781678 0.104056122939662
-0.107146201176843 0.0100880582811008 -0.00728476761411017 0.167177217803149
-0.104516309163258 -0.0280194415893265 -0.0929769047375982 0.145043726983389
-0.071516030877685 -0.096589136746464 -0.128986765574131 0.0365518651476945
0.0608560391508312 -0.108450083568334 -0.0609976993573438 -0.0945336814368836
0.0979017724055967 0.0433406188344953 0.185674078985559 -0.113366694215701
-0.031271426242157 0.063006032462084 0.316370243150381 0.28829646304051
-0.113571492747374 0.0429293411486864 -0.125554721779868 0.489177733397535
-0.0852581951275416 -0.200925082543176 -0.245171468632091 0.532865612497255
0.0076022667098196 -0.0909372561153121 0.162490272299185 0.308978790676656
-0.106419953584345 0.0294794725904037 -0.0637885473868587 0.0545744238445468
0.0456820506729015 0.158485949826185 0.0226360397150399 0.263591115761975
0.219611004428367 -0.0415001724615708 0.157190757423467 -0.012406766097708
0.040446995846857 -0.226900835244186 0.010375578806559 0.0461104658654378
-0.122337510180888 -0.16125648278075 0.0705084621322388 0.0579367406519384
-0.131750634576162 -0.0590332035343586 0.00565592955016369 0.0836387070265818
-0.0958875969737708 -0.0458968783821747 -0.0517054286999262 0.158929263738421
-0.0672179547005436 -0.0689021929954702 -0.138622951758263 0.132020810751684
-0.0386419847073571 -0.102557881242458 -0.159391292197068 0.0127061363892989
0.0768758036500227 -0.131562759193923 -0.0715862425900813 -0.117819881465769
0.186790201021107 0.0513303998370699 0.184408064327364 -0.127513505479215
-0.0304027058361884 0.138955118586944 0.3000660227305 0.241535802894904
-0.0480654495055789 0.150456133843571 -0.0488672256692242 0.514959031508971
-0.137288058168568 0.0219197447961252 -0.25460965471376 0.568669863592446
0.115311593549339 0.120915380367254 0.0984880599428827 0.262056141506788
0.0736581137071287 0.0141568970304619 -0.138352241973847 0.0614694384572152
0.0834017998593834 0.110367145586397 -0.00452242254022597 0.32662157852993
0.258237607518855 -0.0911534828052358 0.247088149409412 0.0090611132664897
0.0369097449039023 -0.290749633941127 0.0374762783316738 -0.0439993767646586
-0.141112118190003 -0.200005872651953 0.0287102748387735 -0.00601249077462259
-0.128141578795916 -0.095949058773623 -0.0426214878202994 0.0468683580317131
-0.07141435338097 -0.0952210236313574 -0.0876190121973885 0.129156153507674
-0.021427118770222 -0.106408628736301 -0.158096734546734 0.107823248901414
0.00948178078129159 -0.106465904056851 -0.166980179887477 0.00223688460812113
0.1046585367493 -0.136471231875217 -0.100117501649761 -0.110659775900176
0.258925397427263 0.0564764627873294 0.126111732318123 -0.18018447668539
-0.00153909360045199 0.23671501762565 0.301573651907348 0.118611317321716
-0.020813095463318 0.215430710510383 0.108908107335688 0.472170193021302
-0.138254958046847 0.222142412634635 -0.204661811009203 0.561318113395519
0.145300432214577 0.3325786640615 0.0200115549455061 0.140853260307297
0.238633266617381 0.0988810429032309 -0.221027131504972 0.0119354955568854
0.166076761419866 0.0523154078255644 -0.0908679354234991 0.349892324748619
0.268740162675895 -0.13694936579058 0.288581850549449 0.0759430013932117
0.0283207487109112 -0.309745953702067 0.0867838824474134 -0.115151791363391
-0.126852108958008 -0.19755897475218 -0.00778396417444363 -0.0802408424447775
-0.0917707175621753 -0.114300141027618 -0.0846963815227769 -0.000539778244521056
-0.0345160166636066 -0.128961396470566 -0.10782858964241 0.0804604694074595
0.0174092985107101 -0.134876567275634 -0.149763310257517 0.0689332170529966
0.0484589630027044 -0.114052101500021 -0.154230493927478 -0.00519157802535176
0.132533733916794 -0.14711301633669 -0.121089886823218 -0.0860092021590897
0.307903757532869 0.0455162885940827 0.0261561409745203 -0.218767784209982
0.0770658651261985 0.281471503557797 0.288063940291122 -0.0556817140314351
0.0181240988144952 0.270971958507869 0.280355519394259 0.373058630514916
-0.0849569858572685 0.3769069130156 -0.132588126222299 0.494383111817705
0.0912417547078299 0.488428889578042 -0.0262161879733418 -0.0248964856050262
0.290206426529527 0.241652791712362 -0.257018919193944 -0.079675316179352
0.25027627757199 0.0567125092404217 -0.200748551313552 0.293267161411142
0.268371392097952 -0.150986949134804 0.253846079795458 0.155313556646139
0.0181949030611563 -0.279166013740464 0.135098629158511 -0.137315462650956
-0.0815058638389346 -0.150132087266284 -0.0219403583772319 -0.136664655257107
-0.0300419436561331 -0.111404038011922 -0.102524410771132 -0.0506530051142167
0.00647483307845346 -0.142986521778941 -0.110457257172821 0.0190077606969609
0.0421996215553947 -0.145457550684127 -0.128511087383004 0.0188613964919295
0.0598868429908709 -0.119669880616848 -0.128693278360656 -0.0224272167720316
0.13162547502029 -0.160520377185594 -0.114572250547264 -0.0642988211318284
0.305831990158969 0.00945104389195653 -0.0628066686136787 -0.201832478136806
0.168007638985802 0.23255064640459 0.213574691374245 -0.219113983935225
0.0988591843433026 0.292560303012584 0.396182263995751 0.239868483494968
0.0107030568144511 0.469587062472959 -0.0820304526398366 0.364315979512362
0.0132281353171218 0.551439884181816 -0.0113128371940582 -0.196766644855643
0.255984367014032 0.340025155468797 -0.210654722530267 -0.19298099316975
0.269775616279176 0.0741946389972611 -0.297396464960751 0.149328590110969
0.227182299037443 -0.123247129290943 0.149245217025061 0.208215958673212
0.00535426196881009 -0.191006428009716 0.150854518151101 -0.106936729850521
-0.0189691230413083 -0.0708869658158373 -0.00795526008575801 -0.15087055410911
0.0406276279123601 -0.0894902452670402 -0.0852856545288569 -0.0925901894795149
0.0456474328704169 -0.133196208568799 -0.0960949562190327 -0.0477152798223545
0.0534260420626744 -0.131507082154474 -0.106746346467299 -0.0357761064132484
0.0486609763822667 -0.105216728900241 -0.107401457452908 -0.054030942932241
0.0934625401055755 -0.147352602801916 -0.0809042168646048 -0.0702008090252262
0.222629758971342 -0.0386628980903715 -0.0939600083152931 -0.134784001723937
0.221517677303793 0.0990566677032895 0.0960009309004042 -0.300685712118527
0.182416389112713 0.247580073247542 0.408836293743494 0.118131243675158
0.117304251853364 0.495457674396684 -0.0784950585231499 0.184738994927559
-0.0231977067553958 0.525802429623808 0.0639645157428859 -0.340487050820668
0.222865454308579 0.312459580587738 -0.0792411584064045 -0.29724784648025
0.197609042887858 0.0393533075539104 -0.326149055087054 -0.0482415767553325
0.127790040042183 -0.0771635622485544 0.00486487730713246 0.194293825359976
-0.0148909321459807 -0.071489807752975 0.123130719552221 -0.0389780077525398
0.0382487238605159 0.0106031022202837 0.0292534489048632 -0.120751988212087
0.097182691864785 -0.0572222258628143 -0.0352804775201059 -0.121043699973936
0.0782369660175936 -0.103281156758844 -0.0672516879943481 -0.106406475426977
0.0622950686161085 -0.0919877048822656 -0.089026531227846 -0.0809427408502096
0.0394448487874245 -0.0600250923739477 -0.102958368751243 -0.0895657827836792
0.0336811271204467 -0.0833589981755992 -0.0449338983087108 -0.105580552690062
0.0804692441598268 -0.071913391067126 -0.0785877407384564 -0.066408573380138
0.207917172114314 -0.0326739572035332 0.00740200080032864 -0.306300434016464
0.220456500045625 0.137038608647928 0.324365954521615 0.054442514229863
0.193071728004032 0.45550407909384 -0.122746298882702 -0.00580261724883252
0.0190082577580582 0.402981857179868 0.163336866409441 -0.44467849127991
0.184399827118715 0.147787303081546 0.0698423361864991 -0.391283752250616
0.0847242660913875 -0.012721021250653 -0.307377412672136 -0.220548207162734
0.0148360888271009 -0.0469968338632898 -0.123733719510025 0.140175719872757
-0.0355480357018733 0.0341418272981747 0.0778537234186067 0.0355649074136806
0.0694848126783214 0.0682360111707781 0.0778589233403982 -0.0672469991910184
0.12169905617293 -0.0200774452799027 0.0314268228528838 -0.13442883741157
0.0978244987341576 -0.0579034830731685 -0.027437194664135 -0.148424081020558
0.0801583603352477 -0.0377756675835366 -0.0730919022812815 -0.105259148823153
0.0514521310731976 0.00831361067190932 -0.111552897931814 -0.109573290155515
-0.016790586187495 0.0240681891803388 -0.0229074053898982 -0.135577832684693
-0.0588941777151108 -0.0659373202515405 -0.0655913865222996 -0.0259459016696328
0.125879657844097 -0.105528899842292 -0.0211167037538495 -0.276664182699574
0.213455033200321 0.0117196008845302 0.189051891994093 0.0324811346147385
0.196823519908555 0.367667819505051 -0.17913775265283 -0.168972343641729
-0.112205711040906 -0.259956453394468 0.181323239202711 0.27403637074033
-0.194278448351419 0.0475655699199862 -0.0705009200119532 0.00723001567747775
-0.0208139709731411 0.137462086650975 0.00705913068653403 0.240602151185801
0.144256998614064 0.0162140526370267 0.0901378034639029 0.00172447710954231
0.034878632146603 -0.12707122489875 0.00696829540133516 0.10754370224578
-0.085103216892626 -0.0921526799343889 0.0924307074288764 0.0946360385957779
-0.114754793573654 -0.00835257091696578 0.0449542363153259 0.104230319817344
-0.10701351131613 0.0105268692837045 -0.00413623376158067 0.166821423829047
-0.104430296670434 -0.0271721822461629 -0.0914210728133707 0.145715936247893
-0.0727731443136941 -0.0958882001354883 -0.128058472899918 0.0367936025470884
0.0592788801204089 -0.108721163664798 -0.0617730003991271 -0.09405055405826
0.0985219789902618 0.0413520063382785 0.184338484213507 -0.114265161818993
-0.0301226372267462 0.0631757538707701 0.31868536540878 0.285766111017627
-0.113665697124645 0.0432000885273841 -0.122085656950505 0.486901129431895
-0.0869425307016764 -0.200647702667623 -0.24278960536086 0.533076653600819
0.00749138871684294 -0.0912877620343317 0.1632208184482 0.307618377890689
-0.105733547273297 0.029953164740698 -0.0633864613989865 0.0553075570887957
0.0470217611673641 0.158057287518675 0.0250752777856448 0.263007238878825
0.220744987265862 -0.0435624291738489 0.158077793328198 -0.0148095236287558
0.0399242266919285 -0.226217430032845 0.0101366958173159 0.0450747098310026
-0.123876543059168 -0.160662951956658 0.070472672074929 0.0579373290167201
-0.132585035937502 -0.0584762862761338 0.00711274706469638 0.0842388275150417
-0.0962161439134748 -0.044683777348917 -0.0499466942352481 0.160394720314941
-0.0670072301393606 -0.068253943556083 -0.136993951011921 0.133796244134559
-0.0401097807952892 -0.10300255938474 -0.158867757291666 0.0129197406828585
0.0751967000847912 -0.132018040264507 -0.0717794388017283 -0.117579116756122
0.188475935855559 0.0501371379410723 0.183389921356906 -0.127967900815419
-0.0293182171981218 0.139806373193879 0.302227581010387 0.240551663379923
-0.0471943456720749 0.151328395579232 -0.0467967980481319 0.516012645260433
-0.137517005196982 0.0229555622402749 -0.250076846367161 0.569805919204455
0.116240979120391 0.119495052900429 0.0999802005470817 0.260826839350374
0.0738347824464945 0.0138222385112248 -0.137505235618887 0.0625220093442186
0.0850057123319266 0.109357279920464 -0.00238026064634745 0.326770899815328
0.258935915131553 -0.0931063608780473 0.246249512195706 0.00532041208412081
0.0353444686575026 -0.291080640780694 0.0359488274658169 -0.0438098056398965
-0.142902635006347 -0.200531527902788 0.0286513203356424 -0.00596184056044539
-0.127945931043387 -0.0948911409530119 -0.0411037135780085 0.047735851735573
-0.0724054233065048 -0.0947033288982641 -0.0861666942809988 0.130261216159319
-0.0228012620166072 -0.105980587565594 -0.156302949224441 0.109616359166897
0.00773236626218907 -0.106570456029789 -0.167006501746365 0.00364072485707649
0.103838389242904 -0.136912680570973 -0.100168765576001 -0.110124248495333
0.260510714527256 0.0539509429026937 0.124064143154726 -0.180067425361101
-0.000469661542410931 0.236569012849231 0.302328493219748 0.117389041073218
-0.0188633452898648 0.214910054641848 0.111109355383759 0.472585772692187
-0.137239056914422 0.222975144746145 -0.201514822924128 0.563179562377661
0.147470408145869 0.330615030545136 0.0204807532969176 0.14015221322832
0.239536502924064 0.0981969763837345 -0.22102552204426 0.0133274158220091
0.165846352428024 0.0511449427516881 -0.086981642979594 0.350535988869655
0.266307881707407 -0.137822680255642 0.288756836489618 0.0725000955883354
0.024625267551754 -0.310652537885929 0.0856745879635235 -0.115498026232188
-0.129462658939752 -0.19713639529283 -0.00902701513345474 -0.0800172566999324
-0.0935581975668961 -0.112559258542343 -0.084020160522229 0.000515383575832638
-0.0365092565707683 -0.12877468049121 -0.105906290396968 0.081069860203796
0.0164880358861644 -0.134900110564958 -0.148906954033368 0.0701858447588177
0.0467727442629397 -0.114982430042014 -0.15417436938102 -0.00340336433103838
0.131317426457729 -0.149077188683308 -0.121641063850155 -0.084390484113703
0.309348929362724 0.0432393200495338 0.0249163924607258 -0.218232056699526
0.0774338004330637 0.284021980050064 0.288498398235602 -0.0570742845679144
0.0215669159411141 0.270681426264051 0.283692633606632 0.371176567973666
-0.0832879460267797 0.377500785083005 -0.1304203467737 0.495775043079759
0.0942334359688719 0.488487747552136 -0.0265688908200656 -0.0251743150118029
0.288965924918266 0.240257725521545 -0.256595023063188 -0.0790074898154134
0.25035486244177 0.0558410059708041 -0.198976264062731 0.294455487024415
0.267423441780087 -0.153387752908269 0.255550773719047 0.152942569658859
0.0153381959431667 -0.279139154687259 0.132996476697365 -0.138169543587267
-0.0829214425908673 -0.14970934127428 -0.0236339521258187 -0.136368829573946
-0.0319547328805182 -0.110901999360608 -0.102626347010128 -0.048901438003546
0.00505816311687398 -0.14196987549764 -0.110249886043607 0.0192970252135148
0.0402484833400888 -0.144970389706135 -0.12868227441763 0.0195428042987957
0.0584781503241789 -0.120764835993912 -0.127944682094969 -0.0209738034521703
0.1298500912665 -0.16197222290534 -0.113798853241125 -0.0634203165896873
0.306122679873776 0.00678023739970786 -0.0641651331277 -0.200660915718337
0.170350951572654 0.229897746173658 0.211603689889988 -0.219834913246825
0.0993577966847485 0.292965539647777 0.396914036432607 0.237401675160693
0.0116658490649102 0.468700616769993 -0.0794756254782725 0.364808538385327
0.012306460270266 0.552848217338227 -0.0112296444423438 -0.196648560778234
0.258355689023387 0.338882847552801 -0.211473698815673 -0.190896715762163
0.26972965583214 0.0736365414471269 -0.293511888142078 0.151849123397478
0.225315624168241 -0.125011242166647 0.150444360933393 0.206871909678742
0.00352053515241178 -0.192385668145471 0.149817664486459 -0.10763070948322
-0.0199891792154699 -0.0713605182417544 -0.00860766482414686 -0.150977587223418
0.0400605846296552 -0.0899875881102291 -0.0864233320254789 -0.0915029153312885
0.0443608264960842 -0.132444654930726 -0.0968524727641199 -0.046755068584322
0.0525749402558898 -0.131503274626433 -0.107002622711182 -0.0346442874314986
0.0471624308208598 -0.106271087895015 -0.107300676909659 -0.0529238155963669
0.0922412751998078 -0.148050118243939 -0.0805470359594322 -0.0698634730976218
0.221784859137334 -0.0416129518563874 -0.0949737978936662 -0.133993495167918
0.222335513866029 0.0982964449743448 0.0956667994501768 -0.302244343773174
0.184395347181624 0.246768125227474 0.409055153648988 0.115731997528061
0.119437402277606 0.492013889146037 -0.0778637791516529 0.185368454205525
-0.0203355396170785 0.523928231677369 0.0616888431996598 -0.340883332687211
0.225281156902048 0.310028391716828 -0.0816911796043703 -0.297147343621445
0.198239872201835 0.0384591593308666 -0.325577795511918 -0.0465167334252189
0.126670346266026 -0.0778586438691561 0.00636349339447395 0.193478897576737
-0.0154474394206532 -0.071715277853265 0.122584304731637 -0.0405295849010363
0.038190928767315 0.0104298028499568 0.02844404046206 -0.120602058311776
0.0960179718068581 -0.0574895877844653 -0.0368536768674598 -0.120366131864948
0.0770583833978903 -0.103578207441843 -0.0682739837676159 -0.105800961669261
0.0618186808291947 -0.0927490461869514 -0.0902633386779407 -0.0805419702777784
0.0387828961837115 -0.0606030185793082 -0.103953055422517 -0.089171276604897
0.0332575886014345 -0.0830343612164978 -0.0451456393549152 -0.105501004898602
0.0793278336236231 -0.0723735681431065 -0.0785427751128738 -0.066098530447241
0.208303188834116 -0.0350065889577039 0.00441627257419952 -0.306494535458964
0.221690138483372 0.136009888065765 0.324649180702237 0.0527536212110767
0.194383762647364 0.453364296855165 -0.122268302717324 -0.00550668743289305
0.0193208147156404 0.404492263391548 0.16059358831202 -0.446242210219864
0.18504558584146 0.146216309781846 0.0669921849923544 -0.390278308378421
0.0853075284827721 -0.0131036315459092 -0.307927163880413 -0.217710395254491
0.0139799050942312 -0.0467062565858804 -0.122465341063344 0.139589749985021
-0.0355972059281326 0.0348755754730722 0.0771206997430948 0.0353213449346381
0.0713561198013221 0.0668970670233573 0.0780539769742256 -0.066364142211157
0.121070507052023 -0.0209021727616188 0.0300566221015941 -0.134558151064526
0.097453608000874 -0.0584172899653145 -0.0296588861411284 -0.147838759979884
0.0794511463145176 -0.0387816781527551 -0.0750497825316145 -0.105135251327624
0.0512521314838847 0.0082750759804936 -0.111776784714155 -0.109290515807841
-0.0167780832794321 0.0249375381089841 -0.0234232320407381 -0.135406845830102
-0.059462986772777 -0.0652945797274764 -0.0657796906099725 -0.0251952356824592
0.124060740913564 -0.106457066431568 -0.0228361978301388 -0.276839769411414
0.212852157936932 0.0117071125969881 0.19032282678997 0.0310144745543839
0.199139423993517 0.366100104936597 -0.180322283519175 -0.167587293148683
-0.239560094104826 -0.147076685755496 0.304717465505197 0.11767069228124
-0.133436067960136 0.147716191098775 -0.0524616351250392 0.0475729138240167
0.0605416764459205 0.125060622540505 0.145434522668988 0.191927218305828
0.126023538868336 -0.0687409847248736 0.0737312495374406 -0.0504250971576959
-0.0431729822119514 -0.125070371506323 0.0674210927813959 0.0853300057886532
-0.12280244878165 -0.0285031529454359 0.131179980078657 0.0260945434599549
-0.10008571083307 0.057341828410011 0.0979783165561983 0.0613671785224705
-0.0821189159948803 0.070525067211498 0.0922595596229069 0.141063851810203
-0.101669923973747 0.0369232812270926 0.00725160250438389 0.172389798771042
-0.1138188931155 -0.0393309688909112 -0.0833306967604626 0.103418432011773
-0.0110712640292727 -0.124316599360227 -0.104695009814559 -0.0418074572242076
0.106482153826375 -0.0208096077335739 0.0867033515524603 -0.199065356687853
0.0138993976027662 0.0733080993106033 0.426795887494938 0.0516990633385874
-0.0712502683889066 0.104071262439634 0.18105867880639 0.470833553432064
-0.188492419307377 -0.113555974077044 0.114995661054144 0.576628397251887
-0.0466455821143324 -0.0776685455347653 0.310842803247666 0.155452763828499
-0.0704970084059135 0.0842730113446154 -0.0188147569688792 0.0823487652833075
0.128203789641009 0.103871917167282 0.172086431881027 0.198923238725106
0.155170982302979 -0.160281438200152 0.118598503752667 -0.101705959470678
-0.0955418889693209 -0.209614704684543 0.0340315631970039 0.032318344128461
-0.192956893159351 -0.0626706603629626 0.0916866496351196 0.00790131676333407
-0.143599879810368 0.0271693082579172 0.0550629417111205 0.0659393158825954
-0.105976726952578 0.0177370796558318 0.0505362491416316 0.160585767150932
-0.0950653244558504 -0.0177790138696846 -0.0373943478550511 0.188713713810209
-0.0908184379812488 -0.0621743559297425 -0.121983155815622 0.10093392676106
-0.0112346913648569 -0.152792737792425 -0.126971650589552 -0.0548097164624903
0.185538903105652 -0.0636182115927356 0.0764643758102439 -0.209049106567117
0.0572580364128927 0.135162335071177 0.385958592690087 0.0226856847313605
0.0436798198636878 0.156656124280139 0.25832204636268 0.447666120618877
-0.106005261894808 0.0993488810398115 0.129356883388491 0.608022817234291
0.161323956394189 0.0327973740985101 0.232588942916789 0.154733276402205
0.0677395320133735 -0.0304049158672343 -0.0763188084498049 0.129971315429375
0.131057142840782 0.0419391364304449 0.185950834735332 0.266673665945011
0.158807788663696 -0.222817119589134 0.203541217414454 -0.136178795442
-0.136717233792969 -0.259636898777224 0.00449934991415497 -0.0556793427672878
-0.231665690782652 -0.083231181915571 0.0215386441289384 -0.0206511394969463
-0.161281324265302 -0.00600571707506442 -0.00576837555627855 0.0634591711799944
-0.113916130646056 -0.0367333366672058 0.00391228425211317 0.156427614905285
-0.0788200946897805 -0.0748790662865165 -0.0674409286982734 0.178614903760384
-0.0534207755897617 -0.0934914928060875 -0.1344443861032 0.0968403315385114
0.00911350042786251 -0.1724055971499 -0.145443100908141 -0.0323763180970079
0.247903378054146 -0.100937125706783 -0.00152002021218489 -0.217993991442568
0.135012592671287 0.196945431413132 0.31634209204725 -0.0786728924408257
0.104837320961929 0.193919287820987 0.363737531992644 0.319747501640651
0.00535540977998079 0.265315024916839 0.166040900063246 0.570240158117259
0.304887655747928 0.18631458485481 0.0989320853644527 0.102392457954829
0.251050145874178 -0.0548848783382583 -0.172066851476087 0.137591964960379
0.164816771950553 -0.0529743568858588 0.130098224503924 0.332656317583283
0.140136229814435 -0.265714740253835 0.274885910496298 -0.103883055678898
-0.155685923349113 -0.269530433105574 0.00506591245427469 -0.142818779219199
-0.217725302886047 -0.0884586451806457 -0.0519372707260139 -0.0609267770902826
-0.143145592814941 -0.0416647543390116 -0.0686663903112299 0.0485362627413459
-0.104087234639175 -0.0854901639306126 -0.0416091751936594 0.128594661602833
-0.063219573752969 -0.120527780742434 -0.0838534390313233 0.143159679049177
-0.0274059352994577 -0.121275712426379 -0.128094429722891 0.0833988946316051
0.0254594364876133 -0.197685514320774 -0.149123352036341 -0.000381521664868243
0.282135573796948 -0.136327967993729 -0.105530438044682 -0.19391373122395
0.226063842866193 0.188288716195959 0.202477463721432 -0.214435566483455
0.17026080224497 0.217914386411527 0.445832578132659 0.137834247902585
0.137471615506538 0.360642314441275 0.183659187628578 0.471464938204235
0.352488045681589 0.34406986095401 -0.0350032402606597 -0.0047068098126566
0.372225802693853 0.0328567983459509 -0.254540118241842 0.082615162007428
0.237496359024464 -0.0966179302012224 0.00701946250410623 0.35180428960654
0.132934686937305 -0.277230771443458 0.294894057593909 -0.0187787019210099
-0.145720939851113 -0.238954018906899 0.0309928742429701 -0.188604077128815
-0.154063289793574 -0.0754144314089402 -0.0963856727295355 -0.0987091385515275
-0.0898348884912649 -0.0738611234222293 -0.113628836501446 0.0184016112586892
-0.0781674806910074 -0.120093481637414 -0.0808143734198851 0.0794708311994602
-0.0486784739933873 -0.142760571939485 -0.0957679171738932 0.0885433534965035
-0.0199663670298154 -0.132651510844859 -0.117026691896416 0.0550119167735993
0.0172347394827362 -0.208303133866873 -0.131137496486178 0.0136800515588845
0.2581299649926 -0.165287202505182 -0.167528786792886 -0.12798311841664
0.270900865491925 0.0924347982892867 0.0458723099646344 -0.304102724622859
0.249242391030147 0.19032059854414 0.46185661664904 -0.0393882225499489
0.269904584952103 0.382615968348459 0.148196858748492 0.334657406427217
0.32498400362593 0.438195712242215 -0.122214874634962 -0.151130328550019
0.40387981204196 0.133004125318323 -0.281701328580048 -0.0350081885788702
0.262578093780407 -0.0934566610772397 -0.150562893776342 0.290079586425398
0.11419936255548 -0.232021443995149 0.239721249588673 0.0834894082481933
-0.107188722083088 -0.160708642967557 0.0620512250412221 -0.173642487097728
-0.0581420067814057 -0.0466097104163319 -0.0924970708392555 -0.118923470652149
-0.0192130995125345 -0.0967189480702788 -0.124137198971995 -0.026742767028887
-0.0395923268297512 -0.13555168773489 -0.107780967552893 0.0162812677265293
-0.0304966157594739 -0.138210487302159 -0.10843956674585 0.0323141079346699
-0.0193234252646617 -0.114651807420602 -0.118410344313413 0.0165173831283426
-0.00645976488930114 -0.175018009011368 -0.107898317219509 -0.0118781394599189
0.161114924262522 -0.159205850554724 -0.155679355579847 -0.0560013973415985
0.238783266372796 -0.0475234895776182 -0.098835002533997 -0.303853135658709
0.293470187702898 0.103578011377343 0.400371658352684 -0.144119118216678
0.372664282600271 0.34090617532263 0.0444644018536365 0.188362462096921
0.282595373122709 0.436876005697984 -0.146499378988448 -0.311551388289276
0.358133853807338 0.12933763445206 -0.237172437164884 -0.197962608125401
0.184643313856231 -0.08253141213496 -0.291343772784733 0.148063374413475
0.0605852460758144 -0.13653917045194 0.115473984327408 0.155793748371951
-0.0544802498901194 -0.0507373840276332 0.0776128318687821 -0.102297360173895
0.0364919164117875 -0.0124796085285461 -0.0453835265103464 -0.11422712549785
0.0468024047909496 -0.102074326170331 -0.0990381988685712 -0.0791050645207807
0.00400409702319184 -0.129416052106637 -0.117359742854292 -0.0486912621311059
-0.000507954106771184 -0.110860176329375 -0.120182999512217 -0.0144775658057492
-0.00178157504611379 -0.0718431938975534 -0.13584716323225 -0.0139264567145567
-0.0193535919708247 -0.0881806758710855 -0.096915111134888 -0.0607874681055454
0.0255259997599583 -0.105176396995328 -0.103521440996403 -0.00802583939619732
0.152970726787489 -0.147982076704954 -0.174711694450111 -0.254741317965542
0.263230828455801 -0.00938992351517975 0.294069909540392 -0.147166243771467
0.413671610801493 0.266680471580563 -0.104004254612092 0.0612651541239285
0.245443324635054 0.316688974325308 -0.127014800487302 -0.453567090553303
0.234680600916966 0.016942561954504 -0.169283557892629 -0.359675562395477
0.0618760442807438 -0.0601187294946651 -0.378591324821497 -0.00398120842603731
-0.0143229556065625 -0.0462225192212328 -0.020541148343371 0.185116286181808
-0.0100309566137024 0.0489342011843335 0.0829395358450184 -0.0154355459615311
0.0958278383658975 0.0165222827137137 0.0249874816150675 -0.0990400124508737
0.0876849521421895 -0.08576539612714 -0.0531063575891098 -0.128952547929701
0.0470553840228803 -0.103884159488994 -0.11009674578944 -0.105488378034801
0.0431317872547477 -0.0762498641264117 -0.120724748737357 -0.0443780610179287
0.0475563993711152 -0.0223328981715919 -0.154534507662948 -0.0270203597385098
-0.000270713280489574 0.0294263311296367 -0.0959392792526845 -0.0981305280245207
-0.0863585724280755 -0.0218408765840557 -0.0680630656799834 0.0170996709112466
0.0423016180838374 -0.159302005062362 -0.180703268487802 -0.211580164671713
0.186355611734375 -0.108761217395543 0.17007260863899 -0.0850314104274566
0.36745755098998 0.189379999538593 -0.245624313245758 -0.0354887256006563
-0.239907568613404 -0.146126063250429 0.30583171859877 0.114981194002932
-0.131887229877994 0.148842633817657 -0.0520264012297698 0.0481176873036616
0.0617326051120172 0.124839307756237 0.147627457444489 0.191401394815291
0.125526244646577 -0.0704952489562512 0.0731719447448049 -0.0514348880154348
-0.0439576433473502 -0.125400411279537 0.0684349207318486 0.0843454176426843
-0.122950223994206 -0.0273397734234198 0.131039595096493 0.0245391642417543
-0.0991529619715583 0.0580300616708687 0.0989667127474248 0.0599063405174962
-0.0818399771933702 0.0716016647147816 0.0938261558002263 0.139205609908718
-0.10147797327284 0.0375273072161593 0.0101411279599679 0.172207932545
-0.114884550803093 -0.0378407577329434 -0.0825563582278726 0.103587015845595
-0.0127271846555812 -0.12499400402093 -0.104470648730731 -0.0399491757429167
0.107033545771719 -0.0219303783304732 0.0847098954825608 -0.199258797322573
0.0145953504179878 0.0726946826385051 0.426027447245152 0.0490086335398119
-0.0708223263484221 0.104481775342408 0.183529834230747 0.470031011953925
-0.18963709965789 -0.112722545863114 0.118657207534076 0.576047396028963
-0.0474989052362143 -0.0770715554092916 0.311704704337083 0.152099766372318
-0.0696396553272288 0.0841259540199641 -0.0189194482178462 0.0825278646566606
0.129241558554741 0.102997111908732 0.174909112180878 0.198942142972372
0.153961027393436 -0.162222293223673 0.117748854908557 -0.103675775293549
-0.097114751862143 -0.209287603625639 0.0347857980856877 0.0320424111851888
-0.194368047077256 -0.0604708920751194 0.0918354916551064 0.00715516418906581
-0.142866292971729 0.0272077803105044 0.0560626063967356 0.0660083579176296
-0.105691591458117 0.0185866084323421 0.053488296679263 0.160319594202541
-0.0955520023850214 -0.0167348670788553 -0.0349921030351967 0.189322714735981
-0.091759372164869 -0.061855811194257 -0.121332288759972 0.10137483845789
-0.0127408501950552 -0.152636618802448 -0.126590851410158 -0.0531582658398191
0.185265017867586 -0.0656314139323298 0.0757845492501798 -0.210282275398403
0.0582549256745572 0.133876397921095 0.385951916672579 0.0204274528432186
0.0446988872490361 0.157304953184456 0.260652030014382 0.445558207332684
-0.105509091844822 0.100554186606762 0.133927761242304 0.60565049997569
0.160807499696986 0.0314376630361042 0.233603344325681 0.153023561853039
0.0677321526904419 -0.0308292950628198 -0.0750655127205748 0.130762037633125
0.131311777915261 0.0415337739186381 0.188706659741573 0.265416836108896
0.155894010715067 -0.223857966467393 0.201690245366716 -0.136722388290427
-0.138794392622011 -0.257941151839754 0.00441836002384996 -0.0553248562145858
-0.232679373497788 -0.0821294306358918 0.0210428908630186 -0.0211900664300989
-0.160774307560567 -0.00500127963086231 -0.00474562015224826 0.0638106318769165
-0.114750710312533 -0.0356199299886934 0.00539004641204955 0.15623253630534
-0.080030956757707 -0.073635444384556 -0.0652657726396628 0.179937604453596
-0.0545616215911993 -0.0922633568934308 -0.133685234591503 0.0980604044686072
0.00785973319544258 -0.172824602693786 -0.14507962129468 -0.0325185051900178
0.246850514000843 -0.103095736816184 -0.0024177815264494 -0.217814957900419
0.137059030821759 0.195963914707101 0.315118685296166 -0.0808350327584784
0.105855150214448 0.1929054341938 0.365378700299195 0.317711785738706
0.00725299611230008 0.265131467232615 0.168540578569337 0.56777176362724
0.306614380417493 0.185253135122024 0.099700700002827 0.101711856253787
0.250424000217042 -0.0563086811544595 -0.171223468548477 0.138441358281281
0.16529164483489 -0.0541661459008859 0.132198168560495 0.332402817968699
0.138511060795942 -0.266837347586826 0.273960595469922 -0.106795686923155
-0.157134636275968 -0.268913126844481 0.0037281835300097 -0.142093332616147
-0.219006875627686 -0.0870439065689694 -0.0525738571944719 -0.0599615538360808
-0.142772767519424 -0.0398637286923154 -0.0682452829164039 0.0487080330148835
-0.105124726306018 -0.0844712087973125 -0.0402942281302658 0.128408727033191
-0.064207928255736 -0.119459463969034 -0.0813638010051002 0.143306588655923
-0.0284464144965372 -0.121338150830323 -0.127175427569371 0.0849216619205383
0.0229665775815622 -0.197342476682515 -0.148401210142441 0.000860703768654212
0.281002603834169 -0.13902041541236 -0.106256653376097 -0.191572272692505
0.227360988398042 0.185616516389907 0.199901393623511 -0.215726536563056
0.172440150299754 0.217361278246227 0.446868099548787 0.13453141871797
0.14104661688453 0.359384192599781 0.187847816208076 0.46925106093632
0.351526072603284 0.340358909045202 -0.0348844934953825 -0.00368766466216482
0.372045048812222 0.0311021558191496 -0.253952560116031 0.0837198149514801
0.237964611343898 -0.0980791493874382 0.0102673990621942 0.351739840981238
0.129141426367093 -0.279805075680889 0.293088872330496 -0.0210860931515602
-0.14814162792482 -0.238380246833091 0.0294197724392657 -0.18853171039976
-0.155046825417035 -0.0743942241230881 -0.0966235047931378 -0.0975448223771879
-0.090999940489283 -0.0729241762088727 -0.113413019269273 0.0188789100147904
-0.0789257133514746 -0.118769628098525 -0.0795593359579593 0.0801706271841326
-0.0510712556341737 -0.142523805231195 -0.0946426075492539 0.0901433607171748
-0.0217934173518877 -0.132388430724896 -0.116757332446499 0.0565407684855283
0.0153194596456529 -0.208308004294847 -0.129800315274044 0.0141708949526005
0.256685698920568 -0.167674618602652 -0.167905442707628 -0.125602742174333
0.272769161839544 0.0909603970280913 0.0427008267915507 -0.303695714754153
0.250574354165269 0.188902151779616 0.461148884291104 -0.0429028593292557
0.272656938633948 0.380737642911351 0.151520206700759 0.333928179738211
0.326111662019277 0.43562821165777 -0.123119296587928 -0.150244090617346
0.401922984992138 0.12871452073135 -0.281694292852624 -0.0341631782378023
0.261931620896289 -0.0952977221106175 -0.151760102258793 0.291841758903749
0.11355422491414 -0.232554477889767 0.238919040593275 0.0815362805465654
-0.108662467899735 -0.159359317460267 0.0596150667613589 -0.173804061809891
-0.0585764693199358 -0.0461413058617635 -0.0941275648138396 -0.117211896172591
-0.0206528210130134 -0.0962047544013342 -0.124537444823778 -0.0247685037208945
-0.0411685720172591 -0.134200891640101 -0.106904161128974 0.0173638663633745
-0.0325468395905743 -0.137669303561273 -0.108450223974972 0.0332467940484026
-0.0200588674846963 -0.11453840355476 -0.118272247966149 0.0176263933077215
-0.00834251104118169 -0.175241414108098 -0.106476625035201 -0.0101872672375333
0.160479297097518 -0.161233502453948 -0.155288968882486 -0.0542520145043274
0.238239296147298 -0.0497596104986882 -0.101798432320277 -0.301102182044167
0.293983492125429 0.102093313497447 0.399165228389167 -0.148168753083748
0.374745492267835 0.338803661704131 0.0456428141616101 0.188088673806064
0.284806295317117 0.433393640135266 -0.147239223659511 -0.310929601812581
0.359118073670703 0.126443759615389 -0.237785587466663 -0.195369673964735
0.18391381276578 -0.0831818661258517 -0.290253014102844 0.149234987485574
0.0592065492605218 -0.136031170147852 0.116385100071769 0.154769746452512
-0.0547567167575792 -0.0497701560546188 0.0765502852604546 -0.102993966530991
0.0361115810548376 -0.0123238774281873 -0.0467374180811628 -0.114477755694142
0.045009630292017 -0.102560845223783 -0.100188934373792 -0.0778455082187306
0.00196377690035701 -0.129169264819914 -0.118031919438867 -0.0479038622536152
-0.00212898902710562 -0.110701912588643 -0.121424423293064 -0.013902486469416
-0.00349124400586819 -0.0715327739174404 -0.136276522027373 -0.0124856133030531
-0.0202383993066961 -0.0884177199736231 -0.0975738927013902 -0.0599641453045366
0.0243619901720675 -0.105480794544214 -0.102739912088103 -0.0066301451900045
0.151685740530611 -0.149482857569761 -0.177113185469374 -0.252438326009332
0.262884709084876 -0.0111967032692487 0.292798931858245 -0.148588969559708
0.415667572425783 0.26229850112505 -0.103592774570281 0.0618171773328328
0.248811339339467 0.31324327837334 -0.129564391343696 -0.451861797910212
0.234364202434862 0.0147158849643702 -0.171930289259765 -0.358736210535005
0.0617648260800537 -0.0598211776549424 -0.379022438645529 -0.00180450486595267
-0.0143108887782641 -0.045970329133005 -0.0191447192665853 0.184956336267023
-0.0100784691961896 0.0483935468674392 0.0818323117833369 -0.0163434335831718
0.0957438956202965 0.0146202561385983 0.0229086648462042 -0.0995554689426206
0.0868444855602715 -0.0872032351496522 -0.0542853524810314 -0.127635974523318
0.0462951124706466 -0.104027092081859 -0.11144871934196 -0.104157122978962
0.0428972077773519 -0.0759935643955452 -0.122250935252455 -0.0427547099027861
0.046906151428207 -0.0226776432933083 -0.154440712215383 -0.025493180336031
0.000152054351494394 0.0289049100846966 -0.0968800546557021 -0.0968988976827492
-0.0867203468925993 -0.0207890993813141 -0.0670632067124933 0.0181836740238418
0.0423953328886004 -0.160800120785591 -0.181925442987153 -0.209284358830101
0.184604942182085 -0.109288810068801 0.169624665438647 -0.0861146318667993
0.36999016678942 0.18727243301983 -0.245075883170656 -0.0338920123733106
-0.241577699867463 -0.143323419200356 0.306179038941082 0.112475978154775
-0.130424879130687 0.150379318508833 -0.0511315196342912 0.0491361322977802
0.0620391493981292 0.124260679820631 0.149397511669593 0.189898550918942
0.125469285762849 -0.0708986064221958 0.0729325233476675 -0.0521732506410997
-0.0446000290068071 -0.125440856961235 0.0688268921174459 0.0845592230820669
-0.123103362894439 -0.0262086575136243 0.130478810906675 0.0244457381495053
-0.0990063141650048 0.0599055618584908 0.100104860472481 0.0585043899726428
-0.0822120749504441 0.0711543197657061 0.0956245495993087 0.138534924170774
-0.10121981516989 0.038336285178137 0.0116444337590232 0.171262097930475
-0.114807870795757 -0.0366094953646461 -0.0812556479120288 0.104029265072649
-0.0140651364111676 -0.12402451330406 -0.103985688867507 -0.0391880426024938
0.106094876709268 -0.0224576474925057 0.0840895772237701 -0.199401617833879
0.0156122268573675 0.0730962715980974 0.426113367158946 0.0457263960976129
-0.0703928479015206 0.105522064206321 0.187488916534323 0.467520899318917
-0.191256363853409 -0.111227423445998 0.123441503805933 0.57263297173361
-0.0491338937784492 -0.0765821202959051 0.313031741538104 0.150290224527903
-0.0684080969645186 0.0849381185790172 -0.0180111731834687 0.0825335430393682
0.129550346596557 0.101929129548337 0.176645798902758 0.197013585865396
0.152353818114246 -0.16397585320087 0.117000630134446 -0.10417713815133
-0.0997411066925493 -0.208464139761079 0.0338671411652032 0.0321438354744036
-0.194368211311146 -0.0589454229232767 0.0913714903681632 0.00696746859566333
-0.142419978566472 0.0292483631978098 0.0564185267173874 0.0645066936093167
-0.105572143564036 0.0193952289890129 0.0544415887244224 0.160316781743394
-0.0958160212054021 -0.0165401296051933 -0.0327822059511179 0.188634146541692
-0.0927545106671158 -0.0609165398867134 -0.119657938115984 0.103048729116542
-0.0145954079201791 -0.15266834321195 -0.126228926865276 -0.0518222115780782
0.184688483605089 -0.0670452299216398 0.0743309183729612 -0.209869817002516
0.0588457670481947 0.133479635250974 0.384979604887911 0.0174641830551013
0.0459842210631563 0.156016494709714 0.262918624623157 0.443056927093101
-0.105033284162206 0.100775160906084 0.137820330231672 0.604753820599807
0.160292518470454 0.0309845813233734 0.234477315674044 0.150466224274245
0.0673543079901651 -0.0316793629239884 -0.0737191663748013 0.130825769155325
0.131762607718133 0.0403165463132431 0.190978749457629 0.263642394873173
0.154253280395092 -0.226302874118392 0.200681523689008 -0.138413003125726
-0.140066861012598 -0.257850563266964 0.00311683294941228 -0.0555667160292764
-0.234020939609736 -0.0782122572180704 0.0209264303999012 -0.0210735022586257
-0.161278718945383 -0.00280388319117428 -0.00472406760754042 0.0633056329276908
-0.115169829439197 -0.034177798509854 0.00761597649214062 0.15582940716044
-0.0806547774758265 -0.0729306291233081 -0.0627194093886406 0.180125481951326
-0.0564084757199455 -0.0918230281563401 -0.13216718521033 0.0987719523443086
0.00530693444933424 -0.173192640220557 -0.14490547829584 -0.0300274820189006
0.245221828027256 -0.104797750618523 -0.0034081501301604 -0.217174445161533
0.138259626881355 0.194906356206547 0.314578309987939 -0.0832323530353444
0.108062346407209 0.193516642554278 0.366889944799041 0.313824082331575
0.00849672615822585 0.265679322083007 0.173497677451159 0.56759080403407
0.306688600989187 0.182734265371639 0.100111836614724 0.100995554896608
0.249951993192319 -0.0573437247241681 -0.169583532330476 0.139179824241752
0.164874159830926 -0.0543607984199878 0.1355772302155 0.333506207182983
0.136921762503312 -0.267840988417669 0.273014010819322 -0.108569796519676
-0.159971231881458 -0.267377804805302 0.00151204671373527 -0.141795890263781
-0.220397723529386 -0.0850921331114602 -0.0530513630894017 -0.0595057358122865
-0.143265247256068 -0.0385309745266763 -0.066931473070824 0.0498321753556289
-0.105459071132732 -0.0836001133792314 -0.0377413607120849 0.128187751999244
-0.0660175369105229 -0.117867795096017 -0.08063479447783 0.144045474625758
-0.0303081866517917 -0.121443354225314 -0.126968625963691 0.0851881895529285
0.0204961818561346 -0.198608320853485 -0.147140855015189 0.00170342899762929
0.279823564410513 -0.14177450373761 -0.107079935974901 -0.190791321768714
0.229434860433012 0.185256443697922 0.198707982750915 -0.216412372907668
0.17435814719074 0.214590762952968 0.447573184774832 0.131866619402065
0.141406787607236 0.358496040051297 0.190283918470557 0.468538408781057
0.355022745272125 0.337864955765422 -0.0343747469186376 -0.00318035201187344
0.372586728811776 0.0288678684607519 -0.253586042449069 0.0852624994002373
0.235886211626475 -0.0995480232073302 0.0123313051297833 0.351551266959346
0.12769569167921 -0.280736100849291 0.291578908460307 -0.0225656227857667
-0.150411762210076 -0.237154293509142 0.0273559931887189 -0.187718974554751
-0.156588398093594 -0.0716347703744489 -0.0975515316140913 -0.0969757966317144
-0.0913265357101897 -0.0718743056958551 -0.112797604684433 0.0193669884282196
-0.0795408748207765 -0.117921976200651 -0.0788240826967571 0.0800596623768911
-0.0531843038270635 -0.140456273923153 -0.0938961063836859 0.0914863627238441
-0.022928213700456 -0.132392370728458 -0.11642728191059 0.0568649671998757
0.0129898851931182 -0.208475453220462 -0.130001504745043 0.0149142351975218
0.25460840330799 -0.170121087567241 -0.168608481877412 -0.124523692402382
0.273163351944413 0.0879900353505681 0.0406234549056915 -0.303328843275975
0.252370876642658 0.187110500126111 0.460376106629135 -0.046458907023756
0.273748659714868 0.379323496263976 0.152472469620716 0.333116228050789
0.329467902751462 0.436469152764603 -0.122784663990958 -0.150097321698938
0.402058386401174 0.127366885435939 -0.282042796930181 -0.0331037479139263
0.261167336256475 -0.0967855787029591 -0.150048683854505 0.292486599275473
0.109878515525975 -0.232927668818372 0.240131657963989 0.0793634254427286
-0.110362531591538 -0.159023581704703 0.058225272743019 -0.173886666598306
-0.0593269016541132 -0.0452485728736772 -0.0953235469114755 -0.115686624498662
-0.0207709881731683 -0.0966056119008899 -0.124213962003067 -0.0246646744033611
-0.0421212623724011 -0.134275382413419 -0.106577988567954 0.0182791273779125
-0.0339802114898882 -0.136135362872176 -0.10822312331883 0.0345821514707332
-0.0231401612814815 -0.11343257918988 -0.118797994742527 0.019335573763909
-0.0101923813940373 -0.175499342424837 -0.106682730483856 -0.0097413247384848
0.15874150341056 -0.161913628280954 -0.155255196729782 -0.0521065244540484
0.238689845505621 -0.0500555605925244 -0.104612257680302 -0.299973876550521
0.295084491784482 0.100125436675854 0.396931232791215 -0.151426770778014
0.376274660888969 0.338848129328825 0.0467003331841339 0.187945637638357
0.286577757450282 0.432599645684002 -0.148566953488527 -0.308805365533337
0.359813758607381 0.124026471171863 -0.239034734104116 -0.194415183662535
0.183449552845921 -0.0846393358031565 -0.289652411368521 0.151087158227834
0.0583857418183849 -0.137243324044197 0.115868670394209 0.153069198453888
-0.0557783234837169 -0.0486022089215848 0.0745262583386383 -0.102982631340927
0.0348683137620295 -0.0134527550265211 -0.0474790001538629 -0.112980377378089
0.0445821257079455 -0.102560255562577 -0.10056831071139 -0.0768865459450052
0.00124942154809492 -0.128976448658674 -0.119207584752765 -0.0462409200770836
-0.00263916566150841 -0.110567735973478 -0.121580290031953 -0.0125450761399636
-0.00413768954856062 -0.0715578835688337 -0.136036865585563 -0.0113146515717608
-0.0211839871310451 -0.0881175320071462 -0.0976844164056783 -0.0593046869313206
0.0230010863785706 -0.106026756053822 -0.102735061336582 -0.00574429631270854
0.150697247743193 -0.150786269537733 -0.179689802447037 -0.251489555889954
0.262133354465533 -0.0131512258429612 0.291707729394742 -0.151723296778973
0.415105246074245 0.259235135633663 -0.102712977494617 0.0632905977301477
0.25039469798764 0.312204841187641 -0.131014146203235 -0.451823375421806
0.234161161301978 0.0129953966392287 -0.174940254247008 -0.358420129893106
0.0613772986625105 -0.0601379270173529 -0.375967256642165 0.00263852391871132
-0.014730085189085 -0.0454161587580537 -0.0185827544991115 0.184446767242479
-0.0102480676305614 0.0489047234083607 0.0811403001323266 -0.0165272221124507
0.0953410118893952 0.0139385938503108 0.0228471361282886 -0.0988135991564714
0.0866032006814455 -0.087622565981759 -0.0563505303949023 -0.127756112595913
0.0451848748348817 -0.104061537022946 -0.112557048242387 -0.10362295537601
0.0424338923178783 -0.0767957458955695 -0.12291842284267 -0.0413966781861724
0.0462449338012564 -0.0227067271698157 -0.154855178670812 -0.0238397329035535
-1.58254429844349E-05 0.0293100177898155 -0.0983627550908586 -0.096618742055256
-0.0867649614492546 -0.0199439118237086 -0.0679858214575259 0.0196108046111485
0.0422076711416254 -0.161363200421861 -0.183899550228374 -0.208410696215218
0.183506432707447 -0.110245366619368 0.168933494871411 -0.0880808270261937
0.370856138135221 0.184250608805996 -0.245298764361557 -0.0323383801951159
-0.242768431804614 -0.141505893915442 0.306240803052469 0.110861758513659
-0.129239889796118 0.15077508549676 -0.0504925877054992 0.0492575104844425
0.0630907402017224 0.123792257008444 0.151538495337468 0.188425122274809
0.124052454098863 -0.0721164053430207 0.072394095619278 -0.0530073846428147
-0.045043736986789 -0.124421520702484 0.0690224532165314 0.0835235601019627
-0.123774484448705 -0.0249223948339289 0.131220410445275 0.0224897289629359
-0.0979182560554732 0.0596094192178928 0.100369407187138 0.0577640451330935
-0.0813872710987629 0.0723691016588004 0.0983398998506057 0.136665534652733
-0.101101726498437 0.0394535293063364 0.0147464240984761 0.171497826432629
-0.115856635317546 -0.0354471493184065 -0.079765836400536 0.104635562038538
-0.0148882834716588 -0.124155153440982 -0.103901906379494 -0.038872351987196
0.105845536833538 -0.0239849776486397 0.082437774783767 -0.19993680639431
0.0157926074750407 0.0724756924100989 0.426555507696101 0.0422476251799597
-0.0693976981814879 0.105559215881954 0.189520712756786 0.46402171458682
-0.192615738152223 -0.109370755824831 0.125018654636517 0.573659672121237
-0.048870313885692 -0.0762521549880454 0.313346722618245 0.147786774008701
-0.0683354831623475 0.0854447005636588 -0.0168744096614649 0.0832670402685726
0.130898275482321 0.101003725994728 0.178814445969061 0.19563856366896
0.15021376976495 -0.165333025937336 0.115943879231681 -0.105364051537368
-0.100626351139394 -0.208076472353996 0.0346866542496316 0.0315681008585049
-0.195900901331891 -0.0572616790200409 0.0911637744018739 0.00633701509413342
-0.142569979503711 0.0308030067874987 0.0581963145711128 0.0641211063814128
-0.105823583276158 0.0207120854742119 0.0572186501386405 0.158706747663074
-0.0964998498833339 -0.0154863827107343 -0.0305176687623718 0.189469075801195
-0.0926989337924076 -0.0604300518672226 -0.11795394542903 0.103343193064108
-0.0161786700905805 -0.15321583901117 -0.125331502213078 -0.0512125473388312
0.184139103566877 -0.0692361442002832 0.0730576550392513 -0.210859325390678
0.0594637582629162 0.133576245454887 0.386140501520834 0.0147775383165434
0.0470177149673357 0.156160713237972 0.26799450410031 0.439710706361267
-0.104041252073141 0.102000629423832 0.141245626301967 0.602495015007367
0.160262642592438 0.0292582434379632 0.234238692208759 0.149505412500134
0.0670831291235961 -0.0317746535940825 -0.073489764076993 0.13124421487712
0.132565493594662 0.0395113366391771 0.19378120050431 0.262115059092195
0.151575308991738 -0.226023589895101 0.198548972566868 -0.139767441416054
-0.14273745730826 -0.256478315436439 0.0025561982478163 -0.0547791036558437
-0.235152198039908 -0.075982431740024 0.0209036105017568 -0.0213771685210812
-0.161255630174285 -0.00179792037724301 -0.00313202384981024 0.0639381044162922
-0.115153306336006 -0.0337603147155746 0.0096345348710994 0.155679851644354
-0.0821961172598355 -0.0719241335222935 -0.0609204008947765 0.180377539755421
-0.0578597980189752 -0.0913170188755238 -0.130849201536905 0.100112541683528
0.00322066762827699 -0.173225354195558 -0.144763371259089 -0.0296119124424732
0.244285361104792 -0.108505721067447 -0.00535761464104717 -0.217504332281008
0.140505546177175 0.193144393987618 0.31322891490485 -0.0848091578518151
0.108992105493918 0.192928585550596 0.36889507550897 0.311760310682111
0.0103988611782426 0.264727979585882 0.177560974704746 0.564668596224608
0.306999452373089 0.179272635021159 0.101127659935091 0.0998562550007217
0.248965889848486 -0.059824362364933 -0.167563036171412 0.139573943632965
0.163873042559625 -0.0559678591823048 0.138136501547084 0.329340946764321
0.133516960022329 -0.269007676210736 0.2717850623656 -0.111271744221777
-0.161122276250785 -0.266841233872115 0.00140805049193733 -0.141365112697471
-0.221351728751391 -0.0826022438485246 -0.0534558723550494 -0.058781274539213
-0.143503544961236 -0.0369149739579312 -0.0662472734099065 0.0501088539585971
-0.106752014016837 -0.0814105800470816 -0.0369764992904185 0.128294490855218
-0.0673596929921223 -0.116914304337551 -0.0785247729828846 0.144949830301509
-0.030757152700531 -0.120929009739071 -0.125795499841795 0.0865722306240321
0.0195249457055499 -0.198643324560184 -0.147068418630964 0.0018753565729427
0.276731425141408 -0.144803470266178 -0.108542038296917 -0.189140095136112
0.231025680762526 0.184473193103641 0.197952288247708 -0.218098650124245
0.175071751440346 0.214551215265643 0.448219409747224 0.127729427613187
0.144744566461716 0.358334637128846 0.194789010469988 0.46700477564002
0.356128372214669 0.336386021572842 -0.0347045578960525 -0.00343097327403465
0.371867359971413 0.0261149638441057 -0.251766073537974 0.0874559559350064
0.236420726731166 -0.101283323159505 0.0148034235416964 0.350220926211246
0.124652933823484 -0.281447892638677 0.291423837560484 -0.0260764379845919
-0.153182530424561 -0.236255522185706 0.0257213665398051 -0.187472188286804
-0.156011496841406 -0.0703881977910228 -0.0987038604889934 -0.095339618701621
-0.0925420813264701 -0.0709829423213073 -0.112002767015885 0.0203353619516361
-0.0817390003500557 -0.116479871410963 -0.0780161627842084 0.080206492899334
-0.0536629596157 -0.140189751180424 -0.0933982228459563 0.0913291691251436
-0.0245809300369363 -0.132092305763772 -0.11635389338553 0.0577649795350216
0.0111895351396156 -0.208367531599587 -0.128403868754165 0.0160685150573189
0.253678019870737 -0.172415368034939 -0.169542085708125 -0.122460013724722
0.273987602082636 0.0856411469711509 0.0373024675196388 -0.30375903246487
0.254322668916048 0.186004785454222 0.45924531347466 -0.0516473168929136
0.276768788346014 0.377669217838838 0.15546382724484 0.332038917938071
0.330561079428674 0.434107015356202 -0.123090910854555 -0.148756745460444
0.403561648998925 0.123086461234716 -0.281734785494577 -0.0310418273527227
0.260912764123914 -0.09886905318211 -0.144186054469114 0.291500758982145
0.108578913614014 -0.234231154621263 0.239338446658301 0.0773475550936319
-0.111657823002822 -0.157871977907704 0.0555570572155483 -0.174037063618473
-0.059888150081409 -0.0449683356338122 -0.0954932290483002 -0.115575363426646
-0.0216481295418877 -0.0956313273661812 -0.124258267853134 -0.0230723903577525
-0.0439298045080261 -0.133422333478435 -0.106749858301036 0.0184570720472223
-0.0350560307905495 -0.135436887068984 -0.109005544491288 0.0358833247659538
-0.024794865604857 -0.112630269901516 -0.11779562281163 0.020265133239297
-0.0124630097305154 -0.174491865075916 -0.106486921362993 -0.00901097650620707
0.156527645608833 -0.162974982609956 -0.156691980121503 -0.0501055721630644
0.238711310929711 -0.0526982645564877 -0.106873311965911 -0.299008022872654
0.295306704442437 0.0980266378675305 0.397095377674617 -0.153913266623595
0.378244747602764 0.3331408416064 0.0488623651923377 0.187303436962861
0.28844403893507 0.432146806500654 -0.151753902552454 -0.308310522800703
0.361332397480715 0.12124299328697 -0.2402874523115 -0.192096726608406
0.182115426312227 -0.0864323806196394 -0.288198772592416 0.153433693136071
0.0566806527537671 -0.137359537361169 0.117233087887221 0.152175946878653
-0.056026339617432 -0.0496821124648652 0.0731887894179024 -0.103544410460876
0.0358825331651033 -0.0135009985345345 -0.0482012885186142 -0.11223122658616
0.0424955357805307 -0.102121961893932 -0.102118161241557 -0.0763190282366127
0.000103099582461458 -0.129016854134042 -0.119622272868836 -0.0454446092734215
-0.00398390205031755 -0.110108451526448 -0.12182729143663 -0.01059576585956
-0.00452317507277995 -0.071216152355628 -0.136413512422221 -0.0110593870423107
-0.02180054560431 -0.0876887704321366 -0.0975664361706854 -0.0589104846423778
0.0219465886314915 -0.105412635172516 -0.102871213849751 -0.00373991805373845
0.149426064999652 -0.151858959140494 -0.181895270649847 -0.249375647102189
0.26184853084818 -0.0149126176011295 0.290449011991167 -0.154641103504904
0.417643473445324 0.255951010135969 -0.102481906944768 0.0641973543185382
0.252911427042694 0.311988217896568 -0.134745949819594 -0.449890752243354
0.235553786658639 0.0115874667832819 -0.176629097100043 -0.354995938831019
0.0606733987781482 -0.0618427622483327 -0.374249914769329 0.0054118844747136
-0.0147824839713418 -0.0453532585835742 -0.0163163995892569 0.184214775571375
-0.00997267349155598 0.0484785402173701 0.080347874988265 -0.0172674730529222
0.094489283428494 0.0136033010438567 0.0229556859187438 -0.0990070146401266
0.0853095032657669 -0.0884440622907958 -0.0566514191263673 -0.126997436546435
0.0440350347962473 -0.104704382844306 -0.113163052565607 -0.102060978500165
0.0418672464322371 -0.077130493908194 -0.124044376680064 -0.0404238242482163
0.0465066366303637 -0.0234337332160721 -0.154526546874452 -0.0220984570101766
-0.000293293104289427 0.029493510862436 -0.0989494031041981 -0.0957039451877241
-0.0871458156132476 -0.0197393935856777 -0.0673234977114654 0.0200602789086105
0.0392545454677703 -0.161120689680792 -0.186741718871584 -0.206961752100424
0.182661344643287 -0.11202474216856 0.16810694882189 -0.0893289663347864
0.372037593506163 0.180182917754458 -0.24519377927133 -0.0301987206392713
-0.243483565462879 -0.140567939296044 0.306076559396835 0.109718983775434
-0.128383038803059 0.151767792432525 -0.0497888264530605 0.0493342270750557
0.0638902518773648 0.123195927354353 0.153409636231943 0.188226749023798
0.122878047091522 -0.073462613380426 0.0715989700672407 -0.0541970417917977
-0.0468743075422084 -0.124686527570425 0.0701196228954575 0.083004047590877
-0.124011602815489 -0.0243344377142079 0.131427573159113 0.0220147799028905
-0.0971872735046469 0.0608609428503036 0.101617410827358 0.0568834376141353
-0.0801365100544044 0.0725207145103313 0.0989643347370692 0.134961106398625
-0.100735224594593 0.0397404066344786 0.0158324028983479 0.171321110228667
-0.115890647979179 -0.0343105530691327 -0.0773846039944664 0.105076639037821
-0.0166948163227874 -0.124429498732484 -0.103702913514396 -0.037747749795255
0.105567870907733 -0.0251581798817769 0.0812691391867714 -0.200281904001431
0.01673162944437 0.0720324183952686 0.425836921253917 0.03991626014539
-0.0685846952057319 0.106119384505025 0.192962438371848 0.463541743166041
-0.192830246047316 -0.108508433948922 0.130118634173009 0.572059313170608
-0.0501212757955666 -0.0765029376100758 0.314418938907435 0.144378867746166
-0.0673258943422835 0.0860318459145846 -0.0159822917014075 0.0825073501796353
0.130996957107478 0.100381192444518 0.180680912158051 0.194575314041574
0.148765778171634 -0.166613265946924 0.114185056559385 -0.106585196656841
-0.103309033616317 -0.207124606356148 0.0351128370298925 0.0321461547852063
-0.195654142454478 -0.0545118478086672 0.0914728612397258 0.00600603342039496
-0.142386264657807 0.0326682119777193 0.0592682018636679 0.0644965829869683
-0.105684329053585 0.0211318506387117 0.0587466132250951 0.158163601949882
-0.0966492868605286 -0.0139519756175034 -0.0283381792920802 0.189136433087099
-0.0937712187834491 -0.0591014803722615 -0.116842472583464 0.103423188987503
-0.0170860046132662 -0.152862522163508 -0.12507921867124 -0.0501656871115431
0.182744989340016 -0.0703013374350701 0.0718767568435079 -0.210037709865544
0.0615373283297153 0.133670737789426 0.385962711042856 0.012168013722725
0.0481796565375683 0.155551972706483 0.270183483490398 0.436982700405649
-0.104169465504936 0.102236557231656 0.145325289933861 0.602103388772907
0.159907957037878 0.0276984179150383 0.235391150741144 0.147891718366655
0.0661848805361871 -0.0318408893157006 -0.0721699030010095 0.132757242642409
0.132084773686421 0.0382796561940224 0.196076964107823 0.260989157636482
0.148865835627713 -0.227953315857058 0.197099980704486 -0.142270525098354
-0.144424017875353 -0.256011714071629 0.00256246590045787 -0.0548944046619279
-0.235580350762652 -0.0740734499388413 0.0199632875694778 -0.0212676719492468
-0.160990140258518 0.000737566864584139 -0.00155160963189674 0.0634608731977328
-0.115496854838699 -0.0321007217241957 0.0119502400034178 0.154782054623633
-0.0827644034406053 -0.0709091701596095 -0.0587049052217862 0.181573760776007
-0.0581637294864102 -0.0908346225121536 -0.129695802969523 0.100267409505886
0.00195750158173239 -0.173693025406514 -0.14465619556569 -0.0281038498555963
0.242438692088602 -0.110258674797527 -0.00654732532160519 -0.21642974754132
0.141245762799602 0.191770744441071 0.31194065834518 -0.0868729414779518
0.11045201454108 0.191407050855279 0.37050000684542 0.307871742503522
0.0133532597940997 0.264898142256588 0.179343971872352 0.562497035135916
0.307548517287072 0.177043241737824 0.101586548242045 0.0987674934588636
0.247483338192202 -0.0613602355477806 -0.166471230801811 0.140856165144452
0.163511643669194 -0.0564519325123806 0.14214655706095 0.328571730061272
0.13098142482665 -0.27032942790346 0.269504215521236 -0.113581979734946
-0.165253676018872 -0.264793308224554 -0.00106624781571506 -0.140982863617118
-0.222058186945518 -0.0806524240818736 -0.0536710470611995 -0.0580460440041369
-0.14493559143657 -0.0355853589432164 -0.0651118518280542 0.0506073312778635
-0.107084792638219 -0.0793390718031232 -0.0358004371173952 0.128676598703042
-0.0687659697801153 -0.116341645964796 -0.0774838649422064 0.146106905394999
-0.033308357504057 -0.120143104584102 -0.124543761101193 0.0871145030460153
0.0162979577569257 -0.198376883166531 -0.146768606678746 0.00410758838080117
0.276597584946995 -0.147381061571794 -0.109621007784057 -0.187889060203123
0.231279782405287 0.181019395324745 0.194839292283464 -0.217753456754031
0.175695166123408 0.21343692585666 0.446387715167401 0.123565895329611
0.146535835676582 0.35656514456461 0.196209083505326 0.465192420622853
0.358215878749658 0.332378550302966 -0.0340016051416872 -0.00328143548626247
0.371355979889181 0.0239897728638483 -0.251161079108093 0.0881577656854231
0.235390218584307 -0.103424735796783 0.0187870321099096 0.349750153415206
0.122233596807045 -0.28245891413816 0.291264305469275 -0.028096977463293
-0.154778129905324 -0.233920285474683 0.0230267884880484 -0.187442380974353
-0.157585424026875 -0.0697431270255737 -0.0990007987999533 -0.094304341945566
-0.0932640754346051 -0.0692642547812938 -0.111430700983065 0.0218397699595388
-0.0820393619415727 -0.115466773979605 -0.0771094291736162 0.0811997165517966
-0.0559856253647345 -0.139090501421779 -0.0917238465048819 0.0928319406573846
-0.026386943801312 -0.132255740848767 -0.115293473487317 0.0581928524886967
0.00832778773921596 -0.208247615268314 -0.127957789680953 0.0167997438757206
0.250929980068208 -0.174864778082778 -0.170183399164842 -0.119866436563398
0.27433105721083 0.08343999624579 0.0339083073316585 -0.302489428174481
0.254719067730021 0.184197845415465 0.457788005354142 -0.0540333950631358
0.279378505195296 0.375102592987706 0.15715645096027 0.330578279041777
0.33321010790463 0.429087757568411 -0.124965567461815 -0.147837205482392
0.40457067140302 0.122022977990257 -0.280584830226752 -0.0277634888056204
0.260507747226123 -0.101275177943944 -0.141224732704672 0.291681127284615
0.107335969314221 -0.234345006513061 0.239732675008326 0.0755034768577639
-0.113120531997426 -0.156341372510515 0.0541659041825343 -0.173485929149255
-0.0605307877626747 -0.0447190079559213 -0.0968797031838378 -0.11409727433121
-0.0235861185082067 -0.0953053143050428 -0.123437314911285 -0.0221822559298204
-0.0453950500000827 -0.132371797676496 -0.106785858253622 0.0204935626551287
-0.0369451116703292 -0.135102648565981 -0.107695067249067 0.0365968053698816
-0.0246725312842996 -0.114254968077759 -0.117588670694216 0.0208547672891506
-0.0141669416812702 -0.174393417683619 -0.106363064689588 -0.00838314236846286
0.155290911445105 -0.164992037667398 -0.156093811639172 -0.0488216985453519
0.23718819726862 -0.0567438101712325 -0.109597228650355 -0.297956611149226
0.295592964390571 0.0959288133516285 0.393779205436785 -0.158814060912937
0.380245911560338 0.329162351053272 0.0497810488750609 0.186759220582915
0.292435813886415 0.428082867904866 -0.152561095214995 -0.306828156830334
0.361908823984074 0.119019752764966 -0.240048030246446 -0.191659891854991
0.18183389857273 -0.088207544754099 -0.285884970123789 0.154228440396336
0.0558259821903112 -0.137636758218339 0.117871773691086 0.150689766602487
-0.0570546743765798 -0.0487143394419008 0.0720532880319532 -0.103712996056031
0.0351884447745814 -0.014002611038707 -0.050064489078782 -0.111745194502575
0.0411144157360926 -0.102823738438681 -0.10204869583419 -0.0746793961425179
-0.00101722036007765 -0.128725296257939 -0.121169428540561 -0.0435369608285569
-0.00576830865913608 -0.109233776215181 -0.122503858947034 -0.0096962647309365
-0.00673490460051657 -0.0708407088472383 -0.136685440193199 -0.00938763041286837
-0.022636059803583 -0.0874601126415489 -0.09809966738705 -0.0572669431691866
0.0208611821803875 -0.105468813101177 -0.10255451385193 -0.00272677088241864
0.147766173674423 -0.153506106595529 -0.184558168596709 -0.246428747998021
0.261638031987573 -0.0159676683785761 0.288347778159993 -0.156775498565788
0.420380677063415 0.253543782051133 -0.101809564294371 0.0643357160734833
0.254037907839368 0.308738881857584 -0.136427154671031 -0.448791172590492
0.234960445001884 0.0086825253868577 -0.178552427562936 -0.353155939763537
0.0602182551917327 -0.0617099224757934 -0.376305957343894 0.00729223462849945
-0.0160579625131193 -0.0449569203443685 -0.0155958874215935 0.184985378274322
-0.00953885843137268 0.0483243708073244 0.0804748297123373 -0.0172311315210609
0.0948761519115965 0.0121828430196554 0.0211369490136084 -0.0997708068532373
0.0824232304179942 -0.0880064826553071 -0.0579848594321724 -0.125958767005088
0.0430309688868028 -0.104689061020274 -0.114869513850518 -0.100793918833967
0.041441755601894 -0.0768097258230166 -0.124420496023326 -0.0389135580171351
0.0464689108915811 -0.0239502336431402 -0.15540298228443 -0.0211671990457127
0.000683821100194723 0.0300168745542773 -0.0994878482653821 -0.0951187604600223
-0.086990840241845 -0.0185789589832543 -0.0669577674543444 0.0211813013613036
0.0367054228252887 -0.161711319684902 -0.188185755048449 -0.204401926598155
0.182539295065789 -0.11307757292966 0.167313759352242 -0.0911134375210747
0.372164909588223 0.177302327659303 -0.244480530667647 -0.0281193010512296
-0.24513796906074 -0.13822899394682 0.307552995728019 0.106627855673216
-0.126842086363166 0.152195711196689 -0.049820919022422 0.0503199681896571
0.0653030344625529 0.123025253395299 0.154921470956272 0.186469611236873
0.121702051821436 -0.0746429758473748 0.0715833591863524 -0.0547247722570388
-0.047464454117637 -0.124750310993897 0.0705963243128007 0.0822177863552817
-0.124361009260604 -0.0223008395294828 0.130595533604152 0.0210622680521587
-0.0966609835234854 0.0621356577712211 0.102591592206551 0.0561537058984616
-0.0786457622360484 0.073647239783889 0.101509044187755 0.133685793543142
-0.100118046328338 0.0404899992825201 0.0183855065662132 0.170177773713065
-0.115725357018034 -0.0333098172552584 -0.0767239662682825 0.105269304839972
-0.0182036451974501 -0.123410380487786 -0.102797250794046 -0.0361884134609761
0.10446170309249 -0.0262836451108806 0.0798200794436575 -0.200680687809501
0.0171477621951941 0.0728855384408266 0.426104304933607 0.0354998782327511
-0.067894392693437 0.106754426278396 0.197832860432596 0.461604087389849
-0.193649060643092 -0.106404905683791 0.134278913478102 0.568429111887795
-0.0513351976651864 -0.0761381028697006 0.314946819810087 0.142752405648943
-0.066908125501084 0.0864958891328024 -0.0152151473273098 0.0832026954258743
0.131643416219932 0.0992205318786281 0.181959033276535 0.192579059102472
0.14753334542691 -0.167740283383886 0.113138578900129 -0.108095763250939
-0.105543273941471 -0.206490069673581 0.0351401848896442 0.0323019428755822
-0.195625524178584 -0.0523428292442282 0.0905749802114617 0.00507913144960511
-0.141125117814664 0.0341000999698767 0.0603744297753164 0.0631052420472659
-0.105342411192749 0.0225638413978176 0.0606866575744706 0.156174662472884
-0.0966249818495299 -0.0128373144580086 -0.0251292590166903 0.189798010763736
-0.0948593733394266 -0.0581252651525154 -0.116191786006414 0.104952233650768
-0.020090327871298 -0.152127850792673 -0.125067845580694 -0.0491482498511498
0.180945566980701 -0.0726071250333689 0.0697062239094913 -0.210374746261523
0.0626560614199972 0.131943305702608 0.384532362931337 0.00952216114036387
0.049904008400717 0.155218468973911 0.273452351561171 0.435466216054701
-0.102859761817465 0.103260093557275 0.149591262730714 0.598990962422937
0.159213085409525 0.0267549556799913 0.237008742083319 0.144724009984034
0.0660833908879112 -0.0325333062761695 -0.0699184121324964 0.132133837219335
0.132942067058538 0.0369390124069597 0.198340811191027 0.259161115040414
0.146389185239113 -0.229626763851857 0.19541735021214 -0.144465676848563
-0.14793337031602 -0.253419000716086 0.00113462199093589 -0.0541936052392861
-0.236548497614837 -0.0710003360574843 0.0205094193672918 -0.0206118916206935
-0.161716877741105 0.00217896898053716 -0.00095119236964656 0.063364951612151
-0.116061432665259 -0.0304315108541424 0.0132669216498782 0.154597557185101
-0.0848642865114128 -0.0692281643821826 -0.0556028252552484 0.181230946137004
-0.0588850381147856 -0.090223637035806 -0.128264016455885 0.101541727492672
-0.000198458263731106 -0.173186347253108 -0.14365749826609 -0.0271886610670229
0.242070909113304 -0.112683239566175 -0.00789975408873257 -0.215166779561302
0.144091382246383 0.191103185281832 0.31132887674473 -0.0893668990256077
0.112138258217235 0.189890928859899 0.37277351642345 0.304536311382157
0.0145055147739116 0.263924434432181 0.184930992997207 0.560786907390578
0.308751283849919 0.173835854547156 0.10238603825521 0.0977107357623558
0.247819047598873 -0.063366173491097 -0.164949196106828 0.142501904876711
0.163641994452708 -0.0578845324898778 0.144227154993397 0.327716763419714
0.127482814431353 -0.271491300816221 0.267708076737117 -0.116522306228353
-0.166849309216514 -0.262519145787306 -0.0016428317632444 -0.140356683689238
-0.223368460067674 -0.0777737957200702 -0.0547906928676568 -0.0570012506832956
-0.145100877460933 -0.0331678038333989 -0.0645438765885868 0.0514197075942109
-0.108943631528919 -0.0790381655259137 -0.033111989743445 0.128662807442397
-0.0711103910293649 -0.11458989344689 -0.0752198693270834 0.146610002781224
-0.034681345265631 -0.119895972802597 -0.124213294821564 0.0878444219893231
0.0147315175048378 -0.19913844229376 -0.145517859343486 0.00563354809536523
0.273896802503803 -0.150073310197376 -0.110531691528014 -0.187377828286968
0.233944301615384 0.17726414611762 0.191791281295054 -0.218808356981614
0.178222507645013 0.211693952805808 0.446771459896683 0.118635456478851
0.149623130633654 0.355956654712544 0.200558974120137 0.462443903700986
0.358833108081142 0.327576695146405 -0.0336990509820321 -0.00305869956758936
0.371984015440687 0.0215251667927713 -0.248930531380977 0.0906952014007373
0.234237840127518 -0.104779855670415 0.0209318770911736 0.348694761504419
0.119130845190566 -0.283142081546778 0.289264407927776 -0.0312210407933022
-0.157847879599287 -0.23230032634757 0.0214382815041575 -0.186887220980741
-0.159017728365904 -0.0679259756929147 -0.100666908170257 -0.0923103409324726
-0.0937452097842091 -0.0681141944591631 -0.110880274456738 0.0232806612638358
-0.0839420134429472 -0.114687294096684 -0.0754244116606742 0.0817476448822288
-0.0576994065068962 -0.137982738434866 -0.0910550621232722 0.0938076669738586
-0.0285729887997956 -0.130864521086089 -0.115310306156403 0.0589459196084806
0.00563632300576425 -0.208527530943652 -0.127634614857521 0.0175472846735667
0.248805804924709 -0.177389217108859 -0.170210930215777 -0.117598224940404
0.275274553172984 0.0800888917792478 0.0311240676880766 -0.301511665317051
0.256309929731781 0.181354541442663 0.456300889888101 -0.0583423250414643
0.2817198911252 0.371874042010944 0.159059787720017 0.328226129239362
0.336419472532162 0.424519913270971 -0.125754443567308 -0.146346175214949
0.404917237610398 0.11798149763099 -0.280650819468239 -0.027373326567763
0.25947846852989 -0.103150491319997 -0.140413228615091 0.29453691745429
0.105837369882486 -0.235623518089605 0.23922892367568 0.0739919657254252
-0.11542116166446 -0.156379171055315 0.0520582497437958 -0.173839877310279
-0.0611102056177558 -0.0437775712388435 -0.0975966399054372 -0.111832260882549
-0.0253093817447866 -0.0938551077719633 -0.124394337075347 -0.0206081817209788
-0.0464094199422063 -0.131854246127625 -0.107228710372015 0.0209769206906652
-0.0389517780745272 -0.133644533265985 -0.107538566137685 0.0373324258870236
-0.0259088307320198 -0.113828013147785 -0.118034824005918 0.0216156126098088
-0.0166868464233097 -0.174914967883262 -0.105193859830462 -0.00758808021373684
0.15417424540107 -0.166726015925313 -0.155624929184074 -0.0461094444768526
0.236774736734144 -0.0576031544941344 -0.113211360544273 -0.295288766955448
0.296872998208996 0.094113014144716 0.391665269418761 -0.162277097337844
0.382975247886938 0.327484165689041 0.0513352929065935 0.185557510504366
0.2948857206761 0.424883630923041 -0.15356863866757 -0.30423346235631
0.361548020803337 0.115376317450676 -0.241274641001257 -0.188988668766217
0.181229630244353 -0.0892845273820082 -0.284435929803758 0.156614464698672
0.0548564333303851 -0.137534004837326 0.118724479167009 0.149212452213266
-0.0572357843274255 -0.0480839052921867 0.0702524459378026 -0.10372548343625
0.0346364053709526 -0.0147839974335198 -0.0501200373413251 -0.11040151251782
0.0396886960403821 -0.103249134893973 -0.103917087929667 -0.0730899978150165
-0.00280807154577002 -0.128287130099449 -0.121918999591283 -0.0425223075571186
-0.00648362265004276 -0.108758565524116 -0.122933261345616 -0.00758041518199436
-0.00641731362813798 -0.0705869200554413 -0.13665110336524 -0.00859332254522071
-0.0233135709994982 -0.0866139238349246 -0.0981724125376729 -0.056798614786075
0.0194484519504759 -0.105968244527918 -0.102348667137686 -0.000954657688170632
0.146499573330983 -0.154816183408669 -0.187018103957939 -0.245108679501567
0.262096239416945 -0.0188313112168361 0.285700668814083 -0.159968105298961
0.420785314857379 0.248356366073855 -0.100718837672546 0.0657782777734369
0.256251837356822 0.304623471440595 -0.139733917779393 -0.447023690008081
0.234100413357745 0.00705449567988437 -0.180751760789636 -0.35267181755741
0.059969526595411 -0.0628001390499397 -0.375620347173856 0.00964892609030862
-0.0156294062017936 -0.0444149834579403 -0.0141345244250485 0.184453517172247
-0.00970548395280884 0.0490767278936003 0.079037336420357 -0.0178757864217317
0.095394692076061 0.0111929166149682 0.0192164823774533 -0.0985449406971609
0.0826440805999836 -0.0891893466160321 -0.0600968962149443 -0.125788553971836
0.0418298834731431 -0.105226981782166 -0.11714173535844 -0.098879633595092
0.0400235021775859 -0.0773570489380955 -0.124873506634656 -0.0375296043474903
0.0460951349297108 -0.0245900772645641 -0.155428242545787 -0.01890263594187
0.00122323165549181 0.0296675329160226 -0.100235366852521 -0.0934036711353669
-0.0873337734891864 -0.0173527028689214 -0.0668079166847015 0.0226462291715888
0.0373298650092435 -0.162011155306444 -0.190466917761045 -0.20203608942164
0.181333192686058 -0.114752275749508 0.165343265874732 -0.0931433188092385
0.375050074120158 0.173895920194851 -0.245539890007099 -0.02661186195586
-0.246121219936159 -0.135869863049412 0.307530566491929 0.102912632670642
-0.124811386972996 0.153488476014265 -0.0488292249181744 0.050660332898487
0.0663489296265391 0.122012609885439 0.1566660168262 0.184892842527175
0.121093398338909 -0.0756865507621299 0.0710303493582746 -0.0554196351499284
-0.0493581191397964 -0.123531326635868 0.0708446468891645 0.0816902587390674
-0.125045511226325 -0.0212081138330042 0.13160172400028 0.020088972896964
-0.0962401344013423 0.0625363057123499 0.103481083356318 0.0548351898602786
-0.0789415277592172 0.0734806146921494 0.103817909916546 0.131808710203567
-0.100109669853542 0.0422666619554014 0.0208839584661086 0.16978185173519
-0.116221075984352 -0.0320952280548469 -0.0754053135941848 0.10568390466114
-0.0196883318831349 -0.12432016211522 -0.102871697094759 -0.0347648508412009
0.104922448601021 -0.0273676880952627 0.0780940791025646 -0.201407786154652
0.0179185397090768 0.0719794012638226 0.426101829822103 0.0321258272851002
-0.0667774374199735 0.107418175160373 0.200867335415165 0.458974239426293
-0.194176731223391 -0.103789888595521 0.138759122287778 0.567881389473846
-0.052229982598133 -0.0751909314260965 0.314801927334875 0.139392866195391
-0.0656644794175812 0.0872381909373641 -0.0143911534873746 0.0836321279121064
0.132301949091281 0.0976686876306458 0.184776483761412 0.191158621842991
0.145632074016574 -0.169501888623281 0.111916333089729 -0.109041258973608
-0.107103199964385 -0.20551572792406 0.0354859997171363 0.0313909922817566
-0.19662652788769 -0.0498793851548153 0.0905140474456075 0.0039454583234807
-0.140293601238301 0.0353769091051899 0.0613442225351164 0.0622648349488096
-0.104358497368474 0.0230296956880684 0.0629924243011523 0.155610730385803
-0.0980292068500222 -0.011576231467216 -0.0225020909841386 0.189439458181532
-0.0951498403061147 -0.0575546226869003 -0.113421354812422 0.105002538465024
-0.0215806970373018 -0.15167336378062 -0.125110380195455 -0.0472035071228611
0.181060061857746 -0.0752886895072876 0.0684044008798275 -0.211301280132364
0.0631216784794214 0.130453410035699 0.383990328024063 0.00538718429501231
0.0505538868020236 0.15445209709337 0.276421558579977 0.430916383617975
-0.102397915085962 0.104565283107938 0.154623358874669 0.598194684890614
0.158887775800685 0.0245358480793094 0.23650032982068 0.142413134053472
0.0657287902423502 -0.0333171657704677 -0.0688451205663971 0.132778537873466
0.132994839310731 0.0357714354491275 0.201173672099564 0.256723509670088
0.144236483393941 -0.231301510287512 0.19327139956781 -0.146222946520354
-0.150000683728436 -0.252495836043766 0.000805007978692869 -0.0536353674591053
-0.236506941432419 -0.0693744395277132 0.0197673651328787 -0.0211252133643404
-0.161138199348437 0.00418391278512824 0.00050030836253487 0.0633778223001626
-0.116243893194917 -0.0288006255470971 0.0153414655624184 0.154299781560279
-0.0855701067140953 -0.0679902150538201 -0.0534107179835549 0.181823694645553
-0.0613773003147564 -0.089644948288645 -0.127167917401093 0.102751620118198
-0.00249151184715311 -0.17316262734549 -0.143585690168991 -0.0256218350193693
0.23983459400688 -0.114809688453542 -0.00910453505197464 -0.215091833756703
0.145333460597691 0.189306693199696 0.309439484862836 -0.0900282139251399
0.113819425432332 0.189613059409975 0.374683483066841 0.300121599228713
0.0172370237051003 0.263721584104588 0.189999773070728 0.558780204426593
0.3090953228517 0.172745061716008 0.10341119737441 0.0971580760667267
0.246803658465203 -0.065603880688132 -0.163058873060246 0.143946986580962
0.162529496545211 -0.0599936347177985 0.146559058065584 0.326887548257551
0.125389729810499 -0.272066125190729 0.266300962266404 -0.118205316764743
-0.170348103437611 -0.259873779285572 -0.00359128395861137 -0.139470819590954
-0.224509184894733 -0.0749022910243121 -0.0548095232462323 -0.0558281219529503
-0.14529485616518 -0.0314916452405151 -0.063670109623895 0.0516836100588236
-0.108998543577413 -0.0773709042265963 -0.0309514270698903 0.12844534209859
-0.072858267586792 -0.112850681508138 -0.0730065641792084 0.147146639898825
-0.0361994982298681 -0.119340707326959 -0.123084487482032 0.0891387107861535
0.0123440090856877 -0.1988479228431 -0.145335310954649 0.00671882300938123
0.271873426458952 -0.153544015076151 -0.112092364740771 -0.18469448551213
0.235403645417522 0.176962108450447 0.189931868150477 -0.219213334734787
0.179718716696405 0.20979984378596 0.448269510369724 0.115192674346878
0.152238272910395 0.352523348189735 0.204365217864712 0.459347913850597
0.3611165708494 0.325994822099976 -0.0336117373276366 -0.00232262754574142
0.371086533356461 0.017382518062376 -0.248489194406898 0.0922915024279484
0.23355038136701 -0.107525345032921 0.0247693405057545 0.348478509402462
0.117693481042215 -0.28403323005712 0.28815352460874 -0.0341114265863572
-0.160202649524988 -0.230774607839833 0.01957826209363 -0.186575442645087
-0.16047122712857 -0.0653536366936128 -0.100910516702827 -0.0908553519468811
-0.095507831242678 -0.067440807135777 -0.110449741089401 0.0236821531095267
-0.0853940069402411 -0.113259184241482 -0.0745486902377565 0.0817757170982586
-0.0599572456372885 -0.137148665505412 -0.0900235463064852 0.0942083370495614
-0.0301856674857308 -0.130896492439743 -0.114635438931809 0.0602481032084381
0.00288291841658467 -0.208943716649125 -0.126761462297769 0.0179942415514422
0.248044737604935 -0.179848685275572 -0.170773909996904 -0.11622675994502
0.275874023140357 0.0772754240188225 0.0275878940784675 -0.300098306026262
0.257847624625274 0.179480768346498 0.455111797994261 -0.0637330030694223
0.286409971796614 0.368295587279611 0.161906829163956 0.326286081404802
0.339783546803509 0.424908821849229 -0.126393554556872 -0.144948733403066
0.405594283507801 0.112954674514433 -0.280134342963223 -0.0249101203993276
0.257913799065823 -0.105481130594613 -0.138281331550306 0.295264012139065
0.102451555512685 -0.236120734660959 0.239394346915169 0.0702132977960413
-0.117653667168468 -0.155132609701129 0.0498854526328725 -0.173590322057055
-0.0623074676345058 -0.0423139800376884 -0.0984224511694344 -0.111547661951592
-0.025796707822705 -0.0949073732382446 -0.124812938577806 -0.0196731013198999
-0.0481964611406306 -0.130470109654302 -0.10683165527499 0.0220179762590873
-0.0403730238688411 -0.132721714969163 -0.107180785823749 0.0394101492562383
-0.0285895753054304 -0.11172332068975 -0.117864785270194 0.0234663760332083
-0.018234205936334 -0.173416894700314 -0.105037379669931 -0.00761845584826275
0.151483894105591 -0.16839221840893 -0.155802977918284 -0.0445842551891884
0.237347171070313 -0.0595450346782558 -0.117069760801284 -0.293273056061291
0.297426970716759 0.0910794143719826 0.389904721931807 -0.165346550928673
0.385401960739393 0.322971256189557 0.0532839818883058 0.185295032602563
0.298279292985985 0.421891989105001 -0.156618551971765 -0.302165392191992
0.361866621183078 0.112551184236141 -0.242727914528284 -0.186530191531225
0.180410829014651 -0.0909538650754349 -0.281938119902742 0.158144205193883
0.0529989792027372 -0.137935830471361 0.119685946880214 0.147993147148528
-0.0585796169448512 -0.0471059609317795 0.0692804324179746 -0.103522842987076
0.0345151723190568 -0.0146540028443212 -0.0515582949003233 -0.109481120299541
0.0381478329177902 -0.103579443795307 -0.103976739247001 -0.0717182624717593
-0.00436940644956905 -0.127703820062165 -0.122176468765587 -0.0411777379102559
-0.00775504074777963 -0.1090945610258 -0.123140290658182 -0.0070000137099352
-0.00767224907473958 -0.0705179333810343 -0.136822711596638 -0.00674882391630373
-0.0249587843534971 -0.0860328215580708 -0.0986620572786239 -0.0553258649825171
0.0179193563633317 -0.105580808136022 -0.101882685846591 0.000599998341610175
0.144969363548522 -0.156040895515641 -0.189357814830865 -0.241540223764139
0.260252780085027 -0.0205329785324897 0.284104683763469 -0.161842525621394
0.422297638091711 0.246168114385346 -0.0999797705250758 0.066305851249076
0.25939948985614 0.302999037504412 -0.142003407937819 -0.44464917360117
0.233732696280931 0.00602493830817473 -0.183720215925873 -0.350777107831345
0.0589793378622433 -0.0629542964476741 -0.372249350330094 0.0141673851480901
-0.0160995492531137 -0.0447631953090847 -0.0125268135408758 0.183911067832628
-0.00957729456005484 0.0489191458998828 0.077730436986591 -0.0183718753322956
0.094818203991108 0.010529077797042 0.0199151384320576 -0.0985806281962043
0.0815060557248844 -0.0905938828316501 -0.0613277967618367 -0.124474195494379
0.0407993198060382 -0.10489545364661 -0.118619320401976 -0.0978096899871332
0.0394680692757509 -0.0779290737448922 -0.126513438628567 -0.0367556583244974
0.0450414830010379 -0.02419850925057 -0.156185229824529 -0.0166286562833039
0.00121193428297069 0.0294308080192433 -0.101886902327508 -0.0920866926560838
-0.0874129358295557 -0.0165484627928636 -0.0661893652767998 0.0233474975118442
0.0353201599069976 -0.162655509065916 -0.192166676057021 -0.20094180796976
0.17977858953852 -0.115187776645119 0.164636030674438 -0.0947534176896721
0.375082250142567 0.170309704271253 -0.244652293992629 -0.0243830557597059
-0.247040143320605 -0.133589290007038 0.307679894990254 0.100511552149532
-0.123621545798469 0.154110157288055 -0.0482021055500309 0.0510884060948521
0.0678791313365001 0.121143201522836 0.160459865778417 0.183554674271614
0.120391803310347 -0.0771795741317247 0.0698318830015113 -0.0567874068432843
-0.0503766400638868 -0.123222820409009 0.0713541011546363 0.0810954998507823
-0.124530126102819 -0.0197941949201699 0.131163516530563 0.0186811672633805
-0.0944763664010602 0.0633831967069378 0.104758282823795 0.053292886967177
-0.0775729704102474 0.0749952884735987 0.105288741004535 0.130012676617081
-0.0989287028249895 0.0430329688106849 0.023130791744622 0.169048888622254
-0.116065092153019 -0.0305688876798937 -0.0747326603319258 0.106684701553464
-0.0210851571955044 -0.122875455970627 -0.102282725055972 -0.0337200346791102
0.104105667887507 -0.0287385905868767 0.0759399993594831 -0.200683595479358
0.0189932081148268 0.0715565940063284 0.424574813445706 0.0282658896337056
-0.0658396793656325 0.107892911662024 0.20487862688929 0.456495502609672
-0.195252901017652 -0.102645390848497 0.145410303158924 0.565334905634652
-0.0524870542381118 -0.0750165275380272 0.315615478723774 0.137061298399948
-0.0652147403897837 0.087323854602497 -0.0132404001082272 0.0829277474404034
0.132715468029877 0.0964599568026797 0.18667394669623 0.187946291705839
0.143584542855648 -0.170792313450512 0.111007383403145 -0.109712889137278
-0.108141294710454 -0.204501182310583 0.0355896721951093 0.0310840384791961
-0.197413601655549 -0.047759685483408 0.0910542294308126 0.00305887631756575
-0.139677236150303 0.0371438191841599 0.0623150112383638 0.0612737158061771
-0.104361948086337 0.0250727828698985 0.0652774829663054 0.153902295160153
-0.0974171037889273 -0.0107079580924693 -0.0202913084742918 0.18973398628499
-0.0953086087901605 -0.0557637616570967 -0.113074990464773 0.106533567266278
-0.0230531374486058 -0.151921986204232 -0.124817015884488 -0.0460898148702407
0.178808387663584 -0.0768243658939175 0.0663189840441239 -0.211119281389589
0.0647033516739311 0.130497330145992 0.383443773150841 0.00236180231630303
0.0528087984504769 0.154156718441704 0.280398019574359 0.427834134558666
-0.100918805385564 0.10513736620384 0.160472109469211 0.594067903664237
0.158519474421844 0.0231367783762967 0.237672483849898 0.140357378177243
0.0648513059899019 -0.0342676307125607 -0.0672475281272787 0.1331237677979
0.132781411835603 0.0344720612457323 0.204344182861874 0.253798441040947
0.14077415177706 -0.232342348653222 0.191387377728713 -0.147927282690947
-0.151735611842242 -0.250334344743246 0.000583669967572184 -0.0530789906804623
-0.237515190962505 -0.0657452707414825 0.0198126995968134 -0.0216435445652079
-0.160473300680603 0.0061769862871724 0.00126913440551126 0.0627289792076702
-0.116946835499211 -0.0279962000928999 0.0178760128240484 0.152809021363796
-0.086423835887062 -0.0668384831310257 -0.0510924101369268 0.182319343125151
-0.0615562180972552 -0.0883272438627507 -0.125177592073884 0.104171131229601
-0.0046386927599241 -0.172871878554562 -0.142781994451698 -0.0237808572663171
0.238148043266646 -0.117849474050883 -0.0114911244219738 -0.213693536192676
0.146777804429395 0.187382925157349 0.307453992558702 -0.0932442483991312
0.115193666856379 0.187416167080172 0.377572034100103 0.296174899073287
0.0183241273382846 0.263703138983936 0.194584492303629 0.554943509315821
0.309588139042617 0.16860775334766 0.103832221421298 0.0957951864018193
0.244910639460895 -0.0676110243675101 -0.161738057635585 0.145280209440226
0.162651937440974 -0.0609904785214915 0.150468892634736 0.321719914757449
0.122591305129323 -0.273650884800116 0.264169342835211 -0.121458735772946
-0.172923935535708 -0.258981182528043 -0.00561716853438388 -0.1389962361041
-0.225247523803611 -0.0720520961694113 -0.0556385144954529 -0.0554434295853756
-0.145764966873898 -0.0301882398803149 -0.0625880491515068 0.0523051328875122
-0.109878557583859 -0.0758117932381352 -0.0301686522599326 0.127988516873541
-0.0741175785529951 -0.111482660938593 -0.0713973362834214 0.147426927228481
-0.0381198527779477 -0.118895156707646 -0.121641307860222 0.0909537704571805
0.00946349602293542 -0.199485134515913 -0.144268067566715 0.00815691839216896
0.270010624484876 -0.155819273814957 -0.112843306391419 -0.181974130897906
0.237341413191195 0.175095506342593 0.188055230512294 -0.220650446075033
0.182952725193757 0.207859715550311 0.447656873225855 0.109195405555558
0.15429338719632 0.351341817723591 0.208340455909353 0.456575654571281
0.363322943073242 0.321871289523126 -0.0333138339338753 -0.00243707097233932
0.370955166451066 0.0124236850598133 -0.246744744507238 0.0945510522230596
0.231833724664612 -0.109579976528294 0.028051557854698 0.346705526399609
0.114488829596522 -0.285594959757219 0.287349817902371 -0.0360845982477609
-0.162652206667156 -0.228213272045235 0.0175907723612004 -0.185517037021794
-0.160659911316519 -0.0636190341881355 -0.10114880016428 -0.0895189289106671
-0.0961651228094186 -0.0655934683419228 -0.109556525159212 0.0248123209070981
-0.0865438498619592 -0.111335018973592 -0.0735603777517219 0.0821605279404563
-0.0608141205180752 -0.135683262954618 -0.0887700653761838 0.0957901619702586
-0.031761964386387 -0.130271470379061 -0.113778153946534 0.061437359270301
0.000547314243699661 -0.208274547980601 -0.126477510873149 0.0195169872924358
0.24496468958797 -0.182791822028119 -0.171409611195843 -0.113241533420853
0.276617724392576 0.0755860272195378 0.024339056366354 -0.300418705277184
0.259503344926204 0.176920631107381 0.454454717930104 -0.0681963534626263
0.287694389763331 0.367168011708809 0.165713070632243 0.324755567833069
0.343349840315895 0.42125216200589 -0.127465095885065 -0.144209026859553
0.404675973509215 0.110879217970602 -0.280116224841659 -0.022091015552833
0.25748786522718 -0.108364283482523 -0.132151555809444 0.293357314899699
0.0991616214112405 -0.236907350450419 0.239124347203028 0.0688159438750481
-0.119108733909239 -0.153449162468363 0.0474911695072764 -0.173751697262979
-0.0629961064873251 -0.0421644811493712 -0.100337251466333 -0.109559164147796
-0.0267792357224665 -0.0936990003473984 -0.124660463073239 -0.0175889960216105
-0.0506147879773546 -0.12893479122049 -0.106206263070629 0.0233941709792405
-0.0415641788144632 -0.132596381854083 -0.107610372966313 0.0398831783927057
-0.031150656341724 -0.111353066380236 -0.116769289525265 0.023820481466567
-0.0205115714393488 -0.173767801476848 -0.104555103258036 -0.00602510761471101
0.148631885284087 -0.169871424471378 -0.155430855249998 -0.0417542171490637
0.236589239192353 -0.0619487172163838 -0.119854028304301 -0.292002604791153
0.297511805567091 0.088202785941398 0.387817609154673 -0.168965477480132
0.386738348203758 0.317903522761053 0.0550954307147722 0.185200057128736
0.301262924811666 0.419810648696847 -0.159629876354972 -0.301699467279786
0.363298952245863 0.107686392064843 -0.243861865835198 -0.183256920904672
0.179570086517025 -0.0926236526504262 -0.27965081877845 0.159897161579969
0.0516949644246814 -0.138446374602003 0.121068250969823 0.146339932290202
-0.0596120940358943 -0.0466751599825601 0.0668568118302531 -0.104728840224597
0.0334635685647746 -0.0143456791028035 -0.0521691112930934 -0.108740097931097
0.0365885459025276 -0.102987345062006 -0.105104428201875 -0.0704505153627968
-0.00495876896571192 -0.127142782444647 -0.122574581302563 -0.0396569356434512
-0.00909071545871571 -0.10781926199966 -0.123222364177866 -0.00496432731872003
-0.00913287056540421 -0.0704546455281155 -0.137471988562377 -0.00519704101485215
-0.0257465931885097 -0.0860232556920197 -0.0987052692701251 -0.054589055319892
0.0170309569313017 -0.10588241241121 -0.101232834024486 0.00216802205042168
0.143290993555467 -0.157244823793296 -0.192153998256545 -0.239037465595828
0.259685718259381 -0.0222090354908947 0.280945650397399 -0.165705203750555
0.424072004068729 0.2415659064092 -0.0989392909767169 0.0665490400127145
0.261277824116467 0.300988962324751 -0.148175683118056 -0.442437768839697
0.233395320252684 0.00265719563171996 -0.186053570752039 -0.348483596116888
0.0578771189817765 -0.064278488082968 -0.371076960173042 0.0169297279168205
-0.0165112366423984 -0.0441193214652062 -0.0102752960514849 0.183297366448215
-0.00935492461916986 0.0485129898449733 0.0769531793111846 -0.0189137647626376
0.0946623267947737 0.0082516962050329 0.0185632703062505 -0.0980914007696067
0.0797758042413277 -0.0907825262505165 -0.0628222081091008 -0.123080019941396
0.0394419510617226 -0.105247934034353 -0.119252834030704 -0.0951839102075727
0.0388539506606164 -0.0777166546724657 -0.126398476874781 -0.0350560804442842
0.0447715574749406 -0.0246434051450637 -0.155988250434024 -0.0152308350539181
0.00211099095297376 0.0298776422639605 -0.101170555477809 -0.0909465545608052
-0.0873589784067309 -0.0157731318555344 -0.0661496559710102 0.0244062373501603
0.0329329781595182 -0.162209074411014 -0.194956124764641 -0.197932273441109
0.1780854295725 -0.116318730653076 0.163551992547926 -0.0961462667590693
0.375179418506643 0.166969164188011 -0.243559198434683 -0.0213920288431296
-0.246867555598074 -0.130369433481354 0.308036121292553 0.0969745126912836
-0.12162156759936 0.155561532663072 -0.0476061409226062 0.0514183312783683
0.0685367381541843 0.121122045196137 0.161574952276939 0.180776617788887
0.118804371246234 -0.078318431541974 0.0693765429808625 -0.0571765917505645
-0.0520143216346971 -0.12263757172164 0.0723693522435537 0.079515594135334
-0.124557692348219 -0.0182008588061564 0.131311312172932 0.0175239983886635
-0.0936248055625013 0.0642309334671032 0.105204268493349 0.0520581974740992
-0.0759979151900882 0.0750223952814296 0.106710112676394 0.127617369923007
-0.098558112857797 0.0440078902248636 0.0266076039088524 0.167942872962532
-0.116586993252272 -0.0291596878085275 -0.0723097413391061 0.106270483319947
-0.0224746669363304 -0.123141390011195 -0.101662293748451 -0.0327007308921547
0.103667215748466 -0.0297105078377063 0.0745273177700251 -0.201137680275998
0.0196222936310885 0.071499950463861 0.423505418477764 0.0244278619554268
-0.0638161944645038 0.107419722006638 0.209086791380846 0.45279431404578
-0.195729082246989 -0.100142182714296 0.150128707826786 0.562317673450336
-0.054826113858806 -0.0748836133873834 0.315456222470596 0.133620803531679
-0.0642649024885456 0.0882989305639172 -0.0122671118820303 0.0834113762089575
0.133617815005806 0.0946886742290982 0.188813618548545 0.186377898892711
0.140331482702375 -0.171713159754721 0.109256298879656 -0.111608619718484
-0.110922831967669 -0.201975410476337 0.0361002600058682 0.0309938221284327
-0.197045321425855 -0.0445797491301886 0.0906665418392845 0.00308350130314683
-0.139084609676583 0.0382641031213007 0.0632902314242195 0.0609587832465249
-0.103842011507719 0.0264815163979107 0.0675241722843249 0.151654101181576
-0.0970289664536401 -0.00965782871156406 -0.0177953086106264 0.188265514699691
-0.0950177911453745 -0.0550324893389675 -0.110745959873997 0.107247181255072
-0.0249627953546613 -0.151297079389335 -0.124146797770794 -0.0445026715737236
0.177386464794673 -0.078655849512266 0.0642103815439377 -0.211359962499706
0.0664324208746727 0.129325797604832 0.382844095311835 -0.00151835669515439
0.0539118812404456 0.152601392106181 0.282703987107236 0.425601402915829
-0.100220322114026 0.105559297205621 0.165574196016776 0.59130957937996
0.157908389283668 0.0210477849204167 0.238661419417759 0.13729666562265
0.0653210523142987 -0.0345871150125614 -0.0655812603536962 0.134254283315937
0.133065935517422 0.0330959487615564 0.206276670804693 0.251144713143273
0.138878430172188 -0.233368054473631 0.189208143123457 -0.148706023506134
-0.154265214616573 -0.2489836951792 -0.000357862366687562 -0.0524604646208373
-0.237348232659619 -0.062732303883102 0.0184982552645564 -0.0209182345902184
-0.160127988635028 0.00882403285690844 0.00278197022460896 0.0628094812985619
-0.116925029076872 -0.0262037833549175 0.0201664711155166 0.152222979865607
-0.0866337172423217 -0.0653324172602071 -0.0491235038166495 0.182500213918684
-0.0634101292654317 -0.0875294552423265 -0.12337169080871 0.10494927036139
-0.0064554180070509 -0.173057243578312 -0.141730705375127 -0.022324528428463
0.236136264441919 -0.120997138993073 -0.013649438582426 -0.213084971266089
0.149180384825797 0.184988223194364 0.305990364535461 -0.0956025209037212
0.11699506572624 0.185881876973016 0.379050948616959 0.289537459667336
0.0212523876111076 0.262250935119817 0.198586495936719 0.552148608429005
0.310410316105118 0.165406195392439 0.104210919769325 0.0938582679341249
0.244111617803205 -0.0704569805730152 -0.158911084649567 0.145435911567699
0.16137968436278 -0.063512347528155 0.15380496969313 0.318869983457483
0.117518398879851 -0.274184467753908 0.261559214422537 -0.122695497370916
-0.175362963516803 -0.256278766163307 -0.00673825316396115 -0.13825208727816
-0.225385594460823 -0.0692511453467082 -0.0556658577919261 -0.0536533427944285
-0.145376355887985 -0.0283334814291169 -0.0616099802125307 0.0534368710572771
-0.110546421947217 -0.0743079228383248 -0.0286832336208122 0.127949990991335
-0.0757714865725541 -0.111514257760421 -0.0699411685624024 0.147830057126044
-0.0404967115212879 -0.11835003809714 -0.120450788201723 0.0908859981318379
0.00613090656980465 -0.19921036848168 -0.143170434827244 0.00935286919020313
0.267046388163394 -0.158964147207436 -0.113703172972187 -0.179549453697557
0.238765537022122 0.169452732618305 0.183473271828964 -0.221332711942972
0.183501709487006 0.205395942989386 0.447259740851513 0.103380692130631
0.157750652183505 0.349213614893824 0.212910353636075 0.454679339177588
0.365799892885075 0.316903936231735 -0.0335378155475771 -0.00156777590942708
0.369523076764745 0.0102694016493504 -0.245343562302519 0.0959285541710169
0.231543811583771 -0.111505355779677 0.0314298094892389 0.344660501752605
0.109726179079959 -0.285911726840811 0.284988163328163 -0.039619304590325
-0.165149479833583 -0.22679619072019 0.0159002106224159 -0.185498516931753
-0.16150422308389 -0.0614817329485031 -0.103049565075754 -0.0881657792776485
-0.0968817658518319 -0.0637728538722944 -0.108517868060585 0.0261863354298128
-0.0876621675671267 -0.110109332731692 -0.0720475992223967 0.0832795232352781
-0.0631771019255143 -0.133896509646181 -0.0875261853625521 0.0960267699528995
-0.0334252196898107 -0.129612393899502 -0.112139404562574 0.0625516647217166
-0.00176280244639042 -0.207880761187763 -0.124259125579192 0.0207145680888454
0.241332750171031 -0.184980436893339 -0.171586573152907 -0.110228272041561
0.276650948990094 0.0716901014639371 0.0212048292397033 -0.299667305084436
0.260009116280996 0.173851671470006 0.451635974636792 -0.0716190436974049
0.290638107516562 0.361249367702067 0.168678585330124 0.321677234612455
0.346489127282167 0.413681899511682 -0.127823375656425 -0.141717263374767
0.404315904309377 0.106158101319576 -0.278629986555298 -0.0191782715617635
0.255083133594791 -0.109497353435733 -0.12856439017638 0.293529356254283
0.0969234381857513 -0.238067850430415 0.238798672370192 0.0648252653807979
-0.120347946791201 -0.151641028654103 0.0453380906320465 -0.172733752980735
-0.0637912677332181 -0.0406745404962821 -0.100533345159841 -0.107149957829701
-0.0291386150925487 -0.0928955045546186 -0.123743521248297 -0.0163170083033493
-0.0509868181808049 -0.12815600703903 -0.105746403226043 0.0244639883407696
-0.0439819998792768 -0.130632879530136 -0.106120704124427 0.0417833372401226
-0.0313455326298963 -0.110788297754443 -0.116828460166788 0.0249346339194348
-0.0226971898894615 -0.172420573452653 -0.104084328755485 -0.00467535608368712
0.145757103761457 -0.170593710470002 -0.155628952503932 -0.0401214038010487
0.23282800592899 -0.0663223476412006 -0.122337817070196 -0.290551833944
0.297970844084859 0.0855038459837427 0.384456232900028 -0.172748950860154
0.388881055657389 0.314274652047763 0.0570281331795269 0.18290854323626
0.304937311742393 0.414033504331853 -0.160621947989473 -0.297965925941583
0.362426094339294 0.103685160986743 -0.244818628709398 -0.181469384063606
0.178262845377485 -0.0951191174270133 -0.276617720146864 0.162172715566868
0.0499079041555115 -0.138829926745104 0.122413249819199 0.144918890456044
-0.0600565546323708 -0.0459391172319418 0.0648612318732652 -0.10434146814142
0.0331082425016018 -0.0152309140352515 -0.0533929879616744 -0.106498281007409
0.0350237285739129 -0.102608193125492 -0.105454109804814 -0.0687983223652589
-0.00756652683081542 -0.126588517426913 -0.122923926797297 -0.037443591777706
-0.0107964093187786 -0.107323565879163 -0.122908797449009 -0.00349444913019382
-0.00954968760720611 -0.0695566972336915 -0.13722595555937 -0.00394189146691282
-0.0269692881675414 -0.0849470507622598 -0.0989037104422721 -0.0535926398232313
0.0156587158360027 -0.10590066200505 -0.101071434297093 0.00361641975201073
0.141198871361034 -0.158700700898757 -0.194640391203222 -0.236667680348594
0.25875636646404 -0.0248759007761539 0.278178450319765 -0.168168326877825
0.42465347092783 0.235157163084968 -0.0970327077621518 0.0680299709823357
0.263762221428902 0.296018983014363 -0.15091539214115 -0.439061784883955
0.232584726024269 0.00078863283004531 -0.188392694188854 -0.343986649029242
0.0572433975751983 -0.0645452108636547 -0.372544128283099 0.018868125558942
-0.016556025745971 -0.0442533989977873 -0.00917659558574329 0.183489419854911
-0.0086591862423104 0.0485958387186823 0.0755514712656813 -0.0191911296756841
0.0937297131416538 0.00753355398750132 0.0166728797789197 -0.0983209475209692
0.0771069574295905 -0.0906907862221778 -0.065202818588781 -0.12117191335786
0.0379149083152771 -0.105883466929493 -0.121065468719707 -0.093502553248069
0.0376735921074109 -0.07793113846445 -0.127052714798899 -0.0329712194736633
0.044752965703288 -0.0256664011932087 -0.15561229981686 -0.0138211851979423
0.00241559844230781 0.0297825549569884 -0.102810094883298 -0.0896779775632734
-0.087592763410915 -0.0140217352798278 -0.0654247616039623 0.0258114671079125
0.0310764452792793 -0.162560297075308 -0.196777215787171 -0.193776445086337
0.176780822609732 -0.118229568034177 0.160661907578879 -0.0991408912735388
0.377034124018246 0.16149864443809 -0.24367336099759 -0.0182477748507896
-0.247496860011605 -0.127481406985983 0.30719482136668 0.0941588734104133
-0.11908908800733 0.155920679576491 -0.0465010410374409 0.0515784388168294
0.0693319645841962 0.119350573093966 0.163508603325105 0.178604567536744
0.117702918559296 -0.0794287721792415 0.0686742013794115 -0.0586071707765174
-0.0528437652655582 -0.121938107188628 0.0733295743444688 0.0783474380052295
-0.124741444937338 -0.0164649983172818 0.131073814736305 0.0162267696415444
-0.0918866748423268 0.0653453268060396 0.106088954546654 0.0505172543306962
-0.0748167540212321 0.0746327515169558 0.108614229452085 0.12539348726021
-0.0971818839449259 0.0443550377492807 0.0288875150961215 0.166764622787857
-0.115778754876598 -0.0280294340155883 -0.0700499222804402 0.106469041928005
-0.0242745435762523 -0.122108927896588 -0.100753613740323 -0.0315329249024736
0.102479679208431 -0.0314003647325835 0.072361056317876 -0.200359981889395
0.0206640437702442 0.0709820784704516 0.421509024066686 0.0201336722967694
-0.0628455059466534 0.108431865629274 0.212115452994674 0.447590358886486
-0.195543895221775 -0.0973047102292762 0.154098777735152 0.557580436232381
-0.0553158404967614 -0.073614412966299 0.315227962030362 0.130841558056724
-0.0629605382903536 0.0880617384044986 -0.0115419440171838 0.0838143768475316
0.13512309480316 0.0923918519527846 0.190927814235394 0.183713292542827
0.138819527165756 -0.173664931257279 0.107730593425823 -0.111967080939631
-0.11334108702834 -0.200183505609884 0.0361580909110338 0.0311045058483593
-0.197306795807519 -0.0418165822110135 0.089983944826388 0.00105411322098726
-0.137332182023397 0.0389634150092567 0.064290059662489 0.0589900672166559
-0.102957607902705 0.0275922981260877 0.0697202270952712 0.150171715068982
-0.0968307860020308 -0.00805831209168757 -0.0144182709558305 0.188451817570809
-0.0970557333914769 -0.0530975885098189 -0.108217585884636 0.108074589443053
-0.0271052597336601 -0.150243400880825 -0.123736385109802 -0.042475146208574
0.175659268953338 -0.0812284006110103 0.061817143076921 -0.21054262813951
0.0668352829658876 0.127655035709393 0.380476993311293 -0.00588027848081617
0.0553420785338739 0.151352771104097 0.285693201066535 0.417955484763267
-0.0988003745092162 0.106688751307406 0.170876423197218 0.587133818797976
0.156634399334738 0.0189795304260234 0.238311373554715 0.134895002707868
0.0636887174510031 -0.0348490626459856 -0.0631795819249129 0.133916980093515
0.132938027871748 0.0313187117237807 0.208903815202075 0.248268870518849
0.135555575512495 -0.233449132744072 0.186852491660716 -0.151010145302176
-0.157194105884684 -0.245443854887016 -0.000895633316659423 -0.052158322542462
-0.237095766429747 -0.0590401581495608 0.0185801443510128 -0.0206792148359846
-0.159640006551928 0.0108143119251742 0.00333941087828287 0.0621564411455654
-0.116360566126446 -0.0242304754901823 0.022557826778662 0.150668821983116
-0.0883248825811408 -0.0636918888428445 -0.0453220512588154 0.181853600205052
-0.0636299587955676 -0.0863647018852114 -0.121678195949821 0.105180599206722
-0.00987746054102381 -0.171888757801127 -0.140819822020536 -0.0203817839628987
0.233576449152607 -0.122696731490815 -0.0157471474387275 -0.212002830957574
0.150427017589694 0.183508462409142 0.303375727764402 -0.0983049264393259
0.11762091056342 0.183533883111301 0.379777604876821 0.286177409966754
0.023138076979321 0.260692100739899 0.202957957776118 0.545872977836072
0.310627151599476 0.161013975583985 0.105216666876762 0.0925429402985372
0.242238246333802 -0.0720313232848918 -0.156158598021099 0.146742425855256
0.159321788743245 -0.0645381143737783 0.156674110426311 0.317871642649931
0.115297176663513 -0.274839445251673 0.258309987342579 -0.125187941660955
-0.177213193084536 -0.254117363591093 -0.0080802506524028 -0.137320208724445
-0.225251462471961 -0.0655682389234634 -0.0561400764684863 -0.0534708499740441
-0.144894031324229 -0.0258826480416509 -0.0606681474482972 0.0529444675853746
-0.111267293620654 -0.0713269083675623 -0.0255112298220429 0.127508010679422
-0.0777805329366992 -0.108280085001466 -0.0673357096514108 0.148588232214036
-0.0414189860495653 -0.116654679002931 -0.118336279257789 0.0918831356666957
0.00417937648030943 -0.198085936331422 -0.142306543681352 0.0104737361724949
0.264068127845322 -0.162561941798299 -0.114804461095331 -0.177346243906411
0.239990046365974 0.165878568459413 0.179283743755891 -0.221970581034183
0.184216731436857 0.203326971389455 0.445818891635194 0.0996361822175891
0.159875697907513 0.345493475582225 0.216137954277443 0.449933053360665
0.367244246168195 0.311065857928239 -0.0329765643610848 -0.0023600762756484
0.367701528486263 0.00675681930705571 -0.241262779217882 0.0982923400863778
0.228628864143394 -0.113835255902446 0.0352042581007984 0.342210161513685
0.107119089145157 -0.286241300809911 0.283412343041287 -0.0422101966005652
-0.167248008045468 -0.223517984382761 0.0128162102236687 -0.183669506305611
-0.161481606181254 -0.0592040855863612 -0.103019751085065 -0.0860641467385112
-0.0970510738267684 -0.0619469062060024 -0.107401788671959 0.0279376507444861
-0.0890670092380684 -0.108046536794423 -0.0696234413502632 0.0835914201604695
-0.0654400100308276 -0.132049002309804 -0.0854157524385583 0.0967876711598311
-0.0364243527475652 -0.127743331735204 -0.111354483359496 0.0632324159142836
-0.00478357853583265 -0.207030439952491 -0.123991090740983 0.0222505183007428
0.238489626381823 -0.188284682629441 -0.172185306172484 -0.107185508463906
0.276541837799291 0.0675525429257866 0.0173208953354576 -0.297733718912971
0.261102438693222 0.170581459064916 0.447358165521476 -0.0772434114202426
0.292148421557064 0.355454703071016 0.171238631762979 0.31790391377645
0.346590540629042 0.407948845484583 -0.12899050444462 -0.139420592379868
0.404401346635947 0.100534788128368 -0.277672704906672 -0.017484701579735
0.252836912992078 -0.113262764549284 -0.126949549274039 0.294388632811666
0.0942907019744049 -0.238501189290938 0.237864747061288 0.0629311708511553
-0.121749063270269 -0.149399321036266 0.042743714106634 -0.172486948492781
-0.0642398443930598 -0.0405147922766155 -0.10116485001769 -0.104566043547605
-0.0302268587036335 -0.0911530558493669 -0.12383967864063 -0.0150342546984078
-0.0522056976116048 -0.12560465365716 -0.105305939018376 0.0261427892812918
-0.0450322616735699 -0.129084425512508 -0.105566843405055 0.0427688190783653
-0.0334204850056809 -0.110507822576177 -0.116839225947838 0.0261809338292447
-0.0250031675780618 -0.171120421639418 -0.10350624398384 -0.00414089251405484
0.143595521946113 -0.172093380453596 -0.155149306476154 -0.0373557121147098
0.23284989728515 -0.0683045619816781 -0.125602349074067 -0.284755611515449
0.298132670318999 0.0813844678368459 0.378997445852789 -0.176986516390404
0.390205613417091 0.308948726281823 0.0582287345948115 0.181757953616368
0.307610359087379 0.407526808652006 -0.163507384143877 -0.294628929599052
0.361693343829968 0.0996868094739653 -0.244676581236247 -0.177595461903327
0.176642473637967 -0.0965305227727915 -0.273730758212513 0.164007119173117
0.0483311041062012 -0.1390523907807 0.123119919259126 0.143303691549796
-0.0606185793150165 -0.045751972504475 0.0638312913603495 -0.103202674105414
0.032324306716484 -0.0154356074831007 -0.0539116434290364 -0.105495373885128
0.0336344105859969 -0.103097739100091 -0.105764197158399 -0.0668455910471211
-0.00806030645612604 -0.125420961732115 -0.123660536413711 -0.0362713194546583
-0.0118691970717782 -0.106753340366229 -0.123486405835134 -0.0012539268791507
-0.0102631481650565 -0.0692879869329377 -0.137285792116626 -0.00217952381832048
-0.0276825318976299 -0.0844425059260073 -0.0990694809736694 -0.0521744429881065
0.013961736592516 -0.106321849478479 -0.100020668669727 0.00514350096250735
0.138474863577138 -0.159414758993317 -0.19668898136754 -0.232266273741763
0.258336471881043 -0.0268528692542015 0.274764431371824 -0.170144601952886
0.425284749137568 0.230193730133533 -0.096901750520941 0.0687760441519172
0.265316130692288 0.291770284509825 -0.153465707603958 -0.435587688723344
0.231321629447964 -0.0020223506773022 -0.192128288419387 -0.341674504080737
0.0564868198587645 -0.0651763678147659 -0.369583557785433 0.0224866522807605
-0.016934131560989 -0.0435746292945575 -0.00802999655143076 0.182271058937972
-0.0082615058854381 0.0491128822519884 0.074930121544501 -0.0202150330531631
0.0941707408826664 0.00695260020803935 0.014674332371699 -0.0975497135076288
0.0764689708182431 -0.0913495309663611 -0.0660787922081217 -0.119894033353093
0.0368090177809258 -0.104951522217037 -0.122281561854734 -0.0911774000255928
0.0365368555192435 -0.0780346152251919 -0.126889137518783 -0.0311613841339671
0.0444022237760125 -0.0251050948810905 -0.15535964115785 -0.01088713919215
0.00245811623248915 0.0292843676550231 -0.102325076940091 -0.0877827840864684
-0.0871888812569973 -0.0134125383512033 -0.0645123269215303 0.026656035287295
0.0304586299417885 -0.162877366045287 -0.198265434476006 -0.190591107268408
0.174396249808234 -0.119778742365774 0.159266735921152 -0.0996532913567143
0.375452612654555 0.157546562639792 -0.243091998747782 -0.0160654414170994
-0.247811227964665 -0.124104661511368 0.305707956075048 0.0911217535488747
-0.116732955760057 0.156501783065613 -0.0465606799734627 0.0523850967849194
0.0699588497755059 0.117443177063776 0.164640259483338 0.175387660779433
0.11542673048125 -0.0800504419493342 0.0669007038787021 -0.0586643412803372
-0.0534128108477243 -0.120331743850648 0.0739341243282288 0.0772857466648897
-0.123574455293174 -0.0148229728833945 0.129934472572219 0.0143854256177955
-0.0909438185471832 0.0656158090991316 0.106236859506092 0.0475721291551699
-0.0731578101996725 0.0752579906993407 0.109960274086442 0.1225934504157
-0.0962780392490726 0.0452758788869213 0.0309436991249248 0.165425956533452
-0.115673474871286 -0.025828252466309 -0.0688660420341432 0.106983420939064
-0.0254340707397686 -0.121077276755841 -0.0999328057367562 -0.0310280658696338
0.101036502974087 -0.0318963098829383 0.0697700524264154 -0.200126454883233
0.0212551378576226 0.0704658603087073 0.419301376238683 0.0162466541086866
-0.0609346410811746 0.108576781017801 0.214662324163527 0.443632400064578
-0.196340055134998 -0.0953985363663236 0.158323525930921 0.553884235688522
-0.0560495029415059 -0.0723051258053531 0.315219898717136 0.125922333892491
-0.0613258421249088 0.0882799285569441 -0.0104010051795487 0.0829140564659016
0.133850458229031 0.0902528428148369 0.191933161715291 0.180730523431518
0.135442916290275 -0.173801553512174 0.105472298348805 -0.112799805673822
-0.11441681580203 -0.198653748787983 0.0359936397832049 0.0307733455628762
-0.196507775884448 -0.0392790619395198 0.0897797661262974 0.000765689656433265
-0.136707076103758 0.0407957912508653 0.0646978175806207 0.0580666354327355
-0.102105629888089 0.028599034787251 0.0714451047672901 0.148149183053104
-0.0967437834820228 -0.0067431695811156 -0.011234710628756 0.186259263129
-0.0978865765289214 -0.0518784056262082 -0.106023065901944 0.107607999103279
-0.0285874436514186 -0.149241191038993 -0.122895172243683 -0.0408293918451192
0.173401914349468 -0.0823546160104817 0.0595873228683942 -0.20835946902646
0.0686604572451159 0.125794888994692 0.378038754081713 -0.00893398317136561
0.0561801972290608 0.150084469256832 0.28766717869432 0.412062229180181
-0.0984973918132051 0.107279676417694 0.174930807883262 0.582645076452712
0.155757928721575 0.018064476455338 0.23830726625264 0.131361129059399
0.0630847961685383 -0.0352022329438945 -0.0621514479775985 0.133920352666049
0.13270740947948 0.0295030132242167 0.210613465426117 0.243688557251316
0.131031563251445 -0.234532512649377 0.183015556424873 -0.151987379743347
-0.159716067990556 -0.242514806032916 -0.00155636863267329 -0.0512918349070354
-0.236309941722714 -0.0557233855711266 0.0184449495942486 -0.0213053569603648
-0.158207747869141 0.0118209305430797 0.00459794089183859 0.0618702307122794
-0.115239633003332 -0.022867306198082 0.0246090585214239 0.148814374379792
-0.0888611635217272 -0.0623671871496864 -0.0422761587651448 0.181421343141427
-0.065473557025799 -0.0856732976067599 -0.119540268836829 0.105907927527231
-0.01201075037851 -0.171719181163979 -0.139715184403209 -0.018592252256246
0.23089995276604 -0.125400924243511 -0.0170975422968543 -0.2095362109986
0.151556215019545 0.180700718111862 0.299803896649483 -0.100389704411582
0.120311261209429 0.181389591939198 0.380189000813535 0.279869847721505
0.0243732125889432 0.258993325359467 0.207982042042801 0.541075096385408
0.30977772782642 0.157205466118737 0.105005552424545 0.0896541898772201
0.239866512922992 -0.0742427464781346 -0.153767524426673 0.147242266826021
0.158877361201462 -0.0665821198532909 0.158938061177643 0.314036534160948
0.111138607178013 -0.274837037326171 0.254553603161643 -0.128537808714377
-0.179220135358947 -0.24965646402546 -0.010119084428528 -0.13466748753026
-0.22522580471869 -0.0629457562922292 -0.0559348056615286 -0.0516898841610703
-0.145284704447177 -0.0225755097452642 -0.0586599137420857 0.0535199106606519
-0.111716759272558 -0.0701156030959397 -0.0248482799884015 0.127282402292588
-0.0776876119303087 -0.106563145541046 -0.0644014010079747 0.147611973895925
-0.0423694493585462 -0.115886989057233 -0.116935830871018 0.0927187030808924
0.00149946905616147 -0.196817929274138 -0.140936890870857 0.0120904385178453
0.260040667678371 -0.164752483781077 -0.116637070837514 -0.174118327263431
0.240218669352227 0.164496189807089 0.177212428260771 -0.221460248609001
0.186303422148371 0.200411297222867 0.443351199008255 0.0943056512367603
0.163487062403382 0.341412171430647 0.219099653140545 0.444720496564155
0.366290437790418 0.30506762355274 -0.0329718603040391 -0.00163169100895913
0.365261669550243 0.00238714851137926 -0.238257543364799 0.0992374951374995
0.227395869560111 -0.116200390645818 0.0394131430987607 0.340294232076561
0.103418283216665 -0.285896469521772 0.280692382048544 -0.0453191351026711
-0.16898449050244 -0.221119070713391 0.010581958010955 -0.182487167021964
-0.161213601543053 -0.0568901840803314 -0.103020364305478 -0.0833515222470141
-0.0982880788044606 -0.0604287792237242 -0.106813431070586 0.0282695524729812
-0.089528491951671 -0.106031519860063 -0.0698556802086161 0.0836980657267866
-0.0665768709248435 -0.129440732808399 -0.0837525303189704 0.096767000538736
-0.0377741650653319 -0.127760445169778 -0.110067048260157 0.0632624260284848
-0.0075220292264327 -0.205864935338428 -0.122244012079464 0.0231497527286426
0.234443567108485 -0.190175525585515 -0.171340309920456 -0.104518951266797
0.276425757787512 0.0649335924758582 0.0140155032279649 -0.294974695697577
0.261615034123595 0.1665436661562 0.443208809148589 -0.0810563986197878
0.29311060667606 0.35119319021258 0.17257979920726 0.314792777970646
0.350521931778331 0.405029251779082 -0.129242906368205 -0.138068906091251
0.403631910617581 0.0961589086666709 -0.275247522548205 -0.0149500520483193
0.251254222840478 -0.115052703366082 -0.123863738572136 0.294187248692996
0.0901373941311521 -0.237186364261839 0.23666431407144 0.0592219722770275
-0.123522551002331 -0.147318552440752 0.0402675274383764 -0.170567840913421
-0.0650143718852278 -0.0391582335612046 -0.102006604168623 -0.103102886931352
-0.0315929654040841 -0.0913492164373947 -0.123082416684867 -0.0124046342935456
-0.0534582426479039 -0.124500763650572 -0.104182609312965 0.0270154502895313
-0.0466814624696805 -0.127548275322631 -0.104208733814066 0.0436293663464854
-0.0353536274909162 -0.108186642006824 -0.115270387900022 0.0276850459449212
-0.0263742327855045 -0.170730791659542 -0.102859252867674 -0.00285826044140074
0.140622015126911 -0.172130762306547 -0.15387458172692 -0.0353271547197143
0.231586194717024 -0.0690078044730457 -0.129067263142798 -0.281262823177733
0.2966357310051 0.0785284428647698 0.375881639789442 -0.179633646456979
0.391105923221034 0.301726443700055 0.060221886924543 0.180649183376728
0.309683046687225 0.404247050916445 -0.163730453659854 -0.291285040248776
0.360418960319542 0.0962428374460766 -0.244291118900327 -0.173942515956027
0.174706618756586 -0.0971950196979879 -0.269242171627962 0.165646322885222
0.0470497724013484 -0.13907024286965 0.122322804969982 0.139559967955325
-0.0612885676834536 -0.0449468985308712 0.0617998375446457 -0.103653830329614
0.0313704120944896 -0.015269334776348 -0.0550516134613723 -0.104174030446897
0.031780614076876 -0.102655262349796 -0.106103424094985 -0.0646930164494962
-0.00980229300509684 -0.124653023853733 -0.123714161786061 -0.0339047698621821
-0.0133916011301326 -0.105548682192892 -0.121598573773479 -0.000536042749105935
-0.0113881403459185 -0.0685838700596112 -0.136130875216004 9.84080254768957E-05
-0.028573302688587 -0.0833552631648303 -0.0984982331148702 -0.0509100875780687
0.0123761523419174 -0.105089043898963 -0.0994489103622161 0.00701100182912548
0.136084814793768 -0.161110382927331 -0.198354089688699 -0.228528419213106
0.256251007856631 -0.0298189540578227 0.271958098573604 -0.172956891341671
0.425378329893716 0.224475093659696 -0.0947191198390433 0.0696400524151948
0.265952817523661 0.288803958768777 -0.15641558644158 -0.433459631494331
0.23089527908986 -0.00378270097321605 -0.192582792522194 -0.337770964469982
0.056033224788114 -0.0649773260500687 -0.364393456593892 0.0283012149974237
-0.016909068888731 -0.0428613264572034 -0.00586463337003759 0.180469604868354
-0.00783205003609014 0.0483348394001688 0.0738155815406886 -0.0199914770463465
0.0934775279012269 0.00530727591460833 0.0151889874669981 -0.0967156547110953
0.0743892045812118 -0.092486495009023 -0.0675705354229569 -0.118796473629757
0.0347004876638802 -0.10437971135416 -0.122835519129127 -0.0893659841071503
0.0352593036781365 -0.0779912922779311 -0.12652369537337 -0.0288696863964592
0.0423068849240559 -0.0259157492214953 -0.154289857594034 -0.00952519111185259
0.0028585368502423 0.0294597706871524 -0.103254428124366 -0.0853937255787023
-0.086088923515818 -0.0121017767471273 -0.0638152984240213 0.027703519657995
0.0286803602564816 -0.162699645472606 -0.199685125306636 -0.187312609489902
0.171311131138354 -0.120755916837648 0.157847610677162 -0.10134140742639
0.374052984962338 0.152100249088691 -0.241150146032981 -0.0140868970912648
-0.247433028160457 -0.1210659292001 0.304424753607149 0.086219837385145
-0.11469151158198 0.155353996300243 -0.0445016429132832 0.0521818617931363
0.0712129467807239 0.116537387994327 0.165270275351974 0.172963766673771
0.113597268140793 -0.0810124073797445 0.066442510593324 -0.0592613236110697
-0.0548505454767457 -0.11892115103374 0.0738380512571552 0.0767067367377715
-0.122496114557523 -0.0135974085497986 0.129321262992784 0.0139645969411649
-0.0889562820571585 0.0658745708218814 0.106339981297777 0.0472750065199811
-0.0720407886282144 0.0755711927394167 0.110726697205381 0.119839034264551
-0.0944207568895064 0.0458645646374001 0.0328415821670938 0.164328673626634
-0.115428843189247 -0.0245419126608023 -0.0667277328184471 0.106273858081776
-0.0268767812498383 -0.119849276943596 -0.0992834257257708 -0.0291587971266124
0.100046256059126 -0.0330522843786873 0.0670668907468993 -0.199104948221911
0.0224310567312197 0.0690686084701785 0.415618508640137 0.0120458341768876
-0.059848285136395 0.108049374159677 0.216591545593241 0.437952840937421
-0.195864706649953 -0.0913296129587531 0.162282073660452 0.54712538582126
-0.0567522627036153 -0.0712472785791016 0.313224858022677 0.121635744053537
-0.0593219815465712 0.0884212653358096 -0.00931332072727591 0.0827307714467889
0.134503191629428 0.0889575188646602 0.19367928048448 0.178177547515513
0.131960497196332 -0.174453776473634 0.103041111840926 -0.113277017212715
-0.115818809486512 -0.195225565318668 0.0362407180123578 0.0305609762553051
-0.195231880589131 -0.0374179170857189 0.0893509301989442 0.000620088213446476
-0.135328482178107 0.0419581378228341 0.065812398187505 0.0576791675578813
-0.101487489636361 0.029204557228684 0.0728283890003663 0.145821268911269
-0.0971031341153744 -0.00582742901232733 -0.00923173817281978 0.184377370468367
-0.0968111985323734 -0.0492182979624237 -0.104650051520956 0.10804828742409
-0.0302769807164753 -0.14749389695441 -0.121818377731767 -0.0387616899378833
0.171726330007787 -0.0838892715981196 0.0568886640120293 -0.207897837388161
0.0694842535454106 0.124937004899656 0.375381245477585 -0.0123573150482447
0.0578143053035499 0.148084439094392 0.289984502456046 0.40653441390416
-0.0962004777459576 0.106761290231497 0.179500870997785 0.576251994150053
0.15420154513117 0.0161510225922356 0.237849243748992 0.128062240603595
0.0621778169069659 -0.0353333874172426 -0.0597108406811502 0.133352616846158
0.13248838384566 0.0281582015461774 0.211532400921655 0.240735866209397
0.128145952557274 -0.234649192361412 0.180219711988502 -0.153170686205075
-0.159731003487842 -0.239228587172831 -0.00173094088774383 -0.0509256158156537
-0.236131276192373 -0.0530339889387112 0.0183631881892408 -0.0212652096751637
-0.157148440032896 0.013449818024462 0.00550327839003794 0.0610085323529594
-0.115116253234733 -0.0207537325036951 0.0264523556415314 0.147105153375216
-0.0890322937512001 -0.0605165682804745 -0.039687514843439 0.180674482585958
-0.0660415237926359 -0.0845916813185519 -0.11787517221587 0.10552334258038
-0.0136106916863406 -0.169439272678759 -0.138459022305385 -0.0172203362305457
0.225937815709802 -0.126709815928828 -0.0190175516877391 -0.207482892009598
0.151737191322974 0.177519988889018 0.297100294474723 -0.101768112486548
0.120655669698159 0.179131074718932 0.378479100346238 0.273983422913289
0.0280315771967151 0.257128690919395 0.21295762359756 0.535634755494175
0.307757985468997 0.151527738861181 0.105406910966737 0.0889360580907747
0.236837945693423 -0.0751538212841455 -0.150748435009556 0.146421382201746
0.157423156979652 -0.0668129917486284 0.161176837682977 0.308367526202903
0.107256979088437 -0.273660325586543 0.251313383480076 -0.129336075089185
-0.181676456487244 -0.246976383104574 -0.0111658057567726 -0.133471358930098
-0.224209809385387 -0.059395873692615 -0.0565826634335433 -0.0498612471829954
-0.144553567795322 -0.0216062644558055 -0.0568970156440653 0.0538490450578777
-0.111929809539184 -0.0683679292595324 -0.0226651850663273 0.126187657771818
-0.0791767261892484 -0.104586992906233 -0.062296489524944 0.147952878473031
-0.0440785046959807 -0.114386254389233 -0.115629584932038 0.0927240746210614
-0.00100492535455528 -0.19613335105835 -0.138841227341769 0.01325798205981
0.256845982816764 -0.166430378144479 -0.11667991810533 -0.172031084671524
0.240245150810258 0.16062709560131 0.173324654895877 -0.222164689415499
0.187202426666593 0.196917706715538 0.441526060541208 0.0892681820071101
0.164416880594996 0.336099372905605 0.221801005364552 0.438770350105179
0.367430553254418 0.302551788065318 -0.032352216217807 -0.00111984666664245
0.3628847745343 0.000380845068972136 -0.235492676561193 0.100669060521889
0.225188352142767 -0.117648239120213 0.0425481423114919 0.336954327343661
0.0991652344746038 -0.285168652155163 0.277432602338008 -0.0479294996139628
-0.170298844781954 -0.216806637995423 0.00958995977540286 -0.180219366027593
-0.160980520085619 -0.0543290150456176 -0.102664646741855 -0.0824581317054535
-0.0977459111404397 -0.0589720563356003 -0.105585269047638 0.0291495694294652
-0.0906704286680569 -0.104193277557988 -0.0686092472808025 0.0836657462927184
-0.0669630900415749 -0.128692249555636 -0.0827021392335836 0.0978135508133197
-0.0393780980460113 -0.125729443206291 -0.108819892454172 0.063743684643646
-0.0102797397957553 -0.203778983899572 -0.120073234411444 0.023918797857476
0.231475910313788 -0.190729885536825 -0.170406764313438 -0.101750772271411
0.27516128165821 0.0611967359031298 0.0114251305173959 -0.292707664650079
0.260801332707254 0.163389113192992 0.440073470234601 -0.085358940459173
0.294592707248389 0.345925937615289 0.175334496568362 0.309550626592235
0.349434165285833 0.399402753366772 -0.128827492326365 -0.136043850121904
0.400790193422241 0.0923929301866924 -0.273050830469416 -0.0114284485527306
0.24863794554363 -0.11628572665563 -0.1170986260387 0.290298578812414
0.0884238555426644 -0.236701658192112 0.236108460969199 0.0563544665342598
-0.124351648819852 -0.144581934281978 0.0380796653337861 -0.169994789768509
-0.0649095959773335 -0.0378925327660484 -0.101366902240679 -0.10089960397287
-0.0318048822170316 -0.0897187917432691 -0.122400464952688 -0.0114347198050757
-0.0548385850603943 -0.122302396301341 -0.104213250363987 0.0283303839275144
-0.0477684202916007 -0.125982290661768 -0.103978691168264 0.04440550717578
-0.0360868156277775 -0.10709187414133 -0.114691239901863 0.0283768829928141
-0.0296459203063083 -0.168261951349804 -0.101646637766656 -0.00210682367277231
0.136366673795882 -0.172417274577354 -0.153166005894624 -0.033682611678815
0.229566873204693 -0.0715143116651407 -0.130310783395669 -0.278767745965866
0.295673648219461 0.0751162001530673 0.371839535579698 -0.182059281220894
0.390962938699273 0.296094821287306 0.061498346968605 0.178339151534229
0.311640182694736 0.399622572699057 -0.165624925959004 -0.287302473148773
0.359010667137321 0.0920294966494817 -0.244167424641887 -0.170932326312604
0.172777586739859 -0.0984994856081572 -0.26715075972225 0.166496445414064
0.0452860034505205 -0.138329330584852 0.12324217627579 0.138141831209927
-0.0611470164169015 -0.0437896854935869 0.0589223708331063 -0.103328029011449
0.0314829142094976 -0.0158254127208842 -0.0557096277581472 -0.102246747982429
0.0299992818982695 -0.101677912090707 -0.106407262478058 -0.0636062549399555
-0.0118890143602003 -0.122578919384026 -0.123144736880088 -0.0317857262473889
-0.014026896302065 -0.103682084810175 -0.122257819116234 0.00189862152056703
-0.0121560283508519 -0.0673287819868238 -0.135049071588469 0.00164024053284405
-0.0300841446466402 -0.0822117227716788 -0.0987467199234263 -0.0493094654730573
0.0117004512871307 -0.104655206188579 -0.0980248109082492 0.00799158722776091
0.133956010755157 -0.16172485006668 -0.199906593556337 -0.224572826349806
0.253882796786936 -0.0315025941528365 0.267835468668286 -0.174703066674038
0.4244755189035 0.219562734626491 -0.0935076365847615 0.0697979900230088
0.267799001366828 0.285388426225533 -0.1592772769699 -0.425568889571387
0.228651006356569 -0.00660577781638743 -0.195382934774105 -0.333108897075786
0.0550465569854833 -0.0659873553544997 -0.362335203507391 0.0299475002738961
-0.0174503696957169 -0.0428384276177051 -0.00424720170976382 0.179466223082548
-0.00719723686502344 0.0479365671206413 0.0725242881666587 -0.0198749505236312
0.0923372867769289 0.00463621360685647 0.0136030590737718 -0.0968630511731308
0.0730793859256899 -0.0915482374218906 -0.0677483345237453 -0.116247522284606
0.033997920558577 -0.103953533811182 -0.123521907544026 -0.0863872542355233
0.034444024376194 -0.0782628953736512 -0.126811518906762 -0.0268034030819719
0.0422614587448575 -0.0257217222821335 -0.153324661515029 -0.00703784441027349
0.0034641476679071 0.0296284610925941 -0.103780002105902 -0.0838493870140438
-0.0861004744987118 -0.0109210254667779 -0.0629239928890818 0.0281895608112909
0.0254853237718117 -0.16144675851685 -0.201160961388352 -0.184219586104099
0.169911858567902 -0.121253138520717 0.155137315520771 -0.101566180053196
0.374846695010017 0.148518295570468 -0.239511003408365 -0.0117353248944769
-0.246581756743413 -0.118884971075434 0.302308152519679 0.0849992540838355
-0.113222342288239 0.155251071266611 -0.0440712050163593 0.0527159691008858
0.0716905596586105 0.114767054368439 0.166705540278093 0.170685211895045
0.112208716382876 -0.0814938984778693 0.0654095087145575 -0.059419588046325
-0.0552072281656007 -0.118008933959847 0.0738238280797184 0.0749714147683441
-0.12212493598345 -0.0115281745491379 0.128615136067211 0.0124116407138336
-0.0881524544638017 0.0661829001903899 0.106721010721249 0.0456244792490635
-0.071323075029022 0.0751527361802563 0.110977778817878 0.117136537467878
-0.0936240283295973 0.046526748322585 0.0335840924234658 0.161945353561434
-0.114694991305353 -0.0232823852962517 -0.0652197531014099 0.105587146491574
-0.0280327332824384 -0.118610582582432 -0.0982761956003784 -0.0279208747012029
0.0985159199235075 -0.033531523800349 0.0655400444524294 -0.197770518445219
0.0227588694135043 0.0686842837119424 0.412247518671618 0.00847375327192841
-0.0588484198164835 0.107374540913769 0.218289730222531 0.433343281355478
-0.194826396977593 -0.0900771680258374 0.164897472046326 0.542013004169717
-0.0565545480604106 -0.070599383577193 0.310308682252549 0.118685413289717
-0.0592548689001448 0.0873788049791604 -0.00841282278300256 0.0820162589089555
0.1345057942143 0.0872311020311086 0.193353310010907 0.174050322769741
0.128907087730848 -0.173969999740785 0.10118255307717 -0.113273287278441
-0.116078696721849 -0.193615608510057 0.0360348637872872 0.0300431116754776
-0.193808194098188 -0.0346999987142962 0.0878685323214262 -0.000827994132402839
-0.134004258785587 0.0430887958808467 0.0662641808856902 0.0560749711703773
-0.100283379373646 0.029554855045496 0.0742173257337338 0.143139032638163
-0.0959336832279677 -0.00470107533908598 -0.00715862908699595 0.183923213745137
-0.0969779591385351 -0.0488172742516583 -0.101760360037265 0.108171065820481
-0.0317999736919776 -0.146723469233737 -0.120803119411747 -0.0375854914172045
0.16838830775841 -0.0848475411534448 0.0550460377262625 -0.206636630002149
0.0708648727577972 0.123737154144111 0.372117389439395 -0.0139538304958555
0.0584968397779052 0.146289492113164 0.289643487512689 0.402463869675852
-0.0937794446419958 0.106462064233728 0.181791072656379 0.568854271524466
0.153386623986674 0.0155056241895214 0.23640974820821 0.125570915230859
0.0614808487178879 -0.0355748885840133 -0.0579510668808982 0.132933855986512
0.13118760036761 0.0267290541410532 0.212151252023757 0.236852766698291
0.12447335045465 -0.233457506147709 0.176317660887333 -0.153331472605465
-0.161849746427349 -0.235890280514213 -0.00231097046703066 -0.0498096414863708
-0.234597287467317 -0.0498483756893351 0.0176420248144784 -0.020443936836817
-0.155747604003311 0.0154292248866747 0.00692045136453252 0.0610209220654492
-0.11503352780427 -0.0203769442524098 0.0282385960236353 0.145962978147763
-0.0890292545468391 -0.0583379790629606 -0.0372882698203998 0.179126754967324
-0.066504160648127 -0.0824204941970618 -0.115610821734982 0.105884551637871
-0.0151599092672424 -0.169511285182212 -0.136869276198671 -0.015697844540632
0.224652422673759 -0.127881952795876 -0.0196131955505343 -0.204966029581103
0.153427742073518 0.174910045806084 0.294409466830929 -0.10356136732311
0.121392210202598 0.177142493080109 0.378280865953256 0.267901300551619
0.029148152399717 0.254097699133315 0.213647585991288 0.529455282036156
0.306011252706115 0.148858952035008 0.104712122856123 0.0874731884143648
0.234096975731239 -0.0767885251351555 -0.148409212711 0.14601969519636
0.155473999231905 -0.0673325654217885 0.162236472926688 0.303891580924327
0.103601322084509 -0.272231404891248 0.247733184170145 -0.130259872924843
-0.18248987563595 -0.242866153503056 -0.0117860118612305 -0.131936262965328
-0.223522211773571 -0.0571469060872529 -0.0561063082263972 -0.0491025900886587
-0.143091797320683 -0.0196369857868721 -0.0565564897170867 0.0537141227610353
-0.111509779365219 -0.066587033291346 -0.0205700745321481 0.124533377014814
-0.080018252389285 -0.102968450757582 -0.0599989856364774 0.147520930458753
-0.045618481701419 -0.113568964699072 -0.113138877746702 0.0928630873453672
-0.0030776749469469 -0.194843184670805 -0.13734245051966 0.0137956805683053
0.252977956360011 -0.167126690852845 -0.116825880628786 -0.169788974288285
0.23944278585031 0.156246515716125 0.169568337476929 -0.220491495045458
0.186708357253986 0.194059391803045 0.43752725287308 0.0856407316345708
0.165085727794864 0.33365498912747 0.222302551234627 0.435392489503141
0.365578400087068 0.294259339907075 -0.0322760747681791 -0.00107013328379889
0.358642701345444 -0.00384147388717308 -0.232743287272251 0.101572236045854
0.22185819085932 -0.11806390996835 0.0449122866512544 0.333128519796363
0.0959021542891067 -0.28402799557371 0.275105861651077 -0.0495058749804491
-0.171494425586223 -0.214215223302982 0.00668777602060879 -0.179083378891289
-0.160397195273935 -0.0524467651370502 -0.103165462332769 -0.0802374255113437
-0.0972884507948701 -0.0568038663097734 -0.10447071914791 0.0301094591210916
-0.0908555334999455 -0.101721956862657 -0.0661316246898128 0.0835495559690495
-0.068652251609906 -0.124896485530996 -0.0809328879785024 0.0976310223397606
-0.0400514133323371 -0.124615192696861 -0.107579645376756 0.0645550179687941
-0.0124106343718978 -0.202407866149839 -0.11884315948734 0.0252810472606636
0.227237989368569 -0.191018181866063 -0.169608059282708 -0.0992235166291671
0.272171630557154 0.0583708130782745 0.00825912478987166 -0.289447282733558
0.260880454895496 0.159960489618816 0.435138766783628 -0.0892043919648579
0.29542862536559 0.34081362309462 0.1760790392843 0.307328575373262
0.351237824251549 0.390362279513034 -0.128584840720765 -0.133234360135631
0.397606245348799 0.0874871308957487 -0.2709818499988 -0.00971382973504726
0.246033315569765 -0.117051922286322 -0.11378939846852 0.28923849764637
0.0858123608584636 -0.236772855267766 0.233996820644797 0.0546359487868026
-0.124618106162715 -0.142569607933968 0.0359560473943071 -0.168147619207417
-0.0648770341710774 -0.0370524212944403 -0.102161055783209 -0.0989658087869177
-0.0334358642099335 -0.0871277682226533 -0.121589265129511 -0.0106956721149741
-0.0561358711499741 -0.12139727918072 -0.103046115782093 0.0288119826614119
-0.0491697417791455 -0.123429452348342 -0.10251069131989 0.0451478168695264
-0.0363804228870353 -0.106141451908556 -0.113925039151713 0.0290486412747403
-0.0301892023793685 -0.167116587168938 -0.100809614514758 -0.00180561109245033
0.13482336345702 -0.173138311756755 -0.15077772515502 -0.0308608958036246
0.226044352094567 -0.0741786084901311 -0.131098454338748 -0.274825962588876
0.294932763213295 0.0727835432360418 0.367274464451715 -0.184460578393653
0.390989730235256 0.2920986644197 0.0626116639860479 0.176065327394127
0.311659132041614 0.39192672778281 -0.166578878440506 -0.283904706129031
0.356555063333524 0.0879044403791252 -0.243192147126028 -0.167401644623595
0.171278521257227 -0.0992865936247952 -0.262914138928299 0.166830166643222
0.0436471146855225 -0.137561195822054 0.123847525292562 0.135731173343044
-0.0612473712887453 -0.0426424124668102 0.057436524649939 -0.102359887527468
0.0300737421115857 -0.0160297768807156 -0.0570538839386736 -0.100864425736552
0.0283319313115631 -0.101747479944476 -0.106056767193403 -0.0616594932556545
-0.0122788563545908 -0.12172220978008 -0.122224961924852 -0.0305399446183979
-0.0149483622359808 -0.103452702371715 -0.121373867311222 0.00339765086194011
-0.0134426880801726 -0.066930301410758 -0.133989684017395 0.00232531409350087
-0.0301468752637237 -0.0817203181716788 -0.0985475006647045 -0.0486139663229163
0.0107192084366039 -0.104051249176231 -0.096692002529364 0.00891848388398484
0.131468096029769 -0.161071362114336 -0.200534432028361 -0.220389823114544
0.251744211242687 -0.0329501123506938 0.264786560633876 -0.175497527729961
0.422034904642302 0.212856190560481 -0.0917328745653001 0.0693312381891294
0.26687612632729 0.278626724523996 -0.160078918451948 -0.421259660762681
0.22654701929609 -0.00737231030973829 -0.19570023976621 -0.328739187642937
0.0534598391177992 -0.0658535897591225 -0.361383002236073 0.0314466477798998
-0.0177502550766946 -0.0423756386013949 -0.00321702094750408 0.177842560521322
-0.00713076121020657 0.0476029318082735 0.0704944851121667 -0.0204679189882622
0.0914437622951972 0.00315869602075376 0.0115319927481096 -0.0955134882039663
0.0705636958527701 -0.0908753299093791 -0.0694818078266524 -0.11385534780797
0.0319827344326421 -0.104193181372912 -0.124815340886122 -0.0838309498990348
0.0331381113059386 -0.0773110634626931 -0.126121940118048 -0.0257869768449071
0.0418401639900223 -0.0261830712599037 -0.1528948281576 -0.00599363947444683
0.00383046543236354 0.0291901572936439 -0.103738949183392 -0.0827646180665526
-0.0853513735887448 -0.00982525670760918 -0.0621123600345632 0.0291772239833245
0.0240124420859787 -0.159596145874754 -0.200519799529057 -0.1793117942088
0.167546323217691 -0.12202654252029 0.152419272950865 -0.102144264615913
0.372113163332136 0.14470539227587 -0.237012824250702 -0.00995609949029101
-0.245654774818051 -0.115342510071536 0.299790648152076 0.0835495919598889
-0.110215609833123 0.154130167618461 -0.0429125840994821 0.052936321330629
0.0722230164337868 0.113602497340505 0.166681087162871 0.167912687525559
0.110269746990974 -0.0817503829568928 0.063995725792401 -0.0598346468914287
-0.0557979239358786 -0.117648915436946 0.0738450567138312 0.0743365902874274
-0.120607554250909 -0.0107271331217043 0.127865219621987 0.0123142356695765
-0.0867027213830286 0.0656589533947905 0.106251804142332 0.0441877738459647
-0.0696485215813095 0.075370196756732 0.111567316920061 0.115533092850033
-0.0938649374480583 0.0471704217780803 0.03641214945364 0.160118962946107
-0.113553685311143 -0.0216898133990996 -0.0630671511431362 0.104642981380473
-0.0286390634252681 -0.117349824679247 -0.0972600969613063 -0.0274654743217302
0.0983599839260501 -0.0339724434895569 0.0637693520730879 -0.195899539698753
0.0231114708466167 0.0679700126136015 0.408905636922425 0.00562071108585651
-0.0572688260180584 0.107027654066453 0.218358163511615 0.426451256433265
-0.19362654108608 -0.0884655409128911 0.168147640956221 0.536059562952071
-0.0566082049949114 -0.0697122085894352 0.309423524418664 0.11596101496762
-0.0575413271887847 0.0876400936349629 -0.00749066307855063 0.0819878639306555
0.133642353473261 0.0858073704305026 0.192867621680924 0.17257853631282
0.127518583766173 -0.173825465087038 0.0988006041417849 -0.113249894840983
-0.117370074202218 -0.190709159225767 0.0358075681696821 0.0295191328937869
-0.192735757939884 -0.0328674033270695 0.086390637522097 -0.00113936814409396
-0.132227279084472 0.0441243488588644 0.0667244671512322 0.0547833415257157
-0.0990483285992764 0.0304228125606361 0.0752730677044435 0.140634293252864
-0.0949578267173068 -0.00333996414816107 -0.00382285381508773 0.181846716891697
-0.0961411691776175 -0.0477601809495459 -0.0999935792311412 0.107464988809745
-0.0327550834548441 -0.145436153203709 -0.119421952234506 -0.0365075183237141
0.166280055669949 -0.0854786577198012 0.0539197534158204 -0.205198550255728
0.0706566286695277 0.121135883085988 0.368748001503598 -0.0165024672131376
0.0592761409233722 0.144872572734163 0.290097219455015 0.397281817049485
-0.0931182248650882 0.105886334801999 0.18385359956788 0.56343756767268
0.1509952924869 0.0142243565175747 0.235495962951151 0.122341680222286
0.0613669316381522 -0.0358783437072912 -0.0564757490280428 0.132717474065205
0.130393245227003 0.026028859514578 0.211836923700248 0.233250050471486
0.121921602742035 -0.233468705449105 0.174162373888942 -0.154450325059859
-0.161694049046083 -0.232670887765055 -0.00311397524039021 -0.0489176462714016
-0.233663222802046 -0.0474888712421971 0.017783352908134 -0.0201034890020872
-0.154526665787231 0.0167620707404048 0.00773590675357617 0.0599674333708917
-0.113593606514215 -0.0187507335943374 0.028956760119515 0.143465048597757
-0.0891393404090543 -0.0571324598043704 -0.0357325464852047 0.17726279052489
-0.0668585038967232 -0.0814765734885076 -0.113372121577208 0.106131390907142
-0.016910368895353 -0.166740868202861 -0.135794848398424 -0.015414023548951
0.221907154696589 -0.12850264655796 -0.020796486649656 -0.20309837539154
0.152904835892973 0.172567232356711 0.290691789029389 -0.104237861072446
0.121505820930553 0.175228687240984 0.376194121895212 0.264156378695776
0.030524940620464 0.252649185499078 0.213818825863208 0.5240498711248
0.304700484588805 0.146142307934976 0.104252156998587 0.0863349131408285
0.231653615181198 -0.0766918376512202 -0.146364090302603 0.146845471020374
0.154867327121005 -0.0683152333503946 0.164242019323527 0.302055437436814
0.101333442907327 -0.27178255725416 0.24419584669679 -0.130136502459483
-0.18288986511973 -0.239782733067528 -0.0124680535460223 -0.131002756667432
-0.221748828444895 -0.0538175162939794 -0.0564644355249452 -0.0483733086592431
-0.142610489475479 -0.0185820132976981 -0.0551721706411087 0.0532801108592179
-0.110865553828564 -0.0645323923825625 -0.0185334716674262 0.123448671526005
-0.080220840933757 -0.101007123765847 -0.0572423485597043 0.145493852372925
-0.046603582646197 -0.111857890757499 -0.111524057126123 0.0930700118608281
-0.00482140919957506 -0.192994856332195 -0.135051235300332 0.01512892807153
0.248634797606762 -0.167675861243036 -0.116226853529591 -0.166602864644852
0.238917544859753 0.152549841932384 0.165963559266272 -0.218687651019753
0.186917978051624 0.19128973501453 0.434537891824736 0.0805521337969532
0.166279581901245 0.330139168661009 0.224255178733382 0.427677587372678
0.365005415705845 0.289153808130968 -0.0324378006572036 -0.00127811721124421
0.356330551214105 -0.00523296461085609 -0.230695870740392 0.101990923553362
0.220140004133443 -0.118892930523635 0.0462896884497166 0.330191695536484
0.0930821600690976 -0.282413925882555 0.27133000712027 -0.0512505700676151
-0.171581863990559 -0.210964732513647 0.00503940541885118 -0.176352024345599
-0.160025252996346 -0.0506463923765657 -0.101692342954537 -0.0780091153669136
-0.0978715104972188 -0.0554804142752069 -0.102550437531668 0.0308547655554706
-0.091113013394922 -0.100270926661188 -0.0660341443391148 0.0832208255855606
-0.0689119001271087 -0.123803833869797 -0.0799647483984019 0.0977259402201718
-0.0410103285739922 -0.123531223152466 -0.105730137192719 0.0646864071549303
-0.0144192886697215 -0.201095135101694 -0.11752478835657 0.0244285967942391
0.223699773698327 -0.191272830820868 -0.168392248734984 -0.0957049398201462
0.271709383542704 0.0550472737433763 0.00549679624626696 -0.28708737944697
0.259493211839167 0.157873896750792 0.431161661932214 -0.0917148787205968
0.293478726110297 0.336678823776646 0.17631430354858 0.303054056879373
0.349785668189854 0.383234696254968 -0.128012204452494 -0.131569193344375
0.394932549154792 0.0858454986339645 -0.268680609375108 -0.00772357551164063
0.243256259429628 -0.118163880048116 -0.113649459323576 0.289035994847359
0.0828560785792466 -0.234929704454074 0.231466652526697 0.0531557520329491
-0.125466091725015 -0.140831142517625 0.0343403177754066 -0.1667228336542
-0.064777664165775 -0.0360854526051617 -0.101694374626939 -0.0964849020590429
-0.0340994372972028 -0.0856839714692286 -0.120609300220019 -0.00886061820470127
-0.0561879989348059 -0.119446206054638 -0.101967758720292 0.0298977580341799
-0.0493205367665817 -0.121662031623903 -0.101437614653848 0.0457314408676536
-0.0374710121743396 -0.105599620064317 -0.112348218050381 0.0298120348807892
-0.0317039742579496 -0.165102571473969 -0.100080672257593 -0.00091830970762303
0.13184766587457 -0.172960693302355 -0.149991721492523 -0.0291399792816869
0.224142482807555 -0.0752059151165201 -0.13409820659468 -0.268707851915341
0.292105278654454 0.0711978627191562 0.36112673072355 -0.186420686173208
0.38865498645203 0.286722220444368 0.0629902237767677 0.173999103165979
0.310386716914836 0.386163438541253 -0.16655498367566 -0.279958611540915
0.35386892437422 0.0856662357136378 -0.24261794518471 -0.165151216117098
0.168301929675707 -0.0999254403306144 -0.260153899338719 0.166713583149319
0.0419696551609488 -0.137235965995602 0.122784618453414 0.132999610803266
-0.0617267680425516 -0.0417338023918766 0.0550681989870285 -0.10105833566365
0.0292844733465045 -0.0157320218553995 -0.0566239337276246 -0.0993035008733866
0.0272609596162653 -0.100279455062855 -0.104879940229646 -0.0598537160702465
-0.0141018608451402 -0.120492507439908 -0.122404866667903 -0.0285256786124534
-0.0159686296491522 -0.101510243509799 -0.120219819511999 0.00381875944102759
-0.0135605594067048 -0.0661160814617994 -0.132906288364985 0.00331403074775934
-0.0307978510675543 -0.0812992350608112 -0.0979831464811826 -0.0472700467367405
0.00897833731070213 -0.102901716040299 -0.0960792130430628 0.00978044122428507
0.129041822113823 -0.162027750389097 -0.200781349450518 -0.216562463113498
0.249618215733543 -0.0337954279846322 0.259917955554329 -0.175378839121807
0.420456609366257 0.208164084825463 -0.0906900004852168 0.0694223885382107
0.266291318459828 0.273853319751342 -0.161490665343143 -0.417123674552712
0.225227430548565 -0.00961680963353262 -0.196026403163728 -0.325051666598903
0.0530137358587764 -0.0662350498154817 -0.357187947796745 0.0324252255704344
-0.0173506882183085 -0.0416030334928653 -0.00194258384507829 0.176320853594107
-0.00678634749383504 0.0475186834843686 0.0693986380726932 -0.0208305778338113
0.0906573317237406 0.00283962891880181 0.010618831506394 -0.0945980914582415
0.0691216054101272 -0.0911213342674344 -0.070006214719844 -0.112523524562697
0.0312415884450559 -0.102557201368281 -0.124394890008715 -0.0830245501100297
0.0319030302861675 -0.076828006952658 -0.12535315112542 -0.0243692035054276
0.0410339500676898 -0.0256535565043518 -0.152219347488604 -0.00451511514933589
0.0043183280850561 0.0288390851734528 -0.103755887287877 -0.0811155467419371
-0.0851950967662004 -0.00878801328854134 -0.0612380526169897 0.0298563606004322
0.0237710582114911 -0.15966797914593 -0.200024657960736 -0.176770976521142
0.165683022623318 -0.1210813535982 0.14974074930853 -0.103041846147666
0.368761161373404 0.140792438329425 -0.234550595067046 -0.00755648408521651
-0.243673710949055 -0.113236878944135 0.297361008844019 0.0806988611768232
-0.10739861699018 0.154088528869302 -0.0422524324950432 0.0527333739868319
0.0722377459912272 0.111922725658087 0.16638866870161 0.165346910435864
0.108654741186802 -0.0821811115490552 0.0636313116904552 -0.0603967157285216
-0.0562287527158097 -0.115645347598784 0.0736273291396835 0.0728524415112328
-0.119565661801872 -0.00941893083920465 0.12755308177014 0.0113292612909631
-0.0857674222526714 0.0656660054097253 0.10659994289783 0.0429336129863251
-0.067621679446448 0.0749332169052152 0.111727780903871 0.112429591199345
-0.091541939143251 0.0472676587084423 0.0373029601638269 0.158237446508439
-0.112823831332163 -0.0209644338602667 -0.0619643658378218 0.104496990800265
-0.0295209944106509 -0.115544786822954 -0.0957450617870466 -0.0263602918932607
0.0965586028864523 -0.0346728615230842 0.0626806139227059 -0.194716085099099
0.0230723745068283 0.0677023723796494 0.405053732675441 0.0033964105464428
-0.0564697401631661 0.107009302418031 0.218197351604067 0.4213035665707
-0.192912626415806 -0.086180113257278 0.168517953856425 0.529663108314247
-0.0567200841713665 -0.0696201502397083 0.306120084396232 0.113213116403564
-0.0570365049119245 0.0864990394109058 -0.00753596300079574 0.0809055560797245
0.133102524588133 0.0836410090841652 0.193000869999162 0.168972067627259
0.124270007175132 -0.173104509180223 0.0980352315302975 -0.113354248405592
-0.117207866180548 -0.188303156158674 0.0358969242148406 0.0295425785909952
-0.191267175457528 -0.0313093427208559 0.08665875977998 -0.00166022002682813
-0.130676036500177 0.0436367163853693 0.0664434810671952 0.0537082022147511
-0.0980304570024138 0.0308670015708918 0.0758629281611968 0.13803106645495
-0.0949422879187577 -0.00338140395505499 -0.00269060467384887 0.180775973332292
-0.09578498085854 -0.0461859983791523 -0.0988000457125429 0.106733990476882
-0.0340818234529257 -0.143431765572264 -0.118125233661353 -0.0360904931181813
0.164193236155644 -0.0858086386475617 0.0522157824930128 -0.203433561109657
0.070839643056285 0.119661474271537 0.365308534460992 -0.017428659593261
0.0588072386472486 0.142543312119658 0.28941346909167 0.391723450917425
-0.0919295799107015 0.106359354129541 0.185422722044371 0.557811952689509
0.149513175837655 0.0127507420228413 0.233671069262401 0.120366424213913
0.0595216514601375 -0.0356898375113532 -0.0550236849538424 0.131296721403491
0.129833116995352 0.0245168277985939 0.212604160911216 0.230533627416837
0.119606386218236 -0.232316741367145 0.171377186422719 -0.152584034332553
-0.16262690014797 -0.229460878659724 -0.00281282872011072 -0.0477771626415016
-0.231419571273006 -0.0455597375926038 0.0175236342705992 -0.0200031631485361
-0.15286176960623 0.0173542416969192 0.0082353525967519 0.0589855763596908
-0.113725847992024 -0.0171718126095159 0.0301344329633296 0.142369021795116
-0.0880666529790798 -0.0548985291407525 -0.0335346781368952 0.175900722832999
-0.066517928328182 -0.0800764202029336 -0.11247762004871 0.105526773557746
-0.0178167304611184 -0.16527685873936 -0.134528656862861 -0.0137461944674923
0.217802665362572 -0.129179104427139 -0.0216618645730753 -0.2010748648476
0.152781728959107 0.16986338743465 0.288030759513435 -0.104202399785167
0.121787675895487 0.17279567419196 0.373815274707399 0.259515715368719
0.0316466345988613 0.249088310161025 0.21507376637695 0.518256693884993
0.301983900534136 0.143529950161946 0.103505509017762 0.0844729604112145
0.229724577816763 -0.0780714600042485 -0.144313878587416 0.146183991738451
0.15332880325447 -0.0685875728776896 0.164159795676228 0.298620766637227
0.0981273959798766 -0.268994946271128 0.241402775230229 -0.130111954869026
-0.183319228816727 -0.237208817145368 -0.0140952311839659 -0.128898925560984
-0.220318802628114 -0.0518978312248663 -0.0562434702410455 -0.0470024163261419
-0.141209784703035 -0.0164482962820733 -0.0536360260575406 0.0533948088792823
-0.111080867149652 -0.0624537060666769 -0.018258494826318 0.122700161592446
-0.0806995014131516 -0.0991670006502603 -0.0563027396969768 0.145136031336819
-0.0474373728534331 -0.110485580952829 -0.110423241009758 0.0926316999937384
-0.00676441906602001 -0.19089290071684 -0.133440266220268 0.014736840530049
0.246126293829436 -0.167716282220202 -0.116733481921086 -0.163938539246251
0.238399810953766 0.151650409933627 0.163307007184465 -0.217617112119542
0.186261196145401 0.188310429513754 0.430455033560496 0.0777493384995672
0.166410857950887 0.325421662413456 0.223431919346804 0.423494612813346
0.362511529826842 0.285891879123512 -0.0316777443826872 -0.000504136862727124
0.353405215762735 -0.00691710567978756 -0.227254055530239 0.102078319225244
0.217923350121225 -0.119337924267034 0.0480795047592231 0.326819223373785
0.0902792699932582 -0.280590416569221 0.268159142424331 -0.0523591671792072
-0.172088968245399 -0.207918777528804 0.00337727637862056 -0.174943894181643
-0.158515333251964 -0.0487762098580787 -0.102004456479743 -0.0769463925076993
-0.0975070423783883 -0.0547388645823241 -0.101805450467199 0.0315949281490762
-0.0903874818766965 -0.0983289619170081 -0.0640001578025108 0.0827113391457791
-0.0696643729699029 -0.121725530276753 -0.0779450243447958 0.0974120006010644
-0.0417371175784887 -0.120913196931481 -0.104994811944724 0.0645853347344136
-0.0164215998204806 -0.19863304675618 -0.115805490333893 0.0248155510616959
0.219386663374832 -0.192083990004225 -0.166979804848339 -0.0945600908593501
0.269412586086955 0.0527512584793031 0.00373357920618715 -0.283471184879111
0.258706976069684 0.156103964489304 0.425335515965546 -0.0923388525801832
0.292929142711635 0.332275404020493 0.175904333675547 0.299015431283559
0.348920565221288 0.382416334403234 -0.127201639987445 -0.129952200221742
0.392672444484492 0.0824872643297218 -0.266110406215367 -0.0069307230108338
0.242635812361982 -0.119096955593316 -0.109687656925048 0.286228364252038
0.0803112779998422 -0.233105650681862 0.229314580192412 0.0507630824639937
-0.125136983162242 -0.13873947188658 0.0324634959614013 -0.164779607149435
-0.0650559945147874 -0.0351654542927799 -0.101372907550093 -0.0947056012720875
-0.0342654613805138 -0.0856493722060133 -0.119077305964384 -0.00812271447277593
-0.0575187668809011 -0.116967546462178 -0.101016628637718 0.0295639670441453
-0.050491145848316 -0.120091381702786 -0.100995175797516 0.0471586957745355
-0.0384500772552278 -0.103813086908635 -0.111793597009677 0.0294443771526646
-0.0337498367156316 -0.163665247007634 -0.0986874241652593 -0.000787258381085617
0.12943606895187 -0.172552260997859 -0.148239165857542 -0.0281467295392689
0.222799612931406 -0.0752825733797768 -0.134020780111967 -0.266252658962758
0.290221867878703 0.0685653464178937 0.357444760136173 -0.187396549334669
0.384304641787033 0.280635456911376 0.0631983759127469 0.172493570242155
0.309411881429318 0.383173973325663 -0.165805803598655 -0.27687101030798
0.351908438112984 0.0826842996913823 -0.240957422507347 -0.161447308475736
0.166296298870464 -0.100407437346486 -0.255442978433183 0.166084264778438
0.0409871849253139 -0.135982243624017 0.121559915862883 0.131120290459216
-0.0615008158608859 -0.0409091891663267 0.0546244027174347 -0.100272391542641
0.0288704794031502 -0.015828284617908 -0.0574627432804071 -0.0973521865524965
0.0258470747834481 -0.0993567645772818 -0.104960165632097 -0.0584630659672617
-0.0137218383179924 -0.1183546650951 -0.122279282810907 -0.0276600635442449
-0.0160078768737615 -0.100346983707552 -0.11983800327884 0.00455443508700433
-0.0140217243452006 -0.0653720826313746 -0.132809724675845 0.00417033455676804
-0.0311144741710888 -0.0787845992461931 -0.0972298767578355 -0.0463343614266822
0.00790101059487729 -0.10283419871873 -0.0954825098629782 0.011197687804343
0.127346447773341 -0.161159344562124 -0.200295768477234 -0.21322966312234
0.247722977158032 -0.0351004154900351 0.257769151610655 -0.175554796678512
0.41671177579951 0.205145119467553 -0.0896176592594853 0.0696125141163013
0.265706660918092 0.27105264061802 -0.161693398360886 -0.41273937004911
0.222978264037207 -0.00988437095046206 -0.19581023192912 -0.322154729829901
0.05260146457292 -0.0659168578844232 -0.351465865006735 0.0342840786888909
-0.0179809740826265 -0.0413778518012554 -0.00111905333733336 0.17454579721539
-0.00688758707515752 0.046926240331136 0.0681788127386754 -0.0207772027977168
0.089740509985012 0.00238030143272883 0.0107918471032734 -0.0940878461199095
0.0684200990904125 -0.0909432802064119 -0.0696282016775849 -0.111384980683662
0.0311625168379941 -0.102362149344325 -0.123604514005089 -0.0800668661340819
0.0321231601958502 -0.0764024000121265 -0.125885579190383 -0.0224204051835819
0.040658102804 -0.0259270409300096 -0.150616973702414 -0.00329810927077299
0.00434665758470013 0.0286427327453543 -0.102694569491946 -0.0793949033890088
-0.0838209805864533 -0.00834424029852177 -0.0607434827265669 0.0303298796590366
0.0220370514879084 -0.158948644480052 -0.201421379809615 -0.174866737359609
0.163619318977905 -0.12085314946872 0.148639559489641 -0.103870553940955
0.366025893065525 0.136267468769847 -0.233221752612482 -0.0064626945255879
-0.243338651976838 -0.112119274203419 0.295235799604066 0.078571009959273
-0.106820744142708 0.152891856895722 -0.0414012288139652 0.0525875785672389
0.072582976604212 0.1107370537154 0.166579430207052 0.162768695756457
0.107367769892061 -0.0818251197255199 0.0621955306857648 -0.0600188053775245
-0.0556900716990329 -0.11461289807854 0.072875082867632 0.0722207920164887
-0.11869558300436 -0.00888753760632137 0.12590242218509 0.0109961837464718
-0.0839680456190722 0.0660978111580905 0.106209854267307 0.0409026717657675
-0.0672474702809285 0.0751372105068222 0.111144147927488 0.110351650897673
-0.0905511276793069 0.0469579417495095 0.0386793238072707 0.155566155223536
-0.111664381489799 -0.0201811522522898 -0.0608155754436912 0.103803678098992
-0.0301212014506213 -0.115067495740259 -0.093627790004666 -0.0254756526173576
0.0958663720098627 -0.0351720361489536 0.0612235205481393 -0.192334818500299
0.0230233938551841 0.0664491604367704 0.401557682946482 0.00305386097901537
-0.0556816122446721 0.106090058432978 0.218549808319445 0.41841424734842
-0.192154134884373 -0.0848751293079209 0.169258483943508 0.523509371506322
-0.0563090362697607 -0.0685728259310668 0.30458963833159 0.111765554587861
-0.0568138070052564 0.0868140928452508 -0.00687721998355916 0.0808183847098605
0.132872042978123 0.0828507158396216 0.192221144487479 0.167149697632795
0.122118390474823 -0.172639416037064 0.0959368119859295 -0.112923943324839
-0.116858658829781 -0.186614135689371 0.0352229628650464 0.0291921157771806
-0.190231475460641 -0.029704120407644 0.086028335883883 -0.00199728450682105
-0.128634900844502 0.0444049085898572 0.0665302440316539 0.0525658918095977
-0.0961711977642224 0.0309357479080132 0.0759009871337307 0.137000629710905
-0.0937815322302485 -0.00198849395056602 -0.00175730417113537 0.179023399085717
-0.094875597892481 -0.0460853341167439 -0.0961312897831371 0.106706274857288
-0.0342506381761482 -0.141939729519617 -0.116996803586189 -0.0349387207622585
0.162529554151609 -0.0861109189293089 0.0512746411873944 -0.201543224249022
0.0706940817020581 0.119393415074052 0.362408621346611 -0.0193113532498972
0.0601047414136041 0.141889170654446 0.28686190553952 0.386905738121024
-0.0907602322891763 0.105596234141228 0.184445600927439 0.55322191633276
0.148304851034337 0.012540027662758 0.231438772079186 0.118890452459703
0.0592497532282013 -0.0359957882637652 -0.0546104673991583 0.130818557997817
0.128698284071988 0.023765296835014 0.212656660734547 0.227420325534751
0.11684633925547 -0.231626555500137 0.168684515634519 -0.152649572868168
-0.162744503488703 -0.226973353782022 -0.00284860787167839 -0.0476322202261552
-0.229580892715992 -0.0429847256884153 0.0168551638990081 -0.0195841701048477
-0.151823870918396 0.0184173091406033 0.00888945785260172 0.0592732865949415
-0.112536297512547 -0.0163922843426776 0.0314060288156245 0.14009211149883
-0.0895474086996894 -0.0550366143860405 -0.0319074848496864 0.175253119893309
-0.0671097101065736 -0.0788157728796514 -0.110667227701432 0.105159853680911
-0.0192608988355513 -0.163835694737727 -0.132613934708524 -0.0133713874945479
0.215317554681341 -0.130066860425791 -0.0214259519637844 -0.198541066327103
0.152455249591179 0.16699407602541 0.284331578469878 -0.103829498079643
0.120996837246348 0.170257583401831 0.372323821575565 0.256129305993417
0.0308487702110253 0.247234194228204 0.214921682740796 0.5115483924536
0.299039079304778 0.140403702612666 0.10319960426267 0.0837451281656967
0.227451846032553 -0.0779931472759976 -0.141619557743111 0.145181792820823
0.150787417348246 -0.0680461349969686 0.163682149757317 0.29326731481776
0.096264295031496 -0.268943869147109 0.238995443421275 -0.131148051751384
-0.18250623060356 -0.233380939450547 -0.0139085780492723 -0.127416939893626
-0.219102994705516 -0.0501735991997182 -0.0560529515838867 -0.0461411075603941
-0.140388100990033 -0.0157724157397776 -0.052640307155141 0.0535674884427772
-0.109990538012525 -0.0611989129264007 -0.0171833262670325 0.121485513343037
-0.0810343866784411 -0.0963006392836872 -0.0559400830315936 0.145073618348799
-0.047207496711996 -0.109173868074925 -0.109140528425331 0.0925017095477065
-0.0082125139694914 -0.189213069778692 -0.132228265112436 0.0155761787900133
0.243318138475352 -0.168173334393628 -0.114908280121497 -0.161779640336156
0.237466097697792 0.148139395283407 0.161856638237239 -0.216034727409003
0.186007629991202 0.186666197017082 0.426697892509068 0.0748915057743171
0.165728646948899 0.321763215811175 0.223267746044833 0.419152216504762
0.359011850499163 0.282866444562726 -0.0310731448125028 -0.000474992402327096
0.350572850684208 -0.00858047902118111 -0.225335834830249 0.103192405882965
0.215949896213035 -0.118502080011229 0.049241254406248 0.323073755192705
0.0882347336596073 -0.27941605329154 0.265192163867644 -0.0537316904875872
-0.171645227242138 -0.205675215909566 0.00349559322360352 -0.17249961294019
-0.157464842728158 -0.0465288349275771 -0.101378717364393 -0.074678095045764
-0.0967309657514389 -0.0530677356674249 -0.100111340328712 0.0311561777527724
-0.0909336473277606 -0.0962878961765659 -0.063396604755097 0.0819611484070436
-0.0700449423991805 -0.11919991887434 -0.0767396365769776 0.0968064346339977
-0.0424977979953894 -0.11914861148315 -0.103555570563655 0.0644359391448842
-0.0172238045334526 -0.196918641408976 -0.114143573815563 0.0251736189419762
0.21666434692963 -0.190943279352262 -0.16640452200113 -0.0918030719462061
0.267711466302031 0.0507061189479632 0.0023691146555426 -0.280612969991096
0.256739768448479 0.152423238861864 0.4214030420333 -0.0938983937663899
0.29081823657668 0.326756394638338 0.175926457885569 0.295908579999183
0.346162170634499 0.37734063767954 -0.127022296090556 -0.128556186296048
0.39058634308285 0.0810276737620225 -0.264049038357023 -0.00644321566125793
0.238691210146084 -0.119847726686985 -0.105878457596381 0.28251500645652
0.0779601326912645 -0.23155452397542 0.227434825709241 0.048671989138434
-0.125780105802952 -0.136656940840783 0.0309628088406111 -0.163691459247511
-0.064946858350216 -0.0341699132921142 -0.101433717756297 -0.0936770649554401
-0.0347059796681422 -0.0842447439017969 -0.118565522090796 -0.00757162449708456
-0.0567411005744699 -0.115531546837199 -0.100235345774987 0.03042410578049
-0.050035844261609 -0.118006192269807 -0.100377048235271 0.0467874222259816
-0.0392026034542912 -0.102512214145267 -0.110535164429318 0.0306531365336359
-0.0344733483386283 -0.161900004988923 -0.0974417335406404 -0.000186658999301833
0.126713601486929 -0.171747104439035 -0.147383522134665 -0.0255617428325925
0.220045496221398 -0.076644704111522 -0.134115468961647 -0.263477735923822
0.2884246867463 0.0669635390383986 0.352798492882216 -0.186403364689757
0.384620032534255 0.277227166929307 0.0635261638352098 0.170664711943647
0.308401921385372 0.378580982514131 -0.164328104091886 -0.274327150485343
0.349602348033289 0.0814326060942445 -0.239288005981195 -0.16050541242341
0.164608686196842 -0.100413026920666 -0.252596948595685 0.165513974071032
0.0400733439831178 -0.135683986391432 0.121365794758099 0.12919562469706
-0.0612211800900166 -0.0403003521751502 0.0529623129014076 -0.0991803727437702
0.0281388682136583 -0.0156196118624561 -0.0565290000149435 -0.0960943310487838
0.0253755385925503 -0.0987141094521853 -0.10453116474895 -0.0576644004181468
-0.0148103557860652 -0.117451347004282 -0.121123234692618 -0.0264191348871951
-0.0168383283195797 -0.0992906298738032 -0.119593151057234 0.00552452250635976
-0.0143027955168738 -0.0643911322339575 -0.131725016461808 0.00536276984911307
-0.031956610889053 -0.0786787306243782 -0.0967965035647501 -0.0455006562182353
0.00813881033719887 -0.10121167461751 -0.0940385143330121 0.0118409926064659
0.124743548583171 -0.159954616881917 -0.200515812178095 -0.210744662879304
0.24556878336074 -0.035729035967511 0.254206636912943 -0.176172605319248
0.413877723545709 0.200736880351605 -0.088449946928766 0.0697805140084238
0.264742148317233 0.269068729459701 -0.162005831298666 -0.407725726015155
0.220994380675735 -0.010736444583203 -0.195190641655374 -0.317401120802595
0.0512146225221121 -0.066092589933459 -0.349293922883964 0.0353727671647145
-0.0179128019619278 -0.0408396560518463 -0.000218494893615669 0.173165595463684
-0.00582500652628589 0.0476624891991676 0.0673694056025037 -0.0199210720649911
0.0888664213064038 0.00194373044391755 0.0106355877170783 -0.0933844105286213
0.0669879309277879 -0.0898330173837324 -0.070367084044192 -0.109752867692516
0.0299958937704716 -0.10124323458013 -0.124029104366217 -0.0783906728286498
0.031535251653204 -0.075352019636193 -0.125197010138383 -0.0211871126800065
0.0402581112766641 -0.0263385540477773 -0.149748492004925 -0.0016105339745397
0.00462607743309637 0.028566984557977 -0.103404747932578 -0.0777887110366328
-0.0829734463472062 -0.00771405736962074 -0.0601640557880264 0.0313344263910875
0.0203262406040028 -0.157469807310926 -0.199864693750577 -0.170685587806772
0.162222152156921 -0.120674770182496 0.145471441562732 -0.103482758867575
0.365090568841803 0.135715243987507 -0.230950152465327 -0.00513514352954932
-0.241032260516053 -0.109725803541835 0.292839095481239 0.077652496250534
-0.105337880840181 0.152195871637897 -0.0409685064502766 0.0523360714401071
0.0727627871028188 0.110432766697765 0.16698190816913 0.161315770975499
0.105895482805634 -0.0821480081261755 0.061485822389474 -0.0597625783226717
-0.0560132876359846 -0.113624012091118 0.0723441860206066 0.0714752719705751
-0.117008168339004 -0.00836729823457598 0.125788760145395 0.0105462640106587
-0.0829483797558746 0.0654756864489191 0.105997741124667 0.0407097612030968
-0.0667985878685444 0.0745875347447782 0.110649293566528 0.108473174297185
-0.0891667044413415 0.0476108800871353 0.0391691410447621 0.154225992039115
-0.111039771923458 -0.0199367367204642 -0.0597203114018465 0.103461265964902
-0.0306338931628497 -0.114135509498568 -0.093778388029945 -0.0249626222942752
0.0949072147321196 -0.0352653000680331 0.0596860320594927 -0.191138553104447
0.0236907210954256 0.0662035645353031 0.398323256675157 0.000509528165417816
-0.0541769386545364 0.104769267193114 0.218177112094918 0.41358977095046
-0.190093251234215 -0.084016326680984 0.168701881848763 0.518685957169477
-0.0571918835634686 -0.0671203142632642 0.301967583908346 0.110223172941672
-0.0553688094938984 0.0859665052592395 -0.0060034156195875 0.0797214376458
0.1315558983681 0.081133787537052 0.192620885647122 0.164761172141304
0.120504483641179 -0.172105144478023 0.0948306827217019 -0.112355919373645
-0.117574850612253 -0.185046074757306 0.0354855880935889 0.0286246447118254
-0.18916792723006 -0.0281587560883849 0.0853823915278976 -0.00160357900738564
-0.127601919615702 0.0442026094807332 0.0672730789253931 0.0516022554358884
-0.0959627298163479 0.0314153620137903 0.0766322721492708 0.134729748477217
-0.0931710752044831 -0.00127554943847781 0.00045501034263055 0.177224782658067
-0.0946046171031964 -0.0444228223302439 -0.095466149115773 0.106213000087749
-0.0353670827250806 -0.140717106878372 -0.115445068803533 -0.0334321947594228
0.160104964738721 -0.0862510982779953 0.05015440692166 -0.199577240523267
0.0703089705578823 0.117583239293715 0.359549272063073 -0.0202432529005767
0.0599174697110397 0.140954180828527 0.28775514337654 0.382629510139735
-0.0897833368411479 0.105155533594716 0.185402476916155 0.547204243441584
0.146987169056545 0.0110887104058165 0.229440992136529 0.116506334952932
0.0586003467441782 -0.0360439707247613 -0.0532721407424423 0.130074783951969
0.127453513083184 0.0234510312562619 0.210565338901788 0.22356833591062
0.115085874882024 -0.229876632016913 0.167192877635906 -0.152364858982312
-0.162014382600278 -0.224697589530573 -0.00326519874568011 -0.0464139663631765
-0.227953461824783 -0.041117917260209 0.0163210544591336 -0.0190102331486112
-0.150321471858473 0.0189914505913291 0.00913014196730142 0.0580269662836946
-0.112015901240202 -0.0152471899161513 0.0319529782341434 0.138845759353522
-0.0881790137773068 -0.0531327473486623 -0.0304245594966961 0.173180315840966
-0.0671056958356663 -0.0773985646297051 -0.109113150079047 0.104032463448348
-0.0202342047267914 -0.163294019567936 -0.130658139849296 -0.0127104637312042
0.212943885132296 -0.129243320441369 -0.0227540534892644 -0.196178084407613
0.152416896399696 0.165851801340939 0.281541502368114 -0.103852414478101
0.121233441647701 0.168157166799959 0.368290146916178 0.251941034108632
0.0319869127579743 0.245491736860352 0.214464788614715 0.507569351944432
0.296925288953903 0.137703646853065 0.10168951383635 0.0821564611755823
0.2253434052444 -0.0782535208812109 -0.140331111356361 0.144635499347155
0.150091802529207 -0.0688868733251156 0.164252633313153 0.290393170725991
0.0937048334070175 -0.266806118991684 0.235351643748492 -0.130903538976602
-0.183326685715474 -0.230581355753914 -0.0147609207976163 -0.125422104525795
-0.217889831802774 -0.0483425757984428 -0.05567075333351 -0.0448997427081192
-0.139409889055266 -0.0151212354522704 -0.0521542098651469 0.0535597563707232
-0.109397077166401 -0.0595233441773289 -0.0165394535550024 0.119547142754086
-0.0812785795394201 -0.095466629797543 -0.0539467658026257 0.143335861335871
-0.0484644722881252 -0.107973828854742 -0.106673447041662 0.0915678085337426
-0.00915137287440064 -0.187858128225465 -0.130054477746278 0.0161981799535769
0.240721531464522 -0.168750017067146 -0.11460737734211 -0.158959103697477
0.236267283223259 0.144859741473506 0.158167752921683 -0.214271811646401
0.184410721648709 0.184154889526071 0.424009247413575 0.0729556544579563
0.164324420861686 0.319332029333961 0.223955132089549 0.414405633484774
0.358089391240226 0.278033458288983 -0.0312130273694199 -0.000912816355071427
0.348360128748184 -0.00921452722312364 -0.221691318848198 0.102260920910779
0.213624060030808 -0.119228209308751 0.0498479635004412 0.319568007595563
0.0863725309283101 -0.276958747291867 0.261318685435921 -0.0537119376296581
-0.172107714459234 -0.203375721004423 0.00177919535310572 -0.170993370980848
-0.156916284058497 -0.0455586157897974 -0.101285040701381 -0.0735496327764513
-0.0969815025711683 -0.0515339499024578 -0.0991003101092156 0.0319211515288372
-0.0896537578010176 -0.0941088867024391 -0.0618386027225475 0.0825070666862289
-0.0701672173283386 -0.118081770007801 -0.0757882073517281 0.0963872706771207
-0.0437182245662287 -0.118734844142387 -0.102789842977966 0.0644188868809278
-0.0181160768093707 -0.195596257109733 -0.112687793298799 0.0253644023660597
0.214757767779349 -0.19188954673912 -0.163858151047997 -0.0898775669757391
0.265649593505715 0.0496740794984467 0.000485929816160957 -0.277557772334537
0.255792797075558 0.151055985159361 0.417065863307272 -0.0965186452524788
0.288036077523925 0.323111387714607 0.174739493273931 0.292774557829417
0.344146795779003 0.370191306114777 -0.12643261268471 -0.126449197626746
0.386456215878198 0.0785482822579494 -0.261062259719232 -0.00491569640510352
0.2364106075993 -0.119236795511622 -0.104931224482958 0.280489036315773
0.0781736923350331 -0.231280633981888 0.224916478043143 0.0472428470482164
-0.125292495400113 -0.134595988955521 0.0296859082500983 -0.161420981878359
-0.0646507994352646 -0.0333719084223251 -0.0996749471232166 -0.0907775021212578
-0.0354704250934397 -0.0826779084933196 -0.116782393040419 -0.00666730596819491
-0.0569178668385922 -0.11407457702859 -0.0995349938557128 0.0309247660053214
-0.0508996995804256 -0.116620705735502 -0.0989515429436394 0.0471602707795212
-0.0387357848712174 -0.101842893197681 -0.110506486901886 0.0305731755497301
-0.035183395741353 -0.160971560705449 -0.0971565869409406 -0.000401068647195801
0.125273275707756 -0.170843580478689 -0.145722863039001 -0.0250010972266815
0.216856395359759 -0.0784295122781283 -0.13439418398018 -0.260068269291071
0.285889922698511 0.0656362310456139 0.349742002624323 -0.186594595116683
0.381690273883484 0.274053862581677 0.06356479471859 0.16877282431284
0.307051946817366 0.373670317236456 -0.164084856165746 -0.270749831477169
0.345943005722552 0.0796104645516427 -0.237572747713693 -0.158409892416559
0.162902219680377 -0.100295526223406 -0.250661202535536 0.16476341090119
0.040010094877055 -0.134586706315294 0.119865599230231 0.127990315858045
-0.0616900679850525 -0.0387950377935088 0.0509789291939225 -0.0983922608817642
0.0274702571943678 -0.0160871385875787 -0.0566592672178066 -0.0954662418555094
0.0242490088971068 -0.0967721061856653 -0.103673045009901 -0.056690097911738
-0.0153371089206954 -0.115374769035823 -0.120991333176713 -0.0253672268601786
-0.0176320253760863 -0.0983559916156408 -0.118862138671243 0.00723533730614976
-0.0147952046134025 -0.0630457526681594 -0.12999882843408 0.00549822163956583
-0.0321582938508112 -0.0773453068313008 -0.0959759556827667 -0.0451593130108186
0.00657861159933328 -0.101069954986465 -0.0930229440313164 0.0118474725965267
0.123874885288688 -0.159947745572379 -0.200697159748723 -0.206462781179484
0.243737761260351 -0.0363503687312547 0.250850273260246 -0.176645166732098
0.4117281747257 0.198958695284149 -0.0869617152903888 0.0689871577701032
0.26315399951386 0.265172145729591 -0.161175484986471 -0.404365727823531
0.219021959436269 -0.0119797641080922 -0.194126259558063 -0.314327200246631
0.0503263830017619 -0.0656749424951582 -0.348062260104301 0.0350201557029432
-0.0178219458477148 -0.0405699620474979 -0.000352639218307094 0.171240367874043
-0.00602133561378451 0.046649154138118 0.0663064016730088 -0.0199122258411953
0.0880312366842731 0.00123617071416371 0.00828994503139956 -0.0920313089235865
0.0646742411491366 -0.0887051183666414 -0.0711707165395678 -0.107525040692424
0.0292863723824716 -0.10033022716709 -0.124800952304307 -0.076458889631992
0.0307291429440704 -0.0743460839344106 -0.124606607338787 -0.0212571337656509
0.0400440572208945 -0.0266767747094462 -0.148621625774151 -0.00225220015760902
0.00429261976284135 0.0279871354051204 -0.101879512238836 -0.0771588778456117
-0.0829048219643999 -0.00723316102255033 -0.0595698313829917 0.031118105044609
0.0196705723593994 -0.155372674722909 -0.198934585419708 -0.167985054934569
0.160635666507381 -0.12053564983097 0.143952654665203 -0.1034851180045
0.361607570837585 0.132916697016636 -0.228734989994641 -0.0045674913081155
-0.240510831988769 -0.1080739955577 0.290551683853078 0.0760590219393747
-0.103218847663425 0.151413502593359 -0.0405460676264465 0.0517393513735911
0.0720144575359294 0.108819872716808 0.166669303692979 0.159612948402504
0.105112349292549 -0.0816458814501878 0.061199842574262 -0.0600558157774649
-0.0565279317368235 -0.11297447931031 0.0723535221313 0.0702646750773495
-0.116922386847284 -0.00766880628628612 0.12445500018478 0.0104558113337487
-0.0820289926902253 0.0644138815914505 0.105471937785108 0.039734588363187
-0.0658120518740643 0.0738816005349894 0.111553023342916 0.106054612148288
-0.0882046361861794 0.0474884438113927 0.0399517707950167 0.152332989885774
-0.110055139871943 -0.0189450279331228 -0.0585123607149475 0.101816632333713
-0.0305869907277347 -0.112440364731524 -0.0924702023157023 -0.0246681831990113
0.0933440496249272 -0.0348680456680019 0.0592402550107528 -0.189941911740259
0.0238686790873021 0.0657138576850675 0.393602700195393 -0.00049336065626444
-0.0533755156752497 0.104559506950051 0.216478312796267 0.409575420055754
-0.189217100175537 -0.0819453127806773 0.169454540323111 0.513768613125993
-0.0575441025444809 -0.0667912400422918 0.300219984100058 0.107679794979301
-0.0543641042932725 0.0852453033955812 -0.00588508673107365 0.079510741179196
0.13140120798161 0.0810370725729321 0.191794977684629 0.1632755376232
0.119270815852675 -0.171654405295806 0.0937836788593466 -0.111510319113976
-0.117914961792072 -0.183150195705102 0.0355182545239401 0.0285833409596964
-0.186881995198338 -0.026632315718103 0.0847858064523809 -0.0021303748623625
-0.126557327488827 0.0448728645875838 0.0668096422454631 0.0506548576946534
-0.0949471935961563 0.0308405387713567 0.0766757860554812 0.132813436003904
-0.0924663307470979 -0.00124607018461322 0.00141269293174813 0.175144355955858
-0.0943643052352418 -0.0439422414818695 -0.0947661028676978 0.104952257565423
-0.0356036437189908 -0.139175204024806 -0.114047398779731 -0.0331525392955119
0.159344809668379 -0.0859341619406905 0.0494423326167494 -0.19857745835099
0.0707675470247112 0.116059519913246 0.355381307813583 -0.0207905961596979
0.0594173999519199 0.138692380856388 0.285151859007588 0.378640668955122
-0.0893175209736121 0.104702863264753 0.183808714652455 0.542995261705603
0.146017609416227 0.0107556734643521 0.228186980841668 0.115334088967246
0.0576111508923821 -0.0355785728575902 -0.0519292143801297 0.128512043332129
0.12739005900319 0.023663106270753 0.210653954396855 0.222420257106268
0.11370707582962 -0.228344060023271 0.164525063717545 -0.15204074000806
-0.162102465630257 -0.222588280312201 -0.00376257180641187 -0.0458164570581401
-0.226223395813052 -0.0394515789703082 0.0166218483120114 -0.0191889605482495
-0.148758154198032 0.0194506544866318 0.0101284096205678 0.0570150173313697
-0.111037924451478 -0.0148287549440983 0.0324374190158757 0.137390354236634
-0.0875950517273416 -0.05194699516116 -0.0287831472127961 0.172332761136379
-0.067582748647516 -0.0769619582241292 -0.107223689414038 0.103894092170022
-0.0202589071603179 -0.161266525314586 -0.130027037142559 -0.0116392893510107
0.210365331847157 -0.129598837134676 -0.022164644271931 -0.194830451713085
0.151478144076598 0.163613843831134 0.279826502502775 -0.103915885676371
0.120845653381844 0.166851627710644 0.366470080130275 0.248417515819808
0.0317997322974885 0.243203905074903 0.213615197420703 0.502392107473882
0.295215939243528 0.137033184390937 0.101625906220034 0.081759134324537
0.223210702352135 -0.0782783669222572 -0.139034606522749 0.143624879549096
0.148522467634281 -0.0687248356421984 0.163766651058064 0.288475750554057
0.0930959984969424 -0.265634068568256 0.23260728257653 -0.131456034146241
-0.182296609068263 -0.228988256249195 -0.0148541440799073 -0.124693762444546
-0.216107651647804 -0.0466337834265169 -0.0546145753505672 -0.0444581906526663
-0.137582486424347 -0.0142474822342277 -0.0512015681692574 0.0525553432174605
-0.109135639165985 -0.0590833786194957 -0.0157842573773523 0.118614230900085
-0.0810037815745679 -0.0937209451161176 -0.0518563289596092 0.141705425712899
-0.0485054769796851 -0.107455254890858 -0.105759727861962 0.0907028518131262
-0.0102326797264792 -0.186606023499494 -0.129326480250183 0.0161017856007106
0.237681976985773 -0.167453515989772 -0.113943762347433 -0.156929852125954
0.234324921005544 0.143101220793393 0.157455291589967 -0.212481502825682
0.184203856245366 0.182389405049199 0.418318682227594 0.0719618572639989
0.163882866855374 0.314782441044403 0.221683713187327 0.409611329363266
0.353456638009462 0.275168597409998 -0.0307790090078468 -0.000691323791829781
0.345124942168345 -0.00962871977378922 -0.220262042507672 0.101430745264349
0.211315746245572 -0.119164067687737 0.0509460842713776 0.317215297069384
0.0851350928692614 -0.275676872021866 0.260124835007962 -0.0542945206138067
-0.171577541926127 -0.201959156931609 0.00110516544560524 -0.169392751977379
-0.15629462140785 -0.0451060706572346 -0.100259233988677 -0.0722401569251439
-0.0964594761372876 -0.0511738250963381 -0.0981365902720563 0.0308513480285403
-0.0903808216909882 -0.0928101972034051 -0.0616068428694215 0.0814572491000208
-0.0698065793135279 -0.116817988139668 -0.0747976670051434 0.0961868388434211
-0.0438023579076419 -0.117528944438448 -0.101685014142413 0.0637510711464745
-0.0189626965828386 -0.194074772128275 -0.111851266635076 0.0249149672630429
0.21139835227755 -0.190602692344898 -0.163353591005437 -0.0885960574776385
0.263818628468303 0.0478056971761825 0.000417124178657998 -0.274164149339606
0.25402709743801 0.148732681680241 0.41273244766967 -0.0953566796790253
0.288242709246224 0.320079555021048 0.173972607723667 0.28963087283096
0.342241881553762 0.36548298576416 -0.125597546005498 -0.125833123914131
0.38253061032086 0.0769736463043246 -0.259104295033809 -0.00438592217547219
0.233577750747032 -0.119094059715578 -0.105652572985063 0.279919436752004
0.0760213176823395 -0.228843235709029 0.222852525039552 0.0465117913535874
-0.125037046302344 -0.133838460076669 0.0281786188402421 -0.160022073434469
-0.0647968491449631 -0.033264634118809 -0.0995141058461357 -0.0899869137711963
-0.0355205135554038 -0.0815778084417813 -0.116912058599079 -0.00603077814735771
-0.0568039550418982 -0.113255888997258 -0.098387646358634 0.0315475876764976
-0.0501394924481383 -0.115055750327347 -0.0990096989401389 0.0472789057319692
-0.0399299617629972 -0.0999466102380662 -0.109194575700597 0.0298557626201883
-0.0354940459753157 -0.158837121759299 -0.0960605141632712 -2.35124567544008E-05
0.123580998701585 -0.169781877064065 -0.143252125986071 -0.0243083700440363
0.215505451254622 -0.0776443511694099 -0.13483503673325 -0.255813879780865
0.284587083519622 0.0644234166707424 0.344840857231544 -0.186475103257942
0.379035896078371 0.270644575267919 0.0631167345399397 0.167963082392967
0.304611807800492 0.370105506696524 -0.162076534157969 -0.268843218881721
0.343604840595511 0.0776555505034206 -0.235980916101786 -0.156819109683456
0.161106007114795 -0.1003733735855 -0.248059871351138 0.163760541616819
0.0387149346763307 -0.134128379398878 0.119004199912961 0.125440173214165
-0.0612858708815806 -0.0397282173557134 0.050204658473549 -0.0978532318454795
0.0275884219788248 -0.0154353841867152 -0.0562872906365383 -0.093705138608234
0.0238673528710196 -0.0968073460438796 -0.103278844382264 -0.0553053250902242
-0.0154630860580479 -0.114998965717936 -0.120368380758634 -0.0236800610060368
-0.0168103774304943 -0.0968500914063049 -0.117854797214371 0.00734071420642188
-0.0154639808297548 -0.0628749926839222 -0.130074381395103 0.00596957983532822
-0.0320735108907311 -0.0764131884433959 -0.0953835331361936 -0.0441640703915619
0.00729873399904519 -0.0998346381764475 -0.0919775802605276 0.0127025736754271
0.122114650712819 -0.15901783328945 -0.199651645407583 -0.204232954913637
0.243048605176861 -0.0363821225365245 0.247710190233564 -0.176205226434461
0.408381065725161 0.195759651423148 -0.0859905216664993 0.0685186470097039
0.263280838516766 0.261682133726805 -0.160381487823206 -0.401019604670051
0.217140117290197 -0.0121832784970806 -0.193397577604839 -0.311643465289322
0.0496552376788049 -0.0654747979767576 -0.343394008412876 0.0356439979040037
-0.0172928533700407 -0.0398206045805488 -0.000512810669438864 0.169616483522722
-0.00660798692477074 0.0459358287733461 0.0641914547591276 -0.0198464304913922
0.0875423656978209 0.00117485401193419 0.00806247949703765 -0.0910768412390088
0.0645020777180081 -0.0886150710157849 -0.071005712557079 -0.106803945498791
0.02865567193553 -0.0987494240927675 -0.123339641205726 -0.0757443971497133
0.0305192376623661 -0.0745872659820107 -0.123511540327864 -0.0198371734128238
0.0392708705376938 -0.0256815734909786 -0.147902392877252 -0.000705452918157246
0.00439542430570661 0.0283712806479543 -0.101342603663727 -0.0758889841469137
-0.0818640614401443 -0.00630233069483643 -0.0583280354144226 0.0312416271461159
0.0200378426518478 -0.155653617775124 -0.198090724024151 -0.165574205532147
0.158063605536333 -0.118639879325077 0.141764216764752 -0.10290033332782
0.35837928802749 0.129529788622289 -0.226844967781876 -0.00365589908604087
-0.236887661865392 -0.106586223893442 0.288154725720374 0.0756375918336445
-0.102794570758278 0.149909809142764 -0.0400250066534739 0.0517983321644771
0.0712956835269479 0.108228049503303 0.165317843315228 0.158067951012736
0.103749293929298 -0.0814588594524657 0.060609652884801 -0.0598282842988161
-0.0551647921740257 -0.112224406014099 0.0716250779190477 0.069922581957689
-0.115928236108508 -0.00738168025199524 0.123655640554811 0.0101340281843344
-0.0808613306912767 0.0644516990475067 0.105533791820313 0.0390386598054056
-0.0651630744606405 0.0727943464920642 0.110342174043601 0.104974743672688
-0.08775074671793 0.0465098062203563 0.0402811782532203 0.151119370173123
-0.109388384074244 -0.0182248020450775 -0.0582920203865221 0.101164126839709
-0.0309182672500423 -0.112442522955119 -0.0913015588829635 -0.024464037679283
0.0926445020564037 -0.0351620200909905 0.0584838920760677 -0.187876830841015
0.0240911891709236 0.0649051751223018 0.391584135547811 -0.000692500287504744
-0.0532135885063438 0.104055326816191 0.214515678141535 0.406364636421503
-0.18733504090699 -0.0811777860788075 0.167440050626194 0.509470116218169
-0.0564353885732602 -0.0652451705111175 0.296903854181852 0.107116243490105
-0.0538958015418233 0.0842060023722546 -0.00555915786088384 0.0789777977199214
0.130371625314453 0.0802280933190962 0.190832163316351 0.161666678828985
0.118080874514759 -0.170911104310692 0.0927344000991074 -0.111498320447096
-0.117241715472148 -0.181821011816119 0.0350921712527463 0.0287461627202205
-0.184993936828697 -0.02537431427175 0.084100318537821 -0.0020557519610694
-0.124763083651701 0.0452032529214652 0.0668269993309797 0.0497619403258591
-0.0943069961511323 0.0316183422251849 0.0760485106735041 0.130861800236456
-0.0919674249289199 -0.000572398428538992 0.00160819263446108 0.174078011478516
-0.0938461550702843 -0.0431500913136348 -0.0930173661900394 0.104499587463299
-0.0361589575793691 -0.138496244419541 -0.113161792200445 -0.0321612645738474
0.156540785928507 -0.0857975835883321 0.0492046550032855 -0.196168347334137
0.0703625229099618 0.11473625433834 0.353610485087239 -0.0200683638864737
0.0596678554372976 0.137156478644843 0.282072973909301 0.375065016449593
-0.0891676119407552 0.103576341081881 0.183893984567841 0.536015322934405
0.144057605195806 0.0106705500274249 0.226132462616659 0.113918367459399
0.0575515710499357 -0.0353680779079596 -0.0513534472162421 0.128264440081863
0.126021068340415 0.0220574454729674 0.209522271627799 0.219570048114379
0.112375854494913 -0.226882231874655 0.163233832044255 -0.15094217800623
-0.16043082124172 -0.220818811948152 -0.00369675767129804 -0.044981564597357
-0.22470077443774 -0.0391718446506884 0.0167733836311455 -0.0185868951819225
-0.14763051925335 0.0198538066254249 0.0106754074287347 0.0567195871512272
-0.109828546686211 -0.0139892440999087 0.0327793375738838 0.135381362058902
-0.0878187566970396 -0.0510506891185431 -0.0280951703258343 0.170598707302057
-0.0676715635353615 -0.0758175095507175 -0.106515759114418 0.102987622186403
-0.0210189701453585 -0.159931116505131 -0.127599536377455 -0.0119821999976178
0.208314713213349 -0.128775577784561 -0.0227745155777788 -0.193664426392321
0.151133847417051 0.162018575689635 0.276177960141895 -0.103585420641727
0.120004333379567 0.165079844214542 0.362562916075007 0.244758329446334
0.0311713052149264 0.240596099540775 0.212933447341892 0.497946806037244
0.291989149184702 0.136108370538679 0.100424734746025 0.0797035985957705
0.220951592036583 -0.0774613833723284 -0.137003510442138 0.143534581520053
0.147780868163523 -0.068489089503251 0.163897676104535 0.285286698565559
0.0895296136753829 -0.263146785267866 0.230099748023001 -0.130271642161507
-0.180813665774893 -0.226233935739349 -0.0146348802285595 -0.122331005931752
-0.214361515069178 -0.0457872533960367 -0.0547068675711164 -0.0435506748813321
-0.137575761797237 -0.0125971821268042 -0.0497747408153758 0.0519697747675938
-0.108249425214205 -0.0584050776220408 -0.0147647711982769 0.117825638153779
-0.0805550238162373 -0.09272864293761 -0.0513161336852767 0.140972880596048
-0.0486356252157233 -0.105442164627762 -0.105163033527126 0.0909886887926376
-0.0107789769218372 -0.184968262114211 -0.127349329473067 0.0167190371366312
0.234598390920097 -0.167110426503479 -0.112595122599161 -0.155495668580623
0.23395905077844 0.143370468791749 0.156147208823582 -0.210838660009394
0.183387041506123 0.180604496778857 0.416464647716291 0.0693427003709758
0.162828486487167 0.313317535536231 0.219529762499438 0.406307958826313
0.35180138355129 0.273373220871997 -0.0304047982867051 -0.00121339335740487
0.340919176128865 -0.0103308228016408 -0.218438303895982 0.10057519180217
0.210476101238377 -0.118333361422035 0.0510777021236401 0.313831816602042
0.0834492816672772 -0.274320921774093 0.25739372472626 -0.053275699989272
-0.170561343952882 -0.199601802940025 0.000409341872433576 -0.167845269175836
-0.154556206906791 -0.0437090956981988 -0.0992522644618239 -0.0707625035062253
-0.0957554220570839 -0.0499310917384844 -0.0977985547733484 0.0321763084362778
-0.0900815748786146 -0.0917822654380171 -0.0612307334761724 0.0808703205455501
-0.0701085866785697 -0.114477845226406 -0.074579188773073 0.095878366814765
-0.0441065597704339 -0.115708590247196 -0.100953091100208 0.0627504901906913
-0.0198599590724403 -0.192231035263336 -0.110021149280612 0.024262805207456
0.209179992049829 -0.189448266044654 -0.1608803187794 -0.0872264407565101
0.262195719332585 0.0473267259154305 0.000226875764654626 -0.272544181373049
0.252932266073364 0.147786156376882 0.409266919213763 -0.0958055219237093
0.285943130105651 0.317430380785523 0.173609472740936 0.286984425022205
0.341087977416189 0.366640193184564 -0.124166628648131 -0.124906357484732
0.380740651734313 0.0751779889247134 -0.256781230334663 -0.00490345583571841
0.232048923239161 -0.118662511660526 -0.102405088076285 0.275731152469588
0.0740814653441591 -0.228010051141934 0.221037763789062 0.0450099501508715
-0.12519090706369 -0.132428642339031 0.0281879659980015 -0.158231168697059
-0.0651114953892735 -0.0324607027468484 -0.0995469595041688 -0.0887292377294705
-0.03520705922403 -0.0800588830054513 -0.115594911630434 -0.00579835680647125
-0.0569692265788718 -0.11093826124306 -0.0978345213184263 0.0316302959924238
-0.0504792849492111 -0.113156715369112 -0.0972276028255148 0.04705029477406
-0.0404437834771058 -0.0984845285531907 -0.109049825625369 0.0305188013532821
-0.0356589410982182 -0.156787631605381 -0.0948910203639579 -0.000322856686094914
0.121730384935973 -0.169604232793046 -0.142834610736029 -0.0228229351176542
0.214522861864248 -0.0774838073431887 -0.134704238293033 -0.254483340329973
0.282042862540483 0.0635748288542434 0.34171980854339 -0.186816630175376
0.375827489541804 0.267981448265765 0.0633297031692126 0.166433665231926
0.303898084871991 0.36688836219335 -0.162908584892687 -0.265852469794556
0.342247475572881 0.0771931423971434 -0.234330012234103 -0.154967132045396
0.160637828486284 -0.0999365465815835 -0.246075816076507 0.162429942157631
0.038562113501053 -0.132933036635648 0.118353262459126 0.125350470398753
-0.0615494454721953 -0.0390475350882532 0.048736150783673 -0.0966637134981874
0.0269523057905179 -0.0162735860381204 -0.0561496271453896 -0.0919407375835927
0.0221529202884573 -0.0952326219871673 -0.103266465214344 -0.0544782880579224
-0.0156545465632333 -0.113805182002571 -0.120226932402863 -0.023996784077731
-0.0169112925529014 -0.0950875983638291 -0.117518202756396 0.00766883445803957
-0.0154790026233921 -0.0622584904880441 -0.129172107707576 0.00628496106475825
-0.0323105281991518 -0.0758514335001818 -0.0946889493712421 -0.0435829864471822
0.00640826007002461 -0.0998477773718 -0.0910644373815757 0.0133230695249078
0.121277709119169 -0.158475728037558 -0.198917388920745 -0.201900576689652
0.239755187665833 -0.0365558440496058 0.245345459099865 -0.173799919584833
0.4057500743516 0.193800736159934 -0.0856442922416998 0.0681078319666906
0.261838299105634 0.26018732864027 -0.159161228664059 -0.3973821849881
0.216634527969064 -0.0120879966751432 -0.192086627795551 -0.308887303422787
0.0492701842522847 -0.0650849949824741 -0.339410548636057 0.0372278072675052
-0.0171144202978205 -0.0401306470606653 0.000229926777539929 0.168266543698844
-0.00596792345052571 0.0462000914030379 0.0634865210935633 -0.0192424881320342
0.0864729947196352 0.000696446420355224 0.00869849761593877 -0.090197347055607
0.0635521436026652 -0.0886022414514288 -0.0708182444599986 -0.105922786583503
0.0279542178740814 -0.0990059916604948 -0.123766986016014 -0.0739050725962853
0.0309429339803005 -0.0742768986066896 -0.123234599181515 -0.0189612453241203
0.0383530214908439 -0.0250757274193961 -0.146073943871866 0.000239040353515039
0.00444327956054429 0.0280809308981294 -0.101129049568293 -0.0744791151679787
-0.0809432623111505 -0.00675207320141728 -0.0579814036519339 0.0318623494589137
0.019336056675939 -0.154668832812067 -0.198278579723336 -0.164490569965722
0.157425084044324 -0.118751577371575 0.141259116526836 -0.103293012318658
0.356135377142393 0.127942029940776 -0.225270990453344 -0.00359431926471581
-0.236424492197073 -0.106024391140994 0.286511049672277 0.0752077527325203
-0.10109766605154 0.149017477861707 -0.0394332733123278 0.0512806723777991
0.0718511008386354 0.106877842352282 0.164889874939308 0.156495555860524
0.102785663466251 -0.0813784312667937 0.0592685046950027 -0.0598811229614443
-0.0551951017609523 -0.11111693973213 0.0709142808473719 0.0693262330217654
-0.114314122861528 -0.0060983541129885 0.122893622619344 0.00968915918110372
-0.0803135761259305 0.0643837019394512 0.105231693241025 0.0383776926522932
-0.0637717020100792 0.0725588553456776 0.110449590914266 0.103098156666724
-0.0871029484791801 0.0469753572187443 0.0409974983532075 0.149656672666903
-0.108586979530606 -0.0177537057561139 -0.0574857450930098 0.10043700227404
-0.0302898947382467 -0.110744034455815 -0.0908845200571467 -0.0238063539765019
0.0920137320713224 -0.0353798717123809 0.0585443096671116 -0.186792389233303
0.0241319788387521 0.0640687306034297 0.389336443814431 -0.000784349875803878
-0.0525030311669941 0.103003932432537 0.213253554848647 0.402931660207932
-0.185621663315213 -0.0798780548915768 0.165937418411698 0.506237732839342
-0.0566777743690998 -0.0655319750996279 0.294326447560933 0.105191774130791
-0.0536924725351315 0.0838749492066231 -0.00557144452281778 0.0787580050296909
0.129090627262263 0.0793043232248475 0.190190474300223 0.159116574078738
0.115321260020787 -0.170058275483034 0.0918569637342099 -0.110945157650481
-0.116107807478696 -0.179943518871295 0.0348185614600474 0.0282713485822562
-0.184176055084158 -0.0253746517452384 0.0836836341631288 -0.00135956216591019
-0.123806198553824 0.0456421498197955 0.0668472887607272 0.0499614695148603
-0.0934479597744095 0.0312111595123397 0.0776079858217495 0.129874986148276
-0.0909042523279508 -0.000609487097049799 0.00262763856192363 0.171754894764618
-0.0923084372554707 -0.0420234149202737 -0.0922076222585606 0.103013914175365
-0.0363322831652526 -0.136532574522236 -0.111678765052016 -0.0322699490351512
0.155768729182499 -0.0853664316155414 0.0484767840468329 -0.194588623480288
0.0705453060586038 0.114683718215898 0.350227524855748 -0.0208795661857097
0.05941858184253 0.136053811608977 0.280153866883617 0.372506925383541
-0.0879986823323504 0.103240939316564 0.181661988547196 0.532053292799803
0.14204597287163 0.0107767286884567 0.223550175125738 0.113042231772638
0.0570079350208492 -0.035750374218444 -0.0515078732686235 0.126905522421452
0.125331105541689 0.0226117415435189 0.208193933331164 0.217766591336555
0.109922188650075 -0.22578539844486 0.160517595223438 -0.150136792886722
-0.160875812517785 -0.218865137722281 -0.00308545686563929 -0.0443225259680361
-0.222912104100599 -0.0373834954882333 0.0160810829807875 -0.0183557507150171
-0.146233248534078 0.0200755429754258 0.0114682201420744 0.0560154800708292
-0.109145377164201 -0.0137955743082349 0.0329349322836985 0.133438201395639
-0.0869182075781916 -0.0507142460411938 -0.0269677808603735 0.169925422977091
-0.0667870126308372 -0.0750540142014855 -0.105263670875336 0.102312139866542
-0.0214601646108633 -0.158998345450791 -0.126330474775635 -0.0114585270764482
0.206077329653874 -0.128649724043331 -0.0220724051309482 -0.191744200059287
0.150646680475132 0.160857438960975 0.273760549736789 -0.101349764544571
0.119761310528625 0.164141266241917 0.359293959279519 0.244900721268361
0.0310184994846834 0.238594430320251 0.211246400287967 0.493503742062758
0.289505549688662 0.134178552304993 0.09964585294275 0.0802311641750402
0.219726425202368 -0.0770248348448451 -0.135473363365433 0.141385608253918
0.146389222973962 -0.0681958148845193 0.162718311786549 0.28165304772999
0.0896176907665475 -0.261360225359691 0.22777481650486 -0.129402117784284
-0.180839501210688 -0.225424524544818 -0.01451062878309 -0.121804779732822
-0.212752595361852 -0.0446362014350818 -0.0539712265566177 -0.0426204909960012
-0.136654811900207 -0.0126032234133541 -0.0493024873968517 0.0513358737498877
-0.107593708288693 -0.056599968960384 -0.0145004314944901 0.116927068359961
-0.080062428861225 -0.0912722661518612 -0.0512653003602786 0.140190659560535
-0.0489059219506422 -0.104576374761829 -0.10412218937121 0.0899039452244928
-0.0120991725967748 -0.182783483860911 -0.125977452613724 0.0152589906743056
0.23244403111711 -0.166878697203416 -0.111623546619227 -0.154462796723821
0.232273716983371 0.141203432500002 0.155123271596201 -0.209150618025913
0.181883056265249 0.179792317730806 0.412224316772096 0.0684796277313317
0.161116062509502 0.308709118937013 0.218540523437729 0.403786162570773
0.348819110637746 0.270744142187603 -0.030773905747928 -0.000728463582054412
0.338581518332244 -0.0106831546832977 -0.21707117168246 0.0995378704430483
0.209087931563224 -0.118017743722135 0.0507522104728426 0.311919373292827
0.0820733715221938 -0.271178224930144 0.25526125663272 -0.0541275307945996
-0.170061382811301 -0.196786177734528 0.000896828827327577 -0.166175965897804
-0.154506068386652 -0.0434276983562013 -0.0987682326332388 -0.0702960388907513
-0.0952155250210895 -0.0488214010505345 -0.095736449933639 0.0318997597490674
-0.0897674498577515 -0.0908777918832297 -0.0600648676108752 0.0800465319186158
-0.070068313693131 -0.112941460084165 -0.0737314690433509 0.0952748168665018
-0.0443304196055478 -0.114934976334441 -0.0996888696062863 0.0623666010884482
-0.0205053058340936 -0.190676884765725 -0.108753757885228 0.0239519387979573
0.20684175858262 -0.188802274846774 -0.159744123108297 -0.0864409378407379
0.260345493171524 0.0462960719221012 -0.00138868543290313 -0.268881051379968
0.250312168490632 0.147079178243916 0.405206180462502 -0.0949351517246093
0.28324419330547 0.314843368353175 0.171495400945107 0.284309809266224
0.338684705337131 0.36277494951215 -0.123104629384621 -0.123421686328971
0.377916635127344 0.0751235374513907 -0.253732503869526 -0.00419884978218913
0.23087029733832 -0.117443678781555 -0.0995664870790406 0.272687876158357
0.0735618874134699 -0.226277360535779 0.21850424598603 0.044385052855439
-0.123424697668954 -0.130269825896814 0.0271933425190314 -0.15739525513002
-0.0646757900713556 -0.031468903959342 -0.0984929443645172 -0.087790717509552
-0.0359381361907821 -0.080235630943412 -0.114491433397961 -0.00532332152178582
-0.0571648037575214 -0.109803206905772 -0.0976927210337146 0.0308413479711698
-0.0503978485457715 -0.112732743634917 -0.0970795504712393 0.0476486176026553
-0.040101046895849 -0.0971218172016164 -0.10745760572709 0.030252029491118
-0.035830651615673 -0.155473589629883 -0.0934288173613207 -0.000113022104551727
0.120376436396109 -0.168742088039963 -0.141298646600508 -0.0225255109125205
0.212246821727961 -0.0775772693421881 -0.133037221210503 -0.251352391303177
0.280913012558018 0.0634225432694964 0.339153258578674 -0.184957758765676
0.3732101825156 0.265400698897004 0.0637197536222536 0.165360394745656
0.300748300256712 0.363596394884839 -0.160871988989893 -0.263899838216866
0.338466363617919 0.075442086370587 -0.231719778591245 -0.153586057692129
0.158266470931375 -0.100043566454543 -0.243501314247119 0.162067498811947
0.0377896889372757 -0.131837010158523 0.11717939509137 0.12357295288498
-0.0611040012535074 -0.0376050603808827 0.0478435459214045 -0.0952850842115294
0.0266554173783547 -0.0151167304179792 -0.0561287147689479 -0.0908237016039032
0.0219653745746034 -0.0944456765791062 -0.102744720238249 -0.053644685337302
-0.0153684222123722 -0.112481954860373 -0.119995089924334 -0.0229830042053405
-0.0169609991836331 -0.0949949738920129 -0.115640249630827 0.00779337882957211
-0.0158807735007882 -0.061283626782458 -0.128008128297271 0.00677707592638732
-0.03221658158459 -0.0749361802844564 -0.0936317799942577 -0.0424499396276278
0.00617148115203886 -0.0983554610111778 -0.0903443225467401 0.0135380438447481
0.120086669069441 -0.157499605329129 -0.19788594183027 -0.199135265874203
0.237348454049727 -0.0356289989700717 0.24171290037614 -0.174326331227214
0.401411638889873 0.191166281000709 -0.0844897691668235 0.0677235820266777
0.259523080063592 0.257838623351379 -0.1593122045194 -0.394266463669159
0.214149119385641 -0.0124232587716381 -0.190436736975 -0.305872732148993
0.049407929002204 -0.0652056829756647 -0.33766979735328 0.0355149475506299
-0.0173384769344109 -0.0394497352570128 -0.000106583367804012 0.167265412516327
-0.00578599705798645 0.0458761200014768 0.0625701758882591 -0.0190073821252282
0.0854465554732365 0.00113517557412555 0.00800714966320399 -0.0886134369248106
0.0627193006191944 -0.0865872920869844 -0.0702752539514166 -0.104763010521966
0.0286003143824151 -0.0977014252867051 -0.122753764177224 -0.0715207868158177
0.0299528232479818 -0.0736355865703894 -0.122657255543669 -0.0179571044119328
0.0381277115821329 -0.0254268790600694 -0.145273280800577 0.000877060180381084
0.00521357023020764 0.0278940206057453 -0.100649058006164 -0.0739677615373099
-0.0806153002556302 -0.0053823522028399 -0.0570349911023168 0.0317072849839857
0.0179387181334074 -0.152810735835205 -0.19709046417446 -0.16172787793166
0.156366941067337 -0.117940051218222 0.139229823735209 -0.102361944864441
0.354436583153017 0.127045612966719 -0.223377878927447 -0.00329751241608409
-0.22849721497963 -0.101177273964748 0.279577712379941 0.0683905812818378
-0.0995507653646136 0.146953825421153 -0.037320497999115 0.0507380389969286
0.0727755157099993 0.105484638992246 0.164763349529307 0.15062648729848
0.100907182220222 -0.0811096154120234 0.0570574649773744 -0.0594149268386611
-0.0568371012309801 -0.109446960343964 0.0722786516214812 0.0670851959342757
-0.113537976040045 -0.0056080368452359 0.122100860280579 0.00844789234396606
-0.0795356229812344 0.065297677410643 0.105377277286869 0.0362068919314615
-0.0629530787699902 0.0732112124143869 0.112443981529477 0.0992093573401509
-0.0867616074231758 0.0484885591323984 0.0433726228672366 0.147435379866828
-0.109196924814024 -0.0175410094011823 -0.0546563525952453 0.100292409131144
-0.0317509389951489 -0.112551408889341 -0.0895034308349831 -0.0217996062790486
0.0934930793088861 -0.0353967031678153 0.0540641423695167 -0.186096856985352
0.0246422593172822 0.0666078769350234 0.386554951572704 -0.00925404184011566
-0.0539937591870365 0.104165162200012 0.22025557840756 0.395369016593302
-0.191553413525614 -0.0795314714831323 0.183198635460232 0.496885253329405
-0.0532820168239165 -0.0636791988712146 0.288544373331948 0.0983954538592824
-0.0516905474116426 0.0840516257895609 -0.00374726090627795 0.077282291086471
0.131072478892722 0.078648811602901 0.1889878877182 0.153892381036202
0.113874488128028 -0.16929812576572 0.0880904814533886 -0.109848764672629
-0.116989255677414 -0.176666473460843 0.0352122474807528 0.027576711579388
-0.182511535045022 -0.0224393348851826 0.08306291322299 -0.00297084212435066
-0.122522415015983 0.0463862055304046 0.0682139450169921 0.0473856793794761
-0.0923505154650528 0.0327359622869056 0.0792807194292269 0.12604813426412
-0.0924198741451244 0.00155866838541984 0.00614871706669902 0.169930455206087
-0.0942049492303645 -0.0424877731834738 -0.0888462513057577 0.103870714346446
-0.0372493869617843 -0.138271992818981 -0.110682504656242 -0.0302834570615226
0.156633932627832 -0.0869560711601364 0.0441819848166667 -0.193359864133868
0.0712553077367176 0.115171902496365 0.347363018043335 -0.0289707658216832
0.0576736828455632 0.137178360482 0.284627619688771 0.364795529249789
-0.0929828034632016 0.102293530406802 0.197267983398361 0.521229071565856
0.140900067204234 0.0112485633929599 0.220255874504693 0.106075708543307
0.055344370131816 -0.0334819517169588 -0.0488615823296496 0.124965652946565
0.12599636488406 0.0222955997508691 0.20737647721451 0.21060635016555
0.106677887114253 -0.224266083249588 0.155153445326723 -0.149026137092867
-0.162391160512893 -0.21537283564688 -0.00326537894022724 -0.0432871090789473
-0.221124045467772 -0.0339658987416053 0.0165936431874107 -0.0181282262145955
-0.145851760554607 0.0218913137283053 0.0125545000010699 0.0554877548392656
-0.10971830210826 -0.0115876015475449 0.0356936509943155 0.131171081894431
-0.0884484527338754 -0.0492419938666058 -0.0238310988917601 0.168309577001182
-0.0686159359720474 -0.0756326089268575 -0.102513405936269 0.103124625910865
-0.0229393543292027 -0.160651703340016 -0.125396911103851 -0.00870345185466696
0.208524413392993 -0.131073789091279 -0.0255977486665764 -0.188806950739246
0.152409623899814 0.161074496519882 0.267897483605571 -0.107116304937981
0.118519720895316 0.165376277296996 0.359766171454977 0.235844890715878
0.0272824741297992 0.237287601548415 0.223007390513918 0.481852252581876
0.284463079229263 0.129659265324081 0.0998100453893255 0.0757496657525337
0.213678329416011 -0.0753792746565242 -0.13200050716329 0.139343858955627
0.145957206076872 -0.0669294670066511 0.162660598418594 0.273217112000698
0.086162140612531 -0.259540200846767 0.221128374205141 -0.12819773507362
-0.182529386417437 -0.220750853117024 -0.0157912989173248 -0.118674660313947
-0.212222796918958 -0.0409098620073943 -0.0544317319681587 -0.0415011899581832
-0.136531396767379 -0.0104904151772897 -0.0478927956571327 0.0524746374421168
-0.108616587167699 -0.0543773596494519 -0.0114938262945023 0.115255826119075
-0.0817672752776063 -0.0903078573537935 -0.0485457518855486 0.140462249853258
-0.0510199749413221 -0.104788148665619 -0.100657220402979 0.0909199748346107
-0.0138059638802721 -0.186249516150077 -0.124031269406036 0.0191372391365789
0.234269775861608 -0.171055311471365 -0.114782904744957 -0.149599362956738
0.233030519126081 0.139427972614896 0.14501641386972 -0.210574349799901
0.181574710639318 0.179819931030872 0.408606271258086 0.0594065970527208
0.158309934193971 0.30799184724254 0.224540247590431 0.393494082998012
0.342154862974689 0.262121298333141 -0.026976260902409 -0.000738247345281974
0.330755284900031 -0.0105755443985839 -0.210925707695821 0.0987548922926405
0.206218187133581 -0.115214267977215 0.0530090705769839 0.303178149589295
0.0799421404351923 -0.269596079631834 0.248562756473238 -0.0536939100799366
-0.171915441254767 -0.193778508207364 -0.00218337984347601 -0.163266952054477
-0.15455338468743 -0.0393374623749866 -0.0983243155988438 -0.0675741053654771
-0.0959685494785048 -0.0475584385455689 -0.095050734971969 0.0329081909940262
-0.0902921543062695 -0.0888771990482194 -0.0580867338833698 0.0802599071122913
-0.0721494074629832 -0.112547893827082 -0.0714898673226338 0.0955894839663086
-0.0458076608582697 -0.115372646732193 -0.0980312327223111 0.0648982353653587
-0.0219148572019449 -0.192355548579337 -0.107093137368154 0.0268229634841176
0.20757978512093 -0.192363274215884 -0.161090144140665 -0.0804652664465455
0.262408516953624 0.0443470832397702 -0.0105170375788933 -0.265881184511155
0.251456843760697 0.147286198774114 0.39776284747011 -0.103233966324585
0.281291255560619 0.309970215334551 0.174422854239775 0.277158104952285
0.330590644509246 0.3501178849508 -0.119623784635822 -0.11814406779776
0.368852327598537 0.0732560287184317 -0.249499286843391 -0.00328040285250119
0.225769375469387 -0.115566619830412 -0.0960834562655764 0.267585020123866
0.0733596734650361 -0.223941389666926 0.214187931767412 0.0426835226614602
-0.126252818193973 -0.128204374170509 0.0244131602955399 -0.155484216486538
-0.0645068202417929 -0.0297886395506123 -0.09870306174559 -0.0857511961423275
-0.037548576622757 -0.078647222755999 -0.114074450518284 -0.00254499275093053
-0.058041863377534 -0.108014099868464 -0.0969740020136839 0.0330485227250458
-0.0521750941211157 -0.111649620244681 -0.095453213019634 0.0486780241903945
-0.0411540988244736 -0.0988905560804455 -0.106348492002158 0.0323362098111287
-0.0381317650300186 -0.157307358532561 -0.0930369086869528 0.00256860479663264
0.119724841903865 -0.17137720239327 -0.141022862012696 -0.0178262127392288
0.211585069006302 -0.0806555425071126 -0.14012046003332 -0.244210350131541
0.281386164377536 0.064341781612353 0.330951719359401 -0.190560145618841
0.370234138120594 0.259114764010412 0.0624392003127231 0.16383414741516
0.294627865314704 0.350587837458663 -0.15919331594997 -0.255059033914129
0.330631347871757 0.0716360678618516 -0.228909216841107 -0.150488869873896
0.154773900525689 -0.0976153991960722 -0.236746888573157 0.15904962334368
0.0373422389402176 -0.130066292613567 0.114618117640478 0.121071888294849
-0.0610682207239795 -0.0364261559707802 0.0457163721982605 -0.0949661262135903
0.0249292953176967 -0.0155941187834191 -0.0559753461972973 -0.0889096864767814
0.0200001828142747 -0.0944985306579407 -0.104103534426444 -0.0518751119941264
-0.0174105497733927 -0.111639455274283 -0.118953759376035 -0.0204730961334222
-0.0186388352299603 -0.0948676800676943 -0.115872359468166 0.0107298139493834
-0.0162418277331539 -0.0624972623236707 -0.12705315637696 0.00950391943612566
-0.0321271826804719 -0.0759889115747588 -0.0942566217048846 -0.0410141189877039
0.00573708760413449 -0.0996979036294138 -0.0891874235544646 0.0163192247439376
0.119543052103608 -0.159574908975653 -0.201210623036362 -0.191240626370719
0.238800732021511 -0.0354554420556945 0.236513036187026 -0.176328960411789
0.402294163844796 0.185825561304912 -0.0870196257434243 0.0723073554821059
0.253189938308386 0.245094173631291 -0.159477761243728 -0.382310387427174
0.208058011229883 -0.0157035287912942 -0.189834572727116 -0.300348163555378
0.0447683627088839 -0.0631731272399415 -0.332217450516983 0.0368052688658151
-0.016775305064248 -0.0378092288216826 0.000590257425154195 0.164074209009414
-0.00529710442256373 0.0452417372491316 0.061165713320793 -0.0190195376993558
0.0843968828347829 -0.000758583698090805 0.00559642250105967 -0.0872858270148908
0.0603409384145626 -0.087194707176329 -0.073024955126148 -0.101692804298281
0.0259875306301586 -0.0984857581269066 -0.124318840970092 -0.0689870501666777
0.0295106636736601 -0.0742510703072529 -0.122838885410634 -0.0162359402219172
0.0386849993981734 -0.026496038083893 -0.144672693443568 0.00275997694989015
0.00586287882326151 0.0264564670751975 -0.101729513766379 -0.0715679420542474
-0.0808852795356266 -0.00574240577679455 -0.05580561166627 0.0332034160378826
0.0180047737496548 -0.153314414177552 -0.199192506896244 -0.154192192398181
0.156225088659567 -0.117145364681801 0.136052454246477 -0.102616451089339
0.354777060379223 0.120615649137365 -0.225087586022568 0.00628420356550708
-0.227003149620076 -0.100915540022439 0.27715327178792 0.0698099031930154
-0.098670971263054 0.146525896061369 -0.036697492574391 0.0506268296101355
0.0729580875045627 0.105300994234481 0.164562638822631 0.149491047237158
0.099559056306669 -0.0806781608762261 0.0572701265957331 -0.0587456819081318
-0.055737481351378 -0.108287516719507 0.0712892399805696 0.0670253967672305
-0.113160956576697 -0.0051906998736943 0.12084529191198 0.00786568001107611
-0.0782602579612355 0.0645336983222065 0.105159623384461 0.0352603387161346
-0.0623626925575483 0.0730193293804949 0.111432813083746 0.098805598581955
-0.0861815039260571 0.0476112609923773 0.0435696304038711 0.146135834796553
-0.108068983211936 -0.0168258785262547 -0.0540413037205183 0.0998239126325743
-0.0317344686860571 -0.111107994282167 -0.0884003193504519 -0.0219480113552476
0.0930420563972133 -0.0353294258809319 0.0540347254849053 -0.185345428978254
0.0242648777115843 0.0658199035806299 0.383118253444627 -0.00895106551488536
-0.0536472404199537 0.103222659666399 0.217710433644994 0.393370276773954
-0.189568246400467 -0.0791718166420815 0.179884605140749 0.491301203879838
-0.0519019563963052 -0.0616367278036968 0.286361763374195 0.0979037352566092
-0.0515518787670317 0.0827524743383314 -0.00378573383239463 0.0769039895567932
0.129689052017485 0.078387693863061 0.188330404812126 0.152868738121217
0.111871710239345 -0.167796754379133 0.086484499753587 -0.108834707748251
-0.117237473228281 -0.175107674976284 0.0354860333798642 0.0280132032756392
-0.180847774704758 -0.0227279832856817 0.081909253920874 -0.0025919715771729
-0.122291168595258 0.0462753196193678 0.0680301634869318 0.047413647243401
-0.0924367096341657 0.0328711558608449 0.0786874676246848 0.125089031338679
-0.0913675958976114 0.000572455310216257 0.00673209431088618 0.168546089735945
-0.0936027134184063 -0.0419810934355276 -0.0888782663932355 0.103262901731153
-0.0369894253737327 -0.137232724900929 -0.110089751709405 -0.0288117470208384
0.155662182033068 -0.0861900619737331 0.0448941857056245 -0.192115306665104
0.0707274613231577 0.114324912571051 0.343114289006096 -0.0285148268667606
0.0578083241852374 0.136855107631888 0.281726446525488 0.362218806791398
-0.0925067486033466 0.101595744744108 0.195087726203884 0.516813690169785
0.140127215706327 0.0111844520017555 0.219222343533953 0.106169451676756
0.0553500375149803 -0.0335929853569076 -0.0487189340188127 0.123976644818613
0.125468219550632 0.0224649588120704 0.206287206529569 0.208882635525742
0.105560178557258 -0.222579590728493 0.154855431332839 -0.147415816485143
-0.16141207165303 -0.212995563228479 -0.00348097700820803 -0.0426688949219007
-0.22001869712028 -0.0328257052184482 0.0161717040256225 -0.0178444360564508
-0.145268362928402 0.0231751136501622 0.0122661367820228 0.0549003840309169
-0.108816230962385 -0.0116779750851549 0.0363502833854202 0.130589496734293
-0.0882758287258124 -0.0490336398078964 -0.0235436372486722 0.167150725914084
-0.067974233267783 -0.0742724554323442 -0.102088534020416 0.102331670349159
-0.0230269225588551 -0.159286175766567 -0.124019936853351 -0.00876411210547061
0.206846880460064 -0.129888647739868 -0.0254238171645827 -0.186875478225766
0.151103107757765 0.160266577235024 0.26622502318898 -0.106711927060363
0.118180639371148 0.164140943808532 0.356719875459855 0.233882031602755
0.0265105786389352 0.235147961454466 0.21897406757914 0.479271835729941
0.282250672191592 0.129138073148421 0.0990810440510269 0.0753884775251948
0.21232763373198 -0.0739765143027596 -0.131037606984795 0.137860539866748
0.145394906374185 -0.0662338475177794 0.161407987240416 0.272988166512376
0.0862859559850857 -0.258234012044913 0.219980752159534 -0.126770556808334
-0.181854770289957 -0.219068337916354 -0.0156472849148311 -0.117861833058798
-0.211301595173144 -0.040812103566432 -0.0532262180443665 -0.0412559995000565
-0.135481376636468 -0.00955941458598017 -0.0471061795723529 0.0515783070292593
-0.108329709874043 -0.0535806280229528 -0.0108513788027084 0.113765056634558
-0.0815785173302954 -0.0893689641346655 -0.0472138506703204 0.139500236221253
-0.0501185509504145 -0.104274044082286 -0.100904611235444 0.0893701448845654
-0.0132202518682095 -0.184361487649285 -0.123012846177843 0.0177100795228773
0.234318902562937 -0.169477517424807 -0.113679946666642 -0.147551121553488
0.232230975813287 0.137794031201807 0.144634309984055 -0.209178534330794
0.180683602978634 0.180008126355439 0.4050359172218 0.0590370437897784
0.156760017869732 0.304784262882257 0.222440112811533 0.39165448501383
0.340379040937131 0.259416938845493 -0.0268996516914395 -0.000669926978944754
0.329232114712673 -0.00953895505771157 -0.209229515105764 0.0974714093118528
0.205068580717271 -0.114646531416976 0.0520910299437977 0.300554602364251
0.0794609326935557 -0.267892720417252 0.246608210331986 -0.0532714742079975
-0.170382929937251 -0.191982935605695 -0.0016104227103828 -0.161362345644195
-0.154325947287857 -0.0397349577904368 -0.0980035549736109 -0.0661171594035513
-0.0955617362675121 -0.0464913007808758 -0.0939129476101449 0.0330450582010202
-0.0899319450332802 -0.0880108946100107 -0.0579707261277433 0.0801351475930521
-0.0706946704330648 -0.111739167101936 -0.0705268499832337 0.0947204268469724
-0.0461519519696527 -0.114195201703383 -0.0976333472066063 0.0636510162934985
-0.0228299687982402 -0.190320600446892 -0.106942995682757 0.0270614360144019
0.206597739952406 -0.190669236605903 -0.158991718212587 -0.0794819760137494
0.260378280204469 0.0441888967472643 -0.0100049797656899 -0.263029350200464
0.249605271137677 0.147789086251022 0.395229632749298 -0.103447772203577
0.278170861172159 0.309053181919591 0.173764489472415 0.276136276470354
0.328677010535904 0.34577848865485 -0.11930215386074 -0.118048043798572
0.365923058713231 0.0737571357348973 -0.247439838064006 -0.0045690538671693
0.225323928448154 -0.115053187337356 -0.0983734922498643 0.266823504262089
0.0723657645712544 -0.222135697869728 0.212527991692091 0.0417179367723201
-0.124632633487701 -0.12769756766592 0.0237418720596599 -0.152427266436435
-0.0637623353982359 -0.030372145519721 -0.0971253426954892 -0.0835187787530593
-0.0377565566243211 -0.0780892319231572 -0.113100349795338 -0.00347061469472677
-0.0576389165519305 -0.107623893991825 -0.0959910749507793 0.0328127581370651
-0.0520630391676972 -0.110509110255656 -0.0956709024803684 0.0491732857394761
-0.041197182569142 -0.0970491410464759 -0.106197120391023 0.0318203309596023
-0.0374811092668305 -0.156336658371441 -0.0925246646401706 0.0018874582399795
0.119562417073354 -0.170854790236773 -0.139971399569393 -0.017500732656477
0.211527077671764 -0.0791601588647437 -0.140643167311348 -0.242480253654232
0.279485401504387 0.0642698864217629 0.326778293787065 -0.189689468258248
0.368890196281237 0.257771160999976 0.0619174804879851 0.163566751173938
0.293581399037393 0.347746328262362 -0.157241417200277 -0.253025705896207
0.329163694499429 0.0725894904519126 -0.227230760145203 -0.149395175422731
0.153874797015083 -0.0972581797581909 -0.235913891333808 0.157210403330643
0.0368628742208132 -0.128934536383465 0.114467725895954 0.120080797012656
-0.0615133113809575 -0.0366883042600206 0.0447476224037104 -0.0937025441268595
0.0248989737153746 -0.0152569339748623 -0.0554829545336378 -0.087722978952709
0.0192367423663727 -0.0933831469122366 -0.102660382263517 -0.0511550589685769
-0.0177604520310376 -0.110806033999591 -0.119150112819639 -0.0192828287246778
-0.0177688403008846 -0.0939393621194472 -0.116030048354479 0.0107183794848532
-0.0160637725071367 -0.0609327461707468 -0.125889225622567 0.00905540873167556
-0.0326000154441207 -0.0749679679312206 -0.0936698091875167 -0.040803341503445
0.00509327752568242 -0.0986383152596179 -0.0881005960191873 0.0166089372402666
0.11896121578794 -0.158968925096885 -0.200083029142349 -0.190301901698678
0.236798183584255 -0.0343882512504733 0.234912603191085 -0.175703551079687
0.398280106797483 0.183901139806255 -0.0856063353682178 0.0722307492661815
0.250816668757252 0.243396120755082 -0.157179076764626 -0.379617177782202
0.206293511045592 -0.0152544764556894 -0.188063988413064 -0.297992629947136
0.0451911051552579 -0.0627558216777356 -0.329276132565111 0.0367588159895918
-0.0158266444860825 -0.0375659513283465 0.00126452886510612 0.162611370265463
-0.00554858921930617 0.0452391890714625 0.0597399091917692 -0.0188466985020336
0.0843357091412231 0.000152135527541733 0.00603974207138371 -0.0875827209196681
0.061221482324945 -0.0862989052157706 -0.0721284115975761 -0.10138977457974
0.0258388718316145 -0.0970568918159749 -0.123706142675788 -0.0679419504813344
0.0289612374126673 -0.0734121208592224 -0.122204541921539 -0.0160540222486294
0.0371716370581579 -0.0256171326832165 -0.14365810415671 0.00241826661293143
0.00603650316481724 0.0261195372377246 -0.101473992708599 -0.071547472894353
-0.0805159304694873 -0.00599567488972657 -0.0549684237779956 0.0329520801270555
0.0183739053133145 -0.154140110410934 -0.19810897952029 -0.153099397811438
0.154479078155882 -0.116249515171572 0.135152436691937 -0.102077639141247
0.352092261797463 0.119794742340338 -0.223583202079712 0.00570728063587777
-0.225432744932717 -0.100946726414842 0.275559738394982 0.0702135181396326
-0.0980802048331561 0.145892486273004 -0.0373623901160984 0.0506959604767361
0.0719389572190265 0.104829409118437 0.163652152210214 0.148265945453372
0.0988781236608861 -0.0799019717300808 0.0561316061931019 -0.0586014124174282
-0.0554291191412749 -0.10873123871314 0.0711049520926094 0.0669816992184317
-0.111285427019694 -0.00601149768941001 0.120158040009002 0.00883860999356328
-0.0775744082338863 0.0637863038884236 0.105103060908226 0.0342813698815344
-0.0623573302529515 0.0728311425120617 0.110574394519797 0.0973243651509064
-0.0862352966394508 0.0471411998452872 0.0434423199242657 0.14585103657034
-0.107731834085697 -0.0176477246574492 -0.0538711535671536 0.0979533895384953
-0.0318110395766749 -0.110694300185434 -0.0870997003967953 -0.0219012129199245
0.0927740643670352 -0.0351257984226375 0.0546186336432473 -0.183705448634797
0.0243634243257548 0.0656713987592645 0.381651172122961 -0.00745357298140166
-0.0539862765114755 0.103855114457645 0.214682028318216 0.391661616825606
-0.18865842938938 -0.0790080760692353 0.177397369617411 0.490720522810974
-0.0529808496275134 -0.0620721479924231 0.28445699699273 0.0989929712551883
-0.051368726866181 0.0821012524534689 -0.0039159066340846 0.0760452929041206
0.129017219026441 0.0778442288291436 0.187102362481517 0.152722212902213
0.111606183180233 -0.166915044238785 0.0872964947065125 -0.108290523961375
-0.115609398104473 -0.176047062062065 0.03530687229701 0.0282681493010257
-0.180390498781121 -0.0230262761591548 0.081910170803026 -0.0023032424773451
-0.121749475679318 0.0463810925095697 0.0678088581355937 0.0468381072419006
-0.0916820593347114 0.032674120231529 0.0787238592720115 0.124157788200491
-0.0912148546614704 0.000984310541887475 0.00634690664989942 0.16787911272015
-0.0929717331181231 -0.0417721894498096 -0.0885130262264852 0.101722950928416
-0.0365340539637524 -0.136349948133174 -0.108707203078334 -0.0298543480286299
0.154937125695211 -0.0856905928732301 0.0445670898561184 -0.190845040299303
0.0704178798674952 0.113894973816073 0.342142794865071 -0.0267908680228277
0.056419730251411 0.13611736456588 0.279055017611975 0.362254186795939
-0.09274108356447 0.100787493723525 0.192568017732012 0.515347755772385
0.13874989218429 0.0106205921188054 0.216737496488432 0.10567591820943
0.0553603769580228 -0.0329406920319105 -0.0487174592079224 0.123114680714514
0.125021477637308 0.0225893496808726 0.204882594907353 0.20710245747829
0.105798576644318 -0.221591565190853 0.153693385894985 -0.146317451371232
-0.160790351444531 -0.213393689302166 -0.003575802129862 -0.0425343296394937
-0.218902277507455 -0.0327519201169719 0.0162895769419072 -0.0176698766055829
-0.144013360147231 0.022699643314413 0.0126772951707079 0.0546663575492187
-0.107856363822246 -0.0116273871945079 0.0358037973345046 0.128957070736718
-0.087847023984203 -0.048992875307623 -0.0222214278858636 0.16625184344395
-0.0682750632628835 -0.0744766043127085 -0.101286591611203 0.101021786768766
-0.022591400611662 -0.158550604831442 -0.123359573837175 -0.00899431959971255
0.205767752819583 -0.129825228575781 -0.0245912138665223 -0.185491248016392
0.150034148233392 0.159528700135182 0.264709453130252 -0.10453051499477
0.116761785585416 0.163515602294359 0.355515891577777 0.234670043323251
0.0259680959304039 0.23444713661827 0.216817291641572 0.476743970662302
0.279642150192927 0.129779307059487 0.0980990244340126 0.0750432767512925
0.211066876343843 -0.0738768643753887 -0.131023237151497 0.136786813783378
0.145728782125614 -0.0648601155941834 0.159791628062516 0.271280579968622
0.0850778563206221 -0.256468122536127 0.218307117075891 -0.12547720540909
-0.180966501743698 -0.219552944826949 -0.0149340880922833 -0.117990145027084
-0.209648526824843 -0.0404145471977067 -0.0526106466843286 -0.0407569773953013
-0.135207395444454 -0.00962496336099528 -0.0468641217366314 0.0510992060002185
-0.106824255982572 -0.0533577300731713 -0.010886042631284 0.113243342505028
-0.0813387120555765 -0.0884266682114396 -0.0478768921117972 0.138819975813646
-0.0502066795169296 -0.103452704974874 -0.100431884759828 0.0891470313653248
-0.0142312749164885 -0.183987973657994 -0.121727419384133 0.0173921527529191
0.23147050345365 -0.167996515503697 -0.112445719963561 -0.146762025430975
0.231537863947496 0.139083262837851 0.144890223580485 -0.206626993537088
0.179671690908688 0.179669013828335 0.402099125907055 0.0606607006265715
0.154768766531236 0.303705474931942 0.220151327243296 0.389132563337341
0.336959971044593 0.260404959095327 -0.0275600700355764 -0.000628833420411326
0.327589325930595 -0.00788754078438079 -0.208675789897153 0.0964657224817549
0.203643288827401 -0.114106262138343 0.0516849367581327 0.29891476093432
0.079068653005848 -0.265685695264299 0.244454814131794 -0.0520252821695402
-0.170200020964829 -0.190859129088882 -0.00151437725654937 -0.159888726613441
-0.152979713563242 -0.0388153085302982 -0.0961313501726668 -0.066657591704846
-0.0950646035334144 -0.046083838029362 -0.0936654145145071 0.0321916779802272
-0.0899038617583407 -0.0866234755403137 -0.0570728732657978 0.0795244578238011
-0.0704536083694637 -0.110125030935749 -0.0703758937131301 0.0944083962878151
-0.0458253426990419 -0.113193903036378 -0.0975996638191167 0.0626838317738236
-0.021443762139406 -0.189800664719283 -0.106317837985793 0.0257467435501787
0.205668547288516 -0.190642170411949 -0.158048038322597 -0.0786293478951507
0.258884464138812 0.043208544628083 -0.0098230274645168 -0.26222903492243
0.248428229534922 0.147330373698331 0.393956428228621 -0.101184641994869
0.275438370295923 0.307325297359373 0.171163947395784 0.275404048140671
0.326404678368915 0.346835616869714 -0.118509869920517 -0.117234046959118
0.363760475997282 0.0733197232227616 -0.246723250291817 -0.00591273961520819
0.223480170755043 -0.113470151947741 -0.0963457678698896 0.263290602097367
0.071188941658713 -0.221749761741753 0.211413112343789 0.0422883002497361
-0.1247296421567 -0.126775825908776 0.0239424677047213 -0.151822266727387
-0.0639020545778219 -0.0293249734238279 -0.0962545124970488 -0.0832818860077158
-0.0368948281885737 -0.0779130599919046 -0.11228326853725 -0.00340286574525577
-0.0577677910083733 -0.106500766727091 -0.0952095006044395 0.0327219041887976
-0.0517662368521704 -0.109328574693509 -0.0955974848334301 0.0491716020543665
-0.0409725558737793 -0.0959411987976115 -0.105187788530008 0.0321922535627573
-0.0371245262521917 -0.154434237290495 -0.0912813406873437 0.000938904882239003
0.118912414283142 -0.168658169789478 -0.138034041237334 -0.0176275544654893
0.211081648968795 -0.0781055655440308 -0.137741655823108 -0.240311824850017
0.277860705271677 0.0642977926962653 0.32580465808517 -0.187629939800747
0.366047724979512 0.258816932781501 0.0613027952490502 0.161004059273074
0.289700843081564 0.347857075734218 -0.155788881267602 -0.25258595738489
0.326264768270093 0.0725772345906515 -0.226014981216307 -0.149278538861682
0.152673253602081 -0.0961494596138077 -0.235147924239037 0.154622983885869
0.0372321381497685 -0.128122491067075 0.113399047682645 0.119326613607198
-0.0607261424369067 -0.0363638585362083 0.044088041385682 -0.0931108255212631
0.0250263041421002 -0.0143436712887471 -0.0547195763312495 -0.0879182554284626
0.0202170620007222 -0.0924063571857679 -0.102383850477282 -0.0508574262077359
-0.0174720787498396 -0.109383672656862 -0.118049836183738 -0.0192236332685929
-0.018566965860131 -0.0932805608518595 -0.115001365096457 0.01021980587095
-0.0154093422490362 -0.0606854414471433 -0.125413430374928 0.00859845003704098
-0.0322219087860773 -0.0749339469453583 -0.0928994516554661 -0.0405535057143502
0.00522422480520565 -0.098140452736078 -0.0874044787325099 0.0160233805737403
0.118470061454434 -0.157759407214465 -0.199344698233392 -0.189143883754779
0.235982723782442 -0.0332847695885878 0.233424128599698 -0.174835640010963
0.396179740636125 0.184590712912511 -0.0854834713637785 0.0715450435331814
0.249491403659922 0.244315935470104 -0.155719025756226 -0.378022564814208
0.205998140501475 -0.0139445505592361 -0.186784551069269 -0.29747273058719
0.044632382580186 -0.0635522292113735 -0.325299188103467 0.0371158712604934
-0.0161654979297678 -0.0375008425384701 -5.19897588928733E-05 0.1619304402523
-0.00610001259900351 0.0452622926764905 0.0590481148614554 -0.0183471531626118
0.0830624178251275 0.000193878724607598 0.00616463598313905 -0.0871142228477502
0.0605484282993028 -0.0858505650257982 -0.0721126909909422 -0.10085156582376
0.0254233640558461 -0.0965008945670033 -0.123526546416598 -0.0673593053599911
0.0298116743121799 -0.0735397640474184 -0.12188016933197 -0.0157440175844996
0.0379201082412263 -0.0257518880044536 -0.142840659599452 0.00267687810219946
0.00583377626961948 0.0264367524230207 -0.100894388489393 -0.0711914094257953
-0.0797489992278841 -0.00558933661823554 -0.0545518113617507 0.0322824901791577
0.0189528447893636 -0.153059051268283 -0.196307527722089 -0.153263417013025
0.154734345315037 -0.115611618249583 0.133712402839202 -0.101747770383837
0.34985184944473 0.119775534576129 -0.223065391558967 0.00554382634793969
-0.224051648414909 -0.100493290547806 0.273966155791536 0.0706504047319041
-0.0976097605794408 0.144426204086179 -0.0364314646286562 0.050580666415482
0.07116911275145 0.104631785440849 0.16161702892378 0.14858223315492
0.0990465069425877 -0.0796719358843845 0.0559522228312326 -0.0591028318164497
-0.0551718064054966 -0.108577332554708 0.07061326865847 0.0670663531798291
-0.111336739731981 -0.00667775470045759 0.12036695783635 0.00887923878684247
-0.0771300925546075 0.0638104936604051 0.105326199328951 0.0348471145061226
-0.0618210940963413 0.0721219042973282 0.110219632469557 0.0968909985734955
-0.0854775113731666 0.0470560609607973 0.0437179309641176 0.144758408853976
-0.107032649969423 -0.0175078197351531 -0.0540323243798642 0.09775200580566
-0.0317982384507362 -0.110015338458807 -0.0872514947204419 -0.0226834716687863
0.0924432447303445 -0.034584998708957 0.0551902958604747 -0.182719565146664
0.0243779050817643 0.0660066304706698 0.378559338523359 -0.00598861102712691
-0.0533326297645815 0.102480820578577 0.211539579971203 0.391057103766715
-0.188837661209846 -0.0791069368782318 0.175283351773601 0.487273941800372
-0.0526427270077934 -0.0620395532473059 0.283156201074999 0.0995200144841002
-0.0513254008150299 0.0814715661067263 -0.00398664916983957 0.0765190517245544
0.128554626016315 0.0782575308328061 0.186235898359477 0.151529436455364
0.11063116863209 -0.165313030301992 0.0862147550724556 -0.108522786087436
-0.113880143259248 -0.174652985543953 0.0351468746076108 0.0281631189680983
-0.1796288541371 -0.0228141120032071 0.0814857231424123 -0.00199551966896753
-0.12134402301817 0.0462360290892382 0.0674297337526223 0.0467822626398103
-0.0909256740550985 0.0319646699599243 0.0783341656221484 0.122630523517535
-0.0904941193016921 0.000580112590031889 0.00679899037265706 0.167701414578292
-0.0923342828299263 -0.0422138000478271 -0.0879262627928186 0.101913262265531
-0.0364352900248234 -0.136472512196329 -0.10790939670011 -0.0293360643220225
0.15470908537027 -0.0847299220797035 0.0453093626140712 -0.190229281125402
0.070041898182374 0.115032711978812 0.340543076097805 -0.0258790807269825
0.0560339040277491 0.1354977444482 0.277257469615876 0.360444005469056
-0.0924193266710428 0.0999637935272846 0.188957194241732 0.513127115923207
0.137564760090069 0.0114848304289631 0.21558241100806 0.106857981517987
0.0545195809892527 -0.0326529881954183 -0.0480676938503094 0.122408281240307
0.124484940359095 0.0231813747196322 0.204229807318367 0.207761053547227
0.106212093624513 -0.221388041247286 0.153551620160207 -0.145748032620818
-0.159248273422706 -0.212463154638588 -0.00274573940101369 -0.0421873451556603
-0.217411541095143 -0.0331184744778399 0.0163764502398675 -0.0169333323130337
-0.143911824338077 0.0227725732175255 0.0129272997332162 0.053942757636451
-0.107981942351191 -0.011740793770201 0.0360785777673181 0.128013156381613
-0.0872641943874805 -0.0480853710713548 -0.0227166837381124 0.165139848473183
-0.0679073033002837 -0.0744712449556226 -0.101118576515529 0.0998933481027452
-0.0221831983649105 -0.158105018760322 -0.122503966874632 -0.00883530192798311
0.204087321598065 -0.128417636403553 -0.0240728170282502 -0.18409951768308
0.149025397019701 0.159552118578113 0.264680116699599 -0.103448828694338
0.115837011724734 0.162624960963835 0.352089730875649 0.232360963895744
0.0249272062637703 0.233033888002564 0.214199854873597 0.473474968229583
0.278261159041654 0.128601022359726 0.0969071091749037 0.0753858938566173
0.210566616951752 -0.0730527001653467 -0.130396989300453 0.136075478551824
0.144981639054164 -0.0645112208999094 0.159659861793498 0.268516051574485
0.0854680472658127 -0.255468128988196 0.21688117698834 -0.12498940669773
-0.179681003004878 -0.218238795708934 -0.0151211805785106 -0.116605081659832
-0.209015930484252 -0.0400951043821608 -0.051984638662548 -0.0399933604448882
-0.134364370234302 -0.00973839567960379 -0.0463486768231917 0.0506103021883539
-0.107096544046581 -0.0530661152638711 -0.0115680300121819 0.112710296729257
-0.080812951507966 -0.0876603103181812 -0.0477726263486558 0.137831537169864
-0.0507946396928166 -0.103232902072494 -0.100358452292784 0.0887196612024377
-0.0137592103517126 -0.182322932125427 -0.121174768953226 0.0176271608375621
0.229784541528435 -0.167050974652039 -0.110269100154867 -0.146349215774448
0.230113739480581 0.13848344813952 0.143827571958455 -0.20513477335033
0.178304634523971 0.179013490603438 0.399943234408514 0.0604856468353645
0.151565470905726 0.303047826941245 0.219265615693519 0.38709126498557
0.333263188513839 0.260014464486937 -0.0271966332129702 -0.00116289022245911
0.32619889832813 -0.0076392779896259 -0.207672419964459 0.0947893900762606
0.203307793257023 -0.112335591691713 0.0501100000893015 0.296889910327179
0.0798755795601934 -0.264969762911115 0.242846273835582 -0.0516088819170915
-0.168645337867008 -0.189838724190099 -0.000770157648371085 -0.159515979915645
-0.151361813727777 -0.0383433113131752 -0.0962822574134354 -0.0663259292733308
-0.0940980865381903 -0.0453786271408417 -0.0927852655329269 0.0323609170230231
-0.089081625243488 -0.0866210148264106 -0.0574236633203332 0.0786224986041875
-0.0709412569923708 -0.109702294364449 -0.0706428121406599 0.0947479517377623
-0.0458461636631534 -0.112394062430208 -0.0978501839095641 0.0624798614608295
-0.0226012623799767 -0.18947128250226 -0.105813639401296 0.0251970168184209
0.204246596860778 -0.189039300710439 -0.156614757782874 -0.0786098385980207
0.25809176334035 0.0447267261401144 -0.00966841219381639 -0.260732946136785
0.246078538357954 0.147029391797643 0.392372625583056 -0.0984206060395508
0.273987821104834 0.308105437894572 0.168255205974651 0.27363267036996
0.322430000691319 0.345723446919876 -0.117055666505092 -0.117657104327411
0.361975344991991 0.074375796934033 -0.244525726373148 -0.00651463988030597
0.223614864202986 -0.112446450047882 -0.0956639293553634 0.26053169115202
0.0726900009420636 -0.219646309011561 0.209285402025522 0.0427000902539509
-0.123911220133652 -0.12605232873448 0.0238885080935589 -0.150649472494284
-0.0642071116294895 -0.0292051274365522 -0.0955472438734698 -0.0836539501002662
-0.0371241480075589 -0.0770604513665017 -0.112997990301106 -0.00334683525665613
-0.0580333863086162 -0.105814947323978 -0.0955136453129692 0.0321232032194543
-0.0509012315011918 -0.10915899268649 -0.0940383866494648 0.0485879892979014
-0.0412363195385238 -0.0957800373979157 -0.105247357966785 0.0309220650269536
-0.0371144224548612 -0.154000280958198 -0.0906203433951218 0.00101331100178126
0.118203703809085 -0.168099327087774 -0.138044296590227 -0.0175312885489813
0.209666478280833 -0.0778783081640708 -0.136323043478726 -0.241127151785771
0.277307517639408 0.0651036485668027 0.325746785499235 -0.18552621690414
0.363802467850945 0.258541297767046 0.0596889136472956 0.161425175186063
0.28695630499995 0.34651434318075 -0.1536295359089 -0.250901241935798
0.324750792214484 0.0737005516510442 -0.223679474938886 -0.149213569184413
0.152035166610011 -0.0943187094385944 -0.234492622256432 0.154527846065099
0.0378738112238525 -0.127210035833608 0.112982549180451 0.118593428130868
-0.0606160634284616 -0.0358608052186709 0.0438391746818435 -0.0923984916467508
0.0244855110850697 -0.0144451659082774 -0.0548195402884453 -0.0876408897259263
0.0193058076044537 -0.0914097032948679 -0.101739349413648 -0.0504778114724739
-0.0161718343337912 -0.109352805979719 -0.118779162417342 -0.0194810462804835
-0.0178988206088471 -0.0924815974091729 -0.114245916893499 0.0103982287204911
-0.0163321545330429 -0.0602392934704605 -0.12539499701953 0.00824059027964718
-0.0319028916462645 -0.074144259288647 -0.0924041530168732 -0.0406049270329627
0.00576944458862605 -0.0981375099096709 -0.0871779468751849 0.0164060398814127
0.11891660681422 -0.158078769461341 -0.198563341680635 -0.1894280982017
0.235468784008559 -0.032553147862779 0.232306764113977 -0.172794075933667
0.393611249498116 0.184003362088235 -0.085234630751735 0.0706917615081984
0.247959250963177 0.243818328058157 -0.152797063861395 -0.376051746862107
0.204806336061835 -0.0138133281281205 -0.185698611570437 -0.295450734070323
0.0445714305437032 -0.06268797762971 -0.32581681088266 0.0346924979230642
-0.0155199292845099 -0.0375817433835853 -0.000463468450265898 0.161160278677366
-0.00568223286523971 0.0449313194525108 0.058848656792012 -0.0180287275356666
0.0833130945259373 -0.000184723853598267 0.00722745374436717 -0.0863770388364556
0.0597285317283356 -0.0848740706026026 -0.0721374478094021 -0.100823595447547
0.0261111704391614 -0.0957259471401611 -0.123240743982303 -0.0662873996782927
0.029071645527834 -0.0722718720117091 -0.12178835391609 -0.0143360844915734
0.0376851110247582 -0.0260819025400815 -0.141729874493008 0.0027189205982682
0.00554699511233892 0.0268722769924627 -0.0994166192915962 -0.0711264543601585
-0.0799119477827858 -0.00547757783859049 -0.0546576723137038 0.0326864963612483
0.0181595994926469 -0.151575822744036 -0.196511243885664 -0.151959619276313
0.154678579783271 -0.113640485456195 0.132996984620953 -0.100946584922899
0.348281712692077 0.120681461669057 -0.221281963290866 0.0044258908874509
-0.223795842477374 -0.100930740498732 0.272290258466295 0.071402350946876
-0.0977577748142518 0.144022381494894 -0.0371038406655221 0.0500809354251103
0.0717541217670199 0.105267845869518 0.162507739876774 0.148264599552053
0.0990824276741595 -0.0794704951848844 0.0558768629005762 -0.0588880420071109
-0.0546934766493625 -0.108348284223743 0.070692264819855 0.0666092872552155
-0.110256189752038 -0.00569593868248741 0.120127244500569 0.00926108785849087
-0.077599985828302 0.0637359427681093 0.104767679460406 0.0342923898954241
-0.0619007193970709 0.0714097101823165 0.109849334925694 0.095375959430323
-0.0855982643576212 0.0460840742903307 0.0436297560172784 0.143740929661459
-0.106989068749527 -0.0176755134501853 -0.0530262271208861 0.0966967537040034
-0.0309487580696512 -0.109574367541211 -0.0858696960651138 -0.0228157694561117
0.09160783046503 -0.0347178525278562 0.0553159624672003 -0.181999262812259
0.023943480952141 0.0649276376112359 0.377169580340898 -0.00566177947032772
-0.0529720884960835 0.101607608211787 0.210820976516724 0.390111903268704
-0.187686310659979 -0.0792248035757878 0.173031488205244 0.487321102649821
-0.0521486422109164 -0.0620561014841982 0.280697611379953 0.10024334079617
-0.0514750938589502 0.0820437098451571 -0.00443418234323049 0.0759496392980678
0.128228989602802 0.0784335851732112 0.185572743276548 0.152090465972433
0.111416110423864 -0.165231355625647 0.0864742140710069 -0.107749284938536
-0.113682841289484 -0.174988470770954 0.0347865827961104 0.0280234531878926
-0.178684877682957 -0.0215375178312833 0.0808481889923648 -0.00133399315013146
-0.120658988179458 0.0456077295444743 0.0675742996477732 0.0470636282256929
-0.0917534012544192 0.0323239766558475 0.0777104439693438 0.121370890845337
-0.090588503490661 0.00139678905353361 0.00745620070358229 0.165868930877293
-0.0921692396716751 -0.041414985233752 -0.0873910468246071 0.100402301555715
-0.0358806936860695 -0.135479346618165 -0.106717863863737 -0.0303190460085265
0.154112630190041 -0.0842517460789665 0.047113152374254 -0.188641337969028
0.0696152451949625 0.11318028633341 0.339166465634497 -0.0238775976440834
0.0558207083414907 0.135954367639833 0.273152856339335 0.360055349130349
-0.0927456383606978 0.0994261718113517 0.188689381150202 0.511239381295024
0.137292015158317 0.0118240474906197 0.214966545349239 0.106868151269198
0.0550315426232288 -0.032932024879546 -0.0485504761518805 0.122257154142767
0.124883179545932 0.0231164270745874 0.203644565514637 0.207458187352119
0.105317647153448 -0.219908013872925 0.153043893739709 -0.144686251610324
-0.158533802310754 -0.212692373110376 -0.00291994758019219 -0.0419312536268149
-0.217207108407004 -0.0330791031872727 0.0159907503452795 -0.0164277040274872
-0.143250058192436 0.0216349875929295 0.0129075790783245 0.0540450414162778
-0.106817297452095 -0.011517859374614 0.0357045990639976 0.127648559325865
-0.0872822829882769 -0.0472581269587453 -0.0222037242172587 0.163638906099706
-0.0675280918706105 -0.0736446685237691 -0.101025168643256 0.0997742652959713
-0.0220565958307208 -0.157359732288279 -0.120961508048281 -0.00987152503531726
0.204852510842208 -0.127979729128669 -0.0227251530518545 -0.183806097211937
0.147650968031342 0.159527721193979 0.263899953311838 -0.101666284557959
0.11496259763886 0.162886323071897 0.349549007121175 0.234882020482481
0.023029947092773 0.233557732693593 0.211938146595802 0.47489753010575
0.276587425950352 0.130671109440646 0.0959790925111323 0.0755586423929219
0.210917058697087 -0.0710989107474084 -0.12990441156128 0.134767203347058
0.145473630907918 -0.0637101601584549 0.157837274635126 0.269495321955255
0.0862919750485817 -0.255321683630852 0.216326949845096 -0.124174600960642
-0.179376762277848 -0.217691291142008 -0.0151591039260718 -0.115193263801605
-0.207975229619773 -0.0406199683448397 -0.0517309336942112 -0.0406326302506829
-0.133514194291817 -0.00946616059126712 -0.0466301842430295 0.0497955673377587
-0.106654420724671 -0.0539210828238022 -0.0109920675482858 0.111681745945714
-0.0804189840613011 -0.0873675808324472 -0.046867314416538 0.136642572528791
-0.0505687234060824 -0.102427448893245 -0.100180311707056 0.0877173249218301
-0.0124484118494768 -0.181620467744875 -0.120355657422491 0.017150539719028
0.229706261783293 -0.166066585986078 -0.10888153479192 -0.145979916834497
0.228858051531741 0.13741207750535 0.143313543776792 -0.203574623095853
0.177803003108964 0.179624001859519 0.398253371105296 0.0617135843218779
0.149027281095272 0.302317989277731 0.215051079229405 0.388057184729057
0.331003224070521 0.259810183148603 -0.0272942926925161 -0.00100899473024785
0.324540992180545 -0.00692807548865781 -0.207946057818202 0.0935281061344704
0.204131746342482 -0.111615443036164 0.0497897417947789 0.296708203266645
0.0800640882106572 -0.263915640423352 0.242537017554465 -0.0507458987089865
-0.169142114337351 -0.190805981437665 -0.00119947458674852 -0.159057755004458
-0.151923693084391 -0.0387398994432336 -0.0946591566638614 -0.0659655347723445
-0.0942026182026529 -0.0448175318830767 -0.0933528504090174 0.0323215811643944
-0.0883375309677117 -0.0858608377203937 -0.0578785677764299 0.0784284373351419
-0.0710230174107943 -0.10883157346485 -0.0707333807068024 0.0940334319630105
-0.045730018420778 -0.112435409128399 -0.0977821634833181 0.0618582348110721
-0.0223818762209364 -0.188619525365631 -0.104038066662389 0.0244572195473101
0.204585057065197 -0.188638089482301 -0.155921337759644 -0.0785451933648611
0.257700530618201 0.0448513465463431 -0.00831163247565584 -0.259066325566452
0.246958072533486 0.147292768792413 0.389268477694741 -0.097465633658118
0.271872083830898 0.307562878074511 0.167745634546064 0.274234507367751
0.319655985140209 0.345043463105521 -0.115988307362996 -0.1174227806328
0.360637541555968 0.0758388962077098 -0.244403244685763 -0.00643018065133148
0.223218904183287 -0.111827219575301 -0.0968357465188556 0.259651632336018
0.0732761401056234 -0.219936698840685 0.208128340847274 0.0432986749453275
-0.123578430960969 -0.126329012098114 0.0236217378682708 -0.150604803609841
-0.0644284306228193 -0.0290981928862313 -0.0955450854396866 -0.0819318958087719
-0.0368453683673508 -0.0757159546522765 -0.112608187018336 -0.00364338801114689
-0.0565183412053541 -0.105442524552265 -0.0959520245536084 0.0323521937665206
-0.0501329724036633 -0.108801492236659 -0.0952639905018016 0.0477895134125601
-0.0409689622730537 -0.0958465439561916 -0.105671237564952 0.0303782635991113
-0.0373805597553167 -0.153909952043473 -0.090882650881932 0.000226659887329255
0.117752471940559 -0.16755853341055 -0.136381017962309 -0.0179925550598603
0.208736802935398 -0.0784781735752539 -0.136285039868489 -0.23838846471943
0.276486626567944 0.0658594060573701 0.324014912486022 -0.184321212893715
0.359627213937066 0.257922674931872 0.0595557847895236 0.160343741171927
0.285906195712282 0.345042448894738 -0.152403346544725 -0.251193427205084
0.32433618720585 0.0745584534542932 -0.222658744383933 -0.150107160653085
0.151897104053685 -0.0945871780002992 -0.233729925922928 0.151701438467925
0.0381405014110886 -0.127092767515642 0.110460304136554 0.118509325015514
-0.060861384218099 -0.036549710358484 0.043587131067284 -0.091395584377706
0.024441147085726 -0.0145017611716761 -0.0546001853602213 -0.0869691436986066
0.0199501681197986 -0.0909857005814194 -0.101354738237565 -0.0510270933902163
-0.0158402146217209 -0.108249400741787 -0.117710152484043 -0.0184184337997801
-0.0178438855578054 -0.0922136668610525 -0.114676778612112 0.0104819295502241
-0.0163501027103609 -0.0598450834182286 -0.125223722012693 0.00871758581879161
-0.0318722629272842 -0.0735423585330356 -0.0917497753353239 -0.0412510120373445
0.00534389768210286 -0.0972525974726474 -0.08616829961379 0.0167037181137012
0.119119934813413 -0.156418482716762 -0.196891636178502 -0.188130303265429
0.234617627576738 -0.0316676876270588 0.231953921936194 -0.17239215692241
0.391473297853021 0.184789631182555 -0.0852138838000112 0.0700974065022141
0.246430952089121 0.242883946446238 -0.152528450459548 -0.374581036510787
0.203915974159596 -0.0130730905988372 -0.183387093023652 -0.295548643693721
0.0448402044421668 -0.0618909392570127 -0.325775261453253 0.0314871007463947
-0.0157665462545317 -0.0372185625448092 -0.00127988193268136 0.160410843128552
-0.00536181101842804 0.044864226468217 0.0575467711434308 -0.0170247331966185
0.0825648934262098 0.000612083785015379 0.0057120690125654 -0.085327522391143
0.0597995785080621 -0.0843527917056599 -0.0724028056987365 -0.0991865704415651
0.0260051323233981 -0.0955623744304169 -0.122596460534029 -0.066172053876775
0.0289778732931146 -0.0719095308494882 -0.121148814001603 -0.0158349919719896
0.0374562727784684 -0.0257925766029224 -0.142282639279056 0.00225182011215082
0.00561867438989832 0.0268116640141271 -0.0994079535425387 -0.0710119639556301
-0.0798047773782961 -0.00573843287585604 -0.0544531144093978 0.0330121799283023
0.0188728812242128 -0.15130424128404 -0.194934026705445 -0.151945400062909
0.154351782241855 -0.113542934798908 0.133030569656538 -0.100809887443562
0.345618876763038 0.120502708817958 -0.220700262978151 0.00417773802158455
-0.223631693624974 -0.101465449529564 0.27189022744613 0.0715459163894381
-0.0975661882967652 0.142952555551712 -0.0371652033922388 0.0498017342663174
0.0710100274627649 0.104658365154128 0.16198996219335 0.148260176233392
0.0975852538285308 -0.0788785398560488 0.0563755192471176 -0.0592644620733523
-0.0551232046178643 -0.108908793366385 0.0704964105778636 0.066720331640556
-0.110482805107114 -0.00549736974439267 0.119883971818014 0.00956147817251473
-0.0772003333875468 0.063220663336865 0.105377481484615 0.0345672318860933
-0.0617644070073235 0.0710163205218689 0.109974472721332 0.09521418058279
-0.0848576251258007 0.0463670751687273 0.043532846743971 0.142855382989285
-0.105962493584179 -0.0169609534625519 -0.0532080411858191 0.0967083171872731
-0.0310058179839094 -0.109397887037402 -0.0854224622074986 -0.0234789079662981
0.0911312848797934 -0.0347361886962459 0.0553671125489587 -0.182013723571785
0.0248061506652069 0.0648430640054008 0.376893650234851 -0.00384135398485312
-0.0535740899541851 0.101970621349666 0.20900070672613 0.389620798460969
-0.186849072296429 -0.0799344783795276 0.170131076086508 0.486856434506832
-0.0519657171319498 -0.0613037605661675 0.28074406981341 0.10053836395678
-0.0511933829008766 0.0822622552377956 -0.00422446960499572 0.0758314970940956
0.128749830708114 0.0790276742990387 0.186259804598819 0.152189681833319
0.111408030764993 -0.164397560199288 0.0870430930779511 -0.106997440370265
-0.113568021024708 -0.175224004373092 0.0351157016952021 0.0280321346263307
-0.178357633921778 -0.0217857004699659 0.0810921198429795 -0.00106278161957318
-0.121187893631566 0.0451101533533365 0.06805174558445 0.045526897381664
-0.0909861067059899 0.032150623380755 0.0780662019395706 0.121387456050908
-0.0904773203627133 0.00111086080427168 0.00688403498706577 0.164945794477219
-0.0924739291252848 -0.0415266093207404 -0.0877970796383945 0.100632084900857
-0.0360239051072121 -0.134879417826197 -0.106806054494629 -0.030779683330553
0.154251329551992 -0.0841236506207444 0.0464814991722281 -0.187883157734944
0.0693988493460358 0.113067564248908 0.338900639733871 -0.0247906128754835
0.054945332127453 0.13489230032551 0.271547158609325 0.36045742859213
-0.0927715596024941 0.0989985508147493 0.184509330893 0.510858227421795
0.1363847429265 0.0123673662468817 0.2134802194295 0.10714350008508
0.055072000167108 -0.0318827599434858 -0.0489046563564625 0.121400149688297
0.124795084043178 0.0238963855760318 0.203307386307826 0.206241139046652
0.105828528031282 -0.219379166904563 0.152119676310533 -0.14392321567899
-0.158207739273177 -0.212651299764875 -0.00266988399854179 -0.0416681486155522
-0.216792085248873 -0.0328825949735493 0.0164146271095557 -0.0161545148162652
-0.143474226725822 0.0222645171183153 0.0135439895478457 0.0535469762637021
-0.106804253141425 -0.0109960188931909 0.0356452305194608 0.126618045933481
-0.0872419627092943 -0.0474467422225117 -0.0225414853393262 0.163635260210281
-0.0671477477087589 -0.0738949501628142 -0.100668053918122 0.0990287408521427
-0.0222701294498802 -0.156972404641816 -0.12106944949659 -0.0101193543194972
0.203260158718707 -0.126763770706414 -0.0216558345412083 -0.183744181629823
0.148364107188887 0.159249016787242 0.263184568638766 -0.100551309986359
0.114465583641704 0.162434870084858 0.348141335314347 0.235636532937361
0.0218248937013389 0.231722982127979 0.210704299908425 0.474197592956803
0.274656540667963 0.131285293611579 0.0953817614932961 0.0752062018773818
0.210573597433204 -0.0699504548110413 -0.130154302947631 0.134551651956922
0.145526361417408 -0.0633743993756311 0.156470103988756 0.270218109756707
0.0865204298819426 -0.254395022444917 0.216096024701753 -0.12338432374676
-0.178814742144377 -0.217603050828997 -0.0150153069447303 -0.115260150018269
-0.207859808014984 -0.0404960870177739 -0.052108773557687 -0.0397891456516864
-0.134307107406753 -0.00893156597627644 -0.0460788607096975 0.0498835898843418
-0.106178505442876 -0.0526949244601702 -0.0109914926595419 0.111435159565926
-0.0805393729411783 -0.0866660569938658 -0.0468191547139414 0.135163712808008
-0.0504341688385398 -0.102020545757606 -0.100054187723221 0.0869950171640312
-0.0131701602238364 -0.18191706086013 -0.120176174317062 0.0162181169688146
0.229545683591026 -0.164491019487012 -0.10893737067712 -0.146324854651099
0.228795135873568 0.138090928485902 0.144831317246839 -0.202441532261558
0.176862142439882 0.179346701405068 0.397196298185807 0.0624012625945121
0.148883793897893 0.302018182981039 0.214542610809498 0.386907179427697
0.328800724865601 0.260045296722605 -0.0272560050346036 -0.00124802625549424
0.324232067497451 -0.00430307556729179 -0.207982738285959 0.0932868418557175
0.204365811593468 -0.110731090639918 0.0490475897984358 0.295473545406336
0.0810049478679522 -0.26460972843698 0.241108725217259 -0.0506629228475827
-0.167859509923604 -0.191514967515181 -0.000818371173039579 -0.158037796695247
-0.152161722804789 -0.0389262971604742 -0.0945730971054199 -0.0653545470453799
-0.094274548964217 -0.0453782941022895 -0.0925958821482935 0.0317319003042778
-0.0886808867204593 -0.0857052136509481 -0.057044727610691 0.0778177043378632
-0.0703046449291192 -0.108709891396947 -0.0702914735703568 0.093276705070932
-0.045706061123832 -0.112439025492011 -0.0970075129443589 0.0612329322646055
-0.0218072342765026 -0.188383672463093 -0.104531324532217 0.0238846409250346
0.204707355247636 -0.188235899125205 -0.154514267686397 -0.0792629367445706
0.25708203101708 0.0446076220759312 -0.00807603012590211 -0.258235178125403
0.245449602310748 0.147775698238293 0.390042000047689 -0.0969246606513654
0.269238637800345 0.306665338306331 0.16622652886106 0.273533592004937
0.317250596596748 0.345309837592698 -0.115560279553029 -0.117294289122978
0.359170435527177 0.0773695068844188 -0.243529892223024 -0.00836929617924149
0.223008871240123 -0.111344580494781 -0.0995106516613749 0.260139925754028
0.0728456567747695 -0.218203302112656 0.2073743513216 0.0435921136102956
-0.123143958756251 -0.126179342089854 0.0239997023732274 -0.149579074436817
-0.064525097564608 -0.0291655711789513 -0.0947704864434815 -0.0822008906313244
-0.0371799467031551 -0.0751334454661776 -0.112258342976418 -0.00380146569358036
-0.0567999436822366 -0.105445353423397 -0.0951993396811044 0.0320534520518527
-0.0505303103485277 -0.107989014149104 -0.0950114346028195 0.0473614575284467
-0.0412424460817484 -0.0949879861442832 -0.105934256258931 0.0306633298488052
-0.0370432481239459 -0.153298335715495 -0.0895335007056258 -0.000428798594854881
0.119312098856243 -0.166918091378507 -0.135888163914178 -0.0175983791033719
0.209190439006145 -0.0773385632955959 -0.136363754576713 -0.237809191819909
0.276454686162555 0.0675429805834449 0.323012178506837 -0.183606799869857
0.358877615839973 0.258687451133757 0.0591218567415452 0.160515484185649
0.283544960128772 0.34612086311783 -0.151825854093037 -0.251597694927131
0.323946797920518 0.0754013652063091 -0.222369934013533 -0.150732968563562
0.15222481161028 -0.0940043029987192 -0.23344295679622 0.151320530219351
0.0379676558888734 -0.127429267554253 0.110625395027333 0.118836164708814
-0.0609505089910912 -0.035731197573655 0.0428903721523088 -0.0902189903555492
0.023914367241543 -0.0147888271704334 -0.0541659028608573 -0.0871389487662809
0.0188539873917799 -0.0900278921182776 -0.101105621003082 -0.050711008029655
-0.0165732910190491 -0.108607522921833 -0.118339152563959 -0.0186290510946377
-0.0174844348237988 -0.0921010981011332 -0.114765384977447 0.0104530588757963
-0.0163155486239178 -0.0598967105355422 -0.124760239557231 0.0081366983195123
-0.0320763759040254 -0.0740530717794306 -0.0920633817392945 -0.0419382578670494
0.00578354050130199 -0.0970594176124266 -0.0858188633953568 0.0162315063033282
0.118905813243635 -0.15648504605711 -0.195891303278159 -0.187730265676339
0.23430960938228 -0.0312408162357922 0.231656890287692 -0.172218655990615
0.389654393345055 0.185206388002639 -0.0849105594968305 0.0694288061053784
0.244946772555327 0.242773037104661 -0.148937177097629 -0.376531684423907
0.20415766740346 -0.0124302804699912 -0.182152929357252 -0.296491858876061
0.0442945367526159 -0.0616813571124083 -0.324390255885351 0.0307198031041228
-0.0153232162686811 -0.0371844939779105 -0.00179132797591572 0.16047277410151
-0.0061882141242672 0.0455155259818409 0.0572829950264888 -0.0165450895016576
0.0826890732396395 0.000285320781310043 0.00669229274797205 -0.0862622660319234
0.0598749502547027 -0.0842626525600545 -0.0725390070968528 -0.0993066873534338
0.026487586291748 -0.095151986811116 -0.122928936729217 -0.0665499564869332
0.0305107799272162 -0.0714775471032076 -0.12161591355347 -0.0161034279511525
0.0374732206070901 -0.0252463335118977 -0.142260435257292 0.00228698134280278
0.00614995369188711 0.0264893990732727 -0.099357182619441 -0.0705981138073912
-0.0796618818268072 -0.00632812630347414 -0.0541727491018446 0.03267216560029
0.0197162124876901 -0.152452284751872 -0.194671602747064 -0.152003593033336
0.153652475612601 -0.112714276766428 0.133083222580481 -0.0999002832931568
0.344444628433135 0.12325924434064 -0.219849604302318 0.0027863224500309
-0.223155516047019 -0.101598607363904 0.271042802857208 0.0731302757858531
-0.0980959314501393 0.143188911999141 -0.0371691447078888 0.0504211911598125
0.0706124774792643 0.105699444417486 0.162112487082989 0.148358381033599
0.0986155660795347 -0.0791174292265257 0.0561651529738099 -0.0595497000977509
-0.0540502717372376 -0.10878356282199 0.0696453140706806 0.0662225963583599
-0.110857254672096 -0.00599259741455765 0.120145875441088 0.00972201321735057
-0.0771157057859815 0.0625681879718251 0.105686982395515 0.0336267223524772
-0.0618680207530947 0.0710313482837165 0.109857295478227 0.0950575244254563
-0.0852639014908691 0.0462282071645655 0.0439921229076706 0.142754900849591
-0.106344275071641 -0.0175358401393333 -0.0533372808742481 0.0962248301012698
-0.0304178096685725 -0.10955646929823 -0.085355559207801 -0.0230623537203333
0.0917316211492554 -0.0340451037266024 0.0568354603841322 -0.181503843662386
0.0241835328738475 0.0653588575187016 0.376752547985549 -0.00215609256415093
-0.0541649310820437 0.101640508839387 0.20749355632484 0.390383713361344
-0.187564133810813 -0.0809321156868152 0.170258282185945 0.487447332567423
-0.0521151466874349 -0.0614233122339418 0.280399522713017 0.101882601841768
-0.0516407948760943 0.0814938496950565 -0.00421101376147255 0.0762114959033945
0.127746230841477 0.0792288812839149 0.186614635160419 0.152148004920406
0.111181836726332 -0.164996386380049 0.0861087224953732 -0.107279524892153
-0.113569288269705 -0.175452653373844 0.034228578004809 0.0285860324696769
-0.178119399148897 -0.0218340313462186 0.0815434766761888 -0.00126944161365324
-0.12107495723279 0.0451809770348461 0.067720276212683 0.0453243432123917
-0.091039996672406 0.0320681598860329 0.078307181708714 0.121017008531147
-0.090674085741552 0.00166025075103972 0.00677012319619255 0.165535201542683
-0.0919459968624236 -0.0418679744664316 -0.087715349064687 0.100092403747732
-0.0360597791244803 -0.135493053591892 -0.105937154979101 -0.0308900664523759
0.154042137578847 -0.0833809632436233 0.0471224237742556 -0.188277956666939
0.0688605617081946 0.113910196511865 0.339282423914692 -0.02235671798993
0.0548287501787529 0.135164139731909 0.271214871247795 0.361655210482321
-0.0937681014757516 0.0988407705086668 0.183038906786222 0.511997330837313
0.136193370822222 0.0128739717771573 0.212471719434343 0.107062378798336
0.0550395445029746 -0.0318957644318294 -0.049275736308724 0.121636214994196
0.124625993368885 0.0246880138089408 0.203174972274459 0.207306016538862
0.105676722116821 -0.219581844684981 0.152507493239436 -0.144608055568685
-0.15768821461518 -0.213155408936148 -0.00234899135229448 -0.0414780443155238
-0.217046415352644 -0.0336416110677527 0.0164625138907683 -0.0162818391026881
-0.143184017062886 0.0220988236905694 0.0136572817274317 0.0527740296596977
-0.107097074242169 -0.0110582513236469 0.0354492722273115 0.125763290395149
-0.0874683876295863 -0.0473013532698948 -0.0224773264803481 0.162647257175592
-0.0674736602381348 -0.0732860480072953 -0.101273588423374 0.0992364106426316
-0.022241156361479 -0.157713653686248 -0.120040209342489 -0.00999460275057202
0.203648850169504 -0.126966885731945 -0.0210801244142354 -0.18342292124031
0.147465752062527 0.159698993146258 0.263953451248525 -0.100350535492227
0.113629994263647 0.163274312191639 0.347340635259437 0.234944930426527
0.0216399840435606 0.232945795252126 0.208499065861014 0.473003488115015
0.274953556212057 0.132696222943836 0.0950323340074576 0.0759251506052906
0.210672257578704 -0.0697949362219233 -0.130750847468927 0.13286333016512
0.146292663097077 -0.0629205336037647 0.157214970209548 0.26952810921221
0.0855927690579813 -0.254661494734751 0.216655824110321 -0.123442213737824
-0.178766475919452 -0.218039271844793 -0.0149193543387678 -0.115489064604781
-0.208329436436786 -0.0403612040164597 -0.0513015264752697 -0.039785347319924
-0.133556156476943 -0.00908837626681638 -0.0461116926575496 0.0494684483548178
-0.106391002618186 -0.0529272684653688 -0.0109059409551326 0.110863087941477
-0.080612384153016 -0.08607661126607 -0.0477447093638741 0.136591927610489
-0.0509776892300459 -0.1023550284104 -0.100629167702423 0.0869007028345019
-0.0131539635065902 -0.181438696325881 -0.119848361397577 0.0156505128161196
0.229592282406272 -0.165216487587066 -0.107606094873382 -0.1454288308647
0.228722257711261 0.140046276863946 0.145085761918045 -0.202089864264982
0.176228623881135 0.181022956060615 0.396838633207355 0.0633536444777183
0.147924077039476 0.302793331979736 0.212666218076777 0.387838675333188
0.329685396479675 0.26210084547682 -0.0277592329116091 -0.000992740529089443
0.324684999998603 -0.00492301213310617 -0.207926418764676 0.0917974205811948
0.204192675213407 -0.110867882973239 0.0486767415480459 0.295619571684854
0.0799077342468484 -0.263856498110484 0.241175548784205 -0.049316388427846
-0.169552124201415 -0.190931221121607 -0.000328540926986633 -0.15797560707462
-0.152174206878963 -0.0389365809949113 -0.0941491372925715 -0.0654962666870941
-0.0943860426252443 -0.0451338815214579 -0.0923599529862078 0.0312216213940235
-0.0884128300040787 -0.0852994920993048 -0.0577968793567167 0.0773473777873146
-0.0703608183306548 -0.108225827690454 -0.0707139283217004 0.0936823518950395
-0.0457022297052895 -0.111420930007172 -0.0971409831266499 0.061234671429666
-0.0221016721595488 -0.188421106563225 -0.10405517048391 0.0238878723379569
0.203640963019002 -0.187385555057579 -0.154494370007556 -0.0795076829191165
0.257699200948264 0.0450166531207492 -0.0074494727252991 -0.257681662182323
0.245605668985664 0.149518892772011 0.389684602918658 -0.0976073645574898
0.267490917181825 0.307317099655446 0.166189422069665 0.273305755941299
0.317898309464765 0.348979613386553 -0.115380618814984 -0.118325638432102
0.358776430552551 0.0774291227809797 -0.242806103595888 -0.00896972045989413
0.223611668490391 -0.110666206803293 -0.0982348314277408 0.258597531464571
0.0726731616454685 -0.21881470404722 0.207165171519069 0.0432834534939302
-0.123506782268376 -0.12648711070894 0.0233675931204425 -0.14918615681215
-0.0643023383751069 -0.028260255659547 -0.0948976830072466 -0.0830809972693264
-0.036868569270841 -0.0751717517219586 -0.111860386514042 -0.00366205297257347
-0.0562331116460675 -0.105261596111749 -0.0954809516307484 0.0321753662534689
-0.0504102749312921 -0.107950686887745 -0.0946191925033206 0.0475254551025874
-0.0414136529105797 -0.0940150940996521 -0.105748391097803 0.0299951044611933
-0.0376640040781663 -0.153286567194162 -0.0902918739590817 -0.000203069174218012
0.11835073240203 -0.167064712131933 -0.135928449776702 -0.0179226493088477
0.210269369716167 -0.0768549390924913 -0.135370672359935 -0.238082474351845
0.275025693763255 0.0679630314332608 0.323982432273134 -0.184014026036919
0.357917369943759 0.259799899332639 0.0590042971279374 0.161343089204526
0.282370905822289 0.347975214974649 -0.150717589037866 -0.251567948198991
0.323809803172916 0.0764882281822483 -0.220270218450847 -0.151095531177787
0.152302213265204 -0.0938562440483762 -0.234754792554256 0.1507751643211
0.038216311822284 -0.127372077397197 0.109110272325816 0.119163896065621
-0.0604603071901329 -0.0363920816481875 0.042549224706474 -0.0897360252177949
0.0237105558231837 -0.0138642089298773 -0.0536352680667956 -0.0871355898826078
0.0194828844329459 -0.090392290533286 -0.101467454107034 -0.0514899440525491
-0.0155710306420054 -0.108064246442766 -0.119423856925534 -0.0194447310103334
-0.0169521770925779 -0.0917812995068201 -0.115791670427979 0.0105728179056588
-0.0164710396146553 -0.0597745822916254 -0.125247879933759 0.00789358633634968
-0.0315209738859644 -0.0735536987269567 -0.0915982262502349 -0.0416310607878532
0.00595139723941001 -0.0975118247849073 -0.0856984799212485 0.0159911700506274
0.118918281329279 -0.156611993438279 -0.195881836790282 -0.187675726861551
0.234808618739708 -0.0301256241115679 0.231573773416694 -0.171179511193149
0.389534430374569 0.186579908366429 -0.0855934728402072 0.0696347247447076
0.243793281152571 0.244021474289663 -0.14876135494292 -0.376982136312218
0.204231071620842 -0.011475836288323 -0.180910892159541 -0.296801944876108
0.0448592203832029 -0.0629289228305843 -0.322646626331315 0.0299683075943451
-0.0150133231309253 -0.037436347883987 -0.00271646690898036 0.16001561603437
-0.00620167395826468 0.0452558694215327 0.057072601823753 -0.0160733786717422
0.0823342724959475 0.00043088853313017 0.00698754594361754 -0.0858041849636571
0.0597291330309609 -0.0836760077034937 -0.0719446844793474 -0.0996433142502181
0.0265102383536542 -0.0948994420813031 -0.123209510382458 -0.0665489360614925
0.029809895993284 -0.0717328795635815 -0.121978678588588 -0.014192855178873
0.0370368581874789 -0.0242936832096318 -0.142578125886272 0.00281684364656086
0.00504122836147712 0.0276821368393272 -0.0996972801825076 -0.070700008414889
-0.0793424964090738 -0.00545173123846023 -0.0537656307077382 0.033095565306091
0.0197662340327803 -0.152247604527283 -0.194851707110892 -0.153073483333774
0.154826056931015 -0.110990608805429 0.13313234746618 -0.100386536388612
0.345476068274825 0.123914779687293 -0.220298528271767 0.00163518650231029
-0.223049750895546 -0.102513719677617 0.271440896322951 0.0737179422360573
-0.0977753789561283 0.14323347620045 -0.0370104803529495 0.0498978698110263
0.0708759237884399 0.105733001126361 0.162149371411613 0.148353122362083
0.0983607675957905 -0.0790018338178319 0.0556882044049326 -0.0594970060324153
-0.0544928859356396 -0.108992204998669 0.070086488526577 0.0671484060878368
-0.111041014599628 -0.00583918279795618 0.120110231217155 0.0103190884616788
-0.0774051228373539 0.06288159308227 0.105951144811193 0.0335598494246975
-0.0618934265279933 0.070906809286025 0.110632297255482 0.0945219772891654
-0.0854638750628856 0.0464826040020436 0.0447231753367119 0.14270986771522
-0.105895267085552 -0.0179174053925455 -0.0533012932200014 0.0968221824199189
-0.0303099189775284 -0.109132399286451 -0.0847193901011333 -0.0240908233708435
0.090862201498173 -0.034006743090939 0.056899344151065 -0.181565106832915
0.0241486678065125 0.0648950221138484 0.376831660244112 -0.00160622082349027
-0.0540085332025613 0.101301646721935 0.206414914641469 0.39028359521181
-0.187020523721289 -0.08052538185202 0.167601074020039 0.486739662401529
-0.0521601244345696 -0.0619336944794305 0.279583237768104 0.101820890470233
-0.0517030029501764 0.0815494929677636 -0.00491613186305378 0.0760426141271822
0.127484170578255 0.0797518762863731 0.186476817507769 0.15206918445347
0.110784132419287 -0.16474965184139 0.0867121697027038 -0.107758722080247
-0.11401874345694 -0.175202347190536 0.0350346216004459 0.0290157352353895
-0.178629437022966 -0.0217192372316452 0.0811886308978777 -0.000710114741558385
-0.120797124300544 0.0458116660107916 0.0691775439116637 0.0452096855959511
-0.0905386475774016 0.0323870894567492 0.0788204303144286 0.119991026305542
-0.0912348135286373 0.00195151246350222 0.00804631612060538 0.164910397643764
-0.0923597856233854 -0.0415721258837755 -0.0881821610597709 0.0997706448865026
-0.036234539379513 -0.134867780856817 -0.105096517141492 -0.0309645622241718
0.153459851656303 -0.0837739583242754 0.0479545360930962 -0.188064288692939
0.0689892413972455 0.114351707633914 0.339717933921487 -0.0218022831060004
0.0550037608846046 0.1353488823612 0.271562228071753 0.362271978805776
-0.094402047059286 0.0987935390874246 0.182491923407838 0.512724025547163
0.135669110176279 0.0128400581831517 0.211906216630287 0.107677553345307
0.0550256518707044 -0.031558886450552 -0.0488105170020074 0.121095607277291
0.124602082577084 0.0241432476224083 0.203424325316949 0.208228428901488
0.105697250201057 -0.219910224543335 0.152505883222654 -0.144990698317257
-0.158116021005226 -0.213081165597552 -0.00188300058706067 -0.0409432744991709
-0.216886942593034 -0.0327781366323419 0.0167196723388585 -0.0159385599398932
-0.143393727009705 0.0223934633668407 0.0137851956924546 0.0526436928515311
-0.106928844398184 -0.0109657440972029 0.0365560813316013 0.125962021303864
-0.0876763001310665 -0.0461126839726902 -0.0224534168125796 0.162307030385879
-0.0677317446783567 -0.0738010687043367 -0.100462067074368 0.0987565615338472
-0.022947417131517 -0.157716589923293 -0.119269535097763 -0.0108442579721343
0.204132110977866 -0.126806296770089 -0.0213247166709998 -0.183288567699769
0.147774268589255 0.15910516058792 0.263949716298626 -0.0997373472992024
0.114614341373833 0.163014094034838 0.347654829189795 0.235212921131646
0.0203146961812953 0.233075682864145 0.2072936715858 0.474788158771828
0.273986527962536 0.132624549991966 0.0950149709716357 0.0761036031335223
0.210230721885468 -0.0698998174658403 -0.13159485157107 0.133414836903103
0.146325978540974 -0.0634574805401632 0.157944242555779 0.267788727617511
0.0867943582539095 -0.25477746426143 0.216556702118099 -0.123285109994476
-0.179026988631951 -0.21853349628601 -0.0146455370321496 -0.114414912669905
-0.20860044201558 -0.0400634597872191 -0.0511953198942056 -0.0397099153547917
-0.134164233987717 -0.00866427574269591 -0.0456647844297892 0.0496253309550526
-0.10577733779497 -0.0525123676166849 -0.0108451769571812 0.11104544827528
-0.0804475480015771 -0.0858848885170883 -0.047586053398926 0.136236120410129
-0.050836446698021 -0.102124790432162 -0.100628433400465 0.0866015282710959
-0.0142881257247374 -0.18252293697873 -0.118507883501241 0.0153692685491499
0.23046603812543 -0.165503479413731 -0.107751536560045 -0.145750833158417
0.22921200053861 0.140569935026481 0.145187766619113 -0.20107879723162
0.177006830918416 0.180765792881979 0.396305654282473 0.0646725689610936
0.146880972016936 0.303907269505629 0.21269718955566 0.38894172377297
0.327967020192522 0.263492636835255 -0.0274388982869517 -0.00155672579790255
0.323718374932229 -0.0045863005078189 -0.208546001283199 0.0914318435802817
0.205222755174937 -0.110844780521413 0.0482710343115475 0.295331856620673
0.0800150015306232 -0.263526294218997 0.241108327951736 -0.0499638982472511
-0.168901567400415 -0.191357632451867 -0.000243142946023669 -0.157326581702314
-0.152277615644019 -0.0387334656628883 -0.0939572777272393 -0.0657874085518955
-0.0945204222739772 -0.0437033465442076 -0.0918152870518202 0.0310157719961547
-0.0882609343408942 -0.084480435860802 -0.0576367988957833 0.0775622747904947
-0.0704756406948014 -0.107854597184883 -0.0707886063263171 0.0926784032727449
-0.0461497960517926 -0.111401034866842 -0.0982856247562532 0.0605643897453507
-0.0229150874844759 -0.1884001826161 -0.103861389472484 0.0226743854058948
0.20404983080913 -0.187532371449026 -0.153943545982818 -0.0788522166066239
0.25691874672933 0.0454573800376306 -0.00714757218158837 -0.257556922301485
0.245425275328213 0.149434696608952 0.389878072337388 -0.0956407452672365
0.268019409916821 0.308497229139336 0.165333163393029 0.27346758089367
0.317402690891951 0.349212578080628 -0.114953406237761 -0.117248462304947
0.359764474272802 0.0781043282610493 -0.24273688212908 -0.00931043226103796
0.22461197964312 -0.110631226576366 -0.0970357490810288 0.258214573789318
0.0736483442141144 -0.219120438638299 0.206834157694583 0.0446370055967689
-0.123322185447083 -0.126173550678286 0.0233273951279741 -0.14883310732494
-0.0643378810071243 -0.0282439666980347 -0.0948257925546609 -0.0824696573747036
-0.0367971539464022 -0.0746138505497759 -0.11148046103969 -0.0035017959204405
-0.0561995892200278 -0.105021411982019 -0.0964299429850028 0.03259737131264
-0.05081490855582 -0.107395213161144 -0.0950229834882166 0.0474490442831783
-0.0418595188643521 -0.0940734062823199 -0.105638956602078 0.029992969834652
-0.0370690757548238 -0.152827655347781 -0.0897942261283829 -0.00065698124100829
0.118842286321207 -0.166551823773264 -0.134949199406138 -0.0170470340730341
0.210085440530745 -0.0765550550440789 -0.134863918255103 -0.238490536174976
0.275783850258952 0.0687723329631417 0.324635854458341 -0.182656861545438
0.358196339895985 0.261765852328472 0.0582332615146332 0.16071455713638
0.281648618560859 0.347617414180762 -0.150620228200769 -0.251939125206326
0.323763227097055 0.0774244486053942 -0.220635743842712 -0.150735406786928
0.152971884508606 -0.0940628818070735 -0.234161371899205 0.149411691365412
0.038189760862392 -0.127026540262337 0.109016242527069 0.119254914774826
-0.0608513984917762 -0.0353815433090639 0.0422449397511235 -0.0902442112075112
0.0233371451548536 -0.013550827183453 -0.0534955629480469 -0.0869834580237044
0.018870169439983 -0.090254942203771 -0.101852565745482 -0.0506659987409008
-0.0154092982035669 -0.107348268622632 -0.119350847111708 -0.0185311860298726
-0.0174597321049567 -0.0910764342978353 -0.115213216841175 0.0105870453288573
-0.0164064556375031 -0.0594971401607575 -0.125727216548155 0.0083335663219808
-0.0321776734706826 -0.07311207874991 -0.0910934511607947 -0.0416876198184324
0.00555969910210689 -0.0969711681271274 -0.0855861403536485 0.0165865179124055
0.118986558748214 -0.15658029252962 -0.195786801692411 -0.187199910547819
0.235598763672386 -0.0296188431715538 0.231289273495438 -0.171348586376615
0.389301699191281 0.187735982949929 -0.084869006821778 0.0693939899897533
0.244562408822744 0.246298612487147 -0.147841640028322 -0.376223657697438
0.204540434559761 -0.0113428500116915 -0.18016561553359 -0.295888810050693
0.044531928040555 -0.0623963842906096 -0.324334759087353 0.0298130453874802
-0.0153709478749188 -0.0372957105476216 -0.00294921585940804 0.160154746565637
-0.00631903536209448 0.0454012763578299 0.05651801588396 -0.0158202180229208
0.0819032348537965 0.000249137401198676 0.00616836170143282 -0.0856973586357748
0.0587700955921189 -0.0827637323281237 -0.0725621224429307 -0.0992596983006539
0.0271200635926945 -0.0943256639270498 -0.123580153645235 -0.0662625040728103
0.0298940525415454 -0.0717250442876649 -0.122608775150354 -0.0147667369359292
0.0377577392085506 -0.0249140073873026 -0.142566176268555 0.00223852320134026
0.00565000796821765 0.0272636683624759 -0.0992159935500746 -0.0710852331626406
-0.0787925160374937 -0.00574826027985493 -0.0534995728181589 0.0329333414523325
0.0190702126351138 -0.150756556183984 -0.194954404614501 -0.15192485652099
0.155445968650916 -0.112503276259659 0.133061355443836 -0.10024315651521
0.34455951307454 0.124221848779495 -0.219482316644274 0.00237367177160209
-0.223706176324201 -0.102567610311312 0.271476731824554 0.0736528711612291
-0.0985995381707225 0.143971852356982 -0.0366822517282971 0.0496159610638926
0.0706725426590262 0.106651724636668 0.163012681902899 0.148393909466664
0.0979076624175479 -0.0783296533595852 0.0560201460738712 -0.0599427691695972
-0.0543042347061638 -0.108695411471141 0.0707493040477098 0.0665342087386431
-0.110429311059844 -0.00588401836575177 0.120920686321139 0.00981778718920603
-0.0773163429375503 0.0627134519895874 0.106971960054505 0.0330282303899528
-0.0613501227704712 0.0714511305227442 0.110301599762857 0.0940110483462079
-0.0857720620342751 0.0462248117110499 0.0446505446194078 0.142245650548979
-0.105933658919678 -0.0172826816626681 -0.0535466264199693 0.096290599340447
-0.0311731447369233 -0.109431369686359 -0.0843083324280154 -0.0234987877878492
0.0913889524962306 -0.0345692521472913 0.0577108026457597 -0.181394584671128
0.0248826288390806 0.0651533046455248 0.376654525078957 -0.00134165865943681
-0.0539467981013618 0.100873394139414 0.205767038835064 0.391189765906545
-0.187027158973423 -0.080457449536144 0.168111946379151 0.487509865086353
-0.0530987356279543 -0.0621493363774128 0.279593196425436 0.103457260608056
-0.0519710165550493 0.081425002571938 -0.00451251114696168 0.076476087441867
0.127846961950989 0.0795953942745345 0.187254141098584 0.152288456246469
0.111547517245871 -0.165633341041223 0.0863912416690489 -0.108176101936763
-0.114561868160036 -0.17541920115295 0.0350382213734482 0.0292123839058527
-0.178627272123907 -0.0216720605212721 0.0819407320204991 0.000187504377590399
-0.120370408698368 0.0454597497687346 0.0695072993809555 0.0456030568566566
-0.091192595587872 0.0321232993083792 0.0790831138716482 0.119382256685003
-0.0912899489414565 0.000989288222552976 0.00871796522958506 0.164000595206277
-0.0922613368709594 -0.0416153588602792 -0.0876686420352909 0.100145315456485
-0.0365511614822697 -0.135143619279459 -0.105285266397216 -0.0311892172245476
0.153147229315821 -0.0838349117632642 0.0476023253010927 -0.189495185408996
0.0692662979337295 0.113872488539961 0.339408892881404 -0.0207327198930043
0.0550830212213002 0.135656407092348 0.269202116294297 0.362826866415303
-0.0941209401915932 0.0996231451622273 0.181210246912588 0.51258730925928
0.136329393764082 0.0127525245072042 0.211991916970146 0.108690633985545
0.054667403623554 -0.0319844127949252 -0.0488455055294567 0.121998665958947
0.125650294487462 0.0240496864546349 0.203484393459555 0.207426687669341
0.105897639823424 -0.219625005308263 0.152881323784931 -0.144785937179832
-0.158450369534377 -0.212669317866523 -0.00227566723770161 -0.0413554317827468
-0.217775921845374 -0.0320948032193441 0.0167466142109215 -0.0161160951316713
-0.143388020769469 0.0224993956750116 0.0141367596454265 0.052445073690058
-0.10746853587207 -0.0109100286662671 0.0367704207565845 0.125754105237154
-0.0877603721108229 -0.0466079616510177 -0.0215661769855576 0.162512562400288
-0.0682217057558163 -0.0733738034721976 -0.100775775092542 0.0983225019319322
-0.0228704812607234 -0.157862312327908 -0.119606667719502 -0.0110239430640553
0.20448638825069 -0.126827956069863 -0.0206564872218636 -0.184180080280637
0.148476515666282 0.160284709441793 0.264006720884696 -0.0989398450678054
0.115077568568752 0.163524479881875 0.347034939318131 0.235837072148427
0.0198206066195013 0.233099784657987 0.20575567875601 0.473579382624244
0.274695555979568 0.132874504669979 0.0949549428559872 0.0758327932059993
0.21038682700109 -0.0695770599626239 -0.131300942248576 0.133125530882457
0.146565723294716 -0.0628295772651837 0.156828673596001 0.268342806992771
0.0866117833631949 -0.255567890195043 0.215935648786528 -0.122952392865138
-0.179383821077521 -0.218304711766402 -0.0146877741435302 -0.114738675384415
-0.208182872515812 -0.040102971035699 -0.0511647646825648 -0.0392597321067394
-0.133903127864983 -0.00824989612207309 -0.0452923562997343 0.0493965432632399
-0.106827861345764 -0.0515487834470734 -0.0110573975242 0.110727913120757
-0.0815109402923047 -0.0860716355889275 -0.0460538267527087 0.135462814453218
-0.0517728310872327 -0.101767268309088 -0.101213114492656 0.0866868334997104
-0.0138227967205071 -0.181924571508277 -0.118763392824227 0.0151783270447732
0.229902926875914 -0.165325140521839 -0.106941185193035 -0.145578638897545
0.229020695534294 0.139161995886255 0.145697595178153 -0.200959455046611
0.17619580771804 0.181641099067294 0.396233054946122 0.0644534053314377
0.146345063066435 0.304229659849626 0.211926649060345 0.387167557318746
0.328429311390435 0.262427160517065 -0.0278722935654089 -0.00145581297090673
0.324610834369469 -0.00382576639155716 -0.207997243734062 0.0917888447107992
0.20619061255506 -0.110596857879558 0.0482751380802458 0.294843337121055
0.0805517111008704 -0.264921747355243 0.241616772501848 -0.049453612253857
-0.16894875102632 -0.190678347183731 -0.00137432335817043 -0.157456681269489
-0.152915697203635 -0.0375464119251041 -0.0937909124584723 -0.0652208741637643
-0.0949673712444452 -0.0445201048206852 -0.0922343256836759 0.0308579367793908
-0.0889588471621944 -0.0846784376237227 -0.0572594183682862 0.0775868124582381
-0.0702396777131416 -0.107304830223997 -0.071020245329108 0.0926762226094181
-0.0464236776950019 -0.111519545249395 -0.0977928077436933 0.0608849205652127
-0.0227530864009382 -0.188861815958512 -0.103437079092348 0.0228460174034619
0.203714577297367 -0.18796525954289 -0.153453712638389 -0.0784540349100015
0.257957301299376 0.0453556902087605 -0.00783063981178805 -0.257248353217741
0.246010711149882 0.15016454467508 0.388237524078681 -0.0957947235176463
0.267385630006533 0.309458061060576 0.165818582850634 0.273994793648849
0.316123681050752 0.347797057326356 -0.114574725520687 -0.118146150234647
0.359632438857663 0.0790871472581359 -0.242929638256415 -0.00907506311658271
0.225175821172905 -0.111074307623464 -0.0987906096361937 0.257923533763812
0.0741111778461502 -0.220349222141422 0.205591902029543 0.043584121299682
-0.124077193797854 -0.125521202642964 0.0234321555912149 -0.148954975152824
-0.0652228204895712 -0.0288738473360588 -0.094240591025356 -0.0817093480009607
-0.0370858001989315 -0.073828416622774 -0.111706331778731 -0.0036487029513849
-0.0564700219462973 -0.104576589144359 -0.0958269464624059 0.0323354374028848
-0.0507349667570913 -0.107166352492863 -0.0952233708038712 0.0477287946906875
-0.0404943111703394 -0.0944695042221723 -0.106598066612516 0.0301595131755906
-0.0375103879332076 -0.153033450125533 -0.0894088086002615 -0.00127500292582584
0.117965539084911 -0.166872330032717 -0.134957175724 -0.017301963784453
0.209476867780271 -0.0774864643248849 -0.135717312315831 -0.238049897337949
0.276115951641734 0.0686948629613706 0.323825653597604 -0.183179388349346
0.35634540468753 0.261816314936809 0.0579003487723956 0.160550166037349
0.282180466297471 0.346995104115103 -0.150727416471961 -0.252980508477429
0.324028974822337 0.0770173537698199 -0.220326610098048 -0.151732523737103
0.153324978906577 -0.0952555011670428 -0.235075413588436 0.149406077700836
0.0378990848919656 -0.127863582655616 0.109099715881347 0.11954279324596
-0.0608853437975135 -0.0357800384911789 0.0424679392421875 -0.0893188386520438
0.0232220291602729 -0.013141211034216 -0.0538277293848954 -0.0862032109577883
0.0188506636159814 -0.0897029758464751 -0.102548473768144 -0.0506973239943931
-0.0161071182849796 -0.107536815059588 -0.119255826952046 -0.018335444278207
-0.0167445460867467 -0.0912820840110225 -0.116230656131798 0.010148214492627
-0.0166037838866153 -0.0587480374288977 -0.126091414789698 0.00824274626962814
-0.0322145434546139 -0.0728436774592534 -0.0919536762130889 -0.0420430645670323
0.00550418903008792 -0.096790624241994 -0.0851797437330193 0.0156159279669267
0.118966059521251 -0.156398664986538 -0.196530849739926 -0.186841555781913
0.235526174118367 -0.0291868457413882 0.230802200175912 -0.172029728894202
0.388142045532653 0.187908397562506 -0.0852344794953324 0.0700133464147271
0.243097940656388 0.244694460260811 -0.148448206473241 -0.376611625755716
0.204513643799281 -0.0109326519410925 -0.180629333405675 -0.297582693270978
0.0439471051094071 -0.0625741361852413 -0.324889108826162 0.0280740964209312
-0.0151828134352342 -0.0369752357687383 -0.00375555901420371 0.159391375476803
-0.00678727745230166 0.0459320279047519 0.056313299482374 -0.01529258942503
0.081882665528752 0.00119896221914144 0.0057233904644842 -0.0862203537068384
0.0592030710718236 -0.0838796945546359 -0.0736535623407437 -0.0993118412241554
0.0259916755408712 -0.0949790656304579 -0.124739967753175 -0.0647488608173673
0.0301671648807887 -0.0715036080970246 -0.122897626877054 -0.0157031197766899
0.037771615307192 -0.0244655994013748 -0.142994180422219 0.00225473464458996
0.00580415776433945 0.0271252629572607 -0.0993565648508188 -0.070968459069378
-0.079730635419338 -0.00615239090053821 -0.0538327277264502 0.0340502693722451
0.0192109637315861 -0.151739705554654 -0.195475023267231 -0.151199811559968
0.155912305561295 -0.111803705002231 0.132599502520393 -0.10028059022027
0.344773458537205 0.123908608418252 -0.219413564549194 0.00172154225888501
-0.224327593249443 -0.103035102622836 0.272403725809496 0.0743022911437484
-0.0980397588312411 0.144503324498947 -0.0370541498149034 0.050296225300955
0.070905559391919 0.106187833184538 0.16394670990522 0.148282443690846
0.0982864298532475 -0.0789826552580623 0.0556961023521538 -0.0596360888741539
-0.0544553122461914 -0.109113366982066 0.0702564038047749 0.067018817582638
-0.110414262533688 -0.00564392941964013 0.121446347745292 0.0106133710511404
-0.0772900983807159 0.0629391720401085 0.106504149977479 0.0331260555718682
-0.0617430601539329 0.0707039468477984 0.111711122691612 0.0936080451052449
-0.0852281013567289 0.0463483390469042 0.0454674439166074 0.142273101902038
-0.106755725204782 -0.0166875758539327 -0.0531762392422219 0.0964179403413749
-0.0310188790382629 -0.109348575227379 -0.0836874613431998 -0.0233737944687678
0.0908937685887268 -0.0339168293491712 0.0576482248591037 -0.181264532817951
0.0246465176036748 0.0646349749444278 0.377264871239635 -0.001892664827819
-0.0538118226437063 0.101723682654511 0.20569531475577 0.391156265552678
-0.187281360277169 -0.0799160185354192 0.168178081582394 0.488660005716268
-0.0525447038471474 -0.0621418463646534 0.279877125707243 0.102352111658549
-0.0524259089828039 0.0816885236150504 -0.00339146151123451 0.0761453083450542
0.129029380826014 0.0805027060621229 0.188091683145192 0.151582923502756
0.111450174771075 -0.165288012831072 0.0860209829825134 -0.108983252435231
-0.114866202830784 -0.176490874489017 0.035487448087785 0.0279823647169023
-0.178531809183313 -0.0210039143740493 0.0817228300724332 -0.000369285010977384
-0.1207734147079 0.0455059544697574 0.0697854377401837 0.0443669466295268
-0.09154167547694 0.0324631298546178 0.0796841311160349 0.119348648836147
-0.0913112100274087 0.00177719145750167 0.00882237546993691 0.164311702737865
-0.0922164258496748 -0.0416373810414133 -0.0869207390281768 0.0997216412349108
-0.0361309154961516 -0.135200182566783 -0.104829919833294 -0.0317813643359878
0.154702184740728 -0.0835200321381535 0.0486424994317948 -0.187832593801646
0.0696910024796257 0.113974198574016 0.339577107399117 -0.0216633522014637
0.0553604956531517 0.134734490662506 0.269910711635383 0.362881921068055
-0.0946052154671066 0.100096752139135 0.181570311951283 0.512186328122779
0.135562084086106 0.0130625492691902 0.211451917898564 0.109132309979876
0.0546502123391412 -0.0311781847842798 -0.0490016756516906 0.121654540832932
0.125647269774532 0.0246207639033038 0.204735013316719 0.208429062179898
0.105342265860812 -0.221043831652192 0.15283594372377 -0.145184577205441
-0.158814391425368 -0.213814058923692 -0.00212330940343792 -0.0415937709525237
-0.217753038830531 -0.0323830521551703 0.0167894777094275 -0.0158476415826298
-0.143142308029517 0.0227428707196476 0.0146782312641548 0.052595746391206
-0.10740783634607 -0.0108881644293761 0.0377255703937397 0.125115985284877
-0.0875965433264725 -0.0459663778991075 -0.0214247489977881 0.163159307856189
-0.0680621248809613 -0.0736451953282602 -0.101314840878891 0.0985446640732708
-0.023283439778651 -0.157861641050887 -0.118923345318445 -0.0109682972012878
0.204223375210794 -0.127526110219523 -0.0197799677493149 -0.183126543257225
0.148522467850352 0.160221243082974 0.264181576732337 -0.0981626635525852
0.114865001626575 0.164109511921619 0.347388701347656 0.236650262276938
0.0193716404930073 0.23422488989886 0.206195180756848 0.475046167392435
0.274547834963259 0.133160030253759 0.0948625769923163 0.0758000659290108
0.2101782513081 -0.0693963688114022 -0.130854115892234 0.13291676285621
0.147224868729344 -0.0631307539736303 0.157773190307012 0.270008951194184
0.085569265098214 -0.255576730549627 0.216443617656954 -0.123232352048624
-0.180481311998496 -0.218856254301597 -0.014464737037141 -0.115306863145324
-0.209738588009888 -0.0390847580311114 -0.0508362050470055 -0.0388763937816225
-0.134872912197656 -0.00831378385776986 -0.044625430143679 0.0493460342742329
-0.106839164792732 -0.0517289806584437 -0.0105085671549535 0.10985163428689
-0.0808278110796631 -0.0853330953505896 -0.0460229264789639 0.135520328603318
-0.0517992490040395 -0.101703608625567 -0.100663344180401 0.0868070048792018
-0.0149459787665745 -0.182859651835446 -0.11849086083953 0.0151667339643463
0.229881590607558 -0.165638589107836 -0.107105952729336 -0.145328543056177
0.229429394388928 0.139361226785378 0.144913131604569 -0.200480682911244
0.176605383463528 0.180657347332437 0.396314303259002 0.0640246563910734
0.145543894898938 0.304596421346676 0.211929805413061 0.387114712346865
0.328247395308195 0.263846652011185 -0.0282038551223156 -0.000883954023310572
0.324969379904797 -0.00278812098378494 -0.207896563770502 0.0912197042533085
0.20716404658625 -0.111018331978671 0.0488832340835792 0.294972837017954
0.0801723416232354 -0.264920675914716 0.240918399131073 -0.0497226335896678
-0.169846452691715 -0.190637409036279 -0.000619814693136861 -0.157803895768353
-0.15325654431754 -0.0376587705853831 -0.0936890141572507 -0.0648661774620277
-0.0946264866723821 -0.0437845560517468 -0.0921979767089431 0.0305984456837578
-0.0885691145873847 -0.0839912942586385 -0.0574184649776627 0.0770388691563832
-0.0707478790990816 -0.106214160075631 -0.0712104522169751 0.0933381425940349
-0.0472819389754055 -0.111027351031824 -0.0985043309899726 0.0609170259596648
-0.0228760165105428 -0.188699097878122 -0.102999262539842 0.0222324576926134
0.204206052163459 -0.188082767079479 -0.152861442744002 -0.0786783302289476
0.258743699359035 0.0449554771511804 -0.00722832692812202 -0.256808818540028
0.246990490672575 0.151292764224158 0.389344317993716 -0.0963141227266641
0.267357693782184 0.30943250525206 0.165250810166929 0.274725498148952
0.316193592329299 0.347719518732881 -0.11525029223953 -0.118439113563754
0.360303210004271 0.0792098669426531 -0.243827112658729 -0.00980052935064604
0.225034482387606 -0.111405964001935 -0.100547925468113 0.258734001761752
0.0728575443092763 -0.220469297772464 0.205196798955539 0.0448414784227959
-0.124479115481262 -0.12641783838869 0.0227973902194803 -0.148121470675929
-0.0654302176845245 -0.0279697448721893 -0.0939961984283696 -0.0820464893850483
-0.0375335673603929 -0.0741610463120864 -0.111700617261027 -0.00308706751219672
-0.0569696137021832 -0.104036036777003 -0.0964994401033509 0.0322132177411575
-0.0513089011067534 -0.106924882204673 -0.0959336427303457 0.0481810007122315
-0.0425361561587259 -0.0936259749027452 -0.106962522927959 0.0297065757093151
-0.0382499333629931 -0.153245615881885 -0.0898478304059308 -0.00123392146422271
0.118029343861399 -0.166923607324194 -0.135129569001217 -0.0164687554846888
0.210697579717086 -0.0775343493268472 -0.135713084106068 -0.23694228403056
0.276518866238565 0.0692025310263691 0.323052298565849 -0.184228632623012
0.35744936565796 0.261651512317637 0.058950173284987 0.160289770430676
0.282054606960727 0.347778163448067 -0.149688096297865 -0.251238002386582
0.32497011157533 0.0769662145840779 -0.220712426444809 -0.152396373520912
0.152537678213698 -0.0950301230188113 -0.233528711293381 0.14977152224257
0.0382713971427546 -0.126985552990597 0.108610554197887 0.118932384934294
-0.0619577902541286 -0.0354534638611309 0.0417292863269377 -0.0896039187671951
0.0235393796245629 -0.0138735928078781 -0.0535043130237588 -0.0864398973867545
0.0186779789255482 -0.0890933818274752 -0.102315572606995 -0.0499446063973798
-0.0160889440767631 -0.107899736686261 -0.120367096340932 -0.0176478701512915
-0.0169569627826683 -0.0910230150850078 -0.116149270210348 0.010736198852835
-0.016362285041147 -0.0587074790140219 -0.125921816613405 0.00765995144954015
-0.0324612245133617 -0.0727011207414088 -0.0916972200191795 -0.04237685472314
0.00541559227834784 -0.097239745274269 -0.0858223137771929 0.017509544813631
0.119092056819769 -0.157268538625254 -0.196341879932285 -0.186844000431512
0.236738673347986 -0.0293479537909258 0.231016412017578 -0.172005974050968
0.38944153279091 0.188469171112368 -0.0852423455336412 0.0696089001668367
0.244684805272567 0.243638260909326 -0.147288868327581 -0.378470550848497
0.204855253657217 -0.0122647117869739 -0.179609731462982 -0.296464971565594
0.0442406296351206 -0.063198767233745 -0.324656514335616 0.0289574108824153
-0.0150639504310921 -0.0370824178586441 -0.00362020750197175 0.160138084396791
-0.00668852316806184 0.0456898935014725 0.055538864250162 -0.0148669522326906
0.0824885590796955 0.00095032506365381 0.00585431044970538 -0.0863030049370607
0.0593502883800297 -0.0837128047127879 -0.0733403976624084 -0.0988768368688482
0.0267339228553687 -0.0942193197701884 -0.125288897216008 -0.0649712974509241
0.0296771738908166 -0.0708908179536026 -0.123077576808391 -0.0145850555127157
0.0368850064344545 -0.0242209438901326 -0.142600583802959 0.00256259743984033
0.00508851908440362 0.0275266380067485 -0.100163504573237 -0.0705431296693994
-0.0795364545038931 -0.00563619248613214 -0.0539401382908469 0.0334882150775901
0.0192356400302773 -0.153192999324621 -0.195725909149913 -0.152277021548236
0.155987810760308 -0.111677370302352 0.132019866515918 -0.100014203075178
0.344491896641956 0.124779469842297 -0.220594179104717 0.00136168737980195
-0.224086595146449 -0.102619509222427 0.272668035387752 0.0746972525286896
-0.0977224811640264 0.144229968616674 -0.0365808807762008 0.0502565509984774
0.0711824747177346 0.106210443274148 0.165077349155064 0.148788786856993
0.0974131577783446 -0.0799182496173767 0.0560745193998594 -0.0607195488759845
-0.0548283564999609 -0.10999842933877 0.0707497681778551 0.0670317665949512
-0.11047857870704 -0.00515659343996525 0.12206575979996 0.00998904625885639
-0.0769653271366717 0.0633396414634806 0.107633919513355 0.0326844954924069
-0.0612099109746743 0.0718617542551681 0.110887768124121 0.0921982331217247
-0.0854540474291722 0.0463734540092606 0.0450685004296506 0.141288457675732
-0.106237804202342 -0.0171767011345793 -0.0540101556754519 0.0964823827791321
-0.0312408191165243 -0.109959620798449 -0.0835593423157488 -0.0238547528028426
0.0915229160664214 -0.0339525565277267 0.0578302882081006 -0.181337567521764
0.0244788625643781 0.0654364277267316 0.37771551887021 -0.0009903666447548
-0.054058875801727 0.10173763450058 0.2061641494582 0.392282449723875
-0.18796772750764 -0.0808402975832726 0.168706984931958 0.487667317288731
-0.0529499428703931 -0.062312822311341 0.279389128118107 0.10256740520471
-0.0518650718599449 0.0811954678598744 -0.00395285158302763 0.0766391288393489
0.129420351704909 0.0796713049089746 0.189086621724975 0.152113819904711
0.110438605150874 -0.166099199708111 0.0862862054028179 -0.110274591734393
-0.115849823691585 -0.177018757464983 0.0356856492864812 0.0291108961988216
-0.179386280822729 -0.0210320644307169 0.0823464543001766 0.000163554149272452
-0.121077211193867 0.0465867807513221 0.0707915796165742 0.04434953182476
-0.0913785512971193 0.0329229492468364 0.0796327829408815 0.119394728154734
-0.0913607743481463 0.00135635301337107 0.00864844742738085 0.164847519852644
-0.0924438819632699 -0.0410743298776617 -0.088025301949699 0.0998204694615587
-0.0369083006511648 -0.134791397030777 -0.104307432709789 -0.0312764974384613
0.153570414474936 -0.0845124274903472 0.0487519788541057 -0.188915624756926
0.0702225653875407 0.114200114062058 0.339856243019887 -0.0214190467744472
0.0558575800190456 0.136013739933536 0.270651689575379 0.362690048910577
-0.0946990255990526 0.0995940942394733 0.182319721682783 0.513461237352354
0.135868119093993 0.0132834213047112 0.212170416833694 0.108327110851558
0.0544316597932224 -0.0321507777271835 -0.0487467230104201 0.122585543593918
0.125813098803912 0.0247664777270801 0.205302067065348 0.20762151083936
0.104624684493812 -0.221501702991607 0.152344044837921 -0.145695362027914
-0.159862281925708 -0.2136055562223 -0.00242170083454013 -0.0408287931762043
-0.217877003529513 -0.0322919521475211 0.0169738646880628 -0.015397833253803
-0.143010894858119 0.023657102235833 0.0152232946014713 0.0522002486400014
-0.108370515363226 -0.011141458346059 0.0369773311818257 0.125063619382978
-0.0881613578868141 -0.0458880962968402 -0.0207380574493674 0.162584158224526
-0.0688535560775916 -0.073497738966222 -0.100855254728765 0.0977047313974358
-0.0239064875261133 -0.157903095277263 -0.118370954200239 -0.0116699433716027
0.203974846599574 -0.127801301828664 -0.0199453910012537 -0.183733276178153
0.14831832057395 0.1601280103703 0.265129272549695 -0.0990162288748575
0.115782179942687 0.164514454204681 0.345149897092039 0.23712540802538
0.0189797772299174 0.234055867032204 0.208296020263968 0.476634697409022
0.273817769079527 0.13314413684083 0.0945083510199722 0.0762905860339564
0.211061421481363 -0.0695786335119834 -0.1310244805473 0.133541531692404
0.147482480568331 -0.0633817791037042 0.158943978293064 0.26852817913835
0.0857314391400721 -0.256607536038774 0.215858367338591 -0.12388093295249
-0.18129525479175 -0.218808191629738 -0.0145464229399954 -0.114706004510699
-0.210101678912283 -0.0384676081107565 -0.0502634142203568 -0.0386239427851027
-0.133966701720649 -0.0079605894042757 -0.0446559961942038 0.0496588925502091
-0.107041904851499 -0.0513689933367362 -0.0101257002393215 0.11022164478219
-0.0815592016605155 -0.0847954626062495 -0.0466512880812121 0.136531531153922
-0.0524739010464212 -0.102120211405405 -0.100239386284882 0.0869499214120665
-0.015219913363411 -0.182312240522738 -0.118030394521168 0.0145178456067962
0.229571955305864 -0.166263281302263 -0.107229208246381 -0.145996792787391
0.230654733541233 0.14043328792986 0.145192322827534 -0.200605389303274
0.178127469050984 0.1818701474056 0.39656317985363 0.0640071933574102
0.146241949109705 0.304784393005812 0.212059863376043 0.388778743331483
0.329279354557858 0.264880838291544 -0.0281653929078638 -0.00136267034925297
0.324740067556431 -0.00328168629883379 -0.208029115843008 0.0917021873330971
0.207006251380403 -0.112017645070469 0.0485636500742264 0.294809931599678
0.0802859364338638 -0.266282857618803 0.240881718684509 -0.0504899542311434
-0.171132338417653 -0.19041616203881 -0.00165570475778129 -0.157118286590865
-0.153542698804581 -0.037591556736462 -0.0944419239255956 -0.0650450603796233
-0.0957238628543829 -0.0431185883230614 -0.0924286486271669 0.0309975839054576
-0.0890315765812213 -0.0838771719139178 -0.0574305827553206 0.0770590745151989
-0.0709038656283858 -0.106342737575467 -0.0710923237704667 0.0939201161916359
-0.0483254329054293 -0.110805567097111 -0.0982795261499852 0.060903776773236
-0.0243110789895774 -0.188262066661948 -0.103206019563705 0.0220638806294998
0.204273356612361 -0.188617462486571 -0.152699977849783 -0.0779075589540697
0.259485577817572 0.0458929809281615 -0.00758066226582822 -0.257166672489704
0.246577782347952 0.15113514537984 0.389013358604309 -0.0971836879767126
0.267348311177425 0.310784052567744 0.165010612381349 0.274010834562434
0.31676396726839 0.351451152829304 -0.115326505809341 -0.118673438533698
0.362806002029899 0.07974353387238 -0.243328875413874 -0.0092478040698959
0.225304487180297 -0.112313399356816 -0.0991436292005967 0.257852916091961
0.0732011636537282 -0.220158312697163 0.205810904339015 0.0433097080304044
-0.124838816281032 -0.126711570229768 0.0219148433553916 -0.148220753583336
-0.0655239034351398 -0.0279048945173538 -0.0941726742352087 -0.0822415436932069
-0.0377464356023719 -0.074294981079237 -0.111830301973412 -0.0037844274571215
-0.0573913112375891 -0.103144421679314 -0.0972970559463663 0.0324668971839638
-0.0509190846542164 -0.106539549135084 -0.0958743450786273 0.0479670680347476
-0.043132064259644 -0.0930305640740515 -0.106772451496425 0.029891576290958
-0.0388578225552389 -0.152626571127691 -0.0898534852756949 -0.00184682838415155
0.118400168092559 -0.168007058230469 -0.133943694877994 -0.0168302831720847
0.212522983273029 -0.0774733516129915 -0.137834373725877 -0.237964806946789
0.276436606290078 0.0694296919943999 0.323168766236363 -0.184367279704412
0.357544122269341 0.262517359288324 0.0580830652902727 0.161097830402097
0.282425172356974 0.349470829232629 -0.150331940180247 -0.253367857156936
0.32452484255655 0.0775126300627225 -0.22072544567135 -0.152620779808466
0.152648426249124 -0.0948725535084794 -0.234655115935841 0.149008081333831
0.0377478434332301 -0.128065537773053 0.108865231667897 0.118934099475672
-0.0617504175264236 -0.0354574147574541 0.0415157661530222 -0.0883781228976619
0.0229284161559537 -0.013447861409 -0.0540912669785619 -0.0863419030368607
0.0190074873571959 -0.0896284671144215 -0.103015382900854 -0.0499652438023354
-0.016768010938566 -0.107894479185321 -0.120613251807006 -0.0173132738940863
-0.0173543866152842 -0.0907373779634857 -0.117051628451801 0.0105757486176943
-0.016800614125372 -0.0588871687250454 -0.126747199597894 0.00816632130044979
-0.0329074653114499 -0.0722132191002109 -0.091809052208059 -0.0430953087476459
0.00499584831157196 -0.0979151075198059 -0.0850881367081449 0.0165137572574562
0.119477894119977 -0.157066082166656 -0.197406882370683 -0.18641923283904
0.236509152031935 -0.0284214855237351 0.230336373246191 -0.17240990581968
0.38923711085829 0.187396420366858 -0.085614502548241 0.0695136978821136
0.244171339830922 0.2455758494782 -0.147011790252283 -0.377204830708664
0.206649503822929 -0.0104689001416508 -0.180484704014125 -0.297587680543478
0.0437977630390351 -0.0630141733015814 -0.32390915144534 0.0288041692552388
-0.0145454742843706 -0.0374161004343354 -0.00362445996346681 0.160282782564876
-0.00655905056602559 0.0460604191606968 0.0552140300969269 -0.0148272568373701
0.0819951394979274 0.000932902363112531 0.0063354318318291 -0.0863497071139011
0.0591130987673727 -0.0838375839369012 -0.0732577205580831 -0.0989095778257122
0.0264801504341201 -0.094273626922831 -0.125337674400052 -0.0643255874169729
0.0299452950807917 -0.0710254772293241 -0.124055593904922 -0.0142620311389437
0.0368297089373894 -0.0237933573982164 -0.143295467883489 0.00260821163423272
0.00594440265970301 0.0278488496303767 -0.100047936116067 -0.071233215818139
-0.07976956431368 -0.00530971297168387 -0.0537178816378895 0.0338153142114805
0.0191606995209752 -0.15268375828383 -0.19668834287445 -0.151515937339973
0.1559306268306 -0.11175191956915 0.131930700262005 -0.101302108465234
0.345670671665943 0.124689504856651 -0.219911758093288 0.00120657037390619
-0.225317121343372 -0.101723763768713 0.273346569847666 0.0752121431111112
-0.0981989669933803 0.144376986275472 -0.036536015239455 0.0503581517908161
0.0717925730549104 0.106299155408543 0.165466692444939 0.147352366125848
0.0978734424146738 -0.0796431503663385 0.0554033855057639 -0.0609315176630798
-0.0557061236069653 -0.109659782552233 0.0708462298395487 0.0671626657743853
-0.1110012753104 -0.00481092881910456 0.122699792823181 0.0105572328085383
-0.0765885196380188 0.0639287621611662 0.108104402950001 0.0319167820525066
-0.0615148625776047 0.0712072465983539 0.111807527409822 0.0923028607994942
-0.0852175713226337 0.0472270100005147 0.0466056617904482 0.141227988103714
-0.10619228375851 -0.0169704897132391 -0.0533564055879753 0.0960408388998808
-0.031783159037012 -0.109423847467485 -0.0830877545670572 -0.0242506992417141
0.0919332002564369 -0.0330390332727505 0.0583713908856576 -0.182038091012099
0.0253128460891531 0.0649296565625217 0.377998494572255 -0.00107598108483877
-0.0540378757305846 0.10191419609449 0.205698412625648 0.392645069322231
-0.188275660286197 -0.0800059617305349 0.167424756898432 0.488864599592251
-0.0538413571202506 -0.0613155524262429 0.280657099254993 0.103821191409337
-0.0522711168586673 0.082847158041808 -0.00443486934475702 0.0767504446277055
0.129211741440352 0.0797292725519057 0.189795860892141 0.151443069923491
0.110625375840248 -0.167501482112364 0.0859288104405665 -0.110605423356185
-0.11625693723439 -0.176353490728797 0.034857140860753 0.0284230609861145
-0.179995277294903 -0.0203749483049741 0.0830165979361055 -0.000286916526075828
-0.120981731154575 0.0468619679486254 0.0715749682565234 0.0438755698081643
-0.0916630689151252 0.0328965305210394 0.0808863070612916 0.117929057553414
-0.092025189643873 0.00280860155775167 0.00945925356016323 0.164127813945384
-0.0929519139349371 -0.0414867733520748 -0.087380305272064 0.0995798678843688
-0.0371540549140487 -0.135214579975895 -0.104569008802118 -0.0313873004617665
0.153143121687652 -0.0841001516866168 0.0494824320932119 -0.188991115923339
0.0700297326178178 0.114590108942245 0.34066315867111 -0.0215149042211032
0.0561996653183514 0.136035102756585 0.270308263196128 0.362458965283428
-0.0962749087980559 0.0995715884258906 0.180973698574334 0.515191957253657
0.135276089077431 0.0125064085384522 0.212309901623214 0.109591914917299
0.0546914939047538 -0.0315431460098795 -0.0488379321312841 0.122237969700714
0.125787610355402 0.0249568007743373 0.206017489388788 0.207258962508224
0.104442767865454 -0.222543820202511 0.151203732944284 -0.147158609287211
-0.160703224724626 -0.214583966947995 -0.00219360249148152 -0.0407666037680801
-0.217995023610138 -0.0312549111422182 0.017163684948873 -0.0158460775187214
-0.143559974271884 0.0241782239276415 0.0154099151286977 0.0518113231597398
-0.107832410458469 -0.0100108668665509 0.03771794720183 0.124426057675232
-0.0886347905531275 -0.044994164442381 -0.0199027692204439 0.162677073150844
-0.0693417253674253 -0.0735342369473569 -0.101236907632914 0.0987444064100143
-0.0246576346827968 -0.158699890096504 -0.118170830220126 -0.0113124906069883
0.204888681701631 -0.12885934835051 -0.0199207208157895 -0.183503999516475
0.149906129741225 0.159556728030538 0.264937453739337 -0.0999968893295092
0.115404129353137 0.163770970742801 0.3476313893499 0.237184939080021
0.0191196207795117 0.234697117940694 0.208236677947585 0.475811805125657
0.273906785810907 0.131985840691659 0.0946999712565921 0.0763269468067291
0.21030283507868 -0.0704133826078406 -0.131579885940357 0.133913996948656
0.147837232728031 -0.0641064809309881 0.159244947054853 0.268496504229699
0.084825235423476 -0.257575938258138 0.215343557286533 -0.12470583112595
-0.182234498528464 -0.21942470017755 -0.0143336413029243 -0.114750176353904
-0.210436880244388 -0.037949245992369 -0.0503646950975256 -0.0387892318559581
-0.135232011346473 -0.00752903039913824 -0.044816857993622 0.0492787767896815
-0.106962130367685 -0.0512814972378823 -0.00981355305635764 0.109984313225027
-0.0820890650834862 -0.0837262621028434 -0.0460639998410813 0.137277163387785
-0.0524298916039694 -0.101433968056171 -0.101150189254956 0.0867118860622049
-0.0153911362900688 -0.183196086282856 -0.118761436093614 0.0147710559449419
0.230345553438365 -0.167094126567072 -0.106517729959936 -0.146008541470872
0.231381226803525 0.139639224004751 0.144482554181381 -0.20070831103888
0.17778174378557 0.181699806700687 0.396660175800613 0.0630787647421624
0.14452470614723 0.305366940207969 0.212735684917198 0.388090546615067
0.328174079572566 0.263797934941387 -0.0286453794833728 -0.0017733451624761
0.324602208811978 -0.00307372517759333 -0.207424472012807 0.0909583439937221
0.207357021180626 -0.111857677134222 0.0498498291328859 0.295580942957402
0.0793113540219716 -0.265859095103843 0.240776531855768 -0.0514171776805357
-0.17273009082424 -0.190942124316642 -0.000919653060922898 -0.157665851476398
-0.154025492608184 -0.0366772117951714 -0.0941391490527421 -0.0648226290517416
-0.0963309788277086 -0.0430430625919487 -0.0921134997785734 0.0321790226678587
-0.0895865957945127 -0.083764878595906 -0.0574359162997439 0.0780650648108125
-0.0712569587141373 -0.105944439796549 -0.0703322481956969 0.093715775499432
-0.048465792234199 -0.110890712814537 -0.0981166012442326 0.061170394412867
-0.0246038577838303 -0.188306497224461 -0.103444863585429 0.0220605365431929
0.203694024276243 -0.189356986143072 -0.153007769063856 -0.0786608327728869
0.260051365132062 0.0444316665295025 -0.00883413780277469 -0.256747549795217
0.247889017377837 0.151553295966632 0.388562346950915 -0.0988576520284141
0.267518874805106 0.309905385069591 0.165205985922656 0.275394916324382
0.318568110632845 0.350647045769966 -0.115797046929537 -0.118721333065878
0.361498565074407 0.0794865304255167 -0.24421578355506 -0.00892603316170614
0.225831430705926 -0.11302760343499 -0.0965107260408786 0.257016199221345
0.0729391207376082 -0.221007646685123 0.206465209106309 0.0431375976093957
-0.12485043573945 -0.125512587332467 0.0221121664310771 -0.14868750517904
-0.0667057926229907 -0.0276503983613938 -0.0945029341095942 -0.0821242688685471
-0.0383960193408995 -0.0735509371756397 -0.112107654647191 -0.0026917389949608
-0.0576775159152648 -0.102647166052398 -0.0969230216416989 0.033203195608283
-0.0515261293376132 -0.106197006607088 -0.0962985695248843 0.0486609232410784
-0.0427518377598444 -0.0933886437575381 -0.107314068909978 0.0301936404447137
-0.0392507626141961 -0.153622607942625 -0.0891369278378213 -0.00146358946861046
0.117995666538518 -0.168460867116809 -0.133898961084814 -0.0167126887533913
0.211411246400172 -0.0787004335914041 -0.136861903440124 -0.237858232844077
0.277410539855813 0.0696431969517138 0.32363324861354 -0.185418491449064
0.358277336878046 0.262869556992998 0.0585372329695675 0.160426328377351
0.283770696341117 0.348736816950571 -0.149576744125764 -0.252149379737514
0.324307527166598 0.0777609211987633 -0.220573421924858 -0.152130623493729
0.152870755440208 -0.0955298813011128 -0.234420113345376 0.149687465148065
0.0375024202785221 -0.128255643059048 0.108648628478271 0.119230680100238
-0.0619251302169515 -0.0354012812856641 0.0412888428445913 -0.0884808360325606
0.0228594222013203 -0.0136074952894363 -0.0540241083068294 -0.0870594473628851
0.0172861766436074 -0.0894726858192243 -0.102500136511161 -0.0502058732415156
-0.0167639649427948 -0.106706028676564 -0.121792633241814 -0.0171289991148891
-0.0185015273888019 -0.0908597052921546 -0.116779460751885 0.0116015097477392
-0.0174459006791352 -0.0582429022554987 -0.127071078380408 0.00906178835741071
-0.0328454520400957 -0.0728514874100436 -0.0919286855924885 -0.0430624383332
0.00510819188490463 -0.0970699366158553 -0.0849881251199988 0.0177351099397475
0.119173594609254 -0.15732115293351 -0.199157984357675 -0.186772814649718
0.236837650454029 -0.029961682467678 0.230759423624895 -0.173341587370182
0.389626120499284 0.188839129440269 -0.0858614383288433 0.0689772504848482
0.246241468594044 0.245665959199893 -0.147437718537756 -0.377875795883722
0.205983904876629 -0.0115207741496416 -0.18037260000269 -0.29819592885066
0.0437298426094227 -0.0624242120155838 -0.324293590714029 0.0289313421229178
-0.0149691194392778 -0.0370054551062768 -0.00359211466465294 0.160632524276766
-0.00600794358533544 0.0468534957359634 0.0549814074818978 -0.0141547769521434
0.0826108864806615 0.0010155579786497 0.00593858203969385 -0.0863193864779807
0.0585559894308455 -0.0830215033076713 -0.0740241501424899 -0.0987981595900286
0.0263656415803936 -0.0945817848542191 -0.126292979032048 -0.0633729171519735
0.0286860420731073 -0.0713096847638197 -0.124237108046186 -0.013928019896432
0.0375837636188571 -0.0242062891983357 -0.143552199131457 0.00328028689960951
0.00587353309576263 0.0277280709034986 -0.100408719903391 -0.0718575565969662
-0.0793210052646594 -0.00572811970754917 -0.0540944470881295 0.0342453715202552
0.0180963720800655 -0.151885881777872 -0.197237597989555 -0.150882693556827
0.156499410717031 -0.112174321001019 0.132137608421646 -0.101712093286457
0.34642853229758 0.124811338204797 -0.220165702216665 0.00115062463095902
-0.22555313558844 -0.102307137659146 0.274211183458911 0.0749282759161954
-0.0978122671825243 0.144514842500129 -0.0364592590599205 0.0503682947426367
0.0716417178923504 0.10658972439835 0.166841663514709 0.148022056122914
0.0975092892012106 -0.0805431841759184 0.055442787328247 -0.0622505833284629
-0.0558717096144187 -0.110156701733456 0.0709284226437454 0.0667665580651879
-0.111253553676961 -0.00461410349630447 0.122600810839643 0.0107737615858061
-0.0777998136437011 0.0634693740958406 0.108555400448787 0.0312790205098921
-0.0617505988536196 0.0717779003098295 0.112234891640558 0.0915264470892614
-0.0860466224618868 0.046714195649349 0.0469985123019133 0.140614480487742
-0.106395022990303 -0.0164762904105971 -0.0531471846273775 0.0963908774653111
-0.0327209385139422 -0.109134433815403 -0.0828922806635933 -0.0241062895293791
0.0911273803678684 -0.0344192170609192 0.0578925727977651 -0.182390193164784
0.025638732484136 0.0652714843111616 0.378284514414161 -0.00117771002362657
-0.0541350379682284 0.102231195935473 0.20644114455936 0.393814385982001
-0.189146908216524 -0.0796911851327318 0.169892046430038 0.489802523272211
-0.0547235731665534 -0.0617869415522705 0.280619322506246 0.102749973908207
-0.0519035181036363 0.0828529285941824 -0.00368631561400236 0.0772964280234573
0.130337947539753 0.0798403649290392 0.191940882415032 0.150850994480256
0.10981178089465 -0.167477521862872 0.0859472282435912 -0.111629825062358
-0.117614530498142 -0.176673778944223 0.035624235623315 0.0289712554274398
-0.180019998199895 -0.0200974614899069 0.083054030637947 -0.000232066354286465
-0.121473089663571 0.0476131936081109 0.0712627742982664 0.0441743415482308
-0.0913308367107364 0.0334125082794035 0.0810920453985831 0.117639979550464
-0.0918674965947832 0.00278080468829071 0.011087888769915 0.163171065367889
-0.0932346453908588 -0.040247650476362 -0.0867861829680808 0.100525912420515
-0.0383414902637197 -0.134921763203156 -0.104151010466543 -0.0314029732087315
0.153503074288144 -0.0848318355884397 0.0480574927497132 -0.188475817314551
0.070727437434968 0.113954715798056 0.340983856413369 -0.0219608335163755
0.056311307450889 0.135734801716979 0.271284234804218 0.36489863969957
-0.0961875693397241 0.100932655797408 0.183297023304391 0.513583773375752
0.134945625187389 0.012820407309379 0.21201469312332 0.108398310674501
0.0543302582271996 -0.031465185816622 -0.0483242255926767 0.122226038160205
0.127356824828427 0.0244177960972056 0.208549023999491 0.207152395306444
0.103896059043064 -0.22250180631364 0.151758971228781 -0.147649906541102
-0.16246051721744 -0.214123795850573 -0.00184907315314658 -0.04082412226728
-0.219737551028726 -0.0306628605787613 0.0176950261160675 -0.0148408021396302
-0.144052399060748 0.0244193429353045 0.0160862851667475 0.051481525955924
-0.10790235786143 -0.0093121240622239 0.0386202121087135 0.123896234609319
-0.0878386572824583 -0.0443059862677099 -0.0192176235309163 0.162132647026018
-0.0700159204594536 -0.0729007327513918 -0.100755962692275 0.0987073868511524
-0.0249986272567686 -0.157746839313831 -0.118446293787462 -0.0109173683848608
0.20364464548727 -0.129216390778247 -0.0205718622279843 -0.183734024044002
0.151170676782565 0.160269118199265 0.265043418270983 -0.0997942658159731
0.116132306625821 0.164878897942517 0.347820559188832 0.237016523431111
0.019675871520596 0.235974593326483 0.208334837968006 0.47624372701664
0.274302663843795 0.133044644393556 0.0942578064461349 0.0759951779393169
0.21189075288 -0.0700820794436121 -0.130266750668578 0.134141827653484
0.147574723045949 -0.0638329840085443 0.16048749988506 0.268985508484132
0.0850886424018028 -0.257846463389895 0.215156795143067 -0.125307918704221
-0.183443409638298 -0.218554725501219 -0.0153729329556911 -0.115316269033802
-0.211481287011088 -0.0373697116582902 -0.0509195963094335 -0.0385620484213671
-0.135175429546185 -0.00641821990011944 -0.0443952583920095 0.0492028792361337
-0.107506795013273 -0.0499533913492123 -0.00956225887316481 0.109546613727061
-0.0825156951205643 -0.0836777789757456 -0.0444637033776835 0.135639575588723
-0.0535365442484913 -0.101026920794362 -0.100847313534439 0.0868586966285479
-0.0163172050903995 -0.183454952948245 -0.117422937486785 0.0144813297483464
0.229785351464411 -0.168323840744278 -0.106904833238856 -0.145081752783245
0.232456592100684 0.138205768828141 0.145071169758739 -0.201260924039031
0.178557241764717 0.182584846761273 0.396976343143766 0.0625569442615538
0.147215544435816 0.306658370449589 0.213970185684232 0.389212222929875
0.329658024184491 0.262747342286346 -0.0284221411406446 -0.0012800864614628
0.325829033864798 -0.00434617857877052 -0.207789836337473 0.0923631979711934
0.208456454744175 -0.11226136711212 0.0508638338199512 0.296040319413878
0.0792512938818709 -0.266439132607999 0.240451944802624 -0.0517250280459134
-0.173545191994522 -0.190247733163062 -0.00187198207429959 -0.156939738701185
-0.154642228537494 -0.0364059711827601 -0.0940661296791098 -0.0642745337841053
-0.0961069601733215 -0.0429235755592721 -0.0925591580771498 0.0313520381380048
-0.0893448130078407 -0.0835206950299383 -0.057326979380596 0.0777568755546243
-0.0727962491857729 -0.105889947975732 -0.0707783659289684 0.094324677794104
-0.0489146262231907 -0.11046550104345 -0.0987766218229789 0.0613269885994204
-0.0258224341858334 -0.189601647382741 -0.102952172760563 0.0219804329289466
0.203951696455445 -0.19056906100111 -0.152615953543075 -0.0777157305843967
0.260619438267165 0.0439225586992283 -0.0091650999303963 -0.257083225118219
0.248153547012601 0.151244557416171 0.388855259513827 -0.0992843995320094
0.268709358228876 0.310391017387524 0.166558494987213 0.27597998276671
0.318889762765157 0.34860187862839 -0.116000880521238 -0.117740473146974
0.362686127176618 0.0784543625490105 -0.243419988311999 -0.00914984711073067
0.225325887915603 -0.11345767386384 -0.0980066225874696 0.258591846848612
0.0722957754337978 -0.22151764653577 0.20606608545516 0.0433365213318856
-0.12689007132817 -0.125543285294881 0.0213658951396947 -0.148632279683459
-0.0673529464301932 -0.0276415854624949 -0.0947311621039105 -0.0812850044947865
-0.0394786958991163 -0.0728561435661365 -0.11257113726527 -0.00272217822459158
-0.0578671328681185 -0.103555219860024 -0.0969999672601602 0.0336751383604035
-0.0523391537339078 -0.105765676167533 -0.0963928055172446 0.0494409402078851
-0.042962678152758 -0.0932218115811757 -0.107360100624136 0.030484665090992
-0.0407368825889085 -0.153719805953192 -0.0899032473382744 -0.00191987939088029
0.118570713895811 -0.168906879971128 -0.134598054452867 -0.0157769341792603
0.210642574680874 -0.0801754158390144 -0.138376334344317 -0.237876104305339
0.279399022739442 0.0701647036857411 0.323187368144359 -0.186010587489181
0.35923814559806 0.261554384272353 0.0586899730466385 0.160832824937116
0.2860841198067 0.348757183355795 -0.151443862259619 -0.254286528531109
0.326923916941599 0.0761447052401012 -0.22145826629436 -0.153134855244301
0.15329393847617 -0.0969310277225189 -0.234773785085916 0.149745531758448
0.0379241574560275 -0.128225851291971 0.108657957474969 0.118322880521226
-0.0628991233453668 -0.0349072507340858 0.0409195533533648 -0.0888506262190242
0.0225633834855073 -0.0133910931181908 -0.0538842020406097 -0.0863632131411922
0.0184437058564084 -0.0888244109220381 -0.10321859309505 -0.0493829051624369
-0.0174409772529429 -0.107214863486005 -0.12135716146741 -0.0167788513945181
-0.0179385830403584 -0.0906620723663239 -0.116996740775867 0.0113870312001382
-0.0172520662431986 -0.0582128108234311 -0.126583915946119 0.00876606026533818
-0.0333593291491611 -0.0728318482252185 -0.0924013547712032 -0.0422714881053806
0.00452950537454394 -0.0979597722346266 -0.0855536218318839 0.0173691367046023
0.119358114051801 -0.158844294533696 -0.199986766763904 -0.186840864094866
0.237353603707487 -0.0297669878801538 0.23111617230792 -0.174561574403825
0.390501090713137 0.188117752531241 -0.0854940842922156 0.0699142306394502
0.246318846167108 0.24415944611767 -0.148542073896967 -0.378734982653327
0.205556561034513 -0.0118971351479026 -0.181164568134689 -0.297790877173886
0.0432341123111511 -0.0632793338591287 -0.327174496406575 0.0291082806680321
-0.0149878457305956 -0.0372892315755306 -0.00389768710986994 0.160860041763176
-0.00636479934509669 0.0467813117348015 0.0547355418801912 -0.0149299215242411
0.0827506071099082 0.000280941195852216 0.00501222922506433 -0.0861687171084265
0.0577355589316656 -0.0832790540344768 -0.0753820922230739 -0.098321299148097
0.026050206874426 -0.0948359945629721 -0.127685961756887 -0.0626872346486203
0.0291816959669086 -0.0714371782908894 -0.124426912390893 -0.0141172131196068
0.0372481052596181 -0.024134825209411 -0.14444376256315 0.00407536340829575
0.00642133243496936 0.0278237303963853 -0.100133532994802 -0.0712264590415078
-0.0793205251799903 -0.00543020425599648 -0.053339170826564 0.034965790676011
0.0180160558421708 -0.153763856407342 -0.197803451166039 -0.15101465385174
0.1567385259327 -0.112595001678524 0.132288683790494 -0.10233048292556
0.34635042103331 0.123913393984592 -0.220440918877875 0.00190728678577032
-0.226898802988554 -0.101030273752771 0.274568887634714 0.0742016134959813
-0.0973266816456018 0.145958174782214 -0.036774381465665 0.0510911119222422
0.0731733949596882 0.107158966005318 0.167996697577375 0.147395912108943
0.096951990290524 -0.0808454550876719 0.0546593671558929 -0.0625950328294453
-0.056534885948379 -0.110292296751671 0.0719260900737399 0.066696851378095
-0.111693299302482 -0.00408299527539885 0.122713342200171 0.00905029739861361
-0.0766350168818335 0.0646192341108324 0.109733029402648 0.0307216953590632
-0.0611107758473088 0.0722333674382472 0.113566493297449 0.0907051453838588
-0.0855405623071496 0.0478150495150378 0.0478574398029596 0.140541270425473
-0.107203743616814 -0.0164997307048761 -0.0526492508798897 0.0965381266870476
-0.0328288658613685 -0.109202685361102 -0.0828717674184078 -0.0239103566571153
0.0912604187076856 -0.0347416045152935 0.0588113671733876 -0.182857049706063
0.0259463294934297 0.0648422753662004 0.380632435465833 -0.00228153411309701
-0.0540040570855793 0.103149240397061 0.207848455110946 0.393978320933313
-0.190099564128437 -0.0796333164778955 0.170290222568938 0.490238574999553
-0.0546709213490711 -0.061524307686214 0.281678422794646 0.102738100385244
-0.0516459124476871 0.0824953111031034 -0.0036081361137727 0.0776090786016992
0.130927595892403 0.0800520143185985 0.193243877522883 0.151309988404047
0.109525321879287 -0.167694489449917 0.0858878411589723 -0.112451994412926
-0.118517384678987 -0.177348924221658 0.0357938536324632 0.029503814197099
-0.180754462384833 -0.0192742974187665 0.0831135713781191 -0.00127791522616119
-0.121243602858771 0.0478717693337893 0.0724486534319496 0.0425589567157521
-0.0915847174228475 0.0329536284968482 0.0816753442932155 0.117325300795571
-0.0922671641883542 0.00291239885926402 0.011077907809486 0.164141341543304
-0.0944243860690295 -0.0403018579526592 -0.0868836728128832 0.101460445501092
-0.0388715895780774 -0.135829531901921 -0.104591628765897 -0.031581204519229
0.152880588980002 -0.085287281596711 0.0482301343787722 -0.190293907174174
0.0714639488314013 0.114092188236631 0.341059340746625 -0.0235329354102467
0.0570014150215791 0.135891779260151 0.272573112021317 0.363983918536632
-0.0961855125264456 0.102075591299668 0.185327027195108 0.514661688296994
0.135094053743736 0.0121723432235582 0.213679446960321 0.108236118333345
0.0541768708013358 -0.031595842004206 -0.0477448507024541 0.122583495111414
0.126868239582277 0.023863035759322 0.209804825045045 0.206831871407376
0.103149900444344 -0.223698566499483 0.15172569990276 -0.148526016603331
-0.163914783276939 -0.214479900545662 -0.00222951376391659 -0.0413791145375865
-0.219877656446575 -0.0293183225940359 0.0179416315059781 -0.015375465087606
-0.143997817612748 0.0259020896901257 0.0164974061435389 0.0507327290164977
-0.108719167065635 -0.00910421034393983 0.0395369524864812 0.123895837341958
-0.0898597773974453 -0.043851990335695 -0.0179978450389759 0.162737756758235
-0.0702699010429801 -0.0723135796326055 -0.100673551942742 0.0994502788672538
-0.0259265318966686 -0.15845200201041 -0.118764256156676 -0.0106566148995319
0.20373669783052 -0.12985872842047 -0.0202054847616663 -0.184477152921096
0.151585339192151 0.16041773944968 0.265319960822063 -0.10049681623731
0.117121130677796 0.165187264299935 0.349014759231155 0.237264423229128
0.0202307296354443 0.236542539108486 0.209718031843464 0.476769139984863
0.275805118365377 0.133310303666084 0.0947098504719815 0.0767018053972262
0.211282120351694 -0.0704194039105798 -0.130700105049676 0.134613971425208
0.148657684580471 -0.0649424775587684 0.162543174561344 0.268889871123421
0.0832276849474382 -0.259825091154471 0.21522616344081 -0.126628490491495
-0.184923155945502 -0.218937710785377 -0.0151516240900962 -0.114740005743184
-0.211935123317551 -0.0361839444956061 -0.0510478347843778 -0.0385306558576398
-0.135952851749569 -0.00513548363573988 -0.0438703159803988 0.0495249188624188
-0.108352731308265 -0.0499525127518484 -0.00885857116228283 0.109263110636566
-0.0838618306007541 -0.0834706775719758 -0.0443827678628791 0.136202053037587
-0.0540955004407138 -0.101159963415336 -0.100733276351358 0.0875647198204394
-0.0175029706474221 -0.183698905418391 -0.11760286450995 0.0149270903620314
0.229513502432118 -0.168687060842781 -0.106610995610129 -0.145342155478578
0.233247314583144 0.138863024079716 0.144280784672151 -0.202260994507827
0.179621230281991 0.181132180185895 0.398541961399375 0.0622680332855061
0.147709363727523 0.306677154464025 0.21559366963054 0.390313676182488
0.32977227733709 0.263031913396224 -0.0283001802828997 -0.00128978690206309
0.326605769995525 -0.00491735989502326 -0.208252391744428 0.0923298801501554
0.207751786904882 -0.114540536935859 0.0511614648639855 0.295192777341309
0.0783439268595394 -0.269074699387909 0.24017815077372 -0.0534076874838987
-0.175415172147026 -0.190548417641292 -0.00212609535378439 -0.157318132976249
-0.155894887745026 -0.0346498431641873 -0.0947921672010852 -0.0640417571019768
-0.0967027340626656 -0.04150127296617 -0.0922454505438114 0.0326339522965541
-0.0906653284600704 -0.0823996695424186 -0.0571213023943093 0.0784532579950512
-0.0735949829485714 -0.105242662946772 -0.0706336120873704 0.0951145894412464
-0.0497189270143763 -0.109894819524824 -0.0988755475973677 0.061255230916616
-0.0265458925242972 -0.189890012906027 -0.102669504563412 0.0220440779867236
0.204006465262042 -0.192254287165883 -0.152490323044828 -0.0777083434274016
0.260894027649195 0.0431748495897699 -0.00963308390985723 -0.257725945099104
0.250525634371526 0.151612276161759 0.390457487678122 -0.101312330556981
0.268581559301117 0.310950504621032 0.167901805163646 0.274997658667281
0.319484820986914 0.34954801366356 -0.116453336625786 -0.118323900488694
0.363288359471587 0.0783500255648592 -0.244995063330941 -0.0091287276182369
0.226931761439643 -0.114824597056509 -0.0986150119641184 0.260046471199383
0.0715238757643316 -0.222649051092432 0.206386201265791 0.0423457437254746
-0.128363834094202 -0.124634965385871 0.0204142662468214 -0.14804297775863
-0.0677765624910769 -0.0263925105179038 -0.0947216599975269 -0.0806794707420705
-0.0397580652636293 -0.0731659339453987 -0.112679157938304 -0.00183437060738846
-0.0582272229550831 -0.102465346231824 -0.0970245009980962 0.033741951227057
-0.0526646726148052 -0.105729597892315 -0.0967699653267655 0.0501227840408988
-0.0445239768208274 -0.0926906302783445 -0.108231461998608 0.0306438835232053
-0.0417761411606293 -0.153195863397508 -0.0896413168559344 -0.00127616849361658
0.11683603949503 -0.169714035643718 -0.134341804776767 -0.0151952449147726
0.212714144475559 -0.0803111073850442 -0.139617147004675 -0.236946236969839
0.280134965378283 0.0692508606528677 0.323366738131144 -0.189171060881049
0.360489864984995 0.260876054513607 0.0606909955203401 0.161120692995266
0.28606894529182 0.348933277678612 -0.1513193372195 -0.253184646376612
0.327111368604378 0.0760354476687075 -0.222293633205302 -0.153309689819489
0.153325685081837 -0.0971283249980478 -0.234688418726925 0.149763501996753
0.0374559461984408 -0.129133045410881 0.108732036778282 0.118599824068622
-0.0631968283530659 -0.0347453636298004 0.0400246301123116 -0.0888397202534114
0.0226102221278699 -0.0136572954078961 -0.0544476416526711 -0.0866924015219239
0.0173911410736579 -0.0895894999382433 -0.104361348085658 -0.0490160000739166
-0.0174681756846511 -0.106662783923204 -0.122510219084658 -0.0156821415825131
-0.0183195590878051 -0.0909360139391085 -0.118930854904815 0.0125169997313177
-0.0180971287004644 -0.0576583542137625 -0.127209793166016 0.00948188423424136
-0.034219575121554 -0.0721494612157546 -0.0923151148505716 -0.0420918800197962
0.0042163609202175 -0.0982355215026973 -0.0850940902889026 0.0183494803506737
0.118425175674469 -0.159758728361226 -0.201463785285297 -0.186574261648701
0.239196857829399 -0.0302947242138343 0.231238740401737 -0.176159904210876
0.392111493888368 0.188026081157071 -0.0848561759397862 0.0697005787425371
0.247734137522213 0.244933315584844 -0.150607088986089 -0.378686371118351
0.205789315402608 -0.012691451150627 -0.181763290138484 -0.298824057661241
0.0435253666929541 -0.0638133551700705 -0.32621254236249 0.0300544262936627
-0.0148965173938554 -0.0367578632476182 -0.0030747307952684 0.160493809076475
-0.00658464682481428 0.0470119696621294 0.0545267537567463 -0.0140857587056166
0.0820806733643786 9.1347000927215E-05 0.00460912775077147 -0.0866989850331142
0.0581481537194161 -0.0835767237245453 -0.0753267411905222 -0.098456024228907
0.0254428248454046 -0.0951899057622595 -0.127888072968236 -0.0626273749019898
0.029289327275303 -0.071860981377488 -0.125570353116571 -0.0123908706175257
0.0367853506609467 -0.023822319700214 -0.143668032845112 0.0043889315188531
0.00571428702406545 0.0285122339724212 -0.101340161697655 -0.0710880969519022
-0.080140530646199 -0.00409010479895715 -0.0530476649658373 0.0345174006623795
0.017895047255292 -0.154811994421374 -0.199271714584281 -0.150801449296823
0.156975320053762 -0.112930600070533 0.131443094783292 -0.103294192829502
0.346665362246336 0.12404506873794 -0.221657641034075 0.00240068429520739
-0.227825634981588 -0.0999950261731944 0.275273247360813 0.0730150541790399
-0.0974792207030222 0.147135466043641 -0.0367182148780527 0.0504641368379164
0.0740088619462044 0.106727416012407 0.169869074759591 0.147191716964671
0.0970720136951982 -0.0811679832586409 0.0549208978314333 -0.0632150150645088
-0.057572048577242 -0.110128515295534 0.0719797128104665 0.066513319240655
-0.111960325520856 -0.00403854683464199 0.124347630660553 0.00898242918689297
-0.0771479016239787 0.0653803683466464 0.110557008956025 0.0297331459460807
-0.0611447444011644 0.0725524205103644 0.114650610408988 0.0897990828617179
-0.0858804746192548 0.0476903600277616 0.0495833693463356 0.139864322234386
-0.107440759714059 -0.0156847996659375 -0.0523794031351438 0.0970097246052858
-0.0340920151987524 -0.108980326517927 -0.0830246104766125 -0.0239595204613529
0.0917021849158531 -0.0349407623416172 0.0580661596604611 -0.183630286757899
0.0260296812369467 0.065058209445991 0.379889302111081 -0.00398411846633471
-0.0535291611370152 0.103099750394323 0.209720412476539 0.394391975433718
-0.191481396557043 -0.0786150623847703 0.17234453871962 0.491054492368783
-0.0550803865796013 -0.0610607007821713 0.28372253692104 0.101011519563824
-0.0522038985113978 0.0840841783125714 -0.00250843031763806 0.0773216480307135
0.13124710604463 0.0797487569405439 0.194775495930725 0.150030422525254
0.108966594885309 -0.169548943561677 0.0853161426236695 -0.112747222015678
-0.119592023925352 -0.177400527267059 0.0367252951467739 0.028765071585898
-0.181295304180297 -0.0178837292010636 0.0842569123535328 -0.00147195169182658
-0.121696710153415 0.0487882294497905 0.0727283272801678 0.0422034854295655
-0.0921960560464079 0.0341404276935867 0.0833693183416035 0.116805662004407
-0.0922301543902039 0.00380849547652651 0.0126758998948457 0.163861232065849
-0.0943626888140577 -0.0398495404308765 -0.0864652403087671 0.101185250288718
-0.0399879643513773 -0.136187744644923 -0.104009825339865 -0.0308544171160408
0.152915712307244 -0.086588495038914 0.0485583162778522 -0.190748507726157
0.0722904413348591 0.114483173539326 0.34326814239746 -0.0247834751329693
0.0574923087950129 0.136049989988824 0.274486005211381 0.364447380378126
-0.0962001092559866 0.102627663139469 0.187728034754186 0.515946127965649
0.135479851056075 0.0124540113724014 0.214222258433233 0.107982029195309
0.0545734693374097 -0.0319683378111087 -0.0475884806321367 0.124454820301174
0.128456012156796 0.0236761381926076 0.212059690815552 0.205267051157666
0.101882945800907 -0.225322757263796 0.151123663219454 -0.149864139686614
-0.165026681625245 -0.215024970729558 -0.00217850422588475 -0.0415391655922512
-0.221017065094935 -0.0278125407549062 0.0175749268047333 -0.0158092871099992
-0.144409579937382 0.0262808705754595 0.0172730074872059 0.0509653573271639
-0.108548942061978 -0.00812576346974382 0.0407890595347027 0.123484737805598
-0.0899150534982962 -0.0442180008787621 -0.0166525866170098 0.163479982648992
-0.0709106260664324 -0.0724863805479945 -0.100275809217277 0.101101650906471
-0.0266783594367987 -0.158840909464462 -0.117935248184918 -0.0103956412534048
0.203488411166444 -0.131439862898786 -0.020707903321739 -0.184944048026799
0.152514438285218 0.159722780681212 0.266780395682602 -0.100657864192266
0.117788894432352 0.16462902009593 0.350642780328695 0.235666956524449
0.0205370256019959 0.236693746432072 0.211835207539783 0.477370355942875
0.275221463075379 0.131119273824784 0.0952821627370327 0.0766298274216865
0.211594932147061 -0.0718060006259382 -0.130340930018197 0.135301240363981
0.149094194529378 -0.065801595930087 0.165264646896602 0.268355218538242
0.0827426559553258 -0.26023213813716 0.215627678386664 -0.128567331828871
-0.187632521677374 -0.217371405520024 -0.0159440055436748 -0.115372545807721
-0.213326493866726 -0.0348727662922982 -0.0508436716525219 -0.0373190215295153
-0.136199724417407 -0.00461544598064001 -0.0436620918338686 0.0495416301482966
-0.108907262340549 -0.0490841571389796 -0.00821787324096095 0.109632825614252
-0.0841125987039736 -0.0825871128235715 -0.0437962739328632 0.137772994014343
-0.055856746255743 -0.101125938298805 -0.101378316126392 0.0876859691042576
-0.01856630812318 -0.183677397190177 -0.117772098543043 0.0149632631830759
0.228815389891979 -0.171164439613813 -0.107763848188625 -0.145227256103547
0.236093725681254 0.138370874905893 0.144429120676061 -0.20318837935152
0.180758879976378 0.181778652860262 0.398969688855649 0.0602216772888982
0.148213802945148 0.307383512968066 0.216110440940903 0.389677424245496
0.332572087300757 0.26288991804898 -0.0287369637413189 -0.001319527896661
0.327178234191131 -0.0054755866543113 -0.207875440194241 0.0924562930088419
0.207771206779947 -0.115113292189311 0.0538715467806865 0.295411515778377
0.0768989335062053 -0.269489604937769 0.241127971438311 -0.0537120230467516
-0.177108575391844 -0.189924876952372 -0.0030642674476837 -0.156762467528149
-0.156495664524307 -0.0342364870617861 -0.09485205693372 -0.0642147065810314
-0.0969832825649981 -0.041128971887793 -0.092647611713058 0.0329450217987949
-0.0910317535742036 -0.0823647275826032 -0.0566136100578338 0.0779641991802227
-0.0740320102692153 -0.105074879309057 -0.0697548965839975 0.0952966922382584
-0.0509774367386319 -0.11003749988811 -0.0993205958468416 0.0619978392336197
-0.0279466153262663 -0.189561384174508 -0.10257207471973 0.0224571587068767
0.20352578132659 -0.193509780987415 -0.153256039535972 -0.0772723775366553
0.263210352203729 0.0415960712460806 -0.0108782000840131 -0.257217608004138
0.252240887637011 0.151936791757829 0.389416553326263 -0.102724245301506
0.270090092335744 0.310986394730465 0.169170741121558 0.275678184818742
0.321284376143226 0.351452667886131 -0.117199643258938 -0.117946495727855
0.364322649818124 0.0778237039038617 -0.244276459088929 -0.00845544432868733
0.226441128879176 -0.115045574155535 -0.0952717006764035 0.259400648438278
0.0711902971629311 -0.223138972264084 0.207038827610038 0.0419235111624315
-0.128407454413152 -0.124756135204826 0.0199803026226912 -0.148208922547678
-0.0681859476741882 -0.0258195798019455 -0.0951629140310922 -0.0818453802047069
-0.0398579004041554 -0.0723639147231704 -0.113132899714531 -0.00198921430601839
-0.0591631055740854 -0.102546510936846 -0.0975560823642135 0.0347737191551061
-0.0534412671442372 -0.104781142249112 -0.0965442951265958 0.0498277562997636
-0.0452458200090707 -0.0921207419424909 -0.108122076018415 0.0317705291105974
-0.0428428604571065 -0.154072406665776 -0.0902167865218104 -0.00135937079201119
0.116200533578998 -0.170602352720343 -0.134562647198629 -0.0148821886412785
0.213027792306036 -0.0814644748872928 -0.141201819514489 -0.237238334126028
0.280738160915032 0.0681308616652224 0.322931759515874 -0.190582755063308
0.361107421232765 0.259930813528859 0.0598023202456519 0.161631045799468
0.289197331882828 0.349782034976938 -0.152411403917971 -0.253500681284762
0.328244208015855 0.0752796410981469 -0.22281381735664 -0.152462603973792
0.15359978328665 -0.097758126298818 -0.233854755621096 0.151084373248343
0.0371586570683217 -0.129574409950496 0.109314652956145 0.118544992005169
-0.0634414881886223 -0.0346726705028803 0.0397839495607605 -0.0885988433741674
0.0217626192927522 -0.0131245350612037 -0.0553584380064908 -0.0865537276594241
0.0164025418675827 -0.0891400686190354 -0.104874938754127 -0.0483495246828297
-0.0182800148058401 -0.1073029225131 -0.12272188241474 -0.0152541797059102
-0.0198562219288272 -0.0904607770506481 -0.119067745901007 0.0143903795064759
-0.0184142168494323 -0.0578611281373611 -0.127945841377382 0.0105736457928888
-0.034910282579332 -0.0719997409427125 -0.0920535430835601 -0.0425253586655139
0.00356732962908327 -0.0980854868487896 -0.0848627789989782 0.0182976209998229
0.118461600093841 -0.160496169818773 -0.202194762388957 -0.185424485266097
0.238906183359871 -0.0310903809582044 0.230652991096814 -0.177188706050364
0.39339011876749 0.18695334491521 -0.0850354104301673 0.0703790620525098
0.24998148302448 0.245717600369219 -0.151182406057878 -0.378759383487214
0.207999707645641 -0.0142725504622375 -0.182800617754937 -0.29870841001397
0.0432948195891769 -0.0641591749666294 -0.326100879939865 0.0324968410701639
-0.0148497842472009 -0.0371592367031775 -0.00268615086558782 0.160746180812867
-0.00616064891291579 0.0471303639272525 0.0546147073579584 -0.0145312175333938
0.0819682799404202 -0.000373871958861424 0.00546488155192486 -0.0872053567337491
0.0575985132779129 -0.0840264623314033 -0.0763020154019595 -0.0977758871041423
0.0255286392107261 -0.0957769508835895 -0.128930279249293 -0.0615598478053748
0.0285892221616788 -0.0727072497938876 -0.126071247039113 -0.010602097678155
0.0362675908422322 -0.0237302469921463 -0.144026799561218 0.00532294471316722
0.00667129417538823 0.0288976649593903 -0.101538631791796 -0.0700025998757878
-0.0803728045031395 -0.00449065081540933 -0.0523265626192758 0.035237723599802
0.0173451454378295 -0.154388886613141 -0.200327027359925 -0.150665574916976
0.156585744637656 -0.113721687855737 0.131359378610557 -0.103825470139019
0.349651852386059 0.123576362049531 -0.221747311085802 0.00329049320141723
-0.229355134028572 -0.0996731845518845 0.276603902971579 0.0724365021451675
-0.096549444211436 0.147393761951032 -0.03598421593727 0.0510885873464155
0.0746158323650513 0.106985173941402 0.171621179571133 0.14512760562297
0.0956975494339806 -0.082477596560422 0.0546755513307615 -0.0638252174161471
-0.0578582666617929 -0.110999420230823 0.0731606457416542 0.0664465184742913
-0.11132366435275 -0.00333437820318225 0.12443656418522 0.00873083812509936
-0.0771084368569974 0.0653689828431976 0.111351119644054 0.0285808403384555
-0.0613607344900536 0.0730329228211793 0.115645640358024 0.0887008983664895
-0.0862129669663127 0.0481686301367233 0.0504815523174615 0.139678056989645
-0.107745731602253 -0.0146948862351048 -0.0517727509072361 0.0973417350819222
-0.0346554258976533 -0.109828259979468 -0.0825221541564952 -0.0245979366055166
0.0915567797874561 -0.0351739805711456 0.0572465275775439 -0.185137644297034
0.02593159474211 0.0645557648972533 0.381750511083291 -0.00528747294282695
-0.0535853692327323 0.103907777176722 0.212489464043158 0.394199121795903
-0.192516278140288 -0.0772990456041658 0.175614211283988 0.491688601025429
-0.0568738494819994 -0.0610553505844814 0.283220188779619 0.101321936669478
-0.050582503559956 0.0839351100370928 -0.00235496527188926 0.0776295493517919
0.133106241440537 0.0795729452096726 0.196760972608302 0.148220982282438
0.107250853668592 -0.170916525626359 0.0841693332775122 -0.113891105957748
-0.120695740873641 -0.177154483425502 0.0365865243133725 0.0292496668653489
-0.181146868859348 -0.0166794984757145 0.0846348472253591 -0.000709763880422213
-0.121525082304306 0.0490249748813354 0.0730982300513562 0.0423943367839794
-0.0920248016134631 0.0346203789424653 0.0844307188448485 0.116259540337942
-0.092889934299933 0.00455801461161722 0.0149061863256299 0.163208451607207
-0.0950644471382081 -0.0389158905142034 -0.0865088697891938 0.101755135026388
-0.0412830048040458 -0.135372898934206 -0.103785916821979 -0.0312030316994083
0.152637880717737 -0.0879523546005647 0.0472392582016459 -0.191361757492928
0.0730095877114073 0.114612485340536 0.343612059629057 -0.0247374872902732
0.0579534238813032 0.135891699079425 0.276258827921428 0.364444842100935
-0.0966203764976891 0.103536435112587 0.188391209610222 0.51644906569756
0.135564054970216 0.0117997431900509 0.214104210228166 0.107852086072737
0.054429476123783 -0.0320085189776119 -0.047417457875841 0.123479637508776
0.128805774755969 0.0228953623877386 0.214064702650342 0.204887791144396
0.100143949738575 -0.226205818479466 0.150022560252323 -0.152310426170748
-0.167854984026717 -0.213303851745126 -0.00117783676261284 -0.0409601925878635
-0.221949911944758 -0.0264321904998089 0.0180006980171206 -0.0157251367158034
-0.145074183307439 0.0277465427172267 0.0180533629492408 0.0503668160873037
-0.109323691083951 -0.00818939261482757 0.0412537184431723 0.123430043121745
-0.0915834462736741 -0.0428455314606342 -0.0163673970880313 0.163893155745064
-0.0713812711250256 -0.0721366884561482 -0.100764536730749 0.100449447880861
-0.0275509528540378 -0.159082680257305 -0.118033833153097 -0.00962637586944437
0.203004125285459 -0.132849960413864 -0.0218627324427784 -0.185295397852612
0.154378507677949 0.159478297744439 0.26637077234216 -0.102966917429546
0.118832608346398 0.164098245844455 0.352775550143622 0.234213325029618
0.0206777686945126 0.23784924058698 0.213257130330197 0.475756527554108
0.27654332969375 0.130512612766362 0.0956948236771603 0.0767737715967724
0.211773420411144 -0.0723324836385653 -0.129777558562671 0.13580448006559
0.149573331991627 -0.0670798392613105 0.166410555802 0.266790443534398
0.0804457279958082 -0.261139738648562 0.214375041100388 -0.13004143638034
-0.189140985495603 -0.217885385519817 -0.016293937272897 -0.114674183780458
-0.213913311603608 -0.0333323785123679 -0.0512661508168676 -0.0373551732570092
-0.136553431527225 -0.003751470770232 -0.0436571867170878 0.0496313278525477
-0.109929995445044 -0.0488910304286975 -0.00788501888694173 0.109556870228688
-0.0854722127002554 -0.0823243964044184 -0.0436599535396461 0.137462829770434
-0.0564261525689761 -0.10127786244456 -0.10119986566594 0.0889817715548096
-0.0197432480531336 -0.184152295774454 -0.117440226879467 0.0150600785152814
0.228623730027834 -0.173813652717187 -0.107331418738123 -0.145838949478683
0.235694166466883 0.137752603596258 0.143657364068664 -0.203063397318133
0.182743309432856 0.182254003125466 0.399091027253231 0.058260814307801
0.149274318227556 0.308000461024887 0.21862675563406 0.38931392187997
0.33405707119492 0.263122623176756 -0.0289982460332615 -0.000866615066552311
0.328216843132529 -0.00729457578453234 -0.208543749016015 0.0934914112577689
0.208077056508569 -0.117054124052756 0.0548125343170305 0.295592628986721
0.0756712345923318 -0.27053378433942 0.24085707534829 -0.0547542576687304
-0.178622446723857 -0.189290875736339 -0.00369973210624705 -0.157538249055327
-0.157188690340049 -0.0328774328982708 -0.0950036160607455 -0.0630138651932135
-0.0981653717247342 -0.0401850982293481 -0.0922598741054963 0.0330658239292096
-0.0926451924121446 -0.0815712290812844 -0.0563868860381696 0.0782441836986715
-0.0744320561660775 -0.104168893868836 -0.0698838010502778 0.0959184350374447
-0.0516217322956316 -0.110022885600053 -0.0988466208657473 0.0623530297132182
-0.0294323398421011 -0.1898169122737 -0.102214246690291 0.0226546746548132
0.201509036109166 -0.195597416123577 -0.153072946448593 -0.07676136750873
0.263913524743555 0.0411142522280098 -0.0110438518609765 -0.258018859798153
0.252139192258741 0.150982209620573 0.390083719407343 -0.104704451085506
0.272490599161864 0.311327793410544 0.17052880466754 0.27499086749591
0.324171636654137 0.348382321877642 -0.117316494798317 -0.118345805107087
0.366185559808829 0.0765697479352005 -0.244845229941103 -0.00732596152790424
0.226800912566495 -0.116925455521149 -0.0929700792635457 0.259489993109975
0.070254151334366 -0.225270348600164 0.207390783883048 0.0405603078639989
-0.130672395883845 -0.123801162200613 0.0191615776539488 -0.148814625147021
-0.0681186748733916 -0.0255544806224364 -0.0964682548802663 -0.0808761589280087
-0.0413265534955025 -0.0726417440053324 -0.113269581892445 -0.00111223868637343
-0.0600679919963331 -0.101698752223038 -0.0978035139608736 0.0353502109335997
-0.0548684118632809 -0.104291925825944 -0.0967363430908757 0.0509585129605632
-0.0454006727512561 -0.0926229195839628 -0.107972082132428 0.0318042140009296
-0.0435059166956381 -0.152835172080597 -0.0900731788749714 -0.00132178886387841
0.115175787298965 -0.171431995732548 -0.134134426781888 -0.0147869067128257
0.211048409540377 -0.0829501904457009 -0.142747688541043 -0.236851920881561
0.282837468151494 0.06756045140835 0.32279189182586 -0.191933496267514
0.363390445249646 0.261685782879429 0.0615369037177797 0.161840450072118
0.290424562723086 0.350326116484133 -0.155297080541425 -0.252837364536966
0.330227545670906 0.0745464025028946 -0.224164054244223 -0.151246328160184
0.153367054776731 -0.0989989721487737 -0.233714852222778 0.15277051973855
0.0360629738389818 -0.129927821247243 0.110294154487246 0.117621410130947
-0.0638149687622766 -0.0339515084057488 0.0386385390354492 -0.0889035425980036
0.0218131443002588 -0.013003252269396 -0.0555664869188813 -0.0864390393376306
0.0162947505103849 -0.0896639340083015 -0.105006095219233 -0.0477507574499685
-0.0188714427298264 -0.106789811974529 -0.123963100043087 -0.0146261832943304
-0.0198290669628789 -0.0899133467414349 -0.117987884048279 0.0146146489366255
-0.0184343527326333 -0.0571298560106637 -0.128854936764911 0.0110220930925496
-0.0351573031069229 -0.0718954098343126 -0.0935593548007797 -0.0420195020597696
0.00335801793328328 -0.0987500211079404 -0.0854035154253551 0.0185948877660179
0.117552600728415 -0.161441046805421 -0.204625538949775 -0.185107508106342
0.240020336079127 -0.0319792768771269 0.229773570324869 -0.179392973350091
0.395289602988317 0.186469517948521 -0.0847871585978528 0.0707557545673957
0.250760423442508 0.244394286329275 -0.153726638070445 -0.379404099536924
0.206851011493275 -0.014447993047884 -0.184105183064752 -0.29824337567471
0.0419414728960445 -0.0641676529560924 -0.328050438742728 0.0322955955445295
-0.0156608824173803 -0.0367706577205154 -0.00127544702925598 0.161791779033961
-0.00579440612983725 0.0474545374903848 0.0546468861994693 -0.0140214900175457
0.0828704702749106 -0.000600774278978518 0.00441361963017026 -0.087253343121616
0.0565932419825081 -0.0835911594486348 -0.077834152382044 -0.0969667998719262
0.0251337570865302 -0.0951130623200946 -0.129841329928545 -0.0601703109945825
0.0288917284756935 -0.0715788269340243 -0.126071240861685 -0.0103062406819701
0.0368611523615261 -0.0243607765965583 -0.145502521487753 0.0058491836578114
0.00668803445897695 0.0287362116769985 -0.101652799066248 -0.0703705986360904
-0.0809114938432452 -0.0042447670291576 -0.0528690670500217 0.0357395130816706
0.0153859772288891 -0.154129864865321 -0.202460185102889 -0.148802910274223
0.157696826107126 -0.114873601198665 0.13059988707177 -0.104714013814748
0.349508268669256 0.122293030141193 -0.22204621930509 0.00335843646051933
-0.230249435910362 -0.0981457124800728 0.278606189436312 0.0703466385332004
-0.0956200477932018 0.148332776842053 -0.0361331039509968 0.0517205627317832
0.0755278439423932 0.106815858205057 0.173052377165147 0.144665905089005
0.0960088253585032 -0.082828036488032 0.0546047612353338 -0.0644096596528584
-0.0587908579697104 -0.110407778021532 0.0732587025506275 0.0659939101066626
-0.111914764190163 -0.00132430524164236 0.125275322954478 0.00798624224066145
-0.0769377642301627 0.065397776219694 0.111914832175489 0.0270182326791288
-0.0605477957787139 0.0734373935155242 0.116091528784264 0.0870600144006305
-0.0862828836555291 0.048597987911585 0.0523179161161389 0.139073705702408
-0.107434175906831 -0.0142420528275842 -0.0507545714377951 0.097747139177396
-0.0351162388826684 -0.108653230980878 -0.0836044162597217 -0.0234901417179104
0.0917003530007134 -0.0363116622839728 0.0560897372856791 -0.184742445364733
0.0268385592700808 0.0650527067243583 0.382270524485818 -0.00747188750212719
-0.0526385516405838 0.103901508660349 0.213741163933638 0.391973832458641
-0.192681845466228 -0.076549911130638 0.177566100962963 0.490524412412079
-0.0571211938291742 -0.0607333119651241 0.285161536757588 0.0999140556691262
-0.0511938209798472 0.084975690241011 -0.0020167777822895 0.0764314543331482
0.133684110230381 0.0784072407590755 0.197898915683099 0.147584479528424
0.106794310581717 -0.172211292762248 0.083230676103057 -0.115022788741729
-0.123112494671885 -0.176310782290976 0.0374510692327453 0.0288822654798954
-0.181914605287577 -0.0152448104634874 0.0850178356159688 -0.00138353500885399
-0.120951363985476 0.0502286842709944 0.0741257997823839 0.0407530363751757
-0.0917789929785037 0.0353481336280256 0.0853585467077418 0.115075797339854
-0.0932103963443902 0.00559692289371691 0.0164633222651639 0.163464131992221
-0.0956541177262826 -0.0381102315738025 -0.0856255309525558 0.102232639200299
-0.0414032058203342 -0.13512970839107 -0.103642240664235 -0.0301723064244312
0.152301773898993 -0.0886300837652459 0.0466381326185239 -0.191505135915855
0.0734960324265091 0.113623975190507 0.343337120217194 -0.027380780213338
0.0597767819226648 0.135561365035455 0.278979856778037 0.363501742592338
-0.0959245525687648 0.104324205338977 0.191590685310163 0.515275010679426
0.134930811069032 0.010813189027835 0.214956716639037 0.1070195017425
0.0539773309487959 -0.0325255447856057 -0.0468026814352669 0.124553143665757
0.129790509857972 0.0225003665597318 0.215567409121247 0.203583176039786
0.0984531319026529 -0.227723313161931 0.149236338394766 -0.152799708072068
-0.169658194315002 -0.213585912855573 -0.00222177939162311 -0.0407866801440581
-0.22227857169604 -0.0248704110593369 0.0185328523542893 -0.0151913243555654
-0.144778346521771 0.0289613047017413 0.0189658185270451 0.0503461523536335
-0.109908166840388 -0.00753796539683283 0.0426249246403669 0.122234759576672
-0.0913931679402644 -0.0421336769614268 -0.0146619368256025 0.163463386680516
-0.0735883678171193 -0.0711317375001101 -0.0994675856154437 0.101109962905359
-0.0294332812049239 -0.158593411327212 -0.117533986593862 -0.00992457474063839
0.2023796594455 -0.134600672389948 -0.0224251121994496 -0.184500838603938
0.154696190054333 0.159735988127698 0.265853124785503 -0.103911803514679
0.119777192143059 0.164080739272238 0.354858527296533 0.233281126025543
0.0220680715767763 0.238384092314078 0.217989804201905 0.475694047745352
0.277035693176666 0.130323137369144 0.0952644111088627 0.075940990583756
0.211368075511598 -0.0735295904044096 -0.129051759234559 0.137016725461548
0.148960894007291 -0.0684047486158777 0.168646566725432 0.267150013195725
0.0791776919710092 -0.262355507010189 0.213772257540908 -0.131147062797677
-0.191488641012903 -0.216966712555408 -0.0168695810916774 -0.114672801975963
-0.214785403569287 -0.0313128596318845 -0.0512344092020003 -0.0376663506139744
-0.136671074756558 -0.00221427671816086 -0.0425745149666491 0.0500800660119807
-0.110036572394861 -0.0477839498018035 -0.00659546977637555 0.109795944388741
-0.0856221317623949 -0.081658752151117 -0.040860970323437 0.13689636780498
-0.0571347460322861 -0.0999839048844962 -0.100816933232492 0.0899193846059191
-0.0220286421190876 -0.183987601176171 -0.116728258849611 0.0160745610193717
0.227443570029076 -0.1743499340314 -0.108086388050858 -0.143997109696618
0.237851463123208 0.135179882745172 0.141272967627445 -0.204028717832428
0.183685772773048 0.181065764277889 0.400239473187089 0.0576663669958313
0.151290132389642 0.307948467134686 0.220895649800504 0.387865198852218
0.334435265240083 0.260270408433666 -0.0290002272540702 -0.000177682752751076
0.328688760292976 -0.00846403746555365 -0.207475716348713 0.0956634287624446
0.207905015683203 -0.118857757519579 0.0576210137113699 0.294865080323747
0.0727374826650539 -0.27206996805162 0.241081472796329 -0.0569643846560154
-0.181197355279185 -0.188630155691834 -0.00568756691614703 -0.157939943066333
-0.15769354245938 -0.0322286338816147 -0.095222307120133 -0.0629135459375821
-0.098523617293632 -0.0396863132877279 -0.0921155119118458 0.0337781948195068
-0.0934486732198711 -0.0811081142498752 -0.0560470794070916 0.0792427841133184
-0.0763361287274209 -0.103144569803588 -0.0696054538074874 0.0965886925974847
-0.0531828584957302 -0.10984626293713 -0.0994740806228588 0.0635561700800874
-0.0305806472556736 -0.189810958715489 -0.101570751278131 0.0231083600308942
0.200949871373488 -0.196315550953459 -0.152814355958724 -0.0752719839452694
0.264172265569581 0.0390693040844632 -0.0131876339515405 -0.258027017337606
0.255060682193217 0.148934683405018 0.38936903872307 -0.107769832450175
0.275396352324481 0.309712849679099 0.172157833608116 0.273663281265473
0.325442303157954 0.345378439442262 -0.118961844706106 -0.117404291078044
0.366326586891426 0.0741893216884899 -0.245710105707388 -0.00530056909906113
0.226229714785556 -0.118775105059654 -0.0939556139223088 0.260767433358305
0.0691288347060968 -0.22603522577338 0.207299331785083 0.0403102288963182
-0.131827090851847 -0.123201310500745 0.019117870054449 -0.148269564979367
-0.0692042130486051 -0.0249440258876334 -0.0962042757821857 -0.0797654388101338
-0.0420616945939973 -0.0712520704706012 -0.11364095594223 -0.000369249825751881
-0.060993544742125 -0.102015182061442 -0.0976869513896165 0.0357940135009049
-0.0563231850019573 -0.103585425047939 -0.0962543083015513 0.0515069861977066
-0.0463172091553374 -0.0919614291766141 -0.108466803836096 0.0324872297150733
-0.0445577180847059 -0.152932384392868 -0.0900184658077075 -0.00149719594680833
0.115251196685043 -0.173615513139545 -0.134239652827204 -0.0138990312125184
0.211252538953993 -0.0843824990117932 -0.143672383330971 -0.234820054079475
0.28392948850426 0.0662875051108273 0.32151119539553 -0.194582717649153
0.364831653433354 0.259427101214207 0.0624349824003614 0.160979927802632
0.291753318409341 0.347227772547028 -0.154707956692565 -0.253027836676078
0.330823980873186 0.0717737889431483 -0.225038207826575 -0.150761567764165
0.152670741119597 -0.0993893576047629 -0.233662319629866 0.153267114101011
0.0355069199306705 -0.130427899580926 0.111828048014086 0.117231403219386
-0.0649476929864716 -0.0339576214233683 0.0384550571320913 -0.0888526361574526
0.0216554485381055 -0.0128198332280374 -0.0558710643150529 -0.0854729480079981
0.0152375120748848 -0.0885845811070648 -0.106406425985045 -0.0472595475503335
-0.0198879920454098 -0.106090612475612 -0.124424439751903 -0.0125541404178599
-0.0207581316015603 -0.0903673726619029 -0.118880151153443 0.0154268734136773
-0.0196765256087562 -0.0570900894421344 -0.128254374774702 0.0116536162359704
-0.0358103577814123 -0.0720348219625527 -0.0934516036887392 -0.0411419613578205
0.00221239447234814 -0.0992009136503057 -0.0842074052099565 0.0210449840548564
0.116483581473847 -0.162918970044712 -0.205243499052053 -0.183512561425661
0.240004664762213 -0.0332125961906149 0.229747657999238 -0.18026532435373
0.395785705157727 0.184710588996618 -0.0849224762061657 0.0710235506955293
0.252207460384721 0.242396111619404 -0.153944313731192 -0.378941037606542
0.207331271742772 -0.0162458197187518 -0.185551910201718 -0.297113396061942
0.042359607446849 -0.0651064404288151 -0.329390556666135 0.0329454267158255
-0.015806984676145 -0.0373986690903143 -0.00125980459162782 0.161936125944239
-0.00577796552345017 0.0476952452401059 0.0537078971587576 -0.0138627100972472
0.0829550080430645 -0.000802530609054822 0.00289650403556771 -0.0870014378743813
0.0559801120757999 -0.0834543793162669 -0.0784551275841251 -0.0956052214465245
0.0238647275184521 -0.0961810853037212 -0.131349324347066 -0.0593466939911964
0.0280352034477077 -0.0720804836176356 -0.127615393326869 -0.0107476671003145
0.0361349567133843 -0.0239661994118423 -0.145501406064303 0.00659854291561654
0.00715322075216605 0.0291572950198258 -0.102593357715906 -0.0701572165721561
-0.0806944265536412 -0.00341537485745685 -0.0519415365180622 0.0364985543075123
0.015243026310181 -0.155595121855658 -0.203757115134279 -0.148293014821521
0.156537348675198 -0.115520834828575 0.129598391417098 -0.104626641793202
0.351348113049818 0.120174110393099 -0.221809993210448 0.00504444610780599
-0.231184318174303 -0.096560498426379 0.278124086268994 0.0689666621287638
-0.0951606817171195 0.149185459935019 -0.0355952328689941 0.0515487807514051
0.0767117018018192 0.106084946696655 0.174412240896179 0.142974078365161
0.0947576175134499 -0.0835592820942343 0.0525334672422999 -0.0651968233228016
-0.0607670364233462 -0.110032744643402 0.0742932754963163 0.0655673913443463
-0.111662262619948 -0.00139542197930452 0.125631440365489 0.00744820322732166
-0.0764158192804438 0.0662221713053654 0.11284194555174 0.0261477965971055
-0.0604047206887344 0.0734940584114006 0.116528526851905 0.0859590204401123
-0.085593138740538 0.0500786430648412 0.0538706414475727 0.13812659654442
-0.108151863010409 -0.012984708869252 -0.0494539018235579 0.0982864471121207
-0.0362577308895492 -0.109247583852128 -0.0818997335312407 -0.0233649039968914
0.0912179969266546 -0.0367167129040113 0.0554385282984563 -0.185129312828297
0.02721693936245 0.0645926358632547 0.381814312781952 -0.0105433975302403
-0.0526122495861722 0.103841129687946 0.216153822174901 0.391208042929128
-0.193642535938449 -0.0761097185306295 0.181136652631065 0.488758758131141
-0.0580348360150502 -0.0604124208303455 0.28593801789271 0.0975108870923397
-0.050579233902297 0.0848992404485778 -0.00162650966071022 0.0776596457580677
0.134234670926775 0.0777801404891205 0.199253283341552 0.145860602791872
0.104226837099355 -0.17245708273697 0.0825004787379435 -0.115751854507201
-0.124800968648451 -0.175839316531579 0.0372080383494582 0.0283149380356022
-0.181715626141274 -0.0146420650511344 0.0852353300161783 -0.00245181879167943
-0.120213203155741 0.0518202501460907 0.0749537479965346 0.0400373124227539
-0.0921330837032791 0.0363105504846277 0.0872913798202769 0.113350649786882
-0.0932938662443985 0.00646611642189428 0.0168234894281838 0.163705999151659
-0.0954533995123879 -0.037945298759094 -0.0842442055207053 0.102640896164642
-0.0433421272278839 -0.135017538242388 -0.103864336782581 -0.0300350347102137
0.151491269984537 -0.0891865999668035 0.0462761216657291 -0.191947433691665
0.0747932596663866 0.113186808330092 0.343274778608528 -0.0293430878139226
0.0597536665463403 0.135451292329905 0.280567692080902 0.361846109105399
-0.0957424303422048 0.104406204535022 0.193967330733039 0.515640339385586
0.134676551209111 0.0106220204828757 0.215307179642853 0.105950951782308
0.0536234359812149 -0.0329926582870603 -0.0456559221829528 0.12416113592712
0.129312180093574 0.0212879763527087 0.217865966537659 0.201855747715069
0.098031724272045 -0.228452197878288 0.147626494068749 -0.15473954898045
-0.17099910992731 -0.212437639198608 -0.00268575239936512 -0.0409433767212897
-0.222606735336 -0.0233483952981805 0.0179755058836465 -0.0148241634130278
-0.145170437614061 0.0298961270937863 0.0190367704569019 0.050041377142482
-0.110252581089453 -0.0056135998921745 0.0442667293713357 0.121178757488181
-0.0921184904166186 -0.0409557419661947 -0.0131946047732761 0.163274526100252
-0.073370290534593 -0.0701361359519216 -0.0985990739977448 0.101276542742203
-0.0312256870223087 -0.158796797676664 -0.117092513010221 -0.0092618694481653
0.201223181609474 -0.135247658389407 -0.0229884655650683 -0.184290839857723
0.156671144653072 0.158371917895949 0.265095866551617 -0.105365146999459
0.121107521364416 0.162863922219974 0.355660527674665 0.231097855612716
0.0230157283888312 0.238682170759737 0.218776916512659 0.475816359603342
0.277954995338782 0.128816671759079 0.0964120462188092 0.0756306226854923
0.211261598090577 -0.0749596754543134 -0.128289127994867 0.13727179333657
0.149905447120768 -0.0690905796854533 0.170414962205329 0.265733987472336
0.0769911384859724 -0.262239121946318 0.212632405745988 -0.132563427744597
-0.193493223830102 -0.216071987519181 -0.0174116212128457 -0.114188489224535
-0.214392747952025 -0.0298405311946021 -0.0512809412598815 -0.0367884893464713
-0.136891833035288 -0.000523821289591958 -0.0421116652955528 0.0490805312284807
-0.110491159776568 -0.0469963341525966 -0.00484844086781541 0.108758992247521
-0.0866555488481322 -0.0801049196848732 -0.0412021335945721 0.138605453866373
-0.0584176116574796 -0.100160448547472 -0.0992049632498007 0.0899023519041159
-0.023494427937155 -0.184019105915552 -0.1171802779323 0.0160826659755078
0.225500344395241 -0.176012276814127 -0.108695225005656 -0.144295908725045
0.239045257305558 0.135427690348315 0.140808531560377 -0.203796303594198
0.184957526984147 0.179854997668728 0.400265480361131 0.0546853121821065
0.152950390721287 0.306998636792181 0.222735156265176 0.387859507951585
0.336243873769741 0.25990571665656 -0.0293484015053885 -5.27176006033369E-05
0.328307644088257 -0.0102622145712089 -0.207175373040535 0.0964466027186302
0.206808394235565 -0.119252053810523 0.0591080478958557 0.294099865398731
0.0719584948511137 -0.272477540823666 0.239674251344759 -0.0584208880010768
-0.181973250093789 -0.188028709934836 -0.00670324537823047 -0.156829692365163
-0.158176522465764 -0.0304934931988311 -0.095700352111762 -0.0612895453223974
-0.0986859607193512 -0.0382248922453919 -0.0915986761053115 0.0347803096144079
-0.0937471721848474 -0.0805478774809936 -0.0555100530459883 0.0792390560592429
-0.0761896133041612 -0.102429711331391 -0.0688707858464902 0.09691904258556
-0.0538400110056447 -0.10876952655419 -0.0987032144312856 0.0635792459692778
-0.0335345095235087 -0.190366682516072 -0.101852798912893 0.0230678399208593
0.2002880346836 -0.198262861926444 -0.153799953703198 -0.0741529995056767
0.264957294515056 0.0374855552006444 -0.0153932820029062 -0.257145620936144
0.256002507224861 0.147762727085955 0.388956773582098 -0.109536384997721
0.276423348578184 0.309153269874261 0.172786028050122 0.273170890064314
0.326282308467973 0.346193887293298 -0.119057774856757 -0.117067187351336
0.367229567034141 0.07252709636029 -0.245195434202216 -0.00446900106475585
0.225322008674773 -0.120494261504187 -0.0927357854903829 0.262257867993018
0.0665992846430025 -0.226063575545075 0.207846110543155 0.0383832722589447
-0.133070076635761 -0.12219438757452 0.0171729738730726 -0.147921692760126
-0.0695532523164185 -0.0243199974796783 -0.0972737258825598 -0.0790898964160793
-0.0416940113328854 -0.0713191889417091 -0.11353448940794 0.000840603715352631
-0.0614780015018993 -0.100498466967183 -0.0975238119347305 0.0368992638998935
-0.0555822620485353 -0.103407296135254 -0.0964467763114299 0.0525367586258511
-0.0475188804932986 -0.0911028174902756 -0.10856355730186 0.0335628813932954
-0.0463444132467106 -0.152851909504867 -0.0899106376320385 -0.00112658531154912
0.113482378749264 -0.174336888869091 -0.13355354097428 -0.0124081856893477
0.211504934219586 -0.085776107968121 -0.146337934319045 -0.234102630268659
0.28385726828727 0.0655489679593746 0.320580633453055 -0.19713317919176
0.366624138311023 0.255783018272065 0.0632589781913558 0.160924023552679
0.294084768175203 0.346108088159996 -0.156465317683242 -0.252099376553762
0.330358002110725 0.0707635155381902 -0.225341120357659 -0.148476118590851
0.15224376316074 -0.101692146086269 -0.232718877879595 0.153602722786064
0.0346537365128875 -0.130475312084012 0.111628219007503 0.116636182401107
-0.0657800010578974 -0.0321247295977248 0.0373569273792313 -0.0886903196163988
0.0207586843775588 -0.012986874601381 -0.0567489190550303 -0.0852576752460042
0.0143525140386626 -0.0887477683961898 -0.106190711689099 -0.0458270388793892
-0.0207221765500887 -0.106682956903866 -0.124933493635265 -0.0110716012716175
-0.021698098256692 -0.0892924444937053 -0.118802852784113 0.0165301442352022
-0.0198541252412789 -0.0565440440349588 -0.128091869759007 0.0128272312733383
-0.036482077745263 -0.0713168437850818 -0.0940584351328204 -0.0411213822466605
0.0020394879754016 -0.0991940601195696 -0.0839178930363437 0.0199943503913962
0.115347697538469 -0.163638153581128 -0.206878444436976 -0.181912337592851
0.239541224147505 -0.0349335585374187 0.227015294920335 -0.182499913123916
0.396324799026273 0.182323796573717 -0.0846960665276912 0.0716665064284131
0.252988370911718 0.241383463374685 -0.156211663612351 -0.379404395018374
0.207507454848306 -0.0171569738113655 -0.187130216662118 -0.296997775091757
0.0413460306104689 -0.0660059036756186 -0.327417045078358 0.034563121479722
-0.0156519224062394 -0.0372545201524546 -0.000604664076566332 0.161703357028434
-0.00574604772241579 0.0486460062848333 0.0535911142493438 -0.0146263704461921
0.0820916011552689 -0.000452770613659656 0.00284241098326868 -0.0877328122580352
0.0554849351687672 -0.0848090169563886 -0.0793887091017004 -0.0960690491244398
0.0234250391955843 -0.0960423514726191 -0.131157137005781 -0.0577853111367405
0.0276457200330875 -0.0723679037903949 -0.127404000113311 -0.00834264663767694
0.0361177389053732 -0.0237063400483306 -0.145209564132933 0.00849416375972962
0.0069560504636206 0.028805183248786 -0.102872775300647 -0.0697609175881106
-0.08097357973683 -0.00279152535835724 -0.0515075559372517 0.0367394116393366
0.0142845877758987 -0.156421287515566 -0.204420989220233 -0.14751193656849
0.155718622039339 -0.117099253206041 0.12956306845964 -0.106839179184837
0.351312888236009 0.11767196154635 -0.2219280980242 0.00582715009651778
-0.231492888057041 -0.0956406094934303 0.277739248283621 0.067401544980498
-0.0940698817457511 0.148801575359702 -0.0352370353390343 0.051644998468041
0.0767818790467338 0.106111089424988 0.175960902565416 0.142145796518037
0.0937600981766603 -0.0838362754606546 0.0522298744607672 -0.0660831213776618
-0.0614189052520212 -0.109525105833434 0.074898551716462 0.064442295078798
-0.11231966419195 -0.000238260688668696 0.126277707302313 0.00657667320188825
-0.0760465303364849 0.0666100207489373 0.113316282460044 0.0245832401699298
-0.0602623882373574 0.0743723260140647 0.117702381978046 0.0841624153360814
-0.0843655726179238 0.0504954665242842 0.0550024690471088 0.13780462665658
-0.107976656521879 -0.0127048604936471 -0.0487166246636322 0.0985000197536114
-0.0368357676089734 -0.108947703924574 -0.0822566336353094 -0.0229367744514872
0.0912418702657537 -0.0370075744030743 0.0543053821737203 -0.185778587032805
0.0282158263880387 0.0647957731523942 0.382328610932335 -0.0117724615802882
-0.0513441542467799 0.104687487673591 0.218268304107398 0.390462402615323
-0.193714703552678 -0.0745516438477829 0.182974616796016 0.487996145740684
-0.0575375118331041 -0.0594978888235105 0.285716324639682 0.0958285017294518
-0.0497509128859636 0.085258031455987 -0.000518712484024147 0.0774755760061052
0.134679461769673 0.0775883651102239 0.200801016200467 0.144133468122596
0.103219494760487 -0.172931572170317 0.0807524954121377 -0.116783546613035
-0.126298525132872 -0.175165948387703 0.0368357825387662 0.0280739396079943
-0.181640130547978 -0.0123026952136813 0.0850239892993909 -0.00264490105776713
-0.120538808140892 0.052513824904063 0.0759906022475858 0.0390131571320209
-0.0917117234549784 0.0368752110399234 0.0871496787473609 0.111873207080414
-0.0929889456793382 0.007057451024086 0.0187153597206961 0.162767294173113
-0.0960506407028393 -0.0368713807317124 -0.0845082744162058 0.102759634575293
-0.0443829487826948 -0.134262695658941 -0.103266185432312 -0.0287491503553148
0.150891656496285 -0.0901674473964672 0.0446972316745935 -0.192228535647774
0.075330098679784 0.113291419721865 0.342989395591575 -0.0317386647270748
0.0607629622418168 0.13452641551918 0.281469215534109 0.359450217788888
-0.0940617006000997 0.105431011962333 0.197439831261192 0.512880680887509
0.134594046868381 0.00984653474720395 0.215802170055603 0.103466429675209
0.0536564528650642 -0.0326144200750368 -0.0449250004348493 0.125819436920364
0.130040813877395 0.021293730216925 0.21910613257959 0.199702192329776
0.09492640393145 -0.229429933521483 0.146440139591504 -0.154891998432448
-0.172418713456624 -0.211674763252212 -0.00293295625380959 -0.0407047898994765
-0.223433597452348 -0.0211730202294596 0.0188784301711609 -0.0157263015970292
-0.144672017124275 0.031474950348444 0.0192937883919223 0.049168181896191
-0.110447511331682 -0.00465695363337982 0.0453350040361856 0.12073096261573
-0.0923966083919959 -0.0397885678809753 -0.0121838459272966 0.162139771823688
-0.0739564248482545 -0.0701219569068148 -0.098146408363302 0.102637766089711
-0.0321746558245012 -0.157820938541124 -0.11721728180252 -0.0092730335254697
0.200560372648697 -0.136247695459868 -0.0232426103329341 -0.185554589376883
0.157240035735992 0.157029871550846 0.263858138390114 -0.106337425822165
0.122306963013276 0.162370761856536 0.35582761959154 0.22906975978599
0.0243859516240519 0.238280694655097 0.221799954962192 0.473982794693507
0.276740899272621 0.126525538972105 0.0968771807518174 0.0752049990857962
0.20957363589248 -0.0760344213724312 -0.126753489953256 0.138312135429161
0.14903421345016 -0.069692051522281 0.172343837847635 0.263234482109651
0.0743080263640612 -0.263953923850588 0.211396340412342 -0.134834120646874
-0.195248118676094 -0.214373125174973 -0.0189493803941482 -0.113924547935388
-0.214958714808799 -0.0278860411025789 -0.0512378726773454 -0.0357177269253292
-0.137634001700339 -0.000285403620012818 -0.0413095506169689 0.0501637664533562
-0.111652996389474 -0.0453770042157397 -0.00505968822209348 0.108863047405811
-0.0879369572035371 -0.0786207296344748 -0.0398672402771162 0.139038730206696
-0.0591252007591239 -0.099279900114468 -0.0992048150926 0.0911675449453366
-0.0246882285347839 -0.184517672446345 -0.115927824194044 0.016876855865777
0.224572563597937 -0.178877924002806 -0.109394472743896 -0.142865861666618
0.240282219096953 0.13393160132801 0.140374802525377 -0.20434051332636
0.18566829730291 0.178907059272136 0.400333548808069 0.0511329506477642
0.15442859685889 0.305139492599345 0.224534295194085 0.384976885606043
0.337397619132423 0.256258880252937 -0.0289694329651963 0.000539064038652927
0.327658466602049 -0.0121969508365606 -0.204966030519531 0.0974961804870303
0.206258861673354 -0.121550279812199 0.0609481768992768 0.292486890840347
0.069948760073988 -0.272485437459336 0.238826735367898 -0.0600195714558082
-0.184282837852982 -0.185125483523266 -0.00730269868451683 -0.15678764114756
-0.158628575083504 -0.0292262403311901 -0.0960403446308782 -0.0611459708129928
-0.0996061418360575 -0.0366765084177126 -0.0895963623234225 0.0349037747926823
-0.0940706900003189 -0.0789247901604588 -0.0547333127175539 0.0791966490644369
-0.0775076930072776 -0.101343659417826 -0.0673634158116774 0.0975061900921807
-0.0558629053474371 -0.108603049094796 -0.0978915699078682 0.0645377246521965
-0.0346093683606662 -0.188842818448165 -0.101342234687511 0.0233195806504369
0.198440925025332 -0.199806073236765 -0.153314158036509 -0.0733511235278041
0.265048932826513 0.0357517952530213 -0.0170052310221669 -0.256191525862753
0.256661701337736 0.145839493050027 0.387569687754943 -0.112286226069026
0.276733522883444 0.306582712344015 0.174974839244618 0.272369973858326
0.328769886201731 0.345841072881801 -0.120555689174985 -0.115543154890361
0.36750649595795 0.0695957795357639 -0.24404893253489 -0.00245105803753992
0.224519166813919 -0.122553816058155 -0.0898396179379287 0.260811453371836
0.0647296095680574 -0.226907472435758 0.206681562679059 0.0362345404934793
-0.134405323753539 -0.120954165035122 0.0160180825605622 -0.147742272922888
-0.0694847767403329 -0.0237041003896472 -0.097218337966627 -0.0790021871276283
-0.0429785670050496 -0.0708232632043848 -0.11321615176294 0.00173960380058211
-0.0621413879743836 -0.100728819330767 -0.0977973797846138 0.0374136553578732
-0.0572711886759535 -0.102450320881067 -0.0955816566364889 0.0534115747127024
-0.0482436835136021 -0.08951327332761 -0.107600374418097 0.0336893540597765
-0.0478402677550232 -0.152462578483778 -0.0888647039766517 -0.00135840549417785
0.112396694906928 -0.174901912838267 -0.133084005482424 -0.0115839119728668
0.211444919311014 -0.0875003623423719 -0.147579874216371 -0.232758773602825
0.284113348017977 0.0633660620608559 0.318712104089064 -0.198418282368763
0.367611281281529 0.254285663414082 0.0640215163944032 0.160172985395918
0.296800706623411 0.344053981680644 -0.157357372210692 -0.250282905917953
0.330348729640192 0.0677360175778696 -0.225270185312969 -0.148395671151408
0.150866677517674 -0.103141311228121 -0.231646477324599 0.154306557092374
0.0340949777844774 -0.131087338972504 0.112139148150278 0.116334647304743
-0.0662373356039066 -0.0321177408156254 0.0367409449367028 -0.0887571957694693
0.0206011996042041 -0.0126069156739757 -0.0564711431843742 -0.0853109328423538
0.0133227676724334 -0.0882883757141036 -0.106503539904614 -0.0450270079423249
-0.0206326983003947 -0.105832157636257 -0.124220165178783 -0.0104549651279866
-0.0223903880868423 -0.0883310603443114 -0.118672954827567 0.0176033631562082
-0.0200850716356981 -0.0565188767369862 -0.128717482326406 0.0128911141883627
-0.0369775370000332 -0.0709629014505701 -0.0940445171107748 -0.0411656138277528
0.000667648182677315 -0.0988649177402798 -0.0837499404701338 0.0208211646766903
0.114713728678428 -0.16455785499508 -0.208078974918085 -0.180774155010388
0.240074344200907 -0.0355882960341095 0.225522123673179 -0.184251647463933
0.398804245884676 0.179428185891127 -0.0836172389996617 0.0709135689319433
0.254904471835275 0.240785149963723 -0.158501327574497 -0.376587716824229
0.206962441889656 -0.0175473509271545 -0.188127804868845 -0.295531599944395
0.0406445718308247 -0.0659411857107671 -0.326726740414353 0.0368872074258504
-0.0157814712806527 -0.0369882211858158 0.000522893811980181 0.161685881872109
-0.00608917173667759 0.048843057690021 0.0530407098285785 -0.0140589642774656
0.0818569659401443 -0.00128452982907338 0.00304031797143627 -0.0881024404039805
0.0548554729304847 -0.0844989982094403 -0.0797483131160024 -0.0952164264619663
0.0223890728069398 -0.0964293290003206 -0.131844544991647 -0.0562058326345261
0.0272176271760818 -0.072005794376053 -0.126995390534125 -0.00678890742406142
0.0358246296080896 -0.0244734504444445 -0.144804605392701 0.00930312638669628
0.00701759953542867 0.0289670183547174 -0.103533325540795 -0.0692748114463513
-0.0813921429504064 -0.00209250829577902 -0.0510789484971542 0.0374681150097905
0.0122287313932369 -0.154826719490428 -0.205753974568409 -0.144732302341517
0.155456433886957 -0.117246394251912 0.128330659122551 -0.107140480805713
0.352037583828126 0.116201360141932 -0.221188259809535 0.00861010899069489
-0.231421966895754 -0.0927894609321 0.278089487982563 0.065987860488891
-0.0923660797898568 0.149774044497479 -0.034795982412049 0.0518596072265149
0.077278927784434 0.105416656288618 0.177149550202486 0.140462269701346
0.0929408549186049 -0.0850439115541991 0.0513359814559515 -0.0663423019043596
-0.0617418839010144 -0.109565751576469 0.0748731071254067 0.0640055203134525
-0.111670810706912 0.000553955175008714 0.126295869971966 0.00527751413828673
-0.07500984894601 0.0668900849979671 0.113272736827796 0.0234356001762556
-0.0596287998571647 0.073858395716936 0.117682800560394 0.0832605388782734
-0.0843913629069681 0.0510986141052189 0.055406889731283 0.136636587668949
-0.107638081597799 -0.0118816828603818 -0.0484331534414579 0.098100121221959
-0.0370553388126593 -0.107208624732162 -0.0815369536624661 -0.0221108689278893
0.0905509686372012 -0.0379801431068326 0.0544230103425693 -0.185127388982009
0.0282070784663205 0.0642336560780535 0.381403714796466 -0.0132628585588483
-0.0511756906929541 0.104689639260223 0.218942837211493 0.38924903775338
-0.19361948049745 -0.0727890059079838 0.185187246441483 0.486240578952022
-0.0588373861946961 -0.0595615275995689 0.28443907233991 0.0950454761864157
-0.0487714835004264 0.0852269431652313 -0.000131657864283269 0.0773246605084514
0.135816674333326 0.0757905253606421 0.201469352174291 0.142568868919825
0.10152888230759 -0.172660567803826 0.0803098847352778 -0.117243298130028
-0.127299994378839 -0.174835191128942 0.0378913115337371 0.0278058931095574
-0.181373145938526 -0.0108694474293199 0.0854480299027257 -0.00268268055917437
-0.120241853580953 0.0530595174128844 0.0767646637703122 0.0383318574018362
-0.091414889696955 0.0381431445931382 0.0881993089710269 0.110546601575309
-0.0929840997852671 0.00748794257195292 0.0210835215563059 0.161166969227011
-0.0964573152576449 -0.0362798810561615 -0.0830201760776715 0.102647582850834
-0.0446580867616488 -0.133341266459717 -0.103015462912437 -0.0285769015831203
0.149547342556505 -0.09100743505575 0.0443679581821854 -0.192607081541668
0.0753042401577064 0.112204881780301 0.342229500834667 -0.0309996433613161
0.061323104995282 0.134431201254155 0.28313902391939 0.357500431146962
-0.0949784339458495 0.106233944258675 0.200046625841459 0.509606583659602
0.13354175825695 0.0100719814081372 0.216167677984373 0.104120656034283
0.052895185609666 -0.0329903041133898 -0.0433787845269078 0.124856216806394
0.129471115349153 0.0200060601077124 0.220611606535462 0.198189103930885
0.0932261869182039 -0.228480774699485 0.144949080158156 -0.156042344859495
-0.174569371975288 -0.209975550943472 -0.00276068785148503 -0.0402514315806023
-0.222577054265472 -0.0192283645168054 0.0187653597172092 -0.0150156872224106
-0.143482462174518 0.0324652134569445 0.0207364421005476 0.0493697626036271
-0.110043737222293 -0.00425407920904124 0.0456744872346466 0.119051992162611
-0.0931048068384321 -0.0393273205295652 -0.0100121037067445 0.163018755461735
-0.0747704096965033 -0.0695325600243795 -0.0970498025019614 0.102780338284824
-0.0342235398197044 -0.157841079171378 -0.116861673223483 -0.00829744443783847
0.199445827199536 -0.13772077775872 -0.0246733737360945 -0.184614420837023
0.158652045798968 0.156191342333087 0.262283185323066 -0.108173277782857
0.122751436473982 0.160566581630452 0.356860333830063 0.227509036487856
0.0253842915812058 0.238147837842578 0.223235104283241 0.4707220354193
0.276479293894522 0.124714301227787 0.0968810758948594 0.0746076855544776
0.208864957046568 -0.0766265092672303 -0.125311193547494 0.13923066644069
0.148515003231642 -0.0715263577754472 0.174335378593792 0.260492860009948
0.0724126415033831 -0.263764650402241 0.209295736153789 -0.134510601237338
-0.196301560568716 -0.212950208770477 -0.0191837547075216 -0.112800314320346
-0.215307302271021 -0.0262575523097578 -0.050893974737749 -0.0358189272707056
-0.136842517580342 0.00114035686931248 -0.0405260368684118 0.0499303202543922
-0.110830020216415 -0.0448871129181692 -0.00375022251608254 0.108545075780913
-0.0877528261463242 -0.0780131276808608 -0.039043338330722 0.138156241083029
-0.060393166979473 -0.0982447403921298 -0.0985119736079237 0.0916580488607499
-0.0270314677589534 -0.183117570288936 -0.114741248459288 0.0169792825952273
0.223105123974883 -0.178943943584864 -0.109417878948957 -0.141517493703971
0.240026096109154 0.130851568406445 0.138849838427406 -0.2054467158728
0.18663120012421 0.1771474252799 0.399196579287424 0.0488117527796791
0.155398042368683 0.304991773621866 0.226688147885016 0.383054741029483
0.33737570544697 0.253566405615037 -0.0290406917801379 0.000437680552888631
0.327062226027149 -0.0145627203232686 -0.204829534467587 0.0975914016879568
0.20559541242656 -0.12179160896783 0.0622915254935081 0.291789548017862
0.0679509875133771 -0.272719240523828 0.237735441167958 -0.0617032191828307
-0.185213590733801 -0.184090731111147 -0.00764092794371497 -0.156436020431721
-0.159721123178795 -0.0276444297993665 -0.0953787679909667 -0.0604514004985622
-0.0991051441278379 -0.0367945424975494 -0.0901110833043166 0.0353530030639946
-0.0952574944734278 -0.0787595499855601 -0.0537932581293272 0.0798478160622217
-0.0786937766998083 -0.100792061767219 -0.0671323940154614 0.0975636345966371
-0.0565653256711888 -0.107478469850707 -0.0977466870816445 0.0646625045719719
-0.0356710228041356 -0.188331712529069 -0.101235987141134 0.0236549798634164
0.196345475590535 -0.200928597556202 -0.152899693067138 -0.0718270921845064
0.264201377384075 0.033586275003874 -0.0177786689343404 -0.255744435279583
0.256797184093205 0.14396644251735 0.386950776784513 -0.114665800700012
0.277454547052527 0.304469810210745 0.176178082304075 0.270726663034985
0.328716603288851 0.340927232582537 -0.119836486936897 -0.113401793080089
0.366712640505978 0.0664323182384973 -0.24314156656115 -0.00206950229563813
0.223765934131009 -0.123521077323575 -0.086960000814806 0.259204288932007
0.0643486013447364 -0.22690272302898 0.207028347889563 0.035339644713041
-0.13535263021302 -0.119754156674005 0.0147615909839481 -0.147539537174931
-0.0705880124798631 -0.0226772617357935 -0.096995436299662 -0.078137180430642
-0.0434930356693099 -0.0693925736669865 -0.113042066588559 0.00174352155197837
-0.0632097515085129 -0.0998367849676473 -0.0981039903019203 0.0386266639482412
-0.0581837755108959 -0.101843529400494 -0.0950626852403982 0.0541505261083008
-0.049127428598975 -0.0904095742792478 -0.107218082027527 0.0342390605299147
-0.0488517278220271 -0.150839604959614 -0.0895449049582542 -8.28142838281573E-05
0.111334568902503 -0.175409671047932 -0.132526454067971 -0.0103635784715118
0.208833321035203 -0.0889309489288159 -0.148631961009387 -0.231234574760804
0.284232640605506 0.0624800147085325 0.316217077728637 -0.201379977666875
0.367824930460333 0.252308700338379 0.0655443799292761 0.158823638758932
0.295961488894442 0.34063074079209 -0.158624458220186 -0.247914325946103
0.330289324134395 0.0657074995300425 -0.225555289318617 -0.146745591533755
0.149316661911005 -0.103240195978673 -0.22994956151518 0.155525523528742
0.0327085103131623 -0.131069940220904 0.111898913784492 0.11543386054362
-0.0659596589825488 -0.0306031267081698 0.0356613303975136 -0.0883494919345662
0.0206845643698044 -0.0128035717718426 -0.0576858211315633 -0.0847706404911763
0.0131231984633231 -0.0889654263271966 -0.10641890136647 -0.0440944664778014
-0.0213747936152478 -0.105502774411029 -0.124512230416498 -0.00907721633145565
-0.0226211433306034 -0.0886395326569762 -0.118160179553965 0.0178690914454768
-0.0206996447916333 -0.0555424280392476 -0.127918976885319 0.0151628515151014
-0.037681826538297 -0.0709542256755964 -0.0938882347158166 -0.039733914284109
2.59679341170762E-05 -0.0982869310526731 -0.0820638123186798 0.0210973995612827
0.112897852909968 -0.165276095556551 -0.208846816394253 -0.178452541901217
0.239412965247301 -0.0370011073978674 0.223480514922012 -0.184450761220844
0.398226024742906 0.175990445129628 -0.0833551916458263 0.0721646950453868
0.255759115858908 0.238104898702859 -0.159406246223851 -0.37401141761169
0.20606327928509 -0.0193655993825713 -0.189244279109889 -0.29295980915775
0.0402881988039711 -0.065565472329959 -0.327482192004579 0.037669142283813
-0.0160065258813724 -0.0367645294029303 0.0016870465646075 0.161854557108231
-0.00526298926645274 0.0488597710760426 0.0524696958661377 -0.0134854609398382
0.0814691928698175 -0.00192099235298496 0.00173221326726927 -0.087678568536659
0.0533998114674426 -0.0841425402698805 -0.0805522675349597 -0.0940225437926789
0.0218406800345409 -0.0959207767793478 -0.132117700258135 -0.0546475977274849
0.0266719462837454 -0.0724008162602916 -0.127722758782305 -0.00643122410613535
0.0356853203487565 -0.024809333893739 -0.145206970114436 0.0105143545388014
0.00741612893647694 0.0287851299932819 -0.103749495915162 -0.0678659151673369
-0.0808596750989108 -0.000855440556902543 -0.0508656777272286 0.0379490921211888
0.0110300003005695 -0.154628599065017 -0.206068924704351 -0.141967034784124
0.1551721870769 -0.11828725443468 0.126912720952342 -0.107635480584678
0.352340907797992 0.114965906878354 -0.221655210209427 0.00906351581647008
-0.197452006074703 -0.15014341720551 0.248729048766208 0.130191149249791
-0.125879687863664 0.123250066916668 -0.045035145150511 0.0421762227082072
0.0534510039441206 0.119851009362032 0.135889070246526 0.176215474481912
0.110015783994925 -0.0600545882584417 0.0658275362701307 -0.0519333798145259
-0.0343556189305039 -0.120721752109876 0.0574404623155849 0.0788230018716879
-0.108496688253022 -0.026166797558082 0.121280088660957 0.0347089612726659
-0.0889138353142196 0.0481972966662982 0.105408727531351 0.0487476257358654
-0.0742273009848221 0.0580638872047625 0.0961914971862308 0.106869403248772
-0.0939463771505002 0.0309409207465754 0.0246141085893212 0.143837837234062
-0.102368956543777 -0.0358195234800142 -0.0681872497181933 0.0836827285926211
-0.0128780271887739 -0.114286774857317 -0.0734788460153417 -0.0398948182352505
0.0967749998385022 -0.0161395764232535 0.0939761725361676 -0.16927909487235
0.00911239190195145 0.0695214048858958 0.374242891009591 0.0664737807931297
-0.0767765534534822 0.0849015393376501 0.130298744670212 0.428708894389298
-0.176035619010334 -0.122228362493104 0.0834093937924853 0.510047443190423
-0.0385523316918459 -0.0748421187063053 0.248724745342324 0.159448277020578
-0.0677264825469592 0.0717480868965076 -0.0184279409491066 0.0743882961515273
0.117421308471628 0.104946641017101 0.159413020198364 0.184260112731643
0.139793008030728 -0.145497710838539 0.104595132417362 -0.0938488832959629
-0.0829776591356996 -0.198484819070663 0.030023168095782 0.0358000900673454
-0.173418395286071 -0.0532287377078999 0.0834841124559103 0.0170519407077925
-0.128964527849999 0.0238067738061572 0.0660480385153579 0.0542003939410116
-0.096844917916335 0.0156627774070865 0.0608602218558881 0.126623555338526
-0.0927871153797269 -0.013681483322112 -0.0141448362290014 0.160671411835858
-0.0854453152303931 -0.0569358801520125 -0.102500361240938 0.0807537631163052
-0.0143189159014182 -0.14096448256291 -0.0925876562392531 -0.0497779078892318
0.167174608754571 -0.0534701386781562 0.0849209721455844 -0.176930151855946
0.0447950630135166 0.126115741163049 0.340629956299691 0.0410846518204076
0.0259750436682096 0.139051866160834 0.199571122733739 0.414848839402173
-0.119567320298089 0.073260304621617 0.0897773284456798 0.537302882855466
0.13122655838094 0.0388222837298359 0.180939447449663 0.15011405574404
0.0608801077292794 -0.0170014489918872 -0.0714402801917631 0.108956829318189
0.126537455528717 0.0489308700960721 0.163435737531965 0.242229796693158
0.144550056593229 -0.201668261067021 0.17580491706897 -0.115284442754233
-0.12165344470007 -0.244633911613044 0.00655393409393299 -0.0390681500847736
-0.211328621585364 -0.0705805882036488 0.0216347661191299 -0.010099730631584
-0.147746178802139 -0.00176733852166706 0.00869502822521461 0.0519612946488019
-0.106438238833434 -0.0297640361641756 0.0180558845869373 0.12535924522773
-0.0822285262080334 -0.0588729248662932 -0.0451608139490832 0.1543770645708
-0.0572636513650624 -0.0844632478933413 -0.115238637366483 0.0779447455209738
0.00194203863051987 -0.161933737476491 -0.109963232606607 -0.0332520403057188
0.226055173123914 -0.0909246150043506 0.0174771902061569 -0.182081182722387
0.116427099416627 0.187734946296832 0.278546747378672 -0.0472824050511803
0.0782326629628744 0.181206425203336 0.300270342076611 0.302328952068608
-0.0329333856299003 0.228262697754194 0.119095510243898 0.505906013230024
0.24005570313289 0.188166113316917 0.0750279965732057 0.0934705676569768
0.2223952644368 -0.0207923150832594 -0.153772841129078 0.101662303864074
0.166820095913854 -0.033888916999437 0.103389341610357 0.291443632140299
0.133367417723463 -0.241255413523097 0.232694380494638 -0.0801315757341834
-0.143739666294621 -0.25167520377051 0.0076206330143217 -0.113000854879637
-0.202811493196311 -0.0750996912880045 -0.040308011781066 -0.0461527385578481
-0.133497019286512 -0.0298646424884633 -0.0509667116173669 0.0392656491635769
-0.0981764087087116 -0.0687562478877132 -0.0273987114857993 0.103716966825641
-0.068657938269544 -0.0958417334531075 -0.066675925965901 0.125038452772711
-0.0367038776930253 -0.109638389148355 -0.114430978064216 0.066222364436985
0.0154325945761406 -0.185217536631102 -0.114226992078038 -0.00812834954355631
0.259881592289823 -0.126156312909847 -0.0743199568793259 -0.15789359440878
0.203674926111942 0.182449047722852 0.176841144550821 -0.167360321911487
0.13692343789852 0.214103193206314 0.379553387409312 0.136629755229361
0.0780410420531243 0.322103199389806 0.137818063610357 0.423801400371402
0.265961293503433 0.329090124753584 -0.0259075482477989 -0.00715122907985628
0.321602090870506 0.0701829149189768 -0.21919581991475 0.0435300151687384
0.234065557458875 -0.0676657185814458 -0.00985465649553393 0.293025796866737
0.131120762169214 -0.251969331197821 0.241705108747816 -0.0014160049589848
-0.138194607879164 -0.22191076017029 0.0278008721142401 -0.152051867014044
-0.148405180217537 -0.0623506996886962 -0.0785970211280379 -0.0801405064992641
-0.0878425721709918 -0.0578433912136747 -0.0959207960319084 0.013370905016601
-0.074108952204183 -0.0964023360389797 -0.0708461478663686 0.0650803594319169
-0.0543356332843707 -0.11588229617222 -0.0863400812006612 0.0805916314850697
-0.0307468890106203 -0.117520648486193 -0.108269090340776 0.0410830004600142
0.00592336496417074 -0.192239411283496 -0.100955594598346 0.00140117122439652
0.237991092271859 -0.152518879165883 -0.132098075867748 -0.0986084627518024
0.249914690134079 0.0941548317279543 0.0351429730023181 -0.248963681466582
0.211972964510235 0.200451806189521 0.401093866825579 -0.0270919309072216
0.199055343104802 0.351883862441155 0.111190207570438 0.304400390359779
0.233613659974586 0.410976498556643 -0.0853970772915395 -0.138044902241426
0.33839309347257 0.157123189281262 -0.232841673271486 -0.0624880656970672
0.249306008672995 -0.0623536381646158 -0.148911451118098 0.226686358329023
0.118258863845828 -0.207984121985578 0.189490400897286 0.0832749345910206
-0.104705103474177 -0.147661491271691 0.0474033584412075 -0.137715178852118
-0.0635378743535013 -0.0376610771988518 -0.075852421722906 -0.0974596631790018
-0.0266476975769633 -0.0771125113637202 -0.109699197333352 -0.0237123407007158
-0.0386508426574166 -0.110273446247319 -0.102539294236102 0.0148668964280699
-0.0337342941961238 -0.112013362760509 -0.104645088192342 0.0313249268222476
-0.0272746705022414 -0.0989369779163074 -0.111484983043042 0.00936753518121889
-0.0141937150263094 -0.158712731636923 -0.0856787161841682 -0.0197175942402163
0.147823297283933 -0.148146378952058 -0.12503478861473 -0.0357856784042827
0.22517232306722 -0.0385815539169235 -0.0950762948784117 -0.253228435142252
0.258970898822221 0.126709692977639 0.352265047310719 -0.126384859104991
0.299609462501282 0.322954119281306 0.0264691746174668 0.173739963776709
0.198252417076039 0.402000551722286 -0.0900119597726985 -0.274777361031989
0.301625932352459 0.146068771865131 -0.181077366003567 -0.197067720155253
0.170478615458326 -0.0593679272199551 -0.258136065023537 0.0926513153284086
0.0657068709170984 -0.12044779040563 0.0799889504981191 0.137902929443494
-0.0580861469150418 -0.0457776552393179 0.0541275075162569 -0.0755212535224627
0.021933871880005 -0.00719034598367785 -0.0359018998331314 -0.0957471932016054
0.0320998010053996 -0.0822609517902172 -0.0932612665643859 -0.0677084146754189
0.00220980445800289 -0.106577199962569 -0.119318892914978 -0.0367944741707501
-0.00289718598857519 -0.0910930504735792 -0.119168603634034 -0.00756204158314159
-0.00774003179286238 -0.0588053006262298 -0.127091684041463 -0.014072506695609
-0.0205508335679105 -0.0766086134130513 -0.0814730747206246 -0.0593959488584245
0.0216890871634001 -0.0966490913665397 -0.0840799043909244 0.00436757166696772
0.148614682601769 -0.13423534970703 -0.16498749797771 -0.216216970079714
0.238512292245651 0.0203378911836448 0.261163284511827 -0.130223713239575
0.348349248147421 0.25710247633507 -0.0990314141421162 0.058796865020903
0.182702859974026 0.289156543090816 -0.0616787210076581 -0.395615895372183
0.197951318363278 0.0308237163813145 -0.110244494642697 -0.328799081882908
0.0519142660237013 -0.04961884221529 -0.323434289272336 -0.0425258447890066
-0.0046713623078565 -0.0392197610390831 -0.037552519414666 0.155539695735804
-0.0170283948649783 0.0446019613820487 0.0537134364284773 -0.00122802723251444
0.0787011887841259 0.0168748613281823 0.0214575923971882 -0.0841504700427036
0.072028829436311 -0.0690345355326818 -0.0575175351367381 -0.109928211806732
0.0425240028493462 -0.0878410447226932 -0.115854568025231 -0.0826144141431902
0.0411027440525376 -0.0654291539732151 -0.122869446765921 -0.034886664064254
0.0409447643240491 -0.0155948859294478 -0.142804565226425 -0.0215809498050354
0.00156502704141892 0.0298201829113157 -0.0866059618176291 -0.0885205342615159
-0.0789157426325338 -0.0199527926573902 -0.0572900109225384 0.0256068941099396
0.0483593730928238 -0.147869634992272 -0.169589072992314 -0.182636134717195
0.175308132168199 -0.0788770163749696 0.150177054222299 -0.077293302484617
0.320697270051157 0.187669994100129 -0.221015183166314 -0.0309568034135039
-0.197753202559772 -0.14847749946127 0.248521794421915 0.128374550968391
-0.124949227278139 0.124402741726242 -0.0447052587580586 0.0419569385972706
0.0536312414446602 0.119590256646392 0.137734814882166 0.175267794962626
0.109194787854486 -0.0608998809606656 0.0646000048252414 -0.0519046802785937
-0.0347289105937137 -0.120624593421762 0.0574432562846876 0.0782218245470906
-0.108778837858999 -0.0259050341478605 0.121967523628253 0.033726947391113
-0.0877975896870605 0.0484038597227031 0.10493205577899 0.0480077373779718
-0.0738224904127688 0.0584866994364732 0.0963191089891553 0.104981778706534
-0.0931504723420723 0.0313421496633656 0.0259726098960055 0.144182228498817
-0.102810029905665 -0.0360023157823417 -0.067017321512639 0.08388913860691
-0.0135028619740616 -0.11333450407273 -0.0728804540935738 -0.0391624880874198
0.0967021395616047 -0.0162754897127711 0.0919365662009407 -0.168864189206932
0.00926939734411738 0.0688735724477284 0.375007240625253 0.0653811247274915
-0.076072725641012 0.0846940202055575 0.131573620078592 0.427312569941437
-0.175852544176691 -0.121610675198596 0.0845130964804478 0.508428692444407
-0.0391912339309147 -0.0744267792069739 0.247942836786409 0.15777360605199
-0.0672479199282696 0.0721926980181369 -0.0177773166289323 0.0735416572660704
0.116839203118291 0.104305212087515 0.161021190104459 0.183239334500913
0.137470373267832 -0.145725216716082 0.103505666672544 -0.0942433345819636
-0.084042042926597 -0.19774881530478 0.0302089248898532 0.034863535587718
-0.17448091432185 -0.0522262603558567 0.0834313796368118 0.0161468962147892
-0.128663460598777 0.0248476127220158 0.0664108035058981 0.053064425634817
-0.0965147589317027 0.0160762698285652 0.0614413101638225 0.125624350423269
-0.0927845695258795 -0.0129585858272993 -0.0146643909517933 0.160519488096515
-0.0860599584427688 -0.0567468372899556 -0.102064642919044 0.0821180724785677
-0.0156358533037239 -0.140566569003456 -0.0920867476435981 -0.0497186994693753
0.166255860853286 -0.0556929114565204 0.0845614761419632 -0.176044409347139
0.0456751692030294 0.125669017974056 0.338953765130657 0.0404594590710381
0.0260191878131104 0.138585482060428 0.201436615988164 0.411324314335103
-0.119235726207024 0.0731192733839925 0.0909976839645174 0.536144760796025
0.130243029387632 0.0380295612559599 0.181126354971439 0.148293902198445
0.0605989994484079 -0.0174044432403516 -0.0710251649157104 0.10881148043413
0.126634117686526 0.0480089344624242 0.164660980245987 0.240137267740891
0.142366117915119 -0.202245543839215 0.174757108931237 -0.116300921599872
-0.122120342977155 -0.244353523508444 0.00672333789790927 -0.0387196246712273
-0.211801985055265 -0.0694667384922535 0.0217125080578134 -0.00921069754005664
-0.147462617480986 -0.00124953928632939 0.00932875353287986 0.0517082527015512
-0.106179098850495 -0.027845548580168 0.018829711860248 0.124539025795134
-0.0821814749692691 -0.0576698858685501 -0.0440400684246661 0.154339885611398
-0.0580895184407899 -0.0838579334442084 -0.114998571837338 0.0786994067550134
0.00103596883406832 -0.160766061171642 -0.109267669840187 -0.0320749485199543
0.224406285590518 -0.0914568161202071 0.0170867769729215 -0.181693527580772
0.117418317840044 0.18681272055214 0.277715857103813 -0.0478725644829111
0.0787611034045375 0.180299468687867 0.298706187670344 0.298208764858608
-0.0322149430860631 0.227481344886429 0.120107653086164 0.505128642264863
0.24127664864583 0.186607814103847 0.0741118219386967 0.0932434491850519
0.221635189094982 -0.0216049943365338 -0.153676456190755 0.102044994221762
0.166366541647917 -0.0346367182815232 0.104449392912844 0.290762437274942
0.131217590791657 -0.241723793020733 0.231206023853598 -0.0810983496842632
-0.143895972365392 -0.250589256563352 0.00734743221545163 -0.112975156470666
-0.202866873756699 -0.0738845778457425 -0.040995968550588 -0.0450428293722369
-0.133448389331484 -0.0293250185528051 -0.049993600880659 0.0392342581411688
-0.0984142256973524 -0.0678671853437548 -0.0268481804011407 0.103048186664262
-0.0687718426724261 -0.094564388136128 -0.0662393048930621 0.124604371925921
-0.0370865947979163 -0.109532581744526 -0.11364173049939 0.0670505926836916
0.0135325708594306 -0.185083337603626 -0.113078906232981 -0.00786298016583287
0.258220480212757 -0.126979740621446 -0.0744389642055995 -0.157914772853401
0.2041868514104 0.18133052176026 0.175723574297368 -0.16736854231631
0.136611513018585 0.213214377086008 0.378344357657564 0.135017675488167
0.079796737145369 0.3214455213774 0.139043147845924 0.422056779355005
0.264506429108778 0.3261990659131 -0.0259663808924004 -0.00660080105140546
0.320672695827156 0.0684282745984248 -0.219321289558457 0.0436184114972264
0.23414686893553 -0.0687165774096473 -0.00923489789041285 0.292191440747791
0.130781103921036 -0.252321522778732 0.241686680967711 -0.0026031364928924
-0.139744205295132 -0.219560584309577 0.0277396734020843 -0.151171594017673
-0.148770698250039 -0.0615564327322327 -0.0788413849701797 -0.0792377874407209
-0.0885018868970914 -0.0569191241646509 -0.0951406370039642 0.01447307069066
-0.0749462990798555 -0.0961684266581724 -0.0696011558434549 0.0652058567637518
-0.0547879635096998 -0.113914030355404 -0.0854216447455851 0.0800514878473986
-0.0311598236806833 -0.116945205424848 -0.108530227106301 0.0418647059015001
0.00505982707184552 -0.191935911225903 -0.0998905769715815 0.00134301269774353
0.235712985894068 -0.156051652805496 -0.131438714904487 -0.09759911205695
0.25016426410071 0.0929697950272965 0.0334837914448795 -0.249280222074137
0.212178556313509 0.199115127367394 0.400618738267103 -0.027918294879819
0.198613059148576 0.350075685313522 0.112147709014516 0.30250422930842
0.233431212360733 0.4099683553822 -0.0848741218151243 -0.136960198187915
0.336605597992697 0.156261022514881 -0.231855957763222 -0.0612570337465133
0.249844920273201 -0.0635709505008923 -0.146895241128881 0.226852559901687
0.116410947706367 -0.20714291738608 0.189373564661154 0.0823399333841637
-0.105055388745393 -0.14642503150318 0.0469659495426587 -0.137296110684147
-0.0637125488583217 -0.0371551093701317 -0.0760422137306113 -0.0970964035211947
-0.0270010251384024 -0.0768381222045044 -0.110349272559142 -0.0228167995782535
-0.038988051944421 -0.109993710754814 -0.102623731862952 0.0154452671943108
-0.0348635266207873 -0.111193653077111 -0.104631920762378 0.031746898619344
-0.0285412159844601 -0.0974688389243139 -0.111575835106036 0.0103854734543149
-0.0155086361026665 -0.157912326600785 -0.0846842533230284 -0.0195978473516408
0.146692953412348 -0.148156799059715 -0.124062275716847 -0.0357159305684963
0.225986154421583 -0.0389191791801091 -0.0967859424058922 -0.252265825792648
0.258896792014033 0.126206023816496 0.351308234394204 -0.127935597902529
0.299624886860369 0.319464815756487 0.0268652322073601 0.173902720519956
0.199960757210131 0.400336374956617 -0.0897583637020156 -0.273805591497578
0.300089208414297 0.144868216365534 -0.181271379145481 -0.19488551558051
0.170115436454293 -0.0608215157478404 -0.257409594785052 0.0931818624602259
0.0646592133290322 -0.120344913845697 0.0802121809512958 0.136936683748115
-0.057929911087921 -0.0456703912766974 0.0537300814316913 -0.0759745130806303
0.0221141572633035 -0.00616427135125212 -0.0358011116111905 -0.0940274578339876
0.0320841305238771 -0.0820852303146273 -0.0931819919332995 -0.0658280658134461
0.00242079580813476 -0.10643043305748 -0.119103872947123 -0.0354032955653385
-0.00361739501978647 -0.0907842154344271 -0.119021006244642 -0.00755468616240813
-0.00778837085813387 -0.0586336079885374 -0.126986697466787 -0.0138776587439438
-0.0216079872066462 -0.0766610479628189 -0.0818377016922558 -0.059385522709233
0.0214115666938661 -0.0971055038862172 -0.0829857022309819 0.00480735311195715
0.147361660555219 -0.1348009678383 -0.165458886848907 -0.214755332415113
0.236514625011155 0.0191811597888928 0.258937777631156 -0.131882551726844
0.347970761971929 0.25574165259788 -0.0986085413229871 0.059741995694609
0.183555751110558 0.288233328040941 -0.0615619831668338 -0.395228770165309
0.199080129324239 0.0295466602998025 -0.11100636668121 -0.327021782139837
0.0523477914173951 -0.0496860195073467 -0.320000959485095 -0.0406098341254213
-0.00447481090361486 -0.0390381197065541 -0.0360160461807169 0.155197706178192
-0.0166538311912329 0.0456214029363717 0.0529087597127379 -0.00120871970134298
0.0785080682822172 0.0167857172019098 0.021580110111602 -0.084115232798457
0.0722039011564589 -0.0697651622236256 -0.0580088928122781 -0.108398565273886
0.0424978376886249 -0.087367090231723 -0.11641719281866 -0.0815370092471175
0.0407298765446651 -0.0642531806002324 -0.123243449008186 -0.0330308447913393
0.0402282499248366 -0.0151928724534958 -0.142732717948049 -0.0206847610519987
0.00173968552866008 0.0303246242493926 -0.0877527394122969 -0.0878288826988286
-0.0786219133666998 -0.0195135097452005 -0.0565121670684807 0.0254348766438205
0.0472922465207564 -0.14753738590571 -0.16892067964852 -0.182312829358165
0.174750993136664 -0.0791100009389393 0.149414792384026 -0.0773457935574935
0.319135133312842 0.185373819953122 -0.220551768911938 -0.0313821313412502
-0.198728515899878 -0.146901754089557 0.248650774972662 0.127089646490022
-0.123738325573923 0.123216648553448 -0.0445474135086352 0.0423288595274758
0.0542764014314404 0.118744207790039 0.138087464425025 0.172966572622328
0.108229475825598 -0.0604655688578693 0.064722071173966 -0.0521378547472027
-0.0356322254706236 -0.120278523560544 0.0584858032638232 0.078101843797135
-0.108688680968163 -0.0250503954766973 0.121427940056961 0.0335490108381814
-0.087915826491627 0.0483067179306651 0.106210469912659 0.0465756535860705
-0.072885974570234 0.0579138395864191 0.0967966679523926 0.103571428287682
-0.0933116122585277 0.0314887135351532 0.0269731657553781 0.142261372087563
-0.102841166360199 -0.0345372604862177 -0.0664750917748029 0.0846258163038049
-0.0143828203613435 -0.113019570339292 -0.0725978293353633 -0.0393156660277944
0.0965314974034706 -0.0167403728930888 0.0917754844853213 -0.168689898822584
0.00971119028666637 0.0685959291011379 0.373961464912718 0.0639459138185308
-0.0757959775336884 0.0851813316560075 0.132287310384771 0.425240841899908
-0.176421959713647 -0.119464116836827 0.0869185941554192 0.505019480747626
-0.0386240450667218 -0.0745139739193409 0.247631406191789 0.156405961816424
-0.0667766341915952 0.0720104135660404 -0.0171857748214136 0.0741410764870986
0.117713285172408 0.103332276694613 0.16114165089284 0.181008438610755
0.135242548188184 -0.146234008307861 0.102427307736163 -0.0941427283172062
-0.0851181128410979 -0.197434304796217 0.030538689523734 0.0347481555612678
-0.174036465022628 -0.0514491390922204 0.0839327357325428 0.0169877389031215
-0.128415000137092 0.024826441798592 0.0669100104512689 0.0522342289409251
-0.097832838441878 0.0155130487982314 0.0631174591680524 0.124668519139184
-0.0929867724481826 -0.0121382182748627 -0.012928691321782 0.159320819059463
-0.0861728295270412 -0.0563868966906658 -0.100442043557124 0.0819061854608735
-0.016558632053378 -0.139370707316814 -0.0914606656912669 -0.0493862879496044
0.165148106646898 -0.057012033922724 0.084526126008881 -0.176648326021428
0.0454831511152579 0.125850115203015 0.338034631360845 0.0406851941323121
0.0264695287993985 0.137734655421838 0.20128154844229 0.409521862959521
-0.118873758192416 0.074095382019433 0.0922927232108633 0.534080800393344
0.129870967984353 0.0377915926397975 0.180236978991169 0.148282896593273
0.0606241542342517 -0.0178441391191101 -0.070184883525514 0.108732351963723
0.126413117455841 0.0477230611256902 0.165930157257928 0.239226334029905
0.141109988971987 -0.203117068498724 0.172715404264498 -0.116873192491467
-0.123860973134608 -0.241595197594855 0.00669948219272357 -0.0391442155555289
-0.210942953704569 -0.0679823388975896 0.0221325123035316 -0.00970645473942699
-0.147683166833719 -0.000419351619817264 0.0107469838929162 0.0512498532789804
-0.105355399145192 -0.0281352839467959 0.0200594169526062 0.123946527129859
-0.0830027912927161 -0.0581201020314222 -0.042952837212177 0.153826084260937
-0.0580179286660476 -0.0837865504860623 -0.114408846668862 0.0786819680423923
0.000459577869291398 -0.161127943368868 -0.108386623858195 -0.0322710372712973
0.223699929212056 -0.0924873947743369 0.0159459724359423 -0.180863787001941
0.118116947036313 0.186217787865068 0.276286837459689 -0.0492414736142377
0.0791813653232277 0.178893373149956 0.298399453680797 0.296752333596685
-0.0315786050800803 0.227269203869285 0.122215015346661 0.501780594534657
0.239798555827395 0.184586312869982 0.0747178480542884 0.0933757161698682
0.221059729455698 -0.0216066340982909 -0.152155356374075 0.102110505544629
0.166008830597033 -0.0351178703731744 0.106541462972656 0.288474448576514
0.129370494567416 -0.241179127971287 0.230786013423931 -0.0817873868866399
-0.14521508650224 -0.249330616432009 0.00687204175502982 -0.112372035899031
-0.203720398702974 -0.0723993468459323 -0.0404821424415862 -0.045245339696658
-0.133393975080008 -0.0283310461910028 -0.049973931635472 0.0391009236963925
-0.098467846514775 -0.066869430888306 -0.0265965188552834 0.10312036714599
-0.0694516998471432 -0.0943969856901175 -0.0656216520441698 0.125738875830058
-0.0376703017482085 -0.108220767222547 -0.113237214219038 0.0669322075022274
0.0128408006809256 -0.18486558508163 -0.112290863868145 -0.00809510290920555
0.25606830233131 -0.127174740769255 -0.0735563540249359 -0.156107708147899
0.2045896911844 0.181125741749706 0.17483864868617 -0.167020672942455
0.137516361406434 0.211934165494302 0.37884591865485 0.132952620215686
0.0795523271573501 0.319759672209029 0.139264703436591 0.419976518739742
0.265367628753368 0.326066957962934 -0.0266902775998842 -0.00669214482554205
0.319097508671803 0.0670813450739064 -0.217714010290639 0.0444427646544069
0.233434603607941 -0.070130599239318 -0.00751725070097416 0.29095187140358
0.12911378636538 -0.251595983268578 0.240122243520391 -0.00386363514848538
-0.141116985856064 -0.21860779785908 0.0264665051358866 -0.150933569547285
-0.149165219804124 -0.0610801696101361 -0.0781223282385006 -0.0784606153527859
-0.0889952764842703 -0.0559490959619867 -0.094753716842718 0.0147209022569646
-0.0753326824718565 -0.0952517755572549 -0.0692451234238888 0.0654529949051063
-0.0554853939950338 -0.112960660606168 -0.0845530174704044 0.0801238495459624
-0.0327739116294888 -0.116273233578 -0.107199716406229 0.041677885268692
0.00371645251156604 -0.19152588211074 -0.0999959965259157 0.0020070681158638
0.234280727991066 -0.155739430282547 -0.131179335321775 -0.0978663126483272
0.248903931092337 0.091178443712094 0.0328757090239397 -0.24700868311703
0.212907827880399 0.197451415231018 0.398520599802146 -0.0299163507693985
0.198461646229844 0.349365557754242 0.114076731507868 0.30130215146694
0.233917169354846 0.408035739608437 -0.0846263359161474 -0.136086206061105
0.337514239622866 0.155139013963166 -0.231404682837645 -0.0602151392506543
0.247975724230628 -0.0651322219448416 -0.144107975181052 0.225315840407911
0.115352238382049 -0.207216686435192 0.188229154641506 0.0809190159952127
-0.106104789617936 -0.14545622637544 0.045917805381413 -0.136989728779831
-0.0648392205957559 -0.0359838743551449 -0.0757471635026946 -0.0963625926688491
-0.0272642019510209 -0.0767800823580072 -0.109449741222941 -0.0217002067144627
-0.0403586542127216 -0.108368728159731 -0.102880334616341 0.0162975915661072
-0.0360335734366902 -0.110652325072613 -0.103285683860705 0.0323546629669379
-0.0295851608529375 -0.0969659509771765 -0.110907706741429 0.0107977480294928
-0.0164309242775032 -0.157113021302217 -0.0845135206226942 -0.0195454396494772
0.145102878962376 -0.14918640524473 -0.12389251993521 -0.0344809971397428
0.224463243655512 -0.0391353629555101 -0.0974763810327807 -0.251873924232616
0.257776808515771 0.123773380818609 0.349643991312377 -0.129453301038272
0.299562470168706 0.318717108144371 0.0269914386357717 0.173750487229347
0.201138364777677 0.398598292606045 -0.0908315869280574 -0.272365195781757
0.299888343070984 0.143181376903724 -0.180146075444066 -0.193906277427159
0.168896291853002 -0.0610042793293861 -0.256332527199395 0.0936557366797843
0.0642469808462593 -0.120715539721718 0.0801983058548885 0.135681235024256
-0.0579498819077234 -0.0443899195093181 0.0531297938288109 -0.0753842518397499
0.0207179224206562 -0.00718061635082748 -0.0363123639098716 -0.0942546117594863
0.0310018094742805 -0.0821704360572425 -0.0938116002798554 -0.0658294118574303
0.001434575724534 -0.106072519572327 -0.119274551697172 -0.034063487722679
-0.0037235044024743 -0.0906749537576717 -0.119683037248408 -0.00655210804543908
-0.00834127405688626 -0.0580036240518084 -0.127488297105488 -0.0134231315609446
-0.0226832570614716 -0.0760630795020987 -0.0819688404883546 -0.0585381364412103
0.0212140129208479 -0.0963378218771711 -0.0826464883923753 0.00561204518494908
0.146107043490446 -0.134588997491246 -0.164699959902271 -0.213451449993236
0.236182547954918 0.0186335564436527 0.257496238724707 -0.132536181656005
0.347273998351167 0.253413392096304 -0.0978633261985252 0.059930041798612
0.183705748696336 0.287855902703957 -0.0634806959815377 -0.393703786383722
0.198016650447776 0.029205978283376 -0.112582036602992 -0.324263568675266
0.0512062948199338 -0.0495837957385067 -0.319153947919288 -0.0393082994599032
-0.00482995853449986 -0.0392484019096698 -0.0357276330036133 0.154939224018782
-0.0169021720093308 0.0456108978971662 0.0528370523520065 -0.00105079227402689
0.0779713258785794 0.0165646304292147 0.0215003834161955 -0.0844265593061328
0.0703222028268896 -0.0690843528645067 -0.0585809005493027 -0.107823309142724
0.0418404849469686 -0.0878486494374636 -0.116568661517381 -0.0792369642592006
0.0405514407210899 -0.0643213992830387 -0.122830135610648 -0.0314396489755414
0.0404286236629833 -0.0152119030839349 -0.142406500762506 -0.0198122294084889
0.00152613035162699 0.0304584481803778 -0.0872686701830593 -0.086863593058288
-0.0780259200797621 -0.0188393031058369 -0.0566970814746411 0.0264347701230371
0.0452054498597894 -0.146842611390929 -0.169785209180771 -0.180266499270774
0.174517339030677 -0.0803030761414024 0.148864528181921 -0.0781651842091383
0.319778852400802 0.185064042967253 -0.219119693437663 -0.0303791421651775
-0.198370204816621 -0.145805402351419 0.247251703059827 0.125781649798993
-0.122816660887446 0.123526488423614 -0.044171819414597 0.0423034238486281
0.0550470350400672 0.118698149634593 0.139545131865676 0.173126533315722
0.107456673989861 -0.0614801833973078 0.06420238762582 -0.0523091708550635
-0.0363669814111843 -0.119938492681386 0.0583963628536465 0.0778510399328571
-0.108903980116908 -0.024063213347081 0.121920791366957 0.033143656431224
-0.0872556092475238 0.0483344762827739 0.105702699909211 0.0449971728281711
-0.0734296031303226 0.0584826862852155 0.0972257675385684 0.102775741401669
-0.0927957409467204 0.0315342137183253 0.0275577592475833 0.141581897312083
-0.103079290755591 -0.0345271913515723 -0.0654368676058845 0.0847901443454322
-0.0149150078720965 -0.112036584031339 -0.0721785364458336 -0.0393506143886182
0.0956355592932106 -0.0176815587008122 0.0914590375475535 -0.168970100561618
0.010705543887068 0.0679003523139719 0.372652477076211 0.0628518503458059
-0.074473119648934 0.0851001663962206 0.133890075947648 0.424293220110846
-0.176899131702255 -0.119057596924871 0.0871793418813401 0.502887560087666
-0.0401918443301576 -0.073140899895155 0.247322445550215 0.154924195163101
-0.0667922132126557 0.0720192494630313 -0.0170347603717152 0.0742427105040319
0.117727598055323 0.102301663951641 0.162476983376981 0.179584619769167
0.134713831852248 -0.145816459734908 0.10175623646048 -0.0942440355919883
-0.0862896210836496 -0.196504662465716 0.0308239999872322 0.035105988801521
-0.172792407875237 -0.0494916394275726 0.0837870944471617 0.0172656834404281
-0.127642493660517 0.0257492785081974 0.0668082997615041 0.0515728350916419
-0.0961506772098368 0.0166378258999915 0.0636345815701501 0.123378760019315
-0.0926815453031853 -0.0115404294328729 -0.0115376889172413 0.158894628997233
-0.0864038511126394 -0.0552698445375087 -0.0994838378045843 0.0821957420157877
-0.0168941283693507 -0.138915901881231 -0.0908330997108513 -0.0493195430572174
0.164388488319793 -0.0577810890803568 0.0831397884997145 -0.17581620547537
0.0463736930196142 0.124943447261088 0.338146639153627 0.0378059337773353
0.0265072221218713 0.136975201067457 0.201225560696186 0.407531363562989
-0.118688852173649 0.0735928212476974 0.0938486837479447 0.531020584510843
0.129046800857332 0.0369167721330969 0.180741188075703 0.147272851435284
0.0599914073763273 -0.0173452728791731 -0.0697028770923825 0.108732349495913
0.126077805782813 0.0466664140682345 0.166647817280357 0.237140533831643
0.139367679808397 -0.203009473224046 0.17190871755278 -0.117100915955943
-0.124840402799007 -0.24077859529599 0.00694418560334228 -0.0387360077918728
-0.211934638313239 -0.0663151649712883 0.0216150474741174 -0.00941219477705065
-0.146633894394057 0.000428217786130307 0.0109396099429199 0.0510837075646088
-0.106018484271318 -0.0263169107804232 0.0205008978944223 0.122358404715091
-0.0828712141721047 -0.0563769514054509 -0.0415695423778579 0.153444678744553
-0.058530350529971 -0.0832886186745465 -0.114179347457559 0.0784363865740377
-0.00114913079393745 -0.160632137644646 -0.108688919111088 -0.0316926054800054
0.222673749744918 -0.0920924048651909 0.0154964710849543 -0.180840462499901
0.118692273894633 0.184679378334635 0.275955295971768 -0.0489527163898991
0.0794882153238177 0.178217006525739 0.299636930240232 0.295801783166999
-0.0308551111091974 0.226021655795622 0.122402797682089 0.501026279779192
0.239742349294694 0.182828513907231 0.075177921103639 0.092415744201459
0.220597296673175 -0.0221968579227614 -0.15090449175186 0.10214655894834
0.16603902153661 -0.0353382427279286 0.107683230028779 0.286659482934477
0.128409465241779 -0.240978556451439 0.228797887004715 -0.0824697290008026
-0.146152665730974 -0.248092041991542 0.00580577069944671 -0.112254772971863
-0.203682580926534 -0.0711325987019265 -0.0403136313124881 -0.0443788041150692
-0.133778416931506 -0.0274884991530193 -0.0493356627360589 0.0395838232297017
-0.0987119387151689 -0.0666562206798821 -0.0251680722977479 0.102420815969278
-0.0699342637032813 -0.0930716058462831 -0.0644790626404763 0.125265344606201
-0.0390029705388262 -0.108448830609525 -0.112882438259047 0.0672059352879147
0.0115523108349061 -0.184291114541992 -0.111884193052266 -0.00752480616001049
0.254938493987996 -0.128374575081034 -0.0747187533105042 -0.156293434409969
0.204742689584673 0.178499971595472 0.172844377284787 -0.16668414299616
0.137294551493279 0.210670467543482 0.378211078947363 0.130610759805386
0.0800324194659979 0.319725369519685 0.140602304922899 0.417553149287098
0.265396157705906 0.323324565374673 -0.0257685979128972 -0.00577246982354283
0.319285145542606 0.0652452097703623 -0.216442218384523 0.0449054168669189
0.231778004721206 -0.0708629131244089 -0.00642146090573084 0.289981980917757
0.12768664837943 -0.252461981880737 0.239685008682316 -0.0049998922275931
-0.142421760103135 -0.217567974556322 0.024937304967604 -0.149174716284922
-0.149718837921352 -0.0593317870067811 -0.0779591380661173 -0.077376676728085
-0.0892658749703864 -0.0552783006441579 -0.0942305499260951 0.0155476363516773
-0.0758409844481983 -0.0951655666583616 -0.0685950764593431 0.0644181371309936
-0.0562094558231145 -0.113153012774089 -0.0843699402744184 0.0800560336290766
-0.0335459837084613 -0.115843620748346 -0.10709630355549 0.0421978212701217
0.00278547231522086 -0.191417527565756 -0.0996216602042333 0.00145851121523214
0.233144491349442 -0.15627491621261 -0.130706799485632 -0.0959653560073553
0.249489036908346 0.0903003299008457 0.0309541005200982 -0.246257658427619
0.212298459025347 0.196423630518701 0.397082024031796 -0.0316141411348423
0.198843160052701 0.345797549030062 0.113824931691311 0.301157488105608
0.23491775075496 0.403229819687916 -0.0859616157376624 -0.135249633445315
0.335370609264201 0.153053132434103 -0.230155004823701 -0.0595476627744132
0.247541042771011 -0.0659018651318065 -0.143021235142237 0.224197715115256
0.114276909718562 -0.207886663442166 0.18763353123889 0.080593808026208
-0.105970400674495 -0.145132076069349 0.0455158465552126 -0.136220982019161
-0.0648523059566033 -0.0356878056313755 -0.0757290654902628 -0.0955937412843546
-0.0280986944610853 -0.0762371254110629 -0.109292427591162 -0.0208261689204384
-0.0405960816272771 -0.107924089502909 -0.102547832944296 0.0169238869839238
-0.0362724599035316 -0.109964150461238 -0.103707380741277 0.0336648762605067
-0.0290892854507351 -0.097222801611995 -0.110713317609378 0.0109643183190593
-0.0171421683187862 -0.157686272237405 -0.0843508535167688 -0.0189907574190514
0.143735796005294 -0.14979950603078 -0.123592502361664 -0.0339737260775383
0.222415163019501 -0.0409922145129964 -0.0978868773304599 -0.249939525584808
0.258208112394616 0.123485712678368 0.34764844443457 -0.130294329158641
0.299250552717288 0.317798400093197 0.0280194284329446 0.172198805409971
0.201610116854265 0.39670758206021 -0.0911375005239395 -0.271738182451895
0.299220087075129 0.141632793045941 -0.180741713409859 -0.193024824077697
0.168525678299601 -0.0620694560662672 -0.254216793947794 0.0939405496903763
0.0639737486417753 -0.120977943803913 0.0804422151734228 0.135115690818797
-0.0584702788928638 -0.0448919192654607 0.052451510245822 -0.0752824638875147
0.0208463889710181 -0.00732705490231794 -0.0365533289254443 -0.0934225738098034
0.0307446636225566 -0.0819421814344921 -0.0937264989233718 -0.0648520891994517
0.000100124146229423 -0.105801202881683 -0.119067729265917 -0.033790870189874
-0.00396902402046828 -0.0896007798581904 -0.119191106723952 -0.00585370786754578
-0.00829653601432026 -0.0574036970746361 -0.126542041789059 -0.0124119309686631
-0.0224228887648191 -0.0758238440591015 -0.0827788855291061 -0.0587619277419591
0.0205727492562757 -0.0966395343291972 -0.0820827678836362 0.00648472670166799
0.14531177687216 -0.134992689053225 -0.166020925771062 -0.211061019057948
0.236563250412634 0.0185336670989837 0.256792613676923 -0.132458990298059
0.346391949543607 0.251887129618493 -0.0971634122956772 0.0599736006030173
0.183011393874799 0.285858168699136 -0.0640313728554729 -0.391274182281202
0.19730650391977 0.0283594745858766 -0.111375309407281 -0.324192514020693
0.0507848242382371 -0.0497977104333047 -0.319771259670801 -0.0397927058678576
-0.00511471741388186 -0.0393949583151478 -0.0359861612814149 0.154409489799215
-0.0167356662227623 0.0456011796323152 0.0520689900625382 -0.000724400885201737
0.0780645916051674 0.015952794851172 0.0199092948460541 -0.0840053531965495
0.0691945022399427 -0.069624038267421 -0.0590961497352898 -0.106355166087932
0.0405704357063138 -0.0882025082005431 -0.117032695940809 -0.0779959180523003
0.0403459743703943 -0.06447796686687 -0.123079890093997 -0.0312393585219757
0.0408903787323672 -0.0159515687092798 -0.141363085694342 -0.018581172352072
0.00182441215434141 0.0300095818624126 -0.0882247934476045 -0.0870089908521999
-0.0780502918775612 -0.0185984415528432 -0.0557869293126293 0.025895945911394
0.0439095245055402 -0.146757914973931 -0.169889938854219 -0.178994816803998
0.173287507816451 -0.0808182453545962 0.147488528885404 -0.0782145417281716
0.318705401895559 0.18273342748782 -0.218550979632955 -0.0296674585607536
-0.198292794644865 -0.145213863073309 0.247848394759583 0.125744494018936
-0.12213713432454 0.124145614605173 -0.0442606122761434 0.0424152409461305
0.055487454405637 0.118111636662771 0.139452332399184 0.171233598737724
0.106747002583256 -0.0611188480955203 0.0625938642396561 -0.0529281329529631
-0.037073165584083 -0.120125447097983 0.0578865904572896 0.0776003407535504
-0.108329039555441 -0.0242840858124024 0.121897325417294 0.0327125478657787
-0.0868477977931739 0.0487963226832202 0.106621354298878 0.0449860307777846
-0.0727356067351157 0.0588072887095618 0.0983646527988746 0.102280220876788
-0.0932100278073823 0.0311474590417666 0.0278425998862533 0.140735149308975
-0.103070581569135 -0.0342738042006906 -0.0655870748583004 0.0841464581735391
-0.0150437019631317 -0.112457114558583 -0.072002846586845 -0.0385085292600143
0.0951993303087401 -0.0173842760458538 0.0910133518396227 -0.168326711273296
0.0103537229132759 0.0675519374599711 0.371983703207711 0.0616895593744917
-0.0750129053160105 0.0847039906163957 0.1342687658083 0.423622426149784
-0.176589742446919 -0.119302997699977 0.0890096160315428 0.502068310839957
-0.0401526321440713 -0.0733892601057136 0.248277490930201 0.153879315669785
-0.065798693059502 0.072155673157612 -0.0165191673736175 0.0745924332679564
0.118028564579703 0.103083644663158 0.163316293551656 0.179717998717208
0.134738576363634 -0.146307874699965 0.101233306558917 -0.0952497277719693
-0.0865363334157261 -0.196070218213841 0.0311397533962101 0.0351350886347442
-0.173649086695466 -0.0495261909677941 0.0841935794271723 0.0162588281293905
-0.127836438058009 0.0248462261038566 0.0681502162218364 0.0512874565771006
-0.0962889223640143 0.0169795745786946 0.0636334309556766 0.122656927686069
-0.0931419510205829 -0.0108670658621888 -0.0108594595535694 0.157881023381511
-0.0865475999949293 -0.0549330938250287 -0.0993388228978065 0.0829996897807457
-0.0172749159449291 -0.139299475670119 -0.0907726611337128 -0.0483131616842353
0.163746180383412 -0.0572798809104004 0.0829637923466998 -0.175363134209188
0.0465779601251051 0.12431181119192 0.336866966638342 0.036973312069597
0.0270476144012261 0.136707901648365 0.202469439100434 0.40704770233601
-0.118461258809147 0.0742196538625207 0.0960115974724337 0.528803370595657
0.128512159557593 0.0369419606531292 0.181287475805541 0.146635424031142
0.0600167195627712 -0.017890278323957 -0.0687963741944373 0.109187643134292
0.126505825655712 0.0471548032718028 0.167948303856877 0.234987421604282
0.138324659450282 -0.203147539389248 0.170730633715543 -0.117213347208993
-0.125817394870382 -0.239945704914172 0.00660797032888898 -0.0382543084881531
-0.211580210037173 -0.065567207544676 0.0227305109682172 -0.00971036748465314
-0.146300971118179 0.00142562762481722 0.0107589292033854 0.0507174628875816
-0.106111716241621 -0.0265450878895868 0.0211752484321965 0.122086524413426
-0.0827473174754708 -0.0561949975081571 -0.0408367699301847 0.153579289156558
-0.0583917668644455 -0.0833661503785867 -0.11291264553082 0.079143103102385
-0.00140503925316248 -0.159965613155962 -0.107206102613636 -0.0313202717188179
0.221536201579809 -0.0940048525194958 0.0159693628980696 -0.180386222518218
0.118597177665777 0.184043443127014 0.275058643820217 -0.0495964298338964
0.0799551438662942 0.177518261213278 0.300011565860934 0.29384423964491
-0.0308613878708749 0.226218098207905 0.123064651061031 0.498604159520097
0.238835369052989 0.182748531833348 0.0750289765763967 0.0923644165494833
0.220016791833656 -0.022110918379367 -0.150893493594695 0.102493718988345
0.164917582234815 -0.0358946963783983 0.108108671125337 0.28539175823145
0.12736892357006 -0.240635082749631 0.227410377810698 -0.083129251795133
-0.147273409945219 -0.246436629529745 0.00582937936388424 -0.111402771193612
-0.203177126203975 -0.0697652342901823 -0.0405191611881397 -0.0440420104986434
-0.132726028640928 -0.0271547354623126 -0.0490456893773624 0.039649085409093
-0.100076063501037 -0.06612519265563 -0.0249791060816427 0.101798149000385
-0.0699412743759582 -0.0930194391731521 -0.0632033869542146 0.124302091185559
-0.0393141874200451 -0.107477465512345 -0.112009358830739 0.0674189382089908
0.0103137327954762 -0.183828341978015 -0.111130936238972 -0.00695057561336264
0.25436926523029 -0.129401083013347 -0.074242657280537 -0.154411427352026
0.204827774348129 0.177400119263411 0.171855545305332 -0.166489000678397
0.137220657344895 0.209433862859655 0.376996389578035 0.129393153911558
0.0808042843310476 0.318376880244963 0.142111387012033 0.417385161011419
0.265096637180769 0.321537757639183 -0.0259658251799504 -0.00606514797397488
0.31741721297213 0.0648758203520319 -0.216181795991818 0.045823965970451
0.231696083239681 -0.0713855176412172 -0.00499847553156545 0.288723316836956
0.125359430859596 -0.252351419705765 0.237839147642765 -0.00505521985342944
-0.14222333584325 -0.216419934923402 0.0249931130336258 -0.149371218837516
-0.149712914899124 -0.0593292201157744 -0.0778648928850428 -0.07722020610586
-0.0888232315631901 -0.0547667864708863 -0.0937440665767376 0.0155591090090736
-0.0762205416248474 -0.093785043618584 -0.0687374156453468 0.0643445366116864
-0.0568515685173159 -0.111751391187207 -0.0829725297758798 0.0809732534062102
-0.0336197153561684 -0.114943272176422 -0.106845690810643 0.0422461122893087
0.00179617285058834 -0.190348531442024 -0.0985086373418113 0.00196543410339518
0.233118094027423 -0.15648094998154 -0.13018492788169 -0.0954162680890847
0.248925608914667 0.0889572672489456 0.0305321708237293 -0.245646508775616
0.212187585068735 0.195408420295486 0.39629254971719 -0.0337866400665277
0.200119568157533 0.345560009817141 0.113894428710398 0.299720119567131
0.235188047884301 0.401644921718565 -0.0849729448795324 -0.135138179950603
0.335652135786031 0.152162661207083 -0.230324979320521 -0.0595711376803684
0.246852823355108 -0.0663851324042853 -0.141734983299736 0.22417496291902
0.113642231130565 -0.208304826411462 0.187405444279181 0.0800991464724464
-0.106784295315062 -0.144043285968739 0.0442453919740791 -0.13586159751329
-0.0651475829974006 -0.0350603427282086 -0.0762119522429563 -0.0946338774487115
-0.028629117596948 -0.0747012304013776 -0.108998401777803 -0.021106538134499
-0.0412437251362013 -0.107595093766757 -0.101591487848612 0.0172651790738564
-0.0365735854192081 -0.108984850399537 -0.103222037813195 0.0336703590685301
-0.0296553623174593 -0.0962352286853469 -0.110460500378117 0.0112741442752865
-0.0180906944429849 -0.156811718279034 -0.0838410063655638 -0.0189808594857677
0.143892631809424 -0.149286815777535 -0.122702032124187 -0.0321871238212302
0.221877935636926 -0.0419475146752242 -0.0985435892332688 -0.24748490322675
0.257626019119661 0.122570784323327 0.346045064532574 -0.130498185779558
0.298876372301288 0.314676897444804 0.029141920936118 0.171790122261048
0.201571388362435 0.393457573747416 -0.0914528855988573 -0.270690466577527
0.299460162821308 0.140610524467233 -0.179102311815737 -0.191447534011471
0.167064534051841 -0.0615399125529728 -0.253691845860891 0.0939847420476805
0.0634581698351945 -0.12080944754789 0.0803791732363683 0.134828183199196
-0.0582848330631774 -0.0439542064366324 0.0513697091925822 -0.0752761486651862
0.0204788597147084 -0.00718557344608092 -0.0369450744927262 -0.0936409570638026
0.0295387268648791 -0.0808810575044659 -0.0939692803045697 -0.0636043261292472
8.13272356976419E-05 -0.105804464987821 -0.119204638877959 -0.0330818776857721
-0.00453231864358756 -0.089853854229898 -0.11873298680295 -0.00542356385279966
-0.00930264178330431 -0.0573599787021092 -0.12653661963529 -0.0117756611122745
-0.0230496169191088 -0.0760269456020655 -0.0816921678459697 -0.0582999828718878
0.0196495196904601 -0.0964009817188217 -0.0816914151523714 0.00640501848353454
0.144560243196973 -0.134934085828646 -0.16567242347048 -0.21077362433689
0.23621818533279 0.0172351126252794 0.255998459032728 -0.133964464055602
0.346138483843032 0.249977406646787 -0.0970875343418041 0.0598739551762106
0.183726750609173 0.282950817696375 -0.0645928895442486 -0.389457222716738
0.197213632232034 0.0273718790840642 -0.112021733903563 -0.321507960446532
0.0499187179118142 -0.0497598779815221 -0.318461853478643 -0.0381310105435011
-0.00495730235784007 -0.039415290869883 -0.034243770501822 0.154810488334936
-0.0155553340165368 0.0462961744159517 0.0514836778285703 -0.000635690856150458
0.0773210619422695 0.0166157935982964 0.0195082709021697 -0.0838268973550937
0.0690620295676192 -0.0692575304107517 -0.0588630136182819 -0.106245781560179
0.0395383322964468 -0.0868695113972035 -0.117678748022635 -0.077674610674261
0.0401677297021647 -0.0645169236878787 -0.123409597089849 -0.0307054018394944
0.0402704250369254 -0.0153518518942032 -0.141162086442713 -0.0180829733582403
0.00199185795505404 0.0294552940278695 -0.0879758424941436 -0.0861649345991375
-0.0781712291749206 -0.0177946255046229 -0.0556200404367336 0.026893037666126
0.0447097130286912 -0.146536091683196 -0.171294724413722 -0.177958021402732
0.172678383454855 -0.0806007219704414 0.146925937518538 -0.0784896157268869
0.318414951117835 0.181001155438089 -0.218291906631014 -0.0288118453486784
-0.198015404012211 -0.143626016798689 0.246506647621389 0.124966994247955
-0.121977737765162 0.124245590644672 -0.0432334827604116 0.0421876950371173
0.0556252345076256 0.117720200492778 0.140134030503601 0.169957152795125
0.106796017317438 -0.0614688241621452 0.0630002003333608 -0.0530099590236134
-0.0379659326356932 -0.119974362539127 0.0592400150179645 0.0767724412809685
-0.108328276097488 -0.0241065070671011 0.121549135436563 0.0324486377659492
-0.0867156836055801 0.0478564389983397 0.106667678165366 0.0439734633942129
-0.0721508660514452 0.0583497013204519 0.0982662036898868 0.100671760357836
-0.0928833884721142 0.0326185553043678 0.0287632613173064 0.140310623438892
-0.102782055260193 -0.0336971025803502 -0.0647486508274042 0.0844400213451672
-0.015684909751362 -0.111706569137998 -0.0714660433680234 -0.0379445897818255
0.0959363584966679 -0.017385187244552 0.0902627329761257 -0.168246257393309
0.0105459932252154 0.0670770870403726 0.371611953852146 0.061713427610366
-0.0748315371594339 0.0846461781967985 0.133845937313048 0.421992705560793
-0.175655317525605 -0.117747202453894 0.0891751338531881 0.49959176113779
-0.0406706676807049 -0.0720965744982786 0.246896050446568 0.154131088675368
-0.066285809005531 0.0720117835712807 -0.0163034515699782 0.0743809988172296
0.118115965207706 0.102186146431037 0.163143923397727 0.178020833851925
0.133228542543142 -0.146465630753496 0.100242262823845 -0.0951590072693542
-0.0869550778941123 -0.195430353013738 0.0315305946408293 0.0345836969267521
-0.173202543292219 -0.0485217902148214 0.0839969442642344 0.0159218244076332
-0.126424863259926 0.0263891978143354 0.068156234021886 0.0502872503868295
-0.0957007378044121 0.0169570572008963 0.0639599908643231 0.121550588371239
-0.0923315126863598 -0.010788665536351 -0.010587152533176 0.157981081331114
-0.0859054692906364 -0.0547915738153252 -0.0986347022987343 0.082252533573786
-0.0182054081742131 -0.138739154266615 -0.0902309679131889 -0.0479098160959264
0.163132588113822 -0.0581799710086778 0.0834681137539391 -0.175393504649298
0.0459788174082199 0.123575161716339 0.336656697064675 0.0362165746308575
0.0276888621420407 0.135887249037696 0.202463257913119 0.404986897740433
-0.11837878043329 0.074025291567544 0.0959450646351518 0.527251853828238
0.127914105399882 0.0364275811832479 0.180056409090877 0.146014119855643
0.0597367775529975 -0.0179899734391738 -0.0681309313743499 0.108465436710199
0.126570076150778 0.0461650438100832 0.168834010948549 0.23457386371767
0.13693697199763 -0.20287045490945 0.169496191437738 -0.116958357305368
-0.127006687470366 -0.239882643076894 0.00674753711206974 -0.0385870857121738
-0.210809281826816 -0.064500656537562 0.0226444793069735 -0.00965515336644087
-0.146544379189458 0.00203886907079203 0.0114494225497086 0.0500163659211161
-0.106183637676035 -0.0264113614076911 0.022038941124813 0.121058427492407
-0.0825343269077653 -0.055257105184404 -0.0398659156415983 0.153131193980258
-0.0592566137279366 -0.0826070205881639 -0.112066562755974 0.0792609841405032
-0.00272428494450756 -0.159817391552222 -0.106781713812754 -0.0311116453040067
0.220026858929623 -0.0938530623984711 0.0160186959024996 -0.179733908126962
0.118510851650925 0.183924218236108 0.274216990007966 -0.0505538657039226
0.0802582777388841 0.176365890441892 0.298043986699547 0.292146775263084
-0.0312512800154219 0.225742825535246 0.123149495385477 0.49766069203271
0.23781607652922 0.180835803685558 0.0741608741363199 0.0917344179129001
0.219109949508702 -0.0234424814732257 -0.148705192563489 0.101800327367657
0.165113284253512 -0.0363748630795008 0.10896048869683 0.284374780064536
0.125681898391391 -0.240558856947878 0.227092181013196 -0.0830672082216442
-0.148893578297205 -0.246237780606341 0.00576336817233936 -0.110688582577867
-0.20378026469232 -0.0686145748127024 -0.0397881648406384 -0.043777045845257
-0.132989144442985 -0.0258741107739596 -0.0486043982273532 0.0385786763297111
-0.0989858311608186 -0.0650109864716416 -0.0242767427495898 0.101027230735183
-0.0709467436660706 -0.0919980087826409 -0.0629835182592134 0.124773808082603
-0.0396254681689321 -0.107547279994094 -0.11189530674644 0.0674521287193416
0.00949254410119904 -0.1834412389666 -0.110264060627019 -0.00730650030508474
0.253112951228088 -0.130660184935326 -0.0738523546707649 -0.154271848905938
0.205087494939499 0.177748449735794 0.17206788703164 -0.166166231602099
0.138322663238118 0.208315838546429 0.375162942181659 0.127307765949712
0.0803962223050755 0.318187162565859 0.141163168565978 0.415242913108963
0.263061687390842 0.318535442622194 -0.0259499227935382 -0.00484274705100272
0.316382364513088 0.0637317373045101 -0.214088617473287 0.0453741813722003
0.231191558106082 -0.0708950741644109 -0.00465943656786792 0.287774008499879
0.124467443519616 -0.252280832749429 0.237416442409872 -0.00647358189419254
-0.143006244590346 -0.215610005048366 0.0242055835022534 -0.148883095433488
-0.149031982705079 -0.058480189913945 -0.0773978990020774 -0.076638120776716
-0.0890133809313483 -0.0539433436540873 -0.0931587752901827 0.0161549314032376
-0.0760410106412023 -0.0935474495904797 -0.0675003882789267 0.0649789546951819
-0.056644683758771 -0.111735199206538 -0.0828210613517818 0.0809666029963002
-0.0340501034310577 -0.114776437485425 -0.106781222219456 0.0425246527828028
0.000632349541308021 -0.1908088124411 -0.0983916314812801 0.00196905589786556
0.230929889562024 -0.155980455631953 -0.129526704307658 -0.0949815660569352
0.249031815868031 0.0884621773585942 0.0302396767370756 -0.244349979877948
0.212715955532611 0.194066132551724 0.394936794391801 -0.0340311307685618
0.199955464562133 0.343955982118903 0.114647839915669 0.298260548578134
0.235415950462134 0.401076278221553 -0.0852007527276057 -0.133844922186977
0.335087736134353 0.150652543131759 -0.228647782747885 -0.0577485676062826
0.245640322792669 -0.0662490120594831 -0.14165904634857 0.223566131760948
0.112100519283617 -0.207995427045893 0.187724750670348 0.0789046443971151
-0.107773929258597 -0.143101553757913 0.0439689898876907 -0.135418046453803
-0.0649202572831777 -0.0343884203926007 -0.0762475674593519 -0.0941626430459288
-0.0287609973658961 -0.0748886636978786 -0.109294855653794 -0.0202160114858389
-0.0412086072074656 -0.107300781982249 -0.101183489323427 0.0174793801040316
-0.0368990112398342 -0.108958339267787 -0.103012912038978 0.0336019487597715
-0.0307531394653655 -0.0951507760727354 -0.110282944983852 0.0112077311592108
-0.0181608443804155 -0.156400045074847 -0.0827839808797411 -0.0193756505755295
0.14173393368959 -0.14919563959839 -0.122425151211505 -0.0329782783576775
0.222186058622119 -0.0405860341774569 -0.0987380826623509 -0.246363671062918
0.258178041147128 0.121485176073861 0.346399389341315 -0.131604099313422
0.298592863496292 0.313323468147311 0.028569770653052 0.171951660722967
0.200093834626466 0.3923047590645 -0.0910650184404736 -0.268862037842617
0.298064360088306 0.138889285594453 -0.179718415429463 -0.190525601120245
0.166427409331988 -0.0619815661723648 -0.253402880466003 0.0940703439232764
0.0625872815933 -0.12090935902271 0.0805173168177592 0.134533380912017
-0.0592304881218558 -0.0433998702185126 0.0513093403731298 -0.0746784312892146
0.0202987298177656 -0.00654640777907338 -0.0369197565633173 -0.0925614720807849
0.0297781552198246 -0.0805950444321639 -0.0941574774935515 -0.0632364926716543
-0.000414023754075984 -0.105949205502933 -0.119515268880699 -0.0314579919120833
-0.00461007606131529 -0.0887209744647659 -0.11918541073077 -0.0053623321073556
-0.0099675163865924 -0.0570222191338028 -0.126621994099269 -0.0119582261972449
-0.0232643375783098 -0.0752790560709268 -0.0818646696452477 -0.0582161256817377
0.0195628812712813 -0.096712014191924 -0.0815568513059186 0.00672618891278705
0.143325725766804 -0.135419093539731 -0.166293675458644 -0.209161016604419
0.235924440797882 0.0169407594114288 0.254093383888335 -0.134451692258172
0.346246972775564 0.249289079852457 -0.0964982716885776 0.0600181626894354
0.182670582847755 0.282437697541518 -0.0657730886764385 -0.388689512268445
0.196852471013619 0.0272319454644762 -0.112247685095653 -0.32157737627365
0.0497849548777167 -0.0495470122369099 -0.318145369680589 -0.0380156763830801
-0.00484374549921436 -0.0390870635194355 -0.0345817896751585 0.153409553089633
-0.0161472464732735 0.0455806926098476 0.0513764798231401 0.000276814168887574
0.0770988448029492 0.0160366064705756 0.0195378555341909 -0.0837226545926055
0.0686447790797219 -0.0691082691808369 -0.0595254742032602 -0.105304777604693
0.0397391798619278 -0.0868135370968377 -0.117233064173697 -0.0762318744664353
0.0394446174534937 -0.0637255275973024 -0.123817881063104 -0.0297831106203245
0.0391820739850217 -0.0154433654993361 -0.141131232381111 -0.0181514064636094
0.00222478118016206 0.0299054396759022 -0.0876735983471914 -0.0857221747767445
-0.0788643544492288 -0.0179095238896755 -0.0554871457908111 0.0269620098088628
0.0436866079495569 -0.147156460999628 -0.170774901160497 -0.177228239801884
0.171874695911137 -0.0814524417617405 0.146451937786024 -0.0786817286179199
0.317501335424361 0.179762878716707 -0.217313839715869 -0.0287508630505573
-0.198401130389182 -0.143449033264867 0.245958912624716 0.12436666318773
-0.121081024084555 0.123911971676958 -0.043332112461662 0.0426916365815115
0.05584888062147 0.117386388678334 0.140366731097844 0.169710620612489
0.1065440798669 -0.0612090262254999 0.0620809117754136 -0.0529028017142876
-0.0379936316577564 -0.11967866908552 0.0597733471770753 0.0765547405627488
-0.108075340541296 -0.023725578358479 0.122303643233112 0.0322451799252024
-0.0858886237176203 0.0492227830110143 0.107212913116043 0.0430266994151351
-0.0720979436356896 0.0577860010437811 0.0985898645673402 0.0995453142384877
-0.092646916131589 0.031910953747959 0.0293627364778119 0.139872683118007
-0.102000666658087 -0.0330076978672957 -0.0646484753737404 0.083808924360784
-0.0169364799912684 -0.110847455066831 -0.0707042455182779 -0.0379413908229863
0.0949889808636675 -0.0178148643609505 0.0901793807942984 -0.16847811926682
0.0108230565652528 0.0669124196605356 0.372088659405868 0.0606752153565743
-0.0736848439456966 0.0843689137135726 0.134838327048698 0.421206857619022
-0.176593106560311 -0.11655171969975 0.089716343844994 0.498678576243223
-0.0402959722806408 -0.0726637403079659 0.247051760509205 0.152994413858884
-0.0656171111257725 0.0721238571097006 -0.0157064857176675 0.0738713219544772
0.117513955629487 0.102178840880839 0.163902162474506 0.17697293760997
0.132601218841584 -0.146227270387236 0.0994179510270499 -0.0952856254374652
-0.0884083122882318 -0.195660859450965 0.0310748389616573 0.0352217367758748
-0.172904646636315 -0.0475674726129916 0.0847885198676627 0.0162913194231502
-0.126877938211534 0.0268037758838913 0.0686708014679226 0.050585989115406
-0.0959510602103051 0.0171368631427749 0.0651271663497819 0.120905844991872
-0.0930753531850518 -0.0108700366726651 -0.00967446872184075 0.15754185735738
-0.0865033557901624 -0.0538550365333903 -0.0983299371272083 0.0830091871069137
-0.0182276069120184 -0.13832712136121 -0.0898392873512927 -0.048021228488963
0.162207601545211 -0.0581771646453259 0.0828321781198405 -0.175055064900003
0.0471137515888345 0.123253260147996 0.335311272576315 0.0353392196127183
0.0277753093057149 0.135720413255861 0.202724209825211 0.403776214674361
-0.117757671467986 0.0751746262647506 0.0966270226130253 0.525708511184627
0.126925788303024 0.036442359227447 0.180591996073691 0.145609279274136
0.0593192780395382 -0.0180485530500745 -0.0681396428153315 0.108715088188497
0.125758920785151 0.0456584595734695 0.168504327491796 0.234073957328999
0.135605366490548 -0.20321558925923 0.168958239678752 -0.117847226225866
-0.127514725771462 -0.239356609183422 0.00673932116985295 -0.0380175549068506
-0.211778835853456 -0.0634193974853319 0.0226495041033493 -0.00865701528397891
-0.146370467196791 0.00268710478855621 0.0118059042504888 0.0495897280781183
-0.105906474323747 -0.0248856811553621 0.0221923456931405 0.120704165510521
-0.0827449069605669 -0.0547202612268347 -0.0387865709135366 0.152216534055484
-0.0598808446236454 -0.082260085592304 -0.111431992466102 0.0790178732047203
-0.00327650877621299 -0.158622171788549 -0.106221145388624 -0.0306687345631856
0.219408880417232 -0.0947726745858811 0.0159784229914988 -0.179700184568891
0.118975473520819 0.182370843767581 0.273320719129384 -0.0505709100454194
0.0801930734827194 0.176021015445222 0.298688401466014 0.292653228009149
-0.0294850273924968 0.225350110664249 0.123911432947544 0.495923452319207
0.236388269705952 0.180348052599176 0.0744806379419204 0.0915867770859428
0.217917016148567 -0.0232436700528689 -0.148697558864875 0.10270801005016
0.164956506712958 -0.0365213748362187 0.109004635513236 0.282363745509438
0.124772163953514 -0.240968300765156 0.225288626393209 -0.083468695002963
-0.149032937429282 -0.24491847090332 0.00555995747462057 -0.110376364473006
-0.203208589801774 -0.067892630207815 -0.0401643262517424 -0.0426859159909203
-0.133417343250329 -0.0256255091052528 -0.0481781374984691 0.0397849715344289
-0.0992782335188226 -0.0646013378147481 -0.0237082640075591 0.101000601488508
-0.070934444251371 -0.0911369992401786 -0.0627118339567644 0.12503991839583
-0.0404046041289061 -0.107079940721414 -0.110919869875799 0.0680554330434972
0.0083741786301661 -0.182572445116023 -0.110110344872925 -0.00706110415849547
0.252553628247841 -0.130455830559535 -0.0733699787476044 -0.154080093515811
0.204968600469672 0.175955696589453 0.170459134446056 -0.16523363890272
0.138183561228064 0.207774868981621 0.375192460207007 0.127541567835889
0.0809729956485102 0.316934713841664 0.141639596578889 0.414332735595856
0.263514249692076 0.318908362798849 -0.0256469367121248 -0.00553462820268613
0.316774513423264 0.0640813789488168 -0.214040741694452 0.0456008254650728
0.230821271148645 -0.0720137160690505 -0.0043924673321204 0.285775712457916
0.123635701715579 -0.252541735716802 0.236767864480907 -0.0071029096150678
-0.143417075641433 -0.214932578216921 0.0235968532769498 -0.148741796207199
-0.149713614392979 -0.057747380351736 -0.0773205069032934 -0.0761295564519765
-0.0899118001332261 -0.0539017512344556 -0.0928423577157787 0.0156503626736245
-0.0759546818030887 -0.0923577416421713 -0.067527299020748 0.0646728031406089
-0.0572947089212617 -0.110094289852402 -0.0829281589660502 0.0806851609685509
-0.0345703383897332 -0.114150185124728 -0.105771690339027 0.0426691228262738
-0.000704710887961195 -0.190379829312355 -0.0978166002188951 0.00146381305741499
0.230076138175992 -0.157342266890458 -0.129615621601808 -0.0940664912354712
0.248641566306137 0.086865529281357 0.0295856114516029 -0.243684694546159
0.213018356388358 0.193255907997888 0.394211344122111 -0.0342319986683475
0.19889477990271 0.344648340703029 0.115183659879298 0.297818377389715
0.234985405142511 0.401500628677249 -0.0845874724632978 -0.132303334201498
0.33502109637151 0.150085320243682 -0.227839923506793 -0.0576576492809575
0.245550057510823 -0.0675670910782326 -0.139934279988272 0.222450686259791
0.111702084003471 -0.208200468381995 0.186459860672193 0.0787675534852445
-0.108239820368087 -0.142493169439837 0.0435502730198655 -0.134684791230638
-0.0656922733114756 -0.0343748120118592 -0.0756423859621234 -0.0937172294261917
-0.0290095966473176 -0.0743588563009055 -0.108420342606569 -0.0198838921451276
-0.0421140580721 -0.106788212117197 -0.101455228670045 0.0180252510555868
-0.0370181747566788 -0.107750300836049 -0.103051582182962 0.034081303783133
-0.0310665795433711 -0.0951429038735392 -0.110432773750061 0.0117810185128736
-0.0193109465629415 -0.155853535201566 -0.0828439972935857 -0.0189917019232175
0.141389433963544 -0.149912142309117 -0.12098970273141 -0.0320099324396836
0.221350573501788 -0.0424164126013411 -0.0985837129844127 -0.246952700639541
0.257409521794488 0.12120307949817 0.344127017004946 -0.130620965148247
0.298216907710129 0.31263959411627 0.0298159305309619 0.171664088164871
0.200121490596068 0.392117291675529 -0.0909054729322045 -0.267355072084169
0.298041615628084 0.137918020945172 -0.179176120902348 -0.190109314087555
0.165743138232526 -0.0630977504453948 -0.252897495967845 0.0933235247522083
0.0629246029216057 -0.120599918563663 0.0800603765117919 0.134069419356391
-0.05970311797329 -0.0429183757614312 0.0508858815682778 -0.0737620900067425
0.020118449236187 -0.00664204899862499 -0.0372671004851282 -0.0926391345753577
0.0288906971088705 -0.0808779112085694 -0.0940839931085325 -0.0629957229731773
-0.000514692149076097 -0.105065226117222 -0.119811319145639 -0.0314200945799045
-0.0057015863881249 -0.0885018940592222 -0.119084083474495 -0.0046572412558404
-0.00917006041187615 -0.0567034734018568 -0.126309347738574 -0.0110522189106528
-0.0237050463904307 -0.0748493211504581 -0.0823654693618583 -0.0572946848374861
0.0194094971577341 -0.0966434945498509 -0.0806264869804895 0.00670656664445737
0.142754786194676 -0.135847403453944 -0.166422955627093 -0.208208347865384
0.234706217178459 0.0158921365690678 0.253274322359721 -0.134029516362631
0.345460245444321 0.247157042576049 -0.0961545521499263 0.0604144857900564
0.183195600911662 0.282348977434911 -0.0655583686987675 -0.386655014397452
0.195923456496163 0.0268493044511362 -0.111829333770203 -0.319985291538302
0.0495232538284868 -0.0501480175404559 -0.316624845384256 -0.0377499211904151
-0.00435371678279179 -0.0396446294920262 -0.0338813328323447 0.154460194559526
-0.015964695842882 0.0461700982439902 0.0504912952893283 4.31729627988566E-06
0.0769922941301247 0.0155463593864916 0.0191838843325897 -0.0833315305944833
0.0674852204899167 -0.0688314941446387 -0.0603278902591731 -0.105140044138411
0.0395983644776484 -0.0876676778964919 -0.118558109479837 -0.0750513266560081
0.0400394904420785 -0.0639134423040461 -0.123722724530167 -0.0282535635262886
0.040134615242933 -0.0151788300540298 -0.140784190771014 -0.0168265925943334
0.00192411040576168 0.0298155191421545 -0.0870769567900715 -0.0854302220071642
-0.0779605323631359 -0.0177729511893696 -0.0547782822602117 0.0274756210113069
0.0425448585956018 -0.14522349207506 -0.171316176848898 -0.175957793129469
0.171738859130241 -0.081529015727868 0.145871832125198 -0.0792978211719582
0.318620575608837 0.180398873898827 -0.217618501985188 -0.0276552198266516
-0.197502911693486 -0.142587270559112 0.246017961588442 0.123471789102497
-0.119635410294709 0.124141897081962 -0.0424260027785547 0.0423542407170075
0.0559252121892756 0.117145080841626 0.14157858605917 0.169443243519033
0.105216279024946 -0.0623056374679456 0.0622923396713246 -0.0534409782778341
-0.0385659451487345 -0.119685128100295 0.0599999311383823 0.0770631083414891
-0.107703073195823 -0.0238150397852785 0.1219972421694 0.0321161040987759
-0.0858440356262899 0.048857442252642 0.107006379349029 0.0425020778028147
-0.0722192466226396 0.0580657935816818 0.0981015453166015 0.0990771963225016
-0.0923446436969028 0.032256288522512 0.0301480459683221 0.139120196661242
-0.102703476522979 -0.0325315290157083 -0.0635274664427402 0.0843612785185134
-0.0170162840927952 -0.111053174186555 -0.0704509547215372 -0.0384495570330382
0.0947647360131744 -0.0188576033132563 0.0891151886303916 -0.168162316760988
0.010609392690783 0.0671947309870992 0.370888290843649 0.0605072361466739
-0.0740470651064758 0.0848303485294744 0.134798316037212 0.419555303235351
-0.175811628556214 -0.116291343584653 0.0906103931355653 0.496651431037332
-0.0409082782800595 -0.0723286097460938 0.247000554837787 0.152268931043774
-0.0646846055454082 0.0714189787149191 -0.0153137936351695 0.0739569061592713
0.118303043486225 0.101540052080231 0.164031596083705 0.175589934981024
0.131164371564775 -0.145962290343622 0.0992280856147125 -0.095704039926765
-0.0882307501298555 -0.194945559119573 0.0317816140322365 0.0347456688854138
-0.172338043156926 -0.0475994097214012 0.0847468861428627 0.0163363754736257
-0.126103830587293 0.0267876204193979 0.0683065376917182 0.0492626812300077
-0.0947569523396512 0.0173408179558413 0.0658709340491821 0.119424085977779
-0.0925296194098831 -0.0103956289860313 -0.00828988675524293 0.155643022707779
-0.0864136109970815 -0.0538469844835928 -0.0977663925452398 0.0830079017551341
-0.019726653558027 -0.137100279419157 -0.0885579472774236 -0.0477733480267845
0.161566722427082 -0.058202933991956 0.0830354191369009 -0.175533711165124
0.0472137752758869 0.122461424637733 0.335709790221161 0.0357177640831568
0.0277490790525958 0.13503309943119 0.203066546749719 0.401866824974271
-0.117510891272432 0.0743527754519141 0.0965538180650198 0.525214352597972
0.126031726641997 0.0361472348070409 0.179055901843022 0.145149207429943
0.0590993911120156 -0.0178356251251677 -0.0672405394156302 0.108524342624515
0.126409162848067 0.0452452563844184 0.169522230367863 0.232108475890831
0.134873375031113 -0.20222044221732 0.168317523744074 -0.117328551020824
-0.128631539602108 -0.237464588837634 0.00682769043747372 -0.0381279849789668
-0.210739339118158 -0.0629989337823012 0.0230362347218539 -0.00902996916300565
-0.146002845710262 0.00272317548539883 0.01295589205863 0.0499648730139674
-0.105736223696919 -0.025372471923178 0.0227323406624895 0.119841898506855
-0.0827254550768523 -0.0544091398088754 -0.0382730342168636 0.151717704906958
-0.0600794113905152 -0.0819158007502077 -0.11120558026943 0.0796121191302687
-0.0036547023578153 -0.158668616484426 -0.106208854556874 -0.0315736654492653
0.219694144429229 -0.0944706093580601 0.015586328935562 -0.179001262784161
0.119874121892383 0.181834515486469 0.272238570977334 -0.049789123030139
0.0803771813323815 0.175274139241627 0.297888201470537 0.291052920835855
-0.0306855178214604 0.22569996923663 0.124128776125917 0.495053685501841
0.236575956592958 0.180362148837076 0.0741791413800057 0.0919698174855905
0.217470987065964 -0.0232398487402996 -0.147940035436718 0.101905892528076
0.164321703678599 -0.0383349228787761 0.109895246677863 0.280617085209429
0.124125499110737 -0.240932612160154 0.224576129414809 -0.0837553287079866
-0.149361178453541 -0.244586634601411 0.00605475373602351 -0.110426911246232
-0.2032662644434 -0.0668104617210793 -0.0393711975418052 -0.0426859972325235
-0.133203093385109 -0.0257890360069482 -0.0474081470662884 0.0399111306216905
-0.0993184390323554 -0.0633011037542758 -0.0233613106385549 0.10031566743684
-0.0710549828296001 -0.0909097155980924 -0.0613610391083321 0.124648357507266
-0.0411216438293409 -0.107020832546775 -0.110963309261517 0.0686525044073501
0.00723382560244068 -0.182923262657971 -0.109249795590541 -0.00705707776884567
0.251884039708845 -0.131161540213837 -0.0739296481449928 -0.153575936627502
0.204974610065914 0.174899528725389 0.17011989085345 -0.165194031344796
0.138182070509721 0.208409747866594 0.373788544964457 0.125917666434656
0.0804186905949912 0.316479485858738 0.142217497309835 0.413343615806451
0.261990338769587 0.318976617912339 -0.0252796592510699 -0.00508598887123744
0.315260836434652 0.0620971563984266 -0.212500502840459 0.0462208367535097
0.230695936608001 -0.0725203360283798 -0.00308872147377663 0.284859899509533
0.122029269746486 -0.251650812208916 0.235358206336477 -0.00699892074596813
-0.144124569544626 -0.214323533118146 0.0225936708362337 -0.147534648717822
-0.149609158937858 -0.0566791879532612 -0.0773165686547308 -0.0754880762811457
-0.089625725543958 -0.0526480525008755 -0.0923914384751989 0.0159194285380227
-0.076785730695394 -0.0920329143448987 -0.0663219846019175 0.0645778861343858
-0.0576913307965806 -0.110067648394526 -0.0831087268553672 0.0809001518944916
-0.034798392724953 -0.113988677626269 -0.105596415172402 0.0422095097567874
-0.00100503514463685 -0.189513663052553 -0.0965603544688041 0.00123492744860027
0.229906706798136 -0.158424334118973 -0.128280323360469 -0.0931947983506412
0.248379262773825 0.086775881422595 0.0295990831128973 -0.242134170383017
0.212941998199705 0.193146409895969 0.39188357157531 -0.0352581054045398
0.198521681613453 0.341848924089813 0.114974688817235 0.296579618132016
0.234683128341756 0.396103914248477 -0.0851906135918561 -0.132787175361657
0.333581005777156 0.147792465830177 -0.226848428025415 -0.0584561548087312
0.243866394301239 -0.0672377667030043 -0.13913016034738 0.221279013521897
0.111942904605388 -0.208045732243216 0.18651280629291 0.0781090725596754
-0.108081518545171 -0.142152830442902 0.0430951456216552 -0.134204735726752
-0.0657711802838765 -0.0348007180277711 -0.0752715674332385 -0.0933871946709816
-0.0292520854607397 -0.0736418463841979 -0.108377618364027 -0.0195119309570615
-0.0426251573130705 -0.106322221256222 -0.101318586909228 0.0189397404931039
-0.0380465959244815 -0.106956530771014 -0.10245403822775 0.034720853877536
-0.0314035984681922 -0.0946569635468446 -0.110009529060527 0.0116189611623295
-0.0204155547755048 -0.155214166072493 -0.0827400450045094 -0.019487982660083
0.141000437290339 -0.150729168626497 -0.121213994696686 -0.0318223854006353
0.220443020489769 -0.0431411403105208 -0.0989492021977167 -0.245418438858678
0.256866123843434 0.120043653923763 0.342179568892681 -0.132145294641707
0.296300869615049 0.311234997622843 0.02996784397795 0.171213270555998
0.200409384610414 0.389098198308607 -0.0911884631360609 -0.267020576453778
0.296831681345813 0.136326230387682 -0.178018263674326 -0.190502879142207
0.165732723721268 -0.0631653496081373 -0.251248540801405 0.0933790835347973
0.0621433816184049 -0.120582876018275 0.0805028272914933 0.133667244656802
-0.0594405617651781 -0.042303758395982 0.0497312436211504 -0.0735122786631933
0.0197151244402298 -0.00584320666217323 -0.0372557383602185 -0.0918214355068586
0.0281963417043771 -0.0796552094306461 -0.0936586121686456 -0.0621758406979695
-0.000823360965537692 -0.104705796849248 -0.119317418551892 -0.0307837790033335
-0.00674137787254387 -0.0885558582022952 -0.118908645372147 -0.0031648025018317
-0.00951301043354438 -0.0558784256368082 -0.126486373581783 -0.0106825315788755
-0.0238737337003653 -0.0742727537942442 -0.0817301469548249 -0.0570642308650473
0.0186953686774899 -0.0966489400644669 -0.0805368678139737 0.00714613217339832
0.142484274068326 -0.135361625884544 -0.166463149005329 -0.207608873066055
0.235005233817544 0.0156458690266489 0.251647165098924 -0.134404705383738
0.344195240466318 0.24515931388519 -0.095607001023263 0.0601864233287209
0.182998378350374 0.280550078636624 -0.0651299675258204 -0.38525283617426
0.195422286702211 0.0265164277332392 -0.1106533589467 -0.318851625732979
0.0489477743020979 -0.0497932994464145 -0.317108222217018 -0.0382737067589486
-0.00449416205780677 -0.039412834437206 -0.0339031881421405 0.153845569105587
-0.0162019023835494 0.0457578508477578 0.0505556548655374 0.000873890547076682
0.0768328109448938 0.0147636584469112 0.0190145378001539 -0.0837962961073032
0.0674031765026026 -0.0691323027599954 -0.0605696469880455 -0.103668412718695
0.0394231251019373 -0.0869450349442399 -0.119050980986443 -0.0751631485114572
0.0388853789530281 -0.0642709168186978 -0.123676900179478 -0.0288454691246905
0.0397549608462581 -0.0157651198184748 -0.140851960645394 -0.0170221516839502
0.00219790844409608 0.0296087236227894 -0.0876520553375017 -0.085137112136086
-0.0787403050315053 -0.0175438565251959 -0.0543007716865881 0.0277919410327479
0.042461341768784 -0.145734575093397 -0.171655399491669 -0.174301759113578
0.171483196979073 -0.0820500240928173 0.144648534770376 -0.0789735318699987
0.31689736253975 0.178584522629491 -0.21641673364183 -0.0267196141863417
-0.196925490190718 -0.14280132693034 0.245663906894476 0.123045793557281
-0.119982466250273 0.122872349220842 -0.0428977678664281 0.0432254933098445
0.0560102679551238 0.116547363874197 0.141635554812122 0.16772107475914
0.105102747572766 -0.0613698896126484 0.0620870032737817 -0.0538757545309358
-0.0392945973711492 -0.118935359429106 0.0590844797790848 0.0766570095426734
-0.107242256000582 -0.0230238679214634 0.123038599230738 0.0320712248997994
-0.0852787726630216 0.0482766034743362 0.107375099016893 0.0411484813255595
-0.0716605281224316 0.0578070389601884 0.0986876429424487 0.098312879868291
-0.0924759531971093 0.0331606325972862 0.0307404917206356 0.138178071891984
-0.102957620755956 -0.032042034615955 -0.0628330313415533 0.0840991224331478
-0.0170416739070421 -0.110666701335853 -0.0694781492456494 -0.0373576846205819
0.0940472987631981 -0.0179458670477516 0.0887857875116891 -0.167681712393174
0.011245772638776 0.0668619676731827 0.368338887897628 0.059536032021394
-0.0732486393974229 0.0842147411105939 0.134114390755687 0.418683729432847
-0.175589694725352 -0.115200595541003 0.090931107805136 0.495567647453849
-0.0416746411787966 -0.0722616870302278 0.24617428939871 0.151996163901229
-0.064288168796293 0.0717951000485111 -0.0151825015677826 0.0739489630460083
0.117841616640737 0.101840007534688 0.164446108184765 0.17541790138865
0.130206431538247 -0.146149924567287 0.0984720690453054 -0.0960237337771322
-0.0896475339957286 -0.19539920974858 0.0319328640583091 0.0347357413263824
-0.172850514889651 -0.0463901193811718 0.0849694581700639 0.0160081762545289
-0.125800529990694 0.0267148836415322 0.0689578572213008 0.0490674515470712
-0.095101460424943 0.0170938923183476 0.0660374170552799 0.118632073577734
-0.091989453752683 -0.00978135278884864 -0.00737773921095264 0.155825515863226
-0.0868587600089877 -0.0531520988220478 -0.0970730811557973 0.082899765396725
-0.0190914602199433 -0.137458506321663 -0.0884234259661254 -0.0475002973074797
0.161244722094581 -0.0585561739460311 0.0819496399405942 -0.174665176528393
0.0472883050749468 0.122646572114614 0.33527621134193 0.0356154343451171
0.0274055682884268 0.134697608310825 0.202258377502857 0.401423591819691
-0.117286620570911 0.0745549234398482 0.0957957680423078 0.523086005969128
0.125591623448538 0.0364824899229349 0.179121182486949 0.145169541053409
0.0593261326124566 -0.0176164649132469 -0.0663748693749118 0.108627320262077
0.126553371347209 0.0455281061758752 0.170036118431779 0.231864080488884
0.134458736217147 -0.202593303089079 0.167294934992038 -0.117971906638475
-0.128982035065212 -0.237787982109203 0.00593732718006399 -0.0384001481666749
-0.210400846573567 -0.0623188091862202 0.0229644590494334 -0.00871160210896085
-0.145109072865191 0.00299558136923491 0.0124688081759084 0.0493089992643564
-0.105987488324714 -0.0250547931973091 0.0231560915067044 0.119125784380347
-0.0838922607147254 -0.0545580104867938 -0.0377106317963012 0.151596190301965
-0.0603870781000611 -0.0818549303193271 -0.110751607934861 0.0793505344359181
-0.00373756326857526 -0.159426202941174 -0.105023520798891 -0.0302697680580024
0.218632672248644 -0.0948460396762686 0.0151633236112304 -0.178456915821316
0.119383541770473 0.18171706301587 0.272106368625928 -0.0507051648324592
0.0796472767409965 0.174471835889899 0.297558237357955 0.289168747650316
-0.0300946097076176 0.22489336033971 0.123408883122677 0.49342851093566
0.236254706424972 0.180431072399437 0.0742229212523065 0.0917711653424097
0.216343972207961 -0.0244059797601346 -0.146871842051353 0.102219470789328
0.164134172575285 -0.0375597562204628 0.109385274555763 0.280332122255423
0.12347019934933 -0.24061939732148 0.223967777250546 -0.0836201410348432
-0.15026371981886 -0.243752276015993 0.00590568756860213 -0.109651085548994
-0.203098753353364 -0.0659711912748982 -0.0390037946025273 -0.0429876757499179
-0.132287508737606 -0.0246321460164149 -0.0466362014253825 0.0399991722400949
-0.0990678134066284 -0.0631506337591549 -0.0225985164367958 0.100551975987544
-0.0712402850663904 -0.0900163068964101 -0.0606851796783275 0.123098634836218
-0.0411960024779498 -0.10663889277619 -0.110730102118929 0.0677956636208833
0.00724162642248986 -0.182295634391212 -0.109049170522495 -0.0066231164480741
0.251052711077421 -0.130753482974415 -0.0737806241447282 -0.152802339010218
0.20523303771809 0.175001676898068 0.169764182802429 -0.16458868350378
0.138490028550764 0.206324332082648 0.372988449272158 0.126108593058821
0.0811788677798581 0.316328878611172 0.142375174133131 0.412261282231579
0.261828708832896 0.316230238742605 -0.0254710311249093 -0.00533925045206311
0.314779007056309 0.0621596321956905 -0.212165180021987 0.0464169384008246
0.229748367707262 -0.0722657744280686 -0.00355964572394852 0.284431897010125
0.122203117838395 -0.251806776166651 0.234452591787842 -0.00641264866094753
-0.144695684196692 -0.212152856373272 0.0223268824443394 -0.14750871749303
-0.149970554598794 -0.0560224208672957 -0.0775547795270752 -0.0758518572674231
-0.0899478172233181 -0.0524669735806829 -0.0920313404851161 0.0170513416430907
-0.077500378701553 -0.0915942466753128 -0.065975864857683 0.06470889335991
-0.0576990379493135 -0.109094414166026 -0.082164001706471 0.0808359411092973
-0.0356859771229739 -0.113656055948026 -0.105610541179788 0.0433045200331062
-0.00212465511239355 -0.188524805748057 -0.0965213971267902 0.00161701295173245
0.229292926862786 -0.157583521058553 -0.127612731185497 -0.0926988044354169
0.249005576950022 0.0864928365424245 0.0289101016220886 -0.241712078096759
0.212553017340861 0.193120119670202 0.391689374366913 -0.0351190932748595
0.197455648564663 0.3418543540865 0.115001366417735 0.295282665156044
0.232361156263437 0.396523020529602 -0.0838489080680537 -0.132009255239187
0.333862074437832 0.147388487144838 -0.226371365249333 -0.0575273459118515
0.243326792270045 -0.0676211144158882 -0.139871872166706 0.221689182052363
0.110032291210215 -0.207871587090987 0.186063885111293 0.0779867499411548
-0.109524649026905 -0.141036278572126 0.0416857803231712 -0.133891701797539
-0.0668256113743472 -0.0337131242153123 -0.0755526224976733 -0.0925869393330727
-0.0297122806299177 -0.0733200084072718 -0.107770562451759 -0.018725065341616
-0.0421113510133691 -0.106071848662077 -0.101035665797857 0.0190450448119483
-0.0388371555594989 -0.106648605468367 -0.102505941582389 0.0345667346571142
-0.0316101721579874 -0.0939723183297729 -0.110313276333798 0.0113657268599283
-0.0210561559853848 -0.15519607885476 -0.083236434123169 -0.0194004462075792
0.139890091816225 -0.150058742017481 -0.120302151036403 -0.0317271963496027
0.219800814246452 -0.0420891729467084 -0.0989962087620162 -0.244324637261857
0.257115392957499 0.119909627128621 0.341034872346622 -0.132227860491701
0.295459832864369 0.309443118803336 0.0295747891688551 0.171068658017663
0.200402611185326 0.388667683066526 -0.090691207526537 -0.266823234938968
0.296802188502121 0.135876249562079 -0.176953670256262 -0.188759636069486
0.164017464526733 -0.0626111136722753 -0.25067052068384 0.0932567452852356
0.0618052801949253 -0.120932895886939 0.0800166920572421 0.133523660364592
-0.0594752811984145 -0.0426788418661874 0.049309302469136 -0.0733120767052351
0.0191779089473475 -0.0074524186857647 -0.0369272537172393 -0.0916665838145904
0.0285250519838418 -0.0805143973113364 -0.0931985818377985 -0.061009087624456
-0.00134512763357966 -0.104852581514562 -0.118742167024414 -0.0294171032178492
-0.00547195180995322 -0.0875784222523588 -0.119774415416179 -0.00301800585697974
-0.0101528854575349 -0.0561578523683917 -0.126035955224688 -0.0109662622164234
-0.0234852964977867 -0.0739225540245096 -0.0817319134579362 -0.0576620786281632
0.0184190318395759 -0.096316506397205 -0.0799373259840725 0.00771635373389153
0.141472732173373 -0.135458300941062 -0.166714429076258 -0.206283003423801
0.234796546742739 0.0151882651694727 0.250969470074414 -0.135236968134613
0.34312126147126 0.245997455079101 -0.0955818960785475 0.0597936696006278
0.182242958809322 0.279494344097127 -0.064213885438203 -0.384245145522769
0.194599620620398 0.0252327720091816 -0.111461250617807 -0.318491661642143
0.048788048866529 -0.0496373178045787 -0.316381536525096 -0.0379439875105458
-0.00453190278523549 -0.0399212786366224 -0.0333645140921152 0.153574861884355
-0.0159934152847183 0.0457502351648524 0.0494761416884721 0.00037536327875847
0.0766236043246643 0.0151593664881781 0.018062416217225 -0.0833581757340192
0.067307577294747 -0.0696376003459447 -0.0607068593810857 -0.103732442947977
0.0389159717795423 -0.086949109610779 -0.118728830669033 -0.0742703805392498
0.0389073822680842 -0.0635077530124349 -0.123833769043744 -0.0282103205307553
0.0394658961856955 -0.0155801909524733 -0.140608541410656 -0.0174370095414751
0.00239335007777742 0.0299130432796936 -0.0877916084046032 -0.083969862615213
-0.0781487753648788 -0.017236958342662 -0.0539780452958968 0.0283137267324058
0.0421913921161506 -0.146227226830004 -0.172261904596365 -0.174588183635204
0.170091311028416 -0.0813693785895829 0.144331787766552 -0.0791770784452349
0.314871723258328 0.177205000008603 -0.215899091503941 -0.0274330628663747
-0.196724124387555 -0.141448442619233 0.244223056049566 0.12359925543417
-0.119702056110617 0.123227970107674 -0.0425773264044888 0.0423563179510022
0.0561192352690065 0.116549460687556 0.141699614247959 0.168372825104051
0.104186434124292 -0.0610240860260273 0.0608812277012963 -0.0532573359163619
-0.0393644927737659 -0.119623183678862 0.059651340631108 0.0766563569517929
-0.106799497561719 -0.0232973947285379 0.122973195319854 0.0313111328850461
-0.0849120437963312 0.0498762955264462 0.108084090454839 0.0410461313754788
-0.0714766076761113 0.0576302958149561 0.0986271602828704 0.0977730835392395
-0.0923628477781761 0.0328275350457202 0.0304534199442548 0.137067838464923
-0.10256615094361 -0.0324092187368469 -0.06259242905816 0.0850853852711921
-0.0172860169131706 -0.110819502259309 -0.0693109067803711 -0.0379933040122874
0.0937362369717579 -0.0180549436698581 0.0895384366242265 -0.167799604023422
0.0109879144139294 0.066184567062222 0.36964620675743 0.0597790569764019
-0.0736922589149304 0.0846060581851137 0.134194214064795 0.41808033869322
-0.175268626456107 -0.115997116662218 0.0892218728524239 0.494463613144707
-0.0409037806559056 -0.0719854985520546 0.244786991561961 0.151761009015668
-0.0655974472142334 0.071772739900347 -0.0152787255163146 0.0737781593575947
0.118199833512977 0.101492787398573 0.164444204734549 0.174923907060407
0.130394594633461 -0.145947023036394 0.0980994459762604 -0.0955063261045893
-0.0897352484338098 -0.194752793353461 0.0324373278988657 0.0348742031554076
-0.172710799249516 -0.0470283266194213 0.0847646576966803 0.016302729810178
-0.126087626439701 0.0267490334680707 0.0692602938140866 0.0481921262652317
-0.0953397886311438 0.0170958645659717 0.0656057141820075 0.118127615035951
-0.0921464232589391 -0.0100060929345055 -0.00774784340887173 0.155998412102536
-0.0868918652260969 -0.052595053300422 -0.0968194366088592 0.0830974663381588
-0.0199543568430106 -0.136910637134116 -0.0884280280345931 -0.0477008433579302
0.160386679962137 -0.0581516930246926 0.0822650439587505 -0.174745819492125
0.0475783449155251 0.122152930772703 0.334597522238346 0.0357286117782883
0.0274407817093633 0.134498726214997 0.201906225742355 0.401073437181791
-0.11763122243652 0.0748105382140583 0.096017651888693 0.522696954703641
0.124914882039024 0.0354014169429281 0.178798198951207 0.144842672939551
0.0585958691251837 -0.0182797096419136 -0.0668728975483689 0.108243816771332
0.126324594758581 0.0452183562206999 0.169154511505589 0.230172900923395
0.13435864644105 -0.202754684447631 0.16647750963086 -0.118307836480621
-0.129040378405321 -0.237426614560255 0.00636232563496726 -0.0382851637545061
-0.210564798908953 -0.0620249369947897 0.0242354992786038 -0.00847591562468115
-0.146072211373851 0.00366797330536197 0.0128672151105712 0.0493321286129569
-0.106485903691593 -0.0248255881192372 0.0235882052008829 0.11838019924158
-0.0841294704650943 -0.0543515918323098 -0.0369290715000633 0.151004836798204
-0.0605482021349685 -0.0808662249833616 -0.110394358599845 0.0791222673441111
-0.00439754540192763 -0.158846186160831 -0.104188076675596 -0.0307681663715311
0.217439774716847 -0.0951969377356547 0.0153984942415176 -0.178480017487467
0.119851802495152 0.180422630460644 0.271776843786845 -0.0497482456952459
0.0799334981745117 0.174240876018502 0.29645056331524 0.289786980219159
-0.0305117791430714 0.224665972445569 0.123700039925981 0.49176537074392
0.234583632742129 0.178870961766939 0.0742846742528246 0.0915839060991443
0.216606550933888 -0.0247019936271307 -0.146380814222803 0.102485196441207
0.164201973163721 -0.0374613878848477 0.109414240242154 0.28006080796193
0.122801544028176 -0.241075640817254 0.22300882113938 -0.0841741340192919
-0.150454650532836 -0.242747258774921 0.0052027592645381 -0.109622689958226
-0.203237894619507 -0.0663714766622902 -0.038523217616716 -0.0425160401837596
-0.13294443348385 -0.0238696852413961 -0.0461057730810345 0.039789993566108
-0.0994249441549684 -0.0631157656657641 -0.0234600769209123 0.100346380917462
-0.0713626541119256 -0.0898365117881367 -0.060388097175403 0.124189153317552
-0.041347966245551 -0.106310281807606 -0.110059009242257 0.0683164516383663
0.00680792196277652 -0.182831856559811 -0.108709777414684 -0.00663477635977195
0.250929976083818 -0.132004453725876 -0.0732043671921117 -0.152417317408904
0.204641266241807 0.175060223538111 0.169830099693317 -0.164001810866265
0.138112630703615 0.206142772433082 0.371655619533834 0.124722198368105
0.0795605892952533 0.314692513357634 0.143109924461567 0.411509789545908
0.258845141101596 0.316358189953219 -0.0253540692424382 -0.00494760775810894
0.31431516585353 0.0623257395318288 -0.211700014641371 0.0445609835239462
0.229518093012034 -0.0723408842878731 -0.00252089563127276 0.284143240918291
0.121452625024342 -0.251650281722092 0.234123712135644 -0.00684382724103633
-0.145629303599207 -0.213150357142214 0.0228402517911072 -0.14660692130812
-0.15060069138504 -0.0559425167364482 -0.0770995611286461 -0.0748790642167899
-0.089445956947077 -0.0521210483369924 -0.0924427093320283 0.0161658926605912
-0.077137559952926 -0.0915186203243374 -0.0665683910411602 0.0648209103889175
-0.05835314692249 -0.109077347428743 -0.0815233547343397 0.0811964445631196
-0.0359034300894661 -0.113256239156908 -0.105539498995562 0.0431759488947878
-0.00125533940650286 -0.189018897169929 -0.0968170016439966 0.00135436233207298
0.228283919882872 -0.158647042776291 -0.127946851908154 -0.0924862773881892
0.247300707297025 0.0861324631975097 0.0280397142672226 -0.241307960782479
0.21248124651008 0.192134023137011 0.390912808877478 -0.0363020237917365
0.196899296438395 0.341692204341059 0.115148407832257 0.296144824597488
0.23202070014853 0.397505423099576 -0.0833093854807548 -0.131258477339564
0.332818255446404 0.148448118762344 -0.225684636255073 -0.0574925013775427
0.242853955173487 -0.0674089100815825 -0.139514568071272 0.220954764681562
0.109646310648979 -0.207460360570775 0.18468883800335 0.0778974526149888
-0.109108988806172 -0.140924752465237 0.0419754642458862 -0.133355796699571
-0.0662217013455804 -0.0329682313005807 -0.074890695914798 -0.0925837661544722
-0.0298385090673725 -0.07296264697815 -0.10783215487989 -0.0184977614030978
-0.0428336983160019 -0.104868543060316 -0.10143705422968 0.019599340050291
-0.0381879560080382 -0.10704820799146 -0.102476883193134 0.0350997217187017
-0.0322370654700282 -0.0943740808131853 -0.109862772787107 0.0123127554251553
-0.0206681330237697 -0.155537261958179 -0.0820846001120519 -0.0194932888585628
0.140156116309736 -0.150174767936747 -0.120046873881959 -0.030910428436763
0.220171524340637 -0.0426859427613877 -0.0995754866337051 -0.243171260172438
0.256203751241503 0.120081310264124 0.341074817458401 -0.132119322654653
0.296043893028352 0.30923284575042 0.0293902678106767 0.170650087716131
0.199350061622276 0.389036263311425 -0.0906527215604768 -0.265284335252776
0.296629498405663 0.135727368995125 -0.177114137113923 -0.189228085023386
0.1644891006091 -0.0631754525058543 -0.250763783277777 0.092859305827033
0.0623070342025971 -0.121691587304388 0.0799638022583175 0.132707288654895
-0.0597672062005641 -0.0416175560904988 0.0496048636979331 -0.0724659173571518
0.0184387110996377 -0.00624124039845577 -0.0379048848270323 -0.091007427660463
0.0282977574780532 -0.080117929238085 -0.0944525673150701 -0.0618330973695821
-0.00134325902336763 -0.104439365564322 -0.11954026269966 -0.0300414614626987
-0.00650805845207282 -0.087464997029066 -0.119148672423012 -0.00222794649115866
-0.0106601843490844 -0.055875875412745 -0.126365801252909 -0.00974677687506794
-0.0241692017949111 -0.0741483338881892 -0.0816942155679368 -0.0574944985240433
0.0179509015521121 -0.0963797611230152 -0.0801628600594894 0.00808341397021587
0.140453024308326 -0.135465270277392 -0.167053528135452 -0.205404770500379
0.234122628822442 0.015096692164706 0.250945778485541 -0.134866040239361
0.342643810742622 0.24553751528329 -0.0952818304822824 0.0599496995145681
0.182132950509629 0.280143606518696 -0.0642414368346006 -0.384473042931326
0.194746865472435 0.0254040239101294 -0.109606100706123 -0.318233233797624
0.0482682872892858 -0.0496814610461894 -0.313956551441537 -0.0365178122251982
-0.00496855431042714 -0.039855557961298 -0.0331409920701934 0.1526406909079
-0.0157786307214033 0.0462974900211204 0.0492545367597961 0.00137873646102951
0.076303174643523 0.0156195483239392 0.0184103697028893 -0.0827746268571071
0.0674136905274513 -0.0693478771210487 -0.0614639585715539 -0.103005464145455
0.0389082509262333 -0.0862920780229129 -0.118931179439237 -0.0731251214930432
0.0384704231380598 -0.0634627147643834 -0.123951129168144 -0.0272267090955161
0.0395936639452651 -0.014812336113215 -0.140200053777067 -0.0162770159433356
0.00220547311410457 0.0295593645866139 -0.0877648506401579 -0.0837195750503981
-0.0787420764175047 -0.0170289820765253 -0.0533304532585186 0.0288430920074562
0.0415437638169046 -0.145785548776711 -0.171582207490297 -0.174187467509534
0.169871138634772 -0.0818101912230821 0.144249580345377 -0.0789478647372287
0.315521718773682 0.17832296893891 -0.216004484656999 -0.0280895123310802
-0.196916204770788 -0.14159375701857 0.244688211010998 0.122326607229432
-0.119889818361154 0.122327373241338 -0.0425687170819474 0.0435804720041916
0.0553369257443276 0.116781961728449 0.141551688933244 0.167933124912229
0.104053962940074 -0.0608549090727606 0.0609594980468369 -0.053639427023406
-0.0393772561262051 -0.11983601281183 0.0595109370811822 0.0759890746071291
-0.107628491371322 -0.0228904050921191 0.123471053599306 0.0312412194036876
-0.0855776821751517 0.0488393812260599 0.107673294591246 0.0409626691034009
-0.0715226373287649 0.0575534241942001 0.098288480024877 0.0972867514602793
-0.0919182333286596 0.0321115470656321 0.0311734522089789 0.137748202436309
-0.101470147043397 -0.0313494139380777 -0.0624137112079166 0.0845964724876543
-0.0176235613030396 -0.110408605391928 -0.0681001331686492 -0.0379347075624347
0.0935723130090291 -0.0186822254824404 0.0896207539951104 -0.167925372852531
0.0107596272712267 0.065788844244323 0.369416869671559 0.0609878264973008
-0.0740850915029144 0.0845280573457599 0.131906213775782 0.41732341587883
-0.175916556870947 -0.116118591741524 0.0878360155479722 0.49472660044729
-0.0407481141976304 -0.0715318299798878 0.24463092694158 0.153375267454305
-0.0650784546433823 0.0711562970610257 -0.0153362796060612 0.0738661945647697
0.118481899905833 0.100483244986043 0.165119744184018 0.173356117546647
0.130275312020213 -0.145272326133182 0.0975838495173239 -0.0953114714953166
-0.0904114558213353 -0.195444895154613 0.0322472954419261 0.0352473817672065
-0.172496700379459 -0.0467356757217301 0.0858167274465437 0.0158828533616844
-0.125021972143051 0.0272582037766208 0.0692527068472949 0.0479841981573118
-0.096186663134607 0.0177301029789874 0.0658488011327249 0.117643627977682
-0.092708446227437 -0.00999240712049651 -0.00726595567578321 0.15540462780831
-0.0864964816515553 -0.0532830988131572 -0.0969074237731891 0.0826311964987563
-0.0204269875704567 -0.136865447593107 -0.0875330872267932 -0.0475040169139703
0.161571667306718 -0.0588077389880726 0.0825187918719622 -0.175414378574229
0.0471989235301446 0.122428848303612 0.334672920675118 0.035343140584886
0.027941493474667 0.133758971356873 0.201913127965685 0.400705443074904
-0.1173968159253 0.0742177925822935 0.0941914045934649 0.522842704467498
0.124352461374923 0.0370381650331586 0.178630632144784 0.145584113336323
0.058695984497217 -0.0180702705910201 -0.0667615051488393 0.108146853692142
0.126427147682378 0.0458086383424466 0.169724896163604 0.229642604651449
0.133722725728674 -0.202114717343812 0.166162903468142 -0.117265220709084
-0.130198478927104 -0.237619878325376 0.00686751984866822 -0.0376165868833421
-0.210862766713665 -0.060967960744428 0.0242532679766757 -0.00868233734771324
-0.14515022283158 0.00344931488011656 0.0132767455945829 0.0486928692916205
-0.106005218593336 -0.0248176591316091 0.0238482007845906 0.118076584051721
-0.0832715303221023 -0.0535437926411606 -0.0366979862206013 0.151707191500624
-0.0606507672652922 -0.0807860477838964 -0.11050651099692 0.0794109289227452
-0.00481473305599237 -0.157819566883545 -0.104615715964231 -0.0309811596527405
0.218016038528159 -0.0956712540260652 0.0164795418770892 -0.177973032360749
0.120063236395695 0.181500251753265 0.271809998440775 -0.0490075668492369
0.0790670832128579 0.173771849013838 0.296509354093648 0.28886973938258
-0.0315089477600857 0.224790985457291 0.122333053241784 0.491692436968362
0.233524826641666 0.179020570601221 0.0742831401423958 0.0925972420837563
0.216578477929243 -0.0236740769751223 -0.146146855070483 0.101529836330242
0.165148082571974 -0.0375874629137386 0.110124514851705 0.278685396750821
0.122088206439752 -0.240910530826395 0.2225125812573 -0.0833599510035759
-0.150907301091031 -0.243984357556372 0.00541072566865811 -0.109627997244661
-0.203518303759706 -0.0656204428819608 -0.0392512722634818 -0.0414084232434359
-0.132413965254842 -0.02364322299734 -0.0465219424710316 0.0393617762656589
-0.0999753242544927 -0.0625247836915815 -0.0225334890369027 0.099833460613287
-0.0715637192321513 -0.0889702964240708 -0.0612268724983003 0.124635732473477
-0.0416771635245024 -0.105951413913418 -0.110645072867392 0.0685074044819522
0.00586123905631372 -0.182659378083147 -0.107813995707091 -0.00733949777219176
0.249896823438792 -0.132152178638254 -0.0727305043485679 -0.151983466300409
0.204068360542195 0.174694632749966 0.169903380060965 -0.16272708774197
0.138239402362076 0.20692586685124 0.371748550984273 0.124788445932955
0.0789266301870776 0.315574290721588 0.139798783683221 0.410481324602391
0.259613564301999 0.317966157194799 -0.025627151806476 -0.00440689727381137
0.314106453433446 0.0628196934089474 -0.211541462016203 0.0455773928726673
0.230362506903855 -0.072976454102215 -0.00261629403005332 0.282547089070397
0.121772224794647 -0.251666341363764 0.23388202624998 -0.0072198662424356
-0.146014449096249 -0.212285071900384 0.0227860827208642 -0.146373309316539
-0.149550173299843 -0.055354523910598 -0.0763720109474132 -0.0749231941485588
-0.0900057687984615 -0.051973107425884 -0.091772931797062 0.0163605931331703
-0.0771893347699191 -0.0906297855783509 -0.066879270935252 0.0646655736169328
-0.0586039238557059 -0.107814912443333 -0.0820541022355875 0.0811346152022959
-0.0357110018943855 -0.113217020911362 -0.106010006333691 0.0432916818715389
-0.00229517359869665 -0.18902147475618 -0.0963182620137795 0.000623993544473479
0.227730365524642 -0.158998456399835 -0.126891771019557 -0.092861081582037
0.248343677672032 0.0860340452470081 0.0288614469995853 -0.240743319698202
0.211859807729785 0.192447525218027 0.389613916270386 -0.0349685324965196
0.197427720102188 0.341087978437801 0.113867487706051 0.295376427625681
0.230600708712278 0.397980912686755 -0.083184197521292 -0.131079002682062
0.331707103030835 0.14882037879371 -0.224547093070823 -0.0581929948167309
0.243655985356099 -0.0672904465704368 -0.138635949581981 0.219942532594184
0.109982089363854 -0.208696067768274 0.18463770162584 0.078446928056516
-0.10924007114801 -0.140859902899476 0.0414285446892061 -0.132282298903468
-0.0663762763645883 -0.0328128328775343 -0.0748270073731094 -0.0927847141806018
-0.0298202741026832 -0.0733832787153809 -0.107908712176332 -0.0182961500312093
-0.0428668265005889 -0.105216816862854 -0.101608982732239 0.0193606397635277
-0.03813930116881 -0.106453306583065 -0.101906324162745 0.0352070937847625
-0.0319029221081005 -0.0938097396686435 -0.110189434467285 0.0123926657429869
-0.0206408321219542 -0.155539524524495 -0.082085524148097 -0.0195045584211458
0.139859156841673 -0.15079884407562 -0.120065983408524 -0.0314672927074006
0.219957930426115 -0.0423074619804684 -0.098780902024358 -0.243190031863843
0.256834659271307 0.118986866756875 0.340212846208185 -0.132044168957143
0.293963303953804 0.312323780714163 0.0292817322638047 0.170160289684461
0.198068336848881 0.389139616727093 -0.0899881440417218 -0.264669957617409
0.295427997808647 0.135678674292102 -0.175846495396414 -0.18899893355057
0.164078773614588 -0.0622243183758919 -0.250693954313487 0.0916157225313451
0.0617836637376648 -0.12143960737895 0.0803079481501705 0.13263655778767
-0.0601681017528918 -0.0420052155118375 0.0490978567258344 -0.0717385207774112
0.018987991503334 -0.00676551445289038 -0.0368908087778737 -0.0908811763311633
0.0274988784885101 -0.079409495883543 -0.0939254113537252 -0.0614922911572968
-0.00145360989932705 -0.103844673304832 -0.119989975877999 -0.0289159980932874
-0.00628403675205963 -0.0873023886939969 -0.119417037088188 -0.00198801451083845
-0.0108335448373638 -0.0558314777327065 -0.126236425532221 -0.0105050062114933
-0.0246755100784546 -0.0737248917634675 -0.0809605751992897 -0.0574652580382064
0.0179306250602212 -0.0969598796192017 -0.0789922253867499 0.00844748022783147
0.140256841172766 -0.134846604897794 -0.166791855095306 -0.205395689711138
0.234519760563519 0.0152758624004588 0.250160311588693 -0.135200990658176
0.342220114439767 0.246682222411311 -0.0957893127235032 0.0595672859009978
0.18204138804177 0.27962971070887 -0.0629762274180297 -0.383191821213955
0.194209918051597 0.0261641806882269 -0.109693165770485 -0.318006559973442
0.0475402297919256 -0.0498202638688173 -0.315259465665871 -0.0370215650557493
-0.00476545590736378 -0.0399504882486833 -0.0332123620552665 0.152707504278945
-0.0162967269476156 0.0462989798674284 0.0489164146145347 0.000990117300851544
0.0761369283786034 0.0148623608185589 0.0182967786520904 -0.0833212468003093
0.0666471977438026 -0.0694634177619781 -0.0613869750698191 -0.102490672248728
0.0392981640527259 -0.0875370646116948 -0.119421304415907 -0.0720761465548552
0.0392539104959853 -0.0640921422515039 -0.124291142284843 -0.0262565324364298
0.0398202611339947 -0.0151887687045951 -0.140960252383716 -0.0153172500408024
0.00195199628481741 0.0303557933688707 -0.0879828169065722 -0.0839898494540032
-0.0785977289117212 -0.0171754870342918 -0.0534276366297525 0.0284801484972503
0.0409753055658377 -0.145334173729512 -0.171135399702311 -0.173562585508804
0.17075005175719 -0.0816109939234198 0.144384742035762 -0.0791426280108933
0.314888824846985 0.179110709893735 -0.215585119135871 -0.0272623657972046
